<?xml version="1.0" encoding="UTF-8"?>
<testsuite xmlns:xsi="http://www.w3.org/2001/XMLSchema-instance" xsi:noNamespaceSchemaLocation="https://maven.apache.org/surefire/maven-surefire-plugin/xsd/surefire-test-report.xsd" name="org.apache.hadoop.ozone.client.rpc.TestOzoneClientRetriesOnException" time="343.545" tests="2" errors="2" skipped="0" failures="0">
  <properties>
    <property name="awt.toolkit" value="sun.awt.X11.XToolkit"/>
    <property name="file.encoding.pkg" value="sun.io"/>
    <property name="java.specification.version" value="1.8"/>
    <property name="sun.cpu.isalist" value=""/>
    <property name="sun.jnu.encoding" value="UTF-8"/>
    <property name="java.class.path" value="/workdir/hadoop-ozone/integration-test/target/test-classes:/workdir/hadoop-ozone/integration-test/target/classes:/home/user/.m2/repository/org/apache/hadoop/hadoop-ozone-common/0.5.0-SNAPSHOT/hadoop-ozone-common-0.5.0-SNAPSHOT.jar:/home/user/.m2/repository/org/apache/commons/commons-compress/1.4.1/commons-compress-1.4.1.jar:/home/user/.m2/repository/org/tukaani/xz/1.0/xz-1.0.jar:/home/user/.m2/repository/org/apache/hadoop/hadoop-common/3.2.0/hadoop-common-3.2.0.jar:/home/user/.m2/repository/org/apache/hadoop/hadoop-hdfs/3.2.0/hadoop-hdfs-3.2.0.jar:/home/user/.m2/repository/org/apache/hadoop/hadoop-hdfs-client/3.2.0/hadoop-hdfs-client-3.2.0.jar:/home/user/.m2/repository/com/fasterxml/jackson/core/jackson-annotations/2.9.9/jackson-annotations-2.9.9.jar:/home/user/.m2/repository/org/apache/hadoop/hadoop-hdds-common/0.5.0-SNAPSHOT/hadoop-hdds-common-0.5.0-SNAPSHOT.jar:/home/user/.m2/repository/javax/annotation/javax.annotation-api/1.2/javax.annotation-api-1.2.jar:/home/user/.m2/repository/org/apache/ratis/ratis-server/0.5.0-201fc85-SNAPSHOT/ratis-server-0.5.0-201fc85-SNAPSHOT.jar:/home/user/.m2/repository/org/apache/ratis/ratis-thirdparty-misc/0.2.0/ratis-thirdparty-misc-0.2.0.jar:/home/user/.m2/repository/org/apache/ratis/ratis-proto/0.5.0-201fc85-SNAPSHOT/ratis-proto-0.5.0-201fc85-SNAPSHOT.jar:/home/user/.m2/repository/org/apache/ratis/ratis-common/0.5.0-201fc85-SNAPSHOT/ratis-common-0.5.0-201fc85-SNAPSHOT.jar:/home/user/.m2/repository/org/apache/ratis/ratis-client/0.5.0-201fc85-SNAPSHOT/ratis-client-0.5.0-201fc85-SNAPSHOT.jar:/home/user/.m2/repository/org/apache/ratis/ratis-metrics/0.5.0-201fc85-SNAPSHOT/ratis-metrics-0.5.0-201fc85-SNAPSHOT.jar:/home/user/.m2/repository/com/github/joshelser/dropwizard-metrics-hadoop-metrics2-reporter/0.1.2/dropwizard-metrics-hadoop-metrics2-reporter-0.1.2.jar:/home/user/.m2/repository/io/dropwizard/metrics/metrics-jvm/3.2.5/metrics-jvm-3.2.5.jar:/home/user/.m2/repository/io/dropwizard/metrics/metrics-ganglia/3.2.5/metrics-ganglia-3.2.5.jar:/home/user/.m2/repository/info/ganglia/gmetric4j/gmetric4j/1.0.7/gmetric4j-1.0.7.jar:/home/user/.m2/repository/org/apache/ratis/ratis-netty/0.5.0-201fc85-SNAPSHOT/ratis-netty-0.5.0-201fc85-SNAPSHOT.jar:/home/user/.m2/repository/org/apache/ratis/ratis-grpc/0.5.0-201fc85-SNAPSHOT/ratis-grpc-0.5.0-201fc85-SNAPSHOT.jar:/home/user/.m2/repository/org/rocksdb/rocksdbjni/6.0.1/rocksdbjni-6.0.1.jar:/home/user/.m2/repository/org/apache/logging/log4j/log4j-api/2.11.0/log4j-api-2.11.0.jar:/home/user/.m2/repository/org/apache/logging/log4j/log4j-core/2.11.0/log4j-core-2.11.0.jar:/home/user/.m2/repository/com/lmax/disruptor/3.4.2/disruptor-3.4.2.jar:/home/user/.m2/repository/org/apache/commons/commons-pool2/2.6.0/commons-pool2-2.6.0.jar:/home/user/.m2/repository/org/bouncycastle/bcpkix-jdk15on/1.60/bcpkix-jdk15on-1.60.jar:/home/user/.m2/repository/commons-validator/commons-validator/1.6/commons-validator-1.6.jar:/home/user/.m2/repository/commons-digester/commons-digester/1.8.1/commons-digester-1.8.1.jar:/home/user/.m2/repository/io/jaegertracing/jaeger-client/0.34.0/jaeger-client-0.34.0.jar:/home/user/.m2/repository/io/jaegertracing/jaeger-thrift/0.34.0/jaeger-thrift-0.34.0.jar:/home/user/.m2/repository/org/apache/thrift/libthrift/0.12.0/libthrift-0.12.0.jar:/home/user/.m2/repository/com/squareup/okhttp3/okhttp/3.9.0/okhttp-3.9.0.jar:/home/user/.m2/repository/com/squareup/okio/okio/1.13.0/okio-1.13.0.jar:/home/user/.m2/repository/io/jaegertracing/jaeger-core/0.34.0/jaeger-core-0.34.0.jar:/home/user/.m2/repository/io/jaegertracing/jaeger-tracerresolver/0.34.0/jaeger-tracerresolver-0.34.0.jar:/home/user/.m2/repository/io/opentracing/contrib/opentracing-tracerresolver/0.1.5/opentracing-tracerresolver-0.1.5.jar:/home/user/.m2/repository/io/opentracing/opentracing-util/0.31.0/opentracing-util-0.31.0.jar:/home/user/.m2/repository/io/opentracing/opentracing-api/0.31.0/opentracing-api-0.31.0.jar:/home/user/.m2/repository/io/opentracing/opentracing-noop/0.31.0/opentracing-noop-0.31.0.jar:/home/user/.m2/repository/org/apache/hadoop/hadoop-hdds-server-framework/0.5.0-SNAPSHOT/hadoop-hdds-server-framework-0.5.0-SNAPSHOT.jar:/home/user/.m2/repository/org/apache/hadoop/hadoop-hdds-container-service/0.5.0-SNAPSHOT/hadoop-hdds-container-service-0.5.0-SNAPSHOT.jar:/home/user/.m2/repository/org/apache/hadoop/hadoop-hdds-client/0.5.0-SNAPSHOT/hadoop-hdds-client-0.5.0-SNAPSHOT.jar:/home/user/.m2/repository/org/apache/hadoop/hadoop-hdds-tools/0.5.0-SNAPSHOT/hadoop-hdds-tools-0.5.0-SNAPSHOT.jar:/home/user/.m2/repository/org/apache/hadoop/hadoop-hdds-server-scm/0.5.0-SNAPSHOT/hadoop-hdds-server-scm-0.5.0-SNAPSHOT.jar:/home/user/.m2/repository/org/apache/hadoop/hadoop-hdds-docs/0.5.0-SNAPSHOT/hadoop-hdds-docs-0.5.0-SNAPSHOT.jar:/home/user/.m2/repository/io/dropwizard/metrics/metrics-core/3.2.4/metrics-core-3.2.4.jar:/home/user/.m2/repository/org/hamcrest/hamcrest-all/1.3/hamcrest-all-1.3.jar:/home/user/.m2/repository/org/bouncycastle/bcprov-jdk15on/1.60/bcprov-jdk15on-1.60.jar:/home/user/.m2/repository/info/picocli/picocli/3.9.6/picocli-3.9.6.jar:/home/user/.m2/repository/com/google/protobuf/protobuf-java/2.5.0/protobuf-java-2.5.0.jar:/home/user/.m2/repository/com/google/guava/guava/11.0.2/guava-11.0.2.jar:/home/user/.m2/repository/org/apache/hadoop/hadoop-ozone-ozone-manager/0.5.0-SNAPSHOT/hadoop-ozone-ozone-manager-0.5.0-SNAPSHOT.jar:/home/user/.m2/repository/org/apache/hadoop/hadoop-minikdc/3.2.0/hadoop-minikdc-3.2.0.jar:/home/user/.m2/repository/commons-io/commons-io/2.5/commons-io-2.5.jar:/home/user/.m2/repository/org/apache/kerby/kerb-simplekdc/1.0.1/kerb-simplekdc-1.0.1.jar:/home/user/.m2/repository/org/apache/kerby/kerb-client/1.0.1/kerb-client-1.0.1.jar:/home/user/.m2/repository/org/apache/kerby/kerby-config/1.0.1/kerby-config-1.0.1.jar:/home/user/.m2/repository/org/apache/kerby/kerb-core/1.0.1/kerb-core-1.0.1.jar:/home/user/.m2/repository/org/apache/kerby/kerby-pkix/1.0.1/kerby-pkix-1.0.1.jar:/home/user/.m2/repository/org/apache/kerby/kerby-asn1/1.0.1/kerby-asn1-1.0.1.jar:/home/user/.m2/repository/org/apache/kerby/kerby-util/1.0.1/kerby-util-1.0.1.jar:/home/user/.m2/repository/org/apache/kerby/kerb-common/1.0.1/kerb-common-1.0.1.jar:/home/user/.m2/repository/org/apache/kerby/kerb-crypto/1.0.1/kerb-crypto-1.0.1.jar:/home/user/.m2/repository/org/apache/kerby/kerb-util/1.0.1/kerb-util-1.0.1.jar:/home/user/.m2/repository/org/apache/kerby/token-provider/1.0.1/token-provider-1.0.1.jar:/home/user/.m2/repository/org/apache/kerby/kerb-admin/1.0.1/kerb-admin-1.0.1.jar:/home/user/.m2/repository/org/apache/kerby/kerb-server/1.0.1/kerb-server-1.0.1.jar:/home/user/.m2/repository/org/apache/kerby/kerb-identity/1.0.1/kerb-identity-1.0.1.jar:/home/user/.m2/repository/org/apache/kerby/kerby-xdr/1.0.1/kerby-xdr-1.0.1.jar:/home/user/.m2/repository/org/slf4j/slf4j-log4j12/1.7.25/slf4j-log4j12-1.7.25.jar:/home/user/.m2/repository/org/apache/hadoop/hadoop-ozone-s3gateway/0.5.0-SNAPSHOT/hadoop-ozone-s3gateway-0.5.0-SNAPSHOT.jar:/home/user/.m2/repository/org/jboss/weld/servlet/weld-servlet/2.4.7.Final/weld-servlet-2.4.7.Final.jar:/home/user/.m2/repository/org/glassfish/jersey/containers/jersey-container-servlet-core/2.27/jersey-container-servlet-core-2.27.jar:/home/user/.m2/repository/org/glassfish/hk2/external/javax.inject/2.5.0-b42/javax.inject-2.5.0-b42.jar:/home/user/.m2/repository/org/glassfish/jersey/core/jersey-common/2.27/jersey-common-2.27.jar:/home/user/.m2/repository/org/glassfish/hk2/osgi-resource-locator/1.0.1/osgi-resource-locator-1.0.1.jar:/home/user/.m2/repository/javax/ws/rs/javax.ws.rs-api/2.1/javax.ws.rs-api-2.1.jar:/home/user/.m2/repository/org/glassfish/jersey/ext/cdi/jersey-cdi1x/2.27/jersey-cdi1x-2.27.jar:/home/user/.m2/repository/org/glassfish/jersey/inject/jersey-hk2/2.27/jersey-hk2-2.27.jar:/home/user/.m2/repository/org/glassfish/hk2/hk2-locator/2.5.0-b42/hk2-locator-2.5.0-b42.jar:/home/user/.m2/repository/org/javassist/javassist/3.22.0-CR2/javassist-3.22.0-CR2.jar:/home/user/.m2/repository/org/glassfish/hk2/hk2-api/2.5.0/hk2-api-2.5.0.jar:/home/user/.m2/repository/org/glassfish/hk2/external/jakarta.inject/2.5.0/jakarta.inject-2.5.0.jar:/home/user/.m2/repository/org/glassfish/hk2/hk2-utils/2.5.0/hk2-utils-2.5.0.jar:/home/user/.m2/repository/jakarta/annotation/jakarta.annotation-api/1.3.4/jakarta.annotation-api-1.3.4.jar:/home/user/.m2/repository/org/glassfish/hk2/external/aopalliance-repackaged/2.5.0/aopalliance-repackaged-2.5.0.jar:/home/user/.m2/repository/com/fasterxml/jackson/dataformat/jackson-dataformat-xml/2.9.0/jackson-dataformat-xml-2.9.0.jar:/home/user/.m2/repository/com/fasterxml/jackson/core/jackson-core/2.9.9/jackson-core-2.9.9.jar:/home/user/.m2/repository/com/fasterxml/jackson/module/jackson-module-jaxb-annotations/2.9.9/jackson-module-jaxb-annotations-2.9.9.jar:/home/user/.m2/repository/javax/enterprise/cdi-api/1.2/cdi-api-1.2.jar:/home/user/.m2/repository/javax/el/javax.el-api/3.0.0/javax.el-api-3.0.0.jar:/home/user/.m2/repository/javax/interceptor/javax.interceptor-api/1.2/javax.interceptor-api-1.2.jar:/home/user/.m2/repository/javax/inject/javax.inject/1/javax.inject-1.jar:/home/user/.m2/repository/com/sun/xml/bind/jaxb-impl/2.3.0.1/jaxb-impl-2.3.0.1.jar:/home/user/.m2/repository/com/sun/xml/bind/jaxb-core/2.3.0.1/jaxb-core-2.3.0.1.jar:/home/user/.m2/repository/javax/xml/bind/jaxb-api/2.3.0/jaxb-api-2.3.0.jar:/home/user/.m2/repository/javax/activation/activation/1.1.1/activation-1.1.1.jar:/home/user/.m2/repository/org/apache/hadoop/hadoop-ozone-csi/0.5.0-SNAPSHOT/hadoop-ozone-csi-0.5.0-SNAPSHOT.jar:/home/user/.m2/repository/com/google/protobuf/protobuf-java-util/3.5.1/protobuf-java-util-3.5.1.jar:/home/user/.m2/repository/org/apache/hadoop/hadoop-hdds-config/0.5.0-SNAPSHOT/hadoop-hdds-config-0.5.0-SNAPSHOT.jar:/home/user/.m2/repository/io/grpc/grpc-netty/1.17.1/grpc-netty-1.17.1.jar:/home/user/.m2/repository/io/grpc/grpc-core/1.17.1/grpc-core-1.17.1.jar:/home/user/.m2/repository/io/grpc/grpc-context/1.17.1/grpc-context-1.17.1.jar:/home/user/.m2/repository/com/google/errorprone/error_prone_annotations/2.2.0/error_prone_annotations-2.2.0.jar:/home/user/.m2/repository/org/codehaus/mojo/animal-sniffer-annotations/1.17/animal-sniffer-annotations-1.17.jar:/home/user/.m2/repository/io/opencensus/opencensus-api/0.17.0/opencensus-api-0.17.0.jar:/home/user/.m2/repository/io/opencensus/opencensus-contrib-grpc-metrics/0.17.0/opencensus-contrib-grpc-metrics-0.17.0.jar:/home/user/.m2/repository/io/netty/netty-codec-http2/4.1.30.Final/netty-codec-http2-4.1.30.Final.jar:/home/user/.m2/repository/io/netty/netty-codec-http/4.1.30.Final/netty-codec-http-4.1.30.Final.jar:/home/user/.m2/repository/io/netty/netty-codec/4.1.30.Final/netty-codec-4.1.30.Final.jar:/home/user/.m2/repository/io/netty/netty-handler/4.1.30.Final/netty-handler-4.1.30.Final.jar:/home/user/.m2/repository/io/netty/netty-handler-proxy/4.1.30.Final/netty-handler-proxy-4.1.30.Final.jar:/home/user/.m2/repository/io/netty/netty-codec-socks/4.1.30.Final/netty-codec-socks-4.1.30.Final.jar:/home/user/.m2/repository/io/netty/netty-transport-native-epoll/4.1.30.Final/netty-transport-native-epoll-4.1.30.Final.jar:/home/user/.m2/repository/io/netty/netty-common/4.1.30.Final/netty-common-4.1.30.Final.jar:/home/user/.m2/repository/io/netty/netty-buffer/4.1.30.Final/netty-buffer-4.1.30.Final.jar:/home/user/.m2/repository/io/netty/netty-transport/4.1.30.Final/netty-transport-4.1.30.Final.jar:/home/user/.m2/repository/io/netty/netty-resolver/4.1.30.Final/netty-resolver-4.1.30.Final.jar:/home/user/.m2/repository/io/netty/netty-transport-native-unix-common/4.1.30.Final/netty-transport-native-unix-common-4.1.30.Final.jar:/home/user/.m2/repository/io/grpc/grpc-protobuf/1.17.1/grpc-protobuf-1.17.1.jar:/home/user/.m2/repository/com/google/api/grpc/proto-google-common-protos/1.0.0/proto-google-common-protos-1.0.0.jar:/home/user/.m2/repository/io/grpc/grpc-protobuf-lite/1.17.1/grpc-protobuf-lite-1.17.1.jar:/home/user/.m2/repository/io/grpc/grpc-stub/1.17.1/grpc-stub-1.17.1.jar:/home/user/.m2/repository/org/apache/hadoop/hadoop-ozone-recon/0.5.0-SNAPSHOT/hadoop-ozone-recon-0.5.0-SNAPSHOT.jar:/home/user/.m2/repository/org/apache/hadoop/hadoop-ozone-reconcodegen/0.5.0-SNAPSHOT/hadoop-ozone-reconcodegen-0.5.0-SNAPSHOT.jar:/home/user/.m2/repository/com/google/inject/extensions/guice-multibindings/4.0/guice-multibindings-4.0.jar:/home/user/.m2/repository/com/google/inject/guice/4.0/guice-4.0.jar:/home/user/.m2/repository/aopalliance/aopalliance/1.0/aopalliance-1.0.jar:/home/user/.m2/repository/com/google/inject/extensions/guice-servlet/4.0/guice-servlet-4.0.jar:/home/user/.m2/repository/org/glassfish/jersey/containers/jersey-container-servlet/2.27/jersey-container-servlet-2.27.jar:/home/user/.m2/repository/org/glassfish/hk2/guice-bridge/2.5.0/guice-bridge-2.5.0.jar:/home/user/.m2/repository/org/glassfish/jersey/core/jersey-server/2.27/jersey-server-2.27.jar:/home/user/.m2/repository/org/glassfish/jersey/core/jersey-client/2.27/jersey-client-2.27.jar:/home/user/.m2/repository/org/glassfish/jersey/media/jersey-media-jaxb/2.27/jersey-media-jaxb-2.27.jar:/home/user/.m2/repository/javax/validation/validation-api/1.1.0.Final/validation-api-1.1.0.Final.jar:/home/user/.m2/repository/org/glassfish/jersey/media/jersey-media-json-jackson/2.27/jersey-media-json-jackson-2.27.jar:/home/user/.m2/repository/org/glassfish/jersey/ext/jersey-entity-filtering/2.27/jersey-entity-filtering-2.27.jar:/home/user/.m2/repository/com/google/inject/extensions/guice-assistedinject/4.0/guice-assistedinject-4.0.jar:/home/user/.m2/repository/org/jooq/jooq/3.11.10/jooq-3.11.10.jar:/home/user/.m2/repository/org/jooq/jooq-meta/3.11.10/jooq-meta-3.11.10.jar:/home/user/.m2/repository/org/jooq/jooq-codegen/3.11.10/jooq-codegen-3.11.10.jar:/home/user/.m2/repository/com/jolbox/bonecp/0.8.0.RELEASE/bonecp-0.8.0.RELEASE.jar:/home/user/.m2/repository/org/xerial/sqlite-jdbc/3.25.2/sqlite-jdbc-3.25.2.jar:/home/user/.m2/repository/org/springframework/spring-jdbc/5.1.3.RELEASE/spring-jdbc-5.1.3.RELEASE.jar:/home/user/.m2/repository/org/springframework/spring-beans/5.1.3.RELEASE/spring-beans-5.1.3.RELEASE.jar:/home/user/.m2/repository/org/springframework/spring-core/5.1.3.RELEASE/spring-core-5.1.3.RELEASE.jar:/home/user/.m2/repository/org/springframework/spring-jcl/5.1.3.RELEASE/spring-jcl-5.1.3.RELEASE.jar:/home/user/.m2/repository/org/springframework/spring-tx/5.1.3.RELEASE/spring-tx-5.1.3.RELEASE.jar:/home/user/.m2/repository/org/apache/hadoop/hadoop-ozone-client/0.5.0-SNAPSHOT/hadoop-ozone-client-0.5.0-SNAPSHOT.jar:/home/user/.m2/repository/commons-lang/commons-lang/2.6/commons-lang-2.6.jar:/home/user/.m2/repository/org/apache/hadoop/hadoop-ozone-ozone-manager/0.5.0-SNAPSHOT/hadoop-ozone-ozone-manager-0.5.0-SNAPSHOT-tests.jar:/home/user/.m2/repository/junit/junit/4.11/junit-4.11.jar:/home/user/.m2/repository/org/hamcrest/hamcrest-core/1.3/hamcrest-core-1.3.jar:/home/user/.m2/repository/org/openjdk/jmh/jmh-core/1.19/jmh-core-1.19.jar:/home/user/.m2/repository/net/sf/jopt-simple/jopt-simple/4.6/jopt-simple-4.6.jar:/home/user/.m2/repository/org/apache/commons/commons-math3/3.1.1/commons-math3-3.1.1.jar:/home/user/.m2/repository/org/openjdk/jmh/jmh-generator-annprocess/1.19/jmh-generator-annprocess-1.19.jar:/home/user/.m2/repository/org/mockito/mockito-all/1.8.5/mockito-all-1.8.5.jar:/home/user/.m2/repository/org/apache/hadoop/hadoop-kms/3.2.0/hadoop-kms-3.2.0.jar:/home/user/.m2/repository/org/apache/hadoop/hadoop-auth/3.2.0/hadoop-auth-3.2.0.jar:/home/user/.m2/repository/com/nimbusds/nimbus-jose-jwt/4.41.1/nimbus-jose-jwt-4.41.1.jar:/home/user/.m2/repository/com/github/stephenc/jcip/jcip-annotations/1.0-1/jcip-annotations-1.0-1.jar:/home/user/.m2/repository/net/minidev/json-smart/2.3/json-smart-2.3.jar:/home/user/.m2/repository/net/minidev/accessors-smart/1.2/accessors-smart-1.2.jar:/home/user/.m2/repository/org/ow2/asm/asm/5.0.4/asm-5.0.4.jar:/home/user/.m2/repository/org/apache/curator/curator-framework/2.12.0/curator-framework-2.12.0.jar:/home/user/.m2/repository/com/sun/jersey/jersey-core/1.19/jersey-core-1.19.jar:/home/user/.m2/repository/javax/ws/rs/jsr311-api/1.1.1/jsr311-api-1.1.1.jar:/home/user/.m2/repository/com/sun/jersey/jersey-server/1.19/jersey-server-1.19.jar:/home/user/.m2/repository/javax/servlet/javax.servlet-api/3.1.0/javax.servlet-api-3.1.0.jar:/home/user/.m2/repository/org/eclipse/jetty/jetty-server/9.3.25.v20180904/jetty-server-9.3.25.v20180904.jar:/home/user/.m2/repository/org/eclipse/jetty/jetty-http/9.3.25.v20180904/jetty-http-9.3.25.v20180904.jar:/home/user/.m2/repository/org/eclipse/jetty/jetty-io/9.3.25.v20180904/jetty-io-9.3.25.v20180904.jar:/home/user/.m2/repository/org/eclipse/jetty/jetty-webapp/9.3.25.v20180904/jetty-webapp-9.3.25.v20180904.jar:/home/user/.m2/repository/org/eclipse/jetty/jetty-xml/9.3.25.v20180904/jetty-xml-9.3.25.v20180904.jar:/home/user/.m2/repository/log4j/log4j/1.2.17/log4j-1.2.17.jar:/home/user/.m2/repository/org/slf4j/slf4j-api/1.7.25/slf4j-api-1.7.25.jar:/home/user/.m2/repository/org/slf4j/jul-to-slf4j/1.7.25/jul-to-slf4j-1.7.25.jar:/home/user/.m2/repository/org/eclipse/jetty/jetty-util/9.3.25.v20180904/jetty-util-9.3.25.v20180904.jar:/home/user/.m2/repository/com/fasterxml/jackson/core/jackson-databind/2.9.9/jackson-databind-2.9.9.jar:/home/user/.m2/repository/org/apache/hadoop/hadoop-kms/3.2.0/hadoop-kms-3.2.0-tests.jar:/home/user/.m2/repository/org/apache/hadoop/hadoop-hdds-server-scm/0.5.0-SNAPSHOT/hadoop-hdds-server-scm-0.5.0-SNAPSHOT-tests.jar:/home/user/.m2/repository/org/apache/hadoop/hadoop-hdds-container-service/0.5.0-SNAPSHOT/hadoop-hdds-container-service-0.5.0-SNAPSHOT-tests.jar:/home/user/.m2/repository/org/yaml/snakeyaml/1.16/snakeyaml-1.16.jar:/home/user/.m2/repository/org/apache/hadoop/hadoop-common/3.2.0/hadoop-common-3.2.0-tests.jar:/home/user/.m2/repository/org/apache/hadoop/hadoop-annotations/3.2.0/hadoop-annotations-3.2.0.jar:/usr/lib/jvm/java-1.8-openjdk/jre/../lib/tools.jar:/home/user/.m2/repository/commons-cli/commons-cli/1.2/commons-cli-1.2.jar:/home/user/.m2/repository/org/apache/httpcomponents/httpclient/4.5.2/httpclient-4.5.2.jar:/home/user/.m2/repository/org/apache/httpcomponents/httpcore/4.4.4/httpcore-4.4.4.jar:/home/user/.m2/repository/commons-codec/commons-codec/1.11/commons-codec-1.11.jar:/home/user/.m2/repository/commons-net/commons-net/3.6/commons-net-3.6.jar:/home/user/.m2/repository/commons-collections/commons-collections/3.2.2/commons-collections-3.2.2.jar:/home/user/.m2/repository/org/eclipse/jetty/jetty-servlet/9.3.25.v20180904/jetty-servlet-9.3.25.v20180904.jar:/home/user/.m2/repository/org/eclipse/jetty/jetty-security/9.3.25.v20180904/jetty-security-9.3.25.v20180904.jar:/home/user/.m2/repository/javax/servlet/jsp/jsp-api/2.1/jsp-api-2.1.jar:/home/user/.m2/repository/com/sun/jersey/jersey-servlet/1.19/jersey-servlet-1.19.jar:/home/user/.m2/repository/com/sun/jersey/jersey-json/1.19/jersey-json-1.19.jar:/home/user/.m2/repository/org/codehaus/jettison/jettison/1.1/jettison-1.1.jar:/home/user/.m2/repository/org/codehaus/jackson/jackson-core-asl/1.9.13/jackson-core-asl-1.9.13.jar:/home/user/.m2/repository/org/codehaus/jackson/jackson-mapper-asl/1.9.13/jackson-mapper-asl-1.9.13.jar:/home/user/.m2/repository/org/codehaus/jackson/jackson-jaxrs/1.9.13/jackson-jaxrs-1.9.13.jar:/home/user/.m2/repository/org/codehaus/jackson/jackson-xc/1.9.13/jackson-xc-1.9.13.jar:/home/user/.m2/repository/commons-logging/commons-logging/1.1.3/commons-logging-1.1.3.jar:/home/user/.m2/repository/commons-beanutils/commons-beanutils/1.9.4/commons-beanutils-1.9.4.jar:/home/user/.m2/repository/org/apache/commons/commons-configuration2/2.1.1/commons-configuration2-2.1.1.jar:/home/user/.m2/repository/org/apache/commons/commons-lang3/3.7/commons-lang3-3.7.jar:/home/user/.m2/repository/org/apache/commons/commons-text/1.4/commons-text-1.4.jar:/home/user/.m2/repository/org/apache/avro/avro/1.7.7/avro-1.7.7.jar:/home/user/.m2/repository/com/thoughtworks/paranamer/paranamer/2.3/paranamer-2.3.jar:/home/user/.m2/repository/org/xerial/snappy/snappy-java/1.0.5/snappy-java-1.0.5.jar:/home/user/.m2/repository/com/google/re2j/re2j/1.1/re2j-1.1.jar:/home/user/.m2/repository/com/google/code/gson/gson/2.2.4/gson-2.2.4.jar:/home/user/.m2/repository/com/jcraft/jsch/0.1.54/jsch-0.1.54.jar:/home/user/.m2/repository/org/apache/curator/curator-client/2.12.0/curator-client-2.12.0.jar:/home/user/.m2/repository/org/apache/curator/curator-recipes/2.12.0/curator-recipes-2.12.0.jar:/home/user/.m2/repository/com/google/code/findbugs/jsr305/3.0.0/jsr305-3.0.0.jar:/home/user/.m2/repository/org/apache/htrace/htrace-core4/4.1.0-incubating/htrace-core4-4.1.0-incubating.jar:/home/user/.m2/repository/org/apache/zookeeper/zookeeper/3.4.13/zookeeper-3.4.13.jar:/home/user/.m2/repository/jline/jline/0.9.94/jline-0.9.94.jar:/home/user/.m2/repository/org/apache/yetus/audience-annotations/0.5.0/audience-annotations-0.5.0.jar:/home/user/.m2/repository/org/codehaus/woodstox/stax2-api/3.1.4/stax2-api-3.1.4.jar:/home/user/.m2/repository/com/fasterxml/woodstox/woodstox-core/5.0.3/woodstox-core-5.0.3.jar:/home/user/.m2/repository/dnsjava/dnsjava/2.1.7/dnsjava-2.1.7.jar:/home/user/.m2/repository/org/apache/hadoop/hadoop-hdfs/3.2.0/hadoop-hdfs-3.2.0-tests.jar:/home/user/.m2/repository/org/eclipse/jetty/jetty-util-ajax/9.3.25.v20180904/jetty-util-ajax-9.3.25.v20180904.jar:/home/user/.m2/repository/commons-daemon/commons-daemon/1.0.13/commons-daemon-1.0.13.jar:/home/user/.m2/repository/io/netty/netty/3.10.5.Final/netty-3.10.5.Final.jar:/home/user/.m2/repository/io/netty/netty-all/4.0.52.Final/netty-all-4.0.52.Final.jar:/home/user/.m2/repository/org/fusesource/leveldbjni/leveldbjni-all/1.8/leveldbjni-all-1.8.jar:"/>
    <property name="java.vm.vendor" value="IcedTea"/>
    <property name="sun.arch.data.model" value="64"/>
    <property name="test.build.dir" value="/workdir/hadoop-ozone/integration-test/target/test-dir"/>
    <property name="test.cache.data" value=""/>
    <property name="java.vendor.url" value="https://icedtea.classpath.org"/>
    <property name="user.timezone" value=""/>
    <property name="java.vm.specification.version" value="1.8"/>
    <property name="os.name" value="Linux"/>
    <property name="test.build.data" value="/workdir/hadoop-ozone/integration-test/target/test-dir"/>
    <property name="user.country" value="US"/>
    <property name="sun.java.launcher" value="SUN_STANDARD"/>
    <property name="sun.boot.library.path" value="/usr/lib/jvm/java-1.8-openjdk/jre/lib/amd64"/>
    <property name="sun.java.command" value="/workdir/hadoop-ozone/integration-test/target/surefire/surefirebooter1504718615649042735.jar /workdir/hadoop-ozone/integration-test/target/surefire 2019-10-02T05-27-05_153-jvmRun1 surefire735501261843806051tmp surefire_251093569100961844573tmp"/>
    <property name="test" value="!TestMiniChaosOzoneCluster"/>
    <property name="surefire.test.class.path" value="/workdir/hadoop-ozone/integration-test/target/test-classes:/workdir/hadoop-ozone/integration-test/target/classes:/home/user/.m2/repository/org/apache/hadoop/hadoop-ozone-common/0.5.0-SNAPSHOT/hadoop-ozone-common-0.5.0-SNAPSHOT.jar:/home/user/.m2/repository/org/apache/commons/commons-compress/1.4.1/commons-compress-1.4.1.jar:/home/user/.m2/repository/org/tukaani/xz/1.0/xz-1.0.jar:/home/user/.m2/repository/org/apache/hadoop/hadoop-common/3.2.0/hadoop-common-3.2.0.jar:/home/user/.m2/repository/org/apache/hadoop/hadoop-hdfs/3.2.0/hadoop-hdfs-3.2.0.jar:/home/user/.m2/repository/org/apache/hadoop/hadoop-hdfs-client/3.2.0/hadoop-hdfs-client-3.2.0.jar:/home/user/.m2/repository/com/fasterxml/jackson/core/jackson-annotations/2.9.9/jackson-annotations-2.9.9.jar:/home/user/.m2/repository/org/apache/hadoop/hadoop-hdds-common/0.5.0-SNAPSHOT/hadoop-hdds-common-0.5.0-SNAPSHOT.jar:/home/user/.m2/repository/javax/annotation/javax.annotation-api/1.2/javax.annotation-api-1.2.jar:/home/user/.m2/repository/org/apache/ratis/ratis-server/0.5.0-201fc85-SNAPSHOT/ratis-server-0.5.0-201fc85-SNAPSHOT.jar:/home/user/.m2/repository/org/apache/ratis/ratis-thirdparty-misc/0.2.0/ratis-thirdparty-misc-0.2.0.jar:/home/user/.m2/repository/org/apache/ratis/ratis-proto/0.5.0-201fc85-SNAPSHOT/ratis-proto-0.5.0-201fc85-SNAPSHOT.jar:/home/user/.m2/repository/org/apache/ratis/ratis-common/0.5.0-201fc85-SNAPSHOT/ratis-common-0.5.0-201fc85-SNAPSHOT.jar:/home/user/.m2/repository/org/apache/ratis/ratis-client/0.5.0-201fc85-SNAPSHOT/ratis-client-0.5.0-201fc85-SNAPSHOT.jar:/home/user/.m2/repository/org/apache/ratis/ratis-metrics/0.5.0-201fc85-SNAPSHOT/ratis-metrics-0.5.0-201fc85-SNAPSHOT.jar:/home/user/.m2/repository/com/github/joshelser/dropwizard-metrics-hadoop-metrics2-reporter/0.1.2/dropwizard-metrics-hadoop-metrics2-reporter-0.1.2.jar:/home/user/.m2/repository/io/dropwizard/metrics/metrics-jvm/3.2.5/metrics-jvm-3.2.5.jar:/home/user/.m2/repository/io/dropwizard/metrics/metrics-ganglia/3.2.5/metrics-ganglia-3.2.5.jar:/home/user/.m2/repository/info/ganglia/gmetric4j/gmetric4j/1.0.7/gmetric4j-1.0.7.jar:/home/user/.m2/repository/org/apache/ratis/ratis-netty/0.5.0-201fc85-SNAPSHOT/ratis-netty-0.5.0-201fc85-SNAPSHOT.jar:/home/user/.m2/repository/org/apache/ratis/ratis-grpc/0.5.0-201fc85-SNAPSHOT/ratis-grpc-0.5.0-201fc85-SNAPSHOT.jar:/home/user/.m2/repository/org/rocksdb/rocksdbjni/6.0.1/rocksdbjni-6.0.1.jar:/home/user/.m2/repository/org/apache/logging/log4j/log4j-api/2.11.0/log4j-api-2.11.0.jar:/home/user/.m2/repository/org/apache/logging/log4j/log4j-core/2.11.0/log4j-core-2.11.0.jar:/home/user/.m2/repository/com/lmax/disruptor/3.4.2/disruptor-3.4.2.jar:/home/user/.m2/repository/org/apache/commons/commons-pool2/2.6.0/commons-pool2-2.6.0.jar:/home/user/.m2/repository/org/bouncycastle/bcpkix-jdk15on/1.60/bcpkix-jdk15on-1.60.jar:/home/user/.m2/repository/commons-validator/commons-validator/1.6/commons-validator-1.6.jar:/home/user/.m2/repository/commons-digester/commons-digester/1.8.1/commons-digester-1.8.1.jar:/home/user/.m2/repository/io/jaegertracing/jaeger-client/0.34.0/jaeger-client-0.34.0.jar:/home/user/.m2/repository/io/jaegertracing/jaeger-thrift/0.34.0/jaeger-thrift-0.34.0.jar:/home/user/.m2/repository/org/apache/thrift/libthrift/0.12.0/libthrift-0.12.0.jar:/home/user/.m2/repository/com/squareup/okhttp3/okhttp/3.9.0/okhttp-3.9.0.jar:/home/user/.m2/repository/com/squareup/okio/okio/1.13.0/okio-1.13.0.jar:/home/user/.m2/repository/io/jaegertracing/jaeger-core/0.34.0/jaeger-core-0.34.0.jar:/home/user/.m2/repository/io/jaegertracing/jaeger-tracerresolver/0.34.0/jaeger-tracerresolver-0.34.0.jar:/home/user/.m2/repository/io/opentracing/contrib/opentracing-tracerresolver/0.1.5/opentracing-tracerresolver-0.1.5.jar:/home/user/.m2/repository/io/opentracing/opentracing-util/0.31.0/opentracing-util-0.31.0.jar:/home/user/.m2/repository/io/opentracing/opentracing-api/0.31.0/opentracing-api-0.31.0.jar:/home/user/.m2/repository/io/opentracing/opentracing-noop/0.31.0/opentracing-noop-0.31.0.jar:/home/user/.m2/repository/org/apache/hadoop/hadoop-hdds-server-framework/0.5.0-SNAPSHOT/hadoop-hdds-server-framework-0.5.0-SNAPSHOT.jar:/home/user/.m2/repository/org/apache/hadoop/hadoop-hdds-container-service/0.5.0-SNAPSHOT/hadoop-hdds-container-service-0.5.0-SNAPSHOT.jar:/home/user/.m2/repository/org/apache/hadoop/hadoop-hdds-client/0.5.0-SNAPSHOT/hadoop-hdds-client-0.5.0-SNAPSHOT.jar:/home/user/.m2/repository/org/apache/hadoop/hadoop-hdds-tools/0.5.0-SNAPSHOT/hadoop-hdds-tools-0.5.0-SNAPSHOT.jar:/home/user/.m2/repository/org/apache/hadoop/hadoop-hdds-server-scm/0.5.0-SNAPSHOT/hadoop-hdds-server-scm-0.5.0-SNAPSHOT.jar:/home/user/.m2/repository/org/apache/hadoop/hadoop-hdds-docs/0.5.0-SNAPSHOT/hadoop-hdds-docs-0.5.0-SNAPSHOT.jar:/home/user/.m2/repository/io/dropwizard/metrics/metrics-core/3.2.4/metrics-core-3.2.4.jar:/home/user/.m2/repository/org/hamcrest/hamcrest-all/1.3/hamcrest-all-1.3.jar:/home/user/.m2/repository/org/bouncycastle/bcprov-jdk15on/1.60/bcprov-jdk15on-1.60.jar:/home/user/.m2/repository/info/picocli/picocli/3.9.6/picocli-3.9.6.jar:/home/user/.m2/repository/com/google/protobuf/protobuf-java/2.5.0/protobuf-java-2.5.0.jar:/home/user/.m2/repository/com/google/guava/guava/11.0.2/guava-11.0.2.jar:/home/user/.m2/repository/org/apache/hadoop/hadoop-ozone-ozone-manager/0.5.0-SNAPSHOT/hadoop-ozone-ozone-manager-0.5.0-SNAPSHOT.jar:/home/user/.m2/repository/org/apache/hadoop/hadoop-minikdc/3.2.0/hadoop-minikdc-3.2.0.jar:/home/user/.m2/repository/commons-io/commons-io/2.5/commons-io-2.5.jar:/home/user/.m2/repository/org/apache/kerby/kerb-simplekdc/1.0.1/kerb-simplekdc-1.0.1.jar:/home/user/.m2/repository/org/apache/kerby/kerb-client/1.0.1/kerb-client-1.0.1.jar:/home/user/.m2/repository/org/apache/kerby/kerby-config/1.0.1/kerby-config-1.0.1.jar:/home/user/.m2/repository/org/apache/kerby/kerb-core/1.0.1/kerb-core-1.0.1.jar:/home/user/.m2/repository/org/apache/kerby/kerby-pkix/1.0.1/kerby-pkix-1.0.1.jar:/home/user/.m2/repository/org/apache/kerby/kerby-asn1/1.0.1/kerby-asn1-1.0.1.jar:/home/user/.m2/repository/org/apache/kerby/kerby-util/1.0.1/kerby-util-1.0.1.jar:/home/user/.m2/repository/org/apache/kerby/kerb-common/1.0.1/kerb-common-1.0.1.jar:/home/user/.m2/repository/org/apache/kerby/kerb-crypto/1.0.1/kerb-crypto-1.0.1.jar:/home/user/.m2/repository/org/apache/kerby/kerb-util/1.0.1/kerb-util-1.0.1.jar:/home/user/.m2/repository/org/apache/kerby/token-provider/1.0.1/token-provider-1.0.1.jar:/home/user/.m2/repository/org/apache/kerby/kerb-admin/1.0.1/kerb-admin-1.0.1.jar:/home/user/.m2/repository/org/apache/kerby/kerb-server/1.0.1/kerb-server-1.0.1.jar:/home/user/.m2/repository/org/apache/kerby/kerb-identity/1.0.1/kerb-identity-1.0.1.jar:/home/user/.m2/repository/org/apache/kerby/kerby-xdr/1.0.1/kerby-xdr-1.0.1.jar:/home/user/.m2/repository/org/slf4j/slf4j-log4j12/1.7.25/slf4j-log4j12-1.7.25.jar:/home/user/.m2/repository/org/apache/hadoop/hadoop-ozone-s3gateway/0.5.0-SNAPSHOT/hadoop-ozone-s3gateway-0.5.0-SNAPSHOT.jar:/home/user/.m2/repository/org/jboss/weld/servlet/weld-servlet/2.4.7.Final/weld-servlet-2.4.7.Final.jar:/home/user/.m2/repository/org/glassfish/jersey/containers/jersey-container-servlet-core/2.27/jersey-container-servlet-core-2.27.jar:/home/user/.m2/repository/org/glassfish/hk2/external/javax.inject/2.5.0-b42/javax.inject-2.5.0-b42.jar:/home/user/.m2/repository/org/glassfish/jersey/core/jersey-common/2.27/jersey-common-2.27.jar:/home/user/.m2/repository/org/glassfish/hk2/osgi-resource-locator/1.0.1/osgi-resource-locator-1.0.1.jar:/home/user/.m2/repository/javax/ws/rs/javax.ws.rs-api/2.1/javax.ws.rs-api-2.1.jar:/home/user/.m2/repository/org/glassfish/jersey/ext/cdi/jersey-cdi1x/2.27/jersey-cdi1x-2.27.jar:/home/user/.m2/repository/org/glassfish/jersey/inject/jersey-hk2/2.27/jersey-hk2-2.27.jar:/home/user/.m2/repository/org/glassfish/hk2/hk2-locator/2.5.0-b42/hk2-locator-2.5.0-b42.jar:/home/user/.m2/repository/org/javassist/javassist/3.22.0-CR2/javassist-3.22.0-CR2.jar:/home/user/.m2/repository/org/glassfish/hk2/hk2-api/2.5.0/hk2-api-2.5.0.jar:/home/user/.m2/repository/org/glassfish/hk2/external/jakarta.inject/2.5.0/jakarta.inject-2.5.0.jar:/home/user/.m2/repository/org/glassfish/hk2/hk2-utils/2.5.0/hk2-utils-2.5.0.jar:/home/user/.m2/repository/jakarta/annotation/jakarta.annotation-api/1.3.4/jakarta.annotation-api-1.3.4.jar:/home/user/.m2/repository/org/glassfish/hk2/external/aopalliance-repackaged/2.5.0/aopalliance-repackaged-2.5.0.jar:/home/user/.m2/repository/com/fasterxml/jackson/dataformat/jackson-dataformat-xml/2.9.0/jackson-dataformat-xml-2.9.0.jar:/home/user/.m2/repository/com/fasterxml/jackson/core/jackson-core/2.9.9/jackson-core-2.9.9.jar:/home/user/.m2/repository/com/fasterxml/jackson/module/jackson-module-jaxb-annotations/2.9.9/jackson-module-jaxb-annotations-2.9.9.jar:/home/user/.m2/repository/javax/enterprise/cdi-api/1.2/cdi-api-1.2.jar:/home/user/.m2/repository/javax/el/javax.el-api/3.0.0/javax.el-api-3.0.0.jar:/home/user/.m2/repository/javax/interceptor/javax.interceptor-api/1.2/javax.interceptor-api-1.2.jar:/home/user/.m2/repository/javax/inject/javax.inject/1/javax.inject-1.jar:/home/user/.m2/repository/com/sun/xml/bind/jaxb-impl/2.3.0.1/jaxb-impl-2.3.0.1.jar:/home/user/.m2/repository/com/sun/xml/bind/jaxb-core/2.3.0.1/jaxb-core-2.3.0.1.jar:/home/user/.m2/repository/javax/xml/bind/jaxb-api/2.3.0/jaxb-api-2.3.0.jar:/home/user/.m2/repository/javax/activation/activation/1.1.1/activation-1.1.1.jar:/home/user/.m2/repository/org/apache/hadoop/hadoop-ozone-csi/0.5.0-SNAPSHOT/hadoop-ozone-csi-0.5.0-SNAPSHOT.jar:/home/user/.m2/repository/com/google/protobuf/protobuf-java-util/3.5.1/protobuf-java-util-3.5.1.jar:/home/user/.m2/repository/org/apache/hadoop/hadoop-hdds-config/0.5.0-SNAPSHOT/hadoop-hdds-config-0.5.0-SNAPSHOT.jar:/home/user/.m2/repository/io/grpc/grpc-netty/1.17.1/grpc-netty-1.17.1.jar:/home/user/.m2/repository/io/grpc/grpc-core/1.17.1/grpc-core-1.17.1.jar:/home/user/.m2/repository/io/grpc/grpc-context/1.17.1/grpc-context-1.17.1.jar:/home/user/.m2/repository/com/google/errorprone/error_prone_annotations/2.2.0/error_prone_annotations-2.2.0.jar:/home/user/.m2/repository/org/codehaus/mojo/animal-sniffer-annotations/1.17/animal-sniffer-annotations-1.17.jar:/home/user/.m2/repository/io/opencensus/opencensus-api/0.17.0/opencensus-api-0.17.0.jar:/home/user/.m2/repository/io/opencensus/opencensus-contrib-grpc-metrics/0.17.0/opencensus-contrib-grpc-metrics-0.17.0.jar:/home/user/.m2/repository/io/netty/netty-codec-http2/4.1.30.Final/netty-codec-http2-4.1.30.Final.jar:/home/user/.m2/repository/io/netty/netty-codec-http/4.1.30.Final/netty-codec-http-4.1.30.Final.jar:/home/user/.m2/repository/io/netty/netty-codec/4.1.30.Final/netty-codec-4.1.30.Final.jar:/home/user/.m2/repository/io/netty/netty-handler/4.1.30.Final/netty-handler-4.1.30.Final.jar:/home/user/.m2/repository/io/netty/netty-handler-proxy/4.1.30.Final/netty-handler-proxy-4.1.30.Final.jar:/home/user/.m2/repository/io/netty/netty-codec-socks/4.1.30.Final/netty-codec-socks-4.1.30.Final.jar:/home/user/.m2/repository/io/netty/netty-transport-native-epoll/4.1.30.Final/netty-transport-native-epoll-4.1.30.Final.jar:/home/user/.m2/repository/io/netty/netty-common/4.1.30.Final/netty-common-4.1.30.Final.jar:/home/user/.m2/repository/io/netty/netty-buffer/4.1.30.Final/netty-buffer-4.1.30.Final.jar:/home/user/.m2/repository/io/netty/netty-transport/4.1.30.Final/netty-transport-4.1.30.Final.jar:/home/user/.m2/repository/io/netty/netty-resolver/4.1.30.Final/netty-resolver-4.1.30.Final.jar:/home/user/.m2/repository/io/netty/netty-transport-native-unix-common/4.1.30.Final/netty-transport-native-unix-common-4.1.30.Final.jar:/home/user/.m2/repository/io/grpc/grpc-protobuf/1.17.1/grpc-protobuf-1.17.1.jar:/home/user/.m2/repository/com/google/api/grpc/proto-google-common-protos/1.0.0/proto-google-common-protos-1.0.0.jar:/home/user/.m2/repository/io/grpc/grpc-protobuf-lite/1.17.1/grpc-protobuf-lite-1.17.1.jar:/home/user/.m2/repository/io/grpc/grpc-stub/1.17.1/grpc-stub-1.17.1.jar:/home/user/.m2/repository/org/apache/hadoop/hadoop-ozone-recon/0.5.0-SNAPSHOT/hadoop-ozone-recon-0.5.0-SNAPSHOT.jar:/home/user/.m2/repository/org/apache/hadoop/hadoop-ozone-reconcodegen/0.5.0-SNAPSHOT/hadoop-ozone-reconcodegen-0.5.0-SNAPSHOT.jar:/home/user/.m2/repository/com/google/inject/extensions/guice-multibindings/4.0/guice-multibindings-4.0.jar:/home/user/.m2/repository/com/google/inject/guice/4.0/guice-4.0.jar:/home/user/.m2/repository/aopalliance/aopalliance/1.0/aopalliance-1.0.jar:/home/user/.m2/repository/com/google/inject/extensions/guice-servlet/4.0/guice-servlet-4.0.jar:/home/user/.m2/repository/org/glassfish/jersey/containers/jersey-container-servlet/2.27/jersey-container-servlet-2.27.jar:/home/user/.m2/repository/org/glassfish/hk2/guice-bridge/2.5.0/guice-bridge-2.5.0.jar:/home/user/.m2/repository/org/glassfish/jersey/core/jersey-server/2.27/jersey-server-2.27.jar:/home/user/.m2/repository/org/glassfish/jersey/core/jersey-client/2.27/jersey-client-2.27.jar:/home/user/.m2/repository/org/glassfish/jersey/media/jersey-media-jaxb/2.27/jersey-media-jaxb-2.27.jar:/home/user/.m2/repository/javax/validation/validation-api/1.1.0.Final/validation-api-1.1.0.Final.jar:/home/user/.m2/repository/org/glassfish/jersey/media/jersey-media-json-jackson/2.27/jersey-media-json-jackson-2.27.jar:/home/user/.m2/repository/org/glassfish/jersey/ext/jersey-entity-filtering/2.27/jersey-entity-filtering-2.27.jar:/home/user/.m2/repository/com/google/inject/extensions/guice-assistedinject/4.0/guice-assistedinject-4.0.jar:/home/user/.m2/repository/org/jooq/jooq/3.11.10/jooq-3.11.10.jar:/home/user/.m2/repository/org/jooq/jooq-meta/3.11.10/jooq-meta-3.11.10.jar:/home/user/.m2/repository/org/jooq/jooq-codegen/3.11.10/jooq-codegen-3.11.10.jar:/home/user/.m2/repository/com/jolbox/bonecp/0.8.0.RELEASE/bonecp-0.8.0.RELEASE.jar:/home/user/.m2/repository/org/xerial/sqlite-jdbc/3.25.2/sqlite-jdbc-3.25.2.jar:/home/user/.m2/repository/org/springframework/spring-jdbc/5.1.3.RELEASE/spring-jdbc-5.1.3.RELEASE.jar:/home/user/.m2/repository/org/springframework/spring-beans/5.1.3.RELEASE/spring-beans-5.1.3.RELEASE.jar:/home/user/.m2/repository/org/springframework/spring-core/5.1.3.RELEASE/spring-core-5.1.3.RELEASE.jar:/home/user/.m2/repository/org/springframework/spring-jcl/5.1.3.RELEASE/spring-jcl-5.1.3.RELEASE.jar:/home/user/.m2/repository/org/springframework/spring-tx/5.1.3.RELEASE/spring-tx-5.1.3.RELEASE.jar:/home/user/.m2/repository/org/apache/hadoop/hadoop-ozone-client/0.5.0-SNAPSHOT/hadoop-ozone-client-0.5.0-SNAPSHOT.jar:/home/user/.m2/repository/commons-lang/commons-lang/2.6/commons-lang-2.6.jar:/home/user/.m2/repository/org/apache/hadoop/hadoop-ozone-ozone-manager/0.5.0-SNAPSHOT/hadoop-ozone-ozone-manager-0.5.0-SNAPSHOT-tests.jar:/home/user/.m2/repository/junit/junit/4.11/junit-4.11.jar:/home/user/.m2/repository/org/hamcrest/hamcrest-core/1.3/hamcrest-core-1.3.jar:/home/user/.m2/repository/org/openjdk/jmh/jmh-core/1.19/jmh-core-1.19.jar:/home/user/.m2/repository/net/sf/jopt-simple/jopt-simple/4.6/jopt-simple-4.6.jar:/home/user/.m2/repository/org/apache/commons/commons-math3/3.1.1/commons-math3-3.1.1.jar:/home/user/.m2/repository/org/openjdk/jmh/jmh-generator-annprocess/1.19/jmh-generator-annprocess-1.19.jar:/home/user/.m2/repository/org/mockito/mockito-all/1.8.5/mockito-all-1.8.5.jar:/home/user/.m2/repository/org/apache/hadoop/hadoop-kms/3.2.0/hadoop-kms-3.2.0.jar:/home/user/.m2/repository/org/apache/hadoop/hadoop-auth/3.2.0/hadoop-auth-3.2.0.jar:/home/user/.m2/repository/com/nimbusds/nimbus-jose-jwt/4.41.1/nimbus-jose-jwt-4.41.1.jar:/home/user/.m2/repository/com/github/stephenc/jcip/jcip-annotations/1.0-1/jcip-annotations-1.0-1.jar:/home/user/.m2/repository/net/minidev/json-smart/2.3/json-smart-2.3.jar:/home/user/.m2/repository/net/minidev/accessors-smart/1.2/accessors-smart-1.2.jar:/home/user/.m2/repository/org/ow2/asm/asm/5.0.4/asm-5.0.4.jar:/home/user/.m2/repository/org/apache/curator/curator-framework/2.12.0/curator-framework-2.12.0.jar:/home/user/.m2/repository/com/sun/jersey/jersey-core/1.19/jersey-core-1.19.jar:/home/user/.m2/repository/javax/ws/rs/jsr311-api/1.1.1/jsr311-api-1.1.1.jar:/home/user/.m2/repository/com/sun/jersey/jersey-server/1.19/jersey-server-1.19.jar:/home/user/.m2/repository/javax/servlet/javax.servlet-api/3.1.0/javax.servlet-api-3.1.0.jar:/home/user/.m2/repository/org/eclipse/jetty/jetty-server/9.3.25.v20180904/jetty-server-9.3.25.v20180904.jar:/home/user/.m2/repository/org/eclipse/jetty/jetty-http/9.3.25.v20180904/jetty-http-9.3.25.v20180904.jar:/home/user/.m2/repository/org/eclipse/jetty/jetty-io/9.3.25.v20180904/jetty-io-9.3.25.v20180904.jar:/home/user/.m2/repository/org/eclipse/jetty/jetty-webapp/9.3.25.v20180904/jetty-webapp-9.3.25.v20180904.jar:/home/user/.m2/repository/org/eclipse/jetty/jetty-xml/9.3.25.v20180904/jetty-xml-9.3.25.v20180904.jar:/home/user/.m2/repository/log4j/log4j/1.2.17/log4j-1.2.17.jar:/home/user/.m2/repository/org/slf4j/slf4j-api/1.7.25/slf4j-api-1.7.25.jar:/home/user/.m2/repository/org/slf4j/jul-to-slf4j/1.7.25/jul-to-slf4j-1.7.25.jar:/home/user/.m2/repository/org/eclipse/jetty/jetty-util/9.3.25.v20180904/jetty-util-9.3.25.v20180904.jar:/home/user/.m2/repository/com/fasterxml/jackson/core/jackson-databind/2.9.9/jackson-databind-2.9.9.jar:/home/user/.m2/repository/org/apache/hadoop/hadoop-kms/3.2.0/hadoop-kms-3.2.0-tests.jar:/home/user/.m2/repository/org/apache/hadoop/hadoop-hdds-server-scm/0.5.0-SNAPSHOT/hadoop-hdds-server-scm-0.5.0-SNAPSHOT-tests.jar:/home/user/.m2/repository/org/apache/hadoop/hadoop-hdds-container-service/0.5.0-SNAPSHOT/hadoop-hdds-container-service-0.5.0-SNAPSHOT-tests.jar:/home/user/.m2/repository/org/yaml/snakeyaml/1.16/snakeyaml-1.16.jar:/home/user/.m2/repository/org/apache/hadoop/hadoop-common/3.2.0/hadoop-common-3.2.0-tests.jar:/home/user/.m2/repository/org/apache/hadoop/hadoop-annotations/3.2.0/hadoop-annotations-3.2.0.jar:/usr/lib/jvm/java-1.8-openjdk/jre/../lib/tools.jar:/home/user/.m2/repository/commons-cli/commons-cli/1.2/commons-cli-1.2.jar:/home/user/.m2/repository/org/apache/httpcomponents/httpclient/4.5.2/httpclient-4.5.2.jar:/home/user/.m2/repository/org/apache/httpcomponents/httpcore/4.4.4/httpcore-4.4.4.jar:/home/user/.m2/repository/commons-codec/commons-codec/1.11/commons-codec-1.11.jar:/home/user/.m2/repository/commons-net/commons-net/3.6/commons-net-3.6.jar:/home/user/.m2/repository/commons-collections/commons-collections/3.2.2/commons-collections-3.2.2.jar:/home/user/.m2/repository/org/eclipse/jetty/jetty-servlet/9.3.25.v20180904/jetty-servlet-9.3.25.v20180904.jar:/home/user/.m2/repository/org/eclipse/jetty/jetty-security/9.3.25.v20180904/jetty-security-9.3.25.v20180904.jar:/home/user/.m2/repository/javax/servlet/jsp/jsp-api/2.1/jsp-api-2.1.jar:/home/user/.m2/repository/com/sun/jersey/jersey-servlet/1.19/jersey-servlet-1.19.jar:/home/user/.m2/repository/com/sun/jersey/jersey-json/1.19/jersey-json-1.19.jar:/home/user/.m2/repository/org/codehaus/jettison/jettison/1.1/jettison-1.1.jar:/home/user/.m2/repository/org/codehaus/jackson/jackson-core-asl/1.9.13/jackson-core-asl-1.9.13.jar:/home/user/.m2/repository/org/codehaus/jackson/jackson-mapper-asl/1.9.13/jackson-mapper-asl-1.9.13.jar:/home/user/.m2/repository/org/codehaus/jackson/jackson-jaxrs/1.9.13/jackson-jaxrs-1.9.13.jar:/home/user/.m2/repository/org/codehaus/jackson/jackson-xc/1.9.13/jackson-xc-1.9.13.jar:/home/user/.m2/repository/commons-logging/commons-logging/1.1.3/commons-logging-1.1.3.jar:/home/user/.m2/repository/commons-beanutils/commons-beanutils/1.9.4/commons-beanutils-1.9.4.jar:/home/user/.m2/repository/org/apache/commons/commons-configuration2/2.1.1/commons-configuration2-2.1.1.jar:/home/user/.m2/repository/org/apache/commons/commons-lang3/3.7/commons-lang3-3.7.jar:/home/user/.m2/repository/org/apache/commons/commons-text/1.4/commons-text-1.4.jar:/home/user/.m2/repository/org/apache/avro/avro/1.7.7/avro-1.7.7.jar:/home/user/.m2/repository/com/thoughtworks/paranamer/paranamer/2.3/paranamer-2.3.jar:/home/user/.m2/repository/org/xerial/snappy/snappy-java/1.0.5/snappy-java-1.0.5.jar:/home/user/.m2/repository/com/google/re2j/re2j/1.1/re2j-1.1.jar:/home/user/.m2/repository/com/google/code/gson/gson/2.2.4/gson-2.2.4.jar:/home/user/.m2/repository/com/jcraft/jsch/0.1.54/jsch-0.1.54.jar:/home/user/.m2/repository/org/apache/curator/curator-client/2.12.0/curator-client-2.12.0.jar:/home/user/.m2/repository/org/apache/curator/curator-recipes/2.12.0/curator-recipes-2.12.0.jar:/home/user/.m2/repository/com/google/code/findbugs/jsr305/3.0.0/jsr305-3.0.0.jar:/home/user/.m2/repository/org/apache/htrace/htrace-core4/4.1.0-incubating/htrace-core4-4.1.0-incubating.jar:/home/user/.m2/repository/org/apache/zookeeper/zookeeper/3.4.13/zookeeper-3.4.13.jar:/home/user/.m2/repository/jline/jline/0.9.94/jline-0.9.94.jar:/home/user/.m2/repository/org/apache/yetus/audience-annotations/0.5.0/audience-annotations-0.5.0.jar:/home/user/.m2/repository/org/codehaus/woodstox/stax2-api/3.1.4/stax2-api-3.1.4.jar:/home/user/.m2/repository/com/fasterxml/woodstox/woodstox-core/5.0.3/woodstox-core-5.0.3.jar:/home/user/.m2/repository/dnsjava/dnsjava/2.1.7/dnsjava-2.1.7.jar:/home/user/.m2/repository/org/apache/hadoop/hadoop-hdfs/3.2.0/hadoop-hdfs-3.2.0-tests.jar:/home/user/.m2/repository/org/eclipse/jetty/jetty-util-ajax/9.3.25.v20180904/jetty-util-ajax-9.3.25.v20180904.jar:/home/user/.m2/repository/commons-daemon/commons-daemon/1.0.13/commons-daemon-1.0.13.jar:/home/user/.m2/repository/io/netty/netty/3.10.5.Final/netty-3.10.5.Final.jar:/home/user/.m2/repository/io/netty/netty-all/4.0.52.Final/netty-all-4.0.52.Final.jar:/home/user/.m2/repository/org/fusesource/leveldbjni/leveldbjni-all/1.8/leveldbjni-all-1.8.jar:"/>
    <property name="sun.cpu.endian" value="little"/>
    <property name="user.home" value="/home/user"/>
    <property name="user.language" value="en"/>
    <property name="java.specification.vendor" value="Oracle Corporation"/>
    <property name="java.home" value="/usr/lib/jvm/java-1.8-openjdk/jre"/>
    <property name="java.security.krb5.conf" value="/workdir/hadoop-ozone/integration-test/target/test-classes/krb5.conf"/>
    <property name="basedir" value="/workdir/hadoop-ozone/integration-test"/>
    <property name="file.separator" value="/"/>
    <property name="line.separator" value="&#10;"/>
    <property name="java.vm.specification.vendor" value="Oracle Corporation"/>
    <property name="java.specification.name" value="Java Platform API Specification"/>
    <property name="java.awt.graphicsenv" value="sun.awt.X11GraphicsEnvironment"/>
    <property name="surefire.real.class.path" value="/workdir/hadoop-ozone/integration-test/target/surefire/surefirebooter1504718615649042735.jar"/>
    <property name="hadoop.log.dir" value="/workdir/hadoop-ozone/integration-test/target/log"/>
    <property name="sun.boot.class.path" value="/usr/lib/jvm/java-1.8-openjdk/jre/lib/resources.jar:/usr/lib/jvm/java-1.8-openjdk/jre/lib/rt.jar:/usr/lib/jvm/java-1.8-openjdk/jre/lib/sunrsasign.jar:/usr/lib/jvm/java-1.8-openjdk/jre/lib/jsse.jar:/usr/lib/jvm/java-1.8-openjdk/jre/lib/jce.jar:/usr/lib/jvm/java-1.8-openjdk/jre/lib/charsets.jar:/usr/lib/jvm/java-1.8-openjdk/jre/lib/jfr.jar:/usr/lib/jvm/java-1.8-openjdk/jre/classes"/>
    <property name="sun.management.compiler" value="HotSpot 64-Bit Tiered Compilers"/>
    <property name="java.runtime.version" value="1.8.0_212-b04"/>
    <property name="java.net.preferIPv4Stack" value="true"/>
    <property name="user.name" value="jenkins1000"/>
    <property name="path.separator" value=":"/>
    <property name="java.security.egd" value="file:///dev/urandom"/>
    <property name="os.version" value="3.10.0-957.12.2.el7.x86_64"/>
    <property name="java.endorsed.dirs" value="/usr/lib/jvm/java-1.8-openjdk/jre/lib/endorsed"/>
    <property name="java.runtime.name" value="OpenJDK Runtime Environment"/>
    <property name="file.encoding" value="UTF-8"/>
    <property name="java.vm.name" value="OpenJDK 64-Bit Server VM"/>
    <property name="test.build.webapps" value=""/>
    <property name="localRepository" value="/home/user/.m2/repository"/>
    <property name="java.vendor.url.bug" value="https://icedtea.classpath.org/bugzilla"/>
    <property name="java.io.tmpdir" value="/tmp"/>
    <property name="require.test.libhadoop" value=""/>
    <property name="java.version" value="1.8.0_212"/>
    <property name="user.dir" value="/workdir/hadoop-ozone/integration-test"/>
    <property name="os.arch" value="amd64"/>
    <property name="java.vm.specification.name" value="Java Virtual Machine Specification"/>
    <property name="test.build.classes" value="/workdir/hadoop-ozone/integration-test/target/test-classes"/>
    <property name="java.awt.printerjob" value="sun.print.PSPrinterJob"/>
    <property name="sun.os.patch.level" value="unknown"/>
    <property name="hadoop.tmp.dir" value="/workdir/hadoop-ozone/integration-test/target/tmp"/>
    <property name="java.library.path" value="/usr/lib/jvm/java-1.8-openjdk/jre/lib/amd64/server:/usr/lib/jvm/java-1.8-openjdk/jre/lib/amd64:/usr/lib/jvm/java-1.8-openjdk/jre/../lib/amd64:/workdir/hadoop-ozone/integration-test/target/native/target/usr/local/lib:/workdir/hadoop-ozone/integration-test/../../hadoop-common-project/hadoop-common/target/native/target/usr/local/lib:/usr/java/packages/lib/amd64:/usr/lib64:/lib64:/lib:/usr/lib"/>
    <property name="java.vm.info" value="mixed mode"/>
    <property name="java.vendor" value="IcedTea"/>
    <property name="java.vm.version" value="25.212-b04"/>
    <property name="java.ext.dirs" value="/usr/lib/jvm/java-1.8-openjdk/jre/lib/ext:/usr/java/packages/lib/ext"/>
    <property name="sun.io.unicode.encoding" value="UnicodeLittle"/>
    <property name="java.class.version" value="52.0"/>
  </properties>
  <testcase name="testGroupMismatchExceptionHandling" classname="org.apache.hadoop.ozone.client.rpc.TestOzoneClientRetriesOnException" time="311.674">
    <error message="Retry request failed. retries get failed due to exceeded maximum allowed retries number: 3" type="java.io.IOException">java.io.IOException: Retry request failed. retries get failed due to exceeded maximum allowed retries number: 3
	at org.apache.hadoop.ozone.client.io.KeyOutputStream.handleRetry(KeyOutputStream.java:353)
	at org.apache.hadoop.ozone.client.io.KeyOutputStream.handleException(KeyOutputStream.java:324)
	at org.apache.hadoop.ozone.client.io.KeyOutputStream.handleWrite(KeyOutputStream.java:228)
	at org.apache.hadoop.ozone.client.io.KeyOutputStream.handleRetry(KeyOutputStream.java:375)
	at org.apache.hadoop.ozone.client.io.KeyOutputStream.handleException(KeyOutputStream.java:324)
	at org.apache.hadoop.ozone.client.io.KeyOutputStream.handleWrite(KeyOutputStream.java:228)
	at org.apache.hadoop.ozone.client.io.KeyOutputStream.handleRetry(KeyOutputStream.java:375)
	at org.apache.hadoop.ozone.client.io.KeyOutputStream.handleException(KeyOutputStream.java:324)
	at org.apache.hadoop.ozone.client.io.KeyOutputStream.handleWrite(KeyOutputStream.java:228)
	at org.apache.hadoop.ozone.client.io.KeyOutputStream.handleRetry(KeyOutputStream.java:375)
	at org.apache.hadoop.ozone.client.io.KeyOutputStream.handleException(KeyOutputStream.java:324)
	at org.apache.hadoop.ozone.client.io.KeyOutputStream.handleWrite(KeyOutputStream.java:228)
	at org.apache.hadoop.ozone.client.io.KeyOutputStream.write(KeyOutputStream.java:190)
	at org.apache.hadoop.ozone.client.io.OzoneOutputStream.write(OzoneOutputStream.java:49)
	at java.io.OutputStream.write(OutputStream.java:75)
	at org.apache.hadoop.ozone.client.rpc.TestOzoneClientRetriesOnException.testGroupMismatchExceptionHandling(TestOzoneClientRetriesOnException.java:135)
	at sun.reflect.NativeMethodAccessorImpl.invoke0(Native Method)
	at sun.reflect.NativeMethodAccessorImpl.invoke(NativeMethodAccessorImpl.java:62)
	at sun.reflect.DelegatingMethodAccessorImpl.invoke(DelegatingMethodAccessorImpl.java:43)
	at java.lang.reflect.Method.invoke(Method.java:498)
	at org.junit.runners.model.FrameworkMethod$1.runReflectiveCall(FrameworkMethod.java:47)
	at org.junit.internal.runners.model.ReflectiveCallable.run(ReflectiveCallable.java:12)
	at org.junit.runners.model.FrameworkMethod.invokeExplosively(FrameworkMethod.java:44)
	at org.junit.internal.runners.statements.InvokeMethod.evaluate(InvokeMethod.java:17)
	at org.junit.internal.runners.statements.RunBefores.evaluate(RunBefores.java:26)
	at org.junit.internal.runners.statements.RunAfters.evaluate(RunAfters.java:27)
	at org.junit.runners.ParentRunner.runLeaf(ParentRunner.java:271)
	at org.junit.runners.BlockJUnit4ClassRunner.runChild(BlockJUnit4ClassRunner.java:70)
	at org.junit.runners.BlockJUnit4ClassRunner.runChild(BlockJUnit4ClassRunner.java:50)
	at org.junit.runners.ParentRunner$3.run(ParentRunner.java:238)
	at org.junit.runners.ParentRunner$1.schedule(ParentRunner.java:63)
	at org.junit.runners.ParentRunner.runChildren(ParentRunner.java:236)
	at org.junit.runners.ParentRunner.access$000(ParentRunner.java:53)
	at org.junit.runners.ParentRunner$2.evaluate(ParentRunner.java:229)
	at org.junit.runners.ParentRunner.run(ParentRunner.java:309)
	at org.apache.maven.surefire.junit4.JUnit4Provider.execute(JUnit4Provider.java:365)
	at org.apache.maven.surefire.junit4.JUnit4Provider.executeWithRerun(JUnit4Provider.java:273)
	at org.apache.maven.surefire.junit4.JUnit4Provider.executeTestSet(JUnit4Provider.java:238)
	at org.apache.maven.surefire.junit4.JUnit4Provider.invoke(JUnit4Provider.java:159)
	at org.apache.maven.surefire.booter.ForkedBooter.invokeProviderInSameClassLoader(ForkedBooter.java:384)
	at org.apache.maven.surefire.booter.ForkedBooter.runSuitesInProcess(ForkedBooter.java:345)
	at org.apache.maven.surefire.booter.ForkedBooter.execute(ForkedBooter.java:126)
	at org.apache.maven.surefire.booter.ForkedBooter.main(ForkedBooter.java:418)
Caused by: java.io.IOException: Unexpected Storage Container Exception: java.util.concurrent.CompletionException: java.util.concurrent.CompletionException: org.apache.ratis.protocol.GroupMismatchException: cb6d8aa3-5895-49c1-85c3-41fbb4c04945: group-DCB3B93FDF26 not found.
	at org.apache.hadoop.hdds.scm.storage.BlockOutputStream.setIoException(BlockOutputStream.java:541)
	at org.apache.hadoop.hdds.scm.storage.BlockOutputStream.lambda$writeChunkToContainer$3(BlockOutputStream.java:616)
	at java.util.concurrent.CompletableFuture.uniExceptionally(CompletableFuture.java:870)
	at java.util.concurrent.CompletableFuture$UniExceptionally.tryFire(CompletableFuture.java:852)
	at java.util.concurrent.CompletableFuture.postComplete(CompletableFuture.java:474)
	at java.util.concurrent.CompletableFuture.completeExceptionally(CompletableFuture.java:1977)
	at org.apache.ratis.client.impl.OrderedAsync$PendingOrderedRequest.fail(OrderedAsync.java:100)
	at org.apache.ratis.util.SlidingWindow$Client.fail(SlidingWindow.java:362)
	at org.apache.ratis.client.impl.OrderedAsync.failAllAsyncRequests(OrderedAsync.java:134)
	at org.apache.ratis.client.impl.OrderedAsync.lambda$sendRequest$10(OrderedAsync.java:244)
	at java.util.concurrent.CompletableFuture.uniExceptionally(CompletableFuture.java:870)
	at java.util.concurrent.CompletableFuture$UniExceptionally.tryFire(CompletableFuture.java:852)
	at java.util.concurrent.CompletableFuture.postComplete(CompletableFuture.java:474)
	at java.util.concurrent.CompletableFuture.completeExceptionally(CompletableFuture.java:1977)
	at org.apache.ratis.grpc.client.GrpcClientProtocolClient$AsyncStreamObservers.completeReplyExceptionally(GrpcClientProtocolClient.java:345)
	at org.apache.ratis.grpc.client.GrpcClientProtocolClient$AsyncStreamObservers.access$000(GrpcClientProtocolClient.java:261)
	at org.apache.ratis.grpc.client.GrpcClientProtocolClient$AsyncStreamObservers$1.onError(GrpcClientProtocolClient.java:290)
	at org.apache.ratis.thirdparty.io.grpc.stub.ClientCalls$StreamObserverToCallListenerAdapter.onClose(ClientCalls.java:434)
	at org.apache.ratis.thirdparty.io.grpc.PartialForwardingClientCallListener.onClose(PartialForwardingClientCallListener.java:39)
	at org.apache.ratis.thirdparty.io.grpc.ForwardingClientCallListener.onClose(ForwardingClientCallListener.java:23)
	at org.apache.ratis.thirdparty.io.grpc.ForwardingClientCallListener$SimpleForwardingClientCallListener.onClose(ForwardingClientCallListener.java:40)
	at org.apache.ratis.thirdparty.io.grpc.internal.CensusStatsModule$StatsClientInterceptor$1$1.onClose(CensusStatsModule.java:678)
	at org.apache.ratis.thirdparty.io.grpc.PartialForwardingClientCallListener.onClose(PartialForwardingClientCallListener.java:39)
	at org.apache.ratis.thirdparty.io.grpc.ForwardingClientCallListener.onClose(ForwardingClientCallListener.java:23)
	at org.apache.ratis.thirdparty.io.grpc.ForwardingClientCallListener$SimpleForwardingClientCallListener.onClose(ForwardingClientCallListener.java:40)
	at org.apache.ratis.thirdparty.io.grpc.internal.CensusTracingModule$TracingClientInterceptor$1$1.onClose(CensusTracingModule.java:397)
	at org.apache.ratis.thirdparty.io.grpc.internal.ClientCallImpl.closeObserver(ClientCallImpl.java:459)
	at org.apache.ratis.thirdparty.io.grpc.internal.ClientCallImpl.access$300(ClientCallImpl.java:63)
	at org.apache.ratis.thirdparty.io.grpc.internal.ClientCallImpl$ClientStreamListenerImpl.close(ClientCallImpl.java:546)
	at org.apache.ratis.thirdparty.io.grpc.internal.ClientCallImpl$ClientStreamListenerImpl.access$600(ClientCallImpl.java:467)
	at org.apache.ratis.thirdparty.io.grpc.internal.ClientCallImpl$ClientStreamListenerImpl$1StreamClosed.runInContext(ClientCallImpl.java:584)
	at org.apache.ratis.thirdparty.io.grpc.internal.ContextRunnable.run(ContextRunnable.java:37)
	at org.apache.ratis.thirdparty.io.grpc.internal.SerializingExecutor.run(SerializingExecutor.java:123)
	at java.util.concurrent.ThreadPoolExecutor.runWorker(ThreadPoolExecutor.java:1149)
	at java.util.concurrent.ThreadPoolExecutor$Worker.run(ThreadPoolExecutor.java:624)
	at java.lang.Thread.run(Thread.java:748)
Caused by: java.util.concurrent.CompletionException: java.util.concurrent.CompletionException: org.apache.ratis.protocol.GroupMismatchException: cb6d8aa3-5895-49c1-85c3-41fbb4c04945: group-DCB3B93FDF26 not found.
	at org.apache.hadoop.hdds.scm.storage.BlockOutputStream.lambda$writeChunkToContainer$3(BlockOutputStream.java:615)
	... 34 more
Caused by: java.util.concurrent.CompletionException: org.apache.ratis.protocol.GroupMismatchException: cb6d8aa3-5895-49c1-85c3-41fbb4c04945: group-DCB3B93FDF26 not found.
	at java.util.concurrent.CompletableFuture.encodeThrowable(CompletableFuture.java:292)
	at java.util.concurrent.CompletableFuture.completeThrowable(CompletableFuture.java:308)
	at java.util.concurrent.CompletableFuture.uniApply(CompletableFuture.java:593)
	at java.util.concurrent.CompletableFuture$UniApply.tryFire(CompletableFuture.java:577)
	... 32 more
Caused by: org.apache.ratis.protocol.GroupMismatchException: cb6d8aa3-5895-49c1-85c3-41fbb4c04945: group-DCB3B93FDF26 not found.
	at org.apache.ratis.server.impl.RaftServerProxy$ImplMap.get(RaftServerProxy.java:122)
	at org.apache.ratis.server.impl.RaftServerProxy.getImplFuture(RaftServerProxy.java:269)
	at org.apache.ratis.server.impl.RaftServerProxy.submitRequest(RaftServerProxy.java:327)
	at org.apache.ratis.server.impl.RaftServerProxy.submitClientRequestAsync(RaftServerProxy.java:333)
	at org.apache.ratis.grpc.client.GrpcClientProtocolService$RequestStreamObserver.processClientRequest(GrpcClientProtocolService.java:220)
	at org.apache.ratis.grpc.client.GrpcClientProtocolService$OrderedRequestStreamObserver.processClientRequest(GrpcClientProtocolService.java:326)
	at org.apache.ratis.util.SlidingWindow$Server.processRequestsFromHead(SlidingWindow.java:429)
	at org.apache.ratis.util.SlidingWindow$Server.receivedRequest(SlidingWindow.java:421)
	at org.apache.ratis.grpc.client.GrpcClientProtocolService$OrderedRequestStreamObserver.processClientRequest(GrpcClientProtocolService.java:345)
	at org.apache.ratis.grpc.client.GrpcClientProtocolService$RequestStreamObserver.onNext(GrpcClientProtocolService.java:240)
	at org.apache.ratis.grpc.client.GrpcClientProtocolService$RequestStreamObserver.onNext(GrpcClientProtocolService.java:168)
	at org.apache.ratis.thirdparty.io.grpc.stub.ServerCalls$StreamingServerCallHandler$StreamingServerCallListener.onMessage(ServerCalls.java:248)
	at org.apache.ratis.thirdparty.io.grpc.internal.ServerCallImpl$ServerStreamListenerImpl.messagesAvailable(ServerCallImpl.java:263)
	at org.apache.ratis.thirdparty.io.grpc.internal.ServerImpl$JumpToApplicationThreadServerStreamListener$1MessagesAvailable.runInContext(ServerImpl.java:686)
	... 5 more
</error>
    <system-out><![CDATA[2019-10-02 07:34:21,092 [main] WARN  server.ServerUtils (ServerUtils.java:getScmDbDir(145)) - ozone.scm.db.dirs is not configured. We recommend adding this setting. Falling back to ozone.metadata.dirs instead.
2019-10-02 07:34:21,189 [main] WARN  server.ServerUtils (ServerUtils.java:getScmDbDir(145)) - ozone.scm.db.dirs is not configured. We recommend adding this setting. Falling back to ozone.metadata.dirs instead.
2019-10-02 07:34:21,192 [main] WARN  server.ServerUtils (ServerUtils.java:getScmDbDir(145)) - ozone.scm.db.dirs is not configured. We recommend adding this setting. Falling back to ozone.metadata.dirs instead.
2019-10-02 07:34:21,210 [main] INFO  util.log (Log.java:initialized(192)) - Logging initialized @830ms
2019-10-02 07:34:21,312 [main] INFO  db.DBStoreBuilder (DBStoreBuilder.java:addTable(110)) - using custom profile for table: deletedBlocks
2019-10-02 07:34:21,312 [main] INFO  db.DBStoreBuilder (DBStoreBuilder.java:processTables(161)) - Using default column profile:DBProfile.DISK for Table:deletedBlocks
2019-10-02 07:34:21,313 [main] INFO  db.DBStoreBuilder (DBStoreBuilder.java:addTable(110)) - using custom profile for table: validCerts
2019-10-02 07:34:21,313 [main] INFO  db.DBStoreBuilder (DBStoreBuilder.java:processTables(161)) - Using default column profile:DBProfile.DISK for Table:validCerts
2019-10-02 07:34:21,313 [main] INFO  db.DBStoreBuilder (DBStoreBuilder.java:addTable(110)) - using custom profile for table: revokedCerts
2019-10-02 07:34:21,314 [main] INFO  db.DBStoreBuilder (DBStoreBuilder.java:processTables(161)) - Using default column profile:DBProfile.DISK for Table:revokedCerts
2019-10-02 07:34:21,326 [main] INFO  db.DBStoreBuilder (DBStoreBuilder.java:addTable(110)) - using custom profile for table: default
2019-10-02 07:34:21,326 [main] INFO  db.DBStoreBuilder (DBStoreBuilder.java:processTables(167)) - Using default column profile:DBProfile.DISK for Table:default
2019-10-02 07:34:21,327 [main] INFO  db.DBStoreBuilder (DBStoreBuilder.java:getDbProfile(198)) - Using default options. DBProfile.DISK
2019-10-02 07:34:21,589 [main] INFO  net.NodeSchemaLoader (NodeSchemaLoader.java:loadSchemaFromFile(125)) - Loading file from sun.misc.CompoundEnumeration@34123d65
2019-10-02 07:34:21,591 [main] INFO  net.NodeSchemaLoader (NodeSchemaLoader.java:loadSchema(171)) - Loading network topology layer schema file
2019-10-02 07:34:21,691 [main] WARN  server.ServerUtils (ServerUtils.java:sanitizeUserArgs(70)) - ozone.scm.stale.node.interval value = 300000 is larger than max = 100000 based on the key value of ozone.scm.heartbeat.thread.interval, reset to the max value 100000.
2019-10-02 07:34:21,694 [main] WARN  server.ServerUtils (ServerUtils.java:sanitizeUserArgs(70)) - ozone.scm.stale.node.interval value = 300000 is larger than max = 100000 based on the key value of ozone.scm.heartbeat.thread.interval, reset to the max value 100000.
2019-10-02 07:34:21,696 [main] INFO  node.SCMNodeManager (SCMNodeManager.java:<init>(114)) - Entering startup safe mode.
2019-10-02 07:34:21,790 [main] INFO  algorithms.ContainerPlacementPolicyFactory (ContainerPlacementPolicyFactory.java:getPolicy(57)) - Create container placement policy of type org.apache.hadoop.hdds.scm.container.placement.algorithms.SCMContainerPlacementRandom
2019-10-02 07:34:21,808 [main] WARN  server.ServerUtils (ServerUtils.java:getScmDbDir(145)) - ozone.scm.db.dirs is not configured. We recommend adding this setting. Falling back to ozone.metadata.dirs instead.
2019-10-02 07:34:21,872 [main] INFO  pipeline.SCMPipelineManager (SCMPipelineManager.java:initializePipelineState(132)) - No pipeline exists in current db
2019-10-02 07:34:21,875 [main] WARN  server.ServerUtils (ServerUtils.java:getScmDbDir(145)) - ozone.scm.db.dirs is not configured. We recommend adding this setting. Falling back to ozone.metadata.dirs instead.
2019-10-02 07:34:22,000 [main] WARN  events.EventQueue (EventQueue.java:fireEvent(183)) - No event handler registered for event TypedEvent{payloadType=SafeModeStatus, name='SafeModeStatus'}
2019-10-02 07:34:22,351 [main] INFO  ipc.CallQueueManager (CallQueueManager.java:<init>(84)) - Using callQueue: class java.util.concurrent.LinkedBlockingQueue, queueCapacity: 2000, scheduler: class org.apache.hadoop.ipc.DefaultRpcScheduler, ipcBackoff: false.
2019-10-02 07:34:22,378 [Socket Reader #1 for port 44709] INFO  ipc.Server (Server.java:run(1074)) - Starting Socket Reader #1 for port 44709
2019-10-02 07:34:22,554 [main] INFO  ipc.CallQueueManager (CallQueueManager.java:<init>(84)) - Using callQueue: class java.util.concurrent.LinkedBlockingQueue, queueCapacity: 2000, scheduler: class org.apache.hadoop.ipc.DefaultRpcScheduler, ipcBackoff: false.
2019-10-02 07:34:22,555 [Socket Reader #1 for port 45281] INFO  ipc.Server (Server.java:run(1074)) - Starting Socket Reader #1 for port 45281
2019-10-02 07:34:22,567 [main] INFO  ipc.CallQueueManager (CallQueueManager.java:<init>(84)) - Using callQueue: class java.util.concurrent.LinkedBlockingQueue, queueCapacity: 2000, scheduler: class org.apache.hadoop.ipc.DefaultRpcScheduler, ipcBackoff: false.
2019-10-02 07:34:22,568 [Socket Reader #1 for port 35127] INFO  ipc.Server (Server.java:run(1074)) - Starting Socket Reader #1 for port 35127
2019-10-02 07:34:22,595 [main] INFO  hdfs.DFSUtil (DFSUtil.java:httpServerTemplateForNNAndJN(1641)) - Starting Web-server for scm at: http://0.0.0.0:0
2019-10-02 07:34:22,755 [main] INFO  server.AuthenticationFilter (AuthenticationFilter.java:constructSecretProvider(240)) - Unable to initialize FileSignerSecretProvider, falling back to use random secrets.
2019-10-02 07:34:22,767 [main] WARN  http.HttpRequestLog (HttpRequestLog.java:getRequestLog(97)) - Jetty request log can only be enabled using Log4j
2019-10-02 07:34:22,780 [main] INFO  http.HttpServer2 (HttpServer2.java:addGlobalFilter(975)) - Added global filter 'safety' (class=org.apache.hadoop.http.HttpServer2$QuotingInputFilter)
2019-10-02 07:34:22,784 [main] INFO  http.HttpServer2 (HttpServer2.java:addFilter(948)) - Added filter static_user_filter (class=org.apache.hadoop.http.lib.StaticUserWebFilter$StaticUserFilter) to context scm
2019-10-02 07:34:22,785 [main] INFO  http.HttpServer2 (HttpServer2.java:addFilter(958)) - Added filter static_user_filter (class=org.apache.hadoop.http.lib.StaticUserWebFilter$StaticUserFilter) to context logs
2019-10-02 07:34:22,785 [main] INFO  http.HttpServer2 (HttpServer2.java:addFilter(958)) - Added filter static_user_filter (class=org.apache.hadoop.http.lib.StaticUserWebFilter$StaticUserFilter) to context static
2019-10-02 07:34:22,824 [main] INFO  server.StorageContainerManager (StorageContainerManager.java:start(770)) - StorageContainerLocationProtocol RPC server is listening at /0.0.0.0:35127
2019-10-02 07:34:22,899 [main] WARN  impl.MetricsConfig (MetricsConfig.java:loadFirst(134)) - Cannot locate configuration: tried hadoop-metrics2-storagecontainermanager.properties,hadoop-metrics2.properties
2019-10-02 07:34:22,915 [main] INFO  impl.MetricsSystemImpl (MetricsSystemImpl.java:startTimer(374)) - Scheduled Metric snapshot period at 10 second(s).
2019-10-02 07:34:22,915 [main] INFO  impl.MetricsSystemImpl (MetricsSystemImpl.java:start(191)) - StorageContainerManager metrics system started
2019-10-02 07:34:23,172 [main] INFO  server.SCMClientProtocolServer (SCMClientProtocolServer.java:start(150)) - RPC server for Client  is listening at /0.0.0.0:35127
2019-10-02 07:34:23,173 [IPC Server Responder] INFO  ipc.Server (Server.java:run(1314)) - IPC Server Responder: starting
2019-10-02 07:34:23,173 [IPC Server listener on 35127] INFO  ipc.Server (Server.java:run(1153)) - IPC Server listener on 35127: starting
2019-10-02 07:34:23,177 [main] INFO  server.StorageContainerManager (StorageContainerManager.java:start(780)) - ScmBlockLocationProtocol RPC server is listening at /0.0.0.0:45281
2019-10-02 07:34:23,179 [main] INFO  server.SCMBlockProtocolServer (SCMBlockProtocolServer.java:start(146)) - RPC server for Block Protocol is listening at /0.0.0.0:45281
2019-10-02 07:34:23,179 [IPC Server Responder] INFO  ipc.Server (Server.java:run(1314)) - IPC Server Responder: starting
2019-10-02 07:34:23,179 [IPC Server listener on 45281] INFO  ipc.Server (Server.java:run(1153)) - IPC Server listener on 45281: starting
2019-10-02 07:34:23,185 [main] INFO  server.StorageContainerManager (StorageContainerManager.java:start(784)) - ScmDatanodeProtocl RPC server is listening at /0.0.0.0:44709
2019-10-02 07:34:23,186 [main] INFO  server.SCMDatanodeProtocolServer (SCMDatanodeProtocolServer.java:start(191)) - RPC server for DataNodes is listening at /0.0.0.0:44709
2019-10-02 07:34:23,186 [IPC Server Responder] INFO  ipc.Server (Server.java:run(1314)) - IPC Server Responder: starting
2019-10-02 07:34:23,187 [IPC Server listener on 44709] INFO  ipc.Server (Server.java:run(1153)) - IPC Server listener on 44709: starting
2019-10-02 07:34:23,194 [main] INFO  http.HttpServer2 (HttpServer2.java:bindListener(1191)) - Jetty bound to port 44237
2019-10-02 07:34:23,196 [main] INFO  server.Server (Server.java:doStart(351)) - jetty-9.3.25.v20180904, build timestamp: 2018-09-04T21:11:46Z, git hash: 3ce520221d0240229c862b122d2b06c12a625732
2019-10-02 07:34:23,256 [main] INFO  handler.ContextHandler (ContextHandler.java:doStart(781)) - Started o.e.j.s.ServletContextHandler@61e94def{/logs,file:///workdir/hadoop-ozone/integration-test/target/log,AVAILABLE}
2019-10-02 07:34:23,257 [main] INFO  handler.ContextHandler (ContextHandler.java:doStart(781)) - Started o.e.j.s.ServletContextHandler@ebb6851{/static,file:///workdir/hadoop-ozone/integration-test/target/test-classes/webapps/static,AVAILABLE}
2019-10-02 07:34:23,307 [main] INFO  handler.ContextHandler (ContextHandler.java:doStart(781)) - Started o.e.j.w.WebAppContext@780ec4a5{/,file:///workdir/hadoop-ozone/integration-test/target/test-classes/webapps/scm/,AVAILABLE}{/scm}
2019-10-02 07:34:23,314 [main] INFO  server.AbstractConnector (AbstractConnector.java:doStart(278)) - Started ServerConnector@23a9ba52{HTTP/1.1,[http/1.1]}{0.0.0.0:44237}
2019-10-02 07:34:23,315 [main] INFO  server.Server (Server.java:doStart(419)) - Started @2935ms
2019-10-02 07:34:23,318 [main] INFO  impl.MetricsSinkAdapter (MetricsSinkAdapter.java:start(204)) - Sink prometheus started
2019-10-02 07:34:23,318 [main] INFO  impl.MetricsSystemImpl (MetricsSystemImpl.java:registerSink(301)) - Registered sink prometheus
2019-10-02 07:34:23,319 [main] INFO  server.BaseHttpServer (BaseHttpServer.java:updateConnectorAddress(215)) - HTTP server of SCM is listening at http://0.0.0.0:44237
2019-10-02 07:34:23,326 [org.apache.hadoop.util.JvmPauseMonitor$Monitor@245a26e1] INFO  util.JvmPauseMonitor (JvmPauseMonitor.java:run(188)) - Starting JVM pause monitor
2019-10-02 07:34:23,330 [main] WARN  server.ServerUtils (ServerUtils.java:getDBPath(222)) - ozone.om.db.dirs is not configured. We recommend adding this setting. Falling back to ozone.metadata.dirs instead.
2019-10-02 07:34:23,441 [main] WARN  server.ServerUtils (ServerUtils.java:getDBPath(222)) - ozone.om.db.dirs is not configured. We recommend adding this setting. Falling back to ozone.metadata.dirs instead.
2019-10-02 07:34:23,441 [main] WARN  server.ServerUtils (ServerUtils.java:getDBPath(222)) - ozone.om.db.dirs is not configured. We recommend adding this setting. Falling back to ozone.metadata.dirs instead.
2019-10-02 07:34:23,442 [main] INFO  om.OzoneManager (OzoneManager.java:setOMNodeDetails(652)) - OM Service ID is not set. Setting it to the default ID: omServiceIdDefault
2019-10-02 07:34:23,442 [main] INFO  om.OzoneManager (OzoneManager.java:setOMNodeDetails(658)) - OM Node ID is not set. Setting it to the OmStorage's OmID: 4a223fb8-142b-4643-88fc-bb139f936cd1
2019-10-02 07:34:23,444 [main] INFO  om.OzoneManager (OzoneManager.java:loadOMHAConfigs(609)) - Found matching OM address with OMServiceId: null, OMNodeId: null, RPC Address: localhost:0 and Ratis port: 9872
2019-10-02 07:34:24,221 [main] WARN  server.ServerUtils (ServerUtils.java:getDBPath(222)) - ozone.om.db.dirs is not configured. We recommend adding this setting. Falling back to ozone.metadata.dirs instead.
2019-10-02 07:34:24,230 [main] INFO  db.DBStoreBuilder (DBStoreBuilder.java:addTable(110)) - using custom profile for table: userTable
2019-10-02 07:34:24,230 [main] INFO  db.DBStoreBuilder (DBStoreBuilder.java:processTables(161)) - Using default column profile:DBProfile.DISK for Table:userTable
2019-10-02 07:34:24,230 [main] INFO  db.DBStoreBuilder (DBStoreBuilder.java:addTable(110)) - using custom profile for table: volumeTable
2019-10-02 07:34:24,230 [main] INFO  db.DBStoreBuilder (DBStoreBuilder.java:processTables(161)) - Using default column profile:DBProfile.DISK for Table:volumeTable
2019-10-02 07:34:24,231 [main] INFO  db.DBStoreBuilder (DBStoreBuilder.java:addTable(110)) - using custom profile for table: bucketTable
2019-10-02 07:34:24,231 [main] INFO  db.DBStoreBuilder (DBStoreBuilder.java:processTables(161)) - Using default column profile:DBProfile.DISK for Table:bucketTable
2019-10-02 07:34:24,231 [main] INFO  db.DBStoreBuilder (DBStoreBuilder.java:addTable(110)) - using custom profile for table: keyTable
2019-10-02 07:34:24,231 [main] INFO  db.DBStoreBuilder (DBStoreBuilder.java:processTables(161)) - Using default column profile:DBProfile.DISK for Table:keyTable
2019-10-02 07:34:24,232 [main] INFO  db.DBStoreBuilder (DBStoreBuilder.java:addTable(110)) - using custom profile for table: deletedTable
2019-10-02 07:34:24,232 [main] INFO  db.DBStoreBuilder (DBStoreBuilder.java:processTables(161)) - Using default column profile:DBProfile.DISK for Table:deletedTable
2019-10-02 07:34:24,232 [main] INFO  db.DBStoreBuilder (DBStoreBuilder.java:addTable(110)) - using custom profile for table: openKeyTable
2019-10-02 07:34:24,233 [main] INFO  db.DBStoreBuilder (DBStoreBuilder.java:processTables(161)) - Using default column profile:DBProfile.DISK for Table:openKeyTable
2019-10-02 07:34:24,233 [main] INFO  db.DBStoreBuilder (DBStoreBuilder.java:addTable(110)) - using custom profile for table: s3Table
2019-10-02 07:34:24,233 [main] INFO  db.DBStoreBuilder (DBStoreBuilder.java:processTables(161)) - Using default column profile:DBProfile.DISK for Table:s3Table
2019-10-02 07:34:24,233 [main] INFO  db.DBStoreBuilder (DBStoreBuilder.java:addTable(110)) - using custom profile for table: multipartInfoTable
2019-10-02 07:34:24,234 [main] INFO  db.DBStoreBuilder (DBStoreBuilder.java:processTables(161)) - Using default column profile:DBProfile.DISK for Table:multipartInfoTable
2019-10-02 07:34:24,234 [main] INFO  db.DBStoreBuilder (DBStoreBuilder.java:addTable(110)) - using custom profile for table: dTokenTable
2019-10-02 07:34:24,234 [main] INFO  db.DBStoreBuilder (DBStoreBuilder.java:processTables(161)) - Using default column profile:DBProfile.DISK for Table:dTokenTable
2019-10-02 07:34:24,234 [main] INFO  db.DBStoreBuilder (DBStoreBuilder.java:addTable(110)) - using custom profile for table: s3SecretTable
2019-10-02 07:34:24,235 [main] INFO  db.DBStoreBuilder (DBStoreBuilder.java:processTables(161)) - Using default column profile:DBProfile.DISK for Table:s3SecretTable
2019-10-02 07:34:24,235 [main] INFO  db.DBStoreBuilder (DBStoreBuilder.java:addTable(110)) - using custom profile for table: prefixTable
2019-10-02 07:34:24,235 [main] INFO  db.DBStoreBuilder (DBStoreBuilder.java:processTables(161)) - Using default column profile:DBProfile.DISK for Table:prefixTable
2019-10-02 07:34:24,236 [main] INFO  db.DBStoreBuilder (DBStoreBuilder.java:addTable(110)) - using custom profile for table: default
2019-10-02 07:34:24,236 [main] INFO  db.DBStoreBuilder (DBStoreBuilder.java:processTables(167)) - Using default column profile:DBProfile.DISK for Table:default
2019-10-02 07:34:24,236 [main] INFO  db.DBStoreBuilder (DBStoreBuilder.java:getDbProfile(198)) - Using default options. DBProfile.DISK
2019-10-02 07:34:24,751 [main] INFO  ipc.CallQueueManager (CallQueueManager.java:<init>(84)) - Using callQueue: class java.util.concurrent.LinkedBlockingQueue, queueCapacity: 2000, scheduler: class org.apache.hadoop.ipc.DefaultRpcScheduler, ipcBackoff: false.
2019-10-02 07:34:24,752 [Socket Reader #1 for port 46293] INFO  ipc.Server (Server.java:run(1074)) - Starting Socket Reader #1 for port 46293
2019-10-02 07:34:24,775 [main] INFO  om.OzoneManager (OzoneManager.java:start(1243)) - OzoneManager RPC server is listening at localhost/127.0.0.1:46293
2019-10-02 07:34:24,776 [main] INFO  impl.MetricsSystemImpl (MetricsSystemImpl.java:init(158)) - OzoneManager metrics system started (again)
2019-10-02 07:34:24,777 [IPC Server Responder] INFO  ipc.Server (Server.java:run(1314)) - IPC Server Responder: starting
2019-10-02 07:34:24,777 [IPC Server listener on 46293] INFO  ipc.Server (Server.java:run(1153)) - IPC Server listener on 46293: starting
2019-10-02 07:34:24,784 [main] INFO  hdfs.DFSUtil (DFSUtil.java:httpServerTemplateForNNAndJN(1641)) - Starting Web-server for ozoneManager at: http://0.0.0.0:0
2019-10-02 07:34:24,786 [main] INFO  server.AuthenticationFilter (AuthenticationFilter.java:constructSecretProvider(240)) - Unable to initialize FileSignerSecretProvider, falling back to use random secrets.
2019-10-02 07:34:24,787 [main] WARN  http.HttpRequestLog (HttpRequestLog.java:getRequestLog(97)) - Jetty request log can only be enabled using Log4j
2019-10-02 07:34:24,791 [main] INFO  http.HttpServer2 (HttpServer2.java:addGlobalFilter(975)) - Added global filter 'safety' (class=org.apache.hadoop.http.HttpServer2$QuotingInputFilter)
2019-10-02 07:34:24,792 [main] INFO  http.HttpServer2 (HttpServer2.java:addFilter(948)) - Added filter static_user_filter (class=org.apache.hadoop.http.lib.StaticUserWebFilter$StaticUserFilter) to context ozoneManager
2019-10-02 07:34:24,792 [main] INFO  http.HttpServer2 (HttpServer2.java:addFilter(958)) - Added filter static_user_filter (class=org.apache.hadoop.http.lib.StaticUserWebFilter$StaticUserFilter) to context static
2019-10-02 07:34:24,793 [main] INFO  http.HttpServer2 (HttpServer2.java:addFilter(958)) - Added filter static_user_filter (class=org.apache.hadoop.http.lib.StaticUserWebFilter$StaticUserFilter) to context logs
2019-10-02 07:34:24,796 [main] INFO  http.HttpServer2 (HttpServer2.java:bindListener(1191)) - Jetty bound to port 42246
2019-10-02 07:34:24,796 [main] INFO  server.Server (Server.java:doStart(351)) - jetty-9.3.25.v20180904, build timestamp: 2018-09-04T21:11:46Z, git hash: 3ce520221d0240229c862b122d2b06c12a625732
2019-10-02 07:34:24,799 [main] INFO  handler.ContextHandler (ContextHandler.java:doStart(781)) - Started o.e.j.s.ServletContextHandler@31cb96e1{/logs,file:///workdir/hadoop-ozone/integration-test/target/log,AVAILABLE}
2019-10-02 07:34:24,800 [main] INFO  handler.ContextHandler (ContextHandler.java:doStart(781)) - Started o.e.j.s.ServletContextHandler@64030b91{/static,file:///workdir/hadoop-ozone/integration-test/target/test-classes/webapps/static,AVAILABLE}
2019-10-02 07:34:24,808 [main] INFO  handler.ContextHandler (ContextHandler.java:doStart(781)) - Started o.e.j.w.WebAppContext@55cff952{/,file:///workdir/hadoop-ozone/integration-test/target/test-classes/webapps/ozoneManager/,AVAILABLE}{/ozoneManager}
2019-10-02 07:34:24,809 [main] INFO  server.AbstractConnector (AbstractConnector.java:doStart(278)) - Started ServerConnector@660591fb{HTTP/1.1,[http/1.1]}{0.0.0.0:42246}
2019-10-02 07:34:24,810 [main] INFO  server.Server (Server.java:doStart(419)) - Started @4431ms
2019-10-02 07:34:24,811 [main] WARN  impl.MetricsSystemImpl (MetricsSystemImpl.java:register(276)) - Sink prometheus already exists!
2019-10-02 07:34:24,812 [main] INFO  server.BaseHttpServer (BaseHttpServer.java:updateConnectorAddress(215)) - HTTP server of OZONEMANAGER is listening at http://0.0.0.0:42246
2019-10-02 07:34:25,216 [main] INFO  impl.MetricsSystemImpl (MetricsSystemImpl.java:init(158)) - HddsDatanode metrics system started (again)
2019-10-02 07:34:25,285 [main] INFO  ozone.HddsDatanodeService (HddsDatanodeService.java:start(184)) - HddsDatanodeService host:pr-trunk-8bg6x-723665176 ip:192.168.5.178
2019-10-02 07:34:25,322 [main] INFO  volume.HddsVolume (HddsVolume.java:<init>(176)) - Creating Volume: /workdir/hadoop-ozone/integration-test/target/test-dir/MiniOzoneClusterImpl-2816ce32-9f3d-4212-87e4-3e92bc85cde0/datanode-0/data/containers/hdds of  storage type : DISK and capacity : 1482555576320
2019-10-02 07:34:25,324 [main] INFO  volume.VolumeSet (VolumeSet.java:initializeVolumeSet(170)) - Added Volume : /workdir/hadoop-ozone/integration-test/target/test-dir/MiniOzoneClusterImpl-2816ce32-9f3d-4212-87e4-3e92bc85cde0/datanode-0/data/containers/hdds to VolumeSet
2019-10-02 07:34:25,327 [main] INFO  volume.ThrottledAsyncChecker (ThrottledAsyncChecker.java:schedule(139)) - Scheduling a check for org.apache.hadoop.ozone.container.common.volume.HddsVolume@3f29e26
2019-10-02 07:34:25,345 [main] INFO  volume.HddsVolumeChecker (HddsVolumeChecker.java:checkAllVolumes(202)) - Scheduled health check for volume org.apache.hadoop.ozone.container.common.volume.HddsVolume@3f29e26
2019-10-02 07:34:25,458 [main] INFO  impl.RaftServerProxy (ConfUtils.java:logGet(43)) - raft.rpc.type = GRPC (default)
2019-10-02 07:34:25,522 [main] INFO  grpc.GrpcFactory (GrpcFactory.java:checkPooledByteBufAllocatorUseCacheForAllThreads(45)) - PERFORMANCE WARNING: useCacheForAllThreads is true that may cause Netty to create a lot garbage objects and, as a result, trigger GC.
	It is recommended to disable useCacheForAllThreads by setting -Dorg.apache.ratis.thirdparty.io.netty.allocator.useCacheForAllThreads=false in command line.
2019-10-02 07:34:25,527 [main] INFO  grpc.GrpcConfigKeys$Server (ConfUtils.java:logGet(43)) - raft.grpc.server.port = 0 (default)
2019-10-02 07:34:25,528 [main] INFO  server.GrpcService (ConfUtils.java:logGet(43)) - raft.grpc.message.size.max = 33570816 (custom)
2019-10-02 07:34:25,529 [main] INFO  server.RaftServerConfigKeys (ConfUtils.java:logGet(43)) - raft.server.log.appender.buffer.byte-limit = 33554432 (custom)
2019-10-02 07:34:25,530 [main] INFO  server.GrpcService (ConfUtils.java:logGet(43)) - raft.grpc.flow.control.window = 1MB (=1048576) (default)
2019-10-02 07:34:25,531 [main] INFO  server.RaftServerConfigKeys (ConfUtils.java:logGet(43)) - raft.server.rpc.request.timeout = 3000ms (default)
2019-10-02 07:34:25,696 [main] INFO  server.RaftServerConfigKeys (ConfUtils.java:logGet(43)) - raft.server.storage.dir = [/workdir/hadoop-ozone/integration-test/target/test-dir/MiniOzoneClusterImpl-2816ce32-9f3d-4212-87e4-3e92bc85cde0/datanode-0/data/ratis] (custom)
2019-10-02 07:34:25,795 [main] INFO  hdfs.DFSUtil (DFSUtil.java:httpServerTemplateForNNAndJN(1641)) - Starting Web-server for hddsDatanode at: http://0.0.0.0:0
2019-10-02 07:34:25,798 [main] INFO  server.AuthenticationFilter (AuthenticationFilter.java:constructSecretProvider(240)) - Unable to initialize FileSignerSecretProvider, falling back to use random secrets.
2019-10-02 07:34:25,799 [main] WARN  http.HttpRequestLog (HttpRequestLog.java:getRequestLog(97)) - Jetty request log can only be enabled using Log4j
2019-10-02 07:34:25,801 [main] INFO  http.HttpServer2 (HttpServer2.java:addGlobalFilter(975)) - Added global filter 'safety' (class=org.apache.hadoop.http.HttpServer2$QuotingInputFilter)
2019-10-02 07:34:25,802 [main] INFO  http.HttpServer2 (HttpServer2.java:addFilter(948)) - Added filter static_user_filter (class=org.apache.hadoop.http.lib.StaticUserWebFilter$StaticUserFilter) to context hddsDatanode
2019-10-02 07:34:25,802 [main] INFO  http.HttpServer2 (HttpServer2.java:addFilter(958)) - Added filter static_user_filter (class=org.apache.hadoop.http.lib.StaticUserWebFilter$StaticUserFilter) to context logs
2019-10-02 07:34:25,803 [main] INFO  http.HttpServer2 (HttpServer2.java:addFilter(958)) - Added filter static_user_filter (class=org.apache.hadoop.http.lib.StaticUserWebFilter$StaticUserFilter) to context static
2019-10-02 07:34:25,805 [main] INFO  http.HttpServer2 (HttpServer2.java:bindListener(1191)) - Jetty bound to port 43339
2019-10-02 07:34:25,805 [main] INFO  server.Server (Server.java:doStart(351)) - jetty-9.3.25.v20180904, build timestamp: 2018-09-04T21:11:46Z, git hash: 3ce520221d0240229c862b122d2b06c12a625732
2019-10-02 07:34:25,808 [main] INFO  handler.ContextHandler (ContextHandler.java:doStart(781)) - Started o.e.j.s.ServletContextHandler@65b97f47{/logs,file:///workdir/hadoop-ozone/integration-test/target/log,AVAILABLE}
2019-10-02 07:34:25,809 [main] INFO  handler.ContextHandler (ContextHandler.java:doStart(781)) - Started o.e.j.s.ServletContextHandler@476fe690{/static,jar:file:/home/user/.m2/repository/org/apache/hadoop/hadoop-hdds-container-service/0.5.0-SNAPSHOT/hadoop-hdds-container-service-0.5.0-SNAPSHOT.jar!/webapps/static,AVAILABLE}
2019-10-02 07:34:25,845 [main] INFO  handler.ContextHandler (ContextHandler.java:doStart(781)) - Started o.e.j.w.WebAppContext@6dd1c3ed{/,file:///tmp/jetty-0.0.0.0-43339-hddsDatanode-_-any-8738678168324223247.dir/webapp/,AVAILABLE}{/hddsDatanode}
2019-10-02 07:34:25,846 [main] INFO  server.AbstractConnector (AbstractConnector.java:doStart(278)) - Started ServerConnector@22a6e998{HTTP/1.1,[http/1.1]}{0.0.0.0:43339}
2019-10-02 07:34:25,847 [main] INFO  server.Server (Server.java:doStart(419)) - Started @5467ms
2019-10-02 07:34:25,847 [main] WARN  impl.MetricsSystemImpl (MetricsSystemImpl.java:register(276)) - Sink prometheus already exists!
2019-10-02 07:34:25,848 [main] INFO  server.BaseHttpServer (BaseHttpServer.java:updateConnectorAddress(215)) - HTTP server of HDDSDATANODE is listening at http://0.0.0.0:43339
2019-10-02 07:34:25,849 [main] INFO  impl.MetricsSystemImpl (MetricsSystemImpl.java:init(158)) - HddsDatanode metrics system started (again)
2019-10-02 07:34:25,853 [main] INFO  ozone.HddsDatanodeService (HddsDatanodeService.java:start(184)) - HddsDatanodeService host:pr-trunk-8bg6x-723665176 ip:192.168.5.178
2019-10-02 07:34:25,856 [org.apache.hadoop.util.JvmPauseMonitor$Monitor@4b56d7e0] INFO  util.JvmPauseMonitor (JvmPauseMonitor.java:run(188)) - Starting JVM pause monitor
2019-10-02 07:34:25,861 [main] INFO  volume.HddsVolume (HddsVolume.java:<init>(176)) - Creating Volume: /workdir/hadoop-ozone/integration-test/target/test-dir/MiniOzoneClusterImpl-2816ce32-9f3d-4212-87e4-3e92bc85cde0/datanode-1/data/containers/hdds of  storage type : DISK and capacity : 1482555576320
2019-10-02 07:34:25,862 [main] INFO  volume.VolumeSet (VolumeSet.java:initializeVolumeSet(170)) - Added Volume : /workdir/hadoop-ozone/integration-test/target/test-dir/MiniOzoneClusterImpl-2816ce32-9f3d-4212-87e4-3e92bc85cde0/datanode-1/data/containers/hdds to VolumeSet
2019-10-02 07:34:25,862 [main] INFO  volume.ThrottledAsyncChecker (ThrottledAsyncChecker.java:schedule(139)) - Scheduling a check for org.apache.hadoop.ozone.container.common.volume.HddsVolume@2f1d0bbc
2019-10-02 07:34:25,863 [main] INFO  volume.HddsVolumeChecker (HddsVolumeChecker.java:checkAllVolumes(202)) - Scheduled health check for volume org.apache.hadoop.ozone.container.common.volume.HddsVolume@2f1d0bbc
2019-10-02 07:34:25,878 [main] INFO  impl.RaftServerProxy (ConfUtils.java:logGet(43)) - raft.rpc.type = GRPC (default)
2019-10-02 07:34:25,878 [main] INFO  grpc.GrpcFactory (GrpcFactory.java:checkPooledByteBufAllocatorUseCacheForAllThreads(45)) - PERFORMANCE WARNING: useCacheForAllThreads is true that may cause Netty to create a lot garbage objects and, as a result, trigger GC.
	It is recommended to disable useCacheForAllThreads by setting -Dorg.apache.ratis.thirdparty.io.netty.allocator.useCacheForAllThreads=false in command line.
2019-10-02 07:34:25,878 [main] INFO  grpc.GrpcConfigKeys$Server (ConfUtils.java:logGet(43)) - raft.grpc.server.port = 0 (default)
2019-10-02 07:34:25,879 [main] INFO  server.GrpcService (ConfUtils.java:logGet(43)) - raft.grpc.message.size.max = 33570816 (custom)
2019-10-02 07:34:25,879 [main] INFO  server.RaftServerConfigKeys (ConfUtils.java:logGet(43)) - raft.server.log.appender.buffer.byte-limit = 33554432 (custom)
2019-10-02 07:34:25,880 [main] INFO  server.GrpcService (ConfUtils.java:logGet(43)) - raft.grpc.flow.control.window = 1MB (=1048576) (default)
2019-10-02 07:34:25,880 [main] INFO  server.RaftServerConfigKeys (ConfUtils.java:logGet(43)) - raft.server.rpc.request.timeout = 3000ms (default)
2019-10-02 07:34:25,881 [main] INFO  server.RaftServerConfigKeys (ConfUtils.java:logGet(43)) - raft.server.storage.dir = [/workdir/hadoop-ozone/integration-test/target/test-dir/MiniOzoneClusterImpl-2816ce32-9f3d-4212-87e4-3e92bc85cde0/datanode-1/data/ratis] (custom)
2019-10-02 07:34:25,882 [main] INFO  hdfs.DFSUtil (DFSUtil.java:httpServerTemplateForNNAndJN(1641)) - Starting Web-server for hddsDatanode at: http://0.0.0.0:0
2019-10-02 07:34:25,884 [main] INFO  server.AuthenticationFilter (AuthenticationFilter.java:constructSecretProvider(240)) - Unable to initialize FileSignerSecretProvider, falling back to use random secrets.
2019-10-02 07:34:25,885 [main] WARN  http.HttpRequestLog (HttpRequestLog.java:getRequestLog(97)) - Jetty request log can only be enabled using Log4j
2019-10-02 07:34:25,886 [main] INFO  http.HttpServer2 (HttpServer2.java:addGlobalFilter(975)) - Added global filter 'safety' (class=org.apache.hadoop.http.HttpServer2$QuotingInputFilter)
2019-10-02 07:34:25,887 [main] INFO  http.HttpServer2 (HttpServer2.java:addFilter(948)) - Added filter static_user_filter (class=org.apache.hadoop.http.lib.StaticUserWebFilter$StaticUserFilter) to context hddsDatanode
2019-10-02 07:34:25,887 [main] INFO  http.HttpServer2 (HttpServer2.java:addFilter(958)) - Added filter static_user_filter (class=org.apache.hadoop.http.lib.StaticUserWebFilter$StaticUserFilter) to context logs
2019-10-02 07:34:25,887 [main] INFO  http.HttpServer2 (HttpServer2.java:addFilter(958)) - Added filter static_user_filter (class=org.apache.hadoop.http.lib.StaticUserWebFilter$StaticUserFilter) to context static
2019-10-02 07:34:25,888 [main] INFO  http.HttpServer2 (HttpServer2.java:bindListener(1191)) - Jetty bound to port 44695
2019-10-02 07:34:25,889 [main] INFO  server.Server (Server.java:doStart(351)) - jetty-9.3.25.v20180904, build timestamp: 2018-09-04T21:11:46Z, git hash: 3ce520221d0240229c862b122d2b06c12a625732
2019-10-02 07:34:25,893 [main] INFO  handler.ContextHandler (ContextHandler.java:doStart(781)) - Started o.e.j.s.ServletContextHandler@7fdab70c{/logs,file:///workdir/hadoop-ozone/integration-test/target/log,AVAILABLE}
2019-10-02 07:34:25,894 [main] INFO  handler.ContextHandler (ContextHandler.java:doStart(781)) - Started o.e.j.s.ServletContextHandler@49faf066{/static,jar:file:/home/user/.m2/repository/org/apache/hadoop/hadoop-hdds-container-service/0.5.0-SNAPSHOT/hadoop-hdds-container-service-0.5.0-SNAPSHOT.jar!/webapps/static,AVAILABLE}
2019-10-02 07:34:25,924 [main] INFO  handler.ContextHandler (ContextHandler.java:doStart(781)) - Started o.e.j.w.WebAppContext@6c3659be{/,file:///tmp/jetty-0.0.0.0-44695-hddsDatanode-_-any-9064514088974234196.dir/webapp/,AVAILABLE}{/hddsDatanode}
2019-10-02 07:34:25,924 [main] INFO  server.AbstractConnector (AbstractConnector.java:doStart(278)) - Started ServerConnector@522bf64e{HTTP/1.1,[http/1.1]}{0.0.0.0:44695}
2019-10-02 07:34:25,927 [main] INFO  server.Server (Server.java:doStart(419)) - Started @5547ms
2019-10-02 07:34:25,927 [main] WARN  impl.MetricsSystemImpl (MetricsSystemImpl.java:register(276)) - Sink prometheus already exists!
2019-10-02 07:34:25,928 [main] INFO  server.BaseHttpServer (BaseHttpServer.java:updateConnectorAddress(215)) - HTTP server of HDDSDATANODE is listening at http://0.0.0.0:44695
2019-10-02 07:34:25,929 [main] INFO  impl.MetricsSystemImpl (MetricsSystemImpl.java:init(158)) - HddsDatanode metrics system started (again)
2019-10-02 07:34:25,939 [org.apache.hadoop.util.JvmPauseMonitor$Monitor@24fa63d8] INFO  util.JvmPauseMonitor (JvmPauseMonitor.java:run(188)) - Starting JVM pause monitor
2019-10-02 07:34:25,940 [main] INFO  ozone.HddsDatanodeService (HddsDatanodeService.java:start(184)) - HddsDatanodeService host:pr-trunk-8bg6x-723665176 ip:192.168.5.178
2019-10-02 07:34:25,953 [main] INFO  volume.HddsVolume (HddsVolume.java:<init>(176)) - Creating Volume: /workdir/hadoop-ozone/integration-test/target/test-dir/MiniOzoneClusterImpl-2816ce32-9f3d-4212-87e4-3e92bc85cde0/datanode-2/data/containers/hdds of  storage type : DISK and capacity : 1482555576320
2019-10-02 07:34:25,954 [main] INFO  volume.VolumeSet (VolumeSet.java:initializeVolumeSet(170)) - Added Volume : /workdir/hadoop-ozone/integration-test/target/test-dir/MiniOzoneClusterImpl-2816ce32-9f3d-4212-87e4-3e92bc85cde0/datanode-2/data/containers/hdds to VolumeSet
2019-10-02 07:34:25,955 [main] INFO  volume.ThrottledAsyncChecker (ThrottledAsyncChecker.java:schedule(139)) - Scheduling a check for org.apache.hadoop.ozone.container.common.volume.HddsVolume@4d21c56e
2019-10-02 07:34:25,955 [main] INFO  volume.HddsVolumeChecker (HddsVolumeChecker.java:checkAllVolumes(202)) - Scheduled health check for volume org.apache.hadoop.ozone.container.common.volume.HddsVolume@4d21c56e
2019-10-02 07:34:25,979 [main] INFO  impl.RaftServerProxy (ConfUtils.java:logGet(43)) - raft.rpc.type = GRPC (default)
2019-10-02 07:34:25,980 [main] INFO  grpc.GrpcFactory (GrpcFactory.java:checkPooledByteBufAllocatorUseCacheForAllThreads(45)) - PERFORMANCE WARNING: useCacheForAllThreads is true that may cause Netty to create a lot garbage objects and, as a result, trigger GC.
	It is recommended to disable useCacheForAllThreads by setting -Dorg.apache.ratis.thirdparty.io.netty.allocator.useCacheForAllThreads=false in command line.
2019-10-02 07:34:25,980 [main] INFO  grpc.GrpcConfigKeys$Server (ConfUtils.java:logGet(43)) - raft.grpc.server.port = 0 (default)
2019-10-02 07:34:25,980 [main] INFO  server.GrpcService (ConfUtils.java:logGet(43)) - raft.grpc.message.size.max = 33570816 (custom)
2019-10-02 07:34:25,981 [main] INFO  server.RaftServerConfigKeys (ConfUtils.java:logGet(43)) - raft.server.log.appender.buffer.byte-limit = 33554432 (custom)
2019-10-02 07:34:25,981 [main] INFO  server.GrpcService (ConfUtils.java:logGet(43)) - raft.grpc.flow.control.window = 1MB (=1048576) (default)
2019-10-02 07:34:25,982 [main] INFO  server.RaftServerConfigKeys (ConfUtils.java:logGet(43)) - raft.server.rpc.request.timeout = 3000ms (default)
2019-10-02 07:34:25,982 [main] INFO  server.RaftServerConfigKeys (ConfUtils.java:logGet(43)) - raft.server.storage.dir = [/workdir/hadoop-ozone/integration-test/target/test-dir/MiniOzoneClusterImpl-2816ce32-9f3d-4212-87e4-3e92bc85cde0/datanode-2/data/ratis] (custom)
2019-10-02 07:34:25,985 [main] INFO  hdfs.DFSUtil (DFSUtil.java:httpServerTemplateForNNAndJN(1641)) - Starting Web-server for hddsDatanode at: http://0.0.0.0:0
2019-10-02 07:34:25,987 [main] INFO  server.AuthenticationFilter (AuthenticationFilter.java:constructSecretProvider(240)) - Unable to initialize FileSignerSecretProvider, falling back to use random secrets.
2019-10-02 07:34:25,988 [main] WARN  http.HttpRequestLog (HttpRequestLog.java:getRequestLog(97)) - Jetty request log can only be enabled using Log4j
2019-10-02 07:34:25,989 [main] INFO  http.HttpServer2 (HttpServer2.java:addGlobalFilter(975)) - Added global filter 'safety' (class=org.apache.hadoop.http.HttpServer2$QuotingInputFilter)
2019-10-02 07:34:25,990 [main] INFO  http.HttpServer2 (HttpServer2.java:addFilter(948)) - Added filter static_user_filter (class=org.apache.hadoop.http.lib.StaticUserWebFilter$StaticUserFilter) to context hddsDatanode
2019-10-02 07:34:25,990 [main] INFO  http.HttpServer2 (HttpServer2.java:addFilter(958)) - Added filter static_user_filter (class=org.apache.hadoop.http.lib.StaticUserWebFilter$StaticUserFilter) to context logs
2019-10-02 07:34:25,991 [main] INFO  http.HttpServer2 (HttpServer2.java:addFilter(958)) - Added filter static_user_filter (class=org.apache.hadoop.http.lib.StaticUserWebFilter$StaticUserFilter) to context static
2019-10-02 07:34:25,991 [main] INFO  http.HttpServer2 (HttpServer2.java:bindListener(1191)) - Jetty bound to port 42036
2019-10-02 07:34:25,991 [main] INFO  server.Server (Server.java:doStart(351)) - jetty-9.3.25.v20180904, build timestamp: 2018-09-04T21:11:46Z, git hash: 3ce520221d0240229c862b122d2b06c12a625732
2019-10-02 07:34:25,993 [main] INFO  handler.ContextHandler (ContextHandler.java:doStart(781)) - Started o.e.j.s.ServletContextHandler@10f7c76{/logs,file:///workdir/hadoop-ozone/integration-test/target/log,AVAILABLE}
2019-10-02 07:34:25,994 [main] INFO  handler.ContextHandler (ContextHandler.java:doStart(781)) - Started o.e.j.s.ServletContextHandler@2f2bff16{/static,jar:file:/home/user/.m2/repository/org/apache/hadoop/hadoop-hdds-container-service/0.5.0-SNAPSHOT/hadoop-hdds-container-service-0.5.0-SNAPSHOT.jar!/webapps/static,AVAILABLE}
2019-10-02 07:34:26,025 [Datanode State Machine Thread - 0] INFO  datanode.InitDatanodeState (InitDatanodeState.java:persistContainerDatanodeDetails(140)) - DatanodeDetails is persisted to /workdir/hadoop-ozone/integration-test/target/test-dir/MiniOzoneClusterImpl-2816ce32-9f3d-4212-87e4-3e92bc85cde0/datanode-0/meta/datanode.id
2019-10-02 07:34:26,029 [Datanode State Machine Thread - 0] INFO  datanode.InitDatanodeState (InitDatanodeState.java:persistContainerDatanodeDetails(140)) - DatanodeDetails is persisted to /workdir/hadoop-ozone/integration-test/target/test-dir/MiniOzoneClusterImpl-2816ce32-9f3d-4212-87e4-3e92bc85cde0/datanode-1/meta/datanode.id
2019-10-02 07:34:26,031 [main] INFO  handler.ContextHandler (ContextHandler.java:doStart(781)) - Started o.e.j.w.WebAppContext@7724704f{/,file:///tmp/jetty-0.0.0.0-42036-hddsDatanode-_-any-7504104586611209179.dir/webapp/,AVAILABLE}{/hddsDatanode}
2019-10-02 07:34:26,032 [main] INFO  server.AbstractConnector (AbstractConnector.java:doStart(278)) - Started ServerConnector@3dfa819{HTTP/1.1,[http/1.1]}{0.0.0.0:42036}
2019-10-02 07:34:26,033 [main] INFO  server.Server (Server.java:doStart(419)) - Started @5653ms
2019-10-02 07:34:26,033 [main] WARN  impl.MetricsSystemImpl (MetricsSystemImpl.java:register(276)) - Sink prometheus already exists!
2019-10-02 07:34:26,034 [main] INFO  server.BaseHttpServer (BaseHttpServer.java:updateConnectorAddress(215)) - HTTP server of HDDSDATANODE is listening at http://0.0.0.0:42036
2019-10-02 07:34:26,034 [main] INFO  impl.MetricsSystemImpl (MetricsSystemImpl.java:init(158)) - HddsDatanode metrics system started (again)
2019-10-02 07:34:26,037 [main] INFO  ozone.HddsDatanodeService (HddsDatanodeService.java:start(184)) - HddsDatanodeService host:pr-trunk-8bg6x-723665176 ip:192.168.5.178
2019-10-02 07:34:26,038 [org.apache.hadoop.util.JvmPauseMonitor$Monitor@10064a0e] INFO  util.JvmPauseMonitor (JvmPauseMonitor.java:run(188)) - Starting JVM pause monitor
2019-10-02 07:34:26,040 [Datanode State Machine Thread - 0] INFO  datanode.InitDatanodeState (InitDatanodeState.java:persistContainerDatanodeDetails(140)) - DatanodeDetails is persisted to /workdir/hadoop-ozone/integration-test/target/test-dir/MiniOzoneClusterImpl-2816ce32-9f3d-4212-87e4-3e92bc85cde0/datanode-2/meta/datanode.id
2019-10-02 07:34:26,045 [main] INFO  volume.HddsVolume (HddsVolume.java:<init>(176)) - Creating Volume: /workdir/hadoop-ozone/integration-test/target/test-dir/MiniOzoneClusterImpl-2816ce32-9f3d-4212-87e4-3e92bc85cde0/datanode-3/data/containers/hdds of  storage type : DISK and capacity : 1482555576320
2019-10-02 07:34:26,045 [main] INFO  volume.VolumeSet (VolumeSet.java:initializeVolumeSet(170)) - Added Volume : /workdir/hadoop-ozone/integration-test/target/test-dir/MiniOzoneClusterImpl-2816ce32-9f3d-4212-87e4-3e92bc85cde0/datanode-3/data/containers/hdds to VolumeSet
2019-10-02 07:34:26,045 [main] INFO  volume.ThrottledAsyncChecker (ThrottledAsyncChecker.java:schedule(139)) - Scheduling a check for org.apache.hadoop.ozone.container.common.volume.HddsVolume@1305c126
2019-10-02 07:34:26,046 [main] INFO  volume.HddsVolumeChecker (HddsVolumeChecker.java:checkAllVolumes(202)) - Scheduled health check for volume org.apache.hadoop.ozone.container.common.volume.HddsVolume@1305c126
2019-10-02 07:34:26,060 [main] INFO  impl.RaftServerProxy (ConfUtils.java:logGet(43)) - raft.rpc.type = GRPC (default)
2019-10-02 07:34:26,060 [main] INFO  grpc.GrpcFactory (GrpcFactory.java:checkPooledByteBufAllocatorUseCacheForAllThreads(45)) - PERFORMANCE WARNING: useCacheForAllThreads is true that may cause Netty to create a lot garbage objects and, as a result, trigger GC.
	It is recommended to disable useCacheForAllThreads by setting -Dorg.apache.ratis.thirdparty.io.netty.allocator.useCacheForAllThreads=false in command line.
2019-10-02 07:34:26,060 [main] INFO  grpc.GrpcConfigKeys$Server (ConfUtils.java:logGet(43)) - raft.grpc.server.port = 0 (default)
2019-10-02 07:34:26,060 [main] INFO  server.GrpcService (ConfUtils.java:logGet(43)) - raft.grpc.message.size.max = 33570816 (custom)
2019-10-02 07:34:26,061 [main] INFO  server.RaftServerConfigKeys (ConfUtils.java:logGet(43)) - raft.server.log.appender.buffer.byte-limit = 33554432 (custom)
2019-10-02 07:34:26,061 [main] INFO  server.GrpcService (ConfUtils.java:logGet(43)) - raft.grpc.flow.control.window = 1MB (=1048576) (default)
2019-10-02 07:34:26,061 [main] INFO  server.RaftServerConfigKeys (ConfUtils.java:logGet(43)) - raft.server.rpc.request.timeout = 3000ms (default)
2019-10-02 07:34:26,062 [main] INFO  server.RaftServerConfigKeys (ConfUtils.java:logGet(43)) - raft.server.storage.dir = [/workdir/hadoop-ozone/integration-test/target/test-dir/MiniOzoneClusterImpl-2816ce32-9f3d-4212-87e4-3e92bc85cde0/datanode-3/data/ratis] (custom)
2019-10-02 07:34:26,063 [main] INFO  hdfs.DFSUtil (DFSUtil.java:httpServerTemplateForNNAndJN(1641)) - Starting Web-server for hddsDatanode at: http://0.0.0.0:0
2019-10-02 07:34:26,065 [main] INFO  server.AuthenticationFilter (AuthenticationFilter.java:constructSecretProvider(240)) - Unable to initialize FileSignerSecretProvider, falling back to use random secrets.
2019-10-02 07:34:26,065 [main] WARN  http.HttpRequestLog (HttpRequestLog.java:getRequestLog(97)) - Jetty request log can only be enabled using Log4j
2019-10-02 07:34:26,066 [main] INFO  http.HttpServer2 (HttpServer2.java:addGlobalFilter(975)) - Added global filter 'safety' (class=org.apache.hadoop.http.HttpServer2$QuotingInputFilter)
2019-10-02 07:34:26,067 [main] INFO  http.HttpServer2 (HttpServer2.java:addFilter(948)) - Added filter static_user_filter (class=org.apache.hadoop.http.lib.StaticUserWebFilter$StaticUserFilter) to context hddsDatanode
2019-10-02 07:34:26,067 [main] INFO  http.HttpServer2 (HttpServer2.java:addFilter(958)) - Added filter static_user_filter (class=org.apache.hadoop.http.lib.StaticUserWebFilter$StaticUserFilter) to context logs
2019-10-02 07:34:26,067 [main] INFO  http.HttpServer2 (HttpServer2.java:addFilter(958)) - Added filter static_user_filter (class=org.apache.hadoop.http.lib.StaticUserWebFilter$StaticUserFilter) to context static
2019-10-02 07:34:26,068 [main] INFO  http.HttpServer2 (HttpServer2.java:bindListener(1191)) - Jetty bound to port 35588
2019-10-02 07:34:26,068 [main] INFO  server.Server (Server.java:doStart(351)) - jetty-9.3.25.v20180904, build timestamp: 2018-09-04T21:11:46Z, git hash: 3ce520221d0240229c862b122d2b06c12a625732
2019-10-02 07:34:26,071 [main] INFO  handler.ContextHandler (ContextHandler.java:doStart(781)) - Started o.e.j.s.ServletContextHandler@102c577f{/logs,file:///workdir/hadoop-ozone/integration-test/target/log,AVAILABLE}
2019-10-02 07:34:26,072 [main] INFO  handler.ContextHandler (ContextHandler.java:doStart(781)) - Started o.e.j.s.ServletContextHandler@1fb2d5e{/static,jar:file:/home/user/.m2/repository/org/apache/hadoop/hadoop-hdds-container-service/0.5.0-SNAPSHOT/hadoop-hdds-container-service-0.5.0-SNAPSHOT.jar!/webapps/static,AVAILABLE}
2019-10-02 07:34:26,100 [main] INFO  handler.ContextHandler (ContextHandler.java:doStart(781)) - Started o.e.j.w.WebAppContext@45acdd11{/,file:///tmp/jetty-0.0.0.0-35588-hddsDatanode-_-any-6384468155905953133.dir/webapp/,AVAILABLE}{/hddsDatanode}
2019-10-02 07:34:26,101 [main] INFO  server.AbstractConnector (AbstractConnector.java:doStart(278)) - Started ServerConnector@3f0d6038{HTTP/1.1,[http/1.1]}{0.0.0.0:35588}
2019-10-02 07:34:26,101 [main] INFO  server.Server (Server.java:doStart(419)) - Started @5721ms
2019-10-02 07:34:26,103 [main] WARN  impl.MetricsSystemImpl (MetricsSystemImpl.java:register(276)) - Sink prometheus already exists!
2019-10-02 07:34:26,103 [main] INFO  server.BaseHttpServer (BaseHttpServer.java:updateConnectorAddress(215)) - HTTP server of HDDSDATANODE is listening at http://0.0.0.0:35588
2019-10-02 07:34:26,104 [main] INFO  impl.MetricsSystemImpl (MetricsSystemImpl.java:init(158)) - HddsDatanode metrics system started (again)
2019-10-02 07:34:26,107 [main] INFO  ozone.HddsDatanodeService (HddsDatanodeService.java:start(184)) - HddsDatanodeService host:pr-trunk-8bg6x-723665176 ip:192.168.5.178
2019-10-02 07:34:26,107 [org.apache.hadoop.util.JvmPauseMonitor$Monitor@4eb782a7] INFO  util.JvmPauseMonitor (JvmPauseMonitor.java:run(188)) - Starting JVM pause monitor
2019-10-02 07:34:26,111 [Datanode State Machine Thread - 0] INFO  datanode.InitDatanodeState (InitDatanodeState.java:persistContainerDatanodeDetails(140)) - DatanodeDetails is persisted to /workdir/hadoop-ozone/integration-test/target/test-dir/MiniOzoneClusterImpl-2816ce32-9f3d-4212-87e4-3e92bc85cde0/datanode-3/meta/datanode.id
2019-10-02 07:34:26,116 [main] INFO  volume.HddsVolume (HddsVolume.java:<init>(176)) - Creating Volume: /workdir/hadoop-ozone/integration-test/target/test-dir/MiniOzoneClusterImpl-2816ce32-9f3d-4212-87e4-3e92bc85cde0/datanode-4/data/containers/hdds of  storage type : DISK and capacity : 1482555576320
2019-10-02 07:34:26,117 [main] INFO  volume.VolumeSet (VolumeSet.java:initializeVolumeSet(170)) - Added Volume : /workdir/hadoop-ozone/integration-test/target/test-dir/MiniOzoneClusterImpl-2816ce32-9f3d-4212-87e4-3e92bc85cde0/datanode-4/data/containers/hdds to VolumeSet
2019-10-02 07:34:26,117 [main] INFO  volume.ThrottledAsyncChecker (ThrottledAsyncChecker.java:schedule(139)) - Scheduling a check for org.apache.hadoop.ozone.container.common.volume.HddsVolume@2cae9b8
2019-10-02 07:34:26,117 [main] INFO  volume.HddsVolumeChecker (HddsVolumeChecker.java:checkAllVolumes(202)) - Scheduled health check for volume org.apache.hadoop.ozone.container.common.volume.HddsVolume@2cae9b8
2019-10-02 07:34:26,139 [main] INFO  impl.RaftServerProxy (ConfUtils.java:logGet(43)) - raft.rpc.type = GRPC (default)
2019-10-02 07:34:26,139 [main] INFO  grpc.GrpcFactory (GrpcFactory.java:checkPooledByteBufAllocatorUseCacheForAllThreads(45)) - PERFORMANCE WARNING: useCacheForAllThreads is true that may cause Netty to create a lot garbage objects and, as a result, trigger GC.
	It is recommended to disable useCacheForAllThreads by setting -Dorg.apache.ratis.thirdparty.io.netty.allocator.useCacheForAllThreads=false in command line.
2019-10-02 07:34:26,140 [main] INFO  grpc.GrpcConfigKeys$Server (ConfUtils.java:logGet(43)) - raft.grpc.server.port = 0 (default)
2019-10-02 07:34:26,140 [main] INFO  server.GrpcService (ConfUtils.java:logGet(43)) - raft.grpc.message.size.max = 33570816 (custom)
2019-10-02 07:34:26,141 [main] INFO  server.RaftServerConfigKeys (ConfUtils.java:logGet(43)) - raft.server.log.appender.buffer.byte-limit = 33554432 (custom)
2019-10-02 07:34:26,141 [main] INFO  server.GrpcService (ConfUtils.java:logGet(43)) - raft.grpc.flow.control.window = 1MB (=1048576) (default)
2019-10-02 07:34:26,142 [main] INFO  server.RaftServerConfigKeys (ConfUtils.java:logGet(43)) - raft.server.rpc.request.timeout = 3000ms (default)
2019-10-02 07:34:26,143 [main] INFO  server.RaftServerConfigKeys (ConfUtils.java:logGet(43)) - raft.server.storage.dir = [/workdir/hadoop-ozone/integration-test/target/test-dir/MiniOzoneClusterImpl-2816ce32-9f3d-4212-87e4-3e92bc85cde0/datanode-4/data/ratis] (custom)
2019-10-02 07:34:26,145 [main] INFO  hdfs.DFSUtil (DFSUtil.java:httpServerTemplateForNNAndJN(1641)) - Starting Web-server for hddsDatanode at: http://0.0.0.0:0
2019-10-02 07:34:26,147 [main] INFO  server.AuthenticationFilter (AuthenticationFilter.java:constructSecretProvider(240)) - Unable to initialize FileSignerSecretProvider, falling back to use random secrets.
2019-10-02 07:34:26,147 [main] WARN  http.HttpRequestLog (HttpRequestLog.java:getRequestLog(97)) - Jetty request log can only be enabled using Log4j
2019-10-02 07:34:26,149 [main] INFO  http.HttpServer2 (HttpServer2.java:addGlobalFilter(975)) - Added global filter 'safety' (class=org.apache.hadoop.http.HttpServer2$QuotingInputFilter)
2019-10-02 07:34:26,149 [main] INFO  http.HttpServer2 (HttpServer2.java:addFilter(948)) - Added filter static_user_filter (class=org.apache.hadoop.http.lib.StaticUserWebFilter$StaticUserFilter) to context hddsDatanode
2019-10-02 07:34:26,150 [main] INFO  http.HttpServer2 (HttpServer2.java:addFilter(958)) - Added filter static_user_filter (class=org.apache.hadoop.http.lib.StaticUserWebFilter$StaticUserFilter) to context logs
2019-10-02 07:34:26,150 [main] INFO  http.HttpServer2 (HttpServer2.java:addFilter(958)) - Added filter static_user_filter (class=org.apache.hadoop.http.lib.StaticUserWebFilter$StaticUserFilter) to context static
2019-10-02 07:34:26,151 [main] INFO  http.HttpServer2 (HttpServer2.java:bindListener(1191)) - Jetty bound to port 39039
2019-10-02 07:34:26,151 [main] INFO  server.Server (Server.java:doStart(351)) - jetty-9.3.25.v20180904, build timestamp: 2018-09-04T21:11:46Z, git hash: 3ce520221d0240229c862b122d2b06c12a625732
2019-10-02 07:34:26,153 [main] INFO  handler.ContextHandler (ContextHandler.java:doStart(781)) - Started o.e.j.s.ServletContextHandler@291373d3{/logs,file:///workdir/hadoop-ozone/integration-test/target/log,AVAILABLE}
2019-10-02 07:34:26,154 [main] INFO  handler.ContextHandler (ContextHandler.java:doStart(781)) - Started o.e.j.s.ServletContextHandler@3204e238{/static,jar:file:/home/user/.m2/repository/org/apache/hadoop/hadoop-hdds-container-service/0.5.0-SNAPSHOT/hadoop-hdds-container-service-0.5.0-SNAPSHOT.jar!/webapps/static,AVAILABLE}
2019-10-02 07:34:26,182 [main] INFO  handler.ContextHandler (ContextHandler.java:doStart(781)) - Started o.e.j.w.WebAppContext@5f481b73{/,file:///tmp/jetty-0.0.0.0-39039-hddsDatanode-_-any-6777971239528430742.dir/webapp/,AVAILABLE}{/hddsDatanode}
2019-10-02 07:34:26,184 [main] INFO  server.AbstractConnector (AbstractConnector.java:doStart(278)) - Started ServerConnector@32130e61{HTTP/1.1,[http/1.1]}{0.0.0.0:39039}
2019-10-02 07:34:26,184 [main] INFO  server.Server (Server.java:doStart(419)) - Started @5804ms
2019-10-02 07:34:26,184 [main] WARN  impl.MetricsSystemImpl (MetricsSystemImpl.java:register(276)) - Sink prometheus already exists!
2019-10-02 07:34:26,185 [main] INFO  server.BaseHttpServer (BaseHttpServer.java:updateConnectorAddress(215)) - HTTP server of HDDSDATANODE is listening at http://0.0.0.0:39039
2019-10-02 07:34:26,185 [main] INFO  impl.MetricsSystemImpl (MetricsSystemImpl.java:init(158)) - HddsDatanode metrics system started (again)
2019-10-02 07:34:26,189 [main] INFO  ozone.HddsDatanodeService (HddsDatanodeService.java:start(184)) - HddsDatanodeService host:pr-trunk-8bg6x-723665176 ip:192.168.5.178
2019-10-02 07:34:26,190 [org.apache.hadoop.util.JvmPauseMonitor$Monitor@4bb1f8a5] INFO  util.JvmPauseMonitor (JvmPauseMonitor.java:run(188)) - Starting JVM pause monitor
2019-10-02 07:34:26,193 [Datanode State Machine Thread - 0] INFO  datanode.InitDatanodeState (InitDatanodeState.java:persistContainerDatanodeDetails(140)) - DatanodeDetails is persisted to /workdir/hadoop-ozone/integration-test/target/test-dir/MiniOzoneClusterImpl-2816ce32-9f3d-4212-87e4-3e92bc85cde0/datanode-4/meta/datanode.id
2019-10-02 07:34:26,199 [main] INFO  volume.HddsVolume (HddsVolume.java:<init>(176)) - Creating Volume: /workdir/hadoop-ozone/integration-test/target/test-dir/MiniOzoneClusterImpl-2816ce32-9f3d-4212-87e4-3e92bc85cde0/datanode-5/data/containers/hdds of  storage type : DISK and capacity : 1482555576320
2019-10-02 07:34:26,199 [main] INFO  volume.VolumeSet (VolumeSet.java:initializeVolumeSet(170)) - Added Volume : /workdir/hadoop-ozone/integration-test/target/test-dir/MiniOzoneClusterImpl-2816ce32-9f3d-4212-87e4-3e92bc85cde0/datanode-5/data/containers/hdds to VolumeSet
2019-10-02 07:34:26,199 [main] INFO  volume.ThrottledAsyncChecker (ThrottledAsyncChecker.java:schedule(139)) - Scheduling a check for org.apache.hadoop.ozone.container.common.volume.HddsVolume@58fef7f7
2019-10-02 07:34:26,200 [main] INFO  volume.HddsVolumeChecker (HddsVolumeChecker.java:checkAllVolumes(202)) - Scheduled health check for volume org.apache.hadoop.ozone.container.common.volume.HddsVolume@58fef7f7
2019-10-02 07:34:26,217 [main] INFO  impl.RaftServerProxy (ConfUtils.java:logGet(43)) - raft.rpc.type = GRPC (default)
2019-10-02 07:34:26,217 [main] INFO  grpc.GrpcFactory (GrpcFactory.java:checkPooledByteBufAllocatorUseCacheForAllThreads(45)) - PERFORMANCE WARNING: useCacheForAllThreads is true that may cause Netty to create a lot garbage objects and, as a result, trigger GC.
	It is recommended to disable useCacheForAllThreads by setting -Dorg.apache.ratis.thirdparty.io.netty.allocator.useCacheForAllThreads=false in command line.
2019-10-02 07:34:26,217 [main] INFO  grpc.GrpcConfigKeys$Server (ConfUtils.java:logGet(43)) - raft.grpc.server.port = 0 (default)
2019-10-02 07:34:26,218 [main] INFO  server.GrpcService (ConfUtils.java:logGet(43)) - raft.grpc.message.size.max = 33570816 (custom)
2019-10-02 07:34:26,218 [main] INFO  server.RaftServerConfigKeys (ConfUtils.java:logGet(43)) - raft.server.log.appender.buffer.byte-limit = 33554432 (custom)
2019-10-02 07:34:26,218 [main] INFO  server.GrpcService (ConfUtils.java:logGet(43)) - raft.grpc.flow.control.window = 1MB (=1048576) (default)
2019-10-02 07:34:26,218 [main] INFO  server.RaftServerConfigKeys (ConfUtils.java:logGet(43)) - raft.server.rpc.request.timeout = 3000ms (default)
2019-10-02 07:34:26,219 [main] INFO  server.RaftServerConfigKeys (ConfUtils.java:logGet(43)) - raft.server.storage.dir = [/workdir/hadoop-ozone/integration-test/target/test-dir/MiniOzoneClusterImpl-2816ce32-9f3d-4212-87e4-3e92bc85cde0/datanode-5/data/ratis] (custom)
2019-10-02 07:34:26,221 [main] INFO  hdfs.DFSUtil (DFSUtil.java:httpServerTemplateForNNAndJN(1641)) - Starting Web-server for hddsDatanode at: http://0.0.0.0:0
2019-10-02 07:34:26,222 [main] INFO  server.AuthenticationFilter (AuthenticationFilter.java:constructSecretProvider(240)) - Unable to initialize FileSignerSecretProvider, falling back to use random secrets.
2019-10-02 07:34:26,222 [main] WARN  http.HttpRequestLog (HttpRequestLog.java:getRequestLog(97)) - Jetty request log can only be enabled using Log4j
2019-10-02 07:34:26,224 [main] INFO  http.HttpServer2 (HttpServer2.java:addGlobalFilter(975)) - Added global filter 'safety' (class=org.apache.hadoop.http.HttpServer2$QuotingInputFilter)
2019-10-02 07:34:26,224 [main] INFO  http.HttpServer2 (HttpServer2.java:addFilter(948)) - Added filter static_user_filter (class=org.apache.hadoop.http.lib.StaticUserWebFilter$StaticUserFilter) to context hddsDatanode
2019-10-02 07:34:26,224 [main] INFO  http.HttpServer2 (HttpServer2.java:addFilter(958)) - Added filter static_user_filter (class=org.apache.hadoop.http.lib.StaticUserWebFilter$StaticUserFilter) to context static
2019-10-02 07:34:26,225 [main] INFO  http.HttpServer2 (HttpServer2.java:addFilter(958)) - Added filter static_user_filter (class=org.apache.hadoop.http.lib.StaticUserWebFilter$StaticUserFilter) to context logs
2019-10-02 07:34:26,225 [main] INFO  http.HttpServer2 (HttpServer2.java:bindListener(1191)) - Jetty bound to port 44996
2019-10-02 07:34:26,226 [main] INFO  server.Server (Server.java:doStart(351)) - jetty-9.3.25.v20180904, build timestamp: 2018-09-04T21:11:46Z, git hash: 3ce520221d0240229c862b122d2b06c12a625732
2019-10-02 07:34:26,227 [main] INFO  handler.ContextHandler (ContextHandler.java:doStart(781)) - Started o.e.j.s.ServletContextHandler@439b15f2{/logs,file:///workdir/hadoop-ozone/integration-test/target/log,AVAILABLE}
2019-10-02 07:34:26,228 [main] INFO  handler.ContextHandler (ContextHandler.java:doStart(781)) - Started o.e.j.s.ServletContextHandler@74fab04a{/static,jar:file:/home/user/.m2/repository/org/apache/hadoop/hadoop-hdds-container-service/0.5.0-SNAPSHOT/hadoop-hdds-container-service-0.5.0-SNAPSHOT.jar!/webapps/static,AVAILABLE}
2019-10-02 07:34:26,257 [main] INFO  handler.ContextHandler (ContextHandler.java:doStart(781)) - Started o.e.j.w.WebAppContext@4acb7ecc{/,file:///tmp/jetty-0.0.0.0-44996-hddsDatanode-_-any-1164588061453731350.dir/webapp/,AVAILABLE}{/hddsDatanode}
2019-10-02 07:34:26,257 [main] INFO  server.AbstractConnector (AbstractConnector.java:doStart(278)) - Started ServerConnector@2a4f5433{HTTP/1.1,[http/1.1]}{0.0.0.0:44996}
2019-10-02 07:34:26,258 [main] INFO  server.Server (Server.java:doStart(419)) - Started @5878ms
2019-10-02 07:34:26,258 [main] WARN  impl.MetricsSystemImpl (MetricsSystemImpl.java:register(276)) - Sink prometheus already exists!
2019-10-02 07:34:26,259 [main] INFO  server.BaseHttpServer (BaseHttpServer.java:updateConnectorAddress(215)) - HTTP server of HDDSDATANODE is listening at http://0.0.0.0:44996
2019-10-02 07:34:26,259 [main] INFO  impl.MetricsSystemImpl (MetricsSystemImpl.java:init(158)) - HddsDatanode metrics system started (again)
2019-10-02 07:34:26,263 [main] INFO  ozone.HddsDatanodeService (HddsDatanodeService.java:start(184)) - HddsDatanodeService host:pr-trunk-8bg6x-723665176 ip:192.168.5.178
2019-10-02 07:34:26,263 [org.apache.hadoop.util.JvmPauseMonitor$Monitor@3c3fcfe7] INFO  util.JvmPauseMonitor (JvmPauseMonitor.java:run(188)) - Starting JVM pause monitor
2019-10-02 07:34:26,266 [Datanode State Machine Thread - 0] INFO  datanode.InitDatanodeState (InitDatanodeState.java:persistContainerDatanodeDetails(140)) - DatanodeDetails is persisted to /workdir/hadoop-ozone/integration-test/target/test-dir/MiniOzoneClusterImpl-2816ce32-9f3d-4212-87e4-3e92bc85cde0/datanode-5/meta/datanode.id
2019-10-02 07:34:26,271 [main] INFO  volume.HddsVolume (HddsVolume.java:<init>(176)) - Creating Volume: /workdir/hadoop-ozone/integration-test/target/test-dir/MiniOzoneClusterImpl-2816ce32-9f3d-4212-87e4-3e92bc85cde0/datanode-6/data/containers/hdds of  storage type : DISK and capacity : 1482555576320
2019-10-02 07:34:26,272 [main] INFO  volume.VolumeSet (VolumeSet.java:initializeVolumeSet(170)) - Added Volume : /workdir/hadoop-ozone/integration-test/target/test-dir/MiniOzoneClusterImpl-2816ce32-9f3d-4212-87e4-3e92bc85cde0/datanode-6/data/containers/hdds to VolumeSet
2019-10-02 07:34:26,272 [main] INFO  volume.ThrottledAsyncChecker (ThrottledAsyncChecker.java:schedule(139)) - Scheduling a check for org.apache.hadoop.ozone.container.common.volume.HddsVolume@79a04e5f
2019-10-02 07:34:26,272 [main] INFO  volume.HddsVolumeChecker (HddsVolumeChecker.java:checkAllVolumes(202)) - Scheduled health check for volume org.apache.hadoop.ozone.container.common.volume.HddsVolume@79a04e5f
2019-10-02 07:34:26,286 [main] INFO  impl.RaftServerProxy (ConfUtils.java:logGet(43)) - raft.rpc.type = GRPC (default)
2019-10-02 07:34:26,287 [main] INFO  grpc.GrpcFactory (GrpcFactory.java:checkPooledByteBufAllocatorUseCacheForAllThreads(45)) - PERFORMANCE WARNING: useCacheForAllThreads is true that may cause Netty to create a lot garbage objects and, as a result, trigger GC.
	It is recommended to disable useCacheForAllThreads by setting -Dorg.apache.ratis.thirdparty.io.netty.allocator.useCacheForAllThreads=false in command line.
2019-10-02 07:34:26,287 [main] INFO  grpc.GrpcConfigKeys$Server (ConfUtils.java:logGet(43)) - raft.grpc.server.port = 0 (default)
2019-10-02 07:34:26,287 [main] INFO  server.GrpcService (ConfUtils.java:logGet(43)) - raft.grpc.message.size.max = 33570816 (custom)
2019-10-02 07:34:26,287 [main] INFO  server.RaftServerConfigKeys (ConfUtils.java:logGet(43)) - raft.server.log.appender.buffer.byte-limit = 33554432 (custom)
2019-10-02 07:34:26,287 [main] INFO  server.GrpcService (ConfUtils.java:logGet(43)) - raft.grpc.flow.control.window = 1MB (=1048576) (default)
2019-10-02 07:34:26,288 [main] INFO  server.RaftServerConfigKeys (ConfUtils.java:logGet(43)) - raft.server.rpc.request.timeout = 3000ms (default)
2019-10-02 07:34:26,288 [main] INFO  server.RaftServerConfigKeys (ConfUtils.java:logGet(43)) - raft.server.storage.dir = [/workdir/hadoop-ozone/integration-test/target/test-dir/MiniOzoneClusterImpl-2816ce32-9f3d-4212-87e4-3e92bc85cde0/datanode-6/data/ratis] (custom)
2019-10-02 07:34:26,290 [main] INFO  hdfs.DFSUtil (DFSUtil.java:httpServerTemplateForNNAndJN(1641)) - Starting Web-server for hddsDatanode at: http://0.0.0.0:0
2019-10-02 07:34:26,291 [main] INFO  server.AuthenticationFilter (AuthenticationFilter.java:constructSecretProvider(240)) - Unable to initialize FileSignerSecretProvider, falling back to use random secrets.
2019-10-02 07:34:26,291 [main] WARN  http.HttpRequestLog (HttpRequestLog.java:getRequestLog(97)) - Jetty request log can only be enabled using Log4j
2019-10-02 07:34:26,293 [main] INFO  http.HttpServer2 (HttpServer2.java:addGlobalFilter(975)) - Added global filter 'safety' (class=org.apache.hadoop.http.HttpServer2$QuotingInputFilter)
2019-10-02 07:34:26,294 [main] INFO  http.HttpServer2 (HttpServer2.java:addFilter(948)) - Added filter static_user_filter (class=org.apache.hadoop.http.lib.StaticUserWebFilter$StaticUserFilter) to context hddsDatanode
2019-10-02 07:34:26,294 [main] INFO  http.HttpServer2 (HttpServer2.java:addFilter(958)) - Added filter static_user_filter (class=org.apache.hadoop.http.lib.StaticUserWebFilter$StaticUserFilter) to context logs
2019-10-02 07:34:26,294 [main] INFO  http.HttpServer2 (HttpServer2.java:addFilter(958)) - Added filter static_user_filter (class=org.apache.hadoop.http.lib.StaticUserWebFilter$StaticUserFilter) to context static
2019-10-02 07:34:26,295 [main] INFO  http.HttpServer2 (HttpServer2.java:bindListener(1191)) - Jetty bound to port 46825
2019-10-02 07:34:26,295 [main] INFO  server.Server (Server.java:doStart(351)) - jetty-9.3.25.v20180904, build timestamp: 2018-09-04T21:11:46Z, git hash: 3ce520221d0240229c862b122d2b06c12a625732
2019-10-02 07:34:26,297 [main] INFO  handler.ContextHandler (ContextHandler.java:doStart(781)) - Started o.e.j.s.ServletContextHandler@a2341c6{/logs,file:///workdir/hadoop-ozone/integration-test/target/log,AVAILABLE}
2019-10-02 07:34:26,297 [main] INFO  handler.ContextHandler (ContextHandler.java:doStart(781)) - Started o.e.j.s.ServletContextHandler@3e3315d9{/static,jar:file:/home/user/.m2/repository/org/apache/hadoop/hadoop-hdds-container-service/0.5.0-SNAPSHOT/hadoop-hdds-container-service-0.5.0-SNAPSHOT.jar!/webapps/static,AVAILABLE}
2019-10-02 07:34:26,326 [main] INFO  handler.ContextHandler (ContextHandler.java:doStart(781)) - Started o.e.j.w.WebAppContext@d277579{/,file:///tmp/jetty-0.0.0.0-46825-hddsDatanode-_-any-40588589493024846.dir/webapp/,AVAILABLE}{/hddsDatanode}
2019-10-02 07:34:26,327 [main] INFO  server.AbstractConnector (AbstractConnector.java:doStart(278)) - Started ServerConnector@5db6b845{HTTP/1.1,[http/1.1]}{0.0.0.0:46825}
2019-10-02 07:34:26,328 [main] INFO  server.Server (Server.java:doStart(419)) - Started @5948ms
2019-10-02 07:34:26,328 [main] WARN  impl.MetricsSystemImpl (MetricsSystemImpl.java:register(276)) - Sink prometheus already exists!
2019-10-02 07:34:26,328 [main] INFO  server.BaseHttpServer (BaseHttpServer.java:updateConnectorAddress(215)) - HTTP server of HDDSDATANODE is listening at http://0.0.0.0:46825
2019-10-02 07:34:26,331 [main] INFO  ozone.MiniOzoneClusterImpl (MiniOzoneClusterImpl.java:lambda$waitForClusterToBeReady$0(147)) - Waiting for cluster to be ready. Got 0 of 7 DN Heartbeats.
2019-10-02 07:34:26,332 [org.apache.hadoop.util.JvmPauseMonitor$Monitor@5dd214b1] INFO  util.JvmPauseMonitor (JvmPauseMonitor.java:run(188)) - Starting JVM pause monitor
2019-10-02 07:34:26,335 [Datanode State Machine Thread - 0] INFO  datanode.InitDatanodeState (InitDatanodeState.java:persistContainerDatanodeDetails(140)) - DatanodeDetails is persisted to /workdir/hadoop-ozone/integration-test/target/test-dir/MiniOzoneClusterImpl-2816ce32-9f3d-4212-87e4-3e92bc85cde0/datanode-6/meta/datanode.id
2019-10-02 07:34:27,332 [main] INFO  ozone.MiniOzoneClusterImpl (MiniOzoneClusterImpl.java:lambda$waitForClusterToBeReady$0(147)) - Waiting for cluster to be ready. Got 0 of 7 DN Heartbeats.
2019-10-02 07:34:27,915 [Datanode State Machine Thread - 0] INFO  ozoneimpl.OzoneContainer (OzoneContainer.java:start(217)) - Attempting to start container services.
2019-10-02 07:34:27,919 [Datanode State Machine Thread - 0] INFO  ozoneimpl.OzoneContainer (OzoneContainer.java:startContainerScrub(179)) - Background container scanner has been disabled.
2019-10-02 07:34:27,919 [Datanode State Machine Thread - 0] INFO  ratis.XceiverServerRatis (XceiverServerRatis.java:start(417)) - Starting XceiverServerRatis 804fc30f-f23d-4bcd-9bd5-debbbb81330f at port 0
2019-10-02 07:34:27,951 [Datanode State Machine Thread - 0] INFO  impl.RaftServerProxy (RaftServerProxy.java:lambda$start$3(299)) - 804fc30f-f23d-4bcd-9bd5-debbbb81330f: start RPC server
2019-10-02 07:34:27,957 [Datanode State Machine Thread - 0] INFO  ozoneimpl.OzoneContainer (OzoneContainer.java:start(217)) - Attempting to start container services.
2019-10-02 07:34:27,964 [Datanode State Machine Thread - 0] INFO  ozoneimpl.OzoneContainer (OzoneContainer.java:startContainerScrub(179)) - Background container scanner has been disabled.
2019-10-02 07:34:27,964 [Datanode State Machine Thread - 0] INFO  ratis.XceiverServerRatis (XceiverServerRatis.java:start(417)) - Starting XceiverServerRatis 1b828d8a-bca8-4046-ad6d-863244307b25 at port 0
2019-10-02 07:34:27,976 [Datanode State Machine Thread - 0] INFO  impl.RaftServerProxy (RaftServerProxy.java:lambda$start$3(299)) - 1b828d8a-bca8-4046-ad6d-863244307b25: start RPC server
2019-10-02 07:34:28,054 [Datanode State Machine Thread - 0] INFO  ozoneimpl.OzoneContainer (OzoneContainer.java:start(217)) - Attempting to start container services.
2019-10-02 07:34:28,060 [Datanode State Machine Thread - 0] INFO  ozoneimpl.OzoneContainer (OzoneContainer.java:startContainerScrub(179)) - Background container scanner has been disabled.
2019-10-02 07:34:28,060 [Datanode State Machine Thread - 0] INFO  ratis.XceiverServerRatis (XceiverServerRatis.java:start(417)) - Starting XceiverServerRatis f465c0ec-0be9-4ae9-8f51-a8818d3fe0fc at port 0
2019-10-02 07:34:28,070 [Datanode State Machine Thread - 0] INFO  impl.RaftServerProxy (RaftServerProxy.java:lambda$start$3(299)) - f465c0ec-0be9-4ae9-8f51-a8818d3fe0fc: start RPC server
2019-10-02 07:34:28,122 [Datanode State Machine Thread - 0] INFO  server.GrpcService (GrpcService.java:startImpl(158)) - 804fc30f-f23d-4bcd-9bd5-debbbb81330f: GrpcService started, listening on 0.0.0.0/0.0.0.0:45868
2019-10-02 07:34:28,122 [Datanode State Machine Thread - 0] INFO  server.GrpcService (GrpcService.java:startImpl(158)) - 1b828d8a-bca8-4046-ad6d-863244307b25: GrpcService started, listening on 0.0.0.0/0.0.0.0:42961
2019-10-02 07:34:28,122 [Datanode State Machine Thread - 0] INFO  server.GrpcService (GrpcService.java:startImpl(158)) - f465c0ec-0be9-4ae9-8f51-a8818d3fe0fc: GrpcService started, listening on 0.0.0.0/0.0.0.0:34436
2019-10-02 07:34:28,123 [Datanode State Machine Thread - 0] INFO  ratis.XceiverServerRatis (XceiverServerRatis.java:start(427)) - XceiverServerRatis 1b828d8a-bca8-4046-ad6d-863244307b25 is started using port 42961
2019-10-02 07:34:28,123 [Datanode State Machine Thread - 0] INFO  ratis.XceiverServerRatis (XceiverServerRatis.java:start(427)) - XceiverServerRatis 804fc30f-f23d-4bcd-9bd5-debbbb81330f is started using port 45868
2019-10-02 07:34:28,123 [Datanode State Machine Thread - 0] INFO  ratis.XceiverServerRatis (XceiverServerRatis.java:start(427)) - XceiverServerRatis f465c0ec-0be9-4ae9-8f51-a8818d3fe0fc is started using port 34436
2019-10-02 07:34:28,130 [Datanode State Machine Thread - 0] INFO  ozoneimpl.OzoneContainer (OzoneContainer.java:start(217)) - Attempting to start container services.
2019-10-02 07:34:28,132 [Datanode State Machine Thread - 0] INFO  ozoneimpl.OzoneContainer (OzoneContainer.java:startContainerScrub(179)) - Background container scanner has been disabled.
2019-10-02 07:34:28,132 [Datanode State Machine Thread - 0] INFO  ratis.XceiverServerRatis (XceiverServerRatis.java:start(417)) - Starting XceiverServerRatis cb6d8aa3-5895-49c1-85c3-41fbb4c04945 at port 0
2019-10-02 07:34:28,132 [Datanode State Machine Thread - 0] INFO  server.XceiverServerGrpc (XceiverServerGrpc.java:start(149)) - XceiverServerGrpc 804fc30f-f23d-4bcd-9bd5-debbbb81330f is started using port 44889
2019-10-02 07:34:28,132 [Datanode State Machine Thread - 0] INFO  server.XceiverServerGrpc (XceiverServerGrpc.java:start(149)) - XceiverServerGrpc 1b828d8a-bca8-4046-ad6d-863244307b25 is started using port 36676
2019-10-02 07:34:28,132 [Datanode State Machine Thread - 0] INFO  server.XceiverServerGrpc (XceiverServerGrpc.java:start(149)) - XceiverServerGrpc f465c0ec-0be9-4ae9-8f51-a8818d3fe0fc is started using port 45871
2019-10-02 07:34:28,147 [Datanode State Machine Thread - 0] INFO  impl.RaftServerProxy (RaftServerProxy.java:lambda$start$3(299)) - cb6d8aa3-5895-49c1-85c3-41fbb4c04945: start RPC server
2019-10-02 07:34:28,149 [Datanode State Machine Thread - 0] INFO  server.GrpcService (GrpcService.java:startImpl(158)) - cb6d8aa3-5895-49c1-85c3-41fbb4c04945: GrpcService started, listening on 0.0.0.0/0.0.0.0:44476
2019-10-02 07:34:28,149 [Datanode State Machine Thread - 0] INFO  ratis.XceiverServerRatis (XceiverServerRatis.java:start(427)) - XceiverServerRatis cb6d8aa3-5895-49c1-85c3-41fbb4c04945 is started using port 44476
2019-10-02 07:34:28,152 [Datanode State Machine Thread - 0] INFO  server.XceiverServerGrpc (XceiverServerGrpc.java:start(149)) - XceiverServerGrpc cb6d8aa3-5895-49c1-85c3-41fbb4c04945 is started using port 37439
2019-10-02 07:34:28,215 [Datanode State Machine Thread - 0] INFO  ozoneimpl.OzoneContainer (OzoneContainer.java:start(217)) - Attempting to start container services.
2019-10-02 07:34:28,215 [Datanode State Machine Thread - 0] INFO  ozoneimpl.OzoneContainer (OzoneContainer.java:startContainerScrub(179)) - Background container scanner has been disabled.
2019-10-02 07:34:28,215 [Datanode State Machine Thread - 0] INFO  ratis.XceiverServerRatis (XceiverServerRatis.java:start(417)) - Starting XceiverServerRatis ceafac3c-b94e-436b-b57a-960890b1af34 at port 0
2019-10-02 07:34:28,225 [Datanode State Machine Thread - 0] INFO  impl.RaftServerProxy (RaftServerProxy.java:lambda$start$3(299)) - ceafac3c-b94e-436b-b57a-960890b1af34: start RPC server
2019-10-02 07:34:28,228 [Datanode State Machine Thread - 0] INFO  server.GrpcService (GrpcService.java:startImpl(158)) - ceafac3c-b94e-436b-b57a-960890b1af34: GrpcService started, listening on 0.0.0.0/0.0.0.0:45023
2019-10-02 07:34:28,229 [Datanode State Machine Thread - 0] INFO  ratis.XceiverServerRatis (XceiverServerRatis.java:start(427)) - XceiverServerRatis ceafac3c-b94e-436b-b57a-960890b1af34 is started using port 45023
2019-10-02 07:34:28,232 [Datanode State Machine Thread - 0] INFO  server.XceiverServerGrpc (XceiverServerGrpc.java:start(149)) - XceiverServerGrpc ceafac3c-b94e-436b-b57a-960890b1af34 is started using port 33573
2019-10-02 07:34:28,280 [Datanode State Machine Thread - 0] INFO  ozoneimpl.OzoneContainer (OzoneContainer.java:start(217)) - Attempting to start container services.
2019-10-02 07:34:28,280 [Datanode State Machine Thread - 0] INFO  ozoneimpl.OzoneContainer (OzoneContainer.java:startContainerScrub(179)) - Background container scanner has been disabled.
2019-10-02 07:34:28,280 [Datanode State Machine Thread - 0] INFO  ratis.XceiverServerRatis (XceiverServerRatis.java:start(417)) - Starting XceiverServerRatis b2e1dc6f-682c-466b-901a-3a10d773ae7f at port 0
2019-10-02 07:34:28,289 [Datanode State Machine Thread - 0] INFO  impl.RaftServerProxy (RaftServerProxy.java:lambda$start$3(299)) - b2e1dc6f-682c-466b-901a-3a10d773ae7f: start RPC server
2019-10-02 07:34:28,293 [Datanode State Machine Thread - 0] INFO  server.GrpcService (GrpcService.java:startImpl(158)) - b2e1dc6f-682c-466b-901a-3a10d773ae7f: GrpcService started, listening on 0.0.0.0/0.0.0.0:42977
2019-10-02 07:34:28,293 [Datanode State Machine Thread - 0] INFO  ratis.XceiverServerRatis (XceiverServerRatis.java:start(427)) - XceiverServerRatis b2e1dc6f-682c-466b-901a-3a10d773ae7f is started using port 42977
2019-10-02 07:34:28,297 [Datanode State Machine Thread - 0] INFO  server.XceiverServerGrpc (XceiverServerGrpc.java:start(149)) - XceiverServerGrpc b2e1dc6f-682c-466b-901a-3a10d773ae7f is started using port 42452
2019-10-02 07:34:28,333 [main] INFO  ozone.MiniOzoneClusterImpl (MiniOzoneClusterImpl.java:lambda$waitForClusterToBeReady$0(147)) - Waiting for cluster to be ready. Got 0 of 7 DN Heartbeats.
2019-10-02 07:34:28,349 [Datanode State Machine Thread - 0] INFO  ozoneimpl.OzoneContainer (OzoneContainer.java:start(217)) - Attempting to start container services.
2019-10-02 07:34:28,350 [Datanode State Machine Thread - 0] INFO  ozoneimpl.OzoneContainer (OzoneContainer.java:startContainerScrub(179)) - Background container scanner has been disabled.
2019-10-02 07:34:28,350 [Datanode State Machine Thread - 0] INFO  ratis.XceiverServerRatis (XceiverServerRatis.java:start(417)) - Starting XceiverServerRatis e774d0d1-00b7-40b4-85b3-8faca11cae95 at port 0
2019-10-02 07:34:28,359 [Datanode State Machine Thread - 0] INFO  impl.RaftServerProxy (RaftServerProxy.java:lambda$start$3(299)) - e774d0d1-00b7-40b4-85b3-8faca11cae95: start RPC server
2019-10-02 07:34:28,364 [Datanode State Machine Thread - 0] INFO  server.GrpcService (GrpcService.java:startImpl(158)) - e774d0d1-00b7-40b4-85b3-8faca11cae95: GrpcService started, listening on 0.0.0.0/0.0.0.0:33677
2019-10-02 07:34:28,364 [Datanode State Machine Thread - 0] INFO  ratis.XceiverServerRatis (XceiverServerRatis.java:start(427)) - XceiverServerRatis e774d0d1-00b7-40b4-85b3-8faca11cae95 is started using port 33677
2019-10-02 07:34:28,368 [Datanode State Machine Thread - 0] INFO  server.XceiverServerGrpc (XceiverServerGrpc.java:start(149)) - XceiverServerGrpc e774d0d1-00b7-40b4-85b3-8faca11cae95 is started using port 46298
2019-10-02 07:34:29,335 [main] INFO  ozone.MiniOzoneClusterImpl (MiniOzoneClusterImpl.java:lambda$waitForClusterToBeReady$0(147)) - Waiting for cluster to be ready. Got 0 of 7 DN Heartbeats.
2019-10-02 07:34:29,897 [IPC Server handler 2 on 44709] INFO  net.NetworkTopology (NetworkTopologyImpl.java:add(111)) - Added a new node: /default-rack/804fc30f-f23d-4bcd-9bd5-debbbb81330f
2019-10-02 07:34:29,897 [IPC Server handler 2 on 44709] INFO  node.SCMNodeManager (SCMNodeManager.java:register(266)) - Registered Data node : 804fc30f-f23d-4bcd-9bd5-debbbb81330f{ip: 192.168.5.178, host: pr-trunk-8bg6x-723665176, networkLocation: /default-rack, certSerialId: null}
2019-10-02 07:34:29,903 [EventQueue-NodeRegistrationContainerReportForDataNodeSafeModeRule] INFO  safemode.SCMSafeModeManager (DataNodeSafeModeRule.java:process(71)) - SCM in safe mode. 1 DataNodes registered, 1 required.
2019-10-02 07:34:29,903 [EventQueue-NodeRegistrationContainerReportForDataNodeSafeModeRule] INFO  safemode.SCMSafeModeManager (SCMSafeModeManager.java:validateSafeModeExitRules(177)) - ScmSafeModeManager, all rules are successfully validated
2019-10-02 07:34:29,903 [EventQueue-NodeRegistrationContainerReportForDataNodeSafeModeRule] INFO  safemode.SCMSafeModeManager (SCMSafeModeManager.java:exitSafeMode(193)) - SCM exiting safe mode.
2019-10-02 07:34:29,942 [IPC Server handler 3 on 44709] INFO  net.NetworkTopology (NetworkTopologyImpl.java:add(111)) - Added a new node: /default-rack/1b828d8a-bca8-4046-ad6d-863244307b25
2019-10-02 07:34:29,942 [IPC Server handler 3 on 44709] INFO  node.SCMNodeManager (SCMNodeManager.java:register(266)) - Registered Data node : 1b828d8a-bca8-4046-ad6d-863244307b25{ip: 192.168.5.178, host: pr-trunk-8bg6x-723665176, networkLocation: /default-rack, certSerialId: null}
2019-10-02 07:34:30,040 [IPC Server handler 5 on 44709] INFO  net.NetworkTopology (NetworkTopologyImpl.java:add(111)) - Added a new node: /default-rack/f465c0ec-0be9-4ae9-8f51-a8818d3fe0fc
2019-10-02 07:34:30,040 [IPC Server handler 5 on 44709] INFO  node.SCMNodeManager (SCMNodeManager.java:register(266)) - Registered Data node : f465c0ec-0be9-4ae9-8f51-a8818d3fe0fc{ip: 192.168.5.178, host: pr-trunk-8bg6x-723665176, networkLocation: /default-rack, certSerialId: null}
2019-10-02 07:34:30,111 [IPC Server handler 4 on 44709] INFO  net.NetworkTopology (NetworkTopologyImpl.java:add(111)) - Added a new node: /default-rack/cb6d8aa3-5895-49c1-85c3-41fbb4c04945
2019-10-02 07:34:30,111 [IPC Server handler 4 on 44709] INFO  node.SCMNodeManager (SCMNodeManager.java:register(266)) - Registered Data node : cb6d8aa3-5895-49c1-85c3-41fbb4c04945{ip: 192.168.5.178, host: pr-trunk-8bg6x-723665176, networkLocation: /default-rack, certSerialId: null}
2019-10-02 07:34:30,193 [IPC Server handler 13 on 44709] INFO  net.NetworkTopology (NetworkTopologyImpl.java:add(111)) - Added a new node: /default-rack/ceafac3c-b94e-436b-b57a-960890b1af34
2019-10-02 07:34:30,193 [IPC Server handler 13 on 44709] INFO  node.SCMNodeManager (SCMNodeManager.java:register(266)) - Registered Data node : ceafac3c-b94e-436b-b57a-960890b1af34{ip: 192.168.5.178, host: pr-trunk-8bg6x-723665176, networkLocation: /default-rack, certSerialId: null}
2019-10-02 07:34:30,268 [IPC Server handler 1 on 44709] INFO  net.NetworkTopology (NetworkTopologyImpl.java:add(111)) - Added a new node: /default-rack/b2e1dc6f-682c-466b-901a-3a10d773ae7f
2019-10-02 07:34:30,268 [IPC Server handler 1 on 44709] INFO  node.SCMNodeManager (SCMNodeManager.java:register(266)) - Registered Data node : b2e1dc6f-682c-466b-901a-3a10d773ae7f{ip: 192.168.5.178, host: pr-trunk-8bg6x-723665176, networkLocation: /default-rack, certSerialId: null}
2019-10-02 07:34:30,335 [main] INFO  ozone.MiniOzoneClusterImpl (MiniOzoneClusterImpl.java:lambda$waitForClusterToBeReady$0(147)) - Waiting for cluster to be ready. Got 6 of 7 DN Heartbeats.
2019-10-02 07:34:30,336 [IPC Server handler 2 on 44709] INFO  net.NetworkTopology (NetworkTopologyImpl.java:add(111)) - Added a new node: /default-rack/e774d0d1-00b7-40b4-85b3-8faca11cae95
2019-10-02 07:34:30,337 [IPC Server handler 2 on 44709] INFO  node.SCMNodeManager (SCMNodeManager.java:register(266)) - Registered Data node : e774d0d1-00b7-40b4-85b3-8faca11cae95{ip: 192.168.5.178, host: pr-trunk-8bg6x-723665176, networkLocation: /default-rack, certSerialId: null}
2019-10-02 07:34:30,483 [grpc-default-executor-0] INFO  impl.RaftServerProxy (RaftServerProxy.java:addNew(89)) - 804fc30f-f23d-4bcd-9bd5-debbbb81330f: addNew group-DFD4FF0FE45F:[804fc30f-f23d-4bcd-9bd5-debbbb81330f:192.168.5.178:45868] returns group-DFD4FF0FE45F:java.util.concurrent.CompletableFuture@6d66f421[Not completed]
2019-10-02 07:34:30,504 [pool-27-thread-1] INFO  impl.RaftServerImpl (RaftServerImpl.java:<init>(95)) - 804fc30f-f23d-4bcd-9bd5-debbbb81330f: new RaftServerImpl for group-DFD4FF0FE45F:[804fc30f-f23d-4bcd-9bd5-debbbb81330f:192.168.5.178:45868] with ContainerStateMachine:uninitialized
2019-10-02 07:34:30,505 [pool-27-thread-1] INFO  server.RaftServerConfigKeys (ConfUtils.java:logGet(43)) - raft.server.rpc.timeout.min = 5s (custom)
2019-10-02 07:34:30,507 [pool-27-thread-1] INFO  server.RaftServerConfigKeys (ConfUtils.java:logGet(43)) - raft.server.rpc.timeout.max = 5200ms (custom)
2019-10-02 07:34:30,508 [pool-27-thread-1] INFO  server.RaftServerConfigKeys (ConfUtils.java:logGet(43)) - raft.server.rpcslowness.timeout = 120s (custom)
2019-10-02 07:34:30,508 [pool-27-thread-1] INFO  server.RaftServerConfigKeys (ConfUtils.java:logGet(43)) - raft.server.sleep.deviation.threshold = 300 (default)
2019-10-02 07:34:30,509 [pool-27-thread-1] INFO  server.RaftServerConfigKeys (ConfUtils.java:logGet(43)) - raft.server.log.appender.install.snapshot.enabled = false (custom)
2019-10-02 07:34:30,517 [pool-27-thread-1] INFO  impl.RaftServerImpl (ServerState.java:<init>(103)) - 804fc30f-f23d-4bcd-9bd5-debbbb81330f@group-DFD4FF0FE45F: ConfigurationManager, init=-1: [804fc30f-f23d-4bcd-9bd5-debbbb81330f:192.168.5.178:45868], old=null, confs=<EMPTY_MAP>
2019-10-02 07:34:30,518 [pool-27-thread-1] INFO  server.RaftServerConfigKeys (ConfUtils.java:logGet(43)) - raft.server.storage.dir = [/workdir/hadoop-ozone/integration-test/target/test-dir/MiniOzoneClusterImpl-2816ce32-9f3d-4212-87e4-3e92bc85cde0/datanode-0/data/ratis] (custom)
2019-10-02 07:34:30,524 [pool-27-thread-1] INFO  server.RaftServerConfigKeys (ConfUtils.java:logGet(43)) - raft.server.log.corruption.policy = EXCEPTION (default)
2019-10-02 07:34:30,526 [pool-27-thread-1] INFO  storage.RaftStorageDirectory (RaftStorageDirectory.java:analyzeStorage(246)) - The storage directory /workdir/hadoop-ozone/integration-test/target/test-dir/MiniOzoneClusterImpl-2816ce32-9f3d-4212-87e4-3e92bc85cde0/datanode-0/data/ratis/cacd46ba-ca15-4e65-afe5-dfd4ff0fe45f does not exist. Creating ...
2019-10-02 07:34:30,544 [pool-27-thread-1] INFO  storage.RaftStorageDirectory (RaftStorageDirectory.java:tryLock(328)) - Lock on /workdir/hadoop-ozone/integration-test/target/test-dir/MiniOzoneClusterImpl-2816ce32-9f3d-4212-87e4-3e92bc85cde0/datanode-0/data/ratis/cacd46ba-ca15-4e65-afe5-dfd4ff0fe45f/in_use.lock acquired by nodename 1188@pr-trunk-8bg6x-723665176
2019-10-02 07:34:30,560 [pool-27-thread-1] INFO  storage.RaftStorage (RaftStorage.java:format(84)) - Storage directory /workdir/hadoop-ozone/integration-test/target/test-dir/MiniOzoneClusterImpl-2816ce32-9f3d-4212-87e4-3e92bc85cde0/datanode-0/data/ratis/cacd46ba-ca15-4e65-afe5-dfd4ff0fe45f has been successfully formatted.
2019-10-02 07:34:30,563 [pool-27-thread-1] INFO  ratis.ContainerStateMachine (ContainerStateMachine.java:loadSnapshot(231)) - group-DFD4FF0FE45F: The snapshot info is null. Setting the last applied indexto:(t:0, i:~)
2019-10-02 07:34:30,563 [pool-27-thread-1] INFO  server.RaftServerConfigKeys (ConfUtils.java:logGet(43)) - raft.server.notification.no-leader.timeout = 120s (custom)
2019-10-02 07:34:30,565 [pool-27-thread-1] INFO  server.RaftServerConfigKeys (ConfUtils.java:logGet(43)) - raft.server.log.use.memory = false (default)
2019-10-02 07:34:30,571 [pool-27-thread-1] INFO  server.RaftServerConfigKeys (ConfUtils.java:logGet(43)) - raft.server.log.purge.gap = 1000000 (custom)
2019-10-02 07:34:30,572 [pool-27-thread-1] INFO  server.RaftServerConfigKeys (ConfUtils.java:logGet(43)) - raft.server.log.appender.buffer.byte-limit = 33554432 (custom)
2019-10-02 07:34:30,574 [pool-27-thread-1] INFO  server.RaftServerConfigKeys (ConfUtils.java:logGet(43)) - raft.server.log.segment.size.max = 1048576 (custom)
2019-10-02 07:34:30,576 [pool-27-thread-1] INFO  impl.MetricsSystemImpl (MetricsSystemImpl.java:init(158)) - ratis metrics system started (again)
2019-10-02 07:34:30,581 [pool-27-thread-1] INFO  metrics.MetricRegistries (MetricRegistriesLoader.java:load(64)) - Loaded MetricRegistries class org.apache.ratis.metrics.impl.MetricRegistriesImpl
2019-10-02 07:34:30,615 [pool-27-thread-1] INFO  server.RaftServerConfigKeys (ConfUtils.java:logGet(43)) - raft.server.log.segment.cache.num.max = 2 (custom)
2019-10-02 07:34:30,620 [pool-27-thread-1] INFO  segmented.SegmentedRaftLogWorker (SegmentedRaftLogWorker.java:<init>(173)) - new 804fc30f-f23d-4bcd-9bd5-debbbb81330f@group-DFD4FF0FE45F-SegmentedRaftLogWorker for RaftStorage:Storage Directory /workdir/hadoop-ozone/integration-test/target/test-dir/MiniOzoneClusterImpl-2816ce32-9f3d-4212-87e4-3e92bc85cde0/datanode-0/data/ratis/cacd46ba-ca15-4e65-afe5-dfd4ff0fe45f
2019-10-02 07:34:30,621 [pool-27-thread-1] INFO  server.RaftServerConfigKeys (ConfUtils.java:logGet(43)) - raft.server.log.queue.byte-limit = 2147483647 (custom)
2019-10-02 07:34:30,621 [pool-27-thread-1] INFO  server.RaftServerConfigKeys (ConfUtils.java:logGet(43)) - raft.server.log.queue.element-limit = 1024 (custom)
2019-10-02 07:34:30,623 [pool-27-thread-1] INFO  server.RaftServerConfigKeys (ConfUtils.java:logGet(43)) - raft.server.log.segment.size.max = 1048576 (custom)
2019-10-02 07:34:30,623 [pool-27-thread-1] INFO  server.RaftServerConfigKeys (ConfUtils.java:logGet(43)) - raft.server.log.preallocated.size = 16384 (custom)
2019-10-02 07:34:30,623 [pool-27-thread-1] INFO  server.RaftServerConfigKeys (ConfUtils.java:logGet(43)) - raft.server.log.write.buffer.size = 33554432 (custom)
2019-10-02 07:34:30,624 [pool-27-thread-1] INFO  server.RaftServerConfigKeys (ConfUtils.java:logGet(43)) - raft.server.log.force.sync.num = 128 (default)
2019-10-02 07:34:30,625 [pool-27-thread-1] INFO  server.RaftServerConfigKeys (ConfUtils.java:logGet(43)) - raft.server.log.statemachine.data.sync = true (default)
2019-10-02 07:34:30,625 [pool-27-thread-1] INFO  server.RaftServerConfigKeys (ConfUtils.java:logGet(43)) - raft.server.log.statemachine.data.sync.timeout = 10s (default)
2019-10-02 07:34:30,625 [pool-27-thread-1] INFO  server.RaftServerConfigKeys (ConfUtils.java:logGet(43)) - raft.server.log.statemachine.data.sync.timeout.retry = -1 (default)
2019-10-02 07:34:30,637 [pool-27-thread-1] INFO  server.RaftServerConfigKeys (ConfUtils.java:logGet(43)) - raft.server.log.statemachine.data.caching.enabled = true (custom)
2019-10-02 07:34:30,641 [pool-27-thread-1] INFO  segmented.SegmentedRaftLogWorker (SegmentedRaftLogWorker.java:lambda$new$0(128)) - 804fc30f-f23d-4bcd-9bd5-debbbb81330f@group-DFD4FF0FE45F-SegmentedRaftLogWorker: flushIndex: setUnconditionally 0 -> -1
2019-10-02 07:34:30,647 [pool-27-thread-1] INFO  server.RaftServerConfigKeys (ConfUtils.java:logGet(43)) - raft.server.snapshot.auto.trigger.enabled = true (custom)
2019-10-02 07:34:30,648 [pool-27-thread-1] INFO  server.RaftServerConfigKeys (ConfUtils.java:logGet(43)) - raft.server.snapshot.auto.trigger.threshold = 10000 (custom)
2019-10-02 07:34:30,648 [pool-27-thread-1] INFO  server.RaftServerConfigKeys (ConfUtils.java:logGet(43)) - raft.server.snapshot.retention.file.num = 5 (custom)
2019-10-02 07:34:30,649 [pool-27-thread-1] INFO  server.RaftServerConfigKeys (ConfUtils.java:logGet(43)) - raft.server.retrycache.expirytime = 600000ms (custom)
2019-10-02 07:34:30,675 [pool-27-thread-1] INFO  impl.RaftServerImpl (RaftServerImpl.java:start(181)) - 804fc30f-f23d-4bcd-9bd5-debbbb81330f@group-DFD4FF0FE45F: start as a follower, conf=-1: [804fc30f-f23d-4bcd-9bd5-debbbb81330f:192.168.5.178:45868], old=null
2019-10-02 07:34:30,676 [pool-27-thread-1] INFO  impl.RaftServerImpl (RaftServerImpl.java:setRole(170)) - 804fc30f-f23d-4bcd-9bd5-debbbb81330f@group-DFD4FF0FE45F: changes role from      null to FOLLOWER at term 0 for startAsFollower
2019-10-02 07:34:30,677 [pool-27-thread-1] INFO  impl.RoleInfo (RoleInfo.java:updateAndGet(143)) - 804fc30f-f23d-4bcd-9bd5-debbbb81330f: start FollowerState
2019-10-02 07:34:30,679 [pool-27-thread-1] INFO  util.JmxRegister (JmxRegister.java:tryRegister(44)) - Successfully registered JMX Bean with object name Ratis:service=RaftServer,group=group-DFD4FF0FE45F,id=804fc30f-f23d-4bcd-9bd5-debbbb81330f
2019-10-02 07:34:30,752 [RatisPipelineUtilsThread] INFO  pipeline.PipelineStateManager (PipelineStateManager.java:addPipeline(56)) - Created pipeline Pipeline[ Id: cacd46ba-ca15-4e65-afe5-dfd4ff0fe45f, Nodes: 804fc30f-f23d-4bcd-9bd5-debbbb81330f{ip: 192.168.5.178, host: pr-trunk-8bg6x-723665176, networkLocation: /default-rack, certSerialId: null}, Type:RATIS, Factor:ONE, State:OPEN]
2019-10-02 07:34:30,780 [grpc-default-executor-0] INFO  impl.RaftServerProxy (RaftServerProxy.java:addNew(89)) - e774d0d1-00b7-40b4-85b3-8faca11cae95: addNew group-A72EA3A7BBB6:[e774d0d1-00b7-40b4-85b3-8faca11cae95:192.168.5.178:33677] returns group-A72EA3A7BBB6:java.util.concurrent.CompletableFuture@1b585583[Not completed]
2019-10-02 07:34:30,848 [pool-87-thread-1] INFO  impl.RaftServerImpl (RaftServerImpl.java:<init>(95)) - e774d0d1-00b7-40b4-85b3-8faca11cae95: new RaftServerImpl for group-A72EA3A7BBB6:[e774d0d1-00b7-40b4-85b3-8faca11cae95:192.168.5.178:33677] with ContainerStateMachine:uninitialized
2019-10-02 07:34:30,850 [pool-87-thread-1] INFO  server.RaftServerConfigKeys (ConfUtils.java:logGet(43)) - raft.server.rpc.timeout.min = 5s (custom)
2019-10-02 07:34:30,850 [pool-87-thread-1] INFO  server.RaftServerConfigKeys (ConfUtils.java:logGet(43)) - raft.server.rpc.timeout.max = 5200ms (custom)
2019-10-02 07:34:30,850 [pool-87-thread-1] INFO  server.RaftServerConfigKeys (ConfUtils.java:logGet(43)) - raft.server.rpcslowness.timeout = 120s (custom)
2019-10-02 07:34:30,850 [pool-87-thread-1] INFO  server.RaftServerConfigKeys (ConfUtils.java:logGet(43)) - raft.server.sleep.deviation.threshold = 300 (default)
2019-10-02 07:34:30,850 [pool-87-thread-1] INFO  server.RaftServerConfigKeys (ConfUtils.java:logGet(43)) - raft.server.log.appender.install.snapshot.enabled = false (custom)
2019-10-02 07:34:30,851 [pool-87-thread-1] INFO  impl.RaftServerImpl (ServerState.java:<init>(103)) - e774d0d1-00b7-40b4-85b3-8faca11cae95@group-A72EA3A7BBB6: ConfigurationManager, init=-1: [e774d0d1-00b7-40b4-85b3-8faca11cae95:192.168.5.178:33677], old=null, confs=<EMPTY_MAP>
2019-10-02 07:34:30,864 [pool-87-thread-1] INFO  server.RaftServerConfigKeys (ConfUtils.java:logGet(43)) - raft.server.storage.dir = [/workdir/hadoop-ozone/integration-test/target/test-dir/MiniOzoneClusterImpl-2816ce32-9f3d-4212-87e4-3e92bc85cde0/datanode-6/data/ratis] (custom)
2019-10-02 07:34:30,865 [pool-87-thread-1] INFO  server.RaftServerConfigKeys (ConfUtils.java:logGet(43)) - raft.server.log.corruption.policy = EXCEPTION (default)
2019-10-02 07:34:30,865 [pool-87-thread-1] INFO  storage.RaftStorageDirectory (RaftStorageDirectory.java:analyzeStorage(246)) - The storage directory /workdir/hadoop-ozone/integration-test/target/test-dir/MiniOzoneClusterImpl-2816ce32-9f3d-4212-87e4-3e92bc85cde0/datanode-6/data/ratis/8ab8d347-2a1b-488f-898f-a72ea3a7bbb6 does not exist. Creating ...
2019-10-02 07:34:30,880 [pool-87-thread-1] INFO  storage.RaftStorageDirectory (RaftStorageDirectory.java:tryLock(328)) - Lock on /workdir/hadoop-ozone/integration-test/target/test-dir/MiniOzoneClusterImpl-2816ce32-9f3d-4212-87e4-3e92bc85cde0/datanode-6/data/ratis/8ab8d347-2a1b-488f-898f-a72ea3a7bbb6/in_use.lock acquired by nodename 1188@pr-trunk-8bg6x-723665176
2019-10-02 07:34:30,894 [pool-87-thread-1] INFO  storage.RaftStorage (RaftStorage.java:format(84)) - Storage directory /workdir/hadoop-ozone/integration-test/target/test-dir/MiniOzoneClusterImpl-2816ce32-9f3d-4212-87e4-3e92bc85cde0/datanode-6/data/ratis/8ab8d347-2a1b-488f-898f-a72ea3a7bbb6 has been successfully formatted.
2019-10-02 07:34:30,896 [pool-87-thread-1] INFO  ratis.ContainerStateMachine (ContainerStateMachine.java:loadSnapshot(231)) - group-A72EA3A7BBB6: The snapshot info is null. Setting the last applied indexto:(t:0, i:~)
2019-10-02 07:34:30,898 [pool-87-thread-1] INFO  server.RaftServerConfigKeys (ConfUtils.java:logGet(43)) - raft.server.notification.no-leader.timeout = 120s (custom)
2019-10-02 07:34:30,898 [pool-87-thread-1] INFO  server.RaftServerConfigKeys (ConfUtils.java:logGet(43)) - raft.server.log.use.memory = false (default)
2019-10-02 07:34:30,898 [pool-87-thread-1] INFO  server.RaftServerConfigKeys (ConfUtils.java:logGet(43)) - raft.server.log.purge.gap = 1000000 (custom)
2019-10-02 07:34:30,898 [pool-87-thread-1] INFO  server.RaftServerConfigKeys (ConfUtils.java:logGet(43)) - raft.server.log.appender.buffer.byte-limit = 33554432 (custom)
2019-10-02 07:34:30,899 [pool-87-thread-1] INFO  server.RaftServerConfigKeys (ConfUtils.java:logGet(43)) - raft.server.log.segment.size.max = 1048576 (custom)
2019-10-02 07:34:30,905 [pool-87-thread-1] INFO  server.RaftServerConfigKeys (ConfUtils.java:logGet(43)) - raft.server.log.segment.cache.num.max = 2 (custom)
2019-10-02 07:34:30,905 [pool-87-thread-1] INFO  segmented.SegmentedRaftLogWorker (SegmentedRaftLogWorker.java:<init>(173)) - new e774d0d1-00b7-40b4-85b3-8faca11cae95@group-A72EA3A7BBB6-SegmentedRaftLogWorker for RaftStorage:Storage Directory /workdir/hadoop-ozone/integration-test/target/test-dir/MiniOzoneClusterImpl-2816ce32-9f3d-4212-87e4-3e92bc85cde0/datanode-6/data/ratis/8ab8d347-2a1b-488f-898f-a72ea3a7bbb6
2019-10-02 07:34:30,907 [pool-87-thread-1] INFO  server.RaftServerConfigKeys (ConfUtils.java:logGet(43)) - raft.server.log.queue.byte-limit = 2147483647 (custom)
2019-10-02 07:34:30,907 [pool-87-thread-1] INFO  server.RaftServerConfigKeys (ConfUtils.java:logGet(43)) - raft.server.log.queue.element-limit = 1024 (custom)
2019-10-02 07:34:30,907 [pool-87-thread-1] INFO  server.RaftServerConfigKeys (ConfUtils.java:logGet(43)) - raft.server.log.segment.size.max = 1048576 (custom)
2019-10-02 07:34:30,907 [pool-87-thread-1] INFO  server.RaftServerConfigKeys (ConfUtils.java:logGet(43)) - raft.server.log.preallocated.size = 16384 (custom)
2019-10-02 07:34:30,907 [pool-87-thread-1] INFO  server.RaftServerConfigKeys (ConfUtils.java:logGet(43)) - raft.server.log.write.buffer.size = 33554432 (custom)
2019-10-02 07:34:30,907 [pool-87-thread-1] INFO  server.RaftServerConfigKeys (ConfUtils.java:logGet(43)) - raft.server.log.force.sync.num = 128 (default)
2019-10-02 07:34:30,908 [pool-87-thread-1] INFO  server.RaftServerConfigKeys (ConfUtils.java:logGet(43)) - raft.server.log.statemachine.data.sync = true (default)
2019-10-02 07:34:30,908 [pool-87-thread-1] INFO  server.RaftServerConfigKeys (ConfUtils.java:logGet(43)) - raft.server.log.statemachine.data.sync.timeout = 10s (default)
2019-10-02 07:34:30,908 [pool-87-thread-1] INFO  server.RaftServerConfigKeys (ConfUtils.java:logGet(43)) - raft.server.log.statemachine.data.sync.timeout.retry = -1 (default)
2019-10-02 07:34:30,909 [pool-87-thread-1] INFO  server.RaftServerConfigKeys (ConfUtils.java:logGet(43)) - raft.server.log.statemachine.data.caching.enabled = true (custom)
2019-10-02 07:34:30,909 [pool-87-thread-1] INFO  segmented.SegmentedRaftLogWorker (SegmentedRaftLogWorker.java:lambda$new$0(128)) - e774d0d1-00b7-40b4-85b3-8faca11cae95@group-A72EA3A7BBB6-SegmentedRaftLogWorker: flushIndex: setUnconditionally 0 -> -1
2019-10-02 07:34:30,910 [pool-87-thread-1] INFO  server.RaftServerConfigKeys (ConfUtils.java:logGet(43)) - raft.server.snapshot.auto.trigger.enabled = true (custom)
2019-10-02 07:34:30,910 [pool-87-thread-1] INFO  server.RaftServerConfigKeys (ConfUtils.java:logGet(43)) - raft.server.snapshot.auto.trigger.threshold = 10000 (custom)
2019-10-02 07:34:30,910 [pool-87-thread-1] INFO  server.RaftServerConfigKeys (ConfUtils.java:logGet(43)) - raft.server.snapshot.retention.file.num = 5 (custom)
2019-10-02 07:34:30,910 [pool-87-thread-1] INFO  server.RaftServerConfigKeys (ConfUtils.java:logGet(43)) - raft.server.retrycache.expirytime = 600000ms (custom)
2019-10-02 07:34:30,916 [pool-87-thread-1] INFO  impl.RaftServerImpl (RaftServerImpl.java:start(181)) - e774d0d1-00b7-40b4-85b3-8faca11cae95@group-A72EA3A7BBB6: start as a follower, conf=-1: [e774d0d1-00b7-40b4-85b3-8faca11cae95:192.168.5.178:33677], old=null
2019-10-02 07:34:30,916 [pool-87-thread-1] INFO  impl.RaftServerImpl (RaftServerImpl.java:setRole(170)) - e774d0d1-00b7-40b4-85b3-8faca11cae95@group-A72EA3A7BBB6: changes role from      null to FOLLOWER at term 0 for startAsFollower
2019-10-02 07:34:30,916 [pool-87-thread-1] INFO  impl.RoleInfo (RoleInfo.java:updateAndGet(143)) - e774d0d1-00b7-40b4-85b3-8faca11cae95: start FollowerState
2019-10-02 07:34:30,918 [pool-87-thread-1] INFO  util.JmxRegister (JmxRegister.java:tryRegister(44)) - Successfully registered JMX Bean with object name Ratis:service=RaftServer,group=group-A72EA3A7BBB6,id=e774d0d1-00b7-40b4-85b3-8faca11cae95
2019-10-02 07:34:30,941 [RatisPipelineUtilsThread] INFO  pipeline.PipelineStateManager (PipelineStateManager.java:addPipeline(56)) - Created pipeline Pipeline[ Id: 8ab8d347-2a1b-488f-898f-a72ea3a7bbb6, Nodes: e774d0d1-00b7-40b4-85b3-8faca11cae95{ip: 192.168.5.178, host: pr-trunk-8bg6x-723665176, networkLocation: /default-rack, certSerialId: null}, Type:RATIS, Factor:ONE, State:OPEN]
2019-10-02 07:34:30,975 [grpc-default-executor-0] INFO  impl.RaftServerProxy (RaftServerProxy.java:addNew(89)) - ceafac3c-b94e-436b-b57a-960890b1af34: addNew group-087FDD7CB564:[ceafac3c-b94e-436b-b57a-960890b1af34:192.168.5.178:45023] returns group-087FDD7CB564:java.util.concurrent.CompletableFuture@672e16e7[Not completed]
2019-10-02 07:34:30,999 [pool-67-thread-1] INFO  impl.RaftServerImpl (RaftServerImpl.java:<init>(95)) - ceafac3c-b94e-436b-b57a-960890b1af34: new RaftServerImpl for group-087FDD7CB564:[ceafac3c-b94e-436b-b57a-960890b1af34:192.168.5.178:45023] with ContainerStateMachine:uninitialized
2019-10-02 07:34:31,000 [pool-67-thread-1] INFO  server.RaftServerConfigKeys (ConfUtils.java:logGet(43)) - raft.server.rpc.timeout.min = 5s (custom)
2019-10-02 07:34:31,000 [pool-67-thread-1] INFO  server.RaftServerConfigKeys (ConfUtils.java:logGet(43)) - raft.server.rpc.timeout.max = 5200ms (custom)
2019-10-02 07:34:31,000 [pool-67-thread-1] INFO  server.RaftServerConfigKeys (ConfUtils.java:logGet(43)) - raft.server.rpcslowness.timeout = 120s (custom)
2019-10-02 07:34:31,000 [pool-67-thread-1] INFO  server.RaftServerConfigKeys (ConfUtils.java:logGet(43)) - raft.server.sleep.deviation.threshold = 300 (default)
2019-10-02 07:34:31,000 [pool-67-thread-1] INFO  server.RaftServerConfigKeys (ConfUtils.java:logGet(43)) - raft.server.log.appender.install.snapshot.enabled = false (custom)
2019-10-02 07:34:31,000 [pool-67-thread-1] INFO  impl.RaftServerImpl (ServerState.java:<init>(103)) - ceafac3c-b94e-436b-b57a-960890b1af34@group-087FDD7CB564: ConfigurationManager, init=-1: [ceafac3c-b94e-436b-b57a-960890b1af34:192.168.5.178:45023], old=null, confs=<EMPTY_MAP>
2019-10-02 07:34:31,001 [pool-67-thread-1] INFO  server.RaftServerConfigKeys (ConfUtils.java:logGet(43)) - raft.server.storage.dir = [/workdir/hadoop-ozone/integration-test/target/test-dir/MiniOzoneClusterImpl-2816ce32-9f3d-4212-87e4-3e92bc85cde0/datanode-4/data/ratis] (custom)
2019-10-02 07:34:31,001 [pool-67-thread-1] INFO  server.RaftServerConfigKeys (ConfUtils.java:logGet(43)) - raft.server.log.corruption.policy = EXCEPTION (default)
2019-10-02 07:34:31,001 [pool-67-thread-1] INFO  storage.RaftStorageDirectory (RaftStorageDirectory.java:analyzeStorage(246)) - The storage directory /workdir/hadoop-ozone/integration-test/target/test-dir/MiniOzoneClusterImpl-2816ce32-9f3d-4212-87e4-3e92bc85cde0/datanode-4/data/ratis/3bb037d6-e8c6-4647-8c7d-087fdd7cb564 does not exist. Creating ...
2019-10-02 07:34:31,014 [pool-67-thread-1] INFO  storage.RaftStorageDirectory (RaftStorageDirectory.java:tryLock(328)) - Lock on /workdir/hadoop-ozone/integration-test/target/test-dir/MiniOzoneClusterImpl-2816ce32-9f3d-4212-87e4-3e92bc85cde0/datanode-4/data/ratis/3bb037d6-e8c6-4647-8c7d-087fdd7cb564/in_use.lock acquired by nodename 1188@pr-trunk-8bg6x-723665176
2019-10-02 07:34:31,027 [pool-67-thread-1] INFO  storage.RaftStorage (RaftStorage.java:format(84)) - Storage directory /workdir/hadoop-ozone/integration-test/target/test-dir/MiniOzoneClusterImpl-2816ce32-9f3d-4212-87e4-3e92bc85cde0/datanode-4/data/ratis/3bb037d6-e8c6-4647-8c7d-087fdd7cb564 has been successfully formatted.
2019-10-02 07:34:31,028 [pool-67-thread-1] INFO  ratis.ContainerStateMachine (ContainerStateMachine.java:loadSnapshot(231)) - group-087FDD7CB564: The snapshot info is null. Setting the last applied indexto:(t:0, i:~)
2019-10-02 07:34:31,028 [pool-67-thread-1] INFO  server.RaftServerConfigKeys (ConfUtils.java:logGet(43)) - raft.server.notification.no-leader.timeout = 120s (custom)
2019-10-02 07:34:31,028 [pool-67-thread-1] INFO  server.RaftServerConfigKeys (ConfUtils.java:logGet(43)) - raft.server.log.use.memory = false (default)
2019-10-02 07:34:31,028 [pool-67-thread-1] INFO  server.RaftServerConfigKeys (ConfUtils.java:logGet(43)) - raft.server.log.purge.gap = 1000000 (custom)
2019-10-02 07:34:31,028 [pool-67-thread-1] INFO  server.RaftServerConfigKeys (ConfUtils.java:logGet(43)) - raft.server.log.appender.buffer.byte-limit = 33554432 (custom)
2019-10-02 07:34:31,029 [pool-67-thread-1] INFO  server.RaftServerConfigKeys (ConfUtils.java:logGet(43)) - raft.server.log.segment.size.max = 1048576 (custom)
2019-10-02 07:34:31,078 [pool-67-thread-1] INFO  server.RaftServerConfigKeys (ConfUtils.java:logGet(43)) - raft.server.log.segment.cache.num.max = 2 (custom)
2019-10-02 07:34:31,078 [pool-67-thread-1] INFO  segmented.SegmentedRaftLogWorker (SegmentedRaftLogWorker.java:<init>(173)) - new ceafac3c-b94e-436b-b57a-960890b1af34@group-087FDD7CB564-SegmentedRaftLogWorker for RaftStorage:Storage Directory /workdir/hadoop-ozone/integration-test/target/test-dir/MiniOzoneClusterImpl-2816ce32-9f3d-4212-87e4-3e92bc85cde0/datanode-4/data/ratis/3bb037d6-e8c6-4647-8c7d-087fdd7cb564
2019-10-02 07:34:31,078 [pool-67-thread-1] INFO  server.RaftServerConfigKeys (ConfUtils.java:logGet(43)) - raft.server.log.queue.byte-limit = 2147483647 (custom)
2019-10-02 07:34:31,079 [pool-67-thread-1] INFO  server.RaftServerConfigKeys (ConfUtils.java:logGet(43)) - raft.server.log.queue.element-limit = 1024 (custom)
2019-10-02 07:34:31,079 [pool-67-thread-1] INFO  server.RaftServerConfigKeys (ConfUtils.java:logGet(43)) - raft.server.log.segment.size.max = 1048576 (custom)
2019-10-02 07:34:31,079 [pool-67-thread-1] INFO  server.RaftServerConfigKeys (ConfUtils.java:logGet(43)) - raft.server.log.preallocated.size = 16384 (custom)
2019-10-02 07:34:31,079 [pool-67-thread-1] INFO  server.RaftServerConfigKeys (ConfUtils.java:logGet(43)) - raft.server.log.write.buffer.size = 33554432 (custom)
2019-10-02 07:34:31,080 [pool-67-thread-1] INFO  server.RaftServerConfigKeys (ConfUtils.java:logGet(43)) - raft.server.log.force.sync.num = 128 (default)
2019-10-02 07:34:31,080 [pool-67-thread-1] INFO  server.RaftServerConfigKeys (ConfUtils.java:logGet(43)) - raft.server.log.statemachine.data.sync = true (default)
2019-10-02 07:34:31,080 [pool-67-thread-1] INFO  server.RaftServerConfigKeys (ConfUtils.java:logGet(43)) - raft.server.log.statemachine.data.sync.timeout = 10s (default)
2019-10-02 07:34:31,080 [pool-67-thread-1] INFO  server.RaftServerConfigKeys (ConfUtils.java:logGet(43)) - raft.server.log.statemachine.data.sync.timeout.retry = -1 (default)
2019-10-02 07:34:31,081 [pool-67-thread-1] INFO  server.RaftServerConfigKeys (ConfUtils.java:logGet(43)) - raft.server.log.statemachine.data.caching.enabled = true (custom)
2019-10-02 07:34:31,082 [pool-67-thread-1] INFO  segmented.SegmentedRaftLogWorker (SegmentedRaftLogWorker.java:lambda$new$0(128)) - ceafac3c-b94e-436b-b57a-960890b1af34@group-087FDD7CB564-SegmentedRaftLogWorker: flushIndex: setUnconditionally 0 -> -1
2019-10-02 07:34:31,082 [pool-67-thread-1] INFO  server.RaftServerConfigKeys (ConfUtils.java:logGet(43)) - raft.server.snapshot.auto.trigger.enabled = true (custom)
2019-10-02 07:34:31,083 [pool-67-thread-1] INFO  server.RaftServerConfigKeys (ConfUtils.java:logGet(43)) - raft.server.snapshot.auto.trigger.threshold = 10000 (custom)
2019-10-02 07:34:31,083 [pool-67-thread-1] INFO  server.RaftServerConfigKeys (ConfUtils.java:logGet(43)) - raft.server.snapshot.retention.file.num = 5 (custom)
2019-10-02 07:34:31,083 [pool-67-thread-1] INFO  server.RaftServerConfigKeys (ConfUtils.java:logGet(43)) - raft.server.retrycache.expirytime = 600000ms (custom)
2019-10-02 07:34:31,089 [pool-67-thread-1] INFO  impl.RaftServerImpl (RaftServerImpl.java:start(181)) - ceafac3c-b94e-436b-b57a-960890b1af34@group-087FDD7CB564: start as a follower, conf=-1: [ceafac3c-b94e-436b-b57a-960890b1af34:192.168.5.178:45023], old=null
2019-10-02 07:34:31,089 [pool-67-thread-1] INFO  impl.RaftServerImpl (RaftServerImpl.java:setRole(170)) - ceafac3c-b94e-436b-b57a-960890b1af34@group-087FDD7CB564: changes role from      null to FOLLOWER at term 0 for startAsFollower
2019-10-02 07:34:31,089 [pool-67-thread-1] INFO  impl.RoleInfo (RoleInfo.java:updateAndGet(143)) - ceafac3c-b94e-436b-b57a-960890b1af34: start FollowerState
2019-10-02 07:34:31,090 [pool-67-thread-1] INFO  util.JmxRegister (JmxRegister.java:tryRegister(44)) - Successfully registered JMX Bean with object name Ratis:service=RaftServer,group=group-087FDD7CB564,id=ceafac3c-b94e-436b-b57a-960890b1af34
2019-10-02 07:34:31,111 [RatisPipelineUtilsThread] INFO  pipeline.PipelineStateManager (PipelineStateManager.java:addPipeline(56)) - Created pipeline Pipeline[ Id: 3bb037d6-e8c6-4647-8c7d-087fdd7cb564, Nodes: ceafac3c-b94e-436b-b57a-960890b1af34{ip: 192.168.5.178, host: pr-trunk-8bg6x-723665176, networkLocation: /default-rack, certSerialId: null}, Type:RATIS, Factor:ONE, State:OPEN]
2019-10-02 07:34:31,137 [grpc-default-executor-0] INFO  impl.RaftServerProxy (RaftServerProxy.java:addNew(89)) - cb6d8aa3-5895-49c1-85c3-41fbb4c04945: addNew group-AD9564986136:[cb6d8aa3-5895-49c1-85c3-41fbb4c04945:192.168.5.178:44476] returns group-AD9564986136:java.util.concurrent.CompletableFuture@286616d4[Not completed]
2019-10-02 07:34:31,142 [pool-57-thread-1] INFO  impl.RaftServerImpl (RaftServerImpl.java:<init>(95)) - cb6d8aa3-5895-49c1-85c3-41fbb4c04945: new RaftServerImpl for group-AD9564986136:[cb6d8aa3-5895-49c1-85c3-41fbb4c04945:192.168.5.178:44476] with ContainerStateMachine:uninitialized
2019-10-02 07:34:31,142 [pool-57-thread-1] INFO  server.RaftServerConfigKeys (ConfUtils.java:logGet(43)) - raft.server.rpc.timeout.min = 5s (custom)
2019-10-02 07:34:31,143 [pool-57-thread-1] INFO  server.RaftServerConfigKeys (ConfUtils.java:logGet(43)) - raft.server.rpc.timeout.max = 5200ms (custom)
2019-10-02 07:34:31,143 [pool-57-thread-1] INFO  server.RaftServerConfigKeys (ConfUtils.java:logGet(43)) - raft.server.rpcslowness.timeout = 120s (custom)
2019-10-02 07:34:31,143 [pool-57-thread-1] INFO  server.RaftServerConfigKeys (ConfUtils.java:logGet(43)) - raft.server.sleep.deviation.threshold = 300 (default)
2019-10-02 07:34:31,143 [pool-57-thread-1] INFO  server.RaftServerConfigKeys (ConfUtils.java:logGet(43)) - raft.server.log.appender.install.snapshot.enabled = false (custom)
2019-10-02 07:34:31,143 [pool-57-thread-1] INFO  impl.RaftServerImpl (ServerState.java:<init>(103)) - cb6d8aa3-5895-49c1-85c3-41fbb4c04945@group-AD9564986136: ConfigurationManager, init=-1: [cb6d8aa3-5895-49c1-85c3-41fbb4c04945:192.168.5.178:44476], old=null, confs=<EMPTY_MAP>
2019-10-02 07:34:31,144 [pool-57-thread-1] INFO  server.RaftServerConfigKeys (ConfUtils.java:logGet(43)) - raft.server.storage.dir = [/workdir/hadoop-ozone/integration-test/target/test-dir/MiniOzoneClusterImpl-2816ce32-9f3d-4212-87e4-3e92bc85cde0/datanode-3/data/ratis] (custom)
2019-10-02 07:34:31,144 [pool-57-thread-1] INFO  server.RaftServerConfigKeys (ConfUtils.java:logGet(43)) - raft.server.log.corruption.policy = EXCEPTION (default)
2019-10-02 07:34:31,144 [pool-57-thread-1] INFO  storage.RaftStorageDirectory (RaftStorageDirectory.java:analyzeStorage(246)) - The storage directory /workdir/hadoop-ozone/integration-test/target/test-dir/MiniOzoneClusterImpl-2816ce32-9f3d-4212-87e4-3e92bc85cde0/datanode-3/data/ratis/dd9edaaf-88ff-4b99-86ac-ad9564986136 does not exist. Creating ...
2019-10-02 07:34:31,167 [pool-57-thread-1] INFO  storage.RaftStorageDirectory (RaftStorageDirectory.java:tryLock(328)) - Lock on /workdir/hadoop-ozone/integration-test/target/test-dir/MiniOzoneClusterImpl-2816ce32-9f3d-4212-87e4-3e92bc85cde0/datanode-3/data/ratis/dd9edaaf-88ff-4b99-86ac-ad9564986136/in_use.lock acquired by nodename 1188@pr-trunk-8bg6x-723665176
2019-10-02 07:34:31,180 [pool-57-thread-1] INFO  storage.RaftStorage (RaftStorage.java:format(84)) - Storage directory /workdir/hadoop-ozone/integration-test/target/test-dir/MiniOzoneClusterImpl-2816ce32-9f3d-4212-87e4-3e92bc85cde0/datanode-3/data/ratis/dd9edaaf-88ff-4b99-86ac-ad9564986136 has been successfully formatted.
2019-10-02 07:34:31,181 [pool-57-thread-1] INFO  ratis.ContainerStateMachine (ContainerStateMachine.java:loadSnapshot(231)) - group-AD9564986136: The snapshot info is null. Setting the last applied indexto:(t:0, i:~)
2019-10-02 07:34:31,181 [pool-57-thread-1] INFO  server.RaftServerConfigKeys (ConfUtils.java:logGet(43)) - raft.server.notification.no-leader.timeout = 120s (custom)
2019-10-02 07:34:31,181 [pool-57-thread-1] INFO  server.RaftServerConfigKeys (ConfUtils.java:logGet(43)) - raft.server.log.use.memory = false (default)
2019-10-02 07:34:31,181 [pool-57-thread-1] INFO  server.RaftServerConfigKeys (ConfUtils.java:logGet(43)) - raft.server.log.purge.gap = 1000000 (custom)
2019-10-02 07:34:31,184 [pool-57-thread-1] INFO  server.RaftServerConfigKeys (ConfUtils.java:logGet(43)) - raft.server.log.appender.buffer.byte-limit = 33554432 (custom)
2019-10-02 07:34:31,184 [pool-57-thread-1] INFO  server.RaftServerConfigKeys (ConfUtils.java:logGet(43)) - raft.server.log.segment.size.max = 1048576 (custom)
2019-10-02 07:34:31,189 [pool-57-thread-1] INFO  server.RaftServerConfigKeys (ConfUtils.java:logGet(43)) - raft.server.log.segment.cache.num.max = 2 (custom)
2019-10-02 07:34:31,189 [pool-57-thread-1] INFO  segmented.SegmentedRaftLogWorker (SegmentedRaftLogWorker.java:<init>(173)) - new cb6d8aa3-5895-49c1-85c3-41fbb4c04945@group-AD9564986136-SegmentedRaftLogWorker for RaftStorage:Storage Directory /workdir/hadoop-ozone/integration-test/target/test-dir/MiniOzoneClusterImpl-2816ce32-9f3d-4212-87e4-3e92bc85cde0/datanode-3/data/ratis/dd9edaaf-88ff-4b99-86ac-ad9564986136
2019-10-02 07:34:31,189 [pool-57-thread-1] INFO  server.RaftServerConfigKeys (ConfUtils.java:logGet(43)) - raft.server.log.queue.byte-limit = 2147483647 (custom)
2019-10-02 07:34:31,189 [pool-57-thread-1] INFO  server.RaftServerConfigKeys (ConfUtils.java:logGet(43)) - raft.server.log.queue.element-limit = 1024 (custom)
2019-10-02 07:34:31,189 [pool-57-thread-1] INFO  server.RaftServerConfigKeys (ConfUtils.java:logGet(43)) - raft.server.log.segment.size.max = 1048576 (custom)
2019-10-02 07:34:31,190 [pool-57-thread-1] INFO  server.RaftServerConfigKeys (ConfUtils.java:logGet(43)) - raft.server.log.preallocated.size = 16384 (custom)
2019-10-02 07:34:31,190 [pool-57-thread-1] INFO  server.RaftServerConfigKeys (ConfUtils.java:logGet(43)) - raft.server.log.write.buffer.size = 33554432 (custom)
2019-10-02 07:34:31,190 [pool-57-thread-1] INFO  server.RaftServerConfigKeys (ConfUtils.java:logGet(43)) - raft.server.log.force.sync.num = 128 (default)
2019-10-02 07:34:31,190 [pool-57-thread-1] INFO  server.RaftServerConfigKeys (ConfUtils.java:logGet(43)) - raft.server.log.statemachine.data.sync = true (default)
2019-10-02 07:34:31,191 [pool-57-thread-1] INFO  server.RaftServerConfigKeys (ConfUtils.java:logGet(43)) - raft.server.log.statemachine.data.sync.timeout = 10s (default)
2019-10-02 07:34:31,191 [pool-57-thread-1] INFO  server.RaftServerConfigKeys (ConfUtils.java:logGet(43)) - raft.server.log.statemachine.data.sync.timeout.retry = -1 (default)
2019-10-02 07:34:31,192 [pool-57-thread-1] INFO  server.RaftServerConfigKeys (ConfUtils.java:logGet(43)) - raft.server.log.statemachine.data.caching.enabled = true (custom)
2019-10-02 07:34:31,192 [pool-57-thread-1] INFO  segmented.SegmentedRaftLogWorker (SegmentedRaftLogWorker.java:lambda$new$0(128)) - cb6d8aa3-5895-49c1-85c3-41fbb4c04945@group-AD9564986136-SegmentedRaftLogWorker: flushIndex: setUnconditionally 0 -> -1
2019-10-02 07:34:31,192 [pool-57-thread-1] INFO  server.RaftServerConfigKeys (ConfUtils.java:logGet(43)) - raft.server.snapshot.auto.trigger.enabled = true (custom)
2019-10-02 07:34:31,193 [pool-57-thread-1] INFO  server.RaftServerConfigKeys (ConfUtils.java:logGet(43)) - raft.server.snapshot.auto.trigger.threshold = 10000 (custom)
2019-10-02 07:34:31,193 [pool-57-thread-1] INFO  server.RaftServerConfigKeys (ConfUtils.java:logGet(43)) - raft.server.snapshot.retention.file.num = 5 (custom)
2019-10-02 07:34:31,193 [pool-57-thread-1] INFO  server.RaftServerConfigKeys (ConfUtils.java:logGet(43)) - raft.server.retrycache.expirytime = 600000ms (custom)
2019-10-02 07:34:31,197 [pool-57-thread-1] INFO  impl.RaftServerImpl (RaftServerImpl.java:start(181)) - cb6d8aa3-5895-49c1-85c3-41fbb4c04945@group-AD9564986136: start as a follower, conf=-1: [cb6d8aa3-5895-49c1-85c3-41fbb4c04945:192.168.5.178:44476], old=null
2019-10-02 07:34:31,197 [pool-57-thread-1] INFO  impl.RaftServerImpl (RaftServerImpl.java:setRole(170)) - cb6d8aa3-5895-49c1-85c3-41fbb4c04945@group-AD9564986136: changes role from      null to FOLLOWER at term 0 for startAsFollower
2019-10-02 07:34:31,198 [pool-57-thread-1] INFO  impl.RoleInfo (RoleInfo.java:updateAndGet(143)) - cb6d8aa3-5895-49c1-85c3-41fbb4c04945: start FollowerState
2019-10-02 07:34:31,198 [pool-57-thread-1] INFO  util.JmxRegister (JmxRegister.java:tryRegister(44)) - Successfully registered JMX Bean with object name Ratis:service=RaftServer,group=group-AD9564986136,id=cb6d8aa3-5895-49c1-85c3-41fbb4c04945
2019-10-02 07:34:31,219 [RatisPipelineUtilsThread] INFO  pipeline.PipelineStateManager (PipelineStateManager.java:addPipeline(56)) - Created pipeline Pipeline[ Id: dd9edaaf-88ff-4b99-86ac-ad9564986136, Nodes: cb6d8aa3-5895-49c1-85c3-41fbb4c04945{ip: 192.168.5.178, host: pr-trunk-8bg6x-723665176, networkLocation: /default-rack, certSerialId: null}, Type:RATIS, Factor:ONE, State:OPEN]
2019-10-02 07:34:31,245 [grpc-default-executor-0] INFO  impl.RaftServerProxy (RaftServerProxy.java:addNew(89)) - f465c0ec-0be9-4ae9-8f51-a8818d3fe0fc: addNew group-A803D24BC7D0:[f465c0ec-0be9-4ae9-8f51-a8818d3fe0fc:192.168.5.178:34436] returns group-A803D24BC7D0:java.util.concurrent.CompletableFuture@51a9c9c8[Not completed]
2019-10-02 07:34:31,250 [pool-47-thread-1] INFO  impl.RaftServerImpl (RaftServerImpl.java:<init>(95)) - f465c0ec-0be9-4ae9-8f51-a8818d3fe0fc: new RaftServerImpl for group-A803D24BC7D0:[f465c0ec-0be9-4ae9-8f51-a8818d3fe0fc:192.168.5.178:34436] with ContainerStateMachine:uninitialized
2019-10-02 07:34:31,250 [pool-47-thread-1] INFO  server.RaftServerConfigKeys (ConfUtils.java:logGet(43)) - raft.server.rpc.timeout.min = 5s (custom)
2019-10-02 07:34:31,250 [pool-47-thread-1] INFO  server.RaftServerConfigKeys (ConfUtils.java:logGet(43)) - raft.server.rpc.timeout.max = 5200ms (custom)
2019-10-02 07:34:31,250 [pool-47-thread-1] INFO  server.RaftServerConfigKeys (ConfUtils.java:logGet(43)) - raft.server.rpcslowness.timeout = 120s (custom)
2019-10-02 07:34:31,251 [pool-47-thread-1] INFO  server.RaftServerConfigKeys (ConfUtils.java:logGet(43)) - raft.server.sleep.deviation.threshold = 300 (default)
2019-10-02 07:34:31,251 [pool-47-thread-1] INFO  server.RaftServerConfigKeys (ConfUtils.java:logGet(43)) - raft.server.log.appender.install.snapshot.enabled = false (custom)
2019-10-02 07:34:31,251 [pool-47-thread-1] INFO  impl.RaftServerImpl (ServerState.java:<init>(103)) - f465c0ec-0be9-4ae9-8f51-a8818d3fe0fc@group-A803D24BC7D0: ConfigurationManager, init=-1: [f465c0ec-0be9-4ae9-8f51-a8818d3fe0fc:192.168.5.178:34436], old=null, confs=<EMPTY_MAP>
2019-10-02 07:34:31,251 [pool-47-thread-1] INFO  server.RaftServerConfigKeys (ConfUtils.java:logGet(43)) - raft.server.storage.dir = [/workdir/hadoop-ozone/integration-test/target/test-dir/MiniOzoneClusterImpl-2816ce32-9f3d-4212-87e4-3e92bc85cde0/datanode-2/data/ratis] (custom)
2019-10-02 07:34:31,252 [pool-47-thread-1] INFO  server.RaftServerConfigKeys (ConfUtils.java:logGet(43)) - raft.server.log.corruption.policy = EXCEPTION (default)
2019-10-02 07:34:31,252 [pool-47-thread-1] INFO  storage.RaftStorageDirectory (RaftStorageDirectory.java:analyzeStorage(246)) - The storage directory /workdir/hadoop-ozone/integration-test/target/test-dir/MiniOzoneClusterImpl-2816ce32-9f3d-4212-87e4-3e92bc85cde0/datanode-2/data/ratis/121b7446-b0fe-4ce5-a138-a803d24bc7d0 does not exist. Creating ...
2019-10-02 07:34:31,266 [pool-47-thread-1] INFO  storage.RaftStorageDirectory (RaftStorageDirectory.java:tryLock(328)) - Lock on /workdir/hadoop-ozone/integration-test/target/test-dir/MiniOzoneClusterImpl-2816ce32-9f3d-4212-87e4-3e92bc85cde0/datanode-2/data/ratis/121b7446-b0fe-4ce5-a138-a803d24bc7d0/in_use.lock acquired by nodename 1188@pr-trunk-8bg6x-723665176
2019-10-02 07:34:31,279 [pool-47-thread-1] INFO  storage.RaftStorage (RaftStorage.java:format(84)) - Storage directory /workdir/hadoop-ozone/integration-test/target/test-dir/MiniOzoneClusterImpl-2816ce32-9f3d-4212-87e4-3e92bc85cde0/datanode-2/data/ratis/121b7446-b0fe-4ce5-a138-a803d24bc7d0 has been successfully formatted.
2019-10-02 07:34:31,280 [pool-47-thread-1] INFO  ratis.ContainerStateMachine (ContainerStateMachine.java:loadSnapshot(231)) - group-A803D24BC7D0: The snapshot info is null. Setting the last applied indexto:(t:0, i:~)
2019-10-02 07:34:31,280 [pool-47-thread-1] INFO  server.RaftServerConfigKeys (ConfUtils.java:logGet(43)) - raft.server.notification.no-leader.timeout = 120s (custom)
2019-10-02 07:34:31,280 [pool-47-thread-1] INFO  server.RaftServerConfigKeys (ConfUtils.java:logGet(43)) - raft.server.log.use.memory = false (default)
2019-10-02 07:34:31,280 [pool-47-thread-1] INFO  server.RaftServerConfigKeys (ConfUtils.java:logGet(43)) - raft.server.log.purge.gap = 1000000 (custom)
2019-10-02 07:34:31,280 [pool-47-thread-1] INFO  server.RaftServerConfigKeys (ConfUtils.java:logGet(43)) - raft.server.log.appender.buffer.byte-limit = 33554432 (custom)
2019-10-02 07:34:31,281 [pool-47-thread-1] INFO  server.RaftServerConfigKeys (ConfUtils.java:logGet(43)) - raft.server.log.segment.size.max = 1048576 (custom)
2019-10-02 07:34:31,284 [pool-47-thread-1] INFO  server.RaftServerConfigKeys (ConfUtils.java:logGet(43)) - raft.server.log.segment.cache.num.max = 2 (custom)
2019-10-02 07:34:31,285 [pool-47-thread-1] INFO  segmented.SegmentedRaftLogWorker (SegmentedRaftLogWorker.java:<init>(173)) - new f465c0ec-0be9-4ae9-8f51-a8818d3fe0fc@group-A803D24BC7D0-SegmentedRaftLogWorker for RaftStorage:Storage Directory /workdir/hadoop-ozone/integration-test/target/test-dir/MiniOzoneClusterImpl-2816ce32-9f3d-4212-87e4-3e92bc85cde0/datanode-2/data/ratis/121b7446-b0fe-4ce5-a138-a803d24bc7d0
2019-10-02 07:34:31,285 [pool-47-thread-1] INFO  server.RaftServerConfigKeys (ConfUtils.java:logGet(43)) - raft.server.log.queue.byte-limit = 2147483647 (custom)
2019-10-02 07:34:31,285 [pool-47-thread-1] INFO  server.RaftServerConfigKeys (ConfUtils.java:logGet(43)) - raft.server.log.queue.element-limit = 1024 (custom)
2019-10-02 07:34:31,285 [pool-47-thread-1] INFO  server.RaftServerConfigKeys (ConfUtils.java:logGet(43)) - raft.server.log.segment.size.max = 1048576 (custom)
2019-10-02 07:34:31,285 [pool-47-thread-1] INFO  server.RaftServerConfigKeys (ConfUtils.java:logGet(43)) - raft.server.log.preallocated.size = 16384 (custom)
2019-10-02 07:34:31,286 [pool-47-thread-1] INFO  server.RaftServerConfigKeys (ConfUtils.java:logGet(43)) - raft.server.log.write.buffer.size = 33554432 (custom)
2019-10-02 07:34:31,286 [pool-47-thread-1] INFO  server.RaftServerConfigKeys (ConfUtils.java:logGet(43)) - raft.server.log.force.sync.num = 128 (default)
2019-10-02 07:34:31,286 [pool-47-thread-1] INFO  server.RaftServerConfigKeys (ConfUtils.java:logGet(43)) - raft.server.log.statemachine.data.sync = true (default)
2019-10-02 07:34:31,286 [pool-47-thread-1] INFO  server.RaftServerConfigKeys (ConfUtils.java:logGet(43)) - raft.server.log.statemachine.data.sync.timeout = 10s (default)
2019-10-02 07:34:31,286 [pool-47-thread-1] INFO  server.RaftServerConfigKeys (ConfUtils.java:logGet(43)) - raft.server.log.statemachine.data.sync.timeout.retry = -1 (default)
2019-10-02 07:34:31,287 [pool-47-thread-1] INFO  server.RaftServerConfigKeys (ConfUtils.java:logGet(43)) - raft.server.log.statemachine.data.caching.enabled = true (custom)
2019-10-02 07:34:31,288 [pool-47-thread-1] INFO  segmented.SegmentedRaftLogWorker (SegmentedRaftLogWorker.java:lambda$new$0(128)) - f465c0ec-0be9-4ae9-8f51-a8818d3fe0fc@group-A803D24BC7D0-SegmentedRaftLogWorker: flushIndex: setUnconditionally 0 -> -1
2019-10-02 07:34:31,288 [pool-47-thread-1] INFO  server.RaftServerConfigKeys (ConfUtils.java:logGet(43)) - raft.server.snapshot.auto.trigger.enabled = true (custom)
2019-10-02 07:34:31,288 [pool-47-thread-1] INFO  server.RaftServerConfigKeys (ConfUtils.java:logGet(43)) - raft.server.snapshot.auto.trigger.threshold = 10000 (custom)
2019-10-02 07:34:31,288 [pool-47-thread-1] INFO  server.RaftServerConfigKeys (ConfUtils.java:logGet(43)) - raft.server.snapshot.retention.file.num = 5 (custom)
2019-10-02 07:34:31,289 [pool-47-thread-1] INFO  server.RaftServerConfigKeys (ConfUtils.java:logGet(43)) - raft.server.retrycache.expirytime = 600000ms (custom)
2019-10-02 07:34:31,292 [pool-47-thread-1] INFO  impl.RaftServerImpl (RaftServerImpl.java:start(181)) - f465c0ec-0be9-4ae9-8f51-a8818d3fe0fc@group-A803D24BC7D0: start as a follower, conf=-1: [f465c0ec-0be9-4ae9-8f51-a8818d3fe0fc:192.168.5.178:34436], old=null
2019-10-02 07:34:31,292 [pool-47-thread-1] INFO  impl.RaftServerImpl (RaftServerImpl.java:setRole(170)) - f465c0ec-0be9-4ae9-8f51-a8818d3fe0fc@group-A803D24BC7D0: changes role from      null to FOLLOWER at term 0 for startAsFollower
2019-10-02 07:34:31,293 [pool-47-thread-1] INFO  impl.RoleInfo (RoleInfo.java:updateAndGet(143)) - f465c0ec-0be9-4ae9-8f51-a8818d3fe0fc: start FollowerState
2019-10-02 07:34:31,293 [pool-47-thread-1] INFO  util.JmxRegister (JmxRegister.java:tryRegister(44)) - Successfully registered JMX Bean with object name Ratis:service=RaftServer,group=group-A803D24BC7D0,id=f465c0ec-0be9-4ae9-8f51-a8818d3fe0fc
2019-10-02 07:34:31,312 [RatisPipelineUtilsThread] INFO  pipeline.PipelineStateManager (PipelineStateManager.java:addPipeline(56)) - Created pipeline Pipeline[ Id: 121b7446-b0fe-4ce5-a138-a803d24bc7d0, Nodes: f465c0ec-0be9-4ae9-8f51-a8818d3fe0fc{ip: 192.168.5.178, host: pr-trunk-8bg6x-723665176, networkLocation: /default-rack, certSerialId: null}, Type:RATIS, Factor:ONE, State:OPEN]
2019-10-02 07:34:31,336 [main] INFO  ozone.MiniOzoneClusterImpl (MiniOzoneClusterImpl.java:lambda$waitForClusterToBeReady$0(147)) - Cluster is ready. Got 7 of 7 DN Heartbeats.
2019-10-02 07:34:31,343 [grpc-default-executor-0] INFO  impl.RaftServerProxy (RaftServerProxy.java:addNew(89)) - 1b828d8a-bca8-4046-ad6d-863244307b25: addNew group-4E55DCFAE10C:[1b828d8a-bca8-4046-ad6d-863244307b25:192.168.5.178:42961] returns group-4E55DCFAE10C:java.util.concurrent.CompletableFuture@1c459272[Not completed]
2019-10-02 07:34:31,346 [pool-37-thread-1] INFO  impl.RaftServerImpl (RaftServerImpl.java:<init>(95)) - 1b828d8a-bca8-4046-ad6d-863244307b25: new RaftServerImpl for group-4E55DCFAE10C:[1b828d8a-bca8-4046-ad6d-863244307b25:192.168.5.178:42961] with ContainerStateMachine:uninitialized
2019-10-02 07:34:31,346 [pool-37-thread-1] INFO  server.RaftServerConfigKeys (ConfUtils.java:logGet(43)) - raft.server.rpc.timeout.min = 5s (custom)
2019-10-02 07:34:31,347 [pool-37-thread-1] INFO  server.RaftServerConfigKeys (ConfUtils.java:logGet(43)) - raft.server.rpc.timeout.max = 5200ms (custom)
2019-10-02 07:34:31,347 [pool-37-thread-1] INFO  server.RaftServerConfigKeys (ConfUtils.java:logGet(43)) - raft.server.rpcslowness.timeout = 120s (custom)
2019-10-02 07:34:31,347 [pool-37-thread-1] INFO  server.RaftServerConfigKeys (ConfUtils.java:logGet(43)) - raft.server.sleep.deviation.threshold = 300 (default)
2019-10-02 07:34:31,347 [pool-37-thread-1] INFO  server.RaftServerConfigKeys (ConfUtils.java:logGet(43)) - raft.server.log.appender.install.snapshot.enabled = false (custom)
2019-10-02 07:34:31,347 [pool-37-thread-1] INFO  impl.RaftServerImpl (ServerState.java:<init>(103)) - 1b828d8a-bca8-4046-ad6d-863244307b25@group-4E55DCFAE10C: ConfigurationManager, init=-1: [1b828d8a-bca8-4046-ad6d-863244307b25:192.168.5.178:42961], old=null, confs=<EMPTY_MAP>
2019-10-02 07:34:31,348 [pool-37-thread-1] INFO  server.RaftServerConfigKeys (ConfUtils.java:logGet(43)) - raft.server.storage.dir = [/workdir/hadoop-ozone/integration-test/target/test-dir/MiniOzoneClusterImpl-2816ce32-9f3d-4212-87e4-3e92bc85cde0/datanode-1/data/ratis] (custom)
2019-10-02 07:34:31,348 [pool-37-thread-1] INFO  server.RaftServerConfigKeys (ConfUtils.java:logGet(43)) - raft.server.log.corruption.policy = EXCEPTION (default)
2019-10-02 07:34:31,349 [pool-37-thread-1] INFO  storage.RaftStorageDirectory (RaftStorageDirectory.java:analyzeStorage(246)) - The storage directory /workdir/hadoop-ozone/integration-test/target/test-dir/MiniOzoneClusterImpl-2816ce32-9f3d-4212-87e4-3e92bc85cde0/datanode-1/data/ratis/b0724561-c210-46e0-bcca-4e55dcfae10c does not exist. Creating ...
2019-10-02 07:34:31,362 [pool-37-thread-1] INFO  storage.RaftStorageDirectory (RaftStorageDirectory.java:tryLock(328)) - Lock on /workdir/hadoop-ozone/integration-test/target/test-dir/MiniOzoneClusterImpl-2816ce32-9f3d-4212-87e4-3e92bc85cde0/datanode-1/data/ratis/b0724561-c210-46e0-bcca-4e55dcfae10c/in_use.lock acquired by nodename 1188@pr-trunk-8bg6x-723665176
2019-10-02 07:34:31,375 [pool-37-thread-1] INFO  storage.RaftStorage (RaftStorage.java:format(84)) - Storage directory /workdir/hadoop-ozone/integration-test/target/test-dir/MiniOzoneClusterImpl-2816ce32-9f3d-4212-87e4-3e92bc85cde0/datanode-1/data/ratis/b0724561-c210-46e0-bcca-4e55dcfae10c has been successfully formatted.
2019-10-02 07:34:31,376 [pool-37-thread-1] INFO  ratis.ContainerStateMachine (ContainerStateMachine.java:loadSnapshot(231)) - group-4E55DCFAE10C: The snapshot info is null. Setting the last applied indexto:(t:0, i:~)
2019-10-02 07:34:31,376 [pool-37-thread-1] INFO  server.RaftServerConfigKeys (ConfUtils.java:logGet(43)) - raft.server.notification.no-leader.timeout = 120s (custom)
2019-10-02 07:34:31,376 [pool-37-thread-1] INFO  server.RaftServerConfigKeys (ConfUtils.java:logGet(43)) - raft.server.log.use.memory = false (default)
2019-10-02 07:34:31,376 [pool-37-thread-1] INFO  server.RaftServerConfigKeys (ConfUtils.java:logGet(43)) - raft.server.log.purge.gap = 1000000 (custom)
2019-10-02 07:34:31,377 [pool-37-thread-1] INFO  server.RaftServerConfigKeys (ConfUtils.java:logGet(43)) - raft.server.log.appender.buffer.byte-limit = 33554432 (custom)
2019-10-02 07:34:31,377 [pool-37-thread-1] INFO  server.RaftServerConfigKeys (ConfUtils.java:logGet(43)) - raft.server.log.segment.size.max = 1048576 (custom)
2019-10-02 07:34:31,380 [pool-37-thread-1] INFO  server.RaftServerConfigKeys (ConfUtils.java:logGet(43)) - raft.server.log.segment.cache.num.max = 2 (custom)
2019-10-02 07:34:31,381 [pool-37-thread-1] INFO  segmented.SegmentedRaftLogWorker (SegmentedRaftLogWorker.java:<init>(173)) - new 1b828d8a-bca8-4046-ad6d-863244307b25@group-4E55DCFAE10C-SegmentedRaftLogWorker for RaftStorage:Storage Directory /workdir/hadoop-ozone/integration-test/target/test-dir/MiniOzoneClusterImpl-2816ce32-9f3d-4212-87e4-3e92bc85cde0/datanode-1/data/ratis/b0724561-c210-46e0-bcca-4e55dcfae10c
2019-10-02 07:34:31,381 [pool-37-thread-1] INFO  server.RaftServerConfigKeys (ConfUtils.java:logGet(43)) - raft.server.log.queue.byte-limit = 2147483647 (custom)
2019-10-02 07:34:31,381 [pool-37-thread-1] INFO  server.RaftServerConfigKeys (ConfUtils.java:logGet(43)) - raft.server.log.queue.element-limit = 1024 (custom)
2019-10-02 07:34:31,381 [pool-37-thread-1] INFO  server.RaftServerConfigKeys (ConfUtils.java:logGet(43)) - raft.server.log.segment.size.max = 1048576 (custom)
2019-10-02 07:34:31,381 [pool-37-thread-1] INFO  server.RaftServerConfigKeys (ConfUtils.java:logGet(43)) - raft.server.log.preallocated.size = 16384 (custom)
2019-10-02 07:34:31,382 [pool-37-thread-1] INFO  server.RaftServerConfigKeys (ConfUtils.java:logGet(43)) - raft.server.log.write.buffer.size = 33554432 (custom)
2019-10-02 07:34:31,382 [pool-37-thread-1] INFO  server.RaftServerConfigKeys (ConfUtils.java:logGet(43)) - raft.server.log.force.sync.num = 128 (default)
2019-10-02 07:34:31,382 [pool-37-thread-1] INFO  server.RaftServerConfigKeys (ConfUtils.java:logGet(43)) - raft.server.log.statemachine.data.sync = true (default)
2019-10-02 07:34:31,382 [pool-37-thread-1] INFO  server.RaftServerConfigKeys (ConfUtils.java:logGet(43)) - raft.server.log.statemachine.data.sync.timeout = 10s (default)
2019-10-02 07:34:31,382 [pool-37-thread-1] INFO  server.RaftServerConfigKeys (ConfUtils.java:logGet(43)) - raft.server.log.statemachine.data.sync.timeout.retry = -1 (default)
2019-10-02 07:34:31,383 [pool-37-thread-1] INFO  server.RaftServerConfigKeys (ConfUtils.java:logGet(43)) - raft.server.log.statemachine.data.caching.enabled = true (custom)
2019-10-02 07:34:31,384 [pool-37-thread-1] INFO  segmented.SegmentedRaftLogWorker (SegmentedRaftLogWorker.java:lambda$new$0(128)) - 1b828d8a-bca8-4046-ad6d-863244307b25@group-4E55DCFAE10C-SegmentedRaftLogWorker: flushIndex: setUnconditionally 0 -> -1
2019-10-02 07:34:31,384 [pool-37-thread-1] INFO  server.RaftServerConfigKeys (ConfUtils.java:logGet(43)) - raft.server.snapshot.auto.trigger.enabled = true (custom)
2019-10-02 07:34:31,384 [pool-37-thread-1] INFO  server.RaftServerConfigKeys (ConfUtils.java:logGet(43)) - raft.server.snapshot.auto.trigger.threshold = 10000 (custom)
2019-10-02 07:34:31,384 [pool-37-thread-1] INFO  server.RaftServerConfigKeys (ConfUtils.java:logGet(43)) - raft.server.snapshot.retention.file.num = 5 (custom)
2019-10-02 07:34:31,385 [pool-37-thread-1] INFO  server.RaftServerConfigKeys (ConfUtils.java:logGet(43)) - raft.server.retrycache.expirytime = 600000ms (custom)
2019-10-02 07:34:31,388 [pool-37-thread-1] INFO  impl.RaftServerImpl (RaftServerImpl.java:start(181)) - 1b828d8a-bca8-4046-ad6d-863244307b25@group-4E55DCFAE10C: start as a follower, conf=-1: [1b828d8a-bca8-4046-ad6d-863244307b25:192.168.5.178:42961], old=null
2019-10-02 07:34:31,388 [pool-37-thread-1] INFO  impl.RaftServerImpl (RaftServerImpl.java:setRole(170)) - 1b828d8a-bca8-4046-ad6d-863244307b25@group-4E55DCFAE10C: changes role from      null to FOLLOWER at term 0 for startAsFollower
2019-10-02 07:34:31,388 [pool-37-thread-1] INFO  impl.RoleInfo (RoleInfo.java:updateAndGet(143)) - 1b828d8a-bca8-4046-ad6d-863244307b25: start FollowerState
2019-10-02 07:34:31,389 [pool-37-thread-1] INFO  util.JmxRegister (JmxRegister.java:tryRegister(44)) - Successfully registered JMX Bean with object name Ratis:service=RaftServer,group=group-4E55DCFAE10C,id=1b828d8a-bca8-4046-ad6d-863244307b25
2019-10-02 07:34:31,409 [RatisPipelineUtilsThread] INFO  pipeline.PipelineStateManager (PipelineStateManager.java:addPipeline(56)) - Created pipeline Pipeline[ Id: b0724561-c210-46e0-bcca-4e55dcfae10c, Nodes: 1b828d8a-bca8-4046-ad6d-863244307b25{ip: 192.168.5.178, host: pr-trunk-8bg6x-723665176, networkLocation: /default-rack, certSerialId: null}, Type:RATIS, Factor:ONE, State:OPEN]
2019-10-02 07:34:31,428 [grpc-default-executor-0] INFO  impl.RaftServerProxy (RaftServerProxy.java:addNew(89)) - b2e1dc6f-682c-466b-901a-3a10d773ae7f: addNew group-58FC2A8F789F:[b2e1dc6f-682c-466b-901a-3a10d773ae7f:192.168.5.178:42977] returns group-58FC2A8F789F:java.util.concurrent.CompletableFuture@6e8a484e[Not completed]
2019-10-02 07:34:31,433 [pool-77-thread-1] INFO  impl.RaftServerImpl (RaftServerImpl.java:<init>(95)) - b2e1dc6f-682c-466b-901a-3a10d773ae7f: new RaftServerImpl for group-58FC2A8F789F:[b2e1dc6f-682c-466b-901a-3a10d773ae7f:192.168.5.178:42977] with ContainerStateMachine:uninitialized
2019-10-02 07:34:31,433 [pool-77-thread-1] INFO  server.RaftServerConfigKeys (ConfUtils.java:logGet(43)) - raft.server.rpc.timeout.min = 5s (custom)
2019-10-02 07:34:31,433 [pool-77-thread-1] INFO  server.RaftServerConfigKeys (ConfUtils.java:logGet(43)) - raft.server.rpc.timeout.max = 5200ms (custom)
2019-10-02 07:34:31,433 [pool-77-thread-1] INFO  server.RaftServerConfigKeys (ConfUtils.java:logGet(43)) - raft.server.rpcslowness.timeout = 120s (custom)
2019-10-02 07:34:31,433 [pool-77-thread-1] INFO  server.RaftServerConfigKeys (ConfUtils.java:logGet(43)) - raft.server.sleep.deviation.threshold = 300 (default)
2019-10-02 07:34:31,433 [pool-77-thread-1] INFO  server.RaftServerConfigKeys (ConfUtils.java:logGet(43)) - raft.server.log.appender.install.snapshot.enabled = false (custom)
2019-10-02 07:34:31,434 [pool-77-thread-1] INFO  impl.RaftServerImpl (ServerState.java:<init>(103)) - b2e1dc6f-682c-466b-901a-3a10d773ae7f@group-58FC2A8F789F: ConfigurationManager, init=-1: [b2e1dc6f-682c-466b-901a-3a10d773ae7f:192.168.5.178:42977], old=null, confs=<EMPTY_MAP>
2019-10-02 07:34:31,434 [pool-77-thread-1] INFO  server.RaftServerConfigKeys (ConfUtils.java:logGet(43)) - raft.server.storage.dir = [/workdir/hadoop-ozone/integration-test/target/test-dir/MiniOzoneClusterImpl-2816ce32-9f3d-4212-87e4-3e92bc85cde0/datanode-5/data/ratis] (custom)
2019-10-02 07:34:31,434 [pool-77-thread-1] INFO  server.RaftServerConfigKeys (ConfUtils.java:logGet(43)) - raft.server.log.corruption.policy = EXCEPTION (default)
2019-10-02 07:34:31,434 [pool-77-thread-1] INFO  storage.RaftStorageDirectory (RaftStorageDirectory.java:analyzeStorage(246)) - The storage directory /workdir/hadoop-ozone/integration-test/target/test-dir/MiniOzoneClusterImpl-2816ce32-9f3d-4212-87e4-3e92bc85cde0/datanode-5/data/ratis/87e4e65f-0f45-41cf-b9a1-58fc2a8f789f does not exist. Creating ...
2019-10-02 07:34:31,447 [pool-77-thread-1] INFO  storage.RaftStorageDirectory (RaftStorageDirectory.java:tryLock(328)) - Lock on /workdir/hadoop-ozone/integration-test/target/test-dir/MiniOzoneClusterImpl-2816ce32-9f3d-4212-87e4-3e92bc85cde0/datanode-5/data/ratis/87e4e65f-0f45-41cf-b9a1-58fc2a8f789f/in_use.lock acquired by nodename 1188@pr-trunk-8bg6x-723665176
2019-10-02 07:34:31,465 [pool-77-thread-1] INFO  storage.RaftStorage (RaftStorage.java:format(84)) - Storage directory /workdir/hadoop-ozone/integration-test/target/test-dir/MiniOzoneClusterImpl-2816ce32-9f3d-4212-87e4-3e92bc85cde0/datanode-5/data/ratis/87e4e65f-0f45-41cf-b9a1-58fc2a8f789f has been successfully formatted.
2019-10-02 07:34:31,465 [pool-77-thread-1] INFO  ratis.ContainerStateMachine (ContainerStateMachine.java:loadSnapshot(231)) - group-58FC2A8F789F: The snapshot info is null. Setting the last applied indexto:(t:0, i:~)
2019-10-02 07:34:31,465 [pool-77-thread-1] INFO  server.RaftServerConfigKeys (ConfUtils.java:logGet(43)) - raft.server.notification.no-leader.timeout = 120s (custom)
2019-10-02 07:34:31,465 [pool-77-thread-1] INFO  server.RaftServerConfigKeys (ConfUtils.java:logGet(43)) - raft.server.log.use.memory = false (default)
2019-10-02 07:34:31,465 [pool-77-thread-1] INFO  server.RaftServerConfigKeys (ConfUtils.java:logGet(43)) - raft.server.log.purge.gap = 1000000 (custom)
2019-10-02 07:34:31,466 [pool-77-thread-1] INFO  server.RaftServerConfigKeys (ConfUtils.java:logGet(43)) - raft.server.log.appender.buffer.byte-limit = 33554432 (custom)
2019-10-02 07:34:31,466 [pool-77-thread-1] INFO  server.RaftServerConfigKeys (ConfUtils.java:logGet(43)) - raft.server.log.segment.size.max = 1048576 (custom)
2019-10-02 07:34:31,468 [pool-77-thread-1] INFO  server.RaftServerConfigKeys (ConfUtils.java:logGet(43)) - raft.server.log.segment.cache.num.max = 2 (custom)
2019-10-02 07:34:31,469 [pool-77-thread-1] INFO  segmented.SegmentedRaftLogWorker (SegmentedRaftLogWorker.java:<init>(173)) - new b2e1dc6f-682c-466b-901a-3a10d773ae7f@group-58FC2A8F789F-SegmentedRaftLogWorker for RaftStorage:Storage Directory /workdir/hadoop-ozone/integration-test/target/test-dir/MiniOzoneClusterImpl-2816ce32-9f3d-4212-87e4-3e92bc85cde0/datanode-5/data/ratis/87e4e65f-0f45-41cf-b9a1-58fc2a8f789f
2019-10-02 07:34:31,469 [pool-77-thread-1] INFO  server.RaftServerConfigKeys (ConfUtils.java:logGet(43)) - raft.server.log.queue.byte-limit = 2147483647 (custom)
2019-10-02 07:34:31,469 [pool-77-thread-1] INFO  server.RaftServerConfigKeys (ConfUtils.java:logGet(43)) - raft.server.log.queue.element-limit = 1024 (custom)
2019-10-02 07:34:31,469 [pool-77-thread-1] INFO  server.RaftServerConfigKeys (ConfUtils.java:logGet(43)) - raft.server.log.segment.size.max = 1048576 (custom)
2019-10-02 07:34:31,469 [pool-77-thread-1] INFO  server.RaftServerConfigKeys (ConfUtils.java:logGet(43)) - raft.server.log.preallocated.size = 16384 (custom)
2019-10-02 07:34:31,469 [pool-77-thread-1] INFO  server.RaftServerConfigKeys (ConfUtils.java:logGet(43)) - raft.server.log.write.buffer.size = 33554432 (custom)
2019-10-02 07:34:31,470 [pool-77-thread-1] INFO  server.RaftServerConfigKeys (ConfUtils.java:logGet(43)) - raft.server.log.force.sync.num = 128 (default)
2019-10-02 07:34:31,470 [pool-77-thread-1] INFO  server.RaftServerConfigKeys (ConfUtils.java:logGet(43)) - raft.server.log.statemachine.data.sync = true (default)
2019-10-02 07:34:31,470 [pool-77-thread-1] INFO  server.RaftServerConfigKeys (ConfUtils.java:logGet(43)) - raft.server.log.statemachine.data.sync.timeout = 10s (default)
2019-10-02 07:34:31,470 [pool-77-thread-1] INFO  server.RaftServerConfigKeys (ConfUtils.java:logGet(43)) - raft.server.log.statemachine.data.sync.timeout.retry = -1 (default)
2019-10-02 07:34:31,471 [pool-77-thread-1] INFO  server.RaftServerConfigKeys (ConfUtils.java:logGet(43)) - raft.server.log.statemachine.data.caching.enabled = true (custom)
2019-10-02 07:34:31,471 [pool-77-thread-1] INFO  segmented.SegmentedRaftLogWorker (SegmentedRaftLogWorker.java:lambda$new$0(128)) - b2e1dc6f-682c-466b-901a-3a10d773ae7f@group-58FC2A8F789F-SegmentedRaftLogWorker: flushIndex: setUnconditionally 0 -> -1
2019-10-02 07:34:31,471 [pool-77-thread-1] INFO  server.RaftServerConfigKeys (ConfUtils.java:logGet(43)) - raft.server.snapshot.auto.trigger.enabled = true (custom)
2019-10-02 07:34:31,471 [pool-77-thread-1] INFO  server.RaftServerConfigKeys (ConfUtils.java:logGet(43)) - raft.server.snapshot.auto.trigger.threshold = 10000 (custom)
2019-10-02 07:34:31,471 [pool-77-thread-1] INFO  server.RaftServerConfigKeys (ConfUtils.java:logGet(43)) - raft.server.snapshot.retention.file.num = 5 (custom)
2019-10-02 07:34:31,472 [pool-77-thread-1] INFO  server.RaftServerConfigKeys (ConfUtils.java:logGet(43)) - raft.server.retrycache.expirytime = 600000ms (custom)
2019-10-02 07:34:31,474 [pool-77-thread-1] INFO  impl.RaftServerImpl (RaftServerImpl.java:start(181)) - b2e1dc6f-682c-466b-901a-3a10d773ae7f@group-58FC2A8F789F: start as a follower, conf=-1: [b2e1dc6f-682c-466b-901a-3a10d773ae7f:192.168.5.178:42977], old=null
2019-10-02 07:34:31,474 [pool-77-thread-1] INFO  impl.RaftServerImpl (RaftServerImpl.java:setRole(170)) - b2e1dc6f-682c-466b-901a-3a10d773ae7f@group-58FC2A8F789F: changes role from      null to FOLLOWER at term 0 for startAsFollower
2019-10-02 07:34:31,474 [pool-77-thread-1] INFO  impl.RoleInfo (RoleInfo.java:updateAndGet(143)) - b2e1dc6f-682c-466b-901a-3a10d773ae7f: start FollowerState
2019-10-02 07:34:31,475 [pool-77-thread-1] INFO  util.JmxRegister (JmxRegister.java:tryRegister(44)) - Successfully registered JMX Bean with object name Ratis:service=RaftServer,group=group-58FC2A8F789F,id=b2e1dc6f-682c-466b-901a-3a10d773ae7f
2019-10-02 07:34:31,495 [RatisPipelineUtilsThread] INFO  pipeline.PipelineStateManager (PipelineStateManager.java:addPipeline(56)) - Created pipeline Pipeline[ Id: 87e4e65f-0f45-41cf-b9a1-58fc2a8f789f, Nodes: b2e1dc6f-682c-466b-901a-3a10d773ae7f{ip: 192.168.5.178, host: pr-trunk-8bg6x-723665176, networkLocation: /default-rack, certSerialId: null}, Type:RATIS, Factor:ONE, State:OPEN]
2019-10-02 07:34:31,532 [grpc-default-executor-1] INFO  impl.RaftServerProxy (RaftServerProxy.java:addNew(89)) - ceafac3c-b94e-436b-b57a-960890b1af34: addNew group-8DFF1A90DE46:[e774d0d1-00b7-40b4-85b3-8faca11cae95:192.168.5.178:33677, ceafac3c-b94e-436b-b57a-960890b1af34:192.168.5.178:45023, 804fc30f-f23d-4bcd-9bd5-debbbb81330f:192.168.5.178:45868] returns group-8DFF1A90DE46:java.util.concurrent.CompletableFuture@1d585791[Not completed]
2019-10-02 07:34:31,532 [grpc-default-executor-0] INFO  impl.RaftServerProxy (RaftServerProxy.java:addNew(89)) - 804fc30f-f23d-4bcd-9bd5-debbbb81330f: addNew group-8DFF1A90DE46:[e774d0d1-00b7-40b4-85b3-8faca11cae95:192.168.5.178:33677, ceafac3c-b94e-436b-b57a-960890b1af34:192.168.5.178:45023, 804fc30f-f23d-4bcd-9bd5-debbbb81330f:192.168.5.178:45868] returns group-8DFF1A90DE46:java.util.concurrent.CompletableFuture@52eca877[Not completed]
2019-10-02 07:34:31,533 [grpc-default-executor-2] INFO  impl.RaftServerProxy (RaftServerProxy.java:addNew(89)) - e774d0d1-00b7-40b4-85b3-8faca11cae95: addNew group-8DFF1A90DE46:[e774d0d1-00b7-40b4-85b3-8faca11cae95:192.168.5.178:33677, ceafac3c-b94e-436b-b57a-960890b1af34:192.168.5.178:45023, 804fc30f-f23d-4bcd-9bd5-debbbb81330f:192.168.5.178:45868] returns group-8DFF1A90DE46:java.util.concurrent.CompletableFuture@52efef71[Not completed]
2019-10-02 07:34:31,534 [pool-67-thread-1] INFO  impl.RaftServerImpl (RaftServerImpl.java:<init>(95)) - ceafac3c-b94e-436b-b57a-960890b1af34: new RaftServerImpl for group-8DFF1A90DE46:[e774d0d1-00b7-40b4-85b3-8faca11cae95:192.168.5.178:33677, ceafac3c-b94e-436b-b57a-960890b1af34:192.168.5.178:45023, 804fc30f-f23d-4bcd-9bd5-debbbb81330f:192.168.5.178:45868] with ContainerStateMachine:uninitialized
2019-10-02 07:34:31,535 [pool-67-thread-1] INFO  server.RaftServerConfigKeys (ConfUtils.java:logGet(43)) - raft.server.rpc.timeout.min = 5s (custom)
2019-10-02 07:34:31,535 [pool-67-thread-1] INFO  server.RaftServerConfigKeys (ConfUtils.java:logGet(43)) - raft.server.rpc.timeout.max = 5200ms (custom)
2019-10-02 07:34:31,535 [pool-67-thread-1] INFO  server.RaftServerConfigKeys (ConfUtils.java:logGet(43)) - raft.server.rpcslowness.timeout = 120s (custom)
2019-10-02 07:34:31,535 [pool-67-thread-1] INFO  server.RaftServerConfigKeys (ConfUtils.java:logGet(43)) - raft.server.sleep.deviation.threshold = 300 (default)
2019-10-02 07:34:31,535 [pool-67-thread-1] INFO  server.RaftServerConfigKeys (ConfUtils.java:logGet(43)) - raft.server.log.appender.install.snapshot.enabled = false (custom)
2019-10-02 07:34:31,536 [pool-67-thread-1] INFO  impl.RaftServerImpl (ServerState.java:<init>(103)) - ceafac3c-b94e-436b-b57a-960890b1af34@group-8DFF1A90DE46: ConfigurationManager, init=-1: [e774d0d1-00b7-40b4-85b3-8faca11cae95:192.168.5.178:33677, ceafac3c-b94e-436b-b57a-960890b1af34:192.168.5.178:45023, 804fc30f-f23d-4bcd-9bd5-debbbb81330f:192.168.5.178:45868], old=null, confs=<EMPTY_MAP>
2019-10-02 07:34:31,536 [pool-67-thread-1] INFO  server.RaftServerConfigKeys (ConfUtils.java:logGet(43)) - raft.server.storage.dir = [/workdir/hadoop-ozone/integration-test/target/test-dir/MiniOzoneClusterImpl-2816ce32-9f3d-4212-87e4-3e92bc85cde0/datanode-4/data/ratis] (custom)
2019-10-02 07:34:31,536 [pool-87-thread-1] INFO  impl.RaftServerImpl (RaftServerImpl.java:<init>(95)) - e774d0d1-00b7-40b4-85b3-8faca11cae95: new RaftServerImpl for group-8DFF1A90DE46:[e774d0d1-00b7-40b4-85b3-8faca11cae95:192.168.5.178:33677, ceafac3c-b94e-436b-b57a-960890b1af34:192.168.5.178:45023, 804fc30f-f23d-4bcd-9bd5-debbbb81330f:192.168.5.178:45868] with ContainerStateMachine:uninitialized
2019-10-02 07:34:31,536 [pool-87-thread-1] INFO  server.RaftServerConfigKeys (ConfUtils.java:logGet(43)) - raft.server.rpc.timeout.min = 5s (custom)
2019-10-02 07:34:31,536 [pool-67-thread-1] INFO  server.RaftServerConfigKeys (ConfUtils.java:logGet(43)) - raft.server.log.corruption.policy = EXCEPTION (default)
2019-10-02 07:34:31,536 [pool-87-thread-1] INFO  server.RaftServerConfigKeys (ConfUtils.java:logGet(43)) - raft.server.rpc.timeout.max = 5200ms (custom)
2019-10-02 07:34:31,537 [pool-67-thread-1] INFO  storage.RaftStorageDirectory (RaftStorageDirectory.java:analyzeStorage(246)) - The storage directory /workdir/hadoop-ozone/integration-test/target/test-dir/MiniOzoneClusterImpl-2816ce32-9f3d-4212-87e4-3e92bc85cde0/datanode-4/data/ratis/2b318143-f147-404d-81d6-8dff1a90de46 does not exist. Creating ...
2019-10-02 07:34:31,537 [pool-87-thread-1] INFO  server.RaftServerConfigKeys (ConfUtils.java:logGet(43)) - raft.server.rpcslowness.timeout = 120s (custom)
2019-10-02 07:34:31,537 [pool-87-thread-1] INFO  server.RaftServerConfigKeys (ConfUtils.java:logGet(43)) - raft.server.sleep.deviation.threshold = 300 (default)
2019-10-02 07:34:31,537 [pool-87-thread-1] INFO  server.RaftServerConfigKeys (ConfUtils.java:logGet(43)) - raft.server.log.appender.install.snapshot.enabled = false (custom)
2019-10-02 07:34:31,538 [pool-27-thread-1] INFO  impl.RaftServerImpl (RaftServerImpl.java:<init>(95)) - 804fc30f-f23d-4bcd-9bd5-debbbb81330f: new RaftServerImpl for group-8DFF1A90DE46:[e774d0d1-00b7-40b4-85b3-8faca11cae95:192.168.5.178:33677, ceafac3c-b94e-436b-b57a-960890b1af34:192.168.5.178:45023, 804fc30f-f23d-4bcd-9bd5-debbbb81330f:192.168.5.178:45868] with ContainerStateMachine:uninitialized
2019-10-02 07:34:31,538 [pool-87-thread-1] INFO  impl.RaftServerImpl (ServerState.java:<init>(103)) - e774d0d1-00b7-40b4-85b3-8faca11cae95@group-8DFF1A90DE46: ConfigurationManager, init=-1: [e774d0d1-00b7-40b4-85b3-8faca11cae95:192.168.5.178:33677, ceafac3c-b94e-436b-b57a-960890b1af34:192.168.5.178:45023, 804fc30f-f23d-4bcd-9bd5-debbbb81330f:192.168.5.178:45868], old=null, confs=<EMPTY_MAP>
2019-10-02 07:34:31,538 [pool-27-thread-1] INFO  server.RaftServerConfigKeys (ConfUtils.java:logGet(43)) - raft.server.rpc.timeout.min = 5s (custom)
2019-10-02 07:34:31,538 [pool-87-thread-1] INFO  server.RaftServerConfigKeys (ConfUtils.java:logGet(43)) - raft.server.storage.dir = [/workdir/hadoop-ozone/integration-test/target/test-dir/MiniOzoneClusterImpl-2816ce32-9f3d-4212-87e4-3e92bc85cde0/datanode-6/data/ratis] (custom)
2019-10-02 07:34:31,538 [pool-27-thread-1] INFO  server.RaftServerConfigKeys (ConfUtils.java:logGet(43)) - raft.server.rpc.timeout.max = 5200ms (custom)
2019-10-02 07:34:31,538 [pool-87-thread-1] INFO  server.RaftServerConfigKeys (ConfUtils.java:logGet(43)) - raft.server.log.corruption.policy = EXCEPTION (default)
2019-10-02 07:34:31,539 [pool-27-thread-1] INFO  server.RaftServerConfigKeys (ConfUtils.java:logGet(43)) - raft.server.rpcslowness.timeout = 120s (custom)
2019-10-02 07:34:31,539 [pool-87-thread-1] INFO  storage.RaftStorageDirectory (RaftStorageDirectory.java:analyzeStorage(246)) - The storage directory /workdir/hadoop-ozone/integration-test/target/test-dir/MiniOzoneClusterImpl-2816ce32-9f3d-4212-87e4-3e92bc85cde0/datanode-6/data/ratis/2b318143-f147-404d-81d6-8dff1a90de46 does not exist. Creating ...
2019-10-02 07:34:31,539 [pool-27-thread-1] INFO  server.RaftServerConfigKeys (ConfUtils.java:logGet(43)) - raft.server.sleep.deviation.threshold = 300 (default)
2019-10-02 07:34:31,539 [pool-27-thread-1] INFO  server.RaftServerConfigKeys (ConfUtils.java:logGet(43)) - raft.server.log.appender.install.snapshot.enabled = false (custom)
2019-10-02 07:34:31,539 [pool-27-thread-1] INFO  impl.RaftServerImpl (ServerState.java:<init>(103)) - 804fc30f-f23d-4bcd-9bd5-debbbb81330f@group-8DFF1A90DE46: ConfigurationManager, init=-1: [e774d0d1-00b7-40b4-85b3-8faca11cae95:192.168.5.178:33677, ceafac3c-b94e-436b-b57a-960890b1af34:192.168.5.178:45023, 804fc30f-f23d-4bcd-9bd5-debbbb81330f:192.168.5.178:45868], old=null, confs=<EMPTY_MAP>
2019-10-02 07:34:31,540 [pool-27-thread-1] INFO  server.RaftServerConfigKeys (ConfUtils.java:logGet(43)) - raft.server.storage.dir = [/workdir/hadoop-ozone/integration-test/target/test-dir/MiniOzoneClusterImpl-2816ce32-9f3d-4212-87e4-3e92bc85cde0/datanode-0/data/ratis] (custom)
2019-10-02 07:34:31,540 [pool-27-thread-1] INFO  server.RaftServerConfigKeys (ConfUtils.java:logGet(43)) - raft.server.log.corruption.policy = EXCEPTION (default)
2019-10-02 07:34:31,540 [pool-27-thread-1] INFO  storage.RaftStorageDirectory (RaftStorageDirectory.java:analyzeStorage(246)) - The storage directory /workdir/hadoop-ozone/integration-test/target/test-dir/MiniOzoneClusterImpl-2816ce32-9f3d-4212-87e4-3e92bc85cde0/datanode-0/data/ratis/2b318143-f147-404d-81d6-8dff1a90de46 does not exist. Creating ...
2019-10-02 07:34:31,551 [pool-87-thread-1] INFO  storage.RaftStorageDirectory (RaftStorageDirectory.java:tryLock(328)) - Lock on /workdir/hadoop-ozone/integration-test/target/test-dir/MiniOzoneClusterImpl-2816ce32-9f3d-4212-87e4-3e92bc85cde0/datanode-6/data/ratis/2b318143-f147-404d-81d6-8dff1a90de46/in_use.lock acquired by nodename 1188@pr-trunk-8bg6x-723665176
2019-10-02 07:34:31,551 [pool-27-thread-1] INFO  storage.RaftStorageDirectory (RaftStorageDirectory.java:tryLock(328)) - Lock on /workdir/hadoop-ozone/integration-test/target/test-dir/MiniOzoneClusterImpl-2816ce32-9f3d-4212-87e4-3e92bc85cde0/datanode-0/data/ratis/2b318143-f147-404d-81d6-8dff1a90de46/in_use.lock acquired by nodename 1188@pr-trunk-8bg6x-723665176
2019-10-02 07:34:31,551 [pool-67-thread-1] INFO  storage.RaftStorageDirectory (RaftStorageDirectory.java:tryLock(328)) - Lock on /workdir/hadoop-ozone/integration-test/target/test-dir/MiniOzoneClusterImpl-2816ce32-9f3d-4212-87e4-3e92bc85cde0/datanode-4/data/ratis/2b318143-f147-404d-81d6-8dff1a90de46/in_use.lock acquired by nodename 1188@pr-trunk-8bg6x-723665176
2019-10-02 07:34:31,565 [pool-87-thread-1] INFO  storage.RaftStorage (RaftStorage.java:format(84)) - Storage directory /workdir/hadoop-ozone/integration-test/target/test-dir/MiniOzoneClusterImpl-2816ce32-9f3d-4212-87e4-3e92bc85cde0/datanode-6/data/ratis/2b318143-f147-404d-81d6-8dff1a90de46 has been successfully formatted.
2019-10-02 07:34:31,565 [pool-27-thread-1] INFO  storage.RaftStorage (RaftStorage.java:format(84)) - Storage directory /workdir/hadoop-ozone/integration-test/target/test-dir/MiniOzoneClusterImpl-2816ce32-9f3d-4212-87e4-3e92bc85cde0/datanode-0/data/ratis/2b318143-f147-404d-81d6-8dff1a90de46 has been successfully formatted.
2019-10-02 07:34:31,565 [pool-67-thread-1] INFO  storage.RaftStorage (RaftStorage.java:format(84)) - Storage directory /workdir/hadoop-ozone/integration-test/target/test-dir/MiniOzoneClusterImpl-2816ce32-9f3d-4212-87e4-3e92bc85cde0/datanode-4/data/ratis/2b318143-f147-404d-81d6-8dff1a90de46 has been successfully formatted.
2019-10-02 07:34:31,566 [pool-87-thread-1] INFO  ratis.ContainerStateMachine (ContainerStateMachine.java:loadSnapshot(231)) - group-8DFF1A90DE46: The snapshot info is null. Setting the last applied indexto:(t:0, i:~)
2019-10-02 07:34:31,566 [pool-67-thread-1] INFO  ratis.ContainerStateMachine (ContainerStateMachine.java:loadSnapshot(231)) - group-8DFF1A90DE46: The snapshot info is null. Setting the last applied indexto:(t:0, i:~)
2019-10-02 07:34:31,566 [pool-27-thread-1] INFO  ratis.ContainerStateMachine (ContainerStateMachine.java:loadSnapshot(231)) - group-8DFF1A90DE46: The snapshot info is null. Setting the last applied indexto:(t:0, i:~)
2019-10-02 07:34:31,566 [pool-67-thread-1] INFO  server.RaftServerConfigKeys (ConfUtils.java:logGet(43)) - raft.server.notification.no-leader.timeout = 120s (custom)
2019-10-02 07:34:31,566 [pool-87-thread-1] INFO  server.RaftServerConfigKeys (ConfUtils.java:logGet(43)) - raft.server.notification.no-leader.timeout = 120s (custom)
2019-10-02 07:34:31,567 [pool-67-thread-1] INFO  server.RaftServerConfigKeys (ConfUtils.java:logGet(43)) - raft.server.log.use.memory = false (default)
2019-10-02 07:34:31,566 [pool-27-thread-1] INFO  server.RaftServerConfigKeys (ConfUtils.java:logGet(43)) - raft.server.notification.no-leader.timeout = 120s (custom)
2019-10-02 07:34:31,567 [pool-67-thread-1] INFO  server.RaftServerConfigKeys (ConfUtils.java:logGet(43)) - raft.server.log.purge.gap = 1000000 (custom)
2019-10-02 07:34:31,567 [pool-87-thread-1] INFO  server.RaftServerConfigKeys (ConfUtils.java:logGet(43)) - raft.server.log.use.memory = false (default)
2019-10-02 07:34:31,567 [pool-67-thread-1] INFO  server.RaftServerConfigKeys (ConfUtils.java:logGet(43)) - raft.server.log.appender.buffer.byte-limit = 33554432 (custom)
2019-10-02 07:34:31,567 [pool-27-thread-1] INFO  server.RaftServerConfigKeys (ConfUtils.java:logGet(43)) - raft.server.log.use.memory = false (default)
2019-10-02 07:34:31,567 [pool-67-thread-1] INFO  server.RaftServerConfigKeys (ConfUtils.java:logGet(43)) - raft.server.log.segment.size.max = 1048576 (custom)
2019-10-02 07:34:31,567 [pool-87-thread-1] INFO  server.RaftServerConfigKeys (ConfUtils.java:logGet(43)) - raft.server.log.purge.gap = 1000000 (custom)
2019-10-02 07:34:31,568 [pool-67-thread-1] INFO  server.RaftServerConfigKeys (ConfUtils.java:logGet(43)) - raft.server.log.segment.cache.num.max = 2 (custom)
2019-10-02 07:34:31,568 [pool-27-thread-1] INFO  server.RaftServerConfigKeys (ConfUtils.java:logGet(43)) - raft.server.log.purge.gap = 1000000 (custom)
2019-10-02 07:34:31,568 [pool-67-thread-1] INFO  segmented.SegmentedRaftLogWorker (SegmentedRaftLogWorker.java:<init>(173)) - new ceafac3c-b94e-436b-b57a-960890b1af34@group-8DFF1A90DE46-SegmentedRaftLogWorker for RaftStorage:Storage Directory /workdir/hadoop-ozone/integration-test/target/test-dir/MiniOzoneClusterImpl-2816ce32-9f3d-4212-87e4-3e92bc85cde0/datanode-4/data/ratis/2b318143-f147-404d-81d6-8dff1a90de46
2019-10-02 07:34:31,568 [pool-27-thread-1] INFO  server.RaftServerConfigKeys (ConfUtils.java:logGet(43)) - raft.server.log.appender.buffer.byte-limit = 33554432 (custom)
2019-10-02 07:34:31,568 [pool-87-thread-1] INFO  server.RaftServerConfigKeys (ConfUtils.java:logGet(43)) - raft.server.log.appender.buffer.byte-limit = 33554432 (custom)
2019-10-02 07:34:31,569 [pool-27-thread-1] INFO  server.RaftServerConfigKeys (ConfUtils.java:logGet(43)) - raft.server.log.segment.size.max = 1048576 (custom)
2019-10-02 07:34:31,568 [pool-67-thread-1] INFO  server.RaftServerConfigKeys (ConfUtils.java:logGet(43)) - raft.server.log.queue.byte-limit = 2147483647 (custom)
2019-10-02 07:34:31,569 [pool-27-thread-1] INFO  server.RaftServerConfigKeys (ConfUtils.java:logGet(43)) - raft.server.log.segment.cache.num.max = 2 (custom)
2019-10-02 07:34:31,569 [pool-87-thread-1] INFO  server.RaftServerConfigKeys (ConfUtils.java:logGet(43)) - raft.server.log.segment.size.max = 1048576 (custom)
2019-10-02 07:34:31,569 [pool-27-thread-1] INFO  segmented.SegmentedRaftLogWorker (SegmentedRaftLogWorker.java:<init>(173)) - new 804fc30f-f23d-4bcd-9bd5-debbbb81330f@group-8DFF1A90DE46-SegmentedRaftLogWorker for RaftStorage:Storage Directory /workdir/hadoop-ozone/integration-test/target/test-dir/MiniOzoneClusterImpl-2816ce32-9f3d-4212-87e4-3e92bc85cde0/datanode-0/data/ratis/2b318143-f147-404d-81d6-8dff1a90de46
2019-10-02 07:34:31,569 [pool-67-thread-1] INFO  server.RaftServerConfigKeys (ConfUtils.java:logGet(43)) - raft.server.log.queue.element-limit = 1024 (custom)
2019-10-02 07:34:31,569 [pool-27-thread-1] INFO  server.RaftServerConfigKeys (ConfUtils.java:logGet(43)) - raft.server.log.queue.byte-limit = 2147483647 (custom)
2019-10-02 07:34:31,569 [pool-87-thread-1] INFO  server.RaftServerConfigKeys (ConfUtils.java:logGet(43)) - raft.server.log.segment.cache.num.max = 2 (custom)
2019-10-02 07:34:31,570 [pool-27-thread-1] INFO  server.RaftServerConfigKeys (ConfUtils.java:logGet(43)) - raft.server.log.queue.element-limit = 1024 (custom)
2019-10-02 07:34:31,570 [pool-67-thread-1] INFO  server.RaftServerConfigKeys (ConfUtils.java:logGet(43)) - raft.server.log.segment.size.max = 1048576 (custom)
2019-10-02 07:34:31,570 [pool-27-thread-1] INFO  server.RaftServerConfigKeys (ConfUtils.java:logGet(43)) - raft.server.log.segment.size.max = 1048576 (custom)
2019-10-02 07:34:31,570 [pool-87-thread-1] INFO  segmented.SegmentedRaftLogWorker (SegmentedRaftLogWorker.java:<init>(173)) - new e774d0d1-00b7-40b4-85b3-8faca11cae95@group-8DFF1A90DE46-SegmentedRaftLogWorker for RaftStorage:Storage Directory /workdir/hadoop-ozone/integration-test/target/test-dir/MiniOzoneClusterImpl-2816ce32-9f3d-4212-87e4-3e92bc85cde0/datanode-6/data/ratis/2b318143-f147-404d-81d6-8dff1a90de46
2019-10-02 07:34:31,570 [pool-27-thread-1] INFO  server.RaftServerConfigKeys (ConfUtils.java:logGet(43)) - raft.server.log.preallocated.size = 16384 (custom)
2019-10-02 07:34:31,570 [pool-67-thread-1] INFO  server.RaftServerConfigKeys (ConfUtils.java:logGet(43)) - raft.server.log.preallocated.size = 16384 (custom)
2019-10-02 07:34:31,571 [pool-27-thread-1] INFO  server.RaftServerConfigKeys (ConfUtils.java:logGet(43)) - raft.server.log.write.buffer.size = 33554432 (custom)
2019-10-02 07:34:31,570 [pool-87-thread-1] INFO  server.RaftServerConfigKeys (ConfUtils.java:logGet(43)) - raft.server.log.queue.byte-limit = 2147483647 (custom)
2019-10-02 07:34:31,571 [pool-27-thread-1] INFO  server.RaftServerConfigKeys (ConfUtils.java:logGet(43)) - raft.server.log.force.sync.num = 128 (default)
2019-10-02 07:34:31,571 [pool-67-thread-1] INFO  server.RaftServerConfigKeys (ConfUtils.java:logGet(43)) - raft.server.log.write.buffer.size = 33554432 (custom)
2019-10-02 07:34:31,571 [pool-27-thread-1] INFO  server.RaftServerConfigKeys (ConfUtils.java:logGet(43)) - raft.server.log.statemachine.data.sync = true (default)
2019-10-02 07:34:31,571 [pool-87-thread-1] INFO  server.RaftServerConfigKeys (ConfUtils.java:logGet(43)) - raft.server.log.queue.element-limit = 1024 (custom)
2019-10-02 07:34:31,572 [pool-27-thread-1] INFO  server.RaftServerConfigKeys (ConfUtils.java:logGet(43)) - raft.server.log.statemachine.data.sync.timeout = 10s (default)
2019-10-02 07:34:31,571 [pool-67-thread-1] INFO  server.RaftServerConfigKeys (ConfUtils.java:logGet(43)) - raft.server.log.force.sync.num = 128 (default)
2019-10-02 07:34:31,572 [pool-27-thread-1] INFO  server.RaftServerConfigKeys (ConfUtils.java:logGet(43)) - raft.server.log.statemachine.data.sync.timeout.retry = -1 (default)
2019-10-02 07:34:31,572 [pool-87-thread-1] INFO  server.RaftServerConfigKeys (ConfUtils.java:logGet(43)) - raft.server.log.segment.size.max = 1048576 (custom)
2019-10-02 07:34:31,572 [pool-27-thread-1] INFO  server.RaftServerConfigKeys (ConfUtils.java:logGet(43)) - raft.server.log.statemachine.data.caching.enabled = true (custom)
2019-10-02 07:34:31,572 [pool-67-thread-1] INFO  server.RaftServerConfigKeys (ConfUtils.java:logGet(43)) - raft.server.log.statemachine.data.sync = true (default)
2019-10-02 07:34:31,572 [pool-87-thread-1] INFO  server.RaftServerConfigKeys (ConfUtils.java:logGet(43)) - raft.server.log.preallocated.size = 16384 (custom)
2019-10-02 07:34:31,573 [pool-27-thread-1] INFO  segmented.SegmentedRaftLogWorker (SegmentedRaftLogWorker.java:lambda$new$0(128)) - 804fc30f-f23d-4bcd-9bd5-debbbb81330f@group-8DFF1A90DE46-SegmentedRaftLogWorker: flushIndex: setUnconditionally 0 -> -1
2019-10-02 07:34:31,573 [pool-87-thread-1] INFO  server.RaftServerConfigKeys (ConfUtils.java:logGet(43)) - raft.server.log.write.buffer.size = 33554432 (custom)
2019-10-02 07:34:31,573 [pool-67-thread-1] INFO  server.RaftServerConfigKeys (ConfUtils.java:logGet(43)) - raft.server.log.statemachine.data.sync.timeout = 10s (default)
2019-10-02 07:34:31,578 [pool-27-thread-1] INFO  server.RaftServerConfigKeys (ConfUtils.java:logGet(43)) - raft.server.snapshot.auto.trigger.enabled = true (custom)
2019-10-02 07:34:31,578 [pool-87-thread-1] INFO  server.RaftServerConfigKeys (ConfUtils.java:logGet(43)) - raft.server.log.force.sync.num = 128 (default)
2019-10-02 07:34:31,578 [pool-27-thread-1] INFO  server.RaftServerConfigKeys (ConfUtils.java:logGet(43)) - raft.server.snapshot.auto.trigger.threshold = 10000 (custom)
2019-10-02 07:34:31,578 [pool-67-thread-1] INFO  server.RaftServerConfigKeys (ConfUtils.java:logGet(43)) - raft.server.log.statemachine.data.sync.timeout.retry = -1 (default)
2019-10-02 07:34:31,578 [pool-27-thread-1] INFO  server.RaftServerConfigKeys (ConfUtils.java:logGet(43)) - raft.server.snapshot.retention.file.num = 5 (custom)
2019-10-02 07:34:31,578 [pool-87-thread-1] INFO  server.RaftServerConfigKeys (ConfUtils.java:logGet(43)) - raft.server.log.statemachine.data.sync = true (default)
2019-10-02 07:34:31,579 [pool-27-thread-1] INFO  server.RaftServerConfigKeys (ConfUtils.java:logGet(43)) - raft.server.retrycache.expirytime = 600000ms (custom)
2019-10-02 07:34:31,579 [pool-67-thread-1] INFO  server.RaftServerConfigKeys (ConfUtils.java:logGet(43)) - raft.server.log.statemachine.data.caching.enabled = true (custom)
2019-10-02 07:34:31,579 [pool-87-thread-1] INFO  server.RaftServerConfigKeys (ConfUtils.java:logGet(43)) - raft.server.log.statemachine.data.sync.timeout = 10s (default)
2019-10-02 07:34:31,579 [pool-87-thread-1] INFO  server.RaftServerConfigKeys (ConfUtils.java:logGet(43)) - raft.server.log.statemachine.data.sync.timeout.retry = -1 (default)
2019-10-02 07:34:31,579 [pool-67-thread-1] INFO  segmented.SegmentedRaftLogWorker (SegmentedRaftLogWorker.java:lambda$new$0(128)) - ceafac3c-b94e-436b-b57a-960890b1af34@group-8DFF1A90DE46-SegmentedRaftLogWorker: flushIndex: setUnconditionally 0 -> -1
2019-10-02 07:34:31,580 [pool-87-thread-1] INFO  server.RaftServerConfigKeys (ConfUtils.java:logGet(43)) - raft.server.log.statemachine.data.caching.enabled = true (custom)
2019-10-02 07:34:31,580 [pool-67-thread-1] INFO  server.RaftServerConfigKeys (ConfUtils.java:logGet(43)) - raft.server.snapshot.auto.trigger.enabled = true (custom)
2019-10-02 07:34:31,580 [pool-87-thread-1] INFO  segmented.SegmentedRaftLogWorker (SegmentedRaftLogWorker.java:lambda$new$0(128)) - e774d0d1-00b7-40b4-85b3-8faca11cae95@group-8DFF1A90DE46-SegmentedRaftLogWorker: flushIndex: setUnconditionally 0 -> -1
2019-10-02 07:34:31,580 [pool-67-thread-1] INFO  server.RaftServerConfigKeys (ConfUtils.java:logGet(43)) - raft.server.snapshot.auto.trigger.threshold = 10000 (custom)
2019-10-02 07:34:31,580 [pool-67-thread-1] INFO  server.RaftServerConfigKeys (ConfUtils.java:logGet(43)) - raft.server.snapshot.retention.file.num = 5 (custom)
2019-10-02 07:34:31,580 [pool-87-thread-1] INFO  server.RaftServerConfigKeys (ConfUtils.java:logGet(43)) - raft.server.snapshot.auto.trigger.enabled = true (custom)
2019-10-02 07:34:31,581 [pool-67-thread-1] INFO  server.RaftServerConfigKeys (ConfUtils.java:logGet(43)) - raft.server.retrycache.expirytime = 600000ms (custom)
2019-10-02 07:34:31,581 [pool-87-thread-1] INFO  server.RaftServerConfigKeys (ConfUtils.java:logGet(43)) - raft.server.snapshot.auto.trigger.threshold = 10000 (custom)
2019-10-02 07:34:31,581 [pool-87-thread-1] INFO  server.RaftServerConfigKeys (ConfUtils.java:logGet(43)) - raft.server.snapshot.retention.file.num = 5 (custom)
2019-10-02 07:34:31,581 [pool-87-thread-1] INFO  server.RaftServerConfigKeys (ConfUtils.java:logGet(43)) - raft.server.retrycache.expirytime = 600000ms (custom)
2019-10-02 07:34:31,583 [pool-27-thread-1] INFO  impl.RaftServerImpl (RaftServerImpl.java:start(181)) - 804fc30f-f23d-4bcd-9bd5-debbbb81330f@group-8DFF1A90DE46: start as a follower, conf=-1: [e774d0d1-00b7-40b4-85b3-8faca11cae95:192.168.5.178:33677, ceafac3c-b94e-436b-b57a-960890b1af34:192.168.5.178:45023, 804fc30f-f23d-4bcd-9bd5-debbbb81330f:192.168.5.178:45868], old=null
2019-10-02 07:34:31,583 [pool-27-thread-1] INFO  impl.RaftServerImpl (RaftServerImpl.java:setRole(170)) - 804fc30f-f23d-4bcd-9bd5-debbbb81330f@group-8DFF1A90DE46: changes role from      null to FOLLOWER at term 0 for startAsFollower
2019-10-02 07:34:31,583 [pool-27-thread-1] INFO  impl.RoleInfo (RoleInfo.java:updateAndGet(143)) - 804fc30f-f23d-4bcd-9bd5-debbbb81330f: start FollowerState
2019-10-02 07:34:31,584 [pool-27-thread-1] INFO  util.JmxRegister (JmxRegister.java:tryRegister(44)) - Successfully registered JMX Bean with object name Ratis:service=RaftServer,group=group-8DFF1A90DE46,id=804fc30f-f23d-4bcd-9bd5-debbbb81330f
2019-10-02 07:34:31,584 [pool-67-thread-1] INFO  impl.RaftServerImpl (RaftServerImpl.java:start(181)) - ceafac3c-b94e-436b-b57a-960890b1af34@group-8DFF1A90DE46: start as a follower, conf=-1: [e774d0d1-00b7-40b4-85b3-8faca11cae95:192.168.5.178:33677, ceafac3c-b94e-436b-b57a-960890b1af34:192.168.5.178:45023, 804fc30f-f23d-4bcd-9bd5-debbbb81330f:192.168.5.178:45868], old=null
2019-10-02 07:34:31,584 [pool-67-thread-1] INFO  impl.RaftServerImpl (RaftServerImpl.java:setRole(170)) - ceafac3c-b94e-436b-b57a-960890b1af34@group-8DFF1A90DE46: changes role from      null to FOLLOWER at term 0 for startAsFollower
2019-10-02 07:34:31,587 [pool-67-thread-1] INFO  impl.RoleInfo (RoleInfo.java:updateAndGet(143)) - ceafac3c-b94e-436b-b57a-960890b1af34: start FollowerState
2019-10-02 07:34:31,587 [pool-67-thread-1] INFO  util.JmxRegister (JmxRegister.java:tryRegister(44)) - Successfully registered JMX Bean with object name Ratis:service=RaftServer,group=group-8DFF1A90DE46,id=ceafac3c-b94e-436b-b57a-960890b1af34
2019-10-02 07:34:31,587 [pool-87-thread-1] INFO  impl.RaftServerImpl (RaftServerImpl.java:start(181)) - e774d0d1-00b7-40b4-85b3-8faca11cae95@group-8DFF1A90DE46: start as a follower, conf=-1: [e774d0d1-00b7-40b4-85b3-8faca11cae95:192.168.5.178:33677, ceafac3c-b94e-436b-b57a-960890b1af34:192.168.5.178:45023, 804fc30f-f23d-4bcd-9bd5-debbbb81330f:192.168.5.178:45868], old=null
2019-10-02 07:34:31,588 [pool-87-thread-1] INFO  impl.RaftServerImpl (RaftServerImpl.java:setRole(170)) - e774d0d1-00b7-40b4-85b3-8faca11cae95@group-8DFF1A90DE46: changes role from      null to FOLLOWER at term 0 for startAsFollower
2019-10-02 07:34:31,588 [pool-87-thread-1] INFO  impl.RoleInfo (RoleInfo.java:updateAndGet(143)) - e774d0d1-00b7-40b4-85b3-8faca11cae95: start FollowerState
2019-10-02 07:34:31,588 [pool-87-thread-1] INFO  util.JmxRegister (JmxRegister.java:tryRegister(44)) - Successfully registered JMX Bean with object name Ratis:service=RaftServer,group=group-8DFF1A90DE46,id=e774d0d1-00b7-40b4-85b3-8faca11cae95
2019-10-02 07:34:31,625 [RatisPipelineUtilsThread] INFO  pipeline.PipelineStateManager (PipelineStateManager.java:addPipeline(56)) - Created pipeline Pipeline[ Id: 2b318143-f147-404d-81d6-8dff1a90de46, Nodes: 804fc30f-f23d-4bcd-9bd5-debbbb81330f{ip: 192.168.5.178, host: pr-trunk-8bg6x-723665176, networkLocation: /default-rack, certSerialId: null}e774d0d1-00b7-40b4-85b3-8faca11cae95{ip: 192.168.5.178, host: pr-trunk-8bg6x-723665176, networkLocation: /default-rack, certSerialId: null}ceafac3c-b94e-436b-b57a-960890b1af34{ip: 192.168.5.178, host: pr-trunk-8bg6x-723665176, networkLocation: /default-rack, certSerialId: null}, Type:RATIS, Factor:THREE, State:OPEN]
2019-10-02 07:34:31,674 [grpc-default-executor-1] INFO  impl.RaftServerProxy (RaftServerProxy.java:addNew(89)) - cb6d8aa3-5895-49c1-85c3-41fbb4c04945: addNew group-DCB3B93FDF26:[cb6d8aa3-5895-49c1-85c3-41fbb4c04945:192.168.5.178:44476, 1b828d8a-bca8-4046-ad6d-863244307b25:192.168.5.178:42961, f465c0ec-0be9-4ae9-8f51-a8818d3fe0fc:192.168.5.178:34436] returns group-DCB3B93FDF26:java.util.concurrent.CompletableFuture@5c655daa[Not completed]
2019-10-02 07:34:31,676 [grpc-default-executor-2] INFO  impl.RaftServerProxy (RaftServerProxy.java:addNew(89)) - f465c0ec-0be9-4ae9-8f51-a8818d3fe0fc: addNew group-DCB3B93FDF26:[cb6d8aa3-5895-49c1-85c3-41fbb4c04945:192.168.5.178:44476, 1b828d8a-bca8-4046-ad6d-863244307b25:192.168.5.178:42961, f465c0ec-0be9-4ae9-8f51-a8818d3fe0fc:192.168.5.178:34436] returns group-DCB3B93FDF26:java.util.concurrent.CompletableFuture@13d2e54a[Not completed]
2019-10-02 07:34:31,681 [pool-57-thread-1] INFO  impl.RaftServerImpl (RaftServerImpl.java:<init>(95)) - cb6d8aa3-5895-49c1-85c3-41fbb4c04945: new RaftServerImpl for group-DCB3B93FDF26:[cb6d8aa3-5895-49c1-85c3-41fbb4c04945:192.168.5.178:44476, 1b828d8a-bca8-4046-ad6d-863244307b25:192.168.5.178:42961, f465c0ec-0be9-4ae9-8f51-a8818d3fe0fc:192.168.5.178:34436] with ContainerStateMachine:uninitialized
2019-10-02 07:34:31,681 [pool-57-thread-1] INFO  server.RaftServerConfigKeys (ConfUtils.java:logGet(43)) - raft.server.rpc.timeout.min = 5s (custom)
2019-10-02 07:34:31,681 [pool-57-thread-1] INFO  server.RaftServerConfigKeys (ConfUtils.java:logGet(43)) - raft.server.rpc.timeout.max = 5200ms (custom)
2019-10-02 07:34:31,681 [grpc-default-executor-2] INFO  impl.RaftServerProxy (RaftServerProxy.java:addNew(89)) - 1b828d8a-bca8-4046-ad6d-863244307b25: addNew group-DCB3B93FDF26:[cb6d8aa3-5895-49c1-85c3-41fbb4c04945:192.168.5.178:44476, 1b828d8a-bca8-4046-ad6d-863244307b25:192.168.5.178:42961, f465c0ec-0be9-4ae9-8f51-a8818d3fe0fc:192.168.5.178:34436] returns group-DCB3B93FDF26:java.util.concurrent.CompletableFuture@f32b19e[Not completed]
2019-10-02 07:34:31,681 [pool-57-thread-1] INFO  server.RaftServerConfigKeys (ConfUtils.java:logGet(43)) - raft.server.rpcslowness.timeout = 120s (custom)
2019-10-02 07:34:31,682 [pool-57-thread-1] INFO  server.RaftServerConfigKeys (ConfUtils.java:logGet(43)) - raft.server.sleep.deviation.threshold = 300 (default)
2019-10-02 07:34:31,682 [pool-47-thread-1] INFO  impl.RaftServerImpl (RaftServerImpl.java:<init>(95)) - f465c0ec-0be9-4ae9-8f51-a8818d3fe0fc: new RaftServerImpl for group-DCB3B93FDF26:[cb6d8aa3-5895-49c1-85c3-41fbb4c04945:192.168.5.178:44476, 1b828d8a-bca8-4046-ad6d-863244307b25:192.168.5.178:42961, f465c0ec-0be9-4ae9-8f51-a8818d3fe0fc:192.168.5.178:34436] with ContainerStateMachine:uninitialized
2019-10-02 07:34:31,682 [pool-57-thread-1] INFO  server.RaftServerConfigKeys (ConfUtils.java:logGet(43)) - raft.server.log.appender.install.snapshot.enabled = false (custom)
2019-10-02 07:34:31,682 [pool-47-thread-1] INFO  server.RaftServerConfigKeys (ConfUtils.java:logGet(43)) - raft.server.rpc.timeout.min = 5s (custom)
2019-10-02 07:34:31,682 [pool-57-thread-1] INFO  impl.RaftServerImpl (ServerState.java:<init>(103)) - cb6d8aa3-5895-49c1-85c3-41fbb4c04945@group-DCB3B93FDF26: ConfigurationManager, init=-1: [cb6d8aa3-5895-49c1-85c3-41fbb4c04945:192.168.5.178:44476, 1b828d8a-bca8-4046-ad6d-863244307b25:192.168.5.178:42961, f465c0ec-0be9-4ae9-8f51-a8818d3fe0fc:192.168.5.178:34436], old=null, confs=<EMPTY_MAP>
2019-10-02 07:34:31,682 [pool-47-thread-1] INFO  server.RaftServerConfigKeys (ConfUtils.java:logGet(43)) - raft.server.rpc.timeout.max = 5200ms (custom)
2019-10-02 07:34:31,682 [pool-57-thread-1] INFO  server.RaftServerConfigKeys (ConfUtils.java:logGet(43)) - raft.server.storage.dir = [/workdir/hadoop-ozone/integration-test/target/test-dir/MiniOzoneClusterImpl-2816ce32-9f3d-4212-87e4-3e92bc85cde0/datanode-3/data/ratis] (custom)
2019-10-02 07:34:31,682 [pool-47-thread-1] INFO  server.RaftServerConfigKeys (ConfUtils.java:logGet(43)) - raft.server.rpcslowness.timeout = 120s (custom)
2019-10-02 07:34:31,683 [pool-47-thread-1] INFO  server.RaftServerConfigKeys (ConfUtils.java:logGet(43)) - raft.server.sleep.deviation.threshold = 300 (default)
2019-10-02 07:34:31,683 [pool-57-thread-1] INFO  server.RaftServerConfigKeys (ConfUtils.java:logGet(43)) - raft.server.log.corruption.policy = EXCEPTION (default)
2019-10-02 07:34:31,683 [pool-47-thread-1] INFO  server.RaftServerConfigKeys (ConfUtils.java:logGet(43)) - raft.server.log.appender.install.snapshot.enabled = false (custom)
2019-10-02 07:34:31,683 [pool-57-thread-1] INFO  storage.RaftStorageDirectory (RaftStorageDirectory.java:analyzeStorage(246)) - The storage directory /workdir/hadoop-ozone/integration-test/target/test-dir/MiniOzoneClusterImpl-2816ce32-9f3d-4212-87e4-3e92bc85cde0/datanode-3/data/ratis/3c200238-61c6-4e50-a926-dcb3b93fdf26 does not exist. Creating ...
2019-10-02 07:34:31,683 [pool-47-thread-1] INFO  impl.RaftServerImpl (ServerState.java:<init>(103)) - f465c0ec-0be9-4ae9-8f51-a8818d3fe0fc@group-DCB3B93FDF26: ConfigurationManager, init=-1: [cb6d8aa3-5895-49c1-85c3-41fbb4c04945:192.168.5.178:44476, 1b828d8a-bca8-4046-ad6d-863244307b25:192.168.5.178:42961, f465c0ec-0be9-4ae9-8f51-a8818d3fe0fc:192.168.5.178:34436], old=null, confs=<EMPTY_MAP>
2019-10-02 07:34:31,683 [pool-37-thread-1] INFO  impl.RaftServerImpl (RaftServerImpl.java:<init>(95)) - 1b828d8a-bca8-4046-ad6d-863244307b25: new RaftServerImpl for group-DCB3B93FDF26:[cb6d8aa3-5895-49c1-85c3-41fbb4c04945:192.168.5.178:44476, 1b828d8a-bca8-4046-ad6d-863244307b25:192.168.5.178:42961, f465c0ec-0be9-4ae9-8f51-a8818d3fe0fc:192.168.5.178:34436] with ContainerStateMachine:uninitialized
2019-10-02 07:34:31,684 [pool-47-thread-1] INFO  server.RaftServerConfigKeys (ConfUtils.java:logGet(43)) - raft.server.storage.dir = [/workdir/hadoop-ozone/integration-test/target/test-dir/MiniOzoneClusterImpl-2816ce32-9f3d-4212-87e4-3e92bc85cde0/datanode-2/data/ratis] (custom)
2019-10-02 07:34:31,684 [pool-37-thread-1] INFO  server.RaftServerConfigKeys (ConfUtils.java:logGet(43)) - raft.server.rpc.timeout.min = 5s (custom)
2019-10-02 07:34:31,684 [pool-47-thread-1] INFO  server.RaftServerConfigKeys (ConfUtils.java:logGet(43)) - raft.server.log.corruption.policy = EXCEPTION (default)
2019-10-02 07:34:31,684 [pool-37-thread-1] INFO  server.RaftServerConfigKeys (ConfUtils.java:logGet(43)) - raft.server.rpc.timeout.max = 5200ms (custom)
2019-10-02 07:34:31,684 [pool-47-thread-1] INFO  storage.RaftStorageDirectory (RaftStorageDirectory.java:analyzeStorage(246)) - The storage directory /workdir/hadoop-ozone/integration-test/target/test-dir/MiniOzoneClusterImpl-2816ce32-9f3d-4212-87e4-3e92bc85cde0/datanode-2/data/ratis/3c200238-61c6-4e50-a926-dcb3b93fdf26 does not exist. Creating ...
2019-10-02 07:34:31,684 [pool-37-thread-1] INFO  server.RaftServerConfigKeys (ConfUtils.java:logGet(43)) - raft.server.rpcslowness.timeout = 120s (custom)
2019-10-02 07:34:31,684 [pool-37-thread-1] INFO  server.RaftServerConfigKeys (ConfUtils.java:logGet(43)) - raft.server.sleep.deviation.threshold = 300 (default)
2019-10-02 07:34:31,685 [pool-37-thread-1] INFO  server.RaftServerConfigKeys (ConfUtils.java:logGet(43)) - raft.server.log.appender.install.snapshot.enabled = false (custom)
2019-10-02 07:34:31,685 [pool-37-thread-1] INFO  impl.RaftServerImpl (ServerState.java:<init>(103)) - 1b828d8a-bca8-4046-ad6d-863244307b25@group-DCB3B93FDF26: ConfigurationManager, init=-1: [cb6d8aa3-5895-49c1-85c3-41fbb4c04945:192.168.5.178:44476, 1b828d8a-bca8-4046-ad6d-863244307b25:192.168.5.178:42961, f465c0ec-0be9-4ae9-8f51-a8818d3fe0fc:192.168.5.178:34436], old=null, confs=<EMPTY_MAP>
2019-10-02 07:34:31,687 [pool-37-thread-1] INFO  server.RaftServerConfigKeys (ConfUtils.java:logGet(43)) - raft.server.storage.dir = [/workdir/hadoop-ozone/integration-test/target/test-dir/MiniOzoneClusterImpl-2816ce32-9f3d-4212-87e4-3e92bc85cde0/datanode-1/data/ratis] (custom)
2019-10-02 07:34:31,687 [pool-37-thread-1] INFO  server.RaftServerConfigKeys (ConfUtils.java:logGet(43)) - raft.server.log.corruption.policy = EXCEPTION (default)
2019-10-02 07:34:31,687 [pool-37-thread-1] INFO  storage.RaftStorageDirectory (RaftStorageDirectory.java:analyzeStorage(246)) - The storage directory /workdir/hadoop-ozone/integration-test/target/test-dir/MiniOzoneClusterImpl-2816ce32-9f3d-4212-87e4-3e92bc85cde0/datanode-1/data/ratis/3c200238-61c6-4e50-a926-dcb3b93fdf26 does not exist. Creating ...
2019-10-02 07:34:31,697 [pool-37-thread-1] INFO  storage.RaftStorageDirectory (RaftStorageDirectory.java:tryLock(328)) - Lock on /workdir/hadoop-ozone/integration-test/target/test-dir/MiniOzoneClusterImpl-2816ce32-9f3d-4212-87e4-3e92bc85cde0/datanode-1/data/ratis/3c200238-61c6-4e50-a926-dcb3b93fdf26/in_use.lock acquired by nodename 1188@pr-trunk-8bg6x-723665176
2019-10-02 07:34:31,697 [pool-47-thread-1] INFO  storage.RaftStorageDirectory (RaftStorageDirectory.java:tryLock(328)) - Lock on /workdir/hadoop-ozone/integration-test/target/test-dir/MiniOzoneClusterImpl-2816ce32-9f3d-4212-87e4-3e92bc85cde0/datanode-2/data/ratis/3c200238-61c6-4e50-a926-dcb3b93fdf26/in_use.lock acquired by nodename 1188@pr-trunk-8bg6x-723665176
2019-10-02 07:34:31,697 [pool-57-thread-1] INFO  storage.RaftStorageDirectory (RaftStorageDirectory.java:tryLock(328)) - Lock on /workdir/hadoop-ozone/integration-test/target/test-dir/MiniOzoneClusterImpl-2816ce32-9f3d-4212-87e4-3e92bc85cde0/datanode-3/data/ratis/3c200238-61c6-4e50-a926-dcb3b93fdf26/in_use.lock acquired by nodename 1188@pr-trunk-8bg6x-723665176
2019-10-02 07:34:31,716 [pool-37-thread-1] INFO  storage.RaftStorage (RaftStorage.java:format(84)) - Storage directory /workdir/hadoop-ozone/integration-test/target/test-dir/MiniOzoneClusterImpl-2816ce32-9f3d-4212-87e4-3e92bc85cde0/datanode-1/data/ratis/3c200238-61c6-4e50-a926-dcb3b93fdf26 has been successfully formatted.
2019-10-02 07:34:31,716 [pool-57-thread-1] INFO  storage.RaftStorage (RaftStorage.java:format(84)) - Storage directory /workdir/hadoop-ozone/integration-test/target/test-dir/MiniOzoneClusterImpl-2816ce32-9f3d-4212-87e4-3e92bc85cde0/datanode-3/data/ratis/3c200238-61c6-4e50-a926-dcb3b93fdf26 has been successfully formatted.
2019-10-02 07:34:31,717 [pool-37-thread-1] INFO  ratis.ContainerStateMachine (ContainerStateMachine.java:loadSnapshot(231)) - group-DCB3B93FDF26: The snapshot info is null. Setting the last applied indexto:(t:0, i:~)
2019-10-02 07:34:31,716 [pool-47-thread-1] INFO  storage.RaftStorage (RaftStorage.java:format(84)) - Storage directory /workdir/hadoop-ozone/integration-test/target/test-dir/MiniOzoneClusterImpl-2816ce32-9f3d-4212-87e4-3e92bc85cde0/datanode-2/data/ratis/3c200238-61c6-4e50-a926-dcb3b93fdf26 has been successfully formatted.
2019-10-02 07:34:31,717 [pool-57-thread-1] INFO  ratis.ContainerStateMachine (ContainerStateMachine.java:loadSnapshot(231)) - group-DCB3B93FDF26: The snapshot info is null. Setting the last applied indexto:(t:0, i:~)
2019-10-02 07:34:31,717 [pool-37-thread-1] INFO  server.RaftServerConfigKeys (ConfUtils.java:logGet(43)) - raft.server.notification.no-leader.timeout = 120s (custom)
2019-10-02 07:34:31,717 [pool-47-thread-1] INFO  ratis.ContainerStateMachine (ContainerStateMachine.java:loadSnapshot(231)) - group-DCB3B93FDF26: The snapshot info is null. Setting the last applied indexto:(t:0, i:~)
2019-10-02 07:34:31,717 [pool-57-thread-1] INFO  server.RaftServerConfigKeys (ConfUtils.java:logGet(43)) - raft.server.notification.no-leader.timeout = 120s (custom)
2019-10-02 07:34:31,718 [pool-47-thread-1] INFO  server.RaftServerConfigKeys (ConfUtils.java:logGet(43)) - raft.server.notification.no-leader.timeout = 120s (custom)
2019-10-02 07:34:31,717 [pool-37-thread-1] INFO  server.RaftServerConfigKeys (ConfUtils.java:logGet(43)) - raft.server.log.use.memory = false (default)
2019-10-02 07:34:31,718 [pool-47-thread-1] INFO  server.RaftServerConfigKeys (ConfUtils.java:logGet(43)) - raft.server.log.use.memory = false (default)
2019-10-02 07:34:31,718 [pool-57-thread-1] INFO  server.RaftServerConfigKeys (ConfUtils.java:logGet(43)) - raft.server.log.use.memory = false (default)
2019-10-02 07:34:31,718 [pool-47-thread-1] INFO  server.RaftServerConfigKeys (ConfUtils.java:logGet(43)) - raft.server.log.purge.gap = 1000000 (custom)
2019-10-02 07:34:31,718 [pool-37-thread-1] INFO  server.RaftServerConfigKeys (ConfUtils.java:logGet(43)) - raft.server.log.purge.gap = 1000000 (custom)
2019-10-02 07:34:31,718 [pool-47-thread-1] INFO  server.RaftServerConfigKeys (ConfUtils.java:logGet(43)) - raft.server.log.appender.buffer.byte-limit = 33554432 (custom)
2019-10-02 07:34:31,718 [pool-57-thread-1] INFO  server.RaftServerConfigKeys (ConfUtils.java:logGet(43)) - raft.server.log.purge.gap = 1000000 (custom)
2019-10-02 07:34:31,719 [pool-47-thread-1] INFO  server.RaftServerConfigKeys (ConfUtils.java:logGet(43)) - raft.server.log.segment.size.max = 1048576 (custom)
2019-10-02 07:34:31,719 [pool-37-thread-1] INFO  server.RaftServerConfigKeys (ConfUtils.java:logGet(43)) - raft.server.log.appender.buffer.byte-limit = 33554432 (custom)
2019-10-02 07:34:31,719 [pool-47-thread-1] INFO  server.RaftServerConfigKeys (ConfUtils.java:logGet(43)) - raft.server.log.segment.cache.num.max = 2 (custom)
2019-10-02 07:34:31,719 [pool-57-thread-1] INFO  server.RaftServerConfigKeys (ConfUtils.java:logGet(43)) - raft.server.log.appender.buffer.byte-limit = 33554432 (custom)
2019-10-02 07:34:31,720 [pool-47-thread-1] INFO  segmented.SegmentedRaftLogWorker (SegmentedRaftLogWorker.java:<init>(173)) - new f465c0ec-0be9-4ae9-8f51-a8818d3fe0fc@group-DCB3B93FDF26-SegmentedRaftLogWorker for RaftStorage:Storage Directory /workdir/hadoop-ozone/integration-test/target/test-dir/MiniOzoneClusterImpl-2816ce32-9f3d-4212-87e4-3e92bc85cde0/datanode-2/data/ratis/3c200238-61c6-4e50-a926-dcb3b93fdf26
2019-10-02 07:34:31,719 [pool-37-thread-1] INFO  server.RaftServerConfigKeys (ConfUtils.java:logGet(43)) - raft.server.log.segment.size.max = 1048576 (custom)
2019-10-02 07:34:31,720 [pool-47-thread-1] INFO  server.RaftServerConfigKeys (ConfUtils.java:logGet(43)) - raft.server.log.queue.byte-limit = 2147483647 (custom)
2019-10-02 07:34:31,720 [pool-57-thread-1] INFO  server.RaftServerConfigKeys (ConfUtils.java:logGet(43)) - raft.server.log.segment.size.max = 1048576 (custom)
2019-10-02 07:34:31,720 [pool-47-thread-1] INFO  server.RaftServerConfigKeys (ConfUtils.java:logGet(43)) - raft.server.log.queue.element-limit = 1024 (custom)
2019-10-02 07:34:31,720 [pool-37-thread-1] INFO  server.RaftServerConfigKeys (ConfUtils.java:logGet(43)) - raft.server.log.segment.cache.num.max = 2 (custom)
2019-10-02 07:34:31,721 [pool-47-thread-1] INFO  server.RaftServerConfigKeys (ConfUtils.java:logGet(43)) - raft.server.log.segment.size.max = 1048576 (custom)
2019-10-02 07:34:31,720 [pool-57-thread-1] INFO  server.RaftServerConfigKeys (ConfUtils.java:logGet(43)) - raft.server.log.segment.cache.num.max = 2 (custom)
2019-10-02 07:34:31,721 [pool-47-thread-1] INFO  server.RaftServerConfigKeys (ConfUtils.java:logGet(43)) - raft.server.log.preallocated.size = 16384 (custom)
2019-10-02 07:34:31,721 [pool-37-thread-1] INFO  segmented.SegmentedRaftLogWorker (SegmentedRaftLogWorker.java:<init>(173)) - new 1b828d8a-bca8-4046-ad6d-863244307b25@group-DCB3B93FDF26-SegmentedRaftLogWorker for RaftStorage:Storage Directory /workdir/hadoop-ozone/integration-test/target/test-dir/MiniOzoneClusterImpl-2816ce32-9f3d-4212-87e4-3e92bc85cde0/datanode-1/data/ratis/3c200238-61c6-4e50-a926-dcb3b93fdf26
2019-10-02 07:34:31,721 [pool-47-thread-1] INFO  server.RaftServerConfigKeys (ConfUtils.java:logGet(43)) - raft.server.log.write.buffer.size = 33554432 (custom)
2019-10-02 07:34:31,721 [pool-57-thread-1] INFO  segmented.SegmentedRaftLogWorker (SegmentedRaftLogWorker.java:<init>(173)) - new cb6d8aa3-5895-49c1-85c3-41fbb4c04945@group-DCB3B93FDF26-SegmentedRaftLogWorker for RaftStorage:Storage Directory /workdir/hadoop-ozone/integration-test/target/test-dir/MiniOzoneClusterImpl-2816ce32-9f3d-4212-87e4-3e92bc85cde0/datanode-3/data/ratis/3c200238-61c6-4e50-a926-dcb3b93fdf26
2019-10-02 07:34:31,722 [pool-47-thread-1] INFO  server.RaftServerConfigKeys (ConfUtils.java:logGet(43)) - raft.server.log.force.sync.num = 128 (default)
2019-10-02 07:34:31,721 [pool-37-thread-1] INFO  server.RaftServerConfigKeys (ConfUtils.java:logGet(43)) - raft.server.log.queue.byte-limit = 2147483647 (custom)
2019-10-02 07:34:31,722 [pool-47-thread-1] INFO  server.RaftServerConfigKeys (ConfUtils.java:logGet(43)) - raft.server.log.statemachine.data.sync = true (default)
2019-10-02 07:34:31,722 [pool-57-thread-1] INFO  server.RaftServerConfigKeys (ConfUtils.java:logGet(43)) - raft.server.log.queue.byte-limit = 2147483647 (custom)
2019-10-02 07:34:31,722 [pool-47-thread-1] INFO  server.RaftServerConfigKeys (ConfUtils.java:logGet(43)) - raft.server.log.statemachine.data.sync.timeout = 10s (default)
2019-10-02 07:34:31,722 [pool-37-thread-1] INFO  server.RaftServerConfigKeys (ConfUtils.java:logGet(43)) - raft.server.log.queue.element-limit = 1024 (custom)
2019-10-02 07:34:31,723 [pool-47-thread-1] INFO  server.RaftServerConfigKeys (ConfUtils.java:logGet(43)) - raft.server.log.statemachine.data.sync.timeout.retry = -1 (default)
2019-10-02 07:34:31,722 [pool-57-thread-1] INFO  server.RaftServerConfigKeys (ConfUtils.java:logGet(43)) - raft.server.log.queue.element-limit = 1024 (custom)
2019-10-02 07:34:31,723 [pool-37-thread-1] INFO  server.RaftServerConfigKeys (ConfUtils.java:logGet(43)) - raft.server.log.segment.size.max = 1048576 (custom)
2019-10-02 07:34:31,723 [pool-57-thread-1] INFO  server.RaftServerConfigKeys (ConfUtils.java:logGet(43)) - raft.server.log.segment.size.max = 1048576 (custom)
2019-10-02 07:34:31,723 [pool-47-thread-1] INFO  server.RaftServerConfigKeys (ConfUtils.java:logGet(43)) - raft.server.log.statemachine.data.caching.enabled = true (custom)
2019-10-02 07:34:31,723 [pool-57-thread-1] INFO  server.RaftServerConfigKeys (ConfUtils.java:logGet(43)) - raft.server.log.preallocated.size = 16384 (custom)
2019-10-02 07:34:31,723 [pool-37-thread-1] INFO  server.RaftServerConfigKeys (ConfUtils.java:logGet(43)) - raft.server.log.preallocated.size = 16384 (custom)
2019-10-02 07:34:31,724 [pool-57-thread-1] INFO  server.RaftServerConfigKeys (ConfUtils.java:logGet(43)) - raft.server.log.write.buffer.size = 33554432 (custom)
2019-10-02 07:34:31,724 [pool-47-thread-1] INFO  segmented.SegmentedRaftLogWorker (SegmentedRaftLogWorker.java:lambda$new$0(128)) - f465c0ec-0be9-4ae9-8f51-a8818d3fe0fc@group-DCB3B93FDF26-SegmentedRaftLogWorker: flushIndex: setUnconditionally 0 -> -1
2019-10-02 07:34:31,724 [pool-37-thread-1] INFO  server.RaftServerConfigKeys (ConfUtils.java:logGet(43)) - raft.server.log.write.buffer.size = 33554432 (custom)
2019-10-02 07:34:31,724 [pool-57-thread-1] INFO  server.RaftServerConfigKeys (ConfUtils.java:logGet(43)) - raft.server.log.force.sync.num = 128 (default)
2019-10-02 07:34:31,724 [pool-37-thread-1] INFO  server.RaftServerConfigKeys (ConfUtils.java:logGet(43)) - raft.server.log.force.sync.num = 128 (default)
2019-10-02 07:34:31,724 [pool-47-thread-1] INFO  server.RaftServerConfigKeys (ConfUtils.java:logGet(43)) - raft.server.snapshot.auto.trigger.enabled = true (custom)
2019-10-02 07:34:31,725 [pool-37-thread-1] INFO  server.RaftServerConfigKeys (ConfUtils.java:logGet(43)) - raft.server.log.statemachine.data.sync = true (default)
2019-10-02 07:34:31,724 [pool-57-thread-1] INFO  server.RaftServerConfigKeys (ConfUtils.java:logGet(43)) - raft.server.log.statemachine.data.sync = true (default)
2019-10-02 07:34:31,725 [pool-37-thread-1] INFO  server.RaftServerConfigKeys (ConfUtils.java:logGet(43)) - raft.server.log.statemachine.data.sync.timeout = 10s (default)
2019-10-02 07:34:31,725 [pool-47-thread-1] INFO  server.RaftServerConfigKeys (ConfUtils.java:logGet(43)) - raft.server.snapshot.auto.trigger.threshold = 10000 (custom)
2019-10-02 07:34:31,725 [pool-37-thread-1] INFO  server.RaftServerConfigKeys (ConfUtils.java:logGet(43)) - raft.server.log.statemachine.data.sync.timeout.retry = -1 (default)
2019-10-02 07:34:31,725 [pool-57-thread-1] INFO  server.RaftServerConfigKeys (ConfUtils.java:logGet(43)) - raft.server.log.statemachine.data.sync.timeout = 10s (default)
2019-10-02 07:34:31,726 [pool-37-thread-1] INFO  server.RaftServerConfigKeys (ConfUtils.java:logGet(43)) - raft.server.log.statemachine.data.caching.enabled = true (custom)
2019-10-02 07:34:31,725 [pool-47-thread-1] INFO  server.RaftServerConfigKeys (ConfUtils.java:logGet(43)) - raft.server.snapshot.retention.file.num = 5 (custom)
2019-10-02 07:34:31,726 [pool-57-thread-1] INFO  server.RaftServerConfigKeys (ConfUtils.java:logGet(43)) - raft.server.log.statemachine.data.sync.timeout.retry = -1 (default)
2019-10-02 07:34:31,726 [pool-37-thread-1] INFO  segmented.SegmentedRaftLogWorker (SegmentedRaftLogWorker.java:lambda$new$0(128)) - 1b828d8a-bca8-4046-ad6d-863244307b25@group-DCB3B93FDF26-SegmentedRaftLogWorker: flushIndex: setUnconditionally 0 -> -1
2019-10-02 07:34:31,726 [pool-57-thread-1] INFO  server.RaftServerConfigKeys (ConfUtils.java:logGet(43)) - raft.server.log.statemachine.data.caching.enabled = true (custom)
2019-10-02 07:34:31,726 [pool-47-thread-1] INFO  server.RaftServerConfigKeys (ConfUtils.java:logGet(43)) - raft.server.retrycache.expirytime = 600000ms (custom)
2019-10-02 07:34:31,726 [pool-37-thread-1] INFO  server.RaftServerConfigKeys (ConfUtils.java:logGet(43)) - raft.server.snapshot.auto.trigger.enabled = true (custom)
2019-10-02 07:34:31,727 [pool-57-thread-1] INFO  segmented.SegmentedRaftLogWorker (SegmentedRaftLogWorker.java:lambda$new$0(128)) - cb6d8aa3-5895-49c1-85c3-41fbb4c04945@group-DCB3B93FDF26-SegmentedRaftLogWorker: flushIndex: setUnconditionally 0 -> -1
2019-10-02 07:34:31,727 [pool-37-thread-1] INFO  server.RaftServerConfigKeys (ConfUtils.java:logGet(43)) - raft.server.snapshot.auto.trigger.threshold = 10000 (custom)
2019-10-02 07:34:31,727 [pool-37-thread-1] INFO  server.RaftServerConfigKeys (ConfUtils.java:logGet(43)) - raft.server.snapshot.retention.file.num = 5 (custom)
2019-10-02 07:34:31,727 [pool-57-thread-1] INFO  server.RaftServerConfigKeys (ConfUtils.java:logGet(43)) - raft.server.snapshot.auto.trigger.enabled = true (custom)
2019-10-02 07:34:31,727 [pool-37-thread-1] INFO  server.RaftServerConfigKeys (ConfUtils.java:logGet(43)) - raft.server.retrycache.expirytime = 600000ms (custom)
2019-10-02 07:34:31,727 [pool-57-thread-1] INFO  server.RaftServerConfigKeys (ConfUtils.java:logGet(43)) - raft.server.snapshot.auto.trigger.threshold = 10000 (custom)
2019-10-02 07:34:31,727 [pool-57-thread-1] INFO  server.RaftServerConfigKeys (ConfUtils.java:logGet(43)) - raft.server.snapshot.retention.file.num = 5 (custom)
2019-10-02 07:34:31,728 [pool-57-thread-1] INFO  server.RaftServerConfigKeys (ConfUtils.java:logGet(43)) - raft.server.retrycache.expirytime = 600000ms (custom)
2019-10-02 07:34:31,732 [pool-47-thread-1] INFO  impl.RaftServerImpl (RaftServerImpl.java:start(181)) - f465c0ec-0be9-4ae9-8f51-a8818d3fe0fc@group-DCB3B93FDF26: start as a follower, conf=-1: [cb6d8aa3-5895-49c1-85c3-41fbb4c04945:192.168.5.178:44476, 1b828d8a-bca8-4046-ad6d-863244307b25:192.168.5.178:42961, f465c0ec-0be9-4ae9-8f51-a8818d3fe0fc:192.168.5.178:34436], old=null
2019-10-02 07:34:31,732 [pool-47-thread-1] INFO  impl.RaftServerImpl (RaftServerImpl.java:setRole(170)) - f465c0ec-0be9-4ae9-8f51-a8818d3fe0fc@group-DCB3B93FDF26: changes role from      null to FOLLOWER at term 0 for startAsFollower
2019-10-02 07:34:31,733 [pool-47-thread-1] INFO  impl.RoleInfo (RoleInfo.java:updateAndGet(143)) - f465c0ec-0be9-4ae9-8f51-a8818d3fe0fc: start FollowerState
2019-10-02 07:34:31,733 [pool-37-thread-1] INFO  impl.RaftServerImpl (RaftServerImpl.java:start(181)) - 1b828d8a-bca8-4046-ad6d-863244307b25@group-DCB3B93FDF26: start as a follower, conf=-1: [cb6d8aa3-5895-49c1-85c3-41fbb4c04945:192.168.5.178:44476, 1b828d8a-bca8-4046-ad6d-863244307b25:192.168.5.178:42961, f465c0ec-0be9-4ae9-8f51-a8818d3fe0fc:192.168.5.178:34436], old=null
2019-10-02 07:34:31,733 [pool-37-thread-1] INFO  impl.RaftServerImpl (RaftServerImpl.java:setRole(170)) - 1b828d8a-bca8-4046-ad6d-863244307b25@group-DCB3B93FDF26: changes role from      null to FOLLOWER at term 0 for startAsFollower
2019-10-02 07:34:31,733 [pool-57-thread-1] INFO  impl.RaftServerImpl (RaftServerImpl.java:start(181)) - cb6d8aa3-5895-49c1-85c3-41fbb4c04945@group-DCB3B93FDF26: start as a follower, conf=-1: [cb6d8aa3-5895-49c1-85c3-41fbb4c04945:192.168.5.178:44476, 1b828d8a-bca8-4046-ad6d-863244307b25:192.168.5.178:42961, f465c0ec-0be9-4ae9-8f51-a8818d3fe0fc:192.168.5.178:34436], old=null
2019-10-02 07:34:31,733 [pool-37-thread-1] INFO  impl.RoleInfo (RoleInfo.java:updateAndGet(143)) - 1b828d8a-bca8-4046-ad6d-863244307b25: start FollowerState
2019-10-02 07:34:31,733 [pool-47-thread-1] INFO  util.JmxRegister (JmxRegister.java:tryRegister(44)) - Successfully registered JMX Bean with object name Ratis:service=RaftServer,group=group-DCB3B93FDF26,id=f465c0ec-0be9-4ae9-8f51-a8818d3fe0fc
2019-10-02 07:34:31,733 [pool-57-thread-1] INFO  impl.RaftServerImpl (RaftServerImpl.java:setRole(170)) - cb6d8aa3-5895-49c1-85c3-41fbb4c04945@group-DCB3B93FDF26: changes role from      null to FOLLOWER at term 0 for startAsFollower
2019-10-02 07:34:31,734 [pool-37-thread-1] INFO  util.JmxRegister (JmxRegister.java:tryRegister(44)) - Successfully registered JMX Bean with object name Ratis:service=RaftServer,group=group-DCB3B93FDF26,id=1b828d8a-bca8-4046-ad6d-863244307b25
2019-10-02 07:34:31,734 [pool-57-thread-1] INFO  impl.RoleInfo (RoleInfo.java:updateAndGet(143)) - cb6d8aa3-5895-49c1-85c3-41fbb4c04945: start FollowerState
2019-10-02 07:34:31,734 [pool-57-thread-1] INFO  util.JmxRegister (JmxRegister.java:tryRegister(44)) - Successfully registered JMX Bean with object name Ratis:service=RaftServer,group=group-DCB3B93FDF26,id=cb6d8aa3-5895-49c1-85c3-41fbb4c04945
2019-10-02 07:34:31,760 [RatisPipelineUtilsThread] INFO  pipeline.PipelineStateManager (PipelineStateManager.java:addPipeline(56)) - Created pipeline Pipeline[ Id: 3c200238-61c6-4e50-a926-dcb3b93fdf26, Nodes: cb6d8aa3-5895-49c1-85c3-41fbb4c04945{ip: 192.168.5.178, host: pr-trunk-8bg6x-723665176, networkLocation: /default-rack, certSerialId: null}f465c0ec-0be9-4ae9-8f51-a8818d3fe0fc{ip: 192.168.5.178, host: pr-trunk-8bg6x-723665176, networkLocation: /default-rack, certSerialId: null}1b828d8a-bca8-4046-ad6d-863244307b25{ip: 192.168.5.178, host: pr-trunk-8bg6x-723665176, networkLocation: /default-rack, certSerialId: null}, Type:RATIS, Factor:THREE, State:OPEN]
2019-10-02 07:34:32,001 [main] INFO  rpc.RpcClient (RpcClient.java:createVolume(276)) - Creating Volume: testblockoutputstreamwithretries, with jenkins1000 as owner.
2019-10-02 07:34:32,134 [IPC Server handler 0 on 46293] INFO  volume.OMVolumeCreateRequest (OMVolumeCreateRequest.java:validateAndUpdateCache(194)) - created volume:testblockoutputstreamwithretries for user:jenkins1000
2019-10-02 07:34:32,169 [main] INFO  rpc.RpcClient (RpcClient.java:createBucket(415)) - Creating Bucket: testblockoutputstreamwithretries/testblockoutputstreamwithretries, with Versioning false and Storage Type set to DISK and Encryption set to false 
2019-10-02 07:34:32,800 [main] INFO  impl.MetricsSystemImpl (MetricsSystemImpl.java:init(158)) - XceiverClientMetrics metrics system started (again)
2019-10-02 07:34:32,912 [Thread-238] INFO  container.ReplicationManager (ReplicationManager.java:start(162)) - Starting Replication Monitor Thread.
2019-10-02 07:34:32,946 [ReplicationMonitor] INFO  container.ReplicationManager (ReplicationManager.java:run(225)) - Replication Monitor Thread took 9 milliseconds for processing 1 containers.
2019-10-02 07:34:35,688 [Thread-240] INFO  impl.FollowerState (FollowerState.java:run(108)) - 804fc30f-f23d-4bcd-9bd5-debbbb81330f@group-DFD4FF0FE45F-FollowerState: change to CANDIDATE, lastRpcTime:5011ms, electionTimeout:5010ms
2019-10-02 07:34:35,694 [Thread-240] INFO  impl.RoleInfo (RoleInfo.java:shutdownFollowerState(121)) - 804fc30f-f23d-4bcd-9bd5-debbbb81330f: shutdown FollowerState
2019-10-02 07:34:35,694 [Thread-240] INFO  impl.RaftServerImpl (RaftServerImpl.java:setRole(170)) - 804fc30f-f23d-4bcd-9bd5-debbbb81330f@group-DFD4FF0FE45F: changes role from  FOLLOWER to CANDIDATE at term 0 for changeToCandidate
2019-10-02 07:34:35,700 [Thread-240] INFO  impl.RoleInfo (RoleInfo.java:updateAndGet(143)) - 804fc30f-f23d-4bcd-9bd5-debbbb81330f: start LeaderElection
2019-10-02 07:34:35,721 [804fc30f-f23d-4bcd-9bd5-debbbb81330f@group-DFD4FF0FE45F-LeaderElection1] INFO  impl.LeaderElection (LeaderElection.java:askForVotes(178)) - 804fc30f-f23d-4bcd-9bd5-debbbb81330f@group-DFD4FF0FE45F-LeaderElection1: begin an election at term 1 for -1: [804fc30f-f23d-4bcd-9bd5-debbbb81330f:192.168.5.178:45868], old=null
2019-10-02 07:34:35,723 [804fc30f-f23d-4bcd-9bd5-debbbb81330f@group-DFD4FF0FE45F-LeaderElection1] INFO  impl.RoleInfo (RoleInfo.java:shutdownLeaderElection(134)) - 804fc30f-f23d-4bcd-9bd5-debbbb81330f: shutdown LeaderElection
2019-10-02 07:34:35,723 [804fc30f-f23d-4bcd-9bd5-debbbb81330f@group-DFD4FF0FE45F-LeaderElection1] INFO  impl.RaftServerImpl (RaftServerImpl.java:setRole(170)) - 804fc30f-f23d-4bcd-9bd5-debbbb81330f@group-DFD4FF0FE45F: changes role from CANDIDATE to LEADER at term 1 for changeToLeader
2019-10-02 07:34:35,723 [804fc30f-f23d-4bcd-9bd5-debbbb81330f@group-DFD4FF0FE45F-LeaderElection1] INFO  impl.RaftServerImpl (ServerState.java:setLeader(255)) - 804fc30f-f23d-4bcd-9bd5-debbbb81330f@group-DFD4FF0FE45F: change Leader from null to 804fc30f-f23d-4bcd-9bd5-debbbb81330f at term 1 for becomeLeader, leader elected after 5160ms
2019-10-02 07:34:35,732 [804fc30f-f23d-4bcd-9bd5-debbbb81330f@group-DFD4FF0FE45F-LeaderElection1] INFO  server.RaftServerConfigKeys (ConfUtils.java:logGet(43)) - raft.server.staging.catchup.gap = 1000 (default)
2019-10-02 07:34:35,732 [804fc30f-f23d-4bcd-9bd5-debbbb81330f@group-DFD4FF0FE45F-LeaderElection1] INFO  server.RaftServerConfigKeys (ConfUtils.java:logGet(43)) - raft.server.rpc.sleep.time = 25ms (default)
2019-10-02 07:34:35,737 [804fc30f-f23d-4bcd-9bd5-debbbb81330f@group-DFD4FF0FE45F-LeaderElection1] INFO  server.RaftServerConfigKeys (ConfUtils.java:logGet(43)) - raft.server.write.element-limit = 4096 (default)
2019-10-02 07:34:35,740 [804fc30f-f23d-4bcd-9bd5-debbbb81330f@group-DFD4FF0FE45F-LeaderElection1] INFO  server.RaftServerConfigKeys (ConfUtils.java:logGet(43)) - raft.server.watch.timeout = 10s (default)
2019-10-02 07:34:35,740 [804fc30f-f23d-4bcd-9bd5-debbbb81330f@group-DFD4FF0FE45F-LeaderElection1] INFO  server.RaftServerConfigKeys (ConfUtils.java:logGet(43)) - raft.server.watch.timeout.denomination = 1s (default)
2019-10-02 07:34:35,741 [804fc30f-f23d-4bcd-9bd5-debbbb81330f@group-DFD4FF0FE45F-LeaderElection1] INFO  server.RaftServerConfigKeys (ConfUtils.java:logGet(43)) - raft.server.watch.element-limit = 65536 (default)
2019-10-02 07:34:35,755 [804fc30f-f23d-4bcd-9bd5-debbbb81330f@group-DFD4FF0FE45F-LeaderElection1] INFO  impl.RoleInfo (RoleInfo.java:updateAndGet(143)) - 804fc30f-f23d-4bcd-9bd5-debbbb81330f: start LeaderState
2019-10-02 07:34:35,782 [804fc30f-f23d-4bcd-9bd5-debbbb81330f@group-DFD4FF0FE45F-LeaderElection1] INFO  segmented.SegmentedRaftLogWorker (SegmentedRaftLogWorker.java:startLogSegment(385)) - 804fc30f-f23d-4bcd-9bd5-debbbb81330f@group-DFD4FF0FE45F-SegmentedRaftLogWorker: Starting segment from index:0
2019-10-02 07:34:35,795 [804fc30f-f23d-4bcd-9bd5-debbbb81330f@group-DFD4FF0FE45F-LeaderElection1] INFO  impl.RaftServerImpl (ServerState.java:setRaftConf(356)) - 804fc30f-f23d-4bcd-9bd5-debbbb81330f@group-DFD4FF0FE45F: set configuration 0: [804fc30f-f23d-4bcd-9bd5-debbbb81330f:192.168.5.178:45868], old=null at 0
2019-10-02 07:34:36,011 [Thread-243] INFO  impl.FollowerState (FollowerState.java:run(108)) - e774d0d1-00b7-40b4-85b3-8faca11cae95@group-A72EA3A7BBB6-FollowerState: change to CANDIDATE, lastRpcTime:5094ms, electionTimeout:5093ms
2019-10-02 07:34:36,015 [Thread-243] INFO  impl.RoleInfo (RoleInfo.java:shutdownFollowerState(121)) - e774d0d1-00b7-40b4-85b3-8faca11cae95: shutdown FollowerState
2019-10-02 07:34:36,015 [Thread-243] INFO  impl.RaftServerImpl (RaftServerImpl.java:setRole(170)) - e774d0d1-00b7-40b4-85b3-8faca11cae95@group-A72EA3A7BBB6: changes role from  FOLLOWER to CANDIDATE at term 0 for changeToCandidate
2019-10-02 07:34:36,015 [Thread-243] INFO  impl.RoleInfo (RoleInfo.java:updateAndGet(143)) - e774d0d1-00b7-40b4-85b3-8faca11cae95: start LeaderElection
2019-10-02 07:34:36,022 [804fc30f-f23d-4bcd-9bd5-debbbb81330f@group-DFD4FF0FE45F-SegmentedRaftLogWorker] INFO  segmented.SegmentedRaftLogWorker (SegmentedRaftLogWorker.java:execute(574)) - 804fc30f-f23d-4bcd-9bd5-debbbb81330f@group-DFD4FF0FE45F-SegmentedRaftLogWorker: created new log segment /workdir/hadoop-ozone/integration-test/target/test-dir/MiniOzoneClusterImpl-2816ce32-9f3d-4212-87e4-3e92bc85cde0/datanode-0/data/ratis/cacd46ba-ca15-4e65-afe5-dfd4ff0fe45f/current/log_inprogress_0
2019-10-02 07:34:36,036 [e774d0d1-00b7-40b4-85b3-8faca11cae95@group-A72EA3A7BBB6-LeaderElection2] INFO  impl.LeaderElection (LeaderElection.java:askForVotes(178)) - e774d0d1-00b7-40b4-85b3-8faca11cae95@group-A72EA3A7BBB6-LeaderElection2: begin an election at term 1 for -1: [e774d0d1-00b7-40b4-85b3-8faca11cae95:192.168.5.178:33677], old=null
2019-10-02 07:34:36,038 [e774d0d1-00b7-40b4-85b3-8faca11cae95@group-A72EA3A7BBB6-LeaderElection2] INFO  impl.RoleInfo (RoleInfo.java:shutdownLeaderElection(134)) - e774d0d1-00b7-40b4-85b3-8faca11cae95: shutdown LeaderElection
2019-10-02 07:34:36,039 [e774d0d1-00b7-40b4-85b3-8faca11cae95@group-A72EA3A7BBB6-LeaderElection2] INFO  impl.RaftServerImpl (RaftServerImpl.java:setRole(170)) - e774d0d1-00b7-40b4-85b3-8faca11cae95@group-A72EA3A7BBB6: changes role from CANDIDATE to LEADER at term 1 for changeToLeader
2019-10-02 07:34:36,039 [e774d0d1-00b7-40b4-85b3-8faca11cae95@group-A72EA3A7BBB6-LeaderElection2] INFO  impl.RaftServerImpl (ServerState.java:setLeader(255)) - e774d0d1-00b7-40b4-85b3-8faca11cae95@group-A72EA3A7BBB6: change Leader from null to e774d0d1-00b7-40b4-85b3-8faca11cae95 at term 1 for becomeLeader, leader elected after 5140ms
2019-10-02 07:34:36,041 [e774d0d1-00b7-40b4-85b3-8faca11cae95@group-A72EA3A7BBB6-LeaderElection2] INFO  server.RaftServerConfigKeys (ConfUtils.java:logGet(43)) - raft.server.staging.catchup.gap = 1000 (default)
2019-10-02 07:34:36,041 [e774d0d1-00b7-40b4-85b3-8faca11cae95@group-A72EA3A7BBB6-LeaderElection2] INFO  server.RaftServerConfigKeys (ConfUtils.java:logGet(43)) - raft.server.rpc.sleep.time = 25ms (default)
2019-10-02 07:34:36,042 [e774d0d1-00b7-40b4-85b3-8faca11cae95@group-A72EA3A7BBB6-LeaderElection2] INFO  server.RaftServerConfigKeys (ConfUtils.java:logGet(43)) - raft.server.write.element-limit = 4096 (default)
2019-10-02 07:34:36,042 [e774d0d1-00b7-40b4-85b3-8faca11cae95@group-A72EA3A7BBB6-LeaderElection2] INFO  server.RaftServerConfigKeys (ConfUtils.java:logGet(43)) - raft.server.watch.timeout = 10s (default)
2019-10-02 07:34:36,042 [e774d0d1-00b7-40b4-85b3-8faca11cae95@group-A72EA3A7BBB6-LeaderElection2] INFO  server.RaftServerConfigKeys (ConfUtils.java:logGet(43)) - raft.server.watch.timeout.denomination = 1s (default)
2019-10-02 07:34:36,042 [e774d0d1-00b7-40b4-85b3-8faca11cae95@group-A72EA3A7BBB6-LeaderElection2] INFO  server.RaftServerConfigKeys (ConfUtils.java:logGet(43)) - raft.server.watch.element-limit = 65536 (default)
2019-10-02 07:34:36,045 [e774d0d1-00b7-40b4-85b3-8faca11cae95@group-A72EA3A7BBB6-LeaderElection2] INFO  impl.RoleInfo (RoleInfo.java:updateAndGet(143)) - e774d0d1-00b7-40b4-85b3-8faca11cae95: start LeaderState
2019-10-02 07:34:36,046 [e774d0d1-00b7-40b4-85b3-8faca11cae95@group-A72EA3A7BBB6-LeaderElection2] INFO  segmented.SegmentedRaftLogWorker (SegmentedRaftLogWorker.java:startLogSegment(385)) - e774d0d1-00b7-40b4-85b3-8faca11cae95@group-A72EA3A7BBB6-SegmentedRaftLogWorker: Starting segment from index:0
2019-10-02 07:34:36,046 [e774d0d1-00b7-40b4-85b3-8faca11cae95@group-A72EA3A7BBB6-LeaderElection2] INFO  impl.RaftServerImpl (ServerState.java:setRaftConf(356)) - e774d0d1-00b7-40b4-85b3-8faca11cae95@group-A72EA3A7BBB6: set configuration 0: [e774d0d1-00b7-40b4-85b3-8faca11cae95:192.168.5.178:33677], old=null at 0
2019-10-02 07:34:36,099 [e774d0d1-00b7-40b4-85b3-8faca11cae95@group-A72EA3A7BBB6-SegmentedRaftLogWorker] INFO  segmented.SegmentedRaftLogWorker (SegmentedRaftLogWorker.java:execute(574)) - e774d0d1-00b7-40b4-85b3-8faca11cae95@group-A72EA3A7BBB6-SegmentedRaftLogWorker: created new log segment /workdir/hadoop-ozone/integration-test/target/test-dir/MiniOzoneClusterImpl-2816ce32-9f3d-4212-87e4-3e92bc85cde0/datanode-6/data/ratis/8ab8d347-2a1b-488f-898f-a72ea3a7bbb6/current/log_inprogress_0
2019-10-02 07:34:36,146 [Thread-246] INFO  impl.FollowerState (FollowerState.java:run(108)) - ceafac3c-b94e-436b-b57a-960890b1af34@group-087FDD7CB564-FollowerState: change to CANDIDATE, lastRpcTime:5056ms, electionTimeout:5056ms
2019-10-02 07:34:36,146 [Thread-246] INFO  impl.RoleInfo (RoleInfo.java:shutdownFollowerState(121)) - ceafac3c-b94e-436b-b57a-960890b1af34: shutdown FollowerState
2019-10-02 07:34:36,147 [Thread-246] INFO  impl.RaftServerImpl (RaftServerImpl.java:setRole(170)) - ceafac3c-b94e-436b-b57a-960890b1af34@group-087FDD7CB564: changes role from  FOLLOWER to CANDIDATE at term 0 for changeToCandidate
2019-10-02 07:34:36,147 [Thread-246] INFO  impl.RoleInfo (RoleInfo.java:updateAndGet(143)) - ceafac3c-b94e-436b-b57a-960890b1af34: start LeaderElection
2019-10-02 07:34:36,164 [ceafac3c-b94e-436b-b57a-960890b1af34@group-087FDD7CB564-LeaderElection3] INFO  impl.LeaderElection (LeaderElection.java:askForVotes(178)) - ceafac3c-b94e-436b-b57a-960890b1af34@group-087FDD7CB564-LeaderElection3: begin an election at term 1 for -1: [ceafac3c-b94e-436b-b57a-960890b1af34:192.168.5.178:45023], old=null
2019-10-02 07:34:36,164 [ceafac3c-b94e-436b-b57a-960890b1af34@group-087FDD7CB564-LeaderElection3] INFO  impl.RoleInfo (RoleInfo.java:shutdownLeaderElection(134)) - ceafac3c-b94e-436b-b57a-960890b1af34: shutdown LeaderElection
2019-10-02 07:34:36,164 [ceafac3c-b94e-436b-b57a-960890b1af34@group-087FDD7CB564-LeaderElection3] INFO  impl.RaftServerImpl (RaftServerImpl.java:setRole(170)) - ceafac3c-b94e-436b-b57a-960890b1af34@group-087FDD7CB564: changes role from CANDIDATE to LEADER at term 1 for changeToLeader
2019-10-02 07:34:36,164 [ceafac3c-b94e-436b-b57a-960890b1af34@group-087FDD7CB564-LeaderElection3] INFO  impl.RaftServerImpl (ServerState.java:setLeader(255)) - ceafac3c-b94e-436b-b57a-960890b1af34@group-087FDD7CB564: change Leader from null to ceafac3c-b94e-436b-b57a-960890b1af34 at term 1 for becomeLeader, leader elected after 5136ms
2019-10-02 07:34:36,166 [ceafac3c-b94e-436b-b57a-960890b1af34@group-087FDD7CB564-LeaderElection3] INFO  server.RaftServerConfigKeys (ConfUtils.java:logGet(43)) - raft.server.staging.catchup.gap = 1000 (default)
2019-10-02 07:34:36,166 [ceafac3c-b94e-436b-b57a-960890b1af34@group-087FDD7CB564-LeaderElection3] INFO  server.RaftServerConfigKeys (ConfUtils.java:logGet(43)) - raft.server.rpc.sleep.time = 25ms (default)
2019-10-02 07:34:36,167 [ceafac3c-b94e-436b-b57a-960890b1af34@group-087FDD7CB564-LeaderElection3] INFO  server.RaftServerConfigKeys (ConfUtils.java:logGet(43)) - raft.server.write.element-limit = 4096 (default)
2019-10-02 07:34:36,167 [ceafac3c-b94e-436b-b57a-960890b1af34@group-087FDD7CB564-LeaderElection3] INFO  server.RaftServerConfigKeys (ConfUtils.java:logGet(43)) - raft.server.watch.timeout = 10s (default)
2019-10-02 07:34:36,167 [ceafac3c-b94e-436b-b57a-960890b1af34@group-087FDD7CB564-LeaderElection3] INFO  server.RaftServerConfigKeys (ConfUtils.java:logGet(43)) - raft.server.watch.timeout.denomination = 1s (default)
2019-10-02 07:34:36,167 [ceafac3c-b94e-436b-b57a-960890b1af34@group-087FDD7CB564-LeaderElection3] INFO  server.RaftServerConfigKeys (ConfUtils.java:logGet(43)) - raft.server.watch.element-limit = 65536 (default)
2019-10-02 07:34:36,171 [ceafac3c-b94e-436b-b57a-960890b1af34@group-087FDD7CB564-LeaderElection3] INFO  impl.RoleInfo (RoleInfo.java:updateAndGet(143)) - ceafac3c-b94e-436b-b57a-960890b1af34: start LeaderState
2019-10-02 07:34:36,171 [ceafac3c-b94e-436b-b57a-960890b1af34@group-087FDD7CB564-LeaderElection3] INFO  segmented.SegmentedRaftLogWorker (SegmentedRaftLogWorker.java:startLogSegment(385)) - ceafac3c-b94e-436b-b57a-960890b1af34@group-087FDD7CB564-SegmentedRaftLogWorker: Starting segment from index:0
2019-10-02 07:34:36,172 [ceafac3c-b94e-436b-b57a-960890b1af34@group-087FDD7CB564-LeaderElection3] INFO  impl.RaftServerImpl (ServerState.java:setRaftConf(356)) - ceafac3c-b94e-436b-b57a-960890b1af34@group-087FDD7CB564: set configuration 0: [ceafac3c-b94e-436b-b57a-960890b1af34:192.168.5.178:45023], old=null at 0
2019-10-02 07:34:36,226 [ceafac3c-b94e-436b-b57a-960890b1af34@group-087FDD7CB564-SegmentedRaftLogWorker] INFO  segmented.SegmentedRaftLogWorker (SegmentedRaftLogWorker.java:execute(574)) - ceafac3c-b94e-436b-b57a-960890b1af34@group-087FDD7CB564-SegmentedRaftLogWorker: created new log segment /workdir/hadoop-ozone/integration-test/target/test-dir/MiniOzoneClusterImpl-2816ce32-9f3d-4212-87e4-3e92bc85cde0/datanode-4/data/ratis/3bb037d6-e8c6-4647-8c7d-087fdd7cb564/current/log_inprogress_0
2019-10-02 07:34:36,285 [Thread-249] INFO  impl.FollowerState (FollowerState.java:run(108)) - cb6d8aa3-5895-49c1-85c3-41fbb4c04945@group-AD9564986136-FollowerState: change to CANDIDATE, lastRpcTime:5087ms, electionTimeout:5087ms
2019-10-02 07:34:36,286 [Thread-249] INFO  impl.RoleInfo (RoleInfo.java:shutdownFollowerState(121)) - cb6d8aa3-5895-49c1-85c3-41fbb4c04945: shutdown FollowerState
2019-10-02 07:34:36,286 [Thread-249] INFO  impl.RaftServerImpl (RaftServerImpl.java:setRole(170)) - cb6d8aa3-5895-49c1-85c3-41fbb4c04945@group-AD9564986136: changes role from  FOLLOWER to CANDIDATE at term 0 for changeToCandidate
2019-10-02 07:34:36,286 [Thread-249] INFO  impl.RoleInfo (RoleInfo.java:updateAndGet(143)) - cb6d8aa3-5895-49c1-85c3-41fbb4c04945: start LeaderElection
2019-10-02 07:34:36,304 [cb6d8aa3-5895-49c1-85c3-41fbb4c04945@group-AD9564986136-LeaderElection4] INFO  impl.LeaderElection (LeaderElection.java:askForVotes(178)) - cb6d8aa3-5895-49c1-85c3-41fbb4c04945@group-AD9564986136-LeaderElection4: begin an election at term 1 for -1: [cb6d8aa3-5895-49c1-85c3-41fbb4c04945:192.168.5.178:44476], old=null
2019-10-02 07:34:36,304 [cb6d8aa3-5895-49c1-85c3-41fbb4c04945@group-AD9564986136-LeaderElection4] INFO  impl.RoleInfo (RoleInfo.java:shutdownLeaderElection(134)) - cb6d8aa3-5895-49c1-85c3-41fbb4c04945: shutdown LeaderElection
2019-10-02 07:34:36,304 [cb6d8aa3-5895-49c1-85c3-41fbb4c04945@group-AD9564986136-LeaderElection4] INFO  impl.RaftServerImpl (RaftServerImpl.java:setRole(170)) - cb6d8aa3-5895-49c1-85c3-41fbb4c04945@group-AD9564986136: changes role from CANDIDATE to LEADER at term 1 for changeToLeader
2019-10-02 07:34:36,304 [cb6d8aa3-5895-49c1-85c3-41fbb4c04945@group-AD9564986136-LeaderElection4] INFO  impl.RaftServerImpl (ServerState.java:setLeader(255)) - cb6d8aa3-5895-49c1-85c3-41fbb4c04945@group-AD9564986136: change Leader from null to cb6d8aa3-5895-49c1-85c3-41fbb4c04945 at term 1 for becomeLeader, leader elected after 5123ms
2019-10-02 07:34:36,306 [cb6d8aa3-5895-49c1-85c3-41fbb4c04945@group-AD9564986136-LeaderElection4] INFO  server.RaftServerConfigKeys (ConfUtils.java:logGet(43)) - raft.server.staging.catchup.gap = 1000 (default)
2019-10-02 07:34:36,306 [cb6d8aa3-5895-49c1-85c3-41fbb4c04945@group-AD9564986136-LeaderElection4] INFO  server.RaftServerConfigKeys (ConfUtils.java:logGet(43)) - raft.server.rpc.sleep.time = 25ms (default)
2019-10-02 07:34:36,307 [cb6d8aa3-5895-49c1-85c3-41fbb4c04945@group-AD9564986136-LeaderElection4] INFO  server.RaftServerConfigKeys (ConfUtils.java:logGet(43)) - raft.server.write.element-limit = 4096 (default)
2019-10-02 07:34:36,307 [cb6d8aa3-5895-49c1-85c3-41fbb4c04945@group-AD9564986136-LeaderElection4] INFO  server.RaftServerConfigKeys (ConfUtils.java:logGet(43)) - raft.server.watch.timeout = 10s (default)
2019-10-02 07:34:36,307 [cb6d8aa3-5895-49c1-85c3-41fbb4c04945@group-AD9564986136-LeaderElection4] INFO  server.RaftServerConfigKeys (ConfUtils.java:logGet(43)) - raft.server.watch.timeout.denomination = 1s (default)
2019-10-02 07:34:36,307 [cb6d8aa3-5895-49c1-85c3-41fbb4c04945@group-AD9564986136-LeaderElection4] INFO  server.RaftServerConfigKeys (ConfUtils.java:logGet(43)) - raft.server.watch.element-limit = 65536 (default)
2019-10-02 07:34:36,310 [cb6d8aa3-5895-49c1-85c3-41fbb4c04945@group-AD9564986136-LeaderElection4] INFO  impl.RoleInfo (RoleInfo.java:updateAndGet(143)) - cb6d8aa3-5895-49c1-85c3-41fbb4c04945: start LeaderState
2019-10-02 07:34:36,311 [cb6d8aa3-5895-49c1-85c3-41fbb4c04945@group-AD9564986136-LeaderElection4] INFO  segmented.SegmentedRaftLogWorker (SegmentedRaftLogWorker.java:startLogSegment(385)) - cb6d8aa3-5895-49c1-85c3-41fbb4c04945@group-AD9564986136-SegmentedRaftLogWorker: Starting segment from index:0
2019-10-02 07:34:36,311 [cb6d8aa3-5895-49c1-85c3-41fbb4c04945@group-AD9564986136-LeaderElection4] INFO  impl.RaftServerImpl (ServerState.java:setRaftConf(356)) - cb6d8aa3-5895-49c1-85c3-41fbb4c04945@group-AD9564986136: set configuration 0: [cb6d8aa3-5895-49c1-85c3-41fbb4c04945:192.168.5.178:44476], old=null at 0
2019-10-02 07:34:36,350 [Thread-252] INFO  impl.FollowerState (FollowerState.java:run(108)) - f465c0ec-0be9-4ae9-8f51-a8818d3fe0fc@group-A803D24BC7D0-FollowerState: change to CANDIDATE, lastRpcTime:5057ms, electionTimeout:5021ms
2019-10-02 07:34:36,351 [Thread-252] INFO  impl.RoleInfo (RoleInfo.java:shutdownFollowerState(121)) - f465c0ec-0be9-4ae9-8f51-a8818d3fe0fc: shutdown FollowerState
2019-10-02 07:34:36,351 [Thread-252] INFO  impl.RaftServerImpl (RaftServerImpl.java:setRole(170)) - f465c0ec-0be9-4ae9-8f51-a8818d3fe0fc@group-A803D24BC7D0: changes role from  FOLLOWER to CANDIDATE at term 0 for changeToCandidate
2019-10-02 07:34:36,351 [Thread-252] INFO  impl.RoleInfo (RoleInfo.java:updateAndGet(143)) - f465c0ec-0be9-4ae9-8f51-a8818d3fe0fc: start LeaderElection
2019-10-02 07:34:36,364 [cb6d8aa3-5895-49c1-85c3-41fbb4c04945@group-AD9564986136-SegmentedRaftLogWorker] INFO  segmented.SegmentedRaftLogWorker (SegmentedRaftLogWorker.java:execute(574)) - cb6d8aa3-5895-49c1-85c3-41fbb4c04945@group-AD9564986136-SegmentedRaftLogWorker: created new log segment /workdir/hadoop-ozone/integration-test/target/test-dir/MiniOzoneClusterImpl-2816ce32-9f3d-4212-87e4-3e92bc85cde0/datanode-3/data/ratis/dd9edaaf-88ff-4b99-86ac-ad9564986136/current/log_inprogress_0
2019-10-02 07:34:36,364 [f465c0ec-0be9-4ae9-8f51-a8818d3fe0fc@group-A803D24BC7D0-LeaderElection5] INFO  impl.LeaderElection (LeaderElection.java:askForVotes(178)) - f465c0ec-0be9-4ae9-8f51-a8818d3fe0fc@group-A803D24BC7D0-LeaderElection5: begin an election at term 1 for -1: [f465c0ec-0be9-4ae9-8f51-a8818d3fe0fc:192.168.5.178:34436], old=null
2019-10-02 07:34:36,364 [f465c0ec-0be9-4ae9-8f51-a8818d3fe0fc@group-A803D24BC7D0-LeaderElection5] INFO  impl.RoleInfo (RoleInfo.java:shutdownLeaderElection(134)) - f465c0ec-0be9-4ae9-8f51-a8818d3fe0fc: shutdown LeaderElection
2019-10-02 07:34:36,365 [f465c0ec-0be9-4ae9-8f51-a8818d3fe0fc@group-A803D24BC7D0-LeaderElection5] INFO  impl.RaftServerImpl (RaftServerImpl.java:setRole(170)) - f465c0ec-0be9-4ae9-8f51-a8818d3fe0fc@group-A803D24BC7D0: changes role from CANDIDATE to LEADER at term 1 for changeToLeader
2019-10-02 07:34:36,365 [f465c0ec-0be9-4ae9-8f51-a8818d3fe0fc@group-A803D24BC7D0-LeaderElection5] INFO  impl.RaftServerImpl (ServerState.java:setLeader(255)) - f465c0ec-0be9-4ae9-8f51-a8818d3fe0fc@group-A803D24BC7D0: change Leader from null to f465c0ec-0be9-4ae9-8f51-a8818d3fe0fc at term 1 for becomeLeader, leader elected after 5084ms
2019-10-02 07:34:36,367 [f465c0ec-0be9-4ae9-8f51-a8818d3fe0fc@group-A803D24BC7D0-LeaderElection5] INFO  server.RaftServerConfigKeys (ConfUtils.java:logGet(43)) - raft.server.staging.catchup.gap = 1000 (default)
2019-10-02 07:34:36,367 [f465c0ec-0be9-4ae9-8f51-a8818d3fe0fc@group-A803D24BC7D0-LeaderElection5] INFO  server.RaftServerConfigKeys (ConfUtils.java:logGet(43)) - raft.server.rpc.sleep.time = 25ms (default)
2019-10-02 07:34:36,367 [f465c0ec-0be9-4ae9-8f51-a8818d3fe0fc@group-A803D24BC7D0-LeaderElection5] INFO  server.RaftServerConfigKeys (ConfUtils.java:logGet(43)) - raft.server.write.element-limit = 4096 (default)
2019-10-02 07:34:36,367 [f465c0ec-0be9-4ae9-8f51-a8818d3fe0fc@group-A803D24BC7D0-LeaderElection5] INFO  server.RaftServerConfigKeys (ConfUtils.java:logGet(43)) - raft.server.watch.timeout = 10s (default)
2019-10-02 07:34:36,368 [f465c0ec-0be9-4ae9-8f51-a8818d3fe0fc@group-A803D24BC7D0-LeaderElection5] INFO  server.RaftServerConfigKeys (ConfUtils.java:logGet(43)) - raft.server.watch.timeout.denomination = 1s (default)
2019-10-02 07:34:36,368 [f465c0ec-0be9-4ae9-8f51-a8818d3fe0fc@group-A803D24BC7D0-LeaderElection5] INFO  server.RaftServerConfigKeys (ConfUtils.java:logGet(43)) - raft.server.watch.element-limit = 65536 (default)
2019-10-02 07:34:36,370 [f465c0ec-0be9-4ae9-8f51-a8818d3fe0fc@group-A803D24BC7D0-LeaderElection5] INFO  impl.RoleInfo (RoleInfo.java:updateAndGet(143)) - f465c0ec-0be9-4ae9-8f51-a8818d3fe0fc: start LeaderState
2019-10-02 07:34:36,371 [f465c0ec-0be9-4ae9-8f51-a8818d3fe0fc@group-A803D24BC7D0-LeaderElection5] INFO  segmented.SegmentedRaftLogWorker (SegmentedRaftLogWorker.java:startLogSegment(385)) - f465c0ec-0be9-4ae9-8f51-a8818d3fe0fc@group-A803D24BC7D0-SegmentedRaftLogWorker: Starting segment from index:0
2019-10-02 07:34:36,372 [f465c0ec-0be9-4ae9-8f51-a8818d3fe0fc@group-A803D24BC7D0-LeaderElection5] INFO  impl.RaftServerImpl (ServerState.java:setRaftConf(356)) - f465c0ec-0be9-4ae9-8f51-a8818d3fe0fc@group-A803D24BC7D0: set configuration 0: [f465c0ec-0be9-4ae9-8f51-a8818d3fe0fc:192.168.5.178:34436], old=null at 0
2019-10-02 07:34:36,421 [f465c0ec-0be9-4ae9-8f51-a8818d3fe0fc@group-A803D24BC7D0-SegmentedRaftLogWorker] INFO  segmented.SegmentedRaftLogWorker (SegmentedRaftLogWorker.java:execute(574)) - f465c0ec-0be9-4ae9-8f51-a8818d3fe0fc@group-A803D24BC7D0-SegmentedRaftLogWorker: created new log segment /workdir/hadoop-ozone/integration-test/target/test-dir/MiniOzoneClusterImpl-2816ce32-9f3d-4212-87e4-3e92bc85cde0/datanode-2/data/ratis/121b7446-b0fe-4ce5-a138-a803d24bc7d0/current/log_inprogress_0
2019-10-02 07:34:36,548 [Thread-255] INFO  impl.FollowerState (FollowerState.java:run(108)) - 1b828d8a-bca8-4046-ad6d-863244307b25@group-4E55DCFAE10C-FollowerState: change to CANDIDATE, lastRpcTime:5159ms, electionTimeout:5159ms
2019-10-02 07:34:36,548 [Thread-255] INFO  impl.RoleInfo (RoleInfo.java:shutdownFollowerState(121)) - 1b828d8a-bca8-4046-ad6d-863244307b25: shutdown FollowerState
2019-10-02 07:34:36,549 [Thread-255] INFO  impl.RaftServerImpl (RaftServerImpl.java:setRole(170)) - 1b828d8a-bca8-4046-ad6d-863244307b25@group-4E55DCFAE10C: changes role from  FOLLOWER to CANDIDATE at term 0 for changeToCandidate
2019-10-02 07:34:36,549 [Thread-255] INFO  impl.RoleInfo (RoleInfo.java:updateAndGet(143)) - 1b828d8a-bca8-4046-ad6d-863244307b25: start LeaderElection
2019-10-02 07:34:36,566 [1b828d8a-bca8-4046-ad6d-863244307b25@group-4E55DCFAE10C-LeaderElection6] INFO  impl.LeaderElection (LeaderElection.java:askForVotes(178)) - 1b828d8a-bca8-4046-ad6d-863244307b25@group-4E55DCFAE10C-LeaderElection6: begin an election at term 1 for -1: [1b828d8a-bca8-4046-ad6d-863244307b25:192.168.5.178:42961], old=null
2019-10-02 07:34:36,566 [1b828d8a-bca8-4046-ad6d-863244307b25@group-4E55DCFAE10C-LeaderElection6] INFO  impl.RoleInfo (RoleInfo.java:shutdownLeaderElection(134)) - 1b828d8a-bca8-4046-ad6d-863244307b25: shutdown LeaderElection
2019-10-02 07:34:36,566 [1b828d8a-bca8-4046-ad6d-863244307b25@group-4E55DCFAE10C-LeaderElection6] INFO  impl.RaftServerImpl (RaftServerImpl.java:setRole(170)) - 1b828d8a-bca8-4046-ad6d-863244307b25@group-4E55DCFAE10C: changes role from CANDIDATE to LEADER at term 1 for changeToLeader
2019-10-02 07:34:36,567 [1b828d8a-bca8-4046-ad6d-863244307b25@group-4E55DCFAE10C-LeaderElection6] INFO  impl.RaftServerImpl (ServerState.java:setLeader(255)) - 1b828d8a-bca8-4046-ad6d-863244307b25@group-4E55DCFAE10C: change Leader from null to 1b828d8a-bca8-4046-ad6d-863244307b25 at term 1 for becomeLeader, leader elected after 5190ms
2019-10-02 07:34:36,569 [1b828d8a-bca8-4046-ad6d-863244307b25@group-4E55DCFAE10C-LeaderElection6] INFO  server.RaftServerConfigKeys (ConfUtils.java:logGet(43)) - raft.server.staging.catchup.gap = 1000 (default)
2019-10-02 07:34:36,569 [1b828d8a-bca8-4046-ad6d-863244307b25@group-4E55DCFAE10C-LeaderElection6] INFO  server.RaftServerConfigKeys (ConfUtils.java:logGet(43)) - raft.server.rpc.sleep.time = 25ms (default)
2019-10-02 07:34:36,569 [1b828d8a-bca8-4046-ad6d-863244307b25@group-4E55DCFAE10C-LeaderElection6] INFO  server.RaftServerConfigKeys (ConfUtils.java:logGet(43)) - raft.server.write.element-limit = 4096 (default)
2019-10-02 07:34:36,569 [1b828d8a-bca8-4046-ad6d-863244307b25@group-4E55DCFAE10C-LeaderElection6] INFO  server.RaftServerConfigKeys (ConfUtils.java:logGet(43)) - raft.server.watch.timeout = 10s (default)
2019-10-02 07:34:36,569 [1b828d8a-bca8-4046-ad6d-863244307b25@group-4E55DCFAE10C-LeaderElection6] INFO  server.RaftServerConfigKeys (ConfUtils.java:logGet(43)) - raft.server.watch.timeout.denomination = 1s (default)
2019-10-02 07:34:36,570 [1b828d8a-bca8-4046-ad6d-863244307b25@group-4E55DCFAE10C-LeaderElection6] INFO  server.RaftServerConfigKeys (ConfUtils.java:logGet(43)) - raft.server.watch.element-limit = 65536 (default)
2019-10-02 07:34:36,573 [1b828d8a-bca8-4046-ad6d-863244307b25@group-4E55DCFAE10C-LeaderElection6] INFO  impl.RoleInfo (RoleInfo.java:updateAndGet(143)) - 1b828d8a-bca8-4046-ad6d-863244307b25: start LeaderState
2019-10-02 07:34:36,573 [1b828d8a-bca8-4046-ad6d-863244307b25@group-4E55DCFAE10C-LeaderElection6] INFO  segmented.SegmentedRaftLogWorker (SegmentedRaftLogWorker.java:startLogSegment(385)) - 1b828d8a-bca8-4046-ad6d-863244307b25@group-4E55DCFAE10C-SegmentedRaftLogWorker: Starting segment from index:0
2019-10-02 07:34:36,574 [1b828d8a-bca8-4046-ad6d-863244307b25@group-4E55DCFAE10C-LeaderElection6] INFO  impl.RaftServerImpl (ServerState.java:setRaftConf(356)) - 1b828d8a-bca8-4046-ad6d-863244307b25@group-4E55DCFAE10C: set configuration 0: [1b828d8a-bca8-4046-ad6d-863244307b25:192.168.5.178:42961], old=null at 0
2019-10-02 07:34:36,612 [Thread-258] INFO  impl.FollowerState (FollowerState.java:run(108)) - b2e1dc6f-682c-466b-901a-3a10d773ae7f@group-58FC2A8F789F-FollowerState: change to CANDIDATE, lastRpcTime:5137ms, electionTimeout:5110ms
2019-10-02 07:34:36,613 [Thread-258] INFO  impl.RoleInfo (RoleInfo.java:shutdownFollowerState(121)) - b2e1dc6f-682c-466b-901a-3a10d773ae7f: shutdown FollowerState
2019-10-02 07:34:36,613 [Thread-258] INFO  impl.RaftServerImpl (RaftServerImpl.java:setRole(170)) - b2e1dc6f-682c-466b-901a-3a10d773ae7f@group-58FC2A8F789F: changes role from  FOLLOWER to CANDIDATE at term 0 for changeToCandidate
2019-10-02 07:34:36,613 [Thread-258] INFO  impl.RoleInfo (RoleInfo.java:updateAndGet(143)) - b2e1dc6f-682c-466b-901a-3a10d773ae7f: start LeaderElection
2019-10-02 07:34:36,622 [Thread-263] INFO  impl.FollowerState (FollowerState.java:run(108)) - 804fc30f-f23d-4bcd-9bd5-debbbb81330f@group-8DFF1A90DE46-FollowerState: change to CANDIDATE, lastRpcTime:5038ms, electionTimeout:5038ms
2019-10-02 07:34:36,622 [Thread-263] INFO  impl.RoleInfo (RoleInfo.java:shutdownFollowerState(121)) - 804fc30f-f23d-4bcd-9bd5-debbbb81330f: shutdown FollowerState
2019-10-02 07:34:36,622 [Thread-263] INFO  impl.RaftServerImpl (RaftServerImpl.java:setRole(170)) - 804fc30f-f23d-4bcd-9bd5-debbbb81330f@group-8DFF1A90DE46: changes role from  FOLLOWER to CANDIDATE at term 0 for changeToCandidate
2019-10-02 07:34:36,622 [Thread-263] INFO  impl.RoleInfo (RoleInfo.java:updateAndGet(143)) - 804fc30f-f23d-4bcd-9bd5-debbbb81330f: start LeaderElection
2019-10-02 07:34:36,625 [1b828d8a-bca8-4046-ad6d-863244307b25@group-4E55DCFAE10C-SegmentedRaftLogWorker] INFO  segmented.SegmentedRaftLogWorker (SegmentedRaftLogWorker.java:execute(574)) - 1b828d8a-bca8-4046-ad6d-863244307b25@group-4E55DCFAE10C-SegmentedRaftLogWorker: created new log segment /workdir/hadoop-ozone/integration-test/target/test-dir/MiniOzoneClusterImpl-2816ce32-9f3d-4212-87e4-3e92bc85cde0/datanode-1/data/ratis/b0724561-c210-46e0-bcca-4e55dcfae10c/current/log_inprogress_0
2019-10-02 07:34:36,625 [b2e1dc6f-682c-466b-901a-3a10d773ae7f@group-58FC2A8F789F-LeaderElection7] INFO  impl.LeaderElection (LeaderElection.java:askForVotes(178)) - b2e1dc6f-682c-466b-901a-3a10d773ae7f@group-58FC2A8F789F-LeaderElection7: begin an election at term 1 for -1: [b2e1dc6f-682c-466b-901a-3a10d773ae7f:192.168.5.178:42977], old=null
2019-10-02 07:34:36,626 [b2e1dc6f-682c-466b-901a-3a10d773ae7f@group-58FC2A8F789F-LeaderElection7] INFO  impl.RoleInfo (RoleInfo.java:shutdownLeaderElection(134)) - b2e1dc6f-682c-466b-901a-3a10d773ae7f: shutdown LeaderElection
2019-10-02 07:34:36,626 [b2e1dc6f-682c-466b-901a-3a10d773ae7f@group-58FC2A8F789F-LeaderElection7] INFO  impl.RaftServerImpl (RaftServerImpl.java:setRole(170)) - b2e1dc6f-682c-466b-901a-3a10d773ae7f@group-58FC2A8F789F: changes role from CANDIDATE to LEADER at term 1 for changeToLeader
2019-10-02 07:34:36,626 [b2e1dc6f-682c-466b-901a-3a10d773ae7f@group-58FC2A8F789F-LeaderElection7] INFO  impl.RaftServerImpl (ServerState.java:setLeader(255)) - b2e1dc6f-682c-466b-901a-3a10d773ae7f@group-58FC2A8F789F: change Leader from null to b2e1dc6f-682c-466b-901a-3a10d773ae7f at term 1 for becomeLeader, leader elected after 5160ms
2019-10-02 07:34:36,628 [b2e1dc6f-682c-466b-901a-3a10d773ae7f@group-58FC2A8F789F-LeaderElection7] INFO  server.RaftServerConfigKeys (ConfUtils.java:logGet(43)) - raft.server.staging.catchup.gap = 1000 (default)
2019-10-02 07:34:36,628 [b2e1dc6f-682c-466b-901a-3a10d773ae7f@group-58FC2A8F789F-LeaderElection7] INFO  server.RaftServerConfigKeys (ConfUtils.java:logGet(43)) - raft.server.rpc.sleep.time = 25ms (default)
2019-10-02 07:34:36,628 [b2e1dc6f-682c-466b-901a-3a10d773ae7f@group-58FC2A8F789F-LeaderElection7] INFO  server.RaftServerConfigKeys (ConfUtils.java:logGet(43)) - raft.server.write.element-limit = 4096 (default)
2019-10-02 07:34:36,629 [b2e1dc6f-682c-466b-901a-3a10d773ae7f@group-58FC2A8F789F-LeaderElection7] INFO  server.RaftServerConfigKeys (ConfUtils.java:logGet(43)) - raft.server.watch.timeout = 10s (default)
2019-10-02 07:34:36,629 [b2e1dc6f-682c-466b-901a-3a10d773ae7f@group-58FC2A8F789F-LeaderElection7] INFO  server.RaftServerConfigKeys (ConfUtils.java:logGet(43)) - raft.server.watch.timeout.denomination = 1s (default)
2019-10-02 07:34:36,629 [b2e1dc6f-682c-466b-901a-3a10d773ae7f@group-58FC2A8F789F-LeaderElection7] INFO  server.RaftServerConfigKeys (ConfUtils.java:logGet(43)) - raft.server.watch.element-limit = 65536 (default)
2019-10-02 07:34:36,634 [b2e1dc6f-682c-466b-901a-3a10d773ae7f@group-58FC2A8F789F-LeaderElection7] INFO  impl.RoleInfo (RoleInfo.java:updateAndGet(143)) - b2e1dc6f-682c-466b-901a-3a10d773ae7f: start LeaderState
2019-10-02 07:34:36,635 [b2e1dc6f-682c-466b-901a-3a10d773ae7f@group-58FC2A8F789F-LeaderElection7] INFO  segmented.SegmentedRaftLogWorker (SegmentedRaftLogWorker.java:startLogSegment(385)) - b2e1dc6f-682c-466b-901a-3a10d773ae7f@group-58FC2A8F789F-SegmentedRaftLogWorker: Starting segment from index:0
2019-10-02 07:34:36,636 [b2e1dc6f-682c-466b-901a-3a10d773ae7f@group-58FC2A8F789F-LeaderElection7] INFO  impl.RaftServerImpl (ServerState.java:setRaftConf(356)) - b2e1dc6f-682c-466b-901a-3a10d773ae7f@group-58FC2A8F789F: set configuration 0: [b2e1dc6f-682c-466b-901a-3a10d773ae7f:192.168.5.178:42977], old=null at 0
2019-10-02 07:34:36,676 [804fc30f-f23d-4bcd-9bd5-debbbb81330f@group-8DFF1A90DE46-LeaderElection8] INFO  impl.LeaderElection (LeaderElection.java:askForVotes(178)) - 804fc30f-f23d-4bcd-9bd5-debbbb81330f@group-8DFF1A90DE46-LeaderElection8: begin an election at term 1 for -1: [e774d0d1-00b7-40b4-85b3-8faca11cae95:192.168.5.178:33677, ceafac3c-b94e-436b-b57a-960890b1af34:192.168.5.178:45023, 804fc30f-f23d-4bcd-9bd5-debbbb81330f:192.168.5.178:45868], old=null
2019-10-02 07:34:36,680 [Thread-264] INFO  impl.FollowerState (FollowerState.java:run(108)) - ceafac3c-b94e-436b-b57a-960890b1af34@group-8DFF1A90DE46-FollowerState: change to CANDIDATE, lastRpcTime:5093ms, electionTimeout:5093ms
2019-10-02 07:34:36,680 [Thread-264] INFO  impl.RoleInfo (RoleInfo.java:shutdownFollowerState(121)) - ceafac3c-b94e-436b-b57a-960890b1af34: shutdown FollowerState
2019-10-02 07:34:36,681 [Thread-264] INFO  impl.RaftServerImpl (RaftServerImpl.java:setRole(170)) - ceafac3c-b94e-436b-b57a-960890b1af34@group-8DFF1A90DE46: changes role from  FOLLOWER to CANDIDATE at term 0 for changeToCandidate
2019-10-02 07:34:36,681 [Thread-264] INFO  impl.RoleInfo (RoleInfo.java:updateAndGet(143)) - ceafac3c-b94e-436b-b57a-960890b1af34: start LeaderElection
2019-10-02 07:34:36,689 [b2e1dc6f-682c-466b-901a-3a10d773ae7f@group-58FC2A8F789F-SegmentedRaftLogWorker] INFO  segmented.SegmentedRaftLogWorker (SegmentedRaftLogWorker.java:execute(574)) - b2e1dc6f-682c-466b-901a-3a10d773ae7f@group-58FC2A8F789F-SegmentedRaftLogWorker: created new log segment /workdir/hadoop-ozone/integration-test/target/test-dir/MiniOzoneClusterImpl-2816ce32-9f3d-4212-87e4-3e92bc85cde0/datanode-5/data/ratis/87e4e65f-0f45-41cf-b9a1-58fc2a8f789f/current/log_inprogress_0
2019-10-02 07:34:36,689 [ceafac3c-b94e-436b-b57a-960890b1af34@group-8DFF1A90DE46-LeaderElection9] INFO  impl.LeaderElection (LeaderElection.java:askForVotes(178)) - ceafac3c-b94e-436b-b57a-960890b1af34@group-8DFF1A90DE46-LeaderElection9: begin an election at term 1 for -1: [e774d0d1-00b7-40b4-85b3-8faca11cae95:192.168.5.178:33677, ceafac3c-b94e-436b-b57a-960890b1af34:192.168.5.178:45023, 804fc30f-f23d-4bcd-9bd5-debbbb81330f:192.168.5.178:45868], old=null
2019-10-02 07:34:36,716 [grpc-default-executor-3] INFO  impl.RaftServerImpl (RaftServerImpl.java:setRole(170)) - e774d0d1-00b7-40b4-85b3-8faca11cae95@group-8DFF1A90DE46: changes role from  FOLLOWER to FOLLOWER at term 1 for recognizeCandidate:804fc30f-f23d-4bcd-9bd5-debbbb81330f
2019-10-02 07:34:36,725 [grpc-default-executor-3] INFO  impl.RoleInfo (RoleInfo.java:shutdownFollowerState(121)) - e774d0d1-00b7-40b4-85b3-8faca11cae95: shutdown FollowerState
2019-10-02 07:34:36,725 [grpc-default-executor-3] INFO  impl.RoleInfo (RoleInfo.java:updateAndGet(143)) - e774d0d1-00b7-40b4-85b3-8faca11cae95: start FollowerState
2019-10-02 07:34:36,738 [Thread-273] INFO  impl.FollowerState (FollowerState.java:run(108)) - f465c0ec-0be9-4ae9-8f51-a8818d3fe0fc@group-DCB3B93FDF26-FollowerState: change to CANDIDATE, lastRpcTime:5005ms, electionTimeout:5005ms
2019-10-02 07:34:36,739 [Thread-273] INFO  impl.RoleInfo (RoleInfo.java:shutdownFollowerState(121)) - f465c0ec-0be9-4ae9-8f51-a8818d3fe0fc: shutdown FollowerState
2019-10-02 07:34:36,739 [Thread-273] INFO  impl.RaftServerImpl (RaftServerImpl.java:setRole(170)) - f465c0ec-0be9-4ae9-8f51-a8818d3fe0fc@group-DCB3B93FDF26: changes role from  FOLLOWER to CANDIDATE at term 0 for changeToCandidate
2019-10-02 07:34:36,739 [Thread-273] INFO  impl.RoleInfo (RoleInfo.java:updateAndGet(143)) - f465c0ec-0be9-4ae9-8f51-a8818d3fe0fc: start LeaderElection
2019-10-02 07:34:36,745 [f465c0ec-0be9-4ae9-8f51-a8818d3fe0fc@group-DCB3B93FDF26-LeaderElection10] INFO  impl.LeaderElection (LeaderElection.java:askForVotes(178)) - f465c0ec-0be9-4ae9-8f51-a8818d3fe0fc@group-DCB3B93FDF26-LeaderElection10: begin an election at term 1 for -1: [cb6d8aa3-5895-49c1-85c3-41fbb4c04945:192.168.5.178:44476, 1b828d8a-bca8-4046-ad6d-863244307b25:192.168.5.178:42961, f465c0ec-0be9-4ae9-8f51-a8818d3fe0fc:192.168.5.178:34436], old=null
2019-10-02 07:34:36,758 [ceafac3c-b94e-436b-b57a-960890b1af34@group-8DFF1A90DE46-LeaderElection9] INFO  impl.LeaderElection (LeaderElection.java:logAndReturn(56)) - ceafac3c-b94e-436b-b57a-960890b1af34@group-8DFF1A90DE46-LeaderElection9: Election REJECTED; received 2 response(s) [ceafac3c-b94e-436b-b57a-960890b1af34<-e774d0d1-00b7-40b4-85b3-8faca11cae95#0:FAIL-t1, ceafac3c-b94e-436b-b57a-960890b1af34<-804fc30f-f23d-4bcd-9bd5-debbbb81330f#0:FAIL-t1] and 0 exception(s); ceafac3c-b94e-436b-b57a-960890b1af34@group-8DFF1A90DE46:t1, leader=null, voted=ceafac3c-b94e-436b-b57a-960890b1af34, raftlog=ceafac3c-b94e-436b-b57a-960890b1af34@group-8DFF1A90DE46-SegmentedRaftLog:OPENED:c-1,f-1,i0, conf=-1: [e774d0d1-00b7-40b4-85b3-8faca11cae95:192.168.5.178:33677, ceafac3c-b94e-436b-b57a-960890b1af34:192.168.5.178:45023, 804fc30f-f23d-4bcd-9bd5-debbbb81330f:192.168.5.178:45868], old=null
2019-10-02 07:34:36,759 [ceafac3c-b94e-436b-b57a-960890b1af34@group-8DFF1A90DE46-LeaderElection9] INFO  impl.RaftServerImpl (RaftServerImpl.java:setRole(170)) - ceafac3c-b94e-436b-b57a-960890b1af34@group-8DFF1A90DE46: changes role from CANDIDATE to FOLLOWER at term 1 for DISCOVERED_A_NEW_TERM
2019-10-02 07:34:36,759 [ceafac3c-b94e-436b-b57a-960890b1af34@group-8DFF1A90DE46-LeaderElection9] INFO  impl.RoleInfo (RoleInfo.java:shutdownLeaderElection(134)) - ceafac3c-b94e-436b-b57a-960890b1af34: shutdown LeaderElection
2019-10-02 07:34:36,759 [ceafac3c-b94e-436b-b57a-960890b1af34@group-8DFF1A90DE46-LeaderElection9] INFO  impl.RoleInfo (RoleInfo.java:updateAndGet(143)) - ceafac3c-b94e-436b-b57a-960890b1af34: start FollowerState
2019-10-02 07:34:36,761 [804fc30f-f23d-4bcd-9bd5-debbbb81330f@group-8DFF1A90DE46-LeaderElection8] INFO  impl.LeaderElection (LeaderElection.java:logAndReturn(56)) - 804fc30f-f23d-4bcd-9bd5-debbbb81330f@group-8DFF1A90DE46-LeaderElection8: Election PASSED; received 2 response(s) [804fc30f-f23d-4bcd-9bd5-debbbb81330f<-e774d0d1-00b7-40b4-85b3-8faca11cae95#0:OK-t1, 804fc30f-f23d-4bcd-9bd5-debbbb81330f<-ceafac3c-b94e-436b-b57a-960890b1af34#0:FAIL-t1] and 0 exception(s); 804fc30f-f23d-4bcd-9bd5-debbbb81330f@group-8DFF1A90DE46:t1, leader=null, voted=804fc30f-f23d-4bcd-9bd5-debbbb81330f, raftlog=804fc30f-f23d-4bcd-9bd5-debbbb81330f@group-8DFF1A90DE46-SegmentedRaftLog:OPENED:c-1,f-1,i0, conf=-1: [e774d0d1-00b7-40b4-85b3-8faca11cae95:192.168.5.178:33677, ceafac3c-b94e-436b-b57a-960890b1af34:192.168.5.178:45023, 804fc30f-f23d-4bcd-9bd5-debbbb81330f:192.168.5.178:45868], old=null
2019-10-02 07:34:36,765 [804fc30f-f23d-4bcd-9bd5-debbbb81330f@group-8DFF1A90DE46-LeaderElection8] INFO  impl.RoleInfo (RoleInfo.java:shutdownLeaderElection(134)) - 804fc30f-f23d-4bcd-9bd5-debbbb81330f: shutdown LeaderElection
2019-10-02 07:34:36,766 [804fc30f-f23d-4bcd-9bd5-debbbb81330f@group-8DFF1A90DE46-LeaderElection8] INFO  impl.RaftServerImpl (RaftServerImpl.java:setRole(170)) - 804fc30f-f23d-4bcd-9bd5-debbbb81330f@group-8DFF1A90DE46: changes role from CANDIDATE to LEADER at term 1 for changeToLeader
2019-10-02 07:34:36,768 [804fc30f-f23d-4bcd-9bd5-debbbb81330f@group-8DFF1A90DE46-LeaderElection8] INFO  impl.RaftServerImpl (ServerState.java:setLeader(255)) - 804fc30f-f23d-4bcd-9bd5-debbbb81330f@group-8DFF1A90DE46: change Leader from null to 804fc30f-f23d-4bcd-9bd5-debbbb81330f at term 1 for becomeLeader, leader elected after 5201ms
2019-10-02 07:34:36,768 [804fc30f-f23d-4bcd-9bd5-debbbb81330f@group-8DFF1A90DE46-LeaderElection8] INFO  server.RaftServerConfigKeys (ConfUtils.java:logGet(43)) - raft.server.staging.catchup.gap = 1000 (default)
2019-10-02 07:34:36,768 [804fc30f-f23d-4bcd-9bd5-debbbb81330f@group-8DFF1A90DE46-LeaderElection8] INFO  server.RaftServerConfigKeys (ConfUtils.java:logGet(43)) - raft.server.rpc.sleep.time = 25ms (default)
2019-10-02 07:34:36,768 [804fc30f-f23d-4bcd-9bd5-debbbb81330f@group-8DFF1A90DE46-LeaderElection8] INFO  server.RaftServerConfigKeys (ConfUtils.java:logGet(43)) - raft.server.write.element-limit = 4096 (default)
2019-10-02 07:34:36,769 [804fc30f-f23d-4bcd-9bd5-debbbb81330f@group-8DFF1A90DE46-LeaderElection8] INFO  server.RaftServerConfigKeys (ConfUtils.java:logGet(43)) - raft.server.watch.timeout = 10s (default)
2019-10-02 07:34:36,770 [804fc30f-f23d-4bcd-9bd5-debbbb81330f@group-8DFF1A90DE46-LeaderElection8] INFO  server.RaftServerConfigKeys (ConfUtils.java:logGet(43)) - raft.server.watch.timeout.denomination = 1s (default)
2019-10-02 07:34:36,772 [grpc-default-executor-3] INFO  impl.RaftServerImpl (RaftServerImpl.java:setRole(170)) - cb6d8aa3-5895-49c1-85c3-41fbb4c04945@group-DCB3B93FDF26: changes role from  FOLLOWER to FOLLOWER at term 1 for recognizeCandidate:f465c0ec-0be9-4ae9-8f51-a8818d3fe0fc
2019-10-02 07:34:36,773 [804fc30f-f23d-4bcd-9bd5-debbbb81330f@group-8DFF1A90DE46-LeaderElection8] INFO  server.RaftServerConfigKeys (ConfUtils.java:logGet(43)) - raft.server.watch.element-limit = 65536 (default)
2019-10-02 07:34:36,773 [grpc-default-executor-3] INFO  impl.RoleInfo (RoleInfo.java:shutdownFollowerState(121)) - cb6d8aa3-5895-49c1-85c3-41fbb4c04945: shutdown FollowerState
2019-10-02 07:34:36,775 [grpc-default-executor-3] INFO  impl.RoleInfo (RoleInfo.java:updateAndGet(143)) - cb6d8aa3-5895-49c1-85c3-41fbb4c04945: start FollowerState
2019-10-02 07:34:36,775 [Thread-275] INFO  impl.FollowerState (FollowerState.java:run(117)) - cb6d8aa3-5895-49c1-85c3-41fbb4c04945@group-DCB3B93FDF26-FollowerState was interrupted: java.lang.InterruptedException: sleep interrupted
2019-10-02 07:34:36,778 [grpc-default-executor-2] INFO  impl.RaftServerImpl (RaftServerImpl.java:setRole(170)) - 1b828d8a-bca8-4046-ad6d-863244307b25@group-DCB3B93FDF26: changes role from  FOLLOWER to FOLLOWER at term 1 for recognizeCandidate:f465c0ec-0be9-4ae9-8f51-a8818d3fe0fc
2019-10-02 07:34:36,778 [grpc-default-executor-2] INFO  impl.RoleInfo (RoleInfo.java:shutdownFollowerState(121)) - 1b828d8a-bca8-4046-ad6d-863244307b25: shutdown FollowerState
2019-10-02 07:34:36,778 [Thread-274] INFO  impl.FollowerState (FollowerState.java:run(117)) - 1b828d8a-bca8-4046-ad6d-863244307b25@group-DCB3B93FDF26-FollowerState was interrupted: java.lang.InterruptedException: sleep interrupted
2019-10-02 07:34:36,778 [grpc-default-executor-2] INFO  impl.RoleInfo (RoleInfo.java:updateAndGet(143)) - 1b828d8a-bca8-4046-ad6d-863244307b25: start FollowerState
2019-10-02 07:34:36,785 [804fc30f-f23d-4bcd-9bd5-debbbb81330f@group-8DFF1A90DE46-LeaderElection8] INFO  server.RaftServerConfigKeys (ConfUtils.java:logGet(43)) - raft.server.log.appender.snapshot.chunk.size.max = 16MB (=16777216) (default)
2019-10-02 07:34:36,786 [804fc30f-f23d-4bcd-9bd5-debbbb81330f@group-8DFF1A90DE46-LeaderElection8] INFO  server.RaftServerConfigKeys (ConfUtils.java:logGet(43)) - raft.server.log.appender.buffer.byte-limit = 33554432 (custom)
2019-10-02 07:34:36,786 [804fc30f-f23d-4bcd-9bd5-debbbb81330f@group-8DFF1A90DE46-LeaderElection8] INFO  server.RaftServerConfigKeys (ConfUtils.java:logGet(43)) - raft.server.log.appender.buffer.element-limit = 1 (custom)
2019-10-02 07:34:36,791 [804fc30f-f23d-4bcd-9bd5-debbbb81330f@group-8DFF1A90DE46-LeaderElection8] INFO  grpc.GrpcConfigKeys$Server (ConfUtils.java:logGet(43)) - raft.grpc.server.leader.outstanding.appends.max = 128 (default)
2019-10-02 07:34:36,797 [804fc30f-f23d-4bcd-9bd5-debbbb81330f@group-8DFF1A90DE46-LeaderElection8] INFO  server.RaftServerConfigKeys (ConfUtils.java:logGet(43)) - raft.server.rpc.request.timeout = 3000ms (default)
2019-10-02 07:34:36,797 [804fc30f-f23d-4bcd-9bd5-debbbb81330f@group-8DFF1A90DE46-LeaderElection8] INFO  server.RaftServerConfigKeys (ConfUtils.java:logGet(43)) - raft.server.log.appender.install.snapshot.enabled = false (custom)
2019-10-02 07:34:36,798 [804fc30f-f23d-4bcd-9bd5-debbbb81330f@group-8DFF1A90DE46-LeaderElection8] INFO  server.RaftServerConfigKeys (ConfUtils.java:logGet(43)) - raft.server.log.appender.snapshot.chunk.size.max = 16MB (=16777216) (default)
2019-10-02 07:34:36,798 [804fc30f-f23d-4bcd-9bd5-debbbb81330f@group-8DFF1A90DE46-LeaderElection8] INFO  server.RaftServerConfigKeys (ConfUtils.java:logGet(43)) - raft.server.log.appender.buffer.byte-limit = 33554432 (custom)
2019-10-02 07:34:36,799 [804fc30f-f23d-4bcd-9bd5-debbbb81330f@group-8DFF1A90DE46-LeaderElection8] INFO  server.RaftServerConfigKeys (ConfUtils.java:logGet(43)) - raft.server.log.appender.buffer.element-limit = 1 (custom)
2019-10-02 07:34:36,800 [804fc30f-f23d-4bcd-9bd5-debbbb81330f@group-8DFF1A90DE46-LeaderElection8] INFO  grpc.GrpcConfigKeys$Server (ConfUtils.java:logGet(43)) - raft.grpc.server.leader.outstanding.appends.max = 128 (default)
2019-10-02 07:34:36,801 [804fc30f-f23d-4bcd-9bd5-debbbb81330f@group-8DFF1A90DE46-LeaderElection8] INFO  server.RaftServerConfigKeys (ConfUtils.java:logGet(43)) - raft.server.rpc.request.timeout = 3000ms (default)
2019-10-02 07:34:36,801 [804fc30f-f23d-4bcd-9bd5-debbbb81330f@group-8DFF1A90DE46-LeaderElection8] INFO  server.RaftServerConfigKeys (ConfUtils.java:logGet(43)) - raft.server.log.appender.install.snapshot.enabled = false (custom)
2019-10-02 07:34:36,801 [f465c0ec-0be9-4ae9-8f51-a8818d3fe0fc@group-DCB3B93FDF26-LeaderElection10] INFO  impl.LeaderElection (LeaderElection.java:logAndReturn(56)) - f465c0ec-0be9-4ae9-8f51-a8818d3fe0fc@group-DCB3B93FDF26-LeaderElection10: Election PASSED; received 1 response(s) [f465c0ec-0be9-4ae9-8f51-a8818d3fe0fc<-cb6d8aa3-5895-49c1-85c3-41fbb4c04945#0:OK-t1] and 0 exception(s); f465c0ec-0be9-4ae9-8f51-a8818d3fe0fc@group-DCB3B93FDF26:t1, leader=null, voted=f465c0ec-0be9-4ae9-8f51-a8818d3fe0fc, raftlog=f465c0ec-0be9-4ae9-8f51-a8818d3fe0fc@group-DCB3B93FDF26-SegmentedRaftLog:OPENED:c-1,f-1,i0, conf=-1: [cb6d8aa3-5895-49c1-85c3-41fbb4c04945:192.168.5.178:44476, 1b828d8a-bca8-4046-ad6d-863244307b25:192.168.5.178:42961, f465c0ec-0be9-4ae9-8f51-a8818d3fe0fc:192.168.5.178:34436], old=null
2019-10-02 07:34:36,801 [f465c0ec-0be9-4ae9-8f51-a8818d3fe0fc@group-DCB3B93FDF26-LeaderElection10] INFO  impl.RoleInfo (RoleInfo.java:shutdownLeaderElection(134)) - f465c0ec-0be9-4ae9-8f51-a8818d3fe0fc: shutdown LeaderElection
2019-10-02 07:34:36,804 [f465c0ec-0be9-4ae9-8f51-a8818d3fe0fc@group-DCB3B93FDF26-LeaderElection10] INFO  impl.RaftServerImpl (RaftServerImpl.java:setRole(170)) - f465c0ec-0be9-4ae9-8f51-a8818d3fe0fc@group-DCB3B93FDF26: changes role from CANDIDATE to LEADER at term 1 for changeToLeader
2019-10-02 07:34:36,804 [f465c0ec-0be9-4ae9-8f51-a8818d3fe0fc@group-DCB3B93FDF26-LeaderElection10] INFO  impl.RaftServerImpl (ServerState.java:setLeader(255)) - f465c0ec-0be9-4ae9-8f51-a8818d3fe0fc@group-DCB3B93FDF26: change Leader from null to f465c0ec-0be9-4ae9-8f51-a8818d3fe0fc at term 1 for becomeLeader, leader elected after 5086ms
2019-10-02 07:34:36,805 [f465c0ec-0be9-4ae9-8f51-a8818d3fe0fc@group-DCB3B93FDF26-LeaderElection10] INFO  server.RaftServerConfigKeys (ConfUtils.java:logGet(43)) - raft.server.staging.catchup.gap = 1000 (default)
2019-10-02 07:34:36,805 [f465c0ec-0be9-4ae9-8f51-a8818d3fe0fc@group-DCB3B93FDF26-LeaderElection10] INFO  server.RaftServerConfigKeys (ConfUtils.java:logGet(43)) - raft.server.rpc.sleep.time = 25ms (default)
2019-10-02 07:34:36,805 [f465c0ec-0be9-4ae9-8f51-a8818d3fe0fc@group-DCB3B93FDF26-LeaderElection10] INFO  server.RaftServerConfigKeys (ConfUtils.java:logGet(43)) - raft.server.write.element-limit = 4096 (default)
2019-10-02 07:34:36,805 [f465c0ec-0be9-4ae9-8f51-a8818d3fe0fc@group-DCB3B93FDF26-LeaderElection10] INFO  server.RaftServerConfigKeys (ConfUtils.java:logGet(43)) - raft.server.watch.timeout = 10s (default)
2019-10-02 07:34:36,805 [804fc30f-f23d-4bcd-9bd5-debbbb81330f@group-8DFF1A90DE46-LeaderElection8] INFO  impl.RoleInfo (RoleInfo.java:updateAndGet(143)) - 804fc30f-f23d-4bcd-9bd5-debbbb81330f: start LeaderState
2019-10-02 07:34:36,805 [f465c0ec-0be9-4ae9-8f51-a8818d3fe0fc@group-DCB3B93FDF26-LeaderElection10] INFO  server.RaftServerConfigKeys (ConfUtils.java:logGet(43)) - raft.server.watch.timeout.denomination = 1s (default)
2019-10-02 07:34:36,807 [804fc30f-f23d-4bcd-9bd5-debbbb81330f@group-8DFF1A90DE46-LeaderElection8] INFO  segmented.SegmentedRaftLogWorker (SegmentedRaftLogWorker.java:startLogSegment(385)) - 804fc30f-f23d-4bcd-9bd5-debbbb81330f@group-8DFF1A90DE46-SegmentedRaftLogWorker: Starting segment from index:0
2019-10-02 07:34:36,807 [f465c0ec-0be9-4ae9-8f51-a8818d3fe0fc@group-DCB3B93FDF26-LeaderElection10] INFO  server.RaftServerConfigKeys (ConfUtils.java:logGet(43)) - raft.server.watch.element-limit = 65536 (default)
2019-10-02 07:34:36,808 [804fc30f-f23d-4bcd-9bd5-debbbb81330f@group-8DFF1A90DE46-LeaderElection8] INFO  impl.RaftServerImpl (ServerState.java:setRaftConf(356)) - 804fc30f-f23d-4bcd-9bd5-debbbb81330f@group-8DFF1A90DE46: set configuration 0: [e774d0d1-00b7-40b4-85b3-8faca11cae95:192.168.5.178:33677, ceafac3c-b94e-436b-b57a-960890b1af34:192.168.5.178:45023, 804fc30f-f23d-4bcd-9bd5-debbbb81330f:192.168.5.178:45868], old=null at 0
2019-10-02 07:34:36,846 [f465c0ec-0be9-4ae9-8f51-a8818d3fe0fc@group-DCB3B93FDF26-LeaderElection10] INFO  server.RaftServerConfigKeys (ConfUtils.java:logGet(43)) - raft.server.log.appender.snapshot.chunk.size.max = 16MB (=16777216) (default)
2019-10-02 07:34:36,846 [f465c0ec-0be9-4ae9-8f51-a8818d3fe0fc@group-DCB3B93FDF26-LeaderElection10] INFO  server.RaftServerConfigKeys (ConfUtils.java:logGet(43)) - raft.server.log.appender.buffer.byte-limit = 33554432 (custom)
2019-10-02 07:34:36,846 [f465c0ec-0be9-4ae9-8f51-a8818d3fe0fc@group-DCB3B93FDF26-LeaderElection10] INFO  server.RaftServerConfigKeys (ConfUtils.java:logGet(43)) - raft.server.log.appender.buffer.element-limit = 1 (custom)
2019-10-02 07:34:36,846 [f465c0ec-0be9-4ae9-8f51-a8818d3fe0fc@group-DCB3B93FDF26-LeaderElection10] INFO  grpc.GrpcConfigKeys$Server (ConfUtils.java:logGet(43)) - raft.grpc.server.leader.outstanding.appends.max = 128 (default)
2019-10-02 07:34:36,849 [f465c0ec-0be9-4ae9-8f51-a8818d3fe0fc@group-DCB3B93FDF26-LeaderElection10] INFO  server.RaftServerConfigKeys (ConfUtils.java:logGet(43)) - raft.server.rpc.request.timeout = 3000ms (default)
2019-10-02 07:34:36,849 [f465c0ec-0be9-4ae9-8f51-a8818d3fe0fc@group-DCB3B93FDF26-LeaderElection10] INFO  server.RaftServerConfigKeys (ConfUtils.java:logGet(43)) - raft.server.log.appender.install.snapshot.enabled = false (custom)
2019-10-02 07:34:36,854 [804fc30f-f23d-4bcd-9bd5-debbbb81330f@group-8DFF1A90DE46-SegmentedRaftLogWorker] INFO  segmented.SegmentedRaftLogWorker (SegmentedRaftLogWorker.java:execute(574)) - 804fc30f-f23d-4bcd-9bd5-debbbb81330f@group-8DFF1A90DE46-SegmentedRaftLogWorker: created new log segment /workdir/hadoop-ozone/integration-test/target/test-dir/MiniOzoneClusterImpl-2816ce32-9f3d-4212-87e4-3e92bc85cde0/datanode-0/data/ratis/2b318143-f147-404d-81d6-8dff1a90de46/current/log_inprogress_0
2019-10-02 07:34:36,854 [f465c0ec-0be9-4ae9-8f51-a8818d3fe0fc@group-DCB3B93FDF26-LeaderElection10] INFO  server.RaftServerConfigKeys (ConfUtils.java:logGet(43)) - raft.server.log.appender.snapshot.chunk.size.max = 16MB (=16777216) (default)
2019-10-02 07:34:36,854 [f465c0ec-0be9-4ae9-8f51-a8818d3fe0fc@group-DCB3B93FDF26-LeaderElection10] INFO  server.RaftServerConfigKeys (ConfUtils.java:logGet(43)) - raft.server.log.appender.buffer.byte-limit = 33554432 (custom)
2019-10-02 07:34:36,854 [f465c0ec-0be9-4ae9-8f51-a8818d3fe0fc@group-DCB3B93FDF26-LeaderElection10] INFO  server.RaftServerConfigKeys (ConfUtils.java:logGet(43)) - raft.server.log.appender.buffer.element-limit = 1 (custom)
2019-10-02 07:34:36,854 [f465c0ec-0be9-4ae9-8f51-a8818d3fe0fc@group-DCB3B93FDF26-LeaderElection10] INFO  grpc.GrpcConfigKeys$Server (ConfUtils.java:logGet(43)) - raft.grpc.server.leader.outstanding.appends.max = 128 (default)
2019-10-02 07:34:36,855 [f465c0ec-0be9-4ae9-8f51-a8818d3fe0fc@group-DCB3B93FDF26-LeaderElection10] INFO  server.RaftServerConfigKeys (ConfUtils.java:logGet(43)) - raft.server.rpc.request.timeout = 3000ms (default)
2019-10-02 07:34:36,855 [f465c0ec-0be9-4ae9-8f51-a8818d3fe0fc@group-DCB3B93FDF26-LeaderElection10] INFO  server.RaftServerConfigKeys (ConfUtils.java:logGet(43)) - raft.server.log.appender.install.snapshot.enabled = false (custom)
2019-10-02 07:34:36,855 [f465c0ec-0be9-4ae9-8f51-a8818d3fe0fc@group-DCB3B93FDF26-LeaderElection10] INFO  impl.RoleInfo (RoleInfo.java:updateAndGet(143)) - f465c0ec-0be9-4ae9-8f51-a8818d3fe0fc: start LeaderState
2019-10-02 07:34:36,855 [f465c0ec-0be9-4ae9-8f51-a8818d3fe0fc@group-DCB3B93FDF26-LeaderElection10] INFO  segmented.SegmentedRaftLogWorker (SegmentedRaftLogWorker.java:startLogSegment(385)) - f465c0ec-0be9-4ae9-8f51-a8818d3fe0fc@group-DCB3B93FDF26-SegmentedRaftLogWorker: Starting segment from index:0
2019-10-02 07:34:36,856 [f465c0ec-0be9-4ae9-8f51-a8818d3fe0fc@group-DCB3B93FDF26-LeaderElection10] INFO  impl.RaftServerImpl (ServerState.java:setRaftConf(356)) - f465c0ec-0be9-4ae9-8f51-a8818d3fe0fc@group-DCB3B93FDF26: set configuration 0: [cb6d8aa3-5895-49c1-85c3-41fbb4c04945:192.168.5.178:44476, 1b828d8a-bca8-4046-ad6d-863244307b25:192.168.5.178:42961, f465c0ec-0be9-4ae9-8f51-a8818d3fe0fc:192.168.5.178:34436], old=null at 0
2019-10-02 07:34:36,898 [f465c0ec-0be9-4ae9-8f51-a8818d3fe0fc@group-DCB3B93FDF26-SegmentedRaftLogWorker] INFO  segmented.SegmentedRaftLogWorker (SegmentedRaftLogWorker.java:execute(574)) - f465c0ec-0be9-4ae9-8f51-a8818d3fe0fc@group-DCB3B93FDF26-SegmentedRaftLogWorker: created new log segment /workdir/hadoop-ozone/integration-test/target/test-dir/MiniOzoneClusterImpl-2816ce32-9f3d-4212-87e4-3e92bc85cde0/datanode-2/data/ratis/3c200238-61c6-4e50-a926-dcb3b93fdf26/current/log_inprogress_0
2019-10-02 07:34:36,909 [grpc-default-executor-0] INFO  impl.RaftServerImpl (ServerState.java:setLeader(255)) - ceafac3c-b94e-436b-b57a-960890b1af34@group-8DFF1A90DE46: change Leader from null to 804fc30f-f23d-4bcd-9bd5-debbbb81330f at term 1 for appendEntries, leader elected after 5342ms
2019-10-02 07:34:36,909 [grpc-default-executor-2] INFO  impl.RaftServerImpl (ServerState.java:setLeader(255)) - 1b828d8a-bca8-4046-ad6d-863244307b25@group-DCB3B93FDF26: change Leader from null to f465c0ec-0be9-4ae9-8f51-a8818d3fe0fc at term 1 for appendEntries, leader elected after 5192ms
2019-10-02 07:34:36,909 [grpc-default-executor-3] INFO  impl.RaftServerImpl (ServerState.java:setLeader(255)) - e774d0d1-00b7-40b4-85b3-8faca11cae95@group-8DFF1A90DE46: change Leader from null to 804fc30f-f23d-4bcd-9bd5-debbbb81330f at term 1 for appendEntries, leader elected after 5343ms
2019-10-02 07:34:36,909 [grpc-default-executor-1] INFO  impl.RaftServerImpl (ServerState.java:setLeader(255)) - cb6d8aa3-5895-49c1-85c3-41fbb4c04945@group-DCB3B93FDF26: change Leader from null to f465c0ec-0be9-4ae9-8f51-a8818d3fe0fc at term 1 for appendEntries, leader elected after 5191ms
2019-10-02 07:34:36,949 [grpc-default-executor-0] INFO  impl.RaftServerImpl (ServerState.java:setRaftConf(356)) - e774d0d1-00b7-40b4-85b3-8faca11cae95@group-8DFF1A90DE46: set configuration 0: [e774d0d1-00b7-40b4-85b3-8faca11cae95:192.168.5.178:33677, ceafac3c-b94e-436b-b57a-960890b1af34:192.168.5.178:45023, 804fc30f-f23d-4bcd-9bd5-debbbb81330f:192.168.5.178:45868], old=null at 0
2019-10-02 07:34:36,949 [grpc-default-executor-2] INFO  impl.RaftServerImpl (ServerState.java:setRaftConf(356)) - ceafac3c-b94e-436b-b57a-960890b1af34@group-8DFF1A90DE46: set configuration 0: [e774d0d1-00b7-40b4-85b3-8faca11cae95:192.168.5.178:33677, ceafac3c-b94e-436b-b57a-960890b1af34:192.168.5.178:45023, 804fc30f-f23d-4bcd-9bd5-debbbb81330f:192.168.5.178:45868], old=null at 0
2019-10-02 07:34:36,949 [grpc-default-executor-1] INFO  impl.RaftServerImpl (ServerState.java:setRaftConf(356)) - cb6d8aa3-5895-49c1-85c3-41fbb4c04945@group-DCB3B93FDF26: set configuration 0: [cb6d8aa3-5895-49c1-85c3-41fbb4c04945:192.168.5.178:44476, 1b828d8a-bca8-4046-ad6d-863244307b25:192.168.5.178:42961, f465c0ec-0be9-4ae9-8f51-a8818d3fe0fc:192.168.5.178:34436], old=null at 0
2019-10-02 07:34:36,949 [grpc-default-executor-3] INFO  impl.RaftServerImpl (ServerState.java:setRaftConf(356)) - 1b828d8a-bca8-4046-ad6d-863244307b25@group-DCB3B93FDF26: set configuration 0: [cb6d8aa3-5895-49c1-85c3-41fbb4c04945:192.168.5.178:44476, 1b828d8a-bca8-4046-ad6d-863244307b25:192.168.5.178:42961, f465c0ec-0be9-4ae9-8f51-a8818d3fe0fc:192.168.5.178:34436], old=null at 0
2019-10-02 07:34:36,950 [grpc-default-executor-1] INFO  segmented.SegmentedRaftLogWorker (SegmentedRaftLogWorker.java:startLogSegment(385)) - cb6d8aa3-5895-49c1-85c3-41fbb4c04945@group-DCB3B93FDF26-SegmentedRaftLogWorker: Starting segment from index:0
2019-10-02 07:34:36,949 [grpc-default-executor-2] INFO  segmented.SegmentedRaftLogWorker (SegmentedRaftLogWorker.java:startLogSegment(385)) - ceafac3c-b94e-436b-b57a-960890b1af34@group-8DFF1A90DE46-SegmentedRaftLogWorker: Starting segment from index:0
2019-10-02 07:34:36,949 [grpc-default-executor-0] INFO  segmented.SegmentedRaftLogWorker (SegmentedRaftLogWorker.java:startLogSegment(385)) - e774d0d1-00b7-40b4-85b3-8faca11cae95@group-8DFF1A90DE46-SegmentedRaftLogWorker: Starting segment from index:0
2019-10-02 07:34:36,950 [grpc-default-executor-3] INFO  segmented.SegmentedRaftLogWorker (SegmentedRaftLogWorker.java:startLogSegment(385)) - 1b828d8a-bca8-4046-ad6d-863244307b25@group-DCB3B93FDF26-SegmentedRaftLogWorker: Starting segment from index:0
2019-10-02 07:34:36,996 [ceafac3c-b94e-436b-b57a-960890b1af34@group-8DFF1A90DE46-SegmentedRaftLogWorker] INFO  segmented.SegmentedRaftLogWorker (SegmentedRaftLogWorker.java:execute(574)) - ceafac3c-b94e-436b-b57a-960890b1af34@group-8DFF1A90DE46-SegmentedRaftLogWorker: created new log segment /workdir/hadoop-ozone/integration-test/target/test-dir/MiniOzoneClusterImpl-2816ce32-9f3d-4212-87e4-3e92bc85cde0/datanode-4/data/ratis/2b318143-f147-404d-81d6-8dff1a90de46/current/log_inprogress_0
2019-10-02 07:34:36,996 [e774d0d1-00b7-40b4-85b3-8faca11cae95@group-8DFF1A90DE46-SegmentedRaftLogWorker] INFO  segmented.SegmentedRaftLogWorker (SegmentedRaftLogWorker.java:execute(574)) - e774d0d1-00b7-40b4-85b3-8faca11cae95@group-8DFF1A90DE46-SegmentedRaftLogWorker: created new log segment /workdir/hadoop-ozone/integration-test/target/test-dir/MiniOzoneClusterImpl-2816ce32-9f3d-4212-87e4-3e92bc85cde0/datanode-6/data/ratis/2b318143-f147-404d-81d6-8dff1a90de46/current/log_inprogress_0
2019-10-02 07:34:36,996 [cb6d8aa3-5895-49c1-85c3-41fbb4c04945@group-DCB3B93FDF26-SegmentedRaftLogWorker] INFO  segmented.SegmentedRaftLogWorker (SegmentedRaftLogWorker.java:execute(574)) - cb6d8aa3-5895-49c1-85c3-41fbb4c04945@group-DCB3B93FDF26-SegmentedRaftLogWorker: created new log segment /workdir/hadoop-ozone/integration-test/target/test-dir/MiniOzoneClusterImpl-2816ce32-9f3d-4212-87e4-3e92bc85cde0/datanode-3/data/ratis/3c200238-61c6-4e50-a926-dcb3b93fdf26/current/log_inprogress_0
2019-10-02 07:34:36,996 [1b828d8a-bca8-4046-ad6d-863244307b25@group-DCB3B93FDF26-SegmentedRaftLogWorker] INFO  segmented.SegmentedRaftLogWorker (SegmentedRaftLogWorker.java:execute(574)) - 1b828d8a-bca8-4046-ad6d-863244307b25@group-DCB3B93FDF26-SegmentedRaftLogWorker: created new log segment /workdir/hadoop-ozone/integration-test/target/test-dir/MiniOzoneClusterImpl-2816ce32-9f3d-4212-87e4-3e92bc85cde0/datanode-1/data/ratis/3c200238-61c6-4e50-a926-dcb3b93fdf26/current/log_inprogress_0
2019-10-02 07:34:37,336 [pool-26-thread-1] ERROR impl.ChunkManagerImpl (ChunkUtils.java:writeData(89)) - data array does not match the length specified. DataLen: 100 Byte Array: 246
2019-10-02 07:34:37,337 [pool-26-thread-1] INFO  keyvalue.KeyValueHandler (ContainerUtils.java:logAndReturnError(146)) - Operation: WriteChunk : Trace ID: 8c45acb0cb115768:8c45acb0cb115768:0:0 : Message: data array does not match the length specified. DataLen: 100 Byte Array: 246 : Result: INVALID_WRITE_SIZE
2019-10-02 07:34:37,351 [EventQueue-IncrementalContainerReportForIncrementalContainerReportHandler] WARN  container.IncrementalContainerReportHandler (AbstractContainerReportHandler.java:updateContainerState(143)) - Container #1 is in OPEN state, but the datanode 804fc30f-f23d-4bcd-9bd5-debbbb81330f{ip: 192.168.5.178, host: pr-trunk-8bg6x-723665176, networkLocation: /default-rack, certSerialId: null} reports an UNHEALTHY replica.
07:34:37.359 [pool-26-thread-1] ERROR DNAudit - user=null | ip=null | op=WRITE_CHUNK {blockData=conID: 1 locID: 102891629622198272 bcsId: 0} | ret=FAILURE
java.lang.Exception: data array does not match the length specified. DataLen: 100 Byte Array: 246
	at org.apache.hadoop.ozone.container.common.impl.HddsDispatcher.dispatchRequest(HddsDispatcher.java:330) ~[hadoop-hdds-container-service-0.5.0-SNAPSHOT.jar:?]
	at org.apache.hadoop.ozone.container.common.impl.HddsDispatcher.dispatch(HddsDispatcher.java:150) ~[hadoop-hdds-container-service-0.5.0-SNAPSHOT.jar:?]
	at org.apache.hadoop.ozone.container.common.transport.server.ratis.ContainerStateMachine.dispatchCommand(ContainerStateMachine.java:407) ~[hadoop-hdds-container-service-0.5.0-SNAPSHOT.jar:?]
	at org.apache.hadoop.ozone.container.common.transport.server.ratis.ContainerStateMachine.runCommand(ContainerStateMachine.java:415) ~[hadoop-hdds-container-service-0.5.0-SNAPSHOT.jar:?]
	at org.apache.hadoop.ozone.container.common.transport.server.ratis.ContainerStateMachine.lambda$handleWriteChunk$1(ContainerStateMachine.java:450) ~[hadoop-hdds-container-service-0.5.0-SNAPSHOT.jar:?]
	at java.util.concurrent.CompletableFuture$AsyncSupply.run(CompletableFuture.java:1590) [?:1.8.0_212]
	at java.util.concurrent.ThreadPoolExecutor.runWorker(ThreadPoolExecutor.java:1149) [?:1.8.0_212]
	at java.util.concurrent.ThreadPoolExecutor$Worker.run(ThreadPoolExecutor.java:624) [?:1.8.0_212]
	at java.lang.Thread.run(Thread.java:748) [?:1.8.0_212]
2019-10-02 07:34:37,380 [pool-26-thread-1] ERROR ratis.ContainerStateMachine (ContainerStateMachine.java:lambda$handleWriteChunk$2(470)) - group-8DFF1A90DE46: writeChunk writeStateMachineData failed: blockIdcontainerID: 1
localID: 102891629622198272
blockCommitSequenceId: 0
 logIndex 1 chunkName 102891629622198272_chunk_1 Error message: data array does not match the length specified. DataLen: 100 Byte Array: 246 Container Result: INVALID_WRITE_SIZE
2019-10-02 07:34:37,402 [804fc30f-f23d-4bcd-9bd5-debbbb81330f@group-8DFF1A90DE46-SegmentedRaftLogWorker] ERROR ratis.XceiverServerRatis (XceiverServerRatis.java:triggerPipelineClose(581)) - pipeline Action CLOSE  on pipeline PipelineID=2b318143-f147-404d-81d6-8dff1a90de46.Reason : data array does not match the length specified. DataLen: 100 Byte Array: 246
2019-10-02 07:34:37,407 [804fc30f-f23d-4bcd-9bd5-debbbb81330f@group-8DFF1A90DE46-SegmentedRaftLogWorker] ERROR ratis.XceiverServerRatis (XceiverServerRatis.java:triggerPipelineClose(581)) - pipeline Action CLOSE  on pipeline PipelineID=2b318143-f147-404d-81d6-8dff1a90de46.Reason : Log already failed at index 1 for task WriteLog:1: (t:1, i:1), STATEMACHINELOGENTRY, client-CEFDE22C350D, cid=13
2019-10-02 07:34:37,407 [EventQueue-PipelineActionsForPipelineActionHandler] ERROR pipeline.PipelineActionHandler (PipelineActionHandler.java:onMessage(60)) - Received pipeline action CLOSE for Pipeline[ Id: 2b318143-f147-404d-81d6-8dff1a90de46, Nodes: 804fc30f-f23d-4bcd-9bd5-debbbb81330f{ip: 192.168.5.178, host: pr-trunk-8bg6x-723665176, networkLocation: /default-rack, certSerialId: null}e774d0d1-00b7-40b4-85b3-8faca11cae95{ip: 192.168.5.178, host: pr-trunk-8bg6x-723665176, networkLocation: /default-rack, certSerialId: null}ceafac3c-b94e-436b-b57a-960890b1af34{ip: 192.168.5.178, host: pr-trunk-8bg6x-723665176, networkLocation: /default-rack, certSerialId: null}, Type:RATIS, Factor:THREE, State:OPEN] from datanode 804fc30f-f23d-4bcd-9bd5-debbbb81330f{ip: 192.168.5.178, host: pr-trunk-8bg6x-723665176, networkLocation: /default-rack, certSerialId: null}. Reason : data array does not match the length specified. DataLen: 100 Byte Array: 246
2019-10-02 07:34:37,410 [EventQueue-CloseContainerForCloseContainerEventHandler] INFO  container.CloseContainerEventHandler (CloseContainerEventHandler.java:onMessage(61)) - Close container Event triggered for container : #1
2019-10-02 07:34:37,410 [EventQueue-PipelineActionsForPipelineActionHandler] INFO  pipeline.SCMPipelineManager (SCMPipelineManager.java:finalizeAndDestroyPipeline(315)) - destroying pipeline:Pipeline[ Id: 2b318143-f147-404d-81d6-8dff1a90de46, Nodes: 804fc30f-f23d-4bcd-9bd5-debbbb81330f{ip: 192.168.5.178, host: pr-trunk-8bg6x-723665176, networkLocation: /default-rack, certSerialId: null}e774d0d1-00b7-40b4-85b3-8faca11cae95{ip: 192.168.5.178, host: pr-trunk-8bg6x-723665176, networkLocation: /default-rack, certSerialId: null}ceafac3c-b94e-436b-b57a-960890b1af34{ip: 192.168.5.178, host: pr-trunk-8bg6x-723665176, networkLocation: /default-rack, certSerialId: null}, Type:RATIS, Factor:THREE, State:OPEN]
2019-10-02 07:34:37,413 [EventQueue-PipelineActionsForPipelineActionHandler] INFO  pipeline.PipelineStateManager (PipelineStateManager.java:finalizePipeline(123)) - Pipeline Pipeline[ Id: 2b318143-f147-404d-81d6-8dff1a90de46, Nodes: 804fc30f-f23d-4bcd-9bd5-debbbb81330f{ip: 192.168.5.178, host: pr-trunk-8bg6x-723665176, networkLocation: /default-rack, certSerialId: null}e774d0d1-00b7-40b4-85b3-8faca11cae95{ip: 192.168.5.178, host: pr-trunk-8bg6x-723665176, networkLocation: /default-rack, certSerialId: null}ceafac3c-b94e-436b-b57a-960890b1af34{ip: 192.168.5.178, host: pr-trunk-8bg6x-723665176, networkLocation: /default-rack, certSerialId: null}, Type:RATIS, Factor:THREE, State:CLOSED] moved to CLOSED state
2019-10-02 07:34:37,415 [EventQueue-PipelineActionsForPipelineActionHandler] ERROR pipeline.PipelineActionHandler (PipelineActionHandler.java:onMessage(60)) - Received pipeline action CLOSE for Pipeline[ Id: 2b318143-f147-404d-81d6-8dff1a90de46, Nodes: 804fc30f-f23d-4bcd-9bd5-debbbb81330f{ip: 192.168.5.178, host: pr-trunk-8bg6x-723665176, networkLocation: /default-rack, certSerialId: null}e774d0d1-00b7-40b4-85b3-8faca11cae95{ip: 192.168.5.178, host: pr-trunk-8bg6x-723665176, networkLocation: /default-rack, certSerialId: null}ceafac3c-b94e-436b-b57a-960890b1af34{ip: 192.168.5.178, host: pr-trunk-8bg6x-723665176, networkLocation: /default-rack, certSerialId: null}, Type:RATIS, Factor:THREE, State:CLOSED] from datanode 804fc30f-f23d-4bcd-9bd5-debbbb81330f{ip: 192.168.5.178, host: pr-trunk-8bg6x-723665176, networkLocation: /default-rack, certSerialId: null}. Reason : Log already failed at index 1 for task WriteLog:1: (t:1, i:1), STATEMACHINELOGENTRY, client-CEFDE22C350D, cid=13
2019-10-02 07:34:37,415 [EventQueue-PipelineActionsForPipelineActionHandler] INFO  pipeline.SCMPipelineManager (SCMPipelineManager.java:finalizeAndDestroyPipeline(315)) - destroying pipeline:Pipeline[ Id: 2b318143-f147-404d-81d6-8dff1a90de46, Nodes: 804fc30f-f23d-4bcd-9bd5-debbbb81330f{ip: 192.168.5.178, host: pr-trunk-8bg6x-723665176, networkLocation: /default-rack, certSerialId: null}e774d0d1-00b7-40b4-85b3-8faca11cae95{ip: 192.168.5.178, host: pr-trunk-8bg6x-723665176, networkLocation: /default-rack, certSerialId: null}ceafac3c-b94e-436b-b57a-960890b1af34{ip: 192.168.5.178, host: pr-trunk-8bg6x-723665176, networkLocation: /default-rack, certSerialId: null}, Type:RATIS, Factor:THREE, State:CLOSED]
2019-10-02 07:34:37,417 [EventQueue-CloseContainerForCloseContainerEventHandler] INFO  container.CloseContainerEventHandler (CloseContainerEventHandler.java:onMessage(61)) - Close container Event triggered for container : #1
2019-10-02 07:34:40,199 [java.util.concurrent.ThreadPoolExecutor$Worker@635824eb[State = -1, empty queue]] ERROR client.GrpcClientProtocolClient (GrpcClientProtocolClient.java:close(148)) - Unexpected exception while waiting for channel termination
java.lang.InterruptedException
	at java.util.concurrent.locks.AbstractQueuedSynchronizer.tryAcquireSharedNanos(AbstractQueuedSynchronizer.java:1326)
	at java.util.concurrent.CountDownLatch.await(CountDownLatch.java:277)
	at org.apache.ratis.thirdparty.io.grpc.internal.ManagedChannelImpl.awaitTermination(ManagedChannelImpl.java:763)
	at org.apache.ratis.thirdparty.io.grpc.internal.ForwardingManagedChannel.awaitTermination(ForwardingManagedChannel.java:57)
	at org.apache.ratis.thirdparty.io.grpc.internal.ManagedChannelOrphanWrapper.awaitTermination(ManagedChannelOrphanWrapper.java:70)
	at org.apache.ratis.grpc.client.GrpcClientProtocolClient.close(GrpcClientProtocolClient.java:146)
	at org.apache.ratis.util.PeerProxyMap$PeerAndProxy.lambda$close$1(PeerProxyMap.java:74)
	at org.apache.ratis.util.LifeCycle.lambda$checkStateAndClose$2(LifeCycle.java:231)
	at org.apache.ratis.util.LifeCycle.checkStateAndClose(LifeCycle.java:251)
	at org.apache.ratis.util.LifeCycle.checkStateAndClose(LifeCycle.java:229)
	at org.apache.ratis.util.PeerProxyMap$PeerAndProxy.close(PeerProxyMap.java:70)
	at org.apache.ratis.util.PeerProxyMap.resetProxy(PeerProxyMap.java:127)
	at org.apache.ratis.util.PeerProxyMap.handleException(PeerProxyMap.java:136)
	at org.apache.ratis.client.impl.RaftClientRpcWithProxy.handleException(RaftClientRpcWithProxy.java:47)
	at org.apache.ratis.client.impl.RaftClientImpl.handleIOException(RaftClientImpl.java:372)
	at org.apache.ratis.client.impl.OrderedAsync.lambda$sendRequest$10(OrderedAsync.java:236)
	at java.util.concurrent.CompletableFuture.uniExceptionally(CompletableFuture.java:870)
	at java.util.concurrent.CompletableFuture$UniExceptionally.tryFire(CompletableFuture.java:852)
	at java.util.concurrent.CompletableFuture.postComplete(CompletableFuture.java:474)
	at java.util.concurrent.CompletableFuture.completeExceptionally(CompletableFuture.java:1977)
	at org.apache.ratis.grpc.client.GrpcClientProtocolClient$AsyncStreamObservers.lambda$timeoutCheck$3(GrpcClientProtocolClient.java:324)
	at java.util.Optional.ifPresent(Optional.java:159)
	at org.apache.ratis.grpc.client.GrpcClientProtocolClient$AsyncStreamObservers.handleReplyFuture(GrpcClientProtocolClient.java:329)
	at org.apache.ratis.grpc.client.GrpcClientProtocolClient$AsyncStreamObservers.timeoutCheck(GrpcClientProtocolClient.java:324)
	at org.apache.ratis.grpc.client.GrpcClientProtocolClient$AsyncStreamObservers.lambda$onNext$1(GrpcClientProtocolClient.java:318)
	at org.apache.ratis.util.TimeoutScheduler.lambda$onTimeout$0(TimeoutScheduler.java:113)
	at org.apache.ratis.util.TimeoutScheduler.lambda$onTimeout$1(TimeoutScheduler.java:133)
	at org.apache.ratis.util.LogUtils.runAndLog(LogUtils.java:50)
	at org.apache.ratis.util.LogUtils$1.run(LogUtils.java:91)
	at java.util.concurrent.Executors$RunnableAdapter.call(Executors.java:511)
	at java.util.concurrent.FutureTask.run(FutureTask.java:266)
	at java.util.concurrent.ScheduledThreadPoolExecutor$ScheduledFutureTask.access$201(ScheduledThreadPoolExecutor.java:180)
	at java.util.concurrent.ScheduledThreadPoolExecutor$ScheduledFutureTask.run(ScheduledThreadPoolExecutor.java:293)
	at java.util.concurrent.ThreadPoolExecutor.runWorker(ThreadPoolExecutor.java:1149)
	at java.util.concurrent.ThreadPoolExecutor$Worker.run(ThreadPoolExecutor.java:624)
	at java.lang.Thread.run(Thread.java:748)
2019-10-02 07:34:40,204 [java.util.concurrent.ThreadPoolExecutor$Worker@635824eb[State = -1, empty queue]] WARN  util.TimeoutScheduler (LogUtils.java:runAndLog(55)) - Failed to task #0: java.lang.NullPointerException
2019-10-02 07:34:44,245 [java.util.concurrent.ThreadPoolExecutor$Worker@588ab852[State = -1, empty queue]] ERROR client.GrpcClientProtocolClient (GrpcClientProtocolClient.java:close(148)) - Unexpected exception while waiting for channel termination
java.lang.InterruptedException
	at java.util.concurrent.locks.AbstractQueuedSynchronizer.tryAcquireSharedNanos(AbstractQueuedSynchronizer.java:1326)
	at java.util.concurrent.CountDownLatch.await(CountDownLatch.java:277)
	at org.apache.ratis.thirdparty.io.grpc.internal.ManagedChannelImpl.awaitTermination(ManagedChannelImpl.java:763)
	at org.apache.ratis.thirdparty.io.grpc.internal.ForwardingManagedChannel.awaitTermination(ForwardingManagedChannel.java:57)
	at org.apache.ratis.thirdparty.io.grpc.internal.ManagedChannelOrphanWrapper.awaitTermination(ManagedChannelOrphanWrapper.java:70)
	at org.apache.ratis.grpc.client.GrpcClientProtocolClient.close(GrpcClientProtocolClient.java:146)
	at org.apache.ratis.util.PeerProxyMap$PeerAndProxy.lambda$close$1(PeerProxyMap.java:74)
	at org.apache.ratis.util.LifeCycle.lambda$checkStateAndClose$2(LifeCycle.java:231)
	at org.apache.ratis.util.LifeCycle.checkStateAndClose(LifeCycle.java:251)
	at org.apache.ratis.util.LifeCycle.checkStateAndClose(LifeCycle.java:229)
	at org.apache.ratis.util.PeerProxyMap$PeerAndProxy.close(PeerProxyMap.java:70)
	at org.apache.ratis.util.PeerProxyMap.resetProxy(PeerProxyMap.java:127)
	at org.apache.ratis.util.PeerProxyMap.handleException(PeerProxyMap.java:136)
	at org.apache.ratis.client.impl.RaftClientRpcWithProxy.handleException(RaftClientRpcWithProxy.java:47)
	at org.apache.ratis.client.impl.RaftClientImpl.handleIOException(RaftClientImpl.java:372)
	at org.apache.ratis.client.impl.OrderedAsync.lambda$sendRequest$10(OrderedAsync.java:236)
	at java.util.concurrent.CompletableFuture.uniExceptionally(CompletableFuture.java:870)
	at java.util.concurrent.CompletableFuture$UniExceptionally.tryFire(CompletableFuture.java:852)
	at java.util.concurrent.CompletableFuture.postComplete(CompletableFuture.java:474)
	at java.util.concurrent.CompletableFuture.completeExceptionally(CompletableFuture.java:1977)
	at org.apache.ratis.grpc.client.GrpcClientProtocolClient$AsyncStreamObservers.lambda$timeoutCheck$3(GrpcClientProtocolClient.java:324)
	at java.util.Optional.ifPresent(Optional.java:159)
	at org.apache.ratis.grpc.client.GrpcClientProtocolClient$AsyncStreamObservers.handleReplyFuture(GrpcClientProtocolClient.java:329)
	at org.apache.ratis.grpc.client.GrpcClientProtocolClient$AsyncStreamObservers.timeoutCheck(GrpcClientProtocolClient.java:324)
	at org.apache.ratis.grpc.client.GrpcClientProtocolClient$AsyncStreamObservers.lambda$onNext$1(GrpcClientProtocolClient.java:318)
	at org.apache.ratis.util.TimeoutScheduler.lambda$onTimeout$0(TimeoutScheduler.java:113)
	at org.apache.ratis.util.TimeoutScheduler.lambda$onTimeout$1(TimeoutScheduler.java:133)
	at org.apache.ratis.util.LogUtils.runAndLog(LogUtils.java:50)
	at org.apache.ratis.util.LogUtils$1.run(LogUtils.java:91)
	at java.util.concurrent.Executors$RunnableAdapter.call(Executors.java:511)
	at java.util.concurrent.FutureTask.run(FutureTask.java:266)
	at java.util.concurrent.ScheduledThreadPoolExecutor$ScheduledFutureTask.access$201(ScheduledThreadPoolExecutor.java:180)
	at java.util.concurrent.ScheduledThreadPoolExecutor$ScheduledFutureTask.run(ScheduledThreadPoolExecutor.java:293)
	at java.util.concurrent.ThreadPoolExecutor.runWorker(ThreadPoolExecutor.java:1149)
	at java.util.concurrent.ThreadPoolExecutor$Worker.run(ThreadPoolExecutor.java:624)
	at java.lang.Thread.run(Thread.java:748)
2019-10-02 07:34:44,247 [java.util.concurrent.ThreadPoolExecutor$Worker@588ab852[State = -1, empty queue]] WARN  util.TimeoutScheduler (LogUtils.java:runAndLog(55)) - Failed to task #0: java.lang.NullPointerException
2019-10-02 07:34:48,293 [java.util.concurrent.ThreadPoolExecutor$Worker@7db61300[State = -1, empty queue]] ERROR client.GrpcClientProtocolClient (GrpcClientProtocolClient.java:close(148)) - Unexpected exception while waiting for channel termination
java.lang.InterruptedException
	at java.util.concurrent.locks.AbstractQueuedSynchronizer.tryAcquireSharedNanos(AbstractQueuedSynchronizer.java:1326)
	at java.util.concurrent.CountDownLatch.await(CountDownLatch.java:277)
	at org.apache.ratis.thirdparty.io.grpc.internal.ManagedChannelImpl.awaitTermination(ManagedChannelImpl.java:763)
	at org.apache.ratis.thirdparty.io.grpc.internal.ForwardingManagedChannel.awaitTermination(ForwardingManagedChannel.java:57)
	at org.apache.ratis.thirdparty.io.grpc.internal.ManagedChannelOrphanWrapper.awaitTermination(ManagedChannelOrphanWrapper.java:70)
	at org.apache.ratis.grpc.client.GrpcClientProtocolClient.close(GrpcClientProtocolClient.java:146)
	at org.apache.ratis.util.PeerProxyMap$PeerAndProxy.lambda$close$1(PeerProxyMap.java:74)
	at org.apache.ratis.util.LifeCycle.lambda$checkStateAndClose$2(LifeCycle.java:231)
	at org.apache.ratis.util.LifeCycle.checkStateAndClose(LifeCycle.java:251)
	at org.apache.ratis.util.LifeCycle.checkStateAndClose(LifeCycle.java:229)
	at org.apache.ratis.util.PeerProxyMap$PeerAndProxy.close(PeerProxyMap.java:70)
	at org.apache.ratis.util.PeerProxyMap.resetProxy(PeerProxyMap.java:127)
	at org.apache.ratis.util.PeerProxyMap.handleException(PeerProxyMap.java:136)
	at org.apache.ratis.client.impl.RaftClientRpcWithProxy.handleException(RaftClientRpcWithProxy.java:47)
	at org.apache.ratis.client.impl.RaftClientImpl.handleIOException(RaftClientImpl.java:372)
	at org.apache.ratis.client.impl.OrderedAsync.lambda$sendRequest$10(OrderedAsync.java:236)
	at java.util.concurrent.CompletableFuture.uniExceptionally(CompletableFuture.java:870)
	at java.util.concurrent.CompletableFuture$UniExceptionally.tryFire(CompletableFuture.java:852)
	at java.util.concurrent.CompletableFuture.postComplete(CompletableFuture.java:474)
	at java.util.concurrent.CompletableFuture.completeExceptionally(CompletableFuture.java:1977)
	at org.apache.ratis.grpc.client.GrpcClientProtocolClient$AsyncStreamObservers.lambda$timeoutCheck$3(GrpcClientProtocolClient.java:324)
	at java.util.Optional.ifPresent(Optional.java:159)
	at org.apache.ratis.grpc.client.GrpcClientProtocolClient$AsyncStreamObservers.handleReplyFuture(GrpcClientProtocolClient.java:329)
	at org.apache.ratis.grpc.client.GrpcClientProtocolClient$AsyncStreamObservers.timeoutCheck(GrpcClientProtocolClient.java:324)
	at org.apache.ratis.grpc.client.GrpcClientProtocolClient$AsyncStreamObservers.lambda$onNext$1(GrpcClientProtocolClient.java:318)
	at org.apache.ratis.util.TimeoutScheduler.lambda$onTimeout$0(TimeoutScheduler.java:113)
	at org.apache.ratis.util.TimeoutScheduler.lambda$onTimeout$1(TimeoutScheduler.java:133)
	at org.apache.ratis.util.LogUtils.runAndLog(LogUtils.java:50)
	at org.apache.ratis.util.LogUtils$1.run(LogUtils.java:91)
	at java.util.concurrent.Executors$RunnableAdapter.call(Executors.java:511)
	at java.util.concurrent.FutureTask.run(FutureTask.java:266)
	at java.util.concurrent.ScheduledThreadPoolExecutor$ScheduledFutureTask.access$201(ScheduledThreadPoolExecutor.java:180)
	at java.util.concurrent.ScheduledThreadPoolExecutor$ScheduledFutureTask.run(ScheduledThreadPoolExecutor.java:293)
	at java.util.concurrent.ThreadPoolExecutor.runWorker(ThreadPoolExecutor.java:1149)
	at java.util.concurrent.ThreadPoolExecutor$Worker.run(ThreadPoolExecutor.java:624)
	at java.lang.Thread.run(Thread.java:748)
2019-10-02 07:34:48,294 [java.util.concurrent.ThreadPoolExecutor$Worker@7db61300[State = -1, empty queue]] WARN  util.TimeoutScheduler (LogUtils.java:runAndLog(55)) - Failed to task #0: java.lang.NullPointerException
2019-10-02 07:34:52,345 [java.util.concurrent.ThreadPoolExecutor$Worker@5ff75aab[State = -1, empty queue]] ERROR client.GrpcClientProtocolClient (GrpcClientProtocolClient.java:close(148)) - Unexpected exception while waiting for channel termination
java.lang.InterruptedException
	at java.util.concurrent.locks.AbstractQueuedSynchronizer.tryAcquireSharedNanos(AbstractQueuedSynchronizer.java:1326)
	at java.util.concurrent.CountDownLatch.await(CountDownLatch.java:277)
	at org.apache.ratis.thirdparty.io.grpc.internal.ManagedChannelImpl.awaitTermination(ManagedChannelImpl.java:763)
	at org.apache.ratis.thirdparty.io.grpc.internal.ForwardingManagedChannel.awaitTermination(ForwardingManagedChannel.java:57)
	at org.apache.ratis.thirdparty.io.grpc.internal.ManagedChannelOrphanWrapper.awaitTermination(ManagedChannelOrphanWrapper.java:70)
	at org.apache.ratis.grpc.client.GrpcClientProtocolClient.close(GrpcClientProtocolClient.java:146)
	at org.apache.ratis.util.PeerProxyMap$PeerAndProxy.lambda$close$1(PeerProxyMap.java:74)
	at org.apache.ratis.util.LifeCycle.lambda$checkStateAndClose$2(LifeCycle.java:231)
	at org.apache.ratis.util.LifeCycle.checkStateAndClose(LifeCycle.java:251)
	at org.apache.ratis.util.LifeCycle.checkStateAndClose(LifeCycle.java:229)
	at org.apache.ratis.util.PeerProxyMap$PeerAndProxy.close(PeerProxyMap.java:70)
	at org.apache.ratis.util.PeerProxyMap.resetProxy(PeerProxyMap.java:127)
	at org.apache.ratis.util.PeerProxyMap.handleException(PeerProxyMap.java:136)
	at org.apache.ratis.client.impl.RaftClientRpcWithProxy.handleException(RaftClientRpcWithProxy.java:47)
	at org.apache.ratis.client.impl.RaftClientImpl.handleIOException(RaftClientImpl.java:372)
	at org.apache.ratis.client.impl.OrderedAsync.lambda$sendRequest$10(OrderedAsync.java:236)
	at java.util.concurrent.CompletableFuture.uniExceptionally(CompletableFuture.java:870)
	at java.util.concurrent.CompletableFuture$UniExceptionally.tryFire(CompletableFuture.java:852)
	at java.util.concurrent.CompletableFuture.postComplete(CompletableFuture.java:474)
	at java.util.concurrent.CompletableFuture.completeExceptionally(CompletableFuture.java:1977)
	at org.apache.ratis.grpc.client.GrpcClientProtocolClient$AsyncStreamObservers.lambda$timeoutCheck$3(GrpcClientProtocolClient.java:324)
	at java.util.Optional.ifPresent(Optional.java:159)
	at org.apache.ratis.grpc.client.GrpcClientProtocolClient$AsyncStreamObservers.handleReplyFuture(GrpcClientProtocolClient.java:329)
	at org.apache.ratis.grpc.client.GrpcClientProtocolClient$AsyncStreamObservers.timeoutCheck(GrpcClientProtocolClient.java:324)
	at org.apache.ratis.grpc.client.GrpcClientProtocolClient$AsyncStreamObservers.lambda$onNext$1(GrpcClientProtocolClient.java:318)
	at org.apache.ratis.util.TimeoutScheduler.lambda$onTimeout$0(TimeoutScheduler.java:113)
	at org.apache.ratis.util.TimeoutScheduler.lambda$onTimeout$1(TimeoutScheduler.java:133)
	at org.apache.ratis.util.LogUtils.runAndLog(LogUtils.java:50)
	at org.apache.ratis.util.LogUtils$1.run(LogUtils.java:91)
	at java.util.concurrent.Executors$RunnableAdapter.call(Executors.java:511)
	at java.util.concurrent.FutureTask.run(FutureTask.java:266)
	at java.util.concurrent.ScheduledThreadPoolExecutor$ScheduledFutureTask.access$201(ScheduledThreadPoolExecutor.java:180)
	at java.util.concurrent.ScheduledThreadPoolExecutor$ScheduledFutureTask.run(ScheduledThreadPoolExecutor.java:293)
	at java.util.concurrent.ThreadPoolExecutor.runWorker(ThreadPoolExecutor.java:1149)
	at java.util.concurrent.ThreadPoolExecutor$Worker.run(ThreadPoolExecutor.java:624)
	at java.lang.Thread.run(Thread.java:748)
2019-10-02 07:34:52,349 [java.util.concurrent.ThreadPoolExecutor$Worker@5ff75aab[State = -1, empty queue]] WARN  util.TimeoutScheduler (LogUtils.java:runAndLog(55)) - Failed to task #0: java.lang.NullPointerException
2019-10-02 07:34:56,401 [java.util.concurrent.ThreadPoolExecutor$Worker@7a40813a[State = -1, empty queue]] ERROR client.GrpcClientProtocolClient (GrpcClientProtocolClient.java:close(148)) - Unexpected exception while waiting for channel termination
java.lang.InterruptedException
	at java.util.concurrent.locks.AbstractQueuedSynchronizer.tryAcquireSharedNanos(AbstractQueuedSynchronizer.java:1326)
	at java.util.concurrent.CountDownLatch.await(CountDownLatch.java:277)
	at org.apache.ratis.thirdparty.io.grpc.internal.ManagedChannelImpl.awaitTermination(ManagedChannelImpl.java:763)
	at org.apache.ratis.thirdparty.io.grpc.internal.ForwardingManagedChannel.awaitTermination(ForwardingManagedChannel.java:57)
	at org.apache.ratis.thirdparty.io.grpc.internal.ManagedChannelOrphanWrapper.awaitTermination(ManagedChannelOrphanWrapper.java:70)
	at org.apache.ratis.grpc.client.GrpcClientProtocolClient.close(GrpcClientProtocolClient.java:146)
	at org.apache.ratis.util.PeerProxyMap$PeerAndProxy.lambda$close$1(PeerProxyMap.java:74)
	at org.apache.ratis.util.LifeCycle.lambda$checkStateAndClose$2(LifeCycle.java:231)
	at org.apache.ratis.util.LifeCycle.checkStateAndClose(LifeCycle.java:251)
	at org.apache.ratis.util.LifeCycle.checkStateAndClose(LifeCycle.java:229)
	at org.apache.ratis.util.PeerProxyMap$PeerAndProxy.close(PeerProxyMap.java:70)
	at org.apache.ratis.util.PeerProxyMap.resetProxy(PeerProxyMap.java:127)
	at org.apache.ratis.util.PeerProxyMap.handleException(PeerProxyMap.java:136)
	at org.apache.ratis.client.impl.RaftClientRpcWithProxy.handleException(RaftClientRpcWithProxy.java:47)
	at org.apache.ratis.client.impl.RaftClientImpl.handleIOException(RaftClientImpl.java:372)
	at org.apache.ratis.client.impl.OrderedAsync.lambda$sendRequest$10(OrderedAsync.java:236)
	at java.util.concurrent.CompletableFuture.uniExceptionally(CompletableFuture.java:870)
	at java.util.concurrent.CompletableFuture$UniExceptionally.tryFire(CompletableFuture.java:852)
	at java.util.concurrent.CompletableFuture.postComplete(CompletableFuture.java:474)
	at java.util.concurrent.CompletableFuture.completeExceptionally(CompletableFuture.java:1977)
	at org.apache.ratis.grpc.client.GrpcClientProtocolClient$AsyncStreamObservers.lambda$timeoutCheck$3(GrpcClientProtocolClient.java:324)
	at java.util.Optional.ifPresent(Optional.java:159)
	at org.apache.ratis.grpc.client.GrpcClientProtocolClient$AsyncStreamObservers.handleReplyFuture(GrpcClientProtocolClient.java:329)
	at org.apache.ratis.grpc.client.GrpcClientProtocolClient$AsyncStreamObservers.timeoutCheck(GrpcClientProtocolClient.java:324)
	at org.apache.ratis.grpc.client.GrpcClientProtocolClient$AsyncStreamObservers.lambda$onNext$1(GrpcClientProtocolClient.java:318)
	at org.apache.ratis.util.TimeoutScheduler.lambda$onTimeout$0(TimeoutScheduler.java:113)
	at org.apache.ratis.util.TimeoutScheduler.lambda$onTimeout$1(TimeoutScheduler.java:133)
	at org.apache.ratis.util.LogUtils.runAndLog(LogUtils.java:50)
	at org.apache.ratis.util.LogUtils$1.run(LogUtils.java:91)
	at java.util.concurrent.Executors$RunnableAdapter.call(Executors.java:511)
	at java.util.concurrent.FutureTask.run(FutureTask.java:266)
	at java.util.concurrent.ScheduledThreadPoolExecutor$ScheduledFutureTask.access$201(ScheduledThreadPoolExecutor.java:180)
	at java.util.concurrent.ScheduledThreadPoolExecutor$ScheduledFutureTask.run(ScheduledThreadPoolExecutor.java:293)
	at java.util.concurrent.ThreadPoolExecutor.runWorker(ThreadPoolExecutor.java:1149)
	at java.util.concurrent.ThreadPoolExecutor$Worker.run(ThreadPoolExecutor.java:624)
	at java.lang.Thread.run(Thread.java:748)
2019-10-02 07:34:56,404 [java.util.concurrent.ThreadPoolExecutor$Worker@7a40813a[State = -1, empty queue]] WARN  util.TimeoutScheduler (LogUtils.java:runAndLog(55)) - Failed to task #0: java.lang.NullPointerException
2019-10-02 07:35:00,454 [java.util.concurrent.ThreadPoolExecutor$Worker@6a868201[State = -1, empty queue]] ERROR client.GrpcClientProtocolClient (GrpcClientProtocolClient.java:close(148)) - Unexpected exception while waiting for channel termination
java.lang.InterruptedException
	at java.util.concurrent.locks.AbstractQueuedSynchronizer.tryAcquireSharedNanos(AbstractQueuedSynchronizer.java:1326)
	at java.util.concurrent.CountDownLatch.await(CountDownLatch.java:277)
	at org.apache.ratis.thirdparty.io.grpc.internal.ManagedChannelImpl.awaitTermination(ManagedChannelImpl.java:763)
	at org.apache.ratis.thirdparty.io.grpc.internal.ForwardingManagedChannel.awaitTermination(ForwardingManagedChannel.java:57)
	at org.apache.ratis.thirdparty.io.grpc.internal.ManagedChannelOrphanWrapper.awaitTermination(ManagedChannelOrphanWrapper.java:70)
	at org.apache.ratis.grpc.client.GrpcClientProtocolClient.close(GrpcClientProtocolClient.java:146)
	at org.apache.ratis.util.PeerProxyMap$PeerAndProxy.lambda$close$1(PeerProxyMap.java:74)
	at org.apache.ratis.util.LifeCycle.lambda$checkStateAndClose$2(LifeCycle.java:231)
	at org.apache.ratis.util.LifeCycle.checkStateAndClose(LifeCycle.java:251)
	at org.apache.ratis.util.LifeCycle.checkStateAndClose(LifeCycle.java:229)
	at org.apache.ratis.util.PeerProxyMap$PeerAndProxy.close(PeerProxyMap.java:70)
	at org.apache.ratis.util.PeerProxyMap.resetProxy(PeerProxyMap.java:127)
	at org.apache.ratis.util.PeerProxyMap.handleException(PeerProxyMap.java:136)
	at org.apache.ratis.client.impl.RaftClientRpcWithProxy.handleException(RaftClientRpcWithProxy.java:47)
	at org.apache.ratis.client.impl.RaftClientImpl.handleIOException(RaftClientImpl.java:372)
	at org.apache.ratis.client.impl.OrderedAsync.lambda$sendRequest$10(OrderedAsync.java:236)
	at java.util.concurrent.CompletableFuture.uniExceptionally(CompletableFuture.java:870)
	at java.util.concurrent.CompletableFuture$UniExceptionally.tryFire(CompletableFuture.java:852)
	at java.util.concurrent.CompletableFuture.postComplete(CompletableFuture.java:474)
	at java.util.concurrent.CompletableFuture.completeExceptionally(CompletableFuture.java:1977)
	at org.apache.ratis.grpc.client.GrpcClientProtocolClient$AsyncStreamObservers.lambda$timeoutCheck$3(GrpcClientProtocolClient.java:324)
	at java.util.Optional.ifPresent(Optional.java:159)
	at org.apache.ratis.grpc.client.GrpcClientProtocolClient$AsyncStreamObservers.handleReplyFuture(GrpcClientProtocolClient.java:329)
	at org.apache.ratis.grpc.client.GrpcClientProtocolClient$AsyncStreamObservers.timeoutCheck(GrpcClientProtocolClient.java:324)
	at org.apache.ratis.grpc.client.GrpcClientProtocolClient$AsyncStreamObservers.lambda$onNext$1(GrpcClientProtocolClient.java:318)
	at org.apache.ratis.util.TimeoutScheduler.lambda$onTimeout$0(TimeoutScheduler.java:113)
	at org.apache.ratis.util.TimeoutScheduler.lambda$onTimeout$1(TimeoutScheduler.java:133)
	at org.apache.ratis.util.LogUtils.runAndLog(LogUtils.java:50)
	at org.apache.ratis.util.LogUtils$1.run(LogUtils.java:91)
	at java.util.concurrent.Executors$RunnableAdapter.call(Executors.java:511)
	at java.util.concurrent.FutureTask.run(FutureTask.java:266)
	at java.util.concurrent.ScheduledThreadPoolExecutor$ScheduledFutureTask.access$201(ScheduledThreadPoolExecutor.java:180)
	at java.util.concurrent.ScheduledThreadPoolExecutor$ScheduledFutureTask.run(ScheduledThreadPoolExecutor.java:293)
	at java.util.concurrent.ThreadPoolExecutor.runWorker(ThreadPoolExecutor.java:1149)
	at java.util.concurrent.ThreadPoolExecutor$Worker.run(ThreadPoolExecutor.java:624)
	at java.lang.Thread.run(Thread.java:748)
2019-10-02 07:35:00,456 [java.util.concurrent.ThreadPoolExecutor$Worker@6a868201[State = -1, empty queue]] WARN  util.TimeoutScheduler (LogUtils.java:runAndLog(55)) - Failed to task #0: java.lang.NullPointerException
2019-10-02 07:35:04,508 [java.util.concurrent.ThreadPoolExecutor$Worker@5c72ef16[State = -1, empty queue]] ERROR client.GrpcClientProtocolClient (GrpcClientProtocolClient.java:close(148)) - Unexpected exception while waiting for channel termination
java.lang.InterruptedException
	at java.util.concurrent.locks.AbstractQueuedSynchronizer.tryAcquireSharedNanos(AbstractQueuedSynchronizer.java:1326)
	at java.util.concurrent.CountDownLatch.await(CountDownLatch.java:277)
	at org.apache.ratis.thirdparty.io.grpc.internal.ManagedChannelImpl.awaitTermination(ManagedChannelImpl.java:763)
	at org.apache.ratis.thirdparty.io.grpc.internal.ForwardingManagedChannel.awaitTermination(ForwardingManagedChannel.java:57)
	at org.apache.ratis.thirdparty.io.grpc.internal.ManagedChannelOrphanWrapper.awaitTermination(ManagedChannelOrphanWrapper.java:70)
	at org.apache.ratis.grpc.client.GrpcClientProtocolClient.close(GrpcClientProtocolClient.java:146)
	at org.apache.ratis.util.PeerProxyMap$PeerAndProxy.lambda$close$1(PeerProxyMap.java:74)
	at org.apache.ratis.util.LifeCycle.lambda$checkStateAndClose$2(LifeCycle.java:231)
	at org.apache.ratis.util.LifeCycle.checkStateAndClose(LifeCycle.java:251)
	at org.apache.ratis.util.LifeCycle.checkStateAndClose(LifeCycle.java:229)
	at org.apache.ratis.util.PeerProxyMap$PeerAndProxy.close(PeerProxyMap.java:70)
	at org.apache.ratis.util.PeerProxyMap.resetProxy(PeerProxyMap.java:127)
	at org.apache.ratis.util.PeerProxyMap.handleException(PeerProxyMap.java:136)
	at org.apache.ratis.client.impl.RaftClientRpcWithProxy.handleException(RaftClientRpcWithProxy.java:47)
	at org.apache.ratis.client.impl.RaftClientImpl.handleIOException(RaftClientImpl.java:372)
	at org.apache.ratis.client.impl.OrderedAsync.lambda$sendRequest$10(OrderedAsync.java:236)
	at java.util.concurrent.CompletableFuture.uniExceptionally(CompletableFuture.java:870)
	at java.util.concurrent.CompletableFuture$UniExceptionally.tryFire(CompletableFuture.java:852)
	at java.util.concurrent.CompletableFuture.postComplete(CompletableFuture.java:474)
	at java.util.concurrent.CompletableFuture.completeExceptionally(CompletableFuture.java:1977)
	at org.apache.ratis.grpc.client.GrpcClientProtocolClient$AsyncStreamObservers.lambda$timeoutCheck$3(GrpcClientProtocolClient.java:324)
	at java.util.Optional.ifPresent(Optional.java:159)
	at org.apache.ratis.grpc.client.GrpcClientProtocolClient$AsyncStreamObservers.handleReplyFuture(GrpcClientProtocolClient.java:329)
	at org.apache.ratis.grpc.client.GrpcClientProtocolClient$AsyncStreamObservers.timeoutCheck(GrpcClientProtocolClient.java:324)
	at org.apache.ratis.grpc.client.GrpcClientProtocolClient$AsyncStreamObservers.lambda$onNext$1(GrpcClientProtocolClient.java:318)
	at org.apache.ratis.util.TimeoutScheduler.lambda$onTimeout$0(TimeoutScheduler.java:113)
	at org.apache.ratis.util.TimeoutScheduler.lambda$onTimeout$1(TimeoutScheduler.java:133)
	at org.apache.ratis.util.LogUtils.runAndLog(LogUtils.java:50)
	at org.apache.ratis.util.LogUtils$1.run(LogUtils.java:91)
	at java.util.concurrent.Executors$RunnableAdapter.call(Executors.java:511)
	at java.util.concurrent.FutureTask.run(FutureTask.java:266)
	at java.util.concurrent.ScheduledThreadPoolExecutor$ScheduledFutureTask.access$201(ScheduledThreadPoolExecutor.java:180)
	at java.util.concurrent.ScheduledThreadPoolExecutor$ScheduledFutureTask.run(ScheduledThreadPoolExecutor.java:293)
	at java.util.concurrent.ThreadPoolExecutor.runWorker(ThreadPoolExecutor.java:1149)
	at java.util.concurrent.ThreadPoolExecutor$Worker.run(ThreadPoolExecutor.java:624)
	at java.lang.Thread.run(Thread.java:748)
2019-10-02 07:35:04,514 [java.util.concurrent.ThreadPoolExecutor$Worker@5c72ef16[State = -1, empty queue]] WARN  util.TimeoutScheduler (LogUtils.java:runAndLog(55)) - Failed to task #0: java.lang.NullPointerException
2019-10-02 07:35:08,585 [java.util.concurrent.ThreadPoolExecutor$Worker@1095628f[State = -1, empty queue]] ERROR client.GrpcClientProtocolClient (GrpcClientProtocolClient.java:close(148)) - Unexpected exception while waiting for channel termination
java.lang.InterruptedException
	at java.util.concurrent.locks.AbstractQueuedSynchronizer.tryAcquireSharedNanos(AbstractQueuedSynchronizer.java:1326)
	at java.util.concurrent.CountDownLatch.await(CountDownLatch.java:277)
	at org.apache.ratis.thirdparty.io.grpc.internal.ManagedChannelImpl.awaitTermination(ManagedChannelImpl.java:763)
	at org.apache.ratis.thirdparty.io.grpc.internal.ForwardingManagedChannel.awaitTermination(ForwardingManagedChannel.java:57)
	at org.apache.ratis.thirdparty.io.grpc.internal.ManagedChannelOrphanWrapper.awaitTermination(ManagedChannelOrphanWrapper.java:70)
	at org.apache.ratis.grpc.client.GrpcClientProtocolClient.close(GrpcClientProtocolClient.java:146)
	at org.apache.ratis.util.PeerProxyMap$PeerAndProxy.lambda$close$1(PeerProxyMap.java:74)
	at org.apache.ratis.util.LifeCycle.lambda$checkStateAndClose$2(LifeCycle.java:231)
	at org.apache.ratis.util.LifeCycle.checkStateAndClose(LifeCycle.java:251)
	at org.apache.ratis.util.LifeCycle.checkStateAndClose(LifeCycle.java:229)
	at org.apache.ratis.util.PeerProxyMap$PeerAndProxy.close(PeerProxyMap.java:70)
	at org.apache.ratis.util.PeerProxyMap.resetProxy(PeerProxyMap.java:127)
	at org.apache.ratis.util.PeerProxyMap.handleException(PeerProxyMap.java:136)
	at org.apache.ratis.client.impl.RaftClientRpcWithProxy.handleException(RaftClientRpcWithProxy.java:47)
	at org.apache.ratis.client.impl.RaftClientImpl.handleIOException(RaftClientImpl.java:372)
	at org.apache.ratis.client.impl.OrderedAsync.lambda$sendRequest$10(OrderedAsync.java:236)
	at java.util.concurrent.CompletableFuture.uniExceptionally(CompletableFuture.java:870)
	at java.util.concurrent.CompletableFuture$UniExceptionally.tryFire(CompletableFuture.java:852)
	at java.util.concurrent.CompletableFuture.postComplete(CompletableFuture.java:474)
	at java.util.concurrent.CompletableFuture.completeExceptionally(CompletableFuture.java:1977)
	at org.apache.ratis.grpc.client.GrpcClientProtocolClient$AsyncStreamObservers.lambda$timeoutCheck$3(GrpcClientProtocolClient.java:324)
	at java.util.Optional.ifPresent(Optional.java:159)
	at org.apache.ratis.grpc.client.GrpcClientProtocolClient$AsyncStreamObservers.handleReplyFuture(GrpcClientProtocolClient.java:329)
	at org.apache.ratis.grpc.client.GrpcClientProtocolClient$AsyncStreamObservers.timeoutCheck(GrpcClientProtocolClient.java:324)
	at org.apache.ratis.grpc.client.GrpcClientProtocolClient$AsyncStreamObservers.lambda$onNext$1(GrpcClientProtocolClient.java:318)
	at org.apache.ratis.util.TimeoutScheduler.lambda$onTimeout$0(TimeoutScheduler.java:113)
	at org.apache.ratis.util.TimeoutScheduler.lambda$onTimeout$1(TimeoutScheduler.java:133)
	at org.apache.ratis.util.LogUtils.runAndLog(LogUtils.java:50)
	at org.apache.ratis.util.LogUtils$1.run(LogUtils.java:91)
	at java.util.concurrent.Executors$RunnableAdapter.call(Executors.java:511)
	at java.util.concurrent.FutureTask.run(FutureTask.java:266)
	at java.util.concurrent.ScheduledThreadPoolExecutor$ScheduledFutureTask.access$201(ScheduledThreadPoolExecutor.java:180)
	at java.util.concurrent.ScheduledThreadPoolExecutor$ScheduledFutureTask.run(ScheduledThreadPoolExecutor.java:293)
	at java.util.concurrent.ThreadPoolExecutor.runWorker(ThreadPoolExecutor.java:1149)
	at java.util.concurrent.ThreadPoolExecutor$Worker.run(ThreadPoolExecutor.java:624)
	at java.lang.Thread.run(Thread.java:748)
2019-10-02 07:35:08,588 [java.util.concurrent.ThreadPoolExecutor$Worker@1095628f[State = -1, empty queue]] WARN  util.TimeoutScheduler (LogUtils.java:runAndLog(55)) - Failed to task #0: java.lang.NullPointerException
2019-10-02 07:35:12,643 [java.util.concurrent.ThreadPoolExecutor$Worker@f7d0a7b[State = -1, empty queue]] ERROR client.GrpcClientProtocolClient (GrpcClientProtocolClient.java:close(148)) - Unexpected exception while waiting for channel termination
java.lang.InterruptedException
	at java.util.concurrent.locks.AbstractQueuedSynchronizer.tryAcquireSharedNanos(AbstractQueuedSynchronizer.java:1326)
	at java.util.concurrent.CountDownLatch.await(CountDownLatch.java:277)
	at org.apache.ratis.thirdparty.io.grpc.internal.ManagedChannelImpl.awaitTermination(ManagedChannelImpl.java:763)
	at org.apache.ratis.thirdparty.io.grpc.internal.ForwardingManagedChannel.awaitTermination(ForwardingManagedChannel.java:57)
	at org.apache.ratis.thirdparty.io.grpc.internal.ManagedChannelOrphanWrapper.awaitTermination(ManagedChannelOrphanWrapper.java:70)
	at org.apache.ratis.grpc.client.GrpcClientProtocolClient.close(GrpcClientProtocolClient.java:146)
	at org.apache.ratis.util.PeerProxyMap$PeerAndProxy.lambda$close$1(PeerProxyMap.java:74)
	at org.apache.ratis.util.LifeCycle.lambda$checkStateAndClose$2(LifeCycle.java:231)
	at org.apache.ratis.util.LifeCycle.checkStateAndClose(LifeCycle.java:251)
	at org.apache.ratis.util.LifeCycle.checkStateAndClose(LifeCycle.java:229)
	at org.apache.ratis.util.PeerProxyMap$PeerAndProxy.close(PeerProxyMap.java:70)
	at org.apache.ratis.util.PeerProxyMap.resetProxy(PeerProxyMap.java:127)
	at org.apache.ratis.util.PeerProxyMap.handleException(PeerProxyMap.java:136)
	at org.apache.ratis.client.impl.RaftClientRpcWithProxy.handleException(RaftClientRpcWithProxy.java:47)
	at org.apache.ratis.client.impl.RaftClientImpl.handleIOException(RaftClientImpl.java:372)
	at org.apache.ratis.client.impl.OrderedAsync.lambda$sendRequest$10(OrderedAsync.java:236)
	at java.util.concurrent.CompletableFuture.uniExceptionally(CompletableFuture.java:870)
	at java.util.concurrent.CompletableFuture$UniExceptionally.tryFire(CompletableFuture.java:852)
	at java.util.concurrent.CompletableFuture.postComplete(CompletableFuture.java:474)
	at java.util.concurrent.CompletableFuture.completeExceptionally(CompletableFuture.java:1977)
	at org.apache.ratis.grpc.client.GrpcClientProtocolClient$AsyncStreamObservers.lambda$timeoutCheck$3(GrpcClientProtocolClient.java:324)
	at java.util.Optional.ifPresent(Optional.java:159)
	at org.apache.ratis.grpc.client.GrpcClientProtocolClient$AsyncStreamObservers.handleReplyFuture(GrpcClientProtocolClient.java:329)
	at org.apache.ratis.grpc.client.GrpcClientProtocolClient$AsyncStreamObservers.timeoutCheck(GrpcClientProtocolClient.java:324)
	at org.apache.ratis.grpc.client.GrpcClientProtocolClient$AsyncStreamObservers.lambda$onNext$1(GrpcClientProtocolClient.java:318)
	at org.apache.ratis.util.TimeoutScheduler.lambda$onTimeout$0(TimeoutScheduler.java:113)
	at org.apache.ratis.util.TimeoutScheduler.lambda$onTimeout$1(TimeoutScheduler.java:133)
	at org.apache.ratis.util.LogUtils.runAndLog(LogUtils.java:50)
	at org.apache.ratis.util.LogUtils$1.run(LogUtils.java:91)
	at java.util.concurrent.Executors$RunnableAdapter.call(Executors.java:511)
	at java.util.concurrent.FutureTask.run(FutureTask.java:266)
	at java.util.concurrent.ScheduledThreadPoolExecutor$ScheduledFutureTask.access$201(ScheduledThreadPoolExecutor.java:180)
	at java.util.concurrent.ScheduledThreadPoolExecutor$ScheduledFutureTask.run(ScheduledThreadPoolExecutor.java:293)
	at java.util.concurrent.ThreadPoolExecutor.runWorker(ThreadPoolExecutor.java:1149)
	at java.util.concurrent.ThreadPoolExecutor$Worker.run(ThreadPoolExecutor.java:624)
	at java.lang.Thread.run(Thread.java:748)
2019-10-02 07:35:12,645 [java.util.concurrent.ThreadPoolExecutor$Worker@f7d0a7b[State = -1, empty queue]] WARN  util.TimeoutScheduler (LogUtils.java:runAndLog(55)) - Failed to task #0: java.lang.NullPointerException
2019-10-02 07:35:16,701 [java.util.concurrent.ThreadPoolExecutor$Worker@2ffcd5bb[State = -1, empty queue]] ERROR client.GrpcClientProtocolClient (GrpcClientProtocolClient.java:close(148)) - Unexpected exception while waiting for channel termination
java.lang.InterruptedException
	at java.util.concurrent.locks.AbstractQueuedSynchronizer.tryAcquireSharedNanos(AbstractQueuedSynchronizer.java:1326)
	at java.util.concurrent.CountDownLatch.await(CountDownLatch.java:277)
	at org.apache.ratis.thirdparty.io.grpc.internal.ManagedChannelImpl.awaitTermination(ManagedChannelImpl.java:763)
	at org.apache.ratis.thirdparty.io.grpc.internal.ForwardingManagedChannel.awaitTermination(ForwardingManagedChannel.java:57)
	at org.apache.ratis.thirdparty.io.grpc.internal.ManagedChannelOrphanWrapper.awaitTermination(ManagedChannelOrphanWrapper.java:70)
	at org.apache.ratis.grpc.client.GrpcClientProtocolClient.close(GrpcClientProtocolClient.java:146)
	at org.apache.ratis.util.PeerProxyMap$PeerAndProxy.lambda$close$1(PeerProxyMap.java:74)
	at org.apache.ratis.util.LifeCycle.lambda$checkStateAndClose$2(LifeCycle.java:231)
	at org.apache.ratis.util.LifeCycle.checkStateAndClose(LifeCycle.java:251)
	at org.apache.ratis.util.LifeCycle.checkStateAndClose(LifeCycle.java:229)
	at org.apache.ratis.util.PeerProxyMap$PeerAndProxy.close(PeerProxyMap.java:70)
	at org.apache.ratis.util.PeerProxyMap.resetProxy(PeerProxyMap.java:127)
	at org.apache.ratis.util.PeerProxyMap.handleException(PeerProxyMap.java:136)
	at org.apache.ratis.client.impl.RaftClientRpcWithProxy.handleException(RaftClientRpcWithProxy.java:47)
	at org.apache.ratis.client.impl.RaftClientImpl.handleIOException(RaftClientImpl.java:372)
	at org.apache.ratis.client.impl.OrderedAsync.lambda$sendRequest$10(OrderedAsync.java:236)
	at java.util.concurrent.CompletableFuture.uniExceptionally(CompletableFuture.java:870)
	at java.util.concurrent.CompletableFuture$UniExceptionally.tryFire(CompletableFuture.java:852)
	at java.util.concurrent.CompletableFuture.postComplete(CompletableFuture.java:474)
	at java.util.concurrent.CompletableFuture.completeExceptionally(CompletableFuture.java:1977)
	at org.apache.ratis.grpc.client.GrpcClientProtocolClient$AsyncStreamObservers.lambda$timeoutCheck$3(GrpcClientProtocolClient.java:324)
	at java.util.Optional.ifPresent(Optional.java:159)
	at org.apache.ratis.grpc.client.GrpcClientProtocolClient$AsyncStreamObservers.handleReplyFuture(GrpcClientProtocolClient.java:329)
	at org.apache.ratis.grpc.client.GrpcClientProtocolClient$AsyncStreamObservers.timeoutCheck(GrpcClientProtocolClient.java:324)
	at org.apache.ratis.grpc.client.GrpcClientProtocolClient$AsyncStreamObservers.lambda$onNext$1(GrpcClientProtocolClient.java:318)
	at org.apache.ratis.util.TimeoutScheduler.lambda$onTimeout$0(TimeoutScheduler.java:113)
	at org.apache.ratis.util.TimeoutScheduler.lambda$onTimeout$1(TimeoutScheduler.java:133)
	at org.apache.ratis.util.LogUtils.runAndLog(LogUtils.java:50)
	at org.apache.ratis.util.LogUtils$1.run(LogUtils.java:91)
	at java.util.concurrent.Executors$RunnableAdapter.call(Executors.java:511)
	at java.util.concurrent.FutureTask.run(FutureTask.java:266)
	at java.util.concurrent.ScheduledThreadPoolExecutor$ScheduledFutureTask.access$201(ScheduledThreadPoolExecutor.java:180)
	at java.util.concurrent.ScheduledThreadPoolExecutor$ScheduledFutureTask.run(ScheduledThreadPoolExecutor.java:293)
	at java.util.concurrent.ThreadPoolExecutor.runWorker(ThreadPoolExecutor.java:1149)
	at java.util.concurrent.ThreadPoolExecutor$Worker.run(ThreadPoolExecutor.java:624)
	at java.lang.Thread.run(Thread.java:748)
2019-10-02 07:35:16,716 [java.util.concurrent.ThreadPoolExecutor$Worker@2ffcd5bb[State = -1, empty queue]] WARN  util.TimeoutScheduler (LogUtils.java:runAndLog(55)) - Failed to task #0: java.lang.NullPointerException
2019-10-02 07:35:20,762 [java.util.concurrent.ThreadPoolExecutor$Worker@13f09445[State = -1, empty queue]] ERROR client.GrpcClientProtocolClient (GrpcClientProtocolClient.java:close(148)) - Unexpected exception while waiting for channel termination
java.lang.InterruptedException
	at java.util.concurrent.locks.AbstractQueuedSynchronizer.tryAcquireSharedNanos(AbstractQueuedSynchronizer.java:1326)
	at java.util.concurrent.CountDownLatch.await(CountDownLatch.java:277)
	at org.apache.ratis.thirdparty.io.grpc.internal.ManagedChannelImpl.awaitTermination(ManagedChannelImpl.java:763)
	at org.apache.ratis.thirdparty.io.grpc.internal.ForwardingManagedChannel.awaitTermination(ForwardingManagedChannel.java:57)
	at org.apache.ratis.thirdparty.io.grpc.internal.ManagedChannelOrphanWrapper.awaitTermination(ManagedChannelOrphanWrapper.java:70)
	at org.apache.ratis.grpc.client.GrpcClientProtocolClient.close(GrpcClientProtocolClient.java:146)
	at org.apache.ratis.util.PeerProxyMap$PeerAndProxy.lambda$close$1(PeerProxyMap.java:74)
	at org.apache.ratis.util.LifeCycle.lambda$checkStateAndClose$2(LifeCycle.java:231)
	at org.apache.ratis.util.LifeCycle.checkStateAndClose(LifeCycle.java:251)
	at org.apache.ratis.util.LifeCycle.checkStateAndClose(LifeCycle.java:229)
	at org.apache.ratis.util.PeerProxyMap$PeerAndProxy.close(PeerProxyMap.java:70)
	at org.apache.ratis.util.PeerProxyMap.resetProxy(PeerProxyMap.java:127)
	at org.apache.ratis.util.PeerProxyMap.handleException(PeerProxyMap.java:136)
	at org.apache.ratis.client.impl.RaftClientRpcWithProxy.handleException(RaftClientRpcWithProxy.java:47)
	at org.apache.ratis.client.impl.RaftClientImpl.handleIOException(RaftClientImpl.java:372)
	at org.apache.ratis.client.impl.OrderedAsync.lambda$sendRequest$10(OrderedAsync.java:236)
	at java.util.concurrent.CompletableFuture.uniExceptionally(CompletableFuture.java:870)
	at java.util.concurrent.CompletableFuture$UniExceptionally.tryFire(CompletableFuture.java:852)
	at java.util.concurrent.CompletableFuture.postComplete(CompletableFuture.java:474)
	at java.util.concurrent.CompletableFuture.completeExceptionally(CompletableFuture.java:1977)
	at org.apache.ratis.grpc.client.GrpcClientProtocolClient$AsyncStreamObservers.lambda$timeoutCheck$3(GrpcClientProtocolClient.java:324)
	at java.util.Optional.ifPresent(Optional.java:159)
	at org.apache.ratis.grpc.client.GrpcClientProtocolClient$AsyncStreamObservers.handleReplyFuture(GrpcClientProtocolClient.java:329)
	at org.apache.ratis.grpc.client.GrpcClientProtocolClient$AsyncStreamObservers.timeoutCheck(GrpcClientProtocolClient.java:324)
	at org.apache.ratis.grpc.client.GrpcClientProtocolClient$AsyncStreamObservers.lambda$onNext$1(GrpcClientProtocolClient.java:318)
	at org.apache.ratis.util.TimeoutScheduler.lambda$onTimeout$0(TimeoutScheduler.java:113)
	at org.apache.ratis.util.TimeoutScheduler.lambda$onTimeout$1(TimeoutScheduler.java:133)
	at org.apache.ratis.util.LogUtils.runAndLog(LogUtils.java:50)
	at org.apache.ratis.util.LogUtils$1.run(LogUtils.java:91)
	at java.util.concurrent.Executors$RunnableAdapter.call(Executors.java:511)
	at java.util.concurrent.FutureTask.run(FutureTask.java:266)
	at java.util.concurrent.ScheduledThreadPoolExecutor$ScheduledFutureTask.access$201(ScheduledThreadPoolExecutor.java:180)
	at java.util.concurrent.ScheduledThreadPoolExecutor$ScheduledFutureTask.run(ScheduledThreadPoolExecutor.java:293)
	at java.util.concurrent.ThreadPoolExecutor.runWorker(ThreadPoolExecutor.java:1149)
	at java.util.concurrent.ThreadPoolExecutor$Worker.run(ThreadPoolExecutor.java:624)
	at java.lang.Thread.run(Thread.java:748)
2019-10-02 07:35:20,763 [java.util.concurrent.ThreadPoolExecutor$Worker@13f09445[State = -1, empty queue]] WARN  util.TimeoutScheduler (LogUtils.java:runAndLog(55)) - Failed to task #0: java.lang.NullPointerException
2019-10-02 07:35:24,809 [java.util.concurrent.ThreadPoolExecutor$Worker@19729540[State = -1, empty queue]] ERROR client.GrpcClientProtocolClient (GrpcClientProtocolClient.java:close(148)) - Unexpected exception while waiting for channel termination
java.lang.InterruptedException
	at java.util.concurrent.locks.AbstractQueuedSynchronizer.tryAcquireSharedNanos(AbstractQueuedSynchronizer.java:1326)
	at java.util.concurrent.CountDownLatch.await(CountDownLatch.java:277)
	at org.apache.ratis.thirdparty.io.grpc.internal.ManagedChannelImpl.awaitTermination(ManagedChannelImpl.java:763)
	at org.apache.ratis.thirdparty.io.grpc.internal.ForwardingManagedChannel.awaitTermination(ForwardingManagedChannel.java:57)
	at org.apache.ratis.thirdparty.io.grpc.internal.ManagedChannelOrphanWrapper.awaitTermination(ManagedChannelOrphanWrapper.java:70)
	at org.apache.ratis.grpc.client.GrpcClientProtocolClient.close(GrpcClientProtocolClient.java:146)
	at org.apache.ratis.util.PeerProxyMap$PeerAndProxy.lambda$close$1(PeerProxyMap.java:74)
	at org.apache.ratis.util.LifeCycle.lambda$checkStateAndClose$2(LifeCycle.java:231)
	at org.apache.ratis.util.LifeCycle.checkStateAndClose(LifeCycle.java:251)
	at org.apache.ratis.util.LifeCycle.checkStateAndClose(LifeCycle.java:229)
	at org.apache.ratis.util.PeerProxyMap$PeerAndProxy.close(PeerProxyMap.java:70)
	at org.apache.ratis.util.PeerProxyMap.resetProxy(PeerProxyMap.java:127)
	at org.apache.ratis.util.PeerProxyMap.handleException(PeerProxyMap.java:136)
	at org.apache.ratis.client.impl.RaftClientRpcWithProxy.handleException(RaftClientRpcWithProxy.java:47)
	at org.apache.ratis.client.impl.RaftClientImpl.handleIOException(RaftClientImpl.java:372)
	at org.apache.ratis.client.impl.OrderedAsync.lambda$sendRequest$10(OrderedAsync.java:236)
	at java.util.concurrent.CompletableFuture.uniExceptionally(CompletableFuture.java:870)
	at java.util.concurrent.CompletableFuture$UniExceptionally.tryFire(CompletableFuture.java:852)
	at java.util.concurrent.CompletableFuture.postComplete(CompletableFuture.java:474)
	at java.util.concurrent.CompletableFuture.completeExceptionally(CompletableFuture.java:1977)
	at org.apache.ratis.grpc.client.GrpcClientProtocolClient$AsyncStreamObservers.lambda$timeoutCheck$3(GrpcClientProtocolClient.java:324)
	at java.util.Optional.ifPresent(Optional.java:159)
	at org.apache.ratis.grpc.client.GrpcClientProtocolClient$AsyncStreamObservers.handleReplyFuture(GrpcClientProtocolClient.java:329)
	at org.apache.ratis.grpc.client.GrpcClientProtocolClient$AsyncStreamObservers.timeoutCheck(GrpcClientProtocolClient.java:324)
	at org.apache.ratis.grpc.client.GrpcClientProtocolClient$AsyncStreamObservers.lambda$onNext$1(GrpcClientProtocolClient.java:318)
	at org.apache.ratis.util.TimeoutScheduler.lambda$onTimeout$0(TimeoutScheduler.java:113)
	at org.apache.ratis.util.TimeoutScheduler.lambda$onTimeout$1(TimeoutScheduler.java:133)
	at org.apache.ratis.util.LogUtils.runAndLog(LogUtils.java:50)
	at org.apache.ratis.util.LogUtils$1.run(LogUtils.java:91)
	at java.util.concurrent.Executors$RunnableAdapter.call(Executors.java:511)
	at java.util.concurrent.FutureTask.run(FutureTask.java:266)
	at java.util.concurrent.ScheduledThreadPoolExecutor$ScheduledFutureTask.access$201(ScheduledThreadPoolExecutor.java:180)
	at java.util.concurrent.ScheduledThreadPoolExecutor$ScheduledFutureTask.run(ScheduledThreadPoolExecutor.java:293)
	at java.util.concurrent.ThreadPoolExecutor.runWorker(ThreadPoolExecutor.java:1149)
	at java.util.concurrent.ThreadPoolExecutor$Worker.run(ThreadPoolExecutor.java:624)
	at java.lang.Thread.run(Thread.java:748)
2019-10-02 07:35:24,813 [java.util.concurrent.ThreadPoolExecutor$Worker@19729540[State = -1, empty queue]] WARN  util.TimeoutScheduler (LogUtils.java:runAndLog(55)) - Failed to task #0: java.lang.NullPointerException
2019-10-02 07:35:28,862 [java.util.concurrent.ThreadPoolExecutor$Worker@2d573180[State = -1, empty queue]] ERROR client.GrpcClientProtocolClient (GrpcClientProtocolClient.java:close(148)) - Unexpected exception while waiting for channel termination
java.lang.InterruptedException
	at java.util.concurrent.locks.AbstractQueuedSynchronizer.tryAcquireSharedNanos(AbstractQueuedSynchronizer.java:1326)
	at java.util.concurrent.CountDownLatch.await(CountDownLatch.java:277)
	at org.apache.ratis.thirdparty.io.grpc.internal.ManagedChannelImpl.awaitTermination(ManagedChannelImpl.java:763)
	at org.apache.ratis.thirdparty.io.grpc.internal.ForwardingManagedChannel.awaitTermination(ForwardingManagedChannel.java:57)
	at org.apache.ratis.thirdparty.io.grpc.internal.ManagedChannelOrphanWrapper.awaitTermination(ManagedChannelOrphanWrapper.java:70)
	at org.apache.ratis.grpc.client.GrpcClientProtocolClient.close(GrpcClientProtocolClient.java:146)
	at org.apache.ratis.util.PeerProxyMap$PeerAndProxy.lambda$close$1(PeerProxyMap.java:74)
	at org.apache.ratis.util.LifeCycle.lambda$checkStateAndClose$2(LifeCycle.java:231)
	at org.apache.ratis.util.LifeCycle.checkStateAndClose(LifeCycle.java:251)
	at org.apache.ratis.util.LifeCycle.checkStateAndClose(LifeCycle.java:229)
	at org.apache.ratis.util.PeerProxyMap$PeerAndProxy.close(PeerProxyMap.java:70)
	at org.apache.ratis.util.PeerProxyMap.resetProxy(PeerProxyMap.java:127)
	at org.apache.ratis.util.PeerProxyMap.handleException(PeerProxyMap.java:136)
	at org.apache.ratis.client.impl.RaftClientRpcWithProxy.handleException(RaftClientRpcWithProxy.java:47)
	at org.apache.ratis.client.impl.RaftClientImpl.handleIOException(RaftClientImpl.java:372)
	at org.apache.ratis.client.impl.OrderedAsync.lambda$sendRequest$10(OrderedAsync.java:236)
	at java.util.concurrent.CompletableFuture.uniExceptionally(CompletableFuture.java:870)
	at java.util.concurrent.CompletableFuture$UniExceptionally.tryFire(CompletableFuture.java:852)
	at java.util.concurrent.CompletableFuture.postComplete(CompletableFuture.java:474)
	at java.util.concurrent.CompletableFuture.completeExceptionally(CompletableFuture.java:1977)
	at org.apache.ratis.grpc.client.GrpcClientProtocolClient$AsyncStreamObservers.lambda$timeoutCheck$3(GrpcClientProtocolClient.java:324)
	at java.util.Optional.ifPresent(Optional.java:159)
	at org.apache.ratis.grpc.client.GrpcClientProtocolClient$AsyncStreamObservers.handleReplyFuture(GrpcClientProtocolClient.java:329)
	at org.apache.ratis.grpc.client.GrpcClientProtocolClient$AsyncStreamObservers.timeoutCheck(GrpcClientProtocolClient.java:324)
	at org.apache.ratis.grpc.client.GrpcClientProtocolClient$AsyncStreamObservers.lambda$onNext$1(GrpcClientProtocolClient.java:318)
	at org.apache.ratis.util.TimeoutScheduler.lambda$onTimeout$0(TimeoutScheduler.java:113)
	at org.apache.ratis.util.TimeoutScheduler.lambda$onTimeout$1(TimeoutScheduler.java:133)
	at org.apache.ratis.util.LogUtils.runAndLog(LogUtils.java:50)
	at org.apache.ratis.util.LogUtils$1.run(LogUtils.java:91)
	at java.util.concurrent.Executors$RunnableAdapter.call(Executors.java:511)
	at java.util.concurrent.FutureTask.run(FutureTask.java:266)
	at java.util.concurrent.ScheduledThreadPoolExecutor$ScheduledFutureTask.access$201(ScheduledThreadPoolExecutor.java:180)
	at java.util.concurrent.ScheduledThreadPoolExecutor$ScheduledFutureTask.run(ScheduledThreadPoolExecutor.java:293)
	at java.util.concurrent.ThreadPoolExecutor.runWorker(ThreadPoolExecutor.java:1149)
	at java.util.concurrent.ThreadPoolExecutor$Worker.run(ThreadPoolExecutor.java:624)
	at java.lang.Thread.run(Thread.java:748)
2019-10-02 07:35:28,867 [java.util.concurrent.ThreadPoolExecutor$Worker@2d573180[State = -1, empty queue]] WARN  util.TimeoutScheduler (LogUtils.java:runAndLog(55)) - Failed to task #0: java.lang.NullPointerException
2019-10-02 07:35:32,909 [java.util.concurrent.ThreadPoolExecutor$Worker@56bf9888[State = -1, empty queue]] ERROR client.GrpcClientProtocolClient (GrpcClientProtocolClient.java:close(148)) - Unexpected exception while waiting for channel termination
java.lang.InterruptedException
	at java.util.concurrent.locks.AbstractQueuedSynchronizer.tryAcquireSharedNanos(AbstractQueuedSynchronizer.java:1326)
	at java.util.concurrent.CountDownLatch.await(CountDownLatch.java:277)
	at org.apache.ratis.thirdparty.io.grpc.internal.ManagedChannelImpl.awaitTermination(ManagedChannelImpl.java:763)
	at org.apache.ratis.thirdparty.io.grpc.internal.ForwardingManagedChannel.awaitTermination(ForwardingManagedChannel.java:57)
	at org.apache.ratis.thirdparty.io.grpc.internal.ManagedChannelOrphanWrapper.awaitTermination(ManagedChannelOrphanWrapper.java:70)
	at org.apache.ratis.grpc.client.GrpcClientProtocolClient.close(GrpcClientProtocolClient.java:146)
	at org.apache.ratis.util.PeerProxyMap$PeerAndProxy.lambda$close$1(PeerProxyMap.java:74)
	at org.apache.ratis.util.LifeCycle.lambda$checkStateAndClose$2(LifeCycle.java:231)
	at org.apache.ratis.util.LifeCycle.checkStateAndClose(LifeCycle.java:251)
	at org.apache.ratis.util.LifeCycle.checkStateAndClose(LifeCycle.java:229)
	at org.apache.ratis.util.PeerProxyMap$PeerAndProxy.close(PeerProxyMap.java:70)
	at org.apache.ratis.util.PeerProxyMap.resetProxy(PeerProxyMap.java:127)
	at org.apache.ratis.util.PeerProxyMap.handleException(PeerProxyMap.java:136)
	at org.apache.ratis.client.impl.RaftClientRpcWithProxy.handleException(RaftClientRpcWithProxy.java:47)
	at org.apache.ratis.client.impl.RaftClientImpl.handleIOException(RaftClientImpl.java:372)
	at org.apache.ratis.client.impl.OrderedAsync.lambda$sendRequest$10(OrderedAsync.java:236)
	at java.util.concurrent.CompletableFuture.uniExceptionally(CompletableFuture.java:870)
	at java.util.concurrent.CompletableFuture$UniExceptionally.tryFire(CompletableFuture.java:852)
	at java.util.concurrent.CompletableFuture.postComplete(CompletableFuture.java:474)
	at java.util.concurrent.CompletableFuture.completeExceptionally(CompletableFuture.java:1977)
	at org.apache.ratis.grpc.client.GrpcClientProtocolClient$AsyncStreamObservers.lambda$timeoutCheck$3(GrpcClientProtocolClient.java:324)
	at java.util.Optional.ifPresent(Optional.java:159)
	at org.apache.ratis.grpc.client.GrpcClientProtocolClient$AsyncStreamObservers.handleReplyFuture(GrpcClientProtocolClient.java:329)
	at org.apache.ratis.grpc.client.GrpcClientProtocolClient$AsyncStreamObservers.timeoutCheck(GrpcClientProtocolClient.java:324)
	at org.apache.ratis.grpc.client.GrpcClientProtocolClient$AsyncStreamObservers.lambda$onNext$1(GrpcClientProtocolClient.java:318)
	at org.apache.ratis.util.TimeoutScheduler.lambda$onTimeout$0(TimeoutScheduler.java:113)
	at org.apache.ratis.util.TimeoutScheduler.lambda$onTimeout$1(TimeoutScheduler.java:133)
	at org.apache.ratis.util.LogUtils.runAndLog(LogUtils.java:50)
	at org.apache.ratis.util.LogUtils$1.run(LogUtils.java:91)
	at java.util.concurrent.Executors$RunnableAdapter.call(Executors.java:511)
	at java.util.concurrent.FutureTask.run(FutureTask.java:266)
	at java.util.concurrent.ScheduledThreadPoolExecutor$ScheduledFutureTask.access$201(ScheduledThreadPoolExecutor.java:180)
	at java.util.concurrent.ScheduledThreadPoolExecutor$ScheduledFutureTask.run(ScheduledThreadPoolExecutor.java:293)
	at java.util.concurrent.ThreadPoolExecutor.runWorker(ThreadPoolExecutor.java:1149)
	at java.util.concurrent.ThreadPoolExecutor$Worker.run(ThreadPoolExecutor.java:624)
	at java.lang.Thread.run(Thread.java:748)
2019-10-02 07:35:32,913 [java.util.concurrent.ThreadPoolExecutor$Worker@56bf9888[State = -1, empty queue]] WARN  util.TimeoutScheduler (LogUtils.java:runAndLog(55)) - Failed to task #0: java.lang.NullPointerException
2019-10-02 07:35:36,968 [java.util.concurrent.ThreadPoolExecutor$Worker@311b3142[State = -1, empty queue]] ERROR client.GrpcClientProtocolClient (GrpcClientProtocolClient.java:close(148)) - Unexpected exception while waiting for channel termination
java.lang.InterruptedException
	at java.util.concurrent.locks.AbstractQueuedSynchronizer.tryAcquireSharedNanos(AbstractQueuedSynchronizer.java:1326)
	at java.util.concurrent.CountDownLatch.await(CountDownLatch.java:277)
	at org.apache.ratis.thirdparty.io.grpc.internal.ManagedChannelImpl.awaitTermination(ManagedChannelImpl.java:763)
	at org.apache.ratis.thirdparty.io.grpc.internal.ForwardingManagedChannel.awaitTermination(ForwardingManagedChannel.java:57)
	at org.apache.ratis.thirdparty.io.grpc.internal.ManagedChannelOrphanWrapper.awaitTermination(ManagedChannelOrphanWrapper.java:70)
	at org.apache.ratis.grpc.client.GrpcClientProtocolClient.close(GrpcClientProtocolClient.java:146)
	at org.apache.ratis.util.PeerProxyMap$PeerAndProxy.lambda$close$1(PeerProxyMap.java:74)
	at org.apache.ratis.util.LifeCycle.lambda$checkStateAndClose$2(LifeCycle.java:231)
	at org.apache.ratis.util.LifeCycle.checkStateAndClose(LifeCycle.java:251)
	at org.apache.ratis.util.LifeCycle.checkStateAndClose(LifeCycle.java:229)
	at org.apache.ratis.util.PeerProxyMap$PeerAndProxy.close(PeerProxyMap.java:70)
	at org.apache.ratis.util.PeerProxyMap.resetProxy(PeerProxyMap.java:127)
	at org.apache.ratis.util.PeerProxyMap.handleException(PeerProxyMap.java:136)
	at org.apache.ratis.client.impl.RaftClientRpcWithProxy.handleException(RaftClientRpcWithProxy.java:47)
	at org.apache.ratis.client.impl.RaftClientImpl.handleIOException(RaftClientImpl.java:372)
	at org.apache.ratis.client.impl.OrderedAsync.lambda$sendRequest$10(OrderedAsync.java:236)
	at java.util.concurrent.CompletableFuture.uniExceptionally(CompletableFuture.java:870)
	at java.util.concurrent.CompletableFuture$UniExceptionally.tryFire(CompletableFuture.java:852)
	at java.util.concurrent.CompletableFuture.postComplete(CompletableFuture.java:474)
	at java.util.concurrent.CompletableFuture.completeExceptionally(CompletableFuture.java:1977)
	at org.apache.ratis.grpc.client.GrpcClientProtocolClient$AsyncStreamObservers.lambda$timeoutCheck$3(GrpcClientProtocolClient.java:324)
	at java.util.Optional.ifPresent(Optional.java:159)
	at org.apache.ratis.grpc.client.GrpcClientProtocolClient$AsyncStreamObservers.handleReplyFuture(GrpcClientProtocolClient.java:329)
	at org.apache.ratis.grpc.client.GrpcClientProtocolClient$AsyncStreamObservers.timeoutCheck(GrpcClientProtocolClient.java:324)
	at org.apache.ratis.grpc.client.GrpcClientProtocolClient$AsyncStreamObservers.lambda$onNext$1(GrpcClientProtocolClient.java:318)
	at org.apache.ratis.util.TimeoutScheduler.lambda$onTimeout$0(TimeoutScheduler.java:113)
	at org.apache.ratis.util.TimeoutScheduler.lambda$onTimeout$1(TimeoutScheduler.java:133)
	at org.apache.ratis.util.LogUtils.runAndLog(LogUtils.java:50)
	at org.apache.ratis.util.LogUtils$1.run(LogUtils.java:91)
	at java.util.concurrent.Executors$RunnableAdapter.call(Executors.java:511)
	at java.util.concurrent.FutureTask.run(FutureTask.java:266)
	at java.util.concurrent.ScheduledThreadPoolExecutor$ScheduledFutureTask.access$201(ScheduledThreadPoolExecutor.java:180)
	at java.util.concurrent.ScheduledThreadPoolExecutor$ScheduledFutureTask.run(ScheduledThreadPoolExecutor.java:293)
	at java.util.concurrent.ThreadPoolExecutor.runWorker(ThreadPoolExecutor.java:1149)
	at java.util.concurrent.ThreadPoolExecutor$Worker.run(ThreadPoolExecutor.java:624)
	at java.lang.Thread.run(Thread.java:748)
2019-10-02 07:35:36,970 [java.util.concurrent.ThreadPoolExecutor$Worker@311b3142[State = -1, empty queue]] WARN  util.TimeoutScheduler (LogUtils.java:runAndLog(55)) - Failed to task #0: java.lang.NullPointerException
2019-10-02 07:35:41,044 [java.util.concurrent.ThreadPoolExecutor$Worker@1ceea0de[State = -1, empty queue]] ERROR client.GrpcClientProtocolClient (GrpcClientProtocolClient.java:close(148)) - Unexpected exception while waiting for channel termination
java.lang.InterruptedException
	at java.util.concurrent.locks.AbstractQueuedSynchronizer.tryAcquireSharedNanos(AbstractQueuedSynchronizer.java:1326)
	at java.util.concurrent.CountDownLatch.await(CountDownLatch.java:277)
	at org.apache.ratis.thirdparty.io.grpc.internal.ManagedChannelImpl.awaitTermination(ManagedChannelImpl.java:763)
	at org.apache.ratis.thirdparty.io.grpc.internal.ForwardingManagedChannel.awaitTermination(ForwardingManagedChannel.java:57)
	at org.apache.ratis.thirdparty.io.grpc.internal.ManagedChannelOrphanWrapper.awaitTermination(ManagedChannelOrphanWrapper.java:70)
	at org.apache.ratis.grpc.client.GrpcClientProtocolClient.close(GrpcClientProtocolClient.java:146)
	at org.apache.ratis.util.PeerProxyMap$PeerAndProxy.lambda$close$1(PeerProxyMap.java:74)
	at org.apache.ratis.util.LifeCycle.lambda$checkStateAndClose$2(LifeCycle.java:231)
	at org.apache.ratis.util.LifeCycle.checkStateAndClose(LifeCycle.java:251)
	at org.apache.ratis.util.LifeCycle.checkStateAndClose(LifeCycle.java:229)
	at org.apache.ratis.util.PeerProxyMap$PeerAndProxy.close(PeerProxyMap.java:70)
	at org.apache.ratis.util.PeerProxyMap.resetProxy(PeerProxyMap.java:127)
	at org.apache.ratis.util.PeerProxyMap.handleException(PeerProxyMap.java:136)
	at org.apache.ratis.client.impl.RaftClientRpcWithProxy.handleException(RaftClientRpcWithProxy.java:47)
	at org.apache.ratis.client.impl.RaftClientImpl.handleIOException(RaftClientImpl.java:372)
	at org.apache.ratis.client.impl.OrderedAsync.lambda$sendRequest$10(OrderedAsync.java:236)
	at java.util.concurrent.CompletableFuture.uniExceptionally(CompletableFuture.java:870)
	at java.util.concurrent.CompletableFuture$UniExceptionally.tryFire(CompletableFuture.java:852)
	at java.util.concurrent.CompletableFuture.postComplete(CompletableFuture.java:474)
	at java.util.concurrent.CompletableFuture.completeExceptionally(CompletableFuture.java:1977)
	at org.apache.ratis.grpc.client.GrpcClientProtocolClient$AsyncStreamObservers.lambda$timeoutCheck$3(GrpcClientProtocolClient.java:324)
	at java.util.Optional.ifPresent(Optional.java:159)
	at org.apache.ratis.grpc.client.GrpcClientProtocolClient$AsyncStreamObservers.handleReplyFuture(GrpcClientProtocolClient.java:329)
	at org.apache.ratis.grpc.client.GrpcClientProtocolClient$AsyncStreamObservers.timeoutCheck(GrpcClientProtocolClient.java:324)
	at org.apache.ratis.grpc.client.GrpcClientProtocolClient$AsyncStreamObservers.lambda$onNext$1(GrpcClientProtocolClient.java:318)
	at org.apache.ratis.util.TimeoutScheduler.lambda$onTimeout$0(TimeoutScheduler.java:113)
	at org.apache.ratis.util.TimeoutScheduler.lambda$onTimeout$1(TimeoutScheduler.java:133)
	at org.apache.ratis.util.LogUtils.runAndLog(LogUtils.java:50)
	at org.apache.ratis.util.LogUtils$1.run(LogUtils.java:91)
	at java.util.concurrent.Executors$RunnableAdapter.call(Executors.java:511)
	at java.util.concurrent.FutureTask.run(FutureTask.java:266)
	at java.util.concurrent.ScheduledThreadPoolExecutor$ScheduledFutureTask.access$201(ScheduledThreadPoolExecutor.java:180)
	at java.util.concurrent.ScheduledThreadPoolExecutor$ScheduledFutureTask.run(ScheduledThreadPoolExecutor.java:293)
	at java.util.concurrent.ThreadPoolExecutor.runWorker(ThreadPoolExecutor.java:1149)
	at java.util.concurrent.ThreadPoolExecutor$Worker.run(ThreadPoolExecutor.java:624)
	at java.lang.Thread.run(Thread.java:748)
2019-10-02 07:35:41,047 [java.util.concurrent.ThreadPoolExecutor$Worker@1ceea0de[State = -1, empty queue]] WARN  util.TimeoutScheduler (LogUtils.java:runAndLog(55)) - Failed to task #0: java.lang.NullPointerException
2019-10-02 07:35:43,431 [grpc-default-executor-2] INFO  impl.RaftServerProxy (RaftServerProxy.java:remove(95)) - 804fc30f-f23d-4bcd-9bd5-debbbb81330f: remove    LEADER 804fc30f-f23d-4bcd-9bd5-debbbb81330f@group-8DFF1A90DE46:t1, leader=804fc30f-f23d-4bcd-9bd5-debbbb81330f, voted=804fc30f-f23d-4bcd-9bd5-debbbb81330f, raftlog=804fc30f-f23d-4bcd-9bd5-debbbb81330f@group-8DFF1A90DE46-SegmentedRaftLog:OPENED:c0,f0,i2, conf=0: [e774d0d1-00b7-40b4-85b3-8faca11cae95:192.168.5.178:33677, ceafac3c-b94e-436b-b57a-960890b1af34:192.168.5.178:45023, 804fc30f-f23d-4bcd-9bd5-debbbb81330f:192.168.5.178:45868], old=null RUNNING
2019-10-02 07:35:43,441 [grpc-default-executor-2] INFO  impl.RaftServerImpl (RaftServerImpl.java:lambda$shutdown$3(247)) - 804fc30f-f23d-4bcd-9bd5-debbbb81330f@group-8DFF1A90DE46: shutdown
2019-10-02 07:35:43,442 [grpc-default-executor-2] INFO  util.JmxRegister (JmxRegister.java:unregister(73)) - Successfully un-registered JMX Bean with object name Ratis:service=RaftServer,group=group-8DFF1A90DE46,id=804fc30f-f23d-4bcd-9bd5-debbbb81330f
2019-10-02 07:35:43,442 [grpc-default-executor-2] INFO  impl.RoleInfo (RoleInfo.java:shutdownLeaderState(104)) - 804fc30f-f23d-4bcd-9bd5-debbbb81330f: shutdown LeaderState
2019-10-02 07:35:43,447 [grpc-default-executor-2] INFO  impl.PendingRequests (PendingRequests.java:sendNotLeaderResponses(202)) - 804fc30f-f23d-4bcd-9bd5-debbbb81330f@group-8DFF1A90DE46-PendingRequests: sendNotLeaderResponses
2019-10-02 07:35:43,447 [org.apache.ratis.server.impl.LogAppender$AppenderDaemon$$Lambda$500/893228623@563f8c6d] WARN  server.GrpcLogAppender (GrpcLogAppender.java:mayWait(143)) - 804fc30f-f23d-4bcd-9bd5-debbbb81330f@group-8DFF1A90DE46->ceafac3c-b94e-436b-b57a-960890b1af34-GrpcLogAppender: Wait interrupted by java.lang.InterruptedException
2019-10-02 07:35:43,447 [org.apache.ratis.server.impl.LogAppender$AppenderDaemon$$Lambda$500/893228623@12b4f8d7] WARN  server.GrpcLogAppender (GrpcLogAppender.java:mayWait(143)) - 804fc30f-f23d-4bcd-9bd5-debbbb81330f@group-8DFF1A90DE46->e774d0d1-00b7-40b4-85b3-8faca11cae95-GrpcLogAppender: Wait interrupted by java.lang.InterruptedException
2019-10-02 07:35:43,455 [grpc-default-executor-3] INFO  server.GrpcServerProtocolService (GrpcServerProtocolService.java:onCompleted(113)) - ceafac3c-b94e-436b-b57a-960890b1af34: Completed APPEND_ENTRIES, lastRequest: 804fc30f-f23d-4bcd-9bd5-debbbb81330f->ceafac3c-b94e-436b-b57a-960890b1af34#29-t1, previous=(t:1, i:2), leaderCommit=0, initializing? false, entries: <empty>
2019-10-02 07:35:43,455 [grpc-default-executor-0] INFO  server.GrpcServerProtocolService (GrpcServerProtocolService.java:onCompleted(113)) - e774d0d1-00b7-40b4-85b3-8faca11cae95: Completed APPEND_ENTRIES, lastRequest: 804fc30f-f23d-4bcd-9bd5-debbbb81330f->e774d0d1-00b7-40b4-85b3-8faca11cae95#29-t1, previous=(t:1, i:2), leaderCommit=0, initializing? false, entries: <empty>
2019-10-02 07:35:43,458 [grpc-default-executor-0] INFO  server.GrpcLogAppender (GrpcLogAppender.java:onCompleted(293)) - 804fc30f-f23d-4bcd-9bd5-debbbb81330f@group-8DFF1A90DE46->e774d0d1-00b7-40b4-85b3-8faca11cae95-AppendLogResponseHandler: follower responses appendEntries COMPLETED
2019-10-02 07:35:43,458 [grpc-default-executor-5] INFO  server.GrpcLogAppender (GrpcLogAppender.java:onCompleted(293)) - 804fc30f-f23d-4bcd-9bd5-debbbb81330f@group-8DFF1A90DE46->ceafac3c-b94e-436b-b57a-960890b1af34-AppendLogResponseHandler: follower responses appendEntries COMPLETED
2019-10-02 07:35:43,460 [grpc-default-executor-0] INFO  impl.FollowerInfo (FollowerInfo.java:lambda$new$0(51)) - 804fc30f-f23d-4bcd-9bd5-debbbb81330f@group-8DFF1A90DE46->e774d0d1-00b7-40b4-85b3-8faca11cae95: nextIndex: updateUnconditionally 3 -> 2
2019-10-02 07:35:43,460 [grpc-default-executor-5] INFO  impl.FollowerInfo (FollowerInfo.java:lambda$new$0(51)) - 804fc30f-f23d-4bcd-9bd5-debbbb81330f@group-8DFF1A90DE46->ceafac3c-b94e-436b-b57a-960890b1af34: nextIndex: updateUnconditionally 3 -> 2
2019-10-02 07:35:43,469 [grpc-default-executor-2] INFO  impl.StateMachineUpdater (StateMachineUpdater.java:stopAndJoin(136)) - 804fc30f-f23d-4bcd-9bd5-debbbb81330f@group-8DFF1A90DE46-StateMachineUpdater: set stopIndex = 0
2019-10-02 07:35:43,474 [grpc-default-executor-2] INFO  impl.RaftServerImpl (ServerState.java:close(387)) - 804fc30f-f23d-4bcd-9bd5-debbbb81330f@group-8DFF1A90DE46: closes. applyIndex: 0
2019-10-02 07:35:43,487 [804fc30f-f23d-4bcd-9bd5-debbbb81330f@group-8DFF1A90DE46-SegmentedRaftLogWorker] INFO  segmented.SegmentedRaftLogWorker (SegmentedRaftLogWorker.java:run(316)) - 804fc30f-f23d-4bcd-9bd5-debbbb81330f@group-8DFF1A90DE46-SegmentedRaftLogWorker was interrupted, exiting. There are 0 tasks remaining in the queue.
2019-10-02 07:35:43,490 [grpc-default-executor-2] INFO  segmented.SegmentedRaftLogWorker (SegmentedRaftLogWorker.java:close(224)) - 804fc30f-f23d-4bcd-9bd5-debbbb81330f@group-8DFF1A90DE46-SegmentedRaftLogWorker close()
2019-10-02 07:35:43,513 [grpc-default-executor-2] INFO  impl.RaftServerProxy (RaftServerProxy.java:remove(95)) - e774d0d1-00b7-40b4-85b3-8faca11cae95: remove  FOLLOWER e774d0d1-00b7-40b4-85b3-8faca11cae95@group-8DFF1A90DE46:t1, leader=804fc30f-f23d-4bcd-9bd5-debbbb81330f, voted=804fc30f-f23d-4bcd-9bd5-debbbb81330f, raftlog=e774d0d1-00b7-40b4-85b3-8faca11cae95@group-8DFF1A90DE46-SegmentedRaftLog:OPENED:c0,f2,i2, conf=0: [e774d0d1-00b7-40b4-85b3-8faca11cae95:192.168.5.178:33677, ceafac3c-b94e-436b-b57a-960890b1af34:192.168.5.178:45023, 804fc30f-f23d-4bcd-9bd5-debbbb81330f:192.168.5.178:45868], old=null RUNNING
2019-10-02 07:35:43,513 [grpc-default-executor-2] INFO  impl.RaftServerImpl (RaftServerImpl.java:lambda$shutdown$3(247)) - e774d0d1-00b7-40b4-85b3-8faca11cae95@group-8DFF1A90DE46: shutdown
2019-10-02 07:35:43,513 [grpc-default-executor-2] INFO  util.JmxRegister (JmxRegister.java:unregister(73)) - Successfully un-registered JMX Bean with object name Ratis:service=RaftServer,group=group-8DFF1A90DE46,id=e774d0d1-00b7-40b4-85b3-8faca11cae95
2019-10-02 07:35:43,514 [grpc-default-executor-2] INFO  impl.RoleInfo (RoleInfo.java:shutdownFollowerState(121)) - e774d0d1-00b7-40b4-85b3-8faca11cae95: shutdown FollowerState
2019-10-02 07:35:43,514 [grpc-default-executor-2] INFO  impl.StateMachineUpdater (StateMachineUpdater.java:stopAndJoin(136)) - e774d0d1-00b7-40b4-85b3-8faca11cae95@group-8DFF1A90DE46-StateMachineUpdater: set stopIndex = 0
2019-10-02 07:35:43,514 [Thread-311] INFO  impl.FollowerState (FollowerState.java:run(117)) - e774d0d1-00b7-40b4-85b3-8faca11cae95@group-8DFF1A90DE46-FollowerState was interrupted: java.lang.InterruptedException: sleep interrupted
2019-10-02 07:35:43,518 [grpc-default-executor-2] INFO  impl.RaftServerImpl (ServerState.java:close(387)) - e774d0d1-00b7-40b4-85b3-8faca11cae95@group-8DFF1A90DE46: closes. applyIndex: 0
2019-10-02 07:35:43,518 [e774d0d1-00b7-40b4-85b3-8faca11cae95@group-8DFF1A90DE46-SegmentedRaftLogWorker] INFO  segmented.SegmentedRaftLogWorker (SegmentedRaftLogWorker.java:run(316)) - e774d0d1-00b7-40b4-85b3-8faca11cae95@group-8DFF1A90DE46-SegmentedRaftLogWorker was interrupted, exiting. There are 0 tasks remaining in the queue.
2019-10-02 07:35:43,520 [grpc-default-executor-2] INFO  segmented.SegmentedRaftLogWorker (SegmentedRaftLogWorker.java:close(224)) - e774d0d1-00b7-40b4-85b3-8faca11cae95@group-8DFF1A90DE46-SegmentedRaftLogWorker close()
2019-10-02 07:35:43,595 [grpc-default-executor-2] INFO  interfaces.Container (KeyValueContainer.java:flushAndSyncDB(386)) - Container 1 is synced with bcsId 0.
2019-10-02 07:35:43,595 [grpc-default-executor-2] INFO  interfaces.Container (KeyValueContainer.java:flushAndSyncDB(386)) - Container 1 is synced with bcsId 0.
2019-10-02 07:35:43,617 [EventQueue-IncrementalContainerReportForIncrementalContainerReportHandler] INFO  container.IncrementalContainerReportHandler (AbstractContainerReportHandler.java:updateContainerState(169)) - Moving container #1 to QUASI_CLOSED state, datanode e774d0d1-00b7-40b4-85b3-8faca11cae95{ip: 192.168.5.178, host: pr-trunk-8bg6x-723665176, networkLocation: /default-rack, certSerialId: null} reported QUASI_CLOSED replica.
2019-10-02 07:35:43,627 [grpc-default-executor-2] INFO  impl.RaftServerProxy (RaftServerProxy.java:remove(95)) - ceafac3c-b94e-436b-b57a-960890b1af34: remove  FOLLOWER ceafac3c-b94e-436b-b57a-960890b1af34@group-8DFF1A90DE46:t1, leader=804fc30f-f23d-4bcd-9bd5-debbbb81330f, voted=ceafac3c-b94e-436b-b57a-960890b1af34, raftlog=ceafac3c-b94e-436b-b57a-960890b1af34@group-8DFF1A90DE46-SegmentedRaftLog:OPENED:c0,f2,i2, conf=0: [e774d0d1-00b7-40b4-85b3-8faca11cae95:192.168.5.178:33677, ceafac3c-b94e-436b-b57a-960890b1af34:192.168.5.178:45023, 804fc30f-f23d-4bcd-9bd5-debbbb81330f:192.168.5.178:45868], old=null RUNNING
2019-10-02 07:35:43,627 [grpc-default-executor-2] INFO  impl.RaftServerImpl (RaftServerImpl.java:lambda$shutdown$3(247)) - ceafac3c-b94e-436b-b57a-960890b1af34@group-8DFF1A90DE46: shutdown
2019-10-02 07:35:43,628 [grpc-default-executor-2] INFO  util.JmxRegister (JmxRegister.java:unregister(73)) - Successfully un-registered JMX Bean with object name Ratis:service=RaftServer,group=group-8DFF1A90DE46,id=ceafac3c-b94e-436b-b57a-960890b1af34
2019-10-02 07:35:43,628 [grpc-default-executor-2] INFO  impl.RoleInfo (RoleInfo.java:shutdownFollowerState(121)) - ceafac3c-b94e-436b-b57a-960890b1af34: shutdown FollowerState
2019-10-02 07:35:43,628 [grpc-default-executor-2] INFO  impl.StateMachineUpdater (StateMachineUpdater.java:stopAndJoin(136)) - ceafac3c-b94e-436b-b57a-960890b1af34@group-8DFF1A90DE46-StateMachineUpdater: set stopIndex = 0
2019-10-02 07:35:43,628 [Thread-315] INFO  impl.FollowerState (FollowerState.java:run(117)) - ceafac3c-b94e-436b-b57a-960890b1af34@group-8DFF1A90DE46-FollowerState was interrupted: java.lang.InterruptedException: sleep interrupted
2019-10-02 07:35:43,633 [grpc-default-executor-2] INFO  impl.RaftServerImpl (ServerState.java:close(387)) - ceafac3c-b94e-436b-b57a-960890b1af34@group-8DFF1A90DE46: closes. applyIndex: 0
2019-10-02 07:35:43,634 [ceafac3c-b94e-436b-b57a-960890b1af34@group-8DFF1A90DE46-SegmentedRaftLogWorker] INFO  segmented.SegmentedRaftLogWorker (SegmentedRaftLogWorker.java:run(316)) - ceafac3c-b94e-436b-b57a-960890b1af34@group-8DFF1A90DE46-SegmentedRaftLogWorker was interrupted, exiting. There are 0 tasks remaining in the queue.
2019-10-02 07:35:43,636 [grpc-default-executor-2] INFO  segmented.SegmentedRaftLogWorker (SegmentedRaftLogWorker.java:close(224)) - ceafac3c-b94e-436b-b57a-960890b1af34@group-8DFF1A90DE46-SegmentedRaftLogWorker close()
2019-10-02 07:35:43,700 [grpc-default-executor-2] INFO  interfaces.Container (KeyValueContainer.java:flushAndSyncDB(386)) - Container 1 is synced with bcsId 0.
2019-10-02 07:35:43,700 [grpc-default-executor-2] INFO  interfaces.Container (KeyValueContainer.java:flushAndSyncDB(386)) - Container 1 is synced with bcsId 0.
2019-10-02 07:35:43,722 [RatisPipelineUtilsThread] INFO  pipeline.PipelineStateManager (PipelineStateManager.java:removePipeline(108)) - Pipeline Pipeline[ Id: 2b318143-f147-404d-81d6-8dff1a90de46, Nodes: 804fc30f-f23d-4bcd-9bd5-debbbb81330f{ip: 192.168.5.178, host: pr-trunk-8bg6x-723665176, networkLocation: /default-rack, certSerialId: null}e774d0d1-00b7-40b4-85b3-8faca11cae95{ip: 192.168.5.178, host: pr-trunk-8bg6x-723665176, networkLocation: /default-rack, certSerialId: null}ceafac3c-b94e-436b-b57a-960890b1af34{ip: 192.168.5.178, host: pr-trunk-8bg6x-723665176, networkLocation: /default-rack, certSerialId: null}, Type:RATIS, Factor:THREE, State:CLOSED] removed from db
2019-10-02 07:35:43,734 [grpc-default-executor-2] INFO  impl.RaftServerProxy (RaftServerProxy.java:remove(95)) - 804fc30f-f23d-4bcd-9bd5-debbbb81330f: remove group-8DFF1A90DE46:null
2019-10-02 07:35:43,776 [RatisPipelineUtilsThread] WARN  pipeline.RatisPipelineUtils (RatisPipelineUtils.java:destroyPipeline(67)) - Pipeline destroy failed for pipeline=PipelineID=2b318143-f147-404d-81d6-8dff1a90de46 dn=804fc30f-f23d-4bcd-9bd5-debbbb81330f{ip: 192.168.5.178, host: pr-trunk-8bg6x-723665176, networkLocation: /default-rack, certSerialId: null}
2019-10-02 07:35:43,786 [grpc-default-executor-2] INFO  impl.RaftServerProxy (RaftServerProxy.java:remove(95)) - e774d0d1-00b7-40b4-85b3-8faca11cae95: remove group-8DFF1A90DE46:null
2019-10-02 07:35:43,797 [RatisPipelineUtilsThread] WARN  pipeline.RatisPipelineUtils (RatisPipelineUtils.java:destroyPipeline(67)) - Pipeline destroy failed for pipeline=PipelineID=2b318143-f147-404d-81d6-8dff1a90de46 dn=e774d0d1-00b7-40b4-85b3-8faca11cae95{ip: 192.168.5.178, host: pr-trunk-8bg6x-723665176, networkLocation: /default-rack, certSerialId: null}
2019-10-02 07:35:43,804 [grpc-default-executor-2] INFO  impl.RaftServerProxy (RaftServerProxy.java:remove(95)) - ceafac3c-b94e-436b-b57a-960890b1af34: remove group-8DFF1A90DE46:null
2019-10-02 07:35:43,814 [RatisPipelineUtilsThread] WARN  pipeline.RatisPipelineUtils (RatisPipelineUtils.java:destroyPipeline(67)) - Pipeline destroy failed for pipeline=PipelineID=2b318143-f147-404d-81d6-8dff1a90de46 dn=ceafac3c-b94e-436b-b57a-960890b1af34{ip: 192.168.5.178, host: pr-trunk-8bg6x-723665176, networkLocation: /default-rack, certSerialId: null}
2019-10-02 07:35:43,814 [RatisPipelineUtilsThread] ERROR pipeline.SCMPipelineManager (Scheduler.java:lambda$schedule$1(70)) - Destroy pipeline failed for pipeline:Pipeline[ Id: 2b318143-f147-404d-81d6-8dff1a90de46, Nodes: 804fc30f-f23d-4bcd-9bd5-debbbb81330f{ip: 192.168.5.178, host: pr-trunk-8bg6x-723665176, networkLocation: /default-rack, certSerialId: null}e774d0d1-00b7-40b4-85b3-8faca11cae95{ip: 192.168.5.178, host: pr-trunk-8bg6x-723665176, networkLocation: /default-rack, certSerialId: null}ceafac3c-b94e-436b-b57a-960890b1af34{ip: 192.168.5.178, host: pr-trunk-8bg6x-723665176, networkLocation: /default-rack, certSerialId: null}, Type:RATIS, Factor:THREE, State:CLOSED]
org.apache.hadoop.hdds.scm.pipeline.PipelineNotFoundException: PipelineID=2b318143-f147-404d-81d6-8dff1a90de46 not found
	at org.apache.hadoop.hdds.scm.pipeline.PipelineStateMap.getPipeline(PipelineStateMap.java:132)
	at org.apache.hadoop.hdds.scm.pipeline.PipelineStateMap.removePipeline(PipelineStateMap.java:322)
	at org.apache.hadoop.hdds.scm.pipeline.PipelineStateManager.removePipeline(PipelineStateManager.java:107)
	at org.apache.hadoop.hdds.scm.pipeline.SCMPipelineManager.removePipeline(SCMPipelineManager.java:427)
	at org.apache.hadoop.hdds.scm.pipeline.SCMPipelineManager.destroyPipeline(SCMPipelineManager.java:413)
	at org.apache.hadoop.hdds.scm.pipeline.SCMPipelineManager.lambda$finalizeAndDestroyPipeline$0(SCMPipelineManager.java:322)
	at org.apache.hadoop.hdds.utils.Scheduler.lambda$schedule$1(Scheduler.java:68)
	at java.util.concurrent.Executors$RunnableAdapter.call(Executors.java:511)
	at java.util.concurrent.FutureTask.run(FutureTask.java:266)
	at java.util.concurrent.ScheduledThreadPoolExecutor$ScheduledFutureTask.access$201(ScheduledThreadPoolExecutor.java:180)
	at java.util.concurrent.ScheduledThreadPoolExecutor$ScheduledFutureTask.run(ScheduledThreadPoolExecutor.java:293)
	at java.util.concurrent.ThreadPoolExecutor.runWorker(ThreadPoolExecutor.java:1149)
	at java.util.concurrent.ThreadPoolExecutor$Worker.run(ThreadPoolExecutor.java:624)
	at java.lang.Thread.run(Thread.java:748)
2019-10-02 07:35:43,829 [grpc-default-executor-5] INFO  impl.RaftServerProxy (RaftServerProxy.java:addNew(89)) - 804fc30f-f23d-4bcd-9bd5-debbbb81330f: addNew group-4F4517CDC6E1:[e774d0d1-00b7-40b4-85b3-8faca11cae95:192.168.5.178:33677, ceafac3c-b94e-436b-b57a-960890b1af34:192.168.5.178:45023, 804fc30f-f23d-4bcd-9bd5-debbbb81330f:192.168.5.178:45868] returns group-4F4517CDC6E1:java.util.concurrent.CompletableFuture@1d234047[Not completed]
2019-10-02 07:35:43,832 [grpc-default-executor-3] INFO  impl.RaftServerProxy (RaftServerProxy.java:addNew(89)) - ceafac3c-b94e-436b-b57a-960890b1af34: addNew group-4F4517CDC6E1:[e774d0d1-00b7-40b4-85b3-8faca11cae95:192.168.5.178:33677, ceafac3c-b94e-436b-b57a-960890b1af34:192.168.5.178:45023, 804fc30f-f23d-4bcd-9bd5-debbbb81330f:192.168.5.178:45868] returns group-4F4517CDC6E1:java.util.concurrent.CompletableFuture@13030659[Not completed]
2019-10-02 07:35:43,834 [grpc-default-executor-5] INFO  impl.RaftServerProxy (RaftServerProxy.java:addNew(89)) - e774d0d1-00b7-40b4-85b3-8faca11cae95: addNew group-4F4517CDC6E1:[e774d0d1-00b7-40b4-85b3-8faca11cae95:192.168.5.178:33677, ceafac3c-b94e-436b-b57a-960890b1af34:192.168.5.178:45023, 804fc30f-f23d-4bcd-9bd5-debbbb81330f:192.168.5.178:45868] returns group-4F4517CDC6E1:java.util.concurrent.CompletableFuture@297fea2[Not completed]
2019-10-02 07:35:43,836 [pool-27-thread-1] INFO  impl.RaftServerImpl (RaftServerImpl.java:<init>(95)) - 804fc30f-f23d-4bcd-9bd5-debbbb81330f: new RaftServerImpl for group-4F4517CDC6E1:[e774d0d1-00b7-40b4-85b3-8faca11cae95:192.168.5.178:33677, ceafac3c-b94e-436b-b57a-960890b1af34:192.168.5.178:45023, 804fc30f-f23d-4bcd-9bd5-debbbb81330f:192.168.5.178:45868] with ContainerStateMachine:uninitialized
2019-10-02 07:35:43,836 [pool-27-thread-1] INFO  server.RaftServerConfigKeys (ConfUtils.java:logGet(43)) - raft.server.rpc.timeout.min = 5s (custom)
2019-10-02 07:35:43,837 [pool-27-thread-1] INFO  server.RaftServerConfigKeys (ConfUtils.java:logGet(43)) - raft.server.rpc.timeout.max = 5200ms (custom)
2019-10-02 07:35:43,837 [pool-27-thread-1] INFO  server.RaftServerConfigKeys (ConfUtils.java:logGet(43)) - raft.server.rpcslowness.timeout = 120s (custom)
2019-10-02 07:35:43,837 [pool-27-thread-1] INFO  server.RaftServerConfigKeys (ConfUtils.java:logGet(43)) - raft.server.sleep.deviation.threshold = 300 (default)
2019-10-02 07:35:43,837 [pool-27-thread-1] INFO  server.RaftServerConfigKeys (ConfUtils.java:logGet(43)) - raft.server.log.appender.install.snapshot.enabled = false (custom)
2019-10-02 07:35:43,837 [pool-27-thread-1] INFO  impl.RaftServerImpl (ServerState.java:<init>(103)) - 804fc30f-f23d-4bcd-9bd5-debbbb81330f@group-4F4517CDC6E1: ConfigurationManager, init=-1: [e774d0d1-00b7-40b4-85b3-8faca11cae95:192.168.5.178:33677, ceafac3c-b94e-436b-b57a-960890b1af34:192.168.5.178:45023, 804fc30f-f23d-4bcd-9bd5-debbbb81330f:192.168.5.178:45868], old=null, confs=<EMPTY_MAP>
2019-10-02 07:35:43,837 [pool-67-thread-1] INFO  impl.RaftServerImpl (RaftServerImpl.java:<init>(95)) - ceafac3c-b94e-436b-b57a-960890b1af34: new RaftServerImpl for group-4F4517CDC6E1:[e774d0d1-00b7-40b4-85b3-8faca11cae95:192.168.5.178:33677, ceafac3c-b94e-436b-b57a-960890b1af34:192.168.5.178:45023, 804fc30f-f23d-4bcd-9bd5-debbbb81330f:192.168.5.178:45868] with ContainerStateMachine:uninitialized
2019-10-02 07:35:43,838 [pool-67-thread-1] INFO  server.RaftServerConfigKeys (ConfUtils.java:logGet(43)) - raft.server.rpc.timeout.min = 5s (custom)
2019-10-02 07:35:43,838 [pool-27-thread-1] INFO  server.RaftServerConfigKeys (ConfUtils.java:logGet(43)) - raft.server.storage.dir = [/workdir/hadoop-ozone/integration-test/target/test-dir/MiniOzoneClusterImpl-2816ce32-9f3d-4212-87e4-3e92bc85cde0/datanode-0/data/ratis] (custom)
2019-10-02 07:35:43,838 [pool-67-thread-1] INFO  server.RaftServerConfigKeys (ConfUtils.java:logGet(43)) - raft.server.rpc.timeout.max = 5200ms (custom)
2019-10-02 07:35:43,838 [pool-67-thread-1] INFO  server.RaftServerConfigKeys (ConfUtils.java:logGet(43)) - raft.server.rpcslowness.timeout = 120s (custom)
2019-10-02 07:35:43,838 [pool-27-thread-1] INFO  server.RaftServerConfigKeys (ConfUtils.java:logGet(43)) - raft.server.log.corruption.policy = EXCEPTION (default)
2019-10-02 07:35:43,838 [pool-67-thread-1] INFO  server.RaftServerConfigKeys (ConfUtils.java:logGet(43)) - raft.server.sleep.deviation.threshold = 300 (default)
2019-10-02 07:35:43,839 [pool-27-thread-1] INFO  storage.RaftStorageDirectory (RaftStorageDirectory.java:analyzeStorage(246)) - The storage directory /workdir/hadoop-ozone/integration-test/target/test-dir/MiniOzoneClusterImpl-2816ce32-9f3d-4212-87e4-3e92bc85cde0/datanode-0/data/ratis/882295ce-52ea-401e-9a8c-4f4517cdc6e1 does not exist. Creating ...
2019-10-02 07:35:43,839 [pool-87-thread-1] INFO  impl.RaftServerImpl (RaftServerImpl.java:<init>(95)) - e774d0d1-00b7-40b4-85b3-8faca11cae95: new RaftServerImpl for group-4F4517CDC6E1:[e774d0d1-00b7-40b4-85b3-8faca11cae95:192.168.5.178:33677, ceafac3c-b94e-436b-b57a-960890b1af34:192.168.5.178:45023, 804fc30f-f23d-4bcd-9bd5-debbbb81330f:192.168.5.178:45868] with ContainerStateMachine:uninitialized
2019-10-02 07:35:43,839 [pool-67-thread-1] INFO  server.RaftServerConfigKeys (ConfUtils.java:logGet(43)) - raft.server.log.appender.install.snapshot.enabled = false (custom)
2019-10-02 07:35:43,839 [pool-87-thread-1] INFO  server.RaftServerConfigKeys (ConfUtils.java:logGet(43)) - raft.server.rpc.timeout.min = 5s (custom)
2019-10-02 07:35:43,839 [pool-67-thread-1] INFO  impl.RaftServerImpl (ServerState.java:<init>(103)) - ceafac3c-b94e-436b-b57a-960890b1af34@group-4F4517CDC6E1: ConfigurationManager, init=-1: [e774d0d1-00b7-40b4-85b3-8faca11cae95:192.168.5.178:33677, ceafac3c-b94e-436b-b57a-960890b1af34:192.168.5.178:45023, 804fc30f-f23d-4bcd-9bd5-debbbb81330f:192.168.5.178:45868], old=null, confs=<EMPTY_MAP>
2019-10-02 07:35:43,839 [pool-87-thread-1] INFO  server.RaftServerConfigKeys (ConfUtils.java:logGet(43)) - raft.server.rpc.timeout.max = 5200ms (custom)
2019-10-02 07:35:43,840 [pool-67-thread-1] INFO  server.RaftServerConfigKeys (ConfUtils.java:logGet(43)) - raft.server.storage.dir = [/workdir/hadoop-ozone/integration-test/target/test-dir/MiniOzoneClusterImpl-2816ce32-9f3d-4212-87e4-3e92bc85cde0/datanode-4/data/ratis] (custom)
2019-10-02 07:35:43,840 [pool-87-thread-1] INFO  server.RaftServerConfigKeys (ConfUtils.java:logGet(43)) - raft.server.rpcslowness.timeout = 120s (custom)
2019-10-02 07:35:43,840 [pool-87-thread-1] INFO  server.RaftServerConfigKeys (ConfUtils.java:logGet(43)) - raft.server.sleep.deviation.threshold = 300 (default)
2019-10-02 07:35:43,840 [pool-67-thread-1] INFO  server.RaftServerConfigKeys (ConfUtils.java:logGet(43)) - raft.server.log.corruption.policy = EXCEPTION (default)
2019-10-02 07:35:43,840 [pool-87-thread-1] INFO  server.RaftServerConfigKeys (ConfUtils.java:logGet(43)) - raft.server.log.appender.install.snapshot.enabled = false (custom)
2019-10-02 07:35:43,840 [pool-67-thread-1] INFO  storage.RaftStorageDirectory (RaftStorageDirectory.java:analyzeStorage(246)) - The storage directory /workdir/hadoop-ozone/integration-test/target/test-dir/MiniOzoneClusterImpl-2816ce32-9f3d-4212-87e4-3e92bc85cde0/datanode-4/data/ratis/882295ce-52ea-401e-9a8c-4f4517cdc6e1 does not exist. Creating ...
2019-10-02 07:35:43,840 [pool-87-thread-1] INFO  impl.RaftServerImpl (ServerState.java:<init>(103)) - e774d0d1-00b7-40b4-85b3-8faca11cae95@group-4F4517CDC6E1: ConfigurationManager, init=-1: [e774d0d1-00b7-40b4-85b3-8faca11cae95:192.168.5.178:33677, ceafac3c-b94e-436b-b57a-960890b1af34:192.168.5.178:45023, 804fc30f-f23d-4bcd-9bd5-debbbb81330f:192.168.5.178:45868], old=null, confs=<EMPTY_MAP>
2019-10-02 07:35:43,841 [pool-87-thread-1] INFO  server.RaftServerConfigKeys (ConfUtils.java:logGet(43)) - raft.server.storage.dir = [/workdir/hadoop-ozone/integration-test/target/test-dir/MiniOzoneClusterImpl-2816ce32-9f3d-4212-87e4-3e92bc85cde0/datanode-6/data/ratis] (custom)
2019-10-02 07:35:43,841 [pool-87-thread-1] INFO  server.RaftServerConfigKeys (ConfUtils.java:logGet(43)) - raft.server.log.corruption.policy = EXCEPTION (default)
2019-10-02 07:35:43,841 [pool-87-thread-1] INFO  storage.RaftStorageDirectory (RaftStorageDirectory.java:analyzeStorage(246)) - The storage directory /workdir/hadoop-ozone/integration-test/target/test-dir/MiniOzoneClusterImpl-2816ce32-9f3d-4212-87e4-3e92bc85cde0/datanode-6/data/ratis/882295ce-52ea-401e-9a8c-4f4517cdc6e1 does not exist. Creating ...
2019-10-02 07:35:43,853 [pool-87-thread-1] INFO  storage.RaftStorageDirectory (RaftStorageDirectory.java:tryLock(328)) - Lock on /workdir/hadoop-ozone/integration-test/target/test-dir/MiniOzoneClusterImpl-2816ce32-9f3d-4212-87e4-3e92bc85cde0/datanode-6/data/ratis/882295ce-52ea-401e-9a8c-4f4517cdc6e1/in_use.lock acquired by nodename 1188@pr-trunk-8bg6x-723665176
2019-10-02 07:35:43,853 [pool-27-thread-1] INFO  storage.RaftStorageDirectory (RaftStorageDirectory.java:tryLock(328)) - Lock on /workdir/hadoop-ozone/integration-test/target/test-dir/MiniOzoneClusterImpl-2816ce32-9f3d-4212-87e4-3e92bc85cde0/datanode-0/data/ratis/882295ce-52ea-401e-9a8c-4f4517cdc6e1/in_use.lock acquired by nodename 1188@pr-trunk-8bg6x-723665176
2019-10-02 07:35:43,853 [pool-67-thread-1] INFO  storage.RaftStorageDirectory (RaftStorageDirectory.java:tryLock(328)) - Lock on /workdir/hadoop-ozone/integration-test/target/test-dir/MiniOzoneClusterImpl-2816ce32-9f3d-4212-87e4-3e92bc85cde0/datanode-4/data/ratis/882295ce-52ea-401e-9a8c-4f4517cdc6e1/in_use.lock acquired by nodename 1188@pr-trunk-8bg6x-723665176
2019-10-02 07:35:43,874 [pool-87-thread-1] INFO  storage.RaftStorage (RaftStorage.java:format(84)) - Storage directory /workdir/hadoop-ozone/integration-test/target/test-dir/MiniOzoneClusterImpl-2816ce32-9f3d-4212-87e4-3e92bc85cde0/datanode-6/data/ratis/882295ce-52ea-401e-9a8c-4f4517cdc6e1 has been successfully formatted.
2019-10-02 07:35:43,874 [pool-67-thread-1] INFO  storage.RaftStorage (RaftStorage.java:format(84)) - Storage directory /workdir/hadoop-ozone/integration-test/target/test-dir/MiniOzoneClusterImpl-2816ce32-9f3d-4212-87e4-3e92bc85cde0/datanode-4/data/ratis/882295ce-52ea-401e-9a8c-4f4517cdc6e1 has been successfully formatted.
2019-10-02 07:35:43,874 [pool-27-thread-1] INFO  storage.RaftStorage (RaftStorage.java:format(84)) - Storage directory /workdir/hadoop-ozone/integration-test/target/test-dir/MiniOzoneClusterImpl-2816ce32-9f3d-4212-87e4-3e92bc85cde0/datanode-0/data/ratis/882295ce-52ea-401e-9a8c-4f4517cdc6e1 has been successfully formatted.
2019-10-02 07:35:43,874 [pool-87-thread-1] INFO  ratis.ContainerStateMachine (ContainerStateMachine.java:loadSnapshot(231)) - group-4F4517CDC6E1: The snapshot info is null. Setting the last applied indexto:(t:0, i:~)
2019-10-02 07:35:43,874 [pool-67-thread-1] INFO  ratis.ContainerStateMachine (ContainerStateMachine.java:loadSnapshot(231)) - group-4F4517CDC6E1: The snapshot info is null. Setting the last applied indexto:(t:0, i:~)
2019-10-02 07:35:43,875 [pool-27-thread-1] INFO  ratis.ContainerStateMachine (ContainerStateMachine.java:loadSnapshot(231)) - group-4F4517CDC6E1: The snapshot info is null. Setting the last applied indexto:(t:0, i:~)
2019-10-02 07:35:43,875 [pool-67-thread-1] INFO  server.RaftServerConfigKeys (ConfUtils.java:logGet(43)) - raft.server.notification.no-leader.timeout = 120s (custom)
2019-10-02 07:35:43,875 [pool-87-thread-1] INFO  server.RaftServerConfigKeys (ConfUtils.java:logGet(43)) - raft.server.notification.no-leader.timeout = 120s (custom)
2019-10-02 07:35:43,875 [pool-67-thread-1] INFO  server.RaftServerConfigKeys (ConfUtils.java:logGet(43)) - raft.server.log.use.memory = false (default)
2019-10-02 07:35:43,875 [pool-27-thread-1] INFO  server.RaftServerConfigKeys (ConfUtils.java:logGet(43)) - raft.server.notification.no-leader.timeout = 120s (custom)
2019-10-02 07:35:43,875 [pool-67-thread-1] INFO  server.RaftServerConfigKeys (ConfUtils.java:logGet(43)) - raft.server.log.purge.gap = 1000000 (custom)
2019-10-02 07:35:43,875 [pool-87-thread-1] INFO  server.RaftServerConfigKeys (ConfUtils.java:logGet(43)) - raft.server.log.use.memory = false (default)
2019-10-02 07:35:43,876 [pool-67-thread-1] INFO  server.RaftServerConfigKeys (ConfUtils.java:logGet(43)) - raft.server.log.appender.buffer.byte-limit = 33554432 (custom)
2019-10-02 07:35:43,875 [pool-27-thread-1] INFO  server.RaftServerConfigKeys (ConfUtils.java:logGet(43)) - raft.server.log.use.memory = false (default)
2019-10-02 07:35:43,876 [pool-67-thread-1] INFO  server.RaftServerConfigKeys (ConfUtils.java:logGet(43)) - raft.server.log.segment.size.max = 1048576 (custom)
2019-10-02 07:35:43,876 [pool-87-thread-1] INFO  server.RaftServerConfigKeys (ConfUtils.java:logGet(43)) - raft.server.log.purge.gap = 1000000 (custom)
2019-10-02 07:35:43,876 [pool-67-thread-1] INFO  server.RaftServerConfigKeys (ConfUtils.java:logGet(43)) - raft.server.log.segment.cache.num.max = 2 (custom)
2019-10-02 07:35:43,876 [pool-27-thread-1] INFO  server.RaftServerConfigKeys (ConfUtils.java:logGet(43)) - raft.server.log.purge.gap = 1000000 (custom)
2019-10-02 07:35:43,876 [pool-67-thread-1] INFO  segmented.SegmentedRaftLogWorker (SegmentedRaftLogWorker.java:<init>(173)) - new ceafac3c-b94e-436b-b57a-960890b1af34@group-4F4517CDC6E1-SegmentedRaftLogWorker for RaftStorage:Storage Directory /workdir/hadoop-ozone/integration-test/target/test-dir/MiniOzoneClusterImpl-2816ce32-9f3d-4212-87e4-3e92bc85cde0/datanode-4/data/ratis/882295ce-52ea-401e-9a8c-4f4517cdc6e1
2019-10-02 07:35:43,877 [pool-67-thread-1] INFO  server.RaftServerConfigKeys (ConfUtils.java:logGet(43)) - raft.server.log.queue.byte-limit = 2147483647 (custom)
2019-10-02 07:35:43,876 [pool-87-thread-1] INFO  server.RaftServerConfigKeys (ConfUtils.java:logGet(43)) - raft.server.log.appender.buffer.byte-limit = 33554432 (custom)
2019-10-02 07:35:43,877 [pool-67-thread-1] INFO  server.RaftServerConfigKeys (ConfUtils.java:logGet(43)) - raft.server.log.queue.element-limit = 1024 (custom)
2019-10-02 07:35:43,877 [pool-27-thread-1] INFO  server.RaftServerConfigKeys (ConfUtils.java:logGet(43)) - raft.server.log.appender.buffer.byte-limit = 33554432 (custom)
2019-10-02 07:35:43,877 [pool-67-thread-1] INFO  server.RaftServerConfigKeys (ConfUtils.java:logGet(43)) - raft.server.log.segment.size.max = 1048576 (custom)
2019-10-02 07:35:43,877 [pool-87-thread-1] INFO  server.RaftServerConfigKeys (ConfUtils.java:logGet(43)) - raft.server.log.segment.size.max = 1048576 (custom)
2019-10-02 07:35:43,877 [pool-67-thread-1] INFO  server.RaftServerConfigKeys (ConfUtils.java:logGet(43)) - raft.server.log.preallocated.size = 16384 (custom)
2019-10-02 07:35:43,878 [pool-87-thread-1] INFO  server.RaftServerConfigKeys (ConfUtils.java:logGet(43)) - raft.server.log.segment.cache.num.max = 2 (custom)
2019-10-02 07:35:43,877 [pool-27-thread-1] INFO  server.RaftServerConfigKeys (ConfUtils.java:logGet(43)) - raft.server.log.segment.size.max = 1048576 (custom)
2019-10-02 07:35:43,878 [pool-87-thread-1] INFO  segmented.SegmentedRaftLogWorker (SegmentedRaftLogWorker.java:<init>(173)) - new e774d0d1-00b7-40b4-85b3-8faca11cae95@group-4F4517CDC6E1-SegmentedRaftLogWorker for RaftStorage:Storage Directory /workdir/hadoop-ozone/integration-test/target/test-dir/MiniOzoneClusterImpl-2816ce32-9f3d-4212-87e4-3e92bc85cde0/datanode-6/data/ratis/882295ce-52ea-401e-9a8c-4f4517cdc6e1
2019-10-02 07:35:43,878 [pool-67-thread-1] INFO  server.RaftServerConfigKeys (ConfUtils.java:logGet(43)) - raft.server.log.write.buffer.size = 33554432 (custom)
2019-10-02 07:35:43,878 [pool-87-thread-1] INFO  server.RaftServerConfigKeys (ConfUtils.java:logGet(43)) - raft.server.log.queue.byte-limit = 2147483647 (custom)
2019-10-02 07:35:43,878 [pool-27-thread-1] INFO  server.RaftServerConfigKeys (ConfUtils.java:logGet(43)) - raft.server.log.segment.cache.num.max = 2 (custom)
2019-10-02 07:35:43,878 [pool-87-thread-1] INFO  server.RaftServerConfigKeys (ConfUtils.java:logGet(43)) - raft.server.log.queue.element-limit = 1024 (custom)
2019-10-02 07:35:43,878 [pool-67-thread-1] INFO  server.RaftServerConfigKeys (ConfUtils.java:logGet(43)) - raft.server.log.force.sync.num = 128 (default)
2019-10-02 07:35:43,879 [pool-87-thread-1] INFO  server.RaftServerConfigKeys (ConfUtils.java:logGet(43)) - raft.server.log.segment.size.max = 1048576 (custom)
2019-10-02 07:35:43,879 [pool-27-thread-1] INFO  segmented.SegmentedRaftLogWorker (SegmentedRaftLogWorker.java:<init>(173)) - new 804fc30f-f23d-4bcd-9bd5-debbbb81330f@group-4F4517CDC6E1-SegmentedRaftLogWorker for RaftStorage:Storage Directory /workdir/hadoop-ozone/integration-test/target/test-dir/MiniOzoneClusterImpl-2816ce32-9f3d-4212-87e4-3e92bc85cde0/datanode-0/data/ratis/882295ce-52ea-401e-9a8c-4f4517cdc6e1
2019-10-02 07:35:43,879 [pool-87-thread-1] INFO  server.RaftServerConfigKeys (ConfUtils.java:logGet(43)) - raft.server.log.preallocated.size = 16384 (custom)
2019-10-02 07:35:43,879 [pool-67-thread-1] INFO  server.RaftServerConfigKeys (ConfUtils.java:logGet(43)) - raft.server.log.statemachine.data.sync = true (default)
2019-10-02 07:35:43,879 [pool-87-thread-1] INFO  server.RaftServerConfigKeys (ConfUtils.java:logGet(43)) - raft.server.log.write.buffer.size = 33554432 (custom)
2019-10-02 07:35:43,879 [pool-27-thread-1] INFO  server.RaftServerConfigKeys (ConfUtils.java:logGet(43)) - raft.server.log.queue.byte-limit = 2147483647 (custom)
2019-10-02 07:35:43,880 [pool-87-thread-1] INFO  server.RaftServerConfigKeys (ConfUtils.java:logGet(43)) - raft.server.log.force.sync.num = 128 (default)
2019-10-02 07:35:43,880 [pool-67-thread-1] INFO  server.RaftServerConfigKeys (ConfUtils.java:logGet(43)) - raft.server.log.statemachine.data.sync.timeout = 10s (default)
2019-10-02 07:35:43,880 [pool-87-thread-1] INFO  server.RaftServerConfigKeys (ConfUtils.java:logGet(43)) - raft.server.log.statemachine.data.sync = true (default)
2019-10-02 07:35:43,880 [pool-27-thread-1] INFO  server.RaftServerConfigKeys (ConfUtils.java:logGet(43)) - raft.server.log.queue.element-limit = 1024 (custom)
2019-10-02 07:35:43,880 [pool-87-thread-1] INFO  server.RaftServerConfigKeys (ConfUtils.java:logGet(43)) - raft.server.log.statemachine.data.sync.timeout = 10s (default)
2019-10-02 07:35:43,880 [pool-67-thread-1] INFO  server.RaftServerConfigKeys (ConfUtils.java:logGet(43)) - raft.server.log.statemachine.data.sync.timeout.retry = -1 (default)
2019-10-02 07:35:43,880 [pool-87-thread-1] INFO  server.RaftServerConfigKeys (ConfUtils.java:logGet(43)) - raft.server.log.statemachine.data.sync.timeout.retry = -1 (default)
2019-10-02 07:35:43,880 [pool-27-thread-1] INFO  server.RaftServerConfigKeys (ConfUtils.java:logGet(43)) - raft.server.log.segment.size.max = 1048576 (custom)
2019-10-02 07:35:43,881 [pool-87-thread-1] INFO  server.RaftServerConfigKeys (ConfUtils.java:logGet(43)) - raft.server.log.statemachine.data.caching.enabled = true (custom)
2019-10-02 07:35:43,881 [pool-67-thread-1] INFO  server.RaftServerConfigKeys (ConfUtils.java:logGet(43)) - raft.server.log.statemachine.data.caching.enabled = true (custom)
2019-10-02 07:35:43,881 [pool-27-thread-1] INFO  server.RaftServerConfigKeys (ConfUtils.java:logGet(43)) - raft.server.log.preallocated.size = 16384 (custom)
2019-10-02 07:35:43,881 [pool-87-thread-1] INFO  segmented.SegmentedRaftLogWorker (SegmentedRaftLogWorker.java:lambda$new$0(128)) - e774d0d1-00b7-40b4-85b3-8faca11cae95@group-4F4517CDC6E1-SegmentedRaftLogWorker: flushIndex: setUnconditionally 0 -> -1
2019-10-02 07:35:43,881 [pool-67-thread-1] INFO  segmented.SegmentedRaftLogWorker (SegmentedRaftLogWorker.java:lambda$new$0(128)) - ceafac3c-b94e-436b-b57a-960890b1af34@group-4F4517CDC6E1-SegmentedRaftLogWorker: flushIndex: setUnconditionally 0 -> -1
2019-10-02 07:35:43,881 [pool-27-thread-1] INFO  server.RaftServerConfigKeys (ConfUtils.java:logGet(43)) - raft.server.log.write.buffer.size = 33554432 (custom)
2019-10-02 07:35:43,882 [pool-87-thread-1] INFO  server.RaftServerConfigKeys (ConfUtils.java:logGet(43)) - raft.server.snapshot.auto.trigger.enabled = true (custom)
2019-10-02 07:35:43,882 [pool-67-thread-1] INFO  server.RaftServerConfigKeys (ConfUtils.java:logGet(43)) - raft.server.snapshot.auto.trigger.enabled = true (custom)
2019-10-02 07:35:43,882 [pool-27-thread-1] INFO  server.RaftServerConfigKeys (ConfUtils.java:logGet(43)) - raft.server.log.force.sync.num = 128 (default)
2019-10-02 07:35:43,882 [pool-67-thread-1] INFO  server.RaftServerConfigKeys (ConfUtils.java:logGet(43)) - raft.server.snapshot.auto.trigger.threshold = 10000 (custom)
2019-10-02 07:35:43,882 [pool-87-thread-1] INFO  server.RaftServerConfigKeys (ConfUtils.java:logGet(43)) - raft.server.snapshot.auto.trigger.threshold = 10000 (custom)
2019-10-02 07:35:43,882 [pool-67-thread-1] INFO  server.RaftServerConfigKeys (ConfUtils.java:logGet(43)) - raft.server.snapshot.retention.file.num = 5 (custom)
2019-10-02 07:35:43,882 [pool-27-thread-1] INFO  server.RaftServerConfigKeys (ConfUtils.java:logGet(43)) - raft.server.log.statemachine.data.sync = true (default)
2019-10-02 07:35:43,883 [pool-67-thread-1] INFO  server.RaftServerConfigKeys (ConfUtils.java:logGet(43)) - raft.server.retrycache.expirytime = 600000ms (custom)
2019-10-02 07:35:43,882 [pool-87-thread-1] INFO  server.RaftServerConfigKeys (ConfUtils.java:logGet(43)) - raft.server.snapshot.retention.file.num = 5 (custom)
2019-10-02 07:35:43,883 [pool-27-thread-1] INFO  server.RaftServerConfigKeys (ConfUtils.java:logGet(43)) - raft.server.log.statemachine.data.sync.timeout = 10s (default)
2019-10-02 07:35:43,883 [pool-87-thread-1] INFO  server.RaftServerConfigKeys (ConfUtils.java:logGet(43)) - raft.server.retrycache.expirytime = 600000ms (custom)
2019-10-02 07:35:43,883 [pool-27-thread-1] INFO  server.RaftServerConfigKeys (ConfUtils.java:logGet(43)) - raft.server.log.statemachine.data.sync.timeout.retry = -1 (default)
2019-10-02 07:35:43,883 [pool-27-thread-1] INFO  server.RaftServerConfigKeys (ConfUtils.java:logGet(43)) - raft.server.log.statemachine.data.caching.enabled = true (custom)
2019-10-02 07:35:43,884 [pool-27-thread-1] INFO  segmented.SegmentedRaftLogWorker (SegmentedRaftLogWorker.java:lambda$new$0(128)) - 804fc30f-f23d-4bcd-9bd5-debbbb81330f@group-4F4517CDC6E1-SegmentedRaftLogWorker: flushIndex: setUnconditionally 0 -> -1
2019-10-02 07:35:43,884 [pool-27-thread-1] INFO  server.RaftServerConfigKeys (ConfUtils.java:logGet(43)) - raft.server.snapshot.auto.trigger.enabled = true (custom)
2019-10-02 07:35:43,884 [pool-27-thread-1] INFO  server.RaftServerConfigKeys (ConfUtils.java:logGet(43)) - raft.server.snapshot.auto.trigger.threshold = 10000 (custom)
2019-10-02 07:35:43,885 [pool-27-thread-1] INFO  server.RaftServerConfigKeys (ConfUtils.java:logGet(43)) - raft.server.snapshot.retention.file.num = 5 (custom)
2019-10-02 07:35:43,885 [pool-27-thread-1] INFO  server.RaftServerConfigKeys (ConfUtils.java:logGet(43)) - raft.server.retrycache.expirytime = 600000ms (custom)
2019-10-02 07:35:43,889 [pool-67-thread-1] INFO  impl.RaftServerImpl (RaftServerImpl.java:start(181)) - ceafac3c-b94e-436b-b57a-960890b1af34@group-4F4517CDC6E1: start as a follower, conf=-1: [e774d0d1-00b7-40b4-85b3-8faca11cae95:192.168.5.178:33677, ceafac3c-b94e-436b-b57a-960890b1af34:192.168.5.178:45023, 804fc30f-f23d-4bcd-9bd5-debbbb81330f:192.168.5.178:45868], old=null
2019-10-02 07:35:43,889 [pool-67-thread-1] INFO  impl.RaftServerImpl (RaftServerImpl.java:setRole(170)) - ceafac3c-b94e-436b-b57a-960890b1af34@group-4F4517CDC6E1: changes role from      null to FOLLOWER at term 0 for startAsFollower
2019-10-02 07:35:43,889 [pool-87-thread-1] INFO  impl.RaftServerImpl (RaftServerImpl.java:start(181)) - e774d0d1-00b7-40b4-85b3-8faca11cae95@group-4F4517CDC6E1: start as a follower, conf=-1: [e774d0d1-00b7-40b4-85b3-8faca11cae95:192.168.5.178:33677, ceafac3c-b94e-436b-b57a-960890b1af34:192.168.5.178:45023, 804fc30f-f23d-4bcd-9bd5-debbbb81330f:192.168.5.178:45868], old=null
2019-10-02 07:35:43,889 [pool-67-thread-1] INFO  impl.RoleInfo (RoleInfo.java:updateAndGet(143)) - ceafac3c-b94e-436b-b57a-960890b1af34: start FollowerState
2019-10-02 07:35:43,889 [pool-27-thread-1] INFO  impl.RaftServerImpl (RaftServerImpl.java:start(181)) - 804fc30f-f23d-4bcd-9bd5-debbbb81330f@group-4F4517CDC6E1: start as a follower, conf=-1: [e774d0d1-00b7-40b4-85b3-8faca11cae95:192.168.5.178:33677, ceafac3c-b94e-436b-b57a-960890b1af34:192.168.5.178:45023, 804fc30f-f23d-4bcd-9bd5-debbbb81330f:192.168.5.178:45868], old=null
2019-10-02 07:35:43,889 [pool-87-thread-1] INFO  impl.RaftServerImpl (RaftServerImpl.java:setRole(170)) - e774d0d1-00b7-40b4-85b3-8faca11cae95@group-4F4517CDC6E1: changes role from      null to FOLLOWER at term 0 for startAsFollower
2019-10-02 07:35:43,889 [pool-27-thread-1] INFO  impl.RaftServerImpl (RaftServerImpl.java:setRole(170)) - 804fc30f-f23d-4bcd-9bd5-debbbb81330f@group-4F4517CDC6E1: changes role from      null to FOLLOWER at term 0 for startAsFollower
2019-10-02 07:35:43,889 [pool-87-thread-1] INFO  impl.RoleInfo (RoleInfo.java:updateAndGet(143)) - e774d0d1-00b7-40b4-85b3-8faca11cae95: start FollowerState
2019-10-02 07:35:43,890 [pool-27-thread-1] INFO  impl.RoleInfo (RoleInfo.java:updateAndGet(143)) - 804fc30f-f23d-4bcd-9bd5-debbbb81330f: start FollowerState
2019-10-02 07:35:43,890 [pool-67-thread-1] INFO  util.JmxRegister (JmxRegister.java:tryRegister(44)) - Successfully registered JMX Bean with object name Ratis:service=RaftServer,group=group-4F4517CDC6E1,id=ceafac3c-b94e-436b-b57a-960890b1af34
2019-10-02 07:35:43,890 [pool-87-thread-1] INFO  util.JmxRegister (JmxRegister.java:tryRegister(44)) - Successfully registered JMX Bean with object name Ratis:service=RaftServer,group=group-4F4517CDC6E1,id=e774d0d1-00b7-40b4-85b3-8faca11cae95
2019-10-02 07:35:43,890 [pool-27-thread-1] INFO  util.JmxRegister (JmxRegister.java:tryRegister(44)) - Successfully registered JMX Bean with object name Ratis:service=RaftServer,group=group-4F4517CDC6E1,id=804fc30f-f23d-4bcd-9bd5-debbbb81330f
2019-10-02 07:35:43,904 [RatisPipelineUtilsThread] INFO  pipeline.PipelineStateManager (PipelineStateManager.java:addPipeline(56)) - Created pipeline Pipeline[ Id: 882295ce-52ea-401e-9a8c-4f4517cdc6e1, Nodes: 804fc30f-f23d-4bcd-9bd5-debbbb81330f{ip: 192.168.5.178, host: pr-trunk-8bg6x-723665176, networkLocation: /default-rack, certSerialId: null}e774d0d1-00b7-40b4-85b3-8faca11cae95{ip: 192.168.5.178, host: pr-trunk-8bg6x-723665176, networkLocation: /default-rack, certSerialId: null}ceafac3c-b94e-436b-b57a-960890b1af34{ip: 192.168.5.178, host: pr-trunk-8bg6x-723665176, networkLocation: /default-rack, certSerialId: null}, Type:RATIS, Factor:THREE, State:OPEN]
2019-10-02 07:35:44,539 [main] WARN  io.KeyOutputStream (KeyOutputStream.java:handleException(274)) - Encountered exception java.io.IOException: Unexpected Storage Container Exception: java.util.concurrent.CompletionException: java.util.concurrent.CompletionException: org.apache.ratis.protocol.GroupMismatchException: e774d0d1-00b7-40b4-85b3-8faca11cae95: group-8DFF1A90DE46 not found. on the pipeline Pipeline[ Id: 2b318143-f147-404d-81d6-8dff1a90de46, Nodes: 804fc30f-f23d-4bcd-9bd5-debbbb81330f{ip: 192.168.5.178, host: pr-trunk-8bg6x-723665176, networkLocation: /default-rack, certSerialId: null}e774d0d1-00b7-40b4-85b3-8faca11cae95{ip: 192.168.5.178, host: pr-trunk-8bg6x-723665176, networkLocation: /default-rack, certSerialId: null}ceafac3c-b94e-436b-b57a-960890b1af34{ip: 192.168.5.178, host: pr-trunk-8bg6x-723665176, networkLocation: /default-rack, certSerialId: null}, Type:RATIS, Factor:THREE, State:OPEN]. The last committed block length is 0, uncommitted data length is 400 retry count 0
2019-10-02 07:35:48,932 [Thread-518] INFO  impl.FollowerState (FollowerState.java:run(108)) - ceafac3c-b94e-436b-b57a-960890b1af34@group-4F4517CDC6E1-FollowerState: change to CANDIDATE, lastRpcTime:5042ms, electionTimeout:5042ms
2019-10-02 07:35:48,936 [Thread-518] INFO  impl.RoleInfo (RoleInfo.java:shutdownFollowerState(121)) - ceafac3c-b94e-436b-b57a-960890b1af34: shutdown FollowerState
2019-10-02 07:35:48,936 [Thread-518] INFO  impl.RaftServerImpl (RaftServerImpl.java:setRole(170)) - ceafac3c-b94e-436b-b57a-960890b1af34@group-4F4517CDC6E1: changes role from  FOLLOWER to CANDIDATE at term 0 for changeToCandidate
2019-10-02 07:35:48,937 [Thread-518] INFO  impl.RoleInfo (RoleInfo.java:updateAndGet(143)) - ceafac3c-b94e-436b-b57a-960890b1af34: start LeaderElection
2019-10-02 07:35:48,957 [ceafac3c-b94e-436b-b57a-960890b1af34@group-4F4517CDC6E1-LeaderElection11] INFO  impl.LeaderElection (LeaderElection.java:askForVotes(178)) - ceafac3c-b94e-436b-b57a-960890b1af34@group-4F4517CDC6E1-LeaderElection11: begin an election at term 1 for -1: [e774d0d1-00b7-40b4-85b3-8faca11cae95:192.168.5.178:33677, ceafac3c-b94e-436b-b57a-960890b1af34:192.168.5.178:45023, 804fc30f-f23d-4bcd-9bd5-debbbb81330f:192.168.5.178:45868], old=null
2019-10-02 07:35:48,966 [grpc-default-executor-3] INFO  impl.RaftServerImpl (RaftServerImpl.java:setRole(170)) - 804fc30f-f23d-4bcd-9bd5-debbbb81330f@group-4F4517CDC6E1: changes role from  FOLLOWER to FOLLOWER at term 1 for recognizeCandidate:ceafac3c-b94e-436b-b57a-960890b1af34
2019-10-02 07:35:48,966 [grpc-default-executor-3] INFO  impl.RoleInfo (RoleInfo.java:shutdownFollowerState(121)) - 804fc30f-f23d-4bcd-9bd5-debbbb81330f: shutdown FollowerState
2019-10-02 07:35:48,966 [grpc-default-executor-3] INFO  impl.RoleInfo (RoleInfo.java:updateAndGet(143)) - 804fc30f-f23d-4bcd-9bd5-debbbb81330f: start FollowerState
2019-10-02 07:35:48,966 [Thread-520] INFO  impl.FollowerState (FollowerState.java:run(117)) - 804fc30f-f23d-4bcd-9bd5-debbbb81330f@group-4F4517CDC6E1-FollowerState was interrupted: java.lang.InterruptedException: sleep interrupted
2019-10-02 07:35:48,973 [grpc-default-executor-5] INFO  impl.RaftServerImpl (RaftServerImpl.java:setRole(170)) - e774d0d1-00b7-40b4-85b3-8faca11cae95@group-4F4517CDC6E1: changes role from  FOLLOWER to FOLLOWER at term 1 for recognizeCandidate:ceafac3c-b94e-436b-b57a-960890b1af34
2019-10-02 07:35:48,973 [grpc-default-executor-5] INFO  impl.RoleInfo (RoleInfo.java:shutdownFollowerState(121)) - e774d0d1-00b7-40b4-85b3-8faca11cae95: shutdown FollowerState
2019-10-02 07:35:48,973 [grpc-default-executor-5] INFO  impl.RoleInfo (RoleInfo.java:updateAndGet(143)) - e774d0d1-00b7-40b4-85b3-8faca11cae95: start FollowerState
2019-10-02 07:35:48,973 [Thread-519] INFO  impl.FollowerState (FollowerState.java:run(117)) - e774d0d1-00b7-40b4-85b3-8faca11cae95@group-4F4517CDC6E1-FollowerState was interrupted: java.lang.InterruptedException: sleep interrupted
2019-10-02 07:35:48,988 [ceafac3c-b94e-436b-b57a-960890b1af34@group-4F4517CDC6E1-LeaderElection11] INFO  impl.LeaderElection (LeaderElection.java:logAndReturn(56)) - ceafac3c-b94e-436b-b57a-960890b1af34@group-4F4517CDC6E1-LeaderElection11: Election PASSED; received 1 response(s) [ceafac3c-b94e-436b-b57a-960890b1af34<-e774d0d1-00b7-40b4-85b3-8faca11cae95#0:OK-t1] and 0 exception(s); ceafac3c-b94e-436b-b57a-960890b1af34@group-4F4517CDC6E1:t1, leader=null, voted=ceafac3c-b94e-436b-b57a-960890b1af34, raftlog=ceafac3c-b94e-436b-b57a-960890b1af34@group-4F4517CDC6E1-SegmentedRaftLog:OPENED:c-1,f-1,i0, conf=-1: [e774d0d1-00b7-40b4-85b3-8faca11cae95:192.168.5.178:33677, ceafac3c-b94e-436b-b57a-960890b1af34:192.168.5.178:45023, 804fc30f-f23d-4bcd-9bd5-debbbb81330f:192.168.5.178:45868], old=null
2019-10-02 07:35:48,988 [ceafac3c-b94e-436b-b57a-960890b1af34@group-4F4517CDC6E1-LeaderElection11] INFO  impl.RoleInfo (RoleInfo.java:shutdownLeaderElection(134)) - ceafac3c-b94e-436b-b57a-960890b1af34: shutdown LeaderElection
2019-10-02 07:35:48,991 [ceafac3c-b94e-436b-b57a-960890b1af34@group-4F4517CDC6E1-LeaderElection11] INFO  impl.RaftServerImpl (RaftServerImpl.java:setRole(170)) - ceafac3c-b94e-436b-b57a-960890b1af34@group-4F4517CDC6E1: changes role from CANDIDATE to LEADER at term 1 for changeToLeader
2019-10-02 07:35:48,991 [ceafac3c-b94e-436b-b57a-960890b1af34@group-4F4517CDC6E1-LeaderElection11] INFO  impl.RaftServerImpl (ServerState.java:setLeader(255)) - ceafac3c-b94e-436b-b57a-960890b1af34@group-4F4517CDC6E1: change Leader from null to ceafac3c-b94e-436b-b57a-960890b1af34 at term 1 for becomeLeader, leader elected after 5116ms
2019-10-02 07:35:48,991 [ceafac3c-b94e-436b-b57a-960890b1af34@group-4F4517CDC6E1-LeaderElection11] INFO  server.RaftServerConfigKeys (ConfUtils.java:logGet(43)) - raft.server.staging.catchup.gap = 1000 (default)
2019-10-02 07:35:48,992 [ceafac3c-b94e-436b-b57a-960890b1af34@group-4F4517CDC6E1-LeaderElection11] INFO  server.RaftServerConfigKeys (ConfUtils.java:logGet(43)) - raft.server.rpc.sleep.time = 25ms (default)
2019-10-02 07:35:48,992 [ceafac3c-b94e-436b-b57a-960890b1af34@group-4F4517CDC6E1-LeaderElection11] INFO  server.RaftServerConfigKeys (ConfUtils.java:logGet(43)) - raft.server.write.element-limit = 4096 (default)
2019-10-02 07:35:48,992 [ceafac3c-b94e-436b-b57a-960890b1af34@group-4F4517CDC6E1-LeaderElection11] INFO  server.RaftServerConfigKeys (ConfUtils.java:logGet(43)) - raft.server.watch.timeout = 10s (default)
2019-10-02 07:35:48,992 [ceafac3c-b94e-436b-b57a-960890b1af34@group-4F4517CDC6E1-LeaderElection11] INFO  server.RaftServerConfigKeys (ConfUtils.java:logGet(43)) - raft.server.watch.timeout.denomination = 1s (default)
2019-10-02 07:35:48,993 [ceafac3c-b94e-436b-b57a-960890b1af34@group-4F4517CDC6E1-LeaderElection11] INFO  server.RaftServerConfigKeys (ConfUtils.java:logGet(43)) - raft.server.watch.element-limit = 65536 (default)
2019-10-02 07:35:48,998 [ceafac3c-b94e-436b-b57a-960890b1af34@group-4F4517CDC6E1-LeaderElection11] INFO  server.RaftServerConfigKeys (ConfUtils.java:logGet(43)) - raft.server.log.appender.snapshot.chunk.size.max = 16MB (=16777216) (default)
2019-10-02 07:35:48,999 [ceafac3c-b94e-436b-b57a-960890b1af34@group-4F4517CDC6E1-LeaderElection11] INFO  server.RaftServerConfigKeys (ConfUtils.java:logGet(43)) - raft.server.log.appender.buffer.byte-limit = 33554432 (custom)
2019-10-02 07:35:48,999 [ceafac3c-b94e-436b-b57a-960890b1af34@group-4F4517CDC6E1-LeaderElection11] INFO  server.RaftServerConfigKeys (ConfUtils.java:logGet(43)) - raft.server.log.appender.buffer.element-limit = 1 (custom)
2019-10-02 07:35:48,999 [ceafac3c-b94e-436b-b57a-960890b1af34@group-4F4517CDC6E1-LeaderElection11] INFO  grpc.GrpcConfigKeys$Server (ConfUtils.java:logGet(43)) - raft.grpc.server.leader.outstanding.appends.max = 128 (default)
2019-10-02 07:35:48,999 [ceafac3c-b94e-436b-b57a-960890b1af34@group-4F4517CDC6E1-LeaderElection11] INFO  server.RaftServerConfigKeys (ConfUtils.java:logGet(43)) - raft.server.rpc.request.timeout = 3000ms (default)
2019-10-02 07:35:49,000 [ceafac3c-b94e-436b-b57a-960890b1af34@group-4F4517CDC6E1-LeaderElection11] INFO  server.RaftServerConfigKeys (ConfUtils.java:logGet(43)) - raft.server.log.appender.install.snapshot.enabled = false (custom)
2019-10-02 07:35:49,000 [ceafac3c-b94e-436b-b57a-960890b1af34@group-4F4517CDC6E1-LeaderElection11] INFO  server.RaftServerConfigKeys (ConfUtils.java:logGet(43)) - raft.server.log.appender.snapshot.chunk.size.max = 16MB (=16777216) (default)
2019-10-02 07:35:49,000 [ceafac3c-b94e-436b-b57a-960890b1af34@group-4F4517CDC6E1-LeaderElection11] INFO  server.RaftServerConfigKeys (ConfUtils.java:logGet(43)) - raft.server.log.appender.buffer.byte-limit = 33554432 (custom)
2019-10-02 07:35:49,000 [ceafac3c-b94e-436b-b57a-960890b1af34@group-4F4517CDC6E1-LeaderElection11] INFO  server.RaftServerConfigKeys (ConfUtils.java:logGet(43)) - raft.server.log.appender.buffer.element-limit = 1 (custom)
2019-10-02 07:35:49,000 [ceafac3c-b94e-436b-b57a-960890b1af34@group-4F4517CDC6E1-LeaderElection11] INFO  grpc.GrpcConfigKeys$Server (ConfUtils.java:logGet(43)) - raft.grpc.server.leader.outstanding.appends.max = 128 (default)
2019-10-02 07:35:49,000 [ceafac3c-b94e-436b-b57a-960890b1af34@group-4F4517CDC6E1-LeaderElection11] INFO  server.RaftServerConfigKeys (ConfUtils.java:logGet(43)) - raft.server.rpc.request.timeout = 3000ms (default)
2019-10-02 07:35:49,001 [ceafac3c-b94e-436b-b57a-960890b1af34@group-4F4517CDC6E1-LeaderElection11] INFO  server.RaftServerConfigKeys (ConfUtils.java:logGet(43)) - raft.server.log.appender.install.snapshot.enabled = false (custom)
2019-10-02 07:35:49,001 [ceafac3c-b94e-436b-b57a-960890b1af34@group-4F4517CDC6E1-LeaderElection11] INFO  impl.RoleInfo (RoleInfo.java:updateAndGet(143)) - ceafac3c-b94e-436b-b57a-960890b1af34: start LeaderState
2019-10-02 07:35:49,001 [ceafac3c-b94e-436b-b57a-960890b1af34@group-4F4517CDC6E1-LeaderElection11] INFO  segmented.SegmentedRaftLogWorker (SegmentedRaftLogWorker.java:startLogSegment(385)) - ceafac3c-b94e-436b-b57a-960890b1af34@group-4F4517CDC6E1-SegmentedRaftLogWorker: Starting segment from index:0
2019-10-02 07:35:49,003 [ceafac3c-b94e-436b-b57a-960890b1af34@group-4F4517CDC6E1-LeaderElection11] INFO  impl.RaftServerImpl (ServerState.java:setRaftConf(356)) - ceafac3c-b94e-436b-b57a-960890b1af34@group-4F4517CDC6E1: set configuration 0: [e774d0d1-00b7-40b4-85b3-8faca11cae95:192.168.5.178:33677, ceafac3c-b94e-436b-b57a-960890b1af34:192.168.5.178:45023, 804fc30f-f23d-4bcd-9bd5-debbbb81330f:192.168.5.178:45868], old=null at 0
2019-10-02 07:35:49,033 [grpc-default-executor-3] INFO  impl.RaftServerImpl (ServerState.java:setLeader(255)) - 804fc30f-f23d-4bcd-9bd5-debbbb81330f@group-4F4517CDC6E1: change Leader from null to ceafac3c-b94e-436b-b57a-960890b1af34 at term 1 for appendEntries, leader elected after 5158ms
2019-10-02 07:35:49,035 [grpc-default-executor-5] INFO  impl.RaftServerImpl (ServerState.java:setLeader(255)) - e774d0d1-00b7-40b4-85b3-8faca11cae95@group-4F4517CDC6E1: change Leader from null to ceafac3c-b94e-436b-b57a-960890b1af34 at term 1 for appendEntries, leader elected after 5160ms
2019-10-02 07:35:49,043 [grpc-default-executor-5] INFO  impl.RaftServerImpl (ServerState.java:setRaftConf(356)) - e774d0d1-00b7-40b4-85b3-8faca11cae95@group-4F4517CDC6E1: set configuration 0: [e774d0d1-00b7-40b4-85b3-8faca11cae95:192.168.5.178:33677, ceafac3c-b94e-436b-b57a-960890b1af34:192.168.5.178:45023, 804fc30f-f23d-4bcd-9bd5-debbbb81330f:192.168.5.178:45868], old=null at 0
2019-10-02 07:35:49,044 [grpc-default-executor-3] INFO  impl.RaftServerImpl (ServerState.java:setRaftConf(356)) - 804fc30f-f23d-4bcd-9bd5-debbbb81330f@group-4F4517CDC6E1: set configuration 0: [e774d0d1-00b7-40b4-85b3-8faca11cae95:192.168.5.178:33677, ceafac3c-b94e-436b-b57a-960890b1af34:192.168.5.178:45023, 804fc30f-f23d-4bcd-9bd5-debbbb81330f:192.168.5.178:45868], old=null at 0
2019-10-02 07:35:49,044 [grpc-default-executor-5] INFO  segmented.SegmentedRaftLogWorker (SegmentedRaftLogWorker.java:startLogSegment(385)) - e774d0d1-00b7-40b4-85b3-8faca11cae95@group-4F4517CDC6E1-SegmentedRaftLogWorker: Starting segment from index:0
2019-10-02 07:35:49,044 [grpc-default-executor-3] INFO  segmented.SegmentedRaftLogWorker (SegmentedRaftLogWorker.java:startLogSegment(385)) - 804fc30f-f23d-4bcd-9bd5-debbbb81330f@group-4F4517CDC6E1-SegmentedRaftLogWorker: Starting segment from index:0
2019-10-02 07:35:49,044 [ceafac3c-b94e-436b-b57a-960890b1af34@group-4F4517CDC6E1-SegmentedRaftLogWorker] INFO  segmented.SegmentedRaftLogWorker (SegmentedRaftLogWorker.java:execute(574)) - ceafac3c-b94e-436b-b57a-960890b1af34@group-4F4517CDC6E1-SegmentedRaftLogWorker: created new log segment /workdir/hadoop-ozone/integration-test/target/test-dir/MiniOzoneClusterImpl-2816ce32-9f3d-4212-87e4-3e92bc85cde0/datanode-4/data/ratis/882295ce-52ea-401e-9a8c-4f4517cdc6e1/current/log_inprogress_0
2019-10-02 07:35:49,089 [e774d0d1-00b7-40b4-85b3-8faca11cae95@group-4F4517CDC6E1-SegmentedRaftLogWorker] INFO  segmented.SegmentedRaftLogWorker (SegmentedRaftLogWorker.java:execute(574)) - e774d0d1-00b7-40b4-85b3-8faca11cae95@group-4F4517CDC6E1-SegmentedRaftLogWorker: created new log segment /workdir/hadoop-ozone/integration-test/target/test-dir/MiniOzoneClusterImpl-2816ce32-9f3d-4212-87e4-3e92bc85cde0/datanode-6/data/ratis/882295ce-52ea-401e-9a8c-4f4517cdc6e1/current/log_inprogress_0
2019-10-02 07:35:49,089 [804fc30f-f23d-4bcd-9bd5-debbbb81330f@group-4F4517CDC6E1-SegmentedRaftLogWorker] INFO  segmented.SegmentedRaftLogWorker (SegmentedRaftLogWorker.java:execute(574)) - 804fc30f-f23d-4bcd-9bd5-debbbb81330f@group-4F4517CDC6E1-SegmentedRaftLogWorker: created new log segment /workdir/hadoop-ozone/integration-test/target/test-dir/MiniOzoneClusterImpl-2816ce32-9f3d-4212-87e4-3e92bc85cde0/datanode-0/data/ratis/882295ce-52ea-401e-9a8c-4f4517cdc6e1/current/log_inprogress_0
2019-10-02 07:35:49,921 [pool-66-thread-2] ERROR impl.ChunkManagerImpl (ChunkUtils.java:writeData(89)) - data array does not match the length specified. DataLen: 100 Byte Array: 246
2019-10-02 07:35:49,924 [pool-66-thread-2] INFO  keyvalue.KeyValueHandler (ContainerUtils.java:logAndReturnError(146)) - Operation: WriteChunk : Trace ID: d6336728b2a4f45e:d6336728b2a4f45e:0:0 : Message: data array does not match the length specified. DataLen: 100 Byte Array: 246 : Result: INVALID_WRITE_SIZE
07:35:49.957 [pool-66-thread-2] ERROR DNAudit - user=null | ip=null | op=WRITE_CHUNK {blockData=conID: 2 locID: 102891634332925954 bcsId: 0} | ret=FAILURE
java.lang.Exception: data array does not match the length specified. DataLen: 100 Byte Array: 246
	at org.apache.hadoop.ozone.container.common.impl.HddsDispatcher.dispatchRequest(HddsDispatcher.java:330) ~[hadoop-hdds-container-service-0.5.0-SNAPSHOT.jar:?]
	at org.apache.hadoop.ozone.container.common.impl.HddsDispatcher.dispatch(HddsDispatcher.java:150) ~[hadoop-hdds-container-service-0.5.0-SNAPSHOT.jar:?]
	at org.apache.hadoop.ozone.container.common.transport.server.ratis.ContainerStateMachine.dispatchCommand(ContainerStateMachine.java:407) ~[hadoop-hdds-container-service-0.5.0-SNAPSHOT.jar:?]
	at org.apache.hadoop.ozone.container.common.transport.server.ratis.ContainerStateMachine.runCommand(ContainerStateMachine.java:415) ~[hadoop-hdds-container-service-0.5.0-SNAPSHOT.jar:?]
	at org.apache.hadoop.ozone.container.common.transport.server.ratis.ContainerStateMachine.lambda$handleWriteChunk$1(ContainerStateMachine.java:450) ~[hadoop-hdds-container-service-0.5.0-SNAPSHOT.jar:?]
	at java.util.concurrent.CompletableFuture$AsyncSupply.run(CompletableFuture.java:1590) [?:1.8.0_212]
	at java.util.concurrent.ThreadPoolExecutor.runWorker(ThreadPoolExecutor.java:1149) [?:1.8.0_212]
	at java.util.concurrent.ThreadPoolExecutor$Worker.run(ThreadPoolExecutor.java:624) [?:1.8.0_212]
	at java.lang.Thread.run(Thread.java:748) [?:1.8.0_212]
2019-10-02 07:35:49,958 [EventQueue-IncrementalContainerReportForIncrementalContainerReportHandler] WARN  container.IncrementalContainerReportHandler (AbstractContainerReportHandler.java:updateContainerState(143)) - Container #2 is in OPEN state, but the datanode ceafac3c-b94e-436b-b57a-960890b1af34{ip: 192.168.5.178, host: pr-trunk-8bg6x-723665176, networkLocation: /default-rack, certSerialId: null} reports an UNHEALTHY replica.
2019-10-02 07:35:49,958 [pool-66-thread-2] ERROR ratis.ContainerStateMachine (ContainerStateMachine.java:lambda$handleWriteChunk$2(470)) - group-4F4517CDC6E1: writeChunk writeStateMachineData failed: blockIdcontainerID: 2
localID: 102891634332925954
blockCommitSequenceId: 0
 logIndex 1 chunkName 102891634332925954_chunk_1 Error message: data array does not match the length specified. DataLen: 100 Byte Array: 246 Container Result: INVALID_WRITE_SIZE
2019-10-02 07:35:49,959 [EventQueue-CloseContainerForCloseContainerEventHandler] INFO  container.CloseContainerEventHandler (CloseContainerEventHandler.java:onMessage(61)) - Close container Event triggered for container : #2
2019-10-02 07:35:49,961 [ceafac3c-b94e-436b-b57a-960890b1af34@group-4F4517CDC6E1-SegmentedRaftLogWorker] ERROR ratis.XceiverServerRatis (XceiverServerRatis.java:triggerPipelineClose(581)) - pipeline Action CLOSE  on pipeline PipelineID=882295ce-52ea-401e-9a8c-4f4517cdc6e1.Reason : data array does not match the length specified. DataLen: 100 Byte Array: 246
2019-10-02 07:35:49,962 [ceafac3c-b94e-436b-b57a-960890b1af34@group-4F4517CDC6E1-SegmentedRaftLogWorker] ERROR ratis.XceiverServerRatis (XceiverServerRatis.java:triggerPipelineClose(581)) - pipeline Action CLOSE  on pipeline PipelineID=882295ce-52ea-401e-9a8c-4f4517cdc6e1.Reason : Log already failed at index 1 for task WriteLog:1: (t:1, i:1), STATEMACHINELOGENTRY, client-F68238417A99, cid=28
2019-10-02 07:35:49,963 [EventQueue-PipelineActionsForPipelineActionHandler] ERROR pipeline.PipelineActionHandler (PipelineActionHandler.java:onMessage(60)) - Received pipeline action CLOSE for Pipeline[ Id: 882295ce-52ea-401e-9a8c-4f4517cdc6e1, Nodes: 804fc30f-f23d-4bcd-9bd5-debbbb81330f{ip: 192.168.5.178, host: pr-trunk-8bg6x-723665176, networkLocation: /default-rack, certSerialId: null}e774d0d1-00b7-40b4-85b3-8faca11cae95{ip: 192.168.5.178, host: pr-trunk-8bg6x-723665176, networkLocation: /default-rack, certSerialId: null}ceafac3c-b94e-436b-b57a-960890b1af34{ip: 192.168.5.178, host: pr-trunk-8bg6x-723665176, networkLocation: /default-rack, certSerialId: null}, Type:RATIS, Factor:THREE, State:OPEN] from datanode ceafac3c-b94e-436b-b57a-960890b1af34{ip: 192.168.5.178, host: pr-trunk-8bg6x-723665176, networkLocation: /default-rack, certSerialId: null}. Reason : data array does not match the length specified. DataLen: 100 Byte Array: 246
2019-10-02 07:35:49,963 [EventQueue-PipelineActionsForPipelineActionHandler] INFO  pipeline.SCMPipelineManager (SCMPipelineManager.java:finalizeAndDestroyPipeline(315)) - destroying pipeline:Pipeline[ Id: 882295ce-52ea-401e-9a8c-4f4517cdc6e1, Nodes: 804fc30f-f23d-4bcd-9bd5-debbbb81330f{ip: 192.168.5.178, host: pr-trunk-8bg6x-723665176, networkLocation: /default-rack, certSerialId: null}e774d0d1-00b7-40b4-85b3-8faca11cae95{ip: 192.168.5.178, host: pr-trunk-8bg6x-723665176, networkLocation: /default-rack, certSerialId: null}ceafac3c-b94e-436b-b57a-960890b1af34{ip: 192.168.5.178, host: pr-trunk-8bg6x-723665176, networkLocation: /default-rack, certSerialId: null}, Type:RATIS, Factor:THREE, State:OPEN]
2019-10-02 07:35:49,963 [EventQueue-PipelineActionsForPipelineActionHandler] INFO  pipeline.PipelineStateManager (PipelineStateManager.java:finalizePipeline(123)) - Pipeline Pipeline[ Id: 882295ce-52ea-401e-9a8c-4f4517cdc6e1, Nodes: 804fc30f-f23d-4bcd-9bd5-debbbb81330f{ip: 192.168.5.178, host: pr-trunk-8bg6x-723665176, networkLocation: /default-rack, certSerialId: null}e774d0d1-00b7-40b4-85b3-8faca11cae95{ip: 192.168.5.178, host: pr-trunk-8bg6x-723665176, networkLocation: /default-rack, certSerialId: null}ceafac3c-b94e-436b-b57a-960890b1af34{ip: 192.168.5.178, host: pr-trunk-8bg6x-723665176, networkLocation: /default-rack, certSerialId: null}, Type:RATIS, Factor:THREE, State:CLOSED] moved to CLOSED state
2019-10-02 07:35:49,965 [EventQueue-PipelineActionsForPipelineActionHandler] ERROR pipeline.PipelineActionHandler (PipelineActionHandler.java:onMessage(60)) - Received pipeline action CLOSE for Pipeline[ Id: 882295ce-52ea-401e-9a8c-4f4517cdc6e1, Nodes: 804fc30f-f23d-4bcd-9bd5-debbbb81330f{ip: 192.168.5.178, host: pr-trunk-8bg6x-723665176, networkLocation: /default-rack, certSerialId: null}e774d0d1-00b7-40b4-85b3-8faca11cae95{ip: 192.168.5.178, host: pr-trunk-8bg6x-723665176, networkLocation: /default-rack, certSerialId: null}ceafac3c-b94e-436b-b57a-960890b1af34{ip: 192.168.5.178, host: pr-trunk-8bg6x-723665176, networkLocation: /default-rack, certSerialId: null}, Type:RATIS, Factor:THREE, State:CLOSED] from datanode ceafac3c-b94e-436b-b57a-960890b1af34{ip: 192.168.5.178, host: pr-trunk-8bg6x-723665176, networkLocation: /default-rack, certSerialId: null}. Reason : Log already failed at index 1 for task WriteLog:1: (t:1, i:1), STATEMACHINELOGENTRY, client-F68238417A99, cid=28
2019-10-02 07:35:49,965 [EventQueue-PipelineActionsForPipelineActionHandler] INFO  pipeline.SCMPipelineManager (SCMPipelineManager.java:finalizeAndDestroyPipeline(315)) - destroying pipeline:Pipeline[ Id: 882295ce-52ea-401e-9a8c-4f4517cdc6e1, Nodes: 804fc30f-f23d-4bcd-9bd5-debbbb81330f{ip: 192.168.5.178, host: pr-trunk-8bg6x-723665176, networkLocation: /default-rack, certSerialId: null}e774d0d1-00b7-40b4-85b3-8faca11cae95{ip: 192.168.5.178, host: pr-trunk-8bg6x-723665176, networkLocation: /default-rack, certSerialId: null}ceafac3c-b94e-436b-b57a-960890b1af34{ip: 192.168.5.178, host: pr-trunk-8bg6x-723665176, networkLocation: /default-rack, certSerialId: null}, Type:RATIS, Factor:THREE, State:CLOSED]
2019-10-02 07:35:52,826 [java.util.concurrent.ThreadPoolExecutor$Worker@7aa7a3de[State = -1, empty queue]] ERROR client.GrpcClientProtocolClient (GrpcClientProtocolClient.java:close(148)) - Unexpected exception while waiting for channel termination
java.lang.InterruptedException
	at java.util.concurrent.locks.AbstractQueuedSynchronizer.tryAcquireSharedNanos(AbstractQueuedSynchronizer.java:1326)
	at java.util.concurrent.CountDownLatch.await(CountDownLatch.java:277)
	at org.apache.ratis.thirdparty.io.grpc.internal.ManagedChannelImpl.awaitTermination(ManagedChannelImpl.java:763)
	at org.apache.ratis.thirdparty.io.grpc.internal.ForwardingManagedChannel.awaitTermination(ForwardingManagedChannel.java:57)
	at org.apache.ratis.thirdparty.io.grpc.internal.ManagedChannelOrphanWrapper.awaitTermination(ManagedChannelOrphanWrapper.java:70)
	at org.apache.ratis.grpc.client.GrpcClientProtocolClient.close(GrpcClientProtocolClient.java:146)
	at org.apache.ratis.util.PeerProxyMap$PeerAndProxy.lambda$close$1(PeerProxyMap.java:74)
	at org.apache.ratis.util.LifeCycle.lambda$checkStateAndClose$2(LifeCycle.java:231)
	at org.apache.ratis.util.LifeCycle.checkStateAndClose(LifeCycle.java:251)
	at org.apache.ratis.util.LifeCycle.checkStateAndClose(LifeCycle.java:229)
	at org.apache.ratis.util.PeerProxyMap$PeerAndProxy.close(PeerProxyMap.java:70)
	at org.apache.ratis.util.PeerProxyMap.resetProxy(PeerProxyMap.java:127)
	at org.apache.ratis.util.PeerProxyMap.handleException(PeerProxyMap.java:136)
	at org.apache.ratis.client.impl.RaftClientRpcWithProxy.handleException(RaftClientRpcWithProxy.java:47)
	at org.apache.ratis.client.impl.RaftClientImpl.handleIOException(RaftClientImpl.java:372)
	at org.apache.ratis.client.impl.OrderedAsync.lambda$sendRequest$10(OrderedAsync.java:236)
	at java.util.concurrent.CompletableFuture.uniExceptionally(CompletableFuture.java:870)
	at java.util.concurrent.CompletableFuture$UniExceptionally.tryFire(CompletableFuture.java:852)
	at java.util.concurrent.CompletableFuture.postComplete(CompletableFuture.java:474)
	at java.util.concurrent.CompletableFuture.completeExceptionally(CompletableFuture.java:1977)
	at org.apache.ratis.grpc.client.GrpcClientProtocolClient$AsyncStreamObservers.lambda$timeoutCheck$3(GrpcClientProtocolClient.java:324)
	at java.util.Optional.ifPresent(Optional.java:159)
	at org.apache.ratis.grpc.client.GrpcClientProtocolClient$AsyncStreamObservers.handleReplyFuture(GrpcClientProtocolClient.java:329)
	at org.apache.ratis.grpc.client.GrpcClientProtocolClient$AsyncStreamObservers.timeoutCheck(GrpcClientProtocolClient.java:324)
	at org.apache.ratis.grpc.client.GrpcClientProtocolClient$AsyncStreamObservers.lambda$onNext$1(GrpcClientProtocolClient.java:318)
	at org.apache.ratis.util.TimeoutScheduler.lambda$onTimeout$0(TimeoutScheduler.java:113)
	at org.apache.ratis.util.TimeoutScheduler.lambda$onTimeout$1(TimeoutScheduler.java:133)
	at org.apache.ratis.util.LogUtils.runAndLog(LogUtils.java:50)
	at org.apache.ratis.util.LogUtils$1.run(LogUtils.java:91)
	at java.util.concurrent.Executors$RunnableAdapter.call(Executors.java:511)
	at java.util.concurrent.FutureTask.run(FutureTask.java:266)
	at java.util.concurrent.ScheduledThreadPoolExecutor$ScheduledFutureTask.access$201(ScheduledThreadPoolExecutor.java:180)
	at java.util.concurrent.ScheduledThreadPoolExecutor$ScheduledFutureTask.run(ScheduledThreadPoolExecutor.java:293)
	at java.util.concurrent.ThreadPoolExecutor.runWorker(ThreadPoolExecutor.java:1149)
	at java.util.concurrent.ThreadPoolExecutor$Worker.run(ThreadPoolExecutor.java:624)
	at java.lang.Thread.run(Thread.java:748)
2019-10-02 07:35:52,829 [java.util.concurrent.ThreadPoolExecutor$Worker@7aa7a3de[State = -1, empty queue]] WARN  util.TimeoutScheduler (LogUtils.java:runAndLog(55)) - Failed to task #0: java.lang.NullPointerException
2019-10-02 07:35:56,870 [java.util.concurrent.ThreadPoolExecutor$Worker@26f9c1cc[State = -1, empty queue]] ERROR client.GrpcClientProtocolClient (GrpcClientProtocolClient.java:close(148)) - Unexpected exception while waiting for channel termination
java.lang.InterruptedException
	at java.util.concurrent.locks.AbstractQueuedSynchronizer.tryAcquireSharedNanos(AbstractQueuedSynchronizer.java:1326)
	at java.util.concurrent.CountDownLatch.await(CountDownLatch.java:277)
	at org.apache.ratis.thirdparty.io.grpc.internal.ManagedChannelImpl.awaitTermination(ManagedChannelImpl.java:763)
	at org.apache.ratis.thirdparty.io.grpc.internal.ForwardingManagedChannel.awaitTermination(ForwardingManagedChannel.java:57)
	at org.apache.ratis.thirdparty.io.grpc.internal.ManagedChannelOrphanWrapper.awaitTermination(ManagedChannelOrphanWrapper.java:70)
	at org.apache.ratis.grpc.client.GrpcClientProtocolClient.close(GrpcClientProtocolClient.java:146)
	at org.apache.ratis.util.PeerProxyMap$PeerAndProxy.lambda$close$1(PeerProxyMap.java:74)
	at org.apache.ratis.util.LifeCycle.lambda$checkStateAndClose$2(LifeCycle.java:231)
	at org.apache.ratis.util.LifeCycle.checkStateAndClose(LifeCycle.java:251)
	at org.apache.ratis.util.LifeCycle.checkStateAndClose(LifeCycle.java:229)
	at org.apache.ratis.util.PeerProxyMap$PeerAndProxy.close(PeerProxyMap.java:70)
	at org.apache.ratis.util.PeerProxyMap.resetProxy(PeerProxyMap.java:127)
	at org.apache.ratis.util.PeerProxyMap.handleException(PeerProxyMap.java:136)
	at org.apache.ratis.client.impl.RaftClientRpcWithProxy.handleException(RaftClientRpcWithProxy.java:47)
	at org.apache.ratis.client.impl.RaftClientImpl.handleIOException(RaftClientImpl.java:372)
	at org.apache.ratis.client.impl.OrderedAsync.lambda$sendRequest$10(OrderedAsync.java:236)
	at java.util.concurrent.CompletableFuture.uniExceptionally(CompletableFuture.java:870)
	at java.util.concurrent.CompletableFuture$UniExceptionally.tryFire(CompletableFuture.java:852)
	at java.util.concurrent.CompletableFuture.postComplete(CompletableFuture.java:474)
	at java.util.concurrent.CompletableFuture.completeExceptionally(CompletableFuture.java:1977)
	at org.apache.ratis.grpc.client.GrpcClientProtocolClient$AsyncStreamObservers.lambda$timeoutCheck$3(GrpcClientProtocolClient.java:324)
	at java.util.Optional.ifPresent(Optional.java:159)
	at org.apache.ratis.grpc.client.GrpcClientProtocolClient$AsyncStreamObservers.handleReplyFuture(GrpcClientProtocolClient.java:329)
	at org.apache.ratis.grpc.client.GrpcClientProtocolClient$AsyncStreamObservers.timeoutCheck(GrpcClientProtocolClient.java:324)
	at org.apache.ratis.grpc.client.GrpcClientProtocolClient$AsyncStreamObservers.lambda$onNext$1(GrpcClientProtocolClient.java:318)
	at org.apache.ratis.util.TimeoutScheduler.lambda$onTimeout$0(TimeoutScheduler.java:113)
	at org.apache.ratis.util.TimeoutScheduler.lambda$onTimeout$1(TimeoutScheduler.java:133)
	at org.apache.ratis.util.LogUtils.runAndLog(LogUtils.java:50)
	at org.apache.ratis.util.LogUtils$1.run(LogUtils.java:91)
	at java.util.concurrent.Executors$RunnableAdapter.call(Executors.java:511)
	at java.util.concurrent.FutureTask.run(FutureTask.java:266)
	at java.util.concurrent.ScheduledThreadPoolExecutor$ScheduledFutureTask.access$201(ScheduledThreadPoolExecutor.java:180)
	at java.util.concurrent.ScheduledThreadPoolExecutor$ScheduledFutureTask.run(ScheduledThreadPoolExecutor.java:293)
	at java.util.concurrent.ThreadPoolExecutor.runWorker(ThreadPoolExecutor.java:1149)
	at java.util.concurrent.ThreadPoolExecutor$Worker.run(ThreadPoolExecutor.java:624)
	at java.lang.Thread.run(Thread.java:748)
2019-10-02 07:35:56,873 [java.util.concurrent.ThreadPoolExecutor$Worker@26f9c1cc[State = -1, empty queue]] WARN  util.TimeoutScheduler (LogUtils.java:runAndLog(55)) - Failed to task #0: java.lang.NullPointerException
2019-10-02 07:36:00,943 [java.util.concurrent.ThreadPoolExecutor$Worker@2fe40c93[State = -1, empty queue]] ERROR client.GrpcClientProtocolClient (GrpcClientProtocolClient.java:close(148)) - Unexpected exception while waiting for channel termination
java.lang.InterruptedException
	at java.util.concurrent.locks.AbstractQueuedSynchronizer.tryAcquireSharedNanos(AbstractQueuedSynchronizer.java:1326)
	at java.util.concurrent.CountDownLatch.await(CountDownLatch.java:277)
	at org.apache.ratis.thirdparty.io.grpc.internal.ManagedChannelImpl.awaitTermination(ManagedChannelImpl.java:763)
	at org.apache.ratis.thirdparty.io.grpc.internal.ForwardingManagedChannel.awaitTermination(ForwardingManagedChannel.java:57)
	at org.apache.ratis.thirdparty.io.grpc.internal.ManagedChannelOrphanWrapper.awaitTermination(ManagedChannelOrphanWrapper.java:70)
	at org.apache.ratis.grpc.client.GrpcClientProtocolClient.close(GrpcClientProtocolClient.java:146)
	at org.apache.ratis.util.PeerProxyMap$PeerAndProxy.lambda$close$1(PeerProxyMap.java:74)
	at org.apache.ratis.util.LifeCycle.lambda$checkStateAndClose$2(LifeCycle.java:231)
	at org.apache.ratis.util.LifeCycle.checkStateAndClose(LifeCycle.java:251)
	at org.apache.ratis.util.LifeCycle.checkStateAndClose(LifeCycle.java:229)
	at org.apache.ratis.util.PeerProxyMap$PeerAndProxy.close(PeerProxyMap.java:70)
	at org.apache.ratis.util.PeerProxyMap.resetProxy(PeerProxyMap.java:127)
	at org.apache.ratis.util.PeerProxyMap.handleException(PeerProxyMap.java:136)
	at org.apache.ratis.client.impl.RaftClientRpcWithProxy.handleException(RaftClientRpcWithProxy.java:47)
	at org.apache.ratis.client.impl.RaftClientImpl.handleIOException(RaftClientImpl.java:372)
	at org.apache.ratis.client.impl.OrderedAsync.lambda$sendRequest$10(OrderedAsync.java:236)
	at java.util.concurrent.CompletableFuture.uniExceptionally(CompletableFuture.java:870)
	at java.util.concurrent.CompletableFuture$UniExceptionally.tryFire(CompletableFuture.java:852)
	at java.util.concurrent.CompletableFuture.postComplete(CompletableFuture.java:474)
	at java.util.concurrent.CompletableFuture.completeExceptionally(CompletableFuture.java:1977)
	at org.apache.ratis.grpc.client.GrpcClientProtocolClient$AsyncStreamObservers.lambda$timeoutCheck$3(GrpcClientProtocolClient.java:324)
	at java.util.Optional.ifPresent(Optional.java:159)
	at org.apache.ratis.grpc.client.GrpcClientProtocolClient$AsyncStreamObservers.handleReplyFuture(GrpcClientProtocolClient.java:329)
	at org.apache.ratis.grpc.client.GrpcClientProtocolClient$AsyncStreamObservers.timeoutCheck(GrpcClientProtocolClient.java:324)
	at org.apache.ratis.grpc.client.GrpcClientProtocolClient$AsyncStreamObservers.lambda$onNext$1(GrpcClientProtocolClient.java:318)
	at org.apache.ratis.util.TimeoutScheduler.lambda$onTimeout$0(TimeoutScheduler.java:113)
	at org.apache.ratis.util.TimeoutScheduler.lambda$onTimeout$1(TimeoutScheduler.java:133)
	at org.apache.ratis.util.LogUtils.runAndLog(LogUtils.java:50)
	at org.apache.ratis.util.LogUtils$1.run(LogUtils.java:91)
	at java.util.concurrent.Executors$RunnableAdapter.call(Executors.java:511)
	at java.util.concurrent.FutureTask.run(FutureTask.java:266)
	at java.util.concurrent.ScheduledThreadPoolExecutor$ScheduledFutureTask.access$201(ScheduledThreadPoolExecutor.java:180)
	at java.util.concurrent.ScheduledThreadPoolExecutor$ScheduledFutureTask.run(ScheduledThreadPoolExecutor.java:293)
	at java.util.concurrent.ThreadPoolExecutor.runWorker(ThreadPoolExecutor.java:1149)
	at java.util.concurrent.ThreadPoolExecutor$Worker.run(ThreadPoolExecutor.java:624)
	at java.lang.Thread.run(Thread.java:748)
2019-10-02 07:36:00,946 [java.util.concurrent.ThreadPoolExecutor$Worker@2fe40c93[State = -1, empty queue]] WARN  util.TimeoutScheduler (LogUtils.java:runAndLog(55)) - Failed to task #0: java.lang.NullPointerException
2019-10-02 07:36:05,163 [java.util.concurrent.ThreadPoolExecutor$Worker@e71cbba[State = -1, empty queue]] ERROR client.GrpcClientProtocolClient (GrpcClientProtocolClient.java:close(148)) - Unexpected exception while waiting for channel termination
java.lang.InterruptedException
	at java.util.concurrent.locks.AbstractQueuedSynchronizer.tryAcquireSharedNanos(AbstractQueuedSynchronizer.java:1326)
	at java.util.concurrent.CountDownLatch.await(CountDownLatch.java:277)
	at org.apache.ratis.thirdparty.io.grpc.internal.ManagedChannelImpl.awaitTermination(ManagedChannelImpl.java:763)
	at org.apache.ratis.thirdparty.io.grpc.internal.ForwardingManagedChannel.awaitTermination(ForwardingManagedChannel.java:57)
	at org.apache.ratis.thirdparty.io.grpc.internal.ManagedChannelOrphanWrapper.awaitTermination(ManagedChannelOrphanWrapper.java:70)
	at org.apache.ratis.grpc.client.GrpcClientProtocolClient.close(GrpcClientProtocolClient.java:146)
	at org.apache.ratis.util.PeerProxyMap$PeerAndProxy.lambda$close$1(PeerProxyMap.java:74)
	at org.apache.ratis.util.LifeCycle.lambda$checkStateAndClose$2(LifeCycle.java:231)
	at org.apache.ratis.util.LifeCycle.checkStateAndClose(LifeCycle.java:251)
	at org.apache.ratis.util.LifeCycle.checkStateAndClose(LifeCycle.java:229)
	at org.apache.ratis.util.PeerProxyMap$PeerAndProxy.close(PeerProxyMap.java:70)
	at org.apache.ratis.util.PeerProxyMap.resetProxy(PeerProxyMap.java:127)
	at org.apache.ratis.util.PeerProxyMap.handleException(PeerProxyMap.java:136)
	at org.apache.ratis.client.impl.RaftClientRpcWithProxy.handleException(RaftClientRpcWithProxy.java:47)
	at org.apache.ratis.client.impl.RaftClientImpl.handleIOException(RaftClientImpl.java:372)
	at org.apache.ratis.client.impl.OrderedAsync.lambda$sendRequest$10(OrderedAsync.java:236)
	at java.util.concurrent.CompletableFuture.uniExceptionally(CompletableFuture.java:870)
	at java.util.concurrent.CompletableFuture$UniExceptionally.tryFire(CompletableFuture.java:852)
	at java.util.concurrent.CompletableFuture.postComplete(CompletableFuture.java:474)
	at java.util.concurrent.CompletableFuture.completeExceptionally(CompletableFuture.java:1977)
	at org.apache.ratis.grpc.client.GrpcClientProtocolClient$AsyncStreamObservers.lambda$timeoutCheck$3(GrpcClientProtocolClient.java:324)
	at java.util.Optional.ifPresent(Optional.java:159)
	at org.apache.ratis.grpc.client.GrpcClientProtocolClient$AsyncStreamObservers.handleReplyFuture(GrpcClientProtocolClient.java:329)
	at org.apache.ratis.grpc.client.GrpcClientProtocolClient$AsyncStreamObservers.timeoutCheck(GrpcClientProtocolClient.java:324)
	at org.apache.ratis.grpc.client.GrpcClientProtocolClient$AsyncStreamObservers.lambda$onNext$1(GrpcClientProtocolClient.java:318)
	at org.apache.ratis.util.TimeoutScheduler.lambda$onTimeout$0(TimeoutScheduler.java:113)
	at org.apache.ratis.util.TimeoutScheduler.lambda$onTimeout$1(TimeoutScheduler.java:133)
	at org.apache.ratis.util.LogUtils.runAndLog(LogUtils.java:50)
	at org.apache.ratis.util.LogUtils$1.run(LogUtils.java:91)
	at java.util.concurrent.Executors$RunnableAdapter.call(Executors.java:511)
	at java.util.concurrent.FutureTask.run(FutureTask.java:266)
	at java.util.concurrent.ScheduledThreadPoolExecutor$ScheduledFutureTask.access$201(ScheduledThreadPoolExecutor.java:180)
	at java.util.concurrent.ScheduledThreadPoolExecutor$ScheduledFutureTask.run(ScheduledThreadPoolExecutor.java:293)
	at java.util.concurrent.ThreadPoolExecutor.runWorker(ThreadPoolExecutor.java:1149)
	at java.util.concurrent.ThreadPoolExecutor$Worker.run(ThreadPoolExecutor.java:624)
	at java.lang.Thread.run(Thread.java:748)
2019-10-02 07:36:05,170 [java.util.concurrent.ThreadPoolExecutor$Worker@e71cbba[State = -1, empty queue]] WARN  util.TimeoutScheduler (LogUtils.java:runAndLog(55)) - Failed to task #0: java.lang.NullPointerException
2019-10-02 07:36:09,219 [java.util.concurrent.ThreadPoolExecutor$Worker@5cd414c4[State = -1, empty queue]] ERROR client.GrpcClientProtocolClient (GrpcClientProtocolClient.java:close(148)) - Unexpected exception while waiting for channel termination
java.lang.InterruptedException
	at java.util.concurrent.locks.AbstractQueuedSynchronizer.tryAcquireSharedNanos(AbstractQueuedSynchronizer.java:1326)
	at java.util.concurrent.CountDownLatch.await(CountDownLatch.java:277)
	at org.apache.ratis.thirdparty.io.grpc.internal.ManagedChannelImpl.awaitTermination(ManagedChannelImpl.java:763)
	at org.apache.ratis.thirdparty.io.grpc.internal.ForwardingManagedChannel.awaitTermination(ForwardingManagedChannel.java:57)
	at org.apache.ratis.thirdparty.io.grpc.internal.ManagedChannelOrphanWrapper.awaitTermination(ManagedChannelOrphanWrapper.java:70)
	at org.apache.ratis.grpc.client.GrpcClientProtocolClient.close(GrpcClientProtocolClient.java:146)
	at org.apache.ratis.util.PeerProxyMap$PeerAndProxy.lambda$close$1(PeerProxyMap.java:74)
	at org.apache.ratis.util.LifeCycle.lambda$checkStateAndClose$2(LifeCycle.java:231)
	at org.apache.ratis.util.LifeCycle.checkStateAndClose(LifeCycle.java:251)
	at org.apache.ratis.util.LifeCycle.checkStateAndClose(LifeCycle.java:229)
	at org.apache.ratis.util.PeerProxyMap$PeerAndProxy.close(PeerProxyMap.java:70)
	at org.apache.ratis.util.PeerProxyMap.resetProxy(PeerProxyMap.java:127)
	at org.apache.ratis.util.PeerProxyMap.handleException(PeerProxyMap.java:136)
	at org.apache.ratis.client.impl.RaftClientRpcWithProxy.handleException(RaftClientRpcWithProxy.java:47)
	at org.apache.ratis.client.impl.RaftClientImpl.handleIOException(RaftClientImpl.java:372)
	at org.apache.ratis.client.impl.OrderedAsync.lambda$sendRequest$10(OrderedAsync.java:236)
	at java.util.concurrent.CompletableFuture.uniExceptionally(CompletableFuture.java:870)
	at java.util.concurrent.CompletableFuture$UniExceptionally.tryFire(CompletableFuture.java:852)
	at java.util.concurrent.CompletableFuture.postComplete(CompletableFuture.java:474)
	at java.util.concurrent.CompletableFuture.completeExceptionally(CompletableFuture.java:1977)
	at org.apache.ratis.grpc.client.GrpcClientProtocolClient$AsyncStreamObservers.lambda$timeoutCheck$3(GrpcClientProtocolClient.java:324)
	at java.util.Optional.ifPresent(Optional.java:159)
	at org.apache.ratis.grpc.client.GrpcClientProtocolClient$AsyncStreamObservers.handleReplyFuture(GrpcClientProtocolClient.java:329)
	at org.apache.ratis.grpc.client.GrpcClientProtocolClient$AsyncStreamObservers.timeoutCheck(GrpcClientProtocolClient.java:324)
	at org.apache.ratis.grpc.client.GrpcClientProtocolClient$AsyncStreamObservers.lambda$onNext$1(GrpcClientProtocolClient.java:318)
	at org.apache.ratis.util.TimeoutScheduler.lambda$onTimeout$0(TimeoutScheduler.java:113)
	at org.apache.ratis.util.TimeoutScheduler.lambda$onTimeout$1(TimeoutScheduler.java:133)
	at org.apache.ratis.util.LogUtils.runAndLog(LogUtils.java:50)
	at org.apache.ratis.util.LogUtils$1.run(LogUtils.java:91)
	at java.util.concurrent.Executors$RunnableAdapter.call(Executors.java:511)
	at java.util.concurrent.FutureTask.run(FutureTask.java:266)
	at java.util.concurrent.ScheduledThreadPoolExecutor$ScheduledFutureTask.access$201(ScheduledThreadPoolExecutor.java:180)
	at java.util.concurrent.ScheduledThreadPoolExecutor$ScheduledFutureTask.run(ScheduledThreadPoolExecutor.java:293)
	at java.util.concurrent.ThreadPoolExecutor.runWorker(ThreadPoolExecutor.java:1149)
	at java.util.concurrent.ThreadPoolExecutor$Worker.run(ThreadPoolExecutor.java:624)
	at java.lang.Thread.run(Thread.java:748)
2019-10-02 07:36:09,222 [java.util.concurrent.ThreadPoolExecutor$Worker@5cd414c4[State = -1, empty queue]] WARN  util.TimeoutScheduler (LogUtils.java:runAndLog(55)) - Failed to task #0: java.lang.NullPointerException
2019-10-02 07:36:13,260 [java.util.concurrent.ThreadPoolExecutor$Worker@4f3a5b29[State = -1, empty queue]] ERROR client.GrpcClientProtocolClient (GrpcClientProtocolClient.java:close(148)) - Unexpected exception while waiting for channel termination
java.lang.InterruptedException
	at java.util.concurrent.locks.AbstractQueuedSynchronizer.tryAcquireSharedNanos(AbstractQueuedSynchronizer.java:1326)
	at java.util.concurrent.CountDownLatch.await(CountDownLatch.java:277)
	at org.apache.ratis.thirdparty.io.grpc.internal.ManagedChannelImpl.awaitTermination(ManagedChannelImpl.java:763)
	at org.apache.ratis.thirdparty.io.grpc.internal.ForwardingManagedChannel.awaitTermination(ForwardingManagedChannel.java:57)
	at org.apache.ratis.thirdparty.io.grpc.internal.ManagedChannelOrphanWrapper.awaitTermination(ManagedChannelOrphanWrapper.java:70)
	at org.apache.ratis.grpc.client.GrpcClientProtocolClient.close(GrpcClientProtocolClient.java:146)
	at org.apache.ratis.util.PeerProxyMap$PeerAndProxy.lambda$close$1(PeerProxyMap.java:74)
	at org.apache.ratis.util.LifeCycle.lambda$checkStateAndClose$2(LifeCycle.java:231)
	at org.apache.ratis.util.LifeCycle.checkStateAndClose(LifeCycle.java:251)
	at org.apache.ratis.util.LifeCycle.checkStateAndClose(LifeCycle.java:229)
	at org.apache.ratis.util.PeerProxyMap$PeerAndProxy.close(PeerProxyMap.java:70)
	at org.apache.ratis.util.PeerProxyMap.resetProxy(PeerProxyMap.java:127)
	at org.apache.ratis.util.PeerProxyMap.handleException(PeerProxyMap.java:136)
	at org.apache.ratis.client.impl.RaftClientRpcWithProxy.handleException(RaftClientRpcWithProxy.java:47)
	at org.apache.ratis.client.impl.RaftClientImpl.handleIOException(RaftClientImpl.java:372)
	at org.apache.ratis.client.impl.OrderedAsync.lambda$sendRequest$10(OrderedAsync.java:236)
	at java.util.concurrent.CompletableFuture.uniExceptionally(CompletableFuture.java:870)
	at java.util.concurrent.CompletableFuture$UniExceptionally.tryFire(CompletableFuture.java:852)
	at java.util.concurrent.CompletableFuture.postComplete(CompletableFuture.java:474)
	at java.util.concurrent.CompletableFuture.completeExceptionally(CompletableFuture.java:1977)
	at org.apache.ratis.grpc.client.GrpcClientProtocolClient$AsyncStreamObservers.lambda$timeoutCheck$3(GrpcClientProtocolClient.java:324)
	at java.util.Optional.ifPresent(Optional.java:159)
	at org.apache.ratis.grpc.client.GrpcClientProtocolClient$AsyncStreamObservers.handleReplyFuture(GrpcClientProtocolClient.java:329)
	at org.apache.ratis.grpc.client.GrpcClientProtocolClient$AsyncStreamObservers.timeoutCheck(GrpcClientProtocolClient.java:324)
	at org.apache.ratis.grpc.client.GrpcClientProtocolClient$AsyncStreamObservers.lambda$onNext$1(GrpcClientProtocolClient.java:318)
	at org.apache.ratis.util.TimeoutScheduler.lambda$onTimeout$0(TimeoutScheduler.java:113)
	at org.apache.ratis.util.TimeoutScheduler.lambda$onTimeout$1(TimeoutScheduler.java:133)
	at org.apache.ratis.util.LogUtils.runAndLog(LogUtils.java:50)
	at org.apache.ratis.util.LogUtils$1.run(LogUtils.java:91)
	at java.util.concurrent.Executors$RunnableAdapter.call(Executors.java:511)
	at java.util.concurrent.FutureTask.run(FutureTask.java:266)
	at java.util.concurrent.ScheduledThreadPoolExecutor$ScheduledFutureTask.access$201(ScheduledThreadPoolExecutor.java:180)
	at java.util.concurrent.ScheduledThreadPoolExecutor$ScheduledFutureTask.run(ScheduledThreadPoolExecutor.java:293)
	at java.util.concurrent.ThreadPoolExecutor.runWorker(ThreadPoolExecutor.java:1149)
	at java.util.concurrent.ThreadPoolExecutor$Worker.run(ThreadPoolExecutor.java:624)
	at java.lang.Thread.run(Thread.java:748)
2019-10-02 07:36:13,262 [java.util.concurrent.ThreadPoolExecutor$Worker@4f3a5b29[State = -1, empty queue]] WARN  util.TimeoutScheduler (LogUtils.java:runAndLog(55)) - Failed to task #0: java.lang.NullPointerException
2019-10-02 07:36:17,316 [java.util.concurrent.ThreadPoolExecutor$Worker@a732ebb[State = -1, empty queue]] ERROR client.GrpcClientProtocolClient (GrpcClientProtocolClient.java:close(148)) - Unexpected exception while waiting for channel termination
java.lang.InterruptedException
	at java.util.concurrent.locks.AbstractQueuedSynchronizer.tryAcquireSharedNanos(AbstractQueuedSynchronizer.java:1326)
	at java.util.concurrent.CountDownLatch.await(CountDownLatch.java:277)
	at org.apache.ratis.thirdparty.io.grpc.internal.ManagedChannelImpl.awaitTermination(ManagedChannelImpl.java:763)
	at org.apache.ratis.thirdparty.io.grpc.internal.ForwardingManagedChannel.awaitTermination(ForwardingManagedChannel.java:57)
	at org.apache.ratis.thirdparty.io.grpc.internal.ManagedChannelOrphanWrapper.awaitTermination(ManagedChannelOrphanWrapper.java:70)
	at org.apache.ratis.grpc.client.GrpcClientProtocolClient.close(GrpcClientProtocolClient.java:146)
	at org.apache.ratis.util.PeerProxyMap$PeerAndProxy.lambda$close$1(PeerProxyMap.java:74)
	at org.apache.ratis.util.LifeCycle.lambda$checkStateAndClose$2(LifeCycle.java:231)
	at org.apache.ratis.util.LifeCycle.checkStateAndClose(LifeCycle.java:251)
	at org.apache.ratis.util.LifeCycle.checkStateAndClose(LifeCycle.java:229)
	at org.apache.ratis.util.PeerProxyMap$PeerAndProxy.close(PeerProxyMap.java:70)
	at org.apache.ratis.util.PeerProxyMap.resetProxy(PeerProxyMap.java:127)
	at org.apache.ratis.util.PeerProxyMap.handleException(PeerProxyMap.java:136)
	at org.apache.ratis.client.impl.RaftClientRpcWithProxy.handleException(RaftClientRpcWithProxy.java:47)
	at org.apache.ratis.client.impl.RaftClientImpl.handleIOException(RaftClientImpl.java:372)
	at org.apache.ratis.client.impl.OrderedAsync.lambda$sendRequest$10(OrderedAsync.java:236)
	at java.util.concurrent.CompletableFuture.uniExceptionally(CompletableFuture.java:870)
	at java.util.concurrent.CompletableFuture$UniExceptionally.tryFire(CompletableFuture.java:852)
	at java.util.concurrent.CompletableFuture.postComplete(CompletableFuture.java:474)
	at java.util.concurrent.CompletableFuture.completeExceptionally(CompletableFuture.java:1977)
	at org.apache.ratis.grpc.client.GrpcClientProtocolClient$AsyncStreamObservers.lambda$timeoutCheck$3(GrpcClientProtocolClient.java:324)
	at java.util.Optional.ifPresent(Optional.java:159)
	at org.apache.ratis.grpc.client.GrpcClientProtocolClient$AsyncStreamObservers.handleReplyFuture(GrpcClientProtocolClient.java:329)
	at org.apache.ratis.grpc.client.GrpcClientProtocolClient$AsyncStreamObservers.timeoutCheck(GrpcClientProtocolClient.java:324)
	at org.apache.ratis.grpc.client.GrpcClientProtocolClient$AsyncStreamObservers.lambda$onNext$1(GrpcClientProtocolClient.java:318)
	at org.apache.ratis.util.TimeoutScheduler.lambda$onTimeout$0(TimeoutScheduler.java:113)
	at org.apache.ratis.util.TimeoutScheduler.lambda$onTimeout$1(TimeoutScheduler.java:133)
	at org.apache.ratis.util.LogUtils.runAndLog(LogUtils.java:50)
	at org.apache.ratis.util.LogUtils$1.run(LogUtils.java:91)
	at java.util.concurrent.Executors$RunnableAdapter.call(Executors.java:511)
	at java.util.concurrent.FutureTask.run(FutureTask.java:266)
	at java.util.concurrent.ScheduledThreadPoolExecutor$ScheduledFutureTask.access$201(ScheduledThreadPoolExecutor.java:180)
	at java.util.concurrent.ScheduledThreadPoolExecutor$ScheduledFutureTask.run(ScheduledThreadPoolExecutor.java:293)
	at java.util.concurrent.ThreadPoolExecutor.runWorker(ThreadPoolExecutor.java:1149)
	at java.util.concurrent.ThreadPoolExecutor$Worker.run(ThreadPoolExecutor.java:624)
	at java.lang.Thread.run(Thread.java:748)
2019-10-02 07:36:17,320 [java.util.concurrent.ThreadPoolExecutor$Worker@a732ebb[State = -1, empty queue]] WARN  util.TimeoutScheduler (LogUtils.java:runAndLog(55)) - Failed to task #0: java.lang.NullPointerException
2019-10-02 07:36:21,369 [java.util.concurrent.ThreadPoolExecutor$Worker@3a7c73c8[State = -1, empty queue]] ERROR client.GrpcClientProtocolClient (GrpcClientProtocolClient.java:close(148)) - Unexpected exception while waiting for channel termination
java.lang.InterruptedException
	at java.util.concurrent.locks.AbstractQueuedSynchronizer.tryAcquireSharedNanos(AbstractQueuedSynchronizer.java:1326)
	at java.util.concurrent.CountDownLatch.await(CountDownLatch.java:277)
	at org.apache.ratis.thirdparty.io.grpc.internal.ManagedChannelImpl.awaitTermination(ManagedChannelImpl.java:763)
	at org.apache.ratis.thirdparty.io.grpc.internal.ForwardingManagedChannel.awaitTermination(ForwardingManagedChannel.java:57)
	at org.apache.ratis.thirdparty.io.grpc.internal.ManagedChannelOrphanWrapper.awaitTermination(ManagedChannelOrphanWrapper.java:70)
	at org.apache.ratis.grpc.client.GrpcClientProtocolClient.close(GrpcClientProtocolClient.java:146)
	at org.apache.ratis.util.PeerProxyMap$PeerAndProxy.lambda$close$1(PeerProxyMap.java:74)
	at org.apache.ratis.util.LifeCycle.lambda$checkStateAndClose$2(LifeCycle.java:231)
	at org.apache.ratis.util.LifeCycle.checkStateAndClose(LifeCycle.java:251)
	at org.apache.ratis.util.LifeCycle.checkStateAndClose(LifeCycle.java:229)
	at org.apache.ratis.util.PeerProxyMap$PeerAndProxy.close(PeerProxyMap.java:70)
	at org.apache.ratis.util.PeerProxyMap.resetProxy(PeerProxyMap.java:127)
	at org.apache.ratis.util.PeerProxyMap.handleException(PeerProxyMap.java:136)
	at org.apache.ratis.client.impl.RaftClientRpcWithProxy.handleException(RaftClientRpcWithProxy.java:47)
	at org.apache.ratis.client.impl.RaftClientImpl.handleIOException(RaftClientImpl.java:372)
	at org.apache.ratis.client.impl.OrderedAsync.lambda$sendRequest$10(OrderedAsync.java:236)
	at java.util.concurrent.CompletableFuture.uniExceptionally(CompletableFuture.java:870)
	at java.util.concurrent.CompletableFuture$UniExceptionally.tryFire(CompletableFuture.java:852)
	at java.util.concurrent.CompletableFuture.postComplete(CompletableFuture.java:474)
	at java.util.concurrent.CompletableFuture.completeExceptionally(CompletableFuture.java:1977)
	at org.apache.ratis.grpc.client.GrpcClientProtocolClient$AsyncStreamObservers.lambda$timeoutCheck$3(GrpcClientProtocolClient.java:324)
	at java.util.Optional.ifPresent(Optional.java:159)
	at org.apache.ratis.grpc.client.GrpcClientProtocolClient$AsyncStreamObservers.handleReplyFuture(GrpcClientProtocolClient.java:329)
	at org.apache.ratis.grpc.client.GrpcClientProtocolClient$AsyncStreamObservers.timeoutCheck(GrpcClientProtocolClient.java:324)
	at org.apache.ratis.grpc.client.GrpcClientProtocolClient$AsyncStreamObservers.lambda$onNext$1(GrpcClientProtocolClient.java:318)
	at org.apache.ratis.util.TimeoutScheduler.lambda$onTimeout$0(TimeoutScheduler.java:113)
	at org.apache.ratis.util.TimeoutScheduler.lambda$onTimeout$1(TimeoutScheduler.java:133)
	at org.apache.ratis.util.LogUtils.runAndLog(LogUtils.java:50)
	at org.apache.ratis.util.LogUtils$1.run(LogUtils.java:91)
	at java.util.concurrent.Executors$RunnableAdapter.call(Executors.java:511)
	at java.util.concurrent.FutureTask.run(FutureTask.java:266)
	at java.util.concurrent.ScheduledThreadPoolExecutor$ScheduledFutureTask.access$201(ScheduledThreadPoolExecutor.java:180)
	at java.util.concurrent.ScheduledThreadPoolExecutor$ScheduledFutureTask.run(ScheduledThreadPoolExecutor.java:293)
	at java.util.concurrent.ThreadPoolExecutor.runWorker(ThreadPoolExecutor.java:1149)
	at java.util.concurrent.ThreadPoolExecutor$Worker.run(ThreadPoolExecutor.java:624)
	at java.lang.Thread.run(Thread.java:748)
2019-10-02 07:36:21,371 [java.util.concurrent.ThreadPoolExecutor$Worker@3a7c73c8[State = -1, empty queue]] WARN  util.TimeoutScheduler (LogUtils.java:runAndLog(55)) - Failed to task #0: java.lang.NullPointerException
2019-10-02 07:36:25,419 [java.util.concurrent.ThreadPoolExecutor$Worker@1531b212[State = -1, empty queue]] ERROR client.GrpcClientProtocolClient (GrpcClientProtocolClient.java:close(148)) - Unexpected exception while waiting for channel termination
java.lang.InterruptedException
	at java.util.concurrent.locks.AbstractQueuedSynchronizer.tryAcquireSharedNanos(AbstractQueuedSynchronizer.java:1326)
	at java.util.concurrent.CountDownLatch.await(CountDownLatch.java:277)
	at org.apache.ratis.thirdparty.io.grpc.internal.ManagedChannelImpl.awaitTermination(ManagedChannelImpl.java:763)
	at org.apache.ratis.thirdparty.io.grpc.internal.ForwardingManagedChannel.awaitTermination(ForwardingManagedChannel.java:57)
	at org.apache.ratis.thirdparty.io.grpc.internal.ManagedChannelOrphanWrapper.awaitTermination(ManagedChannelOrphanWrapper.java:70)
	at org.apache.ratis.grpc.client.GrpcClientProtocolClient.close(GrpcClientProtocolClient.java:146)
	at org.apache.ratis.util.PeerProxyMap$PeerAndProxy.lambda$close$1(PeerProxyMap.java:74)
	at org.apache.ratis.util.LifeCycle.lambda$checkStateAndClose$2(LifeCycle.java:231)
	at org.apache.ratis.util.LifeCycle.checkStateAndClose(LifeCycle.java:251)
	at org.apache.ratis.util.LifeCycle.checkStateAndClose(LifeCycle.java:229)
	at org.apache.ratis.util.PeerProxyMap$PeerAndProxy.close(PeerProxyMap.java:70)
	at org.apache.ratis.util.PeerProxyMap.resetProxy(PeerProxyMap.java:127)
	at org.apache.ratis.util.PeerProxyMap.handleException(PeerProxyMap.java:136)
	at org.apache.ratis.client.impl.RaftClientRpcWithProxy.handleException(RaftClientRpcWithProxy.java:47)
	at org.apache.ratis.client.impl.RaftClientImpl.handleIOException(RaftClientImpl.java:372)
	at org.apache.ratis.client.impl.OrderedAsync.lambda$sendRequest$10(OrderedAsync.java:236)
	at java.util.concurrent.CompletableFuture.uniExceptionally(CompletableFuture.java:870)
	at java.util.concurrent.CompletableFuture$UniExceptionally.tryFire(CompletableFuture.java:852)
	at java.util.concurrent.CompletableFuture.postComplete(CompletableFuture.java:474)
	at java.util.concurrent.CompletableFuture.completeExceptionally(CompletableFuture.java:1977)
	at org.apache.ratis.grpc.client.GrpcClientProtocolClient$AsyncStreamObservers.lambda$timeoutCheck$3(GrpcClientProtocolClient.java:324)
	at java.util.Optional.ifPresent(Optional.java:159)
	at org.apache.ratis.grpc.client.GrpcClientProtocolClient$AsyncStreamObservers.handleReplyFuture(GrpcClientProtocolClient.java:329)
	at org.apache.ratis.grpc.client.GrpcClientProtocolClient$AsyncStreamObservers.timeoutCheck(GrpcClientProtocolClient.java:324)
	at org.apache.ratis.grpc.client.GrpcClientProtocolClient$AsyncStreamObservers.lambda$onNext$1(GrpcClientProtocolClient.java:318)
	at org.apache.ratis.util.TimeoutScheduler.lambda$onTimeout$0(TimeoutScheduler.java:113)
	at org.apache.ratis.util.TimeoutScheduler.lambda$onTimeout$1(TimeoutScheduler.java:133)
	at org.apache.ratis.util.LogUtils.runAndLog(LogUtils.java:50)
	at org.apache.ratis.util.LogUtils$1.run(LogUtils.java:91)
	at java.util.concurrent.Executors$RunnableAdapter.call(Executors.java:511)
	at java.util.concurrent.FutureTask.run(FutureTask.java:266)
	at java.util.concurrent.ScheduledThreadPoolExecutor$ScheduledFutureTask.access$201(ScheduledThreadPoolExecutor.java:180)
	at java.util.concurrent.ScheduledThreadPoolExecutor$ScheduledFutureTask.run(ScheduledThreadPoolExecutor.java:293)
	at java.util.concurrent.ThreadPoolExecutor.runWorker(ThreadPoolExecutor.java:1149)
	at java.util.concurrent.ThreadPoolExecutor$Worker.run(ThreadPoolExecutor.java:624)
	at java.lang.Thread.run(Thread.java:748)
2019-10-02 07:36:25,422 [java.util.concurrent.ThreadPoolExecutor$Worker@1531b212[State = -1, empty queue]] WARN  util.TimeoutScheduler (LogUtils.java:runAndLog(55)) - Failed to task #0: java.lang.NullPointerException
2019-10-02 07:36:29,483 [java.util.concurrent.ThreadPoolExecutor$Worker@63997250[State = -1, empty queue]] ERROR client.GrpcClientProtocolClient (GrpcClientProtocolClient.java:close(148)) - Unexpected exception while waiting for channel termination
java.lang.InterruptedException
	at java.util.concurrent.locks.AbstractQueuedSynchronizer.tryAcquireSharedNanos(AbstractQueuedSynchronizer.java:1326)
	at java.util.concurrent.CountDownLatch.await(CountDownLatch.java:277)
	at org.apache.ratis.thirdparty.io.grpc.internal.ManagedChannelImpl.awaitTermination(ManagedChannelImpl.java:763)
	at org.apache.ratis.thirdparty.io.grpc.internal.ForwardingManagedChannel.awaitTermination(ForwardingManagedChannel.java:57)
	at org.apache.ratis.thirdparty.io.grpc.internal.ManagedChannelOrphanWrapper.awaitTermination(ManagedChannelOrphanWrapper.java:70)
	at org.apache.ratis.grpc.client.GrpcClientProtocolClient.close(GrpcClientProtocolClient.java:146)
	at org.apache.ratis.util.PeerProxyMap$PeerAndProxy.lambda$close$1(PeerProxyMap.java:74)
	at org.apache.ratis.util.LifeCycle.lambda$checkStateAndClose$2(LifeCycle.java:231)
	at org.apache.ratis.util.LifeCycle.checkStateAndClose(LifeCycle.java:251)
	at org.apache.ratis.util.LifeCycle.checkStateAndClose(LifeCycle.java:229)
	at org.apache.ratis.util.PeerProxyMap$PeerAndProxy.close(PeerProxyMap.java:70)
	at org.apache.ratis.util.PeerProxyMap.resetProxy(PeerProxyMap.java:127)
	at org.apache.ratis.util.PeerProxyMap.handleException(PeerProxyMap.java:136)
	at org.apache.ratis.client.impl.RaftClientRpcWithProxy.handleException(RaftClientRpcWithProxy.java:47)
	at org.apache.ratis.client.impl.RaftClientImpl.handleIOException(RaftClientImpl.java:372)
	at org.apache.ratis.client.impl.OrderedAsync.lambda$sendRequest$10(OrderedAsync.java:236)
	at java.util.concurrent.CompletableFuture.uniExceptionally(CompletableFuture.java:870)
	at java.util.concurrent.CompletableFuture$UniExceptionally.tryFire(CompletableFuture.java:852)
	at java.util.concurrent.CompletableFuture.postComplete(CompletableFuture.java:474)
	at java.util.concurrent.CompletableFuture.completeExceptionally(CompletableFuture.java:1977)
	at org.apache.ratis.grpc.client.GrpcClientProtocolClient$AsyncStreamObservers.lambda$timeoutCheck$3(GrpcClientProtocolClient.java:324)
	at java.util.Optional.ifPresent(Optional.java:159)
	at org.apache.ratis.grpc.client.GrpcClientProtocolClient$AsyncStreamObservers.handleReplyFuture(GrpcClientProtocolClient.java:329)
	at org.apache.ratis.grpc.client.GrpcClientProtocolClient$AsyncStreamObservers.timeoutCheck(GrpcClientProtocolClient.java:324)
	at org.apache.ratis.grpc.client.GrpcClientProtocolClient$AsyncStreamObservers.lambda$onNext$1(GrpcClientProtocolClient.java:318)
	at org.apache.ratis.util.TimeoutScheduler.lambda$onTimeout$0(TimeoutScheduler.java:113)
	at org.apache.ratis.util.TimeoutScheduler.lambda$onTimeout$1(TimeoutScheduler.java:133)
	at org.apache.ratis.util.LogUtils.runAndLog(LogUtils.java:50)
	at org.apache.ratis.util.LogUtils$1.run(LogUtils.java:91)
	at java.util.concurrent.Executors$RunnableAdapter.call(Executors.java:511)
	at java.util.concurrent.FutureTask.run(FutureTask.java:266)
	at java.util.concurrent.ScheduledThreadPoolExecutor$ScheduledFutureTask.access$201(ScheduledThreadPoolExecutor.java:180)
	at java.util.concurrent.ScheduledThreadPoolExecutor$ScheduledFutureTask.run(ScheduledThreadPoolExecutor.java:293)
	at java.util.concurrent.ThreadPoolExecutor.runWorker(ThreadPoolExecutor.java:1149)
	at java.util.concurrent.ThreadPoolExecutor$Worker.run(ThreadPoolExecutor.java:624)
	at java.lang.Thread.run(Thread.java:748)
2019-10-02 07:36:29,486 [java.util.concurrent.ThreadPoolExecutor$Worker@63997250[State = -1, empty queue]] WARN  util.TimeoutScheduler (LogUtils.java:runAndLog(55)) - Failed to task #0: java.lang.NullPointerException
2019-10-02 07:36:31,779 [grpc-default-executor-3] INFO  impl.RaftServerProxy (RaftServerProxy.java:addNew(89)) - e774d0d1-00b7-40b4-85b3-8faca11cae95: addNew group-24AFEE7F4BAB:[e774d0d1-00b7-40b4-85b3-8faca11cae95:192.168.5.178:33677, ceafac3c-b94e-436b-b57a-960890b1af34:192.168.5.178:45023, 804fc30f-f23d-4bcd-9bd5-debbbb81330f:192.168.5.178:45868] returns group-24AFEE7F4BAB:java.util.concurrent.CompletableFuture@523c24b0[Not completed]
2019-10-02 07:36:31,779 [grpc-default-executor-5] INFO  impl.RaftServerProxy (RaftServerProxy.java:addNew(89)) - 804fc30f-f23d-4bcd-9bd5-debbbb81330f: addNew group-24AFEE7F4BAB:[e774d0d1-00b7-40b4-85b3-8faca11cae95:192.168.5.178:33677, ceafac3c-b94e-436b-b57a-960890b1af34:192.168.5.178:45023, 804fc30f-f23d-4bcd-9bd5-debbbb81330f:192.168.5.178:45868] returns group-24AFEE7F4BAB:java.util.concurrent.CompletableFuture@7f9bcc7e[Not completed]
2019-10-02 07:36:31,779 [grpc-default-executor-2] INFO  impl.RaftServerProxy (RaftServerProxy.java:addNew(89)) - ceafac3c-b94e-436b-b57a-960890b1af34: addNew group-24AFEE7F4BAB:[e774d0d1-00b7-40b4-85b3-8faca11cae95:192.168.5.178:33677, ceafac3c-b94e-436b-b57a-960890b1af34:192.168.5.178:45023, 804fc30f-f23d-4bcd-9bd5-debbbb81330f:192.168.5.178:45868] returns group-24AFEE7F4BAB:java.util.concurrent.CompletableFuture@1a366fbf[Not completed]
2019-10-02 07:36:31,782 [pool-87-thread-1] INFO  impl.RaftServerImpl (RaftServerImpl.java:<init>(95)) - e774d0d1-00b7-40b4-85b3-8faca11cae95: new RaftServerImpl for group-24AFEE7F4BAB:[e774d0d1-00b7-40b4-85b3-8faca11cae95:192.168.5.178:33677, ceafac3c-b94e-436b-b57a-960890b1af34:192.168.5.178:45023, 804fc30f-f23d-4bcd-9bd5-debbbb81330f:192.168.5.178:45868] with ContainerStateMachine:uninitialized
2019-10-02 07:36:31,783 [pool-87-thread-1] INFO  server.RaftServerConfigKeys (ConfUtils.java:logGet(43)) - raft.server.rpc.timeout.min = 5s (custom)
2019-10-02 07:36:31,783 [pool-87-thread-1] INFO  server.RaftServerConfigKeys (ConfUtils.java:logGet(43)) - raft.server.rpc.timeout.max = 5200ms (custom)
2019-10-02 07:36:31,783 [pool-87-thread-1] INFO  server.RaftServerConfigKeys (ConfUtils.java:logGet(43)) - raft.server.rpcslowness.timeout = 120s (custom)
2019-10-02 07:36:31,783 [pool-87-thread-1] INFO  server.RaftServerConfigKeys (ConfUtils.java:logGet(43)) - raft.server.sleep.deviation.threshold = 300 (default)
2019-10-02 07:36:31,783 [pool-87-thread-1] INFO  server.RaftServerConfigKeys (ConfUtils.java:logGet(43)) - raft.server.log.appender.install.snapshot.enabled = false (custom)
2019-10-02 07:36:31,783 [pool-67-thread-1] INFO  impl.RaftServerImpl (RaftServerImpl.java:<init>(95)) - ceafac3c-b94e-436b-b57a-960890b1af34: new RaftServerImpl for group-24AFEE7F4BAB:[e774d0d1-00b7-40b4-85b3-8faca11cae95:192.168.5.178:33677, ceafac3c-b94e-436b-b57a-960890b1af34:192.168.5.178:45023, 804fc30f-f23d-4bcd-9bd5-debbbb81330f:192.168.5.178:45868] with ContainerStateMachine:uninitialized
2019-10-02 07:36:31,783 [pool-87-thread-1] INFO  impl.RaftServerImpl (ServerState.java:<init>(103)) - e774d0d1-00b7-40b4-85b3-8faca11cae95@group-24AFEE7F4BAB: ConfigurationManager, init=-1: [e774d0d1-00b7-40b4-85b3-8faca11cae95:192.168.5.178:33677, ceafac3c-b94e-436b-b57a-960890b1af34:192.168.5.178:45023, 804fc30f-f23d-4bcd-9bd5-debbbb81330f:192.168.5.178:45868], old=null, confs=<EMPTY_MAP>
2019-10-02 07:36:31,784 [pool-67-thread-1] INFO  server.RaftServerConfigKeys (ConfUtils.java:logGet(43)) - raft.server.rpc.timeout.min = 5s (custom)
2019-10-02 07:36:31,784 [pool-67-thread-1] INFO  server.RaftServerConfigKeys (ConfUtils.java:logGet(43)) - raft.server.rpc.timeout.max = 5200ms (custom)
2019-10-02 07:36:31,784 [pool-87-thread-1] INFO  server.RaftServerConfigKeys (ConfUtils.java:logGet(43)) - raft.server.storage.dir = [/workdir/hadoop-ozone/integration-test/target/test-dir/MiniOzoneClusterImpl-2816ce32-9f3d-4212-87e4-3e92bc85cde0/datanode-6/data/ratis] (custom)
2019-10-02 07:36:31,784 [pool-67-thread-1] INFO  server.RaftServerConfigKeys (ConfUtils.java:logGet(43)) - raft.server.rpcslowness.timeout = 120s (custom)
2019-10-02 07:36:31,784 [pool-67-thread-1] INFO  server.RaftServerConfigKeys (ConfUtils.java:logGet(43)) - raft.server.sleep.deviation.threshold = 300 (default)
2019-10-02 07:36:31,784 [pool-87-thread-1] INFO  server.RaftServerConfigKeys (ConfUtils.java:logGet(43)) - raft.server.log.corruption.policy = EXCEPTION (default)
2019-10-02 07:36:31,784 [pool-27-thread-1] INFO  impl.RaftServerImpl (RaftServerImpl.java:<init>(95)) - 804fc30f-f23d-4bcd-9bd5-debbbb81330f: new RaftServerImpl for group-24AFEE7F4BAB:[e774d0d1-00b7-40b4-85b3-8faca11cae95:192.168.5.178:33677, ceafac3c-b94e-436b-b57a-960890b1af34:192.168.5.178:45023, 804fc30f-f23d-4bcd-9bd5-debbbb81330f:192.168.5.178:45868] with ContainerStateMachine:uninitialized
2019-10-02 07:36:31,784 [pool-67-thread-1] INFO  server.RaftServerConfigKeys (ConfUtils.java:logGet(43)) - raft.server.log.appender.install.snapshot.enabled = false (custom)
2019-10-02 07:36:31,785 [pool-27-thread-1] INFO  server.RaftServerConfigKeys (ConfUtils.java:logGet(43)) - raft.server.rpc.timeout.min = 5s (custom)
2019-10-02 07:36:31,785 [pool-67-thread-1] INFO  impl.RaftServerImpl (ServerState.java:<init>(103)) - ceafac3c-b94e-436b-b57a-960890b1af34@group-24AFEE7F4BAB: ConfigurationManager, init=-1: [e774d0d1-00b7-40b4-85b3-8faca11cae95:192.168.5.178:33677, ceafac3c-b94e-436b-b57a-960890b1af34:192.168.5.178:45023, 804fc30f-f23d-4bcd-9bd5-debbbb81330f:192.168.5.178:45868], old=null, confs=<EMPTY_MAP>
2019-10-02 07:36:31,785 [pool-27-thread-1] INFO  server.RaftServerConfigKeys (ConfUtils.java:logGet(43)) - raft.server.rpc.timeout.max = 5200ms (custom)
2019-10-02 07:36:31,785 [pool-67-thread-1] INFO  server.RaftServerConfigKeys (ConfUtils.java:logGet(43)) - raft.server.storage.dir = [/workdir/hadoop-ozone/integration-test/target/test-dir/MiniOzoneClusterImpl-2816ce32-9f3d-4212-87e4-3e92bc85cde0/datanode-4/data/ratis] (custom)
2019-10-02 07:36:31,785 [pool-27-thread-1] INFO  server.RaftServerConfigKeys (ConfUtils.java:logGet(43)) - raft.server.rpcslowness.timeout = 120s (custom)
2019-10-02 07:36:31,786 [pool-27-thread-1] INFO  server.RaftServerConfigKeys (ConfUtils.java:logGet(43)) - raft.server.sleep.deviation.threshold = 300 (default)
2019-10-02 07:36:31,786 [pool-67-thread-1] INFO  server.RaftServerConfigKeys (ConfUtils.java:logGet(43)) - raft.server.log.corruption.policy = EXCEPTION (default)
2019-10-02 07:36:31,786 [pool-87-thread-1] INFO  storage.RaftStorageDirectory (RaftStorageDirectory.java:analyzeStorage(246)) - The storage directory /workdir/hadoop-ozone/integration-test/target/test-dir/MiniOzoneClusterImpl-2816ce32-9f3d-4212-87e4-3e92bc85cde0/datanode-6/data/ratis/33586eb2-d1f3-4a36-80a6-24afee7f4bab does not exist. Creating ...
2019-10-02 07:36:31,786 [pool-27-thread-1] INFO  server.RaftServerConfigKeys (ConfUtils.java:logGet(43)) - raft.server.log.appender.install.snapshot.enabled = false (custom)
2019-10-02 07:36:31,786 [pool-27-thread-1] INFO  impl.RaftServerImpl (ServerState.java:<init>(103)) - 804fc30f-f23d-4bcd-9bd5-debbbb81330f@group-24AFEE7F4BAB: ConfigurationManager, init=-1: [e774d0d1-00b7-40b4-85b3-8faca11cae95:192.168.5.178:33677, ceafac3c-b94e-436b-b57a-960890b1af34:192.168.5.178:45023, 804fc30f-f23d-4bcd-9bd5-debbbb81330f:192.168.5.178:45868], old=null, confs=<EMPTY_MAP>
2019-10-02 07:36:31,787 [pool-67-thread-1] INFO  storage.RaftStorageDirectory (RaftStorageDirectory.java:analyzeStorage(246)) - The storage directory /workdir/hadoop-ozone/integration-test/target/test-dir/MiniOzoneClusterImpl-2816ce32-9f3d-4212-87e4-3e92bc85cde0/datanode-4/data/ratis/33586eb2-d1f3-4a36-80a6-24afee7f4bab does not exist. Creating ...
2019-10-02 07:36:31,787 [pool-27-thread-1] INFO  server.RaftServerConfigKeys (ConfUtils.java:logGet(43)) - raft.server.storage.dir = [/workdir/hadoop-ozone/integration-test/target/test-dir/MiniOzoneClusterImpl-2816ce32-9f3d-4212-87e4-3e92bc85cde0/datanode-0/data/ratis] (custom)
2019-10-02 07:36:31,787 [pool-27-thread-1] INFO  server.RaftServerConfigKeys (ConfUtils.java:logGet(43)) - raft.server.log.corruption.policy = EXCEPTION (default)
2019-10-02 07:36:31,787 [pool-27-thread-1] INFO  storage.RaftStorageDirectory (RaftStorageDirectory.java:analyzeStorage(246)) - The storage directory /workdir/hadoop-ozone/integration-test/target/test-dir/MiniOzoneClusterImpl-2816ce32-9f3d-4212-87e4-3e92bc85cde0/datanode-0/data/ratis/33586eb2-d1f3-4a36-80a6-24afee7f4bab does not exist. Creating ...
2019-10-02 07:36:31,800 [pool-27-thread-1] INFO  storage.RaftStorageDirectory (RaftStorageDirectory.java:tryLock(328)) - Lock on /workdir/hadoop-ozone/integration-test/target/test-dir/MiniOzoneClusterImpl-2816ce32-9f3d-4212-87e4-3e92bc85cde0/datanode-0/data/ratis/33586eb2-d1f3-4a36-80a6-24afee7f4bab/in_use.lock acquired by nodename 1188@pr-trunk-8bg6x-723665176
2019-10-02 07:36:31,800 [pool-87-thread-1] INFO  storage.RaftStorageDirectory (RaftStorageDirectory.java:tryLock(328)) - Lock on /workdir/hadoop-ozone/integration-test/target/test-dir/MiniOzoneClusterImpl-2816ce32-9f3d-4212-87e4-3e92bc85cde0/datanode-6/data/ratis/33586eb2-d1f3-4a36-80a6-24afee7f4bab/in_use.lock acquired by nodename 1188@pr-trunk-8bg6x-723665176
2019-10-02 07:36:31,800 [pool-67-thread-1] INFO  storage.RaftStorageDirectory (RaftStorageDirectory.java:tryLock(328)) - Lock on /workdir/hadoop-ozone/integration-test/target/test-dir/MiniOzoneClusterImpl-2816ce32-9f3d-4212-87e4-3e92bc85cde0/datanode-4/data/ratis/33586eb2-d1f3-4a36-80a6-24afee7f4bab/in_use.lock acquired by nodename 1188@pr-trunk-8bg6x-723665176
2019-10-02 07:36:31,814 [pool-27-thread-1] INFO  storage.RaftStorage (RaftStorage.java:format(84)) - Storage directory /workdir/hadoop-ozone/integration-test/target/test-dir/MiniOzoneClusterImpl-2816ce32-9f3d-4212-87e4-3e92bc85cde0/datanode-0/data/ratis/33586eb2-d1f3-4a36-80a6-24afee7f4bab has been successfully formatted.
2019-10-02 07:36:31,814 [pool-87-thread-1] INFO  storage.RaftStorage (RaftStorage.java:format(84)) - Storage directory /workdir/hadoop-ozone/integration-test/target/test-dir/MiniOzoneClusterImpl-2816ce32-9f3d-4212-87e4-3e92bc85cde0/datanode-6/data/ratis/33586eb2-d1f3-4a36-80a6-24afee7f4bab has been successfully formatted.
2019-10-02 07:36:31,814 [pool-67-thread-1] INFO  storage.RaftStorage (RaftStorage.java:format(84)) - Storage directory /workdir/hadoop-ozone/integration-test/target/test-dir/MiniOzoneClusterImpl-2816ce32-9f3d-4212-87e4-3e92bc85cde0/datanode-4/data/ratis/33586eb2-d1f3-4a36-80a6-24afee7f4bab has been successfully formatted.
2019-10-02 07:36:31,815 [pool-87-thread-1] INFO  ratis.ContainerStateMachine (ContainerStateMachine.java:loadSnapshot(231)) - group-24AFEE7F4BAB: The snapshot info is null. Setting the last applied indexto:(t:0, i:~)
2019-10-02 07:36:31,815 [pool-27-thread-1] INFO  ratis.ContainerStateMachine (ContainerStateMachine.java:loadSnapshot(231)) - group-24AFEE7F4BAB: The snapshot info is null. Setting the last applied indexto:(t:0, i:~)
2019-10-02 07:36:31,815 [pool-87-thread-1] INFO  server.RaftServerConfigKeys (ConfUtils.java:logGet(43)) - raft.server.notification.no-leader.timeout = 120s (custom)
2019-10-02 07:36:31,815 [pool-67-thread-1] INFO  ratis.ContainerStateMachine (ContainerStateMachine.java:loadSnapshot(231)) - group-24AFEE7F4BAB: The snapshot info is null. Setting the last applied indexto:(t:0, i:~)
2019-10-02 07:36:31,815 [pool-87-thread-1] INFO  server.RaftServerConfigKeys (ConfUtils.java:logGet(43)) - raft.server.log.use.memory = false (default)
2019-10-02 07:36:31,815 [pool-27-thread-1] INFO  server.RaftServerConfigKeys (ConfUtils.java:logGet(43)) - raft.server.notification.no-leader.timeout = 120s (custom)
2019-10-02 07:36:31,816 [pool-87-thread-1] INFO  server.RaftServerConfigKeys (ConfUtils.java:logGet(43)) - raft.server.log.purge.gap = 1000000 (custom)
2019-10-02 07:36:31,816 [pool-67-thread-1] INFO  server.RaftServerConfigKeys (ConfUtils.java:logGet(43)) - raft.server.notification.no-leader.timeout = 120s (custom)
2019-10-02 07:36:31,816 [pool-87-thread-1] INFO  server.RaftServerConfigKeys (ConfUtils.java:logGet(43)) - raft.server.log.appender.buffer.byte-limit = 33554432 (custom)
2019-10-02 07:36:31,816 [pool-27-thread-1] INFO  server.RaftServerConfigKeys (ConfUtils.java:logGet(43)) - raft.server.log.use.memory = false (default)
2019-10-02 07:36:31,816 [pool-87-thread-1] INFO  server.RaftServerConfigKeys (ConfUtils.java:logGet(43)) - raft.server.log.segment.size.max = 1048576 (custom)
2019-10-02 07:36:31,816 [pool-67-thread-1] INFO  server.RaftServerConfigKeys (ConfUtils.java:logGet(43)) - raft.server.log.use.memory = false (default)
2019-10-02 07:36:31,817 [pool-87-thread-1] INFO  server.RaftServerConfigKeys (ConfUtils.java:logGet(43)) - raft.server.log.segment.cache.num.max = 2 (custom)
2019-10-02 07:36:31,816 [pool-27-thread-1] INFO  server.RaftServerConfigKeys (ConfUtils.java:logGet(43)) - raft.server.log.purge.gap = 1000000 (custom)
2019-10-02 07:36:31,817 [pool-87-thread-1] INFO  segmented.SegmentedRaftLogWorker (SegmentedRaftLogWorker.java:<init>(173)) - new e774d0d1-00b7-40b4-85b3-8faca11cae95@group-24AFEE7F4BAB-SegmentedRaftLogWorker for RaftStorage:Storage Directory /workdir/hadoop-ozone/integration-test/target/test-dir/MiniOzoneClusterImpl-2816ce32-9f3d-4212-87e4-3e92bc85cde0/datanode-6/data/ratis/33586eb2-d1f3-4a36-80a6-24afee7f4bab
2019-10-02 07:36:31,817 [pool-67-thread-1] INFO  server.RaftServerConfigKeys (ConfUtils.java:logGet(43)) - raft.server.log.purge.gap = 1000000 (custom)
2019-10-02 07:36:31,817 [pool-87-thread-1] INFO  server.RaftServerConfigKeys (ConfUtils.java:logGet(43)) - raft.server.log.queue.byte-limit = 2147483647 (custom)
2019-10-02 07:36:31,817 [pool-87-thread-1] INFO  server.RaftServerConfigKeys (ConfUtils.java:logGet(43)) - raft.server.log.queue.element-limit = 1024 (custom)
2019-10-02 07:36:31,817 [pool-27-thread-1] INFO  server.RaftServerConfigKeys (ConfUtils.java:logGet(43)) - raft.server.log.appender.buffer.byte-limit = 33554432 (custom)
2019-10-02 07:36:31,818 [pool-87-thread-1] INFO  server.RaftServerConfigKeys (ConfUtils.java:logGet(43)) - raft.server.log.segment.size.max = 1048576 (custom)
2019-10-02 07:36:31,817 [pool-67-thread-1] INFO  server.RaftServerConfigKeys (ConfUtils.java:logGet(43)) - raft.server.log.appender.buffer.byte-limit = 33554432 (custom)
2019-10-02 07:36:31,818 [pool-87-thread-1] INFO  server.RaftServerConfigKeys (ConfUtils.java:logGet(43)) - raft.server.log.preallocated.size = 16384 (custom)
2019-10-02 07:36:31,818 [pool-27-thread-1] INFO  server.RaftServerConfigKeys (ConfUtils.java:logGet(43)) - raft.server.log.segment.size.max = 1048576 (custom)
2019-10-02 07:36:31,818 [pool-87-thread-1] INFO  server.RaftServerConfigKeys (ConfUtils.java:logGet(43)) - raft.server.log.write.buffer.size = 33554432 (custom)
2019-10-02 07:36:31,818 [pool-67-thread-1] INFO  server.RaftServerConfigKeys (ConfUtils.java:logGet(43)) - raft.server.log.segment.size.max = 1048576 (custom)
2019-10-02 07:36:31,818 [pool-87-thread-1] INFO  server.RaftServerConfigKeys (ConfUtils.java:logGet(43)) - raft.server.log.force.sync.num = 128 (default)
2019-10-02 07:36:31,818 [pool-27-thread-1] INFO  server.RaftServerConfigKeys (ConfUtils.java:logGet(43)) - raft.server.log.segment.cache.num.max = 2 (custom)
2019-10-02 07:36:31,819 [pool-87-thread-1] INFO  server.RaftServerConfigKeys (ConfUtils.java:logGet(43)) - raft.server.log.statemachine.data.sync = true (default)
2019-10-02 07:36:31,819 [pool-67-thread-1] INFO  server.RaftServerConfigKeys (ConfUtils.java:logGet(43)) - raft.server.log.segment.cache.num.max = 2 (custom)
2019-10-02 07:36:31,819 [pool-87-thread-1] INFO  server.RaftServerConfigKeys (ConfUtils.java:logGet(43)) - raft.server.log.statemachine.data.sync.timeout = 10s (default)
2019-10-02 07:36:31,819 [pool-27-thread-1] INFO  segmented.SegmentedRaftLogWorker (SegmentedRaftLogWorker.java:<init>(173)) - new 804fc30f-f23d-4bcd-9bd5-debbbb81330f@group-24AFEE7F4BAB-SegmentedRaftLogWorker for RaftStorage:Storage Directory /workdir/hadoop-ozone/integration-test/target/test-dir/MiniOzoneClusterImpl-2816ce32-9f3d-4212-87e4-3e92bc85cde0/datanode-0/data/ratis/33586eb2-d1f3-4a36-80a6-24afee7f4bab
2019-10-02 07:36:31,819 [pool-87-thread-1] INFO  server.RaftServerConfigKeys (ConfUtils.java:logGet(43)) - raft.server.log.statemachine.data.sync.timeout.retry = -1 (default)
2019-10-02 07:36:31,819 [pool-67-thread-1] INFO  segmented.SegmentedRaftLogWorker (SegmentedRaftLogWorker.java:<init>(173)) - new ceafac3c-b94e-436b-b57a-960890b1af34@group-24AFEE7F4BAB-SegmentedRaftLogWorker for RaftStorage:Storage Directory /workdir/hadoop-ozone/integration-test/target/test-dir/MiniOzoneClusterImpl-2816ce32-9f3d-4212-87e4-3e92bc85cde0/datanode-4/data/ratis/33586eb2-d1f3-4a36-80a6-24afee7f4bab
2019-10-02 07:36:31,820 [pool-87-thread-1] INFO  server.RaftServerConfigKeys (ConfUtils.java:logGet(43)) - raft.server.log.statemachine.data.caching.enabled = true (custom)
2019-10-02 07:36:31,819 [pool-27-thread-1] INFO  server.RaftServerConfigKeys (ConfUtils.java:logGet(43)) - raft.server.log.queue.byte-limit = 2147483647 (custom)
2019-10-02 07:36:31,820 [pool-67-thread-1] INFO  server.RaftServerConfigKeys (ConfUtils.java:logGet(43)) - raft.server.log.queue.byte-limit = 2147483647 (custom)
2019-10-02 07:36:31,820 [pool-87-thread-1] INFO  segmented.SegmentedRaftLogWorker (SegmentedRaftLogWorker.java:lambda$new$0(128)) - e774d0d1-00b7-40b4-85b3-8faca11cae95@group-24AFEE7F4BAB-SegmentedRaftLogWorker: flushIndex: setUnconditionally 0 -> -1
2019-10-02 07:36:31,820 [pool-27-thread-1] INFO  server.RaftServerConfigKeys (ConfUtils.java:logGet(43)) - raft.server.log.queue.element-limit = 1024 (custom)
2019-10-02 07:36:31,820 [pool-67-thread-1] INFO  server.RaftServerConfigKeys (ConfUtils.java:logGet(43)) - raft.server.log.queue.element-limit = 1024 (custom)
2019-10-02 07:36:31,821 [pool-87-thread-1] INFO  server.RaftServerConfigKeys (ConfUtils.java:logGet(43)) - raft.server.snapshot.auto.trigger.enabled = true (custom)
2019-10-02 07:36:31,820 [pool-27-thread-1] INFO  server.RaftServerConfigKeys (ConfUtils.java:logGet(43)) - raft.server.log.segment.size.max = 1048576 (custom)
2019-10-02 07:36:31,821 [pool-87-thread-1] INFO  server.RaftServerConfigKeys (ConfUtils.java:logGet(43)) - raft.server.snapshot.auto.trigger.threshold = 10000 (custom)
2019-10-02 07:36:31,821 [pool-67-thread-1] INFO  server.RaftServerConfigKeys (ConfUtils.java:logGet(43)) - raft.server.log.segment.size.max = 1048576 (custom)
2019-10-02 07:36:31,821 [pool-87-thread-1] INFO  server.RaftServerConfigKeys (ConfUtils.java:logGet(43)) - raft.server.snapshot.retention.file.num = 5 (custom)
2019-10-02 07:36:31,821 [pool-27-thread-1] INFO  server.RaftServerConfigKeys (ConfUtils.java:logGet(43)) - raft.server.log.preallocated.size = 16384 (custom)
2019-10-02 07:36:31,821 [pool-87-thread-1] INFO  server.RaftServerConfigKeys (ConfUtils.java:logGet(43)) - raft.server.retrycache.expirytime = 600000ms (custom)
2019-10-02 07:36:31,821 [pool-67-thread-1] INFO  server.RaftServerConfigKeys (ConfUtils.java:logGet(43)) - raft.server.log.preallocated.size = 16384 (custom)
2019-10-02 07:36:31,821 [pool-27-thread-1] INFO  server.RaftServerConfigKeys (ConfUtils.java:logGet(43)) - raft.server.log.write.buffer.size = 33554432 (custom)
2019-10-02 07:36:31,822 [pool-67-thread-1] INFO  server.RaftServerConfigKeys (ConfUtils.java:logGet(43)) - raft.server.log.write.buffer.size = 33554432 (custom)
2019-10-02 07:36:31,822 [pool-27-thread-1] INFO  server.RaftServerConfigKeys (ConfUtils.java:logGet(43)) - raft.server.log.force.sync.num = 128 (default)
2019-10-02 07:36:31,822 [pool-67-thread-1] INFO  server.RaftServerConfigKeys (ConfUtils.java:logGet(43)) - raft.server.log.force.sync.num = 128 (default)
2019-10-02 07:36:31,822 [pool-27-thread-1] INFO  server.RaftServerConfigKeys (ConfUtils.java:logGet(43)) - raft.server.log.statemachine.data.sync = true (default)
2019-10-02 07:36:31,822 [pool-67-thread-1] INFO  server.RaftServerConfigKeys (ConfUtils.java:logGet(43)) - raft.server.log.statemachine.data.sync = true (default)
2019-10-02 07:36:31,822 [pool-27-thread-1] INFO  server.RaftServerConfigKeys (ConfUtils.java:logGet(43)) - raft.server.log.statemachine.data.sync.timeout = 10s (default)
2019-10-02 07:36:31,822 [pool-67-thread-1] INFO  server.RaftServerConfigKeys (ConfUtils.java:logGet(43)) - raft.server.log.statemachine.data.sync.timeout = 10s (default)
2019-10-02 07:36:31,823 [pool-27-thread-1] INFO  server.RaftServerConfigKeys (ConfUtils.java:logGet(43)) - raft.server.log.statemachine.data.sync.timeout.retry = -1 (default)
2019-10-02 07:36:31,823 [pool-67-thread-1] INFO  server.RaftServerConfigKeys (ConfUtils.java:logGet(43)) - raft.server.log.statemachine.data.sync.timeout.retry = -1 (default)
2019-10-02 07:36:31,823 [pool-27-thread-1] INFO  server.RaftServerConfigKeys (ConfUtils.java:logGet(43)) - raft.server.log.statemachine.data.caching.enabled = true (custom)
2019-10-02 07:36:31,823 [pool-67-thread-1] INFO  server.RaftServerConfigKeys (ConfUtils.java:logGet(43)) - raft.server.log.statemachine.data.caching.enabled = true (custom)
2019-10-02 07:36:31,823 [pool-27-thread-1] INFO  segmented.SegmentedRaftLogWorker (SegmentedRaftLogWorker.java:lambda$new$0(128)) - 804fc30f-f23d-4bcd-9bd5-debbbb81330f@group-24AFEE7F4BAB-SegmentedRaftLogWorker: flushIndex: setUnconditionally 0 -> -1
2019-10-02 07:36:31,823 [pool-67-thread-1] INFO  segmented.SegmentedRaftLogWorker (SegmentedRaftLogWorker.java:lambda$new$0(128)) - ceafac3c-b94e-436b-b57a-960890b1af34@group-24AFEE7F4BAB-SegmentedRaftLogWorker: flushIndex: setUnconditionally 0 -> -1
2019-10-02 07:36:31,824 [pool-27-thread-1] INFO  server.RaftServerConfigKeys (ConfUtils.java:logGet(43)) - raft.server.snapshot.auto.trigger.enabled = true (custom)
2019-10-02 07:36:31,824 [pool-27-thread-1] INFO  server.RaftServerConfigKeys (ConfUtils.java:logGet(43)) - raft.server.snapshot.auto.trigger.threshold = 10000 (custom)
2019-10-02 07:36:31,824 [pool-67-thread-1] INFO  server.RaftServerConfigKeys (ConfUtils.java:logGet(43)) - raft.server.snapshot.auto.trigger.enabled = true (custom)
2019-10-02 07:36:31,824 [pool-27-thread-1] INFO  server.RaftServerConfigKeys (ConfUtils.java:logGet(43)) - raft.server.snapshot.retention.file.num = 5 (custom)
2019-10-02 07:36:31,824 [pool-67-thread-1] INFO  server.RaftServerConfigKeys (ConfUtils.java:logGet(43)) - raft.server.snapshot.auto.trigger.threshold = 10000 (custom)
2019-10-02 07:36:31,824 [pool-27-thread-1] INFO  server.RaftServerConfigKeys (ConfUtils.java:logGet(43)) - raft.server.retrycache.expirytime = 600000ms (custom)
2019-10-02 07:36:31,824 [pool-67-thread-1] INFO  server.RaftServerConfigKeys (ConfUtils.java:logGet(43)) - raft.server.snapshot.retention.file.num = 5 (custom)
2019-10-02 07:36:31,824 [pool-87-thread-1] INFO  impl.RaftServerImpl (RaftServerImpl.java:start(181)) - e774d0d1-00b7-40b4-85b3-8faca11cae95@group-24AFEE7F4BAB: start as a follower, conf=-1: [e774d0d1-00b7-40b4-85b3-8faca11cae95:192.168.5.178:33677, ceafac3c-b94e-436b-b57a-960890b1af34:192.168.5.178:45023, 804fc30f-f23d-4bcd-9bd5-debbbb81330f:192.168.5.178:45868], old=null
2019-10-02 07:36:31,825 [pool-67-thread-1] INFO  server.RaftServerConfigKeys (ConfUtils.java:logGet(43)) - raft.server.retrycache.expirytime = 600000ms (custom)
2019-10-02 07:36:31,825 [pool-87-thread-1] INFO  impl.RaftServerImpl (RaftServerImpl.java:setRole(170)) - e774d0d1-00b7-40b4-85b3-8faca11cae95@group-24AFEE7F4BAB: changes role from      null to FOLLOWER at term 0 for startAsFollower
2019-10-02 07:36:31,825 [pool-87-thread-1] INFO  impl.RoleInfo (RoleInfo.java:updateAndGet(143)) - e774d0d1-00b7-40b4-85b3-8faca11cae95: start FollowerState
2019-10-02 07:36:31,826 [pool-87-thread-1] INFO  util.JmxRegister (JmxRegister.java:tryRegister(44)) - Successfully registered JMX Bean with object name Ratis:service=RaftServer,group=group-24AFEE7F4BAB,id=e774d0d1-00b7-40b4-85b3-8faca11cae95
2019-10-02 07:36:31,829 [pool-27-thread-1] INFO  impl.RaftServerImpl (RaftServerImpl.java:start(181)) - 804fc30f-f23d-4bcd-9bd5-debbbb81330f@group-24AFEE7F4BAB: start as a follower, conf=-1: [e774d0d1-00b7-40b4-85b3-8faca11cae95:192.168.5.178:33677, ceafac3c-b94e-436b-b57a-960890b1af34:192.168.5.178:45023, 804fc30f-f23d-4bcd-9bd5-debbbb81330f:192.168.5.178:45868], old=null
2019-10-02 07:36:31,829 [pool-27-thread-1] INFO  impl.RaftServerImpl (RaftServerImpl.java:setRole(170)) - 804fc30f-f23d-4bcd-9bd5-debbbb81330f@group-24AFEE7F4BAB: changes role from      null to FOLLOWER at term 0 for startAsFollower
2019-10-02 07:36:31,829 [pool-27-thread-1] INFO  impl.RoleInfo (RoleInfo.java:updateAndGet(143)) - 804fc30f-f23d-4bcd-9bd5-debbbb81330f: start FollowerState
2019-10-02 07:36:31,829 [pool-67-thread-1] INFO  impl.RaftServerImpl (RaftServerImpl.java:start(181)) - ceafac3c-b94e-436b-b57a-960890b1af34@group-24AFEE7F4BAB: start as a follower, conf=-1: [e774d0d1-00b7-40b4-85b3-8faca11cae95:192.168.5.178:33677, ceafac3c-b94e-436b-b57a-960890b1af34:192.168.5.178:45023, 804fc30f-f23d-4bcd-9bd5-debbbb81330f:192.168.5.178:45868], old=null
2019-10-02 07:36:31,829 [pool-67-thread-1] INFO  impl.RaftServerImpl (RaftServerImpl.java:setRole(170)) - ceafac3c-b94e-436b-b57a-960890b1af34@group-24AFEE7F4BAB: changes role from      null to FOLLOWER at term 0 for startAsFollower
2019-10-02 07:36:31,829 [pool-27-thread-1] INFO  util.JmxRegister (JmxRegister.java:tryRegister(44)) - Successfully registered JMX Bean with object name Ratis:service=RaftServer,group=group-24AFEE7F4BAB,id=804fc30f-f23d-4bcd-9bd5-debbbb81330f
2019-10-02 07:36:31,830 [pool-67-thread-1] INFO  impl.RoleInfo (RoleInfo.java:updateAndGet(143)) - ceafac3c-b94e-436b-b57a-960890b1af34: start FollowerState
2019-10-02 07:36:31,830 [pool-67-thread-1] INFO  util.JmxRegister (JmxRegister.java:tryRegister(44)) - Successfully registered JMX Bean with object name Ratis:service=RaftServer,group=group-24AFEE7F4BAB,id=ceafac3c-b94e-436b-b57a-960890b1af34
2019-10-02 07:36:31,837 [RatisPipelineUtilsThread] INFO  pipeline.PipelineStateManager (PipelineStateManager.java:addPipeline(56)) - Created pipeline Pipeline[ Id: 33586eb2-d1f3-4a36-80a6-24afee7f4bab, Nodes: 804fc30f-f23d-4bcd-9bd5-debbbb81330f{ip: 192.168.5.178, host: pr-trunk-8bg6x-723665176, networkLocation: /default-rack, certSerialId: null}e774d0d1-00b7-40b4-85b3-8faca11cae95{ip: 192.168.5.178, host: pr-trunk-8bg6x-723665176, networkLocation: /default-rack, certSerialId: null}ceafac3c-b94e-436b-b57a-960890b1af34{ip: 192.168.5.178, host: pr-trunk-8bg6x-723665176, networkLocation: /default-rack, certSerialId: null}, Type:RATIS, Factor:THREE, State:OPEN]
2019-10-02 07:36:33,518 [java.util.concurrent.ThreadPoolExecutor$Worker@3276be9a[State = -1, empty queue]] ERROR client.GrpcClientProtocolClient (GrpcClientProtocolClient.java:close(148)) - Unexpected exception while waiting for channel termination
java.lang.InterruptedException
	at java.util.concurrent.locks.AbstractQueuedSynchronizer.tryAcquireSharedNanos(AbstractQueuedSynchronizer.java:1326)
	at java.util.concurrent.CountDownLatch.await(CountDownLatch.java:277)
	at org.apache.ratis.thirdparty.io.grpc.internal.ManagedChannelImpl.awaitTermination(ManagedChannelImpl.java:763)
	at org.apache.ratis.thirdparty.io.grpc.internal.ForwardingManagedChannel.awaitTermination(ForwardingManagedChannel.java:57)
	at org.apache.ratis.thirdparty.io.grpc.internal.ManagedChannelOrphanWrapper.awaitTermination(ManagedChannelOrphanWrapper.java:70)
	at org.apache.ratis.grpc.client.GrpcClientProtocolClient.close(GrpcClientProtocolClient.java:146)
	at org.apache.ratis.util.PeerProxyMap$PeerAndProxy.lambda$close$1(PeerProxyMap.java:74)
	at org.apache.ratis.util.LifeCycle.lambda$checkStateAndClose$2(LifeCycle.java:231)
	at org.apache.ratis.util.LifeCycle.checkStateAndClose(LifeCycle.java:251)
	at org.apache.ratis.util.LifeCycle.checkStateAndClose(LifeCycle.java:229)
	at org.apache.ratis.util.PeerProxyMap$PeerAndProxy.close(PeerProxyMap.java:70)
	at org.apache.ratis.util.PeerProxyMap.resetProxy(PeerProxyMap.java:127)
	at org.apache.ratis.util.PeerProxyMap.handleException(PeerProxyMap.java:136)
	at org.apache.ratis.client.impl.RaftClientRpcWithProxy.handleException(RaftClientRpcWithProxy.java:47)
	at org.apache.ratis.client.impl.RaftClientImpl.handleIOException(RaftClientImpl.java:372)
	at org.apache.ratis.client.impl.OrderedAsync.lambda$sendRequest$10(OrderedAsync.java:236)
	at java.util.concurrent.CompletableFuture.uniExceptionally(CompletableFuture.java:870)
	at java.util.concurrent.CompletableFuture$UniExceptionally.tryFire(CompletableFuture.java:852)
	at java.util.concurrent.CompletableFuture.postComplete(CompletableFuture.java:474)
	at java.util.concurrent.CompletableFuture.completeExceptionally(CompletableFuture.java:1977)
	at org.apache.ratis.grpc.client.GrpcClientProtocolClient$AsyncStreamObservers.lambda$timeoutCheck$3(GrpcClientProtocolClient.java:324)
	at java.util.Optional.ifPresent(Optional.java:159)
	at org.apache.ratis.grpc.client.GrpcClientProtocolClient$AsyncStreamObservers.handleReplyFuture(GrpcClientProtocolClient.java:329)
	at org.apache.ratis.grpc.client.GrpcClientProtocolClient$AsyncStreamObservers.timeoutCheck(GrpcClientProtocolClient.java:324)
	at org.apache.ratis.grpc.client.GrpcClientProtocolClient$AsyncStreamObservers.lambda$onNext$1(GrpcClientProtocolClient.java:318)
	at org.apache.ratis.util.TimeoutScheduler.lambda$onTimeout$0(TimeoutScheduler.java:113)
	at org.apache.ratis.util.TimeoutScheduler.lambda$onTimeout$1(TimeoutScheduler.java:133)
	at org.apache.ratis.util.LogUtils.runAndLog(LogUtils.java:50)
	at org.apache.ratis.util.LogUtils$1.run(LogUtils.java:91)
	at java.util.concurrent.Executors$RunnableAdapter.call(Executors.java:511)
	at java.util.concurrent.FutureTask.run(FutureTask.java:266)
	at java.util.concurrent.ScheduledThreadPoolExecutor$ScheduledFutureTask.access$201(ScheduledThreadPoolExecutor.java:180)
	at java.util.concurrent.ScheduledThreadPoolExecutor$ScheduledFutureTask.run(ScheduledThreadPoolExecutor.java:293)
	at java.util.concurrent.ThreadPoolExecutor.runWorker(ThreadPoolExecutor.java:1149)
	at java.util.concurrent.ThreadPoolExecutor$Worker.run(ThreadPoolExecutor.java:624)
	at java.lang.Thread.run(Thread.java:748)
2019-10-02 07:36:33,519 [java.util.concurrent.ThreadPoolExecutor$Worker@3276be9a[State = -1, empty queue]] WARN  util.TimeoutScheduler (LogUtils.java:runAndLog(55)) - Failed to task #0: java.lang.NullPointerException
2019-10-02 07:36:36,932 [Thread-669] INFO  impl.FollowerState (FollowerState.java:run(108)) - e774d0d1-00b7-40b4-85b3-8faca11cae95@group-24AFEE7F4BAB-FollowerState: change to CANDIDATE, lastRpcTime:5106ms, electionTimeout:5106ms
2019-10-02 07:36:36,935 [Thread-669] INFO  impl.RoleInfo (RoleInfo.java:shutdownFollowerState(121)) - e774d0d1-00b7-40b4-85b3-8faca11cae95: shutdown FollowerState
2019-10-02 07:36:36,935 [Thread-669] INFO  impl.RaftServerImpl (RaftServerImpl.java:setRole(170)) - e774d0d1-00b7-40b4-85b3-8faca11cae95@group-24AFEE7F4BAB: changes role from  FOLLOWER to CANDIDATE at term 0 for changeToCandidate
2019-10-02 07:36:36,935 [Thread-669] INFO  impl.RoleInfo (RoleInfo.java:updateAndGet(143)) - e774d0d1-00b7-40b4-85b3-8faca11cae95: start LeaderElection
2019-10-02 07:36:36,954 [e774d0d1-00b7-40b4-85b3-8faca11cae95@group-24AFEE7F4BAB-LeaderElection12] INFO  impl.LeaderElection (LeaderElection.java:askForVotes(178)) - e774d0d1-00b7-40b4-85b3-8faca11cae95@group-24AFEE7F4BAB-LeaderElection12: begin an election at term 1 for -1: [e774d0d1-00b7-40b4-85b3-8faca11cae95:192.168.5.178:33677, ceafac3c-b94e-436b-b57a-960890b1af34:192.168.5.178:45023, 804fc30f-f23d-4bcd-9bd5-debbbb81330f:192.168.5.178:45868], old=null
2019-10-02 07:36:36,961 [grpc-default-executor-2] INFO  impl.RaftServerImpl (RaftServerImpl.java:setRole(170)) - ceafac3c-b94e-436b-b57a-960890b1af34@group-24AFEE7F4BAB: changes role from  FOLLOWER to FOLLOWER at term 1 for recognizeCandidate:e774d0d1-00b7-40b4-85b3-8faca11cae95
2019-10-02 07:36:36,961 [grpc-default-executor-5] INFO  impl.RaftServerImpl (RaftServerImpl.java:setRole(170)) - 804fc30f-f23d-4bcd-9bd5-debbbb81330f@group-24AFEE7F4BAB: changes role from  FOLLOWER to FOLLOWER at term 1 for recognizeCandidate:e774d0d1-00b7-40b4-85b3-8faca11cae95
2019-10-02 07:36:36,961 [grpc-default-executor-2] INFO  impl.RoleInfo (RoleInfo.java:shutdownFollowerState(121)) - ceafac3c-b94e-436b-b57a-960890b1af34: shutdown FollowerState
2019-10-02 07:36:36,961 [grpc-default-executor-5] INFO  impl.RoleInfo (RoleInfo.java:shutdownFollowerState(121)) - 804fc30f-f23d-4bcd-9bd5-debbbb81330f: shutdown FollowerState
2019-10-02 07:36:36,962 [grpc-default-executor-2] INFO  impl.RoleInfo (RoleInfo.java:updateAndGet(143)) - ceafac3c-b94e-436b-b57a-960890b1af34: start FollowerState
2019-10-02 07:36:36,962 [Thread-670] INFO  impl.FollowerState (FollowerState.java:run(117)) - 804fc30f-f23d-4bcd-9bd5-debbbb81330f@group-24AFEE7F4BAB-FollowerState was interrupted: java.lang.InterruptedException: sleep interrupted
2019-10-02 07:36:36,962 [Thread-671] INFO  impl.FollowerState (FollowerState.java:run(117)) - ceafac3c-b94e-436b-b57a-960890b1af34@group-24AFEE7F4BAB-FollowerState was interrupted: java.lang.InterruptedException: sleep interrupted
2019-10-02 07:36:36,962 [grpc-default-executor-5] INFO  impl.RoleInfo (RoleInfo.java:updateAndGet(143)) - 804fc30f-f23d-4bcd-9bd5-debbbb81330f: start FollowerState
2019-10-02 07:36:36,988 [e774d0d1-00b7-40b4-85b3-8faca11cae95@group-24AFEE7F4BAB-LeaderElection12] INFO  impl.LeaderElection (LeaderElection.java:logAndReturn(56)) - e774d0d1-00b7-40b4-85b3-8faca11cae95@group-24AFEE7F4BAB-LeaderElection12: Election PASSED; received 1 response(s) [e774d0d1-00b7-40b4-85b3-8faca11cae95<-ceafac3c-b94e-436b-b57a-960890b1af34#0:OK-t1] and 0 exception(s); e774d0d1-00b7-40b4-85b3-8faca11cae95@group-24AFEE7F4BAB:t1, leader=null, voted=e774d0d1-00b7-40b4-85b3-8faca11cae95, raftlog=e774d0d1-00b7-40b4-85b3-8faca11cae95@group-24AFEE7F4BAB-SegmentedRaftLog:OPENED:c-1,f-1,i0, conf=-1: [e774d0d1-00b7-40b4-85b3-8faca11cae95:192.168.5.178:33677, ceafac3c-b94e-436b-b57a-960890b1af34:192.168.5.178:45023, 804fc30f-f23d-4bcd-9bd5-debbbb81330f:192.168.5.178:45868], old=null
2019-10-02 07:36:36,988 [e774d0d1-00b7-40b4-85b3-8faca11cae95@group-24AFEE7F4BAB-LeaderElection12] INFO  impl.RoleInfo (RoleInfo.java:shutdownLeaderElection(134)) - e774d0d1-00b7-40b4-85b3-8faca11cae95: shutdown LeaderElection
2019-10-02 07:36:36,989 [e774d0d1-00b7-40b4-85b3-8faca11cae95@group-24AFEE7F4BAB-LeaderElection12] INFO  impl.RaftServerImpl (RaftServerImpl.java:setRole(170)) - e774d0d1-00b7-40b4-85b3-8faca11cae95@group-24AFEE7F4BAB: changes role from CANDIDATE to LEADER at term 1 for changeToLeader
2019-10-02 07:36:36,989 [e774d0d1-00b7-40b4-85b3-8faca11cae95@group-24AFEE7F4BAB-LeaderElection12] INFO  impl.RaftServerImpl (ServerState.java:setLeader(255)) - e774d0d1-00b7-40b4-85b3-8faca11cae95@group-24AFEE7F4BAB: change Leader from null to e774d0d1-00b7-40b4-85b3-8faca11cae95 at term 1 for becomeLeader, leader elected after 5173ms
2019-10-02 07:36:36,989 [e774d0d1-00b7-40b4-85b3-8faca11cae95@group-24AFEE7F4BAB-LeaderElection12] INFO  server.RaftServerConfigKeys (ConfUtils.java:logGet(43)) - raft.server.staging.catchup.gap = 1000 (default)
2019-10-02 07:36:36,989 [e774d0d1-00b7-40b4-85b3-8faca11cae95@group-24AFEE7F4BAB-LeaderElection12] INFO  server.RaftServerConfigKeys (ConfUtils.java:logGet(43)) - raft.server.rpc.sleep.time = 25ms (default)
2019-10-02 07:36:36,989 [e774d0d1-00b7-40b4-85b3-8faca11cae95@group-24AFEE7F4BAB-LeaderElection12] INFO  server.RaftServerConfigKeys (ConfUtils.java:logGet(43)) - raft.server.write.element-limit = 4096 (default)
2019-10-02 07:36:36,989 [e774d0d1-00b7-40b4-85b3-8faca11cae95@group-24AFEE7F4BAB-LeaderElection12] INFO  server.RaftServerConfigKeys (ConfUtils.java:logGet(43)) - raft.server.watch.timeout = 10s (default)
2019-10-02 07:36:36,990 [e774d0d1-00b7-40b4-85b3-8faca11cae95@group-24AFEE7F4BAB-LeaderElection12] INFO  server.RaftServerConfigKeys (ConfUtils.java:logGet(43)) - raft.server.watch.timeout.denomination = 1s (default)
2019-10-02 07:36:36,990 [e774d0d1-00b7-40b4-85b3-8faca11cae95@group-24AFEE7F4BAB-LeaderElection12] INFO  server.RaftServerConfigKeys (ConfUtils.java:logGet(43)) - raft.server.watch.element-limit = 65536 (default)
2019-10-02 07:36:36,993 [e774d0d1-00b7-40b4-85b3-8faca11cae95@group-24AFEE7F4BAB-LeaderElection12] INFO  server.RaftServerConfigKeys (ConfUtils.java:logGet(43)) - raft.server.log.appender.snapshot.chunk.size.max = 16MB (=16777216) (default)
2019-10-02 07:36:36,993 [e774d0d1-00b7-40b4-85b3-8faca11cae95@group-24AFEE7F4BAB-LeaderElection12] INFO  server.RaftServerConfigKeys (ConfUtils.java:logGet(43)) - raft.server.log.appender.buffer.byte-limit = 33554432 (custom)
2019-10-02 07:36:36,993 [e774d0d1-00b7-40b4-85b3-8faca11cae95@group-24AFEE7F4BAB-LeaderElection12] INFO  server.RaftServerConfigKeys (ConfUtils.java:logGet(43)) - raft.server.log.appender.buffer.element-limit = 1 (custom)
2019-10-02 07:36:36,993 [e774d0d1-00b7-40b4-85b3-8faca11cae95@group-24AFEE7F4BAB-LeaderElection12] INFO  grpc.GrpcConfigKeys$Server (ConfUtils.java:logGet(43)) - raft.grpc.server.leader.outstanding.appends.max = 128 (default)
2019-10-02 07:36:36,994 [e774d0d1-00b7-40b4-85b3-8faca11cae95@group-24AFEE7F4BAB-LeaderElection12] INFO  server.RaftServerConfigKeys (ConfUtils.java:logGet(43)) - raft.server.rpc.request.timeout = 3000ms (default)
2019-10-02 07:36:36,994 [e774d0d1-00b7-40b4-85b3-8faca11cae95@group-24AFEE7F4BAB-LeaderElection12] INFO  server.RaftServerConfigKeys (ConfUtils.java:logGet(43)) - raft.server.log.appender.install.snapshot.enabled = false (custom)
2019-10-02 07:36:36,994 [e774d0d1-00b7-40b4-85b3-8faca11cae95@group-24AFEE7F4BAB-LeaderElection12] INFO  server.RaftServerConfigKeys (ConfUtils.java:logGet(43)) - raft.server.log.appender.snapshot.chunk.size.max = 16MB (=16777216) (default)
2019-10-02 07:36:36,994 [e774d0d1-00b7-40b4-85b3-8faca11cae95@group-24AFEE7F4BAB-LeaderElection12] INFO  server.RaftServerConfigKeys (ConfUtils.java:logGet(43)) - raft.server.log.appender.buffer.byte-limit = 33554432 (custom)
2019-10-02 07:36:36,994 [e774d0d1-00b7-40b4-85b3-8faca11cae95@group-24AFEE7F4BAB-LeaderElection12] INFO  server.RaftServerConfigKeys (ConfUtils.java:logGet(43)) - raft.server.log.appender.buffer.element-limit = 1 (custom)
2019-10-02 07:36:36,995 [e774d0d1-00b7-40b4-85b3-8faca11cae95@group-24AFEE7F4BAB-LeaderElection12] INFO  grpc.GrpcConfigKeys$Server (ConfUtils.java:logGet(43)) - raft.grpc.server.leader.outstanding.appends.max = 128 (default)
2019-10-02 07:36:36,995 [e774d0d1-00b7-40b4-85b3-8faca11cae95@group-24AFEE7F4BAB-LeaderElection12] INFO  server.RaftServerConfigKeys (ConfUtils.java:logGet(43)) - raft.server.rpc.request.timeout = 3000ms (default)
2019-10-02 07:36:36,995 [e774d0d1-00b7-40b4-85b3-8faca11cae95@group-24AFEE7F4BAB-LeaderElection12] INFO  server.RaftServerConfigKeys (ConfUtils.java:logGet(43)) - raft.server.log.appender.install.snapshot.enabled = false (custom)
2019-10-02 07:36:36,995 [e774d0d1-00b7-40b4-85b3-8faca11cae95@group-24AFEE7F4BAB-LeaderElection12] INFO  impl.RoleInfo (RoleInfo.java:updateAndGet(143)) - e774d0d1-00b7-40b4-85b3-8faca11cae95: start LeaderState
2019-10-02 07:36:36,996 [e774d0d1-00b7-40b4-85b3-8faca11cae95@group-24AFEE7F4BAB-LeaderElection12] INFO  segmented.SegmentedRaftLogWorker (SegmentedRaftLogWorker.java:startLogSegment(385)) - e774d0d1-00b7-40b4-85b3-8faca11cae95@group-24AFEE7F4BAB-SegmentedRaftLogWorker: Starting segment from index:0
2019-10-02 07:36:36,997 [e774d0d1-00b7-40b4-85b3-8faca11cae95@group-24AFEE7F4BAB-LeaderElection12] INFO  impl.RaftServerImpl (ServerState.java:setRaftConf(356)) - e774d0d1-00b7-40b4-85b3-8faca11cae95@group-24AFEE7F4BAB: set configuration 0: [e774d0d1-00b7-40b4-85b3-8faca11cae95:192.168.5.178:33677, ceafac3c-b94e-436b-b57a-960890b1af34:192.168.5.178:45023, 804fc30f-f23d-4bcd-9bd5-debbbb81330f:192.168.5.178:45868], old=null at 0
2019-10-02 07:36:36,998 [grpc-default-executor-5] INFO  impl.RaftServerImpl (ServerState.java:setLeader(255)) - 804fc30f-f23d-4bcd-9bd5-debbbb81330f@group-24AFEE7F4BAB: change Leader from null to e774d0d1-00b7-40b4-85b3-8faca11cae95 at term 1 for appendEntries, leader elected after 5183ms
2019-10-02 07:36:36,998 [grpc-default-executor-2] INFO  impl.RaftServerImpl (ServerState.java:setLeader(255)) - ceafac3c-b94e-436b-b57a-960890b1af34@group-24AFEE7F4BAB: change Leader from null to e774d0d1-00b7-40b4-85b3-8faca11cae95 at term 1 for appendEntries, leader elected after 5182ms
2019-10-02 07:36:37,037 [grpc-default-executor-5] INFO  impl.RaftServerImpl (ServerState.java:setRaftConf(356)) - 804fc30f-f23d-4bcd-9bd5-debbbb81330f@group-24AFEE7F4BAB: set configuration 0: [e774d0d1-00b7-40b4-85b3-8faca11cae95:192.168.5.178:33677, ceafac3c-b94e-436b-b57a-960890b1af34:192.168.5.178:45023, 804fc30f-f23d-4bcd-9bd5-debbbb81330f:192.168.5.178:45868], old=null at 0
2019-10-02 07:36:37,037 [grpc-default-executor-2] INFO  impl.RaftServerImpl (ServerState.java:setRaftConf(356)) - ceafac3c-b94e-436b-b57a-960890b1af34@group-24AFEE7F4BAB: set configuration 0: [e774d0d1-00b7-40b4-85b3-8faca11cae95:192.168.5.178:33677, ceafac3c-b94e-436b-b57a-960890b1af34:192.168.5.178:45023, 804fc30f-f23d-4bcd-9bd5-debbbb81330f:192.168.5.178:45868], old=null at 0
2019-10-02 07:36:37,038 [grpc-default-executor-5] INFO  segmented.SegmentedRaftLogWorker (SegmentedRaftLogWorker.java:startLogSegment(385)) - 804fc30f-f23d-4bcd-9bd5-debbbb81330f@group-24AFEE7F4BAB-SegmentedRaftLogWorker: Starting segment from index:0
2019-10-02 07:36:37,038 [grpc-default-executor-2] INFO  segmented.SegmentedRaftLogWorker (SegmentedRaftLogWorker.java:startLogSegment(385)) - ceafac3c-b94e-436b-b57a-960890b1af34@group-24AFEE7F4BAB-SegmentedRaftLogWorker: Starting segment from index:0
2019-10-02 07:36:37,042 [e774d0d1-00b7-40b4-85b3-8faca11cae95@group-24AFEE7F4BAB-SegmentedRaftLogWorker] INFO  segmented.SegmentedRaftLogWorker (SegmentedRaftLogWorker.java:execute(574)) - e774d0d1-00b7-40b4-85b3-8faca11cae95@group-24AFEE7F4BAB-SegmentedRaftLogWorker: created new log segment /workdir/hadoop-ozone/integration-test/target/test-dir/MiniOzoneClusterImpl-2816ce32-9f3d-4212-87e4-3e92bc85cde0/datanode-6/data/ratis/33586eb2-d1f3-4a36-80a6-24afee7f4bab/current/log_inprogress_0
2019-10-02 07:36:37,077 [ceafac3c-b94e-436b-b57a-960890b1af34@group-24AFEE7F4BAB-SegmentedRaftLogWorker] INFO  segmented.SegmentedRaftLogWorker (SegmentedRaftLogWorker.java:execute(574)) - ceafac3c-b94e-436b-b57a-960890b1af34@group-24AFEE7F4BAB-SegmentedRaftLogWorker: created new log segment /workdir/hadoop-ozone/integration-test/target/test-dir/MiniOzoneClusterImpl-2816ce32-9f3d-4212-87e4-3e92bc85cde0/datanode-4/data/ratis/33586eb2-d1f3-4a36-80a6-24afee7f4bab/current/log_inprogress_0
2019-10-02 07:36:37,077 [804fc30f-f23d-4bcd-9bd5-debbbb81330f@group-24AFEE7F4BAB-SegmentedRaftLogWorker] INFO  segmented.SegmentedRaftLogWorker (SegmentedRaftLogWorker.java:execute(574)) - 804fc30f-f23d-4bcd-9bd5-debbbb81330f@group-24AFEE7F4BAB-SegmentedRaftLogWorker: created new log segment /workdir/hadoop-ozone/integration-test/target/test-dir/MiniOzoneClusterImpl-2816ce32-9f3d-4212-87e4-3e92bc85cde0/datanode-0/data/ratis/33586eb2-d1f3-4a36-80a6-24afee7f4bab/current/log_inprogress_0
2019-10-02 07:36:37,552 [java.util.concurrent.ThreadPoolExecutor$Worker@561c8b8d[State = -1, empty queue]] ERROR client.GrpcClientProtocolClient (GrpcClientProtocolClient.java:close(148)) - Unexpected exception while waiting for channel termination
java.lang.InterruptedException
	at java.util.concurrent.locks.AbstractQueuedSynchronizer.tryAcquireSharedNanos(AbstractQueuedSynchronizer.java:1326)
	at java.util.concurrent.CountDownLatch.await(CountDownLatch.java:277)
	at org.apache.ratis.thirdparty.io.grpc.internal.ManagedChannelImpl.awaitTermination(ManagedChannelImpl.java:763)
	at org.apache.ratis.thirdparty.io.grpc.internal.ForwardingManagedChannel.awaitTermination(ForwardingManagedChannel.java:57)
	at org.apache.ratis.thirdparty.io.grpc.internal.ManagedChannelOrphanWrapper.awaitTermination(ManagedChannelOrphanWrapper.java:70)
	at org.apache.ratis.grpc.client.GrpcClientProtocolClient.close(GrpcClientProtocolClient.java:146)
	at org.apache.ratis.util.PeerProxyMap$PeerAndProxy.lambda$close$1(PeerProxyMap.java:74)
	at org.apache.ratis.util.LifeCycle.lambda$checkStateAndClose$2(LifeCycle.java:231)
	at org.apache.ratis.util.LifeCycle.checkStateAndClose(LifeCycle.java:251)
	at org.apache.ratis.util.LifeCycle.checkStateAndClose(LifeCycle.java:229)
	at org.apache.ratis.util.PeerProxyMap$PeerAndProxy.close(PeerProxyMap.java:70)
	at org.apache.ratis.util.PeerProxyMap.resetProxy(PeerProxyMap.java:127)
	at org.apache.ratis.util.PeerProxyMap.handleException(PeerProxyMap.java:136)
	at org.apache.ratis.client.impl.RaftClientRpcWithProxy.handleException(RaftClientRpcWithProxy.java:47)
	at org.apache.ratis.client.impl.RaftClientImpl.handleIOException(RaftClientImpl.java:372)
	at org.apache.ratis.client.impl.OrderedAsync.lambda$sendRequest$10(OrderedAsync.java:236)
	at java.util.concurrent.CompletableFuture.uniExceptionally(CompletableFuture.java:870)
	at java.util.concurrent.CompletableFuture$UniExceptionally.tryFire(CompletableFuture.java:852)
	at java.util.concurrent.CompletableFuture.postComplete(CompletableFuture.java:474)
	at java.util.concurrent.CompletableFuture.completeExceptionally(CompletableFuture.java:1977)
	at org.apache.ratis.grpc.client.GrpcClientProtocolClient$AsyncStreamObservers.lambda$timeoutCheck$3(GrpcClientProtocolClient.java:324)
	at java.util.Optional.ifPresent(Optional.java:159)
	at org.apache.ratis.grpc.client.GrpcClientProtocolClient$AsyncStreamObservers.handleReplyFuture(GrpcClientProtocolClient.java:329)
	at org.apache.ratis.grpc.client.GrpcClientProtocolClient$AsyncStreamObservers.timeoutCheck(GrpcClientProtocolClient.java:324)
	at org.apache.ratis.grpc.client.GrpcClientProtocolClient$AsyncStreamObservers.lambda$onNext$1(GrpcClientProtocolClient.java:318)
	at org.apache.ratis.util.TimeoutScheduler.lambda$onTimeout$0(TimeoutScheduler.java:113)
	at org.apache.ratis.util.TimeoutScheduler.lambda$onTimeout$1(TimeoutScheduler.java:133)
	at org.apache.ratis.util.LogUtils.runAndLog(LogUtils.java:50)
	at org.apache.ratis.util.LogUtils$1.run(LogUtils.java:91)
	at java.util.concurrent.Executors$RunnableAdapter.call(Executors.java:511)
	at java.util.concurrent.FutureTask.run(FutureTask.java:266)
	at java.util.concurrent.ScheduledThreadPoolExecutor$ScheduledFutureTask.access$201(ScheduledThreadPoolExecutor.java:180)
	at java.util.concurrent.ScheduledThreadPoolExecutor$ScheduledFutureTask.run(ScheduledThreadPoolExecutor.java:293)
	at java.util.concurrent.ThreadPoolExecutor.runWorker(ThreadPoolExecutor.java:1149)
	at java.util.concurrent.ThreadPoolExecutor$Worker.run(ThreadPoolExecutor.java:624)
	at java.lang.Thread.run(Thread.java:748)
2019-10-02 07:36:37,553 [java.util.concurrent.ThreadPoolExecutor$Worker@561c8b8d[State = -1, empty queue]] WARN  util.TimeoutScheduler (LogUtils.java:runAndLog(55)) - Failed to task #0: java.lang.NullPointerException
2019-10-02 07:36:41,588 [java.util.concurrent.ThreadPoolExecutor$Worker@7ba7562a[State = -1, empty queue]] ERROR client.GrpcClientProtocolClient (GrpcClientProtocolClient.java:close(148)) - Unexpected exception while waiting for channel termination
java.lang.InterruptedException
	at java.util.concurrent.locks.AbstractQueuedSynchronizer.tryAcquireSharedNanos(AbstractQueuedSynchronizer.java:1326)
	at java.util.concurrent.CountDownLatch.await(CountDownLatch.java:277)
	at org.apache.ratis.thirdparty.io.grpc.internal.ManagedChannelImpl.awaitTermination(ManagedChannelImpl.java:763)
	at org.apache.ratis.thirdparty.io.grpc.internal.ForwardingManagedChannel.awaitTermination(ForwardingManagedChannel.java:57)
	at org.apache.ratis.thirdparty.io.grpc.internal.ManagedChannelOrphanWrapper.awaitTermination(ManagedChannelOrphanWrapper.java:70)
	at org.apache.ratis.grpc.client.GrpcClientProtocolClient.close(GrpcClientProtocolClient.java:146)
	at org.apache.ratis.util.PeerProxyMap$PeerAndProxy.lambda$close$1(PeerProxyMap.java:74)
	at org.apache.ratis.util.LifeCycle.lambda$checkStateAndClose$2(LifeCycle.java:231)
	at org.apache.ratis.util.LifeCycle.checkStateAndClose(LifeCycle.java:251)
	at org.apache.ratis.util.LifeCycle.checkStateAndClose(LifeCycle.java:229)
	at org.apache.ratis.util.PeerProxyMap$PeerAndProxy.close(PeerProxyMap.java:70)
	at org.apache.ratis.util.PeerProxyMap.resetProxy(PeerProxyMap.java:127)
	at org.apache.ratis.util.PeerProxyMap.handleException(PeerProxyMap.java:136)
	at org.apache.ratis.client.impl.RaftClientRpcWithProxy.handleException(RaftClientRpcWithProxy.java:47)
	at org.apache.ratis.client.impl.RaftClientImpl.handleIOException(RaftClientImpl.java:372)
	at org.apache.ratis.client.impl.OrderedAsync.lambda$sendRequest$10(OrderedAsync.java:236)
	at java.util.concurrent.CompletableFuture.uniExceptionally(CompletableFuture.java:870)
	at java.util.concurrent.CompletableFuture$UniExceptionally.tryFire(CompletableFuture.java:852)
	at java.util.concurrent.CompletableFuture.postComplete(CompletableFuture.java:474)
	at java.util.concurrent.CompletableFuture.completeExceptionally(CompletableFuture.java:1977)
	at org.apache.ratis.grpc.client.GrpcClientProtocolClient$AsyncStreamObservers.lambda$timeoutCheck$3(GrpcClientProtocolClient.java:324)
	at java.util.Optional.ifPresent(Optional.java:159)
	at org.apache.ratis.grpc.client.GrpcClientProtocolClient$AsyncStreamObservers.handleReplyFuture(GrpcClientProtocolClient.java:329)
	at org.apache.ratis.grpc.client.GrpcClientProtocolClient$AsyncStreamObservers.timeoutCheck(GrpcClientProtocolClient.java:324)
	at org.apache.ratis.grpc.client.GrpcClientProtocolClient$AsyncStreamObservers.lambda$onNext$1(GrpcClientProtocolClient.java:318)
	at org.apache.ratis.util.TimeoutScheduler.lambda$onTimeout$0(TimeoutScheduler.java:113)
	at org.apache.ratis.util.TimeoutScheduler.lambda$onTimeout$1(TimeoutScheduler.java:133)
	at org.apache.ratis.util.LogUtils.runAndLog(LogUtils.java:50)
	at org.apache.ratis.util.LogUtils$1.run(LogUtils.java:91)
	at java.util.concurrent.Executors$RunnableAdapter.call(Executors.java:511)
	at java.util.concurrent.FutureTask.run(FutureTask.java:266)
	at java.util.concurrent.ScheduledThreadPoolExecutor$ScheduledFutureTask.access$201(ScheduledThreadPoolExecutor.java:180)
	at java.util.concurrent.ScheduledThreadPoolExecutor$ScheduledFutureTask.run(ScheduledThreadPoolExecutor.java:293)
	at java.util.concurrent.ThreadPoolExecutor.runWorker(ThreadPoolExecutor.java:1149)
	at java.util.concurrent.ThreadPoolExecutor$Worker.run(ThreadPoolExecutor.java:624)
	at java.lang.Thread.run(Thread.java:748)
2019-10-02 07:36:41,590 [java.util.concurrent.ThreadPoolExecutor$Worker@7ba7562a[State = -1, empty queue]] WARN  util.TimeoutScheduler (LogUtils.java:runAndLog(55)) - Failed to task #0: java.lang.NullPointerException
2019-10-02 07:36:45,635 [java.util.concurrent.ThreadPoolExecutor$Worker@26d804da[State = -1, empty queue]] ERROR client.GrpcClientProtocolClient (GrpcClientProtocolClient.java:close(148)) - Unexpected exception while waiting for channel termination
java.lang.InterruptedException
	at java.util.concurrent.locks.AbstractQueuedSynchronizer.tryAcquireSharedNanos(AbstractQueuedSynchronizer.java:1326)
	at java.util.concurrent.CountDownLatch.await(CountDownLatch.java:277)
	at org.apache.ratis.thirdparty.io.grpc.internal.ManagedChannelImpl.awaitTermination(ManagedChannelImpl.java:763)
	at org.apache.ratis.thirdparty.io.grpc.internal.ForwardingManagedChannel.awaitTermination(ForwardingManagedChannel.java:57)
	at org.apache.ratis.thirdparty.io.grpc.internal.ManagedChannelOrphanWrapper.awaitTermination(ManagedChannelOrphanWrapper.java:70)
	at org.apache.ratis.grpc.client.GrpcClientProtocolClient.close(GrpcClientProtocolClient.java:146)
	at org.apache.ratis.util.PeerProxyMap$PeerAndProxy.lambda$close$1(PeerProxyMap.java:74)
	at org.apache.ratis.util.LifeCycle.lambda$checkStateAndClose$2(LifeCycle.java:231)
	at org.apache.ratis.util.LifeCycle.checkStateAndClose(LifeCycle.java:251)
	at org.apache.ratis.util.LifeCycle.checkStateAndClose(LifeCycle.java:229)
	at org.apache.ratis.util.PeerProxyMap$PeerAndProxy.close(PeerProxyMap.java:70)
	at org.apache.ratis.util.PeerProxyMap.resetProxy(PeerProxyMap.java:127)
	at org.apache.ratis.util.PeerProxyMap.handleException(PeerProxyMap.java:136)
	at org.apache.ratis.client.impl.RaftClientRpcWithProxy.handleException(RaftClientRpcWithProxy.java:47)
	at org.apache.ratis.client.impl.RaftClientImpl.handleIOException(RaftClientImpl.java:372)
	at org.apache.ratis.client.impl.OrderedAsync.lambda$sendRequest$10(OrderedAsync.java:236)
	at java.util.concurrent.CompletableFuture.uniExceptionally(CompletableFuture.java:870)
	at java.util.concurrent.CompletableFuture$UniExceptionally.tryFire(CompletableFuture.java:852)
	at java.util.concurrent.CompletableFuture.postComplete(CompletableFuture.java:474)
	at java.util.concurrent.CompletableFuture.completeExceptionally(CompletableFuture.java:1977)
	at org.apache.ratis.grpc.client.GrpcClientProtocolClient$AsyncStreamObservers.lambda$timeoutCheck$3(GrpcClientProtocolClient.java:324)
	at java.util.Optional.ifPresent(Optional.java:159)
	at org.apache.ratis.grpc.client.GrpcClientProtocolClient$AsyncStreamObservers.handleReplyFuture(GrpcClientProtocolClient.java:329)
	at org.apache.ratis.grpc.client.GrpcClientProtocolClient$AsyncStreamObservers.timeoutCheck(GrpcClientProtocolClient.java:324)
	at org.apache.ratis.grpc.client.GrpcClientProtocolClient$AsyncStreamObservers.lambda$onNext$1(GrpcClientProtocolClient.java:318)
	at org.apache.ratis.util.TimeoutScheduler.lambda$onTimeout$0(TimeoutScheduler.java:113)
	at org.apache.ratis.util.TimeoutScheduler.lambda$onTimeout$1(TimeoutScheduler.java:133)
	at org.apache.ratis.util.LogUtils.runAndLog(LogUtils.java:50)
	at org.apache.ratis.util.LogUtils$1.run(LogUtils.java:91)
	at java.util.concurrent.Executors$RunnableAdapter.call(Executors.java:511)
	at java.util.concurrent.FutureTask.run(FutureTask.java:266)
	at java.util.concurrent.ScheduledThreadPoolExecutor$ScheduledFutureTask.access$201(ScheduledThreadPoolExecutor.java:180)
	at java.util.concurrent.ScheduledThreadPoolExecutor$ScheduledFutureTask.run(ScheduledThreadPoolExecutor.java:293)
	at java.util.concurrent.ThreadPoolExecutor.runWorker(ThreadPoolExecutor.java:1149)
	at java.util.concurrent.ThreadPoolExecutor$Worker.run(ThreadPoolExecutor.java:624)
	at java.lang.Thread.run(Thread.java:748)
2019-10-02 07:36:45,639 [java.util.concurrent.ThreadPoolExecutor$Worker@26d804da[State = -1, empty queue]] WARN  util.TimeoutScheduler (LogUtils.java:runAndLog(55)) - Failed to task #0: java.lang.NullPointerException
2019-10-02 07:36:49,688 [java.util.concurrent.ThreadPoolExecutor$Worker@5c3be14a[State = -1, empty queue]] ERROR client.GrpcClientProtocolClient (GrpcClientProtocolClient.java:close(148)) - Unexpected exception while waiting for channel termination
java.lang.InterruptedException
	at java.util.concurrent.locks.AbstractQueuedSynchronizer.tryAcquireSharedNanos(AbstractQueuedSynchronizer.java:1326)
	at java.util.concurrent.CountDownLatch.await(CountDownLatch.java:277)
	at org.apache.ratis.thirdparty.io.grpc.internal.ManagedChannelImpl.awaitTermination(ManagedChannelImpl.java:763)
	at org.apache.ratis.thirdparty.io.grpc.internal.ForwardingManagedChannel.awaitTermination(ForwardingManagedChannel.java:57)
	at org.apache.ratis.thirdparty.io.grpc.internal.ManagedChannelOrphanWrapper.awaitTermination(ManagedChannelOrphanWrapper.java:70)
	at org.apache.ratis.grpc.client.GrpcClientProtocolClient.close(GrpcClientProtocolClient.java:146)
	at org.apache.ratis.util.PeerProxyMap$PeerAndProxy.lambda$close$1(PeerProxyMap.java:74)
	at org.apache.ratis.util.LifeCycle.lambda$checkStateAndClose$2(LifeCycle.java:231)
	at org.apache.ratis.util.LifeCycle.checkStateAndClose(LifeCycle.java:251)
	at org.apache.ratis.util.LifeCycle.checkStateAndClose(LifeCycle.java:229)
	at org.apache.ratis.util.PeerProxyMap$PeerAndProxy.close(PeerProxyMap.java:70)
	at org.apache.ratis.util.PeerProxyMap.resetProxy(PeerProxyMap.java:127)
	at org.apache.ratis.util.PeerProxyMap.handleException(PeerProxyMap.java:136)
	at org.apache.ratis.client.impl.RaftClientRpcWithProxy.handleException(RaftClientRpcWithProxy.java:47)
	at org.apache.ratis.client.impl.RaftClientImpl.handleIOException(RaftClientImpl.java:372)
	at org.apache.ratis.client.impl.OrderedAsync.lambda$sendRequest$10(OrderedAsync.java:236)
	at java.util.concurrent.CompletableFuture.uniExceptionally(CompletableFuture.java:870)
	at java.util.concurrent.CompletableFuture$UniExceptionally.tryFire(CompletableFuture.java:852)
	at java.util.concurrent.CompletableFuture.postComplete(CompletableFuture.java:474)
	at java.util.concurrent.CompletableFuture.completeExceptionally(CompletableFuture.java:1977)
	at org.apache.ratis.grpc.client.GrpcClientProtocolClient$AsyncStreamObservers.lambda$timeoutCheck$3(GrpcClientProtocolClient.java:324)
	at java.util.Optional.ifPresent(Optional.java:159)
	at org.apache.ratis.grpc.client.GrpcClientProtocolClient$AsyncStreamObservers.handleReplyFuture(GrpcClientProtocolClient.java:329)
	at org.apache.ratis.grpc.client.GrpcClientProtocolClient$AsyncStreamObservers.timeoutCheck(GrpcClientProtocolClient.java:324)
	at org.apache.ratis.grpc.client.GrpcClientProtocolClient$AsyncStreamObservers.lambda$onNext$1(GrpcClientProtocolClient.java:318)
	at org.apache.ratis.util.TimeoutScheduler.lambda$onTimeout$0(TimeoutScheduler.java:113)
	at org.apache.ratis.util.TimeoutScheduler.lambda$onTimeout$1(TimeoutScheduler.java:133)
	at org.apache.ratis.util.LogUtils.runAndLog(LogUtils.java:50)
	at org.apache.ratis.util.LogUtils$1.run(LogUtils.java:91)
	at java.util.concurrent.Executors$RunnableAdapter.call(Executors.java:511)
	at java.util.concurrent.FutureTask.run(FutureTask.java:266)
	at java.util.concurrent.ScheduledThreadPoolExecutor$ScheduledFutureTask.access$201(ScheduledThreadPoolExecutor.java:180)
	at java.util.concurrent.ScheduledThreadPoolExecutor$ScheduledFutureTask.run(ScheduledThreadPoolExecutor.java:293)
	at java.util.concurrent.ThreadPoolExecutor.runWorker(ThreadPoolExecutor.java:1149)
	at java.util.concurrent.ThreadPoolExecutor$Worker.run(ThreadPoolExecutor.java:624)
	at java.lang.Thread.run(Thread.java:748)
2019-10-02 07:36:49,691 [java.util.concurrent.ThreadPoolExecutor$Worker@5c3be14a[State = -1, empty queue]] WARN  util.TimeoutScheduler (LogUtils.java:runAndLog(55)) - Failed to task #0: java.lang.NullPointerException
2019-10-02 07:36:53,732 [java.util.concurrent.ThreadPoolExecutor$Worker@2266642d[State = -1, empty queue]] ERROR client.GrpcClientProtocolClient (GrpcClientProtocolClient.java:close(148)) - Unexpected exception while waiting for channel termination
java.lang.InterruptedException
	at java.util.concurrent.locks.AbstractQueuedSynchronizer.tryAcquireSharedNanos(AbstractQueuedSynchronizer.java:1326)
	at java.util.concurrent.CountDownLatch.await(CountDownLatch.java:277)
	at org.apache.ratis.thirdparty.io.grpc.internal.ManagedChannelImpl.awaitTermination(ManagedChannelImpl.java:763)
	at org.apache.ratis.thirdparty.io.grpc.internal.ForwardingManagedChannel.awaitTermination(ForwardingManagedChannel.java:57)
	at org.apache.ratis.thirdparty.io.grpc.internal.ManagedChannelOrphanWrapper.awaitTermination(ManagedChannelOrphanWrapper.java:70)
	at org.apache.ratis.grpc.client.GrpcClientProtocolClient.close(GrpcClientProtocolClient.java:146)
	at org.apache.ratis.util.PeerProxyMap$PeerAndProxy.lambda$close$1(PeerProxyMap.java:74)
	at org.apache.ratis.util.LifeCycle.lambda$checkStateAndClose$2(LifeCycle.java:231)
	at org.apache.ratis.util.LifeCycle.checkStateAndClose(LifeCycle.java:251)
	at org.apache.ratis.util.LifeCycle.checkStateAndClose(LifeCycle.java:229)
	at org.apache.ratis.util.PeerProxyMap$PeerAndProxy.close(PeerProxyMap.java:70)
	at org.apache.ratis.util.PeerProxyMap.resetProxy(PeerProxyMap.java:127)
	at org.apache.ratis.util.PeerProxyMap.handleException(PeerProxyMap.java:136)
	at org.apache.ratis.client.impl.RaftClientRpcWithProxy.handleException(RaftClientRpcWithProxy.java:47)
	at org.apache.ratis.client.impl.RaftClientImpl.handleIOException(RaftClientImpl.java:372)
	at org.apache.ratis.client.impl.OrderedAsync.lambda$sendRequest$10(OrderedAsync.java:236)
	at java.util.concurrent.CompletableFuture.uniExceptionally(CompletableFuture.java:870)
	at java.util.concurrent.CompletableFuture$UniExceptionally.tryFire(CompletableFuture.java:852)
	at java.util.concurrent.CompletableFuture.postComplete(CompletableFuture.java:474)
	at java.util.concurrent.CompletableFuture.completeExceptionally(CompletableFuture.java:1977)
	at org.apache.ratis.grpc.client.GrpcClientProtocolClient$AsyncStreamObservers.lambda$timeoutCheck$3(GrpcClientProtocolClient.java:324)
	at java.util.Optional.ifPresent(Optional.java:159)
	at org.apache.ratis.grpc.client.GrpcClientProtocolClient$AsyncStreamObservers.handleReplyFuture(GrpcClientProtocolClient.java:329)
	at org.apache.ratis.grpc.client.GrpcClientProtocolClient$AsyncStreamObservers.timeoutCheck(GrpcClientProtocolClient.java:324)
	at org.apache.ratis.grpc.client.GrpcClientProtocolClient$AsyncStreamObservers.lambda$onNext$1(GrpcClientProtocolClient.java:318)
	at org.apache.ratis.util.TimeoutScheduler.lambda$onTimeout$0(TimeoutScheduler.java:113)
	at org.apache.ratis.util.TimeoutScheduler.lambda$onTimeout$1(TimeoutScheduler.java:133)
	at org.apache.ratis.util.LogUtils.runAndLog(LogUtils.java:50)
	at org.apache.ratis.util.LogUtils$1.run(LogUtils.java:91)
	at java.util.concurrent.Executors$RunnableAdapter.call(Executors.java:511)
	at java.util.concurrent.FutureTask.run(FutureTask.java:266)
	at java.util.concurrent.ScheduledThreadPoolExecutor$ScheduledFutureTask.access$201(ScheduledThreadPoolExecutor.java:180)
	at java.util.concurrent.ScheduledThreadPoolExecutor$ScheduledFutureTask.run(ScheduledThreadPoolExecutor.java:293)
	at java.util.concurrent.ThreadPoolExecutor.runWorker(ThreadPoolExecutor.java:1149)
	at java.util.concurrent.ThreadPoolExecutor$Worker.run(ThreadPoolExecutor.java:624)
	at java.lang.Thread.run(Thread.java:748)
2019-10-02 07:36:53,733 [java.util.concurrent.ThreadPoolExecutor$Worker@2266642d[State = -1, empty queue]] WARN  util.TimeoutScheduler (LogUtils.java:runAndLog(55)) - Failed to task #0: java.lang.NullPointerException
2019-10-02 07:36:55,970 [grpc-default-executor-5] INFO  impl.RaftServerProxy (RaftServerProxy.java:remove(95)) - 804fc30f-f23d-4bcd-9bd5-debbbb81330f: remove  FOLLOWER 804fc30f-f23d-4bcd-9bd5-debbbb81330f@group-4F4517CDC6E1:t1, leader=ceafac3c-b94e-436b-b57a-960890b1af34, voted=ceafac3c-b94e-436b-b57a-960890b1af34, raftlog=804fc30f-f23d-4bcd-9bd5-debbbb81330f@group-4F4517CDC6E1-SegmentedRaftLog:OPENED:c0,f2,i2, conf=0: [e774d0d1-00b7-40b4-85b3-8faca11cae95:192.168.5.178:33677, ceafac3c-b94e-436b-b57a-960890b1af34:192.168.5.178:45023, 804fc30f-f23d-4bcd-9bd5-debbbb81330f:192.168.5.178:45868], old=null RUNNING
2019-10-02 07:36:55,970 [grpc-default-executor-5] INFO  impl.RaftServerImpl (RaftServerImpl.java:lambda$shutdown$3(247)) - 804fc30f-f23d-4bcd-9bd5-debbbb81330f@group-4F4517CDC6E1: shutdown
2019-10-02 07:36:55,971 [grpc-default-executor-5] INFO  util.JmxRegister (JmxRegister.java:unregister(73)) - Successfully un-registered JMX Bean with object name Ratis:service=RaftServer,group=group-4F4517CDC6E1,id=804fc30f-f23d-4bcd-9bd5-debbbb81330f
2019-10-02 07:36:55,971 [grpc-default-executor-5] INFO  impl.RoleInfo (RoleInfo.java:shutdownFollowerState(121)) - 804fc30f-f23d-4bcd-9bd5-debbbb81330f: shutdown FollowerState
2019-10-02 07:36:55,971 [grpc-default-executor-5] INFO  impl.StateMachineUpdater (StateMachineUpdater.java:stopAndJoin(136)) - 804fc30f-f23d-4bcd-9bd5-debbbb81330f@group-4F4517CDC6E1-StateMachineUpdater: set stopIndex = 0
2019-10-02 07:36:55,974 [Thread-545] INFO  impl.FollowerState (FollowerState.java:run(117)) - 804fc30f-f23d-4bcd-9bd5-debbbb81330f@group-4F4517CDC6E1-FollowerState was interrupted: java.lang.InterruptedException: sleep interrupted
2019-10-02 07:36:55,977 [grpc-default-executor-5] INFO  impl.RaftServerImpl (ServerState.java:close(387)) - 804fc30f-f23d-4bcd-9bd5-debbbb81330f@group-4F4517CDC6E1: closes. applyIndex: 0
2019-10-02 07:36:55,978 [804fc30f-f23d-4bcd-9bd5-debbbb81330f@group-4F4517CDC6E1-SegmentedRaftLogWorker] INFO  segmented.SegmentedRaftLogWorker (SegmentedRaftLogWorker.java:run(316)) - 804fc30f-f23d-4bcd-9bd5-debbbb81330f@group-4F4517CDC6E1-SegmentedRaftLogWorker was interrupted, exiting. There are 0 tasks remaining in the queue.
2019-10-02 07:36:55,981 [grpc-default-executor-5] INFO  segmented.SegmentedRaftLogWorker (SegmentedRaftLogWorker.java:close(224)) - 804fc30f-f23d-4bcd-9bd5-debbbb81330f@group-4F4517CDC6E1-SegmentedRaftLogWorker close()
2019-10-02 07:36:56,047 [grpc-default-executor-5] INFO  interfaces.Container (KeyValueContainer.java:flushAndSyncDB(386)) - Container 2 is synced with bcsId 0.
2019-10-02 07:36:56,049 [grpc-default-executor-5] INFO  interfaces.Container (KeyValueContainer.java:flushAndSyncDB(386)) - Container 2 is synced with bcsId 0.
2019-10-02 07:36:56,068 [EventQueue-IncrementalContainerReportForIncrementalContainerReportHandler] INFO  container.IncrementalContainerReportHandler (AbstractContainerReportHandler.java:updateContainerState(169)) - Moving container #2 to QUASI_CLOSED state, datanode 804fc30f-f23d-4bcd-9bd5-debbbb81330f{ip: 192.168.5.178, host: pr-trunk-8bg6x-723665176, networkLocation: /default-rack, certSerialId: null} reported QUASI_CLOSED replica.
2019-10-02 07:36:56,072 [grpc-default-executor-5] INFO  impl.RaftServerProxy (RaftServerProxy.java:remove(95)) - e774d0d1-00b7-40b4-85b3-8faca11cae95: remove  FOLLOWER e774d0d1-00b7-40b4-85b3-8faca11cae95@group-4F4517CDC6E1:t1, leader=ceafac3c-b94e-436b-b57a-960890b1af34, voted=ceafac3c-b94e-436b-b57a-960890b1af34, raftlog=e774d0d1-00b7-40b4-85b3-8faca11cae95@group-4F4517CDC6E1-SegmentedRaftLog:OPENED:c0,f2,i2, conf=0: [e774d0d1-00b7-40b4-85b3-8faca11cae95:192.168.5.178:33677, ceafac3c-b94e-436b-b57a-960890b1af34:192.168.5.178:45023, 804fc30f-f23d-4bcd-9bd5-debbbb81330f:192.168.5.178:45868], old=null RUNNING
2019-10-02 07:36:56,072 [grpc-default-executor-5] INFO  impl.RaftServerImpl (RaftServerImpl.java:lambda$shutdown$3(247)) - e774d0d1-00b7-40b4-85b3-8faca11cae95@group-4F4517CDC6E1: shutdown
2019-10-02 07:36:56,073 [grpc-default-executor-5] INFO  util.JmxRegister (JmxRegister.java:unregister(73)) - Successfully un-registered JMX Bean with object name Ratis:service=RaftServer,group=group-4F4517CDC6E1,id=e774d0d1-00b7-40b4-85b3-8faca11cae95
2019-10-02 07:36:56,073 [grpc-default-executor-5] INFO  impl.RoleInfo (RoleInfo.java:shutdownFollowerState(121)) - e774d0d1-00b7-40b4-85b3-8faca11cae95: shutdown FollowerState
2019-10-02 07:36:56,073 [grpc-default-executor-5] INFO  impl.StateMachineUpdater (StateMachineUpdater.java:stopAndJoin(136)) - e774d0d1-00b7-40b4-85b3-8faca11cae95@group-4F4517CDC6E1-StateMachineUpdater: set stopIndex = 0
2019-10-02 07:36:56,073 [Thread-546] INFO  impl.FollowerState (FollowerState.java:run(117)) - e774d0d1-00b7-40b4-85b3-8faca11cae95@group-4F4517CDC6E1-FollowerState was interrupted: java.lang.InterruptedException: sleep interrupted
2019-10-02 07:36:56,076 [grpc-default-executor-5] INFO  impl.RaftServerImpl (ServerState.java:close(387)) - e774d0d1-00b7-40b4-85b3-8faca11cae95@group-4F4517CDC6E1: closes. applyIndex: 0
2019-10-02 07:36:56,077 [e774d0d1-00b7-40b4-85b3-8faca11cae95@group-4F4517CDC6E1-SegmentedRaftLogWorker] INFO  segmented.SegmentedRaftLogWorker (SegmentedRaftLogWorker.java:run(316)) - e774d0d1-00b7-40b4-85b3-8faca11cae95@group-4F4517CDC6E1-SegmentedRaftLogWorker was interrupted, exiting. There are 0 tasks remaining in the queue.
2019-10-02 07:36:56,079 [grpc-default-executor-5] INFO  segmented.SegmentedRaftLogWorker (SegmentedRaftLogWorker.java:close(224)) - e774d0d1-00b7-40b4-85b3-8faca11cae95@group-4F4517CDC6E1-SegmentedRaftLogWorker close()
2019-10-02 07:36:56,139 [grpc-default-executor-5] INFO  interfaces.Container (KeyValueContainer.java:flushAndSyncDB(386)) - Container 2 is synced with bcsId 0.
2019-10-02 07:36:56,140 [grpc-default-executor-5] INFO  interfaces.Container (KeyValueContainer.java:flushAndSyncDB(386)) - Container 2 is synced with bcsId 0.
2019-10-02 07:36:56,153 [grpc-default-executor-5] INFO  impl.RaftServerProxy (RaftServerProxy.java:remove(95)) - ceafac3c-b94e-436b-b57a-960890b1af34: remove    LEADER ceafac3c-b94e-436b-b57a-960890b1af34@group-4F4517CDC6E1:t1, leader=ceafac3c-b94e-436b-b57a-960890b1af34, voted=ceafac3c-b94e-436b-b57a-960890b1af34, raftlog=ceafac3c-b94e-436b-b57a-960890b1af34@group-4F4517CDC6E1-SegmentedRaftLog:OPENED:c0,f0,i2, conf=0: [e774d0d1-00b7-40b4-85b3-8faca11cae95:192.168.5.178:33677, ceafac3c-b94e-436b-b57a-960890b1af34:192.168.5.178:45023, 804fc30f-f23d-4bcd-9bd5-debbbb81330f:192.168.5.178:45868], old=null RUNNING
2019-10-02 07:36:56,153 [grpc-default-executor-5] INFO  impl.RaftServerImpl (RaftServerImpl.java:lambda$shutdown$3(247)) - ceafac3c-b94e-436b-b57a-960890b1af34@group-4F4517CDC6E1: shutdown
2019-10-02 07:36:56,154 [grpc-default-executor-5] INFO  util.JmxRegister (JmxRegister.java:unregister(73)) - Successfully un-registered JMX Bean with object name Ratis:service=RaftServer,group=group-4F4517CDC6E1,id=ceafac3c-b94e-436b-b57a-960890b1af34
2019-10-02 07:36:56,154 [grpc-default-executor-5] INFO  impl.RoleInfo (RoleInfo.java:shutdownLeaderState(104)) - ceafac3c-b94e-436b-b57a-960890b1af34: shutdown LeaderState
2019-10-02 07:36:56,159 [org.apache.ratis.server.impl.LogAppender$AppenderDaemon$$Lambda$500/893228623@3ef2e34e] WARN  server.GrpcLogAppender (GrpcLogAppender.java:mayWait(143)) - ceafac3c-b94e-436b-b57a-960890b1af34@group-4F4517CDC6E1->e774d0d1-00b7-40b4-85b3-8faca11cae95-GrpcLogAppender: Wait interrupted by java.lang.InterruptedException
2019-10-02 07:36:56,159 [grpc-default-executor-5] INFO  impl.PendingRequests (PendingRequests.java:sendNotLeaderResponses(202)) - ceafac3c-b94e-436b-b57a-960890b1af34@group-4F4517CDC6E1-PendingRequests: sendNotLeaderResponses
2019-10-02 07:36:56,159 [org.apache.ratis.server.impl.LogAppender$AppenderDaemon$$Lambda$500/893228623@f020c8d] WARN  server.GrpcLogAppender (GrpcLogAppender.java:mayWait(143)) - ceafac3c-b94e-436b-b57a-960890b1af34@group-4F4517CDC6E1->804fc30f-f23d-4bcd-9bd5-debbbb81330f-GrpcLogAppender: Wait interrupted by java.lang.InterruptedException
2019-10-02 07:36:56,164 [grpc-default-executor-2] INFO  server.GrpcServerProtocolService (GrpcServerProtocolService.java:onCompleted(113)) - e774d0d1-00b7-40b4-85b3-8faca11cae95: Completed APPEND_ENTRIES, lastRequest: ceafac3c-b94e-436b-b57a-960890b1af34->e774d0d1-00b7-40b4-85b3-8faca11cae95#29-t1, previous=(t:1, i:2), leaderCommit=0, initializing? false, entries: <empty>
2019-10-02 07:36:56,170 [grpc-default-executor-3] INFO  server.GrpcServerProtocolService (GrpcServerProtocolService.java:onCompleted(113)) - 804fc30f-f23d-4bcd-9bd5-debbbb81330f: Completed APPEND_ENTRIES, lastRequest: ceafac3c-b94e-436b-b57a-960890b1af34->804fc30f-f23d-4bcd-9bd5-debbbb81330f#29-t1, previous=(t:1, i:2), leaderCommit=0, initializing? false, entries: <empty>
2019-10-02 07:36:56,170 [grpc-default-executor-5] INFO  impl.StateMachineUpdater (StateMachineUpdater.java:stopAndJoin(136)) - ceafac3c-b94e-436b-b57a-960890b1af34@group-4F4517CDC6E1-StateMachineUpdater: set stopIndex = 0
2019-10-02 07:36:56,171 [grpc-default-executor-5] INFO  impl.RaftServerImpl (ServerState.java:close(387)) - ceafac3c-b94e-436b-b57a-960890b1af34@group-4F4517CDC6E1: closes. applyIndex: 0
2019-10-02 07:36:56,171 [grpc-default-executor-6] INFO  server.GrpcLogAppender (GrpcLogAppender.java:onCompleted(293)) - ceafac3c-b94e-436b-b57a-960890b1af34@group-4F4517CDC6E1->e774d0d1-00b7-40b4-85b3-8faca11cae95-AppendLogResponseHandler: follower responses appendEntries COMPLETED
2019-10-02 07:36:56,171 [ceafac3c-b94e-436b-b57a-960890b1af34@group-4F4517CDC6E1-SegmentedRaftLogWorker] INFO  segmented.SegmentedRaftLogWorker (SegmentedRaftLogWorker.java:run(316)) - ceafac3c-b94e-436b-b57a-960890b1af34@group-4F4517CDC6E1-SegmentedRaftLogWorker was interrupted, exiting. There are 0 tasks remaining in the queue.
2019-10-02 07:36:56,174 [grpc-default-executor-5] INFO  segmented.SegmentedRaftLogWorker (SegmentedRaftLogWorker.java:close(224)) - ceafac3c-b94e-436b-b57a-960890b1af34@group-4F4517CDC6E1-SegmentedRaftLogWorker close()
2019-10-02 07:36:56,179 [grpc-default-executor-6] INFO  impl.FollowerInfo (FollowerInfo.java:lambda$new$0(51)) - ceafac3c-b94e-436b-b57a-960890b1af34@group-4F4517CDC6E1->e774d0d1-00b7-40b4-85b3-8faca11cae95: nextIndex: updateUnconditionally 3 -> 2
2019-10-02 07:36:56,180 [grpc-default-executor-6] INFO  server.GrpcLogAppender (GrpcLogAppender.java:onCompleted(293)) - ceafac3c-b94e-436b-b57a-960890b1af34@group-4F4517CDC6E1->804fc30f-f23d-4bcd-9bd5-debbbb81330f-AppendLogResponseHandler: follower responses appendEntries COMPLETED
2019-10-02 07:36:56,181 [grpc-default-executor-6] INFO  impl.FollowerInfo (FollowerInfo.java:lambda$new$0(51)) - ceafac3c-b94e-436b-b57a-960890b1af34@group-4F4517CDC6E1->804fc30f-f23d-4bcd-9bd5-debbbb81330f: nextIndex: updateUnconditionally 3 -> 2
2019-10-02 07:36:56,195 [RatisPipelineUtilsThread] INFO  pipeline.PipelineStateManager (PipelineStateManager.java:removePipeline(108)) - Pipeline Pipeline[ Id: 882295ce-52ea-401e-9a8c-4f4517cdc6e1, Nodes: 804fc30f-f23d-4bcd-9bd5-debbbb81330f{ip: 192.168.5.178, host: pr-trunk-8bg6x-723665176, networkLocation: /default-rack, certSerialId: null}e774d0d1-00b7-40b4-85b3-8faca11cae95{ip: 192.168.5.178, host: pr-trunk-8bg6x-723665176, networkLocation: /default-rack, certSerialId: null}ceafac3c-b94e-436b-b57a-960890b1af34{ip: 192.168.5.178, host: pr-trunk-8bg6x-723665176, networkLocation: /default-rack, certSerialId: null}, Type:RATIS, Factor:THREE, State:CLOSED] removed from db
2019-10-02 07:36:56,201 [grpc-default-executor-6] INFO  impl.RaftServerProxy (RaftServerProxy.java:remove(95)) - 804fc30f-f23d-4bcd-9bd5-debbbb81330f: remove group-4F4517CDC6E1:null
2019-10-02 07:36:56,209 [RatisPipelineUtilsThread] WARN  pipeline.RatisPipelineUtils (RatisPipelineUtils.java:destroyPipeline(67)) - Pipeline destroy failed for pipeline=PipelineID=882295ce-52ea-401e-9a8c-4f4517cdc6e1 dn=804fc30f-f23d-4bcd-9bd5-debbbb81330f{ip: 192.168.5.178, host: pr-trunk-8bg6x-723665176, networkLocation: /default-rack, certSerialId: null}
2019-10-02 07:36:56,215 [grpc-default-executor-6] INFO  impl.RaftServerProxy (RaftServerProxy.java:remove(95)) - e774d0d1-00b7-40b4-85b3-8faca11cae95: remove group-4F4517CDC6E1:null
2019-10-02 07:36:56,221 [RatisPipelineUtilsThread] WARN  pipeline.RatisPipelineUtils (RatisPipelineUtils.java:destroyPipeline(67)) - Pipeline destroy failed for pipeline=PipelineID=882295ce-52ea-401e-9a8c-4f4517cdc6e1 dn=e774d0d1-00b7-40b4-85b3-8faca11cae95{ip: 192.168.5.178, host: pr-trunk-8bg6x-723665176, networkLocation: /default-rack, certSerialId: null}
2019-10-02 07:36:56,225 [grpc-default-executor-6] INFO  impl.RaftServerProxy (RaftServerProxy.java:remove(95)) - ceafac3c-b94e-436b-b57a-960890b1af34: remove group-4F4517CDC6E1:null
2019-10-02 07:36:56,232 [RatisPipelineUtilsThread] WARN  pipeline.RatisPipelineUtils (RatisPipelineUtils.java:destroyPipeline(67)) - Pipeline destroy failed for pipeline=PipelineID=882295ce-52ea-401e-9a8c-4f4517cdc6e1 dn=ceafac3c-b94e-436b-b57a-960890b1af34{ip: 192.168.5.178, host: pr-trunk-8bg6x-723665176, networkLocation: /default-rack, certSerialId: null}
2019-10-02 07:36:56,232 [RatisPipelineUtilsThread] ERROR pipeline.SCMPipelineManager (Scheduler.java:lambda$schedule$1(70)) - Destroy pipeline failed for pipeline:Pipeline[ Id: 882295ce-52ea-401e-9a8c-4f4517cdc6e1, Nodes: 804fc30f-f23d-4bcd-9bd5-debbbb81330f{ip: 192.168.5.178, host: pr-trunk-8bg6x-723665176, networkLocation: /default-rack, certSerialId: null}e774d0d1-00b7-40b4-85b3-8faca11cae95{ip: 192.168.5.178, host: pr-trunk-8bg6x-723665176, networkLocation: /default-rack, certSerialId: null}ceafac3c-b94e-436b-b57a-960890b1af34{ip: 192.168.5.178, host: pr-trunk-8bg6x-723665176, networkLocation: /default-rack, certSerialId: null}, Type:RATIS, Factor:THREE, State:CLOSED]
org.apache.hadoop.hdds.scm.pipeline.PipelineNotFoundException: PipelineID=882295ce-52ea-401e-9a8c-4f4517cdc6e1 not found
	at org.apache.hadoop.hdds.scm.pipeline.PipelineStateMap.getPipeline(PipelineStateMap.java:132)
	at org.apache.hadoop.hdds.scm.pipeline.PipelineStateMap.removePipeline(PipelineStateMap.java:322)
	at org.apache.hadoop.hdds.scm.pipeline.PipelineStateManager.removePipeline(PipelineStateManager.java:107)
	at org.apache.hadoop.hdds.scm.pipeline.SCMPipelineManager.removePipeline(SCMPipelineManager.java:427)
	at org.apache.hadoop.hdds.scm.pipeline.SCMPipelineManager.destroyPipeline(SCMPipelineManager.java:413)
	at org.apache.hadoop.hdds.scm.pipeline.SCMPipelineManager.lambda$finalizeAndDestroyPipeline$0(SCMPipelineManager.java:322)
	at org.apache.hadoop.hdds.utils.Scheduler.lambda$schedule$1(Scheduler.java:68)
	at java.util.concurrent.Executors$RunnableAdapter.call(Executors.java:511)
	at java.util.concurrent.FutureTask.run(FutureTask.java:266)
	at java.util.concurrent.ScheduledThreadPoolExecutor$ScheduledFutureTask.access$201(ScheduledThreadPoolExecutor.java:180)
	at java.util.concurrent.ScheduledThreadPoolExecutor$ScheduledFutureTask.run(ScheduledThreadPoolExecutor.java:293)
	at java.util.concurrent.ThreadPoolExecutor.runWorker(ThreadPoolExecutor.java:1149)
	at java.util.concurrent.ThreadPoolExecutor$Worker.run(ThreadPoolExecutor.java:624)
	at java.lang.Thread.run(Thread.java:748)
2019-10-02 07:36:57,219 [main] WARN  io.KeyOutputStream (KeyOutputStream.java:handleException(274)) - Encountered exception java.io.IOException: Unexpected Storage Container Exception: java.util.concurrent.CompletionException: java.util.concurrent.CompletionException: org.apache.ratis.protocol.GroupMismatchException: e774d0d1-00b7-40b4-85b3-8faca11cae95: group-4F4517CDC6E1 not found. on the pipeline Pipeline[ Id: 882295ce-52ea-401e-9a8c-4f4517cdc6e1, Nodes: 804fc30f-f23d-4bcd-9bd5-debbbb81330f{ip: 192.168.5.178, host: pr-trunk-8bg6x-723665176, networkLocation: /default-rack, certSerialId: null}e774d0d1-00b7-40b4-85b3-8faca11cae95{ip: 192.168.5.178, host: pr-trunk-8bg6x-723665176, networkLocation: /default-rack, certSerialId: null}ceafac3c-b94e-436b-b57a-960890b1af34{ip: 192.168.5.178, host: pr-trunk-8bg6x-723665176, networkLocation: /default-rack, certSerialId: null}, Type:RATIS, Factor:THREE, State:OPEN]. The last committed block length is 0, uncommitted data length is 400 retry count 1
2019-10-02 07:36:57,390 [pool-86-thread-5] ERROR impl.ChunkManagerImpl (ChunkUtils.java:writeData(89)) - data array does not match the length specified. DataLen: 100 Byte Array: 246
2019-10-02 07:36:57,393 [pool-86-thread-5] INFO  keyvalue.KeyValueHandler (ContainerUtils.java:logAndReturnError(146)) - Operation: WriteChunk : Trace ID: 58c5499610194c56:58c5499610194c56:0:0 : Message: data array does not match the length specified. DataLen: 100 Byte Array: 246 : Result: INVALID_WRITE_SIZE
2019-10-02 07:36:57,411 [EventQueue-IncrementalContainerReportForIncrementalContainerReportHandler] WARN  container.IncrementalContainerReportHandler (AbstractContainerReportHandler.java:updateContainerState(143)) - Container #3 is in OPEN state, but the datanode e774d0d1-00b7-40b4-85b3-8faca11cae95{ip: 192.168.5.178, host: pr-trunk-8bg6x-723665176, networkLocation: /default-rack, certSerialId: null} reports an UNHEALTHY replica.
2019-10-02 07:36:57,413 [EventQueue-CloseContainerForCloseContainerEventHandler] INFO  container.CloseContainerEventHandler (CloseContainerEventHandler.java:onMessage(61)) - Close container Event triggered for container : #3
07:36:57.410 [pool-86-thread-5] ERROR DNAudit - user=null | ip=null | op=WRITE_CHUNK {blockData=conID: 3 locID: 102891639095427075 bcsId: 0} | ret=FAILURE
java.lang.Exception: data array does not match the length specified. DataLen: 100 Byte Array: 246
	at org.apache.hadoop.ozone.container.common.impl.HddsDispatcher.dispatchRequest(HddsDispatcher.java:330) ~[hadoop-hdds-container-service-0.5.0-SNAPSHOT.jar:?]
	at org.apache.hadoop.ozone.container.common.impl.HddsDispatcher.dispatch(HddsDispatcher.java:150) ~[hadoop-hdds-container-service-0.5.0-SNAPSHOT.jar:?]
	at org.apache.hadoop.ozone.container.common.transport.server.ratis.ContainerStateMachine.dispatchCommand(ContainerStateMachine.java:407) ~[hadoop-hdds-container-service-0.5.0-SNAPSHOT.jar:?]
	at org.apache.hadoop.ozone.container.common.transport.server.ratis.ContainerStateMachine.runCommand(ContainerStateMachine.java:415) ~[hadoop-hdds-container-service-0.5.0-SNAPSHOT.jar:?]
	at org.apache.hadoop.ozone.container.common.transport.server.ratis.ContainerStateMachine.lambda$handleWriteChunk$1(ContainerStateMachine.java:450) ~[hadoop-hdds-container-service-0.5.0-SNAPSHOT.jar:?]
	at java.util.concurrent.CompletableFuture$AsyncSupply.run(CompletableFuture.java:1590) [?:1.8.0_212]
	at java.util.concurrent.ThreadPoolExecutor.runWorker(ThreadPoolExecutor.java:1149) [?:1.8.0_212]
	at java.util.concurrent.ThreadPoolExecutor$Worker.run(ThreadPoolExecutor.java:624) [?:1.8.0_212]
	at java.lang.Thread.run(Thread.java:748) [?:1.8.0_212]
2019-10-02 07:36:57,413 [pool-86-thread-5] ERROR ratis.ContainerStateMachine (ContainerStateMachine.java:lambda$handleWriteChunk$2(470)) - group-24AFEE7F4BAB: writeChunk writeStateMachineData failed: blockIdcontainerID: 3
localID: 102891639095427075
blockCommitSequenceId: 0
 logIndex 1 chunkName 102891639095427075_chunk_1 Error message: data array does not match the length specified. DataLen: 100 Byte Array: 246 Container Result: INVALID_WRITE_SIZE
2019-10-02 07:36:57,415 [e774d0d1-00b7-40b4-85b3-8faca11cae95@group-24AFEE7F4BAB-SegmentedRaftLogWorker] ERROR ratis.XceiverServerRatis (XceiverServerRatis.java:triggerPipelineClose(581)) - pipeline Action CLOSE  on pipeline PipelineID=33586eb2-d1f3-4a36-80a6-24afee7f4bab.Reason : data array does not match the length specified. DataLen: 100 Byte Array: 246
2019-10-02 07:36:57,415 [e774d0d1-00b7-40b4-85b3-8faca11cae95@group-24AFEE7F4BAB-SegmentedRaftLogWorker] ERROR ratis.XceiverServerRatis (XceiverServerRatis.java:triggerPipelineClose(581)) - pipeline Action CLOSE  on pipeline PipelineID=33586eb2-d1f3-4a36-80a6-24afee7f4bab.Reason : Log already failed at index 1 for task WriteLog:1: (t:1, i:1), STATEMACHINELOGENTRY, client-3803F06AC838, cid=43
2019-10-02 07:36:57,420 [EventQueue-PipelineActionsForPipelineActionHandler] ERROR pipeline.PipelineActionHandler (PipelineActionHandler.java:onMessage(60)) - Received pipeline action CLOSE for Pipeline[ Id: 33586eb2-d1f3-4a36-80a6-24afee7f4bab, Nodes: 804fc30f-f23d-4bcd-9bd5-debbbb81330f{ip: 192.168.5.178, host: pr-trunk-8bg6x-723665176, networkLocation: /default-rack, certSerialId: null}e774d0d1-00b7-40b4-85b3-8faca11cae95{ip: 192.168.5.178, host: pr-trunk-8bg6x-723665176, networkLocation: /default-rack, certSerialId: null}ceafac3c-b94e-436b-b57a-960890b1af34{ip: 192.168.5.178, host: pr-trunk-8bg6x-723665176, networkLocation: /default-rack, certSerialId: null}, Type:RATIS, Factor:THREE, State:OPEN] from datanode e774d0d1-00b7-40b4-85b3-8faca11cae95{ip: 192.168.5.178, host: pr-trunk-8bg6x-723665176, networkLocation: /default-rack, certSerialId: null}. Reason : data array does not match the length specified. DataLen: 100 Byte Array: 246
2019-10-02 07:36:57,420 [EventQueue-PipelineActionsForPipelineActionHandler] INFO  pipeline.SCMPipelineManager (SCMPipelineManager.java:finalizeAndDestroyPipeline(315)) - destroying pipeline:Pipeline[ Id: 33586eb2-d1f3-4a36-80a6-24afee7f4bab, Nodes: 804fc30f-f23d-4bcd-9bd5-debbbb81330f{ip: 192.168.5.178, host: pr-trunk-8bg6x-723665176, networkLocation: /default-rack, certSerialId: null}e774d0d1-00b7-40b4-85b3-8faca11cae95{ip: 192.168.5.178, host: pr-trunk-8bg6x-723665176, networkLocation: /default-rack, certSerialId: null}ceafac3c-b94e-436b-b57a-960890b1af34{ip: 192.168.5.178, host: pr-trunk-8bg6x-723665176, networkLocation: /default-rack, certSerialId: null}, Type:RATIS, Factor:THREE, State:OPEN]
2019-10-02 07:36:57,421 [EventQueue-PipelineActionsForPipelineActionHandler] INFO  pipeline.PipelineStateManager (PipelineStateManager.java:finalizePipeline(123)) - Pipeline Pipeline[ Id: 33586eb2-d1f3-4a36-80a6-24afee7f4bab, Nodes: 804fc30f-f23d-4bcd-9bd5-debbbb81330f{ip: 192.168.5.178, host: pr-trunk-8bg6x-723665176, networkLocation: /default-rack, certSerialId: null}e774d0d1-00b7-40b4-85b3-8faca11cae95{ip: 192.168.5.178, host: pr-trunk-8bg6x-723665176, networkLocation: /default-rack, certSerialId: null}ceafac3c-b94e-436b-b57a-960890b1af34{ip: 192.168.5.178, host: pr-trunk-8bg6x-723665176, networkLocation: /default-rack, certSerialId: null}, Type:RATIS, Factor:THREE, State:CLOSED] moved to CLOSED state
2019-10-02 07:36:57,422 [EventQueue-PipelineActionsForPipelineActionHandler] ERROR pipeline.PipelineActionHandler (PipelineActionHandler.java:onMessage(60)) - Received pipeline action CLOSE for Pipeline[ Id: 33586eb2-d1f3-4a36-80a6-24afee7f4bab, Nodes: 804fc30f-f23d-4bcd-9bd5-debbbb81330f{ip: 192.168.5.178, host: pr-trunk-8bg6x-723665176, networkLocation: /default-rack, certSerialId: null}e774d0d1-00b7-40b4-85b3-8faca11cae95{ip: 192.168.5.178, host: pr-trunk-8bg6x-723665176, networkLocation: /default-rack, certSerialId: null}ceafac3c-b94e-436b-b57a-960890b1af34{ip: 192.168.5.178, host: pr-trunk-8bg6x-723665176, networkLocation: /default-rack, certSerialId: null}, Type:RATIS, Factor:THREE, State:CLOSED] from datanode e774d0d1-00b7-40b4-85b3-8faca11cae95{ip: 192.168.5.178, host: pr-trunk-8bg6x-723665176, networkLocation: /default-rack, certSerialId: null}. Reason : Log already failed at index 1 for task WriteLog:1: (t:1, i:1), STATEMACHINELOGENTRY, client-3803F06AC838, cid=43
2019-10-02 07:36:57,422 [EventQueue-PipelineActionsForPipelineActionHandler] INFO  pipeline.SCMPipelineManager (SCMPipelineManager.java:finalizeAndDestroyPipeline(315)) - destroying pipeline:Pipeline[ Id: 33586eb2-d1f3-4a36-80a6-24afee7f4bab, Nodes: 804fc30f-f23d-4bcd-9bd5-debbbb81330f{ip: 192.168.5.178, host: pr-trunk-8bg6x-723665176, networkLocation: /default-rack, certSerialId: null}e774d0d1-00b7-40b4-85b3-8faca11cae95{ip: 192.168.5.178, host: pr-trunk-8bg6x-723665176, networkLocation: /default-rack, certSerialId: null}ceafac3c-b94e-436b-b57a-960890b1af34{ip: 192.168.5.178, host: pr-trunk-8bg6x-723665176, networkLocation: /default-rack, certSerialId: null}, Type:RATIS, Factor:THREE, State:CLOSED]
2019-10-02 07:37:00,294 [java.util.concurrent.ThreadPoolExecutor$Worker@4b2b215[State = -1, empty queue]] ERROR client.GrpcClientProtocolClient (GrpcClientProtocolClient.java:close(148)) - Unexpected exception while waiting for channel termination
java.lang.InterruptedException
	at java.util.concurrent.locks.AbstractQueuedSynchronizer.tryAcquireSharedNanos(AbstractQueuedSynchronizer.java:1326)
	at java.util.concurrent.CountDownLatch.await(CountDownLatch.java:277)
	at org.apache.ratis.thirdparty.io.grpc.internal.ManagedChannelImpl.awaitTermination(ManagedChannelImpl.java:763)
	at org.apache.ratis.thirdparty.io.grpc.internal.ForwardingManagedChannel.awaitTermination(ForwardingManagedChannel.java:57)
	at org.apache.ratis.thirdparty.io.grpc.internal.ManagedChannelOrphanWrapper.awaitTermination(ManagedChannelOrphanWrapper.java:70)
	at org.apache.ratis.grpc.client.GrpcClientProtocolClient.close(GrpcClientProtocolClient.java:146)
	at org.apache.ratis.util.PeerProxyMap$PeerAndProxy.lambda$close$1(PeerProxyMap.java:74)
	at org.apache.ratis.util.LifeCycle.lambda$checkStateAndClose$2(LifeCycle.java:231)
	at org.apache.ratis.util.LifeCycle.checkStateAndClose(LifeCycle.java:251)
	at org.apache.ratis.util.LifeCycle.checkStateAndClose(LifeCycle.java:229)
	at org.apache.ratis.util.PeerProxyMap$PeerAndProxy.close(PeerProxyMap.java:70)
	at org.apache.ratis.util.PeerProxyMap.resetProxy(PeerProxyMap.java:127)
	at org.apache.ratis.util.PeerProxyMap.handleException(PeerProxyMap.java:136)
	at org.apache.ratis.client.impl.RaftClientRpcWithProxy.handleException(RaftClientRpcWithProxy.java:47)
	at org.apache.ratis.client.impl.RaftClientImpl.handleIOException(RaftClientImpl.java:372)
	at org.apache.ratis.client.impl.OrderedAsync.lambda$sendRequest$10(OrderedAsync.java:236)
	at java.util.concurrent.CompletableFuture.uniExceptionally(CompletableFuture.java:870)
	at java.util.concurrent.CompletableFuture$UniExceptionally.tryFire(CompletableFuture.java:852)
	at java.util.concurrent.CompletableFuture.postComplete(CompletableFuture.java:474)
	at java.util.concurrent.CompletableFuture.completeExceptionally(CompletableFuture.java:1977)
	at org.apache.ratis.grpc.client.GrpcClientProtocolClient$AsyncStreamObservers.lambda$timeoutCheck$3(GrpcClientProtocolClient.java:324)
	at java.util.Optional.ifPresent(Optional.java:159)
	at org.apache.ratis.grpc.client.GrpcClientProtocolClient$AsyncStreamObservers.handleReplyFuture(GrpcClientProtocolClient.java:329)
	at org.apache.ratis.grpc.client.GrpcClientProtocolClient$AsyncStreamObservers.timeoutCheck(GrpcClientProtocolClient.java:324)
	at org.apache.ratis.grpc.client.GrpcClientProtocolClient$AsyncStreamObservers.lambda$onNext$1(GrpcClientProtocolClient.java:318)
	at org.apache.ratis.util.TimeoutScheduler.lambda$onTimeout$0(TimeoutScheduler.java:113)
	at org.apache.ratis.util.TimeoutScheduler.lambda$onTimeout$1(TimeoutScheduler.java:133)
	at org.apache.ratis.util.LogUtils.runAndLog(LogUtils.java:50)
	at org.apache.ratis.util.LogUtils$1.run(LogUtils.java:91)
	at java.util.concurrent.Executors$RunnableAdapter.call(Executors.java:511)
	at java.util.concurrent.FutureTask.run(FutureTask.java:266)
	at java.util.concurrent.ScheduledThreadPoolExecutor$ScheduledFutureTask.access$201(ScheduledThreadPoolExecutor.java:180)
	at java.util.concurrent.ScheduledThreadPoolExecutor$ScheduledFutureTask.run(ScheduledThreadPoolExecutor.java:293)
	at java.util.concurrent.ThreadPoolExecutor.runWorker(ThreadPoolExecutor.java:1149)
	at java.util.concurrent.ThreadPoolExecutor$Worker.run(ThreadPoolExecutor.java:624)
	at java.lang.Thread.run(Thread.java:748)
2019-10-02 07:37:00,297 [java.util.concurrent.ThreadPoolExecutor$Worker@4b2b215[State = -1, empty queue]] WARN  util.TimeoutScheduler (LogUtils.java:runAndLog(55)) - Failed to task #0: java.lang.NullPointerException
2019-10-02 07:37:04,344 [java.util.concurrent.ThreadPoolExecutor$Worker@60d3d57e[State = -1, empty queue]] ERROR client.GrpcClientProtocolClient (GrpcClientProtocolClient.java:close(148)) - Unexpected exception while waiting for channel termination
java.lang.InterruptedException
	at java.util.concurrent.locks.AbstractQueuedSynchronizer.tryAcquireSharedNanos(AbstractQueuedSynchronizer.java:1326)
	at java.util.concurrent.CountDownLatch.await(CountDownLatch.java:277)
	at org.apache.ratis.thirdparty.io.grpc.internal.ManagedChannelImpl.awaitTermination(ManagedChannelImpl.java:763)
	at org.apache.ratis.thirdparty.io.grpc.internal.ForwardingManagedChannel.awaitTermination(ForwardingManagedChannel.java:57)
	at org.apache.ratis.thirdparty.io.grpc.internal.ManagedChannelOrphanWrapper.awaitTermination(ManagedChannelOrphanWrapper.java:70)
	at org.apache.ratis.grpc.client.GrpcClientProtocolClient.close(GrpcClientProtocolClient.java:146)
	at org.apache.ratis.util.PeerProxyMap$PeerAndProxy.lambda$close$1(PeerProxyMap.java:74)
	at org.apache.ratis.util.LifeCycle.lambda$checkStateAndClose$2(LifeCycle.java:231)
	at org.apache.ratis.util.LifeCycle.checkStateAndClose(LifeCycle.java:251)
	at org.apache.ratis.util.LifeCycle.checkStateAndClose(LifeCycle.java:229)
	at org.apache.ratis.util.PeerProxyMap$PeerAndProxy.close(PeerProxyMap.java:70)
	at org.apache.ratis.util.PeerProxyMap.resetProxy(PeerProxyMap.java:127)
	at org.apache.ratis.util.PeerProxyMap.handleException(PeerProxyMap.java:136)
	at org.apache.ratis.client.impl.RaftClientRpcWithProxy.handleException(RaftClientRpcWithProxy.java:47)
	at org.apache.ratis.client.impl.RaftClientImpl.handleIOException(RaftClientImpl.java:372)
	at org.apache.ratis.client.impl.OrderedAsync.lambda$sendRequest$10(OrderedAsync.java:236)
	at java.util.concurrent.CompletableFuture.uniExceptionally(CompletableFuture.java:870)
	at java.util.concurrent.CompletableFuture$UniExceptionally.tryFire(CompletableFuture.java:852)
	at java.util.concurrent.CompletableFuture.postComplete(CompletableFuture.java:474)
	at java.util.concurrent.CompletableFuture.completeExceptionally(CompletableFuture.java:1977)
	at org.apache.ratis.grpc.client.GrpcClientProtocolClient$AsyncStreamObservers.lambda$timeoutCheck$3(GrpcClientProtocolClient.java:324)
	at java.util.Optional.ifPresent(Optional.java:159)
	at org.apache.ratis.grpc.client.GrpcClientProtocolClient$AsyncStreamObservers.handleReplyFuture(GrpcClientProtocolClient.java:329)
	at org.apache.ratis.grpc.client.GrpcClientProtocolClient$AsyncStreamObservers.timeoutCheck(GrpcClientProtocolClient.java:324)
	at org.apache.ratis.grpc.client.GrpcClientProtocolClient$AsyncStreamObservers.lambda$onNext$1(GrpcClientProtocolClient.java:318)
	at org.apache.ratis.util.TimeoutScheduler.lambda$onTimeout$0(TimeoutScheduler.java:113)
	at org.apache.ratis.util.TimeoutScheduler.lambda$onTimeout$1(TimeoutScheduler.java:133)
	at org.apache.ratis.util.LogUtils.runAndLog(LogUtils.java:50)
	at org.apache.ratis.util.LogUtils$1.run(LogUtils.java:91)
	at java.util.concurrent.Executors$RunnableAdapter.call(Executors.java:511)
	at java.util.concurrent.FutureTask.run(FutureTask.java:266)
	at java.util.concurrent.ScheduledThreadPoolExecutor$ScheduledFutureTask.access$201(ScheduledThreadPoolExecutor.java:180)
	at java.util.concurrent.ScheduledThreadPoolExecutor$ScheduledFutureTask.run(ScheduledThreadPoolExecutor.java:293)
	at java.util.concurrent.ThreadPoolExecutor.runWorker(ThreadPoolExecutor.java:1149)
	at java.util.concurrent.ThreadPoolExecutor$Worker.run(ThreadPoolExecutor.java:624)
	at java.lang.Thread.run(Thread.java:748)
2019-10-02 07:37:04,347 [java.util.concurrent.ThreadPoolExecutor$Worker@60d3d57e[State = -1, empty queue]] WARN  util.TimeoutScheduler (LogUtils.java:runAndLog(55)) - Failed to task #0: java.lang.NullPointerException
2019-10-02 07:37:08,396 [java.util.concurrent.ThreadPoolExecutor$Worker@364e09f4[State = -1, empty queue]] ERROR client.GrpcClientProtocolClient (GrpcClientProtocolClient.java:close(148)) - Unexpected exception while waiting for channel termination
java.lang.InterruptedException
	at java.util.concurrent.locks.AbstractQueuedSynchronizer.tryAcquireSharedNanos(AbstractQueuedSynchronizer.java:1326)
	at java.util.concurrent.CountDownLatch.await(CountDownLatch.java:277)
	at org.apache.ratis.thirdparty.io.grpc.internal.ManagedChannelImpl.awaitTermination(ManagedChannelImpl.java:763)
	at org.apache.ratis.thirdparty.io.grpc.internal.ForwardingManagedChannel.awaitTermination(ForwardingManagedChannel.java:57)
	at org.apache.ratis.thirdparty.io.grpc.internal.ManagedChannelOrphanWrapper.awaitTermination(ManagedChannelOrphanWrapper.java:70)
	at org.apache.ratis.grpc.client.GrpcClientProtocolClient.close(GrpcClientProtocolClient.java:146)
	at org.apache.ratis.util.PeerProxyMap$PeerAndProxy.lambda$close$1(PeerProxyMap.java:74)
	at org.apache.ratis.util.LifeCycle.lambda$checkStateAndClose$2(LifeCycle.java:231)
	at org.apache.ratis.util.LifeCycle.checkStateAndClose(LifeCycle.java:251)
	at org.apache.ratis.util.LifeCycle.checkStateAndClose(LifeCycle.java:229)
	at org.apache.ratis.util.PeerProxyMap$PeerAndProxy.close(PeerProxyMap.java:70)
	at org.apache.ratis.util.PeerProxyMap.resetProxy(PeerProxyMap.java:127)
	at org.apache.ratis.util.PeerProxyMap.handleException(PeerProxyMap.java:136)
	at org.apache.ratis.client.impl.RaftClientRpcWithProxy.handleException(RaftClientRpcWithProxy.java:47)
	at org.apache.ratis.client.impl.RaftClientImpl.handleIOException(RaftClientImpl.java:372)
	at org.apache.ratis.client.impl.OrderedAsync.lambda$sendRequest$10(OrderedAsync.java:236)
	at java.util.concurrent.CompletableFuture.uniExceptionally(CompletableFuture.java:870)
	at java.util.concurrent.CompletableFuture$UniExceptionally.tryFire(CompletableFuture.java:852)
	at java.util.concurrent.CompletableFuture.postComplete(CompletableFuture.java:474)
	at java.util.concurrent.CompletableFuture.completeExceptionally(CompletableFuture.java:1977)
	at org.apache.ratis.grpc.client.GrpcClientProtocolClient$AsyncStreamObservers.lambda$timeoutCheck$3(GrpcClientProtocolClient.java:324)
	at java.util.Optional.ifPresent(Optional.java:159)
	at org.apache.ratis.grpc.client.GrpcClientProtocolClient$AsyncStreamObservers.handleReplyFuture(GrpcClientProtocolClient.java:329)
	at org.apache.ratis.grpc.client.GrpcClientProtocolClient$AsyncStreamObservers.timeoutCheck(GrpcClientProtocolClient.java:324)
	at org.apache.ratis.grpc.client.GrpcClientProtocolClient$AsyncStreamObservers.lambda$onNext$1(GrpcClientProtocolClient.java:318)
	at org.apache.ratis.util.TimeoutScheduler.lambda$onTimeout$0(TimeoutScheduler.java:113)
	at org.apache.ratis.util.TimeoutScheduler.lambda$onTimeout$1(TimeoutScheduler.java:133)
	at org.apache.ratis.util.LogUtils.runAndLog(LogUtils.java:50)
	at org.apache.ratis.util.LogUtils$1.run(LogUtils.java:91)
	at java.util.concurrent.Executors$RunnableAdapter.call(Executors.java:511)
	at java.util.concurrent.FutureTask.run(FutureTask.java:266)
	at java.util.concurrent.ScheduledThreadPoolExecutor$ScheduledFutureTask.access$201(ScheduledThreadPoolExecutor.java:180)
	at java.util.concurrent.ScheduledThreadPoolExecutor$ScheduledFutureTask.run(ScheduledThreadPoolExecutor.java:293)
	at java.util.concurrent.ThreadPoolExecutor.runWorker(ThreadPoolExecutor.java:1149)
	at java.util.concurrent.ThreadPoolExecutor$Worker.run(ThreadPoolExecutor.java:624)
	at java.lang.Thread.run(Thread.java:748)
2019-10-02 07:37:08,398 [java.util.concurrent.ThreadPoolExecutor$Worker@364e09f4[State = -1, empty queue]] WARN  util.TimeoutScheduler (LogUtils.java:runAndLog(55)) - Failed to task #0: java.lang.NullPointerException
2019-10-02 07:37:12,434 [java.util.concurrent.ThreadPoolExecutor$Worker@4cadca0f[State = -1, empty queue]] ERROR client.GrpcClientProtocolClient (GrpcClientProtocolClient.java:close(148)) - Unexpected exception while waiting for channel termination
java.lang.InterruptedException
	at java.util.concurrent.locks.AbstractQueuedSynchronizer.tryAcquireSharedNanos(AbstractQueuedSynchronizer.java:1326)
	at java.util.concurrent.CountDownLatch.await(CountDownLatch.java:277)
	at org.apache.ratis.thirdparty.io.grpc.internal.ManagedChannelImpl.awaitTermination(ManagedChannelImpl.java:763)
	at org.apache.ratis.thirdparty.io.grpc.internal.ForwardingManagedChannel.awaitTermination(ForwardingManagedChannel.java:57)
	at org.apache.ratis.thirdparty.io.grpc.internal.ManagedChannelOrphanWrapper.awaitTermination(ManagedChannelOrphanWrapper.java:70)
	at org.apache.ratis.grpc.client.GrpcClientProtocolClient.close(GrpcClientProtocolClient.java:146)
	at org.apache.ratis.util.PeerProxyMap$PeerAndProxy.lambda$close$1(PeerProxyMap.java:74)
	at org.apache.ratis.util.LifeCycle.lambda$checkStateAndClose$2(LifeCycle.java:231)
	at org.apache.ratis.util.LifeCycle.checkStateAndClose(LifeCycle.java:251)
	at org.apache.ratis.util.LifeCycle.checkStateAndClose(LifeCycle.java:229)
	at org.apache.ratis.util.PeerProxyMap$PeerAndProxy.close(PeerProxyMap.java:70)
	at org.apache.ratis.util.PeerProxyMap.resetProxy(PeerProxyMap.java:127)
	at org.apache.ratis.util.PeerProxyMap.handleException(PeerProxyMap.java:136)
	at org.apache.ratis.client.impl.RaftClientRpcWithProxy.handleException(RaftClientRpcWithProxy.java:47)
	at org.apache.ratis.client.impl.RaftClientImpl.handleIOException(RaftClientImpl.java:372)
	at org.apache.ratis.client.impl.OrderedAsync.lambda$sendRequest$10(OrderedAsync.java:236)
	at java.util.concurrent.CompletableFuture.uniExceptionally(CompletableFuture.java:870)
	at java.util.concurrent.CompletableFuture$UniExceptionally.tryFire(CompletableFuture.java:852)
	at java.util.concurrent.CompletableFuture.postComplete(CompletableFuture.java:474)
	at java.util.concurrent.CompletableFuture.completeExceptionally(CompletableFuture.java:1977)
	at org.apache.ratis.grpc.client.GrpcClientProtocolClient$AsyncStreamObservers.lambda$timeoutCheck$3(GrpcClientProtocolClient.java:324)
	at java.util.Optional.ifPresent(Optional.java:159)
	at org.apache.ratis.grpc.client.GrpcClientProtocolClient$AsyncStreamObservers.handleReplyFuture(GrpcClientProtocolClient.java:329)
	at org.apache.ratis.grpc.client.GrpcClientProtocolClient$AsyncStreamObservers.timeoutCheck(GrpcClientProtocolClient.java:324)
	at org.apache.ratis.grpc.client.GrpcClientProtocolClient$AsyncStreamObservers.lambda$onNext$1(GrpcClientProtocolClient.java:318)
	at org.apache.ratis.util.TimeoutScheduler.lambda$onTimeout$0(TimeoutScheduler.java:113)
	at org.apache.ratis.util.TimeoutScheduler.lambda$onTimeout$1(TimeoutScheduler.java:133)
	at org.apache.ratis.util.LogUtils.runAndLog(LogUtils.java:50)
	at org.apache.ratis.util.LogUtils$1.run(LogUtils.java:91)
	at java.util.concurrent.Executors$RunnableAdapter.call(Executors.java:511)
	at java.util.concurrent.FutureTask.run(FutureTask.java:266)
	at java.util.concurrent.ScheduledThreadPoolExecutor$ScheduledFutureTask.access$201(ScheduledThreadPoolExecutor.java:180)
	at java.util.concurrent.ScheduledThreadPoolExecutor$ScheduledFutureTask.run(ScheduledThreadPoolExecutor.java:293)
	at java.util.concurrent.ThreadPoolExecutor.runWorker(ThreadPoolExecutor.java:1149)
	at java.util.concurrent.ThreadPoolExecutor$Worker.run(ThreadPoolExecutor.java:624)
	at java.lang.Thread.run(Thread.java:748)
2019-10-02 07:37:12,436 [java.util.concurrent.ThreadPoolExecutor$Worker@4cadca0f[State = -1, empty queue]] WARN  util.TimeoutScheduler (LogUtils.java:runAndLog(55)) - Failed to task #0: java.lang.NullPointerException
2019-10-02 07:37:16,480 [java.util.concurrent.ThreadPoolExecutor$Worker@600cabe6[State = -1, empty queue]] ERROR client.GrpcClientProtocolClient (GrpcClientProtocolClient.java:close(148)) - Unexpected exception while waiting for channel termination
java.lang.InterruptedException
	at java.util.concurrent.locks.AbstractQueuedSynchronizer.tryAcquireSharedNanos(AbstractQueuedSynchronizer.java:1326)
	at java.util.concurrent.CountDownLatch.await(CountDownLatch.java:277)
	at org.apache.ratis.thirdparty.io.grpc.internal.ManagedChannelImpl.awaitTermination(ManagedChannelImpl.java:763)
	at org.apache.ratis.thirdparty.io.grpc.internal.ForwardingManagedChannel.awaitTermination(ForwardingManagedChannel.java:57)
	at org.apache.ratis.thirdparty.io.grpc.internal.ManagedChannelOrphanWrapper.awaitTermination(ManagedChannelOrphanWrapper.java:70)
	at org.apache.ratis.grpc.client.GrpcClientProtocolClient.close(GrpcClientProtocolClient.java:146)
	at org.apache.ratis.util.PeerProxyMap$PeerAndProxy.lambda$close$1(PeerProxyMap.java:74)
	at org.apache.ratis.util.LifeCycle.lambda$checkStateAndClose$2(LifeCycle.java:231)
	at org.apache.ratis.util.LifeCycle.checkStateAndClose(LifeCycle.java:251)
	at org.apache.ratis.util.LifeCycle.checkStateAndClose(LifeCycle.java:229)
	at org.apache.ratis.util.PeerProxyMap$PeerAndProxy.close(PeerProxyMap.java:70)
	at org.apache.ratis.util.PeerProxyMap.resetProxy(PeerProxyMap.java:127)
	at org.apache.ratis.util.PeerProxyMap.handleException(PeerProxyMap.java:136)
	at org.apache.ratis.client.impl.RaftClientRpcWithProxy.handleException(RaftClientRpcWithProxy.java:47)
	at org.apache.ratis.client.impl.RaftClientImpl.handleIOException(RaftClientImpl.java:372)
	at org.apache.ratis.client.impl.OrderedAsync.lambda$sendRequest$10(OrderedAsync.java:236)
	at java.util.concurrent.CompletableFuture.uniExceptionally(CompletableFuture.java:870)
	at java.util.concurrent.CompletableFuture$UniExceptionally.tryFire(CompletableFuture.java:852)
	at java.util.concurrent.CompletableFuture.postComplete(CompletableFuture.java:474)
	at java.util.concurrent.CompletableFuture.completeExceptionally(CompletableFuture.java:1977)
	at org.apache.ratis.grpc.client.GrpcClientProtocolClient$AsyncStreamObservers.lambda$timeoutCheck$3(GrpcClientProtocolClient.java:324)
	at java.util.Optional.ifPresent(Optional.java:159)
	at org.apache.ratis.grpc.client.GrpcClientProtocolClient$AsyncStreamObservers.handleReplyFuture(GrpcClientProtocolClient.java:329)
	at org.apache.ratis.grpc.client.GrpcClientProtocolClient$AsyncStreamObservers.timeoutCheck(GrpcClientProtocolClient.java:324)
	at org.apache.ratis.grpc.client.GrpcClientProtocolClient$AsyncStreamObservers.lambda$onNext$1(GrpcClientProtocolClient.java:318)
	at org.apache.ratis.util.TimeoutScheduler.lambda$onTimeout$0(TimeoutScheduler.java:113)
	at org.apache.ratis.util.TimeoutScheduler.lambda$onTimeout$1(TimeoutScheduler.java:133)
	at org.apache.ratis.util.LogUtils.runAndLog(LogUtils.java:50)
	at org.apache.ratis.util.LogUtils$1.run(LogUtils.java:91)
	at java.util.concurrent.Executors$RunnableAdapter.call(Executors.java:511)
	at java.util.concurrent.FutureTask.run(FutureTask.java:266)
	at java.util.concurrent.ScheduledThreadPoolExecutor$ScheduledFutureTask.access$201(ScheduledThreadPoolExecutor.java:180)
	at java.util.concurrent.ScheduledThreadPoolExecutor$ScheduledFutureTask.run(ScheduledThreadPoolExecutor.java:293)
	at java.util.concurrent.ThreadPoolExecutor.runWorker(ThreadPoolExecutor.java:1149)
	at java.util.concurrent.ThreadPoolExecutor$Worker.run(ThreadPoolExecutor.java:624)
	at java.lang.Thread.run(Thread.java:748)
2019-10-02 07:37:16,482 [java.util.concurrent.ThreadPoolExecutor$Worker@600cabe6[State = -1, empty queue]] WARN  util.TimeoutScheduler (LogUtils.java:runAndLog(55)) - Failed to task #0: java.lang.NullPointerException
2019-10-02 07:37:20,538 [java.util.concurrent.ThreadPoolExecutor$Worker@7a2dca47[State = -1, empty queue]] ERROR client.GrpcClientProtocolClient (GrpcClientProtocolClient.java:close(148)) - Unexpected exception while waiting for channel termination
java.lang.InterruptedException
	at java.util.concurrent.locks.AbstractQueuedSynchronizer.tryAcquireSharedNanos(AbstractQueuedSynchronizer.java:1326)
	at java.util.concurrent.CountDownLatch.await(CountDownLatch.java:277)
	at org.apache.ratis.thirdparty.io.grpc.internal.ManagedChannelImpl.awaitTermination(ManagedChannelImpl.java:763)
	at org.apache.ratis.thirdparty.io.grpc.internal.ForwardingManagedChannel.awaitTermination(ForwardingManagedChannel.java:57)
	at org.apache.ratis.thirdparty.io.grpc.internal.ManagedChannelOrphanWrapper.awaitTermination(ManagedChannelOrphanWrapper.java:70)
	at org.apache.ratis.grpc.client.GrpcClientProtocolClient.close(GrpcClientProtocolClient.java:146)
	at org.apache.ratis.util.PeerProxyMap$PeerAndProxy.lambda$close$1(PeerProxyMap.java:74)
	at org.apache.ratis.util.LifeCycle.lambda$checkStateAndClose$2(LifeCycle.java:231)
	at org.apache.ratis.util.LifeCycle.checkStateAndClose(LifeCycle.java:251)
	at org.apache.ratis.util.LifeCycle.checkStateAndClose(LifeCycle.java:229)
	at org.apache.ratis.util.PeerProxyMap$PeerAndProxy.close(PeerProxyMap.java:70)
	at org.apache.ratis.util.PeerProxyMap.resetProxy(PeerProxyMap.java:127)
	at org.apache.ratis.util.PeerProxyMap.handleException(PeerProxyMap.java:136)
	at org.apache.ratis.client.impl.RaftClientRpcWithProxy.handleException(RaftClientRpcWithProxy.java:47)
	at org.apache.ratis.client.impl.RaftClientImpl.handleIOException(RaftClientImpl.java:372)
	at org.apache.ratis.client.impl.OrderedAsync.lambda$sendRequest$10(OrderedAsync.java:236)
	at java.util.concurrent.CompletableFuture.uniExceptionally(CompletableFuture.java:870)
	at java.util.concurrent.CompletableFuture$UniExceptionally.tryFire(CompletableFuture.java:852)
	at java.util.concurrent.CompletableFuture.postComplete(CompletableFuture.java:474)
	at java.util.concurrent.CompletableFuture.completeExceptionally(CompletableFuture.java:1977)
	at org.apache.ratis.grpc.client.GrpcClientProtocolClient$AsyncStreamObservers.lambda$timeoutCheck$3(GrpcClientProtocolClient.java:324)
	at java.util.Optional.ifPresent(Optional.java:159)
	at org.apache.ratis.grpc.client.GrpcClientProtocolClient$AsyncStreamObservers.handleReplyFuture(GrpcClientProtocolClient.java:329)
	at org.apache.ratis.grpc.client.GrpcClientProtocolClient$AsyncStreamObservers.timeoutCheck(GrpcClientProtocolClient.java:324)
	at org.apache.ratis.grpc.client.GrpcClientProtocolClient$AsyncStreamObservers.lambda$onNext$1(GrpcClientProtocolClient.java:318)
	at org.apache.ratis.util.TimeoutScheduler.lambda$onTimeout$0(TimeoutScheduler.java:113)
	at org.apache.ratis.util.TimeoutScheduler.lambda$onTimeout$1(TimeoutScheduler.java:133)
	at org.apache.ratis.util.LogUtils.runAndLog(LogUtils.java:50)
	at org.apache.ratis.util.LogUtils$1.run(LogUtils.java:91)
	at java.util.concurrent.Executors$RunnableAdapter.call(Executors.java:511)
	at java.util.concurrent.FutureTask.run(FutureTask.java:266)
	at java.util.concurrent.ScheduledThreadPoolExecutor$ScheduledFutureTask.access$201(ScheduledThreadPoolExecutor.java:180)
	at java.util.concurrent.ScheduledThreadPoolExecutor$ScheduledFutureTask.run(ScheduledThreadPoolExecutor.java:293)
	at java.util.concurrent.ThreadPoolExecutor.runWorker(ThreadPoolExecutor.java:1149)
	at java.util.concurrent.ThreadPoolExecutor$Worker.run(ThreadPoolExecutor.java:624)
	at java.lang.Thread.run(Thread.java:748)
2019-10-02 07:37:20,543 [java.util.concurrent.ThreadPoolExecutor$Worker@7a2dca47[State = -1, empty queue]] WARN  util.TimeoutScheduler (LogUtils.java:runAndLog(55)) - Failed to task #0: java.lang.NullPointerException
2019-10-02 07:37:24,577 [java.util.concurrent.ThreadPoolExecutor$Worker@35d17439[State = -1, empty queue]] ERROR client.GrpcClientProtocolClient (GrpcClientProtocolClient.java:close(148)) - Unexpected exception while waiting for channel termination
java.lang.InterruptedException
	at java.util.concurrent.locks.AbstractQueuedSynchronizer.tryAcquireSharedNanos(AbstractQueuedSynchronizer.java:1326)
	at java.util.concurrent.CountDownLatch.await(CountDownLatch.java:277)
	at org.apache.ratis.thirdparty.io.grpc.internal.ManagedChannelImpl.awaitTermination(ManagedChannelImpl.java:763)
	at org.apache.ratis.thirdparty.io.grpc.internal.ForwardingManagedChannel.awaitTermination(ForwardingManagedChannel.java:57)
	at org.apache.ratis.thirdparty.io.grpc.internal.ManagedChannelOrphanWrapper.awaitTermination(ManagedChannelOrphanWrapper.java:70)
	at org.apache.ratis.grpc.client.GrpcClientProtocolClient.close(GrpcClientProtocolClient.java:146)
	at org.apache.ratis.util.PeerProxyMap$PeerAndProxy.lambda$close$1(PeerProxyMap.java:74)
	at org.apache.ratis.util.LifeCycle.lambda$checkStateAndClose$2(LifeCycle.java:231)
	at org.apache.ratis.util.LifeCycle.checkStateAndClose(LifeCycle.java:251)
	at org.apache.ratis.util.LifeCycle.checkStateAndClose(LifeCycle.java:229)
	at org.apache.ratis.util.PeerProxyMap$PeerAndProxy.close(PeerProxyMap.java:70)
	at org.apache.ratis.util.PeerProxyMap.resetProxy(PeerProxyMap.java:127)
	at org.apache.ratis.util.PeerProxyMap.handleException(PeerProxyMap.java:136)
	at org.apache.ratis.client.impl.RaftClientRpcWithProxy.handleException(RaftClientRpcWithProxy.java:47)
	at org.apache.ratis.client.impl.RaftClientImpl.handleIOException(RaftClientImpl.java:372)
	at org.apache.ratis.client.impl.OrderedAsync.lambda$sendRequest$10(OrderedAsync.java:236)
	at java.util.concurrent.CompletableFuture.uniExceptionally(CompletableFuture.java:870)
	at java.util.concurrent.CompletableFuture$UniExceptionally.tryFire(CompletableFuture.java:852)
	at java.util.concurrent.CompletableFuture.postComplete(CompletableFuture.java:474)
	at java.util.concurrent.CompletableFuture.completeExceptionally(CompletableFuture.java:1977)
	at org.apache.ratis.grpc.client.GrpcClientProtocolClient$AsyncStreamObservers.lambda$timeoutCheck$3(GrpcClientProtocolClient.java:324)
	at java.util.Optional.ifPresent(Optional.java:159)
	at org.apache.ratis.grpc.client.GrpcClientProtocolClient$AsyncStreamObservers.handleReplyFuture(GrpcClientProtocolClient.java:329)
	at org.apache.ratis.grpc.client.GrpcClientProtocolClient$AsyncStreamObservers.timeoutCheck(GrpcClientProtocolClient.java:324)
	at org.apache.ratis.grpc.client.GrpcClientProtocolClient$AsyncStreamObservers.lambda$onNext$1(GrpcClientProtocolClient.java:318)
	at org.apache.ratis.util.TimeoutScheduler.lambda$onTimeout$0(TimeoutScheduler.java:113)
	at org.apache.ratis.util.TimeoutScheduler.lambda$onTimeout$1(TimeoutScheduler.java:133)
	at org.apache.ratis.util.LogUtils.runAndLog(LogUtils.java:50)
	at org.apache.ratis.util.LogUtils$1.run(LogUtils.java:91)
	at java.util.concurrent.Executors$RunnableAdapter.call(Executors.java:511)
	at java.util.concurrent.FutureTask.run(FutureTask.java:266)
	at java.util.concurrent.ScheduledThreadPoolExecutor$ScheduledFutureTask.access$201(ScheduledThreadPoolExecutor.java:180)
	at java.util.concurrent.ScheduledThreadPoolExecutor$ScheduledFutureTask.run(ScheduledThreadPoolExecutor.java:293)
	at java.util.concurrent.ThreadPoolExecutor.runWorker(ThreadPoolExecutor.java:1149)
	at java.util.concurrent.ThreadPoolExecutor$Worker.run(ThreadPoolExecutor.java:624)
	at java.lang.Thread.run(Thread.java:748)
2019-10-02 07:37:24,580 [java.util.concurrent.ThreadPoolExecutor$Worker@35d17439[State = -1, empty queue]] WARN  util.TimeoutScheduler (LogUtils.java:runAndLog(55)) - Failed to task #0: java.lang.NullPointerException
2019-10-02 07:37:28,632 [java.util.concurrent.ThreadPoolExecutor$Worker@142a9de1[State = -1, empty queue]] ERROR client.GrpcClientProtocolClient (GrpcClientProtocolClient.java:close(148)) - Unexpected exception while waiting for channel termination
java.lang.InterruptedException
	at java.util.concurrent.locks.AbstractQueuedSynchronizer.tryAcquireSharedNanos(AbstractQueuedSynchronizer.java:1326)
	at java.util.concurrent.CountDownLatch.await(CountDownLatch.java:277)
	at org.apache.ratis.thirdparty.io.grpc.internal.ManagedChannelImpl.awaitTermination(ManagedChannelImpl.java:763)
	at org.apache.ratis.thirdparty.io.grpc.internal.ForwardingManagedChannel.awaitTermination(ForwardingManagedChannel.java:57)
	at org.apache.ratis.thirdparty.io.grpc.internal.ManagedChannelOrphanWrapper.awaitTermination(ManagedChannelOrphanWrapper.java:70)
	at org.apache.ratis.grpc.client.GrpcClientProtocolClient.close(GrpcClientProtocolClient.java:146)
	at org.apache.ratis.util.PeerProxyMap$PeerAndProxy.lambda$close$1(PeerProxyMap.java:74)
	at org.apache.ratis.util.LifeCycle.lambda$checkStateAndClose$2(LifeCycle.java:231)
	at org.apache.ratis.util.LifeCycle.checkStateAndClose(LifeCycle.java:251)
	at org.apache.ratis.util.LifeCycle.checkStateAndClose(LifeCycle.java:229)
	at org.apache.ratis.util.PeerProxyMap$PeerAndProxy.close(PeerProxyMap.java:70)
	at org.apache.ratis.util.PeerProxyMap.resetProxy(PeerProxyMap.java:127)
	at org.apache.ratis.util.PeerProxyMap.handleException(PeerProxyMap.java:136)
	at org.apache.ratis.client.impl.RaftClientRpcWithProxy.handleException(RaftClientRpcWithProxy.java:47)
	at org.apache.ratis.client.impl.RaftClientImpl.handleIOException(RaftClientImpl.java:372)
	at org.apache.ratis.client.impl.OrderedAsync.lambda$sendRequest$10(OrderedAsync.java:236)
	at java.util.concurrent.CompletableFuture.uniExceptionally(CompletableFuture.java:870)
	at java.util.concurrent.CompletableFuture$UniExceptionally.tryFire(CompletableFuture.java:852)
	at java.util.concurrent.CompletableFuture.postComplete(CompletableFuture.java:474)
	at java.util.concurrent.CompletableFuture.completeExceptionally(CompletableFuture.java:1977)
	at org.apache.ratis.grpc.client.GrpcClientProtocolClient$AsyncStreamObservers.lambda$timeoutCheck$3(GrpcClientProtocolClient.java:324)
	at java.util.Optional.ifPresent(Optional.java:159)
	at org.apache.ratis.grpc.client.GrpcClientProtocolClient$AsyncStreamObservers.handleReplyFuture(GrpcClientProtocolClient.java:329)
	at org.apache.ratis.grpc.client.GrpcClientProtocolClient$AsyncStreamObservers.timeoutCheck(GrpcClientProtocolClient.java:324)
	at org.apache.ratis.grpc.client.GrpcClientProtocolClient$AsyncStreamObservers.lambda$onNext$1(GrpcClientProtocolClient.java:318)
	at org.apache.ratis.util.TimeoutScheduler.lambda$onTimeout$0(TimeoutScheduler.java:113)
	at org.apache.ratis.util.TimeoutScheduler.lambda$onTimeout$1(TimeoutScheduler.java:133)
	at org.apache.ratis.util.LogUtils.runAndLog(LogUtils.java:50)
	at org.apache.ratis.util.LogUtils$1.run(LogUtils.java:91)
	at java.util.concurrent.Executors$RunnableAdapter.call(Executors.java:511)
	at java.util.concurrent.FutureTask.run(FutureTask.java:266)
	at java.util.concurrent.ScheduledThreadPoolExecutor$ScheduledFutureTask.access$201(ScheduledThreadPoolExecutor.java:180)
	at java.util.concurrent.ScheduledThreadPoolExecutor$ScheduledFutureTask.run(ScheduledThreadPoolExecutor.java:293)
	at java.util.concurrent.ThreadPoolExecutor.runWorker(ThreadPoolExecutor.java:1149)
	at java.util.concurrent.ThreadPoolExecutor$Worker.run(ThreadPoolExecutor.java:624)
	at java.lang.Thread.run(Thread.java:748)
2019-10-02 07:37:28,636 [java.util.concurrent.ThreadPoolExecutor$Worker@142a9de1[State = -1, empty queue]] WARN  util.TimeoutScheduler (LogUtils.java:runAndLog(55)) - Failed to task #0: java.lang.NullPointerException
2019-10-02 07:37:32,671 [java.util.concurrent.ThreadPoolExecutor$Worker@4ac46c74[State = -1, empty queue]] ERROR client.GrpcClientProtocolClient (GrpcClientProtocolClient.java:close(148)) - Unexpected exception while waiting for channel termination
java.lang.InterruptedException
	at java.util.concurrent.locks.AbstractQueuedSynchronizer.tryAcquireSharedNanos(AbstractQueuedSynchronizer.java:1326)
	at java.util.concurrent.CountDownLatch.await(CountDownLatch.java:277)
	at org.apache.ratis.thirdparty.io.grpc.internal.ManagedChannelImpl.awaitTermination(ManagedChannelImpl.java:763)
	at org.apache.ratis.thirdparty.io.grpc.internal.ForwardingManagedChannel.awaitTermination(ForwardingManagedChannel.java:57)
	at org.apache.ratis.thirdparty.io.grpc.internal.ManagedChannelOrphanWrapper.awaitTermination(ManagedChannelOrphanWrapper.java:70)
	at org.apache.ratis.grpc.client.GrpcClientProtocolClient.close(GrpcClientProtocolClient.java:146)
	at org.apache.ratis.util.PeerProxyMap$PeerAndProxy.lambda$close$1(PeerProxyMap.java:74)
	at org.apache.ratis.util.LifeCycle.lambda$checkStateAndClose$2(LifeCycle.java:231)
	at org.apache.ratis.util.LifeCycle.checkStateAndClose(LifeCycle.java:251)
	at org.apache.ratis.util.LifeCycle.checkStateAndClose(LifeCycle.java:229)
	at org.apache.ratis.util.PeerProxyMap$PeerAndProxy.close(PeerProxyMap.java:70)
	at org.apache.ratis.util.PeerProxyMap.resetProxy(PeerProxyMap.java:127)
	at org.apache.ratis.util.PeerProxyMap.handleException(PeerProxyMap.java:136)
	at org.apache.ratis.client.impl.RaftClientRpcWithProxy.handleException(RaftClientRpcWithProxy.java:47)
	at org.apache.ratis.client.impl.RaftClientImpl.handleIOException(RaftClientImpl.java:372)
	at org.apache.ratis.client.impl.OrderedAsync.lambda$sendRequest$10(OrderedAsync.java:236)
	at java.util.concurrent.CompletableFuture.uniExceptionally(CompletableFuture.java:870)
	at java.util.concurrent.CompletableFuture$UniExceptionally.tryFire(CompletableFuture.java:852)
	at java.util.concurrent.CompletableFuture.postComplete(CompletableFuture.java:474)
	at java.util.concurrent.CompletableFuture.completeExceptionally(CompletableFuture.java:1977)
	at org.apache.ratis.grpc.client.GrpcClientProtocolClient$AsyncStreamObservers.lambda$timeoutCheck$3(GrpcClientProtocolClient.java:324)
	at java.util.Optional.ifPresent(Optional.java:159)
	at org.apache.ratis.grpc.client.GrpcClientProtocolClient$AsyncStreamObservers.handleReplyFuture(GrpcClientProtocolClient.java:329)
	at org.apache.ratis.grpc.client.GrpcClientProtocolClient$AsyncStreamObservers.timeoutCheck(GrpcClientProtocolClient.java:324)
	at org.apache.ratis.grpc.client.GrpcClientProtocolClient$AsyncStreamObservers.lambda$onNext$1(GrpcClientProtocolClient.java:318)
	at org.apache.ratis.util.TimeoutScheduler.lambda$onTimeout$0(TimeoutScheduler.java:113)
	at org.apache.ratis.util.TimeoutScheduler.lambda$onTimeout$1(TimeoutScheduler.java:133)
	at org.apache.ratis.util.LogUtils.runAndLog(LogUtils.java:50)
	at org.apache.ratis.util.LogUtils$1.run(LogUtils.java:91)
	at java.util.concurrent.Executors$RunnableAdapter.call(Executors.java:511)
	at java.util.concurrent.FutureTask.run(FutureTask.java:266)
	at java.util.concurrent.ScheduledThreadPoolExecutor$ScheduledFutureTask.access$201(ScheduledThreadPoolExecutor.java:180)
	at java.util.concurrent.ScheduledThreadPoolExecutor$ScheduledFutureTask.run(ScheduledThreadPoolExecutor.java:293)
	at java.util.concurrent.ThreadPoolExecutor.runWorker(ThreadPoolExecutor.java:1149)
	at java.util.concurrent.ThreadPoolExecutor$Worker.run(ThreadPoolExecutor.java:624)
	at java.lang.Thread.run(Thread.java:748)
2019-10-02 07:37:32,672 [java.util.concurrent.ThreadPoolExecutor$Worker@4ac46c74[State = -1, empty queue]] WARN  util.TimeoutScheduler (LogUtils.java:runAndLog(55)) - Failed to task #0: java.lang.NullPointerException
2019-10-02 07:37:36,714 [java.util.concurrent.ThreadPoolExecutor$Worker@71979292[State = -1, empty queue]] ERROR client.GrpcClientProtocolClient (GrpcClientProtocolClient.java:close(148)) - Unexpected exception while waiting for channel termination
java.lang.InterruptedException
	at java.util.concurrent.locks.AbstractQueuedSynchronizer.tryAcquireSharedNanos(AbstractQueuedSynchronizer.java:1326)
	at java.util.concurrent.CountDownLatch.await(CountDownLatch.java:277)
	at org.apache.ratis.thirdparty.io.grpc.internal.ManagedChannelImpl.awaitTermination(ManagedChannelImpl.java:763)
	at org.apache.ratis.thirdparty.io.grpc.internal.ForwardingManagedChannel.awaitTermination(ForwardingManagedChannel.java:57)
	at org.apache.ratis.thirdparty.io.grpc.internal.ManagedChannelOrphanWrapper.awaitTermination(ManagedChannelOrphanWrapper.java:70)
	at org.apache.ratis.grpc.client.GrpcClientProtocolClient.close(GrpcClientProtocolClient.java:146)
	at org.apache.ratis.util.PeerProxyMap$PeerAndProxy.lambda$close$1(PeerProxyMap.java:74)
	at org.apache.ratis.util.LifeCycle.lambda$checkStateAndClose$2(LifeCycle.java:231)
	at org.apache.ratis.util.LifeCycle.checkStateAndClose(LifeCycle.java:251)
	at org.apache.ratis.util.LifeCycle.checkStateAndClose(LifeCycle.java:229)
	at org.apache.ratis.util.PeerProxyMap$PeerAndProxy.close(PeerProxyMap.java:70)
	at org.apache.ratis.util.PeerProxyMap.resetProxy(PeerProxyMap.java:127)
	at org.apache.ratis.util.PeerProxyMap.handleException(PeerProxyMap.java:136)
	at org.apache.ratis.client.impl.RaftClientRpcWithProxy.handleException(RaftClientRpcWithProxy.java:47)
	at org.apache.ratis.client.impl.RaftClientImpl.handleIOException(RaftClientImpl.java:372)
	at org.apache.ratis.client.impl.OrderedAsync.lambda$sendRequest$10(OrderedAsync.java:236)
	at java.util.concurrent.CompletableFuture.uniExceptionally(CompletableFuture.java:870)
	at java.util.concurrent.CompletableFuture$UniExceptionally.tryFire(CompletableFuture.java:852)
	at java.util.concurrent.CompletableFuture.postComplete(CompletableFuture.java:474)
	at java.util.concurrent.CompletableFuture.completeExceptionally(CompletableFuture.java:1977)
	at org.apache.ratis.grpc.client.GrpcClientProtocolClient$AsyncStreamObservers.lambda$timeoutCheck$3(GrpcClientProtocolClient.java:324)
	at java.util.Optional.ifPresent(Optional.java:159)
	at org.apache.ratis.grpc.client.GrpcClientProtocolClient$AsyncStreamObservers.handleReplyFuture(GrpcClientProtocolClient.java:329)
	at org.apache.ratis.grpc.client.GrpcClientProtocolClient$AsyncStreamObservers.timeoutCheck(GrpcClientProtocolClient.java:324)
	at org.apache.ratis.grpc.client.GrpcClientProtocolClient$AsyncStreamObservers.lambda$onNext$1(GrpcClientProtocolClient.java:318)
	at org.apache.ratis.util.TimeoutScheduler.lambda$onTimeout$0(TimeoutScheduler.java:113)
	at org.apache.ratis.util.TimeoutScheduler.lambda$onTimeout$1(TimeoutScheduler.java:133)
	at org.apache.ratis.util.LogUtils.runAndLog(LogUtils.java:50)
	at org.apache.ratis.util.LogUtils$1.run(LogUtils.java:91)
	at java.util.concurrent.Executors$RunnableAdapter.call(Executors.java:511)
	at java.util.concurrent.FutureTask.run(FutureTask.java:266)
	at java.util.concurrent.ScheduledThreadPoolExecutor$ScheduledFutureTask.access$201(ScheduledThreadPoolExecutor.java:180)
	at java.util.concurrent.ScheduledThreadPoolExecutor$ScheduledFutureTask.run(ScheduledThreadPoolExecutor.java:293)
	at java.util.concurrent.ThreadPoolExecutor.runWorker(ThreadPoolExecutor.java:1149)
	at java.util.concurrent.ThreadPoolExecutor$Worker.run(ThreadPoolExecutor.java:624)
	at java.lang.Thread.run(Thread.java:748)
2019-10-02 07:37:36,715 [java.util.concurrent.ThreadPoolExecutor$Worker@71979292[State = -1, empty queue]] WARN  util.TimeoutScheduler (LogUtils.java:runAndLog(55)) - Failed to task #0: java.lang.NullPointerException
2019-10-02 07:37:40,753 [java.util.concurrent.ThreadPoolExecutor$Worker@44310bbf[State = -1, empty queue]] ERROR client.GrpcClientProtocolClient (GrpcClientProtocolClient.java:close(148)) - Unexpected exception while waiting for channel termination
java.lang.InterruptedException
	at java.util.concurrent.locks.AbstractQueuedSynchronizer.tryAcquireSharedNanos(AbstractQueuedSynchronizer.java:1326)
	at java.util.concurrent.CountDownLatch.await(CountDownLatch.java:277)
	at org.apache.ratis.thirdparty.io.grpc.internal.ManagedChannelImpl.awaitTermination(ManagedChannelImpl.java:763)
	at org.apache.ratis.thirdparty.io.grpc.internal.ForwardingManagedChannel.awaitTermination(ForwardingManagedChannel.java:57)
	at org.apache.ratis.thirdparty.io.grpc.internal.ManagedChannelOrphanWrapper.awaitTermination(ManagedChannelOrphanWrapper.java:70)
	at org.apache.ratis.grpc.client.GrpcClientProtocolClient.close(GrpcClientProtocolClient.java:146)
	at org.apache.ratis.util.PeerProxyMap$PeerAndProxy.lambda$close$1(PeerProxyMap.java:74)
	at org.apache.ratis.util.LifeCycle.lambda$checkStateAndClose$2(LifeCycle.java:231)
	at org.apache.ratis.util.LifeCycle.checkStateAndClose(LifeCycle.java:251)
	at org.apache.ratis.util.LifeCycle.checkStateAndClose(LifeCycle.java:229)
	at org.apache.ratis.util.PeerProxyMap$PeerAndProxy.close(PeerProxyMap.java:70)
	at org.apache.ratis.util.PeerProxyMap.resetProxy(PeerProxyMap.java:127)
	at org.apache.ratis.util.PeerProxyMap.handleException(PeerProxyMap.java:136)
	at org.apache.ratis.client.impl.RaftClientRpcWithProxy.handleException(RaftClientRpcWithProxy.java:47)
	at org.apache.ratis.client.impl.RaftClientImpl.handleIOException(RaftClientImpl.java:372)
	at org.apache.ratis.client.impl.OrderedAsync.lambda$sendRequest$10(OrderedAsync.java:236)
	at java.util.concurrent.CompletableFuture.uniExceptionally(CompletableFuture.java:870)
	at java.util.concurrent.CompletableFuture$UniExceptionally.tryFire(CompletableFuture.java:852)
	at java.util.concurrent.CompletableFuture.postComplete(CompletableFuture.java:474)
	at java.util.concurrent.CompletableFuture.completeExceptionally(CompletableFuture.java:1977)
	at org.apache.ratis.grpc.client.GrpcClientProtocolClient$AsyncStreamObservers.lambda$timeoutCheck$3(GrpcClientProtocolClient.java:324)
	at java.util.Optional.ifPresent(Optional.java:159)
	at org.apache.ratis.grpc.client.GrpcClientProtocolClient$AsyncStreamObservers.handleReplyFuture(GrpcClientProtocolClient.java:329)
	at org.apache.ratis.grpc.client.GrpcClientProtocolClient$AsyncStreamObservers.timeoutCheck(GrpcClientProtocolClient.java:324)
	at org.apache.ratis.grpc.client.GrpcClientProtocolClient$AsyncStreamObservers.lambda$onNext$1(GrpcClientProtocolClient.java:318)
	at org.apache.ratis.util.TimeoutScheduler.lambda$onTimeout$0(TimeoutScheduler.java:113)
	at org.apache.ratis.util.TimeoutScheduler.lambda$onTimeout$1(TimeoutScheduler.java:133)
	at org.apache.ratis.util.LogUtils.runAndLog(LogUtils.java:50)
	at org.apache.ratis.util.LogUtils$1.run(LogUtils.java:91)
	at java.util.concurrent.Executors$RunnableAdapter.call(Executors.java:511)
	at java.util.concurrent.FutureTask.run(FutureTask.java:266)
	at java.util.concurrent.ScheduledThreadPoolExecutor$ScheduledFutureTask.access$201(ScheduledThreadPoolExecutor.java:180)
	at java.util.concurrent.ScheduledThreadPoolExecutor$ScheduledFutureTask.run(ScheduledThreadPoolExecutor.java:293)
	at java.util.concurrent.ThreadPoolExecutor.runWorker(ThreadPoolExecutor.java:1149)
	at java.util.concurrent.ThreadPoolExecutor$Worker.run(ThreadPoolExecutor.java:624)
	at java.lang.Thread.run(Thread.java:748)
2019-10-02 07:37:40,756 [java.util.concurrent.ThreadPoolExecutor$Worker@44310bbf[State = -1, empty queue]] WARN  util.TimeoutScheduler (LogUtils.java:runAndLog(55)) - Failed to task #0: java.lang.NullPointerException
2019-10-02 07:37:44,800 [java.util.concurrent.ThreadPoolExecutor$Worker@4709c717[State = -1, empty queue]] ERROR client.GrpcClientProtocolClient (GrpcClientProtocolClient.java:close(148)) - Unexpected exception while waiting for channel termination
java.lang.InterruptedException
	at java.util.concurrent.locks.AbstractQueuedSynchronizer.tryAcquireSharedNanos(AbstractQueuedSynchronizer.java:1326)
	at java.util.concurrent.CountDownLatch.await(CountDownLatch.java:277)
	at org.apache.ratis.thirdparty.io.grpc.internal.ManagedChannelImpl.awaitTermination(ManagedChannelImpl.java:763)
	at org.apache.ratis.thirdparty.io.grpc.internal.ForwardingManagedChannel.awaitTermination(ForwardingManagedChannel.java:57)
	at org.apache.ratis.thirdparty.io.grpc.internal.ManagedChannelOrphanWrapper.awaitTermination(ManagedChannelOrphanWrapper.java:70)
	at org.apache.ratis.grpc.client.GrpcClientProtocolClient.close(GrpcClientProtocolClient.java:146)
	at org.apache.ratis.util.PeerProxyMap$PeerAndProxy.lambda$close$1(PeerProxyMap.java:74)
	at org.apache.ratis.util.LifeCycle.lambda$checkStateAndClose$2(LifeCycle.java:231)
	at org.apache.ratis.util.LifeCycle.checkStateAndClose(LifeCycle.java:251)
	at org.apache.ratis.util.LifeCycle.checkStateAndClose(LifeCycle.java:229)
	at org.apache.ratis.util.PeerProxyMap$PeerAndProxy.close(PeerProxyMap.java:70)
	at org.apache.ratis.util.PeerProxyMap.resetProxy(PeerProxyMap.java:127)
	at org.apache.ratis.util.PeerProxyMap.handleException(PeerProxyMap.java:136)
	at org.apache.ratis.client.impl.RaftClientRpcWithProxy.handleException(RaftClientRpcWithProxy.java:47)
	at org.apache.ratis.client.impl.RaftClientImpl.handleIOException(RaftClientImpl.java:372)
	at org.apache.ratis.client.impl.OrderedAsync.lambda$sendRequest$10(OrderedAsync.java:236)
	at java.util.concurrent.CompletableFuture.uniExceptionally(CompletableFuture.java:870)
	at java.util.concurrent.CompletableFuture$UniExceptionally.tryFire(CompletableFuture.java:852)
	at java.util.concurrent.CompletableFuture.postComplete(CompletableFuture.java:474)
	at java.util.concurrent.CompletableFuture.completeExceptionally(CompletableFuture.java:1977)
	at org.apache.ratis.grpc.client.GrpcClientProtocolClient$AsyncStreamObservers.lambda$timeoutCheck$3(GrpcClientProtocolClient.java:324)
	at java.util.Optional.ifPresent(Optional.java:159)
	at org.apache.ratis.grpc.client.GrpcClientProtocolClient$AsyncStreamObservers.handleReplyFuture(GrpcClientProtocolClient.java:329)
	at org.apache.ratis.grpc.client.GrpcClientProtocolClient$AsyncStreamObservers.timeoutCheck(GrpcClientProtocolClient.java:324)
	at org.apache.ratis.grpc.client.GrpcClientProtocolClient$AsyncStreamObservers.lambda$onNext$1(GrpcClientProtocolClient.java:318)
	at org.apache.ratis.util.TimeoutScheduler.lambda$onTimeout$0(TimeoutScheduler.java:113)
	at org.apache.ratis.util.TimeoutScheduler.lambda$onTimeout$1(TimeoutScheduler.java:133)
	at org.apache.ratis.util.LogUtils.runAndLog(LogUtils.java:50)
	at org.apache.ratis.util.LogUtils$1.run(LogUtils.java:91)
	at java.util.concurrent.Executors$RunnableAdapter.call(Executors.java:511)
	at java.util.concurrent.FutureTask.run(FutureTask.java:266)
	at java.util.concurrent.ScheduledThreadPoolExecutor$ScheduledFutureTask.access$201(ScheduledThreadPoolExecutor.java:180)
	at java.util.concurrent.ScheduledThreadPoolExecutor$ScheduledFutureTask.run(ScheduledThreadPoolExecutor.java:293)
	at java.util.concurrent.ThreadPoolExecutor.runWorker(ThreadPoolExecutor.java:1149)
	at java.util.concurrent.ThreadPoolExecutor$Worker.run(ThreadPoolExecutor.java:624)
	at java.lang.Thread.run(Thread.java:748)
2019-10-02 07:37:44,802 [java.util.concurrent.ThreadPoolExecutor$Worker@4709c717[State = -1, empty queue]] WARN  util.TimeoutScheduler (LogUtils.java:runAndLog(55)) - Failed to task #0: java.lang.NullPointerException
2019-10-02 07:37:48,858 [java.util.concurrent.ThreadPoolExecutor$Worker@1e03e1c4[State = -1, empty queue]] ERROR client.GrpcClientProtocolClient (GrpcClientProtocolClient.java:close(148)) - Unexpected exception while waiting for channel termination
java.lang.InterruptedException
	at java.util.concurrent.locks.AbstractQueuedSynchronizer.tryAcquireSharedNanos(AbstractQueuedSynchronizer.java:1326)
	at java.util.concurrent.CountDownLatch.await(CountDownLatch.java:277)
	at org.apache.ratis.thirdparty.io.grpc.internal.ManagedChannelImpl.awaitTermination(ManagedChannelImpl.java:763)
	at org.apache.ratis.thirdparty.io.grpc.internal.ForwardingManagedChannel.awaitTermination(ForwardingManagedChannel.java:57)
	at org.apache.ratis.thirdparty.io.grpc.internal.ManagedChannelOrphanWrapper.awaitTermination(ManagedChannelOrphanWrapper.java:70)
	at org.apache.ratis.grpc.client.GrpcClientProtocolClient.close(GrpcClientProtocolClient.java:146)
	at org.apache.ratis.util.PeerProxyMap$PeerAndProxy.lambda$close$1(PeerProxyMap.java:74)
	at org.apache.ratis.util.LifeCycle.lambda$checkStateAndClose$2(LifeCycle.java:231)
	at org.apache.ratis.util.LifeCycle.checkStateAndClose(LifeCycle.java:251)
	at org.apache.ratis.util.LifeCycle.checkStateAndClose(LifeCycle.java:229)
	at org.apache.ratis.util.PeerProxyMap$PeerAndProxy.close(PeerProxyMap.java:70)
	at org.apache.ratis.util.PeerProxyMap.resetProxy(PeerProxyMap.java:127)
	at org.apache.ratis.util.PeerProxyMap.handleException(PeerProxyMap.java:136)
	at org.apache.ratis.client.impl.RaftClientRpcWithProxy.handleException(RaftClientRpcWithProxy.java:47)
	at org.apache.ratis.client.impl.RaftClientImpl.handleIOException(RaftClientImpl.java:372)
	at org.apache.ratis.client.impl.OrderedAsync.lambda$sendRequest$10(OrderedAsync.java:236)
	at java.util.concurrent.CompletableFuture.uniExceptionally(CompletableFuture.java:870)
	at java.util.concurrent.CompletableFuture$UniExceptionally.tryFire(CompletableFuture.java:852)
	at java.util.concurrent.CompletableFuture.postComplete(CompletableFuture.java:474)
	at java.util.concurrent.CompletableFuture.completeExceptionally(CompletableFuture.java:1977)
	at org.apache.ratis.grpc.client.GrpcClientProtocolClient$AsyncStreamObservers.lambda$timeoutCheck$3(GrpcClientProtocolClient.java:324)
	at java.util.Optional.ifPresent(Optional.java:159)
	at org.apache.ratis.grpc.client.GrpcClientProtocolClient$AsyncStreamObservers.handleReplyFuture(GrpcClientProtocolClient.java:329)
	at org.apache.ratis.grpc.client.GrpcClientProtocolClient$AsyncStreamObservers.timeoutCheck(GrpcClientProtocolClient.java:324)
	at org.apache.ratis.grpc.client.GrpcClientProtocolClient$AsyncStreamObservers.lambda$onNext$1(GrpcClientProtocolClient.java:318)
	at org.apache.ratis.util.TimeoutScheduler.lambda$onTimeout$0(TimeoutScheduler.java:113)
	at org.apache.ratis.util.TimeoutScheduler.lambda$onTimeout$1(TimeoutScheduler.java:133)
	at org.apache.ratis.util.LogUtils.runAndLog(LogUtils.java:50)
	at org.apache.ratis.util.LogUtils$1.run(LogUtils.java:91)
	at java.util.concurrent.Executors$RunnableAdapter.call(Executors.java:511)
	at java.util.concurrent.FutureTask.run(FutureTask.java:266)
	at java.util.concurrent.ScheduledThreadPoolExecutor$ScheduledFutureTask.access$201(ScheduledThreadPoolExecutor.java:180)
	at java.util.concurrent.ScheduledThreadPoolExecutor$ScheduledFutureTask.run(ScheduledThreadPoolExecutor.java:293)
	at java.util.concurrent.ThreadPoolExecutor.runWorker(ThreadPoolExecutor.java:1149)
	at java.util.concurrent.ThreadPoolExecutor$Worker.run(ThreadPoolExecutor.java:624)
	at java.lang.Thread.run(Thread.java:748)
2019-10-02 07:37:48,861 [java.util.concurrent.ThreadPoolExecutor$Worker@1e03e1c4[State = -1, empty queue]] WARN  util.TimeoutScheduler (LogUtils.java:runAndLog(55)) - Failed to task #0: java.lang.NullPointerException
2019-10-02 07:37:52,902 [java.util.concurrent.ThreadPoolExecutor$Worker@5c417b4d[State = -1, empty queue]] ERROR client.GrpcClientProtocolClient (GrpcClientProtocolClient.java:close(148)) - Unexpected exception while waiting for channel termination
java.lang.InterruptedException
	at java.util.concurrent.locks.AbstractQueuedSynchronizer.tryAcquireSharedNanos(AbstractQueuedSynchronizer.java:1326)
	at java.util.concurrent.CountDownLatch.await(CountDownLatch.java:277)
	at org.apache.ratis.thirdparty.io.grpc.internal.ManagedChannelImpl.awaitTermination(ManagedChannelImpl.java:763)
	at org.apache.ratis.thirdparty.io.grpc.internal.ForwardingManagedChannel.awaitTermination(ForwardingManagedChannel.java:57)
	at org.apache.ratis.thirdparty.io.grpc.internal.ManagedChannelOrphanWrapper.awaitTermination(ManagedChannelOrphanWrapper.java:70)
	at org.apache.ratis.grpc.client.GrpcClientProtocolClient.close(GrpcClientProtocolClient.java:146)
	at org.apache.ratis.util.PeerProxyMap$PeerAndProxy.lambda$close$1(PeerProxyMap.java:74)
	at org.apache.ratis.util.LifeCycle.lambda$checkStateAndClose$2(LifeCycle.java:231)
	at org.apache.ratis.util.LifeCycle.checkStateAndClose(LifeCycle.java:251)
	at org.apache.ratis.util.LifeCycle.checkStateAndClose(LifeCycle.java:229)
	at org.apache.ratis.util.PeerProxyMap$PeerAndProxy.close(PeerProxyMap.java:70)
	at org.apache.ratis.util.PeerProxyMap.resetProxy(PeerProxyMap.java:127)
	at org.apache.ratis.util.PeerProxyMap.handleException(PeerProxyMap.java:136)
	at org.apache.ratis.client.impl.RaftClientRpcWithProxy.handleException(RaftClientRpcWithProxy.java:47)
	at org.apache.ratis.client.impl.RaftClientImpl.handleIOException(RaftClientImpl.java:372)
	at org.apache.ratis.client.impl.OrderedAsync.lambda$sendRequest$10(OrderedAsync.java:236)
	at java.util.concurrent.CompletableFuture.uniExceptionally(CompletableFuture.java:870)
	at java.util.concurrent.CompletableFuture$UniExceptionally.tryFire(CompletableFuture.java:852)
	at java.util.concurrent.CompletableFuture.postComplete(CompletableFuture.java:474)
	at java.util.concurrent.CompletableFuture.completeExceptionally(CompletableFuture.java:1977)
	at org.apache.ratis.grpc.client.GrpcClientProtocolClient$AsyncStreamObservers.lambda$timeoutCheck$3(GrpcClientProtocolClient.java:324)
	at java.util.Optional.ifPresent(Optional.java:159)
	at org.apache.ratis.grpc.client.GrpcClientProtocolClient$AsyncStreamObservers.handleReplyFuture(GrpcClientProtocolClient.java:329)
	at org.apache.ratis.grpc.client.GrpcClientProtocolClient$AsyncStreamObservers.timeoutCheck(GrpcClientProtocolClient.java:324)
	at org.apache.ratis.grpc.client.GrpcClientProtocolClient$AsyncStreamObservers.lambda$onNext$1(GrpcClientProtocolClient.java:318)
	at org.apache.ratis.util.TimeoutScheduler.lambda$onTimeout$0(TimeoutScheduler.java:113)
	at org.apache.ratis.util.TimeoutScheduler.lambda$onTimeout$1(TimeoutScheduler.java:133)
	at org.apache.ratis.util.LogUtils.runAndLog(LogUtils.java:50)
	at org.apache.ratis.util.LogUtils$1.run(LogUtils.java:91)
	at java.util.concurrent.Executors$RunnableAdapter.call(Executors.java:511)
	at java.util.concurrent.FutureTask.run(FutureTask.java:266)
	at java.util.concurrent.ScheduledThreadPoolExecutor$ScheduledFutureTask.access$201(ScheduledThreadPoolExecutor.java:180)
	at java.util.concurrent.ScheduledThreadPoolExecutor$ScheduledFutureTask.run(ScheduledThreadPoolExecutor.java:293)
	at java.util.concurrent.ThreadPoolExecutor.runWorker(ThreadPoolExecutor.java:1149)
	at java.util.concurrent.ThreadPoolExecutor$Worker.run(ThreadPoolExecutor.java:624)
	at java.lang.Thread.run(Thread.java:748)
2019-10-02 07:37:52,922 [java.util.concurrent.ThreadPoolExecutor$Worker@5c417b4d[State = -1, empty queue]] WARN  util.TimeoutScheduler (LogUtils.java:runAndLog(55)) - Failed to task #0: java.lang.NullPointerException
2019-10-02 07:37:56,964 [java.util.concurrent.ThreadPoolExecutor$Worker@5ce288ef[State = -1, empty queue]] ERROR client.GrpcClientProtocolClient (GrpcClientProtocolClient.java:close(148)) - Unexpected exception while waiting for channel termination
java.lang.InterruptedException
	at java.util.concurrent.locks.AbstractQueuedSynchronizer.tryAcquireSharedNanos(AbstractQueuedSynchronizer.java:1326)
	at java.util.concurrent.CountDownLatch.await(CountDownLatch.java:277)
	at org.apache.ratis.thirdparty.io.grpc.internal.ManagedChannelImpl.awaitTermination(ManagedChannelImpl.java:763)
	at org.apache.ratis.thirdparty.io.grpc.internal.ForwardingManagedChannel.awaitTermination(ForwardingManagedChannel.java:57)
	at org.apache.ratis.thirdparty.io.grpc.internal.ManagedChannelOrphanWrapper.awaitTermination(ManagedChannelOrphanWrapper.java:70)
	at org.apache.ratis.grpc.client.GrpcClientProtocolClient.close(GrpcClientProtocolClient.java:146)
	at org.apache.ratis.util.PeerProxyMap$PeerAndProxy.lambda$close$1(PeerProxyMap.java:74)
	at org.apache.ratis.util.LifeCycle.lambda$checkStateAndClose$2(LifeCycle.java:231)
	at org.apache.ratis.util.LifeCycle.checkStateAndClose(LifeCycle.java:251)
	at org.apache.ratis.util.LifeCycle.checkStateAndClose(LifeCycle.java:229)
	at org.apache.ratis.util.PeerProxyMap$PeerAndProxy.close(PeerProxyMap.java:70)
	at org.apache.ratis.util.PeerProxyMap.resetProxy(PeerProxyMap.java:127)
	at org.apache.ratis.util.PeerProxyMap.handleException(PeerProxyMap.java:136)
	at org.apache.ratis.client.impl.RaftClientRpcWithProxy.handleException(RaftClientRpcWithProxy.java:47)
	at org.apache.ratis.client.impl.RaftClientImpl.handleIOException(RaftClientImpl.java:372)
	at org.apache.ratis.client.impl.OrderedAsync.lambda$sendRequest$10(OrderedAsync.java:236)
	at java.util.concurrent.CompletableFuture.uniExceptionally(CompletableFuture.java:870)
	at java.util.concurrent.CompletableFuture$UniExceptionally.tryFire(CompletableFuture.java:852)
	at java.util.concurrent.CompletableFuture.postComplete(CompletableFuture.java:474)
	at java.util.concurrent.CompletableFuture.completeExceptionally(CompletableFuture.java:1977)
	at org.apache.ratis.grpc.client.GrpcClientProtocolClient$AsyncStreamObservers.lambda$timeoutCheck$3(GrpcClientProtocolClient.java:324)
	at java.util.Optional.ifPresent(Optional.java:159)
	at org.apache.ratis.grpc.client.GrpcClientProtocolClient$AsyncStreamObservers.handleReplyFuture(GrpcClientProtocolClient.java:329)
	at org.apache.ratis.grpc.client.GrpcClientProtocolClient$AsyncStreamObservers.timeoutCheck(GrpcClientProtocolClient.java:324)
	at org.apache.ratis.grpc.client.GrpcClientProtocolClient$AsyncStreamObservers.lambda$onNext$1(GrpcClientProtocolClient.java:318)
	at org.apache.ratis.util.TimeoutScheduler.lambda$onTimeout$0(TimeoutScheduler.java:113)
	at org.apache.ratis.util.TimeoutScheduler.lambda$onTimeout$1(TimeoutScheduler.java:133)
	at org.apache.ratis.util.LogUtils.runAndLog(LogUtils.java:50)
	at org.apache.ratis.util.LogUtils$1.run(LogUtils.java:91)
	at java.util.concurrent.Executors$RunnableAdapter.call(Executors.java:511)
	at java.util.concurrent.FutureTask.run(FutureTask.java:266)
	at java.util.concurrent.ScheduledThreadPoolExecutor$ScheduledFutureTask.access$201(ScheduledThreadPoolExecutor.java:180)
	at java.util.concurrent.ScheduledThreadPoolExecutor$ScheduledFutureTask.run(ScheduledThreadPoolExecutor.java:293)
	at java.util.concurrent.ThreadPoolExecutor.runWorker(ThreadPoolExecutor.java:1149)
	at java.util.concurrent.ThreadPoolExecutor$Worker.run(ThreadPoolExecutor.java:624)
	at java.lang.Thread.run(Thread.java:748)
2019-10-02 07:37:56,968 [java.util.concurrent.ThreadPoolExecutor$Worker@5ce288ef[State = -1, empty queue]] WARN  util.TimeoutScheduler (LogUtils.java:runAndLog(55)) - Failed to task #0: java.lang.NullPointerException
2019-10-02 07:38:01,016 [java.util.concurrent.ThreadPoolExecutor$Worker@61fe89e[State = -1, empty queue]] ERROR client.GrpcClientProtocolClient (GrpcClientProtocolClient.java:close(148)) - Unexpected exception while waiting for channel termination
java.lang.InterruptedException
	at java.util.concurrent.locks.AbstractQueuedSynchronizer.tryAcquireSharedNanos(AbstractQueuedSynchronizer.java:1326)
	at java.util.concurrent.CountDownLatch.await(CountDownLatch.java:277)
	at org.apache.ratis.thirdparty.io.grpc.internal.ManagedChannelImpl.awaitTermination(ManagedChannelImpl.java:763)
	at org.apache.ratis.thirdparty.io.grpc.internal.ForwardingManagedChannel.awaitTermination(ForwardingManagedChannel.java:57)
	at org.apache.ratis.thirdparty.io.grpc.internal.ManagedChannelOrphanWrapper.awaitTermination(ManagedChannelOrphanWrapper.java:70)
	at org.apache.ratis.grpc.client.GrpcClientProtocolClient.close(GrpcClientProtocolClient.java:146)
	at org.apache.ratis.util.PeerProxyMap$PeerAndProxy.lambda$close$1(PeerProxyMap.java:74)
	at org.apache.ratis.util.LifeCycle.lambda$checkStateAndClose$2(LifeCycle.java:231)
	at org.apache.ratis.util.LifeCycle.checkStateAndClose(LifeCycle.java:251)
	at org.apache.ratis.util.LifeCycle.checkStateAndClose(LifeCycle.java:229)
	at org.apache.ratis.util.PeerProxyMap$PeerAndProxy.close(PeerProxyMap.java:70)
	at org.apache.ratis.util.PeerProxyMap.resetProxy(PeerProxyMap.java:127)
	at org.apache.ratis.util.PeerProxyMap.handleException(PeerProxyMap.java:136)
	at org.apache.ratis.client.impl.RaftClientRpcWithProxy.handleException(RaftClientRpcWithProxy.java:47)
	at org.apache.ratis.client.impl.RaftClientImpl.handleIOException(RaftClientImpl.java:372)
	at org.apache.ratis.client.impl.OrderedAsync.lambda$sendRequest$10(OrderedAsync.java:236)
	at java.util.concurrent.CompletableFuture.uniExceptionally(CompletableFuture.java:870)
	at java.util.concurrent.CompletableFuture$UniExceptionally.tryFire(CompletableFuture.java:852)
	at java.util.concurrent.CompletableFuture.postComplete(CompletableFuture.java:474)
	at java.util.concurrent.CompletableFuture.completeExceptionally(CompletableFuture.java:1977)
	at org.apache.ratis.grpc.client.GrpcClientProtocolClient$AsyncStreamObservers.lambda$timeoutCheck$3(GrpcClientProtocolClient.java:324)
	at java.util.Optional.ifPresent(Optional.java:159)
	at org.apache.ratis.grpc.client.GrpcClientProtocolClient$AsyncStreamObservers.handleReplyFuture(GrpcClientProtocolClient.java:329)
	at org.apache.ratis.grpc.client.GrpcClientProtocolClient$AsyncStreamObservers.timeoutCheck(GrpcClientProtocolClient.java:324)
	at org.apache.ratis.grpc.client.GrpcClientProtocolClient$AsyncStreamObservers.lambda$onNext$1(GrpcClientProtocolClient.java:318)
	at org.apache.ratis.util.TimeoutScheduler.lambda$onTimeout$0(TimeoutScheduler.java:113)
	at org.apache.ratis.util.TimeoutScheduler.lambda$onTimeout$1(TimeoutScheduler.java:133)
	at org.apache.ratis.util.LogUtils.runAndLog(LogUtils.java:50)
	at org.apache.ratis.util.LogUtils$1.run(LogUtils.java:91)
	at java.util.concurrent.Executors$RunnableAdapter.call(Executors.java:511)
	at java.util.concurrent.FutureTask.run(FutureTask.java:266)
	at java.util.concurrent.ScheduledThreadPoolExecutor$ScheduledFutureTask.access$201(ScheduledThreadPoolExecutor.java:180)
	at java.util.concurrent.ScheduledThreadPoolExecutor$ScheduledFutureTask.run(ScheduledThreadPoolExecutor.java:293)
	at java.util.concurrent.ThreadPoolExecutor.runWorker(ThreadPoolExecutor.java:1149)
	at java.util.concurrent.ThreadPoolExecutor$Worker.run(ThreadPoolExecutor.java:624)
	at java.lang.Thread.run(Thread.java:748)
2019-10-02 07:38:01,017 [java.util.concurrent.ThreadPoolExecutor$Worker@61fe89e[State = -1, empty queue]] WARN  util.TimeoutScheduler (LogUtils.java:runAndLog(55)) - Failed to task #0: java.lang.NullPointerException
2019-10-02 07:38:03,430 [grpc-default-executor-6] INFO  impl.RaftServerProxy (RaftServerProxy.java:remove(95)) - 804fc30f-f23d-4bcd-9bd5-debbbb81330f: remove  FOLLOWER 804fc30f-f23d-4bcd-9bd5-debbbb81330f@group-24AFEE7F4BAB:t1, leader=e774d0d1-00b7-40b4-85b3-8faca11cae95, voted=e774d0d1-00b7-40b4-85b3-8faca11cae95, raftlog=804fc30f-f23d-4bcd-9bd5-debbbb81330f@group-24AFEE7F4BAB-SegmentedRaftLog:OPENED:c0,f2,i2, conf=0: [e774d0d1-00b7-40b4-85b3-8faca11cae95:192.168.5.178:33677, ceafac3c-b94e-436b-b57a-960890b1af34:192.168.5.178:45023, 804fc30f-f23d-4bcd-9bd5-debbbb81330f:192.168.5.178:45868], old=null RUNNING
2019-10-02 07:38:03,431 [grpc-default-executor-6] INFO  impl.RaftServerImpl (RaftServerImpl.java:lambda$shutdown$3(247)) - 804fc30f-f23d-4bcd-9bd5-debbbb81330f@group-24AFEE7F4BAB: shutdown
2019-10-02 07:38:03,431 [grpc-default-executor-6] INFO  util.JmxRegister (JmxRegister.java:unregister(73)) - Successfully un-registered JMX Bean with object name Ratis:service=RaftServer,group=group-24AFEE7F4BAB,id=804fc30f-f23d-4bcd-9bd5-debbbb81330f
2019-10-02 07:38:03,432 [grpc-default-executor-6] INFO  impl.RoleInfo (RoleInfo.java:shutdownFollowerState(121)) - 804fc30f-f23d-4bcd-9bd5-debbbb81330f: shutdown FollowerState
2019-10-02 07:38:03,432 [grpc-default-executor-6] INFO  impl.StateMachineUpdater (StateMachineUpdater.java:stopAndJoin(136)) - 804fc30f-f23d-4bcd-9bd5-debbbb81330f@group-24AFEE7F4BAB-StateMachineUpdater: set stopIndex = 0
2019-10-02 07:38:03,432 [Thread-690] INFO  impl.FollowerState (FollowerState.java:run(117)) - 804fc30f-f23d-4bcd-9bd5-debbbb81330f@group-24AFEE7F4BAB-FollowerState was interrupted: java.lang.InterruptedException: sleep interrupted
2019-10-02 07:38:03,439 [grpc-default-executor-6] INFO  impl.RaftServerImpl (ServerState.java:close(387)) - 804fc30f-f23d-4bcd-9bd5-debbbb81330f@group-24AFEE7F4BAB: closes. applyIndex: 0
2019-10-02 07:38:03,440 [804fc30f-f23d-4bcd-9bd5-debbbb81330f@group-24AFEE7F4BAB-SegmentedRaftLogWorker] INFO  segmented.SegmentedRaftLogWorker (SegmentedRaftLogWorker.java:run(316)) - 804fc30f-f23d-4bcd-9bd5-debbbb81330f@group-24AFEE7F4BAB-SegmentedRaftLogWorker was interrupted, exiting. There are 0 tasks remaining in the queue.
2019-10-02 07:38:03,442 [grpc-default-executor-6] INFO  segmented.SegmentedRaftLogWorker (SegmentedRaftLogWorker.java:close(224)) - 804fc30f-f23d-4bcd-9bd5-debbbb81330f@group-24AFEE7F4BAB-SegmentedRaftLogWorker close()
2019-10-02 07:38:03,508 [grpc-default-executor-6] INFO  interfaces.Container (KeyValueContainer.java:flushAndSyncDB(386)) - Container 3 is synced with bcsId 0.
2019-10-02 07:38:03,509 [grpc-default-executor-6] INFO  interfaces.Container (KeyValueContainer.java:flushAndSyncDB(386)) - Container 3 is synced with bcsId 0.
2019-10-02 07:38:03,526 [EventQueue-IncrementalContainerReportForIncrementalContainerReportHandler] INFO  container.IncrementalContainerReportHandler (AbstractContainerReportHandler.java:updateContainerState(169)) - Moving container #3 to QUASI_CLOSED state, datanode 804fc30f-f23d-4bcd-9bd5-debbbb81330f{ip: 192.168.5.178, host: pr-trunk-8bg6x-723665176, networkLocation: /default-rack, certSerialId: null} reported QUASI_CLOSED replica.
2019-10-02 07:38:03,531 [grpc-default-executor-6] INFO  impl.RaftServerProxy (RaftServerProxy.java:remove(95)) - e774d0d1-00b7-40b4-85b3-8faca11cae95: remove    LEADER e774d0d1-00b7-40b4-85b3-8faca11cae95@group-24AFEE7F4BAB:t1, leader=e774d0d1-00b7-40b4-85b3-8faca11cae95, voted=e774d0d1-00b7-40b4-85b3-8faca11cae95, raftlog=e774d0d1-00b7-40b4-85b3-8faca11cae95@group-24AFEE7F4BAB-SegmentedRaftLog:OPENED:c0,f0,i2, conf=0: [e774d0d1-00b7-40b4-85b3-8faca11cae95:192.168.5.178:33677, ceafac3c-b94e-436b-b57a-960890b1af34:192.168.5.178:45023, 804fc30f-f23d-4bcd-9bd5-debbbb81330f:192.168.5.178:45868], old=null RUNNING
2019-10-02 07:38:03,532 [grpc-default-executor-6] INFO  impl.RaftServerImpl (RaftServerImpl.java:lambda$shutdown$3(247)) - e774d0d1-00b7-40b4-85b3-8faca11cae95@group-24AFEE7F4BAB: shutdown
2019-10-02 07:38:03,532 [grpc-default-executor-6] INFO  util.JmxRegister (JmxRegister.java:unregister(73)) - Successfully un-registered JMX Bean with object name Ratis:service=RaftServer,group=group-24AFEE7F4BAB,id=e774d0d1-00b7-40b4-85b3-8faca11cae95
2019-10-02 07:38:03,532 [grpc-default-executor-6] INFO  impl.RoleInfo (RoleInfo.java:shutdownLeaderState(104)) - e774d0d1-00b7-40b4-85b3-8faca11cae95: shutdown LeaderState
2019-10-02 07:38:03,538 [grpc-default-executor-6] INFO  impl.PendingRequests (PendingRequests.java:sendNotLeaderResponses(202)) - e774d0d1-00b7-40b4-85b3-8faca11cae95@group-24AFEE7F4BAB-PendingRequests: sendNotLeaderResponses
2019-10-02 07:38:03,539 [org.apache.ratis.server.impl.LogAppender$AppenderDaemon$$Lambda$500/893228623@32bff268] WARN  server.GrpcLogAppender (GrpcLogAppender.java:mayWait(143)) - e774d0d1-00b7-40b4-85b3-8faca11cae95@group-24AFEE7F4BAB->ceafac3c-b94e-436b-b57a-960890b1af34-GrpcLogAppender: Wait interrupted by java.lang.InterruptedException
2019-10-02 07:38:03,539 [org.apache.ratis.server.impl.LogAppender$AppenderDaemon$$Lambda$500/893228623@67e3bce5] WARN  server.GrpcLogAppender (GrpcLogAppender.java:mayWait(143)) - e774d0d1-00b7-40b4-85b3-8faca11cae95@group-24AFEE7F4BAB->804fc30f-f23d-4bcd-9bd5-debbbb81330f-GrpcLogAppender: Wait interrupted by java.lang.InterruptedException
2019-10-02 07:38:03,544 [grpc-default-executor-7] INFO  server.GrpcServerProtocolService (GrpcServerProtocolService.java:onCompleted(113)) - ceafac3c-b94e-436b-b57a-960890b1af34: Completed APPEND_ENTRIES, lastRequest: e774d0d1-00b7-40b4-85b3-8faca11cae95->ceafac3c-b94e-436b-b57a-960890b1af34#37-t1, previous=(t:1, i:2), leaderCommit=0, initializing? false, entries: <empty>
2019-10-02 07:38:03,548 [grpc-default-executor-6] INFO  impl.StateMachineUpdater (StateMachineUpdater.java:stopAndJoin(136)) - e774d0d1-00b7-40b4-85b3-8faca11cae95@group-24AFEE7F4BAB-StateMachineUpdater: set stopIndex = 0
2019-10-02 07:38:03,548 [grpc-default-executor-8] INFO  server.GrpcServerProtocolService (GrpcServerProtocolService.java:onCompleted(113)) - 804fc30f-f23d-4bcd-9bd5-debbbb81330f: Completed APPEND_ENTRIES, lastRequest: e774d0d1-00b7-40b4-85b3-8faca11cae95->804fc30f-f23d-4bcd-9bd5-debbbb81330f#37-t1, previous=(t:1, i:2), leaderCommit=0, initializing? false, entries: <empty>
2019-10-02 07:38:03,548 [grpc-default-executor-6] INFO  impl.RaftServerImpl (ServerState.java:close(387)) - e774d0d1-00b7-40b4-85b3-8faca11cae95@group-24AFEE7F4BAB: closes. applyIndex: 0
2019-10-02 07:38:03,549 [e774d0d1-00b7-40b4-85b3-8faca11cae95@group-24AFEE7F4BAB-SegmentedRaftLogWorker] INFO  segmented.SegmentedRaftLogWorker (SegmentedRaftLogWorker.java:run(316)) - e774d0d1-00b7-40b4-85b3-8faca11cae95@group-24AFEE7F4BAB-SegmentedRaftLogWorker was interrupted, exiting. There are 0 tasks remaining in the queue.
2019-10-02 07:38:03,552 [grpc-default-executor-6] INFO  segmented.SegmentedRaftLogWorker (SegmentedRaftLogWorker.java:close(224)) - e774d0d1-00b7-40b4-85b3-8faca11cae95@group-24AFEE7F4BAB-SegmentedRaftLogWorker close()
2019-10-02 07:38:03,557 [grpc-default-executor-10] INFO  server.GrpcLogAppender (GrpcLogAppender.java:onCompleted(293)) - e774d0d1-00b7-40b4-85b3-8faca11cae95@group-24AFEE7F4BAB->804fc30f-f23d-4bcd-9bd5-debbbb81330f-AppendLogResponseHandler: follower responses appendEntries COMPLETED
2019-10-02 07:38:03,557 [grpc-default-executor-8] INFO  server.GrpcLogAppender (GrpcLogAppender.java:onCompleted(293)) - e774d0d1-00b7-40b4-85b3-8faca11cae95@group-24AFEE7F4BAB->ceafac3c-b94e-436b-b57a-960890b1af34-AppendLogResponseHandler: follower responses appendEntries COMPLETED
2019-10-02 07:38:03,567 [grpc-default-executor-10] INFO  impl.FollowerInfo (FollowerInfo.java:lambda$new$0(51)) - e774d0d1-00b7-40b4-85b3-8faca11cae95@group-24AFEE7F4BAB->804fc30f-f23d-4bcd-9bd5-debbbb81330f: nextIndex: updateUnconditionally 3 -> 2
2019-10-02 07:38:03,568 [grpc-default-executor-8] INFO  impl.FollowerInfo (FollowerInfo.java:lambda$new$0(51)) - e774d0d1-00b7-40b4-85b3-8faca11cae95@group-24AFEE7F4BAB->ceafac3c-b94e-436b-b57a-960890b1af34: nextIndex: updateUnconditionally 3 -> 2
2019-10-02 07:38:03,574 [grpc-default-executor-8] INFO  impl.RaftServerProxy (RaftServerProxy.java:remove(95)) - ceafac3c-b94e-436b-b57a-960890b1af34: remove  FOLLOWER ceafac3c-b94e-436b-b57a-960890b1af34@group-24AFEE7F4BAB:t1, leader=e774d0d1-00b7-40b4-85b3-8faca11cae95, voted=e774d0d1-00b7-40b4-85b3-8faca11cae95, raftlog=ceafac3c-b94e-436b-b57a-960890b1af34@group-24AFEE7F4BAB-SegmentedRaftLog:OPENED:c0,f2,i2, conf=0: [e774d0d1-00b7-40b4-85b3-8faca11cae95:192.168.5.178:33677, ceafac3c-b94e-436b-b57a-960890b1af34:192.168.5.178:45023, 804fc30f-f23d-4bcd-9bd5-debbbb81330f:192.168.5.178:45868], old=null RUNNING
2019-10-02 07:38:03,574 [grpc-default-executor-8] INFO  impl.RaftServerImpl (RaftServerImpl.java:lambda$shutdown$3(247)) - ceafac3c-b94e-436b-b57a-960890b1af34@group-24AFEE7F4BAB: shutdown
2019-10-02 07:38:03,575 [grpc-default-executor-8] INFO  util.JmxRegister (JmxRegister.java:unregister(73)) - Successfully un-registered JMX Bean with object name Ratis:service=RaftServer,group=group-24AFEE7F4BAB,id=ceafac3c-b94e-436b-b57a-960890b1af34
2019-10-02 07:38:03,575 [grpc-default-executor-8] INFO  impl.RoleInfo (RoleInfo.java:shutdownFollowerState(121)) - ceafac3c-b94e-436b-b57a-960890b1af34: shutdown FollowerState
2019-10-02 07:38:03,575 [grpc-default-executor-8] INFO  impl.StateMachineUpdater (StateMachineUpdater.java:stopAndJoin(136)) - ceafac3c-b94e-436b-b57a-960890b1af34@group-24AFEE7F4BAB-StateMachineUpdater: set stopIndex = 0
2019-10-02 07:38:03,575 [Thread-689] INFO  impl.FollowerState (FollowerState.java:run(117)) - ceafac3c-b94e-436b-b57a-960890b1af34@group-24AFEE7F4BAB-FollowerState was interrupted: java.lang.InterruptedException: sleep interrupted
2019-10-02 07:38:03,577 [grpc-default-executor-8] INFO  impl.RaftServerImpl (ServerState.java:close(387)) - ceafac3c-b94e-436b-b57a-960890b1af34@group-24AFEE7F4BAB: closes. applyIndex: 0
2019-10-02 07:38:03,578 [ceafac3c-b94e-436b-b57a-960890b1af34@group-24AFEE7F4BAB-SegmentedRaftLogWorker] INFO  segmented.SegmentedRaftLogWorker (SegmentedRaftLogWorker.java:run(316)) - ceafac3c-b94e-436b-b57a-960890b1af34@group-24AFEE7F4BAB-SegmentedRaftLogWorker was interrupted, exiting. There are 0 tasks remaining in the queue.
2019-10-02 07:38:03,580 [grpc-default-executor-8] INFO  segmented.SegmentedRaftLogWorker (SegmentedRaftLogWorker.java:close(224)) - ceafac3c-b94e-436b-b57a-960890b1af34@group-24AFEE7F4BAB-SegmentedRaftLogWorker close()
2019-10-02 07:38:03,643 [grpc-default-executor-8] INFO  interfaces.Container (KeyValueContainer.java:flushAndSyncDB(386)) - Container 3 is synced with bcsId 0.
2019-10-02 07:38:03,643 [grpc-default-executor-8] INFO  interfaces.Container (KeyValueContainer.java:flushAndSyncDB(386)) - Container 3 is synced with bcsId 0.
2019-10-02 07:38:03,661 [RatisPipelineUtilsThread] INFO  pipeline.PipelineStateManager (PipelineStateManager.java:removePipeline(108)) - Pipeline Pipeline[ Id: 33586eb2-d1f3-4a36-80a6-24afee7f4bab, Nodes: 804fc30f-f23d-4bcd-9bd5-debbbb81330f{ip: 192.168.5.178, host: pr-trunk-8bg6x-723665176, networkLocation: /default-rack, certSerialId: null}e774d0d1-00b7-40b4-85b3-8faca11cae95{ip: 192.168.5.178, host: pr-trunk-8bg6x-723665176, networkLocation: /default-rack, certSerialId: null}ceafac3c-b94e-436b-b57a-960890b1af34{ip: 192.168.5.178, host: pr-trunk-8bg6x-723665176, networkLocation: /default-rack, certSerialId: null}, Type:RATIS, Factor:THREE, State:CLOSED] removed from db
2019-10-02 07:38:03,666 [grpc-default-executor-8] INFO  impl.RaftServerProxy (RaftServerProxy.java:remove(95)) - 804fc30f-f23d-4bcd-9bd5-debbbb81330f: remove group-24AFEE7F4BAB:null
2019-10-02 07:38:03,676 [RatisPipelineUtilsThread] WARN  pipeline.RatisPipelineUtils (RatisPipelineUtils.java:destroyPipeline(67)) - Pipeline destroy failed for pipeline=PipelineID=33586eb2-d1f3-4a36-80a6-24afee7f4bab dn=804fc30f-f23d-4bcd-9bd5-debbbb81330f{ip: 192.168.5.178, host: pr-trunk-8bg6x-723665176, networkLocation: /default-rack, certSerialId: null}
2019-10-02 07:38:03,681 [grpc-default-executor-8] INFO  impl.RaftServerProxy (RaftServerProxy.java:remove(95)) - e774d0d1-00b7-40b4-85b3-8faca11cae95: remove group-24AFEE7F4BAB:null
2019-10-02 07:38:03,689 [RatisPipelineUtilsThread] WARN  pipeline.RatisPipelineUtils (RatisPipelineUtils.java:destroyPipeline(67)) - Pipeline destroy failed for pipeline=PipelineID=33586eb2-d1f3-4a36-80a6-24afee7f4bab dn=e774d0d1-00b7-40b4-85b3-8faca11cae95{ip: 192.168.5.178, host: pr-trunk-8bg6x-723665176, networkLocation: /default-rack, certSerialId: null}
2019-10-02 07:38:03,692 [grpc-default-executor-8] INFO  impl.RaftServerProxy (RaftServerProxy.java:remove(95)) - ceafac3c-b94e-436b-b57a-960890b1af34: remove group-24AFEE7F4BAB:null
2019-10-02 07:38:03,699 [RatisPipelineUtilsThread] WARN  pipeline.RatisPipelineUtils (RatisPipelineUtils.java:destroyPipeline(67)) - Pipeline destroy failed for pipeline=PipelineID=33586eb2-d1f3-4a36-80a6-24afee7f4bab dn=ceafac3c-b94e-436b-b57a-960890b1af34{ip: 192.168.5.178, host: pr-trunk-8bg6x-723665176, networkLocation: /default-rack, certSerialId: null}
2019-10-02 07:38:03,700 [RatisPipelineUtilsThread] ERROR pipeline.SCMPipelineManager (Scheduler.java:lambda$schedule$1(70)) - Destroy pipeline failed for pipeline:Pipeline[ Id: 33586eb2-d1f3-4a36-80a6-24afee7f4bab, Nodes: 804fc30f-f23d-4bcd-9bd5-debbbb81330f{ip: 192.168.5.178, host: pr-trunk-8bg6x-723665176, networkLocation: /default-rack, certSerialId: null}e774d0d1-00b7-40b4-85b3-8faca11cae95{ip: 192.168.5.178, host: pr-trunk-8bg6x-723665176, networkLocation: /default-rack, certSerialId: null}ceafac3c-b94e-436b-b57a-960890b1af34{ip: 192.168.5.178, host: pr-trunk-8bg6x-723665176, networkLocation: /default-rack, certSerialId: null}, Type:RATIS, Factor:THREE, State:CLOSED]
org.apache.hadoop.hdds.scm.pipeline.PipelineNotFoundException: PipelineID=33586eb2-d1f3-4a36-80a6-24afee7f4bab not found
	at org.apache.hadoop.hdds.scm.pipeline.PipelineStateMap.getPipeline(PipelineStateMap.java:132)
	at org.apache.hadoop.hdds.scm.pipeline.PipelineStateMap.removePipeline(PipelineStateMap.java:322)
	at org.apache.hadoop.hdds.scm.pipeline.PipelineStateManager.removePipeline(PipelineStateManager.java:107)
	at org.apache.hadoop.hdds.scm.pipeline.SCMPipelineManager.removePipeline(SCMPipelineManager.java:427)
	at org.apache.hadoop.hdds.scm.pipeline.SCMPipelineManager.destroyPipeline(SCMPipelineManager.java:413)
	at org.apache.hadoop.hdds.scm.pipeline.SCMPipelineManager.lambda$finalizeAndDestroyPipeline$0(SCMPipelineManager.java:322)
	at org.apache.hadoop.hdds.utils.Scheduler.lambda$schedule$1(Scheduler.java:68)
	at java.util.concurrent.Executors$RunnableAdapter.call(Executors.java:511)
	at java.util.concurrent.FutureTask.run(FutureTask.java:266)
	at java.util.concurrent.ScheduledThreadPoolExecutor$ScheduledFutureTask.access$201(ScheduledThreadPoolExecutor.java:180)
	at java.util.concurrent.ScheduledThreadPoolExecutor$ScheduledFutureTask.run(ScheduledThreadPoolExecutor.java:293)
	at java.util.concurrent.ThreadPoolExecutor.runWorker(ThreadPoolExecutor.java:1149)
	at java.util.concurrent.ThreadPoolExecutor$Worker.run(ThreadPoolExecutor.java:624)
	at java.lang.Thread.run(Thread.java:748)
2019-10-02 07:38:03,708 [grpc-default-executor-11] INFO  impl.RaftServerProxy (RaftServerProxy.java:addNew(89)) - e774d0d1-00b7-40b4-85b3-8faca11cae95: addNew group-9A9F18567D5E:[e774d0d1-00b7-40b4-85b3-8faca11cae95:192.168.5.178:33677, ceafac3c-b94e-436b-b57a-960890b1af34:192.168.5.178:45023, 804fc30f-f23d-4bcd-9bd5-debbbb81330f:192.168.5.178:45868] returns group-9A9F18567D5E:java.util.concurrent.CompletableFuture@627c0180[Not completed]
2019-10-02 07:38:03,708 [grpc-default-executor-10] INFO  impl.RaftServerProxy (RaftServerProxy.java:addNew(89)) - ceafac3c-b94e-436b-b57a-960890b1af34: addNew group-9A9F18567D5E:[e774d0d1-00b7-40b4-85b3-8faca11cae95:192.168.5.178:33677, ceafac3c-b94e-436b-b57a-960890b1af34:192.168.5.178:45023, 804fc30f-f23d-4bcd-9bd5-debbbb81330f:192.168.5.178:45868] returns group-9A9F18567D5E:java.util.concurrent.CompletableFuture@48c21924[Not completed]
2019-10-02 07:38:03,708 [grpc-default-executor-8] INFO  impl.RaftServerProxy (RaftServerProxy.java:addNew(89)) - 804fc30f-f23d-4bcd-9bd5-debbbb81330f: addNew group-9A9F18567D5E:[e774d0d1-00b7-40b4-85b3-8faca11cae95:192.168.5.178:33677, ceafac3c-b94e-436b-b57a-960890b1af34:192.168.5.178:45023, 804fc30f-f23d-4bcd-9bd5-debbbb81330f:192.168.5.178:45868] returns group-9A9F18567D5E:java.util.concurrent.CompletableFuture@78be0fd2[Not completed]
2019-10-02 07:38:03,713 [pool-87-thread-1] INFO  impl.RaftServerImpl (RaftServerImpl.java:<init>(95)) - e774d0d1-00b7-40b4-85b3-8faca11cae95: new RaftServerImpl for group-9A9F18567D5E:[e774d0d1-00b7-40b4-85b3-8faca11cae95:192.168.5.178:33677, ceafac3c-b94e-436b-b57a-960890b1af34:192.168.5.178:45023, 804fc30f-f23d-4bcd-9bd5-debbbb81330f:192.168.5.178:45868] with ContainerStateMachine:uninitialized
2019-10-02 07:38:03,714 [pool-87-thread-1] INFO  server.RaftServerConfigKeys (ConfUtils.java:logGet(43)) - raft.server.rpc.timeout.min = 5s (custom)
2019-10-02 07:38:03,714 [pool-87-thread-1] INFO  server.RaftServerConfigKeys (ConfUtils.java:logGet(43)) - raft.server.rpc.timeout.max = 5200ms (custom)
2019-10-02 07:38:03,714 [pool-87-thread-1] INFO  server.RaftServerConfigKeys (ConfUtils.java:logGet(43)) - raft.server.rpcslowness.timeout = 120s (custom)
2019-10-02 07:38:03,714 [pool-87-thread-1] INFO  server.RaftServerConfigKeys (ConfUtils.java:logGet(43)) - raft.server.sleep.deviation.threshold = 300 (default)
2019-10-02 07:38:03,715 [pool-87-thread-1] INFO  server.RaftServerConfigKeys (ConfUtils.java:logGet(43)) - raft.server.log.appender.install.snapshot.enabled = false (custom)
2019-10-02 07:38:03,715 [pool-67-thread-1] INFO  impl.RaftServerImpl (RaftServerImpl.java:<init>(95)) - ceafac3c-b94e-436b-b57a-960890b1af34: new RaftServerImpl for group-9A9F18567D5E:[e774d0d1-00b7-40b4-85b3-8faca11cae95:192.168.5.178:33677, ceafac3c-b94e-436b-b57a-960890b1af34:192.168.5.178:45023, 804fc30f-f23d-4bcd-9bd5-debbbb81330f:192.168.5.178:45868] with ContainerStateMachine:uninitialized
2019-10-02 07:38:03,715 [pool-87-thread-1] INFO  impl.RaftServerImpl (ServerState.java:<init>(103)) - e774d0d1-00b7-40b4-85b3-8faca11cae95@group-9A9F18567D5E: ConfigurationManager, init=-1: [e774d0d1-00b7-40b4-85b3-8faca11cae95:192.168.5.178:33677, ceafac3c-b94e-436b-b57a-960890b1af34:192.168.5.178:45023, 804fc30f-f23d-4bcd-9bd5-debbbb81330f:192.168.5.178:45868], old=null, confs=<EMPTY_MAP>
2019-10-02 07:38:03,715 [pool-67-thread-1] INFO  server.RaftServerConfigKeys (ConfUtils.java:logGet(43)) - raft.server.rpc.timeout.min = 5s (custom)
2019-10-02 07:38:03,715 [pool-87-thread-1] INFO  server.RaftServerConfigKeys (ConfUtils.java:logGet(43)) - raft.server.storage.dir = [/workdir/hadoop-ozone/integration-test/target/test-dir/MiniOzoneClusterImpl-2816ce32-9f3d-4212-87e4-3e92bc85cde0/datanode-6/data/ratis] (custom)
2019-10-02 07:38:03,715 [pool-67-thread-1] INFO  server.RaftServerConfigKeys (ConfUtils.java:logGet(43)) - raft.server.rpc.timeout.max = 5200ms (custom)
2019-10-02 07:38:03,716 [pool-67-thread-1] INFO  server.RaftServerConfigKeys (ConfUtils.java:logGet(43)) - raft.server.rpcslowness.timeout = 120s (custom)
2019-10-02 07:38:03,716 [pool-27-thread-1] INFO  impl.RaftServerImpl (RaftServerImpl.java:<init>(95)) - 804fc30f-f23d-4bcd-9bd5-debbbb81330f: new RaftServerImpl for group-9A9F18567D5E:[e774d0d1-00b7-40b4-85b3-8faca11cae95:192.168.5.178:33677, ceafac3c-b94e-436b-b57a-960890b1af34:192.168.5.178:45023, 804fc30f-f23d-4bcd-9bd5-debbbb81330f:192.168.5.178:45868] with ContainerStateMachine:uninitialized
2019-10-02 07:38:03,716 [pool-87-thread-1] INFO  server.RaftServerConfigKeys (ConfUtils.java:logGet(43)) - raft.server.log.corruption.policy = EXCEPTION (default)
2019-10-02 07:38:03,716 [pool-67-thread-1] INFO  server.RaftServerConfigKeys (ConfUtils.java:logGet(43)) - raft.server.sleep.deviation.threshold = 300 (default)
2019-10-02 07:38:03,716 [pool-87-thread-1] INFO  storage.RaftStorageDirectory (RaftStorageDirectory.java:analyzeStorage(246)) - The storage directory /workdir/hadoop-ozone/integration-test/target/test-dir/MiniOzoneClusterImpl-2816ce32-9f3d-4212-87e4-3e92bc85cde0/datanode-6/data/ratis/49fb0971-d671-40b0-9ab2-9a9f18567d5e does not exist. Creating ...
2019-10-02 07:38:03,716 [pool-27-thread-1] INFO  server.RaftServerConfigKeys (ConfUtils.java:logGet(43)) - raft.server.rpc.timeout.min = 5s (custom)
2019-10-02 07:38:03,716 [pool-67-thread-1] INFO  server.RaftServerConfigKeys (ConfUtils.java:logGet(43)) - raft.server.log.appender.install.snapshot.enabled = false (custom)
2019-10-02 07:38:03,717 [pool-27-thread-1] INFO  server.RaftServerConfigKeys (ConfUtils.java:logGet(43)) - raft.server.rpc.timeout.max = 5200ms (custom)
2019-10-02 07:38:03,717 [pool-67-thread-1] INFO  impl.RaftServerImpl (ServerState.java:<init>(103)) - ceafac3c-b94e-436b-b57a-960890b1af34@group-9A9F18567D5E: ConfigurationManager, init=-1: [e774d0d1-00b7-40b4-85b3-8faca11cae95:192.168.5.178:33677, ceafac3c-b94e-436b-b57a-960890b1af34:192.168.5.178:45023, 804fc30f-f23d-4bcd-9bd5-debbbb81330f:192.168.5.178:45868], old=null, confs=<EMPTY_MAP>
2019-10-02 07:38:03,717 [pool-27-thread-1] INFO  server.RaftServerConfigKeys (ConfUtils.java:logGet(43)) - raft.server.rpcslowness.timeout = 120s (custom)
2019-10-02 07:38:03,717 [pool-67-thread-1] INFO  server.RaftServerConfigKeys (ConfUtils.java:logGet(43)) - raft.server.storage.dir = [/workdir/hadoop-ozone/integration-test/target/test-dir/MiniOzoneClusterImpl-2816ce32-9f3d-4212-87e4-3e92bc85cde0/datanode-4/data/ratis] (custom)
2019-10-02 07:38:03,717 [pool-27-thread-1] INFO  server.RaftServerConfigKeys (ConfUtils.java:logGet(43)) - raft.server.sleep.deviation.threshold = 300 (default)
2019-10-02 07:38:03,718 [pool-27-thread-1] INFO  server.RaftServerConfigKeys (ConfUtils.java:logGet(43)) - raft.server.log.appender.install.snapshot.enabled = false (custom)
2019-10-02 07:38:03,718 [pool-67-thread-1] INFO  server.RaftServerConfigKeys (ConfUtils.java:logGet(43)) - raft.server.log.corruption.policy = EXCEPTION (default)
2019-10-02 07:38:03,718 [pool-27-thread-1] INFO  impl.RaftServerImpl (ServerState.java:<init>(103)) - 804fc30f-f23d-4bcd-9bd5-debbbb81330f@group-9A9F18567D5E: ConfigurationManager, init=-1: [e774d0d1-00b7-40b4-85b3-8faca11cae95:192.168.5.178:33677, ceafac3c-b94e-436b-b57a-960890b1af34:192.168.5.178:45023, 804fc30f-f23d-4bcd-9bd5-debbbb81330f:192.168.5.178:45868], old=null, confs=<EMPTY_MAP>
2019-10-02 07:38:03,718 [pool-67-thread-1] INFO  storage.RaftStorageDirectory (RaftStorageDirectory.java:analyzeStorage(246)) - The storage directory /workdir/hadoop-ozone/integration-test/target/test-dir/MiniOzoneClusterImpl-2816ce32-9f3d-4212-87e4-3e92bc85cde0/datanode-4/data/ratis/49fb0971-d671-40b0-9ab2-9a9f18567d5e does not exist. Creating ...
2019-10-02 07:38:03,718 [pool-27-thread-1] INFO  server.RaftServerConfigKeys (ConfUtils.java:logGet(43)) - raft.server.storage.dir = [/workdir/hadoop-ozone/integration-test/target/test-dir/MiniOzoneClusterImpl-2816ce32-9f3d-4212-87e4-3e92bc85cde0/datanode-0/data/ratis] (custom)
2019-10-02 07:38:03,719 [pool-27-thread-1] INFO  server.RaftServerConfigKeys (ConfUtils.java:logGet(43)) - raft.server.log.corruption.policy = EXCEPTION (default)
2019-10-02 07:38:03,719 [pool-27-thread-1] INFO  storage.RaftStorageDirectory (RaftStorageDirectory.java:analyzeStorage(246)) - The storage directory /workdir/hadoop-ozone/integration-test/target/test-dir/MiniOzoneClusterImpl-2816ce32-9f3d-4212-87e4-3e92bc85cde0/datanode-0/data/ratis/49fb0971-d671-40b0-9ab2-9a9f18567d5e does not exist. Creating ...
2019-10-02 07:38:03,728 [pool-67-thread-1] INFO  storage.RaftStorageDirectory (RaftStorageDirectory.java:tryLock(328)) - Lock on /workdir/hadoop-ozone/integration-test/target/test-dir/MiniOzoneClusterImpl-2816ce32-9f3d-4212-87e4-3e92bc85cde0/datanode-4/data/ratis/49fb0971-d671-40b0-9ab2-9a9f18567d5e/in_use.lock acquired by nodename 1188@pr-trunk-8bg6x-723665176
2019-10-02 07:38:03,728 [pool-87-thread-1] INFO  storage.RaftStorageDirectory (RaftStorageDirectory.java:tryLock(328)) - Lock on /workdir/hadoop-ozone/integration-test/target/test-dir/MiniOzoneClusterImpl-2816ce32-9f3d-4212-87e4-3e92bc85cde0/datanode-6/data/ratis/49fb0971-d671-40b0-9ab2-9a9f18567d5e/in_use.lock acquired by nodename 1188@pr-trunk-8bg6x-723665176
2019-10-02 07:38:03,728 [pool-27-thread-1] INFO  storage.RaftStorageDirectory (RaftStorageDirectory.java:tryLock(328)) - Lock on /workdir/hadoop-ozone/integration-test/target/test-dir/MiniOzoneClusterImpl-2816ce32-9f3d-4212-87e4-3e92bc85cde0/datanode-0/data/ratis/49fb0971-d671-40b0-9ab2-9a9f18567d5e/in_use.lock acquired by nodename 1188@pr-trunk-8bg6x-723665176
2019-10-02 07:38:03,749 [pool-67-thread-1] INFO  storage.RaftStorage (RaftStorage.java:format(84)) - Storage directory /workdir/hadoop-ozone/integration-test/target/test-dir/MiniOzoneClusterImpl-2816ce32-9f3d-4212-87e4-3e92bc85cde0/datanode-4/data/ratis/49fb0971-d671-40b0-9ab2-9a9f18567d5e has been successfully formatted.
2019-10-02 07:38:03,749 [pool-87-thread-1] INFO  storage.RaftStorage (RaftStorage.java:format(84)) - Storage directory /workdir/hadoop-ozone/integration-test/target/test-dir/MiniOzoneClusterImpl-2816ce32-9f3d-4212-87e4-3e92bc85cde0/datanode-6/data/ratis/49fb0971-d671-40b0-9ab2-9a9f18567d5e has been successfully formatted.
2019-10-02 07:38:03,749 [pool-27-thread-1] INFO  storage.RaftStorage (RaftStorage.java:format(84)) - Storage directory /workdir/hadoop-ozone/integration-test/target/test-dir/MiniOzoneClusterImpl-2816ce32-9f3d-4212-87e4-3e92bc85cde0/datanode-0/data/ratis/49fb0971-d671-40b0-9ab2-9a9f18567d5e has been successfully formatted.
2019-10-02 07:38:03,749 [pool-67-thread-1] INFO  ratis.ContainerStateMachine (ContainerStateMachine.java:loadSnapshot(231)) - group-9A9F18567D5E: The snapshot info is null. Setting the last applied indexto:(t:0, i:~)
2019-10-02 07:38:03,749 [pool-87-thread-1] INFO  ratis.ContainerStateMachine (ContainerStateMachine.java:loadSnapshot(231)) - group-9A9F18567D5E: The snapshot info is null. Setting the last applied indexto:(t:0, i:~)
2019-10-02 07:38:03,749 [pool-27-thread-1] INFO  ratis.ContainerStateMachine (ContainerStateMachine.java:loadSnapshot(231)) - group-9A9F18567D5E: The snapshot info is null. Setting the last applied indexto:(t:0, i:~)
2019-10-02 07:38:03,750 [pool-87-thread-1] INFO  server.RaftServerConfigKeys (ConfUtils.java:logGet(43)) - raft.server.notification.no-leader.timeout = 120s (custom)
2019-10-02 07:38:03,749 [pool-67-thread-1] INFO  server.RaftServerConfigKeys (ConfUtils.java:logGet(43)) - raft.server.notification.no-leader.timeout = 120s (custom)
2019-10-02 07:38:03,750 [pool-87-thread-1] INFO  server.RaftServerConfigKeys (ConfUtils.java:logGet(43)) - raft.server.log.use.memory = false (default)
2019-10-02 07:38:03,750 [pool-27-thread-1] INFO  server.RaftServerConfigKeys (ConfUtils.java:logGet(43)) - raft.server.notification.no-leader.timeout = 120s (custom)
2019-10-02 07:38:03,750 [pool-87-thread-1] INFO  server.RaftServerConfigKeys (ConfUtils.java:logGet(43)) - raft.server.log.purge.gap = 1000000 (custom)
2019-10-02 07:38:03,750 [pool-67-thread-1] INFO  server.RaftServerConfigKeys (ConfUtils.java:logGet(43)) - raft.server.log.use.memory = false (default)
2019-10-02 07:38:03,750 [pool-87-thread-1] INFO  server.RaftServerConfigKeys (ConfUtils.java:logGet(43)) - raft.server.log.appender.buffer.byte-limit = 33554432 (custom)
2019-10-02 07:38:03,750 [pool-27-thread-1] INFO  server.RaftServerConfigKeys (ConfUtils.java:logGet(43)) - raft.server.log.use.memory = false (default)
2019-10-02 07:38:03,751 [pool-87-thread-1] INFO  server.RaftServerConfigKeys (ConfUtils.java:logGet(43)) - raft.server.log.segment.size.max = 1048576 (custom)
2019-10-02 07:38:03,751 [pool-67-thread-1] INFO  server.RaftServerConfigKeys (ConfUtils.java:logGet(43)) - raft.server.log.purge.gap = 1000000 (custom)
2019-10-02 07:38:03,751 [pool-87-thread-1] INFO  server.RaftServerConfigKeys (ConfUtils.java:logGet(43)) - raft.server.log.segment.cache.num.max = 2 (custom)
2019-10-02 07:38:03,751 [pool-27-thread-1] INFO  server.RaftServerConfigKeys (ConfUtils.java:logGet(43)) - raft.server.log.purge.gap = 1000000 (custom)
2019-10-02 07:38:03,751 [pool-87-thread-1] INFO  segmented.SegmentedRaftLogWorker (SegmentedRaftLogWorker.java:<init>(173)) - new e774d0d1-00b7-40b4-85b3-8faca11cae95@group-9A9F18567D5E-SegmentedRaftLogWorker for RaftStorage:Storage Directory /workdir/hadoop-ozone/integration-test/target/test-dir/MiniOzoneClusterImpl-2816ce32-9f3d-4212-87e4-3e92bc85cde0/datanode-6/data/ratis/49fb0971-d671-40b0-9ab2-9a9f18567d5e
2019-10-02 07:38:03,751 [pool-67-thread-1] INFO  server.RaftServerConfigKeys (ConfUtils.java:logGet(43)) - raft.server.log.appender.buffer.byte-limit = 33554432 (custom)
2019-10-02 07:38:03,752 [pool-87-thread-1] INFO  server.RaftServerConfigKeys (ConfUtils.java:logGet(43)) - raft.server.log.queue.byte-limit = 2147483647 (custom)
2019-10-02 07:38:03,752 [pool-27-thread-1] INFO  server.RaftServerConfigKeys (ConfUtils.java:logGet(43)) - raft.server.log.appender.buffer.byte-limit = 33554432 (custom)
2019-10-02 07:38:03,752 [pool-87-thread-1] INFO  server.RaftServerConfigKeys (ConfUtils.java:logGet(43)) - raft.server.log.queue.element-limit = 1024 (custom)
2019-10-02 07:38:03,752 [pool-67-thread-1] INFO  server.RaftServerConfigKeys (ConfUtils.java:logGet(43)) - raft.server.log.segment.size.max = 1048576 (custom)
2019-10-02 07:38:03,752 [pool-87-thread-1] INFO  server.RaftServerConfigKeys (ConfUtils.java:logGet(43)) - raft.server.log.segment.size.max = 1048576 (custom)
2019-10-02 07:38:03,752 [pool-27-thread-1] INFO  server.RaftServerConfigKeys (ConfUtils.java:logGet(43)) - raft.server.log.segment.size.max = 1048576 (custom)
2019-10-02 07:38:03,752 [pool-87-thread-1] INFO  server.RaftServerConfigKeys (ConfUtils.java:logGet(43)) - raft.server.log.preallocated.size = 16384 (custom)
2019-10-02 07:38:03,752 [pool-67-thread-1] INFO  server.RaftServerConfigKeys (ConfUtils.java:logGet(43)) - raft.server.log.segment.cache.num.max = 2 (custom)
2019-10-02 07:38:03,753 [pool-87-thread-1] INFO  server.RaftServerConfigKeys (ConfUtils.java:logGet(43)) - raft.server.log.write.buffer.size = 33554432 (custom)
2019-10-02 07:38:03,753 [pool-27-thread-1] INFO  server.RaftServerConfigKeys (ConfUtils.java:logGet(43)) - raft.server.log.segment.cache.num.max = 2 (custom)
2019-10-02 07:38:03,753 [pool-87-thread-1] INFO  server.RaftServerConfigKeys (ConfUtils.java:logGet(43)) - raft.server.log.force.sync.num = 128 (default)
2019-10-02 07:38:03,753 [pool-67-thread-1] INFO  segmented.SegmentedRaftLogWorker (SegmentedRaftLogWorker.java:<init>(173)) - new ceafac3c-b94e-436b-b57a-960890b1af34@group-9A9F18567D5E-SegmentedRaftLogWorker for RaftStorage:Storage Directory /workdir/hadoop-ozone/integration-test/target/test-dir/MiniOzoneClusterImpl-2816ce32-9f3d-4212-87e4-3e92bc85cde0/datanode-4/data/ratis/49fb0971-d671-40b0-9ab2-9a9f18567d5e
2019-10-02 07:38:03,753 [pool-87-thread-1] INFO  server.RaftServerConfigKeys (ConfUtils.java:logGet(43)) - raft.server.log.statemachine.data.sync = true (default)
2019-10-02 07:38:03,753 [pool-27-thread-1] INFO  segmented.SegmentedRaftLogWorker (SegmentedRaftLogWorker.java:<init>(173)) - new 804fc30f-f23d-4bcd-9bd5-debbbb81330f@group-9A9F18567D5E-SegmentedRaftLogWorker for RaftStorage:Storage Directory /workdir/hadoop-ozone/integration-test/target/test-dir/MiniOzoneClusterImpl-2816ce32-9f3d-4212-87e4-3e92bc85cde0/datanode-0/data/ratis/49fb0971-d671-40b0-9ab2-9a9f18567d5e
2019-10-02 07:38:03,754 [pool-87-thread-1] INFO  server.RaftServerConfigKeys (ConfUtils.java:logGet(43)) - raft.server.log.statemachine.data.sync.timeout = 10s (default)
2019-10-02 07:38:03,753 [pool-67-thread-1] INFO  server.RaftServerConfigKeys (ConfUtils.java:logGet(43)) - raft.server.log.queue.byte-limit = 2147483647 (custom)
2019-10-02 07:38:03,754 [pool-87-thread-1] INFO  server.RaftServerConfigKeys (ConfUtils.java:logGet(43)) - raft.server.log.statemachine.data.sync.timeout.retry = -1 (default)
2019-10-02 07:38:03,754 [pool-27-thread-1] INFO  server.RaftServerConfigKeys (ConfUtils.java:logGet(43)) - raft.server.log.queue.byte-limit = 2147483647 (custom)
2019-10-02 07:38:03,754 [pool-67-thread-1] INFO  server.RaftServerConfigKeys (ConfUtils.java:logGet(43)) - raft.server.log.queue.element-limit = 1024 (custom)
2019-10-02 07:38:03,754 [pool-87-thread-1] INFO  server.RaftServerConfigKeys (ConfUtils.java:logGet(43)) - raft.server.log.statemachine.data.caching.enabled = true (custom)
2019-10-02 07:38:03,754 [pool-27-thread-1] INFO  server.RaftServerConfigKeys (ConfUtils.java:logGet(43)) - raft.server.log.queue.element-limit = 1024 (custom)
2019-10-02 07:38:03,755 [pool-67-thread-1] INFO  server.RaftServerConfigKeys (ConfUtils.java:logGet(43)) - raft.server.log.segment.size.max = 1048576 (custom)
2019-10-02 07:38:03,755 [pool-87-thread-1] INFO  segmented.SegmentedRaftLogWorker (SegmentedRaftLogWorker.java:lambda$new$0(128)) - e774d0d1-00b7-40b4-85b3-8faca11cae95@group-9A9F18567D5E-SegmentedRaftLogWorker: flushIndex: setUnconditionally 0 -> -1
2019-10-02 07:38:03,755 [pool-27-thread-1] INFO  server.RaftServerConfigKeys (ConfUtils.java:logGet(43)) - raft.server.log.segment.size.max = 1048576 (custom)
2019-10-02 07:38:03,755 [pool-67-thread-1] INFO  server.RaftServerConfigKeys (ConfUtils.java:logGet(43)) - raft.server.log.preallocated.size = 16384 (custom)
2019-10-02 07:38:03,755 [pool-27-thread-1] INFO  server.RaftServerConfigKeys (ConfUtils.java:logGet(43)) - raft.server.log.preallocated.size = 16384 (custom)
2019-10-02 07:38:03,755 [pool-87-thread-1] INFO  server.RaftServerConfigKeys (ConfUtils.java:logGet(43)) - raft.server.snapshot.auto.trigger.enabled = true (custom)
2019-10-02 07:38:03,755 [pool-67-thread-1] INFO  server.RaftServerConfigKeys (ConfUtils.java:logGet(43)) - raft.server.log.write.buffer.size = 33554432 (custom)
2019-10-02 07:38:03,756 [pool-87-thread-1] INFO  server.RaftServerConfigKeys (ConfUtils.java:logGet(43)) - raft.server.snapshot.auto.trigger.threshold = 10000 (custom)
2019-10-02 07:38:03,756 [pool-27-thread-1] INFO  server.RaftServerConfigKeys (ConfUtils.java:logGet(43)) - raft.server.log.write.buffer.size = 33554432 (custom)
2019-10-02 07:38:03,756 [pool-87-thread-1] INFO  server.RaftServerConfigKeys (ConfUtils.java:logGet(43)) - raft.server.snapshot.retention.file.num = 5 (custom)
2019-10-02 07:38:03,756 [pool-67-thread-1] INFO  server.RaftServerConfigKeys (ConfUtils.java:logGet(43)) - raft.server.log.force.sync.num = 128 (default)
2019-10-02 07:38:03,756 [pool-87-thread-1] INFO  server.RaftServerConfigKeys (ConfUtils.java:logGet(43)) - raft.server.retrycache.expirytime = 600000ms (custom)
2019-10-02 07:38:03,756 [pool-27-thread-1] INFO  server.RaftServerConfigKeys (ConfUtils.java:logGet(43)) - raft.server.log.force.sync.num = 128 (default)
2019-10-02 07:38:03,757 [pool-67-thread-1] INFO  server.RaftServerConfigKeys (ConfUtils.java:logGet(43)) - raft.server.log.statemachine.data.sync = true (default)
2019-10-02 07:38:03,757 [pool-27-thread-1] INFO  server.RaftServerConfigKeys (ConfUtils.java:logGet(43)) - raft.server.log.statemachine.data.sync = true (default)
2019-10-02 07:38:03,757 [pool-67-thread-1] INFO  server.RaftServerConfigKeys (ConfUtils.java:logGet(43)) - raft.server.log.statemachine.data.sync.timeout = 10s (default)
2019-10-02 07:38:03,757 [pool-27-thread-1] INFO  server.RaftServerConfigKeys (ConfUtils.java:logGet(43)) - raft.server.log.statemachine.data.sync.timeout = 10s (default)
2019-10-02 07:38:03,757 [pool-67-thread-1] INFO  server.RaftServerConfigKeys (ConfUtils.java:logGet(43)) - raft.server.log.statemachine.data.sync.timeout.retry = -1 (default)
2019-10-02 07:38:03,757 [pool-27-thread-1] INFO  server.RaftServerConfigKeys (ConfUtils.java:logGet(43)) - raft.server.log.statemachine.data.sync.timeout.retry = -1 (default)
2019-10-02 07:38:03,758 [pool-67-thread-1] INFO  server.RaftServerConfigKeys (ConfUtils.java:logGet(43)) - raft.server.log.statemachine.data.caching.enabled = true (custom)
2019-10-02 07:38:03,758 [pool-27-thread-1] INFO  server.RaftServerConfigKeys (ConfUtils.java:logGet(43)) - raft.server.log.statemachine.data.caching.enabled = true (custom)
2019-10-02 07:38:03,758 [pool-27-thread-1] INFO  segmented.SegmentedRaftLogWorker (SegmentedRaftLogWorker.java:lambda$new$0(128)) - 804fc30f-f23d-4bcd-9bd5-debbbb81330f@group-9A9F18567D5E-SegmentedRaftLogWorker: flushIndex: setUnconditionally 0 -> -1
2019-10-02 07:38:03,758 [pool-67-thread-1] INFO  segmented.SegmentedRaftLogWorker (SegmentedRaftLogWorker.java:lambda$new$0(128)) - ceafac3c-b94e-436b-b57a-960890b1af34@group-9A9F18567D5E-SegmentedRaftLogWorker: flushIndex: setUnconditionally 0 -> -1
2019-10-02 07:38:03,758 [pool-27-thread-1] INFO  server.RaftServerConfigKeys (ConfUtils.java:logGet(43)) - raft.server.snapshot.auto.trigger.enabled = true (custom)
2019-10-02 07:38:03,758 [pool-27-thread-1] INFO  server.RaftServerConfigKeys (ConfUtils.java:logGet(43)) - raft.server.snapshot.auto.trigger.threshold = 10000 (custom)
2019-10-02 07:38:03,759 [pool-27-thread-1] INFO  server.RaftServerConfigKeys (ConfUtils.java:logGet(43)) - raft.server.snapshot.retention.file.num = 5 (custom)
2019-10-02 07:38:03,759 [pool-67-thread-1] INFO  server.RaftServerConfigKeys (ConfUtils.java:logGet(43)) - raft.server.snapshot.auto.trigger.enabled = true (custom)
2019-10-02 07:38:03,759 [pool-27-thread-1] INFO  server.RaftServerConfigKeys (ConfUtils.java:logGet(43)) - raft.server.retrycache.expirytime = 600000ms (custom)
2019-10-02 07:38:03,759 [pool-67-thread-1] INFO  server.RaftServerConfigKeys (ConfUtils.java:logGet(43)) - raft.server.snapshot.auto.trigger.threshold = 10000 (custom)
2019-10-02 07:38:03,759 [pool-67-thread-1] INFO  server.RaftServerConfigKeys (ConfUtils.java:logGet(43)) - raft.server.snapshot.retention.file.num = 5 (custom)
2019-10-02 07:38:03,759 [pool-67-thread-1] INFO  server.RaftServerConfigKeys (ConfUtils.java:logGet(43)) - raft.server.retrycache.expirytime = 600000ms (custom)
2019-10-02 07:38:03,761 [pool-87-thread-1] INFO  impl.RaftServerImpl (RaftServerImpl.java:start(181)) - e774d0d1-00b7-40b4-85b3-8faca11cae95@group-9A9F18567D5E: start as a follower, conf=-1: [e774d0d1-00b7-40b4-85b3-8faca11cae95:192.168.5.178:33677, ceafac3c-b94e-436b-b57a-960890b1af34:192.168.5.178:45023, 804fc30f-f23d-4bcd-9bd5-debbbb81330f:192.168.5.178:45868], old=null
2019-10-02 07:38:03,761 [pool-87-thread-1] INFO  impl.RaftServerImpl (RaftServerImpl.java:setRole(170)) - e774d0d1-00b7-40b4-85b3-8faca11cae95@group-9A9F18567D5E: changes role from      null to FOLLOWER at term 0 for startAsFollower
2019-10-02 07:38:03,761 [pool-87-thread-1] INFO  impl.RoleInfo (RoleInfo.java:updateAndGet(143)) - e774d0d1-00b7-40b4-85b3-8faca11cae95: start FollowerState
2019-10-02 07:38:03,761 [pool-27-thread-1] INFO  impl.RaftServerImpl (RaftServerImpl.java:start(181)) - 804fc30f-f23d-4bcd-9bd5-debbbb81330f@group-9A9F18567D5E: start as a follower, conf=-1: [e774d0d1-00b7-40b4-85b3-8faca11cae95:192.168.5.178:33677, ceafac3c-b94e-436b-b57a-960890b1af34:192.168.5.178:45023, 804fc30f-f23d-4bcd-9bd5-debbbb81330f:192.168.5.178:45868], old=null
2019-10-02 07:38:03,762 [pool-27-thread-1] INFO  impl.RaftServerImpl (RaftServerImpl.java:setRole(170)) - 804fc30f-f23d-4bcd-9bd5-debbbb81330f@group-9A9F18567D5E: changes role from      null to FOLLOWER at term 0 for startAsFollower
2019-10-02 07:38:03,778 [pool-27-thread-1] INFO  impl.RoleInfo (RoleInfo.java:updateAndGet(143)) - 804fc30f-f23d-4bcd-9bd5-debbbb81330f: start FollowerState
2019-10-02 07:38:03,778 [pool-87-thread-1] INFO  util.JmxRegister (JmxRegister.java:tryRegister(44)) - Successfully registered JMX Bean with object name Ratis:service=RaftServer,group=group-9A9F18567D5E,id=e774d0d1-00b7-40b4-85b3-8faca11cae95
2019-10-02 07:38:03,778 [pool-27-thread-1] INFO  util.JmxRegister (JmxRegister.java:tryRegister(44)) - Successfully registered JMX Bean with object name Ratis:service=RaftServer,group=group-9A9F18567D5E,id=804fc30f-f23d-4bcd-9bd5-debbbb81330f
2019-10-02 07:38:03,779 [pool-67-thread-1] INFO  impl.RaftServerImpl (RaftServerImpl.java:start(181)) - ceafac3c-b94e-436b-b57a-960890b1af34@group-9A9F18567D5E: start as a follower, conf=-1: [e774d0d1-00b7-40b4-85b3-8faca11cae95:192.168.5.178:33677, ceafac3c-b94e-436b-b57a-960890b1af34:192.168.5.178:45023, 804fc30f-f23d-4bcd-9bd5-debbbb81330f:192.168.5.178:45868], old=null
2019-10-02 07:38:03,779 [pool-67-thread-1] INFO  impl.RaftServerImpl (RaftServerImpl.java:setRole(170)) - ceafac3c-b94e-436b-b57a-960890b1af34@group-9A9F18567D5E: changes role from      null to FOLLOWER at term 0 for startAsFollower
2019-10-02 07:38:03,779 [pool-67-thread-1] INFO  impl.RoleInfo (RoleInfo.java:updateAndGet(143)) - ceafac3c-b94e-436b-b57a-960890b1af34: start FollowerState
2019-10-02 07:38:03,780 [pool-67-thread-1] INFO  util.JmxRegister (JmxRegister.java:tryRegister(44)) - Successfully registered JMX Bean with object name Ratis:service=RaftServer,group=group-9A9F18567D5E,id=ceafac3c-b94e-436b-b57a-960890b1af34
2019-10-02 07:38:03,794 [RatisPipelineUtilsThread] INFO  pipeline.PipelineStateManager (PipelineStateManager.java:addPipeline(56)) - Created pipeline Pipeline[ Id: 49fb0971-d671-40b0-9ab2-9a9f18567d5e, Nodes: 804fc30f-f23d-4bcd-9bd5-debbbb81330f{ip: 192.168.5.178, host: pr-trunk-8bg6x-723665176, networkLocation: /default-rack, certSerialId: null}e774d0d1-00b7-40b4-85b3-8faca11cae95{ip: 192.168.5.178, host: pr-trunk-8bg6x-723665176, networkLocation: /default-rack, certSerialId: null}ceafac3c-b94e-436b-b57a-960890b1af34{ip: 192.168.5.178, host: pr-trunk-8bg6x-723665176, networkLocation: /default-rack, certSerialId: null}, Type:RATIS, Factor:THREE, State:OPEN]
2019-10-02 07:38:04,602 [main] WARN  io.KeyOutputStream (KeyOutputStream.java:handleException(274)) - Encountered exception java.io.IOException: Unexpected Storage Container Exception: java.util.concurrent.CompletionException: java.util.concurrent.CompletionException: org.apache.ratis.protocol.GroupMismatchException: 804fc30f-f23d-4bcd-9bd5-debbbb81330f: group-24AFEE7F4BAB not found. on the pipeline Pipeline[ Id: 33586eb2-d1f3-4a36-80a6-24afee7f4bab, Nodes: 804fc30f-f23d-4bcd-9bd5-debbbb81330f{ip: 192.168.5.178, host: pr-trunk-8bg6x-723665176, networkLocation: /default-rack, certSerialId: null}e774d0d1-00b7-40b4-85b3-8faca11cae95{ip: 192.168.5.178, host: pr-trunk-8bg6x-723665176, networkLocation: /default-rack, certSerialId: null}ceafac3c-b94e-436b-b57a-960890b1af34{ip: 192.168.5.178, host: pr-trunk-8bg6x-723665176, networkLocation: /default-rack, certSerialId: null}, Type:RATIS, Factor:THREE, State:OPEN]. The last committed block length is 0, uncommitted data length is 400 retry count 2
2019-10-02 07:38:04,773 [pool-46-thread-1] ERROR impl.ChunkManagerImpl (ChunkUtils.java:writeData(89)) - data array does not match the length specified. DataLen: 100 Byte Array: 246
2019-10-02 07:38:04,781 [pool-46-thread-1] INFO  keyvalue.KeyValueHandler (ContainerUtils.java:logAndReturnError(146)) - Operation: WriteChunk : Trace ID: f7ea55f354f23b1c:f7ea55f354f23b1c:0:0 : Message: data array does not match the length specified. DataLen: 100 Byte Array: 246 : Result: INVALID_WRITE_SIZE
2019-10-02 07:38:04,799 [EventQueue-IncrementalContainerReportForIncrementalContainerReportHandler] WARN  container.IncrementalContainerReportHandler (AbstractContainerReportHandler.java:updateContainerState(143)) - Container #4 is in OPEN state, but the datanode f465c0ec-0be9-4ae9-8f51-a8818d3fe0fc{ip: 192.168.5.178, host: pr-trunk-8bg6x-723665176, networkLocation: /default-rack, certSerialId: null} reports an UNHEALTHY replica.
2019-10-02 07:38:04,802 [EventQueue-CloseContainerForCloseContainerEventHandler] INFO  container.CloseContainerEventHandler (CloseContainerEventHandler.java:onMessage(61)) - Close container Event triggered for container : #4
07:38:04.799 [pool-46-thread-1] ERROR DNAudit - user=null | ip=null | op=WRITE_CHUNK {blockData=conID: 4 locID: 102891643511439364 bcsId: 0} | ret=FAILURE
java.lang.Exception: data array does not match the length specified. DataLen: 100 Byte Array: 246
	at org.apache.hadoop.ozone.container.common.impl.HddsDispatcher.dispatchRequest(HddsDispatcher.java:330) ~[hadoop-hdds-container-service-0.5.0-SNAPSHOT.jar:?]
	at org.apache.hadoop.ozone.container.common.impl.HddsDispatcher.dispatch(HddsDispatcher.java:150) ~[hadoop-hdds-container-service-0.5.0-SNAPSHOT.jar:?]
	at org.apache.hadoop.ozone.container.common.transport.server.ratis.ContainerStateMachine.dispatchCommand(ContainerStateMachine.java:407) ~[hadoop-hdds-container-service-0.5.0-SNAPSHOT.jar:?]
	at org.apache.hadoop.ozone.container.common.transport.server.ratis.ContainerStateMachine.runCommand(ContainerStateMachine.java:415) ~[hadoop-hdds-container-service-0.5.0-SNAPSHOT.jar:?]
	at org.apache.hadoop.ozone.container.common.transport.server.ratis.ContainerStateMachine.lambda$handleWriteChunk$1(ContainerStateMachine.java:450) ~[hadoop-hdds-container-service-0.5.0-SNAPSHOT.jar:?]
	at java.util.concurrent.CompletableFuture$AsyncSupply.run(CompletableFuture.java:1590) [?:1.8.0_212]
	at java.util.concurrent.ThreadPoolExecutor.runWorker(ThreadPoolExecutor.java:1149) [?:1.8.0_212]
	at java.util.concurrent.ThreadPoolExecutor$Worker.run(ThreadPoolExecutor.java:624) [?:1.8.0_212]
	at java.lang.Thread.run(Thread.java:748) [?:1.8.0_212]
2019-10-02 07:38:04,802 [pool-46-thread-1] ERROR ratis.ContainerStateMachine (ContainerStateMachine.java:lambda$handleWriteChunk$2(470)) - group-DCB3B93FDF26: writeChunk writeStateMachineData failed: blockIdcontainerID: 4
localID: 102891643511439364
blockCommitSequenceId: 0
 logIndex 1 chunkName 102891643511439364_chunk_1 Error message: data array does not match the length specified. DataLen: 100 Byte Array: 246 Container Result: INVALID_WRITE_SIZE
2019-10-02 07:38:04,804 [f465c0ec-0be9-4ae9-8f51-a8818d3fe0fc@group-DCB3B93FDF26-SegmentedRaftLogWorker] ERROR ratis.XceiverServerRatis (XceiverServerRatis.java:triggerPipelineClose(581)) - pipeline Action CLOSE  on pipeline PipelineID=3c200238-61c6-4e50-a926-dcb3b93fdf26.Reason : data array does not match the length specified. DataLen: 100 Byte Array: 246
2019-10-02 07:38:04,805 [f465c0ec-0be9-4ae9-8f51-a8818d3fe0fc@group-DCB3B93FDF26-SegmentedRaftLogWorker] ERROR ratis.XceiverServerRatis (XceiverServerRatis.java:triggerPipelineClose(581)) - pipeline Action CLOSE  on pipeline PipelineID=3c200238-61c6-4e50-a926-dcb3b93fdf26.Reason : Log already failed at index 1 for task WriteLog:1: (t:1, i:1), STATEMACHINELOGENTRY, client-A20CDB332C2E, cid=58
2019-10-02 07:38:04,806 [EventQueue-PipelineActionsForPipelineActionHandler] ERROR pipeline.PipelineActionHandler (PipelineActionHandler.java:onMessage(60)) - Received pipeline action CLOSE for Pipeline[ Id: 3c200238-61c6-4e50-a926-dcb3b93fdf26, Nodes: cb6d8aa3-5895-49c1-85c3-41fbb4c04945{ip: 192.168.5.178, host: pr-trunk-8bg6x-723665176, networkLocation: /default-rack, certSerialId: null}f465c0ec-0be9-4ae9-8f51-a8818d3fe0fc{ip: 192.168.5.178, host: pr-trunk-8bg6x-723665176, networkLocation: /default-rack, certSerialId: null}1b828d8a-bca8-4046-ad6d-863244307b25{ip: 192.168.5.178, host: pr-trunk-8bg6x-723665176, networkLocation: /default-rack, certSerialId: null}, Type:RATIS, Factor:THREE, State:OPEN] from datanode f465c0ec-0be9-4ae9-8f51-a8818d3fe0fc{ip: 192.168.5.178, host: pr-trunk-8bg6x-723665176, networkLocation: /default-rack, certSerialId: null}. Reason : data array does not match the length specified. DataLen: 100 Byte Array: 246
2019-10-02 07:38:04,806 [EventQueue-PipelineActionsForPipelineActionHandler] INFO  pipeline.SCMPipelineManager (SCMPipelineManager.java:finalizeAndDestroyPipeline(315)) - destroying pipeline:Pipeline[ Id: 3c200238-61c6-4e50-a926-dcb3b93fdf26, Nodes: cb6d8aa3-5895-49c1-85c3-41fbb4c04945{ip: 192.168.5.178, host: pr-trunk-8bg6x-723665176, networkLocation: /default-rack, certSerialId: null}f465c0ec-0be9-4ae9-8f51-a8818d3fe0fc{ip: 192.168.5.178, host: pr-trunk-8bg6x-723665176, networkLocation: /default-rack, certSerialId: null}1b828d8a-bca8-4046-ad6d-863244307b25{ip: 192.168.5.178, host: pr-trunk-8bg6x-723665176, networkLocation: /default-rack, certSerialId: null}, Type:RATIS, Factor:THREE, State:OPEN]
2019-10-02 07:38:04,806 [EventQueue-PipelineActionsForPipelineActionHandler] INFO  pipeline.PipelineStateManager (PipelineStateManager.java:finalizePipeline(123)) - Pipeline Pipeline[ Id: 3c200238-61c6-4e50-a926-dcb3b93fdf26, Nodes: cb6d8aa3-5895-49c1-85c3-41fbb4c04945{ip: 192.168.5.178, host: pr-trunk-8bg6x-723665176, networkLocation: /default-rack, certSerialId: null}f465c0ec-0be9-4ae9-8f51-a8818d3fe0fc{ip: 192.168.5.178, host: pr-trunk-8bg6x-723665176, networkLocation: /default-rack, certSerialId: null}1b828d8a-bca8-4046-ad6d-863244307b25{ip: 192.168.5.178, host: pr-trunk-8bg6x-723665176, networkLocation: /default-rack, certSerialId: null}, Type:RATIS, Factor:THREE, State:CLOSED] moved to CLOSED state
2019-10-02 07:38:04,807 [EventQueue-PipelineActionsForPipelineActionHandler] ERROR pipeline.PipelineActionHandler (PipelineActionHandler.java:onMessage(60)) - Received pipeline action CLOSE for Pipeline[ Id: 3c200238-61c6-4e50-a926-dcb3b93fdf26, Nodes: cb6d8aa3-5895-49c1-85c3-41fbb4c04945{ip: 192.168.5.178, host: pr-trunk-8bg6x-723665176, networkLocation: /default-rack, certSerialId: null}f465c0ec-0be9-4ae9-8f51-a8818d3fe0fc{ip: 192.168.5.178, host: pr-trunk-8bg6x-723665176, networkLocation: /default-rack, certSerialId: null}1b828d8a-bca8-4046-ad6d-863244307b25{ip: 192.168.5.178, host: pr-trunk-8bg6x-723665176, networkLocation: /default-rack, certSerialId: null}, Type:RATIS, Factor:THREE, State:CLOSED] from datanode f465c0ec-0be9-4ae9-8f51-a8818d3fe0fc{ip: 192.168.5.178, host: pr-trunk-8bg6x-723665176, networkLocation: /default-rack, certSerialId: null}. Reason : Log already failed at index 1 for task WriteLog:1: (t:1, i:1), STATEMACHINELOGENTRY, client-A20CDB332C2E, cid=58
2019-10-02 07:38:04,808 [EventQueue-PipelineActionsForPipelineActionHandler] INFO  pipeline.SCMPipelineManager (SCMPipelineManager.java:finalizeAndDestroyPipeline(315)) - destroying pipeline:Pipeline[ Id: 3c200238-61c6-4e50-a926-dcb3b93fdf26, Nodes: cb6d8aa3-5895-49c1-85c3-41fbb4c04945{ip: 192.168.5.178, host: pr-trunk-8bg6x-723665176, networkLocation: /default-rack, certSerialId: null}f465c0ec-0be9-4ae9-8f51-a8818d3fe0fc{ip: 192.168.5.178, host: pr-trunk-8bg6x-723665176, networkLocation: /default-rack, certSerialId: null}1b828d8a-bca8-4046-ad6d-863244307b25{ip: 192.168.5.178, host: pr-trunk-8bg6x-723665176, networkLocation: /default-rack, certSerialId: null}, Type:RATIS, Factor:THREE, State:CLOSED]
2019-10-02 07:38:07,681 [java.util.concurrent.ThreadPoolExecutor$Worker@5f00d9d6[State = -1, empty queue]] ERROR client.GrpcClientProtocolClient (GrpcClientProtocolClient.java:close(148)) - Unexpected exception while waiting for channel termination
java.lang.InterruptedException
	at java.util.concurrent.locks.AbstractQueuedSynchronizer.tryAcquireSharedNanos(AbstractQueuedSynchronizer.java:1326)
	at java.util.concurrent.CountDownLatch.await(CountDownLatch.java:277)
	at org.apache.ratis.thirdparty.io.grpc.internal.ManagedChannelImpl.awaitTermination(ManagedChannelImpl.java:763)
	at org.apache.ratis.thirdparty.io.grpc.internal.ForwardingManagedChannel.awaitTermination(ForwardingManagedChannel.java:57)
	at org.apache.ratis.thirdparty.io.grpc.internal.ManagedChannelOrphanWrapper.awaitTermination(ManagedChannelOrphanWrapper.java:70)
	at org.apache.ratis.grpc.client.GrpcClientProtocolClient.close(GrpcClientProtocolClient.java:146)
	at org.apache.ratis.util.PeerProxyMap$PeerAndProxy.lambda$close$1(PeerProxyMap.java:74)
	at org.apache.ratis.util.LifeCycle.lambda$checkStateAndClose$2(LifeCycle.java:231)
	at org.apache.ratis.util.LifeCycle.checkStateAndClose(LifeCycle.java:251)
	at org.apache.ratis.util.LifeCycle.checkStateAndClose(LifeCycle.java:229)
	at org.apache.ratis.util.PeerProxyMap$PeerAndProxy.close(PeerProxyMap.java:70)
	at org.apache.ratis.util.PeerProxyMap.resetProxy(PeerProxyMap.java:127)
	at org.apache.ratis.util.PeerProxyMap.handleException(PeerProxyMap.java:136)
	at org.apache.ratis.client.impl.RaftClientRpcWithProxy.handleException(RaftClientRpcWithProxy.java:47)
	at org.apache.ratis.client.impl.RaftClientImpl.handleIOException(RaftClientImpl.java:372)
	at org.apache.ratis.client.impl.OrderedAsync.lambda$sendRequest$10(OrderedAsync.java:236)
	at java.util.concurrent.CompletableFuture.uniExceptionally(CompletableFuture.java:870)
	at java.util.concurrent.CompletableFuture$UniExceptionally.tryFire(CompletableFuture.java:852)
	at java.util.concurrent.CompletableFuture.postComplete(CompletableFuture.java:474)
	at java.util.concurrent.CompletableFuture.completeExceptionally(CompletableFuture.java:1977)
	at org.apache.ratis.grpc.client.GrpcClientProtocolClient$AsyncStreamObservers.lambda$timeoutCheck$3(GrpcClientProtocolClient.java:324)
	at java.util.Optional.ifPresent(Optional.java:159)
	at org.apache.ratis.grpc.client.GrpcClientProtocolClient$AsyncStreamObservers.handleReplyFuture(GrpcClientProtocolClient.java:329)
	at org.apache.ratis.grpc.client.GrpcClientProtocolClient$AsyncStreamObservers.timeoutCheck(GrpcClientProtocolClient.java:324)
	at org.apache.ratis.grpc.client.GrpcClientProtocolClient$AsyncStreamObservers.lambda$onNext$1(GrpcClientProtocolClient.java:318)
	at org.apache.ratis.util.TimeoutScheduler.lambda$onTimeout$0(TimeoutScheduler.java:113)
	at org.apache.ratis.util.TimeoutScheduler.lambda$onTimeout$1(TimeoutScheduler.java:133)
	at org.apache.ratis.util.LogUtils.runAndLog(LogUtils.java:50)
	at org.apache.ratis.util.LogUtils$1.run(LogUtils.java:91)
	at java.util.concurrent.Executors$RunnableAdapter.call(Executors.java:511)
	at java.util.concurrent.FutureTask.run(FutureTask.java:266)
	at java.util.concurrent.ScheduledThreadPoolExecutor$ScheduledFutureTask.access$201(ScheduledThreadPoolExecutor.java:180)
	at java.util.concurrent.ScheduledThreadPoolExecutor$ScheduledFutureTask.run(ScheduledThreadPoolExecutor.java:293)
	at java.util.concurrent.ThreadPoolExecutor.runWorker(ThreadPoolExecutor.java:1149)
	at java.util.concurrent.ThreadPoolExecutor$Worker.run(ThreadPoolExecutor.java:624)
	at java.lang.Thread.run(Thread.java:748)
2019-10-02 07:38:07,687 [java.util.concurrent.ThreadPoolExecutor$Worker@5f00d9d6[State = -1, empty queue]] WARN  util.TimeoutScheduler (LogUtils.java:runAndLog(55)) - Failed to task #0: java.lang.NullPointerException
2019-10-02 07:38:08,764 [Thread-952] INFO  impl.FollowerState (FollowerState.java:run(108)) - e774d0d1-00b7-40b4-85b3-8faca11cae95@group-9A9F18567D5E-FollowerState: change to CANDIDATE, lastRpcTime:5002ms, electionTimeout:5002ms
2019-10-02 07:38:08,767 [Thread-952] INFO  impl.RoleInfo (RoleInfo.java:shutdownFollowerState(121)) - e774d0d1-00b7-40b4-85b3-8faca11cae95: shutdown FollowerState
2019-10-02 07:38:08,767 [Thread-952] INFO  impl.RaftServerImpl (RaftServerImpl.java:setRole(170)) - e774d0d1-00b7-40b4-85b3-8faca11cae95@group-9A9F18567D5E: changes role from  FOLLOWER to CANDIDATE at term 0 for changeToCandidate
2019-10-02 07:38:08,768 [Thread-952] INFO  impl.RoleInfo (RoleInfo.java:updateAndGet(143)) - e774d0d1-00b7-40b4-85b3-8faca11cae95: start LeaderElection
2019-10-02 07:38:08,804 [e774d0d1-00b7-40b4-85b3-8faca11cae95@group-9A9F18567D5E-LeaderElection13] INFO  impl.LeaderElection (LeaderElection.java:askForVotes(178)) - e774d0d1-00b7-40b4-85b3-8faca11cae95@group-9A9F18567D5E-LeaderElection13: begin an election at term 1 for -1: [e774d0d1-00b7-40b4-85b3-8faca11cae95:192.168.5.178:33677, ceafac3c-b94e-436b-b57a-960890b1af34:192.168.5.178:45023, 804fc30f-f23d-4bcd-9bd5-debbbb81330f:192.168.5.178:45868], old=null
2019-10-02 07:38:08,808 [Thread-953] INFO  impl.FollowerState (FollowerState.java:run(108)) - 804fc30f-f23d-4bcd-9bd5-debbbb81330f@group-9A9F18567D5E-FollowerState: change to CANDIDATE, lastRpcTime:5046ms, electionTimeout:5030ms
2019-10-02 07:38:08,808 [Thread-953] INFO  impl.RoleInfo (RoleInfo.java:shutdownFollowerState(121)) - 804fc30f-f23d-4bcd-9bd5-debbbb81330f: shutdown FollowerState
2019-10-02 07:38:08,809 [Thread-953] INFO  impl.RaftServerImpl (RaftServerImpl.java:setRole(170)) - 804fc30f-f23d-4bcd-9bd5-debbbb81330f@group-9A9F18567D5E: changes role from  FOLLOWER to CANDIDATE at term 0 for changeToCandidate
2019-10-02 07:38:08,809 [Thread-953] INFO  impl.RoleInfo (RoleInfo.java:updateAndGet(143)) - 804fc30f-f23d-4bcd-9bd5-debbbb81330f: start LeaderElection
2019-10-02 07:38:08,814 [grpc-default-executor-10] INFO  impl.RaftServerImpl (RaftServerImpl.java:setRole(170)) - ceafac3c-b94e-436b-b57a-960890b1af34@group-9A9F18567D5E: changes role from  FOLLOWER to FOLLOWER at term 1 for recognizeCandidate:e774d0d1-00b7-40b4-85b3-8faca11cae95
2019-10-02 07:38:08,814 [grpc-default-executor-10] INFO  impl.RoleInfo (RoleInfo.java:shutdownFollowerState(121)) - ceafac3c-b94e-436b-b57a-960890b1af34: shutdown FollowerState
2019-10-02 07:38:08,815 [grpc-default-executor-10] INFO  impl.RoleInfo (RoleInfo.java:updateAndGet(143)) - ceafac3c-b94e-436b-b57a-960890b1af34: start FollowerState
2019-10-02 07:38:08,815 [Thread-954] INFO  impl.FollowerState (FollowerState.java:run(117)) - ceafac3c-b94e-436b-b57a-960890b1af34@group-9A9F18567D5E-FollowerState was interrupted: java.lang.InterruptedException: sleep interrupted
2019-10-02 07:38:08,827 [804fc30f-f23d-4bcd-9bd5-debbbb81330f@group-9A9F18567D5E-LeaderElection14] INFO  impl.LeaderElection (LeaderElection.java:askForVotes(178)) - 804fc30f-f23d-4bcd-9bd5-debbbb81330f@group-9A9F18567D5E-LeaderElection14: begin an election at term 1 for -1: [e774d0d1-00b7-40b4-85b3-8faca11cae95:192.168.5.178:33677, ceafac3c-b94e-436b-b57a-960890b1af34:192.168.5.178:45023, 804fc30f-f23d-4bcd-9bd5-debbbb81330f:192.168.5.178:45868], old=null
2019-10-02 07:38:08,830 [e774d0d1-00b7-40b4-85b3-8faca11cae95@group-9A9F18567D5E-LeaderElection13] INFO  impl.LeaderElection (LeaderElection.java:logAndReturn(56)) - e774d0d1-00b7-40b4-85b3-8faca11cae95@group-9A9F18567D5E-LeaderElection13: Election PASSED; received 2 response(s) [e774d0d1-00b7-40b4-85b3-8faca11cae95<-ceafac3c-b94e-436b-b57a-960890b1af34#0:OK-t1, e774d0d1-00b7-40b4-85b3-8faca11cae95<-804fc30f-f23d-4bcd-9bd5-debbbb81330f#0:FAIL-t1] and 0 exception(s); e774d0d1-00b7-40b4-85b3-8faca11cae95@group-9A9F18567D5E:t1, leader=null, voted=e774d0d1-00b7-40b4-85b3-8faca11cae95, raftlog=e774d0d1-00b7-40b4-85b3-8faca11cae95@group-9A9F18567D5E-SegmentedRaftLog:OPENED:c-1,f-1,i0, conf=-1: [e774d0d1-00b7-40b4-85b3-8faca11cae95:192.168.5.178:33677, ceafac3c-b94e-436b-b57a-960890b1af34:192.168.5.178:45023, 804fc30f-f23d-4bcd-9bd5-debbbb81330f:192.168.5.178:45868], old=null
2019-10-02 07:38:08,831 [e774d0d1-00b7-40b4-85b3-8faca11cae95@group-9A9F18567D5E-LeaderElection13] INFO  impl.RoleInfo (RoleInfo.java:shutdownLeaderElection(134)) - e774d0d1-00b7-40b4-85b3-8faca11cae95: shutdown LeaderElection
2019-10-02 07:38:08,831 [e774d0d1-00b7-40b4-85b3-8faca11cae95@group-9A9F18567D5E-LeaderElection13] INFO  impl.RaftServerImpl (RaftServerImpl.java:setRole(170)) - e774d0d1-00b7-40b4-85b3-8faca11cae95@group-9A9F18567D5E: changes role from CANDIDATE to LEADER at term 1 for changeToLeader
2019-10-02 07:38:08,831 [e774d0d1-00b7-40b4-85b3-8faca11cae95@group-9A9F18567D5E-LeaderElection13] INFO  impl.RaftServerImpl (ServerState.java:setLeader(255)) - e774d0d1-00b7-40b4-85b3-8faca11cae95@group-9A9F18567D5E: change Leader from null to e774d0d1-00b7-40b4-85b3-8faca11cae95 at term 1 for becomeLeader, leader elected after 5081ms
2019-10-02 07:38:08,831 [e774d0d1-00b7-40b4-85b3-8faca11cae95@group-9A9F18567D5E-LeaderElection13] INFO  server.RaftServerConfigKeys (ConfUtils.java:logGet(43)) - raft.server.staging.catchup.gap = 1000 (default)
2019-10-02 07:38:08,832 [e774d0d1-00b7-40b4-85b3-8faca11cae95@group-9A9F18567D5E-LeaderElection13] INFO  server.RaftServerConfigKeys (ConfUtils.java:logGet(43)) - raft.server.rpc.sleep.time = 25ms (default)
2019-10-02 07:38:08,832 [e774d0d1-00b7-40b4-85b3-8faca11cae95@group-9A9F18567D5E-LeaderElection13] INFO  server.RaftServerConfigKeys (ConfUtils.java:logGet(43)) - raft.server.write.element-limit = 4096 (default)
2019-10-02 07:38:08,832 [e774d0d1-00b7-40b4-85b3-8faca11cae95@group-9A9F18567D5E-LeaderElection13] INFO  server.RaftServerConfigKeys (ConfUtils.java:logGet(43)) - raft.server.watch.timeout = 10s (default)
2019-10-02 07:38:08,832 [e774d0d1-00b7-40b4-85b3-8faca11cae95@group-9A9F18567D5E-LeaderElection13] INFO  server.RaftServerConfigKeys (ConfUtils.java:logGet(43)) - raft.server.watch.timeout.denomination = 1s (default)
2019-10-02 07:38:08,832 [e774d0d1-00b7-40b4-85b3-8faca11cae95@group-9A9F18567D5E-LeaderElection13] INFO  server.RaftServerConfigKeys (ConfUtils.java:logGet(43)) - raft.server.watch.element-limit = 65536 (default)
2019-10-02 07:38:08,838 [e774d0d1-00b7-40b4-85b3-8faca11cae95@group-9A9F18567D5E-LeaderElection13] INFO  server.RaftServerConfigKeys (ConfUtils.java:logGet(43)) - raft.server.log.appender.snapshot.chunk.size.max = 16MB (=16777216) (default)
2019-10-02 07:38:08,838 [e774d0d1-00b7-40b4-85b3-8faca11cae95@group-9A9F18567D5E-LeaderElection13] INFO  server.RaftServerConfigKeys (ConfUtils.java:logGet(43)) - raft.server.log.appender.buffer.byte-limit = 33554432 (custom)
2019-10-02 07:38:08,838 [e774d0d1-00b7-40b4-85b3-8faca11cae95@group-9A9F18567D5E-LeaderElection13] INFO  server.RaftServerConfigKeys (ConfUtils.java:logGet(43)) - raft.server.log.appender.buffer.element-limit = 1 (custom)
2019-10-02 07:38:08,838 [e774d0d1-00b7-40b4-85b3-8faca11cae95@group-9A9F18567D5E-LeaderElection13] INFO  grpc.GrpcConfigKeys$Server (ConfUtils.java:logGet(43)) - raft.grpc.server.leader.outstanding.appends.max = 128 (default)
2019-10-02 07:38:08,838 [e774d0d1-00b7-40b4-85b3-8faca11cae95@group-9A9F18567D5E-LeaderElection13] INFO  server.RaftServerConfigKeys (ConfUtils.java:logGet(43)) - raft.server.rpc.request.timeout = 3000ms (default)
2019-10-02 07:38:08,838 [e774d0d1-00b7-40b4-85b3-8faca11cae95@group-9A9F18567D5E-LeaderElection13] INFO  server.RaftServerConfigKeys (ConfUtils.java:logGet(43)) - raft.server.log.appender.install.snapshot.enabled = false (custom)
2019-10-02 07:38:08,839 [e774d0d1-00b7-40b4-85b3-8faca11cae95@group-9A9F18567D5E-LeaderElection13] INFO  server.RaftServerConfigKeys (ConfUtils.java:logGet(43)) - raft.server.log.appender.snapshot.chunk.size.max = 16MB (=16777216) (default)
2019-10-02 07:38:08,839 [e774d0d1-00b7-40b4-85b3-8faca11cae95@group-9A9F18567D5E-LeaderElection13] INFO  server.RaftServerConfigKeys (ConfUtils.java:logGet(43)) - raft.server.log.appender.buffer.byte-limit = 33554432 (custom)
2019-10-02 07:38:08,839 [e774d0d1-00b7-40b4-85b3-8faca11cae95@group-9A9F18567D5E-LeaderElection13] INFO  server.RaftServerConfigKeys (ConfUtils.java:logGet(43)) - raft.server.log.appender.buffer.element-limit = 1 (custom)
2019-10-02 07:38:08,839 [e774d0d1-00b7-40b4-85b3-8faca11cae95@group-9A9F18567D5E-LeaderElection13] INFO  grpc.GrpcConfigKeys$Server (ConfUtils.java:logGet(43)) - raft.grpc.server.leader.outstanding.appends.max = 128 (default)
2019-10-02 07:38:08,839 [e774d0d1-00b7-40b4-85b3-8faca11cae95@group-9A9F18567D5E-LeaderElection13] INFO  server.RaftServerConfigKeys (ConfUtils.java:logGet(43)) - raft.server.rpc.request.timeout = 3000ms (default)
2019-10-02 07:38:08,839 [e774d0d1-00b7-40b4-85b3-8faca11cae95@group-9A9F18567D5E-LeaderElection13] INFO  server.RaftServerConfigKeys (ConfUtils.java:logGet(43)) - raft.server.log.appender.install.snapshot.enabled = false (custom)
2019-10-02 07:38:08,840 [e774d0d1-00b7-40b4-85b3-8faca11cae95@group-9A9F18567D5E-LeaderElection13] INFO  impl.RoleInfo (RoleInfo.java:updateAndGet(143)) - e774d0d1-00b7-40b4-85b3-8faca11cae95: start LeaderState
2019-10-02 07:38:08,840 [e774d0d1-00b7-40b4-85b3-8faca11cae95@group-9A9F18567D5E-LeaderElection13] INFO  segmented.SegmentedRaftLogWorker (SegmentedRaftLogWorker.java:startLogSegment(385)) - e774d0d1-00b7-40b4-85b3-8faca11cae95@group-9A9F18567D5E-SegmentedRaftLogWorker: Starting segment from index:0
2019-10-02 07:38:08,841 [e774d0d1-00b7-40b4-85b3-8faca11cae95@group-9A9F18567D5E-LeaderElection13] INFO  impl.RaftServerImpl (ServerState.java:setRaftConf(356)) - e774d0d1-00b7-40b4-85b3-8faca11cae95@group-9A9F18567D5E: set configuration 0: [e774d0d1-00b7-40b4-85b3-8faca11cae95:192.168.5.178:33677, ceafac3c-b94e-436b-b57a-960890b1af34:192.168.5.178:45023, 804fc30f-f23d-4bcd-9bd5-debbbb81330f:192.168.5.178:45868], old=null at 0
2019-10-02 07:38:08,876 [grpc-default-executor-10] INFO  impl.RaftServerImpl (RaftServerImpl.java:requestVote(754)) - e774d0d1-00b7-40b4-85b3-8faca11cae95@group-9A9F18567D5E-   LEADER: Withhold vote from candidate 804fc30f-f23d-4bcd-9bd5-debbbb81330f with term 1. State: leader=e774d0d1-00b7-40b4-85b3-8faca11cae95, term=1, lastRpcElapsed=null
2019-10-02 07:38:08,884 [grpc-default-executor-8] INFO  impl.RaftServerImpl (ServerState.java:setLeader(255)) - ceafac3c-b94e-436b-b57a-960890b1af34@group-9A9F18567D5E: change Leader from null to e774d0d1-00b7-40b4-85b3-8faca11cae95 at term 1 for appendEntries, leader elected after 5132ms
2019-10-02 07:38:08,884 [grpc-default-executor-10] INFO  impl.RaftServerImpl (RaftServerImpl.java:setRole(170)) - 804fc30f-f23d-4bcd-9bd5-debbbb81330f@group-9A9F18567D5E: changes role from CANDIDATE to FOLLOWER at term 1 for appendEntries
2019-10-02 07:38:08,885 [grpc-default-executor-10] INFO  impl.RoleInfo (RoleInfo.java:shutdownLeaderElection(134)) - 804fc30f-f23d-4bcd-9bd5-debbbb81330f: shutdown LeaderElection
2019-10-02 07:38:08,885 [804fc30f-f23d-4bcd-9bd5-debbbb81330f@group-9A9F18567D5E-LeaderElection14] INFO  impl.LeaderElection (LeaderElection.java:logAndReturn(56)) - 804fc30f-f23d-4bcd-9bd5-debbbb81330f@group-9A9F18567D5E-LeaderElection14: Election REJECTED; received 2 response(s) [804fc30f-f23d-4bcd-9bd5-debbbb81330f<-e774d0d1-00b7-40b4-85b3-8faca11cae95#0:FAIL-t1, 804fc30f-f23d-4bcd-9bd5-debbbb81330f<-ceafac3c-b94e-436b-b57a-960890b1af34#0:FAIL-t1] and 0 exception(s); 804fc30f-f23d-4bcd-9bd5-debbbb81330f@group-9A9F18567D5E:t1, leader=null, voted=804fc30f-f23d-4bcd-9bd5-debbbb81330f, raftlog=804fc30f-f23d-4bcd-9bd5-debbbb81330f@group-9A9F18567D5E-SegmentedRaftLog:OPENED:c-1,f-1,i0, conf=-1: [e774d0d1-00b7-40b4-85b3-8faca11cae95:192.168.5.178:33677, ceafac3c-b94e-436b-b57a-960890b1af34:192.168.5.178:45023, 804fc30f-f23d-4bcd-9bd5-debbbb81330f:192.168.5.178:45868], old=null
2019-10-02 07:38:08,885 [grpc-default-executor-10] INFO  impl.RoleInfo (RoleInfo.java:updateAndGet(143)) - 804fc30f-f23d-4bcd-9bd5-debbbb81330f: start FollowerState
2019-10-02 07:38:08,886 [grpc-default-executor-10] INFO  impl.RaftServerImpl (ServerState.java:setLeader(255)) - 804fc30f-f23d-4bcd-9bd5-debbbb81330f@group-9A9F18567D5E: change Leader from null to e774d0d1-00b7-40b4-85b3-8faca11cae95 at term 1 for appendEntries, leader elected after 5136ms
2019-10-02 07:38:08,886 [e774d0d1-00b7-40b4-85b3-8faca11cae95@group-9A9F18567D5E-SegmentedRaftLogWorker] INFO  segmented.SegmentedRaftLogWorker (SegmentedRaftLogWorker.java:execute(574)) - e774d0d1-00b7-40b4-85b3-8faca11cae95@group-9A9F18567D5E-SegmentedRaftLogWorker: created new log segment /workdir/hadoop-ozone/integration-test/target/test-dir/MiniOzoneClusterImpl-2816ce32-9f3d-4212-87e4-3e92bc85cde0/datanode-6/data/ratis/49fb0971-d671-40b0-9ab2-9a9f18567d5e/current/log_inprogress_0
2019-10-02 07:38:08,889 [grpc-default-executor-10] INFO  impl.RaftServerImpl (ServerState.java:setRaftConf(356)) - ceafac3c-b94e-436b-b57a-960890b1af34@group-9A9F18567D5E: set configuration 0: [e774d0d1-00b7-40b4-85b3-8faca11cae95:192.168.5.178:33677, ceafac3c-b94e-436b-b57a-960890b1af34:192.168.5.178:45023, 804fc30f-f23d-4bcd-9bd5-debbbb81330f:192.168.5.178:45868], old=null at 0
2019-10-02 07:38:08,890 [grpc-default-executor-10] INFO  segmented.SegmentedRaftLogWorker (SegmentedRaftLogWorker.java:startLogSegment(385)) - ceafac3c-b94e-436b-b57a-960890b1af34@group-9A9F18567D5E-SegmentedRaftLogWorker: Starting segment from index:0
2019-10-02 07:38:08,890 [grpc-default-executor-8] INFO  impl.RaftServerImpl (ServerState.java:setRaftConf(356)) - 804fc30f-f23d-4bcd-9bd5-debbbb81330f@group-9A9F18567D5E: set configuration 0: [e774d0d1-00b7-40b4-85b3-8faca11cae95:192.168.5.178:33677, ceafac3c-b94e-436b-b57a-960890b1af34:192.168.5.178:45023, 804fc30f-f23d-4bcd-9bd5-debbbb81330f:192.168.5.178:45868], old=null at 0
2019-10-02 07:38:08,890 [grpc-default-executor-8] INFO  segmented.SegmentedRaftLogWorker (SegmentedRaftLogWorker.java:startLogSegment(385)) - 804fc30f-f23d-4bcd-9bd5-debbbb81330f@group-9A9F18567D5E-SegmentedRaftLogWorker: Starting segment from index:0
2019-10-02 07:38:08,933 [804fc30f-f23d-4bcd-9bd5-debbbb81330f@group-9A9F18567D5E-SegmentedRaftLogWorker] INFO  segmented.SegmentedRaftLogWorker (SegmentedRaftLogWorker.java:execute(574)) - 804fc30f-f23d-4bcd-9bd5-debbbb81330f@group-9A9F18567D5E-SegmentedRaftLogWorker: created new log segment /workdir/hadoop-ozone/integration-test/target/test-dir/MiniOzoneClusterImpl-2816ce32-9f3d-4212-87e4-3e92bc85cde0/datanode-0/data/ratis/49fb0971-d671-40b0-9ab2-9a9f18567d5e/current/log_inprogress_0
2019-10-02 07:38:08,933 [ceafac3c-b94e-436b-b57a-960890b1af34@group-9A9F18567D5E-SegmentedRaftLogWorker] INFO  segmented.SegmentedRaftLogWorker (SegmentedRaftLogWorker.java:execute(574)) - ceafac3c-b94e-436b-b57a-960890b1af34@group-9A9F18567D5E-SegmentedRaftLogWorker: created new log segment /workdir/hadoop-ozone/integration-test/target/test-dir/MiniOzoneClusterImpl-2816ce32-9f3d-4212-87e4-3e92bc85cde0/datanode-4/data/ratis/49fb0971-d671-40b0-9ab2-9a9f18567d5e/current/log_inprogress_0
2019-10-02 07:38:11,753 [java.util.concurrent.ThreadPoolExecutor$Worker@3b61fd07[State = -1, empty queue]] ERROR client.GrpcClientProtocolClient (GrpcClientProtocolClient.java:close(148)) - Unexpected exception while waiting for channel termination
java.lang.InterruptedException
	at java.util.concurrent.locks.AbstractQueuedSynchronizer.tryAcquireSharedNanos(AbstractQueuedSynchronizer.java:1326)
	at java.util.concurrent.CountDownLatch.await(CountDownLatch.java:277)
	at org.apache.ratis.thirdparty.io.grpc.internal.ManagedChannelImpl.awaitTermination(ManagedChannelImpl.java:763)
	at org.apache.ratis.thirdparty.io.grpc.internal.ForwardingManagedChannel.awaitTermination(ForwardingManagedChannel.java:57)
	at org.apache.ratis.thirdparty.io.grpc.internal.ManagedChannelOrphanWrapper.awaitTermination(ManagedChannelOrphanWrapper.java:70)
	at org.apache.ratis.grpc.client.GrpcClientProtocolClient.close(GrpcClientProtocolClient.java:146)
	at org.apache.ratis.util.PeerProxyMap$PeerAndProxy.lambda$close$1(PeerProxyMap.java:74)
	at org.apache.ratis.util.LifeCycle.lambda$checkStateAndClose$2(LifeCycle.java:231)
	at org.apache.ratis.util.LifeCycle.checkStateAndClose(LifeCycle.java:251)
	at org.apache.ratis.util.LifeCycle.checkStateAndClose(LifeCycle.java:229)
	at org.apache.ratis.util.PeerProxyMap$PeerAndProxy.close(PeerProxyMap.java:70)
	at org.apache.ratis.util.PeerProxyMap.resetProxy(PeerProxyMap.java:127)
	at org.apache.ratis.util.PeerProxyMap.handleException(PeerProxyMap.java:136)
	at org.apache.ratis.client.impl.RaftClientRpcWithProxy.handleException(RaftClientRpcWithProxy.java:47)
	at org.apache.ratis.client.impl.RaftClientImpl.handleIOException(RaftClientImpl.java:372)
	at org.apache.ratis.client.impl.OrderedAsync.lambda$sendRequest$10(OrderedAsync.java:236)
	at java.util.concurrent.CompletableFuture.uniExceptionally(CompletableFuture.java:870)
	at java.util.concurrent.CompletableFuture$UniExceptionally.tryFire(CompletableFuture.java:852)
	at java.util.concurrent.CompletableFuture.postComplete(CompletableFuture.java:474)
	at java.util.concurrent.CompletableFuture.completeExceptionally(CompletableFuture.java:1977)
	at org.apache.ratis.grpc.client.GrpcClientProtocolClient$AsyncStreamObservers.lambda$timeoutCheck$3(GrpcClientProtocolClient.java:324)
	at java.util.Optional.ifPresent(Optional.java:159)
	at org.apache.ratis.grpc.client.GrpcClientProtocolClient$AsyncStreamObservers.handleReplyFuture(GrpcClientProtocolClient.java:329)
	at org.apache.ratis.grpc.client.GrpcClientProtocolClient$AsyncStreamObservers.timeoutCheck(GrpcClientProtocolClient.java:324)
	at org.apache.ratis.grpc.client.GrpcClientProtocolClient$AsyncStreamObservers.lambda$onNext$1(GrpcClientProtocolClient.java:318)
	at org.apache.ratis.util.TimeoutScheduler.lambda$onTimeout$0(TimeoutScheduler.java:113)
	at org.apache.ratis.util.TimeoutScheduler.lambda$onTimeout$1(TimeoutScheduler.java:133)
	at org.apache.ratis.util.LogUtils.runAndLog(LogUtils.java:50)
	at org.apache.ratis.util.LogUtils$1.run(LogUtils.java:91)
	at java.util.concurrent.Executors$RunnableAdapter.call(Executors.java:511)
	at java.util.concurrent.FutureTask.run(FutureTask.java:266)
	at java.util.concurrent.ScheduledThreadPoolExecutor$ScheduledFutureTask.access$201(ScheduledThreadPoolExecutor.java:180)
	at java.util.concurrent.ScheduledThreadPoolExecutor$ScheduledFutureTask.run(ScheduledThreadPoolExecutor.java:293)
	at java.util.concurrent.ThreadPoolExecutor.runWorker(ThreadPoolExecutor.java:1149)
	at java.util.concurrent.ThreadPoolExecutor$Worker.run(ThreadPoolExecutor.java:624)
	at java.lang.Thread.run(Thread.java:748)
2019-10-02 07:38:11,754 [java.util.concurrent.ThreadPoolExecutor$Worker@3b61fd07[State = -1, empty queue]] WARN  util.TimeoutScheduler (LogUtils.java:runAndLog(55)) - Failed to task #0: java.lang.NullPointerException
2019-10-02 07:38:15,791 [java.util.concurrent.ThreadPoolExecutor$Worker@2f69c11a[State = -1, empty queue]] ERROR client.GrpcClientProtocolClient (GrpcClientProtocolClient.java:close(148)) - Unexpected exception while waiting for channel termination
java.lang.InterruptedException
	at java.util.concurrent.locks.AbstractQueuedSynchronizer.tryAcquireSharedNanos(AbstractQueuedSynchronizer.java:1326)
	at java.util.concurrent.CountDownLatch.await(CountDownLatch.java:277)
	at org.apache.ratis.thirdparty.io.grpc.internal.ManagedChannelImpl.awaitTermination(ManagedChannelImpl.java:763)
	at org.apache.ratis.thirdparty.io.grpc.internal.ForwardingManagedChannel.awaitTermination(ForwardingManagedChannel.java:57)
	at org.apache.ratis.thirdparty.io.grpc.internal.ManagedChannelOrphanWrapper.awaitTermination(ManagedChannelOrphanWrapper.java:70)
	at org.apache.ratis.grpc.client.GrpcClientProtocolClient.close(GrpcClientProtocolClient.java:146)
	at org.apache.ratis.util.PeerProxyMap$PeerAndProxy.lambda$close$1(PeerProxyMap.java:74)
	at org.apache.ratis.util.LifeCycle.lambda$checkStateAndClose$2(LifeCycle.java:231)
	at org.apache.ratis.util.LifeCycle.checkStateAndClose(LifeCycle.java:251)
	at org.apache.ratis.util.LifeCycle.checkStateAndClose(LifeCycle.java:229)
	at org.apache.ratis.util.PeerProxyMap$PeerAndProxy.close(PeerProxyMap.java:70)
	at org.apache.ratis.util.PeerProxyMap.resetProxy(PeerProxyMap.java:127)
	at org.apache.ratis.util.PeerProxyMap.handleException(PeerProxyMap.java:136)
	at org.apache.ratis.client.impl.RaftClientRpcWithProxy.handleException(RaftClientRpcWithProxy.java:47)
	at org.apache.ratis.client.impl.RaftClientImpl.handleIOException(RaftClientImpl.java:372)
	at org.apache.ratis.client.impl.OrderedAsync.lambda$sendRequest$10(OrderedAsync.java:236)
	at java.util.concurrent.CompletableFuture.uniExceptionally(CompletableFuture.java:870)
	at java.util.concurrent.CompletableFuture$UniExceptionally.tryFire(CompletableFuture.java:852)
	at java.util.concurrent.CompletableFuture.postComplete(CompletableFuture.java:474)
	at java.util.concurrent.CompletableFuture.completeExceptionally(CompletableFuture.java:1977)
	at org.apache.ratis.grpc.client.GrpcClientProtocolClient$AsyncStreamObservers.lambda$timeoutCheck$3(GrpcClientProtocolClient.java:324)
	at java.util.Optional.ifPresent(Optional.java:159)
	at org.apache.ratis.grpc.client.GrpcClientProtocolClient$AsyncStreamObservers.handleReplyFuture(GrpcClientProtocolClient.java:329)
	at org.apache.ratis.grpc.client.GrpcClientProtocolClient$AsyncStreamObservers.timeoutCheck(GrpcClientProtocolClient.java:324)
	at org.apache.ratis.grpc.client.GrpcClientProtocolClient$AsyncStreamObservers.lambda$onNext$1(GrpcClientProtocolClient.java:318)
	at org.apache.ratis.util.TimeoutScheduler.lambda$onTimeout$0(TimeoutScheduler.java:113)
	at org.apache.ratis.util.TimeoutScheduler.lambda$onTimeout$1(TimeoutScheduler.java:133)
	at org.apache.ratis.util.LogUtils.runAndLog(LogUtils.java:50)
	at org.apache.ratis.util.LogUtils$1.run(LogUtils.java:91)
	at java.util.concurrent.Executors$RunnableAdapter.call(Executors.java:511)
	at java.util.concurrent.FutureTask.run(FutureTask.java:266)
	at java.util.concurrent.ScheduledThreadPoolExecutor$ScheduledFutureTask.access$201(ScheduledThreadPoolExecutor.java:180)
	at java.util.concurrent.ScheduledThreadPoolExecutor$ScheduledFutureTask.run(ScheduledThreadPoolExecutor.java:293)
	at java.util.concurrent.ThreadPoolExecutor.runWorker(ThreadPoolExecutor.java:1149)
	at java.util.concurrent.ThreadPoolExecutor$Worker.run(ThreadPoolExecutor.java:624)
	at java.lang.Thread.run(Thread.java:748)
2019-10-02 07:38:15,795 [java.util.concurrent.ThreadPoolExecutor$Worker@2f69c11a[State = -1, empty queue]] WARN  util.TimeoutScheduler (LogUtils.java:runAndLog(55)) - Failed to task #0: java.lang.NullPointerException
2019-10-02 07:38:19,837 [java.util.concurrent.ThreadPoolExecutor$Worker@18c8557e[State = -1, empty queue]] ERROR client.GrpcClientProtocolClient (GrpcClientProtocolClient.java:close(148)) - Unexpected exception while waiting for channel termination
java.lang.InterruptedException
	at java.util.concurrent.locks.AbstractQueuedSynchronizer.tryAcquireSharedNanos(AbstractQueuedSynchronizer.java:1326)
	at java.util.concurrent.CountDownLatch.await(CountDownLatch.java:277)
	at org.apache.ratis.thirdparty.io.grpc.internal.ManagedChannelImpl.awaitTermination(ManagedChannelImpl.java:763)
	at org.apache.ratis.thirdparty.io.grpc.internal.ForwardingManagedChannel.awaitTermination(ForwardingManagedChannel.java:57)
	at org.apache.ratis.thirdparty.io.grpc.internal.ManagedChannelOrphanWrapper.awaitTermination(ManagedChannelOrphanWrapper.java:70)
	at org.apache.ratis.grpc.client.GrpcClientProtocolClient.close(GrpcClientProtocolClient.java:146)
	at org.apache.ratis.util.PeerProxyMap$PeerAndProxy.lambda$close$1(PeerProxyMap.java:74)
	at org.apache.ratis.util.LifeCycle.lambda$checkStateAndClose$2(LifeCycle.java:231)
	at org.apache.ratis.util.LifeCycle.checkStateAndClose(LifeCycle.java:251)
	at org.apache.ratis.util.LifeCycle.checkStateAndClose(LifeCycle.java:229)
	at org.apache.ratis.util.PeerProxyMap$PeerAndProxy.close(PeerProxyMap.java:70)
	at org.apache.ratis.util.PeerProxyMap.resetProxy(PeerProxyMap.java:127)
	at org.apache.ratis.util.PeerProxyMap.handleException(PeerProxyMap.java:136)
	at org.apache.ratis.client.impl.RaftClientRpcWithProxy.handleException(RaftClientRpcWithProxy.java:47)
	at org.apache.ratis.client.impl.RaftClientImpl.handleIOException(RaftClientImpl.java:372)
	at org.apache.ratis.client.impl.OrderedAsync.lambda$sendRequest$10(OrderedAsync.java:236)
	at java.util.concurrent.CompletableFuture.uniExceptionally(CompletableFuture.java:870)
	at java.util.concurrent.CompletableFuture$UniExceptionally.tryFire(CompletableFuture.java:852)
	at java.util.concurrent.CompletableFuture.postComplete(CompletableFuture.java:474)
	at java.util.concurrent.CompletableFuture.completeExceptionally(CompletableFuture.java:1977)
	at org.apache.ratis.grpc.client.GrpcClientProtocolClient$AsyncStreamObservers.lambda$timeoutCheck$3(GrpcClientProtocolClient.java:324)
	at java.util.Optional.ifPresent(Optional.java:159)
	at org.apache.ratis.grpc.client.GrpcClientProtocolClient$AsyncStreamObservers.handleReplyFuture(GrpcClientProtocolClient.java:329)
	at org.apache.ratis.grpc.client.GrpcClientProtocolClient$AsyncStreamObservers.timeoutCheck(GrpcClientProtocolClient.java:324)
	at org.apache.ratis.grpc.client.GrpcClientProtocolClient$AsyncStreamObservers.lambda$onNext$1(GrpcClientProtocolClient.java:318)
	at org.apache.ratis.util.TimeoutScheduler.lambda$onTimeout$0(TimeoutScheduler.java:113)
	at org.apache.ratis.util.TimeoutScheduler.lambda$onTimeout$1(TimeoutScheduler.java:133)
	at org.apache.ratis.util.LogUtils.runAndLog(LogUtils.java:50)
	at org.apache.ratis.util.LogUtils$1.run(LogUtils.java:91)
	at java.util.concurrent.Executors$RunnableAdapter.call(Executors.java:511)
	at java.util.concurrent.FutureTask.run(FutureTask.java:266)
	at java.util.concurrent.ScheduledThreadPoolExecutor$ScheduledFutureTask.access$201(ScheduledThreadPoolExecutor.java:180)
	at java.util.concurrent.ScheduledThreadPoolExecutor$ScheduledFutureTask.run(ScheduledThreadPoolExecutor.java:293)
	at java.util.concurrent.ThreadPoolExecutor.runWorker(ThreadPoolExecutor.java:1149)
	at java.util.concurrent.ThreadPoolExecutor$Worker.run(ThreadPoolExecutor.java:624)
	at java.lang.Thread.run(Thread.java:748)
2019-10-02 07:38:19,840 [java.util.concurrent.ThreadPoolExecutor$Worker@18c8557e[State = -1, empty queue]] WARN  util.TimeoutScheduler (LogUtils.java:runAndLog(55)) - Failed to task #0: java.lang.NullPointerException
2019-10-02 07:38:23,890 [java.util.concurrent.ThreadPoolExecutor$Worker@22481bcb[State = -1, empty queue]] ERROR client.GrpcClientProtocolClient (GrpcClientProtocolClient.java:close(148)) - Unexpected exception while waiting for channel termination
java.lang.InterruptedException
	at java.util.concurrent.locks.AbstractQueuedSynchronizer.tryAcquireSharedNanos(AbstractQueuedSynchronizer.java:1326)
	at java.util.concurrent.CountDownLatch.await(CountDownLatch.java:277)
	at org.apache.ratis.thirdparty.io.grpc.internal.ManagedChannelImpl.awaitTermination(ManagedChannelImpl.java:763)
	at org.apache.ratis.thirdparty.io.grpc.internal.ForwardingManagedChannel.awaitTermination(ForwardingManagedChannel.java:57)
	at org.apache.ratis.thirdparty.io.grpc.internal.ManagedChannelOrphanWrapper.awaitTermination(ManagedChannelOrphanWrapper.java:70)
	at org.apache.ratis.grpc.client.GrpcClientProtocolClient.close(GrpcClientProtocolClient.java:146)
	at org.apache.ratis.util.PeerProxyMap$PeerAndProxy.lambda$close$1(PeerProxyMap.java:74)
	at org.apache.ratis.util.LifeCycle.lambda$checkStateAndClose$2(LifeCycle.java:231)
	at org.apache.ratis.util.LifeCycle.checkStateAndClose(LifeCycle.java:251)
	at org.apache.ratis.util.LifeCycle.checkStateAndClose(LifeCycle.java:229)
	at org.apache.ratis.util.PeerProxyMap$PeerAndProxy.close(PeerProxyMap.java:70)
	at org.apache.ratis.util.PeerProxyMap.resetProxy(PeerProxyMap.java:127)
	at org.apache.ratis.util.PeerProxyMap.handleException(PeerProxyMap.java:136)
	at org.apache.ratis.client.impl.RaftClientRpcWithProxy.handleException(RaftClientRpcWithProxy.java:47)
	at org.apache.ratis.client.impl.RaftClientImpl.handleIOException(RaftClientImpl.java:372)
	at org.apache.ratis.client.impl.OrderedAsync.lambda$sendRequest$10(OrderedAsync.java:236)
	at java.util.concurrent.CompletableFuture.uniExceptionally(CompletableFuture.java:870)
	at java.util.concurrent.CompletableFuture$UniExceptionally.tryFire(CompletableFuture.java:852)
	at java.util.concurrent.CompletableFuture.postComplete(CompletableFuture.java:474)
	at java.util.concurrent.CompletableFuture.completeExceptionally(CompletableFuture.java:1977)
	at org.apache.ratis.grpc.client.GrpcClientProtocolClient$AsyncStreamObservers.lambda$timeoutCheck$3(GrpcClientProtocolClient.java:324)
	at java.util.Optional.ifPresent(Optional.java:159)
	at org.apache.ratis.grpc.client.GrpcClientProtocolClient$AsyncStreamObservers.handleReplyFuture(GrpcClientProtocolClient.java:329)
	at org.apache.ratis.grpc.client.GrpcClientProtocolClient$AsyncStreamObservers.timeoutCheck(GrpcClientProtocolClient.java:324)
	at org.apache.ratis.grpc.client.GrpcClientProtocolClient$AsyncStreamObservers.lambda$onNext$1(GrpcClientProtocolClient.java:318)
	at org.apache.ratis.util.TimeoutScheduler.lambda$onTimeout$0(TimeoutScheduler.java:113)
	at org.apache.ratis.util.TimeoutScheduler.lambda$onTimeout$1(TimeoutScheduler.java:133)
	at org.apache.ratis.util.LogUtils.runAndLog(LogUtils.java:50)
	at org.apache.ratis.util.LogUtils$1.run(LogUtils.java:91)
	at java.util.concurrent.Executors$RunnableAdapter.call(Executors.java:511)
	at java.util.concurrent.FutureTask.run(FutureTask.java:266)
	at java.util.concurrent.ScheduledThreadPoolExecutor$ScheduledFutureTask.access$201(ScheduledThreadPoolExecutor.java:180)
	at java.util.concurrent.ScheduledThreadPoolExecutor$ScheduledFutureTask.run(ScheduledThreadPoolExecutor.java:293)
	at java.util.concurrent.ThreadPoolExecutor.runWorker(ThreadPoolExecutor.java:1149)
	at java.util.concurrent.ThreadPoolExecutor$Worker.run(ThreadPoolExecutor.java:624)
	at java.lang.Thread.run(Thread.java:748)
2019-10-02 07:38:23,894 [java.util.concurrent.ThreadPoolExecutor$Worker@22481bcb[State = -1, empty queue]] WARN  util.TimeoutScheduler (LogUtils.java:runAndLog(55)) - Failed to task #0: java.lang.NullPointerException
2019-10-02 07:38:27,924 [java.util.concurrent.ThreadPoolExecutor$Worker@6bbcb049[State = -1, empty queue]] ERROR client.GrpcClientProtocolClient (GrpcClientProtocolClient.java:close(148)) - Unexpected exception while waiting for channel termination
java.lang.InterruptedException
	at java.util.concurrent.locks.AbstractQueuedSynchronizer.tryAcquireSharedNanos(AbstractQueuedSynchronizer.java:1326)
	at java.util.concurrent.CountDownLatch.await(CountDownLatch.java:277)
	at org.apache.ratis.thirdparty.io.grpc.internal.ManagedChannelImpl.awaitTermination(ManagedChannelImpl.java:763)
	at org.apache.ratis.thirdparty.io.grpc.internal.ForwardingManagedChannel.awaitTermination(ForwardingManagedChannel.java:57)
	at org.apache.ratis.thirdparty.io.grpc.internal.ManagedChannelOrphanWrapper.awaitTermination(ManagedChannelOrphanWrapper.java:70)
	at org.apache.ratis.grpc.client.GrpcClientProtocolClient.close(GrpcClientProtocolClient.java:146)
	at org.apache.ratis.util.PeerProxyMap$PeerAndProxy.lambda$close$1(PeerProxyMap.java:74)
	at org.apache.ratis.util.LifeCycle.lambda$checkStateAndClose$2(LifeCycle.java:231)
	at org.apache.ratis.util.LifeCycle.checkStateAndClose(LifeCycle.java:251)
	at org.apache.ratis.util.LifeCycle.checkStateAndClose(LifeCycle.java:229)
	at org.apache.ratis.util.PeerProxyMap$PeerAndProxy.close(PeerProxyMap.java:70)
	at org.apache.ratis.util.PeerProxyMap.resetProxy(PeerProxyMap.java:127)
	at org.apache.ratis.util.PeerProxyMap.handleException(PeerProxyMap.java:136)
	at org.apache.ratis.client.impl.RaftClientRpcWithProxy.handleException(RaftClientRpcWithProxy.java:47)
	at org.apache.ratis.client.impl.RaftClientImpl.handleIOException(RaftClientImpl.java:372)
	at org.apache.ratis.client.impl.OrderedAsync.lambda$sendRequest$10(OrderedAsync.java:236)
	at java.util.concurrent.CompletableFuture.uniExceptionally(CompletableFuture.java:870)
	at java.util.concurrent.CompletableFuture$UniExceptionally.tryFire(CompletableFuture.java:852)
	at java.util.concurrent.CompletableFuture.postComplete(CompletableFuture.java:474)
	at java.util.concurrent.CompletableFuture.completeExceptionally(CompletableFuture.java:1977)
	at org.apache.ratis.grpc.client.GrpcClientProtocolClient$AsyncStreamObservers.lambda$timeoutCheck$3(GrpcClientProtocolClient.java:324)
	at java.util.Optional.ifPresent(Optional.java:159)
	at org.apache.ratis.grpc.client.GrpcClientProtocolClient$AsyncStreamObservers.handleReplyFuture(GrpcClientProtocolClient.java:329)
	at org.apache.ratis.grpc.client.GrpcClientProtocolClient$AsyncStreamObservers.timeoutCheck(GrpcClientProtocolClient.java:324)
	at org.apache.ratis.grpc.client.GrpcClientProtocolClient$AsyncStreamObservers.lambda$onNext$1(GrpcClientProtocolClient.java:318)
	at org.apache.ratis.util.TimeoutScheduler.lambda$onTimeout$0(TimeoutScheduler.java:113)
	at org.apache.ratis.util.TimeoutScheduler.lambda$onTimeout$1(TimeoutScheduler.java:133)
	at org.apache.ratis.util.LogUtils.runAndLog(LogUtils.java:50)
	at org.apache.ratis.util.LogUtils$1.run(LogUtils.java:91)
	at java.util.concurrent.Executors$RunnableAdapter.call(Executors.java:511)
	at java.util.concurrent.FutureTask.run(FutureTask.java:266)
	at java.util.concurrent.ScheduledThreadPoolExecutor$ScheduledFutureTask.access$201(ScheduledThreadPoolExecutor.java:180)
	at java.util.concurrent.ScheduledThreadPoolExecutor$ScheduledFutureTask.run(ScheduledThreadPoolExecutor.java:293)
	at java.util.concurrent.ThreadPoolExecutor.runWorker(ThreadPoolExecutor.java:1149)
	at java.util.concurrent.ThreadPoolExecutor$Worker.run(ThreadPoolExecutor.java:624)
	at java.lang.Thread.run(Thread.java:748)
2019-10-02 07:38:27,925 [java.util.concurrent.ThreadPoolExecutor$Worker@6bbcb049[State = -1, empty queue]] WARN  util.TimeoutScheduler (LogUtils.java:runAndLog(55)) - Failed to task #0: java.lang.NullPointerException
2019-10-02 07:38:31,879 [grpc-default-executor-8] INFO  impl.RaftServerProxy (RaftServerProxy.java:addNew(89)) - f465c0ec-0be9-4ae9-8f51-a8818d3fe0fc: addNew group-A89A9C097B60:[cb6d8aa3-5895-49c1-85c3-41fbb4c04945:192.168.5.178:44476, 1b828d8a-bca8-4046-ad6d-863244307b25:192.168.5.178:42961, f465c0ec-0be9-4ae9-8f51-a8818d3fe0fc:192.168.5.178:34436] returns group-A89A9C097B60:java.util.concurrent.CompletableFuture@c845f0a[Not completed]
2019-10-02 07:38:31,879 [grpc-default-executor-10] INFO  impl.RaftServerProxy (RaftServerProxy.java:addNew(89)) - cb6d8aa3-5895-49c1-85c3-41fbb4c04945: addNew group-A89A9C097B60:[cb6d8aa3-5895-49c1-85c3-41fbb4c04945:192.168.5.178:44476, 1b828d8a-bca8-4046-ad6d-863244307b25:192.168.5.178:42961, f465c0ec-0be9-4ae9-8f51-a8818d3fe0fc:192.168.5.178:34436] returns group-A89A9C097B60:java.util.concurrent.CompletableFuture@6d9e7139[Not completed]
2019-10-02 07:38:31,879 [grpc-default-executor-11] INFO  impl.RaftServerProxy (RaftServerProxy.java:addNew(89)) - 1b828d8a-bca8-4046-ad6d-863244307b25: addNew group-A89A9C097B60:[cb6d8aa3-5895-49c1-85c3-41fbb4c04945:192.168.5.178:44476, 1b828d8a-bca8-4046-ad6d-863244307b25:192.168.5.178:42961, f465c0ec-0be9-4ae9-8f51-a8818d3fe0fc:192.168.5.178:34436] returns group-A89A9C097B60:java.util.concurrent.CompletableFuture@23410bbb[Not completed]
2019-10-02 07:38:31,882 [pool-47-thread-1] INFO  impl.RaftServerImpl (RaftServerImpl.java:<init>(95)) - f465c0ec-0be9-4ae9-8f51-a8818d3fe0fc: new RaftServerImpl for group-A89A9C097B60:[cb6d8aa3-5895-49c1-85c3-41fbb4c04945:192.168.5.178:44476, 1b828d8a-bca8-4046-ad6d-863244307b25:192.168.5.178:42961, f465c0ec-0be9-4ae9-8f51-a8818d3fe0fc:192.168.5.178:34436] with ContainerStateMachine:uninitialized
2019-10-02 07:38:31,882 [pool-47-thread-1] INFO  server.RaftServerConfigKeys (ConfUtils.java:logGet(43)) - raft.server.rpc.timeout.min = 5s (custom)
2019-10-02 07:38:31,882 [pool-47-thread-1] INFO  server.RaftServerConfigKeys (ConfUtils.java:logGet(43)) - raft.server.rpc.timeout.max = 5200ms (custom)
2019-10-02 07:38:31,883 [pool-47-thread-1] INFO  server.RaftServerConfigKeys (ConfUtils.java:logGet(43)) - raft.server.rpcslowness.timeout = 120s (custom)
2019-10-02 07:38:31,883 [pool-37-thread-1] INFO  impl.RaftServerImpl (RaftServerImpl.java:<init>(95)) - 1b828d8a-bca8-4046-ad6d-863244307b25: new RaftServerImpl for group-A89A9C097B60:[cb6d8aa3-5895-49c1-85c3-41fbb4c04945:192.168.5.178:44476, 1b828d8a-bca8-4046-ad6d-863244307b25:192.168.5.178:42961, f465c0ec-0be9-4ae9-8f51-a8818d3fe0fc:192.168.5.178:34436] with ContainerStateMachine:uninitialized
2019-10-02 07:38:31,883 [pool-47-thread-1] INFO  server.RaftServerConfigKeys (ConfUtils.java:logGet(43)) - raft.server.sleep.deviation.threshold = 300 (default)
2019-10-02 07:38:31,883 [pool-37-thread-1] INFO  server.RaftServerConfigKeys (ConfUtils.java:logGet(43)) - raft.server.rpc.timeout.min = 5s (custom)
2019-10-02 07:38:31,883 [pool-47-thread-1] INFO  server.RaftServerConfigKeys (ConfUtils.java:logGet(43)) - raft.server.log.appender.install.snapshot.enabled = false (custom)
2019-10-02 07:38:31,883 [pool-57-thread-1] INFO  impl.RaftServerImpl (RaftServerImpl.java:<init>(95)) - cb6d8aa3-5895-49c1-85c3-41fbb4c04945: new RaftServerImpl for group-A89A9C097B60:[cb6d8aa3-5895-49c1-85c3-41fbb4c04945:192.168.5.178:44476, 1b828d8a-bca8-4046-ad6d-863244307b25:192.168.5.178:42961, f465c0ec-0be9-4ae9-8f51-a8818d3fe0fc:192.168.5.178:34436] with ContainerStateMachine:uninitialized
2019-10-02 07:38:31,883 [pool-37-thread-1] INFO  server.RaftServerConfigKeys (ConfUtils.java:logGet(43)) - raft.server.rpc.timeout.max = 5200ms (custom)
2019-10-02 07:38:31,884 [pool-57-thread-1] INFO  server.RaftServerConfigKeys (ConfUtils.java:logGet(43)) - raft.server.rpc.timeout.min = 5s (custom)
2019-10-02 07:38:31,883 [pool-47-thread-1] INFO  impl.RaftServerImpl (ServerState.java:<init>(103)) - f465c0ec-0be9-4ae9-8f51-a8818d3fe0fc@group-A89A9C097B60: ConfigurationManager, init=-1: [cb6d8aa3-5895-49c1-85c3-41fbb4c04945:192.168.5.178:44476, 1b828d8a-bca8-4046-ad6d-863244307b25:192.168.5.178:42961, f465c0ec-0be9-4ae9-8f51-a8818d3fe0fc:192.168.5.178:34436], old=null, confs=<EMPTY_MAP>
2019-10-02 07:38:31,884 [pool-57-thread-1] INFO  server.RaftServerConfigKeys (ConfUtils.java:logGet(43)) - raft.server.rpc.timeout.max = 5200ms (custom)
2019-10-02 07:38:31,884 [pool-37-thread-1] INFO  server.RaftServerConfigKeys (ConfUtils.java:logGet(43)) - raft.server.rpcslowness.timeout = 120s (custom)
2019-10-02 07:38:31,884 [pool-47-thread-1] INFO  server.RaftServerConfigKeys (ConfUtils.java:logGet(43)) - raft.server.storage.dir = [/workdir/hadoop-ozone/integration-test/target/test-dir/MiniOzoneClusterImpl-2816ce32-9f3d-4212-87e4-3e92bc85cde0/datanode-2/data/ratis] (custom)
2019-10-02 07:38:31,884 [pool-57-thread-1] INFO  server.RaftServerConfigKeys (ConfUtils.java:logGet(43)) - raft.server.rpcslowness.timeout = 120s (custom)
2019-10-02 07:38:31,884 [pool-37-thread-1] INFO  server.RaftServerConfigKeys (ConfUtils.java:logGet(43)) - raft.server.sleep.deviation.threshold = 300 (default)
2019-10-02 07:38:31,885 [pool-47-thread-1] INFO  server.RaftServerConfigKeys (ConfUtils.java:logGet(43)) - raft.server.log.corruption.policy = EXCEPTION (default)
2019-10-02 07:38:31,885 [pool-57-thread-1] INFO  server.RaftServerConfigKeys (ConfUtils.java:logGet(43)) - raft.server.sleep.deviation.threshold = 300 (default)
2019-10-02 07:38:31,885 [pool-37-thread-1] INFO  server.RaftServerConfigKeys (ConfUtils.java:logGet(43)) - raft.server.log.appender.install.snapshot.enabled = false (custom)
2019-10-02 07:38:31,885 [pool-47-thread-1] INFO  storage.RaftStorageDirectory (RaftStorageDirectory.java:analyzeStorage(246)) - The storage directory /workdir/hadoop-ozone/integration-test/target/test-dir/MiniOzoneClusterImpl-2816ce32-9f3d-4212-87e4-3e92bc85cde0/datanode-2/data/ratis/ad153d69-c36a-44fb-b476-a89a9c097b60 does not exist. Creating ...
2019-10-02 07:38:31,885 [pool-57-thread-1] INFO  server.RaftServerConfigKeys (ConfUtils.java:logGet(43)) - raft.server.log.appender.install.snapshot.enabled = false (custom)
2019-10-02 07:38:31,885 [pool-37-thread-1] INFO  impl.RaftServerImpl (ServerState.java:<init>(103)) - 1b828d8a-bca8-4046-ad6d-863244307b25@group-A89A9C097B60: ConfigurationManager, init=-1: [cb6d8aa3-5895-49c1-85c3-41fbb4c04945:192.168.5.178:44476, 1b828d8a-bca8-4046-ad6d-863244307b25:192.168.5.178:42961, f465c0ec-0be9-4ae9-8f51-a8818d3fe0fc:192.168.5.178:34436], old=null, confs=<EMPTY_MAP>
2019-10-02 07:38:31,886 [pool-57-thread-1] INFO  impl.RaftServerImpl (ServerState.java:<init>(103)) - cb6d8aa3-5895-49c1-85c3-41fbb4c04945@group-A89A9C097B60: ConfigurationManager, init=-1: [cb6d8aa3-5895-49c1-85c3-41fbb4c04945:192.168.5.178:44476, 1b828d8a-bca8-4046-ad6d-863244307b25:192.168.5.178:42961, f465c0ec-0be9-4ae9-8f51-a8818d3fe0fc:192.168.5.178:34436], old=null, confs=<EMPTY_MAP>
2019-10-02 07:38:31,886 [pool-37-thread-1] INFO  server.RaftServerConfigKeys (ConfUtils.java:logGet(43)) - raft.server.storage.dir = [/workdir/hadoop-ozone/integration-test/target/test-dir/MiniOzoneClusterImpl-2816ce32-9f3d-4212-87e4-3e92bc85cde0/datanode-1/data/ratis] (custom)
2019-10-02 07:38:31,886 [pool-57-thread-1] INFO  server.RaftServerConfigKeys (ConfUtils.java:logGet(43)) - raft.server.storage.dir = [/workdir/hadoop-ozone/integration-test/target/test-dir/MiniOzoneClusterImpl-2816ce32-9f3d-4212-87e4-3e92bc85cde0/datanode-3/data/ratis] (custom)
2019-10-02 07:38:31,886 [pool-37-thread-1] INFO  server.RaftServerConfigKeys (ConfUtils.java:logGet(43)) - raft.server.log.corruption.policy = EXCEPTION (default)
2019-10-02 07:38:31,886 [pool-57-thread-1] INFO  server.RaftServerConfigKeys (ConfUtils.java:logGet(43)) - raft.server.log.corruption.policy = EXCEPTION (default)
2019-10-02 07:38:31,886 [pool-37-thread-1] INFO  storage.RaftStorageDirectory (RaftStorageDirectory.java:analyzeStorage(246)) - The storage directory /workdir/hadoop-ozone/integration-test/target/test-dir/MiniOzoneClusterImpl-2816ce32-9f3d-4212-87e4-3e92bc85cde0/datanode-1/data/ratis/ad153d69-c36a-44fb-b476-a89a9c097b60 does not exist. Creating ...
2019-10-02 07:38:31,886 [pool-57-thread-1] INFO  storage.RaftStorageDirectory (RaftStorageDirectory.java:analyzeStorage(246)) - The storage directory /workdir/hadoop-ozone/integration-test/target/test-dir/MiniOzoneClusterImpl-2816ce32-9f3d-4212-87e4-3e92bc85cde0/datanode-3/data/ratis/ad153d69-c36a-44fb-b476-a89a9c097b60 does not exist. Creating ...
2019-10-02 07:38:31,899 [pool-37-thread-1] INFO  storage.RaftStorageDirectory (RaftStorageDirectory.java:tryLock(328)) - Lock on /workdir/hadoop-ozone/integration-test/target/test-dir/MiniOzoneClusterImpl-2816ce32-9f3d-4212-87e4-3e92bc85cde0/datanode-1/data/ratis/ad153d69-c36a-44fb-b476-a89a9c097b60/in_use.lock acquired by nodename 1188@pr-trunk-8bg6x-723665176
2019-10-02 07:38:31,899 [pool-47-thread-1] INFO  storage.RaftStorageDirectory (RaftStorageDirectory.java:tryLock(328)) - Lock on /workdir/hadoop-ozone/integration-test/target/test-dir/MiniOzoneClusterImpl-2816ce32-9f3d-4212-87e4-3e92bc85cde0/datanode-2/data/ratis/ad153d69-c36a-44fb-b476-a89a9c097b60/in_use.lock acquired by nodename 1188@pr-trunk-8bg6x-723665176
2019-10-02 07:38:31,899 [pool-57-thread-1] INFO  storage.RaftStorageDirectory (RaftStorageDirectory.java:tryLock(328)) - Lock on /workdir/hadoop-ozone/integration-test/target/test-dir/MiniOzoneClusterImpl-2816ce32-9f3d-4212-87e4-3e92bc85cde0/datanode-3/data/ratis/ad153d69-c36a-44fb-b476-a89a9c097b60/in_use.lock acquired by nodename 1188@pr-trunk-8bg6x-723665176
2019-10-02 07:38:31,913 [pool-37-thread-1] INFO  storage.RaftStorage (RaftStorage.java:format(84)) - Storage directory /workdir/hadoop-ozone/integration-test/target/test-dir/MiniOzoneClusterImpl-2816ce32-9f3d-4212-87e4-3e92bc85cde0/datanode-1/data/ratis/ad153d69-c36a-44fb-b476-a89a9c097b60 has been successfully formatted.
2019-10-02 07:38:31,913 [pool-47-thread-1] INFO  storage.RaftStorage (RaftStorage.java:format(84)) - Storage directory /workdir/hadoop-ozone/integration-test/target/test-dir/MiniOzoneClusterImpl-2816ce32-9f3d-4212-87e4-3e92bc85cde0/datanode-2/data/ratis/ad153d69-c36a-44fb-b476-a89a9c097b60 has been successfully formatted.
2019-10-02 07:38:31,913 [pool-37-thread-1] INFO  ratis.ContainerStateMachine (ContainerStateMachine.java:loadSnapshot(231)) - group-A89A9C097B60: The snapshot info is null. Setting the last applied indexto:(t:0, i:~)
2019-10-02 07:38:31,913 [pool-47-thread-1] INFO  ratis.ContainerStateMachine (ContainerStateMachine.java:loadSnapshot(231)) - group-A89A9C097B60: The snapshot info is null. Setting the last applied indexto:(t:0, i:~)
2019-10-02 07:38:31,913 [pool-57-thread-1] INFO  storage.RaftStorage (RaftStorage.java:format(84)) - Storage directory /workdir/hadoop-ozone/integration-test/target/test-dir/MiniOzoneClusterImpl-2816ce32-9f3d-4212-87e4-3e92bc85cde0/datanode-3/data/ratis/ad153d69-c36a-44fb-b476-a89a9c097b60 has been successfully formatted.
2019-10-02 07:38:31,913 [pool-47-thread-1] INFO  server.RaftServerConfigKeys (ConfUtils.java:logGet(43)) - raft.server.notification.no-leader.timeout = 120s (custom)
2019-10-02 07:38:31,914 [pool-57-thread-1] INFO  ratis.ContainerStateMachine (ContainerStateMachine.java:loadSnapshot(231)) - group-A89A9C097B60: The snapshot info is null. Setting the last applied indexto:(t:0, i:~)
2019-10-02 07:38:31,913 [pool-37-thread-1] INFO  server.RaftServerConfigKeys (ConfUtils.java:logGet(43)) - raft.server.notification.no-leader.timeout = 120s (custom)
2019-10-02 07:38:31,914 [pool-57-thread-1] INFO  server.RaftServerConfigKeys (ConfUtils.java:logGet(43)) - raft.server.notification.no-leader.timeout = 120s (custom)
2019-10-02 07:38:31,914 [pool-47-thread-1] INFO  server.RaftServerConfigKeys (ConfUtils.java:logGet(43)) - raft.server.log.use.memory = false (default)
2019-10-02 07:38:31,914 [pool-57-thread-1] INFO  server.RaftServerConfigKeys (ConfUtils.java:logGet(43)) - raft.server.log.use.memory = false (default)
2019-10-02 07:38:31,914 [pool-47-thread-1] INFO  server.RaftServerConfigKeys (ConfUtils.java:logGet(43)) - raft.server.log.purge.gap = 1000000 (custom)
2019-10-02 07:38:31,914 [pool-37-thread-1] INFO  server.RaftServerConfigKeys (ConfUtils.java:logGet(43)) - raft.server.log.use.memory = false (default)
2019-10-02 07:38:31,915 [pool-47-thread-1] INFO  server.RaftServerConfigKeys (ConfUtils.java:logGet(43)) - raft.server.log.appender.buffer.byte-limit = 33554432 (custom)
2019-10-02 07:38:31,915 [pool-57-thread-1] INFO  server.RaftServerConfigKeys (ConfUtils.java:logGet(43)) - raft.server.log.purge.gap = 1000000 (custom)
2019-10-02 07:38:31,915 [pool-47-thread-1] INFO  server.RaftServerConfigKeys (ConfUtils.java:logGet(43)) - raft.server.log.segment.size.max = 1048576 (custom)
2019-10-02 07:38:31,915 [pool-37-thread-1] INFO  server.RaftServerConfigKeys (ConfUtils.java:logGet(43)) - raft.server.log.purge.gap = 1000000 (custom)
2019-10-02 07:38:31,915 [pool-47-thread-1] INFO  server.RaftServerConfigKeys (ConfUtils.java:logGet(43)) - raft.server.log.segment.cache.num.max = 2 (custom)
2019-10-02 07:38:31,915 [pool-57-thread-1] INFO  server.RaftServerConfigKeys (ConfUtils.java:logGet(43)) - raft.server.log.appender.buffer.byte-limit = 33554432 (custom)
2019-10-02 07:38:31,916 [pool-47-thread-1] INFO  segmented.SegmentedRaftLogWorker (SegmentedRaftLogWorker.java:<init>(173)) - new f465c0ec-0be9-4ae9-8f51-a8818d3fe0fc@group-A89A9C097B60-SegmentedRaftLogWorker for RaftStorage:Storage Directory /workdir/hadoop-ozone/integration-test/target/test-dir/MiniOzoneClusterImpl-2816ce32-9f3d-4212-87e4-3e92bc85cde0/datanode-2/data/ratis/ad153d69-c36a-44fb-b476-a89a9c097b60
2019-10-02 07:38:31,915 [pool-37-thread-1] INFO  server.RaftServerConfigKeys (ConfUtils.java:logGet(43)) - raft.server.log.appender.buffer.byte-limit = 33554432 (custom)
2019-10-02 07:38:31,916 [pool-47-thread-1] INFO  server.RaftServerConfigKeys (ConfUtils.java:logGet(43)) - raft.server.log.queue.byte-limit = 2147483647 (custom)
2019-10-02 07:38:31,916 [pool-57-thread-1] INFO  server.RaftServerConfigKeys (ConfUtils.java:logGet(43)) - raft.server.log.segment.size.max = 1048576 (custom)
2019-10-02 07:38:31,916 [pool-47-thread-1] INFO  server.RaftServerConfigKeys (ConfUtils.java:logGet(43)) - raft.server.log.queue.element-limit = 1024 (custom)
2019-10-02 07:38:31,916 [pool-37-thread-1] INFO  server.RaftServerConfigKeys (ConfUtils.java:logGet(43)) - raft.server.log.segment.size.max = 1048576 (custom)
2019-10-02 07:38:31,917 [pool-47-thread-1] INFO  server.RaftServerConfigKeys (ConfUtils.java:logGet(43)) - raft.server.log.segment.size.max = 1048576 (custom)
2019-10-02 07:38:31,916 [pool-57-thread-1] INFO  server.RaftServerConfigKeys (ConfUtils.java:logGet(43)) - raft.server.log.segment.cache.num.max = 2 (custom)
2019-10-02 07:38:31,917 [pool-47-thread-1] INFO  server.RaftServerConfigKeys (ConfUtils.java:logGet(43)) - raft.server.log.preallocated.size = 16384 (custom)
2019-10-02 07:38:31,917 [pool-37-thread-1] INFO  server.RaftServerConfigKeys (ConfUtils.java:logGet(43)) - raft.server.log.segment.cache.num.max = 2 (custom)
2019-10-02 07:38:31,917 [pool-47-thread-1] INFO  server.RaftServerConfigKeys (ConfUtils.java:logGet(43)) - raft.server.log.write.buffer.size = 33554432 (custom)
2019-10-02 07:38:31,917 [pool-57-thread-1] INFO  segmented.SegmentedRaftLogWorker (SegmentedRaftLogWorker.java:<init>(173)) - new cb6d8aa3-5895-49c1-85c3-41fbb4c04945@group-A89A9C097B60-SegmentedRaftLogWorker for RaftStorage:Storage Directory /workdir/hadoop-ozone/integration-test/target/test-dir/MiniOzoneClusterImpl-2816ce32-9f3d-4212-87e4-3e92bc85cde0/datanode-3/data/ratis/ad153d69-c36a-44fb-b476-a89a9c097b60
2019-10-02 07:38:31,917 [pool-47-thread-1] INFO  server.RaftServerConfigKeys (ConfUtils.java:logGet(43)) - raft.server.log.force.sync.num = 128 (default)
2019-10-02 07:38:31,917 [pool-37-thread-1] INFO  segmented.SegmentedRaftLogWorker (SegmentedRaftLogWorker.java:<init>(173)) - new 1b828d8a-bca8-4046-ad6d-863244307b25@group-A89A9C097B60-SegmentedRaftLogWorker for RaftStorage:Storage Directory /workdir/hadoop-ozone/integration-test/target/test-dir/MiniOzoneClusterImpl-2816ce32-9f3d-4212-87e4-3e92bc85cde0/datanode-1/data/ratis/ad153d69-c36a-44fb-b476-a89a9c097b60
2019-10-02 07:38:31,918 [pool-47-thread-1] INFO  server.RaftServerConfigKeys (ConfUtils.java:logGet(43)) - raft.server.log.statemachine.data.sync = true (default)
2019-10-02 07:38:31,918 [pool-57-thread-1] INFO  server.RaftServerConfigKeys (ConfUtils.java:logGet(43)) - raft.server.log.queue.byte-limit = 2147483647 (custom)
2019-10-02 07:38:31,918 [pool-47-thread-1] INFO  server.RaftServerConfigKeys (ConfUtils.java:logGet(43)) - raft.server.log.statemachine.data.sync.timeout = 10s (default)
2019-10-02 07:38:31,918 [pool-37-thread-1] INFO  server.RaftServerConfigKeys (ConfUtils.java:logGet(43)) - raft.server.log.queue.byte-limit = 2147483647 (custom)
2019-10-02 07:38:31,918 [pool-47-thread-1] INFO  server.RaftServerConfigKeys (ConfUtils.java:logGet(43)) - raft.server.log.statemachine.data.sync.timeout.retry = -1 (default)
2019-10-02 07:38:31,918 [pool-57-thread-1] INFO  server.RaftServerConfigKeys (ConfUtils.java:logGet(43)) - raft.server.log.queue.element-limit = 1024 (custom)
2019-10-02 07:38:31,919 [pool-47-thread-1] INFO  server.RaftServerConfigKeys (ConfUtils.java:logGet(43)) - raft.server.log.statemachine.data.caching.enabled = true (custom)
2019-10-02 07:38:31,918 [pool-37-thread-1] INFO  server.RaftServerConfigKeys (ConfUtils.java:logGet(43)) - raft.server.log.queue.element-limit = 1024 (custom)
2019-10-02 07:38:31,919 [pool-57-thread-1] INFO  server.RaftServerConfigKeys (ConfUtils.java:logGet(43)) - raft.server.log.segment.size.max = 1048576 (custom)
2019-10-02 07:38:31,919 [pool-47-thread-1] INFO  segmented.SegmentedRaftLogWorker (SegmentedRaftLogWorker.java:lambda$new$0(128)) - f465c0ec-0be9-4ae9-8f51-a8818d3fe0fc@group-A89A9C097B60-SegmentedRaftLogWorker: flushIndex: setUnconditionally 0 -> -1
2019-10-02 07:38:31,919 [pool-37-thread-1] INFO  server.RaftServerConfigKeys (ConfUtils.java:logGet(43)) - raft.server.log.segment.size.max = 1048576 (custom)
2019-10-02 07:38:31,920 [pool-47-thread-1] INFO  server.RaftServerConfigKeys (ConfUtils.java:logGet(43)) - raft.server.snapshot.auto.trigger.enabled = true (custom)
2019-10-02 07:38:31,919 [pool-57-thread-1] INFO  server.RaftServerConfigKeys (ConfUtils.java:logGet(43)) - raft.server.log.preallocated.size = 16384 (custom)
2019-10-02 07:38:31,920 [pool-47-thread-1] INFO  server.RaftServerConfigKeys (ConfUtils.java:logGet(43)) - raft.server.snapshot.auto.trigger.threshold = 10000 (custom)
2019-10-02 07:38:31,920 [pool-47-thread-1] INFO  server.RaftServerConfigKeys (ConfUtils.java:logGet(43)) - raft.server.snapshot.retention.file.num = 5 (custom)
2019-10-02 07:38:31,920 [pool-37-thread-1] INFO  server.RaftServerConfigKeys (ConfUtils.java:logGet(43)) - raft.server.log.preallocated.size = 16384 (custom)
2019-10-02 07:38:31,920 [pool-47-thread-1] INFO  server.RaftServerConfigKeys (ConfUtils.java:logGet(43)) - raft.server.retrycache.expirytime = 600000ms (custom)
2019-10-02 07:38:31,920 [pool-57-thread-1] INFO  server.RaftServerConfigKeys (ConfUtils.java:logGet(43)) - raft.server.log.write.buffer.size = 33554432 (custom)
2019-10-02 07:38:31,920 [pool-37-thread-1] INFO  server.RaftServerConfigKeys (ConfUtils.java:logGet(43)) - raft.server.log.write.buffer.size = 33554432 (custom)
2019-10-02 07:38:31,921 [pool-57-thread-1] INFO  server.RaftServerConfigKeys (ConfUtils.java:logGet(43)) - raft.server.log.force.sync.num = 128 (default)
2019-10-02 07:38:31,921 [pool-37-thread-1] INFO  server.RaftServerConfigKeys (ConfUtils.java:logGet(43)) - raft.server.log.force.sync.num = 128 (default)
2019-10-02 07:38:31,921 [pool-57-thread-1] INFO  server.RaftServerConfigKeys (ConfUtils.java:logGet(43)) - raft.server.log.statemachine.data.sync = true (default)
2019-10-02 07:38:31,921 [pool-37-thread-1] INFO  server.RaftServerConfigKeys (ConfUtils.java:logGet(43)) - raft.server.log.statemachine.data.sync = true (default)
2019-10-02 07:38:31,921 [pool-57-thread-1] INFO  server.RaftServerConfigKeys (ConfUtils.java:logGet(43)) - raft.server.log.statemachine.data.sync.timeout = 10s (default)
2019-10-02 07:38:31,922 [pool-37-thread-1] INFO  server.RaftServerConfigKeys (ConfUtils.java:logGet(43)) - raft.server.log.statemachine.data.sync.timeout = 10s (default)
2019-10-02 07:38:31,922 [pool-57-thread-1] INFO  server.RaftServerConfigKeys (ConfUtils.java:logGet(43)) - raft.server.log.statemachine.data.sync.timeout.retry = -1 (default)
2019-10-02 07:38:31,922 [pool-37-thread-1] INFO  server.RaftServerConfigKeys (ConfUtils.java:logGet(43)) - raft.server.log.statemachine.data.sync.timeout.retry = -1 (default)
2019-10-02 07:38:31,922 [pool-57-thread-1] INFO  server.RaftServerConfigKeys (ConfUtils.java:logGet(43)) - raft.server.log.statemachine.data.caching.enabled = true (custom)
2019-10-02 07:38:31,922 [pool-37-thread-1] INFO  server.RaftServerConfigKeys (ConfUtils.java:logGet(43)) - raft.server.log.statemachine.data.caching.enabled = true (custom)
2019-10-02 07:38:31,923 [pool-57-thread-1] INFO  segmented.SegmentedRaftLogWorker (SegmentedRaftLogWorker.java:lambda$new$0(128)) - cb6d8aa3-5895-49c1-85c3-41fbb4c04945@group-A89A9C097B60-SegmentedRaftLogWorker: flushIndex: setUnconditionally 0 -> -1
2019-10-02 07:38:31,923 [pool-37-thread-1] INFO  segmented.SegmentedRaftLogWorker (SegmentedRaftLogWorker.java:lambda$new$0(128)) - 1b828d8a-bca8-4046-ad6d-863244307b25@group-A89A9C097B60-SegmentedRaftLogWorker: flushIndex: setUnconditionally 0 -> -1
2019-10-02 07:38:31,923 [pool-57-thread-1] INFO  server.RaftServerConfigKeys (ConfUtils.java:logGet(43)) - raft.server.snapshot.auto.trigger.enabled = true (custom)
2019-10-02 07:38:31,923 [pool-57-thread-1] INFO  server.RaftServerConfigKeys (ConfUtils.java:logGet(43)) - raft.server.snapshot.auto.trigger.threshold = 10000 (custom)
2019-10-02 07:38:31,923 [pool-37-thread-1] INFO  server.RaftServerConfigKeys (ConfUtils.java:logGet(43)) - raft.server.snapshot.auto.trigger.enabled = true (custom)
2019-10-02 07:38:31,923 [pool-47-thread-1] INFO  impl.RaftServerImpl (RaftServerImpl.java:start(181)) - f465c0ec-0be9-4ae9-8f51-a8818d3fe0fc@group-A89A9C097B60: start as a follower, conf=-1: [cb6d8aa3-5895-49c1-85c3-41fbb4c04945:192.168.5.178:44476, 1b828d8a-bca8-4046-ad6d-863244307b25:192.168.5.178:42961, f465c0ec-0be9-4ae9-8f51-a8818d3fe0fc:192.168.5.178:34436], old=null
2019-10-02 07:38:31,923 [pool-57-thread-1] INFO  server.RaftServerConfigKeys (ConfUtils.java:logGet(43)) - raft.server.snapshot.retention.file.num = 5 (custom)
2019-10-02 07:38:31,924 [pool-47-thread-1] INFO  impl.RaftServerImpl (RaftServerImpl.java:setRole(170)) - f465c0ec-0be9-4ae9-8f51-a8818d3fe0fc@group-A89A9C097B60: changes role from      null to FOLLOWER at term 0 for startAsFollower
2019-10-02 07:38:31,923 [pool-37-thread-1] INFO  server.RaftServerConfigKeys (ConfUtils.java:logGet(43)) - raft.server.snapshot.auto.trigger.threshold = 10000 (custom)
2019-10-02 07:38:31,924 [pool-47-thread-1] INFO  impl.RoleInfo (RoleInfo.java:updateAndGet(143)) - f465c0ec-0be9-4ae9-8f51-a8818d3fe0fc: start FollowerState
2019-10-02 07:38:31,924 [pool-57-thread-1] INFO  server.RaftServerConfigKeys (ConfUtils.java:logGet(43)) - raft.server.retrycache.expirytime = 600000ms (custom)
2019-10-02 07:38:31,924 [pool-37-thread-1] INFO  server.RaftServerConfigKeys (ConfUtils.java:logGet(43)) - raft.server.snapshot.retention.file.num = 5 (custom)
2019-10-02 07:38:31,924 [pool-37-thread-1] INFO  server.RaftServerConfigKeys (ConfUtils.java:logGet(43)) - raft.server.retrycache.expirytime = 600000ms (custom)
2019-10-02 07:38:31,925 [pool-47-thread-1] INFO  util.JmxRegister (JmxRegister.java:tryRegister(44)) - Successfully registered JMX Bean with object name Ratis:service=RaftServer,group=group-A89A9C097B60,id=f465c0ec-0be9-4ae9-8f51-a8818d3fe0fc
2019-10-02 07:38:31,928 [pool-57-thread-1] INFO  impl.RaftServerImpl (RaftServerImpl.java:start(181)) - cb6d8aa3-5895-49c1-85c3-41fbb4c04945@group-A89A9C097B60: start as a follower, conf=-1: [cb6d8aa3-5895-49c1-85c3-41fbb4c04945:192.168.5.178:44476, 1b828d8a-bca8-4046-ad6d-863244307b25:192.168.5.178:42961, f465c0ec-0be9-4ae9-8f51-a8818d3fe0fc:192.168.5.178:34436], old=null
2019-10-02 07:38:31,928 [pool-57-thread-1] INFO  impl.RaftServerImpl (RaftServerImpl.java:setRole(170)) - cb6d8aa3-5895-49c1-85c3-41fbb4c04945@group-A89A9C097B60: changes role from      null to FOLLOWER at term 0 for startAsFollower
2019-10-02 07:38:31,928 [pool-57-thread-1] INFO  impl.RoleInfo (RoleInfo.java:updateAndGet(143)) - cb6d8aa3-5895-49c1-85c3-41fbb4c04945: start FollowerState
2019-10-02 07:38:31,929 [pool-37-thread-1] INFO  impl.RaftServerImpl (RaftServerImpl.java:start(181)) - 1b828d8a-bca8-4046-ad6d-863244307b25@group-A89A9C097B60: start as a follower, conf=-1: [cb6d8aa3-5895-49c1-85c3-41fbb4c04945:192.168.5.178:44476, 1b828d8a-bca8-4046-ad6d-863244307b25:192.168.5.178:42961, f465c0ec-0be9-4ae9-8f51-a8818d3fe0fc:192.168.5.178:34436], old=null
2019-10-02 07:38:31,929 [pool-57-thread-1] INFO  util.JmxRegister (JmxRegister.java:tryRegister(44)) - Successfully registered JMX Bean with object name Ratis:service=RaftServer,group=group-A89A9C097B60,id=cb6d8aa3-5895-49c1-85c3-41fbb4c04945
2019-10-02 07:38:31,929 [pool-37-thread-1] INFO  impl.RaftServerImpl (RaftServerImpl.java:setRole(170)) - 1b828d8a-bca8-4046-ad6d-863244307b25@group-A89A9C097B60: changes role from      null to FOLLOWER at term 0 for startAsFollower
2019-10-02 07:38:31,929 [pool-37-thread-1] INFO  impl.RoleInfo (RoleInfo.java:updateAndGet(143)) - 1b828d8a-bca8-4046-ad6d-863244307b25: start FollowerState
2019-10-02 07:38:31,930 [pool-37-thread-1] INFO  util.JmxRegister (JmxRegister.java:tryRegister(44)) - Successfully registered JMX Bean with object name Ratis:service=RaftServer,group=group-A89A9C097B60,id=1b828d8a-bca8-4046-ad6d-863244307b25
2019-10-02 07:38:31,934 [RatisPipelineUtilsThread] INFO  pipeline.PipelineStateManager (PipelineStateManager.java:addPipeline(56)) - Created pipeline Pipeline[ Id: ad153d69-c36a-44fb-b476-a89a9c097b60, Nodes: cb6d8aa3-5895-49c1-85c3-41fbb4c04945{ip: 192.168.5.178, host: pr-trunk-8bg6x-723665176, networkLocation: /default-rack, certSerialId: null}f465c0ec-0be9-4ae9-8f51-a8818d3fe0fc{ip: 192.168.5.178, host: pr-trunk-8bg6x-723665176, networkLocation: /default-rack, certSerialId: null}1b828d8a-bca8-4046-ad6d-863244307b25{ip: 192.168.5.178, host: pr-trunk-8bg6x-723665176, networkLocation: /default-rack, certSerialId: null}, Type:RATIS, Factor:THREE, State:OPEN]
2019-10-02 07:38:31,963 [java.util.concurrent.ThreadPoolExecutor$Worker@3a4cc1ae[State = -1, empty queue]] ERROR client.GrpcClientProtocolClient (GrpcClientProtocolClient.java:close(148)) - Unexpected exception while waiting for channel termination
java.lang.InterruptedException
	at java.util.concurrent.locks.AbstractQueuedSynchronizer.tryAcquireSharedNanos(AbstractQueuedSynchronizer.java:1326)
	at java.util.concurrent.CountDownLatch.await(CountDownLatch.java:277)
	at org.apache.ratis.thirdparty.io.grpc.internal.ManagedChannelImpl.awaitTermination(ManagedChannelImpl.java:763)
	at org.apache.ratis.thirdparty.io.grpc.internal.ForwardingManagedChannel.awaitTermination(ForwardingManagedChannel.java:57)
	at org.apache.ratis.thirdparty.io.grpc.internal.ManagedChannelOrphanWrapper.awaitTermination(ManagedChannelOrphanWrapper.java:70)
	at org.apache.ratis.grpc.client.GrpcClientProtocolClient.close(GrpcClientProtocolClient.java:146)
	at org.apache.ratis.util.PeerProxyMap$PeerAndProxy.lambda$close$1(PeerProxyMap.java:74)
	at org.apache.ratis.util.LifeCycle.lambda$checkStateAndClose$2(LifeCycle.java:231)
	at org.apache.ratis.util.LifeCycle.checkStateAndClose(LifeCycle.java:251)
	at org.apache.ratis.util.LifeCycle.checkStateAndClose(LifeCycle.java:229)
	at org.apache.ratis.util.PeerProxyMap$PeerAndProxy.close(PeerProxyMap.java:70)
	at org.apache.ratis.util.PeerProxyMap.resetProxy(PeerProxyMap.java:127)
	at org.apache.ratis.util.PeerProxyMap.handleException(PeerProxyMap.java:136)
	at org.apache.ratis.client.impl.RaftClientRpcWithProxy.handleException(RaftClientRpcWithProxy.java:47)
	at org.apache.ratis.client.impl.RaftClientImpl.handleIOException(RaftClientImpl.java:372)
	at org.apache.ratis.client.impl.OrderedAsync.lambda$sendRequest$10(OrderedAsync.java:236)
	at java.util.concurrent.CompletableFuture.uniExceptionally(CompletableFuture.java:870)
	at java.util.concurrent.CompletableFuture$UniExceptionally.tryFire(CompletableFuture.java:852)
	at java.util.concurrent.CompletableFuture.postComplete(CompletableFuture.java:474)
	at java.util.concurrent.CompletableFuture.completeExceptionally(CompletableFuture.java:1977)
	at org.apache.ratis.grpc.client.GrpcClientProtocolClient$AsyncStreamObservers.lambda$timeoutCheck$3(GrpcClientProtocolClient.java:324)
	at java.util.Optional.ifPresent(Optional.java:159)
	at org.apache.ratis.grpc.client.GrpcClientProtocolClient$AsyncStreamObservers.handleReplyFuture(GrpcClientProtocolClient.java:329)
	at org.apache.ratis.grpc.client.GrpcClientProtocolClient$AsyncStreamObservers.timeoutCheck(GrpcClientProtocolClient.java:324)
	at org.apache.ratis.grpc.client.GrpcClientProtocolClient$AsyncStreamObservers.lambda$onNext$1(GrpcClientProtocolClient.java:318)
	at org.apache.ratis.util.TimeoutScheduler.lambda$onTimeout$0(TimeoutScheduler.java:113)
	at org.apache.ratis.util.TimeoutScheduler.lambda$onTimeout$1(TimeoutScheduler.java:133)
	at org.apache.ratis.util.LogUtils.runAndLog(LogUtils.java:50)
	at org.apache.ratis.util.LogUtils$1.run(LogUtils.java:91)
	at java.util.concurrent.Executors$RunnableAdapter.call(Executors.java:511)
	at java.util.concurrent.FutureTask.run(FutureTask.java:266)
	at java.util.concurrent.ScheduledThreadPoolExecutor$ScheduledFutureTask.access$201(ScheduledThreadPoolExecutor.java:180)
	at java.util.concurrent.ScheduledThreadPoolExecutor$ScheduledFutureTask.run(ScheduledThreadPoolExecutor.java:293)
	at java.util.concurrent.ThreadPoolExecutor.runWorker(ThreadPoolExecutor.java:1149)
	at java.util.concurrent.ThreadPoolExecutor$Worker.run(ThreadPoolExecutor.java:624)
	at java.lang.Thread.run(Thread.java:748)
2019-10-02 07:38:31,966 [java.util.concurrent.ThreadPoolExecutor$Worker@3a4cc1ae[State = -1, empty queue]] WARN  util.TimeoutScheduler (LogUtils.java:runAndLog(55)) - Failed to task #0: java.lang.NullPointerException
2019-10-02 07:38:36,010 [java.util.concurrent.ThreadPoolExecutor$Worker@3b0d2dea[State = -1, empty queue]] ERROR client.GrpcClientProtocolClient (GrpcClientProtocolClient.java:close(148)) - Unexpected exception while waiting for channel termination
java.lang.InterruptedException
	at java.util.concurrent.locks.AbstractQueuedSynchronizer.tryAcquireSharedNanos(AbstractQueuedSynchronizer.java:1326)
	at java.util.concurrent.CountDownLatch.await(CountDownLatch.java:277)
	at org.apache.ratis.thirdparty.io.grpc.internal.ManagedChannelImpl.awaitTermination(ManagedChannelImpl.java:763)
	at org.apache.ratis.thirdparty.io.grpc.internal.ForwardingManagedChannel.awaitTermination(ForwardingManagedChannel.java:57)
	at org.apache.ratis.thirdparty.io.grpc.internal.ManagedChannelOrphanWrapper.awaitTermination(ManagedChannelOrphanWrapper.java:70)
	at org.apache.ratis.grpc.client.GrpcClientProtocolClient.close(GrpcClientProtocolClient.java:146)
	at org.apache.ratis.util.PeerProxyMap$PeerAndProxy.lambda$close$1(PeerProxyMap.java:74)
	at org.apache.ratis.util.LifeCycle.lambda$checkStateAndClose$2(LifeCycle.java:231)
	at org.apache.ratis.util.LifeCycle.checkStateAndClose(LifeCycle.java:251)
	at org.apache.ratis.util.LifeCycle.checkStateAndClose(LifeCycle.java:229)
	at org.apache.ratis.util.PeerProxyMap$PeerAndProxy.close(PeerProxyMap.java:70)
	at org.apache.ratis.util.PeerProxyMap.resetProxy(PeerProxyMap.java:127)
	at org.apache.ratis.util.PeerProxyMap.handleException(PeerProxyMap.java:136)
	at org.apache.ratis.client.impl.RaftClientRpcWithProxy.handleException(RaftClientRpcWithProxy.java:47)
	at org.apache.ratis.client.impl.RaftClientImpl.handleIOException(RaftClientImpl.java:372)
	at org.apache.ratis.client.impl.OrderedAsync.lambda$sendRequest$10(OrderedAsync.java:236)
	at java.util.concurrent.CompletableFuture.uniExceptionally(CompletableFuture.java:870)
	at java.util.concurrent.CompletableFuture$UniExceptionally.tryFire(CompletableFuture.java:852)
	at java.util.concurrent.CompletableFuture.postComplete(CompletableFuture.java:474)
	at java.util.concurrent.CompletableFuture.completeExceptionally(CompletableFuture.java:1977)
	at org.apache.ratis.grpc.client.GrpcClientProtocolClient$AsyncStreamObservers.lambda$timeoutCheck$3(GrpcClientProtocolClient.java:324)
	at java.util.Optional.ifPresent(Optional.java:159)
	at org.apache.ratis.grpc.client.GrpcClientProtocolClient$AsyncStreamObservers.handleReplyFuture(GrpcClientProtocolClient.java:329)
	at org.apache.ratis.grpc.client.GrpcClientProtocolClient$AsyncStreamObservers.timeoutCheck(GrpcClientProtocolClient.java:324)
	at org.apache.ratis.grpc.client.GrpcClientProtocolClient$AsyncStreamObservers.lambda$onNext$1(GrpcClientProtocolClient.java:318)
	at org.apache.ratis.util.TimeoutScheduler.lambda$onTimeout$0(TimeoutScheduler.java:113)
	at org.apache.ratis.util.TimeoutScheduler.lambda$onTimeout$1(TimeoutScheduler.java:133)
	at org.apache.ratis.util.LogUtils.runAndLog(LogUtils.java:50)
	at org.apache.ratis.util.LogUtils$1.run(LogUtils.java:91)
	at java.util.concurrent.Executors$RunnableAdapter.call(Executors.java:511)
	at java.util.concurrent.FutureTask.run(FutureTask.java:266)
	at java.util.concurrent.ScheduledThreadPoolExecutor$ScheduledFutureTask.access$201(ScheduledThreadPoolExecutor.java:180)
	at java.util.concurrent.ScheduledThreadPoolExecutor$ScheduledFutureTask.run(ScheduledThreadPoolExecutor.java:293)
	at java.util.concurrent.ThreadPoolExecutor.runWorker(ThreadPoolExecutor.java:1149)
	at java.util.concurrent.ThreadPoolExecutor$Worker.run(ThreadPoolExecutor.java:624)
	at java.lang.Thread.run(Thread.java:748)
2019-10-02 07:38:36,015 [java.util.concurrent.ThreadPoolExecutor$Worker@3b0d2dea[State = -1, empty queue]] WARN  util.TimeoutScheduler (LogUtils.java:runAndLog(55)) - Failed to task #0: java.lang.NullPointerException
2019-10-02 07:38:36,981 [Thread-1054] INFO  impl.FollowerState (FollowerState.java:run(108)) - 1b828d8a-bca8-4046-ad6d-863244307b25@group-A89A9C097B60-FollowerState: change to CANDIDATE, lastRpcTime:5051ms, electionTimeout:5051ms
2019-10-02 07:38:36,981 [Thread-1054] INFO  impl.RoleInfo (RoleInfo.java:shutdownFollowerState(121)) - 1b828d8a-bca8-4046-ad6d-863244307b25: shutdown FollowerState
2019-10-02 07:38:36,981 [Thread-1054] INFO  impl.RaftServerImpl (RaftServerImpl.java:setRole(170)) - 1b828d8a-bca8-4046-ad6d-863244307b25@group-A89A9C097B60: changes role from  FOLLOWER to CANDIDATE at term 0 for changeToCandidate
2019-10-02 07:38:36,982 [Thread-1054] INFO  impl.RoleInfo (RoleInfo.java:updateAndGet(143)) - 1b828d8a-bca8-4046-ad6d-863244307b25: start LeaderElection
2019-10-02 07:38:36,987 [Thread-1051] INFO  impl.FollowerState (FollowerState.java:run(108)) - f465c0ec-0be9-4ae9-8f51-a8818d3fe0fc@group-A89A9C097B60-FollowerState: change to CANDIDATE, lastRpcTime:5063ms, electionTimeout:5062ms
2019-10-02 07:38:36,989 [Thread-1051] INFO  impl.RoleInfo (RoleInfo.java:shutdownFollowerState(121)) - f465c0ec-0be9-4ae9-8f51-a8818d3fe0fc: shutdown FollowerState
2019-10-02 07:38:36,989 [Thread-1051] INFO  impl.RaftServerImpl (RaftServerImpl.java:setRole(170)) - f465c0ec-0be9-4ae9-8f51-a8818d3fe0fc@group-A89A9C097B60: changes role from  FOLLOWER to CANDIDATE at term 0 for changeToCandidate
2019-10-02 07:38:36,990 [Thread-1051] INFO  impl.RoleInfo (RoleInfo.java:updateAndGet(143)) - f465c0ec-0be9-4ae9-8f51-a8818d3fe0fc: start LeaderElection
2019-10-02 07:38:37,005 [1b828d8a-bca8-4046-ad6d-863244307b25@group-A89A9C097B60-LeaderElection15] INFO  impl.LeaderElection (LeaderElection.java:askForVotes(178)) - 1b828d8a-bca8-4046-ad6d-863244307b25@group-A89A9C097B60-LeaderElection15: begin an election at term 1 for -1: [cb6d8aa3-5895-49c1-85c3-41fbb4c04945:192.168.5.178:44476, 1b828d8a-bca8-4046-ad6d-863244307b25:192.168.5.178:42961, f465c0ec-0be9-4ae9-8f51-a8818d3fe0fc:192.168.5.178:34436], old=null
2019-10-02 07:38:37,005 [f465c0ec-0be9-4ae9-8f51-a8818d3fe0fc@group-A89A9C097B60-LeaderElection16] INFO  impl.LeaderElection (LeaderElection.java:askForVotes(178)) - f465c0ec-0be9-4ae9-8f51-a8818d3fe0fc@group-A89A9C097B60-LeaderElection16: begin an election at term 1 for -1: [cb6d8aa3-5895-49c1-85c3-41fbb4c04945:192.168.5.178:44476, 1b828d8a-bca8-4046-ad6d-863244307b25:192.168.5.178:42961, f465c0ec-0be9-4ae9-8f51-a8818d3fe0fc:192.168.5.178:34436], old=null
2019-10-02 07:38:37,010 [grpc-default-executor-10] INFO  impl.RaftServerImpl (RaftServerImpl.java:setRole(170)) - cb6d8aa3-5895-49c1-85c3-41fbb4c04945@group-A89A9C097B60: changes role from  FOLLOWER to FOLLOWER at term 1 for recognizeCandidate:f465c0ec-0be9-4ae9-8f51-a8818d3fe0fc
2019-10-02 07:38:37,010 [grpc-default-executor-10] INFO  impl.RoleInfo (RoleInfo.java:shutdownFollowerState(121)) - cb6d8aa3-5895-49c1-85c3-41fbb4c04945: shutdown FollowerState
2019-10-02 07:38:37,011 [grpc-default-executor-10] INFO  impl.RoleInfo (RoleInfo.java:updateAndGet(143)) - cb6d8aa3-5895-49c1-85c3-41fbb4c04945: start FollowerState
2019-10-02 07:38:37,011 [Thread-1053] INFO  impl.FollowerState (FollowerState.java:run(117)) - cb6d8aa3-5895-49c1-85c3-41fbb4c04945@group-A89A9C097B60-FollowerState was interrupted: java.lang.InterruptedException: sleep interrupted
2019-10-02 07:38:37,033 [1b828d8a-bca8-4046-ad6d-863244307b25@group-A89A9C097B60-LeaderElection15] INFO  impl.LeaderElection (LeaderElection.java:logAndReturn(56)) - 1b828d8a-bca8-4046-ad6d-863244307b25@group-A89A9C097B60-LeaderElection15: Election REJECTED; received 2 response(s) [1b828d8a-bca8-4046-ad6d-863244307b25<-cb6d8aa3-5895-49c1-85c3-41fbb4c04945#0:FAIL-t1, 1b828d8a-bca8-4046-ad6d-863244307b25<-f465c0ec-0be9-4ae9-8f51-a8818d3fe0fc#0:FAIL-t1] and 0 exception(s); 1b828d8a-bca8-4046-ad6d-863244307b25@group-A89A9C097B60:t1, leader=null, voted=1b828d8a-bca8-4046-ad6d-863244307b25, raftlog=1b828d8a-bca8-4046-ad6d-863244307b25@group-A89A9C097B60-SegmentedRaftLog:OPENED:c-1,f-1,i0, conf=-1: [cb6d8aa3-5895-49c1-85c3-41fbb4c04945:192.168.5.178:44476, 1b828d8a-bca8-4046-ad6d-863244307b25:192.168.5.178:42961, f465c0ec-0be9-4ae9-8f51-a8818d3fe0fc:192.168.5.178:34436], old=null
2019-10-02 07:38:37,033 [f465c0ec-0be9-4ae9-8f51-a8818d3fe0fc@group-A89A9C097B60-LeaderElection16] INFO  impl.LeaderElection (LeaderElection.java:logAndReturn(56)) - f465c0ec-0be9-4ae9-8f51-a8818d3fe0fc@group-A89A9C097B60-LeaderElection16: Election PASSED; received 2 response(s) [f465c0ec-0be9-4ae9-8f51-a8818d3fe0fc<-cb6d8aa3-5895-49c1-85c3-41fbb4c04945#0:OK-t1, f465c0ec-0be9-4ae9-8f51-a8818d3fe0fc<-1b828d8a-bca8-4046-ad6d-863244307b25#0:FAIL-t1] and 0 exception(s); f465c0ec-0be9-4ae9-8f51-a8818d3fe0fc@group-A89A9C097B60:t1, leader=null, voted=f465c0ec-0be9-4ae9-8f51-a8818d3fe0fc, raftlog=f465c0ec-0be9-4ae9-8f51-a8818d3fe0fc@group-A89A9C097B60-SegmentedRaftLog:OPENED:c-1,f-1,i0, conf=-1: [cb6d8aa3-5895-49c1-85c3-41fbb4c04945:192.168.5.178:44476, 1b828d8a-bca8-4046-ad6d-863244307b25:192.168.5.178:42961, f465c0ec-0be9-4ae9-8f51-a8818d3fe0fc:192.168.5.178:34436], old=null
2019-10-02 07:38:37,033 [1b828d8a-bca8-4046-ad6d-863244307b25@group-A89A9C097B60-LeaderElection15] INFO  impl.RaftServerImpl (RaftServerImpl.java:setRole(170)) - 1b828d8a-bca8-4046-ad6d-863244307b25@group-A89A9C097B60: changes role from CANDIDATE to FOLLOWER at term 1 for DISCOVERED_A_NEW_TERM
2019-10-02 07:38:37,035 [f465c0ec-0be9-4ae9-8f51-a8818d3fe0fc@group-A89A9C097B60-LeaderElection16] INFO  impl.RoleInfo (RoleInfo.java:shutdownLeaderElection(134)) - f465c0ec-0be9-4ae9-8f51-a8818d3fe0fc: shutdown LeaderElection
2019-10-02 07:38:37,037 [1b828d8a-bca8-4046-ad6d-863244307b25@group-A89A9C097B60-LeaderElection15] INFO  impl.RoleInfo (RoleInfo.java:shutdownLeaderElection(134)) - 1b828d8a-bca8-4046-ad6d-863244307b25: shutdown LeaderElection
2019-10-02 07:38:37,037 [f465c0ec-0be9-4ae9-8f51-a8818d3fe0fc@group-A89A9C097B60-LeaderElection16] INFO  impl.RaftServerImpl (RaftServerImpl.java:setRole(170)) - f465c0ec-0be9-4ae9-8f51-a8818d3fe0fc@group-A89A9C097B60: changes role from CANDIDATE to LEADER at term 1 for changeToLeader
2019-10-02 07:38:37,038 [1b828d8a-bca8-4046-ad6d-863244307b25@group-A89A9C097B60-LeaderElection15] INFO  impl.RoleInfo (RoleInfo.java:updateAndGet(143)) - 1b828d8a-bca8-4046-ad6d-863244307b25: start FollowerState
2019-10-02 07:38:37,038 [f465c0ec-0be9-4ae9-8f51-a8818d3fe0fc@group-A89A9C097B60-LeaderElection16] INFO  impl.RaftServerImpl (ServerState.java:setLeader(255)) - f465c0ec-0be9-4ae9-8f51-a8818d3fe0fc@group-A89A9C097B60: change Leader from null to f465c0ec-0be9-4ae9-8f51-a8818d3fe0fc at term 1 for becomeLeader, leader elected after 5124ms
2019-10-02 07:38:37,038 [f465c0ec-0be9-4ae9-8f51-a8818d3fe0fc@group-A89A9C097B60-LeaderElection16] INFO  server.RaftServerConfigKeys (ConfUtils.java:logGet(43)) - raft.server.staging.catchup.gap = 1000 (default)
2019-10-02 07:38:37,038 [f465c0ec-0be9-4ae9-8f51-a8818d3fe0fc@group-A89A9C097B60-LeaderElection16] INFO  server.RaftServerConfigKeys (ConfUtils.java:logGet(43)) - raft.server.rpc.sleep.time = 25ms (default)
2019-10-02 07:38:37,039 [f465c0ec-0be9-4ae9-8f51-a8818d3fe0fc@group-A89A9C097B60-LeaderElection16] INFO  server.RaftServerConfigKeys (ConfUtils.java:logGet(43)) - raft.server.write.element-limit = 4096 (default)
2019-10-02 07:38:37,039 [f465c0ec-0be9-4ae9-8f51-a8818d3fe0fc@group-A89A9C097B60-LeaderElection16] INFO  server.RaftServerConfigKeys (ConfUtils.java:logGet(43)) - raft.server.watch.timeout = 10s (default)
2019-10-02 07:38:37,039 [f465c0ec-0be9-4ae9-8f51-a8818d3fe0fc@group-A89A9C097B60-LeaderElection16] INFO  server.RaftServerConfigKeys (ConfUtils.java:logGet(43)) - raft.server.watch.timeout.denomination = 1s (default)
2019-10-02 07:38:37,039 [f465c0ec-0be9-4ae9-8f51-a8818d3fe0fc@group-A89A9C097B60-LeaderElection16] INFO  server.RaftServerConfigKeys (ConfUtils.java:logGet(43)) - raft.server.watch.element-limit = 65536 (default)
2019-10-02 07:38:37,042 [f465c0ec-0be9-4ae9-8f51-a8818d3fe0fc@group-A89A9C097B60-LeaderElection16] INFO  server.RaftServerConfigKeys (ConfUtils.java:logGet(43)) - raft.server.log.appender.snapshot.chunk.size.max = 16MB (=16777216) (default)
2019-10-02 07:38:37,042 [f465c0ec-0be9-4ae9-8f51-a8818d3fe0fc@group-A89A9C097B60-LeaderElection16] INFO  server.RaftServerConfigKeys (ConfUtils.java:logGet(43)) - raft.server.log.appender.buffer.byte-limit = 33554432 (custom)
2019-10-02 07:38:37,043 [f465c0ec-0be9-4ae9-8f51-a8818d3fe0fc@group-A89A9C097B60-LeaderElection16] INFO  server.RaftServerConfigKeys (ConfUtils.java:logGet(43)) - raft.server.log.appender.buffer.element-limit = 1 (custom)
2019-10-02 07:38:37,043 [f465c0ec-0be9-4ae9-8f51-a8818d3fe0fc@group-A89A9C097B60-LeaderElection16] INFO  grpc.GrpcConfigKeys$Server (ConfUtils.java:logGet(43)) - raft.grpc.server.leader.outstanding.appends.max = 128 (default)
2019-10-02 07:38:37,043 [f465c0ec-0be9-4ae9-8f51-a8818d3fe0fc@group-A89A9C097B60-LeaderElection16] INFO  server.RaftServerConfigKeys (ConfUtils.java:logGet(43)) - raft.server.rpc.request.timeout = 3000ms (default)
2019-10-02 07:38:37,043 [f465c0ec-0be9-4ae9-8f51-a8818d3fe0fc@group-A89A9C097B60-LeaderElection16] INFO  server.RaftServerConfigKeys (ConfUtils.java:logGet(43)) - raft.server.log.appender.install.snapshot.enabled = false (custom)
2019-10-02 07:38:37,043 [f465c0ec-0be9-4ae9-8f51-a8818d3fe0fc@group-A89A9C097B60-LeaderElection16] INFO  server.RaftServerConfigKeys (ConfUtils.java:logGet(43)) - raft.server.log.appender.snapshot.chunk.size.max = 16MB (=16777216) (default)
2019-10-02 07:38:37,044 [f465c0ec-0be9-4ae9-8f51-a8818d3fe0fc@group-A89A9C097B60-LeaderElection16] INFO  server.RaftServerConfigKeys (ConfUtils.java:logGet(43)) - raft.server.log.appender.buffer.byte-limit = 33554432 (custom)
2019-10-02 07:38:37,044 [f465c0ec-0be9-4ae9-8f51-a8818d3fe0fc@group-A89A9C097B60-LeaderElection16] INFO  server.RaftServerConfigKeys (ConfUtils.java:logGet(43)) - raft.server.log.appender.buffer.element-limit = 1 (custom)
2019-10-02 07:38:37,044 [f465c0ec-0be9-4ae9-8f51-a8818d3fe0fc@group-A89A9C097B60-LeaderElection16] INFO  grpc.GrpcConfigKeys$Server (ConfUtils.java:logGet(43)) - raft.grpc.server.leader.outstanding.appends.max = 128 (default)
2019-10-02 07:38:37,044 [f465c0ec-0be9-4ae9-8f51-a8818d3fe0fc@group-A89A9C097B60-LeaderElection16] INFO  server.RaftServerConfigKeys (ConfUtils.java:logGet(43)) - raft.server.rpc.request.timeout = 3000ms (default)
2019-10-02 07:38:37,044 [f465c0ec-0be9-4ae9-8f51-a8818d3fe0fc@group-A89A9C097B60-LeaderElection16] INFO  server.RaftServerConfigKeys (ConfUtils.java:logGet(43)) - raft.server.log.appender.install.snapshot.enabled = false (custom)
2019-10-02 07:38:37,045 [f465c0ec-0be9-4ae9-8f51-a8818d3fe0fc@group-A89A9C097B60-LeaderElection16] INFO  impl.RoleInfo (RoleInfo.java:updateAndGet(143)) - f465c0ec-0be9-4ae9-8f51-a8818d3fe0fc: start LeaderState
2019-10-02 07:38:37,045 [f465c0ec-0be9-4ae9-8f51-a8818d3fe0fc@group-A89A9C097B60-LeaderElection16] INFO  segmented.SegmentedRaftLogWorker (SegmentedRaftLogWorker.java:startLogSegment(385)) - f465c0ec-0be9-4ae9-8f51-a8818d3fe0fc@group-A89A9C097B60-SegmentedRaftLogWorker: Starting segment from index:0
2019-10-02 07:38:37,046 [f465c0ec-0be9-4ae9-8f51-a8818d3fe0fc@group-A89A9C097B60-LeaderElection16] INFO  impl.RaftServerImpl (ServerState.java:setRaftConf(356)) - f465c0ec-0be9-4ae9-8f51-a8818d3fe0fc@group-A89A9C097B60: set configuration 0: [cb6d8aa3-5895-49c1-85c3-41fbb4c04945:192.168.5.178:44476, 1b828d8a-bca8-4046-ad6d-863244307b25:192.168.5.178:42961, f465c0ec-0be9-4ae9-8f51-a8818d3fe0fc:192.168.5.178:34436], old=null at 0
2019-10-02 07:38:37,047 [grpc-default-executor-11] INFO  impl.RaftServerImpl (ServerState.java:setLeader(255)) - cb6d8aa3-5895-49c1-85c3-41fbb4c04945@group-A89A9C097B60: change Leader from null to f465c0ec-0be9-4ae9-8f51-a8818d3fe0fc at term 1 for appendEntries, leader elected after 5132ms
2019-10-02 07:38:37,047 [grpc-default-executor-10] INFO  impl.RaftServerImpl (ServerState.java:setLeader(255)) - 1b828d8a-bca8-4046-ad6d-863244307b25@group-A89A9C097B60: change Leader from null to f465c0ec-0be9-4ae9-8f51-a8818d3fe0fc at term 1 for appendEntries, leader elected after 5133ms
2019-10-02 07:38:37,049 [grpc-default-executor-10] INFO  impl.RaftServerImpl (ServerState.java:setRaftConf(356)) - cb6d8aa3-5895-49c1-85c3-41fbb4c04945@group-A89A9C097B60: set configuration 0: [cb6d8aa3-5895-49c1-85c3-41fbb4c04945:192.168.5.178:44476, 1b828d8a-bca8-4046-ad6d-863244307b25:192.168.5.178:42961, f465c0ec-0be9-4ae9-8f51-a8818d3fe0fc:192.168.5.178:34436], old=null at 0
2019-10-02 07:38:37,049 [grpc-default-executor-11] INFO  impl.RaftServerImpl (ServerState.java:setRaftConf(356)) - 1b828d8a-bca8-4046-ad6d-863244307b25@group-A89A9C097B60: set configuration 0: [cb6d8aa3-5895-49c1-85c3-41fbb4c04945:192.168.5.178:44476, 1b828d8a-bca8-4046-ad6d-863244307b25:192.168.5.178:42961, f465c0ec-0be9-4ae9-8f51-a8818d3fe0fc:192.168.5.178:34436], old=null at 0
2019-10-02 07:38:37,049 [grpc-default-executor-10] INFO  segmented.SegmentedRaftLogWorker (SegmentedRaftLogWorker.java:startLogSegment(385)) - cb6d8aa3-5895-49c1-85c3-41fbb4c04945@group-A89A9C097B60-SegmentedRaftLogWorker: Starting segment from index:0
2019-10-02 07:38:37,049 [grpc-default-executor-11] INFO  segmented.SegmentedRaftLogWorker (SegmentedRaftLogWorker.java:startLogSegment(385)) - 1b828d8a-bca8-4046-ad6d-863244307b25@group-A89A9C097B60-SegmentedRaftLogWorker: Starting segment from index:0
2019-10-02 07:38:37,096 [cb6d8aa3-5895-49c1-85c3-41fbb4c04945@group-A89A9C097B60-SegmentedRaftLogWorker] INFO  segmented.SegmentedRaftLogWorker (SegmentedRaftLogWorker.java:execute(574)) - cb6d8aa3-5895-49c1-85c3-41fbb4c04945@group-A89A9C097B60-SegmentedRaftLogWorker: created new log segment /workdir/hadoop-ozone/integration-test/target/test-dir/MiniOzoneClusterImpl-2816ce32-9f3d-4212-87e4-3e92bc85cde0/datanode-3/data/ratis/ad153d69-c36a-44fb-b476-a89a9c097b60/current/log_inprogress_0
2019-10-02 07:38:37,096 [1b828d8a-bca8-4046-ad6d-863244307b25@group-A89A9C097B60-SegmentedRaftLogWorker] INFO  segmented.SegmentedRaftLogWorker (SegmentedRaftLogWorker.java:execute(574)) - 1b828d8a-bca8-4046-ad6d-863244307b25@group-A89A9C097B60-SegmentedRaftLogWorker: created new log segment /workdir/hadoop-ozone/integration-test/target/test-dir/MiniOzoneClusterImpl-2816ce32-9f3d-4212-87e4-3e92bc85cde0/datanode-1/data/ratis/ad153d69-c36a-44fb-b476-a89a9c097b60/current/log_inprogress_0
2019-10-02 07:38:37,096 [f465c0ec-0be9-4ae9-8f51-a8818d3fe0fc@group-A89A9C097B60-SegmentedRaftLogWorker] INFO  segmented.SegmentedRaftLogWorker (SegmentedRaftLogWorker.java:execute(574)) - f465c0ec-0be9-4ae9-8f51-a8818d3fe0fc@group-A89A9C097B60-SegmentedRaftLogWorker: created new log segment /workdir/hadoop-ozone/integration-test/target/test-dir/MiniOzoneClusterImpl-2816ce32-9f3d-4212-87e4-3e92bc85cde0/datanode-2/data/ratis/ad153d69-c36a-44fb-b476-a89a9c097b60/current/log_inprogress_0
2019-10-02 07:38:40,044 [java.util.concurrent.ThreadPoolExecutor$Worker@578d7e78[State = -1, empty queue]] ERROR client.GrpcClientProtocolClient (GrpcClientProtocolClient.java:close(148)) - Unexpected exception while waiting for channel termination
java.lang.InterruptedException
	at java.util.concurrent.locks.AbstractQueuedSynchronizer.tryAcquireSharedNanos(AbstractQueuedSynchronizer.java:1326)
	at java.util.concurrent.CountDownLatch.await(CountDownLatch.java:277)
	at org.apache.ratis.thirdparty.io.grpc.internal.ManagedChannelImpl.awaitTermination(ManagedChannelImpl.java:763)
	at org.apache.ratis.thirdparty.io.grpc.internal.ForwardingManagedChannel.awaitTermination(ForwardingManagedChannel.java:57)
	at org.apache.ratis.thirdparty.io.grpc.internal.ManagedChannelOrphanWrapper.awaitTermination(ManagedChannelOrphanWrapper.java:70)
	at org.apache.ratis.grpc.client.GrpcClientProtocolClient.close(GrpcClientProtocolClient.java:146)
	at org.apache.ratis.util.PeerProxyMap$PeerAndProxy.lambda$close$1(PeerProxyMap.java:74)
	at org.apache.ratis.util.LifeCycle.lambda$checkStateAndClose$2(LifeCycle.java:231)
	at org.apache.ratis.util.LifeCycle.checkStateAndClose(LifeCycle.java:251)
	at org.apache.ratis.util.LifeCycle.checkStateAndClose(LifeCycle.java:229)
	at org.apache.ratis.util.PeerProxyMap$PeerAndProxy.close(PeerProxyMap.java:70)
	at org.apache.ratis.util.PeerProxyMap.resetProxy(PeerProxyMap.java:127)
	at org.apache.ratis.util.PeerProxyMap.handleException(PeerProxyMap.java:136)
	at org.apache.ratis.client.impl.RaftClientRpcWithProxy.handleException(RaftClientRpcWithProxy.java:47)
	at org.apache.ratis.client.impl.RaftClientImpl.handleIOException(RaftClientImpl.java:372)
	at org.apache.ratis.client.impl.OrderedAsync.lambda$sendRequest$10(OrderedAsync.java:236)
	at java.util.concurrent.CompletableFuture.uniExceptionally(CompletableFuture.java:870)
	at java.util.concurrent.CompletableFuture$UniExceptionally.tryFire(CompletableFuture.java:852)
	at java.util.concurrent.CompletableFuture.postComplete(CompletableFuture.java:474)
	at java.util.concurrent.CompletableFuture.completeExceptionally(CompletableFuture.java:1977)
	at org.apache.ratis.grpc.client.GrpcClientProtocolClient$AsyncStreamObservers.lambda$timeoutCheck$3(GrpcClientProtocolClient.java:324)
	at java.util.Optional.ifPresent(Optional.java:159)
	at org.apache.ratis.grpc.client.GrpcClientProtocolClient$AsyncStreamObservers.handleReplyFuture(GrpcClientProtocolClient.java:329)
	at org.apache.ratis.grpc.client.GrpcClientProtocolClient$AsyncStreamObservers.timeoutCheck(GrpcClientProtocolClient.java:324)
	at org.apache.ratis.grpc.client.GrpcClientProtocolClient$AsyncStreamObservers.lambda$onNext$1(GrpcClientProtocolClient.java:318)
	at org.apache.ratis.util.TimeoutScheduler.lambda$onTimeout$0(TimeoutScheduler.java:113)
	at org.apache.ratis.util.TimeoutScheduler.lambda$onTimeout$1(TimeoutScheduler.java:133)
	at org.apache.ratis.util.LogUtils.runAndLog(LogUtils.java:50)
	at org.apache.ratis.util.LogUtils$1.run(LogUtils.java:91)
	at java.util.concurrent.Executors$RunnableAdapter.call(Executors.java:511)
	at java.util.concurrent.FutureTask.run(FutureTask.java:266)
	at java.util.concurrent.ScheduledThreadPoolExecutor$ScheduledFutureTask.access$201(ScheduledThreadPoolExecutor.java:180)
	at java.util.concurrent.ScheduledThreadPoolExecutor$ScheduledFutureTask.run(ScheduledThreadPoolExecutor.java:293)
	at java.util.concurrent.ThreadPoolExecutor.runWorker(ThreadPoolExecutor.java:1149)
	at java.util.concurrent.ThreadPoolExecutor$Worker.run(ThreadPoolExecutor.java:624)
	at java.lang.Thread.run(Thread.java:748)
2019-10-02 07:38:40,045 [java.util.concurrent.ThreadPoolExecutor$Worker@578d7e78[State = -1, empty queue]] WARN  util.TimeoutScheduler (LogUtils.java:runAndLog(55)) - Failed to task #0: java.lang.NullPointerException
2019-10-02 07:38:44,078 [java.util.concurrent.ThreadPoolExecutor$Worker@20384110[State = -1, empty queue]] ERROR client.GrpcClientProtocolClient (GrpcClientProtocolClient.java:close(148)) - Unexpected exception while waiting for channel termination
java.lang.InterruptedException
	at java.util.concurrent.locks.AbstractQueuedSynchronizer.tryAcquireSharedNanos(AbstractQueuedSynchronizer.java:1326)
	at java.util.concurrent.CountDownLatch.await(CountDownLatch.java:277)
	at org.apache.ratis.thirdparty.io.grpc.internal.ManagedChannelImpl.awaitTermination(ManagedChannelImpl.java:763)
	at org.apache.ratis.thirdparty.io.grpc.internal.ForwardingManagedChannel.awaitTermination(ForwardingManagedChannel.java:57)
	at org.apache.ratis.thirdparty.io.grpc.internal.ManagedChannelOrphanWrapper.awaitTermination(ManagedChannelOrphanWrapper.java:70)
	at org.apache.ratis.grpc.client.GrpcClientProtocolClient.close(GrpcClientProtocolClient.java:146)
	at org.apache.ratis.util.PeerProxyMap$PeerAndProxy.lambda$close$1(PeerProxyMap.java:74)
	at org.apache.ratis.util.LifeCycle.lambda$checkStateAndClose$2(LifeCycle.java:231)
	at org.apache.ratis.util.LifeCycle.checkStateAndClose(LifeCycle.java:251)
	at org.apache.ratis.util.LifeCycle.checkStateAndClose(LifeCycle.java:229)
	at org.apache.ratis.util.PeerProxyMap$PeerAndProxy.close(PeerProxyMap.java:70)
	at org.apache.ratis.util.PeerProxyMap.resetProxy(PeerProxyMap.java:127)
	at org.apache.ratis.util.PeerProxyMap.handleException(PeerProxyMap.java:136)
	at org.apache.ratis.client.impl.RaftClientRpcWithProxy.handleException(RaftClientRpcWithProxy.java:47)
	at org.apache.ratis.client.impl.RaftClientImpl.handleIOException(RaftClientImpl.java:372)
	at org.apache.ratis.client.impl.OrderedAsync.lambda$sendRequest$10(OrderedAsync.java:236)
	at java.util.concurrent.CompletableFuture.uniExceptionally(CompletableFuture.java:870)
	at java.util.concurrent.CompletableFuture$UniExceptionally.tryFire(CompletableFuture.java:852)
	at java.util.concurrent.CompletableFuture.postComplete(CompletableFuture.java:474)
	at java.util.concurrent.CompletableFuture.completeExceptionally(CompletableFuture.java:1977)
	at org.apache.ratis.grpc.client.GrpcClientProtocolClient$AsyncStreamObservers.lambda$timeoutCheck$3(GrpcClientProtocolClient.java:324)
	at java.util.Optional.ifPresent(Optional.java:159)
	at org.apache.ratis.grpc.client.GrpcClientProtocolClient$AsyncStreamObservers.handleReplyFuture(GrpcClientProtocolClient.java:329)
	at org.apache.ratis.grpc.client.GrpcClientProtocolClient$AsyncStreamObservers.timeoutCheck(GrpcClientProtocolClient.java:324)
	at org.apache.ratis.grpc.client.GrpcClientProtocolClient$AsyncStreamObservers.lambda$onNext$1(GrpcClientProtocolClient.java:318)
	at org.apache.ratis.util.TimeoutScheduler.lambda$onTimeout$0(TimeoutScheduler.java:113)
	at org.apache.ratis.util.TimeoutScheduler.lambda$onTimeout$1(TimeoutScheduler.java:133)
	at org.apache.ratis.util.LogUtils.runAndLog(LogUtils.java:50)
	at org.apache.ratis.util.LogUtils$1.run(LogUtils.java:91)
	at java.util.concurrent.Executors$RunnableAdapter.call(Executors.java:511)
	at java.util.concurrent.FutureTask.run(FutureTask.java:266)
	at java.util.concurrent.ScheduledThreadPoolExecutor$ScheduledFutureTask.access$201(ScheduledThreadPoolExecutor.java:180)
	at java.util.concurrent.ScheduledThreadPoolExecutor$ScheduledFutureTask.run(ScheduledThreadPoolExecutor.java:293)
	at java.util.concurrent.ThreadPoolExecutor.runWorker(ThreadPoolExecutor.java:1149)
	at java.util.concurrent.ThreadPoolExecutor$Worker.run(ThreadPoolExecutor.java:624)
	at java.lang.Thread.run(Thread.java:748)
2019-10-02 07:38:44,080 [java.util.concurrent.ThreadPoolExecutor$Worker@20384110[State = -1, empty queue]] WARN  util.TimeoutScheduler (LogUtils.java:runAndLog(55)) - Failed to task #0: java.lang.NullPointerException
2019-10-02 07:38:48,114 [java.util.concurrent.ThreadPoolExecutor$Worker@392b994d[State = -1, empty queue]] ERROR client.GrpcClientProtocolClient (GrpcClientProtocolClient.java:close(148)) - Unexpected exception while waiting for channel termination
java.lang.InterruptedException
	at java.util.concurrent.locks.AbstractQueuedSynchronizer.tryAcquireSharedNanos(AbstractQueuedSynchronizer.java:1326)
	at java.util.concurrent.CountDownLatch.await(CountDownLatch.java:277)
	at org.apache.ratis.thirdparty.io.grpc.internal.ManagedChannelImpl.awaitTermination(ManagedChannelImpl.java:763)
	at org.apache.ratis.thirdparty.io.grpc.internal.ForwardingManagedChannel.awaitTermination(ForwardingManagedChannel.java:57)
	at org.apache.ratis.thirdparty.io.grpc.internal.ManagedChannelOrphanWrapper.awaitTermination(ManagedChannelOrphanWrapper.java:70)
	at org.apache.ratis.grpc.client.GrpcClientProtocolClient.close(GrpcClientProtocolClient.java:146)
	at org.apache.ratis.util.PeerProxyMap$PeerAndProxy.lambda$close$1(PeerProxyMap.java:74)
	at org.apache.ratis.util.LifeCycle.lambda$checkStateAndClose$2(LifeCycle.java:231)
	at org.apache.ratis.util.LifeCycle.checkStateAndClose(LifeCycle.java:251)
	at org.apache.ratis.util.LifeCycle.checkStateAndClose(LifeCycle.java:229)
	at org.apache.ratis.util.PeerProxyMap$PeerAndProxy.close(PeerProxyMap.java:70)
	at org.apache.ratis.util.PeerProxyMap.resetProxy(PeerProxyMap.java:127)
	at org.apache.ratis.util.PeerProxyMap.handleException(PeerProxyMap.java:136)
	at org.apache.ratis.client.impl.RaftClientRpcWithProxy.handleException(RaftClientRpcWithProxy.java:47)
	at org.apache.ratis.client.impl.RaftClientImpl.handleIOException(RaftClientImpl.java:372)
	at org.apache.ratis.client.impl.OrderedAsync.lambda$sendRequest$10(OrderedAsync.java:236)
	at java.util.concurrent.CompletableFuture.uniExceptionally(CompletableFuture.java:870)
	at java.util.concurrent.CompletableFuture$UniExceptionally.tryFire(CompletableFuture.java:852)
	at java.util.concurrent.CompletableFuture.postComplete(CompletableFuture.java:474)
	at java.util.concurrent.CompletableFuture.completeExceptionally(CompletableFuture.java:1977)
	at org.apache.ratis.grpc.client.GrpcClientProtocolClient$AsyncStreamObservers.lambda$timeoutCheck$3(GrpcClientProtocolClient.java:324)
	at java.util.Optional.ifPresent(Optional.java:159)
	at org.apache.ratis.grpc.client.GrpcClientProtocolClient$AsyncStreamObservers.handleReplyFuture(GrpcClientProtocolClient.java:329)
	at org.apache.ratis.grpc.client.GrpcClientProtocolClient$AsyncStreamObservers.timeoutCheck(GrpcClientProtocolClient.java:324)
	at org.apache.ratis.grpc.client.GrpcClientProtocolClient$AsyncStreamObservers.lambda$onNext$1(GrpcClientProtocolClient.java:318)
	at org.apache.ratis.util.TimeoutScheduler.lambda$onTimeout$0(TimeoutScheduler.java:113)
	at org.apache.ratis.util.TimeoutScheduler.lambda$onTimeout$1(TimeoutScheduler.java:133)
	at org.apache.ratis.util.LogUtils.runAndLog(LogUtils.java:50)
	at org.apache.ratis.util.LogUtils$1.run(LogUtils.java:91)
	at java.util.concurrent.Executors$RunnableAdapter.call(Executors.java:511)
	at java.util.concurrent.FutureTask.run(FutureTask.java:266)
	at java.util.concurrent.ScheduledThreadPoolExecutor$ScheduledFutureTask.access$201(ScheduledThreadPoolExecutor.java:180)
	at java.util.concurrent.ScheduledThreadPoolExecutor$ScheduledFutureTask.run(ScheduledThreadPoolExecutor.java:293)
	at java.util.concurrent.ThreadPoolExecutor.runWorker(ThreadPoolExecutor.java:1149)
	at java.util.concurrent.ThreadPoolExecutor$Worker.run(ThreadPoolExecutor.java:624)
	at java.lang.Thread.run(Thread.java:748)
2019-10-02 07:38:48,118 [java.util.concurrent.ThreadPoolExecutor$Worker@392b994d[State = -1, empty queue]] WARN  util.TimeoutScheduler (LogUtils.java:runAndLog(55)) - Failed to task #0: java.lang.NullPointerException
2019-10-02 07:38:52,148 [java.util.concurrent.ThreadPoolExecutor$Worker@8350eb6[State = -1, empty queue]] ERROR client.GrpcClientProtocolClient (GrpcClientProtocolClient.java:close(148)) - Unexpected exception while waiting for channel termination
java.lang.InterruptedException
	at java.util.concurrent.locks.AbstractQueuedSynchronizer.tryAcquireSharedNanos(AbstractQueuedSynchronizer.java:1326)
	at java.util.concurrent.CountDownLatch.await(CountDownLatch.java:277)
	at org.apache.ratis.thirdparty.io.grpc.internal.ManagedChannelImpl.awaitTermination(ManagedChannelImpl.java:763)
	at org.apache.ratis.thirdparty.io.grpc.internal.ForwardingManagedChannel.awaitTermination(ForwardingManagedChannel.java:57)
	at org.apache.ratis.thirdparty.io.grpc.internal.ManagedChannelOrphanWrapper.awaitTermination(ManagedChannelOrphanWrapper.java:70)
	at org.apache.ratis.grpc.client.GrpcClientProtocolClient.close(GrpcClientProtocolClient.java:146)
	at org.apache.ratis.util.PeerProxyMap$PeerAndProxy.lambda$close$1(PeerProxyMap.java:74)
	at org.apache.ratis.util.LifeCycle.lambda$checkStateAndClose$2(LifeCycle.java:231)
	at org.apache.ratis.util.LifeCycle.checkStateAndClose(LifeCycle.java:251)
	at org.apache.ratis.util.LifeCycle.checkStateAndClose(LifeCycle.java:229)
	at org.apache.ratis.util.PeerProxyMap$PeerAndProxy.close(PeerProxyMap.java:70)
	at org.apache.ratis.util.PeerProxyMap.resetProxy(PeerProxyMap.java:127)
	at org.apache.ratis.util.PeerProxyMap.handleException(PeerProxyMap.java:136)
	at org.apache.ratis.client.impl.RaftClientRpcWithProxy.handleException(RaftClientRpcWithProxy.java:47)
	at org.apache.ratis.client.impl.RaftClientImpl.handleIOException(RaftClientImpl.java:372)
	at org.apache.ratis.client.impl.OrderedAsync.lambda$sendRequest$10(OrderedAsync.java:236)
	at java.util.concurrent.CompletableFuture.uniExceptionally(CompletableFuture.java:870)
	at java.util.concurrent.CompletableFuture$UniExceptionally.tryFire(CompletableFuture.java:852)
	at java.util.concurrent.CompletableFuture.postComplete(CompletableFuture.java:474)
	at java.util.concurrent.CompletableFuture.completeExceptionally(CompletableFuture.java:1977)
	at org.apache.ratis.grpc.client.GrpcClientProtocolClient$AsyncStreamObservers.lambda$timeoutCheck$3(GrpcClientProtocolClient.java:324)
	at java.util.Optional.ifPresent(Optional.java:159)
	at org.apache.ratis.grpc.client.GrpcClientProtocolClient$AsyncStreamObservers.handleReplyFuture(GrpcClientProtocolClient.java:329)
	at org.apache.ratis.grpc.client.GrpcClientProtocolClient$AsyncStreamObservers.timeoutCheck(GrpcClientProtocolClient.java:324)
	at org.apache.ratis.grpc.client.GrpcClientProtocolClient$AsyncStreamObservers.lambda$onNext$1(GrpcClientProtocolClient.java:318)
	at org.apache.ratis.util.TimeoutScheduler.lambda$onTimeout$0(TimeoutScheduler.java:113)
	at org.apache.ratis.util.TimeoutScheduler.lambda$onTimeout$1(TimeoutScheduler.java:133)
	at org.apache.ratis.util.LogUtils.runAndLog(LogUtils.java:50)
	at org.apache.ratis.util.LogUtils$1.run(LogUtils.java:91)
	at java.util.concurrent.Executors$RunnableAdapter.call(Executors.java:511)
	at java.util.concurrent.FutureTask.run(FutureTask.java:266)
	at java.util.concurrent.ScheduledThreadPoolExecutor$ScheduledFutureTask.access$201(ScheduledThreadPoolExecutor.java:180)
	at java.util.concurrent.ScheduledThreadPoolExecutor$ScheduledFutureTask.run(ScheduledThreadPoolExecutor.java:293)
	at java.util.concurrent.ThreadPoolExecutor.runWorker(ThreadPoolExecutor.java:1149)
	at java.util.concurrent.ThreadPoolExecutor$Worker.run(ThreadPoolExecutor.java:624)
	at java.lang.Thread.run(Thread.java:748)
2019-10-02 07:38:52,151 [java.util.concurrent.ThreadPoolExecutor$Worker@8350eb6[State = -1, empty queue]] WARN  util.TimeoutScheduler (LogUtils.java:runAndLog(55)) - Failed to task #0: java.lang.NullPointerException
2019-10-02 07:38:56,191 [java.util.concurrent.ThreadPoolExecutor$Worker@79920ca1[State = -1, empty queue]] ERROR client.GrpcClientProtocolClient (GrpcClientProtocolClient.java:close(148)) - Unexpected exception while waiting for channel termination
java.lang.InterruptedException
	at java.util.concurrent.locks.AbstractQueuedSynchronizer.tryAcquireSharedNanos(AbstractQueuedSynchronizer.java:1326)
	at java.util.concurrent.CountDownLatch.await(CountDownLatch.java:277)
	at org.apache.ratis.thirdparty.io.grpc.internal.ManagedChannelImpl.awaitTermination(ManagedChannelImpl.java:763)
	at org.apache.ratis.thirdparty.io.grpc.internal.ForwardingManagedChannel.awaitTermination(ForwardingManagedChannel.java:57)
	at org.apache.ratis.thirdparty.io.grpc.internal.ManagedChannelOrphanWrapper.awaitTermination(ManagedChannelOrphanWrapper.java:70)
	at org.apache.ratis.grpc.client.GrpcClientProtocolClient.close(GrpcClientProtocolClient.java:146)
	at org.apache.ratis.util.PeerProxyMap$PeerAndProxy.lambda$close$1(PeerProxyMap.java:74)
	at org.apache.ratis.util.LifeCycle.lambda$checkStateAndClose$2(LifeCycle.java:231)
	at org.apache.ratis.util.LifeCycle.checkStateAndClose(LifeCycle.java:251)
	at org.apache.ratis.util.LifeCycle.checkStateAndClose(LifeCycle.java:229)
	at org.apache.ratis.util.PeerProxyMap$PeerAndProxy.close(PeerProxyMap.java:70)
	at org.apache.ratis.util.PeerProxyMap.resetProxy(PeerProxyMap.java:127)
	at org.apache.ratis.util.PeerProxyMap.handleException(PeerProxyMap.java:136)
	at org.apache.ratis.client.impl.RaftClientRpcWithProxy.handleException(RaftClientRpcWithProxy.java:47)
	at org.apache.ratis.client.impl.RaftClientImpl.handleIOException(RaftClientImpl.java:372)
	at org.apache.ratis.client.impl.OrderedAsync.lambda$sendRequest$10(OrderedAsync.java:236)
	at java.util.concurrent.CompletableFuture.uniExceptionally(CompletableFuture.java:870)
	at java.util.concurrent.CompletableFuture$UniExceptionally.tryFire(CompletableFuture.java:852)
	at java.util.concurrent.CompletableFuture.postComplete(CompletableFuture.java:474)
	at java.util.concurrent.CompletableFuture.completeExceptionally(CompletableFuture.java:1977)
	at org.apache.ratis.grpc.client.GrpcClientProtocolClient$AsyncStreamObservers.lambda$timeoutCheck$3(GrpcClientProtocolClient.java:324)
	at java.util.Optional.ifPresent(Optional.java:159)
	at org.apache.ratis.grpc.client.GrpcClientProtocolClient$AsyncStreamObservers.handleReplyFuture(GrpcClientProtocolClient.java:329)
	at org.apache.ratis.grpc.client.GrpcClientProtocolClient$AsyncStreamObservers.timeoutCheck(GrpcClientProtocolClient.java:324)
	at org.apache.ratis.grpc.client.GrpcClientProtocolClient$AsyncStreamObservers.lambda$onNext$1(GrpcClientProtocolClient.java:318)
	at org.apache.ratis.util.TimeoutScheduler.lambda$onTimeout$0(TimeoutScheduler.java:113)
	at org.apache.ratis.util.TimeoutScheduler.lambda$onTimeout$1(TimeoutScheduler.java:133)
	at org.apache.ratis.util.LogUtils.runAndLog(LogUtils.java:50)
	at org.apache.ratis.util.LogUtils$1.run(LogUtils.java:91)
	at java.util.concurrent.Executors$RunnableAdapter.call(Executors.java:511)
	at java.util.concurrent.FutureTask.run(FutureTask.java:266)
	at java.util.concurrent.ScheduledThreadPoolExecutor$ScheduledFutureTask.access$201(ScheduledThreadPoolExecutor.java:180)
	at java.util.concurrent.ScheduledThreadPoolExecutor$ScheduledFutureTask.run(ScheduledThreadPoolExecutor.java:293)
	at java.util.concurrent.ThreadPoolExecutor.runWorker(ThreadPoolExecutor.java:1149)
	at java.util.concurrent.ThreadPoolExecutor$Worker.run(ThreadPoolExecutor.java:624)
	at java.lang.Thread.run(Thread.java:748)
2019-10-02 07:38:56,192 [java.util.concurrent.ThreadPoolExecutor$Worker@79920ca1[State = -1, empty queue]] WARN  util.TimeoutScheduler (LogUtils.java:runAndLog(55)) - Failed to task #0: java.lang.NullPointerException
2019-10-02 07:39:00,252 [java.util.concurrent.ThreadPoolExecutor$Worker@422b2b8a[State = -1, empty queue]] ERROR client.GrpcClientProtocolClient (GrpcClientProtocolClient.java:close(148)) - Unexpected exception while waiting for channel termination
java.lang.InterruptedException
	at java.util.concurrent.locks.AbstractQueuedSynchronizer.tryAcquireSharedNanos(AbstractQueuedSynchronizer.java:1326)
	at java.util.concurrent.CountDownLatch.await(CountDownLatch.java:277)
	at org.apache.ratis.thirdparty.io.grpc.internal.ManagedChannelImpl.awaitTermination(ManagedChannelImpl.java:763)
	at org.apache.ratis.thirdparty.io.grpc.internal.ForwardingManagedChannel.awaitTermination(ForwardingManagedChannel.java:57)
	at org.apache.ratis.thirdparty.io.grpc.internal.ManagedChannelOrphanWrapper.awaitTermination(ManagedChannelOrphanWrapper.java:70)
	at org.apache.ratis.grpc.client.GrpcClientProtocolClient.close(GrpcClientProtocolClient.java:146)
	at org.apache.ratis.util.PeerProxyMap$PeerAndProxy.lambda$close$1(PeerProxyMap.java:74)
	at org.apache.ratis.util.LifeCycle.lambda$checkStateAndClose$2(LifeCycle.java:231)
	at org.apache.ratis.util.LifeCycle.checkStateAndClose(LifeCycle.java:251)
	at org.apache.ratis.util.LifeCycle.checkStateAndClose(LifeCycle.java:229)
	at org.apache.ratis.util.PeerProxyMap$PeerAndProxy.close(PeerProxyMap.java:70)
	at org.apache.ratis.util.PeerProxyMap.resetProxy(PeerProxyMap.java:127)
	at org.apache.ratis.util.PeerProxyMap.handleException(PeerProxyMap.java:136)
	at org.apache.ratis.client.impl.RaftClientRpcWithProxy.handleException(RaftClientRpcWithProxy.java:47)
	at org.apache.ratis.client.impl.RaftClientImpl.handleIOException(RaftClientImpl.java:372)
	at org.apache.ratis.client.impl.OrderedAsync.lambda$sendRequest$10(OrderedAsync.java:236)
	at java.util.concurrent.CompletableFuture.uniExceptionally(CompletableFuture.java:870)
	at java.util.concurrent.CompletableFuture$UniExceptionally.tryFire(CompletableFuture.java:852)
	at java.util.concurrent.CompletableFuture.postComplete(CompletableFuture.java:474)
	at java.util.concurrent.CompletableFuture.completeExceptionally(CompletableFuture.java:1977)
	at org.apache.ratis.grpc.client.GrpcClientProtocolClient$AsyncStreamObservers.lambda$timeoutCheck$3(GrpcClientProtocolClient.java:324)
	at java.util.Optional.ifPresent(Optional.java:159)
	at org.apache.ratis.grpc.client.GrpcClientProtocolClient$AsyncStreamObservers.handleReplyFuture(GrpcClientProtocolClient.java:329)
	at org.apache.ratis.grpc.client.GrpcClientProtocolClient$AsyncStreamObservers.timeoutCheck(GrpcClientProtocolClient.java:324)
	at org.apache.ratis.grpc.client.GrpcClientProtocolClient$AsyncStreamObservers.lambda$onNext$1(GrpcClientProtocolClient.java:318)
	at org.apache.ratis.util.TimeoutScheduler.lambda$onTimeout$0(TimeoutScheduler.java:113)
	at org.apache.ratis.util.TimeoutScheduler.lambda$onTimeout$1(TimeoutScheduler.java:133)
	at org.apache.ratis.util.LogUtils.runAndLog(LogUtils.java:50)
	at org.apache.ratis.util.LogUtils$1.run(LogUtils.java:91)
	at java.util.concurrent.Executors$RunnableAdapter.call(Executors.java:511)
	at java.util.concurrent.FutureTask.run(FutureTask.java:266)
	at java.util.concurrent.ScheduledThreadPoolExecutor$ScheduledFutureTask.access$201(ScheduledThreadPoolExecutor.java:180)
	at java.util.concurrent.ScheduledThreadPoolExecutor$ScheduledFutureTask.run(ScheduledThreadPoolExecutor.java:293)
	at java.util.concurrent.ThreadPoolExecutor.runWorker(ThreadPoolExecutor.java:1149)
	at java.util.concurrent.ThreadPoolExecutor$Worker.run(ThreadPoolExecutor.java:624)
	at java.lang.Thread.run(Thread.java:748)
2019-10-02 07:39:00,255 [java.util.concurrent.ThreadPoolExecutor$Worker@422b2b8a[State = -1, empty queue]] WARN  util.TimeoutScheduler (LogUtils.java:runAndLog(55)) - Failed to task #0: java.lang.NullPointerException
2019-10-02 07:39:04,302 [java.util.concurrent.ThreadPoolExecutor$Worker@2f0b70d9[State = -1, empty queue]] ERROR client.GrpcClientProtocolClient (GrpcClientProtocolClient.java:close(148)) - Unexpected exception while waiting for channel termination
java.lang.InterruptedException
	at java.util.concurrent.locks.AbstractQueuedSynchronizer.tryAcquireSharedNanos(AbstractQueuedSynchronizer.java:1326)
	at java.util.concurrent.CountDownLatch.await(CountDownLatch.java:277)
	at org.apache.ratis.thirdparty.io.grpc.internal.ManagedChannelImpl.awaitTermination(ManagedChannelImpl.java:763)
	at org.apache.ratis.thirdparty.io.grpc.internal.ForwardingManagedChannel.awaitTermination(ForwardingManagedChannel.java:57)
	at org.apache.ratis.thirdparty.io.grpc.internal.ManagedChannelOrphanWrapper.awaitTermination(ManagedChannelOrphanWrapper.java:70)
	at org.apache.ratis.grpc.client.GrpcClientProtocolClient.close(GrpcClientProtocolClient.java:146)
	at org.apache.ratis.util.PeerProxyMap$PeerAndProxy.lambda$close$1(PeerProxyMap.java:74)
	at org.apache.ratis.util.LifeCycle.lambda$checkStateAndClose$2(LifeCycle.java:231)
	at org.apache.ratis.util.LifeCycle.checkStateAndClose(LifeCycle.java:251)
	at org.apache.ratis.util.LifeCycle.checkStateAndClose(LifeCycle.java:229)
	at org.apache.ratis.util.PeerProxyMap$PeerAndProxy.close(PeerProxyMap.java:70)
	at org.apache.ratis.util.PeerProxyMap.resetProxy(PeerProxyMap.java:127)
	at org.apache.ratis.util.PeerProxyMap.handleException(PeerProxyMap.java:136)
	at org.apache.ratis.client.impl.RaftClientRpcWithProxy.handleException(RaftClientRpcWithProxy.java:47)
	at org.apache.ratis.client.impl.RaftClientImpl.handleIOException(RaftClientImpl.java:372)
	at org.apache.ratis.client.impl.OrderedAsync.lambda$sendRequest$10(OrderedAsync.java:236)
	at java.util.concurrent.CompletableFuture.uniExceptionally(CompletableFuture.java:870)
	at java.util.concurrent.CompletableFuture$UniExceptionally.tryFire(CompletableFuture.java:852)
	at java.util.concurrent.CompletableFuture.postComplete(CompletableFuture.java:474)
	at java.util.concurrent.CompletableFuture.completeExceptionally(CompletableFuture.java:1977)
	at org.apache.ratis.grpc.client.GrpcClientProtocolClient$AsyncStreamObservers.lambda$timeoutCheck$3(GrpcClientProtocolClient.java:324)
	at java.util.Optional.ifPresent(Optional.java:159)
	at org.apache.ratis.grpc.client.GrpcClientProtocolClient$AsyncStreamObservers.handleReplyFuture(GrpcClientProtocolClient.java:329)
	at org.apache.ratis.grpc.client.GrpcClientProtocolClient$AsyncStreamObservers.timeoutCheck(GrpcClientProtocolClient.java:324)
	at org.apache.ratis.grpc.client.GrpcClientProtocolClient$AsyncStreamObservers.lambda$onNext$1(GrpcClientProtocolClient.java:318)
	at org.apache.ratis.util.TimeoutScheduler.lambda$onTimeout$0(TimeoutScheduler.java:113)
	at org.apache.ratis.util.TimeoutScheduler.lambda$onTimeout$1(TimeoutScheduler.java:133)
	at org.apache.ratis.util.LogUtils.runAndLog(LogUtils.java:50)
	at org.apache.ratis.util.LogUtils$1.run(LogUtils.java:91)
	at java.util.concurrent.Executors$RunnableAdapter.call(Executors.java:511)
	at java.util.concurrent.FutureTask.run(FutureTask.java:266)
	at java.util.concurrent.ScheduledThreadPoolExecutor$ScheduledFutureTask.access$201(ScheduledThreadPoolExecutor.java:180)
	at java.util.concurrent.ScheduledThreadPoolExecutor$ScheduledFutureTask.run(ScheduledThreadPoolExecutor.java:293)
	at java.util.concurrent.ThreadPoolExecutor.runWorker(ThreadPoolExecutor.java:1149)
	at java.util.concurrent.ThreadPoolExecutor$Worker.run(ThreadPoolExecutor.java:624)
	at java.lang.Thread.run(Thread.java:748)
2019-10-02 07:39:04,305 [java.util.concurrent.ThreadPoolExecutor$Worker@2f0b70d9[State = -1, empty queue]] WARN  util.TimeoutScheduler (LogUtils.java:runAndLog(55)) - Failed to task #0: java.lang.NullPointerException
2019-10-02 07:39:08,353 [java.util.concurrent.ThreadPoolExecutor$Worker@46238cd4[State = -1, empty queue]] ERROR client.GrpcClientProtocolClient (GrpcClientProtocolClient.java:close(148)) - Unexpected exception while waiting for channel termination
java.lang.InterruptedException
	at java.util.concurrent.locks.AbstractQueuedSynchronizer.tryAcquireSharedNanos(AbstractQueuedSynchronizer.java:1326)
	at java.util.concurrent.CountDownLatch.await(CountDownLatch.java:277)
	at org.apache.ratis.thirdparty.io.grpc.internal.ManagedChannelImpl.awaitTermination(ManagedChannelImpl.java:763)
	at org.apache.ratis.thirdparty.io.grpc.internal.ForwardingManagedChannel.awaitTermination(ForwardingManagedChannel.java:57)
	at org.apache.ratis.thirdparty.io.grpc.internal.ManagedChannelOrphanWrapper.awaitTermination(ManagedChannelOrphanWrapper.java:70)
	at org.apache.ratis.grpc.client.GrpcClientProtocolClient.close(GrpcClientProtocolClient.java:146)
	at org.apache.ratis.util.PeerProxyMap$PeerAndProxy.lambda$close$1(PeerProxyMap.java:74)
	at org.apache.ratis.util.LifeCycle.lambda$checkStateAndClose$2(LifeCycle.java:231)
	at org.apache.ratis.util.LifeCycle.checkStateAndClose(LifeCycle.java:251)
	at org.apache.ratis.util.LifeCycle.checkStateAndClose(LifeCycle.java:229)
	at org.apache.ratis.util.PeerProxyMap$PeerAndProxy.close(PeerProxyMap.java:70)
	at org.apache.ratis.util.PeerProxyMap.resetProxy(PeerProxyMap.java:127)
	at org.apache.ratis.util.PeerProxyMap.handleException(PeerProxyMap.java:136)
	at org.apache.ratis.client.impl.RaftClientRpcWithProxy.handleException(RaftClientRpcWithProxy.java:47)
	at org.apache.ratis.client.impl.RaftClientImpl.handleIOException(RaftClientImpl.java:372)
	at org.apache.ratis.client.impl.OrderedAsync.lambda$sendRequest$10(OrderedAsync.java:236)
	at java.util.concurrent.CompletableFuture.uniExceptionally(CompletableFuture.java:870)
	at java.util.concurrent.CompletableFuture$UniExceptionally.tryFire(CompletableFuture.java:852)
	at java.util.concurrent.CompletableFuture.postComplete(CompletableFuture.java:474)
	at java.util.concurrent.CompletableFuture.completeExceptionally(CompletableFuture.java:1977)
	at org.apache.ratis.grpc.client.GrpcClientProtocolClient$AsyncStreamObservers.lambda$timeoutCheck$3(GrpcClientProtocolClient.java:324)
	at java.util.Optional.ifPresent(Optional.java:159)
	at org.apache.ratis.grpc.client.GrpcClientProtocolClient$AsyncStreamObservers.handleReplyFuture(GrpcClientProtocolClient.java:329)
	at org.apache.ratis.grpc.client.GrpcClientProtocolClient$AsyncStreamObservers.timeoutCheck(GrpcClientProtocolClient.java:324)
	at org.apache.ratis.grpc.client.GrpcClientProtocolClient$AsyncStreamObservers.lambda$onNext$1(GrpcClientProtocolClient.java:318)
	at org.apache.ratis.util.TimeoutScheduler.lambda$onTimeout$0(TimeoutScheduler.java:113)
	at org.apache.ratis.util.TimeoutScheduler.lambda$onTimeout$1(TimeoutScheduler.java:133)
	at org.apache.ratis.util.LogUtils.runAndLog(LogUtils.java:50)
	at org.apache.ratis.util.LogUtils$1.run(LogUtils.java:91)
	at java.util.concurrent.Executors$RunnableAdapter.call(Executors.java:511)
	at java.util.concurrent.FutureTask.run(FutureTask.java:266)
	at java.util.concurrent.ScheduledThreadPoolExecutor$ScheduledFutureTask.access$201(ScheduledThreadPoolExecutor.java:180)
	at java.util.concurrent.ScheduledThreadPoolExecutor$ScheduledFutureTask.run(ScheduledThreadPoolExecutor.java:293)
	at java.util.concurrent.ThreadPoolExecutor.runWorker(ThreadPoolExecutor.java:1149)
	at java.util.concurrent.ThreadPoolExecutor$Worker.run(ThreadPoolExecutor.java:624)
	at java.lang.Thread.run(Thread.java:748)
2019-10-02 07:39:08,354 [java.util.concurrent.ThreadPoolExecutor$Worker@46238cd4[State = -1, empty queue]] WARN  util.TimeoutScheduler (LogUtils.java:runAndLog(55)) - Failed to task #0: java.lang.NullPointerException
2019-10-02 07:39:10,813 [grpc-default-executor-10] INFO  impl.RaftServerProxy (RaftServerProxy.java:remove(95)) - cb6d8aa3-5895-49c1-85c3-41fbb4c04945: remove  FOLLOWER cb6d8aa3-5895-49c1-85c3-41fbb4c04945@group-DCB3B93FDF26:t1, leader=f465c0ec-0be9-4ae9-8f51-a8818d3fe0fc, voted=f465c0ec-0be9-4ae9-8f51-a8818d3fe0fc, raftlog=cb6d8aa3-5895-49c1-85c3-41fbb4c04945@group-DCB3B93FDF26-SegmentedRaftLog:OPENED:c0,f2,i2, conf=0: [cb6d8aa3-5895-49c1-85c3-41fbb4c04945:192.168.5.178:44476, 1b828d8a-bca8-4046-ad6d-863244307b25:192.168.5.178:42961, f465c0ec-0be9-4ae9-8f51-a8818d3fe0fc:192.168.5.178:34436], old=null RUNNING
2019-10-02 07:39:10,813 [grpc-default-executor-10] INFO  impl.RaftServerImpl (RaftServerImpl.java:lambda$shutdown$3(247)) - cb6d8aa3-5895-49c1-85c3-41fbb4c04945@group-DCB3B93FDF26: shutdown
2019-10-02 07:39:10,814 [grpc-default-executor-10] INFO  util.JmxRegister (JmxRegister.java:unregister(73)) - Successfully un-registered JMX Bean with object name Ratis:service=RaftServer,group=group-DCB3B93FDF26,id=cb6d8aa3-5895-49c1-85c3-41fbb4c04945
2019-10-02 07:39:10,814 [grpc-default-executor-10] INFO  impl.RoleInfo (RoleInfo.java:shutdownFollowerState(121)) - cb6d8aa3-5895-49c1-85c3-41fbb4c04945: shutdown FollowerState
2019-10-02 07:39:10,814 [grpc-default-executor-10] INFO  impl.StateMachineUpdater (StateMachineUpdater.java:stopAndJoin(136)) - cb6d8aa3-5895-49c1-85c3-41fbb4c04945@group-DCB3B93FDF26-StateMachineUpdater: set stopIndex = 0
2019-10-02 07:39:10,815 [Thread-317] INFO  impl.FollowerState (FollowerState.java:run(117)) - cb6d8aa3-5895-49c1-85c3-41fbb4c04945@group-DCB3B93FDF26-FollowerState was interrupted: java.lang.InterruptedException: sleep interrupted
2019-10-02 07:39:10,818 [grpc-default-executor-10] INFO  impl.RaftServerImpl (ServerState.java:close(387)) - cb6d8aa3-5895-49c1-85c3-41fbb4c04945@group-DCB3B93FDF26: closes. applyIndex: 0
2019-10-02 07:39:10,819 [cb6d8aa3-5895-49c1-85c3-41fbb4c04945@group-DCB3B93FDF26-SegmentedRaftLogWorker] INFO  segmented.SegmentedRaftLogWorker (SegmentedRaftLogWorker.java:run(316)) - cb6d8aa3-5895-49c1-85c3-41fbb4c04945@group-DCB3B93FDF26-SegmentedRaftLogWorker was interrupted, exiting. There are 0 tasks remaining in the queue.
2019-10-02 07:39:10,821 [grpc-default-executor-10] INFO  segmented.SegmentedRaftLogWorker (SegmentedRaftLogWorker.java:close(224)) - cb6d8aa3-5895-49c1-85c3-41fbb4c04945@group-DCB3B93FDF26-SegmentedRaftLogWorker close()
2019-10-02 07:39:10,892 [grpc-default-executor-10] INFO  interfaces.Container (KeyValueContainer.java:flushAndSyncDB(386)) - Container 4 is synced with bcsId 0.
2019-10-02 07:39:10,892 [grpc-default-executor-10] INFO  interfaces.Container (KeyValueContainer.java:flushAndSyncDB(386)) - Container 4 is synced with bcsId 0.
2019-10-02 07:39:10,910 [EventQueue-IncrementalContainerReportForIncrementalContainerReportHandler] INFO  container.IncrementalContainerReportHandler (AbstractContainerReportHandler.java:updateContainerState(169)) - Moving container #4 to QUASI_CLOSED state, datanode cb6d8aa3-5895-49c1-85c3-41fbb4c04945{ip: 192.168.5.178, host: pr-trunk-8bg6x-723665176, networkLocation: /default-rack, certSerialId: null} reported QUASI_CLOSED replica.
2019-10-02 07:39:10,914 [grpc-default-executor-10] INFO  impl.RaftServerProxy (RaftServerProxy.java:remove(95)) - f465c0ec-0be9-4ae9-8f51-a8818d3fe0fc: remove    LEADER f465c0ec-0be9-4ae9-8f51-a8818d3fe0fc@group-DCB3B93FDF26:t1, leader=f465c0ec-0be9-4ae9-8f51-a8818d3fe0fc, voted=f465c0ec-0be9-4ae9-8f51-a8818d3fe0fc, raftlog=f465c0ec-0be9-4ae9-8f51-a8818d3fe0fc@group-DCB3B93FDF26-SegmentedRaftLog:OPENED:c0,f0,i2, conf=0: [cb6d8aa3-5895-49c1-85c3-41fbb4c04945:192.168.5.178:44476, 1b828d8a-bca8-4046-ad6d-863244307b25:192.168.5.178:42961, f465c0ec-0be9-4ae9-8f51-a8818d3fe0fc:192.168.5.178:34436], old=null RUNNING
2019-10-02 07:39:10,914 [grpc-default-executor-10] INFO  impl.RaftServerImpl (RaftServerImpl.java:lambda$shutdown$3(247)) - f465c0ec-0be9-4ae9-8f51-a8818d3fe0fc@group-DCB3B93FDF26: shutdown
2019-10-02 07:39:10,915 [grpc-default-executor-10] INFO  util.JmxRegister (JmxRegister.java:unregister(73)) - Successfully un-registered JMX Bean with object name Ratis:service=RaftServer,group=group-DCB3B93FDF26,id=f465c0ec-0be9-4ae9-8f51-a8818d3fe0fc
2019-10-02 07:39:10,915 [grpc-default-executor-10] INFO  impl.RoleInfo (RoleInfo.java:shutdownLeaderState(104)) - f465c0ec-0be9-4ae9-8f51-a8818d3fe0fc: shutdown LeaderState
2019-10-02 07:39:10,919 [org.apache.ratis.server.impl.LogAppender$AppenderDaemon$$Lambda$500/893228623@58818424] WARN  server.GrpcLogAppender (GrpcLogAppender.java:mayWait(143)) - f465c0ec-0be9-4ae9-8f51-a8818d3fe0fc@group-DCB3B93FDF26->1b828d8a-bca8-4046-ad6d-863244307b25-GrpcLogAppender: Wait interrupted by java.lang.InterruptedException
2019-10-02 07:39:10,919 [grpc-default-executor-10] INFO  impl.PendingRequests (PendingRequests.java:sendNotLeaderResponses(202)) - f465c0ec-0be9-4ae9-8f51-a8818d3fe0fc@group-DCB3B93FDF26-PendingRequests: sendNotLeaderResponses
2019-10-02 07:39:10,921 [org.apache.ratis.server.impl.LogAppender$AppenderDaemon$$Lambda$500/893228623@603819de] WARN  server.GrpcLogAppender (GrpcLogAppender.java:mayWait(143)) - f465c0ec-0be9-4ae9-8f51-a8818d3fe0fc@group-DCB3B93FDF26->cb6d8aa3-5895-49c1-85c3-41fbb4c04945-GrpcLogAppender: Wait interrupted by java.lang.InterruptedException
2019-10-02 07:39:10,921 [grpc-default-executor-11] INFO  server.GrpcServerProtocolService (GrpcServerProtocolService.java:onCompleted(113)) - 1b828d8a-bca8-4046-ad6d-863244307b25: Completed APPEND_ENTRIES, lastRequest: f465c0ec-0be9-4ae9-8f51-a8818d3fe0fc->1b828d8a-bca8-4046-ad6d-863244307b25#111-t1, previous=(t:1, i:2), leaderCommit=0, initializing? false, entries: <empty>
2019-10-02 07:39:10,921 [grpc-default-executor-11] INFO  server.GrpcServerProtocolService (GrpcServerProtocolService.java:onCompleted(113)) - cb6d8aa3-5895-49c1-85c3-41fbb4c04945: Completed APPEND_ENTRIES, lastRequest: f465c0ec-0be9-4ae9-8f51-a8818d3fe0fc->cb6d8aa3-5895-49c1-85c3-41fbb4c04945#111-t1, previous=(t:1, i:2), leaderCommit=0, initializing? false, entries: <empty>
2019-10-02 07:39:10,925 [grpc-default-executor-11] INFO  server.GrpcLogAppender (GrpcLogAppender.java:onCompleted(293)) - f465c0ec-0be9-4ae9-8f51-a8818d3fe0fc@group-DCB3B93FDF26->1b828d8a-bca8-4046-ad6d-863244307b25-AppendLogResponseHandler: follower responses appendEntries COMPLETED
2019-10-02 07:39:10,925 [grpc-default-executor-8] INFO  server.GrpcLogAppender (GrpcLogAppender.java:onCompleted(293)) - f465c0ec-0be9-4ae9-8f51-a8818d3fe0fc@group-DCB3B93FDF26->cb6d8aa3-5895-49c1-85c3-41fbb4c04945-AppendLogResponseHandler: follower responses appendEntries COMPLETED
2019-10-02 07:39:10,928 [grpc-default-executor-10] INFO  impl.StateMachineUpdater (StateMachineUpdater.java:stopAndJoin(136)) - f465c0ec-0be9-4ae9-8f51-a8818d3fe0fc@group-DCB3B93FDF26-StateMachineUpdater: set stopIndex = 0
2019-10-02 07:39:10,928 [grpc-default-executor-10] INFO  impl.RaftServerImpl (ServerState.java:close(387)) - f465c0ec-0be9-4ae9-8f51-a8818d3fe0fc@group-DCB3B93FDF26: closes. applyIndex: 0
2019-10-02 07:39:10,929 [f465c0ec-0be9-4ae9-8f51-a8818d3fe0fc@group-DCB3B93FDF26-SegmentedRaftLogWorker] INFO  segmented.SegmentedRaftLogWorker (SegmentedRaftLogWorker.java:run(316)) - f465c0ec-0be9-4ae9-8f51-a8818d3fe0fc@group-DCB3B93FDF26-SegmentedRaftLogWorker was interrupted, exiting. There are 0 tasks remaining in the queue.
2019-10-02 07:39:10,929 [grpc-default-executor-10] INFO  segmented.SegmentedRaftLogWorker (SegmentedRaftLogWorker.java:close(224)) - f465c0ec-0be9-4ae9-8f51-a8818d3fe0fc@group-DCB3B93FDF26-SegmentedRaftLogWorker close()
2019-10-02 07:39:10,942 [grpc-default-executor-10] INFO  impl.RaftServerProxy (RaftServerProxy.java:remove(95)) - 1b828d8a-bca8-4046-ad6d-863244307b25: remove  FOLLOWER 1b828d8a-bca8-4046-ad6d-863244307b25@group-DCB3B93FDF26:t1, leader=f465c0ec-0be9-4ae9-8f51-a8818d3fe0fc, voted=f465c0ec-0be9-4ae9-8f51-a8818d3fe0fc, raftlog=1b828d8a-bca8-4046-ad6d-863244307b25@group-DCB3B93FDF26-SegmentedRaftLog:OPENED:c0,f2,i2, conf=0: [cb6d8aa3-5895-49c1-85c3-41fbb4c04945:192.168.5.178:44476, 1b828d8a-bca8-4046-ad6d-863244307b25:192.168.5.178:42961, f465c0ec-0be9-4ae9-8f51-a8818d3fe0fc:192.168.5.178:34436], old=null RUNNING
2019-10-02 07:39:10,942 [grpc-default-executor-10] INFO  impl.RaftServerImpl (RaftServerImpl.java:lambda$shutdown$3(247)) - 1b828d8a-bca8-4046-ad6d-863244307b25@group-DCB3B93FDF26: shutdown
2019-10-02 07:39:10,943 [grpc-default-executor-10] INFO  util.JmxRegister (JmxRegister.java:unregister(73)) - Successfully un-registered JMX Bean with object name Ratis:service=RaftServer,group=group-DCB3B93FDF26,id=1b828d8a-bca8-4046-ad6d-863244307b25
2019-10-02 07:39:10,943 [grpc-default-executor-10] INFO  impl.RoleInfo (RoleInfo.java:shutdownFollowerState(121)) - 1b828d8a-bca8-4046-ad6d-863244307b25: shutdown FollowerState
2019-10-02 07:39:10,943 [grpc-default-executor-10] INFO  impl.StateMachineUpdater (StateMachineUpdater.java:stopAndJoin(136)) - 1b828d8a-bca8-4046-ad6d-863244307b25@group-DCB3B93FDF26-StateMachineUpdater: set stopIndex = 0
2019-10-02 07:39:10,943 [Thread-318] INFO  impl.FollowerState (FollowerState.java:run(117)) - 1b828d8a-bca8-4046-ad6d-863244307b25@group-DCB3B93FDF26-FollowerState was interrupted: java.lang.InterruptedException: sleep interrupted
2019-10-02 07:39:10,945 [grpc-default-executor-10] INFO  impl.RaftServerImpl (ServerState.java:close(387)) - 1b828d8a-bca8-4046-ad6d-863244307b25@group-DCB3B93FDF26: closes. applyIndex: 0
2019-10-02 07:39:10,945 [1b828d8a-bca8-4046-ad6d-863244307b25@group-DCB3B93FDF26-SegmentedRaftLogWorker] INFO  segmented.SegmentedRaftLogWorker (SegmentedRaftLogWorker.java:run(316)) - 1b828d8a-bca8-4046-ad6d-863244307b25@group-DCB3B93FDF26-SegmentedRaftLogWorker was interrupted, exiting. There are 0 tasks remaining in the queue.
2019-10-02 07:39:10,946 [grpc-default-executor-10] INFO  segmented.SegmentedRaftLogWorker (SegmentedRaftLogWorker.java:close(224)) - 1b828d8a-bca8-4046-ad6d-863244307b25@group-DCB3B93FDF26-SegmentedRaftLogWorker close()
2019-10-02 07:39:11,010 [grpc-default-executor-10] INFO  interfaces.Container (KeyValueContainer.java:flushAndSyncDB(386)) - Container 4 is synced with bcsId 0.
2019-10-02 07:39:11,010 [grpc-default-executor-10] INFO  interfaces.Container (KeyValueContainer.java:flushAndSyncDB(386)) - Container 4 is synced with bcsId 0.
2019-10-02 07:39:11,027 [RatisPipelineUtilsThread] INFO  pipeline.PipelineStateManager (PipelineStateManager.java:removePipeline(108)) - Pipeline Pipeline[ Id: 3c200238-61c6-4e50-a926-dcb3b93fdf26, Nodes: cb6d8aa3-5895-49c1-85c3-41fbb4c04945{ip: 192.168.5.178, host: pr-trunk-8bg6x-723665176, networkLocation: /default-rack, certSerialId: null}f465c0ec-0be9-4ae9-8f51-a8818d3fe0fc{ip: 192.168.5.178, host: pr-trunk-8bg6x-723665176, networkLocation: /default-rack, certSerialId: null}1b828d8a-bca8-4046-ad6d-863244307b25{ip: 192.168.5.178, host: pr-trunk-8bg6x-723665176, networkLocation: /default-rack, certSerialId: null}, Type:RATIS, Factor:THREE, State:CLOSED] removed from db
2019-10-02 07:39:11,031 [grpc-default-executor-10] INFO  impl.RaftServerProxy (RaftServerProxy.java:remove(95)) - cb6d8aa3-5895-49c1-85c3-41fbb4c04945: remove group-DCB3B93FDF26:null
2019-10-02 07:39:11,039 [RatisPipelineUtilsThread] WARN  pipeline.RatisPipelineUtils (RatisPipelineUtils.java:destroyPipeline(67)) - Pipeline destroy failed for pipeline=PipelineID=3c200238-61c6-4e50-a926-dcb3b93fdf26 dn=cb6d8aa3-5895-49c1-85c3-41fbb4c04945{ip: 192.168.5.178, host: pr-trunk-8bg6x-723665176, networkLocation: /default-rack, certSerialId: null}
2019-10-02 07:39:11,045 [grpc-default-executor-10] INFO  impl.RaftServerProxy (RaftServerProxy.java:remove(95)) - f465c0ec-0be9-4ae9-8f51-a8818d3fe0fc: remove group-DCB3B93FDF26:null
2019-10-02 07:39:11,051 [RatisPipelineUtilsThread] WARN  pipeline.RatisPipelineUtils (RatisPipelineUtils.java:destroyPipeline(67)) - Pipeline destroy failed for pipeline=PipelineID=3c200238-61c6-4e50-a926-dcb3b93fdf26 dn=f465c0ec-0be9-4ae9-8f51-a8818d3fe0fc{ip: 192.168.5.178, host: pr-trunk-8bg6x-723665176, networkLocation: /default-rack, certSerialId: null}
2019-10-02 07:39:11,055 [grpc-default-executor-10] INFO  impl.RaftServerProxy (RaftServerProxy.java:remove(95)) - 1b828d8a-bca8-4046-ad6d-863244307b25: remove group-DCB3B93FDF26:null
2019-10-02 07:39:11,061 [RatisPipelineUtilsThread] WARN  pipeline.RatisPipelineUtils (RatisPipelineUtils.java:destroyPipeline(67)) - Pipeline destroy failed for pipeline=PipelineID=3c200238-61c6-4e50-a926-dcb3b93fdf26 dn=1b828d8a-bca8-4046-ad6d-863244307b25{ip: 192.168.5.178, host: pr-trunk-8bg6x-723665176, networkLocation: /default-rack, certSerialId: null}
2019-10-02 07:39:11,061 [RatisPipelineUtilsThread] ERROR pipeline.SCMPipelineManager (Scheduler.java:lambda$schedule$1(70)) - Destroy pipeline failed for pipeline:Pipeline[ Id: 3c200238-61c6-4e50-a926-dcb3b93fdf26, Nodes: cb6d8aa3-5895-49c1-85c3-41fbb4c04945{ip: 192.168.5.178, host: pr-trunk-8bg6x-723665176, networkLocation: /default-rack, certSerialId: null}f465c0ec-0be9-4ae9-8f51-a8818d3fe0fc{ip: 192.168.5.178, host: pr-trunk-8bg6x-723665176, networkLocation: /default-rack, certSerialId: null}1b828d8a-bca8-4046-ad6d-863244307b25{ip: 192.168.5.178, host: pr-trunk-8bg6x-723665176, networkLocation: /default-rack, certSerialId: null}, Type:RATIS, Factor:THREE, State:CLOSED]
org.apache.hadoop.hdds.scm.pipeline.PipelineNotFoundException: PipelineID=3c200238-61c6-4e50-a926-dcb3b93fdf26 not found
	at org.apache.hadoop.hdds.scm.pipeline.PipelineStateMap.getPipeline(PipelineStateMap.java:132)
	at org.apache.hadoop.hdds.scm.pipeline.PipelineStateMap.removePipeline(PipelineStateMap.java:322)
	at org.apache.hadoop.hdds.scm.pipeline.PipelineStateManager.removePipeline(PipelineStateManager.java:107)
	at org.apache.hadoop.hdds.scm.pipeline.SCMPipelineManager.removePipeline(SCMPipelineManager.java:427)
	at org.apache.hadoop.hdds.scm.pipeline.SCMPipelineManager.destroyPipeline(SCMPipelineManager.java:413)
	at org.apache.hadoop.hdds.scm.pipeline.SCMPipelineManager.lambda$finalizeAndDestroyPipeline$0(SCMPipelineManager.java:322)
	at org.apache.hadoop.hdds.utils.Scheduler.lambda$schedule$1(Scheduler.java:68)
	at java.util.concurrent.Executors$RunnableAdapter.call(Executors.java:511)
	at java.util.concurrent.FutureTask.run(FutureTask.java:266)
	at java.util.concurrent.ScheduledThreadPoolExecutor$ScheduledFutureTask.access$201(ScheduledThreadPoolExecutor.java:180)
	at java.util.concurrent.ScheduledThreadPoolExecutor$ScheduledFutureTask.run(ScheduledThreadPoolExecutor.java:293)
	at java.util.concurrent.ThreadPoolExecutor.runWorker(ThreadPoolExecutor.java:1149)
	at java.util.concurrent.ThreadPoolExecutor$Worker.run(ThreadPoolExecutor.java:624)
	at java.lang.Thread.run(Thread.java:748)
2019-10-02 07:39:11,962 [main] WARN  io.KeyOutputStream (KeyOutputStream.java:handleException(274)) - Encountered exception java.io.IOException: Unexpected Storage Container Exception: java.util.concurrent.CompletionException: java.util.concurrent.CompletionException: org.apache.ratis.protocol.GroupMismatchException: cb6d8aa3-5895-49c1-85c3-41fbb4c04945: group-DCB3B93FDF26 not found. on the pipeline Pipeline[ Id: 3c200238-61c6-4e50-a926-dcb3b93fdf26, Nodes: cb6d8aa3-5895-49c1-85c3-41fbb4c04945{ip: 192.168.5.178, host: pr-trunk-8bg6x-723665176, networkLocation: /default-rack, certSerialId: null}f465c0ec-0be9-4ae9-8f51-a8818d3fe0fc{ip: 192.168.5.178, host: pr-trunk-8bg6x-723665176, networkLocation: /default-rack, certSerialId: null}1b828d8a-bca8-4046-ad6d-863244307b25{ip: 192.168.5.178, host: pr-trunk-8bg6x-723665176, networkLocation: /default-rack, certSerialId: null}, Type:RATIS, Factor:THREE, State:OPEN]. The last committed block length is 0, uncommitted data length is 400 retry count 3
2019-10-02 07:39:11,963 [main] ERROR io.KeyOutputStream (KeyOutputStream.java:handleRetry(351)) - Retry request failed. retries get failed due to exceeded maximum allowed retries number: 3
java.io.IOException: Unexpected Storage Container Exception: java.util.concurrent.CompletionException: java.util.concurrent.CompletionException: org.apache.ratis.protocol.GroupMismatchException: cb6d8aa3-5895-49c1-85c3-41fbb4c04945: group-DCB3B93FDF26 not found.
	at org.apache.hadoop.hdds.scm.storage.BlockOutputStream.setIoException(BlockOutputStream.java:541)
	at org.apache.hadoop.hdds.scm.storage.BlockOutputStream.lambda$writeChunkToContainer$3(BlockOutputStream.java:616)
	at java.util.concurrent.CompletableFuture.uniExceptionally(CompletableFuture.java:870)
	at java.util.concurrent.CompletableFuture$UniExceptionally.tryFire(CompletableFuture.java:852)
	at java.util.concurrent.CompletableFuture.postComplete(CompletableFuture.java:474)
	at java.util.concurrent.CompletableFuture.completeExceptionally(CompletableFuture.java:1977)
	at org.apache.ratis.client.impl.OrderedAsync$PendingOrderedRequest.fail(OrderedAsync.java:100)
	at org.apache.ratis.util.SlidingWindow$Client.fail(SlidingWindow.java:362)
	at org.apache.ratis.client.impl.OrderedAsync.failAllAsyncRequests(OrderedAsync.java:134)
	at org.apache.ratis.client.impl.OrderedAsync.lambda$sendRequest$10(OrderedAsync.java:244)
	at java.util.concurrent.CompletableFuture.uniExceptionally(CompletableFuture.java:870)
	at java.util.concurrent.CompletableFuture$UniExceptionally.tryFire(CompletableFuture.java:852)
	at java.util.concurrent.CompletableFuture.postComplete(CompletableFuture.java:474)
	at java.util.concurrent.CompletableFuture.completeExceptionally(CompletableFuture.java:1977)
	at org.apache.ratis.grpc.client.GrpcClientProtocolClient$AsyncStreamObservers.completeReplyExceptionally(GrpcClientProtocolClient.java:345)
	at org.apache.ratis.grpc.client.GrpcClientProtocolClient$AsyncStreamObservers.access$000(GrpcClientProtocolClient.java:261)
	at org.apache.ratis.grpc.client.GrpcClientProtocolClient$AsyncStreamObservers$1.onError(GrpcClientProtocolClient.java:290)
	at org.apache.ratis.thirdparty.io.grpc.stub.ClientCalls$StreamObserverToCallListenerAdapter.onClose(ClientCalls.java:434)
	at org.apache.ratis.thirdparty.io.grpc.PartialForwardingClientCallListener.onClose(PartialForwardingClientCallListener.java:39)
	at org.apache.ratis.thirdparty.io.grpc.ForwardingClientCallListener.onClose(ForwardingClientCallListener.java:23)
	at org.apache.ratis.thirdparty.io.grpc.ForwardingClientCallListener$SimpleForwardingClientCallListener.onClose(ForwardingClientCallListener.java:40)
	at org.apache.ratis.thirdparty.io.grpc.internal.CensusStatsModule$StatsClientInterceptor$1$1.onClose(CensusStatsModule.java:678)
	at org.apache.ratis.thirdparty.io.grpc.PartialForwardingClientCallListener.onClose(PartialForwardingClientCallListener.java:39)
	at org.apache.ratis.thirdparty.io.grpc.ForwardingClientCallListener.onClose(ForwardingClientCallListener.java:23)
	at org.apache.ratis.thirdparty.io.grpc.ForwardingClientCallListener$SimpleForwardingClientCallListener.onClose(ForwardingClientCallListener.java:40)
	at org.apache.ratis.thirdparty.io.grpc.internal.CensusTracingModule$TracingClientInterceptor$1$1.onClose(CensusTracingModule.java:397)
	at org.apache.ratis.thirdparty.io.grpc.internal.ClientCallImpl.closeObserver(ClientCallImpl.java:459)
	at org.apache.ratis.thirdparty.io.grpc.internal.ClientCallImpl.access$300(ClientCallImpl.java:63)
	at org.apache.ratis.thirdparty.io.grpc.internal.ClientCallImpl$ClientStreamListenerImpl.close(ClientCallImpl.java:546)
	at org.apache.ratis.thirdparty.io.grpc.internal.ClientCallImpl$ClientStreamListenerImpl.access$600(ClientCallImpl.java:467)
	at org.apache.ratis.thirdparty.io.grpc.internal.ClientCallImpl$ClientStreamListenerImpl$1StreamClosed.runInContext(ClientCallImpl.java:584)
	at org.apache.ratis.thirdparty.io.grpc.internal.ContextRunnable.run(ContextRunnable.java:37)
	at org.apache.ratis.thirdparty.io.grpc.internal.SerializingExecutor.run(SerializingExecutor.java:123)
	at java.util.concurrent.ThreadPoolExecutor.runWorker(ThreadPoolExecutor.java:1149)
	at java.util.concurrent.ThreadPoolExecutor$Worker.run(ThreadPoolExecutor.java:624)
	at java.lang.Thread.run(Thread.java:748)
Caused by: java.util.concurrent.CompletionException: java.util.concurrent.CompletionException: org.apache.ratis.protocol.GroupMismatchException: cb6d8aa3-5895-49c1-85c3-41fbb4c04945: group-DCB3B93FDF26 not found.
	at org.apache.hadoop.hdds.scm.storage.BlockOutputStream.lambda$writeChunkToContainer$3(BlockOutputStream.java:615)
	... 34 more
Caused by: java.util.concurrent.CompletionException: org.apache.ratis.protocol.GroupMismatchException: cb6d8aa3-5895-49c1-85c3-41fbb4c04945: group-DCB3B93FDF26 not found.
	at java.util.concurrent.CompletableFuture.encodeThrowable(CompletableFuture.java:292)
	at java.util.concurrent.CompletableFuture.completeThrowable(CompletableFuture.java:308)
	at java.util.concurrent.CompletableFuture.uniApply(CompletableFuture.java:593)
	at java.util.concurrent.CompletableFuture$UniApply.tryFire(CompletableFuture.java:577)
	... 32 more
Caused by: org.apache.ratis.protocol.GroupMismatchException: cb6d8aa3-5895-49c1-85c3-41fbb4c04945: group-DCB3B93FDF26 not found.
	at org.apache.ratis.server.impl.RaftServerProxy$ImplMap.get(RaftServerProxy.java:122)
	at org.apache.ratis.server.impl.RaftServerProxy.getImplFuture(RaftServerProxy.java:269)
	at org.apache.ratis.server.impl.RaftServerProxy.submitRequest(RaftServerProxy.java:327)
	at org.apache.ratis.server.impl.RaftServerProxy.submitClientRequestAsync(RaftServerProxy.java:333)
	at org.apache.ratis.grpc.client.GrpcClientProtocolService$RequestStreamObserver.processClientRequest(GrpcClientProtocolService.java:220)
	at org.apache.ratis.grpc.client.GrpcClientProtocolService$OrderedRequestStreamObserver.processClientRequest(GrpcClientProtocolService.java:326)
	at org.apache.ratis.util.SlidingWindow$Server.processRequestsFromHead(SlidingWindow.java:429)
	at org.apache.ratis.util.SlidingWindow$Server.receivedRequest(SlidingWindow.java:421)
	at org.apache.ratis.grpc.client.GrpcClientProtocolService$OrderedRequestStreamObserver.processClientRequest(GrpcClientProtocolService.java:345)
	at org.apache.ratis.grpc.client.GrpcClientProtocolService$RequestStreamObserver.onNext(GrpcClientProtocolService.java:240)
	at org.apache.ratis.grpc.client.GrpcClientProtocolService$RequestStreamObserver.onNext(GrpcClientProtocolService.java:168)
	at org.apache.ratis.thirdparty.io.grpc.stub.ServerCalls$StreamingServerCallHandler$StreamingServerCallListener.onMessage(ServerCalls.java:248)
	at org.apache.ratis.thirdparty.io.grpc.internal.ServerCallImpl$ServerStreamListenerImpl.messagesAvailable(ServerCallImpl.java:263)
	at org.apache.ratis.thirdparty.io.grpc.internal.ServerImpl$JumpToApplicationThreadServerStreamListener$1MessagesAvailable.runInContext(ServerImpl.java:686)
	... 5 more
2019-10-02 07:39:11,965 [main] INFO  ozone.MiniOzoneClusterImpl (MiniOzoneClusterImpl.java:shutdown(314)) - Shutting down the Mini Ozone Cluster
2019-10-02 07:39:11,966 [main] INFO  ozone.MiniOzoneClusterImpl (MiniOzoneClusterImpl.java:stop(330)) - Stopping the Mini Ozone Cluster
2019-10-02 07:39:11,966 [main] INFO  ozone.MiniOzoneClusterImpl (MiniOzoneClusterImpl.java:stopOM(400)) - Stopping the OzoneManager
2019-10-02 07:39:11,967 [main] INFO  ipc.Server (Server.java:stop(3082)) - Stopping server on 46293
2019-10-02 07:39:11,991 [IPC Server listener on 46293] INFO  ipc.Server (Server.java:run(1185)) - Stopping IPC Server listener on 46293
2019-10-02 07:39:12,006 [main] INFO  ratis.OzoneManagerDoubleBuffer (OzoneManagerDoubleBuffer.java:stop(248)) - Stopping OMDoubleBuffer flush thread
2019-10-02 07:39:12,010 [IPC Server Responder] INFO  ipc.Server (Server.java:run(1319)) - Stopping IPC Server Responder
2019-10-02 07:39:12,020 [OMDoubleBufferFlushThread] INFO  ratis.OzoneManagerDoubleBuffer (OzoneManagerDoubleBuffer.java:flushTransactions(191)) - OMDoubleBuffer flush thread OMDoubleBufferFlushThread is interrupted and will exit. OMDoubleBufferFlushThread
2019-10-02 07:39:12,037 [main] INFO  utils.BackgroundService (BackgroundService.java:shutdown(148)) - Shutting down service KeyDeletingService
2019-10-02 07:39:12,050 [main] INFO  handler.ContextHandler (ContextHandler.java:doStop(910)) - Stopped o.e.j.w.WebAppContext@55cff952{/,null,UNAVAILABLE}{/ozoneManager}
2019-10-02 07:39:12,058 [main] INFO  server.AbstractConnector (AbstractConnector.java:doStop(318)) - Stopped ServerConnector@660591fb{HTTP/1.1,[http/1.1]}{0.0.0.0:0}
2019-10-02 07:39:12,059 [main] INFO  handler.ContextHandler (ContextHandler.java:doStop(910)) - Stopped o.e.j.s.ServletContextHandler@64030b91{/static,file:///workdir/hadoop-ozone/integration-test/target/test-classes/webapps/static,UNAVAILABLE}
2019-10-02 07:39:12,059 [main] INFO  handler.ContextHandler (ContextHandler.java:doStop(910)) - Stopped o.e.j.s.ServletContextHandler@31cb96e1{/logs,file:///workdir/hadoop-ozone/integration-test/target/log,UNAVAILABLE}
2019-10-02 07:39:12,067 [main] INFO  ozone.MiniOzoneClusterImpl (MiniOzoneClusterImpl.java:stopDatanodes(377)) - Stopping the HddsDatanodes
2019-10-02 07:39:12,664 [Datanode State Machine Thread - 0] INFO  statemachine.DatanodeStateMachine (DatanodeStateMachine.java:lambda$startDaemon$0(350)) - Ozone container server started.
2019-10-02 07:39:13,028 [Datanode State Machine Thread - 0] INFO  statemachine.DatanodeStateMachine (DatanodeStateMachine.java:lambda$startDaemon$0(350)) - Ozone container server started.
2019-10-02 07:39:15,944 [grpc-default-executor-11] INFO  impl.FollowerInfo (FollowerInfo.java:lambda$new$0(51)) - f465c0ec-0be9-4ae9-8f51-a8818d3fe0fc@group-DCB3B93FDF26->1b828d8a-bca8-4046-ad6d-863244307b25: nextIndex: updateUnconditionally 3 -> 2
2019-10-02 07:39:17,072 [ForkJoinPool.commonPool-worker-0] INFO  ozoneimpl.OzoneContainer (OzoneContainer.java:stop(231)) - Attempting to stop container services.
2019-10-02 07:39:17,072 [main] INFO  ozoneimpl.OzoneContainer (OzoneContainer.java:stop(231)) - Attempting to stop container services.
2019-10-02 07:39:17,074 [ForkJoinPool.commonPool-worker-0] INFO  impl.RaftServerProxy (RaftServerProxy.java:lambda$close$4(314)) - 1b828d8a-bca8-4046-ad6d-863244307b25: close
2019-10-02 07:39:17,074 [main] INFO  impl.RaftServerProxy (RaftServerProxy.java:lambda$close$4(314)) - ceafac3c-b94e-436b-b57a-960890b1af34: close
2019-10-02 07:39:17,075 [ForkJoinPool.commonPool-worker-0] INFO  impl.RaftServerImpl (RaftServerImpl.java:lambda$shutdown$3(247)) - 1b828d8a-bca8-4046-ad6d-863244307b25@group-A89A9C097B60: shutdown
2019-10-02 07:39:17,075 [main] INFO  impl.RaftServerImpl (RaftServerImpl.java:lambda$shutdown$3(247)) - ceafac3c-b94e-436b-b57a-960890b1af34@group-087FDD7CB564: shutdown
2019-10-02 07:39:17,075 [ForkJoinPool.commonPool-worker-0] INFO  util.JmxRegister (JmxRegister.java:unregister(73)) - Successfully un-registered JMX Bean with object name Ratis:service=RaftServer,group=group-A89A9C097B60,id=1b828d8a-bca8-4046-ad6d-863244307b25
2019-10-02 07:39:17,076 [main] INFO  util.JmxRegister (JmxRegister.java:unregister(73)) - Successfully un-registered JMX Bean with object name Ratis:service=RaftServer,group=group-087FDD7CB564,id=ceafac3c-b94e-436b-b57a-960890b1af34
2019-10-02 07:39:17,076 [ForkJoinPool.commonPool-worker-0] INFO  impl.RoleInfo (RoleInfo.java:shutdownFollowerState(121)) - 1b828d8a-bca8-4046-ad6d-863244307b25: shutdown FollowerState
2019-10-02 07:39:17,076 [main] INFO  impl.RoleInfo (RoleInfo.java:shutdownLeaderState(104)) - ceafac3c-b94e-436b-b57a-960890b1af34: shutdown LeaderState
2019-10-02 07:39:17,077 [Thread-1079] INFO  impl.FollowerState (FollowerState.java:run(117)) - 1b828d8a-bca8-4046-ad6d-863244307b25@group-A89A9C097B60-FollowerState was interrupted: java.lang.InterruptedException: sleep interrupted
2019-10-02 07:39:17,077 [ForkJoinPool.commonPool-worker-0] INFO  impl.StateMachineUpdater (StateMachineUpdater.java:stopAndJoin(136)) - 1b828d8a-bca8-4046-ad6d-863244307b25@group-A89A9C097B60-StateMachineUpdater: set stopIndex = 0
2019-10-02 07:39:17,081 [ForkJoinPool.commonPool-worker-0] INFO  impl.RaftServerImpl (ServerState.java:close(387)) - 1b828d8a-bca8-4046-ad6d-863244307b25@group-A89A9C097B60: closes. applyIndex: 0
2019-10-02 07:39:17,081 [main] INFO  impl.PendingRequests (PendingRequests.java:sendNotLeaderResponses(202)) - ceafac3c-b94e-436b-b57a-960890b1af34@group-087FDD7CB564-PendingRequests: sendNotLeaderResponses
2019-10-02 07:39:17,082 [1b828d8a-bca8-4046-ad6d-863244307b25@group-A89A9C097B60-SegmentedRaftLogWorker] INFO  segmented.SegmentedRaftLogWorker (SegmentedRaftLogWorker.java:run(316)) - 1b828d8a-bca8-4046-ad6d-863244307b25@group-A89A9C097B60-SegmentedRaftLogWorker was interrupted, exiting. There are 0 tasks remaining in the queue.
2019-10-02 07:39:17,082 [main] INFO  impl.StateMachineUpdater (StateMachineUpdater.java:stopAndJoin(136)) - ceafac3c-b94e-436b-b57a-960890b1af34@group-087FDD7CB564-StateMachineUpdater: set stopIndex = 0
2019-10-02 07:39:17,082 [ForkJoinPool.commonPool-worker-0] INFO  segmented.SegmentedRaftLogWorker (SegmentedRaftLogWorker.java:close(224)) - 1b828d8a-bca8-4046-ad6d-863244307b25@group-A89A9C097B60-SegmentedRaftLogWorker close()
2019-10-02 07:39:17,083 [main] INFO  impl.RaftServerImpl (ServerState.java:close(387)) - ceafac3c-b94e-436b-b57a-960890b1af34@group-087FDD7CB564: closes. applyIndex: 0
2019-10-02 07:39:17,085 [ForkJoinPool.commonPool-worker-0] INFO  impl.RaftServerImpl (RaftServerImpl.java:lambda$shutdown$3(247)) - 1b828d8a-bca8-4046-ad6d-863244307b25@group-4E55DCFAE10C: shutdown
2019-10-02 07:39:17,085 [ceafac3c-b94e-436b-b57a-960890b1af34@group-087FDD7CB564-SegmentedRaftLogWorker] INFO  segmented.SegmentedRaftLogWorker (SegmentedRaftLogWorker.java:run(316)) - ceafac3c-b94e-436b-b57a-960890b1af34@group-087FDD7CB564-SegmentedRaftLogWorker was interrupted, exiting. There are 0 tasks remaining in the queue.
2019-10-02 07:39:17,085 [ForkJoinPool.commonPool-worker-0] INFO  util.JmxRegister (JmxRegister.java:unregister(73)) - Successfully un-registered JMX Bean with object name Ratis:service=RaftServer,group=group-4E55DCFAE10C,id=1b828d8a-bca8-4046-ad6d-863244307b25
2019-10-02 07:39:17,086 [main] INFO  segmented.SegmentedRaftLogWorker (SegmentedRaftLogWorker.java:close(224)) - ceafac3c-b94e-436b-b57a-960890b1af34@group-087FDD7CB564-SegmentedRaftLogWorker close()
2019-10-02 07:39:17,086 [ForkJoinPool.commonPool-worker-0] INFO  impl.RoleInfo (RoleInfo.java:shutdownLeaderState(104)) - 1b828d8a-bca8-4046-ad6d-863244307b25: shutdown LeaderState
2019-10-02 07:39:17,088 [main] INFO  impl.RaftServerImpl (RaftServerImpl.java:lambda$shutdown$3(247)) - ceafac3c-b94e-436b-b57a-960890b1af34@group-9A9F18567D5E: shutdown
2019-10-02 07:39:17,088 [ForkJoinPool.commonPool-worker-0] INFO  impl.PendingRequests (PendingRequests.java:sendNotLeaderResponses(202)) - 1b828d8a-bca8-4046-ad6d-863244307b25@group-4E55DCFAE10C-PendingRequests: sendNotLeaderResponses
2019-10-02 07:39:17,089 [main] INFO  util.JmxRegister (JmxRegister.java:unregister(73)) - Successfully un-registered JMX Bean with object name Ratis:service=RaftServer,group=group-9A9F18567D5E,id=ceafac3c-b94e-436b-b57a-960890b1af34
2019-10-02 07:39:17,089 [ForkJoinPool.commonPool-worker-0] INFO  impl.StateMachineUpdater (StateMachineUpdater.java:stopAndJoin(136)) - 1b828d8a-bca8-4046-ad6d-863244307b25@group-4E55DCFAE10C-StateMachineUpdater: set stopIndex = 0
2019-10-02 07:39:17,089 [main] INFO  impl.RoleInfo (RoleInfo.java:shutdownFollowerState(121)) - ceafac3c-b94e-436b-b57a-960890b1af34: shutdown FollowerState
2019-10-02 07:39:17,090 [ForkJoinPool.commonPool-worker-0] INFO  impl.RaftServerImpl (ServerState.java:close(387)) - 1b828d8a-bca8-4046-ad6d-863244307b25@group-4E55DCFAE10C: closes. applyIndex: 0
2019-10-02 07:39:17,090 [Thread-978] INFO  impl.FollowerState (FollowerState.java:run(117)) - ceafac3c-b94e-436b-b57a-960890b1af34@group-9A9F18567D5E-FollowerState was interrupted: java.lang.InterruptedException: sleep interrupted
2019-10-02 07:39:17,090 [main] INFO  impl.StateMachineUpdater (StateMachineUpdater.java:stopAndJoin(136)) - ceafac3c-b94e-436b-b57a-960890b1af34@group-9A9F18567D5E-StateMachineUpdater: set stopIndex = 0
2019-10-02 07:39:17,092 [1b828d8a-bca8-4046-ad6d-863244307b25@group-4E55DCFAE10C-SegmentedRaftLogWorker] INFO  segmented.SegmentedRaftLogWorker (SegmentedRaftLogWorker.java:run(316)) - 1b828d8a-bca8-4046-ad6d-863244307b25@group-4E55DCFAE10C-SegmentedRaftLogWorker was interrupted, exiting. There are 0 tasks remaining in the queue.
2019-10-02 07:39:17,092 [main] INFO  impl.RaftServerImpl (ServerState.java:close(387)) - ceafac3c-b94e-436b-b57a-960890b1af34@group-9A9F18567D5E: closes. applyIndex: 0
2019-10-02 07:39:17,092 [ForkJoinPool.commonPool-worker-0] INFO  segmented.SegmentedRaftLogWorker (SegmentedRaftLogWorker.java:close(224)) - 1b828d8a-bca8-4046-ad6d-863244307b25@group-4E55DCFAE10C-SegmentedRaftLogWorker close()
2019-10-02 07:39:17,093 [ceafac3c-b94e-436b-b57a-960890b1af34@group-9A9F18567D5E-SegmentedRaftLogWorker] INFO  segmented.SegmentedRaftLogWorker (SegmentedRaftLogWorker.java:run(316)) - ceafac3c-b94e-436b-b57a-960890b1af34@group-9A9F18567D5E-SegmentedRaftLogWorker was interrupted, exiting. There are 0 tasks remaining in the queue.
2019-10-02 07:39:17,095 [main] INFO  segmented.SegmentedRaftLogWorker (SegmentedRaftLogWorker.java:close(224)) - ceafac3c-b94e-436b-b57a-960890b1af34@group-9A9F18567D5E-SegmentedRaftLogWorker close()
2019-10-02 07:39:17,097 [main] INFO  server.GrpcService (GrpcService.java:closeImpl(164)) - ceafac3c-b94e-436b-b57a-960890b1af34: shutdown server with port 45023 now
2019-10-02 07:39:17,097 [ForkJoinPool.commonPool-worker-0] INFO  server.GrpcService (GrpcService.java:closeImpl(164)) - 1b828d8a-bca8-4046-ad6d-863244307b25: shutdown server with port 42961 now
2019-10-02 07:39:17,107 [grpc-default-executor-16] WARN  server.GrpcServerProtocolService (LogUtils.java:warn(134)) - ceafac3c-b94e-436b-b57a-960890b1af34: installSnapshot onError, lastRequest: e774d0d1-00b7-40b4-85b3-8faca11cae95->ceafac3c-b94e-436b-b57a-960890b1af34#28-t1, previous=(t:1, i:0), leaderCommit=0, initializing? false, entries: <empty>: org.apache.ratis.thirdparty.io.grpc.StatusRuntimeException: CANCELLED: cancelled before receiving half close
2019-10-02 07:39:17,107 [grpc-default-executor-13] WARN  server.GrpcServerProtocolService (LogUtils.java:warn(134)) - 1b828d8a-bca8-4046-ad6d-863244307b25: installSnapshot onError, lastRequest: f465c0ec-0be9-4ae9-8f51-a8818d3fe0fc->1b828d8a-bca8-4046-ad6d-863244307b25#16-t1, previous=(t:1, i:0), leaderCommit=0, initializing? false, entries: <empty>: org.apache.ratis.thirdparty.io.grpc.StatusRuntimeException: CANCELLED: cancelled before receiving half close
2019-10-02 07:39:17,111 [main] INFO  server.GrpcService (GrpcService.java:closeImpl(172)) - ceafac3c-b94e-436b-b57a-960890b1af34: shutdown server with port 45023 successfully
2019-10-02 07:39:17,112 [grpc-default-executor-15] WARN  server.GrpcLogAppender (LogUtils.java:warn(134)) - f465c0ec-0be9-4ae9-8f51-a8818d3fe0fc@group-A89A9C097B60->1b828d8a-bca8-4046-ad6d-863244307b25-AppendLogResponseHandler: Failed appendEntries: org.apache.ratis.thirdparty.io.grpc.StatusRuntimeException: CANCELLED: HTTP/2 error code: CANCEL
Received Rst Stream
2019-10-02 07:39:17,112 [grpc-default-executor-10] WARN  server.GrpcLogAppender (LogUtils.java:warn(134)) - e774d0d1-00b7-40b4-85b3-8faca11cae95@group-9A9F18567D5E->ceafac3c-b94e-436b-b57a-960890b1af34-AppendLogResponseHandler: Failed appendEntries: org.apache.ratis.thirdparty.io.grpc.StatusRuntimeException: CANCELLED: HTTP/2 error code: CANCEL
Received Rst Stream
2019-10-02 07:39:17,112 [ForkJoinPool.commonPool-worker-0] INFO  server.GrpcService (GrpcService.java:closeImpl(172)) - 1b828d8a-bca8-4046-ad6d-863244307b25: shutdown server with port 42961 successfully
2019-10-02 07:39:17,113 [grpc-default-executor-10] INFO  impl.FollowerInfo (FollowerInfo.java:lambda$new$0(51)) - e774d0d1-00b7-40b4-85b3-8faca11cae95@group-9A9F18567D5E->ceafac3c-b94e-436b-b57a-960890b1af34: nextIndex: updateUnconditionally 1 -> 0
2019-10-02 07:39:17,116 [refreshUsed-/workdir/hadoop-ozone/integration-test/target/test-dir/MiniOzoneClusterImpl-2816ce32-9f3d-4212-87e4-3e92bc85cde0/datanode-4/data/containers] WARN  fs.CachingGetSpaceUsed (CachingGetSpaceUsed.java:run(183)) - Thread Interrupted waiting to refresh disk information: sleep interrupted
2019-10-02 07:39:17,124 [refreshUsed-/workdir/hadoop-ozone/integration-test/target/test-dir/MiniOzoneClusterImpl-2816ce32-9f3d-4212-87e4-3e92bc85cde0/datanode-1/data/containers] WARN  fs.CachingGetSpaceUsed (CachingGetSpaceUsed.java:run(183)) - Thread Interrupted waiting to refresh disk information: sleep interrupted
2019-10-02 07:39:17,143 [main] INFO  utils.BackgroundService (BackgroundService.java:shutdown(148)) - Shutting down service BlockDeletingService
2019-10-02 07:39:17,146 [ForkJoinPool.commonPool-worker-0] INFO  utils.BackgroundService (BackgroundService.java:shutdown(148)) - Shutting down service BlockDeletingService
2019-10-02 07:39:17,156 [main] INFO  statemachine.DatanodeStateMachine (DatanodeStateMachine.java:stopDaemon(395)) - Ozone container server stopped.
2019-10-02 07:39:17,158 [ForkJoinPool.commonPool-worker-0] INFO  statemachine.DatanodeStateMachine (DatanodeStateMachine.java:stopDaemon(395)) - Ozone container server stopped.
2019-10-02 07:39:17,166 [main] INFO  handler.ContextHandler (ContextHandler.java:doStop(910)) - Stopped o.e.j.w.WebAppContext@5f481b73{/,null,UNAVAILABLE}{/hddsDatanode}
2019-10-02 07:39:17,166 [ForkJoinPool.commonPool-worker-0] INFO  handler.ContextHandler (ContextHandler.java:doStop(910)) - Stopped o.e.j.w.WebAppContext@6c3659be{/,null,UNAVAILABLE}{/hddsDatanode}
2019-10-02 07:39:17,168 [ForkJoinPool.commonPool-worker-0] INFO  server.AbstractConnector (AbstractConnector.java:doStop(318)) - Stopped ServerConnector@522bf64e{HTTP/1.1,[http/1.1]}{0.0.0.0:0}
2019-10-02 07:39:17,168 [main] INFO  server.AbstractConnector (AbstractConnector.java:doStop(318)) - Stopped ServerConnector@32130e61{HTTP/1.1,[http/1.1]}{0.0.0.0:0}
2019-10-02 07:39:17,169 [ForkJoinPool.commonPool-worker-0] INFO  handler.ContextHandler (ContextHandler.java:doStop(910)) - Stopped o.e.j.s.ServletContextHandler@49faf066{/static,jar:file:/home/user/.m2/repository/org/apache/hadoop/hadoop-hdds-container-service/0.5.0-SNAPSHOT/hadoop-hdds-container-service-0.5.0-SNAPSHOT.jar!/webapps/static,UNAVAILABLE}
2019-10-02 07:39:17,170 [main] INFO  handler.ContextHandler (ContextHandler.java:doStop(910)) - Stopped o.e.j.s.ServletContextHandler@3204e238{/static,jar:file:/home/user/.m2/repository/org/apache/hadoop/hadoop-hdds-container-service/0.5.0-SNAPSHOT/hadoop-hdds-container-service-0.5.0-SNAPSHOT.jar!/webapps/static,UNAVAILABLE}
2019-10-02 07:39:17,172 [ForkJoinPool.commonPool-worker-0] INFO  handler.ContextHandler (ContextHandler.java:doStop(910)) - Stopped o.e.j.s.ServletContextHandler@7fdab70c{/logs,file:///workdir/hadoop-ozone/integration-test/target/log,UNAVAILABLE}
2019-10-02 07:39:17,172 [main] INFO  handler.ContextHandler (ContextHandler.java:doStop(910)) - Stopped o.e.j.s.ServletContextHandler@291373d3{/logs,file:///workdir/hadoop-ozone/integration-test/target/log,UNAVAILABLE}
2019-10-02 07:39:17,814 [Datanode State Machine Thread - 0] INFO  statemachine.DatanodeStateMachine (DatanodeStateMachine.java:lambda$startDaemon$0(350)) - Ozone container server started.
2019-10-02 07:39:17,909 [Datanode State Machine Thread - 0] INFO  statemachine.DatanodeStateMachine (DatanodeStateMachine.java:lambda$startDaemon$0(350)) - Ozone container server started.
2019-10-02 07:39:19,060 [grpc-default-executor-10] WARN  server.GrpcLogAppender (LogUtils.java:warn(134)) - e774d0d1-00b7-40b4-85b3-8faca11cae95@group-9A9F18567D5E->ceafac3c-b94e-436b-b57a-960890b1af34-AppendLogResponseHandler: Failed appendEntries: org.apache.ratis.thirdparty.io.grpc.StatusRuntimeException: UNAVAILABLE: io exception
2019-10-02 07:39:19,063 [grpc-default-executor-10] INFO  impl.FollowerInfo (FollowerInfo.java:lambda$new$0(51)) - e774d0d1-00b7-40b4-85b3-8faca11cae95@group-9A9F18567D5E->ceafac3c-b94e-436b-b57a-960890b1af34: nextIndex: updateUnconditionally 0 -> 0
2019-10-02 07:39:20,945 [grpc-default-executor-8] INFO  impl.FollowerInfo (FollowerInfo.java:lambda$new$0(51)) - f465c0ec-0be9-4ae9-8f51-a8818d3fe0fc@group-DCB3B93FDF26->cb6d8aa3-5895-49c1-85c3-41fbb4c04945: nextIndex: updateUnconditionally 3 -> 2
2019-10-02 07:39:20,945 [grpc-default-executor-15] INFO  impl.FollowerInfo (FollowerInfo.java:lambda$new$0(51)) - f465c0ec-0be9-4ae9-8f51-a8818d3fe0fc@group-A89A9C097B60->1b828d8a-bca8-4046-ad6d-863244307b25: nextIndex: updateUnconditionally 1 -> 0
2019-10-02 07:39:20,949 [grpc-default-executor-10] WARN  server.GrpcLogAppender (LogUtils.java:warn(134)) - f465c0ec-0be9-4ae9-8f51-a8818d3fe0fc@group-A89A9C097B60->1b828d8a-bca8-4046-ad6d-863244307b25-AppendLogResponseHandler: Failed appendEntries: org.apache.ratis.thirdparty.io.grpc.StatusRuntimeException: UNAVAILABLE: io exception
2019-10-02 07:39:20,952 [grpc-default-executor-10] INFO  impl.FollowerInfo (FollowerInfo.java:lambda$new$0(51)) - f465c0ec-0be9-4ae9-8f51-a8818d3fe0fc@group-A89A9C097B60->1b828d8a-bca8-4046-ad6d-863244307b25: nextIndex: updateUnconditionally 0 -> 0
2019-10-02 07:39:21,541 [grpc-default-executor-16] WARN  server.GrpcLogAppender (LogUtils.java:warn(134)) - e774d0d1-00b7-40b4-85b3-8faca11cae95@group-9A9F18567D5E->ceafac3c-b94e-436b-b57a-960890b1af34-AppendLogResponseHandler: Failed appendEntries: org.apache.ratis.thirdparty.io.grpc.StatusRuntimeException: UNAVAILABLE: io exception
2019-10-02 07:39:21,544 [grpc-default-executor-16] INFO  impl.FollowerInfo (FollowerInfo.java:lambda$new$0(51)) - e774d0d1-00b7-40b4-85b3-8faca11cae95@group-9A9F18567D5E->ceafac3c-b94e-436b-b57a-960890b1af34: nextIndex: updateUnconditionally 0 -> 0
2019-10-02 07:39:22,176 [main] INFO  ozoneimpl.OzoneContainer (OzoneContainer.java:stop(231)) - Attempting to stop container services.
2019-10-02 07:39:22,176 [ForkJoinPool.commonPool-worker-0] INFO  ozoneimpl.OzoneContainer (OzoneContainer.java:stop(231)) - Attempting to stop container services.
2019-10-02 07:39:22,178 [main] INFO  impl.RaftServerProxy (RaftServerProxy.java:lambda$close$4(314)) - cb6d8aa3-5895-49c1-85c3-41fbb4c04945: close
2019-10-02 07:39:22,178 [ForkJoinPool.commonPool-worker-0] INFO  impl.RaftServerProxy (RaftServerProxy.java:lambda$close$4(314)) - f465c0ec-0be9-4ae9-8f51-a8818d3fe0fc: close
2019-10-02 07:39:22,178 [main] INFO  impl.RaftServerImpl (RaftServerImpl.java:lambda$shutdown$3(247)) - cb6d8aa3-5895-49c1-85c3-41fbb4c04945@group-AD9564986136: shutdown
2019-10-02 07:39:22,179 [ForkJoinPool.commonPool-worker-0] INFO  impl.RaftServerImpl (RaftServerImpl.java:lambda$shutdown$3(247)) - f465c0ec-0be9-4ae9-8f51-a8818d3fe0fc@group-A803D24BC7D0: shutdown
2019-10-02 07:39:22,179 [main] INFO  util.JmxRegister (JmxRegister.java:unregister(73)) - Successfully un-registered JMX Bean with object name Ratis:service=RaftServer,group=group-AD9564986136,id=cb6d8aa3-5895-49c1-85c3-41fbb4c04945
2019-10-02 07:39:22,179 [ForkJoinPool.commonPool-worker-0] INFO  util.JmxRegister (JmxRegister.java:unregister(73)) - Successfully un-registered JMX Bean with object name Ratis:service=RaftServer,group=group-A803D24BC7D0,id=f465c0ec-0be9-4ae9-8f51-a8818d3fe0fc
2019-10-02 07:39:22,180 [main] INFO  impl.RoleInfo (RoleInfo.java:shutdownLeaderState(104)) - cb6d8aa3-5895-49c1-85c3-41fbb4c04945: shutdown LeaderState
2019-10-02 07:39:22,180 [ForkJoinPool.commonPool-worker-0] INFO  impl.RoleInfo (RoleInfo.java:shutdownLeaderState(104)) - f465c0ec-0be9-4ae9-8f51-a8818d3fe0fc: shutdown LeaderState
2019-10-02 07:39:22,181 [main] INFO  impl.PendingRequests (PendingRequests.java:sendNotLeaderResponses(202)) - cb6d8aa3-5895-49c1-85c3-41fbb4c04945@group-AD9564986136-PendingRequests: sendNotLeaderResponses
2019-10-02 07:39:22,181 [ForkJoinPool.commonPool-worker-0] INFO  impl.PendingRequests (PendingRequests.java:sendNotLeaderResponses(202)) - f465c0ec-0be9-4ae9-8f51-a8818d3fe0fc@group-A803D24BC7D0-PendingRequests: sendNotLeaderResponses
2019-10-02 07:39:22,182 [main] INFO  impl.StateMachineUpdater (StateMachineUpdater.java:stopAndJoin(136)) - cb6d8aa3-5895-49c1-85c3-41fbb4c04945@group-AD9564986136-StateMachineUpdater: set stopIndex = 0
2019-10-02 07:39:22,182 [ForkJoinPool.commonPool-worker-0] INFO  impl.StateMachineUpdater (StateMachineUpdater.java:stopAndJoin(136)) - f465c0ec-0be9-4ae9-8f51-a8818d3fe0fc@group-A803D24BC7D0-StateMachineUpdater: set stopIndex = 0
2019-10-02 07:39:22,183 [main] INFO  impl.RaftServerImpl (ServerState.java:close(387)) - cb6d8aa3-5895-49c1-85c3-41fbb4c04945@group-AD9564986136: closes. applyIndex: 0
2019-10-02 07:39:22,183 [ForkJoinPool.commonPool-worker-0] INFO  impl.RaftServerImpl (ServerState.java:close(387)) - f465c0ec-0be9-4ae9-8f51-a8818d3fe0fc@group-A803D24BC7D0: closes. applyIndex: 0
2019-10-02 07:39:22,184 [cb6d8aa3-5895-49c1-85c3-41fbb4c04945@group-AD9564986136-SegmentedRaftLogWorker] INFO  segmented.SegmentedRaftLogWorker (SegmentedRaftLogWorker.java:run(316)) - cb6d8aa3-5895-49c1-85c3-41fbb4c04945@group-AD9564986136-SegmentedRaftLogWorker was interrupted, exiting. There are 0 tasks remaining in the queue.
2019-10-02 07:39:22,184 [f465c0ec-0be9-4ae9-8f51-a8818d3fe0fc@group-A803D24BC7D0-SegmentedRaftLogWorker] INFO  segmented.SegmentedRaftLogWorker (SegmentedRaftLogWorker.java:run(316)) - f465c0ec-0be9-4ae9-8f51-a8818d3fe0fc@group-A803D24BC7D0-SegmentedRaftLogWorker was interrupted, exiting. There are 0 tasks remaining in the queue.
2019-10-02 07:39:22,184 [main] INFO  segmented.SegmentedRaftLogWorker (SegmentedRaftLogWorker.java:close(224)) - cb6d8aa3-5895-49c1-85c3-41fbb4c04945@group-AD9564986136-SegmentedRaftLogWorker close()
2019-10-02 07:39:22,188 [main] INFO  impl.RaftServerImpl (RaftServerImpl.java:lambda$shutdown$3(247)) - cb6d8aa3-5895-49c1-85c3-41fbb4c04945@group-A89A9C097B60: shutdown
2019-10-02 07:39:22,188 [main] INFO  util.JmxRegister (JmxRegister.java:unregister(73)) - Successfully un-registered JMX Bean with object name Ratis:service=RaftServer,group=group-A89A9C097B60,id=cb6d8aa3-5895-49c1-85c3-41fbb4c04945
2019-10-02 07:39:22,188 [main] INFO  impl.RoleInfo (RoleInfo.java:shutdownFollowerState(121)) - cb6d8aa3-5895-49c1-85c3-41fbb4c04945: shutdown FollowerState
2019-10-02 07:39:22,189 [main] INFO  impl.StateMachineUpdater (StateMachineUpdater.java:stopAndJoin(136)) - cb6d8aa3-5895-49c1-85c3-41fbb4c04945@group-A89A9C097B60-StateMachineUpdater: set stopIndex = 0
2019-10-02 07:39:22,189 [Thread-1075] INFO  impl.FollowerState (FollowerState.java:run(117)) - cb6d8aa3-5895-49c1-85c3-41fbb4c04945@group-A89A9C097B60-FollowerState was interrupted: java.lang.InterruptedException: sleep interrupted
2019-10-02 07:39:22,189 [main] INFO  impl.RaftServerImpl (ServerState.java:close(387)) - cb6d8aa3-5895-49c1-85c3-41fbb4c04945@group-A89A9C097B60: closes. applyIndex: 0
2019-10-02 07:39:22,192 [cb6d8aa3-5895-49c1-85c3-41fbb4c04945@group-A89A9C097B60-SegmentedRaftLogWorker] INFO  segmented.SegmentedRaftLogWorker (SegmentedRaftLogWorker.java:run(316)) - cb6d8aa3-5895-49c1-85c3-41fbb4c04945@group-A89A9C097B60-SegmentedRaftLogWorker was interrupted, exiting. There are 0 tasks remaining in the queue.
2019-10-02 07:39:22,196 [main] INFO  segmented.SegmentedRaftLogWorker (SegmentedRaftLogWorker.java:close(224)) - cb6d8aa3-5895-49c1-85c3-41fbb4c04945@group-A89A9C097B60-SegmentedRaftLogWorker close()
2019-10-02 07:39:22,196 [ForkJoinPool.commonPool-worker-0] INFO  segmented.SegmentedRaftLogWorker (SegmentedRaftLogWorker.java:close(224)) - f465c0ec-0be9-4ae9-8f51-a8818d3fe0fc@group-A803D24BC7D0-SegmentedRaftLogWorker close()
2019-10-02 07:39:22,198 [main] INFO  server.GrpcService (GrpcService.java:closeImpl(164)) - cb6d8aa3-5895-49c1-85c3-41fbb4c04945: shutdown server with port 44476 now
2019-10-02 07:39:22,200 [ForkJoinPool.commonPool-worker-0] INFO  impl.RaftServerImpl (RaftServerImpl.java:lambda$shutdown$3(247)) - f465c0ec-0be9-4ae9-8f51-a8818d3fe0fc@group-A89A9C097B60: shutdown
2019-10-02 07:39:22,201 [ForkJoinPool.commonPool-worker-0] INFO  util.JmxRegister (JmxRegister.java:unregister(73)) - Successfully un-registered JMX Bean with object name Ratis:service=RaftServer,group=group-A89A9C097B60,id=f465c0ec-0be9-4ae9-8f51-a8818d3fe0fc
2019-10-02 07:39:22,201 [ForkJoinPool.commonPool-worker-0] INFO  impl.RoleInfo (RoleInfo.java:shutdownLeaderState(104)) - f465c0ec-0be9-4ae9-8f51-a8818d3fe0fc: shutdown LeaderState
2019-10-02 07:39:22,205 [ForkJoinPool.commonPool-worker-0] INFO  impl.PendingRequests (PendingRequests.java:sendNotLeaderResponses(202)) - f465c0ec-0be9-4ae9-8f51-a8818d3fe0fc@group-A89A9C097B60-PendingRequests: sendNotLeaderResponses
2019-10-02 07:39:22,205 [org.apache.ratis.server.impl.LogAppender$AppenderDaemon$$Lambda$500/893228623@6b2cd743] WARN  server.GrpcLogAppender (GrpcLogAppender.java:mayWait(143)) - f465c0ec-0be9-4ae9-8f51-a8818d3fe0fc@group-A89A9C097B60->cb6d8aa3-5895-49c1-85c3-41fbb4c04945-GrpcLogAppender: Wait interrupted by java.lang.InterruptedException
2019-10-02 07:39:22,205 [ForkJoinPool.commonPool-worker-0] INFO  impl.StateMachineUpdater (StateMachineUpdater.java:stopAndJoin(136)) - f465c0ec-0be9-4ae9-8f51-a8818d3fe0fc@group-A89A9C097B60-StateMachineUpdater: set stopIndex = 0
2019-10-02 07:39:22,205 [grpc-default-executor-10] WARN  server.GrpcServerProtocolService (LogUtils.java:warn(134)) - cb6d8aa3-5895-49c1-85c3-41fbb4c04945: installSnapshot onError, lastRequest: f465c0ec-0be9-4ae9-8f51-a8818d3fe0fc->cb6d8aa3-5895-49c1-85c3-41fbb4c04945#19-t1, previous=(t:1, i:0), leaderCommit=0, initializing? false, entries: <empty>: org.apache.ratis.thirdparty.io.grpc.StatusRuntimeException: CANCELLED: cancelled before receiving half close
2019-10-02 07:39:22,205 [org.apache.ratis.server.impl.LogAppender$AppenderDaemon$$Lambda$500/893228623@7e539703] WARN  server.GrpcLogAppender (GrpcLogAppender.java:mayWait(143)) - f465c0ec-0be9-4ae9-8f51-a8818d3fe0fc@group-A89A9C097B60->1b828d8a-bca8-4046-ad6d-863244307b25-GrpcLogAppender: Wait interrupted by java.lang.InterruptedException
2019-10-02 07:39:22,206 [main] INFO  server.GrpcService (GrpcService.java:closeImpl(172)) - cb6d8aa3-5895-49c1-85c3-41fbb4c04945: shutdown server with port 44476 successfully
2019-10-02 07:39:22,206 [ForkJoinPool.commonPool-worker-0] INFO  impl.RaftServerImpl (ServerState.java:close(387)) - f465c0ec-0be9-4ae9-8f51-a8818d3fe0fc@group-A89A9C097B60: closes. applyIndex: 0
2019-10-02 07:39:22,206 [grpc-default-executor-16] INFO  server.GrpcLogAppender (GrpcLogAppender.java:onError(282)) - f465c0ec-0be9-4ae9-8f51-a8818d3fe0fc@group-A89A9C097B60->cb6d8aa3-5895-49c1-85c3-41fbb4c04945-GrpcLogAppender is stopped
2019-10-02 07:39:22,207 [f465c0ec-0be9-4ae9-8f51-a8818d3fe0fc@group-A89A9C097B60-SegmentedRaftLogWorker] INFO  segmented.SegmentedRaftLogWorker (SegmentedRaftLogWorker.java:run(316)) - f465c0ec-0be9-4ae9-8f51-a8818d3fe0fc@group-A89A9C097B60-SegmentedRaftLogWorker was interrupted, exiting. There are 0 tasks remaining in the queue.
2019-10-02 07:39:22,208 [ForkJoinPool.commonPool-worker-0] INFO  segmented.SegmentedRaftLogWorker (SegmentedRaftLogWorker.java:close(224)) - f465c0ec-0be9-4ae9-8f51-a8818d3fe0fc@group-A89A9C097B60-SegmentedRaftLogWorker close()
2019-10-02 07:39:22,218 [ForkJoinPool.commonPool-worker-0] INFO  server.GrpcService (GrpcService.java:closeImpl(164)) - f465c0ec-0be9-4ae9-8f51-a8818d3fe0fc: shutdown server with port 34436 now
2019-10-02 07:39:22,219 [ForkJoinPool.commonPool-worker-0] INFO  server.GrpcService (GrpcService.java:closeImpl(172)) - f465c0ec-0be9-4ae9-8f51-a8818d3fe0fc: shutdown server with port 34436 successfully
2019-10-02 07:39:22,221 [refreshUsed-/workdir/hadoop-ozone/integration-test/target/test-dir/MiniOzoneClusterImpl-2816ce32-9f3d-4212-87e4-3e92bc85cde0/datanode-2/data/containers] WARN  fs.CachingGetSpaceUsed (CachingGetSpaceUsed.java:run(183)) - Thread Interrupted waiting to refresh disk information: sleep interrupted
2019-10-02 07:39:22,230 [refreshUsed-/workdir/hadoop-ozone/integration-test/target/test-dir/MiniOzoneClusterImpl-2816ce32-9f3d-4212-87e4-3e92bc85cde0/datanode-3/data/containers] WARN  fs.CachingGetSpaceUsed (CachingGetSpaceUsed.java:run(183)) - Thread Interrupted waiting to refresh disk information: sleep interrupted
2019-10-02 07:39:22,248 [ForkJoinPool.commonPool-worker-0] INFO  utils.BackgroundService (BackgroundService.java:shutdown(148)) - Shutting down service BlockDeletingService
2019-10-02 07:39:22,253 [ForkJoinPool.commonPool-worker-0] INFO  statemachine.DatanodeStateMachine (DatanodeStateMachine.java:stopDaemon(395)) - Ozone container server stopped.
2019-10-02 07:39:22,258 [ForkJoinPool.commonPool-worker-0] INFO  handler.ContextHandler (ContextHandler.java:doStop(910)) - Stopped o.e.j.w.WebAppContext@7724704f{/,null,UNAVAILABLE}{/hddsDatanode}
2019-10-02 07:39:22,259 [ForkJoinPool.commonPool-worker-0] INFO  server.AbstractConnector (AbstractConnector.java:doStop(318)) - Stopped ServerConnector@3dfa819{HTTP/1.1,[http/1.1]}{0.0.0.0:0}
2019-10-02 07:39:22,259 [main] INFO  utils.BackgroundService (BackgroundService.java:shutdown(148)) - Shutting down service BlockDeletingService
2019-10-02 07:39:22,261 [ForkJoinPool.commonPool-worker-0] INFO  handler.ContextHandler (ContextHandler.java:doStop(910)) - Stopped o.e.j.s.ServletContextHandler@2f2bff16{/static,jar:file:/home/user/.m2/repository/org/apache/hadoop/hadoop-hdds-container-service/0.5.0-SNAPSHOT/hadoop-hdds-container-service-0.5.0-SNAPSHOT.jar!/webapps/static,UNAVAILABLE}
2019-10-02 07:39:22,262 [ForkJoinPool.commonPool-worker-0] INFO  handler.ContextHandler (ContextHandler.java:doStop(910)) - Stopped o.e.j.s.ServletContextHandler@10f7c76{/logs,file:///workdir/hadoop-ozone/integration-test/target/log,UNAVAILABLE}
2019-10-02 07:39:22,267 [main] INFO  statemachine.DatanodeStateMachine (DatanodeStateMachine.java:stopDaemon(395)) - Ozone container server stopped.
2019-10-02 07:39:22,268 [main] INFO  handler.ContextHandler (ContextHandler.java:doStop(910)) - Stopped o.e.j.w.WebAppContext@45acdd11{/,null,UNAVAILABLE}{/hddsDatanode}
2019-10-02 07:39:22,269 [main] INFO  server.AbstractConnector (AbstractConnector.java:doStop(318)) - Stopped ServerConnector@3f0d6038{HTTP/1.1,[http/1.1]}{0.0.0.0:0}
2019-10-02 07:39:22,269 [main] INFO  handler.ContextHandler (ContextHandler.java:doStop(910)) - Stopped o.e.j.s.ServletContextHandler@1fb2d5e{/static,jar:file:/home/user/.m2/repository/org/apache/hadoop/hadoop-hdds-container-service/0.5.0-SNAPSHOT/hadoop-hdds-container-service-0.5.0-SNAPSHOT.jar!/webapps/static,UNAVAILABLE}
2019-10-02 07:39:22,269 [main] INFO  handler.ContextHandler (ContextHandler.java:doStop(910)) - Stopped o.e.j.s.ServletContextHandler@102c577f{/logs,file:///workdir/hadoop-ozone/integration-test/target/log,UNAVAILABLE}
2019-10-02 07:39:22,437 [Datanode State Machine Thread - 0] INFO  statemachine.DatanodeStateMachine (DatanodeStateMachine.java:lambda$startDaemon$0(350)) - Ozone container server started.
2019-10-02 07:39:22,530 [Datanode State Machine Thread - 0] INFO  statemachine.DatanodeStateMachine (DatanodeStateMachine.java:lambda$startDaemon$0(350)) - Ozone container server started.
2019-10-02 07:39:24,042 [grpc-default-executor-15] WARN  server.GrpcLogAppender (LogUtils.java:warn(134)) - e774d0d1-00b7-40b4-85b3-8faca11cae95@group-9A9F18567D5E->ceafac3c-b94e-436b-b57a-960890b1af34-AppendLogResponseHandler: Failed appendEntries: org.apache.ratis.thirdparty.io.grpc.StatusRuntimeException: UNAVAILABLE: io exception
2019-10-02 07:39:24,044 [grpc-default-executor-15] INFO  impl.FollowerInfo (FollowerInfo.java:lambda$new$0(51)) - e774d0d1-00b7-40b4-85b3-8faca11cae95@group-9A9F18567D5E->ceafac3c-b94e-436b-b57a-960890b1af34: nextIndex: updateUnconditionally 0 -> 0
2019-10-02 07:39:26,549 [grpc-default-executor-15] WARN  server.GrpcLogAppender (LogUtils.java:warn(134)) - e774d0d1-00b7-40b4-85b3-8faca11cae95@group-9A9F18567D5E->ceafac3c-b94e-436b-b57a-960890b1af34-AppendLogResponseHandler: Failed appendEntries: org.apache.ratis.thirdparty.io.grpc.StatusRuntimeException: UNAVAILABLE: io exception
2019-10-02 07:39:26,553 [grpc-default-executor-15] INFO  impl.FollowerInfo (FollowerInfo.java:lambda$new$0(51)) - e774d0d1-00b7-40b4-85b3-8faca11cae95@group-9A9F18567D5E->ceafac3c-b94e-436b-b57a-960890b1af34: nextIndex: updateUnconditionally 0 -> 0
2019-10-02 07:39:27,268 [ForkJoinPool.commonPool-worker-0] INFO  ozoneimpl.OzoneContainer (OzoneContainer.java:stop(231)) - Attempting to stop container services.
2019-10-02 07:39:27,269 [ForkJoinPool.commonPool-worker-0] INFO  impl.RaftServerProxy (RaftServerProxy.java:lambda$close$4(314)) - 804fc30f-f23d-4bcd-9bd5-debbbb81330f: close
2019-10-02 07:39:27,270 [ForkJoinPool.commonPool-worker-0] INFO  impl.RaftServerImpl (RaftServerImpl.java:lambda$shutdown$3(247)) - 804fc30f-f23d-4bcd-9bd5-debbbb81330f@group-DFD4FF0FE45F: shutdown
2019-10-02 07:39:27,270 [ForkJoinPool.commonPool-worker-0] INFO  util.JmxRegister (JmxRegister.java:unregister(73)) - Successfully un-registered JMX Bean with object name Ratis:service=RaftServer,group=group-DFD4FF0FE45F,id=804fc30f-f23d-4bcd-9bd5-debbbb81330f
2019-10-02 07:39:27,271 [ForkJoinPool.commonPool-worker-0] INFO  impl.RoleInfo (RoleInfo.java:shutdownLeaderState(104)) - 804fc30f-f23d-4bcd-9bd5-debbbb81330f: shutdown LeaderState
2019-10-02 07:39:27,271 [main] INFO  ozoneimpl.OzoneContainer (OzoneContainer.java:stop(231)) - Attempting to stop container services.
2019-10-02 07:39:27,271 [ForkJoinPool.commonPool-worker-0] INFO  impl.PendingRequests (PendingRequests.java:sendNotLeaderResponses(202)) - 804fc30f-f23d-4bcd-9bd5-debbbb81330f@group-DFD4FF0FE45F-PendingRequests: sendNotLeaderResponses
2019-10-02 07:39:27,272 [main] INFO  impl.RaftServerProxy (RaftServerProxy.java:lambda$close$4(314)) - e774d0d1-00b7-40b4-85b3-8faca11cae95: close
2019-10-02 07:39:27,272 [ForkJoinPool.commonPool-worker-0] INFO  impl.StateMachineUpdater (StateMachineUpdater.java:stopAndJoin(136)) - 804fc30f-f23d-4bcd-9bd5-debbbb81330f@group-DFD4FF0FE45F-StateMachineUpdater: set stopIndex = 0
2019-10-02 07:39:27,272 [main] INFO  impl.RaftServerImpl (RaftServerImpl.java:lambda$shutdown$3(247)) - e774d0d1-00b7-40b4-85b3-8faca11cae95@group-A72EA3A7BBB6: shutdown
2019-10-02 07:39:27,273 [ForkJoinPool.commonPool-worker-0] INFO  impl.RaftServerImpl (ServerState.java:close(387)) - 804fc30f-f23d-4bcd-9bd5-debbbb81330f@group-DFD4FF0FE45F: closes. applyIndex: 0
2019-10-02 07:39:27,273 [main] INFO  util.JmxRegister (JmxRegister.java:unregister(73)) - Successfully un-registered JMX Bean with object name Ratis:service=RaftServer,group=group-A72EA3A7BBB6,id=e774d0d1-00b7-40b4-85b3-8faca11cae95
2019-10-02 07:39:27,274 [804fc30f-f23d-4bcd-9bd5-debbbb81330f@group-DFD4FF0FE45F-SegmentedRaftLogWorker] INFO  segmented.SegmentedRaftLogWorker (SegmentedRaftLogWorker.java:run(316)) - 804fc30f-f23d-4bcd-9bd5-debbbb81330f@group-DFD4FF0FE45F-SegmentedRaftLogWorker was interrupted, exiting. There are 0 tasks remaining in the queue.
2019-10-02 07:39:27,274 [main] INFO  impl.RoleInfo (RoleInfo.java:shutdownLeaderState(104)) - e774d0d1-00b7-40b4-85b3-8faca11cae95: shutdown LeaderState
2019-10-02 07:39:27,275 [ForkJoinPool.commonPool-worker-0] INFO  segmented.SegmentedRaftLogWorker (SegmentedRaftLogWorker.java:close(224)) - 804fc30f-f23d-4bcd-9bd5-debbbb81330f@group-DFD4FF0FE45F-SegmentedRaftLogWorker close()
2019-10-02 07:39:27,275 [main] INFO  impl.PendingRequests (PendingRequests.java:sendNotLeaderResponses(202)) - e774d0d1-00b7-40b4-85b3-8faca11cae95@group-A72EA3A7BBB6-PendingRequests: sendNotLeaderResponses
2019-10-02 07:39:27,275 [ForkJoinPool.commonPool-worker-0] INFO  impl.RaftServerImpl (RaftServerImpl.java:lambda$shutdown$3(247)) - 804fc30f-f23d-4bcd-9bd5-debbbb81330f@group-9A9F18567D5E: shutdown
2019-10-02 07:39:27,276 [main] INFO  impl.StateMachineUpdater (StateMachineUpdater.java:stopAndJoin(136)) - e774d0d1-00b7-40b4-85b3-8faca11cae95@group-A72EA3A7BBB6-StateMachineUpdater: set stopIndex = 0
2019-10-02 07:39:27,276 [ForkJoinPool.commonPool-worker-0] INFO  util.JmxRegister (JmxRegister.java:unregister(73)) - Successfully un-registered JMX Bean with object name Ratis:service=RaftServer,group=group-9A9F18567D5E,id=804fc30f-f23d-4bcd-9bd5-debbbb81330f
2019-10-02 07:39:27,276 [main] INFO  impl.RaftServerImpl (ServerState.java:close(387)) - e774d0d1-00b7-40b4-85b3-8faca11cae95@group-A72EA3A7BBB6: closes. applyIndex: 0
2019-10-02 07:39:27,277 [ForkJoinPool.commonPool-worker-0] INFO  impl.RoleInfo (RoleInfo.java:shutdownFollowerState(121)) - 804fc30f-f23d-4bcd-9bd5-debbbb81330f: shutdown FollowerState
2019-10-02 07:39:27,277 [e774d0d1-00b7-40b4-85b3-8faca11cae95@group-A72EA3A7BBB6-SegmentedRaftLogWorker] INFO  segmented.SegmentedRaftLogWorker (SegmentedRaftLogWorker.java:run(316)) - e774d0d1-00b7-40b4-85b3-8faca11cae95@group-A72EA3A7BBB6-SegmentedRaftLogWorker was interrupted, exiting. There are 0 tasks remaining in the queue.
2019-10-02 07:39:27,277 [ForkJoinPool.commonPool-worker-0] INFO  impl.StateMachineUpdater (StateMachineUpdater.java:stopAndJoin(136)) - 804fc30f-f23d-4bcd-9bd5-debbbb81330f@group-9A9F18567D5E-StateMachineUpdater: set stopIndex = 0
2019-10-02 07:39:27,278 [Thread-987] INFO  impl.FollowerState (FollowerState.java:run(117)) - 804fc30f-f23d-4bcd-9bd5-debbbb81330f@group-9A9F18567D5E-FollowerState was interrupted: java.lang.InterruptedException: sleep interrupted
2019-10-02 07:39:27,278 [ForkJoinPool.commonPool-worker-0] INFO  impl.RaftServerImpl (ServerState.java:close(387)) - 804fc30f-f23d-4bcd-9bd5-debbbb81330f@group-9A9F18567D5E: closes. applyIndex: 0
2019-10-02 07:39:27,281 [804fc30f-f23d-4bcd-9bd5-debbbb81330f@group-9A9F18567D5E-SegmentedRaftLogWorker] INFO  segmented.SegmentedRaftLogWorker (SegmentedRaftLogWorker.java:run(316)) - 804fc30f-f23d-4bcd-9bd5-debbbb81330f@group-9A9F18567D5E-SegmentedRaftLogWorker was interrupted, exiting. There are 0 tasks remaining in the queue.
2019-10-02 07:39:27,285 [ForkJoinPool.commonPool-worker-0] INFO  segmented.SegmentedRaftLogWorker (SegmentedRaftLogWorker.java:close(224)) - 804fc30f-f23d-4bcd-9bd5-debbbb81330f@group-9A9F18567D5E-SegmentedRaftLogWorker close()
2019-10-02 07:39:27,285 [main] INFO  segmented.SegmentedRaftLogWorker (SegmentedRaftLogWorker.java:close(224)) - e774d0d1-00b7-40b4-85b3-8faca11cae95@group-A72EA3A7BBB6-SegmentedRaftLogWorker close()
2019-10-02 07:39:27,285 [ForkJoinPool.commonPool-worker-0] INFO  server.GrpcService (GrpcService.java:closeImpl(164)) - 804fc30f-f23d-4bcd-9bd5-debbbb81330f: shutdown server with port 45868 now
2019-10-02 07:39:27,285 [main] INFO  impl.RaftServerImpl (RaftServerImpl.java:lambda$shutdown$3(247)) - e774d0d1-00b7-40b4-85b3-8faca11cae95@group-9A9F18567D5E: shutdown
2019-10-02 07:39:27,286 [main] INFO  util.JmxRegister (JmxRegister.java:unregister(73)) - Successfully un-registered JMX Bean with object name Ratis:service=RaftServer,group=group-9A9F18567D5E,id=e774d0d1-00b7-40b4-85b3-8faca11cae95
2019-10-02 07:39:27,286 [main] INFO  impl.RoleInfo (RoleInfo.java:shutdownLeaderState(104)) - e774d0d1-00b7-40b4-85b3-8faca11cae95: shutdown LeaderState
2019-10-02 07:39:27,290 [org.apache.ratis.server.impl.LogAppender$AppenderDaemon$$Lambda$500/893228623@49b6a336] WARN  server.GrpcLogAppender (GrpcLogAppender.java:mayWait(143)) - e774d0d1-00b7-40b4-85b3-8faca11cae95@group-9A9F18567D5E->804fc30f-f23d-4bcd-9bd5-debbbb81330f-GrpcLogAppender: Wait interrupted by java.lang.InterruptedException
2019-10-02 07:39:27,290 [org.apache.ratis.server.impl.LogAppender$AppenderDaemon$$Lambda$500/893228623@533a3d18] WARN  server.GrpcLogAppender (GrpcLogAppender.java:mayWait(143)) - e774d0d1-00b7-40b4-85b3-8faca11cae95@group-9A9F18567D5E->ceafac3c-b94e-436b-b57a-960890b1af34-GrpcLogAppender: Wait interrupted by java.lang.InterruptedException
2019-10-02 07:39:27,290 [main] INFO  impl.PendingRequests (PendingRequests.java:sendNotLeaderResponses(202)) - e774d0d1-00b7-40b4-85b3-8faca11cae95@group-9A9F18567D5E-PendingRequests: sendNotLeaderResponses
2019-10-02 07:39:27,291 [ForkJoinPool.commonPool-worker-0] INFO  server.GrpcService (GrpcService.java:closeImpl(172)) - 804fc30f-f23d-4bcd-9bd5-debbbb81330f: shutdown server with port 45868 successfully
2019-10-02 07:39:27,291 [grpc-default-executor-8] INFO  server.GrpcLogAppender (GrpcLogAppender.java:onError(282)) - e774d0d1-00b7-40b4-85b3-8faca11cae95@group-9A9F18567D5E->804fc30f-f23d-4bcd-9bd5-debbbb81330f-GrpcLogAppender is stopped
2019-10-02 07:39:27,290 [grpc-default-executor-16] WARN  server.GrpcServerProtocolService (LogUtils.java:warn(134)) - 804fc30f-f23d-4bcd-9bd5-debbbb81330f: installSnapshot onError, lastRequest: e774d0d1-00b7-40b4-85b3-8faca11cae95->804fc30f-f23d-4bcd-9bd5-debbbb81330f#32-t1, previous=(t:1, i:0), leaderCommit=0, initializing? false, entries: <empty>: org.apache.ratis.thirdparty.io.grpc.StatusRuntimeException: CANCELLED: cancelled before receiving half close
2019-10-02 07:39:27,291 [main] INFO  impl.StateMachineUpdater (StateMachineUpdater.java:stopAndJoin(136)) - e774d0d1-00b7-40b4-85b3-8faca11cae95@group-9A9F18567D5E-StateMachineUpdater: set stopIndex = 0
2019-10-02 07:39:27,292 [main] INFO  impl.RaftServerImpl (ServerState.java:close(387)) - e774d0d1-00b7-40b4-85b3-8faca11cae95@group-9A9F18567D5E: closes. applyIndex: 0
2019-10-02 07:39:27,292 [refreshUsed-/workdir/hadoop-ozone/integration-test/target/test-dir/MiniOzoneClusterImpl-2816ce32-9f3d-4212-87e4-3e92bc85cde0/datanode-0/data/containers] WARN  fs.CachingGetSpaceUsed (CachingGetSpaceUsed.java:run(183)) - Thread Interrupted waiting to refresh disk information: sleep interrupted
2019-10-02 07:39:27,293 [e774d0d1-00b7-40b4-85b3-8faca11cae95@group-9A9F18567D5E-SegmentedRaftLogWorker] INFO  segmented.SegmentedRaftLogWorker (SegmentedRaftLogWorker.java:run(316)) - e774d0d1-00b7-40b4-85b3-8faca11cae95@group-9A9F18567D5E-SegmentedRaftLogWorker was interrupted, exiting. There are 0 tasks remaining in the queue.
2019-10-02 07:39:27,293 [main] INFO  segmented.SegmentedRaftLogWorker (SegmentedRaftLogWorker.java:close(224)) - e774d0d1-00b7-40b4-85b3-8faca11cae95@group-9A9F18567D5E-SegmentedRaftLogWorker close()
2019-10-02 07:39:27,294 [main] INFO  server.GrpcService (GrpcService.java:closeImpl(164)) - e774d0d1-00b7-40b4-85b3-8faca11cae95: shutdown server with port 33677 now
2019-10-02 07:39:27,295 [main] INFO  server.GrpcService (GrpcService.java:closeImpl(172)) - e774d0d1-00b7-40b4-85b3-8faca11cae95: shutdown server with port 33677 successfully
2019-10-02 07:39:27,297 [refreshUsed-/workdir/hadoop-ozone/integration-test/target/test-dir/MiniOzoneClusterImpl-2816ce32-9f3d-4212-87e4-3e92bc85cde0/datanode-6/data/containers] WARN  fs.CachingGetSpaceUsed (CachingGetSpaceUsed.java:run(183)) - Thread Interrupted waiting to refresh disk information: sleep interrupted
2019-10-02 07:39:27,321 [main] INFO  utils.BackgroundService (BackgroundService.java:shutdown(148)) - Shutting down service BlockDeletingService
2019-10-02 07:39:27,323 [ForkJoinPool.commonPool-worker-0] INFO  utils.BackgroundService (BackgroundService.java:shutdown(148)) - Shutting down service BlockDeletingService
2019-10-02 07:39:27,329 [main] INFO  statemachine.DatanodeStateMachine (DatanodeStateMachine.java:stopDaemon(395)) - Ozone container server stopped.
2019-10-02 07:39:27,329 [ForkJoinPool.commonPool-worker-0] INFO  statemachine.DatanodeStateMachine (DatanodeStateMachine.java:stopDaemon(395)) - Ozone container server stopped.
2019-10-02 07:39:27,333 [ForkJoinPool.commonPool-worker-0] INFO  handler.ContextHandler (ContextHandler.java:doStop(910)) - Stopped o.e.j.w.WebAppContext@6dd1c3ed{/,null,UNAVAILABLE}{/hddsDatanode}
2019-10-02 07:39:27,333 [main] INFO  handler.ContextHandler (ContextHandler.java:doStop(910)) - Stopped o.e.j.w.WebAppContext@d277579{/,null,UNAVAILABLE}{/hddsDatanode}
2019-10-02 07:39:27,334 [ForkJoinPool.commonPool-worker-0] INFO  server.AbstractConnector (AbstractConnector.java:doStop(318)) - Stopped ServerConnector@22a6e998{HTTP/1.1,[http/1.1]}{0.0.0.0:0}
2019-10-02 07:39:27,334 [main] INFO  server.AbstractConnector (AbstractConnector.java:doStop(318)) - Stopped ServerConnector@5db6b845{HTTP/1.1,[http/1.1]}{0.0.0.0:0}
2019-10-02 07:39:27,335 [ForkJoinPool.commonPool-worker-0] INFO  handler.ContextHandler (ContextHandler.java:doStop(910)) - Stopped o.e.j.s.ServletContextHandler@476fe690{/static,jar:file:/home/user/.m2/repository/org/apache/hadoop/hadoop-hdds-container-service/0.5.0-SNAPSHOT/hadoop-hdds-container-service-0.5.0-SNAPSHOT.jar!/webapps/static,UNAVAILABLE}
2019-10-02 07:39:27,335 [main] INFO  handler.ContextHandler (ContextHandler.java:doStop(910)) - Stopped o.e.j.s.ServletContextHandler@3e3315d9{/static,jar:file:/home/user/.m2/repository/org/apache/hadoop/hadoop-hdds-container-service/0.5.0-SNAPSHOT/hadoop-hdds-container-service-0.5.0-SNAPSHOT.jar!/webapps/static,UNAVAILABLE}
2019-10-02 07:39:27,337 [ForkJoinPool.commonPool-worker-0] INFO  handler.ContextHandler (ContextHandler.java:doStop(910)) - Stopped o.e.j.s.ServletContextHandler@65b97f47{/logs,file:///workdir/hadoop-ozone/integration-test/target/log,UNAVAILABLE}
2019-10-02 07:39:27,337 [main] INFO  handler.ContextHandler (ContextHandler.java:doStop(910)) - Stopped o.e.j.s.ServletContextHandler@a2341c6{/logs,file:///workdir/hadoop-ozone/integration-test/target/log,UNAVAILABLE}
2019-10-02 07:39:27,609 [Datanode State Machine Thread - 0] INFO  statemachine.DatanodeStateMachine (DatanodeStateMachine.java:lambda$startDaemon$0(350)) - Ozone container server started.
2019-10-02 07:39:32,340 [main] INFO  ozoneimpl.OzoneContainer (OzoneContainer.java:stop(231)) - Attempting to stop container services.
2019-10-02 07:39:32,342 [main] INFO  impl.RaftServerProxy (RaftServerProxy.java:lambda$close$4(314)) - b2e1dc6f-682c-466b-901a-3a10d773ae7f: close
2019-10-02 07:39:32,343 [main] INFO  impl.RaftServerImpl (RaftServerImpl.java:lambda$shutdown$3(247)) - b2e1dc6f-682c-466b-901a-3a10d773ae7f@group-58FC2A8F789F: shutdown
2019-10-02 07:39:32,344 [main] INFO  util.JmxRegister (JmxRegister.java:unregister(73)) - Successfully un-registered JMX Bean with object name Ratis:service=RaftServer,group=group-58FC2A8F789F,id=b2e1dc6f-682c-466b-901a-3a10d773ae7f
2019-10-02 07:39:32,344 [main] INFO  impl.RoleInfo (RoleInfo.java:shutdownLeaderState(104)) - b2e1dc6f-682c-466b-901a-3a10d773ae7f: shutdown LeaderState
2019-10-02 07:39:32,345 [main] INFO  impl.PendingRequests (PendingRequests.java:sendNotLeaderResponses(202)) - b2e1dc6f-682c-466b-901a-3a10d773ae7f@group-58FC2A8F789F-PendingRequests: sendNotLeaderResponses
2019-10-02 07:39:32,346 [main] INFO  impl.StateMachineUpdater (StateMachineUpdater.java:stopAndJoin(136)) - b2e1dc6f-682c-466b-901a-3a10d773ae7f@group-58FC2A8F789F-StateMachineUpdater: set stopIndex = 0
2019-10-02 07:39:32,347 [main] INFO  impl.RaftServerImpl (ServerState.java:close(387)) - b2e1dc6f-682c-466b-901a-3a10d773ae7f@group-58FC2A8F789F: closes. applyIndex: 0
2019-10-02 07:39:32,347 [b2e1dc6f-682c-466b-901a-3a10d773ae7f@group-58FC2A8F789F-SegmentedRaftLogWorker] INFO  segmented.SegmentedRaftLogWorker (SegmentedRaftLogWorker.java:run(316)) - b2e1dc6f-682c-466b-901a-3a10d773ae7f@group-58FC2A8F789F-SegmentedRaftLogWorker was interrupted, exiting. There are 0 tasks remaining in the queue.
2019-10-02 07:39:32,348 [main] INFO  segmented.SegmentedRaftLogWorker (SegmentedRaftLogWorker.java:close(224)) - b2e1dc6f-682c-466b-901a-3a10d773ae7f@group-58FC2A8F789F-SegmentedRaftLogWorker close()
2019-10-02 07:39:32,349 [main] INFO  server.GrpcService (GrpcService.java:closeImpl(164)) - b2e1dc6f-682c-466b-901a-3a10d773ae7f: shutdown server with port 42977 now
2019-10-02 07:39:32,352 [main] INFO  server.GrpcService (GrpcService.java:closeImpl(172)) - b2e1dc6f-682c-466b-901a-3a10d773ae7f: shutdown server with port 42977 successfully
2019-10-02 07:39:32,368 [refreshUsed-/workdir/hadoop-ozone/integration-test/target/test-dir/MiniOzoneClusterImpl-2816ce32-9f3d-4212-87e4-3e92bc85cde0/datanode-5/data/containers] WARN  fs.CachingGetSpaceUsed (CachingGetSpaceUsed.java:run(183)) - Thread Interrupted waiting to refresh disk information: sleep interrupted
2019-10-02 07:39:32,390 [main] INFO  utils.BackgroundService (BackgroundService.java:shutdown(148)) - Shutting down service BlockDeletingService
2019-10-02 07:39:32,394 [main] INFO  statemachine.DatanodeStateMachine (DatanodeStateMachine.java:stopDaemon(395)) - Ozone container server stopped.
2019-10-02 07:39:32,396 [main] INFO  handler.ContextHandler (ContextHandler.java:doStop(910)) - Stopped o.e.j.w.WebAppContext@4acb7ecc{/,null,UNAVAILABLE}{/hddsDatanode}
2019-10-02 07:39:32,397 [main] INFO  server.AbstractConnector (AbstractConnector.java:doStop(318)) - Stopped ServerConnector@2a4f5433{HTTP/1.1,[http/1.1]}{0.0.0.0:0}
2019-10-02 07:39:32,398 [main] INFO  handler.ContextHandler (ContextHandler.java:doStop(910)) - Stopped o.e.j.s.ServletContextHandler@74fab04a{/static,jar:file:/home/user/.m2/repository/org/apache/hadoop/hadoop-hdds-container-service/0.5.0-SNAPSHOT/hadoop-hdds-container-service-0.5.0-SNAPSHOT.jar!/webapps/static,UNAVAILABLE}
2019-10-02 07:39:32,398 [main] INFO  handler.ContextHandler (ContextHandler.java:doStop(910)) - Stopped o.e.j.s.ServletContextHandler@439b15f2{/logs,file:///workdir/hadoop-ozone/integration-test/target/log,UNAVAILABLE}
2019-10-02 07:39:32,399 [main] INFO  ozone.MiniOzoneClusterImpl (MiniOzoneClusterImpl.java:stopSCM(392)) - Stopping the StorageContainerManager
2019-10-02 07:39:32,400 [main] INFO  server.StorageContainerManager (StorageContainerManager.java:stop(808)) - Stopping Replication Manager Service.
2019-10-02 07:39:32,400 [main] INFO  container.ReplicationManager (ReplicationManager.java:stop(203)) - Stopping Replication Monitor Thread.
2019-10-02 07:39:32,400 [main] INFO  server.StorageContainerManager (StorageContainerManager.java:stop(815)) - Stopping Lease Manager of the command watchers
2019-10-02 07:39:32,401 [main] INFO  server.StorageContainerManager (StorageContainerManager.java:stop(822)) - Stopping datanode service RPC server
2019-10-02 07:39:32,401 [main] INFO  server.SCMDatanodeProtocolServer (SCMDatanodeProtocolServer.java:stop(367)) - Stopping the RPC server for DataNodes
2019-10-02 07:39:32,401 [main] INFO  ipc.Server (Server.java:stop(3082)) - Stopping server on 44709
2019-10-02 07:39:32,403 [IPC Server listener on 44709] INFO  ipc.Server (Server.java:run(1185)) - Stopping IPC Server listener on 44709
2019-10-02 07:39:32,403 [IPC Server Responder] INFO  ipc.Server (Server.java:run(1319)) - Stopping IPC Server Responder
2019-10-02 07:39:32,476 [SCM Heartbeat Processing Thread - 0] WARN  node.NodeStateManager (NodeStateManager.java:scheduleNextHealthCheck(646)) - Current Thread is interrupted, shutting down HB processing thread for Node Manager.
2019-10-02 07:39:32,476 [main] INFO  server.StorageContainerManager (StorageContainerManager.java:stop(830)) - Stopping block service RPC server
2019-10-02 07:39:32,476 [main] INFO  server.SCMBlockProtocolServer (SCMBlockProtocolServer.java:stop(155)) - Stopping the RPC server for Block Protocol
2019-10-02 07:39:32,476 [main] INFO  ipc.Server (Server.java:stop(3082)) - Stopping server on 45281
2019-10-02 07:39:32,477 [IPC Server listener on 45281] INFO  ipc.Server (Server.java:run(1185)) - Stopping IPC Server listener on 45281
2019-10-02 07:39:32,478 [main] INFO  server.StorageContainerManager (StorageContainerManager.java:stop(837)) - Stopping the StorageContainerLocationProtocol RPC server
2019-10-02 07:39:32,479 [main] INFO  server.SCMClientProtocolServer (SCMClientProtocolServer.java:stop(158)) - Stopping the RPC server for Client Protocol
2019-10-02 07:39:32,479 [IPC Server Responder] INFO  ipc.Server (Server.java:run(1319)) - Stopping IPC Server Responder
2019-10-02 07:39:32,479 [main] INFO  ipc.Server (Server.java:stop(3082)) - Stopping server on 35127
2019-10-02 07:39:32,480 [IPC Server listener on 35127] INFO  ipc.Server (Server.java:run(1185)) - Stopping IPC Server listener on 35127
2019-10-02 07:39:32,480 [main] INFO  server.StorageContainerManager (StorageContainerManager.java:stop(844)) - Stopping Storage Container Manager HTTP server.
2019-10-02 07:39:32,481 [IPC Server Responder] INFO  ipc.Server (Server.java:run(1319)) - Stopping IPC Server Responder
2019-10-02 07:39:32,482 [main] INFO  handler.ContextHandler (ContextHandler.java:doStop(910)) - Stopped o.e.j.w.WebAppContext@780ec4a5{/,null,UNAVAILABLE}{/scm}
2019-10-02 07:39:32,483 [main] INFO  server.AbstractConnector (AbstractConnector.java:doStop(318)) - Stopped ServerConnector@23a9ba52{HTTP/1.1,[http/1.1]}{0.0.0.0:0}
2019-10-02 07:39:32,484 [main] INFO  handler.ContextHandler (ContextHandler.java:doStop(910)) - Stopped o.e.j.s.ServletContextHandler@ebb6851{/static,file:///workdir/hadoop-ozone/integration-test/target/test-classes/webapps/static,UNAVAILABLE}
2019-10-02 07:39:32,484 [main] INFO  handler.ContextHandler (ContextHandler.java:doStop(910)) - Stopped o.e.j.s.ServletContextHandler@61e94def{/logs,file:///workdir/hadoop-ozone/integration-test/target/log,UNAVAILABLE}
2019-10-02 07:39:32,486 [main] INFO  server.StorageContainerManager (StorageContainerManager.java:stop(855)) - Stopping Block Manager Service.
2019-10-02 07:39:32,486 [main] INFO  utils.BackgroundService (BackgroundService.java:shutdown(148)) - Shutting down service SCMBlockDeletingService
2019-10-02 07:39:32,486 [main] INFO  utils.BackgroundService (BackgroundService.java:shutdown(148)) - Shutting down service SCMBlockDeletingService
2019-10-02 07:39:32,487 [main] INFO  server.StorageContainerManager (StorageContainerManager.java:stop(877)) - Stopping SCM Event Queue.
2019-10-02 07:39:32,498 [main] INFO  impl.MetricsSystemImpl (MetricsSystemImpl.java:stop(210)) - Stopping XceiverClientMetrics metrics system...
2019-10-02 07:39:32,512 [prometheus] INFO  impl.MetricsSinkAdapter (MetricsSinkAdapter.java:publishMetricsFromQueue(141)) - prometheus thread interrupted.
2019-10-02 07:39:32,512 [main] INFO  impl.MetricsSystemImpl (MetricsSystemImpl.java:stop(216)) - XceiverClientMetrics metrics system stopped.
]]></system-out>
    <system-err><![CDATA[ERROR StatusLogger No Log4j 2 configuration file found. Using default configuration (logging only errors to the console), or user programmatically provided configurations. Set system property 'log4j2.debug' to show Log4j 2 internal initialization logging. See https://logging.apache.org/log4j/2.x/manual/configuration.html for instructions on how to configure Log4j 2
Oct 02, 2019 7:35:43 AM org.apache.ratis.thirdparty.io.grpc.netty.NettyServerHandler onStreamError
WARNING: Stream Error
org.apache.ratis.thirdparty.io.netty.handler.codec.http2.Http2Exception$StreamException: Received DATA frame for an unknown stream 3
	at org.apache.ratis.thirdparty.io.netty.handler.codec.http2.Http2Exception.streamError(Http2Exception.java:129)
	at org.apache.ratis.thirdparty.io.netty.handler.codec.http2.DefaultHttp2ConnectionDecoder$FrameReadListener.shouldIgnoreHeadersOrDataFrame(DefaultHttp2ConnectionDecoder.java:531)
	at org.apache.ratis.thirdparty.io.netty.handler.codec.http2.DefaultHttp2ConnectionDecoder$FrameReadListener.onDataRead(DefaultHttp2ConnectionDecoder.java:183)
	at org.apache.ratis.thirdparty.io.netty.handler.codec.http2.Http2InboundFrameLogger$1.onDataRead(Http2InboundFrameLogger.java:48)
	at org.apache.ratis.thirdparty.io.netty.handler.codec.http2.DefaultHttp2FrameReader.readDataFrame(DefaultHttp2FrameReader.java:421)
	at org.apache.ratis.thirdparty.io.netty.handler.codec.http2.DefaultHttp2FrameReader.processPayloadState(DefaultHttp2FrameReader.java:251)
	at org.apache.ratis.thirdparty.io.netty.handler.codec.http2.DefaultHttp2FrameReader.readFrame(DefaultHttp2FrameReader.java:160)
	at org.apache.ratis.thirdparty.io.netty.handler.codec.http2.Http2InboundFrameLogger.readFrame(Http2InboundFrameLogger.java:41)
	at org.apache.ratis.thirdparty.io.netty.handler.codec.http2.DefaultHttp2ConnectionDecoder.decodeFrame(DefaultHttp2ConnectionDecoder.java:118)
	at org.apache.ratis.thirdparty.io.netty.handler.codec.http2.Http2ConnectionHandler$FrameDecoder.decode(Http2ConnectionHandler.java:390)
	at org.apache.ratis.thirdparty.io.netty.handler.codec.http2.Http2ConnectionHandler.decode(Http2ConnectionHandler.java:450)
	at org.apache.ratis.thirdparty.io.netty.handler.codec.ByteToMessageDecoder.decodeRemovalReentryProtection(ByteToMessageDecoder.java:502)
	at org.apache.ratis.thirdparty.io.netty.handler.codec.ByteToMessageDecoder.callDecode(ByteToMessageDecoder.java:441)
	at org.apache.ratis.thirdparty.io.netty.handler.codec.ByteToMessageDecoder.channelRead(ByteToMessageDecoder.java:278)
	at org.apache.ratis.thirdparty.io.netty.channel.AbstractChannelHandlerContext.invokeChannelRead(AbstractChannelHandlerContext.java:362)
	at org.apache.ratis.thirdparty.io.netty.channel.AbstractChannelHandlerContext.invokeChannelRead(AbstractChannelHandlerContext.java:348)
	at org.apache.ratis.thirdparty.io.netty.channel.AbstractChannelHandlerContext.fireChannelRead(AbstractChannelHandlerContext.java:340)
	at org.apache.ratis.thirdparty.io.netty.channel.DefaultChannelPipeline$HeadContext.channelRead(DefaultChannelPipeline.java:1434)
	at org.apache.ratis.thirdparty.io.netty.channel.AbstractChannelHandlerContext.invokeChannelRead(AbstractChannelHandlerContext.java:362)
	at org.apache.ratis.thirdparty.io.netty.channel.AbstractChannelHandlerContext.invokeChannelRead(AbstractChannelHandlerContext.java:348)
	at org.apache.ratis.thirdparty.io.netty.channel.DefaultChannelPipeline.fireChannelRead(DefaultChannelPipeline.java:965)
	at org.apache.ratis.thirdparty.io.netty.channel.nio.AbstractNioByteChannel$NioByteUnsafe.read(AbstractNioByteChannel.java:163)
	at org.apache.ratis.thirdparty.io.netty.channel.nio.NioEventLoop.processSelectedKey(NioEventLoop.java:644)
	at org.apache.ratis.thirdparty.io.netty.channel.nio.NioEventLoop.processSelectedKeysOptimized(NioEventLoop.java:579)
	at org.apache.ratis.thirdparty.io.netty.channel.nio.NioEventLoop.processSelectedKeys(NioEventLoop.java:496)
	at org.apache.ratis.thirdparty.io.netty.channel.nio.NioEventLoop.run(NioEventLoop.java:458)
	at org.apache.ratis.thirdparty.io.netty.util.concurrent.SingleThreadEventExecutor$5.run(SingleThreadEventExecutor.java:897)
	at org.apache.ratis.thirdparty.io.netty.util.concurrent.FastThreadLocalRunnable.run(FastThreadLocalRunnable.java:30)
	at java.lang.Thread.run(Thread.java:748)

Oct 02, 2019 7:36:56 AM org.apache.ratis.thirdparty.io.grpc.netty.NettyServerHandler onStreamError
WARNING: Stream Error
org.apache.ratis.thirdparty.io.netty.handler.codec.http2.Http2Exception$StreamException: Received DATA frame for an unknown stream 3
	at org.apache.ratis.thirdparty.io.netty.handler.codec.http2.Http2Exception.streamError(Http2Exception.java:129)
	at org.apache.ratis.thirdparty.io.netty.handler.codec.http2.DefaultHttp2ConnectionDecoder$FrameReadListener.shouldIgnoreHeadersOrDataFrame(DefaultHttp2ConnectionDecoder.java:531)
	at org.apache.ratis.thirdparty.io.netty.handler.codec.http2.DefaultHttp2ConnectionDecoder$FrameReadListener.onDataRead(DefaultHttp2ConnectionDecoder.java:183)
	at org.apache.ratis.thirdparty.io.netty.handler.codec.http2.Http2InboundFrameLogger$1.onDataRead(Http2InboundFrameLogger.java:48)
	at org.apache.ratis.thirdparty.io.netty.handler.codec.http2.DefaultHttp2FrameReader.readDataFrame(DefaultHttp2FrameReader.java:421)
	at org.apache.ratis.thirdparty.io.netty.handler.codec.http2.DefaultHttp2FrameReader.processPayloadState(DefaultHttp2FrameReader.java:251)
	at org.apache.ratis.thirdparty.io.netty.handler.codec.http2.DefaultHttp2FrameReader.readFrame(DefaultHttp2FrameReader.java:160)
	at org.apache.ratis.thirdparty.io.netty.handler.codec.http2.Http2InboundFrameLogger.readFrame(Http2InboundFrameLogger.java:41)
	at org.apache.ratis.thirdparty.io.netty.handler.codec.http2.DefaultHttp2ConnectionDecoder.decodeFrame(DefaultHttp2ConnectionDecoder.java:118)
	at org.apache.ratis.thirdparty.io.netty.handler.codec.http2.Http2ConnectionHandler$FrameDecoder.decode(Http2ConnectionHandler.java:390)
	at org.apache.ratis.thirdparty.io.netty.handler.codec.http2.Http2ConnectionHandler.decode(Http2ConnectionHandler.java:450)
	at org.apache.ratis.thirdparty.io.netty.handler.codec.ByteToMessageDecoder.decodeRemovalReentryProtection(ByteToMessageDecoder.java:502)
	at org.apache.ratis.thirdparty.io.netty.handler.codec.ByteToMessageDecoder.callDecode(ByteToMessageDecoder.java:441)
	at org.apache.ratis.thirdparty.io.netty.handler.codec.ByteToMessageDecoder.channelRead(ByteToMessageDecoder.java:278)
	at org.apache.ratis.thirdparty.io.netty.channel.AbstractChannelHandlerContext.invokeChannelRead(AbstractChannelHandlerContext.java:362)
	at org.apache.ratis.thirdparty.io.netty.channel.AbstractChannelHandlerContext.invokeChannelRead(AbstractChannelHandlerContext.java:348)
	at org.apache.ratis.thirdparty.io.netty.channel.AbstractChannelHandlerContext.fireChannelRead(AbstractChannelHandlerContext.java:340)
	at org.apache.ratis.thirdparty.io.netty.channel.DefaultChannelPipeline$HeadContext.channelRead(DefaultChannelPipeline.java:1434)
	at org.apache.ratis.thirdparty.io.netty.channel.AbstractChannelHandlerContext.invokeChannelRead(AbstractChannelHandlerContext.java:362)
	at org.apache.ratis.thirdparty.io.netty.channel.AbstractChannelHandlerContext.invokeChannelRead(AbstractChannelHandlerContext.java:348)
	at org.apache.ratis.thirdparty.io.netty.channel.DefaultChannelPipeline.fireChannelRead(DefaultChannelPipeline.java:965)
	at org.apache.ratis.thirdparty.io.netty.channel.nio.AbstractNioByteChannel$NioByteUnsafe.read(AbstractNioByteChannel.java:163)
	at org.apache.ratis.thirdparty.io.netty.channel.nio.NioEventLoop.processSelectedKey(NioEventLoop.java:644)
	at org.apache.ratis.thirdparty.io.netty.channel.nio.NioEventLoop.processSelectedKeysOptimized(NioEventLoop.java:579)
	at org.apache.ratis.thirdparty.io.netty.channel.nio.NioEventLoop.processSelectedKeys(NioEventLoop.java:496)
	at org.apache.ratis.thirdparty.io.netty.channel.nio.NioEventLoop.run(NioEventLoop.java:458)
	at org.apache.ratis.thirdparty.io.netty.util.concurrent.SingleThreadEventExecutor$5.run(SingleThreadEventExecutor.java:897)
	at org.apache.ratis.thirdparty.io.netty.util.concurrent.FastThreadLocalRunnable.run(FastThreadLocalRunnable.java:30)
	at java.lang.Thread.run(Thread.java:748)

Oct 02, 2019 7:38:03 AM org.apache.ratis.thirdparty.io.grpc.netty.NettyServerHandler onStreamError
WARNING: Stream Error
org.apache.ratis.thirdparty.io.netty.handler.codec.http2.Http2Exception$StreamException: Received DATA frame for an unknown stream 3
	at org.apache.ratis.thirdparty.io.netty.handler.codec.http2.Http2Exception.streamError(Http2Exception.java:129)
	at org.apache.ratis.thirdparty.io.netty.handler.codec.http2.DefaultHttp2ConnectionDecoder$FrameReadListener.shouldIgnoreHeadersOrDataFrame(DefaultHttp2ConnectionDecoder.java:531)
	at org.apache.ratis.thirdparty.io.netty.handler.codec.http2.DefaultHttp2ConnectionDecoder$FrameReadListener.onDataRead(DefaultHttp2ConnectionDecoder.java:183)
	at org.apache.ratis.thirdparty.io.netty.handler.codec.http2.Http2InboundFrameLogger$1.onDataRead(Http2InboundFrameLogger.java:48)
	at org.apache.ratis.thirdparty.io.netty.handler.codec.http2.DefaultHttp2FrameReader.readDataFrame(DefaultHttp2FrameReader.java:421)
	at org.apache.ratis.thirdparty.io.netty.handler.codec.http2.DefaultHttp2FrameReader.processPayloadState(DefaultHttp2FrameReader.java:251)
	at org.apache.ratis.thirdparty.io.netty.handler.codec.http2.DefaultHttp2FrameReader.readFrame(DefaultHttp2FrameReader.java:160)
	at org.apache.ratis.thirdparty.io.netty.handler.codec.http2.Http2InboundFrameLogger.readFrame(Http2InboundFrameLogger.java:41)
	at org.apache.ratis.thirdparty.io.netty.handler.codec.http2.DefaultHttp2ConnectionDecoder.decodeFrame(DefaultHttp2ConnectionDecoder.java:118)
	at org.apache.ratis.thirdparty.io.netty.handler.codec.http2.Http2ConnectionHandler$FrameDecoder.decode(Http2ConnectionHandler.java:390)
	at org.apache.ratis.thirdparty.io.netty.handler.codec.http2.Http2ConnectionHandler.decode(Http2ConnectionHandler.java:450)
	at org.apache.ratis.thirdparty.io.netty.handler.codec.ByteToMessageDecoder.decodeRemovalReentryProtection(ByteToMessageDecoder.java:502)
	at org.apache.ratis.thirdparty.io.netty.handler.codec.ByteToMessageDecoder.callDecode(ByteToMessageDecoder.java:441)
	at org.apache.ratis.thirdparty.io.netty.handler.codec.ByteToMessageDecoder.channelRead(ByteToMessageDecoder.java:278)
	at org.apache.ratis.thirdparty.io.netty.channel.AbstractChannelHandlerContext.invokeChannelRead(AbstractChannelHandlerContext.java:362)
	at org.apache.ratis.thirdparty.io.netty.channel.AbstractChannelHandlerContext.invokeChannelRead(AbstractChannelHandlerContext.java:348)
	at org.apache.ratis.thirdparty.io.netty.channel.AbstractChannelHandlerContext.fireChannelRead(AbstractChannelHandlerContext.java:340)
	at org.apache.ratis.thirdparty.io.netty.channel.DefaultChannelPipeline$HeadContext.channelRead(DefaultChannelPipeline.java:1434)
	at org.apache.ratis.thirdparty.io.netty.channel.AbstractChannelHandlerContext.invokeChannelRead(AbstractChannelHandlerContext.java:362)
	at org.apache.ratis.thirdparty.io.netty.channel.AbstractChannelHandlerContext.invokeChannelRead(AbstractChannelHandlerContext.java:348)
	at org.apache.ratis.thirdparty.io.netty.channel.DefaultChannelPipeline.fireChannelRead(DefaultChannelPipeline.java:965)
	at org.apache.ratis.thirdparty.io.netty.channel.nio.AbstractNioByteChannel$NioByteUnsafe.read(AbstractNioByteChannel.java:163)
	at org.apache.ratis.thirdparty.io.netty.channel.nio.NioEventLoop.processSelectedKey(NioEventLoop.java:644)
	at org.apache.ratis.thirdparty.io.netty.channel.nio.NioEventLoop.processSelectedKeysOptimized(NioEventLoop.java:579)
	at org.apache.ratis.thirdparty.io.netty.channel.nio.NioEventLoop.processSelectedKeys(NioEventLoop.java:496)
	at org.apache.ratis.thirdparty.io.netty.channel.nio.NioEventLoop.run(NioEventLoop.java:458)
	at org.apache.ratis.thirdparty.io.netty.util.concurrent.SingleThreadEventExecutor$5.run(SingleThreadEventExecutor.java:897)
	at org.apache.ratis.thirdparty.io.netty.util.concurrent.FastThreadLocalRunnable.run(FastThreadLocalRunnable.java:30)
	at java.lang.Thread.run(Thread.java:748)

Oct 02, 2019 7:39:17 AM org.apache.ratis.thirdparty.io.grpc.internal.SerializingExecutor run
SEVERE: Exception while executing runnable org.apache.ratis.thirdparty.io.grpc.internal.ServerImpl$JumpToApplicationThreadServerStreamListener$1Closed@d87a2ef
org.apache.ratis.thirdparty.io.grpc.StatusRuntimeException: CANCELLED: call already cancelled
	at org.apache.ratis.thirdparty.io.grpc.Status.asRuntimeException(Status.java:517)
	at org.apache.ratis.thirdparty.io.grpc.stub.ServerCalls$ServerCallStreamObserverImpl.onCompleted(ServerCalls.java:356)
	at org.apache.ratis.grpc.server.GrpcServerProtocolService$ServerRequestStreamObserver.onError(GrpcServerProtocolService.java:121)
	at org.apache.ratis.thirdparty.io.grpc.stub.ServerCalls$StreamingServerCallHandler$StreamingServerCallListener.onCancel(ServerCalls.java:269)
	at org.apache.ratis.thirdparty.io.grpc.internal.ServerCallImpl$ServerStreamListenerImpl.closed(ServerCallImpl.java:293)
	at org.apache.ratis.thirdparty.io.grpc.internal.ServerImpl$JumpToApplicationThreadServerStreamListener$1Closed.runInContext(ServerImpl.java:741)
	at org.apache.ratis.thirdparty.io.grpc.internal.ContextRunnable.run(ContextRunnable.java:37)
	at org.apache.ratis.thirdparty.io.grpc.internal.SerializingExecutor.run(SerializingExecutor.java:123)
	at java.util.concurrent.ThreadPoolExecutor.runWorker(ThreadPoolExecutor.java:1149)
	at java.util.concurrent.ThreadPoolExecutor$Worker.run(ThreadPoolExecutor.java:624)
	at java.lang.Thread.run(Thread.java:748)

Oct 02, 2019 7:39:17 AM org.apache.ratis.thirdparty.io.grpc.internal.SerializingExecutor run
SEVERE: Exception while executing runnable org.apache.ratis.thirdparty.io.grpc.internal.ServerImpl$JumpToApplicationThreadServerStreamListener$1Closed@4691f841
org.apache.ratis.thirdparty.io.grpc.StatusRuntimeException: CANCELLED: call already cancelled
	at org.apache.ratis.thirdparty.io.grpc.Status.asRuntimeException(Status.java:517)
	at org.apache.ratis.thirdparty.io.grpc.stub.ServerCalls$ServerCallStreamObserverImpl.onCompleted(ServerCalls.java:356)
	at org.apache.ratis.grpc.server.GrpcServerProtocolService$ServerRequestStreamObserver.onError(GrpcServerProtocolService.java:121)
	at org.apache.ratis.thirdparty.io.grpc.stub.ServerCalls$StreamingServerCallHandler$StreamingServerCallListener.onCancel(ServerCalls.java:269)
	at org.apache.ratis.thirdparty.io.grpc.internal.ServerCallImpl$ServerStreamListenerImpl.closed(ServerCallImpl.java:293)
	at org.apache.ratis.thirdparty.io.grpc.internal.ServerImpl$JumpToApplicationThreadServerStreamListener$1Closed.runInContext(ServerImpl.java:741)
	at org.apache.ratis.thirdparty.io.grpc.internal.ContextRunnable.run(ContextRunnable.java:37)
	at org.apache.ratis.thirdparty.io.grpc.internal.SerializingExecutor.run(SerializingExecutor.java:123)
	at java.util.concurrent.ThreadPoolExecutor.runWorker(ThreadPoolExecutor.java:1149)
	at java.util.concurrent.ThreadPoolExecutor$Worker.run(ThreadPoolExecutor.java:624)
	at java.lang.Thread.run(Thread.java:748)

Oct 02, 2019 7:39:22 AM org.apache.ratis.thirdparty.io.grpc.internal.SerializingExecutor run
SEVERE: Exception while executing runnable org.apache.ratis.thirdparty.io.grpc.internal.ServerImpl$JumpToApplicationThreadServerStreamListener$1Closed@1707958a
org.apache.ratis.thirdparty.io.grpc.StatusRuntimeException: CANCELLED: call already cancelled
	at org.apache.ratis.thirdparty.io.grpc.Status.asRuntimeException(Status.java:517)
	at org.apache.ratis.thirdparty.io.grpc.stub.ServerCalls$ServerCallStreamObserverImpl.onCompleted(ServerCalls.java:356)
	at org.apache.ratis.grpc.server.GrpcServerProtocolService$ServerRequestStreamObserver.onError(GrpcServerProtocolService.java:121)
	at org.apache.ratis.thirdparty.io.grpc.stub.ServerCalls$StreamingServerCallHandler$StreamingServerCallListener.onCancel(ServerCalls.java:269)
	at org.apache.ratis.thirdparty.io.grpc.internal.ServerCallImpl$ServerStreamListenerImpl.closed(ServerCallImpl.java:293)
	at org.apache.ratis.thirdparty.io.grpc.internal.ServerImpl$JumpToApplicationThreadServerStreamListener$1Closed.runInContext(ServerImpl.java:741)
	at org.apache.ratis.thirdparty.io.grpc.internal.ContextRunnable.run(ContextRunnable.java:37)
	at org.apache.ratis.thirdparty.io.grpc.internal.SerializingExecutor.run(SerializingExecutor.java:123)
	at java.util.concurrent.ThreadPoolExecutor.runWorker(ThreadPoolExecutor.java:1149)
	at java.util.concurrent.ThreadPoolExecutor$Worker.run(ThreadPoolExecutor.java:624)
	at java.lang.Thread.run(Thread.java:748)

Oct 02, 2019 7:39:27 AM org.apache.ratis.thirdparty.io.grpc.internal.SerializingExecutor run
SEVERE: Exception while executing runnable org.apache.ratis.thirdparty.io.grpc.internal.ServerImpl$JumpToApplicationThreadServerStreamListener$1Closed@7b673dd6
org.apache.ratis.thirdparty.io.grpc.StatusRuntimeException: CANCELLED: call already cancelled
	at org.apache.ratis.thirdparty.io.grpc.Status.asRuntimeException(Status.java:517)
	at org.apache.ratis.thirdparty.io.grpc.stub.ServerCalls$ServerCallStreamObserverImpl.onCompleted(ServerCalls.java:356)
	at org.apache.ratis.grpc.server.GrpcServerProtocolService$ServerRequestStreamObserver.onError(GrpcServerProtocolService.java:121)
	at org.apache.ratis.thirdparty.io.grpc.stub.ServerCalls$StreamingServerCallHandler$StreamingServerCallListener.onCancel(ServerCalls.java:269)
	at org.apache.ratis.thirdparty.io.grpc.internal.ServerCallImpl$ServerStreamListenerImpl.closed(ServerCallImpl.java:293)
	at org.apache.ratis.thirdparty.io.grpc.internal.ServerImpl$JumpToApplicationThreadServerStreamListener$1Closed.runInContext(ServerImpl.java:741)
	at org.apache.ratis.thirdparty.io.grpc.internal.ContextRunnable.run(ContextRunnable.java:37)
	at org.apache.ratis.thirdparty.io.grpc.internal.SerializingExecutor.run(SerializingExecutor.java:123)
	at java.util.concurrent.ThreadPoolExecutor.runWorker(ThreadPoolExecutor.java:1149)
	at java.util.concurrent.ThreadPoolExecutor$Worker.run(ThreadPoolExecutor.java:624)
	at java.lang.Thread.run(Thread.java:748)

]]></system-err>
  </testcase>
  <testcase name="testMaxRetriesByOzoneClient" classname="org.apache.hadoop.ozone.client.rpc.TestOzoneClientRetriesOnException" time="31.603">
    <error message="Failed to command cmdType: CreateContainer&#10;containerID: 1&#10;datanodeUuid: &quot;003c0b2c-9291-471c-a534-75bc80e0ebc2&quot;&#10;createContainer {&#10;}&#10;" type="java.io.IOException"><![CDATA[java.io.IOException: 
Failed to command cmdType: CreateContainer
containerID: 1
datanodeUuid: "003c0b2c-9291-471c-a534-75bc80e0ebc2"
createContainer {
}

	at org.apache.hadoop.hdds.scm.XceiverClientSpi.sendCommand(XceiverClientSpi.java:113)
	at org.apache.hadoop.ozone.client.rpc.TestOzoneClientRetriesOnException.testMaxRetriesByOzoneClient(TestOzoneClientRetriesOnException.java:190)
	at sun.reflect.NativeMethodAccessorImpl.invoke0(Native Method)
	at sun.reflect.NativeMethodAccessorImpl.invoke(NativeMethodAccessorImpl.java:62)
	at sun.reflect.DelegatingMethodAccessorImpl.invoke(DelegatingMethodAccessorImpl.java:43)
	at java.lang.reflect.Method.invoke(Method.java:498)
	at org.junit.runners.model.FrameworkMethod$1.runReflectiveCall(FrameworkMethod.java:47)
	at org.junit.internal.runners.model.ReflectiveCallable.run(ReflectiveCallable.java:12)
	at org.junit.runners.model.FrameworkMethod.invokeExplosively(FrameworkMethod.java:44)
	at org.junit.internal.runners.statements.InvokeMethod.evaluate(InvokeMethod.java:17)
	at org.junit.internal.runners.statements.RunBefores.evaluate(RunBefores.java:26)
	at org.junit.internal.runners.statements.RunAfters.evaluate(RunAfters.java:27)
	at org.junit.runners.ParentRunner.runLeaf(ParentRunner.java:271)
	at org.junit.runners.BlockJUnit4ClassRunner.runChild(BlockJUnit4ClassRunner.java:70)
	at org.junit.runners.BlockJUnit4ClassRunner.runChild(BlockJUnit4ClassRunner.java:50)
	at org.junit.runners.ParentRunner$3.run(ParentRunner.java:238)
	at org.junit.runners.ParentRunner$1.schedule(ParentRunner.java:63)
	at org.junit.runners.ParentRunner.runChildren(ParentRunner.java:236)
	at org.junit.runners.ParentRunner.access$000(ParentRunner.java:53)
	at org.junit.runners.ParentRunner$2.evaluate(ParentRunner.java:229)
	at org.junit.runners.ParentRunner.run(ParentRunner.java:309)
	at org.apache.maven.surefire.junit4.JUnit4Provider.execute(JUnit4Provider.java:365)
	at org.apache.maven.surefire.junit4.JUnit4Provider.executeWithRerun(JUnit4Provider.java:273)
	at org.apache.maven.surefire.junit4.JUnit4Provider.executeTestSet(JUnit4Provider.java:238)
	at org.apache.maven.surefire.junit4.JUnit4Provider.invoke(JUnit4Provider.java:159)
	at org.apache.maven.surefire.booter.ForkedBooter.invokeProviderInSameClassLoader(ForkedBooter.java:384)
	at org.apache.maven.surefire.booter.ForkedBooter.runSuitesInProcess(ForkedBooter.java:345)
	at org.apache.maven.surefire.booter.ForkedBooter.execute(ForkedBooter.java:126)
	at org.apache.maven.surefire.booter.ForkedBooter.main(ForkedBooter.java:418)
Caused by: java.util.concurrent.ExecutionException: org.apache.ratis.protocol.StateMachineException: org.apache.ratis.thirdparty.com.google.protobuf.InvalidProtocolBufferException from Server 003c0b2c-9291-471c-a534-75bc80e0ebc2@group-1568508E349A: Protocol message contained an invalid tag (zero).
	at java.util.concurrent.CompletableFuture.reportGet(CompletableFuture.java:357)
	at java.util.concurrent.CompletableFuture.get(CompletableFuture.java:1895)
	at org.apache.hadoop.hdds.scm.XceiverClientSpi.sendCommand(XceiverClientSpi.java:110)
	... 28 more
Caused by: org.apache.ratis.protocol.StateMachineException: org.apache.ratis.thirdparty.com.google.protobuf.InvalidProtocolBufferException from Server 003c0b2c-9291-471c-a534-75bc80e0ebc2@group-1568508E349A: Protocol message contained an invalid tag (zero).
	at org.apache.ratis.thirdparty.com.google.protobuf.InvalidProtocolBufferException.invalidTag(InvalidProtocolBufferException.java:105)
	at org.apache.ratis.thirdparty.com.google.protobuf.CodedInputStream$ArrayDecoder.readTag(CodedInputStream.java:646)
	at org.apache.hadoop.hdds.protocol.datanode.proto.ContainerProtos$ContainerCommandRequestProto.<init>(ContainerProtos.java:2692)
	at org.apache.hadoop.hdds.protocol.datanode.proto.ContainerProtos$ContainerCommandRequestProto.<init>(ContainerProtos.java:2655)
	at org.apache.hadoop.hdds.protocol.datanode.proto.ContainerProtos$ContainerCommandRequestProto$1.parsePartialFrom(ContainerProtos.java:7272)
	at org.apache.hadoop.hdds.protocol.datanode.proto.ContainerProtos$ContainerCommandRequestProto$1.parsePartialFrom(ContainerProtos.java:7267)
	at org.apache.ratis.thirdparty.com.google.protobuf.AbstractParser.parsePartialFrom(AbstractParser.java:105)
	at org.apache.ratis.thirdparty.com.google.protobuf.AbstractParser.parseFrom(AbstractParser.java:125)
	at org.apache.ratis.thirdparty.com.google.protobuf.AbstractParser.parseFrom(AbstractParser.java:130)
	at org.apache.ratis.thirdparty.com.google.protobuf.AbstractParser.parseFrom(AbstractParser.java:49)
	at org.apache.hadoop.hdds.protocol.datanode.proto.ContainerProtos$ContainerCommandRequestProto.parseFrom(ContainerProtos.java:4110)
	at org.apache.hadoop.ozone.container.common.transport.server.ratis.ContainerStateMachine.getContainerCommandRequestProto(ContainerStateMachine.java:379)
	at org.apache.hadoop.ozone.container.common.transport.server.ratis.ContainerStateMachine.applyTransaction(ContainerStateMachine.java:704)
	at org.apache.ratis.server.impl.RaftServerImpl.applyLogToStateMachine(RaftServerImpl.java:1274)
	at org.apache.ratis.server.impl.StateMachineUpdater.applyLog(StateMachineUpdater.java:224)
	at org.apache.ratis.server.impl.StateMachineUpdater.run(StateMachineUpdater.java:165)
	at java.lang.Thread.run(Thread.java:748)
Caused by: org.apache.ratis.thirdparty.com.google.protobuf.InvalidProtocolBufferException: Protocol message contained an invalid tag (zero).
	at sun.reflect.NativeConstructorAccessorImpl.newInstance0(Native Method)
	at sun.reflect.NativeConstructorAccessorImpl.newInstance(NativeConstructorAccessorImpl.java:62)
	at sun.reflect.DelegatingConstructorAccessorImpl.newInstance(DelegatingConstructorAccessorImpl.java:45)
	at java.lang.reflect.Constructor.newInstance(Constructor.java:423)
	at org.apache.ratis.util.ReflectionUtils.instantiateException(ReflectionUtils.java:222)
	at org.apache.ratis.client.impl.ClientProtoUtils.wrapStateMachineException(ClientProtoUtils.java:296)
	at org.apache.ratis.client.impl.ClientProtoUtils.toRaftClientReply(ClientProtoUtils.java:249)
	at org.apache.ratis.grpc.client.GrpcClientProtocolClient$AsyncStreamObservers$1.onNext(GrpcClientProtocolClient.java:269)
	at org.apache.ratis.grpc.client.GrpcClientProtocolClient$AsyncStreamObservers$1.onNext(GrpcClientProtocolClient.java:264)
	at org.apache.ratis.thirdparty.io.grpc.stub.ClientCalls$StreamObserverToCallListenerAdapter.onMessage(ClientCalls.java:421)
	at org.apache.ratis.thirdparty.io.grpc.ForwardingClientCallListener.onMessage(ForwardingClientCallListener.java:33)
	at org.apache.ratis.thirdparty.io.grpc.ForwardingClientCallListener.onMessage(ForwardingClientCallListener.java:33)
	at org.apache.ratis.thirdparty.io.grpc.internal.ClientCallImpl$ClientStreamListenerImpl$1MessagesAvailable.runInContext(ClientCallImpl.java:519)
	at org.apache.ratis.thirdparty.io.grpc.internal.ContextRunnable.run(ContextRunnable.java:37)
	at org.apache.ratis.thirdparty.io.grpc.internal.SerializingExecutor.run(SerializingExecutor.java:123)
	at java.util.concurrent.ThreadPoolExecutor.runWorker(ThreadPoolExecutor.java:1149)
	at java.util.concurrent.ThreadPoolExecutor$Worker.run(ThreadPoolExecutor.java:624)
	... 1 more
]]></error>
    <system-out><![CDATA[2019-10-02 07:39:32,607 [main] WARN  server.ServerUtils (ServerUtils.java:getScmDbDir(145)) - ozone.scm.db.dirs is not configured. We recommend adding this setting. Falling back to ozone.metadata.dirs instead.
2019-10-02 07:39:32,623 [main] WARN  server.ServerUtils (ServerUtils.java:getScmDbDir(145)) - ozone.scm.db.dirs is not configured. We recommend adding this setting. Falling back to ozone.metadata.dirs instead.
2019-10-02 07:39:32,623 [main] WARN  server.ServerUtils (ServerUtils.java:getScmDbDir(145)) - ozone.scm.db.dirs is not configured. We recommend adding this setting. Falling back to ozone.metadata.dirs instead.
2019-10-02 07:39:32,623 [main] INFO  db.DBStoreBuilder (DBStoreBuilder.java:addTable(110)) - using custom profile for table: deletedBlocks
2019-10-02 07:39:32,624 [main] INFO  db.DBStoreBuilder (DBStoreBuilder.java:processTables(161)) - Using default column profile:DBProfile.DISK for Table:deletedBlocks
2019-10-02 07:39:32,624 [main] INFO  db.DBStoreBuilder (DBStoreBuilder.java:addTable(110)) - using custom profile for table: validCerts
2019-10-02 07:39:32,624 [main] INFO  db.DBStoreBuilder (DBStoreBuilder.java:processTables(161)) - Using default column profile:DBProfile.DISK for Table:validCerts
2019-10-02 07:39:32,624 [main] INFO  db.DBStoreBuilder (DBStoreBuilder.java:addTable(110)) - using custom profile for table: revokedCerts
2019-10-02 07:39:32,624 [main] INFO  db.DBStoreBuilder (DBStoreBuilder.java:processTables(161)) - Using default column profile:DBProfile.DISK for Table:revokedCerts
2019-10-02 07:39:32,625 [main] INFO  db.DBStoreBuilder (DBStoreBuilder.java:addTable(110)) - using custom profile for table: default
2019-10-02 07:39:32,625 [main] INFO  db.DBStoreBuilder (DBStoreBuilder.java:processTables(167)) - Using default column profile:DBProfile.DISK for Table:default
2019-10-02 07:39:32,625 [main] INFO  db.DBStoreBuilder (DBStoreBuilder.java:getDbProfile(198)) - Using default options. DBProfile.DISK
2019-10-02 07:39:32,810 [main] INFO  net.NodeSchemaLoader (NodeSchemaLoader.java:loadSchemaFromFile(125)) - Loading file from sun.misc.CompoundEnumeration@2e26173
2019-10-02 07:39:32,811 [main] INFO  net.NodeSchemaLoader (NodeSchemaLoader.java:loadSchema(171)) - Loading network topology layer schema file
2019-10-02 07:39:32,816 [main] WARN  server.ServerUtils (ServerUtils.java:sanitizeUserArgs(70)) - ozone.scm.stale.node.interval value = 300000 is larger than max = 100000 based on the key value of ozone.scm.heartbeat.thread.interval, reset to the max value 100000.
2019-10-02 07:39:32,817 [main] WARN  server.ServerUtils (ServerUtils.java:sanitizeUserArgs(70)) - ozone.scm.stale.node.interval value = 300000 is larger than max = 100000 based on the key value of ozone.scm.heartbeat.thread.interval, reset to the max value 100000.
2019-10-02 07:39:32,817 [main] INFO  node.SCMNodeManager (SCMNodeManager.java:<init>(114)) - Entering startup safe mode.
2019-10-02 07:39:32,818 [main] INFO  algorithms.ContainerPlacementPolicyFactory (ContainerPlacementPolicyFactory.java:getPolicy(57)) - Create container placement policy of type org.apache.hadoop.hdds.scm.container.placement.algorithms.SCMContainerPlacementRandom
2019-10-02 07:39:32,818 [main] WARN  server.ServerUtils (ServerUtils.java:getScmDbDir(145)) - ozone.scm.db.dirs is not configured. We recommend adding this setting. Falling back to ozone.metadata.dirs instead.
2019-10-02 07:39:32,867 [main] INFO  pipeline.SCMPipelineManager (SCMPipelineManager.java:initializePipelineState(132)) - No pipeline exists in current db
2019-10-02 07:39:32,867 [main] WARN  server.ServerUtils (ServerUtils.java:getScmDbDir(145)) - ozone.scm.db.dirs is not configured. We recommend adding this setting. Falling back to ozone.metadata.dirs instead.
2019-10-02 07:39:32,928 [main] WARN  events.EventQueue (EventQueue.java:fireEvent(183)) - No event handler registered for event TypedEvent{payloadType=SafeModeStatus, name='SafeModeStatus'}
2019-10-02 07:39:32,929 [main] INFO  ipc.CallQueueManager (CallQueueManager.java:<init>(84)) - Using callQueue: class java.util.concurrent.LinkedBlockingQueue, queueCapacity: 2000, scheduler: class org.apache.hadoop.ipc.DefaultRpcScheduler, ipcBackoff: false.
2019-10-02 07:39:32,930 [Socket Reader #1 for port 40808] INFO  ipc.Server (Server.java:run(1074)) - Starting Socket Reader #1 for port 40808
2019-10-02 07:39:32,933 [main] INFO  ipc.CallQueueManager (CallQueueManager.java:<init>(84)) - Using callQueue: class java.util.concurrent.LinkedBlockingQueue, queueCapacity: 2000, scheduler: class org.apache.hadoop.ipc.DefaultRpcScheduler, ipcBackoff: false.
2019-10-02 07:39:32,934 [Socket Reader #1 for port 40461] INFO  ipc.Server (Server.java:run(1074)) - Starting Socket Reader #1 for port 40461
2019-10-02 07:39:32,936 [main] INFO  ipc.CallQueueManager (CallQueueManager.java:<init>(84)) - Using callQueue: class java.util.concurrent.LinkedBlockingQueue, queueCapacity: 2000, scheduler: class org.apache.hadoop.ipc.DefaultRpcScheduler, ipcBackoff: false.
2019-10-02 07:39:32,937 [Socket Reader #1 for port 39568] INFO  ipc.Server (Server.java:run(1074)) - Starting Socket Reader #1 for port 39568
2019-10-02 07:39:32,939 [main] INFO  hdfs.DFSUtil (DFSUtil.java:httpServerTemplateForNNAndJN(1641)) - Starting Web-server for scm at: http://0.0.0.0:0
2019-10-02 07:39:32,943 [main] INFO  server.AuthenticationFilter (AuthenticationFilter.java:constructSecretProvider(240)) - Unable to initialize FileSignerSecretProvider, falling back to use random secrets.
2019-10-02 07:39:32,944 [main] WARN  http.HttpRequestLog (HttpRequestLog.java:getRequestLog(97)) - Jetty request log can only be enabled using Log4j
2019-10-02 07:39:32,947 [main] INFO  http.HttpServer2 (HttpServer2.java:addGlobalFilter(975)) - Added global filter 'safety' (class=org.apache.hadoop.http.HttpServer2$QuotingInputFilter)
2019-10-02 07:39:32,948 [main] INFO  http.HttpServer2 (HttpServer2.java:addFilter(948)) - Added filter static_user_filter (class=org.apache.hadoop.http.lib.StaticUserWebFilter$StaticUserFilter) to context scm
2019-10-02 07:39:32,949 [main] INFO  http.HttpServer2 (HttpServer2.java:addFilter(958)) - Added filter static_user_filter (class=org.apache.hadoop.http.lib.StaticUserWebFilter$StaticUserFilter) to context static
2019-10-02 07:39:32,949 [main] INFO  http.HttpServer2 (HttpServer2.java:addFilter(958)) - Added filter static_user_filter (class=org.apache.hadoop.http.lib.StaticUserWebFilter$StaticUserFilter) to context logs
2019-10-02 07:39:32,952 [main] INFO  server.StorageContainerManager (StorageContainerManager.java:start(770)) - StorageContainerLocationProtocol RPC server is listening at /0.0.0.0:39568
2019-10-02 07:39:32,954 [main] WARN  impl.MetricsConfig (MetricsConfig.java:loadFirst(134)) - Cannot locate configuration: tried hadoop-metrics2-storagecontainermanager.properties,hadoop-metrics2.properties
2019-10-02 07:39:32,956 [main] INFO  impl.MetricsSystemImpl (MetricsSystemImpl.java:startTimer(374)) - Scheduled Metric snapshot period at 10 second(s).
2019-10-02 07:39:32,956 [main] INFO  impl.MetricsSystemImpl (MetricsSystemImpl.java:start(191)) - StorageContainerManager metrics system started
2019-10-02 07:39:33,007 [main] WARN  impl.MetricsSystemImpl (MetricsSystemImpl.java:register(276)) - Sink prometheus already exists!
2019-10-02 07:39:33,012 [main] INFO  server.SCMClientProtocolServer (SCMClientProtocolServer.java:start(150)) - RPC server for Client  is listening at /0.0.0.0:39568
2019-10-02 07:39:33,013 [IPC Server Responder] INFO  ipc.Server (Server.java:run(1314)) - IPC Server Responder: starting
2019-10-02 07:39:33,013 [IPC Server listener on 39568] INFO  ipc.Server (Server.java:run(1153)) - IPC Server listener on 39568: starting
2019-10-02 07:39:33,151 [main] INFO  server.StorageContainerManager (StorageContainerManager.java:start(780)) - ScmBlockLocationProtocol RPC server is listening at /0.0.0.0:40461
2019-10-02 07:39:33,200 [main] INFO  server.SCMBlockProtocolServer (SCMBlockProtocolServer.java:start(146)) - RPC server for Block Protocol is listening at /0.0.0.0:40461
2019-10-02 07:39:33,231 [IPC Server Responder] INFO  ipc.Server (Server.java:run(1314)) - IPC Server Responder: starting
2019-10-02 07:39:33,231 [IPC Server listener on 40461] INFO  ipc.Server (Server.java:run(1153)) - IPC Server listener on 40461: starting
2019-10-02 07:39:33,242 [main] INFO  server.StorageContainerManager (StorageContainerManager.java:start(784)) - ScmDatanodeProtocl RPC server is listening at /0.0.0.0:40808
2019-10-02 07:39:33,252 [main] INFO  server.SCMDatanodeProtocolServer (SCMDatanodeProtocolServer.java:start(191)) - RPC server for DataNodes is listening at /0.0.0.0:40808
2019-10-02 07:39:33,252 [IPC Server Responder] INFO  ipc.Server (Server.java:run(1314)) - IPC Server Responder: starting
2019-10-02 07:39:33,252 [IPC Server listener on 40808] INFO  ipc.Server (Server.java:run(1153)) - IPC Server listener on 40808: starting
2019-10-02 07:39:33,257 [main] INFO  http.HttpServer2 (HttpServer2.java:bindListener(1191)) - Jetty bound to port 42890
2019-10-02 07:39:33,258 [main] INFO  server.Server (Server.java:doStart(351)) - jetty-9.3.25.v20180904, build timestamp: 2018-09-04T21:11:46Z, git hash: 3ce520221d0240229c862b122d2b06c12a625732
2019-10-02 07:39:33,260 [main] INFO  handler.ContextHandler (ContextHandler.java:doStart(781)) - Started o.e.j.s.ServletContextHandler@350ec690{/logs,file:///workdir/hadoop-ozone/integration-test/target/log,AVAILABLE}
2019-10-02 07:39:33,261 [main] INFO  handler.ContextHandler (ContextHandler.java:doStart(781)) - Started o.e.j.s.ServletContextHandler@3664f108{/static,file:///workdir/hadoop-ozone/integration-test/target/test-classes/webapps/static,AVAILABLE}
2019-10-02 07:39:33,266 [main] INFO  handler.ContextHandler (ContextHandler.java:doStart(781)) - Started o.e.j.w.WebAppContext@5e9f73b{/,file:///workdir/hadoop-ozone/integration-test/target/test-classes/webapps/scm/,AVAILABLE}{/scm}
2019-10-02 07:39:33,267 [main] INFO  server.AbstractConnector (AbstractConnector.java:doStart(278)) - Started ServerConnector@1a565afb{HTTP/1.1,[http/1.1]}{0.0.0.0:42890}
2019-10-02 07:39:33,268 [main] INFO  server.Server (Server.java:doStart(419)) - Started @312888ms
2019-10-02 07:39:33,268 [main] WARN  impl.MetricsSystemImpl (MetricsSystemImpl.java:register(276)) - Sink prometheus already exists!
2019-10-02 07:39:33,270 [main] INFO  server.BaseHttpServer (BaseHttpServer.java:updateConnectorAddress(215)) - HTTP server of SCM is listening at http://0.0.0.0:42890
2019-10-02 07:39:33,271 [main] WARN  server.ServerUtils (ServerUtils.java:getDBPath(222)) - ozone.om.db.dirs is not configured. We recommend adding this setting. Falling back to ozone.metadata.dirs instead.
2019-10-02 07:39:33,272 [org.apache.hadoop.util.JvmPauseMonitor$Monitor@949c598] INFO  util.JvmPauseMonitor (JvmPauseMonitor.java:run(188)) - Starting JVM pause monitor
2019-10-02 07:39:33,286 [main] WARN  server.ServerUtils (ServerUtils.java:getDBPath(222)) - ozone.om.db.dirs is not configured. We recommend adding this setting. Falling back to ozone.metadata.dirs instead.
2019-10-02 07:39:33,287 [main] WARN  server.ServerUtils (ServerUtils.java:getDBPath(222)) - ozone.om.db.dirs is not configured. We recommend adding this setting. Falling back to ozone.metadata.dirs instead.
2019-10-02 07:39:33,287 [main] INFO  om.OzoneManager (OzoneManager.java:setOMNodeDetails(652)) - OM Service ID is not set. Setting it to the default ID: omServiceIdDefault
2019-10-02 07:39:33,287 [main] INFO  om.OzoneManager (OzoneManager.java:setOMNodeDetails(658)) - OM Node ID is not set. Setting it to the OmStorage's OmID: 7dec163a-bea1-4447-afa8-14c48d646dac
2019-10-02 07:39:33,288 [main] INFO  om.OzoneManager (OzoneManager.java:loadOMHAConfigs(609)) - Found matching OM address with OMServiceId: null, OMNodeId: null, RPC Address: localhost:0 and Ratis port: 9872
2019-10-02 07:39:33,296 [main] WARN  server.ServerUtils (ServerUtils.java:getDBPath(222)) - ozone.om.db.dirs is not configured. We recommend adding this setting. Falling back to ozone.metadata.dirs instead.
2019-10-02 07:39:33,296 [main] INFO  db.DBStoreBuilder (DBStoreBuilder.java:addTable(110)) - using custom profile for table: userTable
2019-10-02 07:39:33,296 [main] INFO  db.DBStoreBuilder (DBStoreBuilder.java:processTables(161)) - Using default column profile:DBProfile.DISK for Table:userTable
2019-10-02 07:39:33,297 [main] INFO  db.DBStoreBuilder (DBStoreBuilder.java:addTable(110)) - using custom profile for table: volumeTable
2019-10-02 07:39:33,297 [main] INFO  db.DBStoreBuilder (DBStoreBuilder.java:processTables(161)) - Using default column profile:DBProfile.DISK for Table:volumeTable
2019-10-02 07:39:33,297 [main] INFO  db.DBStoreBuilder (DBStoreBuilder.java:addTable(110)) - using custom profile for table: bucketTable
2019-10-02 07:39:33,298 [main] INFO  db.DBStoreBuilder (DBStoreBuilder.java:processTables(161)) - Using default column profile:DBProfile.DISK for Table:bucketTable
2019-10-02 07:39:33,298 [main] INFO  db.DBStoreBuilder (DBStoreBuilder.java:addTable(110)) - using custom profile for table: keyTable
2019-10-02 07:39:33,298 [main] INFO  db.DBStoreBuilder (DBStoreBuilder.java:processTables(161)) - Using default column profile:DBProfile.DISK for Table:keyTable
2019-10-02 07:39:33,299 [main] INFO  db.DBStoreBuilder (DBStoreBuilder.java:addTable(110)) - using custom profile for table: deletedTable
2019-10-02 07:39:33,299 [main] INFO  db.DBStoreBuilder (DBStoreBuilder.java:processTables(161)) - Using default column profile:DBProfile.DISK for Table:deletedTable
2019-10-02 07:39:33,299 [main] INFO  db.DBStoreBuilder (DBStoreBuilder.java:addTable(110)) - using custom profile for table: openKeyTable
2019-10-02 07:39:33,299 [main] INFO  db.DBStoreBuilder (DBStoreBuilder.java:processTables(161)) - Using default column profile:DBProfile.DISK for Table:openKeyTable
2019-10-02 07:39:33,300 [main] INFO  db.DBStoreBuilder (DBStoreBuilder.java:addTable(110)) - using custom profile for table: s3Table
2019-10-02 07:39:33,300 [main] INFO  db.DBStoreBuilder (DBStoreBuilder.java:processTables(161)) - Using default column profile:DBProfile.DISK for Table:s3Table
2019-10-02 07:39:33,300 [main] INFO  db.DBStoreBuilder (DBStoreBuilder.java:addTable(110)) - using custom profile for table: multipartInfoTable
2019-10-02 07:39:33,300 [main] INFO  db.DBStoreBuilder (DBStoreBuilder.java:processTables(161)) - Using default column profile:DBProfile.DISK for Table:multipartInfoTable
2019-10-02 07:39:33,301 [main] INFO  db.DBStoreBuilder (DBStoreBuilder.java:addTable(110)) - using custom profile for table: dTokenTable
2019-10-02 07:39:33,301 [main] INFO  db.DBStoreBuilder (DBStoreBuilder.java:processTables(161)) - Using default column profile:DBProfile.DISK for Table:dTokenTable
2019-10-02 07:39:33,301 [main] INFO  db.DBStoreBuilder (DBStoreBuilder.java:addTable(110)) - using custom profile for table: s3SecretTable
2019-10-02 07:39:33,301 [main] INFO  db.DBStoreBuilder (DBStoreBuilder.java:processTables(161)) - Using default column profile:DBProfile.DISK for Table:s3SecretTable
2019-10-02 07:39:33,302 [main] INFO  db.DBStoreBuilder (DBStoreBuilder.java:addTable(110)) - using custom profile for table: prefixTable
2019-10-02 07:39:33,302 [main] INFO  db.DBStoreBuilder (DBStoreBuilder.java:processTables(161)) - Using default column profile:DBProfile.DISK for Table:prefixTable
2019-10-02 07:39:33,302 [main] INFO  db.DBStoreBuilder (DBStoreBuilder.java:addTable(110)) - using custom profile for table: default
2019-10-02 07:39:33,303 [main] INFO  db.DBStoreBuilder (DBStoreBuilder.java:processTables(167)) - Using default column profile:DBProfile.DISK for Table:default
2019-10-02 07:39:33,303 [main] INFO  db.DBStoreBuilder (DBStoreBuilder.java:getDbProfile(198)) - Using default options. DBProfile.DISK
2019-10-02 07:39:33,779 [main] INFO  ipc.CallQueueManager (CallQueueManager.java:<init>(84)) - Using callQueue: class java.util.concurrent.LinkedBlockingQueue, queueCapacity: 2000, scheduler: class org.apache.hadoop.ipc.DefaultRpcScheduler, ipcBackoff: false.
2019-10-02 07:39:33,780 [Socket Reader #1 for port 36252] INFO  ipc.Server (Server.java:run(1074)) - Starting Socket Reader #1 for port 36252
2019-10-02 07:39:33,796 [main] INFO  om.OzoneManager (OzoneManager.java:start(1243)) - OzoneManager RPC server is listening at localhost/127.0.0.1:36252
2019-10-02 07:39:33,796 [main] INFO  impl.MetricsSystemImpl (MetricsSystemImpl.java:init(158)) - OzoneManager metrics system started (again)
2019-10-02 07:39:33,797 [IPC Server Responder] INFO  ipc.Server (Server.java:run(1314)) - IPC Server Responder: starting
2019-10-02 07:39:33,797 [IPC Server listener on 36252] INFO  ipc.Server (Server.java:run(1153)) - IPC Server listener on 36252: starting
2019-10-02 07:39:33,803 [main] INFO  hdfs.DFSUtil (DFSUtil.java:httpServerTemplateForNNAndJN(1641)) - Starting Web-server for ozoneManager at: http://0.0.0.0:0
2019-10-02 07:39:33,805 [main] INFO  server.AuthenticationFilter (AuthenticationFilter.java:constructSecretProvider(240)) - Unable to initialize FileSignerSecretProvider, falling back to use random secrets.
2019-10-02 07:39:33,805 [main] WARN  http.HttpRequestLog (HttpRequestLog.java:getRequestLog(97)) - Jetty request log can only be enabled using Log4j
2019-10-02 07:39:33,807 [main] INFO  http.HttpServer2 (HttpServer2.java:addGlobalFilter(975)) - Added global filter 'safety' (class=org.apache.hadoop.http.HttpServer2$QuotingInputFilter)
2019-10-02 07:39:33,808 [main] INFO  http.HttpServer2 (HttpServer2.java:addFilter(948)) - Added filter static_user_filter (class=org.apache.hadoop.http.lib.StaticUserWebFilter$StaticUserFilter) to context ozoneManager
2019-10-02 07:39:33,808 [main] INFO  http.HttpServer2 (HttpServer2.java:addFilter(958)) - Added filter static_user_filter (class=org.apache.hadoop.http.lib.StaticUserWebFilter$StaticUserFilter) to context static
2019-10-02 07:39:33,808 [main] INFO  http.HttpServer2 (HttpServer2.java:addFilter(958)) - Added filter static_user_filter (class=org.apache.hadoop.http.lib.StaticUserWebFilter$StaticUserFilter) to context logs
2019-10-02 07:39:33,809 [main] INFO  http.HttpServer2 (HttpServer2.java:bindListener(1191)) - Jetty bound to port 40830
2019-10-02 07:39:33,809 [main] INFO  server.Server (Server.java:doStart(351)) - jetty-9.3.25.v20180904, build timestamp: 2018-09-04T21:11:46Z, git hash: 3ce520221d0240229c862b122d2b06c12a625732
2019-10-02 07:39:33,811 [main] INFO  handler.ContextHandler (ContextHandler.java:doStart(781)) - Started o.e.j.s.ServletContextHandler@73c3cd09{/logs,file:///workdir/hadoop-ozone/integration-test/target/log,AVAILABLE}
2019-10-02 07:39:33,811 [main] INFO  handler.ContextHandler (ContextHandler.java:doStart(781)) - Started o.e.j.s.ServletContextHandler@7c1447b5{/static,file:///workdir/hadoop-ozone/integration-test/target/test-classes/webapps/static,AVAILABLE}
2019-10-02 07:39:33,816 [main] INFO  handler.ContextHandler (ContextHandler.java:doStart(781)) - Started o.e.j.w.WebAppContext@3f598450{/,file:///workdir/hadoop-ozone/integration-test/target/test-classes/webapps/ozoneManager/,AVAILABLE}{/ozoneManager}
2019-10-02 07:39:33,816 [main] INFO  server.AbstractConnector (AbstractConnector.java:doStart(278)) - Started ServerConnector@2db2a05f{HTTP/1.1,[http/1.1]}{0.0.0.0:40830}
2019-10-02 07:39:33,817 [main] INFO  server.Server (Server.java:doStart(419)) - Started @313437ms
2019-10-02 07:39:33,817 [main] WARN  impl.MetricsSystemImpl (MetricsSystemImpl.java:register(276)) - Sink prometheus already exists!
2019-10-02 07:39:33,818 [main] INFO  server.BaseHttpServer (BaseHttpServer.java:updateConnectorAddress(215)) - HTTP server of OZONEMANAGER is listening at http://0.0.0.0:40830
2019-10-02 07:39:33,835 [main] INFO  impl.MetricsSystemImpl (MetricsSystemImpl.java:init(158)) - HddsDatanode metrics system started (again)
2019-10-02 07:39:33,837 [main] INFO  ozone.HddsDatanodeService (HddsDatanodeService.java:start(184)) - HddsDatanodeService host:pr-trunk-8bg6x-723665176 ip:192.168.5.178
2019-10-02 07:39:33,844 [main] INFO  volume.HddsVolume (HddsVolume.java:<init>(176)) - Creating Volume: /workdir/hadoop-ozone/integration-test/target/test-dir/MiniOzoneClusterImpl-86ab02b3-fe0f-4689-9ef5-b2acbd941c82/datanode-0/data/containers/hdds of  storage type : DISK and capacity : 1482555576320
2019-10-02 07:39:33,844 [main] INFO  volume.VolumeSet (VolumeSet.java:initializeVolumeSet(170)) - Added Volume : /workdir/hadoop-ozone/integration-test/target/test-dir/MiniOzoneClusterImpl-86ab02b3-fe0f-4689-9ef5-b2acbd941c82/datanode-0/data/containers/hdds to VolumeSet
2019-10-02 07:39:33,844 [main] INFO  volume.ThrottledAsyncChecker (ThrottledAsyncChecker.java:schedule(139)) - Scheduling a check for org.apache.hadoop.ozone.container.common.volume.HddsVolume@4364863
2019-10-02 07:39:33,846 [main] INFO  volume.HddsVolumeChecker (HddsVolumeChecker.java:checkAllVolumes(202)) - Scheduled health check for volume org.apache.hadoop.ozone.container.common.volume.HddsVolume@4364863
2019-10-02 07:39:33,859 [main] INFO  impl.RaftServerProxy (ConfUtils.java:logGet(43)) - raft.rpc.type = GRPC (default)
2019-10-02 07:39:33,859 [main] INFO  grpc.GrpcFactory (GrpcFactory.java:checkPooledByteBufAllocatorUseCacheForAllThreads(45)) - PERFORMANCE WARNING: useCacheForAllThreads is true that may cause Netty to create a lot garbage objects and, as a result, trigger GC.
	It is recommended to disable useCacheForAllThreads by setting -Dorg.apache.ratis.thirdparty.io.netty.allocator.useCacheForAllThreads=false in command line.
2019-10-02 07:39:33,860 [main] INFO  grpc.GrpcConfigKeys$Server (ConfUtils.java:logGet(43)) - raft.grpc.server.port = 0 (default)
2019-10-02 07:39:33,860 [main] INFO  server.GrpcService (ConfUtils.java:logGet(43)) - raft.grpc.message.size.max = 33570816 (custom)
2019-10-02 07:39:33,860 [main] INFO  server.RaftServerConfigKeys (ConfUtils.java:logGet(43)) - raft.server.log.appender.buffer.byte-limit = 33554432 (custom)
2019-10-02 07:39:33,861 [main] INFO  server.GrpcService (ConfUtils.java:logGet(43)) - raft.grpc.flow.control.window = 1MB (=1048576) (default)
2019-10-02 07:39:33,861 [main] INFO  server.RaftServerConfigKeys (ConfUtils.java:logGet(43)) - raft.server.rpc.request.timeout = 3000ms (default)
2019-10-02 07:39:33,862 [main] INFO  server.RaftServerConfigKeys (ConfUtils.java:logGet(43)) - raft.server.storage.dir = [/workdir/hadoop-ozone/integration-test/target/test-dir/MiniOzoneClusterImpl-86ab02b3-fe0f-4689-9ef5-b2acbd941c82/datanode-0/data/ratis] (custom)
2019-10-02 07:39:33,863 [main] INFO  hdfs.DFSUtil (DFSUtil.java:httpServerTemplateForNNAndJN(1641)) - Starting Web-server for hddsDatanode at: http://0.0.0.0:0
2019-10-02 07:39:33,865 [main] INFO  server.AuthenticationFilter (AuthenticationFilter.java:constructSecretProvider(240)) - Unable to initialize FileSignerSecretProvider, falling back to use random secrets.
2019-10-02 07:39:33,865 [main] WARN  http.HttpRequestLog (HttpRequestLog.java:getRequestLog(97)) - Jetty request log can only be enabled using Log4j
2019-10-02 07:39:33,868 [main] INFO  http.HttpServer2 (HttpServer2.java:addGlobalFilter(975)) - Added global filter 'safety' (class=org.apache.hadoop.http.HttpServer2$QuotingInputFilter)
2019-10-02 07:39:33,868 [main] INFO  http.HttpServer2 (HttpServer2.java:addFilter(948)) - Added filter static_user_filter (class=org.apache.hadoop.http.lib.StaticUserWebFilter$StaticUserFilter) to context hddsDatanode
2019-10-02 07:39:33,869 [main] INFO  http.HttpServer2 (HttpServer2.java:addFilter(958)) - Added filter static_user_filter (class=org.apache.hadoop.http.lib.StaticUserWebFilter$StaticUserFilter) to context logs
2019-10-02 07:39:33,869 [main] INFO  http.HttpServer2 (HttpServer2.java:addFilter(958)) - Added filter static_user_filter (class=org.apache.hadoop.http.lib.StaticUserWebFilter$StaticUserFilter) to context static
2019-10-02 07:39:33,870 [main] INFO  http.HttpServer2 (HttpServer2.java:bindListener(1191)) - Jetty bound to port 36322
2019-10-02 07:39:33,870 [main] INFO  server.Server (Server.java:doStart(351)) - jetty-9.3.25.v20180904, build timestamp: 2018-09-04T21:11:46Z, git hash: 3ce520221d0240229c862b122d2b06c12a625732
2019-10-02 07:39:33,872 [main] INFO  handler.ContextHandler (ContextHandler.java:doStart(781)) - Started o.e.j.s.ServletContextHandler@76ececd{/logs,file:///workdir/hadoop-ozone/integration-test/target/log,AVAILABLE}
2019-10-02 07:39:33,873 [main] INFO  handler.ContextHandler (ContextHandler.java:doStart(781)) - Started o.e.j.s.ServletContextHandler@1682c08c{/static,jar:file:/home/user/.m2/repository/org/apache/hadoop/hadoop-hdds-container-service/0.5.0-SNAPSHOT/hadoop-hdds-container-service-0.5.0-SNAPSHOT.jar!/webapps/static,AVAILABLE}
2019-10-02 07:39:33,916 [main] INFO  handler.ContextHandler (ContextHandler.java:doStart(781)) - Started o.e.j.w.WebAppContext@bfec2f9{/,file:///tmp/jetty-0.0.0.0-36322-hddsDatanode-_-any-4525910421402720694.dir/webapp/,AVAILABLE}{/hddsDatanode}
2019-10-02 07:39:33,916 [main] INFO  server.AbstractConnector (AbstractConnector.java:doStart(278)) - Started ServerConnector@708eb310{HTTP/1.1,[http/1.1]}{0.0.0.0:36322}
2019-10-02 07:39:33,917 [main] INFO  server.Server (Server.java:doStart(419)) - Started @313538ms
2019-10-02 07:39:33,918 [main] WARN  impl.MetricsSystemImpl (MetricsSystemImpl.java:register(276)) - Sink prometheus already exists!
2019-10-02 07:39:33,918 [main] INFO  server.BaseHttpServer (BaseHttpServer.java:updateConnectorAddress(215)) - HTTP server of HDDSDATANODE is listening at http://0.0.0.0:36322
2019-10-02 07:39:33,919 [main] INFO  impl.MetricsSystemImpl (MetricsSystemImpl.java:init(158)) - HddsDatanode metrics system started (again)
2019-10-02 07:39:33,923 [main] INFO  ozone.HddsDatanodeService (HddsDatanodeService.java:start(184)) - HddsDatanodeService host:pr-trunk-8bg6x-723665176 ip:192.168.5.178
2019-10-02 07:39:33,923 [org.apache.hadoop.util.JvmPauseMonitor$Monitor@1537eb2d] INFO  util.JvmPauseMonitor (JvmPauseMonitor.java:run(188)) - Starting JVM pause monitor
2019-10-02 07:39:33,925 [Datanode State Machine Thread - 0] INFO  datanode.InitDatanodeState (InitDatanodeState.java:persistContainerDatanodeDetails(140)) - DatanodeDetails is persisted to /workdir/hadoop-ozone/integration-test/target/test-dir/MiniOzoneClusterImpl-86ab02b3-fe0f-4689-9ef5-b2acbd941c82/datanode-0/meta/datanode.id
2019-10-02 07:39:33,929 [main] INFO  volume.HddsVolume (HddsVolume.java:<init>(176)) - Creating Volume: /workdir/hadoop-ozone/integration-test/target/test-dir/MiniOzoneClusterImpl-86ab02b3-fe0f-4689-9ef5-b2acbd941c82/datanode-1/data/containers/hdds of  storage type : DISK and capacity : 1482555576320
2019-10-02 07:39:33,929 [main] INFO  volume.VolumeSet (VolumeSet.java:initializeVolumeSet(170)) - Added Volume : /workdir/hadoop-ozone/integration-test/target/test-dir/MiniOzoneClusterImpl-86ab02b3-fe0f-4689-9ef5-b2acbd941c82/datanode-1/data/containers/hdds to VolumeSet
2019-10-02 07:39:33,929 [main] INFO  volume.ThrottledAsyncChecker (ThrottledAsyncChecker.java:schedule(139)) - Scheduling a check for org.apache.hadoop.ozone.container.common.volume.HddsVolume@273a5a8a
2019-10-02 07:39:33,930 [main] INFO  volume.HddsVolumeChecker (HddsVolumeChecker.java:checkAllVolumes(202)) - Scheduled health check for volume org.apache.hadoop.ozone.container.common.volume.HddsVolume@273a5a8a
2019-10-02 07:39:33,942 [main] INFO  impl.RaftServerProxy (ConfUtils.java:logGet(43)) - raft.rpc.type = GRPC (default)
2019-10-02 07:39:33,942 [main] INFO  grpc.GrpcFactory (GrpcFactory.java:checkPooledByteBufAllocatorUseCacheForAllThreads(45)) - PERFORMANCE WARNING: useCacheForAllThreads is true that may cause Netty to create a lot garbage objects and, as a result, trigger GC.
	It is recommended to disable useCacheForAllThreads by setting -Dorg.apache.ratis.thirdparty.io.netty.allocator.useCacheForAllThreads=false in command line.
2019-10-02 07:39:33,942 [main] INFO  grpc.GrpcConfigKeys$Server (ConfUtils.java:logGet(43)) - raft.grpc.server.port = 0 (default)
2019-10-02 07:39:33,942 [main] INFO  server.GrpcService (ConfUtils.java:logGet(43)) - raft.grpc.message.size.max = 33570816 (custom)
2019-10-02 07:39:33,942 [main] INFO  server.RaftServerConfigKeys (ConfUtils.java:logGet(43)) - raft.server.log.appender.buffer.byte-limit = 33554432 (custom)
2019-10-02 07:39:33,943 [main] INFO  server.GrpcService (ConfUtils.java:logGet(43)) - raft.grpc.flow.control.window = 1MB (=1048576) (default)
2019-10-02 07:39:33,943 [main] INFO  server.RaftServerConfigKeys (ConfUtils.java:logGet(43)) - raft.server.rpc.request.timeout = 3000ms (default)
2019-10-02 07:39:33,943 [main] INFO  server.RaftServerConfigKeys (ConfUtils.java:logGet(43)) - raft.server.storage.dir = [/workdir/hadoop-ozone/integration-test/target/test-dir/MiniOzoneClusterImpl-86ab02b3-fe0f-4689-9ef5-b2acbd941c82/datanode-1/data/ratis] (custom)
2019-10-02 07:39:33,944 [main] INFO  hdfs.DFSUtil (DFSUtil.java:httpServerTemplateForNNAndJN(1641)) - Starting Web-server for hddsDatanode at: http://0.0.0.0:0
2019-10-02 07:39:33,946 [main] INFO  server.AuthenticationFilter (AuthenticationFilter.java:constructSecretProvider(240)) - Unable to initialize FileSignerSecretProvider, falling back to use random secrets.
2019-10-02 07:39:33,946 [main] WARN  http.HttpRequestLog (HttpRequestLog.java:getRequestLog(97)) - Jetty request log can only be enabled using Log4j
2019-10-02 07:39:33,948 [main] INFO  http.HttpServer2 (HttpServer2.java:addGlobalFilter(975)) - Added global filter 'safety' (class=org.apache.hadoop.http.HttpServer2$QuotingInputFilter)
2019-10-02 07:39:33,948 [main] INFO  http.HttpServer2 (HttpServer2.java:addFilter(948)) - Added filter static_user_filter (class=org.apache.hadoop.http.lib.StaticUserWebFilter$StaticUserFilter) to context hddsDatanode
2019-10-02 07:39:33,948 [main] INFO  http.HttpServer2 (HttpServer2.java:addFilter(958)) - Added filter static_user_filter (class=org.apache.hadoop.http.lib.StaticUserWebFilter$StaticUserFilter) to context logs
2019-10-02 07:39:33,949 [main] INFO  http.HttpServer2 (HttpServer2.java:addFilter(958)) - Added filter static_user_filter (class=org.apache.hadoop.http.lib.StaticUserWebFilter$StaticUserFilter) to context static
2019-10-02 07:39:33,949 [main] INFO  http.HttpServer2 (HttpServer2.java:bindListener(1191)) - Jetty bound to port 42366
2019-10-02 07:39:33,949 [main] INFO  server.Server (Server.java:doStart(351)) - jetty-9.3.25.v20180904, build timestamp: 2018-09-04T21:11:46Z, git hash: 3ce520221d0240229c862b122d2b06c12a625732
2019-10-02 07:39:33,951 [main] INFO  handler.ContextHandler (ContextHandler.java:doStart(781)) - Started o.e.j.s.ServletContextHandler@3bb5ceb{/logs,file:///workdir/hadoop-ozone/integration-test/target/log,AVAILABLE}
2019-10-02 07:39:33,952 [main] INFO  handler.ContextHandler (ContextHandler.java:doStart(781)) - Started o.e.j.s.ServletContextHandler@3ba0ae41{/static,jar:file:/home/user/.m2/repository/org/apache/hadoop/hadoop-hdds-container-service/0.5.0-SNAPSHOT/hadoop-hdds-container-service-0.5.0-SNAPSHOT.jar!/webapps/static,AVAILABLE}
2019-10-02 07:39:33,988 [main] INFO  handler.ContextHandler (ContextHandler.java:doStart(781)) - Started o.e.j.w.WebAppContext@4ceff87d{/,file:///tmp/jetty-0.0.0.0-42366-hddsDatanode-_-any-3895489838499373113.dir/webapp/,AVAILABLE}{/hddsDatanode}
2019-10-02 07:39:33,989 [main] INFO  server.AbstractConnector (AbstractConnector.java:doStart(278)) - Started ServerConnector@3238e2aa{HTTP/1.1,[http/1.1]}{0.0.0.0:42366}
2019-10-02 07:39:33,990 [main] INFO  server.Server (Server.java:doStart(419)) - Started @313610ms
2019-10-02 07:39:33,990 [main] WARN  impl.MetricsSystemImpl (MetricsSystemImpl.java:register(276)) - Sink prometheus already exists!
2019-10-02 07:39:33,991 [main] INFO  server.BaseHttpServer (BaseHttpServer.java:updateConnectorAddress(215)) - HTTP server of HDDSDATANODE is listening at http://0.0.0.0:42366
2019-10-02 07:39:33,991 [main] INFO  impl.MetricsSystemImpl (MetricsSystemImpl.java:init(158)) - HddsDatanode metrics system started (again)
2019-10-02 07:39:33,995 [org.apache.hadoop.util.JvmPauseMonitor$Monitor@167cb052] INFO  util.JvmPauseMonitor (JvmPauseMonitor.java:run(188)) - Starting JVM pause monitor
2019-10-02 07:39:33,996 [main] INFO  ozone.HddsDatanodeService (HddsDatanodeService.java:start(184)) - HddsDatanodeService host:pr-trunk-8bg6x-723665176 ip:192.168.5.178
2019-10-02 07:39:33,997 [Datanode State Machine Thread - 0] INFO  datanode.InitDatanodeState (InitDatanodeState.java:persistContainerDatanodeDetails(140)) - DatanodeDetails is persisted to /workdir/hadoop-ozone/integration-test/target/test-dir/MiniOzoneClusterImpl-86ab02b3-fe0f-4689-9ef5-b2acbd941c82/datanode-1/meta/datanode.id
2019-10-02 07:39:34,001 [main] INFO  volume.HddsVolume (HddsVolume.java:<init>(176)) - Creating Volume: /workdir/hadoop-ozone/integration-test/target/test-dir/MiniOzoneClusterImpl-86ab02b3-fe0f-4689-9ef5-b2acbd941c82/datanode-2/data/containers/hdds of  storage type : DISK and capacity : 1482555576320
2019-10-02 07:39:34,001 [main] INFO  volume.VolumeSet (VolumeSet.java:initializeVolumeSet(170)) - Added Volume : /workdir/hadoop-ozone/integration-test/target/test-dir/MiniOzoneClusterImpl-86ab02b3-fe0f-4689-9ef5-b2acbd941c82/datanode-2/data/containers/hdds to VolumeSet
2019-10-02 07:39:34,002 [main] INFO  volume.ThrottledAsyncChecker (ThrottledAsyncChecker.java:schedule(139)) - Scheduling a check for org.apache.hadoop.ozone.container.common.volume.HddsVolume@3b4a1a75
2019-10-02 07:39:34,002 [main] INFO  volume.HddsVolumeChecker (HddsVolumeChecker.java:checkAllVolumes(202)) - Scheduled health check for volume org.apache.hadoop.ozone.container.common.volume.HddsVolume@3b4a1a75
2019-10-02 07:39:34,021 [main] INFO  impl.RaftServerProxy (ConfUtils.java:logGet(43)) - raft.rpc.type = GRPC (default)
2019-10-02 07:39:34,022 [main] INFO  grpc.GrpcFactory (GrpcFactory.java:checkPooledByteBufAllocatorUseCacheForAllThreads(45)) - PERFORMANCE WARNING: useCacheForAllThreads is true that may cause Netty to create a lot garbage objects and, as a result, trigger GC.
	It is recommended to disable useCacheForAllThreads by setting -Dorg.apache.ratis.thirdparty.io.netty.allocator.useCacheForAllThreads=false in command line.
2019-10-02 07:39:34,022 [main] INFO  grpc.GrpcConfigKeys$Server (ConfUtils.java:logGet(43)) - raft.grpc.server.port = 0 (default)
2019-10-02 07:39:34,022 [main] INFO  server.GrpcService (ConfUtils.java:logGet(43)) - raft.grpc.message.size.max = 33570816 (custom)
2019-10-02 07:39:34,023 [main] INFO  server.RaftServerConfigKeys (ConfUtils.java:logGet(43)) - raft.server.log.appender.buffer.byte-limit = 33554432 (custom)
2019-10-02 07:39:34,023 [main] INFO  server.GrpcService (ConfUtils.java:logGet(43)) - raft.grpc.flow.control.window = 1MB (=1048576) (default)
2019-10-02 07:39:34,023 [main] INFO  server.RaftServerConfigKeys (ConfUtils.java:logGet(43)) - raft.server.rpc.request.timeout = 3000ms (default)
2019-10-02 07:39:34,024 [main] INFO  server.RaftServerConfigKeys (ConfUtils.java:logGet(43)) - raft.server.storage.dir = [/workdir/hadoop-ozone/integration-test/target/test-dir/MiniOzoneClusterImpl-86ab02b3-fe0f-4689-9ef5-b2acbd941c82/datanode-2/data/ratis] (custom)
2019-10-02 07:39:34,025 [main] INFO  hdfs.DFSUtil (DFSUtil.java:httpServerTemplateForNNAndJN(1641)) - Starting Web-server for hddsDatanode at: http://0.0.0.0:0
2019-10-02 07:39:34,027 [main] INFO  server.AuthenticationFilter (AuthenticationFilter.java:constructSecretProvider(240)) - Unable to initialize FileSignerSecretProvider, falling back to use random secrets.
2019-10-02 07:39:34,027 [main] WARN  http.HttpRequestLog (HttpRequestLog.java:getRequestLog(97)) - Jetty request log can only be enabled using Log4j
2019-10-02 07:39:34,028 [main] INFO  http.HttpServer2 (HttpServer2.java:addGlobalFilter(975)) - Added global filter 'safety' (class=org.apache.hadoop.http.HttpServer2$QuotingInputFilter)
2019-10-02 07:39:34,030 [main] INFO  http.HttpServer2 (HttpServer2.java:addFilter(948)) - Added filter static_user_filter (class=org.apache.hadoop.http.lib.StaticUserWebFilter$StaticUserFilter) to context hddsDatanode
2019-10-02 07:39:34,031 [main] INFO  http.HttpServer2 (HttpServer2.java:addFilter(958)) - Added filter static_user_filter (class=org.apache.hadoop.http.lib.StaticUserWebFilter$StaticUserFilter) to context logs
2019-10-02 07:39:34,031 [main] INFO  http.HttpServer2 (HttpServer2.java:addFilter(958)) - Added filter static_user_filter (class=org.apache.hadoop.http.lib.StaticUserWebFilter$StaticUserFilter) to context static
2019-10-02 07:39:34,031 [main] INFO  http.HttpServer2 (HttpServer2.java:bindListener(1191)) - Jetty bound to port 45510
2019-10-02 07:39:34,032 [main] INFO  server.Server (Server.java:doStart(351)) - jetty-9.3.25.v20180904, build timestamp: 2018-09-04T21:11:46Z, git hash: 3ce520221d0240229c862b122d2b06c12a625732
2019-10-02 07:39:34,033 [main] INFO  handler.ContextHandler (ContextHandler.java:doStart(781)) - Started o.e.j.s.ServletContextHandler@58b5a2f3{/logs,file:///workdir/hadoop-ozone/integration-test/target/log,AVAILABLE}
2019-10-02 07:39:34,034 [main] INFO  handler.ContextHandler (ContextHandler.java:doStart(781)) - Started o.e.j.s.ServletContextHandler@52b46d52{/static,jar:file:/home/user/.m2/repository/org/apache/hadoop/hadoop-hdds-container-service/0.5.0-SNAPSHOT/hadoop-hdds-container-service-0.5.0-SNAPSHOT.jar!/webapps/static,AVAILABLE}
2019-10-02 07:39:34,060 [main] INFO  handler.ContextHandler (ContextHandler.java:doStart(781)) - Started o.e.j.w.WebAppContext@d902300{/,file:///tmp/jetty-0.0.0.0-45510-hddsDatanode-_-any-5581131864253797548.dir/webapp/,AVAILABLE}{/hddsDatanode}
2019-10-02 07:39:34,061 [main] INFO  server.AbstractConnector (AbstractConnector.java:doStart(278)) - Started ServerConnector@2db33feb{HTTP/1.1,[http/1.1]}{0.0.0.0:45510}
2019-10-02 07:39:34,062 [main] INFO  server.Server (Server.java:doStart(419)) - Started @313682ms
2019-10-02 07:39:34,062 [main] WARN  impl.MetricsSystemImpl (MetricsSystemImpl.java:register(276)) - Sink prometheus already exists!
2019-10-02 07:39:34,063 [main] INFO  server.BaseHttpServer (BaseHttpServer.java:updateConnectorAddress(215)) - HTTP server of HDDSDATANODE is listening at http://0.0.0.0:45510
2019-10-02 07:39:34,063 [main] INFO  impl.MetricsSystemImpl (MetricsSystemImpl.java:init(158)) - HddsDatanode metrics system started (again)
2019-10-02 07:39:34,066 [org.apache.hadoop.util.JvmPauseMonitor$Monitor@1db8adaf] INFO  util.JvmPauseMonitor (JvmPauseMonitor.java:run(188)) - Starting JVM pause monitor
2019-10-02 07:39:34,066 [main] INFO  ozone.HddsDatanodeService (HddsDatanodeService.java:start(184)) - HddsDatanodeService host:pr-trunk-8bg6x-723665176 ip:192.168.5.178
2019-10-02 07:39:34,067 [Datanode State Machine Thread - 0] INFO  datanode.InitDatanodeState (InitDatanodeState.java:persistContainerDatanodeDetails(140)) - DatanodeDetails is persisted to /workdir/hadoop-ozone/integration-test/target/test-dir/MiniOzoneClusterImpl-86ab02b3-fe0f-4689-9ef5-b2acbd941c82/datanode-2/meta/datanode.id
2019-10-02 07:39:34,072 [main] INFO  volume.HddsVolume (HddsVolume.java:<init>(176)) - Creating Volume: /workdir/hadoop-ozone/integration-test/target/test-dir/MiniOzoneClusterImpl-86ab02b3-fe0f-4689-9ef5-b2acbd941c82/datanode-3/data/containers/hdds of  storage type : DISK and capacity : 1482555576320
2019-10-02 07:39:34,073 [main] INFO  volume.VolumeSet (VolumeSet.java:initializeVolumeSet(170)) - Added Volume : /workdir/hadoop-ozone/integration-test/target/test-dir/MiniOzoneClusterImpl-86ab02b3-fe0f-4689-9ef5-b2acbd941c82/datanode-3/data/containers/hdds to VolumeSet
2019-10-02 07:39:34,073 [main] INFO  volume.ThrottledAsyncChecker (ThrottledAsyncChecker.java:schedule(139)) - Scheduling a check for org.apache.hadoop.ozone.container.common.volume.HddsVolume@5b88b8e
2019-10-02 07:39:34,073 [main] INFO  volume.HddsVolumeChecker (HddsVolumeChecker.java:checkAllVolumes(202)) - Scheduled health check for volume org.apache.hadoop.ozone.container.common.volume.HddsVolume@5b88b8e
2019-10-02 07:39:34,086 [main] INFO  impl.RaftServerProxy (ConfUtils.java:logGet(43)) - raft.rpc.type = GRPC (default)
2019-10-02 07:39:34,086 [main] INFO  grpc.GrpcFactory (GrpcFactory.java:checkPooledByteBufAllocatorUseCacheForAllThreads(45)) - PERFORMANCE WARNING: useCacheForAllThreads is true that may cause Netty to create a lot garbage objects and, as a result, trigger GC.
	It is recommended to disable useCacheForAllThreads by setting -Dorg.apache.ratis.thirdparty.io.netty.allocator.useCacheForAllThreads=false in command line.
2019-10-02 07:39:34,086 [main] INFO  grpc.GrpcConfigKeys$Server (ConfUtils.java:logGet(43)) - raft.grpc.server.port = 0 (default)
2019-10-02 07:39:34,086 [main] INFO  server.GrpcService (ConfUtils.java:logGet(43)) - raft.grpc.message.size.max = 33570816 (custom)
2019-10-02 07:39:34,087 [main] INFO  server.RaftServerConfigKeys (ConfUtils.java:logGet(43)) - raft.server.log.appender.buffer.byte-limit = 33554432 (custom)
2019-10-02 07:39:34,087 [main] INFO  server.GrpcService (ConfUtils.java:logGet(43)) - raft.grpc.flow.control.window = 1MB (=1048576) (default)
2019-10-02 07:39:34,087 [main] INFO  server.RaftServerConfigKeys (ConfUtils.java:logGet(43)) - raft.server.rpc.request.timeout = 3000ms (default)
2019-10-02 07:39:34,087 [main] INFO  server.RaftServerConfigKeys (ConfUtils.java:logGet(43)) - raft.server.storage.dir = [/workdir/hadoop-ozone/integration-test/target/test-dir/MiniOzoneClusterImpl-86ab02b3-fe0f-4689-9ef5-b2acbd941c82/datanode-3/data/ratis] (custom)
2019-10-02 07:39:34,089 [main] INFO  hdfs.DFSUtil (DFSUtil.java:httpServerTemplateForNNAndJN(1641)) - Starting Web-server for hddsDatanode at: http://0.0.0.0:0
2019-10-02 07:39:34,090 [main] INFO  server.AuthenticationFilter (AuthenticationFilter.java:constructSecretProvider(240)) - Unable to initialize FileSignerSecretProvider, falling back to use random secrets.
2019-10-02 07:39:34,090 [main] WARN  http.HttpRequestLog (HttpRequestLog.java:getRequestLog(97)) - Jetty request log can only be enabled using Log4j
2019-10-02 07:39:34,092 [main] INFO  http.HttpServer2 (HttpServer2.java:addGlobalFilter(975)) - Added global filter 'safety' (class=org.apache.hadoop.http.HttpServer2$QuotingInputFilter)
2019-10-02 07:39:34,092 [main] INFO  http.HttpServer2 (HttpServer2.java:addFilter(948)) - Added filter static_user_filter (class=org.apache.hadoop.http.lib.StaticUserWebFilter$StaticUserFilter) to context hddsDatanode
2019-10-02 07:39:34,093 [main] INFO  http.HttpServer2 (HttpServer2.java:addFilter(958)) - Added filter static_user_filter (class=org.apache.hadoop.http.lib.StaticUserWebFilter$StaticUserFilter) to context logs
2019-10-02 07:39:34,093 [main] INFO  http.HttpServer2 (HttpServer2.java:addFilter(958)) - Added filter static_user_filter (class=org.apache.hadoop.http.lib.StaticUserWebFilter$StaticUserFilter) to context static
2019-10-02 07:39:34,093 [main] INFO  http.HttpServer2 (HttpServer2.java:bindListener(1191)) - Jetty bound to port 44263
2019-10-02 07:39:34,094 [main] INFO  server.Server (Server.java:doStart(351)) - jetty-9.3.25.v20180904, build timestamp: 2018-09-04T21:11:46Z, git hash: 3ce520221d0240229c862b122d2b06c12a625732
2019-10-02 07:39:34,095 [main] INFO  handler.ContextHandler (ContextHandler.java:doStart(781)) - Started o.e.j.s.ServletContextHandler@6413d7e7{/logs,file:///workdir/hadoop-ozone/integration-test/target/log,AVAILABLE}
2019-10-02 07:39:34,095 [main] INFO  handler.ContextHandler (ContextHandler.java:doStart(781)) - Started o.e.j.s.ServletContextHandler@17b37e9a{/static,jar:file:/home/user/.m2/repository/org/apache/hadoop/hadoop-hdds-container-service/0.5.0-SNAPSHOT/hadoop-hdds-container-service-0.5.0-SNAPSHOT.jar!/webapps/static,AVAILABLE}
2019-10-02 07:39:34,122 [main] INFO  handler.ContextHandler (ContextHandler.java:doStart(781)) - Started o.e.j.w.WebAppContext@1163a27{/,file:///tmp/jetty-0.0.0.0-44263-hddsDatanode-_-any-4996648796064192102.dir/webapp/,AVAILABLE}{/hddsDatanode}
2019-10-02 07:39:34,123 [main] INFO  server.AbstractConnector (AbstractConnector.java:doStart(278)) - Started ServerConnector@322ba549{HTTP/1.1,[http/1.1]}{0.0.0.0:44263}
2019-10-02 07:39:34,125 [main] INFO  server.Server (Server.java:doStart(419)) - Started @313745ms
2019-10-02 07:39:34,125 [main] WARN  impl.MetricsSystemImpl (MetricsSystemImpl.java:register(276)) - Sink prometheus already exists!
2019-10-02 07:39:34,126 [main] INFO  server.BaseHttpServer (BaseHttpServer.java:updateConnectorAddress(215)) - HTTP server of HDDSDATANODE is listening at http://0.0.0.0:44263
2019-10-02 07:39:34,126 [main] INFO  impl.MetricsSystemImpl (MetricsSystemImpl.java:init(158)) - HddsDatanode metrics system started (again)
2019-10-02 07:39:34,130 [org.apache.hadoop.util.JvmPauseMonitor$Monitor@2104db58] INFO  util.JvmPauseMonitor (JvmPauseMonitor.java:run(188)) - Starting JVM pause monitor
2019-10-02 07:39:34,131 [main] INFO  ozone.HddsDatanodeService (HddsDatanodeService.java:start(184)) - HddsDatanodeService host:pr-trunk-8bg6x-723665176 ip:192.168.5.178
2019-10-02 07:39:34,131 [Datanode State Machine Thread - 0] INFO  datanode.InitDatanodeState (InitDatanodeState.java:persistContainerDatanodeDetails(140)) - DatanodeDetails is persisted to /workdir/hadoop-ozone/integration-test/target/test-dir/MiniOzoneClusterImpl-86ab02b3-fe0f-4689-9ef5-b2acbd941c82/datanode-3/meta/datanode.id
2019-10-02 07:39:34,136 [main] INFO  volume.HddsVolume (HddsVolume.java:<init>(176)) - Creating Volume: /workdir/hadoop-ozone/integration-test/target/test-dir/MiniOzoneClusterImpl-86ab02b3-fe0f-4689-9ef5-b2acbd941c82/datanode-4/data/containers/hdds of  storage type : DISK and capacity : 1482555576320
2019-10-02 07:39:34,136 [main] INFO  volume.VolumeSet (VolumeSet.java:initializeVolumeSet(170)) - Added Volume : /workdir/hadoop-ozone/integration-test/target/test-dir/MiniOzoneClusterImpl-86ab02b3-fe0f-4689-9ef5-b2acbd941c82/datanode-4/data/containers/hdds to VolumeSet
2019-10-02 07:39:34,136 [main] INFO  volume.ThrottledAsyncChecker (ThrottledAsyncChecker.java:schedule(139)) - Scheduling a check for org.apache.hadoop.ozone.container.common.volume.HddsVolume@77f991c
2019-10-02 07:39:34,137 [main] INFO  volume.HddsVolumeChecker (HddsVolumeChecker.java:checkAllVolumes(202)) - Scheduled health check for volume org.apache.hadoop.ozone.container.common.volume.HddsVolume@77f991c
2019-10-02 07:39:34,148 [main] INFO  impl.RaftServerProxy (ConfUtils.java:logGet(43)) - raft.rpc.type = GRPC (default)
2019-10-02 07:39:34,149 [main] INFO  grpc.GrpcFactory (GrpcFactory.java:checkPooledByteBufAllocatorUseCacheForAllThreads(45)) - PERFORMANCE WARNING: useCacheForAllThreads is true that may cause Netty to create a lot garbage objects and, as a result, trigger GC.
	It is recommended to disable useCacheForAllThreads by setting -Dorg.apache.ratis.thirdparty.io.netty.allocator.useCacheForAllThreads=false in command line.
2019-10-02 07:39:34,149 [main] INFO  grpc.GrpcConfigKeys$Server (ConfUtils.java:logGet(43)) - raft.grpc.server.port = 0 (default)
2019-10-02 07:39:34,149 [main] INFO  server.GrpcService (ConfUtils.java:logGet(43)) - raft.grpc.message.size.max = 33570816 (custom)
2019-10-02 07:39:34,149 [main] INFO  server.RaftServerConfigKeys (ConfUtils.java:logGet(43)) - raft.server.log.appender.buffer.byte-limit = 33554432 (custom)
2019-10-02 07:39:34,149 [main] INFO  server.GrpcService (ConfUtils.java:logGet(43)) - raft.grpc.flow.control.window = 1MB (=1048576) (default)
2019-10-02 07:39:34,149 [main] INFO  server.RaftServerConfigKeys (ConfUtils.java:logGet(43)) - raft.server.rpc.request.timeout = 3000ms (default)
2019-10-02 07:39:34,150 [main] INFO  server.RaftServerConfigKeys (ConfUtils.java:logGet(43)) - raft.server.storage.dir = [/workdir/hadoop-ozone/integration-test/target/test-dir/MiniOzoneClusterImpl-86ab02b3-fe0f-4689-9ef5-b2acbd941c82/datanode-4/data/ratis] (custom)
2019-10-02 07:39:34,151 [main] INFO  hdfs.DFSUtil (DFSUtil.java:httpServerTemplateForNNAndJN(1641)) - Starting Web-server for hddsDatanode at: http://0.0.0.0:0
2019-10-02 07:39:34,153 [main] INFO  server.AuthenticationFilter (AuthenticationFilter.java:constructSecretProvider(240)) - Unable to initialize FileSignerSecretProvider, falling back to use random secrets.
2019-10-02 07:39:34,153 [main] WARN  http.HttpRequestLog (HttpRequestLog.java:getRequestLog(97)) - Jetty request log can only be enabled using Log4j
2019-10-02 07:39:34,155 [main] INFO  http.HttpServer2 (HttpServer2.java:addGlobalFilter(975)) - Added global filter 'safety' (class=org.apache.hadoop.http.HttpServer2$QuotingInputFilter)
2019-10-02 07:39:34,155 [main] INFO  http.HttpServer2 (HttpServer2.java:addFilter(948)) - Added filter static_user_filter (class=org.apache.hadoop.http.lib.StaticUserWebFilter$StaticUserFilter) to context hddsDatanode
2019-10-02 07:39:34,156 [main] INFO  http.HttpServer2 (HttpServer2.java:addFilter(958)) - Added filter static_user_filter (class=org.apache.hadoop.http.lib.StaticUserWebFilter$StaticUserFilter) to context logs
2019-10-02 07:39:34,156 [main] INFO  http.HttpServer2 (HttpServer2.java:addFilter(958)) - Added filter static_user_filter (class=org.apache.hadoop.http.lib.StaticUserWebFilter$StaticUserFilter) to context static
2019-10-02 07:39:34,157 [main] INFO  http.HttpServer2 (HttpServer2.java:bindListener(1191)) - Jetty bound to port 46734
2019-10-02 07:39:34,157 [main] INFO  server.Server (Server.java:doStart(351)) - jetty-9.3.25.v20180904, build timestamp: 2018-09-04T21:11:46Z, git hash: 3ce520221d0240229c862b122d2b06c12a625732
2019-10-02 07:39:34,158 [main] INFO  handler.ContextHandler (ContextHandler.java:doStart(781)) - Started o.e.j.s.ServletContextHandler@1a256d80{/logs,file:///workdir/hadoop-ozone/integration-test/target/log,AVAILABLE}
2019-10-02 07:39:34,159 [main] INFO  handler.ContextHandler (ContextHandler.java:doStart(781)) - Started o.e.j.s.ServletContextHandler@7235f92b{/static,jar:file:/home/user/.m2/repository/org/apache/hadoop/hadoop-hdds-container-service/0.5.0-SNAPSHOT/hadoop-hdds-container-service-0.5.0-SNAPSHOT.jar!/webapps/static,AVAILABLE}
2019-10-02 07:39:34,186 [main] INFO  handler.ContextHandler (ContextHandler.java:doStart(781)) - Started o.e.j.w.WebAppContext@3f96f020{/,file:///tmp/jetty-0.0.0.0-46734-hddsDatanode-_-any-5345237659817839744.dir/webapp/,AVAILABLE}{/hddsDatanode}
2019-10-02 07:39:34,187 [main] INFO  server.AbstractConnector (AbstractConnector.java:doStart(278)) - Started ServerConnector@32eae6f2{HTTP/1.1,[http/1.1]}{0.0.0.0:46734}
2019-10-02 07:39:34,188 [main] INFO  server.Server (Server.java:doStart(419)) - Started @313808ms
2019-10-02 07:39:34,188 [main] WARN  impl.MetricsSystemImpl (MetricsSystemImpl.java:register(276)) - Sink prometheus already exists!
2019-10-02 07:39:34,189 [main] INFO  server.BaseHttpServer (BaseHttpServer.java:updateConnectorAddress(215)) - HTTP server of HDDSDATANODE is listening at http://0.0.0.0:46734
2019-10-02 07:39:34,189 [main] INFO  impl.MetricsSystemImpl (MetricsSystemImpl.java:init(158)) - HddsDatanode metrics system started (again)
2019-10-02 07:39:34,193 [org.apache.hadoop.util.JvmPauseMonitor$Monitor@6a780c71] INFO  util.JvmPauseMonitor (JvmPauseMonitor.java:run(188)) - Starting JVM pause monitor
2019-10-02 07:39:34,194 [main] INFO  ozone.HddsDatanodeService (HddsDatanodeService.java:start(184)) - HddsDatanodeService host:pr-trunk-8bg6x-723665176 ip:192.168.5.178
2019-10-02 07:39:34,194 [Datanode State Machine Thread - 0] INFO  datanode.InitDatanodeState (InitDatanodeState.java:persistContainerDatanodeDetails(140)) - DatanodeDetails is persisted to /workdir/hadoop-ozone/integration-test/target/test-dir/MiniOzoneClusterImpl-86ab02b3-fe0f-4689-9ef5-b2acbd941c82/datanode-4/meta/datanode.id
2019-10-02 07:39:34,199 [main] INFO  volume.HddsVolume (HddsVolume.java:<init>(176)) - Creating Volume: /workdir/hadoop-ozone/integration-test/target/test-dir/MiniOzoneClusterImpl-86ab02b3-fe0f-4689-9ef5-b2acbd941c82/datanode-5/data/containers/hdds of  storage type : DISK and capacity : 1482555576320
2019-10-02 07:39:34,199 [main] INFO  volume.VolumeSet (VolumeSet.java:initializeVolumeSet(170)) - Added Volume : /workdir/hadoop-ozone/integration-test/target/test-dir/MiniOzoneClusterImpl-86ab02b3-fe0f-4689-9ef5-b2acbd941c82/datanode-5/data/containers/hdds to VolumeSet
2019-10-02 07:39:34,199 [main] INFO  volume.ThrottledAsyncChecker (ThrottledAsyncChecker.java:schedule(139)) - Scheduling a check for org.apache.hadoop.ozone.container.common.volume.HddsVolume@6d6d480c
2019-10-02 07:39:34,200 [main] INFO  volume.HddsVolumeChecker (HddsVolumeChecker.java:checkAllVolumes(202)) - Scheduled health check for volume org.apache.hadoop.ozone.container.common.volume.HddsVolume@6d6d480c
2019-10-02 07:39:34,211 [main] INFO  impl.RaftServerProxy (ConfUtils.java:logGet(43)) - raft.rpc.type = GRPC (default)
2019-10-02 07:39:34,211 [main] INFO  grpc.GrpcFactory (GrpcFactory.java:checkPooledByteBufAllocatorUseCacheForAllThreads(45)) - PERFORMANCE WARNING: useCacheForAllThreads is true that may cause Netty to create a lot garbage objects and, as a result, trigger GC.
	It is recommended to disable useCacheForAllThreads by setting -Dorg.apache.ratis.thirdparty.io.netty.allocator.useCacheForAllThreads=false in command line.
2019-10-02 07:39:34,211 [main] INFO  grpc.GrpcConfigKeys$Server (ConfUtils.java:logGet(43)) - raft.grpc.server.port = 0 (default)
2019-10-02 07:39:34,211 [main] INFO  server.GrpcService (ConfUtils.java:logGet(43)) - raft.grpc.message.size.max = 33570816 (custom)
2019-10-02 07:39:34,212 [main] INFO  server.RaftServerConfigKeys (ConfUtils.java:logGet(43)) - raft.server.log.appender.buffer.byte-limit = 33554432 (custom)
2019-10-02 07:39:34,212 [main] INFO  server.GrpcService (ConfUtils.java:logGet(43)) - raft.grpc.flow.control.window = 1MB (=1048576) (default)
2019-10-02 07:39:34,212 [main] INFO  server.RaftServerConfigKeys (ConfUtils.java:logGet(43)) - raft.server.rpc.request.timeout = 3000ms (default)
2019-10-02 07:39:34,212 [main] INFO  server.RaftServerConfigKeys (ConfUtils.java:logGet(43)) - raft.server.storage.dir = [/workdir/hadoop-ozone/integration-test/target/test-dir/MiniOzoneClusterImpl-86ab02b3-fe0f-4689-9ef5-b2acbd941c82/datanode-5/data/ratis] (custom)
2019-10-02 07:39:34,213 [main] INFO  hdfs.DFSUtil (DFSUtil.java:httpServerTemplateForNNAndJN(1641)) - Starting Web-server for hddsDatanode at: http://0.0.0.0:0
2019-10-02 07:39:34,214 [main] INFO  server.AuthenticationFilter (AuthenticationFilter.java:constructSecretProvider(240)) - Unable to initialize FileSignerSecretProvider, falling back to use random secrets.
2019-10-02 07:39:34,215 [main] WARN  http.HttpRequestLog (HttpRequestLog.java:getRequestLog(97)) - Jetty request log can only be enabled using Log4j
2019-10-02 07:39:34,216 [main] INFO  http.HttpServer2 (HttpServer2.java:addGlobalFilter(975)) - Added global filter 'safety' (class=org.apache.hadoop.http.HttpServer2$QuotingInputFilter)
2019-10-02 07:39:34,216 [main] INFO  http.HttpServer2 (HttpServer2.java:addFilter(948)) - Added filter static_user_filter (class=org.apache.hadoop.http.lib.StaticUserWebFilter$StaticUserFilter) to context hddsDatanode
2019-10-02 07:39:34,216 [main] INFO  http.HttpServer2 (HttpServer2.java:addFilter(958)) - Added filter static_user_filter (class=org.apache.hadoop.http.lib.StaticUserWebFilter$StaticUserFilter) to context logs
2019-10-02 07:39:34,217 [main] INFO  http.HttpServer2 (HttpServer2.java:addFilter(958)) - Added filter static_user_filter (class=org.apache.hadoop.http.lib.StaticUserWebFilter$StaticUserFilter) to context static
2019-10-02 07:39:34,217 [main] INFO  http.HttpServer2 (HttpServer2.java:bindListener(1191)) - Jetty bound to port 33633
2019-10-02 07:39:34,217 [main] INFO  server.Server (Server.java:doStart(351)) - jetty-9.3.25.v20180904, build timestamp: 2018-09-04T21:11:46Z, git hash: 3ce520221d0240229c862b122d2b06c12a625732
2019-10-02 07:39:34,219 [main] INFO  handler.ContextHandler (ContextHandler.java:doStart(781)) - Started o.e.j.s.ServletContextHandler@5d0b0cb9{/logs,file:///workdir/hadoop-ozone/integration-test/target/log,AVAILABLE}
2019-10-02 07:39:34,219 [main] INFO  handler.ContextHandler (ContextHandler.java:doStart(781)) - Started o.e.j.s.ServletContextHandler@16ac5d35{/static,jar:file:/home/user/.m2/repository/org/apache/hadoop/hadoop-hdds-container-service/0.5.0-SNAPSHOT/hadoop-hdds-container-service-0.5.0-SNAPSHOT.jar!/webapps/static,AVAILABLE}
2019-10-02 07:39:34,244 [main] INFO  handler.ContextHandler (ContextHandler.java:doStart(781)) - Started o.e.j.w.WebAppContext@610d28b8{/,file:///tmp/jetty-0.0.0.0-33633-hddsDatanode-_-any-7189836611262298276.dir/webapp/,AVAILABLE}{/hddsDatanode}
2019-10-02 07:39:34,244 [main] INFO  server.AbstractConnector (AbstractConnector.java:doStart(278)) - Started ServerConnector@53c99b09{HTTP/1.1,[http/1.1]}{0.0.0.0:33633}
2019-10-02 07:39:34,246 [main] INFO  server.Server (Server.java:doStart(419)) - Started @313866ms
2019-10-02 07:39:34,246 [main] WARN  impl.MetricsSystemImpl (MetricsSystemImpl.java:register(276)) - Sink prometheus already exists!
2019-10-02 07:39:34,247 [main] INFO  server.BaseHttpServer (BaseHttpServer.java:updateConnectorAddress(215)) - HTTP server of HDDSDATANODE is listening at http://0.0.0.0:33633
2019-10-02 07:39:34,247 [main] INFO  impl.MetricsSystemImpl (MetricsSystemImpl.java:init(158)) - HddsDatanode metrics system started (again)
2019-10-02 07:39:34,251 [org.apache.hadoop.util.JvmPauseMonitor$Monitor@170c1a7b] INFO  util.JvmPauseMonitor (JvmPauseMonitor.java:run(188)) - Starting JVM pause monitor
2019-10-02 07:39:34,252 [main] INFO  ozone.HddsDatanodeService (HddsDatanodeService.java:start(184)) - HddsDatanodeService host:pr-trunk-8bg6x-723665176 ip:192.168.5.178
2019-10-02 07:39:34,252 [Datanode State Machine Thread - 0] INFO  datanode.InitDatanodeState (InitDatanodeState.java:persistContainerDatanodeDetails(140)) - DatanodeDetails is persisted to /workdir/hadoop-ozone/integration-test/target/test-dir/MiniOzoneClusterImpl-86ab02b3-fe0f-4689-9ef5-b2acbd941c82/datanode-5/meta/datanode.id
2019-10-02 07:39:34,258 [main] INFO  volume.HddsVolume (HddsVolume.java:<init>(176)) - Creating Volume: /workdir/hadoop-ozone/integration-test/target/test-dir/MiniOzoneClusterImpl-86ab02b3-fe0f-4689-9ef5-b2acbd941c82/datanode-6/data/containers/hdds of  storage type : DISK and capacity : 1482555576320
2019-10-02 07:39:34,258 [main] INFO  volume.VolumeSet (VolumeSet.java:initializeVolumeSet(170)) - Added Volume : /workdir/hadoop-ozone/integration-test/target/test-dir/MiniOzoneClusterImpl-86ab02b3-fe0f-4689-9ef5-b2acbd941c82/datanode-6/data/containers/hdds to VolumeSet
2019-10-02 07:39:34,258 [main] INFO  volume.ThrottledAsyncChecker (ThrottledAsyncChecker.java:schedule(139)) - Scheduling a check for org.apache.hadoop.ozone.container.common.volume.HddsVolume@12c0c0b3
2019-10-02 07:39:34,259 [main] INFO  volume.HddsVolumeChecker (HddsVolumeChecker.java:checkAllVolumes(202)) - Scheduled health check for volume org.apache.hadoop.ozone.container.common.volume.HddsVolume@12c0c0b3
2019-10-02 07:39:34,270 [main] INFO  impl.RaftServerProxy (ConfUtils.java:logGet(43)) - raft.rpc.type = GRPC (default)
2019-10-02 07:39:34,270 [main] INFO  grpc.GrpcFactory (GrpcFactory.java:checkPooledByteBufAllocatorUseCacheForAllThreads(45)) - PERFORMANCE WARNING: useCacheForAllThreads is true that may cause Netty to create a lot garbage objects and, as a result, trigger GC.
	It is recommended to disable useCacheForAllThreads by setting -Dorg.apache.ratis.thirdparty.io.netty.allocator.useCacheForAllThreads=false in command line.
2019-10-02 07:39:34,270 [main] INFO  grpc.GrpcConfigKeys$Server (ConfUtils.java:logGet(43)) - raft.grpc.server.port = 0 (default)
2019-10-02 07:39:34,270 [main] INFO  server.GrpcService (ConfUtils.java:logGet(43)) - raft.grpc.message.size.max = 33570816 (custom)
2019-10-02 07:39:34,270 [main] INFO  server.RaftServerConfigKeys (ConfUtils.java:logGet(43)) - raft.server.log.appender.buffer.byte-limit = 33554432 (custom)
2019-10-02 07:39:34,271 [main] INFO  server.GrpcService (ConfUtils.java:logGet(43)) - raft.grpc.flow.control.window = 1MB (=1048576) (default)
2019-10-02 07:39:34,271 [main] INFO  server.RaftServerConfigKeys (ConfUtils.java:logGet(43)) - raft.server.rpc.request.timeout = 3000ms (default)
2019-10-02 07:39:34,271 [main] INFO  server.RaftServerConfigKeys (ConfUtils.java:logGet(43)) - raft.server.storage.dir = [/workdir/hadoop-ozone/integration-test/target/test-dir/MiniOzoneClusterImpl-86ab02b3-fe0f-4689-9ef5-b2acbd941c82/datanode-6/data/ratis] (custom)
2019-10-02 07:39:34,272 [main] INFO  hdfs.DFSUtil (DFSUtil.java:httpServerTemplateForNNAndJN(1641)) - Starting Web-server for hddsDatanode at: http://0.0.0.0:0
2019-10-02 07:39:34,273 [main] INFO  server.AuthenticationFilter (AuthenticationFilter.java:constructSecretProvider(240)) - Unable to initialize FileSignerSecretProvider, falling back to use random secrets.
2019-10-02 07:39:34,274 [main] WARN  http.HttpRequestLog (HttpRequestLog.java:getRequestLog(97)) - Jetty request log can only be enabled using Log4j
2019-10-02 07:39:34,275 [main] INFO  http.HttpServer2 (HttpServer2.java:addGlobalFilter(975)) - Added global filter 'safety' (class=org.apache.hadoop.http.HttpServer2$QuotingInputFilter)
2019-10-02 07:39:34,275 [main] INFO  http.HttpServer2 (HttpServer2.java:addFilter(948)) - Added filter static_user_filter (class=org.apache.hadoop.http.lib.StaticUserWebFilter$StaticUserFilter) to context hddsDatanode
2019-10-02 07:39:34,275 [main] INFO  http.HttpServer2 (HttpServer2.java:addFilter(958)) - Added filter static_user_filter (class=org.apache.hadoop.http.lib.StaticUserWebFilter$StaticUserFilter) to context static
2019-10-02 07:39:34,276 [main] INFO  http.HttpServer2 (HttpServer2.java:addFilter(958)) - Added filter static_user_filter (class=org.apache.hadoop.http.lib.StaticUserWebFilter$StaticUserFilter) to context logs
2019-10-02 07:39:34,276 [main] INFO  http.HttpServer2 (HttpServer2.java:bindListener(1191)) - Jetty bound to port 35743
2019-10-02 07:39:34,276 [main] INFO  server.Server (Server.java:doStart(351)) - jetty-9.3.25.v20180904, build timestamp: 2018-09-04T21:11:46Z, git hash: 3ce520221d0240229c862b122d2b06c12a625732
2019-10-02 07:39:34,278 [main] INFO  handler.ContextHandler (ContextHandler.java:doStart(781)) - Started o.e.j.s.ServletContextHandler@1a07bf6{/logs,file:///workdir/hadoop-ozone/integration-test/target/log,AVAILABLE}
2019-10-02 07:39:34,278 [main] INFO  handler.ContextHandler (ContextHandler.java:doStart(781)) - Started o.e.j.s.ServletContextHandler@713ec32d{/static,jar:file:/home/user/.m2/repository/org/apache/hadoop/hadoop-hdds-container-service/0.5.0-SNAPSHOT/hadoop-hdds-container-service-0.5.0-SNAPSHOT.jar!/webapps/static,AVAILABLE}
2019-10-02 07:39:34,300 [main] INFO  handler.ContextHandler (ContextHandler.java:doStart(781)) - Started o.e.j.w.WebAppContext@1da4b3f9{/,file:///tmp/jetty-0.0.0.0-35743-hddsDatanode-_-any-8323432373730770919.dir/webapp/,AVAILABLE}{/hddsDatanode}
2019-10-02 07:39:34,300 [main] INFO  server.AbstractConnector (AbstractConnector.java:doStart(278)) - Started ServerConnector@23cbbd07{HTTP/1.1,[http/1.1]}{0.0.0.0:35743}
2019-10-02 07:39:34,302 [main] INFO  server.Server (Server.java:doStart(419)) - Started @313922ms
2019-10-02 07:39:34,302 [main] WARN  impl.MetricsSystemImpl (MetricsSystemImpl.java:register(276)) - Sink prometheus already exists!
2019-10-02 07:39:34,302 [main] INFO  server.BaseHttpServer (BaseHttpServer.java:updateConnectorAddress(215)) - HTTP server of HDDSDATANODE is listening at http://0.0.0.0:35743
2019-10-02 07:39:34,303 [main] INFO  ozone.MiniOzoneClusterImpl (MiniOzoneClusterImpl.java:lambda$waitForClusterToBeReady$0(147)) - Waiting for cluster to be ready. Got 0 of 7 DN Heartbeats.
2019-10-02 07:39:34,306 [org.apache.hadoop.util.JvmPauseMonitor$Monitor@1b97079d] INFO  util.JvmPauseMonitor (JvmPauseMonitor.java:run(188)) - Starting JVM pause monitor
2019-10-02 07:39:34,306 [Datanode State Machine Thread - 0] INFO  datanode.InitDatanodeState (InitDatanodeState.java:persistContainerDatanodeDetails(140)) - DatanodeDetails is persisted to /workdir/hadoop-ozone/integration-test/target/test-dir/MiniOzoneClusterImpl-86ab02b3-fe0f-4689-9ef5-b2acbd941c82/datanode-6/meta/datanode.id
2019-10-02 07:39:35,305 [main] INFO  ozone.MiniOzoneClusterImpl (MiniOzoneClusterImpl.java:lambda$waitForClusterToBeReady$0(147)) - Waiting for cluster to be ready. Got 0 of 7 DN Heartbeats.
2019-10-02 07:39:35,957 [Datanode State Machine Thread - 0] INFO  ozoneimpl.OzoneContainer (OzoneContainer.java:start(217)) - Attempting to start container services.
2019-10-02 07:39:35,968 [Datanode State Machine Thread - 0] INFO  ozoneimpl.OzoneContainer (OzoneContainer.java:startContainerScrub(179)) - Background container scanner has been disabled.
2019-10-02 07:39:35,968 [Datanode State Machine Thread - 0] INFO  ratis.XceiverServerRatis (XceiverServerRatis.java:start(417)) - Starting XceiverServerRatis 003c0b2c-9291-471c-a534-75bc80e0ebc2 at port 0
2019-10-02 07:39:35,976 [Datanode State Machine Thread - 0] INFO  impl.RaftServerProxy (RaftServerProxy.java:lambda$start$3(299)) - 003c0b2c-9291-471c-a534-75bc80e0ebc2: start RPC server
2019-10-02 07:39:35,980 [Datanode State Machine Thread - 0] INFO  server.GrpcService (GrpcService.java:startImpl(158)) - 003c0b2c-9291-471c-a534-75bc80e0ebc2: GrpcService started, listening on 0.0.0.0/0.0.0.0:36079
2019-10-02 07:39:35,980 [Datanode State Machine Thread - 0] INFO  ratis.XceiverServerRatis (XceiverServerRatis.java:start(427)) - XceiverServerRatis 003c0b2c-9291-471c-a534-75bc80e0ebc2 is started using port 36079
2019-10-02 07:39:35,980 [Datanode State Machine Thread - 0] INFO  server.XceiverServerGrpc (XceiverServerGrpc.java:start(149)) - XceiverServerGrpc 003c0b2c-9291-471c-a534-75bc80e0ebc2 is started using port 39996
2019-10-02 07:39:36,010 [Datanode State Machine Thread - 0] INFO  ozoneimpl.OzoneContainer (OzoneContainer.java:start(217)) - Attempting to start container services.
2019-10-02 07:39:36,011 [Datanode State Machine Thread - 0] INFO  ozoneimpl.OzoneContainer (OzoneContainer.java:startContainerScrub(179)) - Background container scanner has been disabled.
2019-10-02 07:39:36,011 [Datanode State Machine Thread - 0] INFO  ratis.XceiverServerRatis (XceiverServerRatis.java:start(417)) - Starting XceiverServerRatis 50e37c97-987b-45d1-861c-706b55a6aef7 at port 0
2019-10-02 07:39:36,016 [Datanode State Machine Thread - 0] INFO  impl.RaftServerProxy (RaftServerProxy.java:lambda$start$3(299)) - 50e37c97-987b-45d1-861c-706b55a6aef7: start RPC server
2019-10-02 07:39:36,018 [Datanode State Machine Thread - 0] INFO  server.GrpcService (GrpcService.java:startImpl(158)) - 50e37c97-987b-45d1-861c-706b55a6aef7: GrpcService started, listening on 0.0.0.0/0.0.0.0:44066
2019-10-02 07:39:36,018 [Datanode State Machine Thread - 0] INFO  ratis.XceiverServerRatis (XceiverServerRatis.java:start(427)) - XceiverServerRatis 50e37c97-987b-45d1-861c-706b55a6aef7 is started using port 44066
2019-10-02 07:39:36,019 [Datanode State Machine Thread - 0] INFO  server.XceiverServerGrpc (XceiverServerGrpc.java:start(149)) - XceiverServerGrpc 50e37c97-987b-45d1-861c-706b55a6aef7 is started using port 36616
2019-10-02 07:39:36,080 [Datanode State Machine Thread - 0] INFO  ozoneimpl.OzoneContainer (OzoneContainer.java:start(217)) - Attempting to start container services.
2019-10-02 07:39:36,080 [Datanode State Machine Thread - 0] INFO  ozoneimpl.OzoneContainer (OzoneContainer.java:startContainerScrub(179)) - Background container scanner has been disabled.
2019-10-02 07:39:36,080 [Datanode State Machine Thread - 0] INFO  ratis.XceiverServerRatis (XceiverServerRatis.java:start(417)) - Starting XceiverServerRatis 0e8c619e-d5cc-4692-a899-4ea542713226 at port 0
2019-10-02 07:39:36,087 [Datanode State Machine Thread - 0] INFO  impl.RaftServerProxy (RaftServerProxy.java:lambda$start$3(299)) - 0e8c619e-d5cc-4692-a899-4ea542713226: start RPC server
2019-10-02 07:39:36,093 [Datanode State Machine Thread - 0] INFO  server.GrpcService (GrpcService.java:startImpl(158)) - 0e8c619e-d5cc-4692-a899-4ea542713226: GrpcService started, listening on 0.0.0.0/0.0.0.0:46783
2019-10-02 07:39:36,094 [Datanode State Machine Thread - 0] INFO  ratis.XceiverServerRatis (XceiverServerRatis.java:start(427)) - XceiverServerRatis 0e8c619e-d5cc-4692-a899-4ea542713226 is started using port 46783
2019-10-02 07:39:36,100 [Datanode State Machine Thread - 0] INFO  server.XceiverServerGrpc (XceiverServerGrpc.java:start(149)) - XceiverServerGrpc 0e8c619e-d5cc-4692-a899-4ea542713226 is started using port 37069
2019-10-02 07:39:36,143 [Datanode State Machine Thread - 0] INFO  ozoneimpl.OzoneContainer (OzoneContainer.java:start(217)) - Attempting to start container services.
2019-10-02 07:39:36,144 [Datanode State Machine Thread - 0] INFO  ozoneimpl.OzoneContainer (OzoneContainer.java:startContainerScrub(179)) - Background container scanner has been disabled.
2019-10-02 07:39:36,144 [Datanode State Machine Thread - 0] INFO  ratis.XceiverServerRatis (XceiverServerRatis.java:start(417)) - Starting XceiverServerRatis 1b7d02a1-4da6-4721-8686-69cf33273127 at port 0
2019-10-02 07:39:36,151 [Datanode State Machine Thread - 0] INFO  impl.RaftServerProxy (RaftServerProxy.java:lambda$start$3(299)) - 1b7d02a1-4da6-4721-8686-69cf33273127: start RPC server
2019-10-02 07:39:36,152 [Datanode State Machine Thread - 0] INFO  server.GrpcService (GrpcService.java:startImpl(158)) - 1b7d02a1-4da6-4721-8686-69cf33273127: GrpcService started, listening on 0.0.0.0/0.0.0.0:40844
2019-10-02 07:39:36,152 [Datanode State Machine Thread - 0] INFO  ratis.XceiverServerRatis (XceiverServerRatis.java:start(427)) - XceiverServerRatis 1b7d02a1-4da6-4721-8686-69cf33273127 is started using port 40844
2019-10-02 07:39:36,152 [Datanode State Machine Thread - 0] INFO  server.XceiverServerGrpc (XceiverServerGrpc.java:start(149)) - XceiverServerGrpc 1b7d02a1-4da6-4721-8686-69cf33273127 is started using port 40769
2019-10-02 07:39:36,207 [Datanode State Machine Thread - 0] INFO  ozoneimpl.OzoneContainer (OzoneContainer.java:start(217)) - Attempting to start container services.
2019-10-02 07:39:36,208 [Datanode State Machine Thread - 0] INFO  ozoneimpl.OzoneContainer (OzoneContainer.java:startContainerScrub(179)) - Background container scanner has been disabled.
2019-10-02 07:39:36,208 [Datanode State Machine Thread - 0] INFO  ratis.XceiverServerRatis (XceiverServerRatis.java:start(417)) - Starting XceiverServerRatis ac3e3bd2-b40c-4d72-87ae-6fc1defe10d9 at port 0
2019-10-02 07:39:36,215 [Datanode State Machine Thread - 0] INFO  impl.RaftServerProxy (RaftServerProxy.java:lambda$start$3(299)) - ac3e3bd2-b40c-4d72-87ae-6fc1defe10d9: start RPC server
2019-10-02 07:39:36,215 [Datanode State Machine Thread - 0] INFO  server.GrpcService (GrpcService.java:startImpl(158)) - ac3e3bd2-b40c-4d72-87ae-6fc1defe10d9: GrpcService started, listening on 0.0.0.0/0.0.0.0:42962
2019-10-02 07:39:36,215 [Datanode State Machine Thread - 0] INFO  ratis.XceiverServerRatis (XceiverServerRatis.java:start(427)) - XceiverServerRatis ac3e3bd2-b40c-4d72-87ae-6fc1defe10d9 is started using port 42962
2019-10-02 07:39:36,215 [Datanode State Machine Thread - 0] INFO  server.XceiverServerGrpc (XceiverServerGrpc.java:start(149)) - XceiverServerGrpc ac3e3bd2-b40c-4d72-87ae-6fc1defe10d9 is started using port 34914
2019-10-02 07:39:36,266 [Datanode State Machine Thread - 0] INFO  ozoneimpl.OzoneContainer (OzoneContainer.java:start(217)) - Attempting to start container services.
2019-10-02 07:39:36,266 [Datanode State Machine Thread - 0] INFO  ozoneimpl.OzoneContainer (OzoneContainer.java:startContainerScrub(179)) - Background container scanner has been disabled.
2019-10-02 07:39:36,266 [Datanode State Machine Thread - 0] INFO  ratis.XceiverServerRatis (XceiverServerRatis.java:start(417)) - Starting XceiverServerRatis 2609764d-f6c2-4d27-bd0c-3a8252d8a1b1 at port 0
2019-10-02 07:39:36,275 [Datanode State Machine Thread - 0] INFO  impl.RaftServerProxy (RaftServerProxy.java:lambda$start$3(299)) - 2609764d-f6c2-4d27-bd0c-3a8252d8a1b1: start RPC server
2019-10-02 07:39:36,277 [Datanode State Machine Thread - 0] INFO  server.GrpcService (GrpcService.java:startImpl(158)) - 2609764d-f6c2-4d27-bd0c-3a8252d8a1b1: GrpcService started, listening on 0.0.0.0/0.0.0.0:40845
2019-10-02 07:39:36,277 [Datanode State Machine Thread - 0] INFO  ratis.XceiverServerRatis (XceiverServerRatis.java:start(427)) - XceiverServerRatis 2609764d-f6c2-4d27-bd0c-3a8252d8a1b1 is started using port 40845
2019-10-02 07:39:36,278 [Datanode State Machine Thread - 0] INFO  server.XceiverServerGrpc (XceiverServerGrpc.java:start(149)) - XceiverServerGrpc 2609764d-f6c2-4d27-bd0c-3a8252d8a1b1 is started using port 34314
2019-10-02 07:39:36,306 [main] INFO  ozone.MiniOzoneClusterImpl (MiniOzoneClusterImpl.java:lambda$waitForClusterToBeReady$0(147)) - Waiting for cluster to be ready. Got 0 of 7 DN Heartbeats.
2019-10-02 07:39:36,320 [Datanode State Machine Thread - 0] INFO  ozoneimpl.OzoneContainer (OzoneContainer.java:start(217)) - Attempting to start container services.
2019-10-02 07:39:36,321 [Datanode State Machine Thread - 0] INFO  ozoneimpl.OzoneContainer (OzoneContainer.java:startContainerScrub(179)) - Background container scanner has been disabled.
2019-10-02 07:39:36,321 [Datanode State Machine Thread - 0] INFO  ratis.XceiverServerRatis (XceiverServerRatis.java:start(417)) - Starting XceiverServerRatis 7ca550b5-eb05-4269-b04e-07cab5a16581 at port 0
2019-10-02 07:39:36,328 [Datanode State Machine Thread - 0] INFO  impl.RaftServerProxy (RaftServerProxy.java:lambda$start$3(299)) - 7ca550b5-eb05-4269-b04e-07cab5a16581: start RPC server
2019-10-02 07:39:36,329 [Datanode State Machine Thread - 0] INFO  server.GrpcService (GrpcService.java:startImpl(158)) - 7ca550b5-eb05-4269-b04e-07cab5a16581: GrpcService started, listening on 0.0.0.0/0.0.0.0:36351
2019-10-02 07:39:36,329 [Datanode State Machine Thread - 0] INFO  ratis.XceiverServerRatis (XceiverServerRatis.java:start(427)) - XceiverServerRatis 7ca550b5-eb05-4269-b04e-07cab5a16581 is started using port 36351
2019-10-02 07:39:36,330 [Datanode State Machine Thread - 0] INFO  server.XceiverServerGrpc (XceiverServerGrpc.java:start(149)) - XceiverServerGrpc 7ca550b5-eb05-4269-b04e-07cab5a16581 is started using port 38766
2019-10-02 07:39:37,306 [main] INFO  ozone.MiniOzoneClusterImpl (MiniOzoneClusterImpl.java:lambda$waitForClusterToBeReady$0(147)) - Waiting for cluster to be ready. Got 0 of 7 DN Heartbeats.
2019-10-02 07:39:37,929 [IPC Server handler 1 on 40808] INFO  net.NetworkTopology (NetworkTopologyImpl.java:add(111)) - Added a new node: /default-rack/003c0b2c-9291-471c-a534-75bc80e0ebc2
2019-10-02 07:39:37,932 [IPC Server handler 1 on 40808] INFO  node.SCMNodeManager (SCMNodeManager.java:register(266)) - Registered Data node : 003c0b2c-9291-471c-a534-75bc80e0ebc2{ip: 192.168.5.178, host: pr-trunk-8bg6x-723665176, networkLocation: /default-rack, certSerialId: null}
2019-10-02 07:39:37,934 [EventQueue-NodeRegistrationContainerReportForDataNodeSafeModeRule] INFO  safemode.SCMSafeModeManager (DataNodeSafeModeRule.java:process(71)) - SCM in safe mode. 1 DataNodes registered, 1 required.
2019-10-02 07:39:37,936 [EventQueue-NodeRegistrationContainerReportForDataNodeSafeModeRule] INFO  safemode.SCMSafeModeManager (SCMSafeModeManager.java:validateSafeModeExitRules(177)) - ScmSafeModeManager, all rules are successfully validated
2019-10-02 07:39:37,936 [EventQueue-NodeRegistrationContainerReportForDataNodeSafeModeRule] INFO  safemode.SCMSafeModeManager (SCMSafeModeManager.java:exitSafeMode(193)) - SCM exiting safe mode.
2019-10-02 07:39:37,952 [grpc-default-executor-16] INFO  impl.RaftServerProxy (RaftServerProxy.java:addNew(89)) - 003c0b2c-9291-471c-a534-75bc80e0ebc2: addNew group-D76904C98F8C:[003c0b2c-9291-471c-a534-75bc80e0ebc2:192.168.5.178:36079] returns group-D76904C98F8C:java.util.concurrent.CompletableFuture@4f25ccd[Not completed]
2019-10-02 07:39:37,957 [pool-121-thread-1] INFO  impl.RaftServerImpl (RaftServerImpl.java:<init>(95)) - 003c0b2c-9291-471c-a534-75bc80e0ebc2: new RaftServerImpl for group-D76904C98F8C:[003c0b2c-9291-471c-a534-75bc80e0ebc2:192.168.5.178:36079] with ContainerStateMachine:uninitialized
2019-10-02 07:39:37,957 [pool-121-thread-1] INFO  server.RaftServerConfigKeys (ConfUtils.java:logGet(43)) - raft.server.rpc.timeout.min = 5s (custom)
2019-10-02 07:39:37,957 [pool-121-thread-1] INFO  server.RaftServerConfigKeys (ConfUtils.java:logGet(43)) - raft.server.rpc.timeout.max = 5200ms (custom)
2019-10-02 07:39:37,958 [pool-121-thread-1] INFO  server.RaftServerConfigKeys (ConfUtils.java:logGet(43)) - raft.server.rpcslowness.timeout = 120s (custom)
2019-10-02 07:39:37,958 [pool-121-thread-1] INFO  server.RaftServerConfigKeys (ConfUtils.java:logGet(43)) - raft.server.sleep.deviation.threshold = 300 (default)
2019-10-02 07:39:37,958 [pool-121-thread-1] INFO  server.RaftServerConfigKeys (ConfUtils.java:logGet(43)) - raft.server.log.appender.install.snapshot.enabled = false (custom)
2019-10-02 07:39:37,958 [pool-121-thread-1] INFO  impl.RaftServerImpl (ServerState.java:<init>(103)) - 003c0b2c-9291-471c-a534-75bc80e0ebc2@group-D76904C98F8C: ConfigurationManager, init=-1: [003c0b2c-9291-471c-a534-75bc80e0ebc2:192.168.5.178:36079], old=null, confs=<EMPTY_MAP>
2019-10-02 07:39:37,958 [pool-121-thread-1] INFO  server.RaftServerConfigKeys (ConfUtils.java:logGet(43)) - raft.server.storage.dir = [/workdir/hadoop-ozone/integration-test/target/test-dir/MiniOzoneClusterImpl-86ab02b3-fe0f-4689-9ef5-b2acbd941c82/datanode-0/data/ratis] (custom)
2019-10-02 07:39:37,959 [pool-121-thread-1] INFO  server.RaftServerConfigKeys (ConfUtils.java:logGet(43)) - raft.server.log.corruption.policy = EXCEPTION (default)
2019-10-02 07:39:37,959 [pool-121-thread-1] INFO  storage.RaftStorageDirectory (RaftStorageDirectory.java:analyzeStorage(246)) - The storage directory /workdir/hadoop-ozone/integration-test/target/test-dir/MiniOzoneClusterImpl-86ab02b3-fe0f-4689-9ef5-b2acbd941c82/datanode-0/data/ratis/9452ae90-ac98-4d96-a60b-d76904c98f8c does not exist. Creating ...
2019-10-02 07:39:37,973 [pool-121-thread-1] INFO  storage.RaftStorageDirectory (RaftStorageDirectory.java:tryLock(328)) - Lock on /workdir/hadoop-ozone/integration-test/target/test-dir/MiniOzoneClusterImpl-86ab02b3-fe0f-4689-9ef5-b2acbd941c82/datanode-0/data/ratis/9452ae90-ac98-4d96-a60b-d76904c98f8c/in_use.lock acquired by nodename 1188@pr-trunk-8bg6x-723665176
2019-10-02 07:39:37,986 [pool-121-thread-1] INFO  storage.RaftStorage (RaftStorage.java:format(84)) - Storage directory /workdir/hadoop-ozone/integration-test/target/test-dir/MiniOzoneClusterImpl-86ab02b3-fe0f-4689-9ef5-b2acbd941c82/datanode-0/data/ratis/9452ae90-ac98-4d96-a60b-d76904c98f8c has been successfully formatted.
2019-10-02 07:39:37,986 [pool-121-thread-1] INFO  ratis.ContainerStateMachine (ContainerStateMachine.java:loadSnapshot(231)) - group-D76904C98F8C: The snapshot info is null. Setting the last applied indexto:(t:0, i:~)
2019-10-02 07:39:37,986 [pool-121-thread-1] INFO  server.RaftServerConfigKeys (ConfUtils.java:logGet(43)) - raft.server.notification.no-leader.timeout = 120s (custom)
2019-10-02 07:39:37,987 [pool-121-thread-1] INFO  server.RaftServerConfigKeys (ConfUtils.java:logGet(43)) - raft.server.log.use.memory = false (default)
2019-10-02 07:39:37,987 [pool-121-thread-1] INFO  server.RaftServerConfigKeys (ConfUtils.java:logGet(43)) - raft.server.log.purge.gap = 1000000 (custom)
2019-10-02 07:39:37,987 [pool-121-thread-1] INFO  server.RaftServerConfigKeys (ConfUtils.java:logGet(43)) - raft.server.log.appender.buffer.byte-limit = 33554432 (custom)
2019-10-02 07:39:37,987 [pool-121-thread-1] INFO  server.RaftServerConfigKeys (ConfUtils.java:logGet(43)) - raft.server.log.segment.size.max = 1048576 (custom)
2019-10-02 07:39:37,990 [pool-121-thread-1] INFO  server.RaftServerConfigKeys (ConfUtils.java:logGet(43)) - raft.server.log.segment.cache.num.max = 2 (custom)
2019-10-02 07:39:37,990 [pool-121-thread-1] INFO  segmented.SegmentedRaftLogWorker (SegmentedRaftLogWorker.java:<init>(173)) - new 003c0b2c-9291-471c-a534-75bc80e0ebc2@group-D76904C98F8C-SegmentedRaftLogWorker for RaftStorage:Storage Directory /workdir/hadoop-ozone/integration-test/target/test-dir/MiniOzoneClusterImpl-86ab02b3-fe0f-4689-9ef5-b2acbd941c82/datanode-0/data/ratis/9452ae90-ac98-4d96-a60b-d76904c98f8c
2019-10-02 07:39:37,990 [pool-121-thread-1] INFO  server.RaftServerConfigKeys (ConfUtils.java:logGet(43)) - raft.server.log.queue.byte-limit = 2147483647 (custom)
2019-10-02 07:39:37,991 [pool-121-thread-1] INFO  server.RaftServerConfigKeys (ConfUtils.java:logGet(43)) - raft.server.log.queue.element-limit = 1024 (custom)
2019-10-02 07:39:37,991 [pool-121-thread-1] INFO  server.RaftServerConfigKeys (ConfUtils.java:logGet(43)) - raft.server.log.segment.size.max = 1048576 (custom)
2019-10-02 07:39:37,991 [pool-121-thread-1] INFO  server.RaftServerConfigKeys (ConfUtils.java:logGet(43)) - raft.server.log.preallocated.size = 16384 (custom)
2019-10-02 07:39:37,991 [pool-121-thread-1] INFO  server.RaftServerConfigKeys (ConfUtils.java:logGet(43)) - raft.server.log.write.buffer.size = 33554432 (custom)
2019-10-02 07:39:37,991 [pool-121-thread-1] INFO  server.RaftServerConfigKeys (ConfUtils.java:logGet(43)) - raft.server.log.force.sync.num = 128 (default)
2019-10-02 07:39:37,991 [pool-121-thread-1] INFO  server.RaftServerConfigKeys (ConfUtils.java:logGet(43)) - raft.server.log.statemachine.data.sync = true (default)
2019-10-02 07:39:37,991 [pool-121-thread-1] INFO  server.RaftServerConfigKeys (ConfUtils.java:logGet(43)) - raft.server.log.statemachine.data.sync.timeout = 10s (default)
2019-10-02 07:39:37,992 [pool-121-thread-1] INFO  server.RaftServerConfigKeys (ConfUtils.java:logGet(43)) - raft.server.log.statemachine.data.sync.timeout.retry = -1 (default)
2019-10-02 07:39:37,992 [pool-121-thread-1] INFO  server.RaftServerConfigKeys (ConfUtils.java:logGet(43)) - raft.server.log.statemachine.data.caching.enabled = true (custom)
2019-10-02 07:39:37,993 [pool-121-thread-1] INFO  segmented.SegmentedRaftLogWorker (SegmentedRaftLogWorker.java:lambda$new$0(128)) - 003c0b2c-9291-471c-a534-75bc80e0ebc2@group-D76904C98F8C-SegmentedRaftLogWorker: flushIndex: setUnconditionally 0 -> -1
2019-10-02 07:39:37,993 [pool-121-thread-1] INFO  server.RaftServerConfigKeys (ConfUtils.java:logGet(43)) - raft.server.snapshot.auto.trigger.enabled = true (custom)
2019-10-02 07:39:37,993 [pool-121-thread-1] INFO  server.RaftServerConfigKeys (ConfUtils.java:logGet(43)) - raft.server.snapshot.auto.trigger.threshold = 10000 (custom)
2019-10-02 07:39:37,993 [pool-121-thread-1] INFO  server.RaftServerConfigKeys (ConfUtils.java:logGet(43)) - raft.server.snapshot.retention.file.num = 5 (custom)
2019-10-02 07:39:37,994 [pool-121-thread-1] INFO  server.RaftServerConfigKeys (ConfUtils.java:logGet(43)) - raft.server.retrycache.expirytime = 600000ms (custom)
2019-10-02 07:39:37,996 [IPC Server handler 2 on 40808] INFO  net.NetworkTopology (NetworkTopologyImpl.java:add(111)) - Added a new node: /default-rack/50e37c97-987b-45d1-861c-706b55a6aef7
2019-10-02 07:39:37,996 [IPC Server handler 2 on 40808] INFO  node.SCMNodeManager (SCMNodeManager.java:register(266)) - Registered Data node : 50e37c97-987b-45d1-861c-706b55a6aef7{ip: 192.168.5.178, host: pr-trunk-8bg6x-723665176, networkLocation: /default-rack, certSerialId: null}
2019-10-02 07:39:37,996 [pool-121-thread-1] INFO  impl.RaftServerImpl (RaftServerImpl.java:start(181)) - 003c0b2c-9291-471c-a534-75bc80e0ebc2@group-D76904C98F8C: start as a follower, conf=-1: [003c0b2c-9291-471c-a534-75bc80e0ebc2:192.168.5.178:36079], old=null
2019-10-02 07:39:37,997 [pool-121-thread-1] INFO  impl.RaftServerImpl (RaftServerImpl.java:setRole(170)) - 003c0b2c-9291-471c-a534-75bc80e0ebc2@group-D76904C98F8C: changes role from      null to FOLLOWER at term 0 for startAsFollower
2019-10-02 07:39:37,997 [pool-121-thread-1] INFO  impl.RoleInfo (RoleInfo.java:updateAndGet(143)) - 003c0b2c-9291-471c-a534-75bc80e0ebc2: start FollowerState
2019-10-02 07:39:37,997 [pool-121-thread-1] INFO  util.JmxRegister (JmxRegister.java:tryRegister(44)) - Successfully registered JMX Bean with object name Ratis:service=RaftServer,group=group-D76904C98F8C,id=003c0b2c-9291-471c-a534-75bc80e0ebc2
2019-10-02 07:39:38,004 [RatisPipelineUtilsThread] INFO  pipeline.PipelineStateManager (PipelineStateManager.java:addPipeline(56)) - Created pipeline Pipeline[ Id: 9452ae90-ac98-4d96-a60b-d76904c98f8c, Nodes: 003c0b2c-9291-471c-a534-75bc80e0ebc2{ip: 192.168.5.178, host: pr-trunk-8bg6x-723665176, networkLocation: /default-rack, certSerialId: null}, Type:RATIS, Factor:ONE, State:OPEN]
2019-10-02 07:39:38,012 [grpc-default-executor-16] INFO  impl.RaftServerProxy (RaftServerProxy.java:addNew(89)) - 50e37c97-987b-45d1-861c-706b55a6aef7: addNew group-2622B554C9B5:[50e37c97-987b-45d1-861c-706b55a6aef7:192.168.5.178:44066] returns group-2622B554C9B5:java.util.concurrent.CompletableFuture@5de5cfab[Not completed]
2019-10-02 07:39:38,016 [pool-131-thread-1] INFO  impl.RaftServerImpl (RaftServerImpl.java:<init>(95)) - 50e37c97-987b-45d1-861c-706b55a6aef7: new RaftServerImpl for group-2622B554C9B5:[50e37c97-987b-45d1-861c-706b55a6aef7:192.168.5.178:44066] with ContainerStateMachine:uninitialized
2019-10-02 07:39:38,017 [pool-131-thread-1] INFO  server.RaftServerConfigKeys (ConfUtils.java:logGet(43)) - raft.server.rpc.timeout.min = 5s (custom)
2019-10-02 07:39:38,017 [pool-131-thread-1] INFO  server.RaftServerConfigKeys (ConfUtils.java:logGet(43)) - raft.server.rpc.timeout.max = 5200ms (custom)
2019-10-02 07:39:38,017 [pool-131-thread-1] INFO  server.RaftServerConfigKeys (ConfUtils.java:logGet(43)) - raft.server.rpcslowness.timeout = 120s (custom)
2019-10-02 07:39:38,017 [pool-131-thread-1] INFO  server.RaftServerConfigKeys (ConfUtils.java:logGet(43)) - raft.server.sleep.deviation.threshold = 300 (default)
2019-10-02 07:39:38,017 [pool-131-thread-1] INFO  server.RaftServerConfigKeys (ConfUtils.java:logGet(43)) - raft.server.log.appender.install.snapshot.enabled = false (custom)
2019-10-02 07:39:38,017 [pool-131-thread-1] INFO  impl.RaftServerImpl (ServerState.java:<init>(103)) - 50e37c97-987b-45d1-861c-706b55a6aef7@group-2622B554C9B5: ConfigurationManager, init=-1: [50e37c97-987b-45d1-861c-706b55a6aef7:192.168.5.178:44066], old=null, confs=<EMPTY_MAP>
2019-10-02 07:39:38,017 [pool-131-thread-1] INFO  server.RaftServerConfigKeys (ConfUtils.java:logGet(43)) - raft.server.storage.dir = [/workdir/hadoop-ozone/integration-test/target/test-dir/MiniOzoneClusterImpl-86ab02b3-fe0f-4689-9ef5-b2acbd941c82/datanode-1/data/ratis] (custom)
2019-10-02 07:39:38,018 [pool-131-thread-1] INFO  server.RaftServerConfigKeys (ConfUtils.java:logGet(43)) - raft.server.log.corruption.policy = EXCEPTION (default)
2019-10-02 07:39:38,018 [pool-131-thread-1] INFO  storage.RaftStorageDirectory (RaftStorageDirectory.java:analyzeStorage(246)) - The storage directory /workdir/hadoop-ozone/integration-test/target/test-dir/MiniOzoneClusterImpl-86ab02b3-fe0f-4689-9ef5-b2acbd941c82/datanode-1/data/ratis/a7537ed5-f3d2-4359-b3a2-2622b554c9b5 does not exist. Creating ...
2019-10-02 07:39:38,031 [pool-131-thread-1] INFO  storage.RaftStorageDirectory (RaftStorageDirectory.java:tryLock(328)) - Lock on /workdir/hadoop-ozone/integration-test/target/test-dir/MiniOzoneClusterImpl-86ab02b3-fe0f-4689-9ef5-b2acbd941c82/datanode-1/data/ratis/a7537ed5-f3d2-4359-b3a2-2622b554c9b5/in_use.lock acquired by nodename 1188@pr-trunk-8bg6x-723665176
2019-10-02 07:39:38,045 [pool-131-thread-1] INFO  storage.RaftStorage (RaftStorage.java:format(84)) - Storage directory /workdir/hadoop-ozone/integration-test/target/test-dir/MiniOzoneClusterImpl-86ab02b3-fe0f-4689-9ef5-b2acbd941c82/datanode-1/data/ratis/a7537ed5-f3d2-4359-b3a2-2622b554c9b5 has been successfully formatted.
2019-10-02 07:39:38,045 [pool-131-thread-1] INFO  ratis.ContainerStateMachine (ContainerStateMachine.java:loadSnapshot(231)) - group-2622B554C9B5: The snapshot info is null. Setting the last applied indexto:(t:0, i:~)
2019-10-02 07:39:38,045 [pool-131-thread-1] INFO  server.RaftServerConfigKeys (ConfUtils.java:logGet(43)) - raft.server.notification.no-leader.timeout = 120s (custom)
2019-10-02 07:39:38,045 [pool-131-thread-1] INFO  server.RaftServerConfigKeys (ConfUtils.java:logGet(43)) - raft.server.log.use.memory = false (default)
2019-10-02 07:39:38,045 [pool-131-thread-1] INFO  server.RaftServerConfigKeys (ConfUtils.java:logGet(43)) - raft.server.log.purge.gap = 1000000 (custom)
2019-10-02 07:39:38,046 [pool-131-thread-1] INFO  server.RaftServerConfigKeys (ConfUtils.java:logGet(43)) - raft.server.log.appender.buffer.byte-limit = 33554432 (custom)
2019-10-02 07:39:38,046 [pool-131-thread-1] INFO  server.RaftServerConfigKeys (ConfUtils.java:logGet(43)) - raft.server.log.segment.size.max = 1048576 (custom)
2019-10-02 07:39:38,048 [pool-131-thread-1] INFO  server.RaftServerConfigKeys (ConfUtils.java:logGet(43)) - raft.server.log.segment.cache.num.max = 2 (custom)
2019-10-02 07:39:38,048 [pool-131-thread-1] INFO  segmented.SegmentedRaftLogWorker (SegmentedRaftLogWorker.java:<init>(173)) - new 50e37c97-987b-45d1-861c-706b55a6aef7@group-2622B554C9B5-SegmentedRaftLogWorker for RaftStorage:Storage Directory /workdir/hadoop-ozone/integration-test/target/test-dir/MiniOzoneClusterImpl-86ab02b3-fe0f-4689-9ef5-b2acbd941c82/datanode-1/data/ratis/a7537ed5-f3d2-4359-b3a2-2622b554c9b5
2019-10-02 07:39:38,048 [pool-131-thread-1] INFO  server.RaftServerConfigKeys (ConfUtils.java:logGet(43)) - raft.server.log.queue.byte-limit = 2147483647 (custom)
2019-10-02 07:39:38,048 [pool-131-thread-1] INFO  server.RaftServerConfigKeys (ConfUtils.java:logGet(43)) - raft.server.log.queue.element-limit = 1024 (custom)
2019-10-02 07:39:38,049 [pool-131-thread-1] INFO  server.RaftServerConfigKeys (ConfUtils.java:logGet(43)) - raft.server.log.segment.size.max = 1048576 (custom)
2019-10-02 07:39:38,049 [pool-131-thread-1] INFO  server.RaftServerConfigKeys (ConfUtils.java:logGet(43)) - raft.server.log.preallocated.size = 16384 (custom)
2019-10-02 07:39:38,049 [pool-131-thread-1] INFO  server.RaftServerConfigKeys (ConfUtils.java:logGet(43)) - raft.server.log.write.buffer.size = 33554432 (custom)
2019-10-02 07:39:38,049 [pool-131-thread-1] INFO  server.RaftServerConfigKeys (ConfUtils.java:logGet(43)) - raft.server.log.force.sync.num = 128 (default)
2019-10-02 07:39:38,049 [pool-131-thread-1] INFO  server.RaftServerConfigKeys (ConfUtils.java:logGet(43)) - raft.server.log.statemachine.data.sync = true (default)
2019-10-02 07:39:38,049 [pool-131-thread-1] INFO  server.RaftServerConfigKeys (ConfUtils.java:logGet(43)) - raft.server.log.statemachine.data.sync.timeout = 10s (default)
2019-10-02 07:39:38,049 [pool-131-thread-1] INFO  server.RaftServerConfigKeys (ConfUtils.java:logGet(43)) - raft.server.log.statemachine.data.sync.timeout.retry = -1 (default)
2019-10-02 07:39:38,050 [pool-131-thread-1] INFO  server.RaftServerConfigKeys (ConfUtils.java:logGet(43)) - raft.server.log.statemachine.data.caching.enabled = true (custom)
2019-10-02 07:39:38,050 [pool-131-thread-1] INFO  segmented.SegmentedRaftLogWorker (SegmentedRaftLogWorker.java:lambda$new$0(128)) - 50e37c97-987b-45d1-861c-706b55a6aef7@group-2622B554C9B5-SegmentedRaftLogWorker: flushIndex: setUnconditionally 0 -> -1
2019-10-02 07:39:38,050 [pool-131-thread-1] INFO  server.RaftServerConfigKeys (ConfUtils.java:logGet(43)) - raft.server.snapshot.auto.trigger.enabled = true (custom)
2019-10-02 07:39:38,051 [pool-131-thread-1] INFO  server.RaftServerConfigKeys (ConfUtils.java:logGet(43)) - raft.server.snapshot.auto.trigger.threshold = 10000 (custom)
2019-10-02 07:39:38,051 [pool-131-thread-1] INFO  server.RaftServerConfigKeys (ConfUtils.java:logGet(43)) - raft.server.snapshot.retention.file.num = 5 (custom)
2019-10-02 07:39:38,051 [pool-131-thread-1] INFO  server.RaftServerConfigKeys (ConfUtils.java:logGet(43)) - raft.server.retrycache.expirytime = 600000ms (custom)
2019-10-02 07:39:38,053 [pool-131-thread-1] INFO  impl.RaftServerImpl (RaftServerImpl.java:start(181)) - 50e37c97-987b-45d1-861c-706b55a6aef7@group-2622B554C9B5: start as a follower, conf=-1: [50e37c97-987b-45d1-861c-706b55a6aef7:192.168.5.178:44066], old=null
2019-10-02 07:39:38,053 [pool-131-thread-1] INFO  impl.RaftServerImpl (RaftServerImpl.java:setRole(170)) - 50e37c97-987b-45d1-861c-706b55a6aef7@group-2622B554C9B5: changes role from      null to FOLLOWER at term 0 for startAsFollower
2019-10-02 07:39:38,053 [pool-131-thread-1] INFO  impl.RoleInfo (RoleInfo.java:updateAndGet(143)) - 50e37c97-987b-45d1-861c-706b55a6aef7: start FollowerState
2019-10-02 07:39:38,054 [pool-131-thread-1] INFO  util.JmxRegister (JmxRegister.java:tryRegister(44)) - Successfully registered JMX Bean with object name Ratis:service=RaftServer,group=group-2622B554C9B5,id=50e37c97-987b-45d1-861c-706b55a6aef7
2019-10-02 07:39:38,058 [RatisPipelineUtilsThread] INFO  pipeline.PipelineStateManager (PipelineStateManager.java:addPipeline(56)) - Created pipeline Pipeline[ Id: a7537ed5-f3d2-4359-b3a2-2622b554c9b5, Nodes: 50e37c97-987b-45d1-861c-706b55a6aef7{ip: 192.168.5.178, host: pr-trunk-8bg6x-723665176, networkLocation: /default-rack, certSerialId: null}, Type:RATIS, Factor:ONE, State:OPEN]
2019-10-02 07:39:38,068 [IPC Server handler 9 on 40808] INFO  net.NetworkTopology (NetworkTopologyImpl.java:add(111)) - Added a new node: /default-rack/0e8c619e-d5cc-4692-a899-4ea542713226
2019-10-02 07:39:38,068 [IPC Server handler 9 on 40808] INFO  node.SCMNodeManager (SCMNodeManager.java:register(266)) - Registered Data node : 0e8c619e-d5cc-4692-a899-4ea542713226{ip: 192.168.5.178, host: pr-trunk-8bg6x-723665176, networkLocation: /default-rack, certSerialId: null}
2019-10-02 07:39:38,077 [grpc-default-executor-16] INFO  impl.RaftServerProxy (RaftServerProxy.java:addNew(89)) - 0e8c619e-d5cc-4692-a899-4ea542713226: addNew group-FF0DF9629A43:[0e8c619e-d5cc-4692-a899-4ea542713226:192.168.5.178:46783] returns group-FF0DF9629A43:java.util.concurrent.CompletableFuture@766bfa86[Not completed]
2019-10-02 07:39:38,083 [pool-141-thread-1] INFO  impl.RaftServerImpl (RaftServerImpl.java:<init>(95)) - 0e8c619e-d5cc-4692-a899-4ea542713226: new RaftServerImpl for group-FF0DF9629A43:[0e8c619e-d5cc-4692-a899-4ea542713226:192.168.5.178:46783] with ContainerStateMachine:uninitialized
2019-10-02 07:39:38,083 [pool-141-thread-1] INFO  server.RaftServerConfigKeys (ConfUtils.java:logGet(43)) - raft.server.rpc.timeout.min = 5s (custom)
2019-10-02 07:39:38,083 [pool-141-thread-1] INFO  server.RaftServerConfigKeys (ConfUtils.java:logGet(43)) - raft.server.rpc.timeout.max = 5200ms (custom)
2019-10-02 07:39:38,083 [pool-141-thread-1] INFO  server.RaftServerConfigKeys (ConfUtils.java:logGet(43)) - raft.server.rpcslowness.timeout = 120s (custom)
2019-10-02 07:39:38,083 [pool-141-thread-1] INFO  server.RaftServerConfigKeys (ConfUtils.java:logGet(43)) - raft.server.sleep.deviation.threshold = 300 (default)
2019-10-02 07:39:38,083 [pool-141-thread-1] INFO  server.RaftServerConfigKeys (ConfUtils.java:logGet(43)) - raft.server.log.appender.install.snapshot.enabled = false (custom)
2019-10-02 07:39:38,084 [pool-141-thread-1] INFO  impl.RaftServerImpl (ServerState.java:<init>(103)) - 0e8c619e-d5cc-4692-a899-4ea542713226@group-FF0DF9629A43: ConfigurationManager, init=-1: [0e8c619e-d5cc-4692-a899-4ea542713226:192.168.5.178:46783], old=null, confs=<EMPTY_MAP>
2019-10-02 07:39:38,084 [pool-141-thread-1] INFO  server.RaftServerConfigKeys (ConfUtils.java:logGet(43)) - raft.server.storage.dir = [/workdir/hadoop-ozone/integration-test/target/test-dir/MiniOzoneClusterImpl-86ab02b3-fe0f-4689-9ef5-b2acbd941c82/datanode-2/data/ratis] (custom)
2019-10-02 07:39:38,084 [pool-141-thread-1] INFO  server.RaftServerConfigKeys (ConfUtils.java:logGet(43)) - raft.server.log.corruption.policy = EXCEPTION (default)
2019-10-02 07:39:38,084 [pool-141-thread-1] INFO  storage.RaftStorageDirectory (RaftStorageDirectory.java:analyzeStorage(246)) - The storage directory /workdir/hadoop-ozone/integration-test/target/test-dir/MiniOzoneClusterImpl-86ab02b3-fe0f-4689-9ef5-b2acbd941c82/datanode-2/data/ratis/1af9eabd-d902-4293-887e-ff0df9629a43 does not exist. Creating ...
2019-10-02 07:39:38,097 [pool-141-thread-1] INFO  storage.RaftStorageDirectory (RaftStorageDirectory.java:tryLock(328)) - Lock on /workdir/hadoop-ozone/integration-test/target/test-dir/MiniOzoneClusterImpl-86ab02b3-fe0f-4689-9ef5-b2acbd941c82/datanode-2/data/ratis/1af9eabd-d902-4293-887e-ff0df9629a43/in_use.lock acquired by nodename 1188@pr-trunk-8bg6x-723665176
2019-10-02 07:39:38,111 [pool-141-thread-1] INFO  storage.RaftStorage (RaftStorage.java:format(84)) - Storage directory /workdir/hadoop-ozone/integration-test/target/test-dir/MiniOzoneClusterImpl-86ab02b3-fe0f-4689-9ef5-b2acbd941c82/datanode-2/data/ratis/1af9eabd-d902-4293-887e-ff0df9629a43 has been successfully formatted.
2019-10-02 07:39:38,111 [pool-141-thread-1] INFO  ratis.ContainerStateMachine (ContainerStateMachine.java:loadSnapshot(231)) - group-FF0DF9629A43: The snapshot info is null. Setting the last applied indexto:(t:0, i:~)
2019-10-02 07:39:38,111 [pool-141-thread-1] INFO  server.RaftServerConfigKeys (ConfUtils.java:logGet(43)) - raft.server.notification.no-leader.timeout = 120s (custom)
2019-10-02 07:39:38,111 [pool-141-thread-1] INFO  server.RaftServerConfigKeys (ConfUtils.java:logGet(43)) - raft.server.log.use.memory = false (default)
2019-10-02 07:39:38,111 [pool-141-thread-1] INFO  server.RaftServerConfigKeys (ConfUtils.java:logGet(43)) - raft.server.log.purge.gap = 1000000 (custom)
2019-10-02 07:39:38,112 [pool-141-thread-1] INFO  server.RaftServerConfigKeys (ConfUtils.java:logGet(43)) - raft.server.log.appender.buffer.byte-limit = 33554432 (custom)
2019-10-02 07:39:38,112 [pool-141-thread-1] INFO  server.RaftServerConfigKeys (ConfUtils.java:logGet(43)) - raft.server.log.segment.size.max = 1048576 (custom)
2019-10-02 07:39:38,114 [pool-141-thread-1] INFO  server.RaftServerConfigKeys (ConfUtils.java:logGet(43)) - raft.server.log.segment.cache.num.max = 2 (custom)
2019-10-02 07:39:38,114 [pool-141-thread-1] INFO  segmented.SegmentedRaftLogWorker (SegmentedRaftLogWorker.java:<init>(173)) - new 0e8c619e-d5cc-4692-a899-4ea542713226@group-FF0DF9629A43-SegmentedRaftLogWorker for RaftStorage:Storage Directory /workdir/hadoop-ozone/integration-test/target/test-dir/MiniOzoneClusterImpl-86ab02b3-fe0f-4689-9ef5-b2acbd941c82/datanode-2/data/ratis/1af9eabd-d902-4293-887e-ff0df9629a43
2019-10-02 07:39:38,114 [pool-141-thread-1] INFO  server.RaftServerConfigKeys (ConfUtils.java:logGet(43)) - raft.server.log.queue.byte-limit = 2147483647 (custom)
2019-10-02 07:39:38,114 [pool-141-thread-1] INFO  server.RaftServerConfigKeys (ConfUtils.java:logGet(43)) - raft.server.log.queue.element-limit = 1024 (custom)
2019-10-02 07:39:38,114 [pool-141-thread-1] INFO  server.RaftServerConfigKeys (ConfUtils.java:logGet(43)) - raft.server.log.segment.size.max = 1048576 (custom)
2019-10-02 07:39:38,114 [pool-141-thread-1] INFO  server.RaftServerConfigKeys (ConfUtils.java:logGet(43)) - raft.server.log.preallocated.size = 16384 (custom)
2019-10-02 07:39:38,115 [pool-141-thread-1] INFO  server.RaftServerConfigKeys (ConfUtils.java:logGet(43)) - raft.server.log.write.buffer.size = 33554432 (custom)
2019-10-02 07:39:38,115 [pool-141-thread-1] INFO  server.RaftServerConfigKeys (ConfUtils.java:logGet(43)) - raft.server.log.force.sync.num = 128 (default)
2019-10-02 07:39:38,115 [pool-141-thread-1] INFO  server.RaftServerConfigKeys (ConfUtils.java:logGet(43)) - raft.server.log.statemachine.data.sync = true (default)
2019-10-02 07:39:38,115 [pool-141-thread-1] INFO  server.RaftServerConfigKeys (ConfUtils.java:logGet(43)) - raft.server.log.statemachine.data.sync.timeout = 10s (default)
2019-10-02 07:39:38,115 [pool-141-thread-1] INFO  server.RaftServerConfigKeys (ConfUtils.java:logGet(43)) - raft.server.log.statemachine.data.sync.timeout.retry = -1 (default)
2019-10-02 07:39:38,116 [pool-141-thread-1] INFO  server.RaftServerConfigKeys (ConfUtils.java:logGet(43)) - raft.server.log.statemachine.data.caching.enabled = true (custom)
2019-10-02 07:39:38,116 [pool-141-thread-1] INFO  segmented.SegmentedRaftLogWorker (SegmentedRaftLogWorker.java:lambda$new$0(128)) - 0e8c619e-d5cc-4692-a899-4ea542713226@group-FF0DF9629A43-SegmentedRaftLogWorker: flushIndex: setUnconditionally 0 -> -1
2019-10-02 07:39:38,116 [pool-141-thread-1] INFO  server.RaftServerConfigKeys (ConfUtils.java:logGet(43)) - raft.server.snapshot.auto.trigger.enabled = true (custom)
2019-10-02 07:39:38,117 [pool-141-thread-1] INFO  server.RaftServerConfigKeys (ConfUtils.java:logGet(43)) - raft.server.snapshot.auto.trigger.threshold = 10000 (custom)
2019-10-02 07:39:38,117 [pool-141-thread-1] INFO  server.RaftServerConfigKeys (ConfUtils.java:logGet(43)) - raft.server.snapshot.retention.file.num = 5 (custom)
2019-10-02 07:39:38,117 [pool-141-thread-1] INFO  server.RaftServerConfigKeys (ConfUtils.java:logGet(43)) - raft.server.retrycache.expirytime = 600000ms (custom)
2019-10-02 07:39:38,119 [pool-141-thread-1] INFO  impl.RaftServerImpl (RaftServerImpl.java:start(181)) - 0e8c619e-d5cc-4692-a899-4ea542713226@group-FF0DF9629A43: start as a follower, conf=-1: [0e8c619e-d5cc-4692-a899-4ea542713226:192.168.5.178:46783], old=null
2019-10-02 07:39:38,119 [pool-141-thread-1] INFO  impl.RaftServerImpl (RaftServerImpl.java:setRole(170)) - 0e8c619e-d5cc-4692-a899-4ea542713226@group-FF0DF9629A43: changes role from      null to FOLLOWER at term 0 for startAsFollower
2019-10-02 07:39:38,119 [pool-141-thread-1] INFO  impl.RoleInfo (RoleInfo.java:updateAndGet(143)) - 0e8c619e-d5cc-4692-a899-4ea542713226: start FollowerState
2019-10-02 07:39:38,120 [pool-141-thread-1] INFO  util.JmxRegister (JmxRegister.java:tryRegister(44)) - Successfully registered JMX Bean with object name Ratis:service=RaftServer,group=group-FF0DF9629A43,id=0e8c619e-d5cc-4692-a899-4ea542713226
2019-10-02 07:39:38,124 [RatisPipelineUtilsThread] INFO  pipeline.PipelineStateManager (PipelineStateManager.java:addPipeline(56)) - Created pipeline Pipeline[ Id: 1af9eabd-d902-4293-887e-ff0df9629a43, Nodes: 0e8c619e-d5cc-4692-a899-4ea542713226{ip: 192.168.5.178, host: pr-trunk-8bg6x-723665176, networkLocation: /default-rack, certSerialId: null}, Type:RATIS, Factor:ONE, State:OPEN]
2019-10-02 07:39:38,135 [IPC Server handler 10 on 40808] INFO  net.NetworkTopology (NetworkTopologyImpl.java:add(111)) - Added a new node: /default-rack/1b7d02a1-4da6-4721-8686-69cf33273127
2019-10-02 07:39:38,135 [IPC Server handler 10 on 40808] INFO  node.SCMNodeManager (SCMNodeManager.java:register(266)) - Registered Data node : 1b7d02a1-4da6-4721-8686-69cf33273127{ip: 192.168.5.178, host: pr-trunk-8bg6x-723665176, networkLocation: /default-rack, certSerialId: null}
2019-10-02 07:39:38,136 [grpc-default-executor-10] INFO  impl.RaftServerProxy (RaftServerProxy.java:addNew(89)) - 0e8c619e-d5cc-4692-a899-4ea542713226: addNew group-1568508E349A:[003c0b2c-9291-471c-a534-75bc80e0ebc2:192.168.5.178:36079, 0e8c619e-d5cc-4692-a899-4ea542713226:192.168.5.178:46783, 50e37c97-987b-45d1-861c-706b55a6aef7:192.168.5.178:44066] returns group-1568508E349A:java.util.concurrent.CompletableFuture@1c6647b3[Not completed]
2019-10-02 07:39:38,136 [grpc-default-executor-16] INFO  impl.RaftServerProxy (RaftServerProxy.java:addNew(89)) - 003c0b2c-9291-471c-a534-75bc80e0ebc2: addNew group-1568508E349A:[003c0b2c-9291-471c-a534-75bc80e0ebc2:192.168.5.178:36079, 0e8c619e-d5cc-4692-a899-4ea542713226:192.168.5.178:46783, 50e37c97-987b-45d1-861c-706b55a6aef7:192.168.5.178:44066] returns group-1568508E349A:java.util.concurrent.CompletableFuture@71b42fbd[Not completed]
2019-10-02 07:39:38,137 [grpc-default-executor-8] INFO  impl.RaftServerProxy (RaftServerProxy.java:addNew(89)) - 50e37c97-987b-45d1-861c-706b55a6aef7: addNew group-1568508E349A:[003c0b2c-9291-471c-a534-75bc80e0ebc2:192.168.5.178:36079, 0e8c619e-d5cc-4692-a899-4ea542713226:192.168.5.178:46783, 50e37c97-987b-45d1-861c-706b55a6aef7:192.168.5.178:44066] returns group-1568508E349A:java.util.concurrent.CompletableFuture@579cb33a[Not completed]
2019-10-02 07:39:38,137 [pool-141-thread-1] INFO  impl.RaftServerImpl (RaftServerImpl.java:<init>(95)) - 0e8c619e-d5cc-4692-a899-4ea542713226: new RaftServerImpl for group-1568508E349A:[003c0b2c-9291-471c-a534-75bc80e0ebc2:192.168.5.178:36079, 0e8c619e-d5cc-4692-a899-4ea542713226:192.168.5.178:46783, 50e37c97-987b-45d1-861c-706b55a6aef7:192.168.5.178:44066] with ContainerStateMachine:uninitialized
2019-10-02 07:39:38,137 [pool-141-thread-1] INFO  server.RaftServerConfigKeys (ConfUtils.java:logGet(43)) - raft.server.rpc.timeout.min = 5s (custom)
2019-10-02 07:39:38,137 [pool-141-thread-1] INFO  server.RaftServerConfigKeys (ConfUtils.java:logGet(43)) - raft.server.rpc.timeout.max = 5200ms (custom)
2019-10-02 07:39:38,137 [pool-141-thread-1] INFO  server.RaftServerConfigKeys (ConfUtils.java:logGet(43)) - raft.server.rpcslowness.timeout = 120s (custom)
2019-10-02 07:39:38,138 [pool-141-thread-1] INFO  server.RaftServerConfigKeys (ConfUtils.java:logGet(43)) - raft.server.sleep.deviation.threshold = 300 (default)
2019-10-02 07:39:38,138 [pool-141-thread-1] INFO  server.RaftServerConfigKeys (ConfUtils.java:logGet(43)) - raft.server.log.appender.install.snapshot.enabled = false (custom)
2019-10-02 07:39:38,138 [pool-141-thread-1] INFO  impl.RaftServerImpl (ServerState.java:<init>(103)) - 0e8c619e-d5cc-4692-a899-4ea542713226@group-1568508E349A: ConfigurationManager, init=-1: [003c0b2c-9291-471c-a534-75bc80e0ebc2:192.168.5.178:36079, 0e8c619e-d5cc-4692-a899-4ea542713226:192.168.5.178:46783, 50e37c97-987b-45d1-861c-706b55a6aef7:192.168.5.178:44066], old=null, confs=<EMPTY_MAP>
2019-10-02 07:39:38,138 [pool-131-thread-1] INFO  impl.RaftServerImpl (RaftServerImpl.java:<init>(95)) - 50e37c97-987b-45d1-861c-706b55a6aef7: new RaftServerImpl for group-1568508E349A:[003c0b2c-9291-471c-a534-75bc80e0ebc2:192.168.5.178:36079, 0e8c619e-d5cc-4692-a899-4ea542713226:192.168.5.178:46783, 50e37c97-987b-45d1-861c-706b55a6aef7:192.168.5.178:44066] with ContainerStateMachine:uninitialized
2019-10-02 07:39:38,138 [pool-141-thread-1] INFO  server.RaftServerConfigKeys (ConfUtils.java:logGet(43)) - raft.server.storage.dir = [/workdir/hadoop-ozone/integration-test/target/test-dir/MiniOzoneClusterImpl-86ab02b3-fe0f-4689-9ef5-b2acbd941c82/datanode-2/data/ratis] (custom)
2019-10-02 07:39:38,138 [pool-131-thread-1] INFO  server.RaftServerConfigKeys (ConfUtils.java:logGet(43)) - raft.server.rpc.timeout.min = 5s (custom)
2019-10-02 07:39:38,138 [pool-131-thread-1] INFO  server.RaftServerConfigKeys (ConfUtils.java:logGet(43)) - raft.server.rpc.timeout.max = 5200ms (custom)
2019-10-02 07:39:38,138 [pool-141-thread-1] INFO  server.RaftServerConfigKeys (ConfUtils.java:logGet(43)) - raft.server.log.corruption.policy = EXCEPTION (default)
2019-10-02 07:39:38,138 [pool-121-thread-1] INFO  impl.RaftServerImpl (RaftServerImpl.java:<init>(95)) - 003c0b2c-9291-471c-a534-75bc80e0ebc2: new RaftServerImpl for group-1568508E349A:[003c0b2c-9291-471c-a534-75bc80e0ebc2:192.168.5.178:36079, 0e8c619e-d5cc-4692-a899-4ea542713226:192.168.5.178:46783, 50e37c97-987b-45d1-861c-706b55a6aef7:192.168.5.178:44066] with ContainerStateMachine:uninitialized
2019-10-02 07:39:38,138 [pool-131-thread-1] INFO  server.RaftServerConfigKeys (ConfUtils.java:logGet(43)) - raft.server.rpcslowness.timeout = 120s (custom)
2019-10-02 07:39:38,139 [pool-121-thread-1] INFO  server.RaftServerConfigKeys (ConfUtils.java:logGet(43)) - raft.server.rpc.timeout.min = 5s (custom)
2019-10-02 07:39:38,139 [pool-121-thread-1] INFO  server.RaftServerConfigKeys (ConfUtils.java:logGet(43)) - raft.server.rpc.timeout.max = 5200ms (custom)
2019-10-02 07:39:38,139 [pool-141-thread-1] INFO  storage.RaftStorageDirectory (RaftStorageDirectory.java:analyzeStorage(246)) - The storage directory /workdir/hadoop-ozone/integration-test/target/test-dir/MiniOzoneClusterImpl-86ab02b3-fe0f-4689-9ef5-b2acbd941c82/datanode-2/data/ratis/6bc51bee-50de-40c2-af58-1568508e349a does not exist. Creating ...
2019-10-02 07:39:38,139 [pool-121-thread-1] INFO  server.RaftServerConfigKeys (ConfUtils.java:logGet(43)) - raft.server.rpcslowness.timeout = 120s (custom)
2019-10-02 07:39:38,139 [pool-131-thread-1] INFO  server.RaftServerConfigKeys (ConfUtils.java:logGet(43)) - raft.server.sleep.deviation.threshold = 300 (default)
2019-10-02 07:39:38,139 [pool-121-thread-1] INFO  server.RaftServerConfigKeys (ConfUtils.java:logGet(43)) - raft.server.sleep.deviation.threshold = 300 (default)
2019-10-02 07:39:38,140 [pool-131-thread-1] INFO  server.RaftServerConfigKeys (ConfUtils.java:logGet(43)) - raft.server.log.appender.install.snapshot.enabled = false (custom)
2019-10-02 07:39:38,140 [pool-121-thread-1] INFO  server.RaftServerConfigKeys (ConfUtils.java:logGet(43)) - raft.server.log.appender.install.snapshot.enabled = false (custom)
2019-10-02 07:39:38,140 [pool-131-thread-1] INFO  impl.RaftServerImpl (ServerState.java:<init>(103)) - 50e37c97-987b-45d1-861c-706b55a6aef7@group-1568508E349A: ConfigurationManager, init=-1: [003c0b2c-9291-471c-a534-75bc80e0ebc2:192.168.5.178:36079, 0e8c619e-d5cc-4692-a899-4ea542713226:192.168.5.178:46783, 50e37c97-987b-45d1-861c-706b55a6aef7:192.168.5.178:44066], old=null, confs=<EMPTY_MAP>
2019-10-02 07:39:38,140 [pool-121-thread-1] INFO  impl.RaftServerImpl (ServerState.java:<init>(103)) - 003c0b2c-9291-471c-a534-75bc80e0ebc2@group-1568508E349A: ConfigurationManager, init=-1: [003c0b2c-9291-471c-a534-75bc80e0ebc2:192.168.5.178:36079, 0e8c619e-d5cc-4692-a899-4ea542713226:192.168.5.178:46783, 50e37c97-987b-45d1-861c-706b55a6aef7:192.168.5.178:44066], old=null, confs=<EMPTY_MAP>
2019-10-02 07:39:38,140 [pool-131-thread-1] INFO  server.RaftServerConfigKeys (ConfUtils.java:logGet(43)) - raft.server.storage.dir = [/workdir/hadoop-ozone/integration-test/target/test-dir/MiniOzoneClusterImpl-86ab02b3-fe0f-4689-9ef5-b2acbd941c82/datanode-1/data/ratis] (custom)
2019-10-02 07:39:38,140 [pool-121-thread-1] INFO  server.RaftServerConfigKeys (ConfUtils.java:logGet(43)) - raft.server.storage.dir = [/workdir/hadoop-ozone/integration-test/target/test-dir/MiniOzoneClusterImpl-86ab02b3-fe0f-4689-9ef5-b2acbd941c82/datanode-0/data/ratis] (custom)
2019-10-02 07:39:38,141 [pool-131-thread-1] INFO  server.RaftServerConfigKeys (ConfUtils.java:logGet(43)) - raft.server.log.corruption.policy = EXCEPTION (default)
2019-10-02 07:39:38,141 [pool-121-thread-1] INFO  server.RaftServerConfigKeys (ConfUtils.java:logGet(43)) - raft.server.log.corruption.policy = EXCEPTION (default)
2019-10-02 07:39:38,141 [pool-131-thread-1] INFO  storage.RaftStorageDirectory (RaftStorageDirectory.java:analyzeStorage(246)) - The storage directory /workdir/hadoop-ozone/integration-test/target/test-dir/MiniOzoneClusterImpl-86ab02b3-fe0f-4689-9ef5-b2acbd941c82/datanode-1/data/ratis/6bc51bee-50de-40c2-af58-1568508e349a does not exist. Creating ...
2019-10-02 07:39:38,141 [pool-121-thread-1] INFO  storage.RaftStorageDirectory (RaftStorageDirectory.java:analyzeStorage(246)) - The storage directory /workdir/hadoop-ozone/integration-test/target/test-dir/MiniOzoneClusterImpl-86ab02b3-fe0f-4689-9ef5-b2acbd941c82/datanode-0/data/ratis/6bc51bee-50de-40c2-af58-1568508e349a does not exist. Creating ...
2019-10-02 07:39:38,153 [pool-131-thread-1] INFO  storage.RaftStorageDirectory (RaftStorageDirectory.java:tryLock(328)) - Lock on /workdir/hadoop-ozone/integration-test/target/test-dir/MiniOzoneClusterImpl-86ab02b3-fe0f-4689-9ef5-b2acbd941c82/datanode-1/data/ratis/6bc51bee-50de-40c2-af58-1568508e349a/in_use.lock acquired by nodename 1188@pr-trunk-8bg6x-723665176
2019-10-02 07:39:38,153 [pool-121-thread-1] INFO  storage.RaftStorageDirectory (RaftStorageDirectory.java:tryLock(328)) - Lock on /workdir/hadoop-ozone/integration-test/target/test-dir/MiniOzoneClusterImpl-86ab02b3-fe0f-4689-9ef5-b2acbd941c82/datanode-0/data/ratis/6bc51bee-50de-40c2-af58-1568508e349a/in_use.lock acquired by nodename 1188@pr-trunk-8bg6x-723665176
2019-10-02 07:39:38,153 [pool-141-thread-1] INFO  storage.RaftStorageDirectory (RaftStorageDirectory.java:tryLock(328)) - Lock on /workdir/hadoop-ozone/integration-test/target/test-dir/MiniOzoneClusterImpl-86ab02b3-fe0f-4689-9ef5-b2acbd941c82/datanode-2/data/ratis/6bc51bee-50de-40c2-af58-1568508e349a/in_use.lock acquired by nodename 1188@pr-trunk-8bg6x-723665176
2019-10-02 07:39:38,167 [pool-141-thread-1] INFO  storage.RaftStorage (RaftStorage.java:format(84)) - Storage directory /workdir/hadoop-ozone/integration-test/target/test-dir/MiniOzoneClusterImpl-86ab02b3-fe0f-4689-9ef5-b2acbd941c82/datanode-2/data/ratis/6bc51bee-50de-40c2-af58-1568508e349a has been successfully formatted.
2019-10-02 07:39:38,167 [pool-131-thread-1] INFO  storage.RaftStorage (RaftStorage.java:format(84)) - Storage directory /workdir/hadoop-ozone/integration-test/target/test-dir/MiniOzoneClusterImpl-86ab02b3-fe0f-4689-9ef5-b2acbd941c82/datanode-1/data/ratis/6bc51bee-50de-40c2-af58-1568508e349a has been successfully formatted.
2019-10-02 07:39:38,167 [pool-121-thread-1] INFO  storage.RaftStorage (RaftStorage.java:format(84)) - Storage directory /workdir/hadoop-ozone/integration-test/target/test-dir/MiniOzoneClusterImpl-86ab02b3-fe0f-4689-9ef5-b2acbd941c82/datanode-0/data/ratis/6bc51bee-50de-40c2-af58-1568508e349a has been successfully formatted.
2019-10-02 07:39:38,167 [pool-131-thread-1] INFO  ratis.ContainerStateMachine (ContainerStateMachine.java:loadSnapshot(231)) - group-1568508E349A: The snapshot info is null. Setting the last applied indexto:(t:0, i:~)
2019-10-02 07:39:38,167 [pool-121-thread-1] INFO  ratis.ContainerStateMachine (ContainerStateMachine.java:loadSnapshot(231)) - group-1568508E349A: The snapshot info is null. Setting the last applied indexto:(t:0, i:~)
2019-10-02 07:39:38,167 [pool-141-thread-1] INFO  ratis.ContainerStateMachine (ContainerStateMachine.java:loadSnapshot(231)) - group-1568508E349A: The snapshot info is null. Setting the last applied indexto:(t:0, i:~)
2019-10-02 07:39:38,168 [pool-121-thread-1] INFO  server.RaftServerConfigKeys (ConfUtils.java:logGet(43)) - raft.server.notification.no-leader.timeout = 120s (custom)
2019-10-02 07:39:38,167 [pool-131-thread-1] INFO  server.RaftServerConfigKeys (ConfUtils.java:logGet(43)) - raft.server.notification.no-leader.timeout = 120s (custom)
2019-10-02 07:39:38,168 [pool-121-thread-1] INFO  server.RaftServerConfigKeys (ConfUtils.java:logGet(43)) - raft.server.log.use.memory = false (default)
2019-10-02 07:39:38,168 [pool-141-thread-1] INFO  server.RaftServerConfigKeys (ConfUtils.java:logGet(43)) - raft.server.notification.no-leader.timeout = 120s (custom)
2019-10-02 07:39:38,168 [pool-121-thread-1] INFO  server.RaftServerConfigKeys (ConfUtils.java:logGet(43)) - raft.server.log.purge.gap = 1000000 (custom)
2019-10-02 07:39:38,168 [pool-121-thread-1] INFO  server.RaftServerConfigKeys (ConfUtils.java:logGet(43)) - raft.server.log.appender.buffer.byte-limit = 33554432 (custom)
2019-10-02 07:39:38,168 [pool-131-thread-1] INFO  server.RaftServerConfigKeys (ConfUtils.java:logGet(43)) - raft.server.log.use.memory = false (default)
2019-10-02 07:39:38,169 [pool-121-thread-1] INFO  server.RaftServerConfigKeys (ConfUtils.java:logGet(43)) - raft.server.log.segment.size.max = 1048576 (custom)
2019-10-02 07:39:38,168 [pool-141-thread-1] INFO  server.RaftServerConfigKeys (ConfUtils.java:logGet(43)) - raft.server.log.use.memory = false (default)
2019-10-02 07:39:38,169 [pool-121-thread-1] INFO  server.RaftServerConfigKeys (ConfUtils.java:logGet(43)) - raft.server.log.segment.cache.num.max = 2 (custom)
2019-10-02 07:39:38,169 [pool-131-thread-1] INFO  server.RaftServerConfigKeys (ConfUtils.java:logGet(43)) - raft.server.log.purge.gap = 1000000 (custom)
2019-10-02 07:39:38,169 [pool-121-thread-1] INFO  segmented.SegmentedRaftLogWorker (SegmentedRaftLogWorker.java:<init>(173)) - new 003c0b2c-9291-471c-a534-75bc80e0ebc2@group-1568508E349A-SegmentedRaftLogWorker for RaftStorage:Storage Directory /workdir/hadoop-ozone/integration-test/target/test-dir/MiniOzoneClusterImpl-86ab02b3-fe0f-4689-9ef5-b2acbd941c82/datanode-0/data/ratis/6bc51bee-50de-40c2-af58-1568508e349a
2019-10-02 07:39:38,169 [pool-141-thread-1] INFO  server.RaftServerConfigKeys (ConfUtils.java:logGet(43)) - raft.server.log.purge.gap = 1000000 (custom)
2019-10-02 07:39:38,170 [pool-121-thread-1] INFO  server.RaftServerConfigKeys (ConfUtils.java:logGet(43)) - raft.server.log.queue.byte-limit = 2147483647 (custom)
2019-10-02 07:39:38,169 [pool-131-thread-1] INFO  server.RaftServerConfigKeys (ConfUtils.java:logGet(43)) - raft.server.log.appender.buffer.byte-limit = 33554432 (custom)
2019-10-02 07:39:38,170 [pool-121-thread-1] INFO  server.RaftServerConfigKeys (ConfUtils.java:logGet(43)) - raft.server.log.queue.element-limit = 1024 (custom)
2019-10-02 07:39:38,170 [pool-141-thread-1] INFO  server.RaftServerConfigKeys (ConfUtils.java:logGet(43)) - raft.server.log.appender.buffer.byte-limit = 33554432 (custom)
2019-10-02 07:39:38,170 [pool-121-thread-1] INFO  server.RaftServerConfigKeys (ConfUtils.java:logGet(43)) - raft.server.log.segment.size.max = 1048576 (custom)
2019-10-02 07:39:38,170 [pool-121-thread-1] INFO  server.RaftServerConfigKeys (ConfUtils.java:logGet(43)) - raft.server.log.preallocated.size = 16384 (custom)
2019-10-02 07:39:38,170 [pool-131-thread-1] INFO  server.RaftServerConfigKeys (ConfUtils.java:logGet(43)) - raft.server.log.segment.size.max = 1048576 (custom)
2019-10-02 07:39:38,171 [pool-121-thread-1] INFO  server.RaftServerConfigKeys (ConfUtils.java:logGet(43)) - raft.server.log.write.buffer.size = 33554432 (custom)
2019-10-02 07:39:38,170 [pool-141-thread-1] INFO  server.RaftServerConfigKeys (ConfUtils.java:logGet(43)) - raft.server.log.segment.size.max = 1048576 (custom)
2019-10-02 07:39:38,171 [pool-121-thread-1] INFO  server.RaftServerConfigKeys (ConfUtils.java:logGet(43)) - raft.server.log.force.sync.num = 128 (default)
2019-10-02 07:39:38,171 [pool-131-thread-1] INFO  server.RaftServerConfigKeys (ConfUtils.java:logGet(43)) - raft.server.log.segment.cache.num.max = 2 (custom)
2019-10-02 07:39:38,171 [pool-121-thread-1] INFO  server.RaftServerConfigKeys (ConfUtils.java:logGet(43)) - raft.server.log.statemachine.data.sync = true (default)
2019-10-02 07:39:38,171 [pool-141-thread-1] INFO  server.RaftServerConfigKeys (ConfUtils.java:logGet(43)) - raft.server.log.segment.cache.num.max = 2 (custom)
2019-10-02 07:39:38,172 [pool-121-thread-1] INFO  server.RaftServerConfigKeys (ConfUtils.java:logGet(43)) - raft.server.log.statemachine.data.sync.timeout = 10s (default)
2019-10-02 07:39:38,171 [pool-131-thread-1] INFO  segmented.SegmentedRaftLogWorker (SegmentedRaftLogWorker.java:<init>(173)) - new 50e37c97-987b-45d1-861c-706b55a6aef7@group-1568508E349A-SegmentedRaftLogWorker for RaftStorage:Storage Directory /workdir/hadoop-ozone/integration-test/target/test-dir/MiniOzoneClusterImpl-86ab02b3-fe0f-4689-9ef5-b2acbd941c82/datanode-1/data/ratis/6bc51bee-50de-40c2-af58-1568508e349a
2019-10-02 07:39:38,172 [pool-121-thread-1] INFO  server.RaftServerConfigKeys (ConfUtils.java:logGet(43)) - raft.server.log.statemachine.data.sync.timeout.retry = -1 (default)
2019-10-02 07:39:38,172 [pool-141-thread-1] INFO  segmented.SegmentedRaftLogWorker (SegmentedRaftLogWorker.java:<init>(173)) - new 0e8c619e-d5cc-4692-a899-4ea542713226@group-1568508E349A-SegmentedRaftLogWorker for RaftStorage:Storage Directory /workdir/hadoop-ozone/integration-test/target/test-dir/MiniOzoneClusterImpl-86ab02b3-fe0f-4689-9ef5-b2acbd941c82/datanode-2/data/ratis/6bc51bee-50de-40c2-af58-1568508e349a
2019-10-02 07:39:38,172 [pool-121-thread-1] INFO  server.RaftServerConfigKeys (ConfUtils.java:logGet(43)) - raft.server.log.statemachine.data.caching.enabled = true (custom)
2019-10-02 07:39:38,172 [pool-131-thread-1] INFO  server.RaftServerConfigKeys (ConfUtils.java:logGet(43)) - raft.server.log.queue.byte-limit = 2147483647 (custom)
2019-10-02 07:39:38,173 [pool-121-thread-1] INFO  segmented.SegmentedRaftLogWorker (SegmentedRaftLogWorker.java:lambda$new$0(128)) - 003c0b2c-9291-471c-a534-75bc80e0ebc2@group-1568508E349A-SegmentedRaftLogWorker: flushIndex: setUnconditionally 0 -> -1
2019-10-02 07:39:38,172 [pool-141-thread-1] INFO  server.RaftServerConfigKeys (ConfUtils.java:logGet(43)) - raft.server.log.queue.byte-limit = 2147483647 (custom)
2019-10-02 07:39:38,173 [pool-131-thread-1] INFO  server.RaftServerConfigKeys (ConfUtils.java:logGet(43)) - raft.server.log.queue.element-limit = 1024 (custom)
2019-10-02 07:39:38,173 [pool-121-thread-1] INFO  server.RaftServerConfigKeys (ConfUtils.java:logGet(43)) - raft.server.snapshot.auto.trigger.enabled = true (custom)
2019-10-02 07:39:38,173 [pool-141-thread-1] INFO  server.RaftServerConfigKeys (ConfUtils.java:logGet(43)) - raft.server.log.queue.element-limit = 1024 (custom)
2019-10-02 07:39:38,173 [pool-121-thread-1] INFO  server.RaftServerConfigKeys (ConfUtils.java:logGet(43)) - raft.server.snapshot.auto.trigger.threshold = 10000 (custom)
2019-10-02 07:39:38,173 [pool-131-thread-1] INFO  server.RaftServerConfigKeys (ConfUtils.java:logGet(43)) - raft.server.log.segment.size.max = 1048576 (custom)
2019-10-02 07:39:38,174 [pool-121-thread-1] INFO  server.RaftServerConfigKeys (ConfUtils.java:logGet(43)) - raft.server.snapshot.retention.file.num = 5 (custom)
2019-10-02 07:39:38,173 [pool-141-thread-1] INFO  server.RaftServerConfigKeys (ConfUtils.java:logGet(43)) - raft.server.log.segment.size.max = 1048576 (custom)
2019-10-02 07:39:38,174 [pool-121-thread-1] INFO  server.RaftServerConfigKeys (ConfUtils.java:logGet(43)) - raft.server.retrycache.expirytime = 600000ms (custom)
2019-10-02 07:39:38,174 [pool-131-thread-1] INFO  server.RaftServerConfigKeys (ConfUtils.java:logGet(43)) - raft.server.log.preallocated.size = 16384 (custom)
2019-10-02 07:39:38,174 [pool-141-thread-1] INFO  server.RaftServerConfigKeys (ConfUtils.java:logGet(43)) - raft.server.log.preallocated.size = 16384 (custom)
2019-10-02 07:39:38,174 [pool-131-thread-1] INFO  server.RaftServerConfigKeys (ConfUtils.java:logGet(43)) - raft.server.log.write.buffer.size = 33554432 (custom)
2019-10-02 07:39:38,174 [pool-141-thread-1] INFO  server.RaftServerConfigKeys (ConfUtils.java:logGet(43)) - raft.server.log.write.buffer.size = 33554432 (custom)
2019-10-02 07:39:38,175 [pool-131-thread-1] INFO  server.RaftServerConfigKeys (ConfUtils.java:logGet(43)) - raft.server.log.force.sync.num = 128 (default)
2019-10-02 07:39:38,175 [pool-141-thread-1] INFO  server.RaftServerConfigKeys (ConfUtils.java:logGet(43)) - raft.server.log.force.sync.num = 128 (default)
2019-10-02 07:39:38,175 [pool-131-thread-1] INFO  server.RaftServerConfigKeys (ConfUtils.java:logGet(43)) - raft.server.log.statemachine.data.sync = true (default)
2019-10-02 07:39:38,175 [pool-141-thread-1] INFO  server.RaftServerConfigKeys (ConfUtils.java:logGet(43)) - raft.server.log.statemachine.data.sync = true (default)
2019-10-02 07:39:38,175 [pool-131-thread-1] INFO  server.RaftServerConfigKeys (ConfUtils.java:logGet(43)) - raft.server.log.statemachine.data.sync.timeout = 10s (default)
2019-10-02 07:39:38,175 [pool-141-thread-1] INFO  server.RaftServerConfigKeys (ConfUtils.java:logGet(43)) - raft.server.log.statemachine.data.sync.timeout = 10s (default)
2019-10-02 07:39:38,175 [pool-131-thread-1] INFO  server.RaftServerConfigKeys (ConfUtils.java:logGet(43)) - raft.server.log.statemachine.data.sync.timeout.retry = -1 (default)
2019-10-02 07:39:38,176 [pool-141-thread-1] INFO  server.RaftServerConfigKeys (ConfUtils.java:logGet(43)) - raft.server.log.statemachine.data.sync.timeout.retry = -1 (default)
2019-10-02 07:39:38,176 [pool-131-thread-1] INFO  server.RaftServerConfigKeys (ConfUtils.java:logGet(43)) - raft.server.log.statemachine.data.caching.enabled = true (custom)
2019-10-02 07:39:38,176 [pool-141-thread-1] INFO  server.RaftServerConfigKeys (ConfUtils.java:logGet(43)) - raft.server.log.statemachine.data.caching.enabled = true (custom)
2019-10-02 07:39:38,176 [pool-131-thread-1] INFO  segmented.SegmentedRaftLogWorker (SegmentedRaftLogWorker.java:lambda$new$0(128)) - 50e37c97-987b-45d1-861c-706b55a6aef7@group-1568508E349A-SegmentedRaftLogWorker: flushIndex: setUnconditionally 0 -> -1
2019-10-02 07:39:38,176 [pool-141-thread-1] INFO  segmented.SegmentedRaftLogWorker (SegmentedRaftLogWorker.java:lambda$new$0(128)) - 0e8c619e-d5cc-4692-a899-4ea542713226@group-1568508E349A-SegmentedRaftLogWorker: flushIndex: setUnconditionally 0 -> -1
2019-10-02 07:39:38,176 [pool-121-thread-1] INFO  impl.RaftServerImpl (RaftServerImpl.java:start(181)) - 003c0b2c-9291-471c-a534-75bc80e0ebc2@group-1568508E349A: start as a follower, conf=-1: [003c0b2c-9291-471c-a534-75bc80e0ebc2:192.168.5.178:36079, 0e8c619e-d5cc-4692-a899-4ea542713226:192.168.5.178:46783, 50e37c97-987b-45d1-861c-706b55a6aef7:192.168.5.178:44066], old=null
2019-10-02 07:39:38,176 [pool-131-thread-1] INFO  server.RaftServerConfigKeys (ConfUtils.java:logGet(43)) - raft.server.snapshot.auto.trigger.enabled = true (custom)
2019-10-02 07:39:38,177 [pool-121-thread-1] INFO  impl.RaftServerImpl (RaftServerImpl.java:setRole(170)) - 003c0b2c-9291-471c-a534-75bc80e0ebc2@group-1568508E349A: changes role from      null to FOLLOWER at term 0 for startAsFollower
2019-10-02 07:39:38,177 [pool-141-thread-1] INFO  server.RaftServerConfigKeys (ConfUtils.java:logGet(43)) - raft.server.snapshot.auto.trigger.enabled = true (custom)
2019-10-02 07:39:38,177 [pool-121-thread-1] INFO  impl.RoleInfo (RoleInfo.java:updateAndGet(143)) - 003c0b2c-9291-471c-a534-75bc80e0ebc2: start FollowerState
2019-10-02 07:39:38,177 [pool-131-thread-1] INFO  server.RaftServerConfigKeys (ConfUtils.java:logGet(43)) - raft.server.snapshot.auto.trigger.threshold = 10000 (custom)
2019-10-02 07:39:38,177 [pool-141-thread-1] INFO  server.RaftServerConfigKeys (ConfUtils.java:logGet(43)) - raft.server.snapshot.auto.trigger.threshold = 10000 (custom)
2019-10-02 07:39:38,177 [pool-131-thread-1] INFO  server.RaftServerConfigKeys (ConfUtils.java:logGet(43)) - raft.server.snapshot.retention.file.num = 5 (custom)
2019-10-02 07:39:38,177 [pool-121-thread-1] INFO  util.JmxRegister (JmxRegister.java:tryRegister(44)) - Successfully registered JMX Bean with object name Ratis:service=RaftServer,group=group-1568508E349A,id=003c0b2c-9291-471c-a534-75bc80e0ebc2
2019-10-02 07:39:38,177 [pool-141-thread-1] INFO  server.RaftServerConfigKeys (ConfUtils.java:logGet(43)) - raft.server.snapshot.retention.file.num = 5 (custom)
2019-10-02 07:39:38,177 [pool-131-thread-1] INFO  server.RaftServerConfigKeys (ConfUtils.java:logGet(43)) - raft.server.retrycache.expirytime = 600000ms (custom)
2019-10-02 07:39:38,178 [pool-141-thread-1] INFO  server.RaftServerConfigKeys (ConfUtils.java:logGet(43)) - raft.server.retrycache.expirytime = 600000ms (custom)
2019-10-02 07:39:38,182 [pool-131-thread-1] INFO  impl.RaftServerImpl (RaftServerImpl.java:start(181)) - 50e37c97-987b-45d1-861c-706b55a6aef7@group-1568508E349A: start as a follower, conf=-1: [003c0b2c-9291-471c-a534-75bc80e0ebc2:192.168.5.178:36079, 0e8c619e-d5cc-4692-a899-4ea542713226:192.168.5.178:46783, 50e37c97-987b-45d1-861c-706b55a6aef7:192.168.5.178:44066], old=null
2019-10-02 07:39:38,182 [pool-141-thread-1] INFO  impl.RaftServerImpl (RaftServerImpl.java:start(181)) - 0e8c619e-d5cc-4692-a899-4ea542713226@group-1568508E349A: start as a follower, conf=-1: [003c0b2c-9291-471c-a534-75bc80e0ebc2:192.168.5.178:36079, 0e8c619e-d5cc-4692-a899-4ea542713226:192.168.5.178:46783, 50e37c97-987b-45d1-861c-706b55a6aef7:192.168.5.178:44066], old=null
2019-10-02 07:39:38,182 [pool-131-thread-1] INFO  impl.RaftServerImpl (RaftServerImpl.java:setRole(170)) - 50e37c97-987b-45d1-861c-706b55a6aef7@group-1568508E349A: changes role from      null to FOLLOWER at term 0 for startAsFollower
2019-10-02 07:39:38,182 [pool-141-thread-1] INFO  impl.RaftServerImpl (RaftServerImpl.java:setRole(170)) - 0e8c619e-d5cc-4692-a899-4ea542713226@group-1568508E349A: changes role from      null to FOLLOWER at term 0 for startAsFollower
2019-10-02 07:39:38,183 [pool-131-thread-1] INFO  impl.RoleInfo (RoleInfo.java:updateAndGet(143)) - 50e37c97-987b-45d1-861c-706b55a6aef7: start FollowerState
2019-10-02 07:39:38,183 [pool-141-thread-1] INFO  impl.RoleInfo (RoleInfo.java:updateAndGet(143)) - 0e8c619e-d5cc-4692-a899-4ea542713226: start FollowerState
2019-10-02 07:39:38,183 [pool-131-thread-1] INFO  util.JmxRegister (JmxRegister.java:tryRegister(44)) - Successfully registered JMX Bean with object name Ratis:service=RaftServer,group=group-1568508E349A,id=50e37c97-987b-45d1-861c-706b55a6aef7
2019-10-02 07:39:38,183 [pool-141-thread-1] INFO  util.JmxRegister (JmxRegister.java:tryRegister(44)) - Successfully registered JMX Bean with object name Ratis:service=RaftServer,group=group-1568508E349A,id=0e8c619e-d5cc-4692-a899-4ea542713226
2019-10-02 07:39:38,189 [RatisPipelineUtilsThread] INFO  pipeline.PipelineStateManager (PipelineStateManager.java:addPipeline(56)) - Created pipeline Pipeline[ Id: 6bc51bee-50de-40c2-af58-1568508e349a, Nodes: 003c0b2c-9291-471c-a534-75bc80e0ebc2{ip: 192.168.5.178, host: pr-trunk-8bg6x-723665176, networkLocation: /default-rack, certSerialId: null}0e8c619e-d5cc-4692-a899-4ea542713226{ip: 192.168.5.178, host: pr-trunk-8bg6x-723665176, networkLocation: /default-rack, certSerialId: null}50e37c97-987b-45d1-861c-706b55a6aef7{ip: 192.168.5.178, host: pr-trunk-8bg6x-723665176, networkLocation: /default-rack, certSerialId: null}, Type:RATIS, Factor:THREE, State:OPEN]
2019-10-02 07:39:38,194 [IPC Server handler 11 on 40808] INFO  net.NetworkTopology (NetworkTopologyImpl.java:add(111)) - Added a new node: /default-rack/ac3e3bd2-b40c-4d72-87ae-6fc1defe10d9
2019-10-02 07:39:38,194 [IPC Server handler 11 on 40808] INFO  node.SCMNodeManager (SCMNodeManager.java:register(266)) - Registered Data node : ac3e3bd2-b40c-4d72-87ae-6fc1defe10d9{ip: 192.168.5.178, host: pr-trunk-8bg6x-723665176, networkLocation: /default-rack, certSerialId: null}
2019-10-02 07:39:38,201 [grpc-default-executor-8] INFO  impl.RaftServerProxy (RaftServerProxy.java:addNew(89)) - 1b7d02a1-4da6-4721-8686-69cf33273127: addNew group-DA379EF06072:[1b7d02a1-4da6-4721-8686-69cf33273127:192.168.5.178:40844] returns group-DA379EF06072:java.util.concurrent.CompletableFuture@7002af59[Not completed]
2019-10-02 07:39:38,209 [pool-151-thread-1] INFO  impl.RaftServerImpl (RaftServerImpl.java:<init>(95)) - 1b7d02a1-4da6-4721-8686-69cf33273127: new RaftServerImpl for group-DA379EF06072:[1b7d02a1-4da6-4721-8686-69cf33273127:192.168.5.178:40844] with ContainerStateMachine:uninitialized
2019-10-02 07:39:38,209 [pool-151-thread-1] INFO  server.RaftServerConfigKeys (ConfUtils.java:logGet(43)) - raft.server.rpc.timeout.min = 5s (custom)
2019-10-02 07:39:38,209 [pool-151-thread-1] INFO  server.RaftServerConfigKeys (ConfUtils.java:logGet(43)) - raft.server.rpc.timeout.max = 5200ms (custom)
2019-10-02 07:39:38,209 [pool-151-thread-1] INFO  server.RaftServerConfigKeys (ConfUtils.java:logGet(43)) - raft.server.rpcslowness.timeout = 120s (custom)
2019-10-02 07:39:38,209 [pool-151-thread-1] INFO  server.RaftServerConfigKeys (ConfUtils.java:logGet(43)) - raft.server.sleep.deviation.threshold = 300 (default)
2019-10-02 07:39:38,209 [pool-151-thread-1] INFO  server.RaftServerConfigKeys (ConfUtils.java:logGet(43)) - raft.server.log.appender.install.snapshot.enabled = false (custom)
2019-10-02 07:39:38,209 [pool-151-thread-1] INFO  impl.RaftServerImpl (ServerState.java:<init>(103)) - 1b7d02a1-4da6-4721-8686-69cf33273127@group-DA379EF06072: ConfigurationManager, init=-1: [1b7d02a1-4da6-4721-8686-69cf33273127:192.168.5.178:40844], old=null, confs=<EMPTY_MAP>
2019-10-02 07:39:38,209 [pool-151-thread-1] INFO  server.RaftServerConfigKeys (ConfUtils.java:logGet(43)) - raft.server.storage.dir = [/workdir/hadoop-ozone/integration-test/target/test-dir/MiniOzoneClusterImpl-86ab02b3-fe0f-4689-9ef5-b2acbd941c82/datanode-3/data/ratis] (custom)
2019-10-02 07:39:38,210 [pool-151-thread-1] INFO  server.RaftServerConfigKeys (ConfUtils.java:logGet(43)) - raft.server.log.corruption.policy = EXCEPTION (default)
2019-10-02 07:39:38,210 [pool-151-thread-1] INFO  storage.RaftStorageDirectory (RaftStorageDirectory.java:analyzeStorage(246)) - The storage directory /workdir/hadoop-ozone/integration-test/target/test-dir/MiniOzoneClusterImpl-86ab02b3-fe0f-4689-9ef5-b2acbd941c82/datanode-3/data/ratis/e176afeb-27db-4700-8911-da379ef06072 does not exist. Creating ...
2019-10-02 07:39:38,223 [pool-151-thread-1] INFO  storage.RaftStorageDirectory (RaftStorageDirectory.java:tryLock(328)) - Lock on /workdir/hadoop-ozone/integration-test/target/test-dir/MiniOzoneClusterImpl-86ab02b3-fe0f-4689-9ef5-b2acbd941c82/datanode-3/data/ratis/e176afeb-27db-4700-8911-da379ef06072/in_use.lock acquired by nodename 1188@pr-trunk-8bg6x-723665176
2019-10-02 07:39:38,239 [pool-151-thread-1] INFO  storage.RaftStorage (RaftStorage.java:format(84)) - Storage directory /workdir/hadoop-ozone/integration-test/target/test-dir/MiniOzoneClusterImpl-86ab02b3-fe0f-4689-9ef5-b2acbd941c82/datanode-3/data/ratis/e176afeb-27db-4700-8911-da379ef06072 has been successfully formatted.
2019-10-02 07:39:38,239 [pool-151-thread-1] INFO  ratis.ContainerStateMachine (ContainerStateMachine.java:loadSnapshot(231)) - group-DA379EF06072: The snapshot info is null. Setting the last applied indexto:(t:0, i:~)
2019-10-02 07:39:38,239 [pool-151-thread-1] INFO  server.RaftServerConfigKeys (ConfUtils.java:logGet(43)) - raft.server.notification.no-leader.timeout = 120s (custom)
2019-10-02 07:39:38,239 [pool-151-thread-1] INFO  server.RaftServerConfigKeys (ConfUtils.java:logGet(43)) - raft.server.log.use.memory = false (default)
2019-10-02 07:39:38,239 [pool-151-thread-1] INFO  server.RaftServerConfigKeys (ConfUtils.java:logGet(43)) - raft.server.log.purge.gap = 1000000 (custom)
2019-10-02 07:39:38,239 [pool-151-thread-1] INFO  server.RaftServerConfigKeys (ConfUtils.java:logGet(43)) - raft.server.log.appender.buffer.byte-limit = 33554432 (custom)
2019-10-02 07:39:38,240 [pool-151-thread-1] INFO  server.RaftServerConfigKeys (ConfUtils.java:logGet(43)) - raft.server.log.segment.size.max = 1048576 (custom)
2019-10-02 07:39:38,242 [pool-151-thread-1] INFO  server.RaftServerConfigKeys (ConfUtils.java:logGet(43)) - raft.server.log.segment.cache.num.max = 2 (custom)
2019-10-02 07:39:38,242 [pool-151-thread-1] INFO  segmented.SegmentedRaftLogWorker (SegmentedRaftLogWorker.java:<init>(173)) - new 1b7d02a1-4da6-4721-8686-69cf33273127@group-DA379EF06072-SegmentedRaftLogWorker for RaftStorage:Storage Directory /workdir/hadoop-ozone/integration-test/target/test-dir/MiniOzoneClusterImpl-86ab02b3-fe0f-4689-9ef5-b2acbd941c82/datanode-3/data/ratis/e176afeb-27db-4700-8911-da379ef06072
2019-10-02 07:39:38,242 [pool-151-thread-1] INFO  server.RaftServerConfigKeys (ConfUtils.java:logGet(43)) - raft.server.log.queue.byte-limit = 2147483647 (custom)
2019-10-02 07:39:38,242 [pool-151-thread-1] INFO  server.RaftServerConfigKeys (ConfUtils.java:logGet(43)) - raft.server.log.queue.element-limit = 1024 (custom)
2019-10-02 07:39:38,242 [pool-151-thread-1] INFO  server.RaftServerConfigKeys (ConfUtils.java:logGet(43)) - raft.server.log.segment.size.max = 1048576 (custom)
2019-10-02 07:39:38,242 [pool-151-thread-1] INFO  server.RaftServerConfigKeys (ConfUtils.java:logGet(43)) - raft.server.log.preallocated.size = 16384 (custom)
2019-10-02 07:39:38,242 [pool-151-thread-1] INFO  server.RaftServerConfigKeys (ConfUtils.java:logGet(43)) - raft.server.log.write.buffer.size = 33554432 (custom)
2019-10-02 07:39:38,243 [pool-151-thread-1] INFO  server.RaftServerConfigKeys (ConfUtils.java:logGet(43)) - raft.server.log.force.sync.num = 128 (default)
2019-10-02 07:39:38,243 [pool-151-thread-1] INFO  server.RaftServerConfigKeys (ConfUtils.java:logGet(43)) - raft.server.log.statemachine.data.sync = true (default)
2019-10-02 07:39:38,243 [pool-151-thread-1] INFO  server.RaftServerConfigKeys (ConfUtils.java:logGet(43)) - raft.server.log.statemachine.data.sync.timeout = 10s (default)
2019-10-02 07:39:38,243 [pool-151-thread-1] INFO  server.RaftServerConfigKeys (ConfUtils.java:logGet(43)) - raft.server.log.statemachine.data.sync.timeout.retry = -1 (default)
2019-10-02 07:39:38,243 [pool-151-thread-1] INFO  server.RaftServerConfigKeys (ConfUtils.java:logGet(43)) - raft.server.log.statemachine.data.caching.enabled = true (custom)
2019-10-02 07:39:38,244 [pool-151-thread-1] INFO  segmented.SegmentedRaftLogWorker (SegmentedRaftLogWorker.java:lambda$new$0(128)) - 1b7d02a1-4da6-4721-8686-69cf33273127@group-DA379EF06072-SegmentedRaftLogWorker: flushIndex: setUnconditionally 0 -> -1
2019-10-02 07:39:38,244 [pool-151-thread-1] INFO  server.RaftServerConfigKeys (ConfUtils.java:logGet(43)) - raft.server.snapshot.auto.trigger.enabled = true (custom)
2019-10-02 07:39:38,244 [pool-151-thread-1] INFO  server.RaftServerConfigKeys (ConfUtils.java:logGet(43)) - raft.server.snapshot.auto.trigger.threshold = 10000 (custom)
2019-10-02 07:39:38,244 [pool-151-thread-1] INFO  server.RaftServerConfigKeys (ConfUtils.java:logGet(43)) - raft.server.snapshot.retention.file.num = 5 (custom)
2019-10-02 07:39:38,244 [pool-151-thread-1] INFO  server.RaftServerConfigKeys (ConfUtils.java:logGet(43)) - raft.server.retrycache.expirytime = 600000ms (custom)
2019-10-02 07:39:38,246 [pool-151-thread-1] INFO  impl.RaftServerImpl (RaftServerImpl.java:start(181)) - 1b7d02a1-4da6-4721-8686-69cf33273127@group-DA379EF06072: start as a follower, conf=-1: [1b7d02a1-4da6-4721-8686-69cf33273127:192.168.5.178:40844], old=null
2019-10-02 07:39:38,247 [pool-151-thread-1] INFO  impl.RaftServerImpl (RaftServerImpl.java:setRole(170)) - 1b7d02a1-4da6-4721-8686-69cf33273127@group-DA379EF06072: changes role from      null to FOLLOWER at term 0 for startAsFollower
2019-10-02 07:39:38,247 [pool-151-thread-1] INFO  impl.RoleInfo (RoleInfo.java:updateAndGet(143)) - 1b7d02a1-4da6-4721-8686-69cf33273127: start FollowerState
2019-10-02 07:39:38,247 [pool-151-thread-1] INFO  util.JmxRegister (JmxRegister.java:tryRegister(44)) - Successfully registered JMX Bean with object name Ratis:service=RaftServer,group=group-DA379EF06072,id=1b7d02a1-4da6-4721-8686-69cf33273127
2019-10-02 07:39:38,251 [RatisPipelineUtilsThread] INFO  pipeline.PipelineStateManager (PipelineStateManager.java:addPipeline(56)) - Created pipeline Pipeline[ Id: e176afeb-27db-4700-8911-da379ef06072, Nodes: 1b7d02a1-4da6-4721-8686-69cf33273127{ip: 192.168.5.178, host: pr-trunk-8bg6x-723665176, networkLocation: /default-rack, certSerialId: null}, Type:RATIS, Factor:ONE, State:OPEN]
2019-10-02 07:39:38,253 [IPC Server handler 8 on 40808] INFO  net.NetworkTopology (NetworkTopologyImpl.java:add(111)) - Added a new node: /default-rack/2609764d-f6c2-4d27-bd0c-3a8252d8a1b1
2019-10-02 07:39:38,254 [IPC Server handler 8 on 40808] INFO  node.SCMNodeManager (SCMNodeManager.java:register(266)) - Registered Data node : 2609764d-f6c2-4d27-bd0c-3a8252d8a1b1{ip: 192.168.5.178, host: pr-trunk-8bg6x-723665176, networkLocation: /default-rack, certSerialId: null}
2019-10-02 07:39:38,259 [grpc-default-executor-8] INFO  impl.RaftServerProxy (RaftServerProxy.java:addNew(89)) - ac3e3bd2-b40c-4d72-87ae-6fc1defe10d9: addNew group-A7CC63CB5FFD:[ac3e3bd2-b40c-4d72-87ae-6fc1defe10d9:192.168.5.178:42962] returns group-A7CC63CB5FFD:java.util.concurrent.CompletableFuture@7f1357eb[Not completed]
2019-10-02 07:39:38,265 [pool-161-thread-1] INFO  impl.RaftServerImpl (RaftServerImpl.java:<init>(95)) - ac3e3bd2-b40c-4d72-87ae-6fc1defe10d9: new RaftServerImpl for group-A7CC63CB5FFD:[ac3e3bd2-b40c-4d72-87ae-6fc1defe10d9:192.168.5.178:42962] with ContainerStateMachine:uninitialized
2019-10-02 07:39:38,265 [pool-161-thread-1] INFO  server.RaftServerConfigKeys (ConfUtils.java:logGet(43)) - raft.server.rpc.timeout.min = 5s (custom)
2019-10-02 07:39:38,265 [pool-161-thread-1] INFO  server.RaftServerConfigKeys (ConfUtils.java:logGet(43)) - raft.server.rpc.timeout.max = 5200ms (custom)
2019-10-02 07:39:38,265 [pool-161-thread-1] INFO  server.RaftServerConfigKeys (ConfUtils.java:logGet(43)) - raft.server.rpcslowness.timeout = 120s (custom)
2019-10-02 07:39:38,265 [pool-161-thread-1] INFO  server.RaftServerConfigKeys (ConfUtils.java:logGet(43)) - raft.server.sleep.deviation.threshold = 300 (default)
2019-10-02 07:39:38,265 [pool-161-thread-1] INFO  server.RaftServerConfigKeys (ConfUtils.java:logGet(43)) - raft.server.log.appender.install.snapshot.enabled = false (custom)
2019-10-02 07:39:38,266 [pool-161-thread-1] INFO  impl.RaftServerImpl (ServerState.java:<init>(103)) - ac3e3bd2-b40c-4d72-87ae-6fc1defe10d9@group-A7CC63CB5FFD: ConfigurationManager, init=-1: [ac3e3bd2-b40c-4d72-87ae-6fc1defe10d9:192.168.5.178:42962], old=null, confs=<EMPTY_MAP>
2019-10-02 07:39:38,266 [pool-161-thread-1] INFO  server.RaftServerConfigKeys (ConfUtils.java:logGet(43)) - raft.server.storage.dir = [/workdir/hadoop-ozone/integration-test/target/test-dir/MiniOzoneClusterImpl-86ab02b3-fe0f-4689-9ef5-b2acbd941c82/datanode-4/data/ratis] (custom)
2019-10-02 07:39:38,266 [pool-161-thread-1] INFO  server.RaftServerConfigKeys (ConfUtils.java:logGet(43)) - raft.server.log.corruption.policy = EXCEPTION (default)
2019-10-02 07:39:38,266 [pool-161-thread-1] INFO  storage.RaftStorageDirectory (RaftStorageDirectory.java:analyzeStorage(246)) - The storage directory /workdir/hadoop-ozone/integration-test/target/test-dir/MiniOzoneClusterImpl-86ab02b3-fe0f-4689-9ef5-b2acbd941c82/datanode-4/data/ratis/dcde0116-8050-4212-a6ee-a7cc63cb5ffd does not exist. Creating ...
2019-10-02 07:39:38,280 [pool-161-thread-1] INFO  storage.RaftStorageDirectory (RaftStorageDirectory.java:tryLock(328)) - Lock on /workdir/hadoop-ozone/integration-test/target/test-dir/MiniOzoneClusterImpl-86ab02b3-fe0f-4689-9ef5-b2acbd941c82/datanode-4/data/ratis/dcde0116-8050-4212-a6ee-a7cc63cb5ffd/in_use.lock acquired by nodename 1188@pr-trunk-8bg6x-723665176
2019-10-02 07:39:38,294 [pool-161-thread-1] INFO  storage.RaftStorage (RaftStorage.java:format(84)) - Storage directory /workdir/hadoop-ozone/integration-test/target/test-dir/MiniOzoneClusterImpl-86ab02b3-fe0f-4689-9ef5-b2acbd941c82/datanode-4/data/ratis/dcde0116-8050-4212-a6ee-a7cc63cb5ffd has been successfully formatted.
2019-10-02 07:39:38,294 [pool-161-thread-1] INFO  ratis.ContainerStateMachine (ContainerStateMachine.java:loadSnapshot(231)) - group-A7CC63CB5FFD: The snapshot info is null. Setting the last applied indexto:(t:0, i:~)
2019-10-02 07:39:38,294 [pool-161-thread-1] INFO  server.RaftServerConfigKeys (ConfUtils.java:logGet(43)) - raft.server.notification.no-leader.timeout = 120s (custom)
2019-10-02 07:39:38,294 [pool-161-thread-1] INFO  server.RaftServerConfigKeys (ConfUtils.java:logGet(43)) - raft.server.log.use.memory = false (default)
2019-10-02 07:39:38,294 [pool-161-thread-1] INFO  server.RaftServerConfigKeys (ConfUtils.java:logGet(43)) - raft.server.log.purge.gap = 1000000 (custom)
2019-10-02 07:39:38,295 [pool-161-thread-1] INFO  server.RaftServerConfigKeys (ConfUtils.java:logGet(43)) - raft.server.log.appender.buffer.byte-limit = 33554432 (custom)
2019-10-02 07:39:38,295 [pool-161-thread-1] INFO  server.RaftServerConfigKeys (ConfUtils.java:logGet(43)) - raft.server.log.segment.size.max = 1048576 (custom)
2019-10-02 07:39:38,297 [pool-161-thread-1] INFO  server.RaftServerConfigKeys (ConfUtils.java:logGet(43)) - raft.server.log.segment.cache.num.max = 2 (custom)
2019-10-02 07:39:38,297 [pool-161-thread-1] INFO  segmented.SegmentedRaftLogWorker (SegmentedRaftLogWorker.java:<init>(173)) - new ac3e3bd2-b40c-4d72-87ae-6fc1defe10d9@group-A7CC63CB5FFD-SegmentedRaftLogWorker for RaftStorage:Storage Directory /workdir/hadoop-ozone/integration-test/target/test-dir/MiniOzoneClusterImpl-86ab02b3-fe0f-4689-9ef5-b2acbd941c82/datanode-4/data/ratis/dcde0116-8050-4212-a6ee-a7cc63cb5ffd
2019-10-02 07:39:38,297 [pool-161-thread-1] INFO  server.RaftServerConfigKeys (ConfUtils.java:logGet(43)) - raft.server.log.queue.byte-limit = 2147483647 (custom)
2019-10-02 07:39:38,297 [pool-161-thread-1] INFO  server.RaftServerConfigKeys (ConfUtils.java:logGet(43)) - raft.server.log.queue.element-limit = 1024 (custom)
2019-10-02 07:39:38,298 [pool-161-thread-1] INFO  server.RaftServerConfigKeys (ConfUtils.java:logGet(43)) - raft.server.log.segment.size.max = 1048576 (custom)
2019-10-02 07:39:38,298 [pool-161-thread-1] INFO  server.RaftServerConfigKeys (ConfUtils.java:logGet(43)) - raft.server.log.preallocated.size = 16384 (custom)
2019-10-02 07:39:38,298 [pool-161-thread-1] INFO  server.RaftServerConfigKeys (ConfUtils.java:logGet(43)) - raft.server.log.write.buffer.size = 33554432 (custom)
2019-10-02 07:39:38,298 [pool-161-thread-1] INFO  server.RaftServerConfigKeys (ConfUtils.java:logGet(43)) - raft.server.log.force.sync.num = 128 (default)
2019-10-02 07:39:38,298 [pool-161-thread-1] INFO  server.RaftServerConfigKeys (ConfUtils.java:logGet(43)) - raft.server.log.statemachine.data.sync = true (default)
2019-10-02 07:39:38,298 [pool-161-thread-1] INFO  server.RaftServerConfigKeys (ConfUtils.java:logGet(43)) - raft.server.log.statemachine.data.sync.timeout = 10s (default)
2019-10-02 07:39:38,298 [pool-161-thread-1] INFO  server.RaftServerConfigKeys (ConfUtils.java:logGet(43)) - raft.server.log.statemachine.data.sync.timeout.retry = -1 (default)
2019-10-02 07:39:38,299 [pool-161-thread-1] INFO  server.RaftServerConfigKeys (ConfUtils.java:logGet(43)) - raft.server.log.statemachine.data.caching.enabled = true (custom)
2019-10-02 07:39:38,299 [pool-161-thread-1] INFO  segmented.SegmentedRaftLogWorker (SegmentedRaftLogWorker.java:lambda$new$0(128)) - ac3e3bd2-b40c-4d72-87ae-6fc1defe10d9@group-A7CC63CB5FFD-SegmentedRaftLogWorker: flushIndex: setUnconditionally 0 -> -1
2019-10-02 07:39:38,300 [pool-161-thread-1] INFO  server.RaftServerConfigKeys (ConfUtils.java:logGet(43)) - raft.server.snapshot.auto.trigger.enabled = true (custom)
2019-10-02 07:39:38,300 [pool-161-thread-1] INFO  server.RaftServerConfigKeys (ConfUtils.java:logGet(43)) - raft.server.snapshot.auto.trigger.threshold = 10000 (custom)
2019-10-02 07:39:38,300 [pool-161-thread-1] INFO  server.RaftServerConfigKeys (ConfUtils.java:logGet(43)) - raft.server.snapshot.retention.file.num = 5 (custom)
2019-10-02 07:39:38,300 [pool-161-thread-1] INFO  server.RaftServerConfigKeys (ConfUtils.java:logGet(43)) - raft.server.retrycache.expirytime = 600000ms (custom)
2019-10-02 07:39:38,302 [pool-161-thread-1] INFO  impl.RaftServerImpl (RaftServerImpl.java:start(181)) - ac3e3bd2-b40c-4d72-87ae-6fc1defe10d9@group-A7CC63CB5FFD: start as a follower, conf=-1: [ac3e3bd2-b40c-4d72-87ae-6fc1defe10d9:192.168.5.178:42962], old=null
2019-10-02 07:39:38,302 [pool-161-thread-1] INFO  impl.RaftServerImpl (RaftServerImpl.java:setRole(170)) - ac3e3bd2-b40c-4d72-87ae-6fc1defe10d9@group-A7CC63CB5FFD: changes role from      null to FOLLOWER at term 0 for startAsFollower
2019-10-02 07:39:38,302 [pool-161-thread-1] INFO  impl.RoleInfo (RoleInfo.java:updateAndGet(143)) - ac3e3bd2-b40c-4d72-87ae-6fc1defe10d9: start FollowerState
2019-10-02 07:39:38,303 [pool-161-thread-1] INFO  util.JmxRegister (JmxRegister.java:tryRegister(44)) - Successfully registered JMX Bean with object name Ratis:service=RaftServer,group=group-A7CC63CB5FFD,id=ac3e3bd2-b40c-4d72-87ae-6fc1defe10d9
2019-10-02 07:39:38,307 [main] INFO  ozone.MiniOzoneClusterImpl (MiniOzoneClusterImpl.java:lambda$waitForClusterToBeReady$0(147)) - Waiting for cluster to be ready. Got 6 of 7 DN Heartbeats.
2019-10-02 07:39:38,308 [RatisPipelineUtilsThread] INFO  pipeline.PipelineStateManager (PipelineStateManager.java:addPipeline(56)) - Created pipeline Pipeline[ Id: dcde0116-8050-4212-a6ee-a7cc63cb5ffd, Nodes: ac3e3bd2-b40c-4d72-87ae-6fc1defe10d9{ip: 192.168.5.178, host: pr-trunk-8bg6x-723665176, networkLocation: /default-rack, certSerialId: null}, Type:RATIS, Factor:ONE, State:OPEN]
2019-10-02 07:39:38,308 [IPC Server handler 1 on 40808] INFO  net.NetworkTopology (NetworkTopologyImpl.java:add(111)) - Added a new node: /default-rack/7ca550b5-eb05-4269-b04e-07cab5a16581
2019-10-02 07:39:38,308 [IPC Server handler 1 on 40808] INFO  node.SCMNodeManager (SCMNodeManager.java:register(266)) - Registered Data node : 7ca550b5-eb05-4269-b04e-07cab5a16581{ip: 192.168.5.178, host: pr-trunk-8bg6x-723665176, networkLocation: /default-rack, certSerialId: null}
2019-10-02 07:39:38,333 [grpc-default-executor-8] INFO  impl.RaftServerProxy (RaftServerProxy.java:addNew(89)) - 2609764d-f6c2-4d27-bd0c-3a8252d8a1b1: addNew group-71D76DD38934:[2609764d-f6c2-4d27-bd0c-3a8252d8a1b1:192.168.5.178:40845] returns group-71D76DD38934:java.util.concurrent.CompletableFuture@b4f4560[Not completed]
2019-10-02 07:39:38,339 [pool-171-thread-1] INFO  impl.RaftServerImpl (RaftServerImpl.java:<init>(95)) - 2609764d-f6c2-4d27-bd0c-3a8252d8a1b1: new RaftServerImpl for group-71D76DD38934:[2609764d-f6c2-4d27-bd0c-3a8252d8a1b1:192.168.5.178:40845] with ContainerStateMachine:uninitialized
2019-10-02 07:39:38,339 [pool-171-thread-1] INFO  server.RaftServerConfigKeys (ConfUtils.java:logGet(43)) - raft.server.rpc.timeout.min = 5s (custom)
2019-10-02 07:39:38,339 [pool-171-thread-1] INFO  server.RaftServerConfigKeys (ConfUtils.java:logGet(43)) - raft.server.rpc.timeout.max = 5200ms (custom)
2019-10-02 07:39:38,339 [pool-171-thread-1] INFO  server.RaftServerConfigKeys (ConfUtils.java:logGet(43)) - raft.server.rpcslowness.timeout = 120s (custom)
2019-10-02 07:39:38,339 [pool-171-thread-1] INFO  server.RaftServerConfigKeys (ConfUtils.java:logGet(43)) - raft.server.sleep.deviation.threshold = 300 (default)
2019-10-02 07:39:38,339 [pool-171-thread-1] INFO  server.RaftServerConfigKeys (ConfUtils.java:logGet(43)) - raft.server.log.appender.install.snapshot.enabled = false (custom)
2019-10-02 07:39:38,340 [pool-171-thread-1] INFO  impl.RaftServerImpl (ServerState.java:<init>(103)) - 2609764d-f6c2-4d27-bd0c-3a8252d8a1b1@group-71D76DD38934: ConfigurationManager, init=-1: [2609764d-f6c2-4d27-bd0c-3a8252d8a1b1:192.168.5.178:40845], old=null, confs=<EMPTY_MAP>
2019-10-02 07:39:38,340 [pool-171-thread-1] INFO  server.RaftServerConfigKeys (ConfUtils.java:logGet(43)) - raft.server.storage.dir = [/workdir/hadoop-ozone/integration-test/target/test-dir/MiniOzoneClusterImpl-86ab02b3-fe0f-4689-9ef5-b2acbd941c82/datanode-5/data/ratis] (custom)
2019-10-02 07:39:38,340 [pool-171-thread-1] INFO  server.RaftServerConfigKeys (ConfUtils.java:logGet(43)) - raft.server.log.corruption.policy = EXCEPTION (default)
2019-10-02 07:39:38,340 [pool-171-thread-1] INFO  storage.RaftStorageDirectory (RaftStorageDirectory.java:analyzeStorage(246)) - The storage directory /workdir/hadoop-ozone/integration-test/target/test-dir/MiniOzoneClusterImpl-86ab02b3-fe0f-4689-9ef5-b2acbd941c82/datanode-5/data/ratis/5693154b-e106-4d17-ae74-71d76dd38934 does not exist. Creating ...
2019-10-02 07:39:38,354 [pool-171-thread-1] INFO  storage.RaftStorageDirectory (RaftStorageDirectory.java:tryLock(328)) - Lock on /workdir/hadoop-ozone/integration-test/target/test-dir/MiniOzoneClusterImpl-86ab02b3-fe0f-4689-9ef5-b2acbd941c82/datanode-5/data/ratis/5693154b-e106-4d17-ae74-71d76dd38934/in_use.lock acquired by nodename 1188@pr-trunk-8bg6x-723665176
2019-10-02 07:39:38,367 [pool-171-thread-1] INFO  storage.RaftStorage (RaftStorage.java:format(84)) - Storage directory /workdir/hadoop-ozone/integration-test/target/test-dir/MiniOzoneClusterImpl-86ab02b3-fe0f-4689-9ef5-b2acbd941c82/datanode-5/data/ratis/5693154b-e106-4d17-ae74-71d76dd38934 has been successfully formatted.
2019-10-02 07:39:38,367 [pool-171-thread-1] INFO  ratis.ContainerStateMachine (ContainerStateMachine.java:loadSnapshot(231)) - group-71D76DD38934: The snapshot info is null. Setting the last applied indexto:(t:0, i:~)
2019-10-02 07:39:38,367 [pool-171-thread-1] INFO  server.RaftServerConfigKeys (ConfUtils.java:logGet(43)) - raft.server.notification.no-leader.timeout = 120s (custom)
2019-10-02 07:39:38,367 [pool-171-thread-1] INFO  server.RaftServerConfigKeys (ConfUtils.java:logGet(43)) - raft.server.log.use.memory = false (default)
2019-10-02 07:39:38,367 [pool-171-thread-1] INFO  server.RaftServerConfigKeys (ConfUtils.java:logGet(43)) - raft.server.log.purge.gap = 1000000 (custom)
2019-10-02 07:39:38,368 [pool-171-thread-1] INFO  server.RaftServerConfigKeys (ConfUtils.java:logGet(43)) - raft.server.log.appender.buffer.byte-limit = 33554432 (custom)
2019-10-02 07:39:38,368 [pool-171-thread-1] INFO  server.RaftServerConfigKeys (ConfUtils.java:logGet(43)) - raft.server.log.segment.size.max = 1048576 (custom)
2019-10-02 07:39:38,370 [pool-171-thread-1] INFO  server.RaftServerConfigKeys (ConfUtils.java:logGet(43)) - raft.server.log.segment.cache.num.max = 2 (custom)
2019-10-02 07:39:38,371 [pool-171-thread-1] INFO  segmented.SegmentedRaftLogWorker (SegmentedRaftLogWorker.java:<init>(173)) - new 2609764d-f6c2-4d27-bd0c-3a8252d8a1b1@group-71D76DD38934-SegmentedRaftLogWorker for RaftStorage:Storage Directory /workdir/hadoop-ozone/integration-test/target/test-dir/MiniOzoneClusterImpl-86ab02b3-fe0f-4689-9ef5-b2acbd941c82/datanode-5/data/ratis/5693154b-e106-4d17-ae74-71d76dd38934
2019-10-02 07:39:38,371 [pool-171-thread-1] INFO  server.RaftServerConfigKeys (ConfUtils.java:logGet(43)) - raft.server.log.queue.byte-limit = 2147483647 (custom)
2019-10-02 07:39:38,371 [pool-171-thread-1] INFO  server.RaftServerConfigKeys (ConfUtils.java:logGet(43)) - raft.server.log.queue.element-limit = 1024 (custom)
2019-10-02 07:39:38,371 [pool-171-thread-1] INFO  server.RaftServerConfigKeys (ConfUtils.java:logGet(43)) - raft.server.log.segment.size.max = 1048576 (custom)
2019-10-02 07:39:38,371 [pool-171-thread-1] INFO  server.RaftServerConfigKeys (ConfUtils.java:logGet(43)) - raft.server.log.preallocated.size = 16384 (custom)
2019-10-02 07:39:38,371 [pool-171-thread-1] INFO  server.RaftServerConfigKeys (ConfUtils.java:logGet(43)) - raft.server.log.write.buffer.size = 33554432 (custom)
2019-10-02 07:39:38,371 [pool-171-thread-1] INFO  server.RaftServerConfigKeys (ConfUtils.java:logGet(43)) - raft.server.log.force.sync.num = 128 (default)
2019-10-02 07:39:38,372 [pool-171-thread-1] INFO  server.RaftServerConfigKeys (ConfUtils.java:logGet(43)) - raft.server.log.statemachine.data.sync = true (default)
2019-10-02 07:39:38,372 [pool-171-thread-1] INFO  server.RaftServerConfigKeys (ConfUtils.java:logGet(43)) - raft.server.log.statemachine.data.sync.timeout = 10s (default)
2019-10-02 07:39:38,372 [pool-171-thread-1] INFO  server.RaftServerConfigKeys (ConfUtils.java:logGet(43)) - raft.server.log.statemachine.data.sync.timeout.retry = -1 (default)
2019-10-02 07:39:38,372 [pool-171-thread-1] INFO  server.RaftServerConfigKeys (ConfUtils.java:logGet(43)) - raft.server.log.statemachine.data.caching.enabled = true (custom)
2019-10-02 07:39:38,373 [pool-171-thread-1] INFO  segmented.SegmentedRaftLogWorker (SegmentedRaftLogWorker.java:lambda$new$0(128)) - 2609764d-f6c2-4d27-bd0c-3a8252d8a1b1@group-71D76DD38934-SegmentedRaftLogWorker: flushIndex: setUnconditionally 0 -> -1
2019-10-02 07:39:38,373 [pool-171-thread-1] INFO  server.RaftServerConfigKeys (ConfUtils.java:logGet(43)) - raft.server.snapshot.auto.trigger.enabled = true (custom)
2019-10-02 07:39:38,373 [pool-171-thread-1] INFO  server.RaftServerConfigKeys (ConfUtils.java:logGet(43)) - raft.server.snapshot.auto.trigger.threshold = 10000 (custom)
2019-10-02 07:39:38,373 [pool-171-thread-1] INFO  server.RaftServerConfigKeys (ConfUtils.java:logGet(43)) - raft.server.snapshot.retention.file.num = 5 (custom)
2019-10-02 07:39:38,374 [pool-171-thread-1] INFO  server.RaftServerConfigKeys (ConfUtils.java:logGet(43)) - raft.server.retrycache.expirytime = 600000ms (custom)
2019-10-02 07:39:38,376 [pool-171-thread-1] INFO  impl.RaftServerImpl (RaftServerImpl.java:start(181)) - 2609764d-f6c2-4d27-bd0c-3a8252d8a1b1@group-71D76DD38934: start as a follower, conf=-1: [2609764d-f6c2-4d27-bd0c-3a8252d8a1b1:192.168.5.178:40845], old=null
2019-10-02 07:39:38,376 [pool-171-thread-1] INFO  impl.RaftServerImpl (RaftServerImpl.java:setRole(170)) - 2609764d-f6c2-4d27-bd0c-3a8252d8a1b1@group-71D76DD38934: changes role from      null to FOLLOWER at term 0 for startAsFollower
2019-10-02 07:39:38,376 [pool-171-thread-1] INFO  impl.RoleInfo (RoleInfo.java:updateAndGet(143)) - 2609764d-f6c2-4d27-bd0c-3a8252d8a1b1: start FollowerState
2019-10-02 07:39:38,377 [pool-171-thread-1] INFO  util.JmxRegister (JmxRegister.java:tryRegister(44)) - Successfully registered JMX Bean with object name Ratis:service=RaftServer,group=group-71D76DD38934,id=2609764d-f6c2-4d27-bd0c-3a8252d8a1b1
2019-10-02 07:39:38,381 [RatisPipelineUtilsThread] INFO  pipeline.PipelineStateManager (PipelineStateManager.java:addPipeline(56)) - Created pipeline Pipeline[ Id: 5693154b-e106-4d17-ae74-71d76dd38934, Nodes: 2609764d-f6c2-4d27-bd0c-3a8252d8a1b1{ip: 192.168.5.178, host: pr-trunk-8bg6x-723665176, networkLocation: /default-rack, certSerialId: null}, Type:RATIS, Factor:ONE, State:OPEN]
2019-10-02 07:39:38,390 [grpc-default-executor-8] INFO  impl.RaftServerProxy (RaftServerProxy.java:addNew(89)) - 7ca550b5-eb05-4269-b04e-07cab5a16581: addNew group-792585F5A7BD:[7ca550b5-eb05-4269-b04e-07cab5a16581:192.168.5.178:36351] returns group-792585F5A7BD:java.util.concurrent.CompletableFuture@c492e89[Not completed]
2019-10-02 07:39:38,395 [pool-181-thread-1] INFO  impl.RaftServerImpl (RaftServerImpl.java:<init>(95)) - 7ca550b5-eb05-4269-b04e-07cab5a16581: new RaftServerImpl for group-792585F5A7BD:[7ca550b5-eb05-4269-b04e-07cab5a16581:192.168.5.178:36351] with ContainerStateMachine:uninitialized
2019-10-02 07:39:38,395 [pool-181-thread-1] INFO  server.RaftServerConfigKeys (ConfUtils.java:logGet(43)) - raft.server.rpc.timeout.min = 5s (custom)
2019-10-02 07:39:38,396 [pool-181-thread-1] INFO  server.RaftServerConfigKeys (ConfUtils.java:logGet(43)) - raft.server.rpc.timeout.max = 5200ms (custom)
2019-10-02 07:39:38,396 [pool-181-thread-1] INFO  server.RaftServerConfigKeys (ConfUtils.java:logGet(43)) - raft.server.rpcslowness.timeout = 120s (custom)
2019-10-02 07:39:38,396 [pool-181-thread-1] INFO  server.RaftServerConfigKeys (ConfUtils.java:logGet(43)) - raft.server.sleep.deviation.threshold = 300 (default)
2019-10-02 07:39:38,396 [pool-181-thread-1] INFO  server.RaftServerConfigKeys (ConfUtils.java:logGet(43)) - raft.server.log.appender.install.snapshot.enabled = false (custom)
2019-10-02 07:39:38,396 [pool-181-thread-1] INFO  impl.RaftServerImpl (ServerState.java:<init>(103)) - 7ca550b5-eb05-4269-b04e-07cab5a16581@group-792585F5A7BD: ConfigurationManager, init=-1: [7ca550b5-eb05-4269-b04e-07cab5a16581:192.168.5.178:36351], old=null, confs=<EMPTY_MAP>
2019-10-02 07:39:38,396 [pool-181-thread-1] INFO  server.RaftServerConfigKeys (ConfUtils.java:logGet(43)) - raft.server.storage.dir = [/workdir/hadoop-ozone/integration-test/target/test-dir/MiniOzoneClusterImpl-86ab02b3-fe0f-4689-9ef5-b2acbd941c82/datanode-6/data/ratis] (custom)
2019-10-02 07:39:38,397 [pool-181-thread-1] INFO  server.RaftServerConfigKeys (ConfUtils.java:logGet(43)) - raft.server.log.corruption.policy = EXCEPTION (default)
2019-10-02 07:39:38,397 [pool-181-thread-1] INFO  storage.RaftStorageDirectory (RaftStorageDirectory.java:analyzeStorage(246)) - The storage directory /workdir/hadoop-ozone/integration-test/target/test-dir/MiniOzoneClusterImpl-86ab02b3-fe0f-4689-9ef5-b2acbd941c82/datanode-6/data/ratis/e67f1355-a5f2-420e-9bdf-792585f5a7bd does not exist. Creating ...
2019-10-02 07:39:38,409 [pool-181-thread-1] INFO  storage.RaftStorageDirectory (RaftStorageDirectory.java:tryLock(328)) - Lock on /workdir/hadoop-ozone/integration-test/target/test-dir/MiniOzoneClusterImpl-86ab02b3-fe0f-4689-9ef5-b2acbd941c82/datanode-6/data/ratis/e67f1355-a5f2-420e-9bdf-792585f5a7bd/in_use.lock acquired by nodename 1188@pr-trunk-8bg6x-723665176
2019-10-02 07:39:38,422 [pool-181-thread-1] INFO  storage.RaftStorage (RaftStorage.java:format(84)) - Storage directory /workdir/hadoop-ozone/integration-test/target/test-dir/MiniOzoneClusterImpl-86ab02b3-fe0f-4689-9ef5-b2acbd941c82/datanode-6/data/ratis/e67f1355-a5f2-420e-9bdf-792585f5a7bd has been successfully formatted.
2019-10-02 07:39:38,423 [pool-181-thread-1] INFO  ratis.ContainerStateMachine (ContainerStateMachine.java:loadSnapshot(231)) - group-792585F5A7BD: The snapshot info is null. Setting the last applied indexto:(t:0, i:~)
2019-10-02 07:39:38,423 [pool-181-thread-1] INFO  server.RaftServerConfigKeys (ConfUtils.java:logGet(43)) - raft.server.notification.no-leader.timeout = 120s (custom)
2019-10-02 07:39:38,423 [pool-181-thread-1] INFO  server.RaftServerConfigKeys (ConfUtils.java:logGet(43)) - raft.server.log.use.memory = false (default)
2019-10-02 07:39:38,423 [pool-181-thread-1] INFO  server.RaftServerConfigKeys (ConfUtils.java:logGet(43)) - raft.server.log.purge.gap = 1000000 (custom)
2019-10-02 07:39:38,423 [pool-181-thread-1] INFO  server.RaftServerConfigKeys (ConfUtils.java:logGet(43)) - raft.server.log.appender.buffer.byte-limit = 33554432 (custom)
2019-10-02 07:39:38,423 [pool-181-thread-1] INFO  server.RaftServerConfigKeys (ConfUtils.java:logGet(43)) - raft.server.log.segment.size.max = 1048576 (custom)
2019-10-02 07:39:38,425 [pool-181-thread-1] INFO  server.RaftServerConfigKeys (ConfUtils.java:logGet(43)) - raft.server.log.segment.cache.num.max = 2 (custom)
2019-10-02 07:39:38,425 [pool-181-thread-1] INFO  segmented.SegmentedRaftLogWorker (SegmentedRaftLogWorker.java:<init>(173)) - new 7ca550b5-eb05-4269-b04e-07cab5a16581@group-792585F5A7BD-SegmentedRaftLogWorker for RaftStorage:Storage Directory /workdir/hadoop-ozone/integration-test/target/test-dir/MiniOzoneClusterImpl-86ab02b3-fe0f-4689-9ef5-b2acbd941c82/datanode-6/data/ratis/e67f1355-a5f2-420e-9bdf-792585f5a7bd
2019-10-02 07:39:38,425 [pool-181-thread-1] INFO  server.RaftServerConfigKeys (ConfUtils.java:logGet(43)) - raft.server.log.queue.byte-limit = 2147483647 (custom)
2019-10-02 07:39:38,426 [pool-181-thread-1] INFO  server.RaftServerConfigKeys (ConfUtils.java:logGet(43)) - raft.server.log.queue.element-limit = 1024 (custom)
2019-10-02 07:39:38,426 [pool-181-thread-1] INFO  server.RaftServerConfigKeys (ConfUtils.java:logGet(43)) - raft.server.log.segment.size.max = 1048576 (custom)
2019-10-02 07:39:38,426 [pool-181-thread-1] INFO  server.RaftServerConfigKeys (ConfUtils.java:logGet(43)) - raft.server.log.preallocated.size = 16384 (custom)
2019-10-02 07:39:38,426 [pool-181-thread-1] INFO  server.RaftServerConfigKeys (ConfUtils.java:logGet(43)) - raft.server.log.write.buffer.size = 33554432 (custom)
2019-10-02 07:39:38,426 [pool-181-thread-1] INFO  server.RaftServerConfigKeys (ConfUtils.java:logGet(43)) - raft.server.log.force.sync.num = 128 (default)
2019-10-02 07:39:38,426 [pool-181-thread-1] INFO  server.RaftServerConfigKeys (ConfUtils.java:logGet(43)) - raft.server.log.statemachine.data.sync = true (default)
2019-10-02 07:39:38,426 [pool-181-thread-1] INFO  server.RaftServerConfigKeys (ConfUtils.java:logGet(43)) - raft.server.log.statemachine.data.sync.timeout = 10s (default)
2019-10-02 07:39:38,427 [pool-181-thread-1] INFO  server.RaftServerConfigKeys (ConfUtils.java:logGet(43)) - raft.server.log.statemachine.data.sync.timeout.retry = -1 (default)
2019-10-02 07:39:38,427 [pool-181-thread-1] INFO  server.RaftServerConfigKeys (ConfUtils.java:logGet(43)) - raft.server.log.statemachine.data.caching.enabled = true (custom)
2019-10-02 07:39:38,427 [pool-181-thread-1] INFO  segmented.SegmentedRaftLogWorker (SegmentedRaftLogWorker.java:lambda$new$0(128)) - 7ca550b5-eb05-4269-b04e-07cab5a16581@group-792585F5A7BD-SegmentedRaftLogWorker: flushIndex: setUnconditionally 0 -> -1
2019-10-02 07:39:38,428 [pool-181-thread-1] INFO  server.RaftServerConfigKeys (ConfUtils.java:logGet(43)) - raft.server.snapshot.auto.trigger.enabled = true (custom)
2019-10-02 07:39:38,428 [pool-181-thread-1] INFO  server.RaftServerConfigKeys (ConfUtils.java:logGet(43)) - raft.server.snapshot.auto.trigger.threshold = 10000 (custom)
2019-10-02 07:39:38,428 [pool-181-thread-1] INFO  server.RaftServerConfigKeys (ConfUtils.java:logGet(43)) - raft.server.snapshot.retention.file.num = 5 (custom)
2019-10-02 07:39:38,428 [pool-181-thread-1] INFO  server.RaftServerConfigKeys (ConfUtils.java:logGet(43)) - raft.server.retrycache.expirytime = 600000ms (custom)
2019-10-02 07:39:38,430 [pool-181-thread-1] INFO  impl.RaftServerImpl (RaftServerImpl.java:start(181)) - 7ca550b5-eb05-4269-b04e-07cab5a16581@group-792585F5A7BD: start as a follower, conf=-1: [7ca550b5-eb05-4269-b04e-07cab5a16581:192.168.5.178:36351], old=null
2019-10-02 07:39:38,430 [pool-181-thread-1] INFO  impl.RaftServerImpl (RaftServerImpl.java:setRole(170)) - 7ca550b5-eb05-4269-b04e-07cab5a16581@group-792585F5A7BD: changes role from      null to FOLLOWER at term 0 for startAsFollower
2019-10-02 07:39:38,430 [pool-181-thread-1] INFO  impl.RoleInfo (RoleInfo.java:updateAndGet(143)) - 7ca550b5-eb05-4269-b04e-07cab5a16581: start FollowerState
2019-10-02 07:39:38,431 [pool-181-thread-1] INFO  util.JmxRegister (JmxRegister.java:tryRegister(44)) - Successfully registered JMX Bean with object name Ratis:service=RaftServer,group=group-792585F5A7BD,id=7ca550b5-eb05-4269-b04e-07cab5a16581
2019-10-02 07:39:38,435 [RatisPipelineUtilsThread] INFO  pipeline.PipelineStateManager (PipelineStateManager.java:addPipeline(56)) - Created pipeline Pipeline[ Id: e67f1355-a5f2-420e-9bdf-792585f5a7bd, Nodes: 7ca550b5-eb05-4269-b04e-07cab5a16581{ip: 192.168.5.178, host: pr-trunk-8bg6x-723665176, networkLocation: /default-rack, certSerialId: null}, Type:RATIS, Factor:ONE, State:OPEN]
2019-10-02 07:39:38,446 [grpc-default-executor-10] INFO  impl.RaftServerProxy (RaftServerProxy.java:addNew(89)) - 2609764d-f6c2-4d27-bd0c-3a8252d8a1b1: addNew group-5B7E8A8B0482:[2609764d-f6c2-4d27-bd0c-3a8252d8a1b1:192.168.5.178:40845, 7ca550b5-eb05-4269-b04e-07cab5a16581:192.168.5.178:36351, 1b7d02a1-4da6-4721-8686-69cf33273127:192.168.5.178:40844] returns group-5B7E8A8B0482:java.util.concurrent.CompletableFuture@5c93e7c8[Not completed]
2019-10-02 07:39:38,446 [grpc-default-executor-16] INFO  impl.RaftServerProxy (RaftServerProxy.java:addNew(89)) - 1b7d02a1-4da6-4721-8686-69cf33273127: addNew group-5B7E8A8B0482:[2609764d-f6c2-4d27-bd0c-3a8252d8a1b1:192.168.5.178:40845, 7ca550b5-eb05-4269-b04e-07cab5a16581:192.168.5.178:36351, 1b7d02a1-4da6-4721-8686-69cf33273127:192.168.5.178:40844] returns group-5B7E8A8B0482:java.util.concurrent.CompletableFuture@25f7898e[Not completed]
2019-10-02 07:39:38,446 [grpc-default-executor-8] INFO  impl.RaftServerProxy (RaftServerProxy.java:addNew(89)) - 7ca550b5-eb05-4269-b04e-07cab5a16581: addNew group-5B7E8A8B0482:[2609764d-f6c2-4d27-bd0c-3a8252d8a1b1:192.168.5.178:40845, 7ca550b5-eb05-4269-b04e-07cab5a16581:192.168.5.178:36351, 1b7d02a1-4da6-4721-8686-69cf33273127:192.168.5.178:40844] returns group-5B7E8A8B0482:java.util.concurrent.CompletableFuture@24bc37ec[Not completed]
2019-10-02 07:39:38,447 [pool-151-thread-1] INFO  impl.RaftServerImpl (RaftServerImpl.java:<init>(95)) - 1b7d02a1-4da6-4721-8686-69cf33273127: new RaftServerImpl for group-5B7E8A8B0482:[2609764d-f6c2-4d27-bd0c-3a8252d8a1b1:192.168.5.178:40845, 7ca550b5-eb05-4269-b04e-07cab5a16581:192.168.5.178:36351, 1b7d02a1-4da6-4721-8686-69cf33273127:192.168.5.178:40844] with ContainerStateMachine:uninitialized
2019-10-02 07:39:38,448 [pool-151-thread-1] INFO  server.RaftServerConfigKeys (ConfUtils.java:logGet(43)) - raft.server.rpc.timeout.min = 5s (custom)
2019-10-02 07:39:38,448 [pool-151-thread-1] INFO  server.RaftServerConfigKeys (ConfUtils.java:logGet(43)) - raft.server.rpc.timeout.max = 5200ms (custom)
2019-10-02 07:39:38,448 [pool-181-thread-1] INFO  impl.RaftServerImpl (RaftServerImpl.java:<init>(95)) - 7ca550b5-eb05-4269-b04e-07cab5a16581: new RaftServerImpl for group-5B7E8A8B0482:[2609764d-f6c2-4d27-bd0c-3a8252d8a1b1:192.168.5.178:40845, 7ca550b5-eb05-4269-b04e-07cab5a16581:192.168.5.178:36351, 1b7d02a1-4da6-4721-8686-69cf33273127:192.168.5.178:40844] with ContainerStateMachine:uninitialized
2019-10-02 07:39:38,448 [pool-151-thread-1] INFO  server.RaftServerConfigKeys (ConfUtils.java:logGet(43)) - raft.server.rpcslowness.timeout = 120s (custom)
2019-10-02 07:39:38,448 [pool-181-thread-1] INFO  server.RaftServerConfigKeys (ConfUtils.java:logGet(43)) - raft.server.rpc.timeout.min = 5s (custom)
2019-10-02 07:39:38,448 [pool-151-thread-1] INFO  server.RaftServerConfigKeys (ConfUtils.java:logGet(43)) - raft.server.sleep.deviation.threshold = 300 (default)
2019-10-02 07:39:38,448 [pool-181-thread-1] INFO  server.RaftServerConfigKeys (ConfUtils.java:logGet(43)) - raft.server.rpc.timeout.max = 5200ms (custom)
2019-10-02 07:39:38,448 [pool-151-thread-1] INFO  server.RaftServerConfigKeys (ConfUtils.java:logGet(43)) - raft.server.log.appender.install.snapshot.enabled = false (custom)
2019-10-02 07:39:38,449 [pool-181-thread-1] INFO  server.RaftServerConfigKeys (ConfUtils.java:logGet(43)) - raft.server.rpcslowness.timeout = 120s (custom)
2019-10-02 07:39:38,449 [pool-151-thread-1] INFO  impl.RaftServerImpl (ServerState.java:<init>(103)) - 1b7d02a1-4da6-4721-8686-69cf33273127@group-5B7E8A8B0482: ConfigurationManager, init=-1: [2609764d-f6c2-4d27-bd0c-3a8252d8a1b1:192.168.5.178:40845, 7ca550b5-eb05-4269-b04e-07cab5a16581:192.168.5.178:36351, 1b7d02a1-4da6-4721-8686-69cf33273127:192.168.5.178:40844], old=null, confs=<EMPTY_MAP>
2019-10-02 07:39:38,449 [pool-171-thread-1] INFO  impl.RaftServerImpl (RaftServerImpl.java:<init>(95)) - 2609764d-f6c2-4d27-bd0c-3a8252d8a1b1: new RaftServerImpl for group-5B7E8A8B0482:[2609764d-f6c2-4d27-bd0c-3a8252d8a1b1:192.168.5.178:40845, 7ca550b5-eb05-4269-b04e-07cab5a16581:192.168.5.178:36351, 1b7d02a1-4da6-4721-8686-69cf33273127:192.168.5.178:40844] with ContainerStateMachine:uninitialized
2019-10-02 07:39:38,449 [pool-151-thread-1] INFO  server.RaftServerConfigKeys (ConfUtils.java:logGet(43)) - raft.server.storage.dir = [/workdir/hadoop-ozone/integration-test/target/test-dir/MiniOzoneClusterImpl-86ab02b3-fe0f-4689-9ef5-b2acbd941c82/datanode-3/data/ratis] (custom)
2019-10-02 07:39:38,449 [pool-181-thread-1] INFO  server.RaftServerConfigKeys (ConfUtils.java:logGet(43)) - raft.server.sleep.deviation.threshold = 300 (default)
2019-10-02 07:39:38,449 [pool-171-thread-1] INFO  server.RaftServerConfigKeys (ConfUtils.java:logGet(43)) - raft.server.rpc.timeout.min = 5s (custom)
2019-10-02 07:39:38,449 [pool-151-thread-1] INFO  server.RaftServerConfigKeys (ConfUtils.java:logGet(43)) - raft.server.log.corruption.policy = EXCEPTION (default)
2019-10-02 07:39:38,449 [pool-181-thread-1] INFO  server.RaftServerConfigKeys (ConfUtils.java:logGet(43)) - raft.server.log.appender.install.snapshot.enabled = false (custom)
2019-10-02 07:39:38,450 [pool-151-thread-1] INFO  storage.RaftStorageDirectory (RaftStorageDirectory.java:analyzeStorage(246)) - The storage directory /workdir/hadoop-ozone/integration-test/target/test-dir/MiniOzoneClusterImpl-86ab02b3-fe0f-4689-9ef5-b2acbd941c82/datanode-3/data/ratis/c0457029-cc67-4a3d-8dc1-5b7e8a8b0482 does not exist. Creating ...
2019-10-02 07:39:38,450 [pool-171-thread-1] INFO  server.RaftServerConfigKeys (ConfUtils.java:logGet(43)) - raft.server.rpc.timeout.max = 5200ms (custom)
2019-10-02 07:39:38,450 [pool-181-thread-1] INFO  impl.RaftServerImpl (ServerState.java:<init>(103)) - 7ca550b5-eb05-4269-b04e-07cab5a16581@group-5B7E8A8B0482: ConfigurationManager, init=-1: [2609764d-f6c2-4d27-bd0c-3a8252d8a1b1:192.168.5.178:40845, 7ca550b5-eb05-4269-b04e-07cab5a16581:192.168.5.178:36351, 1b7d02a1-4da6-4721-8686-69cf33273127:192.168.5.178:40844], old=null, confs=<EMPTY_MAP>
2019-10-02 07:39:38,450 [pool-171-thread-1] INFO  server.RaftServerConfigKeys (ConfUtils.java:logGet(43)) - raft.server.rpcslowness.timeout = 120s (custom)
2019-10-02 07:39:38,450 [pool-181-thread-1] INFO  server.RaftServerConfigKeys (ConfUtils.java:logGet(43)) - raft.server.storage.dir = [/workdir/hadoop-ozone/integration-test/target/test-dir/MiniOzoneClusterImpl-86ab02b3-fe0f-4689-9ef5-b2acbd941c82/datanode-6/data/ratis] (custom)
2019-10-02 07:39:38,450 [pool-171-thread-1] INFO  server.RaftServerConfigKeys (ConfUtils.java:logGet(43)) - raft.server.sleep.deviation.threshold = 300 (default)
2019-10-02 07:39:38,451 [pool-181-thread-1] INFO  server.RaftServerConfigKeys (ConfUtils.java:logGet(43)) - raft.server.log.corruption.policy = EXCEPTION (default)
2019-10-02 07:39:38,451 [pool-171-thread-1] INFO  server.RaftServerConfigKeys (ConfUtils.java:logGet(43)) - raft.server.log.appender.install.snapshot.enabled = false (custom)
2019-10-02 07:39:38,451 [pool-181-thread-1] INFO  storage.RaftStorageDirectory (RaftStorageDirectory.java:analyzeStorage(246)) - The storage directory /workdir/hadoop-ozone/integration-test/target/test-dir/MiniOzoneClusterImpl-86ab02b3-fe0f-4689-9ef5-b2acbd941c82/datanode-6/data/ratis/c0457029-cc67-4a3d-8dc1-5b7e8a8b0482 does not exist. Creating ...
2019-10-02 07:39:38,451 [pool-171-thread-1] INFO  impl.RaftServerImpl (ServerState.java:<init>(103)) - 2609764d-f6c2-4d27-bd0c-3a8252d8a1b1@group-5B7E8A8B0482: ConfigurationManager, init=-1: [2609764d-f6c2-4d27-bd0c-3a8252d8a1b1:192.168.5.178:40845, 7ca550b5-eb05-4269-b04e-07cab5a16581:192.168.5.178:36351, 1b7d02a1-4da6-4721-8686-69cf33273127:192.168.5.178:40844], old=null, confs=<EMPTY_MAP>
2019-10-02 07:39:38,451 [pool-171-thread-1] INFO  server.RaftServerConfigKeys (ConfUtils.java:logGet(43)) - raft.server.storage.dir = [/workdir/hadoop-ozone/integration-test/target/test-dir/MiniOzoneClusterImpl-86ab02b3-fe0f-4689-9ef5-b2acbd941c82/datanode-5/data/ratis] (custom)
2019-10-02 07:39:38,452 [pool-171-thread-1] INFO  server.RaftServerConfigKeys (ConfUtils.java:logGet(43)) - raft.server.log.corruption.policy = EXCEPTION (default)
2019-10-02 07:39:38,452 [pool-171-thread-1] INFO  storage.RaftStorageDirectory (RaftStorageDirectory.java:analyzeStorage(246)) - The storage directory /workdir/hadoop-ozone/integration-test/target/test-dir/MiniOzoneClusterImpl-86ab02b3-fe0f-4689-9ef5-b2acbd941c82/datanode-5/data/ratis/c0457029-cc67-4a3d-8dc1-5b7e8a8b0482 does not exist. Creating ...
2019-10-02 07:39:38,463 [pool-171-thread-1] INFO  storage.RaftStorageDirectory (RaftStorageDirectory.java:tryLock(328)) - Lock on /workdir/hadoop-ozone/integration-test/target/test-dir/MiniOzoneClusterImpl-86ab02b3-fe0f-4689-9ef5-b2acbd941c82/datanode-5/data/ratis/c0457029-cc67-4a3d-8dc1-5b7e8a8b0482/in_use.lock acquired by nodename 1188@pr-trunk-8bg6x-723665176
2019-10-02 07:39:38,463 [pool-151-thread-1] INFO  storage.RaftStorageDirectory (RaftStorageDirectory.java:tryLock(328)) - Lock on /workdir/hadoop-ozone/integration-test/target/test-dir/MiniOzoneClusterImpl-86ab02b3-fe0f-4689-9ef5-b2acbd941c82/datanode-3/data/ratis/c0457029-cc67-4a3d-8dc1-5b7e8a8b0482/in_use.lock acquired by nodename 1188@pr-trunk-8bg6x-723665176
2019-10-02 07:39:38,463 [pool-181-thread-1] INFO  storage.RaftStorageDirectory (RaftStorageDirectory.java:tryLock(328)) - Lock on /workdir/hadoop-ozone/integration-test/target/test-dir/MiniOzoneClusterImpl-86ab02b3-fe0f-4689-9ef5-b2acbd941c82/datanode-6/data/ratis/c0457029-cc67-4a3d-8dc1-5b7e8a8b0482/in_use.lock acquired by nodename 1188@pr-trunk-8bg6x-723665176
2019-10-02 07:39:38,477 [pool-171-thread-1] INFO  storage.RaftStorage (RaftStorage.java:format(84)) - Storage directory /workdir/hadoop-ozone/integration-test/target/test-dir/MiniOzoneClusterImpl-86ab02b3-fe0f-4689-9ef5-b2acbd941c82/datanode-5/data/ratis/c0457029-cc67-4a3d-8dc1-5b7e8a8b0482 has been successfully formatted.
2019-10-02 07:39:38,477 [pool-181-thread-1] INFO  storage.RaftStorage (RaftStorage.java:format(84)) - Storage directory /workdir/hadoop-ozone/integration-test/target/test-dir/MiniOzoneClusterImpl-86ab02b3-fe0f-4689-9ef5-b2acbd941c82/datanode-6/data/ratis/c0457029-cc67-4a3d-8dc1-5b7e8a8b0482 has been successfully formatted.
2019-10-02 07:39:38,477 [pool-151-thread-1] INFO  storage.RaftStorage (RaftStorage.java:format(84)) - Storage directory /workdir/hadoop-ozone/integration-test/target/test-dir/MiniOzoneClusterImpl-86ab02b3-fe0f-4689-9ef5-b2acbd941c82/datanode-3/data/ratis/c0457029-cc67-4a3d-8dc1-5b7e8a8b0482 has been successfully formatted.
2019-10-02 07:39:38,477 [pool-181-thread-1] INFO  ratis.ContainerStateMachine (ContainerStateMachine.java:loadSnapshot(231)) - group-5B7E8A8B0482: The snapshot info is null. Setting the last applied indexto:(t:0, i:~)
2019-10-02 07:39:38,477 [pool-171-thread-1] INFO  ratis.ContainerStateMachine (ContainerStateMachine.java:loadSnapshot(231)) - group-5B7E8A8B0482: The snapshot info is null. Setting the last applied indexto:(t:0, i:~)
2019-10-02 07:39:38,477 [pool-181-thread-1] INFO  server.RaftServerConfigKeys (ConfUtils.java:logGet(43)) - raft.server.notification.no-leader.timeout = 120s (custom)
2019-10-02 07:39:38,477 [pool-151-thread-1] INFO  ratis.ContainerStateMachine (ContainerStateMachine.java:loadSnapshot(231)) - group-5B7E8A8B0482: The snapshot info is null. Setting the last applied indexto:(t:0, i:~)
2019-10-02 07:39:38,478 [pool-181-thread-1] INFO  server.RaftServerConfigKeys (ConfUtils.java:logGet(43)) - raft.server.log.use.memory = false (default)
2019-10-02 07:39:38,477 [pool-171-thread-1] INFO  server.RaftServerConfigKeys (ConfUtils.java:logGet(43)) - raft.server.notification.no-leader.timeout = 120s (custom)
2019-10-02 07:39:38,478 [pool-181-thread-1] INFO  server.RaftServerConfigKeys (ConfUtils.java:logGet(43)) - raft.server.log.purge.gap = 1000000 (custom)
2019-10-02 07:39:38,478 [pool-151-thread-1] INFO  server.RaftServerConfigKeys (ConfUtils.java:logGet(43)) - raft.server.notification.no-leader.timeout = 120s (custom)
2019-10-02 07:39:38,478 [pool-181-thread-1] INFO  server.RaftServerConfigKeys (ConfUtils.java:logGet(43)) - raft.server.log.appender.buffer.byte-limit = 33554432 (custom)
2019-10-02 07:39:38,478 [pool-171-thread-1] INFO  server.RaftServerConfigKeys (ConfUtils.java:logGet(43)) - raft.server.log.use.memory = false (default)
2019-10-02 07:39:38,478 [pool-181-thread-1] INFO  server.RaftServerConfigKeys (ConfUtils.java:logGet(43)) - raft.server.log.segment.size.max = 1048576 (custom)
2019-10-02 07:39:38,478 [pool-151-thread-1] INFO  server.RaftServerConfigKeys (ConfUtils.java:logGet(43)) - raft.server.log.use.memory = false (default)
2019-10-02 07:39:38,479 [pool-181-thread-1] INFO  server.RaftServerConfigKeys (ConfUtils.java:logGet(43)) - raft.server.log.segment.cache.num.max = 2 (custom)
2019-10-02 07:39:38,479 [pool-171-thread-1] INFO  server.RaftServerConfigKeys (ConfUtils.java:logGet(43)) - raft.server.log.purge.gap = 1000000 (custom)
2019-10-02 07:39:38,479 [pool-181-thread-1] INFO  segmented.SegmentedRaftLogWorker (SegmentedRaftLogWorker.java:<init>(173)) - new 7ca550b5-eb05-4269-b04e-07cab5a16581@group-5B7E8A8B0482-SegmentedRaftLogWorker for RaftStorage:Storage Directory /workdir/hadoop-ozone/integration-test/target/test-dir/MiniOzoneClusterImpl-86ab02b3-fe0f-4689-9ef5-b2acbd941c82/datanode-6/data/ratis/c0457029-cc67-4a3d-8dc1-5b7e8a8b0482
2019-10-02 07:39:38,479 [pool-181-thread-1] INFO  server.RaftServerConfigKeys (ConfUtils.java:logGet(43)) - raft.server.log.queue.byte-limit = 2147483647 (custom)
2019-10-02 07:39:38,479 [pool-151-thread-1] INFO  server.RaftServerConfigKeys (ConfUtils.java:logGet(43)) - raft.server.log.purge.gap = 1000000 (custom)
2019-10-02 07:39:38,479 [pool-181-thread-1] INFO  server.RaftServerConfigKeys (ConfUtils.java:logGet(43)) - raft.server.log.queue.element-limit = 1024 (custom)
2019-10-02 07:39:38,479 [pool-171-thread-1] INFO  server.RaftServerConfigKeys (ConfUtils.java:logGet(43)) - raft.server.log.appender.buffer.byte-limit = 33554432 (custom)
2019-10-02 07:39:38,480 [pool-181-thread-1] INFO  server.RaftServerConfigKeys (ConfUtils.java:logGet(43)) - raft.server.log.segment.size.max = 1048576 (custom)
2019-10-02 07:39:38,480 [pool-151-thread-1] INFO  server.RaftServerConfigKeys (ConfUtils.java:logGet(43)) - raft.server.log.appender.buffer.byte-limit = 33554432 (custom)
2019-10-02 07:39:38,480 [pool-181-thread-1] INFO  server.RaftServerConfigKeys (ConfUtils.java:logGet(43)) - raft.server.log.preallocated.size = 16384 (custom)
2019-10-02 07:39:38,480 [pool-181-thread-1] INFO  server.RaftServerConfigKeys (ConfUtils.java:logGet(43)) - raft.server.log.write.buffer.size = 33554432 (custom)
2019-10-02 07:39:38,480 [pool-171-thread-1] INFO  server.RaftServerConfigKeys (ConfUtils.java:logGet(43)) - raft.server.log.segment.size.max = 1048576 (custom)
2019-10-02 07:39:38,481 [pool-181-thread-1] INFO  server.RaftServerConfigKeys (ConfUtils.java:logGet(43)) - raft.server.log.force.sync.num = 128 (default)
2019-10-02 07:39:38,480 [pool-151-thread-1] INFO  server.RaftServerConfigKeys (ConfUtils.java:logGet(43)) - raft.server.log.segment.size.max = 1048576 (custom)
2019-10-02 07:39:38,481 [pool-181-thread-1] INFO  server.RaftServerConfigKeys (ConfUtils.java:logGet(43)) - raft.server.log.statemachine.data.sync = true (default)
2019-10-02 07:39:38,481 [pool-171-thread-1] INFO  server.RaftServerConfigKeys (ConfUtils.java:logGet(43)) - raft.server.log.segment.cache.num.max = 2 (custom)
2019-10-02 07:39:38,481 [pool-181-thread-1] INFO  server.RaftServerConfigKeys (ConfUtils.java:logGet(43)) - raft.server.log.statemachine.data.sync.timeout = 10s (default)
2019-10-02 07:39:38,481 [pool-151-thread-1] INFO  server.RaftServerConfigKeys (ConfUtils.java:logGet(43)) - raft.server.log.segment.cache.num.max = 2 (custom)
2019-10-02 07:39:38,482 [pool-181-thread-1] INFO  server.RaftServerConfigKeys (ConfUtils.java:logGet(43)) - raft.server.log.statemachine.data.sync.timeout.retry = -1 (default)
2019-10-02 07:39:38,481 [pool-171-thread-1] INFO  segmented.SegmentedRaftLogWorker (SegmentedRaftLogWorker.java:<init>(173)) - new 2609764d-f6c2-4d27-bd0c-3a8252d8a1b1@group-5B7E8A8B0482-SegmentedRaftLogWorker for RaftStorage:Storage Directory /workdir/hadoop-ozone/integration-test/target/test-dir/MiniOzoneClusterImpl-86ab02b3-fe0f-4689-9ef5-b2acbd941c82/datanode-5/data/ratis/c0457029-cc67-4a3d-8dc1-5b7e8a8b0482
2019-10-02 07:39:38,482 [pool-181-thread-1] INFO  server.RaftServerConfigKeys (ConfUtils.java:logGet(43)) - raft.server.log.statemachine.data.caching.enabled = true (custom)
2019-10-02 07:39:38,482 [pool-151-thread-1] INFO  segmented.SegmentedRaftLogWorker (SegmentedRaftLogWorker.java:<init>(173)) - new 1b7d02a1-4da6-4721-8686-69cf33273127@group-5B7E8A8B0482-SegmentedRaftLogWorker for RaftStorage:Storage Directory /workdir/hadoop-ozone/integration-test/target/test-dir/MiniOzoneClusterImpl-86ab02b3-fe0f-4689-9ef5-b2acbd941c82/datanode-3/data/ratis/c0457029-cc67-4a3d-8dc1-5b7e8a8b0482
2019-10-02 07:39:38,482 [pool-171-thread-1] INFO  server.RaftServerConfigKeys (ConfUtils.java:logGet(43)) - raft.server.log.queue.byte-limit = 2147483647 (custom)
2019-10-02 07:39:38,482 [pool-151-thread-1] INFO  server.RaftServerConfigKeys (ConfUtils.java:logGet(43)) - raft.server.log.queue.byte-limit = 2147483647 (custom)
2019-10-02 07:39:38,482 [pool-181-thread-1] INFO  segmented.SegmentedRaftLogWorker (SegmentedRaftLogWorker.java:lambda$new$0(128)) - 7ca550b5-eb05-4269-b04e-07cab5a16581@group-5B7E8A8B0482-SegmentedRaftLogWorker: flushIndex: setUnconditionally 0 -> -1
2019-10-02 07:39:38,483 [pool-151-thread-1] INFO  server.RaftServerConfigKeys (ConfUtils.java:logGet(43)) - raft.server.log.queue.element-limit = 1024 (custom)
2019-10-02 07:39:38,482 [pool-171-thread-1] INFO  server.RaftServerConfigKeys (ConfUtils.java:logGet(43)) - raft.server.log.queue.element-limit = 1024 (custom)
2019-10-02 07:39:38,483 [pool-151-thread-1] INFO  server.RaftServerConfigKeys (ConfUtils.java:logGet(43)) - raft.server.log.segment.size.max = 1048576 (custom)
2019-10-02 07:39:38,483 [pool-181-thread-1] INFO  server.RaftServerConfigKeys (ConfUtils.java:logGet(43)) - raft.server.snapshot.auto.trigger.enabled = true (custom)
2019-10-02 07:39:38,483 [pool-151-thread-1] INFO  server.RaftServerConfigKeys (ConfUtils.java:logGet(43)) - raft.server.log.preallocated.size = 16384 (custom)
2019-10-02 07:39:38,483 [pool-171-thread-1] INFO  server.RaftServerConfigKeys (ConfUtils.java:logGet(43)) - raft.server.log.segment.size.max = 1048576 (custom)
2019-10-02 07:39:38,484 [pool-151-thread-1] INFO  server.RaftServerConfigKeys (ConfUtils.java:logGet(43)) - raft.server.log.write.buffer.size = 33554432 (custom)
2019-10-02 07:39:38,483 [pool-181-thread-1] INFO  server.RaftServerConfigKeys (ConfUtils.java:logGet(43)) - raft.server.snapshot.auto.trigger.threshold = 10000 (custom)
2019-10-02 07:39:38,484 [pool-151-thread-1] INFO  server.RaftServerConfigKeys (ConfUtils.java:logGet(43)) - raft.server.log.force.sync.num = 128 (default)
2019-10-02 07:39:38,484 [pool-171-thread-1] INFO  server.RaftServerConfigKeys (ConfUtils.java:logGet(43)) - raft.server.log.preallocated.size = 16384 (custom)
2019-10-02 07:39:38,484 [pool-151-thread-1] INFO  server.RaftServerConfigKeys (ConfUtils.java:logGet(43)) - raft.server.log.statemachine.data.sync = true (default)
2019-10-02 07:39:38,484 [pool-181-thread-1] INFO  server.RaftServerConfigKeys (ConfUtils.java:logGet(43)) - raft.server.snapshot.retention.file.num = 5 (custom)
2019-10-02 07:39:38,484 [pool-151-thread-1] INFO  server.RaftServerConfigKeys (ConfUtils.java:logGet(43)) - raft.server.log.statemachine.data.sync.timeout = 10s (default)
2019-10-02 07:39:38,484 [pool-171-thread-1] INFO  server.RaftServerConfigKeys (ConfUtils.java:logGet(43)) - raft.server.log.write.buffer.size = 33554432 (custom)
2019-10-02 07:39:38,485 [pool-151-thread-1] INFO  server.RaftServerConfigKeys (ConfUtils.java:logGet(43)) - raft.server.log.statemachine.data.sync.timeout.retry = -1 (default)
2019-10-02 07:39:38,485 [pool-181-thread-1] INFO  server.RaftServerConfigKeys (ConfUtils.java:logGet(43)) - raft.server.retrycache.expirytime = 600000ms (custom)
2019-10-02 07:39:38,485 [pool-151-thread-1] INFO  server.RaftServerConfigKeys (ConfUtils.java:logGet(43)) - raft.server.log.statemachine.data.caching.enabled = true (custom)
2019-10-02 07:39:38,485 [pool-171-thread-1] INFO  server.RaftServerConfigKeys (ConfUtils.java:logGet(43)) - raft.server.log.force.sync.num = 128 (default)
2019-10-02 07:39:38,485 [pool-151-thread-1] INFO  segmented.SegmentedRaftLogWorker (SegmentedRaftLogWorker.java:lambda$new$0(128)) - 1b7d02a1-4da6-4721-8686-69cf33273127@group-5B7E8A8B0482-SegmentedRaftLogWorker: flushIndex: setUnconditionally 0 -> -1
2019-10-02 07:39:38,485 [pool-171-thread-1] INFO  server.RaftServerConfigKeys (ConfUtils.java:logGet(43)) - raft.server.log.statemachine.data.sync = true (default)
2019-10-02 07:39:38,486 [pool-171-thread-1] INFO  server.RaftServerConfigKeys (ConfUtils.java:logGet(43)) - raft.server.log.statemachine.data.sync.timeout = 10s (default)
2019-10-02 07:39:38,486 [pool-151-thread-1] INFO  server.RaftServerConfigKeys (ConfUtils.java:logGet(43)) - raft.server.snapshot.auto.trigger.enabled = true (custom)
2019-10-02 07:39:38,486 [pool-171-thread-1] INFO  server.RaftServerConfigKeys (ConfUtils.java:logGet(43)) - raft.server.log.statemachine.data.sync.timeout.retry = -1 (default)
2019-10-02 07:39:38,486 [pool-151-thread-1] INFO  server.RaftServerConfigKeys (ConfUtils.java:logGet(43)) - raft.server.snapshot.auto.trigger.threshold = 10000 (custom)
2019-10-02 07:39:38,486 [pool-171-thread-1] INFO  server.RaftServerConfigKeys (ConfUtils.java:logGet(43)) - raft.server.log.statemachine.data.caching.enabled = true (custom)
2019-10-02 07:39:38,486 [pool-151-thread-1] INFO  server.RaftServerConfigKeys (ConfUtils.java:logGet(43)) - raft.server.snapshot.retention.file.num = 5 (custom)
2019-10-02 07:39:38,487 [pool-171-thread-1] INFO  segmented.SegmentedRaftLogWorker (SegmentedRaftLogWorker.java:lambda$new$0(128)) - 2609764d-f6c2-4d27-bd0c-3a8252d8a1b1@group-5B7E8A8B0482-SegmentedRaftLogWorker: flushIndex: setUnconditionally 0 -> -1
2019-10-02 07:39:38,487 [pool-151-thread-1] INFO  server.RaftServerConfigKeys (ConfUtils.java:logGet(43)) - raft.server.retrycache.expirytime = 600000ms (custom)
2019-10-02 07:39:38,487 [pool-171-thread-1] INFO  server.RaftServerConfigKeys (ConfUtils.java:logGet(43)) - raft.server.snapshot.auto.trigger.enabled = true (custom)
2019-10-02 07:39:38,487 [pool-171-thread-1] INFO  server.RaftServerConfigKeys (ConfUtils.java:logGet(43)) - raft.server.snapshot.auto.trigger.threshold = 10000 (custom)
2019-10-02 07:39:38,487 [pool-171-thread-1] INFO  server.RaftServerConfigKeys (ConfUtils.java:logGet(43)) - raft.server.snapshot.retention.file.num = 5 (custom)
2019-10-02 07:39:38,487 [pool-181-thread-1] INFO  impl.RaftServerImpl (RaftServerImpl.java:start(181)) - 7ca550b5-eb05-4269-b04e-07cab5a16581@group-5B7E8A8B0482: start as a follower, conf=-1: [2609764d-f6c2-4d27-bd0c-3a8252d8a1b1:192.168.5.178:40845, 7ca550b5-eb05-4269-b04e-07cab5a16581:192.168.5.178:36351, 1b7d02a1-4da6-4721-8686-69cf33273127:192.168.5.178:40844], old=null
2019-10-02 07:39:38,487 [pool-171-thread-1] INFO  server.RaftServerConfigKeys (ConfUtils.java:logGet(43)) - raft.server.retrycache.expirytime = 600000ms (custom)
2019-10-02 07:39:38,488 [pool-181-thread-1] INFO  impl.RaftServerImpl (RaftServerImpl.java:setRole(170)) - 7ca550b5-eb05-4269-b04e-07cab5a16581@group-5B7E8A8B0482: changes role from      null to FOLLOWER at term 0 for startAsFollower
2019-10-02 07:39:38,488 [pool-181-thread-1] INFO  impl.RoleInfo (RoleInfo.java:updateAndGet(143)) - 7ca550b5-eb05-4269-b04e-07cab5a16581: start FollowerState
2019-10-02 07:39:38,488 [pool-181-thread-1] INFO  util.JmxRegister (JmxRegister.java:tryRegister(44)) - Successfully registered JMX Bean with object name Ratis:service=RaftServer,group=group-5B7E8A8B0482,id=7ca550b5-eb05-4269-b04e-07cab5a16581
2019-10-02 07:39:38,489 [pool-151-thread-1] INFO  impl.RaftServerImpl (RaftServerImpl.java:start(181)) - 1b7d02a1-4da6-4721-8686-69cf33273127@group-5B7E8A8B0482: start as a follower, conf=-1: [2609764d-f6c2-4d27-bd0c-3a8252d8a1b1:192.168.5.178:40845, 7ca550b5-eb05-4269-b04e-07cab5a16581:192.168.5.178:36351, 1b7d02a1-4da6-4721-8686-69cf33273127:192.168.5.178:40844], old=null
2019-10-02 07:39:38,489 [pool-151-thread-1] INFO  impl.RaftServerImpl (RaftServerImpl.java:setRole(170)) - 1b7d02a1-4da6-4721-8686-69cf33273127@group-5B7E8A8B0482: changes role from      null to FOLLOWER at term 0 for startAsFollower
2019-10-02 07:39:38,490 [pool-151-thread-1] INFO  impl.RoleInfo (RoleInfo.java:updateAndGet(143)) - 1b7d02a1-4da6-4721-8686-69cf33273127: start FollowerState
2019-10-02 07:39:38,490 [pool-151-thread-1] INFO  util.JmxRegister (JmxRegister.java:tryRegister(44)) - Successfully registered JMX Bean with object name Ratis:service=RaftServer,group=group-5B7E8A8B0482,id=1b7d02a1-4da6-4721-8686-69cf33273127
2019-10-02 07:39:38,491 [pool-171-thread-1] INFO  impl.RaftServerImpl (RaftServerImpl.java:start(181)) - 2609764d-f6c2-4d27-bd0c-3a8252d8a1b1@group-5B7E8A8B0482: start as a follower, conf=-1: [2609764d-f6c2-4d27-bd0c-3a8252d8a1b1:192.168.5.178:40845, 7ca550b5-eb05-4269-b04e-07cab5a16581:192.168.5.178:36351, 1b7d02a1-4da6-4721-8686-69cf33273127:192.168.5.178:40844], old=null
2019-10-02 07:39:38,491 [pool-171-thread-1] INFO  impl.RaftServerImpl (RaftServerImpl.java:setRole(170)) - 2609764d-f6c2-4d27-bd0c-3a8252d8a1b1@group-5B7E8A8B0482: changes role from      null to FOLLOWER at term 0 for startAsFollower
2019-10-02 07:39:38,491 [pool-171-thread-1] INFO  impl.RoleInfo (RoleInfo.java:updateAndGet(143)) - 2609764d-f6c2-4d27-bd0c-3a8252d8a1b1: start FollowerState
2019-10-02 07:39:38,491 [pool-171-thread-1] INFO  util.JmxRegister (JmxRegister.java:tryRegister(44)) - Successfully registered JMX Bean with object name Ratis:service=RaftServer,group=group-5B7E8A8B0482,id=2609764d-f6c2-4d27-bd0c-3a8252d8a1b1
2019-10-02 07:39:38,497 [RatisPipelineUtilsThread] INFO  pipeline.PipelineStateManager (PipelineStateManager.java:addPipeline(56)) - Created pipeline Pipeline[ Id: c0457029-cc67-4a3d-8dc1-5b7e8a8b0482, Nodes: 1b7d02a1-4da6-4721-8686-69cf33273127{ip: 192.168.5.178, host: pr-trunk-8bg6x-723665176, networkLocation: /default-rack, certSerialId: null}2609764d-f6c2-4d27-bd0c-3a8252d8a1b1{ip: 192.168.5.178, host: pr-trunk-8bg6x-723665176, networkLocation: /default-rack, certSerialId: null}7ca550b5-eb05-4269-b04e-07cab5a16581{ip: 192.168.5.178, host: pr-trunk-8bg6x-723665176, networkLocation: /default-rack, certSerialId: null}, Type:RATIS, Factor:THREE, State:OPEN]
2019-10-02 07:39:39,307 [main] INFO  ozone.MiniOzoneClusterImpl (MiniOzoneClusterImpl.java:lambda$waitForClusterToBeReady$0(147)) - Cluster is ready. Got 7 of 7 DN Heartbeats.
2019-10-02 07:39:39,366 [main] INFO  rpc.RpcClient (RpcClient.java:createVolume(276)) - Creating Volume: testblockoutputstreamwithretries, with jenkins1000 as owner.
2019-10-02 07:39:39,370 [IPC Server handler 1 on 36252] INFO  volume.OMVolumeCreateRequest (OMVolumeCreateRequest.java:validateAndUpdateCache(194)) - created volume:testblockoutputstreamwithretries for user:jenkins1000
2019-10-02 07:39:39,387 [main] INFO  rpc.RpcClient (RpcClient.java:createBucket(415)) - Creating Bucket: testblockoutputstreamwithretries/testblockoutputstreamwithretries, with Versioning false and Storage Type set to DISK and Encryption set to false 
2019-10-02 07:39:40,942 [Thread-1450] INFO  container.ReplicationManager (ReplicationManager.java:start(162)) - Starting Replication Monitor Thread.
2019-10-02 07:39:40,947 [ReplicationMonitor] INFO  container.ReplicationManager (ReplicationManager.java:run(225)) - Replication Monitor Thread took 1 milliseconds for processing 3 containers.
2019-10-02 07:39:43,122 [Thread-1455] INFO  impl.FollowerState (FollowerState.java:run(108)) - 50e37c97-987b-45d1-861c-706b55a6aef7@group-2622B554C9B5-FollowerState: change to CANDIDATE, lastRpcTime:5068ms, electionTimeout:5068ms
2019-10-02 07:39:43,123 [Thread-1455] INFO  impl.RoleInfo (RoleInfo.java:shutdownFollowerState(121)) - 50e37c97-987b-45d1-861c-706b55a6aef7: shutdown FollowerState
2019-10-02 07:39:43,123 [Thread-1455] INFO  impl.RaftServerImpl (RaftServerImpl.java:setRole(170)) - 50e37c97-987b-45d1-861c-706b55a6aef7@group-2622B554C9B5: changes role from  FOLLOWER to CANDIDATE at term 0 for changeToCandidate
2019-10-02 07:39:43,123 [Thread-1455] INFO  impl.RoleInfo (RoleInfo.java:updateAndGet(143)) - 50e37c97-987b-45d1-861c-706b55a6aef7: start LeaderElection
2019-10-02 07:39:43,134 [Thread-1452] INFO  impl.FollowerState (FollowerState.java:run(108)) - 003c0b2c-9291-471c-a534-75bc80e0ebc2@group-D76904C98F8C-FollowerState: change to CANDIDATE, lastRpcTime:5136ms, electionTimeout:5136ms
2019-10-02 07:39:43,134 [Thread-1452] INFO  impl.RoleInfo (RoleInfo.java:shutdownFollowerState(121)) - 003c0b2c-9291-471c-a534-75bc80e0ebc2: shutdown FollowerState
2019-10-02 07:39:43,134 [Thread-1452] INFO  impl.RaftServerImpl (RaftServerImpl.java:setRole(170)) - 003c0b2c-9291-471c-a534-75bc80e0ebc2@group-D76904C98F8C: changes role from  FOLLOWER to CANDIDATE at term 0 for changeToCandidate
2019-10-02 07:39:43,134 [Thread-1452] INFO  impl.RoleInfo (RoleInfo.java:updateAndGet(143)) - 003c0b2c-9291-471c-a534-75bc80e0ebc2: start LeaderElection
2019-10-02 07:39:43,146 [50e37c97-987b-45d1-861c-706b55a6aef7@group-2622B554C9B5-LeaderElection17] INFO  impl.LeaderElection (LeaderElection.java:askForVotes(178)) - 50e37c97-987b-45d1-861c-706b55a6aef7@group-2622B554C9B5-LeaderElection17: begin an election at term 1 for -1: [50e37c97-987b-45d1-861c-706b55a6aef7:192.168.5.178:44066], old=null
2019-10-02 07:39:43,146 [003c0b2c-9291-471c-a534-75bc80e0ebc2@group-D76904C98F8C-LeaderElection18] INFO  impl.LeaderElection (LeaderElection.java:askForVotes(178)) - 003c0b2c-9291-471c-a534-75bc80e0ebc2@group-D76904C98F8C-LeaderElection18: begin an election at term 1 for -1: [003c0b2c-9291-471c-a534-75bc80e0ebc2:192.168.5.178:36079], old=null
2019-10-02 07:39:43,146 [50e37c97-987b-45d1-861c-706b55a6aef7@group-2622B554C9B5-LeaderElection17] INFO  impl.RoleInfo (RoleInfo.java:shutdownLeaderElection(134)) - 50e37c97-987b-45d1-861c-706b55a6aef7: shutdown LeaderElection
2019-10-02 07:39:43,147 [003c0b2c-9291-471c-a534-75bc80e0ebc2@group-D76904C98F8C-LeaderElection18] INFO  impl.RoleInfo (RoleInfo.java:shutdownLeaderElection(134)) - 003c0b2c-9291-471c-a534-75bc80e0ebc2: shutdown LeaderElection
2019-10-02 07:39:43,147 [50e37c97-987b-45d1-861c-706b55a6aef7@group-2622B554C9B5-LeaderElection17] INFO  impl.RaftServerImpl (RaftServerImpl.java:setRole(170)) - 50e37c97-987b-45d1-861c-706b55a6aef7@group-2622B554C9B5: changes role from CANDIDATE to LEADER at term 1 for changeToLeader
2019-10-02 07:39:43,147 [003c0b2c-9291-471c-a534-75bc80e0ebc2@group-D76904C98F8C-LeaderElection18] INFO  impl.RaftServerImpl (RaftServerImpl.java:setRole(170)) - 003c0b2c-9291-471c-a534-75bc80e0ebc2@group-D76904C98F8C: changes role from CANDIDATE to LEADER at term 1 for changeToLeader
2019-10-02 07:39:43,147 [50e37c97-987b-45d1-861c-706b55a6aef7@group-2622B554C9B5-LeaderElection17] INFO  impl.RaftServerImpl (ServerState.java:setLeader(255)) - 50e37c97-987b-45d1-861c-706b55a6aef7@group-2622B554C9B5: change Leader from null to 50e37c97-987b-45d1-861c-706b55a6aef7 at term 1 for becomeLeader, leader elected after 5101ms
2019-10-02 07:39:43,147 [003c0b2c-9291-471c-a534-75bc80e0ebc2@group-D76904C98F8C-LeaderElection18] INFO  impl.RaftServerImpl (ServerState.java:setLeader(255)) - 003c0b2c-9291-471c-a534-75bc80e0ebc2@group-D76904C98F8C: change Leader from null to 003c0b2c-9291-471c-a534-75bc80e0ebc2 at term 1 for becomeLeader, leader elected after 5160ms
2019-10-02 07:39:43,149 [50e37c97-987b-45d1-861c-706b55a6aef7@group-2622B554C9B5-LeaderElection17] INFO  server.RaftServerConfigKeys (ConfUtils.java:logGet(43)) - raft.server.staging.catchup.gap = 1000 (default)
2019-10-02 07:39:43,151 [003c0b2c-9291-471c-a534-75bc80e0ebc2@group-D76904C98F8C-LeaderElection18] INFO  server.RaftServerConfigKeys (ConfUtils.java:logGet(43)) - raft.server.staging.catchup.gap = 1000 (default)
2019-10-02 07:39:43,152 [50e37c97-987b-45d1-861c-706b55a6aef7@group-2622B554C9B5-LeaderElection17] INFO  server.RaftServerConfigKeys (ConfUtils.java:logGet(43)) - raft.server.rpc.sleep.time = 25ms (default)
2019-10-02 07:39:43,152 [003c0b2c-9291-471c-a534-75bc80e0ebc2@group-D76904C98F8C-LeaderElection18] INFO  server.RaftServerConfigKeys (ConfUtils.java:logGet(43)) - raft.server.rpc.sleep.time = 25ms (default)
2019-10-02 07:39:43,152 [50e37c97-987b-45d1-861c-706b55a6aef7@group-2622B554C9B5-LeaderElection17] INFO  server.RaftServerConfigKeys (ConfUtils.java:logGet(43)) - raft.server.write.element-limit = 4096 (default)
2019-10-02 07:39:43,152 [003c0b2c-9291-471c-a534-75bc80e0ebc2@group-D76904C98F8C-LeaderElection18] INFO  server.RaftServerConfigKeys (ConfUtils.java:logGet(43)) - raft.server.write.element-limit = 4096 (default)
2019-10-02 07:39:43,152 [50e37c97-987b-45d1-861c-706b55a6aef7@group-2622B554C9B5-LeaderElection17] INFO  server.RaftServerConfigKeys (ConfUtils.java:logGet(43)) - raft.server.watch.timeout = 10s (default)
2019-10-02 07:39:43,152 [003c0b2c-9291-471c-a534-75bc80e0ebc2@group-D76904C98F8C-LeaderElection18] INFO  server.RaftServerConfigKeys (ConfUtils.java:logGet(43)) - raft.server.watch.timeout = 10s (default)
2019-10-02 07:39:43,152 [50e37c97-987b-45d1-861c-706b55a6aef7@group-2622B554C9B5-LeaderElection17] INFO  server.RaftServerConfigKeys (ConfUtils.java:logGet(43)) - raft.server.watch.timeout.denomination = 1s (default)
2019-10-02 07:39:43,153 [003c0b2c-9291-471c-a534-75bc80e0ebc2@group-D76904C98F8C-LeaderElection18] INFO  server.RaftServerConfigKeys (ConfUtils.java:logGet(43)) - raft.server.watch.timeout.denomination = 1s (default)
2019-10-02 07:39:43,153 [50e37c97-987b-45d1-861c-706b55a6aef7@group-2622B554C9B5-LeaderElection17] INFO  server.RaftServerConfigKeys (ConfUtils.java:logGet(43)) - raft.server.watch.element-limit = 65536 (default)
2019-10-02 07:39:43,153 [003c0b2c-9291-471c-a534-75bc80e0ebc2@group-D76904C98F8C-LeaderElection18] INFO  server.RaftServerConfigKeys (ConfUtils.java:logGet(43)) - raft.server.watch.element-limit = 65536 (default)
2019-10-02 07:39:43,156 [50e37c97-987b-45d1-861c-706b55a6aef7@group-2622B554C9B5-LeaderElection17] INFO  impl.RoleInfo (RoleInfo.java:updateAndGet(143)) - 50e37c97-987b-45d1-861c-706b55a6aef7: start LeaderState
2019-10-02 07:39:43,156 [003c0b2c-9291-471c-a534-75bc80e0ebc2@group-D76904C98F8C-LeaderElection18] INFO  impl.RoleInfo (RoleInfo.java:updateAndGet(143)) - 003c0b2c-9291-471c-a534-75bc80e0ebc2: start LeaderState
2019-10-02 07:39:43,156 [50e37c97-987b-45d1-861c-706b55a6aef7@group-2622B554C9B5-LeaderElection17] INFO  segmented.SegmentedRaftLogWorker (SegmentedRaftLogWorker.java:startLogSegment(385)) - 50e37c97-987b-45d1-861c-706b55a6aef7@group-2622B554C9B5-SegmentedRaftLogWorker: Starting segment from index:0
2019-10-02 07:39:43,156 [003c0b2c-9291-471c-a534-75bc80e0ebc2@group-D76904C98F8C-LeaderElection18] INFO  segmented.SegmentedRaftLogWorker (SegmentedRaftLogWorker.java:startLogSegment(385)) - 003c0b2c-9291-471c-a534-75bc80e0ebc2@group-D76904C98F8C-SegmentedRaftLogWorker: Starting segment from index:0
2019-10-02 07:39:43,157 [50e37c97-987b-45d1-861c-706b55a6aef7@group-2622B554C9B5-LeaderElection17] INFO  impl.RaftServerImpl (ServerState.java:setRaftConf(356)) - 50e37c97-987b-45d1-861c-706b55a6aef7@group-2622B554C9B5: set configuration 0: [50e37c97-987b-45d1-861c-706b55a6aef7:192.168.5.178:44066], old=null at 0
2019-10-02 07:39:43,157 [003c0b2c-9291-471c-a534-75bc80e0ebc2@group-D76904C98F8C-LeaderElection18] INFO  impl.RaftServerImpl (ServerState.java:setRaftConf(356)) - 003c0b2c-9291-471c-a534-75bc80e0ebc2@group-D76904C98F8C: set configuration 0: [003c0b2c-9291-471c-a534-75bc80e0ebc2:192.168.5.178:36079], old=null at 0
2019-10-02 07:39:43,194 [003c0b2c-9291-471c-a534-75bc80e0ebc2@group-D76904C98F8C-SegmentedRaftLogWorker] INFO  segmented.SegmentedRaftLogWorker (SegmentedRaftLogWorker.java:execute(574)) - 003c0b2c-9291-471c-a534-75bc80e0ebc2@group-D76904C98F8C-SegmentedRaftLogWorker: created new log segment /workdir/hadoop-ozone/integration-test/target/test-dir/MiniOzoneClusterImpl-86ab02b3-fe0f-4689-9ef5-b2acbd941c82/datanode-0/data/ratis/9452ae90-ac98-4d96-a60b-d76904c98f8c/current/log_inprogress_0
2019-10-02 07:39:43,194 [50e37c97-987b-45d1-861c-706b55a6aef7@group-2622B554C9B5-SegmentedRaftLogWorker] INFO  segmented.SegmentedRaftLogWorker (SegmentedRaftLogWorker.java:execute(574)) - 50e37c97-987b-45d1-861c-706b55a6aef7@group-2622B554C9B5-SegmentedRaftLogWorker: created new log segment /workdir/hadoop-ozone/integration-test/target/test-dir/MiniOzoneClusterImpl-86ab02b3-fe0f-4689-9ef5-b2acbd941c82/datanode-1/data/ratis/a7537ed5-f3d2-4359-b3a2-2622b554c9b5/current/log_inprogress_0
2019-10-02 07:39:43,231 [Thread-1458] INFO  impl.FollowerState (FollowerState.java:run(108)) - 0e8c619e-d5cc-4692-a899-4ea542713226@group-FF0DF9629A43-FollowerState: change to CANDIDATE, lastRpcTime:5111ms, electionTimeout:5111ms
2019-10-02 07:39:43,231 [Thread-1458] INFO  impl.RoleInfo (RoleInfo.java:shutdownFollowerState(121)) - 0e8c619e-d5cc-4692-a899-4ea542713226: shutdown FollowerState
2019-10-02 07:39:43,231 [Thread-1458] INFO  impl.RaftServerImpl (RaftServerImpl.java:setRole(170)) - 0e8c619e-d5cc-4692-a899-4ea542713226@group-FF0DF9629A43: changes role from  FOLLOWER to CANDIDATE at term 0 for changeToCandidate
2019-10-02 07:39:43,231 [Thread-1458] INFO  impl.RoleInfo (RoleInfo.java:updateAndGet(143)) - 0e8c619e-d5cc-4692-a899-4ea542713226: start LeaderElection
2019-10-02 07:39:43,247 [Thread-1461] INFO  impl.FollowerState (FollowerState.java:run(108)) - 003c0b2c-9291-471c-a534-75bc80e0ebc2@group-1568508E349A-FollowerState: change to CANDIDATE, lastRpcTime:5070ms, electionTimeout:5070ms
2019-10-02 07:39:43,248 [Thread-1461] INFO  impl.RoleInfo (RoleInfo.java:shutdownFollowerState(121)) - 003c0b2c-9291-471c-a534-75bc80e0ebc2: shutdown FollowerState
2019-10-02 07:39:43,248 [Thread-1461] INFO  impl.RaftServerImpl (RaftServerImpl.java:setRole(170)) - 003c0b2c-9291-471c-a534-75bc80e0ebc2@group-1568508E349A: changes role from  FOLLOWER to CANDIDATE at term 0 for changeToCandidate
2019-10-02 07:39:43,248 [Thread-1461] INFO  impl.RoleInfo (RoleInfo.java:updateAndGet(143)) - 003c0b2c-9291-471c-a534-75bc80e0ebc2: start LeaderElection
2019-10-02 07:39:43,254 [0e8c619e-d5cc-4692-a899-4ea542713226@group-FF0DF9629A43-LeaderElection19] INFO  impl.LeaderElection (LeaderElection.java:askForVotes(178)) - 0e8c619e-d5cc-4692-a899-4ea542713226@group-FF0DF9629A43-LeaderElection19: begin an election at term 1 for -1: [0e8c619e-d5cc-4692-a899-4ea542713226:192.168.5.178:46783], old=null
2019-10-02 07:39:43,254 [0e8c619e-d5cc-4692-a899-4ea542713226@group-FF0DF9629A43-LeaderElection19] INFO  impl.RoleInfo (RoleInfo.java:shutdownLeaderElection(134)) - 0e8c619e-d5cc-4692-a899-4ea542713226: shutdown LeaderElection
2019-10-02 07:39:43,254 [0e8c619e-d5cc-4692-a899-4ea542713226@group-FF0DF9629A43-LeaderElection19] INFO  impl.RaftServerImpl (RaftServerImpl.java:setRole(170)) - 0e8c619e-d5cc-4692-a899-4ea542713226@group-FF0DF9629A43: changes role from CANDIDATE to LEADER at term 1 for changeToLeader
2019-10-02 07:39:43,254 [0e8c619e-d5cc-4692-a899-4ea542713226@group-FF0DF9629A43-LeaderElection19] INFO  impl.RaftServerImpl (ServerState.java:setLeader(255)) - 0e8c619e-d5cc-4692-a899-4ea542713226@group-FF0DF9629A43: change Leader from null to 0e8c619e-d5cc-4692-a899-4ea542713226 at term 1 for becomeLeader, leader elected after 5143ms
2019-10-02 07:39:43,258 [0e8c619e-d5cc-4692-a899-4ea542713226@group-FF0DF9629A43-LeaderElection19] INFO  server.RaftServerConfigKeys (ConfUtils.java:logGet(43)) - raft.server.staging.catchup.gap = 1000 (default)
2019-10-02 07:39:43,258 [0e8c619e-d5cc-4692-a899-4ea542713226@group-FF0DF9629A43-LeaderElection19] INFO  server.RaftServerConfigKeys (ConfUtils.java:logGet(43)) - raft.server.rpc.sleep.time = 25ms (default)
2019-10-02 07:39:43,258 [0e8c619e-d5cc-4692-a899-4ea542713226@group-FF0DF9629A43-LeaderElection19] INFO  server.RaftServerConfigKeys (ConfUtils.java:logGet(43)) - raft.server.write.element-limit = 4096 (default)
2019-10-02 07:39:43,259 [0e8c619e-d5cc-4692-a899-4ea542713226@group-FF0DF9629A43-LeaderElection19] INFO  server.RaftServerConfigKeys (ConfUtils.java:logGet(43)) - raft.server.watch.timeout = 10s (default)
2019-10-02 07:39:43,259 [0e8c619e-d5cc-4692-a899-4ea542713226@group-FF0DF9629A43-LeaderElection19] INFO  server.RaftServerConfigKeys (ConfUtils.java:logGet(43)) - raft.server.watch.timeout.denomination = 1s (default)
2019-10-02 07:39:43,259 [0e8c619e-d5cc-4692-a899-4ea542713226@group-FF0DF9629A43-LeaderElection19] INFO  server.RaftServerConfigKeys (ConfUtils.java:logGet(43)) - raft.server.watch.element-limit = 65536 (default)
2019-10-02 07:39:43,260 [0e8c619e-d5cc-4692-a899-4ea542713226@group-FF0DF9629A43-LeaderElection19] INFO  impl.RoleInfo (RoleInfo.java:updateAndGet(143)) - 0e8c619e-d5cc-4692-a899-4ea542713226: start LeaderState
2019-10-02 07:39:43,261 [0e8c619e-d5cc-4692-a899-4ea542713226@group-FF0DF9629A43-LeaderElection19] INFO  segmented.SegmentedRaftLogWorker (SegmentedRaftLogWorker.java:startLogSegment(385)) - 0e8c619e-d5cc-4692-a899-4ea542713226@group-FF0DF9629A43-SegmentedRaftLogWorker: Starting segment from index:0
2019-10-02 07:39:43,261 [0e8c619e-d5cc-4692-a899-4ea542713226@group-FF0DF9629A43-LeaderElection19] INFO  impl.RaftServerImpl (ServerState.java:setRaftConf(356)) - 0e8c619e-d5cc-4692-a899-4ea542713226@group-FF0DF9629A43: set configuration 0: [0e8c619e-d5cc-4692-a899-4ea542713226:192.168.5.178:46783], old=null at 0
2019-10-02 07:39:43,264 [Thread-1470] INFO  impl.FollowerState (FollowerState.java:run(108)) - 1b7d02a1-4da6-4721-8686-69cf33273127@group-DA379EF06072-FollowerState: change to CANDIDATE, lastRpcTime:5016ms, electionTimeout:5016ms
2019-10-02 07:39:43,264 [Thread-1470] INFO  impl.RoleInfo (RoleInfo.java:shutdownFollowerState(121)) - 1b7d02a1-4da6-4721-8686-69cf33273127: shutdown FollowerState
2019-10-02 07:39:43,264 [Thread-1470] INFO  impl.RaftServerImpl (RaftServerImpl.java:setRole(170)) - 1b7d02a1-4da6-4721-8686-69cf33273127@group-DA379EF06072: changes role from  FOLLOWER to CANDIDATE at term 0 for changeToCandidate
2019-10-02 07:39:43,264 [Thread-1470] INFO  impl.RoleInfo (RoleInfo.java:updateAndGet(143)) - 1b7d02a1-4da6-4721-8686-69cf33273127: start LeaderElection
2019-10-02 07:39:43,288 [003c0b2c-9291-471c-a534-75bc80e0ebc2@group-1568508E349A-LeaderElection20] INFO  impl.LeaderElection (LeaderElection.java:askForVotes(178)) - 003c0b2c-9291-471c-a534-75bc80e0ebc2@group-1568508E349A-LeaderElection20: begin an election at term 1 for -1: [003c0b2c-9291-471c-a534-75bc80e0ebc2:192.168.5.178:36079, 0e8c619e-d5cc-4692-a899-4ea542713226:192.168.5.178:46783, 50e37c97-987b-45d1-861c-706b55a6aef7:192.168.5.178:44066], old=null
2019-10-02 07:39:43,300 [grpc-default-executor-8] INFO  impl.RaftServerImpl (RaftServerImpl.java:setRole(170)) - 0e8c619e-d5cc-4692-a899-4ea542713226@group-1568508E349A: changes role from  FOLLOWER to FOLLOWER at term 1 for recognizeCandidate:003c0b2c-9291-471c-a534-75bc80e0ebc2
2019-10-02 07:39:43,300 [grpc-default-executor-16] INFO  impl.RaftServerImpl (RaftServerImpl.java:setRole(170)) - 50e37c97-987b-45d1-861c-706b55a6aef7@group-1568508E349A: changes role from  FOLLOWER to FOLLOWER at term 1 for recognizeCandidate:003c0b2c-9291-471c-a534-75bc80e0ebc2
2019-10-02 07:39:43,301 [1b7d02a1-4da6-4721-8686-69cf33273127@group-DA379EF06072-LeaderElection21] INFO  impl.LeaderElection (LeaderElection.java:askForVotes(178)) - 1b7d02a1-4da6-4721-8686-69cf33273127@group-DA379EF06072-LeaderElection21: begin an election at term 1 for -1: [1b7d02a1-4da6-4721-8686-69cf33273127:192.168.5.178:40844], old=null
2019-10-02 07:39:43,301 [0e8c619e-d5cc-4692-a899-4ea542713226@group-FF0DF9629A43-SegmentedRaftLogWorker] INFO  segmented.SegmentedRaftLogWorker (SegmentedRaftLogWorker.java:execute(574)) - 0e8c619e-d5cc-4692-a899-4ea542713226@group-FF0DF9629A43-SegmentedRaftLogWorker: created new log segment /workdir/hadoop-ozone/integration-test/target/test-dir/MiniOzoneClusterImpl-86ab02b3-fe0f-4689-9ef5-b2acbd941c82/datanode-2/data/ratis/1af9eabd-d902-4293-887e-ff0df9629a43/current/log_inprogress_0
2019-10-02 07:39:43,301 [grpc-default-executor-8] INFO  impl.RoleInfo (RoleInfo.java:shutdownFollowerState(121)) - 0e8c619e-d5cc-4692-a899-4ea542713226: shutdown FollowerState
2019-10-02 07:39:43,301 [1b7d02a1-4da6-4721-8686-69cf33273127@group-DA379EF06072-LeaderElection21] INFO  impl.RoleInfo (RoleInfo.java:shutdownLeaderElection(134)) - 1b7d02a1-4da6-4721-8686-69cf33273127: shutdown LeaderElection
2019-10-02 07:39:43,301 [grpc-default-executor-16] INFO  impl.RoleInfo (RoleInfo.java:shutdownFollowerState(121)) - 50e37c97-987b-45d1-861c-706b55a6aef7: shutdown FollowerState
2019-10-02 07:39:43,302 [Thread-1466] INFO  impl.FollowerState (FollowerState.java:run(117)) - 0e8c619e-d5cc-4692-a899-4ea542713226@group-1568508E349A-FollowerState was interrupted: java.lang.InterruptedException: sleep interrupted
2019-10-02 07:39:43,302 [1b7d02a1-4da6-4721-8686-69cf33273127@group-DA379EF06072-LeaderElection21] INFO  impl.RaftServerImpl (RaftServerImpl.java:setRole(170)) - 1b7d02a1-4da6-4721-8686-69cf33273127@group-DA379EF06072: changes role from CANDIDATE to LEADER at term 1 for changeToLeader
2019-10-02 07:39:43,301 [grpc-default-executor-8] INFO  impl.RoleInfo (RoleInfo.java:updateAndGet(143)) - 0e8c619e-d5cc-4692-a899-4ea542713226: start FollowerState
2019-10-02 07:39:43,304 [1b7d02a1-4da6-4721-8686-69cf33273127@group-DA379EF06072-LeaderElection21] INFO  impl.RaftServerImpl (ServerState.java:setLeader(255)) - 1b7d02a1-4da6-4721-8686-69cf33273127@group-DA379EF06072: change Leader from null to 1b7d02a1-4da6-4721-8686-69cf33273127 at term 1 for becomeLeader, leader elected after 5064ms
2019-10-02 07:39:43,302 [Thread-1465] INFO  impl.FollowerState (FollowerState.java:run(117)) - 50e37c97-987b-45d1-861c-706b55a6aef7@group-1568508E349A-FollowerState was interrupted: java.lang.InterruptedException: sleep interrupted
2019-10-02 07:39:43,302 [grpc-default-executor-16] INFO  impl.RoleInfo (RoleInfo.java:updateAndGet(143)) - 50e37c97-987b-45d1-861c-706b55a6aef7: start FollowerState
2019-10-02 07:39:43,316 [1b7d02a1-4da6-4721-8686-69cf33273127@group-DA379EF06072-LeaderElection21] INFO  server.RaftServerConfigKeys (ConfUtils.java:logGet(43)) - raft.server.staging.catchup.gap = 1000 (default)
2019-10-02 07:39:43,319 [1b7d02a1-4da6-4721-8686-69cf33273127@group-DA379EF06072-LeaderElection21] INFO  server.RaftServerConfigKeys (ConfUtils.java:logGet(43)) - raft.server.rpc.sleep.time = 25ms (default)
2019-10-02 07:39:43,320 [1b7d02a1-4da6-4721-8686-69cf33273127@group-DA379EF06072-LeaderElection21] INFO  server.RaftServerConfigKeys (ConfUtils.java:logGet(43)) - raft.server.write.element-limit = 4096 (default)
2019-10-02 07:39:43,320 [1b7d02a1-4da6-4721-8686-69cf33273127@group-DA379EF06072-LeaderElection21] INFO  server.RaftServerConfigKeys (ConfUtils.java:logGet(43)) - raft.server.watch.timeout = 10s (default)
2019-10-02 07:39:43,320 [1b7d02a1-4da6-4721-8686-69cf33273127@group-DA379EF06072-LeaderElection21] INFO  server.RaftServerConfigKeys (ConfUtils.java:logGet(43)) - raft.server.watch.timeout.denomination = 1s (default)
2019-10-02 07:39:43,320 [1b7d02a1-4da6-4721-8686-69cf33273127@group-DA379EF06072-LeaderElection21] INFO  server.RaftServerConfigKeys (ConfUtils.java:logGet(43)) - raft.server.watch.element-limit = 65536 (default)
2019-10-02 07:39:43,322 [1b7d02a1-4da6-4721-8686-69cf33273127@group-DA379EF06072-LeaderElection21] INFO  impl.RoleInfo (RoleInfo.java:updateAndGet(143)) - 1b7d02a1-4da6-4721-8686-69cf33273127: start LeaderState
2019-10-02 07:39:43,322 [1b7d02a1-4da6-4721-8686-69cf33273127@group-DA379EF06072-LeaderElection21] INFO  segmented.SegmentedRaftLogWorker (SegmentedRaftLogWorker.java:startLogSegment(385)) - 1b7d02a1-4da6-4721-8686-69cf33273127@group-DA379EF06072-SegmentedRaftLogWorker: Starting segment from index:0
2019-10-02 07:39:43,323 [1b7d02a1-4da6-4721-8686-69cf33273127@group-DA379EF06072-LeaderElection21] INFO  impl.RaftServerImpl (ServerState.java:setRaftConf(356)) - 1b7d02a1-4da6-4721-8686-69cf33273127@group-DA379EF06072: set configuration 0: [1b7d02a1-4da6-4721-8686-69cf33273127:192.168.5.178:40844], old=null at 0
2019-10-02 07:39:43,334 [003c0b2c-9291-471c-a534-75bc80e0ebc2@group-1568508E349A-LeaderElection20] INFO  impl.LeaderElection (LeaderElection.java:logAndReturn(56)) - 003c0b2c-9291-471c-a534-75bc80e0ebc2@group-1568508E349A-LeaderElection20: Election PASSED; received 1 response(s) [003c0b2c-9291-471c-a534-75bc80e0ebc2<-0e8c619e-d5cc-4692-a899-4ea542713226#0:OK-t1] and 0 exception(s); 003c0b2c-9291-471c-a534-75bc80e0ebc2@group-1568508E349A:t1, leader=null, voted=003c0b2c-9291-471c-a534-75bc80e0ebc2, raftlog=003c0b2c-9291-471c-a534-75bc80e0ebc2@group-1568508E349A-SegmentedRaftLog:OPENED:c-1,f-1,i0, conf=-1: [003c0b2c-9291-471c-a534-75bc80e0ebc2:192.168.5.178:36079, 0e8c619e-d5cc-4692-a899-4ea542713226:192.168.5.178:46783, 50e37c97-987b-45d1-861c-706b55a6aef7:192.168.5.178:44066], old=null
2019-10-02 07:39:43,334 [003c0b2c-9291-471c-a534-75bc80e0ebc2@group-1568508E349A-LeaderElection20] INFO  impl.RoleInfo (RoleInfo.java:shutdownLeaderElection(134)) - 003c0b2c-9291-471c-a534-75bc80e0ebc2: shutdown LeaderElection
2019-10-02 07:39:43,334 [003c0b2c-9291-471c-a534-75bc80e0ebc2@group-1568508E349A-LeaderElection20] INFO  impl.RaftServerImpl (RaftServerImpl.java:setRole(170)) - 003c0b2c-9291-471c-a534-75bc80e0ebc2@group-1568508E349A: changes role from CANDIDATE to LEADER at term 1 for changeToLeader
2019-10-02 07:39:43,334 [003c0b2c-9291-471c-a534-75bc80e0ebc2@group-1568508E349A-LeaderElection20] INFO  impl.RaftServerImpl (ServerState.java:setLeader(255)) - 003c0b2c-9291-471c-a534-75bc80e0ebc2@group-1568508E349A: change Leader from null to 003c0b2c-9291-471c-a534-75bc80e0ebc2 at term 1 for becomeLeader, leader elected after 5166ms
2019-10-02 07:39:43,335 [003c0b2c-9291-471c-a534-75bc80e0ebc2@group-1568508E349A-LeaderElection20] INFO  server.RaftServerConfigKeys (ConfUtils.java:logGet(43)) - raft.server.staging.catchup.gap = 1000 (default)
2019-10-02 07:39:43,335 [003c0b2c-9291-471c-a534-75bc80e0ebc2@group-1568508E349A-LeaderElection20] INFO  server.RaftServerConfigKeys (ConfUtils.java:logGet(43)) - raft.server.rpc.sleep.time = 25ms (default)
2019-10-02 07:39:43,335 [003c0b2c-9291-471c-a534-75bc80e0ebc2@group-1568508E349A-LeaderElection20] INFO  server.RaftServerConfigKeys (ConfUtils.java:logGet(43)) - raft.server.write.element-limit = 4096 (default)
2019-10-02 07:39:43,335 [003c0b2c-9291-471c-a534-75bc80e0ebc2@group-1568508E349A-LeaderElection20] INFO  server.RaftServerConfigKeys (ConfUtils.java:logGet(43)) - raft.server.watch.timeout = 10s (default)
2019-10-02 07:39:43,335 [003c0b2c-9291-471c-a534-75bc80e0ebc2@group-1568508E349A-LeaderElection20] INFO  server.RaftServerConfigKeys (ConfUtils.java:logGet(43)) - raft.server.watch.timeout.denomination = 1s (default)
2019-10-02 07:39:43,335 [003c0b2c-9291-471c-a534-75bc80e0ebc2@group-1568508E349A-LeaderElection20] INFO  server.RaftServerConfigKeys (ConfUtils.java:logGet(43)) - raft.server.watch.element-limit = 65536 (default)
2019-10-02 07:39:43,338 [003c0b2c-9291-471c-a534-75bc80e0ebc2@group-1568508E349A-LeaderElection20] INFO  server.RaftServerConfigKeys (ConfUtils.java:logGet(43)) - raft.server.log.appender.snapshot.chunk.size.max = 16MB (=16777216) (default)
2019-10-02 07:39:43,338 [003c0b2c-9291-471c-a534-75bc80e0ebc2@group-1568508E349A-LeaderElection20] INFO  server.RaftServerConfigKeys (ConfUtils.java:logGet(43)) - raft.server.log.appender.buffer.byte-limit = 33554432 (custom)
2019-10-02 07:39:43,338 [003c0b2c-9291-471c-a534-75bc80e0ebc2@group-1568508E349A-LeaderElection20] INFO  server.RaftServerConfigKeys (ConfUtils.java:logGet(43)) - raft.server.log.appender.buffer.element-limit = 1 (custom)
2019-10-02 07:39:43,339 [003c0b2c-9291-471c-a534-75bc80e0ebc2@group-1568508E349A-LeaderElection20] INFO  grpc.GrpcConfigKeys$Server (ConfUtils.java:logGet(43)) - raft.grpc.server.leader.outstanding.appends.max = 128 (default)
2019-10-02 07:39:43,339 [003c0b2c-9291-471c-a534-75bc80e0ebc2@group-1568508E349A-LeaderElection20] INFO  server.RaftServerConfigKeys (ConfUtils.java:logGet(43)) - raft.server.rpc.request.timeout = 3000ms (default)
2019-10-02 07:39:43,339 [003c0b2c-9291-471c-a534-75bc80e0ebc2@group-1568508E349A-LeaderElection20] INFO  server.RaftServerConfigKeys (ConfUtils.java:logGet(43)) - raft.server.log.appender.install.snapshot.enabled = false (custom)
2019-10-02 07:39:43,339 [003c0b2c-9291-471c-a534-75bc80e0ebc2@group-1568508E349A-LeaderElection20] INFO  server.RaftServerConfigKeys (ConfUtils.java:logGet(43)) - raft.server.log.appender.snapshot.chunk.size.max = 16MB (=16777216) (default)
2019-10-02 07:39:43,339 [003c0b2c-9291-471c-a534-75bc80e0ebc2@group-1568508E349A-LeaderElection20] INFO  server.RaftServerConfigKeys (ConfUtils.java:logGet(43)) - raft.server.log.appender.buffer.byte-limit = 33554432 (custom)
2019-10-02 07:39:43,340 [003c0b2c-9291-471c-a534-75bc80e0ebc2@group-1568508E349A-LeaderElection20] INFO  server.RaftServerConfigKeys (ConfUtils.java:logGet(43)) - raft.server.log.appender.buffer.element-limit = 1 (custom)
2019-10-02 07:39:43,340 [003c0b2c-9291-471c-a534-75bc80e0ebc2@group-1568508E349A-LeaderElection20] INFO  grpc.GrpcConfigKeys$Server (ConfUtils.java:logGet(43)) - raft.grpc.server.leader.outstanding.appends.max = 128 (default)
2019-10-02 07:39:43,340 [003c0b2c-9291-471c-a534-75bc80e0ebc2@group-1568508E349A-LeaderElection20] INFO  server.RaftServerConfigKeys (ConfUtils.java:logGet(43)) - raft.server.rpc.request.timeout = 3000ms (default)
2019-10-02 07:39:43,340 [003c0b2c-9291-471c-a534-75bc80e0ebc2@group-1568508E349A-LeaderElection20] INFO  server.RaftServerConfigKeys (ConfUtils.java:logGet(43)) - raft.server.log.appender.install.snapshot.enabled = false (custom)
2019-10-02 07:39:43,340 [003c0b2c-9291-471c-a534-75bc80e0ebc2@group-1568508E349A-LeaderElection20] INFO  impl.RoleInfo (RoleInfo.java:updateAndGet(143)) - 003c0b2c-9291-471c-a534-75bc80e0ebc2: start LeaderState
2019-10-02 07:39:43,341 [003c0b2c-9291-471c-a534-75bc80e0ebc2@group-1568508E349A-LeaderElection20] INFO  segmented.SegmentedRaftLogWorker (SegmentedRaftLogWorker.java:startLogSegment(385)) - 003c0b2c-9291-471c-a534-75bc80e0ebc2@group-1568508E349A-SegmentedRaftLogWorker: Starting segment from index:0
2019-10-02 07:39:43,341 [003c0b2c-9291-471c-a534-75bc80e0ebc2@group-1568508E349A-LeaderElection20] INFO  impl.RaftServerImpl (ServerState.java:setRaftConf(356)) - 003c0b2c-9291-471c-a534-75bc80e0ebc2@group-1568508E349A: set configuration 0: [003c0b2c-9291-471c-a534-75bc80e0ebc2:192.168.5.178:36079, 0e8c619e-d5cc-4692-a899-4ea542713226:192.168.5.178:46783, 50e37c97-987b-45d1-861c-706b55a6aef7:192.168.5.178:44066], old=null at 0
2019-10-02 07:39:43,373 [grpc-default-executor-8] INFO  impl.RaftServerImpl (ServerState.java:setLeader(255)) - 0e8c619e-d5cc-4692-a899-4ea542713226@group-1568508E349A: change Leader from null to 003c0b2c-9291-471c-a534-75bc80e0ebc2 at term 1 for appendEntries, leader elected after 5205ms
2019-10-02 07:39:43,373 [grpc-default-executor-16] INFO  impl.RaftServerImpl (ServerState.java:setLeader(255)) - 50e37c97-987b-45d1-861c-706b55a6aef7@group-1568508E349A: change Leader from null to 003c0b2c-9291-471c-a534-75bc80e0ebc2 at term 1 for appendEntries, leader elected after 5205ms
2019-10-02 07:39:43,382 [grpc-default-executor-16] INFO  impl.RaftServerImpl (ServerState.java:setRaftConf(356)) - 50e37c97-987b-45d1-861c-706b55a6aef7@group-1568508E349A: set configuration 0: [003c0b2c-9291-471c-a534-75bc80e0ebc2:192.168.5.178:36079, 0e8c619e-d5cc-4692-a899-4ea542713226:192.168.5.178:46783, 50e37c97-987b-45d1-861c-706b55a6aef7:192.168.5.178:44066], old=null at 0
2019-10-02 07:39:43,382 [grpc-default-executor-8] INFO  impl.RaftServerImpl (ServerState.java:setRaftConf(356)) - 0e8c619e-d5cc-4692-a899-4ea542713226@group-1568508E349A: set configuration 0: [003c0b2c-9291-471c-a534-75bc80e0ebc2:192.168.5.178:36079, 0e8c619e-d5cc-4692-a899-4ea542713226:192.168.5.178:46783, 50e37c97-987b-45d1-861c-706b55a6aef7:192.168.5.178:44066], old=null at 0
2019-10-02 07:39:43,382 [1b7d02a1-4da6-4721-8686-69cf33273127@group-DA379EF06072-SegmentedRaftLogWorker] INFO  segmented.SegmentedRaftLogWorker (SegmentedRaftLogWorker.java:execute(574)) - 1b7d02a1-4da6-4721-8686-69cf33273127@group-DA379EF06072-SegmentedRaftLogWorker: created new log segment /workdir/hadoop-ozone/integration-test/target/test-dir/MiniOzoneClusterImpl-86ab02b3-fe0f-4689-9ef5-b2acbd941c82/datanode-3/data/ratis/e176afeb-27db-4700-8911-da379ef06072/current/log_inprogress_0
2019-10-02 07:39:43,382 [003c0b2c-9291-471c-a534-75bc80e0ebc2@group-1568508E349A-SegmentedRaftLogWorker] INFO  segmented.SegmentedRaftLogWorker (SegmentedRaftLogWorker.java:execute(574)) - 003c0b2c-9291-471c-a534-75bc80e0ebc2@group-1568508E349A-SegmentedRaftLogWorker: created new log segment /workdir/hadoop-ozone/integration-test/target/test-dir/MiniOzoneClusterImpl-86ab02b3-fe0f-4689-9ef5-b2acbd941c82/datanode-0/data/ratis/6bc51bee-50de-40c2-af58-1568508e349a/current/log_inprogress_0
2019-10-02 07:39:43,383 [grpc-default-executor-8] INFO  segmented.SegmentedRaftLogWorker (SegmentedRaftLogWorker.java:startLogSegment(385)) - 0e8c619e-d5cc-4692-a899-4ea542713226@group-1568508E349A-SegmentedRaftLogWorker: Starting segment from index:0
2019-10-02 07:39:43,382 [grpc-default-executor-16] INFO  segmented.SegmentedRaftLogWorker (SegmentedRaftLogWorker.java:startLogSegment(385)) - 50e37c97-987b-45d1-861c-706b55a6aef7@group-1568508E349A-SegmentedRaftLogWorker: Starting segment from index:0
2019-10-02 07:39:43,429 [0e8c619e-d5cc-4692-a899-4ea542713226@group-1568508E349A-SegmentedRaftLogWorker] INFO  segmented.SegmentedRaftLogWorker (SegmentedRaftLogWorker.java:execute(574)) - 0e8c619e-d5cc-4692-a899-4ea542713226@group-1568508E349A-SegmentedRaftLogWorker: created new log segment /workdir/hadoop-ozone/integration-test/target/test-dir/MiniOzoneClusterImpl-86ab02b3-fe0f-4689-9ef5-b2acbd941c82/datanode-2/data/ratis/6bc51bee-50de-40c2-af58-1568508e349a/current/log_inprogress_0
2019-10-02 07:39:43,429 [50e37c97-987b-45d1-861c-706b55a6aef7@group-1568508E349A-SegmentedRaftLogWorker] INFO  segmented.SegmentedRaftLogWorker (SegmentedRaftLogWorker.java:execute(574)) - 50e37c97-987b-45d1-861c-706b55a6aef7@group-1568508E349A-SegmentedRaftLogWorker: created new log segment /workdir/hadoop-ozone/integration-test/target/test-dir/MiniOzoneClusterImpl-86ab02b3-fe0f-4689-9ef5-b2acbd941c82/datanode-1/data/ratis/6bc51bee-50de-40c2-af58-1568508e349a/current/log_inprogress_0
2019-10-02 07:39:43,434 [Thread-1476] INFO  impl.FollowerState (FollowerState.java:run(108)) - 2609764d-f6c2-4d27-bd0c-3a8252d8a1b1@group-71D76DD38934-FollowerState: change to CANDIDATE, lastRpcTime:5057ms, electionTimeout:5057ms
2019-10-02 07:39:43,434 [Thread-1476] INFO  impl.RoleInfo (RoleInfo.java:shutdownFollowerState(121)) - 2609764d-f6c2-4d27-bd0c-3a8252d8a1b1: shutdown FollowerState
2019-10-02 07:39:43,434 [Thread-1476] INFO  impl.RaftServerImpl (RaftServerImpl.java:setRole(170)) - 2609764d-f6c2-4d27-bd0c-3a8252d8a1b1@group-71D76DD38934: changes role from  FOLLOWER to CANDIDATE at term 0 for changeToCandidate
2019-10-02 07:39:43,434 [Thread-1476] INFO  impl.RoleInfo (RoleInfo.java:updateAndGet(143)) - 2609764d-f6c2-4d27-bd0c-3a8252d8a1b1: start LeaderElection
2019-10-02 07:39:43,461 [2609764d-f6c2-4d27-bd0c-3a8252d8a1b1@group-71D76DD38934-LeaderElection22] INFO  impl.LeaderElection (LeaderElection.java:askForVotes(178)) - 2609764d-f6c2-4d27-bd0c-3a8252d8a1b1@group-71D76DD38934-LeaderElection22: begin an election at term 1 for -1: [2609764d-f6c2-4d27-bd0c-3a8252d8a1b1:192.168.5.178:40845], old=null
2019-10-02 07:39:43,461 [2609764d-f6c2-4d27-bd0c-3a8252d8a1b1@group-71D76DD38934-LeaderElection22] INFO  impl.RoleInfo (RoleInfo.java:shutdownLeaderElection(134)) - 2609764d-f6c2-4d27-bd0c-3a8252d8a1b1: shutdown LeaderElection
2019-10-02 07:39:43,461 [2609764d-f6c2-4d27-bd0c-3a8252d8a1b1@group-71D76DD38934-LeaderElection22] INFO  impl.RaftServerImpl (RaftServerImpl.java:setRole(170)) - 2609764d-f6c2-4d27-bd0c-3a8252d8a1b1@group-71D76DD38934: changes role from CANDIDATE to LEADER at term 1 for changeToLeader
2019-10-02 07:39:43,462 [2609764d-f6c2-4d27-bd0c-3a8252d8a1b1@group-71D76DD38934-LeaderElection22] INFO  impl.RaftServerImpl (ServerState.java:setLeader(255)) - 2609764d-f6c2-4d27-bd0c-3a8252d8a1b1@group-71D76DD38934: change Leader from null to 2609764d-f6c2-4d27-bd0c-3a8252d8a1b1 at term 1 for becomeLeader, leader elected after 5094ms
2019-10-02 07:39:43,462 [2609764d-f6c2-4d27-bd0c-3a8252d8a1b1@group-71D76DD38934-LeaderElection22] INFO  server.RaftServerConfigKeys (ConfUtils.java:logGet(43)) - raft.server.staging.catchup.gap = 1000 (default)
2019-10-02 07:39:43,462 [2609764d-f6c2-4d27-bd0c-3a8252d8a1b1@group-71D76DD38934-LeaderElection22] INFO  server.RaftServerConfigKeys (ConfUtils.java:logGet(43)) - raft.server.rpc.sleep.time = 25ms (default)
2019-10-02 07:39:43,462 [2609764d-f6c2-4d27-bd0c-3a8252d8a1b1@group-71D76DD38934-LeaderElection22] INFO  server.RaftServerConfigKeys (ConfUtils.java:logGet(43)) - raft.server.write.element-limit = 4096 (default)
2019-10-02 07:39:43,462 [2609764d-f6c2-4d27-bd0c-3a8252d8a1b1@group-71D76DD38934-LeaderElection22] INFO  server.RaftServerConfigKeys (ConfUtils.java:logGet(43)) - raft.server.watch.timeout = 10s (default)
2019-10-02 07:39:43,462 [2609764d-f6c2-4d27-bd0c-3a8252d8a1b1@group-71D76DD38934-LeaderElection22] INFO  server.RaftServerConfigKeys (ConfUtils.java:logGet(43)) - raft.server.watch.timeout.denomination = 1s (default)
2019-10-02 07:39:43,463 [2609764d-f6c2-4d27-bd0c-3a8252d8a1b1@group-71D76DD38934-LeaderElection22] INFO  server.RaftServerConfigKeys (ConfUtils.java:logGet(43)) - raft.server.watch.element-limit = 65536 (default)
2019-10-02 07:39:43,465 [2609764d-f6c2-4d27-bd0c-3a8252d8a1b1@group-71D76DD38934-LeaderElection22] INFO  impl.RoleInfo (RoleInfo.java:updateAndGet(143)) - 2609764d-f6c2-4d27-bd0c-3a8252d8a1b1: start LeaderState
2019-10-02 07:39:43,465 [2609764d-f6c2-4d27-bd0c-3a8252d8a1b1@group-71D76DD38934-LeaderElection22] INFO  segmented.SegmentedRaftLogWorker (SegmentedRaftLogWorker.java:startLogSegment(385)) - 2609764d-f6c2-4d27-bd0c-3a8252d8a1b1@group-71D76DD38934-SegmentedRaftLogWorker: Starting segment from index:0
2019-10-02 07:39:43,466 [2609764d-f6c2-4d27-bd0c-3a8252d8a1b1@group-71D76DD38934-LeaderElection22] INFO  impl.RaftServerImpl (ServerState.java:setRaftConf(356)) - 2609764d-f6c2-4d27-bd0c-3a8252d8a1b1@group-71D76DD38934: set configuration 0: [2609764d-f6c2-4d27-bd0c-3a8252d8a1b1:192.168.5.178:40845], old=null at 0
2019-10-02 07:39:43,497 [Thread-1473] INFO  impl.FollowerState (FollowerState.java:run(108)) - ac3e3bd2-b40c-4d72-87ae-6fc1defe10d9@group-A7CC63CB5FFD-FollowerState: change to CANDIDATE, lastRpcTime:5194ms, electionTimeout:5194ms
2019-10-02 07:39:43,497 [Thread-1473] INFO  impl.RoleInfo (RoleInfo.java:shutdownFollowerState(121)) - ac3e3bd2-b40c-4d72-87ae-6fc1defe10d9: shutdown FollowerState
2019-10-02 07:39:43,497 [Thread-1473] INFO  impl.RaftServerImpl (RaftServerImpl.java:setRole(170)) - ac3e3bd2-b40c-4d72-87ae-6fc1defe10d9@group-A7CC63CB5FFD: changes role from  FOLLOWER to CANDIDATE at term 0 for changeToCandidate
2019-10-02 07:39:43,497 [Thread-1473] INFO  impl.RoleInfo (RoleInfo.java:updateAndGet(143)) - ac3e3bd2-b40c-4d72-87ae-6fc1defe10d9: start LeaderElection
2019-10-02 07:39:43,512 [2609764d-f6c2-4d27-bd0c-3a8252d8a1b1@group-71D76DD38934-SegmentedRaftLogWorker] INFO  segmented.SegmentedRaftLogWorker (SegmentedRaftLogWorker.java:execute(574)) - 2609764d-f6c2-4d27-bd0c-3a8252d8a1b1@group-71D76DD38934-SegmentedRaftLogWorker: created new log segment /workdir/hadoop-ozone/integration-test/target/test-dir/MiniOzoneClusterImpl-86ab02b3-fe0f-4689-9ef5-b2acbd941c82/datanode-5/data/ratis/5693154b-e106-4d17-ae74-71d76dd38934/current/log_inprogress_0
2019-10-02 07:39:43,516 [Thread-1479] INFO  impl.FollowerState (FollowerState.java:run(108)) - 7ca550b5-eb05-4269-b04e-07cab5a16581@group-792585F5A7BD-FollowerState: change to CANDIDATE, lastRpcTime:5081ms, electionTimeout:5076ms
2019-10-02 07:39:43,517 [Thread-1479] INFO  impl.RoleInfo (RoleInfo.java:shutdownFollowerState(121)) - 7ca550b5-eb05-4269-b04e-07cab5a16581: shutdown FollowerState
2019-10-02 07:39:43,517 [Thread-1479] INFO  impl.RaftServerImpl (RaftServerImpl.java:setRole(170)) - 7ca550b5-eb05-4269-b04e-07cab5a16581@group-792585F5A7BD: changes role from  FOLLOWER to CANDIDATE at term 0 for changeToCandidate
2019-10-02 07:39:43,517 [Thread-1479] INFO  impl.RoleInfo (RoleInfo.java:updateAndGet(143)) - 7ca550b5-eb05-4269-b04e-07cab5a16581: start LeaderElection
2019-10-02 07:39:43,522 [Thread-1486] INFO  impl.FollowerState (FollowerState.java:run(108)) - 2609764d-f6c2-4d27-bd0c-3a8252d8a1b1@group-5B7E8A8B0482-FollowerState: change to CANDIDATE, lastRpcTime:5030ms, electionTimeout:5026ms
2019-10-02 07:39:43,522 [Thread-1486] INFO  impl.RoleInfo (RoleInfo.java:shutdownFollowerState(121)) - 2609764d-f6c2-4d27-bd0c-3a8252d8a1b1: shutdown FollowerState
2019-10-02 07:39:43,522 [Thread-1486] INFO  impl.RaftServerImpl (RaftServerImpl.java:setRole(170)) - 2609764d-f6c2-4d27-bd0c-3a8252d8a1b1@group-5B7E8A8B0482: changes role from  FOLLOWER to CANDIDATE at term 0 for changeToCandidate
2019-10-02 07:39:43,522 [Thread-1486] INFO  impl.RoleInfo (RoleInfo.java:updateAndGet(143)) - 2609764d-f6c2-4d27-bd0c-3a8252d8a1b1: start LeaderElection
2019-10-02 07:39:43,530 [7ca550b5-eb05-4269-b04e-07cab5a16581@group-792585F5A7BD-LeaderElection24] INFO  impl.LeaderElection (LeaderElection.java:askForVotes(178)) - 7ca550b5-eb05-4269-b04e-07cab5a16581@group-792585F5A7BD-LeaderElection24: begin an election at term 1 for -1: [7ca550b5-eb05-4269-b04e-07cab5a16581:192.168.5.178:36351], old=null
2019-10-02 07:39:43,530 [ac3e3bd2-b40c-4d72-87ae-6fc1defe10d9@group-A7CC63CB5FFD-LeaderElection23] INFO  impl.LeaderElection (LeaderElection.java:askForVotes(178)) - ac3e3bd2-b40c-4d72-87ae-6fc1defe10d9@group-A7CC63CB5FFD-LeaderElection23: begin an election at term 1 for -1: [ac3e3bd2-b40c-4d72-87ae-6fc1defe10d9:192.168.5.178:42962], old=null
2019-10-02 07:39:43,530 [2609764d-f6c2-4d27-bd0c-3a8252d8a1b1@group-5B7E8A8B0482-LeaderElection25] INFO  impl.LeaderElection (LeaderElection.java:askForVotes(178)) - 2609764d-f6c2-4d27-bd0c-3a8252d8a1b1@group-5B7E8A8B0482-LeaderElection25: begin an election at term 1 for -1: [2609764d-f6c2-4d27-bd0c-3a8252d8a1b1:192.168.5.178:40845, 7ca550b5-eb05-4269-b04e-07cab5a16581:192.168.5.178:36351, 1b7d02a1-4da6-4721-8686-69cf33273127:192.168.5.178:40844], old=null
2019-10-02 07:39:43,530 [ac3e3bd2-b40c-4d72-87ae-6fc1defe10d9@group-A7CC63CB5FFD-LeaderElection23] INFO  impl.RoleInfo (RoleInfo.java:shutdownLeaderElection(134)) - ac3e3bd2-b40c-4d72-87ae-6fc1defe10d9: shutdown LeaderElection
2019-10-02 07:39:43,530 [7ca550b5-eb05-4269-b04e-07cab5a16581@group-792585F5A7BD-LeaderElection24] INFO  impl.RoleInfo (RoleInfo.java:shutdownLeaderElection(134)) - 7ca550b5-eb05-4269-b04e-07cab5a16581: shutdown LeaderElection
2019-10-02 07:39:43,530 [ac3e3bd2-b40c-4d72-87ae-6fc1defe10d9@group-A7CC63CB5FFD-LeaderElection23] INFO  impl.RaftServerImpl (RaftServerImpl.java:setRole(170)) - ac3e3bd2-b40c-4d72-87ae-6fc1defe10d9@group-A7CC63CB5FFD: changes role from CANDIDATE to LEADER at term 1 for changeToLeader
2019-10-02 07:39:43,531 [7ca550b5-eb05-4269-b04e-07cab5a16581@group-792585F5A7BD-LeaderElection24] INFO  impl.RaftServerImpl (RaftServerImpl.java:setRole(170)) - 7ca550b5-eb05-4269-b04e-07cab5a16581@group-792585F5A7BD: changes role from CANDIDATE to LEADER at term 1 for changeToLeader
2019-10-02 07:39:43,531 [ac3e3bd2-b40c-4d72-87ae-6fc1defe10d9@group-A7CC63CB5FFD-LeaderElection23] INFO  impl.RaftServerImpl (ServerState.java:setLeader(255)) - ac3e3bd2-b40c-4d72-87ae-6fc1defe10d9@group-A7CC63CB5FFD: change Leader from null to ac3e3bd2-b40c-4d72-87ae-6fc1defe10d9 at term 1 for becomeLeader, leader elected after 5236ms
2019-10-02 07:39:43,531 [7ca550b5-eb05-4269-b04e-07cab5a16581@group-792585F5A7BD-LeaderElection24] INFO  impl.RaftServerImpl (ServerState.java:setLeader(255)) - 7ca550b5-eb05-4269-b04e-07cab5a16581@group-792585F5A7BD: change Leader from null to 7ca550b5-eb05-4269-b04e-07cab5a16581 at term 1 for becomeLeader, leader elected after 5108ms
2019-10-02 07:39:43,531 [ac3e3bd2-b40c-4d72-87ae-6fc1defe10d9@group-A7CC63CB5FFD-LeaderElection23] INFO  server.RaftServerConfigKeys (ConfUtils.java:logGet(43)) - raft.server.staging.catchup.gap = 1000 (default)
2019-10-02 07:39:43,531 [7ca550b5-eb05-4269-b04e-07cab5a16581@group-792585F5A7BD-LeaderElection24] INFO  server.RaftServerConfigKeys (ConfUtils.java:logGet(43)) - raft.server.staging.catchup.gap = 1000 (default)
2019-10-02 07:39:43,531 [ac3e3bd2-b40c-4d72-87ae-6fc1defe10d9@group-A7CC63CB5FFD-LeaderElection23] INFO  server.RaftServerConfigKeys (ConfUtils.java:logGet(43)) - raft.server.rpc.sleep.time = 25ms (default)
2019-10-02 07:39:43,531 [7ca550b5-eb05-4269-b04e-07cab5a16581@group-792585F5A7BD-LeaderElection24] INFO  server.RaftServerConfigKeys (ConfUtils.java:logGet(43)) - raft.server.rpc.sleep.time = 25ms (default)
2019-10-02 07:39:43,531 [ac3e3bd2-b40c-4d72-87ae-6fc1defe10d9@group-A7CC63CB5FFD-LeaderElection23] INFO  server.RaftServerConfigKeys (ConfUtils.java:logGet(43)) - raft.server.write.element-limit = 4096 (default)
2019-10-02 07:39:43,531 [7ca550b5-eb05-4269-b04e-07cab5a16581@group-792585F5A7BD-LeaderElection24] INFO  server.RaftServerConfigKeys (ConfUtils.java:logGet(43)) - raft.server.write.element-limit = 4096 (default)
2019-10-02 07:39:43,532 [ac3e3bd2-b40c-4d72-87ae-6fc1defe10d9@group-A7CC63CB5FFD-LeaderElection23] INFO  server.RaftServerConfigKeys (ConfUtils.java:logGet(43)) - raft.server.watch.timeout = 10s (default)
2019-10-02 07:39:43,532 [7ca550b5-eb05-4269-b04e-07cab5a16581@group-792585F5A7BD-LeaderElection24] INFO  server.RaftServerConfigKeys (ConfUtils.java:logGet(43)) - raft.server.watch.timeout = 10s (default)
2019-10-02 07:39:43,532 [ac3e3bd2-b40c-4d72-87ae-6fc1defe10d9@group-A7CC63CB5FFD-LeaderElection23] INFO  server.RaftServerConfigKeys (ConfUtils.java:logGet(43)) - raft.server.watch.timeout.denomination = 1s (default)
2019-10-02 07:39:43,532 [7ca550b5-eb05-4269-b04e-07cab5a16581@group-792585F5A7BD-LeaderElection24] INFO  server.RaftServerConfigKeys (ConfUtils.java:logGet(43)) - raft.server.watch.timeout.denomination = 1s (default)
2019-10-02 07:39:43,532 [ac3e3bd2-b40c-4d72-87ae-6fc1defe10d9@group-A7CC63CB5FFD-LeaderElection23] INFO  server.RaftServerConfigKeys (ConfUtils.java:logGet(43)) - raft.server.watch.element-limit = 65536 (default)
2019-10-02 07:39:43,532 [7ca550b5-eb05-4269-b04e-07cab5a16581@group-792585F5A7BD-LeaderElection24] INFO  server.RaftServerConfigKeys (ConfUtils.java:logGet(43)) - raft.server.watch.element-limit = 65536 (default)
2019-10-02 07:39:43,540 [ac3e3bd2-b40c-4d72-87ae-6fc1defe10d9@group-A7CC63CB5FFD-LeaderElection23] INFO  impl.RoleInfo (RoleInfo.java:updateAndGet(143)) - ac3e3bd2-b40c-4d72-87ae-6fc1defe10d9: start LeaderState
2019-10-02 07:39:43,540 [grpc-default-executor-16] INFO  impl.RaftServerImpl (RaftServerImpl.java:setRole(170)) - 1b7d02a1-4da6-4721-8686-69cf33273127@group-5B7E8A8B0482: changes role from  FOLLOWER to FOLLOWER at term 1 for recognizeCandidate:2609764d-f6c2-4d27-bd0c-3a8252d8a1b1
2019-10-02 07:39:43,542 [grpc-default-executor-8] INFO  impl.RaftServerImpl (RaftServerImpl.java:setRole(170)) - 7ca550b5-eb05-4269-b04e-07cab5a16581@group-5B7E8A8B0482: changes role from  FOLLOWER to FOLLOWER at term 1 for recognizeCandidate:2609764d-f6c2-4d27-bd0c-3a8252d8a1b1
2019-10-02 07:39:43,542 [7ca550b5-eb05-4269-b04e-07cab5a16581@group-792585F5A7BD-LeaderElection24] INFO  impl.RoleInfo (RoleInfo.java:updateAndGet(143)) - 7ca550b5-eb05-4269-b04e-07cab5a16581: start LeaderState
2019-10-02 07:39:43,542 [grpc-default-executor-8] INFO  impl.RoleInfo (RoleInfo.java:shutdownFollowerState(121)) - 7ca550b5-eb05-4269-b04e-07cab5a16581: shutdown FollowerState
2019-10-02 07:39:43,542 [ac3e3bd2-b40c-4d72-87ae-6fc1defe10d9@group-A7CC63CB5FFD-LeaderElection23] INFO  segmented.SegmentedRaftLogWorker (SegmentedRaftLogWorker.java:startLogSegment(385)) - ac3e3bd2-b40c-4d72-87ae-6fc1defe10d9@group-A7CC63CB5FFD-SegmentedRaftLogWorker: Starting segment from index:0
2019-10-02 07:39:43,543 [Thread-1484] INFO  impl.FollowerState (FollowerState.java:run(117)) - 7ca550b5-eb05-4269-b04e-07cab5a16581@group-5B7E8A8B0482-FollowerState was interrupted: java.lang.InterruptedException: sleep interrupted
2019-10-02 07:39:43,542 [grpc-default-executor-16] INFO  impl.RoleInfo (RoleInfo.java:shutdownFollowerState(121)) - 1b7d02a1-4da6-4721-8686-69cf33273127: shutdown FollowerState
2019-10-02 07:39:43,543 [grpc-default-executor-8] INFO  impl.RoleInfo (RoleInfo.java:updateAndGet(143)) - 7ca550b5-eb05-4269-b04e-07cab5a16581: start FollowerState
2019-10-02 07:39:43,543 [7ca550b5-eb05-4269-b04e-07cab5a16581@group-792585F5A7BD-LeaderElection24] INFO  segmented.SegmentedRaftLogWorker (SegmentedRaftLogWorker.java:startLogSegment(385)) - 7ca550b5-eb05-4269-b04e-07cab5a16581@group-792585F5A7BD-SegmentedRaftLogWorker: Starting segment from index:0
2019-10-02 07:39:43,543 [Thread-1485] INFO  impl.FollowerState (FollowerState.java:run(117)) - 1b7d02a1-4da6-4721-8686-69cf33273127@group-5B7E8A8B0482-FollowerState was interrupted: java.lang.InterruptedException: sleep interrupted
2019-10-02 07:39:43,543 [ac3e3bd2-b40c-4d72-87ae-6fc1defe10d9@group-A7CC63CB5FFD-LeaderElection23] INFO  impl.RaftServerImpl (ServerState.java:setRaftConf(356)) - ac3e3bd2-b40c-4d72-87ae-6fc1defe10d9@group-A7CC63CB5FFD: set configuration 0: [ac3e3bd2-b40c-4d72-87ae-6fc1defe10d9:192.168.5.178:42962], old=null at 0
2019-10-02 07:39:43,543 [grpc-default-executor-16] INFO  impl.RoleInfo (RoleInfo.java:updateAndGet(143)) - 1b7d02a1-4da6-4721-8686-69cf33273127: start FollowerState
2019-10-02 07:39:43,544 [7ca550b5-eb05-4269-b04e-07cab5a16581@group-792585F5A7BD-LeaderElection24] INFO  impl.RaftServerImpl (ServerState.java:setRaftConf(356)) - 7ca550b5-eb05-4269-b04e-07cab5a16581@group-792585F5A7BD: set configuration 0: [7ca550b5-eb05-4269-b04e-07cab5a16581:192.168.5.178:36351], old=null at 0
2019-10-02 07:39:43,557 [2609764d-f6c2-4d27-bd0c-3a8252d8a1b1@group-5B7E8A8B0482-LeaderElection25] INFO  impl.LeaderElection (LeaderElection.java:logAndReturn(56)) - 2609764d-f6c2-4d27-bd0c-3a8252d8a1b1@group-5B7E8A8B0482-LeaderElection25: Election PASSED; received 1 response(s) [2609764d-f6c2-4d27-bd0c-3a8252d8a1b1<-1b7d02a1-4da6-4721-8686-69cf33273127#0:OK-t1] and 0 exception(s); 2609764d-f6c2-4d27-bd0c-3a8252d8a1b1@group-5B7E8A8B0482:t1, leader=null, voted=2609764d-f6c2-4d27-bd0c-3a8252d8a1b1, raftlog=2609764d-f6c2-4d27-bd0c-3a8252d8a1b1@group-5B7E8A8B0482-SegmentedRaftLog:OPENED:c-1,f-1,i0, conf=-1: [2609764d-f6c2-4d27-bd0c-3a8252d8a1b1:192.168.5.178:40845, 7ca550b5-eb05-4269-b04e-07cab5a16581:192.168.5.178:36351, 1b7d02a1-4da6-4721-8686-69cf33273127:192.168.5.178:40844], old=null
2019-10-02 07:39:43,557 [2609764d-f6c2-4d27-bd0c-3a8252d8a1b1@group-5B7E8A8B0482-LeaderElection25] INFO  impl.RoleInfo (RoleInfo.java:shutdownLeaderElection(134)) - 2609764d-f6c2-4d27-bd0c-3a8252d8a1b1: shutdown LeaderElection
2019-10-02 07:39:43,557 [2609764d-f6c2-4d27-bd0c-3a8252d8a1b1@group-5B7E8A8B0482-LeaderElection25] INFO  impl.RaftServerImpl (RaftServerImpl.java:setRole(170)) - 2609764d-f6c2-4d27-bd0c-3a8252d8a1b1@group-5B7E8A8B0482: changes role from CANDIDATE to LEADER at term 1 for changeToLeader
2019-10-02 07:39:43,557 [2609764d-f6c2-4d27-bd0c-3a8252d8a1b1@group-5B7E8A8B0482-LeaderElection25] INFO  impl.RaftServerImpl (ServerState.java:setLeader(255)) - 2609764d-f6c2-4d27-bd0c-3a8252d8a1b1@group-5B7E8A8B0482: change Leader from null to 2609764d-f6c2-4d27-bd0c-3a8252d8a1b1 at term 1 for becomeLeader, leader elected after 5079ms
2019-10-02 07:39:43,557 [2609764d-f6c2-4d27-bd0c-3a8252d8a1b1@group-5B7E8A8B0482-LeaderElection25] INFO  server.RaftServerConfigKeys (ConfUtils.java:logGet(43)) - raft.server.staging.catchup.gap = 1000 (default)
2019-10-02 07:39:43,558 [2609764d-f6c2-4d27-bd0c-3a8252d8a1b1@group-5B7E8A8B0482-LeaderElection25] INFO  server.RaftServerConfigKeys (ConfUtils.java:logGet(43)) - raft.server.rpc.sleep.time = 25ms (default)
2019-10-02 07:39:43,558 [2609764d-f6c2-4d27-bd0c-3a8252d8a1b1@group-5B7E8A8B0482-LeaderElection25] INFO  server.RaftServerConfigKeys (ConfUtils.java:logGet(43)) - raft.server.write.element-limit = 4096 (default)
2019-10-02 07:39:43,558 [2609764d-f6c2-4d27-bd0c-3a8252d8a1b1@group-5B7E8A8B0482-LeaderElection25] INFO  server.RaftServerConfigKeys (ConfUtils.java:logGet(43)) - raft.server.watch.timeout = 10s (default)
2019-10-02 07:39:43,558 [2609764d-f6c2-4d27-bd0c-3a8252d8a1b1@group-5B7E8A8B0482-LeaderElection25] INFO  server.RaftServerConfigKeys (ConfUtils.java:logGet(43)) - raft.server.watch.timeout.denomination = 1s (default)
2019-10-02 07:39:43,558 [2609764d-f6c2-4d27-bd0c-3a8252d8a1b1@group-5B7E8A8B0482-LeaderElection25] INFO  server.RaftServerConfigKeys (ConfUtils.java:logGet(43)) - raft.server.watch.element-limit = 65536 (default)
2019-10-02 07:39:43,593 [2609764d-f6c2-4d27-bd0c-3a8252d8a1b1@group-5B7E8A8B0482-LeaderElection25] INFO  server.RaftServerConfigKeys (ConfUtils.java:logGet(43)) - raft.server.log.appender.snapshot.chunk.size.max = 16MB (=16777216) (default)
2019-10-02 07:39:43,593 [2609764d-f6c2-4d27-bd0c-3a8252d8a1b1@group-5B7E8A8B0482-LeaderElection25] INFO  server.RaftServerConfigKeys (ConfUtils.java:logGet(43)) - raft.server.log.appender.buffer.byte-limit = 33554432 (custom)
2019-10-02 07:39:43,596 [2609764d-f6c2-4d27-bd0c-3a8252d8a1b1@group-5B7E8A8B0482-LeaderElection25] INFO  server.RaftServerConfigKeys (ConfUtils.java:logGet(43)) - raft.server.log.appender.buffer.element-limit = 1 (custom)
2019-10-02 07:39:43,596 [2609764d-f6c2-4d27-bd0c-3a8252d8a1b1@group-5B7E8A8B0482-LeaderElection25] INFO  grpc.GrpcConfigKeys$Server (ConfUtils.java:logGet(43)) - raft.grpc.server.leader.outstanding.appends.max = 128 (default)
2019-10-02 07:39:43,596 [2609764d-f6c2-4d27-bd0c-3a8252d8a1b1@group-5B7E8A8B0482-LeaderElection25] INFO  server.RaftServerConfigKeys (ConfUtils.java:logGet(43)) - raft.server.rpc.request.timeout = 3000ms (default)
2019-10-02 07:39:43,596 [2609764d-f6c2-4d27-bd0c-3a8252d8a1b1@group-5B7E8A8B0482-LeaderElection25] INFO  server.RaftServerConfigKeys (ConfUtils.java:logGet(43)) - raft.server.log.appender.install.snapshot.enabled = false (custom)
2019-10-02 07:39:43,596 [2609764d-f6c2-4d27-bd0c-3a8252d8a1b1@group-5B7E8A8B0482-LeaderElection25] INFO  server.RaftServerConfigKeys (ConfUtils.java:logGet(43)) - raft.server.log.appender.snapshot.chunk.size.max = 16MB (=16777216) (default)
2019-10-02 07:39:43,596 [2609764d-f6c2-4d27-bd0c-3a8252d8a1b1@group-5B7E8A8B0482-LeaderElection25] INFO  server.RaftServerConfigKeys (ConfUtils.java:logGet(43)) - raft.server.log.appender.buffer.byte-limit = 33554432 (custom)
2019-10-02 07:39:43,597 [2609764d-f6c2-4d27-bd0c-3a8252d8a1b1@group-5B7E8A8B0482-LeaderElection25] INFO  server.RaftServerConfigKeys (ConfUtils.java:logGet(43)) - raft.server.log.appender.buffer.element-limit = 1 (custom)
2019-10-02 07:39:43,597 [2609764d-f6c2-4d27-bd0c-3a8252d8a1b1@group-5B7E8A8B0482-LeaderElection25] INFO  grpc.GrpcConfigKeys$Server (ConfUtils.java:logGet(43)) - raft.grpc.server.leader.outstanding.appends.max = 128 (default)
2019-10-02 07:39:43,597 [2609764d-f6c2-4d27-bd0c-3a8252d8a1b1@group-5B7E8A8B0482-LeaderElection25] INFO  server.RaftServerConfigKeys (ConfUtils.java:logGet(43)) - raft.server.rpc.request.timeout = 3000ms (default)
2019-10-02 07:39:43,597 [ac3e3bd2-b40c-4d72-87ae-6fc1defe10d9@group-A7CC63CB5FFD-SegmentedRaftLogWorker] INFO  segmented.SegmentedRaftLogWorker (SegmentedRaftLogWorker.java:execute(574)) - ac3e3bd2-b40c-4d72-87ae-6fc1defe10d9@group-A7CC63CB5FFD-SegmentedRaftLogWorker: created new log segment /workdir/hadoop-ozone/integration-test/target/test-dir/MiniOzoneClusterImpl-86ab02b3-fe0f-4689-9ef5-b2acbd941c82/datanode-4/data/ratis/dcde0116-8050-4212-a6ee-a7cc63cb5ffd/current/log_inprogress_0
2019-10-02 07:39:43,597 [2609764d-f6c2-4d27-bd0c-3a8252d8a1b1@group-5B7E8A8B0482-LeaderElection25] INFO  server.RaftServerConfigKeys (ConfUtils.java:logGet(43)) - raft.server.log.appender.install.snapshot.enabled = false (custom)
2019-10-02 07:39:43,597 [7ca550b5-eb05-4269-b04e-07cab5a16581@group-792585F5A7BD-SegmentedRaftLogWorker] INFO  segmented.SegmentedRaftLogWorker (SegmentedRaftLogWorker.java:execute(574)) - 7ca550b5-eb05-4269-b04e-07cab5a16581@group-792585F5A7BD-SegmentedRaftLogWorker: created new log segment /workdir/hadoop-ozone/integration-test/target/test-dir/MiniOzoneClusterImpl-86ab02b3-fe0f-4689-9ef5-b2acbd941c82/datanode-6/data/ratis/e67f1355-a5f2-420e-9bdf-792585f5a7bd/current/log_inprogress_0
2019-10-02 07:39:43,599 [2609764d-f6c2-4d27-bd0c-3a8252d8a1b1@group-5B7E8A8B0482-LeaderElection25] INFO  impl.RoleInfo (RoleInfo.java:updateAndGet(143)) - 2609764d-f6c2-4d27-bd0c-3a8252d8a1b1: start LeaderState
2019-10-02 07:39:43,600 [2609764d-f6c2-4d27-bd0c-3a8252d8a1b1@group-5B7E8A8B0482-LeaderElection25] INFO  segmented.SegmentedRaftLogWorker (SegmentedRaftLogWorker.java:startLogSegment(385)) - 2609764d-f6c2-4d27-bd0c-3a8252d8a1b1@group-5B7E8A8B0482-SegmentedRaftLogWorker: Starting segment from index:0
2019-10-02 07:39:43,600 [2609764d-f6c2-4d27-bd0c-3a8252d8a1b1@group-5B7E8A8B0482-LeaderElection25] INFO  impl.RaftServerImpl (ServerState.java:setRaftConf(356)) - 2609764d-f6c2-4d27-bd0c-3a8252d8a1b1@group-5B7E8A8B0482: set configuration 0: [2609764d-f6c2-4d27-bd0c-3a8252d8a1b1:192.168.5.178:40845, 7ca550b5-eb05-4269-b04e-07cab5a16581:192.168.5.178:36351, 1b7d02a1-4da6-4721-8686-69cf33273127:192.168.5.178:40844], old=null at 0
2019-10-02 07:39:43,602 [grpc-default-executor-16] INFO  impl.RaftServerImpl (ServerState.java:setLeader(255)) - 1b7d02a1-4da6-4721-8686-69cf33273127@group-5B7E8A8B0482: change Leader from null to 2609764d-f6c2-4d27-bd0c-3a8252d8a1b1 at term 1 for appendEntries, leader elected after 5124ms
2019-10-02 07:39:43,636 [grpc-default-executor-15] INFO  impl.RaftServerImpl (ServerState.java:setLeader(255)) - 7ca550b5-eb05-4269-b04e-07cab5a16581@group-5B7E8A8B0482: change Leader from null to 2609764d-f6c2-4d27-bd0c-3a8252d8a1b1 at term 1 for appendEntries, leader elected after 5158ms
2019-10-02 07:39:43,647 [grpc-default-executor-16] INFO  impl.RaftServerImpl (ServerState.java:setRaftConf(356)) - 1b7d02a1-4da6-4721-8686-69cf33273127@group-5B7E8A8B0482: set configuration 0: [2609764d-f6c2-4d27-bd0c-3a8252d8a1b1:192.168.5.178:40845, 7ca550b5-eb05-4269-b04e-07cab5a16581:192.168.5.178:36351, 1b7d02a1-4da6-4721-8686-69cf33273127:192.168.5.178:40844], old=null at 0
2019-10-02 07:39:43,647 [grpc-default-executor-10] INFO  impl.RaftServerImpl (ServerState.java:setRaftConf(356)) - 7ca550b5-eb05-4269-b04e-07cab5a16581@group-5B7E8A8B0482: set configuration 0: [2609764d-f6c2-4d27-bd0c-3a8252d8a1b1:192.168.5.178:40845, 7ca550b5-eb05-4269-b04e-07cab5a16581:192.168.5.178:36351, 1b7d02a1-4da6-4721-8686-69cf33273127:192.168.5.178:40844], old=null at 0
2019-10-02 07:39:43,647 [grpc-default-executor-16] INFO  segmented.SegmentedRaftLogWorker (SegmentedRaftLogWorker.java:startLogSegment(385)) - 1b7d02a1-4da6-4721-8686-69cf33273127@group-5B7E8A8B0482-SegmentedRaftLogWorker: Starting segment from index:0
2019-10-02 07:39:43,647 [grpc-default-executor-10] INFO  segmented.SegmentedRaftLogWorker (SegmentedRaftLogWorker.java:startLogSegment(385)) - 7ca550b5-eb05-4269-b04e-07cab5a16581@group-5B7E8A8B0482-SegmentedRaftLogWorker: Starting segment from index:0
2019-10-02 07:39:43,690 [2609764d-f6c2-4d27-bd0c-3a8252d8a1b1@group-5B7E8A8B0482-SegmentedRaftLogWorker] INFO  segmented.SegmentedRaftLogWorker (SegmentedRaftLogWorker.java:execute(574)) - 2609764d-f6c2-4d27-bd0c-3a8252d8a1b1@group-5B7E8A8B0482-SegmentedRaftLogWorker: created new log segment /workdir/hadoop-ozone/integration-test/target/test-dir/MiniOzoneClusterImpl-86ab02b3-fe0f-4689-9ef5-b2acbd941c82/datanode-5/data/ratis/c0457029-cc67-4a3d-8dc1-5b7e8a8b0482/current/log_inprogress_0
2019-10-02 07:39:43,691 [main] INFO  ozone.MiniOzoneClusterImpl (MiniOzoneClusterImpl.java:shutdown(314)) - Shutting down the Mini Ozone Cluster
2019-10-02 07:39:43,692 [main] INFO  ozone.MiniOzoneClusterImpl (MiniOzoneClusterImpl.java:stop(330)) - Stopping the Mini Ozone Cluster
2019-10-02 07:39:43,692 [main] INFO  ozone.MiniOzoneClusterImpl (MiniOzoneClusterImpl.java:stopOM(400)) - Stopping the OzoneManager
2019-10-02 07:39:43,692 [main] INFO  ipc.Server (Server.java:stop(3082)) - Stopping server on 36252
2019-10-02 07:39:43,703 [7ca550b5-eb05-4269-b04e-07cab5a16581@group-5B7E8A8B0482-SegmentedRaftLogWorker] INFO  segmented.SegmentedRaftLogWorker (SegmentedRaftLogWorker.java:execute(574)) - 7ca550b5-eb05-4269-b04e-07cab5a16581@group-5B7E8A8B0482-SegmentedRaftLogWorker: created new log segment /workdir/hadoop-ozone/integration-test/target/test-dir/MiniOzoneClusterImpl-86ab02b3-fe0f-4689-9ef5-b2acbd941c82/datanode-6/data/ratis/c0457029-cc67-4a3d-8dc1-5b7e8a8b0482/current/log_inprogress_0
2019-10-02 07:39:43,703 [1b7d02a1-4da6-4721-8686-69cf33273127@group-5B7E8A8B0482-SegmentedRaftLogWorker] INFO  segmented.SegmentedRaftLogWorker (SegmentedRaftLogWorker.java:execute(574)) - 1b7d02a1-4da6-4721-8686-69cf33273127@group-5B7E8A8B0482-SegmentedRaftLogWorker: created new log segment /workdir/hadoop-ozone/integration-test/target/test-dir/MiniOzoneClusterImpl-86ab02b3-fe0f-4689-9ef5-b2acbd941c82/datanode-3/data/ratis/c0457029-cc67-4a3d-8dc1-5b7e8a8b0482/current/log_inprogress_0
2019-10-02 07:39:43,708 [IPC Server Responder] INFO  ipc.Server (Server.java:run(1319)) - Stopping IPC Server Responder
2019-10-02 07:39:43,707 [main] INFO  ratis.OzoneManagerDoubleBuffer (OzoneManagerDoubleBuffer.java:stop(248)) - Stopping OMDoubleBuffer flush thread
2019-10-02 07:39:43,703 [IPC Server listener on 36252] INFO  ipc.Server (Server.java:run(1185)) - Stopping IPC Server listener on 36252
2019-10-02 07:39:43,730 [OMDoubleBufferFlushThread] INFO  ratis.OzoneManagerDoubleBuffer (OzoneManagerDoubleBuffer.java:flushTransactions(191)) - OMDoubleBuffer flush thread OMDoubleBufferFlushThread is interrupted and will exit. OMDoubleBufferFlushThread
2019-10-02 07:39:43,731 [main] INFO  utils.BackgroundService (BackgroundService.java:shutdown(148)) - Shutting down service KeyDeletingService
2019-10-02 07:39:43,737 [main] INFO  handler.ContextHandler (ContextHandler.java:doStop(910)) - Stopped o.e.j.w.WebAppContext@3f598450{/,null,UNAVAILABLE}{/ozoneManager}
2019-10-02 07:39:43,738 [main] INFO  server.AbstractConnector (AbstractConnector.java:doStop(318)) - Stopped ServerConnector@2db2a05f{HTTP/1.1,[http/1.1]}{0.0.0.0:0}
2019-10-02 07:39:43,738 [main] INFO  handler.ContextHandler (ContextHandler.java:doStop(910)) - Stopped o.e.j.s.ServletContextHandler@7c1447b5{/static,file:///workdir/hadoop-ozone/integration-test/target/test-classes/webapps/static,UNAVAILABLE}
2019-10-02 07:39:43,739 [main] INFO  handler.ContextHandler (ContextHandler.java:doStop(910)) - Stopped o.e.j.s.ServletContextHandler@73c3cd09{/logs,file:///workdir/hadoop-ozone/integration-test/target/log,UNAVAILABLE}
2019-10-02 07:39:43,741 [main] INFO  ozone.MiniOzoneClusterImpl (MiniOzoneClusterImpl.java:stopDatanodes(377)) - Stopping the HddsDatanodes
2019-10-02 07:39:43,996 [Datanode State Machine Thread - 0] INFO  statemachine.DatanodeStateMachine (DatanodeStateMachine.java:lambda$startDaemon$0(350)) - Ozone container server started.
2019-10-02 07:39:44,194 [Datanode State Machine Thread - 0] INFO  statemachine.DatanodeStateMachine (DatanodeStateMachine.java:lambda$startDaemon$0(350)) - Ozone container server started.
2019-10-02 07:39:48,744 [main] INFO  ozoneimpl.OzoneContainer (OzoneContainer.java:stop(231)) - Attempting to stop container services.
2019-10-02 07:39:48,744 [ForkJoinPool.commonPool-worker-0] INFO  ozoneimpl.OzoneContainer (OzoneContainer.java:stop(231)) - Attempting to stop container services.
2019-10-02 07:39:48,746 [main] INFO  impl.RaftServerProxy (RaftServerProxy.java:lambda$close$4(314)) - ac3e3bd2-b40c-4d72-87ae-6fc1defe10d9: close
2019-10-02 07:39:48,746 [ForkJoinPool.commonPool-worker-0] INFO  impl.RaftServerProxy (RaftServerProxy.java:lambda$close$4(314)) - 50e37c97-987b-45d1-861c-706b55a6aef7: close
2019-10-02 07:39:48,746 [main] INFO  impl.RaftServerImpl (RaftServerImpl.java:lambda$shutdown$3(247)) - ac3e3bd2-b40c-4d72-87ae-6fc1defe10d9@group-A7CC63CB5FFD: shutdown
2019-10-02 07:39:48,746 [ForkJoinPool.commonPool-worker-0] INFO  impl.RaftServerImpl (RaftServerImpl.java:lambda$shutdown$3(247)) - 50e37c97-987b-45d1-861c-706b55a6aef7@group-1568508E349A: shutdown
2019-10-02 07:39:48,747 [main] INFO  util.JmxRegister (JmxRegister.java:unregister(73)) - Successfully un-registered JMX Bean with object name Ratis:service=RaftServer,group=group-A7CC63CB5FFD,id=ac3e3bd2-b40c-4d72-87ae-6fc1defe10d9
2019-10-02 07:39:48,747 [ForkJoinPool.commonPool-worker-0] INFO  util.JmxRegister (JmxRegister.java:unregister(73)) - Successfully un-registered JMX Bean with object name Ratis:service=RaftServer,group=group-1568508E349A,id=50e37c97-987b-45d1-861c-706b55a6aef7
2019-10-02 07:39:48,748 [main] INFO  impl.RoleInfo (RoleInfo.java:shutdownLeaderState(104)) - ac3e3bd2-b40c-4d72-87ae-6fc1defe10d9: shutdown LeaderState
2019-10-02 07:39:48,748 [ForkJoinPool.commonPool-worker-0] INFO  impl.RoleInfo (RoleInfo.java:shutdownFollowerState(121)) - 50e37c97-987b-45d1-861c-706b55a6aef7: shutdown FollowerState
2019-10-02 07:39:48,748 [main] INFO  impl.PendingRequests (PendingRequests.java:sendNotLeaderResponses(202)) - ac3e3bd2-b40c-4d72-87ae-6fc1defe10d9@group-A7CC63CB5FFD-PendingRequests: sendNotLeaderResponses
2019-10-02 07:39:48,749 [Thread-1514] INFO  impl.FollowerState (FollowerState.java:run(117)) - 50e37c97-987b-45d1-861c-706b55a6aef7@group-1568508E349A-FollowerState was interrupted: java.lang.InterruptedException: sleep interrupted
2019-10-02 07:39:48,748 [ForkJoinPool.commonPool-worker-0] INFO  impl.StateMachineUpdater (StateMachineUpdater.java:stopAndJoin(136)) - 50e37c97-987b-45d1-861c-706b55a6aef7@group-1568508E349A-StateMachineUpdater: set stopIndex = 2
2019-10-02 07:39:48,749 [ForkJoinPool.commonPool-worker-0] INFO  impl.RaftServerImpl (ServerState.java:close(387)) - 50e37c97-987b-45d1-861c-706b55a6aef7@group-1568508E349A: closes. applyIndex: 2
2019-10-02 07:39:48,749 [main] INFO  impl.StateMachineUpdater (StateMachineUpdater.java:stopAndJoin(136)) - ac3e3bd2-b40c-4d72-87ae-6fc1defe10d9@group-A7CC63CB5FFD-StateMachineUpdater: set stopIndex = 0
2019-10-02 07:39:48,750 [main] INFO  impl.RaftServerImpl (ServerState.java:close(387)) - ac3e3bd2-b40c-4d72-87ae-6fc1defe10d9@group-A7CC63CB5FFD: closes. applyIndex: 0
2019-10-02 07:39:48,750 [50e37c97-987b-45d1-861c-706b55a6aef7@group-1568508E349A-SegmentedRaftLogWorker] INFO  segmented.SegmentedRaftLogWorker (SegmentedRaftLogWorker.java:run(316)) - 50e37c97-987b-45d1-861c-706b55a6aef7@group-1568508E349A-SegmentedRaftLogWorker was interrupted, exiting. There are 0 tasks remaining in the queue.
2019-10-02 07:39:48,751 [ac3e3bd2-b40c-4d72-87ae-6fc1defe10d9@group-A7CC63CB5FFD-SegmentedRaftLogWorker] INFO  segmented.SegmentedRaftLogWorker (SegmentedRaftLogWorker.java:run(316)) - ac3e3bd2-b40c-4d72-87ae-6fc1defe10d9@group-A7CC63CB5FFD-SegmentedRaftLogWorker was interrupted, exiting. There are 0 tasks remaining in the queue.
2019-10-02 07:39:48,754 [main] INFO  segmented.SegmentedRaftLogWorker (SegmentedRaftLogWorker.java:close(224)) - ac3e3bd2-b40c-4d72-87ae-6fc1defe10d9@group-A7CC63CB5FFD-SegmentedRaftLogWorker close()
2019-10-02 07:39:48,754 [ForkJoinPool.commonPool-worker-0] INFO  segmented.SegmentedRaftLogWorker (SegmentedRaftLogWorker.java:close(224)) - 50e37c97-987b-45d1-861c-706b55a6aef7@group-1568508E349A-SegmentedRaftLogWorker close()
2019-10-02 07:39:48,759 [main] INFO  server.GrpcService (GrpcService.java:closeImpl(164)) - ac3e3bd2-b40c-4d72-87ae-6fc1defe10d9: shutdown server with port 42962 now
2019-10-02 07:39:48,763 [ForkJoinPool.commonPool-worker-0] INFO  impl.RaftServerImpl (RaftServerImpl.java:lambda$shutdown$3(247)) - 50e37c97-987b-45d1-861c-706b55a6aef7@group-2622B554C9B5: shutdown
2019-10-02 07:39:48,764 [ForkJoinPool.commonPool-worker-0] INFO  util.JmxRegister (JmxRegister.java:unregister(73)) - Successfully un-registered JMX Bean with object name Ratis:service=RaftServer,group=group-2622B554C9B5,id=50e37c97-987b-45d1-861c-706b55a6aef7
2019-10-02 07:39:48,767 [main] INFO  server.GrpcService (GrpcService.java:closeImpl(172)) - ac3e3bd2-b40c-4d72-87ae-6fc1defe10d9: shutdown server with port 42962 successfully
2019-10-02 07:39:48,767 [ForkJoinPool.commonPool-worker-0] INFO  impl.RoleInfo (RoleInfo.java:shutdownLeaderState(104)) - 50e37c97-987b-45d1-861c-706b55a6aef7: shutdown LeaderState
2019-10-02 07:39:48,768 [ForkJoinPool.commonPool-worker-0] INFO  impl.PendingRequests (PendingRequests.java:sendNotLeaderResponses(202)) - 50e37c97-987b-45d1-861c-706b55a6aef7@group-2622B554C9B5-PendingRequests: sendNotLeaderResponses
2019-10-02 07:39:48,768 [ForkJoinPool.commonPool-worker-0] INFO  impl.StateMachineUpdater (StateMachineUpdater.java:stopAndJoin(136)) - 50e37c97-987b-45d1-861c-706b55a6aef7@group-2622B554C9B5-StateMachineUpdater: set stopIndex = 0
2019-10-02 07:39:48,768 [ForkJoinPool.commonPool-worker-0] INFO  impl.RaftServerImpl (ServerState.java:close(387)) - 50e37c97-987b-45d1-861c-706b55a6aef7@group-2622B554C9B5: closes. applyIndex: 0
2019-10-02 07:39:48,769 [50e37c97-987b-45d1-861c-706b55a6aef7@group-2622B554C9B5-SegmentedRaftLogWorker] INFO  segmented.SegmentedRaftLogWorker (SegmentedRaftLogWorker.java:run(316)) - 50e37c97-987b-45d1-861c-706b55a6aef7@group-2622B554C9B5-SegmentedRaftLogWorker was interrupted, exiting. There are 0 tasks remaining in the queue.
2019-10-02 07:39:48,772 [ForkJoinPool.commonPool-worker-0] INFO  segmented.SegmentedRaftLogWorker (SegmentedRaftLogWorker.java:close(224)) - 50e37c97-987b-45d1-861c-706b55a6aef7@group-2622B554C9B5-SegmentedRaftLogWorker close()
2019-10-02 07:39:48,776 [ForkJoinPool.commonPool-worker-0] INFO  server.GrpcService (GrpcService.java:closeImpl(164)) - 50e37c97-987b-45d1-861c-706b55a6aef7: shutdown server with port 44066 now
2019-10-02 07:39:48,778 [refreshUsed-/workdir/hadoop-ozone/integration-test/target/test-dir/MiniOzoneClusterImpl-86ab02b3-fe0f-4689-9ef5-b2acbd941c82/datanode-4/data/containers] WARN  fs.CachingGetSpaceUsed (CachingGetSpaceUsed.java:run(183)) - Thread Interrupted waiting to refresh disk information: sleep interrupted
2019-10-02 07:39:48,781 [grpc-default-executor-10] WARN  server.GrpcServerProtocolService (LogUtils.java:warn(134)) - 50e37c97-987b-45d1-861c-706b55a6aef7: installSnapshot onError, lastRequest: 003c0b2c-9291-471c-a534-75bc80e0ebc2->50e37c97-987b-45d1-861c-706b55a6aef7#5-t1, previous=(t:1, i:2), leaderCommit=2, initializing? false, entries: <empty>: org.apache.ratis.thirdparty.io.grpc.StatusRuntimeException: CANCELLED: cancelled before receiving half close
2019-10-02 07:39:48,782 [ForkJoinPool.commonPool-worker-0] INFO  server.GrpcService (GrpcService.java:closeImpl(172)) - 50e37c97-987b-45d1-861c-706b55a6aef7: shutdown server with port 44066 successfully
2019-10-02 07:39:48,782 [grpc-default-executor-16] WARN  server.GrpcLogAppender (LogUtils.java:warn(134)) - 003c0b2c-9291-471c-a534-75bc80e0ebc2@group-1568508E349A->50e37c97-987b-45d1-861c-706b55a6aef7-AppendLogResponseHandler: Failed appendEntries: org.apache.ratis.thirdparty.io.grpc.StatusRuntimeException: CANCELLED: HTTP/2 error code: CANCEL
Received Rst Stream
2019-10-02 07:39:48,785 [grpc-default-executor-16] INFO  impl.FollowerInfo (FollowerInfo.java:lambda$new$0(51)) - 003c0b2c-9291-471c-a534-75bc80e0ebc2@group-1568508E349A->50e37c97-987b-45d1-861c-706b55a6aef7: nextIndex: updateUnconditionally 3 -> 2
2019-10-02 07:39:48,790 [refreshUsed-/workdir/hadoop-ozone/integration-test/target/test-dir/MiniOzoneClusterImpl-86ab02b3-fe0f-4689-9ef5-b2acbd941c82/datanode-1/data/containers] WARN  fs.CachingGetSpaceUsed (CachingGetSpaceUsed.java:run(183)) - Thread Interrupted waiting to refresh disk information: sleep interrupted
2019-10-02 07:39:48,805 [main] INFO  utils.BackgroundService (BackgroundService.java:shutdown(148)) - Shutting down service BlockDeletingService
2019-10-02 07:39:48,812 [main] INFO  statemachine.DatanodeStateMachine (DatanodeStateMachine.java:stopDaemon(395)) - Ozone container server stopped.
2019-10-02 07:39:48,815 [main] INFO  handler.ContextHandler (ContextHandler.java:doStop(910)) - Stopped o.e.j.w.WebAppContext@3f96f020{/,null,UNAVAILABLE}{/hddsDatanode}
2019-10-02 07:39:48,816 [main] INFO  server.AbstractConnector (AbstractConnector.java:doStop(318)) - Stopped ServerConnector@32eae6f2{HTTP/1.1,[http/1.1]}{0.0.0.0:0}
2019-10-02 07:39:48,816 [main] INFO  handler.ContextHandler (ContextHandler.java:doStop(910)) - Stopped o.e.j.s.ServletContextHandler@7235f92b{/static,jar:file:/home/user/.m2/repository/org/apache/hadoop/hadoop-hdds-container-service/0.5.0-SNAPSHOT/hadoop-hdds-container-service-0.5.0-SNAPSHOT.jar!/webapps/static,UNAVAILABLE}
2019-10-02 07:39:48,817 [main] INFO  handler.ContextHandler (ContextHandler.java:doStop(910)) - Stopped o.e.j.s.ServletContextHandler@1a256d80{/logs,file:///workdir/hadoop-ozone/integration-test/target/log,UNAVAILABLE}
2019-10-02 07:39:48,822 [ForkJoinPool.commonPool-worker-0] INFO  utils.BackgroundService (BackgroundService.java:shutdown(148)) - Shutting down service BlockDeletingService
2019-10-02 07:39:48,827 [ForkJoinPool.commonPool-worker-0] INFO  statemachine.DatanodeStateMachine (DatanodeStateMachine.java:stopDaemon(395)) - Ozone container server stopped.
2019-10-02 07:39:48,834 [ForkJoinPool.commonPool-worker-0] INFO  handler.ContextHandler (ContextHandler.java:doStop(910)) - Stopped o.e.j.w.WebAppContext@4ceff87d{/,null,UNAVAILABLE}{/hddsDatanode}
2019-10-02 07:39:48,840 [ForkJoinPool.commonPool-worker-0] INFO  server.AbstractConnector (AbstractConnector.java:doStop(318)) - Stopped ServerConnector@3238e2aa{HTTP/1.1,[http/1.1]}{0.0.0.0:0}
2019-10-02 07:39:48,845 [ForkJoinPool.commonPool-worker-0] INFO  handler.ContextHandler (ContextHandler.java:doStop(910)) - Stopped o.e.j.s.ServletContextHandler@3ba0ae41{/static,jar:file:/home/user/.m2/repository/org/apache/hadoop/hadoop-hdds-container-service/0.5.0-SNAPSHOT/hadoop-hdds-container-service-0.5.0-SNAPSHOT.jar!/webapps/static,UNAVAILABLE}
2019-10-02 07:39:48,848 [ForkJoinPool.commonPool-worker-0] INFO  handler.ContextHandler (ContextHandler.java:doStop(910)) - Stopped o.e.j.s.ServletContextHandler@3bb5ceb{/logs,file:///workdir/hadoop-ozone/integration-test/target/log,UNAVAILABLE}
2019-10-02 07:39:49,068 [Datanode State Machine Thread - 0] INFO  statemachine.DatanodeStateMachine (DatanodeStateMachine.java:lambda$startDaemon$0(350)) - Ozone container server started.
2019-10-02 07:39:49,132 [Datanode State Machine Thread - 0] INFO  statemachine.DatanodeStateMachine (DatanodeStateMachine.java:lambda$startDaemon$0(350)) - Ozone container server started.
2019-10-02 07:39:51,084 [grpc-default-executor-15] WARN  server.GrpcLogAppender (LogUtils.java:warn(134)) - 003c0b2c-9291-471c-a534-75bc80e0ebc2@group-1568508E349A->50e37c97-987b-45d1-861c-706b55a6aef7-AppendLogResponseHandler: Failed appendEntries: org.apache.ratis.thirdparty.io.grpc.StatusRuntimeException: UNAVAILABLE: io exception
2019-10-02 07:39:51,088 [grpc-default-executor-15] INFO  impl.FollowerInfo (FollowerInfo.java:lambda$new$0(51)) - 003c0b2c-9291-471c-a534-75bc80e0ebc2@group-1568508E349A->50e37c97-987b-45d1-861c-706b55a6aef7: nextIndex: updateUnconditionally 2 -> 1
2019-10-02 07:39:53,590 [grpc-default-executor-16] WARN  server.GrpcLogAppender (LogUtils.java:warn(134)) - 003c0b2c-9291-471c-a534-75bc80e0ebc2@group-1568508E349A->50e37c97-987b-45d1-861c-706b55a6aef7-AppendLogResponseHandler: Failed appendEntries: org.apache.ratis.thirdparty.io.grpc.StatusRuntimeException: UNAVAILABLE: io exception
2019-10-02 07:39:53,599 [grpc-default-executor-16] INFO  impl.FollowerInfo (FollowerInfo.java:lambda$new$0(51)) - 003c0b2c-9291-471c-a534-75bc80e0ebc2@group-1568508E349A->50e37c97-987b-45d1-861c-706b55a6aef7: nextIndex: updateUnconditionally 1 -> 0
2019-10-02 07:39:53,819 [main] INFO  ozoneimpl.OzoneContainer (OzoneContainer.java:stop(231)) - Attempting to stop container services.
2019-10-02 07:39:53,820 [main] INFO  impl.RaftServerProxy (RaftServerProxy.java:lambda$close$4(314)) - 1b7d02a1-4da6-4721-8686-69cf33273127: close
2019-10-02 07:39:53,820 [main] INFO  impl.RaftServerImpl (RaftServerImpl.java:lambda$shutdown$3(247)) - 1b7d02a1-4da6-4721-8686-69cf33273127@group-5B7E8A8B0482: shutdown
2019-10-02 07:39:53,820 [main] INFO  util.JmxRegister (JmxRegister.java:unregister(73)) - Successfully un-registered JMX Bean with object name Ratis:service=RaftServer,group=group-5B7E8A8B0482,id=1b7d02a1-4da6-4721-8686-69cf33273127
2019-10-02 07:39:53,821 [main] INFO  impl.RoleInfo (RoleInfo.java:shutdownFollowerState(121)) - 1b7d02a1-4da6-4721-8686-69cf33273127: shutdown FollowerState
2019-10-02 07:39:53,821 [main] INFO  impl.StateMachineUpdater (StateMachineUpdater.java:stopAndJoin(136)) - 1b7d02a1-4da6-4721-8686-69cf33273127@group-5B7E8A8B0482-StateMachineUpdater: set stopIndex = 0
2019-10-02 07:39:53,821 [Thread-1536] INFO  impl.FollowerState (FollowerState.java:run(117)) - 1b7d02a1-4da6-4721-8686-69cf33273127@group-5B7E8A8B0482-FollowerState was interrupted: java.lang.InterruptedException: sleep interrupted
2019-10-02 07:39:53,825 [main] INFO  impl.RaftServerImpl (ServerState.java:close(387)) - 1b7d02a1-4da6-4721-8686-69cf33273127@group-5B7E8A8B0482: closes. applyIndex: 0
2019-10-02 07:39:53,825 [1b7d02a1-4da6-4721-8686-69cf33273127@group-5B7E8A8B0482-SegmentedRaftLogWorker] INFO  segmented.SegmentedRaftLogWorker (SegmentedRaftLogWorker.java:run(316)) - 1b7d02a1-4da6-4721-8686-69cf33273127@group-5B7E8A8B0482-SegmentedRaftLogWorker was interrupted, exiting. There are 0 tasks remaining in the queue.
2019-10-02 07:39:53,828 [main] INFO  segmented.SegmentedRaftLogWorker (SegmentedRaftLogWorker.java:close(224)) - 1b7d02a1-4da6-4721-8686-69cf33273127@group-5B7E8A8B0482-SegmentedRaftLogWorker close()
2019-10-02 07:39:53,832 [main] INFO  impl.RaftServerImpl (RaftServerImpl.java:lambda$shutdown$3(247)) - 1b7d02a1-4da6-4721-8686-69cf33273127@group-DA379EF06072: shutdown
2019-10-02 07:39:53,832 [main] INFO  util.JmxRegister (JmxRegister.java:unregister(73)) - Successfully un-registered JMX Bean with object name Ratis:service=RaftServer,group=group-DA379EF06072,id=1b7d02a1-4da6-4721-8686-69cf33273127
2019-10-02 07:39:53,832 [main] INFO  impl.RoleInfo (RoleInfo.java:shutdownLeaderState(104)) - 1b7d02a1-4da6-4721-8686-69cf33273127: shutdown LeaderState
2019-10-02 07:39:53,833 [main] INFO  impl.PendingRequests (PendingRequests.java:sendNotLeaderResponses(202)) - 1b7d02a1-4da6-4721-8686-69cf33273127@group-DA379EF06072-PendingRequests: sendNotLeaderResponses
2019-10-02 07:39:53,833 [main] INFO  impl.StateMachineUpdater (StateMachineUpdater.java:stopAndJoin(136)) - 1b7d02a1-4da6-4721-8686-69cf33273127@group-DA379EF06072-StateMachineUpdater: set stopIndex = 0
2019-10-02 07:39:53,833 [main] INFO  impl.RaftServerImpl (ServerState.java:close(387)) - 1b7d02a1-4da6-4721-8686-69cf33273127@group-DA379EF06072: closes. applyIndex: 0
2019-10-02 07:39:53,834 [1b7d02a1-4da6-4721-8686-69cf33273127@group-DA379EF06072-SegmentedRaftLogWorker] INFO  segmented.SegmentedRaftLogWorker (SegmentedRaftLogWorker.java:run(316)) - 1b7d02a1-4da6-4721-8686-69cf33273127@group-DA379EF06072-SegmentedRaftLogWorker was interrupted, exiting. There are 0 tasks remaining in the queue.
2019-10-02 07:39:53,840 [main] INFO  segmented.SegmentedRaftLogWorker (SegmentedRaftLogWorker.java:close(224)) - 1b7d02a1-4da6-4721-8686-69cf33273127@group-DA379EF06072-SegmentedRaftLogWorker close()
2019-10-02 07:39:53,844 [main] INFO  server.GrpcService (GrpcService.java:closeImpl(164)) - 1b7d02a1-4da6-4721-8686-69cf33273127: shutdown server with port 40844 now
2019-10-02 07:39:53,846 [grpc-default-executor-16] WARN  server.GrpcServerProtocolService (LogUtils.java:warn(134)) - 1b7d02a1-4da6-4721-8686-69cf33273127: installSnapshot onError, lastRequest: 2609764d-f6c2-4d27-bd0c-3a8252d8a1b1->1b7d02a1-4da6-4721-8686-69cf33273127#5-t1, previous=(t:1, i:0), leaderCommit=0, initializing? false, entries: <empty>: org.apache.ratis.thirdparty.io.grpc.StatusRuntimeException: CANCELLED: cancelled before receiving half close
2019-10-02 07:39:53,846 [grpc-default-executor-10] WARN  server.GrpcLogAppender (LogUtils.java:warn(134)) - 2609764d-f6c2-4d27-bd0c-3a8252d8a1b1@group-5B7E8A8B0482->1b7d02a1-4da6-4721-8686-69cf33273127-AppendLogResponseHandler: Failed appendEntries: org.apache.ratis.thirdparty.io.grpc.StatusRuntimeException: CANCELLED: HTTP/2 error code: CANCEL
Received Rst Stream
2019-10-02 07:39:53,846 [main] INFO  server.GrpcService (GrpcService.java:closeImpl(172)) - 1b7d02a1-4da6-4721-8686-69cf33273127: shutdown server with port 40844 successfully
2019-10-02 07:39:53,849 [grpc-default-executor-10] INFO  impl.FollowerInfo (FollowerInfo.java:lambda$new$0(51)) - 2609764d-f6c2-4d27-bd0c-3a8252d8a1b1@group-5B7E8A8B0482->1b7d02a1-4da6-4721-8686-69cf33273127: nextIndex: updateUnconditionally 1 -> 0
2019-10-02 07:39:53,850 [ForkJoinPool.commonPool-worker-0] INFO  ozoneimpl.OzoneContainer (OzoneContainer.java:stop(231)) - Attempting to stop container services.
2019-10-02 07:39:53,851 [ForkJoinPool.commonPool-worker-0] INFO  impl.RaftServerProxy (RaftServerProxy.java:lambda$close$4(314)) - 0e8c619e-d5cc-4692-a899-4ea542713226: close
2019-10-02 07:39:53,852 [ForkJoinPool.commonPool-worker-0] INFO  impl.RaftServerImpl (RaftServerImpl.java:lambda$shutdown$3(247)) - 0e8c619e-d5cc-4692-a899-4ea542713226@group-1568508E349A: shutdown
2019-10-02 07:39:53,852 [refreshUsed-/workdir/hadoop-ozone/integration-test/target/test-dir/MiniOzoneClusterImpl-86ab02b3-fe0f-4689-9ef5-b2acbd941c82/datanode-3/data/containers] WARN  fs.CachingGetSpaceUsed (CachingGetSpaceUsed.java:run(183)) - Thread Interrupted waiting to refresh disk information: sleep interrupted
2019-10-02 07:39:53,852 [ForkJoinPool.commonPool-worker-0] INFO  util.JmxRegister (JmxRegister.java:unregister(73)) - Successfully un-registered JMX Bean with object name Ratis:service=RaftServer,group=group-1568508E349A,id=0e8c619e-d5cc-4692-a899-4ea542713226
2019-10-02 07:39:53,853 [ForkJoinPool.commonPool-worker-0] INFO  impl.RoleInfo (RoleInfo.java:shutdownFollowerState(121)) - 0e8c619e-d5cc-4692-a899-4ea542713226: shutdown FollowerState
2019-10-02 07:39:53,854 [ForkJoinPool.commonPool-worker-0] INFO  impl.StateMachineUpdater (StateMachineUpdater.java:stopAndJoin(136)) - 0e8c619e-d5cc-4692-a899-4ea542713226@group-1568508E349A-StateMachineUpdater: set stopIndex = 2
2019-10-02 07:39:53,855 [Thread-1513] INFO  impl.FollowerState (FollowerState.java:run(117)) - 0e8c619e-d5cc-4692-a899-4ea542713226@group-1568508E349A-FollowerState was interrupted: java.lang.InterruptedException: sleep interrupted
2019-10-02 07:39:53,855 [ForkJoinPool.commonPool-worker-0] INFO  impl.RaftServerImpl (ServerState.java:close(387)) - 0e8c619e-d5cc-4692-a899-4ea542713226@group-1568508E349A: closes. applyIndex: 2
2019-10-02 07:39:53,855 [0e8c619e-d5cc-4692-a899-4ea542713226@group-1568508E349A-SegmentedRaftLogWorker] INFO  segmented.SegmentedRaftLogWorker (SegmentedRaftLogWorker.java:run(316)) - 0e8c619e-d5cc-4692-a899-4ea542713226@group-1568508E349A-SegmentedRaftLogWorker was interrupted, exiting. There are 0 tasks remaining in the queue.
2019-10-02 07:39:53,858 [ForkJoinPool.commonPool-worker-0] INFO  segmented.SegmentedRaftLogWorker (SegmentedRaftLogWorker.java:close(224)) - 0e8c619e-d5cc-4692-a899-4ea542713226@group-1568508E349A-SegmentedRaftLogWorker close()
2019-10-02 07:39:53,861 [ForkJoinPool.commonPool-worker-0] INFO  impl.RaftServerImpl (RaftServerImpl.java:lambda$shutdown$3(247)) - 0e8c619e-d5cc-4692-a899-4ea542713226@group-FF0DF9629A43: shutdown
2019-10-02 07:39:53,862 [ForkJoinPool.commonPool-worker-0] INFO  util.JmxRegister (JmxRegister.java:unregister(73)) - Successfully un-registered JMX Bean with object name Ratis:service=RaftServer,group=group-FF0DF9629A43,id=0e8c619e-d5cc-4692-a899-4ea542713226
2019-10-02 07:39:53,862 [ForkJoinPool.commonPool-worker-0] INFO  impl.RoleInfo (RoleInfo.java:shutdownLeaderState(104)) - 0e8c619e-d5cc-4692-a899-4ea542713226: shutdown LeaderState
2019-10-02 07:39:53,863 [ForkJoinPool.commonPool-worker-0] INFO  impl.PendingRequests (PendingRequests.java:sendNotLeaderResponses(202)) - 0e8c619e-d5cc-4692-a899-4ea542713226@group-FF0DF9629A43-PendingRequests: sendNotLeaderResponses
2019-10-02 07:39:53,863 [ForkJoinPool.commonPool-worker-0] INFO  impl.StateMachineUpdater (StateMachineUpdater.java:stopAndJoin(136)) - 0e8c619e-d5cc-4692-a899-4ea542713226@group-FF0DF9629A43-StateMachineUpdater: set stopIndex = 0
2019-10-02 07:39:53,864 [ForkJoinPool.commonPool-worker-0] INFO  impl.RaftServerImpl (ServerState.java:close(387)) - 0e8c619e-d5cc-4692-a899-4ea542713226@group-FF0DF9629A43: closes. applyIndex: 0
2019-10-02 07:39:53,864 [0e8c619e-d5cc-4692-a899-4ea542713226@group-FF0DF9629A43-SegmentedRaftLogWorker] INFO  segmented.SegmentedRaftLogWorker (SegmentedRaftLogWorker.java:run(316)) - 0e8c619e-d5cc-4692-a899-4ea542713226@group-FF0DF9629A43-SegmentedRaftLogWorker was interrupted, exiting. There are 0 tasks remaining in the queue.
2019-10-02 07:39:53,866 [ForkJoinPool.commonPool-worker-0] INFO  segmented.SegmentedRaftLogWorker (SegmentedRaftLogWorker.java:close(224)) - 0e8c619e-d5cc-4692-a899-4ea542713226@group-FF0DF9629A43-SegmentedRaftLogWorker close()
2019-10-02 07:39:53,870 [ForkJoinPool.commonPool-worker-0] INFO  server.GrpcService (GrpcService.java:closeImpl(164)) - 0e8c619e-d5cc-4692-a899-4ea542713226: shutdown server with port 46783 now
2019-10-02 07:39:53,871 [grpc-default-executor-10] WARN  server.GrpcServerProtocolService (LogUtils.java:warn(134)) - 0e8c619e-d5cc-4692-a899-4ea542713226: installSnapshot onError, lastRequest: 003c0b2c-9291-471c-a534-75bc80e0ebc2->0e8c619e-d5cc-4692-a899-4ea542713226#7-t1, previous=(t:1, i:2), leaderCommit=2, initializing? false, entries: <empty>: org.apache.ratis.thirdparty.io.grpc.StatusRuntimeException: CANCELLED: cancelled before receiving half close
2019-10-02 07:39:53,871 [grpc-default-executor-15] WARN  server.GrpcLogAppender (LogUtils.java:warn(134)) - 003c0b2c-9291-471c-a534-75bc80e0ebc2@group-1568508E349A->0e8c619e-d5cc-4692-a899-4ea542713226-AppendLogResponseHandler: Failed appendEntries: org.apache.ratis.thirdparty.io.grpc.StatusRuntimeException: CANCELLED: HTTP/2 error code: CANCEL
Received Rst Stream
2019-10-02 07:39:53,871 [ForkJoinPool.commonPool-worker-0] INFO  server.GrpcService (GrpcService.java:closeImpl(172)) - 0e8c619e-d5cc-4692-a899-4ea542713226: shutdown server with port 46783 successfully
2019-10-02 07:39:53,873 [grpc-default-executor-15] INFO  impl.FollowerInfo (FollowerInfo.java:lambda$new$0(51)) - 003c0b2c-9291-471c-a534-75bc80e0ebc2@group-1568508E349A->0e8c619e-d5cc-4692-a899-4ea542713226: nextIndex: updateUnconditionally 3 -> 2
2019-10-02 07:39:53,877 [refreshUsed-/workdir/hadoop-ozone/integration-test/target/test-dir/MiniOzoneClusterImpl-86ab02b3-fe0f-4689-9ef5-b2acbd941c82/datanode-2/data/containers] WARN  fs.CachingGetSpaceUsed (CachingGetSpaceUsed.java:run(183)) - Thread Interrupted waiting to refresh disk information: sleep interrupted
2019-10-02 07:39:53,890 [ForkJoinPool.commonPool-worker-0] INFO  utils.BackgroundService (BackgroundService.java:shutdown(148)) - Shutting down service BlockDeletingService
2019-10-02 07:39:53,890 [main] INFO  utils.BackgroundService (BackgroundService.java:shutdown(148)) - Shutting down service BlockDeletingService
2019-10-02 07:39:53,894 [ForkJoinPool.commonPool-worker-0] INFO  statemachine.DatanodeStateMachine (DatanodeStateMachine.java:stopDaemon(395)) - Ozone container server stopped.
2019-10-02 07:39:53,898 [main] INFO  statemachine.DatanodeStateMachine (DatanodeStateMachine.java:stopDaemon(395)) - Ozone container server stopped.
2019-10-02 07:39:53,901 [ForkJoinPool.commonPool-worker-0] INFO  handler.ContextHandler (ContextHandler.java:doStop(910)) - Stopped o.e.j.w.WebAppContext@d902300{/,null,UNAVAILABLE}{/hddsDatanode}
2019-10-02 07:39:53,901 [main] INFO  handler.ContextHandler (ContextHandler.java:doStop(910)) - Stopped o.e.j.w.WebAppContext@1163a27{/,null,UNAVAILABLE}{/hddsDatanode}
2019-10-02 07:39:53,903 [ForkJoinPool.commonPool-worker-0] INFO  server.AbstractConnector (AbstractConnector.java:doStop(318)) - Stopped ServerConnector@2db33feb{HTTP/1.1,[http/1.1]}{0.0.0.0:0}
2019-10-02 07:39:53,903 [main] INFO  server.AbstractConnector (AbstractConnector.java:doStop(318)) - Stopped ServerConnector@322ba549{HTTP/1.1,[http/1.1]}{0.0.0.0:0}
2019-10-02 07:39:53,905 [ForkJoinPool.commonPool-worker-0] INFO  handler.ContextHandler (ContextHandler.java:doStop(910)) - Stopped o.e.j.s.ServletContextHandler@52b46d52{/static,jar:file:/home/user/.m2/repository/org/apache/hadoop/hadoop-hdds-container-service/0.5.0-SNAPSHOT/hadoop-hdds-container-service-0.5.0-SNAPSHOT.jar!/webapps/static,UNAVAILABLE}
2019-10-02 07:39:53,905 [main] INFO  handler.ContextHandler (ContextHandler.java:doStop(910)) - Stopped o.e.j.s.ServletContextHandler@17b37e9a{/static,jar:file:/home/user/.m2/repository/org/apache/hadoop/hadoop-hdds-container-service/0.5.0-SNAPSHOT/hadoop-hdds-container-service-0.5.0-SNAPSHOT.jar!/webapps/static,UNAVAILABLE}
2019-10-02 07:39:53,906 [ForkJoinPool.commonPool-worker-0] INFO  handler.ContextHandler (ContextHandler.java:doStop(910)) - Stopped o.e.j.s.ServletContextHandler@58b5a2f3{/logs,file:///workdir/hadoop-ozone/integration-test/target/log,UNAVAILABLE}
2019-10-02 07:39:53,906 [main] INFO  handler.ContextHandler (ContextHandler.java:doStop(910)) - Stopped o.e.j.s.ServletContextHandler@6413d7e7{/logs,file:///workdir/hadoop-ozone/integration-test/target/log,UNAVAILABLE}
2019-10-02 07:39:53,933 [Datanode State Machine Thread - 0] INFO  statemachine.DatanodeStateMachine (DatanodeStateMachine.java:lambda$startDaemon$0(350)) - Ozone container server started.
2019-10-02 07:39:54,316 [Datanode State Machine Thread - 0] INFO  statemachine.DatanodeStateMachine (DatanodeStateMachine.java:lambda$startDaemon$0(350)) - Ozone container server started.
2019-10-02 07:39:56,091 [grpc-default-executor-13] WARN  server.GrpcLogAppender (LogUtils.java:warn(134)) - 003c0b2c-9291-471c-a534-75bc80e0ebc2@group-1568508E349A->50e37c97-987b-45d1-861c-706b55a6aef7-AppendLogResponseHandler: Failed appendEntries: org.apache.ratis.thirdparty.io.grpc.StatusRuntimeException: UNAVAILABLE: io exception
2019-10-02 07:39:56,091 [grpc-default-executor-10] WARN  server.GrpcLogAppender (LogUtils.java:warn(134)) - 003c0b2c-9291-471c-a534-75bc80e0ebc2@group-1568508E349A->0e8c619e-d5cc-4692-a899-4ea542713226-AppendLogResponseHandler: Failed appendEntries: org.apache.ratis.thirdparty.io.grpc.StatusRuntimeException: UNAVAILABLE: io exception
2019-10-02 07:39:56,094 [grpc-default-executor-13] INFO  impl.FollowerInfo (FollowerInfo.java:lambda$new$0(51)) - 003c0b2c-9291-471c-a534-75bc80e0ebc2@group-1568508E349A->50e37c97-987b-45d1-861c-706b55a6aef7: nextIndex: updateUnconditionally 0 -> 0
2019-10-02 07:39:56,096 [grpc-default-executor-10] INFO  impl.FollowerInfo (FollowerInfo.java:lambda$new$0(51)) - 003c0b2c-9291-471c-a534-75bc80e0ebc2@group-1568508E349A->0e8c619e-d5cc-4692-a899-4ea542713226: nextIndex: updateUnconditionally 2 -> 1
2019-10-02 07:39:56,253 [grpc-default-executor-15] WARN  server.GrpcLogAppender (LogUtils.java:warn(134)) - 2609764d-f6c2-4d27-bd0c-3a8252d8a1b1@group-5B7E8A8B0482->1b7d02a1-4da6-4721-8686-69cf33273127-AppendLogResponseHandler: Failed appendEntries: org.apache.ratis.thirdparty.io.grpc.StatusRuntimeException: UNAVAILABLE: io exception
2019-10-02 07:39:56,256 [grpc-default-executor-15] INFO  impl.FollowerInfo (FollowerInfo.java:lambda$new$0(51)) - 2609764d-f6c2-4d27-bd0c-3a8252d8a1b1@group-5B7E8A8B0482->1b7d02a1-4da6-4721-8686-69cf33273127: nextIndex: updateUnconditionally 0 -> 0
2019-10-02 07:39:58,597 [grpc-default-executor-13] WARN  server.GrpcLogAppender (LogUtils.java:warn(134)) - 003c0b2c-9291-471c-a534-75bc80e0ebc2@group-1568508E349A->0e8c619e-d5cc-4692-a899-4ea542713226-AppendLogResponseHandler: Failed appendEntries: org.apache.ratis.thirdparty.io.grpc.StatusRuntimeException: UNAVAILABLE: io exception
2019-10-02 07:39:58,597 [grpc-default-executor-16] WARN  server.GrpcLogAppender (LogUtils.java:warn(134)) - 003c0b2c-9291-471c-a534-75bc80e0ebc2@group-1568508E349A->50e37c97-987b-45d1-861c-706b55a6aef7-AppendLogResponseHandler: Failed appendEntries: org.apache.ratis.thirdparty.io.grpc.StatusRuntimeException: UNAVAILABLE: io exception
2019-10-02 07:39:58,607 [grpc-default-executor-16] INFO  impl.FollowerInfo (FollowerInfo.java:lambda$new$0(51)) - 003c0b2c-9291-471c-a534-75bc80e0ebc2@group-1568508E349A->50e37c97-987b-45d1-861c-706b55a6aef7: nextIndex: updateUnconditionally 0 -> 0
2019-10-02 07:39:58,607 [grpc-default-executor-13] INFO  impl.FollowerInfo (FollowerInfo.java:lambda$new$0(51)) - 003c0b2c-9291-471c-a534-75bc80e0ebc2@group-1568508E349A->0e8c619e-d5cc-4692-a899-4ea542713226: nextIndex: updateUnconditionally 1 -> 0
2019-10-02 07:39:58,754 [grpc-default-executor-13] WARN  server.GrpcLogAppender (LogUtils.java:warn(134)) - 2609764d-f6c2-4d27-bd0c-3a8252d8a1b1@group-5B7E8A8B0482->1b7d02a1-4da6-4721-8686-69cf33273127-AppendLogResponseHandler: Failed appendEntries: org.apache.ratis.thirdparty.io.grpc.StatusRuntimeException: UNAVAILABLE: io exception
2019-10-02 07:39:58,756 [grpc-default-executor-13] INFO  impl.FollowerInfo (FollowerInfo.java:lambda$new$0(51)) - 2609764d-f6c2-4d27-bd0c-3a8252d8a1b1@group-5B7E8A8B0482->1b7d02a1-4da6-4721-8686-69cf33273127: nextIndex: updateUnconditionally 0 -> 0
2019-10-02 07:39:58,909 [ForkJoinPool.commonPool-worker-0] INFO  ozoneimpl.OzoneContainer (OzoneContainer.java:stop(231)) - Attempting to stop container services.
2019-10-02 07:39:58,909 [main] INFO  ozoneimpl.OzoneContainer (OzoneContainer.java:stop(231)) - Attempting to stop container services.
2019-10-02 07:39:58,910 [ForkJoinPool.commonPool-worker-0] INFO  impl.RaftServerProxy (RaftServerProxy.java:lambda$close$4(314)) - 003c0b2c-9291-471c-a534-75bc80e0ebc2: close
2019-10-02 07:39:58,910 [main] INFO  impl.RaftServerProxy (RaftServerProxy.java:lambda$close$4(314)) - 7ca550b5-eb05-4269-b04e-07cab5a16581: close
2019-10-02 07:39:58,910 [ForkJoinPool.commonPool-worker-0] INFO  impl.RaftServerImpl (RaftServerImpl.java:lambda$shutdown$3(247)) - 003c0b2c-9291-471c-a534-75bc80e0ebc2@group-1568508E349A: shutdown
2019-10-02 07:39:58,910 [main] INFO  impl.RaftServerImpl (RaftServerImpl.java:lambda$shutdown$3(247)) - 7ca550b5-eb05-4269-b04e-07cab5a16581@group-5B7E8A8B0482: shutdown
2019-10-02 07:39:58,911 [ForkJoinPool.commonPool-worker-0] INFO  util.JmxRegister (JmxRegister.java:unregister(73)) - Successfully un-registered JMX Bean with object name Ratis:service=RaftServer,group=group-1568508E349A,id=003c0b2c-9291-471c-a534-75bc80e0ebc2
2019-10-02 07:39:58,911 [main] INFO  util.JmxRegister (JmxRegister.java:unregister(73)) - Successfully un-registered JMX Bean with object name Ratis:service=RaftServer,group=group-5B7E8A8B0482,id=7ca550b5-eb05-4269-b04e-07cab5a16581
2019-10-02 07:39:58,911 [ForkJoinPool.commonPool-worker-0] INFO  impl.RoleInfo (RoleInfo.java:shutdownLeaderState(104)) - 003c0b2c-9291-471c-a534-75bc80e0ebc2: shutdown LeaderState
2019-10-02 07:39:58,911 [main] INFO  impl.RoleInfo (RoleInfo.java:shutdownFollowerState(121)) - 7ca550b5-eb05-4269-b04e-07cab5a16581: shutdown FollowerState
2019-10-02 07:39:58,916 [org.apache.ratis.server.impl.LogAppender$AppenderDaemon$$Lambda$500/893228623@26995733] WARN  server.GrpcLogAppender (GrpcLogAppender.java:mayWait(143)) - 003c0b2c-9291-471c-a534-75bc80e0ebc2@group-1568508E349A->0e8c619e-d5cc-4692-a899-4ea542713226-GrpcLogAppender: Wait interrupted by java.lang.InterruptedException
2019-10-02 07:39:58,916 [org.apache.ratis.server.impl.LogAppender$AppenderDaemon$$Lambda$500/893228623@52fcdcaa] WARN  server.GrpcLogAppender (GrpcLogAppender.java:mayWait(143)) - 003c0b2c-9291-471c-a534-75bc80e0ebc2@group-1568508E349A->50e37c97-987b-45d1-861c-706b55a6aef7-GrpcLogAppender: Wait interrupted by java.lang.InterruptedException
2019-10-02 07:39:58,916 [ForkJoinPool.commonPool-worker-0] INFO  impl.PendingRequests (PendingRequests.java:sendNotLeaderResponses(202)) - 003c0b2c-9291-471c-a534-75bc80e0ebc2@group-1568508E349A-PendingRequests: sendNotLeaderResponses
2019-10-02 07:39:58,916 [Thread-1535] INFO  impl.FollowerState (FollowerState.java:run(117)) - 7ca550b5-eb05-4269-b04e-07cab5a16581@group-5B7E8A8B0482-FollowerState was interrupted: java.lang.InterruptedException: sleep interrupted
2019-10-02 07:39:58,916 [main] INFO  impl.StateMachineUpdater (StateMachineUpdater.java:stopAndJoin(136)) - 7ca550b5-eb05-4269-b04e-07cab5a16581@group-5B7E8A8B0482-StateMachineUpdater: set stopIndex = 0
2019-10-02 07:39:58,922 [main] INFO  impl.RaftServerImpl (ServerState.java:close(387)) - 7ca550b5-eb05-4269-b04e-07cab5a16581@group-5B7E8A8B0482: closes. applyIndex: 0
2019-10-02 07:39:58,928 [ForkJoinPool.commonPool-worker-0] INFO  impl.StateMachineUpdater (StateMachineUpdater.java:stopAndJoin(136)) - 003c0b2c-9291-471c-a534-75bc80e0ebc2@group-1568508E349A-StateMachineUpdater: set stopIndex = 2
2019-10-02 07:39:58,929 [7ca550b5-eb05-4269-b04e-07cab5a16581@group-5B7E8A8B0482-SegmentedRaftLogWorker] INFO  segmented.SegmentedRaftLogWorker (SegmentedRaftLogWorker.java:run(316)) - 7ca550b5-eb05-4269-b04e-07cab5a16581@group-5B7E8A8B0482-SegmentedRaftLogWorker was interrupted, exiting. There are 0 tasks remaining in the queue.
2019-10-02 07:39:58,929 [ForkJoinPool.commonPool-worker-0] INFO  impl.RaftServerImpl (ServerState.java:close(387)) - 003c0b2c-9291-471c-a534-75bc80e0ebc2@group-1568508E349A: closes. applyIndex: 2
2019-10-02 07:39:58,933 [main] INFO  segmented.SegmentedRaftLogWorker (SegmentedRaftLogWorker.java:close(224)) - 7ca550b5-eb05-4269-b04e-07cab5a16581@group-5B7E8A8B0482-SegmentedRaftLogWorker close()
2019-10-02 07:39:58,933 [003c0b2c-9291-471c-a534-75bc80e0ebc2@group-1568508E349A-SegmentedRaftLogWorker] INFO  segmented.SegmentedRaftLogWorker (SegmentedRaftLogWorker.java:run(316)) - 003c0b2c-9291-471c-a534-75bc80e0ebc2@group-1568508E349A-SegmentedRaftLogWorker was interrupted, exiting. There are 0 tasks remaining in the queue.
2019-10-02 07:39:58,936 [main] INFO  impl.RaftServerImpl (RaftServerImpl.java:lambda$shutdown$3(247)) - 7ca550b5-eb05-4269-b04e-07cab5a16581@group-792585F5A7BD: shutdown
2019-10-02 07:39:58,938 [main] INFO  util.JmxRegister (JmxRegister.java:unregister(73)) - Successfully un-registered JMX Bean with object name Ratis:service=RaftServer,group=group-792585F5A7BD,id=7ca550b5-eb05-4269-b04e-07cab5a16581
2019-10-02 07:39:58,938 [main] INFO  impl.RoleInfo (RoleInfo.java:shutdownLeaderState(104)) - 7ca550b5-eb05-4269-b04e-07cab5a16581: shutdown LeaderState
2019-10-02 07:39:58,939 [main] INFO  impl.PendingRequests (PendingRequests.java:sendNotLeaderResponses(202)) - 7ca550b5-eb05-4269-b04e-07cab5a16581@group-792585F5A7BD-PendingRequests: sendNotLeaderResponses
2019-10-02 07:39:58,939 [main] INFO  impl.StateMachineUpdater (StateMachineUpdater.java:stopAndJoin(136)) - 7ca550b5-eb05-4269-b04e-07cab5a16581@group-792585F5A7BD-StateMachineUpdater: set stopIndex = 0
2019-10-02 07:39:58,940 [main] INFO  impl.RaftServerImpl (ServerState.java:close(387)) - 7ca550b5-eb05-4269-b04e-07cab5a16581@group-792585F5A7BD: closes. applyIndex: 0
2019-10-02 07:39:58,940 [7ca550b5-eb05-4269-b04e-07cab5a16581@group-792585F5A7BD-SegmentedRaftLogWorker] INFO  segmented.SegmentedRaftLogWorker (SegmentedRaftLogWorker.java:run(316)) - 7ca550b5-eb05-4269-b04e-07cab5a16581@group-792585F5A7BD-SegmentedRaftLogWorker was interrupted, exiting. There are 0 tasks remaining in the queue.
2019-10-02 07:39:58,942 [main] INFO  segmented.SegmentedRaftLogWorker (SegmentedRaftLogWorker.java:close(224)) - 7ca550b5-eb05-4269-b04e-07cab5a16581@group-792585F5A7BD-SegmentedRaftLogWorker close()
2019-10-02 07:39:58,942 [ForkJoinPool.commonPool-worker-0] INFO  segmented.SegmentedRaftLogWorker (SegmentedRaftLogWorker.java:close(224)) - 003c0b2c-9291-471c-a534-75bc80e0ebc2@group-1568508E349A-SegmentedRaftLogWorker close()
2019-10-02 07:39:58,946 [main] INFO  server.GrpcService (GrpcService.java:closeImpl(164)) - 7ca550b5-eb05-4269-b04e-07cab5a16581: shutdown server with port 36351 now
2019-10-02 07:39:58,960 [ForkJoinPool.commonPool-worker-0] INFO  impl.RaftServerImpl (RaftServerImpl.java:lambda$shutdown$3(247)) - 003c0b2c-9291-471c-a534-75bc80e0ebc2@group-D76904C98F8C: shutdown
2019-10-02 07:39:58,961 [ForkJoinPool.commonPool-worker-0] INFO  util.JmxRegister (JmxRegister.java:unregister(73)) - Successfully un-registered JMX Bean with object name Ratis:service=RaftServer,group=group-D76904C98F8C,id=003c0b2c-9291-471c-a534-75bc80e0ebc2
2019-10-02 07:39:58,962 [ForkJoinPool.commonPool-worker-0] INFO  impl.RoleInfo (RoleInfo.java:shutdownLeaderState(104)) - 003c0b2c-9291-471c-a534-75bc80e0ebc2: shutdown LeaderState
2019-10-02 07:39:58,962 [grpc-default-executor-16] WARN  server.GrpcServerProtocolService (LogUtils.java:warn(134)) - 7ca550b5-eb05-4269-b04e-07cab5a16581: installSnapshot onError, lastRequest: 2609764d-f6c2-4d27-bd0c-3a8252d8a1b1->7ca550b5-eb05-4269-b04e-07cab5a16581#7-t1, previous=(t:1, i:0), leaderCommit=0, initializing? false, entries: <empty>: org.apache.ratis.thirdparty.io.grpc.StatusRuntimeException: CANCELLED: cancelled before receiving half close
2019-10-02 07:39:58,962 [ForkJoinPool.commonPool-worker-0] INFO  impl.PendingRequests (PendingRequests.java:sendNotLeaderResponses(202)) - 003c0b2c-9291-471c-a534-75bc80e0ebc2@group-D76904C98F8C-PendingRequests: sendNotLeaderResponses
2019-10-02 07:39:58,963 [ForkJoinPool.commonPool-worker-0] INFO  impl.StateMachineUpdater (StateMachineUpdater.java:stopAndJoin(136)) - 003c0b2c-9291-471c-a534-75bc80e0ebc2@group-D76904C98F8C-StateMachineUpdater: set stopIndex = 0
2019-10-02 07:39:58,964 [grpc-default-executor-8] WARN  server.GrpcLogAppender (LogUtils.java:warn(134)) - 2609764d-f6c2-4d27-bd0c-3a8252d8a1b1@group-5B7E8A8B0482->7ca550b5-eb05-4269-b04e-07cab5a16581-AppendLogResponseHandler: Failed appendEntries: org.apache.ratis.thirdparty.io.grpc.StatusRuntimeException: CANCELLED: HTTP/2 error code: CANCEL
Received Rst Stream
2019-10-02 07:39:58,964 [ForkJoinPool.commonPool-worker-0] INFO  impl.RaftServerImpl (ServerState.java:close(387)) - 003c0b2c-9291-471c-a534-75bc80e0ebc2@group-D76904C98F8C: closes. applyIndex: 0
2019-10-02 07:39:58,966 [grpc-default-executor-8] INFO  impl.FollowerInfo (FollowerInfo.java:lambda$new$0(51)) - 2609764d-f6c2-4d27-bd0c-3a8252d8a1b1@group-5B7E8A8B0482->7ca550b5-eb05-4269-b04e-07cab5a16581: nextIndex: updateUnconditionally 1 -> 0
2019-10-02 07:39:58,966 [main] INFO  server.GrpcService (GrpcService.java:closeImpl(172)) - 7ca550b5-eb05-4269-b04e-07cab5a16581: shutdown server with port 36351 successfully
2019-10-02 07:39:58,967 [003c0b2c-9291-471c-a534-75bc80e0ebc2@group-D76904C98F8C-SegmentedRaftLogWorker] INFO  segmented.SegmentedRaftLogWorker (SegmentedRaftLogWorker.java:run(316)) - 003c0b2c-9291-471c-a534-75bc80e0ebc2@group-D76904C98F8C-SegmentedRaftLogWorker was interrupted, exiting. There are 0 tasks remaining in the queue.
2019-10-02 07:39:58,968 [ForkJoinPool.commonPool-worker-0] INFO  segmented.SegmentedRaftLogWorker (SegmentedRaftLogWorker.java:close(224)) - 003c0b2c-9291-471c-a534-75bc80e0ebc2@group-D76904C98F8C-SegmentedRaftLogWorker close()
2019-10-02 07:39:58,970 [ForkJoinPool.commonPool-worker-0] INFO  server.GrpcService (GrpcService.java:closeImpl(164)) - 003c0b2c-9291-471c-a534-75bc80e0ebc2: shutdown server with port 36079 now
2019-10-02 07:39:58,971 [ForkJoinPool.commonPool-worker-0] INFO  server.GrpcService (GrpcService.java:closeImpl(172)) - 003c0b2c-9291-471c-a534-75bc80e0ebc2: shutdown server with port 36079 successfully
2019-10-02 07:39:58,971 [refreshUsed-/workdir/hadoop-ozone/integration-test/target/test-dir/MiniOzoneClusterImpl-86ab02b3-fe0f-4689-9ef5-b2acbd941c82/datanode-6/data/containers] WARN  fs.CachingGetSpaceUsed (CachingGetSpaceUsed.java:run(183)) - Thread Interrupted waiting to refresh disk information: sleep interrupted
2019-10-02 07:39:58,975 [refreshUsed-/workdir/hadoop-ozone/integration-test/target/test-dir/MiniOzoneClusterImpl-86ab02b3-fe0f-4689-9ef5-b2acbd941c82/datanode-0/data/containers] WARN  fs.CachingGetSpaceUsed (CachingGetSpaceUsed.java:run(183)) - Thread Interrupted waiting to refresh disk information: sleep interrupted
2019-10-02 07:39:58,989 [ForkJoinPool.commonPool-worker-0] INFO  utils.BackgroundService (BackgroundService.java:shutdown(148)) - Shutting down service BlockDeletingService
2019-10-02 07:39:58,993 [ForkJoinPool.commonPool-worker-0] INFO  statemachine.DatanodeStateMachine (DatanodeStateMachine.java:stopDaemon(395)) - Ozone container server stopped.
2019-10-02 07:39:58,997 [ForkJoinPool.commonPool-worker-0] INFO  handler.ContextHandler (ContextHandler.java:doStop(910)) - Stopped o.e.j.w.WebAppContext@bfec2f9{/,null,UNAVAILABLE}{/hddsDatanode}
2019-10-02 07:39:58,998 [main] INFO  utils.BackgroundService (BackgroundService.java:shutdown(148)) - Shutting down service BlockDeletingService
2019-10-02 07:39:58,999 [ForkJoinPool.commonPool-worker-0] INFO  server.AbstractConnector (AbstractConnector.java:doStop(318)) - Stopped ServerConnector@708eb310{HTTP/1.1,[http/1.1]}{0.0.0.0:0}
2019-10-02 07:39:59,001 [main] INFO  statemachine.DatanodeStateMachine (DatanodeStateMachine.java:stopDaemon(395)) - Ozone container server stopped.
2019-10-02 07:39:59,002 [ForkJoinPool.commonPool-worker-0] INFO  handler.ContextHandler (ContextHandler.java:doStop(910)) - Stopped o.e.j.s.ServletContextHandler@1682c08c{/static,jar:file:/home/user/.m2/repository/org/apache/hadoop/hadoop-hdds-container-service/0.5.0-SNAPSHOT/hadoop-hdds-container-service-0.5.0-SNAPSHOT.jar!/webapps/static,UNAVAILABLE}
2019-10-02 07:39:59,004 [ForkJoinPool.commonPool-worker-0] INFO  handler.ContextHandler (ContextHandler.java:doStop(910)) - Stopped o.e.j.s.ServletContextHandler@76ececd{/logs,file:///workdir/hadoop-ozone/integration-test/target/log,UNAVAILABLE}
2019-10-02 07:39:59,004 [main] INFO  handler.ContextHandler (ContextHandler.java:doStop(910)) - Stopped o.e.j.w.WebAppContext@1da4b3f9{/,null,UNAVAILABLE}{/hddsDatanode}
2019-10-02 07:39:59,005 [main] INFO  server.AbstractConnector (AbstractConnector.java:doStop(318)) - Stopped ServerConnector@23cbbd07{HTTP/1.1,[http/1.1]}{0.0.0.0:0}
2019-10-02 07:39:59,005 [main] INFO  handler.ContextHandler (ContextHandler.java:doStop(910)) - Stopped o.e.j.s.ServletContextHandler@713ec32d{/static,jar:file:/home/user/.m2/repository/org/apache/hadoop/hadoop-hdds-container-service/0.5.0-SNAPSHOT/hadoop-hdds-container-service-0.5.0-SNAPSHOT.jar!/webapps/static,UNAVAILABLE}
2019-10-02 07:39:59,006 [main] INFO  handler.ContextHandler (ContextHandler.java:doStop(910)) - Stopped o.e.j.s.ServletContextHandler@1a07bf6{/logs,file:///workdir/hadoop-ozone/integration-test/target/log,UNAVAILABLE}
2019-10-02 07:39:59,259 [Datanode State Machine Thread - 0] INFO  statemachine.DatanodeStateMachine (DatanodeStateMachine.java:lambda$startDaemon$0(350)) - Ozone container server started.
2019-10-02 07:40:01,257 [grpc-default-executor-13] WARN  server.GrpcLogAppender (LogUtils.java:warn(134)) - 2609764d-f6c2-4d27-bd0c-3a8252d8a1b1@group-5B7E8A8B0482->1b7d02a1-4da6-4721-8686-69cf33273127-AppendLogResponseHandler: Failed appendEntries: org.apache.ratis.thirdparty.io.grpc.StatusRuntimeException: UNAVAILABLE: io exception
2019-10-02 07:40:01,261 [grpc-default-executor-13] INFO  impl.FollowerInfo (FollowerInfo.java:lambda$new$0(51)) - 2609764d-f6c2-4d27-bd0c-3a8252d8a1b1@group-5B7E8A8B0482->1b7d02a1-4da6-4721-8686-69cf33273127: nextIndex: updateUnconditionally 0 -> 0
2019-10-02 07:40:01,263 [grpc-default-executor-16] WARN  server.GrpcLogAppender (LogUtils.java:warn(134)) - 2609764d-f6c2-4d27-bd0c-3a8252d8a1b1@group-5B7E8A8B0482->7ca550b5-eb05-4269-b04e-07cab5a16581-AppendLogResponseHandler: Failed appendEntries: org.apache.ratis.thirdparty.io.grpc.StatusRuntimeException: UNAVAILABLE: io exception
2019-10-02 07:40:01,264 [grpc-default-executor-16] INFO  impl.FollowerInfo (FollowerInfo.java:lambda$new$0(51)) - 2609764d-f6c2-4d27-bd0c-3a8252d8a1b1@group-5B7E8A8B0482->7ca550b5-eb05-4269-b04e-07cab5a16581: nextIndex: updateUnconditionally 0 -> 0
2019-10-02 07:40:03,762 [grpc-default-executor-16] WARN  server.GrpcLogAppender (LogUtils.java:warn(134)) - 2609764d-f6c2-4d27-bd0c-3a8252d8a1b1@group-5B7E8A8B0482->1b7d02a1-4da6-4721-8686-69cf33273127-AppendLogResponseHandler: Failed appendEntries: org.apache.ratis.thirdparty.io.grpc.StatusRuntimeException: UNAVAILABLE: io exception
2019-10-02 07:40:03,766 [grpc-default-executor-16] INFO  impl.FollowerInfo (FollowerInfo.java:lambda$new$0(51)) - 2609764d-f6c2-4d27-bd0c-3a8252d8a1b1@group-5B7E8A8B0482->1b7d02a1-4da6-4721-8686-69cf33273127: nextIndex: updateUnconditionally 0 -> 0
2019-10-02 07:40:03,767 [grpc-default-executor-8] WARN  server.GrpcLogAppender (LogUtils.java:warn(134)) - 2609764d-f6c2-4d27-bd0c-3a8252d8a1b1@group-5B7E8A8B0482->7ca550b5-eb05-4269-b04e-07cab5a16581-AppendLogResponseHandler: Failed appendEntries: org.apache.ratis.thirdparty.io.grpc.StatusRuntimeException: UNAVAILABLE: io exception
2019-10-02 07:40:03,768 [grpc-default-executor-8] INFO  impl.FollowerInfo (FollowerInfo.java:lambda$new$0(51)) - 2609764d-f6c2-4d27-bd0c-3a8252d8a1b1@group-5B7E8A8B0482->7ca550b5-eb05-4269-b04e-07cab5a16581: nextIndex: updateUnconditionally 0 -> 0
2019-10-02 07:40:04,006 [ForkJoinPool.commonPool-worker-0] INFO  ozoneimpl.OzoneContainer (OzoneContainer.java:stop(231)) - Attempting to stop container services.
2019-10-02 07:40:04,007 [ForkJoinPool.commonPool-worker-0] INFO  impl.RaftServerProxy (RaftServerProxy.java:lambda$close$4(314)) - 2609764d-f6c2-4d27-bd0c-3a8252d8a1b1: close
2019-10-02 07:40:04,007 [ForkJoinPool.commonPool-worker-0] INFO  impl.RaftServerImpl (RaftServerImpl.java:lambda$shutdown$3(247)) - 2609764d-f6c2-4d27-bd0c-3a8252d8a1b1@group-5B7E8A8B0482: shutdown
2019-10-02 07:40:04,007 [ForkJoinPool.commonPool-worker-0] INFO  util.JmxRegister (JmxRegister.java:unregister(73)) - Successfully un-registered JMX Bean with object name Ratis:service=RaftServer,group=group-5B7E8A8B0482,id=2609764d-f6c2-4d27-bd0c-3a8252d8a1b1
2019-10-02 07:40:04,008 [ForkJoinPool.commonPool-worker-0] INFO  impl.RoleInfo (RoleInfo.java:shutdownLeaderState(104)) - 2609764d-f6c2-4d27-bd0c-3a8252d8a1b1: shutdown LeaderState
2019-10-02 07:40:04,010 [ForkJoinPool.commonPool-worker-0] INFO  impl.PendingRequests (PendingRequests.java:sendNotLeaderResponses(202)) - 2609764d-f6c2-4d27-bd0c-3a8252d8a1b1@group-5B7E8A8B0482-PendingRequests: sendNotLeaderResponses
2019-10-02 07:40:04,010 [org.apache.ratis.server.impl.LogAppender$AppenderDaemon$$Lambda$500/893228623@186a30f5] WARN  server.GrpcLogAppender (GrpcLogAppender.java:mayWait(143)) - 2609764d-f6c2-4d27-bd0c-3a8252d8a1b1@group-5B7E8A8B0482->1b7d02a1-4da6-4721-8686-69cf33273127-GrpcLogAppender: Wait interrupted by java.lang.InterruptedException
2019-10-02 07:40:04,010 [org.apache.ratis.server.impl.LogAppender$AppenderDaemon$$Lambda$500/893228623@47500ca9] WARN  server.GrpcLogAppender (GrpcLogAppender.java:mayWait(143)) - 2609764d-f6c2-4d27-bd0c-3a8252d8a1b1@group-5B7E8A8B0482->7ca550b5-eb05-4269-b04e-07cab5a16581-GrpcLogAppender: Wait interrupted by java.lang.InterruptedException
2019-10-02 07:40:04,010 [ForkJoinPool.commonPool-worker-0] INFO  impl.StateMachineUpdater (StateMachineUpdater.java:stopAndJoin(136)) - 2609764d-f6c2-4d27-bd0c-3a8252d8a1b1@group-5B7E8A8B0482-StateMachineUpdater: set stopIndex = 0
2019-10-02 07:40:04,011 [ForkJoinPool.commonPool-worker-0] INFO  impl.RaftServerImpl (ServerState.java:close(387)) - 2609764d-f6c2-4d27-bd0c-3a8252d8a1b1@group-5B7E8A8B0482: closes. applyIndex: 0
2019-10-02 07:40:04,011 [2609764d-f6c2-4d27-bd0c-3a8252d8a1b1@group-5B7E8A8B0482-SegmentedRaftLogWorker] INFO  segmented.SegmentedRaftLogWorker (SegmentedRaftLogWorker.java:run(316)) - 2609764d-f6c2-4d27-bd0c-3a8252d8a1b1@group-5B7E8A8B0482-SegmentedRaftLogWorker was interrupted, exiting. There are 0 tasks remaining in the queue.
2019-10-02 07:40:04,011 [ForkJoinPool.commonPool-worker-0] INFO  segmented.SegmentedRaftLogWorker (SegmentedRaftLogWorker.java:close(224)) - 2609764d-f6c2-4d27-bd0c-3a8252d8a1b1@group-5B7E8A8B0482-SegmentedRaftLogWorker close()
2019-10-02 07:40:04,012 [ForkJoinPool.commonPool-worker-0] INFO  impl.RaftServerImpl (RaftServerImpl.java:lambda$shutdown$3(247)) - 2609764d-f6c2-4d27-bd0c-3a8252d8a1b1@group-71D76DD38934: shutdown
2019-10-02 07:40:04,012 [ForkJoinPool.commonPool-worker-0] INFO  util.JmxRegister (JmxRegister.java:unregister(73)) - Successfully un-registered JMX Bean with object name Ratis:service=RaftServer,group=group-71D76DD38934,id=2609764d-f6c2-4d27-bd0c-3a8252d8a1b1
2019-10-02 07:40:04,012 [ForkJoinPool.commonPool-worker-0] INFO  impl.RoleInfo (RoleInfo.java:shutdownLeaderState(104)) - 2609764d-f6c2-4d27-bd0c-3a8252d8a1b1: shutdown LeaderState
2019-10-02 07:40:04,013 [ForkJoinPool.commonPool-worker-0] INFO  impl.PendingRequests (PendingRequests.java:sendNotLeaderResponses(202)) - 2609764d-f6c2-4d27-bd0c-3a8252d8a1b1@group-71D76DD38934-PendingRequests: sendNotLeaderResponses
2019-10-02 07:40:04,013 [ForkJoinPool.commonPool-worker-0] INFO  impl.StateMachineUpdater (StateMachineUpdater.java:stopAndJoin(136)) - 2609764d-f6c2-4d27-bd0c-3a8252d8a1b1@group-71D76DD38934-StateMachineUpdater: set stopIndex = 0
2019-10-02 07:40:04,013 [ForkJoinPool.commonPool-worker-0] INFO  impl.RaftServerImpl (ServerState.java:close(387)) - 2609764d-f6c2-4d27-bd0c-3a8252d8a1b1@group-71D76DD38934: closes. applyIndex: 0
2019-10-02 07:40:04,014 [2609764d-f6c2-4d27-bd0c-3a8252d8a1b1@group-71D76DD38934-SegmentedRaftLogWorker] INFO  segmented.SegmentedRaftLogWorker (SegmentedRaftLogWorker.java:run(316)) - 2609764d-f6c2-4d27-bd0c-3a8252d8a1b1@group-71D76DD38934-SegmentedRaftLogWorker was interrupted, exiting. There are 0 tasks remaining in the queue.
2019-10-02 07:40:04,014 [ForkJoinPool.commonPool-worker-0] INFO  segmented.SegmentedRaftLogWorker (SegmentedRaftLogWorker.java:close(224)) - 2609764d-f6c2-4d27-bd0c-3a8252d8a1b1@group-71D76DD38934-SegmentedRaftLogWorker close()
2019-10-02 07:40:04,015 [ForkJoinPool.commonPool-worker-0] INFO  server.GrpcService (GrpcService.java:closeImpl(164)) - 2609764d-f6c2-4d27-bd0c-3a8252d8a1b1: shutdown server with port 40845 now
2019-10-02 07:40:04,021 [ForkJoinPool.commonPool-worker-0] INFO  server.GrpcService (GrpcService.java:closeImpl(172)) - 2609764d-f6c2-4d27-bd0c-3a8252d8a1b1: shutdown server with port 40845 successfully
2019-10-02 07:40:04,025 [refreshUsed-/workdir/hadoop-ozone/integration-test/target/test-dir/MiniOzoneClusterImpl-86ab02b3-fe0f-4689-9ef5-b2acbd941c82/datanode-5/data/containers] WARN  fs.CachingGetSpaceUsed (CachingGetSpaceUsed.java:run(183)) - Thread Interrupted waiting to refresh disk information: sleep interrupted
2019-10-02 07:40:04,043 [ForkJoinPool.commonPool-worker-0] INFO  utils.BackgroundService (BackgroundService.java:shutdown(148)) - Shutting down service BlockDeletingService
2019-10-02 07:40:04,046 [ForkJoinPool.commonPool-worker-0] INFO  statemachine.DatanodeStateMachine (DatanodeStateMachine.java:stopDaemon(395)) - Ozone container server stopped.
2019-10-02 07:40:04,061 [ForkJoinPool.commonPool-worker-0] INFO  handler.ContextHandler (ContextHandler.java:doStop(910)) - Stopped o.e.j.w.WebAppContext@610d28b8{/,null,UNAVAILABLE}{/hddsDatanode}
2019-10-02 07:40:04,062 [ForkJoinPool.commonPool-worker-0] INFO  server.AbstractConnector (AbstractConnector.java:doStop(318)) - Stopped ServerConnector@53c99b09{HTTP/1.1,[http/1.1]}{0.0.0.0:0}
2019-10-02 07:40:04,064 [ForkJoinPool.commonPool-worker-0] INFO  handler.ContextHandler (ContextHandler.java:doStop(910)) - Stopped o.e.j.s.ServletContextHandler@16ac5d35{/static,jar:file:/home/user/.m2/repository/org/apache/hadoop/hadoop-hdds-container-service/0.5.0-SNAPSHOT/hadoop-hdds-container-service-0.5.0-SNAPSHOT.jar!/webapps/static,UNAVAILABLE}
2019-10-02 07:40:04,064 [ForkJoinPool.commonPool-worker-0] INFO  handler.ContextHandler (ContextHandler.java:doStop(910)) - Stopped o.e.j.s.ServletContextHandler@5d0b0cb9{/logs,file:///workdir/hadoop-ozone/integration-test/target/log,UNAVAILABLE}
2019-10-02 07:40:04,065 [main] INFO  ozone.MiniOzoneClusterImpl (MiniOzoneClusterImpl.java:stopSCM(392)) - Stopping the StorageContainerManager
2019-10-02 07:40:04,065 [main] INFO  server.StorageContainerManager (StorageContainerManager.java:stop(808)) - Stopping Replication Manager Service.
2019-10-02 07:40:04,066 [main] INFO  container.ReplicationManager (ReplicationManager.java:stop(203)) - Stopping Replication Monitor Thread.
2019-10-02 07:40:04,066 [main] INFO  server.StorageContainerManager (StorageContainerManager.java:stop(815)) - Stopping Lease Manager of the command watchers
2019-10-02 07:40:04,066 [main] INFO  server.StorageContainerManager (StorageContainerManager.java:stop(822)) - Stopping datanode service RPC server
2019-10-02 07:40:04,066 [main] INFO  server.SCMDatanodeProtocolServer (SCMDatanodeProtocolServer.java:stop(367)) - Stopping the RPC server for DataNodes
2019-10-02 07:40:04,066 [main] INFO  ipc.Server (Server.java:stop(3082)) - Stopping server on 40808
2019-10-02 07:40:04,068 [IPC Server listener on 40808] INFO  ipc.Server (Server.java:run(1185)) - Stopping IPC Server listener on 40808
2019-10-02 07:40:04,069 [IPC Server Responder] INFO  ipc.Server (Server.java:run(1319)) - Stopping IPC Server Responder
2019-10-02 07:40:04,122 [SCM Heartbeat Processing Thread - 0] WARN  node.NodeStateManager (NodeStateManager.java:scheduleNextHealthCheck(646)) - Current Thread is interrupted, shutting down HB processing thread for Node Manager.
2019-10-02 07:40:04,122 [main] INFO  server.StorageContainerManager (StorageContainerManager.java:stop(830)) - Stopping block service RPC server
2019-10-02 07:40:04,123 [main] INFO  server.SCMBlockProtocolServer (SCMBlockProtocolServer.java:stop(155)) - Stopping the RPC server for Block Protocol
2019-10-02 07:40:04,123 [main] INFO  ipc.Server (Server.java:stop(3082)) - Stopping server on 40461
2019-10-02 07:40:04,125 [IPC Server listener on 40461] INFO  ipc.Server (Server.java:run(1185)) - Stopping IPC Server listener on 40461
2019-10-02 07:40:04,125 [main] INFO  server.StorageContainerManager (StorageContainerManager.java:stop(837)) - Stopping the StorageContainerLocationProtocol RPC server
2019-10-02 07:40:04,126 [IPC Server Responder] INFO  ipc.Server (Server.java:run(1319)) - Stopping IPC Server Responder
2019-10-02 07:40:04,127 [main] INFO  server.SCMClientProtocolServer (SCMClientProtocolServer.java:stop(158)) - Stopping the RPC server for Client Protocol
2019-10-02 07:40:04,127 [main] INFO  ipc.Server (Server.java:stop(3082)) - Stopping server on 39568
2019-10-02 07:40:04,130 [main] INFO  server.StorageContainerManager (StorageContainerManager.java:stop(844)) - Stopping Storage Container Manager HTTP server.
2019-10-02 07:40:04,130 [IPC Server Responder] INFO  ipc.Server (Server.java:run(1319)) - Stopping IPC Server Responder
2019-10-02 07:40:04,130 [IPC Server listener on 39568] INFO  ipc.Server (Server.java:run(1185)) - Stopping IPC Server listener on 39568
2019-10-02 07:40:04,132 [main] INFO  handler.ContextHandler (ContextHandler.java:doStop(910)) - Stopped o.e.j.w.WebAppContext@5e9f73b{/,null,UNAVAILABLE}{/scm}
2019-10-02 07:40:04,133 [main] INFO  server.AbstractConnector (AbstractConnector.java:doStop(318)) - Stopped ServerConnector@1a565afb{HTTP/1.1,[http/1.1]}{0.0.0.0:0}
2019-10-02 07:40:04,133 [main] INFO  handler.ContextHandler (ContextHandler.java:doStop(910)) - Stopped o.e.j.s.ServletContextHandler@3664f108{/static,file:///workdir/hadoop-ozone/integration-test/target/test-classes/webapps/static,UNAVAILABLE}
2019-10-02 07:40:04,134 [main] INFO  handler.ContextHandler (ContextHandler.java:doStop(910)) - Stopped o.e.j.s.ServletContextHandler@350ec690{/logs,file:///workdir/hadoop-ozone/integration-test/target/log,UNAVAILABLE}
2019-10-02 07:40:04,135 [main] INFO  server.StorageContainerManager (StorageContainerManager.java:stop(855)) - Stopping Block Manager Service.
2019-10-02 07:40:04,135 [main] INFO  utils.BackgroundService (BackgroundService.java:shutdown(148)) - Shutting down service SCMBlockDeletingService
2019-10-02 07:40:04,136 [main] INFO  utils.BackgroundService (BackgroundService.java:shutdown(148)) - Shutting down service SCMBlockDeletingService
2019-10-02 07:40:04,136 [main] INFO  server.StorageContainerManager (StorageContainerManager.java:stop(877)) - Stopping SCM Event Queue.
2019-10-02 07:40:04,142 [main] INFO  impl.MetricsSystemImpl (MetricsSystemImpl.java:stop(210)) - Stopping HddsDatanode metrics system...
2019-10-02 07:40:04,167 [main] INFO  impl.MetricsSystemImpl (MetricsSystemImpl.java:stop(216)) - HddsDatanode metrics system stopped.
]]></system-out>
    <system-err><![CDATA[Oct 02, 2019 7:39:48 AM org.apache.ratis.thirdparty.io.grpc.internal.SerializingExecutor run
SEVERE: Exception while executing runnable org.apache.ratis.thirdparty.io.grpc.internal.ServerImpl$JumpToApplicationThreadServerStreamListener$1Closed@5c9d5867
org.apache.ratis.thirdparty.io.grpc.StatusRuntimeException: CANCELLED: call already cancelled
	at org.apache.ratis.thirdparty.io.grpc.Status.asRuntimeException(Status.java:517)
	at org.apache.ratis.thirdparty.io.grpc.stub.ServerCalls$ServerCallStreamObserverImpl.onCompleted(ServerCalls.java:356)
	at org.apache.ratis.grpc.server.GrpcServerProtocolService$ServerRequestStreamObserver.onError(GrpcServerProtocolService.java:121)
	at org.apache.ratis.thirdparty.io.grpc.stub.ServerCalls$StreamingServerCallHandler$StreamingServerCallListener.onCancel(ServerCalls.java:269)
	at org.apache.ratis.thirdparty.io.grpc.internal.ServerCallImpl$ServerStreamListenerImpl.closed(ServerCallImpl.java:293)
	at org.apache.ratis.thirdparty.io.grpc.internal.ServerImpl$JumpToApplicationThreadServerStreamListener$1Closed.runInContext(ServerImpl.java:741)
	at org.apache.ratis.thirdparty.io.grpc.internal.ContextRunnable.run(ContextRunnable.java:37)
	at org.apache.ratis.thirdparty.io.grpc.internal.SerializingExecutor.run(SerializingExecutor.java:123)
	at java.util.concurrent.ThreadPoolExecutor.runWorker(ThreadPoolExecutor.java:1149)
	at java.util.concurrent.ThreadPoolExecutor$Worker.run(ThreadPoolExecutor.java:624)
	at java.lang.Thread.run(Thread.java:748)

Oct 02, 2019 7:39:53 AM org.apache.ratis.thirdparty.io.grpc.internal.SerializingExecutor run
SEVERE: Exception while executing runnable org.apache.ratis.thirdparty.io.grpc.internal.ServerImpl$JumpToApplicationThreadServerStreamListener$1Closed@3ec8e55c
org.apache.ratis.thirdparty.io.grpc.StatusRuntimeException: CANCELLED: call already cancelled
	at org.apache.ratis.thirdparty.io.grpc.Status.asRuntimeException(Status.java:517)
	at org.apache.ratis.thirdparty.io.grpc.stub.ServerCalls$ServerCallStreamObserverImpl.onCompleted(ServerCalls.java:356)
	at org.apache.ratis.grpc.server.GrpcServerProtocolService$ServerRequestStreamObserver.onError(GrpcServerProtocolService.java:121)
	at org.apache.ratis.thirdparty.io.grpc.stub.ServerCalls$StreamingServerCallHandler$StreamingServerCallListener.onCancel(ServerCalls.java:269)
	at org.apache.ratis.thirdparty.io.grpc.internal.ServerCallImpl$ServerStreamListenerImpl.closed(ServerCallImpl.java:293)
	at org.apache.ratis.thirdparty.io.grpc.internal.ServerImpl$JumpToApplicationThreadServerStreamListener$1Closed.runInContext(ServerImpl.java:741)
	at org.apache.ratis.thirdparty.io.grpc.internal.ContextRunnable.run(ContextRunnable.java:37)
	at org.apache.ratis.thirdparty.io.grpc.internal.SerializingExecutor.run(SerializingExecutor.java:123)
	at java.util.concurrent.ThreadPoolExecutor.runWorker(ThreadPoolExecutor.java:1149)
	at java.util.concurrent.ThreadPoolExecutor$Worker.run(ThreadPoolExecutor.java:624)
	at java.lang.Thread.run(Thread.java:748)

Oct 02, 2019 7:39:53 AM org.apache.ratis.thirdparty.io.grpc.internal.SerializingExecutor run
SEVERE: Exception while executing runnable org.apache.ratis.thirdparty.io.grpc.internal.ServerImpl$JumpToApplicationThreadServerStreamListener$1Closed@31360fd4
org.apache.ratis.thirdparty.io.grpc.StatusRuntimeException: CANCELLED: call already cancelled
	at org.apache.ratis.thirdparty.io.grpc.Status.asRuntimeException(Status.java:517)
	at org.apache.ratis.thirdparty.io.grpc.stub.ServerCalls$ServerCallStreamObserverImpl.onCompleted(ServerCalls.java:356)
	at org.apache.ratis.grpc.server.GrpcServerProtocolService$ServerRequestStreamObserver.onError(GrpcServerProtocolService.java:121)
	at org.apache.ratis.thirdparty.io.grpc.stub.ServerCalls$StreamingServerCallHandler$StreamingServerCallListener.onCancel(ServerCalls.java:269)
	at org.apache.ratis.thirdparty.io.grpc.internal.ServerCallImpl$ServerStreamListenerImpl.closed(ServerCallImpl.java:293)
	at org.apache.ratis.thirdparty.io.grpc.internal.ServerImpl$JumpToApplicationThreadServerStreamListener$1Closed.runInContext(ServerImpl.java:741)
	at org.apache.ratis.thirdparty.io.grpc.internal.ContextRunnable.run(ContextRunnable.java:37)
	at org.apache.ratis.thirdparty.io.grpc.internal.SerializingExecutor.run(SerializingExecutor.java:123)
	at java.util.concurrent.ThreadPoolExecutor.runWorker(ThreadPoolExecutor.java:1149)
	at java.util.concurrent.ThreadPoolExecutor$Worker.run(ThreadPoolExecutor.java:624)
	at java.lang.Thread.run(Thread.java:748)

Oct 02, 2019 7:39:58 AM org.apache.ratis.thirdparty.io.grpc.internal.SerializingExecutor run
SEVERE: Exception while executing runnable org.apache.ratis.thirdparty.io.grpc.internal.ServerImpl$JumpToApplicationThreadServerStreamListener$1Closed@79c28139
org.apache.ratis.thirdparty.io.grpc.StatusRuntimeException: CANCELLED: call already cancelled
	at org.apache.ratis.thirdparty.io.grpc.Status.asRuntimeException(Status.java:517)
	at org.apache.ratis.thirdparty.io.grpc.stub.ServerCalls$ServerCallStreamObserverImpl.onCompleted(ServerCalls.java:356)
	at org.apache.ratis.grpc.server.GrpcServerProtocolService$ServerRequestStreamObserver.onError(GrpcServerProtocolService.java:121)
	at org.apache.ratis.thirdparty.io.grpc.stub.ServerCalls$StreamingServerCallHandler$StreamingServerCallListener.onCancel(ServerCalls.java:269)
	at org.apache.ratis.thirdparty.io.grpc.internal.ServerCallImpl$ServerStreamListenerImpl.closed(ServerCallImpl.java:293)
	at org.apache.ratis.thirdparty.io.grpc.internal.ServerImpl$JumpToApplicationThreadServerStreamListener$1Closed.runInContext(ServerImpl.java:741)
	at org.apache.ratis.thirdparty.io.grpc.internal.ContextRunnable.run(ContextRunnable.java:37)
	at org.apache.ratis.thirdparty.io.grpc.internal.SerializingExecutor.run(SerializingExecutor.java:123)
	at java.util.concurrent.ThreadPoolExecutor.runWorker(ThreadPoolExecutor.java:1149)
	at java.util.concurrent.ThreadPoolExecutor$Worker.run(ThreadPoolExecutor.java:624)
	at java.lang.Thread.run(Thread.java:748)

]]></system-err>
  </testcase>
</testsuite>