<?xml version="1.0" encoding="UTF-8"?>
<testsuite xmlns:xsi="http://www.w3.org/2001/XMLSchema-instance" xsi:noNamespaceSchemaLocation="https://maven.apache.org/surefire/maven-surefire-plugin/xsd/surefire-test-report.xsd" name="org.apache.hadoop.ozone.client.rpc.TestWatchForCommit" time="262.685" tests="5" errors="1" skipped="0" failures="0">
  <properties>
    <property name="awt.toolkit" value="sun.awt.X11.XToolkit"/>
    <property name="file.encoding.pkg" value="sun.io"/>
    <property name="java.specification.version" value="1.8"/>
    <property name="sun.cpu.isalist" value=""/>
    <property name="sun.jnu.encoding" value="UTF-8"/>
    <property name="java.class.path" value="/workdir/hadoop-ozone/integration-test/target/test-classes:/workdir/hadoop-ozone/integration-test/target/classes:/home/user/.m2/repository/org/apache/hadoop/hadoop-ozone-common/0.5.0-SNAPSHOT/hadoop-ozone-common-0.5.0-SNAPSHOT.jar:/home/user/.m2/repository/org/apache/commons/commons-compress/1.4.1/commons-compress-1.4.1.jar:/home/user/.m2/repository/org/tukaani/xz/1.0/xz-1.0.jar:/home/user/.m2/repository/org/apache/hadoop/hadoop-common/3.2.0/hadoop-common-3.2.0.jar:/home/user/.m2/repository/org/apache/hadoop/hadoop-hdfs/3.2.0/hadoop-hdfs-3.2.0.jar:/home/user/.m2/repository/org/apache/hadoop/hadoop-hdfs-client/3.2.0/hadoop-hdfs-client-3.2.0.jar:/home/user/.m2/repository/com/fasterxml/jackson/core/jackson-annotations/2.9.9/jackson-annotations-2.9.9.jar:/home/user/.m2/repository/org/apache/hadoop/hadoop-hdds-common/0.5.0-SNAPSHOT/hadoop-hdds-common-0.5.0-SNAPSHOT.jar:/home/user/.m2/repository/javax/annotation/javax.annotation-api/1.2/javax.annotation-api-1.2.jar:/home/user/.m2/repository/org/apache/ratis/ratis-server/0.5.0-201fc85-SNAPSHOT/ratis-server-0.5.0-201fc85-SNAPSHOT.jar:/home/user/.m2/repository/org/apache/ratis/ratis-thirdparty-misc/0.2.0/ratis-thirdparty-misc-0.2.0.jar:/home/user/.m2/repository/org/apache/ratis/ratis-proto/0.5.0-201fc85-SNAPSHOT/ratis-proto-0.5.0-201fc85-SNAPSHOT.jar:/home/user/.m2/repository/org/apache/ratis/ratis-common/0.5.0-201fc85-SNAPSHOT/ratis-common-0.5.0-201fc85-SNAPSHOT.jar:/home/user/.m2/repository/org/apache/ratis/ratis-client/0.5.0-201fc85-SNAPSHOT/ratis-client-0.5.0-201fc85-SNAPSHOT.jar:/home/user/.m2/repository/org/apache/ratis/ratis-metrics/0.5.0-201fc85-SNAPSHOT/ratis-metrics-0.5.0-201fc85-SNAPSHOT.jar:/home/user/.m2/repository/com/github/joshelser/dropwizard-metrics-hadoop-metrics2-reporter/0.1.2/dropwizard-metrics-hadoop-metrics2-reporter-0.1.2.jar:/home/user/.m2/repository/io/dropwizard/metrics/metrics-jvm/3.2.5/metrics-jvm-3.2.5.jar:/home/user/.m2/repository/io/dropwizard/metrics/metrics-ganglia/3.2.5/metrics-ganglia-3.2.5.jar:/home/user/.m2/repository/info/ganglia/gmetric4j/gmetric4j/1.0.7/gmetric4j-1.0.7.jar:/home/user/.m2/repository/org/apache/ratis/ratis-netty/0.5.0-201fc85-SNAPSHOT/ratis-netty-0.5.0-201fc85-SNAPSHOT.jar:/home/user/.m2/repository/org/apache/ratis/ratis-grpc/0.5.0-201fc85-SNAPSHOT/ratis-grpc-0.5.0-201fc85-SNAPSHOT.jar:/home/user/.m2/repository/org/rocksdb/rocksdbjni/6.0.1/rocksdbjni-6.0.1.jar:/home/user/.m2/repository/org/apache/logging/log4j/log4j-api/2.11.0/log4j-api-2.11.0.jar:/home/user/.m2/repository/org/apache/logging/log4j/log4j-core/2.11.0/log4j-core-2.11.0.jar:/home/user/.m2/repository/com/lmax/disruptor/3.4.2/disruptor-3.4.2.jar:/home/user/.m2/repository/org/apache/commons/commons-pool2/2.6.0/commons-pool2-2.6.0.jar:/home/user/.m2/repository/org/bouncycastle/bcpkix-jdk15on/1.60/bcpkix-jdk15on-1.60.jar:/home/user/.m2/repository/commons-validator/commons-validator/1.6/commons-validator-1.6.jar:/home/user/.m2/repository/commons-digester/commons-digester/1.8.1/commons-digester-1.8.1.jar:/home/user/.m2/repository/io/jaegertracing/jaeger-client/0.34.0/jaeger-client-0.34.0.jar:/home/user/.m2/repository/io/jaegertracing/jaeger-thrift/0.34.0/jaeger-thrift-0.34.0.jar:/home/user/.m2/repository/org/apache/thrift/libthrift/0.12.0/libthrift-0.12.0.jar:/home/user/.m2/repository/com/squareup/okhttp3/okhttp/3.9.0/okhttp-3.9.0.jar:/home/user/.m2/repository/com/squareup/okio/okio/1.13.0/okio-1.13.0.jar:/home/user/.m2/repository/io/jaegertracing/jaeger-core/0.34.0/jaeger-core-0.34.0.jar:/home/user/.m2/repository/io/jaegertracing/jaeger-tracerresolver/0.34.0/jaeger-tracerresolver-0.34.0.jar:/home/user/.m2/repository/io/opentracing/contrib/opentracing-tracerresolver/0.1.5/opentracing-tracerresolver-0.1.5.jar:/home/user/.m2/repository/io/opentracing/opentracing-util/0.31.0/opentracing-util-0.31.0.jar:/home/user/.m2/repository/io/opentracing/opentracing-api/0.31.0/opentracing-api-0.31.0.jar:/home/user/.m2/repository/io/opentracing/opentracing-noop/0.31.0/opentracing-noop-0.31.0.jar:/home/user/.m2/repository/org/apache/hadoop/hadoop-hdds-server-framework/0.5.0-SNAPSHOT/hadoop-hdds-server-framework-0.5.0-SNAPSHOT.jar:/home/user/.m2/repository/org/apache/hadoop/hadoop-hdds-container-service/0.5.0-SNAPSHOT/hadoop-hdds-container-service-0.5.0-SNAPSHOT.jar:/home/user/.m2/repository/org/apache/hadoop/hadoop-hdds-client/0.5.0-SNAPSHOT/hadoop-hdds-client-0.5.0-SNAPSHOT.jar:/home/user/.m2/repository/org/apache/hadoop/hadoop-hdds-tools/0.5.0-SNAPSHOT/hadoop-hdds-tools-0.5.0-SNAPSHOT.jar:/home/user/.m2/repository/org/apache/hadoop/hadoop-hdds-server-scm/0.5.0-SNAPSHOT/hadoop-hdds-server-scm-0.5.0-SNAPSHOT.jar:/home/user/.m2/repository/org/apache/hadoop/hadoop-hdds-docs/0.5.0-SNAPSHOT/hadoop-hdds-docs-0.5.0-SNAPSHOT.jar:/home/user/.m2/repository/io/dropwizard/metrics/metrics-core/3.2.4/metrics-core-3.2.4.jar:/home/user/.m2/repository/org/hamcrest/hamcrest-all/1.3/hamcrest-all-1.3.jar:/home/user/.m2/repository/org/bouncycastle/bcprov-jdk15on/1.60/bcprov-jdk15on-1.60.jar:/home/user/.m2/repository/info/picocli/picocli/3.9.6/picocli-3.9.6.jar:/home/user/.m2/repository/com/google/protobuf/protobuf-java/2.5.0/protobuf-java-2.5.0.jar:/home/user/.m2/repository/com/google/guava/guava/11.0.2/guava-11.0.2.jar:/home/user/.m2/repository/org/apache/hadoop/hadoop-ozone-ozone-manager/0.5.0-SNAPSHOT/hadoop-ozone-ozone-manager-0.5.0-SNAPSHOT.jar:/home/user/.m2/repository/org/apache/hadoop/hadoop-minikdc/3.2.0/hadoop-minikdc-3.2.0.jar:/home/user/.m2/repository/commons-io/commons-io/2.5/commons-io-2.5.jar:/home/user/.m2/repository/org/apache/kerby/kerb-simplekdc/1.0.1/kerb-simplekdc-1.0.1.jar:/home/user/.m2/repository/org/apache/kerby/kerb-client/1.0.1/kerb-client-1.0.1.jar:/home/user/.m2/repository/org/apache/kerby/kerby-config/1.0.1/kerby-config-1.0.1.jar:/home/user/.m2/repository/org/apache/kerby/kerb-core/1.0.1/kerb-core-1.0.1.jar:/home/user/.m2/repository/org/apache/kerby/kerby-pkix/1.0.1/kerby-pkix-1.0.1.jar:/home/user/.m2/repository/org/apache/kerby/kerby-asn1/1.0.1/kerby-asn1-1.0.1.jar:/home/user/.m2/repository/org/apache/kerby/kerby-util/1.0.1/kerby-util-1.0.1.jar:/home/user/.m2/repository/org/apache/kerby/kerb-common/1.0.1/kerb-common-1.0.1.jar:/home/user/.m2/repository/org/apache/kerby/kerb-crypto/1.0.1/kerb-crypto-1.0.1.jar:/home/user/.m2/repository/org/apache/kerby/kerb-util/1.0.1/kerb-util-1.0.1.jar:/home/user/.m2/repository/org/apache/kerby/token-provider/1.0.1/token-provider-1.0.1.jar:/home/user/.m2/repository/org/apache/kerby/kerb-admin/1.0.1/kerb-admin-1.0.1.jar:/home/user/.m2/repository/org/apache/kerby/kerb-server/1.0.1/kerb-server-1.0.1.jar:/home/user/.m2/repository/org/apache/kerby/kerb-identity/1.0.1/kerb-identity-1.0.1.jar:/home/user/.m2/repository/org/apache/kerby/kerby-xdr/1.0.1/kerby-xdr-1.0.1.jar:/home/user/.m2/repository/org/slf4j/slf4j-log4j12/1.7.25/slf4j-log4j12-1.7.25.jar:/home/user/.m2/repository/org/apache/hadoop/hadoop-ozone-s3gateway/0.5.0-SNAPSHOT/hadoop-ozone-s3gateway-0.5.0-SNAPSHOT.jar:/home/user/.m2/repository/org/jboss/weld/servlet/weld-servlet/2.4.7.Final/weld-servlet-2.4.7.Final.jar:/home/user/.m2/repository/org/glassfish/jersey/containers/jersey-container-servlet-core/2.27/jersey-container-servlet-core-2.27.jar:/home/user/.m2/repository/org/glassfish/hk2/external/javax.inject/2.5.0-b42/javax.inject-2.5.0-b42.jar:/home/user/.m2/repository/org/glassfish/jersey/core/jersey-common/2.27/jersey-common-2.27.jar:/home/user/.m2/repository/org/glassfish/hk2/osgi-resource-locator/1.0.1/osgi-resource-locator-1.0.1.jar:/home/user/.m2/repository/javax/ws/rs/javax.ws.rs-api/2.1/javax.ws.rs-api-2.1.jar:/home/user/.m2/repository/org/glassfish/jersey/ext/cdi/jersey-cdi1x/2.27/jersey-cdi1x-2.27.jar:/home/user/.m2/repository/org/glassfish/jersey/inject/jersey-hk2/2.27/jersey-hk2-2.27.jar:/home/user/.m2/repository/org/glassfish/hk2/hk2-locator/2.5.0-b42/hk2-locator-2.5.0-b42.jar:/home/user/.m2/repository/org/javassist/javassist/3.22.0-CR2/javassist-3.22.0-CR2.jar:/home/user/.m2/repository/org/glassfish/hk2/hk2-api/2.5.0/hk2-api-2.5.0.jar:/home/user/.m2/repository/org/glassfish/hk2/external/jakarta.inject/2.5.0/jakarta.inject-2.5.0.jar:/home/user/.m2/repository/org/glassfish/hk2/hk2-utils/2.5.0/hk2-utils-2.5.0.jar:/home/user/.m2/repository/jakarta/annotation/jakarta.annotation-api/1.3.4/jakarta.annotation-api-1.3.4.jar:/home/user/.m2/repository/org/glassfish/hk2/external/aopalliance-repackaged/2.5.0/aopalliance-repackaged-2.5.0.jar:/home/user/.m2/repository/com/fasterxml/jackson/dataformat/jackson-dataformat-xml/2.9.0/jackson-dataformat-xml-2.9.0.jar:/home/user/.m2/repository/com/fasterxml/jackson/core/jackson-core/2.9.9/jackson-core-2.9.9.jar:/home/user/.m2/repository/com/fasterxml/jackson/module/jackson-module-jaxb-annotations/2.9.9/jackson-module-jaxb-annotations-2.9.9.jar:/home/user/.m2/repository/javax/enterprise/cdi-api/1.2/cdi-api-1.2.jar:/home/user/.m2/repository/javax/el/javax.el-api/3.0.0/javax.el-api-3.0.0.jar:/home/user/.m2/repository/javax/interceptor/javax.interceptor-api/1.2/javax.interceptor-api-1.2.jar:/home/user/.m2/repository/javax/inject/javax.inject/1/javax.inject-1.jar:/home/user/.m2/repository/com/sun/xml/bind/jaxb-impl/2.3.0.1/jaxb-impl-2.3.0.1.jar:/home/user/.m2/repository/com/sun/xml/bind/jaxb-core/2.3.0.1/jaxb-core-2.3.0.1.jar:/home/user/.m2/repository/javax/xml/bind/jaxb-api/2.3.0/jaxb-api-2.3.0.jar:/home/user/.m2/repository/javax/activation/activation/1.1.1/activation-1.1.1.jar:/home/user/.m2/repository/org/apache/hadoop/hadoop-ozone-csi/0.5.0-SNAPSHOT/hadoop-ozone-csi-0.5.0-SNAPSHOT.jar:/home/user/.m2/repository/com/google/protobuf/protobuf-java-util/3.5.1/protobuf-java-util-3.5.1.jar:/home/user/.m2/repository/org/apache/hadoop/hadoop-hdds-config/0.5.0-SNAPSHOT/hadoop-hdds-config-0.5.0-SNAPSHOT.jar:/home/user/.m2/repository/io/grpc/grpc-netty/1.17.1/grpc-netty-1.17.1.jar:/home/user/.m2/repository/io/grpc/grpc-core/1.17.1/grpc-core-1.17.1.jar:/home/user/.m2/repository/io/grpc/grpc-context/1.17.1/grpc-context-1.17.1.jar:/home/user/.m2/repository/com/google/errorprone/error_prone_annotations/2.2.0/error_prone_annotations-2.2.0.jar:/home/user/.m2/repository/org/codehaus/mojo/animal-sniffer-annotations/1.17/animal-sniffer-annotations-1.17.jar:/home/user/.m2/repository/io/opencensus/opencensus-api/0.17.0/opencensus-api-0.17.0.jar:/home/user/.m2/repository/io/opencensus/opencensus-contrib-grpc-metrics/0.17.0/opencensus-contrib-grpc-metrics-0.17.0.jar:/home/user/.m2/repository/io/netty/netty-codec-http2/4.1.30.Final/netty-codec-http2-4.1.30.Final.jar:/home/user/.m2/repository/io/netty/netty-codec-http/4.1.30.Final/netty-codec-http-4.1.30.Final.jar:/home/user/.m2/repository/io/netty/netty-codec/4.1.30.Final/netty-codec-4.1.30.Final.jar:/home/user/.m2/repository/io/netty/netty-handler/4.1.30.Final/netty-handler-4.1.30.Final.jar:/home/user/.m2/repository/io/netty/netty-handler-proxy/4.1.30.Final/netty-handler-proxy-4.1.30.Final.jar:/home/user/.m2/repository/io/netty/netty-codec-socks/4.1.30.Final/netty-codec-socks-4.1.30.Final.jar:/home/user/.m2/repository/io/netty/netty-transport-native-epoll/4.1.30.Final/netty-transport-native-epoll-4.1.30.Final.jar:/home/user/.m2/repository/io/netty/netty-common/4.1.30.Final/netty-common-4.1.30.Final.jar:/home/user/.m2/repository/io/netty/netty-buffer/4.1.30.Final/netty-buffer-4.1.30.Final.jar:/home/user/.m2/repository/io/netty/netty-transport/4.1.30.Final/netty-transport-4.1.30.Final.jar:/home/user/.m2/repository/io/netty/netty-resolver/4.1.30.Final/netty-resolver-4.1.30.Final.jar:/home/user/.m2/repository/io/netty/netty-transport-native-unix-common/4.1.30.Final/netty-transport-native-unix-common-4.1.30.Final.jar:/home/user/.m2/repository/io/grpc/grpc-protobuf/1.17.1/grpc-protobuf-1.17.1.jar:/home/user/.m2/repository/com/google/api/grpc/proto-google-common-protos/1.0.0/proto-google-common-protos-1.0.0.jar:/home/user/.m2/repository/io/grpc/grpc-protobuf-lite/1.17.1/grpc-protobuf-lite-1.17.1.jar:/home/user/.m2/repository/io/grpc/grpc-stub/1.17.1/grpc-stub-1.17.1.jar:/home/user/.m2/repository/org/apache/hadoop/hadoop-ozone-recon/0.5.0-SNAPSHOT/hadoop-ozone-recon-0.5.0-SNAPSHOT.jar:/home/user/.m2/repository/org/apache/hadoop/hadoop-ozone-reconcodegen/0.5.0-SNAPSHOT/hadoop-ozone-reconcodegen-0.5.0-SNAPSHOT.jar:/home/user/.m2/repository/com/google/inject/extensions/guice-multibindings/4.0/guice-multibindings-4.0.jar:/home/user/.m2/repository/com/google/inject/guice/4.0/guice-4.0.jar:/home/user/.m2/repository/aopalliance/aopalliance/1.0/aopalliance-1.0.jar:/home/user/.m2/repository/com/google/inject/extensions/guice-servlet/4.0/guice-servlet-4.0.jar:/home/user/.m2/repository/org/glassfish/jersey/containers/jersey-container-servlet/2.27/jersey-container-servlet-2.27.jar:/home/user/.m2/repository/org/glassfish/hk2/guice-bridge/2.5.0/guice-bridge-2.5.0.jar:/home/user/.m2/repository/org/glassfish/jersey/core/jersey-server/2.27/jersey-server-2.27.jar:/home/user/.m2/repository/org/glassfish/jersey/core/jersey-client/2.27/jersey-client-2.27.jar:/home/user/.m2/repository/org/glassfish/jersey/media/jersey-media-jaxb/2.27/jersey-media-jaxb-2.27.jar:/home/user/.m2/repository/javax/validation/validation-api/1.1.0.Final/validation-api-1.1.0.Final.jar:/home/user/.m2/repository/org/glassfish/jersey/media/jersey-media-json-jackson/2.27/jersey-media-json-jackson-2.27.jar:/home/user/.m2/repository/org/glassfish/jersey/ext/jersey-entity-filtering/2.27/jersey-entity-filtering-2.27.jar:/home/user/.m2/repository/com/google/inject/extensions/guice-assistedinject/4.0/guice-assistedinject-4.0.jar:/home/user/.m2/repository/org/jooq/jooq/3.11.10/jooq-3.11.10.jar:/home/user/.m2/repository/org/jooq/jooq-meta/3.11.10/jooq-meta-3.11.10.jar:/home/user/.m2/repository/org/jooq/jooq-codegen/3.11.10/jooq-codegen-3.11.10.jar:/home/user/.m2/repository/com/jolbox/bonecp/0.8.0.RELEASE/bonecp-0.8.0.RELEASE.jar:/home/user/.m2/repository/org/xerial/sqlite-jdbc/3.25.2/sqlite-jdbc-3.25.2.jar:/home/user/.m2/repository/org/springframework/spring-jdbc/5.1.3.RELEASE/spring-jdbc-5.1.3.RELEASE.jar:/home/user/.m2/repository/org/springframework/spring-beans/5.1.3.RELEASE/spring-beans-5.1.3.RELEASE.jar:/home/user/.m2/repository/org/springframework/spring-core/5.1.3.RELEASE/spring-core-5.1.3.RELEASE.jar:/home/user/.m2/repository/org/springframework/spring-jcl/5.1.3.RELEASE/spring-jcl-5.1.3.RELEASE.jar:/home/user/.m2/repository/org/springframework/spring-tx/5.1.3.RELEASE/spring-tx-5.1.3.RELEASE.jar:/home/user/.m2/repository/org/apache/hadoop/hadoop-ozone-client/0.5.0-SNAPSHOT/hadoop-ozone-client-0.5.0-SNAPSHOT.jar:/home/user/.m2/repository/commons-lang/commons-lang/2.6/commons-lang-2.6.jar:/home/user/.m2/repository/org/apache/hadoop/hadoop-ozone-ozone-manager/0.5.0-SNAPSHOT/hadoop-ozone-ozone-manager-0.5.0-SNAPSHOT-tests.jar:/home/user/.m2/repository/junit/junit/4.11/junit-4.11.jar:/home/user/.m2/repository/org/hamcrest/hamcrest-core/1.3/hamcrest-core-1.3.jar:/home/user/.m2/repository/org/openjdk/jmh/jmh-core/1.19/jmh-core-1.19.jar:/home/user/.m2/repository/net/sf/jopt-simple/jopt-simple/4.6/jopt-simple-4.6.jar:/home/user/.m2/repository/org/apache/commons/commons-math3/3.1.1/commons-math3-3.1.1.jar:/home/user/.m2/repository/org/openjdk/jmh/jmh-generator-annprocess/1.19/jmh-generator-annprocess-1.19.jar:/home/user/.m2/repository/org/mockito/mockito-all/1.8.5/mockito-all-1.8.5.jar:/home/user/.m2/repository/org/apache/hadoop/hadoop-kms/3.2.0/hadoop-kms-3.2.0.jar:/home/user/.m2/repository/org/apache/hadoop/hadoop-auth/3.2.0/hadoop-auth-3.2.0.jar:/home/user/.m2/repository/com/nimbusds/nimbus-jose-jwt/4.41.1/nimbus-jose-jwt-4.41.1.jar:/home/user/.m2/repository/com/github/stephenc/jcip/jcip-annotations/1.0-1/jcip-annotations-1.0-1.jar:/home/user/.m2/repository/net/minidev/json-smart/2.3/json-smart-2.3.jar:/home/user/.m2/repository/net/minidev/accessors-smart/1.2/accessors-smart-1.2.jar:/home/user/.m2/repository/org/ow2/asm/asm/5.0.4/asm-5.0.4.jar:/home/user/.m2/repository/org/apache/curator/curator-framework/2.12.0/curator-framework-2.12.0.jar:/home/user/.m2/repository/com/sun/jersey/jersey-core/1.19/jersey-core-1.19.jar:/home/user/.m2/repository/javax/ws/rs/jsr311-api/1.1.1/jsr311-api-1.1.1.jar:/home/user/.m2/repository/com/sun/jersey/jersey-server/1.19/jersey-server-1.19.jar:/home/user/.m2/repository/javax/servlet/javax.servlet-api/3.1.0/javax.servlet-api-3.1.0.jar:/home/user/.m2/repository/org/eclipse/jetty/jetty-server/9.3.25.v20180904/jetty-server-9.3.25.v20180904.jar:/home/user/.m2/repository/org/eclipse/jetty/jetty-http/9.3.25.v20180904/jetty-http-9.3.25.v20180904.jar:/home/user/.m2/repository/org/eclipse/jetty/jetty-io/9.3.25.v20180904/jetty-io-9.3.25.v20180904.jar:/home/user/.m2/repository/org/eclipse/jetty/jetty-webapp/9.3.25.v20180904/jetty-webapp-9.3.25.v20180904.jar:/home/user/.m2/repository/org/eclipse/jetty/jetty-xml/9.3.25.v20180904/jetty-xml-9.3.25.v20180904.jar:/home/user/.m2/repository/log4j/log4j/1.2.17/log4j-1.2.17.jar:/home/user/.m2/repository/org/slf4j/slf4j-api/1.7.25/slf4j-api-1.7.25.jar:/home/user/.m2/repository/org/slf4j/jul-to-slf4j/1.7.25/jul-to-slf4j-1.7.25.jar:/home/user/.m2/repository/org/eclipse/jetty/jetty-util/9.3.25.v20180904/jetty-util-9.3.25.v20180904.jar:/home/user/.m2/repository/com/fasterxml/jackson/core/jackson-databind/2.9.9/jackson-databind-2.9.9.jar:/home/user/.m2/repository/org/apache/hadoop/hadoop-kms/3.2.0/hadoop-kms-3.2.0-tests.jar:/home/user/.m2/repository/org/apache/hadoop/hadoop-hdds-server-scm/0.5.0-SNAPSHOT/hadoop-hdds-server-scm-0.5.0-SNAPSHOT-tests.jar:/home/user/.m2/repository/org/apache/hadoop/hadoop-hdds-container-service/0.5.0-SNAPSHOT/hadoop-hdds-container-service-0.5.0-SNAPSHOT-tests.jar:/home/user/.m2/repository/org/yaml/snakeyaml/1.16/snakeyaml-1.16.jar:/home/user/.m2/repository/org/apache/hadoop/hadoop-common/3.2.0/hadoop-common-3.2.0-tests.jar:/home/user/.m2/repository/org/apache/hadoop/hadoop-annotations/3.2.0/hadoop-annotations-3.2.0.jar:/usr/lib/jvm/java-1.8-openjdk/jre/../lib/tools.jar:/home/user/.m2/repository/commons-cli/commons-cli/1.2/commons-cli-1.2.jar:/home/user/.m2/repository/org/apache/httpcomponents/httpclient/4.5.2/httpclient-4.5.2.jar:/home/user/.m2/repository/org/apache/httpcomponents/httpcore/4.4.4/httpcore-4.4.4.jar:/home/user/.m2/repository/commons-codec/commons-codec/1.11/commons-codec-1.11.jar:/home/user/.m2/repository/commons-net/commons-net/3.6/commons-net-3.6.jar:/home/user/.m2/repository/commons-collections/commons-collections/3.2.2/commons-collections-3.2.2.jar:/home/user/.m2/repository/org/eclipse/jetty/jetty-servlet/9.3.25.v20180904/jetty-servlet-9.3.25.v20180904.jar:/home/user/.m2/repository/org/eclipse/jetty/jetty-security/9.3.25.v20180904/jetty-security-9.3.25.v20180904.jar:/home/user/.m2/repository/javax/servlet/jsp/jsp-api/2.1/jsp-api-2.1.jar:/home/user/.m2/repository/com/sun/jersey/jersey-servlet/1.19/jersey-servlet-1.19.jar:/home/user/.m2/repository/com/sun/jersey/jersey-json/1.19/jersey-json-1.19.jar:/home/user/.m2/repository/org/codehaus/jettison/jettison/1.1/jettison-1.1.jar:/home/user/.m2/repository/org/codehaus/jackson/jackson-core-asl/1.9.13/jackson-core-asl-1.9.13.jar:/home/user/.m2/repository/org/codehaus/jackson/jackson-mapper-asl/1.9.13/jackson-mapper-asl-1.9.13.jar:/home/user/.m2/repository/org/codehaus/jackson/jackson-jaxrs/1.9.13/jackson-jaxrs-1.9.13.jar:/home/user/.m2/repository/org/codehaus/jackson/jackson-xc/1.9.13/jackson-xc-1.9.13.jar:/home/user/.m2/repository/commons-logging/commons-logging/1.1.3/commons-logging-1.1.3.jar:/home/user/.m2/repository/commons-beanutils/commons-beanutils/1.9.4/commons-beanutils-1.9.4.jar:/home/user/.m2/repository/org/apache/commons/commons-configuration2/2.1.1/commons-configuration2-2.1.1.jar:/home/user/.m2/repository/org/apache/commons/commons-lang3/3.7/commons-lang3-3.7.jar:/home/user/.m2/repository/org/apache/commons/commons-text/1.4/commons-text-1.4.jar:/home/user/.m2/repository/org/apache/avro/avro/1.7.7/avro-1.7.7.jar:/home/user/.m2/repository/com/thoughtworks/paranamer/paranamer/2.3/paranamer-2.3.jar:/home/user/.m2/repository/org/xerial/snappy/snappy-java/1.0.5/snappy-java-1.0.5.jar:/home/user/.m2/repository/com/google/re2j/re2j/1.1/re2j-1.1.jar:/home/user/.m2/repository/com/google/code/gson/gson/2.2.4/gson-2.2.4.jar:/home/user/.m2/repository/com/jcraft/jsch/0.1.54/jsch-0.1.54.jar:/home/user/.m2/repository/org/apache/curator/curator-client/2.12.0/curator-client-2.12.0.jar:/home/user/.m2/repository/org/apache/curator/curator-recipes/2.12.0/curator-recipes-2.12.0.jar:/home/user/.m2/repository/com/google/code/findbugs/jsr305/3.0.0/jsr305-3.0.0.jar:/home/user/.m2/repository/org/apache/htrace/htrace-core4/4.1.0-incubating/htrace-core4-4.1.0-incubating.jar:/home/user/.m2/repository/org/apache/zookeeper/zookeeper/3.4.13/zookeeper-3.4.13.jar:/home/user/.m2/repository/jline/jline/0.9.94/jline-0.9.94.jar:/home/user/.m2/repository/org/apache/yetus/audience-annotations/0.5.0/audience-annotations-0.5.0.jar:/home/user/.m2/repository/org/codehaus/woodstox/stax2-api/3.1.4/stax2-api-3.1.4.jar:/home/user/.m2/repository/com/fasterxml/woodstox/woodstox-core/5.0.3/woodstox-core-5.0.3.jar:/home/user/.m2/repository/dnsjava/dnsjava/2.1.7/dnsjava-2.1.7.jar:/home/user/.m2/repository/org/apache/hadoop/hadoop-hdfs/3.2.0/hadoop-hdfs-3.2.0-tests.jar:/home/user/.m2/repository/org/eclipse/jetty/jetty-util-ajax/9.3.25.v20180904/jetty-util-ajax-9.3.25.v20180904.jar:/home/user/.m2/repository/commons-daemon/commons-daemon/1.0.13/commons-daemon-1.0.13.jar:/home/user/.m2/repository/io/netty/netty/3.10.5.Final/netty-3.10.5.Final.jar:/home/user/.m2/repository/io/netty/netty-all/4.0.52.Final/netty-all-4.0.52.Final.jar:/home/user/.m2/repository/org/fusesource/leveldbjni/leveldbjni-all/1.8/leveldbjni-all-1.8.jar:"/>
    <property name="java.vm.vendor" value="IcedTea"/>
    <property name="sun.arch.data.model" value="64"/>
    <property name="test.build.dir" value="/workdir/hadoop-ozone/integration-test/target/test-dir"/>
    <property name="test.cache.data" value=""/>
    <property name="java.vendor.url" value="https://icedtea.classpath.org"/>
    <property name="user.timezone" value=""/>
    <property name="java.vm.specification.version" value="1.8"/>
    <property name="os.name" value="Linux"/>
    <property name="test.build.data" value="/workdir/hadoop-ozone/integration-test/target/test-dir"/>
    <property name="user.country" value="US"/>
    <property name="sun.java.launcher" value="SUN_STANDARD"/>
    <property name="sun.boot.library.path" value="/usr/lib/jvm/java-1.8-openjdk/jre/lib/amd64"/>
    <property name="sun.java.command" value="/workdir/hadoop-ozone/integration-test/target/surefire/surefirebooter1411524789962742814.jar /workdir/hadoop-ozone/integration-test/target/surefire 2019-10-02T16-32-30_511-jvmRun1 surefire4983773573430063319tmp surefire_543649505393365510400tmp"/>
    <property name="test" value="!TestMiniChaosOzoneCluster"/>
    <property name="surefire.test.class.path" value="/workdir/hadoop-ozone/integration-test/target/test-classes:/workdir/hadoop-ozone/integration-test/target/classes:/home/user/.m2/repository/org/apache/hadoop/hadoop-ozone-common/0.5.0-SNAPSHOT/hadoop-ozone-common-0.5.0-SNAPSHOT.jar:/home/user/.m2/repository/org/apache/commons/commons-compress/1.4.1/commons-compress-1.4.1.jar:/home/user/.m2/repository/org/tukaani/xz/1.0/xz-1.0.jar:/home/user/.m2/repository/org/apache/hadoop/hadoop-common/3.2.0/hadoop-common-3.2.0.jar:/home/user/.m2/repository/org/apache/hadoop/hadoop-hdfs/3.2.0/hadoop-hdfs-3.2.0.jar:/home/user/.m2/repository/org/apache/hadoop/hadoop-hdfs-client/3.2.0/hadoop-hdfs-client-3.2.0.jar:/home/user/.m2/repository/com/fasterxml/jackson/core/jackson-annotations/2.9.9/jackson-annotations-2.9.9.jar:/home/user/.m2/repository/org/apache/hadoop/hadoop-hdds-common/0.5.0-SNAPSHOT/hadoop-hdds-common-0.5.0-SNAPSHOT.jar:/home/user/.m2/repository/javax/annotation/javax.annotation-api/1.2/javax.annotation-api-1.2.jar:/home/user/.m2/repository/org/apache/ratis/ratis-server/0.5.0-201fc85-SNAPSHOT/ratis-server-0.5.0-201fc85-SNAPSHOT.jar:/home/user/.m2/repository/org/apache/ratis/ratis-thirdparty-misc/0.2.0/ratis-thirdparty-misc-0.2.0.jar:/home/user/.m2/repository/org/apache/ratis/ratis-proto/0.5.0-201fc85-SNAPSHOT/ratis-proto-0.5.0-201fc85-SNAPSHOT.jar:/home/user/.m2/repository/org/apache/ratis/ratis-common/0.5.0-201fc85-SNAPSHOT/ratis-common-0.5.0-201fc85-SNAPSHOT.jar:/home/user/.m2/repository/org/apache/ratis/ratis-client/0.5.0-201fc85-SNAPSHOT/ratis-client-0.5.0-201fc85-SNAPSHOT.jar:/home/user/.m2/repository/org/apache/ratis/ratis-metrics/0.5.0-201fc85-SNAPSHOT/ratis-metrics-0.5.0-201fc85-SNAPSHOT.jar:/home/user/.m2/repository/com/github/joshelser/dropwizard-metrics-hadoop-metrics2-reporter/0.1.2/dropwizard-metrics-hadoop-metrics2-reporter-0.1.2.jar:/home/user/.m2/repository/io/dropwizard/metrics/metrics-jvm/3.2.5/metrics-jvm-3.2.5.jar:/home/user/.m2/repository/io/dropwizard/metrics/metrics-ganglia/3.2.5/metrics-ganglia-3.2.5.jar:/home/user/.m2/repository/info/ganglia/gmetric4j/gmetric4j/1.0.7/gmetric4j-1.0.7.jar:/home/user/.m2/repository/org/apache/ratis/ratis-netty/0.5.0-201fc85-SNAPSHOT/ratis-netty-0.5.0-201fc85-SNAPSHOT.jar:/home/user/.m2/repository/org/apache/ratis/ratis-grpc/0.5.0-201fc85-SNAPSHOT/ratis-grpc-0.5.0-201fc85-SNAPSHOT.jar:/home/user/.m2/repository/org/rocksdb/rocksdbjni/6.0.1/rocksdbjni-6.0.1.jar:/home/user/.m2/repository/org/apache/logging/log4j/log4j-api/2.11.0/log4j-api-2.11.0.jar:/home/user/.m2/repository/org/apache/logging/log4j/log4j-core/2.11.0/log4j-core-2.11.0.jar:/home/user/.m2/repository/com/lmax/disruptor/3.4.2/disruptor-3.4.2.jar:/home/user/.m2/repository/org/apache/commons/commons-pool2/2.6.0/commons-pool2-2.6.0.jar:/home/user/.m2/repository/org/bouncycastle/bcpkix-jdk15on/1.60/bcpkix-jdk15on-1.60.jar:/home/user/.m2/repository/commons-validator/commons-validator/1.6/commons-validator-1.6.jar:/home/user/.m2/repository/commons-digester/commons-digester/1.8.1/commons-digester-1.8.1.jar:/home/user/.m2/repository/io/jaegertracing/jaeger-client/0.34.0/jaeger-client-0.34.0.jar:/home/user/.m2/repository/io/jaegertracing/jaeger-thrift/0.34.0/jaeger-thrift-0.34.0.jar:/home/user/.m2/repository/org/apache/thrift/libthrift/0.12.0/libthrift-0.12.0.jar:/home/user/.m2/repository/com/squareup/okhttp3/okhttp/3.9.0/okhttp-3.9.0.jar:/home/user/.m2/repository/com/squareup/okio/okio/1.13.0/okio-1.13.0.jar:/home/user/.m2/repository/io/jaegertracing/jaeger-core/0.34.0/jaeger-core-0.34.0.jar:/home/user/.m2/repository/io/jaegertracing/jaeger-tracerresolver/0.34.0/jaeger-tracerresolver-0.34.0.jar:/home/user/.m2/repository/io/opentracing/contrib/opentracing-tracerresolver/0.1.5/opentracing-tracerresolver-0.1.5.jar:/home/user/.m2/repository/io/opentracing/opentracing-util/0.31.0/opentracing-util-0.31.0.jar:/home/user/.m2/repository/io/opentracing/opentracing-api/0.31.0/opentracing-api-0.31.0.jar:/home/user/.m2/repository/io/opentracing/opentracing-noop/0.31.0/opentracing-noop-0.31.0.jar:/home/user/.m2/repository/org/apache/hadoop/hadoop-hdds-server-framework/0.5.0-SNAPSHOT/hadoop-hdds-server-framework-0.5.0-SNAPSHOT.jar:/home/user/.m2/repository/org/apache/hadoop/hadoop-hdds-container-service/0.5.0-SNAPSHOT/hadoop-hdds-container-service-0.5.0-SNAPSHOT.jar:/home/user/.m2/repository/org/apache/hadoop/hadoop-hdds-client/0.5.0-SNAPSHOT/hadoop-hdds-client-0.5.0-SNAPSHOT.jar:/home/user/.m2/repository/org/apache/hadoop/hadoop-hdds-tools/0.5.0-SNAPSHOT/hadoop-hdds-tools-0.5.0-SNAPSHOT.jar:/home/user/.m2/repository/org/apache/hadoop/hadoop-hdds-server-scm/0.5.0-SNAPSHOT/hadoop-hdds-server-scm-0.5.0-SNAPSHOT.jar:/home/user/.m2/repository/org/apache/hadoop/hadoop-hdds-docs/0.5.0-SNAPSHOT/hadoop-hdds-docs-0.5.0-SNAPSHOT.jar:/home/user/.m2/repository/io/dropwizard/metrics/metrics-core/3.2.4/metrics-core-3.2.4.jar:/home/user/.m2/repository/org/hamcrest/hamcrest-all/1.3/hamcrest-all-1.3.jar:/home/user/.m2/repository/org/bouncycastle/bcprov-jdk15on/1.60/bcprov-jdk15on-1.60.jar:/home/user/.m2/repository/info/picocli/picocli/3.9.6/picocli-3.9.6.jar:/home/user/.m2/repository/com/google/protobuf/protobuf-java/2.5.0/protobuf-java-2.5.0.jar:/home/user/.m2/repository/com/google/guava/guava/11.0.2/guava-11.0.2.jar:/home/user/.m2/repository/org/apache/hadoop/hadoop-ozone-ozone-manager/0.5.0-SNAPSHOT/hadoop-ozone-ozone-manager-0.5.0-SNAPSHOT.jar:/home/user/.m2/repository/org/apache/hadoop/hadoop-minikdc/3.2.0/hadoop-minikdc-3.2.0.jar:/home/user/.m2/repository/commons-io/commons-io/2.5/commons-io-2.5.jar:/home/user/.m2/repository/org/apache/kerby/kerb-simplekdc/1.0.1/kerb-simplekdc-1.0.1.jar:/home/user/.m2/repository/org/apache/kerby/kerb-client/1.0.1/kerb-client-1.0.1.jar:/home/user/.m2/repository/org/apache/kerby/kerby-config/1.0.1/kerby-config-1.0.1.jar:/home/user/.m2/repository/org/apache/kerby/kerb-core/1.0.1/kerb-core-1.0.1.jar:/home/user/.m2/repository/org/apache/kerby/kerby-pkix/1.0.1/kerby-pkix-1.0.1.jar:/home/user/.m2/repository/org/apache/kerby/kerby-asn1/1.0.1/kerby-asn1-1.0.1.jar:/home/user/.m2/repository/org/apache/kerby/kerby-util/1.0.1/kerby-util-1.0.1.jar:/home/user/.m2/repository/org/apache/kerby/kerb-common/1.0.1/kerb-common-1.0.1.jar:/home/user/.m2/repository/org/apache/kerby/kerb-crypto/1.0.1/kerb-crypto-1.0.1.jar:/home/user/.m2/repository/org/apache/kerby/kerb-util/1.0.1/kerb-util-1.0.1.jar:/home/user/.m2/repository/org/apache/kerby/token-provider/1.0.1/token-provider-1.0.1.jar:/home/user/.m2/repository/org/apache/kerby/kerb-admin/1.0.1/kerb-admin-1.0.1.jar:/home/user/.m2/repository/org/apache/kerby/kerb-server/1.0.1/kerb-server-1.0.1.jar:/home/user/.m2/repository/org/apache/kerby/kerb-identity/1.0.1/kerb-identity-1.0.1.jar:/home/user/.m2/repository/org/apache/kerby/kerby-xdr/1.0.1/kerby-xdr-1.0.1.jar:/home/user/.m2/repository/org/slf4j/slf4j-log4j12/1.7.25/slf4j-log4j12-1.7.25.jar:/home/user/.m2/repository/org/apache/hadoop/hadoop-ozone-s3gateway/0.5.0-SNAPSHOT/hadoop-ozone-s3gateway-0.5.0-SNAPSHOT.jar:/home/user/.m2/repository/org/jboss/weld/servlet/weld-servlet/2.4.7.Final/weld-servlet-2.4.7.Final.jar:/home/user/.m2/repository/org/glassfish/jersey/containers/jersey-container-servlet-core/2.27/jersey-container-servlet-core-2.27.jar:/home/user/.m2/repository/org/glassfish/hk2/external/javax.inject/2.5.0-b42/javax.inject-2.5.0-b42.jar:/home/user/.m2/repository/org/glassfish/jersey/core/jersey-common/2.27/jersey-common-2.27.jar:/home/user/.m2/repository/org/glassfish/hk2/osgi-resource-locator/1.0.1/osgi-resource-locator-1.0.1.jar:/home/user/.m2/repository/javax/ws/rs/javax.ws.rs-api/2.1/javax.ws.rs-api-2.1.jar:/home/user/.m2/repository/org/glassfish/jersey/ext/cdi/jersey-cdi1x/2.27/jersey-cdi1x-2.27.jar:/home/user/.m2/repository/org/glassfish/jersey/inject/jersey-hk2/2.27/jersey-hk2-2.27.jar:/home/user/.m2/repository/org/glassfish/hk2/hk2-locator/2.5.0-b42/hk2-locator-2.5.0-b42.jar:/home/user/.m2/repository/org/javassist/javassist/3.22.0-CR2/javassist-3.22.0-CR2.jar:/home/user/.m2/repository/org/glassfish/hk2/hk2-api/2.5.0/hk2-api-2.5.0.jar:/home/user/.m2/repository/org/glassfish/hk2/external/jakarta.inject/2.5.0/jakarta.inject-2.5.0.jar:/home/user/.m2/repository/org/glassfish/hk2/hk2-utils/2.5.0/hk2-utils-2.5.0.jar:/home/user/.m2/repository/jakarta/annotation/jakarta.annotation-api/1.3.4/jakarta.annotation-api-1.3.4.jar:/home/user/.m2/repository/org/glassfish/hk2/external/aopalliance-repackaged/2.5.0/aopalliance-repackaged-2.5.0.jar:/home/user/.m2/repository/com/fasterxml/jackson/dataformat/jackson-dataformat-xml/2.9.0/jackson-dataformat-xml-2.9.0.jar:/home/user/.m2/repository/com/fasterxml/jackson/core/jackson-core/2.9.9/jackson-core-2.9.9.jar:/home/user/.m2/repository/com/fasterxml/jackson/module/jackson-module-jaxb-annotations/2.9.9/jackson-module-jaxb-annotations-2.9.9.jar:/home/user/.m2/repository/javax/enterprise/cdi-api/1.2/cdi-api-1.2.jar:/home/user/.m2/repository/javax/el/javax.el-api/3.0.0/javax.el-api-3.0.0.jar:/home/user/.m2/repository/javax/interceptor/javax.interceptor-api/1.2/javax.interceptor-api-1.2.jar:/home/user/.m2/repository/javax/inject/javax.inject/1/javax.inject-1.jar:/home/user/.m2/repository/com/sun/xml/bind/jaxb-impl/2.3.0.1/jaxb-impl-2.3.0.1.jar:/home/user/.m2/repository/com/sun/xml/bind/jaxb-core/2.3.0.1/jaxb-core-2.3.0.1.jar:/home/user/.m2/repository/javax/xml/bind/jaxb-api/2.3.0/jaxb-api-2.3.0.jar:/home/user/.m2/repository/javax/activation/activation/1.1.1/activation-1.1.1.jar:/home/user/.m2/repository/org/apache/hadoop/hadoop-ozone-csi/0.5.0-SNAPSHOT/hadoop-ozone-csi-0.5.0-SNAPSHOT.jar:/home/user/.m2/repository/com/google/protobuf/protobuf-java-util/3.5.1/protobuf-java-util-3.5.1.jar:/home/user/.m2/repository/org/apache/hadoop/hadoop-hdds-config/0.5.0-SNAPSHOT/hadoop-hdds-config-0.5.0-SNAPSHOT.jar:/home/user/.m2/repository/io/grpc/grpc-netty/1.17.1/grpc-netty-1.17.1.jar:/home/user/.m2/repository/io/grpc/grpc-core/1.17.1/grpc-core-1.17.1.jar:/home/user/.m2/repository/io/grpc/grpc-context/1.17.1/grpc-context-1.17.1.jar:/home/user/.m2/repository/com/google/errorprone/error_prone_annotations/2.2.0/error_prone_annotations-2.2.0.jar:/home/user/.m2/repository/org/codehaus/mojo/animal-sniffer-annotations/1.17/animal-sniffer-annotations-1.17.jar:/home/user/.m2/repository/io/opencensus/opencensus-api/0.17.0/opencensus-api-0.17.0.jar:/home/user/.m2/repository/io/opencensus/opencensus-contrib-grpc-metrics/0.17.0/opencensus-contrib-grpc-metrics-0.17.0.jar:/home/user/.m2/repository/io/netty/netty-codec-http2/4.1.30.Final/netty-codec-http2-4.1.30.Final.jar:/home/user/.m2/repository/io/netty/netty-codec-http/4.1.30.Final/netty-codec-http-4.1.30.Final.jar:/home/user/.m2/repository/io/netty/netty-codec/4.1.30.Final/netty-codec-4.1.30.Final.jar:/home/user/.m2/repository/io/netty/netty-handler/4.1.30.Final/netty-handler-4.1.30.Final.jar:/home/user/.m2/repository/io/netty/netty-handler-proxy/4.1.30.Final/netty-handler-proxy-4.1.30.Final.jar:/home/user/.m2/repository/io/netty/netty-codec-socks/4.1.30.Final/netty-codec-socks-4.1.30.Final.jar:/home/user/.m2/repository/io/netty/netty-transport-native-epoll/4.1.30.Final/netty-transport-native-epoll-4.1.30.Final.jar:/home/user/.m2/repository/io/netty/netty-common/4.1.30.Final/netty-common-4.1.30.Final.jar:/home/user/.m2/repository/io/netty/netty-buffer/4.1.30.Final/netty-buffer-4.1.30.Final.jar:/home/user/.m2/repository/io/netty/netty-transport/4.1.30.Final/netty-transport-4.1.30.Final.jar:/home/user/.m2/repository/io/netty/netty-resolver/4.1.30.Final/netty-resolver-4.1.30.Final.jar:/home/user/.m2/repository/io/netty/netty-transport-native-unix-common/4.1.30.Final/netty-transport-native-unix-common-4.1.30.Final.jar:/home/user/.m2/repository/io/grpc/grpc-protobuf/1.17.1/grpc-protobuf-1.17.1.jar:/home/user/.m2/repository/com/google/api/grpc/proto-google-common-protos/1.0.0/proto-google-common-protos-1.0.0.jar:/home/user/.m2/repository/io/grpc/grpc-protobuf-lite/1.17.1/grpc-protobuf-lite-1.17.1.jar:/home/user/.m2/repository/io/grpc/grpc-stub/1.17.1/grpc-stub-1.17.1.jar:/home/user/.m2/repository/org/apache/hadoop/hadoop-ozone-recon/0.5.0-SNAPSHOT/hadoop-ozone-recon-0.5.0-SNAPSHOT.jar:/home/user/.m2/repository/org/apache/hadoop/hadoop-ozone-reconcodegen/0.5.0-SNAPSHOT/hadoop-ozone-reconcodegen-0.5.0-SNAPSHOT.jar:/home/user/.m2/repository/com/google/inject/extensions/guice-multibindings/4.0/guice-multibindings-4.0.jar:/home/user/.m2/repository/com/google/inject/guice/4.0/guice-4.0.jar:/home/user/.m2/repository/aopalliance/aopalliance/1.0/aopalliance-1.0.jar:/home/user/.m2/repository/com/google/inject/extensions/guice-servlet/4.0/guice-servlet-4.0.jar:/home/user/.m2/repository/org/glassfish/jersey/containers/jersey-container-servlet/2.27/jersey-container-servlet-2.27.jar:/home/user/.m2/repository/org/glassfish/hk2/guice-bridge/2.5.0/guice-bridge-2.5.0.jar:/home/user/.m2/repository/org/glassfish/jersey/core/jersey-server/2.27/jersey-server-2.27.jar:/home/user/.m2/repository/org/glassfish/jersey/core/jersey-client/2.27/jersey-client-2.27.jar:/home/user/.m2/repository/org/glassfish/jersey/media/jersey-media-jaxb/2.27/jersey-media-jaxb-2.27.jar:/home/user/.m2/repository/javax/validation/validation-api/1.1.0.Final/validation-api-1.1.0.Final.jar:/home/user/.m2/repository/org/glassfish/jersey/media/jersey-media-json-jackson/2.27/jersey-media-json-jackson-2.27.jar:/home/user/.m2/repository/org/glassfish/jersey/ext/jersey-entity-filtering/2.27/jersey-entity-filtering-2.27.jar:/home/user/.m2/repository/com/google/inject/extensions/guice-assistedinject/4.0/guice-assistedinject-4.0.jar:/home/user/.m2/repository/org/jooq/jooq/3.11.10/jooq-3.11.10.jar:/home/user/.m2/repository/org/jooq/jooq-meta/3.11.10/jooq-meta-3.11.10.jar:/home/user/.m2/repository/org/jooq/jooq-codegen/3.11.10/jooq-codegen-3.11.10.jar:/home/user/.m2/repository/com/jolbox/bonecp/0.8.0.RELEASE/bonecp-0.8.0.RELEASE.jar:/home/user/.m2/repository/org/xerial/sqlite-jdbc/3.25.2/sqlite-jdbc-3.25.2.jar:/home/user/.m2/repository/org/springframework/spring-jdbc/5.1.3.RELEASE/spring-jdbc-5.1.3.RELEASE.jar:/home/user/.m2/repository/org/springframework/spring-beans/5.1.3.RELEASE/spring-beans-5.1.3.RELEASE.jar:/home/user/.m2/repository/org/springframework/spring-core/5.1.3.RELEASE/spring-core-5.1.3.RELEASE.jar:/home/user/.m2/repository/org/springframework/spring-jcl/5.1.3.RELEASE/spring-jcl-5.1.3.RELEASE.jar:/home/user/.m2/repository/org/springframework/spring-tx/5.1.3.RELEASE/spring-tx-5.1.3.RELEASE.jar:/home/user/.m2/repository/org/apache/hadoop/hadoop-ozone-client/0.5.0-SNAPSHOT/hadoop-ozone-client-0.5.0-SNAPSHOT.jar:/home/user/.m2/repository/commons-lang/commons-lang/2.6/commons-lang-2.6.jar:/home/user/.m2/repository/org/apache/hadoop/hadoop-ozone-ozone-manager/0.5.0-SNAPSHOT/hadoop-ozone-ozone-manager-0.5.0-SNAPSHOT-tests.jar:/home/user/.m2/repository/junit/junit/4.11/junit-4.11.jar:/home/user/.m2/repository/org/hamcrest/hamcrest-core/1.3/hamcrest-core-1.3.jar:/home/user/.m2/repository/org/openjdk/jmh/jmh-core/1.19/jmh-core-1.19.jar:/home/user/.m2/repository/net/sf/jopt-simple/jopt-simple/4.6/jopt-simple-4.6.jar:/home/user/.m2/repository/org/apache/commons/commons-math3/3.1.1/commons-math3-3.1.1.jar:/home/user/.m2/repository/org/openjdk/jmh/jmh-generator-annprocess/1.19/jmh-generator-annprocess-1.19.jar:/home/user/.m2/repository/org/mockito/mockito-all/1.8.5/mockito-all-1.8.5.jar:/home/user/.m2/repository/org/apache/hadoop/hadoop-kms/3.2.0/hadoop-kms-3.2.0.jar:/home/user/.m2/repository/org/apache/hadoop/hadoop-auth/3.2.0/hadoop-auth-3.2.0.jar:/home/user/.m2/repository/com/nimbusds/nimbus-jose-jwt/4.41.1/nimbus-jose-jwt-4.41.1.jar:/home/user/.m2/repository/com/github/stephenc/jcip/jcip-annotations/1.0-1/jcip-annotations-1.0-1.jar:/home/user/.m2/repository/net/minidev/json-smart/2.3/json-smart-2.3.jar:/home/user/.m2/repository/net/minidev/accessors-smart/1.2/accessors-smart-1.2.jar:/home/user/.m2/repository/org/ow2/asm/asm/5.0.4/asm-5.0.4.jar:/home/user/.m2/repository/org/apache/curator/curator-framework/2.12.0/curator-framework-2.12.0.jar:/home/user/.m2/repository/com/sun/jersey/jersey-core/1.19/jersey-core-1.19.jar:/home/user/.m2/repository/javax/ws/rs/jsr311-api/1.1.1/jsr311-api-1.1.1.jar:/home/user/.m2/repository/com/sun/jersey/jersey-server/1.19/jersey-server-1.19.jar:/home/user/.m2/repository/javax/servlet/javax.servlet-api/3.1.0/javax.servlet-api-3.1.0.jar:/home/user/.m2/repository/org/eclipse/jetty/jetty-server/9.3.25.v20180904/jetty-server-9.3.25.v20180904.jar:/home/user/.m2/repository/org/eclipse/jetty/jetty-http/9.3.25.v20180904/jetty-http-9.3.25.v20180904.jar:/home/user/.m2/repository/org/eclipse/jetty/jetty-io/9.3.25.v20180904/jetty-io-9.3.25.v20180904.jar:/home/user/.m2/repository/org/eclipse/jetty/jetty-webapp/9.3.25.v20180904/jetty-webapp-9.3.25.v20180904.jar:/home/user/.m2/repository/org/eclipse/jetty/jetty-xml/9.3.25.v20180904/jetty-xml-9.3.25.v20180904.jar:/home/user/.m2/repository/log4j/log4j/1.2.17/log4j-1.2.17.jar:/home/user/.m2/repository/org/slf4j/slf4j-api/1.7.25/slf4j-api-1.7.25.jar:/home/user/.m2/repository/org/slf4j/jul-to-slf4j/1.7.25/jul-to-slf4j-1.7.25.jar:/home/user/.m2/repository/org/eclipse/jetty/jetty-util/9.3.25.v20180904/jetty-util-9.3.25.v20180904.jar:/home/user/.m2/repository/com/fasterxml/jackson/core/jackson-databind/2.9.9/jackson-databind-2.9.9.jar:/home/user/.m2/repository/org/apache/hadoop/hadoop-kms/3.2.0/hadoop-kms-3.2.0-tests.jar:/home/user/.m2/repository/org/apache/hadoop/hadoop-hdds-server-scm/0.5.0-SNAPSHOT/hadoop-hdds-server-scm-0.5.0-SNAPSHOT-tests.jar:/home/user/.m2/repository/org/apache/hadoop/hadoop-hdds-container-service/0.5.0-SNAPSHOT/hadoop-hdds-container-service-0.5.0-SNAPSHOT-tests.jar:/home/user/.m2/repository/org/yaml/snakeyaml/1.16/snakeyaml-1.16.jar:/home/user/.m2/repository/org/apache/hadoop/hadoop-common/3.2.0/hadoop-common-3.2.0-tests.jar:/home/user/.m2/repository/org/apache/hadoop/hadoop-annotations/3.2.0/hadoop-annotations-3.2.0.jar:/usr/lib/jvm/java-1.8-openjdk/jre/../lib/tools.jar:/home/user/.m2/repository/commons-cli/commons-cli/1.2/commons-cli-1.2.jar:/home/user/.m2/repository/org/apache/httpcomponents/httpclient/4.5.2/httpclient-4.5.2.jar:/home/user/.m2/repository/org/apache/httpcomponents/httpcore/4.4.4/httpcore-4.4.4.jar:/home/user/.m2/repository/commons-codec/commons-codec/1.11/commons-codec-1.11.jar:/home/user/.m2/repository/commons-net/commons-net/3.6/commons-net-3.6.jar:/home/user/.m2/repository/commons-collections/commons-collections/3.2.2/commons-collections-3.2.2.jar:/home/user/.m2/repository/org/eclipse/jetty/jetty-servlet/9.3.25.v20180904/jetty-servlet-9.3.25.v20180904.jar:/home/user/.m2/repository/org/eclipse/jetty/jetty-security/9.3.25.v20180904/jetty-security-9.3.25.v20180904.jar:/home/user/.m2/repository/javax/servlet/jsp/jsp-api/2.1/jsp-api-2.1.jar:/home/user/.m2/repository/com/sun/jersey/jersey-servlet/1.19/jersey-servlet-1.19.jar:/home/user/.m2/repository/com/sun/jersey/jersey-json/1.19/jersey-json-1.19.jar:/home/user/.m2/repository/org/codehaus/jettison/jettison/1.1/jettison-1.1.jar:/home/user/.m2/repository/org/codehaus/jackson/jackson-core-asl/1.9.13/jackson-core-asl-1.9.13.jar:/home/user/.m2/repository/org/codehaus/jackson/jackson-mapper-asl/1.9.13/jackson-mapper-asl-1.9.13.jar:/home/user/.m2/repository/org/codehaus/jackson/jackson-jaxrs/1.9.13/jackson-jaxrs-1.9.13.jar:/home/user/.m2/repository/org/codehaus/jackson/jackson-xc/1.9.13/jackson-xc-1.9.13.jar:/home/user/.m2/repository/commons-logging/commons-logging/1.1.3/commons-logging-1.1.3.jar:/home/user/.m2/repository/commons-beanutils/commons-beanutils/1.9.4/commons-beanutils-1.9.4.jar:/home/user/.m2/repository/org/apache/commons/commons-configuration2/2.1.1/commons-configuration2-2.1.1.jar:/home/user/.m2/repository/org/apache/commons/commons-lang3/3.7/commons-lang3-3.7.jar:/home/user/.m2/repository/org/apache/commons/commons-text/1.4/commons-text-1.4.jar:/home/user/.m2/repository/org/apache/avro/avro/1.7.7/avro-1.7.7.jar:/home/user/.m2/repository/com/thoughtworks/paranamer/paranamer/2.3/paranamer-2.3.jar:/home/user/.m2/repository/org/xerial/snappy/snappy-java/1.0.5/snappy-java-1.0.5.jar:/home/user/.m2/repository/com/google/re2j/re2j/1.1/re2j-1.1.jar:/home/user/.m2/repository/com/google/code/gson/gson/2.2.4/gson-2.2.4.jar:/home/user/.m2/repository/com/jcraft/jsch/0.1.54/jsch-0.1.54.jar:/home/user/.m2/repository/org/apache/curator/curator-client/2.12.0/curator-client-2.12.0.jar:/home/user/.m2/repository/org/apache/curator/curator-recipes/2.12.0/curator-recipes-2.12.0.jar:/home/user/.m2/repository/com/google/code/findbugs/jsr305/3.0.0/jsr305-3.0.0.jar:/home/user/.m2/repository/org/apache/htrace/htrace-core4/4.1.0-incubating/htrace-core4-4.1.0-incubating.jar:/home/user/.m2/repository/org/apache/zookeeper/zookeeper/3.4.13/zookeeper-3.4.13.jar:/home/user/.m2/repository/jline/jline/0.9.94/jline-0.9.94.jar:/home/user/.m2/repository/org/apache/yetus/audience-annotations/0.5.0/audience-annotations-0.5.0.jar:/home/user/.m2/repository/org/codehaus/woodstox/stax2-api/3.1.4/stax2-api-3.1.4.jar:/home/user/.m2/repository/com/fasterxml/woodstox/woodstox-core/5.0.3/woodstox-core-5.0.3.jar:/home/user/.m2/repository/dnsjava/dnsjava/2.1.7/dnsjava-2.1.7.jar:/home/user/.m2/repository/org/apache/hadoop/hadoop-hdfs/3.2.0/hadoop-hdfs-3.2.0-tests.jar:/home/user/.m2/repository/org/eclipse/jetty/jetty-util-ajax/9.3.25.v20180904/jetty-util-ajax-9.3.25.v20180904.jar:/home/user/.m2/repository/commons-daemon/commons-daemon/1.0.13/commons-daemon-1.0.13.jar:/home/user/.m2/repository/io/netty/netty/3.10.5.Final/netty-3.10.5.Final.jar:/home/user/.m2/repository/io/netty/netty-all/4.0.52.Final/netty-all-4.0.52.Final.jar:/home/user/.m2/repository/org/fusesource/leveldbjni/leveldbjni-all/1.8/leveldbjni-all-1.8.jar:"/>
    <property name="sun.cpu.endian" value="little"/>
    <property name="user.home" value="/home/user"/>
    <property name="user.language" value="en"/>
    <property name="java.specification.vendor" value="Oracle Corporation"/>
    <property name="java.home" value="/usr/lib/jvm/java-1.8-openjdk/jre"/>
    <property name="java.security.krb5.conf" value="/workdir/hadoop-ozone/integration-test/target/test-classes/krb5.conf"/>
    <property name="basedir" value="/workdir/hadoop-ozone/integration-test"/>
    <property name="file.separator" value="/"/>
    <property name="line.separator" value="&#10;"/>
    <property name="java.vm.specification.vendor" value="Oracle Corporation"/>
    <property name="java.specification.name" value="Java Platform API Specification"/>
    <property name="java.awt.graphicsenv" value="sun.awt.X11GraphicsEnvironment"/>
    <property name="surefire.real.class.path" value="/workdir/hadoop-ozone/integration-test/target/surefire/surefirebooter1411524789962742814.jar"/>
    <property name="hadoop.log.dir" value="/workdir/hadoop-ozone/integration-test/target/log"/>
    <property name="sun.boot.class.path" value="/usr/lib/jvm/java-1.8-openjdk/jre/lib/resources.jar:/usr/lib/jvm/java-1.8-openjdk/jre/lib/rt.jar:/usr/lib/jvm/java-1.8-openjdk/jre/lib/sunrsasign.jar:/usr/lib/jvm/java-1.8-openjdk/jre/lib/jsse.jar:/usr/lib/jvm/java-1.8-openjdk/jre/lib/jce.jar:/usr/lib/jvm/java-1.8-openjdk/jre/lib/charsets.jar:/usr/lib/jvm/java-1.8-openjdk/jre/lib/jfr.jar:/usr/lib/jvm/java-1.8-openjdk/jre/classes"/>
    <property name="sun.management.compiler" value="HotSpot 64-Bit Tiered Compilers"/>
    <property name="java.runtime.version" value="1.8.0_212-b04"/>
    <property name="java.net.preferIPv4Stack" value="true"/>
    <property name="user.name" value="jenkins1000"/>
    <property name="path.separator" value=":"/>
    <property name="java.security.egd" value="file:///dev/urandom"/>
    <property name="os.version" value="3.10.0-957.12.2.el7.x86_64"/>
    <property name="java.endorsed.dirs" value="/usr/lib/jvm/java-1.8-openjdk/jre/lib/endorsed"/>
    <property name="java.runtime.name" value="OpenJDK Runtime Environment"/>
    <property name="file.encoding" value="UTF-8"/>
    <property name="java.vm.name" value="OpenJDK 64-Bit Server VM"/>
    <property name="test.build.webapps" value=""/>
    <property name="localRepository" value="/home/user/.m2/repository"/>
    <property name="java.vendor.url.bug" value="https://icedtea.classpath.org/bugzilla"/>
    <property name="java.io.tmpdir" value="/tmp"/>
    <property name="require.test.libhadoop" value=""/>
    <property name="java.version" value="1.8.0_212"/>
    <property name="user.dir" value="/workdir/hadoop-ozone/integration-test"/>
    <property name="os.arch" value="amd64"/>
    <property name="java.vm.specification.name" value="Java Virtual Machine Specification"/>
    <property name="test.build.classes" value="/workdir/hadoop-ozone/integration-test/target/test-classes"/>
    <property name="java.awt.printerjob" value="sun.print.PSPrinterJob"/>
    <property name="sun.os.patch.level" value="unknown"/>
    <property name="hadoop.tmp.dir" value="/workdir/hadoop-ozone/integration-test/target/tmp"/>
    <property name="java.library.path" value="/usr/lib/jvm/java-1.8-openjdk/jre/lib/amd64/server:/usr/lib/jvm/java-1.8-openjdk/jre/lib/amd64:/usr/lib/jvm/java-1.8-openjdk/jre/../lib/amd64:/workdir/hadoop-ozone/integration-test/target/native/target/usr/local/lib:/workdir/hadoop-ozone/integration-test/../../hadoop-common-project/hadoop-common/target/native/target/usr/local/lib:/usr/java/packages/lib/amd64:/usr/lib64:/lib64:/lib:/usr/lib"/>
    <property name="java.vm.info" value="mixed mode"/>
    <property name="java.vendor" value="IcedTea"/>
    <property name="java.vm.version" value="25.212-b04"/>
    <property name="java.ext.dirs" value="/usr/lib/jvm/java-1.8-openjdk/jre/lib/ext:/usr/java/packages/lib/ext"/>
    <property name="sun.io.unicode.encoding" value="UnicodeLittle"/>
    <property name="java.class.version" value="52.0"/>
  </properties>
  <testcase name="testWatchForCommitWithKeyWrite" classname="org.apache.hadoop.ozone.client.rpc.TestWatchForCommit" time="58.611"/>
  <testcase name="testWatchForCommitWithSmallerTimeoutValue" classname="org.apache.hadoop.ozone.client.rpc.TestWatchForCommit" time="42.53"/>
  <testcase name="testWatchForCommitForRetryfailure" classname="org.apache.hadoop.ozone.client.rpc.TestWatchForCommit" time="78.757"/>
  <testcase name="testWatchForCommitForGroupMismatchException" classname="org.apache.hadoop.ozone.client.rpc.TestWatchForCommit" time="48.471"/>
  <testcase name="test2WayCommitForTimeoutException" classname="org.apache.hadoop.ozone.client.rpc.TestWatchForCommit" time="34.256">
    <error type="java.util.concurrent.TimeoutException">java.util.concurrent.TimeoutException
	at java.util.concurrent.CompletableFuture.timedGet(CompletableFuture.java:1771)
	at java.util.concurrent.CompletableFuture.get(CompletableFuture.java:1915)
	at org.apache.hadoop.hdds.scm.XceiverClientRatis.watchForCommit(XceiverClientRatis.java:298)
	at org.apache.hadoop.ozone.client.rpc.TestWatchForCommit.test2WayCommitForTimeoutException(TestWatchForCommit.java:391)
	at sun.reflect.NativeMethodAccessorImpl.invoke0(Native Method)
	at sun.reflect.NativeMethodAccessorImpl.invoke(NativeMethodAccessorImpl.java:62)
	at sun.reflect.DelegatingMethodAccessorImpl.invoke(DelegatingMethodAccessorImpl.java:43)
	at java.lang.reflect.Method.invoke(Method.java:498)
	at org.junit.runners.model.FrameworkMethod$1.runReflectiveCall(FrameworkMethod.java:47)
	at org.junit.internal.runners.model.ReflectiveCallable.run(ReflectiveCallable.java:12)
	at org.junit.runners.model.FrameworkMethod.invokeExplosively(FrameworkMethod.java:44)
	at org.junit.internal.runners.statements.InvokeMethod.evaluate(InvokeMethod.java:17)
	at org.junit.runners.ParentRunner.runLeaf(ParentRunner.java:271)
	at org.junit.runners.BlockJUnit4ClassRunner.runChild(BlockJUnit4ClassRunner.java:70)
	at org.junit.runners.BlockJUnit4ClassRunner.runChild(BlockJUnit4ClassRunner.java:50)
	at org.junit.runners.ParentRunner$3.run(ParentRunner.java:238)
	at org.junit.runners.ParentRunner$1.schedule(ParentRunner.java:63)
	at org.junit.runners.ParentRunner.runChildren(ParentRunner.java:236)
	at org.junit.runners.ParentRunner.access$000(ParentRunner.java:53)
	at org.junit.runners.ParentRunner$2.evaluate(ParentRunner.java:229)
	at org.junit.runners.ParentRunner.run(ParentRunner.java:309)
	at org.apache.maven.surefire.junit4.JUnit4Provider.execute(JUnit4Provider.java:365)
	at org.apache.maven.surefire.junit4.JUnit4Provider.executeWithRerun(JUnit4Provider.java:273)
	at org.apache.maven.surefire.junit4.JUnit4Provider.executeTestSet(JUnit4Provider.java:238)
	at org.apache.maven.surefire.junit4.JUnit4Provider.invoke(JUnit4Provider.java:159)
	at org.apache.maven.surefire.booter.ForkedBooter.invokeProviderInSameClassLoader(ForkedBooter.java:384)
	at org.apache.maven.surefire.booter.ForkedBooter.runSuitesInProcess(ForkedBooter.java:345)
	at org.apache.maven.surefire.booter.ForkedBooter.execute(ForkedBooter.java:126)
	at org.apache.maven.surefire.booter.ForkedBooter.main(ForkedBooter.java:418)
</error>
    <system-out><![CDATA[2019-10-02 17:21:24,018 [main] WARN  server.ServerUtils (ServerUtils.java:getScmDbDir(145)) - ozone.scm.db.dirs is not configured. We recommend adding this setting. Falling back to ozone.metadata.dirs instead.
2019-10-02 17:21:24,034 [main] WARN  server.ServerUtils (ServerUtils.java:getScmDbDir(145)) - ozone.scm.db.dirs is not configured. We recommend adding this setting. Falling back to ozone.metadata.dirs instead.
2019-10-02 17:21:24,034 [main] WARN  server.ServerUtils (ServerUtils.java:getScmDbDir(145)) - ozone.scm.db.dirs is not configured. We recommend adding this setting. Falling back to ozone.metadata.dirs instead.
2019-10-02 17:21:24,035 [main] INFO  db.DBStoreBuilder (DBStoreBuilder.java:addTable(110)) - using custom profile for table: deletedBlocks
2019-10-02 17:21:24,035 [main] INFO  db.DBStoreBuilder (DBStoreBuilder.java:processTables(161)) - Using default column profile:DBProfile.DISK for Table:deletedBlocks
2019-10-02 17:21:24,035 [main] INFO  db.DBStoreBuilder (DBStoreBuilder.java:addTable(110)) - using custom profile for table: validCerts
2019-10-02 17:21:24,035 [main] INFO  db.DBStoreBuilder (DBStoreBuilder.java:processTables(161)) - Using default column profile:DBProfile.DISK for Table:validCerts
2019-10-02 17:21:24,036 [main] INFO  db.DBStoreBuilder (DBStoreBuilder.java:addTable(110)) - using custom profile for table: revokedCerts
2019-10-02 17:21:24,036 [main] INFO  db.DBStoreBuilder (DBStoreBuilder.java:processTables(161)) - Using default column profile:DBProfile.DISK for Table:revokedCerts
2019-10-02 17:21:24,036 [main] INFO  db.DBStoreBuilder (DBStoreBuilder.java:addTable(110)) - using custom profile for table: default
2019-10-02 17:21:24,036 [main] INFO  db.DBStoreBuilder (DBStoreBuilder.java:processTables(167)) - Using default column profile:DBProfile.DISK for Table:default
2019-10-02 17:21:24,036 [main] INFO  db.DBStoreBuilder (DBStoreBuilder.java:getDbProfile(198)) - Using default options. DBProfile.DISK
2019-10-02 17:21:24,192 [main] INFO  net.NodeSchemaLoader (NodeSchemaLoader.java:loadSchemaFromFile(125)) - Loading file from sun.misc.CompoundEnumeration@4702e7a5
2019-10-02 17:21:24,192 [main] INFO  net.NodeSchemaLoader (NodeSchemaLoader.java:loadSchema(171)) - Loading network topology layer schema file
2019-10-02 17:21:24,200 [main] WARN  server.ServerUtils (ServerUtils.java:sanitizeUserArgs(70)) - ozone.scm.stale.node.interval value = 300000 is larger than max = 100000 based on the key value of ozone.scm.heartbeat.thread.interval, reset to the max value 100000.
2019-10-02 17:21:24,201 [main] WARN  server.ServerUtils (ServerUtils.java:sanitizeUserArgs(70)) - ozone.scm.stale.node.interval value = 300000 is larger than max = 100000 based on the key value of ozone.scm.heartbeat.thread.interval, reset to the max value 100000.
2019-10-02 17:21:24,201 [main] INFO  node.SCMNodeManager (SCMNodeManager.java:<init>(114)) - Entering startup safe mode.
2019-10-02 17:21:24,202 [main] INFO  algorithms.ContainerPlacementPolicyFactory (ContainerPlacementPolicyFactory.java:getPolicy(57)) - Create container placement policy of type org.apache.hadoop.hdds.scm.container.placement.algorithms.SCMContainerPlacementRandom
2019-10-02 17:21:24,202 [main] WARN  server.ServerUtils (ServerUtils.java:getScmDbDir(145)) - ozone.scm.db.dirs is not configured. We recommend adding this setting. Falling back to ozone.metadata.dirs instead.
2019-10-02 17:21:24,254 [main] INFO  pipeline.SCMPipelineManager (SCMPipelineManager.java:initializePipelineState(132)) - No pipeline exists in current db
2019-10-02 17:21:24,254 [main] WARN  server.ServerUtils (ServerUtils.java:getScmDbDir(145)) - ozone.scm.db.dirs is not configured. We recommend adding this setting. Falling back to ozone.metadata.dirs instead.
2019-10-02 17:21:24,302 [main] WARN  events.EventQueue (EventQueue.java:fireEvent(183)) - No event handler registered for event TypedEvent{payloadType=SafeModeStatus, name='SafeModeStatus'}
2019-10-02 17:21:24,303 [main] INFO  ipc.CallQueueManager (CallQueueManager.java:<init>(84)) - Using callQueue: class java.util.concurrent.LinkedBlockingQueue, queueCapacity: 2000, scheduler: class org.apache.hadoop.ipc.DefaultRpcScheduler, ipcBackoff: false.
2019-10-02 17:21:24,304 [Socket Reader #1 for port 37176] INFO  ipc.Server (Server.java:run(1074)) - Starting Socket Reader #1 for port 37176
2019-10-02 17:21:24,306 [main] INFO  ipc.CallQueueManager (CallQueueManager.java:<init>(84)) - Using callQueue: class java.util.concurrent.LinkedBlockingQueue, queueCapacity: 2000, scheduler: class org.apache.hadoop.ipc.DefaultRpcScheduler, ipcBackoff: false.
2019-10-02 17:21:24,306 [Socket Reader #1 for port 39918] INFO  ipc.Server (Server.java:run(1074)) - Starting Socket Reader #1 for port 39918
2019-10-02 17:21:24,308 [main] INFO  ipc.CallQueueManager (CallQueueManager.java:<init>(84)) - Using callQueue: class java.util.concurrent.LinkedBlockingQueue, queueCapacity: 2000, scheduler: class org.apache.hadoop.ipc.DefaultRpcScheduler, ipcBackoff: false.
2019-10-02 17:21:24,308 [Socket Reader #1 for port 35788] INFO  ipc.Server (Server.java:run(1074)) - Starting Socket Reader #1 for port 35788
2019-10-02 17:21:24,311 [main] INFO  hdfs.DFSUtil (DFSUtil.java:httpServerTemplateForNNAndJN(1641)) - Starting Web-server for scm at: http://0.0.0.0:0
2019-10-02 17:21:24,313 [main] INFO  server.AuthenticationFilter (AuthenticationFilter.java:constructSecretProvider(240)) - Unable to initialize FileSignerSecretProvider, falling back to use random secrets.
2019-10-02 17:21:24,314 [main] WARN  http.HttpRequestLog (HttpRequestLog.java:getRequestLog(97)) - Jetty request log can only be enabled using Log4j
2019-10-02 17:21:24,315 [main] INFO  http.HttpServer2 (HttpServer2.java:addGlobalFilter(975)) - Added global filter 'safety' (class=org.apache.hadoop.http.HttpServer2$QuotingInputFilter)
2019-10-02 17:21:24,316 [main] INFO  http.HttpServer2 (HttpServer2.java:addFilter(948)) - Added filter static_user_filter (class=org.apache.hadoop.http.lib.StaticUserWebFilter$StaticUserFilter) to context scm
2019-10-02 17:21:24,316 [main] INFO  http.HttpServer2 (HttpServer2.java:addFilter(958)) - Added filter static_user_filter (class=org.apache.hadoop.http.lib.StaticUserWebFilter$StaticUserFilter) to context logs
2019-10-02 17:21:24,316 [main] INFO  http.HttpServer2 (HttpServer2.java:addFilter(958)) - Added filter static_user_filter (class=org.apache.hadoop.http.lib.StaticUserWebFilter$StaticUserFilter) to context static
2019-10-02 17:21:24,318 [main] INFO  server.StorageContainerManager (StorageContainerManager.java:start(770)) - StorageContainerLocationProtocol RPC server is listening at /0.0.0.0:35788
2019-10-02 17:21:24,321 [main] WARN  impl.MetricsConfig (MetricsConfig.java:loadFirst(134)) - Cannot locate configuration: tried hadoop-metrics2-storagecontainermanager.properties,hadoop-metrics2.properties
2019-10-02 17:21:24,321 [main] INFO  impl.MetricsSystemImpl (MetricsSystemImpl.java:startTimer(374)) - Scheduled Metric snapshot period at 10 second(s).
2019-10-02 17:21:24,322 [main] INFO  impl.MetricsSystemImpl (MetricsSystemImpl.java:start(191)) - StorageContainerManager metrics system started
2019-10-02 17:21:24,387 [main] WARN  impl.MetricsSystemImpl (MetricsSystemImpl.java:register(276)) - Sink prometheus already exists!
2019-10-02 17:21:24,469 [main] INFO  server.SCMClientProtocolServer (SCMClientProtocolServer.java:start(150)) - RPC server for Client  is listening at /0.0.0.0:35788
2019-10-02 17:21:24,470 [IPC Server Responder] INFO  ipc.Server (Server.java:run(1314)) - IPC Server Responder: starting
2019-10-02 17:21:24,470 [IPC Server listener on 35788] INFO  ipc.Server (Server.java:run(1153)) - IPC Server listener on 35788: starting
2019-10-02 17:21:24,473 [main] INFO  server.StorageContainerManager (StorageContainerManager.java:start(780)) - ScmBlockLocationProtocol RPC server is listening at /0.0.0.0:39918
2019-10-02 17:21:24,473 [main] INFO  server.SCMBlockProtocolServer (SCMBlockProtocolServer.java:start(146)) - RPC server for Block Protocol is listening at /0.0.0.0:39918
2019-10-02 17:21:24,474 [IPC Server Responder] INFO  ipc.Server (Server.java:run(1314)) - IPC Server Responder: starting
2019-10-02 17:21:24,474 [IPC Server listener on 39918] INFO  ipc.Server (Server.java:run(1153)) - IPC Server listener on 39918: starting
2019-10-02 17:21:24,478 [main] INFO  server.StorageContainerManager (StorageContainerManager.java:start(784)) - ScmDatanodeProtocl RPC server is listening at /0.0.0.0:37176
2019-10-02 17:21:24,478 [main] INFO  server.SCMDatanodeProtocolServer (SCMDatanodeProtocolServer.java:start(191)) - RPC server for DataNodes is listening at /0.0.0.0:37176
2019-10-02 17:21:24,479 [IPC Server Responder] INFO  ipc.Server (Server.java:run(1314)) - IPC Server Responder: starting
2019-10-02 17:21:24,479 [IPC Server listener on 37176] INFO  ipc.Server (Server.java:run(1153)) - IPC Server listener on 37176: starting
2019-10-02 17:21:24,481 [main] INFO  http.HttpServer2 (HttpServer2.java:bindListener(1191)) - Jetty bound to port 46230
2019-10-02 17:21:24,481 [main] INFO  server.Server (Server.java:doStart(351)) - jetty-9.3.25.v20180904, build timestamp: 2018-09-04T21:11:46Z, git hash: 3ce520221d0240229c862b122d2b06c12a625732
2019-10-02 17:21:24,483 [main] INFO  handler.ContextHandler (ContextHandler.java:doStart(781)) - Started o.e.j.s.ServletContextHandler@29962b2f{/logs,file:///workdir/hadoop-ozone/integration-test/target/log,AVAILABLE}
2019-10-02 17:21:24,483 [main] INFO  handler.ContextHandler (ContextHandler.java:doStart(781)) - Started o.e.j.s.ServletContextHandler@691541bc{/static,file:///workdir/hadoop-ozone/integration-test/target/test-classes/webapps/static,AVAILABLE}
2019-10-02 17:21:24,486 [main] INFO  handler.ContextHandler (ContextHandler.java:doStart(781)) - Started o.e.j.w.WebAppContext@8c43966{/,file:///workdir/hadoop-ozone/integration-test/target/test-classes/webapps/scm/,AVAILABLE}{/scm}
2019-10-02 17:21:24,487 [main] INFO  server.AbstractConnector (AbstractConnector.java:doStart(278)) - Started ServerConnector@1efac5b9{HTTP/1.1,[http/1.1]}{0.0.0.0:46230}
2019-10-02 17:21:24,488 [main] INFO  server.Server (Server.java:doStart(419)) - Started @229235ms
2019-10-02 17:21:24,488 [main] WARN  impl.MetricsSystemImpl (MetricsSystemImpl.java:register(276)) - Sink prometheus already exists!
2019-10-02 17:21:24,490 [main] INFO  server.BaseHttpServer (BaseHttpServer.java:updateConnectorAddress(215)) - HTTP server of SCM is listening at http://0.0.0.0:46230
2019-10-02 17:21:24,490 [main] WARN  server.ServerUtils (ServerUtils.java:getDBPath(222)) - ozone.om.db.dirs is not configured. We recommend adding this setting. Falling back to ozone.metadata.dirs instead.
2019-10-02 17:21:24,491 [org.apache.hadoop.util.JvmPauseMonitor$Monitor@69796bd0] INFO  util.JvmPauseMonitor (JvmPauseMonitor.java:run(188)) - Starting JVM pause monitor
2019-10-02 17:21:24,513 [main] WARN  server.ServerUtils (ServerUtils.java:getDBPath(222)) - ozone.om.db.dirs is not configured. We recommend adding this setting. Falling back to ozone.metadata.dirs instead.
2019-10-02 17:21:24,514 [main] WARN  server.ServerUtils (ServerUtils.java:getDBPath(222)) - ozone.om.db.dirs is not configured. We recommend adding this setting. Falling back to ozone.metadata.dirs instead.
2019-10-02 17:21:24,514 [main] INFO  om.OzoneManager (OzoneManager.java:setOMNodeDetails(652)) - OM Service ID is not set. Setting it to the default ID: omServiceIdDefault
2019-10-02 17:21:24,514 [main] INFO  om.OzoneManager (OzoneManager.java:setOMNodeDetails(658)) - OM Node ID is not set. Setting it to the OmStorage's OmID: 2a18dcf8-eacd-46e3-9361-0fc91e30e5db
2019-10-02 17:21:24,514 [main] INFO  om.OzoneManager (OzoneManager.java:loadOMHAConfigs(609)) - Found matching OM address with OMServiceId: null, OMNodeId: null, RPC Address: localhost:0 and Ratis port: 9872
2019-10-02 17:21:24,521 [main] WARN  server.ServerUtils (ServerUtils.java:getDBPath(222)) - ozone.om.db.dirs is not configured. We recommend adding this setting. Falling back to ozone.metadata.dirs instead.
2019-10-02 17:21:24,521 [main] INFO  db.DBStoreBuilder (DBStoreBuilder.java:addTable(110)) - using custom profile for table: userTable
2019-10-02 17:21:24,521 [main] INFO  db.DBStoreBuilder (DBStoreBuilder.java:processTables(161)) - Using default column profile:DBProfile.DISK for Table:userTable
2019-10-02 17:21:24,521 [main] INFO  db.DBStoreBuilder (DBStoreBuilder.java:addTable(110)) - using custom profile for table: volumeTable
2019-10-02 17:21:24,521 [main] INFO  db.DBStoreBuilder (DBStoreBuilder.java:processTables(161)) - Using default column profile:DBProfile.DISK for Table:volumeTable
2019-10-02 17:21:24,522 [main] INFO  db.DBStoreBuilder (DBStoreBuilder.java:addTable(110)) - using custom profile for table: bucketTable
2019-10-02 17:21:24,522 [main] INFO  db.DBStoreBuilder (DBStoreBuilder.java:processTables(161)) - Using default column profile:DBProfile.DISK for Table:bucketTable
2019-10-02 17:21:24,522 [main] INFO  db.DBStoreBuilder (DBStoreBuilder.java:addTable(110)) - using custom profile for table: keyTable
2019-10-02 17:21:24,522 [main] INFO  db.DBStoreBuilder (DBStoreBuilder.java:processTables(161)) - Using default column profile:DBProfile.DISK for Table:keyTable
2019-10-02 17:21:24,522 [main] INFO  db.DBStoreBuilder (DBStoreBuilder.java:addTable(110)) - using custom profile for table: deletedTable
2019-10-02 17:21:24,522 [main] INFO  db.DBStoreBuilder (DBStoreBuilder.java:processTables(161)) - Using default column profile:DBProfile.DISK for Table:deletedTable
2019-10-02 17:21:24,523 [main] INFO  db.DBStoreBuilder (DBStoreBuilder.java:addTable(110)) - using custom profile for table: openKeyTable
2019-10-02 17:21:24,523 [main] INFO  db.DBStoreBuilder (DBStoreBuilder.java:processTables(161)) - Using default column profile:DBProfile.DISK for Table:openKeyTable
2019-10-02 17:21:24,523 [main] INFO  db.DBStoreBuilder (DBStoreBuilder.java:addTable(110)) - using custom profile for table: s3Table
2019-10-02 17:21:24,523 [main] INFO  db.DBStoreBuilder (DBStoreBuilder.java:processTables(161)) - Using default column profile:DBProfile.DISK for Table:s3Table
2019-10-02 17:21:24,523 [main] INFO  db.DBStoreBuilder (DBStoreBuilder.java:addTable(110)) - using custom profile for table: multipartInfoTable
2019-10-02 17:21:24,523 [main] INFO  db.DBStoreBuilder (DBStoreBuilder.java:processTables(161)) - Using default column profile:DBProfile.DISK for Table:multipartInfoTable
2019-10-02 17:21:24,523 [main] INFO  db.DBStoreBuilder (DBStoreBuilder.java:addTable(110)) - using custom profile for table: dTokenTable
2019-10-02 17:21:24,524 [main] INFO  db.DBStoreBuilder (DBStoreBuilder.java:processTables(161)) - Using default column profile:DBProfile.DISK for Table:dTokenTable
2019-10-02 17:21:24,524 [main] INFO  db.DBStoreBuilder (DBStoreBuilder.java:addTable(110)) - using custom profile for table: s3SecretTable
2019-10-02 17:21:24,524 [main] INFO  db.DBStoreBuilder (DBStoreBuilder.java:processTables(161)) - Using default column profile:DBProfile.DISK for Table:s3SecretTable
2019-10-02 17:21:24,524 [main] INFO  db.DBStoreBuilder (DBStoreBuilder.java:addTable(110)) - using custom profile for table: prefixTable
2019-10-02 17:21:24,524 [main] INFO  db.DBStoreBuilder (DBStoreBuilder.java:processTables(161)) - Using default column profile:DBProfile.DISK for Table:prefixTable
2019-10-02 17:21:24,524 [main] INFO  db.DBStoreBuilder (DBStoreBuilder.java:addTable(110)) - using custom profile for table: default
2019-10-02 17:21:24,525 [main] INFO  db.DBStoreBuilder (DBStoreBuilder.java:processTables(167)) - Using default column profile:DBProfile.DISK for Table:default
2019-10-02 17:21:24,525 [main] INFO  db.DBStoreBuilder (DBStoreBuilder.java:getDbProfile(198)) - Using default options. DBProfile.DISK
2019-10-02 17:21:24,998 [main] INFO  ipc.CallQueueManager (CallQueueManager.java:<init>(84)) - Using callQueue: class java.util.concurrent.LinkedBlockingQueue, queueCapacity: 2000, scheduler: class org.apache.hadoop.ipc.DefaultRpcScheduler, ipcBackoff: false.
2019-10-02 17:21:24,999 [Socket Reader #1 for port 42710] INFO  ipc.Server (Server.java:run(1074)) - Starting Socket Reader #1 for port 42710
2019-10-02 17:21:25,014 [main] INFO  om.OzoneManager (OzoneManager.java:start(1243)) - OzoneManager RPC server is listening at localhost/127.0.0.1:42710
2019-10-02 17:21:25,015 [main] INFO  impl.MetricsSystemImpl (MetricsSystemImpl.java:init(158)) - OzoneManager metrics system started (again)
2019-10-02 17:21:25,015 [IPC Server Responder] INFO  ipc.Server (Server.java:run(1314)) - IPC Server Responder: starting
2019-10-02 17:21:25,017 [IPC Server listener on 42710] INFO  ipc.Server (Server.java:run(1153)) - IPC Server listener on 42710: starting
2019-10-02 17:21:25,022 [main] INFO  hdfs.DFSUtil (DFSUtil.java:httpServerTemplateForNNAndJN(1641)) - Starting Web-server for ozoneManager at: http://0.0.0.0:0
2019-10-02 17:21:25,024 [main] INFO  server.AuthenticationFilter (AuthenticationFilter.java:constructSecretProvider(240)) - Unable to initialize FileSignerSecretProvider, falling back to use random secrets.
2019-10-02 17:21:25,024 [main] WARN  http.HttpRequestLog (HttpRequestLog.java:getRequestLog(97)) - Jetty request log can only be enabled using Log4j
2019-10-02 17:21:25,026 [main] INFO  http.HttpServer2 (HttpServer2.java:addGlobalFilter(975)) - Added global filter 'safety' (class=org.apache.hadoop.http.HttpServer2$QuotingInputFilter)
2019-10-02 17:21:25,027 [main] INFO  http.HttpServer2 (HttpServer2.java:addFilter(948)) - Added filter static_user_filter (class=org.apache.hadoop.http.lib.StaticUserWebFilter$StaticUserFilter) to context ozoneManager
2019-10-02 17:21:25,027 [main] INFO  http.HttpServer2 (HttpServer2.java:addFilter(958)) - Added filter static_user_filter (class=org.apache.hadoop.http.lib.StaticUserWebFilter$StaticUserFilter) to context static
2019-10-02 17:21:25,028 [main] INFO  http.HttpServer2 (HttpServer2.java:addFilter(958)) - Added filter static_user_filter (class=org.apache.hadoop.http.lib.StaticUserWebFilter$StaticUserFilter) to context logs
2019-10-02 17:21:25,029 [main] INFO  http.HttpServer2 (HttpServer2.java:bindListener(1191)) - Jetty bound to port 43387
2019-10-02 17:21:25,029 [main] INFO  server.Server (Server.java:doStart(351)) - jetty-9.3.25.v20180904, build timestamp: 2018-09-04T21:11:46Z, git hash: 3ce520221d0240229c862b122d2b06c12a625732
2019-10-02 17:21:25,031 [main] INFO  handler.ContextHandler (ContextHandler.java:doStart(781)) - Started o.e.j.s.ServletContextHandler@370c9018{/logs,file:///workdir/hadoop-ozone/integration-test/target/log,AVAILABLE}
2019-10-02 17:21:25,031 [main] INFO  handler.ContextHandler (ContextHandler.java:doStart(781)) - Started o.e.j.s.ServletContextHandler@111c229c{/static,file:///workdir/hadoop-ozone/integration-test/target/test-classes/webapps/static,AVAILABLE}
2019-10-02 17:21:25,042 [main] INFO  handler.ContextHandler (ContextHandler.java:doStart(781)) - Started o.e.j.w.WebAppContext@6986f93e{/,file:///workdir/hadoop-ozone/integration-test/target/test-classes/webapps/ozoneManager/,AVAILABLE}{/ozoneManager}
2019-10-02 17:21:25,043 [main] INFO  server.AbstractConnector (AbstractConnector.java:doStart(278)) - Started ServerConnector@6bce313{HTTP/1.1,[http/1.1]}{0.0.0.0:43387}
2019-10-02 17:21:25,044 [main] INFO  server.Server (Server.java:doStart(419)) - Started @229791ms
2019-10-02 17:21:25,045 [main] WARN  impl.MetricsSystemImpl (MetricsSystemImpl.java:register(276)) - Sink prometheus already exists!
2019-10-02 17:21:25,045 [main] INFO  server.BaseHttpServer (BaseHttpServer.java:updateConnectorAddress(215)) - HTTP server of OZONEMANAGER is listening at http://0.0.0.0:43387
2019-10-02 17:21:25,062 [main] INFO  impl.MetricsSystemImpl (MetricsSystemImpl.java:init(158)) - HddsDatanode metrics system started (again)
2019-10-02 17:21:25,065 [main] INFO  ozone.HddsDatanodeService (HddsDatanodeService.java:start(184)) - HddsDatanodeService host:pr-hdds-2216-szf6q-3723478472 ip:192.168.164.207
2019-10-02 17:21:25,071 [main] INFO  volume.HddsVolume (HddsVolume.java:<init>(176)) - Creating Volume: /workdir/hadoop-ozone/integration-test/target/test-dir/MiniOzoneClusterImpl-3c312c24-477b-403f-b698-3daa0d845912/datanode-0/data/containers/hdds of  storage type : DISK and capacity : 1482555576320
2019-10-02 17:21:25,072 [main] INFO  volume.VolumeSet (VolumeSet.java:initializeVolumeSet(170)) - Added Volume : /workdir/hadoop-ozone/integration-test/target/test-dir/MiniOzoneClusterImpl-3c312c24-477b-403f-b698-3daa0d845912/datanode-0/data/containers/hdds to VolumeSet
2019-10-02 17:21:25,072 [main] INFO  volume.ThrottledAsyncChecker (ThrottledAsyncChecker.java:schedule(139)) - Scheduling a check for org.apache.hadoop.ozone.container.common.volume.HddsVolume@3e4d40ea
2019-10-02 17:21:25,073 [main] INFO  volume.HddsVolumeChecker (HddsVolumeChecker.java:checkAllVolumes(202)) - Scheduled health check for volume org.apache.hadoop.ozone.container.common.volume.HddsVolume@3e4d40ea
2019-10-02 17:21:25,087 [main] INFO  impl.RaftServerProxy (ConfUtils.java:logGet(43)) - raft.rpc.type = GRPC (default)
2019-10-02 17:21:25,088 [main] INFO  grpc.GrpcFactory (GrpcFactory.java:checkPooledByteBufAllocatorUseCacheForAllThreads(45)) - PERFORMANCE WARNING: useCacheForAllThreads is true that may cause Netty to create a lot garbage objects and, as a result, trigger GC.
	It is recommended to disable useCacheForAllThreads by setting -Dorg.apache.ratis.thirdparty.io.netty.allocator.useCacheForAllThreads=false in command line.
2019-10-02 17:21:25,088 [main] INFO  grpc.GrpcConfigKeys$Server (ConfUtils.java:logGet(43)) - raft.grpc.server.port = 0 (default)
2019-10-02 17:21:25,088 [main] INFO  server.GrpcService (ConfUtils.java:logGet(43)) - raft.grpc.message.size.max = 33570816 (custom)
2019-10-02 17:21:25,088 [main] INFO  server.RaftServerConfigKeys (ConfUtils.java:logGet(43)) - raft.server.log.appender.buffer.byte-limit = 33554432 (custom)
2019-10-02 17:21:25,089 [main] INFO  server.GrpcService (ConfUtils.java:logGet(43)) - raft.grpc.flow.control.window = 1MB (=1048576) (default)
2019-10-02 17:21:25,089 [main] INFO  server.RaftServerConfigKeys (ConfUtils.java:logGet(43)) - raft.server.rpc.request.timeout = 3000ms (default)
2019-10-02 17:21:25,089 [main] INFO  server.RaftServerConfigKeys (ConfUtils.java:logGet(43)) - raft.server.storage.dir = [/workdir/hadoop-ozone/integration-test/target/test-dir/MiniOzoneClusterImpl-3c312c24-477b-403f-b698-3daa0d845912/datanode-0/data/ratis] (custom)
2019-10-02 17:21:25,091 [main] INFO  hdfs.DFSUtil (DFSUtil.java:httpServerTemplateForNNAndJN(1641)) - Starting Web-server for hddsDatanode at: http://0.0.0.0:0
2019-10-02 17:21:25,092 [main] INFO  server.AuthenticationFilter (AuthenticationFilter.java:constructSecretProvider(240)) - Unable to initialize FileSignerSecretProvider, falling back to use random secrets.
2019-10-02 17:21:25,092 [main] WARN  http.HttpRequestLog (HttpRequestLog.java:getRequestLog(97)) - Jetty request log can only be enabled using Log4j
2019-10-02 17:21:25,093 [main] INFO  http.HttpServer2 (HttpServer2.java:addGlobalFilter(975)) - Added global filter 'safety' (class=org.apache.hadoop.http.HttpServer2$QuotingInputFilter)
2019-10-02 17:21:25,094 [main] INFO  http.HttpServer2 (HttpServer2.java:addFilter(948)) - Added filter static_user_filter (class=org.apache.hadoop.http.lib.StaticUserWebFilter$StaticUserFilter) to context hddsDatanode
2019-10-02 17:21:25,094 [main] INFO  http.HttpServer2 (HttpServer2.java:addFilter(958)) - Added filter static_user_filter (class=org.apache.hadoop.http.lib.StaticUserWebFilter$StaticUserFilter) to context logs
2019-10-02 17:21:25,094 [main] INFO  http.HttpServer2 (HttpServer2.java:addFilter(958)) - Added filter static_user_filter (class=org.apache.hadoop.http.lib.StaticUserWebFilter$StaticUserFilter) to context static
2019-10-02 17:21:25,095 [main] INFO  http.HttpServer2 (HttpServer2.java:bindListener(1191)) - Jetty bound to port 37080
2019-10-02 17:21:25,095 [main] INFO  server.Server (Server.java:doStart(351)) - jetty-9.3.25.v20180904, build timestamp: 2018-09-04T21:11:46Z, git hash: 3ce520221d0240229c862b122d2b06c12a625732
2019-10-02 17:21:25,097 [main] INFO  handler.ContextHandler (ContextHandler.java:doStart(781)) - Started o.e.j.s.ServletContextHandler@51ba952e{/logs,file:///workdir/hadoop-ozone/integration-test/target/log,AVAILABLE}
2019-10-02 17:21:25,097 [main] INFO  handler.ContextHandler (ContextHandler.java:doStart(781)) - Started o.e.j.s.ServletContextHandler@6d5f4900{/static,jar:file:/home/user/.m2/repository/org/apache/hadoop/hadoop-hdds-container-service/0.5.0-SNAPSHOT/hadoop-hdds-container-service-0.5.0-SNAPSHOT.jar!/webapps/static,AVAILABLE}
2019-10-02 17:21:25,126 [main] INFO  handler.ContextHandler (ContextHandler.java:doStart(781)) - Started o.e.j.w.WebAppContext@1118d539{/,file:///tmp/jetty-0.0.0.0-37080-hddsDatanode-_-any-863206135113278937.dir/webapp/,AVAILABLE}{/hddsDatanode}
2019-10-02 17:21:25,127 [main] INFO  server.AbstractConnector (AbstractConnector.java:doStart(278)) - Started ServerConnector@601d6622{HTTP/1.1,[http/1.1]}{0.0.0.0:37080}
2019-10-02 17:21:25,128 [main] INFO  server.Server (Server.java:doStart(419)) - Started @229875ms
2019-10-02 17:21:25,128 [main] WARN  impl.MetricsSystemImpl (MetricsSystemImpl.java:register(276)) - Sink prometheus already exists!
2019-10-02 17:21:25,129 [main] INFO  server.BaseHttpServer (BaseHttpServer.java:updateConnectorAddress(215)) - HTTP server of HDDSDATANODE is listening at http://0.0.0.0:37080
2019-10-02 17:21:25,129 [main] INFO  impl.MetricsSystemImpl (MetricsSystemImpl.java:init(158)) - HddsDatanode metrics system started (again)
2019-10-02 17:21:25,132 [org.apache.hadoop.util.JvmPauseMonitor$Monitor@464a770c] INFO  util.JvmPauseMonitor (JvmPauseMonitor.java:run(188)) - Starting JVM pause monitor
2019-10-02 17:21:25,132 [main] INFO  ozone.HddsDatanodeService (HddsDatanodeService.java:start(184)) - HddsDatanodeService host:pr-hdds-2216-szf6q-3723478472 ip:192.168.164.207
2019-10-02 17:21:25,133 [Datanode State Machine Thread - 0] INFO  datanode.InitDatanodeState (InitDatanodeState.java:persistContainerDatanodeDetails(140)) - DatanodeDetails is persisted to /workdir/hadoop-ozone/integration-test/target/test-dir/MiniOzoneClusterImpl-3c312c24-477b-403f-b698-3daa0d845912/datanode-0/meta/datanode.id
2019-10-02 17:21:25,137 [main] INFO  volume.HddsVolume (HddsVolume.java:<init>(176)) - Creating Volume: /workdir/hadoop-ozone/integration-test/target/test-dir/MiniOzoneClusterImpl-3c312c24-477b-403f-b698-3daa0d845912/datanode-1/data/containers/hdds of  storage type : DISK and capacity : 1482555576320
2019-10-02 17:21:25,137 [main] INFO  volume.VolumeSet (VolumeSet.java:initializeVolumeSet(170)) - Added Volume : /workdir/hadoop-ozone/integration-test/target/test-dir/MiniOzoneClusterImpl-3c312c24-477b-403f-b698-3daa0d845912/datanode-1/data/containers/hdds to VolumeSet
2019-10-02 17:21:25,137 [main] INFO  volume.ThrottledAsyncChecker (ThrottledAsyncChecker.java:schedule(139)) - Scheduling a check for org.apache.hadoop.ozone.container.common.volume.HddsVolume@1f916219
2019-10-02 17:21:25,138 [main] INFO  volume.HddsVolumeChecker (HddsVolumeChecker.java:checkAllVolumes(202)) - Scheduled health check for volume org.apache.hadoop.ozone.container.common.volume.HddsVolume@1f916219
2019-10-02 17:21:25,148 [main] INFO  impl.RaftServerProxy (ConfUtils.java:logGet(43)) - raft.rpc.type = GRPC (default)
2019-10-02 17:21:25,149 [main] INFO  grpc.GrpcFactory (GrpcFactory.java:checkPooledByteBufAllocatorUseCacheForAllThreads(45)) - PERFORMANCE WARNING: useCacheForAllThreads is true that may cause Netty to create a lot garbage objects and, as a result, trigger GC.
	It is recommended to disable useCacheForAllThreads by setting -Dorg.apache.ratis.thirdparty.io.netty.allocator.useCacheForAllThreads=false in command line.
2019-10-02 17:21:25,149 [main] INFO  grpc.GrpcConfigKeys$Server (ConfUtils.java:logGet(43)) - raft.grpc.server.port = 0 (default)
2019-10-02 17:21:25,149 [main] INFO  server.GrpcService (ConfUtils.java:logGet(43)) - raft.grpc.message.size.max = 33570816 (custom)
2019-10-02 17:21:25,149 [main] INFO  server.RaftServerConfigKeys (ConfUtils.java:logGet(43)) - raft.server.log.appender.buffer.byte-limit = 33554432 (custom)
2019-10-02 17:21:25,149 [main] INFO  server.GrpcService (ConfUtils.java:logGet(43)) - raft.grpc.flow.control.window = 1MB (=1048576) (default)
2019-10-02 17:21:25,149 [main] INFO  server.RaftServerConfigKeys (ConfUtils.java:logGet(43)) - raft.server.rpc.request.timeout = 3000ms (default)
2019-10-02 17:21:25,150 [main] INFO  server.RaftServerConfigKeys (ConfUtils.java:logGet(43)) - raft.server.storage.dir = [/workdir/hadoop-ozone/integration-test/target/test-dir/MiniOzoneClusterImpl-3c312c24-477b-403f-b698-3daa0d845912/datanode-1/data/ratis] (custom)
2019-10-02 17:21:25,151 [main] INFO  hdfs.DFSUtil (DFSUtil.java:httpServerTemplateForNNAndJN(1641)) - Starting Web-server for hddsDatanode at: http://0.0.0.0:0
2019-10-02 17:21:25,152 [main] INFO  server.AuthenticationFilter (AuthenticationFilter.java:constructSecretProvider(240)) - Unable to initialize FileSignerSecretProvider, falling back to use random secrets.
2019-10-02 17:21:25,152 [main] WARN  http.HttpRequestLog (HttpRequestLog.java:getRequestLog(97)) - Jetty request log can only be enabled using Log4j
2019-10-02 17:21:25,153 [main] INFO  http.HttpServer2 (HttpServer2.java:addGlobalFilter(975)) - Added global filter 'safety' (class=org.apache.hadoop.http.HttpServer2$QuotingInputFilter)
2019-10-02 17:21:25,153 [main] INFO  http.HttpServer2 (HttpServer2.java:addFilter(948)) - Added filter static_user_filter (class=org.apache.hadoop.http.lib.StaticUserWebFilter$StaticUserFilter) to context hddsDatanode
2019-10-02 17:21:25,154 [main] INFO  http.HttpServer2 (HttpServer2.java:addFilter(958)) - Added filter static_user_filter (class=org.apache.hadoop.http.lib.StaticUserWebFilter$StaticUserFilter) to context static
2019-10-02 17:21:25,154 [main] INFO  http.HttpServer2 (HttpServer2.java:addFilter(958)) - Added filter static_user_filter (class=org.apache.hadoop.http.lib.StaticUserWebFilter$StaticUserFilter) to context logs
2019-10-02 17:21:25,154 [main] INFO  http.HttpServer2 (HttpServer2.java:bindListener(1191)) - Jetty bound to port 46220
2019-10-02 17:21:25,154 [main] INFO  server.Server (Server.java:doStart(351)) - jetty-9.3.25.v20180904, build timestamp: 2018-09-04T21:11:46Z, git hash: 3ce520221d0240229c862b122d2b06c12a625732
2019-10-02 17:21:25,156 [main] INFO  handler.ContextHandler (ContextHandler.java:doStart(781)) - Started o.e.j.s.ServletContextHandler@5968800d{/logs,file:///workdir/hadoop-ozone/integration-test/target/log,AVAILABLE}
2019-10-02 17:21:25,156 [main] INFO  handler.ContextHandler (ContextHandler.java:doStart(781)) - Started o.e.j.s.ServletContextHandler@b1b471{/static,jar:file:/home/user/.m2/repository/org/apache/hadoop/hadoop-hdds-container-service/0.5.0-SNAPSHOT/hadoop-hdds-container-service-0.5.0-SNAPSHOT.jar!/webapps/static,AVAILABLE}
2019-10-02 17:21:25,182 [main] INFO  handler.ContextHandler (ContextHandler.java:doStart(781)) - Started o.e.j.w.WebAppContext@7ccd611e{/,file:///tmp/jetty-0.0.0.0-46220-hddsDatanode-_-any-7126997859094304318.dir/webapp/,AVAILABLE}{/hddsDatanode}
2019-10-02 17:21:25,183 [main] INFO  server.AbstractConnector (AbstractConnector.java:doStart(278)) - Started ServerConnector@4dc52559{HTTP/1.1,[http/1.1]}{0.0.0.0:46220}
2019-10-02 17:21:25,184 [main] INFO  server.Server (Server.java:doStart(419)) - Started @229931ms
2019-10-02 17:21:25,184 [main] WARN  impl.MetricsSystemImpl (MetricsSystemImpl.java:register(276)) - Sink prometheus already exists!
2019-10-02 17:21:25,185 [main] INFO  server.BaseHttpServer (BaseHttpServer.java:updateConnectorAddress(215)) - HTTP server of HDDSDATANODE is listening at http://0.0.0.0:46220
2019-10-02 17:21:25,185 [main] INFO  impl.MetricsSystemImpl (MetricsSystemImpl.java:init(158)) - HddsDatanode metrics system started (again)
2019-10-02 17:21:25,188 [org.apache.hadoop.util.JvmPauseMonitor$Monitor@4a930d46] INFO  util.JvmPauseMonitor (JvmPauseMonitor.java:run(188)) - Starting JVM pause monitor
2019-10-02 17:21:25,189 [main] INFO  ozone.HddsDatanodeService (HddsDatanodeService.java:start(184)) - HddsDatanodeService host:pr-hdds-2216-szf6q-3723478472 ip:192.168.164.207
2019-10-02 17:21:25,189 [Datanode State Machine Thread - 0] INFO  datanode.InitDatanodeState (InitDatanodeState.java:persistContainerDatanodeDetails(140)) - DatanodeDetails is persisted to /workdir/hadoop-ozone/integration-test/target/test-dir/MiniOzoneClusterImpl-3c312c24-477b-403f-b698-3daa0d845912/datanode-1/meta/datanode.id
2019-10-02 17:21:25,194 [main] INFO  volume.HddsVolume (HddsVolume.java:<init>(176)) - Creating Volume: /workdir/hadoop-ozone/integration-test/target/test-dir/MiniOzoneClusterImpl-3c312c24-477b-403f-b698-3daa0d845912/datanode-2/data/containers/hdds of  storage type : DISK and capacity : 1482555576320
2019-10-02 17:21:25,194 [main] INFO  volume.VolumeSet (VolumeSet.java:initializeVolumeSet(170)) - Added Volume : /workdir/hadoop-ozone/integration-test/target/test-dir/MiniOzoneClusterImpl-3c312c24-477b-403f-b698-3daa0d845912/datanode-2/data/containers/hdds to VolumeSet
2019-10-02 17:21:25,194 [main] INFO  volume.ThrottledAsyncChecker (ThrottledAsyncChecker.java:schedule(139)) - Scheduling a check for org.apache.hadoop.ozone.container.common.volume.HddsVolume@22a6d75c
2019-10-02 17:21:25,195 [main] INFO  volume.HddsVolumeChecker (HddsVolumeChecker.java:checkAllVolumes(202)) - Scheduled health check for volume org.apache.hadoop.ozone.container.common.volume.HddsVolume@22a6d75c
2019-10-02 17:21:25,207 [main] INFO  impl.RaftServerProxy (ConfUtils.java:logGet(43)) - raft.rpc.type = GRPC (default)
2019-10-02 17:21:25,208 [main] INFO  grpc.GrpcFactory (GrpcFactory.java:checkPooledByteBufAllocatorUseCacheForAllThreads(45)) - PERFORMANCE WARNING: useCacheForAllThreads is true that may cause Netty to create a lot garbage objects and, as a result, trigger GC.
	It is recommended to disable useCacheForAllThreads by setting -Dorg.apache.ratis.thirdparty.io.netty.allocator.useCacheForAllThreads=false in command line.
2019-10-02 17:21:25,208 [main] INFO  grpc.GrpcConfigKeys$Server (ConfUtils.java:logGet(43)) - raft.grpc.server.port = 0 (default)
2019-10-02 17:21:25,208 [main] INFO  server.GrpcService (ConfUtils.java:logGet(43)) - raft.grpc.message.size.max = 33570816 (custom)
2019-10-02 17:21:25,208 [main] INFO  server.RaftServerConfigKeys (ConfUtils.java:logGet(43)) - raft.server.log.appender.buffer.byte-limit = 33554432 (custom)
2019-10-02 17:21:25,208 [main] INFO  server.GrpcService (ConfUtils.java:logGet(43)) - raft.grpc.flow.control.window = 1MB (=1048576) (default)
2019-10-02 17:21:25,208 [main] INFO  server.RaftServerConfigKeys (ConfUtils.java:logGet(43)) - raft.server.rpc.request.timeout = 3000ms (default)
2019-10-02 17:21:25,209 [main] INFO  server.RaftServerConfigKeys (ConfUtils.java:logGet(43)) - raft.server.storage.dir = [/workdir/hadoop-ozone/integration-test/target/test-dir/MiniOzoneClusterImpl-3c312c24-477b-403f-b698-3daa0d845912/datanode-2/data/ratis] (custom)
2019-10-02 17:21:25,210 [main] INFO  hdfs.DFSUtil (DFSUtil.java:httpServerTemplateForNNAndJN(1641)) - Starting Web-server for hddsDatanode at: http://0.0.0.0:0
2019-10-02 17:21:25,211 [main] INFO  server.AuthenticationFilter (AuthenticationFilter.java:constructSecretProvider(240)) - Unable to initialize FileSignerSecretProvider, falling back to use random secrets.
2019-10-02 17:21:25,211 [main] WARN  http.HttpRequestLog (HttpRequestLog.java:getRequestLog(97)) - Jetty request log can only be enabled using Log4j
2019-10-02 17:21:25,212 [main] INFO  http.HttpServer2 (HttpServer2.java:addGlobalFilter(975)) - Added global filter 'safety' (class=org.apache.hadoop.http.HttpServer2$QuotingInputFilter)
2019-10-02 17:21:25,213 [main] INFO  http.HttpServer2 (HttpServer2.java:addFilter(948)) - Added filter static_user_filter (class=org.apache.hadoop.http.lib.StaticUserWebFilter$StaticUserFilter) to context hddsDatanode
2019-10-02 17:21:25,213 [main] INFO  http.HttpServer2 (HttpServer2.java:addFilter(958)) - Added filter static_user_filter (class=org.apache.hadoop.http.lib.StaticUserWebFilter$StaticUserFilter) to context logs
2019-10-02 17:21:25,213 [main] INFO  http.HttpServer2 (HttpServer2.java:addFilter(958)) - Added filter static_user_filter (class=org.apache.hadoop.http.lib.StaticUserWebFilter$StaticUserFilter) to context static
2019-10-02 17:21:25,214 [main] INFO  http.HttpServer2 (HttpServer2.java:bindListener(1191)) - Jetty bound to port 40943
2019-10-02 17:21:25,214 [main] INFO  server.Server (Server.java:doStart(351)) - jetty-9.3.25.v20180904, build timestamp: 2018-09-04T21:11:46Z, git hash: 3ce520221d0240229c862b122d2b06c12a625732
2019-10-02 17:21:25,215 [main] INFO  handler.ContextHandler (ContextHandler.java:doStart(781)) - Started o.e.j.s.ServletContextHandler@5cfed0ba{/logs,file:///workdir/hadoop-ozone/integration-test/target/log,AVAILABLE}
2019-10-02 17:21:25,215 [main] INFO  handler.ContextHandler (ContextHandler.java:doStart(781)) - Started o.e.j.s.ServletContextHandler@6a567f7b{/static,jar:file:/home/user/.m2/repository/org/apache/hadoop/hadoop-hdds-container-service/0.5.0-SNAPSHOT/hadoop-hdds-container-service-0.5.0-SNAPSHOT.jar!/webapps/static,AVAILABLE}
2019-10-02 17:21:25,244 [main] INFO  handler.ContextHandler (ContextHandler.java:doStart(781)) - Started o.e.j.w.WebAppContext@2dc39b53{/,file:///tmp/jetty-0.0.0.0-40943-hddsDatanode-_-any-8562624358392129544.dir/webapp/,AVAILABLE}{/hddsDatanode}
2019-10-02 17:21:25,245 [main] INFO  server.AbstractConnector (AbstractConnector.java:doStart(278)) - Started ServerConnector@45037e16{HTTP/1.1,[http/1.1]}{0.0.0.0:40943}
2019-10-02 17:21:25,246 [main] INFO  server.Server (Server.java:doStart(419)) - Started @229993ms
2019-10-02 17:21:25,247 [main] WARN  impl.MetricsSystemImpl (MetricsSystemImpl.java:register(276)) - Sink prometheus already exists!
2019-10-02 17:21:25,247 [main] INFO  server.BaseHttpServer (BaseHttpServer.java:updateConnectorAddress(215)) - HTTP server of HDDSDATANODE is listening at http://0.0.0.0:40943
2019-10-02 17:21:25,248 [main] INFO  impl.MetricsSystemImpl (MetricsSystemImpl.java:init(158)) - HddsDatanode metrics system started (again)
2019-10-02 17:21:25,251 [org.apache.hadoop.util.JvmPauseMonitor$Monitor@79d1a711] INFO  util.JvmPauseMonitor (JvmPauseMonitor.java:run(188)) - Starting JVM pause monitor
2019-10-02 17:21:25,252 [main] INFO  ozone.HddsDatanodeService (HddsDatanodeService.java:start(184)) - HddsDatanodeService host:pr-hdds-2216-szf6q-3723478472 ip:192.168.164.207
2019-10-02 17:21:25,252 [Datanode State Machine Thread - 0] INFO  datanode.InitDatanodeState (InitDatanodeState.java:persistContainerDatanodeDetails(140)) - DatanodeDetails is persisted to /workdir/hadoop-ozone/integration-test/target/test-dir/MiniOzoneClusterImpl-3c312c24-477b-403f-b698-3daa0d845912/datanode-2/meta/datanode.id
2019-10-02 17:21:25,257 [main] INFO  volume.HddsVolume (HddsVolume.java:<init>(176)) - Creating Volume: /workdir/hadoop-ozone/integration-test/target/test-dir/MiniOzoneClusterImpl-3c312c24-477b-403f-b698-3daa0d845912/datanode-3/data/containers/hdds of  storage type : DISK and capacity : 1482555576320
2019-10-02 17:21:25,258 [main] INFO  volume.VolumeSet (VolumeSet.java:initializeVolumeSet(170)) - Added Volume : /workdir/hadoop-ozone/integration-test/target/test-dir/MiniOzoneClusterImpl-3c312c24-477b-403f-b698-3daa0d845912/datanode-3/data/containers/hdds to VolumeSet
2019-10-02 17:21:25,258 [main] INFO  volume.ThrottledAsyncChecker (ThrottledAsyncChecker.java:schedule(139)) - Scheduling a check for org.apache.hadoop.ozone.container.common.volume.HddsVolume@33d28f0a
2019-10-02 17:21:25,258 [main] INFO  volume.HddsVolumeChecker (HddsVolumeChecker.java:checkAllVolumes(202)) - Scheduled health check for volume org.apache.hadoop.ozone.container.common.volume.HddsVolume@33d28f0a
2019-10-02 17:21:25,270 [main] INFO  impl.RaftServerProxy (ConfUtils.java:logGet(43)) - raft.rpc.type = GRPC (default)
2019-10-02 17:21:25,271 [main] INFO  grpc.GrpcFactory (GrpcFactory.java:checkPooledByteBufAllocatorUseCacheForAllThreads(45)) - PERFORMANCE WARNING: useCacheForAllThreads is true that may cause Netty to create a lot garbage objects and, as a result, trigger GC.
	It is recommended to disable useCacheForAllThreads by setting -Dorg.apache.ratis.thirdparty.io.netty.allocator.useCacheForAllThreads=false in command line.
2019-10-02 17:21:25,271 [main] INFO  grpc.GrpcConfigKeys$Server (ConfUtils.java:logGet(43)) - raft.grpc.server.port = 0 (default)
2019-10-02 17:21:25,271 [main] INFO  server.GrpcService (ConfUtils.java:logGet(43)) - raft.grpc.message.size.max = 33570816 (custom)
2019-10-02 17:21:25,271 [main] INFO  server.RaftServerConfigKeys (ConfUtils.java:logGet(43)) - raft.server.log.appender.buffer.byte-limit = 33554432 (custom)
2019-10-02 17:21:25,271 [main] INFO  server.GrpcService (ConfUtils.java:logGet(43)) - raft.grpc.flow.control.window = 1MB (=1048576) (default)
2019-10-02 17:21:25,272 [main] INFO  server.RaftServerConfigKeys (ConfUtils.java:logGet(43)) - raft.server.rpc.request.timeout = 3000ms (default)
2019-10-02 17:21:25,272 [main] INFO  server.RaftServerConfigKeys (ConfUtils.java:logGet(43)) - raft.server.storage.dir = [/workdir/hadoop-ozone/integration-test/target/test-dir/MiniOzoneClusterImpl-3c312c24-477b-403f-b698-3daa0d845912/datanode-3/data/ratis] (custom)
2019-10-02 17:21:25,273 [main] INFO  hdfs.DFSUtil (DFSUtil.java:httpServerTemplateForNNAndJN(1641)) - Starting Web-server for hddsDatanode at: http://0.0.0.0:0
2019-10-02 17:21:25,274 [main] INFO  server.AuthenticationFilter (AuthenticationFilter.java:constructSecretProvider(240)) - Unable to initialize FileSignerSecretProvider, falling back to use random secrets.
2019-10-02 17:21:25,275 [main] WARN  http.HttpRequestLog (HttpRequestLog.java:getRequestLog(97)) - Jetty request log can only be enabled using Log4j
2019-10-02 17:21:25,276 [main] INFO  http.HttpServer2 (HttpServer2.java:addGlobalFilter(975)) - Added global filter 'safety' (class=org.apache.hadoop.http.HttpServer2$QuotingInputFilter)
2019-10-02 17:21:25,276 [main] INFO  http.HttpServer2 (HttpServer2.java:addFilter(948)) - Added filter static_user_filter (class=org.apache.hadoop.http.lib.StaticUserWebFilter$StaticUserFilter) to context hddsDatanode
2019-10-02 17:21:25,276 [main] INFO  http.HttpServer2 (HttpServer2.java:addFilter(958)) - Added filter static_user_filter (class=org.apache.hadoop.http.lib.StaticUserWebFilter$StaticUserFilter) to context logs
2019-10-02 17:21:25,277 [main] INFO  http.HttpServer2 (HttpServer2.java:addFilter(958)) - Added filter static_user_filter (class=org.apache.hadoop.http.lib.StaticUserWebFilter$StaticUserFilter) to context static
2019-10-02 17:21:25,277 [main] INFO  http.HttpServer2 (HttpServer2.java:bindListener(1191)) - Jetty bound to port 32989
2019-10-02 17:21:25,278 [main] INFO  server.Server (Server.java:doStart(351)) - jetty-9.3.25.v20180904, build timestamp: 2018-09-04T21:11:46Z, git hash: 3ce520221d0240229c862b122d2b06c12a625732
2019-10-02 17:21:25,279 [main] INFO  handler.ContextHandler (ContextHandler.java:doStart(781)) - Started o.e.j.s.ServletContextHandler@636985df{/logs,file:///workdir/hadoop-ozone/integration-test/target/log,AVAILABLE}
2019-10-02 17:21:25,279 [main] INFO  handler.ContextHandler (ContextHandler.java:doStart(781)) - Started o.e.j.s.ServletContextHandler@723e3c17{/static,jar:file:/home/user/.m2/repository/org/apache/hadoop/hadoop-hdds-container-service/0.5.0-SNAPSHOT/hadoop-hdds-container-service-0.5.0-SNAPSHOT.jar!/webapps/static,AVAILABLE}
2019-10-02 17:21:25,309 [main] INFO  handler.ContextHandler (ContextHandler.java:doStart(781)) - Started o.e.j.w.WebAppContext@22791b75{/,file:///tmp/jetty-0.0.0.0-32989-hddsDatanode-_-any-7701963141553768077.dir/webapp/,AVAILABLE}{/hddsDatanode}
2019-10-02 17:21:25,310 [main] INFO  server.AbstractConnector (AbstractConnector.java:doStart(278)) - Started ServerConnector@64f4f12{HTTP/1.1,[http/1.1]}{0.0.0.0:32989}
2019-10-02 17:21:25,311 [main] INFO  server.Server (Server.java:doStart(419)) - Started @230058ms
2019-10-02 17:21:25,311 [main] WARN  impl.MetricsSystemImpl (MetricsSystemImpl.java:register(276)) - Sink prometheus already exists!
2019-10-02 17:21:25,312 [main] INFO  server.BaseHttpServer (BaseHttpServer.java:updateConnectorAddress(215)) - HTTP server of HDDSDATANODE is listening at http://0.0.0.0:32989
2019-10-02 17:21:25,312 [main] INFO  impl.MetricsSystemImpl (MetricsSystemImpl.java:init(158)) - HddsDatanode metrics system started (again)
2019-10-02 17:21:25,316 [org.apache.hadoop.util.JvmPauseMonitor$Monitor@1ee322eb] INFO  util.JvmPauseMonitor (JvmPauseMonitor.java:run(188)) - Starting JVM pause monitor
2019-10-02 17:21:25,317 [main] INFO  ozone.HddsDatanodeService (HddsDatanodeService.java:start(184)) - HddsDatanodeService host:pr-hdds-2216-szf6q-3723478472 ip:192.168.164.207
2019-10-02 17:21:25,317 [Datanode State Machine Thread - 0] INFO  datanode.InitDatanodeState (InitDatanodeState.java:persistContainerDatanodeDetails(140)) - DatanodeDetails is persisted to /workdir/hadoop-ozone/integration-test/target/test-dir/MiniOzoneClusterImpl-3c312c24-477b-403f-b698-3daa0d845912/datanode-3/meta/datanode.id
2019-10-02 17:21:25,322 [main] INFO  volume.HddsVolume (HddsVolume.java:<init>(176)) - Creating Volume: /workdir/hadoop-ozone/integration-test/target/test-dir/MiniOzoneClusterImpl-3c312c24-477b-403f-b698-3daa0d845912/datanode-4/data/containers/hdds of  storage type : DISK and capacity : 1482555576320
2019-10-02 17:21:25,322 [main] INFO  volume.VolumeSet (VolumeSet.java:initializeVolumeSet(170)) - Added Volume : /workdir/hadoop-ozone/integration-test/target/test-dir/MiniOzoneClusterImpl-3c312c24-477b-403f-b698-3daa0d845912/datanode-4/data/containers/hdds to VolumeSet
2019-10-02 17:21:25,322 [main] INFO  volume.ThrottledAsyncChecker (ThrottledAsyncChecker.java:schedule(139)) - Scheduling a check for org.apache.hadoop.ozone.container.common.volume.HddsVolume@43d76a92
2019-10-02 17:21:25,323 [main] INFO  volume.HddsVolumeChecker (HddsVolumeChecker.java:checkAllVolumes(202)) - Scheduled health check for volume org.apache.hadoop.ozone.container.common.volume.HddsVolume@43d76a92
2019-10-02 17:21:25,335 [main] INFO  impl.RaftServerProxy (ConfUtils.java:logGet(43)) - raft.rpc.type = GRPC (default)
2019-10-02 17:21:25,335 [main] INFO  grpc.GrpcFactory (GrpcFactory.java:checkPooledByteBufAllocatorUseCacheForAllThreads(45)) - PERFORMANCE WARNING: useCacheForAllThreads is true that may cause Netty to create a lot garbage objects and, as a result, trigger GC.
	It is recommended to disable useCacheForAllThreads by setting -Dorg.apache.ratis.thirdparty.io.netty.allocator.useCacheForAllThreads=false in command line.
2019-10-02 17:21:25,336 [main] INFO  grpc.GrpcConfigKeys$Server (ConfUtils.java:logGet(43)) - raft.grpc.server.port = 0 (default)
2019-10-02 17:21:25,336 [main] INFO  server.GrpcService (ConfUtils.java:logGet(43)) - raft.grpc.message.size.max = 33570816 (custom)
2019-10-02 17:21:25,336 [main] INFO  server.RaftServerConfigKeys (ConfUtils.java:logGet(43)) - raft.server.log.appender.buffer.byte-limit = 33554432 (custom)
2019-10-02 17:21:25,336 [main] INFO  server.GrpcService (ConfUtils.java:logGet(43)) - raft.grpc.flow.control.window = 1MB (=1048576) (default)
2019-10-02 17:21:25,336 [main] INFO  server.RaftServerConfigKeys (ConfUtils.java:logGet(43)) - raft.server.rpc.request.timeout = 3000ms (default)
2019-10-02 17:21:25,337 [main] INFO  server.RaftServerConfigKeys (ConfUtils.java:logGet(43)) - raft.server.storage.dir = [/workdir/hadoop-ozone/integration-test/target/test-dir/MiniOzoneClusterImpl-3c312c24-477b-403f-b698-3daa0d845912/datanode-4/data/ratis] (custom)
2019-10-02 17:21:25,338 [main] INFO  hdfs.DFSUtil (DFSUtil.java:httpServerTemplateForNNAndJN(1641)) - Starting Web-server for hddsDatanode at: http://0.0.0.0:0
2019-10-02 17:21:25,339 [main] INFO  server.AuthenticationFilter (AuthenticationFilter.java:constructSecretProvider(240)) - Unable to initialize FileSignerSecretProvider, falling back to use random secrets.
2019-10-02 17:21:25,340 [main] WARN  http.HttpRequestLog (HttpRequestLog.java:getRequestLog(97)) - Jetty request log can only be enabled using Log4j
2019-10-02 17:21:25,341 [main] INFO  http.HttpServer2 (HttpServer2.java:addGlobalFilter(975)) - Added global filter 'safety' (class=org.apache.hadoop.http.HttpServer2$QuotingInputFilter)
2019-10-02 17:21:25,341 [main] INFO  http.HttpServer2 (HttpServer2.java:addFilter(948)) - Added filter static_user_filter (class=org.apache.hadoop.http.lib.StaticUserWebFilter$StaticUserFilter) to context hddsDatanode
2019-10-02 17:21:25,341 [main] INFO  http.HttpServer2 (HttpServer2.java:addFilter(958)) - Added filter static_user_filter (class=org.apache.hadoop.http.lib.StaticUserWebFilter$StaticUserFilter) to context static
2019-10-02 17:21:25,341 [main] INFO  http.HttpServer2 (HttpServer2.java:addFilter(958)) - Added filter static_user_filter (class=org.apache.hadoop.http.lib.StaticUserWebFilter$StaticUserFilter) to context logs
2019-10-02 17:21:25,342 [main] INFO  http.HttpServer2 (HttpServer2.java:bindListener(1191)) - Jetty bound to port 38871
2019-10-02 17:21:25,342 [main] INFO  server.Server (Server.java:doStart(351)) - jetty-9.3.25.v20180904, build timestamp: 2018-09-04T21:11:46Z, git hash: 3ce520221d0240229c862b122d2b06c12a625732
2019-10-02 17:21:25,344 [main] INFO  handler.ContextHandler (ContextHandler.java:doStart(781)) - Started o.e.j.s.ServletContextHandler@7da1e005{/logs,file:///workdir/hadoop-ozone/integration-test/target/log,AVAILABLE}
2019-10-02 17:21:25,344 [main] INFO  handler.ContextHandler (ContextHandler.java:doStart(781)) - Started o.e.j.s.ServletContextHandler@55877274{/static,jar:file:/home/user/.m2/repository/org/apache/hadoop/hadoop-hdds-container-service/0.5.0-SNAPSHOT/hadoop-hdds-container-service-0.5.0-SNAPSHOT.jar!/webapps/static,AVAILABLE}
2019-10-02 17:21:25,371 [main] INFO  handler.ContextHandler (ContextHandler.java:doStart(781)) - Started o.e.j.w.WebAppContext@51888019{/,file:///tmp/jetty-0.0.0.0-38871-hddsDatanode-_-any-4668837548337845821.dir/webapp/,AVAILABLE}{/hddsDatanode}
2019-10-02 17:21:25,371 [main] INFO  server.AbstractConnector (AbstractConnector.java:doStart(278)) - Started ServerConnector@6f50d55c{HTTP/1.1,[http/1.1]}{0.0.0.0:38871}
2019-10-02 17:21:25,373 [main] INFO  server.Server (Server.java:doStart(419)) - Started @230120ms
2019-10-02 17:21:25,373 [main] WARN  impl.MetricsSystemImpl (MetricsSystemImpl.java:register(276)) - Sink prometheus already exists!
2019-10-02 17:21:25,374 [main] INFO  server.BaseHttpServer (BaseHttpServer.java:updateConnectorAddress(215)) - HTTP server of HDDSDATANODE is listening at http://0.0.0.0:38871
2019-10-02 17:21:25,374 [main] INFO  impl.MetricsSystemImpl (MetricsSystemImpl.java:init(158)) - HddsDatanode metrics system started (again)
2019-10-02 17:21:25,378 [org.apache.hadoop.util.JvmPauseMonitor$Monitor@1f91960e] INFO  util.JvmPauseMonitor (JvmPauseMonitor.java:run(188)) - Starting JVM pause monitor
2019-10-02 17:21:25,379 [main] INFO  ozone.HddsDatanodeService (HddsDatanodeService.java:start(184)) - HddsDatanodeService host:pr-hdds-2216-szf6q-3723478472 ip:192.168.164.207
2019-10-02 17:21:25,380 [Datanode State Machine Thread - 0] INFO  datanode.InitDatanodeState (InitDatanodeState.java:persistContainerDatanodeDetails(140)) - DatanodeDetails is persisted to /workdir/hadoop-ozone/integration-test/target/test-dir/MiniOzoneClusterImpl-3c312c24-477b-403f-b698-3daa0d845912/datanode-4/meta/datanode.id
2019-10-02 17:21:25,385 [main] INFO  volume.HddsVolume (HddsVolume.java:<init>(176)) - Creating Volume: /workdir/hadoop-ozone/integration-test/target/test-dir/MiniOzoneClusterImpl-3c312c24-477b-403f-b698-3daa0d845912/datanode-5/data/containers/hdds of  storage type : DISK and capacity : 1482555576320
2019-10-02 17:21:25,386 [main] INFO  volume.VolumeSet (VolumeSet.java:initializeVolumeSet(170)) - Added Volume : /workdir/hadoop-ozone/integration-test/target/test-dir/MiniOzoneClusterImpl-3c312c24-477b-403f-b698-3daa0d845912/datanode-5/data/containers/hdds to VolumeSet
2019-10-02 17:21:25,386 [main] INFO  volume.ThrottledAsyncChecker (ThrottledAsyncChecker.java:schedule(139)) - Scheduling a check for org.apache.hadoop.ozone.container.common.volume.HddsVolume@33e4b9c4
2019-10-02 17:21:25,386 [main] INFO  volume.HddsVolumeChecker (HddsVolumeChecker.java:checkAllVolumes(202)) - Scheduled health check for volume org.apache.hadoop.ozone.container.common.volume.HddsVolume@33e4b9c4
2019-10-02 17:21:25,402 [main] INFO  impl.RaftServerProxy (ConfUtils.java:logGet(43)) - raft.rpc.type = GRPC (default)
2019-10-02 17:21:25,402 [main] INFO  grpc.GrpcFactory (GrpcFactory.java:checkPooledByteBufAllocatorUseCacheForAllThreads(45)) - PERFORMANCE WARNING: useCacheForAllThreads is true that may cause Netty to create a lot garbage objects and, as a result, trigger GC.
	It is recommended to disable useCacheForAllThreads by setting -Dorg.apache.ratis.thirdparty.io.netty.allocator.useCacheForAllThreads=false in command line.
2019-10-02 17:21:25,402 [main] INFO  grpc.GrpcConfigKeys$Server (ConfUtils.java:logGet(43)) - raft.grpc.server.port = 0 (default)
2019-10-02 17:21:25,402 [main] INFO  server.GrpcService (ConfUtils.java:logGet(43)) - raft.grpc.message.size.max = 33570816 (custom)
2019-10-02 17:21:25,402 [main] INFO  server.RaftServerConfigKeys (ConfUtils.java:logGet(43)) - raft.server.log.appender.buffer.byte-limit = 33554432 (custom)
2019-10-02 17:21:25,403 [main] INFO  server.GrpcService (ConfUtils.java:logGet(43)) - raft.grpc.flow.control.window = 1MB (=1048576) (default)
2019-10-02 17:21:25,403 [main] INFO  server.RaftServerConfigKeys (ConfUtils.java:logGet(43)) - raft.server.rpc.request.timeout = 3000ms (default)
2019-10-02 17:21:25,403 [main] INFO  server.RaftServerConfigKeys (ConfUtils.java:logGet(43)) - raft.server.storage.dir = [/workdir/hadoop-ozone/integration-test/target/test-dir/MiniOzoneClusterImpl-3c312c24-477b-403f-b698-3daa0d845912/datanode-5/data/ratis] (custom)
2019-10-02 17:21:25,404 [main] INFO  hdfs.DFSUtil (DFSUtil.java:httpServerTemplateForNNAndJN(1641)) - Starting Web-server for hddsDatanode at: http://0.0.0.0:0
2019-10-02 17:21:25,405 [main] INFO  server.AuthenticationFilter (AuthenticationFilter.java:constructSecretProvider(240)) - Unable to initialize FileSignerSecretProvider, falling back to use random secrets.
2019-10-02 17:21:25,406 [main] WARN  http.HttpRequestLog (HttpRequestLog.java:getRequestLog(97)) - Jetty request log can only be enabled using Log4j
2019-10-02 17:21:25,407 [main] INFO  http.HttpServer2 (HttpServer2.java:addGlobalFilter(975)) - Added global filter 'safety' (class=org.apache.hadoop.http.HttpServer2$QuotingInputFilter)
2019-10-02 17:21:25,408 [main] INFO  http.HttpServer2 (HttpServer2.java:addFilter(948)) - Added filter static_user_filter (class=org.apache.hadoop.http.lib.StaticUserWebFilter$StaticUserFilter) to context hddsDatanode
2019-10-02 17:21:25,408 [main] INFO  http.HttpServer2 (HttpServer2.java:addFilter(958)) - Added filter static_user_filter (class=org.apache.hadoop.http.lib.StaticUserWebFilter$StaticUserFilter) to context logs
2019-10-02 17:21:25,408 [main] INFO  http.HttpServer2 (HttpServer2.java:addFilter(958)) - Added filter static_user_filter (class=org.apache.hadoop.http.lib.StaticUserWebFilter$StaticUserFilter) to context static
2019-10-02 17:21:25,408 [main] INFO  http.HttpServer2 (HttpServer2.java:bindListener(1191)) - Jetty bound to port 42233
2019-10-02 17:21:25,409 [main] INFO  server.Server (Server.java:doStart(351)) - jetty-9.3.25.v20180904, build timestamp: 2018-09-04T21:11:46Z, git hash: 3ce520221d0240229c862b122d2b06c12a625732
2019-10-02 17:21:25,410 [main] INFO  handler.ContextHandler (ContextHandler.java:doStart(781)) - Started o.e.j.s.ServletContextHandler@3a3f96ab{/logs,file:///workdir/hadoop-ozone/integration-test/target/log,AVAILABLE}
2019-10-02 17:21:25,411 [main] INFO  handler.ContextHandler (ContextHandler.java:doStart(781)) - Started o.e.j.s.ServletContextHandler@43c7fe8a{/static,jar:file:/home/user/.m2/repository/org/apache/hadoop/hadoop-hdds-container-service/0.5.0-SNAPSHOT/hadoop-hdds-container-service-0.5.0-SNAPSHOT.jar!/webapps/static,AVAILABLE}
2019-10-02 17:21:25,437 [main] INFO  handler.ContextHandler (ContextHandler.java:doStart(781)) - Started o.e.j.w.WebAppContext@5b48f0f4{/,file:///tmp/jetty-0.0.0.0-42233-hddsDatanode-_-any-7467374121195667641.dir/webapp/,AVAILABLE}{/hddsDatanode}
2019-10-02 17:21:25,438 [main] INFO  server.AbstractConnector (AbstractConnector.java:doStart(278)) - Started ServerConnector@546ed2a0{HTTP/1.1,[http/1.1]}{0.0.0.0:42233}
2019-10-02 17:21:25,440 [main] INFO  server.Server (Server.java:doStart(419)) - Started @230187ms
2019-10-02 17:21:25,440 [main] WARN  impl.MetricsSystemImpl (MetricsSystemImpl.java:register(276)) - Sink prometheus already exists!
2019-10-02 17:21:25,440 [main] INFO  server.BaseHttpServer (BaseHttpServer.java:updateConnectorAddress(215)) - HTTP server of HDDSDATANODE is listening at http://0.0.0.0:42233
2019-10-02 17:21:25,441 [main] INFO  impl.MetricsSystemImpl (MetricsSystemImpl.java:init(158)) - HddsDatanode metrics system started (again)
2019-10-02 17:21:25,445 [org.apache.hadoop.util.JvmPauseMonitor$Monitor@3c6143ce] INFO  util.JvmPauseMonitor (JvmPauseMonitor.java:run(188)) - Starting JVM pause monitor
2019-10-02 17:21:25,446 [main] INFO  ozone.HddsDatanodeService (HddsDatanodeService.java:start(184)) - HddsDatanodeService host:pr-hdds-2216-szf6q-3723478472 ip:192.168.164.207
2019-10-02 17:21:25,446 [Datanode State Machine Thread - 0] INFO  datanode.InitDatanodeState (InitDatanodeState.java:persistContainerDatanodeDetails(140)) - DatanodeDetails is persisted to /workdir/hadoop-ozone/integration-test/target/test-dir/MiniOzoneClusterImpl-3c312c24-477b-403f-b698-3daa0d845912/datanode-5/meta/datanode.id
2019-10-02 17:21:25,452 [main] INFO  volume.HddsVolume (HddsVolume.java:<init>(176)) - Creating Volume: /workdir/hadoop-ozone/integration-test/target/test-dir/MiniOzoneClusterImpl-3c312c24-477b-403f-b698-3daa0d845912/datanode-6/data/containers/hdds of  storage type : DISK and capacity : 1482555576320
2019-10-02 17:21:25,452 [main] INFO  volume.VolumeSet (VolumeSet.java:initializeVolumeSet(170)) - Added Volume : /workdir/hadoop-ozone/integration-test/target/test-dir/MiniOzoneClusterImpl-3c312c24-477b-403f-b698-3daa0d845912/datanode-6/data/containers/hdds to VolumeSet
2019-10-02 17:21:25,453 [main] INFO  volume.ThrottledAsyncChecker (ThrottledAsyncChecker.java:schedule(139)) - Scheduling a check for org.apache.hadoop.ozone.container.common.volume.HddsVolume@595f9916
2019-10-02 17:21:25,453 [main] INFO  volume.HddsVolumeChecker (HddsVolumeChecker.java:checkAllVolumes(202)) - Scheduled health check for volume org.apache.hadoop.ozone.container.common.volume.HddsVolume@595f9916
2019-10-02 17:21:25,467 [main] INFO  impl.RaftServerProxy (ConfUtils.java:logGet(43)) - raft.rpc.type = GRPC (default)
2019-10-02 17:21:25,468 [main] INFO  grpc.GrpcFactory (GrpcFactory.java:checkPooledByteBufAllocatorUseCacheForAllThreads(45)) - PERFORMANCE WARNING: useCacheForAllThreads is true that may cause Netty to create a lot garbage objects and, as a result, trigger GC.
	It is recommended to disable useCacheForAllThreads by setting -Dorg.apache.ratis.thirdparty.io.netty.allocator.useCacheForAllThreads=false in command line.
2019-10-02 17:21:25,468 [main] INFO  grpc.GrpcConfigKeys$Server (ConfUtils.java:logGet(43)) - raft.grpc.server.port = 0 (default)
2019-10-02 17:21:25,468 [main] INFO  server.GrpcService (ConfUtils.java:logGet(43)) - raft.grpc.message.size.max = 33570816 (custom)
2019-10-02 17:21:25,468 [main] INFO  server.RaftServerConfigKeys (ConfUtils.java:logGet(43)) - raft.server.log.appender.buffer.byte-limit = 33554432 (custom)
2019-10-02 17:21:25,469 [main] INFO  server.GrpcService (ConfUtils.java:logGet(43)) - raft.grpc.flow.control.window = 1MB (=1048576) (default)
2019-10-02 17:21:25,469 [main] INFO  server.RaftServerConfigKeys (ConfUtils.java:logGet(43)) - raft.server.rpc.request.timeout = 3000ms (default)
2019-10-02 17:21:25,469 [main] INFO  server.RaftServerConfigKeys (ConfUtils.java:logGet(43)) - raft.server.storage.dir = [/workdir/hadoop-ozone/integration-test/target/test-dir/MiniOzoneClusterImpl-3c312c24-477b-403f-b698-3daa0d845912/datanode-6/data/ratis] (custom)
2019-10-02 17:21:25,471 [main] INFO  hdfs.DFSUtil (DFSUtil.java:httpServerTemplateForNNAndJN(1641)) - Starting Web-server for hddsDatanode at: http://0.0.0.0:0
2019-10-02 17:21:25,472 [main] INFO  server.AuthenticationFilter (AuthenticationFilter.java:constructSecretProvider(240)) - Unable to initialize FileSignerSecretProvider, falling back to use random secrets.
2019-10-02 17:21:25,472 [main] WARN  http.HttpRequestLog (HttpRequestLog.java:getRequestLog(97)) - Jetty request log can only be enabled using Log4j
2019-10-02 17:21:25,474 [main] INFO  http.HttpServer2 (HttpServer2.java:addGlobalFilter(975)) - Added global filter 'safety' (class=org.apache.hadoop.http.HttpServer2$QuotingInputFilter)
2019-10-02 17:21:25,474 [main] INFO  http.HttpServer2 (HttpServer2.java:addFilter(948)) - Added filter static_user_filter (class=org.apache.hadoop.http.lib.StaticUserWebFilter$StaticUserFilter) to context hddsDatanode
2019-10-02 17:21:25,475 [main] INFO  http.HttpServer2 (HttpServer2.java:addFilter(958)) - Added filter static_user_filter (class=org.apache.hadoop.http.lib.StaticUserWebFilter$StaticUserFilter) to context logs
2019-10-02 17:21:25,475 [main] INFO  http.HttpServer2 (HttpServer2.java:addFilter(958)) - Added filter static_user_filter (class=org.apache.hadoop.http.lib.StaticUserWebFilter$StaticUserFilter) to context static
2019-10-02 17:21:25,476 [main] INFO  http.HttpServer2 (HttpServer2.java:bindListener(1191)) - Jetty bound to port 40334
2019-10-02 17:21:25,476 [main] INFO  server.Server (Server.java:doStart(351)) - jetty-9.3.25.v20180904, build timestamp: 2018-09-04T21:11:46Z, git hash: 3ce520221d0240229c862b122d2b06c12a625732
2019-10-02 17:21:25,477 [main] INFO  handler.ContextHandler (ContextHandler.java:doStart(781)) - Started o.e.j.s.ServletContextHandler@52ba685a{/logs,file:///workdir/hadoop-ozone/integration-test/target/log,AVAILABLE}
2019-10-02 17:21:25,478 [main] INFO  handler.ContextHandler (ContextHandler.java:doStart(781)) - Started o.e.j.s.ServletContextHandler@71d55b7e{/static,jar:file:/home/user/.m2/repository/org/apache/hadoop/hadoop-hdds-container-service/0.5.0-SNAPSHOT/hadoop-hdds-container-service-0.5.0-SNAPSHOT.jar!/webapps/static,AVAILABLE}
2019-10-02 17:21:25,515 [main] INFO  handler.ContextHandler (ContextHandler.java:doStart(781)) - Started o.e.j.w.WebAppContext@6842c101{/,file:///tmp/jetty-0.0.0.0-40334-hddsDatanode-_-any-1757273498250719425.dir/webapp/,AVAILABLE}{/hddsDatanode}
2019-10-02 17:21:25,516 [main] INFO  server.AbstractConnector (AbstractConnector.java:doStart(278)) - Started ServerConnector@234cd86c{HTTP/1.1,[http/1.1]}{0.0.0.0:40334}
2019-10-02 17:21:25,518 [main] INFO  server.Server (Server.java:doStart(419)) - Started @230265ms
2019-10-02 17:21:25,518 [main] WARN  impl.MetricsSystemImpl (MetricsSystemImpl.java:register(276)) - Sink prometheus already exists!
2019-10-02 17:21:25,519 [main] INFO  server.BaseHttpServer (BaseHttpServer.java:updateConnectorAddress(215)) - HTTP server of HDDSDATANODE is listening at http://0.0.0.0:40334
2019-10-02 17:21:25,520 [main] INFO  ozone.MiniOzoneClusterImpl (MiniOzoneClusterImpl.java:lambda$waitForClusterToBeReady$0(147)) - Waiting for cluster to be ready. Got 0 of 7 DN Heartbeats.
2019-10-02 17:21:25,521 [org.apache.hadoop.util.JvmPauseMonitor$Monitor@721221ea] INFO  util.JvmPauseMonitor (JvmPauseMonitor.java:run(188)) - Starting JVM pause monitor
2019-10-02 17:21:25,523 [Datanode State Machine Thread - 0] INFO  datanode.InitDatanodeState (InitDatanodeState.java:persistContainerDatanodeDetails(140)) - DatanodeDetails is persisted to /workdir/hadoop-ozone/integration-test/target/test-dir/MiniOzoneClusterImpl-3c312c24-477b-403f-b698-3daa0d845912/datanode-6/meta/datanode.id
2019-10-02 17:21:26,520 [main] INFO  ozone.MiniOzoneClusterImpl (MiniOzoneClusterImpl.java:lambda$waitForClusterToBeReady$0(147)) - Waiting for cluster to be ready. Got 0 of 7 DN Heartbeats.
2019-10-02 17:21:27,521 [main] INFO  ozone.MiniOzoneClusterImpl (MiniOzoneClusterImpl.java:lambda$waitForClusterToBeReady$0(147)) - Waiting for cluster to be ready. Got 0 of 7 DN Heartbeats.
2019-10-02 17:21:28,522 [main] INFO  ozone.MiniOzoneClusterImpl (MiniOzoneClusterImpl.java:lambda$waitForClusterToBeReady$0(147)) - Waiting for cluster to be ready. Got 0 of 7 DN Heartbeats.
2019-10-02 17:21:29,522 [main] INFO  ozone.MiniOzoneClusterImpl (MiniOzoneClusterImpl.java:lambda$waitForClusterToBeReady$0(147)) - Waiting for cluster to be ready. Got 0 of 7 DN Heartbeats.
2019-10-02 17:21:30,037 [Datanode State Machine Thread - 0] INFO  ozoneimpl.OzoneContainer (OzoneContainer.java:start(217)) - Attempting to start container services.
2019-10-02 17:21:30,037 [Datanode State Machine Thread - 0] INFO  ozoneimpl.OzoneContainer (OzoneContainer.java:start(217)) - Attempting to start container services.
2019-10-02 17:21:30,037 [Datanode State Machine Thread - 0] INFO  ozoneimpl.OzoneContainer (OzoneContainer.java:start(217)) - Attempting to start container services.
2019-10-02 17:21:30,037 [Datanode State Machine Thread - 0] INFO  ozoneimpl.OzoneContainer (OzoneContainer.java:start(217)) - Attempting to start container services.
2019-10-02 17:21:30,037 [Datanode State Machine Thread - 0] INFO  ozoneimpl.OzoneContainer (OzoneContainer.java:start(217)) - Attempting to start container services.
2019-10-02 17:21:30,037 [Datanode State Machine Thread - 0] INFO  ozoneimpl.OzoneContainer (OzoneContainer.java:start(217)) - Attempting to start container services.
2019-10-02 17:21:30,037 [Datanode State Machine Thread - 0] INFO  ozoneimpl.OzoneContainer (OzoneContainer.java:start(217)) - Attempting to start container services.
2019-10-02 17:21:30,039 [Datanode State Machine Thread - 0] INFO  ozoneimpl.OzoneContainer (OzoneContainer.java:startContainerScrub(179)) - Background container scanner has been disabled.
2019-10-02 17:21:30,038 [Datanode State Machine Thread - 0] INFO  ozoneimpl.OzoneContainer (OzoneContainer.java:startContainerScrub(179)) - Background container scanner has been disabled.
2019-10-02 17:21:30,038 [Datanode State Machine Thread - 0] INFO  ozoneimpl.OzoneContainer (OzoneContainer.java:startContainerScrub(179)) - Background container scanner has been disabled.
2019-10-02 17:21:30,039 [Datanode State Machine Thread - 0] INFO  ozoneimpl.OzoneContainer (OzoneContainer.java:startContainerScrub(179)) - Background container scanner has been disabled.
2019-10-02 17:21:30,038 [Datanode State Machine Thread - 0] INFO  ozoneimpl.OzoneContainer (OzoneContainer.java:startContainerScrub(179)) - Background container scanner has been disabled.
2019-10-02 17:21:30,038 [Datanode State Machine Thread - 0] INFO  ozoneimpl.OzoneContainer (OzoneContainer.java:startContainerScrub(179)) - Background container scanner has been disabled.
2019-10-02 17:21:30,039 [Datanode State Machine Thread - 0] INFO  ratis.XceiverServerRatis (XceiverServerRatis.java:start(417)) - Starting XceiverServerRatis 05daad3a-5530-436f-abf5-8679b928a84d at port 0
2019-10-02 17:21:30,039 [Datanode State Machine Thread - 0] INFO  ratis.XceiverServerRatis (XceiverServerRatis.java:start(417)) - Starting XceiverServerRatis 0a1f0d9e-a701-4d69-8c9f-5b5f88cf3ec1 at port 0
2019-10-02 17:21:30,039 [Datanode State Machine Thread - 0] INFO  ratis.XceiverServerRatis (XceiverServerRatis.java:start(417)) - Starting XceiverServerRatis 0e7e9a7d-d94d-437a-bfe3-02591df9bf4c at port 0
2019-10-02 17:21:30,039 [Datanode State Machine Thread - 0] INFO  ratis.XceiverServerRatis (XceiverServerRatis.java:start(417)) - Starting XceiverServerRatis 55f59d72-0167-4e77-8bf2-6a26e4e7cb10 at port 0
2019-10-02 17:21:30,039 [Datanode State Machine Thread - 0] INFO  ratis.XceiverServerRatis (XceiverServerRatis.java:start(417)) - Starting XceiverServerRatis d313778a-40e7-4d10-887d-cd4c269a6640 at port 0
2019-10-02 17:21:30,039 [Datanode State Machine Thread - 0] INFO  ozoneimpl.OzoneContainer (OzoneContainer.java:startContainerScrub(179)) - Background container scanner has been disabled.
2019-10-02 17:21:30,039 [Datanode State Machine Thread - 0] INFO  ratis.XceiverServerRatis (XceiverServerRatis.java:start(417)) - Starting XceiverServerRatis 20bc9099-d67c-4312-a11e-d96a65a95445 at port 0
2019-10-02 17:21:30,041 [Datanode State Machine Thread - 0] INFO  ratis.XceiverServerRatis (XceiverServerRatis.java:start(417)) - Starting XceiverServerRatis 9853806c-50d4-4f8f-92d1-1e324a301005 at port 0
2019-10-02 17:21:30,077 [Datanode State Machine Thread - 0] INFO  impl.RaftServerProxy (RaftServerProxy.java:lambda$start$3(299)) - 55f59d72-0167-4e77-8bf2-6a26e4e7cb10: start RPC server
2019-10-02 17:21:30,079 [Datanode State Machine Thread - 0] INFO  impl.RaftServerProxy (RaftServerProxy.java:lambda$start$3(299)) - 20bc9099-d67c-4312-a11e-d96a65a95445: start RPC server
2019-10-02 17:21:30,082 [Datanode State Machine Thread - 0] INFO  server.GrpcService (GrpcService.java:startImpl(158)) - 55f59d72-0167-4e77-8bf2-6a26e4e7cb10: GrpcService started, listening on 0.0.0.0/0.0.0.0:43939
2019-10-02 17:21:30,082 [Datanode State Machine Thread - 0] INFO  server.GrpcService (GrpcService.java:startImpl(158)) - 20bc9099-d67c-4312-a11e-d96a65a95445: GrpcService started, listening on 0.0.0.0/0.0.0.0:38129
2019-10-02 17:21:30,082 [Datanode State Machine Thread - 0] INFO  impl.RaftServerProxy (RaftServerProxy.java:lambda$start$3(299)) - d313778a-40e7-4d10-887d-cd4c269a6640: start RPC server
2019-10-02 17:21:30,082 [Datanode State Machine Thread - 0] INFO  ratis.XceiverServerRatis (XceiverServerRatis.java:start(427)) - XceiverServerRatis 20bc9099-d67c-4312-a11e-d96a65a95445 is started using port 38129
2019-10-02 17:21:30,082 [Datanode State Machine Thread - 0] INFO  impl.RaftServerProxy (RaftServerProxy.java:lambda$start$3(299)) - 0a1f0d9e-a701-4d69-8c9f-5b5f88cf3ec1: start RPC server
2019-10-02 17:21:30,082 [Datanode State Machine Thread - 0] INFO  ratis.XceiverServerRatis (XceiverServerRatis.java:start(427)) - XceiverServerRatis 55f59d72-0167-4e77-8bf2-6a26e4e7cb10 is started using port 43939
2019-10-02 17:21:30,083 [Datanode State Machine Thread - 0] INFO  server.GrpcService (GrpcService.java:startImpl(158)) - d313778a-40e7-4d10-887d-cd4c269a6640: GrpcService started, listening on 0.0.0.0/0.0.0.0:39819
2019-10-02 17:21:30,083 [Datanode State Machine Thread - 0] INFO  server.GrpcService (GrpcService.java:startImpl(158)) - 0a1f0d9e-a701-4d69-8c9f-5b5f88cf3ec1: GrpcService started, listening on 0.0.0.0/0.0.0.0:41465
2019-10-02 17:21:30,083 [Datanode State Machine Thread - 0] INFO  server.XceiverServerGrpc (XceiverServerGrpc.java:start(149)) - XceiverServerGrpc 20bc9099-d67c-4312-a11e-d96a65a95445 is started using port 46542
2019-10-02 17:21:30,083 [Datanode State Machine Thread - 0] INFO  ratis.XceiverServerRatis (XceiverServerRatis.java:start(427)) - XceiverServerRatis 0a1f0d9e-a701-4d69-8c9f-5b5f88cf3ec1 is started using port 41465
2019-10-02 17:21:30,083 [Datanode State Machine Thread - 0] INFO  ratis.XceiverServerRatis (XceiverServerRatis.java:start(427)) - XceiverServerRatis d313778a-40e7-4d10-887d-cd4c269a6640 is started using port 39819
2019-10-02 17:21:30,085 [Datanode State Machine Thread - 0] INFO  server.XceiverServerGrpc (XceiverServerGrpc.java:start(149)) - XceiverServerGrpc 55f59d72-0167-4e77-8bf2-6a26e4e7cb10 is started using port 38312
2019-10-02 17:21:30,086 [Datanode State Machine Thread - 0] INFO  server.XceiverServerGrpc (XceiverServerGrpc.java:start(149)) - XceiverServerGrpc 0a1f0d9e-a701-4d69-8c9f-5b5f88cf3ec1 is started using port 34406
2019-10-02 17:21:30,086 [Datanode State Machine Thread - 0] INFO  server.XceiverServerGrpc (XceiverServerGrpc.java:start(149)) - XceiverServerGrpc d313778a-40e7-4d10-887d-cd4c269a6640 is started using port 45643
2019-10-02 17:21:30,086 [Datanode State Machine Thread - 0] INFO  impl.RaftServerProxy (RaftServerProxy.java:lambda$start$3(299)) - 05daad3a-5530-436f-abf5-8679b928a84d: start RPC server
2019-10-02 17:21:30,088 [Datanode State Machine Thread - 0] INFO  server.GrpcService (GrpcService.java:startImpl(158)) - 05daad3a-5530-436f-abf5-8679b928a84d: GrpcService started, listening on 0.0.0.0/0.0.0.0:45555
2019-10-02 17:21:30,088 [Datanode State Machine Thread - 0] INFO  ratis.XceiverServerRatis (XceiverServerRatis.java:start(427)) - XceiverServerRatis 05daad3a-5530-436f-abf5-8679b928a84d is started using port 45555
2019-10-02 17:21:30,091 [Datanode State Machine Thread - 0] INFO  server.XceiverServerGrpc (XceiverServerGrpc.java:start(149)) - XceiverServerGrpc 05daad3a-5530-436f-abf5-8679b928a84d is started using port 34060
2019-10-02 17:21:30,091 [Datanode State Machine Thread - 0] INFO  impl.RaftServerProxy (RaftServerProxy.java:lambda$start$3(299)) - 0e7e9a7d-d94d-437a-bfe3-02591df9bf4c: start RPC server
2019-10-02 17:21:30,093 [Datanode State Machine Thread - 0] INFO  server.GrpcService (GrpcService.java:startImpl(158)) - 0e7e9a7d-d94d-437a-bfe3-02591df9bf4c: GrpcService started, listening on 0.0.0.0/0.0.0.0:41458
2019-10-02 17:21:30,094 [Datanode State Machine Thread - 0] INFO  impl.RaftServerProxy (RaftServerProxy.java:lambda$start$3(299)) - 9853806c-50d4-4f8f-92d1-1e324a301005: start RPC server
2019-10-02 17:21:30,094 [Datanode State Machine Thread - 0] INFO  ratis.XceiverServerRatis (XceiverServerRatis.java:start(427)) - XceiverServerRatis 0e7e9a7d-d94d-437a-bfe3-02591df9bf4c is started using port 41458
2019-10-02 17:21:30,094 [Datanode State Machine Thread - 0] INFO  server.GrpcService (GrpcService.java:startImpl(158)) - 9853806c-50d4-4f8f-92d1-1e324a301005: GrpcService started, listening on 0.0.0.0/0.0.0.0:38770
2019-10-02 17:21:30,094 [Datanode State Machine Thread - 0] INFO  server.XceiverServerGrpc (XceiverServerGrpc.java:start(149)) - XceiverServerGrpc 0e7e9a7d-d94d-437a-bfe3-02591df9bf4c is started using port 41474
2019-10-02 17:21:30,094 [Datanode State Machine Thread - 0] INFO  ratis.XceiverServerRatis (XceiverServerRatis.java:start(427)) - XceiverServerRatis 9853806c-50d4-4f8f-92d1-1e324a301005 is started using port 38770
2019-10-02 17:21:30,098 [Datanode State Machine Thread - 0] INFO  server.XceiverServerGrpc (XceiverServerGrpc.java:start(149)) - XceiverServerGrpc 9853806c-50d4-4f8f-92d1-1e324a301005 is started using port 42887
2019-10-02 17:21:30,523 [main] INFO  ozone.MiniOzoneClusterImpl (MiniOzoneClusterImpl.java:lambda$waitForClusterToBeReady$0(147)) - Waiting for cluster to be ready. Got 0 of 7 DN Heartbeats.
2019-10-02 17:21:31,139 [IPC Server handler 1 on 37176] INFO  net.NetworkTopology (NetworkTopologyImpl.java:add(111)) - Added a new node: /default-rack/05daad3a-5530-436f-abf5-8679b928a84d
2019-10-02 17:21:31,142 [IPC Server handler 1 on 37176] INFO  node.SCMNodeManager (SCMNodeManager.java:register(266)) - Registered Data node : 05daad3a-5530-436f-abf5-8679b928a84d{ip: 192.168.164.207, host: pr-hdds-2216-szf6q-3723478472, networkLocation: /default-rack, certSerialId: null}
2019-10-02 17:21:31,142 [EventQueue-NodeRegistrationContainerReportForDataNodeSafeModeRule] INFO  safemode.SCMSafeModeManager (DataNodeSafeModeRule.java:process(71)) - SCM in safe mode. 1 DataNodes registered, 1 required.
2019-10-02 17:21:31,144 [EventQueue-NodeRegistrationContainerReportForContainerSafeModeRule] INFO  safemode.SCMSafeModeManager (SCMSafeModeManager.java:validateSafeModeExitRules(177)) - ScmSafeModeManager, all rules are successfully validated
2019-10-02 17:21:31,145 [EventQueue-NodeRegistrationContainerReportForContainerSafeModeRule] INFO  safemode.SCMSafeModeManager (SCMSafeModeManager.java:exitSafeMode(193)) - SCM exiting safe mode.
2019-10-02 17:21:31,151 [grpc-default-executor-7] INFO  impl.RaftServerProxy (RaftServerProxy.java:addNew(89)) - 05daad3a-5530-436f-abf5-8679b928a84d: addNew group-EFF6974DAA05:[05daad3a-5530-436f-abf5-8679b928a84d:192.168.164.207:45555] returns group-EFF6974DAA05:java.util.concurrent.CompletableFuture@75f42b6b[Not completed]
2019-10-02 17:21:31,153 [pool-383-thread-1] INFO  impl.RaftServerImpl (RaftServerImpl.java:<init>(95)) - 05daad3a-5530-436f-abf5-8679b928a84d: new RaftServerImpl for group-EFF6974DAA05:[05daad3a-5530-436f-abf5-8679b928a84d:192.168.164.207:45555] with ContainerStateMachine:uninitialized
2019-10-02 17:21:31,153 [pool-383-thread-1] INFO  server.RaftServerConfigKeys (ConfUtils.java:logGet(43)) - raft.server.rpc.timeout.min = 5s (custom)
2019-10-02 17:21:31,153 [pool-383-thread-1] INFO  server.RaftServerConfigKeys (ConfUtils.java:logGet(43)) - raft.server.rpc.timeout.max = 5200ms (custom)
2019-10-02 17:21:31,153 [pool-383-thread-1] INFO  server.RaftServerConfigKeys (ConfUtils.java:logGet(43)) - raft.server.rpcslowness.timeout = 120s (custom)
2019-10-02 17:21:31,153 [pool-383-thread-1] INFO  server.RaftServerConfigKeys (ConfUtils.java:logGet(43)) - raft.server.sleep.deviation.threshold = 300 (default)
2019-10-02 17:21:31,153 [pool-383-thread-1] INFO  server.RaftServerConfigKeys (ConfUtils.java:logGet(43)) - raft.server.log.appender.install.snapshot.enabled = false (custom)
2019-10-02 17:21:31,153 [pool-383-thread-1] INFO  impl.RaftServerImpl (ServerState.java:<init>(103)) - 05daad3a-5530-436f-abf5-8679b928a84d@group-EFF6974DAA05: ConfigurationManager, init=-1: [05daad3a-5530-436f-abf5-8679b928a84d:192.168.164.207:45555], old=null, confs=<EMPTY_MAP>
2019-10-02 17:21:31,153 [pool-383-thread-1] INFO  server.RaftServerConfigKeys (ConfUtils.java:logGet(43)) - raft.server.storage.dir = [/workdir/hadoop-ozone/integration-test/target/test-dir/MiniOzoneClusterImpl-3c312c24-477b-403f-b698-3daa0d845912/datanode-0/data/ratis] (custom)
2019-10-02 17:21:31,154 [pool-383-thread-1] INFO  server.RaftServerConfigKeys (ConfUtils.java:logGet(43)) - raft.server.log.corruption.policy = EXCEPTION (default)
2019-10-02 17:21:31,154 [pool-383-thread-1] INFO  storage.RaftStorageDirectory (RaftStorageDirectory.java:analyzeStorage(246)) - The storage directory /workdir/hadoop-ozone/integration-test/target/test-dir/MiniOzoneClusterImpl-3c312c24-477b-403f-b698-3daa0d845912/datanode-0/data/ratis/7f94f399-6812-4c41-a8e3-eff6974daa05 does not exist. Creating ...
2019-10-02 17:21:31,182 [pool-383-thread-1] INFO  storage.RaftStorageDirectory (RaftStorageDirectory.java:tryLock(328)) - Lock on /workdir/hadoop-ozone/integration-test/target/test-dir/MiniOzoneClusterImpl-3c312c24-477b-403f-b698-3daa0d845912/datanode-0/data/ratis/7f94f399-6812-4c41-a8e3-eff6974daa05/in_use.lock acquired by nodename 17260@pr-hdds-2216-szf6q-3723478472
2019-10-02 17:21:31,191 [IPC Server handler 2 on 37176] INFO  net.NetworkTopology (NetworkTopologyImpl.java:add(111)) - Added a new node: /default-rack/d313778a-40e7-4d10-887d-cd4c269a6640
2019-10-02 17:21:31,191 [IPC Server handler 2 on 37176] INFO  node.SCMNodeManager (SCMNodeManager.java:register(266)) - Registered Data node : d313778a-40e7-4d10-887d-cd4c269a6640{ip: 192.168.164.207, host: pr-hdds-2216-szf6q-3723478472, networkLocation: /default-rack, certSerialId: null}
2019-10-02 17:21:31,207 [pool-383-thread-1] INFO  storage.RaftStorage (RaftStorage.java:format(84)) - Storage directory /workdir/hadoop-ozone/integration-test/target/test-dir/MiniOzoneClusterImpl-3c312c24-477b-403f-b698-3daa0d845912/datanode-0/data/ratis/7f94f399-6812-4c41-a8e3-eff6974daa05 has been successfully formatted.
2019-10-02 17:21:31,208 [pool-383-thread-1] INFO  ratis.ContainerStateMachine (ContainerStateMachine.java:loadSnapshot(230)) - group-EFF6974DAA05: The snapshot info is null. Setting the last applied indexto:(t:0, i:~)
2019-10-02 17:21:31,208 [pool-383-thread-1] INFO  server.RaftServerConfigKeys (ConfUtils.java:logGet(43)) - raft.server.notification.no-leader.timeout = 120s (custom)
2019-10-02 17:21:31,208 [pool-383-thread-1] INFO  server.RaftServerConfigKeys (ConfUtils.java:logGet(43)) - raft.server.log.use.memory = false (default)
2019-10-02 17:21:31,208 [pool-383-thread-1] INFO  server.RaftServerConfigKeys (ConfUtils.java:logGet(43)) - raft.server.log.purge.gap = 1000000 (custom)
2019-10-02 17:21:31,208 [pool-383-thread-1] INFO  server.RaftServerConfigKeys (ConfUtils.java:logGet(43)) - raft.server.log.appender.buffer.byte-limit = 33554432 (custom)
2019-10-02 17:21:31,209 [pool-383-thread-1] INFO  server.RaftServerConfigKeys (ConfUtils.java:logGet(43)) - raft.server.log.segment.size.max = 1048576 (custom)
2019-10-02 17:21:31,210 [pool-383-thread-1] INFO  server.RaftServerConfigKeys (ConfUtils.java:logGet(43)) - raft.server.log.segment.cache.num.max = 2 (custom)
2019-10-02 17:21:31,210 [pool-383-thread-1] INFO  segmented.SegmentedRaftLogWorker (SegmentedRaftLogWorker.java:<init>(173)) - new 05daad3a-5530-436f-abf5-8679b928a84d@group-EFF6974DAA05-SegmentedRaftLogWorker for RaftStorage:Storage Directory /workdir/hadoop-ozone/integration-test/target/test-dir/MiniOzoneClusterImpl-3c312c24-477b-403f-b698-3daa0d845912/datanode-0/data/ratis/7f94f399-6812-4c41-a8e3-eff6974daa05
2019-10-02 17:21:31,210 [pool-383-thread-1] INFO  server.RaftServerConfigKeys (ConfUtils.java:logGet(43)) - raft.server.log.queue.byte-limit = 2147483647 (custom)
2019-10-02 17:21:31,210 [pool-383-thread-1] INFO  server.RaftServerConfigKeys (ConfUtils.java:logGet(43)) - raft.server.log.queue.element-limit = 1024 (custom)
2019-10-02 17:21:31,210 [pool-383-thread-1] INFO  server.RaftServerConfigKeys (ConfUtils.java:logGet(43)) - raft.server.log.segment.size.max = 1048576 (custom)
2019-10-02 17:21:31,211 [pool-383-thread-1] INFO  server.RaftServerConfigKeys (ConfUtils.java:logGet(43)) - raft.server.log.preallocated.size = 16384 (custom)
2019-10-02 17:21:31,211 [pool-383-thread-1] INFO  server.RaftServerConfigKeys (ConfUtils.java:logGet(43)) - raft.server.log.write.buffer.size = 33554432 (custom)
2019-10-02 17:21:31,211 [pool-383-thread-1] INFO  server.RaftServerConfigKeys (ConfUtils.java:logGet(43)) - raft.server.log.force.sync.num = 128 (default)
2019-10-02 17:21:31,211 [pool-383-thread-1] INFO  server.RaftServerConfigKeys (ConfUtils.java:logGet(43)) - raft.server.log.statemachine.data.sync = true (default)
2019-10-02 17:21:31,211 [pool-383-thread-1] INFO  server.RaftServerConfigKeys (ConfUtils.java:logGet(43)) - raft.server.log.statemachine.data.sync.timeout = 10s (default)
2019-10-02 17:21:31,211 [pool-383-thread-1] INFO  server.RaftServerConfigKeys (ConfUtils.java:logGet(43)) - raft.server.log.statemachine.data.sync.timeout.retry = -1 (default)
2019-10-02 17:21:31,211 [pool-383-thread-1] INFO  server.RaftServerConfigKeys (ConfUtils.java:logGet(43)) - raft.server.log.statemachine.data.caching.enabled = true (custom)
2019-10-02 17:21:31,212 [pool-383-thread-1] INFO  segmented.SegmentedRaftLogWorker (SegmentedRaftLogWorker.java:lambda$new$0(128)) - 05daad3a-5530-436f-abf5-8679b928a84d@group-EFF6974DAA05-SegmentedRaftLogWorker: flushIndex: setUnconditionally 0 -> -1
2019-10-02 17:21:31,212 [pool-383-thread-1] INFO  server.RaftServerConfigKeys (ConfUtils.java:logGet(43)) - raft.server.snapshot.auto.trigger.enabled = true (custom)
2019-10-02 17:21:31,212 [pool-383-thread-1] INFO  server.RaftServerConfigKeys (ConfUtils.java:logGet(43)) - raft.server.snapshot.auto.trigger.threshold = 10000 (custom)
2019-10-02 17:21:31,212 [pool-383-thread-1] INFO  server.RaftServerConfigKeys (ConfUtils.java:logGet(43)) - raft.server.snapshot.retention.file.num = 5 (custom)
2019-10-02 17:21:31,212 [pool-383-thread-1] INFO  server.RaftServerConfigKeys (ConfUtils.java:logGet(43)) - raft.server.retrycache.expirytime = 600000ms (custom)
2019-10-02 17:21:31,214 [pool-383-thread-1] INFO  impl.RaftServerImpl (RaftServerImpl.java:start(181)) - 05daad3a-5530-436f-abf5-8679b928a84d@group-EFF6974DAA05: start as a follower, conf=-1: [05daad3a-5530-436f-abf5-8679b928a84d:192.168.164.207:45555], old=null
2019-10-02 17:21:31,214 [pool-383-thread-1] INFO  impl.RaftServerImpl (RaftServerImpl.java:setRole(170)) - 05daad3a-5530-436f-abf5-8679b928a84d@group-EFF6974DAA05: changes role from      null to FOLLOWER at term 0 for startAsFollower
2019-10-02 17:21:31,214 [pool-383-thread-1] INFO  impl.RoleInfo (RoleInfo.java:updateAndGet(143)) - 05daad3a-5530-436f-abf5-8679b928a84d: start FollowerState
2019-10-02 17:21:31,214 [pool-383-thread-1] INFO  util.JmxRegister (JmxRegister.java:tryRegister(44)) - Successfully registered JMX Bean with object name Ratis:service=RaftServer,group=group-EFF6974DAA05,id=05daad3a-5530-436f-abf5-8679b928a84d
2019-10-02 17:21:31,218 [RatisPipelineUtilsThread] INFO  pipeline.PipelineStateManager (PipelineStateManager.java:addPipeline(56)) - Created pipeline Pipeline[ Id: 7f94f399-6812-4c41-a8e3-eff6974daa05, Nodes: 05daad3a-5530-436f-abf5-8679b928a84d{ip: 192.168.164.207, host: pr-hdds-2216-szf6q-3723478472, networkLocation: /default-rack, certSerialId: null}, Type:RATIS, Factor:ONE, State:OPEN]
2019-10-02 17:21:31,223 [grpc-default-executor-7] INFO  impl.RaftServerProxy (RaftServerProxy.java:addNew(89)) - d313778a-40e7-4d10-887d-cd4c269a6640: addNew group-FAF2D8459CC1:[d313778a-40e7-4d10-887d-cd4c269a6640:192.168.164.207:39819] returns group-FAF2D8459CC1:java.util.concurrent.CompletableFuture@5800d62a[Not completed]
2019-10-02 17:21:31,224 [pool-393-thread-1] INFO  impl.RaftServerImpl (RaftServerImpl.java:<init>(95)) - d313778a-40e7-4d10-887d-cd4c269a6640: new RaftServerImpl for group-FAF2D8459CC1:[d313778a-40e7-4d10-887d-cd4c269a6640:192.168.164.207:39819] with ContainerStateMachine:uninitialized
2019-10-02 17:21:31,224 [pool-393-thread-1] INFO  server.RaftServerConfigKeys (ConfUtils.java:logGet(43)) - raft.server.rpc.timeout.min = 5s (custom)
2019-10-02 17:21:31,224 [pool-393-thread-1] INFO  server.RaftServerConfigKeys (ConfUtils.java:logGet(43)) - raft.server.rpc.timeout.max = 5200ms (custom)
2019-10-02 17:21:31,224 [pool-393-thread-1] INFO  server.RaftServerConfigKeys (ConfUtils.java:logGet(43)) - raft.server.rpcslowness.timeout = 120s (custom)
2019-10-02 17:21:31,224 [pool-393-thread-1] INFO  server.RaftServerConfigKeys (ConfUtils.java:logGet(43)) - raft.server.sleep.deviation.threshold = 300 (default)
2019-10-02 17:21:31,224 [pool-393-thread-1] INFO  server.RaftServerConfigKeys (ConfUtils.java:logGet(43)) - raft.server.log.appender.install.snapshot.enabled = false (custom)
2019-10-02 17:21:31,224 [pool-393-thread-1] INFO  impl.RaftServerImpl (ServerState.java:<init>(103)) - d313778a-40e7-4d10-887d-cd4c269a6640@group-FAF2D8459CC1: ConfigurationManager, init=-1: [d313778a-40e7-4d10-887d-cd4c269a6640:192.168.164.207:39819], old=null, confs=<EMPTY_MAP>
2019-10-02 17:21:31,225 [pool-393-thread-1] INFO  server.RaftServerConfigKeys (ConfUtils.java:logGet(43)) - raft.server.storage.dir = [/workdir/hadoop-ozone/integration-test/target/test-dir/MiniOzoneClusterImpl-3c312c24-477b-403f-b698-3daa0d845912/datanode-1/data/ratis] (custom)
2019-10-02 17:21:31,225 [pool-393-thread-1] INFO  server.RaftServerConfigKeys (ConfUtils.java:logGet(43)) - raft.server.log.corruption.policy = EXCEPTION (default)
2019-10-02 17:21:31,225 [pool-393-thread-1] INFO  storage.RaftStorageDirectory (RaftStorageDirectory.java:analyzeStorage(246)) - The storage directory /workdir/hadoop-ozone/integration-test/target/test-dir/MiniOzoneClusterImpl-3c312c24-477b-403f-b698-3daa0d845912/datanode-1/data/ratis/f0137fa7-4fb1-4892-957b-faf2d8459cc1 does not exist. Creating ...
2019-10-02 17:21:31,240 [pool-393-thread-1] INFO  storage.RaftStorageDirectory (RaftStorageDirectory.java:tryLock(328)) - Lock on /workdir/hadoop-ozone/integration-test/target/test-dir/MiniOzoneClusterImpl-3c312c24-477b-403f-b698-3daa0d845912/datanode-1/data/ratis/f0137fa7-4fb1-4892-957b-faf2d8459cc1/in_use.lock acquired by nodename 17260@pr-hdds-2216-szf6q-3723478472
2019-10-02 17:21:31,255 [pool-393-thread-1] INFO  storage.RaftStorage (RaftStorage.java:format(84)) - Storage directory /workdir/hadoop-ozone/integration-test/target/test-dir/MiniOzoneClusterImpl-3c312c24-477b-403f-b698-3daa0d845912/datanode-1/data/ratis/f0137fa7-4fb1-4892-957b-faf2d8459cc1 has been successfully formatted.
2019-10-02 17:21:31,255 [pool-393-thread-1] INFO  ratis.ContainerStateMachine (ContainerStateMachine.java:loadSnapshot(230)) - group-FAF2D8459CC1: The snapshot info is null. Setting the last applied indexto:(t:0, i:~)
2019-10-02 17:21:31,255 [pool-393-thread-1] INFO  server.RaftServerConfigKeys (ConfUtils.java:logGet(43)) - raft.server.notification.no-leader.timeout = 120s (custom)
2019-10-02 17:21:31,255 [pool-393-thread-1] INFO  server.RaftServerConfigKeys (ConfUtils.java:logGet(43)) - raft.server.log.use.memory = false (default)
2019-10-02 17:21:31,255 [IPC Server handler 7 on 37176] INFO  net.NetworkTopology (NetworkTopologyImpl.java:add(111)) - Added a new node: /default-rack/0a1f0d9e-a701-4d69-8c9f-5b5f88cf3ec1
2019-10-02 17:21:31,255 [pool-393-thread-1] INFO  server.RaftServerConfigKeys (ConfUtils.java:logGet(43)) - raft.server.log.purge.gap = 1000000 (custom)
2019-10-02 17:21:31,255 [IPC Server handler 7 on 37176] INFO  node.SCMNodeManager (SCMNodeManager.java:register(266)) - Registered Data node : 0a1f0d9e-a701-4d69-8c9f-5b5f88cf3ec1{ip: 192.168.164.207, host: pr-hdds-2216-szf6q-3723478472, networkLocation: /default-rack, certSerialId: null}
2019-10-02 17:21:31,256 [pool-393-thread-1] INFO  server.RaftServerConfigKeys (ConfUtils.java:logGet(43)) - raft.server.log.appender.buffer.byte-limit = 33554432 (custom)
2019-10-02 17:21:31,256 [pool-393-thread-1] INFO  server.RaftServerConfigKeys (ConfUtils.java:logGet(43)) - raft.server.log.segment.size.max = 1048576 (custom)
2019-10-02 17:21:31,258 [pool-393-thread-1] INFO  server.RaftServerConfigKeys (ConfUtils.java:logGet(43)) - raft.server.log.segment.cache.num.max = 2 (custom)
2019-10-02 17:21:31,258 [pool-393-thread-1] INFO  segmented.SegmentedRaftLogWorker (SegmentedRaftLogWorker.java:<init>(173)) - new d313778a-40e7-4d10-887d-cd4c269a6640@group-FAF2D8459CC1-SegmentedRaftLogWorker for RaftStorage:Storage Directory /workdir/hadoop-ozone/integration-test/target/test-dir/MiniOzoneClusterImpl-3c312c24-477b-403f-b698-3daa0d845912/datanode-1/data/ratis/f0137fa7-4fb1-4892-957b-faf2d8459cc1
2019-10-02 17:21:31,258 [pool-393-thread-1] INFO  server.RaftServerConfigKeys (ConfUtils.java:logGet(43)) - raft.server.log.queue.byte-limit = 2147483647 (custom)
2019-10-02 17:21:31,258 [pool-393-thread-1] INFO  server.RaftServerConfigKeys (ConfUtils.java:logGet(43)) - raft.server.log.queue.element-limit = 1024 (custom)
2019-10-02 17:21:31,258 [pool-393-thread-1] INFO  server.RaftServerConfigKeys (ConfUtils.java:logGet(43)) - raft.server.log.segment.size.max = 1048576 (custom)
2019-10-02 17:21:31,258 [pool-393-thread-1] INFO  server.RaftServerConfigKeys (ConfUtils.java:logGet(43)) - raft.server.log.preallocated.size = 16384 (custom)
2019-10-02 17:21:31,258 [pool-393-thread-1] INFO  server.RaftServerConfigKeys (ConfUtils.java:logGet(43)) - raft.server.log.write.buffer.size = 33554432 (custom)
2019-10-02 17:21:31,258 [pool-393-thread-1] INFO  server.RaftServerConfigKeys (ConfUtils.java:logGet(43)) - raft.server.log.force.sync.num = 128 (default)
2019-10-02 17:21:31,258 [pool-393-thread-1] INFO  server.RaftServerConfigKeys (ConfUtils.java:logGet(43)) - raft.server.log.statemachine.data.sync = true (default)
2019-10-02 17:21:31,258 [pool-393-thread-1] INFO  server.RaftServerConfigKeys (ConfUtils.java:logGet(43)) - raft.server.log.statemachine.data.sync.timeout = 10s (default)
2019-10-02 17:21:31,259 [pool-393-thread-1] INFO  server.RaftServerConfigKeys (ConfUtils.java:logGet(43)) - raft.server.log.statemachine.data.sync.timeout.retry = -1 (default)
2019-10-02 17:21:31,259 [pool-393-thread-1] INFO  server.RaftServerConfigKeys (ConfUtils.java:logGet(43)) - raft.server.log.statemachine.data.caching.enabled = true (custom)
2019-10-02 17:21:31,259 [pool-393-thread-1] INFO  segmented.SegmentedRaftLogWorker (SegmentedRaftLogWorker.java:lambda$new$0(128)) - d313778a-40e7-4d10-887d-cd4c269a6640@group-FAF2D8459CC1-SegmentedRaftLogWorker: flushIndex: setUnconditionally 0 -> -1
2019-10-02 17:21:31,259 [pool-393-thread-1] INFO  server.RaftServerConfigKeys (ConfUtils.java:logGet(43)) - raft.server.snapshot.auto.trigger.enabled = true (custom)
2019-10-02 17:21:31,259 [pool-393-thread-1] INFO  server.RaftServerConfigKeys (ConfUtils.java:logGet(43)) - raft.server.snapshot.auto.trigger.threshold = 10000 (custom)
2019-10-02 17:21:31,259 [pool-393-thread-1] INFO  server.RaftServerConfigKeys (ConfUtils.java:logGet(43)) - raft.server.snapshot.retention.file.num = 5 (custom)
2019-10-02 17:21:31,259 [pool-393-thread-1] INFO  server.RaftServerConfigKeys (ConfUtils.java:logGet(43)) - raft.server.retrycache.expirytime = 600000ms (custom)
2019-10-02 17:21:31,260 [pool-393-thread-1] INFO  impl.RaftServerImpl (RaftServerImpl.java:start(181)) - d313778a-40e7-4d10-887d-cd4c269a6640@group-FAF2D8459CC1: start as a follower, conf=-1: [d313778a-40e7-4d10-887d-cd4c269a6640:192.168.164.207:39819], old=null
2019-10-02 17:21:31,261 [pool-393-thread-1] INFO  impl.RaftServerImpl (RaftServerImpl.java:setRole(170)) - d313778a-40e7-4d10-887d-cd4c269a6640@group-FAF2D8459CC1: changes role from      null to FOLLOWER at term 0 for startAsFollower
2019-10-02 17:21:31,261 [pool-393-thread-1] INFO  impl.RoleInfo (RoleInfo.java:updateAndGet(143)) - d313778a-40e7-4d10-887d-cd4c269a6640: start FollowerState
2019-10-02 17:21:31,261 [pool-393-thread-1] INFO  util.JmxRegister (JmxRegister.java:tryRegister(44)) - Successfully registered JMX Bean with object name Ratis:service=RaftServer,group=group-FAF2D8459CC1,id=d313778a-40e7-4d10-887d-cd4c269a6640
2019-10-02 17:21:31,264 [RatisPipelineUtilsThread] INFO  pipeline.PipelineStateManager (PipelineStateManager.java:addPipeline(56)) - Created pipeline Pipeline[ Id: f0137fa7-4fb1-4892-957b-faf2d8459cc1, Nodes: d313778a-40e7-4d10-887d-cd4c269a6640{ip: 192.168.164.207, host: pr-hdds-2216-szf6q-3723478472, networkLocation: /default-rack, certSerialId: null}, Type:RATIS, Factor:ONE, State:OPEN]
2019-10-02 17:21:31,267 [grpc-default-executor-7] INFO  impl.RaftServerProxy (RaftServerProxy.java:addNew(89)) - 0a1f0d9e-a701-4d69-8c9f-5b5f88cf3ec1: addNew group-3B2DF4142888:[0a1f0d9e-a701-4d69-8c9f-5b5f88cf3ec1:192.168.164.207:41465] returns group-3B2DF4142888:java.util.concurrent.CompletableFuture@17c2a13d[Not completed]
2019-10-02 17:21:31,268 [pool-403-thread-1] INFO  impl.RaftServerImpl (RaftServerImpl.java:<init>(95)) - 0a1f0d9e-a701-4d69-8c9f-5b5f88cf3ec1: new RaftServerImpl for group-3B2DF4142888:[0a1f0d9e-a701-4d69-8c9f-5b5f88cf3ec1:192.168.164.207:41465] with ContainerStateMachine:uninitialized
2019-10-02 17:21:31,268 [pool-403-thread-1] INFO  server.RaftServerConfigKeys (ConfUtils.java:logGet(43)) - raft.server.rpc.timeout.min = 5s (custom)
2019-10-02 17:21:31,268 [pool-403-thread-1] INFO  server.RaftServerConfigKeys (ConfUtils.java:logGet(43)) - raft.server.rpc.timeout.max = 5200ms (custom)
2019-10-02 17:21:31,269 [pool-403-thread-1] INFO  server.RaftServerConfigKeys (ConfUtils.java:logGet(43)) - raft.server.rpcslowness.timeout = 120s (custom)
2019-10-02 17:21:31,269 [pool-403-thread-1] INFO  server.RaftServerConfigKeys (ConfUtils.java:logGet(43)) - raft.server.sleep.deviation.threshold = 300 (default)
2019-10-02 17:21:31,269 [pool-403-thread-1] INFO  server.RaftServerConfigKeys (ConfUtils.java:logGet(43)) - raft.server.log.appender.install.snapshot.enabled = false (custom)
2019-10-02 17:21:31,269 [pool-403-thread-1] INFO  impl.RaftServerImpl (ServerState.java:<init>(103)) - 0a1f0d9e-a701-4d69-8c9f-5b5f88cf3ec1@group-3B2DF4142888: ConfigurationManager, init=-1: [0a1f0d9e-a701-4d69-8c9f-5b5f88cf3ec1:192.168.164.207:41465], old=null, confs=<EMPTY_MAP>
2019-10-02 17:21:31,269 [pool-403-thread-1] INFO  server.RaftServerConfigKeys (ConfUtils.java:logGet(43)) - raft.server.storage.dir = [/workdir/hadoop-ozone/integration-test/target/test-dir/MiniOzoneClusterImpl-3c312c24-477b-403f-b698-3daa0d845912/datanode-2/data/ratis] (custom)
2019-10-02 17:21:31,269 [pool-403-thread-1] INFO  server.RaftServerConfigKeys (ConfUtils.java:logGet(43)) - raft.server.log.corruption.policy = EXCEPTION (default)
2019-10-02 17:21:31,269 [pool-403-thread-1] INFO  storage.RaftStorageDirectory (RaftStorageDirectory.java:analyzeStorage(246)) - The storage directory /workdir/hadoop-ozone/integration-test/target/test-dir/MiniOzoneClusterImpl-3c312c24-477b-403f-b698-3daa0d845912/datanode-2/data/ratis/29988236-e34c-4126-b64c-3b2df4142888 does not exist. Creating ...
2019-10-02 17:21:31,275 [pool-403-thread-1] INFO  storage.RaftStorageDirectory (RaftStorageDirectory.java:tryLock(328)) - Lock on /workdir/hadoop-ozone/integration-test/target/test-dir/MiniOzoneClusterImpl-3c312c24-477b-403f-b698-3daa0d845912/datanode-2/data/ratis/29988236-e34c-4126-b64c-3b2df4142888/in_use.lock acquired by nodename 17260@pr-hdds-2216-szf6q-3723478472
2019-10-02 17:21:31,289 [pool-403-thread-1] INFO  storage.RaftStorage (RaftStorage.java:format(84)) - Storage directory /workdir/hadoop-ozone/integration-test/target/test-dir/MiniOzoneClusterImpl-3c312c24-477b-403f-b698-3daa0d845912/datanode-2/data/ratis/29988236-e34c-4126-b64c-3b2df4142888 has been successfully formatted.
2019-10-02 17:21:31,289 [pool-403-thread-1] INFO  ratis.ContainerStateMachine (ContainerStateMachine.java:loadSnapshot(230)) - group-3B2DF4142888: The snapshot info is null. Setting the last applied indexto:(t:0, i:~)
2019-10-02 17:21:31,289 [pool-403-thread-1] INFO  server.RaftServerConfigKeys (ConfUtils.java:logGet(43)) - raft.server.notification.no-leader.timeout = 120s (custom)
2019-10-02 17:21:31,289 [pool-403-thread-1] INFO  server.RaftServerConfigKeys (ConfUtils.java:logGet(43)) - raft.server.log.use.memory = false (default)
2019-10-02 17:21:31,289 [pool-403-thread-1] INFO  server.RaftServerConfigKeys (ConfUtils.java:logGet(43)) - raft.server.log.purge.gap = 1000000 (custom)
2019-10-02 17:21:31,289 [pool-403-thread-1] INFO  server.RaftServerConfigKeys (ConfUtils.java:logGet(43)) - raft.server.log.appender.buffer.byte-limit = 33554432 (custom)
2019-10-02 17:21:31,290 [pool-403-thread-1] INFO  server.RaftServerConfigKeys (ConfUtils.java:logGet(43)) - raft.server.log.segment.size.max = 1048576 (custom)
2019-10-02 17:21:31,291 [pool-403-thread-1] INFO  server.RaftServerConfigKeys (ConfUtils.java:logGet(43)) - raft.server.log.segment.cache.num.max = 2 (custom)
2019-10-02 17:21:31,291 [pool-403-thread-1] INFO  segmented.SegmentedRaftLogWorker (SegmentedRaftLogWorker.java:<init>(173)) - new 0a1f0d9e-a701-4d69-8c9f-5b5f88cf3ec1@group-3B2DF4142888-SegmentedRaftLogWorker for RaftStorage:Storage Directory /workdir/hadoop-ozone/integration-test/target/test-dir/MiniOzoneClusterImpl-3c312c24-477b-403f-b698-3daa0d845912/datanode-2/data/ratis/29988236-e34c-4126-b64c-3b2df4142888
2019-10-02 17:21:31,291 [pool-403-thread-1] INFO  server.RaftServerConfigKeys (ConfUtils.java:logGet(43)) - raft.server.log.queue.byte-limit = 2147483647 (custom)
2019-10-02 17:21:31,291 [pool-403-thread-1] INFO  server.RaftServerConfigKeys (ConfUtils.java:logGet(43)) - raft.server.log.queue.element-limit = 1024 (custom)
2019-10-02 17:21:31,291 [pool-403-thread-1] INFO  server.RaftServerConfigKeys (ConfUtils.java:logGet(43)) - raft.server.log.segment.size.max = 1048576 (custom)
2019-10-02 17:21:31,291 [pool-403-thread-1] INFO  server.RaftServerConfigKeys (ConfUtils.java:logGet(43)) - raft.server.log.preallocated.size = 16384 (custom)
2019-10-02 17:21:31,291 [pool-403-thread-1] INFO  server.RaftServerConfigKeys (ConfUtils.java:logGet(43)) - raft.server.log.write.buffer.size = 33554432 (custom)
2019-10-02 17:21:31,291 [pool-403-thread-1] INFO  server.RaftServerConfigKeys (ConfUtils.java:logGet(43)) - raft.server.log.force.sync.num = 128 (default)
2019-10-02 17:21:31,291 [pool-403-thread-1] INFO  server.RaftServerConfigKeys (ConfUtils.java:logGet(43)) - raft.server.log.statemachine.data.sync = true (default)
2019-10-02 17:21:31,291 [pool-403-thread-1] INFO  server.RaftServerConfigKeys (ConfUtils.java:logGet(43)) - raft.server.log.statemachine.data.sync.timeout = 10s (default)
2019-10-02 17:21:31,292 [pool-403-thread-1] INFO  server.RaftServerConfigKeys (ConfUtils.java:logGet(43)) - raft.server.log.statemachine.data.sync.timeout.retry = -1 (default)
2019-10-02 17:21:31,292 [pool-403-thread-1] INFO  server.RaftServerConfigKeys (ConfUtils.java:logGet(43)) - raft.server.log.statemachine.data.caching.enabled = true (custom)
2019-10-02 17:21:31,292 [pool-403-thread-1] INFO  segmented.SegmentedRaftLogWorker (SegmentedRaftLogWorker.java:lambda$new$0(128)) - 0a1f0d9e-a701-4d69-8c9f-5b5f88cf3ec1@group-3B2DF4142888-SegmentedRaftLogWorker: flushIndex: setUnconditionally 0 -> -1
2019-10-02 17:21:31,292 [pool-403-thread-1] INFO  server.RaftServerConfigKeys (ConfUtils.java:logGet(43)) - raft.server.snapshot.auto.trigger.enabled = true (custom)
2019-10-02 17:21:31,292 [pool-403-thread-1] INFO  server.RaftServerConfigKeys (ConfUtils.java:logGet(43)) - raft.server.snapshot.auto.trigger.threshold = 10000 (custom)
2019-10-02 17:21:31,292 [pool-403-thread-1] INFO  server.RaftServerConfigKeys (ConfUtils.java:logGet(43)) - raft.server.snapshot.retention.file.num = 5 (custom)
2019-10-02 17:21:31,292 [pool-403-thread-1] INFO  server.RaftServerConfigKeys (ConfUtils.java:logGet(43)) - raft.server.retrycache.expirytime = 600000ms (custom)
2019-10-02 17:21:31,293 [pool-403-thread-1] INFO  impl.RaftServerImpl (RaftServerImpl.java:start(181)) - 0a1f0d9e-a701-4d69-8c9f-5b5f88cf3ec1@group-3B2DF4142888: start as a follower, conf=-1: [0a1f0d9e-a701-4d69-8c9f-5b5f88cf3ec1:192.168.164.207:41465], old=null
2019-10-02 17:21:31,293 [pool-403-thread-1] INFO  impl.RaftServerImpl (RaftServerImpl.java:setRole(170)) - 0a1f0d9e-a701-4d69-8c9f-5b5f88cf3ec1@group-3B2DF4142888: changes role from      null to FOLLOWER at term 0 for startAsFollower
2019-10-02 17:21:31,294 [pool-403-thread-1] INFO  impl.RoleInfo (RoleInfo.java:updateAndGet(143)) - 0a1f0d9e-a701-4d69-8c9f-5b5f88cf3ec1: start FollowerState
2019-10-02 17:21:31,294 [pool-403-thread-1] INFO  util.JmxRegister (JmxRegister.java:tryRegister(44)) - Successfully registered JMX Bean with object name Ratis:service=RaftServer,group=group-3B2DF4142888,id=0a1f0d9e-a701-4d69-8c9f-5b5f88cf3ec1
2019-10-02 17:21:31,297 [RatisPipelineUtilsThread] INFO  pipeline.PipelineStateManager (PipelineStateManager.java:addPipeline(56)) - Created pipeline Pipeline[ Id: 29988236-e34c-4126-b64c-3b2df4142888, Nodes: 0a1f0d9e-a701-4d69-8c9f-5b5f88cf3ec1{ip: 192.168.164.207, host: pr-hdds-2216-szf6q-3723478472, networkLocation: /default-rack, certSerialId: null}, Type:RATIS, Factor:ONE, State:OPEN]
2019-10-02 17:21:31,311 [grpc-default-executor-7] INFO  impl.RaftServerProxy (RaftServerProxy.java:addNew(89)) - 0a1f0d9e-a701-4d69-8c9f-5b5f88cf3ec1: addNew group-791C69D32656:[d313778a-40e7-4d10-887d-cd4c269a6640:192.168.164.207:39819, 05daad3a-5530-436f-abf5-8679b928a84d:192.168.164.207:45555, 0a1f0d9e-a701-4d69-8c9f-5b5f88cf3ec1:192.168.164.207:41465] returns group-791C69D32656:java.util.concurrent.CompletableFuture@1d0b7eef[Not completed]
2019-10-02 17:21:31,311 [grpc-default-executor-8] INFO  impl.RaftServerProxy (RaftServerProxy.java:addNew(89)) - 05daad3a-5530-436f-abf5-8679b928a84d: addNew group-791C69D32656:[d313778a-40e7-4d10-887d-cd4c269a6640:192.168.164.207:39819, 05daad3a-5530-436f-abf5-8679b928a84d:192.168.164.207:45555, 0a1f0d9e-a701-4d69-8c9f-5b5f88cf3ec1:192.168.164.207:41465] returns group-791C69D32656:java.util.concurrent.CompletableFuture@13a78f46[Not completed]
2019-10-02 17:21:31,312 [grpc-default-executor-6] INFO  impl.RaftServerProxy (RaftServerProxy.java:addNew(89)) - d313778a-40e7-4d10-887d-cd4c269a6640: addNew group-791C69D32656:[d313778a-40e7-4d10-887d-cd4c269a6640:192.168.164.207:39819, 05daad3a-5530-436f-abf5-8679b928a84d:192.168.164.207:45555, 0a1f0d9e-a701-4d69-8c9f-5b5f88cf3ec1:192.168.164.207:41465] returns group-791C69D32656:java.util.concurrent.CompletableFuture@6bebfbc3[Not completed]
2019-10-02 17:21:31,313 [pool-403-thread-1] INFO  impl.RaftServerImpl (RaftServerImpl.java:<init>(95)) - 0a1f0d9e-a701-4d69-8c9f-5b5f88cf3ec1: new RaftServerImpl for group-791C69D32656:[d313778a-40e7-4d10-887d-cd4c269a6640:192.168.164.207:39819, 05daad3a-5530-436f-abf5-8679b928a84d:192.168.164.207:45555, 0a1f0d9e-a701-4d69-8c9f-5b5f88cf3ec1:192.168.164.207:41465] with ContainerStateMachine:uninitialized
2019-10-02 17:21:31,313 [pool-403-thread-1] INFO  server.RaftServerConfigKeys (ConfUtils.java:logGet(43)) - raft.server.rpc.timeout.min = 5s (custom)
2019-10-02 17:21:31,313 [pool-403-thread-1] INFO  server.RaftServerConfigKeys (ConfUtils.java:logGet(43)) - raft.server.rpc.timeout.max = 5200ms (custom)
2019-10-02 17:21:31,313 [pool-403-thread-1] INFO  server.RaftServerConfigKeys (ConfUtils.java:logGet(43)) - raft.server.rpcslowness.timeout = 120s (custom)
2019-10-02 17:21:31,313 [pool-403-thread-1] INFO  server.RaftServerConfigKeys (ConfUtils.java:logGet(43)) - raft.server.sleep.deviation.threshold = 300 (default)
2019-10-02 17:21:31,313 [pool-393-thread-1] INFO  impl.RaftServerImpl (RaftServerImpl.java:<init>(95)) - d313778a-40e7-4d10-887d-cd4c269a6640: new RaftServerImpl for group-791C69D32656:[d313778a-40e7-4d10-887d-cd4c269a6640:192.168.164.207:39819, 05daad3a-5530-436f-abf5-8679b928a84d:192.168.164.207:45555, 0a1f0d9e-a701-4d69-8c9f-5b5f88cf3ec1:192.168.164.207:41465] with ContainerStateMachine:uninitialized
2019-10-02 17:21:31,313 [pool-403-thread-1] INFO  server.RaftServerConfigKeys (ConfUtils.java:logGet(43)) - raft.server.log.appender.install.snapshot.enabled = false (custom)
2019-10-02 17:21:31,313 [pool-393-thread-1] INFO  server.RaftServerConfigKeys (ConfUtils.java:logGet(43)) - raft.server.rpc.timeout.min = 5s (custom)
2019-10-02 17:21:31,313 [pool-403-thread-1] INFO  impl.RaftServerImpl (ServerState.java:<init>(103)) - 0a1f0d9e-a701-4d69-8c9f-5b5f88cf3ec1@group-791C69D32656: ConfigurationManager, init=-1: [d313778a-40e7-4d10-887d-cd4c269a6640:192.168.164.207:39819, 05daad3a-5530-436f-abf5-8679b928a84d:192.168.164.207:45555, 0a1f0d9e-a701-4d69-8c9f-5b5f88cf3ec1:192.168.164.207:41465], old=null, confs=<EMPTY_MAP>
2019-10-02 17:21:31,313 [pool-393-thread-1] INFO  server.RaftServerConfigKeys (ConfUtils.java:logGet(43)) - raft.server.rpc.timeout.max = 5200ms (custom)
2019-10-02 17:21:31,313 [pool-403-thread-1] INFO  server.RaftServerConfigKeys (ConfUtils.java:logGet(43)) - raft.server.storage.dir = [/workdir/hadoop-ozone/integration-test/target/test-dir/MiniOzoneClusterImpl-3c312c24-477b-403f-b698-3daa0d845912/datanode-2/data/ratis] (custom)
2019-10-02 17:21:31,313 [pool-383-thread-1] INFO  impl.RaftServerImpl (RaftServerImpl.java:<init>(95)) - 05daad3a-5530-436f-abf5-8679b928a84d: new RaftServerImpl for group-791C69D32656:[d313778a-40e7-4d10-887d-cd4c269a6640:192.168.164.207:39819, 05daad3a-5530-436f-abf5-8679b928a84d:192.168.164.207:45555, 0a1f0d9e-a701-4d69-8c9f-5b5f88cf3ec1:192.168.164.207:41465] with ContainerStateMachine:uninitialized
2019-10-02 17:21:31,314 [pool-403-thread-1] INFO  server.RaftServerConfigKeys (ConfUtils.java:logGet(43)) - raft.server.log.corruption.policy = EXCEPTION (default)
2019-10-02 17:21:31,313 [pool-393-thread-1] INFO  server.RaftServerConfigKeys (ConfUtils.java:logGet(43)) - raft.server.rpcslowness.timeout = 120s (custom)
2019-10-02 17:21:31,314 [pool-403-thread-1] INFO  storage.RaftStorageDirectory (RaftStorageDirectory.java:analyzeStorage(246)) - The storage directory /workdir/hadoop-ozone/integration-test/target/test-dir/MiniOzoneClusterImpl-3c312c24-477b-403f-b698-3daa0d845912/datanode-2/data/ratis/d978a9cf-080e-4d0f-b100-791c69d32656 does not exist. Creating ...
2019-10-02 17:21:31,314 [pool-383-thread-1] INFO  server.RaftServerConfigKeys (ConfUtils.java:logGet(43)) - raft.server.rpc.timeout.min = 5s (custom)
2019-10-02 17:21:31,314 [pool-393-thread-1] INFO  server.RaftServerConfigKeys (ConfUtils.java:logGet(43)) - raft.server.sleep.deviation.threshold = 300 (default)
2019-10-02 17:21:31,314 [pool-383-thread-1] INFO  server.RaftServerConfigKeys (ConfUtils.java:logGet(43)) - raft.server.rpc.timeout.max = 5200ms (custom)
2019-10-02 17:21:31,314 [pool-393-thread-1] INFO  server.RaftServerConfigKeys (ConfUtils.java:logGet(43)) - raft.server.log.appender.install.snapshot.enabled = false (custom)
2019-10-02 17:21:31,314 [pool-383-thread-1] INFO  server.RaftServerConfigKeys (ConfUtils.java:logGet(43)) - raft.server.rpcslowness.timeout = 120s (custom)
2019-10-02 17:21:31,314 [pool-393-thread-1] INFO  impl.RaftServerImpl (ServerState.java:<init>(103)) - d313778a-40e7-4d10-887d-cd4c269a6640@group-791C69D32656: ConfigurationManager, init=-1: [d313778a-40e7-4d10-887d-cd4c269a6640:192.168.164.207:39819, 05daad3a-5530-436f-abf5-8679b928a84d:192.168.164.207:45555, 0a1f0d9e-a701-4d69-8c9f-5b5f88cf3ec1:192.168.164.207:41465], old=null, confs=<EMPTY_MAP>
2019-10-02 17:21:31,314 [pool-383-thread-1] INFO  server.RaftServerConfigKeys (ConfUtils.java:logGet(43)) - raft.server.sleep.deviation.threshold = 300 (default)
2019-10-02 17:21:31,314 [pool-393-thread-1] INFO  server.RaftServerConfigKeys (ConfUtils.java:logGet(43)) - raft.server.storage.dir = [/workdir/hadoop-ozone/integration-test/target/test-dir/MiniOzoneClusterImpl-3c312c24-477b-403f-b698-3daa0d845912/datanode-1/data/ratis] (custom)
2019-10-02 17:21:31,314 [pool-383-thread-1] INFO  server.RaftServerConfigKeys (ConfUtils.java:logGet(43)) - raft.server.log.appender.install.snapshot.enabled = false (custom)
2019-10-02 17:21:31,315 [pool-393-thread-1] INFO  server.RaftServerConfigKeys (ConfUtils.java:logGet(43)) - raft.server.log.corruption.policy = EXCEPTION (default)
2019-10-02 17:21:31,315 [pool-383-thread-1] INFO  impl.RaftServerImpl (ServerState.java:<init>(103)) - 05daad3a-5530-436f-abf5-8679b928a84d@group-791C69D32656: ConfigurationManager, init=-1: [d313778a-40e7-4d10-887d-cd4c269a6640:192.168.164.207:39819, 05daad3a-5530-436f-abf5-8679b928a84d:192.168.164.207:45555, 0a1f0d9e-a701-4d69-8c9f-5b5f88cf3ec1:192.168.164.207:41465], old=null, confs=<EMPTY_MAP>
2019-10-02 17:21:31,315 [pool-393-thread-1] INFO  storage.RaftStorageDirectory (RaftStorageDirectory.java:analyzeStorage(246)) - The storage directory /workdir/hadoop-ozone/integration-test/target/test-dir/MiniOzoneClusterImpl-3c312c24-477b-403f-b698-3daa0d845912/datanode-1/data/ratis/d978a9cf-080e-4d0f-b100-791c69d32656 does not exist. Creating ...
2019-10-02 17:21:31,315 [pool-383-thread-1] INFO  server.RaftServerConfigKeys (ConfUtils.java:logGet(43)) - raft.server.storage.dir = [/workdir/hadoop-ozone/integration-test/target/test-dir/MiniOzoneClusterImpl-3c312c24-477b-403f-b698-3daa0d845912/datanode-0/data/ratis] (custom)
2019-10-02 17:21:31,315 [pool-383-thread-1] INFO  server.RaftServerConfigKeys (ConfUtils.java:logGet(43)) - raft.server.log.corruption.policy = EXCEPTION (default)
2019-10-02 17:21:31,315 [pool-383-thread-1] INFO  storage.RaftStorageDirectory (RaftStorageDirectory.java:analyzeStorage(246)) - The storage directory /workdir/hadoop-ozone/integration-test/target/test-dir/MiniOzoneClusterImpl-3c312c24-477b-403f-b698-3daa0d845912/datanode-0/data/ratis/d978a9cf-080e-4d0f-b100-791c69d32656 does not exist. Creating ...
2019-10-02 17:21:31,320 [IPC Server handler 18 on 37176] INFO  net.NetworkTopology (NetworkTopologyImpl.java:add(111)) - Added a new node: /default-rack/55f59d72-0167-4e77-8bf2-6a26e4e7cb10
2019-10-02 17:21:31,320 [IPC Server handler 18 on 37176] INFO  node.SCMNodeManager (SCMNodeManager.java:register(266)) - Registered Data node : 55f59d72-0167-4e77-8bf2-6a26e4e7cb10{ip: 192.168.164.207, host: pr-hdds-2216-szf6q-3723478472, networkLocation: /default-rack, certSerialId: null}
2019-10-02 17:21:31,320 [pool-393-thread-1] INFO  storage.RaftStorageDirectory (RaftStorageDirectory.java:tryLock(328)) - Lock on /workdir/hadoop-ozone/integration-test/target/test-dir/MiniOzoneClusterImpl-3c312c24-477b-403f-b698-3daa0d845912/datanode-1/data/ratis/d978a9cf-080e-4d0f-b100-791c69d32656/in_use.lock acquired by nodename 17260@pr-hdds-2216-szf6q-3723478472
2019-10-02 17:21:31,320 [pool-403-thread-1] INFO  storage.RaftStorageDirectory (RaftStorageDirectory.java:tryLock(328)) - Lock on /workdir/hadoop-ozone/integration-test/target/test-dir/MiniOzoneClusterImpl-3c312c24-477b-403f-b698-3daa0d845912/datanode-2/data/ratis/d978a9cf-080e-4d0f-b100-791c69d32656/in_use.lock acquired by nodename 17260@pr-hdds-2216-szf6q-3723478472
2019-10-02 17:21:31,320 [pool-383-thread-1] INFO  storage.RaftStorageDirectory (RaftStorageDirectory.java:tryLock(328)) - Lock on /workdir/hadoop-ozone/integration-test/target/test-dir/MiniOzoneClusterImpl-3c312c24-477b-403f-b698-3daa0d845912/datanode-0/data/ratis/d978a9cf-080e-4d0f-b100-791c69d32656/in_use.lock acquired by nodename 17260@pr-hdds-2216-szf6q-3723478472
2019-10-02 17:21:31,334 [pool-403-thread-1] INFO  storage.RaftStorage (RaftStorage.java:format(84)) - Storage directory /workdir/hadoop-ozone/integration-test/target/test-dir/MiniOzoneClusterImpl-3c312c24-477b-403f-b698-3daa0d845912/datanode-2/data/ratis/d978a9cf-080e-4d0f-b100-791c69d32656 has been successfully formatted.
2019-10-02 17:21:31,334 [pool-383-thread-1] INFO  storage.RaftStorage (RaftStorage.java:format(84)) - Storage directory /workdir/hadoop-ozone/integration-test/target/test-dir/MiniOzoneClusterImpl-3c312c24-477b-403f-b698-3daa0d845912/datanode-0/data/ratis/d978a9cf-080e-4d0f-b100-791c69d32656 has been successfully formatted.
2019-10-02 17:21:31,334 [pool-393-thread-1] INFO  storage.RaftStorage (RaftStorage.java:format(84)) - Storage directory /workdir/hadoop-ozone/integration-test/target/test-dir/MiniOzoneClusterImpl-3c312c24-477b-403f-b698-3daa0d845912/datanode-1/data/ratis/d978a9cf-080e-4d0f-b100-791c69d32656 has been successfully formatted.
2019-10-02 17:21:31,335 [pool-403-thread-1] INFO  ratis.ContainerStateMachine (ContainerStateMachine.java:loadSnapshot(230)) - group-791C69D32656: The snapshot info is null. Setting the last applied indexto:(t:0, i:~)
2019-10-02 17:21:31,335 [pool-393-thread-1] INFO  ratis.ContainerStateMachine (ContainerStateMachine.java:loadSnapshot(230)) - group-791C69D32656: The snapshot info is null. Setting the last applied indexto:(t:0, i:~)
2019-10-02 17:21:31,335 [pool-383-thread-1] INFO  ratis.ContainerStateMachine (ContainerStateMachine.java:loadSnapshot(230)) - group-791C69D32656: The snapshot info is null. Setting the last applied indexto:(t:0, i:~)
2019-10-02 17:21:31,335 [pool-393-thread-1] INFO  server.RaftServerConfigKeys (ConfUtils.java:logGet(43)) - raft.server.notification.no-leader.timeout = 120s (custom)
2019-10-02 17:21:31,335 [pool-403-thread-1] INFO  server.RaftServerConfigKeys (ConfUtils.java:logGet(43)) - raft.server.notification.no-leader.timeout = 120s (custom)
2019-10-02 17:21:31,335 [pool-393-thread-1] INFO  server.RaftServerConfigKeys (ConfUtils.java:logGet(43)) - raft.server.log.use.memory = false (default)
2019-10-02 17:21:31,335 [pool-383-thread-1] INFO  server.RaftServerConfigKeys (ConfUtils.java:logGet(43)) - raft.server.notification.no-leader.timeout = 120s (custom)
2019-10-02 17:21:31,335 [pool-393-thread-1] INFO  server.RaftServerConfigKeys (ConfUtils.java:logGet(43)) - raft.server.log.purge.gap = 1000000 (custom)
2019-10-02 17:21:31,335 [pool-403-thread-1] INFO  server.RaftServerConfigKeys (ConfUtils.java:logGet(43)) - raft.server.log.use.memory = false (default)
2019-10-02 17:21:31,336 [pool-393-thread-1] INFO  server.RaftServerConfigKeys (ConfUtils.java:logGet(43)) - raft.server.log.appender.buffer.byte-limit = 33554432 (custom)
2019-10-02 17:21:31,335 [pool-383-thread-1] INFO  server.RaftServerConfigKeys (ConfUtils.java:logGet(43)) - raft.server.log.use.memory = false (default)
2019-10-02 17:21:31,336 [pool-393-thread-1] INFO  server.RaftServerConfigKeys (ConfUtils.java:logGet(43)) - raft.server.log.segment.size.max = 1048576 (custom)
2019-10-02 17:21:31,336 [pool-403-thread-1] INFO  server.RaftServerConfigKeys (ConfUtils.java:logGet(43)) - raft.server.log.purge.gap = 1000000 (custom)
2019-10-02 17:21:31,336 [pool-393-thread-1] INFO  server.RaftServerConfigKeys (ConfUtils.java:logGet(43)) - raft.server.log.segment.cache.num.max = 2 (custom)
2019-10-02 17:21:31,336 [pool-383-thread-1] INFO  server.RaftServerConfigKeys (ConfUtils.java:logGet(43)) - raft.server.log.purge.gap = 1000000 (custom)
2019-10-02 17:21:31,336 [pool-393-thread-1] INFO  segmented.SegmentedRaftLogWorker (SegmentedRaftLogWorker.java:<init>(173)) - new d313778a-40e7-4d10-887d-cd4c269a6640@group-791C69D32656-SegmentedRaftLogWorker for RaftStorage:Storage Directory /workdir/hadoop-ozone/integration-test/target/test-dir/MiniOzoneClusterImpl-3c312c24-477b-403f-b698-3daa0d845912/datanode-1/data/ratis/d978a9cf-080e-4d0f-b100-791c69d32656
2019-10-02 17:21:31,336 [pool-403-thread-1] INFO  server.RaftServerConfigKeys (ConfUtils.java:logGet(43)) - raft.server.log.appender.buffer.byte-limit = 33554432 (custom)
2019-10-02 17:21:31,336 [pool-393-thread-1] INFO  server.RaftServerConfigKeys (ConfUtils.java:logGet(43)) - raft.server.log.queue.byte-limit = 2147483647 (custom)
2019-10-02 17:21:31,336 [pool-383-thread-1] INFO  server.RaftServerConfigKeys (ConfUtils.java:logGet(43)) - raft.server.log.appender.buffer.byte-limit = 33554432 (custom)
2019-10-02 17:21:31,337 [pool-393-thread-1] INFO  server.RaftServerConfigKeys (ConfUtils.java:logGet(43)) - raft.server.log.queue.element-limit = 1024 (custom)
2019-10-02 17:21:31,336 [pool-403-thread-1] INFO  server.RaftServerConfigKeys (ConfUtils.java:logGet(43)) - raft.server.log.segment.size.max = 1048576 (custom)
2019-10-02 17:21:31,337 [pool-393-thread-1] INFO  server.RaftServerConfigKeys (ConfUtils.java:logGet(43)) - raft.server.log.segment.size.max = 1048576 (custom)
2019-10-02 17:21:31,337 [pool-383-thread-1] INFO  server.RaftServerConfigKeys (ConfUtils.java:logGet(43)) - raft.server.log.segment.size.max = 1048576 (custom)
2019-10-02 17:21:31,337 [pool-393-thread-1] INFO  server.RaftServerConfigKeys (ConfUtils.java:logGet(43)) - raft.server.log.preallocated.size = 16384 (custom)
2019-10-02 17:21:31,337 [pool-403-thread-1] INFO  server.RaftServerConfigKeys (ConfUtils.java:logGet(43)) - raft.server.log.segment.cache.num.max = 2 (custom)
2019-10-02 17:21:31,337 [pool-393-thread-1] INFO  server.RaftServerConfigKeys (ConfUtils.java:logGet(43)) - raft.server.log.write.buffer.size = 33554432 (custom)
2019-10-02 17:21:31,337 [pool-383-thread-1] INFO  server.RaftServerConfigKeys (ConfUtils.java:logGet(43)) - raft.server.log.segment.cache.num.max = 2 (custom)
2019-10-02 17:21:31,337 [pool-393-thread-1] INFO  server.RaftServerConfigKeys (ConfUtils.java:logGet(43)) - raft.server.log.force.sync.num = 128 (default)
2019-10-02 17:21:31,337 [pool-403-thread-1] INFO  segmented.SegmentedRaftLogWorker (SegmentedRaftLogWorker.java:<init>(173)) - new 0a1f0d9e-a701-4d69-8c9f-5b5f88cf3ec1@group-791C69D32656-SegmentedRaftLogWorker for RaftStorage:Storage Directory /workdir/hadoop-ozone/integration-test/target/test-dir/MiniOzoneClusterImpl-3c312c24-477b-403f-b698-3daa0d845912/datanode-2/data/ratis/d978a9cf-080e-4d0f-b100-791c69d32656
2019-10-02 17:21:31,337 [pool-393-thread-1] INFO  server.RaftServerConfigKeys (ConfUtils.java:logGet(43)) - raft.server.log.statemachine.data.sync = true (default)
2019-10-02 17:21:31,337 [pool-383-thread-1] INFO  segmented.SegmentedRaftLogWorker (SegmentedRaftLogWorker.java:<init>(173)) - new 05daad3a-5530-436f-abf5-8679b928a84d@group-791C69D32656-SegmentedRaftLogWorker for RaftStorage:Storage Directory /workdir/hadoop-ozone/integration-test/target/test-dir/MiniOzoneClusterImpl-3c312c24-477b-403f-b698-3daa0d845912/datanode-0/data/ratis/d978a9cf-080e-4d0f-b100-791c69d32656
2019-10-02 17:21:31,338 [pool-393-thread-1] INFO  server.RaftServerConfigKeys (ConfUtils.java:logGet(43)) - raft.server.log.statemachine.data.sync.timeout = 10s (default)
2019-10-02 17:21:31,338 [pool-403-thread-1] INFO  server.RaftServerConfigKeys (ConfUtils.java:logGet(43)) - raft.server.log.queue.byte-limit = 2147483647 (custom)
2019-10-02 17:21:31,338 [pool-393-thread-1] INFO  server.RaftServerConfigKeys (ConfUtils.java:logGet(43)) - raft.server.log.statemachine.data.sync.timeout.retry = -1 (default)
2019-10-02 17:21:31,338 [pool-383-thread-1] INFO  server.RaftServerConfigKeys (ConfUtils.java:logGet(43)) - raft.server.log.queue.byte-limit = 2147483647 (custom)
2019-10-02 17:21:31,338 [pool-393-thread-1] INFO  server.RaftServerConfigKeys (ConfUtils.java:logGet(43)) - raft.server.log.statemachine.data.caching.enabled = true (custom)
2019-10-02 17:21:31,338 [pool-403-thread-1] INFO  server.RaftServerConfigKeys (ConfUtils.java:logGet(43)) - raft.server.log.queue.element-limit = 1024 (custom)
2019-10-02 17:21:31,338 [pool-393-thread-1] INFO  segmented.SegmentedRaftLogWorker (SegmentedRaftLogWorker.java:lambda$new$0(128)) - d313778a-40e7-4d10-887d-cd4c269a6640@group-791C69D32656-SegmentedRaftLogWorker: flushIndex: setUnconditionally 0 -> -1
2019-10-02 17:21:31,338 [pool-383-thread-1] INFO  server.RaftServerConfigKeys (ConfUtils.java:logGet(43)) - raft.server.log.queue.element-limit = 1024 (custom)
2019-10-02 17:21:31,338 [pool-403-thread-1] INFO  server.RaftServerConfigKeys (ConfUtils.java:logGet(43)) - raft.server.log.segment.size.max = 1048576 (custom)
2019-10-02 17:21:31,339 [pool-383-thread-1] INFO  server.RaftServerConfigKeys (ConfUtils.java:logGet(43)) - raft.server.log.segment.size.max = 1048576 (custom)
2019-10-02 17:21:31,339 [pool-393-thread-1] INFO  server.RaftServerConfigKeys (ConfUtils.java:logGet(43)) - raft.server.snapshot.auto.trigger.enabled = true (custom)
2019-10-02 17:21:31,339 [pool-383-thread-1] INFO  server.RaftServerConfigKeys (ConfUtils.java:logGet(43)) - raft.server.log.preallocated.size = 16384 (custom)
2019-10-02 17:21:31,339 [pool-403-thread-1] INFO  server.RaftServerConfigKeys (ConfUtils.java:logGet(43)) - raft.server.log.preallocated.size = 16384 (custom)
2019-10-02 17:21:31,339 [pool-383-thread-1] INFO  server.RaftServerConfigKeys (ConfUtils.java:logGet(43)) - raft.server.log.write.buffer.size = 33554432 (custom)
2019-10-02 17:21:31,339 [pool-393-thread-1] INFO  server.RaftServerConfigKeys (ConfUtils.java:logGet(43)) - raft.server.snapshot.auto.trigger.threshold = 10000 (custom)
2019-10-02 17:21:31,339 [pool-383-thread-1] INFO  server.RaftServerConfigKeys (ConfUtils.java:logGet(43)) - raft.server.log.force.sync.num = 128 (default)
2019-10-02 17:21:31,339 [pool-403-thread-1] INFO  server.RaftServerConfigKeys (ConfUtils.java:logGet(43)) - raft.server.log.write.buffer.size = 33554432 (custom)
2019-10-02 17:21:31,339 [pool-383-thread-1] INFO  server.RaftServerConfigKeys (ConfUtils.java:logGet(43)) - raft.server.log.statemachine.data.sync = true (default)
2019-10-02 17:21:31,339 [pool-393-thread-1] INFO  server.RaftServerConfigKeys (ConfUtils.java:logGet(43)) - raft.server.snapshot.retention.file.num = 5 (custom)
2019-10-02 17:21:31,340 [pool-383-thread-1] INFO  server.RaftServerConfigKeys (ConfUtils.java:logGet(43)) - raft.server.log.statemachine.data.sync.timeout = 10s (default)
2019-10-02 17:21:31,340 [pool-403-thread-1] INFO  server.RaftServerConfigKeys (ConfUtils.java:logGet(43)) - raft.server.log.force.sync.num = 128 (default)
2019-10-02 17:21:31,340 [pool-383-thread-1] INFO  server.RaftServerConfigKeys (ConfUtils.java:logGet(43)) - raft.server.log.statemachine.data.sync.timeout.retry = -1 (default)
2019-10-02 17:21:31,340 [pool-393-thread-1] INFO  server.RaftServerConfigKeys (ConfUtils.java:logGet(43)) - raft.server.retrycache.expirytime = 600000ms (custom)
2019-10-02 17:21:31,340 [pool-383-thread-1] INFO  server.RaftServerConfigKeys (ConfUtils.java:logGet(43)) - raft.server.log.statemachine.data.caching.enabled = true (custom)
2019-10-02 17:21:31,340 [pool-403-thread-1] INFO  server.RaftServerConfigKeys (ConfUtils.java:logGet(43)) - raft.server.log.statemachine.data.sync = true (default)
2019-10-02 17:21:31,340 [pool-403-thread-1] INFO  server.RaftServerConfigKeys (ConfUtils.java:logGet(43)) - raft.server.log.statemachine.data.sync.timeout = 10s (default)
2019-10-02 17:21:31,340 [pool-383-thread-1] INFO  segmented.SegmentedRaftLogWorker (SegmentedRaftLogWorker.java:lambda$new$0(128)) - 05daad3a-5530-436f-abf5-8679b928a84d@group-791C69D32656-SegmentedRaftLogWorker: flushIndex: setUnconditionally 0 -> -1
2019-10-02 17:21:31,341 [pool-403-thread-1] INFO  server.RaftServerConfigKeys (ConfUtils.java:logGet(43)) - raft.server.log.statemachine.data.sync.timeout.retry = -1 (default)
2019-10-02 17:21:31,341 [pool-383-thread-1] INFO  server.RaftServerConfigKeys (ConfUtils.java:logGet(43)) - raft.server.snapshot.auto.trigger.enabled = true (custom)
2019-10-02 17:21:31,341 [pool-403-thread-1] INFO  server.RaftServerConfigKeys (ConfUtils.java:logGet(43)) - raft.server.log.statemachine.data.caching.enabled = true (custom)
2019-10-02 17:21:31,341 [pool-383-thread-1] INFO  server.RaftServerConfigKeys (ConfUtils.java:logGet(43)) - raft.server.snapshot.auto.trigger.threshold = 10000 (custom)
2019-10-02 17:21:31,341 [pool-383-thread-1] INFO  server.RaftServerConfigKeys (ConfUtils.java:logGet(43)) - raft.server.snapshot.retention.file.num = 5 (custom)
2019-10-02 17:21:31,341 [pool-403-thread-1] INFO  segmented.SegmentedRaftLogWorker (SegmentedRaftLogWorker.java:lambda$new$0(128)) - 0a1f0d9e-a701-4d69-8c9f-5b5f88cf3ec1@group-791C69D32656-SegmentedRaftLogWorker: flushIndex: setUnconditionally 0 -> -1
2019-10-02 17:21:31,341 [pool-393-thread-1] INFO  impl.RaftServerImpl (RaftServerImpl.java:start(181)) - d313778a-40e7-4d10-887d-cd4c269a6640@group-791C69D32656: start as a follower, conf=-1: [d313778a-40e7-4d10-887d-cd4c269a6640:192.168.164.207:39819, 05daad3a-5530-436f-abf5-8679b928a84d:192.168.164.207:45555, 0a1f0d9e-a701-4d69-8c9f-5b5f88cf3ec1:192.168.164.207:41465], old=null
2019-10-02 17:21:31,341 [pool-383-thread-1] INFO  server.RaftServerConfigKeys (ConfUtils.java:logGet(43)) - raft.server.retrycache.expirytime = 600000ms (custom)
2019-10-02 17:21:31,342 [pool-403-thread-1] INFO  server.RaftServerConfigKeys (ConfUtils.java:logGet(43)) - raft.server.snapshot.auto.trigger.enabled = true (custom)
2019-10-02 17:21:31,341 [pool-393-thread-1] INFO  impl.RaftServerImpl (RaftServerImpl.java:setRole(170)) - d313778a-40e7-4d10-887d-cd4c269a6640@group-791C69D32656: changes role from      null to FOLLOWER at term 0 for startAsFollower
2019-10-02 17:21:31,342 [pool-403-thread-1] INFO  server.RaftServerConfigKeys (ConfUtils.java:logGet(43)) - raft.server.snapshot.auto.trigger.threshold = 10000 (custom)
2019-10-02 17:21:31,342 [pool-393-thread-1] INFO  impl.RoleInfo (RoleInfo.java:updateAndGet(143)) - d313778a-40e7-4d10-887d-cd4c269a6640: start FollowerState
2019-10-02 17:21:31,342 [pool-403-thread-1] INFO  server.RaftServerConfigKeys (ConfUtils.java:logGet(43)) - raft.server.snapshot.retention.file.num = 5 (custom)
2019-10-02 17:21:31,342 [pool-403-thread-1] INFO  server.RaftServerConfigKeys (ConfUtils.java:logGet(43)) - raft.server.retrycache.expirytime = 600000ms (custom)
2019-10-02 17:21:31,342 [pool-393-thread-1] INFO  util.JmxRegister (JmxRegister.java:tryRegister(44)) - Successfully registered JMX Bean with object name Ratis:service=RaftServer,group=group-791C69D32656,id=d313778a-40e7-4d10-887d-cd4c269a6640
2019-10-02 17:21:31,343 [pool-383-thread-1] INFO  impl.RaftServerImpl (RaftServerImpl.java:start(181)) - 05daad3a-5530-436f-abf5-8679b928a84d@group-791C69D32656: start as a follower, conf=-1: [d313778a-40e7-4d10-887d-cd4c269a6640:192.168.164.207:39819, 05daad3a-5530-436f-abf5-8679b928a84d:192.168.164.207:45555, 0a1f0d9e-a701-4d69-8c9f-5b5f88cf3ec1:192.168.164.207:41465], old=null
2019-10-02 17:21:31,343 [pool-383-thread-1] INFO  impl.RaftServerImpl (RaftServerImpl.java:setRole(170)) - 05daad3a-5530-436f-abf5-8679b928a84d@group-791C69D32656: changes role from      null to FOLLOWER at term 0 for startAsFollower
2019-10-02 17:21:31,344 [pool-383-thread-1] INFO  impl.RoleInfo (RoleInfo.java:updateAndGet(143)) - 05daad3a-5530-436f-abf5-8679b928a84d: start FollowerState
2019-10-02 17:21:31,344 [pool-383-thread-1] INFO  util.JmxRegister (JmxRegister.java:tryRegister(44)) - Successfully registered JMX Bean with object name Ratis:service=RaftServer,group=group-791C69D32656,id=05daad3a-5530-436f-abf5-8679b928a84d
2019-10-02 17:21:31,345 [pool-403-thread-1] INFO  impl.RaftServerImpl (RaftServerImpl.java:start(181)) - 0a1f0d9e-a701-4d69-8c9f-5b5f88cf3ec1@group-791C69D32656: start as a follower, conf=-1: [d313778a-40e7-4d10-887d-cd4c269a6640:192.168.164.207:39819, 05daad3a-5530-436f-abf5-8679b928a84d:192.168.164.207:45555, 0a1f0d9e-a701-4d69-8c9f-5b5f88cf3ec1:192.168.164.207:41465], old=null
2019-10-02 17:21:31,345 [pool-403-thread-1] INFO  impl.RaftServerImpl (RaftServerImpl.java:setRole(170)) - 0a1f0d9e-a701-4d69-8c9f-5b5f88cf3ec1@group-791C69D32656: changes role from      null to FOLLOWER at term 0 for startAsFollower
2019-10-02 17:21:31,345 [pool-403-thread-1] INFO  impl.RoleInfo (RoleInfo.java:updateAndGet(143)) - 0a1f0d9e-a701-4d69-8c9f-5b5f88cf3ec1: start FollowerState
2019-10-02 17:21:31,346 [pool-403-thread-1] INFO  util.JmxRegister (JmxRegister.java:tryRegister(44)) - Successfully registered JMX Bean with object name Ratis:service=RaftServer,group=group-791C69D32656,id=0a1f0d9e-a701-4d69-8c9f-5b5f88cf3ec1
2019-10-02 17:21:31,349 [RatisPipelineUtilsThread] INFO  pipeline.PipelineStateManager (PipelineStateManager.java:addPipeline(56)) - Created pipeline Pipeline[ Id: d978a9cf-080e-4d0f-b100-791c69d32656, Nodes: d313778a-40e7-4d10-887d-cd4c269a6640{ip: 192.168.164.207, host: pr-hdds-2216-szf6q-3723478472, networkLocation: /default-rack, certSerialId: null}05daad3a-5530-436f-abf5-8679b928a84d{ip: 192.168.164.207, host: pr-hdds-2216-szf6q-3723478472, networkLocation: /default-rack, certSerialId: null}0a1f0d9e-a701-4d69-8c9f-5b5f88cf3ec1{ip: 192.168.164.207, host: pr-hdds-2216-szf6q-3723478472, networkLocation: /default-rack, certSerialId: null}, Type:RATIS, Factor:THREE, State:OPEN]
2019-10-02 17:21:31,352 [grpc-default-executor-6] INFO  impl.RaftServerProxy (RaftServerProxy.java:addNew(89)) - 55f59d72-0167-4e77-8bf2-6a26e4e7cb10: addNew group-A16F923B5FB1:[55f59d72-0167-4e77-8bf2-6a26e4e7cb10:192.168.164.207:43939] returns group-A16F923B5FB1:java.util.concurrent.CompletableFuture@12cf78b5[Not completed]
2019-10-02 17:21:31,353 [pool-413-thread-1] INFO  impl.RaftServerImpl (RaftServerImpl.java:<init>(95)) - 55f59d72-0167-4e77-8bf2-6a26e4e7cb10: new RaftServerImpl for group-A16F923B5FB1:[55f59d72-0167-4e77-8bf2-6a26e4e7cb10:192.168.164.207:43939] with ContainerStateMachine:uninitialized
2019-10-02 17:21:31,353 [pool-413-thread-1] INFO  server.RaftServerConfigKeys (ConfUtils.java:logGet(43)) - raft.server.rpc.timeout.min = 5s (custom)
2019-10-02 17:21:31,353 [pool-413-thread-1] INFO  server.RaftServerConfigKeys (ConfUtils.java:logGet(43)) - raft.server.rpc.timeout.max = 5200ms (custom)
2019-10-02 17:21:31,353 [pool-413-thread-1] INFO  server.RaftServerConfigKeys (ConfUtils.java:logGet(43)) - raft.server.rpcslowness.timeout = 120s (custom)
2019-10-02 17:21:31,354 [pool-413-thread-1] INFO  server.RaftServerConfigKeys (ConfUtils.java:logGet(43)) - raft.server.sleep.deviation.threshold = 300 (default)
2019-10-02 17:21:31,354 [pool-413-thread-1] INFO  server.RaftServerConfigKeys (ConfUtils.java:logGet(43)) - raft.server.log.appender.install.snapshot.enabled = false (custom)
2019-10-02 17:21:31,354 [pool-413-thread-1] INFO  impl.RaftServerImpl (ServerState.java:<init>(103)) - 55f59d72-0167-4e77-8bf2-6a26e4e7cb10@group-A16F923B5FB1: ConfigurationManager, init=-1: [55f59d72-0167-4e77-8bf2-6a26e4e7cb10:192.168.164.207:43939], old=null, confs=<EMPTY_MAP>
2019-10-02 17:21:31,354 [pool-413-thread-1] INFO  server.RaftServerConfigKeys (ConfUtils.java:logGet(43)) - raft.server.storage.dir = [/workdir/hadoop-ozone/integration-test/target/test-dir/MiniOzoneClusterImpl-3c312c24-477b-403f-b698-3daa0d845912/datanode-3/data/ratis] (custom)
2019-10-02 17:21:31,354 [pool-413-thread-1] INFO  server.RaftServerConfigKeys (ConfUtils.java:logGet(43)) - raft.server.log.corruption.policy = EXCEPTION (default)
2019-10-02 17:21:31,354 [pool-413-thread-1] INFO  storage.RaftStorageDirectory (RaftStorageDirectory.java:analyzeStorage(246)) - The storage directory /workdir/hadoop-ozone/integration-test/target/test-dir/MiniOzoneClusterImpl-3c312c24-477b-403f-b698-3daa0d845912/datanode-3/data/ratis/1678f114-bf39-47c2-bbaf-a16f923b5fb1 does not exist. Creating ...
2019-10-02 17:21:31,358 [pool-413-thread-1] INFO  storage.RaftStorageDirectory (RaftStorageDirectory.java:tryLock(328)) - Lock on /workdir/hadoop-ozone/integration-test/target/test-dir/MiniOzoneClusterImpl-3c312c24-477b-403f-b698-3daa0d845912/datanode-3/data/ratis/1678f114-bf39-47c2-bbaf-a16f923b5fb1/in_use.lock acquired by nodename 17260@pr-hdds-2216-szf6q-3723478472
2019-10-02 17:21:31,370 [pool-413-thread-1] INFO  storage.RaftStorage (RaftStorage.java:format(84)) - Storage directory /workdir/hadoop-ozone/integration-test/target/test-dir/MiniOzoneClusterImpl-3c312c24-477b-403f-b698-3daa0d845912/datanode-3/data/ratis/1678f114-bf39-47c2-bbaf-a16f923b5fb1 has been successfully formatted.
2019-10-02 17:21:31,370 [pool-413-thread-1] INFO  ratis.ContainerStateMachine (ContainerStateMachine.java:loadSnapshot(230)) - group-A16F923B5FB1: The snapshot info is null. Setting the last applied indexto:(t:0, i:~)
2019-10-02 17:21:31,370 [pool-413-thread-1] INFO  server.RaftServerConfigKeys (ConfUtils.java:logGet(43)) - raft.server.notification.no-leader.timeout = 120s (custom)
2019-10-02 17:21:31,370 [pool-413-thread-1] INFO  server.RaftServerConfigKeys (ConfUtils.java:logGet(43)) - raft.server.log.use.memory = false (default)
2019-10-02 17:21:31,371 [pool-413-thread-1] INFO  server.RaftServerConfigKeys (ConfUtils.java:logGet(43)) - raft.server.log.purge.gap = 1000000 (custom)
2019-10-02 17:21:31,371 [pool-413-thread-1] INFO  server.RaftServerConfigKeys (ConfUtils.java:logGet(43)) - raft.server.log.appender.buffer.byte-limit = 33554432 (custom)
2019-10-02 17:21:31,371 [pool-413-thread-1] INFO  server.RaftServerConfigKeys (ConfUtils.java:logGet(43)) - raft.server.log.segment.size.max = 1048576 (custom)
2019-10-02 17:21:31,372 [pool-413-thread-1] INFO  server.RaftServerConfigKeys (ConfUtils.java:logGet(43)) - raft.server.log.segment.cache.num.max = 2 (custom)
2019-10-02 17:21:31,372 [pool-413-thread-1] INFO  segmented.SegmentedRaftLogWorker (SegmentedRaftLogWorker.java:<init>(173)) - new 55f59d72-0167-4e77-8bf2-6a26e4e7cb10@group-A16F923B5FB1-SegmentedRaftLogWorker for RaftStorage:Storage Directory /workdir/hadoop-ozone/integration-test/target/test-dir/MiniOzoneClusterImpl-3c312c24-477b-403f-b698-3daa0d845912/datanode-3/data/ratis/1678f114-bf39-47c2-bbaf-a16f923b5fb1
2019-10-02 17:21:31,372 [pool-413-thread-1] INFO  server.RaftServerConfigKeys (ConfUtils.java:logGet(43)) - raft.server.log.queue.byte-limit = 2147483647 (custom)
2019-10-02 17:21:31,372 [pool-413-thread-1] INFO  server.RaftServerConfigKeys (ConfUtils.java:logGet(43)) - raft.server.log.queue.element-limit = 1024 (custom)
2019-10-02 17:21:31,372 [pool-413-thread-1] INFO  server.RaftServerConfigKeys (ConfUtils.java:logGet(43)) - raft.server.log.segment.size.max = 1048576 (custom)
2019-10-02 17:21:31,372 [pool-413-thread-1] INFO  server.RaftServerConfigKeys (ConfUtils.java:logGet(43)) - raft.server.log.preallocated.size = 16384 (custom)
2019-10-02 17:21:31,372 [pool-413-thread-1] INFO  server.RaftServerConfigKeys (ConfUtils.java:logGet(43)) - raft.server.log.write.buffer.size = 33554432 (custom)
2019-10-02 17:21:31,372 [pool-413-thread-1] INFO  server.RaftServerConfigKeys (ConfUtils.java:logGet(43)) - raft.server.log.force.sync.num = 128 (default)
2019-10-02 17:21:31,373 [pool-413-thread-1] INFO  server.RaftServerConfigKeys (ConfUtils.java:logGet(43)) - raft.server.log.statemachine.data.sync = true (default)
2019-10-02 17:21:31,373 [pool-413-thread-1] INFO  server.RaftServerConfigKeys (ConfUtils.java:logGet(43)) - raft.server.log.statemachine.data.sync.timeout = 10s (default)
2019-10-02 17:21:31,373 [pool-413-thread-1] INFO  server.RaftServerConfigKeys (ConfUtils.java:logGet(43)) - raft.server.log.statemachine.data.sync.timeout.retry = -1 (default)
2019-10-02 17:21:31,373 [pool-413-thread-1] INFO  server.RaftServerConfigKeys (ConfUtils.java:logGet(43)) - raft.server.log.statemachine.data.caching.enabled = true (custom)
2019-10-02 17:21:31,373 [pool-413-thread-1] INFO  segmented.SegmentedRaftLogWorker (SegmentedRaftLogWorker.java:lambda$new$0(128)) - 55f59d72-0167-4e77-8bf2-6a26e4e7cb10@group-A16F923B5FB1-SegmentedRaftLogWorker: flushIndex: setUnconditionally 0 -> -1
2019-10-02 17:21:31,374 [pool-413-thread-1] INFO  server.RaftServerConfigKeys (ConfUtils.java:logGet(43)) - raft.server.snapshot.auto.trigger.enabled = true (custom)
2019-10-02 17:21:31,374 [pool-413-thread-1] INFO  server.RaftServerConfigKeys (ConfUtils.java:logGet(43)) - raft.server.snapshot.auto.trigger.threshold = 10000 (custom)
2019-10-02 17:21:31,374 [pool-413-thread-1] INFO  server.RaftServerConfigKeys (ConfUtils.java:logGet(43)) - raft.server.snapshot.retention.file.num = 5 (custom)
2019-10-02 17:21:31,374 [pool-413-thread-1] INFO  server.RaftServerConfigKeys (ConfUtils.java:logGet(43)) - raft.server.retrycache.expirytime = 600000ms (custom)
2019-10-02 17:21:31,375 [pool-413-thread-1] INFO  impl.RaftServerImpl (RaftServerImpl.java:start(181)) - 55f59d72-0167-4e77-8bf2-6a26e4e7cb10@group-A16F923B5FB1: start as a follower, conf=-1: [55f59d72-0167-4e77-8bf2-6a26e4e7cb10:192.168.164.207:43939], old=null
2019-10-02 17:21:31,375 [pool-413-thread-1] INFO  impl.RaftServerImpl (RaftServerImpl.java:setRole(170)) - 55f59d72-0167-4e77-8bf2-6a26e4e7cb10@group-A16F923B5FB1: changes role from      null to FOLLOWER at term 0 for startAsFollower
2019-10-02 17:21:31,375 [pool-413-thread-1] INFO  impl.RoleInfo (RoleInfo.java:updateAndGet(143)) - 55f59d72-0167-4e77-8bf2-6a26e4e7cb10: start FollowerState
2019-10-02 17:21:31,375 [pool-413-thread-1] INFO  util.JmxRegister (JmxRegister.java:tryRegister(44)) - Successfully registered JMX Bean with object name Ratis:service=RaftServer,group=group-A16F923B5FB1,id=55f59d72-0167-4e77-8bf2-6a26e4e7cb10
2019-10-02 17:21:31,378 [RatisPipelineUtilsThread] INFO  pipeline.PipelineStateManager (PipelineStateManager.java:addPipeline(56)) - Created pipeline Pipeline[ Id: 1678f114-bf39-47c2-bbaf-a16f923b5fb1, Nodes: 55f59d72-0167-4e77-8bf2-6a26e4e7cb10{ip: 192.168.164.207, host: pr-hdds-2216-szf6q-3723478472, networkLocation: /default-rack, certSerialId: null}, Type:RATIS, Factor:ONE, State:OPEN]
2019-10-02 17:21:31,404 [IPC Server handler 16 on 37176] INFO  net.NetworkTopology (NetworkTopologyImpl.java:add(111)) - Added a new node: /default-rack/0e7e9a7d-d94d-437a-bfe3-02591df9bf4c
2019-10-02 17:21:31,404 [IPC Server handler 16 on 37176] INFO  node.SCMNodeManager (SCMNodeManager.java:register(266)) - Registered Data node : 0e7e9a7d-d94d-437a-bfe3-02591df9bf4c{ip: 192.168.164.207, host: pr-hdds-2216-szf6q-3723478472, networkLocation: /default-rack, certSerialId: null}
2019-10-02 17:21:31,408 [grpc-default-executor-6] INFO  impl.RaftServerProxy (RaftServerProxy.java:addNew(89)) - 0e7e9a7d-d94d-437a-bfe3-02591df9bf4c: addNew group-D6688E067B2B:[0e7e9a7d-d94d-437a-bfe3-02591df9bf4c:192.168.164.207:41458] returns group-D6688E067B2B:java.util.concurrent.CompletableFuture@2be1468c[Not completed]
2019-10-02 17:21:31,409 [pool-423-thread-1] INFO  impl.RaftServerImpl (RaftServerImpl.java:<init>(95)) - 0e7e9a7d-d94d-437a-bfe3-02591df9bf4c: new RaftServerImpl for group-D6688E067B2B:[0e7e9a7d-d94d-437a-bfe3-02591df9bf4c:192.168.164.207:41458] with ContainerStateMachine:uninitialized
2019-10-02 17:21:31,409 [pool-423-thread-1] INFO  server.RaftServerConfigKeys (ConfUtils.java:logGet(43)) - raft.server.rpc.timeout.min = 5s (custom)
2019-10-02 17:21:31,410 [pool-423-thread-1] INFO  server.RaftServerConfigKeys (ConfUtils.java:logGet(43)) - raft.server.rpc.timeout.max = 5200ms (custom)
2019-10-02 17:21:31,410 [pool-423-thread-1] INFO  server.RaftServerConfigKeys (ConfUtils.java:logGet(43)) - raft.server.rpcslowness.timeout = 120s (custom)
2019-10-02 17:21:31,410 [pool-423-thread-1] INFO  server.RaftServerConfigKeys (ConfUtils.java:logGet(43)) - raft.server.sleep.deviation.threshold = 300 (default)
2019-10-02 17:21:31,410 [pool-423-thread-1] INFO  server.RaftServerConfigKeys (ConfUtils.java:logGet(43)) - raft.server.log.appender.install.snapshot.enabled = false (custom)
2019-10-02 17:21:31,410 [pool-423-thread-1] INFO  impl.RaftServerImpl (ServerState.java:<init>(103)) - 0e7e9a7d-d94d-437a-bfe3-02591df9bf4c@group-D6688E067B2B: ConfigurationManager, init=-1: [0e7e9a7d-d94d-437a-bfe3-02591df9bf4c:192.168.164.207:41458], old=null, confs=<EMPTY_MAP>
2019-10-02 17:21:31,410 [pool-423-thread-1] INFO  server.RaftServerConfigKeys (ConfUtils.java:logGet(43)) - raft.server.storage.dir = [/workdir/hadoop-ozone/integration-test/target/test-dir/MiniOzoneClusterImpl-3c312c24-477b-403f-b698-3daa0d845912/datanode-4/data/ratis] (custom)
2019-10-02 17:21:31,411 [pool-423-thread-1] INFO  server.RaftServerConfigKeys (ConfUtils.java:logGet(43)) - raft.server.log.corruption.policy = EXCEPTION (default)
2019-10-02 17:21:31,411 [pool-423-thread-1] INFO  storage.RaftStorageDirectory (RaftStorageDirectory.java:analyzeStorage(246)) - The storage directory /workdir/hadoop-ozone/integration-test/target/test-dir/MiniOzoneClusterImpl-3c312c24-477b-403f-b698-3daa0d845912/datanode-4/data/ratis/6e17c767-778d-44b3-8569-d6688e067b2b does not exist. Creating ...
2019-10-02 17:21:31,424 [pool-423-thread-1] INFO  storage.RaftStorageDirectory (RaftStorageDirectory.java:tryLock(328)) - Lock on /workdir/hadoop-ozone/integration-test/target/test-dir/MiniOzoneClusterImpl-3c312c24-477b-403f-b698-3daa0d845912/datanode-4/data/ratis/6e17c767-778d-44b3-8569-d6688e067b2b/in_use.lock acquired by nodename 17260@pr-hdds-2216-szf6q-3723478472
2019-10-02 17:21:31,438 [pool-423-thread-1] INFO  storage.RaftStorage (RaftStorage.java:format(84)) - Storage directory /workdir/hadoop-ozone/integration-test/target/test-dir/MiniOzoneClusterImpl-3c312c24-477b-403f-b698-3daa0d845912/datanode-4/data/ratis/6e17c767-778d-44b3-8569-d6688e067b2b has been successfully formatted.
2019-10-02 17:21:31,438 [pool-423-thread-1] INFO  ratis.ContainerStateMachine (ContainerStateMachine.java:loadSnapshot(230)) - group-D6688E067B2B: The snapshot info is null. Setting the last applied indexto:(t:0, i:~)
2019-10-02 17:21:31,438 [pool-423-thread-1] INFO  server.RaftServerConfigKeys (ConfUtils.java:logGet(43)) - raft.server.notification.no-leader.timeout = 120s (custom)
2019-10-02 17:21:31,439 [pool-423-thread-1] INFO  server.RaftServerConfigKeys (ConfUtils.java:logGet(43)) - raft.server.log.use.memory = false (default)
2019-10-02 17:21:31,439 [pool-423-thread-1] INFO  server.RaftServerConfigKeys (ConfUtils.java:logGet(43)) - raft.server.log.purge.gap = 1000000 (custom)
2019-10-02 17:21:31,439 [pool-423-thread-1] INFO  server.RaftServerConfigKeys (ConfUtils.java:logGet(43)) - raft.server.log.appender.buffer.byte-limit = 33554432 (custom)
2019-10-02 17:21:31,439 [pool-423-thread-1] INFO  server.RaftServerConfigKeys (ConfUtils.java:logGet(43)) - raft.server.log.segment.size.max = 1048576 (custom)
2019-10-02 17:21:31,441 [pool-423-thread-1] INFO  server.RaftServerConfigKeys (ConfUtils.java:logGet(43)) - raft.server.log.segment.cache.num.max = 2 (custom)
2019-10-02 17:21:31,442 [pool-423-thread-1] INFO  segmented.SegmentedRaftLogWorker (SegmentedRaftLogWorker.java:<init>(173)) - new 0e7e9a7d-d94d-437a-bfe3-02591df9bf4c@group-D6688E067B2B-SegmentedRaftLogWorker for RaftStorage:Storage Directory /workdir/hadoop-ozone/integration-test/target/test-dir/MiniOzoneClusterImpl-3c312c24-477b-403f-b698-3daa0d845912/datanode-4/data/ratis/6e17c767-778d-44b3-8569-d6688e067b2b
2019-10-02 17:21:31,442 [pool-423-thread-1] INFO  server.RaftServerConfigKeys (ConfUtils.java:logGet(43)) - raft.server.log.queue.byte-limit = 2147483647 (custom)
2019-10-02 17:21:31,442 [pool-423-thread-1] INFO  server.RaftServerConfigKeys (ConfUtils.java:logGet(43)) - raft.server.log.queue.element-limit = 1024 (custom)
2019-10-02 17:21:31,442 [pool-423-thread-1] INFO  server.RaftServerConfigKeys (ConfUtils.java:logGet(43)) - raft.server.log.segment.size.max = 1048576 (custom)
2019-10-02 17:21:31,442 [pool-423-thread-1] INFO  server.RaftServerConfigKeys (ConfUtils.java:logGet(43)) - raft.server.log.preallocated.size = 16384 (custom)
2019-10-02 17:21:31,442 [pool-423-thread-1] INFO  server.RaftServerConfigKeys (ConfUtils.java:logGet(43)) - raft.server.log.write.buffer.size = 33554432 (custom)
2019-10-02 17:21:31,443 [pool-423-thread-1] INFO  server.RaftServerConfigKeys (ConfUtils.java:logGet(43)) - raft.server.log.force.sync.num = 128 (default)
2019-10-02 17:21:31,443 [pool-423-thread-1] INFO  server.RaftServerConfigKeys (ConfUtils.java:logGet(43)) - raft.server.log.statemachine.data.sync = true (default)
2019-10-02 17:21:31,443 [pool-423-thread-1] INFO  server.RaftServerConfigKeys (ConfUtils.java:logGet(43)) - raft.server.log.statemachine.data.sync.timeout = 10s (default)
2019-10-02 17:21:31,443 [pool-423-thread-1] INFO  server.RaftServerConfigKeys (ConfUtils.java:logGet(43)) - raft.server.log.statemachine.data.sync.timeout.retry = -1 (default)
2019-10-02 17:21:31,444 [pool-423-thread-1] INFO  server.RaftServerConfigKeys (ConfUtils.java:logGet(43)) - raft.server.log.statemachine.data.caching.enabled = true (custom)
2019-10-02 17:21:31,449 [IPC Server handler 9 on 37176] INFO  net.NetworkTopology (NetworkTopologyImpl.java:add(111)) - Added a new node: /default-rack/20bc9099-d67c-4312-a11e-d96a65a95445
2019-10-02 17:21:31,449 [IPC Server handler 9 on 37176] INFO  node.SCMNodeManager (SCMNodeManager.java:register(266)) - Registered Data node : 20bc9099-d67c-4312-a11e-d96a65a95445{ip: 192.168.164.207, host: pr-hdds-2216-szf6q-3723478472, networkLocation: /default-rack, certSerialId: null}
2019-10-02 17:21:31,450 [pool-423-thread-1] INFO  segmented.SegmentedRaftLogWorker (SegmentedRaftLogWorker.java:lambda$new$0(128)) - 0e7e9a7d-d94d-437a-bfe3-02591df9bf4c@group-D6688E067B2B-SegmentedRaftLogWorker: flushIndex: setUnconditionally 0 -> -1
2019-10-02 17:21:31,451 [pool-423-thread-1] INFO  server.RaftServerConfigKeys (ConfUtils.java:logGet(43)) - raft.server.snapshot.auto.trigger.enabled = true (custom)
2019-10-02 17:21:31,451 [pool-423-thread-1] INFO  server.RaftServerConfigKeys (ConfUtils.java:logGet(43)) - raft.server.snapshot.auto.trigger.threshold = 10000 (custom)
2019-10-02 17:21:31,451 [pool-423-thread-1] INFO  server.RaftServerConfigKeys (ConfUtils.java:logGet(43)) - raft.server.snapshot.retention.file.num = 5 (custom)
2019-10-02 17:21:31,451 [pool-423-thread-1] INFO  server.RaftServerConfigKeys (ConfUtils.java:logGet(43)) - raft.server.retrycache.expirytime = 600000ms (custom)
2019-10-02 17:21:31,453 [pool-423-thread-1] INFO  impl.RaftServerImpl (RaftServerImpl.java:start(181)) - 0e7e9a7d-d94d-437a-bfe3-02591df9bf4c@group-D6688E067B2B: start as a follower, conf=-1: [0e7e9a7d-d94d-437a-bfe3-02591df9bf4c:192.168.164.207:41458], old=null
2019-10-02 17:21:31,453 [pool-423-thread-1] INFO  impl.RaftServerImpl (RaftServerImpl.java:setRole(170)) - 0e7e9a7d-d94d-437a-bfe3-02591df9bf4c@group-D6688E067B2B: changes role from      null to FOLLOWER at term 0 for startAsFollower
2019-10-02 17:21:31,453 [pool-423-thread-1] INFO  impl.RoleInfo (RoleInfo.java:updateAndGet(143)) - 0e7e9a7d-d94d-437a-bfe3-02591df9bf4c: start FollowerState
2019-10-02 17:21:31,454 [pool-423-thread-1] INFO  util.JmxRegister (JmxRegister.java:tryRegister(44)) - Successfully registered JMX Bean with object name Ratis:service=RaftServer,group=group-D6688E067B2B,id=0e7e9a7d-d94d-437a-bfe3-02591df9bf4c
2019-10-02 17:21:31,457 [RatisPipelineUtilsThread] INFO  pipeline.PipelineStateManager (PipelineStateManager.java:addPipeline(56)) - Created pipeline Pipeline[ Id: 6e17c767-778d-44b3-8569-d6688e067b2b, Nodes: 0e7e9a7d-d94d-437a-bfe3-02591df9bf4c{ip: 192.168.164.207, host: pr-hdds-2216-szf6q-3723478472, networkLocation: /default-rack, certSerialId: null}, Type:RATIS, Factor:ONE, State:OPEN]
2019-10-02 17:21:31,464 [grpc-default-executor-6] INFO  impl.RaftServerProxy (RaftServerProxy.java:addNew(89)) - 20bc9099-d67c-4312-a11e-d96a65a95445: addNew group-2F1B8D45255C:[20bc9099-d67c-4312-a11e-d96a65a95445:192.168.164.207:38129] returns group-2F1B8D45255C:java.util.concurrent.CompletableFuture@7381d021[Not completed]
2019-10-02 17:21:31,467 [pool-433-thread-1] INFO  impl.RaftServerImpl (RaftServerImpl.java:<init>(95)) - 20bc9099-d67c-4312-a11e-d96a65a95445: new RaftServerImpl for group-2F1B8D45255C:[20bc9099-d67c-4312-a11e-d96a65a95445:192.168.164.207:38129] with ContainerStateMachine:uninitialized
2019-10-02 17:21:31,467 [pool-433-thread-1] INFO  server.RaftServerConfigKeys (ConfUtils.java:logGet(43)) - raft.server.rpc.timeout.min = 5s (custom)
2019-10-02 17:21:31,467 [pool-433-thread-1] INFO  server.RaftServerConfigKeys (ConfUtils.java:logGet(43)) - raft.server.rpc.timeout.max = 5200ms (custom)
2019-10-02 17:21:31,467 [pool-433-thread-1] INFO  server.RaftServerConfigKeys (ConfUtils.java:logGet(43)) - raft.server.rpcslowness.timeout = 120s (custom)
2019-10-02 17:21:31,467 [pool-433-thread-1] INFO  server.RaftServerConfigKeys (ConfUtils.java:logGet(43)) - raft.server.sleep.deviation.threshold = 300 (default)
2019-10-02 17:21:31,468 [pool-433-thread-1] INFO  server.RaftServerConfigKeys (ConfUtils.java:logGet(43)) - raft.server.log.appender.install.snapshot.enabled = false (custom)
2019-10-02 17:21:31,468 [pool-433-thread-1] INFO  impl.RaftServerImpl (ServerState.java:<init>(103)) - 20bc9099-d67c-4312-a11e-d96a65a95445@group-2F1B8D45255C: ConfigurationManager, init=-1: [20bc9099-d67c-4312-a11e-d96a65a95445:192.168.164.207:38129], old=null, confs=<EMPTY_MAP>
2019-10-02 17:21:31,468 [pool-433-thread-1] INFO  server.RaftServerConfigKeys (ConfUtils.java:logGet(43)) - raft.server.storage.dir = [/workdir/hadoop-ozone/integration-test/target/test-dir/MiniOzoneClusterImpl-3c312c24-477b-403f-b698-3daa0d845912/datanode-5/data/ratis] (custom)
2019-10-02 17:21:31,468 [pool-433-thread-1] INFO  server.RaftServerConfigKeys (ConfUtils.java:logGet(43)) - raft.server.log.corruption.policy = EXCEPTION (default)
2019-10-02 17:21:31,469 [pool-433-thread-1] INFO  storage.RaftStorageDirectory (RaftStorageDirectory.java:analyzeStorage(246)) - The storage directory /workdir/hadoop-ozone/integration-test/target/test-dir/MiniOzoneClusterImpl-3c312c24-477b-403f-b698-3daa0d845912/datanode-5/data/ratis/101741d7-8a5a-4a33-bbec-2f1b8d45255c does not exist. Creating ...
2019-10-02 17:21:31,474 [pool-433-thread-1] INFO  storage.RaftStorageDirectory (RaftStorageDirectory.java:tryLock(328)) - Lock on /workdir/hadoop-ozone/integration-test/target/test-dir/MiniOzoneClusterImpl-3c312c24-477b-403f-b698-3daa0d845912/datanode-5/data/ratis/101741d7-8a5a-4a33-bbec-2f1b8d45255c/in_use.lock acquired by nodename 17260@pr-hdds-2216-szf6q-3723478472
2019-10-02 17:21:31,478 [pool-433-thread-1] INFO  storage.RaftStorage (RaftStorage.java:format(84)) - Storage directory /workdir/hadoop-ozone/integration-test/target/test-dir/MiniOzoneClusterImpl-3c312c24-477b-403f-b698-3daa0d845912/datanode-5/data/ratis/101741d7-8a5a-4a33-bbec-2f1b8d45255c has been successfully formatted.
2019-10-02 17:21:31,478 [pool-433-thread-1] INFO  ratis.ContainerStateMachine (ContainerStateMachine.java:loadSnapshot(230)) - group-2F1B8D45255C: The snapshot info is null. Setting the last applied indexto:(t:0, i:~)
2019-10-02 17:21:31,478 [pool-433-thread-1] INFO  server.RaftServerConfigKeys (ConfUtils.java:logGet(43)) - raft.server.notification.no-leader.timeout = 120s (custom)
2019-10-02 17:21:31,478 [pool-433-thread-1] INFO  server.RaftServerConfigKeys (ConfUtils.java:logGet(43)) - raft.server.log.use.memory = false (default)
2019-10-02 17:21:31,479 [pool-433-thread-1] INFO  server.RaftServerConfigKeys (ConfUtils.java:logGet(43)) - raft.server.log.purge.gap = 1000000 (custom)
2019-10-02 17:21:31,479 [pool-433-thread-1] INFO  server.RaftServerConfigKeys (ConfUtils.java:logGet(43)) - raft.server.log.appender.buffer.byte-limit = 33554432 (custom)
2019-10-02 17:21:31,479 [pool-433-thread-1] INFO  server.RaftServerConfigKeys (ConfUtils.java:logGet(43)) - raft.server.log.segment.size.max = 1048576 (custom)
2019-10-02 17:21:31,481 [pool-433-thread-1] INFO  server.RaftServerConfigKeys (ConfUtils.java:logGet(43)) - raft.server.log.segment.cache.num.max = 2 (custom)
2019-10-02 17:21:31,481 [pool-433-thread-1] INFO  segmented.SegmentedRaftLogWorker (SegmentedRaftLogWorker.java:<init>(173)) - new 20bc9099-d67c-4312-a11e-d96a65a95445@group-2F1B8D45255C-SegmentedRaftLogWorker for RaftStorage:Storage Directory /workdir/hadoop-ozone/integration-test/target/test-dir/MiniOzoneClusterImpl-3c312c24-477b-403f-b698-3daa0d845912/datanode-5/data/ratis/101741d7-8a5a-4a33-bbec-2f1b8d45255c
2019-10-02 17:21:31,481 [pool-433-thread-1] INFO  server.RaftServerConfigKeys (ConfUtils.java:logGet(43)) - raft.server.log.queue.byte-limit = 2147483647 (custom)
2019-10-02 17:21:31,481 [pool-433-thread-1] INFO  server.RaftServerConfigKeys (ConfUtils.java:logGet(43)) - raft.server.log.queue.element-limit = 1024 (custom)
2019-10-02 17:21:31,481 [pool-433-thread-1] INFO  server.RaftServerConfigKeys (ConfUtils.java:logGet(43)) - raft.server.log.segment.size.max = 1048576 (custom)
2019-10-02 17:21:31,482 [pool-433-thread-1] INFO  server.RaftServerConfigKeys (ConfUtils.java:logGet(43)) - raft.server.log.preallocated.size = 16384 (custom)
2019-10-02 17:21:31,482 [pool-433-thread-1] INFO  server.RaftServerConfigKeys (ConfUtils.java:logGet(43)) - raft.server.log.write.buffer.size = 33554432 (custom)
2019-10-02 17:21:31,482 [pool-433-thread-1] INFO  server.RaftServerConfigKeys (ConfUtils.java:logGet(43)) - raft.server.log.force.sync.num = 128 (default)
2019-10-02 17:21:31,482 [pool-433-thread-1] INFO  server.RaftServerConfigKeys (ConfUtils.java:logGet(43)) - raft.server.log.statemachine.data.sync = true (default)
2019-10-02 17:21:31,482 [pool-433-thread-1] INFO  server.RaftServerConfigKeys (ConfUtils.java:logGet(43)) - raft.server.log.statemachine.data.sync.timeout = 10s (default)
2019-10-02 17:21:31,482 [pool-433-thread-1] INFO  server.RaftServerConfigKeys (ConfUtils.java:logGet(43)) - raft.server.log.statemachine.data.sync.timeout.retry = -1 (default)
2019-10-02 17:21:31,483 [pool-433-thread-1] INFO  server.RaftServerConfigKeys (ConfUtils.java:logGet(43)) - raft.server.log.statemachine.data.caching.enabled = true (custom)
2019-10-02 17:21:31,483 [pool-433-thread-1] INFO  segmented.SegmentedRaftLogWorker (SegmentedRaftLogWorker.java:lambda$new$0(128)) - 20bc9099-d67c-4312-a11e-d96a65a95445@group-2F1B8D45255C-SegmentedRaftLogWorker: flushIndex: setUnconditionally 0 -> -1
2019-10-02 17:21:31,483 [pool-433-thread-1] INFO  server.RaftServerConfigKeys (ConfUtils.java:logGet(43)) - raft.server.snapshot.auto.trigger.enabled = true (custom)
2019-10-02 17:21:31,483 [pool-433-thread-1] INFO  server.RaftServerConfigKeys (ConfUtils.java:logGet(43)) - raft.server.snapshot.auto.trigger.threshold = 10000 (custom)
2019-10-02 17:21:31,483 [pool-433-thread-1] INFO  server.RaftServerConfigKeys (ConfUtils.java:logGet(43)) - raft.server.snapshot.retention.file.num = 5 (custom)
2019-10-02 17:21:31,484 [pool-433-thread-1] INFO  server.RaftServerConfigKeys (ConfUtils.java:logGet(43)) - raft.server.retrycache.expirytime = 600000ms (custom)
2019-10-02 17:21:31,485 [pool-433-thread-1] INFO  impl.RaftServerImpl (RaftServerImpl.java:start(181)) - 20bc9099-d67c-4312-a11e-d96a65a95445@group-2F1B8D45255C: start as a follower, conf=-1: [20bc9099-d67c-4312-a11e-d96a65a95445:192.168.164.207:38129], old=null
2019-10-02 17:21:31,485 [pool-433-thread-1] INFO  impl.RaftServerImpl (RaftServerImpl.java:setRole(170)) - 20bc9099-d67c-4312-a11e-d96a65a95445@group-2F1B8D45255C: changes role from      null to FOLLOWER at term 0 for startAsFollower
2019-10-02 17:21:31,486 [pool-433-thread-1] INFO  impl.RoleInfo (RoleInfo.java:updateAndGet(143)) - 20bc9099-d67c-4312-a11e-d96a65a95445: start FollowerState
2019-10-02 17:21:31,486 [pool-433-thread-1] INFO  util.JmxRegister (JmxRegister.java:tryRegister(44)) - Successfully registered JMX Bean with object name Ratis:service=RaftServer,group=group-2F1B8D45255C,id=20bc9099-d67c-4312-a11e-d96a65a95445
2019-10-02 17:21:31,490 [RatisPipelineUtilsThread] INFO  pipeline.PipelineStateManager (PipelineStateManager.java:addPipeline(56)) - Created pipeline Pipeline[ Id: 101741d7-8a5a-4a33-bbec-2f1b8d45255c, Nodes: 20bc9099-d67c-4312-a11e-d96a65a95445{ip: 192.168.164.207, host: pr-hdds-2216-szf6q-3723478472, networkLocation: /default-rack, certSerialId: null}, Type:RATIS, Factor:ONE, State:OPEN]
2019-10-02 17:21:31,504 [grpc-default-executor-6] INFO  impl.RaftServerProxy (RaftServerProxy.java:addNew(89)) - 20bc9099-d67c-4312-a11e-d96a65a95445: addNew group-416BC043172A:[0e7e9a7d-d94d-437a-bfe3-02591df9bf4c:192.168.164.207:41458, 20bc9099-d67c-4312-a11e-d96a65a95445:192.168.164.207:38129, 55f59d72-0167-4e77-8bf2-6a26e4e7cb10:192.168.164.207:43939] returns group-416BC043172A:java.util.concurrent.CompletableFuture@46dd811[Not completed]
2019-10-02 17:21:31,504 [grpc-default-executor-8] INFO  impl.RaftServerProxy (RaftServerProxy.java:addNew(89)) - 0e7e9a7d-d94d-437a-bfe3-02591df9bf4c: addNew group-416BC043172A:[0e7e9a7d-d94d-437a-bfe3-02591df9bf4c:192.168.164.207:41458, 20bc9099-d67c-4312-a11e-d96a65a95445:192.168.164.207:38129, 55f59d72-0167-4e77-8bf2-6a26e4e7cb10:192.168.164.207:43939] returns group-416BC043172A:java.util.concurrent.CompletableFuture@58e56a0f[Not completed]
2019-10-02 17:21:31,504 [grpc-default-executor-7] INFO  impl.RaftServerProxy (RaftServerProxy.java:addNew(89)) - 55f59d72-0167-4e77-8bf2-6a26e4e7cb10: addNew group-416BC043172A:[0e7e9a7d-d94d-437a-bfe3-02591df9bf4c:192.168.164.207:41458, 20bc9099-d67c-4312-a11e-d96a65a95445:192.168.164.207:38129, 55f59d72-0167-4e77-8bf2-6a26e4e7cb10:192.168.164.207:43939] returns group-416BC043172A:java.util.concurrent.CompletableFuture@3a62a88d[Not completed]
2019-10-02 17:21:31,505 [pool-413-thread-1] INFO  impl.RaftServerImpl (RaftServerImpl.java:<init>(95)) - 55f59d72-0167-4e77-8bf2-6a26e4e7cb10: new RaftServerImpl for group-416BC043172A:[0e7e9a7d-d94d-437a-bfe3-02591df9bf4c:192.168.164.207:41458, 20bc9099-d67c-4312-a11e-d96a65a95445:192.168.164.207:38129, 55f59d72-0167-4e77-8bf2-6a26e4e7cb10:192.168.164.207:43939] with ContainerStateMachine:uninitialized
2019-10-02 17:21:31,505 [pool-413-thread-1] INFO  server.RaftServerConfigKeys (ConfUtils.java:logGet(43)) - raft.server.rpc.timeout.min = 5s (custom)
2019-10-02 17:21:31,505 [pool-413-thread-1] INFO  server.RaftServerConfigKeys (ConfUtils.java:logGet(43)) - raft.server.rpc.timeout.max = 5200ms (custom)
2019-10-02 17:21:31,506 [pool-413-thread-1] INFO  server.RaftServerConfigKeys (ConfUtils.java:logGet(43)) - raft.server.rpcslowness.timeout = 120s (custom)
2019-10-02 17:21:31,506 [pool-433-thread-1] INFO  impl.RaftServerImpl (RaftServerImpl.java:<init>(95)) - 20bc9099-d67c-4312-a11e-d96a65a95445: new RaftServerImpl for group-416BC043172A:[0e7e9a7d-d94d-437a-bfe3-02591df9bf4c:192.168.164.207:41458, 20bc9099-d67c-4312-a11e-d96a65a95445:192.168.164.207:38129, 55f59d72-0167-4e77-8bf2-6a26e4e7cb10:192.168.164.207:43939] with ContainerStateMachine:uninitialized
2019-10-02 17:21:31,506 [pool-413-thread-1] INFO  server.RaftServerConfigKeys (ConfUtils.java:logGet(43)) - raft.server.sleep.deviation.threshold = 300 (default)
2019-10-02 17:21:31,506 [pool-433-thread-1] INFO  server.RaftServerConfigKeys (ConfUtils.java:logGet(43)) - raft.server.rpc.timeout.min = 5s (custom)
2019-10-02 17:21:31,506 [pool-413-thread-1] INFO  server.RaftServerConfigKeys (ConfUtils.java:logGet(43)) - raft.server.log.appender.install.snapshot.enabled = false (custom)
2019-10-02 17:21:31,506 [pool-433-thread-1] INFO  server.RaftServerConfigKeys (ConfUtils.java:logGet(43)) - raft.server.rpc.timeout.max = 5200ms (custom)
2019-10-02 17:21:31,506 [pool-413-thread-1] INFO  impl.RaftServerImpl (ServerState.java:<init>(103)) - 55f59d72-0167-4e77-8bf2-6a26e4e7cb10@group-416BC043172A: ConfigurationManager, init=-1: [0e7e9a7d-d94d-437a-bfe3-02591df9bf4c:192.168.164.207:41458, 20bc9099-d67c-4312-a11e-d96a65a95445:192.168.164.207:38129, 55f59d72-0167-4e77-8bf2-6a26e4e7cb10:192.168.164.207:43939], old=null, confs=<EMPTY_MAP>
2019-10-02 17:21:31,506 [pool-433-thread-1] INFO  server.RaftServerConfigKeys (ConfUtils.java:logGet(43)) - raft.server.rpcslowness.timeout = 120s (custom)
2019-10-02 17:21:31,506 [pool-413-thread-1] INFO  server.RaftServerConfigKeys (ConfUtils.java:logGet(43)) - raft.server.storage.dir = [/workdir/hadoop-ozone/integration-test/target/test-dir/MiniOzoneClusterImpl-3c312c24-477b-403f-b698-3daa0d845912/datanode-3/data/ratis] (custom)
2019-10-02 17:21:31,507 [pool-433-thread-1] INFO  server.RaftServerConfigKeys (ConfUtils.java:logGet(43)) - raft.server.sleep.deviation.threshold = 300 (default)
2019-10-02 17:21:31,507 [pool-423-thread-1] INFO  impl.RaftServerImpl (RaftServerImpl.java:<init>(95)) - 0e7e9a7d-d94d-437a-bfe3-02591df9bf4c: new RaftServerImpl for group-416BC043172A:[0e7e9a7d-d94d-437a-bfe3-02591df9bf4c:192.168.164.207:41458, 20bc9099-d67c-4312-a11e-d96a65a95445:192.168.164.207:38129, 55f59d72-0167-4e77-8bf2-6a26e4e7cb10:192.168.164.207:43939] with ContainerStateMachine:uninitialized
2019-10-02 17:21:31,507 [pool-413-thread-1] INFO  server.RaftServerConfigKeys (ConfUtils.java:logGet(43)) - raft.server.log.corruption.policy = EXCEPTION (default)
2019-10-02 17:21:31,507 [pool-433-thread-1] INFO  server.RaftServerConfigKeys (ConfUtils.java:logGet(43)) - raft.server.log.appender.install.snapshot.enabled = false (custom)
2019-10-02 17:21:31,507 [pool-413-thread-1] INFO  storage.RaftStorageDirectory (RaftStorageDirectory.java:analyzeStorage(246)) - The storage directory /workdir/hadoop-ozone/integration-test/target/test-dir/MiniOzoneClusterImpl-3c312c24-477b-403f-b698-3daa0d845912/datanode-3/data/ratis/82fd7733-401d-40ce-adbf-416bc043172a does not exist. Creating ...
2019-10-02 17:21:31,507 [pool-423-thread-1] INFO  server.RaftServerConfigKeys (ConfUtils.java:logGet(43)) - raft.server.rpc.timeout.min = 5s (custom)
2019-10-02 17:21:31,507 [pool-433-thread-1] INFO  impl.RaftServerImpl (ServerState.java:<init>(103)) - 20bc9099-d67c-4312-a11e-d96a65a95445@group-416BC043172A: ConfigurationManager, init=-1: [0e7e9a7d-d94d-437a-bfe3-02591df9bf4c:192.168.164.207:41458, 20bc9099-d67c-4312-a11e-d96a65a95445:192.168.164.207:38129, 55f59d72-0167-4e77-8bf2-6a26e4e7cb10:192.168.164.207:43939], old=null, confs=<EMPTY_MAP>
2019-10-02 17:21:31,507 [pool-423-thread-1] INFO  server.RaftServerConfigKeys (ConfUtils.java:logGet(43)) - raft.server.rpc.timeout.max = 5200ms (custom)
2019-10-02 17:21:31,507 [pool-433-thread-1] INFO  server.RaftServerConfigKeys (ConfUtils.java:logGet(43)) - raft.server.storage.dir = [/workdir/hadoop-ozone/integration-test/target/test-dir/MiniOzoneClusterImpl-3c312c24-477b-403f-b698-3daa0d845912/datanode-5/data/ratis] (custom)
2019-10-02 17:21:31,508 [pool-423-thread-1] INFO  server.RaftServerConfigKeys (ConfUtils.java:logGet(43)) - raft.server.rpcslowness.timeout = 120s (custom)
2019-10-02 17:21:31,508 [pool-433-thread-1] INFO  server.RaftServerConfigKeys (ConfUtils.java:logGet(43)) - raft.server.log.corruption.policy = EXCEPTION (default)
2019-10-02 17:21:31,508 [pool-423-thread-1] INFO  server.RaftServerConfigKeys (ConfUtils.java:logGet(43)) - raft.server.sleep.deviation.threshold = 300 (default)
2019-10-02 17:21:31,508 [pool-433-thread-1] INFO  storage.RaftStorageDirectory (RaftStorageDirectory.java:analyzeStorage(246)) - The storage directory /workdir/hadoop-ozone/integration-test/target/test-dir/MiniOzoneClusterImpl-3c312c24-477b-403f-b698-3daa0d845912/datanode-5/data/ratis/82fd7733-401d-40ce-adbf-416bc043172a does not exist. Creating ...
2019-10-02 17:21:31,508 [pool-423-thread-1] INFO  server.RaftServerConfigKeys (ConfUtils.java:logGet(43)) - raft.server.log.appender.install.snapshot.enabled = false (custom)
2019-10-02 17:21:31,508 [pool-423-thread-1] INFO  impl.RaftServerImpl (ServerState.java:<init>(103)) - 0e7e9a7d-d94d-437a-bfe3-02591df9bf4c@group-416BC043172A: ConfigurationManager, init=-1: [0e7e9a7d-d94d-437a-bfe3-02591df9bf4c:192.168.164.207:41458, 20bc9099-d67c-4312-a11e-d96a65a95445:192.168.164.207:38129, 55f59d72-0167-4e77-8bf2-6a26e4e7cb10:192.168.164.207:43939], old=null, confs=<EMPTY_MAP>
2019-10-02 17:21:31,508 [pool-423-thread-1] INFO  server.RaftServerConfigKeys (ConfUtils.java:logGet(43)) - raft.server.storage.dir = [/workdir/hadoop-ozone/integration-test/target/test-dir/MiniOzoneClusterImpl-3c312c24-477b-403f-b698-3daa0d845912/datanode-4/data/ratis] (custom)
2019-10-02 17:21:31,509 [pool-423-thread-1] INFO  server.RaftServerConfigKeys (ConfUtils.java:logGet(43)) - raft.server.log.corruption.policy = EXCEPTION (default)
2019-10-02 17:21:31,509 [pool-423-thread-1] INFO  storage.RaftStorageDirectory (RaftStorageDirectory.java:analyzeStorage(246)) - The storage directory /workdir/hadoop-ozone/integration-test/target/test-dir/MiniOzoneClusterImpl-3c312c24-477b-403f-b698-3daa0d845912/datanode-4/data/ratis/82fd7733-401d-40ce-adbf-416bc043172a does not exist. Creating ...
2019-10-02 17:21:31,516 [pool-423-thread-1] INFO  storage.RaftStorageDirectory (RaftStorageDirectory.java:tryLock(328)) - Lock on /workdir/hadoop-ozone/integration-test/target/test-dir/MiniOzoneClusterImpl-3c312c24-477b-403f-b698-3daa0d845912/datanode-4/data/ratis/82fd7733-401d-40ce-adbf-416bc043172a/in_use.lock acquired by nodename 17260@pr-hdds-2216-szf6q-3723478472
2019-10-02 17:21:31,516 [pool-433-thread-1] INFO  storage.RaftStorageDirectory (RaftStorageDirectory.java:tryLock(328)) - Lock on /workdir/hadoop-ozone/integration-test/target/test-dir/MiniOzoneClusterImpl-3c312c24-477b-403f-b698-3daa0d845912/datanode-5/data/ratis/82fd7733-401d-40ce-adbf-416bc043172a/in_use.lock acquired by nodename 17260@pr-hdds-2216-szf6q-3723478472
2019-10-02 17:21:31,516 [pool-413-thread-1] INFO  storage.RaftStorageDirectory (RaftStorageDirectory.java:tryLock(328)) - Lock on /workdir/hadoop-ozone/integration-test/target/test-dir/MiniOzoneClusterImpl-3c312c24-477b-403f-b698-3daa0d845912/datanode-3/data/ratis/82fd7733-401d-40ce-adbf-416bc043172a/in_use.lock acquired by nodename 17260@pr-hdds-2216-szf6q-3723478472
2019-10-02 17:21:31,524 [main] INFO  ozone.MiniOzoneClusterImpl (MiniOzoneClusterImpl.java:lambda$waitForClusterToBeReady$0(147)) - Waiting for cluster to be ready. Got 6 of 7 DN Heartbeats.
2019-10-02 17:21:31,524 [IPC Server handler 1 on 37176] INFO  net.NetworkTopology (NetworkTopologyImpl.java:add(111)) - Added a new node: /default-rack/9853806c-50d4-4f8f-92d1-1e324a301005
2019-10-02 17:21:31,524 [IPC Server handler 1 on 37176] INFO  node.SCMNodeManager (SCMNodeManager.java:register(266)) - Registered Data node : 9853806c-50d4-4f8f-92d1-1e324a301005{ip: 192.168.164.207, host: pr-hdds-2216-szf6q-3723478472, networkLocation: /default-rack, certSerialId: null}
2019-10-02 17:21:31,538 [pool-413-thread-1] INFO  storage.RaftStorage (RaftStorage.java:format(84)) - Storage directory /workdir/hadoop-ozone/integration-test/target/test-dir/MiniOzoneClusterImpl-3c312c24-477b-403f-b698-3daa0d845912/datanode-3/data/ratis/82fd7733-401d-40ce-adbf-416bc043172a has been successfully formatted.
2019-10-02 17:21:31,538 [pool-423-thread-1] INFO  storage.RaftStorage (RaftStorage.java:format(84)) - Storage directory /workdir/hadoop-ozone/integration-test/target/test-dir/MiniOzoneClusterImpl-3c312c24-477b-403f-b698-3daa0d845912/datanode-4/data/ratis/82fd7733-401d-40ce-adbf-416bc043172a has been successfully formatted.
2019-10-02 17:21:31,538 [pool-413-thread-1] INFO  ratis.ContainerStateMachine (ContainerStateMachine.java:loadSnapshot(230)) - group-416BC043172A: The snapshot info is null. Setting the last applied indexto:(t:0, i:~)
2019-10-02 17:21:31,538 [pool-433-thread-1] INFO  storage.RaftStorage (RaftStorage.java:format(84)) - Storage directory /workdir/hadoop-ozone/integration-test/target/test-dir/MiniOzoneClusterImpl-3c312c24-477b-403f-b698-3daa0d845912/datanode-5/data/ratis/82fd7733-401d-40ce-adbf-416bc043172a has been successfully formatted.
2019-10-02 17:21:31,538 [pool-423-thread-1] INFO  ratis.ContainerStateMachine (ContainerStateMachine.java:loadSnapshot(230)) - group-416BC043172A: The snapshot info is null. Setting the last applied indexto:(t:0, i:~)
2019-10-02 17:21:31,538 [pool-413-thread-1] INFO  server.RaftServerConfigKeys (ConfUtils.java:logGet(43)) - raft.server.notification.no-leader.timeout = 120s (custom)
2019-10-02 17:21:31,538 [pool-423-thread-1] INFO  server.RaftServerConfigKeys (ConfUtils.java:logGet(43)) - raft.server.notification.no-leader.timeout = 120s (custom)
2019-10-02 17:21:31,538 [pool-433-thread-1] INFO  ratis.ContainerStateMachine (ContainerStateMachine.java:loadSnapshot(230)) - group-416BC043172A: The snapshot info is null. Setting the last applied indexto:(t:0, i:~)
2019-10-02 17:21:31,539 [pool-423-thread-1] INFO  server.RaftServerConfigKeys (ConfUtils.java:logGet(43)) - raft.server.log.use.memory = false (default)
2019-10-02 17:21:31,538 [pool-413-thread-1] INFO  server.RaftServerConfigKeys (ConfUtils.java:logGet(43)) - raft.server.log.use.memory = false (default)
2019-10-02 17:21:31,539 [pool-423-thread-1] INFO  server.RaftServerConfigKeys (ConfUtils.java:logGet(43)) - raft.server.log.purge.gap = 1000000 (custom)
2019-10-02 17:21:31,539 [pool-433-thread-1] INFO  server.RaftServerConfigKeys (ConfUtils.java:logGet(43)) - raft.server.notification.no-leader.timeout = 120s (custom)
2019-10-02 17:21:31,539 [pool-423-thread-1] INFO  server.RaftServerConfigKeys (ConfUtils.java:logGet(43)) - raft.server.log.appender.buffer.byte-limit = 33554432 (custom)
2019-10-02 17:21:31,539 [pool-413-thread-1] INFO  server.RaftServerConfigKeys (ConfUtils.java:logGet(43)) - raft.server.log.purge.gap = 1000000 (custom)
2019-10-02 17:21:31,539 [pool-423-thread-1] INFO  server.RaftServerConfigKeys (ConfUtils.java:logGet(43)) - raft.server.log.segment.size.max = 1048576 (custom)
2019-10-02 17:21:31,539 [pool-433-thread-1] INFO  server.RaftServerConfigKeys (ConfUtils.java:logGet(43)) - raft.server.log.use.memory = false (default)
2019-10-02 17:21:31,539 [pool-423-thread-1] INFO  server.RaftServerConfigKeys (ConfUtils.java:logGet(43)) - raft.server.log.segment.cache.num.max = 2 (custom)
2019-10-02 17:21:31,539 [pool-413-thread-1] INFO  server.RaftServerConfigKeys (ConfUtils.java:logGet(43)) - raft.server.log.appender.buffer.byte-limit = 33554432 (custom)
2019-10-02 17:21:31,540 [pool-423-thread-1] INFO  segmented.SegmentedRaftLogWorker (SegmentedRaftLogWorker.java:<init>(173)) - new 0e7e9a7d-d94d-437a-bfe3-02591df9bf4c@group-416BC043172A-SegmentedRaftLogWorker for RaftStorage:Storage Directory /workdir/hadoop-ozone/integration-test/target/test-dir/MiniOzoneClusterImpl-3c312c24-477b-403f-b698-3daa0d845912/datanode-4/data/ratis/82fd7733-401d-40ce-adbf-416bc043172a
2019-10-02 17:21:31,540 [pool-433-thread-1] INFO  server.RaftServerConfigKeys (ConfUtils.java:logGet(43)) - raft.server.log.purge.gap = 1000000 (custom)
2019-10-02 17:21:31,540 [pool-423-thread-1] INFO  server.RaftServerConfigKeys (ConfUtils.java:logGet(43)) - raft.server.log.queue.byte-limit = 2147483647 (custom)
2019-10-02 17:21:31,540 [pool-413-thread-1] INFO  server.RaftServerConfigKeys (ConfUtils.java:logGet(43)) - raft.server.log.segment.size.max = 1048576 (custom)
2019-10-02 17:21:31,540 [pool-423-thread-1] INFO  server.RaftServerConfigKeys (ConfUtils.java:logGet(43)) - raft.server.log.queue.element-limit = 1024 (custom)
2019-10-02 17:21:31,540 [pool-433-thread-1] INFO  server.RaftServerConfigKeys (ConfUtils.java:logGet(43)) - raft.server.log.appender.buffer.byte-limit = 33554432 (custom)
2019-10-02 17:21:31,540 [pool-423-thread-1] INFO  server.RaftServerConfigKeys (ConfUtils.java:logGet(43)) - raft.server.log.segment.size.max = 1048576 (custom)
2019-10-02 17:21:31,540 [pool-413-thread-1] INFO  server.RaftServerConfigKeys (ConfUtils.java:logGet(43)) - raft.server.log.segment.cache.num.max = 2 (custom)
2019-10-02 17:21:31,540 [pool-423-thread-1] INFO  server.RaftServerConfigKeys (ConfUtils.java:logGet(43)) - raft.server.log.preallocated.size = 16384 (custom)
2019-10-02 17:21:31,540 [pool-433-thread-1] INFO  server.RaftServerConfigKeys (ConfUtils.java:logGet(43)) - raft.server.log.segment.size.max = 1048576 (custom)
2019-10-02 17:21:31,541 [pool-423-thread-1] INFO  server.RaftServerConfigKeys (ConfUtils.java:logGet(43)) - raft.server.log.write.buffer.size = 33554432 (custom)
2019-10-02 17:21:31,541 [pool-413-thread-1] INFO  segmented.SegmentedRaftLogWorker (SegmentedRaftLogWorker.java:<init>(173)) - new 55f59d72-0167-4e77-8bf2-6a26e4e7cb10@group-416BC043172A-SegmentedRaftLogWorker for RaftStorage:Storage Directory /workdir/hadoop-ozone/integration-test/target/test-dir/MiniOzoneClusterImpl-3c312c24-477b-403f-b698-3daa0d845912/datanode-3/data/ratis/82fd7733-401d-40ce-adbf-416bc043172a
2019-10-02 17:21:31,541 [pool-423-thread-1] INFO  server.RaftServerConfigKeys (ConfUtils.java:logGet(43)) - raft.server.log.force.sync.num = 128 (default)
2019-10-02 17:21:31,541 [pool-433-thread-1] INFO  server.RaftServerConfigKeys (ConfUtils.java:logGet(43)) - raft.server.log.segment.cache.num.max = 2 (custom)
2019-10-02 17:21:31,541 [pool-423-thread-1] INFO  server.RaftServerConfigKeys (ConfUtils.java:logGet(43)) - raft.server.log.statemachine.data.sync = true (default)
2019-10-02 17:21:31,541 [pool-413-thread-1] INFO  server.RaftServerConfigKeys (ConfUtils.java:logGet(43)) - raft.server.log.queue.byte-limit = 2147483647 (custom)
2019-10-02 17:21:31,541 [pool-423-thread-1] INFO  server.RaftServerConfigKeys (ConfUtils.java:logGet(43)) - raft.server.log.statemachine.data.sync.timeout = 10s (default)
2019-10-02 17:21:31,541 [pool-433-thread-1] INFO  segmented.SegmentedRaftLogWorker (SegmentedRaftLogWorker.java:<init>(173)) - new 20bc9099-d67c-4312-a11e-d96a65a95445@group-416BC043172A-SegmentedRaftLogWorker for RaftStorage:Storage Directory /workdir/hadoop-ozone/integration-test/target/test-dir/MiniOzoneClusterImpl-3c312c24-477b-403f-b698-3daa0d845912/datanode-5/data/ratis/82fd7733-401d-40ce-adbf-416bc043172a
2019-10-02 17:21:31,541 [pool-423-thread-1] INFO  server.RaftServerConfigKeys (ConfUtils.java:logGet(43)) - raft.server.log.statemachine.data.sync.timeout.retry = -1 (default)
2019-10-02 17:21:31,541 [pool-413-thread-1] INFO  server.RaftServerConfigKeys (ConfUtils.java:logGet(43)) - raft.server.log.queue.element-limit = 1024 (custom)
2019-10-02 17:21:31,542 [pool-423-thread-1] INFO  server.RaftServerConfigKeys (ConfUtils.java:logGet(43)) - raft.server.log.statemachine.data.caching.enabled = true (custom)
2019-10-02 17:21:31,542 [pool-433-thread-1] INFO  server.RaftServerConfigKeys (ConfUtils.java:logGet(43)) - raft.server.log.queue.byte-limit = 2147483647 (custom)
2019-10-02 17:21:31,542 [pool-413-thread-1] INFO  server.RaftServerConfigKeys (ConfUtils.java:logGet(43)) - raft.server.log.segment.size.max = 1048576 (custom)
2019-10-02 17:21:31,542 [pool-423-thread-1] INFO  segmented.SegmentedRaftLogWorker (SegmentedRaftLogWorker.java:lambda$new$0(128)) - 0e7e9a7d-d94d-437a-bfe3-02591df9bf4c@group-416BC043172A-SegmentedRaftLogWorker: flushIndex: setUnconditionally 0 -> -1
2019-10-02 17:21:31,542 [pool-413-thread-1] INFO  server.RaftServerConfigKeys (ConfUtils.java:logGet(43)) - raft.server.log.preallocated.size = 16384 (custom)
2019-10-02 17:21:31,542 [pool-433-thread-1] INFO  server.RaftServerConfigKeys (ConfUtils.java:logGet(43)) - raft.server.log.queue.element-limit = 1024 (custom)
2019-10-02 17:21:31,542 [pool-423-thread-1] INFO  server.RaftServerConfigKeys (ConfUtils.java:logGet(43)) - raft.server.snapshot.auto.trigger.enabled = true (custom)
2019-10-02 17:21:31,542 [pool-413-thread-1] INFO  server.RaftServerConfigKeys (ConfUtils.java:logGet(43)) - raft.server.log.write.buffer.size = 33554432 (custom)
2019-10-02 17:21:31,542 [pool-423-thread-1] INFO  server.RaftServerConfigKeys (ConfUtils.java:logGet(43)) - raft.server.snapshot.auto.trigger.threshold = 10000 (custom)
2019-10-02 17:21:31,542 [pool-433-thread-1] INFO  server.RaftServerConfigKeys (ConfUtils.java:logGet(43)) - raft.server.log.segment.size.max = 1048576 (custom)
2019-10-02 17:21:31,543 [pool-423-thread-1] INFO  server.RaftServerConfigKeys (ConfUtils.java:logGet(43)) - raft.server.snapshot.retention.file.num = 5 (custom)
2019-10-02 17:21:31,543 [pool-413-thread-1] INFO  server.RaftServerConfigKeys (ConfUtils.java:logGet(43)) - raft.server.log.force.sync.num = 128 (default)
2019-10-02 17:21:31,543 [pool-423-thread-1] INFO  server.RaftServerConfigKeys (ConfUtils.java:logGet(43)) - raft.server.retrycache.expirytime = 600000ms (custom)
2019-10-02 17:21:31,543 [pool-433-thread-1] INFO  server.RaftServerConfigKeys (ConfUtils.java:logGet(43)) - raft.server.log.preallocated.size = 16384 (custom)
2019-10-02 17:21:31,543 [pool-413-thread-1] INFO  server.RaftServerConfigKeys (ConfUtils.java:logGet(43)) - raft.server.log.statemachine.data.sync = true (default)
2019-10-02 17:21:31,543 [pool-433-thread-1] INFO  server.RaftServerConfigKeys (ConfUtils.java:logGet(43)) - raft.server.log.write.buffer.size = 33554432 (custom)
2019-10-02 17:21:31,543 [pool-413-thread-1] INFO  server.RaftServerConfigKeys (ConfUtils.java:logGet(43)) - raft.server.log.statemachine.data.sync.timeout = 10s (default)
2019-10-02 17:21:31,543 [pool-433-thread-1] INFO  server.RaftServerConfigKeys (ConfUtils.java:logGet(43)) - raft.server.log.force.sync.num = 128 (default)
2019-10-02 17:21:31,543 [pool-413-thread-1] INFO  server.RaftServerConfigKeys (ConfUtils.java:logGet(43)) - raft.server.log.statemachine.data.sync.timeout.retry = -1 (default)
2019-10-02 17:21:31,544 [pool-433-thread-1] INFO  server.RaftServerConfigKeys (ConfUtils.java:logGet(43)) - raft.server.log.statemachine.data.sync = true (default)
2019-10-02 17:21:31,544 [pool-413-thread-1] INFO  server.RaftServerConfigKeys (ConfUtils.java:logGet(43)) - raft.server.log.statemachine.data.caching.enabled = true (custom)
2019-10-02 17:21:31,544 [pool-433-thread-1] INFO  server.RaftServerConfigKeys (ConfUtils.java:logGet(43)) - raft.server.log.statemachine.data.sync.timeout = 10s (default)
2019-10-02 17:21:31,544 [pool-433-thread-1] INFO  server.RaftServerConfigKeys (ConfUtils.java:logGet(43)) - raft.server.log.statemachine.data.sync.timeout.retry = -1 (default)
2019-10-02 17:21:31,544 [pool-413-thread-1] INFO  segmented.SegmentedRaftLogWorker (SegmentedRaftLogWorker.java:lambda$new$0(128)) - 55f59d72-0167-4e77-8bf2-6a26e4e7cb10@group-416BC043172A-SegmentedRaftLogWorker: flushIndex: setUnconditionally 0 -> -1
2019-10-02 17:21:31,544 [pool-433-thread-1] INFO  server.RaftServerConfigKeys (ConfUtils.java:logGet(43)) - raft.server.log.statemachine.data.caching.enabled = true (custom)
2019-10-02 17:21:31,544 [pool-423-thread-1] INFO  impl.RaftServerImpl (RaftServerImpl.java:start(181)) - 0e7e9a7d-d94d-437a-bfe3-02591df9bf4c@group-416BC043172A: start as a follower, conf=-1: [0e7e9a7d-d94d-437a-bfe3-02591df9bf4c:192.168.164.207:41458, 20bc9099-d67c-4312-a11e-d96a65a95445:192.168.164.207:38129, 55f59d72-0167-4e77-8bf2-6a26e4e7cb10:192.168.164.207:43939], old=null
2019-10-02 17:21:31,544 [pool-433-thread-1] INFO  segmented.SegmentedRaftLogWorker (SegmentedRaftLogWorker.java:lambda$new$0(128)) - 20bc9099-d67c-4312-a11e-d96a65a95445@group-416BC043172A-SegmentedRaftLogWorker: flushIndex: setUnconditionally 0 -> -1
2019-10-02 17:21:31,544 [pool-413-thread-1] INFO  server.RaftServerConfigKeys (ConfUtils.java:logGet(43)) - raft.server.snapshot.auto.trigger.enabled = true (custom)
2019-10-02 17:21:31,544 [pool-423-thread-1] INFO  impl.RaftServerImpl (RaftServerImpl.java:setRole(170)) - 0e7e9a7d-d94d-437a-bfe3-02591df9bf4c@group-416BC043172A: changes role from      null to FOLLOWER at term 0 for startAsFollower
2019-10-02 17:21:31,545 [pool-433-thread-1] INFO  server.RaftServerConfigKeys (ConfUtils.java:logGet(43)) - raft.server.snapshot.auto.trigger.enabled = true (custom)
2019-10-02 17:21:31,545 [pool-413-thread-1] INFO  server.RaftServerConfigKeys (ConfUtils.java:logGet(43)) - raft.server.snapshot.auto.trigger.threshold = 10000 (custom)
2019-10-02 17:21:31,545 [pool-433-thread-1] INFO  server.RaftServerConfigKeys (ConfUtils.java:logGet(43)) - raft.server.snapshot.auto.trigger.threshold = 10000 (custom)
2019-10-02 17:21:31,545 [pool-423-thread-1] INFO  impl.RoleInfo (RoleInfo.java:updateAndGet(143)) - 0e7e9a7d-d94d-437a-bfe3-02591df9bf4c: start FollowerState
2019-10-02 17:21:31,545 [pool-433-thread-1] INFO  server.RaftServerConfigKeys (ConfUtils.java:logGet(43)) - raft.server.snapshot.retention.file.num = 5 (custom)
2019-10-02 17:21:31,545 [pool-413-thread-1] INFO  server.RaftServerConfigKeys (ConfUtils.java:logGet(43)) - raft.server.snapshot.retention.file.num = 5 (custom)
2019-10-02 17:21:31,545 [pool-433-thread-1] INFO  server.RaftServerConfigKeys (ConfUtils.java:logGet(43)) - raft.server.retrycache.expirytime = 600000ms (custom)
2019-10-02 17:21:31,545 [pool-413-thread-1] INFO  server.RaftServerConfigKeys (ConfUtils.java:logGet(43)) - raft.server.retrycache.expirytime = 600000ms (custom)
2019-10-02 17:21:31,545 [pool-423-thread-1] INFO  util.JmxRegister (JmxRegister.java:tryRegister(44)) - Successfully registered JMX Bean with object name Ratis:service=RaftServer,group=group-416BC043172A,id=0e7e9a7d-d94d-437a-bfe3-02591df9bf4c
2019-10-02 17:21:31,548 [pool-433-thread-1] INFO  impl.RaftServerImpl (RaftServerImpl.java:start(181)) - 20bc9099-d67c-4312-a11e-d96a65a95445@group-416BC043172A: start as a follower, conf=-1: [0e7e9a7d-d94d-437a-bfe3-02591df9bf4c:192.168.164.207:41458, 20bc9099-d67c-4312-a11e-d96a65a95445:192.168.164.207:38129, 55f59d72-0167-4e77-8bf2-6a26e4e7cb10:192.168.164.207:43939], old=null
2019-10-02 17:21:31,548 [pool-433-thread-1] INFO  impl.RaftServerImpl (RaftServerImpl.java:setRole(170)) - 20bc9099-d67c-4312-a11e-d96a65a95445@group-416BC043172A: changes role from      null to FOLLOWER at term 0 for startAsFollower
2019-10-02 17:21:31,548 [pool-433-thread-1] INFO  impl.RoleInfo (RoleInfo.java:updateAndGet(143)) - 20bc9099-d67c-4312-a11e-d96a65a95445: start FollowerState
2019-10-02 17:21:31,548 [pool-413-thread-1] INFO  impl.RaftServerImpl (RaftServerImpl.java:start(181)) - 55f59d72-0167-4e77-8bf2-6a26e4e7cb10@group-416BC043172A: start as a follower, conf=-1: [0e7e9a7d-d94d-437a-bfe3-02591df9bf4c:192.168.164.207:41458, 20bc9099-d67c-4312-a11e-d96a65a95445:192.168.164.207:38129, 55f59d72-0167-4e77-8bf2-6a26e4e7cb10:192.168.164.207:43939], old=null
2019-10-02 17:21:31,548 [pool-413-thread-1] INFO  impl.RaftServerImpl (RaftServerImpl.java:setRole(170)) - 55f59d72-0167-4e77-8bf2-6a26e4e7cb10@group-416BC043172A: changes role from      null to FOLLOWER at term 0 for startAsFollower
2019-10-02 17:21:31,549 [pool-413-thread-1] INFO  impl.RoleInfo (RoleInfo.java:updateAndGet(143)) - 55f59d72-0167-4e77-8bf2-6a26e4e7cb10: start FollowerState
2019-10-02 17:21:31,549 [pool-433-thread-1] INFO  util.JmxRegister (JmxRegister.java:tryRegister(44)) - Successfully registered JMX Bean with object name Ratis:service=RaftServer,group=group-416BC043172A,id=20bc9099-d67c-4312-a11e-d96a65a95445
2019-10-02 17:21:31,549 [pool-413-thread-1] INFO  util.JmxRegister (JmxRegister.java:tryRegister(44)) - Successfully registered JMX Bean with object name Ratis:service=RaftServer,group=group-416BC043172A,id=55f59d72-0167-4e77-8bf2-6a26e4e7cb10
2019-10-02 17:21:31,553 [RatisPipelineUtilsThread] INFO  pipeline.PipelineStateManager (PipelineStateManager.java:addPipeline(56)) - Created pipeline Pipeline[ Id: 82fd7733-401d-40ce-adbf-416bc043172a, Nodes: 20bc9099-d67c-4312-a11e-d96a65a95445{ip: 192.168.164.207, host: pr-hdds-2216-szf6q-3723478472, networkLocation: /default-rack, certSerialId: null}55f59d72-0167-4e77-8bf2-6a26e4e7cb10{ip: 192.168.164.207, host: pr-hdds-2216-szf6q-3723478472, networkLocation: /default-rack, certSerialId: null}0e7e9a7d-d94d-437a-bfe3-02591df9bf4c{ip: 192.168.164.207, host: pr-hdds-2216-szf6q-3723478472, networkLocation: /default-rack, certSerialId: null}, Type:RATIS, Factor:THREE, State:OPEN]
2019-10-02 17:21:32,524 [main] INFO  ozone.MiniOzoneClusterImpl (MiniOzoneClusterImpl.java:lambda$waitForClusterToBeReady$0(147)) - Cluster is ready. Got 7 of 7 DN Heartbeats.
2019-10-02 17:21:32,562 [main] INFO  rpc.RpcClient (RpcClient.java:createVolume(276)) - Creating Volume: watchforcommithandlingtest, with jenkins1000 as owner.
2019-10-02 17:21:32,565 [IPC Server handler 2 on 42710] INFO  volume.OMVolumeCreateRequest (OMVolumeCreateRequest.java:validateAndUpdateCache(194)) - created volume:watchforcommithandlingtest for user:jenkins1000
2019-10-02 17:21:32,577 [main] INFO  rpc.RpcClient (RpcClient.java:createBucket(415)) - Creating Bucket: watchforcommithandlingtest/watchforcommithandlingtest, with Versioning false and Storage Type set to DISK and Encryption set to false 
2019-10-02 17:21:32,581 [main] INFO  ozone.MiniOzoneClusterImpl (MiniOzoneClusterImpl.java:getStorageContainerLocationClient(234)) - Creating StorageContainerLocationProtocol RPC client with address /0.0.0.0:35788
2019-10-02 17:21:34,146 [Thread-2407] INFO  container.ReplicationManager (ReplicationManager.java:start(162)) - Starting Replication Monitor Thread.
2019-10-02 17:21:34,150 [ReplicationMonitor] INFO  container.ReplicationManager (ReplicationManager.java:run(225)) - Replication Monitor Thread took 1 milliseconds for processing 1 containers.
2019-10-02 17:21:36,282 [Thread-2409] INFO  impl.FollowerState (FollowerState.java:run(108)) - 05daad3a-5530-436f-abf5-8679b928a84d@group-EFF6974DAA05-FollowerState: change to CANDIDATE, lastRpcTime:5068ms, electionTimeout:5068ms
2019-10-02 17:21:36,283 [Thread-2409] INFO  impl.RoleInfo (RoleInfo.java:shutdownFollowerState(121)) - 05daad3a-5530-436f-abf5-8679b928a84d: shutdown FollowerState
2019-10-02 17:21:36,283 [Thread-2409] INFO  impl.RaftServerImpl (RaftServerImpl.java:setRole(170)) - 05daad3a-5530-436f-abf5-8679b928a84d@group-EFF6974DAA05: changes role from  FOLLOWER to CANDIDATE at term 0 for changeToCandidate
2019-10-02 17:21:36,283 [Thread-2409] INFO  impl.RoleInfo (RoleInfo.java:updateAndGet(143)) - 05daad3a-5530-436f-abf5-8679b928a84d: start LeaderElection
2019-10-02 17:21:36,303 [05daad3a-5530-436f-abf5-8679b928a84d@group-EFF6974DAA05-LeaderElection97] INFO  impl.LeaderElection (LeaderElection.java:askForVotes(178)) - 05daad3a-5530-436f-abf5-8679b928a84d@group-EFF6974DAA05-LeaderElection97: begin an election at term 1 for -1: [05daad3a-5530-436f-abf5-8679b928a84d:192.168.164.207:45555], old=null
2019-10-02 17:21:36,303 [05daad3a-5530-436f-abf5-8679b928a84d@group-EFF6974DAA05-LeaderElection97] INFO  impl.RoleInfo (RoleInfo.java:shutdownLeaderElection(134)) - 05daad3a-5530-436f-abf5-8679b928a84d: shutdown LeaderElection
2019-10-02 17:21:36,303 [05daad3a-5530-436f-abf5-8679b928a84d@group-EFF6974DAA05-LeaderElection97] INFO  impl.RaftServerImpl (RaftServerImpl.java:setRole(170)) - 05daad3a-5530-436f-abf5-8679b928a84d@group-EFF6974DAA05: changes role from CANDIDATE to LEADER at term 1 for changeToLeader
2019-10-02 17:21:36,303 [05daad3a-5530-436f-abf5-8679b928a84d@group-EFF6974DAA05-LeaderElection97] INFO  impl.RaftServerImpl (ServerState.java:setLeader(255)) - 05daad3a-5530-436f-abf5-8679b928a84d@group-EFF6974DAA05: change Leader from null to 05daad3a-5530-436f-abf5-8679b928a84d at term 1 for becomeLeader, leader elected after 5094ms
2019-10-02 17:21:36,303 [05daad3a-5530-436f-abf5-8679b928a84d@group-EFF6974DAA05-LeaderElection97] INFO  server.RaftServerConfigKeys (ConfUtils.java:logGet(43)) - raft.server.staging.catchup.gap = 1000 (default)
2019-10-02 17:21:36,303 [05daad3a-5530-436f-abf5-8679b928a84d@group-EFF6974DAA05-LeaderElection97] INFO  server.RaftServerConfigKeys (ConfUtils.java:logGet(43)) - raft.server.rpc.sleep.time = 25ms (default)
2019-10-02 17:21:36,303 [05daad3a-5530-436f-abf5-8679b928a84d@group-EFF6974DAA05-LeaderElection97] INFO  server.RaftServerConfigKeys (ConfUtils.java:logGet(43)) - raft.server.write.element-limit = 4096 (default)
2019-10-02 17:21:36,303 [05daad3a-5530-436f-abf5-8679b928a84d@group-EFF6974DAA05-LeaderElection97] INFO  server.RaftServerConfigKeys (ConfUtils.java:logGet(43)) - raft.server.watch.timeout = 10s (default)
2019-10-02 17:21:36,304 [05daad3a-5530-436f-abf5-8679b928a84d@group-EFF6974DAA05-LeaderElection97] INFO  server.RaftServerConfigKeys (ConfUtils.java:logGet(43)) - raft.server.watch.timeout.denomination = 1s (default)
2019-10-02 17:21:36,304 [05daad3a-5530-436f-abf5-8679b928a84d@group-EFF6974DAA05-LeaderElection97] INFO  server.RaftServerConfigKeys (ConfUtils.java:logGet(43)) - raft.server.watch.element-limit = 65536 (default)
2019-10-02 17:21:36,305 [05daad3a-5530-436f-abf5-8679b928a84d@group-EFF6974DAA05-LeaderElection97] INFO  impl.RoleInfo (RoleInfo.java:updateAndGet(143)) - 05daad3a-5530-436f-abf5-8679b928a84d: start LeaderState
2019-10-02 17:21:36,306 [05daad3a-5530-436f-abf5-8679b928a84d@group-EFF6974DAA05-LeaderElection97] INFO  segmented.SegmentedRaftLogWorker (SegmentedRaftLogWorker.java:startLogSegment(385)) - 05daad3a-5530-436f-abf5-8679b928a84d@group-EFF6974DAA05-SegmentedRaftLogWorker: Starting segment from index:0
2019-10-02 17:21:36,307 [05daad3a-5530-436f-abf5-8679b928a84d@group-EFF6974DAA05-LeaderElection97] INFO  impl.RaftServerImpl (ServerState.java:setRaftConf(356)) - 05daad3a-5530-436f-abf5-8679b928a84d@group-EFF6974DAA05: set configuration 0: [05daad3a-5530-436f-abf5-8679b928a84d:192.168.164.207:45555], old=null at 0
2019-10-02 17:21:36,343 [Thread-2419] INFO  impl.FollowerState (FollowerState.java:run(108)) - d313778a-40e7-4d10-887d-cd4c269a6640@group-791C69D32656-FollowerState: change to CANDIDATE, lastRpcTime:5001ms, electionTimeout:5001ms
2019-10-02 17:21:36,344 [Thread-2419] INFO  impl.RoleInfo (RoleInfo.java:shutdownFollowerState(121)) - d313778a-40e7-4d10-887d-cd4c269a6640: shutdown FollowerState
2019-10-02 17:21:36,344 [Thread-2419] INFO  impl.RaftServerImpl (RaftServerImpl.java:setRole(170)) - d313778a-40e7-4d10-887d-cd4c269a6640@group-791C69D32656: changes role from  FOLLOWER to CANDIDATE at term 0 for changeToCandidate
2019-10-02 17:21:36,344 [Thread-2419] INFO  impl.RoleInfo (RoleInfo.java:updateAndGet(143)) - d313778a-40e7-4d10-887d-cd4c269a6640: start LeaderElection
2019-10-02 17:21:36,358 [05daad3a-5530-436f-abf5-8679b928a84d@group-EFF6974DAA05-SegmentedRaftLogWorker] INFO  segmented.SegmentedRaftLogWorker (SegmentedRaftLogWorker.java:execute(574)) - 05daad3a-5530-436f-abf5-8679b928a84d@group-EFF6974DAA05-SegmentedRaftLogWorker: created new log segment /workdir/hadoop-ozone/integration-test/target/test-dir/MiniOzoneClusterImpl-3c312c24-477b-403f-b698-3daa0d845912/datanode-0/data/ratis/7f94f399-6812-4c41-a8e3-eff6974daa05/current/log_inprogress_0
2019-10-02 17:21:36,367 [Thread-2412] INFO  impl.FollowerState (FollowerState.java:run(108)) - d313778a-40e7-4d10-887d-cd4c269a6640@group-FAF2D8459CC1-FollowerState: change to CANDIDATE, lastRpcTime:5106ms, electionTimeout:5106ms
2019-10-02 17:21:36,367 [Thread-2412] INFO  impl.RoleInfo (RoleInfo.java:shutdownFollowerState(121)) - d313778a-40e7-4d10-887d-cd4c269a6640: shutdown FollowerState
2019-10-02 17:21:36,367 [Thread-2412] INFO  impl.RaftServerImpl (RaftServerImpl.java:setRole(170)) - d313778a-40e7-4d10-887d-cd4c269a6640@group-FAF2D8459CC1: changes role from  FOLLOWER to CANDIDATE at term 0 for changeToCandidate
2019-10-02 17:21:36,368 [Thread-2412] INFO  impl.RoleInfo (RoleInfo.java:updateAndGet(143)) - d313778a-40e7-4d10-887d-cd4c269a6640: start LeaderElection
2019-10-02 17:21:36,381 [d313778a-40e7-4d10-887d-cd4c269a6640@group-791C69D32656-LeaderElection98] INFO  impl.LeaderElection (LeaderElection.java:askForVotes(178)) - d313778a-40e7-4d10-887d-cd4c269a6640@group-791C69D32656-LeaderElection98: begin an election at term 1 for -1: [d313778a-40e7-4d10-887d-cd4c269a6640:192.168.164.207:39819, 05daad3a-5530-436f-abf5-8679b928a84d:192.168.164.207:45555, 0a1f0d9e-a701-4d69-8c9f-5b5f88cf3ec1:192.168.164.207:41465], old=null
2019-10-02 17:21:36,384 [d313778a-40e7-4d10-887d-cd4c269a6640@group-FAF2D8459CC1-LeaderElection99] INFO  impl.LeaderElection (LeaderElection.java:askForVotes(178)) - d313778a-40e7-4d10-887d-cd4c269a6640@group-FAF2D8459CC1-LeaderElection99: begin an election at term 1 for -1: [d313778a-40e7-4d10-887d-cd4c269a6640:192.168.164.207:39819], old=null
2019-10-02 17:21:36,384 [d313778a-40e7-4d10-887d-cd4c269a6640@group-FAF2D8459CC1-LeaderElection99] INFO  impl.RoleInfo (RoleInfo.java:shutdownLeaderElection(134)) - d313778a-40e7-4d10-887d-cd4c269a6640: shutdown LeaderElection
2019-10-02 17:21:36,384 [d313778a-40e7-4d10-887d-cd4c269a6640@group-FAF2D8459CC1-LeaderElection99] INFO  impl.RaftServerImpl (RaftServerImpl.java:setRole(170)) - d313778a-40e7-4d10-887d-cd4c269a6640@group-FAF2D8459CC1: changes role from CANDIDATE to LEADER at term 1 for changeToLeader
2019-10-02 17:21:36,384 [d313778a-40e7-4d10-887d-cd4c269a6640@group-FAF2D8459CC1-LeaderElection99] INFO  impl.RaftServerImpl (ServerState.java:setLeader(255)) - d313778a-40e7-4d10-887d-cd4c269a6640@group-FAF2D8459CC1: change Leader from null to d313778a-40e7-4d10-887d-cd4c269a6640 at term 1 for becomeLeader, leader elected after 5128ms
2019-10-02 17:21:36,384 [d313778a-40e7-4d10-887d-cd4c269a6640@group-FAF2D8459CC1-LeaderElection99] INFO  server.RaftServerConfigKeys (ConfUtils.java:logGet(43)) - raft.server.staging.catchup.gap = 1000 (default)
2019-10-02 17:21:36,384 [d313778a-40e7-4d10-887d-cd4c269a6640@group-FAF2D8459CC1-LeaderElection99] INFO  server.RaftServerConfigKeys (ConfUtils.java:logGet(43)) - raft.server.rpc.sleep.time = 25ms (default)
2019-10-02 17:21:36,384 [d313778a-40e7-4d10-887d-cd4c269a6640@group-FAF2D8459CC1-LeaderElection99] INFO  server.RaftServerConfigKeys (ConfUtils.java:logGet(43)) - raft.server.write.element-limit = 4096 (default)
2019-10-02 17:21:36,385 [d313778a-40e7-4d10-887d-cd4c269a6640@group-FAF2D8459CC1-LeaderElection99] INFO  server.RaftServerConfigKeys (ConfUtils.java:logGet(43)) - raft.server.watch.timeout = 10s (default)
2019-10-02 17:21:36,385 [d313778a-40e7-4d10-887d-cd4c269a6640@group-FAF2D8459CC1-LeaderElection99] INFO  server.RaftServerConfigKeys (ConfUtils.java:logGet(43)) - raft.server.watch.timeout.denomination = 1s (default)
2019-10-02 17:21:36,385 [d313778a-40e7-4d10-887d-cd4c269a6640@group-FAF2D8459CC1-LeaderElection99] INFO  server.RaftServerConfigKeys (ConfUtils.java:logGet(43)) - raft.server.watch.element-limit = 65536 (default)
2019-10-02 17:21:36,385 [grpc-default-executor-8] INFO  impl.RaftServerImpl (RaftServerImpl.java:setRole(170)) - 0a1f0d9e-a701-4d69-8c9f-5b5f88cf3ec1@group-791C69D32656: changes role from  FOLLOWER to FOLLOWER at term 1 for recognizeCandidate:d313778a-40e7-4d10-887d-cd4c269a6640
2019-10-02 17:21:36,385 [grpc-default-executor-7] INFO  impl.RaftServerImpl (RaftServerImpl.java:setRole(170)) - 05daad3a-5530-436f-abf5-8679b928a84d@group-791C69D32656: changes role from  FOLLOWER to FOLLOWER at term 1 for recognizeCandidate:d313778a-40e7-4d10-887d-cd4c269a6640
2019-10-02 17:21:36,385 [grpc-default-executor-8] INFO  impl.RoleInfo (RoleInfo.java:shutdownFollowerState(121)) - 0a1f0d9e-a701-4d69-8c9f-5b5f88cf3ec1: shutdown FollowerState
2019-10-02 17:21:36,385 [grpc-default-executor-7] INFO  impl.RoleInfo (RoleInfo.java:shutdownFollowerState(121)) - 05daad3a-5530-436f-abf5-8679b928a84d: shutdown FollowerState
2019-10-02 17:21:36,385 [Thread-2423] INFO  impl.FollowerState (FollowerState.java:run(117)) - 0a1f0d9e-a701-4d69-8c9f-5b5f88cf3ec1@group-791C69D32656-FollowerState was interrupted: java.lang.InterruptedException: sleep interrupted
2019-10-02 17:21:36,385 [grpc-default-executor-8] INFO  impl.RoleInfo (RoleInfo.java:updateAndGet(143)) - 0a1f0d9e-a701-4d69-8c9f-5b5f88cf3ec1: start FollowerState
2019-10-02 17:21:36,386 [grpc-default-executor-7] INFO  impl.RoleInfo (RoleInfo.java:updateAndGet(143)) - 05daad3a-5530-436f-abf5-8679b928a84d: start FollowerState
2019-10-02 17:21:36,386 [Thread-2421] INFO  impl.FollowerState (FollowerState.java:run(117)) - 05daad3a-5530-436f-abf5-8679b928a84d@group-791C69D32656-FollowerState was interrupted: java.lang.InterruptedException: sleep interrupted
2019-10-02 17:21:36,386 [d313778a-40e7-4d10-887d-cd4c269a6640@group-FAF2D8459CC1-LeaderElection99] INFO  impl.RoleInfo (RoleInfo.java:updateAndGet(143)) - d313778a-40e7-4d10-887d-cd4c269a6640: start LeaderState
2019-10-02 17:21:36,386 [d313778a-40e7-4d10-887d-cd4c269a6640@group-FAF2D8459CC1-LeaderElection99] INFO  segmented.SegmentedRaftLogWorker (SegmentedRaftLogWorker.java:startLogSegment(385)) - d313778a-40e7-4d10-887d-cd4c269a6640@group-FAF2D8459CC1-SegmentedRaftLogWorker: Starting segment from index:0
2019-10-02 17:21:36,387 [d313778a-40e7-4d10-887d-cd4c269a6640@group-FAF2D8459CC1-LeaderElection99] INFO  impl.RaftServerImpl (ServerState.java:setRaftConf(356)) - d313778a-40e7-4d10-887d-cd4c269a6640@group-FAF2D8459CC1: set configuration 0: [d313778a-40e7-4d10-887d-cd4c269a6640:192.168.164.207:39819], old=null at 0
2019-10-02 17:21:36,399 [d313778a-40e7-4d10-887d-cd4c269a6640@group-791C69D32656-LeaderElection98] INFO  impl.LeaderElection (LeaderElection.java:logAndReturn(56)) - d313778a-40e7-4d10-887d-cd4c269a6640@group-791C69D32656-LeaderElection98: Election PASSED; received 1 response(s) [d313778a-40e7-4d10-887d-cd4c269a6640<-0a1f0d9e-a701-4d69-8c9f-5b5f88cf3ec1#0:OK-t1] and 0 exception(s); d313778a-40e7-4d10-887d-cd4c269a6640@group-791C69D32656:t1, leader=null, voted=d313778a-40e7-4d10-887d-cd4c269a6640, raftlog=d313778a-40e7-4d10-887d-cd4c269a6640@group-791C69D32656-SegmentedRaftLog:OPENED:c-1,f-1,i0, conf=-1: [d313778a-40e7-4d10-887d-cd4c269a6640:192.168.164.207:39819, 05daad3a-5530-436f-abf5-8679b928a84d:192.168.164.207:45555, 0a1f0d9e-a701-4d69-8c9f-5b5f88cf3ec1:192.168.164.207:41465], old=null
2019-10-02 17:21:36,399 [d313778a-40e7-4d10-887d-cd4c269a6640@group-791C69D32656-LeaderElection98] INFO  impl.RoleInfo (RoleInfo.java:shutdownLeaderElection(134)) - d313778a-40e7-4d10-887d-cd4c269a6640: shutdown LeaderElection
2019-10-02 17:21:36,399 [d313778a-40e7-4d10-887d-cd4c269a6640@group-791C69D32656-LeaderElection98] INFO  impl.RaftServerImpl (RaftServerImpl.java:setRole(170)) - d313778a-40e7-4d10-887d-cd4c269a6640@group-791C69D32656: changes role from CANDIDATE to LEADER at term 1 for changeToLeader
2019-10-02 17:21:36,399 [d313778a-40e7-4d10-887d-cd4c269a6640@group-791C69D32656-LeaderElection98] INFO  impl.RaftServerImpl (ServerState.java:setLeader(255)) - d313778a-40e7-4d10-887d-cd4c269a6640@group-791C69D32656: change Leader from null to d313778a-40e7-4d10-887d-cd4c269a6640 at term 1 for becomeLeader, leader elected after 5064ms
2019-10-02 17:21:36,400 [d313778a-40e7-4d10-887d-cd4c269a6640@group-791C69D32656-LeaderElection98] INFO  server.RaftServerConfigKeys (ConfUtils.java:logGet(43)) - raft.server.staging.catchup.gap = 1000 (default)
2019-10-02 17:21:36,400 [d313778a-40e7-4d10-887d-cd4c269a6640@group-791C69D32656-LeaderElection98] INFO  server.RaftServerConfigKeys (ConfUtils.java:logGet(43)) - raft.server.rpc.sleep.time = 25ms (default)
2019-10-02 17:21:36,400 [d313778a-40e7-4d10-887d-cd4c269a6640@group-791C69D32656-LeaderElection98] INFO  server.RaftServerConfigKeys (ConfUtils.java:logGet(43)) - raft.server.write.element-limit = 4096 (default)
2019-10-02 17:21:36,400 [d313778a-40e7-4d10-887d-cd4c269a6640@group-791C69D32656-LeaderElection98] INFO  server.RaftServerConfigKeys (ConfUtils.java:logGet(43)) - raft.server.watch.timeout = 10s (default)
2019-10-02 17:21:36,400 [d313778a-40e7-4d10-887d-cd4c269a6640@group-791C69D32656-LeaderElection98] INFO  server.RaftServerConfigKeys (ConfUtils.java:logGet(43)) - raft.server.watch.timeout.denomination = 1s (default)
2019-10-02 17:21:36,400 [d313778a-40e7-4d10-887d-cd4c269a6640@group-791C69D32656-LeaderElection98] INFO  server.RaftServerConfigKeys (ConfUtils.java:logGet(43)) - raft.server.watch.element-limit = 65536 (default)
2019-10-02 17:21:36,402 [d313778a-40e7-4d10-887d-cd4c269a6640@group-791C69D32656-LeaderElection98] INFO  server.RaftServerConfigKeys (ConfUtils.java:logGet(43)) - raft.server.log.appender.snapshot.chunk.size.max = 16MB (=16777216) (default)
2019-10-02 17:21:36,402 [d313778a-40e7-4d10-887d-cd4c269a6640@group-791C69D32656-LeaderElection98] INFO  server.RaftServerConfigKeys (ConfUtils.java:logGet(43)) - raft.server.log.appender.buffer.byte-limit = 33554432 (custom)
2019-10-02 17:21:36,402 [d313778a-40e7-4d10-887d-cd4c269a6640@group-791C69D32656-LeaderElection98] INFO  server.RaftServerConfigKeys (ConfUtils.java:logGet(43)) - raft.server.log.appender.buffer.element-limit = 1 (custom)
2019-10-02 17:21:36,402 [d313778a-40e7-4d10-887d-cd4c269a6640@group-791C69D32656-LeaderElection98] INFO  grpc.GrpcConfigKeys$Server (ConfUtils.java:logGet(43)) - raft.grpc.server.leader.outstanding.appends.max = 128 (default)
2019-10-02 17:21:36,402 [d313778a-40e7-4d10-887d-cd4c269a6640@group-791C69D32656-LeaderElection98] INFO  server.RaftServerConfigKeys (ConfUtils.java:logGet(43)) - raft.server.rpc.request.timeout = 3000ms (default)
2019-10-02 17:21:36,402 [d313778a-40e7-4d10-887d-cd4c269a6640@group-791C69D32656-LeaderElection98] INFO  server.RaftServerConfigKeys (ConfUtils.java:logGet(43)) - raft.server.log.appender.install.snapshot.enabled = false (custom)
2019-10-02 17:21:36,402 [d313778a-40e7-4d10-887d-cd4c269a6640@group-791C69D32656-LeaderElection98] INFO  server.RaftServerConfigKeys (ConfUtils.java:logGet(43)) - raft.server.log.appender.snapshot.chunk.size.max = 16MB (=16777216) (default)
2019-10-02 17:21:36,403 [d313778a-40e7-4d10-887d-cd4c269a6640@group-791C69D32656-LeaderElection98] INFO  server.RaftServerConfigKeys (ConfUtils.java:logGet(43)) - raft.server.log.appender.buffer.byte-limit = 33554432 (custom)
2019-10-02 17:21:36,403 [d313778a-40e7-4d10-887d-cd4c269a6640@group-791C69D32656-LeaderElection98] INFO  server.RaftServerConfigKeys (ConfUtils.java:logGet(43)) - raft.server.log.appender.buffer.element-limit = 1 (custom)
2019-10-02 17:21:36,403 [d313778a-40e7-4d10-887d-cd4c269a6640@group-791C69D32656-LeaderElection98] INFO  grpc.GrpcConfigKeys$Server (ConfUtils.java:logGet(43)) - raft.grpc.server.leader.outstanding.appends.max = 128 (default)
2019-10-02 17:21:36,403 [d313778a-40e7-4d10-887d-cd4c269a6640@group-791C69D32656-LeaderElection98] INFO  server.RaftServerConfigKeys (ConfUtils.java:logGet(43)) - raft.server.rpc.request.timeout = 3000ms (default)
2019-10-02 17:21:36,403 [d313778a-40e7-4d10-887d-cd4c269a6640@group-791C69D32656-LeaderElection98] INFO  server.RaftServerConfigKeys (ConfUtils.java:logGet(43)) - raft.server.log.appender.install.snapshot.enabled = false (custom)
2019-10-02 17:21:36,403 [d313778a-40e7-4d10-887d-cd4c269a6640@group-791C69D32656-LeaderElection98] INFO  impl.RoleInfo (RoleInfo.java:updateAndGet(143)) - d313778a-40e7-4d10-887d-cd4c269a6640: start LeaderState
2019-10-02 17:21:36,403 [d313778a-40e7-4d10-887d-cd4c269a6640@group-791C69D32656-LeaderElection98] INFO  segmented.SegmentedRaftLogWorker (SegmentedRaftLogWorker.java:startLogSegment(385)) - d313778a-40e7-4d10-887d-cd4c269a6640@group-791C69D32656-SegmentedRaftLogWorker: Starting segment from index:0
2019-10-02 17:21:36,404 [d313778a-40e7-4d10-887d-cd4c269a6640@group-791C69D32656-LeaderElection98] INFO  impl.RaftServerImpl (ServerState.java:setRaftConf(356)) - d313778a-40e7-4d10-887d-cd4c269a6640@group-791C69D32656: set configuration 0: [d313778a-40e7-4d10-887d-cd4c269a6640:192.168.164.207:39819, 05daad3a-5530-436f-abf5-8679b928a84d:192.168.164.207:45555, 0a1f0d9e-a701-4d69-8c9f-5b5f88cf3ec1:192.168.164.207:41465], old=null at 0
2019-10-02 17:21:36,431 [Thread-2427] INFO  impl.FollowerState (FollowerState.java:run(108)) - 55f59d72-0167-4e77-8bf2-6a26e4e7cb10@group-A16F923B5FB1-FollowerState: change to CANDIDATE, lastRpcTime:5056ms, electionTimeout:5041ms
2019-10-02 17:21:36,432 [Thread-2427] INFO  impl.RoleInfo (RoleInfo.java:shutdownFollowerState(121)) - 55f59d72-0167-4e77-8bf2-6a26e4e7cb10: shutdown FollowerState
2019-10-02 17:21:36,432 [Thread-2427] INFO  impl.RaftServerImpl (RaftServerImpl.java:setRole(170)) - 55f59d72-0167-4e77-8bf2-6a26e4e7cb10@group-A16F923B5FB1: changes role from  FOLLOWER to CANDIDATE at term 0 for changeToCandidate
2019-10-02 17:21:36,432 [Thread-2427] INFO  impl.RoleInfo (RoleInfo.java:updateAndGet(143)) - 55f59d72-0167-4e77-8bf2-6a26e4e7cb10: start LeaderElection
2019-10-02 17:21:36,439 [grpc-default-executor-7] INFO  impl.RaftServerImpl (ServerState.java:setLeader(255)) - 05daad3a-5530-436f-abf5-8679b928a84d@group-791C69D32656: change Leader from null to d313778a-40e7-4d10-887d-cd4c269a6640 at term 1 for appendEntries, leader elected after 5103ms
2019-10-02 17:21:36,455 [d313778a-40e7-4d10-887d-cd4c269a6640@group-FAF2D8459CC1-SegmentedRaftLogWorker] INFO  segmented.SegmentedRaftLogWorker (SegmentedRaftLogWorker.java:execute(574)) - d313778a-40e7-4d10-887d-cd4c269a6640@group-FAF2D8459CC1-SegmentedRaftLogWorker: created new log segment /workdir/hadoop-ozone/integration-test/target/test-dir/MiniOzoneClusterImpl-3c312c24-477b-403f-b698-3daa0d845912/datanode-1/data/ratis/f0137fa7-4fb1-4892-957b-faf2d8459cc1/current/log_inprogress_0
2019-10-02 17:21:36,455 [grpc-default-executor-8] INFO  impl.RaftServerImpl (ServerState.java:setLeader(255)) - 0a1f0d9e-a701-4d69-8c9f-5b5f88cf3ec1@group-791C69D32656: change Leader from null to d313778a-40e7-4d10-887d-cd4c269a6640 at term 1 for appendEntries, leader elected after 5120ms
2019-10-02 17:21:36,455 [d313778a-40e7-4d10-887d-cd4c269a6640@group-791C69D32656-SegmentedRaftLogWorker] INFO  segmented.SegmentedRaftLogWorker (SegmentedRaftLogWorker.java:execute(574)) - d313778a-40e7-4d10-887d-cd4c269a6640@group-791C69D32656-SegmentedRaftLogWorker: created new log segment /workdir/hadoop-ozone/integration-test/target/test-dir/MiniOzoneClusterImpl-3c312c24-477b-403f-b698-3daa0d845912/datanode-1/data/ratis/d978a9cf-080e-4d0f-b100-791c69d32656/current/log_inprogress_0
2019-10-02 17:21:36,461 [Thread-2430] INFO  impl.FollowerState (FollowerState.java:run(108)) - 0e7e9a7d-d94d-437a-bfe3-02591df9bf4c@group-D6688E067B2B-FollowerState: change to CANDIDATE, lastRpcTime:5007ms, electionTimeout:5007ms
2019-10-02 17:21:36,461 [Thread-2430] INFO  impl.RoleInfo (RoleInfo.java:shutdownFollowerState(121)) - 0e7e9a7d-d94d-437a-bfe3-02591df9bf4c: shutdown FollowerState
2019-10-02 17:21:36,461 [Thread-2430] INFO  impl.RaftServerImpl (RaftServerImpl.java:setRole(170)) - 0e7e9a7d-d94d-437a-bfe3-02591df9bf4c@group-D6688E067B2B: changes role from  FOLLOWER to CANDIDATE at term 0 for changeToCandidate
2019-10-02 17:21:36,462 [Thread-2430] INFO  impl.RoleInfo (RoleInfo.java:updateAndGet(143)) - 0e7e9a7d-d94d-437a-bfe3-02591df9bf4c: start LeaderElection
2019-10-02 17:21:36,462 [Thread-2415] INFO  impl.FollowerState (FollowerState.java:run(108)) - 0a1f0d9e-a701-4d69-8c9f-5b5f88cf3ec1@group-3B2DF4142888-FollowerState: change to CANDIDATE, lastRpcTime:5168ms, electionTimeout:5168ms
2019-10-02 17:21:36,466 [Thread-2415] INFO  impl.RoleInfo (RoleInfo.java:shutdownFollowerState(121)) - 0a1f0d9e-a701-4d69-8c9f-5b5f88cf3ec1: shutdown FollowerState
2019-10-02 17:21:36,466 [Thread-2415] INFO  impl.RaftServerImpl (RaftServerImpl.java:setRole(170)) - 0a1f0d9e-a701-4d69-8c9f-5b5f88cf3ec1@group-3B2DF4142888: changes role from  FOLLOWER to CANDIDATE at term 0 for changeToCandidate
2019-10-02 17:21:36,466 [Thread-2415] INFO  impl.RoleInfo (RoleInfo.java:updateAndGet(143)) - 0a1f0d9e-a701-4d69-8c9f-5b5f88cf3ec1: start LeaderElection
2019-10-02 17:21:36,470 [55f59d72-0167-4e77-8bf2-6a26e4e7cb10@group-A16F923B5FB1-LeaderElection100] INFO  impl.LeaderElection (LeaderElection.java:askForVotes(178)) - 55f59d72-0167-4e77-8bf2-6a26e4e7cb10@group-A16F923B5FB1-LeaderElection100: begin an election at term 1 for -1: [55f59d72-0167-4e77-8bf2-6a26e4e7cb10:192.168.164.207:43939], old=null
2019-10-02 17:21:36,471 [55f59d72-0167-4e77-8bf2-6a26e4e7cb10@group-A16F923B5FB1-LeaderElection100] INFO  impl.RoleInfo (RoleInfo.java:shutdownLeaderElection(134)) - 55f59d72-0167-4e77-8bf2-6a26e4e7cb10: shutdown LeaderElection
2019-10-02 17:21:36,471 [grpc-default-executor-8] INFO  impl.RaftServerImpl (ServerState.java:setRaftConf(356)) - 0a1f0d9e-a701-4d69-8c9f-5b5f88cf3ec1@group-791C69D32656: set configuration 0: [d313778a-40e7-4d10-887d-cd4c269a6640:192.168.164.207:39819, 05daad3a-5530-436f-abf5-8679b928a84d:192.168.164.207:45555, 0a1f0d9e-a701-4d69-8c9f-5b5f88cf3ec1:192.168.164.207:41465], old=null at 0
2019-10-02 17:21:36,471 [grpc-default-executor-7] INFO  impl.RaftServerImpl (ServerState.java:setRaftConf(356)) - 05daad3a-5530-436f-abf5-8679b928a84d@group-791C69D32656: set configuration 0: [d313778a-40e7-4d10-887d-cd4c269a6640:192.168.164.207:39819, 05daad3a-5530-436f-abf5-8679b928a84d:192.168.164.207:45555, 0a1f0d9e-a701-4d69-8c9f-5b5f88cf3ec1:192.168.164.207:41465], old=null at 0
2019-10-02 17:21:36,471 [grpc-default-executor-8] INFO  segmented.SegmentedRaftLogWorker (SegmentedRaftLogWorker.java:startLogSegment(385)) - 0a1f0d9e-a701-4d69-8c9f-5b5f88cf3ec1@group-791C69D32656-SegmentedRaftLogWorker: Starting segment from index:0
2019-10-02 17:21:36,471 [55f59d72-0167-4e77-8bf2-6a26e4e7cb10@group-A16F923B5FB1-LeaderElection100] INFO  impl.RaftServerImpl (RaftServerImpl.java:setRole(170)) - 55f59d72-0167-4e77-8bf2-6a26e4e7cb10@group-A16F923B5FB1: changes role from CANDIDATE to LEADER at term 1 for changeToLeader
2019-10-02 17:21:36,471 [grpc-default-executor-7] INFO  segmented.SegmentedRaftLogWorker (SegmentedRaftLogWorker.java:startLogSegment(385)) - 05daad3a-5530-436f-abf5-8679b928a84d@group-791C69D32656-SegmentedRaftLogWorker: Starting segment from index:0
2019-10-02 17:21:36,471 [55f59d72-0167-4e77-8bf2-6a26e4e7cb10@group-A16F923B5FB1-LeaderElection100] INFO  impl.RaftServerImpl (ServerState.java:setLeader(255)) - 55f59d72-0167-4e77-8bf2-6a26e4e7cb10@group-A16F923B5FB1: change Leader from null to 55f59d72-0167-4e77-8bf2-6a26e4e7cb10 at term 1 for becomeLeader, leader elected after 5101ms
2019-10-02 17:21:36,472 [55f59d72-0167-4e77-8bf2-6a26e4e7cb10@group-A16F923B5FB1-LeaderElection100] INFO  server.RaftServerConfigKeys (ConfUtils.java:logGet(43)) - raft.server.staging.catchup.gap = 1000 (default)
2019-10-02 17:21:36,472 [55f59d72-0167-4e77-8bf2-6a26e4e7cb10@group-A16F923B5FB1-LeaderElection100] INFO  server.RaftServerConfigKeys (ConfUtils.java:logGet(43)) - raft.server.rpc.sleep.time = 25ms (default)
2019-10-02 17:21:36,472 [55f59d72-0167-4e77-8bf2-6a26e4e7cb10@group-A16F923B5FB1-LeaderElection100] INFO  server.RaftServerConfigKeys (ConfUtils.java:logGet(43)) - raft.server.write.element-limit = 4096 (default)
2019-10-02 17:21:36,472 [55f59d72-0167-4e77-8bf2-6a26e4e7cb10@group-A16F923B5FB1-LeaderElection100] INFO  server.RaftServerConfigKeys (ConfUtils.java:logGet(43)) - raft.server.watch.timeout = 10s (default)
2019-10-02 17:21:36,472 [55f59d72-0167-4e77-8bf2-6a26e4e7cb10@group-A16F923B5FB1-LeaderElection100] INFO  server.RaftServerConfigKeys (ConfUtils.java:logGet(43)) - raft.server.watch.timeout.denomination = 1s (default)
2019-10-02 17:21:36,472 [55f59d72-0167-4e77-8bf2-6a26e4e7cb10@group-A16F923B5FB1-LeaderElection100] INFO  server.RaftServerConfigKeys (ConfUtils.java:logGet(43)) - raft.server.watch.element-limit = 65536 (default)
2019-10-02 17:21:36,474 [55f59d72-0167-4e77-8bf2-6a26e4e7cb10@group-A16F923B5FB1-LeaderElection100] INFO  impl.RoleInfo (RoleInfo.java:updateAndGet(143)) - 55f59d72-0167-4e77-8bf2-6a26e4e7cb10: start LeaderState
2019-10-02 17:21:36,474 [55f59d72-0167-4e77-8bf2-6a26e4e7cb10@group-A16F923B5FB1-LeaderElection100] INFO  segmented.SegmentedRaftLogWorker (SegmentedRaftLogWorker.java:startLogSegment(385)) - 55f59d72-0167-4e77-8bf2-6a26e4e7cb10@group-A16F923B5FB1-SegmentedRaftLogWorker: Starting segment from index:0
2019-10-02 17:21:36,475 [55f59d72-0167-4e77-8bf2-6a26e4e7cb10@group-A16F923B5FB1-LeaderElection100] INFO  impl.RaftServerImpl (ServerState.java:setRaftConf(356)) - 55f59d72-0167-4e77-8bf2-6a26e4e7cb10@group-A16F923B5FB1: set configuration 0: [55f59d72-0167-4e77-8bf2-6a26e4e7cb10:192.168.164.207:43939], old=null at 0
2019-10-02 17:21:36,483 [0e7e9a7d-d94d-437a-bfe3-02591df9bf4c@group-D6688E067B2B-LeaderElection101] INFO  impl.LeaderElection (LeaderElection.java:askForVotes(178)) - 0e7e9a7d-d94d-437a-bfe3-02591df9bf4c@group-D6688E067B2B-LeaderElection101: begin an election at term 1 for -1: [0e7e9a7d-d94d-437a-bfe3-02591df9bf4c:192.168.164.207:41458], old=null
2019-10-02 17:21:36,483 [0a1f0d9e-a701-4d69-8c9f-5b5f88cf3ec1@group-3B2DF4142888-LeaderElection102] INFO  impl.LeaderElection (LeaderElection.java:askForVotes(178)) - 0a1f0d9e-a701-4d69-8c9f-5b5f88cf3ec1@group-3B2DF4142888-LeaderElection102: begin an election at term 1 for -1: [0a1f0d9e-a701-4d69-8c9f-5b5f88cf3ec1:192.168.164.207:41465], old=null
2019-10-02 17:21:36,483 [0e7e9a7d-d94d-437a-bfe3-02591df9bf4c@group-D6688E067B2B-LeaderElection101] INFO  impl.RoleInfo (RoleInfo.java:shutdownLeaderElection(134)) - 0e7e9a7d-d94d-437a-bfe3-02591df9bf4c: shutdown LeaderElection
2019-10-02 17:21:36,483 [0a1f0d9e-a701-4d69-8c9f-5b5f88cf3ec1@group-3B2DF4142888-LeaderElection102] INFO  impl.RoleInfo (RoleInfo.java:shutdownLeaderElection(134)) - 0a1f0d9e-a701-4d69-8c9f-5b5f88cf3ec1: shutdown LeaderElection
2019-10-02 17:21:36,483 [0e7e9a7d-d94d-437a-bfe3-02591df9bf4c@group-D6688E067B2B-LeaderElection101] INFO  impl.RaftServerImpl (RaftServerImpl.java:setRole(170)) - 0e7e9a7d-d94d-437a-bfe3-02591df9bf4c@group-D6688E067B2B: changes role from CANDIDATE to LEADER at term 1 for changeToLeader
2019-10-02 17:21:36,484 [0a1f0d9e-a701-4d69-8c9f-5b5f88cf3ec1@group-3B2DF4142888-LeaderElection102] INFO  impl.RaftServerImpl (RaftServerImpl.java:setRole(170)) - 0a1f0d9e-a701-4d69-8c9f-5b5f88cf3ec1@group-3B2DF4142888: changes role from CANDIDATE to LEADER at term 1 for changeToLeader
2019-10-02 17:21:36,484 [0e7e9a7d-d94d-437a-bfe3-02591df9bf4c@group-D6688E067B2B-LeaderElection101] INFO  impl.RaftServerImpl (ServerState.java:setLeader(255)) - 0e7e9a7d-d94d-437a-bfe3-02591df9bf4c@group-D6688E067B2B: change Leader from null to 0e7e9a7d-d94d-437a-bfe3-02591df9bf4c at term 1 for becomeLeader, leader elected after 5045ms
2019-10-02 17:21:36,484 [0a1f0d9e-a701-4d69-8c9f-5b5f88cf3ec1@group-3B2DF4142888-LeaderElection102] INFO  impl.RaftServerImpl (ServerState.java:setLeader(255)) - 0a1f0d9e-a701-4d69-8c9f-5b5f88cf3ec1@group-3B2DF4142888: change Leader from null to 0a1f0d9e-a701-4d69-8c9f-5b5f88cf3ec1 at term 1 for becomeLeader, leader elected after 5194ms
2019-10-02 17:21:36,484 [0e7e9a7d-d94d-437a-bfe3-02591df9bf4c@group-D6688E067B2B-LeaderElection101] INFO  server.RaftServerConfigKeys (ConfUtils.java:logGet(43)) - raft.server.staging.catchup.gap = 1000 (default)
2019-10-02 17:21:36,484 [0a1f0d9e-a701-4d69-8c9f-5b5f88cf3ec1@group-3B2DF4142888-LeaderElection102] INFO  server.RaftServerConfigKeys (ConfUtils.java:logGet(43)) - raft.server.staging.catchup.gap = 1000 (default)
2019-10-02 17:21:36,484 [0e7e9a7d-d94d-437a-bfe3-02591df9bf4c@group-D6688E067B2B-LeaderElection101] INFO  server.RaftServerConfigKeys (ConfUtils.java:logGet(43)) - raft.server.rpc.sleep.time = 25ms (default)
2019-10-02 17:21:36,484 [0a1f0d9e-a701-4d69-8c9f-5b5f88cf3ec1@group-3B2DF4142888-LeaderElection102] INFO  server.RaftServerConfigKeys (ConfUtils.java:logGet(43)) - raft.server.rpc.sleep.time = 25ms (default)
2019-10-02 17:21:36,484 [0e7e9a7d-d94d-437a-bfe3-02591df9bf4c@group-D6688E067B2B-LeaderElection101] INFO  server.RaftServerConfigKeys (ConfUtils.java:logGet(43)) - raft.server.write.element-limit = 4096 (default)
2019-10-02 17:21:36,484 [0a1f0d9e-a701-4d69-8c9f-5b5f88cf3ec1@group-3B2DF4142888-LeaderElection102] INFO  server.RaftServerConfigKeys (ConfUtils.java:logGet(43)) - raft.server.write.element-limit = 4096 (default)
2019-10-02 17:21:36,484 [0e7e9a7d-d94d-437a-bfe3-02591df9bf4c@group-D6688E067B2B-LeaderElection101] INFO  server.RaftServerConfigKeys (ConfUtils.java:logGet(43)) - raft.server.watch.timeout = 10s (default)
2019-10-02 17:21:36,484 [0a1f0d9e-a701-4d69-8c9f-5b5f88cf3ec1@group-3B2DF4142888-LeaderElection102] INFO  server.RaftServerConfigKeys (ConfUtils.java:logGet(43)) - raft.server.watch.timeout = 10s (default)
2019-10-02 17:21:36,484 [0e7e9a7d-d94d-437a-bfe3-02591df9bf4c@group-D6688E067B2B-LeaderElection101] INFO  server.RaftServerConfigKeys (ConfUtils.java:logGet(43)) - raft.server.watch.timeout.denomination = 1s (default)
2019-10-02 17:21:36,484 [0a1f0d9e-a701-4d69-8c9f-5b5f88cf3ec1@group-3B2DF4142888-LeaderElection102] INFO  server.RaftServerConfigKeys (ConfUtils.java:logGet(43)) - raft.server.watch.timeout.denomination = 1s (default)
2019-10-02 17:21:36,484 [0e7e9a7d-d94d-437a-bfe3-02591df9bf4c@group-D6688E067B2B-LeaderElection101] INFO  server.RaftServerConfigKeys (ConfUtils.java:logGet(43)) - raft.server.watch.element-limit = 65536 (default)
2019-10-02 17:21:36,485 [0a1f0d9e-a701-4d69-8c9f-5b5f88cf3ec1@group-3B2DF4142888-LeaderElection102] INFO  server.RaftServerConfigKeys (ConfUtils.java:logGet(43)) - raft.server.watch.element-limit = 65536 (default)
2019-10-02 17:21:36,486 [0e7e9a7d-d94d-437a-bfe3-02591df9bf4c@group-D6688E067B2B-LeaderElection101] INFO  impl.RoleInfo (RoleInfo.java:updateAndGet(143)) - 0e7e9a7d-d94d-437a-bfe3-02591df9bf4c: start LeaderState
2019-10-02 17:21:36,486 [0a1f0d9e-a701-4d69-8c9f-5b5f88cf3ec1@group-3B2DF4142888-LeaderElection102] INFO  impl.RoleInfo (RoleInfo.java:updateAndGet(143)) - 0a1f0d9e-a701-4d69-8c9f-5b5f88cf3ec1: start LeaderState
2019-10-02 17:21:36,487 [0a1f0d9e-a701-4d69-8c9f-5b5f88cf3ec1@group-3B2DF4142888-LeaderElection102] INFO  segmented.SegmentedRaftLogWorker (SegmentedRaftLogWorker.java:startLogSegment(385)) - 0a1f0d9e-a701-4d69-8c9f-5b5f88cf3ec1@group-3B2DF4142888-SegmentedRaftLogWorker: Starting segment from index:0
2019-10-02 17:21:36,487 [0e7e9a7d-d94d-437a-bfe3-02591df9bf4c@group-D6688E067B2B-LeaderElection101] INFO  segmented.SegmentedRaftLogWorker (SegmentedRaftLogWorker.java:startLogSegment(385)) - 0e7e9a7d-d94d-437a-bfe3-02591df9bf4c@group-D6688E067B2B-SegmentedRaftLogWorker: Starting segment from index:0
2019-10-02 17:21:36,487 [0a1f0d9e-a701-4d69-8c9f-5b5f88cf3ec1@group-3B2DF4142888-LeaderElection102] INFO  impl.RaftServerImpl (ServerState.java:setRaftConf(356)) - 0a1f0d9e-a701-4d69-8c9f-5b5f88cf3ec1@group-3B2DF4142888: set configuration 0: [0a1f0d9e-a701-4d69-8c9f-5b5f88cf3ec1:192.168.164.207:41465], old=null at 0
2019-10-02 17:21:36,487 [0e7e9a7d-d94d-437a-bfe3-02591df9bf4c@group-D6688E067B2B-LeaderElection101] INFO  impl.RaftServerImpl (ServerState.java:setRaftConf(356)) - 0e7e9a7d-d94d-437a-bfe3-02591df9bf4c@group-D6688E067B2B: set configuration 0: [0e7e9a7d-d94d-437a-bfe3-02591df9bf4c:192.168.164.207:41458], old=null at 0
2019-10-02 17:21:36,518 [0e7e9a7d-d94d-437a-bfe3-02591df9bf4c@group-D6688E067B2B-SegmentedRaftLogWorker] INFO  segmented.SegmentedRaftLogWorker (SegmentedRaftLogWorker.java:execute(574)) - 0e7e9a7d-d94d-437a-bfe3-02591df9bf4c@group-D6688E067B2B-SegmentedRaftLogWorker: created new log segment /workdir/hadoop-ozone/integration-test/target/test-dir/MiniOzoneClusterImpl-3c312c24-477b-403f-b698-3daa0d845912/datanode-4/data/ratis/6e17c767-778d-44b3-8569-d6688e067b2b/current/log_inprogress_0
2019-10-02 17:21:36,518 [0a1f0d9e-a701-4d69-8c9f-5b5f88cf3ec1@group-791C69D32656-SegmentedRaftLogWorker] INFO  segmented.SegmentedRaftLogWorker (SegmentedRaftLogWorker.java:execute(574)) - 0a1f0d9e-a701-4d69-8c9f-5b5f88cf3ec1@group-791C69D32656-SegmentedRaftLogWorker: created new log segment /workdir/hadoop-ozone/integration-test/target/test-dir/MiniOzoneClusterImpl-3c312c24-477b-403f-b698-3daa0d845912/datanode-2/data/ratis/d978a9cf-080e-4d0f-b100-791c69d32656/current/log_inprogress_0
2019-10-02 17:21:36,518 [05daad3a-5530-436f-abf5-8679b928a84d@group-791C69D32656-SegmentedRaftLogWorker] INFO  segmented.SegmentedRaftLogWorker (SegmentedRaftLogWorker.java:execute(574)) - 05daad3a-5530-436f-abf5-8679b928a84d@group-791C69D32656-SegmentedRaftLogWorker: created new log segment /workdir/hadoop-ozone/integration-test/target/test-dir/MiniOzoneClusterImpl-3c312c24-477b-403f-b698-3daa0d845912/datanode-0/data/ratis/d978a9cf-080e-4d0f-b100-791c69d32656/current/log_inprogress_0
2019-10-02 17:21:36,518 [0a1f0d9e-a701-4d69-8c9f-5b5f88cf3ec1@group-3B2DF4142888-SegmentedRaftLogWorker] INFO  segmented.SegmentedRaftLogWorker (SegmentedRaftLogWorker.java:execute(574)) - 0a1f0d9e-a701-4d69-8c9f-5b5f88cf3ec1@group-3B2DF4142888-SegmentedRaftLogWorker: created new log segment /workdir/hadoop-ozone/integration-test/target/test-dir/MiniOzoneClusterImpl-3c312c24-477b-403f-b698-3daa0d845912/datanode-2/data/ratis/29988236-e34c-4126-b64c-3b2df4142888/current/log_inprogress_0
2019-10-02 17:21:36,518 [55f59d72-0167-4e77-8bf2-6a26e4e7cb10@group-A16F923B5FB1-SegmentedRaftLogWorker] INFO  segmented.SegmentedRaftLogWorker (SegmentedRaftLogWorker.java:execute(574)) - 55f59d72-0167-4e77-8bf2-6a26e4e7cb10@group-A16F923B5FB1-SegmentedRaftLogWorker: created new log segment /workdir/hadoop-ozone/integration-test/target/test-dir/MiniOzoneClusterImpl-3c312c24-477b-403f-b698-3daa0d845912/datanode-3/data/ratis/1678f114-bf39-47c2-bbaf-a16f923b5fb1/current/log_inprogress_0
2019-10-02 17:21:36,598 [Thread-2433] INFO  impl.FollowerState (FollowerState.java:run(108)) - 20bc9099-d67c-4312-a11e-d96a65a95445@group-2F1B8D45255C-FollowerState: change to CANDIDATE, lastRpcTime:5112ms, electionTimeout:5112ms
2019-10-02 17:21:36,599 [Thread-2433] INFO  impl.RoleInfo (RoleInfo.java:shutdownFollowerState(121)) - 20bc9099-d67c-4312-a11e-d96a65a95445: shutdown FollowerState
2019-10-02 17:21:36,599 [Thread-2433] INFO  impl.RaftServerImpl (RaftServerImpl.java:setRole(170)) - 20bc9099-d67c-4312-a11e-d96a65a95445@group-2F1B8D45255C: changes role from  FOLLOWER to CANDIDATE at term 0 for changeToCandidate
2019-10-02 17:21:36,599 [Thread-2433] INFO  impl.RoleInfo (RoleInfo.java:updateAndGet(143)) - 20bc9099-d67c-4312-a11e-d96a65a95445: start LeaderElection
2019-10-02 17:21:36,620 [20bc9099-d67c-4312-a11e-d96a65a95445@group-2F1B8D45255C-LeaderElection103] INFO  impl.LeaderElection (LeaderElection.java:askForVotes(178)) - 20bc9099-d67c-4312-a11e-d96a65a95445@group-2F1B8D45255C-LeaderElection103: begin an election at term 1 for -1: [20bc9099-d67c-4312-a11e-d96a65a95445:192.168.164.207:38129], old=null
2019-10-02 17:21:36,620 [20bc9099-d67c-4312-a11e-d96a65a95445@group-2F1B8D45255C-LeaderElection103] INFO  impl.RoleInfo (RoleInfo.java:shutdownLeaderElection(134)) - 20bc9099-d67c-4312-a11e-d96a65a95445: shutdown LeaderElection
2019-10-02 17:21:36,620 [20bc9099-d67c-4312-a11e-d96a65a95445@group-2F1B8D45255C-LeaderElection103] INFO  impl.RaftServerImpl (RaftServerImpl.java:setRole(170)) - 20bc9099-d67c-4312-a11e-d96a65a95445@group-2F1B8D45255C: changes role from CANDIDATE to LEADER at term 1 for changeToLeader
2019-10-02 17:21:36,620 [20bc9099-d67c-4312-a11e-d96a65a95445@group-2F1B8D45255C-LeaderElection103] INFO  impl.RaftServerImpl (ServerState.java:setLeader(255)) - 20bc9099-d67c-4312-a11e-d96a65a95445@group-2F1B8D45255C: change Leader from null to 20bc9099-d67c-4312-a11e-d96a65a95445 at term 1 for becomeLeader, leader elected after 5141ms
2019-10-02 17:21:36,620 [20bc9099-d67c-4312-a11e-d96a65a95445@group-2F1B8D45255C-LeaderElection103] INFO  server.RaftServerConfigKeys (ConfUtils.java:logGet(43)) - raft.server.staging.catchup.gap = 1000 (default)
2019-10-02 17:21:36,620 [20bc9099-d67c-4312-a11e-d96a65a95445@group-2F1B8D45255C-LeaderElection103] INFO  server.RaftServerConfigKeys (ConfUtils.java:logGet(43)) - raft.server.rpc.sleep.time = 25ms (default)
2019-10-02 17:21:36,621 [20bc9099-d67c-4312-a11e-d96a65a95445@group-2F1B8D45255C-LeaderElection103] INFO  server.RaftServerConfigKeys (ConfUtils.java:logGet(43)) - raft.server.write.element-limit = 4096 (default)
2019-10-02 17:21:36,621 [20bc9099-d67c-4312-a11e-d96a65a95445@group-2F1B8D45255C-LeaderElection103] INFO  server.RaftServerConfigKeys (ConfUtils.java:logGet(43)) - raft.server.watch.timeout = 10s (default)
2019-10-02 17:21:36,621 [20bc9099-d67c-4312-a11e-d96a65a95445@group-2F1B8D45255C-LeaderElection103] INFO  server.RaftServerConfigKeys (ConfUtils.java:logGet(43)) - raft.server.watch.timeout.denomination = 1s (default)
2019-10-02 17:21:36,621 [20bc9099-d67c-4312-a11e-d96a65a95445@group-2F1B8D45255C-LeaderElection103] INFO  server.RaftServerConfigKeys (ConfUtils.java:logGet(43)) - raft.server.watch.element-limit = 65536 (default)
2019-10-02 17:21:36,623 [20bc9099-d67c-4312-a11e-d96a65a95445@group-2F1B8D45255C-LeaderElection103] INFO  impl.RoleInfo (RoleInfo.java:updateAndGet(143)) - 20bc9099-d67c-4312-a11e-d96a65a95445: start LeaderState
2019-10-02 17:21:36,623 [20bc9099-d67c-4312-a11e-d96a65a95445@group-2F1B8D45255C-LeaderElection103] INFO  segmented.SegmentedRaftLogWorker (SegmentedRaftLogWorker.java:startLogSegment(385)) - 20bc9099-d67c-4312-a11e-d96a65a95445@group-2F1B8D45255C-SegmentedRaftLogWorker: Starting segment from index:0
2019-10-02 17:21:36,624 [20bc9099-d67c-4312-a11e-d96a65a95445@group-2F1B8D45255C-LeaderElection103] INFO  impl.RaftServerImpl (ServerState.java:setRaftConf(356)) - 20bc9099-d67c-4312-a11e-d96a65a95445@group-2F1B8D45255C: set configuration 0: [20bc9099-d67c-4312-a11e-d96a65a95445:192.168.164.207:38129], old=null at 0
2019-10-02 17:21:36,659 [Thread-2441] INFO  impl.FollowerState (FollowerState.java:run(108)) - 55f59d72-0167-4e77-8bf2-6a26e4e7cb10@group-416BC043172A-FollowerState: change to CANDIDATE, lastRpcTime:5110ms, electionTimeout:5098ms
2019-10-02 17:21:36,659 [Thread-2441] INFO  impl.RoleInfo (RoleInfo.java:shutdownFollowerState(121)) - 55f59d72-0167-4e77-8bf2-6a26e4e7cb10: shutdown FollowerState
2019-10-02 17:21:36,659 [Thread-2441] INFO  impl.RaftServerImpl (RaftServerImpl.java:setRole(170)) - 55f59d72-0167-4e77-8bf2-6a26e4e7cb10@group-416BC043172A: changes role from  FOLLOWER to CANDIDATE at term 0 for changeToCandidate
2019-10-02 17:21:36,659 [Thread-2441] INFO  impl.RoleInfo (RoleInfo.java:updateAndGet(143)) - 55f59d72-0167-4e77-8bf2-6a26e4e7cb10: start LeaderElection
2019-10-02 17:21:36,664 [20bc9099-d67c-4312-a11e-d96a65a95445@group-2F1B8D45255C-SegmentedRaftLogWorker] INFO  segmented.SegmentedRaftLogWorker (SegmentedRaftLogWorker.java:execute(574)) - 20bc9099-d67c-4312-a11e-d96a65a95445@group-2F1B8D45255C-SegmentedRaftLogWorker: created new log segment /workdir/hadoop-ozone/integration-test/target/test-dir/MiniOzoneClusterImpl-3c312c24-477b-403f-b698-3daa0d845912/datanode-5/data/ratis/101741d7-8a5a-4a33-bbec-2f1b8d45255c/current/log_inprogress_0
2019-10-02 17:21:36,670 [Thread-2436] INFO  impl.FollowerState (FollowerState.java:run(108)) - 0e7e9a7d-d94d-437a-bfe3-02591df9bf4c@group-416BC043172A-FollowerState: change to CANDIDATE, lastRpcTime:5125ms, electionTimeout:5122ms
2019-10-02 17:21:36,670 [Thread-2436] INFO  impl.RoleInfo (RoleInfo.java:shutdownFollowerState(121)) - 0e7e9a7d-d94d-437a-bfe3-02591df9bf4c: shutdown FollowerState
2019-10-02 17:21:36,670 [Thread-2436] INFO  impl.RaftServerImpl (RaftServerImpl.java:setRole(170)) - 0e7e9a7d-d94d-437a-bfe3-02591df9bf4c@group-416BC043172A: changes role from  FOLLOWER to CANDIDATE at term 0 for changeToCandidate
2019-10-02 17:21:36,670 [Thread-2436] INFO  impl.RoleInfo (RoleInfo.java:updateAndGet(143)) - 0e7e9a7d-d94d-437a-bfe3-02591df9bf4c: start LeaderElection
2019-10-02 17:21:36,678 [55f59d72-0167-4e77-8bf2-6a26e4e7cb10@group-416BC043172A-LeaderElection104] INFO  impl.LeaderElection (LeaderElection.java:askForVotes(178)) - 55f59d72-0167-4e77-8bf2-6a26e4e7cb10@group-416BC043172A-LeaderElection104: begin an election at term 1 for -1: [0e7e9a7d-d94d-437a-bfe3-02591df9bf4c:192.168.164.207:41458, 20bc9099-d67c-4312-a11e-d96a65a95445:192.168.164.207:38129, 55f59d72-0167-4e77-8bf2-6a26e4e7cb10:192.168.164.207:43939], old=null
2019-10-02 17:21:36,679 [0e7e9a7d-d94d-437a-bfe3-02591df9bf4c@group-416BC043172A-LeaderElection105] INFO  impl.LeaderElection (LeaderElection.java:askForVotes(178)) - 0e7e9a7d-d94d-437a-bfe3-02591df9bf4c@group-416BC043172A-LeaderElection105: begin an election at term 1 for -1: [0e7e9a7d-d94d-437a-bfe3-02591df9bf4c:192.168.164.207:41458, 20bc9099-d67c-4312-a11e-d96a65a95445:192.168.164.207:38129, 55f59d72-0167-4e77-8bf2-6a26e4e7cb10:192.168.164.207:43939], old=null
2019-10-02 17:21:36,688 [grpc-default-executor-8] INFO  impl.RaftServerImpl (RaftServerImpl.java:setRole(170)) - 20bc9099-d67c-4312-a11e-d96a65a95445@group-416BC043172A: changes role from  FOLLOWER to FOLLOWER at term 1 for recognizeCandidate:0e7e9a7d-d94d-437a-bfe3-02591df9bf4c
2019-10-02 17:21:36,689 [grpc-default-executor-8] INFO  impl.RoleInfo (RoleInfo.java:shutdownFollowerState(121)) - 20bc9099-d67c-4312-a11e-d96a65a95445: shutdown FollowerState
2019-10-02 17:21:36,689 [grpc-default-executor-8] INFO  impl.RoleInfo (RoleInfo.java:updateAndGet(143)) - 20bc9099-d67c-4312-a11e-d96a65a95445: start FollowerState
2019-10-02 17:21:36,693 [Thread-2439] INFO  impl.FollowerState (FollowerState.java:run(117)) - 20bc9099-d67c-4312-a11e-d96a65a95445@group-416BC043172A-FollowerState was interrupted: java.lang.InterruptedException: sleep interrupted
2019-10-02 17:21:36,704 [55f59d72-0167-4e77-8bf2-6a26e4e7cb10@group-416BC043172A-LeaderElection104] INFO  impl.LeaderElection (LeaderElection.java:logAndReturn(56)) - 55f59d72-0167-4e77-8bf2-6a26e4e7cb10@group-416BC043172A-LeaderElection104: Election REJECTED; received 2 response(s) [55f59d72-0167-4e77-8bf2-6a26e4e7cb10<-0e7e9a7d-d94d-437a-bfe3-02591df9bf4c#0:FAIL-t1, 55f59d72-0167-4e77-8bf2-6a26e4e7cb10<-20bc9099-d67c-4312-a11e-d96a65a95445#0:FAIL-t1] and 0 exception(s); 55f59d72-0167-4e77-8bf2-6a26e4e7cb10@group-416BC043172A:t1, leader=null, voted=55f59d72-0167-4e77-8bf2-6a26e4e7cb10, raftlog=55f59d72-0167-4e77-8bf2-6a26e4e7cb10@group-416BC043172A-SegmentedRaftLog:OPENED:c-1,f-1,i0, conf=-1: [0e7e9a7d-d94d-437a-bfe3-02591df9bf4c:192.168.164.207:41458, 20bc9099-d67c-4312-a11e-d96a65a95445:192.168.164.207:38129, 55f59d72-0167-4e77-8bf2-6a26e4e7cb10:192.168.164.207:43939], old=null
2019-10-02 17:21:36,704 [0e7e9a7d-d94d-437a-bfe3-02591df9bf4c@group-416BC043172A-LeaderElection105] INFO  impl.LeaderElection (LeaderElection.java:logAndReturn(56)) - 0e7e9a7d-d94d-437a-bfe3-02591df9bf4c@group-416BC043172A-LeaderElection105: Election PASSED; received 2 response(s) [0e7e9a7d-d94d-437a-bfe3-02591df9bf4c<-55f59d72-0167-4e77-8bf2-6a26e4e7cb10#0:FAIL-t1, 0e7e9a7d-d94d-437a-bfe3-02591df9bf4c<-20bc9099-d67c-4312-a11e-d96a65a95445#0:OK-t1] and 0 exception(s); 0e7e9a7d-d94d-437a-bfe3-02591df9bf4c@group-416BC043172A:t1, leader=null, voted=0e7e9a7d-d94d-437a-bfe3-02591df9bf4c, raftlog=0e7e9a7d-d94d-437a-bfe3-02591df9bf4c@group-416BC043172A-SegmentedRaftLog:OPENED:c-1,f-1,i0, conf=-1: [0e7e9a7d-d94d-437a-bfe3-02591df9bf4c:192.168.164.207:41458, 20bc9099-d67c-4312-a11e-d96a65a95445:192.168.164.207:38129, 55f59d72-0167-4e77-8bf2-6a26e4e7cb10:192.168.164.207:43939], old=null
2019-10-02 17:21:36,704 [55f59d72-0167-4e77-8bf2-6a26e4e7cb10@group-416BC043172A-LeaderElection104] INFO  impl.RaftServerImpl (RaftServerImpl.java:setRole(170)) - 55f59d72-0167-4e77-8bf2-6a26e4e7cb10@group-416BC043172A: changes role from CANDIDATE to FOLLOWER at term 1 for DISCOVERED_A_NEW_TERM
2019-10-02 17:21:36,705 [0e7e9a7d-d94d-437a-bfe3-02591df9bf4c@group-416BC043172A-LeaderElection105] INFO  impl.RoleInfo (RoleInfo.java:shutdownLeaderElection(134)) - 0e7e9a7d-d94d-437a-bfe3-02591df9bf4c: shutdown LeaderElection
2019-10-02 17:21:36,705 [55f59d72-0167-4e77-8bf2-6a26e4e7cb10@group-416BC043172A-LeaderElection104] INFO  impl.RoleInfo (RoleInfo.java:shutdownLeaderElection(134)) - 55f59d72-0167-4e77-8bf2-6a26e4e7cb10: shutdown LeaderElection
2019-10-02 17:21:36,705 [0e7e9a7d-d94d-437a-bfe3-02591df9bf4c@group-416BC043172A-LeaderElection105] INFO  impl.RaftServerImpl (RaftServerImpl.java:setRole(170)) - 0e7e9a7d-d94d-437a-bfe3-02591df9bf4c@group-416BC043172A: changes role from CANDIDATE to LEADER at term 1 for changeToLeader
2019-10-02 17:21:36,705 [55f59d72-0167-4e77-8bf2-6a26e4e7cb10@group-416BC043172A-LeaderElection104] INFO  impl.RoleInfo (RoleInfo.java:updateAndGet(143)) - 55f59d72-0167-4e77-8bf2-6a26e4e7cb10: start FollowerState
2019-10-02 17:21:36,705 [0e7e9a7d-d94d-437a-bfe3-02591df9bf4c@group-416BC043172A-LeaderElection105] INFO  impl.RaftServerImpl (ServerState.java:setLeader(255)) - 0e7e9a7d-d94d-437a-bfe3-02591df9bf4c@group-416BC043172A: change Leader from null to 0e7e9a7d-d94d-437a-bfe3-02591df9bf4c at term 1 for becomeLeader, leader elected after 5166ms
2019-10-02 17:21:36,705 [0e7e9a7d-d94d-437a-bfe3-02591df9bf4c@group-416BC043172A-LeaderElection105] INFO  server.RaftServerConfigKeys (ConfUtils.java:logGet(43)) - raft.server.staging.catchup.gap = 1000 (default)
2019-10-02 17:21:36,706 [0e7e9a7d-d94d-437a-bfe3-02591df9bf4c@group-416BC043172A-LeaderElection105] INFO  server.RaftServerConfigKeys (ConfUtils.java:logGet(43)) - raft.server.rpc.sleep.time = 25ms (default)
2019-10-02 17:21:36,706 [0e7e9a7d-d94d-437a-bfe3-02591df9bf4c@group-416BC043172A-LeaderElection105] INFO  server.RaftServerConfigKeys (ConfUtils.java:logGet(43)) - raft.server.write.element-limit = 4096 (default)
2019-10-02 17:21:36,706 [0e7e9a7d-d94d-437a-bfe3-02591df9bf4c@group-416BC043172A-LeaderElection105] INFO  server.RaftServerConfigKeys (ConfUtils.java:logGet(43)) - raft.server.watch.timeout = 10s (default)
2019-10-02 17:21:36,706 [0e7e9a7d-d94d-437a-bfe3-02591df9bf4c@group-416BC043172A-LeaderElection105] INFO  server.RaftServerConfigKeys (ConfUtils.java:logGet(43)) - raft.server.watch.timeout.denomination = 1s (default)
2019-10-02 17:21:36,706 [0e7e9a7d-d94d-437a-bfe3-02591df9bf4c@group-416BC043172A-LeaderElection105] INFO  server.RaftServerConfigKeys (ConfUtils.java:logGet(43)) - raft.server.watch.element-limit = 65536 (default)
2019-10-02 17:21:36,709 [0e7e9a7d-d94d-437a-bfe3-02591df9bf4c@group-416BC043172A-LeaderElection105] INFO  server.RaftServerConfigKeys (ConfUtils.java:logGet(43)) - raft.server.log.appender.snapshot.chunk.size.max = 16MB (=16777216) (default)
2019-10-02 17:21:36,709 [0e7e9a7d-d94d-437a-bfe3-02591df9bf4c@group-416BC043172A-LeaderElection105] INFO  server.RaftServerConfigKeys (ConfUtils.java:logGet(43)) - raft.server.log.appender.buffer.byte-limit = 33554432 (custom)
2019-10-02 17:21:36,709 [0e7e9a7d-d94d-437a-bfe3-02591df9bf4c@group-416BC043172A-LeaderElection105] INFO  server.RaftServerConfigKeys (ConfUtils.java:logGet(43)) - raft.server.log.appender.buffer.element-limit = 1 (custom)
2019-10-02 17:21:36,709 [0e7e9a7d-d94d-437a-bfe3-02591df9bf4c@group-416BC043172A-LeaderElection105] INFO  grpc.GrpcConfigKeys$Server (ConfUtils.java:logGet(43)) - raft.grpc.server.leader.outstanding.appends.max = 128 (default)
2019-10-02 17:21:36,709 [0e7e9a7d-d94d-437a-bfe3-02591df9bf4c@group-416BC043172A-LeaderElection105] INFO  server.RaftServerConfigKeys (ConfUtils.java:logGet(43)) - raft.server.rpc.request.timeout = 3000ms (default)
2019-10-02 17:21:36,710 [0e7e9a7d-d94d-437a-bfe3-02591df9bf4c@group-416BC043172A-LeaderElection105] INFO  server.RaftServerConfigKeys (ConfUtils.java:logGet(43)) - raft.server.log.appender.install.snapshot.enabled = false (custom)
2019-10-02 17:21:36,710 [0e7e9a7d-d94d-437a-bfe3-02591df9bf4c@group-416BC043172A-LeaderElection105] INFO  server.RaftServerConfigKeys (ConfUtils.java:logGet(43)) - raft.server.log.appender.snapshot.chunk.size.max = 16MB (=16777216) (default)
2019-10-02 17:21:36,710 [0e7e9a7d-d94d-437a-bfe3-02591df9bf4c@group-416BC043172A-LeaderElection105] INFO  server.RaftServerConfigKeys (ConfUtils.java:logGet(43)) - raft.server.log.appender.buffer.byte-limit = 33554432 (custom)
2019-10-02 17:21:36,710 [0e7e9a7d-d94d-437a-bfe3-02591df9bf4c@group-416BC043172A-LeaderElection105] INFO  server.RaftServerConfigKeys (ConfUtils.java:logGet(43)) - raft.server.log.appender.buffer.element-limit = 1 (custom)
2019-10-02 17:21:36,710 [0e7e9a7d-d94d-437a-bfe3-02591df9bf4c@group-416BC043172A-LeaderElection105] INFO  grpc.GrpcConfigKeys$Server (ConfUtils.java:logGet(43)) - raft.grpc.server.leader.outstanding.appends.max = 128 (default)
2019-10-02 17:21:36,710 [0e7e9a7d-d94d-437a-bfe3-02591df9bf4c@group-416BC043172A-LeaderElection105] INFO  server.RaftServerConfigKeys (ConfUtils.java:logGet(43)) - raft.server.rpc.request.timeout = 3000ms (default)
2019-10-02 17:21:36,710 [0e7e9a7d-d94d-437a-bfe3-02591df9bf4c@group-416BC043172A-LeaderElection105] INFO  server.RaftServerConfigKeys (ConfUtils.java:logGet(43)) - raft.server.log.appender.install.snapshot.enabled = false (custom)
2019-10-02 17:21:36,711 [0e7e9a7d-d94d-437a-bfe3-02591df9bf4c@group-416BC043172A-LeaderElection105] INFO  impl.RoleInfo (RoleInfo.java:updateAndGet(143)) - 0e7e9a7d-d94d-437a-bfe3-02591df9bf4c: start LeaderState
2019-10-02 17:21:36,711 [0e7e9a7d-d94d-437a-bfe3-02591df9bf4c@group-416BC043172A-LeaderElection105] INFO  segmented.SegmentedRaftLogWorker (SegmentedRaftLogWorker.java:startLogSegment(385)) - 0e7e9a7d-d94d-437a-bfe3-02591df9bf4c@group-416BC043172A-SegmentedRaftLogWorker: Starting segment from index:0
2019-10-02 17:21:36,712 [0e7e9a7d-d94d-437a-bfe3-02591df9bf4c@group-416BC043172A-LeaderElection105] INFO  impl.RaftServerImpl (ServerState.java:setRaftConf(356)) - 0e7e9a7d-d94d-437a-bfe3-02591df9bf4c@group-416BC043172A: set configuration 0: [0e7e9a7d-d94d-437a-bfe3-02591df9bf4c:192.168.164.207:41458, 20bc9099-d67c-4312-a11e-d96a65a95445:192.168.164.207:38129, 55f59d72-0167-4e77-8bf2-6a26e4e7cb10:192.168.164.207:43939], old=null at 0
2019-10-02 17:21:36,713 [grpc-default-executor-8] INFO  impl.RaftServerImpl (ServerState.java:setLeader(255)) - 20bc9099-d67c-4312-a11e-d96a65a95445@group-416BC043172A: change Leader from null to 0e7e9a7d-d94d-437a-bfe3-02591df9bf4c at term 1 for appendEntries, leader elected after 5173ms
2019-10-02 17:21:36,713 [grpc-default-executor-7] INFO  impl.RaftServerImpl (ServerState.java:setLeader(255)) - 55f59d72-0167-4e77-8bf2-6a26e4e7cb10@group-416BC043172A: change Leader from null to 0e7e9a7d-d94d-437a-bfe3-02591df9bf4c at term 1 for appendEntries, leader elected after 5174ms
2019-10-02 17:21:36,715 [grpc-default-executor-7] INFO  impl.RaftServerImpl (ServerState.java:setRaftConf(356)) - 20bc9099-d67c-4312-a11e-d96a65a95445@group-416BC043172A: set configuration 0: [0e7e9a7d-d94d-437a-bfe3-02591df9bf4c:192.168.164.207:41458, 20bc9099-d67c-4312-a11e-d96a65a95445:192.168.164.207:38129, 55f59d72-0167-4e77-8bf2-6a26e4e7cb10:192.168.164.207:43939], old=null at 0
2019-10-02 17:21:36,716 [grpc-default-executor-8] INFO  impl.RaftServerImpl (ServerState.java:setRaftConf(356)) - 55f59d72-0167-4e77-8bf2-6a26e4e7cb10@group-416BC043172A: set configuration 0: [0e7e9a7d-d94d-437a-bfe3-02591df9bf4c:192.168.164.207:41458, 20bc9099-d67c-4312-a11e-d96a65a95445:192.168.164.207:38129, 55f59d72-0167-4e77-8bf2-6a26e4e7cb10:192.168.164.207:43939], old=null at 0
2019-10-02 17:21:36,716 [grpc-default-executor-7] INFO  segmented.SegmentedRaftLogWorker (SegmentedRaftLogWorker.java:startLogSegment(385)) - 20bc9099-d67c-4312-a11e-d96a65a95445@group-416BC043172A-SegmentedRaftLogWorker: Starting segment from index:0
2019-10-02 17:21:36,716 [grpc-default-executor-8] INFO  segmented.SegmentedRaftLogWorker (SegmentedRaftLogWorker.java:startLogSegment(385)) - 55f59d72-0167-4e77-8bf2-6a26e4e7cb10@group-416BC043172A-SegmentedRaftLogWorker: Starting segment from index:0
2019-10-02 17:21:36,788 [0e7e9a7d-d94d-437a-bfe3-02591df9bf4c@group-416BC043172A-SegmentedRaftLogWorker] INFO  segmented.SegmentedRaftLogWorker (SegmentedRaftLogWorker.java:execute(574)) - 0e7e9a7d-d94d-437a-bfe3-02591df9bf4c@group-416BC043172A-SegmentedRaftLogWorker: created new log segment /workdir/hadoop-ozone/integration-test/target/test-dir/MiniOzoneClusterImpl-3c312c24-477b-403f-b698-3daa0d845912/datanode-4/data/ratis/82fd7733-401d-40ce-adbf-416bc043172a/current/log_inprogress_0
2019-10-02 17:21:36,788 [55f59d72-0167-4e77-8bf2-6a26e4e7cb10@group-416BC043172A-SegmentedRaftLogWorker] INFO  segmented.SegmentedRaftLogWorker (SegmentedRaftLogWorker.java:execute(574)) - 55f59d72-0167-4e77-8bf2-6a26e4e7cb10@group-416BC043172A-SegmentedRaftLogWorker: created new log segment /workdir/hadoop-ozone/integration-test/target/test-dir/MiniOzoneClusterImpl-3c312c24-477b-403f-b698-3daa0d845912/datanode-3/data/ratis/82fd7733-401d-40ce-adbf-416bc043172a/current/log_inprogress_0
2019-10-02 17:21:36,788 [20bc9099-d67c-4312-a11e-d96a65a95445@group-416BC043172A-SegmentedRaftLogWorker] INFO  segmented.SegmentedRaftLogWorker (SegmentedRaftLogWorker.java:execute(574)) - 20bc9099-d67c-4312-a11e-d96a65a95445@group-416BC043172A-SegmentedRaftLogWorker: created new log segment /workdir/hadoop-ozone/integration-test/target/test-dir/MiniOzoneClusterImpl-3c312c24-477b-403f-b698-3daa0d845912/datanode-5/data/ratis/82fd7733-401d-40ce-adbf-416bc043172a/current/log_inprogress_0
2019-10-02 17:21:37,813 [Datanode State Machine Thread - 0] INFO  statemachine.DatanodeStateMachine (DatanodeStateMachine.java:lambda$startDaemon$0(350)) - Ozone container server started.
2019-10-02 17:21:41,825 [main] INFO  ozoneimpl.OzoneContainer (OzoneContainer.java:stop(231)) - Attempting to stop container services.
2019-10-02 17:21:41,826 [main] INFO  impl.RaftServerProxy (RaftServerProxy.java:lambda$close$4(314)) - d313778a-40e7-4d10-887d-cd4c269a6640: close
2019-10-02 17:21:41,826 [main] INFO  impl.RaftServerImpl (RaftServerImpl.java:lambda$shutdown$3(247)) - d313778a-40e7-4d10-887d-cd4c269a6640@group-FAF2D8459CC1: shutdown
2019-10-02 17:21:41,827 [main] INFO  util.JmxRegister (JmxRegister.java:unregister(73)) - Successfully un-registered JMX Bean with object name Ratis:service=RaftServer,group=group-FAF2D8459CC1,id=d313778a-40e7-4d10-887d-cd4c269a6640
2019-10-02 17:21:41,827 [main] INFO  impl.RoleInfo (RoleInfo.java:shutdownLeaderState(104)) - d313778a-40e7-4d10-887d-cd4c269a6640: shutdown LeaderState
2019-10-02 17:21:41,827 [main] INFO  impl.PendingRequests (PendingRequests.java:sendNotLeaderResponses(202)) - d313778a-40e7-4d10-887d-cd4c269a6640@group-FAF2D8459CC1-PendingRequests: sendNotLeaderResponses
2019-10-02 17:21:41,828 [main] INFO  impl.StateMachineUpdater (StateMachineUpdater.java:stopAndJoin(136)) - d313778a-40e7-4d10-887d-cd4c269a6640@group-FAF2D8459CC1-StateMachineUpdater: set stopIndex = 0
2019-10-02 17:21:41,828 [main] INFO  impl.RaftServerImpl (ServerState.java:close(387)) - d313778a-40e7-4d10-887d-cd4c269a6640@group-FAF2D8459CC1: closes. applyIndex: 0
2019-10-02 17:21:41,828 [d313778a-40e7-4d10-887d-cd4c269a6640@group-FAF2D8459CC1-SegmentedRaftLogWorker] INFO  segmented.SegmentedRaftLogWorker (SegmentedRaftLogWorker.java:run(316)) - d313778a-40e7-4d10-887d-cd4c269a6640@group-FAF2D8459CC1-SegmentedRaftLogWorker was interrupted, exiting. There are 0 tasks remaining in the queue.
2019-10-02 17:21:41,832 [main] INFO  segmented.SegmentedRaftLogWorker (SegmentedRaftLogWorker.java:close(224)) - d313778a-40e7-4d10-887d-cd4c269a6640@group-FAF2D8459CC1-SegmentedRaftLogWorker close()
2019-10-02 17:21:41,836 [main] INFO  impl.RaftServerImpl (RaftServerImpl.java:lambda$shutdown$3(247)) - d313778a-40e7-4d10-887d-cd4c269a6640@group-791C69D32656: shutdown
2019-10-02 17:21:41,837 [main] INFO  util.JmxRegister (JmxRegister.java:unregister(73)) - Successfully un-registered JMX Bean with object name Ratis:service=RaftServer,group=group-791C69D32656,id=d313778a-40e7-4d10-887d-cd4c269a6640
2019-10-02 17:21:41,837 [main] INFO  impl.RoleInfo (RoleInfo.java:shutdownLeaderState(104)) - d313778a-40e7-4d10-887d-cd4c269a6640: shutdown LeaderState
2019-10-02 17:21:41,857 [org.apache.ratis.server.impl.LogAppender$AppenderDaemon$$Lambda$529/1262458359@5e80b30b] WARN  server.GrpcLogAppender (GrpcLogAppender.java:mayWait(143)) - d313778a-40e7-4d10-887d-cd4c269a6640@group-791C69D32656->0a1f0d9e-a701-4d69-8c9f-5b5f88cf3ec1-GrpcLogAppender: Wait interrupted by java.lang.InterruptedException
2019-10-02 17:21:41,857 [org.apache.ratis.server.impl.LogAppender$AppenderDaemon$$Lambda$529/1262458359@58d8d93f] WARN  server.GrpcLogAppender (GrpcLogAppender.java:mayWait(143)) - d313778a-40e7-4d10-887d-cd4c269a6640@group-791C69D32656->05daad3a-5530-436f-abf5-8679b928a84d-GrpcLogAppender: Wait interrupted by java.lang.InterruptedException
2019-10-02 17:21:41,857 [main] INFO  impl.PendingRequests (PendingRequests.java:sendNotLeaderResponses(202)) - d313778a-40e7-4d10-887d-cd4c269a6640@group-791C69D32656-PendingRequests: sendNotLeaderResponses
2019-10-02 17:21:41,858 [grpc-default-executor-8] INFO  server.GrpcServerProtocolService (GrpcServerProtocolService.java:onCompleted(113)) - 05daad3a-5530-436f-abf5-8679b928a84d: Completed APPEND_ENTRIES, lastRequest: d313778a-40e7-4d10-887d-cd4c269a6640->05daad3a-5530-436f-abf5-8679b928a84d#5-t1, previous=(t:1, i:2), leaderCommit=2, initializing? false, entries: <empty>
2019-10-02 17:21:41,858 [grpc-default-executor-7] INFO  server.GrpcServerProtocolService (GrpcServerProtocolService.java:onCompleted(113)) - 0a1f0d9e-a701-4d69-8c9f-5b5f88cf3ec1: Completed APPEND_ENTRIES, lastRequest: d313778a-40e7-4d10-887d-cd4c269a6640->0a1f0d9e-a701-4d69-8c9f-5b5f88cf3ec1#5-t1, previous=(t:1, i:2), leaderCommit=2, initializing? false, entries: <empty>
2019-10-02 17:21:41,867 [main] INFO  impl.StateMachineUpdater (StateMachineUpdater.java:stopAndJoin(136)) - d313778a-40e7-4d10-887d-cd4c269a6640@group-791C69D32656-StateMachineUpdater: set stopIndex = 2
2019-10-02 17:21:41,868 [grpc-default-executor-1] INFO  server.GrpcLogAppender (GrpcLogAppender.java:onCompleted(293)) - d313778a-40e7-4d10-887d-cd4c269a6640@group-791C69D32656->0a1f0d9e-a701-4d69-8c9f-5b5f88cf3ec1-AppendLogResponseHandler: follower responses appendEntries COMPLETED
2019-10-02 17:21:41,867 [d313778a-40e7-4d10-887d-cd4c269a6640@group-791C69D32656-StateMachineUpdater] INFO  ratis.ContainerStateMachine (ContainerStateMachine.java:takeSnapshot(289)) - group-791C69D32656: Taking a snapshot at:(t:1, i:2) file /workdir/hadoop-ozone/integration-test/target/test-dir/MiniOzoneClusterImpl-3c312c24-477b-403f-b698-3daa0d845912/datanode-1/data/ratis/d978a9cf-080e-4d0f-b100-791c69d32656/sm/snapshot.1_2
2019-10-02 17:21:41,867 [grpc-default-executor-7] INFO  server.GrpcLogAppender (GrpcLogAppender.java:onCompleted(293)) - d313778a-40e7-4d10-887d-cd4c269a6640@group-791C69D32656->05daad3a-5530-436f-abf5-8679b928a84d-AppendLogResponseHandler: follower responses appendEntries COMPLETED
2019-10-02 17:21:41,869 [grpc-default-executor-1] INFO  impl.FollowerInfo (FollowerInfo.java:lambda$new$0(51)) - d313778a-40e7-4d10-887d-cd4c269a6640@group-791C69D32656->0a1f0d9e-a701-4d69-8c9f-5b5f88cf3ec1: nextIndex: updateUnconditionally 3 -> 2
2019-10-02 17:21:41,869 [grpc-default-executor-7] INFO  impl.FollowerInfo (FollowerInfo.java:lambda$new$0(51)) - d313778a-40e7-4d10-887d-cd4c269a6640@group-791C69D32656->05daad3a-5530-436f-abf5-8679b928a84d: nextIndex: updateUnconditionally 3 -> 2
2019-10-02 17:21:41,876 [d313778a-40e7-4d10-887d-cd4c269a6640@group-791C69D32656-StateMachineUpdater] INFO  ratis.ContainerStateMachine (ContainerStateMachine.java:takeSnapshot(300)) - group-791C69D32656: Finished taking a snapshot at:(t:1, i:2) file:/workdir/hadoop-ozone/integration-test/target/test-dir/MiniOzoneClusterImpl-3c312c24-477b-403f-b698-3daa0d845912/datanode-1/data/ratis/d978a9cf-080e-4d0f-b100-791c69d32656/sm/snapshot.1_2 time:8
2019-10-02 17:21:41,876 [d313778a-40e7-4d10-887d-cd4c269a6640@group-791C69D32656-StateMachineUpdater] INFO  impl.StateMachineUpdater (StateMachineUpdater.java:takeSnapshot(269)) - d313778a-40e7-4d10-887d-cd4c269a6640@group-791C69D32656-StateMachineUpdater: Took a snapshot at index 2
2019-10-02 17:21:41,876 [d313778a-40e7-4d10-887d-cd4c269a6640@group-791C69D32656-StateMachineUpdater] INFO  impl.StateMachineUpdater (StateMachineUpdater.java:lambda$new$0(84)) - d313778a-40e7-4d10-887d-cd4c269a6640@group-791C69D32656-StateMachineUpdater: snapshotIndex: updateIncreasingly -1 -> 2
2019-10-02 17:21:41,877 [main] INFO  impl.RaftServerImpl (ServerState.java:close(387)) - d313778a-40e7-4d10-887d-cd4c269a6640@group-791C69D32656: closes. applyIndex: 2
2019-10-02 17:21:41,877 [d313778a-40e7-4d10-887d-cd4c269a6640@group-791C69D32656-SegmentedRaftLogWorker] INFO  segmented.SegmentedRaftLogWorker (SegmentedRaftLogWorker.java:run(316)) - d313778a-40e7-4d10-887d-cd4c269a6640@group-791C69D32656-SegmentedRaftLogWorker was interrupted, exiting. There are 0 tasks remaining in the queue.
2019-10-02 17:21:41,879 [main] INFO  segmented.SegmentedRaftLogWorker (SegmentedRaftLogWorker.java:close(224)) - d313778a-40e7-4d10-887d-cd4c269a6640@group-791C69D32656-SegmentedRaftLogWorker close()
2019-10-02 17:21:41,883 [main] INFO  server.GrpcService (GrpcService.java:closeImpl(164)) - d313778a-40e7-4d10-887d-cd4c269a6640: shutdown server with port 39819 now
2019-10-02 17:21:41,884 [main] INFO  server.GrpcService (GrpcService.java:closeImpl(172)) - d313778a-40e7-4d10-887d-cd4c269a6640: shutdown server with port 39819 successfully
2019-10-02 17:21:41,888 [refreshUsed-/workdir/hadoop-ozone/integration-test/target/test-dir/MiniOzoneClusterImpl-3c312c24-477b-403f-b698-3daa0d845912/datanode-1/data/containers] WARN  fs.CachingGetSpaceUsed (CachingGetSpaceUsed.java:run(183)) - Thread Interrupted waiting to refresh disk information: sleep interrupted
2019-10-02 17:21:41,900 [main] INFO  utils.BackgroundService (BackgroundService.java:shutdown(148)) - Shutting down service BlockDeletingService
2019-10-02 17:21:41,906 [main] INFO  statemachine.DatanodeStateMachine (DatanodeStateMachine.java:stopDaemon(395)) - Ozone container server stopped.
2019-10-02 17:21:41,908 [main] INFO  handler.ContextHandler (ContextHandler.java:doStop(910)) - Stopped o.e.j.w.WebAppContext@7ccd611e{/,null,UNAVAILABLE}{/hddsDatanode}
2019-10-02 17:21:41,909 [main] INFO  server.AbstractConnector (AbstractConnector.java:doStop(318)) - Stopped ServerConnector@4dc52559{HTTP/1.1,[http/1.1]}{0.0.0.0:0}
2019-10-02 17:21:41,909 [main] INFO  handler.ContextHandler (ContextHandler.java:doStop(910)) - Stopped o.e.j.s.ServletContextHandler@b1b471{/static,jar:file:/home/user/.m2/repository/org/apache/hadoop/hadoop-hdds-container-service/0.5.0-SNAPSHOT/hadoop-hdds-container-service-0.5.0-SNAPSHOT.jar!/webapps/static,UNAVAILABLE}
2019-10-02 17:21:41,909 [main] INFO  handler.ContextHandler (ContextHandler.java:doStop(910)) - Stopped o.e.j.s.ServletContextHandler@5968800d{/logs,file:///workdir/hadoop-ozone/integration-test/target/log,UNAVAILABLE}
2019-10-02 17:21:51,602 [Thread-2464] INFO  impl.FollowerState (FollowerState.java:run(108)) - 05daad3a-5530-436f-abf5-8679b928a84d@group-791C69D32656-FollowerState: change to CANDIDATE, lastRpcTime:9892ms, electionTimeout:5006ms
2019-10-02 17:21:51,602 [Thread-2464] INFO  impl.RoleInfo (RoleInfo.java:shutdownFollowerState(121)) - 05daad3a-5530-436f-abf5-8679b928a84d: shutdown FollowerState
2019-10-02 17:21:51,602 [Thread-2464] INFO  impl.RaftServerImpl (RaftServerImpl.java:setRole(170)) - 05daad3a-5530-436f-abf5-8679b928a84d@group-791C69D32656: changes role from  FOLLOWER to CANDIDATE at term 1 for changeToCandidate
2019-10-02 17:21:51,603 [Thread-2464] INFO  impl.RoleInfo (RoleInfo.java:updateAndGet(143)) - 05daad3a-5530-436f-abf5-8679b928a84d: start LeaderElection
2019-10-02 17:21:51,603 [05daad3a-5530-436f-abf5-8679b928a84d@group-791C69D32656-LeaderElection106] INFO  impl.RaftServerImpl (ServerState.java:setLeader(255)) - 05daad3a-5530-436f-abf5-8679b928a84d@group-791C69D32656: change Leader from d313778a-40e7-4d10-887d-cd4c269a6640 to null at term 1 for initElection
2019-10-02 17:21:51,623 [05daad3a-5530-436f-abf5-8679b928a84d@group-791C69D32656-LeaderElection106] INFO  impl.LeaderElection (LeaderElection.java:askForVotes(178)) - 05daad3a-5530-436f-abf5-8679b928a84d@group-791C69D32656-LeaderElection106: begin an election at term 2 for 0: [d313778a-40e7-4d10-887d-cd4c269a6640:192.168.164.207:39819, 05daad3a-5530-436f-abf5-8679b928a84d:192.168.164.207:45555, 0a1f0d9e-a701-4d69-8c9f-5b5f88cf3ec1:192.168.164.207:41465], old=null
2019-10-02 17:21:51,627 [05daad3a-5530-436f-abf5-8679b928a84d@group-791C69D32656-LeaderElection106] INFO  impl.LeaderElection (LogUtils.java:infoOrTrace(149)) - 05daad3a-5530-436f-abf5-8679b928a84d@group-791C69D32656-LeaderElection106 got exception when requesting votes: {}
java.util.concurrent.ExecutionException: org.apache.ratis.thirdparty.io.grpc.StatusRuntimeException: UNAVAILABLE: io exception
	at java.util.concurrent.FutureTask.report(FutureTask.java:122)
	at java.util.concurrent.FutureTask.get(FutureTask.java:192)
	at org.apache.ratis.server.impl.LeaderElection.waitForResults(LeaderElection.java:259)
	at org.apache.ratis.server.impl.LeaderElection.askForVotes(LeaderElection.java:197)
	at org.apache.ratis.server.impl.LeaderElection.run(LeaderElection.java:133)
	at java.lang.Thread.run(Thread.java:748)
Caused by: org.apache.ratis.thirdparty.io.grpc.StatusRuntimeException: UNAVAILABLE: io exception
	at org.apache.ratis.thirdparty.io.grpc.stub.ClientCalls.toStatusRuntimeException(ClientCalls.java:233)
	at org.apache.ratis.thirdparty.io.grpc.stub.ClientCalls.getUnchecked(ClientCalls.java:214)
	at org.apache.ratis.thirdparty.io.grpc.stub.ClientCalls.blockingUnaryCall(ClientCalls.java:139)
	at org.apache.ratis.proto.grpc.RaftServerProtocolServiceGrpc$RaftServerProtocolServiceBlockingStub.requestVote(RaftServerProtocolServiceGrpc.java:265)
	at org.apache.ratis.grpc.server.GrpcServerProtocolClient.requestVote(GrpcServerProtocolClient.java:99)
	at org.apache.ratis.grpc.server.GrpcService.requestVote(GrpcService.java:204)
	at org.apache.ratis.server.impl.LeaderElection.lambda$submitRequests$1(LeaderElection.java:234)
	at java.util.concurrent.FutureTask.run(FutureTask.java:266)
	at java.util.concurrent.Executors$RunnableAdapter.call(Executors.java:511)
	at java.util.concurrent.FutureTask.run(FutureTask.java:266)
	at java.util.concurrent.ThreadPoolExecutor.runWorker(ThreadPoolExecutor.java:1149)
	at java.util.concurrent.ThreadPoolExecutor$Worker.run(ThreadPoolExecutor.java:624)
	... 1 more
Caused by: org.apache.ratis.thirdparty.io.netty.channel.AbstractChannel$AnnotatedConnectException: Connection refused: /192.168.164.207:39819
	at sun.nio.ch.SocketChannelImpl.checkConnect(Native Method)
	at sun.nio.ch.SocketChannelImpl.finishConnect(SocketChannelImpl.java:717)
	at org.apache.ratis.thirdparty.io.netty.channel.socket.nio.NioSocketChannel.doFinishConnect(NioSocketChannel.java:327)
	at org.apache.ratis.thirdparty.io.netty.channel.nio.AbstractNioChannel$AbstractNioUnsafe.finishConnect(AbstractNioChannel.java:340)
	at org.apache.ratis.thirdparty.io.netty.channel.nio.NioEventLoop.processSelectedKey(NioEventLoop.java:632)
	at org.apache.ratis.thirdparty.io.netty.channel.nio.NioEventLoop.processSelectedKeysOptimized(NioEventLoop.java:579)
	at org.apache.ratis.thirdparty.io.netty.channel.nio.NioEventLoop.processSelectedKeys(NioEventLoop.java:496)
	at org.apache.ratis.thirdparty.io.netty.channel.nio.NioEventLoop.run(NioEventLoop.java:458)
	at org.apache.ratis.thirdparty.io.netty.util.concurrent.SingleThreadEventExecutor$5.run(SingleThreadEventExecutor.java:897)
	at org.apache.ratis.thirdparty.io.netty.util.concurrent.FastThreadLocalRunnable.run(FastThreadLocalRunnable.java:30)
	... 1 more
Caused by: java.net.ConnectException: Connection refused
	... 11 more
2019-10-02 17:21:51,629 [grpc-default-executor-1] INFO  impl.RaftServerImpl (ServerState.java:setLeader(255)) - 0a1f0d9e-a701-4d69-8c9f-5b5f88cf3ec1@group-791C69D32656: change Leader from d313778a-40e7-4d10-887d-cd4c269a6640 to null at term 2 for updateCurrentTerm
2019-10-02 17:21:51,630 [grpc-default-executor-1] INFO  impl.RaftServerImpl (RaftServerImpl.java:setRole(170)) - 0a1f0d9e-a701-4d69-8c9f-5b5f88cf3ec1@group-791C69D32656: changes role from  FOLLOWER to FOLLOWER at term 2 for recognizeCandidate:05daad3a-5530-436f-abf5-8679b928a84d
2019-10-02 17:21:51,630 [grpc-default-executor-1] INFO  impl.RoleInfo (RoleInfo.java:shutdownFollowerState(121)) - 0a1f0d9e-a701-4d69-8c9f-5b5f88cf3ec1: shutdown FollowerState
2019-10-02 17:21:51,630 [grpc-default-executor-1] INFO  impl.RoleInfo (RoleInfo.java:updateAndGet(143)) - 0a1f0d9e-a701-4d69-8c9f-5b5f88cf3ec1: start FollowerState
2019-10-02 17:21:51,630 [Thread-2463] INFO  impl.FollowerState (FollowerState.java:run(117)) - 0a1f0d9e-a701-4d69-8c9f-5b5f88cf3ec1@group-791C69D32656-FollowerState was interrupted: java.lang.InterruptedException: sleep interrupted
2019-10-02 17:21:51,641 [05daad3a-5530-436f-abf5-8679b928a84d@group-791C69D32656-LeaderElection106] INFO  impl.LeaderElection (LeaderElection.java:logAndReturn(56)) - 05daad3a-5530-436f-abf5-8679b928a84d@group-791C69D32656-LeaderElection106: Election PASSED; received 1 response(s) [05daad3a-5530-436f-abf5-8679b928a84d<-0a1f0d9e-a701-4d69-8c9f-5b5f88cf3ec1#0:OK-t2] and 1 exception(s); 05daad3a-5530-436f-abf5-8679b928a84d@group-791C69D32656:t2, leader=null, voted=05daad3a-5530-436f-abf5-8679b928a84d, raftlog=05daad3a-5530-436f-abf5-8679b928a84d@group-791C69D32656-SegmentedRaftLog:OPENED:c2,f2,i2, conf=0: [d313778a-40e7-4d10-887d-cd4c269a6640:192.168.164.207:39819, 05daad3a-5530-436f-abf5-8679b928a84d:192.168.164.207:45555, 0a1f0d9e-a701-4d69-8c9f-5b5f88cf3ec1:192.168.164.207:41465], old=null
2019-10-02 17:21:51,642 [05daad3a-5530-436f-abf5-8679b928a84d@group-791C69D32656-LeaderElection106] INFO  impl.LeaderElection (LogUtils.java:infoOrTrace(149)) -   Exception 0: {}
java.util.concurrent.ExecutionException: org.apache.ratis.thirdparty.io.grpc.StatusRuntimeException: UNAVAILABLE: io exception
	at java.util.concurrent.FutureTask.report(FutureTask.java:122)
	at java.util.concurrent.FutureTask.get(FutureTask.java:192)
	at org.apache.ratis.server.impl.LeaderElection.waitForResults(LeaderElection.java:259)
	at org.apache.ratis.server.impl.LeaderElection.askForVotes(LeaderElection.java:197)
	at org.apache.ratis.server.impl.LeaderElection.run(LeaderElection.java:133)
	at java.lang.Thread.run(Thread.java:748)
Caused by: org.apache.ratis.thirdparty.io.grpc.StatusRuntimeException: UNAVAILABLE: io exception
	at org.apache.ratis.thirdparty.io.grpc.stub.ClientCalls.toStatusRuntimeException(ClientCalls.java:233)
	at org.apache.ratis.thirdparty.io.grpc.stub.ClientCalls.getUnchecked(ClientCalls.java:214)
	at org.apache.ratis.thirdparty.io.grpc.stub.ClientCalls.blockingUnaryCall(ClientCalls.java:139)
	at org.apache.ratis.proto.grpc.RaftServerProtocolServiceGrpc$RaftServerProtocolServiceBlockingStub.requestVote(RaftServerProtocolServiceGrpc.java:265)
	at org.apache.ratis.grpc.server.GrpcServerProtocolClient.requestVote(GrpcServerProtocolClient.java:99)
	at org.apache.ratis.grpc.server.GrpcService.requestVote(GrpcService.java:204)
	at org.apache.ratis.server.impl.LeaderElection.lambda$submitRequests$1(LeaderElection.java:234)
	at java.util.concurrent.FutureTask.run(FutureTask.java:266)
	at java.util.concurrent.Executors$RunnableAdapter.call(Executors.java:511)
	at java.util.concurrent.FutureTask.run(FutureTask.java:266)
	at java.util.concurrent.ThreadPoolExecutor.runWorker(ThreadPoolExecutor.java:1149)
	at java.util.concurrent.ThreadPoolExecutor$Worker.run(ThreadPoolExecutor.java:624)
	... 1 more
Caused by: org.apache.ratis.thirdparty.io.netty.channel.AbstractChannel$AnnotatedConnectException: Connection refused: /192.168.164.207:39819
	at sun.nio.ch.SocketChannelImpl.checkConnect(Native Method)
	at sun.nio.ch.SocketChannelImpl.finishConnect(SocketChannelImpl.java:717)
	at org.apache.ratis.thirdparty.io.netty.channel.socket.nio.NioSocketChannel.doFinishConnect(NioSocketChannel.java:327)
	at org.apache.ratis.thirdparty.io.netty.channel.nio.AbstractNioChannel$AbstractNioUnsafe.finishConnect(AbstractNioChannel.java:340)
	at org.apache.ratis.thirdparty.io.netty.channel.nio.NioEventLoop.processSelectedKey(NioEventLoop.java:632)
	at org.apache.ratis.thirdparty.io.netty.channel.nio.NioEventLoop.processSelectedKeysOptimized(NioEventLoop.java:579)
	at org.apache.ratis.thirdparty.io.netty.channel.nio.NioEventLoop.processSelectedKeys(NioEventLoop.java:496)
	at org.apache.ratis.thirdparty.io.netty.channel.nio.NioEventLoop.run(NioEventLoop.java:458)
	at org.apache.ratis.thirdparty.io.netty.util.concurrent.SingleThreadEventExecutor$5.run(SingleThreadEventExecutor.java:897)
	at org.apache.ratis.thirdparty.io.netty.util.concurrent.FastThreadLocalRunnable.run(FastThreadLocalRunnable.java:30)
	... 1 more
Caused by: java.net.ConnectException: Connection refused
	... 11 more
2019-10-02 17:21:51,642 [05daad3a-5530-436f-abf5-8679b928a84d@group-791C69D32656-LeaderElection106] INFO  impl.RoleInfo (RoleInfo.java:shutdownLeaderElection(134)) - 05daad3a-5530-436f-abf5-8679b928a84d: shutdown LeaderElection
2019-10-02 17:21:51,642 [05daad3a-5530-436f-abf5-8679b928a84d@group-791C69D32656-LeaderElection106] INFO  impl.RaftServerImpl (RaftServerImpl.java:setRole(170)) - 05daad3a-5530-436f-abf5-8679b928a84d@group-791C69D32656: changes role from CANDIDATE to LEADER at term 2 for changeToLeader
2019-10-02 17:21:51,642 [05daad3a-5530-436f-abf5-8679b928a84d@group-791C69D32656-LeaderElection106] INFO  impl.RaftServerImpl (ServerState.java:setLeader(255)) - 05daad3a-5530-436f-abf5-8679b928a84d@group-791C69D32656: change Leader from null to 05daad3a-5530-436f-abf5-8679b928a84d at term 2 for becomeLeader, leader elected after 39ms
2019-10-02 17:21:51,642 [05daad3a-5530-436f-abf5-8679b928a84d@group-791C69D32656-LeaderElection106] INFO  server.RaftServerConfigKeys (ConfUtils.java:logGet(43)) - raft.server.staging.catchup.gap = 1000 (default)
2019-10-02 17:21:51,643 [05daad3a-5530-436f-abf5-8679b928a84d@group-791C69D32656-LeaderElection106] INFO  server.RaftServerConfigKeys (ConfUtils.java:logGet(43)) - raft.server.rpc.sleep.time = 25ms (default)
2019-10-02 17:21:51,643 [05daad3a-5530-436f-abf5-8679b928a84d@group-791C69D32656-LeaderElection106] INFO  server.RaftServerConfigKeys (ConfUtils.java:logGet(43)) - raft.server.write.element-limit = 4096 (default)
2019-10-02 17:21:51,643 [05daad3a-5530-436f-abf5-8679b928a84d@group-791C69D32656-LeaderElection106] INFO  server.RaftServerConfigKeys (ConfUtils.java:logGet(43)) - raft.server.watch.timeout = 10s (default)
2019-10-02 17:21:51,643 [05daad3a-5530-436f-abf5-8679b928a84d@group-791C69D32656-LeaderElection106] INFO  server.RaftServerConfigKeys (ConfUtils.java:logGet(43)) - raft.server.watch.timeout.denomination = 1s (default)
2019-10-02 17:21:51,643 [05daad3a-5530-436f-abf5-8679b928a84d@group-791C69D32656-LeaderElection106] INFO  server.RaftServerConfigKeys (ConfUtils.java:logGet(43)) - raft.server.watch.element-limit = 65536 (default)
2019-10-02 17:21:51,645 [05daad3a-5530-436f-abf5-8679b928a84d@group-791C69D32656-LeaderElection106] INFO  server.RaftServerConfigKeys (ConfUtils.java:logGet(43)) - raft.server.log.appender.snapshot.chunk.size.max = 16MB (=16777216) (default)
2019-10-02 17:21:51,645 [05daad3a-5530-436f-abf5-8679b928a84d@group-791C69D32656-LeaderElection106] INFO  server.RaftServerConfigKeys (ConfUtils.java:logGet(43)) - raft.server.log.appender.buffer.byte-limit = 33554432 (custom)
2019-10-02 17:21:51,645 [05daad3a-5530-436f-abf5-8679b928a84d@group-791C69D32656-LeaderElection106] INFO  server.RaftServerConfigKeys (ConfUtils.java:logGet(43)) - raft.server.log.appender.buffer.element-limit = 1 (custom)
2019-10-02 17:21:51,645 [05daad3a-5530-436f-abf5-8679b928a84d@group-791C69D32656-LeaderElection106] INFO  grpc.GrpcConfigKeys$Server (ConfUtils.java:logGet(43)) - raft.grpc.server.leader.outstanding.appends.max = 128 (default)
2019-10-02 17:21:51,646 [05daad3a-5530-436f-abf5-8679b928a84d@group-791C69D32656-LeaderElection106] INFO  server.RaftServerConfigKeys (ConfUtils.java:logGet(43)) - raft.server.rpc.request.timeout = 3000ms (default)
2019-10-02 17:21:51,646 [05daad3a-5530-436f-abf5-8679b928a84d@group-791C69D32656-LeaderElection106] INFO  server.RaftServerConfigKeys (ConfUtils.java:logGet(43)) - raft.server.log.appender.install.snapshot.enabled = false (custom)
2019-10-02 17:21:51,646 [05daad3a-5530-436f-abf5-8679b928a84d@group-791C69D32656-LeaderElection106] INFO  server.RaftServerConfigKeys (ConfUtils.java:logGet(43)) - raft.server.log.appender.snapshot.chunk.size.max = 16MB (=16777216) (default)
2019-10-02 17:21:51,646 [05daad3a-5530-436f-abf5-8679b928a84d@group-791C69D32656-LeaderElection106] INFO  server.RaftServerConfigKeys (ConfUtils.java:logGet(43)) - raft.server.log.appender.buffer.byte-limit = 33554432 (custom)
2019-10-02 17:21:51,646 [05daad3a-5530-436f-abf5-8679b928a84d@group-791C69D32656-LeaderElection106] INFO  server.RaftServerConfigKeys (ConfUtils.java:logGet(43)) - raft.server.log.appender.buffer.element-limit = 1 (custom)
2019-10-02 17:21:51,646 [05daad3a-5530-436f-abf5-8679b928a84d@group-791C69D32656-LeaderElection106] INFO  grpc.GrpcConfigKeys$Server (ConfUtils.java:logGet(43)) - raft.grpc.server.leader.outstanding.appends.max = 128 (default)
2019-10-02 17:21:51,646 [05daad3a-5530-436f-abf5-8679b928a84d@group-791C69D32656-LeaderElection106] INFO  server.RaftServerConfigKeys (ConfUtils.java:logGet(43)) - raft.server.rpc.request.timeout = 3000ms (default)
2019-10-02 17:21:51,647 [05daad3a-5530-436f-abf5-8679b928a84d@group-791C69D32656-LeaderElection106] INFO  server.RaftServerConfigKeys (ConfUtils.java:logGet(43)) - raft.server.log.appender.install.snapshot.enabled = false (custom)
2019-10-02 17:21:51,647 [05daad3a-5530-436f-abf5-8679b928a84d@group-791C69D32656-LeaderElection106] INFO  impl.RoleInfo (RoleInfo.java:updateAndGet(143)) - 05daad3a-5530-436f-abf5-8679b928a84d: start LeaderState
2019-10-02 17:21:51,647 [05daad3a-5530-436f-abf5-8679b928a84d@group-791C69D32656-LeaderElection106] INFO  segmented.SegmentedRaftLogWorker (SegmentedRaftLogWorker.java:rollLogSegment(390)) - 05daad3a-5530-436f-abf5-8679b928a84d@group-791C69D32656-SegmentedRaftLogWorker: Rolling segment log-0_2 to index:2
2019-10-02 17:21:51,648 [05daad3a-5530-436f-abf5-8679b928a84d@group-791C69D32656-SegmentedRaftLogWorker] INFO  segmented.SegmentedRaftLogWorker (SegmentedRaftLogWorker.java:execute(531)) - 05daad3a-5530-436f-abf5-8679b928a84d@group-791C69D32656-SegmentedRaftLogWorker: Rolled log segment from /workdir/hadoop-ozone/integration-test/target/test-dir/MiniOzoneClusterImpl-3c312c24-477b-403f-b698-3daa0d845912/datanode-0/data/ratis/d978a9cf-080e-4d0f-b100-791c69d32656/current/log_inprogress_0 to /workdir/hadoop-ozone/integration-test/target/test-dir/MiniOzoneClusterImpl-3c312c24-477b-403f-b698-3daa0d845912/datanode-0/data/ratis/d978a9cf-080e-4d0f-b100-791c69d32656/current/log_0-2
2019-10-02 17:21:51,648 [05daad3a-5530-436f-abf5-8679b928a84d@group-791C69D32656-LeaderElection106] INFO  impl.RaftServerImpl (ServerState.java:setRaftConf(356)) - 05daad3a-5530-436f-abf5-8679b928a84d@group-791C69D32656: set configuration 3: [d313778a-40e7-4d10-887d-cd4c269a6640:192.168.164.207:39819, 05daad3a-5530-436f-abf5-8679b928a84d:192.168.164.207:45555, 0a1f0d9e-a701-4d69-8c9f-5b5f88cf3ec1:192.168.164.207:41465], old=null at 3
2019-10-02 17:21:51,649 [grpc-default-executor-1] WARN  server.GrpcLogAppender (LogUtils.java:warn(134)) - 05daad3a-5530-436f-abf5-8679b928a84d@group-791C69D32656->d313778a-40e7-4d10-887d-cd4c269a6640-AppendLogResponseHandler: Failed appendEntries: org.apache.ratis.thirdparty.io.grpc.StatusRuntimeException: UNAVAILABLE: io exception
2019-10-02 17:21:51,675 [grpc-default-executor-1] INFO  impl.FollowerInfo (FollowerInfo.java:lambda$new$0(51)) - 05daad3a-5530-436f-abf5-8679b928a84d@group-791C69D32656->d313778a-40e7-4d10-887d-cd4c269a6640: nextIndex: updateUnconditionally 3 -> 1
2019-10-02 17:21:51,675 [grpc-default-executor-1] INFO  impl.RaftServerImpl (ServerState.java:setLeader(255)) - 0a1f0d9e-a701-4d69-8c9f-5b5f88cf3ec1@group-791C69D32656: change Leader from null to 05daad3a-5530-436f-abf5-8679b928a84d at term 2 for appendEntries, leader elected after 46ms
2019-10-02 17:21:51,678 [grpc-default-executor-1] INFO  impl.RaftServerImpl (ServerState.java:setRaftConf(356)) - 0a1f0d9e-a701-4d69-8c9f-5b5f88cf3ec1@group-791C69D32656: set configuration 3: [d313778a-40e7-4d10-887d-cd4c269a6640:192.168.164.207:39819, 05daad3a-5530-436f-abf5-8679b928a84d:192.168.164.207:45555, 0a1f0d9e-a701-4d69-8c9f-5b5f88cf3ec1:192.168.164.207:41465], old=null at 3
2019-10-02 17:21:51,679 [grpc-default-executor-1] INFO  segmented.SegmentedRaftLogWorker (SegmentedRaftLogWorker.java:rollLogSegment(390)) - 0a1f0d9e-a701-4d69-8c9f-5b5f88cf3ec1@group-791C69D32656-SegmentedRaftLogWorker: Rolling segment log-0_2 to index:2
2019-10-02 17:21:51,679 [0a1f0d9e-a701-4d69-8c9f-5b5f88cf3ec1@group-791C69D32656-SegmentedRaftLogWorker] INFO  segmented.SegmentedRaftLogWorker (SegmentedRaftLogWorker.java:execute(531)) - 0a1f0d9e-a701-4d69-8c9f-5b5f88cf3ec1@group-791C69D32656-SegmentedRaftLogWorker: Rolled log segment from /workdir/hadoop-ozone/integration-test/target/test-dir/MiniOzoneClusterImpl-3c312c24-477b-403f-b698-3daa0d845912/datanode-2/data/ratis/d978a9cf-080e-4d0f-b100-791c69d32656/current/log_inprogress_0 to /workdir/hadoop-ozone/integration-test/target/test-dir/MiniOzoneClusterImpl-3c312c24-477b-403f-b698-3daa0d845912/datanode-2/data/ratis/d978a9cf-080e-4d0f-b100-791c69d32656/current/log_0-2
2019-10-02 17:21:51,695 [05daad3a-5530-436f-abf5-8679b928a84d@group-791C69D32656-SegmentedRaftLogWorker] INFO  segmented.SegmentedRaftLogWorker (SegmentedRaftLogWorker.java:execute(574)) - 05daad3a-5530-436f-abf5-8679b928a84d@group-791C69D32656-SegmentedRaftLogWorker: created new log segment /workdir/hadoop-ozone/integration-test/target/test-dir/MiniOzoneClusterImpl-3c312c24-477b-403f-b698-3daa0d845912/datanode-0/data/ratis/d978a9cf-080e-4d0f-b100-791c69d32656/current/log_inprogress_3
2019-10-02 17:21:51,724 [0a1f0d9e-a701-4d69-8c9f-5b5f88cf3ec1@group-791C69D32656-SegmentedRaftLogWorker] INFO  segmented.SegmentedRaftLogWorker (SegmentedRaftLogWorker.java:execute(574)) - 0a1f0d9e-a701-4d69-8c9f-5b5f88cf3ec1@group-791C69D32656-SegmentedRaftLogWorker: created new log segment /workdir/hadoop-ozone/integration-test/target/test-dir/MiniOzoneClusterImpl-3c312c24-477b-403f-b698-3daa0d845912/datanode-2/data/ratis/d978a9cf-080e-4d0f-b100-791c69d32656/current/log_inprogress_3
2019-10-02 17:21:51,740 [grpc-default-executor-7] WARN  server.GrpcLogAppender (LogUtils.java:warn(134)) - 05daad3a-5530-436f-abf5-8679b928a84d@group-791C69D32656->d313778a-40e7-4d10-887d-cd4c269a6640-AppendLogResponseHandler: Failed appendEntries: org.apache.ratis.thirdparty.io.grpc.StatusRuntimeException: UNAVAILABLE: io exception
2019-10-02 17:21:51,741 [grpc-default-executor-7] INFO  impl.FollowerInfo (FollowerInfo.java:lambda$new$0(51)) - 05daad3a-5530-436f-abf5-8679b928a84d@group-791C69D32656->d313778a-40e7-4d10-887d-cd4c269a6640: nextIndex: updateUnconditionally 2 -> 1
2019-10-02 17:21:51,756 [grpc-default-executor-1] WARN  server.GrpcLogAppender (LogUtils.java:warn(134)) - 05daad3a-5530-436f-abf5-8679b928a84d@group-791C69D32656->d313778a-40e7-4d10-887d-cd4c269a6640-AppendLogResponseHandler: Failed appendEntries: org.apache.ratis.thirdparty.io.grpc.StatusRuntimeException: UNAVAILABLE: io exception
2019-10-02 17:21:51,756 [grpc-default-executor-1] INFO  impl.FollowerInfo (FollowerInfo.java:lambda$new$0(51)) - 05daad3a-5530-436f-abf5-8679b928a84d@group-791C69D32656->d313778a-40e7-4d10-887d-cd4c269a6640: nextIndex: updateUnconditionally 2 -> 1
2019-10-02 17:21:52,062 [grpc-default-executor-8] WARN  server.GrpcLogAppender (LogUtils.java:warn(134)) - 05daad3a-5530-436f-abf5-8679b928a84d@group-791C69D32656->d313778a-40e7-4d10-887d-cd4c269a6640-AppendLogResponseHandler: Failed appendEntries: org.apache.ratis.thirdparty.io.grpc.StatusRuntimeException: UNAVAILABLE: io exception
2019-10-02 17:21:52,062 [grpc-default-executor-8] INFO  impl.FollowerInfo (FollowerInfo.java:lambda$new$0(51)) - 05daad3a-5530-436f-abf5-8679b928a84d@group-791C69D32656->d313778a-40e7-4d10-887d-cd4c269a6640: nextIndex: updateUnconditionally 2 -> 1
2019-10-02 17:21:52,075 [grpc-default-executor-1] WARN  server.GrpcLogAppender (LogUtils.java:warn(134)) - 05daad3a-5530-436f-abf5-8679b928a84d@group-791C69D32656->d313778a-40e7-4d10-887d-cd4c269a6640-AppendLogResponseHandler: Failed appendEntries: org.apache.ratis.thirdparty.io.grpc.StatusRuntimeException: UNAVAILABLE: io exception
2019-10-02 17:21:52,075 [grpc-default-executor-1] INFO  impl.FollowerInfo (FollowerInfo.java:lambda$new$0(51)) - 05daad3a-5530-436f-abf5-8679b928a84d@group-791C69D32656->d313778a-40e7-4d10-887d-cd4c269a6640: nextIndex: updateUnconditionally 2 -> 1
2019-10-02 17:21:52,086 [grpc-default-executor-7] WARN  server.GrpcLogAppender (LogUtils.java:warn(134)) - 05daad3a-5530-436f-abf5-8679b928a84d@group-791C69D32656->d313778a-40e7-4d10-887d-cd4c269a6640-AppendLogResponseHandler: Failed appendEntries: org.apache.ratis.thirdparty.io.grpc.StatusRuntimeException: UNAVAILABLE: io exception
2019-10-02 17:21:52,087 [grpc-default-executor-7] INFO  impl.FollowerInfo (FollowerInfo.java:lambda$new$0(51)) - 05daad3a-5530-436f-abf5-8679b928a84d@group-791C69D32656->d313778a-40e7-4d10-887d-cd4c269a6640: nextIndex: updateUnconditionally 2 -> 1
2019-10-02 17:21:52,089 [EventQueue-IncrementalContainerReportForIncrementalContainerReportHandler] WARN  container.IncrementalContainerReportHandler (AbstractContainerReportHandler.java:updateContainerState(143)) - Container #1 is in OPEN state, but the datanode 05daad3a-5530-436f-abf5-8679b928a84d{ip: 192.168.164.207, host: pr-hdds-2216-szf6q-3723478472, networkLocation: /default-rack, certSerialId: null} reports an CLOSING replica.
2019-10-02 17:21:52,114 [EventQueue-IncrementalContainerReportForIncrementalContainerReportHandler] WARN  container.IncrementalContainerReportHandler (AbstractContainerReportHandler.java:updateContainerState(143)) - Container #1 is in OPEN state, but the datanode 0a1f0d9e-a701-4d69-8c9f-5b5f88cf3ec1{ip: 192.168.164.207, host: pr-hdds-2216-szf6q-3723478472, networkLocation: /default-rack, certSerialId: null} reports an CLOSING replica.
2019-10-02 17:21:52,145 [RatisApplyTransactionExecutor 1] INFO  interfaces.Container (KeyValueContainer.java:flushAndSyncDB(386)) - Container 1 is synced with bcsId 0.
2019-10-02 17:21:52,176 [RatisApplyTransactionExecutor 1] INFO  interfaces.Container (KeyValueContainer.java:flushAndSyncDB(386)) - Container 1 is synced with bcsId 0.
2019-10-02 17:21:52,187 [RatisApplyTransactionExecutor 1] INFO  interfaces.Container (KeyValueContainer.java:flushAndSyncDB(386)) - Container 1 is synced with bcsId 0.
2019-10-02 17:21:52,188 [RatisApplyTransactionExecutor 1] INFO  interfaces.Container (KeyValueContainer.java:flushAndSyncDB(386)) - Container 1 is synced with bcsId 0.
2019-10-02 17:21:52,213 [RatisApplyTransactionExecutor 1] INFO  interfaces.Container (KeyValueContainer.java:close(335)) - Container 1 is closed with bcsId 0.
2019-10-02 17:21:52,217 [RatisApplyTransactionExecutor 1] INFO  interfaces.Container (KeyValueContainer.java:close(335)) - Container 1 is closed with bcsId 0.
2019-10-02 17:21:52,231 [EventQueue-IncrementalContainerReportForIncrementalContainerReportHandler] WARN  container.IncrementalContainerReportHandler (AbstractContainerReportHandler.java:updateContainerState(143)) - Container #1 is in OPEN state, but the datanode 05daad3a-5530-436f-abf5-8679b928a84d{ip: 192.168.164.207, host: pr-hdds-2216-szf6q-3723478472, networkLocation: /default-rack, certSerialId: null} reports an CLOSED replica.
2019-10-02 17:21:52,234 [EventQueue-IncrementalContainerReportForIncrementalContainerReportHandler] WARN  container.IncrementalContainerReportHandler (AbstractContainerReportHandler.java:updateContainerState(143)) - Container #1 is in OPEN state, but the datanode 0a1f0d9e-a701-4d69-8c9f-5b5f88cf3ec1{ip: 192.168.164.207, host: pr-hdds-2216-szf6q-3723478472, networkLocation: /default-rack, certSerialId: null} reports an CLOSED replica.
2019-10-02 17:21:54,588 [grpc-default-executor-1] WARN  server.GrpcLogAppender (LogUtils.java:warn(134)) - 05daad3a-5530-436f-abf5-8679b928a84d@group-791C69D32656->d313778a-40e7-4d10-887d-cd4c269a6640-AppendLogResponseHandler: Failed appendEntries: org.apache.ratis.thirdparty.io.grpc.StatusRuntimeException: UNAVAILABLE: io exception
2019-10-02 17:21:54,588 [grpc-default-executor-1] INFO  impl.FollowerInfo (FollowerInfo.java:lambda$new$0(51)) - 05daad3a-5530-436f-abf5-8679b928a84d@group-791C69D32656->d313778a-40e7-4d10-887d-cd4c269a6640: nextIndex: updateUnconditionally 1 -> 0
2019-10-02 17:21:55,235 [main] WARN  scm.XceiverClientRatis (XceiverClientRatis.java:watchForCommit(292)) - 3 way commit failed on pipeline Pipeline[ Id: d978a9cf-080e-4d0f-b100-791c69d32656, Nodes: d313778a-40e7-4d10-887d-cd4c269a6640{ip: 192.168.164.207, host: pr-hdds-2216-szf6q-3723478472, networkLocation: /default-rack, certSerialId: null}05daad3a-5530-436f-abf5-8679b928a84d{ip: 192.168.164.207, host: pr-hdds-2216-szf6q-3723478472, networkLocation: /default-rack, certSerialId: null}0a1f0d9e-a701-4d69-8c9f-5b5f88cf3ec1{ip: 192.168.164.207, host: pr-hdds-2216-szf6q-3723478472, networkLocation: /default-rack, certSerialId: null}, Type:RATIS, Factor:THREE, State:OPEN]
java.util.concurrent.TimeoutException
	at java.util.concurrent.CompletableFuture.timedGet(CompletableFuture.java:1771)
	at java.util.concurrent.CompletableFuture.get(CompletableFuture.java:1915)
	at org.apache.hadoop.hdds.scm.XceiverClientRatis.watchForCommit(XceiverClientRatis.java:289)
	at org.apache.hadoop.ozone.client.rpc.TestWatchForCommit.test2WayCommitForTimeoutException(TestWatchForCommit.java:391)
	at sun.reflect.NativeMethodAccessorImpl.invoke0(Native Method)
	at sun.reflect.NativeMethodAccessorImpl.invoke(NativeMethodAccessorImpl.java:62)
	at sun.reflect.DelegatingMethodAccessorImpl.invoke(DelegatingMethodAccessorImpl.java:43)
	at java.lang.reflect.Method.invoke(Method.java:498)
	at org.junit.runners.model.FrameworkMethod$1.runReflectiveCall(FrameworkMethod.java:47)
	at org.junit.internal.runners.model.ReflectiveCallable.run(ReflectiveCallable.java:12)
	at org.junit.runners.model.FrameworkMethod.invokeExplosively(FrameworkMethod.java:44)
	at org.junit.internal.runners.statements.InvokeMethod.evaluate(InvokeMethod.java:17)
	at org.junit.runners.ParentRunner.runLeaf(ParentRunner.java:271)
	at org.junit.runners.BlockJUnit4ClassRunner.runChild(BlockJUnit4ClassRunner.java:70)
	at org.junit.runners.BlockJUnit4ClassRunner.runChild(BlockJUnit4ClassRunner.java:50)
	at org.junit.runners.ParentRunner$3.run(ParentRunner.java:238)
	at org.junit.runners.ParentRunner$1.schedule(ParentRunner.java:63)
	at org.junit.runners.ParentRunner.runChildren(ParentRunner.java:236)
	at org.junit.runners.ParentRunner.access$000(ParentRunner.java:53)
	at org.junit.runners.ParentRunner$2.evaluate(ParentRunner.java:229)
	at org.junit.runners.ParentRunner.run(ParentRunner.java:309)
	at org.apache.maven.surefire.junit4.JUnit4Provider.execute(JUnit4Provider.java:365)
	at org.apache.maven.surefire.junit4.JUnit4Provider.executeWithRerun(JUnit4Provider.java:273)
	at org.apache.maven.surefire.junit4.JUnit4Provider.executeTestSet(JUnit4Provider.java:238)
	at org.apache.maven.surefire.junit4.JUnit4Provider.invoke(JUnit4Provider.java:159)
	at org.apache.maven.surefire.booter.ForkedBooter.invokeProviderInSameClassLoader(ForkedBooter.java:384)
	at org.apache.maven.surefire.booter.ForkedBooter.runSuitesInProcess(ForkedBooter.java:345)
	at org.apache.maven.surefire.booter.ForkedBooter.execute(ForkedBooter.java:126)
	at org.apache.maven.surefire.booter.ForkedBooter.main(ForkedBooter.java:418)
2019-10-02 17:21:57,088 [grpc-default-executor-1] WARN  server.GrpcLogAppender (LogUtils.java:warn(134)) - 05daad3a-5530-436f-abf5-8679b928a84d@group-791C69D32656->d313778a-40e7-4d10-887d-cd4c269a6640-AppendLogResponseHandler: Failed appendEntries: org.apache.ratis.thirdparty.io.grpc.StatusRuntimeException: UNAVAILABLE: io exception
2019-10-02 17:21:57,088 [grpc-default-executor-1] INFO  impl.FollowerInfo (FollowerInfo.java:lambda$new$0(51)) - 05daad3a-5530-436f-abf5-8679b928a84d@group-791C69D32656->d313778a-40e7-4d10-887d-cd4c269a6640: nextIndex: updateUnconditionally 0 -> 0
]]></system-out>
  </testcase>
</testsuite>