<?xml version="1.0" encoding="UTF-8"?>
<testsuite xmlns:xsi="http://www.w3.org/2001/XMLSchema-instance" xsi:noNamespaceSchemaLocation="https://maven.apache.org/surefire/maven-surefire-plugin/xsd/surefire-test-report.xsd" name="org.apache.hadoop.ozone.client.rpc.TestCommitWatcher" time="48.443" tests="2" errors="0" skipped="0" failures="1">
  <properties>
    <property name="awt.toolkit" value="sun.awt.X11.XToolkit"/>
    <property name="file.encoding.pkg" value="sun.io"/>
    <property name="java.specification.version" value="1.8"/>
    <property name="sun.cpu.isalist" value=""/>
    <property name="sun.jnu.encoding" value="UTF-8"/>
    <property name="java.class.path" value="/workdir/hadoop-ozone/integration-test/target/test-classes:/workdir/hadoop-ozone/integration-test/target/classes:/home/user/.m2/repository/org/apache/hadoop/hadoop-ozone-common/0.5.0-SNAPSHOT/hadoop-ozone-common-0.5.0-SNAPSHOT.jar:/home/user/.m2/repository/org/apache/commons/commons-compress/1.4.1/commons-compress-1.4.1.jar:/home/user/.m2/repository/org/tukaani/xz/1.0/xz-1.0.jar:/home/user/.m2/repository/org/apache/hadoop/hadoop-common/3.2.0/hadoop-common-3.2.0.jar:/home/user/.m2/repository/org/apache/hadoop/hadoop-hdfs/3.2.0/hadoop-hdfs-3.2.0.jar:/home/user/.m2/repository/org/apache/hadoop/hadoop-hdfs-client/3.2.0/hadoop-hdfs-client-3.2.0.jar:/home/user/.m2/repository/com/fasterxml/jackson/core/jackson-annotations/2.9.9/jackson-annotations-2.9.9.jar:/home/user/.m2/repository/org/apache/hadoop/hadoop-hdds-common/0.5.0-SNAPSHOT/hadoop-hdds-common-0.5.0-SNAPSHOT.jar:/home/user/.m2/repository/javax/annotation/javax.annotation-api/1.2/javax.annotation-api-1.2.jar:/home/user/.m2/repository/org/apache/ratis/ratis-server/0.4.0/ratis-server-0.4.0.jar:/home/user/.m2/repository/org/apache/ratis/ratis-thirdparty-misc/0.2.0/ratis-thirdparty-misc-0.2.0.jar:/home/user/.m2/repository/org/apache/ratis/ratis-proto/0.4.0/ratis-proto-0.4.0.jar:/home/user/.m2/repository/org/apache/ratis/ratis-common/0.4.0/ratis-common-0.4.0.jar:/home/user/.m2/repository/org/apache/ratis/ratis-client/0.4.0/ratis-client-0.4.0.jar:/home/user/.m2/repository/org/apache/ratis/ratis-metrics/0.4.0/ratis-metrics-0.4.0.jar:/home/user/.m2/repository/com/github/joshelser/dropwizard-metrics-hadoop-metrics2-reporter/0.1.2/dropwizard-metrics-hadoop-metrics2-reporter-0.1.2.jar:/home/user/.m2/repository/io/dropwizard/metrics/metrics-jvm/3.2.5/metrics-jvm-3.2.5.jar:/home/user/.m2/repository/io/dropwizard/metrics/metrics-ganglia/3.2.5/metrics-ganglia-3.2.5.jar:/home/user/.m2/repository/info/ganglia/gmetric4j/gmetric4j/1.0.7/gmetric4j-1.0.7.jar:/home/user/.m2/repository/org/apache/ratis/ratis-netty/0.4.0/ratis-netty-0.4.0.jar:/home/user/.m2/repository/org/apache/ratis/ratis-grpc/0.4.0/ratis-grpc-0.4.0.jar:/home/user/.m2/repository/org/rocksdb/rocksdbjni/6.0.1/rocksdbjni-6.0.1.jar:/home/user/.m2/repository/org/apache/logging/log4j/log4j-api/2.11.0/log4j-api-2.11.0.jar:/home/user/.m2/repository/org/apache/logging/log4j/log4j-core/2.11.0/log4j-core-2.11.0.jar:/home/user/.m2/repository/com/lmax/disruptor/3.4.2/disruptor-3.4.2.jar:/home/user/.m2/repository/org/apache/commons/commons-pool2/2.6.0/commons-pool2-2.6.0.jar:/home/user/.m2/repository/org/bouncycastle/bcpkix-jdk15on/1.60/bcpkix-jdk15on-1.60.jar:/home/user/.m2/repository/commons-validator/commons-validator/1.6/commons-validator-1.6.jar:/home/user/.m2/repository/commons-digester/commons-digester/1.8.1/commons-digester-1.8.1.jar:/home/user/.m2/repository/io/jaegertracing/jaeger-client/0.34.0/jaeger-client-0.34.0.jar:/home/user/.m2/repository/io/jaegertracing/jaeger-thrift/0.34.0/jaeger-thrift-0.34.0.jar:/home/user/.m2/repository/org/apache/thrift/libthrift/0.12.0/libthrift-0.12.0.jar:/home/user/.m2/repository/com/squareup/okhttp3/okhttp/3.9.0/okhttp-3.9.0.jar:/home/user/.m2/repository/com/squareup/okio/okio/1.13.0/okio-1.13.0.jar:/home/user/.m2/repository/io/jaegertracing/jaeger-core/0.34.0/jaeger-core-0.34.0.jar:/home/user/.m2/repository/io/jaegertracing/jaeger-tracerresolver/0.34.0/jaeger-tracerresolver-0.34.0.jar:/home/user/.m2/repository/io/opentracing/contrib/opentracing-tracerresolver/0.1.5/opentracing-tracerresolver-0.1.5.jar:/home/user/.m2/repository/io/opentracing/opentracing-util/0.31.0/opentracing-util-0.31.0.jar:/home/user/.m2/repository/io/opentracing/opentracing-api/0.31.0/opentracing-api-0.31.0.jar:/home/user/.m2/repository/io/opentracing/opentracing-noop/0.31.0/opentracing-noop-0.31.0.jar:/home/user/.m2/repository/org/apache/hadoop/hadoop-hdds-server-framework/0.5.0-SNAPSHOT/hadoop-hdds-server-framework-0.5.0-SNAPSHOT.jar:/home/user/.m2/repository/org/apache/hadoop/hadoop-hdds-container-service/0.5.0-SNAPSHOT/hadoop-hdds-container-service-0.5.0-SNAPSHOT.jar:/home/user/.m2/repository/org/apache/hadoop/hadoop-hdds-client/0.5.0-SNAPSHOT/hadoop-hdds-client-0.5.0-SNAPSHOT.jar:/home/user/.m2/repository/org/apache/hadoop/hadoop-hdds-tools/0.5.0-SNAPSHOT/hadoop-hdds-tools-0.5.0-SNAPSHOT.jar:/home/user/.m2/repository/org/apache/hadoop/hadoop-hdds-server-scm/0.5.0-SNAPSHOT/hadoop-hdds-server-scm-0.5.0-SNAPSHOT.jar:/home/user/.m2/repository/org/apache/hadoop/hadoop-hdds-docs/0.5.0-SNAPSHOT/hadoop-hdds-docs-0.5.0-SNAPSHOT.jar:/home/user/.m2/repository/io/dropwizard/metrics/metrics-core/3.2.4/metrics-core-3.2.4.jar:/home/user/.m2/repository/org/hamcrest/hamcrest-all/1.3/hamcrest-all-1.3.jar:/home/user/.m2/repository/org/bouncycastle/bcprov-jdk15on/1.60/bcprov-jdk15on-1.60.jar:/home/user/.m2/repository/info/picocli/picocli/3.9.6/picocli-3.9.6.jar:/home/user/.m2/repository/com/google/protobuf/protobuf-java/2.5.0/protobuf-java-2.5.0.jar:/home/user/.m2/repository/com/google/guava/guava/11.0.2/guava-11.0.2.jar:/home/user/.m2/repository/org/apache/hadoop/hadoop-ozone-ozone-manager/0.5.0-SNAPSHOT/hadoop-ozone-ozone-manager-0.5.0-SNAPSHOT.jar:/home/user/.m2/repository/org/apache/hadoop/hadoop-minikdc/3.2.0/hadoop-minikdc-3.2.0.jar:/home/user/.m2/repository/commons-io/commons-io/2.5/commons-io-2.5.jar:/home/user/.m2/repository/org/apache/kerby/kerb-simplekdc/1.0.1/kerb-simplekdc-1.0.1.jar:/home/user/.m2/repository/org/apache/kerby/kerb-client/1.0.1/kerb-client-1.0.1.jar:/home/user/.m2/repository/org/apache/kerby/kerby-config/1.0.1/kerby-config-1.0.1.jar:/home/user/.m2/repository/org/apache/kerby/kerb-core/1.0.1/kerb-core-1.0.1.jar:/home/user/.m2/repository/org/apache/kerby/kerby-pkix/1.0.1/kerby-pkix-1.0.1.jar:/home/user/.m2/repository/org/apache/kerby/kerby-asn1/1.0.1/kerby-asn1-1.0.1.jar:/home/user/.m2/repository/org/apache/kerby/kerby-util/1.0.1/kerby-util-1.0.1.jar:/home/user/.m2/repository/org/apache/kerby/kerb-common/1.0.1/kerb-common-1.0.1.jar:/home/user/.m2/repository/org/apache/kerby/kerb-crypto/1.0.1/kerb-crypto-1.0.1.jar:/home/user/.m2/repository/org/apache/kerby/kerb-util/1.0.1/kerb-util-1.0.1.jar:/home/user/.m2/repository/org/apache/kerby/token-provider/1.0.1/token-provider-1.0.1.jar:/home/user/.m2/repository/org/apache/kerby/kerb-admin/1.0.1/kerb-admin-1.0.1.jar:/home/user/.m2/repository/org/apache/kerby/kerb-server/1.0.1/kerb-server-1.0.1.jar:/home/user/.m2/repository/org/apache/kerby/kerb-identity/1.0.1/kerb-identity-1.0.1.jar:/home/user/.m2/repository/org/apache/kerby/kerby-xdr/1.0.1/kerby-xdr-1.0.1.jar:/home/user/.m2/repository/org/slf4j/slf4j-log4j12/1.7.25/slf4j-log4j12-1.7.25.jar:/home/user/.m2/repository/org/apache/hadoop/hadoop-ozone-s3gateway/0.5.0-SNAPSHOT/hadoop-ozone-s3gateway-0.5.0-SNAPSHOT.jar:/home/user/.m2/repository/org/jboss/weld/servlet/weld-servlet/2.4.7.Final/weld-servlet-2.4.7.Final.jar:/home/user/.m2/repository/org/glassfish/jersey/containers/jersey-container-servlet-core/2.27/jersey-container-servlet-core-2.27.jar:/home/user/.m2/repository/org/glassfish/hk2/external/javax.inject/2.5.0-b42/javax.inject-2.5.0-b42.jar:/home/user/.m2/repository/org/glassfish/jersey/core/jersey-common/2.27/jersey-common-2.27.jar:/home/user/.m2/repository/org/glassfish/hk2/osgi-resource-locator/1.0.1/osgi-resource-locator-1.0.1.jar:/home/user/.m2/repository/javax/ws/rs/javax.ws.rs-api/2.1/javax.ws.rs-api-2.1.jar:/home/user/.m2/repository/org/glassfish/jersey/ext/cdi/jersey-cdi1x/2.27/jersey-cdi1x-2.27.jar:/home/user/.m2/repository/org/glassfish/jersey/inject/jersey-hk2/2.27/jersey-hk2-2.27.jar:/home/user/.m2/repository/org/glassfish/hk2/hk2-locator/2.5.0-b42/hk2-locator-2.5.0-b42.jar:/home/user/.m2/repository/org/javassist/javassist/3.22.0-CR2/javassist-3.22.0-CR2.jar:/home/user/.m2/repository/org/glassfish/hk2/hk2-api/2.5.0/hk2-api-2.5.0.jar:/home/user/.m2/repository/org/glassfish/hk2/external/jakarta.inject/2.5.0/jakarta.inject-2.5.0.jar:/home/user/.m2/repository/org/glassfish/hk2/hk2-utils/2.5.0/hk2-utils-2.5.0.jar:/home/user/.m2/repository/jakarta/annotation/jakarta.annotation-api/1.3.4/jakarta.annotation-api-1.3.4.jar:/home/user/.m2/repository/org/glassfish/hk2/external/aopalliance-repackaged/2.5.0/aopalliance-repackaged-2.5.0.jar:/home/user/.m2/repository/com/fasterxml/jackson/dataformat/jackson-dataformat-xml/2.9.0/jackson-dataformat-xml-2.9.0.jar:/home/user/.m2/repository/com/fasterxml/jackson/core/jackson-core/2.9.9/jackson-core-2.9.9.jar:/home/user/.m2/repository/com/fasterxml/jackson/module/jackson-module-jaxb-annotations/2.9.9/jackson-module-jaxb-annotations-2.9.9.jar:/home/user/.m2/repository/javax/enterprise/cdi-api/1.2/cdi-api-1.2.jar:/home/user/.m2/repository/javax/el/javax.el-api/3.0.0/javax.el-api-3.0.0.jar:/home/user/.m2/repository/javax/interceptor/javax.interceptor-api/1.2/javax.interceptor-api-1.2.jar:/home/user/.m2/repository/javax/inject/javax.inject/1/javax.inject-1.jar:/home/user/.m2/repository/com/sun/xml/bind/jaxb-impl/2.3.0.1/jaxb-impl-2.3.0.1.jar:/home/user/.m2/repository/com/sun/xml/bind/jaxb-core/2.3.0.1/jaxb-core-2.3.0.1.jar:/home/user/.m2/repository/javax/xml/bind/jaxb-api/2.3.0/jaxb-api-2.3.0.jar:/home/user/.m2/repository/javax/activation/activation/1.1.1/activation-1.1.1.jar:/home/user/.m2/repository/org/apache/hadoop/hadoop-ozone-csi/0.5.0-SNAPSHOT/hadoop-ozone-csi-0.5.0-SNAPSHOT.jar:/home/user/.m2/repository/com/google/protobuf/protobuf-java-util/3.5.1/protobuf-java-util-3.5.1.jar:/home/user/.m2/repository/org/apache/hadoop/hadoop-hdds-config/0.5.0-SNAPSHOT/hadoop-hdds-config-0.5.0-SNAPSHOT.jar:/home/user/.m2/repository/io/grpc/grpc-netty/1.17.1/grpc-netty-1.17.1.jar:/home/user/.m2/repository/io/grpc/grpc-core/1.17.1/grpc-core-1.17.1.jar:/home/user/.m2/repository/io/grpc/grpc-context/1.17.1/grpc-context-1.17.1.jar:/home/user/.m2/repository/com/google/errorprone/error_prone_annotations/2.2.0/error_prone_annotations-2.2.0.jar:/home/user/.m2/repository/org/codehaus/mojo/animal-sniffer-annotations/1.17/animal-sniffer-annotations-1.17.jar:/home/user/.m2/repository/io/opencensus/opencensus-api/0.17.0/opencensus-api-0.17.0.jar:/home/user/.m2/repository/io/opencensus/opencensus-contrib-grpc-metrics/0.17.0/opencensus-contrib-grpc-metrics-0.17.0.jar:/home/user/.m2/repository/io/netty/netty-codec-http2/4.1.30.Final/netty-codec-http2-4.1.30.Final.jar:/home/user/.m2/repository/io/netty/netty-codec-http/4.1.30.Final/netty-codec-http-4.1.30.Final.jar:/home/user/.m2/repository/io/netty/netty-codec/4.1.30.Final/netty-codec-4.1.30.Final.jar:/home/user/.m2/repository/io/netty/netty-handler/4.1.30.Final/netty-handler-4.1.30.Final.jar:/home/user/.m2/repository/io/netty/netty-handler-proxy/4.1.30.Final/netty-handler-proxy-4.1.30.Final.jar:/home/user/.m2/repository/io/netty/netty-codec-socks/4.1.30.Final/netty-codec-socks-4.1.30.Final.jar:/home/user/.m2/repository/io/netty/netty-transport-native-epoll/4.1.30.Final/netty-transport-native-epoll-4.1.30.Final.jar:/home/user/.m2/repository/io/netty/netty-common/4.1.30.Final/netty-common-4.1.30.Final.jar:/home/user/.m2/repository/io/netty/netty-buffer/4.1.30.Final/netty-buffer-4.1.30.Final.jar:/home/user/.m2/repository/io/netty/netty-transport/4.1.30.Final/netty-transport-4.1.30.Final.jar:/home/user/.m2/repository/io/netty/netty-resolver/4.1.30.Final/netty-resolver-4.1.30.Final.jar:/home/user/.m2/repository/io/netty/netty-transport-native-unix-common/4.1.30.Final/netty-transport-native-unix-common-4.1.30.Final.jar:/home/user/.m2/repository/io/grpc/grpc-protobuf/1.17.1/grpc-protobuf-1.17.1.jar:/home/user/.m2/repository/com/google/api/grpc/proto-google-common-protos/1.0.0/proto-google-common-protos-1.0.0.jar:/home/user/.m2/repository/io/grpc/grpc-protobuf-lite/1.17.1/grpc-protobuf-lite-1.17.1.jar:/home/user/.m2/repository/io/grpc/grpc-stub/1.17.1/grpc-stub-1.17.1.jar:/home/user/.m2/repository/org/apache/hadoop/hadoop-ozone-recon/0.5.0-SNAPSHOT/hadoop-ozone-recon-0.5.0-SNAPSHOT.jar:/home/user/.m2/repository/org/apache/hadoop/hadoop-ozone-reconcodegen/0.5.0-SNAPSHOT/hadoop-ozone-reconcodegen-0.5.0-SNAPSHOT.jar:/home/user/.m2/repository/com/google/inject/extensions/guice-multibindings/4.0/guice-multibindings-4.0.jar:/home/user/.m2/repository/com/google/inject/guice/4.0/guice-4.0.jar:/home/user/.m2/repository/aopalliance/aopalliance/1.0/aopalliance-1.0.jar:/home/user/.m2/repository/com/google/inject/extensions/guice-servlet/4.0/guice-servlet-4.0.jar:/home/user/.m2/repository/org/glassfish/jersey/containers/jersey-container-servlet/2.27/jersey-container-servlet-2.27.jar:/home/user/.m2/repository/org/glassfish/hk2/guice-bridge/2.5.0/guice-bridge-2.5.0.jar:/home/user/.m2/repository/org/glassfish/jersey/core/jersey-server/2.27/jersey-server-2.27.jar:/home/user/.m2/repository/org/glassfish/jersey/core/jersey-client/2.27/jersey-client-2.27.jar:/home/user/.m2/repository/org/glassfish/jersey/media/jersey-media-jaxb/2.27/jersey-media-jaxb-2.27.jar:/home/user/.m2/repository/javax/validation/validation-api/1.1.0.Final/validation-api-1.1.0.Final.jar:/home/user/.m2/repository/org/glassfish/jersey/media/jersey-media-json-jackson/2.27/jersey-media-json-jackson-2.27.jar:/home/user/.m2/repository/org/glassfish/jersey/ext/jersey-entity-filtering/2.27/jersey-entity-filtering-2.27.jar:/home/user/.m2/repository/com/google/inject/extensions/guice-assistedinject/4.0/guice-assistedinject-4.0.jar:/home/user/.m2/repository/org/jooq/jooq/3.11.10/jooq-3.11.10.jar:/home/user/.m2/repository/org/jooq/jooq-meta/3.11.10/jooq-meta-3.11.10.jar:/home/user/.m2/repository/org/jooq/jooq-codegen/3.11.10/jooq-codegen-3.11.10.jar:/home/user/.m2/repository/com/jolbox/bonecp/0.8.0.RELEASE/bonecp-0.8.0.RELEASE.jar:/home/user/.m2/repository/org/xerial/sqlite-jdbc/3.25.2/sqlite-jdbc-3.25.2.jar:/home/user/.m2/repository/org/springframework/spring-jdbc/5.1.3.RELEASE/spring-jdbc-5.1.3.RELEASE.jar:/home/user/.m2/repository/org/springframework/spring-beans/5.1.3.RELEASE/spring-beans-5.1.3.RELEASE.jar:/home/user/.m2/repository/org/springframework/spring-core/5.1.3.RELEASE/spring-core-5.1.3.RELEASE.jar:/home/user/.m2/repository/org/springframework/spring-jcl/5.1.3.RELEASE/spring-jcl-5.1.3.RELEASE.jar:/home/user/.m2/repository/org/springframework/spring-tx/5.1.3.RELEASE/spring-tx-5.1.3.RELEASE.jar:/home/user/.m2/repository/org/apache/hadoop/hadoop-ozone-client/0.5.0-SNAPSHOT/hadoop-ozone-client-0.5.0-SNAPSHOT.jar:/home/user/.m2/repository/commons-lang/commons-lang/2.6/commons-lang-2.6.jar:/home/user/.m2/repository/org/apache/hadoop/hadoop-ozone-ozone-manager/0.5.0-SNAPSHOT/hadoop-ozone-ozone-manager-0.5.0-SNAPSHOT-tests.jar:/home/user/.m2/repository/junit/junit/4.11/junit-4.11.jar:/home/user/.m2/repository/org/hamcrest/hamcrest-core/1.3/hamcrest-core-1.3.jar:/home/user/.m2/repository/org/openjdk/jmh/jmh-core/1.19/jmh-core-1.19.jar:/home/user/.m2/repository/net/sf/jopt-simple/jopt-simple/4.6/jopt-simple-4.6.jar:/home/user/.m2/repository/org/apache/commons/commons-math3/3.1.1/commons-math3-3.1.1.jar:/home/user/.m2/repository/org/openjdk/jmh/jmh-generator-annprocess/1.19/jmh-generator-annprocess-1.19.jar:/home/user/.m2/repository/org/mockito/mockito-all/1.8.5/mockito-all-1.8.5.jar:/home/user/.m2/repository/org/apache/hadoop/hadoop-kms/3.2.0/hadoop-kms-3.2.0.jar:/home/user/.m2/repository/org/apache/hadoop/hadoop-auth/3.2.0/hadoop-auth-3.2.0.jar:/home/user/.m2/repository/com/nimbusds/nimbus-jose-jwt/4.41.1/nimbus-jose-jwt-4.41.1.jar:/home/user/.m2/repository/com/github/stephenc/jcip/jcip-annotations/1.0-1/jcip-annotations-1.0-1.jar:/home/user/.m2/repository/net/minidev/json-smart/2.3/json-smart-2.3.jar:/home/user/.m2/repository/net/minidev/accessors-smart/1.2/accessors-smart-1.2.jar:/home/user/.m2/repository/org/ow2/asm/asm/5.0.4/asm-5.0.4.jar:/home/user/.m2/repository/org/apache/curator/curator-framework/2.12.0/curator-framework-2.12.0.jar:/home/user/.m2/repository/com/sun/jersey/jersey-core/1.19/jersey-core-1.19.jar:/home/user/.m2/repository/javax/ws/rs/jsr311-api/1.1.1/jsr311-api-1.1.1.jar:/home/user/.m2/repository/com/sun/jersey/jersey-server/1.19/jersey-server-1.19.jar:/home/user/.m2/repository/javax/servlet/javax.servlet-api/3.1.0/javax.servlet-api-3.1.0.jar:/home/user/.m2/repository/org/eclipse/jetty/jetty-server/9.3.25.v20180904/jetty-server-9.3.25.v20180904.jar:/home/user/.m2/repository/org/eclipse/jetty/jetty-http/9.3.25.v20180904/jetty-http-9.3.25.v20180904.jar:/home/user/.m2/repository/org/eclipse/jetty/jetty-io/9.3.25.v20180904/jetty-io-9.3.25.v20180904.jar:/home/user/.m2/repository/org/eclipse/jetty/jetty-webapp/9.3.25.v20180904/jetty-webapp-9.3.25.v20180904.jar:/home/user/.m2/repository/org/eclipse/jetty/jetty-xml/9.3.25.v20180904/jetty-xml-9.3.25.v20180904.jar:/home/user/.m2/repository/log4j/log4j/1.2.17/log4j-1.2.17.jar:/home/user/.m2/repository/org/slf4j/slf4j-api/1.7.25/slf4j-api-1.7.25.jar:/home/user/.m2/repository/org/slf4j/jul-to-slf4j/1.7.25/jul-to-slf4j-1.7.25.jar:/home/user/.m2/repository/org/eclipse/jetty/jetty-util/9.3.25.v20180904/jetty-util-9.3.25.v20180904.jar:/home/user/.m2/repository/com/fasterxml/jackson/core/jackson-databind/2.9.9/jackson-databind-2.9.9.jar:/home/user/.m2/repository/org/apache/hadoop/hadoop-kms/3.2.0/hadoop-kms-3.2.0-tests.jar:/home/user/.m2/repository/org/apache/hadoop/hadoop-hdds-server-scm/0.5.0-SNAPSHOT/hadoop-hdds-server-scm-0.5.0-SNAPSHOT-tests.jar:/home/user/.m2/repository/org/apache/hadoop/hadoop-hdds-container-service/0.5.0-SNAPSHOT/hadoop-hdds-container-service-0.5.0-SNAPSHOT-tests.jar:/home/user/.m2/repository/org/yaml/snakeyaml/1.16/snakeyaml-1.16.jar:/home/user/.m2/repository/org/apache/hadoop/hadoop-common/3.2.0/hadoop-common-3.2.0-tests.jar:/home/user/.m2/repository/org/apache/hadoop/hadoop-annotations/3.2.0/hadoop-annotations-3.2.0.jar:/usr/lib/jvm/java-1.8-openjdk/jre/../lib/tools.jar:/home/user/.m2/repository/commons-cli/commons-cli/1.2/commons-cli-1.2.jar:/home/user/.m2/repository/org/apache/httpcomponents/httpclient/4.5.2/httpclient-4.5.2.jar:/home/user/.m2/repository/org/apache/httpcomponents/httpcore/4.4.4/httpcore-4.4.4.jar:/home/user/.m2/repository/commons-codec/commons-codec/1.11/commons-codec-1.11.jar:/home/user/.m2/repository/commons-net/commons-net/3.6/commons-net-3.6.jar:/home/user/.m2/repository/commons-collections/commons-collections/3.2.2/commons-collections-3.2.2.jar:/home/user/.m2/repository/org/eclipse/jetty/jetty-servlet/9.3.25.v20180904/jetty-servlet-9.3.25.v20180904.jar:/home/user/.m2/repository/org/eclipse/jetty/jetty-security/9.3.25.v20180904/jetty-security-9.3.25.v20180904.jar:/home/user/.m2/repository/javax/servlet/jsp/jsp-api/2.1/jsp-api-2.1.jar:/home/user/.m2/repository/com/sun/jersey/jersey-servlet/1.19/jersey-servlet-1.19.jar:/home/user/.m2/repository/com/sun/jersey/jersey-json/1.19/jersey-json-1.19.jar:/home/user/.m2/repository/org/codehaus/jettison/jettison/1.1/jettison-1.1.jar:/home/user/.m2/repository/org/codehaus/jackson/jackson-core-asl/1.9.13/jackson-core-asl-1.9.13.jar:/home/user/.m2/repository/org/codehaus/jackson/jackson-mapper-asl/1.9.13/jackson-mapper-asl-1.9.13.jar:/home/user/.m2/repository/org/codehaus/jackson/jackson-jaxrs/1.9.13/jackson-jaxrs-1.9.13.jar:/home/user/.m2/repository/org/codehaus/jackson/jackson-xc/1.9.13/jackson-xc-1.9.13.jar:/home/user/.m2/repository/commons-logging/commons-logging/1.1.3/commons-logging-1.1.3.jar:/home/user/.m2/repository/commons-beanutils/commons-beanutils/1.9.4/commons-beanutils-1.9.4.jar:/home/user/.m2/repository/org/apache/commons/commons-configuration2/2.1.1/commons-configuration2-2.1.1.jar:/home/user/.m2/repository/org/apache/commons/commons-lang3/3.7/commons-lang3-3.7.jar:/home/user/.m2/repository/org/apache/commons/commons-text/1.4/commons-text-1.4.jar:/home/user/.m2/repository/org/apache/avro/avro/1.7.7/avro-1.7.7.jar:/home/user/.m2/repository/com/thoughtworks/paranamer/paranamer/2.3/paranamer-2.3.jar:/home/user/.m2/repository/org/xerial/snappy/snappy-java/1.0.5/snappy-java-1.0.5.jar:/home/user/.m2/repository/com/google/re2j/re2j/1.1/re2j-1.1.jar:/home/user/.m2/repository/com/google/code/gson/gson/2.2.4/gson-2.2.4.jar:/home/user/.m2/repository/com/jcraft/jsch/0.1.54/jsch-0.1.54.jar:/home/user/.m2/repository/org/apache/curator/curator-client/2.12.0/curator-client-2.12.0.jar:/home/user/.m2/repository/org/apache/curator/curator-recipes/2.12.0/curator-recipes-2.12.0.jar:/home/user/.m2/repository/com/google/code/findbugs/jsr305/3.0.0/jsr305-3.0.0.jar:/home/user/.m2/repository/org/apache/htrace/htrace-core4/4.1.0-incubating/htrace-core4-4.1.0-incubating.jar:/home/user/.m2/repository/org/apache/zookeeper/zookeeper/3.4.13/zookeeper-3.4.13.jar:/home/user/.m2/repository/jline/jline/0.9.94/jline-0.9.94.jar:/home/user/.m2/repository/org/apache/yetus/audience-annotations/0.5.0/audience-annotations-0.5.0.jar:/home/user/.m2/repository/org/codehaus/woodstox/stax2-api/3.1.4/stax2-api-3.1.4.jar:/home/user/.m2/repository/com/fasterxml/woodstox/woodstox-core/5.0.3/woodstox-core-5.0.3.jar:/home/user/.m2/repository/dnsjava/dnsjava/2.1.7/dnsjava-2.1.7.jar:/home/user/.m2/repository/org/apache/hadoop/hadoop-hdfs/3.2.0/hadoop-hdfs-3.2.0-tests.jar:/home/user/.m2/repository/org/eclipse/jetty/jetty-util-ajax/9.3.25.v20180904/jetty-util-ajax-9.3.25.v20180904.jar:/home/user/.m2/repository/commons-daemon/commons-daemon/1.0.13/commons-daemon-1.0.13.jar:/home/user/.m2/repository/io/netty/netty/3.10.5.Final/netty-3.10.5.Final.jar:/home/user/.m2/repository/io/netty/netty-all/4.0.52.Final/netty-all-4.0.52.Final.jar:/home/user/.m2/repository/org/fusesource/leveldbjni/leveldbjni-all/1.8/leveldbjni-all-1.8.jar:"/>
    <property name="java.vm.vendor" value="IcedTea"/>
    <property name="sun.arch.data.model" value="64"/>
    <property name="test.build.dir" value="/workdir/hadoop-ozone/integration-test/target/test-dir"/>
    <property name="test.cache.data" value=""/>
    <property name="java.vendor.url" value="https://icedtea.classpath.org"/>
    <property name="user.timezone" value=""/>
    <property name="java.vm.specification.version" value="1.8"/>
    <property name="os.name" value="Linux"/>
    <property name="test.build.data" value="/workdir/hadoop-ozone/integration-test/target/test-dir"/>
    <property name="user.country" value="US"/>
    <property name="sun.java.launcher" value="SUN_STANDARD"/>
    <property name="sun.boot.library.path" value="/usr/lib/jvm/java-1.8-openjdk/jre/lib/amd64"/>
    <property name="sun.java.command" value="/workdir/hadoop-ozone/integration-test/target/surefire/surefirebooter5165197269647315793.jar /workdir/hadoop-ozone/integration-test/target/surefire 2019-10-10T02-54-53_777-jvmRun1 surefire5137251554254119111tmp surefire_411903984781477407322tmp"/>
    <property name="test" value="!TestMiniChaosOzoneCluster"/>
    <property name="surefire.test.class.path" value="/workdir/hadoop-ozone/integration-test/target/test-classes:/workdir/hadoop-ozone/integration-test/target/classes:/home/user/.m2/repository/org/apache/hadoop/hadoop-ozone-common/0.5.0-SNAPSHOT/hadoop-ozone-common-0.5.0-SNAPSHOT.jar:/home/user/.m2/repository/org/apache/commons/commons-compress/1.4.1/commons-compress-1.4.1.jar:/home/user/.m2/repository/org/tukaani/xz/1.0/xz-1.0.jar:/home/user/.m2/repository/org/apache/hadoop/hadoop-common/3.2.0/hadoop-common-3.2.0.jar:/home/user/.m2/repository/org/apache/hadoop/hadoop-hdfs/3.2.0/hadoop-hdfs-3.2.0.jar:/home/user/.m2/repository/org/apache/hadoop/hadoop-hdfs-client/3.2.0/hadoop-hdfs-client-3.2.0.jar:/home/user/.m2/repository/com/fasterxml/jackson/core/jackson-annotations/2.9.9/jackson-annotations-2.9.9.jar:/home/user/.m2/repository/org/apache/hadoop/hadoop-hdds-common/0.5.0-SNAPSHOT/hadoop-hdds-common-0.5.0-SNAPSHOT.jar:/home/user/.m2/repository/javax/annotation/javax.annotation-api/1.2/javax.annotation-api-1.2.jar:/home/user/.m2/repository/org/apache/ratis/ratis-server/0.4.0/ratis-server-0.4.0.jar:/home/user/.m2/repository/org/apache/ratis/ratis-thirdparty-misc/0.2.0/ratis-thirdparty-misc-0.2.0.jar:/home/user/.m2/repository/org/apache/ratis/ratis-proto/0.4.0/ratis-proto-0.4.0.jar:/home/user/.m2/repository/org/apache/ratis/ratis-common/0.4.0/ratis-common-0.4.0.jar:/home/user/.m2/repository/org/apache/ratis/ratis-client/0.4.0/ratis-client-0.4.0.jar:/home/user/.m2/repository/org/apache/ratis/ratis-metrics/0.4.0/ratis-metrics-0.4.0.jar:/home/user/.m2/repository/com/github/joshelser/dropwizard-metrics-hadoop-metrics2-reporter/0.1.2/dropwizard-metrics-hadoop-metrics2-reporter-0.1.2.jar:/home/user/.m2/repository/io/dropwizard/metrics/metrics-jvm/3.2.5/metrics-jvm-3.2.5.jar:/home/user/.m2/repository/io/dropwizard/metrics/metrics-ganglia/3.2.5/metrics-ganglia-3.2.5.jar:/home/user/.m2/repository/info/ganglia/gmetric4j/gmetric4j/1.0.7/gmetric4j-1.0.7.jar:/home/user/.m2/repository/org/apache/ratis/ratis-netty/0.4.0/ratis-netty-0.4.0.jar:/home/user/.m2/repository/org/apache/ratis/ratis-grpc/0.4.0/ratis-grpc-0.4.0.jar:/home/user/.m2/repository/org/rocksdb/rocksdbjni/6.0.1/rocksdbjni-6.0.1.jar:/home/user/.m2/repository/org/apache/logging/log4j/log4j-api/2.11.0/log4j-api-2.11.0.jar:/home/user/.m2/repository/org/apache/logging/log4j/log4j-core/2.11.0/log4j-core-2.11.0.jar:/home/user/.m2/repository/com/lmax/disruptor/3.4.2/disruptor-3.4.2.jar:/home/user/.m2/repository/org/apache/commons/commons-pool2/2.6.0/commons-pool2-2.6.0.jar:/home/user/.m2/repository/org/bouncycastle/bcpkix-jdk15on/1.60/bcpkix-jdk15on-1.60.jar:/home/user/.m2/repository/commons-validator/commons-validator/1.6/commons-validator-1.6.jar:/home/user/.m2/repository/commons-digester/commons-digester/1.8.1/commons-digester-1.8.1.jar:/home/user/.m2/repository/io/jaegertracing/jaeger-client/0.34.0/jaeger-client-0.34.0.jar:/home/user/.m2/repository/io/jaegertracing/jaeger-thrift/0.34.0/jaeger-thrift-0.34.0.jar:/home/user/.m2/repository/org/apache/thrift/libthrift/0.12.0/libthrift-0.12.0.jar:/home/user/.m2/repository/com/squareup/okhttp3/okhttp/3.9.0/okhttp-3.9.0.jar:/home/user/.m2/repository/com/squareup/okio/okio/1.13.0/okio-1.13.0.jar:/home/user/.m2/repository/io/jaegertracing/jaeger-core/0.34.0/jaeger-core-0.34.0.jar:/home/user/.m2/repository/io/jaegertracing/jaeger-tracerresolver/0.34.0/jaeger-tracerresolver-0.34.0.jar:/home/user/.m2/repository/io/opentracing/contrib/opentracing-tracerresolver/0.1.5/opentracing-tracerresolver-0.1.5.jar:/home/user/.m2/repository/io/opentracing/opentracing-util/0.31.0/opentracing-util-0.31.0.jar:/home/user/.m2/repository/io/opentracing/opentracing-api/0.31.0/opentracing-api-0.31.0.jar:/home/user/.m2/repository/io/opentracing/opentracing-noop/0.31.0/opentracing-noop-0.31.0.jar:/home/user/.m2/repository/org/apache/hadoop/hadoop-hdds-server-framework/0.5.0-SNAPSHOT/hadoop-hdds-server-framework-0.5.0-SNAPSHOT.jar:/home/user/.m2/repository/org/apache/hadoop/hadoop-hdds-container-service/0.5.0-SNAPSHOT/hadoop-hdds-container-service-0.5.0-SNAPSHOT.jar:/home/user/.m2/repository/org/apache/hadoop/hadoop-hdds-client/0.5.0-SNAPSHOT/hadoop-hdds-client-0.5.0-SNAPSHOT.jar:/home/user/.m2/repository/org/apache/hadoop/hadoop-hdds-tools/0.5.0-SNAPSHOT/hadoop-hdds-tools-0.5.0-SNAPSHOT.jar:/home/user/.m2/repository/org/apache/hadoop/hadoop-hdds-server-scm/0.5.0-SNAPSHOT/hadoop-hdds-server-scm-0.5.0-SNAPSHOT.jar:/home/user/.m2/repository/org/apache/hadoop/hadoop-hdds-docs/0.5.0-SNAPSHOT/hadoop-hdds-docs-0.5.0-SNAPSHOT.jar:/home/user/.m2/repository/io/dropwizard/metrics/metrics-core/3.2.4/metrics-core-3.2.4.jar:/home/user/.m2/repository/org/hamcrest/hamcrest-all/1.3/hamcrest-all-1.3.jar:/home/user/.m2/repository/org/bouncycastle/bcprov-jdk15on/1.60/bcprov-jdk15on-1.60.jar:/home/user/.m2/repository/info/picocli/picocli/3.9.6/picocli-3.9.6.jar:/home/user/.m2/repository/com/google/protobuf/protobuf-java/2.5.0/protobuf-java-2.5.0.jar:/home/user/.m2/repository/com/google/guava/guava/11.0.2/guava-11.0.2.jar:/home/user/.m2/repository/org/apache/hadoop/hadoop-ozone-ozone-manager/0.5.0-SNAPSHOT/hadoop-ozone-ozone-manager-0.5.0-SNAPSHOT.jar:/home/user/.m2/repository/org/apache/hadoop/hadoop-minikdc/3.2.0/hadoop-minikdc-3.2.0.jar:/home/user/.m2/repository/commons-io/commons-io/2.5/commons-io-2.5.jar:/home/user/.m2/repository/org/apache/kerby/kerb-simplekdc/1.0.1/kerb-simplekdc-1.0.1.jar:/home/user/.m2/repository/org/apache/kerby/kerb-client/1.0.1/kerb-client-1.0.1.jar:/home/user/.m2/repository/org/apache/kerby/kerby-config/1.0.1/kerby-config-1.0.1.jar:/home/user/.m2/repository/org/apache/kerby/kerb-core/1.0.1/kerb-core-1.0.1.jar:/home/user/.m2/repository/org/apache/kerby/kerby-pkix/1.0.1/kerby-pkix-1.0.1.jar:/home/user/.m2/repository/org/apache/kerby/kerby-asn1/1.0.1/kerby-asn1-1.0.1.jar:/home/user/.m2/repository/org/apache/kerby/kerby-util/1.0.1/kerby-util-1.0.1.jar:/home/user/.m2/repository/org/apache/kerby/kerb-common/1.0.1/kerb-common-1.0.1.jar:/home/user/.m2/repository/org/apache/kerby/kerb-crypto/1.0.1/kerb-crypto-1.0.1.jar:/home/user/.m2/repository/org/apache/kerby/kerb-util/1.0.1/kerb-util-1.0.1.jar:/home/user/.m2/repository/org/apache/kerby/token-provider/1.0.1/token-provider-1.0.1.jar:/home/user/.m2/repository/org/apache/kerby/kerb-admin/1.0.1/kerb-admin-1.0.1.jar:/home/user/.m2/repository/org/apache/kerby/kerb-server/1.0.1/kerb-server-1.0.1.jar:/home/user/.m2/repository/org/apache/kerby/kerb-identity/1.0.1/kerb-identity-1.0.1.jar:/home/user/.m2/repository/org/apache/kerby/kerby-xdr/1.0.1/kerby-xdr-1.0.1.jar:/home/user/.m2/repository/org/slf4j/slf4j-log4j12/1.7.25/slf4j-log4j12-1.7.25.jar:/home/user/.m2/repository/org/apache/hadoop/hadoop-ozone-s3gateway/0.5.0-SNAPSHOT/hadoop-ozone-s3gateway-0.5.0-SNAPSHOT.jar:/home/user/.m2/repository/org/jboss/weld/servlet/weld-servlet/2.4.7.Final/weld-servlet-2.4.7.Final.jar:/home/user/.m2/repository/org/glassfish/jersey/containers/jersey-container-servlet-core/2.27/jersey-container-servlet-core-2.27.jar:/home/user/.m2/repository/org/glassfish/hk2/external/javax.inject/2.5.0-b42/javax.inject-2.5.0-b42.jar:/home/user/.m2/repository/org/glassfish/jersey/core/jersey-common/2.27/jersey-common-2.27.jar:/home/user/.m2/repository/org/glassfish/hk2/osgi-resource-locator/1.0.1/osgi-resource-locator-1.0.1.jar:/home/user/.m2/repository/javax/ws/rs/javax.ws.rs-api/2.1/javax.ws.rs-api-2.1.jar:/home/user/.m2/repository/org/glassfish/jersey/ext/cdi/jersey-cdi1x/2.27/jersey-cdi1x-2.27.jar:/home/user/.m2/repository/org/glassfish/jersey/inject/jersey-hk2/2.27/jersey-hk2-2.27.jar:/home/user/.m2/repository/org/glassfish/hk2/hk2-locator/2.5.0-b42/hk2-locator-2.5.0-b42.jar:/home/user/.m2/repository/org/javassist/javassist/3.22.0-CR2/javassist-3.22.0-CR2.jar:/home/user/.m2/repository/org/glassfish/hk2/hk2-api/2.5.0/hk2-api-2.5.0.jar:/home/user/.m2/repository/org/glassfish/hk2/external/jakarta.inject/2.5.0/jakarta.inject-2.5.0.jar:/home/user/.m2/repository/org/glassfish/hk2/hk2-utils/2.5.0/hk2-utils-2.5.0.jar:/home/user/.m2/repository/jakarta/annotation/jakarta.annotation-api/1.3.4/jakarta.annotation-api-1.3.4.jar:/home/user/.m2/repository/org/glassfish/hk2/external/aopalliance-repackaged/2.5.0/aopalliance-repackaged-2.5.0.jar:/home/user/.m2/repository/com/fasterxml/jackson/dataformat/jackson-dataformat-xml/2.9.0/jackson-dataformat-xml-2.9.0.jar:/home/user/.m2/repository/com/fasterxml/jackson/core/jackson-core/2.9.9/jackson-core-2.9.9.jar:/home/user/.m2/repository/com/fasterxml/jackson/module/jackson-module-jaxb-annotations/2.9.9/jackson-module-jaxb-annotations-2.9.9.jar:/home/user/.m2/repository/javax/enterprise/cdi-api/1.2/cdi-api-1.2.jar:/home/user/.m2/repository/javax/el/javax.el-api/3.0.0/javax.el-api-3.0.0.jar:/home/user/.m2/repository/javax/interceptor/javax.interceptor-api/1.2/javax.interceptor-api-1.2.jar:/home/user/.m2/repository/javax/inject/javax.inject/1/javax.inject-1.jar:/home/user/.m2/repository/com/sun/xml/bind/jaxb-impl/2.3.0.1/jaxb-impl-2.3.0.1.jar:/home/user/.m2/repository/com/sun/xml/bind/jaxb-core/2.3.0.1/jaxb-core-2.3.0.1.jar:/home/user/.m2/repository/javax/xml/bind/jaxb-api/2.3.0/jaxb-api-2.3.0.jar:/home/user/.m2/repository/javax/activation/activation/1.1.1/activation-1.1.1.jar:/home/user/.m2/repository/org/apache/hadoop/hadoop-ozone-csi/0.5.0-SNAPSHOT/hadoop-ozone-csi-0.5.0-SNAPSHOT.jar:/home/user/.m2/repository/com/google/protobuf/protobuf-java-util/3.5.1/protobuf-java-util-3.5.1.jar:/home/user/.m2/repository/org/apache/hadoop/hadoop-hdds-config/0.5.0-SNAPSHOT/hadoop-hdds-config-0.5.0-SNAPSHOT.jar:/home/user/.m2/repository/io/grpc/grpc-netty/1.17.1/grpc-netty-1.17.1.jar:/home/user/.m2/repository/io/grpc/grpc-core/1.17.1/grpc-core-1.17.1.jar:/home/user/.m2/repository/io/grpc/grpc-context/1.17.1/grpc-context-1.17.1.jar:/home/user/.m2/repository/com/google/errorprone/error_prone_annotations/2.2.0/error_prone_annotations-2.2.0.jar:/home/user/.m2/repository/org/codehaus/mojo/animal-sniffer-annotations/1.17/animal-sniffer-annotations-1.17.jar:/home/user/.m2/repository/io/opencensus/opencensus-api/0.17.0/opencensus-api-0.17.0.jar:/home/user/.m2/repository/io/opencensus/opencensus-contrib-grpc-metrics/0.17.0/opencensus-contrib-grpc-metrics-0.17.0.jar:/home/user/.m2/repository/io/netty/netty-codec-http2/4.1.30.Final/netty-codec-http2-4.1.30.Final.jar:/home/user/.m2/repository/io/netty/netty-codec-http/4.1.30.Final/netty-codec-http-4.1.30.Final.jar:/home/user/.m2/repository/io/netty/netty-codec/4.1.30.Final/netty-codec-4.1.30.Final.jar:/home/user/.m2/repository/io/netty/netty-handler/4.1.30.Final/netty-handler-4.1.30.Final.jar:/home/user/.m2/repository/io/netty/netty-handler-proxy/4.1.30.Final/netty-handler-proxy-4.1.30.Final.jar:/home/user/.m2/repository/io/netty/netty-codec-socks/4.1.30.Final/netty-codec-socks-4.1.30.Final.jar:/home/user/.m2/repository/io/netty/netty-transport-native-epoll/4.1.30.Final/netty-transport-native-epoll-4.1.30.Final.jar:/home/user/.m2/repository/io/netty/netty-common/4.1.30.Final/netty-common-4.1.30.Final.jar:/home/user/.m2/repository/io/netty/netty-buffer/4.1.30.Final/netty-buffer-4.1.30.Final.jar:/home/user/.m2/repository/io/netty/netty-transport/4.1.30.Final/netty-transport-4.1.30.Final.jar:/home/user/.m2/repository/io/netty/netty-resolver/4.1.30.Final/netty-resolver-4.1.30.Final.jar:/home/user/.m2/repository/io/netty/netty-transport-native-unix-common/4.1.30.Final/netty-transport-native-unix-common-4.1.30.Final.jar:/home/user/.m2/repository/io/grpc/grpc-protobuf/1.17.1/grpc-protobuf-1.17.1.jar:/home/user/.m2/repository/com/google/api/grpc/proto-google-common-protos/1.0.0/proto-google-common-protos-1.0.0.jar:/home/user/.m2/repository/io/grpc/grpc-protobuf-lite/1.17.1/grpc-protobuf-lite-1.17.1.jar:/home/user/.m2/repository/io/grpc/grpc-stub/1.17.1/grpc-stub-1.17.1.jar:/home/user/.m2/repository/org/apache/hadoop/hadoop-ozone-recon/0.5.0-SNAPSHOT/hadoop-ozone-recon-0.5.0-SNAPSHOT.jar:/home/user/.m2/repository/org/apache/hadoop/hadoop-ozone-reconcodegen/0.5.0-SNAPSHOT/hadoop-ozone-reconcodegen-0.5.0-SNAPSHOT.jar:/home/user/.m2/repository/com/google/inject/extensions/guice-multibindings/4.0/guice-multibindings-4.0.jar:/home/user/.m2/repository/com/google/inject/guice/4.0/guice-4.0.jar:/home/user/.m2/repository/aopalliance/aopalliance/1.0/aopalliance-1.0.jar:/home/user/.m2/repository/com/google/inject/extensions/guice-servlet/4.0/guice-servlet-4.0.jar:/home/user/.m2/repository/org/glassfish/jersey/containers/jersey-container-servlet/2.27/jersey-container-servlet-2.27.jar:/home/user/.m2/repository/org/glassfish/hk2/guice-bridge/2.5.0/guice-bridge-2.5.0.jar:/home/user/.m2/repository/org/glassfish/jersey/core/jersey-server/2.27/jersey-server-2.27.jar:/home/user/.m2/repository/org/glassfish/jersey/core/jersey-client/2.27/jersey-client-2.27.jar:/home/user/.m2/repository/org/glassfish/jersey/media/jersey-media-jaxb/2.27/jersey-media-jaxb-2.27.jar:/home/user/.m2/repository/javax/validation/validation-api/1.1.0.Final/validation-api-1.1.0.Final.jar:/home/user/.m2/repository/org/glassfish/jersey/media/jersey-media-json-jackson/2.27/jersey-media-json-jackson-2.27.jar:/home/user/.m2/repository/org/glassfish/jersey/ext/jersey-entity-filtering/2.27/jersey-entity-filtering-2.27.jar:/home/user/.m2/repository/com/google/inject/extensions/guice-assistedinject/4.0/guice-assistedinject-4.0.jar:/home/user/.m2/repository/org/jooq/jooq/3.11.10/jooq-3.11.10.jar:/home/user/.m2/repository/org/jooq/jooq-meta/3.11.10/jooq-meta-3.11.10.jar:/home/user/.m2/repository/org/jooq/jooq-codegen/3.11.10/jooq-codegen-3.11.10.jar:/home/user/.m2/repository/com/jolbox/bonecp/0.8.0.RELEASE/bonecp-0.8.0.RELEASE.jar:/home/user/.m2/repository/org/xerial/sqlite-jdbc/3.25.2/sqlite-jdbc-3.25.2.jar:/home/user/.m2/repository/org/springframework/spring-jdbc/5.1.3.RELEASE/spring-jdbc-5.1.3.RELEASE.jar:/home/user/.m2/repository/org/springframework/spring-beans/5.1.3.RELEASE/spring-beans-5.1.3.RELEASE.jar:/home/user/.m2/repository/org/springframework/spring-core/5.1.3.RELEASE/spring-core-5.1.3.RELEASE.jar:/home/user/.m2/repository/org/springframework/spring-jcl/5.1.3.RELEASE/spring-jcl-5.1.3.RELEASE.jar:/home/user/.m2/repository/org/springframework/spring-tx/5.1.3.RELEASE/spring-tx-5.1.3.RELEASE.jar:/home/user/.m2/repository/org/apache/hadoop/hadoop-ozone-client/0.5.0-SNAPSHOT/hadoop-ozone-client-0.5.0-SNAPSHOT.jar:/home/user/.m2/repository/commons-lang/commons-lang/2.6/commons-lang-2.6.jar:/home/user/.m2/repository/org/apache/hadoop/hadoop-ozone-ozone-manager/0.5.0-SNAPSHOT/hadoop-ozone-ozone-manager-0.5.0-SNAPSHOT-tests.jar:/home/user/.m2/repository/junit/junit/4.11/junit-4.11.jar:/home/user/.m2/repository/org/hamcrest/hamcrest-core/1.3/hamcrest-core-1.3.jar:/home/user/.m2/repository/org/openjdk/jmh/jmh-core/1.19/jmh-core-1.19.jar:/home/user/.m2/repository/net/sf/jopt-simple/jopt-simple/4.6/jopt-simple-4.6.jar:/home/user/.m2/repository/org/apache/commons/commons-math3/3.1.1/commons-math3-3.1.1.jar:/home/user/.m2/repository/org/openjdk/jmh/jmh-generator-annprocess/1.19/jmh-generator-annprocess-1.19.jar:/home/user/.m2/repository/org/mockito/mockito-all/1.8.5/mockito-all-1.8.5.jar:/home/user/.m2/repository/org/apache/hadoop/hadoop-kms/3.2.0/hadoop-kms-3.2.0.jar:/home/user/.m2/repository/org/apache/hadoop/hadoop-auth/3.2.0/hadoop-auth-3.2.0.jar:/home/user/.m2/repository/com/nimbusds/nimbus-jose-jwt/4.41.1/nimbus-jose-jwt-4.41.1.jar:/home/user/.m2/repository/com/github/stephenc/jcip/jcip-annotations/1.0-1/jcip-annotations-1.0-1.jar:/home/user/.m2/repository/net/minidev/json-smart/2.3/json-smart-2.3.jar:/home/user/.m2/repository/net/minidev/accessors-smart/1.2/accessors-smart-1.2.jar:/home/user/.m2/repository/org/ow2/asm/asm/5.0.4/asm-5.0.4.jar:/home/user/.m2/repository/org/apache/curator/curator-framework/2.12.0/curator-framework-2.12.0.jar:/home/user/.m2/repository/com/sun/jersey/jersey-core/1.19/jersey-core-1.19.jar:/home/user/.m2/repository/javax/ws/rs/jsr311-api/1.1.1/jsr311-api-1.1.1.jar:/home/user/.m2/repository/com/sun/jersey/jersey-server/1.19/jersey-server-1.19.jar:/home/user/.m2/repository/javax/servlet/javax.servlet-api/3.1.0/javax.servlet-api-3.1.0.jar:/home/user/.m2/repository/org/eclipse/jetty/jetty-server/9.3.25.v20180904/jetty-server-9.3.25.v20180904.jar:/home/user/.m2/repository/org/eclipse/jetty/jetty-http/9.3.25.v20180904/jetty-http-9.3.25.v20180904.jar:/home/user/.m2/repository/org/eclipse/jetty/jetty-io/9.3.25.v20180904/jetty-io-9.3.25.v20180904.jar:/home/user/.m2/repository/org/eclipse/jetty/jetty-webapp/9.3.25.v20180904/jetty-webapp-9.3.25.v20180904.jar:/home/user/.m2/repository/org/eclipse/jetty/jetty-xml/9.3.25.v20180904/jetty-xml-9.3.25.v20180904.jar:/home/user/.m2/repository/log4j/log4j/1.2.17/log4j-1.2.17.jar:/home/user/.m2/repository/org/slf4j/slf4j-api/1.7.25/slf4j-api-1.7.25.jar:/home/user/.m2/repository/org/slf4j/jul-to-slf4j/1.7.25/jul-to-slf4j-1.7.25.jar:/home/user/.m2/repository/org/eclipse/jetty/jetty-util/9.3.25.v20180904/jetty-util-9.3.25.v20180904.jar:/home/user/.m2/repository/com/fasterxml/jackson/core/jackson-databind/2.9.9/jackson-databind-2.9.9.jar:/home/user/.m2/repository/org/apache/hadoop/hadoop-kms/3.2.0/hadoop-kms-3.2.0-tests.jar:/home/user/.m2/repository/org/apache/hadoop/hadoop-hdds-server-scm/0.5.0-SNAPSHOT/hadoop-hdds-server-scm-0.5.0-SNAPSHOT-tests.jar:/home/user/.m2/repository/org/apache/hadoop/hadoop-hdds-container-service/0.5.0-SNAPSHOT/hadoop-hdds-container-service-0.5.0-SNAPSHOT-tests.jar:/home/user/.m2/repository/org/yaml/snakeyaml/1.16/snakeyaml-1.16.jar:/home/user/.m2/repository/org/apache/hadoop/hadoop-common/3.2.0/hadoop-common-3.2.0-tests.jar:/home/user/.m2/repository/org/apache/hadoop/hadoop-annotations/3.2.0/hadoop-annotations-3.2.0.jar:/usr/lib/jvm/java-1.8-openjdk/jre/../lib/tools.jar:/home/user/.m2/repository/commons-cli/commons-cli/1.2/commons-cli-1.2.jar:/home/user/.m2/repository/org/apache/httpcomponents/httpclient/4.5.2/httpclient-4.5.2.jar:/home/user/.m2/repository/org/apache/httpcomponents/httpcore/4.4.4/httpcore-4.4.4.jar:/home/user/.m2/repository/commons-codec/commons-codec/1.11/commons-codec-1.11.jar:/home/user/.m2/repository/commons-net/commons-net/3.6/commons-net-3.6.jar:/home/user/.m2/repository/commons-collections/commons-collections/3.2.2/commons-collections-3.2.2.jar:/home/user/.m2/repository/org/eclipse/jetty/jetty-servlet/9.3.25.v20180904/jetty-servlet-9.3.25.v20180904.jar:/home/user/.m2/repository/org/eclipse/jetty/jetty-security/9.3.25.v20180904/jetty-security-9.3.25.v20180904.jar:/home/user/.m2/repository/javax/servlet/jsp/jsp-api/2.1/jsp-api-2.1.jar:/home/user/.m2/repository/com/sun/jersey/jersey-servlet/1.19/jersey-servlet-1.19.jar:/home/user/.m2/repository/com/sun/jersey/jersey-json/1.19/jersey-json-1.19.jar:/home/user/.m2/repository/org/codehaus/jettison/jettison/1.1/jettison-1.1.jar:/home/user/.m2/repository/org/codehaus/jackson/jackson-core-asl/1.9.13/jackson-core-asl-1.9.13.jar:/home/user/.m2/repository/org/codehaus/jackson/jackson-mapper-asl/1.9.13/jackson-mapper-asl-1.9.13.jar:/home/user/.m2/repository/org/codehaus/jackson/jackson-jaxrs/1.9.13/jackson-jaxrs-1.9.13.jar:/home/user/.m2/repository/org/codehaus/jackson/jackson-xc/1.9.13/jackson-xc-1.9.13.jar:/home/user/.m2/repository/commons-logging/commons-logging/1.1.3/commons-logging-1.1.3.jar:/home/user/.m2/repository/commons-beanutils/commons-beanutils/1.9.4/commons-beanutils-1.9.4.jar:/home/user/.m2/repository/org/apache/commons/commons-configuration2/2.1.1/commons-configuration2-2.1.1.jar:/home/user/.m2/repository/org/apache/commons/commons-lang3/3.7/commons-lang3-3.7.jar:/home/user/.m2/repository/org/apache/commons/commons-text/1.4/commons-text-1.4.jar:/home/user/.m2/repository/org/apache/avro/avro/1.7.7/avro-1.7.7.jar:/home/user/.m2/repository/com/thoughtworks/paranamer/paranamer/2.3/paranamer-2.3.jar:/home/user/.m2/repository/org/xerial/snappy/snappy-java/1.0.5/snappy-java-1.0.5.jar:/home/user/.m2/repository/com/google/re2j/re2j/1.1/re2j-1.1.jar:/home/user/.m2/repository/com/google/code/gson/gson/2.2.4/gson-2.2.4.jar:/home/user/.m2/repository/com/jcraft/jsch/0.1.54/jsch-0.1.54.jar:/home/user/.m2/repository/org/apache/curator/curator-client/2.12.0/curator-client-2.12.0.jar:/home/user/.m2/repository/org/apache/curator/curator-recipes/2.12.0/curator-recipes-2.12.0.jar:/home/user/.m2/repository/com/google/code/findbugs/jsr305/3.0.0/jsr305-3.0.0.jar:/home/user/.m2/repository/org/apache/htrace/htrace-core4/4.1.0-incubating/htrace-core4-4.1.0-incubating.jar:/home/user/.m2/repository/org/apache/zookeeper/zookeeper/3.4.13/zookeeper-3.4.13.jar:/home/user/.m2/repository/jline/jline/0.9.94/jline-0.9.94.jar:/home/user/.m2/repository/org/apache/yetus/audience-annotations/0.5.0/audience-annotations-0.5.0.jar:/home/user/.m2/repository/org/codehaus/woodstox/stax2-api/3.1.4/stax2-api-3.1.4.jar:/home/user/.m2/repository/com/fasterxml/woodstox/woodstox-core/5.0.3/woodstox-core-5.0.3.jar:/home/user/.m2/repository/dnsjava/dnsjava/2.1.7/dnsjava-2.1.7.jar:/home/user/.m2/repository/org/apache/hadoop/hadoop-hdfs/3.2.0/hadoop-hdfs-3.2.0-tests.jar:/home/user/.m2/repository/org/eclipse/jetty/jetty-util-ajax/9.3.25.v20180904/jetty-util-ajax-9.3.25.v20180904.jar:/home/user/.m2/repository/commons-daemon/commons-daemon/1.0.13/commons-daemon-1.0.13.jar:/home/user/.m2/repository/io/netty/netty/3.10.5.Final/netty-3.10.5.Final.jar:/home/user/.m2/repository/io/netty/netty-all/4.0.52.Final/netty-all-4.0.52.Final.jar:/home/user/.m2/repository/org/fusesource/leveldbjni/leveldbjni-all/1.8/leveldbjni-all-1.8.jar:"/>
    <property name="sun.cpu.endian" value="little"/>
    <property name="user.home" value="/home/user"/>
    <property name="user.language" value="en"/>
    <property name="java.specification.vendor" value="Oracle Corporation"/>
    <property name="java.home" value="/usr/lib/jvm/java-1.8-openjdk/jre"/>
    <property name="java.security.krb5.conf" value="/workdir/hadoop-ozone/integration-test/target/test-classes/krb5.conf"/>
    <property name="basedir" value="/workdir/hadoop-ozone/integration-test"/>
    <property name="file.separator" value="/"/>
    <property name="line.separator" value="&#10;"/>
    <property name="java.vm.specification.vendor" value="Oracle Corporation"/>
    <property name="java.specification.name" value="Java Platform API Specification"/>
    <property name="java.awt.graphicsenv" value="sun.awt.X11GraphicsEnvironment"/>
    <property name="surefire.real.class.path" value="/workdir/hadoop-ozone/integration-test/target/surefire/surefirebooter5165197269647315793.jar"/>
    <property name="hadoop.log.dir" value="/workdir/hadoop-ozone/integration-test/target/log"/>
    <property name="sun.boot.class.path" value="/usr/lib/jvm/java-1.8-openjdk/jre/lib/resources.jar:/usr/lib/jvm/java-1.8-openjdk/jre/lib/rt.jar:/usr/lib/jvm/java-1.8-openjdk/jre/lib/sunrsasign.jar:/usr/lib/jvm/java-1.8-openjdk/jre/lib/jsse.jar:/usr/lib/jvm/java-1.8-openjdk/jre/lib/jce.jar:/usr/lib/jvm/java-1.8-openjdk/jre/lib/charsets.jar:/usr/lib/jvm/java-1.8-openjdk/jre/lib/jfr.jar:/usr/lib/jvm/java-1.8-openjdk/jre/classes"/>
    <property name="sun.management.compiler" value="HotSpot 64-Bit Tiered Compilers"/>
    <property name="java.runtime.version" value="1.8.0_212-b04"/>
    <property name="java.net.preferIPv4Stack" value="true"/>
    <property name="user.name" value="jenkins1000"/>
    <property name="path.separator" value=":"/>
    <property name="java.security.egd" value="file:///dev/urandom"/>
    <property name="os.version" value="3.10.0-957.12.2.el7.x86_64"/>
    <property name="java.endorsed.dirs" value="/usr/lib/jvm/java-1.8-openjdk/jre/lib/endorsed"/>
    <property name="java.runtime.name" value="OpenJDK Runtime Environment"/>
    <property name="file.encoding" value="UTF-8"/>
    <property name="java.vm.name" value="OpenJDK 64-Bit Server VM"/>
    <property name="test.build.webapps" value=""/>
    <property name="localRepository" value="/home/user/.m2/repository"/>
    <property name="java.vendor.url.bug" value="https://icedtea.classpath.org/bugzilla"/>
    <property name="java.io.tmpdir" value="/tmp"/>
    <property name="require.test.libhadoop" value=""/>
    <property name="java.version" value="1.8.0_212"/>
    <property name="user.dir" value="/workdir/hadoop-ozone/integration-test"/>
    <property name="os.arch" value="amd64"/>
    <property name="java.vm.specification.name" value="Java Virtual Machine Specification"/>
    <property name="test.build.classes" value="/workdir/hadoop-ozone/integration-test/target/test-classes"/>
    <property name="java.awt.printerjob" value="sun.print.PSPrinterJob"/>
    <property name="sun.os.patch.level" value="unknown"/>
    <property name="hadoop.tmp.dir" value="/workdir/hadoop-ozone/integration-test/target/tmp"/>
    <property name="java.library.path" value="/usr/lib/jvm/java-1.8-openjdk/jre/lib/amd64/server:/usr/lib/jvm/java-1.8-openjdk/jre/lib/amd64:/usr/lib/jvm/java-1.8-openjdk/jre/../lib/amd64:/workdir/hadoop-ozone/integration-test/target/native/target/usr/local/lib:/workdir/hadoop-ozone/integration-test/../../hadoop-common-project/hadoop-common/target/native/target/usr/local/lib:/usr/java/packages/lib/amd64:/usr/lib64:/lib64:/lib:/usr/lib"/>
    <property name="java.vm.info" value="mixed mode"/>
    <property name="java.vendor" value="IcedTea"/>
    <property name="java.vm.version" value="25.212-b04"/>
    <property name="java.ext.dirs" value="/usr/lib/jvm/java-1.8-openjdk/jre/lib/ext:/usr/java/packages/lib/ext"/>
    <property name="sun.io.unicode.encoding" value="UnicodeLittle"/>
    <property name="java.class.version" value="52.0"/>
  </properties>
  <testcase name="testReleaseBuffers" classname="org.apache.hadoop.ozone.client.rpc.TestCommitWatcher" time="10.38"/>
  <testcase name="testReleaseBuffersOnException" classname="org.apache.hadoop.ozone.client.rpc.TestCommitWatcher" time="10.852">
    <failure type="java.lang.AssertionError">java.lang.AssertionError
	at org.junit.Assert.fail(Assert.java:86)
	at org.junit.Assert.assertTrue(Assert.java:41)
	at org.junit.Assert.assertTrue(Assert.java:52)
	at org.apache.hadoop.ozone.client.rpc.TestCommitWatcher.testReleaseBuffersOnException(TestCommitWatcher.java:284)
	at sun.reflect.NativeMethodAccessorImpl.invoke0(Native Method)
	at sun.reflect.NativeMethodAccessorImpl.invoke(NativeMethodAccessorImpl.java:62)
	at sun.reflect.DelegatingMethodAccessorImpl.invoke(DelegatingMethodAccessorImpl.java:43)
	at java.lang.reflect.Method.invoke(Method.java:498)
	at org.junit.runners.model.FrameworkMethod$1.runReflectiveCall(FrameworkMethod.java:47)
	at org.junit.internal.runners.model.ReflectiveCallable.run(ReflectiveCallable.java:12)
	at org.junit.runners.model.FrameworkMethod.invokeExplosively(FrameworkMethod.java:44)
	at org.junit.internal.runners.statements.InvokeMethod.evaluate(InvokeMethod.java:17)
	at org.junit.runners.ParentRunner.runLeaf(ParentRunner.java:271)
	at org.junit.runners.BlockJUnit4ClassRunner.runChild(BlockJUnit4ClassRunner.java:70)
	at org.junit.runners.BlockJUnit4ClassRunner.runChild(BlockJUnit4ClassRunner.java:50)
	at org.junit.runners.ParentRunner$3.run(ParentRunner.java:238)
	at org.junit.runners.ParentRunner$1.schedule(ParentRunner.java:63)
	at org.junit.runners.ParentRunner.runChildren(ParentRunner.java:236)
	at org.junit.runners.ParentRunner.access$000(ParentRunner.java:53)
	at org.junit.runners.ParentRunner$2.evaluate(ParentRunner.java:229)
	at org.junit.internal.runners.statements.RunBefores.evaluate(RunBefores.java:26)
	at org.junit.internal.runners.statements.RunAfters.evaluate(RunAfters.java:27)
	at org.junit.runners.ParentRunner.run(ParentRunner.java:309)
	at org.apache.maven.surefire.junit4.JUnit4Provider.execute(JUnit4Provider.java:365)
	at org.apache.maven.surefire.junit4.JUnit4Provider.executeWithRerun(JUnit4Provider.java:273)
	at org.apache.maven.surefire.junit4.JUnit4Provider.executeTestSet(JUnit4Provider.java:238)
	at org.apache.maven.surefire.junit4.JUnit4Provider.invoke(JUnit4Provider.java:159)
	at org.apache.maven.surefire.booter.ForkedBooter.invokeProviderInSameClassLoader(ForkedBooter.java:384)
	at org.apache.maven.surefire.booter.ForkedBooter.runSuitesInProcess(ForkedBooter.java:345)
	at org.apache.maven.surefire.booter.ForkedBooter.execute(ForkedBooter.java:126)
	at org.apache.maven.surefire.booter.ForkedBooter.main(ForkedBooter.java:418)
</failure>
    <system-out><![CDATA[2019-10-10 03:24:25,847 [pool-46-thread-5] WARN  impl.ChunkManagerImpl (ChunkUtils.java:validateChunkForOverwrite(203)) - Duplicate write chunk request. Chunk overwrite without explicit request. ChunkInfo{chunkName='1570677865535.data.0, offset=0, len=1048576}
2019-10-10 03:24:25,848 [pool-46-thread-5] WARN  impl.ChunkManagerImpl (ChunkManagerImpl.java:writeChunk(111)) - ChunkFile already exists/workdir/hadoop-ozone/integration-test/target/test-dir/MiniOzoneClusterImpl-76d4cd33-009f-47dc-90bf-15a5f30e9e6a/datanode-2/data/containers/hdds/bb1ba31f-1592-41e9-8e9f-5980d2b40a27/current/containerDir0/2/chunks/1570677865535.data.0.Deleting it.
2019-10-10 03:24:25,865 [pool-76-thread-4] WARN  impl.ChunkManagerImpl (ChunkUtils.java:validateChunkForOverwrite(203)) - Duplicate write chunk request. Chunk overwrite without explicit request. ChunkInfo{chunkName='1570677865535.data.0, offset=0, len=1048576}
2019-10-10 03:24:25,865 [pool-76-thread-4] WARN  impl.ChunkManagerImpl (ChunkManagerImpl.java:writeChunk(111)) - ChunkFile already exists/workdir/hadoop-ozone/integration-test/target/test-dir/MiniOzoneClusterImpl-76d4cd33-009f-47dc-90bf-15a5f30e9e6a/datanode-5/data/containers/hdds/bb1ba31f-1592-41e9-8e9f-5980d2b40a27/current/containerDir0/2/chunks/1570677865535.data.0.Deleting it.
2019-10-10 03:24:25,868 [pool-86-thread-8] WARN  impl.ChunkManagerImpl (ChunkUtils.java:validateChunkForOverwrite(203)) - Duplicate write chunk request. Chunk overwrite without explicit request. ChunkInfo{chunkName='1570677865535.data.0, offset=0, len=1048576}
2019-10-10 03:24:25,869 [pool-86-thread-8] WARN  impl.ChunkManagerImpl (ChunkManagerImpl.java:writeChunk(111)) - ChunkFile already exists/workdir/hadoop-ozone/integration-test/target/test-dir/MiniOzoneClusterImpl-76d4cd33-009f-47dc-90bf-15a5f30e9e6a/datanode-6/data/containers/hdds/bb1ba31f-1592-41e9-8e9f-5980d2b40a27/current/containerDir0/2/chunks/1570677865535.data.0.Deleting it.
2019-10-10 03:24:26,779 [Datanode State Machine Thread - 0] INFO  statemachine.DatanodeStateMachine (DatanodeStateMachine.java:lambda$startDaemon$0(350)) - Ozone container server started.
2019-10-10 03:24:28,848 [EventQueue-StaleNodeForStaleNodeHandler] INFO  node.StaleNodeHandler (StaleNodeHandler.java:onMessage(58)) - Datanode cf7bb62d-ae02-4656-8788-4d6b65cde2e5{ip: 192.168.30.11, host: pr-hdds-1569-bksrh-2736338786, networkLocation: /default-rack, certSerialId: null} moved to stale state. Finalizing its pipelines [PipelineID=766dac95-b40e-4a1a-829a-e714677d455e, PipelineID=2c807d56-2bea-4f65-9f5c-0e783ee0917e, PipelineID=78146ddb-2866-4940-be84-710a48aca19d, PipelineID=d4436462-c53e-458f-a8d9-f6b3f9d72377, PipelineID=2045b84a-a425-4547-9bed-0126f1d0204a, PipelineID=c9708e75-615b-4ec0-b747-e0f0e67c15c8, PipelineID=933d51e4-6b29-45ed-9ac1-0334129a7baf, PipelineID=c8438979-6343-423c-bb81-0226f33d37e0]
2019-10-10 03:24:28,849 [EventQueue-StaleNodeForStaleNodeHandler] INFO  pipeline.SCMPipelineManager (SCMPipelineManager.java:finalizeAndDestroyPipeline(342)) - destroying pipeline:Pipeline[ Id: 766dac95-b40e-4a1a-829a-e714677d455e, Nodes: f91948bd-2887-4729-9be8-37aeea1ae085{ip: 192.168.30.11, host: pr-hdds-1569-bksrh-2736338786, networkLocation: /default-rack, certSerialId: null}bf1e431a-ac22-4c3e-9988-b037a3e86b79{ip: 192.168.30.11, host: pr-hdds-1569-bksrh-2736338786, networkLocation: /default-rack, certSerialId: null}cf7bb62d-ae02-4656-8788-4d6b65cde2e5{ip: 192.168.30.11, host: pr-hdds-1569-bksrh-2736338786, networkLocation: /default-rack, certSerialId: null}, Type:RATIS, Factor:THREE, State:OPEN]
2019-10-10 03:24:28,850 [EventQueue-StaleNodeForStaleNodeHandler] INFO  pipeline.PipelineStateManager (PipelineStateManager.java:finalizePipeline(123)) - Pipeline Pipeline[ Id: 766dac95-b40e-4a1a-829a-e714677d455e, Nodes: f91948bd-2887-4729-9be8-37aeea1ae085{ip: 192.168.30.11, host: pr-hdds-1569-bksrh-2736338786, networkLocation: /default-rack, certSerialId: null}bf1e431a-ac22-4c3e-9988-b037a3e86b79{ip: 192.168.30.11, host: pr-hdds-1569-bksrh-2736338786, networkLocation: /default-rack, certSerialId: null}cf7bb62d-ae02-4656-8788-4d6b65cde2e5{ip: 192.168.30.11, host: pr-hdds-1569-bksrh-2736338786, networkLocation: /default-rack, certSerialId: null}, Type:RATIS, Factor:THREE, State:CLOSED] moved to CLOSED state
2019-10-10 03:24:28,852 [EventQueue-StaleNodeForStaleNodeHandler] INFO  pipeline.SCMPipelineManager (SCMPipelineManager.java:finalizeAndDestroyPipeline(342)) - destroying pipeline:Pipeline[ Id: 2c807d56-2bea-4f65-9f5c-0e783ee0917e, Nodes: bf1e431a-ac22-4c3e-9988-b037a3e86b79{ip: 192.168.30.11, host: pr-hdds-1569-bksrh-2736338786, networkLocation: /default-rack, certSerialId: null}f91948bd-2887-4729-9be8-37aeea1ae085{ip: 192.168.30.11, host: pr-hdds-1569-bksrh-2736338786, networkLocation: /default-rack, certSerialId: null}cf7bb62d-ae02-4656-8788-4d6b65cde2e5{ip: 192.168.30.11, host: pr-hdds-1569-bksrh-2736338786, networkLocation: /default-rack, certSerialId: null}, Type:RATIS, Factor:THREE, State:OPEN]
2019-10-10 03:24:28,852 [EventQueue-StaleNodeForStaleNodeHandler] INFO  pipeline.PipelineStateManager (PipelineStateManager.java:finalizePipeline(123)) - Pipeline Pipeline[ Id: 2c807d56-2bea-4f65-9f5c-0e783ee0917e, Nodes: bf1e431a-ac22-4c3e-9988-b037a3e86b79{ip: 192.168.30.11, host: pr-hdds-1569-bksrh-2736338786, networkLocation: /default-rack, certSerialId: null}f91948bd-2887-4729-9be8-37aeea1ae085{ip: 192.168.30.11, host: pr-hdds-1569-bksrh-2736338786, networkLocation: /default-rack, certSerialId: null}cf7bb62d-ae02-4656-8788-4d6b65cde2e5{ip: 192.168.30.11, host: pr-hdds-1569-bksrh-2736338786, networkLocation: /default-rack, certSerialId: null}, Type:RATIS, Factor:THREE, State:CLOSED] moved to CLOSED state
2019-10-10 03:24:28,853 [EventQueue-StaleNodeForStaleNodeHandler] INFO  pipeline.SCMPipelineManager (SCMPipelineManager.java:finalizeAndDestroyPipeline(342)) - destroying pipeline:Pipeline[ Id: 78146ddb-2866-4940-be84-710a48aca19d, Nodes: bf1e431a-ac22-4c3e-9988-b037a3e86b79{ip: 192.168.30.11, host: pr-hdds-1569-bksrh-2736338786, networkLocation: /default-rack, certSerialId: null}cf7bb62d-ae02-4656-8788-4d6b65cde2e5{ip: 192.168.30.11, host: pr-hdds-1569-bksrh-2736338786, networkLocation: /default-rack, certSerialId: null}f91948bd-2887-4729-9be8-37aeea1ae085{ip: 192.168.30.11, host: pr-hdds-1569-bksrh-2736338786, networkLocation: /default-rack, certSerialId: null}, Type:RATIS, Factor:THREE, State:OPEN]
2019-10-10 03:24:28,853 [EventQueue-StaleNodeForStaleNodeHandler] INFO  pipeline.PipelineStateManager (PipelineStateManager.java:finalizePipeline(123)) - Pipeline Pipeline[ Id: 78146ddb-2866-4940-be84-710a48aca19d, Nodes: bf1e431a-ac22-4c3e-9988-b037a3e86b79{ip: 192.168.30.11, host: pr-hdds-1569-bksrh-2736338786, networkLocation: /default-rack, certSerialId: null}cf7bb62d-ae02-4656-8788-4d6b65cde2e5{ip: 192.168.30.11, host: pr-hdds-1569-bksrh-2736338786, networkLocation: /default-rack, certSerialId: null}f91948bd-2887-4729-9be8-37aeea1ae085{ip: 192.168.30.11, host: pr-hdds-1569-bksrh-2736338786, networkLocation: /default-rack, certSerialId: null}, Type:RATIS, Factor:THREE, State:CLOSED] moved to CLOSED state
2019-10-10 03:24:28,854 [EventQueue-StaleNodeForStaleNodeHandler] INFO  pipeline.SCMPipelineManager (SCMPipelineManager.java:finalizeAndDestroyPipeline(342)) - destroying pipeline:Pipeline[ Id: d4436462-c53e-458f-a8d9-f6b3f9d72377, Nodes: cf7bb62d-ae02-4656-8788-4d6b65cde2e5{ip: 192.168.30.11, host: pr-hdds-1569-bksrh-2736338786, networkLocation: /default-rack, certSerialId: null}, Type:RATIS, Factor:ONE, State:OPEN]
2019-10-10 03:24:28,854 [EventQueue-StaleNodeForStaleNodeHandler] INFO  pipeline.PipelineStateManager (PipelineStateManager.java:finalizePipeline(123)) - Pipeline Pipeline[ Id: d4436462-c53e-458f-a8d9-f6b3f9d72377, Nodes: cf7bb62d-ae02-4656-8788-4d6b65cde2e5{ip: 192.168.30.11, host: pr-hdds-1569-bksrh-2736338786, networkLocation: /default-rack, certSerialId: null}, Type:RATIS, Factor:ONE, State:CLOSED] moved to CLOSED state
2019-10-10 03:24:28,854 [EventQueue-StaleNodeForStaleNodeHandler] INFO  pipeline.SCMPipelineManager (SCMPipelineManager.java:finalizeAndDestroyPipeline(342)) - destroying pipeline:Pipeline[ Id: 2045b84a-a425-4547-9bed-0126f1d0204a, Nodes: cf7bb62d-ae02-4656-8788-4d6b65cde2e5{ip: 192.168.30.11, host: pr-hdds-1569-bksrh-2736338786, networkLocation: /default-rack, certSerialId: null}f91948bd-2887-4729-9be8-37aeea1ae085{ip: 192.168.30.11, host: pr-hdds-1569-bksrh-2736338786, networkLocation: /default-rack, certSerialId: null}bf1e431a-ac22-4c3e-9988-b037a3e86b79{ip: 192.168.30.11, host: pr-hdds-1569-bksrh-2736338786, networkLocation: /default-rack, certSerialId: null}, Type:RATIS, Factor:THREE, State:OPEN]
2019-10-10 03:24:28,854 [EventQueue-StaleNodeForStaleNodeHandler] INFO  pipeline.PipelineStateManager (PipelineStateManager.java:finalizePipeline(123)) - Pipeline Pipeline[ Id: 2045b84a-a425-4547-9bed-0126f1d0204a, Nodes: cf7bb62d-ae02-4656-8788-4d6b65cde2e5{ip: 192.168.30.11, host: pr-hdds-1569-bksrh-2736338786, networkLocation: /default-rack, certSerialId: null}f91948bd-2887-4729-9be8-37aeea1ae085{ip: 192.168.30.11, host: pr-hdds-1569-bksrh-2736338786, networkLocation: /default-rack, certSerialId: null}bf1e431a-ac22-4c3e-9988-b037a3e86b79{ip: 192.168.30.11, host: pr-hdds-1569-bksrh-2736338786, networkLocation: /default-rack, certSerialId: null}, Type:RATIS, Factor:THREE, State:CLOSED] moved to CLOSED state
2019-10-10 03:24:28,855 [EventQueue-CloseContainerForCloseContainerEventHandler] INFO  container.CloseContainerEventHandler (CloseContainerEventHandler.java:onMessage(61)) - Close container Event triggered for container : #2
2019-10-10 03:24:28,855 [EventQueue-StaleNodeForStaleNodeHandler] INFO  pipeline.SCMPipelineManager (SCMPipelineManager.java:finalizeAndDestroyPipeline(342)) - destroying pipeline:Pipeline[ Id: c9708e75-615b-4ec0-b747-e0f0e67c15c8, Nodes: bf1e431a-ac22-4c3e-9988-b037a3e86b79{ip: 192.168.30.11, host: pr-hdds-1569-bksrh-2736338786, networkLocation: /default-rack, certSerialId: null}f91948bd-2887-4729-9be8-37aeea1ae085{ip: 192.168.30.11, host: pr-hdds-1569-bksrh-2736338786, networkLocation: /default-rack, certSerialId: null}cf7bb62d-ae02-4656-8788-4d6b65cde2e5{ip: 192.168.30.11, host: pr-hdds-1569-bksrh-2736338786, networkLocation: /default-rack, certSerialId: null}, Type:RATIS, Factor:THREE, State:OPEN]
2019-10-10 03:24:28,861 [EventQueue-StaleNodeForStaleNodeHandler] INFO  pipeline.PipelineStateManager (PipelineStateManager.java:finalizePipeline(123)) - Pipeline Pipeline[ Id: c9708e75-615b-4ec0-b747-e0f0e67c15c8, Nodes: bf1e431a-ac22-4c3e-9988-b037a3e86b79{ip: 192.168.30.11, host: pr-hdds-1569-bksrh-2736338786, networkLocation: /default-rack, certSerialId: null}f91948bd-2887-4729-9be8-37aeea1ae085{ip: 192.168.30.11, host: pr-hdds-1569-bksrh-2736338786, networkLocation: /default-rack, certSerialId: null}cf7bb62d-ae02-4656-8788-4d6b65cde2e5{ip: 192.168.30.11, host: pr-hdds-1569-bksrh-2736338786, networkLocation: /default-rack, certSerialId: null}, Type:RATIS, Factor:THREE, State:CLOSED] moved to CLOSED state
2019-10-10 03:24:28,861 [EventQueue-StaleNodeForStaleNodeHandler] INFO  pipeline.SCMPipelineManager (SCMPipelineManager.java:finalizeAndDestroyPipeline(342)) - destroying pipeline:Pipeline[ Id: 933d51e4-6b29-45ed-9ac1-0334129a7baf, Nodes: f91948bd-2887-4729-9be8-37aeea1ae085{ip: 192.168.30.11, host: pr-hdds-1569-bksrh-2736338786, networkLocation: /default-rack, certSerialId: null}bf1e431a-ac22-4c3e-9988-b037a3e86b79{ip: 192.168.30.11, host: pr-hdds-1569-bksrh-2736338786, networkLocation: /default-rack, certSerialId: null}cf7bb62d-ae02-4656-8788-4d6b65cde2e5{ip: 192.168.30.11, host: pr-hdds-1569-bksrh-2736338786, networkLocation: /default-rack, certSerialId: null}, Type:RATIS, Factor:THREE, State:OPEN]
2019-10-10 03:24:28,861 [EventQueue-StaleNodeForStaleNodeHandler] INFO  pipeline.PipelineStateManager (PipelineStateManager.java:finalizePipeline(123)) - Pipeline Pipeline[ Id: 933d51e4-6b29-45ed-9ac1-0334129a7baf, Nodes: f91948bd-2887-4729-9be8-37aeea1ae085{ip: 192.168.30.11, host: pr-hdds-1569-bksrh-2736338786, networkLocation: /default-rack, certSerialId: null}bf1e431a-ac22-4c3e-9988-b037a3e86b79{ip: 192.168.30.11, host: pr-hdds-1569-bksrh-2736338786, networkLocation: /default-rack, certSerialId: null}cf7bb62d-ae02-4656-8788-4d6b65cde2e5{ip: 192.168.30.11, host: pr-hdds-1569-bksrh-2736338786, networkLocation: /default-rack, certSerialId: null}, Type:RATIS, Factor:THREE, State:CLOSED] moved to CLOSED state
2019-10-10 03:24:28,862 [EventQueue-StaleNodeForStaleNodeHandler] INFO  pipeline.SCMPipelineManager (SCMPipelineManager.java:finalizeAndDestroyPipeline(342)) - destroying pipeline:Pipeline[ Id: c8438979-6343-423c-bb81-0226f33d37e0, Nodes: bf1e431a-ac22-4c3e-9988-b037a3e86b79{ip: 192.168.30.11, host: pr-hdds-1569-bksrh-2736338786, networkLocation: /default-rack, certSerialId: null}cf7bb62d-ae02-4656-8788-4d6b65cde2e5{ip: 192.168.30.11, host: pr-hdds-1569-bksrh-2736338786, networkLocation: /default-rack, certSerialId: null}f91948bd-2887-4729-9be8-37aeea1ae085{ip: 192.168.30.11, host: pr-hdds-1569-bksrh-2736338786, networkLocation: /default-rack, certSerialId: null}, Type:RATIS, Factor:THREE, State:OPEN]
2019-10-10 03:24:28,862 [EventQueue-StaleNodeForStaleNodeHandler] INFO  pipeline.PipelineStateManager (PipelineStateManager.java:finalizePipeline(123)) - Pipeline Pipeline[ Id: c8438979-6343-423c-bb81-0226f33d37e0, Nodes: bf1e431a-ac22-4c3e-9988-b037a3e86b79{ip: 192.168.30.11, host: pr-hdds-1569-bksrh-2736338786, networkLocation: /default-rack, certSerialId: null}cf7bb62d-ae02-4656-8788-4d6b65cde2e5{ip: 192.168.30.11, host: pr-hdds-1569-bksrh-2736338786, networkLocation: /default-rack, certSerialId: null}f91948bd-2887-4729-9be8-37aeea1ae085{ip: 192.168.30.11, host: pr-hdds-1569-bksrh-2736338786, networkLocation: /default-rack, certSerialId: null}, Type:RATIS, Factor:THREE, State:CLOSED] moved to CLOSED state
2019-10-10 03:24:28,865 [EventQueue-CloseContainerForCloseContainerEventHandler] INFO  container.CloseContainerEventHandler (CloseContainerEventHandler.java:onMessage(61)) - Close container Event triggered for container : #1
2019-10-10 03:24:30,814 [RatisApplyTransactionExecutor 2] INFO  interfaces.Container (KeyValueContainer.java:flushAndSyncDB(386)) - Container 2 is synced with bcsId 5.
2019-10-10 03:24:30,817 [RatisApplyTransactionExecutor 2] INFO  interfaces.Container (KeyValueContainer.java:flushAndSyncDB(386)) - Container 2 is synced with bcsId 5.
2019-10-10 03:24:30,819 [RatisApplyTransactionExecutor 2] INFO  interfaces.Container (KeyValueContainer.java:flushAndSyncDB(386)) - Container 2 is synced with bcsId 5.
2019-10-10 03:24:30,819 [RatisApplyTransactionExecutor 2] INFO  interfaces.Container (KeyValueContainer.java:flushAndSyncDB(386)) - Container 2 is synced with bcsId 5.
2019-10-10 03:24:30,835 [RatisApplyTransactionExecutor 2] INFO  interfaces.Container (KeyValueContainer.java:close(335)) - Container 2 is closed with bcsId 5.
2019-10-10 03:24:30,835 [RatisApplyTransactionExecutor 2] INFO  interfaces.Container (KeyValueContainer.java:close(335)) - Container 2 is closed with bcsId 5.
2019-10-10 03:24:30,836 [EventQueue-IncrementalContainerReportForIncrementalContainerReportHandler] INFO  container.IncrementalContainerReportHandler (AbstractContainerReportHandler.java:updateContainerState(176)) - Moving container #2 to CLOSED state, datanode f91948bd-2887-4729-9be8-37aeea1ae085{ip: 192.168.30.11, host: pr-hdds-1569-bksrh-2736338786, networkLocation: /default-rack, certSerialId: null} reported CLOSED replica.
2019-10-10 03:24:30,846 [RatisApplyTransactionExecutor 2] INFO  interfaces.Container (KeyValueContainer.java:flushAndSyncDB(386)) - Container 2 is synced with bcsId 5.
2019-10-10 03:24:30,847 [RatisApplyTransactionExecutor 2] INFO  interfaces.Container (KeyValueContainer.java:flushAndSyncDB(386)) - Container 2 is synced with bcsId 5.
2019-10-10 03:24:30,862 [RatisApplyTransactionExecutor 2] INFO  interfaces.Container (KeyValueContainer.java:close(335)) - Container 2 is closed with bcsId 5.
2019-10-10 03:24:30,991 [main] INFO  ozoneimpl.OzoneContainer (OzoneContainer.java:stop(231)) - Attempting to stop container services.
2019-10-10 03:24:30,992 [main] INFO  impl.RaftServerProxy (RaftServerProxy.java:lambda$close$4(314)) - cf7bb62d-ae02-4656-8788-4d6b65cde2e5: close
2019-10-10 03:24:30,993 [main] INFO  impl.RaftServerImpl (RaftServerImpl.java:lambda$shutdown$3(251)) - cf7bb62d-ae02-4656-8788-4d6b65cde2e5@group-710A48ACA19D: shutdown
2019-10-10 03:24:30,994 [main] INFO  util.JmxRegister (JmxRegister.java:unregister(73)) - Successfully un-registered JMX Bean with object name Ratis:service=RaftServer,group=group-710A48ACA19D,id=cf7bb62d-ae02-4656-8788-4d6b65cde2e5
2019-10-10 03:24:30,994 [ForkJoinPool.commonPool-worker-1] INFO  impl.RaftServerImpl (RaftServerImpl.java:lambda$shutdown$3(251)) - cf7bb62d-ae02-4656-8788-4d6b65cde2e5@group-F6B3F9D72377: shutdown
2019-10-10 03:24:30,994 [main] INFO  impl.RoleInfo (RoleInfo.java:shutdownLeaderState(104)) - cf7bb62d-ae02-4656-8788-4d6b65cde2e5: shutdown LeaderState
2019-10-10 03:24:30,994 [ForkJoinPool.commonPool-worker-1] INFO  util.JmxRegister (JmxRegister.java:unregister(73)) - Successfully un-registered JMX Bean with object name Ratis:service=RaftServer,group=group-F6B3F9D72377,id=cf7bb62d-ae02-4656-8788-4d6b65cde2e5
2019-10-10 03:24:30,999 [org.apache.ratis.server.impl.LogAppender$AppenderDaemon$$Lambda$471/1818397827@12c538d3] WARN  server.GrpcLogAppender (GrpcLogAppender.java:mayWait(143)) - cf7bb62d-ae02-4656-8788-4d6b65cde2e5@group-710A48ACA19D->bf1e431a-ac22-4c3e-9988-b037a3e86b79-GrpcLogAppender: Wait interrupted by java.lang.InterruptedException
2019-10-10 03:24:30,999 [org.apache.ratis.server.impl.LogAppender$AppenderDaemon$$Lambda$471/1818397827@3160939b] WARN  server.GrpcLogAppender (GrpcLogAppender.java:mayWait(143)) - cf7bb62d-ae02-4656-8788-4d6b65cde2e5@group-710A48ACA19D->f91948bd-2887-4729-9be8-37aeea1ae085-GrpcLogAppender: Wait interrupted by java.lang.InterruptedException
2019-10-10 03:24:30,998 [main] INFO  impl.PendingRequests (PendingRequests.java:sendNotLeaderResponses(202)) - cf7bb62d-ae02-4656-8788-4d6b65cde2e5-PendingRequests: sendNotLeaderResponses
2019-10-10 03:24:30,999 [ForkJoinPool.commonPool-worker-1] INFO  impl.RoleInfo (RoleInfo.java:shutdownLeaderState(104)) - cf7bb62d-ae02-4656-8788-4d6b65cde2e5: shutdown LeaderState
2019-10-10 03:24:31,000 [main] INFO  impl.StateMachineUpdater (StateMachineUpdater.java:stopAndJoin(125)) - cf7bb62d-ae02-4656-8788-4d6b65cde2e5@group-710A48ACA19D-StateMachineUpdater: set stopIndex = 0
2019-10-10 03:24:31,000 [ForkJoinPool.commonPool-worker-1] INFO  impl.PendingRequests (PendingRequests.java:sendNotLeaderResponses(202)) - cf7bb62d-ae02-4656-8788-4d6b65cde2e5-PendingRequests: sendNotLeaderResponses
2019-10-10 03:24:31,000 [grpc-default-executor-0] INFO  server.GrpcServerProtocolService (GrpcServerProtocolService.java:onCompleted(113)) - f91948bd-2887-4729-9be8-37aeea1ae085: Completed APPEND_ENTRIES, lastRequest: cf7bb62d-ae02-4656-8788-4d6b65cde2e5->f91948bd-2887-4729-9be8-37aeea1ae085#5-t1, previous=(t:1, i:0), leaderCommit=0, initializing? false, entries: <empty>
2019-10-10 03:24:31,000 [grpc-default-executor-1] INFO  server.GrpcServerProtocolService (GrpcServerProtocolService.java:onCompleted(113)) - bf1e431a-ac22-4c3e-9988-b037a3e86b79: Completed APPEND_ENTRIES, lastRequest: cf7bb62d-ae02-4656-8788-4d6b65cde2e5->bf1e431a-ac22-4c3e-9988-b037a3e86b79#5-t1, previous=(t:1, i:0), leaderCommit=0, initializing? false, entries: <empty>
2019-10-10 03:24:31,001 [ForkJoinPool.commonPool-worker-1] INFO  impl.StateMachineUpdater (StateMachineUpdater.java:stopAndJoin(125)) - cf7bb62d-ae02-4656-8788-4d6b65cde2e5@group-F6B3F9D72377-StateMachineUpdater: set stopIndex = 0
2019-10-10 03:24:31,001 [main] INFO  impl.RaftServerImpl (ServerState.java:close(385)) - cf7bb62d-ae02-4656-8788-4d6b65cde2e5@group-710A48ACA19D: closes. applyIndex: 0
2019-10-10 03:24:31,003 [ForkJoinPool.commonPool-worker-1] INFO  impl.RaftServerImpl (ServerState.java:close(385)) - cf7bb62d-ae02-4656-8788-4d6b65cde2e5@group-F6B3F9D72377: closes. applyIndex: 0
2019-10-10 03:24:31,003 [grpc-default-executor-0] INFO  server.GrpcLogAppender (GrpcLogAppender.java:onCompleted(293)) - cf7bb62d-ae02-4656-8788-4d6b65cde2e5@group-710A48ACA19D->f91948bd-2887-4729-9be8-37aeea1ae085-AppendLogResponseHandler: follower responses appendEntries COMPLETED
2019-10-10 03:24:31,003 [grpc-default-executor-1] INFO  server.GrpcLogAppender (GrpcLogAppender.java:onCompleted(293)) - cf7bb62d-ae02-4656-8788-4d6b65cde2e5@group-710A48ACA19D->bf1e431a-ac22-4c3e-9988-b037a3e86b79-AppendLogResponseHandler: follower responses appendEntries COMPLETED
2019-10-10 03:24:31,005 [grpc-default-executor-0] INFO  impl.FollowerInfo (FollowerInfo.java:lambda$new$0(51)) - cf7bb62d-ae02-4656-8788-4d6b65cde2e5@group-710A48ACA19D->f91948bd-2887-4729-9be8-37aeea1ae085: nextIndex: updateUnconditionally 1 -> 0
2019-10-10 03:24:31,006 [grpc-default-executor-1] INFO  impl.FollowerInfo (FollowerInfo.java:lambda$new$0(51)) - cf7bb62d-ae02-4656-8788-4d6b65cde2e5@group-710A48ACA19D->bf1e431a-ac22-4c3e-9988-b037a3e86b79: nextIndex: updateUnconditionally 1 -> 0
2019-10-10 03:24:31,007 [cf7bb62d-ae02-4656-8788-4d6b65cde2e5@group-710A48ACA19D-SegmentedRaftLogWorker] INFO  segmented.SegmentedRaftLogWorker (SegmentedRaftLogWorker.java:run(313)) - cf7bb62d-ae02-4656-8788-4d6b65cde2e5@group-710A48ACA19D-SegmentedRaftLogWorker was interrupted, exiting. There are 0 tasks remaining in the queue.
2019-10-10 03:24:31,007 [cf7bb62d-ae02-4656-8788-4d6b65cde2e5@group-F6B3F9D72377-SegmentedRaftLogWorker] INFO  segmented.SegmentedRaftLogWorker (SegmentedRaftLogWorker.java:run(313)) - cf7bb62d-ae02-4656-8788-4d6b65cde2e5@group-F6B3F9D72377-SegmentedRaftLogWorker was interrupted, exiting. There are 0 tasks remaining in the queue.
2019-10-10 03:24:31,009 [main] INFO  segmented.SegmentedRaftLogWorker (SegmentedRaftLogWorker.java:close(228)) - cf7bb62d-ae02-4656-8788-4d6b65cde2e5@group-710A48ACA19D-SegmentedRaftLogWorker close()
2019-10-10 03:24:31,010 [ForkJoinPool.commonPool-worker-1] INFO  segmented.SegmentedRaftLogWorker (SegmentedRaftLogWorker.java:close(228)) - cf7bb62d-ae02-4656-8788-4d6b65cde2e5@group-F6B3F9D72377-SegmentedRaftLogWorker close()
2019-10-10 03:24:31,011 [grpc-default-executor-2] WARN  server.GrpcLogAppender (LogUtils.java:warn(134)) - cf7bb62d-ae02-4656-8788-4d6b65cde2e5@group-0E783EE0917E->bf1e431a-ac22-4c3e-9988-b037a3e86b79-AppendLogResponseHandler: Failed appendEntries: org.apache.ratis.thirdparty.io.grpc.StatusRuntimeException: UNAVAILABLE: Channel shutdownNow invoked
2019-10-10 03:24:31,011 [grpc-default-executor-1] WARN  server.GrpcLogAppender (LogUtils.java:warn(134)) - cf7bb62d-ae02-4656-8788-4d6b65cde2e5@group-0E783EE0917E->f91948bd-2887-4729-9be8-37aeea1ae085-AppendLogResponseHandler: Failed appendEntries: org.apache.ratis.thirdparty.io.grpc.StatusRuntimeException: UNAVAILABLE: Channel shutdownNow invoked
2019-10-10 03:24:31,015 [main] INFO  impl.RaftServerImpl (RaftServerImpl.java:lambda$shutdown$3(251)) - cf7bb62d-ae02-4656-8788-4d6b65cde2e5@group-E714677D455E: shutdown
2019-10-10 03:24:31,015 [ForkJoinPool.commonPool-worker-1] INFO  impl.RaftServerImpl (RaftServerImpl.java:lambda$shutdown$3(251)) - cf7bb62d-ae02-4656-8788-4d6b65cde2e5@group-0126F1D0204A: shutdown
2019-10-10 03:24:31,015 [grpc-default-executor-2] INFO  impl.FollowerInfo (FollowerInfo.java:lambda$new$0(51)) - cf7bb62d-ae02-4656-8788-4d6b65cde2e5@group-0E783EE0917E->bf1e431a-ac22-4c3e-9988-b037a3e86b79: nextIndex: updateUnconditionally 1 -> 0
2019-10-10 03:24:31,014 [grpc-default-executor-4] WARN  server.GrpcLogAppender (LogUtils.java:warn(134)) - cf7bb62d-ae02-4656-8788-4d6b65cde2e5@group-0226F33D37E0->bf1e431a-ac22-4c3e-9988-b037a3e86b79-AppendLogResponseHandler: Failed appendEntries: org.apache.ratis.thirdparty.io.grpc.StatusRuntimeException: UNAVAILABLE: Channel shutdownNow invoked
2019-10-10 03:24:31,014 [grpc-default-executor-0] WARN  server.GrpcLogAppender (LogUtils.java:warn(134)) - cf7bb62d-ae02-4656-8788-4d6b65cde2e5@group-E0F0E67C15C8->f91948bd-2887-4729-9be8-37aeea1ae085-AppendLogResponseHandler: Failed appendEntries: org.apache.ratis.thirdparty.io.grpc.StatusRuntimeException: UNAVAILABLE: Channel shutdownNow invoked
2019-10-10 03:24:31,014 [grpc-default-executor-3] WARN  server.GrpcLogAppender (LogUtils.java:warn(134)) - cf7bb62d-ae02-4656-8788-4d6b65cde2e5@group-E0F0E67C15C8->bf1e431a-ac22-4c3e-9988-b037a3e86b79-AppendLogResponseHandler: Failed appendEntries: org.apache.ratis.thirdparty.io.grpc.StatusRuntimeException: UNAVAILABLE: Channel shutdownNow invoked
2019-10-10 03:24:31,012 [grpc-default-executor-5] WARN  server.GrpcLogAppender (LogUtils.java:warn(134)) - cf7bb62d-ae02-4656-8788-4d6b65cde2e5@group-0226F33D37E0->f91948bd-2887-4729-9be8-37aeea1ae085-AppendLogResponseHandler: Failed appendEntries: org.apache.ratis.thirdparty.io.grpc.StatusRuntimeException: UNAVAILABLE: Channel shutdownNow invoked
2019-10-10 03:24:31,017 [grpc-default-executor-12] WARN  server.GrpcServerProtocolService (LogUtils.java:warn(134)) - bf1e431a-ac22-4c3e-9988-b037a3e86b79: installSnapshot onError, lastRequest: cf7bb62d-ae02-4656-8788-4d6b65cde2e5->bf1e431a-ac22-4c3e-9988-b037a3e86b79#11-t3, previous=(t:3, i:8), leaderCommit=8, initializing? false, entries: <empty>: org.apache.ratis.thirdparty.io.grpc.StatusRuntimeException: CANCELLED: cancelled before receiving half close
2019-10-10 03:24:31,017 [grpc-default-executor-3] INFO  impl.FollowerInfo (FollowerInfo.java:lambda$new$0(51)) - cf7bb62d-ae02-4656-8788-4d6b65cde2e5@group-E0F0E67C15C8->bf1e431a-ac22-4c3e-9988-b037a3e86b79: nextIndex: updateUnconditionally 1 -> 0
2019-10-10 03:24:31,017 [grpc-default-executor-10] WARN  server.GrpcServerProtocolService (LogUtils.java:warn(134)) - f91948bd-2887-4729-9be8-37aeea1ae085: installSnapshot onError, lastRequest: cf7bb62d-ae02-4656-8788-4d6b65cde2e5->f91948bd-2887-4729-9be8-37aeea1ae085#11-t3, previous=(t:3, i:8), leaderCommit=8, initializing? false, entries: <empty>: org.apache.ratis.thirdparty.io.grpc.StatusRuntimeException: CANCELLED: cancelled before receiving half close
2019-10-10 03:24:31,016 [grpc-default-executor-8] WARN  server.GrpcServerProtocolService (LogUtils.java:warn(134)) - f91948bd-2887-4729-9be8-37aeea1ae085: installSnapshot onError, lastRequest: cf7bb62d-ae02-4656-8788-4d6b65cde2e5->f91948bd-2887-4729-9be8-37aeea1ae085#5-t1, previous=(t:1, i:0), leaderCommit=0, initializing? false, entries: <empty>: org.apache.ratis.thirdparty.io.grpc.StatusRuntimeException: CANCELLED: cancelled before receiving half close
2019-10-10 03:24:31,016 [grpc-default-executor-0] INFO  impl.FollowerInfo (FollowerInfo.java:lambda$new$0(51)) - cf7bb62d-ae02-4656-8788-4d6b65cde2e5@group-E0F0E67C15C8->f91948bd-2887-4729-9be8-37aeea1ae085: nextIndex: updateUnconditionally 1 -> 0
2019-10-10 03:24:31,016 [grpc-default-executor-2] WARN  server.GrpcServerProtocolService (LogUtils.java:warn(134)) - bf1e431a-ac22-4c3e-9988-b037a3e86b79: installSnapshot onError, lastRequest: cf7bb62d-ae02-4656-8788-4d6b65cde2e5->bf1e431a-ac22-4c3e-9988-b037a3e86b79#5-t1, previous=(t:1, i:0), leaderCommit=0, initializing? false, entries: <empty>: org.apache.ratis.thirdparty.io.grpc.StatusRuntimeException: CANCELLED: cancelled before receiving half close
2019-10-10 03:24:31,016 [grpc-default-executor-9] WARN  server.GrpcServerProtocolService (LogUtils.java:warn(134)) - bf1e431a-ac22-4c3e-9988-b037a3e86b79: installSnapshot onError, lastRequest: cf7bb62d-ae02-4656-8788-4d6b65cde2e5->bf1e431a-ac22-4c3e-9988-b037a3e86b79#5-t1, previous=(t:1, i:0), leaderCommit=0, initializing? false, entries: <empty>: org.apache.ratis.thirdparty.io.grpc.StatusRuntimeException: CANCELLED: cancelled before receiving half close
2019-10-10 03:24:31,016 [grpc-default-executor-7] WARN  server.GrpcServerProtocolService (LogUtils.java:warn(134)) - f91948bd-2887-4729-9be8-37aeea1ae085: installSnapshot onError, lastRequest: cf7bb62d-ae02-4656-8788-4d6b65cde2e5->f91948bd-2887-4729-9be8-37aeea1ae085#5-t1, previous=(t:1, i:0), leaderCommit=0, initializing? false, entries: <empty>: org.apache.ratis.thirdparty.io.grpc.StatusRuntimeException: CANCELLED: cancelled before receiving half close
2019-10-10 03:24:31,016 [grpc-default-executor-4] INFO  impl.FollowerInfo (FollowerInfo.java:lambda$new$0(51)) - cf7bb62d-ae02-4656-8788-4d6b65cde2e5@group-0226F33D37E0->bf1e431a-ac22-4c3e-9988-b037a3e86b79: nextIndex: updateUnconditionally 9 -> 8
2019-10-10 03:24:31,016 [ForkJoinPool.commonPool-worker-1] INFO  util.JmxRegister (JmxRegister.java:unregister(73)) - Successfully un-registered JMX Bean with object name Ratis:service=RaftServer,group=group-0126F1D0204A,id=cf7bb62d-ae02-4656-8788-4d6b65cde2e5
2019-10-10 03:24:31,016 [main] INFO  util.JmxRegister (JmxRegister.java:unregister(73)) - Successfully un-registered JMX Bean with object name Ratis:service=RaftServer,group=group-E714677D455E,id=cf7bb62d-ae02-4656-8788-4d6b65cde2e5
2019-10-10 03:24:31,015 [grpc-default-executor-1] INFO  impl.FollowerInfo (FollowerInfo.java:lambda$new$0(51)) - cf7bb62d-ae02-4656-8788-4d6b65cde2e5@group-0E783EE0917E->f91948bd-2887-4729-9be8-37aeea1ae085: nextIndex: updateUnconditionally 1 -> 0
2019-10-10 03:24:31,020 [main] INFO  impl.RoleInfo (RoleInfo.java:shutdownFollowerState(121)) - cf7bb62d-ae02-4656-8788-4d6b65cde2e5: shutdown FollowerState
2019-10-10 03:24:31,020 [ForkJoinPool.commonPool-worker-1] INFO  impl.RoleInfo (RoleInfo.java:shutdownFollowerState(121)) - cf7bb62d-ae02-4656-8788-4d6b65cde2e5: shutdown FollowerState
2019-10-10 03:24:31,017 [grpc-default-executor-5] INFO  impl.FollowerInfo (FollowerInfo.java:lambda$new$0(51)) - cf7bb62d-ae02-4656-8788-4d6b65cde2e5@group-0226F33D37E0->f91948bd-2887-4729-9be8-37aeea1ae085: nextIndex: updateUnconditionally 9 -> 8
2019-10-10 03:24:31,020 [cf7bb62d-ae02-4656-8788-4d6b65cde2e5@group-0126F1D0204A-StateMachineUpdater] INFO  ratis.ContainerStateMachine (ContainerStateMachine.java:takeSnapshot(289)) - group-0126F1D0204A: Taking a snapshot at:(t:1, i:9) file /workdir/hadoop-ozone/integration-test/target/test-dir/MiniOzoneClusterImpl-76d4cd33-009f-47dc-90bf-15a5f30e9e6a/datanode-6/data/ratis/2045b84a-a425-4547-9bed-0126f1d0204a/sm/snapshot.1_9
2019-10-10 03:24:31,020 [Thread-369] INFO  impl.FollowerState (FollowerState.java:run(115)) - cf7bb62d-ae02-4656-8788-4d6b65cde2e5: FollowerState was interrupted: java.lang.InterruptedException: sleep interrupted
2019-10-10 03:24:31,020 [ForkJoinPool.commonPool-worker-1] INFO  impl.StateMachineUpdater (StateMachineUpdater.java:stopAndJoin(125)) - cf7bb62d-ae02-4656-8788-4d6b65cde2e5@group-0126F1D0204A-StateMachineUpdater: set stopIndex = 9
2019-10-10 03:24:31,020 [Thread-488] INFO  impl.FollowerState (FollowerState.java:run(115)) - cf7bb62d-ae02-4656-8788-4d6b65cde2e5: FollowerState was interrupted: java.lang.InterruptedException: sleep interrupted
2019-10-10 03:24:31,020 [main] INFO  impl.StateMachineUpdater (StateMachineUpdater.java:stopAndJoin(125)) - cf7bb62d-ae02-4656-8788-4d6b65cde2e5@group-E714677D455E-StateMachineUpdater: set stopIndex = 0
2019-10-10 03:24:31,023 [main] INFO  impl.RaftServerImpl (ServerState.java:close(385)) - cf7bb62d-ae02-4656-8788-4d6b65cde2e5@group-E714677D455E: closes. applyIndex: 0
2019-10-10 03:24:31,023 [cf7bb62d-ae02-4656-8788-4d6b65cde2e5@group-E714677D455E-SegmentedRaftLogWorker] INFO  segmented.SegmentedRaftLogWorker (SegmentedRaftLogWorker.java:run(313)) - cf7bb62d-ae02-4656-8788-4d6b65cde2e5@group-E714677D455E-SegmentedRaftLogWorker was interrupted, exiting. There are 0 tasks remaining in the queue.
2019-10-10 03:24:31,025 [main] INFO  segmented.SegmentedRaftLogWorker (SegmentedRaftLogWorker.java:close(228)) - cf7bb62d-ae02-4656-8788-4d6b65cde2e5@group-E714677D455E-SegmentedRaftLogWorker close()
2019-10-10 03:24:31,027 [main] INFO  impl.RaftServerImpl (RaftServerImpl.java:lambda$shutdown$3(251)) - cf7bb62d-ae02-4656-8788-4d6b65cde2e5@group-0E783EE0917E: shutdown
2019-10-10 03:24:31,029 [main] INFO  util.JmxRegister (JmxRegister.java:unregister(73)) - Successfully un-registered JMX Bean with object name Ratis:service=RaftServer,group=group-0E783EE0917E,id=cf7bb62d-ae02-4656-8788-4d6b65cde2e5
2019-10-10 03:24:31,030 [main] INFO  impl.RoleInfo (RoleInfo.java:shutdownLeaderState(104)) - cf7bb62d-ae02-4656-8788-4d6b65cde2e5: shutdown LeaderState
2019-10-10 03:24:31,034 [main] INFO  impl.PendingRequests (PendingRequests.java:sendNotLeaderResponses(202)) - cf7bb62d-ae02-4656-8788-4d6b65cde2e5-PendingRequests: sendNotLeaderResponses
2019-10-10 03:24:31,034 [org.apache.ratis.server.impl.LogAppender$AppenderDaemon$$Lambda$471/1818397827@617d6391] WARN  server.GrpcLogAppender (GrpcLogAppender.java:mayWait(143)) - cf7bb62d-ae02-4656-8788-4d6b65cde2e5@group-0E783EE0917E->bf1e431a-ac22-4c3e-9988-b037a3e86b79-GrpcLogAppender: Wait interrupted by java.lang.InterruptedException
2019-10-10 03:24:31,034 [org.apache.ratis.server.impl.LogAppender$AppenderDaemon$$Lambda$471/1818397827@7378aa76] WARN  server.GrpcLogAppender (GrpcLogAppender.java:mayWait(143)) - cf7bb62d-ae02-4656-8788-4d6b65cde2e5@group-0E783EE0917E->f91948bd-2887-4729-9be8-37aeea1ae085-GrpcLogAppender: Wait interrupted by java.lang.InterruptedException
2019-10-10 03:24:31,034 [main] INFO  impl.StateMachineUpdater (StateMachineUpdater.java:stopAndJoin(125)) - cf7bb62d-ae02-4656-8788-4d6b65cde2e5@group-0E783EE0917E-StateMachineUpdater: set stopIndex = 0
2019-10-10 03:24:31,035 [main] INFO  impl.RaftServerImpl (ServerState.java:close(385)) - cf7bb62d-ae02-4656-8788-4d6b65cde2e5@group-0E783EE0917E: closes. applyIndex: 0
2019-10-10 03:24:31,035 [cf7bb62d-ae02-4656-8788-4d6b65cde2e5@group-0E783EE0917E-SegmentedRaftLogWorker] INFO  segmented.SegmentedRaftLogWorker (SegmentedRaftLogWorker.java:run(313)) - cf7bb62d-ae02-4656-8788-4d6b65cde2e5@group-0E783EE0917E-SegmentedRaftLogWorker was interrupted, exiting. There are 0 tasks remaining in the queue.
2019-10-10 03:24:31,037 [main] INFO  segmented.SegmentedRaftLogWorker (SegmentedRaftLogWorker.java:close(228)) - cf7bb62d-ae02-4656-8788-4d6b65cde2e5@group-0E783EE0917E-SegmentedRaftLogWorker close()
2019-10-10 03:24:31,076 [cf7bb62d-ae02-4656-8788-4d6b65cde2e5@group-0126F1D0204A-StateMachineUpdater] INFO  ratis.ContainerStateMachine (ContainerStateMachine.java:takeSnapshot(300)) - group-0126F1D0204A: Finished taking a snapshot at:(t:1, i:9) file:/workdir/hadoop-ozone/integration-test/target/test-dir/MiniOzoneClusterImpl-76d4cd33-009f-47dc-90bf-15a5f30e9e6a/datanode-6/data/ratis/2045b84a-a425-4547-9bed-0126f1d0204a/sm/snapshot.1_9 time:56
2019-10-10 03:24:31,078 [cf7bb62d-ae02-4656-8788-4d6b65cde2e5@group-0126F1D0204A-StateMachineUpdater] INFO  impl.StateMachineUpdater (StateMachineUpdater.java:takeSnapshot(258)) - cf7bb62d-ae02-4656-8788-4d6b65cde2e5@group-0126F1D0204A-StateMachineUpdater: Took a snapshot at index 9
2019-10-10 03:24:31,078 [cf7bb62d-ae02-4656-8788-4d6b65cde2e5@group-0126F1D0204A-StateMachineUpdater] INFO  impl.StateMachineUpdater (StateMachineUpdater.java:lambda$new$0(83)) - cf7bb62d-ae02-4656-8788-4d6b65cde2e5@group-0126F1D0204A-StateMachineUpdater: snapshotIndex: updateIncreasingly -1 -> 9
2019-10-10 03:24:31,085 [ForkJoinPool.commonPool-worker-1] INFO  impl.RaftServerImpl (ServerState.java:close(385)) - cf7bb62d-ae02-4656-8788-4d6b65cde2e5@group-0126F1D0204A: closes. applyIndex: 9
2019-10-10 03:24:31,085 [cf7bb62d-ae02-4656-8788-4d6b65cde2e5@group-0126F1D0204A-SegmentedRaftLogWorker] INFO  segmented.SegmentedRaftLogWorker (SegmentedRaftLogWorker.java:run(313)) - cf7bb62d-ae02-4656-8788-4d6b65cde2e5@group-0126F1D0204A-SegmentedRaftLogWorker was interrupted, exiting. There are 0 tasks remaining in the queue.
2019-10-10 03:24:31,088 [ForkJoinPool.commonPool-worker-1] INFO  segmented.SegmentedRaftLogWorker (SegmentedRaftLogWorker.java:close(228)) - cf7bb62d-ae02-4656-8788-4d6b65cde2e5@group-0126F1D0204A-SegmentedRaftLogWorker close()
2019-10-10 03:24:31,092 [ForkJoinPool.commonPool-worker-1] INFO  impl.RaftServerImpl (RaftServerImpl.java:lambda$shutdown$3(251)) - cf7bb62d-ae02-4656-8788-4d6b65cde2e5@group-E0F0E67C15C8: shutdown
2019-10-10 03:24:31,092 [ForkJoinPool.commonPool-worker-1] INFO  util.JmxRegister (JmxRegister.java:unregister(73)) - Successfully un-registered JMX Bean with object name Ratis:service=RaftServer,group=group-E0F0E67C15C8,id=cf7bb62d-ae02-4656-8788-4d6b65cde2e5
2019-10-10 03:24:31,092 [ForkJoinPool.commonPool-worker-1] INFO  impl.RoleInfo (RoleInfo.java:shutdownLeaderState(104)) - cf7bb62d-ae02-4656-8788-4d6b65cde2e5: shutdown LeaderState
2019-10-10 03:24:31,096 [ForkJoinPool.commonPool-worker-1] INFO  impl.PendingRequests (PendingRequests.java:sendNotLeaderResponses(202)) - cf7bb62d-ae02-4656-8788-4d6b65cde2e5-PendingRequests: sendNotLeaderResponses
2019-10-10 03:24:31,096 [org.apache.ratis.server.impl.LogAppender$AppenderDaemon$$Lambda$471/1818397827@882bca] WARN  server.GrpcLogAppender (GrpcLogAppender.java:mayWait(143)) - cf7bb62d-ae02-4656-8788-4d6b65cde2e5@group-E0F0E67C15C8->bf1e431a-ac22-4c3e-9988-b037a3e86b79-GrpcLogAppender: Wait interrupted by java.lang.InterruptedException
2019-10-10 03:24:31,096 [org.apache.ratis.server.impl.LogAppender$AppenderDaemon$$Lambda$471/1818397827@5990d40a] WARN  server.GrpcLogAppender (GrpcLogAppender.java:mayWait(143)) - cf7bb62d-ae02-4656-8788-4d6b65cde2e5@group-E0F0E67C15C8->f91948bd-2887-4729-9be8-37aeea1ae085-GrpcLogAppender: Wait interrupted by java.lang.InterruptedException
2019-10-10 03:24:31,096 [ForkJoinPool.commonPool-worker-1] INFO  impl.StateMachineUpdater (StateMachineUpdater.java:stopAndJoin(125)) - cf7bb62d-ae02-4656-8788-4d6b65cde2e5@group-E0F0E67C15C8-StateMachineUpdater: set stopIndex = 0
2019-10-10 03:24:31,096 [ForkJoinPool.commonPool-worker-1] INFO  impl.RaftServerImpl (ServerState.java:close(385)) - cf7bb62d-ae02-4656-8788-4d6b65cde2e5@group-E0F0E67C15C8: closes. applyIndex: 0
2019-10-10 03:24:31,097 [cf7bb62d-ae02-4656-8788-4d6b65cde2e5@group-E0F0E67C15C8-SegmentedRaftLogWorker] INFO  segmented.SegmentedRaftLogWorker (SegmentedRaftLogWorker.java:run(313)) - cf7bb62d-ae02-4656-8788-4d6b65cde2e5@group-E0F0E67C15C8-SegmentedRaftLogWorker was interrupted, exiting. There are 0 tasks remaining in the queue.
2019-10-10 03:24:31,098 [ForkJoinPool.commonPool-worker-1] INFO  segmented.SegmentedRaftLogWorker (SegmentedRaftLogWorker.java:close(228)) - cf7bb62d-ae02-4656-8788-4d6b65cde2e5@group-E0F0E67C15C8-SegmentedRaftLogWorker close()
2019-10-10 03:24:31,101 [ForkJoinPool.commonPool-worker-1] INFO  impl.RaftServerImpl (RaftServerImpl.java:lambda$shutdown$3(251)) - cf7bb62d-ae02-4656-8788-4d6b65cde2e5@group-0334129A7BAF: shutdown
2019-10-10 03:24:31,101 [ForkJoinPool.commonPool-worker-1] INFO  util.JmxRegister (JmxRegister.java:unregister(73)) - Successfully un-registered JMX Bean with object name Ratis:service=RaftServer,group=group-0334129A7BAF,id=cf7bb62d-ae02-4656-8788-4d6b65cde2e5
2019-10-10 03:24:31,101 [ForkJoinPool.commonPool-worker-1] INFO  impl.RoleInfo (RoleInfo.java:shutdownFollowerState(121)) - cf7bb62d-ae02-4656-8788-4d6b65cde2e5: shutdown FollowerState
2019-10-10 03:24:31,102 [ForkJoinPool.commonPool-worker-1] INFO  impl.StateMachineUpdater (StateMachineUpdater.java:stopAndJoin(125)) - cf7bb62d-ae02-4656-8788-4d6b65cde2e5@group-0334129A7BAF-StateMachineUpdater: set stopIndex = 0
2019-10-10 03:24:31,102 [Thread-511] INFO  impl.FollowerState (FollowerState.java:run(115)) - cf7bb62d-ae02-4656-8788-4d6b65cde2e5: FollowerState was interrupted: java.lang.InterruptedException: sleep interrupted
2019-10-10 03:24:31,103 [ForkJoinPool.commonPool-worker-1] INFO  impl.RaftServerImpl (ServerState.java:close(385)) - cf7bb62d-ae02-4656-8788-4d6b65cde2e5@group-0334129A7BAF: closes. applyIndex: 0
2019-10-10 03:24:31,103 [cf7bb62d-ae02-4656-8788-4d6b65cde2e5@group-0334129A7BAF-SegmentedRaftLogWorker] INFO  segmented.SegmentedRaftLogWorker (SegmentedRaftLogWorker.java:run(313)) - cf7bb62d-ae02-4656-8788-4d6b65cde2e5@group-0334129A7BAF-SegmentedRaftLogWorker was interrupted, exiting. There are 0 tasks remaining in the queue.
2019-10-10 03:24:31,105 [ForkJoinPool.commonPool-worker-1] INFO  segmented.SegmentedRaftLogWorker (SegmentedRaftLogWorker.java:close(228)) - cf7bb62d-ae02-4656-8788-4d6b65cde2e5@group-0334129A7BAF-SegmentedRaftLogWorker close()
2019-10-10 03:24:31,108 [ForkJoinPool.commonPool-worker-1] INFO  impl.RaftServerImpl (RaftServerImpl.java:lambda$shutdown$3(251)) - cf7bb62d-ae02-4656-8788-4d6b65cde2e5@group-0226F33D37E0: shutdown
2019-10-10 03:24:31,108 [ForkJoinPool.commonPool-worker-1] INFO  util.JmxRegister (JmxRegister.java:unregister(73)) - Successfully un-registered JMX Bean with object name Ratis:service=RaftServer,group=group-0226F33D37E0,id=cf7bb62d-ae02-4656-8788-4d6b65cde2e5
2019-10-10 03:24:31,108 [ForkJoinPool.commonPool-worker-1] INFO  impl.RoleInfo (RoleInfo.java:shutdownLeaderState(104)) - cf7bb62d-ae02-4656-8788-4d6b65cde2e5: shutdown LeaderState
2019-10-10 03:24:31,110 [ForkJoinPool.commonPool-worker-1] INFO  impl.PendingRequests (PendingRequests.java:sendNotLeaderResponses(202)) - cf7bb62d-ae02-4656-8788-4d6b65cde2e5-PendingRequests: sendNotLeaderResponses
2019-10-10 03:24:31,111 [org.apache.ratis.server.impl.LogAppender$AppenderDaemon$$Lambda$471/1818397827@7a261ed2] WARN  server.GrpcLogAppender (GrpcLogAppender.java:mayWait(143)) - cf7bb62d-ae02-4656-8788-4d6b65cde2e5@group-0226F33D37E0->bf1e431a-ac22-4c3e-9988-b037a3e86b79-GrpcLogAppender: Wait interrupted by java.lang.InterruptedException
2019-10-10 03:24:31,111 [org.apache.ratis.server.impl.LogAppender$AppenderDaemon$$Lambda$471/1818397827@2849c058] WARN  server.GrpcLogAppender (GrpcLogAppender.java:mayWait(143)) - cf7bb62d-ae02-4656-8788-4d6b65cde2e5@group-0226F33D37E0->f91948bd-2887-4729-9be8-37aeea1ae085-GrpcLogAppender: Wait interrupted by java.lang.InterruptedException
2019-10-10 03:24:31,117 [ForkJoinPool.commonPool-worker-1] INFO  impl.StateMachineUpdater (StateMachineUpdater.java:stopAndJoin(125)) - cf7bb62d-ae02-4656-8788-4d6b65cde2e5@group-0226F33D37E0-StateMachineUpdater: set stopIndex = 8
2019-10-10 03:24:31,117 [cf7bb62d-ae02-4656-8788-4d6b65cde2e5@group-0226F33D37E0-StateMachineUpdater] INFO  ratis.ContainerStateMachine (ContainerStateMachine.java:takeSnapshot(289)) - group-0226F33D37E0: Taking a snapshot at:(t:3, i:8) file /workdir/hadoop-ozone/integration-test/target/test-dir/MiniOzoneClusterImpl-76d4cd33-009f-47dc-90bf-15a5f30e9e6a/datanode-6/data/ratis/c8438979-6343-423c-bb81-0226f33d37e0/sm/snapshot.3_8
2019-10-10 03:24:31,143 [cf7bb62d-ae02-4656-8788-4d6b65cde2e5@group-0226F33D37E0-StateMachineUpdater] INFO  ratis.ContainerStateMachine (ContainerStateMachine.java:takeSnapshot(300)) - group-0226F33D37E0: Finished taking a snapshot at:(t:3, i:8) file:/workdir/hadoop-ozone/integration-test/target/test-dir/MiniOzoneClusterImpl-76d4cd33-009f-47dc-90bf-15a5f30e9e6a/datanode-6/data/ratis/c8438979-6343-423c-bb81-0226f33d37e0/sm/snapshot.3_8 time:26
2019-10-10 03:24:31,143 [cf7bb62d-ae02-4656-8788-4d6b65cde2e5@group-0226F33D37E0-StateMachineUpdater] INFO  impl.StateMachineUpdater (StateMachineUpdater.java:takeSnapshot(258)) - cf7bb62d-ae02-4656-8788-4d6b65cde2e5@group-0226F33D37E0-StateMachineUpdater: Took a snapshot at index 8
2019-10-10 03:24:31,143 [cf7bb62d-ae02-4656-8788-4d6b65cde2e5@group-0226F33D37E0-StateMachineUpdater] INFO  impl.StateMachineUpdater (StateMachineUpdater.java:lambda$new$0(83)) - cf7bb62d-ae02-4656-8788-4d6b65cde2e5@group-0226F33D37E0-StateMachineUpdater: snapshotIndex: updateIncreasingly -1 -> 8
2019-10-10 03:24:31,144 [ForkJoinPool.commonPool-worker-1] INFO  impl.RaftServerImpl (ServerState.java:close(385)) - cf7bb62d-ae02-4656-8788-4d6b65cde2e5@group-0226F33D37E0: closes. applyIndex: 8
2019-10-10 03:24:31,144 [cf7bb62d-ae02-4656-8788-4d6b65cde2e5@group-0226F33D37E0-SegmentedRaftLogWorker] INFO  segmented.SegmentedRaftLogWorker (SegmentedRaftLogWorker.java:run(313)) - cf7bb62d-ae02-4656-8788-4d6b65cde2e5@group-0226F33D37E0-SegmentedRaftLogWorker was interrupted, exiting. There are 0 tasks remaining in the queue.
2019-10-10 03:24:31,147 [ForkJoinPool.commonPool-worker-1] INFO  segmented.SegmentedRaftLogWorker (SegmentedRaftLogWorker.java:close(228)) - cf7bb62d-ae02-4656-8788-4d6b65cde2e5@group-0226F33D37E0-SegmentedRaftLogWorker close()
2019-10-10 03:24:31,152 [main] INFO  server.GrpcService (GrpcService.java:closeImpl(164)) - cf7bb62d-ae02-4656-8788-4d6b65cde2e5: shutdown server with port 43063 now
2019-10-10 03:24:31,155 [grpc-default-executor-12] WARN  server.GrpcServerProtocolService (LogUtils.java:warn(134)) - cf7bb62d-ae02-4656-8788-4d6b65cde2e5: installSnapshot onError, lastRequest: f91948bd-2887-4729-9be8-37aeea1ae085->cf7bb62d-ae02-4656-8788-4d6b65cde2e5#3-t2, previous=(t:2, i:0), leaderCommit=0, initializing? false, entries: <empty>: org.apache.ratis.thirdparty.io.grpc.StatusRuntimeException: CANCELLED: cancelled before receiving half close
2019-10-10 03:24:31,155 [main] INFO  server.GrpcService (GrpcService.java:closeImpl(172)) - cf7bb62d-ae02-4656-8788-4d6b65cde2e5: shutdown server with port 43063 successfully
2019-10-10 03:24:31,155 [grpc-default-executor-8] WARN  server.GrpcServerProtocolService (LogUtils.java:warn(134)) - cf7bb62d-ae02-4656-8788-4d6b65cde2e5: installSnapshot onError, lastRequest: bf1e431a-ac22-4c3e-9988-b037a3e86b79->cf7bb62d-ae02-4656-8788-4d6b65cde2e5#14-t1, previous=(t:1, i:9), leaderCommit=9, initializing? false, entries: size=1, first=(t:1, i:10), METADATAENTRY(c9): org.apache.ratis.thirdparty.io.grpc.StatusRuntimeException: CANCELLED: cancelled before receiving half close
2019-10-10 03:24:31,155 [grpc-default-executor-7] WARN  server.GrpcServerProtocolService (LogUtils.java:warn(134)) - cf7bb62d-ae02-4656-8788-4d6b65cde2e5: installSnapshot onError, lastRequest: bf1e431a-ac22-4c3e-9988-b037a3e86b79->cf7bb62d-ae02-4656-8788-4d6b65cde2e5#3-t2, previous=(t:2, i:0), leaderCommit=0, initializing? false, entries: <empty>: org.apache.ratis.thirdparty.io.grpc.StatusRuntimeException: CANCELLED: cancelled before receiving half close
2019-10-10 03:24:31,157 [grpc-default-executor-12] WARN  server.GrpcLogAppender (LogUtils.java:warn(134)) - bf1e431a-ac22-4c3e-9988-b037a3e86b79@group-0126F1D0204A->cf7bb62d-ae02-4656-8788-4d6b65cde2e5-AppendLogResponseHandler: Failed appendEntries: org.apache.ratis.thirdparty.io.grpc.StatusRuntimeException: CANCELLED: HTTP/2 error code: CANCEL
Received Rst Stream
2019-10-10 03:24:31,157 [grpc-default-executor-2] WARN  server.GrpcLogAppender (LogUtils.java:warn(134)) - bf1e431a-ac22-4c3e-9988-b037a3e86b79@group-E714677D455E->cf7bb62d-ae02-4656-8788-4d6b65cde2e5-AppendLogResponseHandler: Failed appendEntries: org.apache.ratis.thirdparty.io.grpc.StatusRuntimeException: CANCELLED: HTTP/2 error code: CANCEL
Received Rst Stream
2019-10-10 03:24:31,157 [grpc-default-executor-10] WARN  server.GrpcLogAppender (LogUtils.java:warn(134)) - f91948bd-2887-4729-9be8-37aeea1ae085@group-0334129A7BAF->cf7bb62d-ae02-4656-8788-4d6b65cde2e5-AppendLogResponseHandler: Failed appendEntries: org.apache.ratis.thirdparty.io.grpc.StatusRuntimeException: CANCELLED: HTTP/2 error code: CANCEL
Received Rst Stream
2019-10-10 03:24:31,160 [grpc-default-executor-12] INFO  impl.FollowerInfo (FollowerInfo.java:lambda$new$0(51)) - bf1e431a-ac22-4c3e-9988-b037a3e86b79@group-0126F1D0204A->cf7bb62d-ae02-4656-8788-4d6b65cde2e5: nextIndex: updateUnconditionally 11 -> 10
2019-10-10 03:24:31,160 [refreshUsed-/workdir/hadoop-ozone/integration-test/target/test-dir/MiniOzoneClusterImpl-76d4cd33-009f-47dc-90bf-15a5f30e9e6a/datanode-6/data/containers] WARN  fs.CachingGetSpaceUsed (CachingGetSpaceUsed.java:run(183)) - Thread Interrupted waiting to refresh disk information: sleep interrupted
2019-10-10 03:24:31,160 [grpc-default-executor-2] INFO  impl.FollowerInfo (FollowerInfo.java:lambda$new$0(51)) - bf1e431a-ac22-4c3e-9988-b037a3e86b79@group-E714677D455E->cf7bb62d-ae02-4656-8788-4d6b65cde2e5: nextIndex: updateUnconditionally 1 -> 0
2019-10-10 03:24:31,162 [grpc-default-executor-10] INFO  impl.FollowerInfo (FollowerInfo.java:lambda$new$0(51)) - f91948bd-2887-4729-9be8-37aeea1ae085@group-0334129A7BAF->cf7bb62d-ae02-4656-8788-4d6b65cde2e5: nextIndex: updateUnconditionally 1 -> 0
2019-10-10 03:24:31,177 [main] INFO  utils.BackgroundService (BackgroundService.java:shutdown(148)) - Shutting down service BlockDeletingService
2019-10-10 03:24:31,181 [main] INFO  statemachine.DatanodeStateMachine (DatanodeStateMachine.java:stopDaemon(395)) - Ozone container server stopped.
2019-10-10 03:24:31,185 [main] INFO  handler.ContextHandler (ContextHandler.java:doStop(910)) - Stopped o.e.j.w.WebAppContext@57272109{/,null,UNAVAILABLE}{/hddsDatanode}
2019-10-10 03:24:31,190 [main] INFO  server.AbstractConnector (AbstractConnector.java:doStop(318)) - Stopped ServerConnector@59696551{HTTP/1.1,[http/1.1]}{0.0.0.0:0}
2019-10-10 03:24:31,190 [main] INFO  handler.ContextHandler (ContextHandler.java:doStop(910)) - Stopped o.e.j.s.ServletContextHandler@66b59b7d{/static,jar:file:/home/user/.m2/repository/org/apache/hadoop/hadoop-hdds-container-service/0.5.0-SNAPSHOT/hadoop-hdds-container-service-0.5.0-SNAPSHOT.jar!/webapps/static,UNAVAILABLE}
2019-10-10 03:24:31,190 [main] INFO  handler.ContextHandler (ContextHandler.java:doStop(910)) - Stopped o.e.j.s.ServletContextHandler@6edf29c1{/logs,file:///workdir/hadoop-ozone/integration-test/target/log,UNAVAILABLE}
2019-10-10 03:24:31,835 [Datanode State Machine Thread - 0] INFO  statemachine.DatanodeStateMachine (DatanodeStateMachine.java:lambda$startDaemon$0(350)) - Ozone container server started.
2019-10-10 03:24:32,036 [grpc-default-executor-8] WARN  server.GrpcLogAppender (LogUtils.java:warn(134)) - bf1e431a-ac22-4c3e-9988-b037a3e86b79@group-E714677D455E->cf7bb62d-ae02-4656-8788-4d6b65cde2e5-AppendLogResponseHandler: Failed appendEntries: org.apache.ratis.thirdparty.io.grpc.StatusRuntimeException: UNAVAILABLE: io exception
2019-10-10 03:24:32,039 [grpc-default-executor-8] INFO  impl.FollowerInfo (FollowerInfo.java:lambda$new$0(51)) - bf1e431a-ac22-4c3e-9988-b037a3e86b79@group-E714677D455E->cf7bb62d-ae02-4656-8788-4d6b65cde2e5: nextIndex: updateUnconditionally 0 -> 0
2019-10-10 03:24:32,502 [grpc-default-executor-2] WARN  server.GrpcLogAppender (LogUtils.java:warn(134)) - f91948bd-2887-4729-9be8-37aeea1ae085@group-0334129A7BAF->cf7bb62d-ae02-4656-8788-4d6b65cde2e5-AppendLogResponseHandler: Failed appendEntries: org.apache.ratis.thirdparty.io.grpc.StatusRuntimeException: UNAVAILABLE: io exception
2019-10-10 03:24:32,506 [grpc-default-executor-2] INFO  impl.FollowerInfo (FollowerInfo.java:lambda$new$0(51)) - f91948bd-2887-4729-9be8-37aeea1ae085@group-0334129A7BAF->cf7bb62d-ae02-4656-8788-4d6b65cde2e5: nextIndex: updateUnconditionally 0 -> 0
2019-10-10 03:24:33,323 [grpc-default-executor-10] WARN  server.GrpcLogAppender (LogUtils.java:warn(134)) - bf1e431a-ac22-4c3e-9988-b037a3e86b79@group-0126F1D0204A->cf7bb62d-ae02-4656-8788-4d6b65cde2e5-AppendLogResponseHandler: Failed appendEntries: org.apache.ratis.thirdparty.io.grpc.StatusRuntimeException: UNAVAILABLE: io exception
2019-10-10 03:24:33,326 [grpc-default-executor-10] INFO  impl.FollowerInfo (FollowerInfo.java:lambda$new$0(51)) - bf1e431a-ac22-4c3e-9988-b037a3e86b79@group-0126F1D0204A->cf7bb62d-ae02-4656-8788-4d6b65cde2e5: nextIndex: updateUnconditionally 10 -> 9
2019-10-10 03:24:33,859 [EventQueue-StaleNodeForStaleNodeHandler] INFO  node.StaleNodeHandler (StaleNodeHandler.java:onMessage(58)) - Datanode f91948bd-2887-4729-9be8-37aeea1ae085{ip: 192.168.30.11, host: pr-hdds-1569-bksrh-2736338786, networkLocation: /default-rack, certSerialId: null} moved to stale state. Finalizing its pipelines [PipelineID=766dac95-b40e-4a1a-829a-e714677d455e, PipelineID=2c807d56-2bea-4f65-9f5c-0e783ee0917e, PipelineID=78146ddb-2866-4940-be84-710a48aca19d, PipelineID=2045b84a-a425-4547-9bed-0126f1d0204a, PipelineID=c9708e75-615b-4ec0-b747-e0f0e67c15c8, PipelineID=933d51e4-6b29-45ed-9ac1-0334129a7baf, PipelineID=a3d5b19f-bf7e-4b67-ba55-f58b0447aa55, PipelineID=c8438979-6343-423c-bb81-0226f33d37e0]
2019-10-10 03:24:33,859 [EventQueue-StaleNodeForStaleNodeHandler] INFO  pipeline.SCMPipelineManager (SCMPipelineManager.java:finalizeAndDestroyPipeline(342)) - destroying pipeline:Pipeline[ Id: 766dac95-b40e-4a1a-829a-e714677d455e, Nodes: f91948bd-2887-4729-9be8-37aeea1ae085{ip: 192.168.30.11, host: pr-hdds-1569-bksrh-2736338786, networkLocation: /default-rack, certSerialId: null}bf1e431a-ac22-4c3e-9988-b037a3e86b79{ip: 192.168.30.11, host: pr-hdds-1569-bksrh-2736338786, networkLocation: /default-rack, certSerialId: null}cf7bb62d-ae02-4656-8788-4d6b65cde2e5{ip: 192.168.30.11, host: pr-hdds-1569-bksrh-2736338786, networkLocation: /default-rack, certSerialId: null}, Type:RATIS, Factor:THREE, State:CLOSED]
2019-10-10 03:24:33,860 [EventQueue-StaleNodeForStaleNodeHandler] INFO  pipeline.SCMPipelineManager (SCMPipelineManager.java:finalizeAndDestroyPipeline(342)) - destroying pipeline:Pipeline[ Id: 2c807d56-2bea-4f65-9f5c-0e783ee0917e, Nodes: bf1e431a-ac22-4c3e-9988-b037a3e86b79{ip: 192.168.30.11, host: pr-hdds-1569-bksrh-2736338786, networkLocation: /default-rack, certSerialId: null}f91948bd-2887-4729-9be8-37aeea1ae085{ip: 192.168.30.11, host: pr-hdds-1569-bksrh-2736338786, networkLocation: /default-rack, certSerialId: null}cf7bb62d-ae02-4656-8788-4d6b65cde2e5{ip: 192.168.30.11, host: pr-hdds-1569-bksrh-2736338786, networkLocation: /default-rack, certSerialId: null}, Type:RATIS, Factor:THREE, State:CLOSED]
2019-10-10 03:24:33,861 [EventQueue-StaleNodeForStaleNodeHandler] INFO  pipeline.SCMPipelineManager (SCMPipelineManager.java:finalizeAndDestroyPipeline(342)) - destroying pipeline:Pipeline[ Id: 78146ddb-2866-4940-be84-710a48aca19d, Nodes: bf1e431a-ac22-4c3e-9988-b037a3e86b79{ip: 192.168.30.11, host: pr-hdds-1569-bksrh-2736338786, networkLocation: /default-rack, certSerialId: null}cf7bb62d-ae02-4656-8788-4d6b65cde2e5{ip: 192.168.30.11, host: pr-hdds-1569-bksrh-2736338786, networkLocation: /default-rack, certSerialId: null}f91948bd-2887-4729-9be8-37aeea1ae085{ip: 192.168.30.11, host: pr-hdds-1569-bksrh-2736338786, networkLocation: /default-rack, certSerialId: null}, Type:RATIS, Factor:THREE, State:CLOSED]
2019-10-10 03:24:33,861 [EventQueue-StaleNodeForStaleNodeHandler] INFO  pipeline.SCMPipelineManager (SCMPipelineManager.java:finalizeAndDestroyPipeline(342)) - destroying pipeline:Pipeline[ Id: 2045b84a-a425-4547-9bed-0126f1d0204a, Nodes: cf7bb62d-ae02-4656-8788-4d6b65cde2e5{ip: 192.168.30.11, host: pr-hdds-1569-bksrh-2736338786, networkLocation: /default-rack, certSerialId: null}f91948bd-2887-4729-9be8-37aeea1ae085{ip: 192.168.30.11, host: pr-hdds-1569-bksrh-2736338786, networkLocation: /default-rack, certSerialId: null}bf1e431a-ac22-4c3e-9988-b037a3e86b79{ip: 192.168.30.11, host: pr-hdds-1569-bksrh-2736338786, networkLocation: /default-rack, certSerialId: null}, Type:RATIS, Factor:THREE, State:CLOSED]
2019-10-10 03:24:33,861 [EventQueue-StaleNodeForStaleNodeHandler] INFO  pipeline.SCMPipelineManager (SCMPipelineManager.java:finalizeAndDestroyPipeline(342)) - destroying pipeline:Pipeline[ Id: c9708e75-615b-4ec0-b747-e0f0e67c15c8, Nodes: bf1e431a-ac22-4c3e-9988-b037a3e86b79{ip: 192.168.30.11, host: pr-hdds-1569-bksrh-2736338786, networkLocation: /default-rack, certSerialId: null}f91948bd-2887-4729-9be8-37aeea1ae085{ip: 192.168.30.11, host: pr-hdds-1569-bksrh-2736338786, networkLocation: /default-rack, certSerialId: null}cf7bb62d-ae02-4656-8788-4d6b65cde2e5{ip: 192.168.30.11, host: pr-hdds-1569-bksrh-2736338786, networkLocation: /default-rack, certSerialId: null}, Type:RATIS, Factor:THREE, State:CLOSED]
2019-10-10 03:24:33,862 [EventQueue-StaleNodeForStaleNodeHandler] INFO  pipeline.SCMPipelineManager (SCMPipelineManager.java:finalizeAndDestroyPipeline(342)) - destroying pipeline:Pipeline[ Id: 933d51e4-6b29-45ed-9ac1-0334129a7baf, Nodes: f91948bd-2887-4729-9be8-37aeea1ae085{ip: 192.168.30.11, host: pr-hdds-1569-bksrh-2736338786, networkLocation: /default-rack, certSerialId: null}bf1e431a-ac22-4c3e-9988-b037a3e86b79{ip: 192.168.30.11, host: pr-hdds-1569-bksrh-2736338786, networkLocation: /default-rack, certSerialId: null}cf7bb62d-ae02-4656-8788-4d6b65cde2e5{ip: 192.168.30.11, host: pr-hdds-1569-bksrh-2736338786, networkLocation: /default-rack, certSerialId: null}, Type:RATIS, Factor:THREE, State:CLOSED]
2019-10-10 03:24:33,862 [EventQueue-StaleNodeForStaleNodeHandler] INFO  pipeline.SCMPipelineManager (SCMPipelineManager.java:finalizeAndDestroyPipeline(342)) - destroying pipeline:Pipeline[ Id: a3d5b19f-bf7e-4b67-ba55-f58b0447aa55, Nodes: f91948bd-2887-4729-9be8-37aeea1ae085{ip: 192.168.30.11, host: pr-hdds-1569-bksrh-2736338786, networkLocation: /default-rack, certSerialId: null}, Type:RATIS, Factor:ONE, State:OPEN]
2019-10-10 03:24:33,863 [EventQueue-StaleNodeForStaleNodeHandler] INFO  pipeline.PipelineStateManager (PipelineStateManager.java:finalizePipeline(123)) - Pipeline Pipeline[ Id: a3d5b19f-bf7e-4b67-ba55-f58b0447aa55, Nodes: f91948bd-2887-4729-9be8-37aeea1ae085{ip: 192.168.30.11, host: pr-hdds-1569-bksrh-2736338786, networkLocation: /default-rack, certSerialId: null}, Type:RATIS, Factor:ONE, State:CLOSED] moved to CLOSED state
2019-10-10 03:24:33,863 [EventQueue-StaleNodeForStaleNodeHandler] INFO  pipeline.SCMPipelineManager (SCMPipelineManager.java:finalizeAndDestroyPipeline(342)) - destroying pipeline:Pipeline[ Id: c8438979-6343-423c-bb81-0226f33d37e0, Nodes: bf1e431a-ac22-4c3e-9988-b037a3e86b79{ip: 192.168.30.11, host: pr-hdds-1569-bksrh-2736338786, networkLocation: /default-rack, certSerialId: null}cf7bb62d-ae02-4656-8788-4d6b65cde2e5{ip: 192.168.30.11, host: pr-hdds-1569-bksrh-2736338786, networkLocation: /default-rack, certSerialId: null}f91948bd-2887-4729-9be8-37aeea1ae085{ip: 192.168.30.11, host: pr-hdds-1569-bksrh-2736338786, networkLocation: /default-rack, certSerialId: null}, Type:RATIS, Factor:THREE, State:CLOSED]
2019-10-10 03:24:34,532 [grpc-default-executor-12] WARN  server.GrpcLogAppender (LogUtils.java:warn(134)) - bf1e431a-ac22-4c3e-9988-b037a3e86b79@group-E714677D455E->cf7bb62d-ae02-4656-8788-4d6b65cde2e5-AppendLogResponseHandler: Failed appendEntries: org.apache.ratis.thirdparty.io.grpc.StatusRuntimeException: UNAVAILABLE: io exception
2019-10-10 03:24:34,546 [grpc-default-executor-12] INFO  impl.FollowerInfo (FollowerInfo.java:lambda$new$0(51)) - bf1e431a-ac22-4c3e-9988-b037a3e86b79@group-E714677D455E->cf7bb62d-ae02-4656-8788-4d6b65cde2e5: nextIndex: updateUnconditionally 0 -> 0
2019-10-10 03:24:34,915 [Thread-410] INFO  impl.FollowerState (FollowerState.java:run(106)) - f91948bd-2887-4729-9be8-37aeea1ae085:group-E0F0E67C15C8 changes to CANDIDATE, lastRpcTime:5175, electionTimeout:5169ms
2019-10-10 03:24:34,918 [Thread-410] INFO  impl.RoleInfo (RoleInfo.java:shutdownFollowerState(121)) - f91948bd-2887-4729-9be8-37aeea1ae085: shutdown FollowerState
2019-10-10 03:24:34,918 [Thread-410] INFO  impl.RaftServerImpl (RaftServerImpl.java:setRole(174)) - f91948bd-2887-4729-9be8-37aeea1ae085@group-E0F0E67C15C8: changes role from  FOLLOWER to CANDIDATE at term 1 for changeToCandidate
2019-10-10 03:24:34,919 [Thread-410] INFO  impl.RoleInfo (RoleInfo.java:updateAndGet(143)) - f91948bd-2887-4729-9be8-37aeea1ae085: start LeaderElection
2019-10-10 03:24:34,920 [f91948bd-2887-4729-9be8-37aeea1ae085@group-E0F0E67C15C8:LeaderElection26] INFO  impl.RaftServerImpl (ServerState.java:setLeader(253)) - f91948bd-2887-4729-9be8-37aeea1ae085@group-E0F0E67C15C8: change Leader from cf7bb62d-ae02-4656-8788-4d6b65cde2e5 to null at term 1 for initElection
2019-10-10 03:24:34,932 [Thread-435] INFO  impl.FollowerState (FollowerState.java:run(106)) - bf1e431a-ac22-4c3e-9988-b037a3e86b79:group-0E783EE0917E changes to CANDIDATE, lastRpcTime:5128, electionTimeout:5045ms
2019-10-10 03:24:34,932 [Thread-435] INFO  impl.RoleInfo (RoleInfo.java:shutdownFollowerState(121)) - bf1e431a-ac22-4c3e-9988-b037a3e86b79: shutdown FollowerState
2019-10-10 03:24:34,932 [Thread-435] INFO  impl.RaftServerImpl (RaftServerImpl.java:setRole(174)) - bf1e431a-ac22-4c3e-9988-b037a3e86b79@group-0E783EE0917E: changes role from  FOLLOWER to CANDIDATE at term 1 for changeToCandidate
2019-10-10 03:24:34,932 [Thread-435] INFO  impl.RoleInfo (RoleInfo.java:updateAndGet(143)) - bf1e431a-ac22-4c3e-9988-b037a3e86b79: start LeaderElection
2019-10-10 03:24:34,934 [bf1e431a-ac22-4c3e-9988-b037a3e86b79@group-0E783EE0917E:LeaderElection27] INFO  impl.RaftServerImpl (ServerState.java:setLeader(253)) - bf1e431a-ac22-4c3e-9988-b037a3e86b79@group-0E783EE0917E: change Leader from cf7bb62d-ae02-4656-8788-4d6b65cde2e5 to null at term 1 for initElection
2019-10-10 03:24:34,946 [f91948bd-2887-4729-9be8-37aeea1ae085@group-E0F0E67C15C8:LeaderElection26] INFO  impl.LeaderElection (LeaderElection.java:askForVotes(182)) - f91948bd-2887-4729-9be8-37aeea1ae085@group-E0F0E67C15C8:LeaderElection26: begin an election at term 2 for 0: [bf1e431a-ac22-4c3e-9988-b037a3e86b79:192.168.30.11:40416, f91948bd-2887-4729-9be8-37aeea1ae085:192.168.30.11:34840, cf7bb62d-ae02-4656-8788-4d6b65cde2e5:192.168.30.11:43063], old=null
2019-10-10 03:24:34,948 [bf1e431a-ac22-4c3e-9988-b037a3e86b79@group-0E783EE0917E:LeaderElection27] INFO  impl.LeaderElection (LeaderElection.java:askForVotes(182)) - bf1e431a-ac22-4c3e-9988-b037a3e86b79@group-0E783EE0917E:LeaderElection27: begin an election at term 2 for 0: [bf1e431a-ac22-4c3e-9988-b037a3e86b79:192.168.30.11:40416, f91948bd-2887-4729-9be8-37aeea1ae085:192.168.30.11:34840, cf7bb62d-ae02-4656-8788-4d6b65cde2e5:192.168.30.11:43063], old=null
2019-10-10 03:24:34,952 [grpc-default-executor-12] INFO  impl.RaftServerImpl (ServerState.java:setLeader(253)) - bf1e431a-ac22-4c3e-9988-b037a3e86b79@group-E0F0E67C15C8: change Leader from cf7bb62d-ae02-4656-8788-4d6b65cde2e5 to null at term 2 for updateCurrentTerm
2019-10-10 03:24:34,952 [f91948bd-2887-4729-9be8-37aeea1ae085@group-E0F0E67C15C8:LeaderElection26] INFO  impl.LeaderElection (LogUtils.java:infoOrTrace(149)) - f91948bd-2887-4729-9be8-37aeea1ae085@group-E0F0E67C15C8:LeaderElection26 got exception when requesting votes: {}
java.util.concurrent.ExecutionException: org.apache.ratis.thirdparty.io.grpc.StatusRuntimeException: UNAVAILABLE: io exception
	at java.util.concurrent.FutureTask.report(FutureTask.java:122)
	at java.util.concurrent.FutureTask.get(FutureTask.java:192)
	at org.apache.ratis.server.impl.LeaderElection.waitForResults(LeaderElection.java:263)
	at org.apache.ratis.server.impl.LeaderElection.askForVotes(LeaderElection.java:201)
	at org.apache.ratis.server.impl.LeaderElection.run(LeaderElection.java:133)
	at java.lang.Thread.run(Thread.java:748)
Caused by: org.apache.ratis.thirdparty.io.grpc.StatusRuntimeException: UNAVAILABLE: io exception
	at org.apache.ratis.thirdparty.io.grpc.stub.ClientCalls.toStatusRuntimeException(ClientCalls.java:233)
	at org.apache.ratis.thirdparty.io.grpc.stub.ClientCalls.getUnchecked(ClientCalls.java:214)
	at org.apache.ratis.thirdparty.io.grpc.stub.ClientCalls.blockingUnaryCall(ClientCalls.java:139)
	at org.apache.ratis.proto.grpc.RaftServerProtocolServiceGrpc$RaftServerProtocolServiceBlockingStub.requestVote(RaftServerProtocolServiceGrpc.java:265)
	at org.apache.ratis.grpc.server.GrpcServerProtocolClient.requestVote(GrpcServerProtocolClient.java:90)
	at org.apache.ratis.grpc.server.GrpcService.requestVote(GrpcService.java:204)
	at org.apache.ratis.server.impl.LeaderElection.lambda$submitRequests$1(LeaderElection.java:238)
	at java.util.concurrent.FutureTask.run(FutureTask.java:266)
	at java.util.concurrent.Executors$RunnableAdapter.call(Executors.java:511)
	at java.util.concurrent.FutureTask.run(FutureTask.java:266)
	at java.util.concurrent.ThreadPoolExecutor.runWorker(ThreadPoolExecutor.java:1149)
	at java.util.concurrent.ThreadPoolExecutor$Worker.run(ThreadPoolExecutor.java:624)
	... 1 more
Caused by: org.apache.ratis.thirdparty.io.netty.channel.AbstractChannel$AnnotatedConnectException: Connection refused: /192.168.30.11:43063
	at sun.nio.ch.SocketChannelImpl.checkConnect(Native Method)
	at sun.nio.ch.SocketChannelImpl.finishConnect(SocketChannelImpl.java:717)
	at org.apache.ratis.thirdparty.io.netty.channel.socket.nio.NioSocketChannel.doFinishConnect(NioSocketChannel.java:327)
	at org.apache.ratis.thirdparty.io.netty.channel.nio.AbstractNioChannel$AbstractNioUnsafe.finishConnect(AbstractNioChannel.java:340)
	at org.apache.ratis.thirdparty.io.netty.channel.nio.NioEventLoop.processSelectedKey(NioEventLoop.java:632)
	at org.apache.ratis.thirdparty.io.netty.channel.nio.NioEventLoop.processSelectedKeysOptimized(NioEventLoop.java:579)
	at org.apache.ratis.thirdparty.io.netty.channel.nio.NioEventLoop.processSelectedKeys(NioEventLoop.java:496)
	at org.apache.ratis.thirdparty.io.netty.channel.nio.NioEventLoop.run(NioEventLoop.java:458)
	at org.apache.ratis.thirdparty.io.netty.util.concurrent.SingleThreadEventExecutor$5.run(SingleThreadEventExecutor.java:897)
	at org.apache.ratis.thirdparty.io.netty.util.concurrent.FastThreadLocalRunnable.run(FastThreadLocalRunnable.java:30)
	... 1 more
Caused by: java.net.ConnectException: Connection refused
	... 11 more
2019-10-10 03:24:34,952 [grpc-default-executor-12] INFO  impl.RaftServerImpl (RaftServerImpl.java:setRole(174)) - bf1e431a-ac22-4c3e-9988-b037a3e86b79@group-E0F0E67C15C8: changes role from  FOLLOWER to FOLLOWER at term 2 for recognizeCandidate:f91948bd-2887-4729-9be8-37aeea1ae085
2019-10-10 03:24:34,954 [grpc-default-executor-12] INFO  impl.RoleInfo (RoleInfo.java:shutdownFollowerState(121)) - bf1e431a-ac22-4c3e-9988-b037a3e86b79: shutdown FollowerState
2019-10-10 03:24:34,955 [Thread-408] INFO  impl.FollowerState (FollowerState.java:run(115)) - bf1e431a-ac22-4c3e-9988-b037a3e86b79: FollowerState was interrupted: java.lang.InterruptedException: sleep interrupted
2019-10-10 03:24:34,955 [grpc-default-executor-12] INFO  impl.RoleInfo (RoleInfo.java:updateAndGet(143)) - bf1e431a-ac22-4c3e-9988-b037a3e86b79: start FollowerState
2019-10-10 03:24:34,956 [Thread-404] INFO  impl.FollowerState (FollowerState.java:run(106)) - f91948bd-2887-4729-9be8-37aeea1ae085:group-710A48ACA19D changes to CANDIDATE, lastRpcTime:5355, electionTimeout:5140ms
2019-10-10 03:24:34,956 [bf1e431a-ac22-4c3e-9988-b037a3e86b79@group-0E783EE0917E:LeaderElection27] INFO  impl.LeaderElection (LogUtils.java:infoOrTrace(149)) - bf1e431a-ac22-4c3e-9988-b037a3e86b79@group-0E783EE0917E:LeaderElection27 got exception when requesting votes: {}
java.util.concurrent.ExecutionException: org.apache.ratis.thirdparty.io.grpc.StatusRuntimeException: UNAVAILABLE: io exception
	at java.util.concurrent.FutureTask.report(FutureTask.java:122)
	at java.util.concurrent.FutureTask.get(FutureTask.java:192)
	at org.apache.ratis.server.impl.LeaderElection.waitForResults(LeaderElection.java:263)
	at org.apache.ratis.server.impl.LeaderElection.askForVotes(LeaderElection.java:201)
	at org.apache.ratis.server.impl.LeaderElection.run(LeaderElection.java:133)
	at java.lang.Thread.run(Thread.java:748)
Caused by: org.apache.ratis.thirdparty.io.grpc.StatusRuntimeException: UNAVAILABLE: io exception
	at org.apache.ratis.thirdparty.io.grpc.stub.ClientCalls.toStatusRuntimeException(ClientCalls.java:233)
	at org.apache.ratis.thirdparty.io.grpc.stub.ClientCalls.getUnchecked(ClientCalls.java:214)
	at org.apache.ratis.thirdparty.io.grpc.stub.ClientCalls.blockingUnaryCall(ClientCalls.java:139)
	at org.apache.ratis.proto.grpc.RaftServerProtocolServiceGrpc$RaftServerProtocolServiceBlockingStub.requestVote(RaftServerProtocolServiceGrpc.java:265)
	at org.apache.ratis.grpc.server.GrpcServerProtocolClient.requestVote(GrpcServerProtocolClient.java:90)
	at org.apache.ratis.grpc.server.GrpcService.requestVote(GrpcService.java:204)
	at org.apache.ratis.server.impl.LeaderElection.lambda$submitRequests$1(LeaderElection.java:238)
	at java.util.concurrent.FutureTask.run(FutureTask.java:266)
	at java.util.concurrent.Executors$RunnableAdapter.call(Executors.java:511)
	at java.util.concurrent.FutureTask.run(FutureTask.java:266)
	at java.util.concurrent.ThreadPoolExecutor.runWorker(ThreadPoolExecutor.java:1149)
	at java.util.concurrent.ThreadPoolExecutor$Worker.run(ThreadPoolExecutor.java:624)
	... 1 more
Caused by: org.apache.ratis.thirdparty.io.netty.channel.AbstractChannel$AnnotatedConnectException: Connection refused: /192.168.30.11:43063
	at sun.nio.ch.SocketChannelImpl.checkConnect(Native Method)
	at sun.nio.ch.SocketChannelImpl.finishConnect(SocketChannelImpl.java:717)
	at org.apache.ratis.thirdparty.io.netty.channel.socket.nio.NioSocketChannel.doFinishConnect(NioSocketChannel.java:327)
	at org.apache.ratis.thirdparty.io.netty.channel.nio.AbstractNioChannel$AbstractNioUnsafe.finishConnect(AbstractNioChannel.java:340)
	at org.apache.ratis.thirdparty.io.netty.channel.nio.NioEventLoop.processSelectedKey(NioEventLoop.java:632)
	at org.apache.ratis.thirdparty.io.netty.channel.nio.NioEventLoop.processSelectedKeysOptimized(NioEventLoop.java:579)
	at org.apache.ratis.thirdparty.io.netty.channel.nio.NioEventLoop.processSelectedKeys(NioEventLoop.java:496)
	at org.apache.ratis.thirdparty.io.netty.channel.nio.NioEventLoop.run(NioEventLoop.java:458)
	at org.apache.ratis.thirdparty.io.netty.util.concurrent.SingleThreadEventExecutor$5.run(SingleThreadEventExecutor.java:897)
	at org.apache.ratis.thirdparty.io.netty.util.concurrent.FastThreadLocalRunnable.run(FastThreadLocalRunnable.java:30)
	... 1 more
Caused by: java.net.ConnectException: Connection refused
	... 11 more
2019-10-10 03:24:34,957 [grpc-default-executor-2] INFO  impl.RaftServerImpl (ServerState.java:setLeader(253)) - f91948bd-2887-4729-9be8-37aeea1ae085@group-0E783EE0917E: change Leader from cf7bb62d-ae02-4656-8788-4d6b65cde2e5 to null at term 2 for updateCurrentTerm
2019-10-10 03:24:34,957 [Thread-404] INFO  impl.RoleInfo (RoleInfo.java:shutdownFollowerState(121)) - f91948bd-2887-4729-9be8-37aeea1ae085: shutdown FollowerState
2019-10-10 03:24:34,959 [grpc-default-executor-2] INFO  impl.RaftServerImpl (RaftServerImpl.java:setRole(174)) - f91948bd-2887-4729-9be8-37aeea1ae085@group-0E783EE0917E: changes role from  FOLLOWER to FOLLOWER at term 2 for recognizeCandidate:bf1e431a-ac22-4c3e-9988-b037a3e86b79
2019-10-10 03:24:34,959 [Thread-404] INFO  impl.RaftServerImpl (RaftServerImpl.java:setRole(174)) - f91948bd-2887-4729-9be8-37aeea1ae085@group-710A48ACA19D: changes role from  FOLLOWER to CANDIDATE at term 1 for changeToCandidate
2019-10-10 03:24:34,959 [grpc-default-executor-2] INFO  impl.RoleInfo (RoleInfo.java:shutdownFollowerState(121)) - f91948bd-2887-4729-9be8-37aeea1ae085: shutdown FollowerState
2019-10-10 03:24:34,959 [Thread-404] INFO  impl.RoleInfo (RoleInfo.java:updateAndGet(143)) - f91948bd-2887-4729-9be8-37aeea1ae085: start LeaderElection
2019-10-10 03:24:34,959 [grpc-default-executor-2] INFO  impl.RoleInfo (RoleInfo.java:updateAndGet(143)) - f91948bd-2887-4729-9be8-37aeea1ae085: start FollowerState
2019-10-10 03:24:34,959 [Thread-415] INFO  impl.FollowerState (FollowerState.java:run(115)) - f91948bd-2887-4729-9be8-37aeea1ae085: FollowerState was interrupted: java.lang.InterruptedException: sleep interrupted
2019-10-10 03:24:34,962 [f91948bd-2887-4729-9be8-37aeea1ae085@group-710A48ACA19D:LeaderElection28] INFO  impl.RaftServerImpl (ServerState.java:setLeader(253)) - f91948bd-2887-4729-9be8-37aeea1ae085@group-710A48ACA19D: change Leader from cf7bb62d-ae02-4656-8788-4d6b65cde2e5 to null at term 1 for initElection
2019-10-10 03:24:34,984 [f91948bd-2887-4729-9be8-37aeea1ae085@group-710A48ACA19D:LeaderElection28] INFO  impl.LeaderElection (LeaderElection.java:askForVotes(182)) - f91948bd-2887-4729-9be8-37aeea1ae085@group-710A48ACA19D:LeaderElection28: begin an election at term 2 for 0: [bf1e431a-ac22-4c3e-9988-b037a3e86b79:192.168.30.11:40416, f91948bd-2887-4729-9be8-37aeea1ae085:192.168.30.11:34840, cf7bb62d-ae02-4656-8788-4d6b65cde2e5:192.168.30.11:43063], old=null
2019-10-10 03:24:34,986 [f91948bd-2887-4729-9be8-37aeea1ae085@group-710A48ACA19D:LeaderElection28] INFO  impl.LeaderElection (LogUtils.java:infoOrTrace(149)) - f91948bd-2887-4729-9be8-37aeea1ae085@group-710A48ACA19D:LeaderElection28 got exception when requesting votes: {}
java.util.concurrent.ExecutionException: org.apache.ratis.thirdparty.io.grpc.StatusRuntimeException: UNAVAILABLE: io exception
	at java.util.concurrent.FutureTask.report(FutureTask.java:122)
	at java.util.concurrent.FutureTask.get(FutureTask.java:192)
	at org.apache.ratis.server.impl.LeaderElection.waitForResults(LeaderElection.java:263)
	at org.apache.ratis.server.impl.LeaderElection.askForVotes(LeaderElection.java:201)
	at org.apache.ratis.server.impl.LeaderElection.run(LeaderElection.java:133)
	at java.lang.Thread.run(Thread.java:748)
Caused by: org.apache.ratis.thirdparty.io.grpc.StatusRuntimeException: UNAVAILABLE: io exception
	at org.apache.ratis.thirdparty.io.grpc.stub.ClientCalls.toStatusRuntimeException(ClientCalls.java:233)
	at org.apache.ratis.thirdparty.io.grpc.stub.ClientCalls.getUnchecked(ClientCalls.java:214)
	at org.apache.ratis.thirdparty.io.grpc.stub.ClientCalls.blockingUnaryCall(ClientCalls.java:139)
	at org.apache.ratis.proto.grpc.RaftServerProtocolServiceGrpc$RaftServerProtocolServiceBlockingStub.requestVote(RaftServerProtocolServiceGrpc.java:265)
	at org.apache.ratis.grpc.server.GrpcServerProtocolClient.requestVote(GrpcServerProtocolClient.java:90)
	at org.apache.ratis.grpc.server.GrpcService.requestVote(GrpcService.java:204)
	at org.apache.ratis.server.impl.LeaderElection.lambda$submitRequests$1(LeaderElection.java:238)
	at java.util.concurrent.FutureTask.run(FutureTask.java:266)
	at java.util.concurrent.Executors$RunnableAdapter.call(Executors.java:511)
	at java.util.concurrent.FutureTask.run(FutureTask.java:266)
	at java.util.concurrent.ThreadPoolExecutor.runWorker(ThreadPoolExecutor.java:1149)
	at java.util.concurrent.ThreadPoolExecutor$Worker.run(ThreadPoolExecutor.java:624)
	... 1 more
Caused by: org.apache.ratis.thirdparty.io.netty.channel.AbstractChannel$AnnotatedConnectException: Connection refused: /192.168.30.11:43063
	at sun.nio.ch.SocketChannelImpl.checkConnect(Native Method)
	at sun.nio.ch.SocketChannelImpl.finishConnect(SocketChannelImpl.java:717)
	at org.apache.ratis.thirdparty.io.netty.channel.socket.nio.NioSocketChannel.doFinishConnect(NioSocketChannel.java:327)
	at org.apache.ratis.thirdparty.io.netty.channel.nio.AbstractNioChannel$AbstractNioUnsafe.finishConnect(AbstractNioChannel.java:340)
	at org.apache.ratis.thirdparty.io.netty.channel.nio.NioEventLoop.processSelectedKey(NioEventLoop.java:632)
	at org.apache.ratis.thirdparty.io.netty.channel.nio.NioEventLoop.processSelectedKeysOptimized(NioEventLoop.java:579)
	at org.apache.ratis.thirdparty.io.netty.channel.nio.NioEventLoop.processSelectedKeys(NioEventLoop.java:496)
	at org.apache.ratis.thirdparty.io.netty.channel.nio.NioEventLoop.run(NioEventLoop.java:458)
	at org.apache.ratis.thirdparty.io.netty.util.concurrent.SingleThreadEventExecutor$5.run(SingleThreadEventExecutor.java:897)
	at org.apache.ratis.thirdparty.io.netty.util.concurrent.FastThreadLocalRunnable.run(FastThreadLocalRunnable.java:30)
	... 1 more
Caused by: java.net.ConnectException: Connection refused
	... 11 more
2019-10-10 03:24:34,989 [f91948bd-2887-4729-9be8-37aeea1ae085@group-E0F0E67C15C8:LeaderElection26] INFO  impl.LeaderElection (LeaderElection.java:logAndReturn(56)) - f91948bd-2887-4729-9be8-37aeea1ae085@group-E0F0E67C15C8:LeaderElection26: Election PASSED; received 1 response(s) [f91948bd-2887-4729-9be8-37aeea1ae085<-bf1e431a-ac22-4c3e-9988-b037a3e86b79#0:OK-t2] and 1 exception(s); f91948bd-2887-4729-9be8-37aeea1ae085@group-E0F0E67C15C8:t2, leader=null, voted=f91948bd-2887-4729-9be8-37aeea1ae085, raftlog=f91948bd-2887-4729-9be8-37aeea1ae085@group-E0F0E67C15C8-SegmentedRaftLog:OPENED:c0,f0,i0, conf=0: [bf1e431a-ac22-4c3e-9988-b037a3e86b79:192.168.30.11:40416, f91948bd-2887-4729-9be8-37aeea1ae085:192.168.30.11:34840, cf7bb62d-ae02-4656-8788-4d6b65cde2e5:192.168.30.11:43063], old=null
2019-10-10 03:24:34,989 [bf1e431a-ac22-4c3e-9988-b037a3e86b79@group-0E783EE0917E:LeaderElection27] INFO  impl.LeaderElection (LeaderElection.java:logAndReturn(56)) - bf1e431a-ac22-4c3e-9988-b037a3e86b79@group-0E783EE0917E:LeaderElection27: Election PASSED; received 1 response(s) [bf1e431a-ac22-4c3e-9988-b037a3e86b79<-f91948bd-2887-4729-9be8-37aeea1ae085#0:OK-t2] and 1 exception(s); bf1e431a-ac22-4c3e-9988-b037a3e86b79@group-0E783EE0917E:t2, leader=null, voted=bf1e431a-ac22-4c3e-9988-b037a3e86b79, raftlog=bf1e431a-ac22-4c3e-9988-b037a3e86b79@group-0E783EE0917E-SegmentedRaftLog:OPENED:c0,f0,i0, conf=0: [bf1e431a-ac22-4c3e-9988-b037a3e86b79:192.168.30.11:40416, f91948bd-2887-4729-9be8-37aeea1ae085:192.168.30.11:34840, cf7bb62d-ae02-4656-8788-4d6b65cde2e5:192.168.30.11:43063], old=null
2019-10-10 03:24:34,989 [f91948bd-2887-4729-9be8-37aeea1ae085@group-E0F0E67C15C8:LeaderElection26] INFO  impl.LeaderElection (LogUtils.java:infoOrTrace(149)) -   Exception 0: {}
java.util.concurrent.ExecutionException: org.apache.ratis.thirdparty.io.grpc.StatusRuntimeException: UNAVAILABLE: io exception
	at java.util.concurrent.FutureTask.report(FutureTask.java:122)
	at java.util.concurrent.FutureTask.get(FutureTask.java:192)
	at org.apache.ratis.server.impl.LeaderElection.waitForResults(LeaderElection.java:263)
	at org.apache.ratis.server.impl.LeaderElection.askForVotes(LeaderElection.java:201)
	at org.apache.ratis.server.impl.LeaderElection.run(LeaderElection.java:133)
	at java.lang.Thread.run(Thread.java:748)
Caused by: org.apache.ratis.thirdparty.io.grpc.StatusRuntimeException: UNAVAILABLE: io exception
	at org.apache.ratis.thirdparty.io.grpc.stub.ClientCalls.toStatusRuntimeException(ClientCalls.java:233)
	at org.apache.ratis.thirdparty.io.grpc.stub.ClientCalls.getUnchecked(ClientCalls.java:214)
	at org.apache.ratis.thirdparty.io.grpc.stub.ClientCalls.blockingUnaryCall(ClientCalls.java:139)
	at org.apache.ratis.proto.grpc.RaftServerProtocolServiceGrpc$RaftServerProtocolServiceBlockingStub.requestVote(RaftServerProtocolServiceGrpc.java:265)
	at org.apache.ratis.grpc.server.GrpcServerProtocolClient.requestVote(GrpcServerProtocolClient.java:90)
	at org.apache.ratis.grpc.server.GrpcService.requestVote(GrpcService.java:204)
	at org.apache.ratis.server.impl.LeaderElection.lambda$submitRequests$1(LeaderElection.java:238)
	at java.util.concurrent.FutureTask.run(FutureTask.java:266)
	at java.util.concurrent.Executors$RunnableAdapter.call(Executors.java:511)
	at java.util.concurrent.FutureTask.run(FutureTask.java:266)
	at java.util.concurrent.ThreadPoolExecutor.runWorker(ThreadPoolExecutor.java:1149)
	at java.util.concurrent.ThreadPoolExecutor$Worker.run(ThreadPoolExecutor.java:624)
	... 1 more
Caused by: org.apache.ratis.thirdparty.io.netty.channel.AbstractChannel$AnnotatedConnectException: Connection refused: /192.168.30.11:43063
	at sun.nio.ch.SocketChannelImpl.checkConnect(Native Method)
	at sun.nio.ch.SocketChannelImpl.finishConnect(SocketChannelImpl.java:717)
	at org.apache.ratis.thirdparty.io.netty.channel.socket.nio.NioSocketChannel.doFinishConnect(NioSocketChannel.java:327)
	at org.apache.ratis.thirdparty.io.netty.channel.nio.AbstractNioChannel$AbstractNioUnsafe.finishConnect(AbstractNioChannel.java:340)
	at org.apache.ratis.thirdparty.io.netty.channel.nio.NioEventLoop.processSelectedKey(NioEventLoop.java:632)
	at org.apache.ratis.thirdparty.io.netty.channel.nio.NioEventLoop.processSelectedKeysOptimized(NioEventLoop.java:579)
	at org.apache.ratis.thirdparty.io.netty.channel.nio.NioEventLoop.processSelectedKeys(NioEventLoop.java:496)
	at org.apache.ratis.thirdparty.io.netty.channel.nio.NioEventLoop.run(NioEventLoop.java:458)
	at org.apache.ratis.thirdparty.io.netty.util.concurrent.SingleThreadEventExecutor$5.run(SingleThreadEventExecutor.java:897)
	at org.apache.ratis.thirdparty.io.netty.util.concurrent.FastThreadLocalRunnable.run(FastThreadLocalRunnable.java:30)
	... 1 more
Caused by: java.net.ConnectException: Connection refused
	... 11 more
2019-10-10 03:24:34,991 [grpc-default-executor-12] INFO  impl.RaftServerImpl (ServerState.java:setLeader(253)) - bf1e431a-ac22-4c3e-9988-b037a3e86b79@group-710A48ACA19D: change Leader from cf7bb62d-ae02-4656-8788-4d6b65cde2e5 to null at term 2 for updateCurrentTerm
2019-10-10 03:24:34,989 [bf1e431a-ac22-4c3e-9988-b037a3e86b79@group-0E783EE0917E:LeaderElection27] INFO  impl.LeaderElection (LogUtils.java:infoOrTrace(149)) -   Exception 0: {}
java.util.concurrent.ExecutionException: org.apache.ratis.thirdparty.io.grpc.StatusRuntimeException: UNAVAILABLE: io exception
	at java.util.concurrent.FutureTask.report(FutureTask.java:122)
	at java.util.concurrent.FutureTask.get(FutureTask.java:192)
	at org.apache.ratis.server.impl.LeaderElection.waitForResults(LeaderElection.java:263)
	at org.apache.ratis.server.impl.LeaderElection.askForVotes(LeaderElection.java:201)
	at org.apache.ratis.server.impl.LeaderElection.run(LeaderElection.java:133)
	at java.lang.Thread.run(Thread.java:748)
Caused by: org.apache.ratis.thirdparty.io.grpc.StatusRuntimeException: UNAVAILABLE: io exception
	at org.apache.ratis.thirdparty.io.grpc.stub.ClientCalls.toStatusRuntimeException(ClientCalls.java:233)
	at org.apache.ratis.thirdparty.io.grpc.stub.ClientCalls.getUnchecked(ClientCalls.java:214)
	at org.apache.ratis.thirdparty.io.grpc.stub.ClientCalls.blockingUnaryCall(ClientCalls.java:139)
	at org.apache.ratis.proto.grpc.RaftServerProtocolServiceGrpc$RaftServerProtocolServiceBlockingStub.requestVote(RaftServerProtocolServiceGrpc.java:265)
	at org.apache.ratis.grpc.server.GrpcServerProtocolClient.requestVote(GrpcServerProtocolClient.java:90)
	at org.apache.ratis.grpc.server.GrpcService.requestVote(GrpcService.java:204)
	at org.apache.ratis.server.impl.LeaderElection.lambda$submitRequests$1(LeaderElection.java:238)
	at java.util.concurrent.FutureTask.run(FutureTask.java:266)
	at java.util.concurrent.Executors$RunnableAdapter.call(Executors.java:511)
	at java.util.concurrent.FutureTask.run(FutureTask.java:266)
	at java.util.concurrent.ThreadPoolExecutor.runWorker(ThreadPoolExecutor.java:1149)
	at java.util.concurrent.ThreadPoolExecutor$Worker.run(ThreadPoolExecutor.java:624)
	... 1 more
Caused by: org.apache.ratis.thirdparty.io.netty.channel.AbstractChannel$AnnotatedConnectException: Connection refused: /192.168.30.11:43063
	at sun.nio.ch.SocketChannelImpl.checkConnect(Native Method)
	at sun.nio.ch.SocketChannelImpl.finishConnect(SocketChannelImpl.java:717)
	at org.apache.ratis.thirdparty.io.netty.channel.socket.nio.NioSocketChannel.doFinishConnect(NioSocketChannel.java:327)
	at org.apache.ratis.thirdparty.io.netty.channel.nio.AbstractNioChannel$AbstractNioUnsafe.finishConnect(AbstractNioChannel.java:340)
	at org.apache.ratis.thirdparty.io.netty.channel.nio.NioEventLoop.processSelectedKey(NioEventLoop.java:632)
	at org.apache.ratis.thirdparty.io.netty.channel.nio.NioEventLoop.processSelectedKeysOptimized(NioEventLoop.java:579)
	at org.apache.ratis.thirdparty.io.netty.channel.nio.NioEventLoop.processSelectedKeys(NioEventLoop.java:496)
	at org.apache.ratis.thirdparty.io.netty.channel.nio.NioEventLoop.run(NioEventLoop.java:458)
	at org.apache.ratis.thirdparty.io.netty.util.concurrent.SingleThreadEventExecutor$5.run(SingleThreadEventExecutor.java:897)
	at org.apache.ratis.thirdparty.io.netty.util.concurrent.FastThreadLocalRunnable.run(FastThreadLocalRunnable.java:30)
	... 1 more
Caused by: java.net.ConnectException: Connection refused
	... 11 more
2019-10-10 03:24:34,992 [grpc-default-executor-12] INFO  impl.RaftServerImpl (RaftServerImpl.java:setRole(174)) - bf1e431a-ac22-4c3e-9988-b037a3e86b79@group-710A48ACA19D: changes role from  FOLLOWER to FOLLOWER at term 2 for recognizeCandidate:f91948bd-2887-4729-9be8-37aeea1ae085
2019-10-10 03:24:34,992 [f91948bd-2887-4729-9be8-37aeea1ae085@group-E0F0E67C15C8:LeaderElection26] INFO  impl.RoleInfo (RoleInfo.java:shutdownLeaderElection(134)) - f91948bd-2887-4729-9be8-37aeea1ae085: shutdown LeaderElection
2019-10-10 03:24:34,993 [grpc-default-executor-12] INFO  impl.RoleInfo (RoleInfo.java:shutdownFollowerState(121)) - bf1e431a-ac22-4c3e-9988-b037a3e86b79: shutdown FollowerState
2019-10-10 03:24:34,993 [bf1e431a-ac22-4c3e-9988-b037a3e86b79@group-0E783EE0917E:LeaderElection27] INFO  impl.RoleInfo (RoleInfo.java:shutdownLeaderElection(134)) - bf1e431a-ac22-4c3e-9988-b037a3e86b79: shutdown LeaderElection
2019-10-10 03:24:34,994 [Thread-388] INFO  impl.FollowerState (FollowerState.java:run(115)) - bf1e431a-ac22-4c3e-9988-b037a3e86b79: FollowerState was interrupted: java.lang.InterruptedException: sleep interrupted
2019-10-10 03:24:34,994 [grpc-default-executor-12] INFO  impl.RoleInfo (RoleInfo.java:updateAndGet(143)) - bf1e431a-ac22-4c3e-9988-b037a3e86b79: start FollowerState
2019-10-10 03:24:34,994 [f91948bd-2887-4729-9be8-37aeea1ae085@group-E0F0E67C15C8:LeaderElection26] INFO  impl.RaftServerImpl (RaftServerImpl.java:setRole(174)) - f91948bd-2887-4729-9be8-37aeea1ae085@group-E0F0E67C15C8: changes role from CANDIDATE to LEADER at term 2 for changeToLeader
2019-10-10 03:24:34,994 [f91948bd-2887-4729-9be8-37aeea1ae085@group-E0F0E67C15C8:LeaderElection26] INFO  impl.RaftServerImpl (ServerState.java:setLeader(253)) - f91948bd-2887-4729-9be8-37aeea1ae085@group-E0F0E67C15C8: change Leader from null to f91948bd-2887-4729-9be8-37aeea1ae085 at term 2 for becomeLeader, leader elected after 73ms
2019-10-10 03:24:34,994 [bf1e431a-ac22-4c3e-9988-b037a3e86b79@group-0E783EE0917E:LeaderElection27] INFO  impl.RaftServerImpl (RaftServerImpl.java:setRole(174)) - bf1e431a-ac22-4c3e-9988-b037a3e86b79@group-0E783EE0917E: changes role from CANDIDATE to LEADER at term 2 for changeToLeader
2019-10-10 03:24:34,995 [f91948bd-2887-4729-9be8-37aeea1ae085@group-E0F0E67C15C8:LeaderElection26] INFO  server.RaftServerConfigKeys (ConfUtils.java:logGet(43)) - raft.server.staging.catchup.gap = 1000 (default)
2019-10-10 03:24:34,995 [bf1e431a-ac22-4c3e-9988-b037a3e86b79@group-0E783EE0917E:LeaderElection27] INFO  impl.RaftServerImpl (ServerState.java:setLeader(253)) - bf1e431a-ac22-4c3e-9988-b037a3e86b79@group-0E783EE0917E: change Leader from null to bf1e431a-ac22-4c3e-9988-b037a3e86b79 at term 2 for becomeLeader, leader elected after 60ms
2019-10-10 03:24:34,995 [f91948bd-2887-4729-9be8-37aeea1ae085@group-E0F0E67C15C8:LeaderElection26] INFO  server.RaftServerConfigKeys (ConfUtils.java:logGet(43)) - raft.server.rpc.sleep.time = 25ms (default)
2019-10-10 03:24:34,995 [bf1e431a-ac22-4c3e-9988-b037a3e86b79@group-0E783EE0917E:LeaderElection27] INFO  server.RaftServerConfigKeys (ConfUtils.java:logGet(43)) - raft.server.staging.catchup.gap = 1000 (default)
2019-10-10 03:24:34,995 [f91948bd-2887-4729-9be8-37aeea1ae085@group-E0F0E67C15C8:LeaderElection26] INFO  server.RaftServerConfigKeys (ConfUtils.java:logGet(43)) - raft.server.write.element-limit = 4096 (default)
2019-10-10 03:24:34,995 [bf1e431a-ac22-4c3e-9988-b037a3e86b79@group-0E783EE0917E:LeaderElection27] INFO  server.RaftServerConfigKeys (ConfUtils.java:logGet(43)) - raft.server.rpc.sleep.time = 25ms (default)
2019-10-10 03:24:34,995 [f91948bd-2887-4729-9be8-37aeea1ae085@group-E0F0E67C15C8:LeaderElection26] INFO  server.RaftServerConfigKeys (ConfUtils.java:logGet(43)) - raft.server.watch.timeout = 10s (default)
2019-10-10 03:24:34,996 [bf1e431a-ac22-4c3e-9988-b037a3e86b79@group-0E783EE0917E:LeaderElection27] INFO  server.RaftServerConfigKeys (ConfUtils.java:logGet(43)) - raft.server.write.element-limit = 4096 (default)
2019-10-10 03:24:34,996 [f91948bd-2887-4729-9be8-37aeea1ae085@group-E0F0E67C15C8:LeaderElection26] INFO  server.RaftServerConfigKeys (ConfUtils.java:logGet(43)) - raft.server.watch.timeout.denomination = 1s (default)
2019-10-10 03:24:34,996 [bf1e431a-ac22-4c3e-9988-b037a3e86b79@group-0E783EE0917E:LeaderElection27] INFO  server.RaftServerConfigKeys (ConfUtils.java:logGet(43)) - raft.server.watch.timeout = 10s (default)
2019-10-10 03:24:34,996 [f91948bd-2887-4729-9be8-37aeea1ae085@group-E0F0E67C15C8:LeaderElection26] INFO  server.RaftServerConfigKeys (ConfUtils.java:logGet(43)) - raft.server.watch.element-limit = 65536 (default)
2019-10-10 03:24:34,996 [bf1e431a-ac22-4c3e-9988-b037a3e86b79@group-0E783EE0917E:LeaderElection27] INFO  server.RaftServerConfigKeys (ConfUtils.java:logGet(43)) - raft.server.watch.timeout.denomination = 1s (default)
2019-10-10 03:24:34,997 [bf1e431a-ac22-4c3e-9988-b037a3e86b79@group-0E783EE0917E:LeaderElection27] INFO  server.RaftServerConfigKeys (ConfUtils.java:logGet(43)) - raft.server.watch.element-limit = 65536 (default)
2019-10-10 03:24:35,001 [grpc-default-executor-2] WARN  server.GrpcLogAppender (LogUtils.java:warn(134)) - f91948bd-2887-4729-9be8-37aeea1ae085@group-0334129A7BAF->cf7bb62d-ae02-4656-8788-4d6b65cde2e5-AppendLogResponseHandler: Failed appendEntries: org.apache.ratis.thirdparty.io.grpc.StatusRuntimeException: UNAVAILABLE: io exception
2019-10-10 03:24:35,006 [grpc-default-executor-2] INFO  impl.FollowerInfo (FollowerInfo.java:lambda$new$0(51)) - f91948bd-2887-4729-9be8-37aeea1ae085@group-0334129A7BAF->cf7bb62d-ae02-4656-8788-4d6b65cde2e5: nextIndex: updateUnconditionally 0 -> 0
2019-10-10 03:24:35,008 [bf1e431a-ac22-4c3e-9988-b037a3e86b79@group-0E783EE0917E:LeaderElection27] INFO  server.RaftServerConfigKeys (ConfUtils.java:logGet(43)) - raft.server.log.appender.snapshot.chunk.size.max = 16MB (=16777216) (default)
2019-10-10 03:24:35,008 [bf1e431a-ac22-4c3e-9988-b037a3e86b79@group-0E783EE0917E:LeaderElection27] INFO  server.RaftServerConfigKeys (ConfUtils.java:logGet(43)) - raft.server.log.appender.buffer.byte-limit = 33554432 (custom)
2019-10-10 03:24:35,008 [bf1e431a-ac22-4c3e-9988-b037a3e86b79@group-0E783EE0917E:LeaderElection27] INFO  server.RaftServerConfigKeys (ConfUtils.java:logGet(43)) - raft.server.log.appender.buffer.element-limit = 1 (custom)
2019-10-10 03:24:35,009 [bf1e431a-ac22-4c3e-9988-b037a3e86b79@group-0E783EE0917E:LeaderElection27] INFO  grpc.GrpcConfigKeys$Server (ConfUtils.java:logGet(43)) - raft.grpc.server.leader.outstanding.appends.max = 128 (default)
2019-10-10 03:24:35,008 [f91948bd-2887-4729-9be8-37aeea1ae085@group-E0F0E67C15C8:LeaderElection26] INFO  server.RaftServerConfigKeys (ConfUtils.java:logGet(43)) - raft.server.log.appender.snapshot.chunk.size.max = 16MB (=16777216) (default)
2019-10-10 03:24:35,009 [f91948bd-2887-4729-9be8-37aeea1ae085@group-710A48ACA19D:LeaderElection28] INFO  impl.LeaderElection (LeaderElection.java:logAndReturn(56)) - f91948bd-2887-4729-9be8-37aeea1ae085@group-710A48ACA19D:LeaderElection28: Election PASSED; received 1 response(s) [f91948bd-2887-4729-9be8-37aeea1ae085<-bf1e431a-ac22-4c3e-9988-b037a3e86b79#0:OK-t2] and 1 exception(s); f91948bd-2887-4729-9be8-37aeea1ae085@group-710A48ACA19D:t2, leader=null, voted=f91948bd-2887-4729-9be8-37aeea1ae085, raftlog=f91948bd-2887-4729-9be8-37aeea1ae085@group-710A48ACA19D-SegmentedRaftLog:OPENED:c0,f0,i0, conf=0: [bf1e431a-ac22-4c3e-9988-b037a3e86b79:192.168.30.11:40416, f91948bd-2887-4729-9be8-37aeea1ae085:192.168.30.11:34840, cf7bb62d-ae02-4656-8788-4d6b65cde2e5:192.168.30.11:43063], old=null
2019-10-10 03:24:35,009 [bf1e431a-ac22-4c3e-9988-b037a3e86b79@group-0E783EE0917E:LeaderElection27] INFO  server.RaftServerConfigKeys (ConfUtils.java:logGet(43)) - raft.server.rpc.request.timeout = 3000ms (default)
2019-10-10 03:24:35,010 [f91948bd-2887-4729-9be8-37aeea1ae085@group-710A48ACA19D:LeaderElection28] INFO  impl.LeaderElection (LogUtils.java:infoOrTrace(149)) -   Exception 0: {}
java.util.concurrent.ExecutionException: org.apache.ratis.thirdparty.io.grpc.StatusRuntimeException: UNAVAILABLE: io exception
	at java.util.concurrent.FutureTask.report(FutureTask.java:122)
	at java.util.concurrent.FutureTask.get(FutureTask.java:192)
	at org.apache.ratis.server.impl.LeaderElection.waitForResults(LeaderElection.java:263)
	at org.apache.ratis.server.impl.LeaderElection.askForVotes(LeaderElection.java:201)
	at org.apache.ratis.server.impl.LeaderElection.run(LeaderElection.java:133)
	at java.lang.Thread.run(Thread.java:748)
Caused by: org.apache.ratis.thirdparty.io.grpc.StatusRuntimeException: UNAVAILABLE: io exception
	at org.apache.ratis.thirdparty.io.grpc.stub.ClientCalls.toStatusRuntimeException(ClientCalls.java:233)
	at org.apache.ratis.thirdparty.io.grpc.stub.ClientCalls.getUnchecked(ClientCalls.java:214)
	at org.apache.ratis.thirdparty.io.grpc.stub.ClientCalls.blockingUnaryCall(ClientCalls.java:139)
	at org.apache.ratis.proto.grpc.RaftServerProtocolServiceGrpc$RaftServerProtocolServiceBlockingStub.requestVote(RaftServerProtocolServiceGrpc.java:265)
	at org.apache.ratis.grpc.server.GrpcServerProtocolClient.requestVote(GrpcServerProtocolClient.java:90)
	at org.apache.ratis.grpc.server.GrpcService.requestVote(GrpcService.java:204)
	at org.apache.ratis.server.impl.LeaderElection.lambda$submitRequests$1(LeaderElection.java:238)
	at java.util.concurrent.FutureTask.run(FutureTask.java:266)
	at java.util.concurrent.Executors$RunnableAdapter.call(Executors.java:511)
	at java.util.concurrent.FutureTask.run(FutureTask.java:266)
	at java.util.concurrent.ThreadPoolExecutor.runWorker(ThreadPoolExecutor.java:1149)
	at java.util.concurrent.ThreadPoolExecutor$Worker.run(ThreadPoolExecutor.java:624)
	... 1 more
Caused by: org.apache.ratis.thirdparty.io.netty.channel.AbstractChannel$AnnotatedConnectException: Connection refused: /192.168.30.11:43063
	at sun.nio.ch.SocketChannelImpl.checkConnect(Native Method)
	at sun.nio.ch.SocketChannelImpl.finishConnect(SocketChannelImpl.java:717)
	at org.apache.ratis.thirdparty.io.netty.channel.socket.nio.NioSocketChannel.doFinishConnect(NioSocketChannel.java:327)
	at org.apache.ratis.thirdparty.io.netty.channel.nio.AbstractNioChannel$AbstractNioUnsafe.finishConnect(AbstractNioChannel.java:340)
	at org.apache.ratis.thirdparty.io.netty.channel.nio.NioEventLoop.processSelectedKey(NioEventLoop.java:632)
	at org.apache.ratis.thirdparty.io.netty.channel.nio.NioEventLoop.processSelectedKeysOptimized(NioEventLoop.java:579)
	at org.apache.ratis.thirdparty.io.netty.channel.nio.NioEventLoop.processSelectedKeys(NioEventLoop.java:496)
	at org.apache.ratis.thirdparty.io.netty.channel.nio.NioEventLoop.run(NioEventLoop.java:458)
	at org.apache.ratis.thirdparty.io.netty.util.concurrent.SingleThreadEventExecutor$5.run(SingleThreadEventExecutor.java:897)
	at org.apache.ratis.thirdparty.io.netty.util.concurrent.FastThreadLocalRunnable.run(FastThreadLocalRunnable.java:30)
	... 1 more
Caused by: java.net.ConnectException: Connection refused
	... 11 more
2019-10-10 03:24:35,009 [f91948bd-2887-4729-9be8-37aeea1ae085@group-E0F0E67C15C8:LeaderElection26] INFO  server.RaftServerConfigKeys (ConfUtils.java:logGet(43)) - raft.server.log.appender.buffer.byte-limit = 33554432 (custom)
2019-10-10 03:24:35,018 [f91948bd-2887-4729-9be8-37aeea1ae085@group-710A48ACA19D:LeaderElection28] INFO  impl.RoleInfo (RoleInfo.java:shutdownLeaderElection(134)) - f91948bd-2887-4729-9be8-37aeea1ae085: shutdown LeaderElection
2019-10-10 03:24:35,010 [bf1e431a-ac22-4c3e-9988-b037a3e86b79@group-0E783EE0917E:LeaderElection27] INFO  server.RaftServerConfigKeys (ConfUtils.java:logGet(43)) - raft.server.log.appender.install.snapshot.enabled = false (custom)
2019-10-10 03:24:35,018 [f91948bd-2887-4729-9be8-37aeea1ae085@group-710A48ACA19D:LeaderElection28] INFO  impl.RaftServerImpl (RaftServerImpl.java:setRole(174)) - f91948bd-2887-4729-9be8-37aeea1ae085@group-710A48ACA19D: changes role from CANDIDATE to LEADER at term 2 for changeToLeader
2019-10-10 03:24:35,018 [f91948bd-2887-4729-9be8-37aeea1ae085@group-E0F0E67C15C8:LeaderElection26] INFO  server.RaftServerConfigKeys (ConfUtils.java:logGet(43)) - raft.server.log.appender.buffer.element-limit = 1 (custom)
2019-10-10 03:24:35,019 [f91948bd-2887-4729-9be8-37aeea1ae085@group-E0F0E67C15C8:LeaderElection26] INFO  grpc.GrpcConfigKeys$Server (ConfUtils.java:logGet(43)) - raft.grpc.server.leader.outstanding.appends.max = 128 (default)
2019-10-10 03:24:35,020 [f91948bd-2887-4729-9be8-37aeea1ae085@group-E0F0E67C15C8:LeaderElection26] INFO  server.RaftServerConfigKeys (ConfUtils.java:logGet(43)) - raft.server.rpc.request.timeout = 3000ms (default)
2019-10-10 03:24:35,020 [f91948bd-2887-4729-9be8-37aeea1ae085@group-E0F0E67C15C8:LeaderElection26] INFO  server.RaftServerConfigKeys (ConfUtils.java:logGet(43)) - raft.server.log.appender.install.snapshot.enabled = false (custom)
2019-10-10 03:24:35,020 [f91948bd-2887-4729-9be8-37aeea1ae085@group-E0F0E67C15C8:LeaderElection26] INFO  server.RaftServerConfigKeys (ConfUtils.java:logGet(43)) - raft.server.log.appender.snapshot.chunk.size.max = 16MB (=16777216) (default)
2019-10-10 03:24:35,021 [f91948bd-2887-4729-9be8-37aeea1ae085@group-E0F0E67C15C8:LeaderElection26] INFO  server.RaftServerConfigKeys (ConfUtils.java:logGet(43)) - raft.server.log.appender.buffer.byte-limit = 33554432 (custom)
2019-10-10 03:24:35,019 [bf1e431a-ac22-4c3e-9988-b037a3e86b79@group-0E783EE0917E:LeaderElection27] INFO  server.RaftServerConfigKeys (ConfUtils.java:logGet(43)) - raft.server.log.appender.snapshot.chunk.size.max = 16MB (=16777216) (default)
2019-10-10 03:24:35,019 [f91948bd-2887-4729-9be8-37aeea1ae085@group-710A48ACA19D:LeaderElection28] INFO  impl.RaftServerImpl (ServerState.java:setLeader(253)) - f91948bd-2887-4729-9be8-37aeea1ae085@group-710A48ACA19D: change Leader from null to f91948bd-2887-4729-9be8-37aeea1ae085 at term 2 for becomeLeader, leader elected after 59ms
2019-10-10 03:24:35,021 [bf1e431a-ac22-4c3e-9988-b037a3e86b79@group-0E783EE0917E:LeaderElection27] INFO  server.RaftServerConfigKeys (ConfUtils.java:logGet(43)) - raft.server.log.appender.buffer.byte-limit = 33554432 (custom)
2019-10-10 03:24:35,021 [f91948bd-2887-4729-9be8-37aeea1ae085@group-E0F0E67C15C8:LeaderElection26] INFO  server.RaftServerConfigKeys (ConfUtils.java:logGet(43)) - raft.server.log.appender.buffer.element-limit = 1 (custom)
2019-10-10 03:24:35,022 [bf1e431a-ac22-4c3e-9988-b037a3e86b79@group-0E783EE0917E:LeaderElection27] INFO  server.RaftServerConfigKeys (ConfUtils.java:logGet(43)) - raft.server.log.appender.buffer.element-limit = 1 (custom)
2019-10-10 03:24:35,022 [f91948bd-2887-4729-9be8-37aeea1ae085@group-710A48ACA19D:LeaderElection28] INFO  server.RaftServerConfigKeys (ConfUtils.java:logGet(43)) - raft.server.staging.catchup.gap = 1000 (default)
2019-10-10 03:24:35,022 [f91948bd-2887-4729-9be8-37aeea1ae085@group-E0F0E67C15C8:LeaderElection26] INFO  grpc.GrpcConfigKeys$Server (ConfUtils.java:logGet(43)) - raft.grpc.server.leader.outstanding.appends.max = 128 (default)
2019-10-10 03:24:35,022 [bf1e431a-ac22-4c3e-9988-b037a3e86b79@group-0E783EE0917E:LeaderElection27] INFO  grpc.GrpcConfigKeys$Server (ConfUtils.java:logGet(43)) - raft.grpc.server.leader.outstanding.appends.max = 128 (default)
2019-10-10 03:24:35,022 [f91948bd-2887-4729-9be8-37aeea1ae085@group-710A48ACA19D:LeaderElection28] INFO  server.RaftServerConfigKeys (ConfUtils.java:logGet(43)) - raft.server.rpc.sleep.time = 25ms (default)
2019-10-10 03:24:35,022 [bf1e431a-ac22-4c3e-9988-b037a3e86b79@group-0E783EE0917E:LeaderElection27] INFO  server.RaftServerConfigKeys (ConfUtils.java:logGet(43)) - raft.server.rpc.request.timeout = 3000ms (default)
2019-10-10 03:24:35,022 [f91948bd-2887-4729-9be8-37aeea1ae085@group-E0F0E67C15C8:LeaderElection26] INFO  server.RaftServerConfigKeys (ConfUtils.java:logGet(43)) - raft.server.rpc.request.timeout = 3000ms (default)
2019-10-10 03:24:35,023 [bf1e431a-ac22-4c3e-9988-b037a3e86b79@group-0E783EE0917E:LeaderElection27] INFO  server.RaftServerConfigKeys (ConfUtils.java:logGet(43)) - raft.server.log.appender.install.snapshot.enabled = false (custom)
2019-10-10 03:24:35,023 [f91948bd-2887-4729-9be8-37aeea1ae085@group-710A48ACA19D:LeaderElection28] INFO  server.RaftServerConfigKeys (ConfUtils.java:logGet(43)) - raft.server.write.element-limit = 4096 (default)
2019-10-10 03:24:35,023 [f91948bd-2887-4729-9be8-37aeea1ae085@group-E0F0E67C15C8:LeaderElection26] INFO  server.RaftServerConfigKeys (ConfUtils.java:logGet(43)) - raft.server.log.appender.install.snapshot.enabled = false (custom)
2019-10-10 03:24:35,023 [f91948bd-2887-4729-9be8-37aeea1ae085@group-710A48ACA19D:LeaderElection28] INFO  server.RaftServerConfigKeys (ConfUtils.java:logGet(43)) - raft.server.watch.timeout = 10s (default)
2019-10-10 03:24:35,023 [bf1e431a-ac22-4c3e-9988-b037a3e86b79@group-0E783EE0917E:LeaderElection27] INFO  impl.RoleInfo (RoleInfo.java:updateAndGet(143)) - bf1e431a-ac22-4c3e-9988-b037a3e86b79: start LeaderState
2019-10-10 03:24:35,023 [f91948bd-2887-4729-9be8-37aeea1ae085@group-E0F0E67C15C8:LeaderElection26] INFO  impl.RoleInfo (RoleInfo.java:updateAndGet(143)) - f91948bd-2887-4729-9be8-37aeea1ae085: start LeaderState
2019-10-10 03:24:35,023 [f91948bd-2887-4729-9be8-37aeea1ae085@group-710A48ACA19D:LeaderElection28] INFO  server.RaftServerConfigKeys (ConfUtils.java:logGet(43)) - raft.server.watch.timeout.denomination = 1s (default)
2019-10-10 03:24:35,024 [f91948bd-2887-4729-9be8-37aeea1ae085@group-710A48ACA19D:LeaderElection28] INFO  server.RaftServerConfigKeys (ConfUtils.java:logGet(43)) - raft.server.watch.element-limit = 65536 (default)
2019-10-10 03:24:35,024 [f91948bd-2887-4729-9be8-37aeea1ae085@group-E0F0E67C15C8:LeaderElection26] INFO  segmented.SegmentedRaftLogWorker (SegmentedRaftLogWorker.java:rollLogSegment(385)) - f91948bd-2887-4729-9be8-37aeea1ae085@group-E0F0E67C15C8-SegmentedRaftLogWorker: Rolling segment log-0_0 to index:0
2019-10-10 03:24:35,024 [bf1e431a-ac22-4c3e-9988-b037a3e86b79@group-0E783EE0917E:LeaderElection27] INFO  segmented.SegmentedRaftLogWorker (SegmentedRaftLogWorker.java:rollLogSegment(385)) - bf1e431a-ac22-4c3e-9988-b037a3e86b79@group-0E783EE0917E-SegmentedRaftLogWorker: Rolling segment log-0_0 to index:0
2019-10-10 03:24:35,025 [f91948bd-2887-4729-9be8-37aeea1ae085@group-710A48ACA19D:LeaderElection28] INFO  server.RaftServerConfigKeys (ConfUtils.java:logGet(43)) - raft.server.log.appender.snapshot.chunk.size.max = 16MB (=16777216) (default)
2019-10-10 03:24:35,025 [f91948bd-2887-4729-9be8-37aeea1ae085@group-710A48ACA19D:LeaderElection28] INFO  server.RaftServerConfigKeys (ConfUtils.java:logGet(43)) - raft.server.log.appender.buffer.byte-limit = 33554432 (custom)
2019-10-10 03:24:35,026 [f91948bd-2887-4729-9be8-37aeea1ae085@group-710A48ACA19D:LeaderElection28] INFO  server.RaftServerConfigKeys (ConfUtils.java:logGet(43)) - raft.server.log.appender.buffer.element-limit = 1 (custom)
2019-10-10 03:24:35,026 [f91948bd-2887-4729-9be8-37aeea1ae085@group-710A48ACA19D:LeaderElection28] INFO  grpc.GrpcConfigKeys$Server (ConfUtils.java:logGet(43)) - raft.grpc.server.leader.outstanding.appends.max = 128 (default)
2019-10-10 03:24:35,026 [f91948bd-2887-4729-9be8-37aeea1ae085@group-710A48ACA19D:LeaderElection28] INFO  server.RaftServerConfigKeys (ConfUtils.java:logGet(43)) - raft.server.rpc.request.timeout = 3000ms (default)
2019-10-10 03:24:35,026 [f91948bd-2887-4729-9be8-37aeea1ae085@group-E0F0E67C15C8:LeaderElection26] INFO  impl.RaftServerImpl (ServerState.java:setRaftConf(354)) - f91948bd-2887-4729-9be8-37aeea1ae085@group-E0F0E67C15C8: set configuration 1: [bf1e431a-ac22-4c3e-9988-b037a3e86b79:192.168.30.11:40416, f91948bd-2887-4729-9be8-37aeea1ae085:192.168.30.11:34840, cf7bb62d-ae02-4656-8788-4d6b65cde2e5:192.168.30.11:43063], old=null at 1
2019-10-10 03:24:35,026 [bf1e431a-ac22-4c3e-9988-b037a3e86b79@group-0E783EE0917E-SegmentedRaftLogWorker] INFO  segmented.SegmentedRaftLogWorker (SegmentedRaftLogWorker.java:execute(526)) - bf1e431a-ac22-4c3e-9988-b037a3e86b79@group-0E783EE0917E-SegmentedRaftLogWorker: Rolled log segment from /workdir/hadoop-ozone/integration-test/target/test-dir/MiniOzoneClusterImpl-76d4cd33-009f-47dc-90bf-15a5f30e9e6a/datanode-2/data/ratis/2c807d56-2bea-4f65-9f5c-0e783ee0917e/current/log_inprogress_0 to /workdir/hadoop-ozone/integration-test/target/test-dir/MiniOzoneClusterImpl-76d4cd33-009f-47dc-90bf-15a5f30e9e6a/datanode-2/data/ratis/2c807d56-2bea-4f65-9f5c-0e783ee0917e/current/log_0-0
2019-10-10 03:24:35,026 [bf1e431a-ac22-4c3e-9988-b037a3e86b79@group-0E783EE0917E:LeaderElection27] INFO  impl.RaftServerImpl (ServerState.java:setRaftConf(354)) - bf1e431a-ac22-4c3e-9988-b037a3e86b79@group-0E783EE0917E: set configuration 1: [bf1e431a-ac22-4c3e-9988-b037a3e86b79:192.168.30.11:40416, f91948bd-2887-4729-9be8-37aeea1ae085:192.168.30.11:34840, cf7bb62d-ae02-4656-8788-4d6b65cde2e5:192.168.30.11:43063], old=null at 1
2019-10-10 03:24:35,026 [f91948bd-2887-4729-9be8-37aeea1ae085@group-710A48ACA19D:LeaderElection28] INFO  server.RaftServerConfigKeys (ConfUtils.java:logGet(43)) - raft.server.log.appender.install.snapshot.enabled = false (custom)
2019-10-10 03:24:35,027 [grpc-default-executor-12] WARN  server.GrpcLogAppender (LogUtils.java:warn(134)) - bf1e431a-ac22-4c3e-9988-b037a3e86b79@group-0E783EE0917E->cf7bb62d-ae02-4656-8788-4d6b65cde2e5-AppendLogResponseHandler: Failed appendEntries: org.apache.ratis.thirdparty.io.grpc.StatusRuntimeException: UNAVAILABLE: io exception
2019-10-10 03:24:35,026 [f91948bd-2887-4729-9be8-37aeea1ae085@group-E0F0E67C15C8-SegmentedRaftLogWorker] INFO  segmented.SegmentedRaftLogWorker (SegmentedRaftLogWorker.java:execute(526)) - f91948bd-2887-4729-9be8-37aeea1ae085@group-E0F0E67C15C8-SegmentedRaftLogWorker: Rolled log segment from /workdir/hadoop-ozone/integration-test/target/test-dir/MiniOzoneClusterImpl-76d4cd33-009f-47dc-90bf-15a5f30e9e6a/datanode-5/data/ratis/c9708e75-615b-4ec0-b747-e0f0e67c15c8/current/log_inprogress_0 to /workdir/hadoop-ozone/integration-test/target/test-dir/MiniOzoneClusterImpl-76d4cd33-009f-47dc-90bf-15a5f30e9e6a/datanode-5/data/ratis/c9708e75-615b-4ec0-b747-e0f0e67c15c8/current/log_0-0
2019-10-10 03:24:35,053 [grpc-default-executor-12] INFO  impl.FollowerInfo (FollowerInfo.java:lambda$new$0(51)) - bf1e431a-ac22-4c3e-9988-b037a3e86b79@group-0E783EE0917E->cf7bb62d-ae02-4656-8788-4d6b65cde2e5: nextIndex: updateUnconditionally 1 -> 0
2019-10-10 03:24:35,029 [f91948bd-2887-4729-9be8-37aeea1ae085@group-710A48ACA19D:LeaderElection28] INFO  server.RaftServerConfigKeys (ConfUtils.java:logGet(43)) - raft.server.log.appender.snapshot.chunk.size.max = 16MB (=16777216) (default)
2019-10-10 03:24:35,055 [f91948bd-2887-4729-9be8-37aeea1ae085@group-710A48ACA19D:LeaderElection28] INFO  server.RaftServerConfigKeys (ConfUtils.java:logGet(43)) - raft.server.log.appender.buffer.byte-limit = 33554432 (custom)
2019-10-10 03:24:35,055 [f91948bd-2887-4729-9be8-37aeea1ae085@group-710A48ACA19D:LeaderElection28] INFO  server.RaftServerConfigKeys (ConfUtils.java:logGet(43)) - raft.server.log.appender.buffer.element-limit = 1 (custom)
2019-10-10 03:24:35,056 [grpc-default-executor-2] INFO  impl.RaftServerImpl (ServerState.java:setLeader(253)) - bf1e431a-ac22-4c3e-9988-b037a3e86b79@group-E0F0E67C15C8: change Leader from null to f91948bd-2887-4729-9be8-37aeea1ae085 at term 2 for appendEntries, leader elected after 103ms
2019-10-10 03:24:35,056 [f91948bd-2887-4729-9be8-37aeea1ae085@group-710A48ACA19D:LeaderElection28] INFO  grpc.GrpcConfigKeys$Server (ConfUtils.java:logGet(43)) - raft.grpc.server.leader.outstanding.appends.max = 128 (default)
2019-10-10 03:24:35,056 [f91948bd-2887-4729-9be8-37aeea1ae085@group-710A48ACA19D:LeaderElection28] INFO  server.RaftServerConfigKeys (ConfUtils.java:logGet(43)) - raft.server.rpc.request.timeout = 3000ms (default)
2019-10-10 03:24:35,056 [f91948bd-2887-4729-9be8-37aeea1ae085@group-710A48ACA19D:LeaderElection28] INFO  server.RaftServerConfigKeys (ConfUtils.java:logGet(43)) - raft.server.log.appender.install.snapshot.enabled = false (custom)
2019-10-10 03:24:35,093 [bf1e431a-ac22-4c3e-9988-b037a3e86b79@group-0E783EE0917E-SegmentedRaftLogWorker] INFO  segmented.SegmentedRaftLogWorker (SegmentedRaftLogWorker.java:execute(569)) - bf1e431a-ac22-4c3e-9988-b037a3e86b79@group-0E783EE0917E-SegmentedRaftLogWorker: created new log segment /workdir/hadoop-ozone/integration-test/target/test-dir/MiniOzoneClusterImpl-76d4cd33-009f-47dc-90bf-15a5f30e9e6a/datanode-2/data/ratis/2c807d56-2bea-4f65-9f5c-0e783ee0917e/current/log_inprogress_1
2019-10-10 03:24:35,056 [grpc-default-executor-2] WARN  server.GrpcLogAppender (LogUtils.java:warn(134)) - f91948bd-2887-4729-9be8-37aeea1ae085@group-E0F0E67C15C8->cf7bb62d-ae02-4656-8788-4d6b65cde2e5-AppendLogResponseHandler: Failed appendEntries: org.apache.ratis.thirdparty.io.grpc.StatusRuntimeException: UNAVAILABLE: io exception
2019-10-10 03:24:35,096 [f91948bd-2887-4729-9be8-37aeea1ae085@group-710A48ACA19D:LeaderElection28] INFO  impl.RoleInfo (RoleInfo.java:updateAndGet(143)) - f91948bd-2887-4729-9be8-37aeea1ae085: start LeaderState
2019-10-10 03:24:35,096 [grpc-default-executor-8] INFO  impl.RaftServerImpl (ServerState.java:setLeader(253)) - f91948bd-2887-4729-9be8-37aeea1ae085@group-0E783EE0917E: change Leader from null to bf1e431a-ac22-4c3e-9988-b037a3e86b79 at term 2 for appendEntries, leader elected after 139ms
2019-10-10 03:24:35,099 [f91948bd-2887-4729-9be8-37aeea1ae085@group-710A48ACA19D:LeaderElection28] INFO  segmented.SegmentedRaftLogWorker (SegmentedRaftLogWorker.java:rollLogSegment(385)) - f91948bd-2887-4729-9be8-37aeea1ae085@group-710A48ACA19D-SegmentedRaftLogWorker: Rolling segment log-0_0 to index:0
2019-10-10 03:24:35,099 [grpc-default-executor-7] WARN  server.GrpcLogAppender (LogUtils.java:warn(134)) - bf1e431a-ac22-4c3e-9988-b037a3e86b79@group-0E783EE0917E->cf7bb62d-ae02-4656-8788-4d6b65cde2e5-AppendLogResponseHandler: Failed appendEntries: org.apache.ratis.thirdparty.io.grpc.StatusRuntimeException: UNAVAILABLE: io exception
2019-10-10 03:24:35,098 [grpc-default-executor-2] INFO  impl.FollowerInfo (FollowerInfo.java:lambda$new$0(51)) - f91948bd-2887-4729-9be8-37aeea1ae085@group-E0F0E67C15C8->cf7bb62d-ae02-4656-8788-4d6b65cde2e5: nextIndex: updateUnconditionally 1 -> 0
2019-10-10 03:24:35,102 [grpc-default-executor-7] INFO  impl.FollowerInfo (FollowerInfo.java:lambda$new$0(51)) - bf1e431a-ac22-4c3e-9988-b037a3e86b79@group-0E783EE0917E->cf7bb62d-ae02-4656-8788-4d6b65cde2e5: nextIndex: updateUnconditionally 1 -> 0
2019-10-10 03:24:35,102 [f91948bd-2887-4729-9be8-37aeea1ae085@group-710A48ACA19D-SegmentedRaftLogWorker] INFO  segmented.SegmentedRaftLogWorker (SegmentedRaftLogWorker.java:execute(526)) - f91948bd-2887-4729-9be8-37aeea1ae085@group-710A48ACA19D-SegmentedRaftLogWorker: Rolled log segment from /workdir/hadoop-ozone/integration-test/target/test-dir/MiniOzoneClusterImpl-76d4cd33-009f-47dc-90bf-15a5f30e9e6a/datanode-5/data/ratis/78146ddb-2866-4940-be84-710a48aca19d/current/log_inprogress_0 to /workdir/hadoop-ozone/integration-test/target/test-dir/MiniOzoneClusterImpl-76d4cd33-009f-47dc-90bf-15a5f30e9e6a/datanode-5/data/ratis/78146ddb-2866-4940-be84-710a48aca19d/current/log_0-0
2019-10-10 03:24:35,102 [f91948bd-2887-4729-9be8-37aeea1ae085@group-710A48ACA19D:LeaderElection28] INFO  impl.RaftServerImpl (ServerState.java:setRaftConf(354)) - f91948bd-2887-4729-9be8-37aeea1ae085@group-710A48ACA19D: set configuration 1: [bf1e431a-ac22-4c3e-9988-b037a3e86b79:192.168.30.11:40416, f91948bd-2887-4729-9be8-37aeea1ae085:192.168.30.11:34840, cf7bb62d-ae02-4656-8788-4d6b65cde2e5:192.168.30.11:43063], old=null at 1
2019-10-10 03:24:35,103 [grpc-default-executor-7] INFO  impl.RaftServerImpl (ServerState.java:setRaftConf(354)) - bf1e431a-ac22-4c3e-9988-b037a3e86b79@group-E0F0E67C15C8: set configuration 1: [bf1e431a-ac22-4c3e-9988-b037a3e86b79:192.168.30.11:40416, f91948bd-2887-4729-9be8-37aeea1ae085:192.168.30.11:34840, cf7bb62d-ae02-4656-8788-4d6b65cde2e5:192.168.30.11:43063], old=null at 1
2019-10-10 03:24:35,135 [f91948bd-2887-4729-9be8-37aeea1ae085@group-E0F0E67C15C8-SegmentedRaftLogWorker] INFO  segmented.SegmentedRaftLogWorker (SegmentedRaftLogWorker.java:execute(569)) - f91948bd-2887-4729-9be8-37aeea1ae085@group-E0F0E67C15C8-SegmentedRaftLogWorker: created new log segment /workdir/hadoop-ozone/integration-test/target/test-dir/MiniOzoneClusterImpl-76d4cd33-009f-47dc-90bf-15a5f30e9e6a/datanode-5/data/ratis/c9708e75-615b-4ec0-b747-e0f0e67c15c8/current/log_inprogress_1
2019-10-10 03:24:35,135 [grpc-default-executor-7] INFO  segmented.SegmentedRaftLogWorker (SegmentedRaftLogWorker.java:rollLogSegment(385)) - bf1e431a-ac22-4c3e-9988-b037a3e86b79@group-E0F0E67C15C8-SegmentedRaftLogWorker: Rolling segment log-0_0 to index:0
2019-10-10 03:24:35,136 [bf1e431a-ac22-4c3e-9988-b037a3e86b79@group-E0F0E67C15C8-SegmentedRaftLogWorker] INFO  segmented.SegmentedRaftLogWorker (SegmentedRaftLogWorker.java:execute(526)) - bf1e431a-ac22-4c3e-9988-b037a3e86b79@group-E0F0E67C15C8-SegmentedRaftLogWorker: Rolled log segment from /workdir/hadoop-ozone/integration-test/target/test-dir/MiniOzoneClusterImpl-76d4cd33-009f-47dc-90bf-15a5f30e9e6a/datanode-2/data/ratis/c9708e75-615b-4ec0-b747-e0f0e67c15c8/current/log_inprogress_0 to /workdir/hadoop-ozone/integration-test/target/test-dir/MiniOzoneClusterImpl-76d4cd33-009f-47dc-90bf-15a5f30e9e6a/datanode-2/data/ratis/c9708e75-615b-4ec0-b747-e0f0e67c15c8/current/log_0-0
2019-10-10 03:24:35,136 [grpc-default-executor-7] INFO  impl.RaftServerImpl (ServerState.java:setLeader(253)) - bf1e431a-ac22-4c3e-9988-b037a3e86b79@group-710A48ACA19D: change Leader from null to f91948bd-2887-4729-9be8-37aeea1ae085 at term 2 for appendEntries, leader elected after 145ms
2019-10-10 03:24:35,136 [grpc-default-executor-2] INFO  impl.RaftServerImpl (ServerState.java:setRaftConf(354)) - f91948bd-2887-4729-9be8-37aeea1ae085@group-0E783EE0917E: set configuration 1: [bf1e431a-ac22-4c3e-9988-b037a3e86b79:192.168.30.11:40416, f91948bd-2887-4729-9be8-37aeea1ae085:192.168.30.11:34840, cf7bb62d-ae02-4656-8788-4d6b65cde2e5:192.168.30.11:43063], old=null at 1
2019-10-10 03:24:35,174 [grpc-default-executor-2] INFO  segmented.SegmentedRaftLogWorker (SegmentedRaftLogWorker.java:rollLogSegment(385)) - f91948bd-2887-4729-9be8-37aeea1ae085@group-0E783EE0917E-SegmentedRaftLogWorker: Rolling segment log-0_0 to index:0
2019-10-10 03:24:35,175 [f91948bd-2887-4729-9be8-37aeea1ae085@group-710A48ACA19D-SegmentedRaftLogWorker] INFO  segmented.SegmentedRaftLogWorker (SegmentedRaftLogWorker.java:execute(569)) - f91948bd-2887-4729-9be8-37aeea1ae085@group-710A48ACA19D-SegmentedRaftLogWorker: created new log segment /workdir/hadoop-ozone/integration-test/target/test-dir/MiniOzoneClusterImpl-76d4cd33-009f-47dc-90bf-15a5f30e9e6a/datanode-5/data/ratis/78146ddb-2866-4940-be84-710a48aca19d/current/log_inprogress_1
2019-10-10 03:24:35,175 [f91948bd-2887-4729-9be8-37aeea1ae085@group-0E783EE0917E-SegmentedRaftLogWorker] INFO  segmented.SegmentedRaftLogWorker (SegmentedRaftLogWorker.java:execute(526)) - f91948bd-2887-4729-9be8-37aeea1ae085@group-0E783EE0917E-SegmentedRaftLogWorker: Rolled log segment from /workdir/hadoop-ozone/integration-test/target/test-dir/MiniOzoneClusterImpl-76d4cd33-009f-47dc-90bf-15a5f30e9e6a/datanode-5/data/ratis/2c807d56-2bea-4f65-9f5c-0e783ee0917e/current/log_inprogress_0 to /workdir/hadoop-ozone/integration-test/target/test-dir/MiniOzoneClusterImpl-76d4cd33-009f-47dc-90bf-15a5f30e9e6a/datanode-5/data/ratis/2c807d56-2bea-4f65-9f5c-0e783ee0917e/current/log_0-0
2019-10-10 03:24:35,175 [grpc-default-executor-7] WARN  server.GrpcLogAppender (LogUtils.java:warn(134)) - f91948bd-2887-4729-9be8-37aeea1ae085@group-710A48ACA19D->cf7bb62d-ae02-4656-8788-4d6b65cde2e5-AppendLogResponseHandler: Failed appendEntries: org.apache.ratis.thirdparty.io.grpc.StatusRuntimeException: UNAVAILABLE: io exception
2019-10-10 03:24:35,210 [bf1e431a-ac22-4c3e-9988-b037a3e86b79@group-E0F0E67C15C8-SegmentedRaftLogWorker] INFO  segmented.SegmentedRaftLogWorker (SegmentedRaftLogWorker.java:execute(569)) - bf1e431a-ac22-4c3e-9988-b037a3e86b79@group-E0F0E67C15C8-SegmentedRaftLogWorker: created new log segment /workdir/hadoop-ozone/integration-test/target/test-dir/MiniOzoneClusterImpl-76d4cd33-009f-47dc-90bf-15a5f30e9e6a/datanode-2/data/ratis/c9708e75-615b-4ec0-b747-e0f0e67c15c8/current/log_inprogress_1
2019-10-10 03:24:35,217 [grpc-default-executor-7] INFO  impl.FollowerInfo (FollowerInfo.java:lambda$new$0(51)) - f91948bd-2887-4729-9be8-37aeea1ae085@group-710A48ACA19D->cf7bb62d-ae02-4656-8788-4d6b65cde2e5: nextIndex: updateUnconditionally 1 -> 0
2019-10-10 03:24:35,224 [grpc-default-executor-7] INFO  impl.RaftServerImpl (ServerState.java:setRaftConf(354)) - bf1e431a-ac22-4c3e-9988-b037a3e86b79@group-710A48ACA19D: set configuration 1: [bf1e431a-ac22-4c3e-9988-b037a3e86b79:192.168.30.11:40416, f91948bd-2887-4729-9be8-37aeea1ae085:192.168.30.11:34840, cf7bb62d-ae02-4656-8788-4d6b65cde2e5:192.168.30.11:43063], old=null at 1
2019-10-10 03:24:35,225 [grpc-default-executor-7] INFO  segmented.SegmentedRaftLogWorker (SegmentedRaftLogWorker.java:rollLogSegment(385)) - bf1e431a-ac22-4c3e-9988-b037a3e86b79@group-710A48ACA19D-SegmentedRaftLogWorker: Rolling segment log-0_0 to index:0
2019-10-10 03:24:35,226 [bf1e431a-ac22-4c3e-9988-b037a3e86b79@group-710A48ACA19D-SegmentedRaftLogWorker] INFO  segmented.SegmentedRaftLogWorker (SegmentedRaftLogWorker.java:execute(526)) - bf1e431a-ac22-4c3e-9988-b037a3e86b79@group-710A48ACA19D-SegmentedRaftLogWorker: Rolled log segment from /workdir/hadoop-ozone/integration-test/target/test-dir/MiniOzoneClusterImpl-76d4cd33-009f-47dc-90bf-15a5f30e9e6a/datanode-2/data/ratis/78146ddb-2866-4940-be84-710a48aca19d/current/log_inprogress_0 to /workdir/hadoop-ozone/integration-test/target/test-dir/MiniOzoneClusterImpl-76d4cd33-009f-47dc-90bf-15a5f30e9e6a/datanode-2/data/ratis/78146ddb-2866-4940-be84-710a48aca19d/current/log_0-0
2019-10-10 03:24:35,230 [grpc-default-executor-12] WARN  server.GrpcLogAppender (LogUtils.java:warn(134)) - f91948bd-2887-4729-9be8-37aeea1ae085@group-E0F0E67C15C8->cf7bb62d-ae02-4656-8788-4d6b65cde2e5-AppendLogResponseHandler: Failed appendEntries: org.apache.ratis.thirdparty.io.grpc.StatusRuntimeException: UNAVAILABLE: io exception
2019-10-10 03:24:35,268 [f91948bd-2887-4729-9be8-37aeea1ae085@group-0E783EE0917E-SegmentedRaftLogWorker] INFO  segmented.SegmentedRaftLogWorker (SegmentedRaftLogWorker.java:execute(569)) - f91948bd-2887-4729-9be8-37aeea1ae085@group-0E783EE0917E-SegmentedRaftLogWorker: created new log segment /workdir/hadoop-ozone/integration-test/target/test-dir/MiniOzoneClusterImpl-76d4cd33-009f-47dc-90bf-15a5f30e9e6a/datanode-5/data/ratis/2c807d56-2bea-4f65-9f5c-0e783ee0917e/current/log_inprogress_1
2019-10-10 03:24:35,274 [grpc-default-executor-12] INFO  impl.FollowerInfo (FollowerInfo.java:lambda$new$0(51)) - f91948bd-2887-4729-9be8-37aeea1ae085@group-E0F0E67C15C8->cf7bb62d-ae02-4656-8788-4d6b65cde2e5: nextIndex: updateUnconditionally 1 -> 0
2019-10-10 03:24:35,279 [grpc-default-executor-7] WARN  server.GrpcLogAppender (LogUtils.java:warn(134)) - f91948bd-2887-4729-9be8-37aeea1ae085@group-E0F0E67C15C8->cf7bb62d-ae02-4656-8788-4d6b65cde2e5-AppendLogResponseHandler: Failed appendEntries: org.apache.ratis.thirdparty.io.grpc.StatusRuntimeException: UNAVAILABLE: io exception
2019-10-10 03:24:35,282 [grpc-default-executor-7] INFO  impl.FollowerInfo (FollowerInfo.java:lambda$new$0(51)) - f91948bd-2887-4729-9be8-37aeea1ae085@group-E0F0E67C15C8->cf7bb62d-ae02-4656-8788-4d6b65cde2e5: nextIndex: updateUnconditionally 1 -> 0
2019-10-10 03:24:35,286 [grpc-default-executor-8] WARN  server.GrpcLogAppender (LogUtils.java:warn(134)) - bf1e431a-ac22-4c3e-9988-b037a3e86b79@group-0E783EE0917E->cf7bb62d-ae02-4656-8788-4d6b65cde2e5-AppendLogResponseHandler: Failed appendEntries: org.apache.ratis.thirdparty.io.grpc.StatusRuntimeException: UNAVAILABLE: io exception
2019-10-10 03:24:35,289 [grpc-default-executor-8] INFO  impl.FollowerInfo (FollowerInfo.java:lambda$new$0(51)) - bf1e431a-ac22-4c3e-9988-b037a3e86b79@group-0E783EE0917E->cf7bb62d-ae02-4656-8788-4d6b65cde2e5: nextIndex: updateUnconditionally 1 -> 0
2019-10-10 03:24:35,294 [bf1e431a-ac22-4c3e-9988-b037a3e86b79@group-710A48ACA19D-SegmentedRaftLogWorker] INFO  segmented.SegmentedRaftLogWorker (SegmentedRaftLogWorker.java:execute(569)) - bf1e431a-ac22-4c3e-9988-b037a3e86b79@group-710A48ACA19D-SegmentedRaftLogWorker: created new log segment /workdir/hadoop-ozone/integration-test/target/test-dir/MiniOzoneClusterImpl-76d4cd33-009f-47dc-90bf-15a5f30e9e6a/datanode-2/data/ratis/78146ddb-2866-4940-be84-710a48aca19d/current/log_inprogress_1
2019-10-10 03:24:35,298 [grpc-default-executor-7] WARN  server.GrpcLogAppender (LogUtils.java:warn(134)) - bf1e431a-ac22-4c3e-9988-b037a3e86b79@group-0E783EE0917E->cf7bb62d-ae02-4656-8788-4d6b65cde2e5-AppendLogResponseHandler: Failed appendEntries: org.apache.ratis.thirdparty.io.grpc.StatusRuntimeException: UNAVAILABLE: io exception
2019-10-10 03:24:35,300 [grpc-default-executor-7] INFO  impl.FollowerInfo (FollowerInfo.java:lambda$new$0(51)) - bf1e431a-ac22-4c3e-9988-b037a3e86b79@group-0E783EE0917E->cf7bb62d-ae02-4656-8788-4d6b65cde2e5: nextIndex: updateUnconditionally 1 -> 0
2019-10-10 03:24:35,309 [grpc-default-executor-12] WARN  server.GrpcLogAppender (LogUtils.java:warn(134)) - f91948bd-2887-4729-9be8-37aeea1ae085@group-710A48ACA19D->cf7bb62d-ae02-4656-8788-4d6b65cde2e5-AppendLogResponseHandler: Failed appendEntries: org.apache.ratis.thirdparty.io.grpc.StatusRuntimeException: UNAVAILABLE: io exception
2019-10-10 03:24:35,311 [grpc-default-executor-12] INFO  impl.FollowerInfo (FollowerInfo.java:lambda$new$0(51)) - f91948bd-2887-4729-9be8-37aeea1ae085@group-710A48ACA19D->cf7bb62d-ae02-4656-8788-4d6b65cde2e5: nextIndex: updateUnconditionally 1 -> 0
2019-10-10 03:24:35,332 [grpc-default-executor-7] WARN  server.GrpcLogAppender (LogUtils.java:warn(134)) - f91948bd-2887-4729-9be8-37aeea1ae085@group-710A48ACA19D->cf7bb62d-ae02-4656-8788-4d6b65cde2e5-AppendLogResponseHandler: Failed appendEntries: org.apache.ratis.thirdparty.io.grpc.StatusRuntimeException: UNAVAILABLE: io exception
2019-10-10 03:24:35,334 [grpc-default-executor-7] INFO  impl.FollowerInfo (FollowerInfo.java:lambda$new$0(51)) - f91948bd-2887-4729-9be8-37aeea1ae085@group-710A48ACA19D->cf7bb62d-ae02-4656-8788-4d6b65cde2e5: nextIndex: updateUnconditionally 1 -> 0
2019-10-10 03:24:35,824 [grpc-default-executor-8] WARN  server.GrpcLogAppender (LogUtils.java:warn(134)) - bf1e431a-ac22-4c3e-9988-b037a3e86b79@group-0126F1D0204A->cf7bb62d-ae02-4656-8788-4d6b65cde2e5-AppendLogResponseHandler: Failed appendEntries: org.apache.ratis.thirdparty.io.grpc.StatusRuntimeException: UNAVAILABLE: io exception
2019-10-10 03:24:35,826 [grpc-default-executor-8] INFO  impl.FollowerInfo (FollowerInfo.java:lambda$new$0(51)) - bf1e431a-ac22-4c3e-9988-b037a3e86b79@group-0126F1D0204A->cf7bb62d-ae02-4656-8788-4d6b65cde2e5: nextIndex: updateUnconditionally 9 -> 8
2019-10-10 03:24:36,194 [main] INFO  ozoneimpl.OzoneContainer (OzoneContainer.java:stop(231)) - Attempting to stop container services.
2019-10-10 03:24:36,194 [main] INFO  impl.RaftServerProxy (RaftServerProxy.java:lambda$close$4(314)) - f91948bd-2887-4729-9be8-37aeea1ae085: close
2019-10-10 03:24:36,195 [main] INFO  impl.RaftServerImpl (RaftServerImpl.java:lambda$shutdown$3(251)) - f91948bd-2887-4729-9be8-37aeea1ae085@group-710A48ACA19D: shutdown
2019-10-10 03:24:36,195 [ForkJoinPool.commonPool-worker-0] INFO  impl.RaftServerImpl (RaftServerImpl.java:lambda$shutdown$3(251)) - f91948bd-2887-4729-9be8-37aeea1ae085@group-0126F1D0204A: shutdown
2019-10-10 03:24:36,195 [main] INFO  util.JmxRegister (JmxRegister.java:unregister(73)) - Successfully un-registered JMX Bean with object name Ratis:service=RaftServer,group=group-710A48ACA19D,id=f91948bd-2887-4729-9be8-37aeea1ae085
2019-10-10 03:24:36,196 [ForkJoinPool.commonPool-worker-0] INFO  util.JmxRegister (JmxRegister.java:unregister(73)) - Successfully un-registered JMX Bean with object name Ratis:service=RaftServer,group=group-0126F1D0204A,id=f91948bd-2887-4729-9be8-37aeea1ae085
2019-10-10 03:24:36,196 [main] INFO  impl.RoleInfo (RoleInfo.java:shutdownLeaderState(104)) - f91948bd-2887-4729-9be8-37aeea1ae085: shutdown LeaderState
2019-10-10 03:24:36,196 [ForkJoinPool.commonPool-worker-0] INFO  impl.RoleInfo (RoleInfo.java:shutdownFollowerState(121)) - f91948bd-2887-4729-9be8-37aeea1ae085: shutdown FollowerState
2019-10-10 03:24:36,202 [org.apache.ratis.server.impl.LogAppender$AppenderDaemon$$Lambda$471/1818397827@f66e8d0] WARN  server.GrpcLogAppender (GrpcLogAppender.java:mayWait(143)) - f91948bd-2887-4729-9be8-37aeea1ae085@group-710A48ACA19D->cf7bb62d-ae02-4656-8788-4d6b65cde2e5-GrpcLogAppender: Wait interrupted by java.lang.InterruptedException
2019-10-10 03:24:36,202 [org.apache.ratis.server.impl.LogAppender$AppenderDaemon$$Lambda$471/1818397827@c6abc02] WARN  server.GrpcLogAppender (GrpcLogAppender.java:mayWait(143)) - f91948bd-2887-4729-9be8-37aeea1ae085@group-710A48ACA19D->bf1e431a-ac22-4c3e-9988-b037a3e86b79-GrpcLogAppender: Wait interrupted by java.lang.InterruptedException
2019-10-10 03:24:36,202 [main] INFO  impl.PendingRequests (PendingRequests.java:sendNotLeaderResponses(202)) - f91948bd-2887-4729-9be8-37aeea1ae085-PendingRequests: sendNotLeaderResponses
2019-10-10 03:24:36,202 [Thread-368] INFO  impl.FollowerState (FollowerState.java:run(115)) - f91948bd-2887-4729-9be8-37aeea1ae085: FollowerState was interrupted: java.lang.InterruptedException: sleep interrupted
2019-10-10 03:24:36,202 [f91948bd-2887-4729-9be8-37aeea1ae085@group-0126F1D0204A-StateMachineUpdater] INFO  ratis.ContainerStateMachine (ContainerStateMachine.java:takeSnapshot(289)) - group-0126F1D0204A: Taking a snapshot at:(t:1, i:9) file /workdir/hadoop-ozone/integration-test/target/test-dir/MiniOzoneClusterImpl-76d4cd33-009f-47dc-90bf-15a5f30e9e6a/datanode-5/data/ratis/2045b84a-a425-4547-9bed-0126f1d0204a/sm/snapshot.1_9
2019-10-10 03:24:36,202 [ForkJoinPool.commonPool-worker-0] INFO  impl.StateMachineUpdater (StateMachineUpdater.java:stopAndJoin(125)) - f91948bd-2887-4729-9be8-37aeea1ae085@group-0126F1D0204A-StateMachineUpdater: set stopIndex = 10
2019-10-10 03:24:36,207 [grpc-default-executor-8] INFO  server.GrpcServerProtocolService (GrpcServerProtocolService.java:onCompleted(113)) - bf1e431a-ac22-4c3e-9988-b037a3e86b79: Completed APPEND_ENTRIES, lastRequest: f91948bd-2887-4729-9be8-37aeea1ae085->bf1e431a-ac22-4c3e-9988-b037a3e86b79#2-t2, previous=(t:2, i:1), leaderCommit=1, initializing? false, entries: size=1, first=(t:2, i:2), METADATAENTRY(c1)
2019-10-10 03:24:36,207 [main] INFO  impl.StateMachineUpdater (StateMachineUpdater.java:stopAndJoin(125)) - f91948bd-2887-4729-9be8-37aeea1ae085@group-710A48ACA19D-StateMachineUpdater: set stopIndex = 2
2019-10-10 03:24:36,208 [main] INFO  impl.RaftServerImpl (ServerState.java:close(385)) - f91948bd-2887-4729-9be8-37aeea1ae085@group-710A48ACA19D: closes. applyIndex: 2
2019-10-10 03:24:36,208 [grpc-default-executor-8] INFO  server.GrpcLogAppender (GrpcLogAppender.java:onCompleted(293)) - f91948bd-2887-4729-9be8-37aeea1ae085@group-710A48ACA19D->bf1e431a-ac22-4c3e-9988-b037a3e86b79-AppendLogResponseHandler: follower responses appendEntries COMPLETED
2019-10-10 03:24:36,208 [f91948bd-2887-4729-9be8-37aeea1ae085@group-710A48ACA19D-SegmentedRaftLogWorker] INFO  segmented.SegmentedRaftLogWorker (SegmentedRaftLogWorker.java:run(313)) - f91948bd-2887-4729-9be8-37aeea1ae085@group-710A48ACA19D-SegmentedRaftLogWorker was interrupted, exiting. There are 0 tasks remaining in the queue.
2019-10-10 03:24:36,211 [main] INFO  segmented.SegmentedRaftLogWorker (SegmentedRaftLogWorker.java:close(228)) - f91948bd-2887-4729-9be8-37aeea1ae085@group-710A48ACA19D-SegmentedRaftLogWorker close()
2019-10-10 03:24:36,211 [grpc-default-executor-7] WARN  server.GrpcLogAppender (LogUtils.java:warn(134)) - f91948bd-2887-4729-9be8-37aeea1ae085@group-0334129A7BAF->bf1e431a-ac22-4c3e-9988-b037a3e86b79-AppendLogResponseHandler: Failed appendEntries: org.apache.ratis.thirdparty.io.grpc.StatusRuntimeException: UNAVAILABLE: Channel shutdownNow invoked
2019-10-10 03:24:36,216 [grpc-default-executor-10] WARN  server.GrpcServerProtocolService (LogUtils.java:warn(134)) - bf1e431a-ac22-4c3e-9988-b037a3e86b79: installSnapshot onError, lastRequest: f91948bd-2887-4729-9be8-37aeea1ae085->bf1e431a-ac22-4c3e-9988-b037a3e86b79#5-t2, previous=(t:2, i:0), leaderCommit=0, initializing? false, entries: <empty>: org.apache.ratis.thirdparty.io.grpc.StatusRuntimeException: CANCELLED: cancelled before receiving half close
2019-10-10 03:24:36,211 [grpc-default-executor-8] INFO  impl.FollowerInfo (FollowerInfo.java:lambda$new$0(51)) - f91948bd-2887-4729-9be8-37aeea1ae085@group-710A48ACA19D->bf1e431a-ac22-4c3e-9988-b037a3e86b79: nextIndex: updateUnconditionally 3 -> 2
2019-10-10 03:24:36,217 [grpc-default-executor-9] WARN  server.GrpcServerProtocolService (LogUtils.java:warn(134)) - bf1e431a-ac22-4c3e-9988-b037a3e86b79: installSnapshot onError, lastRequest: f91948bd-2887-4729-9be8-37aeea1ae085->bf1e431a-ac22-4c3e-9988-b037a3e86b79#2-t2, previous=(t:2, i:1), leaderCommit=1, initializing? false, entries: size=1, first=(t:2, i:2), METADATAENTRY(c1): org.apache.ratis.thirdparty.io.grpc.StatusRuntimeException: CANCELLED: cancelled before receiving half close
2019-10-10 03:24:36,216 [grpc-default-executor-7] INFO  impl.FollowerInfo (FollowerInfo.java:lambda$new$0(51)) - f91948bd-2887-4729-9be8-37aeea1ae085@group-0334129A7BAF->bf1e431a-ac22-4c3e-9988-b037a3e86b79: nextIndex: updateUnconditionally 1 -> 0
2019-10-10 03:24:36,216 [main] INFO  impl.RaftServerImpl (RaftServerImpl.java:lambda$shutdown$3(251)) - f91948bd-2887-4729-9be8-37aeea1ae085@group-E714677D455E: shutdown
2019-10-10 03:24:36,216 [grpc-default-executor-12] WARN  server.GrpcLogAppender (LogUtils.java:warn(134)) - f91948bd-2887-4729-9be8-37aeea1ae085@group-E0F0E67C15C8->bf1e431a-ac22-4c3e-9988-b037a3e86b79-AppendLogResponseHandler: Failed appendEntries: org.apache.ratis.thirdparty.io.grpc.StatusRuntimeException: UNAVAILABLE: Channel shutdownNow invoked
2019-10-10 03:24:36,218 [main] INFO  util.JmxRegister (JmxRegister.java:unregister(73)) - Successfully un-registered JMX Bean with object name Ratis:service=RaftServer,group=group-E714677D455E,id=f91948bd-2887-4729-9be8-37aeea1ae085
2019-10-10 03:24:36,218 [grpc-default-executor-12] INFO  impl.FollowerInfo (FollowerInfo.java:lambda$new$0(51)) - f91948bd-2887-4729-9be8-37aeea1ae085@group-E0F0E67C15C8->bf1e431a-ac22-4c3e-9988-b037a3e86b79: nextIndex: updateUnconditionally 3 -> 2
2019-10-10 03:24:36,218 [main] INFO  impl.RoleInfo (RoleInfo.java:shutdownFollowerState(121)) - f91948bd-2887-4729-9be8-37aeea1ae085: shutdown FollowerState
2019-10-10 03:24:36,219 [main] INFO  impl.StateMachineUpdater (StateMachineUpdater.java:stopAndJoin(125)) - f91948bd-2887-4729-9be8-37aeea1ae085@group-E714677D455E-StateMachineUpdater: set stopIndex = 0
2019-10-10 03:24:36,219 [main] INFO  impl.RaftServerImpl (ServerState.java:close(385)) - f91948bd-2887-4729-9be8-37aeea1ae085@group-E714677D455E: closes. applyIndex: 0
2019-10-10 03:24:36,219 [Thread-487] INFO  impl.FollowerState (FollowerState.java:run(115)) - f91948bd-2887-4729-9be8-37aeea1ae085: FollowerState was interrupted: java.lang.InterruptedException: sleep interrupted
2019-10-10 03:24:36,220 [f91948bd-2887-4729-9be8-37aeea1ae085@group-E714677D455E-SegmentedRaftLogWorker] INFO  segmented.SegmentedRaftLogWorker (SegmentedRaftLogWorker.java:run(313)) - f91948bd-2887-4729-9be8-37aeea1ae085@group-E714677D455E-SegmentedRaftLogWorker was interrupted, exiting. There are 0 tasks remaining in the queue.
2019-10-10 03:24:36,223 [main] INFO  segmented.SegmentedRaftLogWorker (SegmentedRaftLogWorker.java:close(228)) - f91948bd-2887-4729-9be8-37aeea1ae085@group-E714677D455E-SegmentedRaftLogWorker close()
2019-10-10 03:24:36,232 [f91948bd-2887-4729-9be8-37aeea1ae085@group-0126F1D0204A-StateMachineUpdater] INFO  ratis.ContainerStateMachine (ContainerStateMachine.java:takeSnapshot(300)) - group-0126F1D0204A: Finished taking a snapshot at:(t:1, i:9) file:/workdir/hadoop-ozone/integration-test/target/test-dir/MiniOzoneClusterImpl-76d4cd33-009f-47dc-90bf-15a5f30e9e6a/datanode-5/data/ratis/2045b84a-a425-4547-9bed-0126f1d0204a/sm/snapshot.1_9 time:30
2019-10-10 03:24:36,232 [main] INFO  impl.RaftServerImpl (RaftServerImpl.java:lambda$shutdown$3(251)) - f91948bd-2887-4729-9be8-37aeea1ae085@group-0E783EE0917E: shutdown
2019-10-10 03:24:36,233 [f91948bd-2887-4729-9be8-37aeea1ae085@group-0126F1D0204A-StateMachineUpdater] INFO  impl.StateMachineUpdater (StateMachineUpdater.java:takeSnapshot(258)) - f91948bd-2887-4729-9be8-37aeea1ae085@group-0126F1D0204A-StateMachineUpdater: Took a snapshot at index 9
2019-10-10 03:24:36,233 [main] INFO  util.JmxRegister (JmxRegister.java:unregister(73)) - Successfully un-registered JMX Bean with object name Ratis:service=RaftServer,group=group-0E783EE0917E,id=f91948bd-2887-4729-9be8-37aeea1ae085
2019-10-10 03:24:36,233 [f91948bd-2887-4729-9be8-37aeea1ae085@group-0126F1D0204A-StateMachineUpdater] INFO  impl.StateMachineUpdater (StateMachineUpdater.java:lambda$new$0(83)) - f91948bd-2887-4729-9be8-37aeea1ae085@group-0126F1D0204A-StateMachineUpdater: snapshotIndex: updateIncreasingly -1 -> 9
2019-10-10 03:24:36,233 [main] INFO  impl.RoleInfo (RoleInfo.java:shutdownFollowerState(121)) - f91948bd-2887-4729-9be8-37aeea1ae085: shutdown FollowerState
2019-10-10 03:24:36,234 [f91948bd-2887-4729-9be8-37aeea1ae085@group-0126F1D0204A-StateMachineUpdater] INFO  ratis.ContainerStateMachine (ContainerStateMachine.java:takeSnapshot(289)) - group-0126F1D0204A: Taking a snapshot at:(t:1, i:9) file /workdir/hadoop-ozone/integration-test/target/test-dir/MiniOzoneClusterImpl-76d4cd33-009f-47dc-90bf-15a5f30e9e6a/datanode-5/data/ratis/2045b84a-a425-4547-9bed-0126f1d0204a/sm/snapshot.1_9
2019-10-10 03:24:36,234 [main] INFO  impl.StateMachineUpdater (StateMachineUpdater.java:stopAndJoin(125)) - f91948bd-2887-4729-9be8-37aeea1ae085@group-0E783EE0917E-StateMachineUpdater: set stopIndex = 1
2019-10-10 03:24:36,234 [main] INFO  impl.RaftServerImpl (ServerState.java:close(385)) - f91948bd-2887-4729-9be8-37aeea1ae085@group-0E783EE0917E: closes. applyIndex: 1
2019-10-10 03:24:36,234 [Thread-618] INFO  impl.FollowerState (FollowerState.java:run(115)) - f91948bd-2887-4729-9be8-37aeea1ae085: FollowerState was interrupted: java.lang.InterruptedException: sleep interrupted
2019-10-10 03:24:36,235 [f91948bd-2887-4729-9be8-37aeea1ae085@group-0E783EE0917E-SegmentedRaftLogWorker] INFO  segmented.SegmentedRaftLogWorker (SegmentedRaftLogWorker.java:run(313)) - f91948bd-2887-4729-9be8-37aeea1ae085@group-0E783EE0917E-SegmentedRaftLogWorker was interrupted, exiting. There are 0 tasks remaining in the queue.
2019-10-10 03:24:36,237 [main] INFO  segmented.SegmentedRaftLogWorker (SegmentedRaftLogWorker.java:close(228)) - f91948bd-2887-4729-9be8-37aeea1ae085@group-0E783EE0917E-SegmentedRaftLogWorker close()
2019-10-10 03:24:36,246 [f91948bd-2887-4729-9be8-37aeea1ae085@group-0126F1D0204A-StateMachineUpdater] INFO  ratis.ContainerStateMachine (ContainerStateMachine.java:takeSnapshot(300)) - group-0126F1D0204A: Finished taking a snapshot at:(t:1, i:9) file:/workdir/hadoop-ozone/integration-test/target/test-dir/MiniOzoneClusterImpl-76d4cd33-009f-47dc-90bf-15a5f30e9e6a/datanode-5/data/ratis/2045b84a-a425-4547-9bed-0126f1d0204a/sm/snapshot.1_9 time:12
2019-10-10 03:24:36,247 [f91948bd-2887-4729-9be8-37aeea1ae085@group-0126F1D0204A-StateMachineUpdater] INFO  impl.StateMachineUpdater (StateMachineUpdater.java:takeSnapshot(258)) - f91948bd-2887-4729-9be8-37aeea1ae085@group-0126F1D0204A-StateMachineUpdater: Took a snapshot at index 9
2019-10-10 03:24:36,247 [f91948bd-2887-4729-9be8-37aeea1ae085@group-0126F1D0204A-StateMachineUpdater] INFO  impl.StateMachineUpdater (StateMachineUpdater.java:lambda$new$0(83)) - f91948bd-2887-4729-9be8-37aeea1ae085@group-0126F1D0204A-StateMachineUpdater: snapshotIndex: updateIncreasingly 9 -> 9
2019-10-10 03:24:36,247 [ForkJoinPool.commonPool-worker-0] INFO  impl.RaftServerImpl (ServerState.java:close(385)) - f91948bd-2887-4729-9be8-37aeea1ae085@group-0126F1D0204A: closes. applyIndex: 10
2019-10-10 03:24:36,248 [f91948bd-2887-4729-9be8-37aeea1ae085@group-0126F1D0204A-SegmentedRaftLogWorker] INFO  segmented.SegmentedRaftLogWorker (SegmentedRaftLogWorker.java:run(313)) - f91948bd-2887-4729-9be8-37aeea1ae085@group-0126F1D0204A-SegmentedRaftLogWorker was interrupted, exiting. There are 0 tasks remaining in the queue.
2019-10-10 03:24:36,248 [ForkJoinPool.commonPool-worker-0] INFO  segmented.SegmentedRaftLogWorker (SegmentedRaftLogWorker.java:close(228)) - f91948bd-2887-4729-9be8-37aeea1ae085@group-0126F1D0204A-SegmentedRaftLogWorker close()
2019-10-10 03:24:36,250 [ForkJoinPool.commonPool-worker-0] INFO  impl.RaftServerImpl (RaftServerImpl.java:lambda$shutdown$3(251)) - f91948bd-2887-4729-9be8-37aeea1ae085@group-E0F0E67C15C8: shutdown
2019-10-10 03:24:36,250 [ForkJoinPool.commonPool-worker-0] INFO  util.JmxRegister (JmxRegister.java:unregister(73)) - Successfully un-registered JMX Bean with object name Ratis:service=RaftServer,group=group-E0F0E67C15C8,id=f91948bd-2887-4729-9be8-37aeea1ae085
2019-10-10 03:24:36,250 [ForkJoinPool.commonPool-worker-0] INFO  impl.RoleInfo (RoleInfo.java:shutdownLeaderState(104)) - f91948bd-2887-4729-9be8-37aeea1ae085: shutdown LeaderState
2019-10-10 03:24:36,253 [ForkJoinPool.commonPool-worker-0] INFO  impl.PendingRequests (PendingRequests.java:sendNotLeaderResponses(202)) - f91948bd-2887-4729-9be8-37aeea1ae085-PendingRequests: sendNotLeaderResponses
2019-10-10 03:24:36,254 [org.apache.ratis.server.impl.LogAppender$AppenderDaemon$$Lambda$471/1818397827@43a43c5e] WARN  server.GrpcLogAppender (GrpcLogAppender.java:mayWait(143)) - f91948bd-2887-4729-9be8-37aeea1ae085@group-E0F0E67C15C8->cf7bb62d-ae02-4656-8788-4d6b65cde2e5-GrpcLogAppender: Wait interrupted by java.lang.InterruptedException
2019-10-10 03:24:36,254 [org.apache.ratis.server.impl.LogAppender$AppenderDaemon$$Lambda$471/1818397827@362971f2] WARN  server.GrpcLogAppender (GrpcLogAppender.java:mayWait(143)) - f91948bd-2887-4729-9be8-37aeea1ae085@group-E0F0E67C15C8->bf1e431a-ac22-4c3e-9988-b037a3e86b79-GrpcLogAppender: Wait interrupted by java.lang.InterruptedException
2019-10-10 03:24:36,257 [ForkJoinPool.commonPool-worker-0] INFO  impl.StateMachineUpdater (StateMachineUpdater.java:stopAndJoin(125)) - f91948bd-2887-4729-9be8-37aeea1ae085@group-E0F0E67C15C8-StateMachineUpdater: set stopIndex = 2
2019-10-10 03:24:36,257 [ForkJoinPool.commonPool-worker-0] INFO  impl.RaftServerImpl (ServerState.java:close(385)) - f91948bd-2887-4729-9be8-37aeea1ae085@group-E0F0E67C15C8: closes. applyIndex: 2
2019-10-10 03:24:36,258 [f91948bd-2887-4729-9be8-37aeea1ae085@group-E0F0E67C15C8-SegmentedRaftLogWorker] INFO  segmented.SegmentedRaftLogWorker (SegmentedRaftLogWorker.java:run(313)) - f91948bd-2887-4729-9be8-37aeea1ae085@group-E0F0E67C15C8-SegmentedRaftLogWorker was interrupted, exiting. There are 0 tasks remaining in the queue.
2019-10-10 03:24:36,258 [ForkJoinPool.commonPool-worker-0] INFO  segmented.SegmentedRaftLogWorker (SegmentedRaftLogWorker.java:close(228)) - f91948bd-2887-4729-9be8-37aeea1ae085@group-E0F0E67C15C8-SegmentedRaftLogWorker close()
2019-10-10 03:24:36,260 [ForkJoinPool.commonPool-worker-0] INFO  impl.RaftServerImpl (RaftServerImpl.java:lambda$shutdown$3(251)) - f91948bd-2887-4729-9be8-37aeea1ae085@group-0334129A7BAF: shutdown
2019-10-10 03:24:36,260 [ForkJoinPool.commonPool-worker-0] INFO  util.JmxRegister (JmxRegister.java:unregister(73)) - Successfully un-registered JMX Bean with object name Ratis:service=RaftServer,group=group-0334129A7BAF,id=f91948bd-2887-4729-9be8-37aeea1ae085
2019-10-10 03:24:36,260 [ForkJoinPool.commonPool-worker-0] INFO  impl.RoleInfo (RoleInfo.java:shutdownLeaderState(104)) - f91948bd-2887-4729-9be8-37aeea1ae085: shutdown LeaderState
2019-10-10 03:24:36,263 [ForkJoinPool.commonPool-worker-0] INFO  impl.PendingRequests (PendingRequests.java:sendNotLeaderResponses(202)) - f91948bd-2887-4729-9be8-37aeea1ae085-PendingRequests: sendNotLeaderResponses
2019-10-10 03:24:36,263 [org.apache.ratis.server.impl.LogAppender$AppenderDaemon$$Lambda$471/1818397827@4b774dbe] WARN  server.GrpcLogAppender (GrpcLogAppender.java:mayWait(143)) - f91948bd-2887-4729-9be8-37aeea1ae085@group-0334129A7BAF->bf1e431a-ac22-4c3e-9988-b037a3e86b79-GrpcLogAppender: Wait interrupted by java.lang.InterruptedException
2019-10-10 03:24:36,263 [org.apache.ratis.server.impl.LogAppender$AppenderDaemon$$Lambda$471/1818397827@22580b3d] WARN  server.GrpcLogAppender (GrpcLogAppender.java:mayWait(143)) - f91948bd-2887-4729-9be8-37aeea1ae085@group-0334129A7BAF->cf7bb62d-ae02-4656-8788-4d6b65cde2e5-GrpcLogAppender: Wait interrupted by java.lang.InterruptedException
2019-10-10 03:24:36,264 [ForkJoinPool.commonPool-worker-0] INFO  impl.StateMachineUpdater (StateMachineUpdater.java:stopAndJoin(125)) - f91948bd-2887-4729-9be8-37aeea1ae085@group-0334129A7BAF-StateMachineUpdater: set stopIndex = 0
2019-10-10 03:24:36,264 [ForkJoinPool.commonPool-worker-0] INFO  impl.RaftServerImpl (ServerState.java:close(385)) - f91948bd-2887-4729-9be8-37aeea1ae085@group-0334129A7BAF: closes. applyIndex: 0
2019-10-10 03:24:36,264 [f91948bd-2887-4729-9be8-37aeea1ae085@group-0334129A7BAF-SegmentedRaftLogWorker] INFO  segmented.SegmentedRaftLogWorker (SegmentedRaftLogWorker.java:run(313)) - f91948bd-2887-4729-9be8-37aeea1ae085@group-0334129A7BAF-SegmentedRaftLogWorker was interrupted, exiting. There are 0 tasks remaining in the queue.
2019-10-10 03:24:36,264 [ForkJoinPool.commonPool-worker-0] INFO  segmented.SegmentedRaftLogWorker (SegmentedRaftLogWorker.java:close(228)) - f91948bd-2887-4729-9be8-37aeea1ae085@group-0334129A7BAF-SegmentedRaftLogWorker close()
2019-10-10 03:24:36,266 [ForkJoinPool.commonPool-worker-0] INFO  impl.RaftServerImpl (RaftServerImpl.java:lambda$shutdown$3(251)) - f91948bd-2887-4729-9be8-37aeea1ae085@group-F58B0447AA55: shutdown
2019-10-10 03:24:36,266 [ForkJoinPool.commonPool-worker-0] INFO  util.JmxRegister (JmxRegister.java:unregister(73)) - Successfully un-registered JMX Bean with object name Ratis:service=RaftServer,group=group-F58B0447AA55,id=f91948bd-2887-4729-9be8-37aeea1ae085
2019-10-10 03:24:36,267 [ForkJoinPool.commonPool-worker-0] INFO  impl.RoleInfo (RoleInfo.java:shutdownLeaderState(104)) - f91948bd-2887-4729-9be8-37aeea1ae085: shutdown LeaderState
2019-10-10 03:24:36,267 [ForkJoinPool.commonPool-worker-0] INFO  impl.PendingRequests (PendingRequests.java:sendNotLeaderResponses(202)) - f91948bd-2887-4729-9be8-37aeea1ae085-PendingRequests: sendNotLeaderResponses
2019-10-10 03:24:36,267 [ForkJoinPool.commonPool-worker-0] INFO  impl.StateMachineUpdater (StateMachineUpdater.java:stopAndJoin(125)) - f91948bd-2887-4729-9be8-37aeea1ae085@group-F58B0447AA55-StateMachineUpdater: set stopIndex = 0
2019-10-10 03:24:36,267 [ForkJoinPool.commonPool-worker-0] INFO  impl.RaftServerImpl (ServerState.java:close(385)) - f91948bd-2887-4729-9be8-37aeea1ae085@group-F58B0447AA55: closes. applyIndex: 0
2019-10-10 03:24:36,268 [f91948bd-2887-4729-9be8-37aeea1ae085@group-F58B0447AA55-SegmentedRaftLogWorker] INFO  segmented.SegmentedRaftLogWorker (SegmentedRaftLogWorker.java:run(313)) - f91948bd-2887-4729-9be8-37aeea1ae085@group-F58B0447AA55-SegmentedRaftLogWorker was interrupted, exiting. There are 0 tasks remaining in the queue.
2019-10-10 03:24:36,268 [ForkJoinPool.commonPool-worker-0] INFO  segmented.SegmentedRaftLogWorker (SegmentedRaftLogWorker.java:close(228)) - f91948bd-2887-4729-9be8-37aeea1ae085@group-F58B0447AA55-SegmentedRaftLogWorker close()
2019-10-10 03:24:36,270 [ForkJoinPool.commonPool-worker-0] INFO  impl.RaftServerImpl (RaftServerImpl.java:lambda$shutdown$3(251)) - f91948bd-2887-4729-9be8-37aeea1ae085@group-0226F33D37E0: shutdown
2019-10-10 03:24:36,270 [ForkJoinPool.commonPool-worker-0] INFO  util.JmxRegister (JmxRegister.java:unregister(73)) - Successfully un-registered JMX Bean with object name Ratis:service=RaftServer,group=group-0226F33D37E0,id=f91948bd-2887-4729-9be8-37aeea1ae085
2019-10-10 03:24:36,270 [ForkJoinPool.commonPool-worker-0] INFO  impl.RoleInfo (RoleInfo.java:shutdownFollowerState(121)) - f91948bd-2887-4729-9be8-37aeea1ae085: shutdown FollowerState
2019-10-10 03:24:36,270 [ForkJoinPool.commonPool-worker-0] INFO  impl.StateMachineUpdater (StateMachineUpdater.java:stopAndJoin(125)) - f91948bd-2887-4729-9be8-37aeea1ae085@group-0226F33D37E0-StateMachineUpdater: set stopIndex = 8
2019-10-10 03:24:36,270 [f91948bd-2887-4729-9be8-37aeea1ae085@group-0226F33D37E0-StateMachineUpdater] INFO  ratis.ContainerStateMachine (ContainerStateMachine.java:takeSnapshot(289)) - group-0226F33D37E0: Taking a snapshot at:(t:3, i:5) file /workdir/hadoop-ozone/integration-test/target/test-dir/MiniOzoneClusterImpl-76d4cd33-009f-47dc-90bf-15a5f30e9e6a/datanode-5/data/ratis/c8438979-6343-423c-bb81-0226f33d37e0/sm/snapshot.3_5
2019-10-10 03:24:36,270 [Thread-474] INFO  impl.FollowerState (FollowerState.java:run(115)) - f91948bd-2887-4729-9be8-37aeea1ae085: FollowerState was interrupted: java.lang.InterruptedException: sleep interrupted
2019-10-10 03:24:36,297 [f91948bd-2887-4729-9be8-37aeea1ae085@group-0226F33D37E0-StateMachineUpdater] INFO  ratis.ContainerStateMachine (ContainerStateMachine.java:takeSnapshot(300)) - group-0226F33D37E0: Finished taking a snapshot at:(t:3, i:5) file:/workdir/hadoop-ozone/integration-test/target/test-dir/MiniOzoneClusterImpl-76d4cd33-009f-47dc-90bf-15a5f30e9e6a/datanode-5/data/ratis/c8438979-6343-423c-bb81-0226f33d37e0/sm/snapshot.3_5 time:27
2019-10-10 03:24:36,298 [f91948bd-2887-4729-9be8-37aeea1ae085@group-0226F33D37E0-StateMachineUpdater] INFO  impl.StateMachineUpdater (StateMachineUpdater.java:takeSnapshot(258)) - f91948bd-2887-4729-9be8-37aeea1ae085@group-0226F33D37E0-StateMachineUpdater: Took a snapshot at index 5
2019-10-10 03:24:36,298 [f91948bd-2887-4729-9be8-37aeea1ae085@group-0226F33D37E0-StateMachineUpdater] INFO  impl.StateMachineUpdater (StateMachineUpdater.java:lambda$new$0(83)) - f91948bd-2887-4729-9be8-37aeea1ae085@group-0226F33D37E0-StateMachineUpdater: snapshotIndex: updateIncreasingly -1 -> 5
2019-10-10 03:24:36,298 [f91948bd-2887-4729-9be8-37aeea1ae085@group-0226F33D37E0-StateMachineUpdater] INFO  ratis.ContainerStateMachine (ContainerStateMachine.java:takeSnapshot(289)) - group-0226F33D37E0: Taking a snapshot at:(t:3, i:5) file /workdir/hadoop-ozone/integration-test/target/test-dir/MiniOzoneClusterImpl-76d4cd33-009f-47dc-90bf-15a5f30e9e6a/datanode-5/data/ratis/c8438979-6343-423c-bb81-0226f33d37e0/sm/snapshot.3_5
2019-10-10 03:24:36,310 [f91948bd-2887-4729-9be8-37aeea1ae085@group-0226F33D37E0-StateMachineUpdater] INFO  ratis.ContainerStateMachine (ContainerStateMachine.java:takeSnapshot(300)) - group-0226F33D37E0: Finished taking a snapshot at:(t:3, i:5) file:/workdir/hadoop-ozone/integration-test/target/test-dir/MiniOzoneClusterImpl-76d4cd33-009f-47dc-90bf-15a5f30e9e6a/datanode-5/data/ratis/c8438979-6343-423c-bb81-0226f33d37e0/sm/snapshot.3_5 time:12
2019-10-10 03:24:36,310 [f91948bd-2887-4729-9be8-37aeea1ae085@group-0226F33D37E0-StateMachineUpdater] INFO  impl.StateMachineUpdater (StateMachineUpdater.java:takeSnapshot(258)) - f91948bd-2887-4729-9be8-37aeea1ae085@group-0226F33D37E0-StateMachineUpdater: Took a snapshot at index 5
2019-10-10 03:24:36,310 [f91948bd-2887-4729-9be8-37aeea1ae085@group-0226F33D37E0-StateMachineUpdater] INFO  impl.StateMachineUpdater (StateMachineUpdater.java:lambda$new$0(83)) - f91948bd-2887-4729-9be8-37aeea1ae085@group-0226F33D37E0-StateMachineUpdater: snapshotIndex: updateIncreasingly 5 -> 5
2019-10-10 03:24:36,311 [ForkJoinPool.commonPool-worker-0] INFO  impl.RaftServerImpl (ServerState.java:close(385)) - f91948bd-2887-4729-9be8-37aeea1ae085@group-0226F33D37E0: closes. applyIndex: 8
2019-10-10 03:24:36,311 [f91948bd-2887-4729-9be8-37aeea1ae085@group-0226F33D37E0-SegmentedRaftLogWorker] INFO  segmented.SegmentedRaftLogWorker (SegmentedRaftLogWorker.java:run(313)) - f91948bd-2887-4729-9be8-37aeea1ae085@group-0226F33D37E0-SegmentedRaftLogWorker was interrupted, exiting. There are 0 tasks remaining in the queue.
2019-10-10 03:24:36,311 [ForkJoinPool.commonPool-worker-0] INFO  segmented.SegmentedRaftLogWorker (SegmentedRaftLogWorker.java:close(228)) - f91948bd-2887-4729-9be8-37aeea1ae085@group-0226F33D37E0-SegmentedRaftLogWorker close()
2019-10-10 03:24:36,314 [main] INFO  server.GrpcService (GrpcService.java:closeImpl(164)) - f91948bd-2887-4729-9be8-37aeea1ae085: shutdown server with port 34840 now
2019-10-10 03:24:36,315 [grpc-default-executor-9] WARN  server.GrpcServerProtocolService (LogUtils.java:warn(134)) - f91948bd-2887-4729-9be8-37aeea1ae085: installSnapshot onError, lastRequest: bf1e431a-ac22-4c3e-9988-b037a3e86b79->f91948bd-2887-4729-9be8-37aeea1ae085#16-t1, previous=(t:1, i:10), leaderCommit=10, initializing? false, entries: <empty>: org.apache.ratis.thirdparty.io.grpc.StatusRuntimeException: CANCELLED: cancelled before receiving half close
2019-10-10 03:24:36,315 [grpc-default-executor-10] WARN  server.GrpcServerProtocolService (LogUtils.java:warn(134)) - f91948bd-2887-4729-9be8-37aeea1ae085: installSnapshot onError, lastRequest: bf1e431a-ac22-4c3e-9988-b037a3e86b79->f91948bd-2887-4729-9be8-37aeea1ae085#5-t2, previous=(t:2, i:0), leaderCommit=0, initializing? false, entries: <empty>: org.apache.ratis.thirdparty.io.grpc.StatusRuntimeException: CANCELLED: cancelled before receiving half close
2019-10-10 03:24:36,316 [main] INFO  server.GrpcService (GrpcService.java:closeImpl(172)) - f91948bd-2887-4729-9be8-37aeea1ae085: shutdown server with port 34840 successfully
2019-10-10 03:24:36,316 [grpc-default-executor-7] WARN  server.GrpcServerProtocolService (LogUtils.java:warn(134)) - f91948bd-2887-4729-9be8-37aeea1ae085: installSnapshot onError, lastRequest: bf1e431a-ac22-4c3e-9988-b037a3e86b79->f91948bd-2887-4729-9be8-37aeea1ae085#2-t2, previous=(t:2, i:1), leaderCommit=1, initializing? false, entries: size=1, first=(t:2, i:2), METADATAENTRY(c1): org.apache.ratis.thirdparty.io.grpc.StatusRuntimeException: CANCELLED: cancelled before receiving half close
2019-10-10 03:24:36,317 [grpc-default-executor-8] WARN  server.GrpcLogAppender (LogUtils.java:warn(134)) - bf1e431a-ac22-4c3e-9988-b037a3e86b79@group-0126F1D0204A->f91948bd-2887-4729-9be8-37aeea1ae085-AppendLogResponseHandler: Failed appendEntries: org.apache.ratis.thirdparty.io.grpc.StatusRuntimeException: CANCELLED: HTTP/2 error code: CANCEL
Received Rst Stream
2019-10-10 03:24:36,317 [grpc-default-executor-9] WARN  server.GrpcLogAppender (LogUtils.java:warn(134)) - bf1e431a-ac22-4c3e-9988-b037a3e86b79@group-0E783EE0917E->f91948bd-2887-4729-9be8-37aeea1ae085-AppendLogResponseHandler: Failed appendEntries: org.apache.ratis.thirdparty.io.grpc.StatusRuntimeException: CANCELLED: HTTP/2 error code: CANCEL
Received Rst Stream
2019-10-10 03:24:36,317 [grpc-default-executor-2] WARN  server.GrpcLogAppender (LogUtils.java:warn(134)) - bf1e431a-ac22-4c3e-9988-b037a3e86b79@group-E714677D455E->f91948bd-2887-4729-9be8-37aeea1ae085-AppendLogResponseHandler: Failed appendEntries: org.apache.ratis.thirdparty.io.grpc.StatusRuntimeException: CANCELLED: HTTP/2 error code: CANCEL
Received Rst Stream
2019-10-10 03:24:36,317 [grpc-default-executor-9] INFO  impl.FollowerInfo (FollowerInfo.java:lambda$new$0(51)) - bf1e431a-ac22-4c3e-9988-b037a3e86b79@group-0E783EE0917E->f91948bd-2887-4729-9be8-37aeea1ae085: nextIndex: updateUnconditionally 3 -> 2
2019-10-10 03:24:36,317 [grpc-default-executor-8] INFO  impl.FollowerInfo (FollowerInfo.java:lambda$new$0(51)) - bf1e431a-ac22-4c3e-9988-b037a3e86b79@group-0126F1D0204A->f91948bd-2887-4729-9be8-37aeea1ae085: nextIndex: updateUnconditionally 11 -> 10
2019-10-10 03:24:36,318 [grpc-default-executor-2] INFO  impl.FollowerInfo (FollowerInfo.java:lambda$new$0(51)) - bf1e431a-ac22-4c3e-9988-b037a3e86b79@group-E714677D455E->f91948bd-2887-4729-9be8-37aeea1ae085: nextIndex: updateUnconditionally 1 -> 0
2019-10-10 03:24:36,318 [refreshUsed-/workdir/hadoop-ozone/integration-test/target/test-dir/MiniOzoneClusterImpl-76d4cd33-009f-47dc-90bf-15a5f30e9e6a/datanode-5/data/containers] WARN  fs.CachingGetSpaceUsed (CachingGetSpaceUsed.java:run(183)) - Thread Interrupted waiting to refresh disk information: sleep interrupted
2019-10-10 03:24:36,340 [main] INFO  utils.BackgroundService (BackgroundService.java:shutdown(148)) - Shutting down service BlockDeletingService
2019-10-10 03:24:36,346 [main] INFO  statemachine.DatanodeStateMachine (DatanodeStateMachine.java:stopDaemon(395)) - Ozone container server stopped.
2019-10-10 03:24:36,347 [main] INFO  handler.ContextHandler (ContextHandler.java:doStop(910)) - Stopped o.e.j.w.WebAppContext@2bc378f7{/,null,UNAVAILABLE}{/hddsDatanode}
2019-10-10 03:24:36,348 [main] INFO  server.AbstractConnector (AbstractConnector.java:doStop(318)) - Stopped ServerConnector@268cbb86{HTTP/1.1,[http/1.1]}{0.0.0.0:0}
2019-10-10 03:24:36,348 [main] INFO  handler.ContextHandler (ContextHandler.java:doStop(910)) - Stopped o.e.j.s.ServletContextHandler@31ddb930{/static,jar:file:/home/user/.m2/repository/org/apache/hadoop/hadoop-hdds-container-service/0.5.0-SNAPSHOT/hadoop-hdds-container-service-0.5.0-SNAPSHOT.jar!/webapps/static,UNAVAILABLE}
2019-10-10 03:24:36,349 [main] INFO  handler.ContextHandler (ContextHandler.java:doStop(910)) - Stopped o.e.j.s.ServletContextHandler@7e53339{/logs,file:///workdir/hadoop-ozone/integration-test/target/log,UNAVAILABLE}
]]></system-out>
    <system-err><![CDATA[Oct 10, 2019 3:24:31 AM org.apache.ratis.thirdparty.io.grpc.internal.SerializingExecutor run
SEVERE: Exception while executing runnable org.apache.ratis.thirdparty.io.grpc.internal.ServerImpl$JumpToApplicationThreadServerStreamListener$1Closed@30793655
org.apache.ratis.thirdparty.io.grpc.StatusRuntimeException: CANCELLED: call already cancelled
	at org.apache.ratis.thirdparty.io.grpc.Status.asRuntimeException(Status.java:517)
	at org.apache.ratis.thirdparty.io.grpc.stub.ServerCalls$ServerCallStreamObserverImpl.onCompleted(ServerCalls.java:356)
	at org.apache.ratis.grpc.server.GrpcServerProtocolService$ServerRequestStreamObserver.onError(GrpcServerProtocolService.java:121)
	at org.apache.ratis.thirdparty.io.grpc.stub.ServerCalls$StreamingServerCallHandler$StreamingServerCallListener.onCancel(ServerCalls.java:269)
	at org.apache.ratis.thirdparty.io.grpc.internal.ServerCallImpl$ServerStreamListenerImpl.closed(ServerCallImpl.java:293)
	at org.apache.ratis.thirdparty.io.grpc.internal.ServerImpl$JumpToApplicationThreadServerStreamListener$1Closed.runInContext(ServerImpl.java:741)
	at org.apache.ratis.thirdparty.io.grpc.internal.ContextRunnable.run(ContextRunnable.java:37)
	at org.apache.ratis.thirdparty.io.grpc.internal.SerializingExecutor.run(SerializingExecutor.java:123)
	at java.util.concurrent.ThreadPoolExecutor.runWorker(ThreadPoolExecutor.java:1149)
	at java.util.concurrent.ThreadPoolExecutor$Worker.run(ThreadPoolExecutor.java:624)
	at java.lang.Thread.run(Thread.java:748)

Oct 10, 2019 3:24:31 AM org.apache.ratis.thirdparty.io.grpc.internal.SerializingExecutor run
SEVERE: Exception while executing runnable org.apache.ratis.thirdparty.io.grpc.internal.ServerImpl$JumpToApplicationThreadServerStreamListener$1Closed@100483f0
org.apache.ratis.thirdparty.io.grpc.StatusRuntimeException: CANCELLED: call already cancelled
	at org.apache.ratis.thirdparty.io.grpc.Status.asRuntimeException(Status.java:517)
	at org.apache.ratis.thirdparty.io.grpc.stub.ServerCalls$ServerCallStreamObserverImpl.onCompleted(ServerCalls.java:356)
	at org.apache.ratis.grpc.server.GrpcServerProtocolService$ServerRequestStreamObserver.onError(GrpcServerProtocolService.java:121)
	at org.apache.ratis.thirdparty.io.grpc.stub.ServerCalls$StreamingServerCallHandler$StreamingServerCallListener.onCancel(ServerCalls.java:269)
	at org.apache.ratis.thirdparty.io.grpc.internal.ServerCallImpl$ServerStreamListenerImpl.closed(ServerCallImpl.java:293)
	at org.apache.ratis.thirdparty.io.grpc.internal.ServerImpl$JumpToApplicationThreadServerStreamListener$1Closed.runInContext(ServerImpl.java:741)
	at org.apache.ratis.thirdparty.io.grpc.internal.ContextRunnable.run(ContextRunnable.java:37)
	at org.apache.ratis.thirdparty.io.grpc.internal.SerializingExecutor.run(SerializingExecutor.java:123)
	at java.util.concurrent.ThreadPoolExecutor.runWorker(ThreadPoolExecutor.java:1149)
	at java.util.concurrent.ThreadPoolExecutor$Worker.run(ThreadPoolExecutor.java:624)
	at java.lang.Thread.run(Thread.java:748)

Oct 10, 2019 3:24:31 AM org.apache.ratis.thirdparty.io.grpc.internal.SerializingExecutor run
SEVERE: Exception while executing runnable org.apache.ratis.thirdparty.io.grpc.internal.ServerImpl$JumpToApplicationThreadServerStreamListener$1Closed@4d3e5215
org.apache.ratis.thirdparty.io.grpc.StatusRuntimeException: CANCELLED: call already cancelled
	at org.apache.ratis.thirdparty.io.grpc.Status.asRuntimeException(Status.java:517)
	at org.apache.ratis.thirdparty.io.grpc.stub.ServerCalls$ServerCallStreamObserverImpl.onCompleted(ServerCalls.java:356)
	at org.apache.ratis.grpc.server.GrpcServerProtocolService$ServerRequestStreamObserver.onError(GrpcServerProtocolService.java:121)
	at org.apache.ratis.thirdparty.io.grpc.stub.ServerCalls$StreamingServerCallHandler$StreamingServerCallListener.onCancel(ServerCalls.java:269)
	at org.apache.ratis.thirdparty.io.grpc.internal.ServerCallImpl$ServerStreamListenerImpl.closed(ServerCallImpl.java:293)
	at org.apache.ratis.thirdparty.io.grpc.internal.ServerImpl$JumpToApplicationThreadServerStreamListener$1Closed.runInContext(ServerImpl.java:741)
	at org.apache.ratis.thirdparty.io.grpc.internal.ContextRunnable.run(ContextRunnable.java:37)
	at org.apache.ratis.thirdparty.io.grpc.internal.SerializingExecutor.run(SerializingExecutor.java:123)
	at java.util.concurrent.ThreadPoolExecutor.runWorker(ThreadPoolExecutor.java:1149)
	at java.util.concurrent.ThreadPoolExecutor$Worker.run(ThreadPoolExecutor.java:624)
	at java.lang.Thread.run(Thread.java:748)

Oct 10, 2019 3:24:31 AM org.apache.ratis.thirdparty.io.grpc.internal.SerializingExecutor run
SEVERE: Exception while executing runnable org.apache.ratis.thirdparty.io.grpc.internal.ServerImpl$JumpToApplicationThreadServerStreamListener$1Closed@47aeaa1e
org.apache.ratis.thirdparty.io.grpc.StatusRuntimeException: CANCELLED: call already cancelled
	at org.apache.ratis.thirdparty.io.grpc.Status.asRuntimeException(Status.java:517)
	at org.apache.ratis.thirdparty.io.grpc.stub.ServerCalls$ServerCallStreamObserverImpl.onCompleted(ServerCalls.java:356)
	at org.apache.ratis.grpc.server.GrpcServerProtocolService$ServerRequestStreamObserver.onError(GrpcServerProtocolService.java:121)
	at org.apache.ratis.thirdparty.io.grpc.stub.ServerCalls$StreamingServerCallHandler$StreamingServerCallListener.onCancel(ServerCalls.java:269)
	at org.apache.ratis.thirdparty.io.grpc.internal.ServerCallImpl$ServerStreamListenerImpl.closed(ServerCallImpl.java:293)
	at org.apache.ratis.thirdparty.io.grpc.internal.ServerImpl$JumpToApplicationThreadServerStreamListener$1Closed.runInContext(ServerImpl.java:741)
	at org.apache.ratis.thirdparty.io.grpc.internal.ContextRunnable.run(ContextRunnable.java:37)
	at org.apache.ratis.thirdparty.io.grpc.internal.SerializingExecutor.run(SerializingExecutor.java:123)
	at java.util.concurrent.ThreadPoolExecutor.runWorker(ThreadPoolExecutor.java:1149)
	at java.util.concurrent.ThreadPoolExecutor$Worker.run(ThreadPoolExecutor.java:624)
	at java.lang.Thread.run(Thread.java:748)

Oct 10, 2019 3:24:31 AM org.apache.ratis.thirdparty.io.grpc.internal.SerializingExecutor run
SEVERE: Exception while executing runnable org.apache.ratis.thirdparty.io.grpc.internal.ServerImpl$JumpToApplicationThreadServerStreamListener$1Closed@6078c7af
org.apache.ratis.thirdparty.io.grpc.StatusRuntimeException: CANCELLED: call already cancelled
	at org.apache.ratis.thirdparty.io.grpc.Status.asRuntimeException(Status.java:517)
	at org.apache.ratis.thirdparty.io.grpc.stub.ServerCalls$ServerCallStreamObserverImpl.onCompleted(ServerCalls.java:356)
	at org.apache.ratis.grpc.server.GrpcServerProtocolService$ServerRequestStreamObserver.onError(GrpcServerProtocolService.java:121)
	at org.apache.ratis.thirdparty.io.grpc.stub.ServerCalls$StreamingServerCallHandler$StreamingServerCallListener.onCancel(ServerCalls.java:269)
	at org.apache.ratis.thirdparty.io.grpc.internal.ServerCallImpl$ServerStreamListenerImpl.closed(ServerCallImpl.java:293)
	at org.apache.ratis.thirdparty.io.grpc.internal.ServerImpl$JumpToApplicationThreadServerStreamListener$1Closed.runInContext(ServerImpl.java:741)
	at org.apache.ratis.thirdparty.io.grpc.internal.ContextRunnable.run(ContextRunnable.java:37)
	at org.apache.ratis.thirdparty.io.grpc.internal.SerializingExecutor.run(SerializingExecutor.java:123)
	at java.util.concurrent.ThreadPoolExecutor.runWorker(ThreadPoolExecutor.java:1149)
	at java.util.concurrent.ThreadPoolExecutor$Worker.run(ThreadPoolExecutor.java:624)
	at java.lang.Thread.run(Thread.java:748)

Oct 10, 2019 3:24:31 AM org.apache.ratis.thirdparty.io.grpc.internal.SerializingExecutor run
SEVERE: Exception while executing runnable org.apache.ratis.thirdparty.io.grpc.internal.ServerImpl$JumpToApplicationThreadServerStreamListener$1Closed@57fe741f
org.apache.ratis.thirdparty.io.grpc.StatusRuntimeException: CANCELLED: call already cancelled
	at org.apache.ratis.thirdparty.io.grpc.Status.asRuntimeException(Status.java:517)
	at org.apache.ratis.thirdparty.io.grpc.stub.ServerCalls$ServerCallStreamObserverImpl.onCompleted(ServerCalls.java:356)
	at org.apache.ratis.grpc.server.GrpcServerProtocolService$ServerRequestStreamObserver.onError(GrpcServerProtocolService.java:121)
	at org.apache.ratis.thirdparty.io.grpc.stub.ServerCalls$StreamingServerCallHandler$StreamingServerCallListener.onCancel(ServerCalls.java:269)
	at org.apache.ratis.thirdparty.io.grpc.internal.ServerCallImpl$ServerStreamListenerImpl.closed(ServerCallImpl.java:293)
	at org.apache.ratis.thirdparty.io.grpc.internal.ServerImpl$JumpToApplicationThreadServerStreamListener$1Closed.runInContext(ServerImpl.java:741)
	at org.apache.ratis.thirdparty.io.grpc.internal.ContextRunnable.run(ContextRunnable.java:37)
	at org.apache.ratis.thirdparty.io.grpc.internal.SerializingExecutor.run(SerializingExecutor.java:123)
	at java.util.concurrent.ThreadPoolExecutor.runWorker(ThreadPoolExecutor.java:1149)
	at java.util.concurrent.ThreadPoolExecutor$Worker.run(ThreadPoolExecutor.java:624)
	at java.lang.Thread.run(Thread.java:748)

Oct 10, 2019 3:24:31 AM org.apache.ratis.thirdparty.io.grpc.internal.SerializingExecutor run
SEVERE: Exception while executing runnable org.apache.ratis.thirdparty.io.grpc.internal.ServerImpl$JumpToApplicationThreadServerStreamListener$1Closed@6a80acdf
org.apache.ratis.thirdparty.io.grpc.StatusRuntimeException: CANCELLED: call already cancelled
	at org.apache.ratis.thirdparty.io.grpc.Status.asRuntimeException(Status.java:517)
	at org.apache.ratis.thirdparty.io.grpc.stub.ServerCalls$ServerCallStreamObserverImpl.onCompleted(ServerCalls.java:356)
	at org.apache.ratis.grpc.server.GrpcServerProtocolService$ServerRequestStreamObserver.onError(GrpcServerProtocolService.java:121)
	at org.apache.ratis.thirdparty.io.grpc.stub.ServerCalls$StreamingServerCallHandler$StreamingServerCallListener.onCancel(ServerCalls.java:269)
	at org.apache.ratis.thirdparty.io.grpc.internal.ServerCallImpl$ServerStreamListenerImpl.closed(ServerCallImpl.java:293)
	at org.apache.ratis.thirdparty.io.grpc.internal.ServerImpl$JumpToApplicationThreadServerStreamListener$1Closed.runInContext(ServerImpl.java:741)
	at org.apache.ratis.thirdparty.io.grpc.internal.ContextRunnable.run(ContextRunnable.java:37)
	at org.apache.ratis.thirdparty.io.grpc.internal.SerializingExecutor.run(SerializingExecutor.java:123)
	at java.util.concurrent.ThreadPoolExecutor.runWorker(ThreadPoolExecutor.java:1149)
	at java.util.concurrent.ThreadPoolExecutor$Worker.run(ThreadPoolExecutor.java:624)
	at java.lang.Thread.run(Thread.java:748)

Oct 10, 2019 3:24:31 AM org.apache.ratis.thirdparty.io.grpc.internal.SerializingExecutor run
SEVERE: Exception while executing runnable org.apache.ratis.thirdparty.io.grpc.internal.ServerImpl$JumpToApplicationThreadServerStreamListener$1Closed@16c37e24
org.apache.ratis.thirdparty.io.grpc.StatusRuntimeException: CANCELLED: call already cancelled
	at org.apache.ratis.thirdparty.io.grpc.Status.asRuntimeException(Status.java:517)
	at org.apache.ratis.thirdparty.io.grpc.stub.ServerCalls$ServerCallStreamObserverImpl.onCompleted(ServerCalls.java:356)
	at org.apache.ratis.grpc.server.GrpcServerProtocolService$ServerRequestStreamObserver.onError(GrpcServerProtocolService.java:121)
	at org.apache.ratis.thirdparty.io.grpc.stub.ServerCalls$StreamingServerCallHandler$StreamingServerCallListener.onCancel(ServerCalls.java:269)
	at org.apache.ratis.thirdparty.io.grpc.internal.ServerCallImpl$ServerStreamListenerImpl.closed(ServerCallImpl.java:293)
	at org.apache.ratis.thirdparty.io.grpc.internal.ServerImpl$JumpToApplicationThreadServerStreamListener$1Closed.runInContext(ServerImpl.java:741)
	at org.apache.ratis.thirdparty.io.grpc.internal.ContextRunnable.run(ContextRunnable.java:37)
	at org.apache.ratis.thirdparty.io.grpc.internal.SerializingExecutor.run(SerializingExecutor.java:123)
	at java.util.concurrent.ThreadPoolExecutor.runWorker(ThreadPoolExecutor.java:1149)
	at java.util.concurrent.ThreadPoolExecutor$Worker.run(ThreadPoolExecutor.java:624)
	at java.lang.Thread.run(Thread.java:748)

Oct 10, 2019 3:24:31 AM org.apache.ratis.thirdparty.io.grpc.internal.SerializingExecutor run
SEVERE: Exception while executing runnable org.apache.ratis.thirdparty.io.grpc.internal.ServerImpl$JumpToApplicationThreadServerStreamListener$1Closed@c03582e
org.apache.ratis.thirdparty.io.grpc.StatusRuntimeException: CANCELLED: call already cancelled
	at org.apache.ratis.thirdparty.io.grpc.Status.asRuntimeException(Status.java:517)
	at org.apache.ratis.thirdparty.io.grpc.stub.ServerCalls$ServerCallStreamObserverImpl.onCompleted(ServerCalls.java:356)
	at org.apache.ratis.grpc.server.GrpcServerProtocolService$ServerRequestStreamObserver.onError(GrpcServerProtocolService.java:121)
	at org.apache.ratis.thirdparty.io.grpc.stub.ServerCalls$StreamingServerCallHandler$StreamingServerCallListener.onCancel(ServerCalls.java:269)
	at org.apache.ratis.thirdparty.io.grpc.internal.ServerCallImpl$ServerStreamListenerImpl.closed(ServerCallImpl.java:293)
	at org.apache.ratis.thirdparty.io.grpc.internal.ServerImpl$JumpToApplicationThreadServerStreamListener$1Closed.runInContext(ServerImpl.java:741)
	at org.apache.ratis.thirdparty.io.grpc.internal.ContextRunnable.run(ContextRunnable.java:37)
	at org.apache.ratis.thirdparty.io.grpc.internal.SerializingExecutor.run(SerializingExecutor.java:123)
	at java.util.concurrent.ThreadPoolExecutor.runWorker(ThreadPoolExecutor.java:1149)
	at java.util.concurrent.ThreadPoolExecutor$Worker.run(ThreadPoolExecutor.java:624)
	at java.lang.Thread.run(Thread.java:748)

Oct 10, 2019 3:24:36 AM org.apache.ratis.thirdparty.io.grpc.internal.SerializingExecutor run
SEVERE: Exception while executing runnable org.apache.ratis.thirdparty.io.grpc.internal.ServerImpl$JumpToApplicationThreadServerStreamListener$1Closed@7d66cf6e
org.apache.ratis.thirdparty.io.grpc.StatusRuntimeException: CANCELLED: call already cancelled
	at org.apache.ratis.thirdparty.io.grpc.Status.asRuntimeException(Status.java:517)
	at org.apache.ratis.thirdparty.io.grpc.stub.ServerCalls$ServerCallStreamObserverImpl.onCompleted(ServerCalls.java:356)
	at org.apache.ratis.grpc.server.GrpcServerProtocolService$ServerRequestStreamObserver.onError(GrpcServerProtocolService.java:121)
	at org.apache.ratis.thirdparty.io.grpc.stub.ServerCalls$StreamingServerCallHandler$StreamingServerCallListener.onCancel(ServerCalls.java:269)
	at org.apache.ratis.thirdparty.io.grpc.internal.ServerCallImpl$ServerStreamListenerImpl.closed(ServerCallImpl.java:293)
	at org.apache.ratis.thirdparty.io.grpc.internal.ServerImpl$JumpToApplicationThreadServerStreamListener$1Closed.runInContext(ServerImpl.java:741)
	at org.apache.ratis.thirdparty.io.grpc.internal.ContextRunnable.run(ContextRunnable.java:37)
	at org.apache.ratis.thirdparty.io.grpc.internal.SerializingExecutor.run(SerializingExecutor.java:123)
	at java.util.concurrent.ThreadPoolExecutor.runWorker(ThreadPoolExecutor.java:1149)
	at java.util.concurrent.ThreadPoolExecutor$Worker.run(ThreadPoolExecutor.java:624)
	at java.lang.Thread.run(Thread.java:748)

Oct 10, 2019 3:24:36 AM org.apache.ratis.thirdparty.io.grpc.internal.SerializingExecutor run
SEVERE: Exception while executing runnable org.apache.ratis.thirdparty.io.grpc.internal.ServerImpl$JumpToApplicationThreadServerStreamListener$1Closed@71443c6e
org.apache.ratis.thirdparty.io.grpc.StatusRuntimeException: CANCELLED: call already cancelled
	at org.apache.ratis.thirdparty.io.grpc.Status.asRuntimeException(Status.java:517)
	at org.apache.ratis.thirdparty.io.grpc.stub.ServerCalls$ServerCallStreamObserverImpl.onCompleted(ServerCalls.java:356)
	at org.apache.ratis.grpc.server.GrpcServerProtocolService$ServerRequestStreamObserver.onError(GrpcServerProtocolService.java:121)
	at org.apache.ratis.thirdparty.io.grpc.stub.ServerCalls$StreamingServerCallHandler$StreamingServerCallListener.onCancel(ServerCalls.java:269)
	at org.apache.ratis.thirdparty.io.grpc.internal.ServerCallImpl$ServerStreamListenerImpl.closed(ServerCallImpl.java:293)
	at org.apache.ratis.thirdparty.io.grpc.internal.ServerImpl$JumpToApplicationThreadServerStreamListener$1Closed.runInContext(ServerImpl.java:741)
	at org.apache.ratis.thirdparty.io.grpc.internal.ContextRunnable.run(ContextRunnable.java:37)
	at org.apache.ratis.thirdparty.io.grpc.internal.SerializingExecutor.run(SerializingExecutor.java:123)
	at java.util.concurrent.ThreadPoolExecutor.runWorker(ThreadPoolExecutor.java:1149)
	at java.util.concurrent.ThreadPoolExecutor$Worker.run(ThreadPoolExecutor.java:624)
	at java.lang.Thread.run(Thread.java:748)

Oct 10, 2019 3:24:36 AM org.apache.ratis.thirdparty.io.grpc.internal.SerializingExecutor run
SEVERE: Exception while executing runnable org.apache.ratis.thirdparty.io.grpc.internal.ServerImpl$JumpToApplicationThreadServerStreamListener$1Closed@40ffee09
org.apache.ratis.thirdparty.io.grpc.StatusRuntimeException: CANCELLED: call already cancelled
	at org.apache.ratis.thirdparty.io.grpc.Status.asRuntimeException(Status.java:517)
	at org.apache.ratis.thirdparty.io.grpc.stub.ServerCalls$ServerCallStreamObserverImpl.onCompleted(ServerCalls.java:356)
	at org.apache.ratis.grpc.server.GrpcServerProtocolService$ServerRequestStreamObserver.onError(GrpcServerProtocolService.java:121)
	at org.apache.ratis.thirdparty.io.grpc.stub.ServerCalls$StreamingServerCallHandler$StreamingServerCallListener.onCancel(ServerCalls.java:269)
	at org.apache.ratis.thirdparty.io.grpc.internal.ServerCallImpl$ServerStreamListenerImpl.closed(ServerCallImpl.java:293)
	at org.apache.ratis.thirdparty.io.grpc.internal.ServerImpl$JumpToApplicationThreadServerStreamListener$1Closed.runInContext(ServerImpl.java:741)
	at org.apache.ratis.thirdparty.io.grpc.internal.ContextRunnable.run(ContextRunnable.java:37)
	at org.apache.ratis.thirdparty.io.grpc.internal.SerializingExecutor.run(SerializingExecutor.java:123)
	at java.util.concurrent.ThreadPoolExecutor.runWorker(ThreadPoolExecutor.java:1149)
	at java.util.concurrent.ThreadPoolExecutor$Worker.run(ThreadPoolExecutor.java:624)
	at java.lang.Thread.run(Thread.java:748)

Oct 10, 2019 3:24:36 AM org.apache.ratis.thirdparty.io.grpc.internal.SerializingExecutor run
SEVERE: Exception while executing runnable org.apache.ratis.thirdparty.io.grpc.internal.ServerImpl$JumpToApplicationThreadServerStreamListener$1Closed@7bd3f26b
org.apache.ratis.thirdparty.io.grpc.StatusRuntimeException: CANCELLED: call already cancelled
	at org.apache.ratis.thirdparty.io.grpc.Status.asRuntimeException(Status.java:517)
	at org.apache.ratis.thirdparty.io.grpc.stub.ServerCalls$ServerCallStreamObserverImpl.onCompleted(ServerCalls.java:356)
	at org.apache.ratis.grpc.server.GrpcServerProtocolService$ServerRequestStreamObserver.onError(GrpcServerProtocolService.java:121)
	at org.apache.ratis.thirdparty.io.grpc.stub.ServerCalls$StreamingServerCallHandler$StreamingServerCallListener.onCancel(ServerCalls.java:269)
	at org.apache.ratis.thirdparty.io.grpc.internal.ServerCallImpl$ServerStreamListenerImpl.closed(ServerCallImpl.java:293)
	at org.apache.ratis.thirdparty.io.grpc.internal.ServerImpl$JumpToApplicationThreadServerStreamListener$1Closed.runInContext(ServerImpl.java:741)
	at org.apache.ratis.thirdparty.io.grpc.internal.ContextRunnable.run(ContextRunnable.java:37)
	at org.apache.ratis.thirdparty.io.grpc.internal.SerializingExecutor.run(SerializingExecutor.java:123)
	at java.util.concurrent.ThreadPoolExecutor.runWorker(ThreadPoolExecutor.java:1149)
	at java.util.concurrent.ThreadPoolExecutor$Worker.run(ThreadPoolExecutor.java:624)
	at java.lang.Thread.run(Thread.java:748)

Oct 10, 2019 3:24:36 AM org.apache.ratis.thirdparty.io.grpc.internal.SerializingExecutor run
SEVERE: Exception while executing runnable org.apache.ratis.thirdparty.io.grpc.internal.ServerImpl$JumpToApplicationThreadServerStreamListener$1Closed@3558ab33
org.apache.ratis.thirdparty.io.grpc.StatusRuntimeException: CANCELLED: call already cancelled
	at org.apache.ratis.thirdparty.io.grpc.Status.asRuntimeException(Status.java:517)
	at org.apache.ratis.thirdparty.io.grpc.stub.ServerCalls$ServerCallStreamObserverImpl.onCompleted(ServerCalls.java:356)
	at org.apache.ratis.grpc.server.GrpcServerProtocolService$ServerRequestStreamObserver.onError(GrpcServerProtocolService.java:121)
	at org.apache.ratis.thirdparty.io.grpc.stub.ServerCalls$StreamingServerCallHandler$StreamingServerCallListener.onCancel(ServerCalls.java:269)
	at org.apache.ratis.thirdparty.io.grpc.internal.ServerCallImpl$ServerStreamListenerImpl.closed(ServerCallImpl.java:293)
	at org.apache.ratis.thirdparty.io.grpc.internal.ServerImpl$JumpToApplicationThreadServerStreamListener$1Closed.runInContext(ServerImpl.java:741)
	at org.apache.ratis.thirdparty.io.grpc.internal.ContextRunnable.run(ContextRunnable.java:37)
	at org.apache.ratis.thirdparty.io.grpc.internal.SerializingExecutor.run(SerializingExecutor.java:123)
	at java.util.concurrent.ThreadPoolExecutor.runWorker(ThreadPoolExecutor.java:1149)
	at java.util.concurrent.ThreadPoolExecutor$Worker.run(ThreadPoolExecutor.java:624)
	at java.lang.Thread.run(Thread.java:748)

]]></system-err>
  </testcase>
</testsuite>