<?xml version="1.0" encoding="UTF-8"?>
<testsuite xmlns:xsi="http://www.w3.org/2001/XMLSchema-instance" xsi:noNamespaceSchemaLocation="https://maven.apache.org/surefire/maven-surefire-plugin/xsd/surefire-test-report.xsd" name="org.apache.hadoop.ozone.client.rpc.TestMultiBlockWritesWithDnFailures" time="95.889" tests="2" errors="0" skipped="0" failures="1">
  <properties>
    <property name="awt.toolkit" value="sun.awt.X11.XToolkit"/>
    <property name="file.encoding.pkg" value="sun.io"/>
    <property name="java.specification.version" value="1.8"/>
    <property name="sun.cpu.isalist" value=""/>
    <property name="sun.jnu.encoding" value="ANSI_X3.4-1968"/>
    <property name="java.class.path" value="/workdir/hadoop-ozone/integration-test/target/test-classes:/workdir/hadoop-ozone/integration-test/target/classes:/home/user/.m2/repository/org/apache/hadoop/hadoop-ozone-common/0.5.0-SNAPSHOT/hadoop-ozone-common-0.5.0-SNAPSHOT.jar:/home/user/.m2/repository/org/apache/commons/commons-compress/1.4.1/commons-compress-1.4.1.jar:/home/user/.m2/repository/org/tukaani/xz/1.0/xz-1.0.jar:/home/user/.m2/repository/org/apache/hadoop/hadoop-common/3.2.0/hadoop-common-3.2.0.jar:/home/user/.m2/repository/org/apache/hadoop/hadoop-hdfs/3.2.0/hadoop-hdfs-3.2.0.jar:/home/user/.m2/repository/org/apache/hadoop/hadoop-hdfs-client/3.2.0/hadoop-hdfs-client-3.2.0.jar:/home/user/.m2/repository/com/fasterxml/jackson/core/jackson-annotations/2.9.9/jackson-annotations-2.9.9.jar:/home/user/.m2/repository/org/apache/hadoop/hadoop-hdds-common/0.5.0-SNAPSHOT/hadoop-hdds-common-0.5.0-SNAPSHOT.jar:/home/user/.m2/repository/javax/annotation/javax.annotation-api/1.2/javax.annotation-api-1.2.jar:/home/user/.m2/repository/org/apache/ratis/ratis-server/0.5.0-3f446aa-SNAPSHOT/ratis-server-0.5.0-3f446aa-SNAPSHOT.jar:/home/user/.m2/repository/org/apache/ratis/ratis-thirdparty-misc/0.2.0/ratis-thirdparty-misc-0.2.0.jar:/home/user/.m2/repository/org/apache/ratis/ratis-proto/0.5.0-3f446aa-SNAPSHOT/ratis-proto-0.5.0-3f446aa-SNAPSHOT.jar:/home/user/.m2/repository/org/apache/ratis/ratis-common/0.5.0-3f446aa-SNAPSHOT/ratis-common-0.5.0-3f446aa-SNAPSHOT.jar:/home/user/.m2/repository/org/apache/ratis/ratis-client/0.5.0-3f446aa-SNAPSHOT/ratis-client-0.5.0-3f446aa-SNAPSHOT.jar:/home/user/.m2/repository/org/apache/ratis/ratis-metrics/0.5.0-3f446aa-SNAPSHOT/ratis-metrics-0.5.0-3f446aa-SNAPSHOT.jar:/home/user/.m2/repository/com/github/joshelser/dropwizard-metrics-hadoop-metrics2-reporter/0.1.2/dropwizard-metrics-hadoop-metrics2-reporter-0.1.2.jar:/home/user/.m2/repository/io/dropwizard/metrics/metrics-jvm/3.2.5/metrics-jvm-3.2.5.jar:/home/user/.m2/repository/io/dropwizard/metrics/metrics-ganglia/3.2.5/metrics-ganglia-3.2.5.jar:/home/user/.m2/repository/info/ganglia/gmetric4j/gmetric4j/1.0.7/gmetric4j-1.0.7.jar:/home/user/.m2/repository/org/apache/ratis/ratis-netty/0.5.0-3f446aa-SNAPSHOT/ratis-netty-0.5.0-3f446aa-SNAPSHOT.jar:/home/user/.m2/repository/org/apache/ratis/ratis-grpc/0.5.0-3f446aa-SNAPSHOT/ratis-grpc-0.5.0-3f446aa-SNAPSHOT.jar:/home/user/.m2/repository/org/rocksdb/rocksdbjni/6.0.1/rocksdbjni-6.0.1.jar:/home/user/.m2/repository/org/apache/logging/log4j/log4j-api/2.11.0/log4j-api-2.11.0.jar:/home/user/.m2/repository/org/apache/logging/log4j/log4j-core/2.11.0/log4j-core-2.11.0.jar:/home/user/.m2/repository/com/lmax/disruptor/3.4.2/disruptor-3.4.2.jar:/home/user/.m2/repository/org/apache/commons/commons-pool2/2.6.0/commons-pool2-2.6.0.jar:/home/user/.m2/repository/org/bouncycastle/bcpkix-jdk15on/1.60/bcpkix-jdk15on-1.60.jar:/home/user/.m2/repository/commons-validator/commons-validator/1.6/commons-validator-1.6.jar:/home/user/.m2/repository/commons-digester/commons-digester/1.8.1/commons-digester-1.8.1.jar:/home/user/.m2/repository/io/jaegertracing/jaeger-client/0.34.0/jaeger-client-0.34.0.jar:/home/user/.m2/repository/io/jaegertracing/jaeger-thrift/0.34.0/jaeger-thrift-0.34.0.jar:/home/user/.m2/repository/org/apache/thrift/libthrift/0.12.0/libthrift-0.12.0.jar:/home/user/.m2/repository/com/squareup/okhttp3/okhttp/3.9.0/okhttp-3.9.0.jar:/home/user/.m2/repository/com/squareup/okio/okio/1.13.0/okio-1.13.0.jar:/home/user/.m2/repository/io/jaegertracing/jaeger-core/0.34.0/jaeger-core-0.34.0.jar:/home/user/.m2/repository/io/jaegertracing/jaeger-tracerresolver/0.34.0/jaeger-tracerresolver-0.34.0.jar:/home/user/.m2/repository/io/opentracing/contrib/opentracing-tracerresolver/0.1.5/opentracing-tracerresolver-0.1.5.jar:/home/user/.m2/repository/io/opentracing/opentracing-util/0.31.0/opentracing-util-0.31.0.jar:/home/user/.m2/repository/io/opentracing/opentracing-api/0.31.0/opentracing-api-0.31.0.jar:/home/user/.m2/repository/io/opentracing/opentracing-noop/0.31.0/opentracing-noop-0.31.0.jar:/home/user/.m2/repository/org/apache/hadoop/hadoop-hdds-server-framework/0.5.0-SNAPSHOT/hadoop-hdds-server-framework-0.5.0-SNAPSHOT.jar:/home/user/.m2/repository/org/apache/hadoop/hadoop-hdds-container-service/0.5.0-SNAPSHOT/hadoop-hdds-container-service-0.5.0-SNAPSHOT.jar:/home/user/.m2/repository/org/apache/hadoop/hadoop-hdds-client/0.5.0-SNAPSHOT/hadoop-hdds-client-0.5.0-SNAPSHOT.jar:/home/user/.m2/repository/org/apache/hadoop/hadoop-hdds-tools/0.5.0-SNAPSHOT/hadoop-hdds-tools-0.5.0-SNAPSHOT.jar:/home/user/.m2/repository/org/apache/hadoop/hadoop-hdds-server-scm/0.5.0-SNAPSHOT/hadoop-hdds-server-scm-0.5.0-SNAPSHOT.jar:/home/user/.m2/repository/org/apache/hadoop/hadoop-hdds-docs/0.5.0-SNAPSHOT/hadoop-hdds-docs-0.5.0-SNAPSHOT.jar:/home/user/.m2/repository/io/dropwizard/metrics/metrics-core/3.2.4/metrics-core-3.2.4.jar:/home/user/.m2/repository/org/hamcrest/hamcrest-all/1.3/hamcrest-all-1.3.jar:/home/user/.m2/repository/org/bouncycastle/bcprov-jdk15on/1.60/bcprov-jdk15on-1.60.jar:/home/user/.m2/repository/info/picocli/picocli/3.9.6/picocli-3.9.6.jar:/home/user/.m2/repository/com/google/protobuf/protobuf-java/2.5.0/protobuf-java-2.5.0.jar:/home/user/.m2/repository/com/google/guava/guava/11.0.2/guava-11.0.2.jar:/home/user/.m2/repository/org/apache/hadoop/hadoop-ozone-ozone-manager/0.5.0-SNAPSHOT/hadoop-ozone-ozone-manager-0.5.0-SNAPSHOT.jar:/home/user/.m2/repository/org/apache/hadoop/hadoop-minikdc/3.2.0/hadoop-minikdc-3.2.0.jar:/home/user/.m2/repository/commons-io/commons-io/2.5/commons-io-2.5.jar:/home/user/.m2/repository/org/apache/kerby/kerb-simplekdc/1.0.1/kerb-simplekdc-1.0.1.jar:/home/user/.m2/repository/org/apache/kerby/kerb-client/1.0.1/kerb-client-1.0.1.jar:/home/user/.m2/repository/org/apache/kerby/kerby-config/1.0.1/kerby-config-1.0.1.jar:/home/user/.m2/repository/org/apache/kerby/kerb-core/1.0.1/kerb-core-1.0.1.jar:/home/user/.m2/repository/org/apache/kerby/kerby-pkix/1.0.1/kerby-pkix-1.0.1.jar:/home/user/.m2/repository/org/apache/kerby/kerby-asn1/1.0.1/kerby-asn1-1.0.1.jar:/home/user/.m2/repository/org/apache/kerby/kerby-util/1.0.1/kerby-util-1.0.1.jar:/home/user/.m2/repository/org/apache/kerby/kerb-common/1.0.1/kerb-common-1.0.1.jar:/home/user/.m2/repository/org/apache/kerby/kerb-crypto/1.0.1/kerb-crypto-1.0.1.jar:/home/user/.m2/repository/org/apache/kerby/kerb-util/1.0.1/kerb-util-1.0.1.jar:/home/user/.m2/repository/org/apache/kerby/token-provider/1.0.1/token-provider-1.0.1.jar:/home/user/.m2/repository/org/apache/kerby/kerb-admin/1.0.1/kerb-admin-1.0.1.jar:/home/user/.m2/repository/org/apache/kerby/kerb-server/1.0.1/kerb-server-1.0.1.jar:/home/user/.m2/repository/org/apache/kerby/kerb-identity/1.0.1/kerb-identity-1.0.1.jar:/home/user/.m2/repository/org/apache/kerby/kerby-xdr/1.0.1/kerby-xdr-1.0.1.jar:/home/user/.m2/repository/org/slf4j/slf4j-log4j12/1.7.25/slf4j-log4j12-1.7.25.jar:/home/user/.m2/repository/org/apache/hadoop/hadoop-ozone-s3gateway/0.5.0-SNAPSHOT/hadoop-ozone-s3gateway-0.5.0-SNAPSHOT.jar:/home/user/.m2/repository/org/jboss/weld/servlet/weld-servlet/2.4.7.Final/weld-servlet-2.4.7.Final.jar:/home/user/.m2/repository/org/glassfish/jersey/containers/jersey-container-servlet-core/2.27/jersey-container-servlet-core-2.27.jar:/home/user/.m2/repository/org/glassfish/hk2/external/javax.inject/2.5.0-b42/javax.inject-2.5.0-b42.jar:/home/user/.m2/repository/org/glassfish/jersey/core/jersey-common/2.27/jersey-common-2.27.jar:/home/user/.m2/repository/org/glassfish/hk2/osgi-resource-locator/1.0.1/osgi-resource-locator-1.0.1.jar:/home/user/.m2/repository/javax/ws/rs/javax.ws.rs-api/2.1/javax.ws.rs-api-2.1.jar:/home/user/.m2/repository/org/glassfish/jersey/ext/cdi/jersey-cdi1x/2.27/jersey-cdi1x-2.27.jar:/home/user/.m2/repository/org/glassfish/jersey/inject/jersey-hk2/2.27/jersey-hk2-2.27.jar:/home/user/.m2/repository/org/glassfish/hk2/hk2-locator/2.5.0-b42/hk2-locator-2.5.0-b42.jar:/home/user/.m2/repository/org/javassist/javassist/3.22.0-CR2/javassist-3.22.0-CR2.jar:/home/user/.m2/repository/org/glassfish/hk2/hk2-api/2.5.0/hk2-api-2.5.0.jar:/home/user/.m2/repository/org/glassfish/hk2/external/jakarta.inject/2.5.0/jakarta.inject-2.5.0.jar:/home/user/.m2/repository/org/glassfish/hk2/hk2-utils/2.5.0/hk2-utils-2.5.0.jar:/home/user/.m2/repository/jakarta/annotation/jakarta.annotation-api/1.3.4/jakarta.annotation-api-1.3.4.jar:/home/user/.m2/repository/org/glassfish/hk2/external/aopalliance-repackaged/2.5.0/aopalliance-repackaged-2.5.0.jar:/home/user/.m2/repository/com/fasterxml/jackson/dataformat/jackson-dataformat-xml/2.9.0/jackson-dataformat-xml-2.9.0.jar:/home/user/.m2/repository/com/fasterxml/jackson/core/jackson-core/2.9.9/jackson-core-2.9.9.jar:/home/user/.m2/repository/com/fasterxml/jackson/module/jackson-module-jaxb-annotations/2.9.9/jackson-module-jaxb-annotations-2.9.9.jar:/home/user/.m2/repository/javax/enterprise/cdi-api/1.2/cdi-api-1.2.jar:/home/user/.m2/repository/javax/el/javax.el-api/3.0.0/javax.el-api-3.0.0.jar:/home/user/.m2/repository/javax/interceptor/javax.interceptor-api/1.2/javax.interceptor-api-1.2.jar:/home/user/.m2/repository/javax/inject/javax.inject/1/javax.inject-1.jar:/home/user/.m2/repository/com/sun/xml/bind/jaxb-impl/2.3.0.1/jaxb-impl-2.3.0.1.jar:/home/user/.m2/repository/com/sun/xml/bind/jaxb-core/2.3.0.1/jaxb-core-2.3.0.1.jar:/home/user/.m2/repository/javax/xml/bind/jaxb-api/2.3.0/jaxb-api-2.3.0.jar:/home/user/.m2/repository/javax/activation/activation/1.1.1/activation-1.1.1.jar:/home/user/.m2/repository/org/apache/hadoop/hadoop-ozone-csi/0.5.0-SNAPSHOT/hadoop-ozone-csi-0.5.0-SNAPSHOT.jar:/home/user/.m2/repository/com/google/protobuf/protobuf-java-util/3.5.1/protobuf-java-util-3.5.1.jar:/home/user/.m2/repository/org/apache/hadoop/hadoop-hdds-config/0.5.0-SNAPSHOT/hadoop-hdds-config-0.5.0-SNAPSHOT.jar:/home/user/.m2/repository/io/grpc/grpc-netty/1.17.1/grpc-netty-1.17.1.jar:/home/user/.m2/repository/io/grpc/grpc-core/1.17.1/grpc-core-1.17.1.jar:/home/user/.m2/repository/io/grpc/grpc-context/1.17.1/grpc-context-1.17.1.jar:/home/user/.m2/repository/com/google/errorprone/error_prone_annotations/2.2.0/error_prone_annotations-2.2.0.jar:/home/user/.m2/repository/org/codehaus/mojo/animal-sniffer-annotations/1.17/animal-sniffer-annotations-1.17.jar:/home/user/.m2/repository/io/opencensus/opencensus-api/0.17.0/opencensus-api-0.17.0.jar:/home/user/.m2/repository/io/opencensus/opencensus-contrib-grpc-metrics/0.17.0/opencensus-contrib-grpc-metrics-0.17.0.jar:/home/user/.m2/repository/io/netty/netty-codec-http2/4.1.30.Final/netty-codec-http2-4.1.30.Final.jar:/home/user/.m2/repository/io/netty/netty-codec-http/4.1.30.Final/netty-codec-http-4.1.30.Final.jar:/home/user/.m2/repository/io/netty/netty-codec/4.1.30.Final/netty-codec-4.1.30.Final.jar:/home/user/.m2/repository/io/netty/netty-handler/4.1.30.Final/netty-handler-4.1.30.Final.jar:/home/user/.m2/repository/io/netty/netty-handler-proxy/4.1.30.Final/netty-handler-proxy-4.1.30.Final.jar:/home/user/.m2/repository/io/netty/netty-codec-socks/4.1.30.Final/netty-codec-socks-4.1.30.Final.jar:/home/user/.m2/repository/io/netty/netty-transport-native-epoll/4.1.30.Final/netty-transport-native-epoll-4.1.30.Final.jar:/home/user/.m2/repository/io/netty/netty-common/4.1.30.Final/netty-common-4.1.30.Final.jar:/home/user/.m2/repository/io/netty/netty-buffer/4.1.30.Final/netty-buffer-4.1.30.Final.jar:/home/user/.m2/repository/io/netty/netty-transport/4.1.30.Final/netty-transport-4.1.30.Final.jar:/home/user/.m2/repository/io/netty/netty-resolver/4.1.30.Final/netty-resolver-4.1.30.Final.jar:/home/user/.m2/repository/io/netty/netty-transport-native-unix-common/4.1.30.Final/netty-transport-native-unix-common-4.1.30.Final.jar:/home/user/.m2/repository/io/grpc/grpc-protobuf/1.17.1/grpc-protobuf-1.17.1.jar:/home/user/.m2/repository/com/google/api/grpc/proto-google-common-protos/1.0.0/proto-google-common-protos-1.0.0.jar:/home/user/.m2/repository/io/grpc/grpc-protobuf-lite/1.17.1/grpc-protobuf-lite-1.17.1.jar:/home/user/.m2/repository/io/grpc/grpc-stub/1.17.1/grpc-stub-1.17.1.jar:/home/user/.m2/repository/org/apache/hadoop/hadoop-ozone-recon/0.5.0-SNAPSHOT/hadoop-ozone-recon-0.5.0-SNAPSHOT.jar:/home/user/.m2/repository/org/apache/hadoop/hadoop-ozone-reconcodegen/0.5.0-SNAPSHOT/hadoop-ozone-reconcodegen-0.5.0-SNAPSHOT.jar:/home/user/.m2/repository/com/google/inject/extensions/guice-multibindings/4.0/guice-multibindings-4.0.jar:/home/user/.m2/repository/com/google/inject/guice/4.0/guice-4.0.jar:/home/user/.m2/repository/aopalliance/aopalliance/1.0/aopalliance-1.0.jar:/home/user/.m2/repository/com/google/inject/extensions/guice-servlet/4.0/guice-servlet-4.0.jar:/home/user/.m2/repository/org/glassfish/jersey/containers/jersey-container-servlet/2.27/jersey-container-servlet-2.27.jar:/home/user/.m2/repository/org/glassfish/hk2/guice-bridge/2.5.0/guice-bridge-2.5.0.jar:/home/user/.m2/repository/org/glassfish/jersey/core/jersey-server/2.27/jersey-server-2.27.jar:/home/user/.m2/repository/org/glassfish/jersey/core/jersey-client/2.27/jersey-client-2.27.jar:/home/user/.m2/repository/org/glassfish/jersey/media/jersey-media-jaxb/2.27/jersey-media-jaxb-2.27.jar:/home/user/.m2/repository/javax/validation/validation-api/1.1.0.Final/validation-api-1.1.0.Final.jar:/home/user/.m2/repository/org/glassfish/jersey/media/jersey-media-json-jackson/2.27/jersey-media-json-jackson-2.27.jar:/home/user/.m2/repository/org/glassfish/jersey/ext/jersey-entity-filtering/2.27/jersey-entity-filtering-2.27.jar:/home/user/.m2/repository/com/google/inject/extensions/guice-assistedinject/4.0/guice-assistedinject-4.0.jar:/home/user/.m2/repository/org/jooq/jooq/3.11.10/jooq-3.11.10.jar:/home/user/.m2/repository/org/jooq/jooq-meta/3.11.10/jooq-meta-3.11.10.jar:/home/user/.m2/repository/org/jooq/jooq-codegen/3.11.10/jooq-codegen-3.11.10.jar:/home/user/.m2/repository/com/jolbox/bonecp/0.8.0.RELEASE/bonecp-0.8.0.RELEASE.jar:/home/user/.m2/repository/org/xerial/sqlite-jdbc/3.25.2/sqlite-jdbc-3.25.2.jar:/home/user/.m2/repository/org/springframework/spring-jdbc/5.1.3.RELEASE/spring-jdbc-5.1.3.RELEASE.jar:/home/user/.m2/repository/org/springframework/spring-beans/5.1.3.RELEASE/spring-beans-5.1.3.RELEASE.jar:/home/user/.m2/repository/org/springframework/spring-core/5.1.3.RELEASE/spring-core-5.1.3.RELEASE.jar:/home/user/.m2/repository/org/springframework/spring-jcl/5.1.3.RELEASE/spring-jcl-5.1.3.RELEASE.jar:/home/user/.m2/repository/org/springframework/spring-tx/5.1.3.RELEASE/spring-tx-5.1.3.RELEASE.jar:/home/user/.m2/repository/org/apache/hadoop/hadoop-ozone-client/0.5.0-SNAPSHOT/hadoop-ozone-client-0.5.0-SNAPSHOT.jar:/home/user/.m2/repository/commons-lang/commons-lang/2.6/commons-lang-2.6.jar:/home/user/.m2/repository/org/apache/hadoop/hadoop-ozone-ozone-manager/0.5.0-SNAPSHOT/hadoop-ozone-ozone-manager-0.5.0-SNAPSHOT-tests.jar:/home/user/.m2/repository/junit/junit/4.11/junit-4.11.jar:/home/user/.m2/repository/org/hamcrest/hamcrest-core/1.3/hamcrest-core-1.3.jar:/home/user/.m2/repository/org/openjdk/jmh/jmh-core/1.19/jmh-core-1.19.jar:/home/user/.m2/repository/net/sf/jopt-simple/jopt-simple/4.6/jopt-simple-4.6.jar:/home/user/.m2/repository/org/apache/commons/commons-math3/3.1.1/commons-math3-3.1.1.jar:/home/user/.m2/repository/org/openjdk/jmh/jmh-generator-annprocess/1.19/jmh-generator-annprocess-1.19.jar:/home/user/.m2/repository/org/mockito/mockito-all/1.8.5/mockito-all-1.8.5.jar:/home/user/.m2/repository/org/apache/hadoop/hadoop-kms/3.2.0/hadoop-kms-3.2.0.jar:/home/user/.m2/repository/org/apache/hadoop/hadoop-auth/3.2.0/hadoop-auth-3.2.0.jar:/home/user/.m2/repository/com/nimbusds/nimbus-jose-jwt/4.41.1/nimbus-jose-jwt-4.41.1.jar:/home/user/.m2/repository/com/github/stephenc/jcip/jcip-annotations/1.0-1/jcip-annotations-1.0-1.jar:/home/user/.m2/repository/net/minidev/json-smart/2.3/json-smart-2.3.jar:/home/user/.m2/repository/net/minidev/accessors-smart/1.2/accessors-smart-1.2.jar:/home/user/.m2/repository/org/ow2/asm/asm/5.0.4/asm-5.0.4.jar:/home/user/.m2/repository/org/apache/curator/curator-framework/2.12.0/curator-framework-2.12.0.jar:/home/user/.m2/repository/com/sun/jersey/jersey-core/1.19/jersey-core-1.19.jar:/home/user/.m2/repository/javax/ws/rs/jsr311-api/1.1.1/jsr311-api-1.1.1.jar:/home/user/.m2/repository/com/sun/jersey/jersey-server/1.19/jersey-server-1.19.jar:/home/user/.m2/repository/javax/servlet/javax.servlet-api/3.1.0/javax.servlet-api-3.1.0.jar:/home/user/.m2/repository/org/eclipse/jetty/jetty-server/9.3.25.v20180904/jetty-server-9.3.25.v20180904.jar:/home/user/.m2/repository/org/eclipse/jetty/jetty-http/9.3.25.v20180904/jetty-http-9.3.25.v20180904.jar:/home/user/.m2/repository/org/eclipse/jetty/jetty-io/9.3.25.v20180904/jetty-io-9.3.25.v20180904.jar:/home/user/.m2/repository/org/eclipse/jetty/jetty-webapp/9.3.25.v20180904/jetty-webapp-9.3.25.v20180904.jar:/home/user/.m2/repository/org/eclipse/jetty/jetty-xml/9.3.25.v20180904/jetty-xml-9.3.25.v20180904.jar:/home/user/.m2/repository/log4j/log4j/1.2.17/log4j-1.2.17.jar:/home/user/.m2/repository/org/slf4j/slf4j-api/1.7.25/slf4j-api-1.7.25.jar:/home/user/.m2/repository/org/slf4j/jul-to-slf4j/1.7.25/jul-to-slf4j-1.7.25.jar:/home/user/.m2/repository/org/eclipse/jetty/jetty-util/9.3.25.v20180904/jetty-util-9.3.25.v20180904.jar:/home/user/.m2/repository/com/fasterxml/jackson/core/jackson-databind/2.9.9/jackson-databind-2.9.9.jar:/home/user/.m2/repository/org/apache/hadoop/hadoop-kms/3.2.0/hadoop-kms-3.2.0-tests.jar:/home/user/.m2/repository/org/apache/hadoop/hadoop-hdds-server-scm/0.5.0-SNAPSHOT/hadoop-hdds-server-scm-0.5.0-SNAPSHOT-tests.jar:/home/user/.m2/repository/org/apache/hadoop/hadoop-hdds-container-service/0.5.0-SNAPSHOT/hadoop-hdds-container-service-0.5.0-SNAPSHOT-tests.jar:/home/user/.m2/repository/org/yaml/snakeyaml/1.16/snakeyaml-1.16.jar:/home/user/.m2/repository/org/apache/hadoop/hadoop-common/3.2.0/hadoop-common-3.2.0-tests.jar:/home/user/.m2/repository/org/apache/hadoop/hadoop-annotations/3.2.0/hadoop-annotations-3.2.0.jar:/usr/lib/jvm/java-1.8.0-openjdk-1.8.0.222.b10-1.el7_7.x86_64/jre/../lib/tools.jar:/home/user/.m2/repository/commons-cli/commons-cli/1.2/commons-cli-1.2.jar:/home/user/.m2/repository/org/apache/httpcomponents/httpclient/4.5.2/httpclient-4.5.2.jar:/home/user/.m2/repository/org/apache/httpcomponents/httpcore/4.4.4/httpcore-4.4.4.jar:/home/user/.m2/repository/commons-codec/commons-codec/1.11/commons-codec-1.11.jar:/home/user/.m2/repository/commons-net/commons-net/3.6/commons-net-3.6.jar:/home/user/.m2/repository/commons-collections/commons-collections/3.2.2/commons-collections-3.2.2.jar:/home/user/.m2/repository/org/eclipse/jetty/jetty-servlet/9.3.25.v20180904/jetty-servlet-9.3.25.v20180904.jar:/home/user/.m2/repository/org/eclipse/jetty/jetty-security/9.3.25.v20180904/jetty-security-9.3.25.v20180904.jar:/home/user/.m2/repository/javax/servlet/jsp/jsp-api/2.1/jsp-api-2.1.jar:/home/user/.m2/repository/com/sun/jersey/jersey-servlet/1.19/jersey-servlet-1.19.jar:/home/user/.m2/repository/com/sun/jersey/jersey-json/1.19/jersey-json-1.19.jar:/home/user/.m2/repository/org/codehaus/jettison/jettison/1.1/jettison-1.1.jar:/home/user/.m2/repository/org/codehaus/jackson/jackson-core-asl/1.9.13/jackson-core-asl-1.9.13.jar:/home/user/.m2/repository/org/codehaus/jackson/jackson-mapper-asl/1.9.13/jackson-mapper-asl-1.9.13.jar:/home/user/.m2/repository/org/codehaus/jackson/jackson-jaxrs/1.9.13/jackson-jaxrs-1.9.13.jar:/home/user/.m2/repository/org/codehaus/jackson/jackson-xc/1.9.13/jackson-xc-1.9.13.jar:/home/user/.m2/repository/commons-logging/commons-logging/1.1.3/commons-logging-1.1.3.jar:/home/user/.m2/repository/commons-beanutils/commons-beanutils/1.9.4/commons-beanutils-1.9.4.jar:/home/user/.m2/repository/org/apache/commons/commons-configuration2/2.1.1/commons-configuration2-2.1.1.jar:/home/user/.m2/repository/org/apache/commons/commons-lang3/3.7/commons-lang3-3.7.jar:/home/user/.m2/repository/org/apache/commons/commons-text/1.4/commons-text-1.4.jar:/home/user/.m2/repository/org/apache/avro/avro/1.7.7/avro-1.7.7.jar:/home/user/.m2/repository/com/thoughtworks/paranamer/paranamer/2.3/paranamer-2.3.jar:/home/user/.m2/repository/org/xerial/snappy/snappy-java/1.0.5/snappy-java-1.0.5.jar:/home/user/.m2/repository/com/google/re2j/re2j/1.1/re2j-1.1.jar:/home/user/.m2/repository/com/google/code/gson/gson/2.2.4/gson-2.2.4.jar:/home/user/.m2/repository/com/jcraft/jsch/0.1.54/jsch-0.1.54.jar:/home/user/.m2/repository/org/apache/curator/curator-client/2.12.0/curator-client-2.12.0.jar:/home/user/.m2/repository/org/apache/curator/curator-recipes/2.12.0/curator-recipes-2.12.0.jar:/home/user/.m2/repository/com/google/code/findbugs/jsr305/3.0.0/jsr305-3.0.0.jar:/home/user/.m2/repository/org/apache/htrace/htrace-core4/4.1.0-incubating/htrace-core4-4.1.0-incubating.jar:/home/user/.m2/repository/org/apache/zookeeper/zookeeper/3.4.13/zookeeper-3.4.13.jar:/home/user/.m2/repository/jline/jline/0.9.94/jline-0.9.94.jar:/home/user/.m2/repository/org/apache/yetus/audience-annotations/0.5.0/audience-annotations-0.5.0.jar:/home/user/.m2/repository/org/codehaus/woodstox/stax2-api/3.1.4/stax2-api-3.1.4.jar:/home/user/.m2/repository/com/fasterxml/woodstox/woodstox-core/5.0.3/woodstox-core-5.0.3.jar:/home/user/.m2/repository/dnsjava/dnsjava/2.1.7/dnsjava-2.1.7.jar:/home/user/.m2/repository/org/apache/hadoop/hadoop-hdfs/3.2.0/hadoop-hdfs-3.2.0-tests.jar:/home/user/.m2/repository/org/eclipse/jetty/jetty-util-ajax/9.3.25.v20180904/jetty-util-ajax-9.3.25.v20180904.jar:/home/user/.m2/repository/commons-daemon/commons-daemon/1.0.13/commons-daemon-1.0.13.jar:/home/user/.m2/repository/io/netty/netty/3.10.5.Final/netty-3.10.5.Final.jar:/home/user/.m2/repository/io/netty/netty-all/4.0.52.Final/netty-all-4.0.52.Final.jar:/home/user/.m2/repository/org/fusesource/leveldbjni/leveldbjni-all/1.8/leveldbjni-all-1.8.jar:"/>
    <property name="java.vm.vendor" value="Oracle Corporation"/>
    <property name="sun.arch.data.model" value="64"/>
    <property name="test.build.dir" value="/workdir/hadoop-ozone/integration-test/target/test-dir"/>
    <property name="test.cache.data" value=""/>
    <property name="java.vendor.url" value="http://java.oracle.com/"/>
    <property name="user.timezone" value=""/>
    <property name="java.vm.specification.version" value="1.8"/>
    <property name="os.name" value="Linux"/>
    <property name="test.build.data" value="/workdir/hadoop-ozone/integration-test/target/test-dir"/>
    <property name="user.country" value="US"/>
    <property name="sun.java.launcher" value="SUN_STANDARD"/>
    <property name="sun.boot.library.path" value="/usr/lib/jvm/java-1.8.0-openjdk-1.8.0.222.b10-1.el7_7.x86_64/jre/lib/amd64"/>
    <property name="sun.java.command" value="/workdir/hadoop-ozone/integration-test/target/surefire/surefirebooter7804263088084642865.jar /workdir/hadoop-ozone/integration-test/target/surefire 2019-10-16T10-41-06_756-jvmRun1 surefire5130830449625595234tmp surefire_362215368855935832417tmp"/>
    <property name="surefire.test.class.path" value="/workdir/hadoop-ozone/integration-test/target/test-classes:/workdir/hadoop-ozone/integration-test/target/classes:/home/user/.m2/repository/org/apache/hadoop/hadoop-ozone-common/0.5.0-SNAPSHOT/hadoop-ozone-common-0.5.0-SNAPSHOT.jar:/home/user/.m2/repository/org/apache/commons/commons-compress/1.4.1/commons-compress-1.4.1.jar:/home/user/.m2/repository/org/tukaani/xz/1.0/xz-1.0.jar:/home/user/.m2/repository/org/apache/hadoop/hadoop-common/3.2.0/hadoop-common-3.2.0.jar:/home/user/.m2/repository/org/apache/hadoop/hadoop-hdfs/3.2.0/hadoop-hdfs-3.2.0.jar:/home/user/.m2/repository/org/apache/hadoop/hadoop-hdfs-client/3.2.0/hadoop-hdfs-client-3.2.0.jar:/home/user/.m2/repository/com/fasterxml/jackson/core/jackson-annotations/2.9.9/jackson-annotations-2.9.9.jar:/home/user/.m2/repository/org/apache/hadoop/hadoop-hdds-common/0.5.0-SNAPSHOT/hadoop-hdds-common-0.5.0-SNAPSHOT.jar:/home/user/.m2/repository/javax/annotation/javax.annotation-api/1.2/javax.annotation-api-1.2.jar:/home/user/.m2/repository/org/apache/ratis/ratis-server/0.5.0-3f446aa-SNAPSHOT/ratis-server-0.5.0-3f446aa-SNAPSHOT.jar:/home/user/.m2/repository/org/apache/ratis/ratis-thirdparty-misc/0.2.0/ratis-thirdparty-misc-0.2.0.jar:/home/user/.m2/repository/org/apache/ratis/ratis-proto/0.5.0-3f446aa-SNAPSHOT/ratis-proto-0.5.0-3f446aa-SNAPSHOT.jar:/home/user/.m2/repository/org/apache/ratis/ratis-common/0.5.0-3f446aa-SNAPSHOT/ratis-common-0.5.0-3f446aa-SNAPSHOT.jar:/home/user/.m2/repository/org/apache/ratis/ratis-client/0.5.0-3f446aa-SNAPSHOT/ratis-client-0.5.0-3f446aa-SNAPSHOT.jar:/home/user/.m2/repository/org/apache/ratis/ratis-metrics/0.5.0-3f446aa-SNAPSHOT/ratis-metrics-0.5.0-3f446aa-SNAPSHOT.jar:/home/user/.m2/repository/com/github/joshelser/dropwizard-metrics-hadoop-metrics2-reporter/0.1.2/dropwizard-metrics-hadoop-metrics2-reporter-0.1.2.jar:/home/user/.m2/repository/io/dropwizard/metrics/metrics-jvm/3.2.5/metrics-jvm-3.2.5.jar:/home/user/.m2/repository/io/dropwizard/metrics/metrics-ganglia/3.2.5/metrics-ganglia-3.2.5.jar:/home/user/.m2/repository/info/ganglia/gmetric4j/gmetric4j/1.0.7/gmetric4j-1.0.7.jar:/home/user/.m2/repository/org/apache/ratis/ratis-netty/0.5.0-3f446aa-SNAPSHOT/ratis-netty-0.5.0-3f446aa-SNAPSHOT.jar:/home/user/.m2/repository/org/apache/ratis/ratis-grpc/0.5.0-3f446aa-SNAPSHOT/ratis-grpc-0.5.0-3f446aa-SNAPSHOT.jar:/home/user/.m2/repository/org/rocksdb/rocksdbjni/6.0.1/rocksdbjni-6.0.1.jar:/home/user/.m2/repository/org/apache/logging/log4j/log4j-api/2.11.0/log4j-api-2.11.0.jar:/home/user/.m2/repository/org/apache/logging/log4j/log4j-core/2.11.0/log4j-core-2.11.0.jar:/home/user/.m2/repository/com/lmax/disruptor/3.4.2/disruptor-3.4.2.jar:/home/user/.m2/repository/org/apache/commons/commons-pool2/2.6.0/commons-pool2-2.6.0.jar:/home/user/.m2/repository/org/bouncycastle/bcpkix-jdk15on/1.60/bcpkix-jdk15on-1.60.jar:/home/user/.m2/repository/commons-validator/commons-validator/1.6/commons-validator-1.6.jar:/home/user/.m2/repository/commons-digester/commons-digester/1.8.1/commons-digester-1.8.1.jar:/home/user/.m2/repository/io/jaegertracing/jaeger-client/0.34.0/jaeger-client-0.34.0.jar:/home/user/.m2/repository/io/jaegertracing/jaeger-thrift/0.34.0/jaeger-thrift-0.34.0.jar:/home/user/.m2/repository/org/apache/thrift/libthrift/0.12.0/libthrift-0.12.0.jar:/home/user/.m2/repository/com/squareup/okhttp3/okhttp/3.9.0/okhttp-3.9.0.jar:/home/user/.m2/repository/com/squareup/okio/okio/1.13.0/okio-1.13.0.jar:/home/user/.m2/repository/io/jaegertracing/jaeger-core/0.34.0/jaeger-core-0.34.0.jar:/home/user/.m2/repository/io/jaegertracing/jaeger-tracerresolver/0.34.0/jaeger-tracerresolver-0.34.0.jar:/home/user/.m2/repository/io/opentracing/contrib/opentracing-tracerresolver/0.1.5/opentracing-tracerresolver-0.1.5.jar:/home/user/.m2/repository/io/opentracing/opentracing-util/0.31.0/opentracing-util-0.31.0.jar:/home/user/.m2/repository/io/opentracing/opentracing-api/0.31.0/opentracing-api-0.31.0.jar:/home/user/.m2/repository/io/opentracing/opentracing-noop/0.31.0/opentracing-noop-0.31.0.jar:/home/user/.m2/repository/org/apache/hadoop/hadoop-hdds-server-framework/0.5.0-SNAPSHOT/hadoop-hdds-server-framework-0.5.0-SNAPSHOT.jar:/home/user/.m2/repository/org/apache/hadoop/hadoop-hdds-container-service/0.5.0-SNAPSHOT/hadoop-hdds-container-service-0.5.0-SNAPSHOT.jar:/home/user/.m2/repository/org/apache/hadoop/hadoop-hdds-client/0.5.0-SNAPSHOT/hadoop-hdds-client-0.5.0-SNAPSHOT.jar:/home/user/.m2/repository/org/apache/hadoop/hadoop-hdds-tools/0.5.0-SNAPSHOT/hadoop-hdds-tools-0.5.0-SNAPSHOT.jar:/home/user/.m2/repository/org/apache/hadoop/hadoop-hdds-server-scm/0.5.0-SNAPSHOT/hadoop-hdds-server-scm-0.5.0-SNAPSHOT.jar:/home/user/.m2/repository/org/apache/hadoop/hadoop-hdds-docs/0.5.0-SNAPSHOT/hadoop-hdds-docs-0.5.0-SNAPSHOT.jar:/home/user/.m2/repository/io/dropwizard/metrics/metrics-core/3.2.4/metrics-core-3.2.4.jar:/home/user/.m2/repository/org/hamcrest/hamcrest-all/1.3/hamcrest-all-1.3.jar:/home/user/.m2/repository/org/bouncycastle/bcprov-jdk15on/1.60/bcprov-jdk15on-1.60.jar:/home/user/.m2/repository/info/picocli/picocli/3.9.6/picocli-3.9.6.jar:/home/user/.m2/repository/com/google/protobuf/protobuf-java/2.5.0/protobuf-java-2.5.0.jar:/home/user/.m2/repository/com/google/guava/guava/11.0.2/guava-11.0.2.jar:/home/user/.m2/repository/org/apache/hadoop/hadoop-ozone-ozone-manager/0.5.0-SNAPSHOT/hadoop-ozone-ozone-manager-0.5.0-SNAPSHOT.jar:/home/user/.m2/repository/org/apache/hadoop/hadoop-minikdc/3.2.0/hadoop-minikdc-3.2.0.jar:/home/user/.m2/repository/commons-io/commons-io/2.5/commons-io-2.5.jar:/home/user/.m2/repository/org/apache/kerby/kerb-simplekdc/1.0.1/kerb-simplekdc-1.0.1.jar:/home/user/.m2/repository/org/apache/kerby/kerb-client/1.0.1/kerb-client-1.0.1.jar:/home/user/.m2/repository/org/apache/kerby/kerby-config/1.0.1/kerby-config-1.0.1.jar:/home/user/.m2/repository/org/apache/kerby/kerb-core/1.0.1/kerb-core-1.0.1.jar:/home/user/.m2/repository/org/apache/kerby/kerby-pkix/1.0.1/kerby-pkix-1.0.1.jar:/home/user/.m2/repository/org/apache/kerby/kerby-asn1/1.0.1/kerby-asn1-1.0.1.jar:/home/user/.m2/repository/org/apache/kerby/kerby-util/1.0.1/kerby-util-1.0.1.jar:/home/user/.m2/repository/org/apache/kerby/kerb-common/1.0.1/kerb-common-1.0.1.jar:/home/user/.m2/repository/org/apache/kerby/kerb-crypto/1.0.1/kerb-crypto-1.0.1.jar:/home/user/.m2/repository/org/apache/kerby/kerb-util/1.0.1/kerb-util-1.0.1.jar:/home/user/.m2/repository/org/apache/kerby/token-provider/1.0.1/token-provider-1.0.1.jar:/home/user/.m2/repository/org/apache/kerby/kerb-admin/1.0.1/kerb-admin-1.0.1.jar:/home/user/.m2/repository/org/apache/kerby/kerb-server/1.0.1/kerb-server-1.0.1.jar:/home/user/.m2/repository/org/apache/kerby/kerb-identity/1.0.1/kerb-identity-1.0.1.jar:/home/user/.m2/repository/org/apache/kerby/kerby-xdr/1.0.1/kerby-xdr-1.0.1.jar:/home/user/.m2/repository/org/slf4j/slf4j-log4j12/1.7.25/slf4j-log4j12-1.7.25.jar:/home/user/.m2/repository/org/apache/hadoop/hadoop-ozone-s3gateway/0.5.0-SNAPSHOT/hadoop-ozone-s3gateway-0.5.0-SNAPSHOT.jar:/home/user/.m2/repository/org/jboss/weld/servlet/weld-servlet/2.4.7.Final/weld-servlet-2.4.7.Final.jar:/home/user/.m2/repository/org/glassfish/jersey/containers/jersey-container-servlet-core/2.27/jersey-container-servlet-core-2.27.jar:/home/user/.m2/repository/org/glassfish/hk2/external/javax.inject/2.5.0-b42/javax.inject-2.5.0-b42.jar:/home/user/.m2/repository/org/glassfish/jersey/core/jersey-common/2.27/jersey-common-2.27.jar:/home/user/.m2/repository/org/glassfish/hk2/osgi-resource-locator/1.0.1/osgi-resource-locator-1.0.1.jar:/home/user/.m2/repository/javax/ws/rs/javax.ws.rs-api/2.1/javax.ws.rs-api-2.1.jar:/home/user/.m2/repository/org/glassfish/jersey/ext/cdi/jersey-cdi1x/2.27/jersey-cdi1x-2.27.jar:/home/user/.m2/repository/org/glassfish/jersey/inject/jersey-hk2/2.27/jersey-hk2-2.27.jar:/home/user/.m2/repository/org/glassfish/hk2/hk2-locator/2.5.0-b42/hk2-locator-2.5.0-b42.jar:/home/user/.m2/repository/org/javassist/javassist/3.22.0-CR2/javassist-3.22.0-CR2.jar:/home/user/.m2/repository/org/glassfish/hk2/hk2-api/2.5.0/hk2-api-2.5.0.jar:/home/user/.m2/repository/org/glassfish/hk2/external/jakarta.inject/2.5.0/jakarta.inject-2.5.0.jar:/home/user/.m2/repository/org/glassfish/hk2/hk2-utils/2.5.0/hk2-utils-2.5.0.jar:/home/user/.m2/repository/jakarta/annotation/jakarta.annotation-api/1.3.4/jakarta.annotation-api-1.3.4.jar:/home/user/.m2/repository/org/glassfish/hk2/external/aopalliance-repackaged/2.5.0/aopalliance-repackaged-2.5.0.jar:/home/user/.m2/repository/com/fasterxml/jackson/dataformat/jackson-dataformat-xml/2.9.0/jackson-dataformat-xml-2.9.0.jar:/home/user/.m2/repository/com/fasterxml/jackson/core/jackson-core/2.9.9/jackson-core-2.9.9.jar:/home/user/.m2/repository/com/fasterxml/jackson/module/jackson-module-jaxb-annotations/2.9.9/jackson-module-jaxb-annotations-2.9.9.jar:/home/user/.m2/repository/javax/enterprise/cdi-api/1.2/cdi-api-1.2.jar:/home/user/.m2/repository/javax/el/javax.el-api/3.0.0/javax.el-api-3.0.0.jar:/home/user/.m2/repository/javax/interceptor/javax.interceptor-api/1.2/javax.interceptor-api-1.2.jar:/home/user/.m2/repository/javax/inject/javax.inject/1/javax.inject-1.jar:/home/user/.m2/repository/com/sun/xml/bind/jaxb-impl/2.3.0.1/jaxb-impl-2.3.0.1.jar:/home/user/.m2/repository/com/sun/xml/bind/jaxb-core/2.3.0.1/jaxb-core-2.3.0.1.jar:/home/user/.m2/repository/javax/xml/bind/jaxb-api/2.3.0/jaxb-api-2.3.0.jar:/home/user/.m2/repository/javax/activation/activation/1.1.1/activation-1.1.1.jar:/home/user/.m2/repository/org/apache/hadoop/hadoop-ozone-csi/0.5.0-SNAPSHOT/hadoop-ozone-csi-0.5.0-SNAPSHOT.jar:/home/user/.m2/repository/com/google/protobuf/protobuf-java-util/3.5.1/protobuf-java-util-3.5.1.jar:/home/user/.m2/repository/org/apache/hadoop/hadoop-hdds-config/0.5.0-SNAPSHOT/hadoop-hdds-config-0.5.0-SNAPSHOT.jar:/home/user/.m2/repository/io/grpc/grpc-netty/1.17.1/grpc-netty-1.17.1.jar:/home/user/.m2/repository/io/grpc/grpc-core/1.17.1/grpc-core-1.17.1.jar:/home/user/.m2/repository/io/grpc/grpc-context/1.17.1/grpc-context-1.17.1.jar:/home/user/.m2/repository/com/google/errorprone/error_prone_annotations/2.2.0/error_prone_annotations-2.2.0.jar:/home/user/.m2/repository/org/codehaus/mojo/animal-sniffer-annotations/1.17/animal-sniffer-annotations-1.17.jar:/home/user/.m2/repository/io/opencensus/opencensus-api/0.17.0/opencensus-api-0.17.0.jar:/home/user/.m2/repository/io/opencensus/opencensus-contrib-grpc-metrics/0.17.0/opencensus-contrib-grpc-metrics-0.17.0.jar:/home/user/.m2/repository/io/netty/netty-codec-http2/4.1.30.Final/netty-codec-http2-4.1.30.Final.jar:/home/user/.m2/repository/io/netty/netty-codec-http/4.1.30.Final/netty-codec-http-4.1.30.Final.jar:/home/user/.m2/repository/io/netty/netty-codec/4.1.30.Final/netty-codec-4.1.30.Final.jar:/home/user/.m2/repository/io/netty/netty-handler/4.1.30.Final/netty-handler-4.1.30.Final.jar:/home/user/.m2/repository/io/netty/netty-handler-proxy/4.1.30.Final/netty-handler-proxy-4.1.30.Final.jar:/home/user/.m2/repository/io/netty/netty-codec-socks/4.1.30.Final/netty-codec-socks-4.1.30.Final.jar:/home/user/.m2/repository/io/netty/netty-transport-native-epoll/4.1.30.Final/netty-transport-native-epoll-4.1.30.Final.jar:/home/user/.m2/repository/io/netty/netty-common/4.1.30.Final/netty-common-4.1.30.Final.jar:/home/user/.m2/repository/io/netty/netty-buffer/4.1.30.Final/netty-buffer-4.1.30.Final.jar:/home/user/.m2/repository/io/netty/netty-transport/4.1.30.Final/netty-transport-4.1.30.Final.jar:/home/user/.m2/repository/io/netty/netty-resolver/4.1.30.Final/netty-resolver-4.1.30.Final.jar:/home/user/.m2/repository/io/netty/netty-transport-native-unix-common/4.1.30.Final/netty-transport-native-unix-common-4.1.30.Final.jar:/home/user/.m2/repository/io/grpc/grpc-protobuf/1.17.1/grpc-protobuf-1.17.1.jar:/home/user/.m2/repository/com/google/api/grpc/proto-google-common-protos/1.0.0/proto-google-common-protos-1.0.0.jar:/home/user/.m2/repository/io/grpc/grpc-protobuf-lite/1.17.1/grpc-protobuf-lite-1.17.1.jar:/home/user/.m2/repository/io/grpc/grpc-stub/1.17.1/grpc-stub-1.17.1.jar:/home/user/.m2/repository/org/apache/hadoop/hadoop-ozone-recon/0.5.0-SNAPSHOT/hadoop-ozone-recon-0.5.0-SNAPSHOT.jar:/home/user/.m2/repository/org/apache/hadoop/hadoop-ozone-reconcodegen/0.5.0-SNAPSHOT/hadoop-ozone-reconcodegen-0.5.0-SNAPSHOT.jar:/home/user/.m2/repository/com/google/inject/extensions/guice-multibindings/4.0/guice-multibindings-4.0.jar:/home/user/.m2/repository/com/google/inject/guice/4.0/guice-4.0.jar:/home/user/.m2/repository/aopalliance/aopalliance/1.0/aopalliance-1.0.jar:/home/user/.m2/repository/com/google/inject/extensions/guice-servlet/4.0/guice-servlet-4.0.jar:/home/user/.m2/repository/org/glassfish/jersey/containers/jersey-container-servlet/2.27/jersey-container-servlet-2.27.jar:/home/user/.m2/repository/org/glassfish/hk2/guice-bridge/2.5.0/guice-bridge-2.5.0.jar:/home/user/.m2/repository/org/glassfish/jersey/core/jersey-server/2.27/jersey-server-2.27.jar:/home/user/.m2/repository/org/glassfish/jersey/core/jersey-client/2.27/jersey-client-2.27.jar:/home/user/.m2/repository/org/glassfish/jersey/media/jersey-media-jaxb/2.27/jersey-media-jaxb-2.27.jar:/home/user/.m2/repository/javax/validation/validation-api/1.1.0.Final/validation-api-1.1.0.Final.jar:/home/user/.m2/repository/org/glassfish/jersey/media/jersey-media-json-jackson/2.27/jersey-media-json-jackson-2.27.jar:/home/user/.m2/repository/org/glassfish/jersey/ext/jersey-entity-filtering/2.27/jersey-entity-filtering-2.27.jar:/home/user/.m2/repository/com/google/inject/extensions/guice-assistedinject/4.0/guice-assistedinject-4.0.jar:/home/user/.m2/repository/org/jooq/jooq/3.11.10/jooq-3.11.10.jar:/home/user/.m2/repository/org/jooq/jooq-meta/3.11.10/jooq-meta-3.11.10.jar:/home/user/.m2/repository/org/jooq/jooq-codegen/3.11.10/jooq-codegen-3.11.10.jar:/home/user/.m2/repository/com/jolbox/bonecp/0.8.0.RELEASE/bonecp-0.8.0.RELEASE.jar:/home/user/.m2/repository/org/xerial/sqlite-jdbc/3.25.2/sqlite-jdbc-3.25.2.jar:/home/user/.m2/repository/org/springframework/spring-jdbc/5.1.3.RELEASE/spring-jdbc-5.1.3.RELEASE.jar:/home/user/.m2/repository/org/springframework/spring-beans/5.1.3.RELEASE/spring-beans-5.1.3.RELEASE.jar:/home/user/.m2/repository/org/springframework/spring-core/5.1.3.RELEASE/spring-core-5.1.3.RELEASE.jar:/home/user/.m2/repository/org/springframework/spring-jcl/5.1.3.RELEASE/spring-jcl-5.1.3.RELEASE.jar:/home/user/.m2/repository/org/springframework/spring-tx/5.1.3.RELEASE/spring-tx-5.1.3.RELEASE.jar:/home/user/.m2/repository/org/apache/hadoop/hadoop-ozone-client/0.5.0-SNAPSHOT/hadoop-ozone-client-0.5.0-SNAPSHOT.jar:/home/user/.m2/repository/commons-lang/commons-lang/2.6/commons-lang-2.6.jar:/home/user/.m2/repository/org/apache/hadoop/hadoop-ozone-ozone-manager/0.5.0-SNAPSHOT/hadoop-ozone-ozone-manager-0.5.0-SNAPSHOT-tests.jar:/home/user/.m2/repository/junit/junit/4.11/junit-4.11.jar:/home/user/.m2/repository/org/hamcrest/hamcrest-core/1.3/hamcrest-core-1.3.jar:/home/user/.m2/repository/org/openjdk/jmh/jmh-core/1.19/jmh-core-1.19.jar:/home/user/.m2/repository/net/sf/jopt-simple/jopt-simple/4.6/jopt-simple-4.6.jar:/home/user/.m2/repository/org/apache/commons/commons-math3/3.1.1/commons-math3-3.1.1.jar:/home/user/.m2/repository/org/openjdk/jmh/jmh-generator-annprocess/1.19/jmh-generator-annprocess-1.19.jar:/home/user/.m2/repository/org/mockito/mockito-all/1.8.5/mockito-all-1.8.5.jar:/home/user/.m2/repository/org/apache/hadoop/hadoop-kms/3.2.0/hadoop-kms-3.2.0.jar:/home/user/.m2/repository/org/apache/hadoop/hadoop-auth/3.2.0/hadoop-auth-3.2.0.jar:/home/user/.m2/repository/com/nimbusds/nimbus-jose-jwt/4.41.1/nimbus-jose-jwt-4.41.1.jar:/home/user/.m2/repository/com/github/stephenc/jcip/jcip-annotations/1.0-1/jcip-annotations-1.0-1.jar:/home/user/.m2/repository/net/minidev/json-smart/2.3/json-smart-2.3.jar:/home/user/.m2/repository/net/minidev/accessors-smart/1.2/accessors-smart-1.2.jar:/home/user/.m2/repository/org/ow2/asm/asm/5.0.4/asm-5.0.4.jar:/home/user/.m2/repository/org/apache/curator/curator-framework/2.12.0/curator-framework-2.12.0.jar:/home/user/.m2/repository/com/sun/jersey/jersey-core/1.19/jersey-core-1.19.jar:/home/user/.m2/repository/javax/ws/rs/jsr311-api/1.1.1/jsr311-api-1.1.1.jar:/home/user/.m2/repository/com/sun/jersey/jersey-server/1.19/jersey-server-1.19.jar:/home/user/.m2/repository/javax/servlet/javax.servlet-api/3.1.0/javax.servlet-api-3.1.0.jar:/home/user/.m2/repository/org/eclipse/jetty/jetty-server/9.3.25.v20180904/jetty-server-9.3.25.v20180904.jar:/home/user/.m2/repository/org/eclipse/jetty/jetty-http/9.3.25.v20180904/jetty-http-9.3.25.v20180904.jar:/home/user/.m2/repository/org/eclipse/jetty/jetty-io/9.3.25.v20180904/jetty-io-9.3.25.v20180904.jar:/home/user/.m2/repository/org/eclipse/jetty/jetty-webapp/9.3.25.v20180904/jetty-webapp-9.3.25.v20180904.jar:/home/user/.m2/repository/org/eclipse/jetty/jetty-xml/9.3.25.v20180904/jetty-xml-9.3.25.v20180904.jar:/home/user/.m2/repository/log4j/log4j/1.2.17/log4j-1.2.17.jar:/home/user/.m2/repository/org/slf4j/slf4j-api/1.7.25/slf4j-api-1.7.25.jar:/home/user/.m2/repository/org/slf4j/jul-to-slf4j/1.7.25/jul-to-slf4j-1.7.25.jar:/home/user/.m2/repository/org/eclipse/jetty/jetty-util/9.3.25.v20180904/jetty-util-9.3.25.v20180904.jar:/home/user/.m2/repository/com/fasterxml/jackson/core/jackson-databind/2.9.9/jackson-databind-2.9.9.jar:/home/user/.m2/repository/org/apache/hadoop/hadoop-kms/3.2.0/hadoop-kms-3.2.0-tests.jar:/home/user/.m2/repository/org/apache/hadoop/hadoop-hdds-server-scm/0.5.0-SNAPSHOT/hadoop-hdds-server-scm-0.5.0-SNAPSHOT-tests.jar:/home/user/.m2/repository/org/apache/hadoop/hadoop-hdds-container-service/0.5.0-SNAPSHOT/hadoop-hdds-container-service-0.5.0-SNAPSHOT-tests.jar:/home/user/.m2/repository/org/yaml/snakeyaml/1.16/snakeyaml-1.16.jar:/home/user/.m2/repository/org/apache/hadoop/hadoop-common/3.2.0/hadoop-common-3.2.0-tests.jar:/home/user/.m2/repository/org/apache/hadoop/hadoop-annotations/3.2.0/hadoop-annotations-3.2.0.jar:/usr/lib/jvm/java-1.8.0-openjdk-1.8.0.222.b10-1.el7_7.x86_64/jre/../lib/tools.jar:/home/user/.m2/repository/commons-cli/commons-cli/1.2/commons-cli-1.2.jar:/home/user/.m2/repository/org/apache/httpcomponents/httpclient/4.5.2/httpclient-4.5.2.jar:/home/user/.m2/repository/org/apache/httpcomponents/httpcore/4.4.4/httpcore-4.4.4.jar:/home/user/.m2/repository/commons-codec/commons-codec/1.11/commons-codec-1.11.jar:/home/user/.m2/repository/commons-net/commons-net/3.6/commons-net-3.6.jar:/home/user/.m2/repository/commons-collections/commons-collections/3.2.2/commons-collections-3.2.2.jar:/home/user/.m2/repository/org/eclipse/jetty/jetty-servlet/9.3.25.v20180904/jetty-servlet-9.3.25.v20180904.jar:/home/user/.m2/repository/org/eclipse/jetty/jetty-security/9.3.25.v20180904/jetty-security-9.3.25.v20180904.jar:/home/user/.m2/repository/javax/servlet/jsp/jsp-api/2.1/jsp-api-2.1.jar:/home/user/.m2/repository/com/sun/jersey/jersey-servlet/1.19/jersey-servlet-1.19.jar:/home/user/.m2/repository/com/sun/jersey/jersey-json/1.19/jersey-json-1.19.jar:/home/user/.m2/repository/org/codehaus/jettison/jettison/1.1/jettison-1.1.jar:/home/user/.m2/repository/org/codehaus/jackson/jackson-core-asl/1.9.13/jackson-core-asl-1.9.13.jar:/home/user/.m2/repository/org/codehaus/jackson/jackson-mapper-asl/1.9.13/jackson-mapper-asl-1.9.13.jar:/home/user/.m2/repository/org/codehaus/jackson/jackson-jaxrs/1.9.13/jackson-jaxrs-1.9.13.jar:/home/user/.m2/repository/org/codehaus/jackson/jackson-xc/1.9.13/jackson-xc-1.9.13.jar:/home/user/.m2/repository/commons-logging/commons-logging/1.1.3/commons-logging-1.1.3.jar:/home/user/.m2/repository/commons-beanutils/commons-beanutils/1.9.4/commons-beanutils-1.9.4.jar:/home/user/.m2/repository/org/apache/commons/commons-configuration2/2.1.1/commons-configuration2-2.1.1.jar:/home/user/.m2/repository/org/apache/commons/commons-lang3/3.7/commons-lang3-3.7.jar:/home/user/.m2/repository/org/apache/commons/commons-text/1.4/commons-text-1.4.jar:/home/user/.m2/repository/org/apache/avro/avro/1.7.7/avro-1.7.7.jar:/home/user/.m2/repository/com/thoughtworks/paranamer/paranamer/2.3/paranamer-2.3.jar:/home/user/.m2/repository/org/xerial/snappy/snappy-java/1.0.5/snappy-java-1.0.5.jar:/home/user/.m2/repository/com/google/re2j/re2j/1.1/re2j-1.1.jar:/home/user/.m2/repository/com/google/code/gson/gson/2.2.4/gson-2.2.4.jar:/home/user/.m2/repository/com/jcraft/jsch/0.1.54/jsch-0.1.54.jar:/home/user/.m2/repository/org/apache/curator/curator-client/2.12.0/curator-client-2.12.0.jar:/home/user/.m2/repository/org/apache/curator/curator-recipes/2.12.0/curator-recipes-2.12.0.jar:/home/user/.m2/repository/com/google/code/findbugs/jsr305/3.0.0/jsr305-3.0.0.jar:/home/user/.m2/repository/org/apache/htrace/htrace-core4/4.1.0-incubating/htrace-core4-4.1.0-incubating.jar:/home/user/.m2/repository/org/apache/zookeeper/zookeeper/3.4.13/zookeeper-3.4.13.jar:/home/user/.m2/repository/jline/jline/0.9.94/jline-0.9.94.jar:/home/user/.m2/repository/org/apache/yetus/audience-annotations/0.5.0/audience-annotations-0.5.0.jar:/home/user/.m2/repository/org/codehaus/woodstox/stax2-api/3.1.4/stax2-api-3.1.4.jar:/home/user/.m2/repository/com/fasterxml/woodstox/woodstox-core/5.0.3/woodstox-core-5.0.3.jar:/home/user/.m2/repository/dnsjava/dnsjava/2.1.7/dnsjava-2.1.7.jar:/home/user/.m2/repository/org/apache/hadoop/hadoop-hdfs/3.2.0/hadoop-hdfs-3.2.0-tests.jar:/home/user/.m2/repository/org/eclipse/jetty/jetty-util-ajax/9.3.25.v20180904/jetty-util-ajax-9.3.25.v20180904.jar:/home/user/.m2/repository/commons-daemon/commons-daemon/1.0.13/commons-daemon-1.0.13.jar:/home/user/.m2/repository/io/netty/netty/3.10.5.Final/netty-3.10.5.Final.jar:/home/user/.m2/repository/io/netty/netty-all/4.0.52.Final/netty-all-4.0.52.Final.jar:/home/user/.m2/repository/org/fusesource/leveldbjni/leveldbjni-all/1.8/leveldbjni-all-1.8.jar:"/>
    <property name="sun.cpu.endian" value="little"/>
    <property name="user.home" value="/home/user"/>
    <property name="user.language" value="en"/>
    <property name="java.specification.vendor" value="Oracle Corporation"/>
    <property name="java.home" value="/usr/lib/jvm/java-1.8.0-openjdk-1.8.0.222.b10-1.el7_7.x86_64/jre"/>
    <property name="surefire.excludesFile" value="/tools/ozone-bad-unit-tests"/>
    <property name="java.security.krb5.conf" value="/workdir/hadoop-ozone/integration-test/target/test-classes/krb5.conf"/>
    <property name="basedir" value="/workdir/hadoop-ozone/integration-test"/>
    <property name="file.separator" value="/"/>
    <property name="line.separator" value="&#10;"/>
    <property name="java.vm.specification.vendor" value="Oracle Corporation"/>
    <property name="java.specification.name" value="Java Platform API Specification"/>
    <property name="java.awt.graphicsenv" value="sun.awt.X11GraphicsEnvironment"/>
    <property name="surefire.real.class.path" value="/workdir/hadoop-ozone/integration-test/target/surefire/surefirebooter7804263088084642865.jar"/>
    <property name="hadoop.log.dir" value="/workdir/hadoop-ozone/integration-test/target/log"/>
    <property name="sun.boot.class.path" value="/usr/lib/jvm/java-1.8.0-openjdk-1.8.0.222.b10-1.el7_7.x86_64/jre/lib/resources.jar:/usr/lib/jvm/java-1.8.0-openjdk-1.8.0.222.b10-1.el7_7.x86_64/jre/lib/rt.jar:/usr/lib/jvm/java-1.8.0-openjdk-1.8.0.222.b10-1.el7_7.x86_64/jre/lib/sunrsasign.jar:/usr/lib/jvm/java-1.8.0-openjdk-1.8.0.222.b10-1.el7_7.x86_64/jre/lib/jsse.jar:/usr/lib/jvm/java-1.8.0-openjdk-1.8.0.222.b10-1.el7_7.x86_64/jre/lib/jce.jar:/usr/lib/jvm/java-1.8.0-openjdk-1.8.0.222.b10-1.el7_7.x86_64/jre/lib/charsets.jar:/usr/lib/jvm/java-1.8.0-openjdk-1.8.0.222.b10-1.el7_7.x86_64/jre/lib/jfr.jar:/usr/lib/jvm/java-1.8.0-openjdk-1.8.0.222.b10-1.el7_7.x86_64/jre/classes"/>
    <property name="sun.management.compiler" value="HotSpot 64-Bit Tiered Compilers"/>
    <property name="java.runtime.version" value="1.8.0_222-b10"/>
    <property name="java.net.preferIPv4Stack" value="true"/>
    <property name="user.name" value="jenkins1000"/>
    <property name="path.separator" value=":"/>
    <property name="java.security.egd" value="file:///dev/urandom"/>
    <property name="os.version" value="3.10.0-957.12.2.el7.x86_64"/>
    <property name="java.endorsed.dirs" value="/usr/lib/jvm/java-1.8.0-openjdk-1.8.0.222.b10-1.el7_7.x86_64/jre/lib/endorsed"/>
    <property name="java.runtime.name" value="OpenJDK Runtime Environment"/>
    <property name="file.encoding" value="ANSI_X3.4-1968"/>
    <property name="java.vm.name" value="OpenJDK 64-Bit Server VM"/>
    <property name="test.build.webapps" value=""/>
    <property name="localRepository" value="/home/user/.m2/repository"/>
    <property name="java.vendor.url.bug" value="http://bugreport.sun.com/bugreport/"/>
    <property name="java.io.tmpdir" value="/tmp"/>
    <property name="require.test.libhadoop" value=""/>
    <property name="java.version" value="1.8.0_222"/>
    <property name="user.dir" value="/workdir/hadoop-ozone/integration-test"/>
    <property name="os.arch" value="amd64"/>
    <property name="java.vm.specification.name" value="Java Virtual Machine Specification"/>
    <property name="test.build.classes" value="/workdir/hadoop-ozone/integration-test/target/test-classes"/>
    <property name="java.awt.printerjob" value="sun.print.PSPrinterJob"/>
    <property name="sun.os.patch.level" value="unknown"/>
    <property name="hadoop.tmp.dir" value="/workdir/hadoop-ozone/integration-test/target/tmp"/>
    <property name="java.library.path" value="/usr/lib:/workdir/hadoop-ozone/integration-test/target/native/target/usr/local/lib:/workdir/hadoop-ozone/integration-test/../../hadoop-common-project/hadoop-common/target/native/target/usr/local/lib:/usr/java/packages/lib/amd64:/usr/lib64:/lib64:/lib:/usr/lib"/>
    <property name="java.vm.info" value="mixed mode"/>
    <property name="java.vendor" value="Oracle Corporation"/>
    <property name="java.vm.version" value="25.222-b10"/>
    <property name="java.ext.dirs" value="/usr/lib/jvm/java-1.8.0-openjdk-1.8.0.222.b10-1.el7_7.x86_64/jre/lib/ext:/usr/java/packages/lib/ext"/>
    <property name="sun.io.unicode.encoding" value="UnicodeLittle"/>
    <property name="java.class.version" value="52.0"/>
  </properties>
  <testcase name="testMultiBlockWritesWithIntermittentDnFailures" classname="org.apache.hadoop.ozone.client.rpc.TestMultiBlockWritesWithDnFailures" time="58.092">
    <failure message="expected:&lt;6&gt; but was:&lt;4&gt;" type="java.lang.AssertionError"><![CDATA[java.lang.AssertionError: expected:<6> but was:<4>
	at org.junit.Assert.fail(Assert.java:88)
	at org.junit.Assert.failNotEquals(Assert.java:743)
	at org.junit.Assert.assertEquals(Assert.java:118)
	at org.junit.Assert.assertEquals(Assert.java:555)
	at org.junit.Assert.assertEquals(Assert.java:542)
	at org.apache.hadoop.ozone.client.rpc.TestMultiBlockWritesWithDnFailures.testMultiBlockWritesWithIntermittentDnFailures(TestMultiBlockWritesWithDnFailures.java:176)
	at sun.reflect.NativeMethodAccessorImpl.invoke0(Native Method)
	at sun.reflect.NativeMethodAccessorImpl.invoke(NativeMethodAccessorImpl.java:62)
	at sun.reflect.DelegatingMethodAccessorImpl.invoke(DelegatingMethodAccessorImpl.java:43)
	at java.lang.reflect.Method.invoke(Method.java:498)
	at org.junit.runners.model.FrameworkMethod$1.runReflectiveCall(FrameworkMethod.java:47)
	at org.junit.internal.runners.model.ReflectiveCallable.run(ReflectiveCallable.java:12)
	at org.junit.runners.model.FrameworkMethod.invokeExplosively(FrameworkMethod.java:44)
	at org.junit.internal.runners.statements.InvokeMethod.evaluate(InvokeMethod.java:17)
	at org.junit.internal.runners.statements.RunAfters.evaluate(RunAfters.java:27)
	at org.junit.runners.ParentRunner.runLeaf(ParentRunner.java:271)
	at org.junit.runners.BlockJUnit4ClassRunner.runChild(BlockJUnit4ClassRunner.java:70)
	at org.junit.runners.BlockJUnit4ClassRunner.runChild(BlockJUnit4ClassRunner.java:50)
	at org.junit.runners.ParentRunner$3.run(ParentRunner.java:238)
	at org.junit.runners.ParentRunner$1.schedule(ParentRunner.java:63)
	at org.junit.runners.ParentRunner.runChildren(ParentRunner.java:236)
	at org.junit.runners.ParentRunner.access$000(ParentRunner.java:53)
	at org.junit.runners.ParentRunner$2.evaluate(ParentRunner.java:229)
	at org.junit.runners.ParentRunner.run(ParentRunner.java:309)
	at org.apache.maven.surefire.junit4.JUnit4Provider.execute(JUnit4Provider.java:365)
	at org.apache.maven.surefire.junit4.JUnit4Provider.executeWithRerun(JUnit4Provider.java:273)
	at org.apache.maven.surefire.junit4.JUnit4Provider.executeTestSet(JUnit4Provider.java:238)
	at org.apache.maven.surefire.junit4.JUnit4Provider.invoke(JUnit4Provider.java:159)
	at org.apache.maven.surefire.booter.ForkedBooter.invokeProviderInSameClassLoader(ForkedBooter.java:384)
	at org.apache.maven.surefire.booter.ForkedBooter.runSuitesInProcess(ForkedBooter.java:345)
	at org.apache.maven.surefire.booter.ForkedBooter.execute(ForkedBooter.java:126)
	at org.apache.maven.surefire.booter.ForkedBooter.main(ForkedBooter.java:418)
]]></failure>
    <system-out><![CDATA[2019-10-16 11:35:25,850 [main] WARN  server.ServerUtils (ServerUtils.java:getScmDbDir(145)) - ozone.scm.db.dirs is not configured. We recommend adding this setting. Falling back to ozone.metadata.dirs instead.
2019-10-16 11:35:25,941 [main] WARN  server.ServerUtils (ServerUtils.java:getScmDbDir(145)) - ozone.scm.db.dirs is not configured. We recommend adding this setting. Falling back to ozone.metadata.dirs instead.
2019-10-16 11:35:25,944 [main] WARN  server.ServerUtils (ServerUtils.java:getScmDbDir(145)) - ozone.scm.db.dirs is not configured. We recommend adding this setting. Falling back to ozone.metadata.dirs instead.
2019-10-16 11:35:25,967 [main] INFO  util.log (Log.java:initialized(192)) - Logging initialized @773ms
2019-10-16 11:35:26,057 [main] INFO  db.DBStoreBuilder (DBStoreBuilder.java:addTable(117)) - using custom profile for table: deletedBlocks
2019-10-16 11:35:26,057 [main] INFO  db.DBStoreBuilder (DBStoreBuilder.java:processTables(168)) - Using default column profile:DBProfile.DISK for Table:deletedBlocks
2019-10-16 11:35:26,057 [main] INFO  db.DBStoreBuilder (DBStoreBuilder.java:addTable(117)) - using custom profile for table: validCerts
2019-10-16 11:35:26,057 [main] INFO  db.DBStoreBuilder (DBStoreBuilder.java:processTables(168)) - Using default column profile:DBProfile.DISK for Table:validCerts
2019-10-16 11:35:26,058 [main] INFO  db.DBStoreBuilder (DBStoreBuilder.java:addTable(117)) - using custom profile for table: revokedCerts
2019-10-16 11:35:26,058 [main] INFO  db.DBStoreBuilder (DBStoreBuilder.java:processTables(168)) - Using default column profile:DBProfile.DISK for Table:revokedCerts
2019-10-16 11:35:26,068 [main] INFO  db.DBStoreBuilder (DBStoreBuilder.java:addTable(117)) - using custom profile for table: default
2019-10-16 11:35:26,068 [main] INFO  db.DBStoreBuilder (DBStoreBuilder.java:processTables(174)) - Using default column profile:DBProfile.DISK for Table:default
2019-10-16 11:35:26,070 [main] INFO  db.DBStoreBuilder (DBStoreBuilder.java:getDbProfile(205)) - Using default options. DBProfile.DISK
2019-10-16 11:35:26,278 [main] INFO  net.NodeSchemaLoader (NodeSchemaLoader.java:loadSchemaFromFile(125)) - Loading file from sun.misc.CompoundEnumeration@6b2ea799
2019-10-16 11:35:26,280 [main] INFO  net.NodeSchemaLoader (NodeSchemaLoader.java:loadSchema(171)) - Loading network topology layer schema file
2019-10-16 11:35:26,332 [main] INFO  node.SCMNodeManager (SCMNodeManager.java:<init>(116)) - Entering startup safe mode.
2019-10-16 11:35:26,392 [main] INFO  algorithms.ContainerPlacementPolicyFactory (ContainerPlacementPolicyFactory.java:getPolicy(57)) - Create container placement policy of type org.apache.hadoop.hdds.scm.container.placement.algorithms.SCMContainerPlacementRandom
2019-10-16 11:35:26,405 [main] WARN  server.ServerUtils (ServerUtils.java:getScmDbDir(145)) - ozone.scm.db.dirs is not configured. We recommend adding this setting. Falling back to ozone.metadata.dirs instead.
2019-10-16 11:35:26,500 [main] INFO  pipeline.SCMPipelineManager (SCMPipelineManager.java:initializePipelineState(132)) - No pipeline exists in current db
2019-10-16 11:35:26,503 [main] WARN  server.ServerUtils (ServerUtils.java:getScmDbDir(145)) - ozone.scm.db.dirs is not configured. We recommend adding this setting. Falling back to ozone.metadata.dirs instead.
2019-10-16 11:35:26,613 [main] WARN  events.EventQueue (EventQueue.java:fireEvent(183)) - No event handler registered for event TypedEvent{payloadType=SafeModeStatus, name='SafeModeStatus'}
2019-10-16 11:35:26,961 [main] INFO  ipc.CallQueueManager (CallQueueManager.java:<init>(84)) - Using callQueue: class java.util.concurrent.LinkedBlockingQueue, queueCapacity: 2000, scheduler: class org.apache.hadoop.ipc.DefaultRpcScheduler, ipcBackoff: false.
2019-10-16 11:35:26,981 [Socket Reader #1 for port 38947] INFO  ipc.Server (Server.java:run(1074)) - Starting Socket Reader #1 for port 38947
2019-10-16 11:35:27,112 [main] INFO  ipc.CallQueueManager (CallQueueManager.java:<init>(84)) - Using callQueue: class java.util.concurrent.LinkedBlockingQueue, queueCapacity: 2000, scheduler: class org.apache.hadoop.ipc.DefaultRpcScheduler, ipcBackoff: false.
2019-10-16 11:35:27,113 [Socket Reader #1 for port 35757] INFO  ipc.Server (Server.java:run(1074)) - Starting Socket Reader #1 for port 35757
2019-10-16 11:35:27,122 [main] INFO  ipc.CallQueueManager (CallQueueManager.java:<init>(84)) - Using callQueue: class java.util.concurrent.LinkedBlockingQueue, queueCapacity: 2000, scheduler: class org.apache.hadoop.ipc.DefaultRpcScheduler, ipcBackoff: false.
2019-10-16 11:35:27,122 [Socket Reader #1 for port 39060] INFO  ipc.Server (Server.java:run(1074)) - Starting Socket Reader #1 for port 39060
2019-10-16 11:35:27,144 [main] INFO  hdfs.DFSUtil (DFSUtil.java:httpServerTemplateForNNAndJN(1641)) - Starting Web-server for scm at: http://0.0.0.0:0
2019-10-16 11:35:27,312 [main] INFO  server.AuthenticationFilter (AuthenticationFilter.java:constructSecretProvider(240)) - Unable to initialize FileSignerSecretProvider, falling back to use random secrets.
2019-10-16 11:35:27,322 [main] WARN  http.HttpRequestLog (HttpRequestLog.java:getRequestLog(97)) - Jetty request log can only be enabled using Log4j
2019-10-16 11:35:27,332 [main] INFO  http.HttpServer2 (HttpServer2.java:addGlobalFilter(975)) - Added global filter 'safety' (class=org.apache.hadoop.http.HttpServer2$QuotingInputFilter)
2019-10-16 11:35:27,335 [main] INFO  http.HttpServer2 (HttpServer2.java:addFilter(948)) - Added filter static_user_filter (class=org.apache.hadoop.http.lib.StaticUserWebFilter$StaticUserFilter) to context scm
2019-10-16 11:35:27,336 [main] INFO  http.HttpServer2 (HttpServer2.java:addFilter(958)) - Added filter static_user_filter (class=org.apache.hadoop.http.lib.StaticUserWebFilter$StaticUserFilter) to context logs
2019-10-16 11:35:27,336 [main] INFO  http.HttpServer2 (HttpServer2.java:addFilter(958)) - Added filter static_user_filter (class=org.apache.hadoop.http.lib.StaticUserWebFilter$StaticUserFilter) to context static
2019-10-16 11:35:27,370 [main] INFO  server.StorageContainerManager (StorageContainerManager.java:start(772)) - StorageContainerLocationProtocol RPC server is listening at /0.0.0.0:39060
2019-10-16 11:35:27,429 [main] WARN  impl.MetricsConfig (MetricsConfig.java:loadFirst(134)) - Cannot locate configuration: tried hadoop-metrics2-storagecontainermanager.properties,hadoop-metrics2.properties
2019-10-16 11:35:27,443 [main] INFO  impl.MetricsSystemImpl (MetricsSystemImpl.java:startTimer(374)) - Scheduled Metric snapshot period at 10 second(s).
2019-10-16 11:35:27,443 [main] INFO  impl.MetricsSystemImpl (MetricsSystemImpl.java:start(191)) - StorageContainerManager metrics system started
2019-10-16 11:35:27,667 [main] INFO  server.SCMClientProtocolServer (SCMClientProtocolServer.java:start(159)) - RPC server for Client  is listening at /0.0.0.0:39060
2019-10-16 11:35:27,668 [IPC Server listener on 39060] INFO  ipc.Server (Server.java:run(1153)) - IPC Server listener on 39060: starting
2019-10-16 11:35:27,668 [IPC Server Responder] INFO  ipc.Server (Server.java:run(1314)) - IPC Server Responder: starting
2019-10-16 11:35:27,670 [main] INFO  server.StorageContainerManager (StorageContainerManager.java:start(782)) - ScmBlockLocationProtocol RPC server is listening at /0.0.0.0:35757
2019-10-16 11:35:27,671 [main] INFO  server.SCMBlockProtocolServer (SCMBlockProtocolServer.java:start(146)) - RPC server for Block Protocol is listening at /0.0.0.0:35757
2019-10-16 11:35:27,671 [IPC Server Responder] INFO  ipc.Server (Server.java:run(1314)) - IPC Server Responder: starting
2019-10-16 11:35:27,671 [IPC Server listener on 35757] INFO  ipc.Server (Server.java:run(1153)) - IPC Server listener on 35757: starting
2019-10-16 11:35:27,673 [main] INFO  server.StorageContainerManager (StorageContainerManager.java:start(786)) - ScmDatanodeProtocl RPC server is listening at /0.0.0.0:38947
2019-10-16 11:35:27,673 [main] INFO  server.SCMDatanodeProtocolServer (SCMDatanodeProtocolServer.java:start(169)) - RPC server for DataNodes is listening at /0.0.0.0:38947
2019-10-16 11:35:27,674 [IPC Server Responder] INFO  ipc.Server (Server.java:run(1314)) - IPC Server Responder: starting
2019-10-16 11:35:27,674 [IPC Server listener on 38947] INFO  ipc.Server (Server.java:run(1153)) - IPC Server listener on 38947: starting
2019-10-16 11:35:27,677 [main] INFO  http.HttpServer2 (HttpServer2.java:bindListener(1191)) - Jetty bound to port 43843
2019-10-16 11:35:27,678 [main] INFO  server.Server (Server.java:doStart(351)) - jetty-9.3.25.v20180904, build timestamp: 2018-09-04T21:11:46Z, git hash: 3ce520221d0240229c862b122d2b06c12a625732
2019-10-16 11:35:27,711 [main] INFO  handler.ContextHandler (ContextHandler.java:doStart(781)) - Started o.e.j.s.ServletContextHandler@340da44c{/logs,file:///workdir/hadoop-ozone/integration-test/target/log,AVAILABLE}
2019-10-16 11:35:27,712 [main] INFO  handler.ContextHandler (ContextHandler.java:doStart(781)) - Started o.e.j.s.ServletContextHandler@37052337{/static,file:///workdir/hadoop-ozone/integration-test/target/test-classes/webapps/static,AVAILABLE}
2019-10-16 11:35:27,740 [main] INFO  handler.ContextHandler (ContextHandler.java:doStart(781)) - Started o.e.j.w.WebAppContext@3b366632{/,file:///workdir/hadoop-ozone/integration-test/target/test-classes/webapps/scm/,AVAILABLE}{/scm}
2019-10-16 11:35:27,745 [main] INFO  server.AbstractConnector (AbstractConnector.java:doStart(278)) - Started ServerConnector@6815c5f2{HTTP/1.1,[http/1.1]}{0.0.0.0:43843}
2019-10-16 11:35:27,745 [main] INFO  server.Server (Server.java:doStart(419)) - Started @2551ms
2019-10-16 11:35:27,747 [main] INFO  impl.MetricsSinkAdapter (MetricsSinkAdapter.java:start(204)) - Sink prometheus started
2019-10-16 11:35:27,747 [main] INFO  impl.MetricsSystemImpl (MetricsSystemImpl.java:registerSink(301)) - Registered sink prometheus
2019-10-16 11:35:27,749 [main] INFO  server.BaseHttpServer (BaseHttpServer.java:updateConnectorAddress(215)) - HTTP server of SCM is listening at http://0.0.0.0:43843
2019-10-16 11:35:27,757 [org.apache.hadoop.util.JvmPauseMonitor$Monitor@4263b080] INFO  util.JvmPauseMonitor (JvmPauseMonitor.java:run(188)) - Starting JVM pause monitor
2019-10-16 11:35:27,763 [main] WARN  server.ServerUtils (ServerUtils.java:getDBPath(222)) - ozone.om.db.dirs is not configured. We recommend adding this setting. Falling back to ozone.metadata.dirs instead.
2019-10-16 11:35:27,851 [main] INFO  ha.OMHANodeDetails (OMHANodeDetails.java:loadOMHAConfig(190)) - Configuration either no ozone.om.address set. Falling back to the default OM address /127.0.0.1:0
2019-10-16 11:35:27,851 [main] INFO  ha.OMHANodeDetails (OMHANodeDetails.java:getOMNodeDetails(220)) - OM Service ID is not set. Setting it to the default ID: omServiceIdDefault
2019-10-16 11:35:27,852 [main] WARN  server.ServerUtils (ServerUtils.java:getDBPath(222)) - ozone.om.db.dirs is not configured. We recommend adding this setting. Falling back to ozone.metadata.dirs instead.
2019-10-16 11:35:27,853 [main] WARN  server.ServerUtils (ServerUtils.java:getDBPath(222)) - ozone.om.db.dirs is not configured. We recommend adding this setting. Falling back to ozone.metadata.dirs instead.
2019-10-16 11:35:28,411 [main] WARN  server.ServerUtils (ServerUtils.java:getDBPath(222)) - ozone.om.db.dirs is not configured. We recommend adding this setting. Falling back to ozone.metadata.dirs instead.
2019-10-16 11:35:28,418 [main] INFO  db.DBStoreBuilder (DBStoreBuilder.java:addTable(117)) - using custom profile for table: userTable
2019-10-16 11:35:28,418 [main] INFO  db.DBStoreBuilder (DBStoreBuilder.java:processTables(168)) - Using default column profile:DBProfile.DISK for Table:userTable
2019-10-16 11:35:28,419 [main] INFO  db.DBStoreBuilder (DBStoreBuilder.java:addTable(117)) - using custom profile for table: volumeTable
2019-10-16 11:35:28,419 [main] INFO  db.DBStoreBuilder (DBStoreBuilder.java:processTables(168)) - Using default column profile:DBProfile.DISK for Table:volumeTable
2019-10-16 11:35:28,419 [main] INFO  db.DBStoreBuilder (DBStoreBuilder.java:addTable(117)) - using custom profile for table: bucketTable
2019-10-16 11:35:28,419 [main] INFO  db.DBStoreBuilder (DBStoreBuilder.java:processTables(168)) - Using default column profile:DBProfile.DISK for Table:bucketTable
2019-10-16 11:35:28,420 [main] INFO  db.DBStoreBuilder (DBStoreBuilder.java:addTable(117)) - using custom profile for table: keyTable
2019-10-16 11:35:28,420 [main] INFO  db.DBStoreBuilder (DBStoreBuilder.java:processTables(168)) - Using default column profile:DBProfile.DISK for Table:keyTable
2019-10-16 11:35:28,420 [main] INFO  db.DBStoreBuilder (DBStoreBuilder.java:addTable(117)) - using custom profile for table: deletedTable
2019-10-16 11:35:28,420 [main] INFO  db.DBStoreBuilder (DBStoreBuilder.java:processTables(168)) - Using default column profile:DBProfile.DISK for Table:deletedTable
2019-10-16 11:35:28,420 [main] INFO  db.DBStoreBuilder (DBStoreBuilder.java:addTable(117)) - using custom profile for table: openKeyTable
2019-10-16 11:35:28,421 [main] INFO  db.DBStoreBuilder (DBStoreBuilder.java:processTables(168)) - Using default column profile:DBProfile.DISK for Table:openKeyTable
2019-10-16 11:35:28,421 [main] INFO  db.DBStoreBuilder (DBStoreBuilder.java:addTable(117)) - using custom profile for table: s3Table
2019-10-16 11:35:28,421 [main] INFO  db.DBStoreBuilder (DBStoreBuilder.java:processTables(168)) - Using default column profile:DBProfile.DISK for Table:s3Table
2019-10-16 11:35:28,421 [main] INFO  db.DBStoreBuilder (DBStoreBuilder.java:addTable(117)) - using custom profile for table: multipartInfoTable
2019-10-16 11:35:28,421 [main] INFO  db.DBStoreBuilder (DBStoreBuilder.java:processTables(168)) - Using default column profile:DBProfile.DISK for Table:multipartInfoTable
2019-10-16 11:35:28,422 [main] INFO  db.DBStoreBuilder (DBStoreBuilder.java:addTable(117)) - using custom profile for table: dTokenTable
2019-10-16 11:35:28,422 [main] INFO  db.DBStoreBuilder (DBStoreBuilder.java:processTables(168)) - Using default column profile:DBProfile.DISK for Table:dTokenTable
2019-10-16 11:35:28,422 [main] INFO  db.DBStoreBuilder (DBStoreBuilder.java:addTable(117)) - using custom profile for table: s3SecretTable
2019-10-16 11:35:28,422 [main] INFO  db.DBStoreBuilder (DBStoreBuilder.java:processTables(168)) - Using default column profile:DBProfile.DISK for Table:s3SecretTable
2019-10-16 11:35:28,423 [main] INFO  db.DBStoreBuilder (DBStoreBuilder.java:addTable(117)) - using custom profile for table: prefixTable
2019-10-16 11:35:28,423 [main] INFO  db.DBStoreBuilder (DBStoreBuilder.java:processTables(168)) - Using default column profile:DBProfile.DISK for Table:prefixTable
2019-10-16 11:35:28,423 [main] INFO  db.DBStoreBuilder (DBStoreBuilder.java:addTable(117)) - using custom profile for table: default
2019-10-16 11:35:28,423 [main] INFO  db.DBStoreBuilder (DBStoreBuilder.java:processTables(174)) - Using default column profile:DBProfile.DISK for Table:default
2019-10-16 11:35:28,424 [main] INFO  db.DBStoreBuilder (DBStoreBuilder.java:getDbProfile(205)) - Using default options. DBProfile.DISK
2019-10-16 11:35:29,871 [main] INFO  ipc.CallQueueManager (CallQueueManager.java:<init>(84)) - Using callQueue: class java.util.concurrent.LinkedBlockingQueue, queueCapacity: 2000, scheduler: class org.apache.hadoop.ipc.DefaultRpcScheduler, ipcBackoff: false.
2019-10-16 11:35:29,872 [Socket Reader #1 for port 41033] INFO  ipc.Server (Server.java:run(1074)) - Starting Socket Reader #1 for port 41033
2019-10-16 11:35:29,890 [main] INFO  om.OzoneManager (OzoneManager.java:start(1074)) - OzoneManager RPC server is listening at localhost/127.0.0.1:41033
2019-10-16 11:35:29,890 [main] INFO  impl.MetricsSystemImpl (MetricsSystemImpl.java:init(158)) - OzoneManager metrics system started (again)
2019-10-16 11:35:29,897 [IPC Server Responder] INFO  ipc.Server (Server.java:run(1314)) - IPC Server Responder: starting
2019-10-16 11:35:29,898 [IPC Server listener on 41033] INFO  ipc.Server (Server.java:run(1153)) - IPC Server listener on 41033: starting
2019-10-16 11:35:29,904 [main] INFO  hdfs.DFSUtil (DFSUtil.java:httpServerTemplateForNNAndJN(1641)) - Starting Web-server for ozoneManager at: http://0.0.0.0:0
2019-10-16 11:35:29,906 [main] INFO  server.AuthenticationFilter (AuthenticationFilter.java:constructSecretProvider(240)) - Unable to initialize FileSignerSecretProvider, falling back to use random secrets.
2019-10-16 11:35:29,907 [main] WARN  http.HttpRequestLog (HttpRequestLog.java:getRequestLog(97)) - Jetty request log can only be enabled using Log4j
2019-10-16 11:35:29,909 [main] INFO  http.HttpServer2 (HttpServer2.java:addGlobalFilter(975)) - Added global filter 'safety' (class=org.apache.hadoop.http.HttpServer2$QuotingInputFilter)
2019-10-16 11:35:29,911 [main] INFO  http.HttpServer2 (HttpServer2.java:addFilter(948)) - Added filter static_user_filter (class=org.apache.hadoop.http.lib.StaticUserWebFilter$StaticUserFilter) to context ozoneManager
2019-10-16 11:35:29,911 [main] INFO  http.HttpServer2 (HttpServer2.java:addFilter(958)) - Added filter static_user_filter (class=org.apache.hadoop.http.lib.StaticUserWebFilter$StaticUserFilter) to context logs
2019-10-16 11:35:29,911 [main] INFO  http.HttpServer2 (HttpServer2.java:addFilter(958)) - Added filter static_user_filter (class=org.apache.hadoop.http.lib.StaticUserWebFilter$StaticUserFilter) to context static
2019-10-16 11:35:29,913 [main] INFO  http.HttpServer2 (HttpServer2.java:bindListener(1191)) - Jetty bound to port 46025
2019-10-16 11:35:29,914 [main] INFO  server.Server (Server.java:doStart(351)) - jetty-9.3.25.v20180904, build timestamp: 2018-09-04T21:11:46Z, git hash: 3ce520221d0240229c862b122d2b06c12a625732
2019-10-16 11:35:29,916 [main] INFO  handler.ContextHandler (ContextHandler.java:doStart(781)) - Started o.e.j.s.ServletContextHandler@6b63d445{/logs,file:///workdir/hadoop-ozone/integration-test/target/log,AVAILABLE}
2019-10-16 11:35:29,916 [main] INFO  handler.ContextHandler (ContextHandler.java:doStart(781)) - Started o.e.j.s.ServletContextHandler@30b2b76f{/static,file:///workdir/hadoop-ozone/integration-test/target/test-classes/webapps/static,AVAILABLE}
2019-10-16 11:35:29,922 [main] INFO  handler.ContextHandler (ContextHandler.java:doStart(781)) - Started o.e.j.w.WebAppContext@12db3386{/,file:///workdir/hadoop-ozone/integration-test/target/test-classes/webapps/ozoneManager/,AVAILABLE}{/ozoneManager}
2019-10-16 11:35:29,923 [main] INFO  server.AbstractConnector (AbstractConnector.java:doStart(278)) - Started ServerConnector@4078695f{HTTP/1.1,[http/1.1]}{0.0.0.0:46025}
2019-10-16 11:35:29,924 [main] INFO  server.Server (Server.java:doStart(419)) - Started @4730ms
2019-10-16 11:35:29,924 [main] WARN  impl.MetricsSystemImpl (MetricsSystemImpl.java:register(276)) - Sink prometheus already exists!
2019-10-16 11:35:29,925 [main] INFO  server.BaseHttpServer (BaseHttpServer.java:updateConnectorAddress(215)) - HTTP server of OZONEMANAGER is listening at http://0.0.0.0:46025
2019-10-16 11:35:30,229 [main] INFO  impl.MetricsSystemImpl (MetricsSystemImpl.java:init(158)) - HddsDatanode metrics system started (again)
2019-10-16 11:35:30,275 [main] INFO  ozone.HddsDatanodeService (HddsDatanodeService.java:start(184)) - HddsDatanodeService host:pr-hdds-2313-gfcg9-2318083974 ip:192.168.157.203
2019-10-16 11:35:30,306 [main] INFO  volume.HddsVolume (HddsVolume.java:<init>(176)) - Creating Volume: /workdir/hadoop-ozone/integration-test/target/test-dir/MiniOzoneClusterImpl-d10f3a9c-4fd6-4949-a3ff-490e135742c9/datanode-0/data/containers/hdds of  storage type : DISK and capacity : 1482555576320
2019-10-16 11:35:30,307 [main] INFO  volume.VolumeSet (VolumeSet.java:initializeVolumeSet(170)) - Added Volume : /workdir/hadoop-ozone/integration-test/target/test-dir/MiniOzoneClusterImpl-d10f3a9c-4fd6-4949-a3ff-490e135742c9/datanode-0/data/containers/hdds to VolumeSet
2019-10-16 11:35:30,310 [main] INFO  volume.ThrottledAsyncChecker (ThrottledAsyncChecker.java:schedule(141)) - Scheduling a check for /workdir/hadoop-ozone/integration-test/target/test-dir/MiniOzoneClusterImpl-d10f3a9c-4fd6-4949-a3ff-490e135742c9/datanode-0/data/containers/hdds
2019-10-16 11:35:30,326 [main] INFO  volume.HddsVolumeChecker (HddsVolumeChecker.java:checkAllVolumes(204)) - Scheduled health check for volume /workdir/hadoop-ozone/integration-test/target/test-dir/MiniOzoneClusterImpl-d10f3a9c-4fd6-4949-a3ff-490e135742c9/datanode-0/data/containers/hdds
2019-10-16 11:35:30,426 [main] INFO  impl.RaftServerProxy (ConfUtils.java:logGet(43)) - raft.rpc.type = GRPC (default)
2019-10-16 11:35:30,487 [main] INFO  grpc.GrpcFactory (GrpcFactory.java:checkPooledByteBufAllocatorUseCacheForAllThreads(45)) - PERFORMANCE WARNING: useCacheForAllThreads is true that may cause Netty to create a lot garbage objects and, as a result, trigger GC.
	It is recommended to disable useCacheForAllThreads by setting -Dorg.apache.ratis.thirdparty.io.netty.allocator.useCacheForAllThreads=false in command line.
2019-10-16 11:35:30,492 [main] INFO  grpc.GrpcConfigKeys$Server (ConfUtils.java:logGet(43)) - raft.grpc.server.port = 0 (default)
2019-10-16 11:35:30,493 [main] INFO  server.GrpcService (ConfUtils.java:logGet(43)) - raft.grpc.message.size.max = 33570816 (custom)
2019-10-16 11:35:30,494 [main] INFO  server.RaftServerConfigKeys (ConfUtils.java:logGet(43)) - raft.server.log.appender.buffer.byte-limit = 33554432 (custom)
2019-10-16 11:35:30,495 [main] INFO  server.GrpcService (ConfUtils.java:logGet(43)) - raft.grpc.flow.control.window = 1MB (=1048576) (default)
2019-10-16 11:35:30,496 [main] INFO  server.RaftServerConfigKeys (ConfUtils.java:logGet(43)) - raft.server.rpc.request.timeout = 3000ms (default)
2019-10-16 11:35:30,641 [main] INFO  server.RaftServerConfigKeys (ConfUtils.java:logGet(43)) - raft.server.storage.dir = [/workdir/hadoop-ozone/integration-test/target/test-dir/MiniOzoneClusterImpl-d10f3a9c-4fd6-4949-a3ff-490e135742c9/datanode-0/data/ratis] (custom)
2019-10-16 11:35:30,687 [main] INFO  hdfs.DFSUtil (DFSUtil.java:httpServerTemplateForNNAndJN(1641)) - Starting Web-server for hddsDatanode at: http://0.0.0.0:0
2019-10-16 11:35:30,689 [main] INFO  server.AuthenticationFilter (AuthenticationFilter.java:constructSecretProvider(240)) - Unable to initialize FileSignerSecretProvider, falling back to use random secrets.
2019-10-16 11:35:30,690 [main] WARN  http.HttpRequestLog (HttpRequestLog.java:getRequestLog(97)) - Jetty request log can only be enabled using Log4j
2019-10-16 11:35:30,691 [main] INFO  http.HttpServer2 (HttpServer2.java:addGlobalFilter(975)) - Added global filter 'safety' (class=org.apache.hadoop.http.HttpServer2$QuotingInputFilter)
2019-10-16 11:35:30,691 [main] INFO  http.HttpServer2 (HttpServer2.java:addFilter(948)) - Added filter static_user_filter (class=org.apache.hadoop.http.lib.StaticUserWebFilter$StaticUserFilter) to context hddsDatanode
2019-10-16 11:35:30,692 [main] INFO  http.HttpServer2 (HttpServer2.java:addFilter(958)) - Added filter static_user_filter (class=org.apache.hadoop.http.lib.StaticUserWebFilter$StaticUserFilter) to context static
2019-10-16 11:35:30,692 [main] INFO  http.HttpServer2 (HttpServer2.java:addFilter(958)) - Added filter static_user_filter (class=org.apache.hadoop.http.lib.StaticUserWebFilter$StaticUserFilter) to context logs
2019-10-16 11:35:30,693 [main] INFO  http.HttpServer2 (HttpServer2.java:bindListener(1191)) - Jetty bound to port 36735
2019-10-16 11:35:30,693 [main] INFO  server.Server (Server.java:doStart(351)) - jetty-9.3.25.v20180904, build timestamp: 2018-09-04T21:11:46Z, git hash: 3ce520221d0240229c862b122d2b06c12a625732
2019-10-16 11:35:30,695 [main] INFO  handler.ContextHandler (ContextHandler.java:doStart(781)) - Started o.e.j.s.ServletContextHandler@644ded04{/logs,file:///workdir/hadoop-ozone/integration-test/target/log,AVAILABLE}
2019-10-16 11:35:30,696 [main] INFO  handler.ContextHandler (ContextHandler.java:doStart(781)) - Started o.e.j.s.ServletContextHandler@13d9261f{/static,jar:file:/home/user/.m2/repository/org/apache/hadoop/hadoop-hdds-container-service/0.5.0-SNAPSHOT/hadoop-hdds-container-service-0.5.0-SNAPSHOT.jar!/webapps/static,AVAILABLE}
2019-10-16 11:35:30,727 [main] INFO  handler.ContextHandler (ContextHandler.java:doStart(781)) - Started o.e.j.w.WebAppContext@61cd1c71{/,file:///tmp/jetty-0.0.0.0-36735-hddsDatanode-_-any-1737449326450458305.dir/webapp/,AVAILABLE}{/hddsDatanode}
2019-10-16 11:35:30,727 [main] INFO  server.AbstractConnector (AbstractConnector.java:doStart(278)) - Started ServerConnector@6724cdec{HTTP/1.1,[http/1.1]}{0.0.0.0:36735}
2019-10-16 11:35:30,728 [main] INFO  server.Server (Server.java:doStart(419)) - Started @5534ms
2019-10-16 11:35:30,728 [main] WARN  impl.MetricsSystemImpl (MetricsSystemImpl.java:register(276)) - Sink prometheus already exists!
2019-10-16 11:35:30,729 [main] INFO  server.BaseHttpServer (BaseHttpServer.java:updateConnectorAddress(215)) - HTTP server of HDDSDATANODE is listening at http://0.0.0.0:36735
2019-10-16 11:35:30,730 [main] INFO  impl.MetricsSystemImpl (MetricsSystemImpl.java:init(158)) - HddsDatanode metrics system started (again)
2019-10-16 11:35:30,732 [main] INFO  ozone.HddsDatanodeService (HddsDatanodeService.java:start(184)) - HddsDatanodeService host:pr-hdds-2313-gfcg9-2318083974 ip:192.168.157.203
2019-10-16 11:35:30,733 [org.apache.hadoop.util.JvmPauseMonitor$Monitor@668078b5] INFO  util.JvmPauseMonitor (JvmPauseMonitor.java:run(188)) - Starting JVM pause monitor
2019-10-16 11:35:30,739 [main] INFO  volume.HddsVolume (HddsVolume.java:<init>(176)) - Creating Volume: /workdir/hadoop-ozone/integration-test/target/test-dir/MiniOzoneClusterImpl-d10f3a9c-4fd6-4949-a3ff-490e135742c9/datanode-1/data/containers/hdds of  storage type : DISK and capacity : 1482555576320
2019-10-16 11:35:30,739 [main] INFO  volume.VolumeSet (VolumeSet.java:initializeVolumeSet(170)) - Added Volume : /workdir/hadoop-ozone/integration-test/target/test-dir/MiniOzoneClusterImpl-d10f3a9c-4fd6-4949-a3ff-490e135742c9/datanode-1/data/containers/hdds to VolumeSet
2019-10-16 11:35:30,739 [main] INFO  volume.ThrottledAsyncChecker (ThrottledAsyncChecker.java:schedule(141)) - Scheduling a check for /workdir/hadoop-ozone/integration-test/target/test-dir/MiniOzoneClusterImpl-d10f3a9c-4fd6-4949-a3ff-490e135742c9/datanode-1/data/containers/hdds
2019-10-16 11:35:30,739 [main] INFO  volume.HddsVolumeChecker (HddsVolumeChecker.java:checkAllVolumes(204)) - Scheduled health check for volume /workdir/hadoop-ozone/integration-test/target/test-dir/MiniOzoneClusterImpl-d10f3a9c-4fd6-4949-a3ff-490e135742c9/datanode-1/data/containers/hdds
2019-10-16 11:35:30,751 [main] INFO  impl.RaftServerProxy (ConfUtils.java:logGet(43)) - raft.rpc.type = GRPC (default)
2019-10-16 11:35:30,751 [main] INFO  grpc.GrpcFactory (GrpcFactory.java:checkPooledByteBufAllocatorUseCacheForAllThreads(45)) - PERFORMANCE WARNING: useCacheForAllThreads is true that may cause Netty to create a lot garbage objects and, as a result, trigger GC.
	It is recommended to disable useCacheForAllThreads by setting -Dorg.apache.ratis.thirdparty.io.netty.allocator.useCacheForAllThreads=false in command line.
2019-10-16 11:35:30,751 [main] INFO  grpc.GrpcConfigKeys$Server (ConfUtils.java:logGet(43)) - raft.grpc.server.port = 0 (default)
2019-10-16 11:35:30,752 [main] INFO  server.GrpcService (ConfUtils.java:logGet(43)) - raft.grpc.message.size.max = 33570816 (custom)
2019-10-16 11:35:30,752 [main] INFO  server.RaftServerConfigKeys (ConfUtils.java:logGet(43)) - raft.server.log.appender.buffer.byte-limit = 33554432 (custom)
2019-10-16 11:35:30,752 [main] INFO  server.GrpcService (ConfUtils.java:logGet(43)) - raft.grpc.flow.control.window = 1MB (=1048576) (default)
2019-10-16 11:35:30,752 [main] INFO  server.RaftServerConfigKeys (ConfUtils.java:logGet(43)) - raft.server.rpc.request.timeout = 3000ms (default)
2019-10-16 11:35:30,753 [main] INFO  server.RaftServerConfigKeys (ConfUtils.java:logGet(43)) - raft.server.storage.dir = [/workdir/hadoop-ozone/integration-test/target/test-dir/MiniOzoneClusterImpl-d10f3a9c-4fd6-4949-a3ff-490e135742c9/datanode-1/data/ratis] (custom)
2019-10-16 11:35:30,755 [main] INFO  hdfs.DFSUtil (DFSUtil.java:httpServerTemplateForNNAndJN(1641)) - Starting Web-server for hddsDatanode at: http://0.0.0.0:0
2019-10-16 11:35:30,756 [main] INFO  server.AuthenticationFilter (AuthenticationFilter.java:constructSecretProvider(240)) - Unable to initialize FileSignerSecretProvider, falling back to use random secrets.
2019-10-16 11:35:30,756 [main] WARN  http.HttpRequestLog (HttpRequestLog.java:getRequestLog(97)) - Jetty request log can only be enabled using Log4j
2019-10-16 11:35:30,758 [main] INFO  http.HttpServer2 (HttpServer2.java:addGlobalFilter(975)) - Added global filter 'safety' (class=org.apache.hadoop.http.HttpServer2$QuotingInputFilter)
2019-10-16 11:35:30,758 [main] INFO  http.HttpServer2 (HttpServer2.java:addFilter(948)) - Added filter static_user_filter (class=org.apache.hadoop.http.lib.StaticUserWebFilter$StaticUserFilter) to context hddsDatanode
2019-10-16 11:35:30,758 [main] INFO  http.HttpServer2 (HttpServer2.java:addFilter(958)) - Added filter static_user_filter (class=org.apache.hadoop.http.lib.StaticUserWebFilter$StaticUserFilter) to context logs
2019-10-16 11:35:30,758 [main] INFO  http.HttpServer2 (HttpServer2.java:addFilter(958)) - Added filter static_user_filter (class=org.apache.hadoop.http.lib.StaticUserWebFilter$StaticUserFilter) to context static
2019-10-16 11:35:30,759 [main] INFO  http.HttpServer2 (HttpServer2.java:bindListener(1191)) - Jetty bound to port 40371
2019-10-16 11:35:30,759 [main] INFO  server.Server (Server.java:doStart(351)) - jetty-9.3.25.v20180904, build timestamp: 2018-09-04T21:11:46Z, git hash: 3ce520221d0240229c862b122d2b06c12a625732
2019-10-16 11:35:30,762 [main] INFO  handler.ContextHandler (ContextHandler.java:doStart(781)) - Started o.e.j.s.ServletContextHandler@6a094db2{/logs,file:///workdir/hadoop-ozone/integration-test/target/log,AVAILABLE}
2019-10-16 11:35:30,762 [main] INFO  handler.ContextHandler (ContextHandler.java:doStart(781)) - Started o.e.j.s.ServletContextHandler@1dba4e06{/static,jar:file:/home/user/.m2/repository/org/apache/hadoop/hadoop-hdds-container-service/0.5.0-SNAPSHOT/hadoop-hdds-container-service-0.5.0-SNAPSHOT.jar!/webapps/static,AVAILABLE}
2019-10-16 11:35:30,790 [main] INFO  handler.ContextHandler (ContextHandler.java:doStart(781)) - Started o.e.j.w.WebAppContext@1e58512c{/,file:///tmp/jetty-0.0.0.0-40371-hddsDatanode-_-any-3453338487758682800.dir/webapp/,AVAILABLE}{/hddsDatanode}
2019-10-16 11:35:30,791 [main] INFO  server.AbstractConnector (AbstractConnector.java:doStart(278)) - Started ServerConnector@210308d5{HTTP/1.1,[http/1.1]}{0.0.0.0:40371}
2019-10-16 11:35:30,791 [main] INFO  server.Server (Server.java:doStart(419)) - Started @5597ms
2019-10-16 11:35:30,792 [main] WARN  impl.MetricsSystemImpl (MetricsSystemImpl.java:register(276)) - Sink prometheus already exists!
2019-10-16 11:35:30,793 [main] INFO  server.BaseHttpServer (BaseHttpServer.java:updateConnectorAddress(215)) - HTTP server of HDDSDATANODE is listening at http://0.0.0.0:40371
2019-10-16 11:35:30,793 [main] INFO  impl.MetricsSystemImpl (MetricsSystemImpl.java:init(158)) - HddsDatanode metrics system started (again)
2019-10-16 11:35:30,795 [org.apache.hadoop.util.JvmPauseMonitor$Monitor@8fcc5ff] INFO  util.JvmPauseMonitor (JvmPauseMonitor.java:run(188)) - Starting JVM pause monitor
2019-10-16 11:35:30,796 [main] INFO  ozone.HddsDatanodeService (HddsDatanodeService.java:start(184)) - HddsDatanodeService host:pr-hdds-2313-gfcg9-2318083974 ip:192.168.157.203
2019-10-16 11:35:30,801 [main] INFO  volume.HddsVolume (HddsVolume.java:<init>(176)) - Creating Volume: /workdir/hadoop-ozone/integration-test/target/test-dir/MiniOzoneClusterImpl-d10f3a9c-4fd6-4949-a3ff-490e135742c9/datanode-2/data/containers/hdds of  storage type : DISK and capacity : 1482555576320
2019-10-16 11:35:30,802 [main] INFO  volume.VolumeSet (VolumeSet.java:initializeVolumeSet(170)) - Added Volume : /workdir/hadoop-ozone/integration-test/target/test-dir/MiniOzoneClusterImpl-d10f3a9c-4fd6-4949-a3ff-490e135742c9/datanode-2/data/containers/hdds to VolumeSet
2019-10-16 11:35:30,802 [main] INFO  volume.ThrottledAsyncChecker (ThrottledAsyncChecker.java:schedule(141)) - Scheduling a check for /workdir/hadoop-ozone/integration-test/target/test-dir/MiniOzoneClusterImpl-d10f3a9c-4fd6-4949-a3ff-490e135742c9/datanode-2/data/containers/hdds
2019-10-16 11:35:30,802 [main] INFO  volume.HddsVolumeChecker (HddsVolumeChecker.java:checkAllVolumes(204)) - Scheduled health check for volume /workdir/hadoop-ozone/integration-test/target/test-dir/MiniOzoneClusterImpl-d10f3a9c-4fd6-4949-a3ff-490e135742c9/datanode-2/data/containers/hdds
2019-10-16 11:35:30,814 [main] INFO  impl.RaftServerProxy (ConfUtils.java:logGet(43)) - raft.rpc.type = GRPC (default)
2019-10-16 11:35:30,814 [main] INFO  grpc.GrpcFactory (GrpcFactory.java:checkPooledByteBufAllocatorUseCacheForAllThreads(45)) - PERFORMANCE WARNING: useCacheForAllThreads is true that may cause Netty to create a lot garbage objects and, as a result, trigger GC.
	It is recommended to disable useCacheForAllThreads by setting -Dorg.apache.ratis.thirdparty.io.netty.allocator.useCacheForAllThreads=false in command line.
2019-10-16 11:35:30,814 [main] INFO  grpc.GrpcConfigKeys$Server (ConfUtils.java:logGet(43)) - raft.grpc.server.port = 0 (default)
2019-10-16 11:35:30,814 [main] INFO  server.GrpcService (ConfUtils.java:logGet(43)) - raft.grpc.message.size.max = 33570816 (custom)
2019-10-16 11:35:30,815 [main] INFO  server.RaftServerConfigKeys (ConfUtils.java:logGet(43)) - raft.server.log.appender.buffer.byte-limit = 33554432 (custom)
2019-10-16 11:35:30,815 [main] INFO  server.GrpcService (ConfUtils.java:logGet(43)) - raft.grpc.flow.control.window = 1MB (=1048576) (default)
2019-10-16 11:35:30,815 [main] INFO  server.RaftServerConfigKeys (ConfUtils.java:logGet(43)) - raft.server.rpc.request.timeout = 3000ms (default)
2019-10-16 11:35:30,816 [main] INFO  server.RaftServerConfigKeys (ConfUtils.java:logGet(43)) - raft.server.storage.dir = [/workdir/hadoop-ozone/integration-test/target/test-dir/MiniOzoneClusterImpl-d10f3a9c-4fd6-4949-a3ff-490e135742c9/datanode-2/data/ratis] (custom)
2019-10-16 11:35:30,817 [main] INFO  hdfs.DFSUtil (DFSUtil.java:httpServerTemplateForNNAndJN(1641)) - Starting Web-server for hddsDatanode at: http://0.0.0.0:0
2019-10-16 11:35:30,819 [main] INFO  server.AuthenticationFilter (AuthenticationFilter.java:constructSecretProvider(240)) - Unable to initialize FileSignerSecretProvider, falling back to use random secrets.
2019-10-16 11:35:30,819 [main] WARN  http.HttpRequestLog (HttpRequestLog.java:getRequestLog(97)) - Jetty request log can only be enabled using Log4j
2019-10-16 11:35:30,820 [main] INFO  http.HttpServer2 (HttpServer2.java:addGlobalFilter(975)) - Added global filter 'safety' (class=org.apache.hadoop.http.HttpServer2$QuotingInputFilter)
2019-10-16 11:35:30,821 [main] INFO  http.HttpServer2 (HttpServer2.java:addFilter(948)) - Added filter static_user_filter (class=org.apache.hadoop.http.lib.StaticUserWebFilter$StaticUserFilter) to context hddsDatanode
2019-10-16 11:35:30,821 [main] INFO  http.HttpServer2 (HttpServer2.java:addFilter(958)) - Added filter static_user_filter (class=org.apache.hadoop.http.lib.StaticUserWebFilter$StaticUserFilter) to context static
2019-10-16 11:35:30,821 [main] INFO  http.HttpServer2 (HttpServer2.java:addFilter(958)) - Added filter static_user_filter (class=org.apache.hadoop.http.lib.StaticUserWebFilter$StaticUserFilter) to context logs
2019-10-16 11:35:30,822 [main] INFO  http.HttpServer2 (HttpServer2.java:bindListener(1191)) - Jetty bound to port 40660
2019-10-16 11:35:30,822 [main] INFO  server.Server (Server.java:doStart(351)) - jetty-9.3.25.v20180904, build timestamp: 2018-09-04T21:11:46Z, git hash: 3ce520221d0240229c862b122d2b06c12a625732
2019-10-16 11:35:30,824 [main] INFO  handler.ContextHandler (ContextHandler.java:doStart(781)) - Started o.e.j.s.ServletContextHandler@d109c4f{/logs,file:///workdir/hadoop-ozone/integration-test/target/log,AVAILABLE}
2019-10-16 11:35:30,825 [main] INFO  handler.ContextHandler (ContextHandler.java:doStart(781)) - Started o.e.j.s.ServletContextHandler@26f46fa6{/static,jar:file:/home/user/.m2/repository/org/apache/hadoop/hadoop-hdds-container-service/0.5.0-SNAPSHOT/hadoop-hdds-container-service-0.5.0-SNAPSHOT.jar!/webapps/static,AVAILABLE}
2019-10-16 11:35:30,831 [Datanode State Machine Thread - 0] INFO  datanode.InitDatanodeState (InitDatanodeState.java:persistContainerDatanodeDetails(140)) - DatanodeDetails is persisted to /workdir/hadoop-ozone/integration-test/target/test-dir/MiniOzoneClusterImpl-d10f3a9c-4fd6-4949-a3ff-490e135742c9/datanode-0/meta/datanode.id
2019-10-16 11:35:30,833 [Datanode State Machine Thread - 0] INFO  datanode.InitDatanodeState (InitDatanodeState.java:persistContainerDatanodeDetails(140)) - DatanodeDetails is persisted to /workdir/hadoop-ozone/integration-test/target/test-dir/MiniOzoneClusterImpl-d10f3a9c-4fd6-4949-a3ff-490e135742c9/datanode-1/meta/datanode.id
2019-10-16 11:35:30,853 [main] INFO  handler.ContextHandler (ContextHandler.java:doStart(781)) - Started o.e.j.w.WebAppContext@4c6007fb{/,file:///tmp/jetty-0.0.0.0-40660-hddsDatanode-_-any-4440809187994149990.dir/webapp/,AVAILABLE}{/hddsDatanode}
2019-10-16 11:35:30,854 [main] INFO  server.AbstractConnector (AbstractConnector.java:doStart(278)) - Started ServerConnector@3e33d73e{HTTP/1.1,[http/1.1]}{0.0.0.0:40660}
2019-10-16 11:35:30,855 [main] INFO  server.Server (Server.java:doStart(419)) - Started @5660ms
2019-10-16 11:35:30,855 [main] WARN  impl.MetricsSystemImpl (MetricsSystemImpl.java:register(276)) - Sink prometheus already exists!
2019-10-16 11:35:30,856 [main] INFO  server.BaseHttpServer (BaseHttpServer.java:updateConnectorAddress(215)) - HTTP server of HDDSDATANODE is listening at http://0.0.0.0:40660
2019-10-16 11:35:30,856 [main] INFO  impl.MetricsSystemImpl (MetricsSystemImpl.java:init(158)) - HddsDatanode metrics system started (again)
2019-10-16 11:35:30,858 [main] INFO  ozone.HddsDatanodeService (HddsDatanodeService.java:start(184)) - HddsDatanodeService host:pr-hdds-2313-gfcg9-2318083974 ip:192.168.157.203
2019-10-16 11:35:30,858 [org.apache.hadoop.util.JvmPauseMonitor$Monitor@259d8c82] INFO  util.JvmPauseMonitor (JvmPauseMonitor.java:run(188)) - Starting JVM pause monitor
2019-10-16 11:35:30,860 [Datanode State Machine Thread - 0] INFO  datanode.InitDatanodeState (InitDatanodeState.java:persistContainerDatanodeDetails(140)) - DatanodeDetails is persisted to /workdir/hadoop-ozone/integration-test/target/test-dir/MiniOzoneClusterImpl-d10f3a9c-4fd6-4949-a3ff-490e135742c9/datanode-2/meta/datanode.id
2019-10-16 11:35:30,864 [main] INFO  volume.HddsVolume (HddsVolume.java:<init>(176)) - Creating Volume: /workdir/hadoop-ozone/integration-test/target/test-dir/MiniOzoneClusterImpl-d10f3a9c-4fd6-4949-a3ff-490e135742c9/datanode-3/data/containers/hdds of  storage type : DISK and capacity : 1482555576320
2019-10-16 11:35:30,866 [main] INFO  volume.VolumeSet (VolumeSet.java:initializeVolumeSet(170)) - Added Volume : /workdir/hadoop-ozone/integration-test/target/test-dir/MiniOzoneClusterImpl-d10f3a9c-4fd6-4949-a3ff-490e135742c9/datanode-3/data/containers/hdds to VolumeSet
2019-10-16 11:35:30,866 [main] INFO  volume.ThrottledAsyncChecker (ThrottledAsyncChecker.java:schedule(141)) - Scheduling a check for /workdir/hadoop-ozone/integration-test/target/test-dir/MiniOzoneClusterImpl-d10f3a9c-4fd6-4949-a3ff-490e135742c9/datanode-3/data/containers/hdds
2019-10-16 11:35:30,867 [main] INFO  volume.HddsVolumeChecker (HddsVolumeChecker.java:checkAllVolumes(204)) - Scheduled health check for volume /workdir/hadoop-ozone/integration-test/target/test-dir/MiniOzoneClusterImpl-d10f3a9c-4fd6-4949-a3ff-490e135742c9/datanode-3/data/containers/hdds
2019-10-16 11:35:30,882 [main] INFO  impl.RaftServerProxy (ConfUtils.java:logGet(43)) - raft.rpc.type = GRPC (default)
2019-10-16 11:35:30,883 [main] INFO  grpc.GrpcFactory (GrpcFactory.java:checkPooledByteBufAllocatorUseCacheForAllThreads(45)) - PERFORMANCE WARNING: useCacheForAllThreads is true that may cause Netty to create a lot garbage objects and, as a result, trigger GC.
	It is recommended to disable useCacheForAllThreads by setting -Dorg.apache.ratis.thirdparty.io.netty.allocator.useCacheForAllThreads=false in command line.
2019-10-16 11:35:30,883 [main] INFO  grpc.GrpcConfigKeys$Server (ConfUtils.java:logGet(43)) - raft.grpc.server.port = 0 (default)
2019-10-16 11:35:30,883 [main] INFO  server.GrpcService (ConfUtils.java:logGet(43)) - raft.grpc.message.size.max = 33570816 (custom)
2019-10-16 11:35:30,883 [main] INFO  server.RaftServerConfigKeys (ConfUtils.java:logGet(43)) - raft.server.log.appender.buffer.byte-limit = 33554432 (custom)
2019-10-16 11:35:30,884 [main] INFO  server.GrpcService (ConfUtils.java:logGet(43)) - raft.grpc.flow.control.window = 1MB (=1048576) (default)
2019-10-16 11:35:30,884 [main] INFO  server.RaftServerConfigKeys (ConfUtils.java:logGet(43)) - raft.server.rpc.request.timeout = 3000ms (default)
2019-10-16 11:35:30,885 [main] INFO  server.RaftServerConfigKeys (ConfUtils.java:logGet(43)) - raft.server.storage.dir = [/workdir/hadoop-ozone/integration-test/target/test-dir/MiniOzoneClusterImpl-d10f3a9c-4fd6-4949-a3ff-490e135742c9/datanode-3/data/ratis] (custom)
2019-10-16 11:35:30,886 [main] INFO  hdfs.DFSUtil (DFSUtil.java:httpServerTemplateForNNAndJN(1641)) - Starting Web-server for hddsDatanode at: http://0.0.0.0:0
2019-10-16 11:35:30,888 [main] INFO  server.AuthenticationFilter (AuthenticationFilter.java:constructSecretProvider(240)) - Unable to initialize FileSignerSecretProvider, falling back to use random secrets.
2019-10-16 11:35:30,888 [main] WARN  http.HttpRequestLog (HttpRequestLog.java:getRequestLog(97)) - Jetty request log can only be enabled using Log4j
2019-10-16 11:35:30,889 [main] INFO  http.HttpServer2 (HttpServer2.java:addGlobalFilter(975)) - Added global filter 'safety' (class=org.apache.hadoop.http.HttpServer2$QuotingInputFilter)
2019-10-16 11:35:30,890 [main] INFO  http.HttpServer2 (HttpServer2.java:addFilter(948)) - Added filter static_user_filter (class=org.apache.hadoop.http.lib.StaticUserWebFilter$StaticUserFilter) to context hddsDatanode
2019-10-16 11:35:30,890 [main] INFO  http.HttpServer2 (HttpServer2.java:addFilter(958)) - Added filter static_user_filter (class=org.apache.hadoop.http.lib.StaticUserWebFilter$StaticUserFilter) to context logs
2019-10-16 11:35:30,890 [main] INFO  http.HttpServer2 (HttpServer2.java:addFilter(958)) - Added filter static_user_filter (class=org.apache.hadoop.http.lib.StaticUserWebFilter$StaticUserFilter) to context static
2019-10-16 11:35:30,891 [main] INFO  http.HttpServer2 (HttpServer2.java:bindListener(1191)) - Jetty bound to port 36803
2019-10-16 11:35:30,891 [main] INFO  server.Server (Server.java:doStart(351)) - jetty-9.3.25.v20180904, build timestamp: 2018-09-04T21:11:46Z, git hash: 3ce520221d0240229c862b122d2b06c12a625732
2019-10-16 11:35:30,894 [main] INFO  handler.ContextHandler (ContextHandler.java:doStart(781)) - Started o.e.j.s.ServletContextHandler@c27a3a2{/logs,file:///workdir/hadoop-ozone/integration-test/target/log,AVAILABLE}
2019-10-16 11:35:30,895 [main] INFO  handler.ContextHandler (ContextHandler.java:doStart(781)) - Started o.e.j.s.ServletContextHandler@1a2bcd56{/static,jar:file:/home/user/.m2/repository/org/apache/hadoop/hadoop-hdds-container-service/0.5.0-SNAPSHOT/hadoop-hdds-container-service-0.5.0-SNAPSHOT.jar!/webapps/static,AVAILABLE}
2019-10-16 11:35:30,922 [main] INFO  handler.ContextHandler (ContextHandler.java:doStart(781)) - Started o.e.j.w.WebAppContext@52d97ab6{/,file:///tmp/jetty-0.0.0.0-36803-hddsDatanode-_-any-7492867213894232494.dir/webapp/,AVAILABLE}{/hddsDatanode}
2019-10-16 11:35:30,923 [main] INFO  server.AbstractConnector (AbstractConnector.java:doStart(278)) - Started ServerConnector@4da6d664{HTTP/1.1,[http/1.1]}{0.0.0.0:36803}
2019-10-16 11:35:30,924 [main] INFO  server.Server (Server.java:doStart(419)) - Started @5729ms
2019-10-16 11:35:30,924 [main] WARN  impl.MetricsSystemImpl (MetricsSystemImpl.java:register(276)) - Sink prometheus already exists!
2019-10-16 11:35:30,925 [main] INFO  server.BaseHttpServer (BaseHttpServer.java:updateConnectorAddress(215)) - HTTP server of HDDSDATANODE is listening at http://0.0.0.0:36803
2019-10-16 11:35:30,926 [main] INFO  impl.MetricsSystemImpl (MetricsSystemImpl.java:init(158)) - HddsDatanode metrics system started (again)
2019-10-16 11:35:30,928 [org.apache.hadoop.util.JvmPauseMonitor$Monitor@3d92b649] INFO  util.JvmPauseMonitor (JvmPauseMonitor.java:run(188)) - Starting JVM pause monitor
2019-10-16 11:35:30,929 [main] INFO  ozone.HddsDatanodeService (HddsDatanodeService.java:start(184)) - HddsDatanodeService host:pr-hdds-2313-gfcg9-2318083974 ip:192.168.157.203
2019-10-16 11:35:30,930 [Datanode State Machine Thread - 0] INFO  datanode.InitDatanodeState (InitDatanodeState.java:persistContainerDatanodeDetails(140)) - DatanodeDetails is persisted to /workdir/hadoop-ozone/integration-test/target/test-dir/MiniOzoneClusterImpl-d10f3a9c-4fd6-4949-a3ff-490e135742c9/datanode-3/meta/datanode.id
2019-10-16 11:35:30,936 [main] INFO  volume.HddsVolume (HddsVolume.java:<init>(176)) - Creating Volume: /workdir/hadoop-ozone/integration-test/target/test-dir/MiniOzoneClusterImpl-d10f3a9c-4fd6-4949-a3ff-490e135742c9/datanode-4/data/containers/hdds of  storage type : DISK and capacity : 1482555576320
2019-10-16 11:35:30,936 [main] INFO  volume.VolumeSet (VolumeSet.java:initializeVolumeSet(170)) - Added Volume : /workdir/hadoop-ozone/integration-test/target/test-dir/MiniOzoneClusterImpl-d10f3a9c-4fd6-4949-a3ff-490e135742c9/datanode-4/data/containers/hdds to VolumeSet
2019-10-16 11:35:30,936 [main] INFO  volume.ThrottledAsyncChecker (ThrottledAsyncChecker.java:schedule(141)) - Scheduling a check for /workdir/hadoop-ozone/integration-test/target/test-dir/MiniOzoneClusterImpl-d10f3a9c-4fd6-4949-a3ff-490e135742c9/datanode-4/data/containers/hdds
2019-10-16 11:35:30,937 [main] INFO  volume.HddsVolumeChecker (HddsVolumeChecker.java:checkAllVolumes(204)) - Scheduled health check for volume /workdir/hadoop-ozone/integration-test/target/test-dir/MiniOzoneClusterImpl-d10f3a9c-4fd6-4949-a3ff-490e135742c9/datanode-4/data/containers/hdds
2019-10-16 11:35:30,951 [main] INFO  impl.RaftServerProxy (ConfUtils.java:logGet(43)) - raft.rpc.type = GRPC (default)
2019-10-16 11:35:30,951 [main] INFO  grpc.GrpcFactory (GrpcFactory.java:checkPooledByteBufAllocatorUseCacheForAllThreads(45)) - PERFORMANCE WARNING: useCacheForAllThreads is true that may cause Netty to create a lot garbage objects and, as a result, trigger GC.
	It is recommended to disable useCacheForAllThreads by setting -Dorg.apache.ratis.thirdparty.io.netty.allocator.useCacheForAllThreads=false in command line.
2019-10-16 11:35:30,951 [main] INFO  grpc.GrpcConfigKeys$Server (ConfUtils.java:logGet(43)) - raft.grpc.server.port = 0 (default)
2019-10-16 11:35:30,951 [main] INFO  server.GrpcService (ConfUtils.java:logGet(43)) - raft.grpc.message.size.max = 33570816 (custom)
2019-10-16 11:35:30,951 [main] INFO  server.RaftServerConfigKeys (ConfUtils.java:logGet(43)) - raft.server.log.appender.buffer.byte-limit = 33554432 (custom)
2019-10-16 11:35:30,952 [main] INFO  server.GrpcService (ConfUtils.java:logGet(43)) - raft.grpc.flow.control.window = 1MB (=1048576) (default)
2019-10-16 11:35:30,952 [main] INFO  server.RaftServerConfigKeys (ConfUtils.java:logGet(43)) - raft.server.rpc.request.timeout = 3000ms (default)
2019-10-16 11:35:30,952 [main] INFO  server.RaftServerConfigKeys (ConfUtils.java:logGet(43)) - raft.server.storage.dir = [/workdir/hadoop-ozone/integration-test/target/test-dir/MiniOzoneClusterImpl-d10f3a9c-4fd6-4949-a3ff-490e135742c9/datanode-4/data/ratis] (custom)
2019-10-16 11:35:30,954 [main] INFO  hdfs.DFSUtil (DFSUtil.java:httpServerTemplateForNNAndJN(1641)) - Starting Web-server for hddsDatanode at: http://0.0.0.0:0
2019-10-16 11:35:30,955 [main] INFO  server.AuthenticationFilter (AuthenticationFilter.java:constructSecretProvider(240)) - Unable to initialize FileSignerSecretProvider, falling back to use random secrets.
2019-10-16 11:35:30,956 [main] WARN  http.HttpRequestLog (HttpRequestLog.java:getRequestLog(97)) - Jetty request log can only be enabled using Log4j
2019-10-16 11:35:30,957 [main] INFO  http.HttpServer2 (HttpServer2.java:addGlobalFilter(975)) - Added global filter 'safety' (class=org.apache.hadoop.http.HttpServer2$QuotingInputFilter)
2019-10-16 11:35:30,958 [main] INFO  http.HttpServer2 (HttpServer2.java:addFilter(948)) - Added filter static_user_filter (class=org.apache.hadoop.http.lib.StaticUserWebFilter$StaticUserFilter) to context hddsDatanode
2019-10-16 11:35:30,958 [main] INFO  http.HttpServer2 (HttpServer2.java:addFilter(958)) - Added filter static_user_filter (class=org.apache.hadoop.http.lib.StaticUserWebFilter$StaticUserFilter) to context static
2019-10-16 11:35:30,958 [main] INFO  http.HttpServer2 (HttpServer2.java:addFilter(958)) - Added filter static_user_filter (class=org.apache.hadoop.http.lib.StaticUserWebFilter$StaticUserFilter) to context logs
2019-10-16 11:35:30,959 [main] INFO  http.HttpServer2 (HttpServer2.java:bindListener(1191)) - Jetty bound to port 44977
2019-10-16 11:35:30,959 [main] INFO  server.Server (Server.java:doStart(351)) - jetty-9.3.25.v20180904, build timestamp: 2018-09-04T21:11:46Z, git hash: 3ce520221d0240229c862b122d2b06c12a625732
2019-10-16 11:35:30,960 [main] INFO  handler.ContextHandler (ContextHandler.java:doStart(781)) - Started o.e.j.s.ServletContextHandler@712cfb63{/logs,file:///workdir/hadoop-ozone/integration-test/target/log,AVAILABLE}
2019-10-16 11:35:30,961 [main] INFO  handler.ContextHandler (ContextHandler.java:doStart(781)) - Started o.e.j.s.ServletContextHandler@15639440{/static,jar:file:/home/user/.m2/repository/org/apache/hadoop/hadoop-hdds-container-service/0.5.0-SNAPSHOT/hadoop-hdds-container-service-0.5.0-SNAPSHOT.jar!/webapps/static,AVAILABLE}
2019-10-16 11:35:30,988 [main] INFO  handler.ContextHandler (ContextHandler.java:doStart(781)) - Started o.e.j.w.WebAppContext@5a6fa56e{/,file:///tmp/jetty-0.0.0.0-44977-hddsDatanode-_-any-7843394289955232394.dir/webapp/,AVAILABLE}{/hddsDatanode}
2019-10-16 11:35:30,989 [main] INFO  server.AbstractConnector (AbstractConnector.java:doStart(278)) - Started ServerConnector@1981d861{HTTP/1.1,[http/1.1]}{0.0.0.0:44977}
2019-10-16 11:35:30,989 [main] INFO  server.Server (Server.java:doStart(419)) - Started @5795ms
2019-10-16 11:35:30,990 [main] WARN  impl.MetricsSystemImpl (MetricsSystemImpl.java:register(276)) - Sink prometheus already exists!
2019-10-16 11:35:30,990 [main] INFO  server.BaseHttpServer (BaseHttpServer.java:updateConnectorAddress(215)) - HTTP server of HDDSDATANODE is listening at http://0.0.0.0:44977
2019-10-16 11:35:30,991 [main] INFO  impl.MetricsSystemImpl (MetricsSystemImpl.java:init(158)) - HddsDatanode metrics system started (again)
2019-10-16 11:35:30,993 [org.apache.hadoop.util.JvmPauseMonitor$Monitor@5f9a7752] INFO  util.JvmPauseMonitor (JvmPauseMonitor.java:run(188)) - Starting JVM pause monitor
2019-10-16 11:35:30,993 [main] INFO  ozone.HddsDatanodeService (HddsDatanodeService.java:start(184)) - HddsDatanodeService host:pr-hdds-2313-gfcg9-2318083974 ip:192.168.157.203
2019-10-16 11:35:30,995 [Datanode State Machine Thread - 0] INFO  datanode.InitDatanodeState (InitDatanodeState.java:persistContainerDatanodeDetails(140)) - DatanodeDetails is persisted to /workdir/hadoop-ozone/integration-test/target/test-dir/MiniOzoneClusterImpl-d10f3a9c-4fd6-4949-a3ff-490e135742c9/datanode-4/meta/datanode.id
2019-10-16 11:35:30,999 [main] INFO  volume.HddsVolume (HddsVolume.java:<init>(176)) - Creating Volume: /workdir/hadoop-ozone/integration-test/target/test-dir/MiniOzoneClusterImpl-d10f3a9c-4fd6-4949-a3ff-490e135742c9/datanode-5/data/containers/hdds of  storage type : DISK and capacity : 1482555576320
2019-10-16 11:35:30,999 [main] INFO  volume.VolumeSet (VolumeSet.java:initializeVolumeSet(170)) - Added Volume : /workdir/hadoop-ozone/integration-test/target/test-dir/MiniOzoneClusterImpl-d10f3a9c-4fd6-4949-a3ff-490e135742c9/datanode-5/data/containers/hdds to VolumeSet
2019-10-16 11:35:30,999 [main] INFO  volume.ThrottledAsyncChecker (ThrottledAsyncChecker.java:schedule(141)) - Scheduling a check for /workdir/hadoop-ozone/integration-test/target/test-dir/MiniOzoneClusterImpl-d10f3a9c-4fd6-4949-a3ff-490e135742c9/datanode-5/data/containers/hdds
2019-10-16 11:35:31,000 [main] INFO  volume.HddsVolumeChecker (HddsVolumeChecker.java:checkAllVolumes(204)) - Scheduled health check for volume /workdir/hadoop-ozone/integration-test/target/test-dir/MiniOzoneClusterImpl-d10f3a9c-4fd6-4949-a3ff-490e135742c9/datanode-5/data/containers/hdds
2019-10-16 11:35:31,013 [main] INFO  impl.RaftServerProxy (ConfUtils.java:logGet(43)) - raft.rpc.type = GRPC (default)
2019-10-16 11:35:31,013 [main] INFO  grpc.GrpcFactory (GrpcFactory.java:checkPooledByteBufAllocatorUseCacheForAllThreads(45)) - PERFORMANCE WARNING: useCacheForAllThreads is true that may cause Netty to create a lot garbage objects and, as a result, trigger GC.
	It is recommended to disable useCacheForAllThreads by setting -Dorg.apache.ratis.thirdparty.io.netty.allocator.useCacheForAllThreads=false in command line.
2019-10-16 11:35:31,013 [main] INFO  grpc.GrpcConfigKeys$Server (ConfUtils.java:logGet(43)) - raft.grpc.server.port = 0 (default)
2019-10-16 11:35:31,013 [main] INFO  server.GrpcService (ConfUtils.java:logGet(43)) - raft.grpc.message.size.max = 33570816 (custom)
2019-10-16 11:35:31,014 [main] INFO  server.RaftServerConfigKeys (ConfUtils.java:logGet(43)) - raft.server.log.appender.buffer.byte-limit = 33554432 (custom)
2019-10-16 11:35:31,014 [main] INFO  server.GrpcService (ConfUtils.java:logGet(43)) - raft.grpc.flow.control.window = 1MB (=1048576) (default)
2019-10-16 11:35:31,014 [main] INFO  server.RaftServerConfigKeys (ConfUtils.java:logGet(43)) - raft.server.rpc.request.timeout = 3000ms (default)
2019-10-16 11:35:31,014 [main] INFO  server.RaftServerConfigKeys (ConfUtils.java:logGet(43)) - raft.server.storage.dir = [/workdir/hadoop-ozone/integration-test/target/test-dir/MiniOzoneClusterImpl-d10f3a9c-4fd6-4949-a3ff-490e135742c9/datanode-5/data/ratis] (custom)
2019-10-16 11:35:31,016 [main] INFO  hdfs.DFSUtil (DFSUtil.java:httpServerTemplateForNNAndJN(1641)) - Starting Web-server for hddsDatanode at: http://0.0.0.0:0
2019-10-16 11:35:31,017 [main] INFO  server.AuthenticationFilter (AuthenticationFilter.java:constructSecretProvider(240)) - Unable to initialize FileSignerSecretProvider, falling back to use random secrets.
2019-10-16 11:35:31,018 [main] WARN  http.HttpRequestLog (HttpRequestLog.java:getRequestLog(97)) - Jetty request log can only be enabled using Log4j
2019-10-16 11:35:31,019 [main] INFO  http.HttpServer2 (HttpServer2.java:addGlobalFilter(975)) - Added global filter 'safety' (class=org.apache.hadoop.http.HttpServer2$QuotingInputFilter)
2019-10-16 11:35:31,019 [main] INFO  http.HttpServer2 (HttpServer2.java:addFilter(948)) - Added filter static_user_filter (class=org.apache.hadoop.http.lib.StaticUserWebFilter$StaticUserFilter) to context hddsDatanode
2019-10-16 11:35:31,020 [main] INFO  http.HttpServer2 (HttpServer2.java:addFilter(958)) - Added filter static_user_filter (class=org.apache.hadoop.http.lib.StaticUserWebFilter$StaticUserFilter) to context logs
2019-10-16 11:35:31,020 [main] INFO  http.HttpServer2 (HttpServer2.java:addFilter(958)) - Added filter static_user_filter (class=org.apache.hadoop.http.lib.StaticUserWebFilter$StaticUserFilter) to context static
2019-10-16 11:35:31,020 [main] INFO  http.HttpServer2 (HttpServer2.java:bindListener(1191)) - Jetty bound to port 40205
2019-10-16 11:35:31,021 [main] INFO  server.Server (Server.java:doStart(351)) - jetty-9.3.25.v20180904, build timestamp: 2018-09-04T21:11:46Z, git hash: 3ce520221d0240229c862b122d2b06c12a625732
2019-10-16 11:35:31,022 [main] INFO  handler.ContextHandler (ContextHandler.java:doStart(781)) - Started o.e.j.s.ServletContextHandler@72f9f27c{/logs,file:///workdir/hadoop-ozone/integration-test/target/log,AVAILABLE}
2019-10-16 11:35:31,023 [main] INFO  handler.ContextHandler (ContextHandler.java:doStart(781)) - Started o.e.j.s.ServletContextHandler@762637be{/static,jar:file:/home/user/.m2/repository/org/apache/hadoop/hadoop-hdds-container-service/0.5.0-SNAPSHOT/hadoop-hdds-container-service-0.5.0-SNAPSHOT.jar!/webapps/static,AVAILABLE}
2019-10-16 11:35:31,053 [main] INFO  handler.ContextHandler (ContextHandler.java:doStart(781)) - Started o.e.j.w.WebAppContext@7fb29ca9{/,file:///tmp/jetty-0.0.0.0-40205-hddsDatanode-_-any-5157183082459392082.dir/webapp/,AVAILABLE}{/hddsDatanode}
2019-10-16 11:35:31,054 [main] INFO  server.AbstractConnector (AbstractConnector.java:doStart(278)) - Started ServerConnector@1e253c9d{HTTP/1.1,[http/1.1]}{0.0.0.0:40205}
2019-10-16 11:35:31,056 [main] INFO  server.Server (Server.java:doStart(419)) - Started @5861ms
2019-10-16 11:35:31,056 [main] WARN  impl.MetricsSystemImpl (MetricsSystemImpl.java:register(276)) - Sink prometheus already exists!
2019-10-16 11:35:31,057 [main] INFO  server.BaseHttpServer (BaseHttpServer.java:updateConnectorAddress(215)) - HTTP server of HDDSDATANODE is listening at http://0.0.0.0:40205
2019-10-16 11:35:31,058 [main] INFO  impl.MetricsSystemImpl (MetricsSystemImpl.java:init(158)) - HddsDatanode metrics system started (again)
2019-10-16 11:35:31,060 [org.apache.hadoop.util.JvmPauseMonitor$Monitor@4e06ba0a] INFO  util.JvmPauseMonitor (JvmPauseMonitor.java:run(188)) - Starting JVM pause monitor
2019-10-16 11:35:31,063 [main] INFO  ozone.HddsDatanodeService (HddsDatanodeService.java:start(184)) - HddsDatanodeService host:pr-hdds-2313-gfcg9-2318083974 ip:192.168.157.203
2019-10-16 11:35:31,066 [Datanode State Machine Thread - 0] INFO  datanode.InitDatanodeState (InitDatanodeState.java:persistContainerDatanodeDetails(140)) - DatanodeDetails is persisted to /workdir/hadoop-ozone/integration-test/target/test-dir/MiniOzoneClusterImpl-d10f3a9c-4fd6-4949-a3ff-490e135742c9/datanode-5/meta/datanode.id
2019-10-16 11:35:31,070 [main] INFO  volume.HddsVolume (HddsVolume.java:<init>(176)) - Creating Volume: /workdir/hadoop-ozone/integration-test/target/test-dir/MiniOzoneClusterImpl-d10f3a9c-4fd6-4949-a3ff-490e135742c9/datanode-6/data/containers/hdds of  storage type : DISK and capacity : 1482555576320
2019-10-16 11:35:31,071 [main] INFO  volume.VolumeSet (VolumeSet.java:initializeVolumeSet(170)) - Added Volume : /workdir/hadoop-ozone/integration-test/target/test-dir/MiniOzoneClusterImpl-d10f3a9c-4fd6-4949-a3ff-490e135742c9/datanode-6/data/containers/hdds to VolumeSet
2019-10-16 11:35:31,071 [main] INFO  volume.ThrottledAsyncChecker (ThrottledAsyncChecker.java:schedule(141)) - Scheduling a check for /workdir/hadoop-ozone/integration-test/target/test-dir/MiniOzoneClusterImpl-d10f3a9c-4fd6-4949-a3ff-490e135742c9/datanode-6/data/containers/hdds
2019-10-16 11:35:31,072 [main] INFO  volume.HddsVolumeChecker (HddsVolumeChecker.java:checkAllVolumes(204)) - Scheduled health check for volume /workdir/hadoop-ozone/integration-test/target/test-dir/MiniOzoneClusterImpl-d10f3a9c-4fd6-4949-a3ff-490e135742c9/datanode-6/data/containers/hdds
2019-10-16 11:35:31,084 [main] INFO  impl.RaftServerProxy (ConfUtils.java:logGet(43)) - raft.rpc.type = GRPC (default)
2019-10-16 11:35:31,084 [main] INFO  grpc.GrpcFactory (GrpcFactory.java:checkPooledByteBufAllocatorUseCacheForAllThreads(45)) - PERFORMANCE WARNING: useCacheForAllThreads is true that may cause Netty to create a lot garbage objects and, as a result, trigger GC.
	It is recommended to disable useCacheForAllThreads by setting -Dorg.apache.ratis.thirdparty.io.netty.allocator.useCacheForAllThreads=false in command line.
2019-10-16 11:35:31,084 [main] INFO  grpc.GrpcConfigKeys$Server (ConfUtils.java:logGet(43)) - raft.grpc.server.port = 0 (default)
2019-10-16 11:35:31,085 [main] INFO  server.GrpcService (ConfUtils.java:logGet(43)) - raft.grpc.message.size.max = 33570816 (custom)
2019-10-16 11:35:31,085 [main] INFO  server.RaftServerConfigKeys (ConfUtils.java:logGet(43)) - raft.server.log.appender.buffer.byte-limit = 33554432 (custom)
2019-10-16 11:35:31,085 [main] INFO  server.GrpcService (ConfUtils.java:logGet(43)) - raft.grpc.flow.control.window = 1MB (=1048576) (default)
2019-10-16 11:35:31,085 [main] INFO  server.RaftServerConfigKeys (ConfUtils.java:logGet(43)) - raft.server.rpc.request.timeout = 3000ms (default)
2019-10-16 11:35:31,086 [main] INFO  server.RaftServerConfigKeys (ConfUtils.java:logGet(43)) - raft.server.storage.dir = [/workdir/hadoop-ozone/integration-test/target/test-dir/MiniOzoneClusterImpl-d10f3a9c-4fd6-4949-a3ff-490e135742c9/datanode-6/data/ratis] (custom)
2019-10-16 11:35:31,088 [main] INFO  hdfs.DFSUtil (DFSUtil.java:httpServerTemplateForNNAndJN(1641)) - Starting Web-server for hddsDatanode at: http://0.0.0.0:0
2019-10-16 11:35:31,089 [main] INFO  server.AuthenticationFilter (AuthenticationFilter.java:constructSecretProvider(240)) - Unable to initialize FileSignerSecretProvider, falling back to use random secrets.
2019-10-16 11:35:31,089 [main] WARN  http.HttpRequestLog (HttpRequestLog.java:getRequestLog(97)) - Jetty request log can only be enabled using Log4j
2019-10-16 11:35:31,091 [main] INFO  http.HttpServer2 (HttpServer2.java:addGlobalFilter(975)) - Added global filter 'safety' (class=org.apache.hadoop.http.HttpServer2$QuotingInputFilter)
2019-10-16 11:35:31,091 [main] INFO  http.HttpServer2 (HttpServer2.java:addFilter(948)) - Added filter static_user_filter (class=org.apache.hadoop.http.lib.StaticUserWebFilter$StaticUserFilter) to context hddsDatanode
2019-10-16 11:35:31,091 [main] INFO  http.HttpServer2 (HttpServer2.java:addFilter(958)) - Added filter static_user_filter (class=org.apache.hadoop.http.lib.StaticUserWebFilter$StaticUserFilter) to context logs
2019-10-16 11:35:31,091 [main] INFO  http.HttpServer2 (HttpServer2.java:addFilter(958)) - Added filter static_user_filter (class=org.apache.hadoop.http.lib.StaticUserWebFilter$StaticUserFilter) to context static
2019-10-16 11:35:31,092 [main] INFO  http.HttpServer2 (HttpServer2.java:bindListener(1191)) - Jetty bound to port 42306
2019-10-16 11:35:31,092 [main] INFO  server.Server (Server.java:doStart(351)) - jetty-9.3.25.v20180904, build timestamp: 2018-09-04T21:11:46Z, git hash: 3ce520221d0240229c862b122d2b06c12a625732
2019-10-16 11:35:31,094 [main] INFO  handler.ContextHandler (ContextHandler.java:doStart(781)) - Started o.e.j.s.ServletContextHandler@4228bf58{/logs,file:///workdir/hadoop-ozone/integration-test/target/log,AVAILABLE}
2019-10-16 11:35:31,094 [main] INFO  handler.ContextHandler (ContextHandler.java:doStart(781)) - Started o.e.j.s.ServletContextHandler@20b9d5d5{/static,jar:file:/home/user/.m2/repository/org/apache/hadoop/hadoop-hdds-container-service/0.5.0-SNAPSHOT/hadoop-hdds-container-service-0.5.0-SNAPSHOT.jar!/webapps/static,AVAILABLE}
2019-10-16 11:35:31,122 [main] INFO  handler.ContextHandler (ContextHandler.java:doStart(781)) - Started o.e.j.w.WebAppContext@5ea4300e{/,file:///tmp/jetty-0.0.0.0-42306-hddsDatanode-_-any-1405889363500730784.dir/webapp/,AVAILABLE}{/hddsDatanode}
2019-10-16 11:35:31,123 [main] INFO  server.AbstractConnector (AbstractConnector.java:doStart(278)) - Started ServerConnector@5a1c3cb4{HTTP/1.1,[http/1.1]}{0.0.0.0:42306}
2019-10-16 11:35:31,123 [main] INFO  server.Server (Server.java:doStart(419)) - Started @5929ms
2019-10-16 11:35:31,124 [main] WARN  impl.MetricsSystemImpl (MetricsSystemImpl.java:register(276)) - Sink prometheus already exists!
2019-10-16 11:35:31,124 [main] INFO  server.BaseHttpServer (BaseHttpServer.java:updateConnectorAddress(215)) - HTTP server of HDDSDATANODE is listening at http://0.0.0.0:42306
2019-10-16 11:35:31,125 [main] INFO  impl.MetricsSystemImpl (MetricsSystemImpl.java:init(158)) - HddsDatanode metrics system started (again)
2019-10-16 11:35:31,128 [main] INFO  ozone.HddsDatanodeService (HddsDatanodeService.java:start(184)) - HddsDatanodeService host:pr-hdds-2313-gfcg9-2318083974 ip:192.168.157.203
2019-10-16 11:35:31,128 [org.apache.hadoop.util.JvmPauseMonitor$Monitor@5484b262] INFO  util.JvmPauseMonitor (JvmPauseMonitor.java:run(188)) - Starting JVM pause monitor
2019-10-16 11:35:31,132 [Datanode State Machine Thread - 0] INFO  datanode.InitDatanodeState (InitDatanodeState.java:persistContainerDatanodeDetails(140)) - DatanodeDetails is persisted to /workdir/hadoop-ozone/integration-test/target/test-dir/MiniOzoneClusterImpl-d10f3a9c-4fd6-4949-a3ff-490e135742c9/datanode-6/meta/datanode.id
2019-10-16 11:35:31,136 [main] INFO  volume.HddsVolume (HddsVolume.java:<init>(176)) - Creating Volume: /workdir/hadoop-ozone/integration-test/target/test-dir/MiniOzoneClusterImpl-d10f3a9c-4fd6-4949-a3ff-490e135742c9/datanode-7/data/containers/hdds of  storage type : DISK and capacity : 1482555576320
2019-10-16 11:35:31,136 [main] INFO  volume.VolumeSet (VolumeSet.java:initializeVolumeSet(170)) - Added Volume : /workdir/hadoop-ozone/integration-test/target/test-dir/MiniOzoneClusterImpl-d10f3a9c-4fd6-4949-a3ff-490e135742c9/datanode-7/data/containers/hdds to VolumeSet
2019-10-16 11:35:31,137 [main] INFO  volume.ThrottledAsyncChecker (ThrottledAsyncChecker.java:schedule(141)) - Scheduling a check for /workdir/hadoop-ozone/integration-test/target/test-dir/MiniOzoneClusterImpl-d10f3a9c-4fd6-4949-a3ff-490e135742c9/datanode-7/data/containers/hdds
2019-10-16 11:35:31,137 [main] INFO  volume.HddsVolumeChecker (HddsVolumeChecker.java:checkAllVolumes(204)) - Scheduled health check for volume /workdir/hadoop-ozone/integration-test/target/test-dir/MiniOzoneClusterImpl-d10f3a9c-4fd6-4949-a3ff-490e135742c9/datanode-7/data/containers/hdds
2019-10-16 11:35:31,152 [main] INFO  impl.RaftServerProxy (ConfUtils.java:logGet(43)) - raft.rpc.type = GRPC (default)
2019-10-16 11:35:31,152 [main] INFO  grpc.GrpcFactory (GrpcFactory.java:checkPooledByteBufAllocatorUseCacheForAllThreads(45)) - PERFORMANCE WARNING: useCacheForAllThreads is true that may cause Netty to create a lot garbage objects and, as a result, trigger GC.
	It is recommended to disable useCacheForAllThreads by setting -Dorg.apache.ratis.thirdparty.io.netty.allocator.useCacheForAllThreads=false in command line.
2019-10-16 11:35:31,152 [main] INFO  grpc.GrpcConfigKeys$Server (ConfUtils.java:logGet(43)) - raft.grpc.server.port = 0 (default)
2019-10-16 11:35:31,152 [main] INFO  server.GrpcService (ConfUtils.java:logGet(43)) - raft.grpc.message.size.max = 33570816 (custom)
2019-10-16 11:35:31,153 [main] INFO  server.RaftServerConfigKeys (ConfUtils.java:logGet(43)) - raft.server.log.appender.buffer.byte-limit = 33554432 (custom)
2019-10-16 11:35:31,153 [main] INFO  server.GrpcService (ConfUtils.java:logGet(43)) - raft.grpc.flow.control.window = 1MB (=1048576) (default)
2019-10-16 11:35:31,153 [main] INFO  server.RaftServerConfigKeys (ConfUtils.java:logGet(43)) - raft.server.rpc.request.timeout = 3000ms (default)
2019-10-16 11:35:31,154 [main] INFO  server.RaftServerConfigKeys (ConfUtils.java:logGet(43)) - raft.server.storage.dir = [/workdir/hadoop-ozone/integration-test/target/test-dir/MiniOzoneClusterImpl-d10f3a9c-4fd6-4949-a3ff-490e135742c9/datanode-7/data/ratis] (custom)
2019-10-16 11:35:31,155 [main] INFO  hdfs.DFSUtil (DFSUtil.java:httpServerTemplateForNNAndJN(1641)) - Starting Web-server for hddsDatanode at: http://0.0.0.0:0
2019-10-16 11:35:31,156 [main] INFO  server.AuthenticationFilter (AuthenticationFilter.java:constructSecretProvider(240)) - Unable to initialize FileSignerSecretProvider, falling back to use random secrets.
2019-10-16 11:35:31,157 [main] WARN  http.HttpRequestLog (HttpRequestLog.java:getRequestLog(97)) - Jetty request log can only be enabled using Log4j
2019-10-16 11:35:31,158 [main] INFO  http.HttpServer2 (HttpServer2.java:addGlobalFilter(975)) - Added global filter 'safety' (class=org.apache.hadoop.http.HttpServer2$QuotingInputFilter)
2019-10-16 11:35:31,159 [main] INFO  http.HttpServer2 (HttpServer2.java:addFilter(948)) - Added filter static_user_filter (class=org.apache.hadoop.http.lib.StaticUserWebFilter$StaticUserFilter) to context hddsDatanode
2019-10-16 11:35:31,159 [main] INFO  http.HttpServer2 (HttpServer2.java:addFilter(958)) - Added filter static_user_filter (class=org.apache.hadoop.http.lib.StaticUserWebFilter$StaticUserFilter) to context logs
2019-10-16 11:35:31,159 [main] INFO  http.HttpServer2 (HttpServer2.java:addFilter(958)) - Added filter static_user_filter (class=org.apache.hadoop.http.lib.StaticUserWebFilter$StaticUserFilter) to context static
2019-10-16 11:35:31,160 [main] INFO  http.HttpServer2 (HttpServer2.java:bindListener(1191)) - Jetty bound to port 34564
2019-10-16 11:35:31,160 [main] INFO  server.Server (Server.java:doStart(351)) - jetty-9.3.25.v20180904, build timestamp: 2018-09-04T21:11:46Z, git hash: 3ce520221d0240229c862b122d2b06c12a625732
2019-10-16 11:35:31,162 [main] INFO  handler.ContextHandler (ContextHandler.java:doStart(781)) - Started o.e.j.s.ServletContextHandler@12eedfee{/logs,file:///workdir/hadoop-ozone/integration-test/target/log,AVAILABLE}
2019-10-16 11:35:31,163 [main] INFO  handler.ContextHandler (ContextHandler.java:doStart(781)) - Started o.e.j.s.ServletContextHandler@1352434e{/static,jar:file:/home/user/.m2/repository/org/apache/hadoop/hadoop-hdds-container-service/0.5.0-SNAPSHOT/hadoop-hdds-container-service-0.5.0-SNAPSHOT.jar!/webapps/static,AVAILABLE}
2019-10-16 11:35:31,192 [main] INFO  handler.ContextHandler (ContextHandler.java:doStart(781)) - Started o.e.j.w.WebAppContext@10f7918f{/,file:///tmp/jetty-0.0.0.0-34564-hddsDatanode-_-any-1601129827121205631.dir/webapp/,AVAILABLE}{/hddsDatanode}
2019-10-16 11:35:31,192 [main] INFO  server.AbstractConnector (AbstractConnector.java:doStart(278)) - Started ServerConnector@64d4f7c7{HTTP/1.1,[http/1.1]}{0.0.0.0:34564}
2019-10-16 11:35:31,193 [main] INFO  server.Server (Server.java:doStart(419)) - Started @5999ms
2019-10-16 11:35:31,193 [main] WARN  impl.MetricsSystemImpl (MetricsSystemImpl.java:register(276)) - Sink prometheus already exists!
2019-10-16 11:35:31,194 [main] INFO  server.BaseHttpServer (BaseHttpServer.java:updateConnectorAddress(215)) - HTTP server of HDDSDATANODE is listening at http://0.0.0.0:34564
2019-10-16 11:35:31,194 [main] INFO  impl.MetricsSystemImpl (MetricsSystemImpl.java:init(158)) - HddsDatanode metrics system started (again)
2019-10-16 11:35:31,198 [org.apache.hadoop.util.JvmPauseMonitor$Monitor@643ff01a] INFO  util.JvmPauseMonitor (JvmPauseMonitor.java:run(188)) - Starting JVM pause monitor
2019-10-16 11:35:31,199 [main] INFO  ozone.HddsDatanodeService (HddsDatanodeService.java:start(184)) - HddsDatanodeService host:pr-hdds-2313-gfcg9-2318083974 ip:192.168.157.203
2019-10-16 11:35:31,202 [Datanode State Machine Thread - 0] INFO  datanode.InitDatanodeState (InitDatanodeState.java:persistContainerDatanodeDetails(140)) - DatanodeDetails is persisted to /workdir/hadoop-ozone/integration-test/target/test-dir/MiniOzoneClusterImpl-d10f3a9c-4fd6-4949-a3ff-490e135742c9/datanode-7/meta/datanode.id
2019-10-16 11:35:31,207 [main] INFO  volume.HddsVolume (HddsVolume.java:<init>(176)) - Creating Volume: /workdir/hadoop-ozone/integration-test/target/test-dir/MiniOzoneClusterImpl-d10f3a9c-4fd6-4949-a3ff-490e135742c9/datanode-8/data/containers/hdds of  storage type : DISK and capacity : 1482555576320
2019-10-16 11:35:31,208 [main] INFO  volume.VolumeSet (VolumeSet.java:initializeVolumeSet(170)) - Added Volume : /workdir/hadoop-ozone/integration-test/target/test-dir/MiniOzoneClusterImpl-d10f3a9c-4fd6-4949-a3ff-490e135742c9/datanode-8/data/containers/hdds to VolumeSet
2019-10-16 11:35:31,208 [main] INFO  volume.ThrottledAsyncChecker (ThrottledAsyncChecker.java:schedule(141)) - Scheduling a check for /workdir/hadoop-ozone/integration-test/target/test-dir/MiniOzoneClusterImpl-d10f3a9c-4fd6-4949-a3ff-490e135742c9/datanode-8/data/containers/hdds
2019-10-16 11:35:31,209 [main] INFO  volume.HddsVolumeChecker (HddsVolumeChecker.java:checkAllVolumes(204)) - Scheduled health check for volume /workdir/hadoop-ozone/integration-test/target/test-dir/MiniOzoneClusterImpl-d10f3a9c-4fd6-4949-a3ff-490e135742c9/datanode-8/data/containers/hdds
2019-10-16 11:35:31,226 [main] INFO  impl.RaftServerProxy (ConfUtils.java:logGet(43)) - raft.rpc.type = GRPC (default)
2019-10-16 11:35:31,226 [main] INFO  grpc.GrpcFactory (GrpcFactory.java:checkPooledByteBufAllocatorUseCacheForAllThreads(45)) - PERFORMANCE WARNING: useCacheForAllThreads is true that may cause Netty to create a lot garbage objects and, as a result, trigger GC.
	It is recommended to disable useCacheForAllThreads by setting -Dorg.apache.ratis.thirdparty.io.netty.allocator.useCacheForAllThreads=false in command line.
2019-10-16 11:35:31,226 [main] INFO  grpc.GrpcConfigKeys$Server (ConfUtils.java:logGet(43)) - raft.grpc.server.port = 0 (default)
2019-10-16 11:35:31,227 [main] INFO  server.GrpcService (ConfUtils.java:logGet(43)) - raft.grpc.message.size.max = 33570816 (custom)
2019-10-16 11:35:31,227 [main] INFO  server.RaftServerConfigKeys (ConfUtils.java:logGet(43)) - raft.server.log.appender.buffer.byte-limit = 33554432 (custom)
2019-10-16 11:35:31,227 [main] INFO  server.GrpcService (ConfUtils.java:logGet(43)) - raft.grpc.flow.control.window = 1MB (=1048576) (default)
2019-10-16 11:35:31,227 [main] INFO  server.RaftServerConfigKeys (ConfUtils.java:logGet(43)) - raft.server.rpc.request.timeout = 3000ms (default)
2019-10-16 11:35:31,228 [main] INFO  server.RaftServerConfigKeys (ConfUtils.java:logGet(43)) - raft.server.storage.dir = [/workdir/hadoop-ozone/integration-test/target/test-dir/MiniOzoneClusterImpl-d10f3a9c-4fd6-4949-a3ff-490e135742c9/datanode-8/data/ratis] (custom)
2019-10-16 11:35:31,229 [main] INFO  hdfs.DFSUtil (DFSUtil.java:httpServerTemplateForNNAndJN(1641)) - Starting Web-server for hddsDatanode at: http://0.0.0.0:0
2019-10-16 11:35:31,231 [main] INFO  server.AuthenticationFilter (AuthenticationFilter.java:constructSecretProvider(240)) - Unable to initialize FileSignerSecretProvider, falling back to use random secrets.
2019-10-16 11:35:31,231 [main] WARN  http.HttpRequestLog (HttpRequestLog.java:getRequestLog(97)) - Jetty request log can only be enabled using Log4j
2019-10-16 11:35:31,233 [main] INFO  http.HttpServer2 (HttpServer2.java:addGlobalFilter(975)) - Added global filter 'safety' (class=org.apache.hadoop.http.HttpServer2$QuotingInputFilter)
2019-10-16 11:35:31,234 [main] INFO  http.HttpServer2 (HttpServer2.java:addFilter(948)) - Added filter static_user_filter (class=org.apache.hadoop.http.lib.StaticUserWebFilter$StaticUserFilter) to context hddsDatanode
2019-10-16 11:35:31,234 [main] INFO  http.HttpServer2 (HttpServer2.java:addFilter(958)) - Added filter static_user_filter (class=org.apache.hadoop.http.lib.StaticUserWebFilter$StaticUserFilter) to context static
2019-10-16 11:35:31,234 [main] INFO  http.HttpServer2 (HttpServer2.java:addFilter(958)) - Added filter static_user_filter (class=org.apache.hadoop.http.lib.StaticUserWebFilter$StaticUserFilter) to context logs
2019-10-16 11:35:31,235 [main] INFO  http.HttpServer2 (HttpServer2.java:bindListener(1191)) - Jetty bound to port 34153
2019-10-16 11:35:31,235 [main] INFO  server.Server (Server.java:doStart(351)) - jetty-9.3.25.v20180904, build timestamp: 2018-09-04T21:11:46Z, git hash: 3ce520221d0240229c862b122d2b06c12a625732
2019-10-16 11:35:31,237 [main] INFO  handler.ContextHandler (ContextHandler.java:doStart(781)) - Started o.e.j.s.ServletContextHandler@66b59b7d{/logs,file:///workdir/hadoop-ozone/integration-test/target/log,AVAILABLE}
2019-10-16 11:35:31,237 [main] INFO  handler.ContextHandler (ContextHandler.java:doStart(781)) - Started o.e.j.s.ServletContextHandler@4437ac07{/static,jar:file:/home/user/.m2/repository/org/apache/hadoop/hadoop-hdds-container-service/0.5.0-SNAPSHOT/hadoop-hdds-container-service-0.5.0-SNAPSHOT.jar!/webapps/static,AVAILABLE}
2019-10-16 11:35:31,267 [main] INFO  handler.ContextHandler (ContextHandler.java:doStart(781)) - Started o.e.j.w.WebAppContext@648d0e6d{/,file:///tmp/jetty-0.0.0.0-34153-hddsDatanode-_-any-4766202882473431527.dir/webapp/,AVAILABLE}{/hddsDatanode}
2019-10-16 11:35:31,268 [main] INFO  server.AbstractConnector (AbstractConnector.java:doStart(278)) - Started ServerConnector@79e66b2f{HTTP/1.1,[http/1.1]}{0.0.0.0:34153}
2019-10-16 11:35:31,268 [main] INFO  server.Server (Server.java:doStart(419)) - Started @6074ms
2019-10-16 11:35:31,268 [main] WARN  impl.MetricsSystemImpl (MetricsSystemImpl.java:register(276)) - Sink prometheus already exists!
2019-10-16 11:35:31,269 [main] INFO  server.BaseHttpServer (BaseHttpServer.java:updateConnectorAddress(215)) - HTTP server of HDDSDATANODE is listening at http://0.0.0.0:34153
2019-10-16 11:35:31,270 [main] INFO  impl.MetricsSystemImpl (MetricsSystemImpl.java:init(158)) - HddsDatanode metrics system started (again)
2019-10-16 11:35:31,274 [org.apache.hadoop.util.JvmPauseMonitor$Monitor@3f3d24ff] INFO  util.JvmPauseMonitor (JvmPauseMonitor.java:run(188)) - Starting JVM pause monitor
2019-10-16 11:35:31,274 [main] INFO  ozone.HddsDatanodeService (HddsDatanodeService.java:start(184)) - HddsDatanodeService host:pr-hdds-2313-gfcg9-2318083974 ip:192.168.157.203
2019-10-16 11:35:31,276 [Datanode State Machine Thread - 0] INFO  datanode.InitDatanodeState (InitDatanodeState.java:persistContainerDatanodeDetails(140)) - DatanodeDetails is persisted to /workdir/hadoop-ozone/integration-test/target/test-dir/MiniOzoneClusterImpl-d10f3a9c-4fd6-4949-a3ff-490e135742c9/datanode-8/meta/datanode.id
2019-10-16 11:35:31,280 [main] INFO  volume.HddsVolume (HddsVolume.java:<init>(176)) - Creating Volume: /workdir/hadoop-ozone/integration-test/target/test-dir/MiniOzoneClusterImpl-d10f3a9c-4fd6-4949-a3ff-490e135742c9/datanode-9/data/containers/hdds of  storage type : DISK and capacity : 1482555576320
2019-10-16 11:35:31,281 [main] INFO  volume.VolumeSet (VolumeSet.java:initializeVolumeSet(170)) - Added Volume : /workdir/hadoop-ozone/integration-test/target/test-dir/MiniOzoneClusterImpl-d10f3a9c-4fd6-4949-a3ff-490e135742c9/datanode-9/data/containers/hdds to VolumeSet
2019-10-16 11:35:31,281 [main] INFO  volume.ThrottledAsyncChecker (ThrottledAsyncChecker.java:schedule(141)) - Scheduling a check for /workdir/hadoop-ozone/integration-test/target/test-dir/MiniOzoneClusterImpl-d10f3a9c-4fd6-4949-a3ff-490e135742c9/datanode-9/data/containers/hdds
2019-10-16 11:35:31,281 [main] INFO  volume.HddsVolumeChecker (HddsVolumeChecker.java:checkAllVolumes(204)) - Scheduled health check for volume /workdir/hadoop-ozone/integration-test/target/test-dir/MiniOzoneClusterImpl-d10f3a9c-4fd6-4949-a3ff-490e135742c9/datanode-9/data/containers/hdds
2019-10-16 11:35:31,297 [main] INFO  impl.RaftServerProxy (ConfUtils.java:logGet(43)) - raft.rpc.type = GRPC (default)
2019-10-16 11:35:31,297 [main] INFO  grpc.GrpcFactory (GrpcFactory.java:checkPooledByteBufAllocatorUseCacheForAllThreads(45)) - PERFORMANCE WARNING: useCacheForAllThreads is true that may cause Netty to create a lot garbage objects and, as a result, trigger GC.
	It is recommended to disable useCacheForAllThreads by setting -Dorg.apache.ratis.thirdparty.io.netty.allocator.useCacheForAllThreads=false in command line.
2019-10-16 11:35:31,297 [main] INFO  grpc.GrpcConfigKeys$Server (ConfUtils.java:logGet(43)) - raft.grpc.server.port = 0 (default)
2019-10-16 11:35:31,298 [main] INFO  server.GrpcService (ConfUtils.java:logGet(43)) - raft.grpc.message.size.max = 33570816 (custom)
2019-10-16 11:35:31,298 [main] INFO  server.RaftServerConfigKeys (ConfUtils.java:logGet(43)) - raft.server.log.appender.buffer.byte-limit = 33554432 (custom)
2019-10-16 11:35:31,298 [main] INFO  server.GrpcService (ConfUtils.java:logGet(43)) - raft.grpc.flow.control.window = 1MB (=1048576) (default)
2019-10-16 11:35:31,298 [main] INFO  server.RaftServerConfigKeys (ConfUtils.java:logGet(43)) - raft.server.rpc.request.timeout = 3000ms (default)
2019-10-16 11:35:31,299 [main] INFO  server.RaftServerConfigKeys (ConfUtils.java:logGet(43)) - raft.server.storage.dir = [/workdir/hadoop-ozone/integration-test/target/test-dir/MiniOzoneClusterImpl-d10f3a9c-4fd6-4949-a3ff-490e135742c9/datanode-9/data/ratis] (custom)
2019-10-16 11:35:31,301 [main] INFO  hdfs.DFSUtil (DFSUtil.java:httpServerTemplateForNNAndJN(1641)) - Starting Web-server for hddsDatanode at: http://0.0.0.0:0
2019-10-16 11:35:31,303 [main] INFO  server.AuthenticationFilter (AuthenticationFilter.java:constructSecretProvider(240)) - Unable to initialize FileSignerSecretProvider, falling back to use random secrets.
2019-10-16 11:35:31,304 [main] WARN  http.HttpRequestLog (HttpRequestLog.java:getRequestLog(97)) - Jetty request log can only be enabled using Log4j
2019-10-16 11:35:31,305 [main] INFO  http.HttpServer2 (HttpServer2.java:addGlobalFilter(975)) - Added global filter 'safety' (class=org.apache.hadoop.http.HttpServer2$QuotingInputFilter)
2019-10-16 11:35:31,306 [main] INFO  http.HttpServer2 (HttpServer2.java:addFilter(948)) - Added filter static_user_filter (class=org.apache.hadoop.http.lib.StaticUserWebFilter$StaticUserFilter) to context hddsDatanode
2019-10-16 11:35:31,306 [main] INFO  http.HttpServer2 (HttpServer2.java:addFilter(958)) - Added filter static_user_filter (class=org.apache.hadoop.http.lib.StaticUserWebFilter$StaticUserFilter) to context static
2019-10-16 11:35:31,306 [main] INFO  http.HttpServer2 (HttpServer2.java:addFilter(958)) - Added filter static_user_filter (class=org.apache.hadoop.http.lib.StaticUserWebFilter$StaticUserFilter) to context logs
2019-10-16 11:35:31,307 [main] INFO  http.HttpServer2 (HttpServer2.java:bindListener(1191)) - Jetty bound to port 37171
2019-10-16 11:35:31,308 [main] INFO  server.Server (Server.java:doStart(351)) - jetty-9.3.25.v20180904, build timestamp: 2018-09-04T21:11:46Z, git hash: 3ce520221d0240229c862b122d2b06c12a625732
2019-10-16 11:35:31,309 [main] INFO  handler.ContextHandler (ContextHandler.java:doStart(781)) - Started o.e.j.s.ServletContextHandler@6cbd0674{/logs,file:///workdir/hadoop-ozone/integration-test/target/log,AVAILABLE}
2019-10-16 11:35:31,310 [main] INFO  handler.ContextHandler (ContextHandler.java:doStart(781)) - Started o.e.j.s.ServletContextHandler@19a64eae{/static,jar:file:/home/user/.m2/repository/org/apache/hadoop/hadoop-hdds-container-service/0.5.0-SNAPSHOT/hadoop-hdds-container-service-0.5.0-SNAPSHOT.jar!/webapps/static,AVAILABLE}
2019-10-16 11:35:31,343 [main] INFO  handler.ContextHandler (ContextHandler.java:doStart(781)) - Started o.e.j.w.WebAppContext@10c72a6f{/,file:///tmp/jetty-0.0.0.0-37171-hddsDatanode-_-any-5904517573344900410.dir/webapp/,AVAILABLE}{/hddsDatanode}
2019-10-16 11:35:31,344 [main] INFO  server.AbstractConnector (AbstractConnector.java:doStart(278)) - Started ServerConnector@70e94ecb{HTTP/1.1,[http/1.1]}{0.0.0.0:37171}
2019-10-16 11:35:31,344 [main] INFO  server.Server (Server.java:doStart(419)) - Started @6150ms
2019-10-16 11:35:31,344 [main] WARN  impl.MetricsSystemImpl (MetricsSystemImpl.java:register(276)) - Sink prometheus already exists!
2019-10-16 11:35:31,345 [main] INFO  server.BaseHttpServer (BaseHttpServer.java:updateConnectorAddress(215)) - HTTP server of HDDSDATANODE is listening at http://0.0.0.0:37171
2019-10-16 11:35:31,349 [main] INFO  ozone.MiniOzoneClusterImpl (MiniOzoneClusterImpl.java:lambda$waitForClusterToBeReady$0(147)) - Waiting for cluster to be ready. Got 0 of 10 DN Heartbeats.
2019-10-16 11:35:31,350 [org.apache.hadoop.util.JvmPauseMonitor$Monitor@52e3d69d] INFO  util.JvmPauseMonitor (JvmPauseMonitor.java:run(188)) - Starting JVM pause monitor
2019-10-16 11:35:31,352 [Datanode State Machine Thread - 0] INFO  datanode.InitDatanodeState (InitDatanodeState.java:persistContainerDatanodeDetails(140)) - DatanodeDetails is persisted to /workdir/hadoop-ozone/integration-test/target/test-dir/MiniOzoneClusterImpl-d10f3a9c-4fd6-4949-a3ff-490e135742c9/datanode-9/meta/datanode.id
2019-10-16 11:35:32,351 [main] INFO  ozone.MiniOzoneClusterImpl (MiniOzoneClusterImpl.java:lambda$waitForClusterToBeReady$0(147)) - Waiting for cluster to be ready. Got 0 of 10 DN Heartbeats.
2019-10-16 11:35:32,802 [Datanode State Machine Thread - 0] INFO  ozoneimpl.OzoneContainer (OzoneContainer.java:start(213)) - Attempting to start container services.
2019-10-16 11:35:32,803 [Datanode State Machine Thread - 0] INFO  ozoneimpl.OzoneContainer (OzoneContainer.java:start(213)) - Attempting to start container services.
2019-10-16 11:35:32,808 [Datanode State Machine Thread - 0] INFO  ozoneimpl.OzoneContainer (OzoneContainer.java:startContainerScrub(177)) - Background container scanner has been disabled.
2019-10-16 11:35:32,808 [Datanode State Machine Thread - 0] INFO  ozoneimpl.OzoneContainer (OzoneContainer.java:startContainerScrub(177)) - Background container scanner has been disabled.
2019-10-16 11:35:32,808 [Datanode State Machine Thread - 0] INFO  ratis.XceiverServerRatis (XceiverServerRatis.java:start(418)) - Starting XceiverServerRatis 411bb2a3-40ef-4fc0-81ca-4490e6d37035 at port 0
2019-10-16 11:35:32,808 [Datanode State Machine Thread - 0] INFO  ratis.XceiverServerRatis (XceiverServerRatis.java:start(418)) - Starting XceiverServerRatis 5c445d34-c031-481c-9d4b-8fbace1f61b8 at port 0
2019-10-16 11:35:32,833 [Datanode State Machine Thread - 0] INFO  impl.RaftServerProxy (RaftServerProxy.java:lambda$start$3(299)) - 5c445d34-c031-481c-9d4b-8fbace1f61b8: start RPC server
2019-10-16 11:35:32,833 [Datanode State Machine Thread - 0] INFO  impl.RaftServerProxy (RaftServerProxy.java:lambda$start$3(299)) - 411bb2a3-40ef-4fc0-81ca-4490e6d37035: start RPC server
2019-10-16 11:35:32,891 [Datanode State Machine Thread - 0] INFO  ozoneimpl.OzoneContainer (OzoneContainer.java:start(213)) - Attempting to start container services.
2019-10-16 11:35:32,892 [Datanode State Machine Thread - 0] INFO  ozoneimpl.OzoneContainer (OzoneContainer.java:startContainerScrub(177)) - Background container scanner has been disabled.
2019-10-16 11:35:32,892 [Datanode State Machine Thread - 0] INFO  ratis.XceiverServerRatis (XceiverServerRatis.java:start(418)) - Starting XceiverServerRatis 1ee6da7b-5867-4bad-ba0d-a2cfd13fd72a at port 0
2019-10-16 11:35:32,900 [Datanode State Machine Thread - 0] INFO  impl.RaftServerProxy (RaftServerProxy.java:lambda$start$3(299)) - 1ee6da7b-5867-4bad-ba0d-a2cfd13fd72a: start RPC server
2019-10-16 11:35:32,939 [Datanode State Machine Thread - 0] INFO  ozoneimpl.OzoneContainer (OzoneContainer.java:start(213)) - Attempting to start container services.
2019-10-16 11:35:32,940 [Datanode State Machine Thread - 0] INFO  ozoneimpl.OzoneContainer (OzoneContainer.java:startContainerScrub(177)) - Background container scanner has been disabled.
2019-10-16 11:35:32,940 [Datanode State Machine Thread - 0] INFO  ratis.XceiverServerRatis (XceiverServerRatis.java:start(418)) - Starting XceiverServerRatis 4281bf39-36db-462c-8bc9-3c86cb645344 at port 0
2019-10-16 11:35:32,954 [Datanode State Machine Thread - 0] INFO  impl.RaftServerProxy (RaftServerProxy.java:lambda$start$3(299)) - 4281bf39-36db-462c-8bc9-3c86cb645344: start RPC server
2019-10-16 11:35:32,969 [Datanode State Machine Thread - 0] INFO  server.GrpcService (GrpcService.java:startImpl(158)) - 5c445d34-c031-481c-9d4b-8fbace1f61b8: GrpcService started, listening on 0.0.0.0/0.0.0.0:37070
2019-10-16 11:35:32,970 [Datanode State Machine Thread - 0] INFO  server.GrpcService (GrpcService.java:startImpl(158)) - 411bb2a3-40ef-4fc0-81ca-4490e6d37035: GrpcService started, listening on 0.0.0.0/0.0.0.0:44746
2019-10-16 11:35:32,969 [Datanode State Machine Thread - 0] INFO  server.GrpcService (GrpcService.java:startImpl(158)) - 1ee6da7b-5867-4bad-ba0d-a2cfd13fd72a: GrpcService started, listening on 0.0.0.0/0.0.0.0:35892
2019-10-16 11:35:32,969 [Datanode State Machine Thread - 0] INFO  server.GrpcService (GrpcService.java:startImpl(158)) - 4281bf39-36db-462c-8bc9-3c86cb645344: GrpcService started, listening on 0.0.0.0/0.0.0.0:42381
2019-10-16 11:35:32,970 [Datanode State Machine Thread - 0] INFO  ratis.XceiverServerRatis (XceiverServerRatis.java:start(428)) - XceiverServerRatis 1ee6da7b-5867-4bad-ba0d-a2cfd13fd72a is started using port 35892
2019-10-16 11:35:32,970 [Datanode State Machine Thread - 0] INFO  ratis.XceiverServerRatis (XceiverServerRatis.java:start(428)) - XceiverServerRatis 411bb2a3-40ef-4fc0-81ca-4490e6d37035 is started using port 44746
2019-10-16 11:35:32,970 [Datanode State Machine Thread - 0] INFO  ratis.XceiverServerRatis (XceiverServerRatis.java:start(428)) - XceiverServerRatis 5c445d34-c031-481c-9d4b-8fbace1f61b8 is started using port 37070
2019-10-16 11:35:32,970 [Datanode State Machine Thread - 0] INFO  ratis.XceiverServerRatis (XceiverServerRatis.java:start(428)) - XceiverServerRatis 4281bf39-36db-462c-8bc9-3c86cb645344 is started using port 42381
2019-10-16 11:35:32,977 [Datanode State Machine Thread - 0] INFO  server.XceiverServerGrpc (XceiverServerGrpc.java:start(149)) - XceiverServerGrpc 1ee6da7b-5867-4bad-ba0d-a2cfd13fd72a is started using port 44356
2019-10-16 11:35:32,977 [Datanode State Machine Thread - 0] INFO  server.XceiverServerGrpc (XceiverServerGrpc.java:start(149)) - XceiverServerGrpc 5c445d34-c031-481c-9d4b-8fbace1f61b8 is started using port 44576
2019-10-16 11:35:32,978 [Datanode State Machine Thread - 0] INFO  server.XceiverServerGrpc (XceiverServerGrpc.java:start(149)) - XceiverServerGrpc 4281bf39-36db-462c-8bc9-3c86cb645344 is started using port 36700
2019-10-16 11:35:32,977 [Datanode State Machine Thread - 0] INFO  server.XceiverServerGrpc (XceiverServerGrpc.java:start(149)) - XceiverServerGrpc 411bb2a3-40ef-4fc0-81ca-4490e6d37035 is started using port 40168
2019-10-16 11:35:32,999 [Datanode State Machine Thread - 0] INFO  ozoneimpl.OzoneContainer (OzoneContainer.java:start(213)) - Attempting to start container services.
2019-10-16 11:35:32,999 [Datanode State Machine Thread - 0] INFO  ozoneimpl.OzoneContainer (OzoneContainer.java:startContainerScrub(177)) - Background container scanner has been disabled.
2019-10-16 11:35:33,000 [Datanode State Machine Thread - 0] INFO  ratis.XceiverServerRatis (XceiverServerRatis.java:start(418)) - Starting XceiverServerRatis 163587bb-2c3b-4498-b576-18147cf38274 at port 0
2019-10-16 11:35:33,005 [Datanode State Machine Thread - 0] INFO  impl.RaftServerProxy (RaftServerProxy.java:lambda$start$3(299)) - 163587bb-2c3b-4498-b576-18147cf38274: start RPC server
2019-10-16 11:35:33,007 [Datanode State Machine Thread - 0] INFO  server.GrpcService (GrpcService.java:startImpl(158)) - 163587bb-2c3b-4498-b576-18147cf38274: GrpcService started, listening on 0.0.0.0/0.0.0.0:33208
2019-10-16 11:35:33,007 [Datanode State Machine Thread - 0] INFO  ratis.XceiverServerRatis (XceiverServerRatis.java:start(428)) - XceiverServerRatis 163587bb-2c3b-4498-b576-18147cf38274 is started using port 33208
2019-10-16 11:35:33,009 [Datanode State Machine Thread - 0] INFO  server.XceiverServerGrpc (XceiverServerGrpc.java:start(149)) - XceiverServerGrpc 163587bb-2c3b-4498-b576-18147cf38274 is started using port 44737
2019-10-16 11:35:33,082 [Datanode State Machine Thread - 0] INFO  ozoneimpl.OzoneContainer (OzoneContainer.java:start(213)) - Attempting to start container services.
2019-10-16 11:35:33,082 [Datanode State Machine Thread - 0] INFO  ozoneimpl.OzoneContainer (OzoneContainer.java:startContainerScrub(177)) - Background container scanner has been disabled.
2019-10-16 11:35:33,083 [Datanode State Machine Thread - 0] INFO  ratis.XceiverServerRatis (XceiverServerRatis.java:start(418)) - Starting XceiverServerRatis f94c755f-9f95-40b5-85b9-5e712f3f34e7 at port 0
2019-10-16 11:35:33,089 [Datanode State Machine Thread - 0] INFO  impl.RaftServerProxy (RaftServerProxy.java:lambda$start$3(299)) - f94c755f-9f95-40b5-85b9-5e712f3f34e7: start RPC server
2019-10-16 11:35:33,092 [Datanode State Machine Thread - 0] INFO  server.GrpcService (GrpcService.java:startImpl(158)) - f94c755f-9f95-40b5-85b9-5e712f3f34e7: GrpcService started, listening on 0.0.0.0/0.0.0.0:45275
2019-10-16 11:35:33,092 [Datanode State Machine Thread - 0] INFO  ratis.XceiverServerRatis (XceiverServerRatis.java:start(428)) - XceiverServerRatis f94c755f-9f95-40b5-85b9-5e712f3f34e7 is started using port 45275
2019-10-16 11:35:33,094 [Datanode State Machine Thread - 0] INFO  server.XceiverServerGrpc (XceiverServerGrpc.java:start(149)) - XceiverServerGrpc f94c755f-9f95-40b5-85b9-5e712f3f34e7 is started using port 32896
2019-10-16 11:35:33,137 [Datanode State Machine Thread - 0] INFO  ozoneimpl.OzoneContainer (OzoneContainer.java:start(213)) - Attempting to start container services.
2019-10-16 11:35:33,137 [Datanode State Machine Thread - 0] INFO  ozoneimpl.OzoneContainer (OzoneContainer.java:startContainerScrub(177)) - Background container scanner has been disabled.
2019-10-16 11:35:33,137 [Datanode State Machine Thread - 0] INFO  ratis.XceiverServerRatis (XceiverServerRatis.java:start(418)) - Starting XceiverServerRatis 857fec05-692a-4d09-bf1c-7d167682feae at port 0
2019-10-16 11:35:33,143 [Datanode State Machine Thread - 0] INFO  impl.RaftServerProxy (RaftServerProxy.java:lambda$start$3(299)) - 857fec05-692a-4d09-bf1c-7d167682feae: start RPC server
2019-10-16 11:35:33,146 [Datanode State Machine Thread - 0] INFO  server.GrpcService (GrpcService.java:startImpl(158)) - 857fec05-692a-4d09-bf1c-7d167682feae: GrpcService started, listening on 0.0.0.0/0.0.0.0:37664
2019-10-16 11:35:33,147 [Datanode State Machine Thread - 0] INFO  ratis.XceiverServerRatis (XceiverServerRatis.java:start(428)) - XceiverServerRatis 857fec05-692a-4d09-bf1c-7d167682feae is started using port 37664
2019-10-16 11:35:33,149 [Datanode State Machine Thread - 0] INFO  server.XceiverServerGrpc (XceiverServerGrpc.java:start(149)) - XceiverServerGrpc 857fec05-692a-4d09-bf1c-7d167682feae is started using port 36776
2019-10-16 11:35:33,219 [Datanode State Machine Thread - 0] INFO  ozoneimpl.OzoneContainer (OzoneContainer.java:start(213)) - Attempting to start container services.
2019-10-16 11:35:33,219 [Datanode State Machine Thread - 0] INFO  ozoneimpl.OzoneContainer (OzoneContainer.java:startContainerScrub(177)) - Background container scanner has been disabled.
2019-10-16 11:35:33,220 [Datanode State Machine Thread - 0] INFO  ratis.XceiverServerRatis (XceiverServerRatis.java:start(418)) - Starting XceiverServerRatis a3132885-145f-4a8c-85f4-c10eb874732d at port 0
2019-10-16 11:35:33,227 [Datanode State Machine Thread - 0] INFO  impl.RaftServerProxy (RaftServerProxy.java:lambda$start$3(299)) - a3132885-145f-4a8c-85f4-c10eb874732d: start RPC server
2019-10-16 11:35:33,230 [Datanode State Machine Thread - 0] INFO  server.GrpcService (GrpcService.java:startImpl(158)) - a3132885-145f-4a8c-85f4-c10eb874732d: GrpcService started, listening on 0.0.0.0/0.0.0.0:46766
2019-10-16 11:35:33,231 [Datanode State Machine Thread - 0] INFO  ratis.XceiverServerRatis (XceiverServerRatis.java:start(428)) - XceiverServerRatis a3132885-145f-4a8c-85f4-c10eb874732d is started using port 46766
2019-10-16 11:35:33,234 [Datanode State Machine Thread - 0] INFO  server.XceiverServerGrpc (XceiverServerGrpc.java:start(149)) - XceiverServerGrpc a3132885-145f-4a8c-85f4-c10eb874732d is started using port 43141
2019-10-16 11:35:33,306 [Datanode State Machine Thread - 0] INFO  ozoneimpl.OzoneContainer (OzoneContainer.java:start(213)) - Attempting to start container services.
2019-10-16 11:35:33,306 [Datanode State Machine Thread - 0] INFO  ozoneimpl.OzoneContainer (OzoneContainer.java:startContainerScrub(177)) - Background container scanner has been disabled.
2019-10-16 11:35:33,306 [Datanode State Machine Thread - 0] INFO  ratis.XceiverServerRatis (XceiverServerRatis.java:start(418)) - Starting XceiverServerRatis 04ed5b73-6589-4c7b-a1f1-e2826e0622f6 at port 0
2019-10-16 11:35:33,312 [Datanode State Machine Thread - 0] INFO  impl.RaftServerProxy (RaftServerProxy.java:lambda$start$3(299)) - 04ed5b73-6589-4c7b-a1f1-e2826e0622f6: start RPC server
2019-10-16 11:35:33,316 [Datanode State Machine Thread - 0] INFO  server.GrpcService (GrpcService.java:startImpl(158)) - 04ed5b73-6589-4c7b-a1f1-e2826e0622f6: GrpcService started, listening on 0.0.0.0/0.0.0.0:41561
2019-10-16 11:35:33,316 [Datanode State Machine Thread - 0] INFO  ratis.XceiverServerRatis (XceiverServerRatis.java:start(428)) - XceiverServerRatis 04ed5b73-6589-4c7b-a1f1-e2826e0622f6 is started using port 41561
2019-10-16 11:35:33,319 [Datanode State Machine Thread - 0] INFO  server.XceiverServerGrpc (XceiverServerGrpc.java:start(149)) - XceiverServerGrpc 04ed5b73-6589-4c7b-a1f1-e2826e0622f6 is started using port 32999
2019-10-16 11:35:33,351 [main] INFO  ozone.MiniOzoneClusterImpl (MiniOzoneClusterImpl.java:lambda$waitForClusterToBeReady$0(147)) - Waiting for cluster to be ready. Got 0 of 10 DN Heartbeats.
2019-10-16 11:35:33,366 [Datanode State Machine Thread - 0] INFO  ozoneimpl.OzoneContainer (OzoneContainer.java:start(213)) - Attempting to start container services.
2019-10-16 11:35:33,366 [Datanode State Machine Thread - 0] INFO  ozoneimpl.OzoneContainer (OzoneContainer.java:startContainerScrub(177)) - Background container scanner has been disabled.
2019-10-16 11:35:33,366 [Datanode State Machine Thread - 0] INFO  ratis.XceiverServerRatis (XceiverServerRatis.java:start(418)) - Starting XceiverServerRatis 70b633f6-b230-4b9f-87f3-510da88f1e08 at port 0
2019-10-16 11:35:33,373 [Datanode State Machine Thread - 0] INFO  impl.RaftServerProxy (RaftServerProxy.java:lambda$start$3(299)) - 70b633f6-b230-4b9f-87f3-510da88f1e08: start RPC server
2019-10-16 11:35:33,376 [Datanode State Machine Thread - 0] INFO  server.GrpcService (GrpcService.java:startImpl(158)) - 70b633f6-b230-4b9f-87f3-510da88f1e08: GrpcService started, listening on 0.0.0.0/0.0.0.0:43163
2019-10-16 11:35:33,376 [Datanode State Machine Thread - 0] INFO  ratis.XceiverServerRatis (XceiverServerRatis.java:start(428)) - XceiverServerRatis 70b633f6-b230-4b9f-87f3-510da88f1e08 is started using port 43163
2019-10-16 11:35:33,394 [Datanode State Machine Thread - 0] INFO  server.XceiverServerGrpc (XceiverServerGrpc.java:start(149)) - XceiverServerGrpc 70b633f6-b230-4b9f-87f3-510da88f1e08 is started using port 45008
2019-10-16 11:35:34,352 [main] INFO  ozone.MiniOzoneClusterImpl (MiniOzoneClusterImpl.java:lambda$waitForClusterToBeReady$0(147)) - Waiting for cluster to be ready. Got 0 of 10 DN Heartbeats.
2019-10-16 11:35:34,764 [IPC Server handler 0 on 38947] INFO  net.NetworkTopology (NetworkTopologyImpl.java:add(111)) - Added a new node: /default-rack/411bb2a3-40ef-4fc0-81ca-4490e6d37035
2019-10-16 11:35:34,764 [IPC Server handler 0 on 38947] INFO  node.SCMNodeManager (SCMNodeManager.java:register(268)) - Registered Data node : 411bb2a3-40ef-4fc0-81ca-4490e6d37035{ip: 192.168.157.203, host: pr-hdds-2313-gfcg9-2318083974, networkLocation: /default-rack, certSerialId: null}
2019-10-16 11:35:34,767 [EventQueue-NodeRegistrationContainerReportForDataNodeSafeModeRule] INFO  safemode.SCMSafeModeManager (DataNodeSafeModeRule.java:process(71)) - SCM in safe mode. 1 DataNodes registered, 1 required.
2019-10-16 11:35:34,767 [EventQueue-NodeRegistrationContainerReportForDataNodeSafeModeRule] INFO  safemode.SCMSafeModeManager (SCMSafeModeManager.java:validateSafeModeExitRules(177)) - ScmSafeModeManager, all rules are successfully validated
2019-10-16 11:35:34,768 [EventQueue-NodeRegistrationContainerReportForDataNodeSafeModeRule] INFO  safemode.SCMSafeModeManager (SCMSafeModeManager.java:exitSafeMode(193)) - SCM exiting safe mode.
2019-10-16 11:35:34,799 [IPC Server handler 1 on 38947] INFO  net.NetworkTopology (NetworkTopologyImpl.java:add(111)) - Added a new node: /default-rack/5c445d34-c031-481c-9d4b-8fbace1f61b8
2019-10-16 11:35:34,799 [IPC Server handler 1 on 38947] INFO  node.SCMNodeManager (SCMNodeManager.java:register(268)) - Registered Data node : 5c445d34-c031-481c-9d4b-8fbace1f61b8{ip: 192.168.157.203, host: pr-hdds-2313-gfcg9-2318083974, networkLocation: /default-rack, certSerialId: null}
2019-10-16 11:35:34,861 [IPC Server handler 2 on 38947] INFO  net.NetworkTopology (NetworkTopologyImpl.java:add(111)) - Added a new node: /default-rack/1ee6da7b-5867-4bad-ba0d-a2cfd13fd72a
2019-10-16 11:35:34,861 [IPC Server handler 2 on 38947] INFO  node.SCMNodeManager (SCMNodeManager.java:register(268)) - Registered Data node : 1ee6da7b-5867-4bad-ba0d-a2cfd13fd72a{ip: 192.168.157.203, host: pr-hdds-2313-gfcg9-2318083974, networkLocation: /default-rack, certSerialId: null}
2019-10-16 11:35:34,930 [IPC Server handler 5 on 38947] INFO  net.NetworkTopology (NetworkTopologyImpl.java:add(111)) - Added a new node: /default-rack/4281bf39-36db-462c-8bc9-3c86cb645344
2019-10-16 11:35:34,931 [IPC Server handler 5 on 38947] INFO  node.SCMNodeManager (SCMNodeManager.java:register(268)) - Registered Data node : 4281bf39-36db-462c-8bc9-3c86cb645344{ip: 192.168.157.203, host: pr-hdds-2313-gfcg9-2318083974, networkLocation: /default-rack, certSerialId: null}
2019-10-16 11:35:34,996 [IPC Server handler 4 on 38947] INFO  net.NetworkTopology (NetworkTopologyImpl.java:add(111)) - Added a new node: /default-rack/163587bb-2c3b-4498-b576-18147cf38274
2019-10-16 11:35:34,997 [IPC Server handler 4 on 38947] INFO  node.SCMNodeManager (SCMNodeManager.java:register(268)) - Registered Data node : 163587bb-2c3b-4498-b576-18147cf38274{ip: 192.168.157.203, host: pr-hdds-2313-gfcg9-2318083974, networkLocation: /default-rack, certSerialId: null}
2019-10-16 11:35:35,093 [IPC Server handler 7 on 38947] INFO  net.NetworkTopology (NetworkTopologyImpl.java:add(111)) - Added a new node: /default-rack/f94c755f-9f95-40b5-85b9-5e712f3f34e7
2019-10-16 11:35:35,094 [IPC Server handler 7 on 38947] INFO  node.SCMNodeManager (SCMNodeManager.java:register(268)) - Registered Data node : f94c755f-9f95-40b5-85b9-5e712f3f34e7{ip: 192.168.157.203, host: pr-hdds-2313-gfcg9-2318083974, networkLocation: /default-rack, certSerialId: null}
2019-10-16 11:35:35,131 [IPC Server handler 6 on 38947] INFO  net.NetworkTopology (NetworkTopologyImpl.java:add(111)) - Added a new node: /default-rack/857fec05-692a-4d09-bf1c-7d167682feae
2019-10-16 11:35:35,131 [IPC Server handler 6 on 38947] INFO  node.SCMNodeManager (SCMNodeManager.java:register(268)) - Registered Data node : 857fec05-692a-4d09-bf1c-7d167682feae{ip: 192.168.157.203, host: pr-hdds-2313-gfcg9-2318083974, networkLocation: /default-rack, certSerialId: null}
2019-10-16 11:35:35,203 [IPC Server handler 9 on 38947] INFO  net.NetworkTopology (NetworkTopologyImpl.java:add(111)) - Added a new node: /default-rack/a3132885-145f-4a8c-85f4-c10eb874732d
2019-10-16 11:35:35,205 [IPC Server handler 9 on 38947] INFO  node.SCMNodeManager (SCMNodeManager.java:register(268)) - Registered Data node : a3132885-145f-4a8c-85f4-c10eb874732d{ip: 192.168.157.203, host: pr-hdds-2313-gfcg9-2318083974, networkLocation: /default-rack, certSerialId: null}
2019-10-16 11:35:35,221 [grpc-default-executor-0] INFO  impl.RaftServerProxy (RaftServerProxy.java:addNew(89)) - 411bb2a3-40ef-4fc0-81ca-4490e6d37035: addNew group-1DC689591BBC:[411bb2a3-40ef-4fc0-81ca-4490e6d37035:192.168.157.203:44746] returns group-1DC689591BBC:java.util.concurrent.CompletableFuture@2baef344[Not completed]
2019-10-16 11:35:35,237 [pool-27-thread-1] INFO  impl.RaftServerImpl (RaftServerImpl.java:<init>(104)) - 411bb2a3-40ef-4fc0-81ca-4490e6d37035: new RaftServerImpl for group-1DC689591BBC:[411bb2a3-40ef-4fc0-81ca-4490e6d37035:192.168.157.203:44746] with ContainerStateMachine:uninitialized
2019-10-16 11:35:35,239 [pool-27-thread-1] INFO  server.RaftServerConfigKeys (ConfUtils.java:logGet(43)) - raft.server.rpc.timeout.min = 1s (custom)
2019-10-16 11:35:35,242 [pool-27-thread-1] INFO  server.RaftServerConfigKeys (ConfUtils.java:logGet(43)) - raft.server.rpc.timeout.max = 1200ms (custom)
2019-10-16 11:35:35,242 [pool-27-thread-1] INFO  server.RaftServerConfigKeys (ConfUtils.java:logGet(43)) - raft.server.rpcslowness.timeout = 120s (custom)
2019-10-16 11:35:35,242 [pool-27-thread-1] INFO  server.RaftServerConfigKeys (ConfUtils.java:logGet(43)) - raft.server.sleep.deviation.threshold = 300 (default)
2019-10-16 11:35:35,243 [pool-27-thread-1] INFO  server.RaftServerConfigKeys (ConfUtils.java:logGet(43)) - raft.server.log.appender.install.snapshot.enabled = false (custom)
2019-10-16 11:35:35,253 [pool-27-thread-1] INFO  impl.RaftServerImpl (ServerState.java:<init>(103)) - 411bb2a3-40ef-4fc0-81ca-4490e6d37035@group-1DC689591BBC: ConfigurationManager, init=-1: [411bb2a3-40ef-4fc0-81ca-4490e6d37035:192.168.157.203:44746], old=null, confs=<EMPTY_MAP>
2019-10-16 11:35:35,253 [pool-27-thread-1] INFO  server.RaftServerConfigKeys (ConfUtils.java:logGet(43)) - raft.server.storage.dir = [/workdir/hadoop-ozone/integration-test/target/test-dir/MiniOzoneClusterImpl-d10f3a9c-4fd6-4949-a3ff-490e135742c9/datanode-0/data/ratis] (custom)
2019-10-16 11:35:35,260 [pool-27-thread-1] INFO  server.RaftServerConfigKeys (ConfUtils.java:logGet(43)) - raft.server.log.corruption.policy = EXCEPTION (default)
2019-10-16 11:35:35,262 [pool-27-thread-1] INFO  storage.RaftStorageDirectory (RaftStorageDirectory.java:analyzeStorage(246)) - The storage directory /workdir/hadoop-ozone/integration-test/target/test-dir/MiniOzoneClusterImpl-d10f3a9c-4fd6-4949-a3ff-490e135742c9/datanode-0/data/ratis/a62a35bb-fcbf-4ec1-a993-1dc689591bbc does not exist. Creating ...
2019-10-16 11:35:35,277 [pool-27-thread-1] INFO  storage.RaftStorageDirectory (RaftStorageDirectory.java:tryLock(328)) - Lock on /workdir/hadoop-ozone/integration-test/target/test-dir/MiniOzoneClusterImpl-d10f3a9c-4fd6-4949-a3ff-490e135742c9/datanode-0/data/ratis/a62a35bb-fcbf-4ec1-a993-1dc689591bbc/in_use.lock acquired by nodename 26920@pr-hdds-2313-gfcg9-2318083974
2019-10-16 11:35:35,278 [IPC Server handler 8 on 38947] INFO  net.NetworkTopology (NetworkTopologyImpl.java:add(111)) - Added a new node: /default-rack/04ed5b73-6589-4c7b-a1f1-e2826e0622f6
2019-10-16 11:35:35,278 [IPC Server handler 8 on 38947] INFO  node.SCMNodeManager (SCMNodeManager.java:register(268)) - Registered Data node : 04ed5b73-6589-4c7b-a1f1-e2826e0622f6{ip: 192.168.157.203, host: pr-hdds-2313-gfcg9-2318083974, networkLocation: /default-rack, certSerialId: null}
2019-10-16 11:35:35,286 [pool-27-thread-1] INFO  storage.RaftStorage (RaftStorage.java:format(84)) - Storage directory /workdir/hadoop-ozone/integration-test/target/test-dir/MiniOzoneClusterImpl-d10f3a9c-4fd6-4949-a3ff-490e135742c9/datanode-0/data/ratis/a62a35bb-fcbf-4ec1-a993-1dc689591bbc has been successfully formatted.
2019-10-16 11:35:35,288 [pool-27-thread-1] INFO  ratis.ContainerStateMachine (ContainerStateMachine.java:loadSnapshot(231)) - group-1DC689591BBC: The snapshot info is null. Setting the last applied indexto:(t:0, i:~)
2019-10-16 11:35:35,288 [pool-27-thread-1] INFO  server.RaftServerConfigKeys (ConfUtils.java:logGet(43)) - raft.server.notification.no-leader.timeout = 120s (custom)
2019-10-16 11:35:35,289 [pool-27-thread-1] INFO  server.RaftServerConfigKeys (ConfUtils.java:logGet(43)) - raft.server.log.use.memory = false (default)
2019-10-16 11:35:35,294 [pool-27-thread-1] INFO  server.RaftServerConfigKeys (ConfUtils.java:logGet(43)) - raft.server.log.purge.gap = 1000000 (custom)
2019-10-16 11:35:35,294 [pool-27-thread-1] INFO  server.RaftServerConfigKeys (ConfUtils.java:logGet(43)) - raft.server.log.appender.buffer.byte-limit = 33554432 (custom)
2019-10-16 11:35:35,296 [pool-27-thread-1] INFO  server.RaftServerConfigKeys (ConfUtils.java:logGet(43)) - raft.server.log.segment.size.max = 1048576 (custom)
2019-10-16 11:35:35,297 [pool-27-thread-1] INFO  impl.MetricsSystemImpl (MetricsSystemImpl.java:init(158)) - ratis metrics system started (again)
2019-10-16 11:35:35,301 [pool-27-thread-1] INFO  metrics.MetricRegistries (MetricRegistriesLoader.java:load(64)) - Loaded MetricRegistries class org.apache.ratis.metrics.impl.MetricRegistriesImpl
2019-10-16 11:35:35,333 [pool-27-thread-1] INFO  server.RaftServerConfigKeys (ConfUtils.java:logGet(43)) - raft.server.log.segment.cache.num.max = 2 (custom)
2019-10-16 11:35:35,337 [pool-27-thread-1] INFO  segmented.SegmentedRaftLogWorker (SegmentedRaftLogWorker.java:<init>(173)) - new 411bb2a3-40ef-4fc0-81ca-4490e6d37035@group-1DC689591BBC-SegmentedRaftLogWorker for RaftStorage:Storage Directory /workdir/hadoop-ozone/integration-test/target/test-dir/MiniOzoneClusterImpl-d10f3a9c-4fd6-4949-a3ff-490e135742c9/datanode-0/data/ratis/a62a35bb-fcbf-4ec1-a993-1dc689591bbc
2019-10-16 11:35:35,338 [pool-27-thread-1] INFO  server.RaftServerConfigKeys (ConfUtils.java:logGet(43)) - raft.server.log.queue.byte-limit = 2147483647 (custom)
2019-10-16 11:35:35,338 [pool-27-thread-1] INFO  server.RaftServerConfigKeys (ConfUtils.java:logGet(43)) - raft.server.log.queue.element-limit = 1024 (custom)
2019-10-16 11:35:35,339 [pool-27-thread-1] INFO  server.RaftServerConfigKeys (ConfUtils.java:logGet(43)) - raft.server.log.segment.size.max = 1048576 (custom)
2019-10-16 11:35:35,339 [pool-27-thread-1] INFO  server.RaftServerConfigKeys (ConfUtils.java:logGet(43)) - raft.server.log.preallocated.size = 16384 (custom)
2019-10-16 11:35:35,340 [pool-27-thread-1] INFO  server.RaftServerConfigKeys (ConfUtils.java:logGet(43)) - raft.server.log.write.buffer.size = 33554432 (custom)
2019-10-16 11:35:35,340 [pool-27-thread-1] INFO  server.RaftServerConfigKeys (ConfUtils.java:logGet(43)) - raft.server.log.force.sync.num = 128 (default)
2019-10-16 11:35:35,341 [pool-27-thread-1] INFO  server.RaftServerConfigKeys (ConfUtils.java:logGet(43)) - raft.server.log.statemachine.data.sync = true (default)
2019-10-16 11:35:35,341 [pool-27-thread-1] INFO  server.RaftServerConfigKeys (ConfUtils.java:logGet(43)) - raft.server.log.statemachine.data.sync.timeout = 10s (default)
2019-10-16 11:35:35,341 [pool-27-thread-1] INFO  server.RaftServerConfigKeys (ConfUtils.java:logGet(43)) - raft.server.log.statemachine.data.sync.timeout.retry = -1 (default)
2019-10-16 11:35:35,358 [main] INFO  ozone.MiniOzoneClusterImpl (MiniOzoneClusterImpl.java:lambda$waitForClusterToBeReady$0(147)) - Waiting for cluster to be ready. Got 9 of 10 DN Heartbeats.
2019-10-16 11:35:35,364 [pool-27-thread-1] INFO  server.RaftServerConfigKeys (ConfUtils.java:logGet(43)) - raft.server.log.statemachine.data.caching.enabled = true (custom)
2019-10-16 11:35:35,364 [IPC Server handler 10 on 38947] INFO  net.NetworkTopology (NetworkTopologyImpl.java:add(111)) - Added a new node: /default-rack/70b633f6-b230-4b9f-87f3-510da88f1e08
2019-10-16 11:35:35,364 [IPC Server handler 10 on 38947] INFO  node.SCMNodeManager (SCMNodeManager.java:register(268)) - Registered Data node : 70b633f6-b230-4b9f-87f3-510da88f1e08{ip: 192.168.157.203, host: pr-hdds-2313-gfcg9-2318083974, networkLocation: /default-rack, certSerialId: null}
2019-10-16 11:35:35,368 [pool-27-thread-1] INFO  segmented.SegmentedRaftLogWorker (SegmentedRaftLogWorker.java:lambda$new$0(128)) - 411bb2a3-40ef-4fc0-81ca-4490e6d37035@group-1DC689591BBC-SegmentedRaftLogWorker: flushIndex: setUnconditionally 0 -> -1
2019-10-16 11:35:35,372 [pool-27-thread-1] INFO  server.RaftServerConfigKeys (ConfUtils.java:logGet(43)) - raft.server.snapshot.auto.trigger.enabled = true (custom)
2019-10-16 11:35:35,372 [pool-27-thread-1] INFO  server.RaftServerConfigKeys (ConfUtils.java:logGet(43)) - raft.server.snapshot.auto.trigger.threshold = 10000 (custom)
2019-10-16 11:35:35,373 [pool-27-thread-1] INFO  server.RaftServerConfigKeys (ConfUtils.java:logGet(43)) - raft.server.snapshot.retention.file.num = 5 (custom)
2019-10-16 11:35:35,373 [pool-27-thread-1] INFO  server.RaftServerConfigKeys (ConfUtils.java:logGet(43)) - raft.server.retrycache.expirytime = 600000ms (custom)
2019-10-16 11:35:35,399 [pool-27-thread-1] INFO  impl.RaftServerImpl (RaftServerImpl.java:start(195)) - 411bb2a3-40ef-4fc0-81ca-4490e6d37035@group-1DC689591BBC: start as a follower, conf=-1: [411bb2a3-40ef-4fc0-81ca-4490e6d37035:192.168.157.203:44746], old=null
2019-10-16 11:35:35,400 [pool-27-thread-1] INFO  impl.RaftServerImpl (RaftServerImpl.java:setRole(184)) - 411bb2a3-40ef-4fc0-81ca-4490e6d37035@group-1DC689591BBC: changes role from      null to FOLLOWER at term 0 for startAsFollower
2019-10-16 11:35:35,401 [pool-27-thread-1] INFO  impl.RoleInfo (RoleInfo.java:updateAndGet(143)) - 411bb2a3-40ef-4fc0-81ca-4490e6d37035: start FollowerState
2019-10-16 11:35:35,402 [pool-27-thread-1] INFO  util.JmxRegister (JmxRegister.java:tryRegister(44)) - Successfully registered JMX Bean with object name Ratis:service=RaftServer,group=group-1DC689591BBC,id=411bb2a3-40ef-4fc0-81ca-4490e6d37035
2019-10-16 11:35:35,463 [RatisPipelineUtilsThread] INFO  pipeline.PipelineStateManager (PipelineStateManager.java:addPipeline(56)) - Created pipeline Pipeline[ Id: a62a35bb-fcbf-4ec1-a993-1dc689591bbc, Nodes: 411bb2a3-40ef-4fc0-81ca-4490e6d37035{ip: 192.168.157.203, host: pr-hdds-2313-gfcg9-2318083974, networkLocation: /default-rack, certSerialId: null}, Type:RATIS, Factor:ONE, State:OPEN]
2019-10-16 11:35:35,485 [grpc-default-executor-0] INFO  impl.RaftServerProxy (RaftServerProxy.java:addNew(89)) - 1ee6da7b-5867-4bad-ba0d-a2cfd13fd72a: addNew group-2B03610871AD:[1ee6da7b-5867-4bad-ba0d-a2cfd13fd72a:192.168.157.203:35892] returns group-2B03610871AD:java.util.concurrent.CompletableFuture@58ac8e17[Not completed]
2019-10-16 11:35:35,530 [pool-47-thread-1] INFO  impl.RaftServerImpl (RaftServerImpl.java:<init>(104)) - 1ee6da7b-5867-4bad-ba0d-a2cfd13fd72a: new RaftServerImpl for group-2B03610871AD:[1ee6da7b-5867-4bad-ba0d-a2cfd13fd72a:192.168.157.203:35892] with ContainerStateMachine:uninitialized
2019-10-16 11:35:35,531 [pool-47-thread-1] INFO  server.RaftServerConfigKeys (ConfUtils.java:logGet(43)) - raft.server.rpc.timeout.min = 1s (custom)
2019-10-16 11:35:35,531 [pool-47-thread-1] INFO  server.RaftServerConfigKeys (ConfUtils.java:logGet(43)) - raft.server.rpc.timeout.max = 1200ms (custom)
2019-10-16 11:35:35,531 [pool-47-thread-1] INFO  server.RaftServerConfigKeys (ConfUtils.java:logGet(43)) - raft.server.rpcslowness.timeout = 120s (custom)
2019-10-16 11:35:35,531 [pool-47-thread-1] INFO  server.RaftServerConfigKeys (ConfUtils.java:logGet(43)) - raft.server.sleep.deviation.threshold = 300 (default)
2019-10-16 11:35:35,532 [pool-47-thread-1] INFO  server.RaftServerConfigKeys (ConfUtils.java:logGet(43)) - raft.server.log.appender.install.snapshot.enabled = false (custom)
2019-10-16 11:35:35,532 [pool-47-thread-1] INFO  impl.RaftServerImpl (ServerState.java:<init>(103)) - 1ee6da7b-5867-4bad-ba0d-a2cfd13fd72a@group-2B03610871AD: ConfigurationManager, init=-1: [1ee6da7b-5867-4bad-ba0d-a2cfd13fd72a:192.168.157.203:35892], old=null, confs=<EMPTY_MAP>
2019-10-16 11:35:35,532 [pool-47-thread-1] INFO  server.RaftServerConfigKeys (ConfUtils.java:logGet(43)) - raft.server.storage.dir = [/workdir/hadoop-ozone/integration-test/target/test-dir/MiniOzoneClusterImpl-d10f3a9c-4fd6-4949-a3ff-490e135742c9/datanode-2/data/ratis] (custom)
2019-10-16 11:35:35,532 [pool-47-thread-1] INFO  server.RaftServerConfigKeys (ConfUtils.java:logGet(43)) - raft.server.log.corruption.policy = EXCEPTION (default)
2019-10-16 11:35:35,532 [pool-47-thread-1] INFO  storage.RaftStorageDirectory (RaftStorageDirectory.java:analyzeStorage(246)) - The storage directory /workdir/hadoop-ozone/integration-test/target/test-dir/MiniOzoneClusterImpl-d10f3a9c-4fd6-4949-a3ff-490e135742c9/datanode-2/data/ratis/35fc4185-2d43-4718-b502-2b03610871ad does not exist. Creating ...
2019-10-16 11:35:35,543 [pool-47-thread-1] INFO  storage.RaftStorageDirectory (RaftStorageDirectory.java:tryLock(328)) - Lock on /workdir/hadoop-ozone/integration-test/target/test-dir/MiniOzoneClusterImpl-d10f3a9c-4fd6-4949-a3ff-490e135742c9/datanode-2/data/ratis/35fc4185-2d43-4718-b502-2b03610871ad/in_use.lock acquired by nodename 26920@pr-hdds-2313-gfcg9-2318083974
2019-10-16 11:35:35,556 [pool-47-thread-1] INFO  storage.RaftStorage (RaftStorage.java:format(84)) - Storage directory /workdir/hadoop-ozone/integration-test/target/test-dir/MiniOzoneClusterImpl-d10f3a9c-4fd6-4949-a3ff-490e135742c9/datanode-2/data/ratis/35fc4185-2d43-4718-b502-2b03610871ad has been successfully formatted.
2019-10-16 11:35:35,558 [pool-47-thread-1] INFO  ratis.ContainerStateMachine (ContainerStateMachine.java:loadSnapshot(231)) - group-2B03610871AD: The snapshot info is null. Setting the last applied indexto:(t:0, i:~)
2019-10-16 11:35:35,559 [pool-47-thread-1] INFO  server.RaftServerConfigKeys (ConfUtils.java:logGet(43)) - raft.server.notification.no-leader.timeout = 120s (custom)
2019-10-16 11:35:35,559 [pool-47-thread-1] INFO  server.RaftServerConfigKeys (ConfUtils.java:logGet(43)) - raft.server.log.use.memory = false (default)
2019-10-16 11:35:35,559 [pool-47-thread-1] INFO  server.RaftServerConfigKeys (ConfUtils.java:logGet(43)) - raft.server.log.purge.gap = 1000000 (custom)
2019-10-16 11:35:35,559 [pool-47-thread-1] INFO  server.RaftServerConfigKeys (ConfUtils.java:logGet(43)) - raft.server.log.appender.buffer.byte-limit = 33554432 (custom)
2019-10-16 11:35:35,559 [pool-47-thread-1] INFO  server.RaftServerConfigKeys (ConfUtils.java:logGet(43)) - raft.server.log.segment.size.max = 1048576 (custom)
2019-10-16 11:35:35,563 [pool-47-thread-1] INFO  server.RaftServerConfigKeys (ConfUtils.java:logGet(43)) - raft.server.log.segment.cache.num.max = 2 (custom)
2019-10-16 11:35:35,563 [pool-47-thread-1] INFO  segmented.SegmentedRaftLogWorker (SegmentedRaftLogWorker.java:<init>(173)) - new 1ee6da7b-5867-4bad-ba0d-a2cfd13fd72a@group-2B03610871AD-SegmentedRaftLogWorker for RaftStorage:Storage Directory /workdir/hadoop-ozone/integration-test/target/test-dir/MiniOzoneClusterImpl-d10f3a9c-4fd6-4949-a3ff-490e135742c9/datanode-2/data/ratis/35fc4185-2d43-4718-b502-2b03610871ad
2019-10-16 11:35:35,564 [pool-47-thread-1] INFO  server.RaftServerConfigKeys (ConfUtils.java:logGet(43)) - raft.server.log.queue.byte-limit = 2147483647 (custom)
2019-10-16 11:35:35,564 [pool-47-thread-1] INFO  server.RaftServerConfigKeys (ConfUtils.java:logGet(43)) - raft.server.log.queue.element-limit = 1024 (custom)
2019-10-16 11:35:35,564 [pool-47-thread-1] INFO  server.RaftServerConfigKeys (ConfUtils.java:logGet(43)) - raft.server.log.segment.size.max = 1048576 (custom)
2019-10-16 11:35:35,564 [pool-47-thread-1] INFO  server.RaftServerConfigKeys (ConfUtils.java:logGet(43)) - raft.server.log.preallocated.size = 16384 (custom)
2019-10-16 11:35:35,564 [pool-47-thread-1] INFO  server.RaftServerConfigKeys (ConfUtils.java:logGet(43)) - raft.server.log.write.buffer.size = 33554432 (custom)
2019-10-16 11:35:35,564 [pool-47-thread-1] INFO  server.RaftServerConfigKeys (ConfUtils.java:logGet(43)) - raft.server.log.force.sync.num = 128 (default)
2019-10-16 11:35:35,564 [pool-47-thread-1] INFO  server.RaftServerConfigKeys (ConfUtils.java:logGet(43)) - raft.server.log.statemachine.data.sync = true (default)
2019-10-16 11:35:35,564 [pool-47-thread-1] INFO  server.RaftServerConfigKeys (ConfUtils.java:logGet(43)) - raft.server.log.statemachine.data.sync.timeout = 10s (default)
2019-10-16 11:35:35,565 [pool-47-thread-1] INFO  server.RaftServerConfigKeys (ConfUtils.java:logGet(43)) - raft.server.log.statemachine.data.sync.timeout.retry = -1 (default)
2019-10-16 11:35:35,565 [pool-47-thread-1] INFO  server.RaftServerConfigKeys (ConfUtils.java:logGet(43)) - raft.server.log.statemachine.data.caching.enabled = true (custom)
2019-10-16 11:35:35,566 [Thread-285] INFO  impl.FollowerState (FollowerState.java:run(108)) - 411bb2a3-40ef-4fc0-81ca-4490e6d37035@group-1DC689591BBC-FollowerState: change to CANDIDATE, lastRpcTime:165ms, electionTimeout:165ms
2019-10-16 11:35:35,569 [Thread-285] INFO  impl.RoleInfo (RoleInfo.java:shutdownFollowerState(121)) - 411bb2a3-40ef-4fc0-81ca-4490e6d37035: shutdown FollowerState
2019-10-16 11:35:35,570 [pool-47-thread-1] INFO  segmented.SegmentedRaftLogWorker (SegmentedRaftLogWorker.java:lambda$new$0(128)) - 1ee6da7b-5867-4bad-ba0d-a2cfd13fd72a@group-2B03610871AD-SegmentedRaftLogWorker: flushIndex: setUnconditionally 0 -> -1
2019-10-16 11:35:35,570 [Thread-285] INFO  impl.RaftServerImpl (RaftServerImpl.java:setRole(184)) - 411bb2a3-40ef-4fc0-81ca-4490e6d37035@group-1DC689591BBC: changes role from  FOLLOWER to CANDIDATE at term 0 for changeToCandidate
2019-10-16 11:35:35,570 [pool-47-thread-1] INFO  server.RaftServerConfigKeys (ConfUtils.java:logGet(43)) - raft.server.snapshot.auto.trigger.enabled = true (custom)
2019-10-16 11:35:35,570 [pool-47-thread-1] INFO  server.RaftServerConfigKeys (ConfUtils.java:logGet(43)) - raft.server.snapshot.auto.trigger.threshold = 10000 (custom)
2019-10-16 11:35:35,571 [pool-47-thread-1] INFO  server.RaftServerConfigKeys (ConfUtils.java:logGet(43)) - raft.server.snapshot.retention.file.num = 5 (custom)
2019-10-16 11:35:35,571 [pool-47-thread-1] INFO  server.RaftServerConfigKeys (ConfUtils.java:logGet(43)) - raft.server.retrycache.expirytime = 600000ms (custom)
2019-10-16 11:35:35,575 [Thread-285] INFO  impl.RoleInfo (RoleInfo.java:updateAndGet(143)) - 411bb2a3-40ef-4fc0-81ca-4490e6d37035: start LeaderElection
2019-10-16 11:35:35,582 [pool-47-thread-1] INFO  impl.RaftServerImpl (RaftServerImpl.java:start(195)) - 1ee6da7b-5867-4bad-ba0d-a2cfd13fd72a@group-2B03610871AD: start as a follower, conf=-1: [1ee6da7b-5867-4bad-ba0d-a2cfd13fd72a:192.168.157.203:35892], old=null
2019-10-16 11:35:35,582 [pool-47-thread-1] INFO  impl.RaftServerImpl (RaftServerImpl.java:setRole(184)) - 1ee6da7b-5867-4bad-ba0d-a2cfd13fd72a@group-2B03610871AD: changes role from      null to FOLLOWER at term 0 for startAsFollower
2019-10-16 11:35:35,582 [pool-47-thread-1] INFO  impl.RoleInfo (RoleInfo.java:updateAndGet(143)) - 1ee6da7b-5867-4bad-ba0d-a2cfd13fd72a: start FollowerState
2019-10-16 11:35:35,582 [pool-47-thread-1] INFO  util.JmxRegister (JmxRegister.java:tryRegister(44)) - Successfully registered JMX Bean with object name Ratis:service=RaftServer,group=group-2B03610871AD,id=1ee6da7b-5867-4bad-ba0d-a2cfd13fd72a
2019-10-16 11:35:35,584 [411bb2a3-40ef-4fc0-81ca-4490e6d37035@group-1DC689591BBC-LeaderElection1] INFO  impl.LeaderElection (LeaderElection.java:askForVotes(178)) - 411bb2a3-40ef-4fc0-81ca-4490e6d37035@group-1DC689591BBC-LeaderElection1: begin an election at term 1 for -1: [411bb2a3-40ef-4fc0-81ca-4490e6d37035:192.168.157.203:44746], old=null
2019-10-16 11:35:35,586 [411bb2a3-40ef-4fc0-81ca-4490e6d37035@group-1DC689591BBC-LeaderElection1] INFO  impl.RoleInfo (RoleInfo.java:shutdownLeaderElection(134)) - 411bb2a3-40ef-4fc0-81ca-4490e6d37035: shutdown LeaderElection
2019-10-16 11:35:35,586 [411bb2a3-40ef-4fc0-81ca-4490e6d37035@group-1DC689591BBC-LeaderElection1] INFO  impl.RaftServerImpl (RaftServerImpl.java:setRole(184)) - 411bb2a3-40ef-4fc0-81ca-4490e6d37035@group-1DC689591BBC: changes role from CANDIDATE to LEADER at term 1 for changeToLeader
2019-10-16 11:35:35,586 [411bb2a3-40ef-4fc0-81ca-4490e6d37035@group-1DC689591BBC-LeaderElection1] INFO  impl.RaftServerImpl (ServerState.java:setLeader(256)) - 411bb2a3-40ef-4fc0-81ca-4490e6d37035@group-1DC689591BBC: change Leader from null to 411bb2a3-40ef-4fc0-81ca-4490e6d37035 at term 1 for becomeLeader, leader elected after 298ms
2019-10-16 11:35:35,602 [411bb2a3-40ef-4fc0-81ca-4490e6d37035@group-1DC689591BBC-LeaderElection1] INFO  server.RaftServerConfigKeys (ConfUtils.java:logGet(43)) - raft.server.staging.catchup.gap = 1000 (default)
2019-10-16 11:35:35,602 [411bb2a3-40ef-4fc0-81ca-4490e6d37035@group-1DC689591BBC-LeaderElection1] INFO  server.RaftServerConfigKeys (ConfUtils.java:logGet(43)) - raft.server.rpc.sleep.time = 25ms (default)
2019-10-16 11:35:35,602 [RatisPipelineUtilsThread] INFO  pipeline.PipelineStateManager (PipelineStateManager.java:addPipeline(56)) - Created pipeline Pipeline[ Id: 35fc4185-2d43-4718-b502-2b03610871ad, Nodes: 1ee6da7b-5867-4bad-ba0d-a2cfd13fd72a{ip: 192.168.157.203, host: pr-hdds-2313-gfcg9-2318083974, networkLocation: /default-rack, certSerialId: null}, Type:RATIS, Factor:ONE, State:OPEN]
2019-10-16 11:35:35,606 [411bb2a3-40ef-4fc0-81ca-4490e6d37035@group-1DC689591BBC-LeaderElection1] INFO  server.RaftServerConfigKeys (ConfUtils.java:logGet(43)) - raft.server.write.element-limit = 4096 (default)
2019-10-16 11:35:35,613 [411bb2a3-40ef-4fc0-81ca-4490e6d37035@group-1DC689591BBC-LeaderElection1] INFO  server.RaftServerConfigKeys (ConfUtils.java:logGet(43)) - raft.server.watch.timeout = 10s (default)
2019-10-16 11:35:35,613 [411bb2a3-40ef-4fc0-81ca-4490e6d37035@group-1DC689591BBC-LeaderElection1] INFO  server.RaftServerConfigKeys (ConfUtils.java:logGet(43)) - raft.server.watch.timeout.denomination = 1s (default)
2019-10-16 11:35:35,613 [411bb2a3-40ef-4fc0-81ca-4490e6d37035@group-1DC689591BBC-LeaderElection1] INFO  server.RaftServerConfigKeys (ConfUtils.java:logGet(43)) - raft.server.watch.element-limit = 65536 (default)
2019-10-16 11:35:35,622 [grpc-default-executor-0] INFO  impl.RaftServerProxy (RaftServerProxy.java:addNew(89)) - 4281bf39-36db-462c-8bc9-3c86cb645344: addNew group-307866F8E569:[4281bf39-36db-462c-8bc9-3c86cb645344:192.168.157.203:42381] returns group-307866F8E569:java.util.concurrent.CompletableFuture@3e6f1d1[Not completed]
2019-10-16 11:35:35,679 [pool-57-thread-1] INFO  impl.RaftServerImpl (RaftServerImpl.java:<init>(104)) - 4281bf39-36db-462c-8bc9-3c86cb645344: new RaftServerImpl for group-307866F8E569:[4281bf39-36db-462c-8bc9-3c86cb645344:192.168.157.203:42381] with ContainerStateMachine:uninitialized
2019-10-16 11:35:35,680 [pool-57-thread-1] INFO  server.RaftServerConfigKeys (ConfUtils.java:logGet(43)) - raft.server.rpc.timeout.min = 1s (custom)
2019-10-16 11:35:35,680 [pool-57-thread-1] INFO  server.RaftServerConfigKeys (ConfUtils.java:logGet(43)) - raft.server.rpc.timeout.max = 1200ms (custom)
2019-10-16 11:35:35,680 [pool-57-thread-1] INFO  server.RaftServerConfigKeys (ConfUtils.java:logGet(43)) - raft.server.rpcslowness.timeout = 120s (custom)
2019-10-16 11:35:35,680 [pool-57-thread-1] INFO  server.RaftServerConfigKeys (ConfUtils.java:logGet(43)) - raft.server.sleep.deviation.threshold = 300 (default)
2019-10-16 11:35:35,680 [pool-57-thread-1] INFO  server.RaftServerConfigKeys (ConfUtils.java:logGet(43)) - raft.server.log.appender.install.snapshot.enabled = false (custom)
2019-10-16 11:35:35,681 [pool-57-thread-1] INFO  impl.RaftServerImpl (ServerState.java:<init>(103)) - 4281bf39-36db-462c-8bc9-3c86cb645344@group-307866F8E569: ConfigurationManager, init=-1: [4281bf39-36db-462c-8bc9-3c86cb645344:192.168.157.203:42381], old=null, confs=<EMPTY_MAP>
2019-10-16 11:35:35,681 [pool-57-thread-1] INFO  server.RaftServerConfigKeys (ConfUtils.java:logGet(43)) - raft.server.storage.dir = [/workdir/hadoop-ozone/integration-test/target/test-dir/MiniOzoneClusterImpl-d10f3a9c-4fd6-4949-a3ff-490e135742c9/datanode-3/data/ratis] (custom)
2019-10-16 11:35:35,681 [pool-57-thread-1] INFO  server.RaftServerConfigKeys (ConfUtils.java:logGet(43)) - raft.server.log.corruption.policy = EXCEPTION (default)
2019-10-16 11:35:35,681 [pool-57-thread-1] INFO  storage.RaftStorageDirectory (RaftStorageDirectory.java:analyzeStorage(246)) - The storage directory /workdir/hadoop-ozone/integration-test/target/test-dir/MiniOzoneClusterImpl-d10f3a9c-4fd6-4949-a3ff-490e135742c9/datanode-3/data/ratis/f0418566-dcd0-4ef4-a5a1-307866f8e569 does not exist. Creating ...
2019-10-16 11:35:35,684 [411bb2a3-40ef-4fc0-81ca-4490e6d37035@group-1DC689591BBC-LeaderElection1] INFO  impl.RoleInfo (RoleInfo.java:updateAndGet(143)) - 411bb2a3-40ef-4fc0-81ca-4490e6d37035: start LeaderState
2019-10-16 11:35:35,690 [pool-57-thread-1] INFO  storage.RaftStorageDirectory (RaftStorageDirectory.java:tryLock(328)) - Lock on /workdir/hadoop-ozone/integration-test/target/test-dir/MiniOzoneClusterImpl-d10f3a9c-4fd6-4949-a3ff-490e135742c9/datanode-3/data/ratis/f0418566-dcd0-4ef4-a5a1-307866f8e569/in_use.lock acquired by nodename 26920@pr-hdds-2313-gfcg9-2318083974
2019-10-16 11:35:35,696 [pool-57-thread-1] INFO  storage.RaftStorage (RaftStorage.java:format(84)) - Storage directory /workdir/hadoop-ozone/integration-test/target/test-dir/MiniOzoneClusterImpl-d10f3a9c-4fd6-4949-a3ff-490e135742c9/datanode-3/data/ratis/f0418566-dcd0-4ef4-a5a1-307866f8e569 has been successfully formatted.
2019-10-16 11:35:35,696 [pool-57-thread-1] INFO  ratis.ContainerStateMachine (ContainerStateMachine.java:loadSnapshot(231)) - group-307866F8E569: The snapshot info is null. Setting the last applied indexto:(t:0, i:~)
2019-10-16 11:35:35,696 [pool-57-thread-1] INFO  server.RaftServerConfigKeys (ConfUtils.java:logGet(43)) - raft.server.notification.no-leader.timeout = 120s (custom)
2019-10-16 11:35:35,696 [pool-57-thread-1] INFO  server.RaftServerConfigKeys (ConfUtils.java:logGet(43)) - raft.server.log.use.memory = false (default)
2019-10-16 11:35:35,696 [pool-57-thread-1] INFO  server.RaftServerConfigKeys (ConfUtils.java:logGet(43)) - raft.server.log.purge.gap = 1000000 (custom)
2019-10-16 11:35:35,696 [pool-57-thread-1] INFO  server.RaftServerConfigKeys (ConfUtils.java:logGet(43)) - raft.server.log.appender.buffer.byte-limit = 33554432 (custom)
2019-10-16 11:35:35,696 [pool-57-thread-1] INFO  server.RaftServerConfigKeys (ConfUtils.java:logGet(43)) - raft.server.log.segment.size.max = 1048576 (custom)
2019-10-16 11:35:35,700 [pool-57-thread-1] INFO  server.RaftServerConfigKeys (ConfUtils.java:logGet(43)) - raft.server.log.segment.cache.num.max = 2 (custom)
2019-10-16 11:35:35,700 [pool-57-thread-1] INFO  segmented.SegmentedRaftLogWorker (SegmentedRaftLogWorker.java:<init>(173)) - new 4281bf39-36db-462c-8bc9-3c86cb645344@group-307866F8E569-SegmentedRaftLogWorker for RaftStorage:Storage Directory /workdir/hadoop-ozone/integration-test/target/test-dir/MiniOzoneClusterImpl-d10f3a9c-4fd6-4949-a3ff-490e135742c9/datanode-3/data/ratis/f0418566-dcd0-4ef4-a5a1-307866f8e569
2019-10-16 11:35:35,701 [pool-57-thread-1] INFO  server.RaftServerConfigKeys (ConfUtils.java:logGet(43)) - raft.server.log.queue.byte-limit = 2147483647 (custom)
2019-10-16 11:35:35,701 [pool-57-thread-1] INFO  server.RaftServerConfigKeys (ConfUtils.java:logGet(43)) - raft.server.log.queue.element-limit = 1024 (custom)
2019-10-16 11:35:35,701 [pool-57-thread-1] INFO  server.RaftServerConfigKeys (ConfUtils.java:logGet(43)) - raft.server.log.segment.size.max = 1048576 (custom)
2019-10-16 11:35:35,701 [pool-57-thread-1] INFO  server.RaftServerConfigKeys (ConfUtils.java:logGet(43)) - raft.server.log.preallocated.size = 16384 (custom)
2019-10-16 11:35:35,701 [pool-57-thread-1] INFO  server.RaftServerConfigKeys (ConfUtils.java:logGet(43)) - raft.server.log.write.buffer.size = 33554432 (custom)
2019-10-16 11:35:35,703 [pool-57-thread-1] INFO  server.RaftServerConfigKeys (ConfUtils.java:logGet(43)) - raft.server.log.force.sync.num = 128 (default)
2019-10-16 11:35:35,704 [pool-57-thread-1] INFO  server.RaftServerConfigKeys (ConfUtils.java:logGet(43)) - raft.server.log.statemachine.data.sync = true (default)
2019-10-16 11:35:35,704 [pool-57-thread-1] INFO  server.RaftServerConfigKeys (ConfUtils.java:logGet(43)) - raft.server.log.statemachine.data.sync.timeout = 10s (default)
2019-10-16 11:35:35,704 [pool-57-thread-1] INFO  server.RaftServerConfigKeys (ConfUtils.java:logGet(43)) - raft.server.log.statemachine.data.sync.timeout.retry = -1 (default)
2019-10-16 11:35:35,705 [pool-57-thread-1] INFO  server.RaftServerConfigKeys (ConfUtils.java:logGet(43)) - raft.server.log.statemachine.data.caching.enabled = true (custom)
2019-10-16 11:35:35,705 [pool-57-thread-1] INFO  segmented.SegmentedRaftLogWorker (SegmentedRaftLogWorker.java:lambda$new$0(128)) - 4281bf39-36db-462c-8bc9-3c86cb645344@group-307866F8E569-SegmentedRaftLogWorker: flushIndex: setUnconditionally 0 -> -1
2019-10-16 11:35:35,705 [411bb2a3-40ef-4fc0-81ca-4490e6d37035@group-1DC689591BBC-LeaderElection1] INFO  segmented.SegmentedRaftLogWorker (SegmentedRaftLogWorker.java:startLogSegment(385)) - 411bb2a3-40ef-4fc0-81ca-4490e6d37035@group-1DC689591BBC-SegmentedRaftLogWorker: Starting segment from index:0
2019-10-16 11:35:35,705 [pool-57-thread-1] INFO  server.RaftServerConfigKeys (ConfUtils.java:logGet(43)) - raft.server.snapshot.auto.trigger.enabled = true (custom)
2019-10-16 11:35:35,705 [pool-57-thread-1] INFO  server.RaftServerConfigKeys (ConfUtils.java:logGet(43)) - raft.server.snapshot.auto.trigger.threshold = 10000 (custom)
2019-10-16 11:35:35,706 [pool-57-thread-1] INFO  server.RaftServerConfigKeys (ConfUtils.java:logGet(43)) - raft.server.snapshot.retention.file.num = 5 (custom)
2019-10-16 11:35:35,706 [pool-57-thread-1] INFO  server.RaftServerConfigKeys (ConfUtils.java:logGet(43)) - raft.server.retrycache.expirytime = 600000ms (custom)
2019-10-16 11:35:35,713 [pool-57-thread-1] INFO  impl.RaftServerImpl (RaftServerImpl.java:start(195)) - 4281bf39-36db-462c-8bc9-3c86cb645344@group-307866F8E569: start as a follower, conf=-1: [4281bf39-36db-462c-8bc9-3c86cb645344:192.168.157.203:42381], old=null
2019-10-16 11:35:35,713 [pool-57-thread-1] INFO  impl.RaftServerImpl (RaftServerImpl.java:setRole(184)) - 4281bf39-36db-462c-8bc9-3c86cb645344@group-307866F8E569: changes role from      null to FOLLOWER at term 0 for startAsFollower
2019-10-16 11:35:35,713 [pool-57-thread-1] INFO  impl.RoleInfo (RoleInfo.java:updateAndGet(143)) - 4281bf39-36db-462c-8bc9-3c86cb645344: start FollowerState
2019-10-16 11:35:35,713 [411bb2a3-40ef-4fc0-81ca-4490e6d37035@group-1DC689591BBC-LeaderElection1] INFO  impl.RaftServerImpl (ServerState.java:setRaftConf(357)) - 411bb2a3-40ef-4fc0-81ca-4490e6d37035@group-1DC689591BBC: set configuration 0: [411bb2a3-40ef-4fc0-81ca-4490e6d37035:192.168.157.203:44746], old=null at 0
2019-10-16 11:35:35,715 [pool-57-thread-1] INFO  util.JmxRegister (JmxRegister.java:tryRegister(44)) - Successfully registered JMX Bean with object name Ratis:service=RaftServer,group=group-307866F8E569,id=4281bf39-36db-462c-8bc9-3c86cb645344
2019-10-16 11:35:35,727 [RatisPipelineUtilsThread] INFO  pipeline.PipelineStateManager (PipelineStateManager.java:addPipeline(56)) - Created pipeline Pipeline[ Id: f0418566-dcd0-4ef4-a5a1-307866f8e569, Nodes: 4281bf39-36db-462c-8bc9-3c86cb645344{ip: 192.168.157.203, host: pr-hdds-2313-gfcg9-2318083974, networkLocation: /default-rack, certSerialId: null}, Type:RATIS, Factor:ONE, State:OPEN]
2019-10-16 11:35:35,743 [grpc-default-executor-0] INFO  impl.RaftServerProxy (RaftServerProxy.java:addNew(89)) - f94c755f-9f95-40b5-85b9-5e712f3f34e7: addNew group-8DA060090501:[f94c755f-9f95-40b5-85b9-5e712f3f34e7:192.168.157.203:45275] returns group-8DA060090501:java.util.concurrent.CompletableFuture@2f191895[Not completed]
2019-10-16 11:35:35,747 [pool-77-thread-1] INFO  impl.RaftServerImpl (RaftServerImpl.java:<init>(104)) - f94c755f-9f95-40b5-85b9-5e712f3f34e7: new RaftServerImpl for group-8DA060090501:[f94c755f-9f95-40b5-85b9-5e712f3f34e7:192.168.157.203:45275] with ContainerStateMachine:uninitialized
2019-10-16 11:35:35,747 [pool-77-thread-1] INFO  server.RaftServerConfigKeys (ConfUtils.java:logGet(43)) - raft.server.rpc.timeout.min = 1s (custom)
2019-10-16 11:35:35,747 [pool-77-thread-1] INFO  server.RaftServerConfigKeys (ConfUtils.java:logGet(43)) - raft.server.rpc.timeout.max = 1200ms (custom)
2019-10-16 11:35:35,747 [pool-77-thread-1] INFO  server.RaftServerConfigKeys (ConfUtils.java:logGet(43)) - raft.server.rpcslowness.timeout = 120s (custom)
2019-10-16 11:35:35,747 [pool-77-thread-1] INFO  server.RaftServerConfigKeys (ConfUtils.java:logGet(43)) - raft.server.sleep.deviation.threshold = 300 (default)
2019-10-16 11:35:35,748 [pool-77-thread-1] INFO  server.RaftServerConfigKeys (ConfUtils.java:logGet(43)) - raft.server.log.appender.install.snapshot.enabled = false (custom)
2019-10-16 11:35:35,748 [pool-77-thread-1] INFO  impl.RaftServerImpl (ServerState.java:<init>(103)) - f94c755f-9f95-40b5-85b9-5e712f3f34e7@group-8DA060090501: ConfigurationManager, init=-1: [f94c755f-9f95-40b5-85b9-5e712f3f34e7:192.168.157.203:45275], old=null, confs=<EMPTY_MAP>
2019-10-16 11:35:35,748 [pool-77-thread-1] INFO  server.RaftServerConfigKeys (ConfUtils.java:logGet(43)) - raft.server.storage.dir = [/workdir/hadoop-ozone/integration-test/target/test-dir/MiniOzoneClusterImpl-d10f3a9c-4fd6-4949-a3ff-490e135742c9/datanode-5/data/ratis] (custom)
2019-10-16 11:35:35,748 [Thread-289] INFO  impl.FollowerState (FollowerState.java:run(108)) - 1ee6da7b-5867-4bad-ba0d-a2cfd13fd72a@group-2B03610871AD-FollowerState: change to CANDIDATE, lastRpcTime:166ms, electionTimeout:166ms
2019-10-16 11:35:35,749 [pool-77-thread-1] INFO  server.RaftServerConfigKeys (ConfUtils.java:logGet(43)) - raft.server.log.corruption.policy = EXCEPTION (default)
2019-10-16 11:35:35,750 [pool-77-thread-1] INFO  storage.RaftStorageDirectory (RaftStorageDirectory.java:analyzeStorage(246)) - The storage directory /workdir/hadoop-ozone/integration-test/target/test-dir/MiniOzoneClusterImpl-d10f3a9c-4fd6-4949-a3ff-490e135742c9/datanode-5/data/ratis/812ba297-ef93-4a10-9720-8da060090501 does not exist. Creating ...
2019-10-16 11:35:35,750 [Thread-289] INFO  impl.RoleInfo (RoleInfo.java:shutdownFollowerState(121)) - 1ee6da7b-5867-4bad-ba0d-a2cfd13fd72a: shutdown FollowerState
2019-10-16 11:35:35,750 [Thread-289] INFO  impl.RaftServerImpl (RaftServerImpl.java:setRole(184)) - 1ee6da7b-5867-4bad-ba0d-a2cfd13fd72a@group-2B03610871AD: changes role from  FOLLOWER to CANDIDATE at term 0 for changeToCandidate
2019-10-16 11:35:35,750 [Thread-289] INFO  impl.RoleInfo (RoleInfo.java:updateAndGet(143)) - 1ee6da7b-5867-4bad-ba0d-a2cfd13fd72a: start LeaderElection
2019-10-16 11:35:35,771 [Thread-293] INFO  impl.FollowerState (FollowerState.java:run(108)) - 4281bf39-36db-462c-8bc9-3c86cb645344@group-307866F8E569-FollowerState: change to CANDIDATE, lastRpcTime:58ms, electionTimeout:56ms
2019-10-16 11:35:35,772 [Thread-293] INFO  impl.RoleInfo (RoleInfo.java:shutdownFollowerState(121)) - 4281bf39-36db-462c-8bc9-3c86cb645344: shutdown FollowerState
2019-10-16 11:35:35,772 [Thread-293] INFO  impl.RaftServerImpl (RaftServerImpl.java:setRole(184)) - 4281bf39-36db-462c-8bc9-3c86cb645344@group-307866F8E569: changes role from  FOLLOWER to CANDIDATE at term 0 for changeToCandidate
2019-10-16 11:35:35,772 [Thread-293] INFO  impl.RoleInfo (RoleInfo.java:updateAndGet(143)) - 4281bf39-36db-462c-8bc9-3c86cb645344: start LeaderElection
2019-10-16 11:35:35,784 [pool-77-thread-1] INFO  storage.RaftStorageDirectory (RaftStorageDirectory.java:tryLock(328)) - Lock on /workdir/hadoop-ozone/integration-test/target/test-dir/MiniOzoneClusterImpl-d10f3a9c-4fd6-4949-a3ff-490e135742c9/datanode-5/data/ratis/812ba297-ef93-4a10-9720-8da060090501/in_use.lock acquired by nodename 26920@pr-hdds-2313-gfcg9-2318083974
2019-10-16 11:35:35,784 [4281bf39-36db-462c-8bc9-3c86cb645344@group-307866F8E569-LeaderElection3] INFO  impl.LeaderElection (LeaderElection.java:askForVotes(178)) - 4281bf39-36db-462c-8bc9-3c86cb645344@group-307866F8E569-LeaderElection3: begin an election at term 1 for -1: [4281bf39-36db-462c-8bc9-3c86cb645344:192.168.157.203:42381], old=null
2019-10-16 11:35:35,791 [1ee6da7b-5867-4bad-ba0d-a2cfd13fd72a@group-2B03610871AD-LeaderElection2] INFO  impl.LeaderElection (LeaderElection.java:askForVotes(178)) - 1ee6da7b-5867-4bad-ba0d-a2cfd13fd72a@group-2B03610871AD-LeaderElection2: begin an election at term 1 for -1: [1ee6da7b-5867-4bad-ba0d-a2cfd13fd72a:192.168.157.203:35892], old=null
2019-10-16 11:35:35,792 [4281bf39-36db-462c-8bc9-3c86cb645344@group-307866F8E569-LeaderElection3] INFO  impl.RoleInfo (RoleInfo.java:shutdownLeaderElection(134)) - 4281bf39-36db-462c-8bc9-3c86cb645344: shutdown LeaderElection
2019-10-16 11:35:35,792 [1ee6da7b-5867-4bad-ba0d-a2cfd13fd72a@group-2B03610871AD-LeaderElection2] INFO  impl.RoleInfo (RoleInfo.java:shutdownLeaderElection(134)) - 1ee6da7b-5867-4bad-ba0d-a2cfd13fd72a: shutdown LeaderElection
2019-10-16 11:35:35,792 [4281bf39-36db-462c-8bc9-3c86cb645344@group-307866F8E569-LeaderElection3] INFO  impl.RaftServerImpl (RaftServerImpl.java:setRole(184)) - 4281bf39-36db-462c-8bc9-3c86cb645344@group-307866F8E569: changes role from CANDIDATE to LEADER at term 1 for changeToLeader
2019-10-16 11:35:35,793 [1ee6da7b-5867-4bad-ba0d-a2cfd13fd72a@group-2B03610871AD-LeaderElection2] INFO  impl.RaftServerImpl (RaftServerImpl.java:setRole(184)) - 1ee6da7b-5867-4bad-ba0d-a2cfd13fd72a@group-2B03610871AD: changes role from CANDIDATE to LEADER at term 1 for changeToLeader
2019-10-16 11:35:35,793 [4281bf39-36db-462c-8bc9-3c86cb645344@group-307866F8E569-LeaderElection3] INFO  impl.RaftServerImpl (ServerState.java:setLeader(256)) - 4281bf39-36db-462c-8bc9-3c86cb645344@group-307866F8E569: change Leader from null to 4281bf39-36db-462c-8bc9-3c86cb645344 at term 1 for becomeLeader, leader elected after 96ms
2019-10-16 11:35:35,793 [1ee6da7b-5867-4bad-ba0d-a2cfd13fd72a@group-2B03610871AD-LeaderElection2] INFO  impl.RaftServerImpl (ServerState.java:setLeader(256)) - 1ee6da7b-5867-4bad-ba0d-a2cfd13fd72a@group-2B03610871AD: change Leader from null to 1ee6da7b-5867-4bad-ba0d-a2cfd13fd72a at term 1 for becomeLeader, leader elected after 233ms
2019-10-16 11:35:35,794 [4281bf39-36db-462c-8bc9-3c86cb645344@group-307866F8E569-LeaderElection3] INFO  server.RaftServerConfigKeys (ConfUtils.java:logGet(43)) - raft.server.staging.catchup.gap = 1000 (default)
2019-10-16 11:35:35,795 [1ee6da7b-5867-4bad-ba0d-a2cfd13fd72a@group-2B03610871AD-LeaderElection2] INFO  server.RaftServerConfigKeys (ConfUtils.java:logGet(43)) - raft.server.staging.catchup.gap = 1000 (default)
2019-10-16 11:35:35,795 [4281bf39-36db-462c-8bc9-3c86cb645344@group-307866F8E569-LeaderElection3] INFO  server.RaftServerConfigKeys (ConfUtils.java:logGet(43)) - raft.server.rpc.sleep.time = 25ms (default)
2019-10-16 11:35:35,795 [1ee6da7b-5867-4bad-ba0d-a2cfd13fd72a@group-2B03610871AD-LeaderElection2] INFO  server.RaftServerConfigKeys (ConfUtils.java:logGet(43)) - raft.server.rpc.sleep.time = 25ms (default)
2019-10-16 11:35:35,796 [4281bf39-36db-462c-8bc9-3c86cb645344@group-307866F8E569-LeaderElection3] INFO  server.RaftServerConfigKeys (ConfUtils.java:logGet(43)) - raft.server.write.element-limit = 4096 (default)
2019-10-16 11:35:35,796 [4281bf39-36db-462c-8bc9-3c86cb645344@group-307866F8E569-LeaderElection3] INFO  server.RaftServerConfigKeys (ConfUtils.java:logGet(43)) - raft.server.watch.timeout = 10s (default)
2019-10-16 11:35:35,796 [1ee6da7b-5867-4bad-ba0d-a2cfd13fd72a@group-2B03610871AD-LeaderElection2] INFO  server.RaftServerConfigKeys (ConfUtils.java:logGet(43)) - raft.server.write.element-limit = 4096 (default)
2019-10-16 11:35:35,796 [4281bf39-36db-462c-8bc9-3c86cb645344@group-307866F8E569-LeaderElection3] INFO  server.RaftServerConfigKeys (ConfUtils.java:logGet(43)) - raft.server.watch.timeout.denomination = 1s (default)
2019-10-16 11:35:35,796 [1ee6da7b-5867-4bad-ba0d-a2cfd13fd72a@group-2B03610871AD-LeaderElection2] INFO  server.RaftServerConfigKeys (ConfUtils.java:logGet(43)) - raft.server.watch.timeout = 10s (default)
2019-10-16 11:35:35,796 [4281bf39-36db-462c-8bc9-3c86cb645344@group-307866F8E569-LeaderElection3] INFO  server.RaftServerConfigKeys (ConfUtils.java:logGet(43)) - raft.server.watch.element-limit = 65536 (default)
2019-10-16 11:35:35,796 [1ee6da7b-5867-4bad-ba0d-a2cfd13fd72a@group-2B03610871AD-LeaderElection2] INFO  server.RaftServerConfigKeys (ConfUtils.java:logGet(43)) - raft.server.watch.timeout.denomination = 1s (default)
2019-10-16 11:35:35,796 [1ee6da7b-5867-4bad-ba0d-a2cfd13fd72a@group-2B03610871AD-LeaderElection2] INFO  server.RaftServerConfigKeys (ConfUtils.java:logGet(43)) - raft.server.watch.element-limit = 65536 (default)
2019-10-16 11:35:35,799 [4281bf39-36db-462c-8bc9-3c86cb645344@group-307866F8E569-LeaderElection3] INFO  impl.RoleInfo (RoleInfo.java:updateAndGet(143)) - 4281bf39-36db-462c-8bc9-3c86cb645344: start LeaderState
2019-10-16 11:35:35,799 [4281bf39-36db-462c-8bc9-3c86cb645344@group-307866F8E569-LeaderElection3] INFO  segmented.SegmentedRaftLogWorker (SegmentedRaftLogWorker.java:startLogSegment(385)) - 4281bf39-36db-462c-8bc9-3c86cb645344@group-307866F8E569-SegmentedRaftLogWorker: Starting segment from index:0
2019-10-16 11:35:35,799 [4281bf39-36db-462c-8bc9-3c86cb645344@group-307866F8E569-LeaderElection3] INFO  impl.RaftServerImpl (ServerState.java:setRaftConf(357)) - 4281bf39-36db-462c-8bc9-3c86cb645344@group-307866F8E569: set configuration 0: [4281bf39-36db-462c-8bc9-3c86cb645344:192.168.157.203:42381], old=null at 0
2019-10-16 11:35:35,801 [1ee6da7b-5867-4bad-ba0d-a2cfd13fd72a@group-2B03610871AD-LeaderElection2] INFO  impl.RoleInfo (RoleInfo.java:updateAndGet(143)) - 1ee6da7b-5867-4bad-ba0d-a2cfd13fd72a: start LeaderState
2019-10-16 11:35:35,802 [1ee6da7b-5867-4bad-ba0d-a2cfd13fd72a@group-2B03610871AD-LeaderElection2] INFO  segmented.SegmentedRaftLogWorker (SegmentedRaftLogWorker.java:startLogSegment(385)) - 1ee6da7b-5867-4bad-ba0d-a2cfd13fd72a@group-2B03610871AD-SegmentedRaftLogWorker: Starting segment from index:0
2019-10-16 11:35:35,802 [pool-77-thread-1] INFO  storage.RaftStorage (RaftStorage.java:format(84)) - Storage directory /workdir/hadoop-ozone/integration-test/target/test-dir/MiniOzoneClusterImpl-d10f3a9c-4fd6-4949-a3ff-490e135742c9/datanode-5/data/ratis/812ba297-ef93-4a10-9720-8da060090501 has been successfully formatted.
2019-10-16 11:35:35,802 [pool-77-thread-1] INFO  ratis.ContainerStateMachine (ContainerStateMachine.java:loadSnapshot(231)) - group-8DA060090501: The snapshot info is null. Setting the last applied indexto:(t:0, i:~)
2019-10-16 11:35:35,802 [pool-77-thread-1] INFO  server.RaftServerConfigKeys (ConfUtils.java:logGet(43)) - raft.server.notification.no-leader.timeout = 120s (custom)
2019-10-16 11:35:35,802 [1ee6da7b-5867-4bad-ba0d-a2cfd13fd72a@group-2B03610871AD-LeaderElection2] INFO  impl.RaftServerImpl (ServerState.java:setRaftConf(357)) - 1ee6da7b-5867-4bad-ba0d-a2cfd13fd72a@group-2B03610871AD: set configuration 0: [1ee6da7b-5867-4bad-ba0d-a2cfd13fd72a:192.168.157.203:35892], old=null at 0
2019-10-16 11:35:35,802 [pool-77-thread-1] INFO  server.RaftServerConfigKeys (ConfUtils.java:logGet(43)) - raft.server.log.use.memory = false (default)
2019-10-16 11:35:35,804 [pool-77-thread-1] INFO  server.RaftServerConfigKeys (ConfUtils.java:logGet(43)) - raft.server.log.purge.gap = 1000000 (custom)
2019-10-16 11:35:35,804 [pool-77-thread-1] INFO  server.RaftServerConfigKeys (ConfUtils.java:logGet(43)) - raft.server.log.appender.buffer.byte-limit = 33554432 (custom)
2019-10-16 11:35:35,804 [pool-77-thread-1] INFO  server.RaftServerConfigKeys (ConfUtils.java:logGet(43)) - raft.server.log.segment.size.max = 1048576 (custom)
2019-10-16 11:35:35,806 [pool-77-thread-1] INFO  server.RaftServerConfigKeys (ConfUtils.java:logGet(43)) - raft.server.log.segment.cache.num.max = 2 (custom)
2019-10-16 11:35:35,806 [pool-77-thread-1] INFO  segmented.SegmentedRaftLogWorker (SegmentedRaftLogWorker.java:<init>(173)) - new f94c755f-9f95-40b5-85b9-5e712f3f34e7@group-8DA060090501-SegmentedRaftLogWorker for RaftStorage:Storage Directory /workdir/hadoop-ozone/integration-test/target/test-dir/MiniOzoneClusterImpl-d10f3a9c-4fd6-4949-a3ff-490e135742c9/datanode-5/data/ratis/812ba297-ef93-4a10-9720-8da060090501
2019-10-16 11:35:35,807 [pool-77-thread-1] INFO  server.RaftServerConfigKeys (ConfUtils.java:logGet(43)) - raft.server.log.queue.byte-limit = 2147483647 (custom)
2019-10-16 11:35:35,807 [pool-77-thread-1] INFO  server.RaftServerConfigKeys (ConfUtils.java:logGet(43)) - raft.server.log.queue.element-limit = 1024 (custom)
2019-10-16 11:35:35,807 [pool-77-thread-1] INFO  server.RaftServerConfigKeys (ConfUtils.java:logGet(43)) - raft.server.log.segment.size.max = 1048576 (custom)
2019-10-16 11:35:35,807 [pool-77-thread-1] INFO  server.RaftServerConfigKeys (ConfUtils.java:logGet(43)) - raft.server.log.preallocated.size = 16384 (custom)
2019-10-16 11:35:35,807 [pool-77-thread-1] INFO  server.RaftServerConfigKeys (ConfUtils.java:logGet(43)) - raft.server.log.write.buffer.size = 33554432 (custom)
2019-10-16 11:35:35,807 [pool-77-thread-1] INFO  server.RaftServerConfigKeys (ConfUtils.java:logGet(43)) - raft.server.log.force.sync.num = 128 (default)
2019-10-16 11:35:35,807 [pool-77-thread-1] INFO  server.RaftServerConfigKeys (ConfUtils.java:logGet(43)) - raft.server.log.statemachine.data.sync = true (default)
2019-10-16 11:35:35,807 [pool-77-thread-1] INFO  server.RaftServerConfigKeys (ConfUtils.java:logGet(43)) - raft.server.log.statemachine.data.sync.timeout = 10s (default)
2019-10-16 11:35:35,807 [pool-77-thread-1] INFO  server.RaftServerConfigKeys (ConfUtils.java:logGet(43)) - raft.server.log.statemachine.data.sync.timeout.retry = -1 (default)
2019-10-16 11:35:35,808 [pool-77-thread-1] INFO  server.RaftServerConfigKeys (ConfUtils.java:logGet(43)) - raft.server.log.statemachine.data.caching.enabled = true (custom)
2019-10-16 11:35:35,816 [pool-77-thread-1] INFO  segmented.SegmentedRaftLogWorker (SegmentedRaftLogWorker.java:lambda$new$0(128)) - f94c755f-9f95-40b5-85b9-5e712f3f34e7@group-8DA060090501-SegmentedRaftLogWorker: flushIndex: setUnconditionally 0 -> -1
2019-10-16 11:35:35,817 [pool-77-thread-1] INFO  server.RaftServerConfigKeys (ConfUtils.java:logGet(43)) - raft.server.snapshot.auto.trigger.enabled = true (custom)
2019-10-16 11:35:35,817 [pool-77-thread-1] INFO  server.RaftServerConfigKeys (ConfUtils.java:logGet(43)) - raft.server.snapshot.auto.trigger.threshold = 10000 (custom)
2019-10-16 11:35:35,817 [pool-77-thread-1] INFO  server.RaftServerConfigKeys (ConfUtils.java:logGet(43)) - raft.server.snapshot.retention.file.num = 5 (custom)
2019-10-16 11:35:35,817 [pool-77-thread-1] INFO  server.RaftServerConfigKeys (ConfUtils.java:logGet(43)) - raft.server.retrycache.expirytime = 600000ms (custom)
2019-10-16 11:35:35,823 [pool-77-thread-1] INFO  impl.RaftServerImpl (RaftServerImpl.java:start(195)) - f94c755f-9f95-40b5-85b9-5e712f3f34e7@group-8DA060090501: start as a follower, conf=-1: [f94c755f-9f95-40b5-85b9-5e712f3f34e7:192.168.157.203:45275], old=null
2019-10-16 11:35:35,824 [pool-77-thread-1] INFO  impl.RaftServerImpl (RaftServerImpl.java:setRole(184)) - f94c755f-9f95-40b5-85b9-5e712f3f34e7@group-8DA060090501: changes role from      null to FOLLOWER at term 0 for startAsFollower
2019-10-16 11:35:35,824 [pool-77-thread-1] INFO  impl.RoleInfo (RoleInfo.java:updateAndGet(143)) - f94c755f-9f95-40b5-85b9-5e712f3f34e7: start FollowerState
2019-10-16 11:35:35,824 [pool-77-thread-1] INFO  util.JmxRegister (JmxRegister.java:tryRegister(44)) - Successfully registered JMX Bean with object name Ratis:service=RaftServer,group=group-8DA060090501,id=f94c755f-9f95-40b5-85b9-5e712f3f34e7
2019-10-16 11:35:35,844 [RatisPipelineUtilsThread] INFO  pipeline.PipelineStateManager (PipelineStateManager.java:addPipeline(56)) - Created pipeline Pipeline[ Id: 812ba297-ef93-4a10-9720-8da060090501, Nodes: f94c755f-9f95-40b5-85b9-5e712f3f34e7{ip: 192.168.157.203, host: pr-hdds-2313-gfcg9-2318083974, networkLocation: /default-rack, certSerialId: null}, Type:RATIS, Factor:ONE, State:OPEN]
2019-10-16 11:35:35,857 [grpc-default-executor-0] INFO  impl.RaftServerProxy (RaftServerProxy.java:addNew(89)) - a3132885-145f-4a8c-85f4-c10eb874732d: addNew group-5236A701081D:[a3132885-145f-4a8c-85f4-c10eb874732d:192.168.157.203:46766] returns group-5236A701081D:java.util.concurrent.CompletableFuture@6cc6ccd0[Not completed]
2019-10-16 11:35:35,862 [pool-97-thread-1] INFO  impl.RaftServerImpl (RaftServerImpl.java:<init>(104)) - a3132885-145f-4a8c-85f4-c10eb874732d: new RaftServerImpl for group-5236A701081D:[a3132885-145f-4a8c-85f4-c10eb874732d:192.168.157.203:46766] with ContainerStateMachine:uninitialized
2019-10-16 11:35:35,862 [pool-97-thread-1] INFO  server.RaftServerConfigKeys (ConfUtils.java:logGet(43)) - raft.server.rpc.timeout.min = 1s (custom)
2019-10-16 11:35:35,862 [pool-97-thread-1] INFO  server.RaftServerConfigKeys (ConfUtils.java:logGet(43)) - raft.server.rpc.timeout.max = 1200ms (custom)
2019-10-16 11:35:35,862 [pool-97-thread-1] INFO  server.RaftServerConfigKeys (ConfUtils.java:logGet(43)) - raft.server.rpcslowness.timeout = 120s (custom)
2019-10-16 11:35:35,863 [pool-97-thread-1] INFO  server.RaftServerConfigKeys (ConfUtils.java:logGet(43)) - raft.server.sleep.deviation.threshold = 300 (default)
2019-10-16 11:35:35,863 [pool-97-thread-1] INFO  server.RaftServerConfigKeys (ConfUtils.java:logGet(43)) - raft.server.log.appender.install.snapshot.enabled = false (custom)
2019-10-16 11:35:35,863 [pool-97-thread-1] INFO  impl.RaftServerImpl (ServerState.java:<init>(103)) - a3132885-145f-4a8c-85f4-c10eb874732d@group-5236A701081D: ConfigurationManager, init=-1: [a3132885-145f-4a8c-85f4-c10eb874732d:192.168.157.203:46766], old=null, confs=<EMPTY_MAP>
2019-10-16 11:35:35,863 [pool-97-thread-1] INFO  server.RaftServerConfigKeys (ConfUtils.java:logGet(43)) - raft.server.storage.dir = [/workdir/hadoop-ozone/integration-test/target/test-dir/MiniOzoneClusterImpl-d10f3a9c-4fd6-4949-a3ff-490e135742c9/datanode-7/data/ratis] (custom)
2019-10-16 11:35:35,863 [pool-97-thread-1] INFO  server.RaftServerConfigKeys (ConfUtils.java:logGet(43)) - raft.server.log.corruption.policy = EXCEPTION (default)
2019-10-16 11:35:35,864 [pool-97-thread-1] INFO  storage.RaftStorageDirectory (RaftStorageDirectory.java:analyzeStorage(246)) - The storage directory /workdir/hadoop-ozone/integration-test/target/test-dir/MiniOzoneClusterImpl-d10f3a9c-4fd6-4949-a3ff-490e135742c9/datanode-7/data/ratis/1d07589a-c487-42a5-87f3-5236a701081d does not exist. Creating ...
2019-10-16 11:35:35,870 [pool-97-thread-1] INFO  storage.RaftStorageDirectory (RaftStorageDirectory.java:tryLock(328)) - Lock on /workdir/hadoop-ozone/integration-test/target/test-dir/MiniOzoneClusterImpl-d10f3a9c-4fd6-4949-a3ff-490e135742c9/datanode-7/data/ratis/1d07589a-c487-42a5-87f3-5236a701081d/in_use.lock acquired by nodename 26920@pr-hdds-2313-gfcg9-2318083974
2019-10-16 11:35:35,874 [pool-97-thread-1] INFO  storage.RaftStorage (RaftStorage.java:format(84)) - Storage directory /workdir/hadoop-ozone/integration-test/target/test-dir/MiniOzoneClusterImpl-d10f3a9c-4fd6-4949-a3ff-490e135742c9/datanode-7/data/ratis/1d07589a-c487-42a5-87f3-5236a701081d has been successfully formatted.
2019-10-16 11:35:35,875 [pool-97-thread-1] INFO  ratis.ContainerStateMachine (ContainerStateMachine.java:loadSnapshot(231)) - group-5236A701081D: The snapshot info is null. Setting the last applied indexto:(t:0, i:~)
2019-10-16 11:35:35,875 [pool-97-thread-1] INFO  server.RaftServerConfigKeys (ConfUtils.java:logGet(43)) - raft.server.notification.no-leader.timeout = 120s (custom)
2019-10-16 11:35:35,875 [pool-97-thread-1] INFO  server.RaftServerConfigKeys (ConfUtils.java:logGet(43)) - raft.server.log.use.memory = false (default)
2019-10-16 11:35:35,875 [pool-97-thread-1] INFO  server.RaftServerConfigKeys (ConfUtils.java:logGet(43)) - raft.server.log.purge.gap = 1000000 (custom)
2019-10-16 11:35:35,875 [pool-97-thread-1] INFO  server.RaftServerConfigKeys (ConfUtils.java:logGet(43)) - raft.server.log.appender.buffer.byte-limit = 33554432 (custom)
2019-10-16 11:35:35,876 [pool-97-thread-1] INFO  server.RaftServerConfigKeys (ConfUtils.java:logGet(43)) - raft.server.log.segment.size.max = 1048576 (custom)
2019-10-16 11:35:35,879 [pool-97-thread-1] INFO  server.RaftServerConfigKeys (ConfUtils.java:logGet(43)) - raft.server.log.segment.cache.num.max = 2 (custom)
2019-10-16 11:35:35,879 [pool-97-thread-1] INFO  segmented.SegmentedRaftLogWorker (SegmentedRaftLogWorker.java:<init>(173)) - new a3132885-145f-4a8c-85f4-c10eb874732d@group-5236A701081D-SegmentedRaftLogWorker for RaftStorage:Storage Directory /workdir/hadoop-ozone/integration-test/target/test-dir/MiniOzoneClusterImpl-d10f3a9c-4fd6-4949-a3ff-490e135742c9/datanode-7/data/ratis/1d07589a-c487-42a5-87f3-5236a701081d
2019-10-16 11:35:35,879 [pool-97-thread-1] INFO  server.RaftServerConfigKeys (ConfUtils.java:logGet(43)) - raft.server.log.queue.byte-limit = 2147483647 (custom)
2019-10-16 11:35:35,880 [pool-97-thread-1] INFO  server.RaftServerConfigKeys (ConfUtils.java:logGet(43)) - raft.server.log.queue.element-limit = 1024 (custom)
2019-10-16 11:35:35,880 [pool-97-thread-1] INFO  server.RaftServerConfigKeys (ConfUtils.java:logGet(43)) - raft.server.log.segment.size.max = 1048576 (custom)
2019-10-16 11:35:35,880 [pool-97-thread-1] INFO  server.RaftServerConfigKeys (ConfUtils.java:logGet(43)) - raft.server.log.preallocated.size = 16384 (custom)
2019-10-16 11:35:35,880 [pool-97-thread-1] INFO  server.RaftServerConfigKeys (ConfUtils.java:logGet(43)) - raft.server.log.write.buffer.size = 33554432 (custom)
2019-10-16 11:35:35,880 [pool-97-thread-1] INFO  server.RaftServerConfigKeys (ConfUtils.java:logGet(43)) - raft.server.log.force.sync.num = 128 (default)
2019-10-16 11:35:35,880 [pool-97-thread-1] INFO  server.RaftServerConfigKeys (ConfUtils.java:logGet(43)) - raft.server.log.statemachine.data.sync = true (default)
2019-10-16 11:35:35,881 [pool-97-thread-1] INFO  server.RaftServerConfigKeys (ConfUtils.java:logGet(43)) - raft.server.log.statemachine.data.sync.timeout = 10s (default)
2019-10-16 11:35:35,881 [pool-97-thread-1] INFO  server.RaftServerConfigKeys (ConfUtils.java:logGet(43)) - raft.server.log.statemachine.data.sync.timeout.retry = -1 (default)
2019-10-16 11:35:35,881 [pool-97-thread-1] INFO  server.RaftServerConfigKeys (ConfUtils.java:logGet(43)) - raft.server.log.statemachine.data.caching.enabled = true (custom)
2019-10-16 11:35:35,882 [pool-97-thread-1] INFO  segmented.SegmentedRaftLogWorker (SegmentedRaftLogWorker.java:lambda$new$0(128)) - a3132885-145f-4a8c-85f4-c10eb874732d@group-5236A701081D-SegmentedRaftLogWorker: flushIndex: setUnconditionally 0 -> -1
2019-10-16 11:35:35,882 [pool-97-thread-1] INFO  server.RaftServerConfigKeys (ConfUtils.java:logGet(43)) - raft.server.snapshot.auto.trigger.enabled = true (custom)
2019-10-16 11:35:35,883 [pool-97-thread-1] INFO  server.RaftServerConfigKeys (ConfUtils.java:logGet(43)) - raft.server.snapshot.auto.trigger.threshold = 10000 (custom)
2019-10-16 11:35:35,883 [pool-97-thread-1] INFO  server.RaftServerConfigKeys (ConfUtils.java:logGet(43)) - raft.server.snapshot.retention.file.num = 5 (custom)
2019-10-16 11:35:35,883 [pool-97-thread-1] INFO  server.RaftServerConfigKeys (ConfUtils.java:logGet(43)) - raft.server.retrycache.expirytime = 600000ms (custom)
2019-10-16 11:35:35,920 [Thread-300] INFO  impl.FollowerState (FollowerState.java:run(108)) - f94c755f-9f95-40b5-85b9-5e712f3f34e7@group-8DA060090501-FollowerState: change to CANDIDATE, lastRpcTime:96ms, electionTimeout:92ms
2019-10-16 11:35:35,923 [Thread-300] INFO  impl.RoleInfo (RoleInfo.java:shutdownFollowerState(121)) - f94c755f-9f95-40b5-85b9-5e712f3f34e7: shutdown FollowerState
2019-10-16 11:35:35,924 [Thread-300] INFO  impl.RaftServerImpl (RaftServerImpl.java:setRole(184)) - f94c755f-9f95-40b5-85b9-5e712f3f34e7@group-8DA060090501: changes role from  FOLLOWER to CANDIDATE at term 0 for changeToCandidate
2019-10-16 11:35:35,924 [pool-97-thread-1] INFO  impl.RaftServerImpl (RaftServerImpl.java:start(195)) - a3132885-145f-4a8c-85f4-c10eb874732d@group-5236A701081D: start as a follower, conf=-1: [a3132885-145f-4a8c-85f4-c10eb874732d:192.168.157.203:46766], old=null
2019-10-16 11:35:35,924 [Thread-300] INFO  impl.RoleInfo (RoleInfo.java:updateAndGet(143)) - f94c755f-9f95-40b5-85b9-5e712f3f34e7: start LeaderElection
2019-10-16 11:35:35,924 [pool-97-thread-1] INFO  impl.RaftServerImpl (RaftServerImpl.java:setRole(184)) - a3132885-145f-4a8c-85f4-c10eb874732d@group-5236A701081D: changes role from      null to FOLLOWER at term 0 for startAsFollower
2019-10-16 11:35:35,924 [pool-97-thread-1] INFO  impl.RoleInfo (RoleInfo.java:updateAndGet(143)) - a3132885-145f-4a8c-85f4-c10eb874732d: start FollowerState
2019-10-16 11:35:35,928 [pool-97-thread-1] INFO  util.JmxRegister (JmxRegister.java:tryRegister(44)) - Successfully registered JMX Bean with object name Ratis:service=RaftServer,group=group-5236A701081D,id=a3132885-145f-4a8c-85f4-c10eb874732d
2019-10-16 11:35:35,934 [1ee6da7b-5867-4bad-ba0d-a2cfd13fd72a@group-2B03610871AD-SegmentedRaftLogWorker] INFO  segmented.SegmentedRaftLogWorker (SegmentedRaftLogWorker.java:execute(576)) - 1ee6da7b-5867-4bad-ba0d-a2cfd13fd72a@group-2B03610871AD-SegmentedRaftLogWorker: created new log segment /workdir/hadoop-ozone/integration-test/target/test-dir/MiniOzoneClusterImpl-d10f3a9c-4fd6-4949-a3ff-490e135742c9/datanode-2/data/ratis/35fc4185-2d43-4718-b502-2b03610871ad/current/log_inprogress_0
2019-10-16 11:35:35,934 [411bb2a3-40ef-4fc0-81ca-4490e6d37035@group-1DC689591BBC-SegmentedRaftLogWorker] INFO  segmented.SegmentedRaftLogWorker (SegmentedRaftLogWorker.java:execute(576)) - 411bb2a3-40ef-4fc0-81ca-4490e6d37035@group-1DC689591BBC-SegmentedRaftLogWorker: created new log segment /workdir/hadoop-ozone/integration-test/target/test-dir/MiniOzoneClusterImpl-d10f3a9c-4fd6-4949-a3ff-490e135742c9/datanode-0/data/ratis/a62a35bb-fcbf-4ec1-a993-1dc689591bbc/current/log_inprogress_0
2019-10-16 11:35:35,935 [f94c755f-9f95-40b5-85b9-5e712f3f34e7@group-8DA060090501-LeaderElection4] INFO  impl.LeaderElection (LeaderElection.java:askForVotes(178)) - f94c755f-9f95-40b5-85b9-5e712f3f34e7@group-8DA060090501-LeaderElection4: begin an election at term 1 for -1: [f94c755f-9f95-40b5-85b9-5e712f3f34e7:192.168.157.203:45275], old=null
2019-10-16 11:35:35,934 [4281bf39-36db-462c-8bc9-3c86cb645344@group-307866F8E569-SegmentedRaftLogWorker] INFO  segmented.SegmentedRaftLogWorker (SegmentedRaftLogWorker.java:execute(576)) - 4281bf39-36db-462c-8bc9-3c86cb645344@group-307866F8E569-SegmentedRaftLogWorker: created new log segment /workdir/hadoop-ozone/integration-test/target/test-dir/MiniOzoneClusterImpl-d10f3a9c-4fd6-4949-a3ff-490e135742c9/datanode-3/data/ratis/f0418566-dcd0-4ef4-a5a1-307866f8e569/current/log_inprogress_0
2019-10-16 11:35:35,935 [f94c755f-9f95-40b5-85b9-5e712f3f34e7@group-8DA060090501-LeaderElection4] INFO  impl.RoleInfo (RoleInfo.java:shutdownLeaderElection(134)) - f94c755f-9f95-40b5-85b9-5e712f3f34e7: shutdown LeaderElection
2019-10-16 11:35:35,935 [f94c755f-9f95-40b5-85b9-5e712f3f34e7@group-8DA060090501-LeaderElection4] INFO  impl.RaftServerImpl (RaftServerImpl.java:setRole(184)) - f94c755f-9f95-40b5-85b9-5e712f3f34e7@group-8DA060090501: changes role from CANDIDATE to LEADER at term 1 for changeToLeader
2019-10-16 11:35:35,936 [f94c755f-9f95-40b5-85b9-5e712f3f34e7@group-8DA060090501-LeaderElection4] INFO  impl.RaftServerImpl (ServerState.java:setLeader(256)) - f94c755f-9f95-40b5-85b9-5e712f3f34e7@group-8DA060090501: change Leader from null to f94c755f-9f95-40b5-85b9-5e712f3f34e7 at term 1 for becomeLeader, leader elected after 132ms
2019-10-16 11:35:35,937 [f94c755f-9f95-40b5-85b9-5e712f3f34e7@group-8DA060090501-LeaderElection4] INFO  server.RaftServerConfigKeys (ConfUtils.java:logGet(43)) - raft.server.staging.catchup.gap = 1000 (default)
2019-10-16 11:35:35,937 [f94c755f-9f95-40b5-85b9-5e712f3f34e7@group-8DA060090501-LeaderElection4] INFO  server.RaftServerConfigKeys (ConfUtils.java:logGet(43)) - raft.server.rpc.sleep.time = 25ms (default)
2019-10-16 11:35:35,939 [f94c755f-9f95-40b5-85b9-5e712f3f34e7@group-8DA060090501-LeaderElection4] INFO  server.RaftServerConfigKeys (ConfUtils.java:logGet(43)) - raft.server.write.element-limit = 4096 (default)
2019-10-16 11:35:35,939 [f94c755f-9f95-40b5-85b9-5e712f3f34e7@group-8DA060090501-LeaderElection4] INFO  server.RaftServerConfigKeys (ConfUtils.java:logGet(43)) - raft.server.watch.timeout = 10s (default)
2019-10-16 11:35:35,940 [f94c755f-9f95-40b5-85b9-5e712f3f34e7@group-8DA060090501-LeaderElection4] INFO  server.RaftServerConfigKeys (ConfUtils.java:logGet(43)) - raft.server.watch.timeout.denomination = 1s (default)
2019-10-16 11:35:35,940 [f94c755f-9f95-40b5-85b9-5e712f3f34e7@group-8DA060090501-LeaderElection4] INFO  server.RaftServerConfigKeys (ConfUtils.java:logGet(43)) - raft.server.watch.element-limit = 65536 (default)
2019-10-16 11:35:35,941 [RatisPipelineUtilsThread] INFO  pipeline.PipelineStateManager (PipelineStateManager.java:addPipeline(56)) - Created pipeline Pipeline[ Id: 1d07589a-c487-42a5-87f3-5236a701081d, Nodes: a3132885-145f-4a8c-85f4-c10eb874732d{ip: 192.168.157.203, host: pr-hdds-2313-gfcg9-2318083974, networkLocation: /default-rack, certSerialId: null}, Type:RATIS, Factor:ONE, State:OPEN]
2019-10-16 11:35:35,943 [f94c755f-9f95-40b5-85b9-5e712f3f34e7@group-8DA060090501-LeaderElection4] INFO  impl.RoleInfo (RoleInfo.java:updateAndGet(143)) - f94c755f-9f95-40b5-85b9-5e712f3f34e7: start LeaderState
2019-10-16 11:35:35,944 [f94c755f-9f95-40b5-85b9-5e712f3f34e7@group-8DA060090501-LeaderElection4] INFO  segmented.SegmentedRaftLogWorker (SegmentedRaftLogWorker.java:startLogSegment(385)) - f94c755f-9f95-40b5-85b9-5e712f3f34e7@group-8DA060090501-SegmentedRaftLogWorker: Starting segment from index:0
2019-10-16 11:35:35,971 [f94c755f-9f95-40b5-85b9-5e712f3f34e7@group-8DA060090501-LeaderElection4] INFO  impl.RaftServerImpl (ServerState.java:setRaftConf(357)) - f94c755f-9f95-40b5-85b9-5e712f3f34e7@group-8DA060090501: set configuration 0: [f94c755f-9f95-40b5-85b9-5e712f3f34e7:192.168.157.203:45275], old=null at 0
2019-10-16 11:35:35,971 [f94c755f-9f95-40b5-85b9-5e712f3f34e7@group-8DA060090501-SegmentedRaftLogWorker] INFO  segmented.SegmentedRaftLogWorker (SegmentedRaftLogWorker.java:execute(576)) - f94c755f-9f95-40b5-85b9-5e712f3f34e7@group-8DA060090501-SegmentedRaftLogWorker: created new log segment /workdir/hadoop-ozone/integration-test/target/test-dir/MiniOzoneClusterImpl-d10f3a9c-4fd6-4949-a3ff-490e135742c9/datanode-5/data/ratis/812ba297-ef93-4a10-9720-8da060090501/current/log_inprogress_0
2019-10-16 11:35:35,981 [grpc-default-executor-0] INFO  impl.RaftServerProxy (RaftServerProxy.java:addNew(89)) - 70b633f6-b230-4b9f-87f3-510da88f1e08: addNew group-DC109AECEF56:[70b633f6-b230-4b9f-87f3-510da88f1e08:192.168.157.203:43163] returns group-DC109AECEF56:java.util.concurrent.CompletableFuture@299fa1da[Not completed]
2019-10-16 11:35:35,985 [pool-117-thread-1] INFO  impl.RaftServerImpl (RaftServerImpl.java:<init>(104)) - 70b633f6-b230-4b9f-87f3-510da88f1e08: new RaftServerImpl for group-DC109AECEF56:[70b633f6-b230-4b9f-87f3-510da88f1e08:192.168.157.203:43163] with ContainerStateMachine:uninitialized
2019-10-16 11:35:35,985 [pool-117-thread-1] INFO  server.RaftServerConfigKeys (ConfUtils.java:logGet(43)) - raft.server.rpc.timeout.min = 1s (custom)
2019-10-16 11:35:35,985 [pool-117-thread-1] INFO  server.RaftServerConfigKeys (ConfUtils.java:logGet(43)) - raft.server.rpc.timeout.max = 1200ms (custom)
2019-10-16 11:35:35,985 [pool-117-thread-1] INFO  server.RaftServerConfigKeys (ConfUtils.java:logGet(43)) - raft.server.rpcslowness.timeout = 120s (custom)
2019-10-16 11:35:35,985 [pool-117-thread-1] INFO  server.RaftServerConfigKeys (ConfUtils.java:logGet(43)) - raft.server.sleep.deviation.threshold = 300 (default)
2019-10-16 11:35:35,985 [pool-117-thread-1] INFO  server.RaftServerConfigKeys (ConfUtils.java:logGet(43)) - raft.server.log.appender.install.snapshot.enabled = false (custom)
2019-10-16 11:35:35,986 [pool-117-thread-1] INFO  impl.RaftServerImpl (ServerState.java:<init>(103)) - 70b633f6-b230-4b9f-87f3-510da88f1e08@group-DC109AECEF56: ConfigurationManager, init=-1: [70b633f6-b230-4b9f-87f3-510da88f1e08:192.168.157.203:43163], old=null, confs=<EMPTY_MAP>
2019-10-16 11:35:35,986 [pool-117-thread-1] INFO  server.RaftServerConfigKeys (ConfUtils.java:logGet(43)) - raft.server.storage.dir = [/workdir/hadoop-ozone/integration-test/target/test-dir/MiniOzoneClusterImpl-d10f3a9c-4fd6-4949-a3ff-490e135742c9/datanode-9/data/ratis] (custom)
2019-10-16 11:35:35,986 [pool-117-thread-1] INFO  server.RaftServerConfigKeys (ConfUtils.java:logGet(43)) - raft.server.log.corruption.policy = EXCEPTION (default)
2019-10-16 11:35:35,986 [pool-117-thread-1] INFO  storage.RaftStorageDirectory (RaftStorageDirectory.java:analyzeStorage(246)) - The storage directory /workdir/hadoop-ozone/integration-test/target/test-dir/MiniOzoneClusterImpl-d10f3a9c-4fd6-4949-a3ff-490e135742c9/datanode-9/data/ratis/5d365e26-a4d2-475b-b5f9-dc109aecef56 does not exist. Creating ...
2019-10-16 11:35:35,994 [pool-117-thread-1] INFO  storage.RaftStorageDirectory (RaftStorageDirectory.java:tryLock(328)) - Lock on /workdir/hadoop-ozone/integration-test/target/test-dir/MiniOzoneClusterImpl-d10f3a9c-4fd6-4949-a3ff-490e135742c9/datanode-9/data/ratis/5d365e26-a4d2-475b-b5f9-dc109aecef56/in_use.lock acquired by nodename 26920@pr-hdds-2313-gfcg9-2318083974
2019-10-16 11:35:35,998 [pool-117-thread-1] INFO  storage.RaftStorage (RaftStorage.java:format(84)) - Storage directory /workdir/hadoop-ozone/integration-test/target/test-dir/MiniOzoneClusterImpl-d10f3a9c-4fd6-4949-a3ff-490e135742c9/datanode-9/data/ratis/5d365e26-a4d2-475b-b5f9-dc109aecef56 has been successfully formatted.
2019-10-16 11:35:35,998 [pool-117-thread-1] INFO  ratis.ContainerStateMachine (ContainerStateMachine.java:loadSnapshot(231)) - group-DC109AECEF56: The snapshot info is null. Setting the last applied indexto:(t:0, i:~)
2019-10-16 11:35:35,998 [pool-117-thread-1] INFO  server.RaftServerConfigKeys (ConfUtils.java:logGet(43)) - raft.server.notification.no-leader.timeout = 120s (custom)
2019-10-16 11:35:35,998 [pool-117-thread-1] INFO  server.RaftServerConfigKeys (ConfUtils.java:logGet(43)) - raft.server.log.use.memory = false (default)
2019-10-16 11:35:35,998 [pool-117-thread-1] INFO  server.RaftServerConfigKeys (ConfUtils.java:logGet(43)) - raft.server.log.purge.gap = 1000000 (custom)
2019-10-16 11:35:35,998 [pool-117-thread-1] INFO  server.RaftServerConfigKeys (ConfUtils.java:logGet(43)) - raft.server.log.appender.buffer.byte-limit = 33554432 (custom)
2019-10-16 11:35:35,999 [pool-117-thread-1] INFO  server.RaftServerConfigKeys (ConfUtils.java:logGet(43)) - raft.server.log.segment.size.max = 1048576 (custom)
2019-10-16 11:35:36,000 [pool-117-thread-1] INFO  server.RaftServerConfigKeys (ConfUtils.java:logGet(43)) - raft.server.log.segment.cache.num.max = 2 (custom)
2019-10-16 11:35:36,001 [pool-117-thread-1] INFO  segmented.SegmentedRaftLogWorker (SegmentedRaftLogWorker.java:<init>(173)) - new 70b633f6-b230-4b9f-87f3-510da88f1e08@group-DC109AECEF56-SegmentedRaftLogWorker for RaftStorage:Storage Directory /workdir/hadoop-ozone/integration-test/target/test-dir/MiniOzoneClusterImpl-d10f3a9c-4fd6-4949-a3ff-490e135742c9/datanode-9/data/ratis/5d365e26-a4d2-475b-b5f9-dc109aecef56
2019-10-16 11:35:36,001 [pool-117-thread-1] INFO  server.RaftServerConfigKeys (ConfUtils.java:logGet(43)) - raft.server.log.queue.byte-limit = 2147483647 (custom)
2019-10-16 11:35:36,001 [pool-117-thread-1] INFO  server.RaftServerConfigKeys (ConfUtils.java:logGet(43)) - raft.server.log.queue.element-limit = 1024 (custom)
2019-10-16 11:35:36,001 [pool-117-thread-1] INFO  server.RaftServerConfigKeys (ConfUtils.java:logGet(43)) - raft.server.log.segment.size.max = 1048576 (custom)
2019-10-16 11:35:36,001 [pool-117-thread-1] INFO  server.RaftServerConfigKeys (ConfUtils.java:logGet(43)) - raft.server.log.preallocated.size = 16384 (custom)
2019-10-16 11:35:36,001 [pool-117-thread-1] INFO  server.RaftServerConfigKeys (ConfUtils.java:logGet(43)) - raft.server.log.write.buffer.size = 33554432 (custom)
2019-10-16 11:35:36,001 [pool-117-thread-1] INFO  server.RaftServerConfigKeys (ConfUtils.java:logGet(43)) - raft.server.log.force.sync.num = 128 (default)
2019-10-16 11:35:36,001 [pool-117-thread-1] INFO  server.RaftServerConfigKeys (ConfUtils.java:logGet(43)) - raft.server.log.statemachine.data.sync = true (default)
2019-10-16 11:35:36,001 [pool-117-thread-1] INFO  server.RaftServerConfigKeys (ConfUtils.java:logGet(43)) - raft.server.log.statemachine.data.sync.timeout = 10s (default)
2019-10-16 11:35:36,001 [pool-117-thread-1] INFO  server.RaftServerConfigKeys (ConfUtils.java:logGet(43)) - raft.server.log.statemachine.data.sync.timeout.retry = -1 (default)
2019-10-16 11:35:36,002 [pool-117-thread-1] INFO  server.RaftServerConfigKeys (ConfUtils.java:logGet(43)) - raft.server.log.statemachine.data.caching.enabled = true (custom)
2019-10-16 11:35:36,009 [Thread-304] INFO  impl.FollowerState (FollowerState.java:run(108)) - a3132885-145f-4a8c-85f4-c10eb874732d@group-5236A701081D-FollowerState: change to CANDIDATE, lastRpcTime:84ms, electionTimeout:81ms
2019-10-16 11:35:36,009 [Thread-304] INFO  impl.RoleInfo (RoleInfo.java:shutdownFollowerState(121)) - a3132885-145f-4a8c-85f4-c10eb874732d: shutdown FollowerState
2019-10-16 11:35:36,009 [Thread-304] INFO  impl.RaftServerImpl (RaftServerImpl.java:setRole(184)) - a3132885-145f-4a8c-85f4-c10eb874732d@group-5236A701081D: changes role from  FOLLOWER to CANDIDATE at term 0 for changeToCandidate
2019-10-16 11:35:36,010 [Thread-304] INFO  impl.RoleInfo (RoleInfo.java:updateAndGet(143)) - a3132885-145f-4a8c-85f4-c10eb874732d: start LeaderElection
2019-10-16 11:35:36,010 [pool-117-thread-1] INFO  segmented.SegmentedRaftLogWorker (SegmentedRaftLogWorker.java:lambda$new$0(128)) - 70b633f6-b230-4b9f-87f3-510da88f1e08@group-DC109AECEF56-SegmentedRaftLogWorker: flushIndex: setUnconditionally 0 -> -1
2019-10-16 11:35:36,012 [pool-117-thread-1] INFO  server.RaftServerConfigKeys (ConfUtils.java:logGet(43)) - raft.server.snapshot.auto.trigger.enabled = true (custom)
2019-10-16 11:35:36,014 [pool-117-thread-1] INFO  server.RaftServerConfigKeys (ConfUtils.java:logGet(43)) - raft.server.snapshot.auto.trigger.threshold = 10000 (custom)
2019-10-16 11:35:36,014 [pool-117-thread-1] INFO  server.RaftServerConfigKeys (ConfUtils.java:logGet(43)) - raft.server.snapshot.retention.file.num = 5 (custom)
2019-10-16 11:35:36,014 [pool-117-thread-1] INFO  server.RaftServerConfigKeys (ConfUtils.java:logGet(43)) - raft.server.retrycache.expirytime = 600000ms (custom)
2019-10-16 11:35:36,018 [pool-117-thread-1] INFO  impl.RaftServerImpl (RaftServerImpl.java:start(195)) - 70b633f6-b230-4b9f-87f3-510da88f1e08@group-DC109AECEF56: start as a follower, conf=-1: [70b633f6-b230-4b9f-87f3-510da88f1e08:192.168.157.203:43163], old=null
2019-10-16 11:35:36,018 [pool-117-thread-1] INFO  impl.RaftServerImpl (RaftServerImpl.java:setRole(184)) - 70b633f6-b230-4b9f-87f3-510da88f1e08@group-DC109AECEF56: changes role from      null to FOLLOWER at term 0 for startAsFollower
2019-10-16 11:35:36,018 [pool-117-thread-1] INFO  impl.RoleInfo (RoleInfo.java:updateAndGet(143)) - 70b633f6-b230-4b9f-87f3-510da88f1e08: start FollowerState
2019-10-16 11:35:36,018 [pool-117-thread-1] INFO  util.JmxRegister (JmxRegister.java:tryRegister(44)) - Successfully registered JMX Bean with object name Ratis:service=RaftServer,group=group-DC109AECEF56,id=70b633f6-b230-4b9f-87f3-510da88f1e08
2019-10-16 11:35:36,023 [a3132885-145f-4a8c-85f4-c10eb874732d@group-5236A701081D-LeaderElection5] INFO  impl.LeaderElection (LeaderElection.java:askForVotes(178)) - a3132885-145f-4a8c-85f4-c10eb874732d@group-5236A701081D-LeaderElection5: begin an election at term 1 for -1: [a3132885-145f-4a8c-85f4-c10eb874732d:192.168.157.203:46766], old=null
2019-10-16 11:35:36,023 [a3132885-145f-4a8c-85f4-c10eb874732d@group-5236A701081D-LeaderElection5] INFO  impl.RoleInfo (RoleInfo.java:shutdownLeaderElection(134)) - a3132885-145f-4a8c-85f4-c10eb874732d: shutdown LeaderElection
2019-10-16 11:35:36,025 [a3132885-145f-4a8c-85f4-c10eb874732d@group-5236A701081D-LeaderElection5] INFO  impl.RaftServerImpl (RaftServerImpl.java:setRole(184)) - a3132885-145f-4a8c-85f4-c10eb874732d@group-5236A701081D: changes role from CANDIDATE to LEADER at term 1 for changeToLeader
2019-10-16 11:35:36,025 [a3132885-145f-4a8c-85f4-c10eb874732d@group-5236A701081D-LeaderElection5] INFO  impl.RaftServerImpl (ServerState.java:setLeader(256)) - a3132885-145f-4a8c-85f4-c10eb874732d@group-5236A701081D: change Leader from null to a3132885-145f-4a8c-85f4-c10eb874732d at term 1 for becomeLeader, leader elected after 150ms
2019-10-16 11:35:36,028 [a3132885-145f-4a8c-85f4-c10eb874732d@group-5236A701081D-LeaderElection5] INFO  server.RaftServerConfigKeys (ConfUtils.java:logGet(43)) - raft.server.staging.catchup.gap = 1000 (default)
2019-10-16 11:35:36,028 [a3132885-145f-4a8c-85f4-c10eb874732d@group-5236A701081D-LeaderElection5] INFO  server.RaftServerConfigKeys (ConfUtils.java:logGet(43)) - raft.server.rpc.sleep.time = 25ms (default)
2019-10-16 11:35:36,029 [a3132885-145f-4a8c-85f4-c10eb874732d@group-5236A701081D-LeaderElection5] INFO  server.RaftServerConfigKeys (ConfUtils.java:logGet(43)) - raft.server.write.element-limit = 4096 (default)
2019-10-16 11:35:36,030 [a3132885-145f-4a8c-85f4-c10eb874732d@group-5236A701081D-LeaderElection5] INFO  server.RaftServerConfigKeys (ConfUtils.java:logGet(43)) - raft.server.watch.timeout = 10s (default)
2019-10-16 11:35:36,030 [a3132885-145f-4a8c-85f4-c10eb874732d@group-5236A701081D-LeaderElection5] INFO  server.RaftServerConfigKeys (ConfUtils.java:logGet(43)) - raft.server.watch.timeout.denomination = 1s (default)
2019-10-16 11:35:36,031 [RatisPipelineUtilsThread] INFO  pipeline.PipelineStateManager (PipelineStateManager.java:addPipeline(56)) - Created pipeline Pipeline[ Id: 5d365e26-a4d2-475b-b5f9-dc109aecef56, Nodes: 70b633f6-b230-4b9f-87f3-510da88f1e08{ip: 192.168.157.203, host: pr-hdds-2313-gfcg9-2318083974, networkLocation: /default-rack, certSerialId: null}, Type:RATIS, Factor:ONE, State:OPEN]
2019-10-16 11:35:36,031 [a3132885-145f-4a8c-85f4-c10eb874732d@group-5236A701081D-LeaderElection5] INFO  server.RaftServerConfigKeys (ConfUtils.java:logGet(43)) - raft.server.watch.element-limit = 65536 (default)
2019-10-16 11:35:36,037 [a3132885-145f-4a8c-85f4-c10eb874732d@group-5236A701081D-LeaderElection5] INFO  impl.RoleInfo (RoleInfo.java:updateAndGet(143)) - a3132885-145f-4a8c-85f4-c10eb874732d: start LeaderState
2019-10-16 11:35:36,037 [a3132885-145f-4a8c-85f4-c10eb874732d@group-5236A701081D-LeaderElection5] INFO  segmented.SegmentedRaftLogWorker (SegmentedRaftLogWorker.java:startLogSegment(385)) - a3132885-145f-4a8c-85f4-c10eb874732d@group-5236A701081D-SegmentedRaftLogWorker: Starting segment from index:0
2019-10-16 11:35:36,038 [a3132885-145f-4a8c-85f4-c10eb874732d@group-5236A701081D-LeaderElection5] INFO  impl.RaftServerImpl (ServerState.java:setRaftConf(357)) - a3132885-145f-4a8c-85f4-c10eb874732d@group-5236A701081D: set configuration 0: [a3132885-145f-4a8c-85f4-c10eb874732d:192.168.157.203:46766], old=null at 0
2019-10-16 11:35:36,064 [Thread-309] INFO  impl.FollowerState (FollowerState.java:run(108)) - 70b633f6-b230-4b9f-87f3-510da88f1e08@group-DC109AECEF56-FollowerState: change to CANDIDATE, lastRpcTime:46ms, electionTimeout:21ms
2019-10-16 11:35:36,066 [Thread-309] INFO  impl.RoleInfo (RoleInfo.java:shutdownFollowerState(121)) - 70b633f6-b230-4b9f-87f3-510da88f1e08: shutdown FollowerState
2019-10-16 11:35:36,066 [Thread-309] INFO  impl.RaftServerImpl (RaftServerImpl.java:setRole(184)) - 70b633f6-b230-4b9f-87f3-510da88f1e08@group-DC109AECEF56: changes role from  FOLLOWER to CANDIDATE at term 0 for changeToCandidate
2019-10-16 11:35:36,066 [Thread-309] INFO  impl.RoleInfo (RoleInfo.java:updateAndGet(143)) - 70b633f6-b230-4b9f-87f3-510da88f1e08: start LeaderElection
2019-10-16 11:35:36,077 [grpc-default-executor-0] INFO  impl.RaftServerProxy (RaftServerProxy.java:addNew(89)) - 163587bb-2c3b-4498-b576-18147cf38274: addNew group-888478FE1AF8:[163587bb-2c3b-4498-b576-18147cf38274:192.168.157.203:33208] returns group-888478FE1AF8:java.util.concurrent.CompletableFuture@46b201d0[Not completed]
2019-10-16 11:35:36,089 [a3132885-145f-4a8c-85f4-c10eb874732d@group-5236A701081D-SegmentedRaftLogWorker] INFO  segmented.SegmentedRaftLogWorker (SegmentedRaftLogWorker.java:execute(576)) - a3132885-145f-4a8c-85f4-c10eb874732d@group-5236A701081D-SegmentedRaftLogWorker: created new log segment /workdir/hadoop-ozone/integration-test/target/test-dir/MiniOzoneClusterImpl-d10f3a9c-4fd6-4949-a3ff-490e135742c9/datanode-7/data/ratis/1d07589a-c487-42a5-87f3-5236a701081d/current/log_inprogress_0
2019-10-16 11:35:36,089 [pool-67-thread-1] INFO  impl.RaftServerImpl (RaftServerImpl.java:<init>(104)) - 163587bb-2c3b-4498-b576-18147cf38274: new RaftServerImpl for group-888478FE1AF8:[163587bb-2c3b-4498-b576-18147cf38274:192.168.157.203:33208] with ContainerStateMachine:uninitialized
2019-10-16 11:35:36,089 [70b633f6-b230-4b9f-87f3-510da88f1e08@group-DC109AECEF56-LeaderElection6] INFO  impl.LeaderElection (LeaderElection.java:askForVotes(178)) - 70b633f6-b230-4b9f-87f3-510da88f1e08@group-DC109AECEF56-LeaderElection6: begin an election at term 1 for -1: [70b633f6-b230-4b9f-87f3-510da88f1e08:192.168.157.203:43163], old=null
2019-10-16 11:35:36,089 [pool-67-thread-1] INFO  server.RaftServerConfigKeys (ConfUtils.java:logGet(43)) - raft.server.rpc.timeout.min = 1s (custom)
2019-10-16 11:35:36,089 [70b633f6-b230-4b9f-87f3-510da88f1e08@group-DC109AECEF56-LeaderElection6] INFO  impl.RoleInfo (RoleInfo.java:shutdownLeaderElection(134)) - 70b633f6-b230-4b9f-87f3-510da88f1e08: shutdown LeaderElection
2019-10-16 11:35:36,090 [pool-67-thread-1] INFO  server.RaftServerConfigKeys (ConfUtils.java:logGet(43)) - raft.server.rpc.timeout.max = 1200ms (custom)
2019-10-16 11:35:36,090 [70b633f6-b230-4b9f-87f3-510da88f1e08@group-DC109AECEF56-LeaderElection6] INFO  impl.RaftServerImpl (RaftServerImpl.java:setRole(184)) - 70b633f6-b230-4b9f-87f3-510da88f1e08@group-DC109AECEF56: changes role from CANDIDATE to LEADER at term 1 for changeToLeader
2019-10-16 11:35:36,090 [pool-67-thread-1] INFO  server.RaftServerConfigKeys (ConfUtils.java:logGet(43)) - raft.server.rpcslowness.timeout = 120s (custom)
2019-10-16 11:35:36,090 [70b633f6-b230-4b9f-87f3-510da88f1e08@group-DC109AECEF56-LeaderElection6] INFO  impl.RaftServerImpl (ServerState.java:setLeader(256)) - 70b633f6-b230-4b9f-87f3-510da88f1e08@group-DC109AECEF56: change Leader from null to 70b633f6-b230-4b9f-87f3-510da88f1e08 at term 1 for becomeLeader, leader elected after 91ms
2019-10-16 11:35:36,090 [pool-67-thread-1] INFO  server.RaftServerConfigKeys (ConfUtils.java:logGet(43)) - raft.server.sleep.deviation.threshold = 300 (default)
2019-10-16 11:35:36,090 [70b633f6-b230-4b9f-87f3-510da88f1e08@group-DC109AECEF56-LeaderElection6] INFO  server.RaftServerConfigKeys (ConfUtils.java:logGet(43)) - raft.server.staging.catchup.gap = 1000 (default)
2019-10-16 11:35:36,090 [pool-67-thread-1] INFO  server.RaftServerConfigKeys (ConfUtils.java:logGet(43)) - raft.server.log.appender.install.snapshot.enabled = false (custom)
2019-10-16 11:35:36,090 [70b633f6-b230-4b9f-87f3-510da88f1e08@group-DC109AECEF56-LeaderElection6] INFO  server.RaftServerConfigKeys (ConfUtils.java:logGet(43)) - raft.server.rpc.sleep.time = 25ms (default)
2019-10-16 11:35:36,090 [pool-67-thread-1] INFO  impl.RaftServerImpl (ServerState.java:<init>(103)) - 163587bb-2c3b-4498-b576-18147cf38274@group-888478FE1AF8: ConfigurationManager, init=-1: [163587bb-2c3b-4498-b576-18147cf38274:192.168.157.203:33208], old=null, confs=<EMPTY_MAP>
2019-10-16 11:35:36,090 [70b633f6-b230-4b9f-87f3-510da88f1e08@group-DC109AECEF56-LeaderElection6] INFO  server.RaftServerConfigKeys (ConfUtils.java:logGet(43)) - raft.server.write.element-limit = 4096 (default)
2019-10-16 11:35:36,090 [pool-67-thread-1] INFO  server.RaftServerConfigKeys (ConfUtils.java:logGet(43)) - raft.server.storage.dir = [/workdir/hadoop-ozone/integration-test/target/test-dir/MiniOzoneClusterImpl-d10f3a9c-4fd6-4949-a3ff-490e135742c9/datanode-4/data/ratis] (custom)
2019-10-16 11:35:36,090 [70b633f6-b230-4b9f-87f3-510da88f1e08@group-DC109AECEF56-LeaderElection6] INFO  server.RaftServerConfigKeys (ConfUtils.java:logGet(43)) - raft.server.watch.timeout = 10s (default)
2019-10-16 11:35:36,148 [pool-67-thread-1] INFO  server.RaftServerConfigKeys (ConfUtils.java:logGet(43)) - raft.server.log.corruption.policy = EXCEPTION (default)
2019-10-16 11:35:36,148 [70b633f6-b230-4b9f-87f3-510da88f1e08@group-DC109AECEF56-LeaderElection6] INFO  server.RaftServerConfigKeys (ConfUtils.java:logGet(43)) - raft.server.watch.timeout.denomination = 1s (default)
2019-10-16 11:35:36,148 [pool-67-thread-1] INFO  storage.RaftStorageDirectory (RaftStorageDirectory.java:analyzeStorage(246)) - The storage directory /workdir/hadoop-ozone/integration-test/target/test-dir/MiniOzoneClusterImpl-d10f3a9c-4fd6-4949-a3ff-490e135742c9/datanode-4/data/ratis/b34252ea-11ed-45d1-a6a2-888478fe1af8 does not exist. Creating ...
2019-10-16 11:35:36,148 [70b633f6-b230-4b9f-87f3-510da88f1e08@group-DC109AECEF56-LeaderElection6] INFO  server.RaftServerConfigKeys (ConfUtils.java:logGet(43)) - raft.server.watch.element-limit = 65536 (default)
2019-10-16 11:35:36,154 [pool-67-thread-1] INFO  storage.RaftStorageDirectory (RaftStorageDirectory.java:tryLock(328)) - Lock on /workdir/hadoop-ozone/integration-test/target/test-dir/MiniOzoneClusterImpl-d10f3a9c-4fd6-4949-a3ff-490e135742c9/datanode-4/data/ratis/b34252ea-11ed-45d1-a6a2-888478fe1af8/in_use.lock acquired by nodename 26920@pr-hdds-2313-gfcg9-2318083974
2019-10-16 11:35:36,158 [70b633f6-b230-4b9f-87f3-510da88f1e08@group-DC109AECEF56-LeaderElection6] INFO  impl.RoleInfo (RoleInfo.java:updateAndGet(143)) - 70b633f6-b230-4b9f-87f3-510da88f1e08: start LeaderState
2019-10-16 11:35:36,158 [70b633f6-b230-4b9f-87f3-510da88f1e08@group-DC109AECEF56-LeaderElection6] INFO  segmented.SegmentedRaftLogWorker (SegmentedRaftLogWorker.java:startLogSegment(385)) - 70b633f6-b230-4b9f-87f3-510da88f1e08@group-DC109AECEF56-SegmentedRaftLogWorker: Starting segment from index:0
2019-10-16 11:35:36,159 [70b633f6-b230-4b9f-87f3-510da88f1e08@group-DC109AECEF56-LeaderElection6] INFO  impl.RaftServerImpl (ServerState.java:setRaftConf(357)) - 70b633f6-b230-4b9f-87f3-510da88f1e08@group-DC109AECEF56: set configuration 0: [70b633f6-b230-4b9f-87f3-510da88f1e08:192.168.157.203:43163], old=null at 0
2019-10-16 11:35:36,194 [pool-67-thread-1] INFO  storage.RaftStorage (RaftStorage.java:format(84)) - Storage directory /workdir/hadoop-ozone/integration-test/target/test-dir/MiniOzoneClusterImpl-d10f3a9c-4fd6-4949-a3ff-490e135742c9/datanode-4/data/ratis/b34252ea-11ed-45d1-a6a2-888478fe1af8 has been successfully formatted.
2019-10-16 11:35:36,194 [pool-67-thread-1] INFO  ratis.ContainerStateMachine (ContainerStateMachine.java:loadSnapshot(231)) - group-888478FE1AF8: The snapshot info is null. Setting the last applied indexto:(t:0, i:~)
2019-10-16 11:35:36,194 [pool-67-thread-1] INFO  server.RaftServerConfigKeys (ConfUtils.java:logGet(43)) - raft.server.notification.no-leader.timeout = 120s (custom)
2019-10-16 11:35:36,195 [pool-67-thread-1] INFO  server.RaftServerConfigKeys (ConfUtils.java:logGet(43)) - raft.server.log.use.memory = false (default)
2019-10-16 11:35:36,196 [pool-67-thread-1] INFO  server.RaftServerConfigKeys (ConfUtils.java:logGet(43)) - raft.server.log.purge.gap = 1000000 (custom)
2019-10-16 11:35:36,196 [pool-67-thread-1] INFO  server.RaftServerConfigKeys (ConfUtils.java:logGet(43)) - raft.server.log.appender.buffer.byte-limit = 33554432 (custom)
2019-10-16 11:35:36,196 [pool-67-thread-1] INFO  server.RaftServerConfigKeys (ConfUtils.java:logGet(43)) - raft.server.log.segment.size.max = 1048576 (custom)
2019-10-16 11:35:36,216 [70b633f6-b230-4b9f-87f3-510da88f1e08@group-DC109AECEF56-SegmentedRaftLogWorker] INFO  segmented.SegmentedRaftLogWorker (SegmentedRaftLogWorker.java:execute(576)) - 70b633f6-b230-4b9f-87f3-510da88f1e08@group-DC109AECEF56-SegmentedRaftLogWorker: created new log segment /workdir/hadoop-ozone/integration-test/target/test-dir/MiniOzoneClusterImpl-d10f3a9c-4fd6-4949-a3ff-490e135742c9/datanode-9/data/ratis/5d365e26-a4d2-475b-b5f9-dc109aecef56/current/log_inprogress_0
2019-10-16 11:35:36,219 [pool-67-thread-1] INFO  server.RaftServerConfigKeys (ConfUtils.java:logGet(43)) - raft.server.log.segment.cache.num.max = 2 (custom)
2019-10-16 11:35:36,219 [pool-67-thread-1] INFO  segmented.SegmentedRaftLogWorker (SegmentedRaftLogWorker.java:<init>(173)) - new 163587bb-2c3b-4498-b576-18147cf38274@group-888478FE1AF8-SegmentedRaftLogWorker for RaftStorage:Storage Directory /workdir/hadoop-ozone/integration-test/target/test-dir/MiniOzoneClusterImpl-d10f3a9c-4fd6-4949-a3ff-490e135742c9/datanode-4/data/ratis/b34252ea-11ed-45d1-a6a2-888478fe1af8
2019-10-16 11:35:36,219 [pool-67-thread-1] INFO  server.RaftServerConfigKeys (ConfUtils.java:logGet(43)) - raft.server.log.queue.byte-limit = 2147483647 (custom)
2019-10-16 11:35:36,219 [pool-67-thread-1] INFO  server.RaftServerConfigKeys (ConfUtils.java:logGet(43)) - raft.server.log.queue.element-limit = 1024 (custom)
2019-10-16 11:35:36,220 [pool-67-thread-1] INFO  server.RaftServerConfigKeys (ConfUtils.java:logGet(43)) - raft.server.log.segment.size.max = 1048576 (custom)
2019-10-16 11:35:36,220 [pool-67-thread-1] INFO  server.RaftServerConfigKeys (ConfUtils.java:logGet(43)) - raft.server.log.preallocated.size = 16384 (custom)
2019-10-16 11:35:36,220 [pool-67-thread-1] INFO  server.RaftServerConfigKeys (ConfUtils.java:logGet(43)) - raft.server.log.write.buffer.size = 33554432 (custom)
2019-10-16 11:35:36,220 [pool-67-thread-1] INFO  server.RaftServerConfigKeys (ConfUtils.java:logGet(43)) - raft.server.log.force.sync.num = 128 (default)
2019-10-16 11:35:36,220 [pool-67-thread-1] INFO  server.RaftServerConfigKeys (ConfUtils.java:logGet(43)) - raft.server.log.statemachine.data.sync = true (default)
2019-10-16 11:35:36,220 [pool-67-thread-1] INFO  server.RaftServerConfigKeys (ConfUtils.java:logGet(43)) - raft.server.log.statemachine.data.sync.timeout = 10s (default)
2019-10-16 11:35:36,220 [pool-67-thread-1] INFO  server.RaftServerConfigKeys (ConfUtils.java:logGet(43)) - raft.server.log.statemachine.data.sync.timeout.retry = -1 (default)
2019-10-16 11:35:36,221 [pool-67-thread-1] INFO  server.RaftServerConfigKeys (ConfUtils.java:logGet(43)) - raft.server.log.statemachine.data.caching.enabled = true (custom)
2019-10-16 11:35:36,221 [pool-67-thread-1] INFO  segmented.SegmentedRaftLogWorker (SegmentedRaftLogWorker.java:lambda$new$0(128)) - 163587bb-2c3b-4498-b576-18147cf38274@group-888478FE1AF8-SegmentedRaftLogWorker: flushIndex: setUnconditionally 0 -> -1
2019-10-16 11:35:36,221 [pool-67-thread-1] INFO  server.RaftServerConfigKeys (ConfUtils.java:logGet(43)) - raft.server.snapshot.auto.trigger.enabled = true (custom)
2019-10-16 11:35:36,222 [pool-67-thread-1] INFO  server.RaftServerConfigKeys (ConfUtils.java:logGet(43)) - raft.server.snapshot.auto.trigger.threshold = 10000 (custom)
2019-10-16 11:35:36,222 [pool-67-thread-1] INFO  server.RaftServerConfigKeys (ConfUtils.java:logGet(43)) - raft.server.snapshot.retention.file.num = 5 (custom)
2019-10-16 11:35:36,222 [pool-67-thread-1] INFO  server.RaftServerConfigKeys (ConfUtils.java:logGet(43)) - raft.server.retrycache.expirytime = 600000ms (custom)
2019-10-16 11:35:36,226 [pool-67-thread-1] INFO  impl.RaftServerImpl (RaftServerImpl.java:start(195)) - 163587bb-2c3b-4498-b576-18147cf38274@group-888478FE1AF8: start as a follower, conf=-1: [163587bb-2c3b-4498-b576-18147cf38274:192.168.157.203:33208], old=null
2019-10-16 11:35:36,226 [pool-67-thread-1] INFO  impl.RaftServerImpl (RaftServerImpl.java:setRole(184)) - 163587bb-2c3b-4498-b576-18147cf38274@group-888478FE1AF8: changes role from      null to FOLLOWER at term 0 for startAsFollower
2019-10-16 11:35:36,226 [pool-67-thread-1] INFO  impl.RoleInfo (RoleInfo.java:updateAndGet(143)) - 163587bb-2c3b-4498-b576-18147cf38274: start FollowerState
2019-10-16 11:35:36,227 [pool-67-thread-1] INFO  util.JmxRegister (JmxRegister.java:tryRegister(44)) - Successfully registered JMX Bean with object name Ratis:service=RaftServer,group=group-888478FE1AF8,id=163587bb-2c3b-4498-b576-18147cf38274
2019-10-16 11:35:36,243 [RatisPipelineUtilsThread] INFO  pipeline.PipelineStateManager (PipelineStateManager.java:addPipeline(56)) - Created pipeline Pipeline[ Id: b34252ea-11ed-45d1-a6a2-888478fe1af8, Nodes: 163587bb-2c3b-4498-b576-18147cf38274{ip: 192.168.157.203, host: pr-hdds-2313-gfcg9-2318083974, networkLocation: /default-rack, certSerialId: null}, Type:RATIS, Factor:ONE, State:OPEN]
2019-10-16 11:35:36,256 [grpc-default-executor-0] INFO  impl.RaftServerProxy (RaftServerProxy.java:addNew(89)) - 5c445d34-c031-481c-9d4b-8fbace1f61b8: addNew group-2FD438A1B24D:[5c445d34-c031-481c-9d4b-8fbace1f61b8:192.168.157.203:37070] returns group-2FD438A1B24D:java.util.concurrent.CompletableFuture@72c8c0aa[Not completed]
2019-10-16 11:35:36,258 [pool-37-thread-1] INFO  impl.RaftServerImpl (RaftServerImpl.java:<init>(104)) - 5c445d34-c031-481c-9d4b-8fbace1f61b8: new RaftServerImpl for group-2FD438A1B24D:[5c445d34-c031-481c-9d4b-8fbace1f61b8:192.168.157.203:37070] with ContainerStateMachine:uninitialized
2019-10-16 11:35:36,258 [pool-37-thread-1] INFO  server.RaftServerConfigKeys (ConfUtils.java:logGet(43)) - raft.server.rpc.timeout.min = 1s (custom)
2019-10-16 11:35:36,258 [pool-37-thread-1] INFO  server.RaftServerConfigKeys (ConfUtils.java:logGet(43)) - raft.server.rpc.timeout.max = 1200ms (custom)
2019-10-16 11:35:36,258 [pool-37-thread-1] INFO  server.RaftServerConfigKeys (ConfUtils.java:logGet(43)) - raft.server.rpcslowness.timeout = 120s (custom)
2019-10-16 11:35:36,258 [pool-37-thread-1] INFO  server.RaftServerConfigKeys (ConfUtils.java:logGet(43)) - raft.server.sleep.deviation.threshold = 300 (default)
2019-10-16 11:35:36,258 [pool-37-thread-1] INFO  server.RaftServerConfigKeys (ConfUtils.java:logGet(43)) - raft.server.log.appender.install.snapshot.enabled = false (custom)
2019-10-16 11:35:36,258 [pool-37-thread-1] INFO  impl.RaftServerImpl (ServerState.java:<init>(103)) - 5c445d34-c031-481c-9d4b-8fbace1f61b8@group-2FD438A1B24D: ConfigurationManager, init=-1: [5c445d34-c031-481c-9d4b-8fbace1f61b8:192.168.157.203:37070], old=null, confs=<EMPTY_MAP>
2019-10-16 11:35:36,259 [pool-37-thread-1] INFO  server.RaftServerConfigKeys (ConfUtils.java:logGet(43)) - raft.server.storage.dir = [/workdir/hadoop-ozone/integration-test/target/test-dir/MiniOzoneClusterImpl-d10f3a9c-4fd6-4949-a3ff-490e135742c9/datanode-1/data/ratis] (custom)
2019-10-16 11:35:36,259 [pool-37-thread-1] INFO  server.RaftServerConfigKeys (ConfUtils.java:logGet(43)) - raft.server.log.corruption.policy = EXCEPTION (default)
2019-10-16 11:35:36,259 [pool-37-thread-1] INFO  storage.RaftStorageDirectory (RaftStorageDirectory.java:analyzeStorage(246)) - The storage directory /workdir/hadoop-ozone/integration-test/target/test-dir/MiniOzoneClusterImpl-d10f3a9c-4fd6-4949-a3ff-490e135742c9/datanode-1/data/ratis/c156ed1a-8b70-4746-bfd0-2fd438a1b24d does not exist. Creating ...
2019-10-16 11:35:36,267 [pool-37-thread-1] INFO  storage.RaftStorageDirectory (RaftStorageDirectory.java:tryLock(328)) - Lock on /workdir/hadoop-ozone/integration-test/target/test-dir/MiniOzoneClusterImpl-d10f3a9c-4fd6-4949-a3ff-490e135742c9/datanode-1/data/ratis/c156ed1a-8b70-4746-bfd0-2fd438a1b24d/in_use.lock acquired by nodename 26920@pr-hdds-2313-gfcg9-2318083974
2019-10-16 11:35:36,272 [pool-37-thread-1] INFO  storage.RaftStorage (RaftStorage.java:format(84)) - Storage directory /workdir/hadoop-ozone/integration-test/target/test-dir/MiniOzoneClusterImpl-d10f3a9c-4fd6-4949-a3ff-490e135742c9/datanode-1/data/ratis/c156ed1a-8b70-4746-bfd0-2fd438a1b24d has been successfully formatted.
2019-10-16 11:35:36,272 [pool-37-thread-1] INFO  ratis.ContainerStateMachine (ContainerStateMachine.java:loadSnapshot(231)) - group-2FD438A1B24D: The snapshot info is null. Setting the last applied indexto:(t:0, i:~)
2019-10-16 11:35:36,272 [pool-37-thread-1] INFO  server.RaftServerConfigKeys (ConfUtils.java:logGet(43)) - raft.server.notification.no-leader.timeout = 120s (custom)
2019-10-16 11:35:36,272 [pool-37-thread-1] INFO  server.RaftServerConfigKeys (ConfUtils.java:logGet(43)) - raft.server.log.use.memory = false (default)
2019-10-16 11:35:36,273 [pool-37-thread-1] INFO  server.RaftServerConfigKeys (ConfUtils.java:logGet(43)) - raft.server.log.purge.gap = 1000000 (custom)
2019-10-16 11:35:36,273 [pool-37-thread-1] INFO  server.RaftServerConfigKeys (ConfUtils.java:logGet(43)) - raft.server.log.appender.buffer.byte-limit = 33554432 (custom)
2019-10-16 11:35:36,273 [pool-37-thread-1] INFO  server.RaftServerConfigKeys (ConfUtils.java:logGet(43)) - raft.server.log.segment.size.max = 1048576 (custom)
2019-10-16 11:35:36,275 [pool-37-thread-1] INFO  server.RaftServerConfigKeys (ConfUtils.java:logGet(43)) - raft.server.log.segment.cache.num.max = 2 (custom)
2019-10-16 11:35:36,275 [pool-37-thread-1] INFO  segmented.SegmentedRaftLogWorker (SegmentedRaftLogWorker.java:<init>(173)) - new 5c445d34-c031-481c-9d4b-8fbace1f61b8@group-2FD438A1B24D-SegmentedRaftLogWorker for RaftStorage:Storage Directory /workdir/hadoop-ozone/integration-test/target/test-dir/MiniOzoneClusterImpl-d10f3a9c-4fd6-4949-a3ff-490e135742c9/datanode-1/data/ratis/c156ed1a-8b70-4746-bfd0-2fd438a1b24d
2019-10-16 11:35:36,275 [pool-37-thread-1] INFO  server.RaftServerConfigKeys (ConfUtils.java:logGet(43)) - raft.server.log.queue.byte-limit = 2147483647 (custom)
2019-10-16 11:35:36,276 [pool-37-thread-1] INFO  server.RaftServerConfigKeys (ConfUtils.java:logGet(43)) - raft.server.log.queue.element-limit = 1024 (custom)
2019-10-16 11:35:36,276 [pool-37-thread-1] INFO  server.RaftServerConfigKeys (ConfUtils.java:logGet(43)) - raft.server.log.segment.size.max = 1048576 (custom)
2019-10-16 11:35:36,276 [pool-37-thread-1] INFO  server.RaftServerConfigKeys (ConfUtils.java:logGet(43)) - raft.server.log.preallocated.size = 16384 (custom)
2019-10-16 11:35:36,276 [pool-37-thread-1] INFO  server.RaftServerConfigKeys (ConfUtils.java:logGet(43)) - raft.server.log.write.buffer.size = 33554432 (custom)
2019-10-16 11:35:36,276 [pool-37-thread-1] INFO  server.RaftServerConfigKeys (ConfUtils.java:logGet(43)) - raft.server.log.force.sync.num = 128 (default)
2019-10-16 11:35:36,276 [pool-37-thread-1] INFO  server.RaftServerConfigKeys (ConfUtils.java:logGet(43)) - raft.server.log.statemachine.data.sync = true (default)
2019-10-16 11:35:36,276 [pool-37-thread-1] INFO  server.RaftServerConfigKeys (ConfUtils.java:logGet(43)) - raft.server.log.statemachine.data.sync.timeout = 10s (default)
2019-10-16 11:35:36,276 [pool-37-thread-1] INFO  server.RaftServerConfigKeys (ConfUtils.java:logGet(43)) - raft.server.log.statemachine.data.sync.timeout.retry = -1 (default)
2019-10-16 11:35:36,277 [pool-37-thread-1] INFO  server.RaftServerConfigKeys (ConfUtils.java:logGet(43)) - raft.server.log.statemachine.data.caching.enabled = true (custom)
2019-10-16 11:35:36,277 [pool-37-thread-1] INFO  segmented.SegmentedRaftLogWorker (SegmentedRaftLogWorker.java:lambda$new$0(128)) - 5c445d34-c031-481c-9d4b-8fbace1f61b8@group-2FD438A1B24D-SegmentedRaftLogWorker: flushIndex: setUnconditionally 0 -> -1
2019-10-16 11:35:36,278 [pool-37-thread-1] INFO  server.RaftServerConfigKeys (ConfUtils.java:logGet(43)) - raft.server.snapshot.auto.trigger.enabled = true (custom)
2019-10-16 11:35:36,278 [pool-37-thread-1] INFO  server.RaftServerConfigKeys (ConfUtils.java:logGet(43)) - raft.server.snapshot.auto.trigger.threshold = 10000 (custom)
2019-10-16 11:35:36,278 [pool-37-thread-1] INFO  server.RaftServerConfigKeys (ConfUtils.java:logGet(43)) - raft.server.snapshot.retention.file.num = 5 (custom)
2019-10-16 11:35:36,278 [pool-37-thread-1] INFO  server.RaftServerConfigKeys (ConfUtils.java:logGet(43)) - raft.server.retrycache.expirytime = 600000ms (custom)
2019-10-16 11:35:36,282 [pool-37-thread-1] INFO  impl.RaftServerImpl (RaftServerImpl.java:start(195)) - 5c445d34-c031-481c-9d4b-8fbace1f61b8@group-2FD438A1B24D: start as a follower, conf=-1: [5c445d34-c031-481c-9d4b-8fbace1f61b8:192.168.157.203:37070], old=null
2019-10-16 11:35:36,282 [pool-37-thread-1] INFO  impl.RaftServerImpl (RaftServerImpl.java:setRole(184)) - 5c445d34-c031-481c-9d4b-8fbace1f61b8@group-2FD438A1B24D: changes role from      null to FOLLOWER at term 0 for startAsFollower
2019-10-16 11:35:36,282 [pool-37-thread-1] INFO  impl.RoleInfo (RoleInfo.java:updateAndGet(143)) - 5c445d34-c031-481c-9d4b-8fbace1f61b8: start FollowerState
2019-10-16 11:35:36,282 [pool-37-thread-1] INFO  util.JmxRegister (JmxRegister.java:tryRegister(44)) - Successfully registered JMX Bean with object name Ratis:service=RaftServer,group=group-2FD438A1B24D,id=5c445d34-c031-481c-9d4b-8fbace1f61b8
2019-10-16 11:35:36,291 [RatisPipelineUtilsThread] INFO  pipeline.PipelineStateManager (PipelineStateManager.java:addPipeline(56)) - Created pipeline Pipeline[ Id: c156ed1a-8b70-4746-bfd0-2fd438a1b24d, Nodes: 5c445d34-c031-481c-9d4b-8fbace1f61b8{ip: 192.168.157.203, host: pr-hdds-2313-gfcg9-2318083974, networkLocation: /default-rack, certSerialId: null}, Type:RATIS, Factor:ONE, State:OPEN]
2019-10-16 11:35:36,303 [grpc-default-executor-0] INFO  impl.RaftServerProxy (RaftServerProxy.java:addNew(89)) - 857fec05-692a-4d09-bf1c-7d167682feae: addNew group-AE6E07F3D65A:[857fec05-692a-4d09-bf1c-7d167682feae:192.168.157.203:37664] returns group-AE6E07F3D65A:java.util.concurrent.CompletableFuture@75833d7[Not completed]
2019-10-16 11:35:36,304 [pool-87-thread-1] INFO  impl.RaftServerImpl (RaftServerImpl.java:<init>(104)) - 857fec05-692a-4d09-bf1c-7d167682feae: new RaftServerImpl for group-AE6E07F3D65A:[857fec05-692a-4d09-bf1c-7d167682feae:192.168.157.203:37664] with ContainerStateMachine:uninitialized
2019-10-16 11:35:36,304 [pool-87-thread-1] INFO  server.RaftServerConfigKeys (ConfUtils.java:logGet(43)) - raft.server.rpc.timeout.min = 1s (custom)
2019-10-16 11:35:36,304 [pool-87-thread-1] INFO  server.RaftServerConfigKeys (ConfUtils.java:logGet(43)) - raft.server.rpc.timeout.max = 1200ms (custom)
2019-10-16 11:35:36,304 [pool-87-thread-1] INFO  server.RaftServerConfigKeys (ConfUtils.java:logGet(43)) - raft.server.rpcslowness.timeout = 120s (custom)
2019-10-16 11:35:36,304 [pool-87-thread-1] INFO  server.RaftServerConfigKeys (ConfUtils.java:logGet(43)) - raft.server.sleep.deviation.threshold = 300 (default)
2019-10-16 11:35:36,304 [pool-87-thread-1] INFO  server.RaftServerConfigKeys (ConfUtils.java:logGet(43)) - raft.server.log.appender.install.snapshot.enabled = false (custom)
2019-10-16 11:35:36,304 [pool-87-thread-1] INFO  impl.RaftServerImpl (ServerState.java:<init>(103)) - 857fec05-692a-4d09-bf1c-7d167682feae@group-AE6E07F3D65A: ConfigurationManager, init=-1: [857fec05-692a-4d09-bf1c-7d167682feae:192.168.157.203:37664], old=null, confs=<EMPTY_MAP>
2019-10-16 11:35:36,305 [pool-87-thread-1] INFO  server.RaftServerConfigKeys (ConfUtils.java:logGet(43)) - raft.server.storage.dir = [/workdir/hadoop-ozone/integration-test/target/test-dir/MiniOzoneClusterImpl-d10f3a9c-4fd6-4949-a3ff-490e135742c9/datanode-6/data/ratis] (custom)
2019-10-16 11:35:36,306 [pool-87-thread-1] INFO  server.RaftServerConfigKeys (ConfUtils.java:logGet(43)) - raft.server.log.corruption.policy = EXCEPTION (default)
2019-10-16 11:35:36,306 [pool-87-thread-1] INFO  storage.RaftStorageDirectory (RaftStorageDirectory.java:analyzeStorage(246)) - The storage directory /workdir/hadoop-ozone/integration-test/target/test-dir/MiniOzoneClusterImpl-d10f3a9c-4fd6-4949-a3ff-490e135742c9/datanode-6/data/ratis/1b9f278a-40c5-4ba3-b356-ae6e07f3d65a does not exist. Creating ...
2019-10-16 11:35:36,313 [pool-87-thread-1] INFO  storage.RaftStorageDirectory (RaftStorageDirectory.java:tryLock(328)) - Lock on /workdir/hadoop-ozone/integration-test/target/test-dir/MiniOzoneClusterImpl-d10f3a9c-4fd6-4949-a3ff-490e135742c9/datanode-6/data/ratis/1b9f278a-40c5-4ba3-b356-ae6e07f3d65a/in_use.lock acquired by nodename 26920@pr-hdds-2313-gfcg9-2318083974
2019-10-16 11:35:36,318 [pool-87-thread-1] INFO  storage.RaftStorage (RaftStorage.java:format(84)) - Storage directory /workdir/hadoop-ozone/integration-test/target/test-dir/MiniOzoneClusterImpl-d10f3a9c-4fd6-4949-a3ff-490e135742c9/datanode-6/data/ratis/1b9f278a-40c5-4ba3-b356-ae6e07f3d65a has been successfully formatted.
2019-10-16 11:35:36,319 [pool-87-thread-1] INFO  ratis.ContainerStateMachine (ContainerStateMachine.java:loadSnapshot(231)) - group-AE6E07F3D65A: The snapshot info is null. Setting the last applied indexto:(t:0, i:~)
2019-10-16 11:35:36,319 [pool-87-thread-1] INFO  server.RaftServerConfigKeys (ConfUtils.java:logGet(43)) - raft.server.notification.no-leader.timeout = 120s (custom)
2019-10-16 11:35:36,319 [pool-87-thread-1] INFO  server.RaftServerConfigKeys (ConfUtils.java:logGet(43)) - raft.server.log.use.memory = false (default)
2019-10-16 11:35:36,319 [pool-87-thread-1] INFO  server.RaftServerConfigKeys (ConfUtils.java:logGet(43)) - raft.server.log.purge.gap = 1000000 (custom)
2019-10-16 11:35:36,320 [pool-87-thread-1] INFO  server.RaftServerConfigKeys (ConfUtils.java:logGet(43)) - raft.server.log.appender.buffer.byte-limit = 33554432 (custom)
2019-10-16 11:35:36,320 [pool-87-thread-1] INFO  server.RaftServerConfigKeys (ConfUtils.java:logGet(43)) - raft.server.log.segment.size.max = 1048576 (custom)
2019-10-16 11:35:36,323 [pool-87-thread-1] INFO  server.RaftServerConfigKeys (ConfUtils.java:logGet(43)) - raft.server.log.segment.cache.num.max = 2 (custom)
2019-10-16 11:35:36,323 [pool-87-thread-1] INFO  segmented.SegmentedRaftLogWorker (SegmentedRaftLogWorker.java:<init>(173)) - new 857fec05-692a-4d09-bf1c-7d167682feae@group-AE6E07F3D65A-SegmentedRaftLogWorker for RaftStorage:Storage Directory /workdir/hadoop-ozone/integration-test/target/test-dir/MiniOzoneClusterImpl-d10f3a9c-4fd6-4949-a3ff-490e135742c9/datanode-6/data/ratis/1b9f278a-40c5-4ba3-b356-ae6e07f3d65a
2019-10-16 11:35:36,323 [pool-87-thread-1] INFO  server.RaftServerConfigKeys (ConfUtils.java:logGet(43)) - raft.server.log.queue.byte-limit = 2147483647 (custom)
2019-10-16 11:35:36,323 [pool-87-thread-1] INFO  server.RaftServerConfigKeys (ConfUtils.java:logGet(43)) - raft.server.log.queue.element-limit = 1024 (custom)
2019-10-16 11:35:36,323 [pool-87-thread-1] INFO  server.RaftServerConfigKeys (ConfUtils.java:logGet(43)) - raft.server.log.segment.size.max = 1048576 (custom)
2019-10-16 11:35:36,323 [pool-87-thread-1] INFO  server.RaftServerConfigKeys (ConfUtils.java:logGet(43)) - raft.server.log.preallocated.size = 16384 (custom)
2019-10-16 11:35:36,323 [pool-87-thread-1] INFO  server.RaftServerConfigKeys (ConfUtils.java:logGet(43)) - raft.server.log.write.buffer.size = 33554432 (custom)
2019-10-16 11:35:36,323 [pool-87-thread-1] INFO  server.RaftServerConfigKeys (ConfUtils.java:logGet(43)) - raft.server.log.force.sync.num = 128 (default)
2019-10-16 11:35:36,324 [pool-87-thread-1] INFO  server.RaftServerConfigKeys (ConfUtils.java:logGet(43)) - raft.server.log.statemachine.data.sync = true (default)
2019-10-16 11:35:36,324 [pool-87-thread-1] INFO  server.RaftServerConfigKeys (ConfUtils.java:logGet(43)) - raft.server.log.statemachine.data.sync.timeout = 10s (default)
2019-10-16 11:35:36,324 [pool-87-thread-1] INFO  server.RaftServerConfigKeys (ConfUtils.java:logGet(43)) - raft.server.log.statemachine.data.sync.timeout.retry = -1 (default)
2019-10-16 11:35:36,324 [pool-87-thread-1] INFO  server.RaftServerConfigKeys (ConfUtils.java:logGet(43)) - raft.server.log.statemachine.data.caching.enabled = true (custom)
2019-10-16 11:35:36,324 [pool-87-thread-1] INFO  segmented.SegmentedRaftLogWorker (SegmentedRaftLogWorker.java:lambda$new$0(128)) - 857fec05-692a-4d09-bf1c-7d167682feae@group-AE6E07F3D65A-SegmentedRaftLogWorker: flushIndex: setUnconditionally 0 -> -1
2019-10-16 11:35:36,325 [pool-87-thread-1] INFO  server.RaftServerConfigKeys (ConfUtils.java:logGet(43)) - raft.server.snapshot.auto.trigger.enabled = true (custom)
2019-10-16 11:35:36,325 [pool-87-thread-1] INFO  server.RaftServerConfigKeys (ConfUtils.java:logGet(43)) - raft.server.snapshot.auto.trigger.threshold = 10000 (custom)
2019-10-16 11:35:36,325 [pool-87-thread-1] INFO  server.RaftServerConfigKeys (ConfUtils.java:logGet(43)) - raft.server.snapshot.retention.file.num = 5 (custom)
2019-10-16 11:35:36,326 [pool-87-thread-1] INFO  server.RaftServerConfigKeys (ConfUtils.java:logGet(43)) - raft.server.retrycache.expirytime = 600000ms (custom)
2019-10-16 11:35:36,327 [Thread-315] INFO  impl.FollowerState (FollowerState.java:run(108)) - 163587bb-2c3b-4498-b576-18147cf38274@group-888478FE1AF8-FollowerState: change to CANDIDATE, lastRpcTime:100ms, electionTimeout:100ms
2019-10-16 11:35:36,327 [Thread-315] INFO  impl.RoleInfo (RoleInfo.java:shutdownFollowerState(121)) - 163587bb-2c3b-4498-b576-18147cf38274: shutdown FollowerState
2019-10-16 11:35:36,327 [Thread-315] INFO  impl.RaftServerImpl (RaftServerImpl.java:setRole(184)) - 163587bb-2c3b-4498-b576-18147cf38274@group-888478FE1AF8: changes role from  FOLLOWER to CANDIDATE at term 0 for changeToCandidate
2019-10-16 11:35:36,327 [Thread-315] INFO  impl.RoleInfo (RoleInfo.java:updateAndGet(143)) - 163587bb-2c3b-4498-b576-18147cf38274: start LeaderElection
2019-10-16 11:35:36,331 [pool-87-thread-1] INFO  impl.RaftServerImpl (RaftServerImpl.java:start(195)) - 857fec05-692a-4d09-bf1c-7d167682feae@group-AE6E07F3D65A: start as a follower, conf=-1: [857fec05-692a-4d09-bf1c-7d167682feae:192.168.157.203:37664], old=null
2019-10-16 11:35:36,331 [pool-87-thread-1] INFO  impl.RaftServerImpl (RaftServerImpl.java:setRole(184)) - 857fec05-692a-4d09-bf1c-7d167682feae@group-AE6E07F3D65A: changes role from      null to FOLLOWER at term 0 for startAsFollower
2019-10-16 11:35:36,332 [pool-87-thread-1] INFO  impl.RoleInfo (RoleInfo.java:updateAndGet(143)) - 857fec05-692a-4d09-bf1c-7d167682feae: start FollowerState
2019-10-16 11:35:36,332 [pool-87-thread-1] INFO  util.JmxRegister (JmxRegister.java:tryRegister(44)) - Successfully registered JMX Bean with object name Ratis:service=RaftServer,group=group-AE6E07F3D65A,id=857fec05-692a-4d09-bf1c-7d167682feae
2019-10-16 11:35:36,339 [RatisPipelineUtilsThread] INFO  pipeline.PipelineStateManager (PipelineStateManager.java:addPipeline(56)) - Created pipeline Pipeline[ Id: 1b9f278a-40c5-4ba3-b356-ae6e07f3d65a, Nodes: 857fec05-692a-4d09-bf1c-7d167682feae{ip: 192.168.157.203, host: pr-hdds-2313-gfcg9-2318083974, networkLocation: /default-rack, certSerialId: null}, Type:RATIS, Factor:ONE, State:OPEN]
2019-10-16 11:35:36,340 [163587bb-2c3b-4498-b576-18147cf38274@group-888478FE1AF8-LeaderElection7] INFO  impl.LeaderElection (LeaderElection.java:askForVotes(178)) - 163587bb-2c3b-4498-b576-18147cf38274@group-888478FE1AF8-LeaderElection7: begin an election at term 1 for -1: [163587bb-2c3b-4498-b576-18147cf38274:192.168.157.203:33208], old=null
2019-10-16 11:35:36,340 [163587bb-2c3b-4498-b576-18147cf38274@group-888478FE1AF8-LeaderElection7] INFO  impl.RoleInfo (RoleInfo.java:shutdownLeaderElection(134)) - 163587bb-2c3b-4498-b576-18147cf38274: shutdown LeaderElection
2019-10-16 11:35:36,340 [163587bb-2c3b-4498-b576-18147cf38274@group-888478FE1AF8-LeaderElection7] INFO  impl.RaftServerImpl (RaftServerImpl.java:setRole(184)) - 163587bb-2c3b-4498-b576-18147cf38274@group-888478FE1AF8: changes role from CANDIDATE to LEADER at term 1 for changeToLeader
2019-10-16 11:35:36,340 [163587bb-2c3b-4498-b576-18147cf38274@group-888478FE1AF8-LeaderElection7] INFO  impl.RaftServerImpl (ServerState.java:setLeader(256)) - 163587bb-2c3b-4498-b576-18147cf38274@group-888478FE1AF8: change Leader from null to 163587bb-2c3b-4498-b576-18147cf38274 at term 1 for becomeLeader, leader elected after 145ms
2019-10-16 11:35:36,340 [163587bb-2c3b-4498-b576-18147cf38274@group-888478FE1AF8-LeaderElection7] INFO  server.RaftServerConfigKeys (ConfUtils.java:logGet(43)) - raft.server.staging.catchup.gap = 1000 (default)
2019-10-16 11:35:36,340 [163587bb-2c3b-4498-b576-18147cf38274@group-888478FE1AF8-LeaderElection7] INFO  server.RaftServerConfigKeys (ConfUtils.java:logGet(43)) - raft.server.rpc.sleep.time = 25ms (default)
2019-10-16 11:35:36,340 [163587bb-2c3b-4498-b576-18147cf38274@group-888478FE1AF8-LeaderElection7] INFO  server.RaftServerConfigKeys (ConfUtils.java:logGet(43)) - raft.server.write.element-limit = 4096 (default)
2019-10-16 11:35:36,341 [163587bb-2c3b-4498-b576-18147cf38274@group-888478FE1AF8-LeaderElection7] INFO  server.RaftServerConfigKeys (ConfUtils.java:logGet(43)) - raft.server.watch.timeout = 10s (default)
2019-10-16 11:35:36,341 [163587bb-2c3b-4498-b576-18147cf38274@group-888478FE1AF8-LeaderElection7] INFO  server.RaftServerConfigKeys (ConfUtils.java:logGet(43)) - raft.server.watch.timeout.denomination = 1s (default)
2019-10-16 11:35:36,341 [163587bb-2c3b-4498-b576-18147cf38274@group-888478FE1AF8-LeaderElection7] INFO  server.RaftServerConfigKeys (ConfUtils.java:logGet(43)) - raft.server.watch.element-limit = 65536 (default)
2019-10-16 11:35:36,344 [163587bb-2c3b-4498-b576-18147cf38274@group-888478FE1AF8-LeaderElection7] INFO  impl.RoleInfo (RoleInfo.java:updateAndGet(143)) - 163587bb-2c3b-4498-b576-18147cf38274: start LeaderState
2019-10-16 11:35:36,350 [163587bb-2c3b-4498-b576-18147cf38274@group-888478FE1AF8-LeaderElection7] INFO  segmented.SegmentedRaftLogWorker (SegmentedRaftLogWorker.java:startLogSegment(385)) - 163587bb-2c3b-4498-b576-18147cf38274@group-888478FE1AF8-SegmentedRaftLogWorker: Starting segment from index:0
2019-10-16 11:35:36,350 [163587bb-2c3b-4498-b576-18147cf38274@group-888478FE1AF8-LeaderElection7] INFO  impl.RaftServerImpl (ServerState.java:setRaftConf(357)) - 163587bb-2c3b-4498-b576-18147cf38274@group-888478FE1AF8: set configuration 0: [163587bb-2c3b-4498-b576-18147cf38274:192.168.157.203:33208], old=null at 0
2019-10-16 11:35:36,375 [main] INFO  ozone.MiniOzoneClusterImpl (MiniOzoneClusterImpl.java:lambda$waitForClusterToBeReady$0(147)) - Cluster is ready. Got 10 of 10 DN Heartbeats.
2019-10-16 11:35:36,388 [grpc-default-executor-0] INFO  impl.RaftServerProxy (RaftServerProxy.java:addNew(89)) - 04ed5b73-6589-4c7b-a1f1-e2826e0622f6: addNew group-A223B8E730B0:[04ed5b73-6589-4c7b-a1f1-e2826e0622f6:192.168.157.203:41561] returns group-A223B8E730B0:java.util.concurrent.CompletableFuture@235beda0[Not completed]
2019-10-16 11:35:36,390 [pool-107-thread-1] INFO  impl.RaftServerImpl (RaftServerImpl.java:<init>(104)) - 04ed5b73-6589-4c7b-a1f1-e2826e0622f6: new RaftServerImpl for group-A223B8E730B0:[04ed5b73-6589-4c7b-a1f1-e2826e0622f6:192.168.157.203:41561] with ContainerStateMachine:uninitialized
2019-10-16 11:35:36,390 [pool-107-thread-1] INFO  server.RaftServerConfigKeys (ConfUtils.java:logGet(43)) - raft.server.rpc.timeout.min = 1s (custom)
2019-10-16 11:35:36,390 [pool-107-thread-1] INFO  server.RaftServerConfigKeys (ConfUtils.java:logGet(43)) - raft.server.rpc.timeout.max = 1200ms (custom)
2019-10-16 11:35:36,390 [pool-107-thread-1] INFO  server.RaftServerConfigKeys (ConfUtils.java:logGet(43)) - raft.server.rpcslowness.timeout = 120s (custom)
2019-10-16 11:35:36,390 [pool-107-thread-1] INFO  server.RaftServerConfigKeys (ConfUtils.java:logGet(43)) - raft.server.sleep.deviation.threshold = 300 (default)
2019-10-16 11:35:36,390 [pool-107-thread-1] INFO  server.RaftServerConfigKeys (ConfUtils.java:logGet(43)) - raft.server.log.appender.install.snapshot.enabled = false (custom)
2019-10-16 11:35:36,390 [pool-107-thread-1] INFO  impl.RaftServerImpl (ServerState.java:<init>(103)) - 04ed5b73-6589-4c7b-a1f1-e2826e0622f6@group-A223B8E730B0: ConfigurationManager, init=-1: [04ed5b73-6589-4c7b-a1f1-e2826e0622f6:192.168.157.203:41561], old=null, confs=<EMPTY_MAP>
2019-10-16 11:35:36,390 [pool-107-thread-1] INFO  server.RaftServerConfigKeys (ConfUtils.java:logGet(43)) - raft.server.storage.dir = [/workdir/hadoop-ozone/integration-test/target/test-dir/MiniOzoneClusterImpl-d10f3a9c-4fd6-4949-a3ff-490e135742c9/datanode-8/data/ratis] (custom)
2019-10-16 11:35:36,391 [pool-107-thread-1] INFO  server.RaftServerConfigKeys (ConfUtils.java:logGet(43)) - raft.server.log.corruption.policy = EXCEPTION (default)
2019-10-16 11:35:36,391 [pool-107-thread-1] INFO  storage.RaftStorageDirectory (RaftStorageDirectory.java:analyzeStorage(246)) - The storage directory /workdir/hadoop-ozone/integration-test/target/test-dir/MiniOzoneClusterImpl-d10f3a9c-4fd6-4949-a3ff-490e135742c9/datanode-8/data/ratis/f1992139-9f0b-44a2-8666-a223b8e730b0 does not exist. Creating ...
2019-10-16 11:35:36,399 [pool-107-thread-1] INFO  storage.RaftStorageDirectory (RaftStorageDirectory.java:tryLock(328)) - Lock on /workdir/hadoop-ozone/integration-test/target/test-dir/MiniOzoneClusterImpl-d10f3a9c-4fd6-4949-a3ff-490e135742c9/datanode-8/data/ratis/f1992139-9f0b-44a2-8666-a223b8e730b0/in_use.lock acquired by nodename 26920@pr-hdds-2313-gfcg9-2318083974
2019-10-16 11:35:36,400 [163587bb-2c3b-4498-b576-18147cf38274@group-888478FE1AF8-SegmentedRaftLogWorker] INFO  segmented.SegmentedRaftLogWorker (SegmentedRaftLogWorker.java:execute(576)) - 163587bb-2c3b-4498-b576-18147cf38274@group-888478FE1AF8-SegmentedRaftLogWorker: created new log segment /workdir/hadoop-ozone/integration-test/target/test-dir/MiniOzoneClusterImpl-d10f3a9c-4fd6-4949-a3ff-490e135742c9/datanode-4/data/ratis/b34252ea-11ed-45d1-a6a2-888478fe1af8/current/log_inprogress_0
2019-10-16 11:35:36,414 [pool-107-thread-1] INFO  storage.RaftStorage (RaftStorage.java:format(84)) - Storage directory /workdir/hadoop-ozone/integration-test/target/test-dir/MiniOzoneClusterImpl-d10f3a9c-4fd6-4949-a3ff-490e135742c9/datanode-8/data/ratis/f1992139-9f0b-44a2-8666-a223b8e730b0 has been successfully formatted.
2019-10-16 11:35:36,414 [pool-107-thread-1] INFO  ratis.ContainerStateMachine (ContainerStateMachine.java:loadSnapshot(231)) - group-A223B8E730B0: The snapshot info is null. Setting the last applied indexto:(t:0, i:~)
2019-10-16 11:35:36,414 [pool-107-thread-1] INFO  server.RaftServerConfigKeys (ConfUtils.java:logGet(43)) - raft.server.notification.no-leader.timeout = 120s (custom)
2019-10-16 11:35:36,414 [pool-107-thread-1] INFO  server.RaftServerConfigKeys (ConfUtils.java:logGet(43)) - raft.server.log.use.memory = false (default)
2019-10-16 11:35:36,414 [pool-107-thread-1] INFO  server.RaftServerConfigKeys (ConfUtils.java:logGet(43)) - raft.server.log.purge.gap = 1000000 (custom)
2019-10-16 11:35:36,414 [pool-107-thread-1] INFO  server.RaftServerConfigKeys (ConfUtils.java:logGet(43)) - raft.server.log.appender.buffer.byte-limit = 33554432 (custom)
2019-10-16 11:35:36,414 [pool-107-thread-1] INFO  server.RaftServerConfigKeys (ConfUtils.java:logGet(43)) - raft.server.log.segment.size.max = 1048576 (custom)
2019-10-16 11:35:36,416 [pool-107-thread-1] INFO  server.RaftServerConfigKeys (ConfUtils.java:logGet(43)) - raft.server.log.segment.cache.num.max = 2 (custom)
2019-10-16 11:35:36,416 [pool-107-thread-1] INFO  segmented.SegmentedRaftLogWorker (SegmentedRaftLogWorker.java:<init>(173)) - new 04ed5b73-6589-4c7b-a1f1-e2826e0622f6@group-A223B8E730B0-SegmentedRaftLogWorker for RaftStorage:Storage Directory /workdir/hadoop-ozone/integration-test/target/test-dir/MiniOzoneClusterImpl-d10f3a9c-4fd6-4949-a3ff-490e135742c9/datanode-8/data/ratis/f1992139-9f0b-44a2-8666-a223b8e730b0
2019-10-16 11:35:36,416 [pool-107-thread-1] INFO  server.RaftServerConfigKeys (ConfUtils.java:logGet(43)) - raft.server.log.queue.byte-limit = 2147483647 (custom)
2019-10-16 11:35:36,416 [pool-107-thread-1] INFO  server.RaftServerConfigKeys (ConfUtils.java:logGet(43)) - raft.server.log.queue.element-limit = 1024 (custom)
2019-10-16 11:35:36,416 [pool-107-thread-1] INFO  server.RaftServerConfigKeys (ConfUtils.java:logGet(43)) - raft.server.log.segment.size.max = 1048576 (custom)
2019-10-16 11:35:36,417 [pool-107-thread-1] INFO  server.RaftServerConfigKeys (ConfUtils.java:logGet(43)) - raft.server.log.preallocated.size = 16384 (custom)
2019-10-16 11:35:36,417 [pool-107-thread-1] INFO  server.RaftServerConfigKeys (ConfUtils.java:logGet(43)) - raft.server.log.write.buffer.size = 33554432 (custom)
2019-10-16 11:35:36,417 [pool-107-thread-1] INFO  server.RaftServerConfigKeys (ConfUtils.java:logGet(43)) - raft.server.log.force.sync.num = 128 (default)
2019-10-16 11:35:36,417 [pool-107-thread-1] INFO  server.RaftServerConfigKeys (ConfUtils.java:logGet(43)) - raft.server.log.statemachine.data.sync = true (default)
2019-10-16 11:35:36,417 [pool-107-thread-1] INFO  server.RaftServerConfigKeys (ConfUtils.java:logGet(43)) - raft.server.log.statemachine.data.sync.timeout = 10s (default)
2019-10-16 11:35:36,417 [pool-107-thread-1] INFO  server.RaftServerConfigKeys (ConfUtils.java:logGet(43)) - raft.server.log.statemachine.data.sync.timeout.retry = -1 (default)
2019-10-16 11:35:36,417 [pool-107-thread-1] INFO  server.RaftServerConfigKeys (ConfUtils.java:logGet(43)) - raft.server.log.statemachine.data.caching.enabled = true (custom)
2019-10-16 11:35:36,418 [pool-107-thread-1] INFO  segmented.SegmentedRaftLogWorker (SegmentedRaftLogWorker.java:lambda$new$0(128)) - 04ed5b73-6589-4c7b-a1f1-e2826e0622f6@group-A223B8E730B0-SegmentedRaftLogWorker: flushIndex: setUnconditionally 0 -> -1
2019-10-16 11:35:36,418 [pool-107-thread-1] INFO  server.RaftServerConfigKeys (ConfUtils.java:logGet(43)) - raft.server.snapshot.auto.trigger.enabled = true (custom)
2019-10-16 11:35:36,418 [pool-107-thread-1] INFO  server.RaftServerConfigKeys (ConfUtils.java:logGet(43)) - raft.server.snapshot.auto.trigger.threshold = 10000 (custom)
2019-10-16 11:35:36,418 [pool-107-thread-1] INFO  server.RaftServerConfigKeys (ConfUtils.java:logGet(43)) - raft.server.snapshot.retention.file.num = 5 (custom)
2019-10-16 11:35:36,418 [pool-107-thread-1] INFO  server.RaftServerConfigKeys (ConfUtils.java:logGet(43)) - raft.server.retrycache.expirytime = 600000ms (custom)
2019-10-16 11:35:36,421 [pool-107-thread-1] INFO  impl.RaftServerImpl (RaftServerImpl.java:start(195)) - 04ed5b73-6589-4c7b-a1f1-e2826e0622f6@group-A223B8E730B0: start as a follower, conf=-1: [04ed5b73-6589-4c7b-a1f1-e2826e0622f6:192.168.157.203:41561], old=null
2019-10-16 11:35:36,421 [pool-107-thread-1] INFO  impl.RaftServerImpl (RaftServerImpl.java:setRole(184)) - 04ed5b73-6589-4c7b-a1f1-e2826e0622f6@group-A223B8E730B0: changes role from      null to FOLLOWER at term 0 for startAsFollower
2019-10-16 11:35:36,421 [pool-107-thread-1] INFO  impl.RoleInfo (RoleInfo.java:updateAndGet(143)) - 04ed5b73-6589-4c7b-a1f1-e2826e0622f6: start FollowerState
2019-10-16 11:35:36,422 [pool-107-thread-1] INFO  util.JmxRegister (JmxRegister.java:tryRegister(44)) - Successfully registered JMX Bean with object name Ratis:service=RaftServer,group=group-A223B8E730B0,id=04ed5b73-6589-4c7b-a1f1-e2826e0622f6
2019-10-16 11:35:36,432 [RatisPipelineUtilsThread] INFO  pipeline.PipelineStateManager (PipelineStateManager.java:addPipeline(56)) - Created pipeline Pipeline[ Id: f1992139-9f0b-44a2-8666-a223b8e730b0, Nodes: 04ed5b73-6589-4c7b-a1f1-e2826e0622f6{ip: 192.168.157.203, host: pr-hdds-2313-gfcg9-2318083974, networkLocation: /default-rack, certSerialId: null}, Type:RATIS, Factor:ONE, State:OPEN]
2019-10-16 11:35:36,449 [grpc-default-executor-2] INFO  impl.RaftServerProxy (RaftServerProxy.java:addNew(89)) - 4281bf39-36db-462c-8bc9-3c86cb645344: addNew group-B3673A53AB6F:[f94c755f-9f95-40b5-85b9-5e712f3f34e7:192.168.157.203:45275, 1ee6da7b-5867-4bad-ba0d-a2cfd13fd72a:192.168.157.203:35892, 4281bf39-36db-462c-8bc9-3c86cb645344:192.168.157.203:42381] returns group-B3673A53AB6F:java.util.concurrent.CompletableFuture@5ffef993[Not completed]
2019-10-16 11:35:36,450 [grpc-default-executor-1] INFO  impl.RaftServerProxy (RaftServerProxy.java:addNew(89)) - f94c755f-9f95-40b5-85b9-5e712f3f34e7: addNew group-B3673A53AB6F:[f94c755f-9f95-40b5-85b9-5e712f3f34e7:192.168.157.203:45275, 1ee6da7b-5867-4bad-ba0d-a2cfd13fd72a:192.168.157.203:35892, 4281bf39-36db-462c-8bc9-3c86cb645344:192.168.157.203:42381] returns group-B3673A53AB6F:java.util.concurrent.CompletableFuture@2bc67fe4[Not completed]
2019-10-16 11:35:36,450 [grpc-default-executor-0] INFO  impl.RaftServerProxy (RaftServerProxy.java:addNew(89)) - 1ee6da7b-5867-4bad-ba0d-a2cfd13fd72a: addNew group-B3673A53AB6F:[f94c755f-9f95-40b5-85b9-5e712f3f34e7:192.168.157.203:45275, 1ee6da7b-5867-4bad-ba0d-a2cfd13fd72a:192.168.157.203:35892, 4281bf39-36db-462c-8bc9-3c86cb645344:192.168.157.203:42381] returns group-B3673A53AB6F:java.util.concurrent.CompletableFuture@30d31cdd[Not completed]
2019-10-16 11:35:36,451 [pool-57-thread-1] INFO  impl.RaftServerImpl (RaftServerImpl.java:<init>(104)) - 4281bf39-36db-462c-8bc9-3c86cb645344: new RaftServerImpl for group-B3673A53AB6F:[f94c755f-9f95-40b5-85b9-5e712f3f34e7:192.168.157.203:45275, 1ee6da7b-5867-4bad-ba0d-a2cfd13fd72a:192.168.157.203:35892, 4281bf39-36db-462c-8bc9-3c86cb645344:192.168.157.203:42381] with ContainerStateMachine:uninitialized
2019-10-16 11:35:36,451 [pool-57-thread-1] INFO  server.RaftServerConfigKeys (ConfUtils.java:logGet(43)) - raft.server.rpc.timeout.min = 1s (custom)
2019-10-16 11:35:36,451 [pool-57-thread-1] INFO  server.RaftServerConfigKeys (ConfUtils.java:logGet(43)) - raft.server.rpc.timeout.max = 1200ms (custom)
2019-10-16 11:35:36,452 [pool-57-thread-1] INFO  server.RaftServerConfigKeys (ConfUtils.java:logGet(43)) - raft.server.rpcslowness.timeout = 120s (custom)
2019-10-16 11:35:36,452 [pool-77-thread-1] INFO  impl.RaftServerImpl (RaftServerImpl.java:<init>(104)) - f94c755f-9f95-40b5-85b9-5e712f3f34e7: new RaftServerImpl for group-B3673A53AB6F:[f94c755f-9f95-40b5-85b9-5e712f3f34e7:192.168.157.203:45275, 1ee6da7b-5867-4bad-ba0d-a2cfd13fd72a:192.168.157.203:35892, 4281bf39-36db-462c-8bc9-3c86cb645344:192.168.157.203:42381] with ContainerStateMachine:uninitialized
2019-10-16 11:35:36,452 [pool-57-thread-1] INFO  server.RaftServerConfigKeys (ConfUtils.java:logGet(43)) - raft.server.sleep.deviation.threshold = 300 (default)
2019-10-16 11:35:36,452 [pool-77-thread-1] INFO  server.RaftServerConfigKeys (ConfUtils.java:logGet(43)) - raft.server.rpc.timeout.min = 1s (custom)
2019-10-16 11:35:36,452 [pool-57-thread-1] INFO  server.RaftServerConfigKeys (ConfUtils.java:logGet(43)) - raft.server.log.appender.install.snapshot.enabled = false (custom)
2019-10-16 11:35:36,452 [pool-77-thread-1] INFO  server.RaftServerConfigKeys (ConfUtils.java:logGet(43)) - raft.server.rpc.timeout.max = 1200ms (custom)
2019-10-16 11:35:36,452 [pool-57-thread-1] INFO  impl.RaftServerImpl (ServerState.java:<init>(103)) - 4281bf39-36db-462c-8bc9-3c86cb645344@group-B3673A53AB6F: ConfigurationManager, init=-1: [f94c755f-9f95-40b5-85b9-5e712f3f34e7:192.168.157.203:45275, 1ee6da7b-5867-4bad-ba0d-a2cfd13fd72a:192.168.157.203:35892, 4281bf39-36db-462c-8bc9-3c86cb645344:192.168.157.203:42381], old=null, confs=<EMPTY_MAP>
2019-10-16 11:35:36,452 [pool-47-thread-1] INFO  impl.RaftServerImpl (RaftServerImpl.java:<init>(104)) - 1ee6da7b-5867-4bad-ba0d-a2cfd13fd72a: new RaftServerImpl for group-B3673A53AB6F:[f94c755f-9f95-40b5-85b9-5e712f3f34e7:192.168.157.203:45275, 1ee6da7b-5867-4bad-ba0d-a2cfd13fd72a:192.168.157.203:35892, 4281bf39-36db-462c-8bc9-3c86cb645344:192.168.157.203:42381] with ContainerStateMachine:uninitialized
2019-10-16 11:35:36,452 [pool-77-thread-1] INFO  server.RaftServerConfigKeys (ConfUtils.java:logGet(43)) - raft.server.rpcslowness.timeout = 120s (custom)
2019-10-16 11:35:36,452 [pool-47-thread-1] INFO  server.RaftServerConfigKeys (ConfUtils.java:logGet(43)) - raft.server.rpc.timeout.min = 1s (custom)
2019-10-16 11:35:36,452 [pool-57-thread-1] INFO  server.RaftServerConfigKeys (ConfUtils.java:logGet(43)) - raft.server.storage.dir = [/workdir/hadoop-ozone/integration-test/target/test-dir/MiniOzoneClusterImpl-d10f3a9c-4fd6-4949-a3ff-490e135742c9/datanode-3/data/ratis] (custom)
2019-10-16 11:35:36,452 [pool-47-thread-1] INFO  server.RaftServerConfigKeys (ConfUtils.java:logGet(43)) - raft.server.rpc.timeout.max = 1200ms (custom)
2019-10-16 11:35:36,452 [pool-77-thread-1] INFO  server.RaftServerConfigKeys (ConfUtils.java:logGet(43)) - raft.server.sleep.deviation.threshold = 300 (default)
2019-10-16 11:35:36,453 [pool-47-thread-1] INFO  server.RaftServerConfigKeys (ConfUtils.java:logGet(43)) - raft.server.rpcslowness.timeout = 120s (custom)
2019-10-16 11:35:36,453 [pool-57-thread-1] INFO  server.RaftServerConfigKeys (ConfUtils.java:logGet(43)) - raft.server.log.corruption.policy = EXCEPTION (default)
2019-10-16 11:35:36,453 [pool-77-thread-1] INFO  server.RaftServerConfigKeys (ConfUtils.java:logGet(43)) - raft.server.log.appender.install.snapshot.enabled = false (custom)
2019-10-16 11:35:36,453 [pool-47-thread-1] INFO  server.RaftServerConfigKeys (ConfUtils.java:logGet(43)) - raft.server.sleep.deviation.threshold = 300 (default)
2019-10-16 11:35:36,453 [pool-77-thread-1] INFO  impl.RaftServerImpl (ServerState.java:<init>(103)) - f94c755f-9f95-40b5-85b9-5e712f3f34e7@group-B3673A53AB6F: ConfigurationManager, init=-1: [f94c755f-9f95-40b5-85b9-5e712f3f34e7:192.168.157.203:45275, 1ee6da7b-5867-4bad-ba0d-a2cfd13fd72a:192.168.157.203:35892, 4281bf39-36db-462c-8bc9-3c86cb645344:192.168.157.203:42381], old=null, confs=<EMPTY_MAP>
2019-10-16 11:35:36,453 [pool-57-thread-1] INFO  storage.RaftStorageDirectory (RaftStorageDirectory.java:analyzeStorage(246)) - The storage directory /workdir/hadoop-ozone/integration-test/target/test-dir/MiniOzoneClusterImpl-d10f3a9c-4fd6-4949-a3ff-490e135742c9/datanode-3/data/ratis/94c21100-ff80-4f17-b629-b3673a53ab6f does not exist. Creating ...
2019-10-16 11:35:36,453 [pool-77-thread-1] INFO  server.RaftServerConfigKeys (ConfUtils.java:logGet(43)) - raft.server.storage.dir = [/workdir/hadoop-ozone/integration-test/target/test-dir/MiniOzoneClusterImpl-d10f3a9c-4fd6-4949-a3ff-490e135742c9/datanode-5/data/ratis] (custom)
2019-10-16 11:35:36,453 [pool-47-thread-1] INFO  server.RaftServerConfigKeys (ConfUtils.java:logGet(43)) - raft.server.log.appender.install.snapshot.enabled = false (custom)
2019-10-16 11:35:36,453 [pool-47-thread-1] INFO  impl.RaftServerImpl (ServerState.java:<init>(103)) - 1ee6da7b-5867-4bad-ba0d-a2cfd13fd72a@group-B3673A53AB6F: ConfigurationManager, init=-1: [f94c755f-9f95-40b5-85b9-5e712f3f34e7:192.168.157.203:45275, 1ee6da7b-5867-4bad-ba0d-a2cfd13fd72a:192.168.157.203:35892, 4281bf39-36db-462c-8bc9-3c86cb645344:192.168.157.203:42381], old=null, confs=<EMPTY_MAP>
2019-10-16 11:35:36,453 [pool-77-thread-1] INFO  server.RaftServerConfigKeys (ConfUtils.java:logGet(43)) - raft.server.log.corruption.policy = EXCEPTION (default)
2019-10-16 11:35:36,454 [pool-47-thread-1] INFO  server.RaftServerConfigKeys (ConfUtils.java:logGet(43)) - raft.server.storage.dir = [/workdir/hadoop-ozone/integration-test/target/test-dir/MiniOzoneClusterImpl-d10f3a9c-4fd6-4949-a3ff-490e135742c9/datanode-2/data/ratis] (custom)
2019-10-16 11:35:36,454 [pool-77-thread-1] INFO  storage.RaftStorageDirectory (RaftStorageDirectory.java:analyzeStorage(246)) - The storage directory /workdir/hadoop-ozone/integration-test/target/test-dir/MiniOzoneClusterImpl-d10f3a9c-4fd6-4949-a3ff-490e135742c9/datanode-5/data/ratis/94c21100-ff80-4f17-b629-b3673a53ab6f does not exist. Creating ...
2019-10-16 11:35:36,454 [pool-47-thread-1] INFO  server.RaftServerConfigKeys (ConfUtils.java:logGet(43)) - raft.server.log.corruption.policy = EXCEPTION (default)
2019-10-16 11:35:36,454 [pool-47-thread-1] INFO  storage.RaftStorageDirectory (RaftStorageDirectory.java:analyzeStorage(246)) - The storage directory /workdir/hadoop-ozone/integration-test/target/test-dir/MiniOzoneClusterImpl-d10f3a9c-4fd6-4949-a3ff-490e135742c9/datanode-2/data/ratis/94c21100-ff80-4f17-b629-b3673a53ab6f does not exist. Creating ...
2019-10-16 11:35:36,461 [pool-47-thread-1] INFO  storage.RaftStorageDirectory (RaftStorageDirectory.java:tryLock(328)) - Lock on /workdir/hadoop-ozone/integration-test/target/test-dir/MiniOzoneClusterImpl-d10f3a9c-4fd6-4949-a3ff-490e135742c9/datanode-2/data/ratis/94c21100-ff80-4f17-b629-b3673a53ab6f/in_use.lock acquired by nodename 26920@pr-hdds-2313-gfcg9-2318083974
2019-10-16 11:35:36,461 [pool-57-thread-1] INFO  storage.RaftStorageDirectory (RaftStorageDirectory.java:tryLock(328)) - Lock on /workdir/hadoop-ozone/integration-test/target/test-dir/MiniOzoneClusterImpl-d10f3a9c-4fd6-4949-a3ff-490e135742c9/datanode-3/data/ratis/94c21100-ff80-4f17-b629-b3673a53ab6f/in_use.lock acquired by nodename 26920@pr-hdds-2313-gfcg9-2318083974
2019-10-16 11:35:36,461 [pool-77-thread-1] INFO  storage.RaftStorageDirectory (RaftStorageDirectory.java:tryLock(328)) - Lock on /workdir/hadoop-ozone/integration-test/target/test-dir/MiniOzoneClusterImpl-d10f3a9c-4fd6-4949-a3ff-490e135742c9/datanode-5/data/ratis/94c21100-ff80-4f17-b629-b3673a53ab6f/in_use.lock acquired by nodename 26920@pr-hdds-2313-gfcg9-2318083974
2019-10-16 11:35:36,468 [Thread-322] INFO  impl.FollowerState (FollowerState.java:run(108)) - 857fec05-692a-4d09-bf1c-7d167682feae@group-AE6E07F3D65A-FollowerState: change to CANDIDATE, lastRpcTime:136ms, electionTimeout:136ms
2019-10-16 11:35:36,468 [Thread-322] INFO  impl.RoleInfo (RoleInfo.java:shutdownFollowerState(121)) - 857fec05-692a-4d09-bf1c-7d167682feae: shutdown FollowerState
2019-10-16 11:35:36,468 [Thread-322] INFO  impl.RaftServerImpl (RaftServerImpl.java:setRole(184)) - 857fec05-692a-4d09-bf1c-7d167682feae@group-AE6E07F3D65A: changes role from  FOLLOWER to CANDIDATE at term 0 for changeToCandidate
2019-10-16 11:35:36,468 [Thread-322] INFO  impl.RoleInfo (RoleInfo.java:updateAndGet(143)) - 857fec05-692a-4d09-bf1c-7d167682feae: start LeaderElection
2019-10-16 11:35:36,475 [Thread-318] INFO  impl.FollowerState (FollowerState.java:run(108)) - 5c445d34-c031-481c-9d4b-8fbace1f61b8@group-2FD438A1B24D-FollowerState: change to CANDIDATE, lastRpcTime:193ms, electionTimeout:193ms
2019-10-16 11:35:36,475 [Thread-318] INFO  impl.RoleInfo (RoleInfo.java:shutdownFollowerState(121)) - 5c445d34-c031-481c-9d4b-8fbace1f61b8: shutdown FollowerState
2019-10-16 11:35:36,476 [Thread-318] INFO  impl.RaftServerImpl (RaftServerImpl.java:setRole(184)) - 5c445d34-c031-481c-9d4b-8fbace1f61b8@group-2FD438A1B24D: changes role from  FOLLOWER to CANDIDATE at term 0 for changeToCandidate
2019-10-16 11:35:36,476 [Thread-318] INFO  impl.RoleInfo (RoleInfo.java:updateAndGet(143)) - 5c445d34-c031-481c-9d4b-8fbace1f61b8: start LeaderElection
2019-10-16 11:35:36,486 [pool-77-thread-1] INFO  storage.RaftStorage (RaftStorage.java:format(84)) - Storage directory /workdir/hadoop-ozone/integration-test/target/test-dir/MiniOzoneClusterImpl-d10f3a9c-4fd6-4949-a3ff-490e135742c9/datanode-5/data/ratis/94c21100-ff80-4f17-b629-b3673a53ab6f has been successfully formatted.
2019-10-16 11:35:36,487 [pool-57-thread-1] INFO  storage.RaftStorage (RaftStorage.java:format(84)) - Storage directory /workdir/hadoop-ozone/integration-test/target/test-dir/MiniOzoneClusterImpl-d10f3a9c-4fd6-4949-a3ff-490e135742c9/datanode-3/data/ratis/94c21100-ff80-4f17-b629-b3673a53ab6f has been successfully formatted.
2019-10-16 11:35:36,487 [857fec05-692a-4d09-bf1c-7d167682feae@group-AE6E07F3D65A-LeaderElection8] INFO  impl.LeaderElection (LeaderElection.java:askForVotes(178)) - 857fec05-692a-4d09-bf1c-7d167682feae@group-AE6E07F3D65A-LeaderElection8: begin an election at term 1 for -1: [857fec05-692a-4d09-bf1c-7d167682feae:192.168.157.203:37664], old=null
2019-10-16 11:35:36,486 [pool-47-thread-1] INFO  storage.RaftStorage (RaftStorage.java:format(84)) - Storage directory /workdir/hadoop-ozone/integration-test/target/test-dir/MiniOzoneClusterImpl-d10f3a9c-4fd6-4949-a3ff-490e135742c9/datanode-2/data/ratis/94c21100-ff80-4f17-b629-b3673a53ab6f has been successfully formatted.
2019-10-16 11:35:36,487 [857fec05-692a-4d09-bf1c-7d167682feae@group-AE6E07F3D65A-LeaderElection8] INFO  impl.RoleInfo (RoleInfo.java:shutdownLeaderElection(134)) - 857fec05-692a-4d09-bf1c-7d167682feae: shutdown LeaderElection
2019-10-16 11:35:36,487 [pool-57-thread-1] INFO  ratis.ContainerStateMachine (ContainerStateMachine.java:loadSnapshot(231)) - group-B3673A53AB6F: The snapshot info is null. Setting the last applied indexto:(t:0, i:~)
2019-10-16 11:35:36,487 [pool-77-thread-1] INFO  ratis.ContainerStateMachine (ContainerStateMachine.java:loadSnapshot(231)) - group-B3673A53AB6F: The snapshot info is null. Setting the last applied indexto:(t:0, i:~)
2019-10-16 11:35:36,487 [pool-57-thread-1] INFO  server.RaftServerConfigKeys (ConfUtils.java:logGet(43)) - raft.server.notification.no-leader.timeout = 120s (custom)
2019-10-16 11:35:36,487 [857fec05-692a-4d09-bf1c-7d167682feae@group-AE6E07F3D65A-LeaderElection8] INFO  impl.RaftServerImpl (RaftServerImpl.java:setRole(184)) - 857fec05-692a-4d09-bf1c-7d167682feae@group-AE6E07F3D65A: changes role from CANDIDATE to LEADER at term 1 for changeToLeader
2019-10-16 11:35:36,487 [pool-57-thread-1] INFO  server.RaftServerConfigKeys (ConfUtils.java:logGet(43)) - raft.server.log.use.memory = false (default)
2019-10-16 11:35:36,487 [pool-77-thread-1] INFO  server.RaftServerConfigKeys (ConfUtils.java:logGet(43)) - raft.server.notification.no-leader.timeout = 120s (custom)
2019-10-16 11:35:36,488 [pool-57-thread-1] INFO  server.RaftServerConfigKeys (ConfUtils.java:logGet(43)) - raft.server.log.purge.gap = 1000000 (custom)
2019-10-16 11:35:36,487 [857fec05-692a-4d09-bf1c-7d167682feae@group-AE6E07F3D65A-LeaderElection8] INFO  impl.RaftServerImpl (ServerState.java:setLeader(256)) - 857fec05-692a-4d09-bf1c-7d167682feae@group-AE6E07F3D65A: change Leader from null to 857fec05-692a-4d09-bf1c-7d167682feae at term 1 for becomeLeader, leader elected after 168ms
2019-10-16 11:35:36,488 [pool-57-thread-1] INFO  server.RaftServerConfigKeys (ConfUtils.java:logGet(43)) - raft.server.log.appender.buffer.byte-limit = 33554432 (custom)
2019-10-16 11:35:36,488 [pool-77-thread-1] INFO  server.RaftServerConfigKeys (ConfUtils.java:logGet(43)) - raft.server.log.use.memory = false (default)
2019-10-16 11:35:36,488 [pool-57-thread-1] INFO  server.RaftServerConfigKeys (ConfUtils.java:logGet(43)) - raft.server.log.segment.size.max = 1048576 (custom)
2019-10-16 11:35:36,488 [857fec05-692a-4d09-bf1c-7d167682feae@group-AE6E07F3D65A-LeaderElection8] INFO  server.RaftServerConfigKeys (ConfUtils.java:logGet(43)) - raft.server.staging.catchup.gap = 1000 (default)
2019-10-16 11:35:36,488 [pool-57-thread-1] INFO  server.RaftServerConfigKeys (ConfUtils.java:logGet(43)) - raft.server.log.segment.cache.num.max = 2 (custom)
2019-10-16 11:35:36,488 [pool-77-thread-1] INFO  server.RaftServerConfigKeys (ConfUtils.java:logGet(43)) - raft.server.log.purge.gap = 1000000 (custom)
2019-10-16 11:35:36,488 [pool-57-thread-1] INFO  segmented.SegmentedRaftLogWorker (SegmentedRaftLogWorker.java:<init>(173)) - new 4281bf39-36db-462c-8bc9-3c86cb645344@group-B3673A53AB6F-SegmentedRaftLogWorker for RaftStorage:Storage Directory /workdir/hadoop-ozone/integration-test/target/test-dir/MiniOzoneClusterImpl-d10f3a9c-4fd6-4949-a3ff-490e135742c9/datanode-3/data/ratis/94c21100-ff80-4f17-b629-b3673a53ab6f
2019-10-16 11:35:36,488 [857fec05-692a-4d09-bf1c-7d167682feae@group-AE6E07F3D65A-LeaderElection8] INFO  server.RaftServerConfigKeys (ConfUtils.java:logGet(43)) - raft.server.rpc.sleep.time = 25ms (default)
2019-10-16 11:35:36,489 [pool-57-thread-1] INFO  server.RaftServerConfigKeys (ConfUtils.java:logGet(43)) - raft.server.log.queue.byte-limit = 2147483647 (custom)
2019-10-16 11:35:36,488 [pool-77-thread-1] INFO  server.RaftServerConfigKeys (ConfUtils.java:logGet(43)) - raft.server.log.appender.buffer.byte-limit = 33554432 (custom)
2019-10-16 11:35:36,489 [pool-57-thread-1] INFO  server.RaftServerConfigKeys (ConfUtils.java:logGet(43)) - raft.server.log.queue.element-limit = 1024 (custom)
2019-10-16 11:35:36,489 [857fec05-692a-4d09-bf1c-7d167682feae@group-AE6E07F3D65A-LeaderElection8] INFO  server.RaftServerConfigKeys (ConfUtils.java:logGet(43)) - raft.server.write.element-limit = 4096 (default)
2019-10-16 11:35:36,489 [pool-57-thread-1] INFO  server.RaftServerConfigKeys (ConfUtils.java:logGet(43)) - raft.server.log.segment.size.max = 1048576 (custom)
2019-10-16 11:35:36,489 [pool-77-thread-1] INFO  server.RaftServerConfigKeys (ConfUtils.java:logGet(43)) - raft.server.log.segment.size.max = 1048576 (custom)
2019-10-16 11:35:36,489 [pool-47-thread-1] INFO  ratis.ContainerStateMachine (ContainerStateMachine.java:loadSnapshot(231)) - group-B3673A53AB6F: The snapshot info is null. Setting the last applied indexto:(t:0, i:~)
2019-10-16 11:35:36,489 [pool-77-thread-1] INFO  server.RaftServerConfigKeys (ConfUtils.java:logGet(43)) - raft.server.log.segment.cache.num.max = 2 (custom)
2019-10-16 11:35:36,489 [pool-47-thread-1] INFO  server.RaftServerConfigKeys (ConfUtils.java:logGet(43)) - raft.server.notification.no-leader.timeout = 120s (custom)
2019-10-16 11:35:36,489 [pool-57-thread-1] INFO  server.RaftServerConfigKeys (ConfUtils.java:logGet(43)) - raft.server.log.preallocated.size = 16384 (custom)
2019-10-16 11:35:36,489 [857fec05-692a-4d09-bf1c-7d167682feae@group-AE6E07F3D65A-LeaderElection8] INFO  server.RaftServerConfigKeys (ConfUtils.java:logGet(43)) - raft.server.watch.timeout = 10s (default)
2019-10-16 11:35:36,490 [5c445d34-c031-481c-9d4b-8fbace1f61b8@group-2FD438A1B24D-LeaderElection9] INFO  impl.LeaderElection (LeaderElection.java:askForVotes(178)) - 5c445d34-c031-481c-9d4b-8fbace1f61b8@group-2FD438A1B24D-LeaderElection9: begin an election at term 1 for -1: [5c445d34-c031-481c-9d4b-8fbace1f61b8:192.168.157.203:37070], old=null
2019-10-16 11:35:36,490 [pool-57-thread-1] INFO  server.RaftServerConfigKeys (ConfUtils.java:logGet(43)) - raft.server.log.write.buffer.size = 33554432 (custom)
2019-10-16 11:35:36,490 [pool-47-thread-1] INFO  server.RaftServerConfigKeys (ConfUtils.java:logGet(43)) - raft.server.log.use.memory = false (default)
2019-10-16 11:35:36,489 [pool-77-thread-1] INFO  segmented.SegmentedRaftLogWorker (SegmentedRaftLogWorker.java:<init>(173)) - new f94c755f-9f95-40b5-85b9-5e712f3f34e7@group-B3673A53AB6F-SegmentedRaftLogWorker for RaftStorage:Storage Directory /workdir/hadoop-ozone/integration-test/target/test-dir/MiniOzoneClusterImpl-d10f3a9c-4fd6-4949-a3ff-490e135742c9/datanode-5/data/ratis/94c21100-ff80-4f17-b629-b3673a53ab6f
2019-10-16 11:35:36,490 [pool-47-thread-1] INFO  server.RaftServerConfigKeys (ConfUtils.java:logGet(43)) - raft.server.log.purge.gap = 1000000 (custom)
2019-10-16 11:35:36,490 [pool-57-thread-1] INFO  server.RaftServerConfigKeys (ConfUtils.java:logGet(43)) - raft.server.log.force.sync.num = 128 (default)
2019-10-16 11:35:36,490 [5c445d34-c031-481c-9d4b-8fbace1f61b8@group-2FD438A1B24D-LeaderElection9] INFO  impl.RoleInfo (RoleInfo.java:shutdownLeaderElection(134)) - 5c445d34-c031-481c-9d4b-8fbace1f61b8: shutdown LeaderElection
2019-10-16 11:35:36,490 [857fec05-692a-4d09-bf1c-7d167682feae@group-AE6E07F3D65A-LeaderElection8] INFO  server.RaftServerConfigKeys (ConfUtils.java:logGet(43)) - raft.server.watch.timeout.denomination = 1s (default)
2019-10-16 11:35:36,491 [5c445d34-c031-481c-9d4b-8fbace1f61b8@group-2FD438A1B24D-LeaderElection9] INFO  impl.RaftServerImpl (RaftServerImpl.java:setRole(184)) - 5c445d34-c031-481c-9d4b-8fbace1f61b8@group-2FD438A1B24D: changes role from CANDIDATE to LEADER at term 1 for changeToLeader
2019-10-16 11:35:36,490 [pool-57-thread-1] INFO  server.RaftServerConfigKeys (ConfUtils.java:logGet(43)) - raft.server.log.statemachine.data.sync = true (default)
2019-10-16 11:35:36,490 [pool-47-thread-1] INFO  server.RaftServerConfigKeys (ConfUtils.java:logGet(43)) - raft.server.log.appender.buffer.byte-limit = 33554432 (custom)
2019-10-16 11:35:36,490 [pool-77-thread-1] INFO  server.RaftServerConfigKeys (ConfUtils.java:logGet(43)) - raft.server.log.queue.byte-limit = 2147483647 (custom)
2019-10-16 11:35:36,491 [pool-47-thread-1] INFO  server.RaftServerConfigKeys (ConfUtils.java:logGet(43)) - raft.server.log.segment.size.max = 1048576 (custom)
2019-10-16 11:35:36,491 [pool-57-thread-1] INFO  server.RaftServerConfigKeys (ConfUtils.java:logGet(43)) - raft.server.log.statemachine.data.sync.timeout = 10s (default)
2019-10-16 11:35:36,491 [5c445d34-c031-481c-9d4b-8fbace1f61b8@group-2FD438A1B24D-LeaderElection9] INFO  impl.RaftServerImpl (ServerState.java:setLeader(256)) - 5c445d34-c031-481c-9d4b-8fbace1f61b8@group-2FD438A1B24D: change Leader from null to 5c445d34-c031-481c-9d4b-8fbace1f61b8 at term 1 for becomeLeader, leader elected after 218ms
2019-10-16 11:35:36,491 [857fec05-692a-4d09-bf1c-7d167682feae@group-AE6E07F3D65A-LeaderElection8] INFO  server.RaftServerConfigKeys (ConfUtils.java:logGet(43)) - raft.server.watch.element-limit = 65536 (default)
2019-10-16 11:35:36,491 [5c445d34-c031-481c-9d4b-8fbace1f61b8@group-2FD438A1B24D-LeaderElection9] INFO  server.RaftServerConfigKeys (ConfUtils.java:logGet(43)) - raft.server.staging.catchup.gap = 1000 (default)
2019-10-16 11:35:36,491 [pool-57-thread-1] INFO  server.RaftServerConfigKeys (ConfUtils.java:logGet(43)) - raft.server.log.statemachine.data.sync.timeout.retry = -1 (default)
2019-10-16 11:35:36,491 [pool-47-thread-1] INFO  server.RaftServerConfigKeys (ConfUtils.java:logGet(43)) - raft.server.log.segment.cache.num.max = 2 (custom)
2019-10-16 11:35:36,491 [pool-77-thread-1] INFO  server.RaftServerConfigKeys (ConfUtils.java:logGet(43)) - raft.server.log.queue.element-limit = 1024 (custom)
2019-10-16 11:35:36,492 [pool-47-thread-1] INFO  segmented.SegmentedRaftLogWorker (SegmentedRaftLogWorker.java:<init>(173)) - new 1ee6da7b-5867-4bad-ba0d-a2cfd13fd72a@group-B3673A53AB6F-SegmentedRaftLogWorker for RaftStorage:Storage Directory /workdir/hadoop-ozone/integration-test/target/test-dir/MiniOzoneClusterImpl-d10f3a9c-4fd6-4949-a3ff-490e135742c9/datanode-2/data/ratis/94c21100-ff80-4f17-b629-b3673a53ab6f
2019-10-16 11:35:36,492 [pool-57-thread-1] INFO  server.RaftServerConfigKeys (ConfUtils.java:logGet(43)) - raft.server.log.statemachine.data.caching.enabled = true (custom)
2019-10-16 11:35:36,492 [5c445d34-c031-481c-9d4b-8fbace1f61b8@group-2FD438A1B24D-LeaderElection9] INFO  server.RaftServerConfigKeys (ConfUtils.java:logGet(43)) - raft.server.rpc.sleep.time = 25ms (default)
2019-10-16 11:35:36,492 [pool-47-thread-1] INFO  server.RaftServerConfigKeys (ConfUtils.java:logGet(43)) - raft.server.log.queue.byte-limit = 2147483647 (custom)
2019-10-16 11:35:36,492 [pool-77-thread-1] INFO  server.RaftServerConfigKeys (ConfUtils.java:logGet(43)) - raft.server.log.segment.size.max = 1048576 (custom)
2019-10-16 11:35:36,492 [pool-47-thread-1] INFO  server.RaftServerConfigKeys (ConfUtils.java:logGet(43)) - raft.server.log.queue.element-limit = 1024 (custom)
2019-10-16 11:35:36,492 [pool-57-thread-1] INFO  segmented.SegmentedRaftLogWorker (SegmentedRaftLogWorker.java:lambda$new$0(128)) - 4281bf39-36db-462c-8bc9-3c86cb645344@group-B3673A53AB6F-SegmentedRaftLogWorker: flushIndex: setUnconditionally 0 -> -1
2019-10-16 11:35:36,492 [5c445d34-c031-481c-9d4b-8fbace1f61b8@group-2FD438A1B24D-LeaderElection9] INFO  server.RaftServerConfigKeys (ConfUtils.java:logGet(43)) - raft.server.write.element-limit = 4096 (default)
2019-10-16 11:35:36,493 [pool-47-thread-1] INFO  server.RaftServerConfigKeys (ConfUtils.java:logGet(43)) - raft.server.log.segment.size.max = 1048576 (custom)
2019-10-16 11:35:36,493 [pool-77-thread-1] INFO  server.RaftServerConfigKeys (ConfUtils.java:logGet(43)) - raft.server.log.preallocated.size = 16384 (custom)
2019-10-16 11:35:36,493 [pool-47-thread-1] INFO  server.RaftServerConfigKeys (ConfUtils.java:logGet(43)) - raft.server.log.preallocated.size = 16384 (custom)
2019-10-16 11:35:36,493 [pool-57-thread-1] INFO  server.RaftServerConfigKeys (ConfUtils.java:logGet(43)) - raft.server.snapshot.auto.trigger.enabled = true (custom)
2019-10-16 11:35:36,493 [5c445d34-c031-481c-9d4b-8fbace1f61b8@group-2FD438A1B24D-LeaderElection9] INFO  server.RaftServerConfigKeys (ConfUtils.java:logGet(43)) - raft.server.watch.timeout = 10s (default)
2019-10-16 11:35:36,493 [pool-57-thread-1] INFO  server.RaftServerConfigKeys (ConfUtils.java:logGet(43)) - raft.server.snapshot.auto.trigger.threshold = 10000 (custom)
2019-10-16 11:35:36,493 [pool-47-thread-1] INFO  server.RaftServerConfigKeys (ConfUtils.java:logGet(43)) - raft.server.log.write.buffer.size = 33554432 (custom)
2019-10-16 11:35:36,493 [pool-77-thread-1] INFO  server.RaftServerConfigKeys (ConfUtils.java:logGet(43)) - raft.server.log.write.buffer.size = 33554432 (custom)
2019-10-16 11:35:36,494 [pool-47-thread-1] INFO  server.RaftServerConfigKeys (ConfUtils.java:logGet(43)) - raft.server.log.force.sync.num = 128 (default)
2019-10-16 11:35:36,493 [pool-57-thread-1] INFO  server.RaftServerConfigKeys (ConfUtils.java:logGet(43)) - raft.server.snapshot.retention.file.num = 5 (custom)
2019-10-16 11:35:36,493 [5c445d34-c031-481c-9d4b-8fbace1f61b8@group-2FD438A1B24D-LeaderElection9] INFO  server.RaftServerConfigKeys (ConfUtils.java:logGet(43)) - raft.server.watch.timeout.denomination = 1s (default)
2019-10-16 11:35:36,494 [pool-47-thread-1] INFO  server.RaftServerConfigKeys (ConfUtils.java:logGet(43)) - raft.server.log.statemachine.data.sync = true (default)
2019-10-16 11:35:36,494 [pool-77-thread-1] INFO  server.RaftServerConfigKeys (ConfUtils.java:logGet(43)) - raft.server.log.force.sync.num = 128 (default)
2019-10-16 11:35:36,494 [pool-47-thread-1] INFO  server.RaftServerConfigKeys (ConfUtils.java:logGet(43)) - raft.server.log.statemachine.data.sync.timeout = 10s (default)
2019-10-16 11:35:36,494 [857fec05-692a-4d09-bf1c-7d167682feae@group-AE6E07F3D65A-LeaderElection8] INFO  impl.RoleInfo (RoleInfo.java:updateAndGet(143)) - 857fec05-692a-4d09-bf1c-7d167682feae: start LeaderState
2019-10-16 11:35:36,494 [5c445d34-c031-481c-9d4b-8fbace1f61b8@group-2FD438A1B24D-LeaderElection9] INFO  server.RaftServerConfigKeys (ConfUtils.java:logGet(43)) - raft.server.watch.element-limit = 65536 (default)
2019-10-16 11:35:36,494 [pool-57-thread-1] INFO  server.RaftServerConfigKeys (ConfUtils.java:logGet(43)) - raft.server.retrycache.expirytime = 600000ms (custom)
2019-10-16 11:35:36,494 [pool-47-thread-1] INFO  server.RaftServerConfigKeys (ConfUtils.java:logGet(43)) - raft.server.log.statemachine.data.sync.timeout.retry = -1 (default)
2019-10-16 11:35:36,494 [pool-77-thread-1] INFO  server.RaftServerConfigKeys (ConfUtils.java:logGet(43)) - raft.server.log.statemachine.data.sync = true (default)
2019-10-16 11:35:36,495 [pool-47-thread-1] INFO  server.RaftServerConfigKeys (ConfUtils.java:logGet(43)) - raft.server.log.statemachine.data.caching.enabled = true (custom)
2019-10-16 11:35:36,495 [857fec05-692a-4d09-bf1c-7d167682feae@group-AE6E07F3D65A-LeaderElection8] INFO  segmented.SegmentedRaftLogWorker (SegmentedRaftLogWorker.java:startLogSegment(385)) - 857fec05-692a-4d09-bf1c-7d167682feae@group-AE6E07F3D65A-SegmentedRaftLogWorker: Starting segment from index:0
2019-10-16 11:35:36,495 [pool-77-thread-1] INFO  server.RaftServerConfigKeys (ConfUtils.java:logGet(43)) - raft.server.log.statemachine.data.sync.timeout = 10s (default)
2019-10-16 11:35:36,495 [pool-47-thread-1] INFO  segmented.SegmentedRaftLogWorker (SegmentedRaftLogWorker.java:lambda$new$0(128)) - 1ee6da7b-5867-4bad-ba0d-a2cfd13fd72a@group-B3673A53AB6F-SegmentedRaftLogWorker: flushIndex: setUnconditionally 0 -> -1
2019-10-16 11:35:36,495 [pool-77-thread-1] INFO  server.RaftServerConfigKeys (ConfUtils.java:logGet(43)) - raft.server.log.statemachine.data.sync.timeout.retry = -1 (default)
2019-10-16 11:35:36,496 [pool-77-thread-1] INFO  server.RaftServerConfigKeys (ConfUtils.java:logGet(43)) - raft.server.log.statemachine.data.caching.enabled = true (custom)
2019-10-16 11:35:36,496 [pool-47-thread-1] INFO  server.RaftServerConfigKeys (ConfUtils.java:logGet(43)) - raft.server.snapshot.auto.trigger.enabled = true (custom)
2019-10-16 11:35:36,496 [pool-47-thread-1] INFO  server.RaftServerConfigKeys (ConfUtils.java:logGet(43)) - raft.server.snapshot.auto.trigger.threshold = 10000 (custom)
2019-10-16 11:35:36,496 [pool-77-thread-1] INFO  segmented.SegmentedRaftLogWorker (SegmentedRaftLogWorker.java:lambda$new$0(128)) - f94c755f-9f95-40b5-85b9-5e712f3f34e7@group-B3673A53AB6F-SegmentedRaftLogWorker: flushIndex: setUnconditionally 0 -> -1
2019-10-16 11:35:36,496 [pool-47-thread-1] INFO  server.RaftServerConfigKeys (ConfUtils.java:logGet(43)) - raft.server.snapshot.retention.file.num = 5 (custom)
2019-10-16 11:35:36,497 [5c445d34-c031-481c-9d4b-8fbace1f61b8@group-2FD438A1B24D-LeaderElection9] INFO  impl.RoleInfo (RoleInfo.java:updateAndGet(143)) - 5c445d34-c031-481c-9d4b-8fbace1f61b8: start LeaderState
2019-10-16 11:35:36,497 [pool-47-thread-1] INFO  server.RaftServerConfigKeys (ConfUtils.java:logGet(43)) - raft.server.retrycache.expirytime = 600000ms (custom)
2019-10-16 11:35:36,497 [5c445d34-c031-481c-9d4b-8fbace1f61b8@group-2FD438A1B24D-LeaderElection9] INFO  segmented.SegmentedRaftLogWorker (SegmentedRaftLogWorker.java:startLogSegment(385)) - 5c445d34-c031-481c-9d4b-8fbace1f61b8@group-2FD438A1B24D-SegmentedRaftLogWorker: Starting segment from index:0
2019-10-16 11:35:36,497 [857fec05-692a-4d09-bf1c-7d167682feae@group-AE6E07F3D65A-LeaderElection8] INFO  impl.RaftServerImpl (ServerState.java:setRaftConf(357)) - 857fec05-692a-4d09-bf1c-7d167682feae@group-AE6E07F3D65A: set configuration 0: [857fec05-692a-4d09-bf1c-7d167682feae:192.168.157.203:37664], old=null at 0
2019-10-16 11:35:36,497 [pool-77-thread-1] INFO  server.RaftServerConfigKeys (ConfUtils.java:logGet(43)) - raft.server.snapshot.auto.trigger.enabled = true (custom)
2019-10-16 11:35:36,520 [pool-77-thread-1] INFO  server.RaftServerConfigKeys (ConfUtils.java:logGet(43)) - raft.server.snapshot.auto.trigger.threshold = 10000 (custom)
2019-10-16 11:35:36,520 [5c445d34-c031-481c-9d4b-8fbace1f61b8@group-2FD438A1B24D-LeaderElection9] INFO  impl.RaftServerImpl (ServerState.java:setRaftConf(357)) - 5c445d34-c031-481c-9d4b-8fbace1f61b8@group-2FD438A1B24D: set configuration 0: [5c445d34-c031-481c-9d4b-8fbace1f61b8:192.168.157.203:37070], old=null at 0
2019-10-16 11:35:36,520 [pool-77-thread-1] INFO  server.RaftServerConfigKeys (ConfUtils.java:logGet(43)) - raft.server.snapshot.retention.file.num = 5 (custom)
2019-10-16 11:35:36,522 [pool-77-thread-1] INFO  server.RaftServerConfigKeys (ConfUtils.java:logGet(43)) - raft.server.retrycache.expirytime = 600000ms (custom)
2019-10-16 11:35:36,524 [857fec05-692a-4d09-bf1c-7d167682feae@group-AE6E07F3D65A-SegmentedRaftLogWorker] INFO  segmented.SegmentedRaftLogWorker (SegmentedRaftLogWorker.java:execute(576)) - 857fec05-692a-4d09-bf1c-7d167682feae@group-AE6E07F3D65A-SegmentedRaftLogWorker: created new log segment /workdir/hadoop-ozone/integration-test/target/test-dir/MiniOzoneClusterImpl-d10f3a9c-4fd6-4949-a3ff-490e135742c9/datanode-6/data/ratis/1b9f278a-40c5-4ba3-b356-ae6e07f3d65a/current/log_inprogress_0
2019-10-16 11:35:36,525 [pool-57-thread-1] INFO  impl.RaftServerImpl (RaftServerImpl.java:start(195)) - 4281bf39-36db-462c-8bc9-3c86cb645344@group-B3673A53AB6F: start as a follower, conf=-1: [f94c755f-9f95-40b5-85b9-5e712f3f34e7:192.168.157.203:45275, 1ee6da7b-5867-4bad-ba0d-a2cfd13fd72a:192.168.157.203:35892, 4281bf39-36db-462c-8bc9-3c86cb645344:192.168.157.203:42381], old=null
2019-10-16 11:35:36,525 [pool-47-thread-1] INFO  impl.RaftServerImpl (RaftServerImpl.java:start(195)) - 1ee6da7b-5867-4bad-ba0d-a2cfd13fd72a@group-B3673A53AB6F: start as a follower, conf=-1: [f94c755f-9f95-40b5-85b9-5e712f3f34e7:192.168.157.203:45275, 1ee6da7b-5867-4bad-ba0d-a2cfd13fd72a:192.168.157.203:35892, 4281bf39-36db-462c-8bc9-3c86cb645344:192.168.157.203:42381], old=null
2019-10-16 11:35:36,525 [pool-57-thread-1] INFO  impl.RaftServerImpl (RaftServerImpl.java:setRole(184)) - 4281bf39-36db-462c-8bc9-3c86cb645344@group-B3673A53AB6F: changes role from      null to FOLLOWER at term 0 for startAsFollower
2019-10-16 11:35:36,525 [pool-77-thread-1] INFO  impl.RaftServerImpl (RaftServerImpl.java:start(195)) - f94c755f-9f95-40b5-85b9-5e712f3f34e7@group-B3673A53AB6F: start as a follower, conf=-1: [f94c755f-9f95-40b5-85b9-5e712f3f34e7:192.168.157.203:45275, 1ee6da7b-5867-4bad-ba0d-a2cfd13fd72a:192.168.157.203:35892, 4281bf39-36db-462c-8bc9-3c86cb645344:192.168.157.203:42381], old=null
2019-10-16 11:35:36,525 [pool-47-thread-1] INFO  impl.RaftServerImpl (RaftServerImpl.java:setRole(184)) - 1ee6da7b-5867-4bad-ba0d-a2cfd13fd72a@group-B3673A53AB6F: changes role from      null to FOLLOWER at term 0 for startAsFollower
2019-10-16 11:35:36,526 [pool-77-thread-1] INFO  impl.RaftServerImpl (RaftServerImpl.java:setRole(184)) - f94c755f-9f95-40b5-85b9-5e712f3f34e7@group-B3673A53AB6F: changes role from      null to FOLLOWER at term 0 for startAsFollower
2019-10-16 11:35:36,526 [pool-57-thread-1] INFO  impl.RoleInfo (RoleInfo.java:updateAndGet(143)) - 4281bf39-36db-462c-8bc9-3c86cb645344: start FollowerState
2019-10-16 11:35:36,526 [pool-77-thread-1] INFO  impl.RoleInfo (RoleInfo.java:updateAndGet(143)) - f94c755f-9f95-40b5-85b9-5e712f3f34e7: start FollowerState
2019-10-16 11:35:36,526 [pool-47-thread-1] INFO  impl.RoleInfo (RoleInfo.java:updateAndGet(143)) - 1ee6da7b-5867-4bad-ba0d-a2cfd13fd72a: start FollowerState
2019-10-16 11:35:36,526 [pool-57-thread-1] INFO  util.JmxRegister (JmxRegister.java:tryRegister(44)) - Successfully registered JMX Bean with object name Ratis:service=RaftServer,group=group-B3673A53AB6F,id=4281bf39-36db-462c-8bc9-3c86cb645344
2019-10-16 11:35:36,526 [pool-77-thread-1] INFO  util.JmxRegister (JmxRegister.java:tryRegister(44)) - Successfully registered JMX Bean with object name Ratis:service=RaftServer,group=group-B3673A53AB6F,id=f94c755f-9f95-40b5-85b9-5e712f3f34e7
2019-10-16 11:35:36,526 [pool-47-thread-1] INFO  util.JmxRegister (JmxRegister.java:tryRegister(44)) - Successfully registered JMX Bean with object name Ratis:service=RaftServer,group=group-B3673A53AB6F,id=1ee6da7b-5867-4bad-ba0d-a2cfd13fd72a
2019-10-16 11:35:36,546 [Thread-335] INFO  impl.FollowerState (FollowerState.java:run(108)) - 4281bf39-36db-462c-8bc9-3c86cb645344@group-B3673A53AB6F-FollowerState: change to CANDIDATE, lastRpcTime:20ms, electionTimeout:8ms
2019-10-16 11:35:36,546 [Thread-335] INFO  impl.RoleInfo (RoleInfo.java:shutdownFollowerState(121)) - 4281bf39-36db-462c-8bc9-3c86cb645344: shutdown FollowerState
2019-10-16 11:35:36,547 [Thread-335] INFO  impl.RaftServerImpl (RaftServerImpl.java:setRole(184)) - 4281bf39-36db-462c-8bc9-3c86cb645344@group-B3673A53AB6F: changes role from  FOLLOWER to CANDIDATE at term 0 for changeToCandidate
2019-10-16 11:35:36,548 [Thread-335] INFO  impl.RoleInfo (RoleInfo.java:updateAndGet(143)) - 4281bf39-36db-462c-8bc9-3c86cb645344: start LeaderElection
2019-10-16 11:35:36,550 [5c445d34-c031-481c-9d4b-8fbace1f61b8@group-2FD438A1B24D-SegmentedRaftLogWorker] INFO  segmented.SegmentedRaftLogWorker (SegmentedRaftLogWorker.java:execute(576)) - 5c445d34-c031-481c-9d4b-8fbace1f61b8@group-2FD438A1B24D-SegmentedRaftLogWorker: created new log segment /workdir/hadoop-ozone/integration-test/target/test-dir/MiniOzoneClusterImpl-d10f3a9c-4fd6-4949-a3ff-490e135742c9/datanode-1/data/ratis/c156ed1a-8b70-4746-bfd0-2fd438a1b24d/current/log_inprogress_0
2019-10-16 11:35:36,562 [RatisPipelineUtilsThread] INFO  pipeline.PipelineStateManager (PipelineStateManager.java:addPipeline(56)) - Created pipeline Pipeline[ Id: 94c21100-ff80-4f17-b629-b3673a53ab6f, Nodes: 1ee6da7b-5867-4bad-ba0d-a2cfd13fd72a{ip: 192.168.157.203, host: pr-hdds-2313-gfcg9-2318083974, networkLocation: /default-rack, certSerialId: null}4281bf39-36db-462c-8bc9-3c86cb645344{ip: 192.168.157.203, host: pr-hdds-2313-gfcg9-2318083974, networkLocation: /default-rack, certSerialId: null}f94c755f-9f95-40b5-85b9-5e712f3f34e7{ip: 192.168.157.203, host: pr-hdds-2313-gfcg9-2318083974, networkLocation: /default-rack, certSerialId: null}, Type:RATIS, Factor:THREE, State:OPEN]
2019-10-16 11:35:36,562 [4281bf39-36db-462c-8bc9-3c86cb645344@group-B3673A53AB6F-LeaderElection10] INFO  impl.LeaderElection (LeaderElection.java:askForVotes(178)) - 4281bf39-36db-462c-8bc9-3c86cb645344@group-B3673A53AB6F-LeaderElection10: begin an election at term 1 for -1: [f94c755f-9f95-40b5-85b9-5e712f3f34e7:192.168.157.203:45275, 1ee6da7b-5867-4bad-ba0d-a2cfd13fd72a:192.168.157.203:35892, 4281bf39-36db-462c-8bc9-3c86cb645344:192.168.157.203:42381], old=null
2019-10-16 11:35:36,570 [Thread-326] INFO  impl.FollowerState (FollowerState.java:run(108)) - 04ed5b73-6589-4c7b-a1f1-e2826e0622f6@group-A223B8E730B0-FollowerState: change to CANDIDATE, lastRpcTime:148ms, electionTimeout:148ms
2019-10-16 11:35:36,571 [Thread-326] INFO  impl.RoleInfo (RoleInfo.java:shutdownFollowerState(121)) - 04ed5b73-6589-4c7b-a1f1-e2826e0622f6: shutdown FollowerState
2019-10-16 11:35:36,571 [Thread-326] INFO  impl.RaftServerImpl (RaftServerImpl.java:setRole(184)) - 04ed5b73-6589-4c7b-a1f1-e2826e0622f6@group-A223B8E730B0: changes role from  FOLLOWER to CANDIDATE at term 0 for changeToCandidate
2019-10-16 11:35:36,573 [Thread-326] INFO  impl.RoleInfo (RoleInfo.java:updateAndGet(143)) - 04ed5b73-6589-4c7b-a1f1-e2826e0622f6: start LeaderElection
2019-10-16 11:35:36,581 [grpc-default-executor-0] INFO  impl.RaftServerProxy (RaftServerProxy.java:addNew(89)) - 163587bb-2c3b-4498-b576-18147cf38274: addNew group-2077DD483DC7:[163587bb-2c3b-4498-b576-18147cf38274:192.168.157.203:33208, a3132885-145f-4a8c-85f4-c10eb874732d:192.168.157.203:46766, 70b633f6-b230-4b9f-87f3-510da88f1e08:192.168.157.203:43163] returns group-2077DD483DC7:java.util.concurrent.CompletableFuture@74debb82[Not completed]
2019-10-16 11:35:36,581 [grpc-default-executor-2] INFO  impl.RaftServerProxy (RaftServerProxy.java:addNew(89)) - 70b633f6-b230-4b9f-87f3-510da88f1e08: addNew group-2077DD483DC7:[163587bb-2c3b-4498-b576-18147cf38274:192.168.157.203:33208, a3132885-145f-4a8c-85f4-c10eb874732d:192.168.157.203:46766, 70b633f6-b230-4b9f-87f3-510da88f1e08:192.168.157.203:43163] returns group-2077DD483DC7:java.util.concurrent.CompletableFuture@3362305[Not completed]
2019-10-16 11:35:36,581 [grpc-default-executor-1] INFO  impl.RaftServerProxy (RaftServerProxy.java:addNew(89)) - a3132885-145f-4a8c-85f4-c10eb874732d: addNew group-2077DD483DC7:[163587bb-2c3b-4498-b576-18147cf38274:192.168.157.203:33208, a3132885-145f-4a8c-85f4-c10eb874732d:192.168.157.203:46766, 70b633f6-b230-4b9f-87f3-510da88f1e08:192.168.157.203:43163] returns group-2077DD483DC7:java.util.concurrent.CompletableFuture@6afb75df[Not completed]
2019-10-16 11:35:36,585 [pool-97-thread-1] INFO  impl.RaftServerImpl (RaftServerImpl.java:<init>(104)) - a3132885-145f-4a8c-85f4-c10eb874732d: new RaftServerImpl for group-2077DD483DC7:[163587bb-2c3b-4498-b576-18147cf38274:192.168.157.203:33208, a3132885-145f-4a8c-85f4-c10eb874732d:192.168.157.203:46766, 70b633f6-b230-4b9f-87f3-510da88f1e08:192.168.157.203:43163] with ContainerStateMachine:uninitialized
2019-10-16 11:35:36,585 [pool-97-thread-1] INFO  server.RaftServerConfigKeys (ConfUtils.java:logGet(43)) - raft.server.rpc.timeout.min = 1s (custom)
2019-10-16 11:35:36,586 [pool-97-thread-1] INFO  server.RaftServerConfigKeys (ConfUtils.java:logGet(43)) - raft.server.rpc.timeout.max = 1200ms (custom)
2019-10-16 11:35:36,586 [pool-97-thread-1] INFO  server.RaftServerConfigKeys (ConfUtils.java:logGet(43)) - raft.server.rpcslowness.timeout = 120s (custom)
2019-10-16 11:35:36,586 [pool-97-thread-1] INFO  server.RaftServerConfigKeys (ConfUtils.java:logGet(43)) - raft.server.sleep.deviation.threshold = 300 (default)
2019-10-16 11:35:36,587 [pool-97-thread-1] INFO  server.RaftServerConfigKeys (ConfUtils.java:logGet(43)) - raft.server.log.appender.install.snapshot.enabled = false (custom)
2019-10-16 11:35:36,587 [pool-97-thread-1] INFO  impl.RaftServerImpl (ServerState.java:<init>(103)) - a3132885-145f-4a8c-85f4-c10eb874732d@group-2077DD483DC7: ConfigurationManager, init=-1: [163587bb-2c3b-4498-b576-18147cf38274:192.168.157.203:33208, a3132885-145f-4a8c-85f4-c10eb874732d:192.168.157.203:46766, 70b633f6-b230-4b9f-87f3-510da88f1e08:192.168.157.203:43163], old=null, confs=<EMPTY_MAP>
2019-10-16 11:35:36,587 [pool-67-thread-1] INFO  impl.RaftServerImpl (RaftServerImpl.java:<init>(104)) - 163587bb-2c3b-4498-b576-18147cf38274: new RaftServerImpl for group-2077DD483DC7:[163587bb-2c3b-4498-b576-18147cf38274:192.168.157.203:33208, a3132885-145f-4a8c-85f4-c10eb874732d:192.168.157.203:46766, 70b633f6-b230-4b9f-87f3-510da88f1e08:192.168.157.203:43163] with ContainerStateMachine:uninitialized
2019-10-16 11:35:36,587 [pool-97-thread-1] INFO  server.RaftServerConfigKeys (ConfUtils.java:logGet(43)) - raft.server.storage.dir = [/workdir/hadoop-ozone/integration-test/target/test-dir/MiniOzoneClusterImpl-d10f3a9c-4fd6-4949-a3ff-490e135742c9/datanode-7/data/ratis] (custom)
2019-10-16 11:35:36,587 [pool-67-thread-1] INFO  server.RaftServerConfigKeys (ConfUtils.java:logGet(43)) - raft.server.rpc.timeout.min = 1s (custom)
2019-10-16 11:35:36,587 [pool-67-thread-1] INFO  server.RaftServerConfigKeys (ConfUtils.java:logGet(43)) - raft.server.rpc.timeout.max = 1200ms (custom)
2019-10-16 11:35:36,587 [pool-67-thread-1] INFO  server.RaftServerConfigKeys (ConfUtils.java:logGet(43)) - raft.server.rpcslowness.timeout = 120s (custom)
2019-10-16 11:35:36,587 [pool-67-thread-1] INFO  server.RaftServerConfigKeys (ConfUtils.java:logGet(43)) - raft.server.sleep.deviation.threshold = 300 (default)
2019-10-16 11:35:36,587 [pool-97-thread-1] INFO  server.RaftServerConfigKeys (ConfUtils.java:logGet(43)) - raft.server.log.corruption.policy = EXCEPTION (default)
2019-10-16 11:35:36,587 [pool-67-thread-1] INFO  server.RaftServerConfigKeys (ConfUtils.java:logGet(43)) - raft.server.log.appender.install.snapshot.enabled = false (custom)
2019-10-16 11:35:36,588 [pool-97-thread-1] INFO  storage.RaftStorageDirectory (RaftStorageDirectory.java:analyzeStorage(246)) - The storage directory /workdir/hadoop-ozone/integration-test/target/test-dir/MiniOzoneClusterImpl-d10f3a9c-4fd6-4949-a3ff-490e135742c9/datanode-7/data/ratis/5cadb629-28f1-4c71-b012-2077dd483dc7 does not exist. Creating ...
2019-10-16 11:35:36,587 [pool-117-thread-1] INFO  impl.RaftServerImpl (RaftServerImpl.java:<init>(104)) - 70b633f6-b230-4b9f-87f3-510da88f1e08: new RaftServerImpl for group-2077DD483DC7:[163587bb-2c3b-4498-b576-18147cf38274:192.168.157.203:33208, a3132885-145f-4a8c-85f4-c10eb874732d:192.168.157.203:46766, 70b633f6-b230-4b9f-87f3-510da88f1e08:192.168.157.203:43163] with ContainerStateMachine:uninitialized
2019-10-16 11:35:36,588 [pool-67-thread-1] INFO  impl.RaftServerImpl (ServerState.java:<init>(103)) - 163587bb-2c3b-4498-b576-18147cf38274@group-2077DD483DC7: ConfigurationManager, init=-1: [163587bb-2c3b-4498-b576-18147cf38274:192.168.157.203:33208, a3132885-145f-4a8c-85f4-c10eb874732d:192.168.157.203:46766, 70b633f6-b230-4b9f-87f3-510da88f1e08:192.168.157.203:43163], old=null, confs=<EMPTY_MAP>
2019-10-16 11:35:36,588 [pool-117-thread-1] INFO  server.RaftServerConfigKeys (ConfUtils.java:logGet(43)) - raft.server.rpc.timeout.min = 1s (custom)
2019-10-16 11:35:36,588 [pool-67-thread-1] INFO  server.RaftServerConfigKeys (ConfUtils.java:logGet(43)) - raft.server.storage.dir = [/workdir/hadoop-ozone/integration-test/target/test-dir/MiniOzoneClusterImpl-d10f3a9c-4fd6-4949-a3ff-490e135742c9/datanode-4/data/ratis] (custom)
2019-10-16 11:35:36,588 [pool-117-thread-1] INFO  server.RaftServerConfigKeys (ConfUtils.java:logGet(43)) - raft.server.rpc.timeout.max = 1200ms (custom)
2019-10-16 11:35:36,588 [pool-117-thread-1] INFO  server.RaftServerConfigKeys (ConfUtils.java:logGet(43)) - raft.server.rpcslowness.timeout = 120s (custom)
2019-10-16 11:35:36,588 [pool-67-thread-1] INFO  server.RaftServerConfigKeys (ConfUtils.java:logGet(43)) - raft.server.log.corruption.policy = EXCEPTION (default)
2019-10-16 11:35:36,588 [pool-117-thread-1] INFO  server.RaftServerConfigKeys (ConfUtils.java:logGet(43)) - raft.server.sleep.deviation.threshold = 300 (default)
2019-10-16 11:35:36,588 [04ed5b73-6589-4c7b-a1f1-e2826e0622f6@group-A223B8E730B0-LeaderElection11] INFO  impl.LeaderElection (LeaderElection.java:askForVotes(178)) - 04ed5b73-6589-4c7b-a1f1-e2826e0622f6@group-A223B8E730B0-LeaderElection11: begin an election at term 1 for -1: [04ed5b73-6589-4c7b-a1f1-e2826e0622f6:192.168.157.203:41561], old=null
2019-10-16 11:35:36,588 [pool-67-thread-1] INFO  storage.RaftStorageDirectory (RaftStorageDirectory.java:analyzeStorage(246)) - The storage directory /workdir/hadoop-ozone/integration-test/target/test-dir/MiniOzoneClusterImpl-d10f3a9c-4fd6-4949-a3ff-490e135742c9/datanode-4/data/ratis/5cadb629-28f1-4c71-b012-2077dd483dc7 does not exist. Creating ...
2019-10-16 11:35:36,588 [pool-117-thread-1] INFO  server.RaftServerConfigKeys (ConfUtils.java:logGet(43)) - raft.server.log.appender.install.snapshot.enabled = false (custom)
2019-10-16 11:35:36,588 [04ed5b73-6589-4c7b-a1f1-e2826e0622f6@group-A223B8E730B0-LeaderElection11] INFO  impl.RoleInfo (RoleInfo.java:shutdownLeaderElection(134)) - 04ed5b73-6589-4c7b-a1f1-e2826e0622f6: shutdown LeaderElection
2019-10-16 11:35:36,589 [pool-117-thread-1] INFO  impl.RaftServerImpl (ServerState.java:<init>(103)) - 70b633f6-b230-4b9f-87f3-510da88f1e08@group-2077DD483DC7: ConfigurationManager, init=-1: [163587bb-2c3b-4498-b576-18147cf38274:192.168.157.203:33208, a3132885-145f-4a8c-85f4-c10eb874732d:192.168.157.203:46766, 70b633f6-b230-4b9f-87f3-510da88f1e08:192.168.157.203:43163], old=null, confs=<EMPTY_MAP>
2019-10-16 11:35:36,589 [04ed5b73-6589-4c7b-a1f1-e2826e0622f6@group-A223B8E730B0-LeaderElection11] INFO  impl.RaftServerImpl (RaftServerImpl.java:setRole(184)) - 04ed5b73-6589-4c7b-a1f1-e2826e0622f6@group-A223B8E730B0: changes role from CANDIDATE to LEADER at term 1 for changeToLeader
2019-10-16 11:35:36,589 [pool-117-thread-1] INFO  server.RaftServerConfigKeys (ConfUtils.java:logGet(43)) - raft.server.storage.dir = [/workdir/hadoop-ozone/integration-test/target/test-dir/MiniOzoneClusterImpl-d10f3a9c-4fd6-4949-a3ff-490e135742c9/datanode-9/data/ratis] (custom)
2019-10-16 11:35:36,591 [pool-97-thread-1] INFO  storage.RaftStorageDirectory (RaftStorageDirectory.java:tryLock(328)) - Lock on /workdir/hadoop-ozone/integration-test/target/test-dir/MiniOzoneClusterImpl-d10f3a9c-4fd6-4949-a3ff-490e135742c9/datanode-7/data/ratis/5cadb629-28f1-4c71-b012-2077dd483dc7/in_use.lock acquired by nodename 26920@pr-hdds-2313-gfcg9-2318083974
2019-10-16 11:35:36,590 [04ed5b73-6589-4c7b-a1f1-e2826e0622f6@group-A223B8E730B0-LeaderElection11] INFO  impl.RaftServerImpl (ServerState.java:setLeader(256)) - 04ed5b73-6589-4c7b-a1f1-e2826e0622f6@group-A223B8E730B0: change Leader from null to 04ed5b73-6589-4c7b-a1f1-e2826e0622f6 at term 1 for becomeLeader, leader elected after 175ms
2019-10-16 11:35:36,591 [pool-117-thread-1] INFO  server.RaftServerConfigKeys (ConfUtils.java:logGet(43)) - raft.server.log.corruption.policy = EXCEPTION (default)
2019-10-16 11:35:36,591 [04ed5b73-6589-4c7b-a1f1-e2826e0622f6@group-A223B8E730B0-LeaderElection11] INFO  server.RaftServerConfigKeys (ConfUtils.java:logGet(43)) - raft.server.staging.catchup.gap = 1000 (default)
2019-10-16 11:35:36,591 [pool-117-thread-1] INFO  storage.RaftStorageDirectory (RaftStorageDirectory.java:analyzeStorage(246)) - The storage directory /workdir/hadoop-ozone/integration-test/target/test-dir/MiniOzoneClusterImpl-d10f3a9c-4fd6-4949-a3ff-490e135742c9/datanode-9/data/ratis/5cadb629-28f1-4c71-b012-2077dd483dc7 does not exist. Creating ...
2019-10-16 11:35:36,591 [04ed5b73-6589-4c7b-a1f1-e2826e0622f6@group-A223B8E730B0-LeaderElection11] INFO  server.RaftServerConfigKeys (ConfUtils.java:logGet(43)) - raft.server.rpc.sleep.time = 25ms (default)
2019-10-16 11:35:36,592 [04ed5b73-6589-4c7b-a1f1-e2826e0622f6@group-A223B8E730B0-LeaderElection11] INFO  server.RaftServerConfigKeys (ConfUtils.java:logGet(43)) - raft.server.write.element-limit = 4096 (default)
2019-10-16 11:35:36,592 [04ed5b73-6589-4c7b-a1f1-e2826e0622f6@group-A223B8E730B0-LeaderElection11] INFO  server.RaftServerConfigKeys (ConfUtils.java:logGet(43)) - raft.server.watch.timeout = 10s (default)
2019-10-16 11:35:36,592 [04ed5b73-6589-4c7b-a1f1-e2826e0622f6@group-A223B8E730B0-LeaderElection11] INFO  server.RaftServerConfigKeys (ConfUtils.java:logGet(43)) - raft.server.watch.timeout.denomination = 1s (default)
2019-10-16 11:35:36,592 [04ed5b73-6589-4c7b-a1f1-e2826e0622f6@group-A223B8E730B0-LeaderElection11] INFO  server.RaftServerConfigKeys (ConfUtils.java:logGet(43)) - raft.server.watch.element-limit = 65536 (default)
2019-10-16 11:35:36,593 [pool-67-thread-1] INFO  storage.RaftStorageDirectory (RaftStorageDirectory.java:tryLock(328)) - Lock on /workdir/hadoop-ozone/integration-test/target/test-dir/MiniOzoneClusterImpl-d10f3a9c-4fd6-4949-a3ff-490e135742c9/datanode-4/data/ratis/5cadb629-28f1-4c71-b012-2077dd483dc7/in_use.lock acquired by nodename 26920@pr-hdds-2313-gfcg9-2318083974
2019-10-16 11:35:36,595 [pool-117-thread-1] INFO  storage.RaftStorageDirectory (RaftStorageDirectory.java:tryLock(328)) - Lock on /workdir/hadoop-ozone/integration-test/target/test-dir/MiniOzoneClusterImpl-d10f3a9c-4fd6-4949-a3ff-490e135742c9/datanode-9/data/ratis/5cadb629-28f1-4c71-b012-2077dd483dc7/in_use.lock acquired by nodename 26920@pr-hdds-2313-gfcg9-2318083974
2019-10-16 11:35:36,596 [grpc-default-executor-2] INFO  impl.RaftServerImpl (RaftServerImpl.java:setRole(184)) - 1ee6da7b-5867-4bad-ba0d-a2cfd13fd72a@group-B3673A53AB6F: changes role from  FOLLOWER to FOLLOWER at term 1 for recognizeCandidate:4281bf39-36db-462c-8bc9-3c86cb645344
2019-10-16 11:35:36,596 [grpc-default-executor-3] INFO  impl.RaftServerImpl (RaftServerImpl.java:setRole(184)) - f94c755f-9f95-40b5-85b9-5e712f3f34e7@group-B3673A53AB6F: changes role from  FOLLOWER to FOLLOWER at term 1 for recognizeCandidate:4281bf39-36db-462c-8bc9-3c86cb645344
2019-10-16 11:35:36,596 [grpc-default-executor-2] INFO  impl.RoleInfo (RoleInfo.java:shutdownFollowerState(121)) - 1ee6da7b-5867-4bad-ba0d-a2cfd13fd72a: shutdown FollowerState
2019-10-16 11:35:36,596 [grpc-default-executor-3] INFO  impl.RoleInfo (RoleInfo.java:shutdownFollowerState(121)) - f94c755f-9f95-40b5-85b9-5e712f3f34e7: shutdown FollowerState
2019-10-16 11:35:36,596 [Thread-336] INFO  impl.FollowerState (FollowerState.java:run(117)) - 1ee6da7b-5867-4bad-ba0d-a2cfd13fd72a@group-B3673A53AB6F-FollowerState was interrupted: java.lang.InterruptedException: sleep interrupted
2019-10-16 11:35:36,596 [grpc-default-executor-3] INFO  impl.RoleInfo (RoleInfo.java:updateAndGet(143)) - f94c755f-9f95-40b5-85b9-5e712f3f34e7: start FollowerState
2019-10-16 11:35:36,596 [grpc-default-executor-2] INFO  impl.RoleInfo (RoleInfo.java:updateAndGet(143)) - 1ee6da7b-5867-4bad-ba0d-a2cfd13fd72a: start FollowerState
2019-10-16 11:35:36,597 [pool-97-thread-1] INFO  storage.RaftStorage (RaftStorage.java:format(84)) - Storage directory /workdir/hadoop-ozone/integration-test/target/test-dir/MiniOzoneClusterImpl-d10f3a9c-4fd6-4949-a3ff-490e135742c9/datanode-7/data/ratis/5cadb629-28f1-4c71-b012-2077dd483dc7 has been successfully formatted.
2019-10-16 11:35:36,596 [Thread-337] INFO  impl.FollowerState (FollowerState.java:run(117)) - f94c755f-9f95-40b5-85b9-5e712f3f34e7@group-B3673A53AB6F-FollowerState was interrupted: java.lang.InterruptedException: sleep interrupted
2019-10-16 11:35:36,597 [04ed5b73-6589-4c7b-a1f1-e2826e0622f6@group-A223B8E730B0-LeaderElection11] INFO  impl.RoleInfo (RoleInfo.java:updateAndGet(143)) - 04ed5b73-6589-4c7b-a1f1-e2826e0622f6: start LeaderState
2019-10-16 11:35:36,598 [pool-97-thread-1] INFO  ratis.ContainerStateMachine (ContainerStateMachine.java:loadSnapshot(231)) - group-2077DD483DC7: The snapshot info is null. Setting the last applied indexto:(t:0, i:~)
2019-10-16 11:35:36,599 [pool-97-thread-1] INFO  server.RaftServerConfigKeys (ConfUtils.java:logGet(43)) - raft.server.notification.no-leader.timeout = 120s (custom)
2019-10-16 11:35:36,599 [pool-97-thread-1] INFO  server.RaftServerConfigKeys (ConfUtils.java:logGet(43)) - raft.server.log.use.memory = false (default)
2019-10-16 11:35:36,599 [04ed5b73-6589-4c7b-a1f1-e2826e0622f6@group-A223B8E730B0-LeaderElection11] INFO  segmented.SegmentedRaftLogWorker (SegmentedRaftLogWorker.java:startLogSegment(385)) - 04ed5b73-6589-4c7b-a1f1-e2826e0622f6@group-A223B8E730B0-SegmentedRaftLogWorker: Starting segment from index:0
2019-10-16 11:35:36,599 [pool-97-thread-1] INFO  server.RaftServerConfigKeys (ConfUtils.java:logGet(43)) - raft.server.log.purge.gap = 1000000 (custom)
2019-10-16 11:35:36,599 [pool-97-thread-1] INFO  server.RaftServerConfigKeys (ConfUtils.java:logGet(43)) - raft.server.log.appender.buffer.byte-limit = 33554432 (custom)
2019-10-16 11:35:36,599 [04ed5b73-6589-4c7b-a1f1-e2826e0622f6@group-A223B8E730B0-LeaderElection11] INFO  impl.RaftServerImpl (ServerState.java:setRaftConf(357)) - 04ed5b73-6589-4c7b-a1f1-e2826e0622f6@group-A223B8E730B0: set configuration 0: [04ed5b73-6589-4c7b-a1f1-e2826e0622f6:192.168.157.203:41561], old=null at 0
2019-10-16 11:35:36,599 [pool-97-thread-1] INFO  server.RaftServerConfigKeys (ConfUtils.java:logGet(43)) - raft.server.log.segment.size.max = 1048576 (custom)
2019-10-16 11:35:36,623 [pool-67-thread-1] INFO  storage.RaftStorage (RaftStorage.java:format(84)) - Storage directory /workdir/hadoop-ozone/integration-test/target/test-dir/MiniOzoneClusterImpl-d10f3a9c-4fd6-4949-a3ff-490e135742c9/datanode-4/data/ratis/5cadb629-28f1-4c71-b012-2077dd483dc7 has been successfully formatted.
2019-10-16 11:35:36,623 [pool-117-thread-1] INFO  storage.RaftStorage (RaftStorage.java:format(84)) - Storage directory /workdir/hadoop-ozone/integration-test/target/test-dir/MiniOzoneClusterImpl-d10f3a9c-4fd6-4949-a3ff-490e135742c9/datanode-9/data/ratis/5cadb629-28f1-4c71-b012-2077dd483dc7 has been successfully formatted.
2019-10-16 11:35:36,623 [pool-97-thread-1] INFO  server.RaftServerConfigKeys (ConfUtils.java:logGet(43)) - raft.server.log.segment.cache.num.max = 2 (custom)
2019-10-16 11:35:36,623 [pool-67-thread-1] INFO  ratis.ContainerStateMachine (ContainerStateMachine.java:loadSnapshot(231)) - group-2077DD483DC7: The snapshot info is null. Setting the last applied indexto:(t:0, i:~)
2019-10-16 11:35:36,623 [pool-97-thread-1] INFO  segmented.SegmentedRaftLogWorker (SegmentedRaftLogWorker.java:<init>(173)) - new a3132885-145f-4a8c-85f4-c10eb874732d@group-2077DD483DC7-SegmentedRaftLogWorker for RaftStorage:Storage Directory /workdir/hadoop-ozone/integration-test/target/test-dir/MiniOzoneClusterImpl-d10f3a9c-4fd6-4949-a3ff-490e135742c9/datanode-7/data/ratis/5cadb629-28f1-4c71-b012-2077dd483dc7
2019-10-16 11:35:36,623 [pool-117-thread-1] INFO  ratis.ContainerStateMachine (ContainerStateMachine.java:loadSnapshot(231)) - group-2077DD483DC7: The snapshot info is null. Setting the last applied indexto:(t:0, i:~)
2019-10-16 11:35:36,623 [pool-97-thread-1] INFO  server.RaftServerConfigKeys (ConfUtils.java:logGet(43)) - raft.server.log.queue.byte-limit = 2147483647 (custom)
2019-10-16 11:35:36,623 [pool-67-thread-1] INFO  server.RaftServerConfigKeys (ConfUtils.java:logGet(43)) - raft.server.notification.no-leader.timeout = 120s (custom)
2019-10-16 11:35:36,624 [pool-97-thread-1] INFO  server.RaftServerConfigKeys (ConfUtils.java:logGet(43)) - raft.server.log.queue.element-limit = 1024 (custom)
2019-10-16 11:35:36,623 [pool-117-thread-1] INFO  server.RaftServerConfigKeys (ConfUtils.java:logGet(43)) - raft.server.notification.no-leader.timeout = 120s (custom)
2019-10-16 11:35:36,624 [pool-97-thread-1] INFO  server.RaftServerConfigKeys (ConfUtils.java:logGet(43)) - raft.server.log.segment.size.max = 1048576 (custom)
2019-10-16 11:35:36,624 [pool-67-thread-1] INFO  server.RaftServerConfigKeys (ConfUtils.java:logGet(43)) - raft.server.log.use.memory = false (default)
2019-10-16 11:35:36,624 [pool-97-thread-1] INFO  server.RaftServerConfigKeys (ConfUtils.java:logGet(43)) - raft.server.log.preallocated.size = 16384 (custom)
2019-10-16 11:35:36,624 [pool-117-thread-1] INFO  server.RaftServerConfigKeys (ConfUtils.java:logGet(43)) - raft.server.log.use.memory = false (default)
2019-10-16 11:35:36,624 [pool-97-thread-1] INFO  server.RaftServerConfigKeys (ConfUtils.java:logGet(43)) - raft.server.log.write.buffer.size = 33554432 (custom)
2019-10-16 11:35:36,624 [pool-67-thread-1] INFO  server.RaftServerConfigKeys (ConfUtils.java:logGet(43)) - raft.server.log.purge.gap = 1000000 (custom)
2019-10-16 11:35:36,624 [pool-97-thread-1] INFO  server.RaftServerConfigKeys (ConfUtils.java:logGet(43)) - raft.server.log.force.sync.num = 128 (default)
2019-10-16 11:35:36,624 [pool-117-thread-1] INFO  server.RaftServerConfigKeys (ConfUtils.java:logGet(43)) - raft.server.log.purge.gap = 1000000 (custom)
2019-10-16 11:35:36,625 [pool-97-thread-1] INFO  server.RaftServerConfigKeys (ConfUtils.java:logGet(43)) - raft.server.log.statemachine.data.sync = true (default)
2019-10-16 11:35:36,625 [pool-67-thread-1] INFO  server.RaftServerConfigKeys (ConfUtils.java:logGet(43)) - raft.server.log.appender.buffer.byte-limit = 33554432 (custom)
2019-10-16 11:35:36,625 [pool-97-thread-1] INFO  server.RaftServerConfigKeys (ConfUtils.java:logGet(43)) - raft.server.log.statemachine.data.sync.timeout = 10s (default)
2019-10-16 11:35:36,625 [pool-117-thread-1] INFO  server.RaftServerConfigKeys (ConfUtils.java:logGet(43)) - raft.server.log.appender.buffer.byte-limit = 33554432 (custom)
2019-10-16 11:35:36,625 [pool-97-thread-1] INFO  server.RaftServerConfigKeys (ConfUtils.java:logGet(43)) - raft.server.log.statemachine.data.sync.timeout.retry = -1 (default)
2019-10-16 11:35:36,625 [pool-67-thread-1] INFO  server.RaftServerConfigKeys (ConfUtils.java:logGet(43)) - raft.server.log.segment.size.max = 1048576 (custom)
2019-10-16 11:35:36,625 [pool-117-thread-1] INFO  server.RaftServerConfigKeys (ConfUtils.java:logGet(43)) - raft.server.log.segment.size.max = 1048576 (custom)
2019-10-16 11:35:36,625 [pool-97-thread-1] INFO  server.RaftServerConfigKeys (ConfUtils.java:logGet(43)) - raft.server.log.statemachine.data.caching.enabled = true (custom)
2019-10-16 11:35:36,625 [pool-67-thread-1] INFO  server.RaftServerConfigKeys (ConfUtils.java:logGet(43)) - raft.server.log.segment.cache.num.max = 2 (custom)
2019-10-16 11:35:36,625 [pool-117-thread-1] INFO  server.RaftServerConfigKeys (ConfUtils.java:logGet(43)) - raft.server.log.segment.cache.num.max = 2 (custom)
2019-10-16 11:35:36,626 [pool-67-thread-1] INFO  segmented.SegmentedRaftLogWorker (SegmentedRaftLogWorker.java:<init>(173)) - new 163587bb-2c3b-4498-b576-18147cf38274@group-2077DD483DC7-SegmentedRaftLogWorker for RaftStorage:Storage Directory /workdir/hadoop-ozone/integration-test/target/test-dir/MiniOzoneClusterImpl-d10f3a9c-4fd6-4949-a3ff-490e135742c9/datanode-4/data/ratis/5cadb629-28f1-4c71-b012-2077dd483dc7
2019-10-16 11:35:36,626 [pool-97-thread-1] INFO  segmented.SegmentedRaftLogWorker (SegmentedRaftLogWorker.java:lambda$new$0(128)) - a3132885-145f-4a8c-85f4-c10eb874732d@group-2077DD483DC7-SegmentedRaftLogWorker: flushIndex: setUnconditionally 0 -> -1
2019-10-16 11:35:36,626 [pool-117-thread-1] INFO  segmented.SegmentedRaftLogWorker (SegmentedRaftLogWorker.java:<init>(173)) - new 70b633f6-b230-4b9f-87f3-510da88f1e08@group-2077DD483DC7-SegmentedRaftLogWorker for RaftStorage:Storage Directory /workdir/hadoop-ozone/integration-test/target/test-dir/MiniOzoneClusterImpl-d10f3a9c-4fd6-4949-a3ff-490e135742c9/datanode-9/data/ratis/5cadb629-28f1-4c71-b012-2077dd483dc7
2019-10-16 11:35:36,626 [pool-67-thread-1] INFO  server.RaftServerConfigKeys (ConfUtils.java:logGet(43)) - raft.server.log.queue.byte-limit = 2147483647 (custom)
2019-10-16 11:35:36,626 [pool-97-thread-1] INFO  server.RaftServerConfigKeys (ConfUtils.java:logGet(43)) - raft.server.snapshot.auto.trigger.enabled = true (custom)
2019-10-16 11:35:36,626 [pool-117-thread-1] INFO  server.RaftServerConfigKeys (ConfUtils.java:logGet(43)) - raft.server.log.queue.byte-limit = 2147483647 (custom)
2019-10-16 11:35:36,626 [pool-97-thread-1] INFO  server.RaftServerConfigKeys (ConfUtils.java:logGet(43)) - raft.server.snapshot.auto.trigger.threshold = 10000 (custom)
2019-10-16 11:35:36,626 [pool-67-thread-1] INFO  server.RaftServerConfigKeys (ConfUtils.java:logGet(43)) - raft.server.log.queue.element-limit = 1024 (custom)
2019-10-16 11:35:36,626 [pool-97-thread-1] INFO  server.RaftServerConfigKeys (ConfUtils.java:logGet(43)) - raft.server.snapshot.retention.file.num = 5 (custom)
2019-10-16 11:35:36,626 [pool-117-thread-1] INFO  server.RaftServerConfigKeys (ConfUtils.java:logGet(43)) - raft.server.log.queue.element-limit = 1024 (custom)
2019-10-16 11:35:36,627 [pool-67-thread-1] INFO  server.RaftServerConfigKeys (ConfUtils.java:logGet(43)) - raft.server.log.segment.size.max = 1048576 (custom)
2019-10-16 11:35:36,627 [pool-97-thread-1] INFO  server.RaftServerConfigKeys (ConfUtils.java:logGet(43)) - raft.server.retrycache.expirytime = 600000ms (custom)
2019-10-16 11:35:36,627 [pool-117-thread-1] INFO  server.RaftServerConfigKeys (ConfUtils.java:logGet(43)) - raft.server.log.segment.size.max = 1048576 (custom)
2019-10-16 11:35:36,627 [pool-67-thread-1] INFO  server.RaftServerConfigKeys (ConfUtils.java:logGet(43)) - raft.server.log.preallocated.size = 16384 (custom)
2019-10-16 11:35:36,627 [pool-117-thread-1] INFO  server.RaftServerConfigKeys (ConfUtils.java:logGet(43)) - raft.server.log.preallocated.size = 16384 (custom)
2019-10-16 11:35:36,627 [pool-67-thread-1] INFO  server.RaftServerConfigKeys (ConfUtils.java:logGet(43)) - raft.server.log.write.buffer.size = 33554432 (custom)
2019-10-16 11:35:36,627 [pool-117-thread-1] INFO  server.RaftServerConfigKeys (ConfUtils.java:logGet(43)) - raft.server.log.write.buffer.size = 33554432 (custom)
2019-10-16 11:35:36,627 [pool-67-thread-1] INFO  server.RaftServerConfigKeys (ConfUtils.java:logGet(43)) - raft.server.log.force.sync.num = 128 (default)
2019-10-16 11:35:36,627 [pool-117-thread-1] INFO  server.RaftServerConfigKeys (ConfUtils.java:logGet(43)) - raft.server.log.force.sync.num = 128 (default)
2019-10-16 11:35:36,628 [pool-67-thread-1] INFO  server.RaftServerConfigKeys (ConfUtils.java:logGet(43)) - raft.server.log.statemachine.data.sync = true (default)
2019-10-16 11:35:36,628 [pool-117-thread-1] INFO  server.RaftServerConfigKeys (ConfUtils.java:logGet(43)) - raft.server.log.statemachine.data.sync = true (default)
2019-10-16 11:35:36,628 [pool-67-thread-1] INFO  server.RaftServerConfigKeys (ConfUtils.java:logGet(43)) - raft.server.log.statemachine.data.sync.timeout = 10s (default)
2019-10-16 11:35:36,628 [pool-117-thread-1] INFO  server.RaftServerConfigKeys (ConfUtils.java:logGet(43)) - raft.server.log.statemachine.data.sync.timeout = 10s (default)
2019-10-16 11:35:36,628 [pool-67-thread-1] INFO  server.RaftServerConfigKeys (ConfUtils.java:logGet(43)) - raft.server.log.statemachine.data.sync.timeout.retry = -1 (default)
2019-10-16 11:35:36,628 [pool-117-thread-1] INFO  server.RaftServerConfigKeys (ConfUtils.java:logGet(43)) - raft.server.log.statemachine.data.sync.timeout.retry = -1 (default)
2019-10-16 11:35:36,628 [pool-67-thread-1] INFO  server.RaftServerConfigKeys (ConfUtils.java:logGet(43)) - raft.server.log.statemachine.data.caching.enabled = true (custom)
2019-10-16 11:35:36,628 [pool-117-thread-1] INFO  server.RaftServerConfigKeys (ConfUtils.java:logGet(43)) - raft.server.log.statemachine.data.caching.enabled = true (custom)
2019-10-16 11:35:36,629 [pool-67-thread-1] INFO  segmented.SegmentedRaftLogWorker (SegmentedRaftLogWorker.java:lambda$new$0(128)) - 163587bb-2c3b-4498-b576-18147cf38274@group-2077DD483DC7-SegmentedRaftLogWorker: flushIndex: setUnconditionally 0 -> -1
2019-10-16 11:35:36,629 [pool-117-thread-1] INFO  segmented.SegmentedRaftLogWorker (SegmentedRaftLogWorker.java:lambda$new$0(128)) - 70b633f6-b230-4b9f-87f3-510da88f1e08@group-2077DD483DC7-SegmentedRaftLogWorker: flushIndex: setUnconditionally 0 -> -1
2019-10-16 11:35:36,629 [pool-67-thread-1] INFO  server.RaftServerConfigKeys (ConfUtils.java:logGet(43)) - raft.server.snapshot.auto.trigger.enabled = true (custom)
2019-10-16 11:35:36,629 [pool-117-thread-1] INFO  server.RaftServerConfigKeys (ConfUtils.java:logGet(43)) - raft.server.snapshot.auto.trigger.enabled = true (custom)
2019-10-16 11:35:36,629 [pool-67-thread-1] INFO  server.RaftServerConfigKeys (ConfUtils.java:logGet(43)) - raft.server.snapshot.auto.trigger.threshold = 10000 (custom)
2019-10-16 11:35:36,629 [pool-117-thread-1] INFO  server.RaftServerConfigKeys (ConfUtils.java:logGet(43)) - raft.server.snapshot.auto.trigger.threshold = 10000 (custom)
2019-10-16 11:35:36,629 [pool-117-thread-1] INFO  server.RaftServerConfigKeys (ConfUtils.java:logGet(43)) - raft.server.snapshot.retention.file.num = 5 (custom)
2019-10-16 11:35:36,629 [pool-67-thread-1] INFO  server.RaftServerConfigKeys (ConfUtils.java:logGet(43)) - raft.server.snapshot.retention.file.num = 5 (custom)
2019-10-16 11:35:36,629 [pool-117-thread-1] INFO  server.RaftServerConfigKeys (ConfUtils.java:logGet(43)) - raft.server.retrycache.expirytime = 600000ms (custom)
2019-10-16 11:35:36,629 [pool-67-thread-1] INFO  server.RaftServerConfigKeys (ConfUtils.java:logGet(43)) - raft.server.retrycache.expirytime = 600000ms (custom)
2019-10-16 11:35:36,629 [pool-97-thread-1] INFO  impl.RaftServerImpl (RaftServerImpl.java:start(195)) - a3132885-145f-4a8c-85f4-c10eb874732d@group-2077DD483DC7: start as a follower, conf=-1: [163587bb-2c3b-4498-b576-18147cf38274:192.168.157.203:33208, a3132885-145f-4a8c-85f4-c10eb874732d:192.168.157.203:46766, 70b633f6-b230-4b9f-87f3-510da88f1e08:192.168.157.203:43163], old=null
2019-10-16 11:35:36,630 [pool-97-thread-1] INFO  impl.RaftServerImpl (RaftServerImpl.java:setRole(184)) - a3132885-145f-4a8c-85f4-c10eb874732d@group-2077DD483DC7: changes role from      null to FOLLOWER at term 0 for startAsFollower
2019-10-16 11:35:36,630 [pool-97-thread-1] INFO  impl.RoleInfo (RoleInfo.java:updateAndGet(143)) - a3132885-145f-4a8c-85f4-c10eb874732d: start FollowerState
2019-10-16 11:35:36,630 [pool-97-thread-1] INFO  util.JmxRegister (JmxRegister.java:tryRegister(44)) - Successfully registered JMX Bean with object name Ratis:service=RaftServer,group=group-2077DD483DC7,id=a3132885-145f-4a8c-85f4-c10eb874732d
2019-10-16 11:35:36,634 [04ed5b73-6589-4c7b-a1f1-e2826e0622f6@group-A223B8E730B0-SegmentedRaftLogWorker] INFO  segmented.SegmentedRaftLogWorker (SegmentedRaftLogWorker.java:execute(576)) - 04ed5b73-6589-4c7b-a1f1-e2826e0622f6@group-A223B8E730B0-SegmentedRaftLogWorker: created new log segment /workdir/hadoop-ozone/integration-test/target/test-dir/MiniOzoneClusterImpl-d10f3a9c-4fd6-4949-a3ff-490e135742c9/datanode-8/data/ratis/f1992139-9f0b-44a2-8666-a223b8e730b0/current/log_inprogress_0
2019-10-16 11:35:36,635 [pool-117-thread-1] INFO  impl.RaftServerImpl (RaftServerImpl.java:start(195)) - 70b633f6-b230-4b9f-87f3-510da88f1e08@group-2077DD483DC7: start as a follower, conf=-1: [163587bb-2c3b-4498-b576-18147cf38274:192.168.157.203:33208, a3132885-145f-4a8c-85f4-c10eb874732d:192.168.157.203:46766, 70b633f6-b230-4b9f-87f3-510da88f1e08:192.168.157.203:43163], old=null
2019-10-16 11:35:36,635 [pool-117-thread-1] INFO  impl.RaftServerImpl (RaftServerImpl.java:setRole(184)) - 70b633f6-b230-4b9f-87f3-510da88f1e08@group-2077DD483DC7: changes role from      null to FOLLOWER at term 0 for startAsFollower
2019-10-16 11:35:36,635 [pool-117-thread-1] INFO  impl.RoleInfo (RoleInfo.java:updateAndGet(143)) - 70b633f6-b230-4b9f-87f3-510da88f1e08: start FollowerState
2019-10-16 11:35:36,635 [pool-117-thread-1] INFO  util.JmxRegister (JmxRegister.java:tryRegister(44)) - Successfully registered JMX Bean with object name Ratis:service=RaftServer,group=group-2077DD483DC7,id=70b633f6-b230-4b9f-87f3-510da88f1e08
2019-10-16 11:35:36,635 [pool-67-thread-1] INFO  impl.RaftServerImpl (RaftServerImpl.java:start(195)) - 163587bb-2c3b-4498-b576-18147cf38274@group-2077DD483DC7: start as a follower, conf=-1: [163587bb-2c3b-4498-b576-18147cf38274:192.168.157.203:33208, a3132885-145f-4a8c-85f4-c10eb874732d:192.168.157.203:46766, 70b633f6-b230-4b9f-87f3-510da88f1e08:192.168.157.203:43163], old=null
2019-10-16 11:35:36,635 [pool-67-thread-1] INFO  impl.RaftServerImpl (RaftServerImpl.java:setRole(184)) - 163587bb-2c3b-4498-b576-18147cf38274@group-2077DD483DC7: changes role from      null to FOLLOWER at term 0 for startAsFollower
2019-10-16 11:35:36,636 [pool-67-thread-1] INFO  impl.RoleInfo (RoleInfo.java:updateAndGet(143)) - 163587bb-2c3b-4498-b576-18147cf38274: start FollowerState
2019-10-16 11:35:36,636 [pool-67-thread-1] INFO  util.JmxRegister (JmxRegister.java:tryRegister(44)) - Successfully registered JMX Bean with object name Ratis:service=RaftServer,group=group-2077DD483DC7,id=163587bb-2c3b-4498-b576-18147cf38274
2019-10-16 11:35:36,636 [Thread-346] INFO  impl.FollowerState (FollowerState.java:run(108)) - 1ee6da7b-5867-4bad-ba0d-a2cfd13fd72a@group-B3673A53AB6F-FollowerState: change to CANDIDATE, lastRpcTime:39ms, electionTimeout:34ms
2019-10-16 11:35:36,636 [Thread-346] INFO  impl.RoleInfo (RoleInfo.java:shutdownFollowerState(121)) - 1ee6da7b-5867-4bad-ba0d-a2cfd13fd72a: shutdown FollowerState
2019-10-16 11:35:36,636 [Thread-346] INFO  impl.RaftServerImpl (RaftServerImpl.java:setRole(184)) - 1ee6da7b-5867-4bad-ba0d-a2cfd13fd72a@group-B3673A53AB6F: changes role from  FOLLOWER to CANDIDATE at term 1 for changeToCandidate
2019-10-16 11:35:36,637 [Thread-346] INFO  impl.RoleInfo (RoleInfo.java:updateAndGet(143)) - 1ee6da7b-5867-4bad-ba0d-a2cfd13fd72a: start LeaderElection
2019-10-16 11:35:36,650 [1ee6da7b-5867-4bad-ba0d-a2cfd13fd72a@group-B3673A53AB6F-LeaderElection12] INFO  impl.LeaderElection (LeaderElection.java:askForVotes(178)) - 1ee6da7b-5867-4bad-ba0d-a2cfd13fd72a@group-B3673A53AB6F-LeaderElection12: begin an election at term 2 for -1: [f94c755f-9f95-40b5-85b9-5e712f3f34e7:192.168.157.203:45275, 1ee6da7b-5867-4bad-ba0d-a2cfd13fd72a:192.168.157.203:35892, 4281bf39-36db-462c-8bc9-3c86cb645344:192.168.157.203:42381], old=null
2019-10-16 11:35:36,651 [Thread-353] INFO  impl.FollowerState (FollowerState.java:run(108)) - 163587bb-2c3b-4498-b576-18147cf38274@group-2077DD483DC7-FollowerState: change to CANDIDATE, lastRpcTime:15ms, electionTimeout:15ms
2019-10-16 11:35:36,651 [Thread-353] INFO  impl.RoleInfo (RoleInfo.java:shutdownFollowerState(121)) - 163587bb-2c3b-4498-b576-18147cf38274: shutdown FollowerState
2019-10-16 11:35:36,651 [Thread-353] INFO  impl.RaftServerImpl (RaftServerImpl.java:setRole(184)) - 163587bb-2c3b-4498-b576-18147cf38274@group-2077DD483DC7: changes role from  FOLLOWER to CANDIDATE at term 0 for changeToCandidate
2019-10-16 11:35:36,655 [Thread-353] INFO  impl.RoleInfo (RoleInfo.java:updateAndGet(143)) - 163587bb-2c3b-4498-b576-18147cf38274: start LeaderElection
2019-10-16 11:35:36,661 [4281bf39-36db-462c-8bc9-3c86cb645344@group-B3673A53AB6F-LeaderElection10] INFO  impl.LeaderElection (LeaderElection.java:logAndReturn(56)) - 4281bf39-36db-462c-8bc9-3c86cb645344@group-B3673A53AB6F-LeaderElection10: Election PASSED; received 1 response(s) [4281bf39-36db-462c-8bc9-3c86cb645344<-f94c755f-9f95-40b5-85b9-5e712f3f34e7#0:OK-t1] and 0 exception(s); 4281bf39-36db-462c-8bc9-3c86cb645344@group-B3673A53AB6F:t1, leader=null, voted=4281bf39-36db-462c-8bc9-3c86cb645344, raftlog=4281bf39-36db-462c-8bc9-3c86cb645344@group-B3673A53AB6F-SegmentedRaftLog:OPENED:c-1,f-1,i0, conf=-1: [f94c755f-9f95-40b5-85b9-5e712f3f34e7:192.168.157.203:45275, 1ee6da7b-5867-4bad-ba0d-a2cfd13fd72a:192.168.157.203:35892, 4281bf39-36db-462c-8bc9-3c86cb645344:192.168.157.203:42381], old=null
2019-10-16 11:35:36,662 [4281bf39-36db-462c-8bc9-3c86cb645344@group-B3673A53AB6F-LeaderElection10] INFO  impl.RoleInfo (RoleInfo.java:shutdownLeaderElection(134)) - 4281bf39-36db-462c-8bc9-3c86cb645344: shutdown LeaderElection
2019-10-16 11:35:36,666 [Thread-347] INFO  impl.FollowerState (FollowerState.java:run(108)) - f94c755f-9f95-40b5-85b9-5e712f3f34e7@group-B3673A53AB6F-FollowerState: change to CANDIDATE, lastRpcTime:70ms, electionTimeout:67ms
2019-10-16 11:35:36,667 [4281bf39-36db-462c-8bc9-3c86cb645344@group-B3673A53AB6F-LeaderElection10] INFO  impl.RaftServerImpl (RaftServerImpl.java:setRole(184)) - 4281bf39-36db-462c-8bc9-3c86cb645344@group-B3673A53AB6F: changes role from CANDIDATE to LEADER at term 1 for changeToLeader
2019-10-16 11:35:36,667 [Thread-347] INFO  impl.RoleInfo (RoleInfo.java:shutdownFollowerState(121)) - f94c755f-9f95-40b5-85b9-5e712f3f34e7: shutdown FollowerState
2019-10-16 11:35:36,667 [4281bf39-36db-462c-8bc9-3c86cb645344@group-B3673A53AB6F-LeaderElection10] INFO  impl.RaftServerImpl (ServerState.java:setLeader(256)) - 4281bf39-36db-462c-8bc9-3c86cb645344@group-B3673A53AB6F: change Leader from null to 4281bf39-36db-462c-8bc9-3c86cb645344 at term 1 for becomeLeader, leader elected after 180ms
2019-10-16 11:35:36,668 [Thread-347] INFO  impl.RaftServerImpl (RaftServerImpl.java:setRole(184)) - f94c755f-9f95-40b5-85b9-5e712f3f34e7@group-B3673A53AB6F: changes role from  FOLLOWER to CANDIDATE at term 1 for changeToCandidate
2019-10-16 11:35:36,668 [4281bf39-36db-462c-8bc9-3c86cb645344@group-B3673A53AB6F-LeaderElection10] INFO  server.RaftServerConfigKeys (ConfUtils.java:logGet(43)) - raft.server.staging.catchup.gap = 1000 (default)
2019-10-16 11:35:36,668 [4281bf39-36db-462c-8bc9-3c86cb645344@group-B3673A53AB6F-LeaderElection10] INFO  server.RaftServerConfigKeys (ConfUtils.java:logGet(43)) - raft.server.rpc.sleep.time = 25ms (default)
2019-10-16 11:35:36,668 [Thread-347] INFO  impl.RoleInfo (RoleInfo.java:updateAndGet(143)) - f94c755f-9f95-40b5-85b9-5e712f3f34e7: start LeaderElection
2019-10-16 11:35:36,668 [4281bf39-36db-462c-8bc9-3c86cb645344@group-B3673A53AB6F-LeaderElection10] INFO  server.RaftServerConfigKeys (ConfUtils.java:logGet(43)) - raft.server.write.element-limit = 4096 (default)
2019-10-16 11:35:36,668 [4281bf39-36db-462c-8bc9-3c86cb645344@group-B3673A53AB6F-LeaderElection10] INFO  server.RaftServerConfigKeys (ConfUtils.java:logGet(43)) - raft.server.watch.timeout = 10s (default)
2019-10-16 11:35:36,669 [4281bf39-36db-462c-8bc9-3c86cb645344@group-B3673A53AB6F-LeaderElection10] INFO  server.RaftServerConfigKeys (ConfUtils.java:logGet(43)) - raft.server.watch.timeout.denomination = 1s (default)
2019-10-16 11:35:36,669 [4281bf39-36db-462c-8bc9-3c86cb645344@group-B3673A53AB6F-LeaderElection10] INFO  server.RaftServerConfigKeys (ConfUtils.java:logGet(43)) - raft.server.watch.element-limit = 65536 (default)
2019-10-16 11:35:36,670 [RatisPipelineUtilsThread] INFO  pipeline.PipelineStateManager (PipelineStateManager.java:addPipeline(56)) - Created pipeline Pipeline[ Id: 5cadb629-28f1-4c71-b012-2077dd483dc7, Nodes: a3132885-145f-4a8c-85f4-c10eb874732d{ip: 192.168.157.203, host: pr-hdds-2313-gfcg9-2318083974, networkLocation: /default-rack, certSerialId: null}70b633f6-b230-4b9f-87f3-510da88f1e08{ip: 192.168.157.203, host: pr-hdds-2313-gfcg9-2318083974, networkLocation: /default-rack, certSerialId: null}163587bb-2c3b-4498-b576-18147cf38274{ip: 192.168.157.203, host: pr-hdds-2313-gfcg9-2318083974, networkLocation: /default-rack, certSerialId: null}, Type:RATIS, Factor:THREE, State:OPEN]
2019-10-16 11:35:36,691 [4281bf39-36db-462c-8bc9-3c86cb645344@group-B3673A53AB6F-LeaderElection10] INFO  server.RaftServerConfigKeys (ConfUtils.java:logGet(43)) - raft.server.log.appender.snapshot.chunk.size.max = 16MB (=16777216) (default)
2019-10-16 11:35:36,691 [4281bf39-36db-462c-8bc9-3c86cb645344@group-B3673A53AB6F-LeaderElection10] INFO  server.RaftServerConfigKeys (ConfUtils.java:logGet(43)) - raft.server.log.appender.buffer.byte-limit = 33554432 (custom)
2019-10-16 11:35:36,695 [163587bb-2c3b-4498-b576-18147cf38274@group-2077DD483DC7-LeaderElection13] INFO  impl.LeaderElection (LeaderElection.java:askForVotes(178)) - 163587bb-2c3b-4498-b576-18147cf38274@group-2077DD483DC7-LeaderElection13: begin an election at term 1 for -1: [163587bb-2c3b-4498-b576-18147cf38274:192.168.157.203:33208, a3132885-145f-4a8c-85f4-c10eb874732d:192.168.157.203:46766, 70b633f6-b230-4b9f-87f3-510da88f1e08:192.168.157.203:43163], old=null
2019-10-16 11:35:36,695 [f94c755f-9f95-40b5-85b9-5e712f3f34e7@group-B3673A53AB6F-LeaderElection14] INFO  impl.LeaderElection (LeaderElection.java:askForVotes(178)) - f94c755f-9f95-40b5-85b9-5e712f3f34e7@group-B3673A53AB6F-LeaderElection14: begin an election at term 2 for -1: [f94c755f-9f95-40b5-85b9-5e712f3f34e7:192.168.157.203:45275, 1ee6da7b-5867-4bad-ba0d-a2cfd13fd72a:192.168.157.203:35892, 4281bf39-36db-462c-8bc9-3c86cb645344:192.168.157.203:42381], old=null
2019-10-16 11:35:36,697 [4281bf39-36db-462c-8bc9-3c86cb645344@group-B3673A53AB6F-LeaderElection10] INFO  server.RaftServerConfigKeys (ConfUtils.java:logGet(43)) - raft.server.log.appender.buffer.element-limit = 1 (custom)
2019-10-16 11:35:36,715 [4281bf39-36db-462c-8bc9-3c86cb645344@group-B3673A53AB6F-LeaderElection10] INFO  grpc.GrpcConfigKeys$Server (ConfUtils.java:logGet(43)) - raft.grpc.server.leader.outstanding.appends.max = 128 (default)
2019-10-16 11:35:36,715 [grpc-default-executor-1] INFO  impl.RaftServerProxy (RaftServerProxy.java:addNew(89)) - 5c445d34-c031-481c-9d4b-8fbace1f61b8: addNew group-8BBDE5791A04:[411bb2a3-40ef-4fc0-81ca-4490e6d37035:192.168.157.203:44746, 857fec05-692a-4d09-bf1c-7d167682feae:192.168.157.203:37664, 5c445d34-c031-481c-9d4b-8fbace1f61b8:192.168.157.203:37070] returns group-8BBDE5791A04:java.util.concurrent.CompletableFuture@3b3055a4[Not completed]
2019-10-16 11:35:36,717 [4281bf39-36db-462c-8bc9-3c86cb645344@group-B3673A53AB6F-LeaderElection10] INFO  server.RaftServerConfigKeys (ConfUtils.java:logGet(43)) - raft.server.rpc.request.timeout = 3000ms (default)
2019-10-16 11:35:36,717 [4281bf39-36db-462c-8bc9-3c86cb645344@group-B3673A53AB6F-LeaderElection10] INFO  server.RaftServerConfigKeys (ConfUtils.java:logGet(43)) - raft.server.log.appender.install.snapshot.enabled = false (custom)
2019-10-16 11:35:36,717 [grpc-default-executor-1] INFO  impl.RaftServerProxy (RaftServerProxy.java:addNew(89)) - 411bb2a3-40ef-4fc0-81ca-4490e6d37035: addNew group-8BBDE5791A04:[411bb2a3-40ef-4fc0-81ca-4490e6d37035:192.168.157.203:44746, 857fec05-692a-4d09-bf1c-7d167682feae:192.168.157.203:37664, 5c445d34-c031-481c-9d4b-8fbace1f61b8:192.168.157.203:37070] returns group-8BBDE5791A04:java.util.concurrent.CompletableFuture@ad48a90[Not completed]
2019-10-16 11:35:36,718 [grpc-default-executor-1] INFO  impl.RaftServerProxy (RaftServerProxy.java:addNew(89)) - 857fec05-692a-4d09-bf1c-7d167682feae: addNew group-8BBDE5791A04:[411bb2a3-40ef-4fc0-81ca-4490e6d37035:192.168.157.203:44746, 857fec05-692a-4d09-bf1c-7d167682feae:192.168.157.203:37664, 5c445d34-c031-481c-9d4b-8fbace1f61b8:192.168.157.203:37070] returns group-8BBDE5791A04:java.util.concurrent.CompletableFuture@1e16a0a6[Not completed]
2019-10-16 11:35:36,718 [pool-37-thread-1] INFO  impl.RaftServerImpl (RaftServerImpl.java:<init>(104)) - 5c445d34-c031-481c-9d4b-8fbace1f61b8: new RaftServerImpl for group-8BBDE5791A04:[411bb2a3-40ef-4fc0-81ca-4490e6d37035:192.168.157.203:44746, 857fec05-692a-4d09-bf1c-7d167682feae:192.168.157.203:37664, 5c445d34-c031-481c-9d4b-8fbace1f61b8:192.168.157.203:37070] with ContainerStateMachine:uninitialized
2019-10-16 11:35:36,718 [pool-37-thread-1] INFO  server.RaftServerConfigKeys (ConfUtils.java:logGet(43)) - raft.server.rpc.timeout.min = 1s (custom)
2019-10-16 11:35:36,719 [pool-37-thread-1] INFO  server.RaftServerConfigKeys (ConfUtils.java:logGet(43)) - raft.server.rpc.timeout.max = 1200ms (custom)
2019-10-16 11:35:36,719 [pool-37-thread-1] INFO  server.RaftServerConfigKeys (ConfUtils.java:logGet(43)) - raft.server.rpcslowness.timeout = 120s (custom)
2019-10-16 11:35:36,719 [pool-37-thread-1] INFO  server.RaftServerConfigKeys (ConfUtils.java:logGet(43)) - raft.server.sleep.deviation.threshold = 300 (default)
2019-10-16 11:35:36,719 [pool-37-thread-1] INFO  server.RaftServerConfigKeys (ConfUtils.java:logGet(43)) - raft.server.log.appender.install.snapshot.enabled = false (custom)
2019-10-16 11:35:36,719 [pool-27-thread-1] INFO  impl.RaftServerImpl (RaftServerImpl.java:<init>(104)) - 411bb2a3-40ef-4fc0-81ca-4490e6d37035: new RaftServerImpl for group-8BBDE5791A04:[411bb2a3-40ef-4fc0-81ca-4490e6d37035:192.168.157.203:44746, 857fec05-692a-4d09-bf1c-7d167682feae:192.168.157.203:37664, 5c445d34-c031-481c-9d4b-8fbace1f61b8:192.168.157.203:37070] with ContainerStateMachine:uninitialized
2019-10-16 11:35:36,719 [pool-37-thread-1] INFO  impl.RaftServerImpl (ServerState.java:<init>(103)) - 5c445d34-c031-481c-9d4b-8fbace1f61b8@group-8BBDE5791A04: ConfigurationManager, init=-1: [411bb2a3-40ef-4fc0-81ca-4490e6d37035:192.168.157.203:44746, 857fec05-692a-4d09-bf1c-7d167682feae:192.168.157.203:37664, 5c445d34-c031-481c-9d4b-8fbace1f61b8:192.168.157.203:37070], old=null, confs=<EMPTY_MAP>
2019-10-16 11:35:36,720 [pool-27-thread-1] INFO  server.RaftServerConfigKeys (ConfUtils.java:logGet(43)) - raft.server.rpc.timeout.min = 1s (custom)
2019-10-16 11:35:36,722 [pool-37-thread-1] INFO  server.RaftServerConfigKeys (ConfUtils.java:logGet(43)) - raft.server.storage.dir = [/workdir/hadoop-ozone/integration-test/target/test-dir/MiniOzoneClusterImpl-d10f3a9c-4fd6-4949-a3ff-490e135742c9/datanode-1/data/ratis] (custom)
2019-10-16 11:35:36,722 [pool-27-thread-1] INFO  server.RaftServerConfigKeys (ConfUtils.java:logGet(43)) - raft.server.rpc.timeout.max = 1200ms (custom)
2019-10-16 11:35:36,722 [pool-27-thread-1] INFO  server.RaftServerConfigKeys (ConfUtils.java:logGet(43)) - raft.server.rpcslowness.timeout = 120s (custom)
2019-10-16 11:35:36,723 [grpc-default-executor-0] INFO  impl.RaftServerImpl (RaftServerImpl.java:setRole(184)) - a3132885-145f-4a8c-85f4-c10eb874732d@group-2077DD483DC7: changes role from  FOLLOWER to FOLLOWER at term 1 for recognizeCandidate:163587bb-2c3b-4498-b576-18147cf38274
2019-10-16 11:35:36,722 [pool-37-thread-1] INFO  server.RaftServerConfigKeys (ConfUtils.java:logGet(43)) - raft.server.log.corruption.policy = EXCEPTION (default)
2019-10-16 11:35:36,723 [grpc-default-executor-0] INFO  impl.RoleInfo (RoleInfo.java:shutdownFollowerState(121)) - a3132885-145f-4a8c-85f4-c10eb874732d: shutdown FollowerState
2019-10-16 11:35:36,723 [pool-87-thread-1] INFO  impl.RaftServerImpl (RaftServerImpl.java:<init>(104)) - 857fec05-692a-4d09-bf1c-7d167682feae: new RaftServerImpl for group-8BBDE5791A04:[411bb2a3-40ef-4fc0-81ca-4490e6d37035:192.168.157.203:44746, 857fec05-692a-4d09-bf1c-7d167682feae:192.168.157.203:37664, 5c445d34-c031-481c-9d4b-8fbace1f61b8:192.168.157.203:37070] with ContainerStateMachine:uninitialized
2019-10-16 11:35:36,724 [Thread-351] INFO  impl.FollowerState (FollowerState.java:run(117)) - a3132885-145f-4a8c-85f4-c10eb874732d@group-2077DD483DC7-FollowerState was interrupted: java.lang.InterruptedException: sleep interrupted
2019-10-16 11:35:36,723 [pool-27-thread-1] INFO  server.RaftServerConfigKeys (ConfUtils.java:logGet(43)) - raft.server.sleep.deviation.threshold = 300 (default)
2019-10-16 11:35:36,724 [pool-87-thread-1] INFO  server.RaftServerConfigKeys (ConfUtils.java:logGet(43)) - raft.server.rpc.timeout.min = 1s (custom)
2019-10-16 11:35:36,724 [grpc-default-executor-0] INFO  impl.RoleInfo (RoleInfo.java:updateAndGet(143)) - a3132885-145f-4a8c-85f4-c10eb874732d: start FollowerState
2019-10-16 11:35:36,724 [pool-37-thread-1] INFO  storage.RaftStorageDirectory (RaftStorageDirectory.java:analyzeStorage(246)) - The storage directory /workdir/hadoop-ozone/integration-test/target/test-dir/MiniOzoneClusterImpl-d10f3a9c-4fd6-4949-a3ff-490e135742c9/datanode-1/data/ratis/9ca8b30f-1255-49d0-b954-8bbde5791a04 does not exist. Creating ...
2019-10-16 11:35:36,727 [pool-27-thread-1] INFO  server.RaftServerConfigKeys (ConfUtils.java:logGet(43)) - raft.server.log.appender.install.snapshot.enabled = false (custom)
2019-10-16 11:35:36,728 [pool-87-thread-1] INFO  server.RaftServerConfigKeys (ConfUtils.java:logGet(43)) - raft.server.rpc.timeout.max = 1200ms (custom)
2019-10-16 11:35:36,726 [grpc-default-executor-1] INFO  impl.RaftServerImpl (RaftServerImpl.java:setRole(184)) - 70b633f6-b230-4b9f-87f3-510da88f1e08@group-2077DD483DC7: changes role from  FOLLOWER to FOLLOWER at term 1 for recognizeCandidate:163587bb-2c3b-4498-b576-18147cf38274
2019-10-16 11:35:36,728 [pool-87-thread-1] INFO  server.RaftServerConfigKeys (ConfUtils.java:logGet(43)) - raft.server.rpcslowness.timeout = 120s (custom)
2019-10-16 11:35:36,728 [pool-27-thread-1] INFO  impl.RaftServerImpl (ServerState.java:<init>(103)) - 411bb2a3-40ef-4fc0-81ca-4490e6d37035@group-8BBDE5791A04: ConfigurationManager, init=-1: [411bb2a3-40ef-4fc0-81ca-4490e6d37035:192.168.157.203:44746, 857fec05-692a-4d09-bf1c-7d167682feae:192.168.157.203:37664, 5c445d34-c031-481c-9d4b-8fbace1f61b8:192.168.157.203:37070], old=null, confs=<EMPTY_MAP>
2019-10-16 11:35:36,728 [pool-87-thread-1] INFO  server.RaftServerConfigKeys (ConfUtils.java:logGet(43)) - raft.server.sleep.deviation.threshold = 300 (default)
2019-10-16 11:35:36,728 [grpc-default-executor-1] INFO  impl.RoleInfo (RoleInfo.java:shutdownFollowerState(121)) - 70b633f6-b230-4b9f-87f3-510da88f1e08: shutdown FollowerState
2019-10-16 11:35:36,728 [pool-27-thread-1] INFO  server.RaftServerConfigKeys (ConfUtils.java:logGet(43)) - raft.server.storage.dir = [/workdir/hadoop-ozone/integration-test/target/test-dir/MiniOzoneClusterImpl-d10f3a9c-4fd6-4949-a3ff-490e135742c9/datanode-0/data/ratis] (custom)
2019-10-16 11:35:36,728 [pool-87-thread-1] INFO  server.RaftServerConfigKeys (ConfUtils.java:logGet(43)) - raft.server.log.appender.install.snapshot.enabled = false (custom)
2019-10-16 11:35:36,735 [pool-37-thread-1] INFO  storage.RaftStorageDirectory (RaftStorageDirectory.java:tryLock(328)) - Lock on /workdir/hadoop-ozone/integration-test/target/test-dir/MiniOzoneClusterImpl-d10f3a9c-4fd6-4949-a3ff-490e135742c9/datanode-1/data/ratis/9ca8b30f-1255-49d0-b954-8bbde5791a04/in_use.lock acquired by nodename 26920@pr-hdds-2313-gfcg9-2318083974
2019-10-16 11:35:36,729 [grpc-default-executor-1] INFO  impl.RoleInfo (RoleInfo.java:updateAndGet(143)) - 70b633f6-b230-4b9f-87f3-510da88f1e08: start FollowerState
2019-10-16 11:35:36,729 [Thread-352] INFO  impl.FollowerState (FollowerState.java:run(117)) - 70b633f6-b230-4b9f-87f3-510da88f1e08@group-2077DD483DC7-FollowerState was interrupted: java.lang.InterruptedException: sleep interrupted
2019-10-16 11:35:36,735 [pool-27-thread-1] INFO  server.RaftServerConfigKeys (ConfUtils.java:logGet(43)) - raft.server.log.corruption.policy = EXCEPTION (default)
2019-10-16 11:35:36,735 [pool-87-thread-1] INFO  impl.RaftServerImpl (ServerState.java:<init>(103)) - 857fec05-692a-4d09-bf1c-7d167682feae@group-8BBDE5791A04: ConfigurationManager, init=-1: [411bb2a3-40ef-4fc0-81ca-4490e6d37035:192.168.157.203:44746, 857fec05-692a-4d09-bf1c-7d167682feae:192.168.157.203:37664, 5c445d34-c031-481c-9d4b-8fbace1f61b8:192.168.157.203:37070], old=null, confs=<EMPTY_MAP>
2019-10-16 11:35:36,738 [pool-27-thread-1] INFO  storage.RaftStorageDirectory (RaftStorageDirectory.java:analyzeStorage(246)) - The storage directory /workdir/hadoop-ozone/integration-test/target/test-dir/MiniOzoneClusterImpl-d10f3a9c-4fd6-4949-a3ff-490e135742c9/datanode-0/data/ratis/9ca8b30f-1255-49d0-b954-8bbde5791a04 does not exist. Creating ...
2019-10-16 11:35:36,738 [pool-87-thread-1] INFO  server.RaftServerConfigKeys (ConfUtils.java:logGet(43)) - raft.server.storage.dir = [/workdir/hadoop-ozone/integration-test/target/test-dir/MiniOzoneClusterImpl-d10f3a9c-4fd6-4949-a3ff-490e135742c9/datanode-6/data/ratis] (custom)
2019-10-16 11:35:36,738 [4281bf39-36db-462c-8bc9-3c86cb645344@group-B3673A53AB6F-LeaderElection10] INFO  server.RaftServerConfigKeys (ConfUtils.java:logGet(43)) - raft.server.log.appender.snapshot.chunk.size.max = 16MB (=16777216) (default)
2019-10-16 11:35:36,738 [pool-87-thread-1] INFO  server.RaftServerConfigKeys (ConfUtils.java:logGet(43)) - raft.server.log.corruption.policy = EXCEPTION (default)
2019-10-16 11:35:36,738 [4281bf39-36db-462c-8bc9-3c86cb645344@group-B3673A53AB6F-LeaderElection10] INFO  server.RaftServerConfigKeys (ConfUtils.java:logGet(43)) - raft.server.log.appender.buffer.byte-limit = 33554432 (custom)
2019-10-16 11:35:36,738 [pool-87-thread-1] INFO  storage.RaftStorageDirectory (RaftStorageDirectory.java:analyzeStorage(246)) - The storage directory /workdir/hadoop-ozone/integration-test/target/test-dir/MiniOzoneClusterImpl-d10f3a9c-4fd6-4949-a3ff-490e135742c9/datanode-6/data/ratis/9ca8b30f-1255-49d0-b954-8bbde5791a04 does not exist. Creating ...
2019-10-16 11:35:36,738 [4281bf39-36db-462c-8bc9-3c86cb645344@group-B3673A53AB6F-LeaderElection10] INFO  server.RaftServerConfigKeys (ConfUtils.java:logGet(43)) - raft.server.log.appender.buffer.element-limit = 1 (custom)
2019-10-16 11:35:36,738 [4281bf39-36db-462c-8bc9-3c86cb645344@group-B3673A53AB6F-LeaderElection10] INFO  grpc.GrpcConfigKeys$Server (ConfUtils.java:logGet(43)) - raft.grpc.server.leader.outstanding.appends.max = 128 (default)
2019-10-16 11:35:36,738 [4281bf39-36db-462c-8bc9-3c86cb645344@group-B3673A53AB6F-LeaderElection10] INFO  server.RaftServerConfigKeys (ConfUtils.java:logGet(43)) - raft.server.rpc.request.timeout = 3000ms (default)
2019-10-16 11:35:36,738 [4281bf39-36db-462c-8bc9-3c86cb645344@group-B3673A53AB6F-LeaderElection10] INFO  server.RaftServerConfigKeys (ConfUtils.java:logGet(43)) - raft.server.log.appender.install.snapshot.enabled = false (custom)
2019-10-16 11:35:36,743 [4281bf39-36db-462c-8bc9-3c86cb645344@group-B3673A53AB6F-LeaderElection10] INFO  impl.RoleInfo (RoleInfo.java:updateAndGet(143)) - 4281bf39-36db-462c-8bc9-3c86cb645344: start LeaderState
2019-10-16 11:35:36,743 [4281bf39-36db-462c-8bc9-3c86cb645344@group-B3673A53AB6F-LeaderElection10] INFO  segmented.SegmentedRaftLogWorker (SegmentedRaftLogWorker.java:startLogSegment(385)) - 4281bf39-36db-462c-8bc9-3c86cb645344@group-B3673A53AB6F-SegmentedRaftLogWorker: Starting segment from index:0
2019-10-16 11:35:36,744 [4281bf39-36db-462c-8bc9-3c86cb645344@group-B3673A53AB6F-LeaderElection10] INFO  impl.RaftServerImpl (ServerState.java:setRaftConf(357)) - 4281bf39-36db-462c-8bc9-3c86cb645344@group-B3673A53AB6F: set configuration 0: [f94c755f-9f95-40b5-85b9-5e712f3f34e7:192.168.157.203:45275, 1ee6da7b-5867-4bad-ba0d-a2cfd13fd72a:192.168.157.203:35892, 4281bf39-36db-462c-8bc9-3c86cb645344:192.168.157.203:42381], old=null at 0
2019-10-16 11:35:36,745 [grpc-default-executor-2] INFO  impl.RaftServerImpl (ServerState.java:setLeader(256)) - 4281bf39-36db-462c-8bc9-3c86cb645344@group-B3673A53AB6F: change Leader from 4281bf39-36db-462c-8bc9-3c86cb645344 to null at term 2 for updateCurrentTerm
2019-10-16 11:35:36,745 [grpc-default-executor-2] INFO  impl.RaftServerImpl (RaftServerImpl.java:setRole(184)) - 4281bf39-36db-462c-8bc9-3c86cb645344@group-B3673A53AB6F: changes role from    LEADER to FOLLOWER at term 2 for recognizeCandidate:f94c755f-9f95-40b5-85b9-5e712f3f34e7
2019-10-16 11:35:36,747 [grpc-default-executor-2] INFO  impl.RoleInfo (RoleInfo.java:shutdownLeaderState(104)) - 4281bf39-36db-462c-8bc9-3c86cb645344: shutdown LeaderState
2019-10-16 11:35:36,770 [pool-87-thread-1] INFO  storage.RaftStorageDirectory (RaftStorageDirectory.java:tryLock(328)) - Lock on /workdir/hadoop-ozone/integration-test/target/test-dir/MiniOzoneClusterImpl-d10f3a9c-4fd6-4949-a3ff-490e135742c9/datanode-6/data/ratis/9ca8b30f-1255-49d0-b954-8bbde5791a04/in_use.lock acquired by nodename 26920@pr-hdds-2313-gfcg9-2318083974
2019-10-16 11:35:36,772 [pool-37-thread-1] INFO  storage.RaftStorage (RaftStorage.java:format(84)) - Storage directory /workdir/hadoop-ozone/integration-test/target/test-dir/MiniOzoneClusterImpl-d10f3a9c-4fd6-4949-a3ff-490e135742c9/datanode-1/data/ratis/9ca8b30f-1255-49d0-b954-8bbde5791a04 has been successfully formatted.
2019-10-16 11:35:36,770 [pool-27-thread-1] INFO  storage.RaftStorageDirectory (RaftStorageDirectory.java:tryLock(328)) - Lock on /workdir/hadoop-ozone/integration-test/target/test-dir/MiniOzoneClusterImpl-d10f3a9c-4fd6-4949-a3ff-490e135742c9/datanode-0/data/ratis/9ca8b30f-1255-49d0-b954-8bbde5791a04/in_use.lock acquired by nodename 26920@pr-hdds-2313-gfcg9-2318083974
2019-10-16 11:35:36,772 [163587bb-2c3b-4498-b576-18147cf38274@group-2077DD483DC7-LeaderElection13] INFO  impl.LeaderElection (LeaderElection.java:logAndReturn(56)) - 163587bb-2c3b-4498-b576-18147cf38274@group-2077DD483DC7-LeaderElection13: Election TIMEOUT; received 0 response(s) [] and 0 exception(s); 163587bb-2c3b-4498-b576-18147cf38274@group-2077DD483DC7:t1, leader=null, voted=163587bb-2c3b-4498-b576-18147cf38274, raftlog=163587bb-2c3b-4498-b576-18147cf38274@group-2077DD483DC7-SegmentedRaftLog:OPENED:c-1,f-1,i0, conf=-1: [163587bb-2c3b-4498-b576-18147cf38274:192.168.157.203:33208, a3132885-145f-4a8c-85f4-c10eb874732d:192.168.157.203:46766, 70b633f6-b230-4b9f-87f3-510da88f1e08:192.168.157.203:43163], old=null
2019-10-16 11:35:36,772 [Thread-370] INFO  impl.FollowerState (FollowerState.java:run(108)) - 70b633f6-b230-4b9f-87f3-510da88f1e08@group-2077DD483DC7-FollowerState: change to CANDIDATE, lastRpcTime:42ms, electionTimeout:1ms
2019-10-16 11:35:36,772 [pool-37-thread-1] INFO  ratis.ContainerStateMachine (ContainerStateMachine.java:loadSnapshot(231)) - group-8BBDE5791A04: The snapshot info is null. Setting the last applied indexto:(t:0, i:~)
2019-10-16 11:35:36,775 [pool-37-thread-1] INFO  server.RaftServerConfigKeys (ConfUtils.java:logGet(43)) - raft.server.notification.no-leader.timeout = 120s (custom)
2019-10-16 11:35:36,775 [Thread-370] INFO  impl.RoleInfo (RoleInfo.java:shutdownFollowerState(121)) - 70b633f6-b230-4b9f-87f3-510da88f1e08: shutdown FollowerState
2019-10-16 11:35:36,775 [pool-37-thread-1] INFO  server.RaftServerConfigKeys (ConfUtils.java:logGet(43)) - raft.server.log.use.memory = false (default)
2019-10-16 11:35:36,775 [grpc-default-executor-2] INFO  impl.PendingRequests (PendingRequests.java:sendNotLeaderResponses(202)) - 4281bf39-36db-462c-8bc9-3c86cb645344@group-B3673A53AB6F-PendingRequests: sendNotLeaderResponses
2019-10-16 11:35:36,775 [Thread-370] INFO  impl.RaftServerImpl (RaftServerImpl.java:setRole(184)) - 70b633f6-b230-4b9f-87f3-510da88f1e08@group-2077DD483DC7: changes role from  FOLLOWER to CANDIDATE at term 1 for changeToCandidate
2019-10-16 11:35:36,775 [pool-37-thread-1] INFO  server.RaftServerConfigKeys (ConfUtils.java:logGet(43)) - raft.server.log.purge.gap = 1000000 (custom)
2019-10-16 11:35:36,775 [Thread-370] INFO  impl.RoleInfo (RoleInfo.java:updateAndGet(143)) - 70b633f6-b230-4b9f-87f3-510da88f1e08: start LeaderElection
2019-10-16 11:35:36,775 [pool-37-thread-1] INFO  server.RaftServerConfigKeys (ConfUtils.java:logGet(43)) - raft.server.log.appender.buffer.byte-limit = 33554432 (custom)
2019-10-16 11:35:36,775 [pool-37-thread-1] INFO  server.RaftServerConfigKeys (ConfUtils.java:logGet(43)) - raft.server.log.segment.size.max = 1048576 (custom)
2019-10-16 11:35:36,777 [pool-37-thread-1] INFO  server.RaftServerConfigKeys (ConfUtils.java:logGet(43)) - raft.server.log.segment.cache.num.max = 2 (custom)
2019-10-16 11:35:36,777 [pool-37-thread-1] INFO  segmented.SegmentedRaftLogWorker (SegmentedRaftLogWorker.java:<init>(173)) - new 5c445d34-c031-481c-9d4b-8fbace1f61b8@group-8BBDE5791A04-SegmentedRaftLogWorker for RaftStorage:Storage Directory /workdir/hadoop-ozone/integration-test/target/test-dir/MiniOzoneClusterImpl-d10f3a9c-4fd6-4949-a3ff-490e135742c9/datanode-1/data/ratis/9ca8b30f-1255-49d0-b954-8bbde5791a04
2019-10-16 11:35:36,777 [pool-37-thread-1] INFO  server.RaftServerConfigKeys (ConfUtils.java:logGet(43)) - raft.server.log.queue.byte-limit = 2147483647 (custom)
2019-10-16 11:35:36,779 [4281bf39-36db-462c-8bc9-3c86cb645344@group-B3673A53AB6F-SegmentedRaftLogWorker] INFO  segmented.SegmentedRaftLogWorker (SegmentedRaftLogWorker.java:execute(576)) - 4281bf39-36db-462c-8bc9-3c86cb645344@group-B3673A53AB6F-SegmentedRaftLogWorker: created new log segment /workdir/hadoop-ozone/integration-test/target/test-dir/MiniOzoneClusterImpl-d10f3a9c-4fd6-4949-a3ff-490e135742c9/datanode-3/data/ratis/94c21100-ff80-4f17-b629-b3673a53ab6f/current/log_inprogress_0
2019-10-16 11:35:36,779 [pool-37-thread-1] INFO  server.RaftServerConfigKeys (ConfUtils.java:logGet(43)) - raft.server.log.queue.element-limit = 1024 (custom)
2019-10-16 11:35:36,779 [pool-37-thread-1] INFO  server.RaftServerConfigKeys (ConfUtils.java:logGet(43)) - raft.server.log.segment.size.max = 1048576 (custom)
2019-10-16 11:35:36,780 [pool-37-thread-1] INFO  server.RaftServerConfigKeys (ConfUtils.java:logGet(43)) - raft.server.log.preallocated.size = 16384 (custom)
2019-10-16 11:35:36,780 [pool-37-thread-1] INFO  server.RaftServerConfigKeys (ConfUtils.java:logGet(43)) - raft.server.log.write.buffer.size = 33554432 (custom)
2019-10-16 11:35:36,780 [pool-37-thread-1] INFO  server.RaftServerConfigKeys (ConfUtils.java:logGet(43)) - raft.server.log.force.sync.num = 128 (default)
2019-10-16 11:35:36,780 [pool-37-thread-1] INFO  server.RaftServerConfigKeys (ConfUtils.java:logGet(43)) - raft.server.log.statemachine.data.sync = true (default)
2019-10-16 11:35:36,781 [grpc-default-executor-2] INFO  impl.RoleInfo (RoleInfo.java:updateAndGet(143)) - 4281bf39-36db-462c-8bc9-3c86cb645344: start FollowerState
2019-10-16 11:35:36,781 [pool-37-thread-1] INFO  server.RaftServerConfigKeys (ConfUtils.java:logGet(43)) - raft.server.log.statemachine.data.sync.timeout = 10s (default)
2019-10-16 11:35:36,781 [pool-37-thread-1] INFO  server.RaftServerConfigKeys (ConfUtils.java:logGet(43)) - raft.server.log.statemachine.data.sync.timeout.retry = -1 (default)
2019-10-16 11:35:36,781 [pool-37-thread-1] INFO  server.RaftServerConfigKeys (ConfUtils.java:logGet(43)) - raft.server.log.statemachine.data.caching.enabled = true (custom)
2019-10-16 11:35:36,784 [org.apache.ratis.server.impl.LogAppender$AppenderDaemon$$Lambda$440/538065296@36ead507] WARN  server.GrpcLogAppender (GrpcLogAppender.java:mayWait(149)) - 4281bf39-36db-462c-8bc9-3c86cb645344@group-B3673A53AB6F->1ee6da7b-5867-4bad-ba0d-a2cfd13fd72a-GrpcLogAppender: Wait interrupted by java.lang.InterruptedException
2019-10-16 11:35:36,784 [org.apache.ratis.server.impl.LogAppender$AppenderDaemon$$Lambda$440/538065296@489c909b] WARN  server.GrpcLogAppender (GrpcLogAppender.java:mayWait(149)) - 4281bf39-36db-462c-8bc9-3c86cb645344@group-B3673A53AB6F->f94c755f-9f95-40b5-85b9-5e712f3f34e7-GrpcLogAppender: Wait interrupted by java.lang.InterruptedException
2019-10-16 11:35:36,788 [pool-37-thread-1] INFO  segmented.SegmentedRaftLogWorker (SegmentedRaftLogWorker.java:lambda$new$0(128)) - 5c445d34-c031-481c-9d4b-8fbace1f61b8@group-8BBDE5791A04-SegmentedRaftLogWorker: flushIndex: setUnconditionally 0 -> -1
2019-10-16 11:35:36,788 [pool-37-thread-1] INFO  server.RaftServerConfigKeys (ConfUtils.java:logGet(43)) - raft.server.snapshot.auto.trigger.enabled = true (custom)
2019-10-16 11:35:36,788 [pool-37-thread-1] INFO  server.RaftServerConfigKeys (ConfUtils.java:logGet(43)) - raft.server.snapshot.auto.trigger.threshold = 10000 (custom)
2019-10-16 11:35:36,788 [pool-37-thread-1] INFO  server.RaftServerConfigKeys (ConfUtils.java:logGet(43)) - raft.server.snapshot.retention.file.num = 5 (custom)
2019-10-16 11:35:36,789 [pool-37-thread-1] INFO  server.RaftServerConfigKeys (ConfUtils.java:logGet(43)) - raft.server.retrycache.expirytime = 600000ms (custom)
2019-10-16 11:35:36,789 [pool-87-thread-1] INFO  storage.RaftStorage (RaftStorage.java:format(84)) - Storage directory /workdir/hadoop-ozone/integration-test/target/test-dir/MiniOzoneClusterImpl-d10f3a9c-4fd6-4949-a3ff-490e135742c9/datanode-6/data/ratis/9ca8b30f-1255-49d0-b954-8bbde5791a04 has been successfully formatted.
2019-10-16 11:35:36,789 [163587bb-2c3b-4498-b576-18147cf38274@group-2077DD483DC7-LeaderElection13] INFO  impl.LeaderElection (LeaderElection.java:askForVotes(178)) - 163587bb-2c3b-4498-b576-18147cf38274@group-2077DD483DC7-LeaderElection13: begin an election at term 2 for -1: [163587bb-2c3b-4498-b576-18147cf38274:192.168.157.203:33208, a3132885-145f-4a8c-85f4-c10eb874732d:192.168.157.203:46766, 70b633f6-b230-4b9f-87f3-510da88f1e08:192.168.157.203:43163], old=null
2019-10-16 11:35:36,789 [pool-87-thread-1] INFO  ratis.ContainerStateMachine (ContainerStateMachine.java:loadSnapshot(231)) - group-8BBDE5791A04: The snapshot info is null. Setting the last applied indexto:(t:0, i:~)
2019-10-16 11:35:36,789 [pool-87-thread-1] INFO  server.RaftServerConfigKeys (ConfUtils.java:logGet(43)) - raft.server.notification.no-leader.timeout = 120s (custom)
2019-10-16 11:35:36,790 [pool-87-thread-1] INFO  server.RaftServerConfigKeys (ConfUtils.java:logGet(43)) - raft.server.log.use.memory = false (default)
2019-10-16 11:35:36,790 [pool-87-thread-1] INFO  server.RaftServerConfigKeys (ConfUtils.java:logGet(43)) - raft.server.log.purge.gap = 1000000 (custom)
2019-10-16 11:35:36,790 [pool-87-thread-1] INFO  server.RaftServerConfigKeys (ConfUtils.java:logGet(43)) - raft.server.log.appender.buffer.byte-limit = 33554432 (custom)
2019-10-16 11:35:36,790 [70b633f6-b230-4b9f-87f3-510da88f1e08@group-2077DD483DC7-LeaderElection15] INFO  impl.LeaderElection (LeaderElection.java:askForVotes(178)) - 70b633f6-b230-4b9f-87f3-510da88f1e08@group-2077DD483DC7-LeaderElection15: begin an election at term 2 for -1: [163587bb-2c3b-4498-b576-18147cf38274:192.168.157.203:33208, a3132885-145f-4a8c-85f4-c10eb874732d:192.168.157.203:46766, 70b633f6-b230-4b9f-87f3-510da88f1e08:192.168.157.203:43163], old=null
2019-10-16 11:35:36,790 [pool-27-thread-1] INFO  storage.RaftStorage (RaftStorage.java:format(84)) - Storage directory /workdir/hadoop-ozone/integration-test/target/test-dir/MiniOzoneClusterImpl-d10f3a9c-4fd6-4949-a3ff-490e135742c9/datanode-0/data/ratis/9ca8b30f-1255-49d0-b954-8bbde5791a04 has been successfully formatted.
2019-10-16 11:35:36,790 [pool-87-thread-1] INFO  server.RaftServerConfigKeys (ConfUtils.java:logGet(43)) - raft.server.log.segment.size.max = 1048576 (custom)
2019-10-16 11:35:36,790 [grpc-default-executor-3] INFO  impl.RaftServerImpl (RaftServerImpl.java:setRole(184)) - 4281bf39-36db-462c-8bc9-3c86cb645344@group-B3673A53AB6F: changes role from  FOLLOWER to FOLLOWER at term 2 for recognizeCandidate:1ee6da7b-5867-4bad-ba0d-a2cfd13fd72a
2019-10-16 11:35:36,790 [pool-27-thread-1] INFO  ratis.ContainerStateMachine (ContainerStateMachine.java:loadSnapshot(231)) - group-8BBDE5791A04: The snapshot info is null. Setting the last applied indexto:(t:0, i:~)
2019-10-16 11:35:36,790 [pool-87-thread-1] INFO  server.RaftServerConfigKeys (ConfUtils.java:logGet(43)) - raft.server.log.segment.cache.num.max = 2 (custom)
2019-10-16 11:35:36,790 [grpc-default-executor-0] INFO  server.GrpcServerProtocolService (GrpcServerProtocolService.java:onCompleted(113)) - f94c755f-9f95-40b5-85b9-5e712f3f34e7: Completed APPEND_ENTRIES, lastRequest: null
2019-10-16 11:35:36,790 [pool-27-thread-1] INFO  server.RaftServerConfigKeys (ConfUtils.java:logGet(43)) - raft.server.notification.no-leader.timeout = 120s (custom)
2019-10-16 11:35:36,790 [grpc-default-executor-3] INFO  impl.RoleInfo (RoleInfo.java:shutdownFollowerState(121)) - 4281bf39-36db-462c-8bc9-3c86cb645344: shutdown FollowerState
2019-10-16 11:35:36,792 [pool-27-thread-1] INFO  server.RaftServerConfigKeys (ConfUtils.java:logGet(43)) - raft.server.log.use.memory = false (default)
2019-10-16 11:35:36,792 [pool-87-thread-1] INFO  segmented.SegmentedRaftLogWorker (SegmentedRaftLogWorker.java:<init>(173)) - new 857fec05-692a-4d09-bf1c-7d167682feae@group-8BBDE5791A04-SegmentedRaftLogWorker for RaftStorage:Storage Directory /workdir/hadoop-ozone/integration-test/target/test-dir/MiniOzoneClusterImpl-d10f3a9c-4fd6-4949-a3ff-490e135742c9/datanode-6/data/ratis/9ca8b30f-1255-49d0-b954-8bbde5791a04
2019-10-16 11:35:36,790 [grpc-default-executor-1] INFO  server.GrpcServerProtocolService (GrpcServerProtocolService.java:onCompleted(113)) - 1ee6da7b-5867-4bad-ba0d-a2cfd13fd72a: Completed APPEND_ENTRIES, lastRequest: null
2019-10-16 11:35:36,792 [pool-87-thread-1] INFO  server.RaftServerConfigKeys (ConfUtils.java:logGet(43)) - raft.server.log.queue.byte-limit = 2147483647 (custom)
2019-10-16 11:35:36,792 [pool-37-thread-1] INFO  impl.RaftServerImpl (RaftServerImpl.java:start(195)) - 5c445d34-c031-481c-9d4b-8fbace1f61b8@group-8BBDE5791A04: start as a follower, conf=-1: [411bb2a3-40ef-4fc0-81ca-4490e6d37035:192.168.157.203:44746, 857fec05-692a-4d09-bf1c-7d167682feae:192.168.157.203:37664, 5c445d34-c031-481c-9d4b-8fbace1f61b8:192.168.157.203:37070], old=null
2019-10-16 11:35:36,792 [pool-27-thread-1] INFO  server.RaftServerConfigKeys (ConfUtils.java:logGet(43)) - raft.server.log.purge.gap = 1000000 (custom)
2019-10-16 11:35:36,792 [grpc-default-executor-3] INFO  impl.RoleInfo (RoleInfo.java:updateAndGet(143)) - 4281bf39-36db-462c-8bc9-3c86cb645344: start FollowerState
2019-10-16 11:35:36,792 [Thread-373] INFO  impl.FollowerState (FollowerState.java:run(117)) - 4281bf39-36db-462c-8bc9-3c86cb645344@group-B3673A53AB6F-FollowerState was interrupted: java.lang.InterruptedException: sleep interrupted
2019-10-16 11:35:36,795 [pool-27-thread-1] INFO  server.RaftServerConfigKeys (ConfUtils.java:logGet(43)) - raft.server.log.appender.buffer.byte-limit = 33554432 (custom)
2019-10-16 11:35:36,795 [pool-37-thread-1] INFO  impl.RaftServerImpl (RaftServerImpl.java:setRole(184)) - 5c445d34-c031-481c-9d4b-8fbace1f61b8@group-8BBDE5791A04: changes role from      null to FOLLOWER at term 0 for startAsFollower
2019-10-16 11:35:36,795 [pool-87-thread-1] INFO  server.RaftServerConfigKeys (ConfUtils.java:logGet(43)) - raft.server.log.queue.element-limit = 1024 (custom)
2019-10-16 11:35:36,806 [pool-37-thread-1] INFO  impl.RoleInfo (RoleInfo.java:updateAndGet(143)) - 5c445d34-c031-481c-9d4b-8fbace1f61b8: start FollowerState
2019-10-16 11:35:36,804 [grpc-default-executor-2] INFO  server.GrpcLogAppender (GrpcLogAppender.java:onCompleted(308)) - 4281bf39-36db-462c-8bc9-3c86cb645344@group-B3673A53AB6F->1ee6da7b-5867-4bad-ba0d-a2cfd13fd72a-AppendLogResponseHandler: follower responses appendEntries COMPLETED
2019-10-16 11:35:36,804 [grpc-default-executor-1] INFO  impl.RaftServerImpl (RaftServerImpl.java:setRole(184)) - a3132885-145f-4a8c-85f4-c10eb874732d@group-2077DD483DC7: changes role from  FOLLOWER to FOLLOWER at term 2 for recognizeCandidate:163587bb-2c3b-4498-b576-18147cf38274
2019-10-16 11:35:36,808 [grpc-default-executor-1] INFO  impl.RoleInfo (RoleInfo.java:shutdownFollowerState(121)) - a3132885-145f-4a8c-85f4-c10eb874732d: shutdown FollowerState
2019-10-16 11:35:36,797 [pool-27-thread-1] INFO  server.RaftServerConfigKeys (ConfUtils.java:logGet(43)) - raft.server.log.segment.size.max = 1048576 (custom)
2019-10-16 11:35:36,808 [grpc-default-executor-1] INFO  impl.RoleInfo (RoleInfo.java:updateAndGet(143)) - a3132885-145f-4a8c-85f4-c10eb874732d: start FollowerState
2019-10-16 11:35:36,808 [pool-27-thread-1] INFO  server.RaftServerConfigKeys (ConfUtils.java:logGet(43)) - raft.server.log.segment.cache.num.max = 2 (custom)
2019-10-16 11:35:36,808 [Thread-369] INFO  impl.FollowerState (FollowerState.java:run(117)) - a3132885-145f-4a8c-85f4-c10eb874732d@group-2077DD483DC7-FollowerState was interrupted: java.lang.InterruptedException: sleep interrupted
2019-10-16 11:35:36,808 [grpc-default-executor-3] INFO  server.GrpcLogAppender (GrpcLogAppender.java:onCompleted(308)) - 4281bf39-36db-462c-8bc9-3c86cb645344@group-B3673A53AB6F->f94c755f-9f95-40b5-85b9-5e712f3f34e7-AppendLogResponseHandler: follower responses appendEntries COMPLETED
2019-10-16 11:35:36,806 [pool-37-thread-1] INFO  util.JmxRegister (JmxRegister.java:tryRegister(44)) - Successfully registered JMX Bean with object name Ratis:service=RaftServer,group=group-8BBDE5791A04,id=5c445d34-c031-481c-9d4b-8fbace1f61b8
2019-10-16 11:35:36,806 [f94c755f-9f95-40b5-85b9-5e712f3f34e7@group-B3673A53AB6F-LeaderElection14] INFO  impl.LeaderElection (LeaderElection.java:logAndReturn(56)) - f94c755f-9f95-40b5-85b9-5e712f3f34e7@group-B3673A53AB6F-LeaderElection14: Election REJECTED; received 2 response(s) [f94c755f-9f95-40b5-85b9-5e712f3f34e7<-1ee6da7b-5867-4bad-ba0d-a2cfd13fd72a#0:FAIL-t2, f94c755f-9f95-40b5-85b9-5e712f3f34e7<-4281bf39-36db-462c-8bc9-3c86cb645344#0:FAIL-t2] and 0 exception(s); f94c755f-9f95-40b5-85b9-5e712f3f34e7@group-B3673A53AB6F:t2, leader=null, voted=f94c755f-9f95-40b5-85b9-5e712f3f34e7, raftlog=f94c755f-9f95-40b5-85b9-5e712f3f34e7@group-B3673A53AB6F-SegmentedRaftLog:OPENED:c-1,f-1,i0, conf=-1: [f94c755f-9f95-40b5-85b9-5e712f3f34e7:192.168.157.203:45275, 1ee6da7b-5867-4bad-ba0d-a2cfd13fd72a:192.168.157.203:35892, 4281bf39-36db-462c-8bc9-3c86cb645344:192.168.157.203:42381], old=null
2019-10-16 11:35:36,806 [pool-87-thread-1] INFO  server.RaftServerConfigKeys (ConfUtils.java:logGet(43)) - raft.server.log.segment.size.max = 1048576 (custom)
2019-10-16 11:35:36,809 [f94c755f-9f95-40b5-85b9-5e712f3f34e7@group-B3673A53AB6F-LeaderElection14] INFO  impl.RaftServerImpl (RaftServerImpl.java:setRole(184)) - f94c755f-9f95-40b5-85b9-5e712f3f34e7@group-B3673A53AB6F: changes role from CANDIDATE to FOLLOWER at term 2 for DISCOVERED_A_NEW_TERM
2019-10-16 11:35:36,811 [f94c755f-9f95-40b5-85b9-5e712f3f34e7@group-B3673A53AB6F-LeaderElection14] INFO  impl.RoleInfo (RoleInfo.java:shutdownLeaderElection(134)) - f94c755f-9f95-40b5-85b9-5e712f3f34e7: shutdown LeaderElection
2019-10-16 11:35:36,808 [pool-27-thread-1] INFO  segmented.SegmentedRaftLogWorker (SegmentedRaftLogWorker.java:<init>(173)) - new 411bb2a3-40ef-4fc0-81ca-4490e6d37035@group-8BBDE5791A04-SegmentedRaftLogWorker for RaftStorage:Storage Directory /workdir/hadoop-ozone/integration-test/target/test-dir/MiniOzoneClusterImpl-d10f3a9c-4fd6-4949-a3ff-490e135742c9/datanode-0/data/ratis/9ca8b30f-1255-49d0-b954-8bbde5791a04
2019-10-16 11:35:36,812 [f94c755f-9f95-40b5-85b9-5e712f3f34e7@group-B3673A53AB6F-LeaderElection14] INFO  impl.RoleInfo (RoleInfo.java:updateAndGet(143)) - f94c755f-9f95-40b5-85b9-5e712f3f34e7: start FollowerState
2019-10-16 11:35:36,810 [pool-87-thread-1] INFO  server.RaftServerConfigKeys (ConfUtils.java:logGet(43)) - raft.server.log.preallocated.size = 16384 (custom)
2019-10-16 11:35:36,812 [1ee6da7b-5867-4bad-ba0d-a2cfd13fd72a@group-B3673A53AB6F-LeaderElection12] INFO  impl.LeaderElection (LeaderElection.java:logAndReturn(56)) - 1ee6da7b-5867-4bad-ba0d-a2cfd13fd72a@group-B3673A53AB6F-LeaderElection12: Election REJECTED; received 2 response(s) [1ee6da7b-5867-4bad-ba0d-a2cfd13fd72a<-f94c755f-9f95-40b5-85b9-5e712f3f34e7#0:FAIL-t2, 1ee6da7b-5867-4bad-ba0d-a2cfd13fd72a<-4281bf39-36db-462c-8bc9-3c86cb645344#0:FAIL-t2] and 0 exception(s); 1ee6da7b-5867-4bad-ba0d-a2cfd13fd72a@group-B3673A53AB6F:t2, leader=null, voted=1ee6da7b-5867-4bad-ba0d-a2cfd13fd72a, raftlog=1ee6da7b-5867-4bad-ba0d-a2cfd13fd72a@group-B3673A53AB6F-SegmentedRaftLog:OPENED:c-1,f-1,i0, conf=-1: [f94c755f-9f95-40b5-85b9-5e712f3f34e7:192.168.157.203:45275, 1ee6da7b-5867-4bad-ba0d-a2cfd13fd72a:192.168.157.203:35892, 4281bf39-36db-462c-8bc9-3c86cb645344:192.168.157.203:42381], old=null
2019-10-16 11:35:36,817 [70b633f6-b230-4b9f-87f3-510da88f1e08@group-2077DD483DC7-LeaderElection15] INFO  impl.LeaderElection (LeaderElection.java:logAndReturn(56)) - 70b633f6-b230-4b9f-87f3-510da88f1e08@group-2077DD483DC7-LeaderElection15: Election TIMEOUT; received 0 response(s) [] and 0 exception(s); 70b633f6-b230-4b9f-87f3-510da88f1e08@group-2077DD483DC7:t2, leader=null, voted=70b633f6-b230-4b9f-87f3-510da88f1e08, raftlog=70b633f6-b230-4b9f-87f3-510da88f1e08@group-2077DD483DC7-SegmentedRaftLog:OPENED:c-1,f-1,i0, conf=-1: [163587bb-2c3b-4498-b576-18147cf38274:192.168.157.203:33208, a3132885-145f-4a8c-85f4-c10eb874732d:192.168.157.203:46766, 70b633f6-b230-4b9f-87f3-510da88f1e08:192.168.157.203:43163], old=null
2019-10-16 11:35:36,812 [pool-27-thread-1] INFO  server.RaftServerConfigKeys (ConfUtils.java:logGet(43)) - raft.server.log.queue.byte-limit = 2147483647 (custom)
2019-10-16 11:35:36,819 [grpc-default-executor-2] INFO  impl.FollowerInfo (FollowerInfo.java:lambda$new$0(51)) - 4281bf39-36db-462c-8bc9-3c86cb645344@group-B3673A53AB6F->1ee6da7b-5867-4bad-ba0d-a2cfd13fd72a: nextIndex: updateUnconditionally 0 -> 0
2019-10-16 11:35:36,817 [1ee6da7b-5867-4bad-ba0d-a2cfd13fd72a@group-B3673A53AB6F-LeaderElection12] INFO  impl.RaftServerImpl (RaftServerImpl.java:setRole(184)) - 1ee6da7b-5867-4bad-ba0d-a2cfd13fd72a@group-B3673A53AB6F: changes role from CANDIDATE to FOLLOWER at term 2 for DISCOVERED_A_NEW_TERM
2019-10-16 11:35:36,812 [pool-87-thread-1] INFO  server.RaftServerConfigKeys (ConfUtils.java:logGet(43)) - raft.server.log.write.buffer.size = 33554432 (custom)
2019-10-16 11:35:36,820 [1ee6da7b-5867-4bad-ba0d-a2cfd13fd72a@group-B3673A53AB6F-LeaderElection12] INFO  impl.RoleInfo (RoleInfo.java:shutdownLeaderElection(134)) - 1ee6da7b-5867-4bad-ba0d-a2cfd13fd72a: shutdown LeaderElection
2019-10-16 11:35:36,819 [pool-27-thread-1] INFO  server.RaftServerConfigKeys (ConfUtils.java:logGet(43)) - raft.server.log.queue.element-limit = 1024 (custom)
2019-10-16 11:35:36,820 [1ee6da7b-5867-4bad-ba0d-a2cfd13fd72a@group-B3673A53AB6F-LeaderElection12] INFO  impl.RoleInfo (RoleInfo.java:updateAndGet(143)) - 1ee6da7b-5867-4bad-ba0d-a2cfd13fd72a: start FollowerState
2019-10-16 11:35:36,820 [pool-87-thread-1] INFO  server.RaftServerConfigKeys (ConfUtils.java:logGet(43)) - raft.server.log.force.sync.num = 128 (default)
2019-10-16 11:35:36,820 [grpc-default-executor-3] INFO  impl.FollowerInfo (FollowerInfo.java:lambda$new$0(51)) - 4281bf39-36db-462c-8bc9-3c86cb645344@group-B3673A53AB6F->f94c755f-9f95-40b5-85b9-5e712f3f34e7: nextIndex: updateUnconditionally 0 -> 0
2019-10-16 11:35:36,820 [pool-27-thread-1] INFO  server.RaftServerConfigKeys (ConfUtils.java:logGet(43)) - raft.server.log.segment.size.max = 1048576 (custom)
2019-10-16 11:35:36,822 [pool-87-thread-1] INFO  server.RaftServerConfigKeys (ConfUtils.java:logGet(43)) - raft.server.log.statemachine.data.sync = true (default)
2019-10-16 11:35:36,822 [pool-27-thread-1] INFO  server.RaftServerConfigKeys (ConfUtils.java:logGet(43)) - raft.server.log.preallocated.size = 16384 (custom)
2019-10-16 11:35:36,822 [pool-87-thread-1] INFO  server.RaftServerConfigKeys (ConfUtils.java:logGet(43)) - raft.server.log.statemachine.data.sync.timeout = 10s (default)
2019-10-16 11:35:36,822 [pool-27-thread-1] INFO  server.RaftServerConfigKeys (ConfUtils.java:logGet(43)) - raft.server.log.write.buffer.size = 33554432 (custom)
2019-10-16 11:35:36,822 [pool-87-thread-1] INFO  server.RaftServerConfigKeys (ConfUtils.java:logGet(43)) - raft.server.log.statemachine.data.sync.timeout.retry = -1 (default)
2019-10-16 11:35:36,822 [pool-27-thread-1] INFO  server.RaftServerConfigKeys (ConfUtils.java:logGet(43)) - raft.server.log.force.sync.num = 128 (default)
2019-10-16 11:35:36,823 [pool-27-thread-1] INFO  server.RaftServerConfigKeys (ConfUtils.java:logGet(43)) - raft.server.log.statemachine.data.sync = true (default)
2019-10-16 11:35:36,823 [pool-87-thread-1] INFO  server.RaftServerConfigKeys (ConfUtils.java:logGet(43)) - raft.server.log.statemachine.data.caching.enabled = true (custom)
2019-10-16 11:35:36,824 [70b633f6-b230-4b9f-87f3-510da88f1e08@group-2077DD483DC7-LeaderElection15] INFO  impl.LeaderElection (LeaderElection.java:askForVotes(178)) - 70b633f6-b230-4b9f-87f3-510da88f1e08@group-2077DD483DC7-LeaderElection15: begin an election at term 3 for -1: [163587bb-2c3b-4498-b576-18147cf38274:192.168.157.203:33208, a3132885-145f-4a8c-85f4-c10eb874732d:192.168.157.203:46766, 70b633f6-b230-4b9f-87f3-510da88f1e08:192.168.157.203:43163], old=null
2019-10-16 11:35:36,824 [pool-27-thread-1] INFO  server.RaftServerConfigKeys (ConfUtils.java:logGet(43)) - raft.server.log.statemachine.data.sync.timeout = 10s (default)
2019-10-16 11:35:36,824 [pool-27-thread-1] INFO  server.RaftServerConfigKeys (ConfUtils.java:logGet(43)) - raft.server.log.statemachine.data.sync.timeout.retry = -1 (default)
2019-10-16 11:35:36,824 [pool-87-thread-1] INFO  segmented.SegmentedRaftLogWorker (SegmentedRaftLogWorker.java:lambda$new$0(128)) - 857fec05-692a-4d09-bf1c-7d167682feae@group-8BBDE5791A04-SegmentedRaftLogWorker: flushIndex: setUnconditionally 0 -> -1
2019-10-16 11:35:36,824 [pool-27-thread-1] INFO  server.RaftServerConfigKeys (ConfUtils.java:logGet(43)) - raft.server.log.statemachine.data.caching.enabled = true (custom)
2019-10-16 11:35:36,824 [pool-87-thread-1] INFO  server.RaftServerConfigKeys (ConfUtils.java:logGet(43)) - raft.server.snapshot.auto.trigger.enabled = true (custom)
2019-10-16 11:35:36,825 [pool-87-thread-1] INFO  server.RaftServerConfigKeys (ConfUtils.java:logGet(43)) - raft.server.snapshot.auto.trigger.threshold = 10000 (custom)
2019-10-16 11:35:36,825 [pool-87-thread-1] INFO  server.RaftServerConfigKeys (ConfUtils.java:logGet(43)) - raft.server.snapshot.retention.file.num = 5 (custom)
2019-10-16 11:35:36,825 [pool-27-thread-1] INFO  segmented.SegmentedRaftLogWorker (SegmentedRaftLogWorker.java:lambda$new$0(128)) - 411bb2a3-40ef-4fc0-81ca-4490e6d37035@group-8BBDE5791A04-SegmentedRaftLogWorker: flushIndex: setUnconditionally 0 -> -1
2019-10-16 11:35:36,825 [pool-87-thread-1] INFO  server.RaftServerConfigKeys (ConfUtils.java:logGet(43)) - raft.server.retrycache.expirytime = 600000ms (custom)
2019-10-16 11:35:36,826 [pool-27-thread-1] INFO  server.RaftServerConfigKeys (ConfUtils.java:logGet(43)) - raft.server.snapshot.auto.trigger.enabled = true (custom)
2019-10-16 11:35:36,826 [163587bb-2c3b-4498-b576-18147cf38274@group-2077DD483DC7-LeaderElection13] INFO  impl.LeaderElection (LeaderElection.java:logAndReturn(56)) - 163587bb-2c3b-4498-b576-18147cf38274@group-2077DD483DC7-LeaderElection13: Election PASSED; received 2 response(s) [163587bb-2c3b-4498-b576-18147cf38274<-a3132885-145f-4a8c-85f4-c10eb874732d#0:OK-t2, 163587bb-2c3b-4498-b576-18147cf38274<-70b633f6-b230-4b9f-87f3-510da88f1e08#0:FAIL-t2] and 0 exception(s); 163587bb-2c3b-4498-b576-18147cf38274@group-2077DD483DC7:t2, leader=null, voted=163587bb-2c3b-4498-b576-18147cf38274, raftlog=163587bb-2c3b-4498-b576-18147cf38274@group-2077DD483DC7-SegmentedRaftLog:OPENED:c-1,f-1,i0, conf=-1: [163587bb-2c3b-4498-b576-18147cf38274:192.168.157.203:33208, a3132885-145f-4a8c-85f4-c10eb874732d:192.168.157.203:46766, 70b633f6-b230-4b9f-87f3-510da88f1e08:192.168.157.203:43163], old=null
2019-10-16 11:35:36,826 [pool-27-thread-1] INFO  server.RaftServerConfigKeys (ConfUtils.java:logGet(43)) - raft.server.snapshot.auto.trigger.threshold = 10000 (custom)
2019-10-16 11:35:36,826 [163587bb-2c3b-4498-b576-18147cf38274@group-2077DD483DC7-LeaderElection13] INFO  impl.RoleInfo (RoleInfo.java:shutdownLeaderElection(134)) - 163587bb-2c3b-4498-b576-18147cf38274: shutdown LeaderElection
2019-10-16 11:35:36,826 [pool-27-thread-1] INFO  server.RaftServerConfigKeys (ConfUtils.java:logGet(43)) - raft.server.snapshot.retention.file.num = 5 (custom)
2019-10-16 11:35:36,828 [163587bb-2c3b-4498-b576-18147cf38274@group-2077DD483DC7-LeaderElection13] INFO  impl.RaftServerImpl (RaftServerImpl.java:setRole(184)) - 163587bb-2c3b-4498-b576-18147cf38274@group-2077DD483DC7: changes role from CANDIDATE to LEADER at term 2 for changeToLeader
2019-10-16 11:35:36,828 [163587bb-2c3b-4498-b576-18147cf38274@group-2077DD483DC7-LeaderElection13] INFO  impl.RaftServerImpl (ServerState.java:setLeader(256)) - 163587bb-2c3b-4498-b576-18147cf38274@group-2077DD483DC7: change Leader from null to 163587bb-2c3b-4498-b576-18147cf38274 at term 2 for becomeLeader, leader elected after 204ms
2019-10-16 11:35:36,828 [pool-27-thread-1] INFO  server.RaftServerConfigKeys (ConfUtils.java:logGet(43)) - raft.server.retrycache.expirytime = 600000ms (custom)
2019-10-16 11:35:36,828 [163587bb-2c3b-4498-b576-18147cf38274@group-2077DD483DC7-LeaderElection13] INFO  server.RaftServerConfigKeys (ConfUtils.java:logGet(43)) - raft.server.staging.catchup.gap = 1000 (default)
2019-10-16 11:35:36,833 [163587bb-2c3b-4498-b576-18147cf38274@group-2077DD483DC7-LeaderElection13] INFO  server.RaftServerConfigKeys (ConfUtils.java:logGet(43)) - raft.server.rpc.sleep.time = 25ms (default)
2019-10-16 11:35:36,834 [163587bb-2c3b-4498-b576-18147cf38274@group-2077DD483DC7-LeaderElection13] INFO  server.RaftServerConfigKeys (ConfUtils.java:logGet(43)) - raft.server.write.element-limit = 4096 (default)
2019-10-16 11:35:36,834 [grpc-default-executor-3] INFO  impl.RaftServerImpl (RaftServerImpl.java:setRole(184)) - a3132885-145f-4a8c-85f4-c10eb874732d@group-2077DD483DC7: changes role from  FOLLOWER to FOLLOWER at term 3 for recognizeCandidate:70b633f6-b230-4b9f-87f3-510da88f1e08
2019-10-16 11:35:36,834 [Thread-382] INFO  impl.FollowerState (FollowerState.java:run(108)) - f94c755f-9f95-40b5-85b9-5e712f3f34e7@group-B3673A53AB6F-FollowerState: change to CANDIDATE, lastRpcTime:22ms, electionTimeout:17ms
2019-10-16 11:35:36,834 [163587bb-2c3b-4498-b576-18147cf38274@group-2077DD483DC7-LeaderElection13] INFO  server.RaftServerConfigKeys (ConfUtils.java:logGet(43)) - raft.server.watch.timeout = 10s (default)
2019-10-16 11:35:36,834 [pool-87-thread-1] INFO  impl.RaftServerImpl (RaftServerImpl.java:start(195)) - 857fec05-692a-4d09-bf1c-7d167682feae@group-8BBDE5791A04: start as a follower, conf=-1: [411bb2a3-40ef-4fc0-81ca-4490e6d37035:192.168.157.203:44746, 857fec05-692a-4d09-bf1c-7d167682feae:192.168.157.203:37664, 5c445d34-c031-481c-9d4b-8fbace1f61b8:192.168.157.203:37070], old=null
2019-10-16 11:35:36,834 [Thread-382] INFO  impl.RoleInfo (RoleInfo.java:shutdownFollowerState(121)) - f94c755f-9f95-40b5-85b9-5e712f3f34e7: shutdown FollowerState
2019-10-16 11:35:36,834 [grpc-default-executor-3] INFO  impl.RoleInfo (RoleInfo.java:shutdownFollowerState(121)) - a3132885-145f-4a8c-85f4-c10eb874732d: shutdown FollowerState
2019-10-16 11:35:36,835 [Thread-382] INFO  impl.RaftServerImpl (RaftServerImpl.java:setRole(184)) - f94c755f-9f95-40b5-85b9-5e712f3f34e7@group-B3673A53AB6F: changes role from  FOLLOWER to CANDIDATE at term 2 for changeToCandidate
2019-10-16 11:35:36,835 [pool-87-thread-1] INFO  impl.RaftServerImpl (RaftServerImpl.java:setRole(184)) - 857fec05-692a-4d09-bf1c-7d167682feae@group-8BBDE5791A04: changes role from      null to FOLLOWER at term 0 for startAsFollower
2019-10-16 11:35:36,835 [163587bb-2c3b-4498-b576-18147cf38274@group-2077DD483DC7-LeaderElection13] INFO  server.RaftServerConfigKeys (ConfUtils.java:logGet(43)) - raft.server.watch.timeout.denomination = 1s (default)
2019-10-16 11:35:36,836 [pool-87-thread-1] INFO  impl.RoleInfo (RoleInfo.java:updateAndGet(143)) - 857fec05-692a-4d09-bf1c-7d167682feae: start FollowerState
2019-10-16 11:35:36,836 [Thread-382] INFO  impl.RoleInfo (RoleInfo.java:updateAndGet(143)) - f94c755f-9f95-40b5-85b9-5e712f3f34e7: start LeaderElection
2019-10-16 11:35:36,836 [grpc-default-executor-3] INFO  impl.RoleInfo (RoleInfo.java:updateAndGet(143)) - a3132885-145f-4a8c-85f4-c10eb874732d: start FollowerState
2019-10-16 11:35:36,836 [Thread-381] INFO  impl.FollowerState (FollowerState.java:run(117)) - a3132885-145f-4a8c-85f4-c10eb874732d@group-2077DD483DC7-FollowerState was interrupted: java.lang.InterruptedException: sleep interrupted
2019-10-16 11:35:36,836 [pool-87-thread-1] INFO  util.JmxRegister (JmxRegister.java:tryRegister(44)) - Successfully registered JMX Bean with object name Ratis:service=RaftServer,group=group-8BBDE5791A04,id=857fec05-692a-4d09-bf1c-7d167682feae
2019-10-16 11:35:36,836 [163587bb-2c3b-4498-b576-18147cf38274@group-2077DD483DC7-LeaderElection13] INFO  server.RaftServerConfigKeys (ConfUtils.java:logGet(43)) - raft.server.watch.element-limit = 65536 (default)
2019-10-16 11:35:36,838 [pool-27-thread-1] INFO  impl.RaftServerImpl (RaftServerImpl.java:start(195)) - 411bb2a3-40ef-4fc0-81ca-4490e6d37035@group-8BBDE5791A04: start as a follower, conf=-1: [411bb2a3-40ef-4fc0-81ca-4490e6d37035:192.168.157.203:44746, 857fec05-692a-4d09-bf1c-7d167682feae:192.168.157.203:37664, 5c445d34-c031-481c-9d4b-8fbace1f61b8:192.168.157.203:37070], old=null
2019-10-16 11:35:36,838 [pool-27-thread-1] INFO  impl.RaftServerImpl (RaftServerImpl.java:setRole(184)) - 411bb2a3-40ef-4fc0-81ca-4490e6d37035@group-8BBDE5791A04: changes role from      null to FOLLOWER at term 0 for startAsFollower
2019-10-16 11:35:36,839 [pool-27-thread-1] INFO  impl.RoleInfo (RoleInfo.java:updateAndGet(143)) - 411bb2a3-40ef-4fc0-81ca-4490e6d37035: start FollowerState
2019-10-16 11:35:36,839 [pool-27-thread-1] INFO  util.JmxRegister (JmxRegister.java:tryRegister(44)) - Successfully registered JMX Bean with object name Ratis:service=RaftServer,group=group-8BBDE5791A04,id=411bb2a3-40ef-4fc0-81ca-4490e6d37035
2019-10-16 11:35:36,841 [163587bb-2c3b-4498-b576-18147cf38274@group-2077DD483DC7-LeaderElection13] INFO  server.RaftServerConfigKeys (ConfUtils.java:logGet(43)) - raft.server.log.appender.snapshot.chunk.size.max = 16MB (=16777216) (default)
2019-10-16 11:35:36,841 [163587bb-2c3b-4498-b576-18147cf38274@group-2077DD483DC7-LeaderElection13] INFO  server.RaftServerConfigKeys (ConfUtils.java:logGet(43)) - raft.server.log.appender.buffer.byte-limit = 33554432 (custom)
2019-10-16 11:35:36,841 [f94c755f-9f95-40b5-85b9-5e712f3f34e7@group-B3673A53AB6F-LeaderElection16] INFO  impl.LeaderElection (LeaderElection.java:askForVotes(178)) - f94c755f-9f95-40b5-85b9-5e712f3f34e7@group-B3673A53AB6F-LeaderElection16: begin an election at term 3 for -1: [f94c755f-9f95-40b5-85b9-5e712f3f34e7:192.168.157.203:45275, 1ee6da7b-5867-4bad-ba0d-a2cfd13fd72a:192.168.157.203:35892, 4281bf39-36db-462c-8bc9-3c86cb645344:192.168.157.203:42381], old=null
2019-10-16 11:35:36,841 [163587bb-2c3b-4498-b576-18147cf38274@group-2077DD483DC7-LeaderElection13] INFO  server.RaftServerConfigKeys (ConfUtils.java:logGet(43)) - raft.server.log.appender.buffer.element-limit = 1 (custom)
2019-10-16 11:35:36,842 [163587bb-2c3b-4498-b576-18147cf38274@group-2077DD483DC7-LeaderElection13] INFO  grpc.GrpcConfigKeys$Server (ConfUtils.java:logGet(43)) - raft.grpc.server.leader.outstanding.appends.max = 128 (default)
2019-10-16 11:35:36,843 [163587bb-2c3b-4498-b576-18147cf38274@group-2077DD483DC7-LeaderElection13] INFO  server.RaftServerConfigKeys (ConfUtils.java:logGet(43)) - raft.server.rpc.request.timeout = 3000ms (default)
2019-10-16 11:35:36,843 [163587bb-2c3b-4498-b576-18147cf38274@group-2077DD483DC7-LeaderElection13] INFO  server.RaftServerConfigKeys (ConfUtils.java:logGet(43)) - raft.server.log.appender.install.snapshot.enabled = false (custom)
2019-10-16 11:35:36,844 [70b633f6-b230-4b9f-87f3-510da88f1e08@group-2077DD483DC7-LeaderElection15] INFO  impl.LeaderElection (LeaderElection.java:logAndReturn(56)) - 70b633f6-b230-4b9f-87f3-510da88f1e08@group-2077DD483DC7-LeaderElection15: Election PASSED; received 1 response(s) [70b633f6-b230-4b9f-87f3-510da88f1e08<-a3132885-145f-4a8c-85f4-c10eb874732d#0:OK-t3] and 0 exception(s); 70b633f6-b230-4b9f-87f3-510da88f1e08@group-2077DD483DC7:t3, leader=null, voted=70b633f6-b230-4b9f-87f3-510da88f1e08, raftlog=70b633f6-b230-4b9f-87f3-510da88f1e08@group-2077DD483DC7-SegmentedRaftLog:OPENED:c-1,f-1,i0, conf=-1: [163587bb-2c3b-4498-b576-18147cf38274:192.168.157.203:33208, a3132885-145f-4a8c-85f4-c10eb874732d:192.168.157.203:46766, 70b633f6-b230-4b9f-87f3-510da88f1e08:192.168.157.203:43163], old=null
2019-10-16 11:35:36,844 [70b633f6-b230-4b9f-87f3-510da88f1e08@group-2077DD483DC7-LeaderElection15] INFO  impl.RoleInfo (RoleInfo.java:shutdownLeaderElection(134)) - 70b633f6-b230-4b9f-87f3-510da88f1e08: shutdown LeaderElection
2019-10-16 11:35:36,845 [70b633f6-b230-4b9f-87f3-510da88f1e08@group-2077DD483DC7-LeaderElection15] INFO  impl.RaftServerImpl (RaftServerImpl.java:setRole(184)) - 70b633f6-b230-4b9f-87f3-510da88f1e08@group-2077DD483DC7: changes role from CANDIDATE to LEADER at term 3 for changeToLeader
2019-10-16 11:35:36,845 [70b633f6-b230-4b9f-87f3-510da88f1e08@group-2077DD483DC7-LeaderElection15] INFO  impl.RaftServerImpl (ServerState.java:setLeader(256)) - 70b633f6-b230-4b9f-87f3-510da88f1e08@group-2077DD483DC7: change Leader from null to 70b633f6-b230-4b9f-87f3-510da88f1e08 at term 3 for becomeLeader, leader elected after 222ms
2019-10-16 11:35:36,846 [70b633f6-b230-4b9f-87f3-510da88f1e08@group-2077DD483DC7-LeaderElection15] INFO  server.RaftServerConfigKeys (ConfUtils.java:logGet(43)) - raft.server.staging.catchup.gap = 1000 (default)
2019-10-16 11:35:36,846 [70b633f6-b230-4b9f-87f3-510da88f1e08@group-2077DD483DC7-LeaderElection15] INFO  server.RaftServerConfigKeys (ConfUtils.java:logGet(43)) - raft.server.rpc.sleep.time = 25ms (default)
2019-10-16 11:35:36,846 [70b633f6-b230-4b9f-87f3-510da88f1e08@group-2077DD483DC7-LeaderElection15] INFO  server.RaftServerConfigKeys (ConfUtils.java:logGet(43)) - raft.server.write.element-limit = 4096 (default)
2019-10-16 11:35:36,846 [70b633f6-b230-4b9f-87f3-510da88f1e08@group-2077DD483DC7-LeaderElection15] INFO  server.RaftServerConfigKeys (ConfUtils.java:logGet(43)) - raft.server.watch.timeout = 10s (default)
2019-10-16 11:35:36,846 [70b633f6-b230-4b9f-87f3-510da88f1e08@group-2077DD483DC7-LeaderElection15] INFO  server.RaftServerConfigKeys (ConfUtils.java:logGet(43)) - raft.server.watch.timeout.denomination = 1s (default)
2019-10-16 11:35:36,846 [70b633f6-b230-4b9f-87f3-510da88f1e08@group-2077DD483DC7-LeaderElection15] INFO  server.RaftServerConfigKeys (ConfUtils.java:logGet(43)) - raft.server.watch.element-limit = 65536 (default)
2019-10-16 11:35:36,848 [grpc-default-executor-2] INFO  impl.RaftServerImpl (RaftServerImpl.java:setRole(184)) - 4281bf39-36db-462c-8bc9-3c86cb645344@group-B3673A53AB6F: changes role from  FOLLOWER to FOLLOWER at term 3 for recognizeCandidate:f94c755f-9f95-40b5-85b9-5e712f3f34e7
2019-10-16 11:35:36,849 [grpc-default-executor-2] INFO  impl.RoleInfo (RoleInfo.java:shutdownFollowerState(121)) - 4281bf39-36db-462c-8bc9-3c86cb645344: shutdown FollowerState
2019-10-16 11:35:36,849 [grpc-default-executor-3] INFO  impl.RaftServerImpl (RaftServerImpl.java:setRole(184)) - 1ee6da7b-5867-4bad-ba0d-a2cfd13fd72a@group-B3673A53AB6F: changes role from  FOLLOWER to FOLLOWER at term 3 for recognizeCandidate:f94c755f-9f95-40b5-85b9-5e712f3f34e7
2019-10-16 11:35:36,849 [grpc-default-executor-2] INFO  impl.RoleInfo (RoleInfo.java:updateAndGet(143)) - 4281bf39-36db-462c-8bc9-3c86cb645344: start FollowerState
2019-10-16 11:35:36,849 [163587bb-2c3b-4498-b576-18147cf38274@group-2077DD483DC7-LeaderElection13] INFO  server.RaftServerConfigKeys (ConfUtils.java:logGet(43)) - raft.server.log.appender.snapshot.chunk.size.max = 16MB (=16777216) (default)
2019-10-16 11:35:36,849 [grpc-default-executor-3] INFO  impl.RoleInfo (RoleInfo.java:shutdownFollowerState(121)) - 1ee6da7b-5867-4bad-ba0d-a2cfd13fd72a: shutdown FollowerState
2019-10-16 11:35:36,849 [Thread-379] INFO  impl.FollowerState (FollowerState.java:run(117)) - 4281bf39-36db-462c-8bc9-3c86cb645344@group-B3673A53AB6F-FollowerState was interrupted: java.lang.InterruptedException: sleep interrupted
2019-10-16 11:35:36,850 [grpc-default-executor-3] INFO  impl.RoleInfo (RoleInfo.java:updateAndGet(143)) - 1ee6da7b-5867-4bad-ba0d-a2cfd13fd72a: start FollowerState
2019-10-16 11:35:36,849 [Thread-383] INFO  impl.FollowerState (FollowerState.java:run(117)) - 1ee6da7b-5867-4bad-ba0d-a2cfd13fd72a@group-B3673A53AB6F-FollowerState was interrupted: java.lang.InterruptedException: sleep interrupted
2019-10-16 11:35:36,849 [163587bb-2c3b-4498-b576-18147cf38274@group-2077DD483DC7-LeaderElection13] INFO  server.RaftServerConfigKeys (ConfUtils.java:logGet(43)) - raft.server.log.appender.buffer.byte-limit = 33554432 (custom)
2019-10-16 11:35:36,850 [RatisPipelineUtilsThread] INFO  pipeline.PipelineStateManager (PipelineStateManager.java:addPipeline(56)) - Created pipeline Pipeline[ Id: 9ca8b30f-1255-49d0-b954-8bbde5791a04, Nodes: 411bb2a3-40ef-4fc0-81ca-4490e6d37035{ip: 192.168.157.203, host: pr-hdds-2313-gfcg9-2318083974, networkLocation: /default-rack, certSerialId: null}5c445d34-c031-481c-9d4b-8fbace1f61b8{ip: 192.168.157.203, host: pr-hdds-2313-gfcg9-2318083974, networkLocation: /default-rack, certSerialId: null}857fec05-692a-4d09-bf1c-7d167682feae{ip: 192.168.157.203, host: pr-hdds-2313-gfcg9-2318083974, networkLocation: /default-rack, certSerialId: null}, Type:RATIS, Factor:THREE, State:OPEN]
2019-10-16 11:35:36,851 [70b633f6-b230-4b9f-87f3-510da88f1e08@group-2077DD483DC7-LeaderElection15] INFO  server.RaftServerConfigKeys (ConfUtils.java:logGet(43)) - raft.server.log.appender.snapshot.chunk.size.max = 16MB (=16777216) (default)
2019-10-16 11:35:36,851 [163587bb-2c3b-4498-b576-18147cf38274@group-2077DD483DC7-LeaderElection13] INFO  server.RaftServerConfigKeys (ConfUtils.java:logGet(43)) - raft.server.log.appender.buffer.element-limit = 1 (custom)
2019-10-16 11:35:36,851 [70b633f6-b230-4b9f-87f3-510da88f1e08@group-2077DD483DC7-LeaderElection15] INFO  server.RaftServerConfigKeys (ConfUtils.java:logGet(43)) - raft.server.log.appender.buffer.byte-limit = 33554432 (custom)
2019-10-16 11:35:36,852 [163587bb-2c3b-4498-b576-18147cf38274@group-2077DD483DC7-LeaderElection13] INFO  grpc.GrpcConfigKeys$Server (ConfUtils.java:logGet(43)) - raft.grpc.server.leader.outstanding.appends.max = 128 (default)
2019-10-16 11:35:36,852 [70b633f6-b230-4b9f-87f3-510da88f1e08@group-2077DD483DC7-LeaderElection15] INFO  server.RaftServerConfigKeys (ConfUtils.java:logGet(43)) - raft.server.log.appender.buffer.element-limit = 1 (custom)
2019-10-16 11:35:36,852 [163587bb-2c3b-4498-b576-18147cf38274@group-2077DD483DC7-LeaderElection13] INFO  server.RaftServerConfigKeys (ConfUtils.java:logGet(43)) - raft.server.rpc.request.timeout = 3000ms (default)
2019-10-16 11:35:36,853 [70b633f6-b230-4b9f-87f3-510da88f1e08@group-2077DD483DC7-LeaderElection15] INFO  grpc.GrpcConfigKeys$Server (ConfUtils.java:logGet(43)) - raft.grpc.server.leader.outstanding.appends.max = 128 (default)
2019-10-16 11:35:36,853 [163587bb-2c3b-4498-b576-18147cf38274@group-2077DD483DC7-LeaderElection13] INFO  server.RaftServerConfigKeys (ConfUtils.java:logGet(43)) - raft.server.log.appender.install.snapshot.enabled = false (custom)
2019-10-16 11:35:36,853 [70b633f6-b230-4b9f-87f3-510da88f1e08@group-2077DD483DC7-LeaderElection15] INFO  server.RaftServerConfigKeys (ConfUtils.java:logGet(43)) - raft.server.rpc.request.timeout = 3000ms (default)
2019-10-16 11:35:36,853 [70b633f6-b230-4b9f-87f3-510da88f1e08@group-2077DD483DC7-LeaderElection15] INFO  server.RaftServerConfigKeys (ConfUtils.java:logGet(43)) - raft.server.log.appender.install.snapshot.enabled = false (custom)
2019-10-16 11:35:36,856 [70b633f6-b230-4b9f-87f3-510da88f1e08@group-2077DD483DC7-LeaderElection15] INFO  server.RaftServerConfigKeys (ConfUtils.java:logGet(43)) - raft.server.log.appender.snapshot.chunk.size.max = 16MB (=16777216) (default)
2019-10-16 11:35:36,856 [163587bb-2c3b-4498-b576-18147cf38274@group-2077DD483DC7-LeaderElection13] INFO  impl.RoleInfo (RoleInfo.java:updateAndGet(143)) - 163587bb-2c3b-4498-b576-18147cf38274: start LeaderState
2019-10-16 11:35:36,856 [70b633f6-b230-4b9f-87f3-510da88f1e08@group-2077DD483DC7-LeaderElection15] INFO  server.RaftServerConfigKeys (ConfUtils.java:logGet(43)) - raft.server.log.appender.buffer.byte-limit = 33554432 (custom)
2019-10-16 11:35:36,856 [Thread-390] INFO  impl.FollowerState (FollowerState.java:run(108)) - a3132885-145f-4a8c-85f4-c10eb874732d@group-2077DD483DC7-FollowerState: change to CANDIDATE, lastRpcTime:19ms, electionTimeout:18ms
2019-10-16 11:35:36,856 [163587bb-2c3b-4498-b576-18147cf38274@group-2077DD483DC7-LeaderElection13] INFO  segmented.SegmentedRaftLogWorker (SegmentedRaftLogWorker.java:startLogSegment(385)) - 163587bb-2c3b-4498-b576-18147cf38274@group-2077DD483DC7-SegmentedRaftLogWorker: Starting segment from index:0
2019-10-16 11:35:36,856 [70b633f6-b230-4b9f-87f3-510da88f1e08@group-2077DD483DC7-LeaderElection15] INFO  server.RaftServerConfigKeys (ConfUtils.java:logGet(43)) - raft.server.log.appender.buffer.element-limit = 1 (custom)
2019-10-16 11:35:36,856 [Thread-390] INFO  impl.RoleInfo (RoleInfo.java:shutdownFollowerState(121)) - a3132885-145f-4a8c-85f4-c10eb874732d: shutdown FollowerState
2019-10-16 11:35:36,856 [Thread-390] INFO  impl.RaftServerImpl (RaftServerImpl.java:setRole(184)) - a3132885-145f-4a8c-85f4-c10eb874732d@group-2077DD483DC7: changes role from  FOLLOWER to CANDIDATE at term 3 for changeToCandidate
2019-10-16 11:35:36,856 [70b633f6-b230-4b9f-87f3-510da88f1e08@group-2077DD483DC7-LeaderElection15] INFO  grpc.GrpcConfigKeys$Server (ConfUtils.java:logGet(43)) - raft.grpc.server.leader.outstanding.appends.max = 128 (default)
2019-10-16 11:35:36,857 [Thread-390] INFO  impl.RoleInfo (RoleInfo.java:updateAndGet(143)) - a3132885-145f-4a8c-85f4-c10eb874732d: start LeaderElection
2019-10-16 11:35:36,857 [70b633f6-b230-4b9f-87f3-510da88f1e08@group-2077DD483DC7-LeaderElection15] INFO  server.RaftServerConfigKeys (ConfUtils.java:logGet(43)) - raft.server.rpc.request.timeout = 3000ms (default)
2019-10-16 11:35:36,857 [70b633f6-b230-4b9f-87f3-510da88f1e08@group-2077DD483DC7-LeaderElection15] INFO  server.RaftServerConfigKeys (ConfUtils.java:logGet(43)) - raft.server.log.appender.install.snapshot.enabled = false (custom)
2019-10-16 11:35:36,878 [Thread-401] INFO  impl.FollowerState (FollowerState.java:run(108)) - 1ee6da7b-5867-4bad-ba0d-a2cfd13fd72a@group-B3673A53AB6F-FollowerState: change to CANDIDATE, lastRpcTime:28ms, electionTimeout:23ms
2019-10-16 11:35:36,879 [Thread-401] INFO  impl.RoleInfo (RoleInfo.java:shutdownFollowerState(121)) - 1ee6da7b-5867-4bad-ba0d-a2cfd13fd72a: shutdown FollowerState
2019-10-16 11:35:36,879 [Thread-401] INFO  impl.RaftServerImpl (RaftServerImpl.java:setRole(184)) - 1ee6da7b-5867-4bad-ba0d-a2cfd13fd72a@group-B3673A53AB6F: changes role from  FOLLOWER to CANDIDATE at term 3 for changeToCandidate
2019-10-16 11:35:36,879 [163587bb-2c3b-4498-b576-18147cf38274@group-2077DD483DC7-LeaderElection13] INFO  impl.RaftServerImpl (ServerState.java:setRaftConf(357)) - 163587bb-2c3b-4498-b576-18147cf38274@group-2077DD483DC7: set configuration 0: [163587bb-2c3b-4498-b576-18147cf38274:192.168.157.203:33208, a3132885-145f-4a8c-85f4-c10eb874732d:192.168.157.203:46766, 70b633f6-b230-4b9f-87f3-510da88f1e08:192.168.157.203:43163], old=null at 0
2019-10-16 11:35:36,879 [Thread-401] INFO  impl.RoleInfo (RoleInfo.java:updateAndGet(143)) - 1ee6da7b-5867-4bad-ba0d-a2cfd13fd72a: start LeaderElection
2019-10-16 11:35:36,882 [grpc-default-executor-0] INFO  impl.RaftServerImpl (ServerState.java:setLeader(256)) - 163587bb-2c3b-4498-b576-18147cf38274@group-2077DD483DC7: change Leader from 163587bb-2c3b-4498-b576-18147cf38274 to null at term 3 for updateCurrentTerm
2019-10-16 11:35:36,882 [grpc-default-executor-0] INFO  impl.RaftServerImpl (RaftServerImpl.java:setRole(184)) - 163587bb-2c3b-4498-b576-18147cf38274@group-2077DD483DC7: changes role from    LEADER to FOLLOWER at term 3 for recognizeCandidate:70b633f6-b230-4b9f-87f3-510da88f1e08
2019-10-16 11:35:36,882 [163587bb-2c3b-4498-b576-18147cf38274@group-2077DD483DC7-SegmentedRaftLogWorker] INFO  segmented.SegmentedRaftLogWorker (SegmentedRaftLogWorker.java:execute(576)) - 163587bb-2c3b-4498-b576-18147cf38274@group-2077DD483DC7-SegmentedRaftLogWorker: created new log segment /workdir/hadoop-ozone/integration-test/target/test-dir/MiniOzoneClusterImpl-d10f3a9c-4fd6-4949-a3ff-490e135742c9/datanode-4/data/ratis/5cadb629-28f1-4c71-b012-2077dd483dc7/current/log_inprogress_0
2019-10-16 11:35:36,882 [grpc-default-executor-0] INFO  impl.RoleInfo (RoleInfo.java:shutdownLeaderState(104)) - 163587bb-2c3b-4498-b576-18147cf38274: shutdown LeaderState
2019-10-16 11:35:36,885 [grpc-default-executor-0] INFO  impl.PendingRequests (PendingRequests.java:sendNotLeaderResponses(202)) - 163587bb-2c3b-4498-b576-18147cf38274@group-2077DD483DC7-PendingRequests: sendNotLeaderResponses
2019-10-16 11:35:36,886 [grpc-default-executor-0] INFO  impl.RoleInfo (RoleInfo.java:updateAndGet(143)) - 163587bb-2c3b-4498-b576-18147cf38274: start FollowerState
2019-10-16 11:35:36,886 [a3132885-145f-4a8c-85f4-c10eb874732d@group-2077DD483DC7-LeaderElection17] INFO  impl.LeaderElection (LeaderElection.java:askForVotes(178)) - a3132885-145f-4a8c-85f4-c10eb874732d@group-2077DD483DC7-LeaderElection17: begin an election at term 4 for -1: [163587bb-2c3b-4498-b576-18147cf38274:192.168.157.203:33208, a3132885-145f-4a8c-85f4-c10eb874732d:192.168.157.203:46766, 70b633f6-b230-4b9f-87f3-510da88f1e08:192.168.157.203:43163], old=null
2019-10-16 11:35:36,887 [f94c755f-9f95-40b5-85b9-5e712f3f34e7@group-B3673A53AB6F-LeaderElection16] INFO  impl.LeaderElection (LeaderElection.java:logAndReturn(56)) - f94c755f-9f95-40b5-85b9-5e712f3f34e7@group-B3673A53AB6F-LeaderElection16: Election PASSED; received 1 response(s) [f94c755f-9f95-40b5-85b9-5e712f3f34e7<-1ee6da7b-5867-4bad-ba0d-a2cfd13fd72a#0:OK-t3] and 0 exception(s); f94c755f-9f95-40b5-85b9-5e712f3f34e7@group-B3673A53AB6F:t3, leader=null, voted=f94c755f-9f95-40b5-85b9-5e712f3f34e7, raftlog=f94c755f-9f95-40b5-85b9-5e712f3f34e7@group-B3673A53AB6F-SegmentedRaftLog:OPENED:c-1,f-1,i0, conf=-1: [f94c755f-9f95-40b5-85b9-5e712f3f34e7:192.168.157.203:45275, 1ee6da7b-5867-4bad-ba0d-a2cfd13fd72a:192.168.157.203:35892, 4281bf39-36db-462c-8bc9-3c86cb645344:192.168.157.203:42381], old=null
2019-10-16 11:35:36,887 [f94c755f-9f95-40b5-85b9-5e712f3f34e7@group-B3673A53AB6F-LeaderElection16] INFO  impl.RoleInfo (RoleInfo.java:shutdownLeaderElection(134)) - f94c755f-9f95-40b5-85b9-5e712f3f34e7: shutdown LeaderElection
2019-10-16 11:35:36,888 [f94c755f-9f95-40b5-85b9-5e712f3f34e7@group-B3673A53AB6F-LeaderElection16] INFO  impl.RaftServerImpl (RaftServerImpl.java:setRole(184)) - f94c755f-9f95-40b5-85b9-5e712f3f34e7@group-B3673A53AB6F: changes role from CANDIDATE to LEADER at term 3 for changeToLeader
2019-10-16 11:35:36,888 [f94c755f-9f95-40b5-85b9-5e712f3f34e7@group-B3673A53AB6F-LeaderElection16] INFO  impl.RaftServerImpl (ServerState.java:setLeader(256)) - f94c755f-9f95-40b5-85b9-5e712f3f34e7@group-B3673A53AB6F: change Leader from null to f94c755f-9f95-40b5-85b9-5e712f3f34e7 at term 3 for becomeLeader, leader elected after 400ms
2019-10-16 11:35:36,889 [70b633f6-b230-4b9f-87f3-510da88f1e08@group-2077DD483DC7-LeaderElection15] INFO  impl.RoleInfo (RoleInfo.java:updateAndGet(143)) - 70b633f6-b230-4b9f-87f3-510da88f1e08: start LeaderState
2019-10-16 11:35:36,889 [f94c755f-9f95-40b5-85b9-5e712f3f34e7@group-B3673A53AB6F-LeaderElection16] INFO  server.RaftServerConfigKeys (ConfUtils.java:logGet(43)) - raft.server.staging.catchup.gap = 1000 (default)
2019-10-16 11:35:36,892 [f94c755f-9f95-40b5-85b9-5e712f3f34e7@group-B3673A53AB6F-LeaderElection16] INFO  server.RaftServerConfigKeys (ConfUtils.java:logGet(43)) - raft.server.rpc.sleep.time = 25ms (default)
2019-10-16 11:35:36,892 [Thread-392] INFO  impl.FollowerState (FollowerState.java:run(108)) - 857fec05-692a-4d09-bf1c-7d167682feae@group-8BBDE5791A04-FollowerState: change to CANDIDATE, lastRpcTime:55ms, electionTimeout:54ms
2019-10-16 11:35:36,893 [f94c755f-9f95-40b5-85b9-5e712f3f34e7@group-B3673A53AB6F-LeaderElection16] INFO  server.RaftServerConfigKeys (ConfUtils.java:logGet(43)) - raft.server.write.element-limit = 4096 (default)
2019-10-16 11:35:36,892 [Thread-380] INFO  impl.FollowerState (FollowerState.java:run(108)) - 5c445d34-c031-481c-9d4b-8fbace1f61b8@group-8BBDE5791A04-FollowerState: change to CANDIDATE, lastRpcTime:85ms, electionTimeout:84ms
2019-10-16 11:35:36,893 [f94c755f-9f95-40b5-85b9-5e712f3f34e7@group-B3673A53AB6F-LeaderElection16] INFO  server.RaftServerConfigKeys (ConfUtils.java:logGet(43)) - raft.server.watch.timeout = 10s (default)
2019-10-16 11:35:36,893 [70b633f6-b230-4b9f-87f3-510da88f1e08@group-2077DD483DC7-LeaderElection15] INFO  segmented.SegmentedRaftLogWorker (SegmentedRaftLogWorker.java:startLogSegment(385)) - 70b633f6-b230-4b9f-87f3-510da88f1e08@group-2077DD483DC7-SegmentedRaftLogWorker: Starting segment from index:0
2019-10-16 11:35:36,893 [Thread-392] INFO  impl.RoleInfo (RoleInfo.java:shutdownFollowerState(121)) - 857fec05-692a-4d09-bf1c-7d167682feae: shutdown FollowerState
2019-10-16 11:35:36,894 [f94c755f-9f95-40b5-85b9-5e712f3f34e7@group-B3673A53AB6F-LeaderElection16] INFO  server.RaftServerConfigKeys (ConfUtils.java:logGet(43)) - raft.server.watch.timeout.denomination = 1s (default)
2019-10-16 11:35:36,893 [Thread-380] INFO  impl.RoleInfo (RoleInfo.java:shutdownFollowerState(121)) - 5c445d34-c031-481c-9d4b-8fbace1f61b8: shutdown FollowerState
2019-10-16 11:35:36,894 [f94c755f-9f95-40b5-85b9-5e712f3f34e7@group-B3673A53AB6F-LeaderElection16] INFO  server.RaftServerConfigKeys (ConfUtils.java:logGet(43)) - raft.server.watch.element-limit = 65536 (default)
2019-10-16 11:35:36,894 [Thread-392] INFO  impl.RaftServerImpl (RaftServerImpl.java:setRole(184)) - 857fec05-692a-4d09-bf1c-7d167682feae@group-8BBDE5791A04: changes role from  FOLLOWER to CANDIDATE at term 0 for changeToCandidate
2019-10-16 11:35:36,895 [1ee6da7b-5867-4bad-ba0d-a2cfd13fd72a@group-B3673A53AB6F-LeaderElection18] INFO  impl.LeaderElection (LeaderElection.java:askForVotes(178)) - 1ee6da7b-5867-4bad-ba0d-a2cfd13fd72a@group-B3673A53AB6F-LeaderElection18: begin an election at term 4 for -1: [f94c755f-9f95-40b5-85b9-5e712f3f34e7:192.168.157.203:45275, 1ee6da7b-5867-4bad-ba0d-a2cfd13fd72a:192.168.157.203:35892, 4281bf39-36db-462c-8bc9-3c86cb645344:192.168.157.203:42381], old=null
2019-10-16 11:35:36,895 [org.apache.ratis.server.impl.LogAppender$AppenderDaemon$$Lambda$440/538065296@21ffbf] WARN  server.GrpcLogAppender (GrpcLogAppender.java:mayWait(149)) - 163587bb-2c3b-4498-b576-18147cf38274@group-2077DD483DC7->70b633f6-b230-4b9f-87f3-510da88f1e08-GrpcLogAppender: Wait interrupted by java.lang.InterruptedException
2019-10-16 11:35:36,895 [org.apache.ratis.server.impl.LogAppender$AppenderDaemon$$Lambda$440/538065296@512401fb] WARN  server.GrpcLogAppender (GrpcLogAppender.java:mayWait(149)) - 163587bb-2c3b-4498-b576-18147cf38274@group-2077DD483DC7->a3132885-145f-4a8c-85f4-c10eb874732d-GrpcLogAppender: Wait interrupted by java.lang.InterruptedException
2019-10-16 11:35:36,894 [70b633f6-b230-4b9f-87f3-510da88f1e08@group-2077DD483DC7-LeaderElection15] INFO  impl.RaftServerImpl (ServerState.java:setRaftConf(357)) - 70b633f6-b230-4b9f-87f3-510da88f1e08@group-2077DD483DC7: set configuration 0: [163587bb-2c3b-4498-b576-18147cf38274:192.168.157.203:33208, a3132885-145f-4a8c-85f4-c10eb874732d:192.168.157.203:46766, 70b633f6-b230-4b9f-87f3-510da88f1e08:192.168.157.203:43163], old=null at 0
2019-10-16 11:35:36,894 [Thread-380] INFO  impl.RaftServerImpl (RaftServerImpl.java:setRole(184)) - 5c445d34-c031-481c-9d4b-8fbace1f61b8@group-8BBDE5791A04: changes role from  FOLLOWER to CANDIDATE at term 0 for changeToCandidate
2019-10-16 11:35:36,895 [Thread-392] INFO  impl.RoleInfo (RoleInfo.java:updateAndGet(143)) - 857fec05-692a-4d09-bf1c-7d167682feae: start LeaderElection
2019-10-16 11:35:36,920 [Thread-380] INFO  impl.RoleInfo (RoleInfo.java:updateAndGet(143)) - 5c445d34-c031-481c-9d4b-8fbace1f61b8: start LeaderElection
2019-10-16 11:35:36,929 [f94c755f-9f95-40b5-85b9-5e712f3f34e7@group-B3673A53AB6F-LeaderElection16] INFO  server.RaftServerConfigKeys (ConfUtils.java:logGet(43)) - raft.server.log.appender.snapshot.chunk.size.max = 16MB (=16777216) (default)
2019-10-16 11:35:36,930 [f94c755f-9f95-40b5-85b9-5e712f3f34e7@group-B3673A53AB6F-LeaderElection16] INFO  server.RaftServerConfigKeys (ConfUtils.java:logGet(43)) - raft.server.log.appender.buffer.byte-limit = 33554432 (custom)
2019-10-16 11:35:36,931 [f94c755f-9f95-40b5-85b9-5e712f3f34e7@group-B3673A53AB6F-LeaderElection16] INFO  server.RaftServerConfigKeys (ConfUtils.java:logGet(43)) - raft.server.log.appender.buffer.element-limit = 1 (custom)
2019-10-16 11:35:36,935 [f94c755f-9f95-40b5-85b9-5e712f3f34e7@group-B3673A53AB6F-LeaderElection16] INFO  grpc.GrpcConfigKeys$Server (ConfUtils.java:logGet(43)) - raft.grpc.server.leader.outstanding.appends.max = 128 (default)
2019-10-16 11:35:36,935 [f94c755f-9f95-40b5-85b9-5e712f3f34e7@group-B3673A53AB6F-LeaderElection16] INFO  server.RaftServerConfigKeys (ConfUtils.java:logGet(43)) - raft.server.rpc.request.timeout = 3000ms (default)
2019-10-16 11:35:36,935 [f94c755f-9f95-40b5-85b9-5e712f3f34e7@group-B3673A53AB6F-LeaderElection16] INFO  server.RaftServerConfigKeys (ConfUtils.java:logGet(43)) - raft.server.log.appender.install.snapshot.enabled = false (custom)
2019-10-16 11:35:36,935 [grpc-default-executor-1] INFO  impl.RaftServerImpl (RaftServerImpl.java:setRole(184)) - 4281bf39-36db-462c-8bc9-3c86cb645344@group-B3673A53AB6F: changes role from  FOLLOWER to FOLLOWER at term 4 for recognizeCandidate:1ee6da7b-5867-4bad-ba0d-a2cfd13fd72a
2019-10-16 11:35:36,935 [grpc-default-executor-1] INFO  impl.RoleInfo (RoleInfo.java:shutdownFollowerState(121)) - 4281bf39-36db-462c-8bc9-3c86cb645344: shutdown FollowerState
2019-10-16 11:35:36,935 [Thread-400] INFO  impl.FollowerState (FollowerState.java:run(117)) - 4281bf39-36db-462c-8bc9-3c86cb645344@group-B3673A53AB6F-FollowerState was interrupted: java.lang.InterruptedException: sleep interrupted
2019-10-16 11:35:36,935 [grpc-default-executor-1] INFO  impl.RoleInfo (RoleInfo.java:updateAndGet(143)) - 4281bf39-36db-462c-8bc9-3c86cb645344: start FollowerState
2019-10-16 11:35:36,943 [70b633f6-b230-4b9f-87f3-510da88f1e08@group-2077DD483DC7-SegmentedRaftLogWorker] INFO  segmented.SegmentedRaftLogWorker (SegmentedRaftLogWorker.java:execute(576)) - 70b633f6-b230-4b9f-87f3-510da88f1e08@group-2077DD483DC7-SegmentedRaftLogWorker: created new log segment /workdir/hadoop-ozone/integration-test/target/test-dir/MiniOzoneClusterImpl-d10f3a9c-4fd6-4949-a3ff-490e135742c9/datanode-9/data/ratis/5cadb629-28f1-4c71-b012-2077dd483dc7/current/log_inprogress_0
2019-10-16 11:35:36,943 [grpc-default-executor-0] INFO  impl.RaftServerImpl (RaftServerImpl.java:setRole(184)) - 163587bb-2c3b-4498-b576-18147cf38274@group-2077DD483DC7: changes role from  FOLLOWER to FOLLOWER at term 4 for recognizeCandidate:a3132885-145f-4a8c-85f4-c10eb874732d
2019-10-16 11:35:36,943 [grpc-default-executor-0] INFO  impl.RoleInfo (RoleInfo.java:shutdownFollowerState(121)) - 163587bb-2c3b-4498-b576-18147cf38274: shutdown FollowerState
2019-10-16 11:35:36,943 [Thread-407] INFO  impl.FollowerState (FollowerState.java:run(117)) - 163587bb-2c3b-4498-b576-18147cf38274@group-2077DD483DC7-FollowerState was interrupted: java.lang.InterruptedException: sleep interrupted
2019-10-16 11:35:36,943 [grpc-default-executor-0] INFO  impl.RoleInfo (RoleInfo.java:updateAndGet(143)) - 163587bb-2c3b-4498-b576-18147cf38274: start FollowerState
2019-10-16 11:35:36,946 [f94c755f-9f95-40b5-85b9-5e712f3f34e7@group-B3673A53AB6F-LeaderElection16] INFO  server.RaftServerConfigKeys (ConfUtils.java:logGet(43)) - raft.server.log.appender.snapshot.chunk.size.max = 16MB (=16777216) (default)
2019-10-16 11:35:36,946 [f94c755f-9f95-40b5-85b9-5e712f3f34e7@group-B3673A53AB6F-LeaderElection16] INFO  server.RaftServerConfigKeys (ConfUtils.java:logGet(43)) - raft.server.log.appender.buffer.byte-limit = 33554432 (custom)
2019-10-16 11:35:36,946 [f94c755f-9f95-40b5-85b9-5e712f3f34e7@group-B3673A53AB6F-LeaderElection16] INFO  server.RaftServerConfigKeys (ConfUtils.java:logGet(43)) - raft.server.log.appender.buffer.element-limit = 1 (custom)
2019-10-16 11:35:36,947 [5c445d34-c031-481c-9d4b-8fbace1f61b8@group-8BBDE5791A04-LeaderElection20] INFO  impl.LeaderElection (LeaderElection.java:askForVotes(178)) - 5c445d34-c031-481c-9d4b-8fbace1f61b8@group-8BBDE5791A04-LeaderElection20: begin an election at term 1 for -1: [411bb2a3-40ef-4fc0-81ca-4490e6d37035:192.168.157.203:44746, 857fec05-692a-4d09-bf1c-7d167682feae:192.168.157.203:37664, 5c445d34-c031-481c-9d4b-8fbace1f61b8:192.168.157.203:37070], old=null
2019-10-16 11:35:36,947 [857fec05-692a-4d09-bf1c-7d167682feae@group-8BBDE5791A04-LeaderElection19] INFO  impl.LeaderElection (LeaderElection.java:askForVotes(178)) - 857fec05-692a-4d09-bf1c-7d167682feae@group-8BBDE5791A04-LeaderElection19: begin an election at term 1 for -1: [411bb2a3-40ef-4fc0-81ca-4490e6d37035:192.168.157.203:44746, 857fec05-692a-4d09-bf1c-7d167682feae:192.168.157.203:37664, 5c445d34-c031-481c-9d4b-8fbace1f61b8:192.168.157.203:37070], old=null
2019-10-16 11:35:36,947 [f94c755f-9f95-40b5-85b9-5e712f3f34e7@group-B3673A53AB6F-LeaderElection16] INFO  grpc.GrpcConfigKeys$Server (ConfUtils.java:logGet(43)) - raft.grpc.server.leader.outstanding.appends.max = 128 (default)
2019-10-16 11:35:36,947 [grpc-default-executor-2] INFO  server.GrpcServerProtocolService (GrpcServerProtocolService.java:onCompleted(113)) - 70b633f6-b230-4b9f-87f3-510da88f1e08: Completed APPEND_ENTRIES, lastRequest: 163587bb-2c3b-4498-b576-18147cf38274->70b633f6-b230-4b9f-87f3-510da88f1e08#0-t2, previous=(t:0, i:0), leaderCommit=-1, initializing? false, entries: <empty>
2019-10-16 11:35:36,947 [grpc-default-executor-4] INFO  server.GrpcServerProtocolService (GrpcServerProtocolService.java:onCompleted(113)) - a3132885-145f-4a8c-85f4-c10eb874732d: Completed APPEND_ENTRIES, lastRequest: 163587bb-2c3b-4498-b576-18147cf38274->a3132885-145f-4a8c-85f4-c10eb874732d#0-t2, previous=(t:0, i:0), leaderCommit=-1, initializing? false, entries: <empty>
2019-10-16 11:35:36,949 [f94c755f-9f95-40b5-85b9-5e712f3f34e7@group-B3673A53AB6F-LeaderElection16] INFO  server.RaftServerConfigKeys (ConfUtils.java:logGet(43)) - raft.server.rpc.request.timeout = 3000ms (default)
2019-10-16 11:35:36,949 [a3132885-145f-4a8c-85f4-c10eb874732d@group-2077DD483DC7-LeaderElection17] INFO  impl.LeaderElection (LeaderElection.java:logAndReturn(56)) - a3132885-145f-4a8c-85f4-c10eb874732d@group-2077DD483DC7-LeaderElection17: Election TIMEOUT; received 0 response(s) [] and 0 exception(s); a3132885-145f-4a8c-85f4-c10eb874732d@group-2077DD483DC7:t4, leader=null, voted=a3132885-145f-4a8c-85f4-c10eb874732d, raftlog=a3132885-145f-4a8c-85f4-c10eb874732d@group-2077DD483DC7-SegmentedRaftLog:OPENED:c-1,f-1,i0, conf=-1: [163587bb-2c3b-4498-b576-18147cf38274:192.168.157.203:33208, a3132885-145f-4a8c-85f4-c10eb874732d:192.168.157.203:46766, 70b633f6-b230-4b9f-87f3-510da88f1e08:192.168.157.203:43163], old=null
2019-10-16 11:35:36,949 [f94c755f-9f95-40b5-85b9-5e712f3f34e7@group-B3673A53AB6F-LeaderElection16] INFO  server.RaftServerConfigKeys (ConfUtils.java:logGet(43)) - raft.server.log.appender.install.snapshot.enabled = false (custom)
2019-10-16 11:35:36,951 [grpc-default-executor-2] INFO  impl.RaftServerImpl (ServerState.java:setLeader(256)) - 70b633f6-b230-4b9f-87f3-510da88f1e08@group-2077DD483DC7: change Leader from 70b633f6-b230-4b9f-87f3-510da88f1e08 to null at term 4 for updateCurrentTerm
2019-10-16 11:35:36,952 [grpc-default-executor-2] INFO  impl.RaftServerImpl (RaftServerImpl.java:setRole(184)) - 70b633f6-b230-4b9f-87f3-510da88f1e08@group-2077DD483DC7: changes role from    LEADER to FOLLOWER at term 4 for recognizeCandidate:a3132885-145f-4a8c-85f4-c10eb874732d
2019-10-16 11:35:36,952 [grpc-default-executor-2] INFO  impl.RoleInfo (RoleInfo.java:shutdownLeaderState(104)) - 70b633f6-b230-4b9f-87f3-510da88f1e08: shutdown LeaderState
2019-10-16 11:35:36,955 [org.apache.ratis.server.impl.LogAppender$AppenderDaemon$$Lambda$440/538065296@1da2070f] WARN  server.GrpcLogAppender (GrpcLogAppender.java:mayWait(149)) - 70b633f6-b230-4b9f-87f3-510da88f1e08@group-2077DD483DC7->a3132885-145f-4a8c-85f4-c10eb874732d-GrpcLogAppender: Wait interrupted by java.lang.InterruptedException
2019-10-16 11:35:36,955 [org.apache.ratis.server.impl.LogAppender$AppenderDaemon$$Lambda$440/538065296@4c3ae723] WARN  server.GrpcLogAppender (GrpcLogAppender.java:mayWait(149)) - 70b633f6-b230-4b9f-87f3-510da88f1e08@group-2077DD483DC7->163587bb-2c3b-4498-b576-18147cf38274-GrpcLogAppender: Wait interrupted by java.lang.InterruptedException
2019-10-16 11:35:36,955 [grpc-default-executor-2] INFO  impl.PendingRequests (PendingRequests.java:sendNotLeaderResponses(202)) - 70b633f6-b230-4b9f-87f3-510da88f1e08@group-2077DD483DC7-PendingRequests: sendNotLeaderResponses
2019-10-16 11:35:36,956 [grpc-default-executor-2] INFO  impl.RoleInfo (RoleInfo.java:updateAndGet(143)) - 70b633f6-b230-4b9f-87f3-510da88f1e08: start FollowerState
2019-10-16 11:35:36,957 [grpc-default-executor-6] INFO  server.GrpcServerProtocolService (GrpcServerProtocolService.java:onCompleted(113)) - 163587bb-2c3b-4498-b576-18147cf38274: Completed APPEND_ENTRIES, lastRequest: 70b633f6-b230-4b9f-87f3-510da88f1e08->163587bb-2c3b-4498-b576-18147cf38274#0-t3, previous=(t:0, i:0), leaderCommit=-1, initializing? false, entries: <empty>
2019-10-16 11:35:36,960 [f94c755f-9f95-40b5-85b9-5e712f3f34e7@group-B3673A53AB6F-LeaderElection16] INFO  impl.RoleInfo (RoleInfo.java:updateAndGet(143)) - f94c755f-9f95-40b5-85b9-5e712f3f34e7: start LeaderState
2019-10-16 11:35:36,960 [grpc-default-executor-5] INFO  server.GrpcLogAppender (GrpcLogAppender.java:onCompleted(308)) - 163587bb-2c3b-4498-b576-18147cf38274@group-2077DD483DC7->70b633f6-b230-4b9f-87f3-510da88f1e08-AppendLogResponseHandler: follower responses appendEntries COMPLETED
2019-10-16 11:35:36,960 [f94c755f-9f95-40b5-85b9-5e712f3f34e7@group-B3673A53AB6F-LeaderElection16] INFO  segmented.SegmentedRaftLogWorker (SegmentedRaftLogWorker.java:startLogSegment(385)) - f94c755f-9f95-40b5-85b9-5e712f3f34e7@group-B3673A53AB6F-SegmentedRaftLogWorker: Starting segment from index:0
2019-10-16 11:35:36,962 [grpc-default-executor-4] INFO  server.GrpcLogAppender (GrpcLogAppender.java:onCompleted(308)) - 163587bb-2c3b-4498-b576-18147cf38274@group-2077DD483DC7->a3132885-145f-4a8c-85f4-c10eb874732d-AppendLogResponseHandler: follower responses appendEntries COMPLETED
2019-10-16 11:35:36,962 [f94c755f-9f95-40b5-85b9-5e712f3f34e7@group-B3673A53AB6F-LeaderElection16] INFO  impl.RaftServerImpl (ServerState.java:setRaftConf(357)) - f94c755f-9f95-40b5-85b9-5e712f3f34e7@group-B3673A53AB6F: set configuration 0: [f94c755f-9f95-40b5-85b9-5e712f3f34e7:192.168.157.203:45275, 1ee6da7b-5867-4bad-ba0d-a2cfd13fd72a:192.168.157.203:35892, 4281bf39-36db-462c-8bc9-3c86cb645344:192.168.157.203:42381], old=null at 0
2019-10-16 11:35:36,963 [grpc-default-executor-5] INFO  impl.FollowerInfo (FollowerInfo.java:lambda$new$0(51)) - 163587bb-2c3b-4498-b576-18147cf38274@group-2077DD483DC7->70b633f6-b230-4b9f-87f3-510da88f1e08: nextIndex: updateUnconditionally 0 -> 0
2019-10-16 11:35:36,989 [1ee6da7b-5867-4bad-ba0d-a2cfd13fd72a@group-B3673A53AB6F-LeaderElection18] INFO  impl.LeaderElection (LeaderElection.java:logAndReturn(56)) - 1ee6da7b-5867-4bad-ba0d-a2cfd13fd72a@group-B3673A53AB6F-LeaderElection18: Election TIMEOUT; received 0 response(s) [] and 0 exception(s); 1ee6da7b-5867-4bad-ba0d-a2cfd13fd72a@group-B3673A53AB6F:t4, leader=null, voted=1ee6da7b-5867-4bad-ba0d-a2cfd13fd72a, raftlog=1ee6da7b-5867-4bad-ba0d-a2cfd13fd72a@group-B3673A53AB6F-SegmentedRaftLog:OPENED:c-1,f-1,i0, conf=-1: [f94c755f-9f95-40b5-85b9-5e712f3f34e7:192.168.157.203:45275, 1ee6da7b-5867-4bad-ba0d-a2cfd13fd72a:192.168.157.203:35892, 4281bf39-36db-462c-8bc9-3c86cb645344:192.168.157.203:42381], old=null
2019-10-16 11:35:36,992 [grpc-default-executor-3] INFO  impl.RaftServerImpl (ServerState.java:setLeader(256)) - f94c755f-9f95-40b5-85b9-5e712f3f34e7@group-B3673A53AB6F: change Leader from f94c755f-9f95-40b5-85b9-5e712f3f34e7 to null at term 4 for updateCurrentTerm
2019-10-16 11:35:36,992 [grpc-default-executor-3] INFO  impl.RaftServerImpl (RaftServerImpl.java:setRole(184)) - f94c755f-9f95-40b5-85b9-5e712f3f34e7@group-B3673A53AB6F: changes role from    LEADER to FOLLOWER at term 4 for recognizeCandidate:1ee6da7b-5867-4bad-ba0d-a2cfd13fd72a
2019-10-16 11:35:36,992 [grpc-default-executor-3] INFO  impl.RoleInfo (RoleInfo.java:shutdownLeaderState(104)) - f94c755f-9f95-40b5-85b9-5e712f3f34e7: shutdown LeaderState
2019-10-16 11:35:36,994 [Thread-393] INFO  impl.FollowerState (FollowerState.java:run(108)) - 411bb2a3-40ef-4fc0-81ca-4490e6d37035@group-8BBDE5791A04-FollowerState: change to CANDIDATE, lastRpcTime:154ms, electionTimeout:154ms
2019-10-16 11:35:36,998 [grpc-default-executor-3] INFO  impl.PendingRequests (PendingRequests.java:sendNotLeaderResponses(202)) - f94c755f-9f95-40b5-85b9-5e712f3f34e7@group-B3673A53AB6F-PendingRequests: sendNotLeaderResponses
2019-10-16 11:35:37,000 [Thread-393] INFO  impl.RoleInfo (RoleInfo.java:shutdownFollowerState(121)) - 411bb2a3-40ef-4fc0-81ca-4490e6d37035: shutdown FollowerState
2019-10-16 11:35:37,002 [grpc-default-executor-3] INFO  impl.RoleInfo (RoleInfo.java:updateAndGet(143)) - f94c755f-9f95-40b5-85b9-5e712f3f34e7: start FollowerState
2019-10-16 11:35:37,000 [a3132885-145f-4a8c-85f4-c10eb874732d@group-2077DD483DC7-LeaderElection17] INFO  impl.LeaderElection (LeaderElection.java:askForVotes(178)) - a3132885-145f-4a8c-85f4-c10eb874732d@group-2077DD483DC7-LeaderElection17: begin an election at term 5 for -1: [163587bb-2c3b-4498-b576-18147cf38274:192.168.157.203:33208, a3132885-145f-4a8c-85f4-c10eb874732d:192.168.157.203:46766, 70b633f6-b230-4b9f-87f3-510da88f1e08:192.168.157.203:43163], old=null
2019-10-16 11:35:37,000 [grpc-default-executor-5] INFO  server.GrpcServerProtocolService (GrpcServerProtocolService.java:onCompleted(113)) - a3132885-145f-4a8c-85f4-c10eb874732d: Completed APPEND_ENTRIES, lastRequest: 70b633f6-b230-4b9f-87f3-510da88f1e08->a3132885-145f-4a8c-85f4-c10eb874732d#0-t3, previous=(t:0, i:0), leaderCommit=-1, initializing? false, entries: <empty>
2019-10-16 11:35:37,002 [org.apache.ratis.server.impl.LogAppender$AppenderDaemon$$Lambda$440/538065296@47c98eda] WARN  server.GrpcLogAppender (GrpcLogAppender.java:mayWait(149)) - f94c755f-9f95-40b5-85b9-5e712f3f34e7@group-B3673A53AB6F->4281bf39-36db-462c-8bc9-3c86cb645344-GrpcLogAppender: Wait interrupted by java.lang.InterruptedException
2019-10-16 11:35:37,002 [f94c755f-9f95-40b5-85b9-5e712f3f34e7@group-B3673A53AB6F-SegmentedRaftLogWorker] INFO  segmented.SegmentedRaftLogWorker (SegmentedRaftLogWorker.java:execute(576)) - f94c755f-9f95-40b5-85b9-5e712f3f34e7@group-B3673A53AB6F-SegmentedRaftLogWorker: created new log segment /workdir/hadoop-ozone/integration-test/target/test-dir/MiniOzoneClusterImpl-d10f3a9c-4fd6-4949-a3ff-490e135742c9/datanode-5/data/ratis/94c21100-ff80-4f17-b629-b3673a53ab6f/current/log_inprogress_0
2019-10-16 11:35:37,002 [Thread-393] INFO  impl.RaftServerImpl (RaftServerImpl.java:setRole(184)) - 411bb2a3-40ef-4fc0-81ca-4490e6d37035@group-8BBDE5791A04: changes role from  FOLLOWER to CANDIDATE at term 0 for changeToCandidate
2019-10-16 11:35:37,002 [org.apache.ratis.server.impl.LogAppender$AppenderDaemon$$Lambda$440/538065296@76f57a4a] WARN  server.GrpcLogAppender (GrpcLogAppender.java:mayWait(149)) - f94c755f-9f95-40b5-85b9-5e712f3f34e7@group-B3673A53AB6F->1ee6da7b-5867-4bad-ba0d-a2cfd13fd72a-GrpcLogAppender: Wait interrupted by java.lang.InterruptedException
2019-10-16 11:35:37,004 [Thread-393] INFO  impl.RoleInfo (RoleInfo.java:updateAndGet(143)) - 411bb2a3-40ef-4fc0-81ca-4490e6d37035: start LeaderElection
2019-10-16 11:35:37,010 [grpc-default-executor-6] INFO  server.GrpcLogAppender (GrpcLogAppender.java:onCompleted(308)) - 70b633f6-b230-4b9f-87f3-510da88f1e08@group-2077DD483DC7->163587bb-2c3b-4498-b576-18147cf38274-AppendLogResponseHandler: follower responses appendEntries COMPLETED
2019-10-16 11:35:37,013 [857fec05-692a-4d09-bf1c-7d167682feae@group-8BBDE5791A04-LeaderElection19] INFO  impl.LeaderElection (LeaderElection.java:logAndReturn(56)) - 857fec05-692a-4d09-bf1c-7d167682feae@group-8BBDE5791A04-LeaderElection19: Election TIMEOUT; received 0 response(s) [] and 0 exception(s); 857fec05-692a-4d09-bf1c-7d167682feae@group-8BBDE5791A04:t1, leader=null, voted=857fec05-692a-4d09-bf1c-7d167682feae, raftlog=857fec05-692a-4d09-bf1c-7d167682feae@group-8BBDE5791A04-SegmentedRaftLog:OPENED:c-1,f-1,i0, conf=-1: [411bb2a3-40ef-4fc0-81ca-4490e6d37035:192.168.157.203:44746, 857fec05-692a-4d09-bf1c-7d167682feae:192.168.157.203:37664, 5c445d34-c031-481c-9d4b-8fbace1f61b8:192.168.157.203:37070], old=null
2019-10-16 11:35:37,015 [grpc-default-executor-1] INFO  server.GrpcLogAppender (GrpcLogAppender.java:onCompleted(308)) - 70b633f6-b230-4b9f-87f3-510da88f1e08@group-2077DD483DC7->a3132885-145f-4a8c-85f4-c10eb874732d-AppendLogResponseHandler: follower responses appendEntries COMPLETED
2019-10-16 11:35:37,016 [grpc-default-executor-4] INFO  impl.FollowerInfo (FollowerInfo.java:lambda$new$0(51)) - 163587bb-2c3b-4498-b576-18147cf38274@group-2077DD483DC7->a3132885-145f-4a8c-85f4-c10eb874732d: nextIndex: updateUnconditionally 0 -> 0
2019-10-16 11:35:37,017 [1ee6da7b-5867-4bad-ba0d-a2cfd13fd72a@group-B3673A53AB6F-LeaderElection18] INFO  impl.LeaderElection (LeaderElection.java:askForVotes(178)) - 1ee6da7b-5867-4bad-ba0d-a2cfd13fd72a@group-B3673A53AB6F-LeaderElection18: begin an election at term 5 for -1: [f94c755f-9f95-40b5-85b9-5e712f3f34e7:192.168.157.203:45275, 1ee6da7b-5867-4bad-ba0d-a2cfd13fd72a:192.168.157.203:35892, 4281bf39-36db-462c-8bc9-3c86cb645344:192.168.157.203:42381], old=null
2019-10-16 11:35:37,018 [grpc-default-executor-2] INFO  server.GrpcServerProtocolService (GrpcServerProtocolService.java:onCompleted(113)) - 1ee6da7b-5867-4bad-ba0d-a2cfd13fd72a: Completed APPEND_ENTRIES, lastRequest: null
2019-10-16 11:35:37,020 [grpc-default-executor-6] INFO  impl.FollowerInfo (FollowerInfo.java:lambda$new$0(51)) - 70b633f6-b230-4b9f-87f3-510da88f1e08@group-2077DD483DC7->163587bb-2c3b-4498-b576-18147cf38274: nextIndex: updateUnconditionally 0 -> 0
2019-10-16 11:35:37,024 [grpc-default-executor-5] INFO  impl.RaftServerImpl (RaftServerImpl.java:setRole(184)) - 163587bb-2c3b-4498-b576-18147cf38274@group-2077DD483DC7: changes role from  FOLLOWER to FOLLOWER at term 5 for recognizeCandidate:a3132885-145f-4a8c-85f4-c10eb874732d
2019-10-16 11:35:37,024 [grpc-default-executor-5] INFO  impl.RoleInfo (RoleInfo.java:shutdownFollowerState(121)) - 163587bb-2c3b-4498-b576-18147cf38274: shutdown FollowerState
2019-10-16 11:35:37,025 [Thread-421] INFO  impl.FollowerState (FollowerState.java:run(117)) - 163587bb-2c3b-4498-b576-18147cf38274@group-2077DD483DC7-FollowerState was interrupted: java.lang.InterruptedException: sleep interrupted
2019-10-16 11:35:37,025 [grpc-default-executor-5] INFO  impl.RoleInfo (RoleInfo.java:updateAndGet(143)) - 163587bb-2c3b-4498-b576-18147cf38274: start FollowerState
2019-10-16 11:35:37,026 [grpc-default-executor-4] INFO  impl.RaftServerImpl (RaftServerImpl.java:setRole(184)) - 4281bf39-36db-462c-8bc9-3c86cb645344@group-B3673A53AB6F: changes role from  FOLLOWER to FOLLOWER at term 5 for recognizeCandidate:1ee6da7b-5867-4bad-ba0d-a2cfd13fd72a
2019-10-16 11:35:37,027 [grpc-default-executor-1] INFO  impl.FollowerInfo (FollowerInfo.java:lambda$new$0(51)) - 70b633f6-b230-4b9f-87f3-510da88f1e08@group-2077DD483DC7->a3132885-145f-4a8c-85f4-c10eb874732d: nextIndex: updateUnconditionally 0 -> 0
2019-10-16 11:35:37,029 [grpc-default-executor-4] INFO  impl.RoleInfo (RoleInfo.java:shutdownFollowerState(121)) - 4281bf39-36db-462c-8bc9-3c86cb645344: shutdown FollowerState
2019-10-16 11:35:37,031 [Thread-420] INFO  impl.FollowerState (FollowerState.java:run(117)) - 4281bf39-36db-462c-8bc9-3c86cb645344@group-B3673A53AB6F-FollowerState was interrupted: java.lang.InterruptedException: sleep interrupted
2019-10-16 11:35:37,031 [grpc-default-executor-4] INFO  impl.RoleInfo (RoleInfo.java:updateAndGet(143)) - 4281bf39-36db-462c-8bc9-3c86cb645344: start FollowerState
2019-10-16 11:35:37,033 [411bb2a3-40ef-4fc0-81ca-4490e6d37035@group-8BBDE5791A04-LeaderElection21] INFO  impl.LeaderElection (LeaderElection.java:askForVotes(178)) - 411bb2a3-40ef-4fc0-81ca-4490e6d37035@group-8BBDE5791A04-LeaderElection21: begin an election at term 1 for -1: [411bb2a3-40ef-4fc0-81ca-4490e6d37035:192.168.157.203:44746, 857fec05-692a-4d09-bf1c-7d167682feae:192.168.157.203:37664, 5c445d34-c031-481c-9d4b-8fbace1f61b8:192.168.157.203:37070], old=null
2019-10-16 11:35:37,033 [857fec05-692a-4d09-bf1c-7d167682feae@group-8BBDE5791A04-LeaderElection19] INFO  impl.LeaderElection (LeaderElection.java:askForVotes(178)) - 857fec05-692a-4d09-bf1c-7d167682feae@group-8BBDE5791A04-LeaderElection19: begin an election at term 2 for -1: [411bb2a3-40ef-4fc0-81ca-4490e6d37035:192.168.157.203:44746, 857fec05-692a-4d09-bf1c-7d167682feae:192.168.157.203:37664, 5c445d34-c031-481c-9d4b-8fbace1f61b8:192.168.157.203:37070], old=null
2019-10-16 11:35:37,035 [grpc-default-executor-2] INFO  server.GrpcLogAppender (GrpcLogAppender.java:onCompleted(308)) - f94c755f-9f95-40b5-85b9-5e712f3f34e7@group-B3673A53AB6F->1ee6da7b-5867-4bad-ba0d-a2cfd13fd72a-AppendLogResponseHandler: follower responses appendEntries COMPLETED
2019-10-16 11:35:37,044 [5c445d34-c031-481c-9d4b-8fbace1f61b8@group-8BBDE5791A04-LeaderElection20] INFO  impl.LeaderElection (LeaderElection.java:logAndReturn(56)) - 5c445d34-c031-481c-9d4b-8fbace1f61b8@group-8BBDE5791A04-LeaderElection20: Election DISCOVERED_A_NEW_TERM; received 1 response(s) [5c445d34-c031-481c-9d4b-8fbace1f61b8<-857fec05-692a-4d09-bf1c-7d167682feae#0:FAIL-t2] and 0 exception(s); 5c445d34-c031-481c-9d4b-8fbace1f61b8@group-8BBDE5791A04:t1, leader=null, voted=5c445d34-c031-481c-9d4b-8fbace1f61b8, raftlog=5c445d34-c031-481c-9d4b-8fbace1f61b8@group-8BBDE5791A04-SegmentedRaftLog:OPENED:c-1,f-1,i0, conf=-1: [411bb2a3-40ef-4fc0-81ca-4490e6d37035:192.168.157.203:44746, 857fec05-692a-4d09-bf1c-7d167682feae:192.168.157.203:37664, 5c445d34-c031-481c-9d4b-8fbace1f61b8:192.168.157.203:37070], old=null
2019-10-16 11:35:37,044 [grpc-default-executor-1] INFO  impl.RaftServerImpl (RaftServerImpl.java:setRole(184)) - 70b633f6-b230-4b9f-87f3-510da88f1e08@group-2077DD483DC7: changes role from  FOLLOWER to FOLLOWER at term 5 for recognizeCandidate:a3132885-145f-4a8c-85f4-c10eb874732d
2019-10-16 11:35:37,045 [5c445d34-c031-481c-9d4b-8fbace1f61b8@group-8BBDE5791A04-LeaderElection20] INFO  impl.RaftServerImpl (RaftServerImpl.java:setRole(184)) - 5c445d34-c031-481c-9d4b-8fbace1f61b8@group-8BBDE5791A04: changes role from CANDIDATE to FOLLOWER at term 2 for DISCOVERED_A_NEW_TERM
2019-10-16 11:35:37,047 [5c445d34-c031-481c-9d4b-8fbace1f61b8@group-8BBDE5791A04-LeaderElection20] INFO  impl.RoleInfo (RoleInfo.java:shutdownLeaderElection(134)) - 5c445d34-c031-481c-9d4b-8fbace1f61b8: shutdown LeaderElection
2019-10-16 11:35:37,046 [grpc-default-executor-1] INFO  impl.RoleInfo (RoleInfo.java:shutdownFollowerState(121)) - 70b633f6-b230-4b9f-87f3-510da88f1e08: shutdown FollowerState
2019-10-16 11:35:37,047 [5c445d34-c031-481c-9d4b-8fbace1f61b8@group-8BBDE5791A04-LeaderElection20] INFO  impl.RoleInfo (RoleInfo.java:updateAndGet(143)) - 5c445d34-c031-481c-9d4b-8fbace1f61b8: start FollowerState
2019-10-16 11:35:37,049 [Thread-427] INFO  impl.FollowerState (FollowerState.java:run(117)) - 70b633f6-b230-4b9f-87f3-510da88f1e08@group-2077DD483DC7-FollowerState was interrupted: java.lang.InterruptedException: sleep interrupted
2019-10-16 11:35:37,049 [grpc-default-executor-1] INFO  impl.RoleInfo (RoleInfo.java:updateAndGet(143)) - 70b633f6-b230-4b9f-87f3-510da88f1e08: start FollowerState
2019-10-16 11:35:37,051 [grpc-default-executor-6] INFO  server.GrpcServerProtocolService (GrpcServerProtocolService.java:onCompleted(113)) - 4281bf39-36db-462c-8bc9-3c86cb645344: Completed APPEND_ENTRIES, lastRequest: f94c755f-9f95-40b5-85b9-5e712f3f34e7->4281bf39-36db-462c-8bc9-3c86cb645344#0-t3, previous=(t:0, i:0), leaderCommit=-1, initializing? false, entries: <empty>
2019-10-16 11:35:37,053 [grpc-default-executor-5] INFO  impl.RaftServerImpl (RaftServerImpl.java:setRole(184)) - f94c755f-9f95-40b5-85b9-5e712f3f34e7@group-B3673A53AB6F: changes role from  FOLLOWER to FOLLOWER at term 5 for recognizeCandidate:1ee6da7b-5867-4bad-ba0d-a2cfd13fd72a
2019-10-16 11:35:37,053 [grpc-default-executor-5] INFO  impl.RoleInfo (RoleInfo.java:shutdownFollowerState(121)) - f94c755f-9f95-40b5-85b9-5e712f3f34e7: shutdown FollowerState
2019-10-16 11:35:37,053 [Thread-429] INFO  impl.FollowerState (FollowerState.java:run(117)) - f94c755f-9f95-40b5-85b9-5e712f3f34e7@group-B3673A53AB6F-FollowerState was interrupted: java.lang.InterruptedException: sleep interrupted
2019-10-16 11:35:37,053 [grpc-default-executor-5] INFO  impl.RoleInfo (RoleInfo.java:updateAndGet(143)) - f94c755f-9f95-40b5-85b9-5e712f3f34e7: start FollowerState
2019-10-16 11:35:37,056 [grpc-default-executor-2] INFO  impl.FollowerInfo (FollowerInfo.java:lambda$new$0(51)) - f94c755f-9f95-40b5-85b9-5e712f3f34e7@group-B3673A53AB6F->1ee6da7b-5867-4bad-ba0d-a2cfd13fd72a: nextIndex: updateUnconditionally 0 -> 0
2019-10-16 11:35:37,059 [grpc-default-executor-3] INFO  impl.RaftServerImpl (RaftServerImpl.java:setRole(184)) - 411bb2a3-40ef-4fc0-81ca-4490e6d37035@group-8BBDE5791A04: changes role from CANDIDATE to FOLLOWER at term 2 for recognizeCandidate:857fec05-692a-4d09-bf1c-7d167682feae
2019-10-16 11:35:37,059 [grpc-default-executor-3] INFO  impl.RoleInfo (RoleInfo.java:shutdownLeaderElection(134)) - 411bb2a3-40ef-4fc0-81ca-4490e6d37035: shutdown LeaderElection
2019-10-16 11:35:37,059 [grpc-default-executor-3] INFO  impl.RoleInfo (RoleInfo.java:updateAndGet(143)) - 411bb2a3-40ef-4fc0-81ca-4490e6d37035: start FollowerState
2019-10-16 11:35:37,061 [411bb2a3-40ef-4fc0-81ca-4490e6d37035@group-8BBDE5791A04-LeaderElection21] INFO  impl.LeaderElection (LeaderElection.java:logAndReturn(56)) - 411bb2a3-40ef-4fc0-81ca-4490e6d37035@group-8BBDE5791A04-LeaderElection21: Election DISCOVERED_A_NEW_TERM; received 1 response(s) [411bb2a3-40ef-4fc0-81ca-4490e6d37035<-857fec05-692a-4d09-bf1c-7d167682feae#0:FAIL-t2] and 0 exception(s); 411bb2a3-40ef-4fc0-81ca-4490e6d37035@group-8BBDE5791A04:t2, leader=null, voted=null, raftlog=411bb2a3-40ef-4fc0-81ca-4490e6d37035@group-8BBDE5791A04-SegmentedRaftLog:OPENED:c-1,f-1,i0, conf=-1: [411bb2a3-40ef-4fc0-81ca-4490e6d37035:192.168.157.203:44746, 857fec05-692a-4d09-bf1c-7d167682feae:192.168.157.203:37664, 5c445d34-c031-481c-9d4b-8fbace1f61b8:192.168.157.203:37070], old=null
2019-10-16 11:35:37,063 [857fec05-692a-4d09-bf1c-7d167682feae@group-8BBDE5791A04-LeaderElection19] INFO  impl.LeaderElection (LeaderElection.java:logAndReturn(56)) - 857fec05-692a-4d09-bf1c-7d167682feae@group-8BBDE5791A04-LeaderElection19: Election TIMEOUT; received 0 response(s) [] and 0 exception(s); 857fec05-692a-4d09-bf1c-7d167682feae@group-8BBDE5791A04:t2, leader=null, voted=857fec05-692a-4d09-bf1c-7d167682feae, raftlog=857fec05-692a-4d09-bf1c-7d167682feae@group-8BBDE5791A04-SegmentedRaftLog:OPENED:c-1,f-1,i0, conf=-1: [411bb2a3-40ef-4fc0-81ca-4490e6d37035:192.168.157.203:44746, 857fec05-692a-4d09-bf1c-7d167682feae:192.168.157.203:37664, 5c445d34-c031-481c-9d4b-8fbace1f61b8:192.168.157.203:37070], old=null
2019-10-16 11:35:37,085 [a3132885-145f-4a8c-85f4-c10eb874732d@group-2077DD483DC7-LeaderElection17] INFO  impl.LeaderElection (LeaderElection.java:logAndReturn(56)) - a3132885-145f-4a8c-85f4-c10eb874732d@group-2077DD483DC7-LeaderElection17: Election TIMEOUT; received 1 response(s) [a3132885-145f-4a8c-85f4-c10eb874732d<-163587bb-2c3b-4498-b576-18147cf38274#0:FAIL-t5] and 0 exception(s); a3132885-145f-4a8c-85f4-c10eb874732d@group-2077DD483DC7:t5, leader=null, voted=a3132885-145f-4a8c-85f4-c10eb874732d, raftlog=a3132885-145f-4a8c-85f4-c10eb874732d@group-2077DD483DC7-SegmentedRaftLog:OPENED:c-1,f-1,i0, conf=-1: [163587bb-2c3b-4498-b576-18147cf38274:192.168.157.203:33208, a3132885-145f-4a8c-85f4-c10eb874732d:192.168.157.203:46766, 70b633f6-b230-4b9f-87f3-510da88f1e08:192.168.157.203:43163], old=null
2019-10-16 11:35:37,091 [857fec05-692a-4d09-bf1c-7d167682feae@group-8BBDE5791A04-LeaderElection19] INFO  impl.LeaderElection (LeaderElection.java:askForVotes(178)) - 857fec05-692a-4d09-bf1c-7d167682feae@group-8BBDE5791A04-LeaderElection19: begin an election at term 3 for -1: [411bb2a3-40ef-4fc0-81ca-4490e6d37035:192.168.157.203:44746, 857fec05-692a-4d09-bf1c-7d167682feae:192.168.157.203:37664, 5c445d34-c031-481c-9d4b-8fbace1f61b8:192.168.157.203:37070], old=null
2019-10-16 11:35:37,092 [grpc-default-executor-6] INFO  impl.RaftServerImpl (RaftServerImpl.java:setRole(184)) - 5c445d34-c031-481c-9d4b-8fbace1f61b8@group-8BBDE5791A04: changes role from  FOLLOWER to FOLLOWER at term 2 for recognizeCandidate:857fec05-692a-4d09-bf1c-7d167682feae
2019-10-16 11:35:37,092 [grpc-default-executor-0] INFO  server.GrpcLogAppender (GrpcLogAppender.java:onCompleted(308)) - f94c755f-9f95-40b5-85b9-5e712f3f34e7@group-B3673A53AB6F->4281bf39-36db-462c-8bc9-3c86cb645344-AppendLogResponseHandler: follower responses appendEntries COMPLETED
2019-10-16 11:35:37,099 [grpc-default-executor-6] INFO  impl.RoleInfo (RoleInfo.java:shutdownFollowerState(121)) - 5c445d34-c031-481c-9d4b-8fbace1f61b8: shutdown FollowerState
2019-10-16 11:35:37,101 [grpc-default-executor-6] INFO  impl.RoleInfo (RoleInfo.java:updateAndGet(143)) - 5c445d34-c031-481c-9d4b-8fbace1f61b8: start FollowerState
2019-10-16 11:35:37,102 [1ee6da7b-5867-4bad-ba0d-a2cfd13fd72a@group-B3673A53AB6F-LeaderElection18] INFO  impl.LeaderElection (LeaderElection.java:logAndReturn(56)) - 1ee6da7b-5867-4bad-ba0d-a2cfd13fd72a@group-B3673A53AB6F-LeaderElection18: Election REJECTED; received 2 response(s) [1ee6da7b-5867-4bad-ba0d-a2cfd13fd72a<-f94c755f-9f95-40b5-85b9-5e712f3f34e7#0:FAIL-t5, 1ee6da7b-5867-4bad-ba0d-a2cfd13fd72a<-4281bf39-36db-462c-8bc9-3c86cb645344#0:FAIL-t5] and 0 exception(s); 1ee6da7b-5867-4bad-ba0d-a2cfd13fd72a@group-B3673A53AB6F:t5, leader=null, voted=1ee6da7b-5867-4bad-ba0d-a2cfd13fd72a, raftlog=1ee6da7b-5867-4bad-ba0d-a2cfd13fd72a@group-B3673A53AB6F-SegmentedRaftLog:OPENED:c-1,f-1,i0, conf=-1: [f94c755f-9f95-40b5-85b9-5e712f3f34e7:192.168.157.203:45275, 1ee6da7b-5867-4bad-ba0d-a2cfd13fd72a:192.168.157.203:35892, 4281bf39-36db-462c-8bc9-3c86cb645344:192.168.157.203:42381], old=null
2019-10-16 11:35:37,102 [1ee6da7b-5867-4bad-ba0d-a2cfd13fd72a@group-B3673A53AB6F-LeaderElection18] INFO  impl.RaftServerImpl (RaftServerImpl.java:setRole(184)) - 1ee6da7b-5867-4bad-ba0d-a2cfd13fd72a@group-B3673A53AB6F: changes role from CANDIDATE to FOLLOWER at term 5 for DISCOVERED_A_NEW_TERM
2019-10-16 11:35:37,102 [1ee6da7b-5867-4bad-ba0d-a2cfd13fd72a@group-B3673A53AB6F-LeaderElection18] INFO  impl.RoleInfo (RoleInfo.java:shutdownLeaderElection(134)) - 1ee6da7b-5867-4bad-ba0d-a2cfd13fd72a: shutdown LeaderElection
2019-10-16 11:35:37,103 [1ee6da7b-5867-4bad-ba0d-a2cfd13fd72a@group-B3673A53AB6F-LeaderElection18] INFO  impl.RoleInfo (RoleInfo.java:updateAndGet(143)) - 1ee6da7b-5867-4bad-ba0d-a2cfd13fd72a: start FollowerState
2019-10-16 11:35:37,103 [grpc-default-executor-0] INFO  impl.FollowerInfo (FollowerInfo.java:lambda$new$0(51)) - f94c755f-9f95-40b5-85b9-5e712f3f34e7@group-B3673A53AB6F->4281bf39-36db-462c-8bc9-3c86cb645344: nextIndex: updateUnconditionally 0 -> 0
2019-10-16 11:35:37,105 [grpc-default-executor-5] INFO  impl.RaftServerImpl (RaftServerImpl.java:setRole(184)) - 411bb2a3-40ef-4fc0-81ca-4490e6d37035@group-8BBDE5791A04: changes role from  FOLLOWER to FOLLOWER at term 3 for recognizeCandidate:857fec05-692a-4d09-bf1c-7d167682feae
2019-10-16 11:35:37,105 [grpc-default-executor-5] INFO  impl.RoleInfo (RoleInfo.java:shutdownFollowerState(121)) - 411bb2a3-40ef-4fc0-81ca-4490e6d37035: shutdown FollowerState
2019-10-16 11:35:37,105 [grpc-default-executor-5] INFO  impl.RoleInfo (RoleInfo.java:updateAndGet(143)) - 411bb2a3-40ef-4fc0-81ca-4490e6d37035: start FollowerState
2019-10-16 11:35:37,105 [Thread-444] INFO  impl.FollowerState (FollowerState.java:run(117)) - 411bb2a3-40ef-4fc0-81ca-4490e6d37035@group-8BBDE5791A04-FollowerState was interrupted: java.lang.InterruptedException: sleep interrupted
2019-10-16 11:35:37,114 [a3132885-145f-4a8c-85f4-c10eb874732d@group-2077DD483DC7-LeaderElection17] INFO  impl.LeaderElection (LeaderElection.java:askForVotes(178)) - a3132885-145f-4a8c-85f4-c10eb874732d@group-2077DD483DC7-LeaderElection17: begin an election at term 6 for -1: [163587bb-2c3b-4498-b576-18147cf38274:192.168.157.203:33208, a3132885-145f-4a8c-85f4-c10eb874732d:192.168.157.203:46766, 70b633f6-b230-4b9f-87f3-510da88f1e08:192.168.157.203:43163], old=null
2019-10-16 11:35:37,114 [grpc-default-executor-3] INFO  impl.RaftServerImpl (RaftServerImpl.java:setRole(184)) - 5c445d34-c031-481c-9d4b-8fbace1f61b8@group-8BBDE5791A04: changes role from  FOLLOWER to FOLLOWER at term 3 for recognizeCandidate:857fec05-692a-4d09-bf1c-7d167682feae
2019-10-16 11:35:37,114 [grpc-default-executor-3] INFO  impl.RoleInfo (RoleInfo.java:shutdownFollowerState(121)) - 5c445d34-c031-481c-9d4b-8fbace1f61b8: shutdown FollowerState
2019-10-16 11:35:37,114 [Thread-447] INFO  impl.FollowerState (FollowerState.java:run(117)) - 5c445d34-c031-481c-9d4b-8fbace1f61b8@group-8BBDE5791A04-FollowerState was interrupted: java.lang.InterruptedException: sleep interrupted
2019-10-16 11:35:37,114 [grpc-default-executor-3] INFO  impl.RoleInfo (RoleInfo.java:updateAndGet(143)) - 5c445d34-c031-481c-9d4b-8fbace1f61b8: start FollowerState
2019-10-16 11:35:37,117 [857fec05-692a-4d09-bf1c-7d167682feae@group-8BBDE5791A04-LeaderElection19] INFO  impl.LeaderElection (LeaderElection.java:logAndReturn(56)) - 857fec05-692a-4d09-bf1c-7d167682feae@group-8BBDE5791A04-LeaderElection19: Election PASSED; received 1 response(s) [857fec05-692a-4d09-bf1c-7d167682feae<-411bb2a3-40ef-4fc0-81ca-4490e6d37035#0:OK-t3] and 0 exception(s); 857fec05-692a-4d09-bf1c-7d167682feae@group-8BBDE5791A04:t3, leader=null, voted=857fec05-692a-4d09-bf1c-7d167682feae, raftlog=857fec05-692a-4d09-bf1c-7d167682feae@group-8BBDE5791A04-SegmentedRaftLog:OPENED:c-1,f-1,i0, conf=-1: [411bb2a3-40ef-4fc0-81ca-4490e6d37035:192.168.157.203:44746, 857fec05-692a-4d09-bf1c-7d167682feae:192.168.157.203:37664, 5c445d34-c031-481c-9d4b-8fbace1f61b8:192.168.157.203:37070], old=null
2019-10-16 11:35:37,117 [857fec05-692a-4d09-bf1c-7d167682feae@group-8BBDE5791A04-LeaderElection19] INFO  impl.RoleInfo (RoleInfo.java:shutdownLeaderElection(134)) - 857fec05-692a-4d09-bf1c-7d167682feae: shutdown LeaderElection
2019-10-16 11:35:37,117 [857fec05-692a-4d09-bf1c-7d167682feae@group-8BBDE5791A04-LeaderElection19] INFO  impl.RaftServerImpl (RaftServerImpl.java:setRole(184)) - 857fec05-692a-4d09-bf1c-7d167682feae@group-8BBDE5791A04: changes role from CANDIDATE to LEADER at term 3 for changeToLeader
2019-10-16 11:35:37,117 [857fec05-692a-4d09-bf1c-7d167682feae@group-8BBDE5791A04-LeaderElection19] INFO  impl.RaftServerImpl (ServerState.java:setLeader(256)) - 857fec05-692a-4d09-bf1c-7d167682feae@group-8BBDE5791A04: change Leader from null to 857fec05-692a-4d09-bf1c-7d167682feae at term 3 for becomeLeader, leader elected after 327ms
2019-10-16 11:35:37,117 [857fec05-692a-4d09-bf1c-7d167682feae@group-8BBDE5791A04-LeaderElection19] INFO  server.RaftServerConfigKeys (ConfUtils.java:logGet(43)) - raft.server.staging.catchup.gap = 1000 (default)
2019-10-16 11:35:37,118 [857fec05-692a-4d09-bf1c-7d167682feae@group-8BBDE5791A04-LeaderElection19] INFO  server.RaftServerConfigKeys (ConfUtils.java:logGet(43)) - raft.server.rpc.sleep.time = 25ms (default)
2019-10-16 11:35:37,118 [857fec05-692a-4d09-bf1c-7d167682feae@group-8BBDE5791A04-LeaderElection19] INFO  server.RaftServerConfigKeys (ConfUtils.java:logGet(43)) - raft.server.write.element-limit = 4096 (default)
2019-10-16 11:35:37,118 [grpc-default-executor-6] INFO  impl.RaftServerImpl (RaftServerImpl.java:setRole(184)) - 70b633f6-b230-4b9f-87f3-510da88f1e08@group-2077DD483DC7: changes role from  FOLLOWER to FOLLOWER at term 6 for recognizeCandidate:a3132885-145f-4a8c-85f4-c10eb874732d
2019-10-16 11:35:37,118 [grpc-default-executor-5] INFO  impl.RaftServerImpl (RaftServerImpl.java:setRole(184)) - 163587bb-2c3b-4498-b576-18147cf38274@group-2077DD483DC7: changes role from  FOLLOWER to FOLLOWER at term 6 for recognizeCandidate:a3132885-145f-4a8c-85f4-c10eb874732d
2019-10-16 11:35:37,124 [grpc-default-executor-6] INFO  impl.RoleInfo (RoleInfo.java:shutdownFollowerState(121)) - 70b633f6-b230-4b9f-87f3-510da88f1e08: shutdown FollowerState
2019-10-16 11:35:37,124 [857fec05-692a-4d09-bf1c-7d167682feae@group-8BBDE5791A04-LeaderElection19] INFO  server.RaftServerConfigKeys (ConfUtils.java:logGet(43)) - raft.server.watch.timeout = 10s (default)
2019-10-16 11:35:37,126 [Thread-442] INFO  impl.FollowerState (FollowerState.java:run(117)) - 70b633f6-b230-4b9f-87f3-510da88f1e08@group-2077DD483DC7-FollowerState was interrupted: java.lang.InterruptedException: sleep interrupted
2019-10-16 11:35:37,126 [grpc-default-executor-6] INFO  impl.RoleInfo (RoleInfo.java:updateAndGet(143)) - 70b633f6-b230-4b9f-87f3-510da88f1e08: start FollowerState
2019-10-16 11:35:37,126 [grpc-default-executor-5] INFO  impl.RoleInfo (RoleInfo.java:shutdownFollowerState(121)) - 163587bb-2c3b-4498-b576-18147cf38274: shutdown FollowerState
2019-10-16 11:35:37,126 [857fec05-692a-4d09-bf1c-7d167682feae@group-8BBDE5791A04-LeaderElection19] INFO  server.RaftServerConfigKeys (ConfUtils.java:logGet(43)) - raft.server.watch.timeout.denomination = 1s (default)
2019-10-16 11:35:37,131 [Thread-435] INFO  impl.FollowerState (FollowerState.java:run(117)) - 163587bb-2c3b-4498-b576-18147cf38274@group-2077DD483DC7-FollowerState was interrupted: java.lang.InterruptedException: sleep interrupted
2019-10-16 11:35:37,131 [grpc-default-executor-5] INFO  impl.RoleInfo (RoleInfo.java:updateAndGet(143)) - 163587bb-2c3b-4498-b576-18147cf38274: start FollowerState
2019-10-16 11:35:37,131 [857fec05-692a-4d09-bf1c-7d167682feae@group-8BBDE5791A04-LeaderElection19] INFO  server.RaftServerConfigKeys (ConfUtils.java:logGet(43)) - raft.server.watch.element-limit = 65536 (default)
2019-10-16 11:35:37,140 [Thread-452] INFO  impl.FollowerState (FollowerState.java:run(108)) - 5c445d34-c031-481c-9d4b-8fbace1f61b8@group-8BBDE5791A04-FollowerState: change to CANDIDATE, lastRpcTime:25ms, electionTimeout:24ms
2019-10-16 11:35:37,140 [Thread-452] INFO  impl.RoleInfo (RoleInfo.java:shutdownFollowerState(121)) - 5c445d34-c031-481c-9d4b-8fbace1f61b8: shutdown FollowerState
2019-10-16 11:35:37,141 [Thread-452] INFO  impl.RaftServerImpl (RaftServerImpl.java:setRole(184)) - 5c445d34-c031-481c-9d4b-8fbace1f61b8@group-8BBDE5791A04: changes role from  FOLLOWER to CANDIDATE at term 3 for changeToCandidate
2019-10-16 11:35:37,141 [Thread-452] INFO  impl.RoleInfo (RoleInfo.java:updateAndGet(143)) - 5c445d34-c031-481c-9d4b-8fbace1f61b8: start LeaderElection
2019-10-16 11:35:37,146 [857fec05-692a-4d09-bf1c-7d167682feae@group-8BBDE5791A04-LeaderElection19] INFO  server.RaftServerConfigKeys (ConfUtils.java:logGet(43)) - raft.server.log.appender.snapshot.chunk.size.max = 16MB (=16777216) (default)
2019-10-16 11:35:37,147 [857fec05-692a-4d09-bf1c-7d167682feae@group-8BBDE5791A04-LeaderElection19] INFO  server.RaftServerConfigKeys (ConfUtils.java:logGet(43)) - raft.server.log.appender.buffer.byte-limit = 33554432 (custom)
2019-10-16 11:35:37,147 [857fec05-692a-4d09-bf1c-7d167682feae@group-8BBDE5791A04-LeaderElection19] INFO  server.RaftServerConfigKeys (ConfUtils.java:logGet(43)) - raft.server.log.appender.buffer.element-limit = 1 (custom)
2019-10-16 11:35:37,147 [a3132885-145f-4a8c-85f4-c10eb874732d@group-2077DD483DC7-LeaderElection17] INFO  impl.LeaderElection (LeaderElection.java:logAndReturn(56)) - a3132885-145f-4a8c-85f4-c10eb874732d@group-2077DD483DC7-LeaderElection17: Election REJECTED; received 2 response(s) [a3132885-145f-4a8c-85f4-c10eb874732d<-163587bb-2c3b-4498-b576-18147cf38274#0:FAIL-t6, a3132885-145f-4a8c-85f4-c10eb874732d<-70b633f6-b230-4b9f-87f3-510da88f1e08#0:FAIL-t6] and 0 exception(s); a3132885-145f-4a8c-85f4-c10eb874732d@group-2077DD483DC7:t6, leader=null, voted=a3132885-145f-4a8c-85f4-c10eb874732d, raftlog=a3132885-145f-4a8c-85f4-c10eb874732d@group-2077DD483DC7-SegmentedRaftLog:OPENED:c-1,f-1,i0, conf=-1: [163587bb-2c3b-4498-b576-18147cf38274:192.168.157.203:33208, a3132885-145f-4a8c-85f4-c10eb874732d:192.168.157.203:46766, 70b633f6-b230-4b9f-87f3-510da88f1e08:192.168.157.203:43163], old=null
2019-10-16 11:35:37,147 [857fec05-692a-4d09-bf1c-7d167682feae@group-8BBDE5791A04-LeaderElection19] INFO  grpc.GrpcConfigKeys$Server (ConfUtils.java:logGet(43)) - raft.grpc.server.leader.outstanding.appends.max = 128 (default)
2019-10-16 11:35:37,147 [a3132885-145f-4a8c-85f4-c10eb874732d@group-2077DD483DC7-LeaderElection17] INFO  impl.RaftServerImpl (RaftServerImpl.java:setRole(184)) - a3132885-145f-4a8c-85f4-c10eb874732d@group-2077DD483DC7: changes role from CANDIDATE to FOLLOWER at term 6 for DISCOVERED_A_NEW_TERM
2019-10-16 11:35:37,149 [857fec05-692a-4d09-bf1c-7d167682feae@group-8BBDE5791A04-LeaderElection19] INFO  server.RaftServerConfigKeys (ConfUtils.java:logGet(43)) - raft.server.rpc.request.timeout = 3000ms (default)
2019-10-16 11:35:37,149 [a3132885-145f-4a8c-85f4-c10eb874732d@group-2077DD483DC7-LeaderElection17] INFO  impl.RoleInfo (RoleInfo.java:shutdownLeaderElection(134)) - a3132885-145f-4a8c-85f4-c10eb874732d: shutdown LeaderElection
2019-10-16 11:35:37,149 [857fec05-692a-4d09-bf1c-7d167682feae@group-8BBDE5791A04-LeaderElection19] INFO  server.RaftServerConfigKeys (ConfUtils.java:logGet(43)) - raft.server.log.appender.install.snapshot.enabled = false (custom)
2019-10-16 11:35:37,149 [a3132885-145f-4a8c-85f4-c10eb874732d@group-2077DD483DC7-LeaderElection17] INFO  impl.RoleInfo (RoleInfo.java:updateAndGet(143)) - a3132885-145f-4a8c-85f4-c10eb874732d: start FollowerState
2019-10-16 11:35:37,151 [857fec05-692a-4d09-bf1c-7d167682feae@group-8BBDE5791A04-LeaderElection19] INFO  server.RaftServerConfigKeys (ConfUtils.java:logGet(43)) - raft.server.log.appender.snapshot.chunk.size.max = 16MB (=16777216) (default)
2019-10-16 11:35:37,152 [857fec05-692a-4d09-bf1c-7d167682feae@group-8BBDE5791A04-LeaderElection19] INFO  server.RaftServerConfigKeys (ConfUtils.java:logGet(43)) - raft.server.log.appender.buffer.byte-limit = 33554432 (custom)
2019-10-16 11:35:37,152 [857fec05-692a-4d09-bf1c-7d167682feae@group-8BBDE5791A04-LeaderElection19] INFO  server.RaftServerConfigKeys (ConfUtils.java:logGet(43)) - raft.server.log.appender.buffer.element-limit = 1 (custom)
2019-10-16 11:35:37,152 [857fec05-692a-4d09-bf1c-7d167682feae@group-8BBDE5791A04-LeaderElection19] INFO  grpc.GrpcConfigKeys$Server (ConfUtils.java:logGet(43)) - raft.grpc.server.leader.outstanding.appends.max = 128 (default)
2019-10-16 11:35:37,152 [857fec05-692a-4d09-bf1c-7d167682feae@group-8BBDE5791A04-LeaderElection19] INFO  server.RaftServerConfigKeys (ConfUtils.java:logGet(43)) - raft.server.rpc.request.timeout = 3000ms (default)
2019-10-16 11:35:37,152 [857fec05-692a-4d09-bf1c-7d167682feae@group-8BBDE5791A04-LeaderElection19] INFO  server.RaftServerConfigKeys (ConfUtils.java:logGet(43)) - raft.server.log.appender.install.snapshot.enabled = false (custom)
2019-10-16 11:35:37,154 [5c445d34-c031-481c-9d4b-8fbace1f61b8@group-8BBDE5791A04-LeaderElection22] INFO  impl.LeaderElection (LeaderElection.java:askForVotes(178)) - 5c445d34-c031-481c-9d4b-8fbace1f61b8@group-8BBDE5791A04-LeaderElection22: begin an election at term 4 for -1: [411bb2a3-40ef-4fc0-81ca-4490e6d37035:192.168.157.203:44746, 857fec05-692a-4d09-bf1c-7d167682feae:192.168.157.203:37664, 5c445d34-c031-481c-9d4b-8fbace1f61b8:192.168.157.203:37070], old=null
2019-10-16 11:35:37,154 [857fec05-692a-4d09-bf1c-7d167682feae@group-8BBDE5791A04-LeaderElection19] INFO  impl.RoleInfo (RoleInfo.java:updateAndGet(143)) - 857fec05-692a-4d09-bf1c-7d167682feae: start LeaderState
2019-10-16 11:35:37,155 [857fec05-692a-4d09-bf1c-7d167682feae@group-8BBDE5791A04-LeaderElection19] INFO  segmented.SegmentedRaftLogWorker (SegmentedRaftLogWorker.java:startLogSegment(385)) - 857fec05-692a-4d09-bf1c-7d167682feae@group-8BBDE5791A04-SegmentedRaftLogWorker: Starting segment from index:0
2019-10-16 11:35:37,155 [857fec05-692a-4d09-bf1c-7d167682feae@group-8BBDE5791A04-LeaderElection19] INFO  impl.RaftServerImpl (ServerState.java:setRaftConf(357)) - 857fec05-692a-4d09-bf1c-7d167682feae@group-8BBDE5791A04: set configuration 0: [411bb2a3-40ef-4fc0-81ca-4490e6d37035:192.168.157.203:44746, 857fec05-692a-4d09-bf1c-7d167682feae:192.168.157.203:37664, 5c445d34-c031-481c-9d4b-8fbace1f61b8:192.168.157.203:37070], old=null at 0
2019-10-16 11:35:37,162 [grpc-default-executor-3] INFO  impl.RaftServerImpl (RaftServerImpl.java:setRole(184)) - 411bb2a3-40ef-4fc0-81ca-4490e6d37035@group-8BBDE5791A04: changes role from  FOLLOWER to FOLLOWER at term 4 for recognizeCandidate:5c445d34-c031-481c-9d4b-8fbace1f61b8
2019-10-16 11:35:37,162 [grpc-default-executor-3] INFO  impl.RoleInfo (RoleInfo.java:shutdownFollowerState(121)) - 411bb2a3-40ef-4fc0-81ca-4490e6d37035: shutdown FollowerState
2019-10-16 11:35:37,163 [grpc-default-executor-3] INFO  impl.RoleInfo (RoleInfo.java:updateAndGet(143)) - 411bb2a3-40ef-4fc0-81ca-4490e6d37035: start FollowerState
2019-10-16 11:35:37,163 [grpc-default-executor-6] INFO  impl.RaftServerImpl (ServerState.java:setLeader(256)) - 857fec05-692a-4d09-bf1c-7d167682feae@group-8BBDE5791A04: change Leader from 857fec05-692a-4d09-bf1c-7d167682feae to null at term 4 for updateCurrentTerm
2019-10-16 11:35:37,163 [Thread-449] INFO  impl.FollowerState (FollowerState.java:run(117)) - 411bb2a3-40ef-4fc0-81ca-4490e6d37035@group-8BBDE5791A04-FollowerState was interrupted: java.lang.InterruptedException: sleep interrupted
2019-10-16 11:35:37,163 [grpc-default-executor-6] INFO  impl.RaftServerImpl (RaftServerImpl.java:setRole(184)) - 857fec05-692a-4d09-bf1c-7d167682feae@group-8BBDE5791A04: changes role from    LEADER to FOLLOWER at term 4 for recognizeCandidate:5c445d34-c031-481c-9d4b-8fbace1f61b8
2019-10-16 11:35:37,163 [grpc-default-executor-6] INFO  impl.RoleInfo (RoleInfo.java:shutdownLeaderState(104)) - 857fec05-692a-4d09-bf1c-7d167682feae: shutdown LeaderState
2019-10-16 11:35:37,186 [org.apache.ratis.server.impl.LogAppender$AppenderDaemon$$Lambda$440/538065296@1367466b] WARN  server.GrpcLogAppender (GrpcLogAppender.java:mayWait(149)) - 857fec05-692a-4d09-bf1c-7d167682feae@group-8BBDE5791A04->5c445d34-c031-481c-9d4b-8fbace1f61b8-GrpcLogAppender: Wait interrupted by java.lang.InterruptedException
2019-10-16 11:35:37,192 [grpc-default-executor-6] INFO  impl.PendingRequests (PendingRequests.java:sendNotLeaderResponses(202)) - 857fec05-692a-4d09-bf1c-7d167682feae@group-8BBDE5791A04-PendingRequests: sendNotLeaderResponses
2019-10-16 11:35:37,192 [org.apache.ratis.server.impl.LogAppender$AppenderDaemon$$Lambda$440/538065296@7168a5e1] WARN  server.GrpcLogAppender (GrpcLogAppender.java:mayWait(149)) - 857fec05-692a-4d09-bf1c-7d167682feae@group-8BBDE5791A04->411bb2a3-40ef-4fc0-81ca-4490e6d37035-GrpcLogAppender: Wait interrupted by java.lang.InterruptedException
2019-10-16 11:35:37,192 [grpc-default-executor-6] INFO  impl.RoleInfo (RoleInfo.java:updateAndGet(143)) - 857fec05-692a-4d09-bf1c-7d167682feae: start FollowerState
2019-10-16 11:35:37,193 [grpc-default-executor-0] INFO  server.GrpcServerProtocolService (GrpcServerProtocolService.java:onCompleted(113)) - 5c445d34-c031-481c-9d4b-8fbace1f61b8: Completed APPEND_ENTRIES, lastRequest: 857fec05-692a-4d09-bf1c-7d167682feae->5c445d34-c031-481c-9d4b-8fbace1f61b8#0-t3, previous=(t:0, i:0), leaderCommit=-1, initializing? false, entries: <empty>
2019-10-16 11:35:37,195 [857fec05-692a-4d09-bf1c-7d167682feae@group-8BBDE5791A04-SegmentedRaftLogWorker] INFO  segmented.SegmentedRaftLogWorker (SegmentedRaftLogWorker.java:execute(576)) - 857fec05-692a-4d09-bf1c-7d167682feae@group-8BBDE5791A04-SegmentedRaftLogWorker: created new log segment /workdir/hadoop-ozone/integration-test/target/test-dir/MiniOzoneClusterImpl-d10f3a9c-4fd6-4949-a3ff-490e135742c9/datanode-6/data/ratis/9ca8b30f-1255-49d0-b954-8bbde5791a04/current/log_inprogress_0
2019-10-16 11:35:37,196 [grpc-default-executor-5] INFO  server.GrpcServerProtocolService (GrpcServerProtocolService.java:onCompleted(113)) - 411bb2a3-40ef-4fc0-81ca-4490e6d37035: Completed APPEND_ENTRIES, lastRequest: 857fec05-692a-4d09-bf1c-7d167682feae->411bb2a3-40ef-4fc0-81ca-4490e6d37035#0-t3, previous=(t:0, i:0), leaderCommit=-1, initializing? false, entries: <empty>
2019-10-16 11:35:37,197 [grpc-default-executor-1] INFO  server.GrpcLogAppender (GrpcLogAppender.java:onCompleted(308)) - 857fec05-692a-4d09-bf1c-7d167682feae@group-8BBDE5791A04->5c445d34-c031-481c-9d4b-8fbace1f61b8-AppendLogResponseHandler: follower responses appendEntries COMPLETED
2019-10-16 11:35:37,198 [5c445d34-c031-481c-9d4b-8fbace1f61b8@group-8BBDE5791A04-LeaderElection22] INFO  impl.LeaderElection (LeaderElection.java:logAndReturn(56)) - 5c445d34-c031-481c-9d4b-8fbace1f61b8@group-8BBDE5791A04-LeaderElection22: Election PASSED; received 1 response(s) [5c445d34-c031-481c-9d4b-8fbace1f61b8<-411bb2a3-40ef-4fc0-81ca-4490e6d37035#0:OK-t4] and 0 exception(s); 5c445d34-c031-481c-9d4b-8fbace1f61b8@group-8BBDE5791A04:t4, leader=null, voted=5c445d34-c031-481c-9d4b-8fbace1f61b8, raftlog=5c445d34-c031-481c-9d4b-8fbace1f61b8@group-8BBDE5791A04-SegmentedRaftLog:OPENED:c-1,f-1,i0, conf=-1: [411bb2a3-40ef-4fc0-81ca-4490e6d37035:192.168.157.203:44746, 857fec05-692a-4d09-bf1c-7d167682feae:192.168.157.203:37664, 5c445d34-c031-481c-9d4b-8fbace1f61b8:192.168.157.203:37070], old=null
2019-10-16 11:35:37,199 [grpc-default-executor-5] INFO  server.GrpcLogAppender (GrpcLogAppender.java:onCompleted(308)) - 857fec05-692a-4d09-bf1c-7d167682feae@group-8BBDE5791A04->411bb2a3-40ef-4fc0-81ca-4490e6d37035-AppendLogResponseHandler: follower responses appendEntries COMPLETED
2019-10-16 11:35:37,199 [5c445d34-c031-481c-9d4b-8fbace1f61b8@group-8BBDE5791A04-LeaderElection22] INFO  impl.RoleInfo (RoleInfo.java:shutdownLeaderElection(134)) - 5c445d34-c031-481c-9d4b-8fbace1f61b8: shutdown LeaderElection
2019-10-16 11:35:37,200 [5c445d34-c031-481c-9d4b-8fbace1f61b8@group-8BBDE5791A04-LeaderElection22] INFO  impl.RaftServerImpl (RaftServerImpl.java:setRole(184)) - 5c445d34-c031-481c-9d4b-8fbace1f61b8@group-8BBDE5791A04: changes role from CANDIDATE to LEADER at term 4 for changeToLeader
2019-10-16 11:35:37,200 [5c445d34-c031-481c-9d4b-8fbace1f61b8@group-8BBDE5791A04-LeaderElection22] INFO  impl.RaftServerImpl (ServerState.java:setLeader(256)) - 5c445d34-c031-481c-9d4b-8fbace1f61b8@group-8BBDE5791A04: change Leader from null to 5c445d34-c031-481c-9d4b-8fbace1f61b8 at term 4 for becomeLeader, leader elected after 425ms
2019-10-16 11:35:37,200 [5c445d34-c031-481c-9d4b-8fbace1f61b8@group-8BBDE5791A04-LeaderElection22] INFO  server.RaftServerConfigKeys (ConfUtils.java:logGet(43)) - raft.server.staging.catchup.gap = 1000 (default)
2019-10-16 11:35:37,202 [5c445d34-c031-481c-9d4b-8fbace1f61b8@group-8BBDE5791A04-LeaderElection22] INFO  server.RaftServerConfigKeys (ConfUtils.java:logGet(43)) - raft.server.rpc.sleep.time = 25ms (default)
2019-10-16 11:35:37,203 [5c445d34-c031-481c-9d4b-8fbace1f61b8@group-8BBDE5791A04-LeaderElection22] INFO  server.RaftServerConfigKeys (ConfUtils.java:logGet(43)) - raft.server.write.element-limit = 4096 (default)
2019-10-16 11:35:37,203 [grpc-default-executor-1] INFO  impl.FollowerInfo (FollowerInfo.java:lambda$new$0(51)) - 857fec05-692a-4d09-bf1c-7d167682feae@group-8BBDE5791A04->5c445d34-c031-481c-9d4b-8fbace1f61b8: nextIndex: updateUnconditionally 0 -> 0
2019-10-16 11:35:37,203 [5c445d34-c031-481c-9d4b-8fbace1f61b8@group-8BBDE5791A04-LeaderElection22] INFO  server.RaftServerConfigKeys (ConfUtils.java:logGet(43)) - raft.server.watch.timeout = 10s (default)
2019-10-16 11:35:37,203 [5c445d34-c031-481c-9d4b-8fbace1f61b8@group-8BBDE5791A04-LeaderElection22] INFO  server.RaftServerConfigKeys (ConfUtils.java:logGet(43)) - raft.server.watch.timeout.denomination = 1s (default)
2019-10-16 11:35:37,203 [grpc-default-executor-5] INFO  impl.FollowerInfo (FollowerInfo.java:lambda$new$0(51)) - 857fec05-692a-4d09-bf1c-7d167682feae@group-8BBDE5791A04->411bb2a3-40ef-4fc0-81ca-4490e6d37035: nextIndex: updateUnconditionally 0 -> 0
2019-10-16 11:35:37,203 [5c445d34-c031-481c-9d4b-8fbace1f61b8@group-8BBDE5791A04-LeaderElection22] INFO  server.RaftServerConfigKeys (ConfUtils.java:logGet(43)) - raft.server.watch.element-limit = 65536 (default)
2019-10-16 11:35:37,205 [5c445d34-c031-481c-9d4b-8fbace1f61b8@group-8BBDE5791A04-LeaderElection22] INFO  server.RaftServerConfigKeys (ConfUtils.java:logGet(43)) - raft.server.log.appender.snapshot.chunk.size.max = 16MB (=16777216) (default)
2019-10-16 11:35:37,205 [5c445d34-c031-481c-9d4b-8fbace1f61b8@group-8BBDE5791A04-LeaderElection22] INFO  server.RaftServerConfigKeys (ConfUtils.java:logGet(43)) - raft.server.log.appender.buffer.byte-limit = 33554432 (custom)
2019-10-16 11:35:37,206 [5c445d34-c031-481c-9d4b-8fbace1f61b8@group-8BBDE5791A04-LeaderElection22] INFO  server.RaftServerConfigKeys (ConfUtils.java:logGet(43)) - raft.server.log.appender.buffer.element-limit = 1 (custom)
2019-10-16 11:35:37,206 [5c445d34-c031-481c-9d4b-8fbace1f61b8@group-8BBDE5791A04-LeaderElection22] INFO  grpc.GrpcConfigKeys$Server (ConfUtils.java:logGet(43)) - raft.grpc.server.leader.outstanding.appends.max = 128 (default)
2019-10-16 11:35:37,206 [5c445d34-c031-481c-9d4b-8fbace1f61b8@group-8BBDE5791A04-LeaderElection22] INFO  server.RaftServerConfigKeys (ConfUtils.java:logGet(43)) - raft.server.rpc.request.timeout = 3000ms (default)
2019-10-16 11:35:37,206 [5c445d34-c031-481c-9d4b-8fbace1f61b8@group-8BBDE5791A04-LeaderElection22] INFO  server.RaftServerConfigKeys (ConfUtils.java:logGet(43)) - raft.server.log.appender.install.snapshot.enabled = false (custom)
2019-10-16 11:35:37,208 [5c445d34-c031-481c-9d4b-8fbace1f61b8@group-8BBDE5791A04-LeaderElection22] INFO  server.RaftServerConfigKeys (ConfUtils.java:logGet(43)) - raft.server.log.appender.snapshot.chunk.size.max = 16MB (=16777216) (default)
2019-10-16 11:35:37,208 [5c445d34-c031-481c-9d4b-8fbace1f61b8@group-8BBDE5791A04-LeaderElection22] INFO  server.RaftServerConfigKeys (ConfUtils.java:logGet(43)) - raft.server.log.appender.buffer.byte-limit = 33554432 (custom)
2019-10-16 11:35:37,208 [5c445d34-c031-481c-9d4b-8fbace1f61b8@group-8BBDE5791A04-LeaderElection22] INFO  server.RaftServerConfigKeys (ConfUtils.java:logGet(43)) - raft.server.log.appender.buffer.element-limit = 1 (custom)
2019-10-16 11:35:37,208 [5c445d34-c031-481c-9d4b-8fbace1f61b8@group-8BBDE5791A04-LeaderElection22] INFO  grpc.GrpcConfigKeys$Server (ConfUtils.java:logGet(43)) - raft.grpc.server.leader.outstanding.appends.max = 128 (default)
2019-10-16 11:35:37,208 [5c445d34-c031-481c-9d4b-8fbace1f61b8@group-8BBDE5791A04-LeaderElection22] INFO  server.RaftServerConfigKeys (ConfUtils.java:logGet(43)) - raft.server.rpc.request.timeout = 3000ms (default)
2019-10-16 11:35:37,208 [5c445d34-c031-481c-9d4b-8fbace1f61b8@group-8BBDE5791A04-LeaderElection22] INFO  server.RaftServerConfigKeys (ConfUtils.java:logGet(43)) - raft.server.log.appender.install.snapshot.enabled = false (custom)
2019-10-16 11:35:37,210 [5c445d34-c031-481c-9d4b-8fbace1f61b8@group-8BBDE5791A04-LeaderElection22] INFO  impl.RoleInfo (RoleInfo.java:updateAndGet(143)) - 5c445d34-c031-481c-9d4b-8fbace1f61b8: start LeaderState
2019-10-16 11:35:37,210 [5c445d34-c031-481c-9d4b-8fbace1f61b8@group-8BBDE5791A04-LeaderElection22] INFO  segmented.SegmentedRaftLogWorker (SegmentedRaftLogWorker.java:startLogSegment(385)) - 5c445d34-c031-481c-9d4b-8fbace1f61b8@group-8BBDE5791A04-SegmentedRaftLogWorker: Starting segment from index:0
2019-10-16 11:35:37,211 [5c445d34-c031-481c-9d4b-8fbace1f61b8@group-8BBDE5791A04-LeaderElection22] INFO  impl.RaftServerImpl (ServerState.java:setRaftConf(357)) - 5c445d34-c031-481c-9d4b-8fbace1f61b8@group-8BBDE5791A04: set configuration 0: [411bb2a3-40ef-4fc0-81ca-4490e6d37035:192.168.157.203:44746, 857fec05-692a-4d09-bf1c-7d167682feae:192.168.157.203:37664, 5c445d34-c031-481c-9d4b-8fbace1f61b8:192.168.157.203:37070], old=null at 0
2019-10-16 11:35:37,236 [grpc-default-executor-5] INFO  impl.RaftServerImpl (ServerState.java:setLeader(256)) - 411bb2a3-40ef-4fc0-81ca-4490e6d37035@group-8BBDE5791A04: change Leader from null to 5c445d34-c031-481c-9d4b-8fbace1f61b8 at term 4 for appendEntries, leader elected after 445ms
2019-10-16 11:35:37,236 [grpc-default-executor-1] INFO  impl.RaftServerImpl (ServerState.java:setLeader(256)) - 857fec05-692a-4d09-bf1c-7d167682feae@group-8BBDE5791A04: change Leader from null to 5c445d34-c031-481c-9d4b-8fbace1f61b8 at term 4 for appendEntries, leader elected after 72ms
2019-10-16 11:35:37,240 [Thread-458] INFO  impl.FollowerState (FollowerState.java:run(108)) - a3132885-145f-4a8c-85f4-c10eb874732d@group-2077DD483DC7-FollowerState: change to CANDIDATE, lastRpcTime:91ms, electionTimeout:90ms
2019-10-16 11:35:37,240 [Thread-458] INFO  impl.RoleInfo (RoleInfo.java:shutdownFollowerState(121)) - a3132885-145f-4a8c-85f4-c10eb874732d: shutdown FollowerState
2019-10-16 11:35:37,240 [Thread-458] INFO  impl.RaftServerImpl (RaftServerImpl.java:setRole(184)) - a3132885-145f-4a8c-85f4-c10eb874732d@group-2077DD483DC7: changes role from  FOLLOWER to CANDIDATE at term 6 for changeToCandidate
2019-10-16 11:35:37,240 [Thread-458] INFO  impl.RoleInfo (RoleInfo.java:updateAndGet(143)) - a3132885-145f-4a8c-85f4-c10eb874732d: start LeaderElection
2019-10-16 11:35:37,244 [Thread-448] INFO  impl.FollowerState (FollowerState.java:run(108)) - 1ee6da7b-5867-4bad-ba0d-a2cfd13fd72a@group-B3673A53AB6F-FollowerState: change to CANDIDATE, lastRpcTime:141ms, electionTimeout:141ms
2019-10-16 11:35:37,245 [Thread-448] INFO  impl.RoleInfo (RoleInfo.java:shutdownFollowerState(121)) - 1ee6da7b-5867-4bad-ba0d-a2cfd13fd72a: shutdown FollowerState
2019-10-16 11:35:37,245 [Thread-448] INFO  impl.RaftServerImpl (RaftServerImpl.java:setRole(184)) - 1ee6da7b-5867-4bad-ba0d-a2cfd13fd72a@group-B3673A53AB6F: changes role from  FOLLOWER to CANDIDATE at term 5 for changeToCandidate
2019-10-16 11:35:37,245 [Thread-448] INFO  impl.RoleInfo (RoleInfo.java:updateAndGet(143)) - 1ee6da7b-5867-4bad-ba0d-a2cfd13fd72a: start LeaderElection
2019-10-16 11:35:37,246 [5c445d34-c031-481c-9d4b-8fbace1f61b8@group-8BBDE5791A04-SegmentedRaftLogWorker] INFO  segmented.SegmentedRaftLogWorker (SegmentedRaftLogWorker.java:execute(576)) - 5c445d34-c031-481c-9d4b-8fbace1f61b8@group-8BBDE5791A04-SegmentedRaftLogWorker: created new log segment /workdir/hadoop-ozone/integration-test/target/test-dir/MiniOzoneClusterImpl-d10f3a9c-4fd6-4949-a3ff-490e135742c9/datanode-1/data/ratis/9ca8b30f-1255-49d0-b954-8bbde5791a04/current/log_inprogress_0
2019-10-16 11:35:37,537 [Thread-464] INFO  impl.FollowerState (FollowerState.java:run(108)) - 411bb2a3-40ef-4fc0-81ca-4490e6d37035@group-8BBDE5791A04-FollowerState: change to CANDIDATE, lastRpcTime:298ms, electionTimeout:192ms
2019-10-16 11:35:37,537 [Thread-464] INFO  impl.RoleInfo (RoleInfo.java:shutdownFollowerState(121)) - 411bb2a3-40ef-4fc0-81ca-4490e6d37035: shutdown FollowerState
2019-10-16 11:35:37,538 [Thread-464] INFO  impl.RaftServerImpl (RaftServerImpl.java:setRole(184)) - 411bb2a3-40ef-4fc0-81ca-4490e6d37035@group-8BBDE5791A04: changes role from  FOLLOWER to CANDIDATE at term 4 for changeToCandidate
2019-10-16 11:35:37,538 [Thread-464] INFO  impl.RoleInfo (RoleInfo.java:updateAndGet(143)) - 411bb2a3-40ef-4fc0-81ca-4490e6d37035: start LeaderElection
2019-10-16 11:35:37,538 [a3132885-145f-4a8c-85f4-c10eb874732d@group-2077DD483DC7-LeaderElection23] INFO  impl.LeaderElection (LeaderElection.java:askForVotes(178)) - a3132885-145f-4a8c-85f4-c10eb874732d@group-2077DD483DC7-LeaderElection23: begin an election at term 7 for -1: [163587bb-2c3b-4498-b576-18147cf38274:192.168.157.203:33208, a3132885-145f-4a8c-85f4-c10eb874732d:192.168.157.203:46766, 70b633f6-b230-4b9f-87f3-510da88f1e08:192.168.157.203:43163], old=null
2019-10-16 11:35:37,538 [1ee6da7b-5867-4bad-ba0d-a2cfd13fd72a@group-B3673A53AB6F-LeaderElection24] INFO  impl.LeaderElection (LeaderElection.java:askForVotes(178)) - 1ee6da7b-5867-4bad-ba0d-a2cfd13fd72a@group-B3673A53AB6F-LeaderElection24: begin an election at term 6 for -1: [f94c755f-9f95-40b5-85b9-5e712f3f34e7:192.168.157.203:45275, 1ee6da7b-5867-4bad-ba0d-a2cfd13fd72a:192.168.157.203:35892, 4281bf39-36db-462c-8bc9-3c86cb645344:192.168.157.203:42381], old=null
2019-10-16 11:35:37,540 [411bb2a3-40ef-4fc0-81ca-4490e6d37035@group-8BBDE5791A04-LeaderElection25] INFO  impl.RaftServerImpl (ServerState.java:setLeader(256)) - 411bb2a3-40ef-4fc0-81ca-4490e6d37035@group-8BBDE5791A04: change Leader from 5c445d34-c031-481c-9d4b-8fbace1f61b8 to null at term 4 for initElection
2019-10-16 11:35:37,546 [grpc-default-executor-6] INFO  impl.RaftServerImpl (RaftServerImpl.java:setRole(184)) - 4281bf39-36db-462c-8bc9-3c86cb645344@group-B3673A53AB6F: changes role from  FOLLOWER to FOLLOWER at term 6 for recognizeCandidate:1ee6da7b-5867-4bad-ba0d-a2cfd13fd72a
2019-10-16 11:35:37,567 [grpc-default-executor-6] INFO  impl.RoleInfo (RoleInfo.java:shutdownFollowerState(121)) - 4281bf39-36db-462c-8bc9-3c86cb645344: shutdown FollowerState
2019-10-16 11:35:37,546 [grpc-default-executor-5] INFO  impl.RaftServerImpl (RaftServerImpl.java:setRole(184)) - f94c755f-9f95-40b5-85b9-5e712f3f34e7@group-B3673A53AB6F: changes role from  FOLLOWER to FOLLOWER at term 6 for recognizeCandidate:1ee6da7b-5867-4bad-ba0d-a2cfd13fd72a
2019-10-16 11:35:37,546 [grpc-default-executor-1] INFO  impl.RaftServerImpl (RaftServerImpl.java:setRole(184)) - 70b633f6-b230-4b9f-87f3-510da88f1e08@group-2077DD483DC7: changes role from  FOLLOWER to FOLLOWER at term 7 for recognizeCandidate:a3132885-145f-4a8c-85f4-c10eb874732d
2019-10-16 11:35:37,567 [grpc-default-executor-5] INFO  impl.RoleInfo (RoleInfo.java:shutdownFollowerState(121)) - f94c755f-9f95-40b5-85b9-5e712f3f34e7: shutdown FollowerState
2019-10-16 11:35:37,567 [Thread-436] INFO  impl.FollowerState (FollowerState.java:run(117)) - 4281bf39-36db-462c-8bc9-3c86cb645344@group-B3673A53AB6F-FollowerState was interrupted: java.lang.InterruptedException: sleep interrupted
2019-10-16 11:35:37,567 [grpc-default-executor-6] INFO  impl.RoleInfo (RoleInfo.java:updateAndGet(143)) - 4281bf39-36db-462c-8bc9-3c86cb645344: start FollowerState
2019-10-16 11:35:37,567 [grpc-default-executor-3] INFO  impl.RaftServerImpl (RaftServerImpl.java:setRole(184)) - 163587bb-2c3b-4498-b576-18147cf38274@group-2077DD483DC7: changes role from  FOLLOWER to FOLLOWER at term 7 for recognizeCandidate:a3132885-145f-4a8c-85f4-c10eb874732d
2019-10-16 11:35:37,567 [grpc-default-executor-5] INFO  impl.RoleInfo (RoleInfo.java:updateAndGet(143)) - f94c755f-9f95-40b5-85b9-5e712f3f34e7: start FollowerState
2019-10-16 11:35:37,567 [Thread-443] INFO  impl.FollowerState (FollowerState.java:run(117)) - f94c755f-9f95-40b5-85b9-5e712f3f34e7@group-B3673A53AB6F-FollowerState was interrupted: java.lang.InterruptedException: sleep interrupted
2019-10-16 11:35:37,567 [grpc-default-executor-1] INFO  impl.RoleInfo (RoleInfo.java:shutdownFollowerState(121)) - 70b633f6-b230-4b9f-87f3-510da88f1e08: shutdown FollowerState
2019-10-16 11:35:37,568 [grpc-default-executor-3] INFO  impl.RoleInfo (RoleInfo.java:shutdownFollowerState(121)) - 163587bb-2c3b-4498-b576-18147cf38274: shutdown FollowerState
2019-10-16 11:35:37,568 [Thread-455] INFO  impl.FollowerState (FollowerState.java:run(117)) - 163587bb-2c3b-4498-b576-18147cf38274@group-2077DD483DC7-FollowerState was interrupted: java.lang.InterruptedException: sleep interrupted
2019-10-16 11:35:37,568 [grpc-default-executor-3] INFO  impl.RoleInfo (RoleInfo.java:updateAndGet(143)) - 163587bb-2c3b-4498-b576-18147cf38274: start FollowerState
2019-10-16 11:35:37,568 [Thread-454] INFO  impl.FollowerState (FollowerState.java:run(117)) - 70b633f6-b230-4b9f-87f3-510da88f1e08@group-2077DD483DC7-FollowerState was interrupted: java.lang.InterruptedException: sleep interrupted
2019-10-16 11:35:37,568 [411bb2a3-40ef-4fc0-81ca-4490e6d37035@group-8BBDE5791A04-LeaderElection25] INFO  impl.LeaderElection (LeaderElection.java:askForVotes(178)) - 411bb2a3-40ef-4fc0-81ca-4490e6d37035@group-8BBDE5791A04-LeaderElection25: begin an election at term 5 for -1: [411bb2a3-40ef-4fc0-81ca-4490e6d37035:192.168.157.203:44746, 857fec05-692a-4d09-bf1c-7d167682feae:192.168.157.203:37664, 5c445d34-c031-481c-9d4b-8fbace1f61b8:192.168.157.203:37070], old=null
2019-10-16 11:35:37,568 [grpc-default-executor-1] INFO  impl.RoleInfo (RoleInfo.java:updateAndGet(143)) - 70b633f6-b230-4b9f-87f3-510da88f1e08: start FollowerState
2019-10-16 11:35:37,570 [grpc-default-executor-0] INFO  impl.RaftServerImpl (ServerState.java:setRaftConf(357)) - 857fec05-692a-4d09-bf1c-7d167682feae@group-8BBDE5791A04: set configuration 0: [411bb2a3-40ef-4fc0-81ca-4490e6d37035:192.168.157.203:44746, 857fec05-692a-4d09-bf1c-7d167682feae:192.168.157.203:37664, 5c445d34-c031-481c-9d4b-8fbace1f61b8:192.168.157.203:37070], old=null at 0
2019-10-16 11:35:37,570 [Thread-466] INFO  impl.RaftServerImpl (ServerState.java:setLeader(256)) - 5c445d34-c031-481c-9d4b-8fbace1f61b8@group-8BBDE5791A04: change Leader from 5c445d34-c031-481c-9d4b-8fbace1f61b8 to null at term 5 for updateCurrentTerm
2019-10-16 11:35:37,570 [Thread-466] INFO  impl.RaftServerImpl (RaftServerImpl.java:setRole(184)) - 5c445d34-c031-481c-9d4b-8fbace1f61b8@group-8BBDE5791A04: changes role from    LEADER to FOLLOWER at term 5 for stepDown
2019-10-16 11:35:37,570 [Thread-466] INFO  impl.RoleInfo (RoleInfo.java:shutdownLeaderState(104)) - 5c445d34-c031-481c-9d4b-8fbace1f61b8: shutdown LeaderState
2019-10-16 11:35:37,573 [grpc-default-executor-0] INFO  segmented.SegmentedRaftLogWorker (SegmentedRaftLogWorker.java:truncate(401)) - 857fec05-692a-4d09-bf1c-7d167682feae@group-8BBDE5791A04-SegmentedRaftLogWorker: Truncating segments toTruncate: null
  toDelete: [(0, 0) isOpen? true, length=0, newEndIndex=-1], start index 0
2019-10-16 11:35:37,574 [grpc-default-executor-0] INFO  segmented.SegmentedRaftLogWorker (SegmentedRaftLogWorker.java:startLogSegment(385)) - 857fec05-692a-4d09-bf1c-7d167682feae@group-8BBDE5791A04-SegmentedRaftLogWorker: Starting segment from index:0
2019-10-16 11:35:37,575 [857fec05-692a-4d09-bf1c-7d167682feae@group-8BBDE5791A04-SegmentedRaftLogWorker] INFO  segmented.SegmentedRaftLogWorker (SegmentedRaftLogWorker.java:execute(640)) - 857fec05-692a-4d09-bf1c-7d167682feae@group-8BBDE5791A04-SegmentedRaftLogWorker: Deleted log file /workdir/hadoop-ozone/integration-test/target/test-dir/MiniOzoneClusterImpl-d10f3a9c-4fd6-4949-a3ff-490e135742c9/datanode-6/data/ratis/9ca8b30f-1255-49d0-b954-8bbde5791a04/current/log_inprogress_0
2019-10-16 11:35:37,575 [857fec05-692a-4d09-bf1c-7d167682feae@group-8BBDE5791A04-SegmentedRaftLogWorker] INFO  segmented.SegmentedRaftLogWorker (SegmentedRaftLogWorker.java:lambda$new$0(128)) - 857fec05-692a-4d09-bf1c-7d167682feae@group-8BBDE5791A04-SegmentedRaftLogWorker: flushIndex: setUnconditionally 0 -> -1
2019-10-16 11:35:37,607 [org.apache.ratis.server.impl.LogAppender$AppenderDaemon$$Lambda$440/538065296@4d6d4ea3] WARN  server.GrpcLogAppender (GrpcLogAppender.java:mayWait(149)) - 5c445d34-c031-481c-9d4b-8fbace1f61b8@group-8BBDE5791A04->857fec05-692a-4d09-bf1c-7d167682feae-GrpcLogAppender: Wait interrupted by java.lang.InterruptedException
2019-10-16 11:35:37,607 [1ee6da7b-5867-4bad-ba0d-a2cfd13fd72a@group-B3673A53AB6F-LeaderElection24] INFO  impl.LeaderElection (LeaderElection.java:logAndReturn(56)) - 1ee6da7b-5867-4bad-ba0d-a2cfd13fd72a@group-B3673A53AB6F-LeaderElection24: Election REJECTED; received 2 response(s) [1ee6da7b-5867-4bad-ba0d-a2cfd13fd72a<-f94c755f-9f95-40b5-85b9-5e712f3f34e7#0:FAIL-t6, 1ee6da7b-5867-4bad-ba0d-a2cfd13fd72a<-4281bf39-36db-462c-8bc9-3c86cb645344#0:FAIL-t6] and 0 exception(s); 1ee6da7b-5867-4bad-ba0d-a2cfd13fd72a@group-B3673A53AB6F:t6, leader=null, voted=1ee6da7b-5867-4bad-ba0d-a2cfd13fd72a, raftlog=1ee6da7b-5867-4bad-ba0d-a2cfd13fd72a@group-B3673A53AB6F-SegmentedRaftLog:OPENED:c-1,f-1,i0, conf=-1: [f94c755f-9f95-40b5-85b9-5e712f3f34e7:192.168.157.203:45275, 1ee6da7b-5867-4bad-ba0d-a2cfd13fd72a:192.168.157.203:35892, 4281bf39-36db-462c-8bc9-3c86cb645344:192.168.157.203:42381], old=null
2019-10-16 11:35:37,607 [Thread-466] INFO  impl.PendingRequests (PendingRequests.java:sendNotLeaderResponses(202)) - 5c445d34-c031-481c-9d4b-8fbace1f61b8@group-8BBDE5791A04-PendingRequests: sendNotLeaderResponses
2019-10-16 11:35:37,607 [org.apache.ratis.server.impl.LogAppender$AppenderDaemon$$Lambda$440/538065296@7c5b16f8] WARN  server.GrpcLogAppender (GrpcLogAppender.java:mayWait(149)) - 5c445d34-c031-481c-9d4b-8fbace1f61b8@group-8BBDE5791A04->411bb2a3-40ef-4fc0-81ca-4490e6d37035-GrpcLogAppender: Wait interrupted by java.lang.InterruptedException
2019-10-16 11:35:37,614 [1ee6da7b-5867-4bad-ba0d-a2cfd13fd72a@group-B3673A53AB6F-LeaderElection24] INFO  impl.RaftServerImpl (RaftServerImpl.java:setRole(184)) - 1ee6da7b-5867-4bad-ba0d-a2cfd13fd72a@group-B3673A53AB6F: changes role from CANDIDATE to FOLLOWER at term 6 for DISCOVERED_A_NEW_TERM
2019-10-16 11:35:37,616 [Thread-466] INFO  impl.RoleInfo (RoleInfo.java:updateAndGet(143)) - 5c445d34-c031-481c-9d4b-8fbace1f61b8: start FollowerState
2019-10-16 11:35:37,621 [1ee6da7b-5867-4bad-ba0d-a2cfd13fd72a@group-B3673A53AB6F-LeaderElection24] INFO  impl.RoleInfo (RoleInfo.java:shutdownLeaderElection(134)) - 1ee6da7b-5867-4bad-ba0d-a2cfd13fd72a: shutdown LeaderElection
2019-10-16 11:35:37,622 [1ee6da7b-5867-4bad-ba0d-a2cfd13fd72a@group-B3673A53AB6F-LeaderElection24] INFO  impl.RoleInfo (RoleInfo.java:updateAndGet(143)) - 1ee6da7b-5867-4bad-ba0d-a2cfd13fd72a: start FollowerState
2019-10-16 11:35:37,622 [grpc-default-executor-0] INFO  server.GrpcServerProtocolService (GrpcServerProtocolService.java:onCompleted(113)) - 857fec05-692a-4d09-bf1c-7d167682feae: Completed APPEND_ENTRIES, lastRequest: 5c445d34-c031-481c-9d4b-8fbace1f61b8->857fec05-692a-4d09-bf1c-7d167682feae#1-t4, previous=(t:0, i:0), leaderCommit=0, initializing? false, entries: size=1, first=(t:4, i:0), CONFIGURATIONENTRY
2019-10-16 11:35:37,632 [grpc-default-executor-6] INFO  impl.RaftServerImpl (RaftServerImpl.java:setRole(184)) - 5c445d34-c031-481c-9d4b-8fbace1f61b8@group-8BBDE5791A04: changes role from  FOLLOWER to FOLLOWER at term 5 for recognizeCandidate:411bb2a3-40ef-4fc0-81ca-4490e6d37035
2019-10-16 11:35:37,631 [857fec05-692a-4d09-bf1c-7d167682feae@group-8BBDE5791A04-SegmentedRaftLogWorker] INFO  segmented.SegmentedRaftLogWorker (SegmentedRaftLogWorker.java:execute(576)) - 857fec05-692a-4d09-bf1c-7d167682feae@group-8BBDE5791A04-SegmentedRaftLogWorker: created new log segment /workdir/hadoop-ozone/integration-test/target/test-dir/MiniOzoneClusterImpl-d10f3a9c-4fd6-4949-a3ff-490e135742c9/datanode-6/data/ratis/9ca8b30f-1255-49d0-b954-8bbde5791a04/current/log_inprogress_0
2019-10-16 11:35:37,622 [grpc-default-executor-5] INFO  server.GrpcServerProtocolService (GrpcServerProtocolService.java:onCompleted(113)) - 411bb2a3-40ef-4fc0-81ca-4490e6d37035: Completed APPEND_ENTRIES, lastRequest: 5c445d34-c031-481c-9d4b-8fbace1f61b8->411bb2a3-40ef-4fc0-81ca-4490e6d37035#1-t4, previous=(t:0, i:0), leaderCommit=0, initializing? false, entries: size=1, first=(t:4, i:0), CONFIGURATIONENTRY
2019-10-16 11:35:37,632 [grpc-default-executor-6] INFO  impl.RoleInfo (RoleInfo.java:shutdownFollowerState(121)) - 5c445d34-c031-481c-9d4b-8fbace1f61b8: shutdown FollowerState
2019-10-16 11:35:37,633 [Thread-487] INFO  impl.FollowerState (FollowerState.java:run(117)) - 5c445d34-c031-481c-9d4b-8fbace1f61b8@group-8BBDE5791A04-FollowerState was interrupted: java.lang.InterruptedException: sleep interrupted
2019-10-16 11:35:37,633 [grpc-default-executor-6] INFO  impl.RoleInfo (RoleInfo.java:updateAndGet(143)) - 5c445d34-c031-481c-9d4b-8fbace1f61b8: start FollowerState
2019-10-16 11:35:37,633 [grpc-default-executor-5] INFO  server.GrpcLogAppender (GrpcLogAppender.java:onCompleted(308)) - 5c445d34-c031-481c-9d4b-8fbace1f61b8@group-8BBDE5791A04->857fec05-692a-4d09-bf1c-7d167682feae-AppendLogResponseHandler: follower responses appendEntries COMPLETED
2019-10-16 11:35:37,633 [grpc-default-executor-1] INFO  impl.RaftServerImpl (ServerState.java:setLeader(256)) - 857fec05-692a-4d09-bf1c-7d167682feae@group-8BBDE5791A04: change Leader from 5c445d34-c031-481c-9d4b-8fbace1f61b8 to null at term 5 for updateCurrentTerm
2019-10-16 11:35:37,637 [a3132885-145f-4a8c-85f4-c10eb874732d@group-2077DD483DC7-LeaderElection23] INFO  impl.LeaderElection (LeaderElection.java:logAndReturn(56)) - a3132885-145f-4a8c-85f4-c10eb874732d@group-2077DD483DC7-LeaderElection23: Election REJECTED; received 2 response(s) [a3132885-145f-4a8c-85f4-c10eb874732d<-163587bb-2c3b-4498-b576-18147cf38274#0:FAIL-t7, a3132885-145f-4a8c-85f4-c10eb874732d<-70b633f6-b230-4b9f-87f3-510da88f1e08#0:FAIL-t7] and 0 exception(s); a3132885-145f-4a8c-85f4-c10eb874732d@group-2077DD483DC7:t7, leader=null, voted=a3132885-145f-4a8c-85f4-c10eb874732d, raftlog=a3132885-145f-4a8c-85f4-c10eb874732d@group-2077DD483DC7-SegmentedRaftLog:OPENED:c-1,f-1,i0, conf=-1: [163587bb-2c3b-4498-b576-18147cf38274:192.168.157.203:33208, a3132885-145f-4a8c-85f4-c10eb874732d:192.168.157.203:46766, 70b633f6-b230-4b9f-87f3-510da88f1e08:192.168.157.203:43163], old=null
2019-10-16 11:35:37,637 [grpc-default-executor-1] INFO  impl.RaftServerImpl (RaftServerImpl.java:setRole(184)) - 857fec05-692a-4d09-bf1c-7d167682feae@group-8BBDE5791A04: changes role from  FOLLOWER to FOLLOWER at term 5 for recognizeCandidate:411bb2a3-40ef-4fc0-81ca-4490e6d37035
2019-10-16 11:35:37,637 [grpc-default-executor-1] INFO  impl.RoleInfo (RoleInfo.java:shutdownFollowerState(121)) - 857fec05-692a-4d09-bf1c-7d167682feae: shutdown FollowerState
2019-10-16 11:35:37,637 [a3132885-145f-4a8c-85f4-c10eb874732d@group-2077DD483DC7-LeaderElection23] INFO  impl.RaftServerImpl (RaftServerImpl.java:setRole(184)) - a3132885-145f-4a8c-85f4-c10eb874732d@group-2077DD483DC7: changes role from CANDIDATE to FOLLOWER at term 7 for DISCOVERED_A_NEW_TERM
2019-10-16 11:35:37,638 [Thread-465] INFO  impl.FollowerState (FollowerState.java:run(117)) - 857fec05-692a-4d09-bf1c-7d167682feae@group-8BBDE5791A04-FollowerState was interrupted: java.lang.InterruptedException: sleep interrupted
2019-10-16 11:35:37,638 [grpc-default-executor-1] INFO  impl.RoleInfo (RoleInfo.java:updateAndGet(143)) - 857fec05-692a-4d09-bf1c-7d167682feae: start FollowerState
2019-10-16 11:35:37,638 [a3132885-145f-4a8c-85f4-c10eb874732d@group-2077DD483DC7-LeaderElection23] INFO  impl.RoleInfo (RoleInfo.java:shutdownLeaderElection(134)) - a3132885-145f-4a8c-85f4-c10eb874732d: shutdown LeaderElection
2019-10-16 11:35:37,639 [grpc-default-executor-6] INFO  server.GrpcLogAppender (GrpcLogAppender.java:onCompleted(308)) - 5c445d34-c031-481c-9d4b-8fbace1f61b8@group-8BBDE5791A04->411bb2a3-40ef-4fc0-81ca-4490e6d37035-AppendLogResponseHandler: follower responses appendEntries COMPLETED
2019-10-16 11:35:37,660 [a3132885-145f-4a8c-85f4-c10eb874732d@group-2077DD483DC7-LeaderElection23] INFO  impl.RoleInfo (RoleInfo.java:updateAndGet(143)) - a3132885-145f-4a8c-85f4-c10eb874732d: start FollowerState
2019-10-16 11:35:37,660 [grpc-default-executor-5] INFO  impl.FollowerInfo (FollowerInfo.java:lambda$new$0(51)) - 5c445d34-c031-481c-9d4b-8fbace1f61b8@group-8BBDE5791A04->857fec05-692a-4d09-bf1c-7d167682feae: nextIndex: updateUnconditionally 1 -> 0
2019-10-16 11:35:37,662 [grpc-default-executor-6] INFO  impl.FollowerInfo (FollowerInfo.java:lambda$new$0(51)) - 5c445d34-c031-481c-9d4b-8fbace1f61b8@group-8BBDE5791A04->411bb2a3-40ef-4fc0-81ca-4490e6d37035: nextIndex: updateUnconditionally 1 -> 0
2019-10-16 11:35:37,688 [411bb2a3-40ef-4fc0-81ca-4490e6d37035@group-8BBDE5791A04-LeaderElection25] INFO  impl.LeaderElection (LeaderElection.java:logAndReturn(56)) - 411bb2a3-40ef-4fc0-81ca-4490e6d37035@group-8BBDE5791A04-LeaderElection25: Election REJECTED; received 2 response(s) [411bb2a3-40ef-4fc0-81ca-4490e6d37035<-857fec05-692a-4d09-bf1c-7d167682feae#0:FAIL-t5, 411bb2a3-40ef-4fc0-81ca-4490e6d37035<-5c445d34-c031-481c-9d4b-8fbace1f61b8#0:FAIL-t5] and 0 exception(s); 411bb2a3-40ef-4fc0-81ca-4490e6d37035@group-8BBDE5791A04:t5, leader=null, voted=411bb2a3-40ef-4fc0-81ca-4490e6d37035, raftlog=411bb2a3-40ef-4fc0-81ca-4490e6d37035@group-8BBDE5791A04-SegmentedRaftLog:OPENED:c-1,f-1,i0, conf=-1: [411bb2a3-40ef-4fc0-81ca-4490e6d37035:192.168.157.203:44746, 857fec05-692a-4d09-bf1c-7d167682feae:192.168.157.203:37664, 5c445d34-c031-481c-9d4b-8fbace1f61b8:192.168.157.203:37070], old=null
2019-10-16 11:35:37,707 [411bb2a3-40ef-4fc0-81ca-4490e6d37035@group-8BBDE5791A04-LeaderElection25] INFO  impl.RaftServerImpl (RaftServerImpl.java:setRole(184)) - 411bb2a3-40ef-4fc0-81ca-4490e6d37035@group-8BBDE5791A04: changes role from CANDIDATE to FOLLOWER at term 5 for DISCOVERED_A_NEW_TERM
2019-10-16 11:35:37,707 [411bb2a3-40ef-4fc0-81ca-4490e6d37035@group-8BBDE5791A04-LeaderElection25] INFO  impl.RoleInfo (RoleInfo.java:shutdownLeaderElection(134)) - 411bb2a3-40ef-4fc0-81ca-4490e6d37035: shutdown LeaderElection
2019-10-16 11:35:37,707 [411bb2a3-40ef-4fc0-81ca-4490e6d37035@group-8BBDE5791A04-LeaderElection25] INFO  impl.RoleInfo (RoleInfo.java:updateAndGet(143)) - 411bb2a3-40ef-4fc0-81ca-4490e6d37035: start FollowerState
2019-10-16 11:35:37,709 [Thread-488] INFO  impl.FollowerState (FollowerState.java:run(108)) - 1ee6da7b-5867-4bad-ba0d-a2cfd13fd72a@group-B3673A53AB6F-FollowerState: change to CANDIDATE, lastRpcTime:87ms, electionTimeout:87ms
2019-10-16 11:35:37,711 [Thread-488] INFO  impl.RoleInfo (RoleInfo.java:shutdownFollowerState(121)) - 1ee6da7b-5867-4bad-ba0d-a2cfd13fd72a: shutdown FollowerState
2019-10-16 11:35:37,711 [Thread-488] INFO  impl.RaftServerImpl (RaftServerImpl.java:setRole(184)) - 1ee6da7b-5867-4bad-ba0d-a2cfd13fd72a@group-B3673A53AB6F: changes role from  FOLLOWER to CANDIDATE at term 6 for changeToCandidate
2019-10-16 11:35:37,711 [Thread-488] INFO  impl.RoleInfo (RoleInfo.java:updateAndGet(143)) - 1ee6da7b-5867-4bad-ba0d-a2cfd13fd72a: start LeaderElection
2019-10-16 11:35:37,716 [1ee6da7b-5867-4bad-ba0d-a2cfd13fd72a@group-B3673A53AB6F-LeaderElection26] INFO  impl.LeaderElection (LeaderElection.java:askForVotes(178)) - 1ee6da7b-5867-4bad-ba0d-a2cfd13fd72a@group-B3673A53AB6F-LeaderElection26: begin an election at term 7 for -1: [f94c755f-9f95-40b5-85b9-5e712f3f34e7:192.168.157.203:45275, 1ee6da7b-5867-4bad-ba0d-a2cfd13fd72a:192.168.157.203:35892, 4281bf39-36db-462c-8bc9-3c86cb645344:192.168.157.203:42381], old=null
2019-10-16 11:35:37,739 [grpc-default-executor-1] INFO  impl.RaftServerImpl (RaftServerImpl.java:setRole(184)) - 4281bf39-36db-462c-8bc9-3c86cb645344@group-B3673A53AB6F: changes role from  FOLLOWER to FOLLOWER at term 7 for recognizeCandidate:1ee6da7b-5867-4bad-ba0d-a2cfd13fd72a
2019-10-16 11:35:37,739 [grpc-default-executor-1] INFO  impl.RoleInfo (RoleInfo.java:shutdownFollowerState(121)) - 4281bf39-36db-462c-8bc9-3c86cb645344: shutdown FollowerState
2019-10-16 11:35:37,739 [grpc-default-executor-6] INFO  impl.RaftServerImpl (RaftServerImpl.java:setRole(184)) - f94c755f-9f95-40b5-85b9-5e712f3f34e7@group-B3673A53AB6F: changes role from  FOLLOWER to FOLLOWER at term 7 for recognizeCandidate:1ee6da7b-5867-4bad-ba0d-a2cfd13fd72a
2019-10-16 11:35:37,739 [grpc-default-executor-6] INFO  impl.RoleInfo (RoleInfo.java:shutdownFollowerState(121)) - f94c755f-9f95-40b5-85b9-5e712f3f34e7: shutdown FollowerState
2019-10-16 11:35:37,758 [Thread-480] INFO  impl.FollowerState (FollowerState.java:run(117)) - 4281bf39-36db-462c-8bc9-3c86cb645344@group-B3673A53AB6F-FollowerState was interrupted: java.lang.InterruptedException: sleep interrupted
2019-10-16 11:35:37,760 [grpc-default-executor-6] INFO  impl.RoleInfo (RoleInfo.java:updateAndGet(143)) - f94c755f-9f95-40b5-85b9-5e712f3f34e7: start FollowerState
2019-10-16 11:35:37,760 [grpc-default-executor-1] INFO  impl.RoleInfo (RoleInfo.java:updateAndGet(143)) - 4281bf39-36db-462c-8bc9-3c86cb645344: start FollowerState
2019-10-16 11:35:37,758 [Thread-481] INFO  impl.FollowerState (FollowerState.java:run(117)) - f94c755f-9f95-40b5-85b9-5e712f3f34e7@group-B3673A53AB6F-FollowerState was interrupted: java.lang.InterruptedException: sleep interrupted
2019-10-16 11:35:37,779 [1ee6da7b-5867-4bad-ba0d-a2cfd13fd72a@group-B3673A53AB6F-LeaderElection26] INFO  impl.LeaderElection (LeaderElection.java:logAndReturn(56)) - 1ee6da7b-5867-4bad-ba0d-a2cfd13fd72a@group-B3673A53AB6F-LeaderElection26: Election TIMEOUT; received 0 response(s) [] and 0 exception(s); 1ee6da7b-5867-4bad-ba0d-a2cfd13fd72a@group-B3673A53AB6F:t7, leader=null, voted=1ee6da7b-5867-4bad-ba0d-a2cfd13fd72a, raftlog=1ee6da7b-5867-4bad-ba0d-a2cfd13fd72a@group-B3673A53AB6F-SegmentedRaftLog:OPENED:c-1,f-1,i0, conf=-1: [f94c755f-9f95-40b5-85b9-5e712f3f34e7:192.168.157.203:45275, 1ee6da7b-5867-4bad-ba0d-a2cfd13fd72a:192.168.157.203:35892, 4281bf39-36db-462c-8bc9-3c86cb645344:192.168.157.203:42381], old=null
2019-10-16 11:35:37,796 [1ee6da7b-5867-4bad-ba0d-a2cfd13fd72a@group-B3673A53AB6F-LeaderElection26] INFO  impl.LeaderElection (LeaderElection.java:askForVotes(178)) - 1ee6da7b-5867-4bad-ba0d-a2cfd13fd72a@group-B3673A53AB6F-LeaderElection26: begin an election at term 8 for -1: [f94c755f-9f95-40b5-85b9-5e712f3f34e7:192.168.157.203:45275, 1ee6da7b-5867-4bad-ba0d-a2cfd13fd72a:192.168.157.203:35892, 4281bf39-36db-462c-8bc9-3c86cb645344:192.168.157.203:42381], old=null
2019-10-16 11:35:37,798 [Thread-491] INFO  impl.FollowerState (FollowerState.java:run(108)) - a3132885-145f-4a8c-85f4-c10eb874732d@group-2077DD483DC7-FollowerState: change to CANDIDATE, lastRpcTime:138ms, electionTimeout:138ms
2019-10-16 11:35:37,813 [Thread-491] INFO  impl.RoleInfo (RoleInfo.java:shutdownFollowerState(121)) - a3132885-145f-4a8c-85f4-c10eb874732d: shutdown FollowerState
2019-10-16 11:35:37,814 [Thread-491] INFO  impl.RaftServerImpl (RaftServerImpl.java:setRole(184)) - a3132885-145f-4a8c-85f4-c10eb874732d@group-2077DD483DC7: changes role from  FOLLOWER to CANDIDATE at term 7 for changeToCandidate
2019-10-16 11:35:37,815 [Thread-491] INFO  impl.RoleInfo (RoleInfo.java:updateAndGet(143)) - a3132885-145f-4a8c-85f4-c10eb874732d: start LeaderElection
2019-10-16 11:35:37,816 [grpc-default-executor-1] INFO  impl.RaftServerImpl (RaftServerImpl.java:setRole(184)) - f94c755f-9f95-40b5-85b9-5e712f3f34e7@group-B3673A53AB6F: changes role from  FOLLOWER to FOLLOWER at term 8 for recognizeCandidate:1ee6da7b-5867-4bad-ba0d-a2cfd13fd72a
2019-10-16 11:35:37,816 [grpc-default-executor-1] INFO  impl.RoleInfo (RoleInfo.java:shutdownFollowerState(121)) - f94c755f-9f95-40b5-85b9-5e712f3f34e7: shutdown FollowerState
2019-10-16 11:35:37,816 [grpc-default-executor-6] INFO  impl.RaftServerImpl (RaftServerImpl.java:setRole(184)) - 4281bf39-36db-462c-8bc9-3c86cb645344@group-B3673A53AB6F: changes role from  FOLLOWER to FOLLOWER at term 8 for recognizeCandidate:1ee6da7b-5867-4bad-ba0d-a2cfd13fd72a
2019-10-16 11:35:37,816 [grpc-default-executor-6] INFO  impl.RoleInfo (RoleInfo.java:shutdownFollowerState(121)) - 4281bf39-36db-462c-8bc9-3c86cb645344: shutdown FollowerState
2019-10-16 11:35:37,816 [Thread-497] INFO  impl.FollowerState (FollowerState.java:run(117)) - f94c755f-9f95-40b5-85b9-5e712f3f34e7@group-B3673A53AB6F-FollowerState was interrupted: java.lang.InterruptedException: sleep interrupted
2019-10-16 11:35:37,816 [grpc-default-executor-1] INFO  impl.RoleInfo (RoleInfo.java:updateAndGet(143)) - f94c755f-9f95-40b5-85b9-5e712f3f34e7: start FollowerState
2019-10-16 11:35:37,818 [grpc-default-executor-6] INFO  impl.RoleInfo (RoleInfo.java:updateAndGet(143)) - 4281bf39-36db-462c-8bc9-3c86cb645344: start FollowerState
2019-10-16 11:35:37,818 [Thread-498] INFO  impl.FollowerState (FollowerState.java:run(117)) - 4281bf39-36db-462c-8bc9-3c86cb645344@group-B3673A53AB6F-FollowerState was interrupted: java.lang.InterruptedException: sleep interrupted
2019-10-16 11:35:37,834 [a3132885-145f-4a8c-85f4-c10eb874732d@group-2077DD483DC7-LeaderElection27] INFO  impl.LeaderElection (LeaderElection.java:askForVotes(178)) - a3132885-145f-4a8c-85f4-c10eb874732d@group-2077DD483DC7-LeaderElection27: begin an election at term 8 for -1: [163587bb-2c3b-4498-b576-18147cf38274:192.168.157.203:33208, a3132885-145f-4a8c-85f4-c10eb874732d:192.168.157.203:46766, 70b633f6-b230-4b9f-87f3-510da88f1e08:192.168.157.203:43163], old=null
2019-10-16 11:35:37,849 [1ee6da7b-5867-4bad-ba0d-a2cfd13fd72a@group-B3673A53AB6F-LeaderElection26] INFO  impl.LeaderElection (LeaderElection.java:logAndReturn(56)) - 1ee6da7b-5867-4bad-ba0d-a2cfd13fd72a@group-B3673A53AB6F-LeaderElection26: Election REJECTED; received 2 response(s) [1ee6da7b-5867-4bad-ba0d-a2cfd13fd72a<-f94c755f-9f95-40b5-85b9-5e712f3f34e7#0:FAIL-t8, 1ee6da7b-5867-4bad-ba0d-a2cfd13fd72a<-4281bf39-36db-462c-8bc9-3c86cb645344#0:FAIL-t8] and 0 exception(s); 1ee6da7b-5867-4bad-ba0d-a2cfd13fd72a@group-B3673A53AB6F:t8, leader=null, voted=1ee6da7b-5867-4bad-ba0d-a2cfd13fd72a, raftlog=1ee6da7b-5867-4bad-ba0d-a2cfd13fd72a@group-B3673A53AB6F-SegmentedRaftLog:OPENED:c-1,f-1,i0, conf=-1: [f94c755f-9f95-40b5-85b9-5e712f3f34e7:192.168.157.203:45275, 1ee6da7b-5867-4bad-ba0d-a2cfd13fd72a:192.168.157.203:35892, 4281bf39-36db-462c-8bc9-3c86cb645344:192.168.157.203:42381], old=null
2019-10-16 11:35:37,855 [1ee6da7b-5867-4bad-ba0d-a2cfd13fd72a@group-B3673A53AB6F-LeaderElection26] INFO  impl.RaftServerImpl (RaftServerImpl.java:setRole(184)) - 1ee6da7b-5867-4bad-ba0d-a2cfd13fd72a@group-B3673A53AB6F: changes role from CANDIDATE to FOLLOWER at term 8 for DISCOVERED_A_NEW_TERM
2019-10-16 11:35:37,855 [1ee6da7b-5867-4bad-ba0d-a2cfd13fd72a@group-B3673A53AB6F-LeaderElection26] INFO  impl.RoleInfo (RoleInfo.java:shutdownLeaderElection(134)) - 1ee6da7b-5867-4bad-ba0d-a2cfd13fd72a: shutdown LeaderElection
2019-10-16 11:35:37,855 [1ee6da7b-5867-4bad-ba0d-a2cfd13fd72a@group-B3673A53AB6F-LeaderElection26] INFO  impl.RoleInfo (RoleInfo.java:updateAndGet(143)) - 1ee6da7b-5867-4bad-ba0d-a2cfd13fd72a: start FollowerState
2019-10-16 11:35:37,858 [grpc-default-executor-6] INFO  impl.RaftServerImpl (RaftServerImpl.java:setRole(184)) - 163587bb-2c3b-4498-b576-18147cf38274@group-2077DD483DC7: changes role from  FOLLOWER to FOLLOWER at term 8 for recognizeCandidate:a3132885-145f-4a8c-85f4-c10eb874732d
2019-10-16 11:35:37,879 [grpc-default-executor-6] INFO  impl.RoleInfo (RoleInfo.java:shutdownFollowerState(121)) - 163587bb-2c3b-4498-b576-18147cf38274: shutdown FollowerState
2019-10-16 11:35:37,861 [main] INFO  rpc.RpcClient (RpcClient.java:createVolume(272)) - Creating Volume: datanodefailurehandlingtest, with jenkins1000 as owner.
2019-10-16 11:35:37,858 [grpc-default-executor-1] INFO  impl.RaftServerImpl (RaftServerImpl.java:setRole(184)) - 70b633f6-b230-4b9f-87f3-510da88f1e08@group-2077DD483DC7: changes role from  FOLLOWER to FOLLOWER at term 8 for recognizeCandidate:a3132885-145f-4a8c-85f4-c10eb874732d
2019-10-16 11:35:37,880 [grpc-default-executor-6] INFO  impl.RoleInfo (RoleInfo.java:updateAndGet(143)) - 163587bb-2c3b-4498-b576-18147cf38274: start FollowerState
2019-10-16 11:35:37,880 [Thread-482] INFO  impl.FollowerState (FollowerState.java:run(117)) - 163587bb-2c3b-4498-b576-18147cf38274@group-2077DD483DC7-FollowerState was interrupted: java.lang.InterruptedException: sleep interrupted
2019-10-16 11:35:37,881 [grpc-default-executor-1] INFO  impl.RoleInfo (RoleInfo.java:shutdownFollowerState(121)) - 70b633f6-b230-4b9f-87f3-510da88f1e08: shutdown FollowerState
2019-10-16 11:35:37,881 [grpc-default-executor-1] INFO  impl.RoleInfo (RoleInfo.java:updateAndGet(143)) - 70b633f6-b230-4b9f-87f3-510da88f1e08: start FollowerState
2019-10-16 11:35:37,882 [Thread-483] INFO  impl.FollowerState (FollowerState.java:run(117)) - 70b633f6-b230-4b9f-87f3-510da88f1e08@group-2077DD483DC7-FollowerState was interrupted: java.lang.InterruptedException: sleep interrupted
2019-10-16 11:35:37,907 [a3132885-145f-4a8c-85f4-c10eb874732d@group-2077DD483DC7-LeaderElection27] INFO  impl.LeaderElection (LeaderElection.java:logAndReturn(56)) - a3132885-145f-4a8c-85f4-c10eb874732d@group-2077DD483DC7-LeaderElection27: Election REJECTED; received 2 response(s) [a3132885-145f-4a8c-85f4-c10eb874732d<-163587bb-2c3b-4498-b576-18147cf38274#0:FAIL-t8, a3132885-145f-4a8c-85f4-c10eb874732d<-70b633f6-b230-4b9f-87f3-510da88f1e08#0:FAIL-t8] and 0 exception(s); a3132885-145f-4a8c-85f4-c10eb874732d@group-2077DD483DC7:t8, leader=null, voted=a3132885-145f-4a8c-85f4-c10eb874732d, raftlog=a3132885-145f-4a8c-85f4-c10eb874732d@group-2077DD483DC7-SegmentedRaftLog:OPENED:c-1,f-1,i0, conf=-1: [163587bb-2c3b-4498-b576-18147cf38274:192.168.157.203:33208, a3132885-145f-4a8c-85f4-c10eb874732d:192.168.157.203:46766, 70b633f6-b230-4b9f-87f3-510da88f1e08:192.168.157.203:43163], old=null
2019-10-16 11:35:37,907 [a3132885-145f-4a8c-85f4-c10eb874732d@group-2077DD483DC7-LeaderElection27] INFO  impl.RaftServerImpl (RaftServerImpl.java:setRole(184)) - a3132885-145f-4a8c-85f4-c10eb874732d@group-2077DD483DC7: changes role from CANDIDATE to FOLLOWER at term 8 for DISCOVERED_A_NEW_TERM
2019-10-16 11:35:37,907 [a3132885-145f-4a8c-85f4-c10eb874732d@group-2077DD483DC7-LeaderElection27] INFO  impl.RoleInfo (RoleInfo.java:shutdownLeaderElection(134)) - a3132885-145f-4a8c-85f4-c10eb874732d: shutdown LeaderElection
2019-10-16 11:35:37,907 [a3132885-145f-4a8c-85f4-c10eb874732d@group-2077DD483DC7-LeaderElection27] INFO  impl.RoleInfo (RoleInfo.java:updateAndGet(143)) - a3132885-145f-4a8c-85f4-c10eb874732d: start FollowerState
2019-10-16 11:35:37,959 [Timer for 'StorageContainerManager' metrics system] INFO  lib.Interns (Interns.java:removeEldestEntry(50)) - Metrics intern cache overflow at 2011 for MetricsSystem={MetricsSystem=MetricsInfoImpl{name=MetricsSystem, description=MetricsSystem}, MetricsSystem record=MetricsInfoImpl{name=MetricsSystem, description=MetricsSystem record}}
2019-10-16 11:35:37,967 [Thread-283] INFO  container.ReplicationManager (ReplicationManager.java:start(162)) - Starting Replication Monitor Thread.
2019-10-16 11:35:37,968 [ReplicationMonitor] INFO  container.ReplicationManager (ReplicationManager.java:run(225)) - Replication Monitor Thread took 0 milliseconds for processing 0 containers.
2019-10-16 11:35:38,012 [IPC Server handler 10 on 41033] INFO  volume.OMVolumeCreateRequest (OMVolumeCreateRequest.java:validateAndUpdateCache(193)) - created volume:datanodefailurehandlingtest for user:jenkins1000
2019-10-16 11:35:38,041 [main] INFO  rpc.RpcClient (RpcClient.java:createBucket(411)) - Creating Bucket: datanodefailurehandlingtest/datanodefailurehandlingtest, with Versioning false and Storage Type set to DISK and Encryption set to false 
2019-10-16 11:35:38,042 [Thread-507] INFO  impl.FollowerState (FollowerState.java:run(108)) - 1ee6da7b-5867-4bad-ba0d-a2cfd13fd72a@group-B3673A53AB6F-FollowerState: change to CANDIDATE, lastRpcTime:187ms, electionTimeout:187ms
2019-10-16 11:35:38,043 [Thread-507] INFO  impl.RoleInfo (RoleInfo.java:shutdownFollowerState(121)) - 1ee6da7b-5867-4bad-ba0d-a2cfd13fd72a: shutdown FollowerState
2019-10-16 11:35:38,043 [Thread-507] INFO  impl.RaftServerImpl (RaftServerImpl.java:setRole(184)) - 1ee6da7b-5867-4bad-ba0d-a2cfd13fd72a@group-B3673A53AB6F: changes role from  FOLLOWER to CANDIDATE at term 8 for changeToCandidate
2019-10-16 11:35:38,043 [Thread-507] INFO  impl.RoleInfo (RoleInfo.java:updateAndGet(143)) - 1ee6da7b-5867-4bad-ba0d-a2cfd13fd72a: start LeaderElection
2019-10-16 11:35:38,093 [1ee6da7b-5867-4bad-ba0d-a2cfd13fd72a@group-B3673A53AB6F-LeaderElection28] INFO  impl.LeaderElection (LeaderElection.java:askForVotes(178)) - 1ee6da7b-5867-4bad-ba0d-a2cfd13fd72a@group-B3673A53AB6F-LeaderElection28: begin an election at term 9 for -1: [f94c755f-9f95-40b5-85b9-5e712f3f34e7:192.168.157.203:45275, 1ee6da7b-5867-4bad-ba0d-a2cfd13fd72a:192.168.157.203:35892, 4281bf39-36db-462c-8bc9-3c86cb645344:192.168.157.203:42381], old=null
2019-10-16 11:35:38,096 [grpc-default-executor-6] INFO  impl.RaftServerImpl (RaftServerImpl.java:setRole(184)) - f94c755f-9f95-40b5-85b9-5e712f3f34e7@group-B3673A53AB6F: changes role from  FOLLOWER to FOLLOWER at term 9 for recognizeCandidate:1ee6da7b-5867-4bad-ba0d-a2cfd13fd72a
2019-10-16 11:35:38,096 [grpc-default-executor-1] INFO  impl.RaftServerImpl (RaftServerImpl.java:setRole(184)) - 4281bf39-36db-462c-8bc9-3c86cb645344@group-B3673A53AB6F: changes role from  FOLLOWER to FOLLOWER at term 9 for recognizeCandidate:1ee6da7b-5867-4bad-ba0d-a2cfd13fd72a
2019-10-16 11:35:38,096 [grpc-default-executor-6] INFO  impl.RoleInfo (RoleInfo.java:shutdownFollowerState(121)) - f94c755f-9f95-40b5-85b9-5e712f3f34e7: shutdown FollowerState
2019-10-16 11:35:38,097 [grpc-default-executor-1] INFO  impl.RoleInfo (RoleInfo.java:shutdownFollowerState(121)) - 4281bf39-36db-462c-8bc9-3c86cb645344: shutdown FollowerState
2019-10-16 11:35:38,097 [Thread-503] INFO  impl.FollowerState (FollowerState.java:run(117)) - f94c755f-9f95-40b5-85b9-5e712f3f34e7@group-B3673A53AB6F-FollowerState was interrupted: java.lang.InterruptedException: sleep interrupted
2019-10-16 11:35:38,097 [grpc-default-executor-1] INFO  impl.RoleInfo (RoleInfo.java:updateAndGet(143)) - 4281bf39-36db-462c-8bc9-3c86cb645344: start FollowerState
2019-10-16 11:35:38,097 [grpc-default-executor-6] INFO  impl.RoleInfo (RoleInfo.java:updateAndGet(143)) - f94c755f-9f95-40b5-85b9-5e712f3f34e7: start FollowerState
2019-10-16 11:35:38,097 [Thread-504] INFO  impl.FollowerState (FollowerState.java:run(117)) - 4281bf39-36db-462c-8bc9-3c86cb645344@group-B3673A53AB6F-FollowerState was interrupted: java.lang.InterruptedException: sleep interrupted
2019-10-16 11:35:38,106 [1ee6da7b-5867-4bad-ba0d-a2cfd13fd72a@group-B3673A53AB6F-LeaderElection28] INFO  impl.LeaderElection (LeaderElection.java:logAndReturn(56)) - 1ee6da7b-5867-4bad-ba0d-a2cfd13fd72a@group-B3673A53AB6F-LeaderElection28: Election REJECTED; received 2 response(s) [1ee6da7b-5867-4bad-ba0d-a2cfd13fd72a<-f94c755f-9f95-40b5-85b9-5e712f3f34e7#0:FAIL-t9, 1ee6da7b-5867-4bad-ba0d-a2cfd13fd72a<-4281bf39-36db-462c-8bc9-3c86cb645344#0:FAIL-t9] and 0 exception(s); 1ee6da7b-5867-4bad-ba0d-a2cfd13fd72a@group-B3673A53AB6F:t9, leader=null, voted=1ee6da7b-5867-4bad-ba0d-a2cfd13fd72a, raftlog=1ee6da7b-5867-4bad-ba0d-a2cfd13fd72a@group-B3673A53AB6F-SegmentedRaftLog:OPENED:c-1,f-1,i0, conf=-1: [f94c755f-9f95-40b5-85b9-5e712f3f34e7:192.168.157.203:45275, 1ee6da7b-5867-4bad-ba0d-a2cfd13fd72a:192.168.157.203:35892, 4281bf39-36db-462c-8bc9-3c86cb645344:192.168.157.203:42381], old=null
2019-10-16 11:35:38,106 [1ee6da7b-5867-4bad-ba0d-a2cfd13fd72a@group-B3673A53AB6F-LeaderElection28] INFO  impl.RaftServerImpl (RaftServerImpl.java:setRole(184)) - 1ee6da7b-5867-4bad-ba0d-a2cfd13fd72a@group-B3673A53AB6F: changes role from CANDIDATE to FOLLOWER at term 9 for DISCOVERED_A_NEW_TERM
2019-10-16 11:35:38,106 [1ee6da7b-5867-4bad-ba0d-a2cfd13fd72a@group-B3673A53AB6F-LeaderElection28] INFO  impl.RoleInfo (RoleInfo.java:shutdownLeaderElection(134)) - 1ee6da7b-5867-4bad-ba0d-a2cfd13fd72a: shutdown LeaderElection
2019-10-16 11:35:38,106 [1ee6da7b-5867-4bad-ba0d-a2cfd13fd72a@group-B3673A53AB6F-LeaderElection28] INFO  impl.RoleInfo (RoleInfo.java:updateAndGet(143)) - 1ee6da7b-5867-4bad-ba0d-a2cfd13fd72a: start FollowerState
2019-10-16 11:35:38,107 [Thread-510] INFO  impl.FollowerState (FollowerState.java:run(108)) - a3132885-145f-4a8c-85f4-c10eb874732d@group-2077DD483DC7-FollowerState: change to CANDIDATE, lastRpcTime:200ms, electionTimeout:200ms
2019-10-16 11:35:38,110 [Thread-510] INFO  impl.RoleInfo (RoleInfo.java:shutdownFollowerState(121)) - a3132885-145f-4a8c-85f4-c10eb874732d: shutdown FollowerState
2019-10-16 11:35:38,110 [Thread-510] INFO  impl.RaftServerImpl (RaftServerImpl.java:setRole(184)) - a3132885-145f-4a8c-85f4-c10eb874732d@group-2077DD483DC7: changes role from  FOLLOWER to CANDIDATE at term 8 for changeToCandidate
2019-10-16 11:35:38,111 [Thread-510] INFO  impl.RoleInfo (RoleInfo.java:updateAndGet(143)) - a3132885-145f-4a8c-85f4-c10eb874732d: start LeaderElection
2019-10-16 11:35:38,118 [a3132885-145f-4a8c-85f4-c10eb874732d@group-2077DD483DC7-LeaderElection29] INFO  impl.LeaderElection (LeaderElection.java:askForVotes(178)) - a3132885-145f-4a8c-85f4-c10eb874732d@group-2077DD483DC7-LeaderElection29: begin an election at term 9 for -1: [163587bb-2c3b-4498-b576-18147cf38274:192.168.157.203:33208, a3132885-145f-4a8c-85f4-c10eb874732d:192.168.157.203:46766, 70b633f6-b230-4b9f-87f3-510da88f1e08:192.168.157.203:43163], old=null
2019-10-16 11:35:38,122 [grpc-default-executor-6] INFO  impl.RaftServerImpl (RaftServerImpl.java:setRole(184)) - 163587bb-2c3b-4498-b576-18147cf38274@group-2077DD483DC7: changes role from  FOLLOWER to FOLLOWER at term 9 for recognizeCandidate:a3132885-145f-4a8c-85f4-c10eb874732d
2019-10-16 11:35:38,122 [grpc-default-executor-6] INFO  impl.RoleInfo (RoleInfo.java:shutdownFollowerState(121)) - 163587bb-2c3b-4498-b576-18147cf38274: shutdown FollowerState
2019-10-16 11:35:38,122 [grpc-default-executor-1] INFO  impl.RaftServerImpl (RaftServerImpl.java:setRole(184)) - 70b633f6-b230-4b9f-87f3-510da88f1e08@group-2077DD483DC7: changes role from  FOLLOWER to FOLLOWER at term 9 for recognizeCandidate:a3132885-145f-4a8c-85f4-c10eb874732d
2019-10-16 11:35:38,122 [grpc-default-executor-1] INFO  impl.RoleInfo (RoleInfo.java:shutdownFollowerState(121)) - 70b633f6-b230-4b9f-87f3-510da88f1e08: shutdown FollowerState
2019-10-16 11:35:38,122 [grpc-default-executor-6] INFO  impl.RoleInfo (RoleInfo.java:updateAndGet(143)) - 163587bb-2c3b-4498-b576-18147cf38274: start FollowerState
2019-10-16 11:35:38,122 [Thread-508] INFO  impl.FollowerState (FollowerState.java:run(117)) - 163587bb-2c3b-4498-b576-18147cf38274@group-2077DD483DC7-FollowerState was interrupted: java.lang.InterruptedException: sleep interrupted
2019-10-16 11:35:38,123 [Thread-509] INFO  impl.FollowerState (FollowerState.java:run(117)) - 70b633f6-b230-4b9f-87f3-510da88f1e08@group-2077DD483DC7-FollowerState was interrupted: java.lang.InterruptedException: sleep interrupted
2019-10-16 11:35:38,123 [grpc-default-executor-1] INFO  impl.RoleInfo (RoleInfo.java:updateAndGet(143)) - 70b633f6-b230-4b9f-87f3-510da88f1e08: start FollowerState
2019-10-16 11:35:38,133 [a3132885-145f-4a8c-85f4-c10eb874732d@group-2077DD483DC7-LeaderElection29] INFO  impl.LeaderElection (LeaderElection.java:logAndReturn(56)) - a3132885-145f-4a8c-85f4-c10eb874732d@group-2077DD483DC7-LeaderElection29: Election REJECTED; received 2 response(s) [a3132885-145f-4a8c-85f4-c10eb874732d<-163587bb-2c3b-4498-b576-18147cf38274#0:FAIL-t9, a3132885-145f-4a8c-85f4-c10eb874732d<-70b633f6-b230-4b9f-87f3-510da88f1e08#0:FAIL-t9] and 0 exception(s); a3132885-145f-4a8c-85f4-c10eb874732d@group-2077DD483DC7:t9, leader=null, voted=a3132885-145f-4a8c-85f4-c10eb874732d, raftlog=a3132885-145f-4a8c-85f4-c10eb874732d@group-2077DD483DC7-SegmentedRaftLog:OPENED:c-1,f-1,i0, conf=-1: [163587bb-2c3b-4498-b576-18147cf38274:192.168.157.203:33208, a3132885-145f-4a8c-85f4-c10eb874732d:192.168.157.203:46766, 70b633f6-b230-4b9f-87f3-510da88f1e08:192.168.157.203:43163], old=null
2019-10-16 11:35:38,134 [a3132885-145f-4a8c-85f4-c10eb874732d@group-2077DD483DC7-LeaderElection29] INFO  impl.RaftServerImpl (RaftServerImpl.java:setRole(184)) - a3132885-145f-4a8c-85f4-c10eb874732d@group-2077DD483DC7: changes role from CANDIDATE to FOLLOWER at term 9 for DISCOVERED_A_NEW_TERM
2019-10-16 11:35:38,134 [a3132885-145f-4a8c-85f4-c10eb874732d@group-2077DD483DC7-LeaderElection29] INFO  impl.RoleInfo (RoleInfo.java:shutdownLeaderElection(134)) - a3132885-145f-4a8c-85f4-c10eb874732d: shutdown LeaderElection
2019-10-16 11:35:38,134 [a3132885-145f-4a8c-85f4-c10eb874732d@group-2077DD483DC7-LeaderElection29] INFO  impl.RoleInfo (RoleInfo.java:updateAndGet(143)) - a3132885-145f-4a8c-85f4-c10eb874732d: start FollowerState
2019-10-16 11:35:38,158 [Thread-524] INFO  impl.FollowerState (FollowerState.java:run(108)) - a3132885-145f-4a8c-85f4-c10eb874732d@group-2077DD483DC7-FollowerState: change to CANDIDATE, lastRpcTime:24ms, electionTimeout:24ms
2019-10-16 11:35:38,161 [Thread-524] INFO  impl.RoleInfo (RoleInfo.java:shutdownFollowerState(121)) - a3132885-145f-4a8c-85f4-c10eb874732d: shutdown FollowerState
2019-10-16 11:35:38,162 [Thread-524] INFO  impl.RaftServerImpl (RaftServerImpl.java:setRole(184)) - a3132885-145f-4a8c-85f4-c10eb874732d@group-2077DD483DC7: changes role from  FOLLOWER to CANDIDATE at term 9 for changeToCandidate
2019-10-16 11:35:38,162 [Thread-524] INFO  impl.RoleInfo (RoleInfo.java:updateAndGet(143)) - a3132885-145f-4a8c-85f4-c10eb874732d: start LeaderElection
2019-10-16 11:35:38,177 [a3132885-145f-4a8c-85f4-c10eb874732d@group-2077DD483DC7-LeaderElection30] INFO  impl.LeaderElection (LeaderElection.java:askForVotes(178)) - a3132885-145f-4a8c-85f4-c10eb874732d@group-2077DD483DC7-LeaderElection30: begin an election at term 10 for -1: [163587bb-2c3b-4498-b576-18147cf38274:192.168.157.203:33208, a3132885-145f-4a8c-85f4-c10eb874732d:192.168.157.203:46766, 70b633f6-b230-4b9f-87f3-510da88f1e08:192.168.157.203:43163], old=null
2019-10-16 11:35:38,180 [grpc-default-executor-6] INFO  impl.RaftServerImpl (RaftServerImpl.java:setRole(184)) - 163587bb-2c3b-4498-b576-18147cf38274@group-2077DD483DC7: changes role from  FOLLOWER to FOLLOWER at term 10 for recognizeCandidate:a3132885-145f-4a8c-85f4-c10eb874732d
2019-10-16 11:35:38,181 [grpc-default-executor-6] INFO  impl.RoleInfo (RoleInfo.java:shutdownFollowerState(121)) - 163587bb-2c3b-4498-b576-18147cf38274: shutdown FollowerState
2019-10-16 11:35:38,181 [Thread-522] INFO  impl.FollowerState (FollowerState.java:run(117)) - 163587bb-2c3b-4498-b576-18147cf38274@group-2077DD483DC7-FollowerState was interrupted: java.lang.InterruptedException: sleep interrupted
2019-10-16 11:35:38,181 [grpc-default-executor-6] INFO  impl.RoleInfo (RoleInfo.java:updateAndGet(143)) - 163587bb-2c3b-4498-b576-18147cf38274: start FollowerState
2019-10-16 11:35:38,181 [grpc-default-executor-1] INFO  impl.RaftServerImpl (RaftServerImpl.java:setRole(184)) - 70b633f6-b230-4b9f-87f3-510da88f1e08@group-2077DD483DC7: changes role from  FOLLOWER to FOLLOWER at term 10 for recognizeCandidate:a3132885-145f-4a8c-85f4-c10eb874732d
2019-10-16 11:35:38,181 [grpc-default-executor-1] INFO  impl.RoleInfo (RoleInfo.java:shutdownFollowerState(121)) - 70b633f6-b230-4b9f-87f3-510da88f1e08: shutdown FollowerState
2019-10-16 11:35:38,182 [Thread-523] INFO  impl.FollowerState (FollowerState.java:run(117)) - 70b633f6-b230-4b9f-87f3-510da88f1e08@group-2077DD483DC7-FollowerState was interrupted: java.lang.InterruptedException: sleep interrupted
2019-10-16 11:35:38,182 [grpc-default-executor-1] INFO  impl.RoleInfo (RoleInfo.java:updateAndGet(143)) - 70b633f6-b230-4b9f-87f3-510da88f1e08: start FollowerState
2019-10-16 11:35:38,195 [a3132885-145f-4a8c-85f4-c10eb874732d@group-2077DD483DC7-LeaderElection30] INFO  impl.LeaderElection (LeaderElection.java:logAndReturn(56)) - a3132885-145f-4a8c-85f4-c10eb874732d@group-2077DD483DC7-LeaderElection30: Election REJECTED; received 2 response(s) [a3132885-145f-4a8c-85f4-c10eb874732d<-163587bb-2c3b-4498-b576-18147cf38274#0:FAIL-t10, a3132885-145f-4a8c-85f4-c10eb874732d<-70b633f6-b230-4b9f-87f3-510da88f1e08#0:FAIL-t10] and 0 exception(s); a3132885-145f-4a8c-85f4-c10eb874732d@group-2077DD483DC7:t10, leader=null, voted=a3132885-145f-4a8c-85f4-c10eb874732d, raftlog=a3132885-145f-4a8c-85f4-c10eb874732d@group-2077DD483DC7-SegmentedRaftLog:OPENED:c-1,f-1,i0, conf=-1: [163587bb-2c3b-4498-b576-18147cf38274:192.168.157.203:33208, a3132885-145f-4a8c-85f4-c10eb874732d:192.168.157.203:46766, 70b633f6-b230-4b9f-87f3-510da88f1e08:192.168.157.203:43163], old=null
2019-10-16 11:35:38,195 [a3132885-145f-4a8c-85f4-c10eb874732d@group-2077DD483DC7-LeaderElection30] INFO  impl.RaftServerImpl (RaftServerImpl.java:setRole(184)) - a3132885-145f-4a8c-85f4-c10eb874732d@group-2077DD483DC7: changes role from CANDIDATE to FOLLOWER at term 10 for DISCOVERED_A_NEW_TERM
2019-10-16 11:35:38,195 [a3132885-145f-4a8c-85f4-c10eb874732d@group-2077DD483DC7-LeaderElection30] INFO  impl.RoleInfo (RoleInfo.java:shutdownLeaderElection(134)) - a3132885-145f-4a8c-85f4-c10eb874732d: shutdown LeaderElection
2019-10-16 11:35:38,195 [a3132885-145f-4a8c-85f4-c10eb874732d@group-2077DD483DC7-LeaderElection30] INFO  impl.RoleInfo (RoleInfo.java:updateAndGet(143)) - a3132885-145f-4a8c-85f4-c10eb874732d: start FollowerState
2019-10-16 11:35:38,246 [Thread-518] INFO  impl.FollowerState (FollowerState.java:run(108)) - 1ee6da7b-5867-4bad-ba0d-a2cfd13fd72a@group-B3673A53AB6F-FollowerState: change to CANDIDATE, lastRpcTime:139ms, electionTimeout:139ms
2019-10-16 11:35:38,254 [Thread-518] INFO  impl.RoleInfo (RoleInfo.java:shutdownFollowerState(121)) - 1ee6da7b-5867-4bad-ba0d-a2cfd13fd72a: shutdown FollowerState
2019-10-16 11:35:38,254 [Thread-518] INFO  impl.RaftServerImpl (RaftServerImpl.java:setRole(184)) - 1ee6da7b-5867-4bad-ba0d-a2cfd13fd72a@group-B3673A53AB6F: changes role from  FOLLOWER to CANDIDATE at term 9 for changeToCandidate
2019-10-16 11:35:38,254 [Thread-518] INFO  impl.RoleInfo (RoleInfo.java:updateAndGet(143)) - 1ee6da7b-5867-4bad-ba0d-a2cfd13fd72a: start LeaderElection
2019-10-16 11:35:38,258 [1ee6da7b-5867-4bad-ba0d-a2cfd13fd72a@group-B3673A53AB6F-LeaderElection31] INFO  impl.LeaderElection (LeaderElection.java:askForVotes(178)) - 1ee6da7b-5867-4bad-ba0d-a2cfd13fd72a@group-B3673A53AB6F-LeaderElection31: begin an election at term 10 for -1: [f94c755f-9f95-40b5-85b9-5e712f3f34e7:192.168.157.203:45275, 1ee6da7b-5867-4bad-ba0d-a2cfd13fd72a:192.168.157.203:35892, 4281bf39-36db-462c-8bc9-3c86cb645344:192.168.157.203:42381], old=null
2019-10-16 11:35:38,262 [grpc-default-executor-1] INFO  impl.RaftServerImpl (RaftServerImpl.java:setRole(184)) - f94c755f-9f95-40b5-85b9-5e712f3f34e7@group-B3673A53AB6F: changes role from  FOLLOWER to FOLLOWER at term 10 for recognizeCandidate:1ee6da7b-5867-4bad-ba0d-a2cfd13fd72a
2019-10-16 11:35:38,262 [grpc-default-executor-1] INFO  impl.RoleInfo (RoleInfo.java:shutdownFollowerState(121)) - f94c755f-9f95-40b5-85b9-5e712f3f34e7: shutdown FollowerState
2019-10-16 11:35:38,262 [grpc-default-executor-6] INFO  impl.RaftServerImpl (RaftServerImpl.java:setRole(184)) - 4281bf39-36db-462c-8bc9-3c86cb645344@group-B3673A53AB6F: changes role from  FOLLOWER to FOLLOWER at term 10 for recognizeCandidate:1ee6da7b-5867-4bad-ba0d-a2cfd13fd72a
2019-10-16 11:35:38,262 [grpc-default-executor-1] INFO  impl.RoleInfo (RoleInfo.java:updateAndGet(143)) - f94c755f-9f95-40b5-85b9-5e712f3f34e7: start FollowerState
2019-10-16 11:35:38,262 [Thread-516] INFO  impl.FollowerState (FollowerState.java:run(117)) - f94c755f-9f95-40b5-85b9-5e712f3f34e7@group-B3673A53AB6F-FollowerState was interrupted: java.lang.InterruptedException: sleep interrupted
2019-10-16 11:35:38,262 [grpc-default-executor-6] INFO  impl.RoleInfo (RoleInfo.java:shutdownFollowerState(121)) - 4281bf39-36db-462c-8bc9-3c86cb645344: shutdown FollowerState
2019-10-16 11:35:38,263 [Thread-517] INFO  impl.FollowerState (FollowerState.java:run(117)) - 4281bf39-36db-462c-8bc9-3c86cb645344@group-B3673A53AB6F-FollowerState was interrupted: java.lang.InterruptedException: sleep interrupted
2019-10-16 11:35:38,263 [grpc-default-executor-6] INFO  impl.RoleInfo (RoleInfo.java:updateAndGet(143)) - 4281bf39-36db-462c-8bc9-3c86cb645344: start FollowerState
2019-10-16 11:35:38,277 [1ee6da7b-5867-4bad-ba0d-a2cfd13fd72a@group-B3673A53AB6F-LeaderElection31] INFO  impl.LeaderElection (LeaderElection.java:logAndReturn(56)) - 1ee6da7b-5867-4bad-ba0d-a2cfd13fd72a@group-B3673A53AB6F-LeaderElection31: Election REJECTED; received 2 response(s) [1ee6da7b-5867-4bad-ba0d-a2cfd13fd72a<-f94c755f-9f95-40b5-85b9-5e712f3f34e7#0:FAIL-t10, 1ee6da7b-5867-4bad-ba0d-a2cfd13fd72a<-4281bf39-36db-462c-8bc9-3c86cb645344#0:FAIL-t10] and 0 exception(s); 1ee6da7b-5867-4bad-ba0d-a2cfd13fd72a@group-B3673A53AB6F:t10, leader=null, voted=1ee6da7b-5867-4bad-ba0d-a2cfd13fd72a, raftlog=1ee6da7b-5867-4bad-ba0d-a2cfd13fd72a@group-B3673A53AB6F-SegmentedRaftLog:OPENED:c-1,f-1,i0, conf=-1: [f94c755f-9f95-40b5-85b9-5e712f3f34e7:192.168.157.203:45275, 1ee6da7b-5867-4bad-ba0d-a2cfd13fd72a:192.168.157.203:35892, 4281bf39-36db-462c-8bc9-3c86cb645344:192.168.157.203:42381], old=null
2019-10-16 11:35:38,277 [1ee6da7b-5867-4bad-ba0d-a2cfd13fd72a@group-B3673A53AB6F-LeaderElection31] INFO  impl.RaftServerImpl (RaftServerImpl.java:setRole(184)) - 1ee6da7b-5867-4bad-ba0d-a2cfd13fd72a@group-B3673A53AB6F: changes role from CANDIDATE to FOLLOWER at term 10 for DISCOVERED_A_NEW_TERM
2019-10-16 11:35:38,277 [1ee6da7b-5867-4bad-ba0d-a2cfd13fd72a@group-B3673A53AB6F-LeaderElection31] INFO  impl.RoleInfo (RoleInfo.java:shutdownLeaderElection(134)) - 1ee6da7b-5867-4bad-ba0d-a2cfd13fd72a: shutdown LeaderElection
2019-10-16 11:35:38,278 [1ee6da7b-5867-4bad-ba0d-a2cfd13fd72a@group-B3673A53AB6F-LeaderElection31] INFO  impl.RoleInfo (RoleInfo.java:updateAndGet(143)) - 1ee6da7b-5867-4bad-ba0d-a2cfd13fd72a: start FollowerState
2019-10-16 11:35:38,303 [main] INFO  impl.MetricsSystemImpl (MetricsSystemImpl.java:init(158)) - XceiverClientMetrics metrics system started (again)
2019-10-16 11:35:38,365 [Thread-536] INFO  impl.FollowerState (FollowerState.java:run(108)) - 1ee6da7b-5867-4bad-ba0d-a2cfd13fd72a@group-B3673A53AB6F-FollowerState: change to CANDIDATE, lastRpcTime:87ms, electionTimeout:87ms
2019-10-16 11:35:38,365 [Thread-536] INFO  impl.RoleInfo (RoleInfo.java:shutdownFollowerState(121)) - 1ee6da7b-5867-4bad-ba0d-a2cfd13fd72a: shutdown FollowerState
2019-10-16 11:35:38,365 [Thread-536] INFO  impl.RaftServerImpl (RaftServerImpl.java:setRole(184)) - 1ee6da7b-5867-4bad-ba0d-a2cfd13fd72a@group-B3673A53AB6F: changes role from  FOLLOWER to CANDIDATE at term 10 for changeToCandidate
2019-10-16 11:35:38,365 [Thread-536] INFO  impl.RoleInfo (RoleInfo.java:updateAndGet(143)) - 1ee6da7b-5867-4bad-ba0d-a2cfd13fd72a: start LeaderElection
2019-10-16 11:35:38,374 [1ee6da7b-5867-4bad-ba0d-a2cfd13fd72a@group-B3673A53AB6F-LeaderElection32] INFO  impl.LeaderElection (LeaderElection.java:askForVotes(178)) - 1ee6da7b-5867-4bad-ba0d-a2cfd13fd72a@group-B3673A53AB6F-LeaderElection32: begin an election at term 11 for -1: [f94c755f-9f95-40b5-85b9-5e712f3f34e7:192.168.157.203:45275, 1ee6da7b-5867-4bad-ba0d-a2cfd13fd72a:192.168.157.203:35892, 4281bf39-36db-462c-8bc9-3c86cb645344:192.168.157.203:42381], old=null
2019-10-16 11:35:38,377 [grpc-default-executor-1] INFO  impl.RaftServerImpl (RaftServerImpl.java:setRole(184)) - f94c755f-9f95-40b5-85b9-5e712f3f34e7@group-B3673A53AB6F: changes role from  FOLLOWER to FOLLOWER at term 11 for recognizeCandidate:1ee6da7b-5867-4bad-ba0d-a2cfd13fd72a
2019-10-16 11:35:38,377 [grpc-default-executor-6] INFO  impl.RaftServerImpl (RaftServerImpl.java:setRole(184)) - 4281bf39-36db-462c-8bc9-3c86cb645344@group-B3673A53AB6F: changes role from  FOLLOWER to FOLLOWER at term 11 for recognizeCandidate:1ee6da7b-5867-4bad-ba0d-a2cfd13fd72a
2019-10-16 11:35:38,378 [grpc-default-executor-1] INFO  impl.RoleInfo (RoleInfo.java:shutdownFollowerState(121)) - f94c755f-9f95-40b5-85b9-5e712f3f34e7: shutdown FollowerState
2019-10-16 11:35:38,378 [grpc-default-executor-6] INFO  impl.RoleInfo (RoleInfo.java:shutdownFollowerState(121)) - 4281bf39-36db-462c-8bc9-3c86cb645344: shutdown FollowerState
2019-10-16 11:35:38,378 [grpc-default-executor-1] INFO  impl.RoleInfo (RoleInfo.java:updateAndGet(143)) - f94c755f-9f95-40b5-85b9-5e712f3f34e7: start FollowerState
2019-10-16 11:35:38,378 [Thread-535] INFO  impl.FollowerState (FollowerState.java:run(117)) - 4281bf39-36db-462c-8bc9-3c86cb645344@group-B3673A53AB6F-FollowerState was interrupted: java.lang.InterruptedException: sleep interrupted
2019-10-16 11:35:38,378 [grpc-default-executor-6] INFO  impl.RoleInfo (RoleInfo.java:updateAndGet(143)) - 4281bf39-36db-462c-8bc9-3c86cb645344: start FollowerState
2019-10-16 11:35:38,378 [1ee6da7b-5867-4bad-ba0d-a2cfd13fd72a@group-B3673A53AB6F-LeaderElection32] INFO  impl.LeaderElection (LeaderElection.java:logAndReturn(56)) - 1ee6da7b-5867-4bad-ba0d-a2cfd13fd72a@group-B3673A53AB6F-LeaderElection32: Election TIMEOUT; received 0 response(s) [] and 0 exception(s); 1ee6da7b-5867-4bad-ba0d-a2cfd13fd72a@group-B3673A53AB6F:t11, leader=null, voted=1ee6da7b-5867-4bad-ba0d-a2cfd13fd72a, raftlog=1ee6da7b-5867-4bad-ba0d-a2cfd13fd72a@group-B3673A53AB6F-SegmentedRaftLog:OPENED:c-1,f-1,i0, conf=-1: [f94c755f-9f95-40b5-85b9-5e712f3f34e7:192.168.157.203:45275, 1ee6da7b-5867-4bad-ba0d-a2cfd13fd72a:192.168.157.203:35892, 4281bf39-36db-462c-8bc9-3c86cb645344:192.168.157.203:42381], old=null
2019-10-16 11:35:38,378 [Thread-534] INFO  impl.FollowerState (FollowerState.java:run(117)) - f94c755f-9f95-40b5-85b9-5e712f3f34e7@group-B3673A53AB6F-FollowerState was interrupted: java.lang.InterruptedException: sleep interrupted
2019-10-16 11:35:38,385 [1ee6da7b-5867-4bad-ba0d-a2cfd13fd72a@group-B3673A53AB6F-LeaderElection32] INFO  impl.LeaderElection (LeaderElection.java:askForVotes(178)) - 1ee6da7b-5867-4bad-ba0d-a2cfd13fd72a@group-B3673A53AB6F-LeaderElection32: begin an election at term 12 for -1: [f94c755f-9f95-40b5-85b9-5e712f3f34e7:192.168.157.203:45275, 1ee6da7b-5867-4bad-ba0d-a2cfd13fd72a:192.168.157.203:35892, 4281bf39-36db-462c-8bc9-3c86cb645344:192.168.157.203:42381], old=null
2019-10-16 11:35:38,388 [grpc-default-executor-1] INFO  impl.RaftServerImpl (RaftServerImpl.java:setRole(184)) - f94c755f-9f95-40b5-85b9-5e712f3f34e7@group-B3673A53AB6F: changes role from  FOLLOWER to FOLLOWER at term 12 for recognizeCandidate:1ee6da7b-5867-4bad-ba0d-a2cfd13fd72a
2019-10-16 11:35:38,388 [grpc-default-executor-1] INFO  impl.RoleInfo (RoleInfo.java:shutdownFollowerState(121)) - f94c755f-9f95-40b5-85b9-5e712f3f34e7: shutdown FollowerState
2019-10-16 11:35:38,388 [grpc-default-executor-6] INFO  impl.RaftServerImpl (RaftServerImpl.java:setRole(184)) - 4281bf39-36db-462c-8bc9-3c86cb645344@group-B3673A53AB6F: changes role from  FOLLOWER to FOLLOWER at term 12 for recognizeCandidate:1ee6da7b-5867-4bad-ba0d-a2cfd13fd72a
2019-10-16 11:35:38,388 [grpc-default-executor-1] INFO  impl.RoleInfo (RoleInfo.java:updateAndGet(143)) - f94c755f-9f95-40b5-85b9-5e712f3f34e7: start FollowerState
2019-10-16 11:35:38,388 [Thread-540] INFO  impl.FollowerState (FollowerState.java:run(117)) - f94c755f-9f95-40b5-85b9-5e712f3f34e7@group-B3673A53AB6F-FollowerState was interrupted: java.lang.InterruptedException: sleep interrupted
2019-10-16 11:35:38,388 [grpc-default-executor-6] INFO  impl.RoleInfo (RoleInfo.java:shutdownFollowerState(121)) - 4281bf39-36db-462c-8bc9-3c86cb645344: shutdown FollowerState
2019-10-16 11:35:38,389 [grpc-default-executor-6] INFO  impl.RoleInfo (RoleInfo.java:updateAndGet(143)) - 4281bf39-36db-462c-8bc9-3c86cb645344: start FollowerState
2019-10-16 11:35:38,389 [Thread-541] INFO  impl.FollowerState (FollowerState.java:run(117)) - 4281bf39-36db-462c-8bc9-3c86cb645344@group-B3673A53AB6F-FollowerState was interrupted: java.lang.InterruptedException: sleep interrupted
2019-10-16 11:35:38,391 [Thread-530] INFO  impl.FollowerState (FollowerState.java:run(108)) - a3132885-145f-4a8c-85f4-c10eb874732d@group-2077DD483DC7-FollowerState: change to CANDIDATE, lastRpcTime:195ms, electionTimeout:195ms
2019-10-16 11:35:38,391 [Thread-530] INFO  impl.RoleInfo (RoleInfo.java:shutdownFollowerState(121)) - a3132885-145f-4a8c-85f4-c10eb874732d: shutdown FollowerState
2019-10-16 11:35:38,391 [Thread-530] INFO  impl.RaftServerImpl (RaftServerImpl.java:setRole(184)) - a3132885-145f-4a8c-85f4-c10eb874732d@group-2077DD483DC7: changes role from  FOLLOWER to CANDIDATE at term 10 for changeToCandidate
2019-10-16 11:35:38,391 [Thread-530] INFO  impl.RoleInfo (RoleInfo.java:updateAndGet(143)) - a3132885-145f-4a8c-85f4-c10eb874732d: start LeaderElection
2019-10-16 11:35:38,398 [a3132885-145f-4a8c-85f4-c10eb874732d@group-2077DD483DC7-LeaderElection33] INFO  impl.LeaderElection (LeaderElection.java:askForVotes(178)) - a3132885-145f-4a8c-85f4-c10eb874732d@group-2077DD483DC7-LeaderElection33: begin an election at term 11 for -1: [163587bb-2c3b-4498-b576-18147cf38274:192.168.157.203:33208, a3132885-145f-4a8c-85f4-c10eb874732d:192.168.157.203:46766, 70b633f6-b230-4b9f-87f3-510da88f1e08:192.168.157.203:43163], old=null
2019-10-16 11:35:38,401 [grpc-default-executor-1] INFO  impl.RaftServerImpl (RaftServerImpl.java:setRole(184)) - 163587bb-2c3b-4498-b576-18147cf38274@group-2077DD483DC7: changes role from  FOLLOWER to FOLLOWER at term 11 for recognizeCandidate:a3132885-145f-4a8c-85f4-c10eb874732d
2019-10-16 11:35:38,401 [grpc-default-executor-1] INFO  impl.RoleInfo (RoleInfo.java:shutdownFollowerState(121)) - 163587bb-2c3b-4498-b576-18147cf38274: shutdown FollowerState
2019-10-16 11:35:38,401 [grpc-default-executor-6] INFO  impl.RaftServerImpl (RaftServerImpl.java:setRole(184)) - 70b633f6-b230-4b9f-87f3-510da88f1e08@group-2077DD483DC7: changes role from  FOLLOWER to FOLLOWER at term 11 for recognizeCandidate:a3132885-145f-4a8c-85f4-c10eb874732d
2019-10-16 11:35:38,401 [grpc-default-executor-1] INFO  impl.RoleInfo (RoleInfo.java:updateAndGet(143)) - 163587bb-2c3b-4498-b576-18147cf38274: start FollowerState
2019-10-16 11:35:38,401 [Thread-528] INFO  impl.FollowerState (FollowerState.java:run(117)) - 163587bb-2c3b-4498-b576-18147cf38274@group-2077DD483DC7-FollowerState was interrupted: java.lang.InterruptedException: sleep interrupted
2019-10-16 11:35:38,401 [1ee6da7b-5867-4bad-ba0d-a2cfd13fd72a@group-B3673A53AB6F-LeaderElection32] INFO  impl.LeaderElection (LeaderElection.java:logAndReturn(56)) - 1ee6da7b-5867-4bad-ba0d-a2cfd13fd72a@group-B3673A53AB6F-LeaderElection32: Election REJECTED; received 2 response(s) [1ee6da7b-5867-4bad-ba0d-a2cfd13fd72a<-f94c755f-9f95-40b5-85b9-5e712f3f34e7#0:FAIL-t12, 1ee6da7b-5867-4bad-ba0d-a2cfd13fd72a<-4281bf39-36db-462c-8bc9-3c86cb645344#0:FAIL-t12] and 0 exception(s); 1ee6da7b-5867-4bad-ba0d-a2cfd13fd72a@group-B3673A53AB6F:t12, leader=null, voted=1ee6da7b-5867-4bad-ba0d-a2cfd13fd72a, raftlog=1ee6da7b-5867-4bad-ba0d-a2cfd13fd72a@group-B3673A53AB6F-SegmentedRaftLog:OPENED:c-1,f-1,i0, conf=-1: [f94c755f-9f95-40b5-85b9-5e712f3f34e7:192.168.157.203:45275, 1ee6da7b-5867-4bad-ba0d-a2cfd13fd72a:192.168.157.203:35892, 4281bf39-36db-462c-8bc9-3c86cb645344:192.168.157.203:42381], old=null
2019-10-16 11:35:38,401 [grpc-default-executor-6] INFO  impl.RoleInfo (RoleInfo.java:shutdownFollowerState(121)) - 70b633f6-b230-4b9f-87f3-510da88f1e08: shutdown FollowerState
2019-10-16 11:35:38,402 [1ee6da7b-5867-4bad-ba0d-a2cfd13fd72a@group-B3673A53AB6F-LeaderElection32] INFO  impl.RaftServerImpl (RaftServerImpl.java:setRole(184)) - 1ee6da7b-5867-4bad-ba0d-a2cfd13fd72a@group-B3673A53AB6F: changes role from CANDIDATE to FOLLOWER at term 12 for DISCOVERED_A_NEW_TERM
2019-10-16 11:35:38,404 [grpc-default-executor-6] INFO  impl.RoleInfo (RoleInfo.java:updateAndGet(143)) - 70b633f6-b230-4b9f-87f3-510da88f1e08: start FollowerState
2019-10-16 11:35:38,404 [Thread-529] INFO  impl.FollowerState (FollowerState.java:run(117)) - 70b633f6-b230-4b9f-87f3-510da88f1e08@group-2077DD483DC7-FollowerState was interrupted: java.lang.InterruptedException: sleep interrupted
2019-10-16 11:35:38,404 [1ee6da7b-5867-4bad-ba0d-a2cfd13fd72a@group-B3673A53AB6F-LeaderElection32] INFO  impl.RoleInfo (RoleInfo.java:shutdownLeaderElection(134)) - 1ee6da7b-5867-4bad-ba0d-a2cfd13fd72a: shutdown LeaderElection
2019-10-16 11:35:38,405 [1ee6da7b-5867-4bad-ba0d-a2cfd13fd72a@group-B3673A53AB6F-LeaderElection32] INFO  impl.RoleInfo (RoleInfo.java:updateAndGet(143)) - 1ee6da7b-5867-4bad-ba0d-a2cfd13fd72a: start FollowerState
2019-10-16 11:35:38,413 [a3132885-145f-4a8c-85f4-c10eb874732d@group-2077DD483DC7-LeaderElection33] INFO  impl.LeaderElection (LeaderElection.java:logAndReturn(56)) - a3132885-145f-4a8c-85f4-c10eb874732d@group-2077DD483DC7-LeaderElection33: Election REJECTED; received 2 response(s) [a3132885-145f-4a8c-85f4-c10eb874732d<-163587bb-2c3b-4498-b576-18147cf38274#0:FAIL-t11, a3132885-145f-4a8c-85f4-c10eb874732d<-70b633f6-b230-4b9f-87f3-510da88f1e08#0:FAIL-t11] and 0 exception(s); a3132885-145f-4a8c-85f4-c10eb874732d@group-2077DD483DC7:t11, leader=null, voted=a3132885-145f-4a8c-85f4-c10eb874732d, raftlog=a3132885-145f-4a8c-85f4-c10eb874732d@group-2077DD483DC7-SegmentedRaftLog:OPENED:c-1,f-1,i0, conf=-1: [163587bb-2c3b-4498-b576-18147cf38274:192.168.157.203:33208, a3132885-145f-4a8c-85f4-c10eb874732d:192.168.157.203:46766, 70b633f6-b230-4b9f-87f3-510da88f1e08:192.168.157.203:43163], old=null
2019-10-16 11:35:38,413 [a3132885-145f-4a8c-85f4-c10eb874732d@group-2077DD483DC7-LeaderElection33] INFO  impl.RaftServerImpl (RaftServerImpl.java:setRole(184)) - a3132885-145f-4a8c-85f4-c10eb874732d@group-2077DD483DC7: changes role from CANDIDATE to FOLLOWER at term 11 for DISCOVERED_A_NEW_TERM
2019-10-16 11:35:38,413 [a3132885-145f-4a8c-85f4-c10eb874732d@group-2077DD483DC7-LeaderElection33] INFO  impl.RoleInfo (RoleInfo.java:shutdownLeaderElection(134)) - a3132885-145f-4a8c-85f4-c10eb874732d: shutdown LeaderElection
2019-10-16 11:35:38,413 [a3132885-145f-4a8c-85f4-c10eb874732d@group-2077DD483DC7-LeaderElection33] INFO  impl.RoleInfo (RoleInfo.java:updateAndGet(143)) - a3132885-145f-4a8c-85f4-c10eb874732d: start FollowerState
2019-10-16 11:35:38,551 [Thread-554] INFO  impl.FollowerState (FollowerState.java:run(108)) - a3132885-145f-4a8c-85f4-c10eb874732d@group-2077DD483DC7-FollowerState: change to CANDIDATE, lastRpcTime:137ms, electionTimeout:137ms
2019-10-16 11:35:38,554 [Thread-554] INFO  impl.RoleInfo (RoleInfo.java:shutdownFollowerState(121)) - a3132885-145f-4a8c-85f4-c10eb874732d: shutdown FollowerState
2019-10-16 11:35:38,554 [Thread-554] INFO  impl.RaftServerImpl (RaftServerImpl.java:setRole(184)) - a3132885-145f-4a8c-85f4-c10eb874732d@group-2077DD483DC7: changes role from  FOLLOWER to CANDIDATE at term 11 for changeToCandidate
2019-10-16 11:35:38,554 [Thread-554] INFO  impl.RoleInfo (RoleInfo.java:updateAndGet(143)) - a3132885-145f-4a8c-85f4-c10eb874732d: start LeaderElection
2019-10-16 11:35:38,569 [a3132885-145f-4a8c-85f4-c10eb874732d@group-2077DD483DC7-LeaderElection34] INFO  impl.LeaderElection (LeaderElection.java:askForVotes(178)) - a3132885-145f-4a8c-85f4-c10eb874732d@group-2077DD483DC7-LeaderElection34: begin an election at term 12 for -1: [163587bb-2c3b-4498-b576-18147cf38274:192.168.157.203:33208, a3132885-145f-4a8c-85f4-c10eb874732d:192.168.157.203:46766, 70b633f6-b230-4b9f-87f3-510da88f1e08:192.168.157.203:43163], old=null
2019-10-16 11:35:38,572 [grpc-default-executor-6] INFO  impl.RaftServerImpl (RaftServerImpl.java:setRole(184)) - 70b633f6-b230-4b9f-87f3-510da88f1e08@group-2077DD483DC7: changes role from  FOLLOWER to FOLLOWER at term 12 for recognizeCandidate:a3132885-145f-4a8c-85f4-c10eb874732d
2019-10-16 11:35:38,572 [grpc-default-executor-5] INFO  impl.RaftServerImpl (RaftServerImpl.java:setRole(184)) - 163587bb-2c3b-4498-b576-18147cf38274@group-2077DD483DC7: changes role from  FOLLOWER to FOLLOWER at term 12 for recognizeCandidate:a3132885-145f-4a8c-85f4-c10eb874732d
2019-10-16 11:35:38,572 [grpc-default-executor-6] INFO  impl.RoleInfo (RoleInfo.java:shutdownFollowerState(121)) - 70b633f6-b230-4b9f-87f3-510da88f1e08: shutdown FollowerState
2019-10-16 11:35:38,572 [grpc-default-executor-5] INFO  impl.RoleInfo (RoleInfo.java:shutdownFollowerState(121)) - 163587bb-2c3b-4498-b576-18147cf38274: shutdown FollowerState
2019-10-16 11:35:38,572 [Thread-551] INFO  impl.FollowerState (FollowerState.java:run(117)) - 70b633f6-b230-4b9f-87f3-510da88f1e08@group-2077DD483DC7-FollowerState was interrupted: java.lang.InterruptedException: sleep interrupted
2019-10-16 11:35:38,572 [grpc-default-executor-6] INFO  impl.RoleInfo (RoleInfo.java:updateAndGet(143)) - 70b633f6-b230-4b9f-87f3-510da88f1e08: start FollowerState
2019-10-16 11:35:38,572 [grpc-default-executor-5] INFO  impl.RoleInfo (RoleInfo.java:updateAndGet(143)) - 163587bb-2c3b-4498-b576-18147cf38274: start FollowerState
2019-10-16 11:35:38,572 [Thread-550] INFO  impl.FollowerState (FollowerState.java:run(117)) - 163587bb-2c3b-4498-b576-18147cf38274@group-2077DD483DC7-FollowerState was interrupted: java.lang.InterruptedException: sleep interrupted
2019-10-16 11:35:38,603 [Thread-552] INFO  impl.FollowerState (FollowerState.java:run(108)) - 1ee6da7b-5867-4bad-ba0d-a2cfd13fd72a@group-B3673A53AB6F-FollowerState: change to CANDIDATE, lastRpcTime:198ms, electionTimeout:198ms
2019-10-16 11:35:38,603 [Thread-552] INFO  impl.RoleInfo (RoleInfo.java:shutdownFollowerState(121)) - 1ee6da7b-5867-4bad-ba0d-a2cfd13fd72a: shutdown FollowerState
2019-10-16 11:35:38,603 [Thread-552] INFO  impl.RaftServerImpl (RaftServerImpl.java:setRole(184)) - 1ee6da7b-5867-4bad-ba0d-a2cfd13fd72a@group-B3673A53AB6F: changes role from  FOLLOWER to CANDIDATE at term 12 for changeToCandidate
2019-10-16 11:35:38,603 [Thread-552] INFO  impl.RoleInfo (RoleInfo.java:updateAndGet(143)) - 1ee6da7b-5867-4bad-ba0d-a2cfd13fd72a: start LeaderElection
2019-10-16 11:35:38,617 [a3132885-145f-4a8c-85f4-c10eb874732d@group-2077DD483DC7-LeaderElection34] INFO  impl.LeaderElection (LeaderElection.java:logAndReturn(56)) - a3132885-145f-4a8c-85f4-c10eb874732d@group-2077DD483DC7-LeaderElection34: Election TIMEOUT; received 0 response(s) [] and 0 exception(s); a3132885-145f-4a8c-85f4-c10eb874732d@group-2077DD483DC7:t12, leader=null, voted=a3132885-145f-4a8c-85f4-c10eb874732d, raftlog=a3132885-145f-4a8c-85f4-c10eb874732d@group-2077DD483DC7-SegmentedRaftLog:OPENED:c-1,f-1,i0, conf=-1: [163587bb-2c3b-4498-b576-18147cf38274:192.168.157.203:33208, a3132885-145f-4a8c-85f4-c10eb874732d:192.168.157.203:46766, 70b633f6-b230-4b9f-87f3-510da88f1e08:192.168.157.203:43163], old=null
2019-10-16 11:35:38,647 [Thread-489] INFO  impl.FollowerState (FollowerState.java:run(108)) - 5c445d34-c031-481c-9d4b-8fbace1f61b8@group-8BBDE5791A04-FollowerState: change to CANDIDATE, lastRpcTime:1014ms, electionTimeout:1014ms
2019-10-16 11:35:38,647 [Thread-489] INFO  impl.RoleInfo (RoleInfo.java:shutdownFollowerState(121)) - 5c445d34-c031-481c-9d4b-8fbace1f61b8: shutdown FollowerState
2019-10-16 11:35:38,647 [Thread-489] INFO  impl.RaftServerImpl (RaftServerImpl.java:setRole(184)) - 5c445d34-c031-481c-9d4b-8fbace1f61b8@group-8BBDE5791A04: changes role from  FOLLOWER to CANDIDATE at term 5 for changeToCandidate
2019-10-16 11:35:38,648 [Thread-489] INFO  impl.RoleInfo (RoleInfo.java:updateAndGet(143)) - 5c445d34-c031-481c-9d4b-8fbace1f61b8: start LeaderElection
2019-10-16 11:35:38,663 [5c445d34-c031-481c-9d4b-8fbace1f61b8@group-8BBDE5791A04-LeaderElection36] INFO  impl.LeaderElection (LeaderElection.java:askForVotes(178)) - 5c445d34-c031-481c-9d4b-8fbace1f61b8@group-8BBDE5791A04-LeaderElection36: begin an election at term 6 for 0: [411bb2a3-40ef-4fc0-81ca-4490e6d37035:192.168.157.203:44746, 857fec05-692a-4d09-bf1c-7d167682feae:192.168.157.203:37664, 5c445d34-c031-481c-9d4b-8fbace1f61b8:192.168.157.203:37070], old=null
2019-10-16 11:35:38,663 [1ee6da7b-5867-4bad-ba0d-a2cfd13fd72a@group-B3673A53AB6F-LeaderElection35] INFO  impl.LeaderElection (LeaderElection.java:askForVotes(178)) - 1ee6da7b-5867-4bad-ba0d-a2cfd13fd72a@group-B3673A53AB6F-LeaderElection35: begin an election at term 13 for -1: [f94c755f-9f95-40b5-85b9-5e712f3f34e7:192.168.157.203:45275, 1ee6da7b-5867-4bad-ba0d-a2cfd13fd72a:192.168.157.203:35892, 4281bf39-36db-462c-8bc9-3c86cb645344:192.168.157.203:42381], old=null
2019-10-16 11:35:38,663 [a3132885-145f-4a8c-85f4-c10eb874732d@group-2077DD483DC7-LeaderElection34] INFO  impl.LeaderElection (LeaderElection.java:askForVotes(178)) - a3132885-145f-4a8c-85f4-c10eb874732d@group-2077DD483DC7-LeaderElection34: begin an election at term 13 for -1: [163587bb-2c3b-4498-b576-18147cf38274:192.168.157.203:33208, a3132885-145f-4a8c-85f4-c10eb874732d:192.168.157.203:46766, 70b633f6-b230-4b9f-87f3-510da88f1e08:192.168.157.203:43163], old=null
2019-10-16 11:35:38,670 [Thread-490] INFO  impl.FollowerState (FollowerState.java:run(108)) - 857fec05-692a-4d09-bf1c-7d167682feae@group-8BBDE5791A04-FollowerState: change to CANDIDATE, lastRpcTime:1031ms, electionTimeout:1009ms
2019-10-16 11:35:38,670 [Thread-490] INFO  impl.RoleInfo (RoleInfo.java:shutdownFollowerState(121)) - 857fec05-692a-4d09-bf1c-7d167682feae: shutdown FollowerState
2019-10-16 11:35:38,677 [grpc-default-executor-5] INFO  impl.RaftServerImpl (RaftServerImpl.java:setRole(184)) - f94c755f-9f95-40b5-85b9-5e712f3f34e7@group-B3673A53AB6F: changes role from  FOLLOWER to FOLLOWER at term 13 for recognizeCandidate:1ee6da7b-5867-4bad-ba0d-a2cfd13fd72a
2019-10-16 11:35:38,677 [grpc-default-executor-5] INFO  impl.RoleInfo (RoleInfo.java:shutdownFollowerState(121)) - f94c755f-9f95-40b5-85b9-5e712f3f34e7: shutdown FollowerState
2019-10-16 11:35:38,677 [grpc-default-executor-4] INFO  impl.RaftServerImpl (RaftServerImpl.java:setRole(184)) - 163587bb-2c3b-4498-b576-18147cf38274@group-2077DD483DC7: changes role from  FOLLOWER to FOLLOWER at term 13 for recognizeCandidate:a3132885-145f-4a8c-85f4-c10eb874732d
2019-10-16 11:35:38,677 [Thread-544] INFO  impl.FollowerState (FollowerState.java:run(117)) - f94c755f-9f95-40b5-85b9-5e712f3f34e7@group-B3673A53AB6F-FollowerState was interrupted: java.lang.InterruptedException: sleep interrupted
2019-10-16 11:35:38,677 [grpc-default-executor-5] INFO  impl.RoleInfo (RoleInfo.java:updateAndGet(143)) - f94c755f-9f95-40b5-85b9-5e712f3f34e7: start FollowerState
2019-10-16 11:35:38,677 [grpc-default-executor-4] INFO  impl.RoleInfo (RoleInfo.java:shutdownFollowerState(121)) - 163587bb-2c3b-4498-b576-18147cf38274: shutdown FollowerState
2019-10-16 11:35:38,678 [grpc-default-executor-4] INFO  impl.RoleInfo (RoleInfo.java:updateAndGet(143)) - 163587bb-2c3b-4498-b576-18147cf38274: start FollowerState
2019-10-16 11:35:38,678 [Thread-560] INFO  impl.FollowerState (FollowerState.java:run(117)) - 163587bb-2c3b-4498-b576-18147cf38274@group-2077DD483DC7-FollowerState was interrupted: java.lang.InterruptedException: sleep interrupted
2019-10-16 11:35:38,679 [Thread-490] INFO  impl.RaftServerImpl (RaftServerImpl.java:setRole(184)) - 857fec05-692a-4d09-bf1c-7d167682feae@group-8BBDE5791A04: changes role from  FOLLOWER to CANDIDATE at term 5 for changeToCandidate
2019-10-16 11:35:38,679 [Thread-490] INFO  impl.RoleInfo (RoleInfo.java:updateAndGet(143)) - 857fec05-692a-4d09-bf1c-7d167682feae: start LeaderElection
2019-10-16 11:35:38,681 [grpc-default-executor-6] INFO  impl.RaftServerImpl (RaftServerImpl.java:setRole(184)) - 4281bf39-36db-462c-8bc9-3c86cb645344@group-B3673A53AB6F: changes role from  FOLLOWER to FOLLOWER at term 13 for recognizeCandidate:1ee6da7b-5867-4bad-ba0d-a2cfd13fd72a
2019-10-16 11:35:38,682 [grpc-default-executor-6] INFO  impl.RoleInfo (RoleInfo.java:shutdownFollowerState(121)) - 4281bf39-36db-462c-8bc9-3c86cb645344: shutdown FollowerState
2019-10-16 11:35:38,682 [Thread-545] INFO  impl.FollowerState (FollowerState.java:run(117)) - 4281bf39-36db-462c-8bc9-3c86cb645344@group-B3673A53AB6F-FollowerState was interrupted: java.lang.InterruptedException: sleep interrupted
2019-10-16 11:35:38,682 [grpc-default-executor-6] INFO  impl.RoleInfo (RoleInfo.java:updateAndGet(143)) - 4281bf39-36db-462c-8bc9-3c86cb645344: start FollowerState
2019-10-16 11:35:38,682 [grpc-default-executor-1] INFO  impl.RaftServerImpl (RaftServerImpl.java:setRole(184)) - 70b633f6-b230-4b9f-87f3-510da88f1e08@group-2077DD483DC7: changes role from  FOLLOWER to FOLLOWER at term 13 for recognizeCandidate:a3132885-145f-4a8c-85f4-c10eb874732d
2019-10-16 11:35:38,682 [grpc-default-executor-1] INFO  impl.RoleInfo (RoleInfo.java:shutdownFollowerState(121)) - 70b633f6-b230-4b9f-87f3-510da88f1e08: shutdown FollowerState
2019-10-16 11:35:38,682 [grpc-default-executor-1] INFO  impl.RoleInfo (RoleInfo.java:updateAndGet(143)) - 70b633f6-b230-4b9f-87f3-510da88f1e08: start FollowerState
2019-10-16 11:35:38,682 [Thread-559] INFO  impl.FollowerState (FollowerState.java:run(117)) - 70b633f6-b230-4b9f-87f3-510da88f1e08@group-2077DD483DC7-FollowerState was interrupted: java.lang.InterruptedException: sleep interrupted
2019-10-16 11:35:38,683 [grpc-default-executor-3] INFO  impl.RaftServerImpl (RaftServerImpl.java:setRole(184)) - 411bb2a3-40ef-4fc0-81ca-4490e6d37035@group-8BBDE5791A04: changes role from  FOLLOWER to FOLLOWER at term 6 for recognizeCandidate:5c445d34-c031-481c-9d4b-8fbace1f61b8
2019-10-16 11:35:38,684 [grpc-default-executor-3] INFO  impl.RoleInfo (RoleInfo.java:shutdownFollowerState(121)) - 411bb2a3-40ef-4fc0-81ca-4490e6d37035: shutdown FollowerState
2019-10-16 11:35:38,684 [grpc-default-executor-3] INFO  impl.RoleInfo (RoleInfo.java:updateAndGet(143)) - 411bb2a3-40ef-4fc0-81ca-4490e6d37035: start FollowerState
2019-10-16 11:35:38,684 [Thread-493] INFO  impl.FollowerState (FollowerState.java:run(117)) - 411bb2a3-40ef-4fc0-81ca-4490e6d37035@group-8BBDE5791A04-FollowerState was interrupted: java.lang.InterruptedException: sleep interrupted
2019-10-16 11:35:38,684 [a3132885-145f-4a8c-85f4-c10eb874732d@group-2077DD483DC7-LeaderElection34] INFO  impl.LeaderElection (LeaderElection.java:logAndReturn(56)) - a3132885-145f-4a8c-85f4-c10eb874732d@group-2077DD483DC7-LeaderElection34: Election TIMEOUT; received 0 response(s) [] and 0 exception(s); a3132885-145f-4a8c-85f4-c10eb874732d@group-2077DD483DC7:t13, leader=null, voted=a3132885-145f-4a8c-85f4-c10eb874732d, raftlog=a3132885-145f-4a8c-85f4-c10eb874732d@group-2077DD483DC7-SegmentedRaftLog:OPENED:c-1,f-1,i0, conf=-1: [163587bb-2c3b-4498-b576-18147cf38274:192.168.157.203:33208, a3132885-145f-4a8c-85f4-c10eb874732d:192.168.157.203:46766, 70b633f6-b230-4b9f-87f3-510da88f1e08:192.168.157.203:43163], old=null
2019-10-16 11:35:38,689 [857fec05-692a-4d09-bf1c-7d167682feae@group-8BBDE5791A04-LeaderElection37] INFO  impl.LeaderElection (LeaderElection.java:askForVotes(178)) - 857fec05-692a-4d09-bf1c-7d167682feae@group-8BBDE5791A04-LeaderElection37: begin an election at term 6 for 0: [411bb2a3-40ef-4fc0-81ca-4490e6d37035:192.168.157.203:44746, 857fec05-692a-4d09-bf1c-7d167682feae:192.168.157.203:37664, 5c445d34-c031-481c-9d4b-8fbace1f61b8:192.168.157.203:37070], old=null
2019-10-16 11:35:38,690 [a3132885-145f-4a8c-85f4-c10eb874732d@group-2077DD483DC7-LeaderElection34] INFO  impl.LeaderElection (LeaderElection.java:askForVotes(178)) - a3132885-145f-4a8c-85f4-c10eb874732d@group-2077DD483DC7-LeaderElection34: begin an election at term 14 for -1: [163587bb-2c3b-4498-b576-18147cf38274:192.168.157.203:33208, a3132885-145f-4a8c-85f4-c10eb874732d:192.168.157.203:46766, 70b633f6-b230-4b9f-87f3-510da88f1e08:192.168.157.203:43163], old=null
2019-10-16 11:35:38,696 [5c445d34-c031-481c-9d4b-8fbace1f61b8@group-8BBDE5791A04-LeaderElection36] INFO  impl.LeaderElection (LeaderElection.java:logAndReturn(56)) - 5c445d34-c031-481c-9d4b-8fbace1f61b8@group-8BBDE5791A04-LeaderElection36: Election PASSED; received 1 response(s) [5c445d34-c031-481c-9d4b-8fbace1f61b8<-411bb2a3-40ef-4fc0-81ca-4490e6d37035#0:OK-t6] and 0 exception(s); 5c445d34-c031-481c-9d4b-8fbace1f61b8@group-8BBDE5791A04:t6, leader=null, voted=5c445d34-c031-481c-9d4b-8fbace1f61b8, raftlog=5c445d34-c031-481c-9d4b-8fbace1f61b8@group-8BBDE5791A04-SegmentedRaftLog:OPENED:c0,f0,i0, conf=0: [411bb2a3-40ef-4fc0-81ca-4490e6d37035:192.168.157.203:44746, 857fec05-692a-4d09-bf1c-7d167682feae:192.168.157.203:37664, 5c445d34-c031-481c-9d4b-8fbace1f61b8:192.168.157.203:37070], old=null
2019-10-16 11:35:38,696 [5c445d34-c031-481c-9d4b-8fbace1f61b8@group-8BBDE5791A04-LeaderElection36] INFO  impl.RoleInfo (RoleInfo.java:shutdownLeaderElection(134)) - 5c445d34-c031-481c-9d4b-8fbace1f61b8: shutdown LeaderElection
2019-10-16 11:35:38,696 [1ee6da7b-5867-4bad-ba0d-a2cfd13fd72a@group-B3673A53AB6F-LeaderElection35] INFO  impl.LeaderElection (LeaderElection.java:logAndReturn(56)) - 1ee6da7b-5867-4bad-ba0d-a2cfd13fd72a@group-B3673A53AB6F-LeaderElection35: Election REJECTED; received 2 response(s) [1ee6da7b-5867-4bad-ba0d-a2cfd13fd72a<-f94c755f-9f95-40b5-85b9-5e712f3f34e7#0:FAIL-t13, 1ee6da7b-5867-4bad-ba0d-a2cfd13fd72a<-4281bf39-36db-462c-8bc9-3c86cb645344#0:FAIL-t13] and 0 exception(s); 1ee6da7b-5867-4bad-ba0d-a2cfd13fd72a@group-B3673A53AB6F:t13, leader=null, voted=1ee6da7b-5867-4bad-ba0d-a2cfd13fd72a, raftlog=1ee6da7b-5867-4bad-ba0d-a2cfd13fd72a@group-B3673A53AB6F-SegmentedRaftLog:OPENED:c-1,f-1,i0, conf=-1: [f94c755f-9f95-40b5-85b9-5e712f3f34e7:192.168.157.203:45275, 1ee6da7b-5867-4bad-ba0d-a2cfd13fd72a:192.168.157.203:35892, 4281bf39-36db-462c-8bc9-3c86cb645344:192.168.157.203:42381], old=null
2019-10-16 11:35:38,698 [1ee6da7b-5867-4bad-ba0d-a2cfd13fd72a@group-B3673A53AB6F-LeaderElection35] INFO  impl.RaftServerImpl (RaftServerImpl.java:setRole(184)) - 1ee6da7b-5867-4bad-ba0d-a2cfd13fd72a@group-B3673A53AB6F: changes role from CANDIDATE to FOLLOWER at term 13 for DISCOVERED_A_NEW_TERM
2019-10-16 11:35:38,698 [1ee6da7b-5867-4bad-ba0d-a2cfd13fd72a@group-B3673A53AB6F-LeaderElection35] INFO  impl.RoleInfo (RoleInfo.java:shutdownLeaderElection(134)) - 1ee6da7b-5867-4bad-ba0d-a2cfd13fd72a: shutdown LeaderElection
2019-10-16 11:35:38,698 [5c445d34-c031-481c-9d4b-8fbace1f61b8@group-8BBDE5791A04-LeaderElection36] INFO  impl.RaftServerImpl (RaftServerImpl.java:setRole(184)) - 5c445d34-c031-481c-9d4b-8fbace1f61b8@group-8BBDE5791A04: changes role from CANDIDATE to LEADER at term 6 for changeToLeader
2019-10-16 11:35:38,698 [1ee6da7b-5867-4bad-ba0d-a2cfd13fd72a@group-B3673A53AB6F-LeaderElection35] INFO  impl.RoleInfo (RoleInfo.java:updateAndGet(143)) - 1ee6da7b-5867-4bad-ba0d-a2cfd13fd72a: start FollowerState
2019-10-16 11:35:38,705 [5c445d34-c031-481c-9d4b-8fbace1f61b8@group-8BBDE5791A04-LeaderElection36] INFO  impl.RaftServerImpl (ServerState.java:setLeader(256)) - 5c445d34-c031-481c-9d4b-8fbace1f61b8@group-8BBDE5791A04: change Leader from null to 5c445d34-c031-481c-9d4b-8fbace1f61b8 at term 6 for becomeLeader, leader elected after 1134ms
2019-10-16 11:35:38,705 [grpc-default-executor-4] INFO  impl.RaftServerImpl (RaftServerImpl.java:setRole(184)) - 163587bb-2c3b-4498-b576-18147cf38274@group-2077DD483DC7: changes role from  FOLLOWER to FOLLOWER at term 14 for recognizeCandidate:a3132885-145f-4a8c-85f4-c10eb874732d
2019-10-16 11:35:38,705 [5c445d34-c031-481c-9d4b-8fbace1f61b8@group-8BBDE5791A04-LeaderElection36] INFO  server.RaftServerConfigKeys (ConfUtils.java:logGet(43)) - raft.server.staging.catchup.gap = 1000 (default)
2019-10-16 11:35:38,705 [grpc-default-executor-0] INFO  impl.RaftServerImpl (RaftServerImpl.java:setRole(184)) - 70b633f6-b230-4b9f-87f3-510da88f1e08@group-2077DD483DC7: changes role from  FOLLOWER to FOLLOWER at term 14 for recognizeCandidate:a3132885-145f-4a8c-85f4-c10eb874732d
2019-10-16 11:35:38,705 [grpc-default-executor-4] INFO  impl.RoleInfo (RoleInfo.java:shutdownFollowerState(121)) - 163587bb-2c3b-4498-b576-18147cf38274: shutdown FollowerState
2019-10-16 11:35:38,705 [grpc-default-executor-0] INFO  impl.RoleInfo (RoleInfo.java:shutdownFollowerState(121)) - 70b633f6-b230-4b9f-87f3-510da88f1e08: shutdown FollowerState
2019-10-16 11:35:38,705 [5c445d34-c031-481c-9d4b-8fbace1f61b8@group-8BBDE5791A04-LeaderElection36] INFO  server.RaftServerConfigKeys (ConfUtils.java:logGet(43)) - raft.server.rpc.sleep.time = 25ms (default)
2019-10-16 11:35:38,706 [grpc-default-executor-0] INFO  impl.RoleInfo (RoleInfo.java:updateAndGet(143)) - 70b633f6-b230-4b9f-87f3-510da88f1e08: start FollowerState
2019-10-16 11:35:38,705 [Thread-573] INFO  impl.FollowerState (FollowerState.java:run(117)) - 70b633f6-b230-4b9f-87f3-510da88f1e08@group-2077DD483DC7-FollowerState was interrupted: java.lang.InterruptedException: sleep interrupted
2019-10-16 11:35:38,705 [Thread-570] INFO  impl.FollowerState (FollowerState.java:run(117)) - 163587bb-2c3b-4498-b576-18147cf38274@group-2077DD483DC7-FollowerState was interrupted: java.lang.InterruptedException: sleep interrupted
2019-10-16 11:35:38,705 [grpc-default-executor-4] INFO  impl.RoleInfo (RoleInfo.java:updateAndGet(143)) - 163587bb-2c3b-4498-b576-18147cf38274: start FollowerState
2019-10-16 11:35:38,706 [5c445d34-c031-481c-9d4b-8fbace1f61b8@group-8BBDE5791A04-LeaderElection36] INFO  server.RaftServerConfigKeys (ConfUtils.java:logGet(43)) - raft.server.write.element-limit = 4096 (default)
2019-10-16 11:35:38,706 [5c445d34-c031-481c-9d4b-8fbace1f61b8@group-8BBDE5791A04-LeaderElection36] INFO  server.RaftServerConfigKeys (ConfUtils.java:logGet(43)) - raft.server.watch.timeout = 10s (default)
2019-10-16 11:35:38,706 [5c445d34-c031-481c-9d4b-8fbace1f61b8@group-8BBDE5791A04-LeaderElection36] INFO  server.RaftServerConfigKeys (ConfUtils.java:logGet(43)) - raft.server.watch.timeout.denomination = 1s (default)
2019-10-16 11:35:38,707 [5c445d34-c031-481c-9d4b-8fbace1f61b8@group-8BBDE5791A04-LeaderElection36] INFO  server.RaftServerConfigKeys (ConfUtils.java:logGet(43)) - raft.server.watch.element-limit = 65536 (default)
2019-10-16 11:35:38,707 [5c445d34-c031-481c-9d4b-8fbace1f61b8@group-8BBDE5791A04-LeaderElection36] INFO  server.RaftServerConfigKeys (ConfUtils.java:logGet(43)) - raft.server.log.appender.snapshot.chunk.size.max = 16MB (=16777216) (default)
2019-10-16 11:35:38,707 [5c445d34-c031-481c-9d4b-8fbace1f61b8@group-8BBDE5791A04-LeaderElection36] INFO  server.RaftServerConfigKeys (ConfUtils.java:logGet(43)) - raft.server.log.appender.buffer.byte-limit = 33554432 (custom)
2019-10-16 11:35:38,707 [5c445d34-c031-481c-9d4b-8fbace1f61b8@group-8BBDE5791A04-LeaderElection36] INFO  server.RaftServerConfigKeys (ConfUtils.java:logGet(43)) - raft.server.log.appender.buffer.element-limit = 1 (custom)
2019-10-16 11:35:38,708 [5c445d34-c031-481c-9d4b-8fbace1f61b8@group-8BBDE5791A04-LeaderElection36] INFO  grpc.GrpcConfigKeys$Server (ConfUtils.java:logGet(43)) - raft.grpc.server.leader.outstanding.appends.max = 128 (default)
2019-10-16 11:35:38,708 [5c445d34-c031-481c-9d4b-8fbace1f61b8@group-8BBDE5791A04-LeaderElection36] INFO  server.RaftServerConfigKeys (ConfUtils.java:logGet(43)) - raft.server.rpc.request.timeout = 3000ms (default)
2019-10-16 11:35:38,708 [5c445d34-c031-481c-9d4b-8fbace1f61b8@group-8BBDE5791A04-LeaderElection36] INFO  server.RaftServerConfigKeys (ConfUtils.java:logGet(43)) - raft.server.log.appender.install.snapshot.enabled = false (custom)
2019-10-16 11:35:38,713 [5c445d34-c031-481c-9d4b-8fbace1f61b8@group-8BBDE5791A04-LeaderElection36] INFO  server.RaftServerConfigKeys (ConfUtils.java:logGet(43)) - raft.server.log.appender.snapshot.chunk.size.max = 16MB (=16777216) (default)
2019-10-16 11:35:38,713 [5c445d34-c031-481c-9d4b-8fbace1f61b8@group-8BBDE5791A04-LeaderElection36] INFO  server.RaftServerConfigKeys (ConfUtils.java:logGet(43)) - raft.server.log.appender.buffer.byte-limit = 33554432 (custom)
2019-10-16 11:35:38,713 [5c445d34-c031-481c-9d4b-8fbace1f61b8@group-8BBDE5791A04-LeaderElection36] INFO  server.RaftServerConfigKeys (ConfUtils.java:logGet(43)) - raft.server.log.appender.buffer.element-limit = 1 (custom)
2019-10-16 11:35:38,713 [5c445d34-c031-481c-9d4b-8fbace1f61b8@group-8BBDE5791A04-LeaderElection36] INFO  grpc.GrpcConfigKeys$Server (ConfUtils.java:logGet(43)) - raft.grpc.server.leader.outstanding.appends.max = 128 (default)
2019-10-16 11:35:38,714 [5c445d34-c031-481c-9d4b-8fbace1f61b8@group-8BBDE5791A04-LeaderElection36] INFO  server.RaftServerConfigKeys (ConfUtils.java:logGet(43)) - raft.server.rpc.request.timeout = 3000ms (default)
2019-10-16 11:35:38,714 [5c445d34-c031-481c-9d4b-8fbace1f61b8@group-8BBDE5791A04-LeaderElection36] INFO  server.RaftServerConfigKeys (ConfUtils.java:logGet(43)) - raft.server.log.appender.install.snapshot.enabled = false (custom)
2019-10-16 11:35:38,716 [5c445d34-c031-481c-9d4b-8fbace1f61b8@group-8BBDE5791A04-LeaderElection36] INFO  impl.RoleInfo (RoleInfo.java:updateAndGet(143)) - 5c445d34-c031-481c-9d4b-8fbace1f61b8: start LeaderState
2019-10-16 11:35:38,717 [5c445d34-c031-481c-9d4b-8fbace1f61b8@group-8BBDE5791A04-LeaderElection36] INFO  segmented.SegmentedRaftLogWorker (SegmentedRaftLogWorker.java:rollLogSegment(390)) - 5c445d34-c031-481c-9d4b-8fbace1f61b8@group-8BBDE5791A04-SegmentedRaftLogWorker: Rolling segment log-0_0 to index:0
2019-10-16 11:35:38,719 [5c445d34-c031-481c-9d4b-8fbace1f61b8@group-8BBDE5791A04-SegmentedRaftLogWorker] INFO  segmented.SegmentedRaftLogWorker (SegmentedRaftLogWorker.java:execute(533)) - 5c445d34-c031-481c-9d4b-8fbace1f61b8@group-8BBDE5791A04-SegmentedRaftLogWorker: Rolled log segment from /workdir/hadoop-ozone/integration-test/target/test-dir/MiniOzoneClusterImpl-d10f3a9c-4fd6-4949-a3ff-490e135742c9/datanode-1/data/ratis/9ca8b30f-1255-49d0-b954-8bbde5791a04/current/log_inprogress_0 to /workdir/hadoop-ozone/integration-test/target/test-dir/MiniOzoneClusterImpl-d10f3a9c-4fd6-4949-a3ff-490e135742c9/datanode-1/data/ratis/9ca8b30f-1255-49d0-b954-8bbde5791a04/current/log_0-0
2019-10-16 11:35:38,721 [5c445d34-c031-481c-9d4b-8fbace1f61b8@group-8BBDE5791A04-LeaderElection36] INFO  impl.RaftServerImpl (ServerState.java:setRaftConf(357)) - 5c445d34-c031-481c-9d4b-8fbace1f61b8@group-8BBDE5791A04: set configuration 1: [411bb2a3-40ef-4fc0-81ca-4490e6d37035:192.168.157.203:44746, 857fec05-692a-4d09-bf1c-7d167682feae:192.168.157.203:37664, 5c445d34-c031-481c-9d4b-8fbace1f61b8:192.168.157.203:37070], old=null at 1
2019-10-16 11:35:38,722 [grpc-default-executor-3] INFO  impl.RaftServerImpl (RaftServerImpl.java:requestVote(776)) - 5c445d34-c031-481c-9d4b-8fbace1f61b8@group-8BBDE5791A04-   LEADER: Withhold vote from candidate 857fec05-692a-4d09-bf1c-7d167682feae with term 6. State: leader=5c445d34-c031-481c-9d4b-8fbace1f61b8, term=6, lastRpcElapsed=null
2019-10-16 11:35:38,748 [857fec05-692a-4d09-bf1c-7d167682feae@group-8BBDE5791A04-LeaderElection37] INFO  impl.LeaderElection (LeaderElection.java:logAndReturn(56)) - 857fec05-692a-4d09-bf1c-7d167682feae@group-8BBDE5791A04-LeaderElection37: Election REJECTED; received 2 response(s) [857fec05-692a-4d09-bf1c-7d167682feae<-411bb2a3-40ef-4fc0-81ca-4490e6d37035#0:FAIL-t6, 857fec05-692a-4d09-bf1c-7d167682feae<-5c445d34-c031-481c-9d4b-8fbace1f61b8#0:FAIL-t6] and 0 exception(s); 857fec05-692a-4d09-bf1c-7d167682feae@group-8BBDE5791A04:t6, leader=null, voted=857fec05-692a-4d09-bf1c-7d167682feae, raftlog=857fec05-692a-4d09-bf1c-7d167682feae@group-8BBDE5791A04-SegmentedRaftLog:OPENED:c0,f0,i0, conf=0: [411bb2a3-40ef-4fc0-81ca-4490e6d37035:192.168.157.203:44746, 857fec05-692a-4d09-bf1c-7d167682feae:192.168.157.203:37664, 5c445d34-c031-481c-9d4b-8fbace1f61b8:192.168.157.203:37070], old=null
2019-10-16 11:35:38,748 [857fec05-692a-4d09-bf1c-7d167682feae@group-8BBDE5791A04-LeaderElection37] INFO  impl.RaftServerImpl (RaftServerImpl.java:setRole(184)) - 857fec05-692a-4d09-bf1c-7d167682feae@group-8BBDE5791A04: changes role from CANDIDATE to FOLLOWER at term 6 for DISCOVERED_A_NEW_TERM
2019-10-16 11:35:38,748 [857fec05-692a-4d09-bf1c-7d167682feae@group-8BBDE5791A04-LeaderElection37] INFO  impl.RoleInfo (RoleInfo.java:shutdownLeaderElection(134)) - 857fec05-692a-4d09-bf1c-7d167682feae: shutdown LeaderElection
2019-10-16 11:35:38,749 [857fec05-692a-4d09-bf1c-7d167682feae@group-8BBDE5791A04-LeaderElection37] INFO  impl.RoleInfo (RoleInfo.java:updateAndGet(143)) - 857fec05-692a-4d09-bf1c-7d167682feae: start FollowerState
2019-10-16 11:35:38,749 [grpc-default-executor-4] INFO  impl.RaftServerImpl (ServerState.java:setLeader(256)) - 857fec05-692a-4d09-bf1c-7d167682feae@group-8BBDE5791A04: change Leader from null to 5c445d34-c031-481c-9d4b-8fbace1f61b8 at term 6 for appendEntries, leader elected after 1115ms
2019-10-16 11:35:38,754 [a3132885-145f-4a8c-85f4-c10eb874732d@group-2077DD483DC7-LeaderElection34] INFO  impl.LeaderElection (LeaderElection.java:logAndReturn(56)) - a3132885-145f-4a8c-85f4-c10eb874732d@group-2077DD483DC7-LeaderElection34: Election REJECTED; received 2 response(s) [a3132885-145f-4a8c-85f4-c10eb874732d<-163587bb-2c3b-4498-b576-18147cf38274#0:FAIL-t14, a3132885-145f-4a8c-85f4-c10eb874732d<-70b633f6-b230-4b9f-87f3-510da88f1e08#0:FAIL-t14] and 0 exception(s); a3132885-145f-4a8c-85f4-c10eb874732d@group-2077DD483DC7:t14, leader=null, voted=a3132885-145f-4a8c-85f4-c10eb874732d, raftlog=a3132885-145f-4a8c-85f4-c10eb874732d@group-2077DD483DC7-SegmentedRaftLog:OPENED:c-1,f-1,i0, conf=-1: [163587bb-2c3b-4498-b576-18147cf38274:192.168.157.203:33208, a3132885-145f-4a8c-85f4-c10eb874732d:192.168.157.203:46766, 70b633f6-b230-4b9f-87f3-510da88f1e08:192.168.157.203:43163], old=null
2019-10-16 11:35:38,754 [5c445d34-c031-481c-9d4b-8fbace1f61b8@group-8BBDE5791A04-SegmentedRaftLogWorker] INFO  segmented.SegmentedRaftLogWorker (SegmentedRaftLogWorker.java:execute(576)) - 5c445d34-c031-481c-9d4b-8fbace1f61b8@group-8BBDE5791A04-SegmentedRaftLogWorker: created new log segment /workdir/hadoop-ozone/integration-test/target/test-dir/MiniOzoneClusterImpl-d10f3a9c-4fd6-4949-a3ff-490e135742c9/datanode-1/data/ratis/9ca8b30f-1255-49d0-b954-8bbde5791a04/current/log_inprogress_1
2019-10-16 11:35:38,754 [a3132885-145f-4a8c-85f4-c10eb874732d@group-2077DD483DC7-LeaderElection34] INFO  impl.RaftServerImpl (RaftServerImpl.java:setRole(184)) - a3132885-145f-4a8c-85f4-c10eb874732d@group-2077DD483DC7: changes role from CANDIDATE to FOLLOWER at term 14 for DISCOVERED_A_NEW_TERM
2019-10-16 11:35:38,754 [a3132885-145f-4a8c-85f4-c10eb874732d@group-2077DD483DC7-LeaderElection34] INFO  impl.RoleInfo (RoleInfo.java:shutdownLeaderElection(134)) - a3132885-145f-4a8c-85f4-c10eb874732d: shutdown LeaderElection
2019-10-16 11:35:38,754 [grpc-default-executor-1] INFO  impl.RaftServerImpl (ServerState.java:setLeader(256)) - 411bb2a3-40ef-4fc0-81ca-4490e6d37035@group-8BBDE5791A04: change Leader from null to 5c445d34-c031-481c-9d4b-8fbace1f61b8 at term 6 for appendEntries, leader elected after 1214ms
2019-10-16 11:35:38,754 [a3132885-145f-4a8c-85f4-c10eb874732d@group-2077DD483DC7-LeaderElection34] INFO  impl.RoleInfo (RoleInfo.java:updateAndGet(143)) - a3132885-145f-4a8c-85f4-c10eb874732d: start FollowerState
2019-10-16 11:35:38,756 [grpc-default-executor-1] INFO  impl.RaftServerImpl (RaftServerImpl.java:checkInconsistentAppendEntries(1023)) - 411bb2a3-40ef-4fc0-81ca-4490e6d37035@group-8BBDE5791A04: Failed appendEntries as previous log entry ((t:4, i:0)) is not found
2019-10-16 11:35:38,756 [grpc-default-executor-1] INFO  impl.RaftServerImpl (RaftServerImpl.java:checkInconsistentAppendEntries(996)) - 411bb2a3-40ef-4fc0-81ca-4490e6d37035@group-8BBDE5791A04: inconsistency entries. Reply:5c445d34-c031-481c-9d4b-8fbace1f61b8<-411bb2a3-40ef-4fc0-81ca-4490e6d37035#0:FAIL,INCONSISTENCY,nextIndex:0,term:6,followerCommit:-1
2019-10-16 11:35:38,757 [grpc-default-executor-4] INFO  impl.FollowerInfo (FollowerInfo.java:lambda$new$0(51)) - 5c445d34-c031-481c-9d4b-8fbace1f61b8@group-8BBDE5791A04->411bb2a3-40ef-4fc0-81ca-4490e6d37035: nextIndex: updateUnconditionally 1 -> 0
2019-10-16 11:35:38,758 [grpc-default-executor-4] INFO  impl.RaftServerImpl (ServerState.java:setRaftConf(357)) - 857fec05-692a-4d09-bf1c-7d167682feae@group-8BBDE5791A04: set configuration 1: [411bb2a3-40ef-4fc0-81ca-4490e6d37035:192.168.157.203:44746, 857fec05-692a-4d09-bf1c-7d167682feae:192.168.157.203:37664, 5c445d34-c031-481c-9d4b-8fbace1f61b8:192.168.157.203:37070], old=null at 1
2019-10-16 11:35:38,758 [grpc-default-executor-1] INFO  impl.RaftServerImpl (ServerState.java:setRaftConf(357)) - 411bb2a3-40ef-4fc0-81ca-4490e6d37035@group-8BBDE5791A04: set configuration 0: [411bb2a3-40ef-4fc0-81ca-4490e6d37035:192.168.157.203:44746, 857fec05-692a-4d09-bf1c-7d167682feae:192.168.157.203:37664, 5c445d34-c031-481c-9d4b-8fbace1f61b8:192.168.157.203:37070], old=null at 0
2019-10-16 11:35:38,759 [grpc-default-executor-4] INFO  segmented.SegmentedRaftLogWorker (SegmentedRaftLogWorker.java:rollLogSegment(390)) - 857fec05-692a-4d09-bf1c-7d167682feae@group-8BBDE5791A04-SegmentedRaftLogWorker: Rolling segment log-0_0 to index:0
2019-10-16 11:35:38,759 [grpc-default-executor-1] INFO  segmented.SegmentedRaftLogWorker (SegmentedRaftLogWorker.java:startLogSegment(385)) - 411bb2a3-40ef-4fc0-81ca-4490e6d37035@group-8BBDE5791A04-SegmentedRaftLogWorker: Starting segment from index:0
2019-10-16 11:35:38,759 [grpc-default-executor-1] INFO  impl.RaftServerImpl (ServerState.java:setRaftConf(357)) - 411bb2a3-40ef-4fc0-81ca-4490e6d37035@group-8BBDE5791A04: set configuration 1: [411bb2a3-40ef-4fc0-81ca-4490e6d37035:192.168.157.203:44746, 857fec05-692a-4d09-bf1c-7d167682feae:192.168.157.203:37664, 5c445d34-c031-481c-9d4b-8fbace1f61b8:192.168.157.203:37070], old=null at 1
2019-10-16 11:35:38,760 [grpc-default-executor-1] INFO  segmented.SegmentedRaftLogWorker (SegmentedRaftLogWorker.java:rollLogSegment(390)) - 411bb2a3-40ef-4fc0-81ca-4490e6d37035@group-8BBDE5791A04-SegmentedRaftLogWorker: Rolling segment log-0_0 to index:0
2019-10-16 11:35:38,760 [857fec05-692a-4d09-bf1c-7d167682feae@group-8BBDE5791A04-SegmentedRaftLogWorker] INFO  segmented.SegmentedRaftLogWorker (SegmentedRaftLogWorker.java:execute(533)) - 857fec05-692a-4d09-bf1c-7d167682feae@group-8BBDE5791A04-SegmentedRaftLogWorker: Rolled log segment from /workdir/hadoop-ozone/integration-test/target/test-dir/MiniOzoneClusterImpl-d10f3a9c-4fd6-4949-a3ff-490e135742c9/datanode-6/data/ratis/9ca8b30f-1255-49d0-b954-8bbde5791a04/current/log_inprogress_0 to /workdir/hadoop-ozone/integration-test/target/test-dir/MiniOzoneClusterImpl-d10f3a9c-4fd6-4949-a3ff-490e135742c9/datanode-6/data/ratis/9ca8b30f-1255-49d0-b954-8bbde5791a04/current/log_0-0
2019-10-16 11:35:38,780 [Thread-588] INFO  impl.FollowerState (FollowerState.java:run(108)) - a3132885-145f-4a8c-85f4-c10eb874732d@group-2077DD483DC7-FollowerState: change to CANDIDATE, lastRpcTime:25ms, electionTimeout:25ms
2019-10-16 11:35:38,780 [Thread-588] INFO  impl.RoleInfo (RoleInfo.java:shutdownFollowerState(121)) - a3132885-145f-4a8c-85f4-c10eb874732d: shutdown FollowerState
2019-10-16 11:35:38,780 [Thread-588] INFO  impl.RaftServerImpl (RaftServerImpl.java:setRole(184)) - a3132885-145f-4a8c-85f4-c10eb874732d@group-2077DD483DC7: changes role from  FOLLOWER to CANDIDATE at term 14 for changeToCandidate
2019-10-16 11:35:38,780 [Thread-588] INFO  impl.RoleInfo (RoleInfo.java:updateAndGet(143)) - a3132885-145f-4a8c-85f4-c10eb874732d: start LeaderElection
2019-10-16 11:35:38,791 [857fec05-692a-4d09-bf1c-7d167682feae@group-8BBDE5791A04-SegmentedRaftLogWorker] INFO  segmented.SegmentedRaftLogWorker (SegmentedRaftLogWorker.java:execute(576)) - 857fec05-692a-4d09-bf1c-7d167682feae@group-8BBDE5791A04-SegmentedRaftLogWorker: created new log segment /workdir/hadoop-ozone/integration-test/target/test-dir/MiniOzoneClusterImpl-d10f3a9c-4fd6-4949-a3ff-490e135742c9/datanode-6/data/ratis/9ca8b30f-1255-49d0-b954-8bbde5791a04/current/log_inprogress_1
2019-10-16 11:35:38,791 [a3132885-145f-4a8c-85f4-c10eb874732d@group-2077DD483DC7-LeaderElection38] INFO  impl.LeaderElection (LeaderElection.java:askForVotes(178)) - a3132885-145f-4a8c-85f4-c10eb874732d@group-2077DD483DC7-LeaderElection38: begin an election at term 15 for -1: [163587bb-2c3b-4498-b576-18147cf38274:192.168.157.203:33208, a3132885-145f-4a8c-85f4-c10eb874732d:192.168.157.203:46766, 70b633f6-b230-4b9f-87f3-510da88f1e08:192.168.157.203:43163], old=null
2019-10-16 11:35:38,791 [411bb2a3-40ef-4fc0-81ca-4490e6d37035@group-8BBDE5791A04-SegmentedRaftLogWorker] INFO  segmented.SegmentedRaftLogWorker (SegmentedRaftLogWorker.java:execute(576)) - 411bb2a3-40ef-4fc0-81ca-4490e6d37035@group-8BBDE5791A04-SegmentedRaftLogWorker: created new log segment /workdir/hadoop-ozone/integration-test/target/test-dir/MiniOzoneClusterImpl-d10f3a9c-4fd6-4949-a3ff-490e135742c9/datanode-0/data/ratis/9ca8b30f-1255-49d0-b954-8bbde5791a04/current/log_inprogress_0
2019-10-16 11:35:38,794 [grpc-default-executor-4] INFO  impl.RaftServerImpl (RaftServerImpl.java:setRole(184)) - 163587bb-2c3b-4498-b576-18147cf38274@group-2077DD483DC7: changes role from  FOLLOWER to FOLLOWER at term 15 for recognizeCandidate:a3132885-145f-4a8c-85f4-c10eb874732d
2019-10-16 11:35:38,794 [grpc-default-executor-4] INFO  impl.RoleInfo (RoleInfo.java:shutdownFollowerState(121)) - 163587bb-2c3b-4498-b576-18147cf38274: shutdown FollowerState
2019-10-16 11:35:38,794 [grpc-default-executor-0] INFO  impl.RaftServerImpl (RaftServerImpl.java:setRole(184)) - 70b633f6-b230-4b9f-87f3-510da88f1e08@group-2077DD483DC7: changes role from  FOLLOWER to FOLLOWER at term 15 for recognizeCandidate:a3132885-145f-4a8c-85f4-c10eb874732d
2019-10-16 11:35:38,794 [Thread-580] INFO  impl.FollowerState (FollowerState.java:run(117)) - 163587bb-2c3b-4498-b576-18147cf38274@group-2077DD483DC7-FollowerState was interrupted: java.lang.InterruptedException: sleep interrupted
2019-10-16 11:35:38,794 [grpc-default-executor-4] INFO  impl.RoleInfo (RoleInfo.java:updateAndGet(143)) - 163587bb-2c3b-4498-b576-18147cf38274: start FollowerState
2019-10-16 11:35:38,794 [411bb2a3-40ef-4fc0-81ca-4490e6d37035@group-8BBDE5791A04-SegmentedRaftLogWorker] INFO  segmented.SegmentedRaftLogWorker (SegmentedRaftLogWorker.java:execute(533)) - 411bb2a3-40ef-4fc0-81ca-4490e6d37035@group-8BBDE5791A04-SegmentedRaftLogWorker: Rolled log segment from /workdir/hadoop-ozone/integration-test/target/test-dir/MiniOzoneClusterImpl-d10f3a9c-4fd6-4949-a3ff-490e135742c9/datanode-0/data/ratis/9ca8b30f-1255-49d0-b954-8bbde5791a04/current/log_inprogress_0 to /workdir/hadoop-ozone/integration-test/target/test-dir/MiniOzoneClusterImpl-d10f3a9c-4fd6-4949-a3ff-490e135742c9/datanode-0/data/ratis/9ca8b30f-1255-49d0-b954-8bbde5791a04/current/log_0-0
2019-10-16 11:35:38,794 [grpc-default-executor-0] INFO  impl.RoleInfo (RoleInfo.java:shutdownFollowerState(121)) - 70b633f6-b230-4b9f-87f3-510da88f1e08: shutdown FollowerState
2019-10-16 11:35:38,794 [Thread-581] INFO  impl.FollowerState (FollowerState.java:run(117)) - 70b633f6-b230-4b9f-87f3-510da88f1e08@group-2077DD483DC7-FollowerState was interrupted: java.lang.InterruptedException: sleep interrupted
2019-10-16 11:35:38,794 [grpc-default-executor-0] INFO  impl.RoleInfo (RoleInfo.java:updateAndGet(143)) - 70b633f6-b230-4b9f-87f3-510da88f1e08: start FollowerState
2019-10-16 11:35:38,804 [a3132885-145f-4a8c-85f4-c10eb874732d@group-2077DD483DC7-LeaderElection38] INFO  impl.LeaderElection (LeaderElection.java:logAndReturn(56)) - a3132885-145f-4a8c-85f4-c10eb874732d@group-2077DD483DC7-LeaderElection38: Election REJECTED; received 2 response(s) [a3132885-145f-4a8c-85f4-c10eb874732d<-163587bb-2c3b-4498-b576-18147cf38274#0:FAIL-t15, a3132885-145f-4a8c-85f4-c10eb874732d<-70b633f6-b230-4b9f-87f3-510da88f1e08#0:FAIL-t15] and 0 exception(s); a3132885-145f-4a8c-85f4-c10eb874732d@group-2077DD483DC7:t15, leader=null, voted=a3132885-145f-4a8c-85f4-c10eb874732d, raftlog=a3132885-145f-4a8c-85f4-c10eb874732d@group-2077DD483DC7-SegmentedRaftLog:OPENED:c-1,f-1,i0, conf=-1: [163587bb-2c3b-4498-b576-18147cf38274:192.168.157.203:33208, a3132885-145f-4a8c-85f4-c10eb874732d:192.168.157.203:46766, 70b633f6-b230-4b9f-87f3-510da88f1e08:192.168.157.203:43163], old=null
2019-10-16 11:35:38,804 [a3132885-145f-4a8c-85f4-c10eb874732d@group-2077DD483DC7-LeaderElection38] INFO  impl.RaftServerImpl (RaftServerImpl.java:setRole(184)) - a3132885-145f-4a8c-85f4-c10eb874732d@group-2077DD483DC7: changes role from CANDIDATE to FOLLOWER at term 15 for DISCOVERED_A_NEW_TERM
2019-10-16 11:35:38,804 [a3132885-145f-4a8c-85f4-c10eb874732d@group-2077DD483DC7-LeaderElection38] INFO  impl.RoleInfo (RoleInfo.java:shutdownLeaderElection(134)) - a3132885-145f-4a8c-85f4-c10eb874732d: shutdown LeaderElection
2019-10-16 11:35:38,804 [a3132885-145f-4a8c-85f4-c10eb874732d@group-2077DD483DC7-LeaderElection38] INFO  impl.RoleInfo (RoleInfo.java:updateAndGet(143)) - a3132885-145f-4a8c-85f4-c10eb874732d: start FollowerState
2019-10-16 11:35:38,818 [Thread-579] INFO  impl.FollowerState (FollowerState.java:run(108)) - 1ee6da7b-5867-4bad-ba0d-a2cfd13fd72a@group-B3673A53AB6F-FollowerState: change to CANDIDATE, lastRpcTime:119ms, electionTimeout:113ms
2019-10-16 11:35:38,818 [Thread-579] INFO  impl.RoleInfo (RoleInfo.java:shutdownFollowerState(121)) - 1ee6da7b-5867-4bad-ba0d-a2cfd13fd72a: shutdown FollowerState
2019-10-16 11:35:38,818 [Thread-579] INFO  impl.RaftServerImpl (RaftServerImpl.java:setRole(184)) - 1ee6da7b-5867-4bad-ba0d-a2cfd13fd72a@group-B3673A53AB6F: changes role from  FOLLOWER to CANDIDATE at term 13 for changeToCandidate
2019-10-16 11:35:38,818 [Thread-579] INFO  impl.RoleInfo (RoleInfo.java:updateAndGet(143)) - 1ee6da7b-5867-4bad-ba0d-a2cfd13fd72a: start LeaderElection
2019-10-16 11:35:38,827 [411bb2a3-40ef-4fc0-81ca-4490e6d37035@group-8BBDE5791A04-SegmentedRaftLogWorker] INFO  segmented.SegmentedRaftLogWorker (SegmentedRaftLogWorker.java:execute(576)) - 411bb2a3-40ef-4fc0-81ca-4490e6d37035@group-8BBDE5791A04-SegmentedRaftLogWorker: created new log segment /workdir/hadoop-ozone/integration-test/target/test-dir/MiniOzoneClusterImpl-d10f3a9c-4fd6-4949-a3ff-490e135742c9/datanode-0/data/ratis/9ca8b30f-1255-49d0-b954-8bbde5791a04/current/log_inprogress_1
2019-10-16 11:35:38,827 [1ee6da7b-5867-4bad-ba0d-a2cfd13fd72a@group-B3673A53AB6F-LeaderElection39] INFO  impl.LeaderElection (LeaderElection.java:askForVotes(178)) - 1ee6da7b-5867-4bad-ba0d-a2cfd13fd72a@group-B3673A53AB6F-LeaderElection39: begin an election at term 14 for -1: [f94c755f-9f95-40b5-85b9-5e712f3f34e7:192.168.157.203:45275, 1ee6da7b-5867-4bad-ba0d-a2cfd13fd72a:192.168.157.203:35892, 4281bf39-36db-462c-8bc9-3c86cb645344:192.168.157.203:42381], old=null
2019-10-16 11:35:38,829 [grpc-default-executor-4] INFO  impl.RaftServerImpl (RaftServerImpl.java:setRole(184)) - f94c755f-9f95-40b5-85b9-5e712f3f34e7@group-B3673A53AB6F: changes role from  FOLLOWER to FOLLOWER at term 14 for recognizeCandidate:1ee6da7b-5867-4bad-ba0d-a2cfd13fd72a
2019-10-16 11:35:38,830 [grpc-default-executor-0] INFO  impl.RaftServerImpl (RaftServerImpl.java:setRole(184)) - 4281bf39-36db-462c-8bc9-3c86cb645344@group-B3673A53AB6F: changes role from  FOLLOWER to FOLLOWER at term 14 for recognizeCandidate:1ee6da7b-5867-4bad-ba0d-a2cfd13fd72a
2019-10-16 11:35:38,830 [grpc-default-executor-4] INFO  impl.RoleInfo (RoleInfo.java:shutdownFollowerState(121)) - f94c755f-9f95-40b5-85b9-5e712f3f34e7: shutdown FollowerState
2019-10-16 11:35:38,830 [grpc-default-executor-0] INFO  impl.RoleInfo (RoleInfo.java:shutdownFollowerState(121)) - 4281bf39-36db-462c-8bc9-3c86cb645344: shutdown FollowerState
2019-10-16 11:35:38,830 [grpc-default-executor-4] INFO  impl.RoleInfo (RoleInfo.java:updateAndGet(143)) - f94c755f-9f95-40b5-85b9-5e712f3f34e7: start FollowerState
2019-10-16 11:35:38,830 [Thread-569] INFO  impl.FollowerState (FollowerState.java:run(117)) - f94c755f-9f95-40b5-85b9-5e712f3f34e7@group-B3673A53AB6F-FollowerState was interrupted: java.lang.InterruptedException: sleep interrupted
2019-10-16 11:35:38,830 [Thread-572] INFO  impl.FollowerState (FollowerState.java:run(117)) - 4281bf39-36db-462c-8bc9-3c86cb645344@group-B3673A53AB6F-FollowerState was interrupted: java.lang.InterruptedException: sleep interrupted
2019-10-16 11:35:38,830 [grpc-default-executor-0] INFO  impl.RoleInfo (RoleInfo.java:updateAndGet(143)) - 4281bf39-36db-462c-8bc9-3c86cb645344: start FollowerState
2019-10-16 11:35:38,836 [1ee6da7b-5867-4bad-ba0d-a2cfd13fd72a@group-B3673A53AB6F-LeaderElection39] INFO  impl.LeaderElection (LeaderElection.java:logAndReturn(56)) - 1ee6da7b-5867-4bad-ba0d-a2cfd13fd72a@group-B3673A53AB6F-LeaderElection39: Election REJECTED; received 2 response(s) [1ee6da7b-5867-4bad-ba0d-a2cfd13fd72a<-f94c755f-9f95-40b5-85b9-5e712f3f34e7#0:FAIL-t14, 1ee6da7b-5867-4bad-ba0d-a2cfd13fd72a<-4281bf39-36db-462c-8bc9-3c86cb645344#0:FAIL-t14] and 0 exception(s); 1ee6da7b-5867-4bad-ba0d-a2cfd13fd72a@group-B3673A53AB6F:t14, leader=null, voted=1ee6da7b-5867-4bad-ba0d-a2cfd13fd72a, raftlog=1ee6da7b-5867-4bad-ba0d-a2cfd13fd72a@group-B3673A53AB6F-SegmentedRaftLog:OPENED:c-1,f-1,i0, conf=-1: [f94c755f-9f95-40b5-85b9-5e712f3f34e7:192.168.157.203:45275, 1ee6da7b-5867-4bad-ba0d-a2cfd13fd72a:192.168.157.203:35892, 4281bf39-36db-462c-8bc9-3c86cb645344:192.168.157.203:42381], old=null
2019-10-16 11:35:38,836 [1ee6da7b-5867-4bad-ba0d-a2cfd13fd72a@group-B3673A53AB6F-LeaderElection39] INFO  impl.RaftServerImpl (RaftServerImpl.java:setRole(184)) - 1ee6da7b-5867-4bad-ba0d-a2cfd13fd72a@group-B3673A53AB6F: changes role from CANDIDATE to FOLLOWER at term 14 for DISCOVERED_A_NEW_TERM
2019-10-16 11:35:38,836 [1ee6da7b-5867-4bad-ba0d-a2cfd13fd72a@group-B3673A53AB6F-LeaderElection39] INFO  impl.RoleInfo (RoleInfo.java:shutdownLeaderElection(134)) - 1ee6da7b-5867-4bad-ba0d-a2cfd13fd72a: shutdown LeaderElection
2019-10-16 11:35:38,837 [1ee6da7b-5867-4bad-ba0d-a2cfd13fd72a@group-B3673A53AB6F-LeaderElection39] INFO  impl.RoleInfo (RoleInfo.java:updateAndGet(143)) - 1ee6da7b-5867-4bad-ba0d-a2cfd13fd72a: start FollowerState
2019-10-16 11:35:38,937 [Thread-598] INFO  impl.FollowerState (FollowerState.java:run(108)) - a3132885-145f-4a8c-85f4-c10eb874732d@group-2077DD483DC7-FollowerState: change to CANDIDATE, lastRpcTime:133ms, electionTimeout:133ms
2019-10-16 11:35:38,938 [Thread-598] INFO  impl.RoleInfo (RoleInfo.java:shutdownFollowerState(121)) - a3132885-145f-4a8c-85f4-c10eb874732d: shutdown FollowerState
2019-10-16 11:35:38,938 [Thread-598] INFO  impl.RaftServerImpl (RaftServerImpl.java:setRole(184)) - a3132885-145f-4a8c-85f4-c10eb874732d@group-2077DD483DC7: changes role from  FOLLOWER to CANDIDATE at term 15 for changeToCandidate
2019-10-16 11:35:38,938 [Thread-598] INFO  impl.RoleInfo (RoleInfo.java:updateAndGet(143)) - a3132885-145f-4a8c-85f4-c10eb874732d: start LeaderElection
2019-10-16 11:35:38,949 [a3132885-145f-4a8c-85f4-c10eb874732d@group-2077DD483DC7-LeaderElection40] INFO  impl.LeaderElection (LeaderElection.java:askForVotes(178)) - a3132885-145f-4a8c-85f4-c10eb874732d@group-2077DD483DC7-LeaderElection40: begin an election at term 16 for -1: [163587bb-2c3b-4498-b576-18147cf38274:192.168.157.203:33208, a3132885-145f-4a8c-85f4-c10eb874732d:192.168.157.203:46766, 70b633f6-b230-4b9f-87f3-510da88f1e08:192.168.157.203:43163], old=null
2019-10-16 11:35:38,952 [grpc-default-executor-4] INFO  impl.RaftServerImpl (RaftServerImpl.java:setRole(184)) - 70b633f6-b230-4b9f-87f3-510da88f1e08@group-2077DD483DC7: changes role from  FOLLOWER to FOLLOWER at term 16 for recognizeCandidate:a3132885-145f-4a8c-85f4-c10eb874732d
2019-10-16 11:35:38,952 [grpc-default-executor-0] INFO  impl.RaftServerImpl (RaftServerImpl.java:setRole(184)) - 163587bb-2c3b-4498-b576-18147cf38274@group-2077DD483DC7: changes role from  FOLLOWER to FOLLOWER at term 16 for recognizeCandidate:a3132885-145f-4a8c-85f4-c10eb874732d
2019-10-16 11:35:38,952 [grpc-default-executor-4] INFO  impl.RoleInfo (RoleInfo.java:shutdownFollowerState(121)) - 70b633f6-b230-4b9f-87f3-510da88f1e08: shutdown FollowerState
2019-10-16 11:35:38,952 [grpc-default-executor-0] INFO  impl.RoleInfo (RoleInfo.java:shutdownFollowerState(121)) - 163587bb-2c3b-4498-b576-18147cf38274: shutdown FollowerState
2019-10-16 11:35:38,952 [Thread-596] INFO  impl.FollowerState (FollowerState.java:run(117)) - 70b633f6-b230-4b9f-87f3-510da88f1e08@group-2077DD483DC7-FollowerState was interrupted: java.lang.InterruptedException: sleep interrupted
2019-10-16 11:35:38,952 [grpc-default-executor-4] INFO  impl.RoleInfo (RoleInfo.java:updateAndGet(143)) - 70b633f6-b230-4b9f-87f3-510da88f1e08: start FollowerState
2019-10-16 11:35:38,952 [grpc-default-executor-0] INFO  impl.RoleInfo (RoleInfo.java:updateAndGet(143)) - 163587bb-2c3b-4498-b576-18147cf38274: start FollowerState
2019-10-16 11:35:38,952 [Thread-595] INFO  impl.FollowerState (FollowerState.java:run(117)) - 163587bb-2c3b-4498-b576-18147cf38274@group-2077DD483DC7-FollowerState was interrupted: java.lang.InterruptedException: sleep interrupted
2019-10-16 11:35:38,976 [a3132885-145f-4a8c-85f4-c10eb874732d@group-2077DD483DC7-LeaderElection40] INFO  impl.LeaderElection (LeaderElection.java:logAndReturn(56)) - a3132885-145f-4a8c-85f4-c10eb874732d@group-2077DD483DC7-LeaderElection40: Election TIMEOUT; received 0 response(s) [] and 0 exception(s); a3132885-145f-4a8c-85f4-c10eb874732d@group-2077DD483DC7:t16, leader=null, voted=a3132885-145f-4a8c-85f4-c10eb874732d, raftlog=a3132885-145f-4a8c-85f4-c10eb874732d@group-2077DD483DC7-SegmentedRaftLog:OPENED:c-1,f-1,i0, conf=-1: [163587bb-2c3b-4498-b576-18147cf38274:192.168.157.203:33208, a3132885-145f-4a8c-85f4-c10eb874732d:192.168.157.203:46766, 70b633f6-b230-4b9f-87f3-510da88f1e08:192.168.157.203:43163], old=null
2019-10-16 11:35:38,980 [a3132885-145f-4a8c-85f4-c10eb874732d@group-2077DD483DC7-LeaderElection40] INFO  impl.LeaderElection (LeaderElection.java:askForVotes(178)) - a3132885-145f-4a8c-85f4-c10eb874732d@group-2077DD483DC7-LeaderElection40: begin an election at term 17 for -1: [163587bb-2c3b-4498-b576-18147cf38274:192.168.157.203:33208, a3132885-145f-4a8c-85f4-c10eb874732d:192.168.157.203:46766, 70b633f6-b230-4b9f-87f3-510da88f1e08:192.168.157.203:43163], old=null
2019-10-16 11:35:38,982 [grpc-default-executor-4] INFO  impl.RaftServerImpl (RaftServerImpl.java:setRole(184)) - 163587bb-2c3b-4498-b576-18147cf38274@group-2077DD483DC7: changes role from  FOLLOWER to FOLLOWER at term 17 for recognizeCandidate:a3132885-145f-4a8c-85f4-c10eb874732d
2019-10-16 11:35:38,982 [grpc-default-executor-4] INFO  impl.RoleInfo (RoleInfo.java:shutdownFollowerState(121)) - 163587bb-2c3b-4498-b576-18147cf38274: shutdown FollowerState
2019-10-16 11:35:38,982 [grpc-default-executor-0] INFO  impl.RaftServerImpl (RaftServerImpl.java:setRole(184)) - 70b633f6-b230-4b9f-87f3-510da88f1e08@group-2077DD483DC7: changes role from  FOLLOWER to FOLLOWER at term 17 for recognizeCandidate:a3132885-145f-4a8c-85f4-c10eb874732d
2019-10-16 11:35:38,982 [Thread-611] INFO  impl.FollowerState (FollowerState.java:run(117)) - 163587bb-2c3b-4498-b576-18147cf38274@group-2077DD483DC7-FollowerState was interrupted: java.lang.InterruptedException: sleep interrupted
2019-10-16 11:35:38,982 [grpc-default-executor-4] INFO  impl.RoleInfo (RoleInfo.java:updateAndGet(143)) - 163587bb-2c3b-4498-b576-18147cf38274: start FollowerState
2019-10-16 11:35:38,982 [grpc-default-executor-0] INFO  impl.RoleInfo (RoleInfo.java:shutdownFollowerState(121)) - 70b633f6-b230-4b9f-87f3-510da88f1e08: shutdown FollowerState
2019-10-16 11:35:38,983 [grpc-default-executor-0] INFO  impl.RoleInfo (RoleInfo.java:updateAndGet(143)) - 70b633f6-b230-4b9f-87f3-510da88f1e08: start FollowerState
2019-10-16 11:35:38,983 [Thread-610] INFO  impl.FollowerState (FollowerState.java:run(117)) - 70b633f6-b230-4b9f-87f3-510da88f1e08@group-2077DD483DC7-FollowerState was interrupted: java.lang.InterruptedException: sleep interrupted
2019-10-16 11:35:38,997 [a3132885-145f-4a8c-85f4-c10eb874732d@group-2077DD483DC7-LeaderElection40] INFO  impl.LeaderElection (LeaderElection.java:logAndReturn(56)) - a3132885-145f-4a8c-85f4-c10eb874732d@group-2077DD483DC7-LeaderElection40: Election REJECTED; received 2 response(s) [a3132885-145f-4a8c-85f4-c10eb874732d<-163587bb-2c3b-4498-b576-18147cf38274#0:FAIL-t17, a3132885-145f-4a8c-85f4-c10eb874732d<-70b633f6-b230-4b9f-87f3-510da88f1e08#0:FAIL-t17] and 0 exception(s); a3132885-145f-4a8c-85f4-c10eb874732d@group-2077DD483DC7:t17, leader=null, voted=a3132885-145f-4a8c-85f4-c10eb874732d, raftlog=a3132885-145f-4a8c-85f4-c10eb874732d@group-2077DD483DC7-SegmentedRaftLog:OPENED:c-1,f-1,i0, conf=-1: [163587bb-2c3b-4498-b576-18147cf38274:192.168.157.203:33208, a3132885-145f-4a8c-85f4-c10eb874732d:192.168.157.203:46766, 70b633f6-b230-4b9f-87f3-510da88f1e08:192.168.157.203:43163], old=null
2019-10-16 11:35:38,997 [a3132885-145f-4a8c-85f4-c10eb874732d@group-2077DD483DC7-LeaderElection40] INFO  impl.RaftServerImpl (RaftServerImpl.java:setRole(184)) - a3132885-145f-4a8c-85f4-c10eb874732d@group-2077DD483DC7: changes role from CANDIDATE to FOLLOWER at term 17 for DISCOVERED_A_NEW_TERM
2019-10-16 11:35:38,997 [a3132885-145f-4a8c-85f4-c10eb874732d@group-2077DD483DC7-LeaderElection40] INFO  impl.RoleInfo (RoleInfo.java:shutdownLeaderElection(134)) - a3132885-145f-4a8c-85f4-c10eb874732d: shutdown LeaderElection
2019-10-16 11:35:38,997 [a3132885-145f-4a8c-85f4-c10eb874732d@group-2077DD483DC7-LeaderElection40] INFO  impl.RoleInfo (RoleInfo.java:updateAndGet(143)) - a3132885-145f-4a8c-85f4-c10eb874732d: start FollowerState
2019-10-16 11:35:39,030 [Thread-616] INFO  impl.FollowerState (FollowerState.java:run(108)) - a3132885-145f-4a8c-85f4-c10eb874732d@group-2077DD483DC7-FollowerState: change to CANDIDATE, lastRpcTime:33ms, electionTimeout:33ms
2019-10-16 11:35:39,030 [Thread-616] INFO  impl.RoleInfo (RoleInfo.java:shutdownFollowerState(121)) - a3132885-145f-4a8c-85f4-c10eb874732d: shutdown FollowerState
2019-10-16 11:35:39,031 [Thread-616] INFO  impl.RaftServerImpl (RaftServerImpl.java:setRole(184)) - a3132885-145f-4a8c-85f4-c10eb874732d@group-2077DD483DC7: changes role from  FOLLOWER to CANDIDATE at term 17 for changeToCandidate
2019-10-16 11:35:39,031 [Thread-616] INFO  impl.RoleInfo (RoleInfo.java:updateAndGet(143)) - a3132885-145f-4a8c-85f4-c10eb874732d: start LeaderElection
2019-10-16 11:35:39,032 [Thread-606] INFO  impl.FollowerState (FollowerState.java:run(108)) - 1ee6da7b-5867-4bad-ba0d-a2cfd13fd72a@group-B3673A53AB6F-FollowerState: change to CANDIDATE, lastRpcTime:195ms, electionTimeout:195ms
2019-10-16 11:35:39,032 [Thread-606] INFO  impl.RoleInfo (RoleInfo.java:shutdownFollowerState(121)) - 1ee6da7b-5867-4bad-ba0d-a2cfd13fd72a: shutdown FollowerState
2019-10-16 11:35:39,032 [Thread-606] INFO  impl.RaftServerImpl (RaftServerImpl.java:setRole(184)) - 1ee6da7b-5867-4bad-ba0d-a2cfd13fd72a@group-B3673A53AB6F: changes role from  FOLLOWER to CANDIDATE at term 14 for changeToCandidate
2019-10-16 11:35:39,032 [Thread-606] INFO  impl.RoleInfo (RoleInfo.java:updateAndGet(143)) - 1ee6da7b-5867-4bad-ba0d-a2cfd13fd72a: start LeaderElection
2019-10-16 11:35:39,049 [a3132885-145f-4a8c-85f4-c10eb874732d@group-2077DD483DC7-LeaderElection41] INFO  impl.LeaderElection (LeaderElection.java:askForVotes(178)) - a3132885-145f-4a8c-85f4-c10eb874732d@group-2077DD483DC7-LeaderElection41: begin an election at term 18 for -1: [163587bb-2c3b-4498-b576-18147cf38274:192.168.157.203:33208, a3132885-145f-4a8c-85f4-c10eb874732d:192.168.157.203:46766, 70b633f6-b230-4b9f-87f3-510da88f1e08:192.168.157.203:43163], old=null
2019-10-16 11:35:39,049 [1ee6da7b-5867-4bad-ba0d-a2cfd13fd72a@group-B3673A53AB6F-LeaderElection42] INFO  impl.LeaderElection (LeaderElection.java:askForVotes(178)) - 1ee6da7b-5867-4bad-ba0d-a2cfd13fd72a@group-B3673A53AB6F-LeaderElection42: begin an election at term 15 for -1: [f94c755f-9f95-40b5-85b9-5e712f3f34e7:192.168.157.203:45275, 1ee6da7b-5867-4bad-ba0d-a2cfd13fd72a:192.168.157.203:35892, 4281bf39-36db-462c-8bc9-3c86cb645344:192.168.157.203:42381], old=null
2019-10-16 11:35:39,051 [grpc-default-executor-4] INFO  impl.RaftServerImpl (RaftServerImpl.java:setRole(184)) - 163587bb-2c3b-4498-b576-18147cf38274@group-2077DD483DC7: changes role from  FOLLOWER to FOLLOWER at term 18 for recognizeCandidate:a3132885-145f-4a8c-85f4-c10eb874732d
2019-10-16 11:35:39,052 [grpc-default-executor-3] INFO  impl.RaftServerImpl (RaftServerImpl.java:setRole(184)) - 4281bf39-36db-462c-8bc9-3c86cb645344@group-B3673A53AB6F: changes role from  FOLLOWER to FOLLOWER at term 15 for recognizeCandidate:1ee6da7b-5867-4bad-ba0d-a2cfd13fd72a
2019-10-16 11:35:39,052 [grpc-default-executor-1] INFO  impl.RaftServerImpl (RaftServerImpl.java:setRole(184)) - 70b633f6-b230-4b9f-87f3-510da88f1e08@group-2077DD483DC7: changes role from  FOLLOWER to FOLLOWER at term 18 for recognizeCandidate:a3132885-145f-4a8c-85f4-c10eb874732d
2019-10-16 11:35:39,052 [grpc-default-executor-1] INFO  impl.RoleInfo (RoleInfo.java:shutdownFollowerState(121)) - 70b633f6-b230-4b9f-87f3-510da88f1e08: shutdown FollowerState
2019-10-16 11:35:39,052 [grpc-default-executor-1] INFO  impl.RoleInfo (RoleInfo.java:updateAndGet(143)) - 70b633f6-b230-4b9f-87f3-510da88f1e08: start FollowerState
2019-10-16 11:35:39,052 [grpc-default-executor-4] INFO  impl.RoleInfo (RoleInfo.java:shutdownFollowerState(121)) - 163587bb-2c3b-4498-b576-18147cf38274: shutdown FollowerState
2019-10-16 11:35:39,053 [grpc-default-executor-4] INFO  impl.RoleInfo (RoleInfo.java:updateAndGet(143)) - 163587bb-2c3b-4498-b576-18147cf38274: start FollowerState
2019-10-16 11:35:39,052 [grpc-default-executor-0] INFO  impl.RaftServerImpl (RaftServerImpl.java:setRole(184)) - f94c755f-9f95-40b5-85b9-5e712f3f34e7@group-B3673A53AB6F: changes role from  FOLLOWER to FOLLOWER at term 15 for recognizeCandidate:1ee6da7b-5867-4bad-ba0d-a2cfd13fd72a
2019-10-16 11:35:39,053 [Thread-614] INFO  impl.FollowerState (FollowerState.java:run(117)) - 163587bb-2c3b-4498-b576-18147cf38274@group-2077DD483DC7-FollowerState was interrupted: java.lang.InterruptedException: sleep interrupted
2019-10-16 11:35:39,052 [Thread-615] INFO  impl.FollowerState (FollowerState.java:run(117)) - 70b633f6-b230-4b9f-87f3-510da88f1e08@group-2077DD483DC7-FollowerState was interrupted: java.lang.InterruptedException: sleep interrupted
2019-10-16 11:35:39,052 [grpc-default-executor-3] INFO  impl.RoleInfo (RoleInfo.java:shutdownFollowerState(121)) - 4281bf39-36db-462c-8bc9-3c86cb645344: shutdown FollowerState
2019-10-16 11:35:39,053 [grpc-default-executor-0] INFO  impl.RoleInfo (RoleInfo.java:shutdownFollowerState(121)) - f94c755f-9f95-40b5-85b9-5e712f3f34e7: shutdown FollowerState
2019-10-16 11:35:39,053 [Thread-605] INFO  impl.FollowerState (FollowerState.java:run(117)) - 4281bf39-36db-462c-8bc9-3c86cb645344@group-B3673A53AB6F-FollowerState was interrupted: java.lang.InterruptedException: sleep interrupted
2019-10-16 11:35:39,053 [grpc-default-executor-3] INFO  impl.RoleInfo (RoleInfo.java:updateAndGet(143)) - 4281bf39-36db-462c-8bc9-3c86cb645344: start FollowerState
2019-10-16 11:35:39,053 [Thread-604] INFO  impl.FollowerState (FollowerState.java:run(117)) - f94c755f-9f95-40b5-85b9-5e712f3f34e7@group-B3673A53AB6F-FollowerState was interrupted: java.lang.InterruptedException: sleep interrupted
2019-10-16 11:35:39,053 [grpc-default-executor-0] INFO  impl.RoleInfo (RoleInfo.java:updateAndGet(143)) - f94c755f-9f95-40b5-85b9-5e712f3f34e7: start FollowerState
2019-10-16 11:35:39,064 [1ee6da7b-5867-4bad-ba0d-a2cfd13fd72a@group-B3673A53AB6F-LeaderElection42] INFO  impl.LeaderElection (LeaderElection.java:logAndReturn(56)) - 1ee6da7b-5867-4bad-ba0d-a2cfd13fd72a@group-B3673A53AB6F-LeaderElection42: Election REJECTED; received 2 response(s) [1ee6da7b-5867-4bad-ba0d-a2cfd13fd72a<-f94c755f-9f95-40b5-85b9-5e712f3f34e7#0:FAIL-t15, 1ee6da7b-5867-4bad-ba0d-a2cfd13fd72a<-4281bf39-36db-462c-8bc9-3c86cb645344#0:FAIL-t15] and 0 exception(s); 1ee6da7b-5867-4bad-ba0d-a2cfd13fd72a@group-B3673A53AB6F:t15, leader=null, voted=1ee6da7b-5867-4bad-ba0d-a2cfd13fd72a, raftlog=1ee6da7b-5867-4bad-ba0d-a2cfd13fd72a@group-B3673A53AB6F-SegmentedRaftLog:OPENED:c-1,f-1,i0, conf=-1: [f94c755f-9f95-40b5-85b9-5e712f3f34e7:192.168.157.203:45275, 1ee6da7b-5867-4bad-ba0d-a2cfd13fd72a:192.168.157.203:35892, 4281bf39-36db-462c-8bc9-3c86cb645344:192.168.157.203:42381], old=null
2019-10-16 11:35:39,064 [1ee6da7b-5867-4bad-ba0d-a2cfd13fd72a@group-B3673A53AB6F-LeaderElection42] INFO  impl.RaftServerImpl (RaftServerImpl.java:setRole(184)) - 1ee6da7b-5867-4bad-ba0d-a2cfd13fd72a@group-B3673A53AB6F: changes role from CANDIDATE to FOLLOWER at term 15 for DISCOVERED_A_NEW_TERM
2019-10-16 11:35:39,064 [1ee6da7b-5867-4bad-ba0d-a2cfd13fd72a@group-B3673A53AB6F-LeaderElection42] INFO  impl.RoleInfo (RoleInfo.java:shutdownLeaderElection(134)) - 1ee6da7b-5867-4bad-ba0d-a2cfd13fd72a: shutdown LeaderElection
2019-10-16 11:35:39,064 [1ee6da7b-5867-4bad-ba0d-a2cfd13fd72a@group-B3673A53AB6F-LeaderElection42] INFO  impl.RoleInfo (RoleInfo.java:updateAndGet(143)) - 1ee6da7b-5867-4bad-ba0d-a2cfd13fd72a: start FollowerState
2019-10-16 11:35:39,065 [a3132885-145f-4a8c-85f4-c10eb874732d@group-2077DD483DC7-LeaderElection41] INFO  impl.LeaderElection (LeaderElection.java:logAndReturn(56)) - a3132885-145f-4a8c-85f4-c10eb874732d@group-2077DD483DC7-LeaderElection41: Election REJECTED; received 2 response(s) [a3132885-145f-4a8c-85f4-c10eb874732d<-163587bb-2c3b-4498-b576-18147cf38274#0:FAIL-t18, a3132885-145f-4a8c-85f4-c10eb874732d<-70b633f6-b230-4b9f-87f3-510da88f1e08#0:FAIL-t18] and 0 exception(s); a3132885-145f-4a8c-85f4-c10eb874732d@group-2077DD483DC7:t18, leader=null, voted=a3132885-145f-4a8c-85f4-c10eb874732d, raftlog=a3132885-145f-4a8c-85f4-c10eb874732d@group-2077DD483DC7-SegmentedRaftLog:OPENED:c-1,f-1,i0, conf=-1: [163587bb-2c3b-4498-b576-18147cf38274:192.168.157.203:33208, a3132885-145f-4a8c-85f4-c10eb874732d:192.168.157.203:46766, 70b633f6-b230-4b9f-87f3-510da88f1e08:192.168.157.203:43163], old=null
2019-10-16 11:35:39,065 [a3132885-145f-4a8c-85f4-c10eb874732d@group-2077DD483DC7-LeaderElection41] INFO  impl.RaftServerImpl (RaftServerImpl.java:setRole(184)) - a3132885-145f-4a8c-85f4-c10eb874732d@group-2077DD483DC7: changes role from CANDIDATE to FOLLOWER at term 18 for DISCOVERED_A_NEW_TERM
2019-10-16 11:35:39,065 [a3132885-145f-4a8c-85f4-c10eb874732d@group-2077DD483DC7-LeaderElection41] INFO  impl.RoleInfo (RoleInfo.java:shutdownLeaderElection(134)) - a3132885-145f-4a8c-85f4-c10eb874732d: shutdown LeaderElection
2019-10-16 11:35:39,065 [a3132885-145f-4a8c-85f4-c10eb874732d@group-2077DD483DC7-LeaderElection41] INFO  impl.RoleInfo (RoleInfo.java:updateAndGet(143)) - a3132885-145f-4a8c-85f4-c10eb874732d: start FollowerState
2019-10-16 11:35:39,079 [Thread-627] INFO  impl.FollowerState (FollowerState.java:run(108)) - 1ee6da7b-5867-4bad-ba0d-a2cfd13fd72a@group-B3673A53AB6F-FollowerState: change to CANDIDATE, lastRpcTime:15ms, electionTimeout:15ms
2019-10-16 11:35:39,079 [Thread-627] INFO  impl.RoleInfo (RoleInfo.java:shutdownFollowerState(121)) - 1ee6da7b-5867-4bad-ba0d-a2cfd13fd72a: shutdown FollowerState
2019-10-16 11:35:39,079 [Thread-627] INFO  impl.RaftServerImpl (RaftServerImpl.java:setRole(184)) - 1ee6da7b-5867-4bad-ba0d-a2cfd13fd72a@group-B3673A53AB6F: changes role from  FOLLOWER to CANDIDATE at term 15 for changeToCandidate
2019-10-16 11:35:39,079 [Thread-627] INFO  impl.RoleInfo (RoleInfo.java:updateAndGet(143)) - 1ee6da7b-5867-4bad-ba0d-a2cfd13fd72a: start LeaderElection
2019-10-16 11:35:39,187 [Thread-628] INFO  impl.FollowerState (FollowerState.java:run(108)) - a3132885-145f-4a8c-85f4-c10eb874732d@group-2077DD483DC7-FollowerState: change to CANDIDATE, lastRpcTime:121ms, electionTimeout:121ms
2019-10-16 11:35:39,187 [Thread-628] INFO  impl.RoleInfo (RoleInfo.java:shutdownFollowerState(121)) - a3132885-145f-4a8c-85f4-c10eb874732d: shutdown FollowerState
2019-10-16 11:35:39,187 [Thread-628] INFO  impl.RaftServerImpl (RaftServerImpl.java:setRole(184)) - a3132885-145f-4a8c-85f4-c10eb874732d@group-2077DD483DC7: changes role from  FOLLOWER to CANDIDATE at term 18 for changeToCandidate
2019-10-16 11:35:39,187 [Thread-628] INFO  impl.RoleInfo (RoleInfo.java:updateAndGet(143)) - a3132885-145f-4a8c-85f4-c10eb874732d: start LeaderElection
2019-10-16 11:35:39,501 [1ee6da7b-5867-4bad-ba0d-a2cfd13fd72a@group-B3673A53AB6F-LeaderElection43] INFO  impl.LeaderElection (LeaderElection.java:askForVotes(178)) - 1ee6da7b-5867-4bad-ba0d-a2cfd13fd72a@group-B3673A53AB6F-LeaderElection43: begin an election at term 16 for -1: [f94c755f-9f95-40b5-85b9-5e712f3f34e7:192.168.157.203:45275, 1ee6da7b-5867-4bad-ba0d-a2cfd13fd72a:192.168.157.203:35892, 4281bf39-36db-462c-8bc9-3c86cb645344:192.168.157.203:42381], old=null
2019-10-16 11:35:39,502 [a3132885-145f-4a8c-85f4-c10eb874732d@group-2077DD483DC7-LeaderElection44] INFO  impl.LeaderElection (LeaderElection.java:askForVotes(178)) - a3132885-145f-4a8c-85f4-c10eb874732d@group-2077DD483DC7-LeaderElection44: begin an election at term 19 for -1: [163587bb-2c3b-4498-b576-18147cf38274:192.168.157.203:33208, a3132885-145f-4a8c-85f4-c10eb874732d:192.168.157.203:46766, 70b633f6-b230-4b9f-87f3-510da88f1e08:192.168.157.203:43163], old=null
2019-10-16 11:35:39,504 [grpc-default-executor-4] INFO  impl.RaftServerImpl (RaftServerImpl.java:setRole(184)) - 4281bf39-36db-462c-8bc9-3c86cb645344@group-B3673A53AB6F: changes role from  FOLLOWER to FOLLOWER at term 16 for recognizeCandidate:1ee6da7b-5867-4bad-ba0d-a2cfd13fd72a
2019-10-16 11:35:39,504 [grpc-default-executor-4] INFO  impl.RoleInfo (RoleInfo.java:shutdownFollowerState(121)) - 4281bf39-36db-462c-8bc9-3c86cb645344: shutdown FollowerState
2019-10-16 11:35:39,505 [grpc-default-executor-4] INFO  impl.RoleInfo (RoleInfo.java:updateAndGet(143)) - 4281bf39-36db-462c-8bc9-3c86cb645344: start FollowerState
2019-10-16 11:35:39,505 [grpc-default-executor-1] INFO  impl.RaftServerImpl (RaftServerImpl.java:setRole(184)) - f94c755f-9f95-40b5-85b9-5e712f3f34e7@group-B3673A53AB6F: changes role from  FOLLOWER to FOLLOWER at term 16 for recognizeCandidate:1ee6da7b-5867-4bad-ba0d-a2cfd13fd72a
2019-10-16 11:35:39,505 [grpc-default-executor-3] INFO  impl.RaftServerImpl (RaftServerImpl.java:setRole(184)) - 70b633f6-b230-4b9f-87f3-510da88f1e08@group-2077DD483DC7: changes role from  FOLLOWER to FOLLOWER at term 19 for recognizeCandidate:a3132885-145f-4a8c-85f4-c10eb874732d
2019-10-16 11:35:39,505 [Thread-625] INFO  impl.FollowerState (FollowerState.java:run(117)) - 4281bf39-36db-462c-8bc9-3c86cb645344@group-B3673A53AB6F-FollowerState was interrupted: java.lang.InterruptedException: sleep interrupted
2019-10-16 11:35:39,505 [grpc-default-executor-3] INFO  impl.RoleInfo (RoleInfo.java:shutdownFollowerState(121)) - 70b633f6-b230-4b9f-87f3-510da88f1e08: shutdown FollowerState
2019-10-16 11:35:39,505 [grpc-default-executor-0] INFO  impl.RaftServerImpl (RaftServerImpl.java:setRole(184)) - 163587bb-2c3b-4498-b576-18147cf38274@group-2077DD483DC7: changes role from  FOLLOWER to FOLLOWER at term 19 for recognizeCandidate:a3132885-145f-4a8c-85f4-c10eb874732d
2019-10-16 11:35:39,505 [grpc-default-executor-1] INFO  impl.RoleInfo (RoleInfo.java:shutdownFollowerState(121)) - f94c755f-9f95-40b5-85b9-5e712f3f34e7: shutdown FollowerState
2019-10-16 11:35:39,505 [grpc-default-executor-0] INFO  impl.RoleInfo (RoleInfo.java:shutdownFollowerState(121)) - 163587bb-2c3b-4498-b576-18147cf38274: shutdown FollowerState
2019-10-16 11:35:39,505 [grpc-default-executor-3] INFO  impl.RoleInfo (RoleInfo.java:updateAndGet(143)) - 70b633f6-b230-4b9f-87f3-510da88f1e08: start FollowerState
2019-10-16 11:35:39,505 [Thread-623] INFO  impl.FollowerState (FollowerState.java:run(117)) - 70b633f6-b230-4b9f-87f3-510da88f1e08@group-2077DD483DC7-FollowerState was interrupted: java.lang.InterruptedException: sleep interrupted
2019-10-16 11:35:39,506 [grpc-default-executor-0] INFO  impl.RoleInfo (RoleInfo.java:updateAndGet(143)) - 163587bb-2c3b-4498-b576-18147cf38274: start FollowerState
2019-10-16 11:35:39,506 [Thread-624] INFO  impl.FollowerState (FollowerState.java:run(117)) - 163587bb-2c3b-4498-b576-18147cf38274@group-2077DD483DC7-FollowerState was interrupted: java.lang.InterruptedException: sleep interrupted
2019-10-16 11:35:39,506 [Thread-626] INFO  impl.FollowerState (FollowerState.java:run(117)) - f94c755f-9f95-40b5-85b9-5e712f3f34e7@group-B3673A53AB6F-FollowerState was interrupted: java.lang.InterruptedException: sleep interrupted
2019-10-16 11:35:39,506 [grpc-default-executor-1] INFO  impl.RoleInfo (RoleInfo.java:updateAndGet(143)) - f94c755f-9f95-40b5-85b9-5e712f3f34e7: start FollowerState
2019-10-16 11:35:39,529 [a3132885-145f-4a8c-85f4-c10eb874732d@group-2077DD483DC7-LeaderElection44] INFO  impl.LeaderElection (LeaderElection.java:logAndReturn(56)) - a3132885-145f-4a8c-85f4-c10eb874732d@group-2077DD483DC7-LeaderElection44: Election REJECTED; received 2 response(s) [a3132885-145f-4a8c-85f4-c10eb874732d<-163587bb-2c3b-4498-b576-18147cf38274#0:FAIL-t19, a3132885-145f-4a8c-85f4-c10eb874732d<-70b633f6-b230-4b9f-87f3-510da88f1e08#0:FAIL-t19] and 0 exception(s); a3132885-145f-4a8c-85f4-c10eb874732d@group-2077DD483DC7:t19, leader=null, voted=a3132885-145f-4a8c-85f4-c10eb874732d, raftlog=a3132885-145f-4a8c-85f4-c10eb874732d@group-2077DD483DC7-SegmentedRaftLog:OPENED:c-1,f-1,i0, conf=-1: [163587bb-2c3b-4498-b576-18147cf38274:192.168.157.203:33208, a3132885-145f-4a8c-85f4-c10eb874732d:192.168.157.203:46766, 70b633f6-b230-4b9f-87f3-510da88f1e08:192.168.157.203:43163], old=null
2019-10-16 11:35:39,529 [1ee6da7b-5867-4bad-ba0d-a2cfd13fd72a@group-B3673A53AB6F-LeaderElection43] INFO  impl.LeaderElection (LeaderElection.java:logAndReturn(56)) - 1ee6da7b-5867-4bad-ba0d-a2cfd13fd72a@group-B3673A53AB6F-LeaderElection43: Election REJECTED; received 2 response(s) [1ee6da7b-5867-4bad-ba0d-a2cfd13fd72a<-f94c755f-9f95-40b5-85b9-5e712f3f34e7#0:FAIL-t16, 1ee6da7b-5867-4bad-ba0d-a2cfd13fd72a<-4281bf39-36db-462c-8bc9-3c86cb645344#0:FAIL-t16] and 0 exception(s); 1ee6da7b-5867-4bad-ba0d-a2cfd13fd72a@group-B3673A53AB6F:t16, leader=null, voted=1ee6da7b-5867-4bad-ba0d-a2cfd13fd72a, raftlog=1ee6da7b-5867-4bad-ba0d-a2cfd13fd72a@group-B3673A53AB6F-SegmentedRaftLog:OPENED:c-1,f-1,i0, conf=-1: [f94c755f-9f95-40b5-85b9-5e712f3f34e7:192.168.157.203:45275, 1ee6da7b-5867-4bad-ba0d-a2cfd13fd72a:192.168.157.203:35892, 4281bf39-36db-462c-8bc9-3c86cb645344:192.168.157.203:42381], old=null
2019-10-16 11:35:39,529 [a3132885-145f-4a8c-85f4-c10eb874732d@group-2077DD483DC7-LeaderElection44] INFO  impl.RaftServerImpl (RaftServerImpl.java:setRole(184)) - a3132885-145f-4a8c-85f4-c10eb874732d@group-2077DD483DC7: changes role from CANDIDATE to FOLLOWER at term 19 for DISCOVERED_A_NEW_TERM
2019-10-16 11:35:39,529 [1ee6da7b-5867-4bad-ba0d-a2cfd13fd72a@group-B3673A53AB6F-LeaderElection43] INFO  impl.RaftServerImpl (RaftServerImpl.java:setRole(184)) - 1ee6da7b-5867-4bad-ba0d-a2cfd13fd72a@group-B3673A53AB6F: changes role from CANDIDATE to FOLLOWER at term 16 for DISCOVERED_A_NEW_TERM
2019-10-16 11:35:39,529 [a3132885-145f-4a8c-85f4-c10eb874732d@group-2077DD483DC7-LeaderElection44] INFO  impl.RoleInfo (RoleInfo.java:shutdownLeaderElection(134)) - a3132885-145f-4a8c-85f4-c10eb874732d: shutdown LeaderElection
2019-10-16 11:35:39,529 [1ee6da7b-5867-4bad-ba0d-a2cfd13fd72a@group-B3673A53AB6F-LeaderElection43] INFO  impl.RoleInfo (RoleInfo.java:shutdownLeaderElection(134)) - 1ee6da7b-5867-4bad-ba0d-a2cfd13fd72a: shutdown LeaderElection
2019-10-16 11:35:39,529 [a3132885-145f-4a8c-85f4-c10eb874732d@group-2077DD483DC7-LeaderElection44] INFO  impl.RoleInfo (RoleInfo.java:updateAndGet(143)) - a3132885-145f-4a8c-85f4-c10eb874732d: start FollowerState
2019-10-16 11:35:39,529 [1ee6da7b-5867-4bad-ba0d-a2cfd13fd72a@group-B3673A53AB6F-LeaderElection43] INFO  impl.RoleInfo (RoleInfo.java:updateAndGet(143)) - 1ee6da7b-5867-4bad-ba0d-a2cfd13fd72a: start FollowerState
2019-10-16 11:35:39,566 [Thread-643] INFO  impl.FollowerState (FollowerState.java:run(108)) - a3132885-145f-4a8c-85f4-c10eb874732d@group-2077DD483DC7-FollowerState: change to CANDIDATE, lastRpcTime:37ms, electionTimeout:37ms
2019-10-16 11:35:39,567 [Thread-643] INFO  impl.RoleInfo (RoleInfo.java:shutdownFollowerState(121)) - a3132885-145f-4a8c-85f4-c10eb874732d: shutdown FollowerState
2019-10-16 11:35:39,567 [Thread-643] INFO  impl.RaftServerImpl (RaftServerImpl.java:setRole(184)) - a3132885-145f-4a8c-85f4-c10eb874732d@group-2077DD483DC7: changes role from  FOLLOWER to CANDIDATE at term 19 for changeToCandidate
2019-10-16 11:35:39,567 [Thread-643] INFO  impl.RoleInfo (RoleInfo.java:updateAndGet(143)) - a3132885-145f-4a8c-85f4-c10eb874732d: start LeaderElection
2019-10-16 11:35:39,628 [a3132885-145f-4a8c-85f4-c10eb874732d@group-2077DD483DC7-LeaderElection45] INFO  impl.LeaderElection (LeaderElection.java:askForVotes(178)) - a3132885-145f-4a8c-85f4-c10eb874732d@group-2077DD483DC7-LeaderElection45: begin an election at term 20 for -1: [163587bb-2c3b-4498-b576-18147cf38274:192.168.157.203:33208, a3132885-145f-4a8c-85f4-c10eb874732d:192.168.157.203:46766, 70b633f6-b230-4b9f-87f3-510da88f1e08:192.168.157.203:43163], old=null
2019-10-16 11:35:39,631 [grpc-default-executor-0] INFO  impl.RaftServerImpl (RaftServerImpl.java:setRole(184)) - 70b633f6-b230-4b9f-87f3-510da88f1e08@group-2077DD483DC7: changes role from  FOLLOWER to FOLLOWER at term 20 for recognizeCandidate:a3132885-145f-4a8c-85f4-c10eb874732d
2019-10-16 11:35:39,631 [grpc-default-executor-3] INFO  impl.RaftServerImpl (RaftServerImpl.java:setRole(184)) - 163587bb-2c3b-4498-b576-18147cf38274@group-2077DD483DC7: changes role from  FOLLOWER to FOLLOWER at term 20 for recognizeCandidate:a3132885-145f-4a8c-85f4-c10eb874732d
2019-10-16 11:35:39,631 [grpc-default-executor-0] INFO  impl.RoleInfo (RoleInfo.java:shutdownFollowerState(121)) - 70b633f6-b230-4b9f-87f3-510da88f1e08: shutdown FollowerState
2019-10-16 11:35:39,631 [grpc-default-executor-3] INFO  impl.RoleInfo (RoleInfo.java:shutdownFollowerState(121)) - 163587bb-2c3b-4498-b576-18147cf38274: shutdown FollowerState
2019-10-16 11:35:39,631 [Thread-640] INFO  impl.FollowerState (FollowerState.java:run(117)) - 70b633f6-b230-4b9f-87f3-510da88f1e08@group-2077DD483DC7-FollowerState was interrupted: java.lang.InterruptedException: sleep interrupted
2019-10-16 11:35:39,631 [grpc-default-executor-0] INFO  impl.RoleInfo (RoleInfo.java:updateAndGet(143)) - 70b633f6-b230-4b9f-87f3-510da88f1e08: start FollowerState
2019-10-16 11:35:39,632 [grpc-default-executor-3] INFO  impl.RoleInfo (RoleInfo.java:updateAndGet(143)) - 163587bb-2c3b-4498-b576-18147cf38274: start FollowerState
2019-10-16 11:35:39,632 [Thread-642] INFO  impl.FollowerState (FollowerState.java:run(117)) - 163587bb-2c3b-4498-b576-18147cf38274@group-2077DD483DC7-FollowerState was interrupted: java.lang.InterruptedException: sleep interrupted
2019-10-16 11:35:39,649 [a3132885-145f-4a8c-85f4-c10eb874732d@group-2077DD483DC7-LeaderElection45] INFO  impl.LeaderElection (LeaderElection.java:logAndReturn(56)) - a3132885-145f-4a8c-85f4-c10eb874732d@group-2077DD483DC7-LeaderElection45: Election REJECTED; received 2 response(s) [a3132885-145f-4a8c-85f4-c10eb874732d<-163587bb-2c3b-4498-b576-18147cf38274#0:FAIL-t20, a3132885-145f-4a8c-85f4-c10eb874732d<-70b633f6-b230-4b9f-87f3-510da88f1e08#0:FAIL-t20] and 0 exception(s); a3132885-145f-4a8c-85f4-c10eb874732d@group-2077DD483DC7:t20, leader=null, voted=a3132885-145f-4a8c-85f4-c10eb874732d, raftlog=a3132885-145f-4a8c-85f4-c10eb874732d@group-2077DD483DC7-SegmentedRaftLog:OPENED:c-1,f-1,i0, conf=-1: [163587bb-2c3b-4498-b576-18147cf38274:192.168.157.203:33208, a3132885-145f-4a8c-85f4-c10eb874732d:192.168.157.203:46766, 70b633f6-b230-4b9f-87f3-510da88f1e08:192.168.157.203:43163], old=null
2019-10-16 11:35:39,649 [a3132885-145f-4a8c-85f4-c10eb874732d@group-2077DD483DC7-LeaderElection45] INFO  impl.RaftServerImpl (RaftServerImpl.java:setRole(184)) - a3132885-145f-4a8c-85f4-c10eb874732d@group-2077DD483DC7: changes role from CANDIDATE to FOLLOWER at term 20 for DISCOVERED_A_NEW_TERM
2019-10-16 11:35:39,649 [a3132885-145f-4a8c-85f4-c10eb874732d@group-2077DD483DC7-LeaderElection45] INFO  impl.RoleInfo (RoleInfo.java:shutdownLeaderElection(134)) - a3132885-145f-4a8c-85f4-c10eb874732d: shutdown LeaderElection
2019-10-16 11:35:39,649 [a3132885-145f-4a8c-85f4-c10eb874732d@group-2077DD483DC7-LeaderElection45] INFO  impl.RoleInfo (RoleInfo.java:updateAndGet(143)) - a3132885-145f-4a8c-85f4-c10eb874732d: start FollowerState
2019-10-16 11:35:39,681 [Thread-650] INFO  impl.FollowerState (FollowerState.java:run(108)) - a3132885-145f-4a8c-85f4-c10eb874732d@group-2077DD483DC7-FollowerState: change to CANDIDATE, lastRpcTime:31ms, electionTimeout:31ms
2019-10-16 11:35:39,681 [Thread-650] INFO  impl.RoleInfo (RoleInfo.java:shutdownFollowerState(121)) - a3132885-145f-4a8c-85f4-c10eb874732d: shutdown FollowerState
2019-10-16 11:35:39,681 [Thread-650] INFO  impl.RaftServerImpl (RaftServerImpl.java:setRole(184)) - a3132885-145f-4a8c-85f4-c10eb874732d@group-2077DD483DC7: changes role from  FOLLOWER to CANDIDATE at term 20 for changeToCandidate
2019-10-16 11:35:39,681 [Thread-650] INFO  impl.RoleInfo (RoleInfo.java:updateAndGet(143)) - a3132885-145f-4a8c-85f4-c10eb874732d: start LeaderElection
2019-10-16 11:35:39,693 [Thread-644] INFO  impl.FollowerState (FollowerState.java:run(108)) - 1ee6da7b-5867-4bad-ba0d-a2cfd13fd72a@group-B3673A53AB6F-FollowerState: change to CANDIDATE, lastRpcTime:163ms, electionTimeout:163ms
2019-10-16 11:35:39,693 [Thread-644] INFO  impl.RoleInfo (RoleInfo.java:shutdownFollowerState(121)) - 1ee6da7b-5867-4bad-ba0d-a2cfd13fd72a: shutdown FollowerState
2019-10-16 11:35:39,693 [Thread-644] INFO  impl.RaftServerImpl (RaftServerImpl.java:setRole(184)) - 1ee6da7b-5867-4bad-ba0d-a2cfd13fd72a@group-B3673A53AB6F: changes role from  FOLLOWER to CANDIDATE at term 16 for changeToCandidate
2019-10-16 11:35:39,693 [Thread-644] INFO  impl.RoleInfo (RoleInfo.java:updateAndGet(143)) - 1ee6da7b-5867-4bad-ba0d-a2cfd13fd72a: start LeaderElection
2019-10-16 11:35:39,700 [a3132885-145f-4a8c-85f4-c10eb874732d@group-2077DD483DC7-LeaderElection46] INFO  impl.LeaderElection (LeaderElection.java:askForVotes(178)) - a3132885-145f-4a8c-85f4-c10eb874732d@group-2077DD483DC7-LeaderElection46: begin an election at term 21 for -1: [163587bb-2c3b-4498-b576-18147cf38274:192.168.157.203:33208, a3132885-145f-4a8c-85f4-c10eb874732d:192.168.157.203:46766, 70b633f6-b230-4b9f-87f3-510da88f1e08:192.168.157.203:43163], old=null
2019-10-16 11:35:39,702 [grpc-default-executor-0] INFO  impl.RaftServerImpl (RaftServerImpl.java:setRole(184)) - 163587bb-2c3b-4498-b576-18147cf38274@group-2077DD483DC7: changes role from  FOLLOWER to FOLLOWER at term 21 for recognizeCandidate:a3132885-145f-4a8c-85f4-c10eb874732d
2019-10-16 11:35:39,702 [grpc-default-executor-0] INFO  impl.RoleInfo (RoleInfo.java:shutdownFollowerState(121)) - 163587bb-2c3b-4498-b576-18147cf38274: shutdown FollowerState
2019-10-16 11:35:39,702 [grpc-default-executor-0] INFO  impl.RoleInfo (RoleInfo.java:updateAndGet(143)) - 163587bb-2c3b-4498-b576-18147cf38274: start FollowerState
2019-10-16 11:35:39,702 [Thread-649] INFO  impl.FollowerState (FollowerState.java:run(117)) - 163587bb-2c3b-4498-b576-18147cf38274@group-2077DD483DC7-FollowerState was interrupted: java.lang.InterruptedException: sleep interrupted
2019-10-16 11:35:39,703 [grpc-default-executor-3] INFO  impl.RaftServerImpl (RaftServerImpl.java:setRole(184)) - 70b633f6-b230-4b9f-87f3-510da88f1e08@group-2077DD483DC7: changes role from  FOLLOWER to FOLLOWER at term 21 for recognizeCandidate:a3132885-145f-4a8c-85f4-c10eb874732d
2019-10-16 11:35:39,703 [grpc-default-executor-3] INFO  impl.RoleInfo (RoleInfo.java:shutdownFollowerState(121)) - 70b633f6-b230-4b9f-87f3-510da88f1e08: shutdown FollowerState
2019-10-16 11:35:39,703 [Thread-648] INFO  impl.FollowerState (FollowerState.java:run(117)) - 70b633f6-b230-4b9f-87f3-510da88f1e08@group-2077DD483DC7-FollowerState was interrupted: java.lang.InterruptedException: sleep interrupted
2019-10-16 11:35:39,703 [grpc-default-executor-3] INFO  impl.RoleInfo (RoleInfo.java:updateAndGet(143)) - 70b633f6-b230-4b9f-87f3-510da88f1e08: start FollowerState
2019-10-16 11:35:39,710 [1ee6da7b-5867-4bad-ba0d-a2cfd13fd72a@group-B3673A53AB6F-LeaderElection47] INFO  impl.LeaderElection (LeaderElection.java:askForVotes(178)) - 1ee6da7b-5867-4bad-ba0d-a2cfd13fd72a@group-B3673A53AB6F-LeaderElection47: begin an election at term 17 for -1: [f94c755f-9f95-40b5-85b9-5e712f3f34e7:192.168.157.203:45275, 1ee6da7b-5867-4bad-ba0d-a2cfd13fd72a:192.168.157.203:35892, 4281bf39-36db-462c-8bc9-3c86cb645344:192.168.157.203:42381], old=null
2019-10-16 11:35:39,712 [grpc-default-executor-3] INFO  impl.RaftServerImpl (RaftServerImpl.java:setRole(184)) - 4281bf39-36db-462c-8bc9-3c86cb645344@group-B3673A53AB6F: changes role from  FOLLOWER to FOLLOWER at term 17 for recognizeCandidate:1ee6da7b-5867-4bad-ba0d-a2cfd13fd72a
2019-10-16 11:35:39,712 [a3132885-145f-4a8c-85f4-c10eb874732d@group-2077DD483DC7-LeaderElection46] INFO  impl.LeaderElection (LeaderElection.java:logAndReturn(56)) - a3132885-145f-4a8c-85f4-c10eb874732d@group-2077DD483DC7-LeaderElection46: Election REJECTED; received 2 response(s) [a3132885-145f-4a8c-85f4-c10eb874732d<-163587bb-2c3b-4498-b576-18147cf38274#0:FAIL-t21, a3132885-145f-4a8c-85f4-c10eb874732d<-70b633f6-b230-4b9f-87f3-510da88f1e08#0:FAIL-t21] and 0 exception(s); a3132885-145f-4a8c-85f4-c10eb874732d@group-2077DD483DC7:t21, leader=null, voted=a3132885-145f-4a8c-85f4-c10eb874732d, raftlog=a3132885-145f-4a8c-85f4-c10eb874732d@group-2077DD483DC7-SegmentedRaftLog:OPENED:c-1,f-1,i0, conf=-1: [163587bb-2c3b-4498-b576-18147cf38274:192.168.157.203:33208, a3132885-145f-4a8c-85f4-c10eb874732d:192.168.157.203:46766, 70b633f6-b230-4b9f-87f3-510da88f1e08:192.168.157.203:43163], old=null
2019-10-16 11:35:39,712 [grpc-default-executor-3] INFO  impl.RoleInfo (RoleInfo.java:shutdownFollowerState(121)) - 4281bf39-36db-462c-8bc9-3c86cb645344: shutdown FollowerState
2019-10-16 11:35:39,712 [a3132885-145f-4a8c-85f4-c10eb874732d@group-2077DD483DC7-LeaderElection46] INFO  impl.RaftServerImpl (RaftServerImpl.java:setRole(184)) - a3132885-145f-4a8c-85f4-c10eb874732d@group-2077DD483DC7: changes role from CANDIDATE to FOLLOWER at term 21 for DISCOVERED_A_NEW_TERM
2019-10-16 11:35:39,712 [a3132885-145f-4a8c-85f4-c10eb874732d@group-2077DD483DC7-LeaderElection46] INFO  impl.RoleInfo (RoleInfo.java:shutdownLeaderElection(134)) - a3132885-145f-4a8c-85f4-c10eb874732d: shutdown LeaderElection
2019-10-16 11:35:39,712 [grpc-default-executor-3] INFO  impl.RoleInfo (RoleInfo.java:updateAndGet(143)) - 4281bf39-36db-462c-8bc9-3c86cb645344: start FollowerState
2019-10-16 11:35:39,712 [grpc-default-executor-0] INFO  impl.RaftServerImpl (RaftServerImpl.java:setRole(184)) - f94c755f-9f95-40b5-85b9-5e712f3f34e7@group-B3673A53AB6F: changes role from  FOLLOWER to FOLLOWER at term 17 for recognizeCandidate:1ee6da7b-5867-4bad-ba0d-a2cfd13fd72a
2019-10-16 11:35:39,712 [a3132885-145f-4a8c-85f4-c10eb874732d@group-2077DD483DC7-LeaderElection46] INFO  impl.RoleInfo (RoleInfo.java:updateAndGet(143)) - a3132885-145f-4a8c-85f4-c10eb874732d: start FollowerState
2019-10-16 11:35:39,712 [grpc-default-executor-0] INFO  impl.RoleInfo (RoleInfo.java:shutdownFollowerState(121)) - f94c755f-9f95-40b5-85b9-5e712f3f34e7: shutdown FollowerState
2019-10-16 11:35:39,712 [Thread-639] INFO  impl.FollowerState (FollowerState.java:run(117)) - 4281bf39-36db-462c-8bc9-3c86cb645344@group-B3673A53AB6F-FollowerState was interrupted: java.lang.InterruptedException: sleep interrupted
2019-10-16 11:35:39,713 [grpc-default-executor-0] INFO  impl.RoleInfo (RoleInfo.java:updateAndGet(143)) - f94c755f-9f95-40b5-85b9-5e712f3f34e7: start FollowerState
2019-10-16 11:35:39,713 [Thread-641] INFO  impl.FollowerState (FollowerState.java:run(117)) - f94c755f-9f95-40b5-85b9-5e712f3f34e7@group-B3673A53AB6F-FollowerState was interrupted: java.lang.InterruptedException: sleep interrupted
2019-10-16 11:35:39,725 [1ee6da7b-5867-4bad-ba0d-a2cfd13fd72a@group-B3673A53AB6F-LeaderElection47] INFO  impl.LeaderElection (LeaderElection.java:logAndReturn(56)) - 1ee6da7b-5867-4bad-ba0d-a2cfd13fd72a@group-B3673A53AB6F-LeaderElection47: Election REJECTED; received 2 response(s) [1ee6da7b-5867-4bad-ba0d-a2cfd13fd72a<-f94c755f-9f95-40b5-85b9-5e712f3f34e7#0:FAIL-t17, 1ee6da7b-5867-4bad-ba0d-a2cfd13fd72a<-4281bf39-36db-462c-8bc9-3c86cb645344#0:FAIL-t17] and 0 exception(s); 1ee6da7b-5867-4bad-ba0d-a2cfd13fd72a@group-B3673A53AB6F:t17, leader=null, voted=1ee6da7b-5867-4bad-ba0d-a2cfd13fd72a, raftlog=1ee6da7b-5867-4bad-ba0d-a2cfd13fd72a@group-B3673A53AB6F-SegmentedRaftLog:OPENED:c-1,f-1,i0, conf=-1: [f94c755f-9f95-40b5-85b9-5e712f3f34e7:192.168.157.203:45275, 1ee6da7b-5867-4bad-ba0d-a2cfd13fd72a:192.168.157.203:35892, 4281bf39-36db-462c-8bc9-3c86cb645344:192.168.157.203:42381], old=null
2019-10-16 11:35:39,725 [1ee6da7b-5867-4bad-ba0d-a2cfd13fd72a@group-B3673A53AB6F-LeaderElection47] INFO  impl.RaftServerImpl (RaftServerImpl.java:setRole(184)) - 1ee6da7b-5867-4bad-ba0d-a2cfd13fd72a@group-B3673A53AB6F: changes role from CANDIDATE to FOLLOWER at term 17 for DISCOVERED_A_NEW_TERM
2019-10-16 11:35:39,725 [1ee6da7b-5867-4bad-ba0d-a2cfd13fd72a@group-B3673A53AB6F-LeaderElection47] INFO  impl.RoleInfo (RoleInfo.java:shutdownLeaderElection(134)) - 1ee6da7b-5867-4bad-ba0d-a2cfd13fd72a: shutdown LeaderElection
2019-10-16 11:35:39,725 [1ee6da7b-5867-4bad-ba0d-a2cfd13fd72a@group-B3673A53AB6F-LeaderElection47] INFO  impl.RoleInfo (RoleInfo.java:updateAndGet(143)) - 1ee6da7b-5867-4bad-ba0d-a2cfd13fd72a: start FollowerState
2019-10-16 11:35:39,790 [Thread-660] INFO  impl.FollowerState (FollowerState.java:run(108)) - a3132885-145f-4a8c-85f4-c10eb874732d@group-2077DD483DC7-FollowerState: change to CANDIDATE, lastRpcTime:77ms, electionTimeout:77ms
2019-10-16 11:35:39,790 [Thread-660] INFO  impl.RoleInfo (RoleInfo.java:shutdownFollowerState(121)) - a3132885-145f-4a8c-85f4-c10eb874732d: shutdown FollowerState
2019-10-16 11:35:39,790 [Thread-660] INFO  impl.RaftServerImpl (RaftServerImpl.java:setRole(184)) - a3132885-145f-4a8c-85f4-c10eb874732d@group-2077DD483DC7: changes role from  FOLLOWER to CANDIDATE at term 21 for changeToCandidate
2019-10-16 11:35:39,790 [Thread-660] INFO  impl.RoleInfo (RoleInfo.java:updateAndGet(143)) - a3132885-145f-4a8c-85f4-c10eb874732d: start LeaderElection
2019-10-16 11:35:39,804 [a3132885-145f-4a8c-85f4-c10eb874732d@group-2077DD483DC7-LeaderElection48] INFO  impl.LeaderElection (LeaderElection.java:askForVotes(178)) - a3132885-145f-4a8c-85f4-c10eb874732d@group-2077DD483DC7-LeaderElection48: begin an election at term 22 for -1: [163587bb-2c3b-4498-b576-18147cf38274:192.168.157.203:33208, a3132885-145f-4a8c-85f4-c10eb874732d:192.168.157.203:46766, 70b633f6-b230-4b9f-87f3-510da88f1e08:192.168.157.203:43163], old=null
2019-10-16 11:35:39,807 [grpc-default-executor-3] INFO  impl.RaftServerImpl (RaftServerImpl.java:setRole(184)) - 70b633f6-b230-4b9f-87f3-510da88f1e08@group-2077DD483DC7: changes role from  FOLLOWER to FOLLOWER at term 22 for recognizeCandidate:a3132885-145f-4a8c-85f4-c10eb874732d
2019-10-16 11:35:39,807 [grpc-default-executor-0] INFO  impl.RaftServerImpl (RaftServerImpl.java:setRole(184)) - 163587bb-2c3b-4498-b576-18147cf38274@group-2077DD483DC7: changes role from  FOLLOWER to FOLLOWER at term 22 for recognizeCandidate:a3132885-145f-4a8c-85f4-c10eb874732d
2019-10-16 11:35:39,807 [grpc-default-executor-3] INFO  impl.RoleInfo (RoleInfo.java:shutdownFollowerState(121)) - 70b633f6-b230-4b9f-87f3-510da88f1e08: shutdown FollowerState
2019-10-16 11:35:39,807 [grpc-default-executor-0] INFO  impl.RoleInfo (RoleInfo.java:shutdownFollowerState(121)) - 163587bb-2c3b-4498-b576-18147cf38274: shutdown FollowerState
2019-10-16 11:35:39,807 [Thread-656] INFO  impl.FollowerState (FollowerState.java:run(117)) - 70b633f6-b230-4b9f-87f3-510da88f1e08@group-2077DD483DC7-FollowerState was interrupted: java.lang.InterruptedException: sleep interrupted
2019-10-16 11:35:39,807 [Thread-655] INFO  impl.FollowerState (FollowerState.java:run(117)) - 163587bb-2c3b-4498-b576-18147cf38274@group-2077DD483DC7-FollowerState was interrupted: java.lang.InterruptedException: sleep interrupted
2019-10-16 11:35:39,807 [grpc-default-executor-0] INFO  impl.RoleInfo (RoleInfo.java:updateAndGet(143)) - 163587bb-2c3b-4498-b576-18147cf38274: start FollowerState
2019-10-16 11:35:39,807 [grpc-default-executor-3] INFO  impl.RoleInfo (RoleInfo.java:updateAndGet(143)) - 70b633f6-b230-4b9f-87f3-510da88f1e08: start FollowerState
2019-10-16 11:35:39,834 [a3132885-145f-4a8c-85f4-c10eb874732d@group-2077DD483DC7-LeaderElection48] INFO  impl.LeaderElection (LeaderElection.java:logAndReturn(56)) - a3132885-145f-4a8c-85f4-c10eb874732d@group-2077DD483DC7-LeaderElection48: Election TIMEOUT; received 0 response(s) [] and 0 exception(s); a3132885-145f-4a8c-85f4-c10eb874732d@group-2077DD483DC7:t22, leader=null, voted=a3132885-145f-4a8c-85f4-c10eb874732d, raftlog=a3132885-145f-4a8c-85f4-c10eb874732d@group-2077DD483DC7-SegmentedRaftLog:OPENED:c-1,f-1,i0, conf=-1: [163587bb-2c3b-4498-b576-18147cf38274:192.168.157.203:33208, a3132885-145f-4a8c-85f4-c10eb874732d:192.168.157.203:46766, 70b633f6-b230-4b9f-87f3-510da88f1e08:192.168.157.203:43163], old=null
2019-10-16 11:35:39,850 [a3132885-145f-4a8c-85f4-c10eb874732d@group-2077DD483DC7-LeaderElection48] INFO  impl.LeaderElection (LeaderElection.java:askForVotes(178)) - a3132885-145f-4a8c-85f4-c10eb874732d@group-2077DD483DC7-LeaderElection48: begin an election at term 23 for -1: [163587bb-2c3b-4498-b576-18147cf38274:192.168.157.203:33208, a3132885-145f-4a8c-85f4-c10eb874732d:192.168.157.203:46766, 70b633f6-b230-4b9f-87f3-510da88f1e08:192.168.157.203:43163], old=null
2019-10-16 11:35:39,852 [grpc-default-executor-0] INFO  impl.RaftServerImpl (RaftServerImpl.java:setRole(184)) - 163587bb-2c3b-4498-b576-18147cf38274@group-2077DD483DC7: changes role from  FOLLOWER to FOLLOWER at term 23 for recognizeCandidate:a3132885-145f-4a8c-85f4-c10eb874732d
2019-10-16 11:35:39,852 [grpc-default-executor-3] INFO  impl.RaftServerImpl (RaftServerImpl.java:setRole(184)) - 70b633f6-b230-4b9f-87f3-510da88f1e08@group-2077DD483DC7: changes role from  FOLLOWER to FOLLOWER at term 23 for recognizeCandidate:a3132885-145f-4a8c-85f4-c10eb874732d
2019-10-16 11:35:39,852 [grpc-default-executor-0] INFO  impl.RoleInfo (RoleInfo.java:shutdownFollowerState(121)) - 163587bb-2c3b-4498-b576-18147cf38274: shutdown FollowerState
2019-10-16 11:35:39,852 [grpc-default-executor-3] INFO  impl.RoleInfo (RoleInfo.java:shutdownFollowerState(121)) - 70b633f6-b230-4b9f-87f3-510da88f1e08: shutdown FollowerState
2019-10-16 11:35:39,852 [grpc-default-executor-0] INFO  impl.RoleInfo (RoleInfo.java:updateAndGet(143)) - 163587bb-2c3b-4498-b576-18147cf38274: start FollowerState
2019-10-16 11:35:39,852 [Thread-668] INFO  impl.FollowerState (FollowerState.java:run(117)) - 163587bb-2c3b-4498-b576-18147cf38274@group-2077DD483DC7-FollowerState was interrupted: java.lang.InterruptedException: sleep interrupted
2019-10-16 11:35:39,853 [Thread-667] INFO  impl.FollowerState (FollowerState.java:run(117)) - 70b633f6-b230-4b9f-87f3-510da88f1e08@group-2077DD483DC7-FollowerState was interrupted: java.lang.InterruptedException: sleep interrupted
2019-10-16 11:35:39,853 [grpc-default-executor-3] INFO  impl.RoleInfo (RoleInfo.java:updateAndGet(143)) - 70b633f6-b230-4b9f-87f3-510da88f1e08: start FollowerState
2019-10-16 11:35:39,882 [a3132885-145f-4a8c-85f4-c10eb874732d@group-2077DD483DC7-LeaderElection48] INFO  impl.LeaderElection (LeaderElection.java:logAndReturn(56)) - a3132885-145f-4a8c-85f4-c10eb874732d@group-2077DD483DC7-LeaderElection48: Election REJECTED; received 2 response(s) [a3132885-145f-4a8c-85f4-c10eb874732d<-163587bb-2c3b-4498-b576-18147cf38274#0:FAIL-t23, a3132885-145f-4a8c-85f4-c10eb874732d<-70b633f6-b230-4b9f-87f3-510da88f1e08#0:FAIL-t23] and 0 exception(s); a3132885-145f-4a8c-85f4-c10eb874732d@group-2077DD483DC7:t23, leader=null, voted=a3132885-145f-4a8c-85f4-c10eb874732d, raftlog=a3132885-145f-4a8c-85f4-c10eb874732d@group-2077DD483DC7-SegmentedRaftLog:OPENED:c-1,f-1,i0, conf=-1: [163587bb-2c3b-4498-b576-18147cf38274:192.168.157.203:33208, a3132885-145f-4a8c-85f4-c10eb874732d:192.168.157.203:46766, 70b633f6-b230-4b9f-87f3-510da88f1e08:192.168.157.203:43163], old=null
2019-10-16 11:35:39,882 [a3132885-145f-4a8c-85f4-c10eb874732d@group-2077DD483DC7-LeaderElection48] INFO  impl.RaftServerImpl (RaftServerImpl.java:setRole(184)) - a3132885-145f-4a8c-85f4-c10eb874732d@group-2077DD483DC7: changes role from CANDIDATE to FOLLOWER at term 23 for DISCOVERED_A_NEW_TERM
2019-10-16 11:35:39,882 [a3132885-145f-4a8c-85f4-c10eb874732d@group-2077DD483DC7-LeaderElection48] INFO  impl.RoleInfo (RoleInfo.java:shutdownLeaderElection(134)) - a3132885-145f-4a8c-85f4-c10eb874732d: shutdown LeaderElection
2019-10-16 11:35:39,882 [a3132885-145f-4a8c-85f4-c10eb874732d@group-2077DD483DC7-LeaderElection48] INFO  impl.RoleInfo (RoleInfo.java:updateAndGet(143)) - a3132885-145f-4a8c-85f4-c10eb874732d: start FollowerState
2019-10-16 11:35:39,901 [Thread-662] INFO  impl.FollowerState (FollowerState.java:run(108)) - 1ee6da7b-5867-4bad-ba0d-a2cfd13fd72a@group-B3673A53AB6F-FollowerState: change to CANDIDATE, lastRpcTime:175ms, electionTimeout:175ms
2019-10-16 11:35:39,901 [Thread-662] INFO  impl.RoleInfo (RoleInfo.java:shutdownFollowerState(121)) - 1ee6da7b-5867-4bad-ba0d-a2cfd13fd72a: shutdown FollowerState
2019-10-16 11:35:39,901 [Thread-662] INFO  impl.RaftServerImpl (RaftServerImpl.java:setRole(184)) - 1ee6da7b-5867-4bad-ba0d-a2cfd13fd72a@group-B3673A53AB6F: changes role from  FOLLOWER to CANDIDATE at term 17 for changeToCandidate
2019-10-16 11:35:39,901 [Thread-662] INFO  impl.RoleInfo (RoleInfo.java:updateAndGet(143)) - 1ee6da7b-5867-4bad-ba0d-a2cfd13fd72a: start LeaderElection
2019-10-16 11:35:39,922 [1ee6da7b-5867-4bad-ba0d-a2cfd13fd72a@group-B3673A53AB6F-LeaderElection49] INFO  impl.LeaderElection (LeaderElection.java:askForVotes(178)) - 1ee6da7b-5867-4bad-ba0d-a2cfd13fd72a@group-B3673A53AB6F-LeaderElection49: begin an election at term 18 for -1: [f94c755f-9f95-40b5-85b9-5e712f3f34e7:192.168.157.203:45275, 1ee6da7b-5867-4bad-ba0d-a2cfd13fd72a:192.168.157.203:35892, 4281bf39-36db-462c-8bc9-3c86cb645344:192.168.157.203:42381], old=null
2019-10-16 11:35:39,924 [grpc-default-executor-0] INFO  impl.RaftServerImpl (RaftServerImpl.java:setRole(184)) - 4281bf39-36db-462c-8bc9-3c86cb645344@group-B3673A53AB6F: changes role from  FOLLOWER to FOLLOWER at term 18 for recognizeCandidate:1ee6da7b-5867-4bad-ba0d-a2cfd13fd72a
2019-10-16 11:35:39,924 [grpc-default-executor-3] INFO  impl.RaftServerImpl (RaftServerImpl.java:setRole(184)) - f94c755f-9f95-40b5-85b9-5e712f3f34e7@group-B3673A53AB6F: changes role from  FOLLOWER to FOLLOWER at term 18 for recognizeCandidate:1ee6da7b-5867-4bad-ba0d-a2cfd13fd72a
2019-10-16 11:35:39,925 [Thread-674] INFO  impl.FollowerState (FollowerState.java:run(108)) - a3132885-145f-4a8c-85f4-c10eb874732d@group-2077DD483DC7-FollowerState: change to CANDIDATE, lastRpcTime:42ms, electionTimeout:42ms
2019-10-16 11:35:39,924 [grpc-default-executor-0] INFO  impl.RoleInfo (RoleInfo.java:shutdownFollowerState(121)) - 4281bf39-36db-462c-8bc9-3c86cb645344: shutdown FollowerState
2019-10-16 11:35:39,925 [Thread-674] INFO  impl.RoleInfo (RoleInfo.java:shutdownFollowerState(121)) - a3132885-145f-4a8c-85f4-c10eb874732d: shutdown FollowerState
2019-10-16 11:35:39,926 [Thread-659] INFO  impl.FollowerState (FollowerState.java:run(117)) - 4281bf39-36db-462c-8bc9-3c86cb645344@group-B3673A53AB6F-FollowerState was interrupted: java.lang.InterruptedException: sleep interrupted
2019-10-16 11:35:39,925 [grpc-default-executor-3] INFO  impl.RoleInfo (RoleInfo.java:shutdownFollowerState(121)) - f94c755f-9f95-40b5-85b9-5e712f3f34e7: shutdown FollowerState
2019-10-16 11:35:39,926 [Thread-674] INFO  impl.RaftServerImpl (RaftServerImpl.java:setRole(184)) - a3132885-145f-4a8c-85f4-c10eb874732d@group-2077DD483DC7: changes role from  FOLLOWER to CANDIDATE at term 23 for changeToCandidate
2019-10-16 11:35:39,926 [grpc-default-executor-3] INFO  impl.RoleInfo (RoleInfo.java:updateAndGet(143)) - f94c755f-9f95-40b5-85b9-5e712f3f34e7: start FollowerState
2019-10-16 11:35:39,926 [grpc-default-executor-0] INFO  impl.RoleInfo (RoleInfo.java:updateAndGet(143)) - 4281bf39-36db-462c-8bc9-3c86cb645344: start FollowerState
2019-10-16 11:35:39,926 [Thread-674] INFO  impl.RoleInfo (RoleInfo.java:updateAndGet(143)) - a3132885-145f-4a8c-85f4-c10eb874732d: start LeaderElection
2019-10-16 11:35:39,926 [Thread-661] INFO  impl.FollowerState (FollowerState.java:run(117)) - f94c755f-9f95-40b5-85b9-5e712f3f34e7@group-B3673A53AB6F-FollowerState was interrupted: java.lang.InterruptedException: sleep interrupted
2019-10-16 11:35:39,958 [a3132885-145f-4a8c-85f4-c10eb874732d@group-2077DD483DC7-LeaderElection50] INFO  impl.LeaderElection (LeaderElection.java:askForVotes(178)) - a3132885-145f-4a8c-85f4-c10eb874732d@group-2077DD483DC7-LeaderElection50: begin an election at term 24 for -1: [163587bb-2c3b-4498-b576-18147cf38274:192.168.157.203:33208, a3132885-145f-4a8c-85f4-c10eb874732d:192.168.157.203:46766, 70b633f6-b230-4b9f-87f3-510da88f1e08:192.168.157.203:43163], old=null
2019-10-16 11:35:39,959 [1ee6da7b-5867-4bad-ba0d-a2cfd13fd72a@group-B3673A53AB6F-LeaderElection49] INFO  impl.LeaderElection (LeaderElection.java:logAndReturn(56)) - 1ee6da7b-5867-4bad-ba0d-a2cfd13fd72a@group-B3673A53AB6F-LeaderElection49: Election REJECTED; received 2 response(s) [1ee6da7b-5867-4bad-ba0d-a2cfd13fd72a<-f94c755f-9f95-40b5-85b9-5e712f3f34e7#0:FAIL-t18, 1ee6da7b-5867-4bad-ba0d-a2cfd13fd72a<-4281bf39-36db-462c-8bc9-3c86cb645344#0:FAIL-t18] and 0 exception(s); 1ee6da7b-5867-4bad-ba0d-a2cfd13fd72a@group-B3673A53AB6F:t18, leader=null, voted=1ee6da7b-5867-4bad-ba0d-a2cfd13fd72a, raftlog=1ee6da7b-5867-4bad-ba0d-a2cfd13fd72a@group-B3673A53AB6F-SegmentedRaftLog:OPENED:c-1,f-1,i0, conf=-1: [f94c755f-9f95-40b5-85b9-5e712f3f34e7:192.168.157.203:45275, 1ee6da7b-5867-4bad-ba0d-a2cfd13fd72a:192.168.157.203:35892, 4281bf39-36db-462c-8bc9-3c86cb645344:192.168.157.203:42381], old=null
2019-10-16 11:35:39,959 [1ee6da7b-5867-4bad-ba0d-a2cfd13fd72a@group-B3673A53AB6F-LeaderElection49] INFO  impl.RaftServerImpl (RaftServerImpl.java:setRole(184)) - 1ee6da7b-5867-4bad-ba0d-a2cfd13fd72a@group-B3673A53AB6F: changes role from CANDIDATE to FOLLOWER at term 18 for DISCOVERED_A_NEW_TERM
2019-10-16 11:35:39,960 [1ee6da7b-5867-4bad-ba0d-a2cfd13fd72a@group-B3673A53AB6F-LeaderElection49] INFO  impl.RoleInfo (RoleInfo.java:shutdownLeaderElection(134)) - 1ee6da7b-5867-4bad-ba0d-a2cfd13fd72a: shutdown LeaderElection
2019-10-16 11:35:39,960 [1ee6da7b-5867-4bad-ba0d-a2cfd13fd72a@group-B3673A53AB6F-LeaderElection49] INFO  impl.RoleInfo (RoleInfo.java:updateAndGet(143)) - 1ee6da7b-5867-4bad-ba0d-a2cfd13fd72a: start FollowerState
2019-10-16 11:35:39,960 [grpc-default-executor-0] INFO  impl.RaftServerImpl (RaftServerImpl.java:setRole(184)) - 70b633f6-b230-4b9f-87f3-510da88f1e08@group-2077DD483DC7: changes role from  FOLLOWER to FOLLOWER at term 24 for recognizeCandidate:a3132885-145f-4a8c-85f4-c10eb874732d
2019-10-16 11:35:39,960 [grpc-default-executor-3] INFO  impl.RaftServerImpl (RaftServerImpl.java:setRole(184)) - 163587bb-2c3b-4498-b576-18147cf38274@group-2077DD483DC7: changes role from  FOLLOWER to FOLLOWER at term 24 for recognizeCandidate:a3132885-145f-4a8c-85f4-c10eb874732d
2019-10-16 11:35:39,960 [grpc-default-executor-0] INFO  impl.RoleInfo (RoleInfo.java:shutdownFollowerState(121)) - 70b633f6-b230-4b9f-87f3-510da88f1e08: shutdown FollowerState
2019-10-16 11:35:39,960 [grpc-default-executor-3] INFO  impl.RoleInfo (RoleInfo.java:shutdownFollowerState(121)) - 163587bb-2c3b-4498-b576-18147cf38274: shutdown FollowerState
2019-10-16 11:35:39,960 [Thread-673] INFO  impl.FollowerState (FollowerState.java:run(117)) - 70b633f6-b230-4b9f-87f3-510da88f1e08@group-2077DD483DC7-FollowerState was interrupted: java.lang.InterruptedException: sleep interrupted
2019-10-16 11:35:39,960 [grpc-default-executor-0] INFO  impl.RoleInfo (RoleInfo.java:updateAndGet(143)) - 70b633f6-b230-4b9f-87f3-510da88f1e08: start FollowerState
2019-10-16 11:35:39,961 [Thread-672] INFO  impl.FollowerState (FollowerState.java:run(117)) - 163587bb-2c3b-4498-b576-18147cf38274@group-2077DD483DC7-FollowerState was interrupted: java.lang.InterruptedException: sleep interrupted
2019-10-16 11:35:39,961 [grpc-default-executor-3] INFO  impl.RoleInfo (RoleInfo.java:updateAndGet(143)) - 163587bb-2c3b-4498-b576-18147cf38274: start FollowerState
2019-10-16 11:35:39,971 [a3132885-145f-4a8c-85f4-c10eb874732d@group-2077DD483DC7-LeaderElection50] INFO  impl.LeaderElection (LeaderElection.java:logAndReturn(56)) - a3132885-145f-4a8c-85f4-c10eb874732d@group-2077DD483DC7-LeaderElection50: Election REJECTED; received 2 response(s) [a3132885-145f-4a8c-85f4-c10eb874732d<-163587bb-2c3b-4498-b576-18147cf38274#0:FAIL-t24, a3132885-145f-4a8c-85f4-c10eb874732d<-70b633f6-b230-4b9f-87f3-510da88f1e08#0:FAIL-t24] and 0 exception(s); a3132885-145f-4a8c-85f4-c10eb874732d@group-2077DD483DC7:t24, leader=null, voted=a3132885-145f-4a8c-85f4-c10eb874732d, raftlog=a3132885-145f-4a8c-85f4-c10eb874732d@group-2077DD483DC7-SegmentedRaftLog:OPENED:c-1,f-1,i0, conf=-1: [163587bb-2c3b-4498-b576-18147cf38274:192.168.157.203:33208, a3132885-145f-4a8c-85f4-c10eb874732d:192.168.157.203:46766, 70b633f6-b230-4b9f-87f3-510da88f1e08:192.168.157.203:43163], old=null
2019-10-16 11:35:39,971 [a3132885-145f-4a8c-85f4-c10eb874732d@group-2077DD483DC7-LeaderElection50] INFO  impl.RaftServerImpl (RaftServerImpl.java:setRole(184)) - a3132885-145f-4a8c-85f4-c10eb874732d@group-2077DD483DC7: changes role from CANDIDATE to FOLLOWER at term 24 for DISCOVERED_A_NEW_TERM
2019-10-16 11:35:39,971 [a3132885-145f-4a8c-85f4-c10eb874732d@group-2077DD483DC7-LeaderElection50] INFO  impl.RoleInfo (RoleInfo.java:shutdownLeaderElection(134)) - a3132885-145f-4a8c-85f4-c10eb874732d: shutdown LeaderElection
2019-10-16 11:35:39,971 [a3132885-145f-4a8c-85f4-c10eb874732d@group-2077DD483DC7-LeaderElection50] INFO  impl.RoleInfo (RoleInfo.java:updateAndGet(143)) - a3132885-145f-4a8c-85f4-c10eb874732d: start FollowerState
2019-10-16 11:35:40,019 [Thread-686] INFO  impl.FollowerState (FollowerState.java:run(108)) - a3132885-145f-4a8c-85f4-c10eb874732d@group-2077DD483DC7-FollowerState: change to CANDIDATE, lastRpcTime:48ms, electionTimeout:48ms
2019-10-16 11:35:40,020 [Thread-686] INFO  impl.RoleInfo (RoleInfo.java:shutdownFollowerState(121)) - a3132885-145f-4a8c-85f4-c10eb874732d: shutdown FollowerState
2019-10-16 11:35:40,020 [Thread-686] INFO  impl.RaftServerImpl (RaftServerImpl.java:setRole(184)) - a3132885-145f-4a8c-85f4-c10eb874732d@group-2077DD483DC7: changes role from  FOLLOWER to CANDIDATE at term 24 for changeToCandidate
2019-10-16 11:35:40,020 [Thread-686] INFO  impl.RoleInfo (RoleInfo.java:updateAndGet(143)) - a3132885-145f-4a8c-85f4-c10eb874732d: start LeaderElection
2019-10-16 11:35:40,025 [a3132885-145f-4a8c-85f4-c10eb874732d@group-2077DD483DC7-LeaderElection51] INFO  impl.LeaderElection (LeaderElection.java:askForVotes(178)) - a3132885-145f-4a8c-85f4-c10eb874732d@group-2077DD483DC7-LeaderElection51: begin an election at term 25 for -1: [163587bb-2c3b-4498-b576-18147cf38274:192.168.157.203:33208, a3132885-145f-4a8c-85f4-c10eb874732d:192.168.157.203:46766, 70b633f6-b230-4b9f-87f3-510da88f1e08:192.168.157.203:43163], old=null
2019-10-16 11:35:40,027 [grpc-default-executor-0] INFO  impl.RaftServerImpl (RaftServerImpl.java:setRole(184)) - 70b633f6-b230-4b9f-87f3-510da88f1e08@group-2077DD483DC7: changes role from  FOLLOWER to FOLLOWER at term 25 for recognizeCandidate:a3132885-145f-4a8c-85f4-c10eb874732d
2019-10-16 11:35:40,027 [grpc-default-executor-3] INFO  impl.RaftServerImpl (RaftServerImpl.java:setRole(184)) - 163587bb-2c3b-4498-b576-18147cf38274@group-2077DD483DC7: changes role from  FOLLOWER to FOLLOWER at term 25 for recognizeCandidate:a3132885-145f-4a8c-85f4-c10eb874732d
2019-10-16 11:35:40,027 [grpc-default-executor-0] INFO  impl.RoleInfo (RoleInfo.java:shutdownFollowerState(121)) - 70b633f6-b230-4b9f-87f3-510da88f1e08: shutdown FollowerState
2019-10-16 11:35:40,027 [grpc-default-executor-3] INFO  impl.RoleInfo (RoleInfo.java:shutdownFollowerState(121)) - 163587bb-2c3b-4498-b576-18147cf38274: shutdown FollowerState
2019-10-16 11:35:40,027 [Thread-684] INFO  impl.FollowerState (FollowerState.java:run(117)) - 70b633f6-b230-4b9f-87f3-510da88f1e08@group-2077DD483DC7-FollowerState was interrupted: java.lang.InterruptedException: sleep interrupted
2019-10-16 11:35:40,027 [grpc-default-executor-0] INFO  impl.RoleInfo (RoleInfo.java:updateAndGet(143)) - 70b633f6-b230-4b9f-87f3-510da88f1e08: start FollowerState
2019-10-16 11:35:40,028 [grpc-default-executor-3] INFO  impl.RoleInfo (RoleInfo.java:updateAndGet(143)) - 163587bb-2c3b-4498-b576-18147cf38274: start FollowerState
2019-10-16 11:35:40,028 [Thread-685] INFO  impl.FollowerState (FollowerState.java:run(117)) - 163587bb-2c3b-4498-b576-18147cf38274@group-2077DD483DC7-FollowerState was interrupted: java.lang.InterruptedException: sleep interrupted
2019-10-16 11:35:40,036 [Thread-683] INFO  impl.FollowerState (FollowerState.java:run(108)) - 1ee6da7b-5867-4bad-ba0d-a2cfd13fd72a@group-B3673A53AB6F-FollowerState: change to CANDIDATE, lastRpcTime:76ms, electionTimeout:76ms
2019-10-16 11:35:40,036 [Thread-683] INFO  impl.RoleInfo (RoleInfo.java:shutdownFollowerState(121)) - 1ee6da7b-5867-4bad-ba0d-a2cfd13fd72a: shutdown FollowerState
2019-10-16 11:35:40,036 [Thread-683] INFO  impl.RaftServerImpl (RaftServerImpl.java:setRole(184)) - 1ee6da7b-5867-4bad-ba0d-a2cfd13fd72a@group-B3673A53AB6F: changes role from  FOLLOWER to CANDIDATE at term 18 for changeToCandidate
2019-10-16 11:35:40,036 [Thread-683] INFO  impl.RoleInfo (RoleInfo.java:updateAndGet(143)) - 1ee6da7b-5867-4bad-ba0d-a2cfd13fd72a: start LeaderElection
2019-10-16 11:35:40,040 [1ee6da7b-5867-4bad-ba0d-a2cfd13fd72a@group-B3673A53AB6F-LeaderElection52] INFO  impl.LeaderElection (LeaderElection.java:askForVotes(178)) - 1ee6da7b-5867-4bad-ba0d-a2cfd13fd72a@group-B3673A53AB6F-LeaderElection52: begin an election at term 19 for -1: [f94c755f-9f95-40b5-85b9-5e712f3f34e7:192.168.157.203:45275, 1ee6da7b-5867-4bad-ba0d-a2cfd13fd72a:192.168.157.203:35892, 4281bf39-36db-462c-8bc9-3c86cb645344:192.168.157.203:42381], old=null
2019-10-16 11:35:40,041 [a3132885-145f-4a8c-85f4-c10eb874732d@group-2077DD483DC7-LeaderElection51] INFO  impl.LeaderElection (LeaderElection.java:logAndReturn(56)) - a3132885-145f-4a8c-85f4-c10eb874732d@group-2077DD483DC7-LeaderElection51: Election REJECTED; received 2 response(s) [a3132885-145f-4a8c-85f4-c10eb874732d<-163587bb-2c3b-4498-b576-18147cf38274#0:FAIL-t25, a3132885-145f-4a8c-85f4-c10eb874732d<-70b633f6-b230-4b9f-87f3-510da88f1e08#0:FAIL-t25] and 0 exception(s); a3132885-145f-4a8c-85f4-c10eb874732d@group-2077DD483DC7:t25, leader=null, voted=a3132885-145f-4a8c-85f4-c10eb874732d, raftlog=a3132885-145f-4a8c-85f4-c10eb874732d@group-2077DD483DC7-SegmentedRaftLog:OPENED:c-1,f-1,i0, conf=-1: [163587bb-2c3b-4498-b576-18147cf38274:192.168.157.203:33208, a3132885-145f-4a8c-85f4-c10eb874732d:192.168.157.203:46766, 70b633f6-b230-4b9f-87f3-510da88f1e08:192.168.157.203:43163], old=null
2019-10-16 11:35:40,041 [a3132885-145f-4a8c-85f4-c10eb874732d@group-2077DD483DC7-LeaderElection51] INFO  impl.RaftServerImpl (RaftServerImpl.java:setRole(184)) - a3132885-145f-4a8c-85f4-c10eb874732d@group-2077DD483DC7: changes role from CANDIDATE to FOLLOWER at term 25 for DISCOVERED_A_NEW_TERM
2019-10-16 11:35:40,041 [a3132885-145f-4a8c-85f4-c10eb874732d@group-2077DD483DC7-LeaderElection51] INFO  impl.RoleInfo (RoleInfo.java:shutdownLeaderElection(134)) - a3132885-145f-4a8c-85f4-c10eb874732d: shutdown LeaderElection
2019-10-16 11:35:40,041 [a3132885-145f-4a8c-85f4-c10eb874732d@group-2077DD483DC7-LeaderElection51] INFO  impl.RoleInfo (RoleInfo.java:updateAndGet(143)) - a3132885-145f-4a8c-85f4-c10eb874732d: start FollowerState
2019-10-16 11:35:40,041 [grpc-default-executor-0] INFO  impl.RaftServerImpl (RaftServerImpl.java:setRole(184)) - f94c755f-9f95-40b5-85b9-5e712f3f34e7@group-B3673A53AB6F: changes role from  FOLLOWER to FOLLOWER at term 19 for recognizeCandidate:1ee6da7b-5867-4bad-ba0d-a2cfd13fd72a
2019-10-16 11:35:40,041 [grpc-default-executor-3] INFO  impl.RaftServerImpl (RaftServerImpl.java:setRole(184)) - 4281bf39-36db-462c-8bc9-3c86cb645344@group-B3673A53AB6F: changes role from  FOLLOWER to FOLLOWER at term 19 for recognizeCandidate:1ee6da7b-5867-4bad-ba0d-a2cfd13fd72a
2019-10-16 11:35:40,041 [grpc-default-executor-0] INFO  impl.RoleInfo (RoleInfo.java:shutdownFollowerState(121)) - f94c755f-9f95-40b5-85b9-5e712f3f34e7: shutdown FollowerState
2019-10-16 11:35:40,042 [grpc-default-executor-3] INFO  impl.RoleInfo (RoleInfo.java:shutdownFollowerState(121)) - 4281bf39-36db-462c-8bc9-3c86cb645344: shutdown FollowerState
2019-10-16 11:35:40,042 [grpc-default-executor-0] INFO  impl.RoleInfo (RoleInfo.java:updateAndGet(143)) - f94c755f-9f95-40b5-85b9-5e712f3f34e7: start FollowerState
2019-10-16 11:35:40,042 [Thread-679] INFO  impl.FollowerState (FollowerState.java:run(117)) - f94c755f-9f95-40b5-85b9-5e712f3f34e7@group-B3673A53AB6F-FollowerState was interrupted: java.lang.InterruptedException: sleep interrupted
2019-10-16 11:35:40,042 [Thread-678] INFO  impl.FollowerState (FollowerState.java:run(117)) - 4281bf39-36db-462c-8bc9-3c86cb645344@group-B3673A53AB6F-FollowerState was interrupted: java.lang.InterruptedException: sleep interrupted
2019-10-16 11:35:40,042 [grpc-default-executor-3] INFO  impl.RoleInfo (RoleInfo.java:updateAndGet(143)) - 4281bf39-36db-462c-8bc9-3c86cb645344: start FollowerState
2019-10-16 11:35:40,050 [1ee6da7b-5867-4bad-ba0d-a2cfd13fd72a@group-B3673A53AB6F-LeaderElection52] INFO  impl.LeaderElection (LeaderElection.java:logAndReturn(56)) - 1ee6da7b-5867-4bad-ba0d-a2cfd13fd72a@group-B3673A53AB6F-LeaderElection52: Election REJECTED; received 2 response(s) [1ee6da7b-5867-4bad-ba0d-a2cfd13fd72a<-f94c755f-9f95-40b5-85b9-5e712f3f34e7#0:FAIL-t19, 1ee6da7b-5867-4bad-ba0d-a2cfd13fd72a<-4281bf39-36db-462c-8bc9-3c86cb645344#0:FAIL-t19] and 0 exception(s); 1ee6da7b-5867-4bad-ba0d-a2cfd13fd72a@group-B3673A53AB6F:t19, leader=null, voted=1ee6da7b-5867-4bad-ba0d-a2cfd13fd72a, raftlog=1ee6da7b-5867-4bad-ba0d-a2cfd13fd72a@group-B3673A53AB6F-SegmentedRaftLog:OPENED:c-1,f-1,i0, conf=-1: [f94c755f-9f95-40b5-85b9-5e712f3f34e7:192.168.157.203:45275, 1ee6da7b-5867-4bad-ba0d-a2cfd13fd72a:192.168.157.203:35892, 4281bf39-36db-462c-8bc9-3c86cb645344:192.168.157.203:42381], old=null
2019-10-16 11:35:40,050 [1ee6da7b-5867-4bad-ba0d-a2cfd13fd72a@group-B3673A53AB6F-LeaderElection52] INFO  impl.RaftServerImpl (RaftServerImpl.java:setRole(184)) - 1ee6da7b-5867-4bad-ba0d-a2cfd13fd72a@group-B3673A53AB6F: changes role from CANDIDATE to FOLLOWER at term 19 for DISCOVERED_A_NEW_TERM
2019-10-16 11:35:40,050 [1ee6da7b-5867-4bad-ba0d-a2cfd13fd72a@group-B3673A53AB6F-LeaderElection52] INFO  impl.RoleInfo (RoleInfo.java:shutdownLeaderElection(134)) - 1ee6da7b-5867-4bad-ba0d-a2cfd13fd72a: shutdown LeaderElection
2019-10-16 11:35:40,050 [1ee6da7b-5867-4bad-ba0d-a2cfd13fd72a@group-B3673A53AB6F-LeaderElection52] INFO  impl.RoleInfo (RoleInfo.java:updateAndGet(143)) - 1ee6da7b-5867-4bad-ba0d-a2cfd13fd72a: start FollowerState
2019-10-16 11:35:40,084 [Thread-695] INFO  impl.FollowerState (FollowerState.java:run(108)) - a3132885-145f-4a8c-85f4-c10eb874732d@group-2077DD483DC7-FollowerState: change to CANDIDATE, lastRpcTime:43ms, electionTimeout:43ms
2019-10-16 11:35:40,084 [Thread-695] INFO  impl.RoleInfo (RoleInfo.java:shutdownFollowerState(121)) - a3132885-145f-4a8c-85f4-c10eb874732d: shutdown FollowerState
2019-10-16 11:35:40,084 [Thread-695] INFO  impl.RaftServerImpl (RaftServerImpl.java:setRole(184)) - a3132885-145f-4a8c-85f4-c10eb874732d@group-2077DD483DC7: changes role from  FOLLOWER to CANDIDATE at term 25 for changeToCandidate
2019-10-16 11:35:40,085 [Thread-695] INFO  impl.RoleInfo (RoleInfo.java:updateAndGet(143)) - a3132885-145f-4a8c-85f4-c10eb874732d: start LeaderElection
2019-10-16 11:35:40,091 [a3132885-145f-4a8c-85f4-c10eb874732d@group-2077DD483DC7-LeaderElection53] INFO  impl.LeaderElection (LeaderElection.java:askForVotes(178)) - a3132885-145f-4a8c-85f4-c10eb874732d@group-2077DD483DC7-LeaderElection53: begin an election at term 26 for -1: [163587bb-2c3b-4498-b576-18147cf38274:192.168.157.203:33208, a3132885-145f-4a8c-85f4-c10eb874732d:192.168.157.203:46766, 70b633f6-b230-4b9f-87f3-510da88f1e08:192.168.157.203:43163], old=null
2019-10-16 11:35:40,094 [grpc-default-executor-3] INFO  impl.RaftServerImpl (RaftServerImpl.java:setRole(184)) - 70b633f6-b230-4b9f-87f3-510da88f1e08@group-2077DD483DC7: changes role from  FOLLOWER to FOLLOWER at term 26 for recognizeCandidate:a3132885-145f-4a8c-85f4-c10eb874732d
2019-10-16 11:35:40,094 [grpc-default-executor-3] INFO  impl.RoleInfo (RoleInfo.java:shutdownFollowerState(121)) - 70b633f6-b230-4b9f-87f3-510da88f1e08: shutdown FollowerState
2019-10-16 11:35:40,094 [grpc-default-executor-0] INFO  impl.RaftServerImpl (RaftServerImpl.java:setRole(184)) - 163587bb-2c3b-4498-b576-18147cf38274@group-2077DD483DC7: changes role from  FOLLOWER to FOLLOWER at term 26 for recognizeCandidate:a3132885-145f-4a8c-85f4-c10eb874732d
2019-10-16 11:35:40,094 [Thread-690] INFO  impl.FollowerState (FollowerState.java:run(117)) - 70b633f6-b230-4b9f-87f3-510da88f1e08@group-2077DD483DC7-FollowerState was interrupted: java.lang.InterruptedException: sleep interrupted
2019-10-16 11:35:40,094 [grpc-default-executor-3] INFO  impl.RoleInfo (RoleInfo.java:updateAndGet(143)) - 70b633f6-b230-4b9f-87f3-510da88f1e08: start FollowerState
2019-10-16 11:35:40,094 [grpc-default-executor-0] INFO  impl.RoleInfo (RoleInfo.java:shutdownFollowerState(121)) - 163587bb-2c3b-4498-b576-18147cf38274: shutdown FollowerState
2019-10-16 11:35:40,094 [grpc-default-executor-0] INFO  impl.RoleInfo (RoleInfo.java:updateAndGet(143)) - 163587bb-2c3b-4498-b576-18147cf38274: start FollowerState
2019-10-16 11:35:40,094 [Thread-691] INFO  impl.FollowerState (FollowerState.java:run(117)) - 163587bb-2c3b-4498-b576-18147cf38274@group-2077DD483DC7-FollowerState was interrupted: java.lang.InterruptedException: sleep interrupted
2019-10-16 11:35:40,108 [a3132885-145f-4a8c-85f4-c10eb874732d@group-2077DD483DC7-LeaderElection53] INFO  impl.LeaderElection (LeaderElection.java:logAndReturn(56)) - a3132885-145f-4a8c-85f4-c10eb874732d@group-2077DD483DC7-LeaderElection53: Election REJECTED; received 2 response(s) [a3132885-145f-4a8c-85f4-c10eb874732d<-163587bb-2c3b-4498-b576-18147cf38274#0:FAIL-t26, a3132885-145f-4a8c-85f4-c10eb874732d<-70b633f6-b230-4b9f-87f3-510da88f1e08#0:FAIL-t26] and 0 exception(s); a3132885-145f-4a8c-85f4-c10eb874732d@group-2077DD483DC7:t26, leader=null, voted=a3132885-145f-4a8c-85f4-c10eb874732d, raftlog=a3132885-145f-4a8c-85f4-c10eb874732d@group-2077DD483DC7-SegmentedRaftLog:OPENED:c-1,f-1,i0, conf=-1: [163587bb-2c3b-4498-b576-18147cf38274:192.168.157.203:33208, a3132885-145f-4a8c-85f4-c10eb874732d:192.168.157.203:46766, 70b633f6-b230-4b9f-87f3-510da88f1e08:192.168.157.203:43163], old=null
2019-10-16 11:35:40,108 [a3132885-145f-4a8c-85f4-c10eb874732d@group-2077DD483DC7-LeaderElection53] INFO  impl.RaftServerImpl (RaftServerImpl.java:setRole(184)) - a3132885-145f-4a8c-85f4-c10eb874732d@group-2077DD483DC7: changes role from CANDIDATE to FOLLOWER at term 26 for DISCOVERED_A_NEW_TERM
2019-10-16 11:35:40,108 [a3132885-145f-4a8c-85f4-c10eb874732d@group-2077DD483DC7-LeaderElection53] INFO  impl.RoleInfo (RoleInfo.java:shutdownLeaderElection(134)) - a3132885-145f-4a8c-85f4-c10eb874732d: shutdown LeaderElection
2019-10-16 11:35:40,109 [a3132885-145f-4a8c-85f4-c10eb874732d@group-2077DD483DC7-LeaderElection53] INFO  impl.RoleInfo (RoleInfo.java:updateAndGet(143)) - a3132885-145f-4a8c-85f4-c10eb874732d: start FollowerState
2019-10-16 11:35:40,153 [Thread-698] INFO  impl.FollowerState (FollowerState.java:run(108)) - 1ee6da7b-5867-4bad-ba0d-a2cfd13fd72a@group-B3673A53AB6F-FollowerState: change to CANDIDATE, lastRpcTime:102ms, electionTimeout:102ms
2019-10-16 11:35:40,153 [Thread-698] INFO  impl.RoleInfo (RoleInfo.java:shutdownFollowerState(121)) - 1ee6da7b-5867-4bad-ba0d-a2cfd13fd72a: shutdown FollowerState
2019-10-16 11:35:40,153 [Thread-698] INFO  impl.RaftServerImpl (RaftServerImpl.java:setRole(184)) - 1ee6da7b-5867-4bad-ba0d-a2cfd13fd72a@group-B3673A53AB6F: changes role from  FOLLOWER to CANDIDATE at term 19 for changeToCandidate
2019-10-16 11:35:40,153 [Thread-698] INFO  impl.RoleInfo (RoleInfo.java:updateAndGet(143)) - 1ee6da7b-5867-4bad-ba0d-a2cfd13fd72a: start LeaderElection
2019-10-16 11:35:40,157 [1ee6da7b-5867-4bad-ba0d-a2cfd13fd72a@group-B3673A53AB6F-LeaderElection54] INFO  impl.LeaderElection (LeaderElection.java:askForVotes(178)) - 1ee6da7b-5867-4bad-ba0d-a2cfd13fd72a@group-B3673A53AB6F-LeaderElection54: begin an election at term 20 for -1: [f94c755f-9f95-40b5-85b9-5e712f3f34e7:192.168.157.203:45275, 1ee6da7b-5867-4bad-ba0d-a2cfd13fd72a:192.168.157.203:35892, 4281bf39-36db-462c-8bc9-3c86cb645344:192.168.157.203:42381], old=null
2019-10-16 11:35:40,160 [grpc-default-executor-3] INFO  impl.RaftServerImpl (RaftServerImpl.java:setRole(184)) - f94c755f-9f95-40b5-85b9-5e712f3f34e7@group-B3673A53AB6F: changes role from  FOLLOWER to FOLLOWER at term 20 for recognizeCandidate:1ee6da7b-5867-4bad-ba0d-a2cfd13fd72a
2019-10-16 11:35:40,160 [grpc-default-executor-0] INFO  impl.RaftServerImpl (RaftServerImpl.java:setRole(184)) - 4281bf39-36db-462c-8bc9-3c86cb645344@group-B3673A53AB6F: changes role from  FOLLOWER to FOLLOWER at term 20 for recognizeCandidate:1ee6da7b-5867-4bad-ba0d-a2cfd13fd72a
2019-10-16 11:35:40,160 [grpc-default-executor-3] INFO  impl.RoleInfo (RoleInfo.java:shutdownFollowerState(121)) - f94c755f-9f95-40b5-85b9-5e712f3f34e7: shutdown FollowerState
2019-10-16 11:35:40,160 [grpc-default-executor-0] INFO  impl.RoleInfo (RoleInfo.java:shutdownFollowerState(121)) - 4281bf39-36db-462c-8bc9-3c86cb645344: shutdown FollowerState
2019-10-16 11:35:40,160 [Thread-696] INFO  impl.FollowerState (FollowerState.java:run(117)) - f94c755f-9f95-40b5-85b9-5e712f3f34e7@group-B3673A53AB6F-FollowerState was interrupted: java.lang.InterruptedException: sleep interrupted
2019-10-16 11:35:40,160 [grpc-default-executor-3] INFO  impl.RoleInfo (RoleInfo.java:updateAndGet(143)) - f94c755f-9f95-40b5-85b9-5e712f3f34e7: start FollowerState
2019-10-16 11:35:40,160 [grpc-default-executor-0] INFO  impl.RoleInfo (RoleInfo.java:updateAndGet(143)) - 4281bf39-36db-462c-8bc9-3c86cb645344: start FollowerState
2019-10-16 11:35:40,160 [Thread-697] INFO  impl.FollowerState (FollowerState.java:run(117)) - 4281bf39-36db-462c-8bc9-3c86cb645344@group-B3673A53AB6F-FollowerState was interrupted: java.lang.InterruptedException: sleep interrupted
2019-10-16 11:35:40,176 [1ee6da7b-5867-4bad-ba0d-a2cfd13fd72a@group-B3673A53AB6F-LeaderElection54] INFO  impl.LeaderElection (LeaderElection.java:logAndReturn(56)) - 1ee6da7b-5867-4bad-ba0d-a2cfd13fd72a@group-B3673A53AB6F-LeaderElection54: Election REJECTED; received 2 response(s) [1ee6da7b-5867-4bad-ba0d-a2cfd13fd72a<-f94c755f-9f95-40b5-85b9-5e712f3f34e7#0:FAIL-t20, 1ee6da7b-5867-4bad-ba0d-a2cfd13fd72a<-4281bf39-36db-462c-8bc9-3c86cb645344#0:FAIL-t20] and 0 exception(s); 1ee6da7b-5867-4bad-ba0d-a2cfd13fd72a@group-B3673A53AB6F:t20, leader=null, voted=1ee6da7b-5867-4bad-ba0d-a2cfd13fd72a, raftlog=1ee6da7b-5867-4bad-ba0d-a2cfd13fd72a@group-B3673A53AB6F-SegmentedRaftLog:OPENED:c-1,f-1,i0, conf=-1: [f94c755f-9f95-40b5-85b9-5e712f3f34e7:192.168.157.203:45275, 1ee6da7b-5867-4bad-ba0d-a2cfd13fd72a:192.168.157.203:35892, 4281bf39-36db-462c-8bc9-3c86cb645344:192.168.157.203:42381], old=null
2019-10-16 11:35:40,176 [1ee6da7b-5867-4bad-ba0d-a2cfd13fd72a@group-B3673A53AB6F-LeaderElection54] INFO  impl.RaftServerImpl (RaftServerImpl.java:setRole(184)) - 1ee6da7b-5867-4bad-ba0d-a2cfd13fd72a@group-B3673A53AB6F: changes role from CANDIDATE to FOLLOWER at term 20 for DISCOVERED_A_NEW_TERM
2019-10-16 11:35:40,176 [1ee6da7b-5867-4bad-ba0d-a2cfd13fd72a@group-B3673A53AB6F-LeaderElection54] INFO  impl.RoleInfo (RoleInfo.java:shutdownLeaderElection(134)) - 1ee6da7b-5867-4bad-ba0d-a2cfd13fd72a: shutdown LeaderElection
2019-10-16 11:35:40,177 [1ee6da7b-5867-4bad-ba0d-a2cfd13fd72a@group-B3673A53AB6F-LeaderElection54] INFO  impl.RoleInfo (RoleInfo.java:updateAndGet(143)) - 1ee6da7b-5867-4bad-ba0d-a2cfd13fd72a: start FollowerState
2019-10-16 11:35:40,200 [Thread-710] INFO  impl.FollowerState (FollowerState.java:run(108)) - 1ee6da7b-5867-4bad-ba0d-a2cfd13fd72a@group-B3673A53AB6F-FollowerState: change to CANDIDATE, lastRpcTime:23ms, electionTimeout:23ms
2019-10-16 11:35:40,200 [Thread-710] INFO  impl.RoleInfo (RoleInfo.java:shutdownFollowerState(121)) - 1ee6da7b-5867-4bad-ba0d-a2cfd13fd72a: shutdown FollowerState
2019-10-16 11:35:40,200 [Thread-710] INFO  impl.RaftServerImpl (RaftServerImpl.java:setRole(184)) - 1ee6da7b-5867-4bad-ba0d-a2cfd13fd72a@group-B3673A53AB6F: changes role from  FOLLOWER to CANDIDATE at term 20 for changeToCandidate
2019-10-16 11:35:40,200 [Thread-710] INFO  impl.RoleInfo (RoleInfo.java:updateAndGet(143)) - 1ee6da7b-5867-4bad-ba0d-a2cfd13fd72a: start LeaderElection
2019-10-16 11:35:40,208 [1ee6da7b-5867-4bad-ba0d-a2cfd13fd72a@group-B3673A53AB6F-LeaderElection55] INFO  impl.LeaderElection (LeaderElection.java:askForVotes(178)) - 1ee6da7b-5867-4bad-ba0d-a2cfd13fd72a@group-B3673A53AB6F-LeaderElection55: begin an election at term 21 for -1: [f94c755f-9f95-40b5-85b9-5e712f3f34e7:192.168.157.203:45275, 1ee6da7b-5867-4bad-ba0d-a2cfd13fd72a:192.168.157.203:35892, 4281bf39-36db-462c-8bc9-3c86cb645344:192.168.157.203:42381], old=null
2019-10-16 11:35:40,210 [grpc-default-executor-0] INFO  impl.RaftServerImpl (RaftServerImpl.java:setRole(184)) - f94c755f-9f95-40b5-85b9-5e712f3f34e7@group-B3673A53AB6F: changes role from  FOLLOWER to FOLLOWER at term 21 for recognizeCandidate:1ee6da7b-5867-4bad-ba0d-a2cfd13fd72a
2019-10-16 11:35:40,210 [grpc-default-executor-0] INFO  impl.RoleInfo (RoleInfo.java:shutdownFollowerState(121)) - f94c755f-9f95-40b5-85b9-5e712f3f34e7: shutdown FollowerState
2019-10-16 11:35:40,211 [Thread-708] INFO  impl.FollowerState (FollowerState.java:run(117)) - f94c755f-9f95-40b5-85b9-5e712f3f34e7@group-B3673A53AB6F-FollowerState was interrupted: java.lang.InterruptedException: sleep interrupted
2019-10-16 11:35:40,211 [grpc-default-executor-0] INFO  impl.RoleInfo (RoleInfo.java:updateAndGet(143)) - f94c755f-9f95-40b5-85b9-5e712f3f34e7: start FollowerState
2019-10-16 11:35:40,211 [grpc-default-executor-3] INFO  impl.RaftServerImpl (RaftServerImpl.java:setRole(184)) - 4281bf39-36db-462c-8bc9-3c86cb645344@group-B3673A53AB6F: changes role from  FOLLOWER to FOLLOWER at term 21 for recognizeCandidate:1ee6da7b-5867-4bad-ba0d-a2cfd13fd72a
2019-10-16 11:35:40,211 [grpc-default-executor-3] INFO  impl.RoleInfo (RoleInfo.java:shutdownFollowerState(121)) - 4281bf39-36db-462c-8bc9-3c86cb645344: shutdown FollowerState
2019-10-16 11:35:40,212 [grpc-default-executor-3] INFO  impl.RoleInfo (RoleInfo.java:updateAndGet(143)) - 4281bf39-36db-462c-8bc9-3c86cb645344: start FollowerState
2019-10-16 11:35:40,212 [Thread-709] INFO  impl.FollowerState (FollowerState.java:run(117)) - 4281bf39-36db-462c-8bc9-3c86cb645344@group-B3673A53AB6F-FollowerState was interrupted: java.lang.InterruptedException: sleep interrupted
2019-10-16 11:35:40,214 [Thread-704] INFO  impl.FollowerState (FollowerState.java:run(108)) - a3132885-145f-4a8c-85f4-c10eb874732d@group-2077DD483DC7-FollowerState: change to CANDIDATE, lastRpcTime:105ms, electionTimeout:105ms
2019-10-16 11:35:40,214 [Thread-704] INFO  impl.RoleInfo (RoleInfo.java:shutdownFollowerState(121)) - a3132885-145f-4a8c-85f4-c10eb874732d: shutdown FollowerState
2019-10-16 11:35:40,214 [Thread-704] INFO  impl.RaftServerImpl (RaftServerImpl.java:setRole(184)) - a3132885-145f-4a8c-85f4-c10eb874732d@group-2077DD483DC7: changes role from  FOLLOWER to CANDIDATE at term 26 for changeToCandidate
2019-10-16 11:35:40,214 [Thread-704] INFO  impl.RoleInfo (RoleInfo.java:updateAndGet(143)) - a3132885-145f-4a8c-85f4-c10eb874732d: start LeaderElection
2019-10-16 11:35:40,225 [a3132885-145f-4a8c-85f4-c10eb874732d@group-2077DD483DC7-LeaderElection56] INFO  impl.LeaderElection (LeaderElection.java:askForVotes(178)) - a3132885-145f-4a8c-85f4-c10eb874732d@group-2077DD483DC7-LeaderElection56: begin an election at term 27 for -1: [163587bb-2c3b-4498-b576-18147cf38274:192.168.157.203:33208, a3132885-145f-4a8c-85f4-c10eb874732d:192.168.157.203:46766, 70b633f6-b230-4b9f-87f3-510da88f1e08:192.168.157.203:43163], old=null
2019-10-16 11:35:40,226 [1ee6da7b-5867-4bad-ba0d-a2cfd13fd72a@group-B3673A53AB6F-LeaderElection55] INFO  impl.LeaderElection (LeaderElection.java:logAndReturn(56)) - 1ee6da7b-5867-4bad-ba0d-a2cfd13fd72a@group-B3673A53AB6F-LeaderElection55: Election REJECTED; received 2 response(s) [1ee6da7b-5867-4bad-ba0d-a2cfd13fd72a<-f94c755f-9f95-40b5-85b9-5e712f3f34e7#0:FAIL-t21, 1ee6da7b-5867-4bad-ba0d-a2cfd13fd72a<-4281bf39-36db-462c-8bc9-3c86cb645344#0:FAIL-t21] and 0 exception(s); 1ee6da7b-5867-4bad-ba0d-a2cfd13fd72a@group-B3673A53AB6F:t21, leader=null, voted=1ee6da7b-5867-4bad-ba0d-a2cfd13fd72a, raftlog=1ee6da7b-5867-4bad-ba0d-a2cfd13fd72a@group-B3673A53AB6F-SegmentedRaftLog:OPENED:c-1,f-1,i0, conf=-1: [f94c755f-9f95-40b5-85b9-5e712f3f34e7:192.168.157.203:45275, 1ee6da7b-5867-4bad-ba0d-a2cfd13fd72a:192.168.157.203:35892, 4281bf39-36db-462c-8bc9-3c86cb645344:192.168.157.203:42381], old=null
2019-10-16 11:35:40,226 [1ee6da7b-5867-4bad-ba0d-a2cfd13fd72a@group-B3673A53AB6F-LeaderElection55] INFO  impl.RaftServerImpl (RaftServerImpl.java:setRole(184)) - 1ee6da7b-5867-4bad-ba0d-a2cfd13fd72a@group-B3673A53AB6F: changes role from CANDIDATE to FOLLOWER at term 21 for DISCOVERED_A_NEW_TERM
2019-10-16 11:35:40,226 [1ee6da7b-5867-4bad-ba0d-a2cfd13fd72a@group-B3673A53AB6F-LeaderElection55] INFO  impl.RoleInfo (RoleInfo.java:shutdownLeaderElection(134)) - 1ee6da7b-5867-4bad-ba0d-a2cfd13fd72a: shutdown LeaderElection
2019-10-16 11:35:40,226 [1ee6da7b-5867-4bad-ba0d-a2cfd13fd72a@group-B3673A53AB6F-LeaderElection55] INFO  impl.RoleInfo (RoleInfo.java:updateAndGet(143)) - 1ee6da7b-5867-4bad-ba0d-a2cfd13fd72a: start FollowerState
2019-10-16 11:35:40,227 [grpc-default-executor-0] INFO  impl.RaftServerImpl (RaftServerImpl.java:setRole(184)) - 163587bb-2c3b-4498-b576-18147cf38274@group-2077DD483DC7: changes role from  FOLLOWER to FOLLOWER at term 27 for recognizeCandidate:a3132885-145f-4a8c-85f4-c10eb874732d
2019-10-16 11:35:40,227 [grpc-default-executor-3] INFO  impl.RaftServerImpl (RaftServerImpl.java:setRole(184)) - 70b633f6-b230-4b9f-87f3-510da88f1e08@group-2077DD483DC7: changes role from  FOLLOWER to FOLLOWER at term 27 for recognizeCandidate:a3132885-145f-4a8c-85f4-c10eb874732d
2019-10-16 11:35:40,227 [grpc-default-executor-0] INFO  impl.RoleInfo (RoleInfo.java:shutdownFollowerState(121)) - 163587bb-2c3b-4498-b576-18147cf38274: shutdown FollowerState
2019-10-16 11:35:40,227 [grpc-default-executor-3] INFO  impl.RoleInfo (RoleInfo.java:shutdownFollowerState(121)) - 70b633f6-b230-4b9f-87f3-510da88f1e08: shutdown FollowerState
2019-10-16 11:35:40,227 [Thread-703] INFO  impl.FollowerState (FollowerState.java:run(117)) - 163587bb-2c3b-4498-b576-18147cf38274@group-2077DD483DC7-FollowerState was interrupted: java.lang.InterruptedException: sleep interrupted
2019-10-16 11:35:40,227 [Thread-702] INFO  impl.FollowerState (FollowerState.java:run(117)) - 70b633f6-b230-4b9f-87f3-510da88f1e08@group-2077DD483DC7-FollowerState was interrupted: java.lang.InterruptedException: sleep interrupted
2019-10-16 11:35:40,227 [grpc-default-executor-3] INFO  impl.RoleInfo (RoleInfo.java:updateAndGet(143)) - 70b633f6-b230-4b9f-87f3-510da88f1e08: start FollowerState
2019-10-16 11:35:40,227 [grpc-default-executor-0] INFO  impl.RoleInfo (RoleInfo.java:updateAndGet(143)) - 163587bb-2c3b-4498-b576-18147cf38274: start FollowerState
2019-10-16 11:35:40,240 [a3132885-145f-4a8c-85f4-c10eb874732d@group-2077DD483DC7-LeaderElection56] INFO  impl.LeaderElection (LeaderElection.java:logAndReturn(56)) - a3132885-145f-4a8c-85f4-c10eb874732d@group-2077DD483DC7-LeaderElection56: Election REJECTED; received 2 response(s) [a3132885-145f-4a8c-85f4-c10eb874732d<-163587bb-2c3b-4498-b576-18147cf38274#0:FAIL-t27, a3132885-145f-4a8c-85f4-c10eb874732d<-70b633f6-b230-4b9f-87f3-510da88f1e08#0:FAIL-t27] and 0 exception(s); a3132885-145f-4a8c-85f4-c10eb874732d@group-2077DD483DC7:t27, leader=null, voted=a3132885-145f-4a8c-85f4-c10eb874732d, raftlog=a3132885-145f-4a8c-85f4-c10eb874732d@group-2077DD483DC7-SegmentedRaftLog:OPENED:c-1,f-1,i0, conf=-1: [163587bb-2c3b-4498-b576-18147cf38274:192.168.157.203:33208, a3132885-145f-4a8c-85f4-c10eb874732d:192.168.157.203:46766, 70b633f6-b230-4b9f-87f3-510da88f1e08:192.168.157.203:43163], old=null
2019-10-16 11:35:40,240 [a3132885-145f-4a8c-85f4-c10eb874732d@group-2077DD483DC7-LeaderElection56] INFO  impl.RaftServerImpl (RaftServerImpl.java:setRole(184)) - a3132885-145f-4a8c-85f4-c10eb874732d@group-2077DD483DC7: changes role from CANDIDATE to FOLLOWER at term 27 for DISCOVERED_A_NEW_TERM
2019-10-16 11:35:40,240 [a3132885-145f-4a8c-85f4-c10eb874732d@group-2077DD483DC7-LeaderElection56] INFO  impl.RoleInfo (RoleInfo.java:shutdownLeaderElection(134)) - a3132885-145f-4a8c-85f4-c10eb874732d: shutdown LeaderElection
2019-10-16 11:35:40,240 [a3132885-145f-4a8c-85f4-c10eb874732d@group-2077DD483DC7-LeaderElection56] INFO  impl.RoleInfo (RoleInfo.java:updateAndGet(143)) - a3132885-145f-4a8c-85f4-c10eb874732d: start FollowerState
2019-10-16 11:35:40,266 [Thread-719] INFO  impl.FollowerState (FollowerState.java:run(108)) - 1ee6da7b-5867-4bad-ba0d-a2cfd13fd72a@group-B3673A53AB6F-FollowerState: change to CANDIDATE, lastRpcTime:40ms, electionTimeout:40ms
2019-10-16 11:35:40,267 [Thread-719] INFO  impl.RoleInfo (RoleInfo.java:shutdownFollowerState(121)) - 1ee6da7b-5867-4bad-ba0d-a2cfd13fd72a: shutdown FollowerState
2019-10-16 11:35:40,267 [Thread-719] INFO  impl.RaftServerImpl (RaftServerImpl.java:setRole(184)) - 1ee6da7b-5867-4bad-ba0d-a2cfd13fd72a@group-B3673A53AB6F: changes role from  FOLLOWER to CANDIDATE at term 21 for changeToCandidate
2019-10-16 11:35:40,267 [Thread-719] INFO  impl.RoleInfo (RoleInfo.java:updateAndGet(143)) - 1ee6da7b-5867-4bad-ba0d-a2cfd13fd72a: start LeaderElection
2019-10-16 11:35:40,274 [1ee6da7b-5867-4bad-ba0d-a2cfd13fd72a@group-B3673A53AB6F-LeaderElection57] INFO  impl.LeaderElection (LeaderElection.java:askForVotes(178)) - 1ee6da7b-5867-4bad-ba0d-a2cfd13fd72a@group-B3673A53AB6F-LeaderElection57: begin an election at term 22 for -1: [f94c755f-9f95-40b5-85b9-5e712f3f34e7:192.168.157.203:45275, 1ee6da7b-5867-4bad-ba0d-a2cfd13fd72a:192.168.157.203:35892, 4281bf39-36db-462c-8bc9-3c86cb645344:192.168.157.203:42381], old=null
2019-10-16 11:35:40,276 [grpc-default-executor-0] INFO  impl.RaftServerImpl (RaftServerImpl.java:setRole(184)) - 4281bf39-36db-462c-8bc9-3c86cb645344@group-B3673A53AB6F: changes role from  FOLLOWER to FOLLOWER at term 22 for recognizeCandidate:1ee6da7b-5867-4bad-ba0d-a2cfd13fd72a
2019-10-16 11:35:40,276 [grpc-default-executor-0] INFO  impl.RoleInfo (RoleInfo.java:shutdownFollowerState(121)) - 4281bf39-36db-462c-8bc9-3c86cb645344: shutdown FollowerState
2019-10-16 11:35:40,276 [grpc-default-executor-3] INFO  impl.RaftServerImpl (RaftServerImpl.java:setRole(184)) - f94c755f-9f95-40b5-85b9-5e712f3f34e7@group-B3673A53AB6F: changes role from  FOLLOWER to FOLLOWER at term 22 for recognizeCandidate:1ee6da7b-5867-4bad-ba0d-a2cfd13fd72a
2019-10-16 11:35:40,276 [Thread-715] INFO  impl.FollowerState (FollowerState.java:run(117)) - 4281bf39-36db-462c-8bc9-3c86cb645344@group-B3673A53AB6F-FollowerState was interrupted: java.lang.InterruptedException: sleep interrupted
2019-10-16 11:35:40,276 [grpc-default-executor-3] INFO  impl.RoleInfo (RoleInfo.java:shutdownFollowerState(121)) - f94c755f-9f95-40b5-85b9-5e712f3f34e7: shutdown FollowerState
2019-10-16 11:35:40,276 [grpc-default-executor-0] INFO  impl.RoleInfo (RoleInfo.java:updateAndGet(143)) - 4281bf39-36db-462c-8bc9-3c86cb645344: start FollowerState
2019-10-16 11:35:40,277 [Thread-714] INFO  impl.FollowerState (FollowerState.java:run(117)) - f94c755f-9f95-40b5-85b9-5e712f3f34e7@group-B3673A53AB6F-FollowerState was interrupted: java.lang.InterruptedException: sleep interrupted
2019-10-16 11:35:40,277 [grpc-default-executor-3] INFO  impl.RoleInfo (RoleInfo.java:updateAndGet(143)) - f94c755f-9f95-40b5-85b9-5e712f3f34e7: start FollowerState
2019-10-16 11:35:40,294 [1ee6da7b-5867-4bad-ba0d-a2cfd13fd72a@group-B3673A53AB6F-LeaderElection57] INFO  impl.LeaderElection (LeaderElection.java:logAndReturn(56)) - 1ee6da7b-5867-4bad-ba0d-a2cfd13fd72a@group-B3673A53AB6F-LeaderElection57: Election REJECTED; received 2 response(s) [1ee6da7b-5867-4bad-ba0d-a2cfd13fd72a<-f94c755f-9f95-40b5-85b9-5e712f3f34e7#0:FAIL-t22, 1ee6da7b-5867-4bad-ba0d-a2cfd13fd72a<-4281bf39-36db-462c-8bc9-3c86cb645344#0:FAIL-t22] and 0 exception(s); 1ee6da7b-5867-4bad-ba0d-a2cfd13fd72a@group-B3673A53AB6F:t22, leader=null, voted=1ee6da7b-5867-4bad-ba0d-a2cfd13fd72a, raftlog=1ee6da7b-5867-4bad-ba0d-a2cfd13fd72a@group-B3673A53AB6F-SegmentedRaftLog:OPENED:c-1,f-1,i0, conf=-1: [f94c755f-9f95-40b5-85b9-5e712f3f34e7:192.168.157.203:45275, 1ee6da7b-5867-4bad-ba0d-a2cfd13fd72a:192.168.157.203:35892, 4281bf39-36db-462c-8bc9-3c86cb645344:192.168.157.203:42381], old=null
2019-10-16 11:35:40,294 [1ee6da7b-5867-4bad-ba0d-a2cfd13fd72a@group-B3673A53AB6F-LeaderElection57] INFO  impl.RaftServerImpl (RaftServerImpl.java:setRole(184)) - 1ee6da7b-5867-4bad-ba0d-a2cfd13fd72a@group-B3673A53AB6F: changes role from CANDIDATE to FOLLOWER at term 22 for DISCOVERED_A_NEW_TERM
2019-10-16 11:35:40,294 [1ee6da7b-5867-4bad-ba0d-a2cfd13fd72a@group-B3673A53AB6F-LeaderElection57] INFO  impl.RoleInfo (RoleInfo.java:shutdownLeaderElection(134)) - 1ee6da7b-5867-4bad-ba0d-a2cfd13fd72a: shutdown LeaderElection
2019-10-16 11:35:40,294 [1ee6da7b-5867-4bad-ba0d-a2cfd13fd72a@group-B3673A53AB6F-LeaderElection57] INFO  impl.RoleInfo (RoleInfo.java:updateAndGet(143)) - 1ee6da7b-5867-4bad-ba0d-a2cfd13fd72a: start FollowerState
2019-10-16 11:35:40,392 [Thread-722] INFO  impl.FollowerState (FollowerState.java:run(108)) - a3132885-145f-4a8c-85f4-c10eb874732d@group-2077DD483DC7-FollowerState: change to CANDIDATE, lastRpcTime:152ms, electionTimeout:149ms
2019-10-16 11:35:40,393 [Thread-722] INFO  impl.RoleInfo (RoleInfo.java:shutdownFollowerState(121)) - a3132885-145f-4a8c-85f4-c10eb874732d: shutdown FollowerState
2019-10-16 11:35:40,393 [Thread-722] INFO  impl.RaftServerImpl (RaftServerImpl.java:setRole(184)) - a3132885-145f-4a8c-85f4-c10eb874732d@group-2077DD483DC7: changes role from  FOLLOWER to CANDIDATE at term 27 for changeToCandidate
2019-10-16 11:35:40,393 [Thread-722] INFO  impl.RoleInfo (RoleInfo.java:updateAndGet(143)) - a3132885-145f-4a8c-85f4-c10eb874732d: start LeaderElection
2019-10-16 11:35:40,400 [Thread-728] INFO  impl.FollowerState (FollowerState.java:run(108)) - 1ee6da7b-5867-4bad-ba0d-a2cfd13fd72a@group-B3673A53AB6F-FollowerState: change to CANDIDATE, lastRpcTime:106ms, electionTimeout:106ms
2019-10-16 11:35:40,400 [Thread-728] INFO  impl.RoleInfo (RoleInfo.java:shutdownFollowerState(121)) - 1ee6da7b-5867-4bad-ba0d-a2cfd13fd72a: shutdown FollowerState
2019-10-16 11:35:40,401 [Thread-728] INFO  impl.RaftServerImpl (RaftServerImpl.java:setRole(184)) - 1ee6da7b-5867-4bad-ba0d-a2cfd13fd72a@group-B3673A53AB6F: changes role from  FOLLOWER to CANDIDATE at term 22 for changeToCandidate
2019-10-16 11:35:40,401 [Thread-728] INFO  impl.RoleInfo (RoleInfo.java:updateAndGet(143)) - 1ee6da7b-5867-4bad-ba0d-a2cfd13fd72a: start LeaderElection
2019-10-16 11:35:40,415 [a3132885-145f-4a8c-85f4-c10eb874732d@group-2077DD483DC7-LeaderElection58] INFO  impl.LeaderElection (LeaderElection.java:askForVotes(178)) - a3132885-145f-4a8c-85f4-c10eb874732d@group-2077DD483DC7-LeaderElection58: begin an election at term 28 for -1: [163587bb-2c3b-4498-b576-18147cf38274:192.168.157.203:33208, a3132885-145f-4a8c-85f4-c10eb874732d:192.168.157.203:46766, 70b633f6-b230-4b9f-87f3-510da88f1e08:192.168.157.203:43163], old=null
2019-10-16 11:35:40,418 [grpc-default-executor-0] INFO  impl.RaftServerImpl (RaftServerImpl.java:setRole(184)) - 163587bb-2c3b-4498-b576-18147cf38274@group-2077DD483DC7: changes role from  FOLLOWER to FOLLOWER at term 28 for recognizeCandidate:a3132885-145f-4a8c-85f4-c10eb874732d
2019-10-16 11:35:40,418 [1ee6da7b-5867-4bad-ba0d-a2cfd13fd72a@group-B3673A53AB6F-LeaderElection59] INFO  impl.LeaderElection (LeaderElection.java:askForVotes(178)) - 1ee6da7b-5867-4bad-ba0d-a2cfd13fd72a@group-B3673A53AB6F-LeaderElection59: begin an election at term 23 for -1: [f94c755f-9f95-40b5-85b9-5e712f3f34e7:192.168.157.203:45275, 1ee6da7b-5867-4bad-ba0d-a2cfd13fd72a:192.168.157.203:35892, 4281bf39-36db-462c-8bc9-3c86cb645344:192.168.157.203:42381], old=null
2019-10-16 11:35:40,418 [grpc-default-executor-3] INFO  impl.RaftServerImpl (RaftServerImpl.java:setRole(184)) - 70b633f6-b230-4b9f-87f3-510da88f1e08@group-2077DD483DC7: changes role from  FOLLOWER to FOLLOWER at term 28 for recognizeCandidate:a3132885-145f-4a8c-85f4-c10eb874732d
2019-10-16 11:35:40,418 [grpc-default-executor-0] INFO  impl.RoleInfo (RoleInfo.java:shutdownFollowerState(121)) - 163587bb-2c3b-4498-b576-18147cf38274: shutdown FollowerState
2019-10-16 11:35:40,418 [grpc-default-executor-3] INFO  impl.RoleInfo (RoleInfo.java:shutdownFollowerState(121)) - 70b633f6-b230-4b9f-87f3-510da88f1e08: shutdown FollowerState
2019-10-16 11:35:40,419 [Thread-720] INFO  impl.FollowerState (FollowerState.java:run(117)) - 163587bb-2c3b-4498-b576-18147cf38274@group-2077DD483DC7-FollowerState was interrupted: java.lang.InterruptedException: sleep interrupted
2019-10-16 11:35:40,419 [grpc-default-executor-0] INFO  impl.RoleInfo (RoleInfo.java:updateAndGet(143)) - 163587bb-2c3b-4498-b576-18147cf38274: start FollowerState
2019-10-16 11:35:40,419 [Thread-721] INFO  impl.FollowerState (FollowerState.java:run(117)) - 70b633f6-b230-4b9f-87f3-510da88f1e08@group-2077DD483DC7-FollowerState was interrupted: java.lang.InterruptedException: sleep interrupted
2019-10-16 11:35:40,419 [grpc-default-executor-3] INFO  impl.RoleInfo (RoleInfo.java:updateAndGet(143)) - 70b633f6-b230-4b9f-87f3-510da88f1e08: start FollowerState
2019-10-16 11:35:40,420 [grpc-default-executor-1] INFO  impl.RaftServerImpl (RaftServerImpl.java:setRole(184)) - f94c755f-9f95-40b5-85b9-5e712f3f34e7@group-B3673A53AB6F: changes role from  FOLLOWER to FOLLOWER at term 23 for recognizeCandidate:1ee6da7b-5867-4bad-ba0d-a2cfd13fd72a
2019-10-16 11:35:40,420 [grpc-default-executor-1] INFO  impl.RoleInfo (RoleInfo.java:shutdownFollowerState(121)) - f94c755f-9f95-40b5-85b9-5e712f3f34e7: shutdown FollowerState
2019-10-16 11:35:40,420 [grpc-default-executor-1] INFO  impl.RoleInfo (RoleInfo.java:updateAndGet(143)) - f94c755f-9f95-40b5-85b9-5e712f3f34e7: start FollowerState
2019-10-16 11:35:40,420 [Thread-727] INFO  impl.FollowerState (FollowerState.java:run(117)) - f94c755f-9f95-40b5-85b9-5e712f3f34e7@group-B3673A53AB6F-FollowerState was interrupted: java.lang.InterruptedException: sleep interrupted
2019-10-16 11:35:40,421 [grpc-default-executor-4] INFO  impl.RaftServerImpl (RaftServerImpl.java:setRole(184)) - 4281bf39-36db-462c-8bc9-3c86cb645344@group-B3673A53AB6F: changes role from  FOLLOWER to FOLLOWER at term 23 for recognizeCandidate:1ee6da7b-5867-4bad-ba0d-a2cfd13fd72a
2019-10-16 11:35:40,421 [grpc-default-executor-4] INFO  impl.RoleInfo (RoleInfo.java:shutdownFollowerState(121)) - 4281bf39-36db-462c-8bc9-3c86cb645344: shutdown FollowerState
2019-10-16 11:35:40,421 [grpc-default-executor-4] INFO  impl.RoleInfo (RoleInfo.java:updateAndGet(143)) - 4281bf39-36db-462c-8bc9-3c86cb645344: start FollowerState
2019-10-16 11:35:40,421 [Thread-726] INFO  impl.FollowerState (FollowerState.java:run(117)) - 4281bf39-36db-462c-8bc9-3c86cb645344@group-B3673A53AB6F-FollowerState was interrupted: java.lang.InterruptedException: sleep interrupted
2019-10-16 11:35:40,426 [a3132885-145f-4a8c-85f4-c10eb874732d@group-2077DD483DC7-LeaderElection58] INFO  impl.LeaderElection (LeaderElection.java:logAndReturn(56)) - a3132885-145f-4a8c-85f4-c10eb874732d@group-2077DD483DC7-LeaderElection58: Election REJECTED; received 2 response(s) [a3132885-145f-4a8c-85f4-c10eb874732d<-163587bb-2c3b-4498-b576-18147cf38274#0:FAIL-t28, a3132885-145f-4a8c-85f4-c10eb874732d<-70b633f6-b230-4b9f-87f3-510da88f1e08#0:FAIL-t28] and 0 exception(s); a3132885-145f-4a8c-85f4-c10eb874732d@group-2077DD483DC7:t28, leader=null, voted=a3132885-145f-4a8c-85f4-c10eb874732d, raftlog=a3132885-145f-4a8c-85f4-c10eb874732d@group-2077DD483DC7-SegmentedRaftLog:OPENED:c-1,f-1,i0, conf=-1: [163587bb-2c3b-4498-b576-18147cf38274:192.168.157.203:33208, a3132885-145f-4a8c-85f4-c10eb874732d:192.168.157.203:46766, 70b633f6-b230-4b9f-87f3-510da88f1e08:192.168.157.203:43163], old=null
2019-10-16 11:35:40,426 [a3132885-145f-4a8c-85f4-c10eb874732d@group-2077DD483DC7-LeaderElection58] INFO  impl.RaftServerImpl (RaftServerImpl.java:setRole(184)) - a3132885-145f-4a8c-85f4-c10eb874732d@group-2077DD483DC7: changes role from CANDIDATE to FOLLOWER at term 28 for DISCOVERED_A_NEW_TERM
2019-10-16 11:35:40,426 [a3132885-145f-4a8c-85f4-c10eb874732d@group-2077DD483DC7-LeaderElection58] INFO  impl.RoleInfo (RoleInfo.java:shutdownLeaderElection(134)) - a3132885-145f-4a8c-85f4-c10eb874732d: shutdown LeaderElection
2019-10-16 11:35:40,426 [a3132885-145f-4a8c-85f4-c10eb874732d@group-2077DD483DC7-LeaderElection58] INFO  impl.RoleInfo (RoleInfo.java:updateAndGet(143)) - a3132885-145f-4a8c-85f4-c10eb874732d: start FollowerState
2019-10-16 11:35:40,430 [1ee6da7b-5867-4bad-ba0d-a2cfd13fd72a@group-B3673A53AB6F-LeaderElection59] INFO  impl.LeaderElection (LeaderElection.java:logAndReturn(56)) - 1ee6da7b-5867-4bad-ba0d-a2cfd13fd72a@group-B3673A53AB6F-LeaderElection59: Election REJECTED; received 2 response(s) [1ee6da7b-5867-4bad-ba0d-a2cfd13fd72a<-f94c755f-9f95-40b5-85b9-5e712f3f34e7#0:FAIL-t23, 1ee6da7b-5867-4bad-ba0d-a2cfd13fd72a<-4281bf39-36db-462c-8bc9-3c86cb645344#0:FAIL-t23] and 0 exception(s); 1ee6da7b-5867-4bad-ba0d-a2cfd13fd72a@group-B3673A53AB6F:t23, leader=null, voted=1ee6da7b-5867-4bad-ba0d-a2cfd13fd72a, raftlog=1ee6da7b-5867-4bad-ba0d-a2cfd13fd72a@group-B3673A53AB6F-SegmentedRaftLog:OPENED:c-1,f-1,i0, conf=-1: [f94c755f-9f95-40b5-85b9-5e712f3f34e7:192.168.157.203:45275, 1ee6da7b-5867-4bad-ba0d-a2cfd13fd72a:192.168.157.203:35892, 4281bf39-36db-462c-8bc9-3c86cb645344:192.168.157.203:42381], old=null
2019-10-16 11:35:40,430 [1ee6da7b-5867-4bad-ba0d-a2cfd13fd72a@group-B3673A53AB6F-LeaderElection59] INFO  impl.RaftServerImpl (RaftServerImpl.java:setRole(184)) - 1ee6da7b-5867-4bad-ba0d-a2cfd13fd72a@group-B3673A53AB6F: changes role from CANDIDATE to FOLLOWER at term 23 for DISCOVERED_A_NEW_TERM
2019-10-16 11:35:40,430 [1ee6da7b-5867-4bad-ba0d-a2cfd13fd72a@group-B3673A53AB6F-LeaderElection59] INFO  impl.RoleInfo (RoleInfo.java:shutdownLeaderElection(134)) - 1ee6da7b-5867-4bad-ba0d-a2cfd13fd72a: shutdown LeaderElection
2019-10-16 11:35:40,430 [1ee6da7b-5867-4bad-ba0d-a2cfd13fd72a@group-B3673A53AB6F-LeaderElection59] INFO  impl.RoleInfo (RoleInfo.java:updateAndGet(143)) - 1ee6da7b-5867-4bad-ba0d-a2cfd13fd72a: start FollowerState
2019-10-16 11:35:40,501 [Thread-741] INFO  impl.FollowerState (FollowerState.java:run(108)) - a3132885-145f-4a8c-85f4-c10eb874732d@group-2077DD483DC7-FollowerState: change to CANDIDATE, lastRpcTime:74ms, electionTimeout:74ms
2019-10-16 11:35:40,501 [Thread-741] INFO  impl.RoleInfo (RoleInfo.java:shutdownFollowerState(121)) - a3132885-145f-4a8c-85f4-c10eb874732d: shutdown FollowerState
2019-10-16 11:35:40,501 [Thread-741] INFO  impl.RaftServerImpl (RaftServerImpl.java:setRole(184)) - a3132885-145f-4a8c-85f4-c10eb874732d@group-2077DD483DC7: changes role from  FOLLOWER to CANDIDATE at term 28 for changeToCandidate
2019-10-16 11:35:40,501 [Thread-741] INFO  impl.RoleInfo (RoleInfo.java:updateAndGet(143)) - a3132885-145f-4a8c-85f4-c10eb874732d: start LeaderElection
2019-10-16 11:35:40,512 [a3132885-145f-4a8c-85f4-c10eb874732d@group-2077DD483DC7-LeaderElection60] INFO  impl.LeaderElection (LeaderElection.java:askForVotes(178)) - a3132885-145f-4a8c-85f4-c10eb874732d@group-2077DD483DC7-LeaderElection60: begin an election at term 29 for -1: [163587bb-2c3b-4498-b576-18147cf38274:192.168.157.203:33208, a3132885-145f-4a8c-85f4-c10eb874732d:192.168.157.203:46766, 70b633f6-b230-4b9f-87f3-510da88f1e08:192.168.157.203:43163], old=null
2019-10-16 11:35:40,514 [grpc-default-executor-4] INFO  impl.RaftServerImpl (RaftServerImpl.java:setRole(184)) - 70b633f6-b230-4b9f-87f3-510da88f1e08@group-2077DD483DC7: changes role from  FOLLOWER to FOLLOWER at term 29 for recognizeCandidate:a3132885-145f-4a8c-85f4-c10eb874732d
2019-10-16 11:35:40,514 [grpc-default-executor-1] INFO  impl.RaftServerImpl (RaftServerImpl.java:setRole(184)) - 163587bb-2c3b-4498-b576-18147cf38274@group-2077DD483DC7: changes role from  FOLLOWER to FOLLOWER at term 29 for recognizeCandidate:a3132885-145f-4a8c-85f4-c10eb874732d
2019-10-16 11:35:40,515 [grpc-default-executor-4] INFO  impl.RoleInfo (RoleInfo.java:shutdownFollowerState(121)) - 70b633f6-b230-4b9f-87f3-510da88f1e08: shutdown FollowerState
2019-10-16 11:35:40,515 [grpc-default-executor-1] INFO  impl.RoleInfo (RoleInfo.java:shutdownFollowerState(121)) - 163587bb-2c3b-4498-b576-18147cf38274: shutdown FollowerState
2019-10-16 11:35:40,515 [Thread-738] INFO  impl.FollowerState (FollowerState.java:run(117)) - 70b633f6-b230-4b9f-87f3-510da88f1e08@group-2077DD483DC7-FollowerState was interrupted: java.lang.InterruptedException: sleep interrupted
2019-10-16 11:35:40,515 [Thread-737] INFO  impl.FollowerState (FollowerState.java:run(117)) - 163587bb-2c3b-4498-b576-18147cf38274@group-2077DD483DC7-FollowerState was interrupted: java.lang.InterruptedException: sleep interrupted
2019-10-16 11:35:40,515 [grpc-default-executor-1] INFO  impl.RoleInfo (RoleInfo.java:updateAndGet(143)) - 163587bb-2c3b-4498-b576-18147cf38274: start FollowerState
2019-10-16 11:35:40,515 [grpc-default-executor-4] INFO  impl.RoleInfo (RoleInfo.java:updateAndGet(143)) - 70b633f6-b230-4b9f-87f3-510da88f1e08: start FollowerState
2019-10-16 11:35:40,521 [Thread-742] INFO  impl.FollowerState (FollowerState.java:run(108)) - 1ee6da7b-5867-4bad-ba0d-a2cfd13fd72a@group-B3673A53AB6F-FollowerState: change to CANDIDATE, lastRpcTime:91ms, electionTimeout:91ms
2019-10-16 11:35:40,521 [Thread-742] INFO  impl.RoleInfo (RoleInfo.java:shutdownFollowerState(121)) - 1ee6da7b-5867-4bad-ba0d-a2cfd13fd72a: shutdown FollowerState
2019-10-16 11:35:40,522 [Thread-742] INFO  impl.RaftServerImpl (RaftServerImpl.java:setRole(184)) - 1ee6da7b-5867-4bad-ba0d-a2cfd13fd72a@group-B3673A53AB6F: changes role from  FOLLOWER to CANDIDATE at term 23 for changeToCandidate
2019-10-16 11:35:40,522 [Thread-742] INFO  impl.RoleInfo (RoleInfo.java:updateAndGet(143)) - 1ee6da7b-5867-4bad-ba0d-a2cfd13fd72a: start LeaderElection
2019-10-16 11:35:40,526 [1ee6da7b-5867-4bad-ba0d-a2cfd13fd72a@group-B3673A53AB6F-LeaderElection61] INFO  impl.LeaderElection (LeaderElection.java:askForVotes(178)) - 1ee6da7b-5867-4bad-ba0d-a2cfd13fd72a@group-B3673A53AB6F-LeaderElection61: begin an election at term 24 for -1: [f94c755f-9f95-40b5-85b9-5e712f3f34e7:192.168.157.203:45275, 1ee6da7b-5867-4bad-ba0d-a2cfd13fd72a:192.168.157.203:35892, 4281bf39-36db-462c-8bc9-3c86cb645344:192.168.157.203:42381], old=null
2019-10-16 11:35:40,527 [a3132885-145f-4a8c-85f4-c10eb874732d@group-2077DD483DC7-LeaderElection60] INFO  impl.LeaderElection (LeaderElection.java:logAndReturn(56)) - a3132885-145f-4a8c-85f4-c10eb874732d@group-2077DD483DC7-LeaderElection60: Election REJECTED; received 2 response(s) [a3132885-145f-4a8c-85f4-c10eb874732d<-163587bb-2c3b-4498-b576-18147cf38274#0:FAIL-t29, a3132885-145f-4a8c-85f4-c10eb874732d<-70b633f6-b230-4b9f-87f3-510da88f1e08#0:FAIL-t29] and 0 exception(s); a3132885-145f-4a8c-85f4-c10eb874732d@group-2077DD483DC7:t29, leader=null, voted=a3132885-145f-4a8c-85f4-c10eb874732d, raftlog=a3132885-145f-4a8c-85f4-c10eb874732d@group-2077DD483DC7-SegmentedRaftLog:OPENED:c-1,f-1,i0, conf=-1: [163587bb-2c3b-4498-b576-18147cf38274:192.168.157.203:33208, a3132885-145f-4a8c-85f4-c10eb874732d:192.168.157.203:46766, 70b633f6-b230-4b9f-87f3-510da88f1e08:192.168.157.203:43163], old=null
2019-10-16 11:35:40,527 [a3132885-145f-4a8c-85f4-c10eb874732d@group-2077DD483DC7-LeaderElection60] INFO  impl.RaftServerImpl (RaftServerImpl.java:setRole(184)) - a3132885-145f-4a8c-85f4-c10eb874732d@group-2077DD483DC7: changes role from CANDIDATE to FOLLOWER at term 29 for DISCOVERED_A_NEW_TERM
2019-10-16 11:35:40,527 [a3132885-145f-4a8c-85f4-c10eb874732d@group-2077DD483DC7-LeaderElection60] INFO  impl.RoleInfo (RoleInfo.java:shutdownLeaderElection(134)) - a3132885-145f-4a8c-85f4-c10eb874732d: shutdown LeaderElection
2019-10-16 11:35:40,527 [a3132885-145f-4a8c-85f4-c10eb874732d@group-2077DD483DC7-LeaderElection60] INFO  impl.RoleInfo (RoleInfo.java:updateAndGet(143)) - a3132885-145f-4a8c-85f4-c10eb874732d: start FollowerState
2019-10-16 11:35:40,528 [grpc-default-executor-1] INFO  impl.RaftServerImpl (RaftServerImpl.java:setRole(184)) - 4281bf39-36db-462c-8bc9-3c86cb645344@group-B3673A53AB6F: changes role from  FOLLOWER to FOLLOWER at term 24 for recognizeCandidate:1ee6da7b-5867-4bad-ba0d-a2cfd13fd72a
2019-10-16 11:35:40,528 [grpc-default-executor-4] INFO  impl.RaftServerImpl (RaftServerImpl.java:setRole(184)) - f94c755f-9f95-40b5-85b9-5e712f3f34e7@group-B3673A53AB6F: changes role from  FOLLOWER to FOLLOWER at term 24 for recognizeCandidate:1ee6da7b-5867-4bad-ba0d-a2cfd13fd72a
2019-10-16 11:35:40,528 [grpc-default-executor-1] INFO  impl.RoleInfo (RoleInfo.java:shutdownFollowerState(121)) - 4281bf39-36db-462c-8bc9-3c86cb645344: shutdown FollowerState
2019-10-16 11:35:40,528 [grpc-default-executor-4] INFO  impl.RoleInfo (RoleInfo.java:shutdownFollowerState(121)) - f94c755f-9f95-40b5-85b9-5e712f3f34e7: shutdown FollowerState
2019-10-16 11:35:40,528 [Thread-740] INFO  impl.FollowerState (FollowerState.java:run(117)) - 4281bf39-36db-462c-8bc9-3c86cb645344@group-B3673A53AB6F-FollowerState was interrupted: java.lang.InterruptedException: sleep interrupted
2019-10-16 11:35:40,528 [Thread-739] INFO  impl.FollowerState (FollowerState.java:run(117)) - f94c755f-9f95-40b5-85b9-5e712f3f34e7@group-B3673A53AB6F-FollowerState was interrupted: java.lang.InterruptedException: sleep interrupted
2019-10-16 11:35:40,528 [grpc-default-executor-1] INFO  impl.RoleInfo (RoleInfo.java:updateAndGet(143)) - 4281bf39-36db-462c-8bc9-3c86cb645344: start FollowerState
2019-10-16 11:35:40,528 [grpc-default-executor-4] INFO  impl.RoleInfo (RoleInfo.java:updateAndGet(143)) - f94c755f-9f95-40b5-85b9-5e712f3f34e7: start FollowerState
2019-10-16 11:35:40,533 [1ee6da7b-5867-4bad-ba0d-a2cfd13fd72a@group-B3673A53AB6F-LeaderElection61] INFO  impl.LeaderElection (LeaderElection.java:logAndReturn(56)) - 1ee6da7b-5867-4bad-ba0d-a2cfd13fd72a@group-B3673A53AB6F-LeaderElection61: Election REJECTED; received 2 response(s) [1ee6da7b-5867-4bad-ba0d-a2cfd13fd72a<-f94c755f-9f95-40b5-85b9-5e712f3f34e7#0:FAIL-t24, 1ee6da7b-5867-4bad-ba0d-a2cfd13fd72a<-4281bf39-36db-462c-8bc9-3c86cb645344#0:FAIL-t24] and 0 exception(s); 1ee6da7b-5867-4bad-ba0d-a2cfd13fd72a@group-B3673A53AB6F:t24, leader=null, voted=1ee6da7b-5867-4bad-ba0d-a2cfd13fd72a, raftlog=1ee6da7b-5867-4bad-ba0d-a2cfd13fd72a@group-B3673A53AB6F-SegmentedRaftLog:OPENED:c-1,f-1,i0, conf=-1: [f94c755f-9f95-40b5-85b9-5e712f3f34e7:192.168.157.203:45275, 1ee6da7b-5867-4bad-ba0d-a2cfd13fd72a:192.168.157.203:35892, 4281bf39-36db-462c-8bc9-3c86cb645344:192.168.157.203:42381], old=null
2019-10-16 11:35:40,533 [1ee6da7b-5867-4bad-ba0d-a2cfd13fd72a@group-B3673A53AB6F-LeaderElection61] INFO  impl.RaftServerImpl (RaftServerImpl.java:setRole(184)) - 1ee6da7b-5867-4bad-ba0d-a2cfd13fd72a@group-B3673A53AB6F: changes role from CANDIDATE to FOLLOWER at term 24 for DISCOVERED_A_NEW_TERM
2019-10-16 11:35:40,533 [1ee6da7b-5867-4bad-ba0d-a2cfd13fd72a@group-B3673A53AB6F-LeaderElection61] INFO  impl.RoleInfo (RoleInfo.java:shutdownLeaderElection(134)) - 1ee6da7b-5867-4bad-ba0d-a2cfd13fd72a: shutdown LeaderElection
2019-10-16 11:35:40,533 [1ee6da7b-5867-4bad-ba0d-a2cfd13fd72a@group-B3673A53AB6F-LeaderElection61] INFO  impl.RoleInfo (RoleInfo.java:updateAndGet(143)) - 1ee6da7b-5867-4bad-ba0d-a2cfd13fd72a: start FollowerState
2019-10-16 11:35:40,545 [Thread-756] INFO  impl.FollowerState (FollowerState.java:run(108)) - 1ee6da7b-5867-4bad-ba0d-a2cfd13fd72a@group-B3673A53AB6F-FollowerState: change to CANDIDATE, lastRpcTime:12ms, electionTimeout:12ms
2019-10-16 11:35:40,546 [Thread-756] INFO  impl.RoleInfo (RoleInfo.java:shutdownFollowerState(121)) - 1ee6da7b-5867-4bad-ba0d-a2cfd13fd72a: shutdown FollowerState
2019-10-16 11:35:40,546 [Thread-756] INFO  impl.RaftServerImpl (RaftServerImpl.java:setRole(184)) - 1ee6da7b-5867-4bad-ba0d-a2cfd13fd72a@group-B3673A53AB6F: changes role from  FOLLOWER to CANDIDATE at term 24 for changeToCandidate
2019-10-16 11:35:40,546 [Thread-756] INFO  impl.RoleInfo (RoleInfo.java:updateAndGet(143)) - 1ee6da7b-5867-4bad-ba0d-a2cfd13fd72a: start LeaderElection
2019-10-16 11:35:40,548 [Thread-753] INFO  impl.FollowerState (FollowerState.java:run(108)) - a3132885-145f-4a8c-85f4-c10eb874732d@group-2077DD483DC7-FollowerState: change to CANDIDATE, lastRpcTime:21ms, electionTimeout:21ms
2019-10-16 11:35:40,549 [Thread-753] INFO  impl.RoleInfo (RoleInfo.java:shutdownFollowerState(121)) - a3132885-145f-4a8c-85f4-c10eb874732d: shutdown FollowerState
2019-10-16 11:35:40,549 [Thread-753] INFO  impl.RaftServerImpl (RaftServerImpl.java:setRole(184)) - a3132885-145f-4a8c-85f4-c10eb874732d@group-2077DD483DC7: changes role from  FOLLOWER to CANDIDATE at term 29 for changeToCandidate
2019-10-16 11:35:40,549 [Thread-753] INFO  impl.RoleInfo (RoleInfo.java:updateAndGet(143)) - a3132885-145f-4a8c-85f4-c10eb874732d: start LeaderElection
2019-10-16 11:35:40,566 [1ee6da7b-5867-4bad-ba0d-a2cfd13fd72a@group-B3673A53AB6F-LeaderElection62] INFO  impl.LeaderElection (LeaderElection.java:askForVotes(178)) - 1ee6da7b-5867-4bad-ba0d-a2cfd13fd72a@group-B3673A53AB6F-LeaderElection62: begin an election at term 25 for -1: [f94c755f-9f95-40b5-85b9-5e712f3f34e7:192.168.157.203:45275, 1ee6da7b-5867-4bad-ba0d-a2cfd13fd72a:192.168.157.203:35892, 4281bf39-36db-462c-8bc9-3c86cb645344:192.168.157.203:42381], old=null
2019-10-16 11:35:40,566 [a3132885-145f-4a8c-85f4-c10eb874732d@group-2077DD483DC7-LeaderElection63] INFO  impl.LeaderElection (LeaderElection.java:askForVotes(178)) - a3132885-145f-4a8c-85f4-c10eb874732d@group-2077DD483DC7-LeaderElection63: begin an election at term 30 for -1: [163587bb-2c3b-4498-b576-18147cf38274:192.168.157.203:33208, a3132885-145f-4a8c-85f4-c10eb874732d:192.168.157.203:46766, 70b633f6-b230-4b9f-87f3-510da88f1e08:192.168.157.203:43163], old=null
2019-10-16 11:35:40,568 [grpc-default-executor-0] INFO  impl.RaftServerImpl (RaftServerImpl.java:setRole(184)) - f94c755f-9f95-40b5-85b9-5e712f3f34e7@group-B3673A53AB6F: changes role from  FOLLOWER to FOLLOWER at term 25 for recognizeCandidate:1ee6da7b-5867-4bad-ba0d-a2cfd13fd72a
2019-10-16 11:35:40,568 [grpc-default-executor-1] INFO  impl.RaftServerImpl (RaftServerImpl.java:setRole(184)) - 70b633f6-b230-4b9f-87f3-510da88f1e08@group-2077DD483DC7: changes role from  FOLLOWER to FOLLOWER at term 30 for recognizeCandidate:a3132885-145f-4a8c-85f4-c10eb874732d
2019-10-16 11:35:40,568 [grpc-default-executor-4] INFO  impl.RaftServerImpl (RaftServerImpl.java:setRole(184)) - 4281bf39-36db-462c-8bc9-3c86cb645344@group-B3673A53AB6F: changes role from  FOLLOWER to FOLLOWER at term 25 for recognizeCandidate:1ee6da7b-5867-4bad-ba0d-a2cfd13fd72a
2019-10-16 11:35:40,568 [grpc-default-executor-3] INFO  impl.RaftServerImpl (RaftServerImpl.java:setRole(184)) - 163587bb-2c3b-4498-b576-18147cf38274@group-2077DD483DC7: changes role from  FOLLOWER to FOLLOWER at term 30 for recognizeCandidate:a3132885-145f-4a8c-85f4-c10eb874732d
2019-10-16 11:35:40,568 [grpc-default-executor-4] INFO  impl.RoleInfo (RoleInfo.java:shutdownFollowerState(121)) - 4281bf39-36db-462c-8bc9-3c86cb645344: shutdown FollowerState
2019-10-16 11:35:40,568 [grpc-default-executor-1] INFO  impl.RoleInfo (RoleInfo.java:shutdownFollowerState(121)) - 70b633f6-b230-4b9f-87f3-510da88f1e08: shutdown FollowerState
2019-10-16 11:35:40,568 [grpc-default-executor-0] INFO  impl.RoleInfo (RoleInfo.java:shutdownFollowerState(121)) - f94c755f-9f95-40b5-85b9-5e712f3f34e7: shutdown FollowerState
2019-10-16 11:35:40,569 [Thread-748] INFO  impl.FollowerState (FollowerState.java:run(117)) - 70b633f6-b230-4b9f-87f3-510da88f1e08@group-2077DD483DC7-FollowerState was interrupted: java.lang.InterruptedException: sleep interrupted
2019-10-16 11:35:40,569 [grpc-default-executor-1] INFO  impl.RoleInfo (RoleInfo.java:updateAndGet(143)) - 70b633f6-b230-4b9f-87f3-510da88f1e08: start FollowerState
2019-10-16 11:35:40,568 [Thread-754] INFO  impl.FollowerState (FollowerState.java:run(117)) - 4281bf39-36db-462c-8bc9-3c86cb645344@group-B3673A53AB6F-FollowerState was interrupted: java.lang.InterruptedException: sleep interrupted
2019-10-16 11:35:40,568 [grpc-default-executor-4] INFO  impl.RoleInfo (RoleInfo.java:updateAndGet(143)) - 4281bf39-36db-462c-8bc9-3c86cb645344: start FollowerState
2019-10-16 11:35:40,568 [grpc-default-executor-3] INFO  impl.RoleInfo (RoleInfo.java:shutdownFollowerState(121)) - 163587bb-2c3b-4498-b576-18147cf38274: shutdown FollowerState
2019-10-16 11:35:40,569 [Thread-755] INFO  impl.FollowerState (FollowerState.java:run(117)) - f94c755f-9f95-40b5-85b9-5e712f3f34e7@group-B3673A53AB6F-FollowerState was interrupted: java.lang.InterruptedException: sleep interrupted
2019-10-16 11:35:40,569 [grpc-default-executor-0] INFO  impl.RoleInfo (RoleInfo.java:updateAndGet(143)) - f94c755f-9f95-40b5-85b9-5e712f3f34e7: start FollowerState
2019-10-16 11:35:40,569 [grpc-default-executor-3] INFO  impl.RoleInfo (RoleInfo.java:updateAndGet(143)) - 163587bb-2c3b-4498-b576-18147cf38274: start FollowerState
2019-10-16 11:35:40,569 [Thread-749] INFO  impl.FollowerState (FollowerState.java:run(117)) - 163587bb-2c3b-4498-b576-18147cf38274@group-2077DD483DC7-FollowerState was interrupted: java.lang.InterruptedException: sleep interrupted
2019-10-16 11:35:40,571 [1ee6da7b-5867-4bad-ba0d-a2cfd13fd72a@group-B3673A53AB6F-LeaderElection62] INFO  impl.LeaderElection (LeaderElection.java:logAndReturn(56)) - 1ee6da7b-5867-4bad-ba0d-a2cfd13fd72a@group-B3673A53AB6F-LeaderElection62: Election TIMEOUT; received 0 response(s) [] and 0 exception(s); 1ee6da7b-5867-4bad-ba0d-a2cfd13fd72a@group-B3673A53AB6F:t25, leader=null, voted=1ee6da7b-5867-4bad-ba0d-a2cfd13fd72a, raftlog=1ee6da7b-5867-4bad-ba0d-a2cfd13fd72a@group-B3673A53AB6F-SegmentedRaftLog:OPENED:c-1,f-1,i0, conf=-1: [f94c755f-9f95-40b5-85b9-5e712f3f34e7:192.168.157.203:45275, 1ee6da7b-5867-4bad-ba0d-a2cfd13fd72a:192.168.157.203:35892, 4281bf39-36db-462c-8bc9-3c86cb645344:192.168.157.203:42381], old=null
2019-10-16 11:35:40,580 [1ee6da7b-5867-4bad-ba0d-a2cfd13fd72a@group-B3673A53AB6F-LeaderElection62] INFO  impl.LeaderElection (LeaderElection.java:askForVotes(178)) - 1ee6da7b-5867-4bad-ba0d-a2cfd13fd72a@group-B3673A53AB6F-LeaderElection62: begin an election at term 26 for -1: [f94c755f-9f95-40b5-85b9-5e712f3f34e7:192.168.157.203:45275, 1ee6da7b-5867-4bad-ba0d-a2cfd13fd72a:192.168.157.203:35892, 4281bf39-36db-462c-8bc9-3c86cb645344:192.168.157.203:42381], old=null
2019-10-16 11:35:40,581 [a3132885-145f-4a8c-85f4-c10eb874732d@group-2077DD483DC7-LeaderElection63] INFO  impl.LeaderElection (LeaderElection.java:logAndReturn(56)) - a3132885-145f-4a8c-85f4-c10eb874732d@group-2077DD483DC7-LeaderElection63: Election REJECTED; received 2 response(s) [a3132885-145f-4a8c-85f4-c10eb874732d<-163587bb-2c3b-4498-b576-18147cf38274#0:FAIL-t30, a3132885-145f-4a8c-85f4-c10eb874732d<-70b633f6-b230-4b9f-87f3-510da88f1e08#0:FAIL-t30] and 0 exception(s); a3132885-145f-4a8c-85f4-c10eb874732d@group-2077DD483DC7:t30, leader=null, voted=a3132885-145f-4a8c-85f4-c10eb874732d, raftlog=a3132885-145f-4a8c-85f4-c10eb874732d@group-2077DD483DC7-SegmentedRaftLog:OPENED:c-1,f-1,i0, conf=-1: [163587bb-2c3b-4498-b576-18147cf38274:192.168.157.203:33208, a3132885-145f-4a8c-85f4-c10eb874732d:192.168.157.203:46766, 70b633f6-b230-4b9f-87f3-510da88f1e08:192.168.157.203:43163], old=null
2019-10-16 11:35:40,581 [a3132885-145f-4a8c-85f4-c10eb874732d@group-2077DD483DC7-LeaderElection63] INFO  impl.RaftServerImpl (RaftServerImpl.java:setRole(184)) - a3132885-145f-4a8c-85f4-c10eb874732d@group-2077DD483DC7: changes role from CANDIDATE to FOLLOWER at term 30 for DISCOVERED_A_NEW_TERM
2019-10-16 11:35:40,581 [a3132885-145f-4a8c-85f4-c10eb874732d@group-2077DD483DC7-LeaderElection63] INFO  impl.RoleInfo (RoleInfo.java:shutdownLeaderElection(134)) - a3132885-145f-4a8c-85f4-c10eb874732d: shutdown LeaderElection
2019-10-16 11:35:40,581 [grpc-default-executor-0] INFO  impl.RaftServerImpl (RaftServerImpl.java:setRole(184)) - 4281bf39-36db-462c-8bc9-3c86cb645344@group-B3673A53AB6F: changes role from  FOLLOWER to FOLLOWER at term 26 for recognizeCandidate:1ee6da7b-5867-4bad-ba0d-a2cfd13fd72a
2019-10-16 11:35:40,581 [a3132885-145f-4a8c-85f4-c10eb874732d@group-2077DD483DC7-LeaderElection63] INFO  impl.RoleInfo (RoleInfo.java:updateAndGet(143)) - a3132885-145f-4a8c-85f4-c10eb874732d: start FollowerState
2019-10-16 11:35:40,581 [grpc-default-executor-0] INFO  impl.RoleInfo (RoleInfo.java:shutdownFollowerState(121)) - 4281bf39-36db-462c-8bc9-3c86cb645344: shutdown FollowerState
2019-10-16 11:35:40,582 [grpc-default-executor-0] INFO  impl.RoleInfo (RoleInfo.java:updateAndGet(143)) - 4281bf39-36db-462c-8bc9-3c86cb645344: start FollowerState
2019-10-16 11:35:40,582 [Thread-763] INFO  impl.FollowerState (FollowerState.java:run(117)) - 4281bf39-36db-462c-8bc9-3c86cb645344@group-B3673A53AB6F-FollowerState was interrupted: java.lang.InterruptedException: sleep interrupted
2019-10-16 11:35:40,582 [grpc-default-executor-3] INFO  impl.RaftServerImpl (RaftServerImpl.java:setRole(184)) - f94c755f-9f95-40b5-85b9-5e712f3f34e7@group-B3673A53AB6F: changes role from  FOLLOWER to FOLLOWER at term 26 for recognizeCandidate:1ee6da7b-5867-4bad-ba0d-a2cfd13fd72a
2019-10-16 11:35:40,582 [grpc-default-executor-3] INFO  impl.RoleInfo (RoleInfo.java:shutdownFollowerState(121)) - f94c755f-9f95-40b5-85b9-5e712f3f34e7: shutdown FollowerState
2019-10-16 11:35:40,582 [grpc-default-executor-3] INFO  impl.RoleInfo (RoleInfo.java:updateAndGet(143)) - f94c755f-9f95-40b5-85b9-5e712f3f34e7: start FollowerState
2019-10-16 11:35:40,582 [Thread-765] INFO  impl.FollowerState (FollowerState.java:run(117)) - f94c755f-9f95-40b5-85b9-5e712f3f34e7@group-B3673A53AB6F-FollowerState was interrupted: java.lang.InterruptedException: sleep interrupted
2019-10-16 11:35:40,589 [1ee6da7b-5867-4bad-ba0d-a2cfd13fd72a@group-B3673A53AB6F-LeaderElection62] INFO  impl.LeaderElection (LeaderElection.java:logAndReturn(56)) - 1ee6da7b-5867-4bad-ba0d-a2cfd13fd72a@group-B3673A53AB6F-LeaderElection62: Election REJECTED; received 2 response(s) [1ee6da7b-5867-4bad-ba0d-a2cfd13fd72a<-f94c755f-9f95-40b5-85b9-5e712f3f34e7#0:FAIL-t26, 1ee6da7b-5867-4bad-ba0d-a2cfd13fd72a<-4281bf39-36db-462c-8bc9-3c86cb645344#0:FAIL-t26] and 0 exception(s); 1ee6da7b-5867-4bad-ba0d-a2cfd13fd72a@group-B3673A53AB6F:t26, leader=null, voted=1ee6da7b-5867-4bad-ba0d-a2cfd13fd72a, raftlog=1ee6da7b-5867-4bad-ba0d-a2cfd13fd72a@group-B3673A53AB6F-SegmentedRaftLog:OPENED:c-1,f-1,i0, conf=-1: [f94c755f-9f95-40b5-85b9-5e712f3f34e7:192.168.157.203:45275, 1ee6da7b-5867-4bad-ba0d-a2cfd13fd72a:192.168.157.203:35892, 4281bf39-36db-462c-8bc9-3c86cb645344:192.168.157.203:42381], old=null
2019-10-16 11:35:40,590 [1ee6da7b-5867-4bad-ba0d-a2cfd13fd72a@group-B3673A53AB6F-LeaderElection62] INFO  impl.RaftServerImpl (RaftServerImpl.java:setRole(184)) - 1ee6da7b-5867-4bad-ba0d-a2cfd13fd72a@group-B3673A53AB6F: changes role from CANDIDATE to FOLLOWER at term 26 for DISCOVERED_A_NEW_TERM
2019-10-16 11:35:40,590 [1ee6da7b-5867-4bad-ba0d-a2cfd13fd72a@group-B3673A53AB6F-LeaderElection62] INFO  impl.RoleInfo (RoleInfo.java:shutdownLeaderElection(134)) - 1ee6da7b-5867-4bad-ba0d-a2cfd13fd72a: shutdown LeaderElection
2019-10-16 11:35:40,590 [1ee6da7b-5867-4bad-ba0d-a2cfd13fd72a@group-B3673A53AB6F-LeaderElection62] INFO  impl.RoleInfo (RoleInfo.java:updateAndGet(143)) - 1ee6da7b-5867-4bad-ba0d-a2cfd13fd72a: start FollowerState
2019-10-16 11:35:40,619 [Thread-772] INFO  impl.FollowerState (FollowerState.java:run(108)) - 1ee6da7b-5867-4bad-ba0d-a2cfd13fd72a@group-B3673A53AB6F-FollowerState: change to CANDIDATE, lastRpcTime:29ms, electionTimeout:29ms
2019-10-16 11:35:40,619 [Thread-772] INFO  impl.RoleInfo (RoleInfo.java:shutdownFollowerState(121)) - 1ee6da7b-5867-4bad-ba0d-a2cfd13fd72a: shutdown FollowerState
2019-10-16 11:35:40,619 [Thread-772] INFO  impl.RaftServerImpl (RaftServerImpl.java:setRole(184)) - 1ee6da7b-5867-4bad-ba0d-a2cfd13fd72a@group-B3673A53AB6F: changes role from  FOLLOWER to CANDIDATE at term 26 for changeToCandidate
2019-10-16 11:35:40,619 [Thread-772] INFO  impl.RoleInfo (RoleInfo.java:updateAndGet(143)) - 1ee6da7b-5867-4bad-ba0d-a2cfd13fd72a: start LeaderElection
2019-10-16 11:35:40,632 [Thread-769] INFO  impl.FollowerState (FollowerState.java:run(108)) - a3132885-145f-4a8c-85f4-c10eb874732d@group-2077DD483DC7-FollowerState: change to CANDIDATE, lastRpcTime:50ms, electionTimeout:50ms
2019-10-16 11:35:40,632 [Thread-769] INFO  impl.RoleInfo (RoleInfo.java:shutdownFollowerState(121)) - a3132885-145f-4a8c-85f4-c10eb874732d: shutdown FollowerState
2019-10-16 11:35:40,632 [Thread-769] INFO  impl.RaftServerImpl (RaftServerImpl.java:setRole(184)) - a3132885-145f-4a8c-85f4-c10eb874732d@group-2077DD483DC7: changes role from  FOLLOWER to CANDIDATE at term 30 for changeToCandidate
2019-10-16 11:35:40,632 [Thread-769] INFO  impl.RoleInfo (RoleInfo.java:updateAndGet(143)) - a3132885-145f-4a8c-85f4-c10eb874732d: start LeaderElection
2019-10-16 11:35:40,650 [a3132885-145f-4a8c-85f4-c10eb874732d@group-2077DD483DC7-LeaderElection65] INFO  impl.LeaderElection (LeaderElection.java:askForVotes(178)) - a3132885-145f-4a8c-85f4-c10eb874732d@group-2077DD483DC7-LeaderElection65: begin an election at term 31 for -1: [163587bb-2c3b-4498-b576-18147cf38274:192.168.157.203:33208, a3132885-145f-4a8c-85f4-c10eb874732d:192.168.157.203:46766, 70b633f6-b230-4b9f-87f3-510da88f1e08:192.168.157.203:43163], old=null
2019-10-16 11:35:40,650 [1ee6da7b-5867-4bad-ba0d-a2cfd13fd72a@group-B3673A53AB6F-LeaderElection64] INFO  impl.LeaderElection (LeaderElection.java:askForVotes(178)) - 1ee6da7b-5867-4bad-ba0d-a2cfd13fd72a@group-B3673A53AB6F-LeaderElection64: begin an election at term 27 for -1: [f94c755f-9f95-40b5-85b9-5e712f3f34e7:192.168.157.203:45275, 1ee6da7b-5867-4bad-ba0d-a2cfd13fd72a:192.168.157.203:35892, 4281bf39-36db-462c-8bc9-3c86cb645344:192.168.157.203:42381], old=null
2019-10-16 11:35:40,652 [grpc-default-executor-3] INFO  impl.RaftServerImpl (RaftServerImpl.java:setRole(184)) - 4281bf39-36db-462c-8bc9-3c86cb645344@group-B3673A53AB6F: changes role from  FOLLOWER to FOLLOWER at term 27 for recognizeCandidate:1ee6da7b-5867-4bad-ba0d-a2cfd13fd72a
2019-10-16 11:35:40,652 [grpc-default-executor-0] INFO  impl.RaftServerImpl (RaftServerImpl.java:setRole(184)) - 163587bb-2c3b-4498-b576-18147cf38274@group-2077DD483DC7: changes role from  FOLLOWER to FOLLOWER at term 31 for recognizeCandidate:a3132885-145f-4a8c-85f4-c10eb874732d
2019-10-16 11:35:40,652 [grpc-default-executor-3] INFO  impl.RoleInfo (RoleInfo.java:shutdownFollowerState(121)) - 4281bf39-36db-462c-8bc9-3c86cb645344: shutdown FollowerState
2019-10-16 11:35:40,652 [grpc-default-executor-0] INFO  impl.RoleInfo (RoleInfo.java:shutdownFollowerState(121)) - 163587bb-2c3b-4498-b576-18147cf38274: shutdown FollowerState
2019-10-16 11:35:40,652 [Thread-770] INFO  impl.FollowerState (FollowerState.java:run(117)) - 4281bf39-36db-462c-8bc9-3c86cb645344@group-B3673A53AB6F-FollowerState was interrupted: java.lang.InterruptedException: sleep interrupted
2019-10-16 11:35:40,652 [grpc-default-executor-4] INFO  impl.RaftServerImpl (RaftServerImpl.java:setRole(184)) - f94c755f-9f95-40b5-85b9-5e712f3f34e7@group-B3673A53AB6F: changes role from  FOLLOWER to FOLLOWER at term 27 for recognizeCandidate:1ee6da7b-5867-4bad-ba0d-a2cfd13fd72a
2019-10-16 11:35:40,653 [grpc-default-executor-1] INFO  impl.RaftServerImpl (RaftServerImpl.java:setRole(184)) - 70b633f6-b230-4b9f-87f3-510da88f1e08@group-2077DD483DC7: changes role from  FOLLOWER to FOLLOWER at term 31 for recognizeCandidate:a3132885-145f-4a8c-85f4-c10eb874732d
2019-10-16 11:35:40,652 [grpc-default-executor-3] INFO  impl.RoleInfo (RoleInfo.java:updateAndGet(143)) - 4281bf39-36db-462c-8bc9-3c86cb645344: start FollowerState
2019-10-16 11:35:40,653 [grpc-default-executor-1] INFO  impl.RoleInfo (RoleInfo.java:shutdownFollowerState(121)) - 70b633f6-b230-4b9f-87f3-510da88f1e08: shutdown FollowerState
2019-10-16 11:35:40,653 [grpc-default-executor-4] INFO  impl.RoleInfo (RoleInfo.java:shutdownFollowerState(121)) - f94c755f-9f95-40b5-85b9-5e712f3f34e7: shutdown FollowerState
2019-10-16 11:35:40,653 [Thread-766] INFO  impl.FollowerState (FollowerState.java:run(117)) - 163587bb-2c3b-4498-b576-18147cf38274@group-2077DD483DC7-FollowerState was interrupted: java.lang.InterruptedException: sleep interrupted
2019-10-16 11:35:40,653 [grpc-default-executor-0] INFO  impl.RoleInfo (RoleInfo.java:updateAndGet(143)) - 163587bb-2c3b-4498-b576-18147cf38274: start FollowerState
2019-10-16 11:35:40,653 [Thread-771] INFO  impl.FollowerState (FollowerState.java:run(117)) - f94c755f-9f95-40b5-85b9-5e712f3f34e7@group-B3673A53AB6F-FollowerState was interrupted: java.lang.InterruptedException: sleep interrupted
2019-10-16 11:35:40,653 [grpc-default-executor-4] INFO  impl.RoleInfo (RoleInfo.java:updateAndGet(143)) - f94c755f-9f95-40b5-85b9-5e712f3f34e7: start FollowerState
2019-10-16 11:35:40,653 [Thread-764] INFO  impl.FollowerState (FollowerState.java:run(117)) - 70b633f6-b230-4b9f-87f3-510da88f1e08@group-2077DD483DC7-FollowerState was interrupted: java.lang.InterruptedException: sleep interrupted
2019-10-16 11:35:40,653 [grpc-default-executor-1] INFO  impl.RoleInfo (RoleInfo.java:updateAndGet(143)) - 70b633f6-b230-4b9f-87f3-510da88f1e08: start FollowerState
2019-10-16 11:35:40,686 [a3132885-145f-4a8c-85f4-c10eb874732d@group-2077DD483DC7-LeaderElection65] INFO  impl.LeaderElection (LeaderElection.java:logAndReturn(56)) - a3132885-145f-4a8c-85f4-c10eb874732d@group-2077DD483DC7-LeaderElection65: Election REJECTED; received 2 response(s) [a3132885-145f-4a8c-85f4-c10eb874732d<-163587bb-2c3b-4498-b576-18147cf38274#0:FAIL-t31, a3132885-145f-4a8c-85f4-c10eb874732d<-70b633f6-b230-4b9f-87f3-510da88f1e08#0:FAIL-t31] and 0 exception(s); a3132885-145f-4a8c-85f4-c10eb874732d@group-2077DD483DC7:t31, leader=null, voted=a3132885-145f-4a8c-85f4-c10eb874732d, raftlog=a3132885-145f-4a8c-85f4-c10eb874732d@group-2077DD483DC7-SegmentedRaftLog:OPENED:c-1,f-1,i0, conf=-1: [163587bb-2c3b-4498-b576-18147cf38274:192.168.157.203:33208, a3132885-145f-4a8c-85f4-c10eb874732d:192.168.157.203:46766, 70b633f6-b230-4b9f-87f3-510da88f1e08:192.168.157.203:43163], old=null
2019-10-16 11:35:40,686 [a3132885-145f-4a8c-85f4-c10eb874732d@group-2077DD483DC7-LeaderElection65] INFO  impl.RaftServerImpl (RaftServerImpl.java:setRole(184)) - a3132885-145f-4a8c-85f4-c10eb874732d@group-2077DD483DC7: changes role from CANDIDATE to FOLLOWER at term 31 for DISCOVERED_A_NEW_TERM
2019-10-16 11:35:40,686 [a3132885-145f-4a8c-85f4-c10eb874732d@group-2077DD483DC7-LeaderElection65] INFO  impl.RoleInfo (RoleInfo.java:shutdownLeaderElection(134)) - a3132885-145f-4a8c-85f4-c10eb874732d: shutdown LeaderElection
2019-10-16 11:35:40,686 [a3132885-145f-4a8c-85f4-c10eb874732d@group-2077DD483DC7-LeaderElection65] INFO  impl.RoleInfo (RoleInfo.java:updateAndGet(143)) - a3132885-145f-4a8c-85f4-c10eb874732d: start FollowerState
2019-10-16 11:35:40,686 [1ee6da7b-5867-4bad-ba0d-a2cfd13fd72a@group-B3673A53AB6F-LeaderElection64] INFO  impl.LeaderElection (LeaderElection.java:logAndReturn(56)) - 1ee6da7b-5867-4bad-ba0d-a2cfd13fd72a@group-B3673A53AB6F-LeaderElection64: Election REJECTED; received 2 response(s) [1ee6da7b-5867-4bad-ba0d-a2cfd13fd72a<-f94c755f-9f95-40b5-85b9-5e712f3f34e7#0:FAIL-t27, 1ee6da7b-5867-4bad-ba0d-a2cfd13fd72a<-4281bf39-36db-462c-8bc9-3c86cb645344#0:FAIL-t27] and 0 exception(s); 1ee6da7b-5867-4bad-ba0d-a2cfd13fd72a@group-B3673A53AB6F:t27, leader=null, voted=1ee6da7b-5867-4bad-ba0d-a2cfd13fd72a, raftlog=1ee6da7b-5867-4bad-ba0d-a2cfd13fd72a@group-B3673A53AB6F-SegmentedRaftLog:OPENED:c-1,f-1,i0, conf=-1: [f94c755f-9f95-40b5-85b9-5e712f3f34e7:192.168.157.203:45275, 1ee6da7b-5867-4bad-ba0d-a2cfd13fd72a:192.168.157.203:35892, 4281bf39-36db-462c-8bc9-3c86cb645344:192.168.157.203:42381], old=null
2019-10-16 11:35:40,687 [1ee6da7b-5867-4bad-ba0d-a2cfd13fd72a@group-B3673A53AB6F-LeaderElection64] INFO  impl.RaftServerImpl (RaftServerImpl.java:setRole(184)) - 1ee6da7b-5867-4bad-ba0d-a2cfd13fd72a@group-B3673A53AB6F: changes role from CANDIDATE to FOLLOWER at term 27 for DISCOVERED_A_NEW_TERM
2019-10-16 11:35:40,687 [1ee6da7b-5867-4bad-ba0d-a2cfd13fd72a@group-B3673A53AB6F-LeaderElection64] INFO  impl.RoleInfo (RoleInfo.java:shutdownLeaderElection(134)) - 1ee6da7b-5867-4bad-ba0d-a2cfd13fd72a: shutdown LeaderElection
2019-10-16 11:35:40,687 [1ee6da7b-5867-4bad-ba0d-a2cfd13fd72a@group-B3673A53AB6F-LeaderElection64] INFO  impl.RoleInfo (RoleInfo.java:updateAndGet(143)) - 1ee6da7b-5867-4bad-ba0d-a2cfd13fd72a: start FollowerState
2019-10-16 11:35:40,732 [Thread-783] INFO  impl.FollowerState (FollowerState.java:run(108)) - a3132885-145f-4a8c-85f4-c10eb874732d@group-2077DD483DC7-FollowerState: change to CANDIDATE, lastRpcTime:45ms, electionTimeout:45ms
2019-10-16 11:35:40,732 [Thread-783] INFO  impl.RoleInfo (RoleInfo.java:shutdownFollowerState(121)) - a3132885-145f-4a8c-85f4-c10eb874732d: shutdown FollowerState
2019-10-16 11:35:40,732 [Thread-783] INFO  impl.RaftServerImpl (RaftServerImpl.java:setRole(184)) - a3132885-145f-4a8c-85f4-c10eb874732d@group-2077DD483DC7: changes role from  FOLLOWER to CANDIDATE at term 31 for changeToCandidate
2019-10-16 11:35:40,732 [Thread-783] INFO  impl.RoleInfo (RoleInfo.java:updateAndGet(143)) - a3132885-145f-4a8c-85f4-c10eb874732d: start LeaderElection
2019-10-16 11:35:40,744 [a3132885-145f-4a8c-85f4-c10eb874732d@group-2077DD483DC7-LeaderElection66] INFO  impl.LeaderElection (LeaderElection.java:askForVotes(178)) - a3132885-145f-4a8c-85f4-c10eb874732d@group-2077DD483DC7-LeaderElection66: begin an election at term 32 for -1: [163587bb-2c3b-4498-b576-18147cf38274:192.168.157.203:33208, a3132885-145f-4a8c-85f4-c10eb874732d:192.168.157.203:46766, 70b633f6-b230-4b9f-87f3-510da88f1e08:192.168.157.203:43163], old=null
2019-10-16 11:35:40,746 [grpc-default-executor-4] INFO  impl.RaftServerImpl (RaftServerImpl.java:setRole(184)) - 70b633f6-b230-4b9f-87f3-510da88f1e08@group-2077DD483DC7: changes role from  FOLLOWER to FOLLOWER at term 32 for recognizeCandidate:a3132885-145f-4a8c-85f4-c10eb874732d
2019-10-16 11:35:40,747 [grpc-default-executor-4] INFO  impl.RoleInfo (RoleInfo.java:shutdownFollowerState(121)) - 70b633f6-b230-4b9f-87f3-510da88f1e08: shutdown FollowerState
2019-10-16 11:35:40,747 [grpc-default-executor-0] INFO  impl.RaftServerImpl (RaftServerImpl.java:setRole(184)) - 163587bb-2c3b-4498-b576-18147cf38274@group-2077DD483DC7: changes role from  FOLLOWER to FOLLOWER at term 32 for recognizeCandidate:a3132885-145f-4a8c-85f4-c10eb874732d
2019-10-16 11:35:40,747 [Thread-781] INFO  impl.FollowerState (FollowerState.java:run(117)) - 70b633f6-b230-4b9f-87f3-510da88f1e08@group-2077DD483DC7-FollowerState was interrupted: java.lang.InterruptedException: sleep interrupted
2019-10-16 11:35:40,747 [grpc-default-executor-4] INFO  impl.RoleInfo (RoleInfo.java:updateAndGet(143)) - 70b633f6-b230-4b9f-87f3-510da88f1e08: start FollowerState
2019-10-16 11:35:40,747 [grpc-default-executor-0] INFO  impl.RoleInfo (RoleInfo.java:shutdownFollowerState(121)) - 163587bb-2c3b-4498-b576-18147cf38274: shutdown FollowerState
2019-10-16 11:35:40,747 [grpc-default-executor-0] INFO  impl.RoleInfo (RoleInfo.java:updateAndGet(143)) - 163587bb-2c3b-4498-b576-18147cf38274: start FollowerState
2019-10-16 11:35:40,747 [Thread-780] INFO  impl.FollowerState (FollowerState.java:run(117)) - 163587bb-2c3b-4498-b576-18147cf38274@group-2077DD483DC7-FollowerState was interrupted: java.lang.InterruptedException: sleep interrupted
2019-10-16 11:35:40,754 [a3132885-145f-4a8c-85f4-c10eb874732d@group-2077DD483DC7-LeaderElection66] INFO  impl.LeaderElection (LeaderElection.java:logAndReturn(56)) - a3132885-145f-4a8c-85f4-c10eb874732d@group-2077DD483DC7-LeaderElection66: Election REJECTED; received 2 response(s) [a3132885-145f-4a8c-85f4-c10eb874732d<-163587bb-2c3b-4498-b576-18147cf38274#0:FAIL-t32, a3132885-145f-4a8c-85f4-c10eb874732d<-70b633f6-b230-4b9f-87f3-510da88f1e08#0:FAIL-t32] and 0 exception(s); a3132885-145f-4a8c-85f4-c10eb874732d@group-2077DD483DC7:t32, leader=null, voted=a3132885-145f-4a8c-85f4-c10eb874732d, raftlog=a3132885-145f-4a8c-85f4-c10eb874732d@group-2077DD483DC7-SegmentedRaftLog:OPENED:c-1,f-1,i0, conf=-1: [163587bb-2c3b-4498-b576-18147cf38274:192.168.157.203:33208, a3132885-145f-4a8c-85f4-c10eb874732d:192.168.157.203:46766, 70b633f6-b230-4b9f-87f3-510da88f1e08:192.168.157.203:43163], old=null
2019-10-16 11:35:40,754 [a3132885-145f-4a8c-85f4-c10eb874732d@group-2077DD483DC7-LeaderElection66] INFO  impl.RaftServerImpl (RaftServerImpl.java:setRole(184)) - a3132885-145f-4a8c-85f4-c10eb874732d@group-2077DD483DC7: changes role from CANDIDATE to FOLLOWER at term 32 for DISCOVERED_A_NEW_TERM
2019-10-16 11:35:40,754 [a3132885-145f-4a8c-85f4-c10eb874732d@group-2077DD483DC7-LeaderElection66] INFO  impl.RoleInfo (RoleInfo.java:shutdownLeaderElection(134)) - a3132885-145f-4a8c-85f4-c10eb874732d: shutdown LeaderElection
2019-10-16 11:35:40,754 [a3132885-145f-4a8c-85f4-c10eb874732d@group-2077DD483DC7-LeaderElection66] INFO  impl.RoleInfo (RoleInfo.java:updateAndGet(143)) - a3132885-145f-4a8c-85f4-c10eb874732d: start FollowerState
2019-10-16 11:35:40,874 [Thread-784] INFO  impl.FollowerState (FollowerState.java:run(108)) - 1ee6da7b-5867-4bad-ba0d-a2cfd13fd72a@group-B3673A53AB6F-FollowerState: change to CANDIDATE, lastRpcTime:187ms, electionTimeout:187ms
2019-10-16 11:35:40,875 [Thread-784] INFO  impl.RoleInfo (RoleInfo.java:shutdownFollowerState(121)) - 1ee6da7b-5867-4bad-ba0d-a2cfd13fd72a: shutdown FollowerState
2019-10-16 11:35:40,875 [Thread-784] INFO  impl.RaftServerImpl (RaftServerImpl.java:setRole(184)) - 1ee6da7b-5867-4bad-ba0d-a2cfd13fd72a@group-B3673A53AB6F: changes role from  FOLLOWER to CANDIDATE at term 27 for changeToCandidate
2019-10-16 11:35:40,875 [Thread-784] INFO  impl.RoleInfo (RoleInfo.java:updateAndGet(143)) - 1ee6da7b-5867-4bad-ba0d-a2cfd13fd72a: start LeaderElection
2019-10-16 11:35:40,885 [1ee6da7b-5867-4bad-ba0d-a2cfd13fd72a@group-B3673A53AB6F-LeaderElection67] INFO  impl.LeaderElection (LeaderElection.java:askForVotes(178)) - 1ee6da7b-5867-4bad-ba0d-a2cfd13fd72a@group-B3673A53AB6F-LeaderElection67: begin an election at term 28 for -1: [f94c755f-9f95-40b5-85b9-5e712f3f34e7:192.168.157.203:45275, 1ee6da7b-5867-4bad-ba0d-a2cfd13fd72a:192.168.157.203:35892, 4281bf39-36db-462c-8bc9-3c86cb645344:192.168.157.203:42381], old=null
2019-10-16 11:35:40,888 [grpc-default-executor-0] INFO  impl.RaftServerImpl (RaftServerImpl.java:setRole(184)) - f94c755f-9f95-40b5-85b9-5e712f3f34e7@group-B3673A53AB6F: changes role from  FOLLOWER to FOLLOWER at term 28 for recognizeCandidate:1ee6da7b-5867-4bad-ba0d-a2cfd13fd72a
2019-10-16 11:35:40,888 [grpc-default-executor-0] INFO  impl.RoleInfo (RoleInfo.java:shutdownFollowerState(121)) - f94c755f-9f95-40b5-85b9-5e712f3f34e7: shutdown FollowerState
2019-10-16 11:35:40,888 [grpc-default-executor-0] INFO  impl.RoleInfo (RoleInfo.java:updateAndGet(143)) - f94c755f-9f95-40b5-85b9-5e712f3f34e7: start FollowerState
2019-10-16 11:35:40,888 [Thread-782] INFO  impl.FollowerState (FollowerState.java:run(117)) - f94c755f-9f95-40b5-85b9-5e712f3f34e7@group-B3673A53AB6F-FollowerState was interrupted: java.lang.InterruptedException: sleep interrupted
2019-10-16 11:35:40,889 [grpc-default-executor-4] INFO  impl.RaftServerImpl (RaftServerImpl.java:setRole(184)) - 4281bf39-36db-462c-8bc9-3c86cb645344@group-B3673A53AB6F: changes role from  FOLLOWER to FOLLOWER at term 28 for recognizeCandidate:1ee6da7b-5867-4bad-ba0d-a2cfd13fd72a
2019-10-16 11:35:40,889 [grpc-default-executor-4] INFO  impl.RoleInfo (RoleInfo.java:shutdownFollowerState(121)) - 4281bf39-36db-462c-8bc9-3c86cb645344: shutdown FollowerState
2019-10-16 11:35:40,889 [grpc-default-executor-4] INFO  impl.RoleInfo (RoleInfo.java:updateAndGet(143)) - 4281bf39-36db-462c-8bc9-3c86cb645344: start FollowerState
2019-10-16 11:35:40,889 [Thread-779] INFO  impl.FollowerState (FollowerState.java:run(117)) - 4281bf39-36db-462c-8bc9-3c86cb645344@group-B3673A53AB6F-FollowerState was interrupted: java.lang.InterruptedException: sleep interrupted
2019-10-16 11:35:40,903 [1ee6da7b-5867-4bad-ba0d-a2cfd13fd72a@group-B3673A53AB6F-LeaderElection67] INFO  impl.LeaderElection (LeaderElection.java:logAndReturn(56)) - 1ee6da7b-5867-4bad-ba0d-a2cfd13fd72a@group-B3673A53AB6F-LeaderElection67: Election REJECTED; received 2 response(s) [1ee6da7b-5867-4bad-ba0d-a2cfd13fd72a<-f94c755f-9f95-40b5-85b9-5e712f3f34e7#0:FAIL-t28, 1ee6da7b-5867-4bad-ba0d-a2cfd13fd72a<-4281bf39-36db-462c-8bc9-3c86cb645344#0:FAIL-t28] and 0 exception(s); 1ee6da7b-5867-4bad-ba0d-a2cfd13fd72a@group-B3673A53AB6F:t28, leader=null, voted=1ee6da7b-5867-4bad-ba0d-a2cfd13fd72a, raftlog=1ee6da7b-5867-4bad-ba0d-a2cfd13fd72a@group-B3673A53AB6F-SegmentedRaftLog:OPENED:c-1,f-1,i0, conf=-1: [f94c755f-9f95-40b5-85b9-5e712f3f34e7:192.168.157.203:45275, 1ee6da7b-5867-4bad-ba0d-a2cfd13fd72a:192.168.157.203:35892, 4281bf39-36db-462c-8bc9-3c86cb645344:192.168.157.203:42381], old=null
2019-10-16 11:35:40,903 [1ee6da7b-5867-4bad-ba0d-a2cfd13fd72a@group-B3673A53AB6F-LeaderElection67] INFO  impl.RaftServerImpl (RaftServerImpl.java:setRole(184)) - 1ee6da7b-5867-4bad-ba0d-a2cfd13fd72a@group-B3673A53AB6F: changes role from CANDIDATE to FOLLOWER at term 28 for DISCOVERED_A_NEW_TERM
2019-10-16 11:35:40,903 [1ee6da7b-5867-4bad-ba0d-a2cfd13fd72a@group-B3673A53AB6F-LeaderElection67] INFO  impl.RoleInfo (RoleInfo.java:shutdownLeaderElection(134)) - 1ee6da7b-5867-4bad-ba0d-a2cfd13fd72a: shutdown LeaderElection
2019-10-16 11:35:40,903 [1ee6da7b-5867-4bad-ba0d-a2cfd13fd72a@group-B3673A53AB6F-LeaderElection67] INFO  impl.RoleInfo (RoleInfo.java:updateAndGet(143)) - 1ee6da7b-5867-4bad-ba0d-a2cfd13fd72a: start FollowerState
2019-10-16 11:35:40,953 [Thread-790] INFO  impl.FollowerState (FollowerState.java:run(108)) - a3132885-145f-4a8c-85f4-c10eb874732d@group-2077DD483DC7-FollowerState: change to CANDIDATE, lastRpcTime:198ms, electionTimeout:198ms
2019-10-16 11:35:40,953 [Thread-790] INFO  impl.RoleInfo (RoleInfo.java:shutdownFollowerState(121)) - a3132885-145f-4a8c-85f4-c10eb874732d: shutdown FollowerState
2019-10-16 11:35:40,953 [Thread-790] INFO  impl.RaftServerImpl (RaftServerImpl.java:setRole(184)) - a3132885-145f-4a8c-85f4-c10eb874732d@group-2077DD483DC7: changes role from  FOLLOWER to CANDIDATE at term 32 for changeToCandidate
2019-10-16 11:35:40,953 [Thread-790] INFO  impl.RoleInfo (RoleInfo.java:updateAndGet(143)) - a3132885-145f-4a8c-85f4-c10eb874732d: start LeaderElection
2019-10-16 11:35:40,957 [a3132885-145f-4a8c-85f4-c10eb874732d@group-2077DD483DC7-LeaderElection68] INFO  impl.LeaderElection (LeaderElection.java:askForVotes(178)) - a3132885-145f-4a8c-85f4-c10eb874732d@group-2077DD483DC7-LeaderElection68: begin an election at term 33 for -1: [163587bb-2c3b-4498-b576-18147cf38274:192.168.157.203:33208, a3132885-145f-4a8c-85f4-c10eb874732d:192.168.157.203:46766, 70b633f6-b230-4b9f-87f3-510da88f1e08:192.168.157.203:43163], old=null
2019-10-16 11:35:40,959 [grpc-default-executor-0] INFO  impl.RaftServerImpl (RaftServerImpl.java:setRole(184)) - 163587bb-2c3b-4498-b576-18147cf38274@group-2077DD483DC7: changes role from  FOLLOWER to FOLLOWER at term 33 for recognizeCandidate:a3132885-145f-4a8c-85f4-c10eb874732d
2019-10-16 11:35:40,959 [grpc-default-executor-4] INFO  impl.RaftServerImpl (RaftServerImpl.java:setRole(184)) - 70b633f6-b230-4b9f-87f3-510da88f1e08@group-2077DD483DC7: changes role from  FOLLOWER to FOLLOWER at term 33 for recognizeCandidate:a3132885-145f-4a8c-85f4-c10eb874732d
2019-10-16 11:35:40,960 [grpc-default-executor-0] INFO  impl.RoleInfo (RoleInfo.java:shutdownFollowerState(121)) - 163587bb-2c3b-4498-b576-18147cf38274: shutdown FollowerState
2019-10-16 11:35:40,960 [grpc-default-executor-4] INFO  impl.RoleInfo (RoleInfo.java:shutdownFollowerState(121)) - 70b633f6-b230-4b9f-87f3-510da88f1e08: shutdown FollowerState
2019-10-16 11:35:40,960 [Thread-789] INFO  impl.FollowerState (FollowerState.java:run(117)) - 163587bb-2c3b-4498-b576-18147cf38274@group-2077DD483DC7-FollowerState was interrupted: java.lang.InterruptedException: sleep interrupted
2019-10-16 11:35:40,960 [grpc-default-executor-0] INFO  impl.RoleInfo (RoleInfo.java:updateAndGet(143)) - 163587bb-2c3b-4498-b576-18147cf38274: start FollowerState
2019-10-16 11:35:40,960 [Thread-788] INFO  impl.FollowerState (FollowerState.java:run(117)) - 70b633f6-b230-4b9f-87f3-510da88f1e08@group-2077DD483DC7-FollowerState was interrupted: java.lang.InterruptedException: sleep interrupted
2019-10-16 11:35:40,960 [grpc-default-executor-4] INFO  impl.RoleInfo (RoleInfo.java:updateAndGet(143)) - 70b633f6-b230-4b9f-87f3-510da88f1e08: start FollowerState
2019-10-16 11:35:40,996 [a3132885-145f-4a8c-85f4-c10eb874732d@group-2077DD483DC7-LeaderElection68] INFO  impl.LeaderElection (LeaderElection.java:logAndReturn(56)) - a3132885-145f-4a8c-85f4-c10eb874732d@group-2077DD483DC7-LeaderElection68: Election REJECTED; received 2 response(s) [a3132885-145f-4a8c-85f4-c10eb874732d<-163587bb-2c3b-4498-b576-18147cf38274#0:FAIL-t33, a3132885-145f-4a8c-85f4-c10eb874732d<-70b633f6-b230-4b9f-87f3-510da88f1e08#0:FAIL-t33] and 0 exception(s); a3132885-145f-4a8c-85f4-c10eb874732d@group-2077DD483DC7:t33, leader=null, voted=a3132885-145f-4a8c-85f4-c10eb874732d, raftlog=a3132885-145f-4a8c-85f4-c10eb874732d@group-2077DD483DC7-SegmentedRaftLog:OPENED:c-1,f-1,i0, conf=-1: [163587bb-2c3b-4498-b576-18147cf38274:192.168.157.203:33208, a3132885-145f-4a8c-85f4-c10eb874732d:192.168.157.203:46766, 70b633f6-b230-4b9f-87f3-510da88f1e08:192.168.157.203:43163], old=null
2019-10-16 11:35:40,996 [a3132885-145f-4a8c-85f4-c10eb874732d@group-2077DD483DC7-LeaderElection68] INFO  impl.RaftServerImpl (RaftServerImpl.java:setRole(184)) - a3132885-145f-4a8c-85f4-c10eb874732d@group-2077DD483DC7: changes role from CANDIDATE to FOLLOWER at term 33 for DISCOVERED_A_NEW_TERM
2019-10-16 11:35:40,996 [a3132885-145f-4a8c-85f4-c10eb874732d@group-2077DD483DC7-LeaderElection68] INFO  impl.RoleInfo (RoleInfo.java:shutdownLeaderElection(134)) - a3132885-145f-4a8c-85f4-c10eb874732d: shutdown LeaderElection
2019-10-16 11:35:40,996 [a3132885-145f-4a8c-85f4-c10eb874732d@group-2077DD483DC7-LeaderElection68] INFO  impl.RoleInfo (RoleInfo.java:updateAndGet(143)) - a3132885-145f-4a8c-85f4-c10eb874732d: start FollowerState
2019-10-16 11:35:41,053 [Thread-798] INFO  impl.FollowerState (FollowerState.java:run(108)) - 1ee6da7b-5867-4bad-ba0d-a2cfd13fd72a@group-B3673A53AB6F-FollowerState: change to CANDIDATE, lastRpcTime:150ms, electionTimeout:150ms
2019-10-16 11:35:41,054 [Thread-798] INFO  impl.RoleInfo (RoleInfo.java:shutdownFollowerState(121)) - 1ee6da7b-5867-4bad-ba0d-a2cfd13fd72a: shutdown FollowerState
2019-10-16 11:35:41,054 [Thread-798] INFO  impl.RaftServerImpl (RaftServerImpl.java:setRole(184)) - 1ee6da7b-5867-4bad-ba0d-a2cfd13fd72a@group-B3673A53AB6F: changes role from  FOLLOWER to CANDIDATE at term 28 for changeToCandidate
2019-10-16 11:35:41,054 [Thread-798] INFO  impl.RoleInfo (RoleInfo.java:updateAndGet(143)) - 1ee6da7b-5867-4bad-ba0d-a2cfd13fd72a: start LeaderElection
2019-10-16 11:35:41,058 [1ee6da7b-5867-4bad-ba0d-a2cfd13fd72a@group-B3673A53AB6F-LeaderElection69] INFO  impl.LeaderElection (LeaderElection.java:askForVotes(178)) - 1ee6da7b-5867-4bad-ba0d-a2cfd13fd72a@group-B3673A53AB6F-LeaderElection69: begin an election at term 29 for -1: [f94c755f-9f95-40b5-85b9-5e712f3f34e7:192.168.157.203:45275, 1ee6da7b-5867-4bad-ba0d-a2cfd13fd72a:192.168.157.203:35892, 4281bf39-36db-462c-8bc9-3c86cb645344:192.168.157.203:42381], old=null
2019-10-16 11:35:41,060 [grpc-default-executor-4] INFO  impl.RaftServerImpl (RaftServerImpl.java:setRole(184)) - f94c755f-9f95-40b5-85b9-5e712f3f34e7@group-B3673A53AB6F: changes role from  FOLLOWER to FOLLOWER at term 29 for recognizeCandidate:1ee6da7b-5867-4bad-ba0d-a2cfd13fd72a
2019-10-16 11:35:41,060 [grpc-default-executor-4] INFO  impl.RoleInfo (RoleInfo.java:shutdownFollowerState(121)) - f94c755f-9f95-40b5-85b9-5e712f3f34e7: shutdown FollowerState
2019-10-16 11:35:41,060 [grpc-default-executor-0] INFO  impl.RaftServerImpl (RaftServerImpl.java:setRole(184)) - 4281bf39-36db-462c-8bc9-3c86cb645344@group-B3673A53AB6F: changes role from  FOLLOWER to FOLLOWER at term 29 for recognizeCandidate:1ee6da7b-5867-4bad-ba0d-a2cfd13fd72a
2019-10-16 11:35:41,060 [Thread-796] INFO  impl.FollowerState (FollowerState.java:run(117)) - f94c755f-9f95-40b5-85b9-5e712f3f34e7@group-B3673A53AB6F-FollowerState was interrupted: java.lang.InterruptedException: sleep interrupted
2019-10-16 11:35:41,060 [grpc-default-executor-4] INFO  impl.RoleInfo (RoleInfo.java:updateAndGet(143)) - f94c755f-9f95-40b5-85b9-5e712f3f34e7: start FollowerState
2019-10-16 11:35:41,060 [grpc-default-executor-0] INFO  impl.RoleInfo (RoleInfo.java:shutdownFollowerState(121)) - 4281bf39-36db-462c-8bc9-3c86cb645344: shutdown FollowerState
2019-10-16 11:35:41,060 [grpc-default-executor-0] INFO  impl.RoleInfo (RoleInfo.java:updateAndGet(143)) - 4281bf39-36db-462c-8bc9-3c86cb645344: start FollowerState
2019-10-16 11:35:41,060 [Thread-797] INFO  impl.FollowerState (FollowerState.java:run(117)) - 4281bf39-36db-462c-8bc9-3c86cb645344@group-B3673A53AB6F-FollowerState was interrupted: java.lang.InterruptedException: sleep interrupted
2019-10-16 11:35:41,080 [Thread-804] INFO  impl.FollowerState (FollowerState.java:run(108)) - a3132885-145f-4a8c-85f4-c10eb874732d@group-2077DD483DC7-FollowerState: change to CANDIDATE, lastRpcTime:84ms, electionTimeout:84ms
2019-10-16 11:35:41,081 [Thread-804] INFO  impl.RoleInfo (RoleInfo.java:shutdownFollowerState(121)) - a3132885-145f-4a8c-85f4-c10eb874732d: shutdown FollowerState
2019-10-16 11:35:41,081 [Thread-804] INFO  impl.RaftServerImpl (RaftServerImpl.java:setRole(184)) - a3132885-145f-4a8c-85f4-c10eb874732d@group-2077DD483DC7: changes role from  FOLLOWER to CANDIDATE at term 33 for changeToCandidate
2019-10-16 11:35:41,081 [Thread-804] INFO  impl.RoleInfo (RoleInfo.java:updateAndGet(143)) - a3132885-145f-4a8c-85f4-c10eb874732d: start LeaderElection
2019-10-16 11:35:41,090 [a3132885-145f-4a8c-85f4-c10eb874732d@group-2077DD483DC7-LeaderElection70] INFO  impl.LeaderElection (LeaderElection.java:askForVotes(178)) - a3132885-145f-4a8c-85f4-c10eb874732d@group-2077DD483DC7-LeaderElection70: begin an election at term 34 for -1: [163587bb-2c3b-4498-b576-18147cf38274:192.168.157.203:33208, a3132885-145f-4a8c-85f4-c10eb874732d:192.168.157.203:46766, 70b633f6-b230-4b9f-87f3-510da88f1e08:192.168.157.203:43163], old=null
2019-10-16 11:35:41,091 [1ee6da7b-5867-4bad-ba0d-a2cfd13fd72a@group-B3673A53AB6F-LeaderElection69] INFO  impl.LeaderElection (LeaderElection.java:logAndReturn(56)) - 1ee6da7b-5867-4bad-ba0d-a2cfd13fd72a@group-B3673A53AB6F-LeaderElection69: Election REJECTED; received 2 response(s) [1ee6da7b-5867-4bad-ba0d-a2cfd13fd72a<-f94c755f-9f95-40b5-85b9-5e712f3f34e7#0:FAIL-t29, 1ee6da7b-5867-4bad-ba0d-a2cfd13fd72a<-4281bf39-36db-462c-8bc9-3c86cb645344#0:FAIL-t29] and 0 exception(s); 1ee6da7b-5867-4bad-ba0d-a2cfd13fd72a@group-B3673A53AB6F:t29, leader=null, voted=1ee6da7b-5867-4bad-ba0d-a2cfd13fd72a, raftlog=1ee6da7b-5867-4bad-ba0d-a2cfd13fd72a@group-B3673A53AB6F-SegmentedRaftLog:OPENED:c-1,f-1,i0, conf=-1: [f94c755f-9f95-40b5-85b9-5e712f3f34e7:192.168.157.203:45275, 1ee6da7b-5867-4bad-ba0d-a2cfd13fd72a:192.168.157.203:35892, 4281bf39-36db-462c-8bc9-3c86cb645344:192.168.157.203:42381], old=null
2019-10-16 11:35:41,091 [1ee6da7b-5867-4bad-ba0d-a2cfd13fd72a@group-B3673A53AB6F-LeaderElection69] INFO  impl.RaftServerImpl (RaftServerImpl.java:setRole(184)) - 1ee6da7b-5867-4bad-ba0d-a2cfd13fd72a@group-B3673A53AB6F: changes role from CANDIDATE to FOLLOWER at term 29 for DISCOVERED_A_NEW_TERM
2019-10-16 11:35:41,092 [1ee6da7b-5867-4bad-ba0d-a2cfd13fd72a@group-B3673A53AB6F-LeaderElection69] INFO  impl.RoleInfo (RoleInfo.java:shutdownLeaderElection(134)) - 1ee6da7b-5867-4bad-ba0d-a2cfd13fd72a: shutdown LeaderElection
2019-10-16 11:35:41,092 [1ee6da7b-5867-4bad-ba0d-a2cfd13fd72a@group-B3673A53AB6F-LeaderElection69] INFO  impl.RoleInfo (RoleInfo.java:updateAndGet(143)) - 1ee6da7b-5867-4bad-ba0d-a2cfd13fd72a: start FollowerState
2019-10-16 11:35:41,092 [grpc-default-executor-0] INFO  impl.RaftServerImpl (RaftServerImpl.java:setRole(184)) - 163587bb-2c3b-4498-b576-18147cf38274@group-2077DD483DC7: changes role from  FOLLOWER to FOLLOWER at term 34 for recognizeCandidate:a3132885-145f-4a8c-85f4-c10eb874732d
2019-10-16 11:35:41,092 [grpc-default-executor-4] INFO  impl.RaftServerImpl (RaftServerImpl.java:setRole(184)) - 70b633f6-b230-4b9f-87f3-510da88f1e08@group-2077DD483DC7: changes role from  FOLLOWER to FOLLOWER at term 34 for recognizeCandidate:a3132885-145f-4a8c-85f4-c10eb874732d
2019-10-16 11:35:41,092 [grpc-default-executor-0] INFO  impl.RoleInfo (RoleInfo.java:shutdownFollowerState(121)) - 163587bb-2c3b-4498-b576-18147cf38274: shutdown FollowerState
2019-10-16 11:35:41,092 [grpc-default-executor-4] INFO  impl.RoleInfo (RoleInfo.java:shutdownFollowerState(121)) - 70b633f6-b230-4b9f-87f3-510da88f1e08: shutdown FollowerState
2019-10-16 11:35:41,093 [Thread-802] INFO  impl.FollowerState (FollowerState.java:run(117)) - 163587bb-2c3b-4498-b576-18147cf38274@group-2077DD483DC7-FollowerState was interrupted: java.lang.InterruptedException: sleep interrupted
2019-10-16 11:35:41,093 [grpc-default-executor-0] INFO  impl.RoleInfo (RoleInfo.java:updateAndGet(143)) - 163587bb-2c3b-4498-b576-18147cf38274: start FollowerState
2019-10-16 11:35:41,093 [Thread-803] INFO  impl.FollowerState (FollowerState.java:run(117)) - 70b633f6-b230-4b9f-87f3-510da88f1e08@group-2077DD483DC7-FollowerState was interrupted: java.lang.InterruptedException: sleep interrupted
2019-10-16 11:35:41,093 [grpc-default-executor-4] INFO  impl.RoleInfo (RoleInfo.java:updateAndGet(143)) - 70b633f6-b230-4b9f-87f3-510da88f1e08: start FollowerState
2019-10-16 11:35:41,106 [a3132885-145f-4a8c-85f4-c10eb874732d@group-2077DD483DC7-LeaderElection70] INFO  impl.LeaderElection (LeaderElection.java:logAndReturn(56)) - a3132885-145f-4a8c-85f4-c10eb874732d@group-2077DD483DC7-LeaderElection70: Election REJECTED; received 2 response(s) [a3132885-145f-4a8c-85f4-c10eb874732d<-163587bb-2c3b-4498-b576-18147cf38274#0:FAIL-t34, a3132885-145f-4a8c-85f4-c10eb874732d<-70b633f6-b230-4b9f-87f3-510da88f1e08#0:FAIL-t34] and 0 exception(s); a3132885-145f-4a8c-85f4-c10eb874732d@group-2077DD483DC7:t34, leader=null, voted=a3132885-145f-4a8c-85f4-c10eb874732d, raftlog=a3132885-145f-4a8c-85f4-c10eb874732d@group-2077DD483DC7-SegmentedRaftLog:OPENED:c-1,f-1,i0, conf=-1: [163587bb-2c3b-4498-b576-18147cf38274:192.168.157.203:33208, a3132885-145f-4a8c-85f4-c10eb874732d:192.168.157.203:46766, 70b633f6-b230-4b9f-87f3-510da88f1e08:192.168.157.203:43163], old=null
2019-10-16 11:35:41,106 [a3132885-145f-4a8c-85f4-c10eb874732d@group-2077DD483DC7-LeaderElection70] INFO  impl.RaftServerImpl (RaftServerImpl.java:setRole(184)) - a3132885-145f-4a8c-85f4-c10eb874732d@group-2077DD483DC7: changes role from CANDIDATE to FOLLOWER at term 34 for DISCOVERED_A_NEW_TERM
2019-10-16 11:35:41,106 [a3132885-145f-4a8c-85f4-c10eb874732d@group-2077DD483DC7-LeaderElection70] INFO  impl.RoleInfo (RoleInfo.java:shutdownLeaderElection(134)) - a3132885-145f-4a8c-85f4-c10eb874732d: shutdown LeaderElection
2019-10-16 11:35:41,106 [a3132885-145f-4a8c-85f4-c10eb874732d@group-2077DD483DC7-LeaderElection70] INFO  impl.RoleInfo (RoleInfo.java:updateAndGet(143)) - a3132885-145f-4a8c-85f4-c10eb874732d: start FollowerState
2019-10-16 11:35:41,207 [Thread-813] INFO  impl.FollowerState (FollowerState.java:run(108)) - 1ee6da7b-5867-4bad-ba0d-a2cfd13fd72a@group-B3673A53AB6F-FollowerState: change to CANDIDATE, lastRpcTime:115ms, electionTimeout:115ms
2019-10-16 11:35:41,207 [Thread-813] INFO  impl.RoleInfo (RoleInfo.java:shutdownFollowerState(121)) - 1ee6da7b-5867-4bad-ba0d-a2cfd13fd72a: shutdown FollowerState
2019-10-16 11:35:41,207 [Thread-813] INFO  impl.RaftServerImpl (RaftServerImpl.java:setRole(184)) - 1ee6da7b-5867-4bad-ba0d-a2cfd13fd72a@group-B3673A53AB6F: changes role from  FOLLOWER to CANDIDATE at term 29 for changeToCandidate
2019-10-16 11:35:41,207 [Thread-813] INFO  impl.RoleInfo (RoleInfo.java:updateAndGet(143)) - 1ee6da7b-5867-4bad-ba0d-a2cfd13fd72a: start LeaderElection
2019-10-16 11:35:41,219 [1ee6da7b-5867-4bad-ba0d-a2cfd13fd72a@group-B3673A53AB6F-LeaderElection71] INFO  impl.LeaderElection (LeaderElection.java:askForVotes(178)) - 1ee6da7b-5867-4bad-ba0d-a2cfd13fd72a@group-B3673A53AB6F-LeaderElection71: begin an election at term 30 for -1: [f94c755f-9f95-40b5-85b9-5e712f3f34e7:192.168.157.203:45275, 1ee6da7b-5867-4bad-ba0d-a2cfd13fd72a:192.168.157.203:35892, 4281bf39-36db-462c-8bc9-3c86cb645344:192.168.157.203:42381], old=null
2019-10-16 11:35:41,221 [grpc-default-executor-0] INFO  impl.RaftServerImpl (RaftServerImpl.java:setRole(184)) - 4281bf39-36db-462c-8bc9-3c86cb645344@group-B3673A53AB6F: changes role from  FOLLOWER to FOLLOWER at term 30 for recognizeCandidate:1ee6da7b-5867-4bad-ba0d-a2cfd13fd72a
2019-10-16 11:35:41,221 [grpc-default-executor-4] INFO  impl.RaftServerImpl (RaftServerImpl.java:setRole(184)) - f94c755f-9f95-40b5-85b9-5e712f3f34e7@group-B3673A53AB6F: changes role from  FOLLOWER to FOLLOWER at term 30 for recognizeCandidate:1ee6da7b-5867-4bad-ba0d-a2cfd13fd72a
2019-10-16 11:35:41,221 [grpc-default-executor-0] INFO  impl.RoleInfo (RoleInfo.java:shutdownFollowerState(121)) - 4281bf39-36db-462c-8bc9-3c86cb645344: shutdown FollowerState
2019-10-16 11:35:41,221 [grpc-default-executor-4] INFO  impl.RoleInfo (RoleInfo.java:shutdownFollowerState(121)) - f94c755f-9f95-40b5-85b9-5e712f3f34e7: shutdown FollowerState
2019-10-16 11:35:41,221 [Thread-809] INFO  impl.FollowerState (FollowerState.java:run(117)) - 4281bf39-36db-462c-8bc9-3c86cb645344@group-B3673A53AB6F-FollowerState was interrupted: java.lang.InterruptedException: sleep interrupted
2019-10-16 11:35:41,221 [grpc-default-executor-0] INFO  impl.RoleInfo (RoleInfo.java:updateAndGet(143)) - 4281bf39-36db-462c-8bc9-3c86cb645344: start FollowerState
2019-10-16 11:35:41,222 [grpc-default-executor-4] INFO  impl.RoleInfo (RoleInfo.java:updateAndGet(143)) - f94c755f-9f95-40b5-85b9-5e712f3f34e7: start FollowerState
2019-10-16 11:35:41,222 [Thread-808] INFO  impl.FollowerState (FollowerState.java:run(117)) - f94c755f-9f95-40b5-85b9-5e712f3f34e7@group-B3673A53AB6F-FollowerState was interrupted: java.lang.InterruptedException: sleep interrupted
2019-10-16 11:35:41,239 [1ee6da7b-5867-4bad-ba0d-a2cfd13fd72a@group-B3673A53AB6F-LeaderElection71] INFO  impl.LeaderElection (LeaderElection.java:logAndReturn(56)) - 1ee6da7b-5867-4bad-ba0d-a2cfd13fd72a@group-B3673A53AB6F-LeaderElection71: Election REJECTED; received 2 response(s) [1ee6da7b-5867-4bad-ba0d-a2cfd13fd72a<-f94c755f-9f95-40b5-85b9-5e712f3f34e7#0:FAIL-t30, 1ee6da7b-5867-4bad-ba0d-a2cfd13fd72a<-4281bf39-36db-462c-8bc9-3c86cb645344#0:FAIL-t30] and 0 exception(s); 1ee6da7b-5867-4bad-ba0d-a2cfd13fd72a@group-B3673A53AB6F:t30, leader=null, voted=1ee6da7b-5867-4bad-ba0d-a2cfd13fd72a, raftlog=1ee6da7b-5867-4bad-ba0d-a2cfd13fd72a@group-B3673A53AB6F-SegmentedRaftLog:OPENED:c-1,f-1,i0, conf=-1: [f94c755f-9f95-40b5-85b9-5e712f3f34e7:192.168.157.203:45275, 1ee6da7b-5867-4bad-ba0d-a2cfd13fd72a:192.168.157.203:35892, 4281bf39-36db-462c-8bc9-3c86cb645344:192.168.157.203:42381], old=null
2019-10-16 11:35:41,239 [1ee6da7b-5867-4bad-ba0d-a2cfd13fd72a@group-B3673A53AB6F-LeaderElection71] INFO  impl.RaftServerImpl (RaftServerImpl.java:setRole(184)) - 1ee6da7b-5867-4bad-ba0d-a2cfd13fd72a@group-B3673A53AB6F: changes role from CANDIDATE to FOLLOWER at term 30 for DISCOVERED_A_NEW_TERM
2019-10-16 11:35:41,239 [1ee6da7b-5867-4bad-ba0d-a2cfd13fd72a@group-B3673A53AB6F-LeaderElection71] INFO  impl.RoleInfo (RoleInfo.java:shutdownLeaderElection(134)) - 1ee6da7b-5867-4bad-ba0d-a2cfd13fd72a: shutdown LeaderElection
2019-10-16 11:35:41,239 [1ee6da7b-5867-4bad-ba0d-a2cfd13fd72a@group-B3673A53AB6F-LeaderElection71] INFO  impl.RoleInfo (RoleInfo.java:updateAndGet(143)) - 1ee6da7b-5867-4bad-ba0d-a2cfd13fd72a: start FollowerState
2019-10-16 11:35:41,272 [Thread-822] INFO  impl.FollowerState (FollowerState.java:run(108)) - 1ee6da7b-5867-4bad-ba0d-a2cfd13fd72a@group-B3673A53AB6F-FollowerState: change to CANDIDATE, lastRpcTime:33ms, electionTimeout:33ms
2019-10-16 11:35:41,272 [Thread-822] INFO  impl.RoleInfo (RoleInfo.java:shutdownFollowerState(121)) - 1ee6da7b-5867-4bad-ba0d-a2cfd13fd72a: shutdown FollowerState
2019-10-16 11:35:41,273 [Thread-822] INFO  impl.RaftServerImpl (RaftServerImpl.java:setRole(184)) - 1ee6da7b-5867-4bad-ba0d-a2cfd13fd72a@group-B3673A53AB6F: changes role from  FOLLOWER to CANDIDATE at term 30 for changeToCandidate
2019-10-16 11:35:41,273 [Thread-822] INFO  impl.RoleInfo (RoleInfo.java:updateAndGet(143)) - 1ee6da7b-5867-4bad-ba0d-a2cfd13fd72a: start LeaderElection
2019-10-16 11:35:41,281 [1ee6da7b-5867-4bad-ba0d-a2cfd13fd72a@group-B3673A53AB6F-LeaderElection72] INFO  impl.LeaderElection (LeaderElection.java:askForVotes(178)) - 1ee6da7b-5867-4bad-ba0d-a2cfd13fd72a@group-B3673A53AB6F-LeaderElection72: begin an election at term 31 for -1: [f94c755f-9f95-40b5-85b9-5e712f3f34e7:192.168.157.203:45275, 1ee6da7b-5867-4bad-ba0d-a2cfd13fd72a:192.168.157.203:35892, 4281bf39-36db-462c-8bc9-3c86cb645344:192.168.157.203:42381], old=null
2019-10-16 11:35:41,283 [grpc-default-executor-4] INFO  impl.RaftServerImpl (RaftServerImpl.java:setRole(184)) - 4281bf39-36db-462c-8bc9-3c86cb645344@group-B3673A53AB6F: changes role from  FOLLOWER to FOLLOWER at term 31 for recognizeCandidate:1ee6da7b-5867-4bad-ba0d-a2cfd13fd72a
2019-10-16 11:35:41,283 [grpc-default-executor-0] INFO  impl.RaftServerImpl (RaftServerImpl.java:setRole(184)) - f94c755f-9f95-40b5-85b9-5e712f3f34e7@group-B3673A53AB6F: changes role from  FOLLOWER to FOLLOWER at term 31 for recognizeCandidate:1ee6da7b-5867-4bad-ba0d-a2cfd13fd72a
2019-10-16 11:35:41,283 [grpc-default-executor-4] INFO  impl.RoleInfo (RoleInfo.java:shutdownFollowerState(121)) - 4281bf39-36db-462c-8bc9-3c86cb645344: shutdown FollowerState
2019-10-16 11:35:41,283 [grpc-default-executor-0] INFO  impl.RoleInfo (RoleInfo.java:shutdownFollowerState(121)) - f94c755f-9f95-40b5-85b9-5e712f3f34e7: shutdown FollowerState
2019-10-16 11:35:41,283 [Thread-820] INFO  impl.FollowerState (FollowerState.java:run(117)) - 4281bf39-36db-462c-8bc9-3c86cb645344@group-B3673A53AB6F-FollowerState was interrupted: java.lang.InterruptedException: sleep interrupted
2019-10-16 11:35:41,283 [Thread-821] INFO  impl.FollowerState (FollowerState.java:run(117)) - f94c755f-9f95-40b5-85b9-5e712f3f34e7@group-B3673A53AB6F-FollowerState was interrupted: java.lang.InterruptedException: sleep interrupted
2019-10-16 11:35:41,283 [grpc-default-executor-4] INFO  impl.RoleInfo (RoleInfo.java:updateAndGet(143)) - 4281bf39-36db-462c-8bc9-3c86cb645344: start FollowerState
2019-10-16 11:35:41,283 [grpc-default-executor-0] INFO  impl.RoleInfo (RoleInfo.java:updateAndGet(143)) - f94c755f-9f95-40b5-85b9-5e712f3f34e7: start FollowerState
2019-10-16 11:35:41,298 [1ee6da7b-5867-4bad-ba0d-a2cfd13fd72a@group-B3673A53AB6F-LeaderElection72] INFO  impl.LeaderElection (LeaderElection.java:logAndReturn(56)) - 1ee6da7b-5867-4bad-ba0d-a2cfd13fd72a@group-B3673A53AB6F-LeaderElection72: Election TIMEOUT; received 0 response(s) [] and 0 exception(s); 1ee6da7b-5867-4bad-ba0d-a2cfd13fd72a@group-B3673A53AB6F:t31, leader=null, voted=1ee6da7b-5867-4bad-ba0d-a2cfd13fd72a, raftlog=1ee6da7b-5867-4bad-ba0d-a2cfd13fd72a@group-B3673A53AB6F-SegmentedRaftLog:OPENED:c-1,f-1,i0, conf=-1: [f94c755f-9f95-40b5-85b9-5e712f3f34e7:192.168.157.203:45275, 1ee6da7b-5867-4bad-ba0d-a2cfd13fd72a:192.168.157.203:35892, 4281bf39-36db-462c-8bc9-3c86cb645344:192.168.157.203:42381], old=null
2019-10-16 11:35:41,300 [Thread-816] INFO  impl.FollowerState (FollowerState.java:run(108)) - a3132885-145f-4a8c-85f4-c10eb874732d@group-2077DD483DC7-FollowerState: change to CANDIDATE, lastRpcTime:194ms, electionTimeout:194ms
2019-10-16 11:35:41,300 [Thread-816] INFO  impl.RoleInfo (RoleInfo.java:shutdownFollowerState(121)) - a3132885-145f-4a8c-85f4-c10eb874732d: shutdown FollowerState
2019-10-16 11:35:41,301 [Thread-816] INFO  impl.RaftServerImpl (RaftServerImpl.java:setRole(184)) - a3132885-145f-4a8c-85f4-c10eb874732d@group-2077DD483DC7: changes role from  FOLLOWER to CANDIDATE at term 34 for changeToCandidate
2019-10-16 11:35:41,301 [Thread-816] INFO  impl.RoleInfo (RoleInfo.java:updateAndGet(143)) - a3132885-145f-4a8c-85f4-c10eb874732d: start LeaderElection
2019-10-16 11:35:41,313 [a3132885-145f-4a8c-85f4-c10eb874732d@group-2077DD483DC7-LeaderElection73] INFO  impl.LeaderElection (LeaderElection.java:askForVotes(178)) - a3132885-145f-4a8c-85f4-c10eb874732d@group-2077DD483DC7-LeaderElection73: begin an election at term 35 for -1: [163587bb-2c3b-4498-b576-18147cf38274:192.168.157.203:33208, a3132885-145f-4a8c-85f4-c10eb874732d:192.168.157.203:46766, 70b633f6-b230-4b9f-87f3-510da88f1e08:192.168.157.203:43163], old=null
2019-10-16 11:35:41,313 [1ee6da7b-5867-4bad-ba0d-a2cfd13fd72a@group-B3673A53AB6F-LeaderElection72] INFO  impl.LeaderElection (LeaderElection.java:askForVotes(178)) - 1ee6da7b-5867-4bad-ba0d-a2cfd13fd72a@group-B3673A53AB6F-LeaderElection72: begin an election at term 32 for -1: [f94c755f-9f95-40b5-85b9-5e712f3f34e7:192.168.157.203:45275, 1ee6da7b-5867-4bad-ba0d-a2cfd13fd72a:192.168.157.203:35892, 4281bf39-36db-462c-8bc9-3c86cb645344:192.168.157.203:42381], old=null
2019-10-16 11:35:41,314 [grpc-default-executor-4] INFO  impl.RaftServerImpl (RaftServerImpl.java:setRole(184)) - 4281bf39-36db-462c-8bc9-3c86cb645344@group-B3673A53AB6F: changes role from  FOLLOWER to FOLLOWER at term 32 for recognizeCandidate:1ee6da7b-5867-4bad-ba0d-a2cfd13fd72a
2019-10-16 11:35:41,315 [grpc-default-executor-0] INFO  impl.RaftServerImpl (RaftServerImpl.java:setRole(184)) - f94c755f-9f95-40b5-85b9-5e712f3f34e7@group-B3673A53AB6F: changes role from  FOLLOWER to FOLLOWER at term 32 for recognizeCandidate:1ee6da7b-5867-4bad-ba0d-a2cfd13fd72a
2019-10-16 11:35:41,314 [grpc-default-executor-3] INFO  impl.RaftServerImpl (RaftServerImpl.java:setRole(184)) - 163587bb-2c3b-4498-b576-18147cf38274@group-2077DD483DC7: changes role from  FOLLOWER to FOLLOWER at term 35 for recognizeCandidate:a3132885-145f-4a8c-85f4-c10eb874732d
2019-10-16 11:35:41,315 [grpc-default-executor-0] INFO  impl.RoleInfo (RoleInfo.java:shutdownFollowerState(121)) - f94c755f-9f95-40b5-85b9-5e712f3f34e7: shutdown FollowerState
2019-10-16 11:35:41,315 [grpc-default-executor-4] INFO  impl.RoleInfo (RoleInfo.java:shutdownFollowerState(121)) - 4281bf39-36db-462c-8bc9-3c86cb645344: shutdown FollowerState
2019-10-16 11:35:41,315 [Thread-827] INFO  impl.FollowerState (FollowerState.java:run(117)) - f94c755f-9f95-40b5-85b9-5e712f3f34e7@group-B3673A53AB6F-FollowerState was interrupted: java.lang.InterruptedException: sleep interrupted
2019-10-16 11:35:41,315 [Thread-826] INFO  impl.FollowerState (FollowerState.java:run(117)) - 4281bf39-36db-462c-8bc9-3c86cb645344@group-B3673A53AB6F-FollowerState was interrupted: java.lang.InterruptedException: sleep interrupted
2019-10-16 11:35:41,315 [grpc-default-executor-0] INFO  impl.RoleInfo (RoleInfo.java:updateAndGet(143)) - f94c755f-9f95-40b5-85b9-5e712f3f34e7: start FollowerState
2019-10-16 11:35:41,315 [grpc-default-executor-1] INFO  impl.RaftServerImpl (RaftServerImpl.java:setRole(184)) - 70b633f6-b230-4b9f-87f3-510da88f1e08@group-2077DD483DC7: changes role from  FOLLOWER to FOLLOWER at term 35 for recognizeCandidate:a3132885-145f-4a8c-85f4-c10eb874732d
2019-10-16 11:35:41,315 [grpc-default-executor-3] INFO  impl.RoleInfo (RoleInfo.java:shutdownFollowerState(121)) - 163587bb-2c3b-4498-b576-18147cf38274: shutdown FollowerState
2019-10-16 11:35:41,315 [grpc-default-executor-1] INFO  impl.RoleInfo (RoleInfo.java:shutdownFollowerState(121)) - 70b633f6-b230-4b9f-87f3-510da88f1e08: shutdown FollowerState
2019-10-16 11:35:41,315 [grpc-default-executor-4] INFO  impl.RoleInfo (RoleInfo.java:updateAndGet(143)) - 4281bf39-36db-462c-8bc9-3c86cb645344: start FollowerState
2019-10-16 11:35:41,316 [Thread-815] INFO  impl.FollowerState (FollowerState.java:run(117)) - 70b633f6-b230-4b9f-87f3-510da88f1e08@group-2077DD483DC7-FollowerState was interrupted: java.lang.InterruptedException: sleep interrupted
2019-10-16 11:35:41,316 [grpc-default-executor-1] INFO  impl.RoleInfo (RoleInfo.java:updateAndGet(143)) - 70b633f6-b230-4b9f-87f3-510da88f1e08: start FollowerState
2019-10-16 11:35:41,316 [Thread-814] INFO  impl.FollowerState (FollowerState.java:run(117)) - 163587bb-2c3b-4498-b576-18147cf38274@group-2077DD483DC7-FollowerState was interrupted: java.lang.InterruptedException: sleep interrupted
2019-10-16 11:35:41,316 [grpc-default-executor-3] INFO  impl.RoleInfo (RoleInfo.java:updateAndGet(143)) - 163587bb-2c3b-4498-b576-18147cf38274: start FollowerState
2019-10-16 11:35:41,328 [1ee6da7b-5867-4bad-ba0d-a2cfd13fd72a@group-B3673A53AB6F-LeaderElection72] INFO  impl.LeaderElection (LeaderElection.java:logAndReturn(56)) - 1ee6da7b-5867-4bad-ba0d-a2cfd13fd72a@group-B3673A53AB6F-LeaderElection72: Election REJECTED; received 2 response(s) [1ee6da7b-5867-4bad-ba0d-a2cfd13fd72a<-f94c755f-9f95-40b5-85b9-5e712f3f34e7#0:FAIL-t32, 1ee6da7b-5867-4bad-ba0d-a2cfd13fd72a<-4281bf39-36db-462c-8bc9-3c86cb645344#0:FAIL-t32] and 0 exception(s); 1ee6da7b-5867-4bad-ba0d-a2cfd13fd72a@group-B3673A53AB6F:t32, leader=null, voted=1ee6da7b-5867-4bad-ba0d-a2cfd13fd72a, raftlog=1ee6da7b-5867-4bad-ba0d-a2cfd13fd72a@group-B3673A53AB6F-SegmentedRaftLog:OPENED:c-1,f-1,i0, conf=-1: [f94c755f-9f95-40b5-85b9-5e712f3f34e7:192.168.157.203:45275, 1ee6da7b-5867-4bad-ba0d-a2cfd13fd72a:192.168.157.203:35892, 4281bf39-36db-462c-8bc9-3c86cb645344:192.168.157.203:42381], old=null
2019-10-16 11:35:41,328 [1ee6da7b-5867-4bad-ba0d-a2cfd13fd72a@group-B3673A53AB6F-LeaderElection72] INFO  impl.RaftServerImpl (RaftServerImpl.java:setRole(184)) - 1ee6da7b-5867-4bad-ba0d-a2cfd13fd72a@group-B3673A53AB6F: changes role from CANDIDATE to FOLLOWER at term 32 for DISCOVERED_A_NEW_TERM
2019-10-16 11:35:41,328 [1ee6da7b-5867-4bad-ba0d-a2cfd13fd72a@group-B3673A53AB6F-LeaderElection72] INFO  impl.RoleInfo (RoleInfo.java:shutdownLeaderElection(134)) - 1ee6da7b-5867-4bad-ba0d-a2cfd13fd72a: shutdown LeaderElection
2019-10-16 11:35:41,328 [1ee6da7b-5867-4bad-ba0d-a2cfd13fd72a@group-B3673A53AB6F-LeaderElection72] INFO  impl.RoleInfo (RoleInfo.java:updateAndGet(143)) - 1ee6da7b-5867-4bad-ba0d-a2cfd13fd72a: start FollowerState
2019-10-16 11:35:41,328 [a3132885-145f-4a8c-85f4-c10eb874732d@group-2077DD483DC7-LeaderElection73] INFO  impl.LeaderElection (LeaderElection.java:logAndReturn(56)) - a3132885-145f-4a8c-85f4-c10eb874732d@group-2077DD483DC7-LeaderElection73: Election REJECTED; received 2 response(s) [a3132885-145f-4a8c-85f4-c10eb874732d<-163587bb-2c3b-4498-b576-18147cf38274#0:FAIL-t35, a3132885-145f-4a8c-85f4-c10eb874732d<-70b633f6-b230-4b9f-87f3-510da88f1e08#0:FAIL-t35] and 0 exception(s); a3132885-145f-4a8c-85f4-c10eb874732d@group-2077DD483DC7:t35, leader=null, voted=a3132885-145f-4a8c-85f4-c10eb874732d, raftlog=a3132885-145f-4a8c-85f4-c10eb874732d@group-2077DD483DC7-SegmentedRaftLog:OPENED:c-1,f-1,i0, conf=-1: [163587bb-2c3b-4498-b576-18147cf38274:192.168.157.203:33208, a3132885-145f-4a8c-85f4-c10eb874732d:192.168.157.203:46766, 70b633f6-b230-4b9f-87f3-510da88f1e08:192.168.157.203:43163], old=null
2019-10-16 11:35:41,328 [a3132885-145f-4a8c-85f4-c10eb874732d@group-2077DD483DC7-LeaderElection73] INFO  impl.RaftServerImpl (RaftServerImpl.java:setRole(184)) - a3132885-145f-4a8c-85f4-c10eb874732d@group-2077DD483DC7: changes role from CANDIDATE to FOLLOWER at term 35 for DISCOVERED_A_NEW_TERM
2019-10-16 11:35:41,328 [a3132885-145f-4a8c-85f4-c10eb874732d@group-2077DD483DC7-LeaderElection73] INFO  impl.RoleInfo (RoleInfo.java:shutdownLeaderElection(134)) - a3132885-145f-4a8c-85f4-c10eb874732d: shutdown LeaderElection
2019-10-16 11:35:41,329 [a3132885-145f-4a8c-85f4-c10eb874732d@group-2077DD483DC7-LeaderElection73] INFO  impl.RoleInfo (RoleInfo.java:updateAndGet(143)) - a3132885-145f-4a8c-85f4-c10eb874732d: start FollowerState
2019-10-16 11:35:41,461 [Thread-839] INFO  impl.FollowerState (FollowerState.java:run(108)) - a3132885-145f-4a8c-85f4-c10eb874732d@group-2077DD483DC7-FollowerState: change to CANDIDATE, lastRpcTime:132ms, electionTimeout:132ms
2019-10-16 11:35:41,461 [Thread-839] INFO  impl.RoleInfo (RoleInfo.java:shutdownFollowerState(121)) - a3132885-145f-4a8c-85f4-c10eb874732d: shutdown FollowerState
2019-10-16 11:35:41,461 [Thread-839] INFO  impl.RaftServerImpl (RaftServerImpl.java:setRole(184)) - a3132885-145f-4a8c-85f4-c10eb874732d@group-2077DD483DC7: changes role from  FOLLOWER to CANDIDATE at term 35 for changeToCandidate
2019-10-16 11:35:41,461 [Thread-839] INFO  impl.RoleInfo (RoleInfo.java:updateAndGet(143)) - a3132885-145f-4a8c-85f4-c10eb874732d: start LeaderElection
2019-10-16 11:35:41,468 [a3132885-145f-4a8c-85f4-c10eb874732d@group-2077DD483DC7-LeaderElection74] INFO  impl.LeaderElection (LeaderElection.java:askForVotes(178)) - a3132885-145f-4a8c-85f4-c10eb874732d@group-2077DD483DC7-LeaderElection74: begin an election at term 36 for -1: [163587bb-2c3b-4498-b576-18147cf38274:192.168.157.203:33208, a3132885-145f-4a8c-85f4-c10eb874732d:192.168.157.203:46766, 70b633f6-b230-4b9f-87f3-510da88f1e08:192.168.157.203:43163], old=null
2019-10-16 11:35:41,468 [Thread-838] INFO  impl.FollowerState (FollowerState.java:run(108)) - 1ee6da7b-5867-4bad-ba0d-a2cfd13fd72a@group-B3673A53AB6F-FollowerState: change to CANDIDATE, lastRpcTime:140ms, electionTimeout:140ms
2019-10-16 11:35:41,468 [Thread-838] INFO  impl.RoleInfo (RoleInfo.java:shutdownFollowerState(121)) - 1ee6da7b-5867-4bad-ba0d-a2cfd13fd72a: shutdown FollowerState
2019-10-16 11:35:41,468 [Thread-838] INFO  impl.RaftServerImpl (RaftServerImpl.java:setRole(184)) - 1ee6da7b-5867-4bad-ba0d-a2cfd13fd72a@group-B3673A53AB6F: changes role from  FOLLOWER to CANDIDATE at term 32 for changeToCandidate
2019-10-16 11:35:41,469 [Thread-838] INFO  impl.RoleInfo (RoleInfo.java:updateAndGet(143)) - 1ee6da7b-5867-4bad-ba0d-a2cfd13fd72a: start LeaderElection
2019-10-16 11:35:41,474 [grpc-default-executor-4] INFO  impl.RaftServerImpl (RaftServerImpl.java:setRole(184)) - 70b633f6-b230-4b9f-87f3-510da88f1e08@group-2077DD483DC7: changes role from  FOLLOWER to FOLLOWER at term 36 for recognizeCandidate:a3132885-145f-4a8c-85f4-c10eb874732d
2019-10-16 11:35:41,474 [grpc-default-executor-4] INFO  impl.RoleInfo (RoleInfo.java:shutdownFollowerState(121)) - 70b633f6-b230-4b9f-87f3-510da88f1e08: shutdown FollowerState
2019-10-16 11:35:41,474 [Thread-837] INFO  impl.FollowerState (FollowerState.java:run(117)) - 70b633f6-b230-4b9f-87f3-510da88f1e08@group-2077DD483DC7-FollowerState was interrupted: java.lang.InterruptedException: sleep interrupted
2019-10-16 11:35:41,474 [grpc-default-executor-4] INFO  impl.RoleInfo (RoleInfo.java:updateAndGet(143)) - 70b633f6-b230-4b9f-87f3-510da88f1e08: start FollowerState
2019-10-16 11:35:41,474 [grpc-default-executor-3] INFO  impl.RaftServerImpl (RaftServerImpl.java:setRole(184)) - 163587bb-2c3b-4498-b576-18147cf38274@group-2077DD483DC7: changes role from  FOLLOWER to FOLLOWER at term 36 for recognizeCandidate:a3132885-145f-4a8c-85f4-c10eb874732d
2019-10-16 11:35:41,475 [grpc-default-executor-3] INFO  impl.RoleInfo (RoleInfo.java:shutdownFollowerState(121)) - 163587bb-2c3b-4498-b576-18147cf38274: shutdown FollowerState
2019-10-16 11:35:41,475 [grpc-default-executor-3] INFO  impl.RoleInfo (RoleInfo.java:updateAndGet(143)) - 163587bb-2c3b-4498-b576-18147cf38274: start FollowerState
2019-10-16 11:35:41,475 [Thread-836] INFO  impl.FollowerState (FollowerState.java:run(117)) - 163587bb-2c3b-4498-b576-18147cf38274@group-2077DD483DC7-FollowerState was interrupted: java.lang.InterruptedException: sleep interrupted
2019-10-16 11:35:41,484 [1ee6da7b-5867-4bad-ba0d-a2cfd13fd72a@group-B3673A53AB6F-LeaderElection75] INFO  impl.LeaderElection (LeaderElection.java:askForVotes(178)) - 1ee6da7b-5867-4bad-ba0d-a2cfd13fd72a@group-B3673A53AB6F-LeaderElection75: begin an election at term 33 for -1: [f94c755f-9f95-40b5-85b9-5e712f3f34e7:192.168.157.203:45275, 1ee6da7b-5867-4bad-ba0d-a2cfd13fd72a:192.168.157.203:35892, 4281bf39-36db-462c-8bc9-3c86cb645344:192.168.157.203:42381], old=null
2019-10-16 11:35:41,489 [a3132885-145f-4a8c-85f4-c10eb874732d@group-2077DD483DC7-LeaderElection74] INFO  impl.LeaderElection (LeaderElection.java:logAndReturn(56)) - a3132885-145f-4a8c-85f4-c10eb874732d@group-2077DD483DC7-LeaderElection74: Election REJECTED; received 2 response(s) [a3132885-145f-4a8c-85f4-c10eb874732d<-163587bb-2c3b-4498-b576-18147cf38274#0:FAIL-t36, a3132885-145f-4a8c-85f4-c10eb874732d<-70b633f6-b230-4b9f-87f3-510da88f1e08#0:FAIL-t36] and 0 exception(s); a3132885-145f-4a8c-85f4-c10eb874732d@group-2077DD483DC7:t36, leader=null, voted=a3132885-145f-4a8c-85f4-c10eb874732d, raftlog=a3132885-145f-4a8c-85f4-c10eb874732d@group-2077DD483DC7-SegmentedRaftLog:OPENED:c-1,f-1,i0, conf=-1: [163587bb-2c3b-4498-b576-18147cf38274:192.168.157.203:33208, a3132885-145f-4a8c-85f4-c10eb874732d:192.168.157.203:46766, 70b633f6-b230-4b9f-87f3-510da88f1e08:192.168.157.203:43163], old=null
2019-10-16 11:35:41,489 [a3132885-145f-4a8c-85f4-c10eb874732d@group-2077DD483DC7-LeaderElection74] INFO  impl.RaftServerImpl (RaftServerImpl.java:setRole(184)) - a3132885-145f-4a8c-85f4-c10eb874732d@group-2077DD483DC7: changes role from CANDIDATE to FOLLOWER at term 36 for DISCOVERED_A_NEW_TERM
2019-10-16 11:35:41,489 [a3132885-145f-4a8c-85f4-c10eb874732d@group-2077DD483DC7-LeaderElection74] INFO  impl.RoleInfo (RoleInfo.java:shutdownLeaderElection(134)) - a3132885-145f-4a8c-85f4-c10eb874732d: shutdown LeaderElection
2019-10-16 11:35:41,489 [a3132885-145f-4a8c-85f4-c10eb874732d@group-2077DD483DC7-LeaderElection74] INFO  impl.RoleInfo (RoleInfo.java:updateAndGet(143)) - a3132885-145f-4a8c-85f4-c10eb874732d: start FollowerState
2019-10-16 11:35:41,491 [grpc-default-executor-4] INFO  impl.RaftServerImpl (RaftServerImpl.java:setRole(184)) - 4281bf39-36db-462c-8bc9-3c86cb645344@group-B3673A53AB6F: changes role from  FOLLOWER to FOLLOWER at term 33 for recognizeCandidate:1ee6da7b-5867-4bad-ba0d-a2cfd13fd72a
2019-10-16 11:35:41,491 [grpc-default-executor-4] INFO  impl.RoleInfo (RoleInfo.java:shutdownFollowerState(121)) - 4281bf39-36db-462c-8bc9-3c86cb645344: shutdown FollowerState
2019-10-16 11:35:41,491 [grpc-default-executor-4] INFO  impl.RoleInfo (RoleInfo.java:updateAndGet(143)) - 4281bf39-36db-462c-8bc9-3c86cb645344: start FollowerState
2019-10-16 11:35:41,491 [Thread-835] INFO  impl.FollowerState (FollowerState.java:run(117)) - 4281bf39-36db-462c-8bc9-3c86cb645344@group-B3673A53AB6F-FollowerState was interrupted: java.lang.InterruptedException: sleep interrupted
2019-10-16 11:35:41,492 [grpc-default-executor-3] INFO  impl.RaftServerImpl (RaftServerImpl.java:setRole(184)) - f94c755f-9f95-40b5-85b9-5e712f3f34e7@group-B3673A53AB6F: changes role from  FOLLOWER to FOLLOWER at term 33 for recognizeCandidate:1ee6da7b-5867-4bad-ba0d-a2cfd13fd72a
2019-10-16 11:35:41,492 [grpc-default-executor-3] INFO  impl.RoleInfo (RoleInfo.java:shutdownFollowerState(121)) - f94c755f-9f95-40b5-85b9-5e712f3f34e7: shutdown FollowerState
2019-10-16 11:35:41,492 [Thread-834] INFO  impl.FollowerState (FollowerState.java:run(117)) - f94c755f-9f95-40b5-85b9-5e712f3f34e7@group-B3673A53AB6F-FollowerState was interrupted: java.lang.InterruptedException: sleep interrupted
2019-10-16 11:35:41,492 [grpc-default-executor-3] INFO  impl.RoleInfo (RoleInfo.java:updateAndGet(143)) - f94c755f-9f95-40b5-85b9-5e712f3f34e7: start FollowerState
2019-10-16 11:35:41,506 [1ee6da7b-5867-4bad-ba0d-a2cfd13fd72a@group-B3673A53AB6F-LeaderElection75] INFO  impl.LeaderElection (LeaderElection.java:logAndReturn(56)) - 1ee6da7b-5867-4bad-ba0d-a2cfd13fd72a@group-B3673A53AB6F-LeaderElection75: Election REJECTED; received 2 response(s) [1ee6da7b-5867-4bad-ba0d-a2cfd13fd72a<-f94c755f-9f95-40b5-85b9-5e712f3f34e7#0:FAIL-t33, 1ee6da7b-5867-4bad-ba0d-a2cfd13fd72a<-4281bf39-36db-462c-8bc9-3c86cb645344#0:FAIL-t33] and 0 exception(s); 1ee6da7b-5867-4bad-ba0d-a2cfd13fd72a@group-B3673A53AB6F:t33, leader=null, voted=1ee6da7b-5867-4bad-ba0d-a2cfd13fd72a, raftlog=1ee6da7b-5867-4bad-ba0d-a2cfd13fd72a@group-B3673A53AB6F-SegmentedRaftLog:OPENED:c-1,f-1,i0, conf=-1: [f94c755f-9f95-40b5-85b9-5e712f3f34e7:192.168.157.203:45275, 1ee6da7b-5867-4bad-ba0d-a2cfd13fd72a:192.168.157.203:35892, 4281bf39-36db-462c-8bc9-3c86cb645344:192.168.157.203:42381], old=null
2019-10-16 11:35:41,506 [1ee6da7b-5867-4bad-ba0d-a2cfd13fd72a@group-B3673A53AB6F-LeaderElection75] INFO  impl.RaftServerImpl (RaftServerImpl.java:setRole(184)) - 1ee6da7b-5867-4bad-ba0d-a2cfd13fd72a@group-B3673A53AB6F: changes role from CANDIDATE to FOLLOWER at term 33 for DISCOVERED_A_NEW_TERM
2019-10-16 11:35:41,506 [1ee6da7b-5867-4bad-ba0d-a2cfd13fd72a@group-B3673A53AB6F-LeaderElection75] INFO  impl.RoleInfo (RoleInfo.java:shutdownLeaderElection(134)) - 1ee6da7b-5867-4bad-ba0d-a2cfd13fd72a: shutdown LeaderElection
2019-10-16 11:35:41,508 [1ee6da7b-5867-4bad-ba0d-a2cfd13fd72a@group-B3673A53AB6F-LeaderElection75] INFO  impl.RoleInfo (RoleInfo.java:updateAndGet(143)) - 1ee6da7b-5867-4bad-ba0d-a2cfd13fd72a: start FollowerState
2019-10-16 11:35:41,513 [Thread-850] INFO  impl.FollowerState (FollowerState.java:run(108)) - a3132885-145f-4a8c-85f4-c10eb874732d@group-2077DD483DC7-FollowerState: change to CANDIDATE, lastRpcTime:23ms, electionTimeout:23ms
2019-10-16 11:35:41,513 [Thread-850] INFO  impl.RoleInfo (RoleInfo.java:shutdownFollowerState(121)) - a3132885-145f-4a8c-85f4-c10eb874732d: shutdown FollowerState
2019-10-16 11:35:41,513 [Thread-850] INFO  impl.RaftServerImpl (RaftServerImpl.java:setRole(184)) - a3132885-145f-4a8c-85f4-c10eb874732d@group-2077DD483DC7: changes role from  FOLLOWER to CANDIDATE at term 36 for changeToCandidate
2019-10-16 11:35:41,513 [Thread-850] INFO  impl.RoleInfo (RoleInfo.java:updateAndGet(143)) - a3132885-145f-4a8c-85f4-c10eb874732d: start LeaderElection
2019-10-16 11:35:41,518 [a3132885-145f-4a8c-85f4-c10eb874732d@group-2077DD483DC7-LeaderElection76] INFO  impl.LeaderElection (LeaderElection.java:askForVotes(178)) - a3132885-145f-4a8c-85f4-c10eb874732d@group-2077DD483DC7-LeaderElection76: begin an election at term 37 for -1: [163587bb-2c3b-4498-b576-18147cf38274:192.168.157.203:33208, a3132885-145f-4a8c-85f4-c10eb874732d:192.168.157.203:46766, 70b633f6-b230-4b9f-87f3-510da88f1e08:192.168.157.203:43163], old=null
2019-10-16 11:35:41,520 [grpc-default-executor-1] INFO  impl.RaftServerImpl (RaftServerImpl.java:setRole(184)) - 163587bb-2c3b-4498-b576-18147cf38274@group-2077DD483DC7: changes role from  FOLLOWER to FOLLOWER at term 37 for recognizeCandidate:a3132885-145f-4a8c-85f4-c10eb874732d
2019-10-16 11:35:41,520 [grpc-default-executor-3] INFO  impl.RaftServerImpl (RaftServerImpl.java:setRole(184)) - 70b633f6-b230-4b9f-87f3-510da88f1e08@group-2077DD483DC7: changes role from  FOLLOWER to FOLLOWER at term 37 for recognizeCandidate:a3132885-145f-4a8c-85f4-c10eb874732d
2019-10-16 11:35:41,520 [grpc-default-executor-1] INFO  impl.RoleInfo (RoleInfo.java:shutdownFollowerState(121)) - 163587bb-2c3b-4498-b576-18147cf38274: shutdown FollowerState
2019-10-16 11:35:41,520 [grpc-default-executor-3] INFO  impl.RoleInfo (RoleInfo.java:shutdownFollowerState(121)) - 70b633f6-b230-4b9f-87f3-510da88f1e08: shutdown FollowerState
2019-10-16 11:35:41,520 [Thread-846] INFO  impl.FollowerState (FollowerState.java:run(117)) - 163587bb-2c3b-4498-b576-18147cf38274@group-2077DD483DC7-FollowerState was interrupted: java.lang.InterruptedException: sleep interrupted
2019-10-16 11:35:41,520 [Thread-845] INFO  impl.FollowerState (FollowerState.java:run(117)) - 70b633f6-b230-4b9f-87f3-510da88f1e08@group-2077DD483DC7-FollowerState was interrupted: java.lang.InterruptedException: sleep interrupted
2019-10-16 11:35:41,520 [grpc-default-executor-1] INFO  impl.RoleInfo (RoleInfo.java:updateAndGet(143)) - 163587bb-2c3b-4498-b576-18147cf38274: start FollowerState
2019-10-16 11:35:41,520 [grpc-default-executor-3] INFO  impl.RoleInfo (RoleInfo.java:updateAndGet(143)) - 70b633f6-b230-4b9f-87f3-510da88f1e08: start FollowerState
2019-10-16 11:35:41,532 [a3132885-145f-4a8c-85f4-c10eb874732d@group-2077DD483DC7-LeaderElection76] INFO  impl.LeaderElection (LeaderElection.java:logAndReturn(56)) - a3132885-145f-4a8c-85f4-c10eb874732d@group-2077DD483DC7-LeaderElection76: Election REJECTED; received 2 response(s) [a3132885-145f-4a8c-85f4-c10eb874732d<-163587bb-2c3b-4498-b576-18147cf38274#0:FAIL-t37, a3132885-145f-4a8c-85f4-c10eb874732d<-70b633f6-b230-4b9f-87f3-510da88f1e08#0:FAIL-t37] and 0 exception(s); a3132885-145f-4a8c-85f4-c10eb874732d@group-2077DD483DC7:t37, leader=null, voted=a3132885-145f-4a8c-85f4-c10eb874732d, raftlog=a3132885-145f-4a8c-85f4-c10eb874732d@group-2077DD483DC7-SegmentedRaftLog:OPENED:c-1,f-1,i0, conf=-1: [163587bb-2c3b-4498-b576-18147cf38274:192.168.157.203:33208, a3132885-145f-4a8c-85f4-c10eb874732d:192.168.157.203:46766, 70b633f6-b230-4b9f-87f3-510da88f1e08:192.168.157.203:43163], old=null
2019-10-16 11:35:41,532 [a3132885-145f-4a8c-85f4-c10eb874732d@group-2077DD483DC7-LeaderElection76] INFO  impl.RaftServerImpl (RaftServerImpl.java:setRole(184)) - a3132885-145f-4a8c-85f4-c10eb874732d@group-2077DD483DC7: changes role from CANDIDATE to FOLLOWER at term 37 for DISCOVERED_A_NEW_TERM
2019-10-16 11:35:41,532 [a3132885-145f-4a8c-85f4-c10eb874732d@group-2077DD483DC7-LeaderElection76] INFO  impl.RoleInfo (RoleInfo.java:shutdownLeaderElection(134)) - a3132885-145f-4a8c-85f4-c10eb874732d: shutdown LeaderElection
2019-10-16 11:35:41,532 [a3132885-145f-4a8c-85f4-c10eb874732d@group-2077DD483DC7-LeaderElection76] INFO  impl.RoleInfo (RoleInfo.java:updateAndGet(143)) - a3132885-145f-4a8c-85f4-c10eb874732d: start FollowerState
2019-10-16 11:35:41,604 [Thread-854] INFO  impl.FollowerState (FollowerState.java:run(108)) - 1ee6da7b-5867-4bad-ba0d-a2cfd13fd72a@group-B3673A53AB6F-FollowerState: change to CANDIDATE, lastRpcTime:95ms, electionTimeout:95ms
2019-10-16 11:35:41,604 [Thread-854] INFO  impl.RoleInfo (RoleInfo.java:shutdownFollowerState(121)) - 1ee6da7b-5867-4bad-ba0d-a2cfd13fd72a: shutdown FollowerState
2019-10-16 11:35:41,604 [Thread-854] INFO  impl.RaftServerImpl (RaftServerImpl.java:setRole(184)) - 1ee6da7b-5867-4bad-ba0d-a2cfd13fd72a@group-B3673A53AB6F: changes role from  FOLLOWER to CANDIDATE at term 33 for changeToCandidate
2019-10-16 11:35:41,604 [Thread-854] INFO  impl.RoleInfo (RoleInfo.java:updateAndGet(143)) - 1ee6da7b-5867-4bad-ba0d-a2cfd13fd72a: start LeaderElection
2019-10-16 11:35:41,617 [1ee6da7b-5867-4bad-ba0d-a2cfd13fd72a@group-B3673A53AB6F-LeaderElection77] INFO  impl.LeaderElection (LeaderElection.java:askForVotes(178)) - 1ee6da7b-5867-4bad-ba0d-a2cfd13fd72a@group-B3673A53AB6F-LeaderElection77: begin an election at term 34 for -1: [f94c755f-9f95-40b5-85b9-5e712f3f34e7:192.168.157.203:45275, 1ee6da7b-5867-4bad-ba0d-a2cfd13fd72a:192.168.157.203:35892, 4281bf39-36db-462c-8bc9-3c86cb645344:192.168.157.203:42381], old=null
2019-10-16 11:35:41,619 [grpc-default-executor-3] INFO  impl.RaftServerImpl (RaftServerImpl.java:setRole(184)) - f94c755f-9f95-40b5-85b9-5e712f3f34e7@group-B3673A53AB6F: changes role from  FOLLOWER to FOLLOWER at term 34 for recognizeCandidate:1ee6da7b-5867-4bad-ba0d-a2cfd13fd72a
2019-10-16 11:35:41,619 [grpc-default-executor-3] INFO  impl.RoleInfo (RoleInfo.java:shutdownFollowerState(121)) - f94c755f-9f95-40b5-85b9-5e712f3f34e7: shutdown FollowerState
2019-10-16 11:35:41,619 [grpc-default-executor-1] INFO  impl.RaftServerImpl (RaftServerImpl.java:setRole(184)) - 4281bf39-36db-462c-8bc9-3c86cb645344@group-B3673A53AB6F: changes role from  FOLLOWER to FOLLOWER at term 34 for recognizeCandidate:1ee6da7b-5867-4bad-ba0d-a2cfd13fd72a
2019-10-16 11:35:41,620 [Thread-852] INFO  impl.FollowerState (FollowerState.java:run(117)) - f94c755f-9f95-40b5-85b9-5e712f3f34e7@group-B3673A53AB6F-FollowerState was interrupted: java.lang.InterruptedException: sleep interrupted
2019-10-16 11:35:41,620 [grpc-default-executor-3] INFO  impl.RoleInfo (RoleInfo.java:updateAndGet(143)) - f94c755f-9f95-40b5-85b9-5e712f3f34e7: start FollowerState
2019-10-16 11:35:41,620 [grpc-default-executor-1] INFO  impl.RoleInfo (RoleInfo.java:shutdownFollowerState(121)) - 4281bf39-36db-462c-8bc9-3c86cb645344: shutdown FollowerState
2019-10-16 11:35:41,620 [grpc-default-executor-1] INFO  impl.RoleInfo (RoleInfo.java:updateAndGet(143)) - 4281bf39-36db-462c-8bc9-3c86cb645344: start FollowerState
2019-10-16 11:35:41,620 [Thread-851] INFO  impl.FollowerState (FollowerState.java:run(117)) - 4281bf39-36db-462c-8bc9-3c86cb645344@group-B3673A53AB6F-FollowerState was interrupted: java.lang.InterruptedException: sleep interrupted
2019-10-16 11:35:41,638 [1ee6da7b-5867-4bad-ba0d-a2cfd13fd72a@group-B3673A53AB6F-LeaderElection77] INFO  impl.LeaderElection (LeaderElection.java:logAndReturn(56)) - 1ee6da7b-5867-4bad-ba0d-a2cfd13fd72a@group-B3673A53AB6F-LeaderElection77: Election REJECTED; received 2 response(s) [1ee6da7b-5867-4bad-ba0d-a2cfd13fd72a<-f94c755f-9f95-40b5-85b9-5e712f3f34e7#0:FAIL-t34, 1ee6da7b-5867-4bad-ba0d-a2cfd13fd72a<-4281bf39-36db-462c-8bc9-3c86cb645344#0:FAIL-t34] and 0 exception(s); 1ee6da7b-5867-4bad-ba0d-a2cfd13fd72a@group-B3673A53AB6F:t34, leader=null, voted=1ee6da7b-5867-4bad-ba0d-a2cfd13fd72a, raftlog=1ee6da7b-5867-4bad-ba0d-a2cfd13fd72a@group-B3673A53AB6F-SegmentedRaftLog:OPENED:c-1,f-1,i0, conf=-1: [f94c755f-9f95-40b5-85b9-5e712f3f34e7:192.168.157.203:45275, 1ee6da7b-5867-4bad-ba0d-a2cfd13fd72a:192.168.157.203:35892, 4281bf39-36db-462c-8bc9-3c86cb645344:192.168.157.203:42381], old=null
2019-10-16 11:35:41,638 [1ee6da7b-5867-4bad-ba0d-a2cfd13fd72a@group-B3673A53AB6F-LeaderElection77] INFO  impl.RaftServerImpl (RaftServerImpl.java:setRole(184)) - 1ee6da7b-5867-4bad-ba0d-a2cfd13fd72a@group-B3673A53AB6F: changes role from CANDIDATE to FOLLOWER at term 34 for DISCOVERED_A_NEW_TERM
2019-10-16 11:35:41,638 [1ee6da7b-5867-4bad-ba0d-a2cfd13fd72a@group-B3673A53AB6F-LeaderElection77] INFO  impl.RoleInfo (RoleInfo.java:shutdownLeaderElection(134)) - 1ee6da7b-5867-4bad-ba0d-a2cfd13fd72a: shutdown LeaderElection
2019-10-16 11:35:41,638 [1ee6da7b-5867-4bad-ba0d-a2cfd13fd72a@group-B3673A53AB6F-LeaderElection77] INFO  impl.RoleInfo (RoleInfo.java:updateAndGet(143)) - 1ee6da7b-5867-4bad-ba0d-a2cfd13fd72a: start FollowerState
2019-10-16 11:35:41,674 [Thread-860] INFO  impl.FollowerState (FollowerState.java:run(108)) - a3132885-145f-4a8c-85f4-c10eb874732d@group-2077DD483DC7-FollowerState: change to CANDIDATE, lastRpcTime:141ms, electionTimeout:141ms
2019-10-16 11:35:41,674 [Thread-860] INFO  impl.RoleInfo (RoleInfo.java:shutdownFollowerState(121)) - a3132885-145f-4a8c-85f4-c10eb874732d: shutdown FollowerState
2019-10-16 11:35:41,674 [Thread-860] INFO  impl.RaftServerImpl (RaftServerImpl.java:setRole(184)) - a3132885-145f-4a8c-85f4-c10eb874732d@group-2077DD483DC7: changes role from  FOLLOWER to CANDIDATE at term 37 for changeToCandidate
2019-10-16 11:35:41,674 [Thread-860] INFO  impl.RoleInfo (RoleInfo.java:updateAndGet(143)) - a3132885-145f-4a8c-85f4-c10eb874732d: start LeaderElection
2019-10-16 11:35:41,679 [a3132885-145f-4a8c-85f4-c10eb874732d@group-2077DD483DC7-LeaderElection78] INFO  impl.LeaderElection (LeaderElection.java:askForVotes(178)) - a3132885-145f-4a8c-85f4-c10eb874732d@group-2077DD483DC7-LeaderElection78: begin an election at term 38 for -1: [163587bb-2c3b-4498-b576-18147cf38274:192.168.157.203:33208, a3132885-145f-4a8c-85f4-c10eb874732d:192.168.157.203:46766, 70b633f6-b230-4b9f-87f3-510da88f1e08:192.168.157.203:43163], old=null
2019-10-16 11:35:41,681 [grpc-default-executor-1] INFO  impl.RaftServerImpl (RaftServerImpl.java:setRole(184)) - 163587bb-2c3b-4498-b576-18147cf38274@group-2077DD483DC7: changes role from  FOLLOWER to FOLLOWER at term 38 for recognizeCandidate:a3132885-145f-4a8c-85f4-c10eb874732d
2019-10-16 11:35:41,681 [grpc-default-executor-3] INFO  impl.RaftServerImpl (RaftServerImpl.java:setRole(184)) - 70b633f6-b230-4b9f-87f3-510da88f1e08@group-2077DD483DC7: changes role from  FOLLOWER to FOLLOWER at term 38 for recognizeCandidate:a3132885-145f-4a8c-85f4-c10eb874732d
2019-10-16 11:35:41,681 [grpc-default-executor-1] INFO  impl.RoleInfo (RoleInfo.java:shutdownFollowerState(121)) - 163587bb-2c3b-4498-b576-18147cf38274: shutdown FollowerState
2019-10-16 11:35:41,681 [grpc-default-executor-3] INFO  impl.RoleInfo (RoleInfo.java:shutdownFollowerState(121)) - 70b633f6-b230-4b9f-87f3-510da88f1e08: shutdown FollowerState
2019-10-16 11:35:41,681 [Thread-858] INFO  impl.FollowerState (FollowerState.java:run(117)) - 163587bb-2c3b-4498-b576-18147cf38274@group-2077DD483DC7-FollowerState was interrupted: java.lang.InterruptedException: sleep interrupted
2019-10-16 11:35:41,681 [grpc-default-executor-3] INFO  impl.RoleInfo (RoleInfo.java:updateAndGet(143)) - 70b633f6-b230-4b9f-87f3-510da88f1e08: start FollowerState
2019-10-16 11:35:41,681 [grpc-default-executor-1] INFO  impl.RoleInfo (RoleInfo.java:updateAndGet(143)) - 163587bb-2c3b-4498-b576-18147cf38274: start FollowerState
2019-10-16 11:35:41,681 [Thread-859] INFO  impl.FollowerState (FollowerState.java:run(117)) - 70b633f6-b230-4b9f-87f3-510da88f1e08@group-2077DD483DC7-FollowerState was interrupted: java.lang.InterruptedException: sleep interrupted
2019-10-16 11:35:41,694 [a3132885-145f-4a8c-85f4-c10eb874732d@group-2077DD483DC7-LeaderElection78] INFO  impl.LeaderElection (LeaderElection.java:logAndReturn(56)) - a3132885-145f-4a8c-85f4-c10eb874732d@group-2077DD483DC7-LeaderElection78: Election REJECTED; received 2 response(s) [a3132885-145f-4a8c-85f4-c10eb874732d<-163587bb-2c3b-4498-b576-18147cf38274#0:FAIL-t38, a3132885-145f-4a8c-85f4-c10eb874732d<-70b633f6-b230-4b9f-87f3-510da88f1e08#0:FAIL-t38] and 0 exception(s); a3132885-145f-4a8c-85f4-c10eb874732d@group-2077DD483DC7:t38, leader=null, voted=a3132885-145f-4a8c-85f4-c10eb874732d, raftlog=a3132885-145f-4a8c-85f4-c10eb874732d@group-2077DD483DC7-SegmentedRaftLog:OPENED:c-1,f-1,i0, conf=-1: [163587bb-2c3b-4498-b576-18147cf38274:192.168.157.203:33208, a3132885-145f-4a8c-85f4-c10eb874732d:192.168.157.203:46766, 70b633f6-b230-4b9f-87f3-510da88f1e08:192.168.157.203:43163], old=null
2019-10-16 11:35:41,694 [a3132885-145f-4a8c-85f4-c10eb874732d@group-2077DD483DC7-LeaderElection78] INFO  impl.RaftServerImpl (RaftServerImpl.java:setRole(184)) - a3132885-145f-4a8c-85f4-c10eb874732d@group-2077DD483DC7: changes role from CANDIDATE to FOLLOWER at term 38 for DISCOVERED_A_NEW_TERM
2019-10-16 11:35:41,695 [a3132885-145f-4a8c-85f4-c10eb874732d@group-2077DD483DC7-LeaderElection78] INFO  impl.RoleInfo (RoleInfo.java:shutdownLeaderElection(134)) - a3132885-145f-4a8c-85f4-c10eb874732d: shutdown LeaderElection
2019-10-16 11:35:41,695 [a3132885-145f-4a8c-85f4-c10eb874732d@group-2077DD483DC7-LeaderElection78] INFO  impl.RoleInfo (RoleInfo.java:updateAndGet(143)) - a3132885-145f-4a8c-85f4-c10eb874732d: start FollowerState
2019-10-16 11:35:41,719 [Thread-866] INFO  impl.FollowerState (FollowerState.java:run(108)) - 1ee6da7b-5867-4bad-ba0d-a2cfd13fd72a@group-B3673A53AB6F-FollowerState: change to CANDIDATE, lastRpcTime:80ms, electionTimeout:80ms
2019-10-16 11:35:41,719 [Thread-866] INFO  impl.RoleInfo (RoleInfo.java:shutdownFollowerState(121)) - 1ee6da7b-5867-4bad-ba0d-a2cfd13fd72a: shutdown FollowerState
2019-10-16 11:35:41,719 [Thread-866] INFO  impl.RaftServerImpl (RaftServerImpl.java:setRole(184)) - 1ee6da7b-5867-4bad-ba0d-a2cfd13fd72a@group-B3673A53AB6F: changes role from  FOLLOWER to CANDIDATE at term 34 for changeToCandidate
2019-10-16 11:35:41,719 [Thread-866] INFO  impl.RoleInfo (RoleInfo.java:updateAndGet(143)) - 1ee6da7b-5867-4bad-ba0d-a2cfd13fd72a: start LeaderElection
2019-10-16 11:35:41,725 [1ee6da7b-5867-4bad-ba0d-a2cfd13fd72a@group-B3673A53AB6F-LeaderElection79] INFO  impl.LeaderElection (LeaderElection.java:askForVotes(178)) - 1ee6da7b-5867-4bad-ba0d-a2cfd13fd72a@group-B3673A53AB6F-LeaderElection79: begin an election at term 35 for -1: [f94c755f-9f95-40b5-85b9-5e712f3f34e7:192.168.157.203:45275, 1ee6da7b-5867-4bad-ba0d-a2cfd13fd72a:192.168.157.203:35892, 4281bf39-36db-462c-8bc9-3c86cb645344:192.168.157.203:42381], old=null
2019-10-16 11:35:41,727 [grpc-default-executor-1] INFO  impl.RaftServerImpl (RaftServerImpl.java:setRole(184)) - 4281bf39-36db-462c-8bc9-3c86cb645344@group-B3673A53AB6F: changes role from  FOLLOWER to FOLLOWER at term 35 for recognizeCandidate:1ee6da7b-5867-4bad-ba0d-a2cfd13fd72a
2019-10-16 11:35:41,727 [grpc-default-executor-3] INFO  impl.RaftServerImpl (RaftServerImpl.java:setRole(184)) - f94c755f-9f95-40b5-85b9-5e712f3f34e7@group-B3673A53AB6F: changes role from  FOLLOWER to FOLLOWER at term 35 for recognizeCandidate:1ee6da7b-5867-4bad-ba0d-a2cfd13fd72a
2019-10-16 11:35:41,727 [grpc-default-executor-1] INFO  impl.RoleInfo (RoleInfo.java:shutdownFollowerState(121)) - 4281bf39-36db-462c-8bc9-3c86cb645344: shutdown FollowerState
2019-10-16 11:35:41,727 [grpc-default-executor-3] INFO  impl.RoleInfo (RoleInfo.java:shutdownFollowerState(121)) - f94c755f-9f95-40b5-85b9-5e712f3f34e7: shutdown FollowerState
2019-10-16 11:35:41,727 [Thread-865] INFO  impl.FollowerState (FollowerState.java:run(117)) - 4281bf39-36db-462c-8bc9-3c86cb645344@group-B3673A53AB6F-FollowerState was interrupted: java.lang.InterruptedException: sleep interrupted
2019-10-16 11:35:41,727 [grpc-default-executor-1] INFO  impl.RoleInfo (RoleInfo.java:updateAndGet(143)) - 4281bf39-36db-462c-8bc9-3c86cb645344: start FollowerState
2019-10-16 11:35:41,728 [Thread-864] INFO  impl.FollowerState (FollowerState.java:run(117)) - f94c755f-9f95-40b5-85b9-5e712f3f34e7@group-B3673A53AB6F-FollowerState was interrupted: java.lang.InterruptedException: sleep interrupted
2019-10-16 11:35:41,727 [grpc-default-executor-3] INFO  impl.RoleInfo (RoleInfo.java:updateAndGet(143)) - f94c755f-9f95-40b5-85b9-5e712f3f34e7: start FollowerState
2019-10-16 11:35:41,740 [1ee6da7b-5867-4bad-ba0d-a2cfd13fd72a@group-B3673A53AB6F-LeaderElection79] INFO  impl.LeaderElection (LeaderElection.java:logAndReturn(56)) - 1ee6da7b-5867-4bad-ba0d-a2cfd13fd72a@group-B3673A53AB6F-LeaderElection79: Election REJECTED; received 2 response(s) [1ee6da7b-5867-4bad-ba0d-a2cfd13fd72a<-f94c755f-9f95-40b5-85b9-5e712f3f34e7#0:FAIL-t35, 1ee6da7b-5867-4bad-ba0d-a2cfd13fd72a<-4281bf39-36db-462c-8bc9-3c86cb645344#0:FAIL-t35] and 0 exception(s); 1ee6da7b-5867-4bad-ba0d-a2cfd13fd72a@group-B3673A53AB6F:t35, leader=null, voted=1ee6da7b-5867-4bad-ba0d-a2cfd13fd72a, raftlog=1ee6da7b-5867-4bad-ba0d-a2cfd13fd72a@group-B3673A53AB6F-SegmentedRaftLog:OPENED:c-1,f-1,i0, conf=-1: [f94c755f-9f95-40b5-85b9-5e712f3f34e7:192.168.157.203:45275, 1ee6da7b-5867-4bad-ba0d-a2cfd13fd72a:192.168.157.203:35892, 4281bf39-36db-462c-8bc9-3c86cb645344:192.168.157.203:42381], old=null
2019-10-16 11:35:41,741 [1ee6da7b-5867-4bad-ba0d-a2cfd13fd72a@group-B3673A53AB6F-LeaderElection79] INFO  impl.RaftServerImpl (RaftServerImpl.java:setRole(184)) - 1ee6da7b-5867-4bad-ba0d-a2cfd13fd72a@group-B3673A53AB6F: changes role from CANDIDATE to FOLLOWER at term 35 for DISCOVERED_A_NEW_TERM
2019-10-16 11:35:41,741 [1ee6da7b-5867-4bad-ba0d-a2cfd13fd72a@group-B3673A53AB6F-LeaderElection79] INFO  impl.RoleInfo (RoleInfo.java:shutdownLeaderElection(134)) - 1ee6da7b-5867-4bad-ba0d-a2cfd13fd72a: shutdown LeaderElection
2019-10-16 11:35:41,741 [1ee6da7b-5867-4bad-ba0d-a2cfd13fd72a@group-B3673A53AB6F-LeaderElection79] INFO  impl.RoleInfo (RoleInfo.java:updateAndGet(143)) - 1ee6da7b-5867-4bad-ba0d-a2cfd13fd72a: start FollowerState
2019-10-16 11:35:41,821 [Thread-878] INFO  impl.FollowerState (FollowerState.java:run(108)) - 1ee6da7b-5867-4bad-ba0d-a2cfd13fd72a@group-B3673A53AB6F-FollowerState: change to CANDIDATE, lastRpcTime:80ms, electionTimeout:80ms
2019-10-16 11:35:41,821 [Thread-878] INFO  impl.RoleInfo (RoleInfo.java:shutdownFollowerState(121)) - 1ee6da7b-5867-4bad-ba0d-a2cfd13fd72a: shutdown FollowerState
2019-10-16 11:35:41,821 [Thread-878] INFO  impl.RaftServerImpl (RaftServerImpl.java:setRole(184)) - 1ee6da7b-5867-4bad-ba0d-a2cfd13fd72a@group-B3673A53AB6F: changes role from  FOLLOWER to CANDIDATE at term 35 for changeToCandidate
2019-10-16 11:35:41,822 [Thread-878] INFO  impl.RoleInfo (RoleInfo.java:updateAndGet(143)) - 1ee6da7b-5867-4bad-ba0d-a2cfd13fd72a: start LeaderElection
2019-10-16 11:35:41,828 [Thread-872] INFO  impl.FollowerState (FollowerState.java:run(108)) - a3132885-145f-4a8c-85f4-c10eb874732d@group-2077DD483DC7-FollowerState: change to CANDIDATE, lastRpcTime:133ms, electionTimeout:133ms
2019-10-16 11:35:41,828 [Thread-872] INFO  impl.RoleInfo (RoleInfo.java:shutdownFollowerState(121)) - a3132885-145f-4a8c-85f4-c10eb874732d: shutdown FollowerState
2019-10-16 11:35:41,828 [Thread-872] INFO  impl.RaftServerImpl (RaftServerImpl.java:setRole(184)) - a3132885-145f-4a8c-85f4-c10eb874732d@group-2077DD483DC7: changes role from  FOLLOWER to CANDIDATE at term 38 for changeToCandidate
2019-10-16 11:35:41,828 [Thread-872] INFO  impl.RoleInfo (RoleInfo.java:updateAndGet(143)) - a3132885-145f-4a8c-85f4-c10eb874732d: start LeaderElection
2019-10-16 11:35:41,831 [1ee6da7b-5867-4bad-ba0d-a2cfd13fd72a@group-B3673A53AB6F-LeaderElection80] INFO  impl.LeaderElection (LeaderElection.java:askForVotes(178)) - 1ee6da7b-5867-4bad-ba0d-a2cfd13fd72a@group-B3673A53AB6F-LeaderElection80: begin an election at term 36 for -1: [f94c755f-9f95-40b5-85b9-5e712f3f34e7:192.168.157.203:45275, 1ee6da7b-5867-4bad-ba0d-a2cfd13fd72a:192.168.157.203:35892, 4281bf39-36db-462c-8bc9-3c86cb645344:192.168.157.203:42381], old=null
2019-10-16 11:35:41,833 [grpc-default-executor-3] INFO  impl.RaftServerImpl (RaftServerImpl.java:setRole(184)) - f94c755f-9f95-40b5-85b9-5e712f3f34e7@group-B3673A53AB6F: changes role from  FOLLOWER to FOLLOWER at term 36 for recognizeCandidate:1ee6da7b-5867-4bad-ba0d-a2cfd13fd72a
2019-10-16 11:35:41,833 [grpc-default-executor-1] INFO  impl.RaftServerImpl (RaftServerImpl.java:setRole(184)) - 4281bf39-36db-462c-8bc9-3c86cb645344@group-B3673A53AB6F: changes role from  FOLLOWER to FOLLOWER at term 36 for recognizeCandidate:1ee6da7b-5867-4bad-ba0d-a2cfd13fd72a
2019-10-16 11:35:41,833 [a3132885-145f-4a8c-85f4-c10eb874732d@group-2077DD483DC7-LeaderElection81] INFO  impl.LeaderElection (LeaderElection.java:askForVotes(178)) - a3132885-145f-4a8c-85f4-c10eb874732d@group-2077DD483DC7-LeaderElection81: begin an election at term 39 for -1: [163587bb-2c3b-4498-b576-18147cf38274:192.168.157.203:33208, a3132885-145f-4a8c-85f4-c10eb874732d:192.168.157.203:46766, 70b633f6-b230-4b9f-87f3-510da88f1e08:192.168.157.203:43163], old=null
2019-10-16 11:35:41,833 [grpc-default-executor-3] INFO  impl.RoleInfo (RoleInfo.java:shutdownFollowerState(121)) - f94c755f-9f95-40b5-85b9-5e712f3f34e7: shutdown FollowerState
2019-10-16 11:35:41,833 [grpc-default-executor-1] INFO  impl.RoleInfo (RoleInfo.java:shutdownFollowerState(121)) - 4281bf39-36db-462c-8bc9-3c86cb645344: shutdown FollowerState
2019-10-16 11:35:41,833 [grpc-default-executor-3] INFO  impl.RoleInfo (RoleInfo.java:updateAndGet(143)) - f94c755f-9f95-40b5-85b9-5e712f3f34e7: start FollowerState
2019-10-16 11:35:41,833 [Thread-877] INFO  impl.FollowerState (FollowerState.java:run(117)) - f94c755f-9f95-40b5-85b9-5e712f3f34e7@group-B3673A53AB6F-FollowerState was interrupted: java.lang.InterruptedException: sleep interrupted
2019-10-16 11:35:41,833 [grpc-default-executor-1] INFO  impl.RoleInfo (RoleInfo.java:updateAndGet(143)) - 4281bf39-36db-462c-8bc9-3c86cb645344: start FollowerState
2019-10-16 11:35:41,833 [Thread-876] INFO  impl.FollowerState (FollowerState.java:run(117)) - 4281bf39-36db-462c-8bc9-3c86cb645344@group-B3673A53AB6F-FollowerState was interrupted: java.lang.InterruptedException: sleep interrupted
2019-10-16 11:35:41,834 [grpc-default-executor-4] INFO  impl.RaftServerImpl (RaftServerImpl.java:setRole(184)) - 163587bb-2c3b-4498-b576-18147cf38274@group-2077DD483DC7: changes role from  FOLLOWER to FOLLOWER at term 39 for recognizeCandidate:a3132885-145f-4a8c-85f4-c10eb874732d
2019-10-16 11:35:41,834 [grpc-default-executor-4] INFO  impl.RoleInfo (RoleInfo.java:shutdownFollowerState(121)) - 163587bb-2c3b-4498-b576-18147cf38274: shutdown FollowerState
2019-10-16 11:35:41,834 [grpc-default-executor-4] INFO  impl.RoleInfo (RoleInfo.java:updateAndGet(143)) - 163587bb-2c3b-4498-b576-18147cf38274: start FollowerState
2019-10-16 11:35:41,834 [grpc-default-executor-0] INFO  impl.RaftServerImpl (RaftServerImpl.java:setRole(184)) - 70b633f6-b230-4b9f-87f3-510da88f1e08@group-2077DD483DC7: changes role from  FOLLOWER to FOLLOWER at term 39 for recognizeCandidate:a3132885-145f-4a8c-85f4-c10eb874732d
2019-10-16 11:35:41,835 [grpc-default-executor-0] INFO  impl.RoleInfo (RoleInfo.java:shutdownFollowerState(121)) - 70b633f6-b230-4b9f-87f3-510da88f1e08: shutdown FollowerState
2019-10-16 11:35:41,834 [Thread-870] INFO  impl.FollowerState (FollowerState.java:run(117)) - 163587bb-2c3b-4498-b576-18147cf38274@group-2077DD483DC7-FollowerState was interrupted: java.lang.InterruptedException: sleep interrupted
2019-10-16 11:35:41,835 [grpc-default-executor-0] INFO  impl.RoleInfo (RoleInfo.java:updateAndGet(143)) - 70b633f6-b230-4b9f-87f3-510da88f1e08: start FollowerState
2019-10-16 11:35:41,835 [Thread-871] INFO  impl.FollowerState (FollowerState.java:run(117)) - 70b633f6-b230-4b9f-87f3-510da88f1e08@group-2077DD483DC7-FollowerState was interrupted: java.lang.InterruptedException: sleep interrupted
2019-10-16 11:35:41,843 [1ee6da7b-5867-4bad-ba0d-a2cfd13fd72a@group-B3673A53AB6F-LeaderElection80] INFO  impl.LeaderElection (LeaderElection.java:logAndReturn(56)) - 1ee6da7b-5867-4bad-ba0d-a2cfd13fd72a@group-B3673A53AB6F-LeaderElection80: Election REJECTED; received 2 response(s) [1ee6da7b-5867-4bad-ba0d-a2cfd13fd72a<-f94c755f-9f95-40b5-85b9-5e712f3f34e7#0:FAIL-t36, 1ee6da7b-5867-4bad-ba0d-a2cfd13fd72a<-4281bf39-36db-462c-8bc9-3c86cb645344#0:FAIL-t36] and 0 exception(s); 1ee6da7b-5867-4bad-ba0d-a2cfd13fd72a@group-B3673A53AB6F:t36, leader=null, voted=1ee6da7b-5867-4bad-ba0d-a2cfd13fd72a, raftlog=1ee6da7b-5867-4bad-ba0d-a2cfd13fd72a@group-B3673A53AB6F-SegmentedRaftLog:OPENED:c-1,f-1,i0, conf=-1: [f94c755f-9f95-40b5-85b9-5e712f3f34e7:192.168.157.203:45275, 1ee6da7b-5867-4bad-ba0d-a2cfd13fd72a:192.168.157.203:35892, 4281bf39-36db-462c-8bc9-3c86cb645344:192.168.157.203:42381], old=null
2019-10-16 11:35:41,843 [a3132885-145f-4a8c-85f4-c10eb874732d@group-2077DD483DC7-LeaderElection81] INFO  impl.LeaderElection (LeaderElection.java:logAndReturn(56)) - a3132885-145f-4a8c-85f4-c10eb874732d@group-2077DD483DC7-LeaderElection81: Election REJECTED; received 2 response(s) [a3132885-145f-4a8c-85f4-c10eb874732d<-163587bb-2c3b-4498-b576-18147cf38274#0:FAIL-t39, a3132885-145f-4a8c-85f4-c10eb874732d<-70b633f6-b230-4b9f-87f3-510da88f1e08#0:FAIL-t39] and 0 exception(s); a3132885-145f-4a8c-85f4-c10eb874732d@group-2077DD483DC7:t39, leader=null, voted=a3132885-145f-4a8c-85f4-c10eb874732d, raftlog=a3132885-145f-4a8c-85f4-c10eb874732d@group-2077DD483DC7-SegmentedRaftLog:OPENED:c-1,f-1,i0, conf=-1: [163587bb-2c3b-4498-b576-18147cf38274:192.168.157.203:33208, a3132885-145f-4a8c-85f4-c10eb874732d:192.168.157.203:46766, 70b633f6-b230-4b9f-87f3-510da88f1e08:192.168.157.203:43163], old=null
2019-10-16 11:35:41,844 [1ee6da7b-5867-4bad-ba0d-a2cfd13fd72a@group-B3673A53AB6F-LeaderElection80] INFO  impl.RaftServerImpl (RaftServerImpl.java:setRole(184)) - 1ee6da7b-5867-4bad-ba0d-a2cfd13fd72a@group-B3673A53AB6F: changes role from CANDIDATE to FOLLOWER at term 36 for DISCOVERED_A_NEW_TERM
2019-10-16 11:35:41,844 [a3132885-145f-4a8c-85f4-c10eb874732d@group-2077DD483DC7-LeaderElection81] INFO  impl.RaftServerImpl (RaftServerImpl.java:setRole(184)) - a3132885-145f-4a8c-85f4-c10eb874732d@group-2077DD483DC7: changes role from CANDIDATE to FOLLOWER at term 39 for DISCOVERED_A_NEW_TERM
2019-10-16 11:35:41,844 [1ee6da7b-5867-4bad-ba0d-a2cfd13fd72a@group-B3673A53AB6F-LeaderElection80] INFO  impl.RoleInfo (RoleInfo.java:shutdownLeaderElection(134)) - 1ee6da7b-5867-4bad-ba0d-a2cfd13fd72a: shutdown LeaderElection
2019-10-16 11:35:41,844 [a3132885-145f-4a8c-85f4-c10eb874732d@group-2077DD483DC7-LeaderElection81] INFO  impl.RoleInfo (RoleInfo.java:shutdownLeaderElection(134)) - a3132885-145f-4a8c-85f4-c10eb874732d: shutdown LeaderElection
2019-10-16 11:35:41,844 [1ee6da7b-5867-4bad-ba0d-a2cfd13fd72a@group-B3673A53AB6F-LeaderElection80] INFO  impl.RoleInfo (RoleInfo.java:updateAndGet(143)) - 1ee6da7b-5867-4bad-ba0d-a2cfd13fd72a: start FollowerState
2019-10-16 11:35:41,844 [a3132885-145f-4a8c-85f4-c10eb874732d@group-2077DD483DC7-LeaderElection81] INFO  impl.RoleInfo (RoleInfo.java:updateAndGet(143)) - a3132885-145f-4a8c-85f4-c10eb874732d: start FollowerState
2019-10-16 11:35:41,872 [Thread-890] INFO  impl.FollowerState (FollowerState.java:run(108)) - 1ee6da7b-5867-4bad-ba0d-a2cfd13fd72a@group-B3673A53AB6F-FollowerState: change to CANDIDATE, lastRpcTime:28ms, electionTimeout:28ms
2019-10-16 11:35:41,872 [Thread-890] INFO  impl.RoleInfo (RoleInfo.java:shutdownFollowerState(121)) - 1ee6da7b-5867-4bad-ba0d-a2cfd13fd72a: shutdown FollowerState
2019-10-16 11:35:41,872 [Thread-890] INFO  impl.RaftServerImpl (RaftServerImpl.java:setRole(184)) - 1ee6da7b-5867-4bad-ba0d-a2cfd13fd72a@group-B3673A53AB6F: changes role from  FOLLOWER to CANDIDATE at term 36 for changeToCandidate
2019-10-16 11:35:41,873 [Thread-890] INFO  impl.RoleInfo (RoleInfo.java:updateAndGet(143)) - 1ee6da7b-5867-4bad-ba0d-a2cfd13fd72a: start LeaderElection
2019-10-16 11:35:41,886 [1ee6da7b-5867-4bad-ba0d-a2cfd13fd72a@group-B3673A53AB6F-LeaderElection82] INFO  impl.LeaderElection (LeaderElection.java:askForVotes(178)) - 1ee6da7b-5867-4bad-ba0d-a2cfd13fd72a@group-B3673A53AB6F-LeaderElection82: begin an election at term 37 for -1: [f94c755f-9f95-40b5-85b9-5e712f3f34e7:192.168.157.203:45275, 1ee6da7b-5867-4bad-ba0d-a2cfd13fd72a:192.168.157.203:35892, 4281bf39-36db-462c-8bc9-3c86cb645344:192.168.157.203:42381], old=null
2019-10-16 11:35:41,888 [grpc-default-executor-0] INFO  impl.RaftServerImpl (RaftServerImpl.java:setRole(184)) - f94c755f-9f95-40b5-85b9-5e712f3f34e7@group-B3673A53AB6F: changes role from  FOLLOWER to FOLLOWER at term 37 for recognizeCandidate:1ee6da7b-5867-4bad-ba0d-a2cfd13fd72a
2019-10-16 11:35:41,888 [grpc-default-executor-1] INFO  impl.RaftServerImpl (RaftServerImpl.java:setRole(184)) - 4281bf39-36db-462c-8bc9-3c86cb645344@group-B3673A53AB6F: changes role from  FOLLOWER to FOLLOWER at term 37 for recognizeCandidate:1ee6da7b-5867-4bad-ba0d-a2cfd13fd72a
2019-10-16 11:35:41,888 [grpc-default-executor-1] INFO  impl.RoleInfo (RoleInfo.java:shutdownFollowerState(121)) - 4281bf39-36db-462c-8bc9-3c86cb645344: shutdown FollowerState
2019-10-16 11:35:41,888 [grpc-default-executor-0] INFO  impl.RoleInfo (RoleInfo.java:shutdownFollowerState(121)) - f94c755f-9f95-40b5-85b9-5e712f3f34e7: shutdown FollowerState
2019-10-16 11:35:41,888 [Thread-886] INFO  impl.FollowerState (FollowerState.java:run(117)) - 4281bf39-36db-462c-8bc9-3c86cb645344@group-B3673A53AB6F-FollowerState was interrupted: java.lang.InterruptedException: sleep interrupted
2019-10-16 11:35:41,888 [grpc-default-executor-1] INFO  impl.RoleInfo (RoleInfo.java:updateAndGet(143)) - 4281bf39-36db-462c-8bc9-3c86cb645344: start FollowerState
2019-10-16 11:35:41,888 [Thread-885] INFO  impl.FollowerState (FollowerState.java:run(117)) - f94c755f-9f95-40b5-85b9-5e712f3f34e7@group-B3673A53AB6F-FollowerState was interrupted: java.lang.InterruptedException: sleep interrupted
2019-10-16 11:35:41,888 [grpc-default-executor-0] INFO  impl.RoleInfo (RoleInfo.java:updateAndGet(143)) - f94c755f-9f95-40b5-85b9-5e712f3f34e7: start FollowerState
2019-10-16 11:35:41,898 [1ee6da7b-5867-4bad-ba0d-a2cfd13fd72a@group-B3673A53AB6F-LeaderElection82] INFO  impl.LeaderElection (LeaderElection.java:logAndReturn(56)) - 1ee6da7b-5867-4bad-ba0d-a2cfd13fd72a@group-B3673A53AB6F-LeaderElection82: Election REJECTED; received 2 response(s) [1ee6da7b-5867-4bad-ba0d-a2cfd13fd72a<-f94c755f-9f95-40b5-85b9-5e712f3f34e7#0:FAIL-t37, 1ee6da7b-5867-4bad-ba0d-a2cfd13fd72a<-4281bf39-36db-462c-8bc9-3c86cb645344#0:FAIL-t37] and 0 exception(s); 1ee6da7b-5867-4bad-ba0d-a2cfd13fd72a@group-B3673A53AB6F:t37, leader=null, voted=1ee6da7b-5867-4bad-ba0d-a2cfd13fd72a, raftlog=1ee6da7b-5867-4bad-ba0d-a2cfd13fd72a@group-B3673A53AB6F-SegmentedRaftLog:OPENED:c-1,f-1,i0, conf=-1: [f94c755f-9f95-40b5-85b9-5e712f3f34e7:192.168.157.203:45275, 1ee6da7b-5867-4bad-ba0d-a2cfd13fd72a:192.168.157.203:35892, 4281bf39-36db-462c-8bc9-3c86cb645344:192.168.157.203:42381], old=null
2019-10-16 11:35:41,898 [1ee6da7b-5867-4bad-ba0d-a2cfd13fd72a@group-B3673A53AB6F-LeaderElection82] INFO  impl.RaftServerImpl (RaftServerImpl.java:setRole(184)) - 1ee6da7b-5867-4bad-ba0d-a2cfd13fd72a@group-B3673A53AB6F: changes role from CANDIDATE to FOLLOWER at term 37 for DISCOVERED_A_NEW_TERM
2019-10-16 11:35:41,898 [1ee6da7b-5867-4bad-ba0d-a2cfd13fd72a@group-B3673A53AB6F-LeaderElection82] INFO  impl.RoleInfo (RoleInfo.java:shutdownLeaderElection(134)) - 1ee6da7b-5867-4bad-ba0d-a2cfd13fd72a: shutdown LeaderElection
2019-10-16 11:35:41,898 [1ee6da7b-5867-4bad-ba0d-a2cfd13fd72a@group-B3673A53AB6F-LeaderElection82] INFO  impl.RoleInfo (RoleInfo.java:updateAndGet(143)) - 1ee6da7b-5867-4bad-ba0d-a2cfd13fd72a: start FollowerState
2019-10-16 11:35:41,911 [Thread-891] INFO  impl.FollowerState (FollowerState.java:run(108)) - a3132885-145f-4a8c-85f4-c10eb874732d@group-2077DD483DC7-FollowerState: change to CANDIDATE, lastRpcTime:67ms, electionTimeout:67ms
2019-10-16 11:35:41,911 [Thread-891] INFO  impl.RoleInfo (RoleInfo.java:shutdownFollowerState(121)) - a3132885-145f-4a8c-85f4-c10eb874732d: shutdown FollowerState
2019-10-16 11:35:41,911 [Thread-891] INFO  impl.RaftServerImpl (RaftServerImpl.java:setRole(184)) - a3132885-145f-4a8c-85f4-c10eb874732d@group-2077DD483DC7: changes role from  FOLLOWER to CANDIDATE at term 39 for changeToCandidate
2019-10-16 11:35:41,912 [Thread-891] INFO  impl.RoleInfo (RoleInfo.java:updateAndGet(143)) - a3132885-145f-4a8c-85f4-c10eb874732d: start LeaderElection
2019-10-16 11:35:41,915 [a3132885-145f-4a8c-85f4-c10eb874732d@group-2077DD483DC7-LeaderElection83] INFO  impl.LeaderElection (LeaderElection.java:askForVotes(178)) - a3132885-145f-4a8c-85f4-c10eb874732d@group-2077DD483DC7-LeaderElection83: begin an election at term 40 for -1: [163587bb-2c3b-4498-b576-18147cf38274:192.168.157.203:33208, a3132885-145f-4a8c-85f4-c10eb874732d:192.168.157.203:46766, 70b633f6-b230-4b9f-87f3-510da88f1e08:192.168.157.203:43163], old=null
2019-10-16 11:35:41,917 [grpc-default-executor-1] INFO  impl.RaftServerImpl (RaftServerImpl.java:setRole(184)) - 70b633f6-b230-4b9f-87f3-510da88f1e08@group-2077DD483DC7: changes role from  FOLLOWER to FOLLOWER at term 40 for recognizeCandidate:a3132885-145f-4a8c-85f4-c10eb874732d
2019-10-16 11:35:41,917 [grpc-default-executor-0] INFO  impl.RaftServerImpl (RaftServerImpl.java:setRole(184)) - 163587bb-2c3b-4498-b576-18147cf38274@group-2077DD483DC7: changes role from  FOLLOWER to FOLLOWER at term 40 for recognizeCandidate:a3132885-145f-4a8c-85f4-c10eb874732d
2019-10-16 11:35:41,917 [grpc-default-executor-1] INFO  impl.RoleInfo (RoleInfo.java:shutdownFollowerState(121)) - 70b633f6-b230-4b9f-87f3-510da88f1e08: shutdown FollowerState
2019-10-16 11:35:41,917 [grpc-default-executor-0] INFO  impl.RoleInfo (RoleInfo.java:shutdownFollowerState(121)) - 163587bb-2c3b-4498-b576-18147cf38274: shutdown FollowerState
2019-10-16 11:35:41,918 [grpc-default-executor-1] INFO  impl.RoleInfo (RoleInfo.java:updateAndGet(143)) - 70b633f6-b230-4b9f-87f3-510da88f1e08: start FollowerState
2019-10-16 11:35:41,918 [Thread-888] INFO  impl.FollowerState (FollowerState.java:run(117)) - 163587bb-2c3b-4498-b576-18147cf38274@group-2077DD483DC7-FollowerState was interrupted: java.lang.InterruptedException: sleep interrupted
2019-10-16 11:35:41,918 [grpc-default-executor-0] INFO  impl.RoleInfo (RoleInfo.java:updateAndGet(143)) - 163587bb-2c3b-4498-b576-18147cf38274: start FollowerState
2019-10-16 11:35:41,918 [Thread-889] INFO  impl.FollowerState (FollowerState.java:run(117)) - 70b633f6-b230-4b9f-87f3-510da88f1e08@group-2077DD483DC7-FollowerState was interrupted: java.lang.InterruptedException: sleep interrupted
2019-10-16 11:35:41,931 [a3132885-145f-4a8c-85f4-c10eb874732d@group-2077DD483DC7-LeaderElection83] INFO  impl.LeaderElection (LeaderElection.java:logAndReturn(56)) - a3132885-145f-4a8c-85f4-c10eb874732d@group-2077DD483DC7-LeaderElection83: Election REJECTED; received 2 response(s) [a3132885-145f-4a8c-85f4-c10eb874732d<-163587bb-2c3b-4498-b576-18147cf38274#0:FAIL-t40, a3132885-145f-4a8c-85f4-c10eb874732d<-70b633f6-b230-4b9f-87f3-510da88f1e08#0:FAIL-t40] and 0 exception(s); a3132885-145f-4a8c-85f4-c10eb874732d@group-2077DD483DC7:t40, leader=null, voted=a3132885-145f-4a8c-85f4-c10eb874732d, raftlog=a3132885-145f-4a8c-85f4-c10eb874732d@group-2077DD483DC7-SegmentedRaftLog:OPENED:c-1,f-1,i0, conf=-1: [163587bb-2c3b-4498-b576-18147cf38274:192.168.157.203:33208, a3132885-145f-4a8c-85f4-c10eb874732d:192.168.157.203:46766, 70b633f6-b230-4b9f-87f3-510da88f1e08:192.168.157.203:43163], old=null
2019-10-16 11:35:41,931 [a3132885-145f-4a8c-85f4-c10eb874732d@group-2077DD483DC7-LeaderElection83] INFO  impl.RaftServerImpl (RaftServerImpl.java:setRole(184)) - a3132885-145f-4a8c-85f4-c10eb874732d@group-2077DD483DC7: changes role from CANDIDATE to FOLLOWER at term 40 for DISCOVERED_A_NEW_TERM
2019-10-16 11:35:41,931 [a3132885-145f-4a8c-85f4-c10eb874732d@group-2077DD483DC7-LeaderElection83] INFO  impl.RoleInfo (RoleInfo.java:shutdownLeaderElection(134)) - a3132885-145f-4a8c-85f4-c10eb874732d: shutdown LeaderElection
2019-10-16 11:35:41,931 [a3132885-145f-4a8c-85f4-c10eb874732d@group-2077DD483DC7-LeaderElection83] INFO  impl.RoleInfo (RoleInfo.java:updateAndGet(143)) - a3132885-145f-4a8c-85f4-c10eb874732d: start FollowerState
2019-10-16 11:35:42,054 [Thread-898] INFO  impl.FollowerState (FollowerState.java:run(108)) - 1ee6da7b-5867-4bad-ba0d-a2cfd13fd72a@group-B3673A53AB6F-FollowerState: change to CANDIDATE, lastRpcTime:156ms, electionTimeout:156ms
2019-10-16 11:35:42,054 [Thread-898] INFO  impl.RoleInfo (RoleInfo.java:shutdownFollowerState(121)) - 1ee6da7b-5867-4bad-ba0d-a2cfd13fd72a: shutdown FollowerState
2019-10-16 11:35:42,055 [Thread-898] INFO  impl.RaftServerImpl (RaftServerImpl.java:setRole(184)) - 1ee6da7b-5867-4bad-ba0d-a2cfd13fd72a@group-B3673A53AB6F: changes role from  FOLLOWER to CANDIDATE at term 37 for changeToCandidate
2019-10-16 11:35:42,055 [Thread-898] INFO  impl.RoleInfo (RoleInfo.java:updateAndGet(143)) - 1ee6da7b-5867-4bad-ba0d-a2cfd13fd72a: start LeaderElection
2019-10-16 11:35:42,064 [Thread-904] INFO  impl.FollowerState (FollowerState.java:run(108)) - a3132885-145f-4a8c-85f4-c10eb874732d@group-2077DD483DC7-FollowerState: change to CANDIDATE, lastRpcTime:132ms, electionTimeout:132ms
2019-10-16 11:35:42,064 [Thread-904] INFO  impl.RoleInfo (RoleInfo.java:shutdownFollowerState(121)) - a3132885-145f-4a8c-85f4-c10eb874732d: shutdown FollowerState
2019-10-16 11:35:42,064 [Thread-904] INFO  impl.RaftServerImpl (RaftServerImpl.java:setRole(184)) - a3132885-145f-4a8c-85f4-c10eb874732d@group-2077DD483DC7: changes role from  FOLLOWER to CANDIDATE at term 40 for changeToCandidate
2019-10-16 11:35:42,065 [Thread-904] INFO  impl.RoleInfo (RoleInfo.java:updateAndGet(143)) - a3132885-145f-4a8c-85f4-c10eb874732d: start LeaderElection
2019-10-16 11:35:42,078 [1ee6da7b-5867-4bad-ba0d-a2cfd13fd72a@group-B3673A53AB6F-LeaderElection84] INFO  impl.LeaderElection (LeaderElection.java:askForVotes(178)) - 1ee6da7b-5867-4bad-ba0d-a2cfd13fd72a@group-B3673A53AB6F-LeaderElection84: begin an election at term 38 for -1: [f94c755f-9f95-40b5-85b9-5e712f3f34e7:192.168.157.203:45275, 1ee6da7b-5867-4bad-ba0d-a2cfd13fd72a:192.168.157.203:35892, 4281bf39-36db-462c-8bc9-3c86cb645344:192.168.157.203:42381], old=null
2019-10-16 11:35:42,081 [grpc-default-executor-1] INFO  impl.RaftServerImpl (RaftServerImpl.java:setRole(184)) - 4281bf39-36db-462c-8bc9-3c86cb645344@group-B3673A53AB6F: changes role from  FOLLOWER to FOLLOWER at term 38 for recognizeCandidate:1ee6da7b-5867-4bad-ba0d-a2cfd13fd72a
2019-10-16 11:35:42,082 [grpc-default-executor-0] INFO  impl.RaftServerImpl (RaftServerImpl.java:setRole(184)) - f94c755f-9f95-40b5-85b9-5e712f3f34e7@group-B3673A53AB6F: changes role from  FOLLOWER to FOLLOWER at term 38 for recognizeCandidate:1ee6da7b-5867-4bad-ba0d-a2cfd13fd72a
2019-10-16 11:35:42,082 [grpc-default-executor-1] INFO  impl.RoleInfo (RoleInfo.java:shutdownFollowerState(121)) - 4281bf39-36db-462c-8bc9-3c86cb645344: shutdown FollowerState
2019-10-16 11:35:42,082 [grpc-default-executor-0] INFO  impl.RoleInfo (RoleInfo.java:shutdownFollowerState(121)) - f94c755f-9f95-40b5-85b9-5e712f3f34e7: shutdown FollowerState
2019-10-16 11:35:42,082 [grpc-default-executor-1] INFO  impl.RoleInfo (RoleInfo.java:updateAndGet(143)) - 4281bf39-36db-462c-8bc9-3c86cb645344: start FollowerState
2019-10-16 11:35:42,082 [Thread-897] INFO  impl.FollowerState (FollowerState.java:run(117)) - f94c755f-9f95-40b5-85b9-5e712f3f34e7@group-B3673A53AB6F-FollowerState was interrupted: java.lang.InterruptedException: sleep interrupted
2019-10-16 11:35:42,082 [grpc-default-executor-0] INFO  impl.RoleInfo (RoleInfo.java:updateAndGet(143)) - f94c755f-9f95-40b5-85b9-5e712f3f34e7: start FollowerState
2019-10-16 11:35:42,082 [Thread-896] INFO  impl.FollowerState (FollowerState.java:run(117)) - 4281bf39-36db-462c-8bc9-3c86cb645344@group-B3673A53AB6F-FollowerState was interrupted: java.lang.InterruptedException: sleep interrupted
2019-10-16 11:35:42,083 [a3132885-145f-4a8c-85f4-c10eb874732d@group-2077DD483DC7-LeaderElection85] INFO  impl.LeaderElection (LeaderElection.java:askForVotes(178)) - a3132885-145f-4a8c-85f4-c10eb874732d@group-2077DD483DC7-LeaderElection85: begin an election at term 41 for -1: [163587bb-2c3b-4498-b576-18147cf38274:192.168.157.203:33208, a3132885-145f-4a8c-85f4-c10eb874732d:192.168.157.203:46766, 70b633f6-b230-4b9f-87f3-510da88f1e08:192.168.157.203:43163], old=null
2019-10-16 11:35:42,085 [grpc-default-executor-3] INFO  impl.RaftServerImpl (RaftServerImpl.java:setRole(184)) - 163587bb-2c3b-4498-b576-18147cf38274@group-2077DD483DC7: changes role from  FOLLOWER to FOLLOWER at term 41 for recognizeCandidate:a3132885-145f-4a8c-85f4-c10eb874732d
2019-10-16 11:35:42,085 [grpc-default-executor-3] INFO  impl.RoleInfo (RoleInfo.java:shutdownFollowerState(121)) - 163587bb-2c3b-4498-b576-18147cf38274: shutdown FollowerState
2019-10-16 11:35:42,085 [grpc-default-executor-4] INFO  impl.RaftServerImpl (RaftServerImpl.java:setRole(184)) - 70b633f6-b230-4b9f-87f3-510da88f1e08@group-2077DD483DC7: changes role from  FOLLOWER to FOLLOWER at term 41 for recognizeCandidate:a3132885-145f-4a8c-85f4-c10eb874732d
2019-10-16 11:35:42,085 [Thread-903] INFO  impl.FollowerState (FollowerState.java:run(117)) - 163587bb-2c3b-4498-b576-18147cf38274@group-2077DD483DC7-FollowerState was interrupted: java.lang.InterruptedException: sleep interrupted
2019-10-16 11:35:42,085 [grpc-default-executor-3] INFO  impl.RoleInfo (RoleInfo.java:updateAndGet(143)) - 163587bb-2c3b-4498-b576-18147cf38274: start FollowerState
2019-10-16 11:35:42,085 [grpc-default-executor-4] INFO  impl.RoleInfo (RoleInfo.java:shutdownFollowerState(121)) - 70b633f6-b230-4b9f-87f3-510da88f1e08: shutdown FollowerState
2019-10-16 11:35:42,086 [grpc-default-executor-4] INFO  impl.RoleInfo (RoleInfo.java:updateAndGet(143)) - 70b633f6-b230-4b9f-87f3-510da88f1e08: start FollowerState
2019-10-16 11:35:42,086 [Thread-902] INFO  impl.FollowerState (FollowerState.java:run(117)) - 70b633f6-b230-4b9f-87f3-510da88f1e08@group-2077DD483DC7-FollowerState was interrupted: java.lang.InterruptedException: sleep interrupted
2019-10-16 11:35:42,088 [1ee6da7b-5867-4bad-ba0d-a2cfd13fd72a@group-B3673A53AB6F-LeaderElection84] INFO  impl.LeaderElection (LeaderElection.java:logAndReturn(56)) - 1ee6da7b-5867-4bad-ba0d-a2cfd13fd72a@group-B3673A53AB6F-LeaderElection84: Election REJECTED; received 2 response(s) [1ee6da7b-5867-4bad-ba0d-a2cfd13fd72a<-f94c755f-9f95-40b5-85b9-5e712f3f34e7#0:FAIL-t38, 1ee6da7b-5867-4bad-ba0d-a2cfd13fd72a<-4281bf39-36db-462c-8bc9-3c86cb645344#0:FAIL-t38] and 0 exception(s); 1ee6da7b-5867-4bad-ba0d-a2cfd13fd72a@group-B3673A53AB6F:t38, leader=null, voted=1ee6da7b-5867-4bad-ba0d-a2cfd13fd72a, raftlog=1ee6da7b-5867-4bad-ba0d-a2cfd13fd72a@group-B3673A53AB6F-SegmentedRaftLog:OPENED:c-1,f-1,i0, conf=-1: [f94c755f-9f95-40b5-85b9-5e712f3f34e7:192.168.157.203:45275, 1ee6da7b-5867-4bad-ba0d-a2cfd13fd72a:192.168.157.203:35892, 4281bf39-36db-462c-8bc9-3c86cb645344:192.168.157.203:42381], old=null
2019-10-16 11:35:42,088 [1ee6da7b-5867-4bad-ba0d-a2cfd13fd72a@group-B3673A53AB6F-LeaderElection84] INFO  impl.RaftServerImpl (RaftServerImpl.java:setRole(184)) - 1ee6da7b-5867-4bad-ba0d-a2cfd13fd72a@group-B3673A53AB6F: changes role from CANDIDATE to FOLLOWER at term 38 for DISCOVERED_A_NEW_TERM
2019-10-16 11:35:42,088 [1ee6da7b-5867-4bad-ba0d-a2cfd13fd72a@group-B3673A53AB6F-LeaderElection84] INFO  impl.RoleInfo (RoleInfo.java:shutdownLeaderElection(134)) - 1ee6da7b-5867-4bad-ba0d-a2cfd13fd72a: shutdown LeaderElection
2019-10-16 11:35:42,088 [1ee6da7b-5867-4bad-ba0d-a2cfd13fd72a@group-B3673A53AB6F-LeaderElection84] INFO  impl.RoleInfo (RoleInfo.java:updateAndGet(143)) - 1ee6da7b-5867-4bad-ba0d-a2cfd13fd72a: start FollowerState
2019-10-16 11:35:42,093 [a3132885-145f-4a8c-85f4-c10eb874732d@group-2077DD483DC7-LeaderElection85] INFO  impl.LeaderElection (LeaderElection.java:logAndReturn(56)) - a3132885-145f-4a8c-85f4-c10eb874732d@group-2077DD483DC7-LeaderElection85: Election REJECTED; received 2 response(s) [a3132885-145f-4a8c-85f4-c10eb874732d<-163587bb-2c3b-4498-b576-18147cf38274#0:FAIL-t41, a3132885-145f-4a8c-85f4-c10eb874732d<-70b633f6-b230-4b9f-87f3-510da88f1e08#0:FAIL-t41] and 0 exception(s); a3132885-145f-4a8c-85f4-c10eb874732d@group-2077DD483DC7:t41, leader=null, voted=a3132885-145f-4a8c-85f4-c10eb874732d, raftlog=a3132885-145f-4a8c-85f4-c10eb874732d@group-2077DD483DC7-SegmentedRaftLog:OPENED:c-1,f-1,i0, conf=-1: [163587bb-2c3b-4498-b576-18147cf38274:192.168.157.203:33208, a3132885-145f-4a8c-85f4-c10eb874732d:192.168.157.203:46766, 70b633f6-b230-4b9f-87f3-510da88f1e08:192.168.157.203:43163], old=null
2019-10-16 11:35:42,094 [a3132885-145f-4a8c-85f4-c10eb874732d@group-2077DD483DC7-LeaderElection85] INFO  impl.RaftServerImpl (RaftServerImpl.java:setRole(184)) - a3132885-145f-4a8c-85f4-c10eb874732d@group-2077DD483DC7: changes role from CANDIDATE to FOLLOWER at term 41 for DISCOVERED_A_NEW_TERM
2019-10-16 11:35:42,094 [a3132885-145f-4a8c-85f4-c10eb874732d@group-2077DD483DC7-LeaderElection85] INFO  impl.RoleInfo (RoleInfo.java:shutdownLeaderElection(134)) - a3132885-145f-4a8c-85f4-c10eb874732d: shutdown LeaderElection
2019-10-16 11:35:42,094 [a3132885-145f-4a8c-85f4-c10eb874732d@group-2077DD483DC7-LeaderElection85] INFO  impl.RoleInfo (RoleInfo.java:updateAndGet(143)) - a3132885-145f-4a8c-85f4-c10eb874732d: start FollowerState
2019-10-16 11:35:42,102 [Thread-915] INFO  impl.FollowerState (FollowerState.java:run(108)) - 1ee6da7b-5867-4bad-ba0d-a2cfd13fd72a@group-B3673A53AB6F-FollowerState: change to CANDIDATE, lastRpcTime:13ms, electionTimeout:13ms
2019-10-16 11:35:42,102 [Thread-915] INFO  impl.RoleInfo (RoleInfo.java:shutdownFollowerState(121)) - 1ee6da7b-5867-4bad-ba0d-a2cfd13fd72a: shutdown FollowerState
2019-10-16 11:35:42,102 [Thread-915] INFO  impl.RaftServerImpl (RaftServerImpl.java:setRole(184)) - 1ee6da7b-5867-4bad-ba0d-a2cfd13fd72a@group-B3673A53AB6F: changes role from  FOLLOWER to CANDIDATE at term 38 for changeToCandidate
2019-10-16 11:35:42,102 [Thread-915] INFO  impl.RoleInfo (RoleInfo.java:updateAndGet(143)) - 1ee6da7b-5867-4bad-ba0d-a2cfd13fd72a: start LeaderElection
2019-10-16 11:35:42,127 [1ee6da7b-5867-4bad-ba0d-a2cfd13fd72a@group-B3673A53AB6F-LeaderElection86] INFO  impl.LeaderElection (LeaderElection.java:askForVotes(178)) - 1ee6da7b-5867-4bad-ba0d-a2cfd13fd72a@group-B3673A53AB6F-LeaderElection86: begin an election at term 39 for -1: [f94c755f-9f95-40b5-85b9-5e712f3f34e7:192.168.157.203:45275, 1ee6da7b-5867-4bad-ba0d-a2cfd13fd72a:192.168.157.203:35892, 4281bf39-36db-462c-8bc9-3c86cb645344:192.168.157.203:42381], old=null
2019-10-16 11:35:42,130 [grpc-default-executor-3] INFO  impl.RaftServerImpl (RaftServerImpl.java:setRole(184)) - 4281bf39-36db-462c-8bc9-3c86cb645344@group-B3673A53AB6F: changes role from  FOLLOWER to FOLLOWER at term 39 for recognizeCandidate:1ee6da7b-5867-4bad-ba0d-a2cfd13fd72a
2019-10-16 11:35:42,130 [grpc-default-executor-4] INFO  impl.RaftServerImpl (RaftServerImpl.java:setRole(184)) - f94c755f-9f95-40b5-85b9-5e712f3f34e7@group-B3673A53AB6F: changes role from  FOLLOWER to FOLLOWER at term 39 for recognizeCandidate:1ee6da7b-5867-4bad-ba0d-a2cfd13fd72a
2019-10-16 11:35:42,130 [grpc-default-executor-3] INFO  impl.RoleInfo (RoleInfo.java:shutdownFollowerState(121)) - 4281bf39-36db-462c-8bc9-3c86cb645344: shutdown FollowerState
2019-10-16 11:35:42,130 [grpc-default-executor-4] INFO  impl.RoleInfo (RoleInfo.java:shutdownFollowerState(121)) - f94c755f-9f95-40b5-85b9-5e712f3f34e7: shutdown FollowerState
2019-10-16 11:35:42,130 [Thread-909] INFO  impl.FollowerState (FollowerState.java:run(117)) - 4281bf39-36db-462c-8bc9-3c86cb645344@group-B3673A53AB6F-FollowerState was interrupted: java.lang.InterruptedException: sleep interrupted
2019-10-16 11:35:42,130 [grpc-default-executor-4] INFO  impl.RoleInfo (RoleInfo.java:updateAndGet(143)) - f94c755f-9f95-40b5-85b9-5e712f3f34e7: start FollowerState
2019-10-16 11:35:42,130 [grpc-default-executor-3] INFO  impl.RoleInfo (RoleInfo.java:updateAndGet(143)) - 4281bf39-36db-462c-8bc9-3c86cb645344: start FollowerState
2019-10-16 11:35:42,130 [Thread-910] INFO  impl.FollowerState (FollowerState.java:run(117)) - f94c755f-9f95-40b5-85b9-5e712f3f34e7@group-B3673A53AB6F-FollowerState was interrupted: java.lang.InterruptedException: sleep interrupted
2019-10-16 11:35:42,139 [1ee6da7b-5867-4bad-ba0d-a2cfd13fd72a@group-B3673A53AB6F-LeaderElection86] INFO  impl.LeaderElection (LeaderElection.java:logAndReturn(56)) - 1ee6da7b-5867-4bad-ba0d-a2cfd13fd72a@group-B3673A53AB6F-LeaderElection86: Election REJECTED; received 2 response(s) [1ee6da7b-5867-4bad-ba0d-a2cfd13fd72a<-f94c755f-9f95-40b5-85b9-5e712f3f34e7#0:FAIL-t39, 1ee6da7b-5867-4bad-ba0d-a2cfd13fd72a<-4281bf39-36db-462c-8bc9-3c86cb645344#0:FAIL-t39] and 0 exception(s); 1ee6da7b-5867-4bad-ba0d-a2cfd13fd72a@group-B3673A53AB6F:t39, leader=null, voted=1ee6da7b-5867-4bad-ba0d-a2cfd13fd72a, raftlog=1ee6da7b-5867-4bad-ba0d-a2cfd13fd72a@group-B3673A53AB6F-SegmentedRaftLog:OPENED:c-1,f-1,i0, conf=-1: [f94c755f-9f95-40b5-85b9-5e712f3f34e7:192.168.157.203:45275, 1ee6da7b-5867-4bad-ba0d-a2cfd13fd72a:192.168.157.203:35892, 4281bf39-36db-462c-8bc9-3c86cb645344:192.168.157.203:42381], old=null
2019-10-16 11:35:42,139 [1ee6da7b-5867-4bad-ba0d-a2cfd13fd72a@group-B3673A53AB6F-LeaderElection86] INFO  impl.RaftServerImpl (RaftServerImpl.java:setRole(184)) - 1ee6da7b-5867-4bad-ba0d-a2cfd13fd72a@group-B3673A53AB6F: changes role from CANDIDATE to FOLLOWER at term 39 for DISCOVERED_A_NEW_TERM
2019-10-16 11:35:42,139 [1ee6da7b-5867-4bad-ba0d-a2cfd13fd72a@group-B3673A53AB6F-LeaderElection86] INFO  impl.RoleInfo (RoleInfo.java:shutdownLeaderElection(134)) - 1ee6da7b-5867-4bad-ba0d-a2cfd13fd72a: shutdown LeaderElection
2019-10-16 11:35:42,139 [1ee6da7b-5867-4bad-ba0d-a2cfd13fd72a@group-B3673A53AB6F-LeaderElection86] INFO  impl.RoleInfo (RoleInfo.java:updateAndGet(143)) - 1ee6da7b-5867-4bad-ba0d-a2cfd13fd72a: start FollowerState
2019-10-16 11:35:42,178 [Thread-922] INFO  impl.FollowerState (FollowerState.java:run(108)) - 1ee6da7b-5867-4bad-ba0d-a2cfd13fd72a@group-B3673A53AB6F-FollowerState: change to CANDIDATE, lastRpcTime:38ms, electionTimeout:38ms
2019-10-16 11:35:42,178 [Thread-922] INFO  impl.RoleInfo (RoleInfo.java:shutdownFollowerState(121)) - 1ee6da7b-5867-4bad-ba0d-a2cfd13fd72a: shutdown FollowerState
2019-10-16 11:35:42,178 [Thread-922] INFO  impl.RaftServerImpl (RaftServerImpl.java:setRole(184)) - 1ee6da7b-5867-4bad-ba0d-a2cfd13fd72a@group-B3673A53AB6F: changes role from  FOLLOWER to CANDIDATE at term 39 for changeToCandidate
2019-10-16 11:35:42,178 [Thread-922] INFO  impl.RoleInfo (RoleInfo.java:updateAndGet(143)) - 1ee6da7b-5867-4bad-ba0d-a2cfd13fd72a: start LeaderElection
2019-10-16 11:35:42,193 [1ee6da7b-5867-4bad-ba0d-a2cfd13fd72a@group-B3673A53AB6F-LeaderElection87] INFO  impl.LeaderElection (LeaderElection.java:askForVotes(178)) - 1ee6da7b-5867-4bad-ba0d-a2cfd13fd72a@group-B3673A53AB6F-LeaderElection87: begin an election at term 40 for -1: [f94c755f-9f95-40b5-85b9-5e712f3f34e7:192.168.157.203:45275, 1ee6da7b-5867-4bad-ba0d-a2cfd13fd72a:192.168.157.203:35892, 4281bf39-36db-462c-8bc9-3c86cb645344:192.168.157.203:42381], old=null
2019-10-16 11:35:42,195 [grpc-default-executor-3] INFO  impl.RaftServerImpl (RaftServerImpl.java:setRole(184)) - f94c755f-9f95-40b5-85b9-5e712f3f34e7@group-B3673A53AB6F: changes role from  FOLLOWER to FOLLOWER at term 40 for recognizeCandidate:1ee6da7b-5867-4bad-ba0d-a2cfd13fd72a
2019-10-16 11:35:42,195 [grpc-default-executor-4] INFO  impl.RaftServerImpl (RaftServerImpl.java:setRole(184)) - 4281bf39-36db-462c-8bc9-3c86cb645344@group-B3673A53AB6F: changes role from  FOLLOWER to FOLLOWER at term 40 for recognizeCandidate:1ee6da7b-5867-4bad-ba0d-a2cfd13fd72a
2019-10-16 11:35:42,195 [grpc-default-executor-3] INFO  impl.RoleInfo (RoleInfo.java:shutdownFollowerState(121)) - f94c755f-9f95-40b5-85b9-5e712f3f34e7: shutdown FollowerState
2019-10-16 11:35:42,195 [grpc-default-executor-4] INFO  impl.RoleInfo (RoleInfo.java:shutdownFollowerState(121)) - 4281bf39-36db-462c-8bc9-3c86cb645344: shutdown FollowerState
2019-10-16 11:35:42,195 [grpc-default-executor-3] INFO  impl.RoleInfo (RoleInfo.java:updateAndGet(143)) - f94c755f-9f95-40b5-85b9-5e712f3f34e7: start FollowerState
2019-10-16 11:35:42,195 [Thread-920] INFO  impl.FollowerState (FollowerState.java:run(117)) - 4281bf39-36db-462c-8bc9-3c86cb645344@group-B3673A53AB6F-FollowerState was interrupted: java.lang.InterruptedException: sleep interrupted
2019-10-16 11:35:42,195 [grpc-default-executor-4] INFO  impl.RoleInfo (RoleInfo.java:updateAndGet(143)) - 4281bf39-36db-462c-8bc9-3c86cb645344: start FollowerState
2019-10-16 11:35:42,195 [Thread-921] INFO  impl.FollowerState (FollowerState.java:run(117)) - f94c755f-9f95-40b5-85b9-5e712f3f34e7@group-B3673A53AB6F-FollowerState was interrupted: java.lang.InterruptedException: sleep interrupted
2019-10-16 11:35:42,210 [1ee6da7b-5867-4bad-ba0d-a2cfd13fd72a@group-B3673A53AB6F-LeaderElection87] INFO  impl.LeaderElection (LeaderElection.java:logAndReturn(56)) - 1ee6da7b-5867-4bad-ba0d-a2cfd13fd72a@group-B3673A53AB6F-LeaderElection87: Election REJECTED; received 2 response(s) [1ee6da7b-5867-4bad-ba0d-a2cfd13fd72a<-f94c755f-9f95-40b5-85b9-5e712f3f34e7#0:FAIL-t40, 1ee6da7b-5867-4bad-ba0d-a2cfd13fd72a<-4281bf39-36db-462c-8bc9-3c86cb645344#0:FAIL-t40] and 0 exception(s); 1ee6da7b-5867-4bad-ba0d-a2cfd13fd72a@group-B3673A53AB6F:t40, leader=null, voted=1ee6da7b-5867-4bad-ba0d-a2cfd13fd72a, raftlog=1ee6da7b-5867-4bad-ba0d-a2cfd13fd72a@group-B3673A53AB6F-SegmentedRaftLog:OPENED:c-1,f-1,i0, conf=-1: [f94c755f-9f95-40b5-85b9-5e712f3f34e7:192.168.157.203:45275, 1ee6da7b-5867-4bad-ba0d-a2cfd13fd72a:192.168.157.203:35892, 4281bf39-36db-462c-8bc9-3c86cb645344:192.168.157.203:42381], old=null
2019-10-16 11:35:42,210 [1ee6da7b-5867-4bad-ba0d-a2cfd13fd72a@group-B3673A53AB6F-LeaderElection87] INFO  impl.RaftServerImpl (RaftServerImpl.java:setRole(184)) - 1ee6da7b-5867-4bad-ba0d-a2cfd13fd72a@group-B3673A53AB6F: changes role from CANDIDATE to FOLLOWER at term 40 for DISCOVERED_A_NEW_TERM
2019-10-16 11:35:42,210 [1ee6da7b-5867-4bad-ba0d-a2cfd13fd72a@group-B3673A53AB6F-LeaderElection87] INFO  impl.RoleInfo (RoleInfo.java:shutdownLeaderElection(134)) - 1ee6da7b-5867-4bad-ba0d-a2cfd13fd72a: shutdown LeaderElection
2019-10-16 11:35:42,210 [1ee6da7b-5867-4bad-ba0d-a2cfd13fd72a@group-B3673A53AB6F-LeaderElection87] INFO  impl.RoleInfo (RoleInfo.java:updateAndGet(143)) - 1ee6da7b-5867-4bad-ba0d-a2cfd13fd72a: start FollowerState
2019-10-16 11:35:42,223 [Thread-916] INFO  impl.FollowerState (FollowerState.java:run(108)) - a3132885-145f-4a8c-85f4-c10eb874732d@group-2077DD483DC7-FollowerState: change to CANDIDATE, lastRpcTime:128ms, electionTimeout:128ms
2019-10-16 11:35:42,223 [Thread-916] INFO  impl.RoleInfo (RoleInfo.java:shutdownFollowerState(121)) - a3132885-145f-4a8c-85f4-c10eb874732d: shutdown FollowerState
2019-10-16 11:35:42,223 [Thread-916] INFO  impl.RaftServerImpl (RaftServerImpl.java:setRole(184)) - a3132885-145f-4a8c-85f4-c10eb874732d@group-2077DD483DC7: changes role from  FOLLOWER to CANDIDATE at term 41 for changeToCandidate
2019-10-16 11:35:42,223 [Thread-916] INFO  impl.RoleInfo (RoleInfo.java:updateAndGet(143)) - a3132885-145f-4a8c-85f4-c10eb874732d: start LeaderElection
2019-10-16 11:35:42,226 [a3132885-145f-4a8c-85f4-c10eb874732d@group-2077DD483DC7-LeaderElection88] INFO  impl.LeaderElection (LeaderElection.java:askForVotes(178)) - a3132885-145f-4a8c-85f4-c10eb874732d@group-2077DD483DC7-LeaderElection88: begin an election at term 42 for -1: [163587bb-2c3b-4498-b576-18147cf38274:192.168.157.203:33208, a3132885-145f-4a8c-85f4-c10eb874732d:192.168.157.203:46766, 70b633f6-b230-4b9f-87f3-510da88f1e08:192.168.157.203:43163], old=null
2019-10-16 11:35:42,228 [grpc-default-executor-4] INFO  impl.RaftServerImpl (RaftServerImpl.java:setRole(184)) - 163587bb-2c3b-4498-b576-18147cf38274@group-2077DD483DC7: changes role from  FOLLOWER to FOLLOWER at term 42 for recognizeCandidate:a3132885-145f-4a8c-85f4-c10eb874732d
2019-10-16 11:35:42,228 [grpc-default-executor-3] INFO  impl.RaftServerImpl (RaftServerImpl.java:setRole(184)) - 70b633f6-b230-4b9f-87f3-510da88f1e08@group-2077DD483DC7: changes role from  FOLLOWER to FOLLOWER at term 42 for recognizeCandidate:a3132885-145f-4a8c-85f4-c10eb874732d
2019-10-16 11:35:42,228 [grpc-default-executor-4] INFO  impl.RoleInfo (RoleInfo.java:shutdownFollowerState(121)) - 163587bb-2c3b-4498-b576-18147cf38274: shutdown FollowerState
2019-10-16 11:35:42,228 [grpc-default-executor-3] INFO  impl.RoleInfo (RoleInfo.java:shutdownFollowerState(121)) - 70b633f6-b230-4b9f-87f3-510da88f1e08: shutdown FollowerState
2019-10-16 11:35:42,228 [Thread-913] INFO  impl.FollowerState (FollowerState.java:run(117)) - 163587bb-2c3b-4498-b576-18147cf38274@group-2077DD483DC7-FollowerState was interrupted: java.lang.InterruptedException: sleep interrupted
2019-10-16 11:35:42,229 [Thread-914] INFO  impl.FollowerState (FollowerState.java:run(117)) - 70b633f6-b230-4b9f-87f3-510da88f1e08@group-2077DD483DC7-FollowerState was interrupted: java.lang.InterruptedException: sleep interrupted
2019-10-16 11:35:42,228 [grpc-default-executor-4] INFO  impl.RoleInfo (RoleInfo.java:updateAndGet(143)) - 163587bb-2c3b-4498-b576-18147cf38274: start FollowerState
2019-10-16 11:35:42,229 [grpc-default-executor-3] INFO  impl.RoleInfo (RoleInfo.java:updateAndGet(143)) - 70b633f6-b230-4b9f-87f3-510da88f1e08: start FollowerState
2019-10-16 11:35:42,240 [a3132885-145f-4a8c-85f4-c10eb874732d@group-2077DD483DC7-LeaderElection88] INFO  impl.LeaderElection (LeaderElection.java:logAndReturn(56)) - a3132885-145f-4a8c-85f4-c10eb874732d@group-2077DD483DC7-LeaderElection88: Election REJECTED; received 2 response(s) [a3132885-145f-4a8c-85f4-c10eb874732d<-163587bb-2c3b-4498-b576-18147cf38274#0:FAIL-t42, a3132885-145f-4a8c-85f4-c10eb874732d<-70b633f6-b230-4b9f-87f3-510da88f1e08#0:FAIL-t42] and 0 exception(s); a3132885-145f-4a8c-85f4-c10eb874732d@group-2077DD483DC7:t42, leader=null, voted=a3132885-145f-4a8c-85f4-c10eb874732d, raftlog=a3132885-145f-4a8c-85f4-c10eb874732d@group-2077DD483DC7-SegmentedRaftLog:OPENED:c-1,f-1,i0, conf=-1: [163587bb-2c3b-4498-b576-18147cf38274:192.168.157.203:33208, a3132885-145f-4a8c-85f4-c10eb874732d:192.168.157.203:46766, 70b633f6-b230-4b9f-87f3-510da88f1e08:192.168.157.203:43163], old=null
2019-10-16 11:35:42,240 [a3132885-145f-4a8c-85f4-c10eb874732d@group-2077DD483DC7-LeaderElection88] INFO  impl.RaftServerImpl (RaftServerImpl.java:setRole(184)) - a3132885-145f-4a8c-85f4-c10eb874732d@group-2077DD483DC7: changes role from CANDIDATE to FOLLOWER at term 42 for DISCOVERED_A_NEW_TERM
2019-10-16 11:35:42,240 [a3132885-145f-4a8c-85f4-c10eb874732d@group-2077DD483DC7-LeaderElection88] INFO  impl.RoleInfo (RoleInfo.java:shutdownLeaderElection(134)) - a3132885-145f-4a8c-85f4-c10eb874732d: shutdown LeaderElection
2019-10-16 11:35:42,240 [a3132885-145f-4a8c-85f4-c10eb874732d@group-2077DD483DC7-LeaderElection88] INFO  impl.RoleInfo (RoleInfo.java:updateAndGet(143)) - a3132885-145f-4a8c-85f4-c10eb874732d: start FollowerState
2019-10-16 11:35:42,288 [Thread-928] INFO  impl.FollowerState (FollowerState.java:run(108)) - 1ee6da7b-5867-4bad-ba0d-a2cfd13fd72a@group-B3673A53AB6F-FollowerState: change to CANDIDATE, lastRpcTime:78ms, electionTimeout:78ms
2019-10-16 11:35:42,288 [Thread-928] INFO  impl.RoleInfo (RoleInfo.java:shutdownFollowerState(121)) - 1ee6da7b-5867-4bad-ba0d-a2cfd13fd72a: shutdown FollowerState
2019-10-16 11:35:42,289 [Thread-928] INFO  impl.RaftServerImpl (RaftServerImpl.java:setRole(184)) - 1ee6da7b-5867-4bad-ba0d-a2cfd13fd72a@group-B3673A53AB6F: changes role from  FOLLOWER to CANDIDATE at term 40 for changeToCandidate
2019-10-16 11:35:42,289 [Thread-928] INFO  impl.RoleInfo (RoleInfo.java:updateAndGet(143)) - 1ee6da7b-5867-4bad-ba0d-a2cfd13fd72a: start LeaderElection
2019-10-16 11:35:42,293 [1ee6da7b-5867-4bad-ba0d-a2cfd13fd72a@group-B3673A53AB6F-LeaderElection89] INFO  impl.LeaderElection (LeaderElection.java:askForVotes(178)) - 1ee6da7b-5867-4bad-ba0d-a2cfd13fd72a@group-B3673A53AB6F-LeaderElection89: begin an election at term 41 for -1: [f94c755f-9f95-40b5-85b9-5e712f3f34e7:192.168.157.203:45275, 1ee6da7b-5867-4bad-ba0d-a2cfd13fd72a:192.168.157.203:35892, 4281bf39-36db-462c-8bc9-3c86cb645344:192.168.157.203:42381], old=null
2019-10-16 11:35:42,295 [grpc-default-executor-3] INFO  impl.RaftServerImpl (RaftServerImpl.java:setRole(184)) - f94c755f-9f95-40b5-85b9-5e712f3f34e7@group-B3673A53AB6F: changes role from  FOLLOWER to FOLLOWER at term 41 for recognizeCandidate:1ee6da7b-5867-4bad-ba0d-a2cfd13fd72a
2019-10-16 11:35:42,295 [grpc-default-executor-4] INFO  impl.RaftServerImpl (RaftServerImpl.java:setRole(184)) - 4281bf39-36db-462c-8bc9-3c86cb645344@group-B3673A53AB6F: changes role from  FOLLOWER to FOLLOWER at term 41 for recognizeCandidate:1ee6da7b-5867-4bad-ba0d-a2cfd13fd72a
2019-10-16 11:35:42,296 [grpc-default-executor-4] INFO  impl.RoleInfo (RoleInfo.java:shutdownFollowerState(121)) - 4281bf39-36db-462c-8bc9-3c86cb645344: shutdown FollowerState
2019-10-16 11:35:42,295 [grpc-default-executor-3] INFO  impl.RoleInfo (RoleInfo.java:shutdownFollowerState(121)) - f94c755f-9f95-40b5-85b9-5e712f3f34e7: shutdown FollowerState
2019-10-16 11:35:42,296 [grpc-default-executor-4] INFO  impl.RoleInfo (RoleInfo.java:updateAndGet(143)) - 4281bf39-36db-462c-8bc9-3c86cb645344: start FollowerState
2019-10-16 11:35:42,296 [Thread-927] INFO  impl.FollowerState (FollowerState.java:run(117)) - 4281bf39-36db-462c-8bc9-3c86cb645344@group-B3673A53AB6F-FollowerState was interrupted: java.lang.InterruptedException: sleep interrupted
2019-10-16 11:35:42,296 [grpc-default-executor-3] INFO  impl.RoleInfo (RoleInfo.java:updateAndGet(143)) - f94c755f-9f95-40b5-85b9-5e712f3f34e7: start FollowerState
2019-10-16 11:35:42,296 [Thread-926] INFO  impl.FollowerState (FollowerState.java:run(117)) - f94c755f-9f95-40b5-85b9-5e712f3f34e7@group-B3673A53AB6F-FollowerState was interrupted: java.lang.InterruptedException: sleep interrupted
2019-10-16 11:35:42,305 [1ee6da7b-5867-4bad-ba0d-a2cfd13fd72a@group-B3673A53AB6F-LeaderElection89] INFO  impl.LeaderElection (LeaderElection.java:logAndReturn(56)) - 1ee6da7b-5867-4bad-ba0d-a2cfd13fd72a@group-B3673A53AB6F-LeaderElection89: Election REJECTED; received 2 response(s) [1ee6da7b-5867-4bad-ba0d-a2cfd13fd72a<-f94c755f-9f95-40b5-85b9-5e712f3f34e7#0:FAIL-t41, 1ee6da7b-5867-4bad-ba0d-a2cfd13fd72a<-4281bf39-36db-462c-8bc9-3c86cb645344#0:FAIL-t41] and 0 exception(s); 1ee6da7b-5867-4bad-ba0d-a2cfd13fd72a@group-B3673A53AB6F:t41, leader=null, voted=1ee6da7b-5867-4bad-ba0d-a2cfd13fd72a, raftlog=1ee6da7b-5867-4bad-ba0d-a2cfd13fd72a@group-B3673A53AB6F-SegmentedRaftLog:OPENED:c-1,f-1,i0, conf=-1: [f94c755f-9f95-40b5-85b9-5e712f3f34e7:192.168.157.203:45275, 1ee6da7b-5867-4bad-ba0d-a2cfd13fd72a:192.168.157.203:35892, 4281bf39-36db-462c-8bc9-3c86cb645344:192.168.157.203:42381], old=null
2019-10-16 11:35:42,306 [1ee6da7b-5867-4bad-ba0d-a2cfd13fd72a@group-B3673A53AB6F-LeaderElection89] INFO  impl.RaftServerImpl (RaftServerImpl.java:setRole(184)) - 1ee6da7b-5867-4bad-ba0d-a2cfd13fd72a@group-B3673A53AB6F: changes role from CANDIDATE to FOLLOWER at term 41 for DISCOVERED_A_NEW_TERM
2019-10-16 11:35:42,306 [1ee6da7b-5867-4bad-ba0d-a2cfd13fd72a@group-B3673A53AB6F-LeaderElection89] INFO  impl.RoleInfo (RoleInfo.java:shutdownLeaderElection(134)) - 1ee6da7b-5867-4bad-ba0d-a2cfd13fd72a: shutdown LeaderElection
2019-10-16 11:35:42,306 [1ee6da7b-5867-4bad-ba0d-a2cfd13fd72a@group-B3673A53AB6F-LeaderElection89] INFO  impl.RoleInfo (RoleInfo.java:updateAndGet(143)) - 1ee6da7b-5867-4bad-ba0d-a2cfd13fd72a: start FollowerState
2019-10-16 11:35:42,381 [Thread-934] INFO  impl.FollowerState (FollowerState.java:run(108)) - a3132885-145f-4a8c-85f4-c10eb874732d@group-2077DD483DC7-FollowerState: change to CANDIDATE, lastRpcTime:140ms, electionTimeout:140ms
2019-10-16 11:35:42,381 [Thread-934] INFO  impl.RoleInfo (RoleInfo.java:shutdownFollowerState(121)) - a3132885-145f-4a8c-85f4-c10eb874732d: shutdown FollowerState
2019-10-16 11:35:42,381 [Thread-934] INFO  impl.RaftServerImpl (RaftServerImpl.java:setRole(184)) - a3132885-145f-4a8c-85f4-c10eb874732d@group-2077DD483DC7: changes role from  FOLLOWER to CANDIDATE at term 42 for changeToCandidate
2019-10-16 11:35:42,381 [Thread-934] INFO  impl.RoleInfo (RoleInfo.java:updateAndGet(143)) - a3132885-145f-4a8c-85f4-c10eb874732d: start LeaderElection
2019-10-16 11:35:42,392 [a3132885-145f-4a8c-85f4-c10eb874732d@group-2077DD483DC7-LeaderElection90] INFO  impl.LeaderElection (LeaderElection.java:askForVotes(178)) - a3132885-145f-4a8c-85f4-c10eb874732d@group-2077DD483DC7-LeaderElection90: begin an election at term 43 for -1: [163587bb-2c3b-4498-b576-18147cf38274:192.168.157.203:33208, a3132885-145f-4a8c-85f4-c10eb874732d:192.168.157.203:46766, 70b633f6-b230-4b9f-87f3-510da88f1e08:192.168.157.203:43163], old=null
2019-10-16 11:35:42,395 [grpc-default-executor-4] INFO  impl.RaftServerImpl (RaftServerImpl.java:setRole(184)) - 70b633f6-b230-4b9f-87f3-510da88f1e08@group-2077DD483DC7: changes role from  FOLLOWER to FOLLOWER at term 43 for recognizeCandidate:a3132885-145f-4a8c-85f4-c10eb874732d
2019-10-16 11:35:42,395 [grpc-default-executor-3] INFO  impl.RaftServerImpl (RaftServerImpl.java:setRole(184)) - 163587bb-2c3b-4498-b576-18147cf38274@group-2077DD483DC7: changes role from  FOLLOWER to FOLLOWER at term 43 for recognizeCandidate:a3132885-145f-4a8c-85f4-c10eb874732d
2019-10-16 11:35:42,395 [grpc-default-executor-4] INFO  impl.RoleInfo (RoleInfo.java:shutdownFollowerState(121)) - 70b633f6-b230-4b9f-87f3-510da88f1e08: shutdown FollowerState
2019-10-16 11:35:42,395 [grpc-default-executor-3] INFO  impl.RoleInfo (RoleInfo.java:shutdownFollowerState(121)) - 163587bb-2c3b-4498-b576-18147cf38274: shutdown FollowerState
2019-10-16 11:35:42,395 [Thread-933] INFO  impl.FollowerState (FollowerState.java:run(117)) - 70b633f6-b230-4b9f-87f3-510da88f1e08@group-2077DD483DC7-FollowerState was interrupted: java.lang.InterruptedException: sleep interrupted
2019-10-16 11:35:42,395 [grpc-default-executor-4] INFO  impl.RoleInfo (RoleInfo.java:updateAndGet(143)) - 70b633f6-b230-4b9f-87f3-510da88f1e08: start FollowerState
2019-10-16 11:35:42,395 [grpc-default-executor-3] INFO  impl.RoleInfo (RoleInfo.java:updateAndGet(143)) - 163587bb-2c3b-4498-b576-18147cf38274: start FollowerState
2019-10-16 11:35:42,395 [Thread-932] INFO  impl.FollowerState (FollowerState.java:run(117)) - 163587bb-2c3b-4498-b576-18147cf38274@group-2077DD483DC7-FollowerState was interrupted: java.lang.InterruptedException: sleep interrupted
2019-10-16 11:35:42,411 [a3132885-145f-4a8c-85f4-c10eb874732d@group-2077DD483DC7-LeaderElection90] INFO  impl.LeaderElection (LeaderElection.java:logAndReturn(56)) - a3132885-145f-4a8c-85f4-c10eb874732d@group-2077DD483DC7-LeaderElection90: Election REJECTED; received 2 response(s) [a3132885-145f-4a8c-85f4-c10eb874732d<-163587bb-2c3b-4498-b576-18147cf38274#0:FAIL-t43, a3132885-145f-4a8c-85f4-c10eb874732d<-70b633f6-b230-4b9f-87f3-510da88f1e08#0:FAIL-t43] and 0 exception(s); a3132885-145f-4a8c-85f4-c10eb874732d@group-2077DD483DC7:t43, leader=null, voted=a3132885-145f-4a8c-85f4-c10eb874732d, raftlog=a3132885-145f-4a8c-85f4-c10eb874732d@group-2077DD483DC7-SegmentedRaftLog:OPENED:c-1,f-1,i0, conf=-1: [163587bb-2c3b-4498-b576-18147cf38274:192.168.157.203:33208, a3132885-145f-4a8c-85f4-c10eb874732d:192.168.157.203:46766, 70b633f6-b230-4b9f-87f3-510da88f1e08:192.168.157.203:43163], old=null
2019-10-16 11:35:42,411 [a3132885-145f-4a8c-85f4-c10eb874732d@group-2077DD483DC7-LeaderElection90] INFO  impl.RaftServerImpl (RaftServerImpl.java:setRole(184)) - a3132885-145f-4a8c-85f4-c10eb874732d@group-2077DD483DC7: changes role from CANDIDATE to FOLLOWER at term 43 for DISCOVERED_A_NEW_TERM
2019-10-16 11:35:42,412 [a3132885-145f-4a8c-85f4-c10eb874732d@group-2077DD483DC7-LeaderElection90] INFO  impl.RoleInfo (RoleInfo.java:shutdownLeaderElection(134)) - a3132885-145f-4a8c-85f4-c10eb874732d: shutdown LeaderElection
2019-10-16 11:35:42,412 [a3132885-145f-4a8c-85f4-c10eb874732d@group-2077DD483DC7-LeaderElection90] INFO  impl.RoleInfo (RoleInfo.java:updateAndGet(143)) - a3132885-145f-4a8c-85f4-c10eb874732d: start FollowerState
2019-10-16 11:35:42,435 [Thread-940] INFO  impl.FollowerState (FollowerState.java:run(108)) - 1ee6da7b-5867-4bad-ba0d-a2cfd13fd72a@group-B3673A53AB6F-FollowerState: change to CANDIDATE, lastRpcTime:129ms, electionTimeout:129ms
2019-10-16 11:35:42,435 [Thread-940] INFO  impl.RoleInfo (RoleInfo.java:shutdownFollowerState(121)) - 1ee6da7b-5867-4bad-ba0d-a2cfd13fd72a: shutdown FollowerState
2019-10-16 11:35:42,435 [Thread-940] INFO  impl.RaftServerImpl (RaftServerImpl.java:setRole(184)) - 1ee6da7b-5867-4bad-ba0d-a2cfd13fd72a@group-B3673A53AB6F: changes role from  FOLLOWER to CANDIDATE at term 41 for changeToCandidate
2019-10-16 11:35:42,435 [Thread-940] INFO  impl.RoleInfo (RoleInfo.java:updateAndGet(143)) - 1ee6da7b-5867-4bad-ba0d-a2cfd13fd72a: start LeaderElection
2019-10-16 11:35:42,457 [1ee6da7b-5867-4bad-ba0d-a2cfd13fd72a@group-B3673A53AB6F-LeaderElection91] INFO  impl.LeaderElection (LeaderElection.java:askForVotes(178)) - 1ee6da7b-5867-4bad-ba0d-a2cfd13fd72a@group-B3673A53AB6F-LeaderElection91: begin an election at term 42 for -1: [f94c755f-9f95-40b5-85b9-5e712f3f34e7:192.168.157.203:45275, 1ee6da7b-5867-4bad-ba0d-a2cfd13fd72a:192.168.157.203:35892, 4281bf39-36db-462c-8bc9-3c86cb645344:192.168.157.203:42381], old=null
2019-10-16 11:35:42,458 [grpc-default-executor-4] INFO  impl.RaftServerImpl (RaftServerImpl.java:setRole(184)) - f94c755f-9f95-40b5-85b9-5e712f3f34e7@group-B3673A53AB6F: changes role from  FOLLOWER to FOLLOWER at term 42 for recognizeCandidate:1ee6da7b-5867-4bad-ba0d-a2cfd13fd72a
2019-10-16 11:35:42,459 [grpc-default-executor-4] INFO  impl.RoleInfo (RoleInfo.java:shutdownFollowerState(121)) - f94c755f-9f95-40b5-85b9-5e712f3f34e7: shutdown FollowerState
2019-10-16 11:35:42,459 [grpc-default-executor-3] INFO  impl.RaftServerImpl (RaftServerImpl.java:setRole(184)) - 4281bf39-36db-462c-8bc9-3c86cb645344@group-B3673A53AB6F: changes role from  FOLLOWER to FOLLOWER at term 42 for recognizeCandidate:1ee6da7b-5867-4bad-ba0d-a2cfd13fd72a
2019-10-16 11:35:42,459 [Thread-939] INFO  impl.FollowerState (FollowerState.java:run(117)) - f94c755f-9f95-40b5-85b9-5e712f3f34e7@group-B3673A53AB6F-FollowerState was interrupted: java.lang.InterruptedException: sleep interrupted
2019-10-16 11:35:42,459 [grpc-default-executor-4] INFO  impl.RoleInfo (RoleInfo.java:updateAndGet(143)) - f94c755f-9f95-40b5-85b9-5e712f3f34e7: start FollowerState
2019-10-16 11:35:42,459 [grpc-default-executor-3] INFO  impl.RoleInfo (RoleInfo.java:shutdownFollowerState(121)) - 4281bf39-36db-462c-8bc9-3c86cb645344: shutdown FollowerState
2019-10-16 11:35:42,459 [grpc-default-executor-3] INFO  impl.RoleInfo (RoleInfo.java:updateAndGet(143)) - 4281bf39-36db-462c-8bc9-3c86cb645344: start FollowerState
2019-10-16 11:35:42,459 [Thread-938] INFO  impl.FollowerState (FollowerState.java:run(117)) - 4281bf39-36db-462c-8bc9-3c86cb645344@group-B3673A53AB6F-FollowerState was interrupted: java.lang.InterruptedException: sleep interrupted
2019-10-16 11:35:42,469 [1ee6da7b-5867-4bad-ba0d-a2cfd13fd72a@group-B3673A53AB6F-LeaderElection91] INFO  impl.LeaderElection (LeaderElection.java:logAndReturn(56)) - 1ee6da7b-5867-4bad-ba0d-a2cfd13fd72a@group-B3673A53AB6F-LeaderElection91: Election REJECTED; received 2 response(s) [1ee6da7b-5867-4bad-ba0d-a2cfd13fd72a<-f94c755f-9f95-40b5-85b9-5e712f3f34e7#0:FAIL-t42, 1ee6da7b-5867-4bad-ba0d-a2cfd13fd72a<-4281bf39-36db-462c-8bc9-3c86cb645344#0:FAIL-t42] and 0 exception(s); 1ee6da7b-5867-4bad-ba0d-a2cfd13fd72a@group-B3673A53AB6F:t42, leader=null, voted=1ee6da7b-5867-4bad-ba0d-a2cfd13fd72a, raftlog=1ee6da7b-5867-4bad-ba0d-a2cfd13fd72a@group-B3673A53AB6F-SegmentedRaftLog:OPENED:c-1,f-1,i0, conf=-1: [f94c755f-9f95-40b5-85b9-5e712f3f34e7:192.168.157.203:45275, 1ee6da7b-5867-4bad-ba0d-a2cfd13fd72a:192.168.157.203:35892, 4281bf39-36db-462c-8bc9-3c86cb645344:192.168.157.203:42381], old=null
2019-10-16 11:35:42,470 [1ee6da7b-5867-4bad-ba0d-a2cfd13fd72a@group-B3673A53AB6F-LeaderElection91] INFO  impl.RaftServerImpl (RaftServerImpl.java:setRole(184)) - 1ee6da7b-5867-4bad-ba0d-a2cfd13fd72a@group-B3673A53AB6F: changes role from CANDIDATE to FOLLOWER at term 42 for DISCOVERED_A_NEW_TERM
2019-10-16 11:35:42,470 [1ee6da7b-5867-4bad-ba0d-a2cfd13fd72a@group-B3673A53AB6F-LeaderElection91] INFO  impl.RoleInfo (RoleInfo.java:shutdownLeaderElection(134)) - 1ee6da7b-5867-4bad-ba0d-a2cfd13fd72a: shutdown LeaderElection
2019-10-16 11:35:42,470 [1ee6da7b-5867-4bad-ba0d-a2cfd13fd72a@group-B3673A53AB6F-LeaderElection91] INFO  impl.RoleInfo (RoleInfo.java:updateAndGet(143)) - 1ee6da7b-5867-4bad-ba0d-a2cfd13fd72a: start FollowerState
2019-10-16 11:35:42,591 [Thread-948] INFO  impl.FollowerState (FollowerState.java:run(108)) - a3132885-145f-4a8c-85f4-c10eb874732d@group-2077DD483DC7-FollowerState: change to CANDIDATE, lastRpcTime:179ms, electionTimeout:179ms
2019-10-16 11:35:42,591 [Thread-948] INFO  impl.RoleInfo (RoleInfo.java:shutdownFollowerState(121)) - a3132885-145f-4a8c-85f4-c10eb874732d: shutdown FollowerState
2019-10-16 11:35:42,591 [Thread-948] INFO  impl.RaftServerImpl (RaftServerImpl.java:setRole(184)) - a3132885-145f-4a8c-85f4-c10eb874732d@group-2077DD483DC7: changes role from  FOLLOWER to CANDIDATE at term 43 for changeToCandidate
2019-10-16 11:35:42,591 [Thread-948] INFO  impl.RoleInfo (RoleInfo.java:updateAndGet(143)) - a3132885-145f-4a8c-85f4-c10eb874732d: start LeaderElection
2019-10-16 11:35:42,600 [a3132885-145f-4a8c-85f4-c10eb874732d@group-2077DD483DC7-LeaderElection92] INFO  impl.LeaderElection (LeaderElection.java:askForVotes(178)) - a3132885-145f-4a8c-85f4-c10eb874732d@group-2077DD483DC7-LeaderElection92: begin an election at term 44 for -1: [163587bb-2c3b-4498-b576-18147cf38274:192.168.157.203:33208, a3132885-145f-4a8c-85f4-c10eb874732d:192.168.157.203:46766, 70b633f6-b230-4b9f-87f3-510da88f1e08:192.168.157.203:43163], old=null
2019-10-16 11:35:42,602 [grpc-default-executor-3] INFO  impl.RaftServerImpl (RaftServerImpl.java:setRole(184)) - 163587bb-2c3b-4498-b576-18147cf38274@group-2077DD483DC7: changes role from  FOLLOWER to FOLLOWER at term 44 for recognizeCandidate:a3132885-145f-4a8c-85f4-c10eb874732d
2019-10-16 11:35:42,602 [grpc-default-executor-3] INFO  impl.RoleInfo (RoleInfo.java:shutdownFollowerState(121)) - 163587bb-2c3b-4498-b576-18147cf38274: shutdown FollowerState
2019-10-16 11:35:42,602 [grpc-default-executor-3] INFO  impl.RoleInfo (RoleInfo.java:updateAndGet(143)) - 163587bb-2c3b-4498-b576-18147cf38274: start FollowerState
2019-10-16 11:35:42,602 [Thread-947] INFO  impl.FollowerState (FollowerState.java:run(117)) - 163587bb-2c3b-4498-b576-18147cf38274@group-2077DD483DC7-FollowerState was interrupted: java.lang.InterruptedException: sleep interrupted
2019-10-16 11:35:42,603 [grpc-default-executor-4] INFO  impl.RaftServerImpl (RaftServerImpl.java:setRole(184)) - 70b633f6-b230-4b9f-87f3-510da88f1e08@group-2077DD483DC7: changes role from  FOLLOWER to FOLLOWER at term 44 for recognizeCandidate:a3132885-145f-4a8c-85f4-c10eb874732d
2019-10-16 11:35:42,603 [grpc-default-executor-4] INFO  impl.RoleInfo (RoleInfo.java:shutdownFollowerState(121)) - 70b633f6-b230-4b9f-87f3-510da88f1e08: shutdown FollowerState
2019-10-16 11:35:42,603 [grpc-default-executor-4] INFO  impl.RoleInfo (RoleInfo.java:updateAndGet(143)) - 70b633f6-b230-4b9f-87f3-510da88f1e08: start FollowerState
2019-10-16 11:35:42,603 [Thread-946] INFO  impl.FollowerState (FollowerState.java:run(117)) - 70b633f6-b230-4b9f-87f3-510da88f1e08@group-2077DD483DC7-FollowerState was interrupted: java.lang.InterruptedException: sleep interrupted
2019-10-16 11:35:42,614 [a3132885-145f-4a8c-85f4-c10eb874732d@group-2077DD483DC7-LeaderElection92] INFO  impl.LeaderElection (LeaderElection.java:logAndReturn(56)) - a3132885-145f-4a8c-85f4-c10eb874732d@group-2077DD483DC7-LeaderElection92: Election REJECTED; received 2 response(s) [a3132885-145f-4a8c-85f4-c10eb874732d<-163587bb-2c3b-4498-b576-18147cf38274#0:FAIL-t44, a3132885-145f-4a8c-85f4-c10eb874732d<-70b633f6-b230-4b9f-87f3-510da88f1e08#0:FAIL-t44] and 0 exception(s); a3132885-145f-4a8c-85f4-c10eb874732d@group-2077DD483DC7:t44, leader=null, voted=a3132885-145f-4a8c-85f4-c10eb874732d, raftlog=a3132885-145f-4a8c-85f4-c10eb874732d@group-2077DD483DC7-SegmentedRaftLog:OPENED:c-1,f-1,i0, conf=-1: [163587bb-2c3b-4498-b576-18147cf38274:192.168.157.203:33208, a3132885-145f-4a8c-85f4-c10eb874732d:192.168.157.203:46766, 70b633f6-b230-4b9f-87f3-510da88f1e08:192.168.157.203:43163], old=null
2019-10-16 11:35:42,614 [a3132885-145f-4a8c-85f4-c10eb874732d@group-2077DD483DC7-LeaderElection92] INFO  impl.RaftServerImpl (RaftServerImpl.java:setRole(184)) - a3132885-145f-4a8c-85f4-c10eb874732d@group-2077DD483DC7: changes role from CANDIDATE to FOLLOWER at term 44 for DISCOVERED_A_NEW_TERM
2019-10-16 11:35:42,614 [a3132885-145f-4a8c-85f4-c10eb874732d@group-2077DD483DC7-LeaderElection92] INFO  impl.RoleInfo (RoleInfo.java:shutdownLeaderElection(134)) - a3132885-145f-4a8c-85f4-c10eb874732d: shutdown LeaderElection
2019-10-16 11:35:42,614 [a3132885-145f-4a8c-85f4-c10eb874732d@group-2077DD483DC7-LeaderElection92] INFO  impl.RoleInfo (RoleInfo.java:updateAndGet(143)) - a3132885-145f-4a8c-85f4-c10eb874732d: start FollowerState
2019-10-16 11:35:42,621 [Thread-954] INFO  impl.FollowerState (FollowerState.java:run(108)) - 1ee6da7b-5867-4bad-ba0d-a2cfd13fd72a@group-B3673A53AB6F-FollowerState: change to CANDIDATE, lastRpcTime:151ms, electionTimeout:151ms
2019-10-16 11:35:42,621 [Thread-954] INFO  impl.RoleInfo (RoleInfo.java:shutdownFollowerState(121)) - 1ee6da7b-5867-4bad-ba0d-a2cfd13fd72a: shutdown FollowerState
2019-10-16 11:35:42,621 [Thread-954] INFO  impl.RaftServerImpl (RaftServerImpl.java:setRole(184)) - 1ee6da7b-5867-4bad-ba0d-a2cfd13fd72a@group-B3673A53AB6F: changes role from  FOLLOWER to CANDIDATE at term 42 for changeToCandidate
2019-10-16 11:35:42,622 [Thread-954] INFO  impl.RoleInfo (RoleInfo.java:updateAndGet(143)) - 1ee6da7b-5867-4bad-ba0d-a2cfd13fd72a: start LeaderElection
2019-10-16 11:35:42,635 [1ee6da7b-5867-4bad-ba0d-a2cfd13fd72a@group-B3673A53AB6F-LeaderElection93] INFO  impl.LeaderElection (LeaderElection.java:askForVotes(178)) - 1ee6da7b-5867-4bad-ba0d-a2cfd13fd72a@group-B3673A53AB6F-LeaderElection93: begin an election at term 43 for -1: [f94c755f-9f95-40b5-85b9-5e712f3f34e7:192.168.157.203:45275, 1ee6da7b-5867-4bad-ba0d-a2cfd13fd72a:192.168.157.203:35892, 4281bf39-36db-462c-8bc9-3c86cb645344:192.168.157.203:42381], old=null
2019-10-16 11:35:42,638 [grpc-default-executor-3] INFO  impl.RaftServerImpl (RaftServerImpl.java:setRole(184)) - 4281bf39-36db-462c-8bc9-3c86cb645344@group-B3673A53AB6F: changes role from  FOLLOWER to FOLLOWER at term 43 for recognizeCandidate:1ee6da7b-5867-4bad-ba0d-a2cfd13fd72a
2019-10-16 11:35:42,638 [grpc-default-executor-3] INFO  impl.RoleInfo (RoleInfo.java:shutdownFollowerState(121)) - 4281bf39-36db-462c-8bc9-3c86cb645344: shutdown FollowerState
2019-10-16 11:35:42,638 [grpc-default-executor-3] INFO  impl.RoleInfo (RoleInfo.java:updateAndGet(143)) - 4281bf39-36db-462c-8bc9-3c86cb645344: start FollowerState
2019-10-16 11:35:42,638 [Thread-953] INFO  impl.FollowerState (FollowerState.java:run(117)) - 4281bf39-36db-462c-8bc9-3c86cb645344@group-B3673A53AB6F-FollowerState was interrupted: java.lang.InterruptedException: sleep interrupted
2019-10-16 11:35:42,638 [grpc-default-executor-4] INFO  impl.RaftServerImpl (RaftServerImpl.java:setRole(184)) - f94c755f-9f95-40b5-85b9-5e712f3f34e7@group-B3673A53AB6F: changes role from  FOLLOWER to FOLLOWER at term 43 for recognizeCandidate:1ee6da7b-5867-4bad-ba0d-a2cfd13fd72a
2019-10-16 11:35:42,638 [grpc-default-executor-4] INFO  impl.RoleInfo (RoleInfo.java:shutdownFollowerState(121)) - f94c755f-9f95-40b5-85b9-5e712f3f34e7: shutdown FollowerState
2019-10-16 11:35:42,638 [grpc-default-executor-4] INFO  impl.RoleInfo (RoleInfo.java:updateAndGet(143)) - f94c755f-9f95-40b5-85b9-5e712f3f34e7: start FollowerState
2019-10-16 11:35:42,639 [Thread-952] INFO  impl.FollowerState (FollowerState.java:run(117)) - f94c755f-9f95-40b5-85b9-5e712f3f34e7@group-B3673A53AB6F-FollowerState was interrupted: java.lang.InterruptedException: sleep interrupted
2019-10-16 11:35:42,668 [1ee6da7b-5867-4bad-ba0d-a2cfd13fd72a@group-B3673A53AB6F-LeaderElection93] INFO  impl.LeaderElection (LeaderElection.java:logAndReturn(56)) - 1ee6da7b-5867-4bad-ba0d-a2cfd13fd72a@group-B3673A53AB6F-LeaderElection93: Election REJECTED; received 2 response(s) [1ee6da7b-5867-4bad-ba0d-a2cfd13fd72a<-f94c755f-9f95-40b5-85b9-5e712f3f34e7#0:FAIL-t43, 1ee6da7b-5867-4bad-ba0d-a2cfd13fd72a<-4281bf39-36db-462c-8bc9-3c86cb645344#0:FAIL-t43] and 0 exception(s); 1ee6da7b-5867-4bad-ba0d-a2cfd13fd72a@group-B3673A53AB6F:t43, leader=null, voted=1ee6da7b-5867-4bad-ba0d-a2cfd13fd72a, raftlog=1ee6da7b-5867-4bad-ba0d-a2cfd13fd72a@group-B3673A53AB6F-SegmentedRaftLog:OPENED:c-1,f-1,i0, conf=-1: [f94c755f-9f95-40b5-85b9-5e712f3f34e7:192.168.157.203:45275, 1ee6da7b-5867-4bad-ba0d-a2cfd13fd72a:192.168.157.203:35892, 4281bf39-36db-462c-8bc9-3c86cb645344:192.168.157.203:42381], old=null
2019-10-16 11:35:42,669 [1ee6da7b-5867-4bad-ba0d-a2cfd13fd72a@group-B3673A53AB6F-LeaderElection93] INFO  impl.RaftServerImpl (RaftServerImpl.java:setRole(184)) - 1ee6da7b-5867-4bad-ba0d-a2cfd13fd72a@group-B3673A53AB6F: changes role from CANDIDATE to FOLLOWER at term 43 for DISCOVERED_A_NEW_TERM
2019-10-16 11:35:42,669 [1ee6da7b-5867-4bad-ba0d-a2cfd13fd72a@group-B3673A53AB6F-LeaderElection93] INFO  impl.RoleInfo (RoleInfo.java:shutdownLeaderElection(134)) - 1ee6da7b-5867-4bad-ba0d-a2cfd13fd72a: shutdown LeaderElection
2019-10-16 11:35:42,669 [1ee6da7b-5867-4bad-ba0d-a2cfd13fd72a@group-B3673A53AB6F-LeaderElection93] INFO  impl.RoleInfo (RoleInfo.java:updateAndGet(143)) - 1ee6da7b-5867-4bad-ba0d-a2cfd13fd72a: start FollowerState
2019-10-16 11:35:42,671 [Thread-962] INFO  impl.FollowerState (FollowerState.java:run(108)) - a3132885-145f-4a8c-85f4-c10eb874732d@group-2077DD483DC7-FollowerState: change to CANDIDATE, lastRpcTime:56ms, electionTimeout:56ms
2019-10-16 11:35:42,671 [Thread-962] INFO  impl.RoleInfo (RoleInfo.java:shutdownFollowerState(121)) - a3132885-145f-4a8c-85f4-c10eb874732d: shutdown FollowerState
2019-10-16 11:35:42,671 [Thread-962] INFO  impl.RaftServerImpl (RaftServerImpl.java:setRole(184)) - a3132885-145f-4a8c-85f4-c10eb874732d@group-2077DD483DC7: changes role from  FOLLOWER to CANDIDATE at term 44 for changeToCandidate
2019-10-16 11:35:42,671 [Thread-962] INFO  impl.RoleInfo (RoleInfo.java:updateAndGet(143)) - a3132885-145f-4a8c-85f4-c10eb874732d: start LeaderElection
2019-10-16 11:35:42,681 [a3132885-145f-4a8c-85f4-c10eb874732d@group-2077DD483DC7-LeaderElection94] INFO  impl.LeaderElection (LeaderElection.java:askForVotes(178)) - a3132885-145f-4a8c-85f4-c10eb874732d@group-2077DD483DC7-LeaderElection94: begin an election at term 45 for -1: [163587bb-2c3b-4498-b576-18147cf38274:192.168.157.203:33208, a3132885-145f-4a8c-85f4-c10eb874732d:192.168.157.203:46766, 70b633f6-b230-4b9f-87f3-510da88f1e08:192.168.157.203:43163], old=null
2019-10-16 11:35:42,683 [grpc-default-executor-4] INFO  impl.RaftServerImpl (RaftServerImpl.java:setRole(184)) - 163587bb-2c3b-4498-b576-18147cf38274@group-2077DD483DC7: changes role from  FOLLOWER to FOLLOWER at term 45 for recognizeCandidate:a3132885-145f-4a8c-85f4-c10eb874732d
2019-10-16 11:35:42,683 [grpc-default-executor-3] INFO  impl.RaftServerImpl (RaftServerImpl.java:setRole(184)) - 70b633f6-b230-4b9f-87f3-510da88f1e08@group-2077DD483DC7: changes role from  FOLLOWER to FOLLOWER at term 45 for recognizeCandidate:a3132885-145f-4a8c-85f4-c10eb874732d
2019-10-16 11:35:42,683 [grpc-default-executor-3] INFO  impl.RoleInfo (RoleInfo.java:shutdownFollowerState(121)) - 70b633f6-b230-4b9f-87f3-510da88f1e08: shutdown FollowerState
2019-10-16 11:35:42,683 [grpc-default-executor-4] INFO  impl.RoleInfo (RoleInfo.java:shutdownFollowerState(121)) - 163587bb-2c3b-4498-b576-18147cf38274: shutdown FollowerState
2019-10-16 11:35:42,684 [Thread-961] INFO  impl.FollowerState (FollowerState.java:run(117)) - 70b633f6-b230-4b9f-87f3-510da88f1e08@group-2077DD483DC7-FollowerState was interrupted: java.lang.InterruptedException: sleep interrupted
2019-10-16 11:35:42,684 [grpc-default-executor-3] INFO  impl.RoleInfo (RoleInfo.java:updateAndGet(143)) - 70b633f6-b230-4b9f-87f3-510da88f1e08: start FollowerState
2019-10-16 11:35:42,684 [Thread-960] INFO  impl.FollowerState (FollowerState.java:run(117)) - 163587bb-2c3b-4498-b576-18147cf38274@group-2077DD483DC7-FollowerState was interrupted: java.lang.InterruptedException: sleep interrupted
2019-10-16 11:35:42,684 [grpc-default-executor-4] INFO  impl.RoleInfo (RoleInfo.java:updateAndGet(143)) - 163587bb-2c3b-4498-b576-18147cf38274: start FollowerState
2019-10-16 11:35:42,692 [a3132885-145f-4a8c-85f4-c10eb874732d@group-2077DD483DC7-LeaderElection94] INFO  impl.LeaderElection (LeaderElection.java:logAndReturn(56)) - a3132885-145f-4a8c-85f4-c10eb874732d@group-2077DD483DC7-LeaderElection94: Election TIMEOUT; received 0 response(s) [] and 0 exception(s); a3132885-145f-4a8c-85f4-c10eb874732d@group-2077DD483DC7:t45, leader=null, voted=a3132885-145f-4a8c-85f4-c10eb874732d, raftlog=a3132885-145f-4a8c-85f4-c10eb874732d@group-2077DD483DC7-SegmentedRaftLog:OPENED:c-1,f-1,i0, conf=-1: [163587bb-2c3b-4498-b576-18147cf38274:192.168.157.203:33208, a3132885-145f-4a8c-85f4-c10eb874732d:192.168.157.203:46766, 70b633f6-b230-4b9f-87f3-510da88f1e08:192.168.157.203:43163], old=null
2019-10-16 11:35:42,699 [a3132885-145f-4a8c-85f4-c10eb874732d@group-2077DD483DC7-LeaderElection94] INFO  impl.LeaderElection (LeaderElection.java:askForVotes(178)) - a3132885-145f-4a8c-85f4-c10eb874732d@group-2077DD483DC7-LeaderElection94: begin an election at term 46 for -1: [163587bb-2c3b-4498-b576-18147cf38274:192.168.157.203:33208, a3132885-145f-4a8c-85f4-c10eb874732d:192.168.157.203:46766, 70b633f6-b230-4b9f-87f3-510da88f1e08:192.168.157.203:43163], old=null
2019-10-16 11:35:42,702 [grpc-default-executor-4] INFO  impl.RaftServerImpl (RaftServerImpl.java:setRole(184)) - 163587bb-2c3b-4498-b576-18147cf38274@group-2077DD483DC7: changes role from  FOLLOWER to FOLLOWER at term 46 for recognizeCandidate:a3132885-145f-4a8c-85f4-c10eb874732d
2019-10-16 11:35:42,702 [grpc-default-executor-3] INFO  impl.RaftServerImpl (RaftServerImpl.java:setRole(184)) - 70b633f6-b230-4b9f-87f3-510da88f1e08@group-2077DD483DC7: changes role from  FOLLOWER to FOLLOWER at term 46 for recognizeCandidate:a3132885-145f-4a8c-85f4-c10eb874732d
2019-10-16 11:35:42,702 [grpc-default-executor-3] INFO  impl.RoleInfo (RoleInfo.java:shutdownFollowerState(121)) - 70b633f6-b230-4b9f-87f3-510da88f1e08: shutdown FollowerState
2019-10-16 11:35:42,702 [grpc-default-executor-4] INFO  impl.RoleInfo (RoleInfo.java:shutdownFollowerState(121)) - 163587bb-2c3b-4498-b576-18147cf38274: shutdown FollowerState
2019-10-16 11:35:42,702 [Thread-972] INFO  impl.FollowerState (FollowerState.java:run(117)) - 70b633f6-b230-4b9f-87f3-510da88f1e08@group-2077DD483DC7-FollowerState was interrupted: java.lang.InterruptedException: sleep interrupted
2019-10-16 11:35:42,702 [grpc-default-executor-4] INFO  impl.RoleInfo (RoleInfo.java:updateAndGet(143)) - 163587bb-2c3b-4498-b576-18147cf38274: start FollowerState
2019-10-16 11:35:42,702 [grpc-default-executor-3] INFO  impl.RoleInfo (RoleInfo.java:updateAndGet(143)) - 70b633f6-b230-4b9f-87f3-510da88f1e08: start FollowerState
2019-10-16 11:35:42,702 [Thread-973] INFO  impl.FollowerState (FollowerState.java:run(117)) - 163587bb-2c3b-4498-b576-18147cf38274@group-2077DD483DC7-FollowerState was interrupted: java.lang.InterruptedException: sleep interrupted
2019-10-16 11:35:42,710 [a3132885-145f-4a8c-85f4-c10eb874732d@group-2077DD483DC7-LeaderElection94] INFO  impl.LeaderElection (LeaderElection.java:logAndReturn(56)) - a3132885-145f-4a8c-85f4-c10eb874732d@group-2077DD483DC7-LeaderElection94: Election TIMEOUT; received 0 response(s) [] and 0 exception(s); a3132885-145f-4a8c-85f4-c10eb874732d@group-2077DD483DC7:t46, leader=null, voted=a3132885-145f-4a8c-85f4-c10eb874732d, raftlog=a3132885-145f-4a8c-85f4-c10eb874732d@group-2077DD483DC7-SegmentedRaftLog:OPENED:c-1,f-1,i0, conf=-1: [163587bb-2c3b-4498-b576-18147cf38274:192.168.157.203:33208, a3132885-145f-4a8c-85f4-c10eb874732d:192.168.157.203:46766, 70b633f6-b230-4b9f-87f3-510da88f1e08:192.168.157.203:43163], old=null
2019-10-16 11:35:42,718 [a3132885-145f-4a8c-85f4-c10eb874732d@group-2077DD483DC7-LeaderElection94] INFO  impl.LeaderElection (LeaderElection.java:askForVotes(178)) - a3132885-145f-4a8c-85f4-c10eb874732d@group-2077DD483DC7-LeaderElection94: begin an election at term 47 for -1: [163587bb-2c3b-4498-b576-18147cf38274:192.168.157.203:33208, a3132885-145f-4a8c-85f4-c10eb874732d:192.168.157.203:46766, 70b633f6-b230-4b9f-87f3-510da88f1e08:192.168.157.203:43163], old=null
2019-10-16 11:35:42,720 [grpc-default-executor-4] INFO  impl.RaftServerImpl (RaftServerImpl.java:setRole(184)) - 163587bb-2c3b-4498-b576-18147cf38274@group-2077DD483DC7: changes role from  FOLLOWER to FOLLOWER at term 47 for recognizeCandidate:a3132885-145f-4a8c-85f4-c10eb874732d
2019-10-16 11:35:42,720 [grpc-default-executor-3] INFO  impl.RaftServerImpl (RaftServerImpl.java:setRole(184)) - 70b633f6-b230-4b9f-87f3-510da88f1e08@group-2077DD483DC7: changes role from  FOLLOWER to FOLLOWER at term 47 for recognizeCandidate:a3132885-145f-4a8c-85f4-c10eb874732d
2019-10-16 11:35:42,720 [grpc-default-executor-4] INFO  impl.RoleInfo (RoleInfo.java:shutdownFollowerState(121)) - 163587bb-2c3b-4498-b576-18147cf38274: shutdown FollowerState
2019-10-16 11:35:42,720 [grpc-default-executor-3] INFO  impl.RoleInfo (RoleInfo.java:shutdownFollowerState(121)) - 70b633f6-b230-4b9f-87f3-510da88f1e08: shutdown FollowerState
2019-10-16 11:35:42,721 [Thread-977] INFO  impl.FollowerState (FollowerState.java:run(117)) - 163587bb-2c3b-4498-b576-18147cf38274@group-2077DD483DC7-FollowerState was interrupted: java.lang.InterruptedException: sleep interrupted
2019-10-16 11:35:42,720 [grpc-default-executor-4] INFO  impl.RoleInfo (RoleInfo.java:updateAndGet(143)) - 163587bb-2c3b-4498-b576-18147cf38274: start FollowerState
2019-10-16 11:35:42,721 [grpc-default-executor-3] INFO  impl.RoleInfo (RoleInfo.java:updateAndGet(143)) - 70b633f6-b230-4b9f-87f3-510da88f1e08: start FollowerState
2019-10-16 11:35:42,721 [Thread-976] INFO  impl.FollowerState (FollowerState.java:run(117)) - 70b633f6-b230-4b9f-87f3-510da88f1e08@group-2077DD483DC7-FollowerState was interrupted: java.lang.InterruptedException: sleep interrupted
2019-10-16 11:35:42,735 [a3132885-145f-4a8c-85f4-c10eb874732d@group-2077DD483DC7-LeaderElection94] INFO  impl.LeaderElection (LeaderElection.java:logAndReturn(56)) - a3132885-145f-4a8c-85f4-c10eb874732d@group-2077DD483DC7-LeaderElection94: Election REJECTED; received 2 response(s) [a3132885-145f-4a8c-85f4-c10eb874732d<-163587bb-2c3b-4498-b576-18147cf38274#0:FAIL-t47, a3132885-145f-4a8c-85f4-c10eb874732d<-70b633f6-b230-4b9f-87f3-510da88f1e08#0:FAIL-t47] and 0 exception(s); a3132885-145f-4a8c-85f4-c10eb874732d@group-2077DD483DC7:t47, leader=null, voted=a3132885-145f-4a8c-85f4-c10eb874732d, raftlog=a3132885-145f-4a8c-85f4-c10eb874732d@group-2077DD483DC7-SegmentedRaftLog:OPENED:c-1,f-1,i0, conf=-1: [163587bb-2c3b-4498-b576-18147cf38274:192.168.157.203:33208, a3132885-145f-4a8c-85f4-c10eb874732d:192.168.157.203:46766, 70b633f6-b230-4b9f-87f3-510da88f1e08:192.168.157.203:43163], old=null
2019-10-16 11:35:42,735 [a3132885-145f-4a8c-85f4-c10eb874732d@group-2077DD483DC7-LeaderElection94] INFO  impl.RaftServerImpl (RaftServerImpl.java:setRole(184)) - a3132885-145f-4a8c-85f4-c10eb874732d@group-2077DD483DC7: changes role from CANDIDATE to FOLLOWER at term 47 for DISCOVERED_A_NEW_TERM
2019-10-16 11:35:42,735 [a3132885-145f-4a8c-85f4-c10eb874732d@group-2077DD483DC7-LeaderElection94] INFO  impl.RoleInfo (RoleInfo.java:shutdownLeaderElection(134)) - a3132885-145f-4a8c-85f4-c10eb874732d: shutdown LeaderElection
2019-10-16 11:35:42,736 [a3132885-145f-4a8c-85f4-c10eb874732d@group-2077DD483DC7-LeaderElection94] INFO  impl.RoleInfo (RoleInfo.java:updateAndGet(143)) - a3132885-145f-4a8c-85f4-c10eb874732d: start FollowerState
2019-10-16 11:35:42,784 [Thread-968] INFO  impl.FollowerState (FollowerState.java:run(108)) - 1ee6da7b-5867-4bad-ba0d-a2cfd13fd72a@group-B3673A53AB6F-FollowerState: change to CANDIDATE, lastRpcTime:115ms, electionTimeout:115ms
2019-10-16 11:35:42,784 [Thread-968] INFO  impl.RoleInfo (RoleInfo.java:shutdownFollowerState(121)) - 1ee6da7b-5867-4bad-ba0d-a2cfd13fd72a: shutdown FollowerState
2019-10-16 11:35:42,785 [Thread-968] INFO  impl.RaftServerImpl (RaftServerImpl.java:setRole(184)) - 1ee6da7b-5867-4bad-ba0d-a2cfd13fd72a@group-B3673A53AB6F: changes role from  FOLLOWER to CANDIDATE at term 43 for changeToCandidate
2019-10-16 11:35:42,785 [Thread-968] INFO  impl.RoleInfo (RoleInfo.java:updateAndGet(143)) - 1ee6da7b-5867-4bad-ba0d-a2cfd13fd72a: start LeaderElection
2019-10-16 11:35:42,806 [1ee6da7b-5867-4bad-ba0d-a2cfd13fd72a@group-B3673A53AB6F-LeaderElection95] INFO  impl.LeaderElection (LeaderElection.java:askForVotes(178)) - 1ee6da7b-5867-4bad-ba0d-a2cfd13fd72a@group-B3673A53AB6F-LeaderElection95: begin an election at term 44 for -1: [f94c755f-9f95-40b5-85b9-5e712f3f34e7:192.168.157.203:45275, 1ee6da7b-5867-4bad-ba0d-a2cfd13fd72a:192.168.157.203:35892, 4281bf39-36db-462c-8bc9-3c86cb645344:192.168.157.203:42381], old=null
2019-10-16 11:35:42,808 [grpc-default-executor-3] INFO  impl.RaftServerImpl (RaftServerImpl.java:setRole(184)) - f94c755f-9f95-40b5-85b9-5e712f3f34e7@group-B3673A53AB6F: changes role from  FOLLOWER to FOLLOWER at term 44 for recognizeCandidate:1ee6da7b-5867-4bad-ba0d-a2cfd13fd72a
2019-10-16 11:35:42,808 [grpc-default-executor-4] INFO  impl.RaftServerImpl (RaftServerImpl.java:setRole(184)) - 4281bf39-36db-462c-8bc9-3c86cb645344@group-B3673A53AB6F: changes role from  FOLLOWER to FOLLOWER at term 44 for recognizeCandidate:1ee6da7b-5867-4bad-ba0d-a2cfd13fd72a
2019-10-16 11:35:42,808 [grpc-default-executor-3] INFO  impl.RoleInfo (RoleInfo.java:shutdownFollowerState(121)) - f94c755f-9f95-40b5-85b9-5e712f3f34e7: shutdown FollowerState
2019-10-16 11:35:42,808 [grpc-default-executor-4] INFO  impl.RoleInfo (RoleInfo.java:shutdownFollowerState(121)) - 4281bf39-36db-462c-8bc9-3c86cb645344: shutdown FollowerState
2019-10-16 11:35:42,808 [Thread-967] INFO  impl.FollowerState (FollowerState.java:run(117)) - f94c755f-9f95-40b5-85b9-5e712f3f34e7@group-B3673A53AB6F-FollowerState was interrupted: java.lang.InterruptedException: sleep interrupted
2019-10-16 11:35:42,808 [grpc-default-executor-3] INFO  impl.RoleInfo (RoleInfo.java:updateAndGet(143)) - f94c755f-9f95-40b5-85b9-5e712f3f34e7: start FollowerState
2019-10-16 11:35:42,809 [Thread-966] INFO  impl.FollowerState (FollowerState.java:run(117)) - 4281bf39-36db-462c-8bc9-3c86cb645344@group-B3673A53AB6F-FollowerState was interrupted: java.lang.InterruptedException: sleep interrupted
2019-10-16 11:35:42,809 [grpc-default-executor-4] INFO  impl.RoleInfo (RoleInfo.java:updateAndGet(143)) - 4281bf39-36db-462c-8bc9-3c86cb645344: start FollowerState
2019-10-16 11:35:42,816 [1ee6da7b-5867-4bad-ba0d-a2cfd13fd72a@group-B3673A53AB6F-LeaderElection95] INFO  impl.LeaderElection (LeaderElection.java:logAndReturn(56)) - 1ee6da7b-5867-4bad-ba0d-a2cfd13fd72a@group-B3673A53AB6F-LeaderElection95: Election REJECTED; received 2 response(s) [1ee6da7b-5867-4bad-ba0d-a2cfd13fd72a<-f94c755f-9f95-40b5-85b9-5e712f3f34e7#0:FAIL-t44, 1ee6da7b-5867-4bad-ba0d-a2cfd13fd72a<-4281bf39-36db-462c-8bc9-3c86cb645344#0:FAIL-t44] and 0 exception(s); 1ee6da7b-5867-4bad-ba0d-a2cfd13fd72a@group-B3673A53AB6F:t44, leader=null, voted=1ee6da7b-5867-4bad-ba0d-a2cfd13fd72a, raftlog=1ee6da7b-5867-4bad-ba0d-a2cfd13fd72a@group-B3673A53AB6F-SegmentedRaftLog:OPENED:c-1,f-1,i0, conf=-1: [f94c755f-9f95-40b5-85b9-5e712f3f34e7:192.168.157.203:45275, 1ee6da7b-5867-4bad-ba0d-a2cfd13fd72a:192.168.157.203:35892, 4281bf39-36db-462c-8bc9-3c86cb645344:192.168.157.203:42381], old=null
2019-10-16 11:35:42,816 [1ee6da7b-5867-4bad-ba0d-a2cfd13fd72a@group-B3673A53AB6F-LeaderElection95] INFO  impl.RaftServerImpl (RaftServerImpl.java:setRole(184)) - 1ee6da7b-5867-4bad-ba0d-a2cfd13fd72a@group-B3673A53AB6F: changes role from CANDIDATE to FOLLOWER at term 44 for DISCOVERED_A_NEW_TERM
2019-10-16 11:35:42,816 [1ee6da7b-5867-4bad-ba0d-a2cfd13fd72a@group-B3673A53AB6F-LeaderElection95] INFO  impl.RoleInfo (RoleInfo.java:shutdownLeaderElection(134)) - 1ee6da7b-5867-4bad-ba0d-a2cfd13fd72a: shutdown LeaderElection
2019-10-16 11:35:42,816 [1ee6da7b-5867-4bad-ba0d-a2cfd13fd72a@group-B3673A53AB6F-LeaderElection95] INFO  impl.RoleInfo (RoleInfo.java:updateAndGet(143)) - 1ee6da7b-5867-4bad-ba0d-a2cfd13fd72a: start FollowerState
2019-10-16 11:35:42,910 [Thread-988] INFO  impl.FollowerState (FollowerState.java:run(108)) - 1ee6da7b-5867-4bad-ba0d-a2cfd13fd72a@group-B3673A53AB6F-FollowerState: change to CANDIDATE, lastRpcTime:94ms, electionTimeout:94ms
2019-10-16 11:35:42,911 [Thread-988] INFO  impl.RoleInfo (RoleInfo.java:shutdownFollowerState(121)) - 1ee6da7b-5867-4bad-ba0d-a2cfd13fd72a: shutdown FollowerState
2019-10-16 11:35:42,911 [Thread-988] INFO  impl.RaftServerImpl (RaftServerImpl.java:setRole(184)) - 1ee6da7b-5867-4bad-ba0d-a2cfd13fd72a@group-B3673A53AB6F: changes role from  FOLLOWER to CANDIDATE at term 44 for changeToCandidate
2019-10-16 11:35:42,911 [Thread-988] INFO  impl.RoleInfo (RoleInfo.java:updateAndGet(143)) - 1ee6da7b-5867-4bad-ba0d-a2cfd13fd72a: start LeaderElection
2019-10-16 11:35:42,920 [1ee6da7b-5867-4bad-ba0d-a2cfd13fd72a@group-B3673A53AB6F-LeaderElection96] INFO  impl.LeaderElection (LeaderElection.java:askForVotes(178)) - 1ee6da7b-5867-4bad-ba0d-a2cfd13fd72a@group-B3673A53AB6F-LeaderElection96: begin an election at term 45 for -1: [f94c755f-9f95-40b5-85b9-5e712f3f34e7:192.168.157.203:45275, 1ee6da7b-5867-4bad-ba0d-a2cfd13fd72a:192.168.157.203:35892, 4281bf39-36db-462c-8bc9-3c86cb645344:192.168.157.203:42381], old=null
2019-10-16 11:35:42,922 [grpc-default-executor-3] INFO  impl.RaftServerImpl (RaftServerImpl.java:setRole(184)) - f94c755f-9f95-40b5-85b9-5e712f3f34e7@group-B3673A53AB6F: changes role from  FOLLOWER to FOLLOWER at term 45 for recognizeCandidate:1ee6da7b-5867-4bad-ba0d-a2cfd13fd72a
2019-10-16 11:35:42,922 [grpc-default-executor-4] INFO  impl.RaftServerImpl (RaftServerImpl.java:setRole(184)) - 4281bf39-36db-462c-8bc9-3c86cb645344@group-B3673A53AB6F: changes role from  FOLLOWER to FOLLOWER at term 45 for recognizeCandidate:1ee6da7b-5867-4bad-ba0d-a2cfd13fd72a
2019-10-16 11:35:42,922 [grpc-default-executor-3] INFO  impl.RoleInfo (RoleInfo.java:shutdownFollowerState(121)) - f94c755f-9f95-40b5-85b9-5e712f3f34e7: shutdown FollowerState
2019-10-16 11:35:42,923 [grpc-default-executor-4] INFO  impl.RoleInfo (RoleInfo.java:shutdownFollowerState(121)) - 4281bf39-36db-462c-8bc9-3c86cb645344: shutdown FollowerState
2019-10-16 11:35:42,923 [grpc-default-executor-3] INFO  impl.RoleInfo (RoleInfo.java:updateAndGet(143)) - f94c755f-9f95-40b5-85b9-5e712f3f34e7: start FollowerState
2019-10-16 11:35:42,923 [Thread-986] INFO  impl.FollowerState (FollowerState.java:run(117)) - f94c755f-9f95-40b5-85b9-5e712f3f34e7@group-B3673A53AB6F-FollowerState was interrupted: java.lang.InterruptedException: sleep interrupted
2019-10-16 11:35:42,923 [Thread-987] INFO  impl.FollowerState (FollowerState.java:run(117)) - 4281bf39-36db-462c-8bc9-3c86cb645344@group-B3673A53AB6F-FollowerState was interrupted: java.lang.InterruptedException: sleep interrupted
2019-10-16 11:35:42,923 [grpc-default-executor-4] INFO  impl.RoleInfo (RoleInfo.java:updateAndGet(143)) - 4281bf39-36db-462c-8bc9-3c86cb645344: start FollowerState
2019-10-16 11:35:42,932 [1ee6da7b-5867-4bad-ba0d-a2cfd13fd72a@group-B3673A53AB6F-LeaderElection96] INFO  impl.LeaderElection (LeaderElection.java:logAndReturn(56)) - 1ee6da7b-5867-4bad-ba0d-a2cfd13fd72a@group-B3673A53AB6F-LeaderElection96: Election REJECTED; received 2 response(s) [1ee6da7b-5867-4bad-ba0d-a2cfd13fd72a<-f94c755f-9f95-40b5-85b9-5e712f3f34e7#0:FAIL-t45, 1ee6da7b-5867-4bad-ba0d-a2cfd13fd72a<-4281bf39-36db-462c-8bc9-3c86cb645344#0:FAIL-t45] and 0 exception(s); 1ee6da7b-5867-4bad-ba0d-a2cfd13fd72a@group-B3673A53AB6F:t45, leader=null, voted=1ee6da7b-5867-4bad-ba0d-a2cfd13fd72a, raftlog=1ee6da7b-5867-4bad-ba0d-a2cfd13fd72a@group-B3673A53AB6F-SegmentedRaftLog:OPENED:c-1,f-1,i0, conf=-1: [f94c755f-9f95-40b5-85b9-5e712f3f34e7:192.168.157.203:45275, 1ee6da7b-5867-4bad-ba0d-a2cfd13fd72a:192.168.157.203:35892, 4281bf39-36db-462c-8bc9-3c86cb645344:192.168.157.203:42381], old=null
2019-10-16 11:35:42,933 [1ee6da7b-5867-4bad-ba0d-a2cfd13fd72a@group-B3673A53AB6F-LeaderElection96] INFO  impl.RaftServerImpl (RaftServerImpl.java:setRole(184)) - 1ee6da7b-5867-4bad-ba0d-a2cfd13fd72a@group-B3673A53AB6F: changes role from CANDIDATE to FOLLOWER at term 45 for DISCOVERED_A_NEW_TERM
2019-10-16 11:35:42,933 [1ee6da7b-5867-4bad-ba0d-a2cfd13fd72a@group-B3673A53AB6F-LeaderElection96] INFO  impl.RoleInfo (RoleInfo.java:shutdownLeaderElection(134)) - 1ee6da7b-5867-4bad-ba0d-a2cfd13fd72a: shutdown LeaderElection
2019-10-16 11:35:42,933 [1ee6da7b-5867-4bad-ba0d-a2cfd13fd72a@group-B3673A53AB6F-LeaderElection96] INFO  impl.RoleInfo (RoleInfo.java:updateAndGet(143)) - 1ee6da7b-5867-4bad-ba0d-a2cfd13fd72a: start FollowerState
2019-10-16 11:35:42,936 [Thread-982] INFO  impl.FollowerState (FollowerState.java:run(108)) - a3132885-145f-4a8c-85f4-c10eb874732d@group-2077DD483DC7-FollowerState: change to CANDIDATE, lastRpcTime:200ms, electionTimeout:200ms
2019-10-16 11:35:42,936 [Thread-982] INFO  impl.RoleInfo (RoleInfo.java:shutdownFollowerState(121)) - a3132885-145f-4a8c-85f4-c10eb874732d: shutdown FollowerState
2019-10-16 11:35:42,936 [Thread-982] INFO  impl.RaftServerImpl (RaftServerImpl.java:setRole(184)) - a3132885-145f-4a8c-85f4-c10eb874732d@group-2077DD483DC7: changes role from  FOLLOWER to CANDIDATE at term 47 for changeToCandidate
2019-10-16 11:35:42,936 [Thread-982] INFO  impl.RoleInfo (RoleInfo.java:updateAndGet(143)) - a3132885-145f-4a8c-85f4-c10eb874732d: start LeaderElection
2019-10-16 11:35:42,945 [a3132885-145f-4a8c-85f4-c10eb874732d@group-2077DD483DC7-LeaderElection97] INFO  impl.LeaderElection (LeaderElection.java:askForVotes(178)) - a3132885-145f-4a8c-85f4-c10eb874732d@group-2077DD483DC7-LeaderElection97: begin an election at term 48 for -1: [163587bb-2c3b-4498-b576-18147cf38274:192.168.157.203:33208, a3132885-145f-4a8c-85f4-c10eb874732d:192.168.157.203:46766, 70b633f6-b230-4b9f-87f3-510da88f1e08:192.168.157.203:43163], old=null
2019-10-16 11:35:42,947 [grpc-default-executor-4] INFO  impl.RaftServerImpl (RaftServerImpl.java:setRole(184)) - 163587bb-2c3b-4498-b576-18147cf38274@group-2077DD483DC7: changes role from  FOLLOWER to FOLLOWER at term 48 for recognizeCandidate:a3132885-145f-4a8c-85f4-c10eb874732d
2019-10-16 11:35:42,947 [grpc-default-executor-4] INFO  impl.RoleInfo (RoleInfo.java:shutdownFollowerState(121)) - 163587bb-2c3b-4498-b576-18147cf38274: shutdown FollowerState
2019-10-16 11:35:42,947 [grpc-default-executor-3] INFO  impl.RaftServerImpl (RaftServerImpl.java:setRole(184)) - 70b633f6-b230-4b9f-87f3-510da88f1e08@group-2077DD483DC7: changes role from  FOLLOWER to FOLLOWER at term 48 for recognizeCandidate:a3132885-145f-4a8c-85f4-c10eb874732d
2019-10-16 11:35:42,947 [grpc-default-executor-3] INFO  impl.RoleInfo (RoleInfo.java:shutdownFollowerState(121)) - 70b633f6-b230-4b9f-87f3-510da88f1e08: shutdown FollowerState
2019-10-16 11:35:42,947 [Thread-980] INFO  impl.FollowerState (FollowerState.java:run(117)) - 163587bb-2c3b-4498-b576-18147cf38274@group-2077DD483DC7-FollowerState was interrupted: java.lang.InterruptedException: sleep interrupted
2019-10-16 11:35:42,947 [grpc-default-executor-4] INFO  impl.RoleInfo (RoleInfo.java:updateAndGet(143)) - 163587bb-2c3b-4498-b576-18147cf38274: start FollowerState
2019-10-16 11:35:42,948 [Thread-981] INFO  impl.FollowerState (FollowerState.java:run(117)) - 70b633f6-b230-4b9f-87f3-510da88f1e08@group-2077DD483DC7-FollowerState was interrupted: java.lang.InterruptedException: sleep interrupted
2019-10-16 11:35:42,948 [grpc-default-executor-3] INFO  impl.RoleInfo (RoleInfo.java:updateAndGet(143)) - 70b633f6-b230-4b9f-87f3-510da88f1e08: start FollowerState
2019-10-16 11:35:42,955 [a3132885-145f-4a8c-85f4-c10eb874732d@group-2077DD483DC7-LeaderElection97] INFO  impl.LeaderElection (LeaderElection.java:logAndReturn(56)) - a3132885-145f-4a8c-85f4-c10eb874732d@group-2077DD483DC7-LeaderElection97: Election REJECTED; received 2 response(s) [a3132885-145f-4a8c-85f4-c10eb874732d<-163587bb-2c3b-4498-b576-18147cf38274#0:FAIL-t48, a3132885-145f-4a8c-85f4-c10eb874732d<-70b633f6-b230-4b9f-87f3-510da88f1e08#0:FAIL-t48] and 0 exception(s); a3132885-145f-4a8c-85f4-c10eb874732d@group-2077DD483DC7:t48, leader=null, voted=a3132885-145f-4a8c-85f4-c10eb874732d, raftlog=a3132885-145f-4a8c-85f4-c10eb874732d@group-2077DD483DC7-SegmentedRaftLog:OPENED:c-1,f-1,i0, conf=-1: [163587bb-2c3b-4498-b576-18147cf38274:192.168.157.203:33208, a3132885-145f-4a8c-85f4-c10eb874732d:192.168.157.203:46766, 70b633f6-b230-4b9f-87f3-510da88f1e08:192.168.157.203:43163], old=null
2019-10-16 11:35:42,955 [a3132885-145f-4a8c-85f4-c10eb874732d@group-2077DD483DC7-LeaderElection97] INFO  impl.RaftServerImpl (RaftServerImpl.java:setRole(184)) - a3132885-145f-4a8c-85f4-c10eb874732d@group-2077DD483DC7: changes role from CANDIDATE to FOLLOWER at term 48 for DISCOVERED_A_NEW_TERM
2019-10-16 11:35:42,955 [a3132885-145f-4a8c-85f4-c10eb874732d@group-2077DD483DC7-LeaderElection97] INFO  impl.RoleInfo (RoleInfo.java:shutdownLeaderElection(134)) - a3132885-145f-4a8c-85f4-c10eb874732d: shutdown LeaderElection
2019-10-16 11:35:42,956 [a3132885-145f-4a8c-85f4-c10eb874732d@group-2077DD483DC7-LeaderElection97] INFO  impl.RoleInfo (RoleInfo.java:updateAndGet(143)) - a3132885-145f-4a8c-85f4-c10eb874732d: start FollowerState
2019-10-16 11:35:43,035 [Thread-1002] INFO  impl.FollowerState (FollowerState.java:run(108)) - a3132885-145f-4a8c-85f4-c10eb874732d@group-2077DD483DC7-FollowerState: change to CANDIDATE, lastRpcTime:79ms, electionTimeout:79ms
2019-10-16 11:35:43,035 [Thread-1002] INFO  impl.RoleInfo (RoleInfo.java:shutdownFollowerState(121)) - a3132885-145f-4a8c-85f4-c10eb874732d: shutdown FollowerState
2019-10-16 11:35:43,035 [Thread-1002] INFO  impl.RaftServerImpl (RaftServerImpl.java:setRole(184)) - a3132885-145f-4a8c-85f4-c10eb874732d@group-2077DD483DC7: changes role from  FOLLOWER to CANDIDATE at term 48 for changeToCandidate
2019-10-16 11:35:43,035 [Thread-1002] INFO  impl.RoleInfo (RoleInfo.java:updateAndGet(143)) - a3132885-145f-4a8c-85f4-c10eb874732d: start LeaderElection
2019-10-16 11:35:43,047 [a3132885-145f-4a8c-85f4-c10eb874732d@group-2077DD483DC7-LeaderElection98] INFO  impl.LeaderElection (LeaderElection.java:askForVotes(178)) - a3132885-145f-4a8c-85f4-c10eb874732d@group-2077DD483DC7-LeaderElection98: begin an election at term 49 for -1: [163587bb-2c3b-4498-b576-18147cf38274:192.168.157.203:33208, a3132885-145f-4a8c-85f4-c10eb874732d:192.168.157.203:46766, 70b633f6-b230-4b9f-87f3-510da88f1e08:192.168.157.203:43163], old=null
2019-10-16 11:35:43,050 [grpc-default-executor-4] INFO  impl.RaftServerImpl (RaftServerImpl.java:setRole(184)) - 70b633f6-b230-4b9f-87f3-510da88f1e08@group-2077DD483DC7: changes role from  FOLLOWER to FOLLOWER at term 49 for recognizeCandidate:a3132885-145f-4a8c-85f4-c10eb874732d
2019-10-16 11:35:43,050 [grpc-default-executor-3] INFO  impl.RaftServerImpl (RaftServerImpl.java:setRole(184)) - 163587bb-2c3b-4498-b576-18147cf38274@group-2077DD483DC7: changes role from  FOLLOWER to FOLLOWER at term 49 for recognizeCandidate:a3132885-145f-4a8c-85f4-c10eb874732d
2019-10-16 11:35:43,050 [grpc-default-executor-4] INFO  impl.RoleInfo (RoleInfo.java:shutdownFollowerState(121)) - 70b633f6-b230-4b9f-87f3-510da88f1e08: shutdown FollowerState
2019-10-16 11:35:43,050 [grpc-default-executor-3] INFO  impl.RoleInfo (RoleInfo.java:shutdownFollowerState(121)) - 163587bb-2c3b-4498-b576-18147cf38274: shutdown FollowerState
2019-10-16 11:35:43,050 [Thread-1001] INFO  impl.FollowerState (FollowerState.java:run(117)) - 70b633f6-b230-4b9f-87f3-510da88f1e08@group-2077DD483DC7-FollowerState was interrupted: java.lang.InterruptedException: sleep interrupted
2019-10-16 11:35:43,050 [grpc-default-executor-4] INFO  impl.RoleInfo (RoleInfo.java:updateAndGet(143)) - 70b633f6-b230-4b9f-87f3-510da88f1e08: start FollowerState
2019-10-16 11:35:43,050 [Thread-1000] INFO  impl.FollowerState (FollowerState.java:run(117)) - 163587bb-2c3b-4498-b576-18147cf38274@group-2077DD483DC7-FollowerState was interrupted: java.lang.InterruptedException: sleep interrupted
2019-10-16 11:35:43,050 [grpc-default-executor-3] INFO  impl.RoleInfo (RoleInfo.java:updateAndGet(143)) - 163587bb-2c3b-4498-b576-18147cf38274: start FollowerState
2019-10-16 11:35:43,051 [Thread-996] INFO  impl.FollowerState (FollowerState.java:run(108)) - 1ee6da7b-5867-4bad-ba0d-a2cfd13fd72a@group-B3673A53AB6F-FollowerState: change to CANDIDATE, lastRpcTime:118ms, electionTimeout:118ms
2019-10-16 11:35:43,051 [Thread-996] INFO  impl.RoleInfo (RoleInfo.java:shutdownFollowerState(121)) - 1ee6da7b-5867-4bad-ba0d-a2cfd13fd72a: shutdown FollowerState
2019-10-16 11:35:43,051 [Thread-996] INFO  impl.RaftServerImpl (RaftServerImpl.java:setRole(184)) - 1ee6da7b-5867-4bad-ba0d-a2cfd13fd72a@group-B3673A53AB6F: changes role from  FOLLOWER to CANDIDATE at term 45 for changeToCandidate
2019-10-16 11:35:43,051 [Thread-996] INFO  impl.RoleInfo (RoleInfo.java:updateAndGet(143)) - 1ee6da7b-5867-4bad-ba0d-a2cfd13fd72a: start LeaderElection
2019-10-16 11:35:43,061 [1ee6da7b-5867-4bad-ba0d-a2cfd13fd72a@group-B3673A53AB6F-LeaderElection99] INFO  impl.LeaderElection (LeaderElection.java:askForVotes(178)) - 1ee6da7b-5867-4bad-ba0d-a2cfd13fd72a@group-B3673A53AB6F-LeaderElection99: begin an election at term 46 for -1: [f94c755f-9f95-40b5-85b9-5e712f3f34e7:192.168.157.203:45275, 1ee6da7b-5867-4bad-ba0d-a2cfd13fd72a:192.168.157.203:35892, 4281bf39-36db-462c-8bc9-3c86cb645344:192.168.157.203:42381], old=null
2019-10-16 11:35:43,062 [a3132885-145f-4a8c-85f4-c10eb874732d@group-2077DD483DC7-LeaderElection98] INFO  impl.LeaderElection (LeaderElection.java:logAndReturn(56)) - a3132885-145f-4a8c-85f4-c10eb874732d@group-2077DD483DC7-LeaderElection98: Election REJECTED; received 2 response(s) [a3132885-145f-4a8c-85f4-c10eb874732d<-163587bb-2c3b-4498-b576-18147cf38274#0:FAIL-t49, a3132885-145f-4a8c-85f4-c10eb874732d<-70b633f6-b230-4b9f-87f3-510da88f1e08#0:FAIL-t49] and 0 exception(s); a3132885-145f-4a8c-85f4-c10eb874732d@group-2077DD483DC7:t49, leader=null, voted=a3132885-145f-4a8c-85f4-c10eb874732d, raftlog=a3132885-145f-4a8c-85f4-c10eb874732d@group-2077DD483DC7-SegmentedRaftLog:OPENED:c-1,f-1,i0, conf=-1: [163587bb-2c3b-4498-b576-18147cf38274:192.168.157.203:33208, a3132885-145f-4a8c-85f4-c10eb874732d:192.168.157.203:46766, 70b633f6-b230-4b9f-87f3-510da88f1e08:192.168.157.203:43163], old=null
2019-10-16 11:35:43,062 [a3132885-145f-4a8c-85f4-c10eb874732d@group-2077DD483DC7-LeaderElection98] INFO  impl.RaftServerImpl (RaftServerImpl.java:setRole(184)) - a3132885-145f-4a8c-85f4-c10eb874732d@group-2077DD483DC7: changes role from CANDIDATE to FOLLOWER at term 49 for DISCOVERED_A_NEW_TERM
2019-10-16 11:35:43,062 [a3132885-145f-4a8c-85f4-c10eb874732d@group-2077DD483DC7-LeaderElection98] INFO  impl.RoleInfo (RoleInfo.java:shutdownLeaderElection(134)) - a3132885-145f-4a8c-85f4-c10eb874732d: shutdown LeaderElection
2019-10-16 11:35:43,062 [a3132885-145f-4a8c-85f4-c10eb874732d@group-2077DD483DC7-LeaderElection98] INFO  impl.RoleInfo (RoleInfo.java:updateAndGet(143)) - a3132885-145f-4a8c-85f4-c10eb874732d: start FollowerState
2019-10-16 11:35:43,063 [grpc-default-executor-3] INFO  impl.RaftServerImpl (RaftServerImpl.java:setRole(184)) - 4281bf39-36db-462c-8bc9-3c86cb645344@group-B3673A53AB6F: changes role from  FOLLOWER to FOLLOWER at term 46 for recognizeCandidate:1ee6da7b-5867-4bad-ba0d-a2cfd13fd72a
2019-10-16 11:35:43,063 [grpc-default-executor-3] INFO  impl.RoleInfo (RoleInfo.java:shutdownFollowerState(121)) - 4281bf39-36db-462c-8bc9-3c86cb645344: shutdown FollowerState
2019-10-16 11:35:43,063 [grpc-default-executor-4] INFO  impl.RaftServerImpl (RaftServerImpl.java:setRole(184)) - f94c755f-9f95-40b5-85b9-5e712f3f34e7@group-B3673A53AB6F: changes role from  FOLLOWER to FOLLOWER at term 46 for recognizeCandidate:1ee6da7b-5867-4bad-ba0d-a2cfd13fd72a
2019-10-16 11:35:43,063 [Thread-995] INFO  impl.FollowerState (FollowerState.java:run(117)) - 4281bf39-36db-462c-8bc9-3c86cb645344@group-B3673A53AB6F-FollowerState was interrupted: java.lang.InterruptedException: sleep interrupted
2019-10-16 11:35:43,063 [grpc-default-executor-3] INFO  impl.RoleInfo (RoleInfo.java:updateAndGet(143)) - 4281bf39-36db-462c-8bc9-3c86cb645344: start FollowerState
2019-10-16 11:35:43,063 [grpc-default-executor-4] INFO  impl.RoleInfo (RoleInfo.java:shutdownFollowerState(121)) - f94c755f-9f95-40b5-85b9-5e712f3f34e7: shutdown FollowerState
2019-10-16 11:35:43,064 [grpc-default-executor-4] INFO  impl.RoleInfo (RoleInfo.java:updateAndGet(143)) - f94c755f-9f95-40b5-85b9-5e712f3f34e7: start FollowerState
2019-10-16 11:35:43,064 [Thread-994] INFO  impl.FollowerState (FollowerState.java:run(117)) - f94c755f-9f95-40b5-85b9-5e712f3f34e7@group-B3673A53AB6F-FollowerState was interrupted: java.lang.InterruptedException: sleep interrupted
2019-10-16 11:35:43,077 [1ee6da7b-5867-4bad-ba0d-a2cfd13fd72a@group-B3673A53AB6F-LeaderElection99] INFO  impl.LeaderElection (LeaderElection.java:logAndReturn(56)) - 1ee6da7b-5867-4bad-ba0d-a2cfd13fd72a@group-B3673A53AB6F-LeaderElection99: Election TIMEOUT; received 0 response(s) [] and 0 exception(s); 1ee6da7b-5867-4bad-ba0d-a2cfd13fd72a@group-B3673A53AB6F:t46, leader=null, voted=1ee6da7b-5867-4bad-ba0d-a2cfd13fd72a, raftlog=1ee6da7b-5867-4bad-ba0d-a2cfd13fd72a@group-B3673A53AB6F-SegmentedRaftLog:OPENED:c-1,f-1,i0, conf=-1: [f94c755f-9f95-40b5-85b9-5e712f3f34e7:192.168.157.203:45275, 1ee6da7b-5867-4bad-ba0d-a2cfd13fd72a:192.168.157.203:35892, 4281bf39-36db-462c-8bc9-3c86cb645344:192.168.157.203:42381], old=null
2019-10-16 11:35:43,081 [1ee6da7b-5867-4bad-ba0d-a2cfd13fd72a@group-B3673A53AB6F-LeaderElection99] INFO  impl.LeaderElection (LeaderElection.java:askForVotes(178)) - 1ee6da7b-5867-4bad-ba0d-a2cfd13fd72a@group-B3673A53AB6F-LeaderElection99: begin an election at term 47 for -1: [f94c755f-9f95-40b5-85b9-5e712f3f34e7:192.168.157.203:45275, 1ee6da7b-5867-4bad-ba0d-a2cfd13fd72a:192.168.157.203:35892, 4281bf39-36db-462c-8bc9-3c86cb645344:192.168.157.203:42381], old=null
2019-10-16 11:35:43,083 [grpc-default-executor-3] INFO  impl.RaftServerImpl (RaftServerImpl.java:setRole(184)) - f94c755f-9f95-40b5-85b9-5e712f3f34e7@group-B3673A53AB6F: changes role from  FOLLOWER to FOLLOWER at term 47 for recognizeCandidate:1ee6da7b-5867-4bad-ba0d-a2cfd13fd72a
2019-10-16 11:35:43,083 [grpc-default-executor-3] INFO  impl.RoleInfo (RoleInfo.java:shutdownFollowerState(121)) - f94c755f-9f95-40b5-85b9-5e712f3f34e7: shutdown FollowerState
2019-10-16 11:35:43,083 [grpc-default-executor-3] INFO  impl.RoleInfo (RoleInfo.java:updateAndGet(143)) - f94c755f-9f95-40b5-85b9-5e712f3f34e7: start FollowerState
2019-10-16 11:35:43,084 [Thread-1013] INFO  impl.FollowerState (FollowerState.java:run(117)) - f94c755f-9f95-40b5-85b9-5e712f3f34e7@group-B3673A53AB6F-FollowerState was interrupted: java.lang.InterruptedException: sleep interrupted
2019-10-16 11:35:43,085 [grpc-default-executor-4] INFO  impl.RaftServerImpl (RaftServerImpl.java:setRole(184)) - 4281bf39-36db-462c-8bc9-3c86cb645344@group-B3673A53AB6F: changes role from  FOLLOWER to FOLLOWER at term 47 for recognizeCandidate:1ee6da7b-5867-4bad-ba0d-a2cfd13fd72a
2019-10-16 11:35:43,086 [grpc-default-executor-4] INFO  impl.RoleInfo (RoleInfo.java:shutdownFollowerState(121)) - 4281bf39-36db-462c-8bc9-3c86cb645344: shutdown FollowerState
2019-10-16 11:35:43,086 [grpc-default-executor-4] INFO  impl.RoleInfo (RoleInfo.java:updateAndGet(143)) - 4281bf39-36db-462c-8bc9-3c86cb645344: start FollowerState
2019-10-16 11:35:43,086 [Thread-1012] INFO  impl.FollowerState (FollowerState.java:run(117)) - 4281bf39-36db-462c-8bc9-3c86cb645344@group-B3673A53AB6F-FollowerState was interrupted: java.lang.InterruptedException: sleep interrupted
2019-10-16 11:35:43,100 [1ee6da7b-5867-4bad-ba0d-a2cfd13fd72a@group-B3673A53AB6F-LeaderElection99] INFO  impl.LeaderElection (LeaderElection.java:logAndReturn(56)) - 1ee6da7b-5867-4bad-ba0d-a2cfd13fd72a@group-B3673A53AB6F-LeaderElection99: Election REJECTED; received 2 response(s) [1ee6da7b-5867-4bad-ba0d-a2cfd13fd72a<-f94c755f-9f95-40b5-85b9-5e712f3f34e7#0:FAIL-t47, 1ee6da7b-5867-4bad-ba0d-a2cfd13fd72a<-4281bf39-36db-462c-8bc9-3c86cb645344#0:FAIL-t47] and 0 exception(s); 1ee6da7b-5867-4bad-ba0d-a2cfd13fd72a@group-B3673A53AB6F:t47, leader=null, voted=1ee6da7b-5867-4bad-ba0d-a2cfd13fd72a, raftlog=1ee6da7b-5867-4bad-ba0d-a2cfd13fd72a@group-B3673A53AB6F-SegmentedRaftLog:OPENED:c-1,f-1,i0, conf=-1: [f94c755f-9f95-40b5-85b9-5e712f3f34e7:192.168.157.203:45275, 1ee6da7b-5867-4bad-ba0d-a2cfd13fd72a:192.168.157.203:35892, 4281bf39-36db-462c-8bc9-3c86cb645344:192.168.157.203:42381], old=null
2019-10-16 11:35:43,100 [1ee6da7b-5867-4bad-ba0d-a2cfd13fd72a@group-B3673A53AB6F-LeaderElection99] INFO  impl.RaftServerImpl (RaftServerImpl.java:setRole(184)) - 1ee6da7b-5867-4bad-ba0d-a2cfd13fd72a@group-B3673A53AB6F: changes role from CANDIDATE to FOLLOWER at term 47 for DISCOVERED_A_NEW_TERM
2019-10-16 11:35:43,100 [1ee6da7b-5867-4bad-ba0d-a2cfd13fd72a@group-B3673A53AB6F-LeaderElection99] INFO  impl.RoleInfo (RoleInfo.java:shutdownLeaderElection(134)) - 1ee6da7b-5867-4bad-ba0d-a2cfd13fd72a: shutdown LeaderElection
2019-10-16 11:35:43,100 [1ee6da7b-5867-4bad-ba0d-a2cfd13fd72a@group-B3673A53AB6F-LeaderElection99] INFO  impl.RoleInfo (RoleInfo.java:updateAndGet(143)) - 1ee6da7b-5867-4bad-ba0d-a2cfd13fd72a: start FollowerState
2019-10-16 11:35:43,128 [Thread-1011] INFO  impl.FollowerState (FollowerState.java:run(108)) - a3132885-145f-4a8c-85f4-c10eb874732d@group-2077DD483DC7-FollowerState: change to CANDIDATE, lastRpcTime:65ms, electionTimeout:65ms
2019-10-16 11:35:43,128 [Thread-1011] INFO  impl.RoleInfo (RoleInfo.java:shutdownFollowerState(121)) - a3132885-145f-4a8c-85f4-c10eb874732d: shutdown FollowerState
2019-10-16 11:35:43,128 [Thread-1011] INFO  impl.RaftServerImpl (RaftServerImpl.java:setRole(184)) - a3132885-145f-4a8c-85f4-c10eb874732d@group-2077DD483DC7: changes role from  FOLLOWER to CANDIDATE at term 49 for changeToCandidate
2019-10-16 11:35:43,128 [Thread-1011] INFO  impl.RoleInfo (RoleInfo.java:updateAndGet(143)) - a3132885-145f-4a8c-85f4-c10eb874732d: start LeaderElection
2019-10-16 11:35:43,134 [a3132885-145f-4a8c-85f4-c10eb874732d@group-2077DD483DC7-LeaderElection100] INFO  impl.LeaderElection (LeaderElection.java:askForVotes(178)) - a3132885-145f-4a8c-85f4-c10eb874732d@group-2077DD483DC7-LeaderElection100: begin an election at term 50 for -1: [163587bb-2c3b-4498-b576-18147cf38274:192.168.157.203:33208, a3132885-145f-4a8c-85f4-c10eb874732d:192.168.157.203:46766, 70b633f6-b230-4b9f-87f3-510da88f1e08:192.168.157.203:43163], old=null
2019-10-16 11:35:43,136 [grpc-default-executor-3] INFO  impl.RaftServerImpl (RaftServerImpl.java:setRole(184)) - 163587bb-2c3b-4498-b576-18147cf38274@group-2077DD483DC7: changes role from  FOLLOWER to FOLLOWER at term 50 for recognizeCandidate:a3132885-145f-4a8c-85f4-c10eb874732d
2019-10-16 11:35:43,136 [grpc-default-executor-3] INFO  impl.RoleInfo (RoleInfo.java:shutdownFollowerState(121)) - 163587bb-2c3b-4498-b576-18147cf38274: shutdown FollowerState
2019-10-16 11:35:43,136 [grpc-default-executor-3] INFO  impl.RoleInfo (RoleInfo.java:updateAndGet(143)) - 163587bb-2c3b-4498-b576-18147cf38274: start FollowerState
2019-10-16 11:35:43,136 [Thread-1007] INFO  impl.FollowerState (FollowerState.java:run(117)) - 163587bb-2c3b-4498-b576-18147cf38274@group-2077DD483DC7-FollowerState was interrupted: java.lang.InterruptedException: sleep interrupted
2019-10-16 11:35:43,136 [grpc-default-executor-4] INFO  impl.RaftServerImpl (RaftServerImpl.java:setRole(184)) - 70b633f6-b230-4b9f-87f3-510da88f1e08@group-2077DD483DC7: changes role from  FOLLOWER to FOLLOWER at term 50 for recognizeCandidate:a3132885-145f-4a8c-85f4-c10eb874732d
2019-10-16 11:35:43,137 [grpc-default-executor-4] INFO  impl.RoleInfo (RoleInfo.java:shutdownFollowerState(121)) - 70b633f6-b230-4b9f-87f3-510da88f1e08: shutdown FollowerState
2019-10-16 11:35:43,137 [grpc-default-executor-4] INFO  impl.RoleInfo (RoleInfo.java:updateAndGet(143)) - 70b633f6-b230-4b9f-87f3-510da88f1e08: start FollowerState
2019-10-16 11:35:43,137 [Thread-1006] INFO  impl.FollowerState (FollowerState.java:run(117)) - 70b633f6-b230-4b9f-87f3-510da88f1e08@group-2077DD483DC7-FollowerState was interrupted: java.lang.InterruptedException: sleep interrupted
2019-10-16 11:35:43,151 [a3132885-145f-4a8c-85f4-c10eb874732d@group-2077DD483DC7-LeaderElection100] INFO  impl.LeaderElection (LeaderElection.java:logAndReturn(56)) - a3132885-145f-4a8c-85f4-c10eb874732d@group-2077DD483DC7-LeaderElection100: Election REJECTED; received 2 response(s) [a3132885-145f-4a8c-85f4-c10eb874732d<-163587bb-2c3b-4498-b576-18147cf38274#0:FAIL-t50, a3132885-145f-4a8c-85f4-c10eb874732d<-70b633f6-b230-4b9f-87f3-510da88f1e08#0:FAIL-t50] and 0 exception(s); a3132885-145f-4a8c-85f4-c10eb874732d@group-2077DD483DC7:t50, leader=null, voted=a3132885-145f-4a8c-85f4-c10eb874732d, raftlog=a3132885-145f-4a8c-85f4-c10eb874732d@group-2077DD483DC7-SegmentedRaftLog:OPENED:c-1,f-1,i0, conf=-1: [163587bb-2c3b-4498-b576-18147cf38274:192.168.157.203:33208, a3132885-145f-4a8c-85f4-c10eb874732d:192.168.157.203:46766, 70b633f6-b230-4b9f-87f3-510da88f1e08:192.168.157.203:43163], old=null
2019-10-16 11:35:43,151 [a3132885-145f-4a8c-85f4-c10eb874732d@group-2077DD483DC7-LeaderElection100] INFO  impl.RaftServerImpl (RaftServerImpl.java:setRole(184)) - a3132885-145f-4a8c-85f4-c10eb874732d@group-2077DD483DC7: changes role from CANDIDATE to FOLLOWER at term 50 for DISCOVERED_A_NEW_TERM
2019-10-16 11:35:43,151 [a3132885-145f-4a8c-85f4-c10eb874732d@group-2077DD483DC7-LeaderElection100] INFO  impl.RoleInfo (RoleInfo.java:shutdownLeaderElection(134)) - a3132885-145f-4a8c-85f4-c10eb874732d: shutdown LeaderElection
2019-10-16 11:35:43,151 [a3132885-145f-4a8c-85f4-c10eb874732d@group-2077DD483DC7-LeaderElection100] INFO  impl.RoleInfo (RoleInfo.java:updateAndGet(143)) - a3132885-145f-4a8c-85f4-c10eb874732d: start FollowerState
2019-10-16 11:35:43,248 [Thread-1018] INFO  impl.FollowerState (FollowerState.java:run(108)) - 1ee6da7b-5867-4bad-ba0d-a2cfd13fd72a@group-B3673A53AB6F-FollowerState: change to CANDIDATE, lastRpcTime:147ms, electionTimeout:147ms
2019-10-16 11:35:43,248 [Thread-1018] INFO  impl.RoleInfo (RoleInfo.java:shutdownFollowerState(121)) - 1ee6da7b-5867-4bad-ba0d-a2cfd13fd72a: shutdown FollowerState
2019-10-16 11:35:43,248 [Thread-1018] INFO  impl.RaftServerImpl (RaftServerImpl.java:setRole(184)) - 1ee6da7b-5867-4bad-ba0d-a2cfd13fd72a@group-B3673A53AB6F: changes role from  FOLLOWER to CANDIDATE at term 47 for changeToCandidate
2019-10-16 11:35:43,248 [Thread-1018] INFO  impl.RoleInfo (RoleInfo.java:updateAndGet(143)) - 1ee6da7b-5867-4bad-ba0d-a2cfd13fd72a: start LeaderElection
2019-10-16 11:35:43,254 [1ee6da7b-5867-4bad-ba0d-a2cfd13fd72a@group-B3673A53AB6F-LeaderElection101] INFO  impl.LeaderElection (LeaderElection.java:askForVotes(178)) - 1ee6da7b-5867-4bad-ba0d-a2cfd13fd72a@group-B3673A53AB6F-LeaderElection101: begin an election at term 48 for -1: [f94c755f-9f95-40b5-85b9-5e712f3f34e7:192.168.157.203:45275, 1ee6da7b-5867-4bad-ba0d-a2cfd13fd72a:192.168.157.203:35892, 4281bf39-36db-462c-8bc9-3c86cb645344:192.168.157.203:42381], old=null
2019-10-16 11:35:43,255 [Thread-1024] INFO  impl.FollowerState (FollowerState.java:run(108)) - a3132885-145f-4a8c-85f4-c10eb874732d@group-2077DD483DC7-FollowerState: change to CANDIDATE, lastRpcTime:103ms, electionTimeout:103ms
2019-10-16 11:35:43,255 [Thread-1024] INFO  impl.RoleInfo (RoleInfo.java:shutdownFollowerState(121)) - a3132885-145f-4a8c-85f4-c10eb874732d: shutdown FollowerState
2019-10-16 11:35:43,255 [Thread-1024] INFO  impl.RaftServerImpl (RaftServerImpl.java:setRole(184)) - a3132885-145f-4a8c-85f4-c10eb874732d@group-2077DD483DC7: changes role from  FOLLOWER to CANDIDATE at term 50 for changeToCandidate
2019-10-16 11:35:43,255 [Thread-1024] INFO  impl.RoleInfo (RoleInfo.java:updateAndGet(143)) - a3132885-145f-4a8c-85f4-c10eb874732d: start LeaderElection
2019-10-16 11:35:43,256 [grpc-default-executor-4] INFO  impl.RaftServerImpl (RaftServerImpl.java:setRole(184)) - 4281bf39-36db-462c-8bc9-3c86cb645344@group-B3673A53AB6F: changes role from  FOLLOWER to FOLLOWER at term 48 for recognizeCandidate:1ee6da7b-5867-4bad-ba0d-a2cfd13fd72a
2019-10-16 11:35:43,257 [grpc-default-executor-4] INFO  impl.RoleInfo (RoleInfo.java:shutdownFollowerState(121)) - 4281bf39-36db-462c-8bc9-3c86cb645344: shutdown FollowerState
2019-10-16 11:35:43,257 [grpc-default-executor-4] INFO  impl.RoleInfo (RoleInfo.java:updateAndGet(143)) - 4281bf39-36db-462c-8bc9-3c86cb645344: start FollowerState
2019-10-16 11:35:43,257 [Thread-1017] INFO  impl.FollowerState (FollowerState.java:run(117)) - 4281bf39-36db-462c-8bc9-3c86cb645344@group-B3673A53AB6F-FollowerState was interrupted: java.lang.InterruptedException: sleep interrupted
2019-10-16 11:35:43,258 [grpc-default-executor-3] INFO  impl.RaftServerImpl (RaftServerImpl.java:setRole(184)) - f94c755f-9f95-40b5-85b9-5e712f3f34e7@group-B3673A53AB6F: changes role from  FOLLOWER to FOLLOWER at term 48 for recognizeCandidate:1ee6da7b-5867-4bad-ba0d-a2cfd13fd72a
2019-10-16 11:35:43,258 [grpc-default-executor-3] INFO  impl.RoleInfo (RoleInfo.java:shutdownFollowerState(121)) - f94c755f-9f95-40b5-85b9-5e712f3f34e7: shutdown FollowerState
2019-10-16 11:35:43,258 [grpc-default-executor-3] INFO  impl.RoleInfo (RoleInfo.java:updateAndGet(143)) - f94c755f-9f95-40b5-85b9-5e712f3f34e7: start FollowerState
2019-10-16 11:35:43,258 [Thread-1016] INFO  impl.FollowerState (FollowerState.java:run(117)) - f94c755f-9f95-40b5-85b9-5e712f3f34e7@group-B3673A53AB6F-FollowerState was interrupted: java.lang.InterruptedException: sleep interrupted
2019-10-16 11:35:43,265 [a3132885-145f-4a8c-85f4-c10eb874732d@group-2077DD483DC7-LeaderElection102] INFO  impl.LeaderElection (LeaderElection.java:askForVotes(178)) - a3132885-145f-4a8c-85f4-c10eb874732d@group-2077DD483DC7-LeaderElection102: begin an election at term 51 for -1: [163587bb-2c3b-4498-b576-18147cf38274:192.168.157.203:33208, a3132885-145f-4a8c-85f4-c10eb874732d:192.168.157.203:46766, 70b633f6-b230-4b9f-87f3-510da88f1e08:192.168.157.203:43163], old=null
2019-10-16 11:35:43,265 [1ee6da7b-5867-4bad-ba0d-a2cfd13fd72a@group-B3673A53AB6F-LeaderElection101] INFO  impl.LeaderElection (LeaderElection.java:logAndReturn(56)) - 1ee6da7b-5867-4bad-ba0d-a2cfd13fd72a@group-B3673A53AB6F-LeaderElection101: Election REJECTED; received 2 response(s) [1ee6da7b-5867-4bad-ba0d-a2cfd13fd72a<-f94c755f-9f95-40b5-85b9-5e712f3f34e7#0:FAIL-t48, 1ee6da7b-5867-4bad-ba0d-a2cfd13fd72a<-4281bf39-36db-462c-8bc9-3c86cb645344#0:FAIL-t48] and 0 exception(s); 1ee6da7b-5867-4bad-ba0d-a2cfd13fd72a@group-B3673A53AB6F:t48, leader=null, voted=1ee6da7b-5867-4bad-ba0d-a2cfd13fd72a, raftlog=1ee6da7b-5867-4bad-ba0d-a2cfd13fd72a@group-B3673A53AB6F-SegmentedRaftLog:OPENED:c-1,f-1,i0, conf=-1: [f94c755f-9f95-40b5-85b9-5e712f3f34e7:192.168.157.203:45275, 1ee6da7b-5867-4bad-ba0d-a2cfd13fd72a:192.168.157.203:35892, 4281bf39-36db-462c-8bc9-3c86cb645344:192.168.157.203:42381], old=null
2019-10-16 11:35:43,265 [1ee6da7b-5867-4bad-ba0d-a2cfd13fd72a@group-B3673A53AB6F-LeaderElection101] INFO  impl.RaftServerImpl (RaftServerImpl.java:setRole(184)) - 1ee6da7b-5867-4bad-ba0d-a2cfd13fd72a@group-B3673A53AB6F: changes role from CANDIDATE to FOLLOWER at term 48 for DISCOVERED_A_NEW_TERM
2019-10-16 11:35:43,265 [1ee6da7b-5867-4bad-ba0d-a2cfd13fd72a@group-B3673A53AB6F-LeaderElection101] INFO  impl.RoleInfo (RoleInfo.java:shutdownLeaderElection(134)) - 1ee6da7b-5867-4bad-ba0d-a2cfd13fd72a: shutdown LeaderElection
2019-10-16 11:35:43,266 [1ee6da7b-5867-4bad-ba0d-a2cfd13fd72a@group-B3673A53AB6F-LeaderElection101] INFO  impl.RoleInfo (RoleInfo.java:updateAndGet(143)) - 1ee6da7b-5867-4bad-ba0d-a2cfd13fd72a: start FollowerState
2019-10-16 11:35:43,266 [grpc-default-executor-3] INFO  impl.RaftServerImpl (RaftServerImpl.java:setRole(184)) - 163587bb-2c3b-4498-b576-18147cf38274@group-2077DD483DC7: changes role from  FOLLOWER to FOLLOWER at term 51 for recognizeCandidate:a3132885-145f-4a8c-85f4-c10eb874732d
2019-10-16 11:35:43,266 [grpc-default-executor-3] INFO  impl.RoleInfo (RoleInfo.java:shutdownFollowerState(121)) - 163587bb-2c3b-4498-b576-18147cf38274: shutdown FollowerState
2019-10-16 11:35:43,266 [grpc-default-executor-4] INFO  impl.RaftServerImpl (RaftServerImpl.java:setRole(184)) - 70b633f6-b230-4b9f-87f3-510da88f1e08@group-2077DD483DC7: changes role from  FOLLOWER to FOLLOWER at term 51 for recognizeCandidate:a3132885-145f-4a8c-85f4-c10eb874732d
2019-10-16 11:35:43,267 [grpc-default-executor-4] INFO  impl.RoleInfo (RoleInfo.java:shutdownFollowerState(121)) - 70b633f6-b230-4b9f-87f3-510da88f1e08: shutdown FollowerState
2019-10-16 11:35:43,266 [Thread-1022] INFO  impl.FollowerState (FollowerState.java:run(117)) - 163587bb-2c3b-4498-b576-18147cf38274@group-2077DD483DC7-FollowerState was interrupted: java.lang.InterruptedException: sleep interrupted
2019-10-16 11:35:43,266 [grpc-default-executor-3] INFO  impl.RoleInfo (RoleInfo.java:updateAndGet(143)) - 163587bb-2c3b-4498-b576-18147cf38274: start FollowerState
2019-10-16 11:35:43,267 [Thread-1023] INFO  impl.FollowerState (FollowerState.java:run(117)) - 70b633f6-b230-4b9f-87f3-510da88f1e08@group-2077DD483DC7-FollowerState was interrupted: java.lang.InterruptedException: sleep interrupted
2019-10-16 11:35:43,267 [grpc-default-executor-4] INFO  impl.RoleInfo (RoleInfo.java:updateAndGet(143)) - 70b633f6-b230-4b9f-87f3-510da88f1e08: start FollowerState
2019-10-16 11:35:43,279 [a3132885-145f-4a8c-85f4-c10eb874732d@group-2077DD483DC7-LeaderElection102] INFO  impl.LeaderElection (LeaderElection.java:logAndReturn(56)) - a3132885-145f-4a8c-85f4-c10eb874732d@group-2077DD483DC7-LeaderElection102: Election REJECTED; received 2 response(s) [a3132885-145f-4a8c-85f4-c10eb874732d<-163587bb-2c3b-4498-b576-18147cf38274#0:FAIL-t51, a3132885-145f-4a8c-85f4-c10eb874732d<-70b633f6-b230-4b9f-87f3-510da88f1e08#0:FAIL-t51] and 0 exception(s); a3132885-145f-4a8c-85f4-c10eb874732d@group-2077DD483DC7:t51, leader=null, voted=a3132885-145f-4a8c-85f4-c10eb874732d, raftlog=a3132885-145f-4a8c-85f4-c10eb874732d@group-2077DD483DC7-SegmentedRaftLog:OPENED:c-1,f-1,i0, conf=-1: [163587bb-2c3b-4498-b576-18147cf38274:192.168.157.203:33208, a3132885-145f-4a8c-85f4-c10eb874732d:192.168.157.203:46766, 70b633f6-b230-4b9f-87f3-510da88f1e08:192.168.157.203:43163], old=null
2019-10-16 11:35:43,279 [a3132885-145f-4a8c-85f4-c10eb874732d@group-2077DD483DC7-LeaderElection102] INFO  impl.RaftServerImpl (RaftServerImpl.java:setRole(184)) - a3132885-145f-4a8c-85f4-c10eb874732d@group-2077DD483DC7: changes role from CANDIDATE to FOLLOWER at term 51 for DISCOVERED_A_NEW_TERM
2019-10-16 11:35:43,279 [a3132885-145f-4a8c-85f4-c10eb874732d@group-2077DD483DC7-LeaderElection102] INFO  impl.RoleInfo (RoleInfo.java:shutdownLeaderElection(134)) - a3132885-145f-4a8c-85f4-c10eb874732d: shutdown LeaderElection
2019-10-16 11:35:43,279 [a3132885-145f-4a8c-85f4-c10eb874732d@group-2077DD483DC7-LeaderElection102] INFO  impl.RoleInfo (RoleInfo.java:updateAndGet(143)) - a3132885-145f-4a8c-85f4-c10eb874732d: start FollowerState
2019-10-16 11:35:43,427 [Thread-1033] INFO  impl.FollowerState (FollowerState.java:run(108)) - 1ee6da7b-5867-4bad-ba0d-a2cfd13fd72a@group-B3673A53AB6F-FollowerState: change to CANDIDATE, lastRpcTime:161ms, electionTimeout:161ms
2019-10-16 11:35:43,427 [Thread-1033] INFO  impl.RoleInfo (RoleInfo.java:shutdownFollowerState(121)) - 1ee6da7b-5867-4bad-ba0d-a2cfd13fd72a: shutdown FollowerState
2019-10-16 11:35:43,427 [Thread-1033] INFO  impl.RaftServerImpl (RaftServerImpl.java:setRole(184)) - 1ee6da7b-5867-4bad-ba0d-a2cfd13fd72a@group-B3673A53AB6F: changes role from  FOLLOWER to CANDIDATE at term 48 for changeToCandidate
2019-10-16 11:35:43,427 [Thread-1033] INFO  impl.RoleInfo (RoleInfo.java:updateAndGet(143)) - 1ee6da7b-5867-4bad-ba0d-a2cfd13fd72a: start LeaderElection
2019-10-16 11:35:43,433 [1ee6da7b-5867-4bad-ba0d-a2cfd13fd72a@group-B3673A53AB6F-LeaderElection103] INFO  impl.LeaderElection (LeaderElection.java:askForVotes(178)) - 1ee6da7b-5867-4bad-ba0d-a2cfd13fd72a@group-B3673A53AB6F-LeaderElection103: begin an election at term 49 for -1: [f94c755f-9f95-40b5-85b9-5e712f3f34e7:192.168.157.203:45275, 1ee6da7b-5867-4bad-ba0d-a2cfd13fd72a:192.168.157.203:35892, 4281bf39-36db-462c-8bc9-3c86cb645344:192.168.157.203:42381], old=null
2019-10-16 11:35:43,435 [grpc-default-executor-3] INFO  impl.RaftServerImpl (RaftServerImpl.java:setRole(184)) - f94c755f-9f95-40b5-85b9-5e712f3f34e7@group-B3673A53AB6F: changes role from  FOLLOWER to FOLLOWER at term 49 for recognizeCandidate:1ee6da7b-5867-4bad-ba0d-a2cfd13fd72a
2019-10-16 11:35:43,435 [grpc-default-executor-3] INFO  impl.RoleInfo (RoleInfo.java:shutdownFollowerState(121)) - f94c755f-9f95-40b5-85b9-5e712f3f34e7: shutdown FollowerState
2019-10-16 11:35:43,435 [grpc-default-executor-4] INFO  impl.RaftServerImpl (RaftServerImpl.java:setRole(184)) - 4281bf39-36db-462c-8bc9-3c86cb645344@group-B3673A53AB6F: changes role from  FOLLOWER to FOLLOWER at term 49 for recognizeCandidate:1ee6da7b-5867-4bad-ba0d-a2cfd13fd72a
2019-10-16 11:35:43,435 [Thread-1030] INFO  impl.FollowerState (FollowerState.java:run(117)) - f94c755f-9f95-40b5-85b9-5e712f3f34e7@group-B3673A53AB6F-FollowerState was interrupted: java.lang.InterruptedException: sleep interrupted
2019-10-16 11:35:43,435 [grpc-default-executor-3] INFO  impl.RoleInfo (RoleInfo.java:updateAndGet(143)) - f94c755f-9f95-40b5-85b9-5e712f3f34e7: start FollowerState
2019-10-16 11:35:43,435 [grpc-default-executor-4] INFO  impl.RoleInfo (RoleInfo.java:shutdownFollowerState(121)) - 4281bf39-36db-462c-8bc9-3c86cb645344: shutdown FollowerState
2019-10-16 11:35:43,435 [grpc-default-executor-4] INFO  impl.RoleInfo (RoleInfo.java:updateAndGet(143)) - 4281bf39-36db-462c-8bc9-3c86cb645344: start FollowerState
2019-10-16 11:35:43,435 [Thread-1029] INFO  impl.FollowerState (FollowerState.java:run(117)) - 4281bf39-36db-462c-8bc9-3c86cb645344@group-B3673A53AB6F-FollowerState was interrupted: java.lang.InterruptedException: sleep interrupted
2019-10-16 11:35:43,444 [1ee6da7b-5867-4bad-ba0d-a2cfd13fd72a@group-B3673A53AB6F-LeaderElection103] INFO  impl.LeaderElection (LeaderElection.java:logAndReturn(56)) - 1ee6da7b-5867-4bad-ba0d-a2cfd13fd72a@group-B3673A53AB6F-LeaderElection103: Election REJECTED; received 2 response(s) [1ee6da7b-5867-4bad-ba0d-a2cfd13fd72a<-f94c755f-9f95-40b5-85b9-5e712f3f34e7#0:FAIL-t49, 1ee6da7b-5867-4bad-ba0d-a2cfd13fd72a<-4281bf39-36db-462c-8bc9-3c86cb645344#0:FAIL-t49] and 0 exception(s); 1ee6da7b-5867-4bad-ba0d-a2cfd13fd72a@group-B3673A53AB6F:t49, leader=null, voted=1ee6da7b-5867-4bad-ba0d-a2cfd13fd72a, raftlog=1ee6da7b-5867-4bad-ba0d-a2cfd13fd72a@group-B3673A53AB6F-SegmentedRaftLog:OPENED:c-1,f-1,i0, conf=-1: [f94c755f-9f95-40b5-85b9-5e712f3f34e7:192.168.157.203:45275, 1ee6da7b-5867-4bad-ba0d-a2cfd13fd72a:192.168.157.203:35892, 4281bf39-36db-462c-8bc9-3c86cb645344:192.168.157.203:42381], old=null
2019-10-16 11:35:43,444 [1ee6da7b-5867-4bad-ba0d-a2cfd13fd72a@group-B3673A53AB6F-LeaderElection103] INFO  impl.RaftServerImpl (RaftServerImpl.java:setRole(184)) - 1ee6da7b-5867-4bad-ba0d-a2cfd13fd72a@group-B3673A53AB6F: changes role from CANDIDATE to FOLLOWER at term 49 for DISCOVERED_A_NEW_TERM
2019-10-16 11:35:43,444 [1ee6da7b-5867-4bad-ba0d-a2cfd13fd72a@group-B3673A53AB6F-LeaderElection103] INFO  impl.RoleInfo (RoleInfo.java:shutdownLeaderElection(134)) - 1ee6da7b-5867-4bad-ba0d-a2cfd13fd72a: shutdown LeaderElection
2019-10-16 11:35:43,444 [1ee6da7b-5867-4bad-ba0d-a2cfd13fd72a@group-B3673A53AB6F-LeaderElection103] INFO  impl.RoleInfo (RoleInfo.java:updateAndGet(143)) - 1ee6da7b-5867-4bad-ba0d-a2cfd13fd72a: start FollowerState
2019-10-16 11:35:43,468 [Thread-1036] INFO  impl.FollowerState (FollowerState.java:run(108)) - a3132885-145f-4a8c-85f4-c10eb874732d@group-2077DD483DC7-FollowerState: change to CANDIDATE, lastRpcTime:188ms, electionTimeout:188ms
2019-10-16 11:35:43,468 [Thread-1036] INFO  impl.RoleInfo (RoleInfo.java:shutdownFollowerState(121)) - a3132885-145f-4a8c-85f4-c10eb874732d: shutdown FollowerState
2019-10-16 11:35:43,468 [Thread-1036] INFO  impl.RaftServerImpl (RaftServerImpl.java:setRole(184)) - a3132885-145f-4a8c-85f4-c10eb874732d@group-2077DD483DC7: changes role from  FOLLOWER to CANDIDATE at term 51 for changeToCandidate
2019-10-16 11:35:43,468 [Thread-1036] INFO  impl.RoleInfo (RoleInfo.java:updateAndGet(143)) - a3132885-145f-4a8c-85f4-c10eb874732d: start LeaderElection
2019-10-16 11:35:43,474 [a3132885-145f-4a8c-85f4-c10eb874732d@group-2077DD483DC7-LeaderElection104] INFO  impl.LeaderElection (LeaderElection.java:askForVotes(178)) - a3132885-145f-4a8c-85f4-c10eb874732d@group-2077DD483DC7-LeaderElection104: begin an election at term 52 for -1: [163587bb-2c3b-4498-b576-18147cf38274:192.168.157.203:33208, a3132885-145f-4a8c-85f4-c10eb874732d:192.168.157.203:46766, 70b633f6-b230-4b9f-87f3-510da88f1e08:192.168.157.203:43163], old=null
2019-10-16 11:35:43,476 [grpc-default-executor-3] INFO  impl.RaftServerImpl (RaftServerImpl.java:setRole(184)) - 70b633f6-b230-4b9f-87f3-510da88f1e08@group-2077DD483DC7: changes role from  FOLLOWER to FOLLOWER at term 52 for recognizeCandidate:a3132885-145f-4a8c-85f4-c10eb874732d
2019-10-16 11:35:43,476 [grpc-default-executor-4] INFO  impl.RaftServerImpl (RaftServerImpl.java:setRole(184)) - 163587bb-2c3b-4498-b576-18147cf38274@group-2077DD483DC7: changes role from  FOLLOWER to FOLLOWER at term 52 for recognizeCandidate:a3132885-145f-4a8c-85f4-c10eb874732d
2019-10-16 11:35:43,476 [grpc-default-executor-3] INFO  impl.RoleInfo (RoleInfo.java:shutdownFollowerState(121)) - 70b633f6-b230-4b9f-87f3-510da88f1e08: shutdown FollowerState
2019-10-16 11:35:43,476 [grpc-default-executor-3] INFO  impl.RoleInfo (RoleInfo.java:updateAndGet(143)) - 70b633f6-b230-4b9f-87f3-510da88f1e08: start FollowerState
2019-10-16 11:35:43,476 [grpc-default-executor-4] INFO  impl.RoleInfo (RoleInfo.java:shutdownFollowerState(121)) - 163587bb-2c3b-4498-b576-18147cf38274: shutdown FollowerState
2019-10-16 11:35:43,476 [Thread-1035] INFO  impl.FollowerState (FollowerState.java:run(117)) - 70b633f6-b230-4b9f-87f3-510da88f1e08@group-2077DD483DC7-FollowerState was interrupted: java.lang.InterruptedException: sleep interrupted
2019-10-16 11:35:43,477 [Thread-1034] INFO  impl.FollowerState (FollowerState.java:run(117)) - 163587bb-2c3b-4498-b576-18147cf38274@group-2077DD483DC7-FollowerState was interrupted: java.lang.InterruptedException: sleep interrupted
2019-10-16 11:35:43,477 [grpc-default-executor-4] INFO  impl.RoleInfo (RoleInfo.java:updateAndGet(143)) - 163587bb-2c3b-4498-b576-18147cf38274: start FollowerState
2019-10-16 11:35:43,491 [a3132885-145f-4a8c-85f4-c10eb874732d@group-2077DD483DC7-LeaderElection104] INFO  impl.LeaderElection (LeaderElection.java:logAndReturn(56)) - a3132885-145f-4a8c-85f4-c10eb874732d@group-2077DD483DC7-LeaderElection104: Election REJECTED; received 2 response(s) [a3132885-145f-4a8c-85f4-c10eb874732d<-163587bb-2c3b-4498-b576-18147cf38274#0:FAIL-t52, a3132885-145f-4a8c-85f4-c10eb874732d<-70b633f6-b230-4b9f-87f3-510da88f1e08#0:FAIL-t52] and 0 exception(s); a3132885-145f-4a8c-85f4-c10eb874732d@group-2077DD483DC7:t52, leader=null, voted=a3132885-145f-4a8c-85f4-c10eb874732d, raftlog=a3132885-145f-4a8c-85f4-c10eb874732d@group-2077DD483DC7-SegmentedRaftLog:OPENED:c-1,f-1,i0, conf=-1: [163587bb-2c3b-4498-b576-18147cf38274:192.168.157.203:33208, a3132885-145f-4a8c-85f4-c10eb874732d:192.168.157.203:46766, 70b633f6-b230-4b9f-87f3-510da88f1e08:192.168.157.203:43163], old=null
2019-10-16 11:35:43,491 [a3132885-145f-4a8c-85f4-c10eb874732d@group-2077DD483DC7-LeaderElection104] INFO  impl.RaftServerImpl (RaftServerImpl.java:setRole(184)) - a3132885-145f-4a8c-85f4-c10eb874732d@group-2077DD483DC7: changes role from CANDIDATE to FOLLOWER at term 52 for DISCOVERED_A_NEW_TERM
2019-10-16 11:35:43,491 [a3132885-145f-4a8c-85f4-c10eb874732d@group-2077DD483DC7-LeaderElection104] INFO  impl.RoleInfo (RoleInfo.java:shutdownLeaderElection(134)) - a3132885-145f-4a8c-85f4-c10eb874732d: shutdown LeaderElection
2019-10-16 11:35:43,491 [a3132885-145f-4a8c-85f4-c10eb874732d@group-2077DD483DC7-LeaderElection104] INFO  impl.RoleInfo (RoleInfo.java:updateAndGet(143)) - a3132885-145f-4a8c-85f4-c10eb874732d: start FollowerState
2019-10-16 11:35:43,551 [Thread-1044] INFO  impl.FollowerState (FollowerState.java:run(108)) - 1ee6da7b-5867-4bad-ba0d-a2cfd13fd72a@group-B3673A53AB6F-FollowerState: change to CANDIDATE, lastRpcTime:107ms, electionTimeout:107ms
2019-10-16 11:35:43,551 [Thread-1044] INFO  impl.RoleInfo (RoleInfo.java:shutdownFollowerState(121)) - 1ee6da7b-5867-4bad-ba0d-a2cfd13fd72a: shutdown FollowerState
2019-10-16 11:35:43,552 [Thread-1044] INFO  impl.RaftServerImpl (RaftServerImpl.java:setRole(184)) - 1ee6da7b-5867-4bad-ba0d-a2cfd13fd72a@group-B3673A53AB6F: changes role from  FOLLOWER to CANDIDATE at term 49 for changeToCandidate
2019-10-16 11:35:43,552 [Thread-1044] INFO  impl.RoleInfo (RoleInfo.java:updateAndGet(143)) - 1ee6da7b-5867-4bad-ba0d-a2cfd13fd72a: start LeaderElection
2019-10-16 11:35:43,567 [1ee6da7b-5867-4bad-ba0d-a2cfd13fd72a@group-B3673A53AB6F-LeaderElection105] INFO  impl.LeaderElection (LeaderElection.java:askForVotes(178)) - 1ee6da7b-5867-4bad-ba0d-a2cfd13fd72a@group-B3673A53AB6F-LeaderElection105: begin an election at term 50 for -1: [f94c755f-9f95-40b5-85b9-5e712f3f34e7:192.168.157.203:45275, 1ee6da7b-5867-4bad-ba0d-a2cfd13fd72a:192.168.157.203:35892, 4281bf39-36db-462c-8bc9-3c86cb645344:192.168.157.203:42381], old=null
2019-10-16 11:35:43,569 [grpc-default-executor-3] INFO  impl.RaftServerImpl (RaftServerImpl.java:setRole(184)) - f94c755f-9f95-40b5-85b9-5e712f3f34e7@group-B3673A53AB6F: changes role from  FOLLOWER to FOLLOWER at term 50 for recognizeCandidate:1ee6da7b-5867-4bad-ba0d-a2cfd13fd72a
2019-10-16 11:35:43,569 [grpc-default-executor-0] INFO  impl.RaftServerImpl (RaftServerImpl.java:setRole(184)) - 4281bf39-36db-462c-8bc9-3c86cb645344@group-B3673A53AB6F: changes role from  FOLLOWER to FOLLOWER at term 50 for recognizeCandidate:1ee6da7b-5867-4bad-ba0d-a2cfd13fd72a
2019-10-16 11:35:43,569 [grpc-default-executor-3] INFO  impl.RoleInfo (RoleInfo.java:shutdownFollowerState(121)) - f94c755f-9f95-40b5-85b9-5e712f3f34e7: shutdown FollowerState
2019-10-16 11:35:43,569 [grpc-default-executor-0] INFO  impl.RoleInfo (RoleInfo.java:shutdownFollowerState(121)) - 4281bf39-36db-462c-8bc9-3c86cb645344: shutdown FollowerState
2019-10-16 11:35:43,569 [Thread-1042] INFO  impl.FollowerState (FollowerState.java:run(117)) - f94c755f-9f95-40b5-85b9-5e712f3f34e7@group-B3673A53AB6F-FollowerState was interrupted: java.lang.InterruptedException: sleep interrupted
2019-10-16 11:35:43,569 [grpc-default-executor-3] INFO  impl.RoleInfo (RoleInfo.java:updateAndGet(143)) - f94c755f-9f95-40b5-85b9-5e712f3f34e7: start FollowerState
2019-10-16 11:35:43,570 [Thread-1043] INFO  impl.FollowerState (FollowerState.java:run(117)) - 4281bf39-36db-462c-8bc9-3c86cb645344@group-B3673A53AB6F-FollowerState was interrupted: java.lang.InterruptedException: sleep interrupted
2019-10-16 11:35:43,569 [grpc-default-executor-0] INFO  impl.RoleInfo (RoleInfo.java:updateAndGet(143)) - 4281bf39-36db-462c-8bc9-3c86cb645344: start FollowerState
2019-10-16 11:35:43,580 [Thread-1050] INFO  impl.FollowerState (FollowerState.java:run(108)) - a3132885-145f-4a8c-85f4-c10eb874732d@group-2077DD483DC7-FollowerState: change to CANDIDATE, lastRpcTime:88ms, electionTimeout:88ms
2019-10-16 11:35:43,580 [Thread-1050] INFO  impl.RoleInfo (RoleInfo.java:shutdownFollowerState(121)) - a3132885-145f-4a8c-85f4-c10eb874732d: shutdown FollowerState
2019-10-16 11:35:43,580 [Thread-1050] INFO  impl.RaftServerImpl (RaftServerImpl.java:setRole(184)) - a3132885-145f-4a8c-85f4-c10eb874732d@group-2077DD483DC7: changes role from  FOLLOWER to CANDIDATE at term 52 for changeToCandidate
2019-10-16 11:35:43,580 [Thread-1050] INFO  impl.RoleInfo (RoleInfo.java:updateAndGet(143)) - a3132885-145f-4a8c-85f4-c10eb874732d: start LeaderElection
2019-10-16 11:35:43,582 [1ee6da7b-5867-4bad-ba0d-a2cfd13fd72a@group-B3673A53AB6F-LeaderElection105] INFO  impl.LeaderElection (LeaderElection.java:logAndReturn(56)) - 1ee6da7b-5867-4bad-ba0d-a2cfd13fd72a@group-B3673A53AB6F-LeaderElection105: Election REJECTED; received 2 response(s) [1ee6da7b-5867-4bad-ba0d-a2cfd13fd72a<-f94c755f-9f95-40b5-85b9-5e712f3f34e7#0:FAIL-t50, 1ee6da7b-5867-4bad-ba0d-a2cfd13fd72a<-4281bf39-36db-462c-8bc9-3c86cb645344#0:FAIL-t50] and 0 exception(s); 1ee6da7b-5867-4bad-ba0d-a2cfd13fd72a@group-B3673A53AB6F:t50, leader=null, voted=1ee6da7b-5867-4bad-ba0d-a2cfd13fd72a, raftlog=1ee6da7b-5867-4bad-ba0d-a2cfd13fd72a@group-B3673A53AB6F-SegmentedRaftLog:OPENED:c-1,f-1,i0, conf=-1: [f94c755f-9f95-40b5-85b9-5e712f3f34e7:192.168.157.203:45275, 1ee6da7b-5867-4bad-ba0d-a2cfd13fd72a:192.168.157.203:35892, 4281bf39-36db-462c-8bc9-3c86cb645344:192.168.157.203:42381], old=null
2019-10-16 11:35:43,582 [1ee6da7b-5867-4bad-ba0d-a2cfd13fd72a@group-B3673A53AB6F-LeaderElection105] INFO  impl.RaftServerImpl (RaftServerImpl.java:setRole(184)) - 1ee6da7b-5867-4bad-ba0d-a2cfd13fd72a@group-B3673A53AB6F: changes role from CANDIDATE to FOLLOWER at term 50 for DISCOVERED_A_NEW_TERM
2019-10-16 11:35:43,582 [1ee6da7b-5867-4bad-ba0d-a2cfd13fd72a@group-B3673A53AB6F-LeaderElection105] INFO  impl.RoleInfo (RoleInfo.java:shutdownLeaderElection(134)) - 1ee6da7b-5867-4bad-ba0d-a2cfd13fd72a: shutdown LeaderElection
2019-10-16 11:35:43,583 [1ee6da7b-5867-4bad-ba0d-a2cfd13fd72a@group-B3673A53AB6F-LeaderElection105] INFO  impl.RoleInfo (RoleInfo.java:updateAndGet(143)) - 1ee6da7b-5867-4bad-ba0d-a2cfd13fd72a: start FollowerState
2019-10-16 11:35:43,585 [a3132885-145f-4a8c-85f4-c10eb874732d@group-2077DD483DC7-LeaderElection106] INFO  impl.LeaderElection (LeaderElection.java:askForVotes(178)) - a3132885-145f-4a8c-85f4-c10eb874732d@group-2077DD483DC7-LeaderElection106: begin an election at term 53 for -1: [163587bb-2c3b-4498-b576-18147cf38274:192.168.157.203:33208, a3132885-145f-4a8c-85f4-c10eb874732d:192.168.157.203:46766, 70b633f6-b230-4b9f-87f3-510da88f1e08:192.168.157.203:43163], old=null
2019-10-16 11:35:43,586 [grpc-default-executor-0] INFO  impl.RaftServerImpl (RaftServerImpl.java:setRole(184)) - 163587bb-2c3b-4498-b576-18147cf38274@group-2077DD483DC7: changes role from  FOLLOWER to FOLLOWER at term 53 for recognizeCandidate:a3132885-145f-4a8c-85f4-c10eb874732d
2019-10-16 11:35:43,586 [grpc-default-executor-3] INFO  impl.RaftServerImpl (RaftServerImpl.java:setRole(184)) - 70b633f6-b230-4b9f-87f3-510da88f1e08@group-2077DD483DC7: changes role from  FOLLOWER to FOLLOWER at term 53 for recognizeCandidate:a3132885-145f-4a8c-85f4-c10eb874732d
2019-10-16 11:35:43,587 [grpc-default-executor-3] INFO  impl.RoleInfo (RoleInfo.java:shutdownFollowerState(121)) - 70b633f6-b230-4b9f-87f3-510da88f1e08: shutdown FollowerState
2019-10-16 11:35:43,587 [grpc-default-executor-0] INFO  impl.RoleInfo (RoleInfo.java:shutdownFollowerState(121)) - 163587bb-2c3b-4498-b576-18147cf38274: shutdown FollowerState
2019-10-16 11:35:43,587 [Thread-1048] INFO  impl.FollowerState (FollowerState.java:run(117)) - 70b633f6-b230-4b9f-87f3-510da88f1e08@group-2077DD483DC7-FollowerState was interrupted: java.lang.InterruptedException: sleep interrupted
2019-10-16 11:35:43,587 [grpc-default-executor-3] INFO  impl.RoleInfo (RoleInfo.java:updateAndGet(143)) - 70b633f6-b230-4b9f-87f3-510da88f1e08: start FollowerState
2019-10-16 11:35:43,587 [Thread-1049] INFO  impl.FollowerState (FollowerState.java:run(117)) - 163587bb-2c3b-4498-b576-18147cf38274@group-2077DD483DC7-FollowerState was interrupted: java.lang.InterruptedException: sleep interrupted
2019-10-16 11:35:43,587 [grpc-default-executor-0] INFO  impl.RoleInfo (RoleInfo.java:updateAndGet(143)) - 163587bb-2c3b-4498-b576-18147cf38274: start FollowerState
2019-10-16 11:35:43,589 [a3132885-145f-4a8c-85f4-c10eb874732d@group-2077DD483DC7-LeaderElection106] INFO  impl.LeaderElection (LeaderElection.java:logAndReturn(56)) - a3132885-145f-4a8c-85f4-c10eb874732d@group-2077DD483DC7-LeaderElection106: Election TIMEOUT; received 0 response(s) [] and 0 exception(s); a3132885-145f-4a8c-85f4-c10eb874732d@group-2077DD483DC7:t53, leader=null, voted=a3132885-145f-4a8c-85f4-c10eb874732d, raftlog=a3132885-145f-4a8c-85f4-c10eb874732d@group-2077DD483DC7-SegmentedRaftLog:OPENED:c-1,f-1,i0, conf=-1: [163587bb-2c3b-4498-b576-18147cf38274:192.168.157.203:33208, a3132885-145f-4a8c-85f4-c10eb874732d:192.168.157.203:46766, 70b633f6-b230-4b9f-87f3-510da88f1e08:192.168.157.203:43163], old=null
2019-10-16 11:35:43,601 [a3132885-145f-4a8c-85f4-c10eb874732d@group-2077DD483DC7-LeaderElection106] INFO  impl.LeaderElection (LeaderElection.java:askForVotes(178)) - a3132885-145f-4a8c-85f4-c10eb874732d@group-2077DD483DC7-LeaderElection106: begin an election at term 54 for -1: [163587bb-2c3b-4498-b576-18147cf38274:192.168.157.203:33208, a3132885-145f-4a8c-85f4-c10eb874732d:192.168.157.203:46766, 70b633f6-b230-4b9f-87f3-510da88f1e08:192.168.157.203:43163], old=null
2019-10-16 11:35:43,602 [grpc-default-executor-3] INFO  impl.RaftServerImpl (RaftServerImpl.java:setRole(184)) - 163587bb-2c3b-4498-b576-18147cf38274@group-2077DD483DC7: changes role from  FOLLOWER to FOLLOWER at term 54 for recognizeCandidate:a3132885-145f-4a8c-85f4-c10eb874732d
2019-10-16 11:35:43,602 [grpc-default-executor-3] INFO  impl.RoleInfo (RoleInfo.java:shutdownFollowerState(121)) - 163587bb-2c3b-4498-b576-18147cf38274: shutdown FollowerState
2019-10-16 11:35:43,602 [grpc-default-executor-3] INFO  impl.RoleInfo (RoleInfo.java:updateAndGet(143)) - 163587bb-2c3b-4498-b576-18147cf38274: start FollowerState
2019-10-16 11:35:43,602 [Thread-1063] INFO  impl.FollowerState (FollowerState.java:run(117)) - 163587bb-2c3b-4498-b576-18147cf38274@group-2077DD483DC7-FollowerState was interrupted: java.lang.InterruptedException: sleep interrupted
2019-10-16 11:35:43,603 [grpc-default-executor-0] INFO  impl.RaftServerImpl (RaftServerImpl.java:setRole(184)) - 70b633f6-b230-4b9f-87f3-510da88f1e08@group-2077DD483DC7: changes role from  FOLLOWER to FOLLOWER at term 54 for recognizeCandidate:a3132885-145f-4a8c-85f4-c10eb874732d
2019-10-16 11:35:43,603 [grpc-default-executor-0] INFO  impl.RoleInfo (RoleInfo.java:shutdownFollowerState(121)) - 70b633f6-b230-4b9f-87f3-510da88f1e08: shutdown FollowerState
2019-10-16 11:35:43,603 [grpc-default-executor-0] INFO  impl.RoleInfo (RoleInfo.java:updateAndGet(143)) - 70b633f6-b230-4b9f-87f3-510da88f1e08: start FollowerState
2019-10-16 11:35:43,603 [Thread-1062] INFO  impl.FollowerState (FollowerState.java:run(117)) - 70b633f6-b230-4b9f-87f3-510da88f1e08@group-2077DD483DC7-FollowerState was interrupted: java.lang.InterruptedException: sleep interrupted
2019-10-16 11:35:43,618 [a3132885-145f-4a8c-85f4-c10eb874732d@group-2077DD483DC7-LeaderElection106] INFO  impl.LeaderElection (LeaderElection.java:logAndReturn(56)) - a3132885-145f-4a8c-85f4-c10eb874732d@group-2077DD483DC7-LeaderElection106: Election REJECTED; received 2 response(s) [a3132885-145f-4a8c-85f4-c10eb874732d<-163587bb-2c3b-4498-b576-18147cf38274#0:FAIL-t54, a3132885-145f-4a8c-85f4-c10eb874732d<-70b633f6-b230-4b9f-87f3-510da88f1e08#0:FAIL-t54] and 0 exception(s); a3132885-145f-4a8c-85f4-c10eb874732d@group-2077DD483DC7:t54, leader=null, voted=a3132885-145f-4a8c-85f4-c10eb874732d, raftlog=a3132885-145f-4a8c-85f4-c10eb874732d@group-2077DD483DC7-SegmentedRaftLog:OPENED:c-1,f-1,i0, conf=-1: [163587bb-2c3b-4498-b576-18147cf38274:192.168.157.203:33208, a3132885-145f-4a8c-85f4-c10eb874732d:192.168.157.203:46766, 70b633f6-b230-4b9f-87f3-510da88f1e08:192.168.157.203:43163], old=null
2019-10-16 11:35:43,618 [a3132885-145f-4a8c-85f4-c10eb874732d@group-2077DD483DC7-LeaderElection106] INFO  impl.RaftServerImpl (RaftServerImpl.java:setRole(184)) - a3132885-145f-4a8c-85f4-c10eb874732d@group-2077DD483DC7: changes role from CANDIDATE to FOLLOWER at term 54 for DISCOVERED_A_NEW_TERM
2019-10-16 11:35:43,618 [a3132885-145f-4a8c-85f4-c10eb874732d@group-2077DD483DC7-LeaderElection106] INFO  impl.RoleInfo (RoleInfo.java:shutdownLeaderElection(134)) - a3132885-145f-4a8c-85f4-c10eb874732d: shutdown LeaderElection
2019-10-16 11:35:43,618 [a3132885-145f-4a8c-85f4-c10eb874732d@group-2077DD483DC7-LeaderElection106] INFO  impl.RoleInfo (RoleInfo.java:updateAndGet(143)) - a3132885-145f-4a8c-85f4-c10eb874732d: start FollowerState
2019-10-16 11:35:43,661 [Thread-1059] INFO  impl.FollowerState (FollowerState.java:run(108)) - 1ee6da7b-5867-4bad-ba0d-a2cfd13fd72a@group-B3673A53AB6F-FollowerState: change to CANDIDATE, lastRpcTime:78ms, electionTimeout:78ms
2019-10-16 11:35:43,661 [Thread-1059] INFO  impl.RoleInfo (RoleInfo.java:shutdownFollowerState(121)) - 1ee6da7b-5867-4bad-ba0d-a2cfd13fd72a: shutdown FollowerState
2019-10-16 11:35:43,661 [Thread-1059] INFO  impl.RaftServerImpl (RaftServerImpl.java:setRole(184)) - 1ee6da7b-5867-4bad-ba0d-a2cfd13fd72a@group-B3673A53AB6F: changes role from  FOLLOWER to CANDIDATE at term 50 for changeToCandidate
2019-10-16 11:35:43,661 [Thread-1059] INFO  impl.RoleInfo (RoleInfo.java:updateAndGet(143)) - 1ee6da7b-5867-4bad-ba0d-a2cfd13fd72a: start LeaderElection
2019-10-16 11:35:43,673 [1ee6da7b-5867-4bad-ba0d-a2cfd13fd72a@group-B3673A53AB6F-LeaderElection107] INFO  impl.LeaderElection (LeaderElection.java:askForVotes(178)) - 1ee6da7b-5867-4bad-ba0d-a2cfd13fd72a@group-B3673A53AB6F-LeaderElection107: begin an election at term 51 for -1: [f94c755f-9f95-40b5-85b9-5e712f3f34e7:192.168.157.203:45275, 1ee6da7b-5867-4bad-ba0d-a2cfd13fd72a:192.168.157.203:35892, 4281bf39-36db-462c-8bc9-3c86cb645344:192.168.157.203:42381], old=null
2019-10-16 11:35:43,675 [grpc-default-executor-3] INFO  impl.RaftServerImpl (RaftServerImpl.java:setRole(184)) - 4281bf39-36db-462c-8bc9-3c86cb645344@group-B3673A53AB6F: changes role from  FOLLOWER to FOLLOWER at term 51 for recognizeCandidate:1ee6da7b-5867-4bad-ba0d-a2cfd13fd72a
2019-10-16 11:35:43,675 [grpc-default-executor-3] INFO  impl.RoleInfo (RoleInfo.java:shutdownFollowerState(121)) - 4281bf39-36db-462c-8bc9-3c86cb645344: shutdown FollowerState
2019-10-16 11:35:43,675 [grpc-default-executor-4] INFO  impl.RaftServerImpl (RaftServerImpl.java:setRole(184)) - f94c755f-9f95-40b5-85b9-5e712f3f34e7@group-B3673A53AB6F: changes role from  FOLLOWER to FOLLOWER at term 51 for recognizeCandidate:1ee6da7b-5867-4bad-ba0d-a2cfd13fd72a
2019-10-16 11:35:43,675 [grpc-default-executor-4] INFO  impl.RoleInfo (RoleInfo.java:shutdownFollowerState(121)) - f94c755f-9f95-40b5-85b9-5e712f3f34e7: shutdown FollowerState
2019-10-16 11:35:43,675 [Thread-1057] INFO  impl.FollowerState (FollowerState.java:run(117)) - 4281bf39-36db-462c-8bc9-3c86cb645344@group-B3673A53AB6F-FollowerState was interrupted: java.lang.InterruptedException: sleep interrupted
2019-10-16 11:35:43,675 [grpc-default-executor-3] INFO  impl.RoleInfo (RoleInfo.java:updateAndGet(143)) - 4281bf39-36db-462c-8bc9-3c86cb645344: start FollowerState
2019-10-16 11:35:43,675 [Thread-1056] INFO  impl.FollowerState (FollowerState.java:run(117)) - f94c755f-9f95-40b5-85b9-5e712f3f34e7@group-B3673A53AB6F-FollowerState was interrupted: java.lang.InterruptedException: sleep interrupted
2019-10-16 11:35:43,675 [grpc-default-executor-4] INFO  impl.RoleInfo (RoleInfo.java:updateAndGet(143)) - f94c755f-9f95-40b5-85b9-5e712f3f34e7: start FollowerState
2019-10-16 11:35:43,689 [1ee6da7b-5867-4bad-ba0d-a2cfd13fd72a@group-B3673A53AB6F-LeaderElection107] INFO  impl.LeaderElection (LeaderElection.java:logAndReturn(56)) - 1ee6da7b-5867-4bad-ba0d-a2cfd13fd72a@group-B3673A53AB6F-LeaderElection107: Election REJECTED; received 2 response(s) [1ee6da7b-5867-4bad-ba0d-a2cfd13fd72a<-f94c755f-9f95-40b5-85b9-5e712f3f34e7#0:FAIL-t51, 1ee6da7b-5867-4bad-ba0d-a2cfd13fd72a<-4281bf39-36db-462c-8bc9-3c86cb645344#0:FAIL-t51] and 0 exception(s); 1ee6da7b-5867-4bad-ba0d-a2cfd13fd72a@group-B3673A53AB6F:t51, leader=null, voted=1ee6da7b-5867-4bad-ba0d-a2cfd13fd72a, raftlog=1ee6da7b-5867-4bad-ba0d-a2cfd13fd72a@group-B3673A53AB6F-SegmentedRaftLog:OPENED:c-1,f-1,i0, conf=-1: [f94c755f-9f95-40b5-85b9-5e712f3f34e7:192.168.157.203:45275, 1ee6da7b-5867-4bad-ba0d-a2cfd13fd72a:192.168.157.203:35892, 4281bf39-36db-462c-8bc9-3c86cb645344:192.168.157.203:42381], old=null
2019-10-16 11:35:43,689 [1ee6da7b-5867-4bad-ba0d-a2cfd13fd72a@group-B3673A53AB6F-LeaderElection107] INFO  impl.RaftServerImpl (RaftServerImpl.java:setRole(184)) - 1ee6da7b-5867-4bad-ba0d-a2cfd13fd72a@group-B3673A53AB6F: changes role from CANDIDATE to FOLLOWER at term 51 for DISCOVERED_A_NEW_TERM
2019-10-16 11:35:43,689 [1ee6da7b-5867-4bad-ba0d-a2cfd13fd72a@group-B3673A53AB6F-LeaderElection107] INFO  impl.RoleInfo (RoleInfo.java:shutdownLeaderElection(134)) - 1ee6da7b-5867-4bad-ba0d-a2cfd13fd72a: shutdown LeaderElection
2019-10-16 11:35:43,689 [1ee6da7b-5867-4bad-ba0d-a2cfd13fd72a@group-B3673A53AB6F-LeaderElection107] INFO  impl.RoleInfo (RoleInfo.java:updateAndGet(143)) - 1ee6da7b-5867-4bad-ba0d-a2cfd13fd72a: start FollowerState
2019-10-16 11:35:43,713 [Thread-1074] INFO  impl.FollowerState (FollowerState.java:run(108)) - 1ee6da7b-5867-4bad-ba0d-a2cfd13fd72a@group-B3673A53AB6F-FollowerState: change to CANDIDATE, lastRpcTime:24ms, electionTimeout:24ms
2019-10-16 11:35:43,713 [Thread-1074] INFO  impl.RoleInfo (RoleInfo.java:shutdownFollowerState(121)) - 1ee6da7b-5867-4bad-ba0d-a2cfd13fd72a: shutdown FollowerState
2019-10-16 11:35:43,713 [Thread-1074] INFO  impl.RaftServerImpl (RaftServerImpl.java:setRole(184)) - 1ee6da7b-5867-4bad-ba0d-a2cfd13fd72a@group-B3673A53AB6F: changes role from  FOLLOWER to CANDIDATE at term 51 for changeToCandidate
2019-10-16 11:35:43,713 [Thread-1074] INFO  impl.RoleInfo (RoleInfo.java:updateAndGet(143)) - 1ee6da7b-5867-4bad-ba0d-a2cfd13fd72a: start LeaderElection
2019-10-16 11:35:43,725 [1ee6da7b-5867-4bad-ba0d-a2cfd13fd72a@group-B3673A53AB6F-LeaderElection108] INFO  impl.LeaderElection (LeaderElection.java:askForVotes(178)) - 1ee6da7b-5867-4bad-ba0d-a2cfd13fd72a@group-B3673A53AB6F-LeaderElection108: begin an election at term 52 for -1: [f94c755f-9f95-40b5-85b9-5e712f3f34e7:192.168.157.203:45275, 1ee6da7b-5867-4bad-ba0d-a2cfd13fd72a:192.168.157.203:35892, 4281bf39-36db-462c-8bc9-3c86cb645344:192.168.157.203:42381], old=null
2019-10-16 11:35:43,726 [grpc-default-executor-3] INFO  impl.RaftServerImpl (RaftServerImpl.java:setRole(184)) - 4281bf39-36db-462c-8bc9-3c86cb645344@group-B3673A53AB6F: changes role from  FOLLOWER to FOLLOWER at term 52 for recognizeCandidate:1ee6da7b-5867-4bad-ba0d-a2cfd13fd72a
2019-10-16 11:35:43,726 [grpc-default-executor-4] INFO  impl.RaftServerImpl (RaftServerImpl.java:setRole(184)) - f94c755f-9f95-40b5-85b9-5e712f3f34e7@group-B3673A53AB6F: changes role from  FOLLOWER to FOLLOWER at term 52 for recognizeCandidate:1ee6da7b-5867-4bad-ba0d-a2cfd13fd72a
2019-10-16 11:35:43,727 [grpc-default-executor-4] INFO  impl.RoleInfo (RoleInfo.java:shutdownFollowerState(121)) - f94c755f-9f95-40b5-85b9-5e712f3f34e7: shutdown FollowerState
2019-10-16 11:35:43,726 [grpc-default-executor-3] INFO  impl.RoleInfo (RoleInfo.java:shutdownFollowerState(121)) - 4281bf39-36db-462c-8bc9-3c86cb645344: shutdown FollowerState
2019-10-16 11:35:43,727 [Thread-1073] INFO  impl.FollowerState (FollowerState.java:run(117)) - f94c755f-9f95-40b5-85b9-5e712f3f34e7@group-B3673A53AB6F-FollowerState was interrupted: java.lang.InterruptedException: sleep interrupted
2019-10-16 11:35:43,727 [grpc-default-executor-4] INFO  impl.RoleInfo (RoleInfo.java:updateAndGet(143)) - f94c755f-9f95-40b5-85b9-5e712f3f34e7: start FollowerState
2019-10-16 11:35:43,727 [Thread-1072] INFO  impl.FollowerState (FollowerState.java:run(117)) - 4281bf39-36db-462c-8bc9-3c86cb645344@group-B3673A53AB6F-FollowerState was interrupted: java.lang.InterruptedException: sleep interrupted
2019-10-16 11:35:43,727 [grpc-default-executor-3] INFO  impl.RoleInfo (RoleInfo.java:updateAndGet(143)) - 4281bf39-36db-462c-8bc9-3c86cb645344: start FollowerState
2019-10-16 11:35:43,735 [1ee6da7b-5867-4bad-ba0d-a2cfd13fd72a@group-B3673A53AB6F-LeaderElection108] INFO  impl.LeaderElection (LeaderElection.java:logAndReturn(56)) - 1ee6da7b-5867-4bad-ba0d-a2cfd13fd72a@group-B3673A53AB6F-LeaderElection108: Election REJECTED; received 2 response(s) [1ee6da7b-5867-4bad-ba0d-a2cfd13fd72a<-f94c755f-9f95-40b5-85b9-5e712f3f34e7#0:FAIL-t52, 1ee6da7b-5867-4bad-ba0d-a2cfd13fd72a<-4281bf39-36db-462c-8bc9-3c86cb645344#0:FAIL-t52] and 0 exception(s); 1ee6da7b-5867-4bad-ba0d-a2cfd13fd72a@group-B3673A53AB6F:t52, leader=null, voted=1ee6da7b-5867-4bad-ba0d-a2cfd13fd72a, raftlog=1ee6da7b-5867-4bad-ba0d-a2cfd13fd72a@group-B3673A53AB6F-SegmentedRaftLog:OPENED:c-1,f-1,i0, conf=-1: [f94c755f-9f95-40b5-85b9-5e712f3f34e7:192.168.157.203:45275, 1ee6da7b-5867-4bad-ba0d-a2cfd13fd72a:192.168.157.203:35892, 4281bf39-36db-462c-8bc9-3c86cb645344:192.168.157.203:42381], old=null
2019-10-16 11:35:43,735 [1ee6da7b-5867-4bad-ba0d-a2cfd13fd72a@group-B3673A53AB6F-LeaderElection108] INFO  impl.RaftServerImpl (RaftServerImpl.java:setRole(184)) - 1ee6da7b-5867-4bad-ba0d-a2cfd13fd72a@group-B3673A53AB6F: changes role from CANDIDATE to FOLLOWER at term 52 for DISCOVERED_A_NEW_TERM
2019-10-16 11:35:43,735 [1ee6da7b-5867-4bad-ba0d-a2cfd13fd72a@group-B3673A53AB6F-LeaderElection108] INFO  impl.RoleInfo (RoleInfo.java:shutdownLeaderElection(134)) - 1ee6da7b-5867-4bad-ba0d-a2cfd13fd72a: shutdown LeaderElection
2019-10-16 11:35:43,735 [1ee6da7b-5867-4bad-ba0d-a2cfd13fd72a@group-B3673A53AB6F-LeaderElection108] INFO  impl.RoleInfo (RoleInfo.java:updateAndGet(143)) - 1ee6da7b-5867-4bad-ba0d-a2cfd13fd72a: start FollowerState
2019-10-16 11:35:43,779 [Thread-1080] INFO  impl.FollowerState (FollowerState.java:run(108)) - 1ee6da7b-5867-4bad-ba0d-a2cfd13fd72a@group-B3673A53AB6F-FollowerState: change to CANDIDATE, lastRpcTime:43ms, electionTimeout:43ms
2019-10-16 11:35:43,779 [Thread-1080] INFO  impl.RoleInfo (RoleInfo.java:shutdownFollowerState(121)) - 1ee6da7b-5867-4bad-ba0d-a2cfd13fd72a: shutdown FollowerState
2019-10-16 11:35:43,779 [Thread-1080] INFO  impl.RaftServerImpl (RaftServerImpl.java:setRole(184)) - 1ee6da7b-5867-4bad-ba0d-a2cfd13fd72a@group-B3673A53AB6F: changes role from  FOLLOWER to CANDIDATE at term 52 for changeToCandidate
2019-10-16 11:35:43,779 [Thread-1080] INFO  impl.RoleInfo (RoleInfo.java:updateAndGet(143)) - 1ee6da7b-5867-4bad-ba0d-a2cfd13fd72a: start LeaderElection
2019-10-16 11:35:43,791 [1ee6da7b-5867-4bad-ba0d-a2cfd13fd72a@group-B3673A53AB6F-LeaderElection109] INFO  impl.LeaderElection (LeaderElection.java:askForVotes(178)) - 1ee6da7b-5867-4bad-ba0d-a2cfd13fd72a@group-B3673A53AB6F-LeaderElection109: begin an election at term 53 for -1: [f94c755f-9f95-40b5-85b9-5e712f3f34e7:192.168.157.203:45275, 1ee6da7b-5867-4bad-ba0d-a2cfd13fd72a:192.168.157.203:35892, 4281bf39-36db-462c-8bc9-3c86cb645344:192.168.157.203:42381], old=null
2019-10-16 11:35:43,793 [grpc-default-executor-3] INFO  impl.RaftServerImpl (RaftServerImpl.java:setRole(184)) - 4281bf39-36db-462c-8bc9-3c86cb645344@group-B3673A53AB6F: changes role from  FOLLOWER to FOLLOWER at term 53 for recognizeCandidate:1ee6da7b-5867-4bad-ba0d-a2cfd13fd72a
2019-10-16 11:35:43,793 [grpc-default-executor-3] INFO  impl.RoleInfo (RoleInfo.java:shutdownFollowerState(121)) - 4281bf39-36db-462c-8bc9-3c86cb645344: shutdown FollowerState
2019-10-16 11:35:43,793 [grpc-default-executor-4] INFO  impl.RaftServerImpl (RaftServerImpl.java:setRole(184)) - f94c755f-9f95-40b5-85b9-5e712f3f34e7@group-B3673A53AB6F: changes role from  FOLLOWER to FOLLOWER at term 53 for recognizeCandidate:1ee6da7b-5867-4bad-ba0d-a2cfd13fd72a
2019-10-16 11:35:43,793 [grpc-default-executor-4] INFO  impl.RoleInfo (RoleInfo.java:shutdownFollowerState(121)) - f94c755f-9f95-40b5-85b9-5e712f3f34e7: shutdown FollowerState
2019-10-16 11:35:43,793 [Thread-1079] INFO  impl.FollowerState (FollowerState.java:run(117)) - 4281bf39-36db-462c-8bc9-3c86cb645344@group-B3673A53AB6F-FollowerState was interrupted: java.lang.InterruptedException: sleep interrupted
2019-10-16 11:35:43,793 [grpc-default-executor-3] INFO  impl.RoleInfo (RoleInfo.java:updateAndGet(143)) - 4281bf39-36db-462c-8bc9-3c86cb645344: start FollowerState
2019-10-16 11:35:43,793 [Thread-1078] INFO  impl.FollowerState (FollowerState.java:run(117)) - f94c755f-9f95-40b5-85b9-5e712f3f34e7@group-B3673A53AB6F-FollowerState was interrupted: java.lang.InterruptedException: sleep interrupted
2019-10-16 11:35:43,793 [grpc-default-executor-4] INFO  impl.RoleInfo (RoleInfo.java:updateAndGet(143)) - f94c755f-9f95-40b5-85b9-5e712f3f34e7: start FollowerState
2019-10-16 11:35:43,813 [Thread-1068] INFO  impl.FollowerState (FollowerState.java:run(108)) - a3132885-145f-4a8c-85f4-c10eb874732d@group-2077DD483DC7-FollowerState: change to CANDIDATE, lastRpcTime:195ms, electionTimeout:195ms
2019-10-16 11:35:43,814 [Thread-1068] INFO  impl.RoleInfo (RoleInfo.java:shutdownFollowerState(121)) - a3132885-145f-4a8c-85f4-c10eb874732d: shutdown FollowerState
2019-10-16 11:35:43,814 [Thread-1068] INFO  impl.RaftServerImpl (RaftServerImpl.java:setRole(184)) - a3132885-145f-4a8c-85f4-c10eb874732d@group-2077DD483DC7: changes role from  FOLLOWER to CANDIDATE at term 54 for changeToCandidate
2019-10-16 11:35:43,814 [Thread-1068] INFO  impl.RoleInfo (RoleInfo.java:updateAndGet(143)) - a3132885-145f-4a8c-85f4-c10eb874732d: start LeaderElection
2019-10-16 11:35:43,840 [a3132885-145f-4a8c-85f4-c10eb874732d@group-2077DD483DC7-LeaderElection110] INFO  impl.LeaderElection (LeaderElection.java:askForVotes(178)) - a3132885-145f-4a8c-85f4-c10eb874732d@group-2077DD483DC7-LeaderElection110: begin an election at term 55 for -1: [163587bb-2c3b-4498-b576-18147cf38274:192.168.157.203:33208, a3132885-145f-4a8c-85f4-c10eb874732d:192.168.157.203:46766, 70b633f6-b230-4b9f-87f3-510da88f1e08:192.168.157.203:43163], old=null
2019-10-16 11:35:43,841 [1ee6da7b-5867-4bad-ba0d-a2cfd13fd72a@group-B3673A53AB6F-LeaderElection109] INFO  impl.LeaderElection (LeaderElection.java:logAndReturn(56)) - 1ee6da7b-5867-4bad-ba0d-a2cfd13fd72a@group-B3673A53AB6F-LeaderElection109: Election REJECTED; received 2 response(s) [1ee6da7b-5867-4bad-ba0d-a2cfd13fd72a<-f94c755f-9f95-40b5-85b9-5e712f3f34e7#0:FAIL-t53, 1ee6da7b-5867-4bad-ba0d-a2cfd13fd72a<-4281bf39-36db-462c-8bc9-3c86cb645344#0:FAIL-t53] and 0 exception(s); 1ee6da7b-5867-4bad-ba0d-a2cfd13fd72a@group-B3673A53AB6F:t53, leader=null, voted=1ee6da7b-5867-4bad-ba0d-a2cfd13fd72a, raftlog=1ee6da7b-5867-4bad-ba0d-a2cfd13fd72a@group-B3673A53AB6F-SegmentedRaftLog:OPENED:c-1,f-1,i0, conf=-1: [f94c755f-9f95-40b5-85b9-5e712f3f34e7:192.168.157.203:45275, 1ee6da7b-5867-4bad-ba0d-a2cfd13fd72a:192.168.157.203:35892, 4281bf39-36db-462c-8bc9-3c86cb645344:192.168.157.203:42381], old=null
2019-10-16 11:35:43,841 [1ee6da7b-5867-4bad-ba0d-a2cfd13fd72a@group-B3673A53AB6F-LeaderElection109] INFO  impl.RaftServerImpl (RaftServerImpl.java:setRole(184)) - 1ee6da7b-5867-4bad-ba0d-a2cfd13fd72a@group-B3673A53AB6F: changes role from CANDIDATE to FOLLOWER at term 53 for DISCOVERED_A_NEW_TERM
2019-10-16 11:35:43,841 [1ee6da7b-5867-4bad-ba0d-a2cfd13fd72a@group-B3673A53AB6F-LeaderElection109] INFO  impl.RoleInfo (RoleInfo.java:shutdownLeaderElection(134)) - 1ee6da7b-5867-4bad-ba0d-a2cfd13fd72a: shutdown LeaderElection
2019-10-16 11:35:43,841 [1ee6da7b-5867-4bad-ba0d-a2cfd13fd72a@group-B3673A53AB6F-LeaderElection109] INFO  impl.RoleInfo (RoleInfo.java:updateAndGet(143)) - 1ee6da7b-5867-4bad-ba0d-a2cfd13fd72a: start FollowerState
2019-10-16 11:35:43,842 [grpc-default-executor-4] INFO  impl.RaftServerImpl (RaftServerImpl.java:setRole(184)) - 163587bb-2c3b-4498-b576-18147cf38274@group-2077DD483DC7: changes role from  FOLLOWER to FOLLOWER at term 55 for recognizeCandidate:a3132885-145f-4a8c-85f4-c10eb874732d
2019-10-16 11:35:43,842 [grpc-default-executor-3] INFO  impl.RaftServerImpl (RaftServerImpl.java:setRole(184)) - 70b633f6-b230-4b9f-87f3-510da88f1e08@group-2077DD483DC7: changes role from  FOLLOWER to FOLLOWER at term 55 for recognizeCandidate:a3132885-145f-4a8c-85f4-c10eb874732d
2019-10-16 11:35:43,842 [grpc-default-executor-4] INFO  impl.RoleInfo (RoleInfo.java:shutdownFollowerState(121)) - 163587bb-2c3b-4498-b576-18147cf38274: shutdown FollowerState
2019-10-16 11:35:43,842 [grpc-default-executor-3] INFO  impl.RoleInfo (RoleInfo.java:shutdownFollowerState(121)) - 70b633f6-b230-4b9f-87f3-510da88f1e08: shutdown FollowerState
2019-10-16 11:35:43,842 [Thread-1066] INFO  impl.FollowerState (FollowerState.java:run(117)) - 163587bb-2c3b-4498-b576-18147cf38274@group-2077DD483DC7-FollowerState was interrupted: java.lang.InterruptedException: sleep interrupted
2019-10-16 11:35:43,842 [grpc-default-executor-4] INFO  impl.RoleInfo (RoleInfo.java:updateAndGet(143)) - 163587bb-2c3b-4498-b576-18147cf38274: start FollowerState
2019-10-16 11:35:43,842 [Thread-1067] INFO  impl.FollowerState (FollowerState.java:run(117)) - 70b633f6-b230-4b9f-87f3-510da88f1e08@group-2077DD483DC7-FollowerState was interrupted: java.lang.InterruptedException: sleep interrupted
2019-10-16 11:35:43,842 [grpc-default-executor-3] INFO  impl.RoleInfo (RoleInfo.java:updateAndGet(143)) - 70b633f6-b230-4b9f-87f3-510da88f1e08: start FollowerState
2019-10-16 11:35:43,848 [a3132885-145f-4a8c-85f4-c10eb874732d@group-2077DD483DC7-LeaderElection110] INFO  impl.LeaderElection (LeaderElection.java:logAndReturn(56)) - a3132885-145f-4a8c-85f4-c10eb874732d@group-2077DD483DC7-LeaderElection110: Election REJECTED; received 2 response(s) [a3132885-145f-4a8c-85f4-c10eb874732d<-163587bb-2c3b-4498-b576-18147cf38274#0:FAIL-t55, a3132885-145f-4a8c-85f4-c10eb874732d<-70b633f6-b230-4b9f-87f3-510da88f1e08#0:FAIL-t55] and 0 exception(s); a3132885-145f-4a8c-85f4-c10eb874732d@group-2077DD483DC7:t55, leader=null, voted=a3132885-145f-4a8c-85f4-c10eb874732d, raftlog=a3132885-145f-4a8c-85f4-c10eb874732d@group-2077DD483DC7-SegmentedRaftLog:OPENED:c-1,f-1,i0, conf=-1: [163587bb-2c3b-4498-b576-18147cf38274:192.168.157.203:33208, a3132885-145f-4a8c-85f4-c10eb874732d:192.168.157.203:46766, 70b633f6-b230-4b9f-87f3-510da88f1e08:192.168.157.203:43163], old=null
2019-10-16 11:35:43,848 [a3132885-145f-4a8c-85f4-c10eb874732d@group-2077DD483DC7-LeaderElection110] INFO  impl.RaftServerImpl (RaftServerImpl.java:setRole(184)) - a3132885-145f-4a8c-85f4-c10eb874732d@group-2077DD483DC7: changes role from CANDIDATE to FOLLOWER at term 55 for DISCOVERED_A_NEW_TERM
2019-10-16 11:35:43,848 [a3132885-145f-4a8c-85f4-c10eb874732d@group-2077DD483DC7-LeaderElection110] INFO  impl.RoleInfo (RoleInfo.java:shutdownLeaderElection(134)) - a3132885-145f-4a8c-85f4-c10eb874732d: shutdown LeaderElection
2019-10-16 11:35:43,848 [a3132885-145f-4a8c-85f4-c10eb874732d@group-2077DD483DC7-LeaderElection110] INFO  impl.RoleInfo (RoleInfo.java:updateAndGet(143)) - a3132885-145f-4a8c-85f4-c10eb874732d: start FollowerState
2019-10-16 11:35:43,990 [Thread-1090] INFO  impl.FollowerState (FollowerState.java:run(108)) - 1ee6da7b-5867-4bad-ba0d-a2cfd13fd72a@group-B3673A53AB6F-FollowerState: change to CANDIDATE, lastRpcTime:148ms, electionTimeout:148ms
2019-10-16 11:35:43,990 [Thread-1090] INFO  impl.RoleInfo (RoleInfo.java:shutdownFollowerState(121)) - 1ee6da7b-5867-4bad-ba0d-a2cfd13fd72a: shutdown FollowerState
2019-10-16 11:35:43,990 [Thread-1090] INFO  impl.RaftServerImpl (RaftServerImpl.java:setRole(184)) - 1ee6da7b-5867-4bad-ba0d-a2cfd13fd72a@group-B3673A53AB6F: changes role from  FOLLOWER to CANDIDATE at term 53 for changeToCandidate
2019-10-16 11:35:43,990 [Thread-1090] INFO  impl.RoleInfo (RoleInfo.java:updateAndGet(143)) - 1ee6da7b-5867-4bad-ba0d-a2cfd13fd72a: start LeaderElection
2019-10-16 11:35:43,996 [1ee6da7b-5867-4bad-ba0d-a2cfd13fd72a@group-B3673A53AB6F-LeaderElection111] INFO  impl.LeaderElection (LeaderElection.java:askForVotes(178)) - 1ee6da7b-5867-4bad-ba0d-a2cfd13fd72a@group-B3673A53AB6F-LeaderElection111: begin an election at term 54 for -1: [f94c755f-9f95-40b5-85b9-5e712f3f34e7:192.168.157.203:45275, 1ee6da7b-5867-4bad-ba0d-a2cfd13fd72a:192.168.157.203:35892, 4281bf39-36db-462c-8bc9-3c86cb645344:192.168.157.203:42381], old=null
2019-10-16 11:35:43,998 [grpc-default-executor-4] INFO  impl.RaftServerImpl (RaftServerImpl.java:setRole(184)) - 4281bf39-36db-462c-8bc9-3c86cb645344@group-B3673A53AB6F: changes role from  FOLLOWER to FOLLOWER at term 54 for recognizeCandidate:1ee6da7b-5867-4bad-ba0d-a2cfd13fd72a
2019-10-16 11:35:43,998 [grpc-default-executor-4] INFO  impl.RoleInfo (RoleInfo.java:shutdownFollowerState(121)) - 4281bf39-36db-462c-8bc9-3c86cb645344: shutdown FollowerState
2019-10-16 11:35:43,998 [grpc-default-executor-3] INFO  impl.RaftServerImpl (RaftServerImpl.java:setRole(184)) - f94c755f-9f95-40b5-85b9-5e712f3f34e7@group-B3673A53AB6F: changes role from  FOLLOWER to FOLLOWER at term 54 for recognizeCandidate:1ee6da7b-5867-4bad-ba0d-a2cfd13fd72a
2019-10-16 11:35:43,998 [Thread-1084] INFO  impl.FollowerState (FollowerState.java:run(117)) - 4281bf39-36db-462c-8bc9-3c86cb645344@group-B3673A53AB6F-FollowerState was interrupted: java.lang.InterruptedException: sleep interrupted
2019-10-16 11:35:43,998 [grpc-default-executor-4] INFO  impl.RoleInfo (RoleInfo.java:updateAndGet(143)) - 4281bf39-36db-462c-8bc9-3c86cb645344: start FollowerState
2019-10-16 11:35:43,999 [grpc-default-executor-3] INFO  impl.RoleInfo (RoleInfo.java:shutdownFollowerState(121)) - f94c755f-9f95-40b5-85b9-5e712f3f34e7: shutdown FollowerState
2019-10-16 11:35:43,999 [grpc-default-executor-3] INFO  impl.RoleInfo (RoleInfo.java:updateAndGet(143)) - f94c755f-9f95-40b5-85b9-5e712f3f34e7: start FollowerState
2019-10-16 11:35:43,999 [Thread-1085] INFO  impl.FollowerState (FollowerState.java:run(117)) - f94c755f-9f95-40b5-85b9-5e712f3f34e7@group-B3673A53AB6F-FollowerState was interrupted: java.lang.InterruptedException: sleep interrupted
2019-10-16 11:35:44,008 [1ee6da7b-5867-4bad-ba0d-a2cfd13fd72a@group-B3673A53AB6F-LeaderElection111] INFO  impl.LeaderElection (LeaderElection.java:logAndReturn(56)) - 1ee6da7b-5867-4bad-ba0d-a2cfd13fd72a@group-B3673A53AB6F-LeaderElection111: Election REJECTED; received 2 response(s) [1ee6da7b-5867-4bad-ba0d-a2cfd13fd72a<-f94c755f-9f95-40b5-85b9-5e712f3f34e7#0:FAIL-t54, 1ee6da7b-5867-4bad-ba0d-a2cfd13fd72a<-4281bf39-36db-462c-8bc9-3c86cb645344#0:FAIL-t54] and 0 exception(s); 1ee6da7b-5867-4bad-ba0d-a2cfd13fd72a@group-B3673A53AB6F:t54, leader=null, voted=1ee6da7b-5867-4bad-ba0d-a2cfd13fd72a, raftlog=1ee6da7b-5867-4bad-ba0d-a2cfd13fd72a@group-B3673A53AB6F-SegmentedRaftLog:OPENED:c-1,f-1,i0, conf=-1: [f94c755f-9f95-40b5-85b9-5e712f3f34e7:192.168.157.203:45275, 1ee6da7b-5867-4bad-ba0d-a2cfd13fd72a:192.168.157.203:35892, 4281bf39-36db-462c-8bc9-3c86cb645344:192.168.157.203:42381], old=null
2019-10-16 11:35:44,008 [1ee6da7b-5867-4bad-ba0d-a2cfd13fd72a@group-B3673A53AB6F-LeaderElection111] INFO  impl.RaftServerImpl (RaftServerImpl.java:setRole(184)) - 1ee6da7b-5867-4bad-ba0d-a2cfd13fd72a@group-B3673A53AB6F: changes role from CANDIDATE to FOLLOWER at term 54 for DISCOVERED_A_NEW_TERM
2019-10-16 11:35:44,008 [1ee6da7b-5867-4bad-ba0d-a2cfd13fd72a@group-B3673A53AB6F-LeaderElection111] INFO  impl.RoleInfo (RoleInfo.java:shutdownLeaderElection(134)) - 1ee6da7b-5867-4bad-ba0d-a2cfd13fd72a: shutdown LeaderElection
2019-10-16 11:35:44,008 [1ee6da7b-5867-4bad-ba0d-a2cfd13fd72a@group-B3673A53AB6F-LeaderElection111] INFO  impl.RoleInfo (RoleInfo.java:updateAndGet(143)) - 1ee6da7b-5867-4bad-ba0d-a2cfd13fd72a: start FollowerState
2019-10-16 11:35:44,033 [Thread-1100] INFO  impl.FollowerState (FollowerState.java:run(108)) - 1ee6da7b-5867-4bad-ba0d-a2cfd13fd72a@group-B3673A53AB6F-FollowerState: change to CANDIDATE, lastRpcTime:24ms, electionTimeout:24ms
2019-10-16 11:35:44,033 [Thread-1100] INFO  impl.RoleInfo (RoleInfo.java:shutdownFollowerState(121)) - 1ee6da7b-5867-4bad-ba0d-a2cfd13fd72a: shutdown FollowerState
2019-10-16 11:35:44,033 [Thread-1093] INFO  impl.FollowerState (FollowerState.java:run(108)) - a3132885-145f-4a8c-85f4-c10eb874732d@group-2077DD483DC7-FollowerState: change to CANDIDATE, lastRpcTime:184ms, electionTimeout:184ms
2019-10-16 11:35:44,033 [Thread-1100] INFO  impl.RaftServerImpl (RaftServerImpl.java:setRole(184)) - 1ee6da7b-5867-4bad-ba0d-a2cfd13fd72a@group-B3673A53AB6F: changes role from  FOLLOWER to CANDIDATE at term 54 for changeToCandidate
2019-10-16 11:35:44,033 [Thread-1093] INFO  impl.RoleInfo (RoleInfo.java:shutdownFollowerState(121)) - a3132885-145f-4a8c-85f4-c10eb874732d: shutdown FollowerState
2019-10-16 11:35:44,033 [Thread-1100] INFO  impl.RoleInfo (RoleInfo.java:updateAndGet(143)) - 1ee6da7b-5867-4bad-ba0d-a2cfd13fd72a: start LeaderElection
2019-10-16 11:35:44,033 [Thread-1093] INFO  impl.RaftServerImpl (RaftServerImpl.java:setRole(184)) - a3132885-145f-4a8c-85f4-c10eb874732d@group-2077DD483DC7: changes role from  FOLLOWER to CANDIDATE at term 55 for changeToCandidate
2019-10-16 11:35:44,033 [Thread-1093] INFO  impl.RoleInfo (RoleInfo.java:updateAndGet(143)) - a3132885-145f-4a8c-85f4-c10eb874732d: start LeaderElection
2019-10-16 11:35:44,040 [a3132885-145f-4a8c-85f4-c10eb874732d@group-2077DD483DC7-LeaderElection113] INFO  impl.LeaderElection (LeaderElection.java:askForVotes(178)) - a3132885-145f-4a8c-85f4-c10eb874732d@group-2077DD483DC7-LeaderElection113: begin an election at term 56 for -1: [163587bb-2c3b-4498-b576-18147cf38274:192.168.157.203:33208, a3132885-145f-4a8c-85f4-c10eb874732d:192.168.157.203:46766, 70b633f6-b230-4b9f-87f3-510da88f1e08:192.168.157.203:43163], old=null
2019-10-16 11:35:44,040 [1ee6da7b-5867-4bad-ba0d-a2cfd13fd72a@group-B3673A53AB6F-LeaderElection112] INFO  impl.LeaderElection (LeaderElection.java:askForVotes(178)) - 1ee6da7b-5867-4bad-ba0d-a2cfd13fd72a@group-B3673A53AB6F-LeaderElection112: begin an election at term 55 for -1: [f94c755f-9f95-40b5-85b9-5e712f3f34e7:192.168.157.203:45275, 1ee6da7b-5867-4bad-ba0d-a2cfd13fd72a:192.168.157.203:35892, 4281bf39-36db-462c-8bc9-3c86cb645344:192.168.157.203:42381], old=null
2019-10-16 11:35:44,042 [grpc-default-executor-3] INFO  impl.RaftServerImpl (RaftServerImpl.java:setRole(184)) - 4281bf39-36db-462c-8bc9-3c86cb645344@group-B3673A53AB6F: changes role from  FOLLOWER to FOLLOWER at term 55 for recognizeCandidate:1ee6da7b-5867-4bad-ba0d-a2cfd13fd72a
2019-10-16 11:35:44,042 [grpc-default-executor-4] INFO  impl.RaftServerImpl (RaftServerImpl.java:setRole(184)) - 163587bb-2c3b-4498-b576-18147cf38274@group-2077DD483DC7: changes role from  FOLLOWER to FOLLOWER at term 56 for recognizeCandidate:a3132885-145f-4a8c-85f4-c10eb874732d
2019-10-16 11:35:44,043 [grpc-default-executor-0] INFO  impl.RaftServerImpl (RaftServerImpl.java:setRole(184)) - f94c755f-9f95-40b5-85b9-5e712f3f34e7@group-B3673A53AB6F: changes role from  FOLLOWER to FOLLOWER at term 55 for recognizeCandidate:1ee6da7b-5867-4bad-ba0d-a2cfd13fd72a
2019-10-16 11:35:44,043 [grpc-default-executor-0] INFO  impl.RoleInfo (RoleInfo.java:shutdownFollowerState(121)) - f94c755f-9f95-40b5-85b9-5e712f3f34e7: shutdown FollowerState
2019-10-16 11:35:44,043 [grpc-default-executor-3] INFO  impl.RoleInfo (RoleInfo.java:shutdownFollowerState(121)) - 4281bf39-36db-462c-8bc9-3c86cb645344: shutdown FollowerState
2019-10-16 11:35:44,043 [Thread-1099] INFO  impl.FollowerState (FollowerState.java:run(117)) - f94c755f-9f95-40b5-85b9-5e712f3f34e7@group-B3673A53AB6F-FollowerState was interrupted: java.lang.InterruptedException: sleep interrupted
2019-10-16 11:35:44,043 [grpc-default-executor-0] INFO  impl.RoleInfo (RoleInfo.java:updateAndGet(143)) - f94c755f-9f95-40b5-85b9-5e712f3f34e7: start FollowerState
2019-10-16 11:35:44,043 [Thread-1098] INFO  impl.FollowerState (FollowerState.java:run(117)) - 4281bf39-36db-462c-8bc9-3c86cb645344@group-B3673A53AB6F-FollowerState was interrupted: java.lang.InterruptedException: sleep interrupted
2019-10-16 11:35:44,043 [grpc-default-executor-1] INFO  impl.RaftServerImpl (RaftServerImpl.java:setRole(184)) - 70b633f6-b230-4b9f-87f3-510da88f1e08@group-2077DD483DC7: changes role from  FOLLOWER to FOLLOWER at term 56 for recognizeCandidate:a3132885-145f-4a8c-85f4-c10eb874732d
2019-10-16 11:35:44,043 [grpc-default-executor-4] INFO  impl.RoleInfo (RoleInfo.java:shutdownFollowerState(121)) - 163587bb-2c3b-4498-b576-18147cf38274: shutdown FollowerState
2019-10-16 11:35:44,044 [grpc-default-executor-1] INFO  impl.RoleInfo (RoleInfo.java:shutdownFollowerState(121)) - 70b633f6-b230-4b9f-87f3-510da88f1e08: shutdown FollowerState
2019-10-16 11:35:44,043 [grpc-default-executor-3] INFO  impl.RoleInfo (RoleInfo.java:updateAndGet(143)) - 4281bf39-36db-462c-8bc9-3c86cb645344: start FollowerState
2019-10-16 11:35:44,044 [grpc-default-executor-1] INFO  impl.RoleInfo (RoleInfo.java:updateAndGet(143)) - 70b633f6-b230-4b9f-87f3-510da88f1e08: start FollowerState
2019-10-16 11:35:44,044 [Thread-1092] INFO  impl.FollowerState (FollowerState.java:run(117)) - 70b633f6-b230-4b9f-87f3-510da88f1e08@group-2077DD483DC7-FollowerState was interrupted: java.lang.InterruptedException: sleep interrupted
2019-10-16 11:35:44,044 [Thread-1091] INFO  impl.FollowerState (FollowerState.java:run(117)) - 163587bb-2c3b-4498-b576-18147cf38274@group-2077DD483DC7-FollowerState was interrupted: java.lang.InterruptedException: sleep interrupted
2019-10-16 11:35:44,044 [grpc-default-executor-4] INFO  impl.RoleInfo (RoleInfo.java:updateAndGet(143)) - 163587bb-2c3b-4498-b576-18147cf38274: start FollowerState
2019-10-16 11:35:44,054 [a3132885-145f-4a8c-85f4-c10eb874732d@group-2077DD483DC7-LeaderElection113] INFO  impl.LeaderElection (LeaderElection.java:logAndReturn(56)) - a3132885-145f-4a8c-85f4-c10eb874732d@group-2077DD483DC7-LeaderElection113: Election REJECTED; received 2 response(s) [a3132885-145f-4a8c-85f4-c10eb874732d<-163587bb-2c3b-4498-b576-18147cf38274#0:FAIL-t56, a3132885-145f-4a8c-85f4-c10eb874732d<-70b633f6-b230-4b9f-87f3-510da88f1e08#0:FAIL-t56] and 0 exception(s); a3132885-145f-4a8c-85f4-c10eb874732d@group-2077DD483DC7:t56, leader=null, voted=a3132885-145f-4a8c-85f4-c10eb874732d, raftlog=a3132885-145f-4a8c-85f4-c10eb874732d@group-2077DD483DC7-SegmentedRaftLog:OPENED:c-1,f-1,i0, conf=-1: [163587bb-2c3b-4498-b576-18147cf38274:192.168.157.203:33208, a3132885-145f-4a8c-85f4-c10eb874732d:192.168.157.203:46766, 70b633f6-b230-4b9f-87f3-510da88f1e08:192.168.157.203:43163], old=null
2019-10-16 11:35:44,054 [1ee6da7b-5867-4bad-ba0d-a2cfd13fd72a@group-B3673A53AB6F-LeaderElection112] INFO  impl.LeaderElection (LeaderElection.java:logAndReturn(56)) - 1ee6da7b-5867-4bad-ba0d-a2cfd13fd72a@group-B3673A53AB6F-LeaderElection112: Election REJECTED; received 2 response(s) [1ee6da7b-5867-4bad-ba0d-a2cfd13fd72a<-f94c755f-9f95-40b5-85b9-5e712f3f34e7#0:FAIL-t55, 1ee6da7b-5867-4bad-ba0d-a2cfd13fd72a<-4281bf39-36db-462c-8bc9-3c86cb645344#0:FAIL-t55] and 0 exception(s); 1ee6da7b-5867-4bad-ba0d-a2cfd13fd72a@group-B3673A53AB6F:t55, leader=null, voted=1ee6da7b-5867-4bad-ba0d-a2cfd13fd72a, raftlog=1ee6da7b-5867-4bad-ba0d-a2cfd13fd72a@group-B3673A53AB6F-SegmentedRaftLog:OPENED:c-1,f-1,i0, conf=-1: [f94c755f-9f95-40b5-85b9-5e712f3f34e7:192.168.157.203:45275, 1ee6da7b-5867-4bad-ba0d-a2cfd13fd72a:192.168.157.203:35892, 4281bf39-36db-462c-8bc9-3c86cb645344:192.168.157.203:42381], old=null
2019-10-16 11:35:44,054 [a3132885-145f-4a8c-85f4-c10eb874732d@group-2077DD483DC7-LeaderElection113] INFO  impl.RaftServerImpl (RaftServerImpl.java:setRole(184)) - a3132885-145f-4a8c-85f4-c10eb874732d@group-2077DD483DC7: changes role from CANDIDATE to FOLLOWER at term 56 for DISCOVERED_A_NEW_TERM
2019-10-16 11:35:44,054 [1ee6da7b-5867-4bad-ba0d-a2cfd13fd72a@group-B3673A53AB6F-LeaderElection112] INFO  impl.RaftServerImpl (RaftServerImpl.java:setRole(184)) - 1ee6da7b-5867-4bad-ba0d-a2cfd13fd72a@group-B3673A53AB6F: changes role from CANDIDATE to FOLLOWER at term 55 for DISCOVERED_A_NEW_TERM
2019-10-16 11:35:44,054 [a3132885-145f-4a8c-85f4-c10eb874732d@group-2077DD483DC7-LeaderElection113] INFO  impl.RoleInfo (RoleInfo.java:shutdownLeaderElection(134)) - a3132885-145f-4a8c-85f4-c10eb874732d: shutdown LeaderElection
2019-10-16 11:35:44,054 [1ee6da7b-5867-4bad-ba0d-a2cfd13fd72a@group-B3673A53AB6F-LeaderElection112] INFO  impl.RoleInfo (RoleInfo.java:shutdownLeaderElection(134)) - 1ee6da7b-5867-4bad-ba0d-a2cfd13fd72a: shutdown LeaderElection
2019-10-16 11:35:44,054 [a3132885-145f-4a8c-85f4-c10eb874732d@group-2077DD483DC7-LeaderElection113] INFO  impl.RoleInfo (RoleInfo.java:updateAndGet(143)) - a3132885-145f-4a8c-85f4-c10eb874732d: start FollowerState
2019-10-16 11:35:44,054 [1ee6da7b-5867-4bad-ba0d-a2cfd13fd72a@group-B3673A53AB6F-LeaderElection112] INFO  impl.RoleInfo (RoleInfo.java:updateAndGet(143)) - 1ee6da7b-5867-4bad-ba0d-a2cfd13fd72a: start FollowerState
2019-10-16 11:35:44,074 [Thread-1112] INFO  impl.FollowerState (FollowerState.java:run(108)) - 1ee6da7b-5867-4bad-ba0d-a2cfd13fd72a@group-B3673A53AB6F-FollowerState: change to CANDIDATE, lastRpcTime:19ms, electionTimeout:19ms
2019-10-16 11:35:44,074 [Thread-1112] INFO  impl.RoleInfo (RoleInfo.java:shutdownFollowerState(121)) - 1ee6da7b-5867-4bad-ba0d-a2cfd13fd72a: shutdown FollowerState
2019-10-16 11:35:44,074 [Thread-1112] INFO  impl.RaftServerImpl (RaftServerImpl.java:setRole(184)) - 1ee6da7b-5867-4bad-ba0d-a2cfd13fd72a@group-B3673A53AB6F: changes role from  FOLLOWER to CANDIDATE at term 55 for changeToCandidate
2019-10-16 11:35:44,074 [Thread-1112] INFO  impl.RoleInfo (RoleInfo.java:updateAndGet(143)) - 1ee6da7b-5867-4bad-ba0d-a2cfd13fd72a: start LeaderElection
2019-10-16 11:35:44,084 [1ee6da7b-5867-4bad-ba0d-a2cfd13fd72a@group-B3673A53AB6F-LeaderElection114] INFO  impl.LeaderElection (LeaderElection.java:askForVotes(178)) - 1ee6da7b-5867-4bad-ba0d-a2cfd13fd72a@group-B3673A53AB6F-LeaderElection114: begin an election at term 56 for -1: [f94c755f-9f95-40b5-85b9-5e712f3f34e7:192.168.157.203:45275, 1ee6da7b-5867-4bad-ba0d-a2cfd13fd72a:192.168.157.203:35892, 4281bf39-36db-462c-8bc9-3c86cb645344:192.168.157.203:42381], old=null
2019-10-16 11:35:44,085 [grpc-default-executor-1] INFO  impl.RaftServerImpl (RaftServerImpl.java:setRole(184)) - f94c755f-9f95-40b5-85b9-5e712f3f34e7@group-B3673A53AB6F: changes role from  FOLLOWER to FOLLOWER at term 56 for recognizeCandidate:1ee6da7b-5867-4bad-ba0d-a2cfd13fd72a
2019-10-16 11:35:44,085 [grpc-default-executor-1] INFO  impl.RoleInfo (RoleInfo.java:shutdownFollowerState(121)) - f94c755f-9f95-40b5-85b9-5e712f3f34e7: shutdown FollowerState
2019-10-16 11:35:44,085 [grpc-default-executor-1] INFO  impl.RoleInfo (RoleInfo.java:updateAndGet(143)) - f94c755f-9f95-40b5-85b9-5e712f3f34e7: start FollowerState
2019-10-16 11:35:44,086 [Thread-1107] INFO  impl.FollowerState (FollowerState.java:run(117)) - f94c755f-9f95-40b5-85b9-5e712f3f34e7@group-B3673A53AB6F-FollowerState was interrupted: java.lang.InterruptedException: sleep interrupted
2019-10-16 11:35:44,086 [grpc-default-executor-4] INFO  impl.RaftServerImpl (RaftServerImpl.java:setRole(184)) - 4281bf39-36db-462c-8bc9-3c86cb645344@group-B3673A53AB6F: changes role from  FOLLOWER to FOLLOWER at term 56 for recognizeCandidate:1ee6da7b-5867-4bad-ba0d-a2cfd13fd72a
2019-10-16 11:35:44,086 [grpc-default-executor-4] INFO  impl.RoleInfo (RoleInfo.java:shutdownFollowerState(121)) - 4281bf39-36db-462c-8bc9-3c86cb645344: shutdown FollowerState
2019-10-16 11:35:44,086 [grpc-default-executor-4] INFO  impl.RoleInfo (RoleInfo.java:updateAndGet(143)) - 4281bf39-36db-462c-8bc9-3c86cb645344: start FollowerState
2019-10-16 11:35:44,087 [Thread-1108] INFO  impl.FollowerState (FollowerState.java:run(117)) - 4281bf39-36db-462c-8bc9-3c86cb645344@group-B3673A53AB6F-FollowerState was interrupted: java.lang.InterruptedException: sleep interrupted
2019-10-16 11:35:44,100 [1ee6da7b-5867-4bad-ba0d-a2cfd13fd72a@group-B3673A53AB6F-LeaderElection114] INFO  impl.LeaderElection (LeaderElection.java:logAndReturn(56)) - 1ee6da7b-5867-4bad-ba0d-a2cfd13fd72a@group-B3673A53AB6F-LeaderElection114: Election REJECTED; received 2 response(s) [1ee6da7b-5867-4bad-ba0d-a2cfd13fd72a<-f94c755f-9f95-40b5-85b9-5e712f3f34e7#0:FAIL-t56, 1ee6da7b-5867-4bad-ba0d-a2cfd13fd72a<-4281bf39-36db-462c-8bc9-3c86cb645344#0:FAIL-t56] and 0 exception(s); 1ee6da7b-5867-4bad-ba0d-a2cfd13fd72a@group-B3673A53AB6F:t56, leader=null, voted=1ee6da7b-5867-4bad-ba0d-a2cfd13fd72a, raftlog=1ee6da7b-5867-4bad-ba0d-a2cfd13fd72a@group-B3673A53AB6F-SegmentedRaftLog:OPENED:c-1,f-1,i0, conf=-1: [f94c755f-9f95-40b5-85b9-5e712f3f34e7:192.168.157.203:45275, 1ee6da7b-5867-4bad-ba0d-a2cfd13fd72a:192.168.157.203:35892, 4281bf39-36db-462c-8bc9-3c86cb645344:192.168.157.203:42381], old=null
2019-10-16 11:35:44,100 [1ee6da7b-5867-4bad-ba0d-a2cfd13fd72a@group-B3673A53AB6F-LeaderElection114] INFO  impl.RaftServerImpl (RaftServerImpl.java:setRole(184)) - 1ee6da7b-5867-4bad-ba0d-a2cfd13fd72a@group-B3673A53AB6F: changes role from CANDIDATE to FOLLOWER at term 56 for DISCOVERED_A_NEW_TERM
2019-10-16 11:35:44,100 [1ee6da7b-5867-4bad-ba0d-a2cfd13fd72a@group-B3673A53AB6F-LeaderElection114] INFO  impl.RoleInfo (RoleInfo.java:shutdownLeaderElection(134)) - 1ee6da7b-5867-4bad-ba0d-a2cfd13fd72a: shutdown LeaderElection
2019-10-16 11:35:44,100 [1ee6da7b-5867-4bad-ba0d-a2cfd13fd72a@group-B3673A53AB6F-LeaderElection114] INFO  impl.RoleInfo (RoleInfo.java:updateAndGet(143)) - 1ee6da7b-5867-4bad-ba0d-a2cfd13fd72a: start FollowerState
2019-10-16 11:35:44,186 [Thread-1118] INFO  impl.FollowerState (FollowerState.java:run(108)) - 1ee6da7b-5867-4bad-ba0d-a2cfd13fd72a@group-B3673A53AB6F-FollowerState: change to CANDIDATE, lastRpcTime:85ms, electionTimeout:85ms
2019-10-16 11:35:44,186 [Thread-1118] INFO  impl.RoleInfo (RoleInfo.java:shutdownFollowerState(121)) - 1ee6da7b-5867-4bad-ba0d-a2cfd13fd72a: shutdown FollowerState
2019-10-16 11:35:44,186 [Thread-1118] INFO  impl.RaftServerImpl (RaftServerImpl.java:setRole(184)) - 1ee6da7b-5867-4bad-ba0d-a2cfd13fd72a@group-B3673A53AB6F: changes role from  FOLLOWER to CANDIDATE at term 56 for changeToCandidate
2019-10-16 11:35:44,186 [Thread-1118] INFO  impl.RoleInfo (RoleInfo.java:updateAndGet(143)) - 1ee6da7b-5867-4bad-ba0d-a2cfd13fd72a: start LeaderElection
2019-10-16 11:35:44,193 [1ee6da7b-5867-4bad-ba0d-a2cfd13fd72a@group-B3673A53AB6F-LeaderElection115] INFO  impl.LeaderElection (LeaderElection.java:askForVotes(178)) - 1ee6da7b-5867-4bad-ba0d-a2cfd13fd72a@group-B3673A53AB6F-LeaderElection115: begin an election at term 57 for -1: [f94c755f-9f95-40b5-85b9-5e712f3f34e7:192.168.157.203:45275, 1ee6da7b-5867-4bad-ba0d-a2cfd13fd72a:192.168.157.203:35892, 4281bf39-36db-462c-8bc9-3c86cb645344:192.168.157.203:42381], old=null
2019-10-16 11:35:44,195 [grpc-default-executor-4] INFO  impl.RaftServerImpl (RaftServerImpl.java:setRole(184)) - f94c755f-9f95-40b5-85b9-5e712f3f34e7@group-B3673A53AB6F: changes role from  FOLLOWER to FOLLOWER at term 57 for recognizeCandidate:1ee6da7b-5867-4bad-ba0d-a2cfd13fd72a
2019-10-16 11:35:44,195 [grpc-default-executor-1] INFO  impl.RaftServerImpl (RaftServerImpl.java:setRole(184)) - 4281bf39-36db-462c-8bc9-3c86cb645344@group-B3673A53AB6F: changes role from  FOLLOWER to FOLLOWER at term 57 for recognizeCandidate:1ee6da7b-5867-4bad-ba0d-a2cfd13fd72a
2019-10-16 11:35:44,195 [grpc-default-executor-1] INFO  impl.RoleInfo (RoleInfo.java:shutdownFollowerState(121)) - 4281bf39-36db-462c-8bc9-3c86cb645344: shutdown FollowerState
2019-10-16 11:35:44,195 [grpc-default-executor-4] INFO  impl.RoleInfo (RoleInfo.java:shutdownFollowerState(121)) - f94c755f-9f95-40b5-85b9-5e712f3f34e7: shutdown FollowerState
2019-10-16 11:35:44,195 [Thread-1117] INFO  impl.FollowerState (FollowerState.java:run(117)) - 4281bf39-36db-462c-8bc9-3c86cb645344@group-B3673A53AB6F-FollowerState was interrupted: java.lang.InterruptedException: sleep interrupted
2019-10-16 11:35:44,195 [grpc-default-executor-1] INFO  impl.RoleInfo (RoleInfo.java:updateAndGet(143)) - 4281bf39-36db-462c-8bc9-3c86cb645344: start FollowerState
2019-10-16 11:35:44,195 [Thread-1116] INFO  impl.FollowerState (FollowerState.java:run(117)) - f94c755f-9f95-40b5-85b9-5e712f3f34e7@group-B3673A53AB6F-FollowerState was interrupted: java.lang.InterruptedException: sleep interrupted
2019-10-16 11:35:44,195 [grpc-default-executor-4] INFO  impl.RoleInfo (RoleInfo.java:updateAndGet(143)) - f94c755f-9f95-40b5-85b9-5e712f3f34e7: start FollowerState
2019-10-16 11:35:44,203 [1ee6da7b-5867-4bad-ba0d-a2cfd13fd72a@group-B3673A53AB6F-LeaderElection115] INFO  impl.LeaderElection (LeaderElection.java:logAndReturn(56)) - 1ee6da7b-5867-4bad-ba0d-a2cfd13fd72a@group-B3673A53AB6F-LeaderElection115: Election REJECTED; received 2 response(s) [1ee6da7b-5867-4bad-ba0d-a2cfd13fd72a<-f94c755f-9f95-40b5-85b9-5e712f3f34e7#0:FAIL-t57, 1ee6da7b-5867-4bad-ba0d-a2cfd13fd72a<-4281bf39-36db-462c-8bc9-3c86cb645344#0:FAIL-t57] and 0 exception(s); 1ee6da7b-5867-4bad-ba0d-a2cfd13fd72a@group-B3673A53AB6F:t57, leader=null, voted=1ee6da7b-5867-4bad-ba0d-a2cfd13fd72a, raftlog=1ee6da7b-5867-4bad-ba0d-a2cfd13fd72a@group-B3673A53AB6F-SegmentedRaftLog:OPENED:c-1,f-1,i0, conf=-1: [f94c755f-9f95-40b5-85b9-5e712f3f34e7:192.168.157.203:45275, 1ee6da7b-5867-4bad-ba0d-a2cfd13fd72a:192.168.157.203:35892, 4281bf39-36db-462c-8bc9-3c86cb645344:192.168.157.203:42381], old=null
2019-10-16 11:35:44,203 [1ee6da7b-5867-4bad-ba0d-a2cfd13fd72a@group-B3673A53AB6F-LeaderElection115] INFO  impl.RaftServerImpl (RaftServerImpl.java:setRole(184)) - 1ee6da7b-5867-4bad-ba0d-a2cfd13fd72a@group-B3673A53AB6F: changes role from CANDIDATE to FOLLOWER at term 57 for DISCOVERED_A_NEW_TERM
2019-10-16 11:35:44,203 [1ee6da7b-5867-4bad-ba0d-a2cfd13fd72a@group-B3673A53AB6F-LeaderElection115] INFO  impl.RoleInfo (RoleInfo.java:shutdownLeaderElection(134)) - 1ee6da7b-5867-4bad-ba0d-a2cfd13fd72a: shutdown LeaderElection
2019-10-16 11:35:44,204 [1ee6da7b-5867-4bad-ba0d-a2cfd13fd72a@group-B3673A53AB6F-LeaderElection115] INFO  impl.RoleInfo (RoleInfo.java:updateAndGet(143)) - 1ee6da7b-5867-4bad-ba0d-a2cfd13fd72a: start FollowerState
2019-10-16 11:35:44,209 [Thread-1111] INFO  impl.FollowerState (FollowerState.java:run(108)) - a3132885-145f-4a8c-85f4-c10eb874732d@group-2077DD483DC7-FollowerState: change to CANDIDATE, lastRpcTime:154ms, electionTimeout:154ms
2019-10-16 11:35:44,209 [Thread-1111] INFO  impl.RoleInfo (RoleInfo.java:shutdownFollowerState(121)) - a3132885-145f-4a8c-85f4-c10eb874732d: shutdown FollowerState
2019-10-16 11:35:44,209 [Thread-1111] INFO  impl.RaftServerImpl (RaftServerImpl.java:setRole(184)) - a3132885-145f-4a8c-85f4-c10eb874732d@group-2077DD483DC7: changes role from  FOLLOWER to CANDIDATE at term 56 for changeToCandidate
2019-10-16 11:35:44,209 [Thread-1111] INFO  impl.RoleInfo (RoleInfo.java:updateAndGet(143)) - a3132885-145f-4a8c-85f4-c10eb874732d: start LeaderElection
2019-10-16 11:35:44,224 [a3132885-145f-4a8c-85f4-c10eb874732d@group-2077DD483DC7-LeaderElection116] INFO  impl.LeaderElection (LeaderElection.java:askForVotes(178)) - a3132885-145f-4a8c-85f4-c10eb874732d@group-2077DD483DC7-LeaderElection116: begin an election at term 57 for -1: [163587bb-2c3b-4498-b576-18147cf38274:192.168.157.203:33208, a3132885-145f-4a8c-85f4-c10eb874732d:192.168.157.203:46766, 70b633f6-b230-4b9f-87f3-510da88f1e08:192.168.157.203:43163], old=null
2019-10-16 11:35:44,225 [grpc-default-executor-1] INFO  impl.RaftServerImpl (RaftServerImpl.java:setRole(184)) - 163587bb-2c3b-4498-b576-18147cf38274@group-2077DD483DC7: changes role from  FOLLOWER to FOLLOWER at term 57 for recognizeCandidate:a3132885-145f-4a8c-85f4-c10eb874732d
2019-10-16 11:35:44,225 [grpc-default-executor-1] INFO  impl.RoleInfo (RoleInfo.java:shutdownFollowerState(121)) - 163587bb-2c3b-4498-b576-18147cf38274: shutdown FollowerState
2019-10-16 11:35:44,225 [grpc-default-executor-1] INFO  impl.RoleInfo (RoleInfo.java:updateAndGet(143)) - 163587bb-2c3b-4498-b576-18147cf38274: start FollowerState
2019-10-16 11:35:44,225 [grpc-default-executor-4] INFO  impl.RaftServerImpl (RaftServerImpl.java:setRole(184)) - 70b633f6-b230-4b9f-87f3-510da88f1e08@group-2077DD483DC7: changes role from  FOLLOWER to FOLLOWER at term 57 for recognizeCandidate:a3132885-145f-4a8c-85f4-c10eb874732d
2019-10-16 11:35:44,225 [Thread-1109] INFO  impl.FollowerState (FollowerState.java:run(117)) - 163587bb-2c3b-4498-b576-18147cf38274@group-2077DD483DC7-FollowerState was interrupted: java.lang.InterruptedException: sleep interrupted
2019-10-16 11:35:44,225 [grpc-default-executor-4] INFO  impl.RoleInfo (RoleInfo.java:shutdownFollowerState(121)) - 70b633f6-b230-4b9f-87f3-510da88f1e08: shutdown FollowerState
2019-10-16 11:35:44,225 [grpc-default-executor-4] INFO  impl.RoleInfo (RoleInfo.java:updateAndGet(143)) - 70b633f6-b230-4b9f-87f3-510da88f1e08: start FollowerState
2019-10-16 11:35:44,225 [Thread-1110] INFO  impl.FollowerState (FollowerState.java:run(117)) - 70b633f6-b230-4b9f-87f3-510da88f1e08@group-2077DD483DC7-FollowerState was interrupted: java.lang.InterruptedException: sleep interrupted
2019-10-16 11:35:44,240 [a3132885-145f-4a8c-85f4-c10eb874732d@group-2077DD483DC7-LeaderElection116] INFO  impl.LeaderElection (LeaderElection.java:logAndReturn(56)) - a3132885-145f-4a8c-85f4-c10eb874732d@group-2077DD483DC7-LeaderElection116: Election REJECTED; received 2 response(s) [a3132885-145f-4a8c-85f4-c10eb874732d<-163587bb-2c3b-4498-b576-18147cf38274#0:FAIL-t57, a3132885-145f-4a8c-85f4-c10eb874732d<-70b633f6-b230-4b9f-87f3-510da88f1e08#0:FAIL-t57] and 0 exception(s); a3132885-145f-4a8c-85f4-c10eb874732d@group-2077DD483DC7:t57, leader=null, voted=a3132885-145f-4a8c-85f4-c10eb874732d, raftlog=a3132885-145f-4a8c-85f4-c10eb874732d@group-2077DD483DC7-SegmentedRaftLog:OPENED:c-1,f-1,i0, conf=-1: [163587bb-2c3b-4498-b576-18147cf38274:192.168.157.203:33208, a3132885-145f-4a8c-85f4-c10eb874732d:192.168.157.203:46766, 70b633f6-b230-4b9f-87f3-510da88f1e08:192.168.157.203:43163], old=null
2019-10-16 11:35:44,240 [a3132885-145f-4a8c-85f4-c10eb874732d@group-2077DD483DC7-LeaderElection116] INFO  impl.RaftServerImpl (RaftServerImpl.java:setRole(184)) - a3132885-145f-4a8c-85f4-c10eb874732d@group-2077DD483DC7: changes role from CANDIDATE to FOLLOWER at term 57 for DISCOVERED_A_NEW_TERM
2019-10-16 11:35:44,240 [a3132885-145f-4a8c-85f4-c10eb874732d@group-2077DD483DC7-LeaderElection116] INFO  impl.RoleInfo (RoleInfo.java:shutdownLeaderElection(134)) - a3132885-145f-4a8c-85f4-c10eb874732d: shutdown LeaderElection
2019-10-16 11:35:44,241 [a3132885-145f-4a8c-85f4-c10eb874732d@group-2077DD483DC7-LeaderElection116] INFO  impl.RoleInfo (RoleInfo.java:updateAndGet(143)) - a3132885-145f-4a8c-85f4-c10eb874732d: start FollowerState
2019-10-16 11:35:44,301 [Thread-1130] INFO  impl.FollowerState (FollowerState.java:run(108)) - a3132885-145f-4a8c-85f4-c10eb874732d@group-2077DD483DC7-FollowerState: change to CANDIDATE, lastRpcTime:60ms, electionTimeout:60ms
2019-10-16 11:35:44,301 [Thread-1130] INFO  impl.RoleInfo (RoleInfo.java:shutdownFollowerState(121)) - a3132885-145f-4a8c-85f4-c10eb874732d: shutdown FollowerState
2019-10-16 11:35:44,301 [Thread-1130] INFO  impl.RaftServerImpl (RaftServerImpl.java:setRole(184)) - a3132885-145f-4a8c-85f4-c10eb874732d@group-2077DD483DC7: changes role from  FOLLOWER to CANDIDATE at term 57 for changeToCandidate
2019-10-16 11:35:44,301 [Thread-1130] INFO  impl.RoleInfo (RoleInfo.java:updateAndGet(143)) - a3132885-145f-4a8c-85f4-c10eb874732d: start LeaderElection
2019-10-16 11:35:44,308 [a3132885-145f-4a8c-85f4-c10eb874732d@group-2077DD483DC7-LeaderElection117] INFO  impl.LeaderElection (LeaderElection.java:askForVotes(178)) - a3132885-145f-4a8c-85f4-c10eb874732d@group-2077DD483DC7-LeaderElection117: begin an election at term 58 for -1: [163587bb-2c3b-4498-b576-18147cf38274:192.168.157.203:33208, a3132885-145f-4a8c-85f4-c10eb874732d:192.168.157.203:46766, 70b633f6-b230-4b9f-87f3-510da88f1e08:192.168.157.203:43163], old=null
2019-10-16 11:35:44,310 [grpc-default-executor-1] INFO  impl.RaftServerImpl (RaftServerImpl.java:setRole(184)) - 70b633f6-b230-4b9f-87f3-510da88f1e08@group-2077DD483DC7: changes role from  FOLLOWER to FOLLOWER at term 58 for recognizeCandidate:a3132885-145f-4a8c-85f4-c10eb874732d
2019-10-16 11:35:44,310 [grpc-default-executor-1] INFO  impl.RoleInfo (RoleInfo.java:shutdownFollowerState(121)) - 70b633f6-b230-4b9f-87f3-510da88f1e08: shutdown FollowerState
2019-10-16 11:35:44,310 [grpc-default-executor-4] INFO  impl.RaftServerImpl (RaftServerImpl.java:setRole(184)) - 163587bb-2c3b-4498-b576-18147cf38274@group-2077DD483DC7: changes role from  FOLLOWER to FOLLOWER at term 58 for recognizeCandidate:a3132885-145f-4a8c-85f4-c10eb874732d
2019-10-16 11:35:44,311 [Thread-1129] INFO  impl.FollowerState (FollowerState.java:run(117)) - 70b633f6-b230-4b9f-87f3-510da88f1e08@group-2077DD483DC7-FollowerState was interrupted: java.lang.InterruptedException: sleep interrupted
2019-10-16 11:35:44,311 [grpc-default-executor-1] INFO  impl.RoleInfo (RoleInfo.java:updateAndGet(143)) - 70b633f6-b230-4b9f-87f3-510da88f1e08: start FollowerState
2019-10-16 11:35:44,311 [grpc-default-executor-4] INFO  impl.RoleInfo (RoleInfo.java:shutdownFollowerState(121)) - 163587bb-2c3b-4498-b576-18147cf38274: shutdown FollowerState
2019-10-16 11:35:44,311 [grpc-default-executor-4] INFO  impl.RoleInfo (RoleInfo.java:updateAndGet(143)) - 163587bb-2c3b-4498-b576-18147cf38274: start FollowerState
2019-10-16 11:35:44,311 [Thread-1128] INFO  impl.FollowerState (FollowerState.java:run(117)) - 163587bb-2c3b-4498-b576-18147cf38274@group-2077DD483DC7-FollowerState was interrupted: java.lang.InterruptedException: sleep interrupted
2019-10-16 11:35:44,322 [a3132885-145f-4a8c-85f4-c10eb874732d@group-2077DD483DC7-LeaderElection117] INFO  impl.LeaderElection (LeaderElection.java:logAndReturn(56)) - a3132885-145f-4a8c-85f4-c10eb874732d@group-2077DD483DC7-LeaderElection117: Election REJECTED; received 2 response(s) [a3132885-145f-4a8c-85f4-c10eb874732d<-163587bb-2c3b-4498-b576-18147cf38274#0:FAIL-t58, a3132885-145f-4a8c-85f4-c10eb874732d<-70b633f6-b230-4b9f-87f3-510da88f1e08#0:FAIL-t58] and 0 exception(s); a3132885-145f-4a8c-85f4-c10eb874732d@group-2077DD483DC7:t58, leader=null, voted=a3132885-145f-4a8c-85f4-c10eb874732d, raftlog=a3132885-145f-4a8c-85f4-c10eb874732d@group-2077DD483DC7-SegmentedRaftLog:OPENED:c-1,f-1,i0, conf=-1: [163587bb-2c3b-4498-b576-18147cf38274:192.168.157.203:33208, a3132885-145f-4a8c-85f4-c10eb874732d:192.168.157.203:46766, 70b633f6-b230-4b9f-87f3-510da88f1e08:192.168.157.203:43163], old=null
2019-10-16 11:35:44,322 [a3132885-145f-4a8c-85f4-c10eb874732d@group-2077DD483DC7-LeaderElection117] INFO  impl.RaftServerImpl (RaftServerImpl.java:setRole(184)) - a3132885-145f-4a8c-85f4-c10eb874732d@group-2077DD483DC7: changes role from CANDIDATE to FOLLOWER at term 58 for DISCOVERED_A_NEW_TERM
2019-10-16 11:35:44,322 [a3132885-145f-4a8c-85f4-c10eb874732d@group-2077DD483DC7-LeaderElection117] INFO  impl.RoleInfo (RoleInfo.java:shutdownLeaderElection(134)) - a3132885-145f-4a8c-85f4-c10eb874732d: shutdown LeaderElection
2019-10-16 11:35:44,322 [a3132885-145f-4a8c-85f4-c10eb874732d@group-2077DD483DC7-LeaderElection117] INFO  impl.RoleInfo (RoleInfo.java:updateAndGet(143)) - a3132885-145f-4a8c-85f4-c10eb874732d: start FollowerState
2019-10-16 11:35:44,367 [Thread-1124] INFO  impl.FollowerState (FollowerState.java:run(108)) - 1ee6da7b-5867-4bad-ba0d-a2cfd13fd72a@group-B3673A53AB6F-FollowerState: change to CANDIDATE, lastRpcTime:163ms, electionTimeout:163ms
2019-10-16 11:35:44,367 [Thread-1124] INFO  impl.RoleInfo (RoleInfo.java:shutdownFollowerState(121)) - 1ee6da7b-5867-4bad-ba0d-a2cfd13fd72a: shutdown FollowerState
2019-10-16 11:35:44,367 [Thread-1124] INFO  impl.RaftServerImpl (RaftServerImpl.java:setRole(184)) - 1ee6da7b-5867-4bad-ba0d-a2cfd13fd72a@group-B3673A53AB6F: changes role from  FOLLOWER to CANDIDATE at term 57 for changeToCandidate
2019-10-16 11:35:44,367 [Thread-1124] INFO  impl.RoleInfo (RoleInfo.java:updateAndGet(143)) - 1ee6da7b-5867-4bad-ba0d-a2cfd13fd72a: start LeaderElection
2019-10-16 11:35:44,473 [Thread-1136] INFO  impl.FollowerState (FollowerState.java:run(108)) - a3132885-145f-4a8c-85f4-c10eb874732d@group-2077DD483DC7-FollowerState: change to CANDIDATE, lastRpcTime:150ms, electionTimeout:150ms
2019-10-16 11:35:44,473 [Thread-1136] INFO  impl.RoleInfo (RoleInfo.java:shutdownFollowerState(121)) - a3132885-145f-4a8c-85f4-c10eb874732d: shutdown FollowerState
2019-10-16 11:35:44,473 [Thread-1136] INFO  impl.RaftServerImpl (RaftServerImpl.java:setRole(184)) - a3132885-145f-4a8c-85f4-c10eb874732d@group-2077DD483DC7: changes role from  FOLLOWER to CANDIDATE at term 58 for changeToCandidate
2019-10-16 11:35:44,473 [Thread-1136] INFO  impl.RoleInfo (RoleInfo.java:updateAndGet(143)) - a3132885-145f-4a8c-85f4-c10eb874732d: start LeaderElection
2019-10-16 11:35:44,613 [1ee6da7b-5867-4bad-ba0d-a2cfd13fd72a@group-B3673A53AB6F-LeaderElection118] INFO  impl.LeaderElection (LeaderElection.java:askForVotes(178)) - 1ee6da7b-5867-4bad-ba0d-a2cfd13fd72a@group-B3673A53AB6F-LeaderElection118: begin an election at term 58 for -1: [f94c755f-9f95-40b5-85b9-5e712f3f34e7:192.168.157.203:45275, 1ee6da7b-5867-4bad-ba0d-a2cfd13fd72a:192.168.157.203:35892, 4281bf39-36db-462c-8bc9-3c86cb645344:192.168.157.203:42381], old=null
2019-10-16 11:35:44,614 [a3132885-145f-4a8c-85f4-c10eb874732d@group-2077DD483DC7-LeaderElection119] INFO  impl.LeaderElection (LeaderElection.java:askForVotes(178)) - a3132885-145f-4a8c-85f4-c10eb874732d@group-2077DD483DC7-LeaderElection119: begin an election at term 59 for -1: [163587bb-2c3b-4498-b576-18147cf38274:192.168.157.203:33208, a3132885-145f-4a8c-85f4-c10eb874732d:192.168.157.203:46766, 70b633f6-b230-4b9f-87f3-510da88f1e08:192.168.157.203:43163], old=null
2019-10-16 11:35:44,616 [grpc-default-executor-1] INFO  impl.RaftServerImpl (RaftServerImpl.java:setRole(184)) - 163587bb-2c3b-4498-b576-18147cf38274@group-2077DD483DC7: changes role from  FOLLOWER to FOLLOWER at term 59 for recognizeCandidate:a3132885-145f-4a8c-85f4-c10eb874732d
2019-10-16 11:35:44,617 [grpc-default-executor-3] INFO  impl.RaftServerImpl (RaftServerImpl.java:setRole(184)) - 4281bf39-36db-462c-8bc9-3c86cb645344@group-B3673A53AB6F: changes role from  FOLLOWER to FOLLOWER at term 58 for recognizeCandidate:1ee6da7b-5867-4bad-ba0d-a2cfd13fd72a
2019-10-16 11:35:44,617 [grpc-default-executor-1] INFO  impl.RoleInfo (RoleInfo.java:shutdownFollowerState(121)) - 163587bb-2c3b-4498-b576-18147cf38274: shutdown FollowerState
2019-10-16 11:35:44,617 [grpc-default-executor-4] INFO  impl.RaftServerImpl (RaftServerImpl.java:setRole(184)) - f94c755f-9f95-40b5-85b9-5e712f3f34e7@group-B3673A53AB6F: changes role from  FOLLOWER to FOLLOWER at term 58 for recognizeCandidate:1ee6da7b-5867-4bad-ba0d-a2cfd13fd72a
2019-10-16 11:35:44,617 [grpc-default-executor-4] INFO  impl.RoleInfo (RoleInfo.java:shutdownFollowerState(121)) - f94c755f-9f95-40b5-85b9-5e712f3f34e7: shutdown FollowerState
2019-10-16 11:35:44,617 [grpc-default-executor-3] INFO  impl.RoleInfo (RoleInfo.java:shutdownFollowerState(121)) - 4281bf39-36db-462c-8bc9-3c86cb645344: shutdown FollowerState
2019-10-16 11:35:44,617 [grpc-default-executor-0] INFO  impl.RaftServerImpl (RaftServerImpl.java:setRole(184)) - 70b633f6-b230-4b9f-87f3-510da88f1e08@group-2077DD483DC7: changes role from  FOLLOWER to FOLLOWER at term 59 for recognizeCandidate:a3132885-145f-4a8c-85f4-c10eb874732d
2019-10-16 11:35:44,617 [Thread-1122] INFO  impl.FollowerState (FollowerState.java:run(117)) - 4281bf39-36db-462c-8bc9-3c86cb645344@group-B3673A53AB6F-FollowerState was interrupted: java.lang.InterruptedException: sleep interrupted
2019-10-16 11:35:44,617 [grpc-default-executor-3] INFO  impl.RoleInfo (RoleInfo.java:updateAndGet(143)) - 4281bf39-36db-462c-8bc9-3c86cb645344: start FollowerState
2019-10-16 11:35:44,617 [Thread-1123] INFO  impl.FollowerState (FollowerState.java:run(117)) - f94c755f-9f95-40b5-85b9-5e712f3f34e7@group-B3673A53AB6F-FollowerState was interrupted: java.lang.InterruptedException: sleep interrupted
2019-10-16 11:35:44,617 [grpc-default-executor-4] INFO  impl.RoleInfo (RoleInfo.java:updateAndGet(143)) - f94c755f-9f95-40b5-85b9-5e712f3f34e7: start FollowerState
2019-10-16 11:35:44,617 [Thread-1135] INFO  impl.FollowerState (FollowerState.java:run(117)) - 163587bb-2c3b-4498-b576-18147cf38274@group-2077DD483DC7-FollowerState was interrupted: java.lang.InterruptedException: sleep interrupted
2019-10-16 11:35:44,617 [grpc-default-executor-1] INFO  impl.RoleInfo (RoleInfo.java:updateAndGet(143)) - 163587bb-2c3b-4498-b576-18147cf38274: start FollowerState
2019-10-16 11:35:44,618 [grpc-default-executor-0] INFO  impl.RoleInfo (RoleInfo.java:shutdownFollowerState(121)) - 70b633f6-b230-4b9f-87f3-510da88f1e08: shutdown FollowerState
2019-10-16 11:35:44,619 [grpc-default-executor-0] INFO  impl.RoleInfo (RoleInfo.java:updateAndGet(143)) - 70b633f6-b230-4b9f-87f3-510da88f1e08: start FollowerState
2019-10-16 11:35:44,619 [Thread-1134] INFO  impl.FollowerState (FollowerState.java:run(117)) - 70b633f6-b230-4b9f-87f3-510da88f1e08@group-2077DD483DC7-FollowerState was interrupted: java.lang.InterruptedException: sleep interrupted
2019-10-16 11:35:44,634 [a3132885-145f-4a8c-85f4-c10eb874732d@group-2077DD483DC7-LeaderElection119] INFO  impl.LeaderElection (LeaderElection.java:logAndReturn(56)) - a3132885-145f-4a8c-85f4-c10eb874732d@group-2077DD483DC7-LeaderElection119: Election TIMEOUT; received 0 response(s) [] and 0 exception(s); a3132885-145f-4a8c-85f4-c10eb874732d@group-2077DD483DC7:t59, leader=null, voted=a3132885-145f-4a8c-85f4-c10eb874732d, raftlog=a3132885-145f-4a8c-85f4-c10eb874732d@group-2077DD483DC7-SegmentedRaftLog:OPENED:c-1,f-1,i0, conf=-1: [163587bb-2c3b-4498-b576-18147cf38274:192.168.157.203:33208, a3132885-145f-4a8c-85f4-c10eb874732d:192.168.157.203:46766, 70b633f6-b230-4b9f-87f3-510da88f1e08:192.168.157.203:43163], old=null
2019-10-16 11:35:44,637 [1ee6da7b-5867-4bad-ba0d-a2cfd13fd72a@group-B3673A53AB6F-LeaderElection118] INFO  impl.LeaderElection (LeaderElection.java:logAndReturn(56)) - 1ee6da7b-5867-4bad-ba0d-a2cfd13fd72a@group-B3673A53AB6F-LeaderElection118: Election REJECTED; received 2 response(s) [1ee6da7b-5867-4bad-ba0d-a2cfd13fd72a<-f94c755f-9f95-40b5-85b9-5e712f3f34e7#0:FAIL-t58, 1ee6da7b-5867-4bad-ba0d-a2cfd13fd72a<-4281bf39-36db-462c-8bc9-3c86cb645344#0:FAIL-t58] and 0 exception(s); 1ee6da7b-5867-4bad-ba0d-a2cfd13fd72a@group-B3673A53AB6F:t58, leader=null, voted=1ee6da7b-5867-4bad-ba0d-a2cfd13fd72a, raftlog=1ee6da7b-5867-4bad-ba0d-a2cfd13fd72a@group-B3673A53AB6F-SegmentedRaftLog:OPENED:c-1,f-1,i0, conf=-1: [f94c755f-9f95-40b5-85b9-5e712f3f34e7:192.168.157.203:45275, 1ee6da7b-5867-4bad-ba0d-a2cfd13fd72a:192.168.157.203:35892, 4281bf39-36db-462c-8bc9-3c86cb645344:192.168.157.203:42381], old=null
2019-10-16 11:35:44,637 [1ee6da7b-5867-4bad-ba0d-a2cfd13fd72a@group-B3673A53AB6F-LeaderElection118] INFO  impl.RaftServerImpl (RaftServerImpl.java:setRole(184)) - 1ee6da7b-5867-4bad-ba0d-a2cfd13fd72a@group-B3673A53AB6F: changes role from CANDIDATE to FOLLOWER at term 58 for DISCOVERED_A_NEW_TERM
2019-10-16 11:35:44,637 [1ee6da7b-5867-4bad-ba0d-a2cfd13fd72a@group-B3673A53AB6F-LeaderElection118] INFO  impl.RoleInfo (RoleInfo.java:shutdownLeaderElection(134)) - 1ee6da7b-5867-4bad-ba0d-a2cfd13fd72a: shutdown LeaderElection
2019-10-16 11:35:44,637 [1ee6da7b-5867-4bad-ba0d-a2cfd13fd72a@group-B3673A53AB6F-LeaderElection118] INFO  impl.RoleInfo (RoleInfo.java:updateAndGet(143)) - 1ee6da7b-5867-4bad-ba0d-a2cfd13fd72a: start FollowerState
2019-10-16 11:35:44,664 [a3132885-145f-4a8c-85f4-c10eb874732d@group-2077DD483DC7-LeaderElection119] INFO  impl.LeaderElection (LeaderElection.java:askForVotes(178)) - a3132885-145f-4a8c-85f4-c10eb874732d@group-2077DD483DC7-LeaderElection119: begin an election at term 60 for -1: [163587bb-2c3b-4498-b576-18147cf38274:192.168.157.203:33208, a3132885-145f-4a8c-85f4-c10eb874732d:192.168.157.203:46766, 70b633f6-b230-4b9f-87f3-510da88f1e08:192.168.157.203:43163], old=null
2019-10-16 11:35:44,666 [grpc-default-executor-3] INFO  impl.RaftServerImpl (RaftServerImpl.java:setRole(184)) - 163587bb-2c3b-4498-b576-18147cf38274@group-2077DD483DC7: changes role from  FOLLOWER to FOLLOWER at term 60 for recognizeCandidate:a3132885-145f-4a8c-85f4-c10eb874732d
2019-10-16 11:35:44,666 [grpc-default-executor-0] INFO  impl.RaftServerImpl (RaftServerImpl.java:setRole(184)) - 70b633f6-b230-4b9f-87f3-510da88f1e08@group-2077DD483DC7: changes role from  FOLLOWER to FOLLOWER at term 60 for recognizeCandidate:a3132885-145f-4a8c-85f4-c10eb874732d
2019-10-16 11:35:44,666 [grpc-default-executor-3] INFO  impl.RoleInfo (RoleInfo.java:shutdownFollowerState(121)) - 163587bb-2c3b-4498-b576-18147cf38274: shutdown FollowerState
2019-10-16 11:35:44,666 [grpc-default-executor-0] INFO  impl.RoleInfo (RoleInfo.java:shutdownFollowerState(121)) - 70b633f6-b230-4b9f-87f3-510da88f1e08: shutdown FollowerState
2019-10-16 11:35:44,667 [grpc-default-executor-3] INFO  impl.RoleInfo (RoleInfo.java:updateAndGet(143)) - 163587bb-2c3b-4498-b576-18147cf38274: start FollowerState
2019-10-16 11:35:44,667 [Thread-1147] INFO  impl.FollowerState (FollowerState.java:run(117)) - 163587bb-2c3b-4498-b576-18147cf38274@group-2077DD483DC7-FollowerState was interrupted: java.lang.InterruptedException: sleep interrupted
2019-10-16 11:35:44,667 [grpc-default-executor-0] INFO  impl.RoleInfo (RoleInfo.java:updateAndGet(143)) - 70b633f6-b230-4b9f-87f3-510da88f1e08: start FollowerState
2019-10-16 11:35:44,667 [Thread-1150] INFO  impl.FollowerState (FollowerState.java:run(117)) - 70b633f6-b230-4b9f-87f3-510da88f1e08@group-2077DD483DC7-FollowerState was interrupted: java.lang.InterruptedException: sleep interrupted
2019-10-16 11:35:44,674 [a3132885-145f-4a8c-85f4-c10eb874732d@group-2077DD483DC7-LeaderElection119] INFO  impl.LeaderElection (LeaderElection.java:logAndReturn(56)) - a3132885-145f-4a8c-85f4-c10eb874732d@group-2077DD483DC7-LeaderElection119: Election REJECTED; received 2 response(s) [a3132885-145f-4a8c-85f4-c10eb874732d<-163587bb-2c3b-4498-b576-18147cf38274#0:FAIL-t60, a3132885-145f-4a8c-85f4-c10eb874732d<-70b633f6-b230-4b9f-87f3-510da88f1e08#0:FAIL-t60] and 0 exception(s); a3132885-145f-4a8c-85f4-c10eb874732d@group-2077DD483DC7:t60, leader=null, voted=a3132885-145f-4a8c-85f4-c10eb874732d, raftlog=a3132885-145f-4a8c-85f4-c10eb874732d@group-2077DD483DC7-SegmentedRaftLog:OPENED:c-1,f-1,i0, conf=-1: [163587bb-2c3b-4498-b576-18147cf38274:192.168.157.203:33208, a3132885-145f-4a8c-85f4-c10eb874732d:192.168.157.203:46766, 70b633f6-b230-4b9f-87f3-510da88f1e08:192.168.157.203:43163], old=null
2019-10-16 11:35:44,674 [a3132885-145f-4a8c-85f4-c10eb874732d@group-2077DD483DC7-LeaderElection119] INFO  impl.RaftServerImpl (RaftServerImpl.java:setRole(184)) - a3132885-145f-4a8c-85f4-c10eb874732d@group-2077DD483DC7: changes role from CANDIDATE to FOLLOWER at term 60 for DISCOVERED_A_NEW_TERM
2019-10-16 11:35:44,674 [a3132885-145f-4a8c-85f4-c10eb874732d@group-2077DD483DC7-LeaderElection119] INFO  impl.RoleInfo (RoleInfo.java:shutdownLeaderElection(134)) - a3132885-145f-4a8c-85f4-c10eb874732d: shutdown LeaderElection
2019-10-16 11:35:44,674 [a3132885-145f-4a8c-85f4-c10eb874732d@group-2077DD483DC7-LeaderElection119] INFO  impl.RoleInfo (RoleInfo.java:updateAndGet(143)) - a3132885-145f-4a8c-85f4-c10eb874732d: start FollowerState
2019-10-16 11:35:44,753 [Thread-1151] INFO  impl.FollowerState (FollowerState.java:run(108)) - 1ee6da7b-5867-4bad-ba0d-a2cfd13fd72a@group-B3673A53AB6F-FollowerState: change to CANDIDATE, lastRpcTime:115ms, electionTimeout:115ms
2019-10-16 11:35:44,753 [Thread-1151] INFO  impl.RoleInfo (RoleInfo.java:shutdownFollowerState(121)) - 1ee6da7b-5867-4bad-ba0d-a2cfd13fd72a: shutdown FollowerState
2019-10-16 11:35:44,753 [Thread-1151] INFO  impl.RaftServerImpl (RaftServerImpl.java:setRole(184)) - 1ee6da7b-5867-4bad-ba0d-a2cfd13fd72a@group-B3673A53AB6F: changes role from  FOLLOWER to CANDIDATE at term 58 for changeToCandidate
2019-10-16 11:35:44,753 [Thread-1151] INFO  impl.RoleInfo (RoleInfo.java:updateAndGet(143)) - 1ee6da7b-5867-4bad-ba0d-a2cfd13fd72a: start LeaderElection
2019-10-16 11:35:44,758 [1ee6da7b-5867-4bad-ba0d-a2cfd13fd72a@group-B3673A53AB6F-LeaderElection120] INFO  impl.LeaderElection (LeaderElection.java:askForVotes(178)) - 1ee6da7b-5867-4bad-ba0d-a2cfd13fd72a@group-B3673A53AB6F-LeaderElection120: begin an election at term 59 for -1: [f94c755f-9f95-40b5-85b9-5e712f3f34e7:192.168.157.203:45275, 1ee6da7b-5867-4bad-ba0d-a2cfd13fd72a:192.168.157.203:35892, 4281bf39-36db-462c-8bc9-3c86cb645344:192.168.157.203:42381], old=null
2019-10-16 11:35:44,761 [grpc-default-executor-3] INFO  impl.RaftServerImpl (RaftServerImpl.java:setRole(184)) - 4281bf39-36db-462c-8bc9-3c86cb645344@group-B3673A53AB6F: changes role from  FOLLOWER to FOLLOWER at term 59 for recognizeCandidate:1ee6da7b-5867-4bad-ba0d-a2cfd13fd72a
2019-10-16 11:35:44,761 [grpc-default-executor-0] INFO  impl.RaftServerImpl (RaftServerImpl.java:setRole(184)) - f94c755f-9f95-40b5-85b9-5e712f3f34e7@group-B3673A53AB6F: changes role from  FOLLOWER to FOLLOWER at term 59 for recognizeCandidate:1ee6da7b-5867-4bad-ba0d-a2cfd13fd72a
2019-10-16 11:35:44,761 [grpc-default-executor-3] INFO  impl.RoleInfo (RoleInfo.java:shutdownFollowerState(121)) - 4281bf39-36db-462c-8bc9-3c86cb645344: shutdown FollowerState
2019-10-16 11:35:44,761 [grpc-default-executor-0] INFO  impl.RoleInfo (RoleInfo.java:shutdownFollowerState(121)) - f94c755f-9f95-40b5-85b9-5e712f3f34e7: shutdown FollowerState
2019-10-16 11:35:44,761 [grpc-default-executor-3] INFO  impl.RoleInfo (RoleInfo.java:updateAndGet(143)) - 4281bf39-36db-462c-8bc9-3c86cb645344: start FollowerState
2019-10-16 11:35:44,761 [Thread-1149] INFO  impl.FollowerState (FollowerState.java:run(117)) - 4281bf39-36db-462c-8bc9-3c86cb645344@group-B3673A53AB6F-FollowerState was interrupted: java.lang.InterruptedException: sleep interrupted
2019-10-16 11:35:44,761 [Thread-1148] INFO  impl.FollowerState (FollowerState.java:run(117)) - f94c755f-9f95-40b5-85b9-5e712f3f34e7@group-B3673A53AB6F-FollowerState was interrupted: java.lang.InterruptedException: sleep interrupted
2019-10-16 11:35:44,761 [grpc-default-executor-0] INFO  impl.RoleInfo (RoleInfo.java:updateAndGet(143)) - f94c755f-9f95-40b5-85b9-5e712f3f34e7: start FollowerState
2019-10-16 11:35:44,777 [1ee6da7b-5867-4bad-ba0d-a2cfd13fd72a@group-B3673A53AB6F-LeaderElection120] INFO  impl.LeaderElection (LeaderElection.java:logAndReturn(56)) - 1ee6da7b-5867-4bad-ba0d-a2cfd13fd72a@group-B3673A53AB6F-LeaderElection120: Election REJECTED; received 2 response(s) [1ee6da7b-5867-4bad-ba0d-a2cfd13fd72a<-f94c755f-9f95-40b5-85b9-5e712f3f34e7#0:FAIL-t59, 1ee6da7b-5867-4bad-ba0d-a2cfd13fd72a<-4281bf39-36db-462c-8bc9-3c86cb645344#0:FAIL-t59] and 0 exception(s); 1ee6da7b-5867-4bad-ba0d-a2cfd13fd72a@group-B3673A53AB6F:t59, leader=null, voted=1ee6da7b-5867-4bad-ba0d-a2cfd13fd72a, raftlog=1ee6da7b-5867-4bad-ba0d-a2cfd13fd72a@group-B3673A53AB6F-SegmentedRaftLog:OPENED:c-1,f-1,i0, conf=-1: [f94c755f-9f95-40b5-85b9-5e712f3f34e7:192.168.157.203:45275, 1ee6da7b-5867-4bad-ba0d-a2cfd13fd72a:192.168.157.203:35892, 4281bf39-36db-462c-8bc9-3c86cb645344:192.168.157.203:42381], old=null
2019-10-16 11:35:44,777 [1ee6da7b-5867-4bad-ba0d-a2cfd13fd72a@group-B3673A53AB6F-LeaderElection120] INFO  impl.RaftServerImpl (RaftServerImpl.java:setRole(184)) - 1ee6da7b-5867-4bad-ba0d-a2cfd13fd72a@group-B3673A53AB6F: changes role from CANDIDATE to FOLLOWER at term 59 for DISCOVERED_A_NEW_TERM
2019-10-16 11:35:44,778 [1ee6da7b-5867-4bad-ba0d-a2cfd13fd72a@group-B3673A53AB6F-LeaderElection120] INFO  impl.RoleInfo (RoleInfo.java:shutdownLeaderElection(134)) - 1ee6da7b-5867-4bad-ba0d-a2cfd13fd72a: shutdown LeaderElection
2019-10-16 11:35:44,778 [1ee6da7b-5867-4bad-ba0d-a2cfd13fd72a@group-B3673A53AB6F-LeaderElection120] INFO  impl.RoleInfo (RoleInfo.java:updateAndGet(143)) - 1ee6da7b-5867-4bad-ba0d-a2cfd13fd72a: start FollowerState
2019-10-16 11:35:44,798 [Thread-1162] INFO  impl.FollowerState (FollowerState.java:run(108)) - 1ee6da7b-5867-4bad-ba0d-a2cfd13fd72a@group-B3673A53AB6F-FollowerState: change to CANDIDATE, lastRpcTime:20ms, electionTimeout:20ms
2019-10-16 11:35:44,798 [Thread-1162] INFO  impl.RoleInfo (RoleInfo.java:shutdownFollowerState(121)) - 1ee6da7b-5867-4bad-ba0d-a2cfd13fd72a: shutdown FollowerState
2019-10-16 11:35:44,798 [Thread-1162] INFO  impl.RaftServerImpl (RaftServerImpl.java:setRole(184)) - 1ee6da7b-5867-4bad-ba0d-a2cfd13fd72a@group-B3673A53AB6F: changes role from  FOLLOWER to CANDIDATE at term 59 for changeToCandidate
2019-10-16 11:35:44,798 [Thread-1162] INFO  impl.RoleInfo (RoleInfo.java:updateAndGet(143)) - 1ee6da7b-5867-4bad-ba0d-a2cfd13fd72a: start LeaderElection
2019-10-16 11:35:44,823 [1ee6da7b-5867-4bad-ba0d-a2cfd13fd72a@group-B3673A53AB6F-LeaderElection121] INFO  impl.LeaderElection (LeaderElection.java:askForVotes(178)) - 1ee6da7b-5867-4bad-ba0d-a2cfd13fd72a@group-B3673A53AB6F-LeaderElection121: begin an election at term 60 for -1: [f94c755f-9f95-40b5-85b9-5e712f3f34e7:192.168.157.203:45275, 1ee6da7b-5867-4bad-ba0d-a2cfd13fd72a:192.168.157.203:35892, 4281bf39-36db-462c-8bc9-3c86cb645344:192.168.157.203:42381], old=null
2019-10-16 11:35:44,825 [1ee6da7b-5867-4bad-ba0d-a2cfd13fd72a@group-B3673A53AB6F-LeaderElection121] INFO  impl.LeaderElection (LeaderElection.java:logAndReturn(56)) - 1ee6da7b-5867-4bad-ba0d-a2cfd13fd72a@group-B3673A53AB6F-LeaderElection121: Election TIMEOUT; received 0 response(s) [] and 0 exception(s); 1ee6da7b-5867-4bad-ba0d-a2cfd13fd72a@group-B3673A53AB6F:t60, leader=null, voted=1ee6da7b-5867-4bad-ba0d-a2cfd13fd72a, raftlog=1ee6da7b-5867-4bad-ba0d-a2cfd13fd72a@group-B3673A53AB6F-SegmentedRaftLog:OPENED:c-1,f-1,i0, conf=-1: [f94c755f-9f95-40b5-85b9-5e712f3f34e7:192.168.157.203:45275, 1ee6da7b-5867-4bad-ba0d-a2cfd13fd72a:192.168.157.203:35892, 4281bf39-36db-462c-8bc9-3c86cb645344:192.168.157.203:42381], old=null
2019-10-16 11:35:44,825 [grpc-default-executor-3] INFO  impl.RaftServerImpl (RaftServerImpl.java:setRole(184)) - f94c755f-9f95-40b5-85b9-5e712f3f34e7@group-B3673A53AB6F: changes role from  FOLLOWER to FOLLOWER at term 60 for recognizeCandidate:1ee6da7b-5867-4bad-ba0d-a2cfd13fd72a
2019-10-16 11:35:44,825 [grpc-default-executor-0] INFO  impl.RaftServerImpl (RaftServerImpl.java:setRole(184)) - 4281bf39-36db-462c-8bc9-3c86cb645344@group-B3673A53AB6F: changes role from  FOLLOWER to FOLLOWER at term 60 for recognizeCandidate:1ee6da7b-5867-4bad-ba0d-a2cfd13fd72a
2019-10-16 11:35:44,825 [grpc-default-executor-3] INFO  impl.RoleInfo (RoleInfo.java:shutdownFollowerState(121)) - f94c755f-9f95-40b5-85b9-5e712f3f34e7: shutdown FollowerState
2019-10-16 11:35:44,825 [grpc-default-executor-0] INFO  impl.RoleInfo (RoleInfo.java:shutdownFollowerState(121)) - 4281bf39-36db-462c-8bc9-3c86cb645344: shutdown FollowerState
2019-10-16 11:35:44,825 [grpc-default-executor-3] INFO  impl.RoleInfo (RoleInfo.java:updateAndGet(143)) - f94c755f-9f95-40b5-85b9-5e712f3f34e7: start FollowerState
2019-10-16 11:35:44,826 [Thread-1160] INFO  impl.FollowerState (FollowerState.java:run(117)) - 4281bf39-36db-462c-8bc9-3c86cb645344@group-B3673A53AB6F-FollowerState was interrupted: java.lang.InterruptedException: sleep interrupted
2019-10-16 11:35:44,826 [grpc-default-executor-0] INFO  impl.RoleInfo (RoleInfo.java:updateAndGet(143)) - 4281bf39-36db-462c-8bc9-3c86cb645344: start FollowerState
2019-10-16 11:35:44,825 [Thread-1161] INFO  impl.FollowerState (FollowerState.java:run(117)) - f94c755f-9f95-40b5-85b9-5e712f3f34e7@group-B3673A53AB6F-FollowerState was interrupted: java.lang.InterruptedException: sleep interrupted
2019-10-16 11:35:44,848 [1ee6da7b-5867-4bad-ba0d-a2cfd13fd72a@group-B3673A53AB6F-LeaderElection121] INFO  impl.LeaderElection (LeaderElection.java:askForVotes(178)) - 1ee6da7b-5867-4bad-ba0d-a2cfd13fd72a@group-B3673A53AB6F-LeaderElection121: begin an election at term 61 for -1: [f94c755f-9f95-40b5-85b9-5e712f3f34e7:192.168.157.203:45275, 1ee6da7b-5867-4bad-ba0d-a2cfd13fd72a:192.168.157.203:35892, 4281bf39-36db-462c-8bc9-3c86cb645344:192.168.157.203:42381], old=null
2019-10-16 11:35:44,850 [grpc-default-executor-0] INFO  impl.RaftServerImpl (RaftServerImpl.java:setRole(184)) - f94c755f-9f95-40b5-85b9-5e712f3f34e7@group-B3673A53AB6F: changes role from  FOLLOWER to FOLLOWER at term 61 for recognizeCandidate:1ee6da7b-5867-4bad-ba0d-a2cfd13fd72a
2019-10-16 11:35:44,850 [grpc-default-executor-0] INFO  impl.RoleInfo (RoleInfo.java:shutdownFollowerState(121)) - f94c755f-9f95-40b5-85b9-5e712f3f34e7: shutdown FollowerState
2019-10-16 11:35:44,850 [grpc-default-executor-3] INFO  impl.RaftServerImpl (RaftServerImpl.java:setRole(184)) - 4281bf39-36db-462c-8bc9-3c86cb645344@group-B3673A53AB6F: changes role from  FOLLOWER to FOLLOWER at term 61 for recognizeCandidate:1ee6da7b-5867-4bad-ba0d-a2cfd13fd72a
2019-10-16 11:35:44,850 [Thread-1166] INFO  impl.FollowerState (FollowerState.java:run(117)) - f94c755f-9f95-40b5-85b9-5e712f3f34e7@group-B3673A53AB6F-FollowerState was interrupted: java.lang.InterruptedException: sleep interrupted
2019-10-16 11:35:44,850 [grpc-default-executor-0] INFO  impl.RoleInfo (RoleInfo.java:updateAndGet(143)) - f94c755f-9f95-40b5-85b9-5e712f3f34e7: start FollowerState
2019-10-16 11:35:44,850 [grpc-default-executor-3] INFO  impl.RoleInfo (RoleInfo.java:shutdownFollowerState(121)) - 4281bf39-36db-462c-8bc9-3c86cb645344: shutdown FollowerState
2019-10-16 11:35:44,850 [grpc-default-executor-3] INFO  impl.RoleInfo (RoleInfo.java:updateAndGet(143)) - 4281bf39-36db-462c-8bc9-3c86cb645344: start FollowerState
2019-10-16 11:35:44,850 [Thread-1167] INFO  impl.FollowerState (FollowerState.java:run(117)) - 4281bf39-36db-462c-8bc9-3c86cb645344@group-B3673A53AB6F-FollowerState was interrupted: java.lang.InterruptedException: sleep interrupted
2019-10-16 11:35:44,855 [Thread-1156] INFO  impl.FollowerState (FollowerState.java:run(108)) - a3132885-145f-4a8c-85f4-c10eb874732d@group-2077DD483DC7-FollowerState: change to CANDIDATE, lastRpcTime:181ms, electionTimeout:181ms
2019-10-16 11:35:44,856 [Thread-1156] INFO  impl.RoleInfo (RoleInfo.java:shutdownFollowerState(121)) - a3132885-145f-4a8c-85f4-c10eb874732d: shutdown FollowerState
2019-10-16 11:35:44,856 [Thread-1156] INFO  impl.RaftServerImpl (RaftServerImpl.java:setRole(184)) - a3132885-145f-4a8c-85f4-c10eb874732d@group-2077DD483DC7: changes role from  FOLLOWER to CANDIDATE at term 60 for changeToCandidate
2019-10-16 11:35:44,856 [1ee6da7b-5867-4bad-ba0d-a2cfd13fd72a@group-B3673A53AB6F-LeaderElection121] INFO  impl.LeaderElection (LeaderElection.java:logAndReturn(56)) - 1ee6da7b-5867-4bad-ba0d-a2cfd13fd72a@group-B3673A53AB6F-LeaderElection121: Election REJECTED; received 2 response(s) [1ee6da7b-5867-4bad-ba0d-a2cfd13fd72a<-f94c755f-9f95-40b5-85b9-5e712f3f34e7#0:FAIL-t61, 1ee6da7b-5867-4bad-ba0d-a2cfd13fd72a<-4281bf39-36db-462c-8bc9-3c86cb645344#0:FAIL-t61] and 0 exception(s); 1ee6da7b-5867-4bad-ba0d-a2cfd13fd72a@group-B3673A53AB6F:t61, leader=null, voted=1ee6da7b-5867-4bad-ba0d-a2cfd13fd72a, raftlog=1ee6da7b-5867-4bad-ba0d-a2cfd13fd72a@group-B3673A53AB6F-SegmentedRaftLog:OPENED:c-1,f-1,i0, conf=-1: [f94c755f-9f95-40b5-85b9-5e712f3f34e7:192.168.157.203:45275, 1ee6da7b-5867-4bad-ba0d-a2cfd13fd72a:192.168.157.203:35892, 4281bf39-36db-462c-8bc9-3c86cb645344:192.168.157.203:42381], old=null
2019-10-16 11:35:44,856 [Thread-1156] INFO  impl.RoleInfo (RoleInfo.java:updateAndGet(143)) - a3132885-145f-4a8c-85f4-c10eb874732d: start LeaderElection
2019-10-16 11:35:44,856 [1ee6da7b-5867-4bad-ba0d-a2cfd13fd72a@group-B3673A53AB6F-LeaderElection121] INFO  impl.RaftServerImpl (RaftServerImpl.java:setRole(184)) - 1ee6da7b-5867-4bad-ba0d-a2cfd13fd72a@group-B3673A53AB6F: changes role from CANDIDATE to FOLLOWER at term 61 for DISCOVERED_A_NEW_TERM
2019-10-16 11:35:44,856 [1ee6da7b-5867-4bad-ba0d-a2cfd13fd72a@group-B3673A53AB6F-LeaderElection121] INFO  impl.RoleInfo (RoleInfo.java:shutdownLeaderElection(134)) - 1ee6da7b-5867-4bad-ba0d-a2cfd13fd72a: shutdown LeaderElection
2019-10-16 11:35:44,856 [1ee6da7b-5867-4bad-ba0d-a2cfd13fd72a@group-B3673A53AB6F-LeaderElection121] INFO  impl.RoleInfo (RoleInfo.java:updateAndGet(143)) - 1ee6da7b-5867-4bad-ba0d-a2cfd13fd72a: start FollowerState
2019-10-16 11:35:44,926 [Thread-1174] INFO  impl.FollowerState (FollowerState.java:run(108)) - 1ee6da7b-5867-4bad-ba0d-a2cfd13fd72a@group-B3673A53AB6F-FollowerState: change to CANDIDATE, lastRpcTime:69ms, electionTimeout:69ms
2019-10-16 11:35:44,926 [Thread-1174] INFO  impl.RoleInfo (RoleInfo.java:shutdownFollowerState(121)) - 1ee6da7b-5867-4bad-ba0d-a2cfd13fd72a: shutdown FollowerState
2019-10-16 11:35:44,926 [Thread-1174] INFO  impl.RaftServerImpl (RaftServerImpl.java:setRole(184)) - 1ee6da7b-5867-4bad-ba0d-a2cfd13fd72a@group-B3673A53AB6F: changes role from  FOLLOWER to CANDIDATE at term 61 for changeToCandidate
2019-10-16 11:35:44,926 [Thread-1174] INFO  impl.RoleInfo (RoleInfo.java:updateAndGet(143)) - 1ee6da7b-5867-4bad-ba0d-a2cfd13fd72a: start LeaderElection
2019-10-16 11:35:44,930 [a3132885-145f-4a8c-85f4-c10eb874732d@group-2077DD483DC7-LeaderElection122] INFO  impl.LeaderElection (LeaderElection.java:askForVotes(178)) - a3132885-145f-4a8c-85f4-c10eb874732d@group-2077DD483DC7-LeaderElection122: begin an election at term 61 for -1: [163587bb-2c3b-4498-b576-18147cf38274:192.168.157.203:33208, a3132885-145f-4a8c-85f4-c10eb874732d:192.168.157.203:46766, 70b633f6-b230-4b9f-87f3-510da88f1e08:192.168.157.203:43163], old=null
2019-10-16 11:35:44,931 [grpc-default-executor-0] INFO  impl.RaftServerImpl (RaftServerImpl.java:setRole(184)) - 163587bb-2c3b-4498-b576-18147cf38274@group-2077DD483DC7: changes role from  FOLLOWER to FOLLOWER at term 61 for recognizeCandidate:a3132885-145f-4a8c-85f4-c10eb874732d
2019-10-16 11:35:44,932 [grpc-default-executor-0] INFO  impl.RoleInfo (RoleInfo.java:shutdownFollowerState(121)) - 163587bb-2c3b-4498-b576-18147cf38274: shutdown FollowerState
2019-10-16 11:35:44,932 [grpc-default-executor-3] INFO  impl.RaftServerImpl (RaftServerImpl.java:setRole(184)) - 70b633f6-b230-4b9f-87f3-510da88f1e08@group-2077DD483DC7: changes role from  FOLLOWER to FOLLOWER at term 61 for recognizeCandidate:a3132885-145f-4a8c-85f4-c10eb874732d
2019-10-16 11:35:44,932 [Thread-1154] INFO  impl.FollowerState (FollowerState.java:run(117)) - 163587bb-2c3b-4498-b576-18147cf38274@group-2077DD483DC7-FollowerState was interrupted: java.lang.InterruptedException: sleep interrupted
2019-10-16 11:35:44,932 [grpc-default-executor-0] INFO  impl.RoleInfo (RoleInfo.java:updateAndGet(143)) - 163587bb-2c3b-4498-b576-18147cf38274: start FollowerState
2019-10-16 11:35:44,932 [grpc-default-executor-3] INFO  impl.RoleInfo (RoleInfo.java:shutdownFollowerState(121)) - 70b633f6-b230-4b9f-87f3-510da88f1e08: shutdown FollowerState
2019-10-16 11:35:44,932 [Thread-1155] INFO  impl.FollowerState (FollowerState.java:run(117)) - 70b633f6-b230-4b9f-87f3-510da88f1e08@group-2077DD483DC7-FollowerState was interrupted: java.lang.InterruptedException: sleep interrupted
2019-10-16 11:35:44,933 [1ee6da7b-5867-4bad-ba0d-a2cfd13fd72a@group-B3673A53AB6F-LeaderElection123] INFO  impl.LeaderElection (LeaderElection.java:askForVotes(178)) - 1ee6da7b-5867-4bad-ba0d-a2cfd13fd72a@group-B3673A53AB6F-LeaderElection123: begin an election at term 62 for -1: [f94c755f-9f95-40b5-85b9-5e712f3f34e7:192.168.157.203:45275, 1ee6da7b-5867-4bad-ba0d-a2cfd13fd72a:192.168.157.203:35892, 4281bf39-36db-462c-8bc9-3c86cb645344:192.168.157.203:42381], old=null
2019-10-16 11:35:44,932 [grpc-default-executor-3] INFO  impl.RoleInfo (RoleInfo.java:updateAndGet(143)) - 70b633f6-b230-4b9f-87f3-510da88f1e08: start FollowerState
2019-10-16 11:35:44,934 [grpc-default-executor-1] INFO  impl.RaftServerImpl (RaftServerImpl.java:setRole(184)) - f94c755f-9f95-40b5-85b9-5e712f3f34e7@group-B3673A53AB6F: changes role from  FOLLOWER to FOLLOWER at term 62 for recognizeCandidate:1ee6da7b-5867-4bad-ba0d-a2cfd13fd72a
2019-10-16 11:35:44,934 [grpc-default-executor-1] INFO  impl.RoleInfo (RoleInfo.java:shutdownFollowerState(121)) - f94c755f-9f95-40b5-85b9-5e712f3f34e7: shutdown FollowerState
2019-10-16 11:35:44,934 [grpc-default-executor-1] INFO  impl.RoleInfo (RoleInfo.java:updateAndGet(143)) - f94c755f-9f95-40b5-85b9-5e712f3f34e7: start FollowerState
2019-10-16 11:35:44,934 [Thread-1171] INFO  impl.FollowerState (FollowerState.java:run(117)) - f94c755f-9f95-40b5-85b9-5e712f3f34e7@group-B3673A53AB6F-FollowerState was interrupted: java.lang.InterruptedException: sleep interrupted
2019-10-16 11:35:44,935 [grpc-default-executor-4] INFO  impl.RaftServerImpl (RaftServerImpl.java:setRole(184)) - 4281bf39-36db-462c-8bc9-3c86cb645344@group-B3673A53AB6F: changes role from  FOLLOWER to FOLLOWER at term 62 for recognizeCandidate:1ee6da7b-5867-4bad-ba0d-a2cfd13fd72a
2019-10-16 11:35:44,935 [grpc-default-executor-4] INFO  impl.RoleInfo (RoleInfo.java:shutdownFollowerState(121)) - 4281bf39-36db-462c-8bc9-3c86cb645344: shutdown FollowerState
2019-10-16 11:35:44,935 [grpc-default-executor-4] INFO  impl.RoleInfo (RoleInfo.java:updateAndGet(143)) - 4281bf39-36db-462c-8bc9-3c86cb645344: start FollowerState
2019-10-16 11:35:44,935 [Thread-1172] INFO  impl.FollowerState (FollowerState.java:run(117)) - 4281bf39-36db-462c-8bc9-3c86cb645344@group-B3673A53AB6F-FollowerState was interrupted: java.lang.InterruptedException: sleep interrupted
2019-10-16 11:35:44,942 [a3132885-145f-4a8c-85f4-c10eb874732d@group-2077DD483DC7-LeaderElection122] INFO  impl.LeaderElection (LeaderElection.java:logAndReturn(56)) - a3132885-145f-4a8c-85f4-c10eb874732d@group-2077DD483DC7-LeaderElection122: Election REJECTED; received 2 response(s) [a3132885-145f-4a8c-85f4-c10eb874732d<-163587bb-2c3b-4498-b576-18147cf38274#0:FAIL-t61, a3132885-145f-4a8c-85f4-c10eb874732d<-70b633f6-b230-4b9f-87f3-510da88f1e08#0:FAIL-t61] and 0 exception(s); a3132885-145f-4a8c-85f4-c10eb874732d@group-2077DD483DC7:t61, leader=null, voted=a3132885-145f-4a8c-85f4-c10eb874732d, raftlog=a3132885-145f-4a8c-85f4-c10eb874732d@group-2077DD483DC7-SegmentedRaftLog:OPENED:c-1,f-1,i0, conf=-1: [163587bb-2c3b-4498-b576-18147cf38274:192.168.157.203:33208, a3132885-145f-4a8c-85f4-c10eb874732d:192.168.157.203:46766, 70b633f6-b230-4b9f-87f3-510da88f1e08:192.168.157.203:43163], old=null
2019-10-16 11:35:44,942 [1ee6da7b-5867-4bad-ba0d-a2cfd13fd72a@group-B3673A53AB6F-LeaderElection123] INFO  impl.LeaderElection (LeaderElection.java:logAndReturn(56)) - 1ee6da7b-5867-4bad-ba0d-a2cfd13fd72a@group-B3673A53AB6F-LeaderElection123: Election REJECTED; received 2 response(s) [1ee6da7b-5867-4bad-ba0d-a2cfd13fd72a<-f94c755f-9f95-40b5-85b9-5e712f3f34e7#0:FAIL-t62, 1ee6da7b-5867-4bad-ba0d-a2cfd13fd72a<-4281bf39-36db-462c-8bc9-3c86cb645344#0:FAIL-t62] and 0 exception(s); 1ee6da7b-5867-4bad-ba0d-a2cfd13fd72a@group-B3673A53AB6F:t62, leader=null, voted=1ee6da7b-5867-4bad-ba0d-a2cfd13fd72a, raftlog=1ee6da7b-5867-4bad-ba0d-a2cfd13fd72a@group-B3673A53AB6F-SegmentedRaftLog:OPENED:c-1,f-1,i0, conf=-1: [f94c755f-9f95-40b5-85b9-5e712f3f34e7:192.168.157.203:45275, 1ee6da7b-5867-4bad-ba0d-a2cfd13fd72a:192.168.157.203:35892, 4281bf39-36db-462c-8bc9-3c86cb645344:192.168.157.203:42381], old=null
2019-10-16 11:35:44,942 [a3132885-145f-4a8c-85f4-c10eb874732d@group-2077DD483DC7-LeaderElection122] INFO  impl.RaftServerImpl (RaftServerImpl.java:setRole(184)) - a3132885-145f-4a8c-85f4-c10eb874732d@group-2077DD483DC7: changes role from CANDIDATE to FOLLOWER at term 61 for DISCOVERED_A_NEW_TERM
2019-10-16 11:35:44,943 [1ee6da7b-5867-4bad-ba0d-a2cfd13fd72a@group-B3673A53AB6F-LeaderElection123] INFO  impl.RaftServerImpl (RaftServerImpl.java:setRole(184)) - 1ee6da7b-5867-4bad-ba0d-a2cfd13fd72a@group-B3673A53AB6F: changes role from CANDIDATE to FOLLOWER at term 62 for DISCOVERED_A_NEW_TERM
2019-10-16 11:35:44,943 [a3132885-145f-4a8c-85f4-c10eb874732d@group-2077DD483DC7-LeaderElection122] INFO  impl.RoleInfo (RoleInfo.java:shutdownLeaderElection(134)) - a3132885-145f-4a8c-85f4-c10eb874732d: shutdown LeaderElection
2019-10-16 11:35:44,943 [1ee6da7b-5867-4bad-ba0d-a2cfd13fd72a@group-B3673A53AB6F-LeaderElection123] INFO  impl.RoleInfo (RoleInfo.java:shutdownLeaderElection(134)) - 1ee6da7b-5867-4bad-ba0d-a2cfd13fd72a: shutdown LeaderElection
2019-10-16 11:35:44,943 [a3132885-145f-4a8c-85f4-c10eb874732d@group-2077DD483DC7-LeaderElection122] INFO  impl.RoleInfo (RoleInfo.java:updateAndGet(143)) - a3132885-145f-4a8c-85f4-c10eb874732d: start FollowerState
2019-10-16 11:35:44,943 [1ee6da7b-5867-4bad-ba0d-a2cfd13fd72a@group-B3673A53AB6F-LeaderElection123] INFO  impl.RoleInfo (RoleInfo.java:updateAndGet(143)) - 1ee6da7b-5867-4bad-ba0d-a2cfd13fd72a: start FollowerState
2019-10-16 11:35:45,039 [Thread-1185] INFO  impl.FollowerState (FollowerState.java:run(108)) - a3132885-145f-4a8c-85f4-c10eb874732d@group-2077DD483DC7-FollowerState: change to CANDIDATE, lastRpcTime:96ms, electionTimeout:96ms
2019-10-16 11:35:45,040 [Thread-1185] INFO  impl.RoleInfo (RoleInfo.java:shutdownFollowerState(121)) - a3132885-145f-4a8c-85f4-c10eb874732d: shutdown FollowerState
2019-10-16 11:35:45,040 [Thread-1185] INFO  impl.RaftServerImpl (RaftServerImpl.java:setRole(184)) - a3132885-145f-4a8c-85f4-c10eb874732d@group-2077DD483DC7: changes role from  FOLLOWER to CANDIDATE at term 61 for changeToCandidate
2019-10-16 11:35:45,040 [Thread-1185] INFO  impl.RoleInfo (RoleInfo.java:updateAndGet(143)) - a3132885-145f-4a8c-85f4-c10eb874732d: start LeaderElection
2019-10-16 11:35:45,048 [a3132885-145f-4a8c-85f4-c10eb874732d@group-2077DD483DC7-LeaderElection124] INFO  impl.LeaderElection (LeaderElection.java:askForVotes(178)) - a3132885-145f-4a8c-85f4-c10eb874732d@group-2077DD483DC7-LeaderElection124: begin an election at term 62 for -1: [163587bb-2c3b-4498-b576-18147cf38274:192.168.157.203:33208, a3132885-145f-4a8c-85f4-c10eb874732d:192.168.157.203:46766, 70b633f6-b230-4b9f-87f3-510da88f1e08:192.168.157.203:43163], old=null
2019-10-16 11:35:45,050 [grpc-default-executor-1] INFO  impl.RaftServerImpl (RaftServerImpl.java:setRole(184)) - 163587bb-2c3b-4498-b576-18147cf38274@group-2077DD483DC7: changes role from  FOLLOWER to FOLLOWER at term 62 for recognizeCandidate:a3132885-145f-4a8c-85f4-c10eb874732d
2019-10-16 11:35:45,050 [grpc-default-executor-3] INFO  impl.RaftServerImpl (RaftServerImpl.java:setRole(184)) - 70b633f6-b230-4b9f-87f3-510da88f1e08@group-2077DD483DC7: changes role from  FOLLOWER to FOLLOWER at term 62 for recognizeCandidate:a3132885-145f-4a8c-85f4-c10eb874732d
2019-10-16 11:35:45,050 [grpc-default-executor-1] INFO  impl.RoleInfo (RoleInfo.java:shutdownFollowerState(121)) - 163587bb-2c3b-4498-b576-18147cf38274: shutdown FollowerState
2019-10-16 11:35:45,050 [grpc-default-executor-3] INFO  impl.RoleInfo (RoleInfo.java:shutdownFollowerState(121)) - 70b633f6-b230-4b9f-87f3-510da88f1e08: shutdown FollowerState
2019-10-16 11:35:45,051 [Thread-1179] INFO  impl.FollowerState (FollowerState.java:run(117)) - 163587bb-2c3b-4498-b576-18147cf38274@group-2077DD483DC7-FollowerState was interrupted: java.lang.InterruptedException: sleep interrupted
2019-10-16 11:35:45,051 [grpc-default-executor-1] INFO  impl.RoleInfo (RoleInfo.java:updateAndGet(143)) - 163587bb-2c3b-4498-b576-18147cf38274: start FollowerState
2019-10-16 11:35:45,051 [Thread-1180] INFO  impl.FollowerState (FollowerState.java:run(117)) - 70b633f6-b230-4b9f-87f3-510da88f1e08@group-2077DD483DC7-FollowerState was interrupted: java.lang.InterruptedException: sleep interrupted
2019-10-16 11:35:45,051 [grpc-default-executor-3] INFO  impl.RoleInfo (RoleInfo.java:updateAndGet(143)) - 70b633f6-b230-4b9f-87f3-510da88f1e08: start FollowerState
2019-10-16 11:35:45,060 [a3132885-145f-4a8c-85f4-c10eb874732d@group-2077DD483DC7-LeaderElection124] INFO  impl.LeaderElection (LeaderElection.java:logAndReturn(56)) - a3132885-145f-4a8c-85f4-c10eb874732d@group-2077DD483DC7-LeaderElection124: Election REJECTED; received 2 response(s) [a3132885-145f-4a8c-85f4-c10eb874732d<-163587bb-2c3b-4498-b576-18147cf38274#0:FAIL-t62, a3132885-145f-4a8c-85f4-c10eb874732d<-70b633f6-b230-4b9f-87f3-510da88f1e08#0:FAIL-t62] and 0 exception(s); a3132885-145f-4a8c-85f4-c10eb874732d@group-2077DD483DC7:t62, leader=null, voted=a3132885-145f-4a8c-85f4-c10eb874732d, raftlog=a3132885-145f-4a8c-85f4-c10eb874732d@group-2077DD483DC7-SegmentedRaftLog:OPENED:c-1,f-1,i0, conf=-1: [163587bb-2c3b-4498-b576-18147cf38274:192.168.157.203:33208, a3132885-145f-4a8c-85f4-c10eb874732d:192.168.157.203:46766, 70b633f6-b230-4b9f-87f3-510da88f1e08:192.168.157.203:43163], old=null
2019-10-16 11:35:45,061 [a3132885-145f-4a8c-85f4-c10eb874732d@group-2077DD483DC7-LeaderElection124] INFO  impl.RaftServerImpl (RaftServerImpl.java:setRole(184)) - a3132885-145f-4a8c-85f4-c10eb874732d@group-2077DD483DC7: changes role from CANDIDATE to FOLLOWER at term 62 for DISCOVERED_A_NEW_TERM
2019-10-16 11:35:45,061 [a3132885-145f-4a8c-85f4-c10eb874732d@group-2077DD483DC7-LeaderElection124] INFO  impl.RoleInfo (RoleInfo.java:shutdownLeaderElection(134)) - a3132885-145f-4a8c-85f4-c10eb874732d: shutdown LeaderElection
2019-10-16 11:35:45,061 [a3132885-145f-4a8c-85f4-c10eb874732d@group-2077DD483DC7-LeaderElection124] INFO  impl.RoleInfo (RoleInfo.java:updateAndGet(143)) - a3132885-145f-4a8c-85f4-c10eb874732d: start FollowerState
2019-10-16 11:35:45,123 [Thread-1192] INFO  impl.FollowerState (FollowerState.java:run(108)) - a3132885-145f-4a8c-85f4-c10eb874732d@group-2077DD483DC7-FollowerState: change to CANDIDATE, lastRpcTime:62ms, electionTimeout:62ms
2019-10-16 11:35:45,123 [Thread-1192] INFO  impl.RoleInfo (RoleInfo.java:shutdownFollowerState(121)) - a3132885-145f-4a8c-85f4-c10eb874732d: shutdown FollowerState
2019-10-16 11:35:45,123 [Thread-1192] INFO  impl.RaftServerImpl (RaftServerImpl.java:setRole(184)) - a3132885-145f-4a8c-85f4-c10eb874732d@group-2077DD483DC7: changes role from  FOLLOWER to CANDIDATE at term 62 for changeToCandidate
2019-10-16 11:35:45,123 [Thread-1192] INFO  impl.RoleInfo (RoleInfo.java:updateAndGet(143)) - a3132885-145f-4a8c-85f4-c10eb874732d: start LeaderElection
2019-10-16 11:35:45,136 [a3132885-145f-4a8c-85f4-c10eb874732d@group-2077DD483DC7-LeaderElection125] INFO  impl.LeaderElection (LeaderElection.java:askForVotes(178)) - a3132885-145f-4a8c-85f4-c10eb874732d@group-2077DD483DC7-LeaderElection125: begin an election at term 63 for -1: [163587bb-2c3b-4498-b576-18147cf38274:192.168.157.203:33208, a3132885-145f-4a8c-85f4-c10eb874732d:192.168.157.203:46766, 70b633f6-b230-4b9f-87f3-510da88f1e08:192.168.157.203:43163], old=null
2019-10-16 11:35:45,137 [Thread-1186] INFO  impl.FollowerState (FollowerState.java:run(108)) - 1ee6da7b-5867-4bad-ba0d-a2cfd13fd72a@group-B3673A53AB6F-FollowerState: change to CANDIDATE, lastRpcTime:194ms, electionTimeout:194ms
2019-10-16 11:35:45,137 [Thread-1186] INFO  impl.RoleInfo (RoleInfo.java:shutdownFollowerState(121)) - 1ee6da7b-5867-4bad-ba0d-a2cfd13fd72a: shutdown FollowerState
2019-10-16 11:35:45,138 [Thread-1186] INFO  impl.RaftServerImpl (RaftServerImpl.java:setRole(184)) - 1ee6da7b-5867-4bad-ba0d-a2cfd13fd72a@group-B3673A53AB6F: changes role from  FOLLOWER to CANDIDATE at term 62 for changeToCandidate
2019-10-16 11:35:45,138 [Thread-1186] INFO  impl.RoleInfo (RoleInfo.java:updateAndGet(143)) - 1ee6da7b-5867-4bad-ba0d-a2cfd13fd72a: start LeaderElection
2019-10-16 11:35:45,138 [grpc-default-executor-3] INFO  impl.RaftServerImpl (RaftServerImpl.java:setRole(184)) - 163587bb-2c3b-4498-b576-18147cf38274@group-2077DD483DC7: changes role from  FOLLOWER to FOLLOWER at term 63 for recognizeCandidate:a3132885-145f-4a8c-85f4-c10eb874732d
2019-10-16 11:35:45,138 [grpc-default-executor-1] INFO  impl.RaftServerImpl (RaftServerImpl.java:setRole(184)) - 70b633f6-b230-4b9f-87f3-510da88f1e08@group-2077DD483DC7: changes role from  FOLLOWER to FOLLOWER at term 63 for recognizeCandidate:a3132885-145f-4a8c-85f4-c10eb874732d
2019-10-16 11:35:45,138 [grpc-default-executor-3] INFO  impl.RoleInfo (RoleInfo.java:shutdownFollowerState(121)) - 163587bb-2c3b-4498-b576-18147cf38274: shutdown FollowerState
2019-10-16 11:35:45,138 [grpc-default-executor-1] INFO  impl.RoleInfo (RoleInfo.java:shutdownFollowerState(121)) - 70b633f6-b230-4b9f-87f3-510da88f1e08: shutdown FollowerState
2019-10-16 11:35:45,138 [grpc-default-executor-3] INFO  impl.RoleInfo (RoleInfo.java:updateAndGet(143)) - 163587bb-2c3b-4498-b576-18147cf38274: start FollowerState
2019-10-16 11:35:45,138 [Thread-1190] INFO  impl.FollowerState (FollowerState.java:run(117)) - 163587bb-2c3b-4498-b576-18147cf38274@group-2077DD483DC7-FollowerState was interrupted: java.lang.InterruptedException: sleep interrupted
2019-10-16 11:35:45,139 [Thread-1191] INFO  impl.FollowerState (FollowerState.java:run(117)) - 70b633f6-b230-4b9f-87f3-510da88f1e08@group-2077DD483DC7-FollowerState was interrupted: java.lang.InterruptedException: sleep interrupted
2019-10-16 11:35:45,139 [grpc-default-executor-1] INFO  impl.RoleInfo (RoleInfo.java:updateAndGet(143)) - 70b633f6-b230-4b9f-87f3-510da88f1e08: start FollowerState
2019-10-16 11:35:45,150 [1ee6da7b-5867-4bad-ba0d-a2cfd13fd72a@group-B3673A53AB6F-LeaderElection126] INFO  impl.LeaderElection (LeaderElection.java:askForVotes(178)) - 1ee6da7b-5867-4bad-ba0d-a2cfd13fd72a@group-B3673A53AB6F-LeaderElection126: begin an election at term 63 for -1: [f94c755f-9f95-40b5-85b9-5e712f3f34e7:192.168.157.203:45275, 1ee6da7b-5867-4bad-ba0d-a2cfd13fd72a:192.168.157.203:35892, 4281bf39-36db-462c-8bc9-3c86cb645344:192.168.157.203:42381], old=null
2019-10-16 11:35:45,150 [a3132885-145f-4a8c-85f4-c10eb874732d@group-2077DD483DC7-LeaderElection125] INFO  impl.LeaderElection (LeaderElection.java:logAndReturn(56)) - a3132885-145f-4a8c-85f4-c10eb874732d@group-2077DD483DC7-LeaderElection125: Election REJECTED; received 2 response(s) [a3132885-145f-4a8c-85f4-c10eb874732d<-163587bb-2c3b-4498-b576-18147cf38274#0:FAIL-t63, a3132885-145f-4a8c-85f4-c10eb874732d<-70b633f6-b230-4b9f-87f3-510da88f1e08#0:FAIL-t63] and 0 exception(s); a3132885-145f-4a8c-85f4-c10eb874732d@group-2077DD483DC7:t63, leader=null, voted=a3132885-145f-4a8c-85f4-c10eb874732d, raftlog=a3132885-145f-4a8c-85f4-c10eb874732d@group-2077DD483DC7-SegmentedRaftLog:OPENED:c-1,f-1,i0, conf=-1: [163587bb-2c3b-4498-b576-18147cf38274:192.168.157.203:33208, a3132885-145f-4a8c-85f4-c10eb874732d:192.168.157.203:46766, 70b633f6-b230-4b9f-87f3-510da88f1e08:192.168.157.203:43163], old=null
2019-10-16 11:35:45,151 [a3132885-145f-4a8c-85f4-c10eb874732d@group-2077DD483DC7-LeaderElection125] INFO  impl.RaftServerImpl (RaftServerImpl.java:setRole(184)) - a3132885-145f-4a8c-85f4-c10eb874732d@group-2077DD483DC7: changes role from CANDIDATE to FOLLOWER at term 63 for DISCOVERED_A_NEW_TERM
2019-10-16 11:35:45,151 [a3132885-145f-4a8c-85f4-c10eb874732d@group-2077DD483DC7-LeaderElection125] INFO  impl.RoleInfo (RoleInfo.java:shutdownLeaderElection(134)) - a3132885-145f-4a8c-85f4-c10eb874732d: shutdown LeaderElection
2019-10-16 11:35:45,151 [a3132885-145f-4a8c-85f4-c10eb874732d@group-2077DD483DC7-LeaderElection125] INFO  impl.RoleInfo (RoleInfo.java:updateAndGet(143)) - a3132885-145f-4a8c-85f4-c10eb874732d: start FollowerState
2019-10-16 11:35:45,151 [grpc-default-executor-3] INFO  impl.RaftServerImpl (RaftServerImpl.java:setRole(184)) - f94c755f-9f95-40b5-85b9-5e712f3f34e7@group-B3673A53AB6F: changes role from  FOLLOWER to FOLLOWER at term 63 for recognizeCandidate:1ee6da7b-5867-4bad-ba0d-a2cfd13fd72a
2019-10-16 11:35:45,151 [grpc-default-executor-1] INFO  impl.RaftServerImpl (RaftServerImpl.java:setRole(184)) - 4281bf39-36db-462c-8bc9-3c86cb645344@group-B3673A53AB6F: changes role from  FOLLOWER to FOLLOWER at term 63 for recognizeCandidate:1ee6da7b-5867-4bad-ba0d-a2cfd13fd72a
2019-10-16 11:35:45,151 [grpc-default-executor-1] INFO  impl.RoleInfo (RoleInfo.java:shutdownFollowerState(121)) - 4281bf39-36db-462c-8bc9-3c86cb645344: shutdown FollowerState
2019-10-16 11:35:45,151 [grpc-default-executor-3] INFO  impl.RoleInfo (RoleInfo.java:shutdownFollowerState(121)) - f94c755f-9f95-40b5-85b9-5e712f3f34e7: shutdown FollowerState
2019-10-16 11:35:45,151 [Thread-1184] INFO  impl.FollowerState (FollowerState.java:run(117)) - 4281bf39-36db-462c-8bc9-3c86cb645344@group-B3673A53AB6F-FollowerState was interrupted: java.lang.InterruptedException: sleep interrupted
2019-10-16 11:35:45,151 [grpc-default-executor-1] INFO  impl.RoleInfo (RoleInfo.java:updateAndGet(143)) - 4281bf39-36db-462c-8bc9-3c86cb645344: start FollowerState
2019-10-16 11:35:45,151 [Thread-1183] INFO  impl.FollowerState (FollowerState.java:run(117)) - f94c755f-9f95-40b5-85b9-5e712f3f34e7@group-B3673A53AB6F-FollowerState was interrupted: java.lang.InterruptedException: sleep interrupted
2019-10-16 11:35:45,151 [grpc-default-executor-3] INFO  impl.RoleInfo (RoleInfo.java:updateAndGet(143)) - f94c755f-9f95-40b5-85b9-5e712f3f34e7: start FollowerState
2019-10-16 11:35:45,183 [1ee6da7b-5867-4bad-ba0d-a2cfd13fd72a@group-B3673A53AB6F-LeaderElection126] INFO  impl.LeaderElection (LeaderElection.java:logAndReturn(56)) - 1ee6da7b-5867-4bad-ba0d-a2cfd13fd72a@group-B3673A53AB6F-LeaderElection126: Election REJECTED; received 2 response(s) [1ee6da7b-5867-4bad-ba0d-a2cfd13fd72a<-f94c755f-9f95-40b5-85b9-5e712f3f34e7#0:FAIL-t63, 1ee6da7b-5867-4bad-ba0d-a2cfd13fd72a<-4281bf39-36db-462c-8bc9-3c86cb645344#0:FAIL-t63] and 0 exception(s); 1ee6da7b-5867-4bad-ba0d-a2cfd13fd72a@group-B3673A53AB6F:t63, leader=null, voted=1ee6da7b-5867-4bad-ba0d-a2cfd13fd72a, raftlog=1ee6da7b-5867-4bad-ba0d-a2cfd13fd72a@group-B3673A53AB6F-SegmentedRaftLog:OPENED:c-1,f-1,i0, conf=-1: [f94c755f-9f95-40b5-85b9-5e712f3f34e7:192.168.157.203:45275, 1ee6da7b-5867-4bad-ba0d-a2cfd13fd72a:192.168.157.203:35892, 4281bf39-36db-462c-8bc9-3c86cb645344:192.168.157.203:42381], old=null
2019-10-16 11:35:45,183 [1ee6da7b-5867-4bad-ba0d-a2cfd13fd72a@group-B3673A53AB6F-LeaderElection126] INFO  impl.RaftServerImpl (RaftServerImpl.java:setRole(184)) - 1ee6da7b-5867-4bad-ba0d-a2cfd13fd72a@group-B3673A53AB6F: changes role from CANDIDATE to FOLLOWER at term 63 for DISCOVERED_A_NEW_TERM
2019-10-16 11:35:45,183 [1ee6da7b-5867-4bad-ba0d-a2cfd13fd72a@group-B3673A53AB6F-LeaderElection126] INFO  impl.RoleInfo (RoleInfo.java:shutdownLeaderElection(134)) - 1ee6da7b-5867-4bad-ba0d-a2cfd13fd72a: shutdown LeaderElection
2019-10-16 11:35:45,184 [1ee6da7b-5867-4bad-ba0d-a2cfd13fd72a@group-B3673A53AB6F-LeaderElection126] INFO  impl.RoleInfo (RoleInfo.java:updateAndGet(143)) - 1ee6da7b-5867-4bad-ba0d-a2cfd13fd72a: start FollowerState
2019-10-16 11:35:45,229 [Thread-1204] INFO  impl.FollowerState (FollowerState.java:run(108)) - 1ee6da7b-5867-4bad-ba0d-a2cfd13fd72a@group-B3673A53AB6F-FollowerState: change to CANDIDATE, lastRpcTime:45ms, electionTimeout:45ms
2019-10-16 11:35:45,229 [Thread-1204] INFO  impl.RoleInfo (RoleInfo.java:shutdownFollowerState(121)) - 1ee6da7b-5867-4bad-ba0d-a2cfd13fd72a: shutdown FollowerState
2019-10-16 11:35:45,229 [Thread-1204] INFO  impl.RaftServerImpl (RaftServerImpl.java:setRole(184)) - 1ee6da7b-5867-4bad-ba0d-a2cfd13fd72a@group-B3673A53AB6F: changes role from  FOLLOWER to CANDIDATE at term 63 for changeToCandidate
2019-10-16 11:35:45,229 [Thread-1204] INFO  impl.RoleInfo (RoleInfo.java:updateAndGet(143)) - 1ee6da7b-5867-4bad-ba0d-a2cfd13fd72a: start LeaderElection
2019-10-16 11:35:45,232 [Thread-1201] INFO  impl.FollowerState (FollowerState.java:run(108)) - a3132885-145f-4a8c-85f4-c10eb874732d@group-2077DD483DC7-FollowerState: change to CANDIDATE, lastRpcTime:81ms, electionTimeout:81ms
2019-10-16 11:35:45,232 [Thread-1201] INFO  impl.RoleInfo (RoleInfo.java:shutdownFollowerState(121)) - a3132885-145f-4a8c-85f4-c10eb874732d: shutdown FollowerState
2019-10-16 11:35:45,232 [Thread-1201] INFO  impl.RaftServerImpl (RaftServerImpl.java:setRole(184)) - a3132885-145f-4a8c-85f4-c10eb874732d@group-2077DD483DC7: changes role from  FOLLOWER to CANDIDATE at term 63 for changeToCandidate
2019-10-16 11:35:45,233 [Thread-1201] INFO  impl.RoleInfo (RoleInfo.java:updateAndGet(143)) - a3132885-145f-4a8c-85f4-c10eb874732d: start LeaderElection
2019-10-16 11:35:45,235 [1ee6da7b-5867-4bad-ba0d-a2cfd13fd72a@group-B3673A53AB6F-LeaderElection127] INFO  impl.LeaderElection (LeaderElection.java:askForVotes(178)) - 1ee6da7b-5867-4bad-ba0d-a2cfd13fd72a@group-B3673A53AB6F-LeaderElection127: begin an election at term 64 for -1: [f94c755f-9f95-40b5-85b9-5e712f3f34e7:192.168.157.203:45275, 1ee6da7b-5867-4bad-ba0d-a2cfd13fd72a:192.168.157.203:35892, 4281bf39-36db-462c-8bc9-3c86cb645344:192.168.157.203:42381], old=null
2019-10-16 11:35:45,236 [grpc-default-executor-3] INFO  impl.RaftServerImpl (RaftServerImpl.java:setRole(184)) - f94c755f-9f95-40b5-85b9-5e712f3f34e7@group-B3673A53AB6F: changes role from  FOLLOWER to FOLLOWER at term 64 for recognizeCandidate:1ee6da7b-5867-4bad-ba0d-a2cfd13fd72a
2019-10-16 11:35:45,237 [grpc-default-executor-3] INFO  impl.RoleInfo (RoleInfo.java:shutdownFollowerState(121)) - f94c755f-9f95-40b5-85b9-5e712f3f34e7: shutdown FollowerState
2019-10-16 11:35:45,237 [grpc-default-executor-3] INFO  impl.RoleInfo (RoleInfo.java:updateAndGet(143)) - f94c755f-9f95-40b5-85b9-5e712f3f34e7: start FollowerState
2019-10-16 11:35:45,237 [grpc-default-executor-1] INFO  impl.RaftServerImpl (RaftServerImpl.java:setRole(184)) - 4281bf39-36db-462c-8bc9-3c86cb645344@group-B3673A53AB6F: changes role from  FOLLOWER to FOLLOWER at term 64 for recognizeCandidate:1ee6da7b-5867-4bad-ba0d-a2cfd13fd72a
2019-10-16 11:35:45,237 [Thread-1203] INFO  impl.FollowerState (FollowerState.java:run(117)) - f94c755f-9f95-40b5-85b9-5e712f3f34e7@group-B3673A53AB6F-FollowerState was interrupted: java.lang.InterruptedException: sleep interrupted
2019-10-16 11:35:45,237 [grpc-default-executor-1] INFO  impl.RoleInfo (RoleInfo.java:shutdownFollowerState(121)) - 4281bf39-36db-462c-8bc9-3c86cb645344: shutdown FollowerState
2019-10-16 11:35:45,237 [grpc-default-executor-1] INFO  impl.RoleInfo (RoleInfo.java:updateAndGet(143)) - 4281bf39-36db-462c-8bc9-3c86cb645344: start FollowerState
2019-10-16 11:35:45,237 [Thread-1202] INFO  impl.FollowerState (FollowerState.java:run(117)) - 4281bf39-36db-462c-8bc9-3c86cb645344@group-B3673A53AB6F-FollowerState was interrupted: java.lang.InterruptedException: sleep interrupted
2019-10-16 11:35:45,239 [a3132885-145f-4a8c-85f4-c10eb874732d@group-2077DD483DC7-LeaderElection128] INFO  impl.LeaderElection (LeaderElection.java:askForVotes(178)) - a3132885-145f-4a8c-85f4-c10eb874732d@group-2077DD483DC7-LeaderElection128: begin an election at term 64 for -1: [163587bb-2c3b-4498-b576-18147cf38274:192.168.157.203:33208, a3132885-145f-4a8c-85f4-c10eb874732d:192.168.157.203:46766, 70b633f6-b230-4b9f-87f3-510da88f1e08:192.168.157.203:43163], old=null
2019-10-16 11:35:45,240 [grpc-default-executor-4] INFO  impl.RaftServerImpl (RaftServerImpl.java:setRole(184)) - 163587bb-2c3b-4498-b576-18147cf38274@group-2077DD483DC7: changes role from  FOLLOWER to FOLLOWER at term 64 for recognizeCandidate:a3132885-145f-4a8c-85f4-c10eb874732d
2019-10-16 11:35:45,240 [grpc-default-executor-4] INFO  impl.RoleInfo (RoleInfo.java:shutdownFollowerState(121)) - 163587bb-2c3b-4498-b576-18147cf38274: shutdown FollowerState
2019-10-16 11:35:45,240 [grpc-default-executor-4] INFO  impl.RoleInfo (RoleInfo.java:updateAndGet(143)) - 163587bb-2c3b-4498-b576-18147cf38274: start FollowerState
2019-10-16 11:35:45,240 [grpc-default-executor-0] INFO  impl.RaftServerImpl (RaftServerImpl.java:setRole(184)) - 70b633f6-b230-4b9f-87f3-510da88f1e08@group-2077DD483DC7: changes role from  FOLLOWER to FOLLOWER at term 64 for recognizeCandidate:a3132885-145f-4a8c-85f4-c10eb874732d
2019-10-16 11:35:45,240 [Thread-1197] INFO  impl.FollowerState (FollowerState.java:run(117)) - 163587bb-2c3b-4498-b576-18147cf38274@group-2077DD483DC7-FollowerState was interrupted: java.lang.InterruptedException: sleep interrupted
2019-10-16 11:35:45,241 [grpc-default-executor-0] INFO  impl.RoleInfo (RoleInfo.java:shutdownFollowerState(121)) - 70b633f6-b230-4b9f-87f3-510da88f1e08: shutdown FollowerState
2019-10-16 11:35:45,241 [grpc-default-executor-0] INFO  impl.RoleInfo (RoleInfo.java:updateAndGet(143)) - 70b633f6-b230-4b9f-87f3-510da88f1e08: start FollowerState
2019-10-16 11:35:45,241 [Thread-1198] INFO  impl.FollowerState (FollowerState.java:run(117)) - 70b633f6-b230-4b9f-87f3-510da88f1e08@group-2077DD483DC7-FollowerState was interrupted: java.lang.InterruptedException: sleep interrupted
2019-10-16 11:35:45,247 [1ee6da7b-5867-4bad-ba0d-a2cfd13fd72a@group-B3673A53AB6F-LeaderElection127] INFO  impl.LeaderElection (LeaderElection.java:logAndReturn(56)) - 1ee6da7b-5867-4bad-ba0d-a2cfd13fd72a@group-B3673A53AB6F-LeaderElection127: Election REJECTED; received 2 response(s) [1ee6da7b-5867-4bad-ba0d-a2cfd13fd72a<-f94c755f-9f95-40b5-85b9-5e712f3f34e7#0:FAIL-t64, 1ee6da7b-5867-4bad-ba0d-a2cfd13fd72a<-4281bf39-36db-462c-8bc9-3c86cb645344#0:FAIL-t64] and 0 exception(s); 1ee6da7b-5867-4bad-ba0d-a2cfd13fd72a@group-B3673A53AB6F:t64, leader=null, voted=1ee6da7b-5867-4bad-ba0d-a2cfd13fd72a, raftlog=1ee6da7b-5867-4bad-ba0d-a2cfd13fd72a@group-B3673A53AB6F-SegmentedRaftLog:OPENED:c-1,f-1,i0, conf=-1: [f94c755f-9f95-40b5-85b9-5e712f3f34e7:192.168.157.203:45275, 1ee6da7b-5867-4bad-ba0d-a2cfd13fd72a:192.168.157.203:35892, 4281bf39-36db-462c-8bc9-3c86cb645344:192.168.157.203:42381], old=null
2019-10-16 11:35:45,247 [1ee6da7b-5867-4bad-ba0d-a2cfd13fd72a@group-B3673A53AB6F-LeaderElection127] INFO  impl.RaftServerImpl (RaftServerImpl.java:setRole(184)) - 1ee6da7b-5867-4bad-ba0d-a2cfd13fd72a@group-B3673A53AB6F: changes role from CANDIDATE to FOLLOWER at term 64 for DISCOVERED_A_NEW_TERM
2019-10-16 11:35:45,247 [1ee6da7b-5867-4bad-ba0d-a2cfd13fd72a@group-B3673A53AB6F-LeaderElection127] INFO  impl.RoleInfo (RoleInfo.java:shutdownLeaderElection(134)) - 1ee6da7b-5867-4bad-ba0d-a2cfd13fd72a: shutdown LeaderElection
2019-10-16 11:35:45,247 [1ee6da7b-5867-4bad-ba0d-a2cfd13fd72a@group-B3673A53AB6F-LeaderElection127] INFO  impl.RoleInfo (RoleInfo.java:updateAndGet(143)) - 1ee6da7b-5867-4bad-ba0d-a2cfd13fd72a: start FollowerState
2019-10-16 11:35:45,249 [a3132885-145f-4a8c-85f4-c10eb874732d@group-2077DD483DC7-LeaderElection128] INFO  impl.LeaderElection (LeaderElection.java:logAndReturn(56)) - a3132885-145f-4a8c-85f4-c10eb874732d@group-2077DD483DC7-LeaderElection128: Election REJECTED; received 2 response(s) [a3132885-145f-4a8c-85f4-c10eb874732d<-163587bb-2c3b-4498-b576-18147cf38274#0:FAIL-t64, a3132885-145f-4a8c-85f4-c10eb874732d<-70b633f6-b230-4b9f-87f3-510da88f1e08#0:FAIL-t64] and 0 exception(s); a3132885-145f-4a8c-85f4-c10eb874732d@group-2077DD483DC7:t64, leader=null, voted=a3132885-145f-4a8c-85f4-c10eb874732d, raftlog=a3132885-145f-4a8c-85f4-c10eb874732d@group-2077DD483DC7-SegmentedRaftLog:OPENED:c-1,f-1,i0, conf=-1: [163587bb-2c3b-4498-b576-18147cf38274:192.168.157.203:33208, a3132885-145f-4a8c-85f4-c10eb874732d:192.168.157.203:46766, 70b633f6-b230-4b9f-87f3-510da88f1e08:192.168.157.203:43163], old=null
2019-10-16 11:35:45,249 [a3132885-145f-4a8c-85f4-c10eb874732d@group-2077DD483DC7-LeaderElection128] INFO  impl.RaftServerImpl (RaftServerImpl.java:setRole(184)) - a3132885-145f-4a8c-85f4-c10eb874732d@group-2077DD483DC7: changes role from CANDIDATE to FOLLOWER at term 64 for DISCOVERED_A_NEW_TERM
2019-10-16 11:35:45,249 [a3132885-145f-4a8c-85f4-c10eb874732d@group-2077DD483DC7-LeaderElection128] INFO  impl.RoleInfo (RoleInfo.java:shutdownLeaderElection(134)) - a3132885-145f-4a8c-85f4-c10eb874732d: shutdown LeaderElection
2019-10-16 11:35:45,249 [a3132885-145f-4a8c-85f4-c10eb874732d@group-2077DD483DC7-LeaderElection128] INFO  impl.RoleInfo (RoleInfo.java:updateAndGet(143)) - a3132885-145f-4a8c-85f4-c10eb874732d: start FollowerState
2019-10-16 11:35:45,348 [Thread-1215] INFO  impl.FollowerState (FollowerState.java:run(108)) - 1ee6da7b-5867-4bad-ba0d-a2cfd13fd72a@group-B3673A53AB6F-FollowerState: change to CANDIDATE, lastRpcTime:101ms, electionTimeout:101ms
2019-10-16 11:35:45,348 [Thread-1215] INFO  impl.RoleInfo (RoleInfo.java:shutdownFollowerState(121)) - 1ee6da7b-5867-4bad-ba0d-a2cfd13fd72a: shutdown FollowerState
2019-10-16 11:35:45,349 [Thread-1215] INFO  impl.RaftServerImpl (RaftServerImpl.java:setRole(184)) - 1ee6da7b-5867-4bad-ba0d-a2cfd13fd72a@group-B3673A53AB6F: changes role from  FOLLOWER to CANDIDATE at term 64 for changeToCandidate
2019-10-16 11:35:45,349 [Thread-1215] INFO  impl.RoleInfo (RoleInfo.java:updateAndGet(143)) - 1ee6da7b-5867-4bad-ba0d-a2cfd13fd72a: start LeaderElection
2019-10-16 11:35:45,353 [1ee6da7b-5867-4bad-ba0d-a2cfd13fd72a@group-B3673A53AB6F-LeaderElection129] INFO  impl.LeaderElection (LeaderElection.java:askForVotes(178)) - 1ee6da7b-5867-4bad-ba0d-a2cfd13fd72a@group-B3673A53AB6F-LeaderElection129: begin an election at term 65 for -1: [f94c755f-9f95-40b5-85b9-5e712f3f34e7:192.168.157.203:45275, 1ee6da7b-5867-4bad-ba0d-a2cfd13fd72a:192.168.157.203:35892, 4281bf39-36db-462c-8bc9-3c86cb645344:192.168.157.203:42381], old=null
2019-10-16 11:35:45,355 [grpc-default-executor-0] INFO  impl.RaftServerImpl (RaftServerImpl.java:setRole(184)) - f94c755f-9f95-40b5-85b9-5e712f3f34e7@group-B3673A53AB6F: changes role from  FOLLOWER to FOLLOWER at term 65 for recognizeCandidate:1ee6da7b-5867-4bad-ba0d-a2cfd13fd72a
2019-10-16 11:35:45,355 [grpc-default-executor-0] INFO  impl.RoleInfo (RoleInfo.java:shutdownFollowerState(121)) - f94c755f-9f95-40b5-85b9-5e712f3f34e7: shutdown FollowerState
2019-10-16 11:35:45,355 [grpc-default-executor-1] INFO  impl.RaftServerImpl (RaftServerImpl.java:setRole(184)) - 4281bf39-36db-462c-8bc9-3c86cb645344@group-B3673A53AB6F: changes role from  FOLLOWER to FOLLOWER at term 65 for recognizeCandidate:1ee6da7b-5867-4bad-ba0d-a2cfd13fd72a
2019-10-16 11:35:45,356 [Thread-1209] INFO  impl.FollowerState (FollowerState.java:run(117)) - f94c755f-9f95-40b5-85b9-5e712f3f34e7@group-B3673A53AB6F-FollowerState was interrupted: java.lang.InterruptedException: sleep interrupted
2019-10-16 11:35:45,355 [grpc-default-executor-0] INFO  impl.RoleInfo (RoleInfo.java:updateAndGet(143)) - f94c755f-9f95-40b5-85b9-5e712f3f34e7: start FollowerState
2019-10-16 11:35:45,356 [grpc-default-executor-1] INFO  impl.RoleInfo (RoleInfo.java:shutdownFollowerState(121)) - 4281bf39-36db-462c-8bc9-3c86cb645344: shutdown FollowerState
2019-10-16 11:35:45,356 [grpc-default-executor-1] INFO  impl.RoleInfo (RoleInfo.java:updateAndGet(143)) - 4281bf39-36db-462c-8bc9-3c86cb645344: start FollowerState
2019-10-16 11:35:45,356 [Thread-1210] INFO  impl.FollowerState (FollowerState.java:run(117)) - 4281bf39-36db-462c-8bc9-3c86cb645344@group-B3673A53AB6F-FollowerState was interrupted: java.lang.InterruptedException: sleep interrupted
2019-10-16 11:35:45,369 [1ee6da7b-5867-4bad-ba0d-a2cfd13fd72a@group-B3673A53AB6F-LeaderElection129] INFO  impl.LeaderElection (LeaderElection.java:logAndReturn(56)) - 1ee6da7b-5867-4bad-ba0d-a2cfd13fd72a@group-B3673A53AB6F-LeaderElection129: Election REJECTED; received 2 response(s) [1ee6da7b-5867-4bad-ba0d-a2cfd13fd72a<-f94c755f-9f95-40b5-85b9-5e712f3f34e7#0:FAIL-t65, 1ee6da7b-5867-4bad-ba0d-a2cfd13fd72a<-4281bf39-36db-462c-8bc9-3c86cb645344#0:FAIL-t65] and 0 exception(s); 1ee6da7b-5867-4bad-ba0d-a2cfd13fd72a@group-B3673A53AB6F:t65, leader=null, voted=1ee6da7b-5867-4bad-ba0d-a2cfd13fd72a, raftlog=1ee6da7b-5867-4bad-ba0d-a2cfd13fd72a@group-B3673A53AB6F-SegmentedRaftLog:OPENED:c-1,f-1,i0, conf=-1: [f94c755f-9f95-40b5-85b9-5e712f3f34e7:192.168.157.203:45275, 1ee6da7b-5867-4bad-ba0d-a2cfd13fd72a:192.168.157.203:35892, 4281bf39-36db-462c-8bc9-3c86cb645344:192.168.157.203:42381], old=null
2019-10-16 11:35:45,369 [1ee6da7b-5867-4bad-ba0d-a2cfd13fd72a@group-B3673A53AB6F-LeaderElection129] INFO  impl.RaftServerImpl (RaftServerImpl.java:setRole(184)) - 1ee6da7b-5867-4bad-ba0d-a2cfd13fd72a@group-B3673A53AB6F: changes role from CANDIDATE to FOLLOWER at term 65 for DISCOVERED_A_NEW_TERM
2019-10-16 11:35:45,370 [1ee6da7b-5867-4bad-ba0d-a2cfd13fd72a@group-B3673A53AB6F-LeaderElection129] INFO  impl.RoleInfo (RoleInfo.java:shutdownLeaderElection(134)) - 1ee6da7b-5867-4bad-ba0d-a2cfd13fd72a: shutdown LeaderElection
2019-10-16 11:35:45,370 [Thread-1216] INFO  impl.FollowerState (FollowerState.java:run(108)) - a3132885-145f-4a8c-85f4-c10eb874732d@group-2077DD483DC7-FollowerState: change to CANDIDATE, lastRpcTime:120ms, electionTimeout:120ms
2019-10-16 11:35:45,370 [1ee6da7b-5867-4bad-ba0d-a2cfd13fd72a@group-B3673A53AB6F-LeaderElection129] INFO  impl.RoleInfo (RoleInfo.java:updateAndGet(143)) - 1ee6da7b-5867-4bad-ba0d-a2cfd13fd72a: start FollowerState
2019-10-16 11:35:45,370 [Thread-1216] INFO  impl.RoleInfo (RoleInfo.java:shutdownFollowerState(121)) - a3132885-145f-4a8c-85f4-c10eb874732d: shutdown FollowerState
2019-10-16 11:35:45,370 [Thread-1216] INFO  impl.RaftServerImpl (RaftServerImpl.java:setRole(184)) - a3132885-145f-4a8c-85f4-c10eb874732d@group-2077DD483DC7: changes role from  FOLLOWER to CANDIDATE at term 64 for changeToCandidate
2019-10-16 11:35:45,370 [Thread-1216] INFO  impl.RoleInfo (RoleInfo.java:updateAndGet(143)) - a3132885-145f-4a8c-85f4-c10eb874732d: start LeaderElection
2019-10-16 11:35:45,382 [a3132885-145f-4a8c-85f4-c10eb874732d@group-2077DD483DC7-LeaderElection130] INFO  impl.LeaderElection (LeaderElection.java:askForVotes(178)) - a3132885-145f-4a8c-85f4-c10eb874732d@group-2077DD483DC7-LeaderElection130: begin an election at term 65 for -1: [163587bb-2c3b-4498-b576-18147cf38274:192.168.157.203:33208, a3132885-145f-4a8c-85f4-c10eb874732d:192.168.157.203:46766, 70b633f6-b230-4b9f-87f3-510da88f1e08:192.168.157.203:43163], old=null
2019-10-16 11:35:45,383 [grpc-default-executor-1] INFO  impl.RaftServerImpl (RaftServerImpl.java:setRole(184)) - 163587bb-2c3b-4498-b576-18147cf38274@group-2077DD483DC7: changes role from  FOLLOWER to FOLLOWER at term 65 for recognizeCandidate:a3132885-145f-4a8c-85f4-c10eb874732d
2019-10-16 11:35:45,384 [grpc-default-executor-1] INFO  impl.RoleInfo (RoleInfo.java:shutdownFollowerState(121)) - 163587bb-2c3b-4498-b576-18147cf38274: shutdown FollowerState
2019-10-16 11:35:45,384 [grpc-default-executor-0] INFO  impl.RaftServerImpl (RaftServerImpl.java:setRole(184)) - 70b633f6-b230-4b9f-87f3-510da88f1e08@group-2077DD483DC7: changes role from  FOLLOWER to FOLLOWER at term 65 for recognizeCandidate:a3132885-145f-4a8c-85f4-c10eb874732d
2019-10-16 11:35:45,384 [Thread-1213] INFO  impl.FollowerState (FollowerState.java:run(117)) - 163587bb-2c3b-4498-b576-18147cf38274@group-2077DD483DC7-FollowerState was interrupted: java.lang.InterruptedException: sleep interrupted
2019-10-16 11:35:45,384 [grpc-default-executor-1] INFO  impl.RoleInfo (RoleInfo.java:updateAndGet(143)) - 163587bb-2c3b-4498-b576-18147cf38274: start FollowerState
2019-10-16 11:35:45,384 [grpc-default-executor-0] INFO  impl.RoleInfo (RoleInfo.java:shutdownFollowerState(121)) - 70b633f6-b230-4b9f-87f3-510da88f1e08: shutdown FollowerState
2019-10-16 11:35:45,384 [grpc-default-executor-0] INFO  impl.RoleInfo (RoleInfo.java:updateAndGet(143)) - 70b633f6-b230-4b9f-87f3-510da88f1e08: start FollowerState
2019-10-16 11:35:45,384 [Thread-1214] INFO  impl.FollowerState (FollowerState.java:run(117)) - 70b633f6-b230-4b9f-87f3-510da88f1e08@group-2077DD483DC7-FollowerState was interrupted: java.lang.InterruptedException: sleep interrupted
2019-10-16 11:35:45,391 [a3132885-145f-4a8c-85f4-c10eb874732d@group-2077DD483DC7-LeaderElection130] INFO  impl.LeaderElection (LeaderElection.java:logAndReturn(56)) - a3132885-145f-4a8c-85f4-c10eb874732d@group-2077DD483DC7-LeaderElection130: Election REJECTED; received 2 response(s) [a3132885-145f-4a8c-85f4-c10eb874732d<-163587bb-2c3b-4498-b576-18147cf38274#0:FAIL-t65, a3132885-145f-4a8c-85f4-c10eb874732d<-70b633f6-b230-4b9f-87f3-510da88f1e08#0:FAIL-t65] and 0 exception(s); a3132885-145f-4a8c-85f4-c10eb874732d@group-2077DD483DC7:t65, leader=null, voted=a3132885-145f-4a8c-85f4-c10eb874732d, raftlog=a3132885-145f-4a8c-85f4-c10eb874732d@group-2077DD483DC7-SegmentedRaftLog:OPENED:c-1,f-1,i0, conf=-1: [163587bb-2c3b-4498-b576-18147cf38274:192.168.157.203:33208, a3132885-145f-4a8c-85f4-c10eb874732d:192.168.157.203:46766, 70b633f6-b230-4b9f-87f3-510da88f1e08:192.168.157.203:43163], old=null
2019-10-16 11:35:45,391 [a3132885-145f-4a8c-85f4-c10eb874732d@group-2077DD483DC7-LeaderElection130] INFO  impl.RaftServerImpl (RaftServerImpl.java:setRole(184)) - a3132885-145f-4a8c-85f4-c10eb874732d@group-2077DD483DC7: changes role from CANDIDATE to FOLLOWER at term 65 for DISCOVERED_A_NEW_TERM
2019-10-16 11:35:45,391 [a3132885-145f-4a8c-85f4-c10eb874732d@group-2077DD483DC7-LeaderElection130] INFO  impl.RoleInfo (RoleInfo.java:shutdownLeaderElection(134)) - a3132885-145f-4a8c-85f4-c10eb874732d: shutdown LeaderElection
2019-10-16 11:35:45,391 [a3132885-145f-4a8c-85f4-c10eb874732d@group-2077DD483DC7-LeaderElection130] INFO  impl.RoleInfo (RoleInfo.java:updateAndGet(143)) - a3132885-145f-4a8c-85f4-c10eb874732d: start FollowerState
2019-10-16 11:35:45,424 [Thread-1224] INFO  impl.FollowerState (FollowerState.java:run(108)) - 1ee6da7b-5867-4bad-ba0d-a2cfd13fd72a@group-B3673A53AB6F-FollowerState: change to CANDIDATE, lastRpcTime:54ms, electionTimeout:54ms
2019-10-16 11:35:45,424 [Thread-1224] INFO  impl.RoleInfo (RoleInfo.java:shutdownFollowerState(121)) - 1ee6da7b-5867-4bad-ba0d-a2cfd13fd72a: shutdown FollowerState
2019-10-16 11:35:45,424 [Thread-1224] INFO  impl.RaftServerImpl (RaftServerImpl.java:setRole(184)) - 1ee6da7b-5867-4bad-ba0d-a2cfd13fd72a@group-B3673A53AB6F: changes role from  FOLLOWER to CANDIDATE at term 65 for changeToCandidate
2019-10-16 11:35:45,424 [Thread-1224] INFO  impl.RoleInfo (RoleInfo.java:updateAndGet(143)) - 1ee6da7b-5867-4bad-ba0d-a2cfd13fd72a: start LeaderElection
2019-10-16 11:35:45,436 [1ee6da7b-5867-4bad-ba0d-a2cfd13fd72a@group-B3673A53AB6F-LeaderElection131] INFO  impl.LeaderElection (LeaderElection.java:askForVotes(178)) - 1ee6da7b-5867-4bad-ba0d-a2cfd13fd72a@group-B3673A53AB6F-LeaderElection131: begin an election at term 66 for -1: [f94c755f-9f95-40b5-85b9-5e712f3f34e7:192.168.157.203:45275, 1ee6da7b-5867-4bad-ba0d-a2cfd13fd72a:192.168.157.203:35892, 4281bf39-36db-462c-8bc9-3c86cb645344:192.168.157.203:42381], old=null
2019-10-16 11:35:45,438 [grpc-default-executor-0] INFO  impl.RaftServerImpl (RaftServerImpl.java:setRole(184)) - f94c755f-9f95-40b5-85b9-5e712f3f34e7@group-B3673A53AB6F: changes role from  FOLLOWER to FOLLOWER at term 66 for recognizeCandidate:1ee6da7b-5867-4bad-ba0d-a2cfd13fd72a
2019-10-16 11:35:45,438 [grpc-default-executor-0] INFO  impl.RoleInfo (RoleInfo.java:shutdownFollowerState(121)) - f94c755f-9f95-40b5-85b9-5e712f3f34e7: shutdown FollowerState
2019-10-16 11:35:45,438 [grpc-default-executor-0] INFO  impl.RoleInfo (RoleInfo.java:updateAndGet(143)) - f94c755f-9f95-40b5-85b9-5e712f3f34e7: start FollowerState
2019-10-16 11:35:45,438 [Thread-1221] INFO  impl.FollowerState (FollowerState.java:run(117)) - f94c755f-9f95-40b5-85b9-5e712f3f34e7@group-B3673A53AB6F-FollowerState was interrupted: java.lang.InterruptedException: sleep interrupted
2019-10-16 11:35:45,438 [grpc-default-executor-1] INFO  impl.RaftServerImpl (RaftServerImpl.java:setRole(184)) - 4281bf39-36db-462c-8bc9-3c86cb645344@group-B3673A53AB6F: changes role from  FOLLOWER to FOLLOWER at term 66 for recognizeCandidate:1ee6da7b-5867-4bad-ba0d-a2cfd13fd72a
2019-10-16 11:35:45,438 [grpc-default-executor-1] INFO  impl.RoleInfo (RoleInfo.java:shutdownFollowerState(121)) - 4281bf39-36db-462c-8bc9-3c86cb645344: shutdown FollowerState
2019-10-16 11:35:45,438 [grpc-default-executor-1] INFO  impl.RoleInfo (RoleInfo.java:updateAndGet(143)) - 4281bf39-36db-462c-8bc9-3c86cb645344: start FollowerState
2019-10-16 11:35:45,438 [Thread-1222] INFO  impl.FollowerState (FollowerState.java:run(117)) - 4281bf39-36db-462c-8bc9-3c86cb645344@group-B3673A53AB6F-FollowerState was interrupted: java.lang.InterruptedException: sleep interrupted
2019-10-16 11:35:45,459 [1ee6da7b-5867-4bad-ba0d-a2cfd13fd72a@group-B3673A53AB6F-LeaderElection131] INFO  impl.LeaderElection (LeaderElection.java:logAndReturn(56)) - 1ee6da7b-5867-4bad-ba0d-a2cfd13fd72a@group-B3673A53AB6F-LeaderElection131: Election REJECTED; received 2 response(s) [1ee6da7b-5867-4bad-ba0d-a2cfd13fd72a<-f94c755f-9f95-40b5-85b9-5e712f3f34e7#0:FAIL-t66, 1ee6da7b-5867-4bad-ba0d-a2cfd13fd72a<-4281bf39-36db-462c-8bc9-3c86cb645344#0:FAIL-t66] and 0 exception(s); 1ee6da7b-5867-4bad-ba0d-a2cfd13fd72a@group-B3673A53AB6F:t66, leader=null, voted=1ee6da7b-5867-4bad-ba0d-a2cfd13fd72a, raftlog=1ee6da7b-5867-4bad-ba0d-a2cfd13fd72a@group-B3673A53AB6F-SegmentedRaftLog:OPENED:c-1,f-1,i0, conf=-1: [f94c755f-9f95-40b5-85b9-5e712f3f34e7:192.168.157.203:45275, 1ee6da7b-5867-4bad-ba0d-a2cfd13fd72a:192.168.157.203:35892, 4281bf39-36db-462c-8bc9-3c86cb645344:192.168.157.203:42381], old=null
2019-10-16 11:35:45,459 [1ee6da7b-5867-4bad-ba0d-a2cfd13fd72a@group-B3673A53AB6F-LeaderElection131] INFO  impl.RaftServerImpl (RaftServerImpl.java:setRole(184)) - 1ee6da7b-5867-4bad-ba0d-a2cfd13fd72a@group-B3673A53AB6F: changes role from CANDIDATE to FOLLOWER at term 66 for DISCOVERED_A_NEW_TERM
2019-10-16 11:35:45,459 [1ee6da7b-5867-4bad-ba0d-a2cfd13fd72a@group-B3673A53AB6F-LeaderElection131] INFO  impl.RoleInfo (RoleInfo.java:shutdownLeaderElection(134)) - 1ee6da7b-5867-4bad-ba0d-a2cfd13fd72a: shutdown LeaderElection
2019-10-16 11:35:45,459 [1ee6da7b-5867-4bad-ba0d-a2cfd13fd72a@group-B3673A53AB6F-LeaderElection131] INFO  impl.RoleInfo (RoleInfo.java:updateAndGet(143)) - 1ee6da7b-5867-4bad-ba0d-a2cfd13fd72a: start FollowerState
2019-10-16 11:35:45,472 [Thread-1230] INFO  impl.FollowerState (FollowerState.java:run(108)) - a3132885-145f-4a8c-85f4-c10eb874732d@group-2077DD483DC7-FollowerState: change to CANDIDATE, lastRpcTime:81ms, electionTimeout:81ms
2019-10-16 11:35:45,472 [Thread-1230] INFO  impl.RoleInfo (RoleInfo.java:shutdownFollowerState(121)) - a3132885-145f-4a8c-85f4-c10eb874732d: shutdown FollowerState
2019-10-16 11:35:45,472 [Thread-1230] INFO  impl.RaftServerImpl (RaftServerImpl.java:setRole(184)) - a3132885-145f-4a8c-85f4-c10eb874732d@group-2077DD483DC7: changes role from  FOLLOWER to CANDIDATE at term 65 for changeToCandidate
2019-10-16 11:35:45,473 [Thread-1230] INFO  impl.RoleInfo (RoleInfo.java:updateAndGet(143)) - a3132885-145f-4a8c-85f4-c10eb874732d: start LeaderElection
2019-10-16 11:35:45,497 [a3132885-145f-4a8c-85f4-c10eb874732d@group-2077DD483DC7-LeaderElection132] INFO  impl.LeaderElection (LeaderElection.java:askForVotes(178)) - a3132885-145f-4a8c-85f4-c10eb874732d@group-2077DD483DC7-LeaderElection132: begin an election at term 66 for -1: [163587bb-2c3b-4498-b576-18147cf38274:192.168.157.203:33208, a3132885-145f-4a8c-85f4-c10eb874732d:192.168.157.203:46766, 70b633f6-b230-4b9f-87f3-510da88f1e08:192.168.157.203:43163], old=null
2019-10-16 11:35:45,498 [grpc-default-executor-0] INFO  impl.RaftServerImpl (RaftServerImpl.java:setRole(184)) - 163587bb-2c3b-4498-b576-18147cf38274@group-2077DD483DC7: changes role from  FOLLOWER to FOLLOWER at term 66 for recognizeCandidate:a3132885-145f-4a8c-85f4-c10eb874732d
2019-10-16 11:35:45,498 [grpc-default-executor-0] INFO  impl.RoleInfo (RoleInfo.java:shutdownFollowerState(121)) - 163587bb-2c3b-4498-b576-18147cf38274: shutdown FollowerState
2019-10-16 11:35:45,498 [grpc-default-executor-0] INFO  impl.RoleInfo (RoleInfo.java:updateAndGet(143)) - 163587bb-2c3b-4498-b576-18147cf38274: start FollowerState
2019-10-16 11:35:45,498 [Thread-1228] INFO  impl.FollowerState (FollowerState.java:run(117)) - 163587bb-2c3b-4498-b576-18147cf38274@group-2077DD483DC7-FollowerState was interrupted: java.lang.InterruptedException: sleep interrupted
2019-10-16 11:35:45,499 [grpc-default-executor-1] INFO  impl.RaftServerImpl (RaftServerImpl.java:setRole(184)) - 70b633f6-b230-4b9f-87f3-510da88f1e08@group-2077DD483DC7: changes role from  FOLLOWER to FOLLOWER at term 66 for recognizeCandidate:a3132885-145f-4a8c-85f4-c10eb874732d
2019-10-16 11:35:45,499 [grpc-default-executor-1] INFO  impl.RoleInfo (RoleInfo.java:shutdownFollowerState(121)) - 70b633f6-b230-4b9f-87f3-510da88f1e08: shutdown FollowerState
2019-10-16 11:35:45,499 [grpc-default-executor-1] INFO  impl.RoleInfo (RoleInfo.java:updateAndGet(143)) - 70b633f6-b230-4b9f-87f3-510da88f1e08: start FollowerState
2019-10-16 11:35:45,499 [Thread-1229] INFO  impl.FollowerState (FollowerState.java:run(117)) - 70b633f6-b230-4b9f-87f3-510da88f1e08@group-2077DD483DC7-FollowerState was interrupted: java.lang.InterruptedException: sleep interrupted
2019-10-16 11:35:45,514 [a3132885-145f-4a8c-85f4-c10eb874732d@group-2077DD483DC7-LeaderElection132] INFO  impl.LeaderElection (LeaderElection.java:logAndReturn(56)) - a3132885-145f-4a8c-85f4-c10eb874732d@group-2077DD483DC7-LeaderElection132: Election REJECTED; received 2 response(s) [a3132885-145f-4a8c-85f4-c10eb874732d<-163587bb-2c3b-4498-b576-18147cf38274#0:FAIL-t66, a3132885-145f-4a8c-85f4-c10eb874732d<-70b633f6-b230-4b9f-87f3-510da88f1e08#0:FAIL-t66] and 0 exception(s); a3132885-145f-4a8c-85f4-c10eb874732d@group-2077DD483DC7:t66, leader=null, voted=a3132885-145f-4a8c-85f4-c10eb874732d, raftlog=a3132885-145f-4a8c-85f4-c10eb874732d@group-2077DD483DC7-SegmentedRaftLog:OPENED:c-1,f-1,i0, conf=-1: [163587bb-2c3b-4498-b576-18147cf38274:192.168.157.203:33208, a3132885-145f-4a8c-85f4-c10eb874732d:192.168.157.203:46766, 70b633f6-b230-4b9f-87f3-510da88f1e08:192.168.157.203:43163], old=null
2019-10-16 11:35:45,514 [a3132885-145f-4a8c-85f4-c10eb874732d@group-2077DD483DC7-LeaderElection132] INFO  impl.RaftServerImpl (RaftServerImpl.java:setRole(184)) - a3132885-145f-4a8c-85f4-c10eb874732d@group-2077DD483DC7: changes role from CANDIDATE to FOLLOWER at term 66 for DISCOVERED_A_NEW_TERM
2019-10-16 11:35:45,514 [a3132885-145f-4a8c-85f4-c10eb874732d@group-2077DD483DC7-LeaderElection132] INFO  impl.RoleInfo (RoleInfo.java:shutdownLeaderElection(134)) - a3132885-145f-4a8c-85f4-c10eb874732d: shutdown LeaderElection
2019-10-16 11:35:45,514 [a3132885-145f-4a8c-85f4-c10eb874732d@group-2077DD483DC7-LeaderElection132] INFO  impl.RoleInfo (RoleInfo.java:updateAndGet(143)) - a3132885-145f-4a8c-85f4-c10eb874732d: start FollowerState
2019-10-16 11:35:45,568 [Thread-1236] INFO  impl.FollowerState (FollowerState.java:run(108)) - 1ee6da7b-5867-4bad-ba0d-a2cfd13fd72a@group-B3673A53AB6F-FollowerState: change to CANDIDATE, lastRpcTime:108ms, electionTimeout:108ms
2019-10-16 11:35:45,568 [Thread-1236] INFO  impl.RoleInfo (RoleInfo.java:shutdownFollowerState(121)) - 1ee6da7b-5867-4bad-ba0d-a2cfd13fd72a: shutdown FollowerState
2019-10-16 11:35:45,568 [Thread-1236] INFO  impl.RaftServerImpl (RaftServerImpl.java:setRole(184)) - 1ee6da7b-5867-4bad-ba0d-a2cfd13fd72a@group-B3673A53AB6F: changes role from  FOLLOWER to CANDIDATE at term 66 for changeToCandidate
2019-10-16 11:35:45,568 [Thread-1236] INFO  impl.RoleInfo (RoleInfo.java:updateAndGet(143)) - 1ee6da7b-5867-4bad-ba0d-a2cfd13fd72a: start LeaderElection
2019-10-16 11:35:45,582 [1ee6da7b-5867-4bad-ba0d-a2cfd13fd72a@group-B3673A53AB6F-LeaderElection133] INFO  impl.LeaderElection (LeaderElection.java:askForVotes(178)) - 1ee6da7b-5867-4bad-ba0d-a2cfd13fd72a@group-B3673A53AB6F-LeaderElection133: begin an election at term 67 for -1: [f94c755f-9f95-40b5-85b9-5e712f3f34e7:192.168.157.203:45275, 1ee6da7b-5867-4bad-ba0d-a2cfd13fd72a:192.168.157.203:35892, 4281bf39-36db-462c-8bc9-3c86cb645344:192.168.157.203:42381], old=null
2019-10-16 11:35:45,583 [grpc-default-executor-1] INFO  impl.RaftServerImpl (RaftServerImpl.java:setRole(184)) - f94c755f-9f95-40b5-85b9-5e712f3f34e7@group-B3673A53AB6F: changes role from  FOLLOWER to FOLLOWER at term 67 for recognizeCandidate:1ee6da7b-5867-4bad-ba0d-a2cfd13fd72a
2019-10-16 11:35:45,584 [grpc-default-executor-1] INFO  impl.RoleInfo (RoleInfo.java:shutdownFollowerState(121)) - f94c755f-9f95-40b5-85b9-5e712f3f34e7: shutdown FollowerState
2019-10-16 11:35:45,584 [grpc-default-executor-0] INFO  impl.RaftServerImpl (RaftServerImpl.java:setRole(184)) - 4281bf39-36db-462c-8bc9-3c86cb645344@group-B3673A53AB6F: changes role from  FOLLOWER to FOLLOWER at term 67 for recognizeCandidate:1ee6da7b-5867-4bad-ba0d-a2cfd13fd72a
2019-10-16 11:35:45,584 [grpc-default-executor-0] INFO  impl.RoleInfo (RoleInfo.java:shutdownFollowerState(121)) - 4281bf39-36db-462c-8bc9-3c86cb645344: shutdown FollowerState
2019-10-16 11:35:45,584 [Thread-1234] INFO  impl.FollowerState (FollowerState.java:run(117)) - f94c755f-9f95-40b5-85b9-5e712f3f34e7@group-B3673A53AB6F-FollowerState was interrupted: java.lang.InterruptedException: sleep interrupted
2019-10-16 11:35:45,584 [grpc-default-executor-1] INFO  impl.RoleInfo (RoleInfo.java:updateAndGet(143)) - f94c755f-9f95-40b5-85b9-5e712f3f34e7: start FollowerState
2019-10-16 11:35:45,584 [Thread-1235] INFO  impl.FollowerState (FollowerState.java:run(117)) - 4281bf39-36db-462c-8bc9-3c86cb645344@group-B3673A53AB6F-FollowerState was interrupted: java.lang.InterruptedException: sleep interrupted
2019-10-16 11:35:45,584 [grpc-default-executor-0] INFO  impl.RoleInfo (RoleInfo.java:updateAndGet(143)) - 4281bf39-36db-462c-8bc9-3c86cb645344: start FollowerState
2019-10-16 11:35:45,611 [1ee6da7b-5867-4bad-ba0d-a2cfd13fd72a@group-B3673A53AB6F-LeaderElection133] INFO  impl.LeaderElection (LeaderElection.java:logAndReturn(56)) - 1ee6da7b-5867-4bad-ba0d-a2cfd13fd72a@group-B3673A53AB6F-LeaderElection133: Election REJECTED; received 2 response(s) [1ee6da7b-5867-4bad-ba0d-a2cfd13fd72a<-f94c755f-9f95-40b5-85b9-5e712f3f34e7#0:FAIL-t67, 1ee6da7b-5867-4bad-ba0d-a2cfd13fd72a<-4281bf39-36db-462c-8bc9-3c86cb645344#0:FAIL-t67] and 0 exception(s); 1ee6da7b-5867-4bad-ba0d-a2cfd13fd72a@group-B3673A53AB6F:t67, leader=null, voted=1ee6da7b-5867-4bad-ba0d-a2cfd13fd72a, raftlog=1ee6da7b-5867-4bad-ba0d-a2cfd13fd72a@group-B3673A53AB6F-SegmentedRaftLog:OPENED:c-1,f-1,i0, conf=-1: [f94c755f-9f95-40b5-85b9-5e712f3f34e7:192.168.157.203:45275, 1ee6da7b-5867-4bad-ba0d-a2cfd13fd72a:192.168.157.203:35892, 4281bf39-36db-462c-8bc9-3c86cb645344:192.168.157.203:42381], old=null
2019-10-16 11:35:45,611 [1ee6da7b-5867-4bad-ba0d-a2cfd13fd72a@group-B3673A53AB6F-LeaderElection133] INFO  impl.RaftServerImpl (RaftServerImpl.java:setRole(184)) - 1ee6da7b-5867-4bad-ba0d-a2cfd13fd72a@group-B3673A53AB6F: changes role from CANDIDATE to FOLLOWER at term 67 for DISCOVERED_A_NEW_TERM
2019-10-16 11:35:45,611 [1ee6da7b-5867-4bad-ba0d-a2cfd13fd72a@group-B3673A53AB6F-LeaderElection133] INFO  impl.RoleInfo (RoleInfo.java:shutdownLeaderElection(134)) - 1ee6da7b-5867-4bad-ba0d-a2cfd13fd72a: shutdown LeaderElection
2019-10-16 11:35:45,611 [1ee6da7b-5867-4bad-ba0d-a2cfd13fd72a@group-B3673A53AB6F-LeaderElection133] INFO  impl.RoleInfo (RoleInfo.java:updateAndGet(143)) - 1ee6da7b-5867-4bad-ba0d-a2cfd13fd72a: start FollowerState
2019-10-16 11:35:45,667 [Thread-1250] INFO  impl.FollowerState (FollowerState.java:run(108)) - 1ee6da7b-5867-4bad-ba0d-a2cfd13fd72a@group-B3673A53AB6F-FollowerState: change to CANDIDATE, lastRpcTime:55ms, electionTimeout:55ms
2019-10-16 11:35:45,667 [Thread-1250] INFO  impl.RoleInfo (RoleInfo.java:shutdownFollowerState(121)) - 1ee6da7b-5867-4bad-ba0d-a2cfd13fd72a: shutdown FollowerState
2019-10-16 11:35:45,667 [Thread-1250] INFO  impl.RaftServerImpl (RaftServerImpl.java:setRole(184)) - 1ee6da7b-5867-4bad-ba0d-a2cfd13fd72a@group-B3673A53AB6F: changes role from  FOLLOWER to CANDIDATE at term 67 for changeToCandidate
2019-10-16 11:35:45,667 [Thread-1250] INFO  impl.RoleInfo (RoleInfo.java:updateAndGet(143)) - 1ee6da7b-5867-4bad-ba0d-a2cfd13fd72a: start LeaderElection
2019-10-16 11:35:45,673 [1ee6da7b-5867-4bad-ba0d-a2cfd13fd72a@group-B3673A53AB6F-LeaderElection134] INFO  impl.LeaderElection (LeaderElection.java:askForVotes(178)) - 1ee6da7b-5867-4bad-ba0d-a2cfd13fd72a@group-B3673A53AB6F-LeaderElection134: begin an election at term 68 for -1: [f94c755f-9f95-40b5-85b9-5e712f3f34e7:192.168.157.203:45275, 1ee6da7b-5867-4bad-ba0d-a2cfd13fd72a:192.168.157.203:35892, 4281bf39-36db-462c-8bc9-3c86cb645344:192.168.157.203:42381], old=null
2019-10-16 11:35:45,676 [grpc-default-executor-0] INFO  impl.RaftServerImpl (RaftServerImpl.java:setRole(184)) - 4281bf39-36db-462c-8bc9-3c86cb645344@group-B3673A53AB6F: changes role from  FOLLOWER to FOLLOWER at term 68 for recognizeCandidate:1ee6da7b-5867-4bad-ba0d-a2cfd13fd72a
2019-10-16 11:35:45,676 [grpc-default-executor-5] INFO  impl.RaftServerImpl (RaftServerImpl.java:setRole(184)) - f94c755f-9f95-40b5-85b9-5e712f3f34e7@group-B3673A53AB6F: changes role from  FOLLOWER to FOLLOWER at term 68 for recognizeCandidate:1ee6da7b-5867-4bad-ba0d-a2cfd13fd72a
2019-10-16 11:35:45,677 [grpc-default-executor-5] INFO  impl.RoleInfo (RoleInfo.java:shutdownFollowerState(121)) - f94c755f-9f95-40b5-85b9-5e712f3f34e7: shutdown FollowerState
2019-10-16 11:35:45,676 [grpc-default-executor-0] INFO  impl.RoleInfo (RoleInfo.java:shutdownFollowerState(121)) - 4281bf39-36db-462c-8bc9-3c86cb645344: shutdown FollowerState
2019-10-16 11:35:45,677 [Thread-1246] INFO  impl.FollowerState (FollowerState.java:run(117)) - f94c755f-9f95-40b5-85b9-5e712f3f34e7@group-B3673A53AB6F-FollowerState was interrupted: java.lang.InterruptedException: sleep interrupted
2019-10-16 11:35:45,677 [grpc-default-executor-5] INFO  impl.RoleInfo (RoleInfo.java:updateAndGet(143)) - f94c755f-9f95-40b5-85b9-5e712f3f34e7: start FollowerState
2019-10-16 11:35:45,677 [Thread-1248] INFO  impl.FollowerState (FollowerState.java:run(117)) - 4281bf39-36db-462c-8bc9-3c86cb645344@group-B3673A53AB6F-FollowerState was interrupted: java.lang.InterruptedException: sleep interrupted
2019-10-16 11:35:45,677 [grpc-default-executor-0] INFO  impl.RoleInfo (RoleInfo.java:updateAndGet(143)) - 4281bf39-36db-462c-8bc9-3c86cb645344: start FollowerState
2019-10-16 11:35:45,693 [1ee6da7b-5867-4bad-ba0d-a2cfd13fd72a@group-B3673A53AB6F-LeaderElection134] INFO  impl.LeaderElection (LeaderElection.java:logAndReturn(56)) - 1ee6da7b-5867-4bad-ba0d-a2cfd13fd72a@group-B3673A53AB6F-LeaderElection134: Election REJECTED; received 2 response(s) [1ee6da7b-5867-4bad-ba0d-a2cfd13fd72a<-f94c755f-9f95-40b5-85b9-5e712f3f34e7#0:FAIL-t68, 1ee6da7b-5867-4bad-ba0d-a2cfd13fd72a<-4281bf39-36db-462c-8bc9-3c86cb645344#0:FAIL-t68] and 0 exception(s); 1ee6da7b-5867-4bad-ba0d-a2cfd13fd72a@group-B3673A53AB6F:t68, leader=null, voted=1ee6da7b-5867-4bad-ba0d-a2cfd13fd72a, raftlog=1ee6da7b-5867-4bad-ba0d-a2cfd13fd72a@group-B3673A53AB6F-SegmentedRaftLog:OPENED:c-1,f-1,i0, conf=-1: [f94c755f-9f95-40b5-85b9-5e712f3f34e7:192.168.157.203:45275, 1ee6da7b-5867-4bad-ba0d-a2cfd13fd72a:192.168.157.203:35892, 4281bf39-36db-462c-8bc9-3c86cb645344:192.168.157.203:42381], old=null
2019-10-16 11:35:45,693 [1ee6da7b-5867-4bad-ba0d-a2cfd13fd72a@group-B3673A53AB6F-LeaderElection134] INFO  impl.RaftServerImpl (RaftServerImpl.java:setRole(184)) - 1ee6da7b-5867-4bad-ba0d-a2cfd13fd72a@group-B3673A53AB6F: changes role from CANDIDATE to FOLLOWER at term 68 for DISCOVERED_A_NEW_TERM
2019-10-16 11:35:45,693 [1ee6da7b-5867-4bad-ba0d-a2cfd13fd72a@group-B3673A53AB6F-LeaderElection134] INFO  impl.RoleInfo (RoleInfo.java:shutdownLeaderElection(134)) - 1ee6da7b-5867-4bad-ba0d-a2cfd13fd72a: shutdown LeaderElection
2019-10-16 11:35:45,693 [1ee6da7b-5867-4bad-ba0d-a2cfd13fd72a@group-B3673A53AB6F-LeaderElection134] INFO  impl.RoleInfo (RoleInfo.java:updateAndGet(143)) - 1ee6da7b-5867-4bad-ba0d-a2cfd13fd72a: start FollowerState
2019-10-16 11:35:45,705 [Thread-1242] INFO  impl.FollowerState (FollowerState.java:run(108)) - a3132885-145f-4a8c-85f4-c10eb874732d@group-2077DD483DC7-FollowerState: change to CANDIDATE, lastRpcTime:191ms, electionTimeout:191ms
2019-10-16 11:35:45,705 [Thread-1242] INFO  impl.RoleInfo (RoleInfo.java:shutdownFollowerState(121)) - a3132885-145f-4a8c-85f4-c10eb874732d: shutdown FollowerState
2019-10-16 11:35:45,705 [Thread-1242] INFO  impl.RaftServerImpl (RaftServerImpl.java:setRole(184)) - a3132885-145f-4a8c-85f4-c10eb874732d@group-2077DD483DC7: changes role from  FOLLOWER to CANDIDATE at term 66 for changeToCandidate
2019-10-16 11:35:45,706 [Thread-1242] INFO  impl.RoleInfo (RoleInfo.java:updateAndGet(143)) - a3132885-145f-4a8c-85f4-c10eb874732d: start LeaderElection
2019-10-16 11:35:45,713 [a3132885-145f-4a8c-85f4-c10eb874732d@group-2077DD483DC7-LeaderElection135] INFO  impl.LeaderElection (LeaderElection.java:askForVotes(178)) - a3132885-145f-4a8c-85f4-c10eb874732d@group-2077DD483DC7-LeaderElection135: begin an election at term 67 for -1: [163587bb-2c3b-4498-b576-18147cf38274:192.168.157.203:33208, a3132885-145f-4a8c-85f4-c10eb874732d:192.168.157.203:46766, 70b633f6-b230-4b9f-87f3-510da88f1e08:192.168.157.203:43163], old=null
2019-10-16 11:35:45,716 [grpc-default-executor-0] INFO  impl.RaftServerImpl (RaftServerImpl.java:setRole(184)) - 70b633f6-b230-4b9f-87f3-510da88f1e08@group-2077DD483DC7: changes role from  FOLLOWER to FOLLOWER at term 67 for recognizeCandidate:a3132885-145f-4a8c-85f4-c10eb874732d
2019-10-16 11:35:45,716 [grpc-default-executor-5] INFO  impl.RaftServerImpl (RaftServerImpl.java:setRole(184)) - 163587bb-2c3b-4498-b576-18147cf38274@group-2077DD483DC7: changes role from  FOLLOWER to FOLLOWER at term 67 for recognizeCandidate:a3132885-145f-4a8c-85f4-c10eb874732d
2019-10-16 11:35:45,716 [grpc-default-executor-5] INFO  impl.RoleInfo (RoleInfo.java:shutdownFollowerState(121)) - 163587bb-2c3b-4498-b576-18147cf38274: shutdown FollowerState
2019-10-16 11:35:45,716 [grpc-default-executor-0] INFO  impl.RoleInfo (RoleInfo.java:shutdownFollowerState(121)) - 70b633f6-b230-4b9f-87f3-510da88f1e08: shutdown FollowerState
2019-10-16 11:35:45,716 [Thread-1240] INFO  impl.FollowerState (FollowerState.java:run(117)) - 163587bb-2c3b-4498-b576-18147cf38274@group-2077DD483DC7-FollowerState was interrupted: java.lang.InterruptedException: sleep interrupted
2019-10-16 11:35:45,716 [grpc-default-executor-5] INFO  impl.RoleInfo (RoleInfo.java:updateAndGet(143)) - 163587bb-2c3b-4498-b576-18147cf38274: start FollowerState
2019-10-16 11:35:45,716 [Thread-1241] INFO  impl.FollowerState (FollowerState.java:run(117)) - 70b633f6-b230-4b9f-87f3-510da88f1e08@group-2077DD483DC7-FollowerState was interrupted: java.lang.InterruptedException: sleep interrupted
2019-10-16 11:35:45,716 [grpc-default-executor-0] INFO  impl.RoleInfo (RoleInfo.java:updateAndGet(143)) - 70b633f6-b230-4b9f-87f3-510da88f1e08: start FollowerState
2019-10-16 11:35:45,752 [a3132885-145f-4a8c-85f4-c10eb874732d@group-2077DD483DC7-LeaderElection135] INFO  impl.LeaderElection (LeaderElection.java:logAndReturn(56)) - a3132885-145f-4a8c-85f4-c10eb874732d@group-2077DD483DC7-LeaderElection135: Election REJECTED; received 2 response(s) [a3132885-145f-4a8c-85f4-c10eb874732d<-163587bb-2c3b-4498-b576-18147cf38274#0:FAIL-t67, a3132885-145f-4a8c-85f4-c10eb874732d<-70b633f6-b230-4b9f-87f3-510da88f1e08#0:FAIL-t67] and 0 exception(s); a3132885-145f-4a8c-85f4-c10eb874732d@group-2077DD483DC7:t67, leader=null, voted=a3132885-145f-4a8c-85f4-c10eb874732d, raftlog=a3132885-145f-4a8c-85f4-c10eb874732d@group-2077DD483DC7-SegmentedRaftLog:OPENED:c-1,f-1,i0, conf=-1: [163587bb-2c3b-4498-b576-18147cf38274:192.168.157.203:33208, a3132885-145f-4a8c-85f4-c10eb874732d:192.168.157.203:46766, 70b633f6-b230-4b9f-87f3-510da88f1e08:192.168.157.203:43163], old=null
2019-10-16 11:35:45,752 [a3132885-145f-4a8c-85f4-c10eb874732d@group-2077DD483DC7-LeaderElection135] INFO  impl.RaftServerImpl (RaftServerImpl.java:setRole(184)) - a3132885-145f-4a8c-85f4-c10eb874732d@group-2077DD483DC7: changes role from CANDIDATE to FOLLOWER at term 67 for DISCOVERED_A_NEW_TERM
2019-10-16 11:35:45,752 [a3132885-145f-4a8c-85f4-c10eb874732d@group-2077DD483DC7-LeaderElection135] INFO  impl.RoleInfo (RoleInfo.java:shutdownLeaderElection(134)) - a3132885-145f-4a8c-85f4-c10eb874732d: shutdown LeaderElection
2019-10-16 11:35:45,752 [a3132885-145f-4a8c-85f4-c10eb874732d@group-2077DD483DC7-LeaderElection135] INFO  impl.RoleInfo (RoleInfo.java:updateAndGet(143)) - a3132885-145f-4a8c-85f4-c10eb874732d: start FollowerState
2019-10-16 11:35:45,769 [Thread-1256] INFO  impl.FollowerState (FollowerState.java:run(108)) - 1ee6da7b-5867-4bad-ba0d-a2cfd13fd72a@group-B3673A53AB6F-FollowerState: change to CANDIDATE, lastRpcTime:75ms, electionTimeout:75ms
2019-10-16 11:35:45,769 [Thread-1256] INFO  impl.RoleInfo (RoleInfo.java:shutdownFollowerState(121)) - 1ee6da7b-5867-4bad-ba0d-a2cfd13fd72a: shutdown FollowerState
2019-10-16 11:35:45,769 [Thread-1256] INFO  impl.RaftServerImpl (RaftServerImpl.java:setRole(184)) - 1ee6da7b-5867-4bad-ba0d-a2cfd13fd72a@group-B3673A53AB6F: changes role from  FOLLOWER to CANDIDATE at term 68 for changeToCandidate
2019-10-16 11:35:45,769 [Thread-1256] INFO  impl.RoleInfo (RoleInfo.java:updateAndGet(143)) - 1ee6da7b-5867-4bad-ba0d-a2cfd13fd72a: start LeaderElection
2019-10-16 11:35:45,794 [1ee6da7b-5867-4bad-ba0d-a2cfd13fd72a@group-B3673A53AB6F-LeaderElection136] INFO  impl.LeaderElection (LeaderElection.java:askForVotes(178)) - 1ee6da7b-5867-4bad-ba0d-a2cfd13fd72a@group-B3673A53AB6F-LeaderElection136: begin an election at term 69 for -1: [f94c755f-9f95-40b5-85b9-5e712f3f34e7:192.168.157.203:45275, 1ee6da7b-5867-4bad-ba0d-a2cfd13fd72a:192.168.157.203:35892, 4281bf39-36db-462c-8bc9-3c86cb645344:192.168.157.203:42381], old=null
2019-10-16 11:35:45,796 [grpc-default-executor-5] INFO  impl.RaftServerImpl (RaftServerImpl.java:setRole(184)) - f94c755f-9f95-40b5-85b9-5e712f3f34e7@group-B3673A53AB6F: changes role from  FOLLOWER to FOLLOWER at term 69 for recognizeCandidate:1ee6da7b-5867-4bad-ba0d-a2cfd13fd72a
2019-10-16 11:35:45,796 [grpc-default-executor-5] INFO  impl.RoleInfo (RoleInfo.java:shutdownFollowerState(121)) - f94c755f-9f95-40b5-85b9-5e712f3f34e7: shutdown FollowerState
2019-10-16 11:35:45,796 [grpc-default-executor-0] INFO  impl.RaftServerImpl (RaftServerImpl.java:setRole(184)) - 4281bf39-36db-462c-8bc9-3c86cb645344@group-B3673A53AB6F: changes role from  FOLLOWER to FOLLOWER at term 69 for recognizeCandidate:1ee6da7b-5867-4bad-ba0d-a2cfd13fd72a
2019-10-16 11:35:45,796 [grpc-default-executor-0] INFO  impl.RoleInfo (RoleInfo.java:shutdownFollowerState(121)) - 4281bf39-36db-462c-8bc9-3c86cb645344: shutdown FollowerState
2019-10-16 11:35:45,796 [grpc-default-executor-5] INFO  impl.RoleInfo (RoleInfo.java:updateAndGet(143)) - f94c755f-9f95-40b5-85b9-5e712f3f34e7: start FollowerState
2019-10-16 11:35:45,796 [Thread-1255] INFO  impl.FollowerState (FollowerState.java:run(117)) - 4281bf39-36db-462c-8bc9-3c86cb645344@group-B3673A53AB6F-FollowerState was interrupted: java.lang.InterruptedException: sleep interrupted
2019-10-16 11:35:45,796 [grpc-default-executor-0] INFO  impl.RoleInfo (RoleInfo.java:updateAndGet(143)) - 4281bf39-36db-462c-8bc9-3c86cb645344: start FollowerState
2019-10-16 11:35:45,796 [Thread-1254] INFO  impl.FollowerState (FollowerState.java:run(117)) - f94c755f-9f95-40b5-85b9-5e712f3f34e7@group-B3673A53AB6F-FollowerState was interrupted: java.lang.InterruptedException: sleep interrupted
2019-10-16 11:35:45,809 [1ee6da7b-5867-4bad-ba0d-a2cfd13fd72a@group-B3673A53AB6F-LeaderElection136] INFO  impl.LeaderElection (LeaderElection.java:logAndReturn(56)) - 1ee6da7b-5867-4bad-ba0d-a2cfd13fd72a@group-B3673A53AB6F-LeaderElection136: Election REJECTED; received 2 response(s) [1ee6da7b-5867-4bad-ba0d-a2cfd13fd72a<-f94c755f-9f95-40b5-85b9-5e712f3f34e7#0:FAIL-t69, 1ee6da7b-5867-4bad-ba0d-a2cfd13fd72a<-4281bf39-36db-462c-8bc9-3c86cb645344#0:FAIL-t69] and 0 exception(s); 1ee6da7b-5867-4bad-ba0d-a2cfd13fd72a@group-B3673A53AB6F:t69, leader=null, voted=1ee6da7b-5867-4bad-ba0d-a2cfd13fd72a, raftlog=1ee6da7b-5867-4bad-ba0d-a2cfd13fd72a@group-B3673A53AB6F-SegmentedRaftLog:OPENED:c-1,f-1,i0, conf=-1: [f94c755f-9f95-40b5-85b9-5e712f3f34e7:192.168.157.203:45275, 1ee6da7b-5867-4bad-ba0d-a2cfd13fd72a:192.168.157.203:35892, 4281bf39-36db-462c-8bc9-3c86cb645344:192.168.157.203:42381], old=null
2019-10-16 11:35:45,809 [1ee6da7b-5867-4bad-ba0d-a2cfd13fd72a@group-B3673A53AB6F-LeaderElection136] INFO  impl.RaftServerImpl (RaftServerImpl.java:setRole(184)) - 1ee6da7b-5867-4bad-ba0d-a2cfd13fd72a@group-B3673A53AB6F: changes role from CANDIDATE to FOLLOWER at term 69 for DISCOVERED_A_NEW_TERM
2019-10-16 11:35:45,809 [1ee6da7b-5867-4bad-ba0d-a2cfd13fd72a@group-B3673A53AB6F-LeaderElection136] INFO  impl.RoleInfo (RoleInfo.java:shutdownLeaderElection(134)) - 1ee6da7b-5867-4bad-ba0d-a2cfd13fd72a: shutdown LeaderElection
2019-10-16 11:35:45,809 [1ee6da7b-5867-4bad-ba0d-a2cfd13fd72a@group-B3673A53AB6F-LeaderElection136] INFO  impl.RoleInfo (RoleInfo.java:updateAndGet(143)) - 1ee6da7b-5867-4bad-ba0d-a2cfd13fd72a: start FollowerState
2019-10-16 11:35:45,849 [Thread-1268] INFO  impl.FollowerState (FollowerState.java:run(108)) - 1ee6da7b-5867-4bad-ba0d-a2cfd13fd72a@group-B3673A53AB6F-FollowerState: change to CANDIDATE, lastRpcTime:40ms, electionTimeout:39ms
2019-10-16 11:35:45,851 [Thread-1268] INFO  impl.RoleInfo (RoleInfo.java:shutdownFollowerState(121)) - 1ee6da7b-5867-4bad-ba0d-a2cfd13fd72a: shutdown FollowerState
2019-10-16 11:35:45,851 [Thread-1268] INFO  impl.RaftServerImpl (RaftServerImpl.java:setRole(184)) - 1ee6da7b-5867-4bad-ba0d-a2cfd13fd72a@group-B3673A53AB6F: changes role from  FOLLOWER to CANDIDATE at term 69 for changeToCandidate
2019-10-16 11:35:45,851 [Thread-1268] INFO  impl.RoleInfo (RoleInfo.java:updateAndGet(143)) - 1ee6da7b-5867-4bad-ba0d-a2cfd13fd72a: start LeaderElection
2019-10-16 11:35:45,865 [1ee6da7b-5867-4bad-ba0d-a2cfd13fd72a@group-B3673A53AB6F-LeaderElection137] INFO  impl.LeaderElection (LeaderElection.java:askForVotes(178)) - 1ee6da7b-5867-4bad-ba0d-a2cfd13fd72a@group-B3673A53AB6F-LeaderElection137: begin an election at term 70 for -1: [f94c755f-9f95-40b5-85b9-5e712f3f34e7:192.168.157.203:45275, 1ee6da7b-5867-4bad-ba0d-a2cfd13fd72a:192.168.157.203:35892, 4281bf39-36db-462c-8bc9-3c86cb645344:192.168.157.203:42381], old=null
2019-10-16 11:35:45,868 [grpc-default-executor-5] INFO  impl.RaftServerImpl (RaftServerImpl.java:setRole(184)) - f94c755f-9f95-40b5-85b9-5e712f3f34e7@group-B3673A53AB6F: changes role from  FOLLOWER to FOLLOWER at term 70 for recognizeCandidate:1ee6da7b-5867-4bad-ba0d-a2cfd13fd72a
2019-10-16 11:35:45,868 [grpc-default-executor-5] INFO  impl.RoleInfo (RoleInfo.java:shutdownFollowerState(121)) - f94c755f-9f95-40b5-85b9-5e712f3f34e7: shutdown FollowerState
2019-10-16 11:35:45,868 [grpc-default-executor-5] INFO  impl.RoleInfo (RoleInfo.java:updateAndGet(143)) - f94c755f-9f95-40b5-85b9-5e712f3f34e7: start FollowerState
2019-10-16 11:35:45,868 [grpc-default-executor-0] INFO  impl.RaftServerImpl (RaftServerImpl.java:setRole(184)) - 4281bf39-36db-462c-8bc9-3c86cb645344@group-B3673A53AB6F: changes role from  FOLLOWER to FOLLOWER at term 70 for recognizeCandidate:1ee6da7b-5867-4bad-ba0d-a2cfd13fd72a
2019-10-16 11:35:45,869 [grpc-default-executor-0] INFO  impl.RoleInfo (RoleInfo.java:shutdownFollowerState(121)) - 4281bf39-36db-462c-8bc9-3c86cb645344: shutdown FollowerState
2019-10-16 11:35:45,869 [Thread-1266] INFO  impl.FollowerState (FollowerState.java:run(117)) - f94c755f-9f95-40b5-85b9-5e712f3f34e7@group-B3673A53AB6F-FollowerState was interrupted: java.lang.InterruptedException: sleep interrupted
2019-10-16 11:35:45,869 [grpc-default-executor-0] INFO  impl.RoleInfo (RoleInfo.java:updateAndGet(143)) - 4281bf39-36db-462c-8bc9-3c86cb645344: start FollowerState
2019-10-16 11:35:45,869 [Thread-1267] INFO  impl.FollowerState (FollowerState.java:run(117)) - 4281bf39-36db-462c-8bc9-3c86cb645344@group-B3673A53AB6F-FollowerState was interrupted: java.lang.InterruptedException: sleep interrupted
2019-10-16 11:35:45,890 [Thread-1262] INFO  impl.FollowerState (FollowerState.java:run(108)) - a3132885-145f-4a8c-85f4-c10eb874732d@group-2077DD483DC7-FollowerState: change to CANDIDATE, lastRpcTime:137ms, electionTimeout:137ms
2019-10-16 11:35:45,890 [Thread-1262] INFO  impl.RoleInfo (RoleInfo.java:shutdownFollowerState(121)) - a3132885-145f-4a8c-85f4-c10eb874732d: shutdown FollowerState
2019-10-16 11:35:45,890 [Thread-1262] INFO  impl.RaftServerImpl (RaftServerImpl.java:setRole(184)) - a3132885-145f-4a8c-85f4-c10eb874732d@group-2077DD483DC7: changes role from  FOLLOWER to CANDIDATE at term 67 for changeToCandidate
2019-10-16 11:35:45,890 [Thread-1262] INFO  impl.RoleInfo (RoleInfo.java:updateAndGet(143)) - a3132885-145f-4a8c-85f4-c10eb874732d: start LeaderElection
2019-10-16 11:35:45,964 [1ee6da7b-5867-4bad-ba0d-a2cfd13fd72a@group-B3673A53AB6F-LeaderElection137] INFO  impl.LeaderElection (LeaderElection.java:logAndReturn(56)) - 1ee6da7b-5867-4bad-ba0d-a2cfd13fd72a@group-B3673A53AB6F-LeaderElection137: Election TIMEOUT; received 0 response(s) [] and 0 exception(s); 1ee6da7b-5867-4bad-ba0d-a2cfd13fd72a@group-B3673A53AB6F:t70, leader=null, voted=1ee6da7b-5867-4bad-ba0d-a2cfd13fd72a, raftlog=1ee6da7b-5867-4bad-ba0d-a2cfd13fd72a@group-B3673A53AB6F-SegmentedRaftLog:OPENED:c-1,f-1,i0, conf=-1: [f94c755f-9f95-40b5-85b9-5e712f3f34e7:192.168.157.203:45275, 1ee6da7b-5867-4bad-ba0d-a2cfd13fd72a:192.168.157.203:35892, 4281bf39-36db-462c-8bc9-3c86cb645344:192.168.157.203:42381], old=null
2019-10-16 11:35:46,041 [a3132885-145f-4a8c-85f4-c10eb874732d@group-2077DD483DC7-LeaderElection138] INFO  impl.LeaderElection (LeaderElection.java:askForVotes(178)) - a3132885-145f-4a8c-85f4-c10eb874732d@group-2077DD483DC7-LeaderElection138: begin an election at term 68 for -1: [163587bb-2c3b-4498-b576-18147cf38274:192.168.157.203:33208, a3132885-145f-4a8c-85f4-c10eb874732d:192.168.157.203:46766, 70b633f6-b230-4b9f-87f3-510da88f1e08:192.168.157.203:43163], old=null
2019-10-16 11:35:46,044 [1ee6da7b-5867-4bad-ba0d-a2cfd13fd72a@group-B3673A53AB6F-LeaderElection137] INFO  impl.LeaderElection (LeaderElection.java:askForVotes(178)) - 1ee6da7b-5867-4bad-ba0d-a2cfd13fd72a@group-B3673A53AB6F-LeaderElection137: begin an election at term 71 for -1: [f94c755f-9f95-40b5-85b9-5e712f3f34e7:192.168.157.203:45275, 1ee6da7b-5867-4bad-ba0d-a2cfd13fd72a:192.168.157.203:35892, 4281bf39-36db-462c-8bc9-3c86cb645344:192.168.157.203:42381], old=null
2019-10-16 11:35:46,044 [grpc-default-executor-5] INFO  impl.RaftServerImpl (RaftServerImpl.java:setRole(184)) - 163587bb-2c3b-4498-b576-18147cf38274@group-2077DD483DC7: changes role from  FOLLOWER to FOLLOWER at term 68 for recognizeCandidate:a3132885-145f-4a8c-85f4-c10eb874732d
2019-10-16 11:35:46,044 [grpc-default-executor-0] INFO  impl.RaftServerImpl (RaftServerImpl.java:setRole(184)) - 70b633f6-b230-4b9f-87f3-510da88f1e08@group-2077DD483DC7: changes role from  FOLLOWER to FOLLOWER at term 68 for recognizeCandidate:a3132885-145f-4a8c-85f4-c10eb874732d
2019-10-16 11:35:46,044 [grpc-default-executor-5] INFO  impl.RoleInfo (RoleInfo.java:shutdownFollowerState(121)) - 163587bb-2c3b-4498-b576-18147cf38274: shutdown FollowerState
2019-10-16 11:35:46,044 [grpc-default-executor-0] INFO  impl.RoleInfo (RoleInfo.java:shutdownFollowerState(121)) - 70b633f6-b230-4b9f-87f3-510da88f1e08: shutdown FollowerState
2019-10-16 11:35:46,045 [Thread-1260] INFO  impl.FollowerState (FollowerState.java:run(117)) - 163587bb-2c3b-4498-b576-18147cf38274@group-2077DD483DC7-FollowerState was interrupted: java.lang.InterruptedException: sleep interrupted
2019-10-16 11:35:46,044 [grpc-default-executor-5] INFO  impl.RoleInfo (RoleInfo.java:updateAndGet(143)) - 163587bb-2c3b-4498-b576-18147cf38274: start FollowerState
2019-10-16 11:35:46,045 [Thread-1261] INFO  impl.FollowerState (FollowerState.java:run(117)) - 70b633f6-b230-4b9f-87f3-510da88f1e08@group-2077DD483DC7-FollowerState was interrupted: java.lang.InterruptedException: sleep interrupted
2019-10-16 11:35:46,045 [grpc-default-executor-0] INFO  impl.RoleInfo (RoleInfo.java:updateAndGet(143)) - 70b633f6-b230-4b9f-87f3-510da88f1e08: start FollowerState
2019-10-16 11:35:46,045 [grpc-default-executor-4] INFO  impl.RaftServerImpl (RaftServerImpl.java:setRole(184)) - f94c755f-9f95-40b5-85b9-5e712f3f34e7@group-B3673A53AB6F: changes role from  FOLLOWER to FOLLOWER at term 71 for recognizeCandidate:1ee6da7b-5867-4bad-ba0d-a2cfd13fd72a
2019-10-16 11:35:46,046 [grpc-default-executor-4] INFO  impl.RoleInfo (RoleInfo.java:shutdownFollowerState(121)) - f94c755f-9f95-40b5-85b9-5e712f3f34e7: shutdown FollowerState
2019-10-16 11:35:46,046 [grpc-default-executor-4] INFO  impl.RoleInfo (RoleInfo.java:updateAndGet(143)) - f94c755f-9f95-40b5-85b9-5e712f3f34e7: start FollowerState
2019-10-16 11:35:46,046 [Thread-1274] INFO  impl.FollowerState (FollowerState.java:run(117)) - f94c755f-9f95-40b5-85b9-5e712f3f34e7@group-B3673A53AB6F-FollowerState was interrupted: java.lang.InterruptedException: sleep interrupted
2019-10-16 11:35:46,046 [grpc-default-executor-1] INFO  impl.RaftServerImpl (RaftServerImpl.java:setRole(184)) - 4281bf39-36db-462c-8bc9-3c86cb645344@group-B3673A53AB6F: changes role from  FOLLOWER to FOLLOWER at term 71 for recognizeCandidate:1ee6da7b-5867-4bad-ba0d-a2cfd13fd72a
2019-10-16 11:35:46,046 [grpc-default-executor-1] INFO  impl.RoleInfo (RoleInfo.java:shutdownFollowerState(121)) - 4281bf39-36db-462c-8bc9-3c86cb645344: shutdown FollowerState
2019-10-16 11:35:46,046 [grpc-default-executor-1] INFO  impl.RoleInfo (RoleInfo.java:updateAndGet(143)) - 4281bf39-36db-462c-8bc9-3c86cb645344: start FollowerState
2019-10-16 11:35:46,046 [Thread-1275] INFO  impl.FollowerState (FollowerState.java:run(117)) - 4281bf39-36db-462c-8bc9-3c86cb645344@group-B3673A53AB6F-FollowerState was interrupted: java.lang.InterruptedException: sleep interrupted
2019-10-16 11:35:46,124 [a3132885-145f-4a8c-85f4-c10eb874732d@group-2077DD483DC7-LeaderElection138] INFO  impl.LeaderElection (LeaderElection.java:logAndReturn(56)) - a3132885-145f-4a8c-85f4-c10eb874732d@group-2077DD483DC7-LeaderElection138: Election REJECTED; received 2 response(s) [a3132885-145f-4a8c-85f4-c10eb874732d<-163587bb-2c3b-4498-b576-18147cf38274#0:FAIL-t68, a3132885-145f-4a8c-85f4-c10eb874732d<-70b633f6-b230-4b9f-87f3-510da88f1e08#0:FAIL-t68] and 0 exception(s); a3132885-145f-4a8c-85f4-c10eb874732d@group-2077DD483DC7:t68, leader=null, voted=a3132885-145f-4a8c-85f4-c10eb874732d, raftlog=a3132885-145f-4a8c-85f4-c10eb874732d@group-2077DD483DC7-SegmentedRaftLog:OPENED:c-1,f-1,i0, conf=-1: [163587bb-2c3b-4498-b576-18147cf38274:192.168.157.203:33208, a3132885-145f-4a8c-85f4-c10eb874732d:192.168.157.203:46766, 70b633f6-b230-4b9f-87f3-510da88f1e08:192.168.157.203:43163], old=null
2019-10-16 11:35:46,124 [1ee6da7b-5867-4bad-ba0d-a2cfd13fd72a@group-B3673A53AB6F-LeaderElection137] INFO  impl.LeaderElection (LeaderElection.java:logAndReturn(56)) - 1ee6da7b-5867-4bad-ba0d-a2cfd13fd72a@group-B3673A53AB6F-LeaderElection137: Election REJECTED; received 2 response(s) [1ee6da7b-5867-4bad-ba0d-a2cfd13fd72a<-f94c755f-9f95-40b5-85b9-5e712f3f34e7#0:FAIL-t71, 1ee6da7b-5867-4bad-ba0d-a2cfd13fd72a<-4281bf39-36db-462c-8bc9-3c86cb645344#0:FAIL-t71] and 0 exception(s); 1ee6da7b-5867-4bad-ba0d-a2cfd13fd72a@group-B3673A53AB6F:t71, leader=null, voted=1ee6da7b-5867-4bad-ba0d-a2cfd13fd72a, raftlog=1ee6da7b-5867-4bad-ba0d-a2cfd13fd72a@group-B3673A53AB6F-SegmentedRaftLog:OPENED:c-1,f-1,i0, conf=-1: [f94c755f-9f95-40b5-85b9-5e712f3f34e7:192.168.157.203:45275, 1ee6da7b-5867-4bad-ba0d-a2cfd13fd72a:192.168.157.203:35892, 4281bf39-36db-462c-8bc9-3c86cb645344:192.168.157.203:42381], old=null
2019-10-16 11:35:46,124 [a3132885-145f-4a8c-85f4-c10eb874732d@group-2077DD483DC7-LeaderElection138] INFO  impl.RaftServerImpl (RaftServerImpl.java:setRole(184)) - a3132885-145f-4a8c-85f4-c10eb874732d@group-2077DD483DC7: changes role from CANDIDATE to FOLLOWER at term 68 for DISCOVERED_A_NEW_TERM
2019-10-16 11:35:46,124 [1ee6da7b-5867-4bad-ba0d-a2cfd13fd72a@group-B3673A53AB6F-LeaderElection137] INFO  impl.RaftServerImpl (RaftServerImpl.java:setRole(184)) - 1ee6da7b-5867-4bad-ba0d-a2cfd13fd72a@group-B3673A53AB6F: changes role from CANDIDATE to FOLLOWER at term 71 for DISCOVERED_A_NEW_TERM
2019-10-16 11:35:46,124 [a3132885-145f-4a8c-85f4-c10eb874732d@group-2077DD483DC7-LeaderElection138] INFO  impl.RoleInfo (RoleInfo.java:shutdownLeaderElection(134)) - a3132885-145f-4a8c-85f4-c10eb874732d: shutdown LeaderElection
2019-10-16 11:35:46,124 [1ee6da7b-5867-4bad-ba0d-a2cfd13fd72a@group-B3673A53AB6F-LeaderElection137] INFO  impl.RoleInfo (RoleInfo.java:shutdownLeaderElection(134)) - 1ee6da7b-5867-4bad-ba0d-a2cfd13fd72a: shutdown LeaderElection
2019-10-16 11:35:46,125 [a3132885-145f-4a8c-85f4-c10eb874732d@group-2077DD483DC7-LeaderElection138] INFO  impl.RoleInfo (RoleInfo.java:updateAndGet(143)) - a3132885-145f-4a8c-85f4-c10eb874732d: start FollowerState
2019-10-16 11:35:46,125 [1ee6da7b-5867-4bad-ba0d-a2cfd13fd72a@group-B3673A53AB6F-LeaderElection137] INFO  impl.RoleInfo (RoleInfo.java:updateAndGet(143)) - 1ee6da7b-5867-4bad-ba0d-a2cfd13fd72a: start FollowerState
2019-10-16 11:35:46,233 [Thread-1285] INFO  impl.FollowerState (FollowerState.java:run(108)) - a3132885-145f-4a8c-85f4-c10eb874732d@group-2077DD483DC7-FollowerState: change to CANDIDATE, lastRpcTime:108ms, electionTimeout:108ms
2019-10-16 11:35:46,233 [Thread-1285] INFO  impl.RoleInfo (RoleInfo.java:shutdownFollowerState(121)) - a3132885-145f-4a8c-85f4-c10eb874732d: shutdown FollowerState
2019-10-16 11:35:46,233 [Thread-1285] INFO  impl.RaftServerImpl (RaftServerImpl.java:setRole(184)) - a3132885-145f-4a8c-85f4-c10eb874732d@group-2077DD483DC7: changes role from  FOLLOWER to CANDIDATE at term 68 for changeToCandidate
2019-10-16 11:35:46,233 [Thread-1285] INFO  impl.RoleInfo (RoleInfo.java:updateAndGet(143)) - a3132885-145f-4a8c-85f4-c10eb874732d: start LeaderElection
2019-10-16 11:35:46,242 [a3132885-145f-4a8c-85f4-c10eb874732d@group-2077DD483DC7-LeaderElection139] INFO  impl.LeaderElection (LeaderElection.java:askForVotes(178)) - a3132885-145f-4a8c-85f4-c10eb874732d@group-2077DD483DC7-LeaderElection139: begin an election at term 69 for -1: [163587bb-2c3b-4498-b576-18147cf38274:192.168.157.203:33208, a3132885-145f-4a8c-85f4-c10eb874732d:192.168.157.203:46766, 70b633f6-b230-4b9f-87f3-510da88f1e08:192.168.157.203:43163], old=null
2019-10-16 11:35:46,244 [grpc-default-executor-5] INFO  impl.RaftServerImpl (RaftServerImpl.java:setRole(184)) - 163587bb-2c3b-4498-b576-18147cf38274@group-2077DD483DC7: changes role from  FOLLOWER to FOLLOWER at term 69 for recognizeCandidate:a3132885-145f-4a8c-85f4-c10eb874732d
2019-10-16 11:35:46,244 [grpc-default-executor-1] INFO  impl.RaftServerImpl (RaftServerImpl.java:setRole(184)) - 70b633f6-b230-4b9f-87f3-510da88f1e08@group-2077DD483DC7: changes role from  FOLLOWER to FOLLOWER at term 69 for recognizeCandidate:a3132885-145f-4a8c-85f4-c10eb874732d
2019-10-16 11:35:46,244 [grpc-default-executor-1] INFO  impl.RoleInfo (RoleInfo.java:shutdownFollowerState(121)) - 70b633f6-b230-4b9f-87f3-510da88f1e08: shutdown FollowerState
2019-10-16 11:35:46,244 [grpc-default-executor-5] INFO  impl.RoleInfo (RoleInfo.java:shutdownFollowerState(121)) - 163587bb-2c3b-4498-b576-18147cf38274: shutdown FollowerState
2019-10-16 11:35:46,245 [grpc-default-executor-1] INFO  impl.RoleInfo (RoleInfo.java:updateAndGet(143)) - 70b633f6-b230-4b9f-87f3-510da88f1e08: start FollowerState
2019-10-16 11:35:46,245 [Thread-1281] INFO  impl.FollowerState (FollowerState.java:run(117)) - 163587bb-2c3b-4498-b576-18147cf38274@group-2077DD483DC7-FollowerState was interrupted: java.lang.InterruptedException: sleep interrupted
2019-10-16 11:35:46,245 [grpc-default-executor-5] INFO  impl.RoleInfo (RoleInfo.java:updateAndGet(143)) - 163587bb-2c3b-4498-b576-18147cf38274: start FollowerState
2019-10-16 11:35:46,245 [Thread-1282] INFO  impl.FollowerState (FollowerState.java:run(117)) - 70b633f6-b230-4b9f-87f3-510da88f1e08@group-2077DD483DC7-FollowerState was interrupted: java.lang.InterruptedException: sleep interrupted
2019-10-16 11:35:46,263 [a3132885-145f-4a8c-85f4-c10eb874732d@group-2077DD483DC7-LeaderElection139] INFO  impl.LeaderElection (LeaderElection.java:logAndReturn(56)) - a3132885-145f-4a8c-85f4-c10eb874732d@group-2077DD483DC7-LeaderElection139: Election REJECTED; received 2 response(s) [a3132885-145f-4a8c-85f4-c10eb874732d<-163587bb-2c3b-4498-b576-18147cf38274#0:FAIL-t69, a3132885-145f-4a8c-85f4-c10eb874732d<-70b633f6-b230-4b9f-87f3-510da88f1e08#0:FAIL-t69] and 0 exception(s); a3132885-145f-4a8c-85f4-c10eb874732d@group-2077DD483DC7:t69, leader=null, voted=a3132885-145f-4a8c-85f4-c10eb874732d, raftlog=a3132885-145f-4a8c-85f4-c10eb874732d@group-2077DD483DC7-SegmentedRaftLog:OPENED:c-1,f-1,i0, conf=-1: [163587bb-2c3b-4498-b576-18147cf38274:192.168.157.203:33208, a3132885-145f-4a8c-85f4-c10eb874732d:192.168.157.203:46766, 70b633f6-b230-4b9f-87f3-510da88f1e08:192.168.157.203:43163], old=null
2019-10-16 11:35:46,263 [a3132885-145f-4a8c-85f4-c10eb874732d@group-2077DD483DC7-LeaderElection139] INFO  impl.RaftServerImpl (RaftServerImpl.java:setRole(184)) - a3132885-145f-4a8c-85f4-c10eb874732d@group-2077DD483DC7: changes role from CANDIDATE to FOLLOWER at term 69 for DISCOVERED_A_NEW_TERM
2019-10-16 11:35:46,263 [a3132885-145f-4a8c-85f4-c10eb874732d@group-2077DD483DC7-LeaderElection139] INFO  impl.RoleInfo (RoleInfo.java:shutdownLeaderElection(134)) - a3132885-145f-4a8c-85f4-c10eb874732d: shutdown LeaderElection
2019-10-16 11:35:46,263 [a3132885-145f-4a8c-85f4-c10eb874732d@group-2077DD483DC7-LeaderElection139] INFO  impl.RoleInfo (RoleInfo.java:updateAndGet(143)) - a3132885-145f-4a8c-85f4-c10eb874732d: start FollowerState
2019-10-16 11:35:46,292 [Thread-1286] INFO  impl.FollowerState (FollowerState.java:run(108)) - 1ee6da7b-5867-4bad-ba0d-a2cfd13fd72a@group-B3673A53AB6F-FollowerState: change to CANDIDATE, lastRpcTime:167ms, electionTimeout:167ms
2019-10-16 11:35:46,292 [Thread-1286] INFO  impl.RoleInfo (RoleInfo.java:shutdownFollowerState(121)) - 1ee6da7b-5867-4bad-ba0d-a2cfd13fd72a: shutdown FollowerState
2019-10-16 11:35:46,293 [Thread-1286] INFO  impl.RaftServerImpl (RaftServerImpl.java:setRole(184)) - 1ee6da7b-5867-4bad-ba0d-a2cfd13fd72a@group-B3673A53AB6F: changes role from  FOLLOWER to CANDIDATE at term 71 for changeToCandidate
2019-10-16 11:35:46,293 [Thread-1286] INFO  impl.RoleInfo (RoleInfo.java:updateAndGet(143)) - 1ee6da7b-5867-4bad-ba0d-a2cfd13fd72a: start LeaderElection
2019-10-16 11:35:46,299 [1ee6da7b-5867-4bad-ba0d-a2cfd13fd72a@group-B3673A53AB6F-LeaderElection140] INFO  impl.LeaderElection (LeaderElection.java:askForVotes(178)) - 1ee6da7b-5867-4bad-ba0d-a2cfd13fd72a@group-B3673A53AB6F-LeaderElection140: begin an election at term 72 for -1: [f94c755f-9f95-40b5-85b9-5e712f3f34e7:192.168.157.203:45275, 1ee6da7b-5867-4bad-ba0d-a2cfd13fd72a:192.168.157.203:35892, 4281bf39-36db-462c-8bc9-3c86cb645344:192.168.157.203:42381], old=null
2019-10-16 11:35:46,301 [grpc-default-executor-1] INFO  impl.RaftServerImpl (RaftServerImpl.java:setRole(184)) - f94c755f-9f95-40b5-85b9-5e712f3f34e7@group-B3673A53AB6F: changes role from  FOLLOWER to FOLLOWER at term 72 for recognizeCandidate:1ee6da7b-5867-4bad-ba0d-a2cfd13fd72a
2019-10-16 11:35:46,301 [grpc-default-executor-1] INFO  impl.RoleInfo (RoleInfo.java:shutdownFollowerState(121)) - f94c755f-9f95-40b5-85b9-5e712f3f34e7: shutdown FollowerState
2019-10-16 11:35:46,301 [grpc-default-executor-5] INFO  impl.RaftServerImpl (RaftServerImpl.java:setRole(184)) - 4281bf39-36db-462c-8bc9-3c86cb645344@group-B3673A53AB6F: changes role from  FOLLOWER to FOLLOWER at term 72 for recognizeCandidate:1ee6da7b-5867-4bad-ba0d-a2cfd13fd72a
2019-10-16 11:35:46,301 [Thread-1283] INFO  impl.FollowerState (FollowerState.java:run(117)) - f94c755f-9f95-40b5-85b9-5e712f3f34e7@group-B3673A53AB6F-FollowerState was interrupted: java.lang.InterruptedException: sleep interrupted
2019-10-16 11:35:46,301 [grpc-default-executor-1] INFO  impl.RoleInfo (RoleInfo.java:updateAndGet(143)) - f94c755f-9f95-40b5-85b9-5e712f3f34e7: start FollowerState
2019-10-16 11:35:46,301 [grpc-default-executor-5] INFO  impl.RoleInfo (RoleInfo.java:shutdownFollowerState(121)) - 4281bf39-36db-462c-8bc9-3c86cb645344: shutdown FollowerState
2019-10-16 11:35:46,302 [grpc-default-executor-5] INFO  impl.RoleInfo (RoleInfo.java:updateAndGet(143)) - 4281bf39-36db-462c-8bc9-3c86cb645344: start FollowerState
2019-10-16 11:35:46,302 [Thread-1284] INFO  impl.FollowerState (FollowerState.java:run(117)) - 4281bf39-36db-462c-8bc9-3c86cb645344@group-B3673A53AB6F-FollowerState was interrupted: java.lang.InterruptedException: sleep interrupted
2019-10-16 11:35:46,314 [1ee6da7b-5867-4bad-ba0d-a2cfd13fd72a@group-B3673A53AB6F-LeaderElection140] INFO  impl.LeaderElection (LeaderElection.java:logAndReturn(56)) - 1ee6da7b-5867-4bad-ba0d-a2cfd13fd72a@group-B3673A53AB6F-LeaderElection140: Election REJECTED; received 2 response(s) [1ee6da7b-5867-4bad-ba0d-a2cfd13fd72a<-f94c755f-9f95-40b5-85b9-5e712f3f34e7#0:FAIL-t72, 1ee6da7b-5867-4bad-ba0d-a2cfd13fd72a<-4281bf39-36db-462c-8bc9-3c86cb645344#0:FAIL-t72] and 0 exception(s); 1ee6da7b-5867-4bad-ba0d-a2cfd13fd72a@group-B3673A53AB6F:t72, leader=null, voted=1ee6da7b-5867-4bad-ba0d-a2cfd13fd72a, raftlog=1ee6da7b-5867-4bad-ba0d-a2cfd13fd72a@group-B3673A53AB6F-SegmentedRaftLog:OPENED:c-1,f-1,i0, conf=-1: [f94c755f-9f95-40b5-85b9-5e712f3f34e7:192.168.157.203:45275, 1ee6da7b-5867-4bad-ba0d-a2cfd13fd72a:192.168.157.203:35892, 4281bf39-36db-462c-8bc9-3c86cb645344:192.168.157.203:42381], old=null
2019-10-16 11:35:46,314 [1ee6da7b-5867-4bad-ba0d-a2cfd13fd72a@group-B3673A53AB6F-LeaderElection140] INFO  impl.RaftServerImpl (RaftServerImpl.java:setRole(184)) - 1ee6da7b-5867-4bad-ba0d-a2cfd13fd72a@group-B3673A53AB6F: changes role from CANDIDATE to FOLLOWER at term 72 for DISCOVERED_A_NEW_TERM
2019-10-16 11:35:46,314 [1ee6da7b-5867-4bad-ba0d-a2cfd13fd72a@group-B3673A53AB6F-LeaderElection140] INFO  impl.RoleInfo (RoleInfo.java:shutdownLeaderElection(134)) - 1ee6da7b-5867-4bad-ba0d-a2cfd13fd72a: shutdown LeaderElection
2019-10-16 11:35:46,315 [1ee6da7b-5867-4bad-ba0d-a2cfd13fd72a@group-B3673A53AB6F-LeaderElection140] INFO  impl.RoleInfo (RoleInfo.java:updateAndGet(143)) - 1ee6da7b-5867-4bad-ba0d-a2cfd13fd72a: start FollowerState
2019-10-16 11:35:46,322 [Thread-1292] INFO  impl.FollowerState (FollowerState.java:run(108)) - a3132885-145f-4a8c-85f4-c10eb874732d@group-2077DD483DC7-FollowerState: change to CANDIDATE, lastRpcTime:58ms, electionTimeout:58ms
2019-10-16 11:35:46,322 [Thread-1292] INFO  impl.RoleInfo (RoleInfo.java:shutdownFollowerState(121)) - a3132885-145f-4a8c-85f4-c10eb874732d: shutdown FollowerState
2019-10-16 11:35:46,322 [Thread-1292] INFO  impl.RaftServerImpl (RaftServerImpl.java:setRole(184)) - a3132885-145f-4a8c-85f4-c10eb874732d@group-2077DD483DC7: changes role from  FOLLOWER to CANDIDATE at term 69 for changeToCandidate
2019-10-16 11:35:46,322 [Thread-1292] INFO  impl.RoleInfo (RoleInfo.java:updateAndGet(143)) - a3132885-145f-4a8c-85f4-c10eb874732d: start LeaderElection
2019-10-16 11:35:46,327 [a3132885-145f-4a8c-85f4-c10eb874732d@group-2077DD483DC7-LeaderElection141] INFO  impl.LeaderElection (LeaderElection.java:askForVotes(178)) - a3132885-145f-4a8c-85f4-c10eb874732d@group-2077DD483DC7-LeaderElection141: begin an election at term 70 for -1: [163587bb-2c3b-4498-b576-18147cf38274:192.168.157.203:33208, a3132885-145f-4a8c-85f4-c10eb874732d:192.168.157.203:46766, 70b633f6-b230-4b9f-87f3-510da88f1e08:192.168.157.203:43163], old=null
2019-10-16 11:35:46,329 [grpc-default-executor-5] INFO  impl.RaftServerImpl (RaftServerImpl.java:setRole(184)) - 163587bb-2c3b-4498-b576-18147cf38274@group-2077DD483DC7: changes role from  FOLLOWER to FOLLOWER at term 70 for recognizeCandidate:a3132885-145f-4a8c-85f4-c10eb874732d
2019-10-16 11:35:46,329 [grpc-default-executor-5] INFO  impl.RoleInfo (RoleInfo.java:shutdownFollowerState(121)) - 163587bb-2c3b-4498-b576-18147cf38274: shutdown FollowerState
2019-10-16 11:35:46,329 [grpc-default-executor-1] INFO  impl.RaftServerImpl (RaftServerImpl.java:setRole(184)) - 70b633f6-b230-4b9f-87f3-510da88f1e08@group-2077DD483DC7: changes role from  FOLLOWER to FOLLOWER at term 70 for recognizeCandidate:a3132885-145f-4a8c-85f4-c10eb874732d
2019-10-16 11:35:46,330 [grpc-default-executor-1] INFO  impl.RoleInfo (RoleInfo.java:shutdownFollowerState(121)) - 70b633f6-b230-4b9f-87f3-510da88f1e08: shutdown FollowerState
2019-10-16 11:35:46,330 [grpc-default-executor-5] INFO  impl.RoleInfo (RoleInfo.java:updateAndGet(143)) - 163587bb-2c3b-4498-b576-18147cf38274: start FollowerState
2019-10-16 11:35:46,330 [Thread-1290] INFO  impl.FollowerState (FollowerState.java:run(117)) - 70b633f6-b230-4b9f-87f3-510da88f1e08@group-2077DD483DC7-FollowerState was interrupted: java.lang.InterruptedException: sleep interrupted
2019-10-16 11:35:46,330 [grpc-default-executor-1] INFO  impl.RoleInfo (RoleInfo.java:updateAndGet(143)) - 70b633f6-b230-4b9f-87f3-510da88f1e08: start FollowerState
2019-10-16 11:35:46,330 [Thread-1291] INFO  impl.FollowerState (FollowerState.java:run(117)) - 163587bb-2c3b-4498-b576-18147cf38274@group-2077DD483DC7-FollowerState was interrupted: java.lang.InterruptedException: sleep interrupted
2019-10-16 11:35:46,341 [a3132885-145f-4a8c-85f4-c10eb874732d@group-2077DD483DC7-LeaderElection141] INFO  impl.LeaderElection (LeaderElection.java:logAndReturn(56)) - a3132885-145f-4a8c-85f4-c10eb874732d@group-2077DD483DC7-LeaderElection141: Election REJECTED; received 2 response(s) [a3132885-145f-4a8c-85f4-c10eb874732d<-163587bb-2c3b-4498-b576-18147cf38274#0:FAIL-t70, a3132885-145f-4a8c-85f4-c10eb874732d<-70b633f6-b230-4b9f-87f3-510da88f1e08#0:FAIL-t70] and 0 exception(s); a3132885-145f-4a8c-85f4-c10eb874732d@group-2077DD483DC7:t70, leader=null, voted=a3132885-145f-4a8c-85f4-c10eb874732d, raftlog=a3132885-145f-4a8c-85f4-c10eb874732d@group-2077DD483DC7-SegmentedRaftLog:OPENED:c-1,f-1,i0, conf=-1: [163587bb-2c3b-4498-b576-18147cf38274:192.168.157.203:33208, a3132885-145f-4a8c-85f4-c10eb874732d:192.168.157.203:46766, 70b633f6-b230-4b9f-87f3-510da88f1e08:192.168.157.203:43163], old=null
2019-10-16 11:35:46,342 [a3132885-145f-4a8c-85f4-c10eb874732d@group-2077DD483DC7-LeaderElection141] INFO  impl.RaftServerImpl (RaftServerImpl.java:setRole(184)) - a3132885-145f-4a8c-85f4-c10eb874732d@group-2077DD483DC7: changes role from CANDIDATE to FOLLOWER at term 70 for DISCOVERED_A_NEW_TERM
2019-10-16 11:35:46,342 [a3132885-145f-4a8c-85f4-c10eb874732d@group-2077DD483DC7-LeaderElection141] INFO  impl.RoleInfo (RoleInfo.java:shutdownLeaderElection(134)) - a3132885-145f-4a8c-85f4-c10eb874732d: shutdown LeaderElection
2019-10-16 11:35:46,342 [a3132885-145f-4a8c-85f4-c10eb874732d@group-2077DD483DC7-LeaderElection141] INFO  impl.RoleInfo (RoleInfo.java:updateAndGet(143)) - a3132885-145f-4a8c-85f4-c10eb874732d: start FollowerState
2019-10-16 11:35:46,351 [Thread-1298] INFO  impl.FollowerState (FollowerState.java:run(108)) - 1ee6da7b-5867-4bad-ba0d-a2cfd13fd72a@group-B3673A53AB6F-FollowerState: change to CANDIDATE, lastRpcTime:36ms, electionTimeout:36ms
2019-10-16 11:35:46,351 [Thread-1298] INFO  impl.RoleInfo (RoleInfo.java:shutdownFollowerState(121)) - 1ee6da7b-5867-4bad-ba0d-a2cfd13fd72a: shutdown FollowerState
2019-10-16 11:35:46,351 [Thread-1298] INFO  impl.RaftServerImpl (RaftServerImpl.java:setRole(184)) - 1ee6da7b-5867-4bad-ba0d-a2cfd13fd72a@group-B3673A53AB6F: changes role from  FOLLOWER to CANDIDATE at term 72 for changeToCandidate
2019-10-16 11:35:46,351 [Thread-1298] INFO  impl.RoleInfo (RoleInfo.java:updateAndGet(143)) - 1ee6da7b-5867-4bad-ba0d-a2cfd13fd72a: start LeaderElection
2019-10-16 11:35:46,370 [1ee6da7b-5867-4bad-ba0d-a2cfd13fd72a@group-B3673A53AB6F-LeaderElection142] INFO  impl.LeaderElection (LeaderElection.java:askForVotes(178)) - 1ee6da7b-5867-4bad-ba0d-a2cfd13fd72a@group-B3673A53AB6F-LeaderElection142: begin an election at term 73 for -1: [f94c755f-9f95-40b5-85b9-5e712f3f34e7:192.168.157.203:45275, 1ee6da7b-5867-4bad-ba0d-a2cfd13fd72a:192.168.157.203:35892, 4281bf39-36db-462c-8bc9-3c86cb645344:192.168.157.203:42381], old=null
2019-10-16 11:35:46,372 [grpc-default-executor-1] INFO  impl.RaftServerImpl (RaftServerImpl.java:setRole(184)) - f94c755f-9f95-40b5-85b9-5e712f3f34e7@group-B3673A53AB6F: changes role from  FOLLOWER to FOLLOWER at term 73 for recognizeCandidate:1ee6da7b-5867-4bad-ba0d-a2cfd13fd72a
2019-10-16 11:35:46,372 [grpc-default-executor-5] INFO  impl.RaftServerImpl (RaftServerImpl.java:setRole(184)) - 4281bf39-36db-462c-8bc9-3c86cb645344@group-B3673A53AB6F: changes role from  FOLLOWER to FOLLOWER at term 73 for recognizeCandidate:1ee6da7b-5867-4bad-ba0d-a2cfd13fd72a
2019-10-16 11:35:46,372 [grpc-default-executor-5] INFO  impl.RoleInfo (RoleInfo.java:shutdownFollowerState(121)) - 4281bf39-36db-462c-8bc9-3c86cb645344: shutdown FollowerState
2019-10-16 11:35:46,372 [grpc-default-executor-1] INFO  impl.RoleInfo (RoleInfo.java:shutdownFollowerState(121)) - f94c755f-9f95-40b5-85b9-5e712f3f34e7: shutdown FollowerState
2019-10-16 11:35:46,372 [Thread-1297] INFO  impl.FollowerState (FollowerState.java:run(117)) - 4281bf39-36db-462c-8bc9-3c86cb645344@group-B3673A53AB6F-FollowerState was interrupted: java.lang.InterruptedException: sleep interrupted
2019-10-16 11:35:46,372 [grpc-default-executor-5] INFO  impl.RoleInfo (RoleInfo.java:updateAndGet(143)) - 4281bf39-36db-462c-8bc9-3c86cb645344: start FollowerState
2019-10-16 11:35:46,372 [Thread-1296] INFO  impl.FollowerState (FollowerState.java:run(117)) - f94c755f-9f95-40b5-85b9-5e712f3f34e7@group-B3673A53AB6F-FollowerState was interrupted: java.lang.InterruptedException: sleep interrupted
2019-10-16 11:35:46,372 [grpc-default-executor-1] INFO  impl.RoleInfo (RoleInfo.java:updateAndGet(143)) - f94c755f-9f95-40b5-85b9-5e712f3f34e7: start FollowerState
2019-10-16 11:35:46,380 [Thread-1304] INFO  impl.FollowerState (FollowerState.java:run(108)) - a3132885-145f-4a8c-85f4-c10eb874732d@group-2077DD483DC7-FollowerState: change to CANDIDATE, lastRpcTime:38ms, electionTimeout:38ms
2019-10-16 11:35:46,380 [Thread-1304] INFO  impl.RoleInfo (RoleInfo.java:shutdownFollowerState(121)) - a3132885-145f-4a8c-85f4-c10eb874732d: shutdown FollowerState
2019-10-16 11:35:46,380 [Thread-1304] INFO  impl.RaftServerImpl (RaftServerImpl.java:setRole(184)) - a3132885-145f-4a8c-85f4-c10eb874732d@group-2077DD483DC7: changes role from  FOLLOWER to CANDIDATE at term 70 for changeToCandidate
2019-10-16 11:35:46,380 [Thread-1304] INFO  impl.RoleInfo (RoleInfo.java:updateAndGet(143)) - a3132885-145f-4a8c-85f4-c10eb874732d: start LeaderElection
2019-10-16 11:35:46,382 [1ee6da7b-5867-4bad-ba0d-a2cfd13fd72a@group-B3673A53AB6F-LeaderElection142] INFO  impl.LeaderElection (LeaderElection.java:logAndReturn(56)) - 1ee6da7b-5867-4bad-ba0d-a2cfd13fd72a@group-B3673A53AB6F-LeaderElection142: Election REJECTED; received 2 response(s) [1ee6da7b-5867-4bad-ba0d-a2cfd13fd72a<-f94c755f-9f95-40b5-85b9-5e712f3f34e7#0:FAIL-t73, 1ee6da7b-5867-4bad-ba0d-a2cfd13fd72a<-4281bf39-36db-462c-8bc9-3c86cb645344#0:FAIL-t73] and 0 exception(s); 1ee6da7b-5867-4bad-ba0d-a2cfd13fd72a@group-B3673A53AB6F:t73, leader=null, voted=1ee6da7b-5867-4bad-ba0d-a2cfd13fd72a, raftlog=1ee6da7b-5867-4bad-ba0d-a2cfd13fd72a@group-B3673A53AB6F-SegmentedRaftLog:OPENED:c-1,f-1,i0, conf=-1: [f94c755f-9f95-40b5-85b9-5e712f3f34e7:192.168.157.203:45275, 1ee6da7b-5867-4bad-ba0d-a2cfd13fd72a:192.168.157.203:35892, 4281bf39-36db-462c-8bc9-3c86cb645344:192.168.157.203:42381], old=null
2019-10-16 11:35:46,383 [1ee6da7b-5867-4bad-ba0d-a2cfd13fd72a@group-B3673A53AB6F-LeaderElection142] INFO  impl.RaftServerImpl (RaftServerImpl.java:setRole(184)) - 1ee6da7b-5867-4bad-ba0d-a2cfd13fd72a@group-B3673A53AB6F: changes role from CANDIDATE to FOLLOWER at term 73 for DISCOVERED_A_NEW_TERM
2019-10-16 11:35:46,383 [1ee6da7b-5867-4bad-ba0d-a2cfd13fd72a@group-B3673A53AB6F-LeaderElection142] INFO  impl.RoleInfo (RoleInfo.java:shutdownLeaderElection(134)) - 1ee6da7b-5867-4bad-ba0d-a2cfd13fd72a: shutdown LeaderElection
2019-10-16 11:35:46,383 [1ee6da7b-5867-4bad-ba0d-a2cfd13fd72a@group-B3673A53AB6F-LeaderElection142] INFO  impl.RoleInfo (RoleInfo.java:updateAndGet(143)) - 1ee6da7b-5867-4bad-ba0d-a2cfd13fd72a: start FollowerState
2019-10-16 11:35:46,393 [a3132885-145f-4a8c-85f4-c10eb874732d@group-2077DD483DC7-LeaderElection143] INFO  impl.LeaderElection (LeaderElection.java:askForVotes(178)) - a3132885-145f-4a8c-85f4-c10eb874732d@group-2077DD483DC7-LeaderElection143: begin an election at term 71 for -1: [163587bb-2c3b-4498-b576-18147cf38274:192.168.157.203:33208, a3132885-145f-4a8c-85f4-c10eb874732d:192.168.157.203:46766, 70b633f6-b230-4b9f-87f3-510da88f1e08:192.168.157.203:43163], old=null
2019-10-16 11:35:46,395 [grpc-default-executor-5] INFO  impl.RaftServerImpl (RaftServerImpl.java:setRole(184)) - 163587bb-2c3b-4498-b576-18147cf38274@group-2077DD483DC7: changes role from  FOLLOWER to FOLLOWER at term 71 for recognizeCandidate:a3132885-145f-4a8c-85f4-c10eb874732d
2019-10-16 11:35:46,395 [grpc-default-executor-5] INFO  impl.RoleInfo (RoleInfo.java:shutdownFollowerState(121)) - 163587bb-2c3b-4498-b576-18147cf38274: shutdown FollowerState
2019-10-16 11:35:46,395 [grpc-default-executor-1] INFO  impl.RaftServerImpl (RaftServerImpl.java:setRole(184)) - 70b633f6-b230-4b9f-87f3-510da88f1e08@group-2077DD483DC7: changes role from  FOLLOWER to FOLLOWER at term 71 for recognizeCandidate:a3132885-145f-4a8c-85f4-c10eb874732d
2019-10-16 11:35:46,395 [grpc-default-executor-5] INFO  impl.RoleInfo (RoleInfo.java:updateAndGet(143)) - 163587bb-2c3b-4498-b576-18147cf38274: start FollowerState
2019-10-16 11:35:46,395 [Thread-1302] INFO  impl.FollowerState (FollowerState.java:run(117)) - 163587bb-2c3b-4498-b576-18147cf38274@group-2077DD483DC7-FollowerState was interrupted: java.lang.InterruptedException: sleep interrupted
2019-10-16 11:35:46,395 [grpc-default-executor-1] INFO  impl.RoleInfo (RoleInfo.java:shutdownFollowerState(121)) - 70b633f6-b230-4b9f-87f3-510da88f1e08: shutdown FollowerState
2019-10-16 11:35:46,396 [grpc-default-executor-1] INFO  impl.RoleInfo (RoleInfo.java:updateAndGet(143)) - 70b633f6-b230-4b9f-87f3-510da88f1e08: start FollowerState
2019-10-16 11:35:46,396 [Thread-1303] INFO  impl.FollowerState (FollowerState.java:run(117)) - 70b633f6-b230-4b9f-87f3-510da88f1e08@group-2077DD483DC7-FollowerState was interrupted: java.lang.InterruptedException: sleep interrupted
2019-10-16 11:35:46,405 [a3132885-145f-4a8c-85f4-c10eb874732d@group-2077DD483DC7-LeaderElection143] INFO  impl.LeaderElection (LeaderElection.java:logAndReturn(56)) - a3132885-145f-4a8c-85f4-c10eb874732d@group-2077DD483DC7-LeaderElection143: Election REJECTED; received 2 response(s) [a3132885-145f-4a8c-85f4-c10eb874732d<-163587bb-2c3b-4498-b576-18147cf38274#0:FAIL-t71, a3132885-145f-4a8c-85f4-c10eb874732d<-70b633f6-b230-4b9f-87f3-510da88f1e08#0:FAIL-t71] and 0 exception(s); a3132885-145f-4a8c-85f4-c10eb874732d@group-2077DD483DC7:t71, leader=null, voted=a3132885-145f-4a8c-85f4-c10eb874732d, raftlog=a3132885-145f-4a8c-85f4-c10eb874732d@group-2077DD483DC7-SegmentedRaftLog:OPENED:c-1,f-1,i0, conf=-1: [163587bb-2c3b-4498-b576-18147cf38274:192.168.157.203:33208, a3132885-145f-4a8c-85f4-c10eb874732d:192.168.157.203:46766, 70b633f6-b230-4b9f-87f3-510da88f1e08:192.168.157.203:43163], old=null
2019-10-16 11:35:46,405 [a3132885-145f-4a8c-85f4-c10eb874732d@group-2077DD483DC7-LeaderElection143] INFO  impl.RaftServerImpl (RaftServerImpl.java:setRole(184)) - a3132885-145f-4a8c-85f4-c10eb874732d@group-2077DD483DC7: changes role from CANDIDATE to FOLLOWER at term 71 for DISCOVERED_A_NEW_TERM
2019-10-16 11:35:46,405 [a3132885-145f-4a8c-85f4-c10eb874732d@group-2077DD483DC7-LeaderElection143] INFO  impl.RoleInfo (RoleInfo.java:shutdownLeaderElection(134)) - a3132885-145f-4a8c-85f4-c10eb874732d: shutdown LeaderElection
2019-10-16 11:35:46,405 [a3132885-145f-4a8c-85f4-c10eb874732d@group-2077DD483DC7-LeaderElection143] INFO  impl.RoleInfo (RoleInfo.java:updateAndGet(143)) - a3132885-145f-4a8c-85f4-c10eb874732d: start FollowerState
2019-10-16 11:35:46,450 [Thread-1313] INFO  impl.FollowerState (FollowerState.java:run(108)) - 1ee6da7b-5867-4bad-ba0d-a2cfd13fd72a@group-B3673A53AB6F-FollowerState: change to CANDIDATE, lastRpcTime:67ms, electionTimeout:67ms
2019-10-16 11:35:46,450 [Thread-1313] INFO  impl.RoleInfo (RoleInfo.java:shutdownFollowerState(121)) - 1ee6da7b-5867-4bad-ba0d-a2cfd13fd72a: shutdown FollowerState
2019-10-16 11:35:46,450 [Thread-1313] INFO  impl.RaftServerImpl (RaftServerImpl.java:setRole(184)) - 1ee6da7b-5867-4bad-ba0d-a2cfd13fd72a@group-B3673A53AB6F: changes role from  FOLLOWER to CANDIDATE at term 73 for changeToCandidate
2019-10-16 11:35:46,451 [Thread-1313] INFO  impl.RoleInfo (RoleInfo.java:updateAndGet(143)) - 1ee6da7b-5867-4bad-ba0d-a2cfd13fd72a: start LeaderElection
2019-10-16 11:35:46,455 [1ee6da7b-5867-4bad-ba0d-a2cfd13fd72a@group-B3673A53AB6F-LeaderElection144] INFO  impl.LeaderElection (LeaderElection.java:askForVotes(178)) - 1ee6da7b-5867-4bad-ba0d-a2cfd13fd72a@group-B3673A53AB6F-LeaderElection144: begin an election at term 74 for -1: [f94c755f-9f95-40b5-85b9-5e712f3f34e7:192.168.157.203:45275, 1ee6da7b-5867-4bad-ba0d-a2cfd13fd72a:192.168.157.203:35892, 4281bf39-36db-462c-8bc9-3c86cb645344:192.168.157.203:42381], old=null
2019-10-16 11:35:46,457 [grpc-default-executor-1] INFO  impl.RaftServerImpl (RaftServerImpl.java:setRole(184)) - f94c755f-9f95-40b5-85b9-5e712f3f34e7@group-B3673A53AB6F: changes role from  FOLLOWER to FOLLOWER at term 74 for recognizeCandidate:1ee6da7b-5867-4bad-ba0d-a2cfd13fd72a
2019-10-16 11:35:46,457 [grpc-default-executor-1] INFO  impl.RoleInfo (RoleInfo.java:shutdownFollowerState(121)) - f94c755f-9f95-40b5-85b9-5e712f3f34e7: shutdown FollowerState
2019-10-16 11:35:46,457 [grpc-default-executor-5] INFO  impl.RaftServerImpl (RaftServerImpl.java:setRole(184)) - 4281bf39-36db-462c-8bc9-3c86cb645344@group-B3673A53AB6F: changes role from  FOLLOWER to FOLLOWER at term 74 for recognizeCandidate:1ee6da7b-5867-4bad-ba0d-a2cfd13fd72a
2019-10-16 11:35:46,457 [Thread-1311] INFO  impl.FollowerState (FollowerState.java:run(117)) - f94c755f-9f95-40b5-85b9-5e712f3f34e7@group-B3673A53AB6F-FollowerState was interrupted: java.lang.InterruptedException: sleep interrupted
2019-10-16 11:35:46,457 [grpc-default-executor-1] INFO  impl.RoleInfo (RoleInfo.java:updateAndGet(143)) - f94c755f-9f95-40b5-85b9-5e712f3f34e7: start FollowerState
2019-10-16 11:35:46,457 [grpc-default-executor-5] INFO  impl.RoleInfo (RoleInfo.java:shutdownFollowerState(121)) - 4281bf39-36db-462c-8bc9-3c86cb645344: shutdown FollowerState
2019-10-16 11:35:46,458 [grpc-default-executor-5] INFO  impl.RoleInfo (RoleInfo.java:updateAndGet(143)) - 4281bf39-36db-462c-8bc9-3c86cb645344: start FollowerState
2019-10-16 11:35:46,458 [Thread-1310] INFO  impl.FollowerState (FollowerState.java:run(117)) - 4281bf39-36db-462c-8bc9-3c86cb645344@group-B3673A53AB6F-FollowerState was interrupted: java.lang.InterruptedException: sleep interrupted
2019-10-16 11:35:46,470 [1ee6da7b-5867-4bad-ba0d-a2cfd13fd72a@group-B3673A53AB6F-LeaderElection144] INFO  impl.LeaderElection (LeaderElection.java:logAndReturn(56)) - 1ee6da7b-5867-4bad-ba0d-a2cfd13fd72a@group-B3673A53AB6F-LeaderElection144: Election REJECTED; received 2 response(s) [1ee6da7b-5867-4bad-ba0d-a2cfd13fd72a<-f94c755f-9f95-40b5-85b9-5e712f3f34e7#0:FAIL-t74, 1ee6da7b-5867-4bad-ba0d-a2cfd13fd72a<-4281bf39-36db-462c-8bc9-3c86cb645344#0:FAIL-t74] and 0 exception(s); 1ee6da7b-5867-4bad-ba0d-a2cfd13fd72a@group-B3673A53AB6F:t74, leader=null, voted=1ee6da7b-5867-4bad-ba0d-a2cfd13fd72a, raftlog=1ee6da7b-5867-4bad-ba0d-a2cfd13fd72a@group-B3673A53AB6F-SegmentedRaftLog:OPENED:c-1,f-1,i0, conf=-1: [f94c755f-9f95-40b5-85b9-5e712f3f34e7:192.168.157.203:45275, 1ee6da7b-5867-4bad-ba0d-a2cfd13fd72a:192.168.157.203:35892, 4281bf39-36db-462c-8bc9-3c86cb645344:192.168.157.203:42381], old=null
2019-10-16 11:35:46,470 [1ee6da7b-5867-4bad-ba0d-a2cfd13fd72a@group-B3673A53AB6F-LeaderElection144] INFO  impl.RaftServerImpl (RaftServerImpl.java:setRole(184)) - 1ee6da7b-5867-4bad-ba0d-a2cfd13fd72a@group-B3673A53AB6F: changes role from CANDIDATE to FOLLOWER at term 74 for DISCOVERED_A_NEW_TERM
2019-10-16 11:35:46,470 [1ee6da7b-5867-4bad-ba0d-a2cfd13fd72a@group-B3673A53AB6F-LeaderElection144] INFO  impl.RoleInfo (RoleInfo.java:shutdownLeaderElection(134)) - 1ee6da7b-5867-4bad-ba0d-a2cfd13fd72a: shutdown LeaderElection
2019-10-16 11:35:46,470 [1ee6da7b-5867-4bad-ba0d-a2cfd13fd72a@group-B3673A53AB6F-LeaderElection144] INFO  impl.RoleInfo (RoleInfo.java:updateAndGet(143)) - 1ee6da7b-5867-4bad-ba0d-a2cfd13fd72a: start FollowerState
2019-10-16 11:35:46,492 [Thread-1318] INFO  impl.FollowerState (FollowerState.java:run(108)) - a3132885-145f-4a8c-85f4-c10eb874732d@group-2077DD483DC7-FollowerState: change to CANDIDATE, lastRpcTime:86ms, electionTimeout:86ms
2019-10-16 11:35:46,492 [Thread-1318] INFO  impl.RoleInfo (RoleInfo.java:shutdownFollowerState(121)) - a3132885-145f-4a8c-85f4-c10eb874732d: shutdown FollowerState
2019-10-16 11:35:46,492 [Thread-1318] INFO  impl.RaftServerImpl (RaftServerImpl.java:setRole(184)) - a3132885-145f-4a8c-85f4-c10eb874732d@group-2077DD483DC7: changes role from  FOLLOWER to CANDIDATE at term 71 for changeToCandidate
2019-10-16 11:35:46,492 [Thread-1318] INFO  impl.RoleInfo (RoleInfo.java:updateAndGet(143)) - a3132885-145f-4a8c-85f4-c10eb874732d: start LeaderElection
2019-10-16 11:35:46,497 [a3132885-145f-4a8c-85f4-c10eb874732d@group-2077DD483DC7-LeaderElection145] INFO  impl.LeaderElection (LeaderElection.java:askForVotes(178)) - a3132885-145f-4a8c-85f4-c10eb874732d@group-2077DD483DC7-LeaderElection145: begin an election at term 72 for -1: [163587bb-2c3b-4498-b576-18147cf38274:192.168.157.203:33208, a3132885-145f-4a8c-85f4-c10eb874732d:192.168.157.203:46766, 70b633f6-b230-4b9f-87f3-510da88f1e08:192.168.157.203:43163], old=null
2019-10-16 11:35:46,499 [grpc-default-executor-5] INFO  impl.RaftServerImpl (RaftServerImpl.java:setRole(184)) - 163587bb-2c3b-4498-b576-18147cf38274@group-2077DD483DC7: changes role from  FOLLOWER to FOLLOWER at term 72 for recognizeCandidate:a3132885-145f-4a8c-85f4-c10eb874732d
2019-10-16 11:35:46,499 [grpc-default-executor-1] INFO  impl.RaftServerImpl (RaftServerImpl.java:setRole(184)) - 70b633f6-b230-4b9f-87f3-510da88f1e08@group-2077DD483DC7: changes role from  FOLLOWER to FOLLOWER at term 72 for recognizeCandidate:a3132885-145f-4a8c-85f4-c10eb874732d
2019-10-16 11:35:46,499 [grpc-default-executor-5] INFO  impl.RoleInfo (RoleInfo.java:shutdownFollowerState(121)) - 163587bb-2c3b-4498-b576-18147cf38274: shutdown FollowerState
2019-10-16 11:35:46,499 [grpc-default-executor-1] INFO  impl.RoleInfo (RoleInfo.java:shutdownFollowerState(121)) - 70b633f6-b230-4b9f-87f3-510da88f1e08: shutdown FollowerState
2019-10-16 11:35:46,499 [Thread-1316] INFO  impl.FollowerState (FollowerState.java:run(117)) - 163587bb-2c3b-4498-b576-18147cf38274@group-2077DD483DC7-FollowerState was interrupted: java.lang.InterruptedException: sleep interrupted
2019-10-16 11:35:46,499 [grpc-default-executor-5] INFO  impl.RoleInfo (RoleInfo.java:updateAndGet(143)) - 163587bb-2c3b-4498-b576-18147cf38274: start FollowerState
2019-10-16 11:35:46,499 [grpc-default-executor-1] INFO  impl.RoleInfo (RoleInfo.java:updateAndGet(143)) - 70b633f6-b230-4b9f-87f3-510da88f1e08: start FollowerState
2019-10-16 11:35:46,499 [Thread-1317] INFO  impl.FollowerState (FollowerState.java:run(117)) - 70b633f6-b230-4b9f-87f3-510da88f1e08@group-2077DD483DC7-FollowerState was interrupted: java.lang.InterruptedException: sleep interrupted
2019-10-16 11:35:46,514 [a3132885-145f-4a8c-85f4-c10eb874732d@group-2077DD483DC7-LeaderElection145] INFO  impl.LeaderElection (LeaderElection.java:logAndReturn(56)) - a3132885-145f-4a8c-85f4-c10eb874732d@group-2077DD483DC7-LeaderElection145: Election REJECTED; received 2 response(s) [a3132885-145f-4a8c-85f4-c10eb874732d<-163587bb-2c3b-4498-b576-18147cf38274#0:FAIL-t72, a3132885-145f-4a8c-85f4-c10eb874732d<-70b633f6-b230-4b9f-87f3-510da88f1e08#0:FAIL-t72] and 0 exception(s); a3132885-145f-4a8c-85f4-c10eb874732d@group-2077DD483DC7:t72, leader=null, voted=a3132885-145f-4a8c-85f4-c10eb874732d, raftlog=a3132885-145f-4a8c-85f4-c10eb874732d@group-2077DD483DC7-SegmentedRaftLog:OPENED:c-1,f-1,i0, conf=-1: [163587bb-2c3b-4498-b576-18147cf38274:192.168.157.203:33208, a3132885-145f-4a8c-85f4-c10eb874732d:192.168.157.203:46766, 70b633f6-b230-4b9f-87f3-510da88f1e08:192.168.157.203:43163], old=null
2019-10-16 11:35:46,514 [a3132885-145f-4a8c-85f4-c10eb874732d@group-2077DD483DC7-LeaderElection145] INFO  impl.RaftServerImpl (RaftServerImpl.java:setRole(184)) - a3132885-145f-4a8c-85f4-c10eb874732d@group-2077DD483DC7: changes role from CANDIDATE to FOLLOWER at term 72 for DISCOVERED_A_NEW_TERM
2019-10-16 11:35:46,514 [a3132885-145f-4a8c-85f4-c10eb874732d@group-2077DD483DC7-LeaderElection145] INFO  impl.RoleInfo (RoleInfo.java:shutdownLeaderElection(134)) - a3132885-145f-4a8c-85f4-c10eb874732d: shutdown LeaderElection
2019-10-16 11:35:46,514 [a3132885-145f-4a8c-85f4-c10eb874732d@group-2077DD483DC7-LeaderElection145] INFO  impl.RoleInfo (RoleInfo.java:updateAndGet(143)) - a3132885-145f-4a8c-85f4-c10eb874732d: start FollowerState
2019-10-16 11:35:46,589 [Thread-1324] INFO  impl.FollowerState (FollowerState.java:run(108)) - 1ee6da7b-5867-4bad-ba0d-a2cfd13fd72a@group-B3673A53AB6F-FollowerState: change to CANDIDATE, lastRpcTime:118ms, electionTimeout:118ms
2019-10-16 11:35:46,589 [Thread-1324] INFO  impl.RoleInfo (RoleInfo.java:shutdownFollowerState(121)) - 1ee6da7b-5867-4bad-ba0d-a2cfd13fd72a: shutdown FollowerState
2019-10-16 11:35:46,589 [Thread-1324] INFO  impl.RaftServerImpl (RaftServerImpl.java:setRole(184)) - 1ee6da7b-5867-4bad-ba0d-a2cfd13fd72a@group-B3673A53AB6F: changes role from  FOLLOWER to CANDIDATE at term 74 for changeToCandidate
2019-10-16 11:35:46,589 [Thread-1324] INFO  impl.RoleInfo (RoleInfo.java:updateAndGet(143)) - 1ee6da7b-5867-4bad-ba0d-a2cfd13fd72a: start LeaderElection
2019-10-16 11:35:46,611 [1ee6da7b-5867-4bad-ba0d-a2cfd13fd72a@group-B3673A53AB6F-LeaderElection146] INFO  impl.LeaderElection (LeaderElection.java:askForVotes(178)) - 1ee6da7b-5867-4bad-ba0d-a2cfd13fd72a@group-B3673A53AB6F-LeaderElection146: begin an election at term 75 for -1: [f94c755f-9f95-40b5-85b9-5e712f3f34e7:192.168.157.203:45275, 1ee6da7b-5867-4bad-ba0d-a2cfd13fd72a:192.168.157.203:35892, 4281bf39-36db-462c-8bc9-3c86cb645344:192.168.157.203:42381], old=null
2019-10-16 11:35:46,611 [Thread-1330] INFO  impl.FollowerState (FollowerState.java:run(108)) - a3132885-145f-4a8c-85f4-c10eb874732d@group-2077DD483DC7-FollowerState: change to CANDIDATE, lastRpcTime:97ms, electionTimeout:97ms
2019-10-16 11:35:46,612 [Thread-1330] INFO  impl.RoleInfo (RoleInfo.java:shutdownFollowerState(121)) - a3132885-145f-4a8c-85f4-c10eb874732d: shutdown FollowerState
2019-10-16 11:35:46,612 [Thread-1330] INFO  impl.RaftServerImpl (RaftServerImpl.java:setRole(184)) - a3132885-145f-4a8c-85f4-c10eb874732d@group-2077DD483DC7: changes role from  FOLLOWER to CANDIDATE at term 72 for changeToCandidate
2019-10-16 11:35:46,612 [Thread-1330] INFO  impl.RoleInfo (RoleInfo.java:updateAndGet(143)) - a3132885-145f-4a8c-85f4-c10eb874732d: start LeaderElection
2019-10-16 11:35:46,613 [grpc-default-executor-5] INFO  impl.RaftServerImpl (RaftServerImpl.java:setRole(184)) - f94c755f-9f95-40b5-85b9-5e712f3f34e7@group-B3673A53AB6F: changes role from  FOLLOWER to FOLLOWER at term 75 for recognizeCandidate:1ee6da7b-5867-4bad-ba0d-a2cfd13fd72a
2019-10-16 11:35:46,613 [grpc-default-executor-1] INFO  impl.RaftServerImpl (RaftServerImpl.java:setRole(184)) - 4281bf39-36db-462c-8bc9-3c86cb645344@group-B3673A53AB6F: changes role from  FOLLOWER to FOLLOWER at term 75 for recognizeCandidate:1ee6da7b-5867-4bad-ba0d-a2cfd13fd72a
2019-10-16 11:35:46,614 [grpc-default-executor-1] INFO  impl.RoleInfo (RoleInfo.java:shutdownFollowerState(121)) - 4281bf39-36db-462c-8bc9-3c86cb645344: shutdown FollowerState
2019-10-16 11:35:46,614 [grpc-default-executor-5] INFO  impl.RoleInfo (RoleInfo.java:shutdownFollowerState(121)) - f94c755f-9f95-40b5-85b9-5e712f3f34e7: shutdown FollowerState
2019-10-16 11:35:46,614 [Thread-1323] INFO  impl.FollowerState (FollowerState.java:run(117)) - 4281bf39-36db-462c-8bc9-3c86cb645344@group-B3673A53AB6F-FollowerState was interrupted: java.lang.InterruptedException: sleep interrupted
2019-10-16 11:35:46,614 [grpc-default-executor-1] INFO  impl.RoleInfo (RoleInfo.java:updateAndGet(143)) - 4281bf39-36db-462c-8bc9-3c86cb645344: start FollowerState
2019-10-16 11:35:46,614 [Thread-1322] INFO  impl.FollowerState (FollowerState.java:run(117)) - f94c755f-9f95-40b5-85b9-5e712f3f34e7@group-B3673A53AB6F-FollowerState was interrupted: java.lang.InterruptedException: sleep interrupted
2019-10-16 11:35:46,614 [grpc-default-executor-5] INFO  impl.RoleInfo (RoleInfo.java:updateAndGet(143)) - f94c755f-9f95-40b5-85b9-5e712f3f34e7: start FollowerState
2019-10-16 11:35:46,618 [1ee6da7b-5867-4bad-ba0d-a2cfd13fd72a@group-B3673A53AB6F-LeaderElection146] INFO  impl.LeaderElection (LeaderElection.java:logAndReturn(56)) - 1ee6da7b-5867-4bad-ba0d-a2cfd13fd72a@group-B3673A53AB6F-LeaderElection146: Election TIMEOUT; received 0 response(s) [] and 0 exception(s); 1ee6da7b-5867-4bad-ba0d-a2cfd13fd72a@group-B3673A53AB6F:t75, leader=null, voted=1ee6da7b-5867-4bad-ba0d-a2cfd13fd72a, raftlog=1ee6da7b-5867-4bad-ba0d-a2cfd13fd72a@group-B3673A53AB6F-SegmentedRaftLog:OPENED:c-1,f-1,i0, conf=-1: [f94c755f-9f95-40b5-85b9-5e712f3f34e7:192.168.157.203:45275, 1ee6da7b-5867-4bad-ba0d-a2cfd13fd72a:192.168.157.203:35892, 4281bf39-36db-462c-8bc9-3c86cb645344:192.168.157.203:42381], old=null
2019-10-16 11:35:46,638 [a3132885-145f-4a8c-85f4-c10eb874732d@group-2077DD483DC7-LeaderElection147] INFO  impl.LeaderElection (LeaderElection.java:askForVotes(178)) - a3132885-145f-4a8c-85f4-c10eb874732d@group-2077DD483DC7-LeaderElection147: begin an election at term 73 for -1: [163587bb-2c3b-4498-b576-18147cf38274:192.168.157.203:33208, a3132885-145f-4a8c-85f4-c10eb874732d:192.168.157.203:46766, 70b633f6-b230-4b9f-87f3-510da88f1e08:192.168.157.203:43163], old=null
2019-10-16 11:35:46,638 [1ee6da7b-5867-4bad-ba0d-a2cfd13fd72a@group-B3673A53AB6F-LeaderElection146] INFO  impl.LeaderElection (LeaderElection.java:askForVotes(178)) - 1ee6da7b-5867-4bad-ba0d-a2cfd13fd72a@group-B3673A53AB6F-LeaderElection146: begin an election at term 76 for -1: [f94c755f-9f95-40b5-85b9-5e712f3f34e7:192.168.157.203:45275, 1ee6da7b-5867-4bad-ba0d-a2cfd13fd72a:192.168.157.203:35892, 4281bf39-36db-462c-8bc9-3c86cb645344:192.168.157.203:42381], old=null
2019-10-16 11:35:46,640 [grpc-default-executor-1] INFO  impl.RaftServerImpl (RaftServerImpl.java:setRole(184)) - 70b633f6-b230-4b9f-87f3-510da88f1e08@group-2077DD483DC7: changes role from  FOLLOWER to FOLLOWER at term 73 for recognizeCandidate:a3132885-145f-4a8c-85f4-c10eb874732d
2019-10-16 11:35:46,640 [grpc-default-executor-1] INFO  impl.RoleInfo (RoleInfo.java:shutdownFollowerState(121)) - 70b633f6-b230-4b9f-87f3-510da88f1e08: shutdown FollowerState
2019-10-16 11:35:46,640 [grpc-default-executor-5] INFO  impl.RaftServerImpl (RaftServerImpl.java:setRole(184)) - 163587bb-2c3b-4498-b576-18147cf38274@group-2077DD483DC7: changes role from  FOLLOWER to FOLLOWER at term 73 for recognizeCandidate:a3132885-145f-4a8c-85f4-c10eb874732d
2019-10-16 11:35:46,640 [Thread-1329] INFO  impl.FollowerState (FollowerState.java:run(117)) - 70b633f6-b230-4b9f-87f3-510da88f1e08@group-2077DD483DC7-FollowerState was interrupted: java.lang.InterruptedException: sleep interrupted
2019-10-16 11:35:46,640 [grpc-default-executor-1] INFO  impl.RoleInfo (RoleInfo.java:updateAndGet(143)) - 70b633f6-b230-4b9f-87f3-510da88f1e08: start FollowerState
2019-10-16 11:35:46,640 [grpc-default-executor-4] INFO  impl.RaftServerImpl (RaftServerImpl.java:setRole(184)) - f94c755f-9f95-40b5-85b9-5e712f3f34e7@group-B3673A53AB6F: changes role from  FOLLOWER to FOLLOWER at term 76 for recognizeCandidate:1ee6da7b-5867-4bad-ba0d-a2cfd13fd72a
2019-10-16 11:35:46,641 [grpc-default-executor-4] INFO  impl.RoleInfo (RoleInfo.java:shutdownFollowerState(121)) - f94c755f-9f95-40b5-85b9-5e712f3f34e7: shutdown FollowerState
2019-10-16 11:35:46,640 [grpc-default-executor-5] INFO  impl.RoleInfo (RoleInfo.java:shutdownFollowerState(121)) - 163587bb-2c3b-4498-b576-18147cf38274: shutdown FollowerState
2019-10-16 11:35:46,640 [grpc-default-executor-0] INFO  impl.RaftServerImpl (RaftServerImpl.java:setRole(184)) - 4281bf39-36db-462c-8bc9-3c86cb645344@group-B3673A53AB6F: changes role from  FOLLOWER to FOLLOWER at term 76 for recognizeCandidate:1ee6da7b-5867-4bad-ba0d-a2cfd13fd72a
2019-10-16 11:35:46,641 [Thread-1328] INFO  impl.FollowerState (FollowerState.java:run(117)) - 163587bb-2c3b-4498-b576-18147cf38274@group-2077DD483DC7-FollowerState was interrupted: java.lang.InterruptedException: sleep interrupted
2019-10-16 11:35:46,641 [grpc-default-executor-5] INFO  impl.RoleInfo (RoleInfo.java:updateAndGet(143)) - 163587bb-2c3b-4498-b576-18147cf38274: start FollowerState
2019-10-16 11:35:46,641 [Thread-1337] INFO  impl.FollowerState (FollowerState.java:run(117)) - f94c755f-9f95-40b5-85b9-5e712f3f34e7@group-B3673A53AB6F-FollowerState was interrupted: java.lang.InterruptedException: sleep interrupted
2019-10-16 11:35:46,641 [grpc-default-executor-4] INFO  impl.RoleInfo (RoleInfo.java:updateAndGet(143)) - f94c755f-9f95-40b5-85b9-5e712f3f34e7: start FollowerState
2019-10-16 11:35:46,641 [grpc-default-executor-0] INFO  impl.RoleInfo (RoleInfo.java:shutdownFollowerState(121)) - 4281bf39-36db-462c-8bc9-3c86cb645344: shutdown FollowerState
2019-10-16 11:35:46,641 [grpc-default-executor-0] INFO  impl.RoleInfo (RoleInfo.java:updateAndGet(143)) - 4281bf39-36db-462c-8bc9-3c86cb645344: start FollowerState
2019-10-16 11:35:46,642 [Thread-1336] INFO  impl.FollowerState (FollowerState.java:run(117)) - 4281bf39-36db-462c-8bc9-3c86cb645344@group-B3673A53AB6F-FollowerState was interrupted: java.lang.InterruptedException: sleep interrupted
2019-10-16 11:35:46,648 [1ee6da7b-5867-4bad-ba0d-a2cfd13fd72a@group-B3673A53AB6F-LeaderElection146] INFO  impl.LeaderElection (LeaderElection.java:logAndReturn(56)) - 1ee6da7b-5867-4bad-ba0d-a2cfd13fd72a@group-B3673A53AB6F-LeaderElection146: Election REJECTED; received 2 response(s) [1ee6da7b-5867-4bad-ba0d-a2cfd13fd72a<-f94c755f-9f95-40b5-85b9-5e712f3f34e7#0:FAIL-t76, 1ee6da7b-5867-4bad-ba0d-a2cfd13fd72a<-4281bf39-36db-462c-8bc9-3c86cb645344#0:FAIL-t76] and 0 exception(s); 1ee6da7b-5867-4bad-ba0d-a2cfd13fd72a@group-B3673A53AB6F:t76, leader=null, voted=1ee6da7b-5867-4bad-ba0d-a2cfd13fd72a, raftlog=1ee6da7b-5867-4bad-ba0d-a2cfd13fd72a@group-B3673A53AB6F-SegmentedRaftLog:OPENED:c-1,f-1,i0, conf=-1: [f94c755f-9f95-40b5-85b9-5e712f3f34e7:192.168.157.203:45275, 1ee6da7b-5867-4bad-ba0d-a2cfd13fd72a:192.168.157.203:35892, 4281bf39-36db-462c-8bc9-3c86cb645344:192.168.157.203:42381], old=null
2019-10-16 11:35:46,648 [a3132885-145f-4a8c-85f4-c10eb874732d@group-2077DD483DC7-LeaderElection147] INFO  impl.LeaderElection (LeaderElection.java:logAndReturn(56)) - a3132885-145f-4a8c-85f4-c10eb874732d@group-2077DD483DC7-LeaderElection147: Election REJECTED; received 2 response(s) [a3132885-145f-4a8c-85f4-c10eb874732d<-163587bb-2c3b-4498-b576-18147cf38274#0:FAIL-t73, a3132885-145f-4a8c-85f4-c10eb874732d<-70b633f6-b230-4b9f-87f3-510da88f1e08#0:FAIL-t73] and 0 exception(s); a3132885-145f-4a8c-85f4-c10eb874732d@group-2077DD483DC7:t73, leader=null, voted=a3132885-145f-4a8c-85f4-c10eb874732d, raftlog=a3132885-145f-4a8c-85f4-c10eb874732d@group-2077DD483DC7-SegmentedRaftLog:OPENED:c-1,f-1,i0, conf=-1: [163587bb-2c3b-4498-b576-18147cf38274:192.168.157.203:33208, a3132885-145f-4a8c-85f4-c10eb874732d:192.168.157.203:46766, 70b633f6-b230-4b9f-87f3-510da88f1e08:192.168.157.203:43163], old=null
2019-10-16 11:35:46,648 [1ee6da7b-5867-4bad-ba0d-a2cfd13fd72a@group-B3673A53AB6F-LeaderElection146] INFO  impl.RaftServerImpl (RaftServerImpl.java:setRole(184)) - 1ee6da7b-5867-4bad-ba0d-a2cfd13fd72a@group-B3673A53AB6F: changes role from CANDIDATE to FOLLOWER at term 76 for DISCOVERED_A_NEW_TERM
2019-10-16 11:35:46,648 [a3132885-145f-4a8c-85f4-c10eb874732d@group-2077DD483DC7-LeaderElection147] INFO  impl.RaftServerImpl (RaftServerImpl.java:setRole(184)) - a3132885-145f-4a8c-85f4-c10eb874732d@group-2077DD483DC7: changes role from CANDIDATE to FOLLOWER at term 73 for DISCOVERED_A_NEW_TERM
2019-10-16 11:35:46,648 [1ee6da7b-5867-4bad-ba0d-a2cfd13fd72a@group-B3673A53AB6F-LeaderElection146] INFO  impl.RoleInfo (RoleInfo.java:shutdownLeaderElection(134)) - 1ee6da7b-5867-4bad-ba0d-a2cfd13fd72a: shutdown LeaderElection
2019-10-16 11:35:46,648 [a3132885-145f-4a8c-85f4-c10eb874732d@group-2077DD483DC7-LeaderElection147] INFO  impl.RoleInfo (RoleInfo.java:shutdownLeaderElection(134)) - a3132885-145f-4a8c-85f4-c10eb874732d: shutdown LeaderElection
2019-10-16 11:35:46,648 [1ee6da7b-5867-4bad-ba0d-a2cfd13fd72a@group-B3673A53AB6F-LeaderElection146] INFO  impl.RoleInfo (RoleInfo.java:updateAndGet(143)) - 1ee6da7b-5867-4bad-ba0d-a2cfd13fd72a: start FollowerState
2019-10-16 11:35:46,648 [a3132885-145f-4a8c-85f4-c10eb874732d@group-2077DD483DC7-LeaderElection147] INFO  impl.RoleInfo (RoleInfo.java:updateAndGet(143)) - a3132885-145f-4a8c-85f4-c10eb874732d: start FollowerState
2019-10-16 11:35:46,734 [Thread-1347] INFO  impl.FollowerState (FollowerState.java:run(108)) - 1ee6da7b-5867-4bad-ba0d-a2cfd13fd72a@group-B3673A53AB6F-FollowerState: change to CANDIDATE, lastRpcTime:85ms, electionTimeout:85ms
2019-10-16 11:35:46,734 [Thread-1347] INFO  impl.RoleInfo (RoleInfo.java:shutdownFollowerState(121)) - 1ee6da7b-5867-4bad-ba0d-a2cfd13fd72a: shutdown FollowerState
2019-10-16 11:35:46,734 [Thread-1347] INFO  impl.RaftServerImpl (RaftServerImpl.java:setRole(184)) - 1ee6da7b-5867-4bad-ba0d-a2cfd13fd72a@group-B3673A53AB6F: changes role from  FOLLOWER to CANDIDATE at term 76 for changeToCandidate
2019-10-16 11:35:46,734 [Thread-1347] INFO  impl.RoleInfo (RoleInfo.java:updateAndGet(143)) - 1ee6da7b-5867-4bad-ba0d-a2cfd13fd72a: start LeaderElection
2019-10-16 11:35:46,738 [1ee6da7b-5867-4bad-ba0d-a2cfd13fd72a@group-B3673A53AB6F-LeaderElection148] INFO  impl.LeaderElection (LeaderElection.java:askForVotes(178)) - 1ee6da7b-5867-4bad-ba0d-a2cfd13fd72a@group-B3673A53AB6F-LeaderElection148: begin an election at term 77 for -1: [f94c755f-9f95-40b5-85b9-5e712f3f34e7:192.168.157.203:45275, 1ee6da7b-5867-4bad-ba0d-a2cfd13fd72a:192.168.157.203:35892, 4281bf39-36db-462c-8bc9-3c86cb645344:192.168.157.203:42381], old=null
2019-10-16 11:35:46,739 [grpc-default-executor-0] INFO  impl.RaftServerImpl (RaftServerImpl.java:setRole(184)) - f94c755f-9f95-40b5-85b9-5e712f3f34e7@group-B3673A53AB6F: changes role from  FOLLOWER to FOLLOWER at term 77 for recognizeCandidate:1ee6da7b-5867-4bad-ba0d-a2cfd13fd72a
2019-10-16 11:35:46,739 [grpc-default-executor-0] INFO  impl.RoleInfo (RoleInfo.java:shutdownFollowerState(121)) - f94c755f-9f95-40b5-85b9-5e712f3f34e7: shutdown FollowerState
2019-10-16 11:35:46,739 [grpc-default-executor-0] INFO  impl.RoleInfo (RoleInfo.java:updateAndGet(143)) - f94c755f-9f95-40b5-85b9-5e712f3f34e7: start FollowerState
2019-10-16 11:35:46,739 [grpc-default-executor-4] INFO  impl.RaftServerImpl (RaftServerImpl.java:setRole(184)) - 4281bf39-36db-462c-8bc9-3c86cb645344@group-B3673A53AB6F: changes role from  FOLLOWER to FOLLOWER at term 77 for recognizeCandidate:1ee6da7b-5867-4bad-ba0d-a2cfd13fd72a
2019-10-16 11:35:46,740 [Thread-1344] INFO  impl.FollowerState (FollowerState.java:run(117)) - f94c755f-9f95-40b5-85b9-5e712f3f34e7@group-B3673A53AB6F-FollowerState was interrupted: java.lang.InterruptedException: sleep interrupted
2019-10-16 11:35:46,740 [grpc-default-executor-4] INFO  impl.RoleInfo (RoleInfo.java:shutdownFollowerState(121)) - 4281bf39-36db-462c-8bc9-3c86cb645344: shutdown FollowerState
2019-10-16 11:35:46,740 [grpc-default-executor-4] INFO  impl.RoleInfo (RoleInfo.java:updateAndGet(143)) - 4281bf39-36db-462c-8bc9-3c86cb645344: start FollowerState
2019-10-16 11:35:46,740 [Thread-1346] INFO  impl.FollowerState (FollowerState.java:run(117)) - 4281bf39-36db-462c-8bc9-3c86cb645344@group-B3673A53AB6F-FollowerState was interrupted: java.lang.InterruptedException: sleep interrupted
2019-10-16 11:35:46,754 [Thread-1348] INFO  impl.FollowerState (FollowerState.java:run(108)) - a3132885-145f-4a8c-85f4-c10eb874732d@group-2077DD483DC7-FollowerState: change to CANDIDATE, lastRpcTime:105ms, electionTimeout:105ms
2019-10-16 11:35:46,754 [Thread-1348] INFO  impl.RoleInfo (RoleInfo.java:shutdownFollowerState(121)) - a3132885-145f-4a8c-85f4-c10eb874732d: shutdown FollowerState
2019-10-16 11:35:46,754 [Thread-1348] INFO  impl.RaftServerImpl (RaftServerImpl.java:setRole(184)) - a3132885-145f-4a8c-85f4-c10eb874732d@group-2077DD483DC7: changes role from  FOLLOWER to CANDIDATE at term 73 for changeToCandidate
2019-10-16 11:35:46,754 [Thread-1348] INFO  impl.RoleInfo (RoleInfo.java:updateAndGet(143)) - a3132885-145f-4a8c-85f4-c10eb874732d: start LeaderElection
2019-10-16 11:35:46,777 [a3132885-145f-4a8c-85f4-c10eb874732d@group-2077DD483DC7-LeaderElection149] INFO  impl.LeaderElection (LeaderElection.java:askForVotes(178)) - a3132885-145f-4a8c-85f4-c10eb874732d@group-2077DD483DC7-LeaderElection149: begin an election at term 74 for -1: [163587bb-2c3b-4498-b576-18147cf38274:192.168.157.203:33208, a3132885-145f-4a8c-85f4-c10eb874732d:192.168.157.203:46766, 70b633f6-b230-4b9f-87f3-510da88f1e08:192.168.157.203:43163], old=null
2019-10-16 11:35:46,778 [1ee6da7b-5867-4bad-ba0d-a2cfd13fd72a@group-B3673A53AB6F-LeaderElection148] INFO  impl.LeaderElection (LeaderElection.java:logAndReturn(56)) - 1ee6da7b-5867-4bad-ba0d-a2cfd13fd72a@group-B3673A53AB6F-LeaderElection148: Election REJECTED; received 2 response(s) [1ee6da7b-5867-4bad-ba0d-a2cfd13fd72a<-f94c755f-9f95-40b5-85b9-5e712f3f34e7#0:FAIL-t77, 1ee6da7b-5867-4bad-ba0d-a2cfd13fd72a<-4281bf39-36db-462c-8bc9-3c86cb645344#0:FAIL-t77] and 0 exception(s); 1ee6da7b-5867-4bad-ba0d-a2cfd13fd72a@group-B3673A53AB6F:t77, leader=null, voted=1ee6da7b-5867-4bad-ba0d-a2cfd13fd72a, raftlog=1ee6da7b-5867-4bad-ba0d-a2cfd13fd72a@group-B3673A53AB6F-SegmentedRaftLog:OPENED:c-1,f-1,i0, conf=-1: [f94c755f-9f95-40b5-85b9-5e712f3f34e7:192.168.157.203:45275, 1ee6da7b-5867-4bad-ba0d-a2cfd13fd72a:192.168.157.203:35892, 4281bf39-36db-462c-8bc9-3c86cb645344:192.168.157.203:42381], old=null
2019-10-16 11:35:46,778 [1ee6da7b-5867-4bad-ba0d-a2cfd13fd72a@group-B3673A53AB6F-LeaderElection148] INFO  impl.RaftServerImpl (RaftServerImpl.java:setRole(184)) - 1ee6da7b-5867-4bad-ba0d-a2cfd13fd72a@group-B3673A53AB6F: changes role from CANDIDATE to FOLLOWER at term 77 for DISCOVERED_A_NEW_TERM
2019-10-16 11:35:46,778 [1ee6da7b-5867-4bad-ba0d-a2cfd13fd72a@group-B3673A53AB6F-LeaderElection148] INFO  impl.RoleInfo (RoleInfo.java:shutdownLeaderElection(134)) - 1ee6da7b-5867-4bad-ba0d-a2cfd13fd72a: shutdown LeaderElection
2019-10-16 11:35:46,778 [1ee6da7b-5867-4bad-ba0d-a2cfd13fd72a@group-B3673A53AB6F-LeaderElection148] INFO  impl.RoleInfo (RoleInfo.java:updateAndGet(143)) - 1ee6da7b-5867-4bad-ba0d-a2cfd13fd72a: start FollowerState
2019-10-16 11:35:46,779 [grpc-default-executor-0] INFO  impl.RaftServerImpl (RaftServerImpl.java:setRole(184)) - 70b633f6-b230-4b9f-87f3-510da88f1e08@group-2077DD483DC7: changes role from  FOLLOWER to FOLLOWER at term 74 for recognizeCandidate:a3132885-145f-4a8c-85f4-c10eb874732d
2019-10-16 11:35:46,779 [grpc-default-executor-0] INFO  impl.RoleInfo (RoleInfo.java:shutdownFollowerState(121)) - 70b633f6-b230-4b9f-87f3-510da88f1e08: shutdown FollowerState
2019-10-16 11:35:46,779 [grpc-default-executor-4] INFO  impl.RaftServerImpl (RaftServerImpl.java:setRole(184)) - 163587bb-2c3b-4498-b576-18147cf38274@group-2077DD483DC7: changes role from  FOLLOWER to FOLLOWER at term 74 for recognizeCandidate:a3132885-145f-4a8c-85f4-c10eb874732d
2019-10-16 11:35:46,779 [grpc-default-executor-4] INFO  impl.RoleInfo (RoleInfo.java:shutdownFollowerState(121)) - 163587bb-2c3b-4498-b576-18147cf38274: shutdown FollowerState
2019-10-16 11:35:46,779 [grpc-default-executor-0] INFO  impl.RoleInfo (RoleInfo.java:updateAndGet(143)) - 70b633f6-b230-4b9f-87f3-510da88f1e08: start FollowerState
2019-10-16 11:35:46,780 [grpc-default-executor-4] INFO  impl.RoleInfo (RoleInfo.java:updateAndGet(143)) - 163587bb-2c3b-4498-b576-18147cf38274: start FollowerState
2019-10-16 11:35:46,780 [Thread-1343] INFO  impl.FollowerState (FollowerState.java:run(117)) - 70b633f6-b230-4b9f-87f3-510da88f1e08@group-2077DD483DC7-FollowerState was interrupted: java.lang.InterruptedException: sleep interrupted
2019-10-16 11:35:46,780 [Thread-1345] INFO  impl.FollowerState (FollowerState.java:run(117)) - 163587bb-2c3b-4498-b576-18147cf38274@group-2077DD483DC7-FollowerState was interrupted: java.lang.InterruptedException: sleep interrupted
2019-10-16 11:35:46,797 [a3132885-145f-4a8c-85f4-c10eb874732d@group-2077DD483DC7-LeaderElection149] INFO  impl.LeaderElection (LeaderElection.java:logAndReturn(56)) - a3132885-145f-4a8c-85f4-c10eb874732d@group-2077DD483DC7-LeaderElection149: Election REJECTED; received 2 response(s) [a3132885-145f-4a8c-85f4-c10eb874732d<-163587bb-2c3b-4498-b576-18147cf38274#0:FAIL-t74, a3132885-145f-4a8c-85f4-c10eb874732d<-70b633f6-b230-4b9f-87f3-510da88f1e08#0:FAIL-t74] and 0 exception(s); a3132885-145f-4a8c-85f4-c10eb874732d@group-2077DD483DC7:t74, leader=null, voted=a3132885-145f-4a8c-85f4-c10eb874732d, raftlog=a3132885-145f-4a8c-85f4-c10eb874732d@group-2077DD483DC7-SegmentedRaftLog:OPENED:c-1,f-1,i0, conf=-1: [163587bb-2c3b-4498-b576-18147cf38274:192.168.157.203:33208, a3132885-145f-4a8c-85f4-c10eb874732d:192.168.157.203:46766, 70b633f6-b230-4b9f-87f3-510da88f1e08:192.168.157.203:43163], old=null
2019-10-16 11:35:46,797 [a3132885-145f-4a8c-85f4-c10eb874732d@group-2077DD483DC7-LeaderElection149] INFO  impl.RaftServerImpl (RaftServerImpl.java:setRole(184)) - a3132885-145f-4a8c-85f4-c10eb874732d@group-2077DD483DC7: changes role from CANDIDATE to FOLLOWER at term 74 for DISCOVERED_A_NEW_TERM
2019-10-16 11:35:46,798 [a3132885-145f-4a8c-85f4-c10eb874732d@group-2077DD483DC7-LeaderElection149] INFO  impl.RoleInfo (RoleInfo.java:shutdownLeaderElection(134)) - a3132885-145f-4a8c-85f4-c10eb874732d: shutdown LeaderElection
2019-10-16 11:35:46,798 [a3132885-145f-4a8c-85f4-c10eb874732d@group-2077DD483DC7-LeaderElection149] INFO  impl.RoleInfo (RoleInfo.java:updateAndGet(143)) - a3132885-145f-4a8c-85f4-c10eb874732d: start FollowerState
2019-10-16 11:35:46,808 [Thread-1357] INFO  impl.FollowerState (FollowerState.java:run(108)) - 1ee6da7b-5867-4bad-ba0d-a2cfd13fd72a@group-B3673A53AB6F-FollowerState: change to CANDIDATE, lastRpcTime:29ms, electionTimeout:29ms
2019-10-16 11:35:46,808 [Thread-1357] INFO  impl.RoleInfo (RoleInfo.java:shutdownFollowerState(121)) - 1ee6da7b-5867-4bad-ba0d-a2cfd13fd72a: shutdown FollowerState
2019-10-16 11:35:46,808 [Thread-1357] INFO  impl.RaftServerImpl (RaftServerImpl.java:setRole(184)) - 1ee6da7b-5867-4bad-ba0d-a2cfd13fd72a@group-B3673A53AB6F: changes role from  FOLLOWER to CANDIDATE at term 77 for changeToCandidate
2019-10-16 11:35:46,808 [Thread-1357] INFO  impl.RoleInfo (RoleInfo.java:updateAndGet(143)) - 1ee6da7b-5867-4bad-ba0d-a2cfd13fd72a: start LeaderElection
2019-10-16 11:35:46,830 [1ee6da7b-5867-4bad-ba0d-a2cfd13fd72a@group-B3673A53AB6F-LeaderElection150] INFO  impl.LeaderElection (LeaderElection.java:askForVotes(178)) - 1ee6da7b-5867-4bad-ba0d-a2cfd13fd72a@group-B3673A53AB6F-LeaderElection150: begin an election at term 78 for -1: [f94c755f-9f95-40b5-85b9-5e712f3f34e7:192.168.157.203:45275, 1ee6da7b-5867-4bad-ba0d-a2cfd13fd72a:192.168.157.203:35892, 4281bf39-36db-462c-8bc9-3c86cb645344:192.168.157.203:42381], old=null
2019-10-16 11:35:46,832 [grpc-default-executor-4] INFO  impl.RaftServerImpl (RaftServerImpl.java:setRole(184)) - f94c755f-9f95-40b5-85b9-5e712f3f34e7@group-B3673A53AB6F: changes role from  FOLLOWER to FOLLOWER at term 78 for recognizeCandidate:1ee6da7b-5867-4bad-ba0d-a2cfd13fd72a
2019-10-16 11:35:46,832 [grpc-default-executor-4] INFO  impl.RoleInfo (RoleInfo.java:shutdownFollowerState(121)) - f94c755f-9f95-40b5-85b9-5e712f3f34e7: shutdown FollowerState
2019-10-16 11:35:46,832 [grpc-default-executor-0] INFO  impl.RaftServerImpl (RaftServerImpl.java:setRole(184)) - 4281bf39-36db-462c-8bc9-3c86cb645344@group-B3673A53AB6F: changes role from  FOLLOWER to FOLLOWER at term 78 for recognizeCandidate:1ee6da7b-5867-4bad-ba0d-a2cfd13fd72a
2019-10-16 11:35:46,832 [grpc-default-executor-0] INFO  impl.RoleInfo (RoleInfo.java:shutdownFollowerState(121)) - 4281bf39-36db-462c-8bc9-3c86cb645344: shutdown FollowerState
2019-10-16 11:35:46,832 [Thread-1352] INFO  impl.FollowerState (FollowerState.java:run(117)) - f94c755f-9f95-40b5-85b9-5e712f3f34e7@group-B3673A53AB6F-FollowerState was interrupted: java.lang.InterruptedException: sleep interrupted
2019-10-16 11:35:46,832 [grpc-default-executor-4] INFO  impl.RoleInfo (RoleInfo.java:updateAndGet(143)) - f94c755f-9f95-40b5-85b9-5e712f3f34e7: start FollowerState
2019-10-16 11:35:46,832 [Thread-1353] INFO  impl.FollowerState (FollowerState.java:run(117)) - 4281bf39-36db-462c-8bc9-3c86cb645344@group-B3673A53AB6F-FollowerState was interrupted: java.lang.InterruptedException: sleep interrupted
2019-10-16 11:35:46,832 [grpc-default-executor-0] INFO  impl.RoleInfo (RoleInfo.java:updateAndGet(143)) - 4281bf39-36db-462c-8bc9-3c86cb645344: start FollowerState
2019-10-16 11:35:46,848 [1ee6da7b-5867-4bad-ba0d-a2cfd13fd72a@group-B3673A53AB6F-LeaderElection150] INFO  impl.LeaderElection (LeaderElection.java:logAndReturn(56)) - 1ee6da7b-5867-4bad-ba0d-a2cfd13fd72a@group-B3673A53AB6F-LeaderElection150: Election REJECTED; received 2 response(s) [1ee6da7b-5867-4bad-ba0d-a2cfd13fd72a<-f94c755f-9f95-40b5-85b9-5e712f3f34e7#0:FAIL-t78, 1ee6da7b-5867-4bad-ba0d-a2cfd13fd72a<-4281bf39-36db-462c-8bc9-3c86cb645344#0:FAIL-t78] and 0 exception(s); 1ee6da7b-5867-4bad-ba0d-a2cfd13fd72a@group-B3673A53AB6F:t78, leader=null, voted=1ee6da7b-5867-4bad-ba0d-a2cfd13fd72a, raftlog=1ee6da7b-5867-4bad-ba0d-a2cfd13fd72a@group-B3673A53AB6F-SegmentedRaftLog:OPENED:c-1,f-1,i0, conf=-1: [f94c755f-9f95-40b5-85b9-5e712f3f34e7:192.168.157.203:45275, 1ee6da7b-5867-4bad-ba0d-a2cfd13fd72a:192.168.157.203:35892, 4281bf39-36db-462c-8bc9-3c86cb645344:192.168.157.203:42381], old=null
2019-10-16 11:35:46,848 [1ee6da7b-5867-4bad-ba0d-a2cfd13fd72a@group-B3673A53AB6F-LeaderElection150] INFO  impl.RaftServerImpl (RaftServerImpl.java:setRole(184)) - 1ee6da7b-5867-4bad-ba0d-a2cfd13fd72a@group-B3673A53AB6F: changes role from CANDIDATE to FOLLOWER at term 78 for DISCOVERED_A_NEW_TERM
2019-10-16 11:35:46,848 [1ee6da7b-5867-4bad-ba0d-a2cfd13fd72a@group-B3673A53AB6F-LeaderElection150] INFO  impl.RoleInfo (RoleInfo.java:shutdownLeaderElection(134)) - 1ee6da7b-5867-4bad-ba0d-a2cfd13fd72a: shutdown LeaderElection
2019-10-16 11:35:46,848 [1ee6da7b-5867-4bad-ba0d-a2cfd13fd72a@group-B3673A53AB6F-LeaderElection150] INFO  impl.RoleInfo (RoleInfo.java:updateAndGet(143)) - 1ee6da7b-5867-4bad-ba0d-a2cfd13fd72a: start FollowerState
2019-10-16 11:35:46,952 [Thread-1360] INFO  impl.FollowerState (FollowerState.java:run(108)) - a3132885-145f-4a8c-85f4-c10eb874732d@group-2077DD483DC7-FollowerState: change to CANDIDATE, lastRpcTime:154ms, electionTimeout:154ms
2019-10-16 11:35:46,952 [Thread-1360] INFO  impl.RoleInfo (RoleInfo.java:shutdownFollowerState(121)) - a3132885-145f-4a8c-85f4-c10eb874732d: shutdown FollowerState
2019-10-16 11:35:46,952 [Thread-1360] INFO  impl.RaftServerImpl (RaftServerImpl.java:setRole(184)) - a3132885-145f-4a8c-85f4-c10eb874732d@group-2077DD483DC7: changes role from  FOLLOWER to CANDIDATE at term 74 for changeToCandidate
2019-10-16 11:35:46,952 [Thread-1360] INFO  impl.RoleInfo (RoleInfo.java:updateAndGet(143)) - a3132885-145f-4a8c-85f4-c10eb874732d: start LeaderElection
2019-10-16 11:35:46,968 [a3132885-145f-4a8c-85f4-c10eb874732d@group-2077DD483DC7-LeaderElection151] INFO  impl.LeaderElection (LeaderElection.java:askForVotes(178)) - a3132885-145f-4a8c-85f4-c10eb874732d@group-2077DD483DC7-LeaderElection151: begin an election at term 75 for -1: [163587bb-2c3b-4498-b576-18147cf38274:192.168.157.203:33208, a3132885-145f-4a8c-85f4-c10eb874732d:192.168.157.203:46766, 70b633f6-b230-4b9f-87f3-510da88f1e08:192.168.157.203:43163], old=null
2019-10-16 11:35:46,970 [grpc-default-executor-4] INFO  impl.RaftServerImpl (RaftServerImpl.java:setRole(184)) - 163587bb-2c3b-4498-b576-18147cf38274@group-2077DD483DC7: changes role from  FOLLOWER to FOLLOWER at term 75 for recognizeCandidate:a3132885-145f-4a8c-85f4-c10eb874732d
2019-10-16 11:35:46,970 [grpc-default-executor-4] INFO  impl.RoleInfo (RoleInfo.java:shutdownFollowerState(121)) - 163587bb-2c3b-4498-b576-18147cf38274: shutdown FollowerState
2019-10-16 11:35:46,970 [grpc-default-executor-4] INFO  impl.RoleInfo (RoleInfo.java:updateAndGet(143)) - 163587bb-2c3b-4498-b576-18147cf38274: start FollowerState
2019-10-16 11:35:46,970 [Thread-1359] INFO  impl.FollowerState (FollowerState.java:run(117)) - 163587bb-2c3b-4498-b576-18147cf38274@group-2077DD483DC7-FollowerState was interrupted: java.lang.InterruptedException: sleep interrupted
2019-10-16 11:35:46,971 [grpc-default-executor-0] INFO  impl.RaftServerImpl (RaftServerImpl.java:setRole(184)) - 70b633f6-b230-4b9f-87f3-510da88f1e08@group-2077DD483DC7: changes role from  FOLLOWER to FOLLOWER at term 75 for recognizeCandidate:a3132885-145f-4a8c-85f4-c10eb874732d
2019-10-16 11:35:46,971 [grpc-default-executor-0] INFO  impl.RoleInfo (RoleInfo.java:shutdownFollowerState(121)) - 70b633f6-b230-4b9f-87f3-510da88f1e08: shutdown FollowerState
2019-10-16 11:35:46,971 [grpc-default-executor-0] INFO  impl.RoleInfo (RoleInfo.java:updateAndGet(143)) - 70b633f6-b230-4b9f-87f3-510da88f1e08: start FollowerState
2019-10-16 11:35:46,971 [Thread-1358] INFO  impl.FollowerState (FollowerState.java:run(117)) - 70b633f6-b230-4b9f-87f3-510da88f1e08@group-2077DD483DC7-FollowerState was interrupted: java.lang.InterruptedException: sleep interrupted
2019-10-16 11:35:46,984 [a3132885-145f-4a8c-85f4-c10eb874732d@group-2077DD483DC7-LeaderElection151] INFO  impl.LeaderElection (LeaderElection.java:logAndReturn(56)) - a3132885-145f-4a8c-85f4-c10eb874732d@group-2077DD483DC7-LeaderElection151: Election REJECTED; received 2 response(s) [a3132885-145f-4a8c-85f4-c10eb874732d<-163587bb-2c3b-4498-b576-18147cf38274#0:FAIL-t75, a3132885-145f-4a8c-85f4-c10eb874732d<-70b633f6-b230-4b9f-87f3-510da88f1e08#0:FAIL-t75] and 0 exception(s); a3132885-145f-4a8c-85f4-c10eb874732d@group-2077DD483DC7:t75, leader=null, voted=a3132885-145f-4a8c-85f4-c10eb874732d, raftlog=a3132885-145f-4a8c-85f4-c10eb874732d@group-2077DD483DC7-SegmentedRaftLog:OPENED:c-1,f-1,i0, conf=-1: [163587bb-2c3b-4498-b576-18147cf38274:192.168.157.203:33208, a3132885-145f-4a8c-85f4-c10eb874732d:192.168.157.203:46766, 70b633f6-b230-4b9f-87f3-510da88f1e08:192.168.157.203:43163], old=null
2019-10-16 11:35:46,984 [a3132885-145f-4a8c-85f4-c10eb874732d@group-2077DD483DC7-LeaderElection151] INFO  impl.RaftServerImpl (RaftServerImpl.java:setRole(184)) - a3132885-145f-4a8c-85f4-c10eb874732d@group-2077DD483DC7: changes role from CANDIDATE to FOLLOWER at term 75 for DISCOVERED_A_NEW_TERM
2019-10-16 11:35:46,984 [a3132885-145f-4a8c-85f4-c10eb874732d@group-2077DD483DC7-LeaderElection151] INFO  impl.RoleInfo (RoleInfo.java:shutdownLeaderElection(134)) - a3132885-145f-4a8c-85f4-c10eb874732d: shutdown LeaderElection
2019-10-16 11:35:46,984 [a3132885-145f-4a8c-85f4-c10eb874732d@group-2077DD483DC7-LeaderElection151] INFO  impl.RoleInfo (RoleInfo.java:updateAndGet(143)) - a3132885-145f-4a8c-85f4-c10eb874732d: start FollowerState
2019-10-16 11:35:47,026 [Thread-1367] INFO  impl.FollowerState (FollowerState.java:run(108)) - 1ee6da7b-5867-4bad-ba0d-a2cfd13fd72a@group-B3673A53AB6F-FollowerState: change to CANDIDATE, lastRpcTime:177ms, electionTimeout:177ms
2019-10-16 11:35:47,026 [Thread-1367] INFO  impl.RoleInfo (RoleInfo.java:shutdownFollowerState(121)) - 1ee6da7b-5867-4bad-ba0d-a2cfd13fd72a: shutdown FollowerState
2019-10-16 11:35:47,026 [Thread-1367] INFO  impl.RaftServerImpl (RaftServerImpl.java:setRole(184)) - 1ee6da7b-5867-4bad-ba0d-a2cfd13fd72a@group-B3673A53AB6F: changes role from  FOLLOWER to CANDIDATE at term 78 for changeToCandidate
2019-10-16 11:35:47,026 [Thread-1367] INFO  impl.RoleInfo (RoleInfo.java:updateAndGet(143)) - 1ee6da7b-5867-4bad-ba0d-a2cfd13fd72a: start LeaderElection
2019-10-16 11:35:47,030 [1ee6da7b-5867-4bad-ba0d-a2cfd13fd72a@group-B3673A53AB6F-LeaderElection152] INFO  impl.LeaderElection (LeaderElection.java:askForVotes(178)) - 1ee6da7b-5867-4bad-ba0d-a2cfd13fd72a@group-B3673A53AB6F-LeaderElection152: begin an election at term 79 for -1: [f94c755f-9f95-40b5-85b9-5e712f3f34e7:192.168.157.203:45275, 1ee6da7b-5867-4bad-ba0d-a2cfd13fd72a:192.168.157.203:35892, 4281bf39-36db-462c-8bc9-3c86cb645344:192.168.157.203:42381], old=null
2019-10-16 11:35:47,032 [grpc-default-executor-4] INFO  impl.RaftServerImpl (RaftServerImpl.java:setRole(184)) - 4281bf39-36db-462c-8bc9-3c86cb645344@group-B3673A53AB6F: changes role from  FOLLOWER to FOLLOWER at term 79 for recognizeCandidate:1ee6da7b-5867-4bad-ba0d-a2cfd13fd72a
2019-10-16 11:35:47,032 [grpc-default-executor-4] INFO  impl.RoleInfo (RoleInfo.java:shutdownFollowerState(121)) - 4281bf39-36db-462c-8bc9-3c86cb645344: shutdown FollowerState
2019-10-16 11:35:47,032 [grpc-default-executor-0] INFO  impl.RaftServerImpl (RaftServerImpl.java:setRole(184)) - f94c755f-9f95-40b5-85b9-5e712f3f34e7@group-B3673A53AB6F: changes role from  FOLLOWER to FOLLOWER at term 79 for recognizeCandidate:1ee6da7b-5867-4bad-ba0d-a2cfd13fd72a
2019-10-16 11:35:47,032 [Thread-1365] INFO  impl.FollowerState (FollowerState.java:run(117)) - 4281bf39-36db-462c-8bc9-3c86cb645344@group-B3673A53AB6F-FollowerState was interrupted: java.lang.InterruptedException: sleep interrupted
2019-10-16 11:35:47,032 [grpc-default-executor-4] INFO  impl.RoleInfo (RoleInfo.java:updateAndGet(143)) - 4281bf39-36db-462c-8bc9-3c86cb645344: start FollowerState
2019-10-16 11:35:47,032 [grpc-default-executor-0] INFO  impl.RoleInfo (RoleInfo.java:shutdownFollowerState(121)) - f94c755f-9f95-40b5-85b9-5e712f3f34e7: shutdown FollowerState
2019-10-16 11:35:47,033 [grpc-default-executor-0] INFO  impl.RoleInfo (RoleInfo.java:updateAndGet(143)) - f94c755f-9f95-40b5-85b9-5e712f3f34e7: start FollowerState
2019-10-16 11:35:47,033 [Thread-1364] INFO  impl.FollowerState (FollowerState.java:run(117)) - f94c755f-9f95-40b5-85b9-5e712f3f34e7@group-B3673A53AB6F-FollowerState was interrupted: java.lang.InterruptedException: sleep interrupted
2019-10-16 11:35:47,048 [1ee6da7b-5867-4bad-ba0d-a2cfd13fd72a@group-B3673A53AB6F-LeaderElection152] INFO  impl.LeaderElection (LeaderElection.java:logAndReturn(56)) - 1ee6da7b-5867-4bad-ba0d-a2cfd13fd72a@group-B3673A53AB6F-LeaderElection152: Election REJECTED; received 2 response(s) [1ee6da7b-5867-4bad-ba0d-a2cfd13fd72a<-f94c755f-9f95-40b5-85b9-5e712f3f34e7#0:FAIL-t79, 1ee6da7b-5867-4bad-ba0d-a2cfd13fd72a<-4281bf39-36db-462c-8bc9-3c86cb645344#0:FAIL-t79] and 0 exception(s); 1ee6da7b-5867-4bad-ba0d-a2cfd13fd72a@group-B3673A53AB6F:t79, leader=null, voted=1ee6da7b-5867-4bad-ba0d-a2cfd13fd72a, raftlog=1ee6da7b-5867-4bad-ba0d-a2cfd13fd72a@group-B3673A53AB6F-SegmentedRaftLog:OPENED:c-1,f-1,i0, conf=-1: [f94c755f-9f95-40b5-85b9-5e712f3f34e7:192.168.157.203:45275, 1ee6da7b-5867-4bad-ba0d-a2cfd13fd72a:192.168.157.203:35892, 4281bf39-36db-462c-8bc9-3c86cb645344:192.168.157.203:42381], old=null
2019-10-16 11:35:47,048 [1ee6da7b-5867-4bad-ba0d-a2cfd13fd72a@group-B3673A53AB6F-LeaderElection152] INFO  impl.RaftServerImpl (RaftServerImpl.java:setRole(184)) - 1ee6da7b-5867-4bad-ba0d-a2cfd13fd72a@group-B3673A53AB6F: changes role from CANDIDATE to FOLLOWER at term 79 for DISCOVERED_A_NEW_TERM
2019-10-16 11:35:47,048 [1ee6da7b-5867-4bad-ba0d-a2cfd13fd72a@group-B3673A53AB6F-LeaderElection152] INFO  impl.RoleInfo (RoleInfo.java:shutdownLeaderElection(134)) - 1ee6da7b-5867-4bad-ba0d-a2cfd13fd72a: shutdown LeaderElection
2019-10-16 11:35:47,048 [1ee6da7b-5867-4bad-ba0d-a2cfd13fd72a@group-B3673A53AB6F-LeaderElection152] INFO  impl.RoleInfo (RoleInfo.java:updateAndGet(143)) - 1ee6da7b-5867-4bad-ba0d-a2cfd13fd72a: start FollowerState
2019-10-16 11:35:47,152 [Thread-1374] INFO  impl.FollowerState (FollowerState.java:run(108)) - a3132885-145f-4a8c-85f4-c10eb874732d@group-2077DD483DC7-FollowerState: change to CANDIDATE, lastRpcTime:167ms, electionTimeout:167ms
2019-10-16 11:35:47,152 [Thread-1374] INFO  impl.RoleInfo (RoleInfo.java:shutdownFollowerState(121)) - a3132885-145f-4a8c-85f4-c10eb874732d: shutdown FollowerState
2019-10-16 11:35:47,152 [Thread-1374] INFO  impl.RaftServerImpl (RaftServerImpl.java:setRole(184)) - a3132885-145f-4a8c-85f4-c10eb874732d@group-2077DD483DC7: changes role from  FOLLOWER to CANDIDATE at term 75 for changeToCandidate
2019-10-16 11:35:47,152 [Thread-1374] INFO  impl.RoleInfo (RoleInfo.java:updateAndGet(143)) - a3132885-145f-4a8c-85f4-c10eb874732d: start LeaderElection
2019-10-16 11:35:47,158 [Thread-1380] INFO  impl.FollowerState (FollowerState.java:run(108)) - 1ee6da7b-5867-4bad-ba0d-a2cfd13fd72a@group-B3673A53AB6F-FollowerState: change to CANDIDATE, lastRpcTime:110ms, electionTimeout:110ms
2019-10-16 11:35:47,159 [Thread-1380] INFO  impl.RoleInfo (RoleInfo.java:shutdownFollowerState(121)) - 1ee6da7b-5867-4bad-ba0d-a2cfd13fd72a: shutdown FollowerState
2019-10-16 11:35:47,159 [Thread-1380] INFO  impl.RaftServerImpl (RaftServerImpl.java:setRole(184)) - 1ee6da7b-5867-4bad-ba0d-a2cfd13fd72a@group-B3673A53AB6F: changes role from  FOLLOWER to CANDIDATE at term 79 for changeToCandidate
2019-10-16 11:35:47,159 [Thread-1380] INFO  impl.RoleInfo (RoleInfo.java:updateAndGet(143)) - 1ee6da7b-5867-4bad-ba0d-a2cfd13fd72a: start LeaderElection
2019-10-16 11:35:47,166 [a3132885-145f-4a8c-85f4-c10eb874732d@group-2077DD483DC7-LeaderElection153] INFO  impl.LeaderElection (LeaderElection.java:askForVotes(178)) - a3132885-145f-4a8c-85f4-c10eb874732d@group-2077DD483DC7-LeaderElection153: begin an election at term 76 for -1: [163587bb-2c3b-4498-b576-18147cf38274:192.168.157.203:33208, a3132885-145f-4a8c-85f4-c10eb874732d:192.168.157.203:46766, 70b633f6-b230-4b9f-87f3-510da88f1e08:192.168.157.203:43163], old=null
2019-10-16 11:35:47,166 [1ee6da7b-5867-4bad-ba0d-a2cfd13fd72a@group-B3673A53AB6F-LeaderElection154] INFO  impl.LeaderElection (LeaderElection.java:askForVotes(178)) - 1ee6da7b-5867-4bad-ba0d-a2cfd13fd72a@group-B3673A53AB6F-LeaderElection154: begin an election at term 80 for -1: [f94c755f-9f95-40b5-85b9-5e712f3f34e7:192.168.157.203:45275, 1ee6da7b-5867-4bad-ba0d-a2cfd13fd72a:192.168.157.203:35892, 4281bf39-36db-462c-8bc9-3c86cb645344:192.168.157.203:42381], old=null
2019-10-16 11:35:47,168 [grpc-default-executor-4] INFO  impl.RaftServerImpl (RaftServerImpl.java:setRole(184)) - f94c755f-9f95-40b5-85b9-5e712f3f34e7@group-B3673A53AB6F: changes role from  FOLLOWER to FOLLOWER at term 80 for recognizeCandidate:1ee6da7b-5867-4bad-ba0d-a2cfd13fd72a
2019-10-16 11:35:47,168 [grpc-default-executor-4] INFO  impl.RoleInfo (RoleInfo.java:shutdownFollowerState(121)) - f94c755f-9f95-40b5-85b9-5e712f3f34e7: shutdown FollowerState
2019-10-16 11:35:47,168 [grpc-default-executor-5] INFO  impl.RaftServerImpl (RaftServerImpl.java:setRole(184)) - 4281bf39-36db-462c-8bc9-3c86cb645344@group-B3673A53AB6F: changes role from  FOLLOWER to FOLLOWER at term 80 for recognizeCandidate:1ee6da7b-5867-4bad-ba0d-a2cfd13fd72a
2019-10-16 11:35:47,168 [Thread-1379] INFO  impl.FollowerState (FollowerState.java:run(117)) - f94c755f-9f95-40b5-85b9-5e712f3f34e7@group-B3673A53AB6F-FollowerState was interrupted: java.lang.InterruptedException: sleep interrupted
2019-10-16 11:35:47,168 [grpc-default-executor-4] INFO  impl.RoleInfo (RoleInfo.java:updateAndGet(143)) - f94c755f-9f95-40b5-85b9-5e712f3f34e7: start FollowerState
2019-10-16 11:35:47,168 [grpc-default-executor-0] INFO  impl.RaftServerImpl (RaftServerImpl.java:setRole(184)) - 70b633f6-b230-4b9f-87f3-510da88f1e08@group-2077DD483DC7: changes role from  FOLLOWER to FOLLOWER at term 76 for recognizeCandidate:a3132885-145f-4a8c-85f4-c10eb874732d
2019-10-16 11:35:47,168 [grpc-default-executor-0] INFO  impl.RoleInfo (RoleInfo.java:shutdownFollowerState(121)) - 70b633f6-b230-4b9f-87f3-510da88f1e08: shutdown FollowerState
2019-10-16 11:35:47,168 [grpc-default-executor-1] INFO  impl.RaftServerImpl (RaftServerImpl.java:setRole(184)) - 163587bb-2c3b-4498-b576-18147cf38274@group-2077DD483DC7: changes role from  FOLLOWER to FOLLOWER at term 76 for recognizeCandidate:a3132885-145f-4a8c-85f4-c10eb874732d
2019-10-16 11:35:47,168 [grpc-default-executor-5] INFO  impl.RoleInfo (RoleInfo.java:shutdownFollowerState(121)) - 4281bf39-36db-462c-8bc9-3c86cb645344: shutdown FollowerState
2019-10-16 11:35:47,169 [grpc-default-executor-1] INFO  impl.RoleInfo (RoleInfo.java:shutdownFollowerState(121)) - 163587bb-2c3b-4498-b576-18147cf38274: shutdown FollowerState
2019-10-16 11:35:47,169 [Thread-1378] INFO  impl.FollowerState (FollowerState.java:run(117)) - 4281bf39-36db-462c-8bc9-3c86cb645344@group-B3673A53AB6F-FollowerState was interrupted: java.lang.InterruptedException: sleep interrupted
2019-10-16 11:35:47,169 [Thread-1372] INFO  impl.FollowerState (FollowerState.java:run(117)) - 163587bb-2c3b-4498-b576-18147cf38274@group-2077DD483DC7-FollowerState was interrupted: java.lang.InterruptedException: sleep interrupted
2019-10-16 11:35:47,169 [Thread-1373] INFO  impl.FollowerState (FollowerState.java:run(117)) - 70b633f6-b230-4b9f-87f3-510da88f1e08@group-2077DD483DC7-FollowerState was interrupted: java.lang.InterruptedException: sleep interrupted
2019-10-16 11:35:47,169 [grpc-default-executor-0] INFO  impl.RoleInfo (RoleInfo.java:updateAndGet(143)) - 70b633f6-b230-4b9f-87f3-510da88f1e08: start FollowerState
2019-10-16 11:35:47,169 [grpc-default-executor-1] INFO  impl.RoleInfo (RoleInfo.java:updateAndGet(143)) - 163587bb-2c3b-4498-b576-18147cf38274: start FollowerState
2019-10-16 11:35:47,169 [grpc-default-executor-5] INFO  impl.RoleInfo (RoleInfo.java:updateAndGet(143)) - 4281bf39-36db-462c-8bc9-3c86cb645344: start FollowerState
2019-10-16 11:35:47,180 [1ee6da7b-5867-4bad-ba0d-a2cfd13fd72a@group-B3673A53AB6F-LeaderElection154] INFO  impl.LeaderElection (LeaderElection.java:logAndReturn(56)) - 1ee6da7b-5867-4bad-ba0d-a2cfd13fd72a@group-B3673A53AB6F-LeaderElection154: Election REJECTED; received 2 response(s) [1ee6da7b-5867-4bad-ba0d-a2cfd13fd72a<-f94c755f-9f95-40b5-85b9-5e712f3f34e7#0:FAIL-t80, 1ee6da7b-5867-4bad-ba0d-a2cfd13fd72a<-4281bf39-36db-462c-8bc9-3c86cb645344#0:FAIL-t80] and 0 exception(s); 1ee6da7b-5867-4bad-ba0d-a2cfd13fd72a@group-B3673A53AB6F:t80, leader=null, voted=1ee6da7b-5867-4bad-ba0d-a2cfd13fd72a, raftlog=1ee6da7b-5867-4bad-ba0d-a2cfd13fd72a@group-B3673A53AB6F-SegmentedRaftLog:OPENED:c-1,f-1,i0, conf=-1: [f94c755f-9f95-40b5-85b9-5e712f3f34e7:192.168.157.203:45275, 1ee6da7b-5867-4bad-ba0d-a2cfd13fd72a:192.168.157.203:35892, 4281bf39-36db-462c-8bc9-3c86cb645344:192.168.157.203:42381], old=null
2019-10-16 11:35:47,180 [1ee6da7b-5867-4bad-ba0d-a2cfd13fd72a@group-B3673A53AB6F-LeaderElection154] INFO  impl.RaftServerImpl (RaftServerImpl.java:setRole(184)) - 1ee6da7b-5867-4bad-ba0d-a2cfd13fd72a@group-B3673A53AB6F: changes role from CANDIDATE to FOLLOWER at term 80 for DISCOVERED_A_NEW_TERM
2019-10-16 11:35:47,180 [1ee6da7b-5867-4bad-ba0d-a2cfd13fd72a@group-B3673A53AB6F-LeaderElection154] INFO  impl.RoleInfo (RoleInfo.java:shutdownLeaderElection(134)) - 1ee6da7b-5867-4bad-ba0d-a2cfd13fd72a: shutdown LeaderElection
2019-10-16 11:35:47,181 [1ee6da7b-5867-4bad-ba0d-a2cfd13fd72a@group-B3673A53AB6F-LeaderElection154] INFO  impl.RoleInfo (RoleInfo.java:updateAndGet(143)) - 1ee6da7b-5867-4bad-ba0d-a2cfd13fd72a: start FollowerState
2019-10-16 11:35:47,183 [a3132885-145f-4a8c-85f4-c10eb874732d@group-2077DD483DC7-LeaderElection153] INFO  impl.LeaderElection (LeaderElection.java:logAndReturn(56)) - a3132885-145f-4a8c-85f4-c10eb874732d@group-2077DD483DC7-LeaderElection153: Election REJECTED; received 2 response(s) [a3132885-145f-4a8c-85f4-c10eb874732d<-163587bb-2c3b-4498-b576-18147cf38274#0:FAIL-t76, a3132885-145f-4a8c-85f4-c10eb874732d<-70b633f6-b230-4b9f-87f3-510da88f1e08#0:FAIL-t76] and 0 exception(s); a3132885-145f-4a8c-85f4-c10eb874732d@group-2077DD483DC7:t76, leader=null, voted=a3132885-145f-4a8c-85f4-c10eb874732d, raftlog=a3132885-145f-4a8c-85f4-c10eb874732d@group-2077DD483DC7-SegmentedRaftLog:OPENED:c-1,f-1,i0, conf=-1: [163587bb-2c3b-4498-b576-18147cf38274:192.168.157.203:33208, a3132885-145f-4a8c-85f4-c10eb874732d:192.168.157.203:46766, 70b633f6-b230-4b9f-87f3-510da88f1e08:192.168.157.203:43163], old=null
2019-10-16 11:35:47,183 [a3132885-145f-4a8c-85f4-c10eb874732d@group-2077DD483DC7-LeaderElection153] INFO  impl.RaftServerImpl (RaftServerImpl.java:setRole(184)) - a3132885-145f-4a8c-85f4-c10eb874732d@group-2077DD483DC7: changes role from CANDIDATE to FOLLOWER at term 76 for DISCOVERED_A_NEW_TERM
2019-10-16 11:35:47,184 [a3132885-145f-4a8c-85f4-c10eb874732d@group-2077DD483DC7-LeaderElection153] INFO  impl.RoleInfo (RoleInfo.java:shutdownLeaderElection(134)) - a3132885-145f-4a8c-85f4-c10eb874732d: shutdown LeaderElection
2019-10-16 11:35:47,184 [a3132885-145f-4a8c-85f4-c10eb874732d@group-2077DD483DC7-LeaderElection153] INFO  impl.RoleInfo (RoleInfo.java:updateAndGet(143)) - a3132885-145f-4a8c-85f4-c10eb874732d: start FollowerState
2019-10-16 11:35:47,285 [Thread-1391] INFO  impl.FollowerState (FollowerState.java:run(108)) - 1ee6da7b-5867-4bad-ba0d-a2cfd13fd72a@group-B3673A53AB6F-FollowerState: change to CANDIDATE, lastRpcTime:104ms, electionTimeout:104ms
2019-10-16 11:35:47,285 [Thread-1391] INFO  impl.RoleInfo (RoleInfo.java:shutdownFollowerState(121)) - 1ee6da7b-5867-4bad-ba0d-a2cfd13fd72a: shutdown FollowerState
2019-10-16 11:35:47,285 [Thread-1391] INFO  impl.RaftServerImpl (RaftServerImpl.java:setRole(184)) - 1ee6da7b-5867-4bad-ba0d-a2cfd13fd72a@group-B3673A53AB6F: changes role from  FOLLOWER to CANDIDATE at term 80 for changeToCandidate
2019-10-16 11:35:47,285 [Thread-1391] INFO  impl.RoleInfo (RoleInfo.java:updateAndGet(143)) - 1ee6da7b-5867-4bad-ba0d-a2cfd13fd72a: start LeaderElection
2019-10-16 11:35:47,291 [1ee6da7b-5867-4bad-ba0d-a2cfd13fd72a@group-B3673A53AB6F-LeaderElection155] INFO  impl.LeaderElection (LeaderElection.java:askForVotes(178)) - 1ee6da7b-5867-4bad-ba0d-a2cfd13fd72a@group-B3673A53AB6F-LeaderElection155: begin an election at term 81 for -1: [f94c755f-9f95-40b5-85b9-5e712f3f34e7:192.168.157.203:45275, 1ee6da7b-5867-4bad-ba0d-a2cfd13fd72a:192.168.157.203:35892, 4281bf39-36db-462c-8bc9-3c86cb645344:192.168.157.203:42381], old=null
2019-10-16 11:35:47,293 [grpc-default-executor-5] INFO  impl.RaftServerImpl (RaftServerImpl.java:setRole(184)) - 4281bf39-36db-462c-8bc9-3c86cb645344@group-B3673A53AB6F: changes role from  FOLLOWER to FOLLOWER at term 81 for recognizeCandidate:1ee6da7b-5867-4bad-ba0d-a2cfd13fd72a
2019-10-16 11:35:47,293 [grpc-default-executor-0] INFO  impl.RaftServerImpl (RaftServerImpl.java:setRole(184)) - f94c755f-9f95-40b5-85b9-5e712f3f34e7@group-B3673A53AB6F: changes role from  FOLLOWER to FOLLOWER at term 81 for recognizeCandidate:1ee6da7b-5867-4bad-ba0d-a2cfd13fd72a
2019-10-16 11:35:47,293 [grpc-default-executor-0] INFO  impl.RoleInfo (RoleInfo.java:shutdownFollowerState(121)) - f94c755f-9f95-40b5-85b9-5e712f3f34e7: shutdown FollowerState
2019-10-16 11:35:47,293 [grpc-default-executor-5] INFO  impl.RoleInfo (RoleInfo.java:shutdownFollowerState(121)) - 4281bf39-36db-462c-8bc9-3c86cb645344: shutdown FollowerState
2019-10-16 11:35:47,294 [grpc-default-executor-0] INFO  impl.RoleInfo (RoleInfo.java:updateAndGet(143)) - f94c755f-9f95-40b5-85b9-5e712f3f34e7: start FollowerState
2019-10-16 11:35:47,294 [grpc-default-executor-5] INFO  impl.RoleInfo (RoleInfo.java:updateAndGet(143)) - 4281bf39-36db-462c-8bc9-3c86cb645344: start FollowerState
2019-10-16 11:35:47,294 [Thread-1387] INFO  impl.FollowerState (FollowerState.java:run(117)) - f94c755f-9f95-40b5-85b9-5e712f3f34e7@group-B3673A53AB6F-FollowerState was interrupted: java.lang.InterruptedException: sleep interrupted
2019-10-16 11:35:47,294 [Thread-1389] INFO  impl.FollowerState (FollowerState.java:run(117)) - 4281bf39-36db-462c-8bc9-3c86cb645344@group-B3673A53AB6F-FollowerState was interrupted: java.lang.InterruptedException: sleep interrupted
2019-10-16 11:35:47,312 [1ee6da7b-5867-4bad-ba0d-a2cfd13fd72a@group-B3673A53AB6F-LeaderElection155] INFO  impl.LeaderElection (LeaderElection.java:logAndReturn(56)) - 1ee6da7b-5867-4bad-ba0d-a2cfd13fd72a@group-B3673A53AB6F-LeaderElection155: Election REJECTED; received 2 response(s) [1ee6da7b-5867-4bad-ba0d-a2cfd13fd72a<-f94c755f-9f95-40b5-85b9-5e712f3f34e7#0:FAIL-t81, 1ee6da7b-5867-4bad-ba0d-a2cfd13fd72a<-4281bf39-36db-462c-8bc9-3c86cb645344#0:FAIL-t81] and 0 exception(s); 1ee6da7b-5867-4bad-ba0d-a2cfd13fd72a@group-B3673A53AB6F:t81, leader=null, voted=1ee6da7b-5867-4bad-ba0d-a2cfd13fd72a, raftlog=1ee6da7b-5867-4bad-ba0d-a2cfd13fd72a@group-B3673A53AB6F-SegmentedRaftLog:OPENED:c-1,f-1,i0, conf=-1: [f94c755f-9f95-40b5-85b9-5e712f3f34e7:192.168.157.203:45275, 1ee6da7b-5867-4bad-ba0d-a2cfd13fd72a:192.168.157.203:35892, 4281bf39-36db-462c-8bc9-3c86cb645344:192.168.157.203:42381], old=null
2019-10-16 11:35:47,312 [1ee6da7b-5867-4bad-ba0d-a2cfd13fd72a@group-B3673A53AB6F-LeaderElection155] INFO  impl.RaftServerImpl (RaftServerImpl.java:setRole(184)) - 1ee6da7b-5867-4bad-ba0d-a2cfd13fd72a@group-B3673A53AB6F: changes role from CANDIDATE to FOLLOWER at term 81 for DISCOVERED_A_NEW_TERM
2019-10-16 11:35:47,312 [1ee6da7b-5867-4bad-ba0d-a2cfd13fd72a@group-B3673A53AB6F-LeaderElection155] INFO  impl.RoleInfo (RoleInfo.java:shutdownLeaderElection(134)) - 1ee6da7b-5867-4bad-ba0d-a2cfd13fd72a: shutdown LeaderElection
2019-10-16 11:35:47,312 [1ee6da7b-5867-4bad-ba0d-a2cfd13fd72a@group-B3673A53AB6F-LeaderElection155] INFO  impl.RoleInfo (RoleInfo.java:updateAndGet(143)) - 1ee6da7b-5867-4bad-ba0d-a2cfd13fd72a: start FollowerState
2019-10-16 11:35:47,315 [Thread-1392] INFO  impl.FollowerState (FollowerState.java:run(108)) - a3132885-145f-4a8c-85f4-c10eb874732d@group-2077DD483DC7-FollowerState: change to CANDIDATE, lastRpcTime:131ms, electionTimeout:131ms
2019-10-16 11:35:47,315 [Thread-1392] INFO  impl.RoleInfo (RoleInfo.java:shutdownFollowerState(121)) - a3132885-145f-4a8c-85f4-c10eb874732d: shutdown FollowerState
2019-10-16 11:35:47,315 [Thread-1392] INFO  impl.RaftServerImpl (RaftServerImpl.java:setRole(184)) - a3132885-145f-4a8c-85f4-c10eb874732d@group-2077DD483DC7: changes role from  FOLLOWER to CANDIDATE at term 76 for changeToCandidate
2019-10-16 11:35:47,315 [Thread-1392] INFO  impl.RoleInfo (RoleInfo.java:updateAndGet(143)) - a3132885-145f-4a8c-85f4-c10eb874732d: start LeaderElection
2019-10-16 11:35:47,331 [a3132885-145f-4a8c-85f4-c10eb874732d@group-2077DD483DC7-LeaderElection156] INFO  impl.LeaderElection (LeaderElection.java:askForVotes(178)) - a3132885-145f-4a8c-85f4-c10eb874732d@group-2077DD483DC7-LeaderElection156: begin an election at term 77 for -1: [163587bb-2c3b-4498-b576-18147cf38274:192.168.157.203:33208, a3132885-145f-4a8c-85f4-c10eb874732d:192.168.157.203:46766, 70b633f6-b230-4b9f-87f3-510da88f1e08:192.168.157.203:43163], old=null
2019-10-16 11:35:47,333 [grpc-default-executor-5] INFO  impl.RaftServerImpl (RaftServerImpl.java:setRole(184)) - 163587bb-2c3b-4498-b576-18147cf38274@group-2077DD483DC7: changes role from  FOLLOWER to FOLLOWER at term 77 for recognizeCandidate:a3132885-145f-4a8c-85f4-c10eb874732d
2019-10-16 11:35:47,333 [grpc-default-executor-5] INFO  impl.RoleInfo (RoleInfo.java:shutdownFollowerState(121)) - 163587bb-2c3b-4498-b576-18147cf38274: shutdown FollowerState
2019-10-16 11:35:47,333 [grpc-default-executor-0] INFO  impl.RaftServerImpl (RaftServerImpl.java:setRole(184)) - 70b633f6-b230-4b9f-87f3-510da88f1e08@group-2077DD483DC7: changes role from  FOLLOWER to FOLLOWER at term 77 for recognizeCandidate:a3132885-145f-4a8c-85f4-c10eb874732d
2019-10-16 11:35:47,333 [Thread-1390] INFO  impl.FollowerState (FollowerState.java:run(117)) - 163587bb-2c3b-4498-b576-18147cf38274@group-2077DD483DC7-FollowerState was interrupted: java.lang.InterruptedException: sleep interrupted
2019-10-16 11:35:47,333 [grpc-default-executor-5] INFO  impl.RoleInfo (RoleInfo.java:updateAndGet(143)) - 163587bb-2c3b-4498-b576-18147cf38274: start FollowerState
2019-10-16 11:35:47,333 [grpc-default-executor-0] INFO  impl.RoleInfo (RoleInfo.java:shutdownFollowerState(121)) - 70b633f6-b230-4b9f-87f3-510da88f1e08: shutdown FollowerState
2019-10-16 11:35:47,333 [grpc-default-executor-0] INFO  impl.RoleInfo (RoleInfo.java:updateAndGet(143)) - 70b633f6-b230-4b9f-87f3-510da88f1e08: start FollowerState
2019-10-16 11:35:47,333 [Thread-1388] INFO  impl.FollowerState (FollowerState.java:run(117)) - 70b633f6-b230-4b9f-87f3-510da88f1e08@group-2077DD483DC7-FollowerState was interrupted: java.lang.InterruptedException: sleep interrupted
2019-10-16 11:35:47,338 [a3132885-145f-4a8c-85f4-c10eb874732d@group-2077DD483DC7-LeaderElection156] INFO  impl.LeaderElection (LeaderElection.java:logAndReturn(56)) - a3132885-145f-4a8c-85f4-c10eb874732d@group-2077DD483DC7-LeaderElection156: Election REJECTED; received 2 response(s) [a3132885-145f-4a8c-85f4-c10eb874732d<-163587bb-2c3b-4498-b576-18147cf38274#0:FAIL-t77, a3132885-145f-4a8c-85f4-c10eb874732d<-70b633f6-b230-4b9f-87f3-510da88f1e08#0:FAIL-t77] and 0 exception(s); a3132885-145f-4a8c-85f4-c10eb874732d@group-2077DD483DC7:t77, leader=null, voted=a3132885-145f-4a8c-85f4-c10eb874732d, raftlog=a3132885-145f-4a8c-85f4-c10eb874732d@group-2077DD483DC7-SegmentedRaftLog:OPENED:c-1,f-1,i0, conf=-1: [163587bb-2c3b-4498-b576-18147cf38274:192.168.157.203:33208, a3132885-145f-4a8c-85f4-c10eb874732d:192.168.157.203:46766, 70b633f6-b230-4b9f-87f3-510da88f1e08:192.168.157.203:43163], old=null
2019-10-16 11:35:47,338 [a3132885-145f-4a8c-85f4-c10eb874732d@group-2077DD483DC7-LeaderElection156] INFO  impl.RaftServerImpl (RaftServerImpl.java:setRole(184)) - a3132885-145f-4a8c-85f4-c10eb874732d@group-2077DD483DC7: changes role from CANDIDATE to FOLLOWER at term 77 for DISCOVERED_A_NEW_TERM
2019-10-16 11:35:47,338 [a3132885-145f-4a8c-85f4-c10eb874732d@group-2077DD483DC7-LeaderElection156] INFO  impl.RoleInfo (RoleInfo.java:shutdownLeaderElection(134)) - a3132885-145f-4a8c-85f4-c10eb874732d: shutdown LeaderElection
2019-10-16 11:35:47,338 [a3132885-145f-4a8c-85f4-c10eb874732d@group-2077DD483DC7-LeaderElection156] INFO  impl.RoleInfo (RoleInfo.java:updateAndGet(143)) - a3132885-145f-4a8c-85f4-c10eb874732d: start FollowerState
2019-10-16 11:35:47,462 [Thread-1398] INFO  impl.FollowerState (FollowerState.java:run(108)) - 1ee6da7b-5867-4bad-ba0d-a2cfd13fd72a@group-B3673A53AB6F-FollowerState: change to CANDIDATE, lastRpcTime:150ms, electionTimeout:150ms
2019-10-16 11:35:47,463 [Thread-1398] INFO  impl.RoleInfo (RoleInfo.java:shutdownFollowerState(121)) - 1ee6da7b-5867-4bad-ba0d-a2cfd13fd72a: shutdown FollowerState
2019-10-16 11:35:47,463 [Thread-1398] INFO  impl.RaftServerImpl (RaftServerImpl.java:setRole(184)) - 1ee6da7b-5867-4bad-ba0d-a2cfd13fd72a@group-B3673A53AB6F: changes role from  FOLLOWER to CANDIDATE at term 81 for changeToCandidate
2019-10-16 11:35:47,482 [Thread-1398] INFO  impl.RoleInfo (RoleInfo.java:updateAndGet(143)) - 1ee6da7b-5867-4bad-ba0d-a2cfd13fd72a: start LeaderElection
2019-10-16 11:35:47,497 [Thread-1404] INFO  impl.FollowerState (FollowerState.java:run(108)) - a3132885-145f-4a8c-85f4-c10eb874732d@group-2077DD483DC7-FollowerState: change to CANDIDATE, lastRpcTime:158ms, electionTimeout:158ms
2019-10-16 11:35:47,497 [Thread-1404] INFO  impl.RoleInfo (RoleInfo.java:shutdownFollowerState(121)) - a3132885-145f-4a8c-85f4-c10eb874732d: shutdown FollowerState
2019-10-16 11:35:47,497 [Thread-1404] INFO  impl.RaftServerImpl (RaftServerImpl.java:setRole(184)) - a3132885-145f-4a8c-85f4-c10eb874732d@group-2077DD483DC7: changes role from  FOLLOWER to CANDIDATE at term 77 for changeToCandidate
2019-10-16 11:35:47,502 [1ee6da7b-5867-4bad-ba0d-a2cfd13fd72a@group-B3673A53AB6F-LeaderElection157] INFO  impl.LeaderElection (LeaderElection.java:askForVotes(178)) - 1ee6da7b-5867-4bad-ba0d-a2cfd13fd72a@group-B3673A53AB6F-LeaderElection157: begin an election at term 82 for -1: [f94c755f-9f95-40b5-85b9-5e712f3f34e7:192.168.157.203:45275, 1ee6da7b-5867-4bad-ba0d-a2cfd13fd72a:192.168.157.203:35892, 4281bf39-36db-462c-8bc9-3c86cb645344:192.168.157.203:42381], old=null
2019-10-16 11:35:47,514 [Thread-1404] INFO  impl.RoleInfo (RoleInfo.java:updateAndGet(143)) - a3132885-145f-4a8c-85f4-c10eb874732d: start LeaderElection
2019-10-16 11:35:47,515 [grpc-default-executor-5] INFO  impl.RaftServerImpl (RaftServerImpl.java:setRole(184)) - f94c755f-9f95-40b5-85b9-5e712f3f34e7@group-B3673A53AB6F: changes role from  FOLLOWER to FOLLOWER at term 82 for recognizeCandidate:1ee6da7b-5867-4bad-ba0d-a2cfd13fd72a
2019-10-16 11:35:47,516 [grpc-default-executor-0] INFO  impl.RaftServerImpl (RaftServerImpl.java:setRole(184)) - 4281bf39-36db-462c-8bc9-3c86cb645344@group-B3673A53AB6F: changes role from  FOLLOWER to FOLLOWER at term 82 for recognizeCandidate:1ee6da7b-5867-4bad-ba0d-a2cfd13fd72a
2019-10-16 11:35:47,516 [grpc-default-executor-5] INFO  impl.RoleInfo (RoleInfo.java:shutdownFollowerState(121)) - f94c755f-9f95-40b5-85b9-5e712f3f34e7: shutdown FollowerState
2019-10-16 11:35:47,516 [grpc-default-executor-0] INFO  impl.RoleInfo (RoleInfo.java:shutdownFollowerState(121)) - 4281bf39-36db-462c-8bc9-3c86cb645344: shutdown FollowerState
2019-10-16 11:35:47,516 [Thread-1396] INFO  impl.FollowerState (FollowerState.java:run(117)) - f94c755f-9f95-40b5-85b9-5e712f3f34e7@group-B3673A53AB6F-FollowerState was interrupted: java.lang.InterruptedException: sleep interrupted
2019-10-16 11:35:47,516 [Thread-1397] INFO  impl.FollowerState (FollowerState.java:run(117)) - 4281bf39-36db-462c-8bc9-3c86cb645344@group-B3673A53AB6F-FollowerState was interrupted: java.lang.InterruptedException: sleep interrupted
2019-10-16 11:35:47,516 [grpc-default-executor-5] INFO  impl.RoleInfo (RoleInfo.java:updateAndGet(143)) - f94c755f-9f95-40b5-85b9-5e712f3f34e7: start FollowerState
2019-10-16 11:35:47,516 [grpc-default-executor-0] INFO  impl.RoleInfo (RoleInfo.java:updateAndGet(143)) - 4281bf39-36db-462c-8bc9-3c86cb645344: start FollowerState
2019-10-16 11:35:47,519 [a3132885-145f-4a8c-85f4-c10eb874732d@group-2077DD483DC7-LeaderElection158] INFO  impl.LeaderElection (LeaderElection.java:askForVotes(178)) - a3132885-145f-4a8c-85f4-c10eb874732d@group-2077DD483DC7-LeaderElection158: begin an election at term 78 for -1: [163587bb-2c3b-4498-b576-18147cf38274:192.168.157.203:33208, a3132885-145f-4a8c-85f4-c10eb874732d:192.168.157.203:46766, 70b633f6-b230-4b9f-87f3-510da88f1e08:192.168.157.203:43163], old=null
2019-10-16 11:35:47,538 [grpc-default-executor-1] INFO  impl.RaftServerImpl (RaftServerImpl.java:setRole(184)) - 163587bb-2c3b-4498-b576-18147cf38274@group-2077DD483DC7: changes role from  FOLLOWER to FOLLOWER at term 78 for recognizeCandidate:a3132885-145f-4a8c-85f4-c10eb874732d
2019-10-16 11:35:47,538 [grpc-default-executor-1] INFO  impl.RoleInfo (RoleInfo.java:shutdownFollowerState(121)) - 163587bb-2c3b-4498-b576-18147cf38274: shutdown FollowerState
2019-10-16 11:35:47,539 [grpc-default-executor-1] INFO  impl.RoleInfo (RoleInfo.java:updateAndGet(143)) - 163587bb-2c3b-4498-b576-18147cf38274: start FollowerState
2019-10-16 11:35:47,539 [grpc-default-executor-4] INFO  impl.RaftServerImpl (RaftServerImpl.java:setRole(184)) - 70b633f6-b230-4b9f-87f3-510da88f1e08@group-2077DD483DC7: changes role from  FOLLOWER to FOLLOWER at term 78 for recognizeCandidate:a3132885-145f-4a8c-85f4-c10eb874732d
2019-10-16 11:35:47,539 [Thread-1402] INFO  impl.FollowerState (FollowerState.java:run(117)) - 163587bb-2c3b-4498-b576-18147cf38274@group-2077DD483DC7-FollowerState was interrupted: java.lang.InterruptedException: sleep interrupted
2019-10-16 11:35:47,539 [grpc-default-executor-4] INFO  impl.RoleInfo (RoleInfo.java:shutdownFollowerState(121)) - 70b633f6-b230-4b9f-87f3-510da88f1e08: shutdown FollowerState
2019-10-16 11:35:47,539 [Thread-1403] INFO  impl.FollowerState (FollowerState.java:run(117)) - 70b633f6-b230-4b9f-87f3-510da88f1e08@group-2077DD483DC7-FollowerState was interrupted: java.lang.InterruptedException: sleep interrupted
2019-10-16 11:35:47,560 [grpc-default-executor-4] INFO  impl.RoleInfo (RoleInfo.java:updateAndGet(143)) - 70b633f6-b230-4b9f-87f3-510da88f1e08: start FollowerState
2019-10-16 11:35:47,583 [a3132885-145f-4a8c-85f4-c10eb874732d@group-2077DD483DC7-LeaderElection158] INFO  impl.LeaderElection (LeaderElection.java:logAndReturn(56)) - a3132885-145f-4a8c-85f4-c10eb874732d@group-2077DD483DC7-LeaderElection158: Election REJECTED; received 2 response(s) [a3132885-145f-4a8c-85f4-c10eb874732d<-163587bb-2c3b-4498-b576-18147cf38274#0:FAIL-t78, a3132885-145f-4a8c-85f4-c10eb874732d<-70b633f6-b230-4b9f-87f3-510da88f1e08#0:FAIL-t78] and 0 exception(s); a3132885-145f-4a8c-85f4-c10eb874732d@group-2077DD483DC7:t78, leader=null, voted=a3132885-145f-4a8c-85f4-c10eb874732d, raftlog=a3132885-145f-4a8c-85f4-c10eb874732d@group-2077DD483DC7-SegmentedRaftLog:OPENED:c-1,f-1,i0, conf=-1: [163587bb-2c3b-4498-b576-18147cf38274:192.168.157.203:33208, a3132885-145f-4a8c-85f4-c10eb874732d:192.168.157.203:46766, 70b633f6-b230-4b9f-87f3-510da88f1e08:192.168.157.203:43163], old=null
2019-10-16 11:35:47,583 [1ee6da7b-5867-4bad-ba0d-a2cfd13fd72a@group-B3673A53AB6F-LeaderElection157] INFO  impl.LeaderElection (LeaderElection.java:logAndReturn(56)) - 1ee6da7b-5867-4bad-ba0d-a2cfd13fd72a@group-B3673A53AB6F-LeaderElection157: Election REJECTED; received 2 response(s) [1ee6da7b-5867-4bad-ba0d-a2cfd13fd72a<-f94c755f-9f95-40b5-85b9-5e712f3f34e7#0:FAIL-t82, 1ee6da7b-5867-4bad-ba0d-a2cfd13fd72a<-4281bf39-36db-462c-8bc9-3c86cb645344#0:FAIL-t82] and 0 exception(s); 1ee6da7b-5867-4bad-ba0d-a2cfd13fd72a@group-B3673A53AB6F:t82, leader=null, voted=1ee6da7b-5867-4bad-ba0d-a2cfd13fd72a, raftlog=1ee6da7b-5867-4bad-ba0d-a2cfd13fd72a@group-B3673A53AB6F-SegmentedRaftLog:OPENED:c-1,f-1,i0, conf=-1: [f94c755f-9f95-40b5-85b9-5e712f3f34e7:192.168.157.203:45275, 1ee6da7b-5867-4bad-ba0d-a2cfd13fd72a:192.168.157.203:35892, 4281bf39-36db-462c-8bc9-3c86cb645344:192.168.157.203:42381], old=null
2019-10-16 11:35:47,583 [a3132885-145f-4a8c-85f4-c10eb874732d@group-2077DD483DC7-LeaderElection158] INFO  impl.RaftServerImpl (RaftServerImpl.java:setRole(184)) - a3132885-145f-4a8c-85f4-c10eb874732d@group-2077DD483DC7: changes role from CANDIDATE to FOLLOWER at term 78 for DISCOVERED_A_NEW_TERM
2019-10-16 11:35:47,583 [1ee6da7b-5867-4bad-ba0d-a2cfd13fd72a@group-B3673A53AB6F-LeaderElection157] INFO  impl.RaftServerImpl (RaftServerImpl.java:setRole(184)) - 1ee6da7b-5867-4bad-ba0d-a2cfd13fd72a@group-B3673A53AB6F: changes role from CANDIDATE to FOLLOWER at term 82 for DISCOVERED_A_NEW_TERM
2019-10-16 11:35:47,583 [a3132885-145f-4a8c-85f4-c10eb874732d@group-2077DD483DC7-LeaderElection158] INFO  impl.RoleInfo (RoleInfo.java:shutdownLeaderElection(134)) - a3132885-145f-4a8c-85f4-c10eb874732d: shutdown LeaderElection
2019-10-16 11:35:47,583 [1ee6da7b-5867-4bad-ba0d-a2cfd13fd72a@group-B3673A53AB6F-LeaderElection157] INFO  impl.RoleInfo (RoleInfo.java:shutdownLeaderElection(134)) - 1ee6da7b-5867-4bad-ba0d-a2cfd13fd72a: shutdown LeaderElection
2019-10-16 11:35:47,584 [a3132885-145f-4a8c-85f4-c10eb874732d@group-2077DD483DC7-LeaderElection158] INFO  impl.RoleInfo (RoleInfo.java:updateAndGet(143)) - a3132885-145f-4a8c-85f4-c10eb874732d: start FollowerState
2019-10-16 11:35:47,584 [1ee6da7b-5867-4bad-ba0d-a2cfd13fd72a@group-B3673A53AB6F-LeaderElection157] INFO  impl.RoleInfo (RoleInfo.java:updateAndGet(143)) - 1ee6da7b-5867-4bad-ba0d-a2cfd13fd72a: start FollowerState
2019-10-16 11:35:47,672 [Thread-1417] INFO  impl.FollowerState (FollowerState.java:run(108)) - a3132885-145f-4a8c-85f4-c10eb874732d@group-2077DD483DC7-FollowerState: change to CANDIDATE, lastRpcTime:88ms, electionTimeout:88ms
2019-10-16 11:35:47,672 [Thread-1417] INFO  impl.RoleInfo (RoleInfo.java:shutdownFollowerState(121)) - a3132885-145f-4a8c-85f4-c10eb874732d: shutdown FollowerState
2019-10-16 11:35:47,672 [Thread-1417] INFO  impl.RaftServerImpl (RaftServerImpl.java:setRole(184)) - a3132885-145f-4a8c-85f4-c10eb874732d@group-2077DD483DC7: changes role from  FOLLOWER to CANDIDATE at term 78 for changeToCandidate
2019-10-16 11:35:47,677 [Thread-1417] INFO  impl.RoleInfo (RoleInfo.java:updateAndGet(143)) - a3132885-145f-4a8c-85f4-c10eb874732d: start LeaderElection
2019-10-16 11:35:47,682 [a3132885-145f-4a8c-85f4-c10eb874732d@group-2077DD483DC7-LeaderElection159] INFO  impl.LeaderElection (LeaderElection.java:askForVotes(178)) - a3132885-145f-4a8c-85f4-c10eb874732d@group-2077DD483DC7-LeaderElection159: begin an election at term 79 for -1: [163587bb-2c3b-4498-b576-18147cf38274:192.168.157.203:33208, a3132885-145f-4a8c-85f4-c10eb874732d:192.168.157.203:46766, 70b633f6-b230-4b9f-87f3-510da88f1e08:192.168.157.203:43163], old=null
2019-10-16 11:35:47,691 [Thread-1418] INFO  impl.FollowerState (FollowerState.java:run(108)) - 1ee6da7b-5867-4bad-ba0d-a2cfd13fd72a@group-B3673A53AB6F-FollowerState: change to CANDIDATE, lastRpcTime:107ms, electionTimeout:107ms
2019-10-16 11:35:47,691 [Thread-1418] INFO  impl.RoleInfo (RoleInfo.java:shutdownFollowerState(121)) - 1ee6da7b-5867-4bad-ba0d-a2cfd13fd72a: shutdown FollowerState
2019-10-16 11:35:47,691 [Thread-1418] INFO  impl.RaftServerImpl (RaftServerImpl.java:setRole(184)) - 1ee6da7b-5867-4bad-ba0d-a2cfd13fd72a@group-B3673A53AB6F: changes role from  FOLLOWER to CANDIDATE at term 82 for changeToCandidate
2019-10-16 11:35:47,700 [Thread-1418] INFO  impl.RoleInfo (RoleInfo.java:updateAndGet(143)) - 1ee6da7b-5867-4bad-ba0d-a2cfd13fd72a: start LeaderElection
2019-10-16 11:35:47,702 [grpc-default-executor-0] INFO  impl.RaftServerImpl (RaftServerImpl.java:setRole(184)) - 163587bb-2c3b-4498-b576-18147cf38274@group-2077DD483DC7: changes role from  FOLLOWER to FOLLOWER at term 79 for recognizeCandidate:a3132885-145f-4a8c-85f4-c10eb874732d
2019-10-16 11:35:47,702 [grpc-default-executor-1] INFO  impl.RaftServerImpl (RaftServerImpl.java:setRole(184)) - 70b633f6-b230-4b9f-87f3-510da88f1e08@group-2077DD483DC7: changes role from  FOLLOWER to FOLLOWER at term 79 for recognizeCandidate:a3132885-145f-4a8c-85f4-c10eb874732d
2019-10-16 11:35:47,702 [grpc-default-executor-1] INFO  impl.RoleInfo (RoleInfo.java:shutdownFollowerState(121)) - 70b633f6-b230-4b9f-87f3-510da88f1e08: shutdown FollowerState
2019-10-16 11:35:47,702 [grpc-default-executor-0] INFO  impl.RoleInfo (RoleInfo.java:shutdownFollowerState(121)) - 163587bb-2c3b-4498-b576-18147cf38274: shutdown FollowerState
2019-10-16 11:35:47,702 [grpc-default-executor-1] INFO  impl.RoleInfo (RoleInfo.java:updateAndGet(143)) - 70b633f6-b230-4b9f-87f3-510da88f1e08: start FollowerState
2019-10-16 11:35:47,702 [Thread-1416] INFO  impl.FollowerState (FollowerState.java:run(117)) - 70b633f6-b230-4b9f-87f3-510da88f1e08@group-2077DD483DC7-FollowerState was interrupted: java.lang.InterruptedException: sleep interrupted
2019-10-16 11:35:47,702 [grpc-default-executor-0] INFO  impl.RoleInfo (RoleInfo.java:updateAndGet(143)) - 163587bb-2c3b-4498-b576-18147cf38274: start FollowerState
2019-10-16 11:35:47,702 [Thread-1415] INFO  impl.FollowerState (FollowerState.java:run(117)) - 163587bb-2c3b-4498-b576-18147cf38274@group-2077DD483DC7-FollowerState was interrupted: java.lang.InterruptedException: sleep interrupted
2019-10-16 11:35:47,710 [1ee6da7b-5867-4bad-ba0d-a2cfd13fd72a@group-B3673A53AB6F-LeaderElection160] INFO  impl.LeaderElection (LeaderElection.java:askForVotes(178)) - 1ee6da7b-5867-4bad-ba0d-a2cfd13fd72a@group-B3673A53AB6F-LeaderElection160: begin an election at term 83 for -1: [f94c755f-9f95-40b5-85b9-5e712f3f34e7:192.168.157.203:45275, 1ee6da7b-5867-4bad-ba0d-a2cfd13fd72a:192.168.157.203:35892, 4281bf39-36db-462c-8bc9-3c86cb645344:192.168.157.203:42381], old=null
2019-10-16 11:35:47,724 [grpc-default-executor-5] INFO  impl.RaftServerImpl (RaftServerImpl.java:setRole(184)) - 4281bf39-36db-462c-8bc9-3c86cb645344@group-B3673A53AB6F: changes role from  FOLLOWER to FOLLOWER at term 83 for recognizeCandidate:1ee6da7b-5867-4bad-ba0d-a2cfd13fd72a
2019-10-16 11:35:47,724 [grpc-default-executor-3] INFO  impl.RaftServerImpl (RaftServerImpl.java:setRole(184)) - f94c755f-9f95-40b5-85b9-5e712f3f34e7@group-B3673A53AB6F: changes role from  FOLLOWER to FOLLOWER at term 83 for recognizeCandidate:1ee6da7b-5867-4bad-ba0d-a2cfd13fd72a
2019-10-16 11:35:47,724 [grpc-default-executor-5] INFO  impl.RoleInfo (RoleInfo.java:shutdownFollowerState(121)) - 4281bf39-36db-462c-8bc9-3c86cb645344: shutdown FollowerState
2019-10-16 11:35:47,724 [grpc-default-executor-3] INFO  impl.RoleInfo (RoleInfo.java:shutdownFollowerState(121)) - f94c755f-9f95-40b5-85b9-5e712f3f34e7: shutdown FollowerState
2019-10-16 11:35:47,724 [Thread-1412] INFO  impl.FollowerState (FollowerState.java:run(117)) - 4281bf39-36db-462c-8bc9-3c86cb645344@group-B3673A53AB6F-FollowerState was interrupted: java.lang.InterruptedException: sleep interrupted
2019-10-16 11:35:47,724 [grpc-default-executor-3] INFO  impl.RoleInfo (RoleInfo.java:updateAndGet(143)) - f94c755f-9f95-40b5-85b9-5e712f3f34e7: start FollowerState
2019-10-16 11:35:47,724 [grpc-default-executor-5] INFO  impl.RoleInfo (RoleInfo.java:updateAndGet(143)) - 4281bf39-36db-462c-8bc9-3c86cb645344: start FollowerState
2019-10-16 11:35:47,724 [Thread-1411] INFO  impl.FollowerState (FollowerState.java:run(117)) - f94c755f-9f95-40b5-85b9-5e712f3f34e7@group-B3673A53AB6F-FollowerState was interrupted: java.lang.InterruptedException: sleep interrupted
2019-10-16 11:35:47,757 [a3132885-145f-4a8c-85f4-c10eb874732d@group-2077DD483DC7-LeaderElection159] INFO  impl.LeaderElection (LeaderElection.java:logAndReturn(56)) - a3132885-145f-4a8c-85f4-c10eb874732d@group-2077DD483DC7-LeaderElection159: Election REJECTED; received 2 response(s) [a3132885-145f-4a8c-85f4-c10eb874732d<-163587bb-2c3b-4498-b576-18147cf38274#0:FAIL-t79, a3132885-145f-4a8c-85f4-c10eb874732d<-70b633f6-b230-4b9f-87f3-510da88f1e08#0:FAIL-t79] and 0 exception(s); a3132885-145f-4a8c-85f4-c10eb874732d@group-2077DD483DC7:t79, leader=null, voted=a3132885-145f-4a8c-85f4-c10eb874732d, raftlog=a3132885-145f-4a8c-85f4-c10eb874732d@group-2077DD483DC7-SegmentedRaftLog:OPENED:c-1,f-1,i0, conf=-1: [163587bb-2c3b-4498-b576-18147cf38274:192.168.157.203:33208, a3132885-145f-4a8c-85f4-c10eb874732d:192.168.157.203:46766, 70b633f6-b230-4b9f-87f3-510da88f1e08:192.168.157.203:43163], old=null
2019-10-16 11:35:47,757 [a3132885-145f-4a8c-85f4-c10eb874732d@group-2077DD483DC7-LeaderElection159] INFO  impl.RaftServerImpl (RaftServerImpl.java:setRole(184)) - a3132885-145f-4a8c-85f4-c10eb874732d@group-2077DD483DC7: changes role from CANDIDATE to FOLLOWER at term 79 for DISCOVERED_A_NEW_TERM
2019-10-16 11:35:47,758 [a3132885-145f-4a8c-85f4-c10eb874732d@group-2077DD483DC7-LeaderElection159] INFO  impl.RoleInfo (RoleInfo.java:shutdownLeaderElection(134)) - a3132885-145f-4a8c-85f4-c10eb874732d: shutdown LeaderElection
2019-10-16 11:35:47,758 [a3132885-145f-4a8c-85f4-c10eb874732d@group-2077DD483DC7-LeaderElection159] INFO  impl.RoleInfo (RoleInfo.java:updateAndGet(143)) - a3132885-145f-4a8c-85f4-c10eb874732d: start FollowerState
2019-10-16 11:35:47,765 [main] WARN  io.KeyOutputStream (KeyOutputStream.java:handleException(274)) - Encountered exception java.io.IOException: Unexpected Storage Container Exception: java.util.concurrent.CompletionException: java.util.concurrent.CompletionException: org.apache.ratis.protocol.RaftRetryFailureException: Failed RaftClientRequest:client-306470E864A5->1ee6da7b-5867-4bad-ba0d-a2cfd13fd72a@group-B3673A53AB6F, cid=19, seq=1*, RW, cmdType: WriteChunk
traceID: "5ccb3d8ad965dfec:5ccb3d8ad965dfec:0:0"
containerID: 1
datanodeUuid: "1ee6da7b-5867-4bad-ba0d-a2cfd13fd72a"
writeChunk {
  blockID {
    containerID: 1
    localID: 102971849971793920
    blockCommitSequenceId: 0
  }
  chunkData {
    chunkName: "102971849971793920_chunk_1"
    offset: 0
    len: 1048576
    checksumData {
      type: CRC32
      bytesPerChecksum: 1048576
      checksums: "\361\003\002\247"
    }
  }
}
, data.size=1048576 for 10 attempts with RetryLimited(maxAttempts=10, sleepTime=1000ms) on the pipeline Pipeline[ Id: 94c21100-ff80-4f17-b629-b3673a53ab6f, Nodes: 1ee6da7b-5867-4bad-ba0d-a2cfd13fd72a{ip: 192.168.157.203, host: pr-hdds-2313-gfcg9-2318083974, networkLocation: /default-rack, certSerialId: null}4281bf39-36db-462c-8bc9-3c86cb645344{ip: 192.168.157.203, host: pr-hdds-2313-gfcg9-2318083974, networkLocation: /default-rack, certSerialId: null}f94c755f-9f95-40b5-85b9-5e712f3f34e7{ip: 192.168.157.203, host: pr-hdds-2313-gfcg9-2318083974, networkLocation: /default-rack, certSerialId: null}, Type:RATIS, Factor:THREE, State:OPEN]. The last committed block length is 0, uncommitted data length is 2097152 retry count 0
2019-10-16 11:35:47,771 [1ee6da7b-5867-4bad-ba0d-a2cfd13fd72a@group-B3673A53AB6F-LeaderElection160] INFO  impl.LeaderElection (LeaderElection.java:logAndReturn(56)) - 1ee6da7b-5867-4bad-ba0d-a2cfd13fd72a@group-B3673A53AB6F-LeaderElection160: Election REJECTED; received 2 response(s) [1ee6da7b-5867-4bad-ba0d-a2cfd13fd72a<-f94c755f-9f95-40b5-85b9-5e712f3f34e7#0:FAIL-t83, 1ee6da7b-5867-4bad-ba0d-a2cfd13fd72a<-4281bf39-36db-462c-8bc9-3c86cb645344#0:FAIL-t83] and 0 exception(s); 1ee6da7b-5867-4bad-ba0d-a2cfd13fd72a@group-B3673A53AB6F:t83, leader=null, voted=1ee6da7b-5867-4bad-ba0d-a2cfd13fd72a, raftlog=1ee6da7b-5867-4bad-ba0d-a2cfd13fd72a@group-B3673A53AB6F-SegmentedRaftLog:OPENED:c-1,f-1,i0, conf=-1: [f94c755f-9f95-40b5-85b9-5e712f3f34e7:192.168.157.203:45275, 1ee6da7b-5867-4bad-ba0d-a2cfd13fd72a:192.168.157.203:35892, 4281bf39-36db-462c-8bc9-3c86cb645344:192.168.157.203:42381], old=null
2019-10-16 11:35:47,771 [1ee6da7b-5867-4bad-ba0d-a2cfd13fd72a@group-B3673A53AB6F-LeaderElection160] INFO  impl.RaftServerImpl (RaftServerImpl.java:setRole(184)) - 1ee6da7b-5867-4bad-ba0d-a2cfd13fd72a@group-B3673A53AB6F: changes role from CANDIDATE to FOLLOWER at term 83 for DISCOVERED_A_NEW_TERM
2019-10-16 11:35:47,772 [1ee6da7b-5867-4bad-ba0d-a2cfd13fd72a@group-B3673A53AB6F-LeaderElection160] INFO  impl.RoleInfo (RoleInfo.java:shutdownLeaderElection(134)) - 1ee6da7b-5867-4bad-ba0d-a2cfd13fd72a: shutdown LeaderElection
2019-10-16 11:35:47,772 [1ee6da7b-5867-4bad-ba0d-a2cfd13fd72a@group-B3673A53AB6F-LeaderElection160] INFO  impl.RoleInfo (RoleInfo.java:updateAndGet(143)) - 1ee6da7b-5867-4bad-ba0d-a2cfd13fd72a: start FollowerState
2019-10-16 11:35:47,847 [Thread-1432] INFO  impl.FollowerState (FollowerState.java:run(108)) - 1ee6da7b-5867-4bad-ba0d-a2cfd13fd72a@group-B3673A53AB6F-FollowerState: change to CANDIDATE, lastRpcTime:75ms, electionTimeout:75ms
2019-10-16 11:35:47,848 [Thread-1432] INFO  impl.RoleInfo (RoleInfo.java:shutdownFollowerState(121)) - 1ee6da7b-5867-4bad-ba0d-a2cfd13fd72a: shutdown FollowerState
2019-10-16 11:35:47,848 [Thread-1432] INFO  impl.RaftServerImpl (RaftServerImpl.java:setRole(184)) - 1ee6da7b-5867-4bad-ba0d-a2cfd13fd72a@group-B3673A53AB6F: changes role from  FOLLOWER to CANDIDATE at term 83 for changeToCandidate
2019-10-16 11:35:47,848 [Thread-1432] INFO  impl.RoleInfo (RoleInfo.java:updateAndGet(143)) - 1ee6da7b-5867-4bad-ba0d-a2cfd13fd72a: start LeaderElection
2019-10-16 11:35:47,855 [1ee6da7b-5867-4bad-ba0d-a2cfd13fd72a@group-B3673A53AB6F-LeaderElection161] INFO  impl.LeaderElection (LeaderElection.java:askForVotes(178)) - 1ee6da7b-5867-4bad-ba0d-a2cfd13fd72a@group-B3673A53AB6F-LeaderElection161: begin an election at term 84 for -1: [f94c755f-9f95-40b5-85b9-5e712f3f34e7:192.168.157.203:45275, 1ee6da7b-5867-4bad-ba0d-a2cfd13fd72a:192.168.157.203:35892, 4281bf39-36db-462c-8bc9-3c86cb645344:192.168.157.203:42381], old=null
2019-10-16 11:35:47,856 [grpc-default-executor-5] INFO  impl.RaftServerImpl (RaftServerImpl.java:setRole(184)) - 4281bf39-36db-462c-8bc9-3c86cb645344@group-B3673A53AB6F: changes role from  FOLLOWER to FOLLOWER at term 84 for recognizeCandidate:1ee6da7b-5867-4bad-ba0d-a2cfd13fd72a
2019-10-16 11:35:47,856 [grpc-default-executor-5] INFO  impl.RoleInfo (RoleInfo.java:shutdownFollowerState(121)) - 4281bf39-36db-462c-8bc9-3c86cb645344: shutdown FollowerState
2019-10-16 11:35:47,856 [grpc-default-executor-5] INFO  impl.RoleInfo (RoleInfo.java:updateAndGet(143)) - 4281bf39-36db-462c-8bc9-3c86cb645344: start FollowerState
2019-10-16 11:35:47,856 [grpc-default-executor-3] INFO  impl.RaftServerImpl (RaftServerImpl.java:setRole(184)) - f94c755f-9f95-40b5-85b9-5e712f3f34e7@group-B3673A53AB6F: changes role from  FOLLOWER to FOLLOWER at term 84 for recognizeCandidate:1ee6da7b-5867-4bad-ba0d-a2cfd13fd72a
2019-10-16 11:35:47,856 [Thread-1429] INFO  impl.FollowerState (FollowerState.java:run(117)) - 4281bf39-36db-462c-8bc9-3c86cb645344@group-B3673A53AB6F-FollowerState was interrupted: java.lang.InterruptedException: sleep interrupted
2019-10-16 11:35:47,857 [grpc-default-executor-3] INFO  impl.RoleInfo (RoleInfo.java:shutdownFollowerState(121)) - f94c755f-9f95-40b5-85b9-5e712f3f34e7: shutdown FollowerState
2019-10-16 11:35:47,857 [grpc-default-executor-3] INFO  impl.RoleInfo (RoleInfo.java:updateAndGet(143)) - f94c755f-9f95-40b5-85b9-5e712f3f34e7: start FollowerState
2019-10-16 11:35:47,857 [Thread-1430] INFO  impl.FollowerState (FollowerState.java:run(117)) - f94c755f-9f95-40b5-85b9-5e712f3f34e7@group-B3673A53AB6F-FollowerState was interrupted: java.lang.InterruptedException: sleep interrupted
2019-10-16 11:35:47,870 [1ee6da7b-5867-4bad-ba0d-a2cfd13fd72a@group-B3673A53AB6F-LeaderElection161] INFO  impl.LeaderElection (LeaderElection.java:logAndReturn(56)) - 1ee6da7b-5867-4bad-ba0d-a2cfd13fd72a@group-B3673A53AB6F-LeaderElection161: Election REJECTED; received 2 response(s) [1ee6da7b-5867-4bad-ba0d-a2cfd13fd72a<-f94c755f-9f95-40b5-85b9-5e712f3f34e7#0:FAIL-t84, 1ee6da7b-5867-4bad-ba0d-a2cfd13fd72a<-4281bf39-36db-462c-8bc9-3c86cb645344#0:FAIL-t84] and 0 exception(s); 1ee6da7b-5867-4bad-ba0d-a2cfd13fd72a@group-B3673A53AB6F:t84, leader=null, voted=1ee6da7b-5867-4bad-ba0d-a2cfd13fd72a, raftlog=1ee6da7b-5867-4bad-ba0d-a2cfd13fd72a@group-B3673A53AB6F-SegmentedRaftLog:OPENED:c-1,f-1,i0, conf=-1: [f94c755f-9f95-40b5-85b9-5e712f3f34e7:192.168.157.203:45275, 1ee6da7b-5867-4bad-ba0d-a2cfd13fd72a:192.168.157.203:35892, 4281bf39-36db-462c-8bc9-3c86cb645344:192.168.157.203:42381], old=null
2019-10-16 11:35:47,870 [1ee6da7b-5867-4bad-ba0d-a2cfd13fd72a@group-B3673A53AB6F-LeaderElection161] INFO  impl.RaftServerImpl (RaftServerImpl.java:setRole(184)) - 1ee6da7b-5867-4bad-ba0d-a2cfd13fd72a@group-B3673A53AB6F: changes role from CANDIDATE to FOLLOWER at term 84 for DISCOVERED_A_NEW_TERM
2019-10-16 11:35:47,870 [1ee6da7b-5867-4bad-ba0d-a2cfd13fd72a@group-B3673A53AB6F-LeaderElection161] INFO  impl.RoleInfo (RoleInfo.java:shutdownLeaderElection(134)) - 1ee6da7b-5867-4bad-ba0d-a2cfd13fd72a: shutdown LeaderElection
2019-10-16 11:35:47,870 [1ee6da7b-5867-4bad-ba0d-a2cfd13fd72a@group-B3673A53AB6F-LeaderElection161] INFO  impl.RoleInfo (RoleInfo.java:updateAndGet(143)) - 1ee6da7b-5867-4bad-ba0d-a2cfd13fd72a: start FollowerState
2019-10-16 11:35:47,920 [Thread-1431] INFO  impl.FollowerState (FollowerState.java:run(108)) - a3132885-145f-4a8c-85f4-c10eb874732d@group-2077DD483DC7-FollowerState: change to CANDIDATE, lastRpcTime:162ms, electionTimeout:162ms
2019-10-16 11:35:47,920 [Thread-1431] INFO  impl.RoleInfo (RoleInfo.java:shutdownFollowerState(121)) - a3132885-145f-4a8c-85f4-c10eb874732d: shutdown FollowerState
2019-10-16 11:35:47,920 [Thread-1431] INFO  impl.RaftServerImpl (RaftServerImpl.java:setRole(184)) - a3132885-145f-4a8c-85f4-c10eb874732d@group-2077DD483DC7: changes role from  FOLLOWER to CANDIDATE at term 79 for changeToCandidate
2019-10-16 11:35:47,920 [Thread-1431] INFO  impl.RoleInfo (RoleInfo.java:updateAndGet(143)) - a3132885-145f-4a8c-85f4-c10eb874732d: start LeaderElection
2019-10-16 11:35:47,938 [a3132885-145f-4a8c-85f4-c10eb874732d@group-2077DD483DC7-LeaderElection162] INFO  impl.LeaderElection (LeaderElection.java:askForVotes(178)) - a3132885-145f-4a8c-85f4-c10eb874732d@group-2077DD483DC7-LeaderElection162: begin an election at term 80 for -1: [163587bb-2c3b-4498-b576-18147cf38274:192.168.157.203:33208, a3132885-145f-4a8c-85f4-c10eb874732d:192.168.157.203:46766, 70b633f6-b230-4b9f-87f3-510da88f1e08:192.168.157.203:43163], old=null
2019-10-16 11:35:47,940 [grpc-default-executor-5] INFO  impl.RaftServerImpl (RaftServerImpl.java:setRole(184)) - 163587bb-2c3b-4498-b576-18147cf38274@group-2077DD483DC7: changes role from  FOLLOWER to FOLLOWER at term 80 for recognizeCandidate:a3132885-145f-4a8c-85f4-c10eb874732d
2019-10-16 11:35:47,940 [grpc-default-executor-5] INFO  impl.RoleInfo (RoleInfo.java:shutdownFollowerState(121)) - 163587bb-2c3b-4498-b576-18147cf38274: shutdown FollowerState
2019-10-16 11:35:47,940 [grpc-default-executor-5] INFO  impl.RoleInfo (RoleInfo.java:updateAndGet(143)) - 163587bb-2c3b-4498-b576-18147cf38274: start FollowerState
2019-10-16 11:35:47,940 [Thread-1426] INFO  impl.FollowerState (FollowerState.java:run(117)) - 163587bb-2c3b-4498-b576-18147cf38274@group-2077DD483DC7-FollowerState was interrupted: java.lang.InterruptedException: sleep interrupted
2019-10-16 11:35:47,941 [grpc-default-executor-3] INFO  impl.RaftServerImpl (RaftServerImpl.java:setRole(184)) - 70b633f6-b230-4b9f-87f3-510da88f1e08@group-2077DD483DC7: changes role from  FOLLOWER to FOLLOWER at term 80 for recognizeCandidate:a3132885-145f-4a8c-85f4-c10eb874732d
2019-10-16 11:35:47,941 [grpc-default-executor-3] INFO  impl.RoleInfo (RoleInfo.java:shutdownFollowerState(121)) - 70b633f6-b230-4b9f-87f3-510da88f1e08: shutdown FollowerState
2019-10-16 11:35:47,941 [grpc-default-executor-3] INFO  impl.RoleInfo (RoleInfo.java:updateAndGet(143)) - 70b633f6-b230-4b9f-87f3-510da88f1e08: start FollowerState
2019-10-16 11:35:47,941 [Thread-1425] INFO  impl.FollowerState (FollowerState.java:run(117)) - 70b633f6-b230-4b9f-87f3-510da88f1e08@group-2077DD483DC7-FollowerState was interrupted: java.lang.InterruptedException: sleep interrupted
2019-10-16 11:35:47,983 [a3132885-145f-4a8c-85f4-c10eb874732d@group-2077DD483DC7-LeaderElection162] INFO  impl.LeaderElection (LeaderElection.java:logAndReturn(56)) - a3132885-145f-4a8c-85f4-c10eb874732d@group-2077DD483DC7-LeaderElection162: Election REJECTED; received 2 response(s) [a3132885-145f-4a8c-85f4-c10eb874732d<-163587bb-2c3b-4498-b576-18147cf38274#0:FAIL-t80, a3132885-145f-4a8c-85f4-c10eb874732d<-70b633f6-b230-4b9f-87f3-510da88f1e08#0:FAIL-t80] and 0 exception(s); a3132885-145f-4a8c-85f4-c10eb874732d@group-2077DD483DC7:t80, leader=null, voted=a3132885-145f-4a8c-85f4-c10eb874732d, raftlog=a3132885-145f-4a8c-85f4-c10eb874732d@group-2077DD483DC7-SegmentedRaftLog:OPENED:c-1,f-1,i0, conf=-1: [163587bb-2c3b-4498-b576-18147cf38274:192.168.157.203:33208, a3132885-145f-4a8c-85f4-c10eb874732d:192.168.157.203:46766, 70b633f6-b230-4b9f-87f3-510da88f1e08:192.168.157.203:43163], old=null
2019-10-16 11:35:47,984 [a3132885-145f-4a8c-85f4-c10eb874732d@group-2077DD483DC7-LeaderElection162] INFO  impl.RaftServerImpl (RaftServerImpl.java:setRole(184)) - a3132885-145f-4a8c-85f4-c10eb874732d@group-2077DD483DC7: changes role from CANDIDATE to FOLLOWER at term 80 for DISCOVERED_A_NEW_TERM
2019-10-16 11:35:47,984 [a3132885-145f-4a8c-85f4-c10eb874732d@group-2077DD483DC7-LeaderElection162] INFO  impl.RoleInfo (RoleInfo.java:shutdownLeaderElection(134)) - a3132885-145f-4a8c-85f4-c10eb874732d: shutdown LeaderElection
2019-10-16 11:35:47,984 [a3132885-145f-4a8c-85f4-c10eb874732d@group-2077DD483DC7-LeaderElection162] INFO  impl.RoleInfo (RoleInfo.java:updateAndGet(143)) - a3132885-145f-4a8c-85f4-c10eb874732d: start FollowerState
2019-10-16 11:35:47,985 [Thread-1442] INFO  impl.FollowerState (FollowerState.java:run(108)) - 1ee6da7b-5867-4bad-ba0d-a2cfd13fd72a@group-B3673A53AB6F-FollowerState: change to CANDIDATE, lastRpcTime:114ms, electionTimeout:114ms
2019-10-16 11:35:47,985 [Thread-1442] INFO  impl.RoleInfo (RoleInfo.java:shutdownFollowerState(121)) - 1ee6da7b-5867-4bad-ba0d-a2cfd13fd72a: shutdown FollowerState
2019-10-16 11:35:47,985 [Thread-1442] INFO  impl.RaftServerImpl (RaftServerImpl.java:setRole(184)) - 1ee6da7b-5867-4bad-ba0d-a2cfd13fd72a@group-B3673A53AB6F: changes role from  FOLLOWER to CANDIDATE at term 84 for changeToCandidate
2019-10-16 11:35:47,985 [Thread-1442] INFO  impl.RoleInfo (RoleInfo.java:updateAndGet(143)) - 1ee6da7b-5867-4bad-ba0d-a2cfd13fd72a: start LeaderElection
2019-10-16 11:35:48,023 [1ee6da7b-5867-4bad-ba0d-a2cfd13fd72a@group-B3673A53AB6F-LeaderElection163] INFO  impl.LeaderElection (LeaderElection.java:askForVotes(178)) - 1ee6da7b-5867-4bad-ba0d-a2cfd13fd72a@group-B3673A53AB6F-LeaderElection163: begin an election at term 85 for -1: [f94c755f-9f95-40b5-85b9-5e712f3f34e7:192.168.157.203:45275, 1ee6da7b-5867-4bad-ba0d-a2cfd13fd72a:192.168.157.203:35892, 4281bf39-36db-462c-8bc9-3c86cb645344:192.168.157.203:42381], old=null
2019-10-16 11:35:48,025 [grpc-default-executor-5] INFO  impl.RaftServerImpl (RaftServerImpl.java:setRole(184)) - f94c755f-9f95-40b5-85b9-5e712f3f34e7@group-B3673A53AB6F: changes role from  FOLLOWER to FOLLOWER at term 85 for recognizeCandidate:1ee6da7b-5867-4bad-ba0d-a2cfd13fd72a
2019-10-16 11:35:48,025 [grpc-default-executor-5] INFO  impl.RoleInfo (RoleInfo.java:shutdownFollowerState(121)) - f94c755f-9f95-40b5-85b9-5e712f3f34e7: shutdown FollowerState
2019-10-16 11:35:48,025 [grpc-default-executor-5] INFO  impl.RoleInfo (RoleInfo.java:updateAndGet(143)) - f94c755f-9f95-40b5-85b9-5e712f3f34e7: start FollowerState
2019-10-16 11:35:48,025 [grpc-default-executor-3] INFO  impl.RaftServerImpl (RaftServerImpl.java:setRole(184)) - 4281bf39-36db-462c-8bc9-3c86cb645344@group-B3673A53AB6F: changes role from  FOLLOWER to FOLLOWER at term 85 for recognizeCandidate:1ee6da7b-5867-4bad-ba0d-a2cfd13fd72a
2019-10-16 11:35:48,025 [grpc-default-executor-3] INFO  impl.RoleInfo (RoleInfo.java:shutdownFollowerState(121)) - 4281bf39-36db-462c-8bc9-3c86cb645344: shutdown FollowerState
2019-10-16 11:35:48,025 [Thread-1441] INFO  impl.FollowerState (FollowerState.java:run(117)) - f94c755f-9f95-40b5-85b9-5e712f3f34e7@group-B3673A53AB6F-FollowerState was interrupted: java.lang.InterruptedException: sleep interrupted
2019-10-16 11:35:48,025 [grpc-default-executor-3] INFO  impl.RoleInfo (RoleInfo.java:updateAndGet(143)) - 4281bf39-36db-462c-8bc9-3c86cb645344: start FollowerState
2019-10-16 11:35:48,026 [Thread-1440] INFO  impl.FollowerState (FollowerState.java:run(117)) - 4281bf39-36db-462c-8bc9-3c86cb645344@group-B3673A53AB6F-FollowerState was interrupted: java.lang.InterruptedException: sleep interrupted
2019-10-16 11:35:48,045 [1ee6da7b-5867-4bad-ba0d-a2cfd13fd72a@group-B3673A53AB6F-LeaderElection163] INFO  impl.LeaderElection (LeaderElection.java:logAndReturn(56)) - 1ee6da7b-5867-4bad-ba0d-a2cfd13fd72a@group-B3673A53AB6F-LeaderElection163: Election REJECTED; received 2 response(s) [1ee6da7b-5867-4bad-ba0d-a2cfd13fd72a<-f94c755f-9f95-40b5-85b9-5e712f3f34e7#0:FAIL-t85, 1ee6da7b-5867-4bad-ba0d-a2cfd13fd72a<-4281bf39-36db-462c-8bc9-3c86cb645344#0:FAIL-t85] and 0 exception(s); 1ee6da7b-5867-4bad-ba0d-a2cfd13fd72a@group-B3673A53AB6F:t85, leader=null, voted=1ee6da7b-5867-4bad-ba0d-a2cfd13fd72a, raftlog=1ee6da7b-5867-4bad-ba0d-a2cfd13fd72a@group-B3673A53AB6F-SegmentedRaftLog:OPENED:c-1,f-1,i0, conf=-1: [f94c755f-9f95-40b5-85b9-5e712f3f34e7:192.168.157.203:45275, 1ee6da7b-5867-4bad-ba0d-a2cfd13fd72a:192.168.157.203:35892, 4281bf39-36db-462c-8bc9-3c86cb645344:192.168.157.203:42381], old=null
2019-10-16 11:35:48,046 [1ee6da7b-5867-4bad-ba0d-a2cfd13fd72a@group-B3673A53AB6F-LeaderElection163] INFO  impl.RaftServerImpl (RaftServerImpl.java:setRole(184)) - 1ee6da7b-5867-4bad-ba0d-a2cfd13fd72a@group-B3673A53AB6F: changes role from CANDIDATE to FOLLOWER at term 85 for DISCOVERED_A_NEW_TERM
2019-10-16 11:35:48,046 [1ee6da7b-5867-4bad-ba0d-a2cfd13fd72a@group-B3673A53AB6F-LeaderElection163] INFO  impl.RoleInfo (RoleInfo.java:shutdownLeaderElection(134)) - 1ee6da7b-5867-4bad-ba0d-a2cfd13fd72a: shutdown LeaderElection
2019-10-16 11:35:48,046 [1ee6da7b-5867-4bad-ba0d-a2cfd13fd72a@group-B3673A53AB6F-LeaderElection163] INFO  impl.RoleInfo (RoleInfo.java:updateAndGet(143)) - 1ee6da7b-5867-4bad-ba0d-a2cfd13fd72a: start FollowerState
2019-10-16 11:35:48,093 [Thread-1455] INFO  impl.FollowerState (FollowerState.java:run(108)) - 1ee6da7b-5867-4bad-ba0d-a2cfd13fd72a@group-B3673A53AB6F-FollowerState: change to CANDIDATE, lastRpcTime:47ms, electionTimeout:47ms
2019-10-16 11:35:48,093 [Thread-1455] INFO  impl.RoleInfo (RoleInfo.java:shutdownFollowerState(121)) - 1ee6da7b-5867-4bad-ba0d-a2cfd13fd72a: shutdown FollowerState
2019-10-16 11:35:48,093 [Thread-1455] INFO  impl.RaftServerImpl (RaftServerImpl.java:setRole(184)) - 1ee6da7b-5867-4bad-ba0d-a2cfd13fd72a@group-B3673A53AB6F: changes role from  FOLLOWER to CANDIDATE at term 85 for changeToCandidate
2019-10-16 11:35:48,094 [Thread-1455] INFO  impl.RoleInfo (RoleInfo.java:updateAndGet(143)) - 1ee6da7b-5867-4bad-ba0d-a2cfd13fd72a: start LeaderElection
2019-10-16 11:35:48,115 [1ee6da7b-5867-4bad-ba0d-a2cfd13fd72a@group-B3673A53AB6F-LeaderElection164] INFO  impl.LeaderElection (LeaderElection.java:askForVotes(178)) - 1ee6da7b-5867-4bad-ba0d-a2cfd13fd72a@group-B3673A53AB6F-LeaderElection164: begin an election at term 86 for -1: [f94c755f-9f95-40b5-85b9-5e712f3f34e7:192.168.157.203:45275, 1ee6da7b-5867-4bad-ba0d-a2cfd13fd72a:192.168.157.203:35892, 4281bf39-36db-462c-8bc9-3c86cb645344:192.168.157.203:42381], old=null
2019-10-16 11:35:48,116 [grpc-default-executor-3] INFO  impl.RaftServerImpl (RaftServerImpl.java:setRole(184)) - f94c755f-9f95-40b5-85b9-5e712f3f34e7@group-B3673A53AB6F: changes role from  FOLLOWER to FOLLOWER at term 86 for recognizeCandidate:1ee6da7b-5867-4bad-ba0d-a2cfd13fd72a
2019-10-16 11:35:48,116 [grpc-default-executor-3] INFO  impl.RoleInfo (RoleInfo.java:shutdownFollowerState(121)) - f94c755f-9f95-40b5-85b9-5e712f3f34e7: shutdown FollowerState
2019-10-16 11:35:48,117 [grpc-default-executor-3] INFO  impl.RoleInfo (RoleInfo.java:updateAndGet(143)) - f94c755f-9f95-40b5-85b9-5e712f3f34e7: start FollowerState
2019-10-16 11:35:48,117 [Thread-1453] INFO  impl.FollowerState (FollowerState.java:run(117)) - f94c755f-9f95-40b5-85b9-5e712f3f34e7@group-B3673A53AB6F-FollowerState was interrupted: java.lang.InterruptedException: sleep interrupted
2019-10-16 11:35:48,117 [grpc-default-executor-5] INFO  impl.RaftServerImpl (RaftServerImpl.java:setRole(184)) - 4281bf39-36db-462c-8bc9-3c86cb645344@group-B3673A53AB6F: changes role from  FOLLOWER to FOLLOWER at term 86 for recognizeCandidate:1ee6da7b-5867-4bad-ba0d-a2cfd13fd72a
2019-10-16 11:35:48,117 [grpc-default-executor-5] INFO  impl.RoleInfo (RoleInfo.java:shutdownFollowerState(121)) - 4281bf39-36db-462c-8bc9-3c86cb645344: shutdown FollowerState
2019-10-16 11:35:48,117 [grpc-default-executor-5] INFO  impl.RoleInfo (RoleInfo.java:updateAndGet(143)) - 4281bf39-36db-462c-8bc9-3c86cb645344: start FollowerState
2019-10-16 11:35:48,117 [Thread-1454] INFO  impl.FollowerState (FollowerState.java:run(117)) - 4281bf39-36db-462c-8bc9-3c86cb645344@group-B3673A53AB6F-FollowerState was interrupted: java.lang.InterruptedException: sleep interrupted
2019-10-16 11:35:48,129 [1ee6da7b-5867-4bad-ba0d-a2cfd13fd72a@group-B3673A53AB6F-LeaderElection164] INFO  impl.LeaderElection (LeaderElection.java:logAndReturn(56)) - 1ee6da7b-5867-4bad-ba0d-a2cfd13fd72a@group-B3673A53AB6F-LeaderElection164: Election REJECTED; received 2 response(s) [1ee6da7b-5867-4bad-ba0d-a2cfd13fd72a<-f94c755f-9f95-40b5-85b9-5e712f3f34e7#0:FAIL-t86, 1ee6da7b-5867-4bad-ba0d-a2cfd13fd72a<-4281bf39-36db-462c-8bc9-3c86cb645344#0:FAIL-t86] and 0 exception(s); 1ee6da7b-5867-4bad-ba0d-a2cfd13fd72a@group-B3673A53AB6F:t86, leader=null, voted=1ee6da7b-5867-4bad-ba0d-a2cfd13fd72a, raftlog=1ee6da7b-5867-4bad-ba0d-a2cfd13fd72a@group-B3673A53AB6F-SegmentedRaftLog:OPENED:c-1,f-1,i0, conf=-1: [f94c755f-9f95-40b5-85b9-5e712f3f34e7:192.168.157.203:45275, 1ee6da7b-5867-4bad-ba0d-a2cfd13fd72a:192.168.157.203:35892, 4281bf39-36db-462c-8bc9-3c86cb645344:192.168.157.203:42381], old=null
2019-10-16 11:35:48,129 [1ee6da7b-5867-4bad-ba0d-a2cfd13fd72a@group-B3673A53AB6F-LeaderElection164] INFO  impl.RaftServerImpl (RaftServerImpl.java:setRole(184)) - 1ee6da7b-5867-4bad-ba0d-a2cfd13fd72a@group-B3673A53AB6F: changes role from CANDIDATE to FOLLOWER at term 86 for DISCOVERED_A_NEW_TERM
2019-10-16 11:35:48,129 [1ee6da7b-5867-4bad-ba0d-a2cfd13fd72a@group-B3673A53AB6F-LeaderElection164] INFO  impl.RoleInfo (RoleInfo.java:shutdownLeaderElection(134)) - 1ee6da7b-5867-4bad-ba0d-a2cfd13fd72a: shutdown LeaderElection
2019-10-16 11:35:48,129 [1ee6da7b-5867-4bad-ba0d-a2cfd13fd72a@group-B3673A53AB6F-LeaderElection164] INFO  impl.RoleInfo (RoleInfo.java:updateAndGet(143)) - 1ee6da7b-5867-4bad-ba0d-a2cfd13fd72a: start FollowerState
2019-10-16 11:35:48,135 [Thread-1449] INFO  impl.FollowerState (FollowerState.java:run(108)) - a3132885-145f-4a8c-85f4-c10eb874732d@group-2077DD483DC7-FollowerState: change to CANDIDATE, lastRpcTime:151ms, electionTimeout:151ms
2019-10-16 11:35:48,135 [Thread-1449] INFO  impl.RoleInfo (RoleInfo.java:shutdownFollowerState(121)) - a3132885-145f-4a8c-85f4-c10eb874732d: shutdown FollowerState
2019-10-16 11:35:48,135 [Thread-1449] INFO  impl.RaftServerImpl (RaftServerImpl.java:setRole(184)) - a3132885-145f-4a8c-85f4-c10eb874732d@group-2077DD483DC7: changes role from  FOLLOWER to CANDIDATE at term 80 for changeToCandidate
2019-10-16 11:35:48,136 [Thread-1449] INFO  impl.RoleInfo (RoleInfo.java:updateAndGet(143)) - a3132885-145f-4a8c-85f4-c10eb874732d: start LeaderElection
2019-10-16 11:35:48,140 [a3132885-145f-4a8c-85f4-c10eb874732d@group-2077DD483DC7-LeaderElection165] INFO  impl.LeaderElection (LeaderElection.java:askForVotes(178)) - a3132885-145f-4a8c-85f4-c10eb874732d@group-2077DD483DC7-LeaderElection165: begin an election at term 81 for -1: [163587bb-2c3b-4498-b576-18147cf38274:192.168.157.203:33208, a3132885-145f-4a8c-85f4-c10eb874732d:192.168.157.203:46766, 70b633f6-b230-4b9f-87f3-510da88f1e08:192.168.157.203:43163], old=null
2019-10-16 11:35:48,142 [grpc-default-executor-3] INFO  impl.RaftServerImpl (RaftServerImpl.java:setRole(184)) - 163587bb-2c3b-4498-b576-18147cf38274@group-2077DD483DC7: changes role from  FOLLOWER to FOLLOWER at term 81 for recognizeCandidate:a3132885-145f-4a8c-85f4-c10eb874732d
2019-10-16 11:35:48,142 [grpc-default-executor-5] INFO  impl.RaftServerImpl (RaftServerImpl.java:setRole(184)) - 70b633f6-b230-4b9f-87f3-510da88f1e08@group-2077DD483DC7: changes role from  FOLLOWER to FOLLOWER at term 81 for recognizeCandidate:a3132885-145f-4a8c-85f4-c10eb874732d
2019-10-16 11:35:48,142 [grpc-default-executor-3] INFO  impl.RoleInfo (RoleInfo.java:shutdownFollowerState(121)) - 163587bb-2c3b-4498-b576-18147cf38274: shutdown FollowerState
2019-10-16 11:35:48,142 [grpc-default-executor-5] INFO  impl.RoleInfo (RoleInfo.java:shutdownFollowerState(121)) - 70b633f6-b230-4b9f-87f3-510da88f1e08: shutdown FollowerState
2019-10-16 11:35:48,142 [grpc-default-executor-3] INFO  impl.RoleInfo (RoleInfo.java:updateAndGet(143)) - 163587bb-2c3b-4498-b576-18147cf38274: start FollowerState
2019-10-16 11:35:48,142 [grpc-default-executor-5] INFO  impl.RoleInfo (RoleInfo.java:updateAndGet(143)) - 70b633f6-b230-4b9f-87f3-510da88f1e08: start FollowerState
2019-10-16 11:35:48,142 [Thread-1447] INFO  impl.FollowerState (FollowerState.java:run(117)) - 163587bb-2c3b-4498-b576-18147cf38274@group-2077DD483DC7-FollowerState was interrupted: java.lang.InterruptedException: sleep interrupted
2019-10-16 11:35:48,142 [Thread-1448] INFO  impl.FollowerState (FollowerState.java:run(117)) - 70b633f6-b230-4b9f-87f3-510da88f1e08@group-2077DD483DC7-FollowerState was interrupted: java.lang.InterruptedException: sleep interrupted
2019-10-16 11:35:48,155 [a3132885-145f-4a8c-85f4-c10eb874732d@group-2077DD483DC7-LeaderElection165] INFO  impl.LeaderElection (LeaderElection.java:logAndReturn(56)) - a3132885-145f-4a8c-85f4-c10eb874732d@group-2077DD483DC7-LeaderElection165: Election REJECTED; received 2 response(s) [a3132885-145f-4a8c-85f4-c10eb874732d<-163587bb-2c3b-4498-b576-18147cf38274#0:FAIL-t81, a3132885-145f-4a8c-85f4-c10eb874732d<-70b633f6-b230-4b9f-87f3-510da88f1e08#0:FAIL-t81] and 0 exception(s); a3132885-145f-4a8c-85f4-c10eb874732d@group-2077DD483DC7:t81, leader=null, voted=a3132885-145f-4a8c-85f4-c10eb874732d, raftlog=a3132885-145f-4a8c-85f4-c10eb874732d@group-2077DD483DC7-SegmentedRaftLog:OPENED:c-1,f-1,i0, conf=-1: [163587bb-2c3b-4498-b576-18147cf38274:192.168.157.203:33208, a3132885-145f-4a8c-85f4-c10eb874732d:192.168.157.203:46766, 70b633f6-b230-4b9f-87f3-510da88f1e08:192.168.157.203:43163], old=null
2019-10-16 11:35:48,155 [a3132885-145f-4a8c-85f4-c10eb874732d@group-2077DD483DC7-LeaderElection165] INFO  impl.RaftServerImpl (RaftServerImpl.java:setRole(184)) - a3132885-145f-4a8c-85f4-c10eb874732d@group-2077DD483DC7: changes role from CANDIDATE to FOLLOWER at term 81 for DISCOVERED_A_NEW_TERM
2019-10-16 11:35:48,156 [a3132885-145f-4a8c-85f4-c10eb874732d@group-2077DD483DC7-LeaderElection165] INFO  impl.RoleInfo (RoleInfo.java:shutdownLeaderElection(134)) - a3132885-145f-4a8c-85f4-c10eb874732d: shutdown LeaderElection
2019-10-16 11:35:48,156 [a3132885-145f-4a8c-85f4-c10eb874732d@group-2077DD483DC7-LeaderElection165] INFO  impl.RoleInfo (RoleInfo.java:updateAndGet(143)) - a3132885-145f-4a8c-85f4-c10eb874732d: start FollowerState
2019-10-16 11:35:48,256 [Thread-1467] INFO  impl.FollowerState (FollowerState.java:run(108)) - a3132885-145f-4a8c-85f4-c10eb874732d@group-2077DD483DC7-FollowerState: change to CANDIDATE, lastRpcTime:100ms, electionTimeout:100ms
2019-10-16 11:35:48,256 [Thread-1467] INFO  impl.RoleInfo (RoleInfo.java:shutdownFollowerState(121)) - a3132885-145f-4a8c-85f4-c10eb874732d: shutdown FollowerState
2019-10-16 11:35:48,256 [Thread-1467] INFO  impl.RaftServerImpl (RaftServerImpl.java:setRole(184)) - a3132885-145f-4a8c-85f4-c10eb874732d@group-2077DD483DC7: changes role from  FOLLOWER to CANDIDATE at term 81 for changeToCandidate
2019-10-16 11:35:48,256 [Thread-1467] INFO  impl.RoleInfo (RoleInfo.java:updateAndGet(143)) - a3132885-145f-4a8c-85f4-c10eb874732d: start LeaderElection
2019-10-16 11:35:48,265 [a3132885-145f-4a8c-85f4-c10eb874732d@group-2077DD483DC7-LeaderElection166] INFO  impl.LeaderElection (LeaderElection.java:askForVotes(178)) - a3132885-145f-4a8c-85f4-c10eb874732d@group-2077DD483DC7-LeaderElection166: begin an election at term 82 for -1: [163587bb-2c3b-4498-b576-18147cf38274:192.168.157.203:33208, a3132885-145f-4a8c-85f4-c10eb874732d:192.168.157.203:46766, 70b633f6-b230-4b9f-87f3-510da88f1e08:192.168.157.203:43163], old=null
2019-10-16 11:35:48,266 [grpc-default-executor-3] INFO  impl.RaftServerImpl (RaftServerImpl.java:setRole(184)) - 163587bb-2c3b-4498-b576-18147cf38274@group-2077DD483DC7: changes role from  FOLLOWER to FOLLOWER at term 82 for recognizeCandidate:a3132885-145f-4a8c-85f4-c10eb874732d
2019-10-16 11:35:48,267 [grpc-default-executor-3] INFO  impl.RoleInfo (RoleInfo.java:shutdownFollowerState(121)) - 163587bb-2c3b-4498-b576-18147cf38274: shutdown FollowerState
2019-10-16 11:35:48,267 [grpc-default-executor-3] INFO  impl.RoleInfo (RoleInfo.java:updateAndGet(143)) - 163587bb-2c3b-4498-b576-18147cf38274: start FollowerState
2019-10-16 11:35:48,267 [grpc-default-executor-5] INFO  impl.RaftServerImpl (RaftServerImpl.java:setRole(184)) - 70b633f6-b230-4b9f-87f3-510da88f1e08@group-2077DD483DC7: changes role from  FOLLOWER to FOLLOWER at term 82 for recognizeCandidate:a3132885-145f-4a8c-85f4-c10eb874732d
2019-10-16 11:35:48,267 [grpc-default-executor-5] INFO  impl.RoleInfo (RoleInfo.java:shutdownFollowerState(121)) - 70b633f6-b230-4b9f-87f3-510da88f1e08: shutdown FollowerState
2019-10-16 11:35:48,267 [Thread-1465] INFO  impl.FollowerState (FollowerState.java:run(117)) - 163587bb-2c3b-4498-b576-18147cf38274@group-2077DD483DC7-FollowerState was interrupted: java.lang.InterruptedException: sleep interrupted
2019-10-16 11:35:48,267 [grpc-default-executor-5] INFO  impl.RoleInfo (RoleInfo.java:updateAndGet(143)) - 70b633f6-b230-4b9f-87f3-510da88f1e08: start FollowerState
2019-10-16 11:35:48,267 [Thread-1466] INFO  impl.FollowerState (FollowerState.java:run(117)) - 70b633f6-b230-4b9f-87f3-510da88f1e08@group-2077DD483DC7-FollowerState was interrupted: java.lang.InterruptedException: sleep interrupted
2019-10-16 11:35:48,267 [Thread-1461] INFO  impl.FollowerState (FollowerState.java:run(108)) - 1ee6da7b-5867-4bad-ba0d-a2cfd13fd72a@group-B3673A53AB6F-FollowerState: change to CANDIDATE, lastRpcTime:138ms, electionTimeout:138ms
2019-10-16 11:35:48,268 [Thread-1461] INFO  impl.RoleInfo (RoleInfo.java:shutdownFollowerState(121)) - 1ee6da7b-5867-4bad-ba0d-a2cfd13fd72a: shutdown FollowerState
2019-10-16 11:35:48,268 [Thread-1461] INFO  impl.RaftServerImpl (RaftServerImpl.java:setRole(184)) - 1ee6da7b-5867-4bad-ba0d-a2cfd13fd72a@group-B3673A53AB6F: changes role from  FOLLOWER to CANDIDATE at term 86 for changeToCandidate
2019-10-16 11:35:48,268 [Thread-1461] INFO  impl.RoleInfo (RoleInfo.java:updateAndGet(143)) - 1ee6da7b-5867-4bad-ba0d-a2cfd13fd72a: start LeaderElection
2019-10-16 11:35:48,273 [a3132885-145f-4a8c-85f4-c10eb874732d@group-2077DD483DC7-LeaderElection166] INFO  impl.LeaderElection (LeaderElection.java:logAndReturn(56)) - a3132885-145f-4a8c-85f4-c10eb874732d@group-2077DD483DC7-LeaderElection166: Election REJECTED; received 2 response(s) [a3132885-145f-4a8c-85f4-c10eb874732d<-163587bb-2c3b-4498-b576-18147cf38274#0:FAIL-t82, a3132885-145f-4a8c-85f4-c10eb874732d<-70b633f6-b230-4b9f-87f3-510da88f1e08#0:FAIL-t82] and 0 exception(s); a3132885-145f-4a8c-85f4-c10eb874732d@group-2077DD483DC7:t82, leader=null, voted=a3132885-145f-4a8c-85f4-c10eb874732d, raftlog=a3132885-145f-4a8c-85f4-c10eb874732d@group-2077DD483DC7-SegmentedRaftLog:OPENED:c-1,f-1,i0, conf=-1: [163587bb-2c3b-4498-b576-18147cf38274:192.168.157.203:33208, a3132885-145f-4a8c-85f4-c10eb874732d:192.168.157.203:46766, 70b633f6-b230-4b9f-87f3-510da88f1e08:192.168.157.203:43163], old=null
2019-10-16 11:35:48,274 [a3132885-145f-4a8c-85f4-c10eb874732d@group-2077DD483DC7-LeaderElection166] INFO  impl.RaftServerImpl (RaftServerImpl.java:setRole(184)) - a3132885-145f-4a8c-85f4-c10eb874732d@group-2077DD483DC7: changes role from CANDIDATE to FOLLOWER at term 82 for DISCOVERED_A_NEW_TERM
2019-10-16 11:35:48,274 [a3132885-145f-4a8c-85f4-c10eb874732d@group-2077DD483DC7-LeaderElection166] INFO  impl.RoleInfo (RoleInfo.java:shutdownLeaderElection(134)) - a3132885-145f-4a8c-85f4-c10eb874732d: shutdown LeaderElection
2019-10-16 11:35:48,274 [a3132885-145f-4a8c-85f4-c10eb874732d@group-2077DD483DC7-LeaderElection166] INFO  impl.RoleInfo (RoleInfo.java:updateAndGet(143)) - a3132885-145f-4a8c-85f4-c10eb874732d: start FollowerState
2019-10-16 11:35:48,275 [1ee6da7b-5867-4bad-ba0d-a2cfd13fd72a@group-B3673A53AB6F-LeaderElection167] INFO  impl.LeaderElection (LeaderElection.java:askForVotes(178)) - 1ee6da7b-5867-4bad-ba0d-a2cfd13fd72a@group-B3673A53AB6F-LeaderElection167: begin an election at term 87 for -1: [f94c755f-9f95-40b5-85b9-5e712f3f34e7:192.168.157.203:45275, 1ee6da7b-5867-4bad-ba0d-a2cfd13fd72a:192.168.157.203:35892, 4281bf39-36db-462c-8bc9-3c86cb645344:192.168.157.203:42381], old=null
2019-10-16 11:35:48,277 [grpc-default-executor-3] INFO  impl.RaftServerImpl (RaftServerImpl.java:setRole(184)) - f94c755f-9f95-40b5-85b9-5e712f3f34e7@group-B3673A53AB6F: changes role from  FOLLOWER to FOLLOWER at term 87 for recognizeCandidate:1ee6da7b-5867-4bad-ba0d-a2cfd13fd72a
2019-10-16 11:35:48,277 [grpc-default-executor-5] INFO  impl.RaftServerImpl (RaftServerImpl.java:setRole(184)) - 4281bf39-36db-462c-8bc9-3c86cb645344@group-B3673A53AB6F: changes role from  FOLLOWER to FOLLOWER at term 87 for recognizeCandidate:1ee6da7b-5867-4bad-ba0d-a2cfd13fd72a
2019-10-16 11:35:48,277 [grpc-default-executor-3] INFO  impl.RoleInfo (RoleInfo.java:shutdownFollowerState(121)) - f94c755f-9f95-40b5-85b9-5e712f3f34e7: shutdown FollowerState
2019-10-16 11:35:48,277 [grpc-default-executor-5] INFO  impl.RoleInfo (RoleInfo.java:shutdownFollowerState(121)) - 4281bf39-36db-462c-8bc9-3c86cb645344: shutdown FollowerState
2019-10-16 11:35:48,277 [Thread-1459] INFO  impl.FollowerState (FollowerState.java:run(117)) - f94c755f-9f95-40b5-85b9-5e712f3f34e7@group-B3673A53AB6F-FollowerState was interrupted: java.lang.InterruptedException: sleep interrupted
2019-10-16 11:35:48,277 [grpc-default-executor-3] INFO  impl.RoleInfo (RoleInfo.java:updateAndGet(143)) - f94c755f-9f95-40b5-85b9-5e712f3f34e7: start FollowerState
2019-10-16 11:35:48,277 [Thread-1460] INFO  impl.FollowerState (FollowerState.java:run(117)) - 4281bf39-36db-462c-8bc9-3c86cb645344@group-B3673A53AB6F-FollowerState was interrupted: java.lang.InterruptedException: sleep interrupted
2019-10-16 11:35:48,277 [grpc-default-executor-5] INFO  impl.RoleInfo (RoleInfo.java:updateAndGet(143)) - 4281bf39-36db-462c-8bc9-3c86cb645344: start FollowerState
2019-10-16 11:35:48,280 [1ee6da7b-5867-4bad-ba0d-a2cfd13fd72a@group-B3673A53AB6F-LeaderElection167] INFO  impl.LeaderElection (LeaderElection.java:logAndReturn(56)) - 1ee6da7b-5867-4bad-ba0d-a2cfd13fd72a@group-B3673A53AB6F-LeaderElection167: Election TIMEOUT; received 0 response(s) [] and 0 exception(s); 1ee6da7b-5867-4bad-ba0d-a2cfd13fd72a@group-B3673A53AB6F:t87, leader=null, voted=1ee6da7b-5867-4bad-ba0d-a2cfd13fd72a, raftlog=1ee6da7b-5867-4bad-ba0d-a2cfd13fd72a@group-B3673A53AB6F-SegmentedRaftLog:OPENED:c-1,f-1,i0, conf=-1: [f94c755f-9f95-40b5-85b9-5e712f3f34e7:192.168.157.203:45275, 1ee6da7b-5867-4bad-ba0d-a2cfd13fd72a:192.168.157.203:35892, 4281bf39-36db-462c-8bc9-3c86cb645344:192.168.157.203:42381], old=null
2019-10-16 11:35:48,337 [1ee6da7b-5867-4bad-ba0d-a2cfd13fd72a@group-B3673A53AB6F-LeaderElection167] INFO  impl.LeaderElection (LeaderElection.java:askForVotes(178)) - 1ee6da7b-5867-4bad-ba0d-a2cfd13fd72a@group-B3673A53AB6F-LeaderElection167: begin an election at term 88 for -1: [f94c755f-9f95-40b5-85b9-5e712f3f34e7:192.168.157.203:45275, 1ee6da7b-5867-4bad-ba0d-a2cfd13fd72a:192.168.157.203:35892, 4281bf39-36db-462c-8bc9-3c86cb645344:192.168.157.203:42381], old=null
2019-10-16 11:35:48,339 [grpc-default-executor-3] INFO  impl.RaftServerImpl (RaftServerImpl.java:setRole(184)) - f94c755f-9f95-40b5-85b9-5e712f3f34e7@group-B3673A53AB6F: changes role from  FOLLOWER to FOLLOWER at term 88 for recognizeCandidate:1ee6da7b-5867-4bad-ba0d-a2cfd13fd72a
2019-10-16 11:35:48,339 [grpc-default-executor-3] INFO  impl.RoleInfo (RoleInfo.java:shutdownFollowerState(121)) - f94c755f-9f95-40b5-85b9-5e712f3f34e7: shutdown FollowerState
2019-10-16 11:35:48,339 [grpc-default-executor-3] INFO  impl.RoleInfo (RoleInfo.java:updateAndGet(143)) - f94c755f-9f95-40b5-85b9-5e712f3f34e7: start FollowerState
2019-10-16 11:35:48,339 [Thread-1477] INFO  impl.FollowerState (FollowerState.java:run(117)) - f94c755f-9f95-40b5-85b9-5e712f3f34e7@group-B3673A53AB6F-FollowerState was interrupted: java.lang.InterruptedException: sleep interrupted
2019-10-16 11:35:48,339 [grpc-default-executor-5] INFO  impl.RaftServerImpl (RaftServerImpl.java:setRole(184)) - 4281bf39-36db-462c-8bc9-3c86cb645344@group-B3673A53AB6F: changes role from  FOLLOWER to FOLLOWER at term 88 for recognizeCandidate:1ee6da7b-5867-4bad-ba0d-a2cfd13fd72a
2019-10-16 11:35:48,339 [grpc-default-executor-5] INFO  impl.RoleInfo (RoleInfo.java:shutdownFollowerState(121)) - 4281bf39-36db-462c-8bc9-3c86cb645344: shutdown FollowerState
2019-10-16 11:35:48,339 [grpc-default-executor-5] INFO  impl.RoleInfo (RoleInfo.java:updateAndGet(143)) - 4281bf39-36db-462c-8bc9-3c86cb645344: start FollowerState
2019-10-16 11:35:48,339 [Thread-1478] INFO  impl.FollowerState (FollowerState.java:run(117)) - 4281bf39-36db-462c-8bc9-3c86cb645344@group-B3673A53AB6F-FollowerState was interrupted: java.lang.InterruptedException: sleep interrupted
2019-10-16 11:35:48,352 [1ee6da7b-5867-4bad-ba0d-a2cfd13fd72a@group-B3673A53AB6F-LeaderElection167] INFO  impl.LeaderElection (LeaderElection.java:logAndReturn(56)) - 1ee6da7b-5867-4bad-ba0d-a2cfd13fd72a@group-B3673A53AB6F-LeaderElection167: Election REJECTED; received 2 response(s) [1ee6da7b-5867-4bad-ba0d-a2cfd13fd72a<-f94c755f-9f95-40b5-85b9-5e712f3f34e7#0:FAIL-t88, 1ee6da7b-5867-4bad-ba0d-a2cfd13fd72a<-4281bf39-36db-462c-8bc9-3c86cb645344#0:FAIL-t88] and 0 exception(s); 1ee6da7b-5867-4bad-ba0d-a2cfd13fd72a@group-B3673A53AB6F:t88, leader=null, voted=1ee6da7b-5867-4bad-ba0d-a2cfd13fd72a, raftlog=1ee6da7b-5867-4bad-ba0d-a2cfd13fd72a@group-B3673A53AB6F-SegmentedRaftLog:OPENED:c-1,f-1,i0, conf=-1: [f94c755f-9f95-40b5-85b9-5e712f3f34e7:192.168.157.203:45275, 1ee6da7b-5867-4bad-ba0d-a2cfd13fd72a:192.168.157.203:35892, 4281bf39-36db-462c-8bc9-3c86cb645344:192.168.157.203:42381], old=null
2019-10-16 11:35:48,352 [1ee6da7b-5867-4bad-ba0d-a2cfd13fd72a@group-B3673A53AB6F-LeaderElection167] INFO  impl.RaftServerImpl (RaftServerImpl.java:setRole(184)) - 1ee6da7b-5867-4bad-ba0d-a2cfd13fd72a@group-B3673A53AB6F: changes role from CANDIDATE to FOLLOWER at term 88 for DISCOVERED_A_NEW_TERM
2019-10-16 11:35:48,352 [1ee6da7b-5867-4bad-ba0d-a2cfd13fd72a@group-B3673A53AB6F-LeaderElection167] INFO  impl.RoleInfo (RoleInfo.java:shutdownLeaderElection(134)) - 1ee6da7b-5867-4bad-ba0d-a2cfd13fd72a: shutdown LeaderElection
2019-10-16 11:35:48,352 [1ee6da7b-5867-4bad-ba0d-a2cfd13fd72a@group-B3673A53AB6F-LeaderElection167] INFO  impl.RoleInfo (RoleInfo.java:updateAndGet(143)) - 1ee6da7b-5867-4bad-ba0d-a2cfd13fd72a: start FollowerState
2019-10-16 11:35:48,392 [Thread-1484] INFO  impl.FollowerState (FollowerState.java:run(108)) - 1ee6da7b-5867-4bad-ba0d-a2cfd13fd72a@group-B3673A53AB6F-FollowerState: change to CANDIDATE, lastRpcTime:39ms, electionTimeout:39ms
2019-10-16 11:35:48,392 [Thread-1484] INFO  impl.RoleInfo (RoleInfo.java:shutdownFollowerState(121)) - 1ee6da7b-5867-4bad-ba0d-a2cfd13fd72a: shutdown FollowerState
2019-10-16 11:35:48,392 [Thread-1484] INFO  impl.RaftServerImpl (RaftServerImpl.java:setRole(184)) - 1ee6da7b-5867-4bad-ba0d-a2cfd13fd72a@group-B3673A53AB6F: changes role from  FOLLOWER to CANDIDATE at term 88 for changeToCandidate
2019-10-16 11:35:48,392 [Thread-1484] INFO  impl.RoleInfo (RoleInfo.java:updateAndGet(143)) - 1ee6da7b-5867-4bad-ba0d-a2cfd13fd72a: start LeaderElection
2019-10-16 11:35:48,412 [1ee6da7b-5867-4bad-ba0d-a2cfd13fd72a@group-B3673A53AB6F-LeaderElection168] INFO  impl.LeaderElection (LeaderElection.java:askForVotes(178)) - 1ee6da7b-5867-4bad-ba0d-a2cfd13fd72a@group-B3673A53AB6F-LeaderElection168: begin an election at term 89 for -1: [f94c755f-9f95-40b5-85b9-5e712f3f34e7:192.168.157.203:45275, 1ee6da7b-5867-4bad-ba0d-a2cfd13fd72a:192.168.157.203:35892, 4281bf39-36db-462c-8bc9-3c86cb645344:192.168.157.203:42381], old=null
2019-10-16 11:35:48,416 [grpc-default-executor-5] INFO  impl.RaftServerImpl (RaftServerImpl.java:setRole(184)) - 4281bf39-36db-462c-8bc9-3c86cb645344@group-B3673A53AB6F: changes role from  FOLLOWER to FOLLOWER at term 89 for recognizeCandidate:1ee6da7b-5867-4bad-ba0d-a2cfd13fd72a
2019-10-16 11:35:48,416 [grpc-default-executor-5] INFO  impl.RoleInfo (RoleInfo.java:shutdownFollowerState(121)) - 4281bf39-36db-462c-8bc9-3c86cb645344: shutdown FollowerState
2019-10-16 11:35:48,416 [grpc-default-executor-5] INFO  impl.RoleInfo (RoleInfo.java:updateAndGet(143)) - 4281bf39-36db-462c-8bc9-3c86cb645344: start FollowerState
2019-10-16 11:35:48,416 [Thread-1482] INFO  impl.FollowerState (FollowerState.java:run(117)) - 4281bf39-36db-462c-8bc9-3c86cb645344@group-B3673A53AB6F-FollowerState was interrupted: java.lang.InterruptedException: sleep interrupted
2019-10-16 11:35:48,417 [grpc-default-executor-3] INFO  impl.RaftServerImpl (RaftServerImpl.java:setRole(184)) - f94c755f-9f95-40b5-85b9-5e712f3f34e7@group-B3673A53AB6F: changes role from  FOLLOWER to FOLLOWER at term 89 for recognizeCandidate:1ee6da7b-5867-4bad-ba0d-a2cfd13fd72a
2019-10-16 11:35:48,418 [grpc-default-executor-3] INFO  impl.RoleInfo (RoleInfo.java:shutdownFollowerState(121)) - f94c755f-9f95-40b5-85b9-5e712f3f34e7: shutdown FollowerState
2019-10-16 11:35:48,418 [grpc-default-executor-3] INFO  impl.RoleInfo (RoleInfo.java:updateAndGet(143)) - f94c755f-9f95-40b5-85b9-5e712f3f34e7: start FollowerState
2019-10-16 11:35:48,421 [Thread-1481] INFO  impl.FollowerState (FollowerState.java:run(117)) - f94c755f-9f95-40b5-85b9-5e712f3f34e7@group-B3673A53AB6F-FollowerState was interrupted: java.lang.InterruptedException: sleep interrupted
2019-10-16 11:35:48,421 [Thread-1474] INFO  impl.FollowerState (FollowerState.java:run(108)) - a3132885-145f-4a8c-85f4-c10eb874732d@group-2077DD483DC7-FollowerState: change to CANDIDATE, lastRpcTime:147ms, electionTimeout:147ms
2019-10-16 11:35:48,421 [Thread-1474] INFO  impl.RoleInfo (RoleInfo.java:shutdownFollowerState(121)) - a3132885-145f-4a8c-85f4-c10eb874732d: shutdown FollowerState
2019-10-16 11:35:48,422 [Thread-1474] INFO  impl.RaftServerImpl (RaftServerImpl.java:setRole(184)) - a3132885-145f-4a8c-85f4-c10eb874732d@group-2077DD483DC7: changes role from  FOLLOWER to CANDIDATE at term 82 for changeToCandidate
2019-10-16 11:35:48,422 [Thread-1474] INFO  impl.RoleInfo (RoleInfo.java:updateAndGet(143)) - a3132885-145f-4a8c-85f4-c10eb874732d: start LeaderElection
2019-10-16 11:35:48,454 [a3132885-145f-4a8c-85f4-c10eb874732d@group-2077DD483DC7-LeaderElection169] INFO  impl.LeaderElection (LeaderElection.java:askForVotes(178)) - a3132885-145f-4a8c-85f4-c10eb874732d@group-2077DD483DC7-LeaderElection169: begin an election at term 83 for -1: [163587bb-2c3b-4498-b576-18147cf38274:192.168.157.203:33208, a3132885-145f-4a8c-85f4-c10eb874732d:192.168.157.203:46766, 70b633f6-b230-4b9f-87f3-510da88f1e08:192.168.157.203:43163], old=null
2019-10-16 11:35:48,456 [1ee6da7b-5867-4bad-ba0d-a2cfd13fd72a@group-B3673A53AB6F-LeaderElection168] INFO  impl.LeaderElection (LeaderElection.java:logAndReturn(56)) - 1ee6da7b-5867-4bad-ba0d-a2cfd13fd72a@group-B3673A53AB6F-LeaderElection168: Election REJECTED; received 2 response(s) [1ee6da7b-5867-4bad-ba0d-a2cfd13fd72a<-f94c755f-9f95-40b5-85b9-5e712f3f34e7#0:FAIL-t89, 1ee6da7b-5867-4bad-ba0d-a2cfd13fd72a<-4281bf39-36db-462c-8bc9-3c86cb645344#0:FAIL-t89] and 0 exception(s); 1ee6da7b-5867-4bad-ba0d-a2cfd13fd72a@group-B3673A53AB6F:t89, leader=null, voted=1ee6da7b-5867-4bad-ba0d-a2cfd13fd72a, raftlog=1ee6da7b-5867-4bad-ba0d-a2cfd13fd72a@group-B3673A53AB6F-SegmentedRaftLog:OPENED:c-1,f-1,i0, conf=-1: [f94c755f-9f95-40b5-85b9-5e712f3f34e7:192.168.157.203:45275, 1ee6da7b-5867-4bad-ba0d-a2cfd13fd72a:192.168.157.203:35892, 4281bf39-36db-462c-8bc9-3c86cb645344:192.168.157.203:42381], old=null
2019-10-16 11:35:48,456 [grpc-default-executor-3] INFO  impl.RaftServerImpl (RaftServerImpl.java:setRole(184)) - 163587bb-2c3b-4498-b576-18147cf38274@group-2077DD483DC7: changes role from  FOLLOWER to FOLLOWER at term 83 for recognizeCandidate:a3132885-145f-4a8c-85f4-c10eb874732d
2019-10-16 11:35:48,456 [1ee6da7b-5867-4bad-ba0d-a2cfd13fd72a@group-B3673A53AB6F-LeaderElection168] INFO  impl.RaftServerImpl (RaftServerImpl.java:setRole(184)) - 1ee6da7b-5867-4bad-ba0d-a2cfd13fd72a@group-B3673A53AB6F: changes role from CANDIDATE to FOLLOWER at term 89 for DISCOVERED_A_NEW_TERM
2019-10-16 11:35:48,457 [1ee6da7b-5867-4bad-ba0d-a2cfd13fd72a@group-B3673A53AB6F-LeaderElection168] INFO  impl.RoleInfo (RoleInfo.java:shutdownLeaderElection(134)) - 1ee6da7b-5867-4bad-ba0d-a2cfd13fd72a: shutdown LeaderElection
2019-10-16 11:35:48,457 [grpc-default-executor-3] INFO  impl.RoleInfo (RoleInfo.java:shutdownFollowerState(121)) - 163587bb-2c3b-4498-b576-18147cf38274: shutdown FollowerState
2019-10-16 11:35:48,457 [1ee6da7b-5867-4bad-ba0d-a2cfd13fd72a@group-B3673A53AB6F-LeaderElection168] INFO  impl.RoleInfo (RoleInfo.java:updateAndGet(143)) - 1ee6da7b-5867-4bad-ba0d-a2cfd13fd72a: start FollowerState
2019-10-16 11:35:48,457 [grpc-default-executor-3] INFO  impl.RoleInfo (RoleInfo.java:updateAndGet(143)) - 163587bb-2c3b-4498-b576-18147cf38274: start FollowerState
2019-10-16 11:35:48,457 [Thread-1471] INFO  impl.FollowerState (FollowerState.java:run(117)) - 163587bb-2c3b-4498-b576-18147cf38274@group-2077DD483DC7-FollowerState was interrupted: java.lang.InterruptedException: sleep interrupted
2019-10-16 11:35:48,460 [grpc-default-executor-5] INFO  impl.RaftServerImpl (RaftServerImpl.java:setRole(184)) - 70b633f6-b230-4b9f-87f3-510da88f1e08@group-2077DD483DC7: changes role from  FOLLOWER to FOLLOWER at term 83 for recognizeCandidate:a3132885-145f-4a8c-85f4-c10eb874732d
2019-10-16 11:35:48,460 [grpc-default-executor-5] INFO  impl.RoleInfo (RoleInfo.java:shutdownFollowerState(121)) - 70b633f6-b230-4b9f-87f3-510da88f1e08: shutdown FollowerState
2019-10-16 11:35:48,460 [grpc-default-executor-5] INFO  impl.RoleInfo (RoleInfo.java:updateAndGet(143)) - 70b633f6-b230-4b9f-87f3-510da88f1e08: start FollowerState
2019-10-16 11:35:48,460 [Thread-1472] INFO  impl.FollowerState (FollowerState.java:run(117)) - 70b633f6-b230-4b9f-87f3-510da88f1e08@group-2077DD483DC7-FollowerState was interrupted: java.lang.InterruptedException: sleep interrupted
2019-10-16 11:35:48,468 [a3132885-145f-4a8c-85f4-c10eb874732d@group-2077DD483DC7-LeaderElection169] INFO  impl.LeaderElection (LeaderElection.java:logAndReturn(56)) - a3132885-145f-4a8c-85f4-c10eb874732d@group-2077DD483DC7-LeaderElection169: Election REJECTED; received 2 response(s) [a3132885-145f-4a8c-85f4-c10eb874732d<-163587bb-2c3b-4498-b576-18147cf38274#0:FAIL-t83, a3132885-145f-4a8c-85f4-c10eb874732d<-70b633f6-b230-4b9f-87f3-510da88f1e08#0:FAIL-t83] and 0 exception(s); a3132885-145f-4a8c-85f4-c10eb874732d@group-2077DD483DC7:t83, leader=null, voted=a3132885-145f-4a8c-85f4-c10eb874732d, raftlog=a3132885-145f-4a8c-85f4-c10eb874732d@group-2077DD483DC7-SegmentedRaftLog:OPENED:c-1,f-1,i0, conf=-1: [163587bb-2c3b-4498-b576-18147cf38274:192.168.157.203:33208, a3132885-145f-4a8c-85f4-c10eb874732d:192.168.157.203:46766, 70b633f6-b230-4b9f-87f3-510da88f1e08:192.168.157.203:43163], old=null
2019-10-16 11:35:48,468 [a3132885-145f-4a8c-85f4-c10eb874732d@group-2077DD483DC7-LeaderElection169] INFO  impl.RaftServerImpl (RaftServerImpl.java:setRole(184)) - a3132885-145f-4a8c-85f4-c10eb874732d@group-2077DD483DC7: changes role from CANDIDATE to FOLLOWER at term 83 for DISCOVERED_A_NEW_TERM
2019-10-16 11:35:48,468 [a3132885-145f-4a8c-85f4-c10eb874732d@group-2077DD483DC7-LeaderElection169] INFO  impl.RoleInfo (RoleInfo.java:shutdownLeaderElection(134)) - a3132885-145f-4a8c-85f4-c10eb874732d: shutdown LeaderElection
2019-10-16 11:35:48,468 [a3132885-145f-4a8c-85f4-c10eb874732d@group-2077DD483DC7-LeaderElection169] INFO  impl.RoleInfo (RoleInfo.java:updateAndGet(143)) - a3132885-145f-4a8c-85f4-c10eb874732d: start FollowerState
2019-10-16 11:35:48,559 [Thread-1494] INFO  impl.FollowerState (FollowerState.java:run(108)) - 1ee6da7b-5867-4bad-ba0d-a2cfd13fd72a@group-B3673A53AB6F-FollowerState: change to CANDIDATE, lastRpcTime:102ms, electionTimeout:102ms
2019-10-16 11:35:48,560 [Thread-1494] INFO  impl.RoleInfo (RoleInfo.java:shutdownFollowerState(121)) - 1ee6da7b-5867-4bad-ba0d-a2cfd13fd72a: shutdown FollowerState
2019-10-16 11:35:48,560 [Thread-1494] INFO  impl.RaftServerImpl (RaftServerImpl.java:setRole(184)) - 1ee6da7b-5867-4bad-ba0d-a2cfd13fd72a@group-B3673A53AB6F: changes role from  FOLLOWER to CANDIDATE at term 89 for changeToCandidate
2019-10-16 11:35:48,560 [Thread-1494] INFO  impl.RoleInfo (RoleInfo.java:updateAndGet(143)) - 1ee6da7b-5867-4bad-ba0d-a2cfd13fd72a: start LeaderElection
2019-10-16 11:35:48,563 [1ee6da7b-5867-4bad-ba0d-a2cfd13fd72a@group-B3673A53AB6F-LeaderElection170] INFO  impl.LeaderElection (LeaderElection.java:askForVotes(178)) - 1ee6da7b-5867-4bad-ba0d-a2cfd13fd72a@group-B3673A53AB6F-LeaderElection170: begin an election at term 90 for -1: [f94c755f-9f95-40b5-85b9-5e712f3f34e7:192.168.157.203:45275, 1ee6da7b-5867-4bad-ba0d-a2cfd13fd72a:192.168.157.203:35892, 4281bf39-36db-462c-8bc9-3c86cb645344:192.168.157.203:42381], old=null
2019-10-16 11:35:48,565 [grpc-default-executor-3] INFO  impl.RaftServerImpl (RaftServerImpl.java:setRole(184)) - f94c755f-9f95-40b5-85b9-5e712f3f34e7@group-B3673A53AB6F: changes role from  FOLLOWER to FOLLOWER at term 90 for recognizeCandidate:1ee6da7b-5867-4bad-ba0d-a2cfd13fd72a
2019-10-16 11:35:48,565 [grpc-default-executor-5] INFO  impl.RaftServerImpl (RaftServerImpl.java:setRole(184)) - 4281bf39-36db-462c-8bc9-3c86cb645344@group-B3673A53AB6F: changes role from  FOLLOWER to FOLLOWER at term 90 for recognizeCandidate:1ee6da7b-5867-4bad-ba0d-a2cfd13fd72a
2019-10-16 11:35:48,565 [grpc-default-executor-3] INFO  impl.RoleInfo (RoleInfo.java:shutdownFollowerState(121)) - f94c755f-9f95-40b5-85b9-5e712f3f34e7: shutdown FollowerState
2019-10-16 11:35:48,565 [grpc-default-executor-5] INFO  impl.RoleInfo (RoleInfo.java:shutdownFollowerState(121)) - 4281bf39-36db-462c-8bc9-3c86cb645344: shutdown FollowerState
2019-10-16 11:35:48,565 [Thread-1490] INFO  impl.FollowerState (FollowerState.java:run(117)) - f94c755f-9f95-40b5-85b9-5e712f3f34e7@group-B3673A53AB6F-FollowerState was interrupted: java.lang.InterruptedException: sleep interrupted
2019-10-16 11:35:48,565 [grpc-default-executor-3] INFO  impl.RoleInfo (RoleInfo.java:updateAndGet(143)) - f94c755f-9f95-40b5-85b9-5e712f3f34e7: start FollowerState
2019-10-16 11:35:48,565 [Thread-1489] INFO  impl.FollowerState (FollowerState.java:run(117)) - 4281bf39-36db-462c-8bc9-3c86cb645344@group-B3673A53AB6F-FollowerState was interrupted: java.lang.InterruptedException: sleep interrupted
2019-10-16 11:35:48,565 [grpc-default-executor-5] INFO  impl.RoleInfo (RoleInfo.java:updateAndGet(143)) - 4281bf39-36db-462c-8bc9-3c86cb645344: start FollowerState
2019-10-16 11:35:48,571 [1ee6da7b-5867-4bad-ba0d-a2cfd13fd72a@group-B3673A53AB6F-LeaderElection170] INFO  impl.LeaderElection (LeaderElection.java:logAndReturn(56)) - 1ee6da7b-5867-4bad-ba0d-a2cfd13fd72a@group-B3673A53AB6F-LeaderElection170: Election REJECTED; received 2 response(s) [1ee6da7b-5867-4bad-ba0d-a2cfd13fd72a<-f94c755f-9f95-40b5-85b9-5e712f3f34e7#0:FAIL-t90, 1ee6da7b-5867-4bad-ba0d-a2cfd13fd72a<-4281bf39-36db-462c-8bc9-3c86cb645344#0:FAIL-t90] and 0 exception(s); 1ee6da7b-5867-4bad-ba0d-a2cfd13fd72a@group-B3673A53AB6F:t90, leader=null, voted=1ee6da7b-5867-4bad-ba0d-a2cfd13fd72a, raftlog=1ee6da7b-5867-4bad-ba0d-a2cfd13fd72a@group-B3673A53AB6F-SegmentedRaftLog:OPENED:c-1,f-1,i0, conf=-1: [f94c755f-9f95-40b5-85b9-5e712f3f34e7:192.168.157.203:45275, 1ee6da7b-5867-4bad-ba0d-a2cfd13fd72a:192.168.157.203:35892, 4281bf39-36db-462c-8bc9-3c86cb645344:192.168.157.203:42381], old=null
2019-10-16 11:35:48,572 [1ee6da7b-5867-4bad-ba0d-a2cfd13fd72a@group-B3673A53AB6F-LeaderElection170] INFO  impl.RaftServerImpl (RaftServerImpl.java:setRole(184)) - 1ee6da7b-5867-4bad-ba0d-a2cfd13fd72a@group-B3673A53AB6F: changes role from CANDIDATE to FOLLOWER at term 90 for DISCOVERED_A_NEW_TERM
2019-10-16 11:35:48,572 [1ee6da7b-5867-4bad-ba0d-a2cfd13fd72a@group-B3673A53AB6F-LeaderElection170] INFO  impl.RoleInfo (RoleInfo.java:shutdownLeaderElection(134)) - 1ee6da7b-5867-4bad-ba0d-a2cfd13fd72a: shutdown LeaderElection
2019-10-16 11:35:48,572 [1ee6da7b-5867-4bad-ba0d-a2cfd13fd72a@group-B3673A53AB6F-LeaderElection170] INFO  impl.RoleInfo (RoleInfo.java:updateAndGet(143)) - 1ee6da7b-5867-4bad-ba0d-a2cfd13fd72a: start FollowerState
2019-10-16 11:35:48,620 [Thread-1497] INFO  impl.FollowerState (FollowerState.java:run(108)) - a3132885-145f-4a8c-85f4-c10eb874732d@group-2077DD483DC7-FollowerState: change to CANDIDATE, lastRpcTime:152ms, electionTimeout:152ms
2019-10-16 11:35:48,621 [Thread-1497] INFO  impl.RoleInfo (RoleInfo.java:shutdownFollowerState(121)) - a3132885-145f-4a8c-85f4-c10eb874732d: shutdown FollowerState
2019-10-16 11:35:48,621 [Thread-1497] INFO  impl.RaftServerImpl (RaftServerImpl.java:setRole(184)) - a3132885-145f-4a8c-85f4-c10eb874732d@group-2077DD483DC7: changes role from  FOLLOWER to CANDIDATE at term 83 for changeToCandidate
2019-10-16 11:35:48,621 [Thread-1497] INFO  impl.RoleInfo (RoleInfo.java:updateAndGet(143)) - a3132885-145f-4a8c-85f4-c10eb874732d: start LeaderElection
2019-10-16 11:35:48,637 [a3132885-145f-4a8c-85f4-c10eb874732d@group-2077DD483DC7-LeaderElection171] INFO  impl.LeaderElection (LeaderElection.java:askForVotes(178)) - a3132885-145f-4a8c-85f4-c10eb874732d@group-2077DD483DC7-LeaderElection171: begin an election at term 84 for -1: [163587bb-2c3b-4498-b576-18147cf38274:192.168.157.203:33208, a3132885-145f-4a8c-85f4-c10eb874732d:192.168.157.203:46766, 70b633f6-b230-4b9f-87f3-510da88f1e08:192.168.157.203:43163], old=null
2019-10-16 11:35:48,639 [grpc-default-executor-3] INFO  impl.RaftServerImpl (RaftServerImpl.java:setRole(184)) - 163587bb-2c3b-4498-b576-18147cf38274@group-2077DD483DC7: changes role from  FOLLOWER to FOLLOWER at term 84 for recognizeCandidate:a3132885-145f-4a8c-85f4-c10eb874732d
2019-10-16 11:35:48,639 [grpc-default-executor-5] INFO  impl.RaftServerImpl (RaftServerImpl.java:setRole(184)) - 70b633f6-b230-4b9f-87f3-510da88f1e08@group-2077DD483DC7: changes role from  FOLLOWER to FOLLOWER at term 84 for recognizeCandidate:a3132885-145f-4a8c-85f4-c10eb874732d
2019-10-16 11:35:48,639 [grpc-default-executor-3] INFO  impl.RoleInfo (RoleInfo.java:shutdownFollowerState(121)) - 163587bb-2c3b-4498-b576-18147cf38274: shutdown FollowerState
2019-10-16 11:35:48,639 [grpc-default-executor-5] INFO  impl.RoleInfo (RoleInfo.java:shutdownFollowerState(121)) - 70b633f6-b230-4b9f-87f3-510da88f1e08: shutdown FollowerState
2019-10-16 11:35:48,640 [Thread-1495] INFO  impl.FollowerState (FollowerState.java:run(117)) - 163587bb-2c3b-4498-b576-18147cf38274@group-2077DD483DC7-FollowerState was interrupted: java.lang.InterruptedException: sleep interrupted
2019-10-16 11:35:48,640 [Thread-1496] INFO  impl.FollowerState (FollowerState.java:run(117)) - 70b633f6-b230-4b9f-87f3-510da88f1e08@group-2077DD483DC7-FollowerState was interrupted: java.lang.InterruptedException: sleep interrupted
2019-10-16 11:35:48,640 [grpc-default-executor-3] INFO  impl.RoleInfo (RoleInfo.java:updateAndGet(143)) - 163587bb-2c3b-4498-b576-18147cf38274: start FollowerState
2019-10-16 11:35:48,640 [grpc-default-executor-5] INFO  impl.RoleInfo (RoleInfo.java:updateAndGet(143)) - 70b633f6-b230-4b9f-87f3-510da88f1e08: start FollowerState
2019-10-16 11:35:48,651 [a3132885-145f-4a8c-85f4-c10eb874732d@group-2077DD483DC7-LeaderElection171] INFO  impl.LeaderElection (LeaderElection.java:logAndReturn(56)) - a3132885-145f-4a8c-85f4-c10eb874732d@group-2077DD483DC7-LeaderElection171: Election TIMEOUT; received 0 response(s) [] and 0 exception(s); a3132885-145f-4a8c-85f4-c10eb874732d@group-2077DD483DC7:t84, leader=null, voted=a3132885-145f-4a8c-85f4-c10eb874732d, raftlog=a3132885-145f-4a8c-85f4-c10eb874732d@group-2077DD483DC7-SegmentedRaftLog:OPENED:c-1,f-1,i0, conf=-1: [163587bb-2c3b-4498-b576-18147cf38274:192.168.157.203:33208, a3132885-145f-4a8c-85f4-c10eb874732d:192.168.157.203:46766, 70b633f6-b230-4b9f-87f3-510da88f1e08:192.168.157.203:43163], old=null
2019-10-16 11:35:48,655 [a3132885-145f-4a8c-85f4-c10eb874732d@group-2077DD483DC7-LeaderElection171] INFO  impl.LeaderElection (LeaderElection.java:askForVotes(178)) - a3132885-145f-4a8c-85f4-c10eb874732d@group-2077DD483DC7-LeaderElection171: begin an election at term 85 for -1: [163587bb-2c3b-4498-b576-18147cf38274:192.168.157.203:33208, a3132885-145f-4a8c-85f4-c10eb874732d:192.168.157.203:46766, 70b633f6-b230-4b9f-87f3-510da88f1e08:192.168.157.203:43163], old=null
2019-10-16 11:35:48,657 [grpc-default-executor-3] INFO  impl.RaftServerImpl (RaftServerImpl.java:setRole(184)) - 163587bb-2c3b-4498-b576-18147cf38274@group-2077DD483DC7: changes role from  FOLLOWER to FOLLOWER at term 85 for recognizeCandidate:a3132885-145f-4a8c-85f4-c10eb874732d
2019-10-16 11:35:48,657 [grpc-default-executor-5] INFO  impl.RaftServerImpl (RaftServerImpl.java:setRole(184)) - 70b633f6-b230-4b9f-87f3-510da88f1e08@group-2077DD483DC7: changes role from  FOLLOWER to FOLLOWER at term 85 for recognizeCandidate:a3132885-145f-4a8c-85f4-c10eb874732d
2019-10-16 11:35:48,657 [grpc-default-executor-3] INFO  impl.RoleInfo (RoleInfo.java:shutdownFollowerState(121)) - 163587bb-2c3b-4498-b576-18147cf38274: shutdown FollowerState
2019-10-16 11:35:48,657 [grpc-default-executor-5] INFO  impl.RoleInfo (RoleInfo.java:shutdownFollowerState(121)) - 70b633f6-b230-4b9f-87f3-510da88f1e08: shutdown FollowerState
2019-10-16 11:35:48,657 [Thread-1507] INFO  impl.FollowerState (FollowerState.java:run(117)) - 163587bb-2c3b-4498-b576-18147cf38274@group-2077DD483DC7-FollowerState was interrupted: java.lang.InterruptedException: sleep interrupted
2019-10-16 11:35:48,657 [grpc-default-executor-3] INFO  impl.RoleInfo (RoleInfo.java:updateAndGet(143)) - 163587bb-2c3b-4498-b576-18147cf38274: start FollowerState
2019-10-16 11:35:48,657 [Thread-1508] INFO  impl.FollowerState (FollowerState.java:run(117)) - 70b633f6-b230-4b9f-87f3-510da88f1e08@group-2077DD483DC7-FollowerState was interrupted: java.lang.InterruptedException: sleep interrupted
2019-10-16 11:35:48,657 [grpc-default-executor-5] INFO  impl.RoleInfo (RoleInfo.java:updateAndGet(143)) - 70b633f6-b230-4b9f-87f3-510da88f1e08: start FollowerState
2019-10-16 11:35:48,663 [Thread-1503] INFO  impl.FollowerState (FollowerState.java:run(108)) - 1ee6da7b-5867-4bad-ba0d-a2cfd13fd72a@group-B3673A53AB6F-FollowerState: change to CANDIDATE, lastRpcTime:91ms, electionTimeout:91ms
2019-10-16 11:35:48,663 [Thread-1503] INFO  impl.RoleInfo (RoleInfo.java:shutdownFollowerState(121)) - 1ee6da7b-5867-4bad-ba0d-a2cfd13fd72a: shutdown FollowerState
2019-10-16 11:35:48,664 [Thread-1503] INFO  impl.RaftServerImpl (RaftServerImpl.java:setRole(184)) - 1ee6da7b-5867-4bad-ba0d-a2cfd13fd72a@group-B3673A53AB6F: changes role from  FOLLOWER to CANDIDATE at term 90 for changeToCandidate
2019-10-16 11:35:48,664 [Thread-1503] INFO  impl.RoleInfo (RoleInfo.java:updateAndGet(143)) - 1ee6da7b-5867-4bad-ba0d-a2cfd13fd72a: start LeaderElection
2019-10-16 11:35:48,670 [a3132885-145f-4a8c-85f4-c10eb874732d@group-2077DD483DC7-LeaderElection171] INFO  impl.LeaderElection (LeaderElection.java:logAndReturn(56)) - a3132885-145f-4a8c-85f4-c10eb874732d@group-2077DD483DC7-LeaderElection171: Election REJECTED; received 2 response(s) [a3132885-145f-4a8c-85f4-c10eb874732d<-163587bb-2c3b-4498-b576-18147cf38274#0:FAIL-t85, a3132885-145f-4a8c-85f4-c10eb874732d<-70b633f6-b230-4b9f-87f3-510da88f1e08#0:FAIL-t85] and 0 exception(s); a3132885-145f-4a8c-85f4-c10eb874732d@group-2077DD483DC7:t85, leader=null, voted=a3132885-145f-4a8c-85f4-c10eb874732d, raftlog=a3132885-145f-4a8c-85f4-c10eb874732d@group-2077DD483DC7-SegmentedRaftLog:OPENED:c-1,f-1,i0, conf=-1: [163587bb-2c3b-4498-b576-18147cf38274:192.168.157.203:33208, a3132885-145f-4a8c-85f4-c10eb874732d:192.168.157.203:46766, 70b633f6-b230-4b9f-87f3-510da88f1e08:192.168.157.203:43163], old=null
2019-10-16 11:35:48,670 [a3132885-145f-4a8c-85f4-c10eb874732d@group-2077DD483DC7-LeaderElection171] INFO  impl.RaftServerImpl (RaftServerImpl.java:setRole(184)) - a3132885-145f-4a8c-85f4-c10eb874732d@group-2077DD483DC7: changes role from CANDIDATE to FOLLOWER at term 85 for DISCOVERED_A_NEW_TERM
2019-10-16 11:35:48,671 [a3132885-145f-4a8c-85f4-c10eb874732d@group-2077DD483DC7-LeaderElection171] INFO  impl.RoleInfo (RoleInfo.java:shutdownLeaderElection(134)) - a3132885-145f-4a8c-85f4-c10eb874732d: shutdown LeaderElection
2019-10-16 11:35:48,671 [a3132885-145f-4a8c-85f4-c10eb874732d@group-2077DD483DC7-LeaderElection171] INFO  impl.RoleInfo (RoleInfo.java:updateAndGet(143)) - a3132885-145f-4a8c-85f4-c10eb874732d: start FollowerState
2019-10-16 11:35:48,674 [1ee6da7b-5867-4bad-ba0d-a2cfd13fd72a@group-B3673A53AB6F-LeaderElection172] INFO  impl.LeaderElection (LeaderElection.java:askForVotes(178)) - 1ee6da7b-5867-4bad-ba0d-a2cfd13fd72a@group-B3673A53AB6F-LeaderElection172: begin an election at term 91 for -1: [f94c755f-9f95-40b5-85b9-5e712f3f34e7:192.168.157.203:45275, 1ee6da7b-5867-4bad-ba0d-a2cfd13fd72a:192.168.157.203:35892, 4281bf39-36db-462c-8bc9-3c86cb645344:192.168.157.203:42381], old=null
2019-10-16 11:35:48,675 [grpc-default-executor-3] INFO  impl.RaftServerImpl (RaftServerImpl.java:setRole(184)) - f94c755f-9f95-40b5-85b9-5e712f3f34e7@group-B3673A53AB6F: changes role from  FOLLOWER to FOLLOWER at term 91 for recognizeCandidate:1ee6da7b-5867-4bad-ba0d-a2cfd13fd72a
2019-10-16 11:35:48,675 [grpc-default-executor-3] INFO  impl.RoleInfo (RoleInfo.java:shutdownFollowerState(121)) - f94c755f-9f95-40b5-85b9-5e712f3f34e7: shutdown FollowerState
2019-10-16 11:35:48,675 [grpc-default-executor-3] INFO  impl.RoleInfo (RoleInfo.java:updateAndGet(143)) - f94c755f-9f95-40b5-85b9-5e712f3f34e7: start FollowerState
2019-10-16 11:35:48,675 [grpc-default-executor-5] INFO  impl.RaftServerImpl (RaftServerImpl.java:setRole(184)) - 4281bf39-36db-462c-8bc9-3c86cb645344@group-B3673A53AB6F: changes role from  FOLLOWER to FOLLOWER at term 91 for recognizeCandidate:1ee6da7b-5867-4bad-ba0d-a2cfd13fd72a
2019-10-16 11:35:48,675 [grpc-default-executor-5] INFO  impl.RoleInfo (RoleInfo.java:shutdownFollowerState(121)) - 4281bf39-36db-462c-8bc9-3c86cb645344: shutdown FollowerState
2019-10-16 11:35:48,675 [Thread-1501] INFO  impl.FollowerState (FollowerState.java:run(117)) - f94c755f-9f95-40b5-85b9-5e712f3f34e7@group-B3673A53AB6F-FollowerState was interrupted: java.lang.InterruptedException: sleep interrupted
2019-10-16 11:35:48,675 [grpc-default-executor-5] INFO  impl.RoleInfo (RoleInfo.java:updateAndGet(143)) - 4281bf39-36db-462c-8bc9-3c86cb645344: start FollowerState
2019-10-16 11:35:48,675 [Thread-1502] INFO  impl.FollowerState (FollowerState.java:run(117)) - 4281bf39-36db-462c-8bc9-3c86cb645344@group-B3673A53AB6F-FollowerState was interrupted: java.lang.InterruptedException: sleep interrupted
2019-10-16 11:35:48,690 [1ee6da7b-5867-4bad-ba0d-a2cfd13fd72a@group-B3673A53AB6F-LeaderElection172] INFO  impl.LeaderElection (LeaderElection.java:logAndReturn(56)) - 1ee6da7b-5867-4bad-ba0d-a2cfd13fd72a@group-B3673A53AB6F-LeaderElection172: Election REJECTED; received 2 response(s) [1ee6da7b-5867-4bad-ba0d-a2cfd13fd72a<-f94c755f-9f95-40b5-85b9-5e712f3f34e7#0:FAIL-t91, 1ee6da7b-5867-4bad-ba0d-a2cfd13fd72a<-4281bf39-36db-462c-8bc9-3c86cb645344#0:FAIL-t91] and 0 exception(s); 1ee6da7b-5867-4bad-ba0d-a2cfd13fd72a@group-B3673A53AB6F:t91, leader=null, voted=1ee6da7b-5867-4bad-ba0d-a2cfd13fd72a, raftlog=1ee6da7b-5867-4bad-ba0d-a2cfd13fd72a@group-B3673A53AB6F-SegmentedRaftLog:OPENED:c-1,f-1,i0, conf=-1: [f94c755f-9f95-40b5-85b9-5e712f3f34e7:192.168.157.203:45275, 1ee6da7b-5867-4bad-ba0d-a2cfd13fd72a:192.168.157.203:35892, 4281bf39-36db-462c-8bc9-3c86cb645344:192.168.157.203:42381], old=null
2019-10-16 11:35:48,690 [1ee6da7b-5867-4bad-ba0d-a2cfd13fd72a@group-B3673A53AB6F-LeaderElection172] INFO  impl.RaftServerImpl (RaftServerImpl.java:setRole(184)) - 1ee6da7b-5867-4bad-ba0d-a2cfd13fd72a@group-B3673A53AB6F: changes role from CANDIDATE to FOLLOWER at term 91 for DISCOVERED_A_NEW_TERM
2019-10-16 11:35:48,690 [1ee6da7b-5867-4bad-ba0d-a2cfd13fd72a@group-B3673A53AB6F-LeaderElection172] INFO  impl.RoleInfo (RoleInfo.java:shutdownLeaderElection(134)) - 1ee6da7b-5867-4bad-ba0d-a2cfd13fd72a: shutdown LeaderElection
2019-10-16 11:35:48,690 [1ee6da7b-5867-4bad-ba0d-a2cfd13fd72a@group-B3673A53AB6F-LeaderElection172] INFO  impl.RoleInfo (RoleInfo.java:updateAndGet(143)) - 1ee6da7b-5867-4bad-ba0d-a2cfd13fd72a: start FollowerState
2019-10-16 11:35:48,773 [Thread-1519] INFO  impl.FollowerState (FollowerState.java:run(108)) - 1ee6da7b-5867-4bad-ba0d-a2cfd13fd72a@group-B3673A53AB6F-FollowerState: change to CANDIDATE, lastRpcTime:83ms, electionTimeout:83ms
2019-10-16 11:35:48,774 [Thread-1519] INFO  impl.RoleInfo (RoleInfo.java:shutdownFollowerState(121)) - 1ee6da7b-5867-4bad-ba0d-a2cfd13fd72a: shutdown FollowerState
2019-10-16 11:35:48,774 [Thread-1519] INFO  impl.RaftServerImpl (RaftServerImpl.java:setRole(184)) - 1ee6da7b-5867-4bad-ba0d-a2cfd13fd72a@group-B3673A53AB6F: changes role from  FOLLOWER to CANDIDATE at term 91 for changeToCandidate
2019-10-16 11:35:48,774 [Thread-1519] INFO  impl.RoleInfo (RoleInfo.java:updateAndGet(143)) - 1ee6da7b-5867-4bad-ba0d-a2cfd13fd72a: start LeaderElection
2019-10-16 11:35:48,796 [1ee6da7b-5867-4bad-ba0d-a2cfd13fd72a@group-B3673A53AB6F-LeaderElection173] INFO  impl.LeaderElection (LeaderElection.java:askForVotes(178)) - 1ee6da7b-5867-4bad-ba0d-a2cfd13fd72a@group-B3673A53AB6F-LeaderElection173: begin an election at term 92 for -1: [f94c755f-9f95-40b5-85b9-5e712f3f34e7:192.168.157.203:45275, 1ee6da7b-5867-4bad-ba0d-a2cfd13fd72a:192.168.157.203:35892, 4281bf39-36db-462c-8bc9-3c86cb645344:192.168.157.203:42381], old=null
2019-10-16 11:35:48,798 [grpc-default-executor-5] INFO  impl.RaftServerImpl (RaftServerImpl.java:setRole(184)) - f94c755f-9f95-40b5-85b9-5e712f3f34e7@group-B3673A53AB6F: changes role from  FOLLOWER to FOLLOWER at term 92 for recognizeCandidate:1ee6da7b-5867-4bad-ba0d-a2cfd13fd72a
2019-10-16 11:35:48,798 [grpc-default-executor-5] INFO  impl.RoleInfo (RoleInfo.java:shutdownFollowerState(121)) - f94c755f-9f95-40b5-85b9-5e712f3f34e7: shutdown FollowerState
2019-10-16 11:35:48,798 [grpc-default-executor-3] INFO  impl.RaftServerImpl (RaftServerImpl.java:setRole(184)) - 4281bf39-36db-462c-8bc9-3c86cb645344@group-B3673A53AB6F: changes role from  FOLLOWER to FOLLOWER at term 92 for recognizeCandidate:1ee6da7b-5867-4bad-ba0d-a2cfd13fd72a
2019-10-16 11:35:48,798 [grpc-default-executor-5] INFO  impl.RoleInfo (RoleInfo.java:updateAndGet(143)) - f94c755f-9f95-40b5-85b9-5e712f3f34e7: start FollowerState
2019-10-16 11:35:48,798 [Thread-1517] INFO  impl.FollowerState (FollowerState.java:run(117)) - f94c755f-9f95-40b5-85b9-5e712f3f34e7@group-B3673A53AB6F-FollowerState was interrupted: java.lang.InterruptedException: sleep interrupted
2019-10-16 11:35:48,798 [grpc-default-executor-3] INFO  impl.RoleInfo (RoleInfo.java:shutdownFollowerState(121)) - 4281bf39-36db-462c-8bc9-3c86cb645344: shutdown FollowerState
2019-10-16 11:35:48,799 [grpc-default-executor-3] INFO  impl.RoleInfo (RoleInfo.java:updateAndGet(143)) - 4281bf39-36db-462c-8bc9-3c86cb645344: start FollowerState
2019-10-16 11:35:48,799 [Thread-1518] INFO  impl.FollowerState (FollowerState.java:run(117)) - 4281bf39-36db-462c-8bc9-3c86cb645344@group-B3673A53AB6F-FollowerState was interrupted: java.lang.InterruptedException: sleep interrupted
2019-10-16 11:35:48,819 [1ee6da7b-5867-4bad-ba0d-a2cfd13fd72a@group-B3673A53AB6F-LeaderElection173] INFO  impl.LeaderElection (LeaderElection.java:logAndReturn(56)) - 1ee6da7b-5867-4bad-ba0d-a2cfd13fd72a@group-B3673A53AB6F-LeaderElection173: Election REJECTED; received 2 response(s) [1ee6da7b-5867-4bad-ba0d-a2cfd13fd72a<-f94c755f-9f95-40b5-85b9-5e712f3f34e7#0:FAIL-t92, 1ee6da7b-5867-4bad-ba0d-a2cfd13fd72a<-4281bf39-36db-462c-8bc9-3c86cb645344#0:FAIL-t92] and 0 exception(s); 1ee6da7b-5867-4bad-ba0d-a2cfd13fd72a@group-B3673A53AB6F:t92, leader=null, voted=1ee6da7b-5867-4bad-ba0d-a2cfd13fd72a, raftlog=1ee6da7b-5867-4bad-ba0d-a2cfd13fd72a@group-B3673A53AB6F-SegmentedRaftLog:OPENED:c-1,f-1,i0, conf=-1: [f94c755f-9f95-40b5-85b9-5e712f3f34e7:192.168.157.203:45275, 1ee6da7b-5867-4bad-ba0d-a2cfd13fd72a:192.168.157.203:35892, 4281bf39-36db-462c-8bc9-3c86cb645344:192.168.157.203:42381], old=null
2019-10-16 11:35:48,823 [1ee6da7b-5867-4bad-ba0d-a2cfd13fd72a@group-B3673A53AB6F-LeaderElection173] INFO  impl.RaftServerImpl (RaftServerImpl.java:setRole(184)) - 1ee6da7b-5867-4bad-ba0d-a2cfd13fd72a@group-B3673A53AB6F: changes role from CANDIDATE to FOLLOWER at term 92 for DISCOVERED_A_NEW_TERM
2019-10-16 11:35:48,823 [1ee6da7b-5867-4bad-ba0d-a2cfd13fd72a@group-B3673A53AB6F-LeaderElection173] INFO  impl.RoleInfo (RoleInfo.java:shutdownLeaderElection(134)) - 1ee6da7b-5867-4bad-ba0d-a2cfd13fd72a: shutdown LeaderElection
2019-10-16 11:35:48,824 [1ee6da7b-5867-4bad-ba0d-a2cfd13fd72a@group-B3673A53AB6F-LeaderElection173] INFO  impl.RoleInfo (RoleInfo.java:updateAndGet(143)) - 1ee6da7b-5867-4bad-ba0d-a2cfd13fd72a: start FollowerState
2019-10-16 11:35:48,840 [Thread-1514] INFO  impl.FollowerState (FollowerState.java:run(108)) - a3132885-145f-4a8c-85f4-c10eb874732d@group-2077DD483DC7-FollowerState: change to CANDIDATE, lastRpcTime:169ms, electionTimeout:169ms
2019-10-16 11:35:48,840 [Thread-1514] INFO  impl.RoleInfo (RoleInfo.java:shutdownFollowerState(121)) - a3132885-145f-4a8c-85f4-c10eb874732d: shutdown FollowerState
2019-10-16 11:35:48,840 [Thread-1514] INFO  impl.RaftServerImpl (RaftServerImpl.java:setRole(184)) - a3132885-145f-4a8c-85f4-c10eb874732d@group-2077DD483DC7: changes role from  FOLLOWER to CANDIDATE at term 85 for changeToCandidate
2019-10-16 11:35:48,841 [Thread-1514] INFO  impl.RoleInfo (RoleInfo.java:updateAndGet(143)) - a3132885-145f-4a8c-85f4-c10eb874732d: start LeaderElection
2019-10-16 11:35:48,858 [a3132885-145f-4a8c-85f4-c10eb874732d@group-2077DD483DC7-LeaderElection174] INFO  impl.LeaderElection (LeaderElection.java:askForVotes(178)) - a3132885-145f-4a8c-85f4-c10eb874732d@group-2077DD483DC7-LeaderElection174: begin an election at term 86 for -1: [163587bb-2c3b-4498-b576-18147cf38274:192.168.157.203:33208, a3132885-145f-4a8c-85f4-c10eb874732d:192.168.157.203:46766, 70b633f6-b230-4b9f-87f3-510da88f1e08:192.168.157.203:43163], old=null
2019-10-16 11:35:48,860 [grpc-default-executor-5] INFO  impl.RaftServerImpl (RaftServerImpl.java:setRole(184)) - 163587bb-2c3b-4498-b576-18147cf38274@group-2077DD483DC7: changes role from  FOLLOWER to FOLLOWER at term 86 for recognizeCandidate:a3132885-145f-4a8c-85f4-c10eb874732d
2019-10-16 11:35:48,860 [grpc-default-executor-3] INFO  impl.RaftServerImpl (RaftServerImpl.java:setRole(184)) - 70b633f6-b230-4b9f-87f3-510da88f1e08@group-2077DD483DC7: changes role from  FOLLOWER to FOLLOWER at term 86 for recognizeCandidate:a3132885-145f-4a8c-85f4-c10eb874732d
2019-10-16 11:35:48,860 [grpc-default-executor-5] INFO  impl.RoleInfo (RoleInfo.java:shutdownFollowerState(121)) - 163587bb-2c3b-4498-b576-18147cf38274: shutdown FollowerState
2019-10-16 11:35:48,861 [grpc-default-executor-3] INFO  impl.RoleInfo (RoleInfo.java:shutdownFollowerState(121)) - 70b633f6-b230-4b9f-87f3-510da88f1e08: shutdown FollowerState
2019-10-16 11:35:48,861 [grpc-default-executor-5] INFO  impl.RoleInfo (RoleInfo.java:updateAndGet(143)) - 163587bb-2c3b-4498-b576-18147cf38274: start FollowerState
2019-10-16 11:35:48,861 [Thread-1512] INFO  impl.FollowerState (FollowerState.java:run(117)) - 70b633f6-b230-4b9f-87f3-510da88f1e08@group-2077DD483DC7-FollowerState was interrupted: java.lang.InterruptedException: sleep interrupted
2019-10-16 11:35:48,861 [Thread-1511] INFO  impl.FollowerState (FollowerState.java:run(117)) - 163587bb-2c3b-4498-b576-18147cf38274@group-2077DD483DC7-FollowerState was interrupted: java.lang.InterruptedException: sleep interrupted
2019-10-16 11:35:48,861 [grpc-default-executor-3] INFO  impl.RoleInfo (RoleInfo.java:updateAndGet(143)) - 70b633f6-b230-4b9f-87f3-510da88f1e08: start FollowerState
2019-10-16 11:35:48,912 [a3132885-145f-4a8c-85f4-c10eb874732d@group-2077DD483DC7-LeaderElection174] INFO  impl.LeaderElection (LeaderElection.java:logAndReturn(56)) - a3132885-145f-4a8c-85f4-c10eb874732d@group-2077DD483DC7-LeaderElection174: Election REJECTED; received 2 response(s) [a3132885-145f-4a8c-85f4-c10eb874732d<-163587bb-2c3b-4498-b576-18147cf38274#0:FAIL-t86, a3132885-145f-4a8c-85f4-c10eb874732d<-70b633f6-b230-4b9f-87f3-510da88f1e08#0:FAIL-t86] and 0 exception(s); a3132885-145f-4a8c-85f4-c10eb874732d@group-2077DD483DC7:t86, leader=null, voted=a3132885-145f-4a8c-85f4-c10eb874732d, raftlog=a3132885-145f-4a8c-85f4-c10eb874732d@group-2077DD483DC7-SegmentedRaftLog:OPENED:c-1,f-1,i0, conf=-1: [163587bb-2c3b-4498-b576-18147cf38274:192.168.157.203:33208, a3132885-145f-4a8c-85f4-c10eb874732d:192.168.157.203:46766, 70b633f6-b230-4b9f-87f3-510da88f1e08:192.168.157.203:43163], old=null
2019-10-16 11:35:48,912 [a3132885-145f-4a8c-85f4-c10eb874732d@group-2077DD483DC7-LeaderElection174] INFO  impl.RaftServerImpl (RaftServerImpl.java:setRole(184)) - a3132885-145f-4a8c-85f4-c10eb874732d@group-2077DD483DC7: changes role from CANDIDATE to FOLLOWER at term 86 for DISCOVERED_A_NEW_TERM
2019-10-16 11:35:48,912 [a3132885-145f-4a8c-85f4-c10eb874732d@group-2077DD483DC7-LeaderElection174] INFO  impl.RoleInfo (RoleInfo.java:shutdownLeaderElection(134)) - a3132885-145f-4a8c-85f4-c10eb874732d: shutdown LeaderElection
2019-10-16 11:35:48,913 [a3132885-145f-4a8c-85f4-c10eb874732d@group-2077DD483DC7-LeaderElection174] INFO  impl.RoleInfo (RoleInfo.java:updateAndGet(143)) - a3132885-145f-4a8c-85f4-c10eb874732d: start FollowerState
2019-10-16 11:35:48,946 [Thread-1527] INFO  impl.FollowerState (FollowerState.java:run(108)) - 1ee6da7b-5867-4bad-ba0d-a2cfd13fd72a@group-B3673A53AB6F-FollowerState: change to CANDIDATE, lastRpcTime:121ms, electionTimeout:121ms
2019-10-16 11:35:48,946 [Thread-1527] INFO  impl.RoleInfo (RoleInfo.java:shutdownFollowerState(121)) - 1ee6da7b-5867-4bad-ba0d-a2cfd13fd72a: shutdown FollowerState
2019-10-16 11:35:48,946 [Thread-1527] INFO  impl.RaftServerImpl (RaftServerImpl.java:setRole(184)) - 1ee6da7b-5867-4bad-ba0d-a2cfd13fd72a@group-B3673A53AB6F: changes role from  FOLLOWER to CANDIDATE at term 92 for changeToCandidate
2019-10-16 11:35:48,946 [Thread-1527] INFO  impl.RoleInfo (RoleInfo.java:updateAndGet(143)) - 1ee6da7b-5867-4bad-ba0d-a2cfd13fd72a: start LeaderElection
2019-10-16 11:35:48,955 [1ee6da7b-5867-4bad-ba0d-a2cfd13fd72a@group-B3673A53AB6F-LeaderElection175] INFO  impl.LeaderElection (LeaderElection.java:askForVotes(178)) - 1ee6da7b-5867-4bad-ba0d-a2cfd13fd72a@group-B3673A53AB6F-LeaderElection175: begin an election at term 93 for -1: [f94c755f-9f95-40b5-85b9-5e712f3f34e7:192.168.157.203:45275, 1ee6da7b-5867-4bad-ba0d-a2cfd13fd72a:192.168.157.203:35892, 4281bf39-36db-462c-8bc9-3c86cb645344:192.168.157.203:42381], old=null
2019-10-16 11:35:48,956 [grpc-default-executor-3] INFO  impl.RaftServerImpl (RaftServerImpl.java:setRole(184)) - f94c755f-9f95-40b5-85b9-5e712f3f34e7@group-B3673A53AB6F: changes role from  FOLLOWER to FOLLOWER at term 93 for recognizeCandidate:1ee6da7b-5867-4bad-ba0d-a2cfd13fd72a
2019-10-16 11:35:48,957 [grpc-default-executor-3] INFO  impl.RoleInfo (RoleInfo.java:shutdownFollowerState(121)) - f94c755f-9f95-40b5-85b9-5e712f3f34e7: shutdown FollowerState
2019-10-16 11:35:48,957 [grpc-default-executor-5] INFO  impl.RaftServerImpl (RaftServerImpl.java:setRole(184)) - 4281bf39-36db-462c-8bc9-3c86cb645344@group-B3673A53AB6F: changes role from  FOLLOWER to FOLLOWER at term 93 for recognizeCandidate:1ee6da7b-5867-4bad-ba0d-a2cfd13fd72a
2019-10-16 11:35:48,957 [Thread-1523] INFO  impl.FollowerState (FollowerState.java:run(117)) - f94c755f-9f95-40b5-85b9-5e712f3f34e7@group-B3673A53AB6F-FollowerState was interrupted: java.lang.InterruptedException: sleep interrupted
2019-10-16 11:35:48,957 [grpc-default-executor-5] INFO  impl.RoleInfo (RoleInfo.java:shutdownFollowerState(121)) - 4281bf39-36db-462c-8bc9-3c86cb645344: shutdown FollowerState
2019-10-16 11:35:48,957 [grpc-default-executor-3] INFO  impl.RoleInfo (RoleInfo.java:updateAndGet(143)) - f94c755f-9f95-40b5-85b9-5e712f3f34e7: start FollowerState
2019-10-16 11:35:48,957 [Thread-1524] INFO  impl.FollowerState (FollowerState.java:run(117)) - 4281bf39-36db-462c-8bc9-3c86cb645344@group-B3673A53AB6F-FollowerState was interrupted: java.lang.InterruptedException: sleep interrupted
2019-10-16 11:35:48,957 [grpc-default-executor-5] INFO  impl.RoleInfo (RoleInfo.java:updateAndGet(143)) - 4281bf39-36db-462c-8bc9-3c86cb645344: start FollowerState
2019-10-16 11:35:48,994 [1ee6da7b-5867-4bad-ba0d-a2cfd13fd72a@group-B3673A53AB6F-LeaderElection175] INFO  impl.LeaderElection (LeaderElection.java:logAndReturn(56)) - 1ee6da7b-5867-4bad-ba0d-a2cfd13fd72a@group-B3673A53AB6F-LeaderElection175: Election REJECTED; received 2 response(s) [1ee6da7b-5867-4bad-ba0d-a2cfd13fd72a<-f94c755f-9f95-40b5-85b9-5e712f3f34e7#0:FAIL-t93, 1ee6da7b-5867-4bad-ba0d-a2cfd13fd72a<-4281bf39-36db-462c-8bc9-3c86cb645344#0:FAIL-t93] and 0 exception(s); 1ee6da7b-5867-4bad-ba0d-a2cfd13fd72a@group-B3673A53AB6F:t93, leader=null, voted=1ee6da7b-5867-4bad-ba0d-a2cfd13fd72a, raftlog=1ee6da7b-5867-4bad-ba0d-a2cfd13fd72a@group-B3673A53AB6F-SegmentedRaftLog:OPENED:c-1,f-1,i0, conf=-1: [f94c755f-9f95-40b5-85b9-5e712f3f34e7:192.168.157.203:45275, 1ee6da7b-5867-4bad-ba0d-a2cfd13fd72a:192.168.157.203:35892, 4281bf39-36db-462c-8bc9-3c86cb645344:192.168.157.203:42381], old=null
2019-10-16 11:35:48,994 [1ee6da7b-5867-4bad-ba0d-a2cfd13fd72a@group-B3673A53AB6F-LeaderElection175] INFO  impl.RaftServerImpl (RaftServerImpl.java:setRole(184)) - 1ee6da7b-5867-4bad-ba0d-a2cfd13fd72a@group-B3673A53AB6F: changes role from CANDIDATE to FOLLOWER at term 93 for DISCOVERED_A_NEW_TERM
2019-10-16 11:35:48,994 [1ee6da7b-5867-4bad-ba0d-a2cfd13fd72a@group-B3673A53AB6F-LeaderElection175] INFO  impl.RoleInfo (RoleInfo.java:shutdownLeaderElection(134)) - 1ee6da7b-5867-4bad-ba0d-a2cfd13fd72a: shutdown LeaderElection
2019-10-16 11:35:48,994 [1ee6da7b-5867-4bad-ba0d-a2cfd13fd72a@group-B3673A53AB6F-LeaderElection175] INFO  impl.RoleInfo (RoleInfo.java:updateAndGet(143)) - 1ee6da7b-5867-4bad-ba0d-a2cfd13fd72a: start FollowerState
2019-10-16 11:35:49,043 [Thread-1535] INFO  impl.FollowerState (FollowerState.java:run(108)) - a3132885-145f-4a8c-85f4-c10eb874732d@group-2077DD483DC7-FollowerState: change to CANDIDATE, lastRpcTime:130ms, electionTimeout:130ms
2019-10-16 11:35:49,043 [Thread-1535] INFO  impl.RoleInfo (RoleInfo.java:shutdownFollowerState(121)) - a3132885-145f-4a8c-85f4-c10eb874732d: shutdown FollowerState
2019-10-16 11:35:49,043 [Thread-1535] INFO  impl.RaftServerImpl (RaftServerImpl.java:setRole(184)) - a3132885-145f-4a8c-85f4-c10eb874732d@group-2077DD483DC7: changes role from  FOLLOWER to CANDIDATE at term 86 for changeToCandidate
2019-10-16 11:35:49,043 [Thread-1535] INFO  impl.RoleInfo (RoleInfo.java:updateAndGet(143)) - a3132885-145f-4a8c-85f4-c10eb874732d: start LeaderElection
2019-10-16 11:35:49,079 [a3132885-145f-4a8c-85f4-c10eb874732d@group-2077DD483DC7-LeaderElection176] INFO  impl.LeaderElection (LeaderElection.java:askForVotes(178)) - a3132885-145f-4a8c-85f4-c10eb874732d@group-2077DD483DC7-LeaderElection176: begin an election at term 87 for -1: [163587bb-2c3b-4498-b576-18147cf38274:192.168.157.203:33208, a3132885-145f-4a8c-85f4-c10eb874732d:192.168.157.203:46766, 70b633f6-b230-4b9f-87f3-510da88f1e08:192.168.157.203:43163], old=null
2019-10-16 11:35:49,083 [grpc-default-executor-5] INFO  impl.RaftServerImpl (RaftServerImpl.java:setRole(184)) - 70b633f6-b230-4b9f-87f3-510da88f1e08@group-2077DD483DC7: changes role from  FOLLOWER to FOLLOWER at term 87 for recognizeCandidate:a3132885-145f-4a8c-85f4-c10eb874732d
2019-10-16 11:35:49,083 [grpc-default-executor-3] INFO  impl.RaftServerImpl (RaftServerImpl.java:setRole(184)) - 163587bb-2c3b-4498-b576-18147cf38274@group-2077DD483DC7: changes role from  FOLLOWER to FOLLOWER at term 87 for recognizeCandidate:a3132885-145f-4a8c-85f4-c10eb874732d
2019-10-16 11:35:49,084 [grpc-default-executor-3] INFO  impl.RoleInfo (RoleInfo.java:shutdownFollowerState(121)) - 163587bb-2c3b-4498-b576-18147cf38274: shutdown FollowerState
2019-10-16 11:35:49,084 [grpc-default-executor-5] INFO  impl.RoleInfo (RoleInfo.java:shutdownFollowerState(121)) - 70b633f6-b230-4b9f-87f3-510da88f1e08: shutdown FollowerState
2019-10-16 11:35:49,084 [Thread-1532] INFO  impl.FollowerState (FollowerState.java:run(117)) - 163587bb-2c3b-4498-b576-18147cf38274@group-2077DD483DC7-FollowerState was interrupted: java.lang.InterruptedException: sleep interrupted
2019-10-16 11:35:49,084 [grpc-default-executor-5] INFO  impl.RoleInfo (RoleInfo.java:updateAndGet(143)) - 70b633f6-b230-4b9f-87f3-510da88f1e08: start FollowerState
2019-10-16 11:35:49,084 [grpc-default-executor-3] INFO  impl.RoleInfo (RoleInfo.java:updateAndGet(143)) - 163587bb-2c3b-4498-b576-18147cf38274: start FollowerState
2019-10-16 11:35:49,084 [Thread-1533] INFO  impl.FollowerState (FollowerState.java:run(117)) - 70b633f6-b230-4b9f-87f3-510da88f1e08@group-2077DD483DC7-FollowerState was interrupted: java.lang.InterruptedException: sleep interrupted
2019-10-16 11:35:49,104 [a3132885-145f-4a8c-85f4-c10eb874732d@group-2077DD483DC7-LeaderElection176] INFO  impl.LeaderElection (LeaderElection.java:logAndReturn(56)) - a3132885-145f-4a8c-85f4-c10eb874732d@group-2077DD483DC7-LeaderElection176: Election REJECTED; received 2 response(s) [a3132885-145f-4a8c-85f4-c10eb874732d<-163587bb-2c3b-4498-b576-18147cf38274#0:FAIL-t87, a3132885-145f-4a8c-85f4-c10eb874732d<-70b633f6-b230-4b9f-87f3-510da88f1e08#0:FAIL-t87] and 0 exception(s); a3132885-145f-4a8c-85f4-c10eb874732d@group-2077DD483DC7:t87, leader=null, voted=a3132885-145f-4a8c-85f4-c10eb874732d, raftlog=a3132885-145f-4a8c-85f4-c10eb874732d@group-2077DD483DC7-SegmentedRaftLog:OPENED:c-1,f-1,i0, conf=-1: [163587bb-2c3b-4498-b576-18147cf38274:192.168.157.203:33208, a3132885-145f-4a8c-85f4-c10eb874732d:192.168.157.203:46766, 70b633f6-b230-4b9f-87f3-510da88f1e08:192.168.157.203:43163], old=null
2019-10-16 11:35:49,104 [a3132885-145f-4a8c-85f4-c10eb874732d@group-2077DD483DC7-LeaderElection176] INFO  impl.RaftServerImpl (RaftServerImpl.java:setRole(184)) - a3132885-145f-4a8c-85f4-c10eb874732d@group-2077DD483DC7: changes role from CANDIDATE to FOLLOWER at term 87 for DISCOVERED_A_NEW_TERM
2019-10-16 11:35:49,104 [a3132885-145f-4a8c-85f4-c10eb874732d@group-2077DD483DC7-LeaderElection176] INFO  impl.RoleInfo (RoleInfo.java:shutdownLeaderElection(134)) - a3132885-145f-4a8c-85f4-c10eb874732d: shutdown LeaderElection
2019-10-16 11:35:49,104 [a3132885-145f-4a8c-85f4-c10eb874732d@group-2077DD483DC7-LeaderElection176] INFO  impl.RoleInfo (RoleInfo.java:updateAndGet(143)) - a3132885-145f-4a8c-85f4-c10eb874732d: start FollowerState
2019-10-16 11:35:49,178 [Thread-1541] INFO  impl.FollowerState (FollowerState.java:run(108)) - 1ee6da7b-5867-4bad-ba0d-a2cfd13fd72a@group-B3673A53AB6F-FollowerState: change to CANDIDATE, lastRpcTime:183ms, electionTimeout:183ms
2019-10-16 11:35:49,178 [Thread-1541] INFO  impl.RoleInfo (RoleInfo.java:shutdownFollowerState(121)) - 1ee6da7b-5867-4bad-ba0d-a2cfd13fd72a: shutdown FollowerState
2019-10-16 11:35:49,178 [Thread-1541] INFO  impl.RaftServerImpl (RaftServerImpl.java:setRole(184)) - 1ee6da7b-5867-4bad-ba0d-a2cfd13fd72a@group-B3673A53AB6F: changes role from  FOLLOWER to CANDIDATE at term 93 for changeToCandidate
2019-10-16 11:35:49,178 [Thread-1541] INFO  impl.RoleInfo (RoleInfo.java:updateAndGet(143)) - 1ee6da7b-5867-4bad-ba0d-a2cfd13fd72a: start LeaderElection
2019-10-16 11:35:49,184 [1ee6da7b-5867-4bad-ba0d-a2cfd13fd72a@group-B3673A53AB6F-LeaderElection177] INFO  impl.LeaderElection (LeaderElection.java:askForVotes(178)) - 1ee6da7b-5867-4bad-ba0d-a2cfd13fd72a@group-B3673A53AB6F-LeaderElection177: begin an election at term 94 for -1: [f94c755f-9f95-40b5-85b9-5e712f3f34e7:192.168.157.203:45275, 1ee6da7b-5867-4bad-ba0d-a2cfd13fd72a:192.168.157.203:35892, 4281bf39-36db-462c-8bc9-3c86cb645344:192.168.157.203:42381], old=null
2019-10-16 11:35:49,186 [grpc-default-executor-5] INFO  impl.RaftServerImpl (RaftServerImpl.java:setRole(184)) - 4281bf39-36db-462c-8bc9-3c86cb645344@group-B3673A53AB6F: changes role from  FOLLOWER to FOLLOWER at term 94 for recognizeCandidate:1ee6da7b-5867-4bad-ba0d-a2cfd13fd72a
2019-10-16 11:35:49,186 [grpc-default-executor-5] INFO  impl.RoleInfo (RoleInfo.java:shutdownFollowerState(121)) - 4281bf39-36db-462c-8bc9-3c86cb645344: shutdown FollowerState
2019-10-16 11:35:49,187 [grpc-default-executor-5] INFO  impl.RoleInfo (RoleInfo.java:updateAndGet(143)) - 4281bf39-36db-462c-8bc9-3c86cb645344: start FollowerState
2019-10-16 11:35:49,187 [Thread-1540] INFO  impl.FollowerState (FollowerState.java:run(117)) - 4281bf39-36db-462c-8bc9-3c86cb645344@group-B3673A53AB6F-FollowerState was interrupted: java.lang.InterruptedException: sleep interrupted
2019-10-16 11:35:49,187 [grpc-default-executor-3] INFO  impl.RaftServerImpl (RaftServerImpl.java:setRole(184)) - f94c755f-9f95-40b5-85b9-5e712f3f34e7@group-B3673A53AB6F: changes role from  FOLLOWER to FOLLOWER at term 94 for recognizeCandidate:1ee6da7b-5867-4bad-ba0d-a2cfd13fd72a
2019-10-16 11:35:49,187 [grpc-default-executor-3] INFO  impl.RoleInfo (RoleInfo.java:shutdownFollowerState(121)) - f94c755f-9f95-40b5-85b9-5e712f3f34e7: shutdown FollowerState
2019-10-16 11:35:49,187 [grpc-default-executor-3] INFO  impl.RoleInfo (RoleInfo.java:updateAndGet(143)) - f94c755f-9f95-40b5-85b9-5e712f3f34e7: start FollowerState
2019-10-16 11:35:49,187 [Thread-1539] INFO  impl.FollowerState (FollowerState.java:run(117)) - f94c755f-9f95-40b5-85b9-5e712f3f34e7@group-B3673A53AB6F-FollowerState was interrupted: java.lang.InterruptedException: sleep interrupted
2019-10-16 11:35:49,194 [Thread-1547] INFO  impl.FollowerState (FollowerState.java:run(108)) - a3132885-145f-4a8c-85f4-c10eb874732d@group-2077DD483DC7-FollowerState: change to CANDIDATE, lastRpcTime:89ms, electionTimeout:89ms
2019-10-16 11:35:49,194 [Thread-1547] INFO  impl.RoleInfo (RoleInfo.java:shutdownFollowerState(121)) - a3132885-145f-4a8c-85f4-c10eb874732d: shutdown FollowerState
2019-10-16 11:35:49,194 [Thread-1547] INFO  impl.RaftServerImpl (RaftServerImpl.java:setRole(184)) - a3132885-145f-4a8c-85f4-c10eb874732d@group-2077DD483DC7: changes role from  FOLLOWER to CANDIDATE at term 87 for changeToCandidate
2019-10-16 11:35:49,194 [Thread-1547] INFO  impl.RoleInfo (RoleInfo.java:updateAndGet(143)) - a3132885-145f-4a8c-85f4-c10eb874732d: start LeaderElection
2019-10-16 11:35:49,204 [1ee6da7b-5867-4bad-ba0d-a2cfd13fd72a@group-B3673A53AB6F-LeaderElection177] INFO  impl.LeaderElection (LeaderElection.java:logAndReturn(56)) - 1ee6da7b-5867-4bad-ba0d-a2cfd13fd72a@group-B3673A53AB6F-LeaderElection177: Election REJECTED; received 2 response(s) [1ee6da7b-5867-4bad-ba0d-a2cfd13fd72a<-f94c755f-9f95-40b5-85b9-5e712f3f34e7#0:FAIL-t94, 1ee6da7b-5867-4bad-ba0d-a2cfd13fd72a<-4281bf39-36db-462c-8bc9-3c86cb645344#0:FAIL-t94] and 0 exception(s); 1ee6da7b-5867-4bad-ba0d-a2cfd13fd72a@group-B3673A53AB6F:t94, leader=null, voted=1ee6da7b-5867-4bad-ba0d-a2cfd13fd72a, raftlog=1ee6da7b-5867-4bad-ba0d-a2cfd13fd72a@group-B3673A53AB6F-SegmentedRaftLog:OPENED:c-1,f-1,i0, conf=-1: [f94c755f-9f95-40b5-85b9-5e712f3f34e7:192.168.157.203:45275, 1ee6da7b-5867-4bad-ba0d-a2cfd13fd72a:192.168.157.203:35892, 4281bf39-36db-462c-8bc9-3c86cb645344:192.168.157.203:42381], old=null
2019-10-16 11:35:49,204 [1ee6da7b-5867-4bad-ba0d-a2cfd13fd72a@group-B3673A53AB6F-LeaderElection177] INFO  impl.RaftServerImpl (RaftServerImpl.java:setRole(184)) - 1ee6da7b-5867-4bad-ba0d-a2cfd13fd72a@group-B3673A53AB6F: changes role from CANDIDATE to FOLLOWER at term 94 for DISCOVERED_A_NEW_TERM
2019-10-16 11:35:49,204 [1ee6da7b-5867-4bad-ba0d-a2cfd13fd72a@group-B3673A53AB6F-LeaderElection177] INFO  impl.RoleInfo (RoleInfo.java:shutdownLeaderElection(134)) - 1ee6da7b-5867-4bad-ba0d-a2cfd13fd72a: shutdown LeaderElection
2019-10-16 11:35:49,204 [1ee6da7b-5867-4bad-ba0d-a2cfd13fd72a@group-B3673A53AB6F-LeaderElection177] INFO  impl.RoleInfo (RoleInfo.java:updateAndGet(143)) - 1ee6da7b-5867-4bad-ba0d-a2cfd13fd72a: start FollowerState
2019-10-16 11:35:49,221 [a3132885-145f-4a8c-85f4-c10eb874732d@group-2077DD483DC7-LeaderElection178] INFO  impl.LeaderElection (LeaderElection.java:askForVotes(178)) - a3132885-145f-4a8c-85f4-c10eb874732d@group-2077DD483DC7-LeaderElection178: begin an election at term 88 for -1: [163587bb-2c3b-4498-b576-18147cf38274:192.168.157.203:33208, a3132885-145f-4a8c-85f4-c10eb874732d:192.168.157.203:46766, 70b633f6-b230-4b9f-87f3-510da88f1e08:192.168.157.203:43163], old=null
2019-10-16 11:35:49,223 [grpc-default-executor-3] INFO  impl.RaftServerImpl (RaftServerImpl.java:setRole(184)) - 163587bb-2c3b-4498-b576-18147cf38274@group-2077DD483DC7: changes role from  FOLLOWER to FOLLOWER at term 88 for recognizeCandidate:a3132885-145f-4a8c-85f4-c10eb874732d
2019-10-16 11:35:49,223 [grpc-default-executor-5] INFO  impl.RaftServerImpl (RaftServerImpl.java:setRole(184)) - 70b633f6-b230-4b9f-87f3-510da88f1e08@group-2077DD483DC7: changes role from  FOLLOWER to FOLLOWER at term 88 for recognizeCandidate:a3132885-145f-4a8c-85f4-c10eb874732d
2019-10-16 11:35:49,223 [grpc-default-executor-3] INFO  impl.RoleInfo (RoleInfo.java:shutdownFollowerState(121)) - 163587bb-2c3b-4498-b576-18147cf38274: shutdown FollowerState
2019-10-16 11:35:49,223 [grpc-default-executor-5] INFO  impl.RoleInfo (RoleInfo.java:shutdownFollowerState(121)) - 70b633f6-b230-4b9f-87f3-510da88f1e08: shutdown FollowerState
2019-10-16 11:35:49,223 [grpc-default-executor-5] INFO  impl.RoleInfo (RoleInfo.java:updateAndGet(143)) - 70b633f6-b230-4b9f-87f3-510da88f1e08: start FollowerState
2019-10-16 11:35:49,223 [Thread-1546] INFO  impl.FollowerState (FollowerState.java:run(117)) - 70b633f6-b230-4b9f-87f3-510da88f1e08@group-2077DD483DC7-FollowerState was interrupted: java.lang.InterruptedException: sleep interrupted
2019-10-16 11:35:49,223 [grpc-default-executor-3] INFO  impl.RoleInfo (RoleInfo.java:updateAndGet(143)) - 163587bb-2c3b-4498-b576-18147cf38274: start FollowerState
2019-10-16 11:35:49,223 [Thread-1545] INFO  impl.FollowerState (FollowerState.java:run(117)) - 163587bb-2c3b-4498-b576-18147cf38274@group-2077DD483DC7-FollowerState was interrupted: java.lang.InterruptedException: sleep interrupted
2019-10-16 11:35:49,238 [a3132885-145f-4a8c-85f4-c10eb874732d@group-2077DD483DC7-LeaderElection178] INFO  impl.LeaderElection (LeaderElection.java:logAndReturn(56)) - a3132885-145f-4a8c-85f4-c10eb874732d@group-2077DD483DC7-LeaderElection178: Election REJECTED; received 2 response(s) [a3132885-145f-4a8c-85f4-c10eb874732d<-163587bb-2c3b-4498-b576-18147cf38274#0:FAIL-t88, a3132885-145f-4a8c-85f4-c10eb874732d<-70b633f6-b230-4b9f-87f3-510da88f1e08#0:FAIL-t88] and 0 exception(s); a3132885-145f-4a8c-85f4-c10eb874732d@group-2077DD483DC7:t88, leader=null, voted=a3132885-145f-4a8c-85f4-c10eb874732d, raftlog=a3132885-145f-4a8c-85f4-c10eb874732d@group-2077DD483DC7-SegmentedRaftLog:OPENED:c-1,f-1,i0, conf=-1: [163587bb-2c3b-4498-b576-18147cf38274:192.168.157.203:33208, a3132885-145f-4a8c-85f4-c10eb874732d:192.168.157.203:46766, 70b633f6-b230-4b9f-87f3-510da88f1e08:192.168.157.203:43163], old=null
2019-10-16 11:35:49,238 [a3132885-145f-4a8c-85f4-c10eb874732d@group-2077DD483DC7-LeaderElection178] INFO  impl.RaftServerImpl (RaftServerImpl.java:setRole(184)) - a3132885-145f-4a8c-85f4-c10eb874732d@group-2077DD483DC7: changes role from CANDIDATE to FOLLOWER at term 88 for DISCOVERED_A_NEW_TERM
2019-10-16 11:35:49,238 [a3132885-145f-4a8c-85f4-c10eb874732d@group-2077DD483DC7-LeaderElection178] INFO  impl.RoleInfo (RoleInfo.java:shutdownLeaderElection(134)) - a3132885-145f-4a8c-85f4-c10eb874732d: shutdown LeaderElection
2019-10-16 11:35:49,238 [a3132885-145f-4a8c-85f4-c10eb874732d@group-2077DD483DC7-LeaderElection178] INFO  impl.RoleInfo (RoleInfo.java:updateAndGet(143)) - a3132885-145f-4a8c-85f4-c10eb874732d: start FollowerState
2019-10-16 11:35:49,304 [Thread-1559] INFO  impl.FollowerState (FollowerState.java:run(108)) - a3132885-145f-4a8c-85f4-c10eb874732d@group-2077DD483DC7-FollowerState: change to CANDIDATE, lastRpcTime:65ms, electionTimeout:65ms
2019-10-16 11:35:49,304 [Thread-1559] INFO  impl.RoleInfo (RoleInfo.java:shutdownFollowerState(121)) - a3132885-145f-4a8c-85f4-c10eb874732d: shutdown FollowerState
2019-10-16 11:35:49,304 [Thread-1559] INFO  impl.RaftServerImpl (RaftServerImpl.java:setRole(184)) - a3132885-145f-4a8c-85f4-c10eb874732d@group-2077DD483DC7: changes role from  FOLLOWER to CANDIDATE at term 88 for changeToCandidate
2019-10-16 11:35:49,304 [Thread-1559] INFO  impl.RoleInfo (RoleInfo.java:updateAndGet(143)) - a3132885-145f-4a8c-85f4-c10eb874732d: start LeaderElection
2019-10-16 11:35:49,312 [a3132885-145f-4a8c-85f4-c10eb874732d@group-2077DD483DC7-LeaderElection179] INFO  impl.LeaderElection (LeaderElection.java:askForVotes(178)) - a3132885-145f-4a8c-85f4-c10eb874732d@group-2077DD483DC7-LeaderElection179: begin an election at term 89 for -1: [163587bb-2c3b-4498-b576-18147cf38274:192.168.157.203:33208, a3132885-145f-4a8c-85f4-c10eb874732d:192.168.157.203:46766, 70b633f6-b230-4b9f-87f3-510da88f1e08:192.168.157.203:43163], old=null
2019-10-16 11:35:49,315 [grpc-default-executor-5] INFO  impl.RaftServerImpl (RaftServerImpl.java:setRole(184)) - 70b633f6-b230-4b9f-87f3-510da88f1e08@group-2077DD483DC7: changes role from  FOLLOWER to FOLLOWER at term 89 for recognizeCandidate:a3132885-145f-4a8c-85f4-c10eb874732d
2019-10-16 11:35:49,315 [grpc-default-executor-5] INFO  impl.RoleInfo (RoleInfo.java:shutdownFollowerState(121)) - 70b633f6-b230-4b9f-87f3-510da88f1e08: shutdown FollowerState
2019-10-16 11:35:49,315 [grpc-default-executor-3] INFO  impl.RaftServerImpl (RaftServerImpl.java:setRole(184)) - 163587bb-2c3b-4498-b576-18147cf38274@group-2077DD483DC7: changes role from  FOLLOWER to FOLLOWER at term 89 for recognizeCandidate:a3132885-145f-4a8c-85f4-c10eb874732d
2019-10-16 11:35:49,315 [grpc-default-executor-3] INFO  impl.RoleInfo (RoleInfo.java:shutdownFollowerState(121)) - 163587bb-2c3b-4498-b576-18147cf38274: shutdown FollowerState
2019-10-16 11:35:49,315 [grpc-default-executor-5] INFO  impl.RoleInfo (RoleInfo.java:updateAndGet(143)) - 70b633f6-b230-4b9f-87f3-510da88f1e08: start FollowerState
2019-10-16 11:35:49,316 [Thread-1557] INFO  impl.FollowerState (FollowerState.java:run(117)) - 163587bb-2c3b-4498-b576-18147cf38274@group-2077DD483DC7-FollowerState was interrupted: java.lang.InterruptedException: sleep interrupted
2019-10-16 11:35:49,316 [grpc-default-executor-3] INFO  impl.RoleInfo (RoleInfo.java:updateAndGet(143)) - 163587bb-2c3b-4498-b576-18147cf38274: start FollowerState
2019-10-16 11:35:49,315 [Thread-1558] INFO  impl.FollowerState (FollowerState.java:run(117)) - 70b633f6-b230-4b9f-87f3-510da88f1e08@group-2077DD483DC7-FollowerState was interrupted: java.lang.InterruptedException: sleep interrupted
2019-10-16 11:35:49,326 [a3132885-145f-4a8c-85f4-c10eb874732d@group-2077DD483DC7-LeaderElection179] INFO  impl.LeaderElection (LeaderElection.java:logAndReturn(56)) - a3132885-145f-4a8c-85f4-c10eb874732d@group-2077DD483DC7-LeaderElection179: Election REJECTED; received 2 response(s) [a3132885-145f-4a8c-85f4-c10eb874732d<-163587bb-2c3b-4498-b576-18147cf38274#0:FAIL-t89, a3132885-145f-4a8c-85f4-c10eb874732d<-70b633f6-b230-4b9f-87f3-510da88f1e08#0:FAIL-t89] and 0 exception(s); a3132885-145f-4a8c-85f4-c10eb874732d@group-2077DD483DC7:t89, leader=null, voted=a3132885-145f-4a8c-85f4-c10eb874732d, raftlog=a3132885-145f-4a8c-85f4-c10eb874732d@group-2077DD483DC7-SegmentedRaftLog:OPENED:c-1,f-1,i0, conf=-1: [163587bb-2c3b-4498-b576-18147cf38274:192.168.157.203:33208, a3132885-145f-4a8c-85f4-c10eb874732d:192.168.157.203:46766, 70b633f6-b230-4b9f-87f3-510da88f1e08:192.168.157.203:43163], old=null
2019-10-16 11:35:49,326 [a3132885-145f-4a8c-85f4-c10eb874732d@group-2077DD483DC7-LeaderElection179] INFO  impl.RaftServerImpl (RaftServerImpl.java:setRole(184)) - a3132885-145f-4a8c-85f4-c10eb874732d@group-2077DD483DC7: changes role from CANDIDATE to FOLLOWER at term 89 for DISCOVERED_A_NEW_TERM
2019-10-16 11:35:49,327 [a3132885-145f-4a8c-85f4-c10eb874732d@group-2077DD483DC7-LeaderElection179] INFO  impl.RoleInfo (RoleInfo.java:shutdownLeaderElection(134)) - a3132885-145f-4a8c-85f4-c10eb874732d: shutdown LeaderElection
2019-10-16 11:35:49,327 [a3132885-145f-4a8c-85f4-c10eb874732d@group-2077DD483DC7-LeaderElection179] INFO  impl.RoleInfo (RoleInfo.java:updateAndGet(143)) - a3132885-145f-4a8c-85f4-c10eb874732d: start FollowerState
2019-10-16 11:35:49,373 [Thread-1554] INFO  impl.FollowerState (FollowerState.java:run(108)) - 1ee6da7b-5867-4bad-ba0d-a2cfd13fd72a@group-B3673A53AB6F-FollowerState: change to CANDIDATE, lastRpcTime:169ms, electionTimeout:169ms
2019-10-16 11:35:49,374 [Thread-1554] INFO  impl.RoleInfo (RoleInfo.java:shutdownFollowerState(121)) - 1ee6da7b-5867-4bad-ba0d-a2cfd13fd72a: shutdown FollowerState
2019-10-16 11:35:49,374 [Thread-1554] INFO  impl.RaftServerImpl (RaftServerImpl.java:setRole(184)) - 1ee6da7b-5867-4bad-ba0d-a2cfd13fd72a@group-B3673A53AB6F: changes role from  FOLLOWER to CANDIDATE at term 94 for changeToCandidate
2019-10-16 11:35:49,374 [Thread-1554] INFO  impl.RoleInfo (RoleInfo.java:updateAndGet(143)) - 1ee6da7b-5867-4bad-ba0d-a2cfd13fd72a: start LeaderElection
2019-10-16 11:35:49,399 [1ee6da7b-5867-4bad-ba0d-a2cfd13fd72a@group-B3673A53AB6F-LeaderElection180] INFO  impl.LeaderElection (LeaderElection.java:askForVotes(178)) - 1ee6da7b-5867-4bad-ba0d-a2cfd13fd72a@group-B3673A53AB6F-LeaderElection180: begin an election at term 95 for -1: [f94c755f-9f95-40b5-85b9-5e712f3f34e7:192.168.157.203:45275, 1ee6da7b-5867-4bad-ba0d-a2cfd13fd72a:192.168.157.203:35892, 4281bf39-36db-462c-8bc9-3c86cb645344:192.168.157.203:42381], old=null
2019-10-16 11:35:49,401 [grpc-default-executor-3] INFO  impl.RaftServerImpl (RaftServerImpl.java:setRole(184)) - f94c755f-9f95-40b5-85b9-5e712f3f34e7@group-B3673A53AB6F: changes role from  FOLLOWER to FOLLOWER at term 95 for recognizeCandidate:1ee6da7b-5867-4bad-ba0d-a2cfd13fd72a
2019-10-16 11:35:49,401 [grpc-default-executor-3] INFO  impl.RoleInfo (RoleInfo.java:shutdownFollowerState(121)) - f94c755f-9f95-40b5-85b9-5e712f3f34e7: shutdown FollowerState
2019-10-16 11:35:49,401 [grpc-default-executor-3] INFO  impl.RoleInfo (RoleInfo.java:updateAndGet(143)) - f94c755f-9f95-40b5-85b9-5e712f3f34e7: start FollowerState
2019-10-16 11:35:49,401 [Thread-1552] INFO  impl.FollowerState (FollowerState.java:run(117)) - f94c755f-9f95-40b5-85b9-5e712f3f34e7@group-B3673A53AB6F-FollowerState was interrupted: java.lang.InterruptedException: sleep interrupted
2019-10-16 11:35:49,402 [grpc-default-executor-5] INFO  impl.RaftServerImpl (RaftServerImpl.java:setRole(184)) - 4281bf39-36db-462c-8bc9-3c86cb645344@group-B3673A53AB6F: changes role from  FOLLOWER to FOLLOWER at term 95 for recognizeCandidate:1ee6da7b-5867-4bad-ba0d-a2cfd13fd72a
2019-10-16 11:35:49,402 [grpc-default-executor-5] INFO  impl.RoleInfo (RoleInfo.java:shutdownFollowerState(121)) - 4281bf39-36db-462c-8bc9-3c86cb645344: shutdown FollowerState
2019-10-16 11:35:49,402 [grpc-default-executor-5] INFO  impl.RoleInfo (RoleInfo.java:updateAndGet(143)) - 4281bf39-36db-462c-8bc9-3c86cb645344: start FollowerState
2019-10-16 11:35:49,402 [Thread-1551] INFO  impl.FollowerState (FollowerState.java:run(117)) - 4281bf39-36db-462c-8bc9-3c86cb645344@group-B3673A53AB6F-FollowerState was interrupted: java.lang.InterruptedException: sleep interrupted
2019-10-16 11:35:49,459 [Thread-1565] INFO  impl.FollowerState (FollowerState.java:run(108)) - a3132885-145f-4a8c-85f4-c10eb874732d@group-2077DD483DC7-FollowerState: change to CANDIDATE, lastRpcTime:132ms, electionTimeout:132ms
2019-10-16 11:35:49,459 [Thread-1565] INFO  impl.RoleInfo (RoleInfo.java:shutdownFollowerState(121)) - a3132885-145f-4a8c-85f4-c10eb874732d: shutdown FollowerState
2019-10-16 11:35:49,459 [Thread-1565] INFO  impl.RaftServerImpl (RaftServerImpl.java:setRole(184)) - a3132885-145f-4a8c-85f4-c10eb874732d@group-2077DD483DC7: changes role from  FOLLOWER to CANDIDATE at term 89 for changeToCandidate
2019-10-16 11:35:49,459 [Thread-1565] INFO  impl.RoleInfo (RoleInfo.java:updateAndGet(143)) - a3132885-145f-4a8c-85f4-c10eb874732d: start LeaderElection
2019-10-16 11:35:49,593 [1ee6da7b-5867-4bad-ba0d-a2cfd13fd72a@group-B3673A53AB6F-LeaderElection180] INFO  impl.LeaderElection (LeaderElection.java:logAndReturn(56)) - 1ee6da7b-5867-4bad-ba0d-a2cfd13fd72a@group-B3673A53AB6F-LeaderElection180: Election TIMEOUT; received 0 response(s) [] and 0 exception(s); 1ee6da7b-5867-4bad-ba0d-a2cfd13fd72a@group-B3673A53AB6F:t95, leader=null, voted=1ee6da7b-5867-4bad-ba0d-a2cfd13fd72a, raftlog=1ee6da7b-5867-4bad-ba0d-a2cfd13fd72a@group-B3673A53AB6F-SegmentedRaftLog:OPENED:c-1,f-1,i0, conf=-1: [f94c755f-9f95-40b5-85b9-5e712f3f34e7:192.168.157.203:45275, 1ee6da7b-5867-4bad-ba0d-a2cfd13fd72a:192.168.157.203:35892, 4281bf39-36db-462c-8bc9-3c86cb645344:192.168.157.203:42381], old=null
2019-10-16 11:35:49,947 [1ee6da7b-5867-4bad-ba0d-a2cfd13fd72a@group-B3673A53AB6F-LeaderElection180] INFO  impl.LeaderElection (LeaderElection.java:askForVotes(178)) - 1ee6da7b-5867-4bad-ba0d-a2cfd13fd72a@group-B3673A53AB6F-LeaderElection180: begin an election at term 96 for -1: [f94c755f-9f95-40b5-85b9-5e712f3f34e7:192.168.157.203:45275, 1ee6da7b-5867-4bad-ba0d-a2cfd13fd72a:192.168.157.203:35892, 4281bf39-36db-462c-8bc9-3c86cb645344:192.168.157.203:42381], old=null
2019-10-16 11:35:49,947 [a3132885-145f-4a8c-85f4-c10eb874732d@group-2077DD483DC7-LeaderElection181] INFO  impl.LeaderElection (LeaderElection.java:askForVotes(178)) - a3132885-145f-4a8c-85f4-c10eb874732d@group-2077DD483DC7-LeaderElection181: begin an election at term 90 for -1: [163587bb-2c3b-4498-b576-18147cf38274:192.168.157.203:33208, a3132885-145f-4a8c-85f4-c10eb874732d:192.168.157.203:46766, 70b633f6-b230-4b9f-87f3-510da88f1e08:192.168.157.203:43163], old=null
2019-10-16 11:35:49,950 [grpc-default-executor-3] INFO  impl.RaftServerImpl (RaftServerImpl.java:setRole(184)) - f94c755f-9f95-40b5-85b9-5e712f3f34e7@group-B3673A53AB6F: changes role from  FOLLOWER to FOLLOWER at term 96 for recognizeCandidate:1ee6da7b-5867-4bad-ba0d-a2cfd13fd72a
2019-10-16 11:35:49,950 [grpc-default-executor-3] INFO  impl.RoleInfo (RoleInfo.java:shutdownFollowerState(121)) - f94c755f-9f95-40b5-85b9-5e712f3f34e7: shutdown FollowerState
2019-10-16 11:35:49,950 [grpc-default-executor-3] INFO  impl.RoleInfo (RoleInfo.java:updateAndGet(143)) - f94c755f-9f95-40b5-85b9-5e712f3f34e7: start FollowerState
2019-10-16 11:35:49,950 [grpc-default-executor-5] INFO  impl.RaftServerImpl (RaftServerImpl.java:setRole(184)) - 4281bf39-36db-462c-8bc9-3c86cb645344@group-B3673A53AB6F: changes role from  FOLLOWER to FOLLOWER at term 96 for recognizeCandidate:1ee6da7b-5867-4bad-ba0d-a2cfd13fd72a
2019-10-16 11:35:49,950 [Thread-1571] INFO  impl.FollowerState (FollowerState.java:run(117)) - f94c755f-9f95-40b5-85b9-5e712f3f34e7@group-B3673A53AB6F-FollowerState was interrupted: java.lang.InterruptedException: sleep interrupted
2019-10-16 11:35:49,950 [grpc-default-executor-5] INFO  impl.RoleInfo (RoleInfo.java:shutdownFollowerState(121)) - 4281bf39-36db-462c-8bc9-3c86cb645344: shutdown FollowerState
2019-10-16 11:35:49,950 [grpc-default-executor-4] INFO  impl.RaftServerImpl (RaftServerImpl.java:setRole(184)) - 70b633f6-b230-4b9f-87f3-510da88f1e08@group-2077DD483DC7: changes role from  FOLLOWER to FOLLOWER at term 90 for recognizeCandidate:a3132885-145f-4a8c-85f4-c10eb874732d
2019-10-16 11:35:49,951 [grpc-default-executor-0] INFO  impl.RaftServerImpl (RaftServerImpl.java:setRole(184)) - 163587bb-2c3b-4498-b576-18147cf38274@group-2077DD483DC7: changes role from  FOLLOWER to FOLLOWER at term 90 for recognizeCandidate:a3132885-145f-4a8c-85f4-c10eb874732d
2019-10-16 11:35:49,951 [grpc-default-executor-5] INFO  impl.RoleInfo (RoleInfo.java:updateAndGet(143)) - 4281bf39-36db-462c-8bc9-3c86cb645344: start FollowerState
2019-10-16 11:35:49,951 [Thread-1572] INFO  impl.FollowerState (FollowerState.java:run(117)) - 4281bf39-36db-462c-8bc9-3c86cb645344@group-B3673A53AB6F-FollowerState was interrupted: java.lang.InterruptedException: sleep interrupted
2019-10-16 11:35:49,951 [grpc-default-executor-0] INFO  impl.RoleInfo (RoleInfo.java:shutdownFollowerState(121)) - 163587bb-2c3b-4498-b576-18147cf38274: shutdown FollowerState
2019-10-16 11:35:49,951 [grpc-default-executor-4] INFO  impl.RoleInfo (RoleInfo.java:shutdownFollowerState(121)) - 70b633f6-b230-4b9f-87f3-510da88f1e08: shutdown FollowerState
2019-10-16 11:35:49,951 [Thread-1564] INFO  impl.FollowerState (FollowerState.java:run(117)) - 163587bb-2c3b-4498-b576-18147cf38274@group-2077DD483DC7-FollowerState was interrupted: java.lang.InterruptedException: sleep interrupted
2019-10-16 11:35:49,951 [grpc-default-executor-0] INFO  impl.RoleInfo (RoleInfo.java:updateAndGet(143)) - 163587bb-2c3b-4498-b576-18147cf38274: start FollowerState
2019-10-16 11:35:49,952 [Thread-1563] INFO  impl.FollowerState (FollowerState.java:run(117)) - 70b633f6-b230-4b9f-87f3-510da88f1e08@group-2077DD483DC7-FollowerState was interrupted: java.lang.InterruptedException: sleep interrupted
2019-10-16 11:35:49,951 [grpc-default-executor-4] INFO  impl.RoleInfo (RoleInfo.java:updateAndGet(143)) - 70b633f6-b230-4b9f-87f3-510da88f1e08: start FollowerState
2019-10-16 11:35:49,959 [1ee6da7b-5867-4bad-ba0d-a2cfd13fd72a@group-B3673A53AB6F-LeaderElection180] INFO  impl.LeaderElection (LeaderElection.java:logAndReturn(56)) - 1ee6da7b-5867-4bad-ba0d-a2cfd13fd72a@group-B3673A53AB6F-LeaderElection180: Election REJECTED; received 2 response(s) [1ee6da7b-5867-4bad-ba0d-a2cfd13fd72a<-f94c755f-9f95-40b5-85b9-5e712f3f34e7#0:FAIL-t96, 1ee6da7b-5867-4bad-ba0d-a2cfd13fd72a<-4281bf39-36db-462c-8bc9-3c86cb645344#0:FAIL-t96] and 0 exception(s); 1ee6da7b-5867-4bad-ba0d-a2cfd13fd72a@group-B3673A53AB6F:t96, leader=null, voted=1ee6da7b-5867-4bad-ba0d-a2cfd13fd72a, raftlog=1ee6da7b-5867-4bad-ba0d-a2cfd13fd72a@group-B3673A53AB6F-SegmentedRaftLog:OPENED:c-1,f-1,i0, conf=-1: [f94c755f-9f95-40b5-85b9-5e712f3f34e7:192.168.157.203:45275, 1ee6da7b-5867-4bad-ba0d-a2cfd13fd72a:192.168.157.203:35892, 4281bf39-36db-462c-8bc9-3c86cb645344:192.168.157.203:42381], old=null
2019-10-16 11:35:49,959 [a3132885-145f-4a8c-85f4-c10eb874732d@group-2077DD483DC7-LeaderElection181] INFO  impl.LeaderElection (LeaderElection.java:logAndReturn(56)) - a3132885-145f-4a8c-85f4-c10eb874732d@group-2077DD483DC7-LeaderElection181: Election REJECTED; received 2 response(s) [a3132885-145f-4a8c-85f4-c10eb874732d<-163587bb-2c3b-4498-b576-18147cf38274#0:FAIL-t90, a3132885-145f-4a8c-85f4-c10eb874732d<-70b633f6-b230-4b9f-87f3-510da88f1e08#0:FAIL-t90] and 0 exception(s); a3132885-145f-4a8c-85f4-c10eb874732d@group-2077DD483DC7:t90, leader=null, voted=a3132885-145f-4a8c-85f4-c10eb874732d, raftlog=a3132885-145f-4a8c-85f4-c10eb874732d@group-2077DD483DC7-SegmentedRaftLog:OPENED:c-1,f-1,i0, conf=-1: [163587bb-2c3b-4498-b576-18147cf38274:192.168.157.203:33208, a3132885-145f-4a8c-85f4-c10eb874732d:192.168.157.203:46766, 70b633f6-b230-4b9f-87f3-510da88f1e08:192.168.157.203:43163], old=null
2019-10-16 11:35:49,959 [1ee6da7b-5867-4bad-ba0d-a2cfd13fd72a@group-B3673A53AB6F-LeaderElection180] INFO  impl.RaftServerImpl (RaftServerImpl.java:setRole(184)) - 1ee6da7b-5867-4bad-ba0d-a2cfd13fd72a@group-B3673A53AB6F: changes role from CANDIDATE to FOLLOWER at term 96 for DISCOVERED_A_NEW_TERM
2019-10-16 11:35:49,959 [a3132885-145f-4a8c-85f4-c10eb874732d@group-2077DD483DC7-LeaderElection181] INFO  impl.RaftServerImpl (RaftServerImpl.java:setRole(184)) - a3132885-145f-4a8c-85f4-c10eb874732d@group-2077DD483DC7: changes role from CANDIDATE to FOLLOWER at term 90 for DISCOVERED_A_NEW_TERM
2019-10-16 11:35:49,960 [1ee6da7b-5867-4bad-ba0d-a2cfd13fd72a@group-B3673A53AB6F-LeaderElection180] INFO  impl.RoleInfo (RoleInfo.java:shutdownLeaderElection(134)) - 1ee6da7b-5867-4bad-ba0d-a2cfd13fd72a: shutdown LeaderElection
2019-10-16 11:35:49,960 [a3132885-145f-4a8c-85f4-c10eb874732d@group-2077DD483DC7-LeaderElection181] INFO  impl.RoleInfo (RoleInfo.java:shutdownLeaderElection(134)) - a3132885-145f-4a8c-85f4-c10eb874732d: shutdown LeaderElection
2019-10-16 11:35:49,960 [1ee6da7b-5867-4bad-ba0d-a2cfd13fd72a@group-B3673A53AB6F-LeaderElection180] INFO  impl.RoleInfo (RoleInfo.java:updateAndGet(143)) - 1ee6da7b-5867-4bad-ba0d-a2cfd13fd72a: start FollowerState
2019-10-16 11:35:49,960 [a3132885-145f-4a8c-85f4-c10eb874732d@group-2077DD483DC7-LeaderElection181] INFO  impl.RoleInfo (RoleInfo.java:updateAndGet(143)) - a3132885-145f-4a8c-85f4-c10eb874732d: start FollowerState
2019-10-16 11:35:50,037 [Thread-1586] INFO  impl.FollowerState (FollowerState.java:run(108)) - 1ee6da7b-5867-4bad-ba0d-a2cfd13fd72a@group-B3673A53AB6F-FollowerState: change to CANDIDATE, lastRpcTime:77ms, electionTimeout:77ms
2019-10-16 11:35:50,037 [Thread-1586] INFO  impl.RoleInfo (RoleInfo.java:shutdownFollowerState(121)) - 1ee6da7b-5867-4bad-ba0d-a2cfd13fd72a: shutdown FollowerState
2019-10-16 11:35:50,037 [Thread-1586] INFO  impl.RaftServerImpl (RaftServerImpl.java:setRole(184)) - 1ee6da7b-5867-4bad-ba0d-a2cfd13fd72a@group-B3673A53AB6F: changes role from  FOLLOWER to CANDIDATE at term 96 for changeToCandidate
2019-10-16 11:35:50,038 [Thread-1586] INFO  impl.RoleInfo (RoleInfo.java:updateAndGet(143)) - 1ee6da7b-5867-4bad-ba0d-a2cfd13fd72a: start LeaderElection
2019-10-16 11:35:50,046 [1ee6da7b-5867-4bad-ba0d-a2cfd13fd72a@group-B3673A53AB6F-LeaderElection182] INFO  impl.LeaderElection (LeaderElection.java:askForVotes(178)) - 1ee6da7b-5867-4bad-ba0d-a2cfd13fd72a@group-B3673A53AB6F-LeaderElection182: begin an election at term 97 for -1: [f94c755f-9f95-40b5-85b9-5e712f3f34e7:192.168.157.203:45275, 1ee6da7b-5867-4bad-ba0d-a2cfd13fd72a:192.168.157.203:35892, 4281bf39-36db-462c-8bc9-3c86cb645344:192.168.157.203:42381], old=null
2019-10-16 11:35:50,047 [grpc-default-executor-0] INFO  impl.RaftServerImpl (RaftServerImpl.java:setRole(184)) - f94c755f-9f95-40b5-85b9-5e712f3f34e7@group-B3673A53AB6F: changes role from  FOLLOWER to FOLLOWER at term 97 for recognizeCandidate:1ee6da7b-5867-4bad-ba0d-a2cfd13fd72a
2019-10-16 11:35:50,047 [grpc-default-executor-0] INFO  impl.RoleInfo (RoleInfo.java:shutdownFollowerState(121)) - f94c755f-9f95-40b5-85b9-5e712f3f34e7: shutdown FollowerState
2019-10-16 11:35:50,048 [grpc-default-executor-0] INFO  impl.RoleInfo (RoleInfo.java:updateAndGet(143)) - f94c755f-9f95-40b5-85b9-5e712f3f34e7: start FollowerState
2019-10-16 11:35:50,048 [Thread-1582] INFO  impl.FollowerState (FollowerState.java:run(117)) - f94c755f-9f95-40b5-85b9-5e712f3f34e7@group-B3673A53AB6F-FollowerState was interrupted: java.lang.InterruptedException: sleep interrupted
2019-10-16 11:35:50,048 [grpc-default-executor-4] INFO  impl.RaftServerImpl (RaftServerImpl.java:setRole(184)) - 4281bf39-36db-462c-8bc9-3c86cb645344@group-B3673A53AB6F: changes role from  FOLLOWER to FOLLOWER at term 97 for recognizeCandidate:1ee6da7b-5867-4bad-ba0d-a2cfd13fd72a
2019-10-16 11:35:50,048 [grpc-default-executor-4] INFO  impl.RoleInfo (RoleInfo.java:shutdownFollowerState(121)) - 4281bf39-36db-462c-8bc9-3c86cb645344: shutdown FollowerState
2019-10-16 11:35:50,048 [grpc-default-executor-4] INFO  impl.RoleInfo (RoleInfo.java:updateAndGet(143)) - 4281bf39-36db-462c-8bc9-3c86cb645344: start FollowerState
2019-10-16 11:35:50,048 [Thread-1583] INFO  impl.FollowerState (FollowerState.java:run(117)) - 4281bf39-36db-462c-8bc9-3c86cb645344@group-B3673A53AB6F-FollowerState was interrupted: java.lang.InterruptedException: sleep interrupted
2019-10-16 11:35:50,058 [1ee6da7b-5867-4bad-ba0d-a2cfd13fd72a@group-B3673A53AB6F-LeaderElection182] INFO  impl.LeaderElection (LeaderElection.java:logAndReturn(56)) - 1ee6da7b-5867-4bad-ba0d-a2cfd13fd72a@group-B3673A53AB6F-LeaderElection182: Election REJECTED; received 2 response(s) [1ee6da7b-5867-4bad-ba0d-a2cfd13fd72a<-f94c755f-9f95-40b5-85b9-5e712f3f34e7#0:FAIL-t97, 1ee6da7b-5867-4bad-ba0d-a2cfd13fd72a<-4281bf39-36db-462c-8bc9-3c86cb645344#0:FAIL-t97] and 0 exception(s); 1ee6da7b-5867-4bad-ba0d-a2cfd13fd72a@group-B3673A53AB6F:t97, leader=null, voted=1ee6da7b-5867-4bad-ba0d-a2cfd13fd72a, raftlog=1ee6da7b-5867-4bad-ba0d-a2cfd13fd72a@group-B3673A53AB6F-SegmentedRaftLog:OPENED:c-1,f-1,i0, conf=-1: [f94c755f-9f95-40b5-85b9-5e712f3f34e7:192.168.157.203:45275, 1ee6da7b-5867-4bad-ba0d-a2cfd13fd72a:192.168.157.203:35892, 4281bf39-36db-462c-8bc9-3c86cb645344:192.168.157.203:42381], old=null
2019-10-16 11:35:50,058 [1ee6da7b-5867-4bad-ba0d-a2cfd13fd72a@group-B3673A53AB6F-LeaderElection182] INFO  impl.RaftServerImpl (RaftServerImpl.java:setRole(184)) - 1ee6da7b-5867-4bad-ba0d-a2cfd13fd72a@group-B3673A53AB6F: changes role from CANDIDATE to FOLLOWER at term 97 for DISCOVERED_A_NEW_TERM
2019-10-16 11:35:50,058 [1ee6da7b-5867-4bad-ba0d-a2cfd13fd72a@group-B3673A53AB6F-LeaderElection182] INFO  impl.RoleInfo (RoleInfo.java:shutdownLeaderElection(134)) - 1ee6da7b-5867-4bad-ba0d-a2cfd13fd72a: shutdown LeaderElection
2019-10-16 11:35:50,058 [1ee6da7b-5867-4bad-ba0d-a2cfd13fd72a@group-B3673A53AB6F-LeaderElection182] INFO  impl.RoleInfo (RoleInfo.java:updateAndGet(143)) - 1ee6da7b-5867-4bad-ba0d-a2cfd13fd72a: start FollowerState
2019-10-16 11:35:50,083 [Thread-1587] INFO  impl.FollowerState (FollowerState.java:run(108)) - a3132885-145f-4a8c-85f4-c10eb874732d@group-2077DD483DC7-FollowerState: change to CANDIDATE, lastRpcTime:123ms, electionTimeout:123ms
2019-10-16 11:35:50,083 [Thread-1587] INFO  impl.RoleInfo (RoleInfo.java:shutdownFollowerState(121)) - a3132885-145f-4a8c-85f4-c10eb874732d: shutdown FollowerState
2019-10-16 11:35:50,083 [Thread-1587] INFO  impl.RaftServerImpl (RaftServerImpl.java:setRole(184)) - a3132885-145f-4a8c-85f4-c10eb874732d@group-2077DD483DC7: changes role from  FOLLOWER to CANDIDATE at term 90 for changeToCandidate
2019-10-16 11:35:50,083 [Thread-1587] INFO  impl.RoleInfo (RoleInfo.java:updateAndGet(143)) - a3132885-145f-4a8c-85f4-c10eb874732d: start LeaderElection
2019-10-16 11:35:50,087 [a3132885-145f-4a8c-85f4-c10eb874732d@group-2077DD483DC7-LeaderElection183] INFO  impl.LeaderElection (LeaderElection.java:askForVotes(178)) - a3132885-145f-4a8c-85f4-c10eb874732d@group-2077DD483DC7-LeaderElection183: begin an election at term 91 for -1: [163587bb-2c3b-4498-b576-18147cf38274:192.168.157.203:33208, a3132885-145f-4a8c-85f4-c10eb874732d:192.168.157.203:46766, 70b633f6-b230-4b9f-87f3-510da88f1e08:192.168.157.203:43163], old=null
2019-10-16 11:35:50,089 [grpc-default-executor-4] INFO  impl.RaftServerImpl (RaftServerImpl.java:setRole(184)) - 70b633f6-b230-4b9f-87f3-510da88f1e08@group-2077DD483DC7: changes role from  FOLLOWER to FOLLOWER at term 91 for recognizeCandidate:a3132885-145f-4a8c-85f4-c10eb874732d
2019-10-16 11:35:50,089 [grpc-default-executor-4] INFO  impl.RoleInfo (RoleInfo.java:shutdownFollowerState(121)) - 70b633f6-b230-4b9f-87f3-510da88f1e08: shutdown FollowerState
2019-10-16 11:35:50,089 [Thread-1593] INFO  impl.FollowerState (FollowerState.java:run(108)) - 1ee6da7b-5867-4bad-ba0d-a2cfd13fd72a@group-B3673A53AB6F-FollowerState: change to CANDIDATE, lastRpcTime:31ms, electionTimeout:31ms
2019-10-16 11:35:50,089 [Thread-1585] INFO  impl.FollowerState (FollowerState.java:run(117)) - 70b633f6-b230-4b9f-87f3-510da88f1e08@group-2077DD483DC7-FollowerState was interrupted: java.lang.InterruptedException: sleep interrupted
2019-10-16 11:35:50,089 [Thread-1593] INFO  impl.RoleInfo (RoleInfo.java:shutdownFollowerState(121)) - 1ee6da7b-5867-4bad-ba0d-a2cfd13fd72a: shutdown FollowerState
2019-10-16 11:35:50,089 [grpc-default-executor-4] INFO  impl.RoleInfo (RoleInfo.java:updateAndGet(143)) - 70b633f6-b230-4b9f-87f3-510da88f1e08: start FollowerState
2019-10-16 11:35:50,089 [grpc-default-executor-0] INFO  impl.RaftServerImpl (RaftServerImpl.java:setRole(184)) - 163587bb-2c3b-4498-b576-18147cf38274@group-2077DD483DC7: changes role from  FOLLOWER to FOLLOWER at term 91 for recognizeCandidate:a3132885-145f-4a8c-85f4-c10eb874732d
2019-10-16 11:35:50,089 [Thread-1593] INFO  impl.RaftServerImpl (RaftServerImpl.java:setRole(184)) - 1ee6da7b-5867-4bad-ba0d-a2cfd13fd72a@group-B3673A53AB6F: changes role from  FOLLOWER to CANDIDATE at term 97 for changeToCandidate
2019-10-16 11:35:50,090 [grpc-default-executor-0] INFO  impl.RoleInfo (RoleInfo.java:shutdownFollowerState(121)) - 163587bb-2c3b-4498-b576-18147cf38274: shutdown FollowerState
2019-10-16 11:35:50,090 [Thread-1593] INFO  impl.RoleInfo (RoleInfo.java:updateAndGet(143)) - 1ee6da7b-5867-4bad-ba0d-a2cfd13fd72a: start LeaderElection
2019-10-16 11:35:50,090 [Thread-1584] INFO  impl.FollowerState (FollowerState.java:run(117)) - 163587bb-2c3b-4498-b576-18147cf38274@group-2077DD483DC7-FollowerState was interrupted: java.lang.InterruptedException: sleep interrupted
2019-10-16 11:35:50,090 [grpc-default-executor-0] INFO  impl.RoleInfo (RoleInfo.java:updateAndGet(143)) - 163587bb-2c3b-4498-b576-18147cf38274: start FollowerState
2019-10-16 11:35:50,099 [1ee6da7b-5867-4bad-ba0d-a2cfd13fd72a@group-B3673A53AB6F-LeaderElection184] INFO  impl.LeaderElection (LeaderElection.java:askForVotes(178)) - 1ee6da7b-5867-4bad-ba0d-a2cfd13fd72a@group-B3673A53AB6F-LeaderElection184: begin an election at term 98 for -1: [f94c755f-9f95-40b5-85b9-5e712f3f34e7:192.168.157.203:45275, 1ee6da7b-5867-4bad-ba0d-a2cfd13fd72a:192.168.157.203:35892, 4281bf39-36db-462c-8bc9-3c86cb645344:192.168.157.203:42381], old=null
2019-10-16 11:35:50,100 [a3132885-145f-4a8c-85f4-c10eb874732d@group-2077DD483DC7-LeaderElection183] INFO  impl.LeaderElection (LeaderElection.java:logAndReturn(56)) - a3132885-145f-4a8c-85f4-c10eb874732d@group-2077DD483DC7-LeaderElection183: Election REJECTED; received 2 response(s) [a3132885-145f-4a8c-85f4-c10eb874732d<-163587bb-2c3b-4498-b576-18147cf38274#0:FAIL-t91, a3132885-145f-4a8c-85f4-c10eb874732d<-70b633f6-b230-4b9f-87f3-510da88f1e08#0:FAIL-t91] and 0 exception(s); a3132885-145f-4a8c-85f4-c10eb874732d@group-2077DD483DC7:t91, leader=null, voted=a3132885-145f-4a8c-85f4-c10eb874732d, raftlog=a3132885-145f-4a8c-85f4-c10eb874732d@group-2077DD483DC7-SegmentedRaftLog:OPENED:c-1,f-1,i0, conf=-1: [163587bb-2c3b-4498-b576-18147cf38274:192.168.157.203:33208, a3132885-145f-4a8c-85f4-c10eb874732d:192.168.157.203:46766, 70b633f6-b230-4b9f-87f3-510da88f1e08:192.168.157.203:43163], old=null
2019-10-16 11:35:50,100 [a3132885-145f-4a8c-85f4-c10eb874732d@group-2077DD483DC7-LeaderElection183] INFO  impl.RaftServerImpl (RaftServerImpl.java:setRole(184)) - a3132885-145f-4a8c-85f4-c10eb874732d@group-2077DD483DC7: changes role from CANDIDATE to FOLLOWER at term 91 for DISCOVERED_A_NEW_TERM
2019-10-16 11:35:50,100 [a3132885-145f-4a8c-85f4-c10eb874732d@group-2077DD483DC7-LeaderElection183] INFO  impl.RoleInfo (RoleInfo.java:shutdownLeaderElection(134)) - a3132885-145f-4a8c-85f4-c10eb874732d: shutdown LeaderElection
2019-10-16 11:35:50,100 [a3132885-145f-4a8c-85f4-c10eb874732d@group-2077DD483DC7-LeaderElection183] INFO  impl.RoleInfo (RoleInfo.java:updateAndGet(143)) - a3132885-145f-4a8c-85f4-c10eb874732d: start FollowerState
2019-10-16 11:35:50,101 [grpc-default-executor-4] INFO  impl.RaftServerImpl (RaftServerImpl.java:setRole(184)) - 4281bf39-36db-462c-8bc9-3c86cb645344@group-B3673A53AB6F: changes role from  FOLLOWER to FOLLOWER at term 98 for recognizeCandidate:1ee6da7b-5867-4bad-ba0d-a2cfd13fd72a
2019-10-16 11:35:50,101 [grpc-default-executor-0] INFO  impl.RaftServerImpl (RaftServerImpl.java:setRole(184)) - f94c755f-9f95-40b5-85b9-5e712f3f34e7@group-B3673A53AB6F: changes role from  FOLLOWER to FOLLOWER at term 98 for recognizeCandidate:1ee6da7b-5867-4bad-ba0d-a2cfd13fd72a
2019-10-16 11:35:50,101 [grpc-default-executor-0] INFO  impl.RoleInfo (RoleInfo.java:shutdownFollowerState(121)) - f94c755f-9f95-40b5-85b9-5e712f3f34e7: shutdown FollowerState
2019-10-16 11:35:50,101 [grpc-default-executor-4] INFO  impl.RoleInfo (RoleInfo.java:shutdownFollowerState(121)) - 4281bf39-36db-462c-8bc9-3c86cb645344: shutdown FollowerState
2019-10-16 11:35:50,101 [Thread-1591] INFO  impl.FollowerState (FollowerState.java:run(117)) - f94c755f-9f95-40b5-85b9-5e712f3f34e7@group-B3673A53AB6F-FollowerState was interrupted: java.lang.InterruptedException: sleep interrupted
2019-10-16 11:35:50,101 [grpc-default-executor-0] INFO  impl.RoleInfo (RoleInfo.java:updateAndGet(143)) - f94c755f-9f95-40b5-85b9-5e712f3f34e7: start FollowerState
2019-10-16 11:35:50,102 [Thread-1592] INFO  impl.FollowerState (FollowerState.java:run(117)) - 4281bf39-36db-462c-8bc9-3c86cb645344@group-B3673A53AB6F-FollowerState was interrupted: java.lang.InterruptedException: sleep interrupted
2019-10-16 11:35:50,102 [grpc-default-executor-4] INFO  impl.RoleInfo (RoleInfo.java:updateAndGet(143)) - 4281bf39-36db-462c-8bc9-3c86cb645344: start FollowerState
2019-10-16 11:35:50,116 [1ee6da7b-5867-4bad-ba0d-a2cfd13fd72a@group-B3673A53AB6F-LeaderElection184] INFO  impl.LeaderElection (LeaderElection.java:logAndReturn(56)) - 1ee6da7b-5867-4bad-ba0d-a2cfd13fd72a@group-B3673A53AB6F-LeaderElection184: Election REJECTED; received 2 response(s) [1ee6da7b-5867-4bad-ba0d-a2cfd13fd72a<-f94c755f-9f95-40b5-85b9-5e712f3f34e7#0:FAIL-t98, 1ee6da7b-5867-4bad-ba0d-a2cfd13fd72a<-4281bf39-36db-462c-8bc9-3c86cb645344#0:FAIL-t98] and 0 exception(s); 1ee6da7b-5867-4bad-ba0d-a2cfd13fd72a@group-B3673A53AB6F:t98, leader=null, voted=1ee6da7b-5867-4bad-ba0d-a2cfd13fd72a, raftlog=1ee6da7b-5867-4bad-ba0d-a2cfd13fd72a@group-B3673A53AB6F-SegmentedRaftLog:OPENED:c-1,f-1,i0, conf=-1: [f94c755f-9f95-40b5-85b9-5e712f3f34e7:192.168.157.203:45275, 1ee6da7b-5867-4bad-ba0d-a2cfd13fd72a:192.168.157.203:35892, 4281bf39-36db-462c-8bc9-3c86cb645344:192.168.157.203:42381], old=null
2019-10-16 11:35:50,116 [1ee6da7b-5867-4bad-ba0d-a2cfd13fd72a@group-B3673A53AB6F-LeaderElection184] INFO  impl.RaftServerImpl (RaftServerImpl.java:setRole(184)) - 1ee6da7b-5867-4bad-ba0d-a2cfd13fd72a@group-B3673A53AB6F: changes role from CANDIDATE to FOLLOWER at term 98 for DISCOVERED_A_NEW_TERM
2019-10-16 11:35:50,116 [1ee6da7b-5867-4bad-ba0d-a2cfd13fd72a@group-B3673A53AB6F-LeaderElection184] INFO  impl.RoleInfo (RoleInfo.java:shutdownLeaderElection(134)) - 1ee6da7b-5867-4bad-ba0d-a2cfd13fd72a: shutdown LeaderElection
2019-10-16 11:35:50,117 [1ee6da7b-5867-4bad-ba0d-a2cfd13fd72a@group-B3673A53AB6F-LeaderElection184] INFO  impl.RoleInfo (RoleInfo.java:updateAndGet(143)) - 1ee6da7b-5867-4bad-ba0d-a2cfd13fd72a: start FollowerState
2019-10-16 11:35:50,144 [Thread-1602] INFO  impl.FollowerState (FollowerState.java:run(108)) - a3132885-145f-4a8c-85f4-c10eb874732d@group-2077DD483DC7-FollowerState: change to CANDIDATE, lastRpcTime:44ms, electionTimeout:44ms
2019-10-16 11:35:50,145 [Thread-1602] INFO  impl.RoleInfo (RoleInfo.java:shutdownFollowerState(121)) - a3132885-145f-4a8c-85f4-c10eb874732d: shutdown FollowerState
2019-10-16 11:35:50,145 [Thread-1602] INFO  impl.RaftServerImpl (RaftServerImpl.java:setRole(184)) - a3132885-145f-4a8c-85f4-c10eb874732d@group-2077DD483DC7: changes role from  FOLLOWER to CANDIDATE at term 91 for changeToCandidate
2019-10-16 11:35:50,145 [Thread-1602] INFO  impl.RoleInfo (RoleInfo.java:updateAndGet(143)) - a3132885-145f-4a8c-85f4-c10eb874732d: start LeaderElection
2019-10-16 11:35:50,151 [a3132885-145f-4a8c-85f4-c10eb874732d@group-2077DD483DC7-LeaderElection185] INFO  impl.LeaderElection (LeaderElection.java:askForVotes(178)) - a3132885-145f-4a8c-85f4-c10eb874732d@group-2077DD483DC7-LeaderElection185: begin an election at term 92 for -1: [163587bb-2c3b-4498-b576-18147cf38274:192.168.157.203:33208, a3132885-145f-4a8c-85f4-c10eb874732d:192.168.157.203:46766, 70b633f6-b230-4b9f-87f3-510da88f1e08:192.168.157.203:43163], old=null
2019-10-16 11:35:50,153 [grpc-default-executor-4] INFO  impl.RaftServerImpl (RaftServerImpl.java:setRole(184)) - 70b633f6-b230-4b9f-87f3-510da88f1e08@group-2077DD483DC7: changes role from  FOLLOWER to FOLLOWER at term 92 for recognizeCandidate:a3132885-145f-4a8c-85f4-c10eb874732d
2019-10-16 11:35:50,153 [grpc-default-executor-0] INFO  impl.RaftServerImpl (RaftServerImpl.java:setRole(184)) - 163587bb-2c3b-4498-b576-18147cf38274@group-2077DD483DC7: changes role from  FOLLOWER to FOLLOWER at term 92 for recognizeCandidate:a3132885-145f-4a8c-85f4-c10eb874732d
2019-10-16 11:35:50,153 [grpc-default-executor-4] INFO  impl.RoleInfo (RoleInfo.java:shutdownFollowerState(121)) - 70b633f6-b230-4b9f-87f3-510da88f1e08: shutdown FollowerState
2019-10-16 11:35:50,153 [grpc-default-executor-0] INFO  impl.RoleInfo (RoleInfo.java:shutdownFollowerState(121)) - 163587bb-2c3b-4498-b576-18147cf38274: shutdown FollowerState
2019-10-16 11:35:50,154 [grpc-default-executor-4] INFO  impl.RoleInfo (RoleInfo.java:updateAndGet(143)) - 70b633f6-b230-4b9f-87f3-510da88f1e08: start FollowerState
2019-10-16 11:35:50,154 [grpc-default-executor-0] INFO  impl.RoleInfo (RoleInfo.java:updateAndGet(143)) - 163587bb-2c3b-4498-b576-18147cf38274: start FollowerState
2019-10-16 11:35:50,154 [Thread-1597] INFO  impl.FollowerState (FollowerState.java:run(117)) - 70b633f6-b230-4b9f-87f3-510da88f1e08@group-2077DD483DC7-FollowerState was interrupted: java.lang.InterruptedException: sleep interrupted
2019-10-16 11:35:50,154 [Thread-1599] INFO  impl.FollowerState (FollowerState.java:run(117)) - 163587bb-2c3b-4498-b576-18147cf38274@group-2077DD483DC7-FollowerState was interrupted: java.lang.InterruptedException: sleep interrupted
2019-10-16 11:35:50,166 [a3132885-145f-4a8c-85f4-c10eb874732d@group-2077DD483DC7-LeaderElection185] INFO  impl.LeaderElection (LeaderElection.java:logAndReturn(56)) - a3132885-145f-4a8c-85f4-c10eb874732d@group-2077DD483DC7-LeaderElection185: Election REJECTED; received 2 response(s) [a3132885-145f-4a8c-85f4-c10eb874732d<-163587bb-2c3b-4498-b576-18147cf38274#0:FAIL-t92, a3132885-145f-4a8c-85f4-c10eb874732d<-70b633f6-b230-4b9f-87f3-510da88f1e08#0:FAIL-t92] and 0 exception(s); a3132885-145f-4a8c-85f4-c10eb874732d@group-2077DD483DC7:t92, leader=null, voted=a3132885-145f-4a8c-85f4-c10eb874732d, raftlog=a3132885-145f-4a8c-85f4-c10eb874732d@group-2077DD483DC7-SegmentedRaftLog:OPENED:c-1,f-1,i0, conf=-1: [163587bb-2c3b-4498-b576-18147cf38274:192.168.157.203:33208, a3132885-145f-4a8c-85f4-c10eb874732d:192.168.157.203:46766, 70b633f6-b230-4b9f-87f3-510da88f1e08:192.168.157.203:43163], old=null
2019-10-16 11:35:50,166 [a3132885-145f-4a8c-85f4-c10eb874732d@group-2077DD483DC7-LeaderElection185] INFO  impl.RaftServerImpl (RaftServerImpl.java:setRole(184)) - a3132885-145f-4a8c-85f4-c10eb874732d@group-2077DD483DC7: changes role from CANDIDATE to FOLLOWER at term 92 for DISCOVERED_A_NEW_TERM
2019-10-16 11:35:50,166 [a3132885-145f-4a8c-85f4-c10eb874732d@group-2077DD483DC7-LeaderElection185] INFO  impl.RoleInfo (RoleInfo.java:shutdownLeaderElection(134)) - a3132885-145f-4a8c-85f4-c10eb874732d: shutdown LeaderElection
2019-10-16 11:35:50,166 [a3132885-145f-4a8c-85f4-c10eb874732d@group-2077DD483DC7-LeaderElection185] INFO  impl.RoleInfo (RoleInfo.java:updateAndGet(143)) - a3132885-145f-4a8c-85f4-c10eb874732d: start FollowerState
2019-10-16 11:35:50,176 [Thread-1605] INFO  impl.FollowerState (FollowerState.java:run(108)) - 1ee6da7b-5867-4bad-ba0d-a2cfd13fd72a@group-B3673A53AB6F-FollowerState: change to CANDIDATE, lastRpcTime:59ms, electionTimeout:59ms
2019-10-16 11:35:50,176 [Thread-1605] INFO  impl.RoleInfo (RoleInfo.java:shutdownFollowerState(121)) - 1ee6da7b-5867-4bad-ba0d-a2cfd13fd72a: shutdown FollowerState
2019-10-16 11:35:50,176 [Thread-1605] INFO  impl.RaftServerImpl (RaftServerImpl.java:setRole(184)) - 1ee6da7b-5867-4bad-ba0d-a2cfd13fd72a@group-B3673A53AB6F: changes role from  FOLLOWER to CANDIDATE at term 98 for changeToCandidate
2019-10-16 11:35:50,176 [Thread-1605] INFO  impl.RoleInfo (RoleInfo.java:updateAndGet(143)) - 1ee6da7b-5867-4bad-ba0d-a2cfd13fd72a: start LeaderElection
2019-10-16 11:35:50,204 [1ee6da7b-5867-4bad-ba0d-a2cfd13fd72a@group-B3673A53AB6F-LeaderElection186] INFO  impl.LeaderElection (LeaderElection.java:askForVotes(178)) - 1ee6da7b-5867-4bad-ba0d-a2cfd13fd72a@group-B3673A53AB6F-LeaderElection186: begin an election at term 99 for -1: [f94c755f-9f95-40b5-85b9-5e712f3f34e7:192.168.157.203:45275, 1ee6da7b-5867-4bad-ba0d-a2cfd13fd72a:192.168.157.203:35892, 4281bf39-36db-462c-8bc9-3c86cb645344:192.168.157.203:42381], old=null
2019-10-16 11:35:50,205 [grpc-default-executor-4] INFO  impl.RaftServerImpl (RaftServerImpl.java:setRole(184)) - f94c755f-9f95-40b5-85b9-5e712f3f34e7@group-B3673A53AB6F: changes role from  FOLLOWER to FOLLOWER at term 99 for recognizeCandidate:1ee6da7b-5867-4bad-ba0d-a2cfd13fd72a
2019-10-16 11:35:50,206 [grpc-default-executor-4] INFO  impl.RoleInfo (RoleInfo.java:shutdownFollowerState(121)) - f94c755f-9f95-40b5-85b9-5e712f3f34e7: shutdown FollowerState
2019-10-16 11:35:50,206 [grpc-default-executor-4] INFO  impl.RoleInfo (RoleInfo.java:updateAndGet(143)) - f94c755f-9f95-40b5-85b9-5e712f3f34e7: start FollowerState
2019-10-16 11:35:50,206 [Thread-1603] INFO  impl.FollowerState (FollowerState.java:run(117)) - f94c755f-9f95-40b5-85b9-5e712f3f34e7@group-B3673A53AB6F-FollowerState was interrupted: java.lang.InterruptedException: sleep interrupted
2019-10-16 11:35:50,206 [grpc-default-executor-0] INFO  impl.RaftServerImpl (RaftServerImpl.java:setRole(184)) - 4281bf39-36db-462c-8bc9-3c86cb645344@group-B3673A53AB6F: changes role from  FOLLOWER to FOLLOWER at term 99 for recognizeCandidate:1ee6da7b-5867-4bad-ba0d-a2cfd13fd72a
2019-10-16 11:35:50,206 [grpc-default-executor-0] INFO  impl.RoleInfo (RoleInfo.java:shutdownFollowerState(121)) - 4281bf39-36db-462c-8bc9-3c86cb645344: shutdown FollowerState
2019-10-16 11:35:50,206 [grpc-default-executor-0] INFO  impl.RoleInfo (RoleInfo.java:updateAndGet(143)) - 4281bf39-36db-462c-8bc9-3c86cb645344: start FollowerState
2019-10-16 11:35:50,206 [Thread-1604] INFO  impl.FollowerState (FollowerState.java:run(117)) - 4281bf39-36db-462c-8bc9-3c86cb645344@group-B3673A53AB6F-FollowerState was interrupted: java.lang.InterruptedException: sleep interrupted
2019-10-16 11:35:50,221 [1ee6da7b-5867-4bad-ba0d-a2cfd13fd72a@group-B3673A53AB6F-LeaderElection186] INFO  impl.LeaderElection (LeaderElection.java:logAndReturn(56)) - 1ee6da7b-5867-4bad-ba0d-a2cfd13fd72a@group-B3673A53AB6F-LeaderElection186: Election REJECTED; received 2 response(s) [1ee6da7b-5867-4bad-ba0d-a2cfd13fd72a<-f94c755f-9f95-40b5-85b9-5e712f3f34e7#0:FAIL-t99, 1ee6da7b-5867-4bad-ba0d-a2cfd13fd72a<-4281bf39-36db-462c-8bc9-3c86cb645344#0:FAIL-t99] and 0 exception(s); 1ee6da7b-5867-4bad-ba0d-a2cfd13fd72a@group-B3673A53AB6F:t99, leader=null, voted=1ee6da7b-5867-4bad-ba0d-a2cfd13fd72a, raftlog=1ee6da7b-5867-4bad-ba0d-a2cfd13fd72a@group-B3673A53AB6F-SegmentedRaftLog:OPENED:c-1,f-1,i0, conf=-1: [f94c755f-9f95-40b5-85b9-5e712f3f34e7:192.168.157.203:45275, 1ee6da7b-5867-4bad-ba0d-a2cfd13fd72a:192.168.157.203:35892, 4281bf39-36db-462c-8bc9-3c86cb645344:192.168.157.203:42381], old=null
2019-10-16 11:35:50,221 [1ee6da7b-5867-4bad-ba0d-a2cfd13fd72a@group-B3673A53AB6F-LeaderElection186] INFO  impl.RaftServerImpl (RaftServerImpl.java:setRole(184)) - 1ee6da7b-5867-4bad-ba0d-a2cfd13fd72a@group-B3673A53AB6F: changes role from CANDIDATE to FOLLOWER at term 99 for DISCOVERED_A_NEW_TERM
2019-10-16 11:35:50,221 [1ee6da7b-5867-4bad-ba0d-a2cfd13fd72a@group-B3673A53AB6F-LeaderElection186] INFO  impl.RoleInfo (RoleInfo.java:shutdownLeaderElection(134)) - 1ee6da7b-5867-4bad-ba0d-a2cfd13fd72a: shutdown LeaderElection
2019-10-16 11:35:50,221 [1ee6da7b-5867-4bad-ba0d-a2cfd13fd72a@group-B3673A53AB6F-LeaderElection186] INFO  impl.RoleInfo (RoleInfo.java:updateAndGet(143)) - 1ee6da7b-5867-4bad-ba0d-a2cfd13fd72a: start FollowerState
2019-10-16 11:35:50,254 [Thread-1611] INFO  impl.FollowerState (FollowerState.java:run(108)) - a3132885-145f-4a8c-85f4-c10eb874732d@group-2077DD483DC7-FollowerState: change to CANDIDATE, lastRpcTime:87ms, electionTimeout:87ms
2019-10-16 11:35:50,254 [Thread-1611] INFO  impl.RoleInfo (RoleInfo.java:shutdownFollowerState(121)) - a3132885-145f-4a8c-85f4-c10eb874732d: shutdown FollowerState
2019-10-16 11:35:50,254 [Thread-1611] INFO  impl.RaftServerImpl (RaftServerImpl.java:setRole(184)) - a3132885-145f-4a8c-85f4-c10eb874732d@group-2077DD483DC7: changes role from  FOLLOWER to CANDIDATE at term 92 for changeToCandidate
2019-10-16 11:35:50,254 [Thread-1611] INFO  impl.RoleInfo (RoleInfo.java:updateAndGet(143)) - a3132885-145f-4a8c-85f4-c10eb874732d: start LeaderElection
2019-10-16 11:35:50,268 [Thread-1617] INFO  impl.FollowerState (FollowerState.java:run(108)) - 1ee6da7b-5867-4bad-ba0d-a2cfd13fd72a@group-B3673A53AB6F-FollowerState: change to CANDIDATE, lastRpcTime:46ms, electionTimeout:46ms
2019-10-16 11:35:50,268 [Thread-1617] INFO  impl.RoleInfo (RoleInfo.java:shutdownFollowerState(121)) - 1ee6da7b-5867-4bad-ba0d-a2cfd13fd72a: shutdown FollowerState
2019-10-16 11:35:50,268 [Thread-1617] INFO  impl.RaftServerImpl (RaftServerImpl.java:setRole(184)) - 1ee6da7b-5867-4bad-ba0d-a2cfd13fd72a@group-B3673A53AB6F: changes role from  FOLLOWER to CANDIDATE at term 99 for changeToCandidate
2019-10-16 11:35:50,268 [Thread-1617] INFO  impl.RoleInfo (RoleInfo.java:updateAndGet(143)) - 1ee6da7b-5867-4bad-ba0d-a2cfd13fd72a: start LeaderElection
2019-10-16 11:35:50,279 [a3132885-145f-4a8c-85f4-c10eb874732d@group-2077DD483DC7-LeaderElection187] INFO  impl.LeaderElection (LeaderElection.java:askForVotes(178)) - a3132885-145f-4a8c-85f4-c10eb874732d@group-2077DD483DC7-LeaderElection187: begin an election at term 93 for -1: [163587bb-2c3b-4498-b576-18147cf38274:192.168.157.203:33208, a3132885-145f-4a8c-85f4-c10eb874732d:192.168.157.203:46766, 70b633f6-b230-4b9f-87f3-510da88f1e08:192.168.157.203:43163], old=null
2019-10-16 11:35:50,280 [grpc-default-executor-0] INFO  impl.RaftServerImpl (RaftServerImpl.java:setRole(184)) - 70b633f6-b230-4b9f-87f3-510da88f1e08@group-2077DD483DC7: changes role from  FOLLOWER to FOLLOWER at term 93 for recognizeCandidate:a3132885-145f-4a8c-85f4-c10eb874732d
2019-10-16 11:35:50,281 [grpc-default-executor-0] INFO  impl.RoleInfo (RoleInfo.java:shutdownFollowerState(121)) - 70b633f6-b230-4b9f-87f3-510da88f1e08: shutdown FollowerState
2019-10-16 11:35:50,281 [grpc-default-executor-0] INFO  impl.RoleInfo (RoleInfo.java:updateAndGet(143)) - 70b633f6-b230-4b9f-87f3-510da88f1e08: start FollowerState
2019-10-16 11:35:50,281 [grpc-default-executor-4] INFO  impl.RaftServerImpl (RaftServerImpl.java:setRole(184)) - 163587bb-2c3b-4498-b576-18147cf38274@group-2077DD483DC7: changes role from  FOLLOWER to FOLLOWER at term 93 for recognizeCandidate:a3132885-145f-4a8c-85f4-c10eb874732d
2019-10-16 11:35:50,281 [grpc-default-executor-4] INFO  impl.RoleInfo (RoleInfo.java:shutdownFollowerState(121)) - 163587bb-2c3b-4498-b576-18147cf38274: shutdown FollowerState
2019-10-16 11:35:50,281 [Thread-1609] INFO  impl.FollowerState (FollowerState.java:run(117)) - 70b633f6-b230-4b9f-87f3-510da88f1e08@group-2077DD483DC7-FollowerState was interrupted: java.lang.InterruptedException: sleep interrupted
2019-10-16 11:35:50,281 [Thread-1610] INFO  impl.FollowerState (FollowerState.java:run(117)) - 163587bb-2c3b-4498-b576-18147cf38274@group-2077DD483DC7-FollowerState was interrupted: java.lang.InterruptedException: sleep interrupted
2019-10-16 11:35:50,281 [grpc-default-executor-4] INFO  impl.RoleInfo (RoleInfo.java:updateAndGet(143)) - 163587bb-2c3b-4498-b576-18147cf38274: start FollowerState
2019-10-16 11:35:50,283 [1ee6da7b-5867-4bad-ba0d-a2cfd13fd72a@group-B3673A53AB6F-LeaderElection188] INFO  impl.LeaderElection (LeaderElection.java:askForVotes(178)) - 1ee6da7b-5867-4bad-ba0d-a2cfd13fd72a@group-B3673A53AB6F-LeaderElection188: begin an election at term 100 for -1: [f94c755f-9f95-40b5-85b9-5e712f3f34e7:192.168.157.203:45275, 1ee6da7b-5867-4bad-ba0d-a2cfd13fd72a:192.168.157.203:35892, 4281bf39-36db-462c-8bc9-3c86cb645344:192.168.157.203:42381], old=null
2019-10-16 11:35:50,285 [grpc-default-executor-0] INFO  impl.RaftServerImpl (RaftServerImpl.java:setRole(184)) - f94c755f-9f95-40b5-85b9-5e712f3f34e7@group-B3673A53AB6F: changes role from  FOLLOWER to FOLLOWER at term 100 for recognizeCandidate:1ee6da7b-5867-4bad-ba0d-a2cfd13fd72a
2019-10-16 11:35:50,285 [grpc-default-executor-0] INFO  impl.RoleInfo (RoleInfo.java:shutdownFollowerState(121)) - f94c755f-9f95-40b5-85b9-5e712f3f34e7: shutdown FollowerState
2019-10-16 11:35:50,285 [grpc-default-executor-5] INFO  impl.RaftServerImpl (RaftServerImpl.java:setRole(184)) - 4281bf39-36db-462c-8bc9-3c86cb645344@group-B3673A53AB6F: changes role from  FOLLOWER to FOLLOWER at term 100 for recognizeCandidate:1ee6da7b-5867-4bad-ba0d-a2cfd13fd72a
2019-10-16 11:35:50,286 [grpc-default-executor-5] INFO  impl.RoleInfo (RoleInfo.java:shutdownFollowerState(121)) - 4281bf39-36db-462c-8bc9-3c86cb645344: shutdown FollowerState
2019-10-16 11:35:50,285 [grpc-default-executor-0] INFO  impl.RoleInfo (RoleInfo.java:updateAndGet(143)) - f94c755f-9f95-40b5-85b9-5e712f3f34e7: start FollowerState
2019-10-16 11:35:50,285 [Thread-1615] INFO  impl.FollowerState (FollowerState.java:run(117)) - f94c755f-9f95-40b5-85b9-5e712f3f34e7@group-B3673A53AB6F-FollowerState was interrupted: java.lang.InterruptedException: sleep interrupted
2019-10-16 11:35:50,286 [grpc-default-executor-5] INFO  impl.RoleInfo (RoleInfo.java:updateAndGet(143)) - 4281bf39-36db-462c-8bc9-3c86cb645344: start FollowerState
2019-10-16 11:35:50,286 [Thread-1616] INFO  impl.FollowerState (FollowerState.java:run(117)) - 4281bf39-36db-462c-8bc9-3c86cb645344@group-B3673A53AB6F-FollowerState was interrupted: java.lang.InterruptedException: sleep interrupted
2019-10-16 11:35:50,288 [a3132885-145f-4a8c-85f4-c10eb874732d@group-2077DD483DC7-LeaderElection187] INFO  impl.LeaderElection (LeaderElection.java:logAndReturn(56)) - a3132885-145f-4a8c-85f4-c10eb874732d@group-2077DD483DC7-LeaderElection187: Election REJECTED; received 2 response(s) [a3132885-145f-4a8c-85f4-c10eb874732d<-163587bb-2c3b-4498-b576-18147cf38274#0:FAIL-t93, a3132885-145f-4a8c-85f4-c10eb874732d<-70b633f6-b230-4b9f-87f3-510da88f1e08#0:FAIL-t93] and 0 exception(s); a3132885-145f-4a8c-85f4-c10eb874732d@group-2077DD483DC7:t93, leader=null, voted=a3132885-145f-4a8c-85f4-c10eb874732d, raftlog=a3132885-145f-4a8c-85f4-c10eb874732d@group-2077DD483DC7-SegmentedRaftLog:OPENED:c-1,f-1,i0, conf=-1: [163587bb-2c3b-4498-b576-18147cf38274:192.168.157.203:33208, a3132885-145f-4a8c-85f4-c10eb874732d:192.168.157.203:46766, 70b633f6-b230-4b9f-87f3-510da88f1e08:192.168.157.203:43163], old=null
2019-10-16 11:35:50,289 [a3132885-145f-4a8c-85f4-c10eb874732d@group-2077DD483DC7-LeaderElection187] INFO  impl.RaftServerImpl (RaftServerImpl.java:setRole(184)) - a3132885-145f-4a8c-85f4-c10eb874732d@group-2077DD483DC7: changes role from CANDIDATE to FOLLOWER at term 93 for DISCOVERED_A_NEW_TERM
2019-10-16 11:35:50,289 [a3132885-145f-4a8c-85f4-c10eb874732d@group-2077DD483DC7-LeaderElection187] INFO  impl.RoleInfo (RoleInfo.java:shutdownLeaderElection(134)) - a3132885-145f-4a8c-85f4-c10eb874732d: shutdown LeaderElection
2019-10-16 11:35:50,289 [a3132885-145f-4a8c-85f4-c10eb874732d@group-2077DD483DC7-LeaderElection187] INFO  impl.RoleInfo (RoleInfo.java:updateAndGet(143)) - a3132885-145f-4a8c-85f4-c10eb874732d: start FollowerState
2019-10-16 11:35:50,333 [1ee6da7b-5867-4bad-ba0d-a2cfd13fd72a@group-B3673A53AB6F-LeaderElection188] INFO  impl.LeaderElection (LeaderElection.java:logAndReturn(56)) - 1ee6da7b-5867-4bad-ba0d-a2cfd13fd72a@group-B3673A53AB6F-LeaderElection188: Election REJECTED; received 2 response(s) [1ee6da7b-5867-4bad-ba0d-a2cfd13fd72a<-f94c755f-9f95-40b5-85b9-5e712f3f34e7#0:FAIL-t100, 1ee6da7b-5867-4bad-ba0d-a2cfd13fd72a<-4281bf39-36db-462c-8bc9-3c86cb645344#0:FAIL-t100] and 0 exception(s); 1ee6da7b-5867-4bad-ba0d-a2cfd13fd72a@group-B3673A53AB6F:t100, leader=null, voted=1ee6da7b-5867-4bad-ba0d-a2cfd13fd72a, raftlog=1ee6da7b-5867-4bad-ba0d-a2cfd13fd72a@group-B3673A53AB6F-SegmentedRaftLog:OPENED:c-1,f-1,i0, conf=-1: [f94c755f-9f95-40b5-85b9-5e712f3f34e7:192.168.157.203:45275, 1ee6da7b-5867-4bad-ba0d-a2cfd13fd72a:192.168.157.203:35892, 4281bf39-36db-462c-8bc9-3c86cb645344:192.168.157.203:42381], old=null
2019-10-16 11:35:50,333 [1ee6da7b-5867-4bad-ba0d-a2cfd13fd72a@group-B3673A53AB6F-LeaderElection188] INFO  impl.RaftServerImpl (RaftServerImpl.java:setRole(184)) - 1ee6da7b-5867-4bad-ba0d-a2cfd13fd72a@group-B3673A53AB6F: changes role from CANDIDATE to FOLLOWER at term 100 for DISCOVERED_A_NEW_TERM
2019-10-16 11:35:50,333 [1ee6da7b-5867-4bad-ba0d-a2cfd13fd72a@group-B3673A53AB6F-LeaderElection188] INFO  impl.RoleInfo (RoleInfo.java:shutdownLeaderElection(134)) - 1ee6da7b-5867-4bad-ba0d-a2cfd13fd72a: shutdown LeaderElection
2019-10-16 11:35:50,333 [1ee6da7b-5867-4bad-ba0d-a2cfd13fd72a@group-B3673A53AB6F-LeaderElection188] INFO  impl.RoleInfo (RoleInfo.java:updateAndGet(143)) - 1ee6da7b-5867-4bad-ba0d-a2cfd13fd72a: start FollowerState
2019-10-16 11:35:50,410 [Thread-1628] INFO  impl.FollowerState (FollowerState.java:run(108)) - a3132885-145f-4a8c-85f4-c10eb874732d@group-2077DD483DC7-FollowerState: change to CANDIDATE, lastRpcTime:121ms, electionTimeout:121ms
2019-10-16 11:35:50,410 [Thread-1628] INFO  impl.RoleInfo (RoleInfo.java:shutdownFollowerState(121)) - a3132885-145f-4a8c-85f4-c10eb874732d: shutdown FollowerState
2019-10-16 11:35:50,410 [Thread-1628] INFO  impl.RaftServerImpl (RaftServerImpl.java:setRole(184)) - a3132885-145f-4a8c-85f4-c10eb874732d@group-2077DD483DC7: changes role from  FOLLOWER to CANDIDATE at term 93 for changeToCandidate
2019-10-16 11:35:50,411 [Thread-1628] INFO  impl.RoleInfo (RoleInfo.java:updateAndGet(143)) - a3132885-145f-4a8c-85f4-c10eb874732d: start LeaderElection
2019-10-16 11:35:50,421 [Thread-1629] INFO  impl.FollowerState (FollowerState.java:run(108)) - 1ee6da7b-5867-4bad-ba0d-a2cfd13fd72a@group-B3673A53AB6F-FollowerState: change to CANDIDATE, lastRpcTime:88ms, electionTimeout:88ms
2019-10-16 11:35:50,422 [Thread-1629] INFO  impl.RoleInfo (RoleInfo.java:shutdownFollowerState(121)) - 1ee6da7b-5867-4bad-ba0d-a2cfd13fd72a: shutdown FollowerState
2019-10-16 11:35:50,422 [Thread-1629] INFO  impl.RaftServerImpl (RaftServerImpl.java:setRole(184)) - 1ee6da7b-5867-4bad-ba0d-a2cfd13fd72a@group-B3673A53AB6F: changes role from  FOLLOWER to CANDIDATE at term 100 for changeToCandidate
2019-10-16 11:35:50,422 [Thread-1629] INFO  impl.RoleInfo (RoleInfo.java:updateAndGet(143)) - 1ee6da7b-5867-4bad-ba0d-a2cfd13fd72a: start LeaderElection
2019-10-16 11:35:50,428 [1ee6da7b-5867-4bad-ba0d-a2cfd13fd72a@group-B3673A53AB6F-LeaderElection190] INFO  impl.LeaderElection (LeaderElection.java:askForVotes(178)) - 1ee6da7b-5867-4bad-ba0d-a2cfd13fd72a@group-B3673A53AB6F-LeaderElection190: begin an election at term 101 for -1: [f94c755f-9f95-40b5-85b9-5e712f3f34e7:192.168.157.203:45275, 1ee6da7b-5867-4bad-ba0d-a2cfd13fd72a:192.168.157.203:35892, 4281bf39-36db-462c-8bc9-3c86cb645344:192.168.157.203:42381], old=null
2019-10-16 11:35:50,428 [a3132885-145f-4a8c-85f4-c10eb874732d@group-2077DD483DC7-LeaderElection189] INFO  impl.LeaderElection (LeaderElection.java:askForVotes(178)) - a3132885-145f-4a8c-85f4-c10eb874732d@group-2077DD483DC7-LeaderElection189: begin an election at term 94 for -1: [163587bb-2c3b-4498-b576-18147cf38274:192.168.157.203:33208, a3132885-145f-4a8c-85f4-c10eb874732d:192.168.157.203:46766, 70b633f6-b230-4b9f-87f3-510da88f1e08:192.168.157.203:43163], old=null
2019-10-16 11:35:50,430 [grpc-default-executor-0] INFO  impl.RaftServerImpl (RaftServerImpl.java:setRole(184)) - f94c755f-9f95-40b5-85b9-5e712f3f34e7@group-B3673A53AB6F: changes role from  FOLLOWER to FOLLOWER at term 101 for recognizeCandidate:1ee6da7b-5867-4bad-ba0d-a2cfd13fd72a
2019-10-16 11:35:50,430 [grpc-default-executor-0] INFO  impl.RoleInfo (RoleInfo.java:shutdownFollowerState(121)) - f94c755f-9f95-40b5-85b9-5e712f3f34e7: shutdown FollowerState
2019-10-16 11:35:50,430 [Thread-1626] INFO  impl.FollowerState (FollowerState.java:run(117)) - f94c755f-9f95-40b5-85b9-5e712f3f34e7@group-B3673A53AB6F-FollowerState was interrupted: java.lang.InterruptedException: sleep interrupted
2019-10-16 11:35:50,430 [grpc-default-executor-0] INFO  impl.RoleInfo (RoleInfo.java:updateAndGet(143)) - f94c755f-9f95-40b5-85b9-5e712f3f34e7: start FollowerState
2019-10-16 11:35:50,430 [grpc-default-executor-5] INFO  impl.RaftServerImpl (RaftServerImpl.java:setRole(184)) - 70b633f6-b230-4b9f-87f3-510da88f1e08@group-2077DD483DC7: changes role from  FOLLOWER to FOLLOWER at term 94 for recognizeCandidate:a3132885-145f-4a8c-85f4-c10eb874732d
2019-10-16 11:35:50,431 [grpc-default-executor-5] INFO  impl.RoleInfo (RoleInfo.java:shutdownFollowerState(121)) - 70b633f6-b230-4b9f-87f3-510da88f1e08: shutdown FollowerState
2019-10-16 11:35:50,431 [grpc-default-executor-5] INFO  impl.RoleInfo (RoleInfo.java:updateAndGet(143)) - 70b633f6-b230-4b9f-87f3-510da88f1e08: start FollowerState
2019-10-16 11:35:50,430 [grpc-default-executor-4] INFO  impl.RaftServerImpl (RaftServerImpl.java:setRole(184)) - 163587bb-2c3b-4498-b576-18147cf38274@group-2077DD483DC7: changes role from  FOLLOWER to FOLLOWER at term 94 for recognizeCandidate:a3132885-145f-4a8c-85f4-c10eb874732d
2019-10-16 11:35:50,431 [grpc-default-executor-4] INFO  impl.RoleInfo (RoleInfo.java:shutdownFollowerState(121)) - 163587bb-2c3b-4498-b576-18147cf38274: shutdown FollowerState
2019-10-16 11:35:50,431 [grpc-default-executor-3] INFO  impl.RaftServerImpl (RaftServerImpl.java:setRole(184)) - 4281bf39-36db-462c-8bc9-3c86cb645344@group-B3673A53AB6F: changes role from  FOLLOWER to FOLLOWER at term 101 for recognizeCandidate:1ee6da7b-5867-4bad-ba0d-a2cfd13fd72a
2019-10-16 11:35:50,431 [Thread-1622] INFO  impl.FollowerState (FollowerState.java:run(117)) - 70b633f6-b230-4b9f-87f3-510da88f1e08@group-2077DD483DC7-FollowerState was interrupted: java.lang.InterruptedException: sleep interrupted
2019-10-16 11:35:50,431 [grpc-default-executor-3] INFO  impl.RoleInfo (RoleInfo.java:shutdownFollowerState(121)) - 4281bf39-36db-462c-8bc9-3c86cb645344: shutdown FollowerState
2019-10-16 11:35:50,431 [Thread-1623] INFO  impl.FollowerState (FollowerState.java:run(117)) - 163587bb-2c3b-4498-b576-18147cf38274@group-2077DD483DC7-FollowerState was interrupted: java.lang.InterruptedException: sleep interrupted
2019-10-16 11:35:50,431 [grpc-default-executor-4] INFO  impl.RoleInfo (RoleInfo.java:updateAndGet(143)) - 163587bb-2c3b-4498-b576-18147cf38274: start FollowerState
2019-10-16 11:35:50,432 [grpc-default-executor-3] INFO  impl.RoleInfo (RoleInfo.java:updateAndGet(143)) - 4281bf39-36db-462c-8bc9-3c86cb645344: start FollowerState
2019-10-16 11:35:50,432 [Thread-1627] INFO  impl.FollowerState (FollowerState.java:run(117)) - 4281bf39-36db-462c-8bc9-3c86cb645344@group-B3673A53AB6F-FollowerState was interrupted: java.lang.InterruptedException: sleep interrupted
2019-10-16 11:35:50,442 [a3132885-145f-4a8c-85f4-c10eb874732d@group-2077DD483DC7-LeaderElection189] INFO  impl.LeaderElection (LeaderElection.java:logAndReturn(56)) - a3132885-145f-4a8c-85f4-c10eb874732d@group-2077DD483DC7-LeaderElection189: Election REJECTED; received 2 response(s) [a3132885-145f-4a8c-85f4-c10eb874732d<-163587bb-2c3b-4498-b576-18147cf38274#0:FAIL-t94, a3132885-145f-4a8c-85f4-c10eb874732d<-70b633f6-b230-4b9f-87f3-510da88f1e08#0:FAIL-t94] and 0 exception(s); a3132885-145f-4a8c-85f4-c10eb874732d@group-2077DD483DC7:t94, leader=null, voted=a3132885-145f-4a8c-85f4-c10eb874732d, raftlog=a3132885-145f-4a8c-85f4-c10eb874732d@group-2077DD483DC7-SegmentedRaftLog:OPENED:c-1,f-1,i0, conf=-1: [163587bb-2c3b-4498-b576-18147cf38274:192.168.157.203:33208, a3132885-145f-4a8c-85f4-c10eb874732d:192.168.157.203:46766, 70b633f6-b230-4b9f-87f3-510da88f1e08:192.168.157.203:43163], old=null
2019-10-16 11:35:50,442 [a3132885-145f-4a8c-85f4-c10eb874732d@group-2077DD483DC7-LeaderElection189] INFO  impl.RaftServerImpl (RaftServerImpl.java:setRole(184)) - a3132885-145f-4a8c-85f4-c10eb874732d@group-2077DD483DC7: changes role from CANDIDATE to FOLLOWER at term 94 for DISCOVERED_A_NEW_TERM
2019-10-16 11:35:50,442 [a3132885-145f-4a8c-85f4-c10eb874732d@group-2077DD483DC7-LeaderElection189] INFO  impl.RoleInfo (RoleInfo.java:shutdownLeaderElection(134)) - a3132885-145f-4a8c-85f4-c10eb874732d: shutdown LeaderElection
2019-10-16 11:35:50,442 [a3132885-145f-4a8c-85f4-c10eb874732d@group-2077DD483DC7-LeaderElection189] INFO  impl.RoleInfo (RoleInfo.java:updateAndGet(143)) - a3132885-145f-4a8c-85f4-c10eb874732d: start FollowerState
2019-10-16 11:35:50,442 [1ee6da7b-5867-4bad-ba0d-a2cfd13fd72a@group-B3673A53AB6F-LeaderElection190] INFO  impl.LeaderElection (LeaderElection.java:logAndReturn(56)) - 1ee6da7b-5867-4bad-ba0d-a2cfd13fd72a@group-B3673A53AB6F-LeaderElection190: Election REJECTED; received 2 response(s) [1ee6da7b-5867-4bad-ba0d-a2cfd13fd72a<-f94c755f-9f95-40b5-85b9-5e712f3f34e7#0:FAIL-t101, 1ee6da7b-5867-4bad-ba0d-a2cfd13fd72a<-4281bf39-36db-462c-8bc9-3c86cb645344#0:FAIL-t101] and 0 exception(s); 1ee6da7b-5867-4bad-ba0d-a2cfd13fd72a@group-B3673A53AB6F:t101, leader=null, voted=1ee6da7b-5867-4bad-ba0d-a2cfd13fd72a, raftlog=1ee6da7b-5867-4bad-ba0d-a2cfd13fd72a@group-B3673A53AB6F-SegmentedRaftLog:OPENED:c-1,f-1,i0, conf=-1: [f94c755f-9f95-40b5-85b9-5e712f3f34e7:192.168.157.203:45275, 1ee6da7b-5867-4bad-ba0d-a2cfd13fd72a:192.168.157.203:35892, 4281bf39-36db-462c-8bc9-3c86cb645344:192.168.157.203:42381], old=null
2019-10-16 11:35:50,443 [1ee6da7b-5867-4bad-ba0d-a2cfd13fd72a@group-B3673A53AB6F-LeaderElection190] INFO  impl.RaftServerImpl (RaftServerImpl.java:setRole(184)) - 1ee6da7b-5867-4bad-ba0d-a2cfd13fd72a@group-B3673A53AB6F: changes role from CANDIDATE to FOLLOWER at term 101 for DISCOVERED_A_NEW_TERM
2019-10-16 11:35:50,443 [1ee6da7b-5867-4bad-ba0d-a2cfd13fd72a@group-B3673A53AB6F-LeaderElection190] INFO  impl.RoleInfo (RoleInfo.java:shutdownLeaderElection(134)) - 1ee6da7b-5867-4bad-ba0d-a2cfd13fd72a: shutdown LeaderElection
2019-10-16 11:35:50,443 [1ee6da7b-5867-4bad-ba0d-a2cfd13fd72a@group-B3673A53AB6F-LeaderElection190] INFO  impl.RoleInfo (RoleInfo.java:updateAndGet(143)) - 1ee6da7b-5867-4bad-ba0d-a2cfd13fd72a: start FollowerState
2019-10-16 11:35:50,489 [Thread-1643] INFO  impl.FollowerState (FollowerState.java:run(108)) - 1ee6da7b-5867-4bad-ba0d-a2cfd13fd72a@group-B3673A53AB6F-FollowerState: change to CANDIDATE, lastRpcTime:46ms, electionTimeout:46ms
2019-10-16 11:35:50,489 [Thread-1643] INFO  impl.RoleInfo (RoleInfo.java:shutdownFollowerState(121)) - 1ee6da7b-5867-4bad-ba0d-a2cfd13fd72a: shutdown FollowerState
2019-10-16 11:35:50,490 [Thread-1643] INFO  impl.RaftServerImpl (RaftServerImpl.java:setRole(184)) - 1ee6da7b-5867-4bad-ba0d-a2cfd13fd72a@group-B3673A53AB6F: changes role from  FOLLOWER to CANDIDATE at term 101 for changeToCandidate
2019-10-16 11:35:50,490 [Thread-1643] INFO  impl.RoleInfo (RoleInfo.java:updateAndGet(143)) - 1ee6da7b-5867-4bad-ba0d-a2cfd13fd72a: start LeaderElection
2019-10-16 11:35:50,498 [1ee6da7b-5867-4bad-ba0d-a2cfd13fd72a@group-B3673A53AB6F-LeaderElection191] INFO  impl.LeaderElection (LeaderElection.java:askForVotes(178)) - 1ee6da7b-5867-4bad-ba0d-a2cfd13fd72a@group-B3673A53AB6F-LeaderElection191: begin an election at term 102 for -1: [f94c755f-9f95-40b5-85b9-5e712f3f34e7:192.168.157.203:45275, 1ee6da7b-5867-4bad-ba0d-a2cfd13fd72a:192.168.157.203:35892, 4281bf39-36db-462c-8bc9-3c86cb645344:192.168.157.203:42381], old=null
2019-10-16 11:35:50,501 [grpc-default-executor-5] INFO  impl.RaftServerImpl (RaftServerImpl.java:setRole(184)) - f94c755f-9f95-40b5-85b9-5e712f3f34e7@group-B3673A53AB6F: changes role from  FOLLOWER to FOLLOWER at term 102 for recognizeCandidate:1ee6da7b-5867-4bad-ba0d-a2cfd13fd72a
2019-10-16 11:35:50,501 [grpc-default-executor-3] INFO  impl.RaftServerImpl (RaftServerImpl.java:setRole(184)) - 4281bf39-36db-462c-8bc9-3c86cb645344@group-B3673A53AB6F: changes role from  FOLLOWER to FOLLOWER at term 102 for recognizeCandidate:1ee6da7b-5867-4bad-ba0d-a2cfd13fd72a
2019-10-16 11:35:50,501 [grpc-default-executor-5] INFO  impl.RoleInfo (RoleInfo.java:shutdownFollowerState(121)) - f94c755f-9f95-40b5-85b9-5e712f3f34e7: shutdown FollowerState
2019-10-16 11:35:50,501 [grpc-default-executor-3] INFO  impl.RoleInfo (RoleInfo.java:shutdownFollowerState(121)) - 4281bf39-36db-462c-8bc9-3c86cb645344: shutdown FollowerState
2019-10-16 11:35:50,502 [Thread-1638] INFO  impl.FollowerState (FollowerState.java:run(117)) - f94c755f-9f95-40b5-85b9-5e712f3f34e7@group-B3673A53AB6F-FollowerState was interrupted: java.lang.InterruptedException: sleep interrupted
2019-10-16 11:35:50,502 [grpc-default-executor-5] INFO  impl.RoleInfo (RoleInfo.java:updateAndGet(143)) - f94c755f-9f95-40b5-85b9-5e712f3f34e7: start FollowerState
2019-10-16 11:35:50,502 [Thread-1641] INFO  impl.FollowerState (FollowerState.java:run(117)) - 4281bf39-36db-462c-8bc9-3c86cb645344@group-B3673A53AB6F-FollowerState was interrupted: java.lang.InterruptedException: sleep interrupted
2019-10-16 11:35:50,502 [grpc-default-executor-3] INFO  impl.RoleInfo (RoleInfo.java:updateAndGet(143)) - 4281bf39-36db-462c-8bc9-3c86cb645344: start FollowerState
2019-10-16 11:35:50,517 [1ee6da7b-5867-4bad-ba0d-a2cfd13fd72a@group-B3673A53AB6F-LeaderElection191] INFO  impl.LeaderElection (LeaderElection.java:logAndReturn(56)) - 1ee6da7b-5867-4bad-ba0d-a2cfd13fd72a@group-B3673A53AB6F-LeaderElection191: Election REJECTED; received 2 response(s) [1ee6da7b-5867-4bad-ba0d-a2cfd13fd72a<-f94c755f-9f95-40b5-85b9-5e712f3f34e7#0:FAIL-t102, 1ee6da7b-5867-4bad-ba0d-a2cfd13fd72a<-4281bf39-36db-462c-8bc9-3c86cb645344#0:FAIL-t102] and 0 exception(s); 1ee6da7b-5867-4bad-ba0d-a2cfd13fd72a@group-B3673A53AB6F:t102, leader=null, voted=1ee6da7b-5867-4bad-ba0d-a2cfd13fd72a, raftlog=1ee6da7b-5867-4bad-ba0d-a2cfd13fd72a@group-B3673A53AB6F-SegmentedRaftLog:OPENED:c-1,f-1,i0, conf=-1: [f94c755f-9f95-40b5-85b9-5e712f3f34e7:192.168.157.203:45275, 1ee6da7b-5867-4bad-ba0d-a2cfd13fd72a:192.168.157.203:35892, 4281bf39-36db-462c-8bc9-3c86cb645344:192.168.157.203:42381], old=null
2019-10-16 11:35:50,517 [1ee6da7b-5867-4bad-ba0d-a2cfd13fd72a@group-B3673A53AB6F-LeaderElection191] INFO  impl.RaftServerImpl (RaftServerImpl.java:setRole(184)) - 1ee6da7b-5867-4bad-ba0d-a2cfd13fd72a@group-B3673A53AB6F: changes role from CANDIDATE to FOLLOWER at term 102 for DISCOVERED_A_NEW_TERM
2019-10-16 11:35:50,517 [1ee6da7b-5867-4bad-ba0d-a2cfd13fd72a@group-B3673A53AB6F-LeaderElection191] INFO  impl.RoleInfo (RoleInfo.java:shutdownLeaderElection(134)) - 1ee6da7b-5867-4bad-ba0d-a2cfd13fd72a: shutdown LeaderElection
2019-10-16 11:35:50,517 [1ee6da7b-5867-4bad-ba0d-a2cfd13fd72a@group-B3673A53AB6F-LeaderElection191] INFO  impl.RoleInfo (RoleInfo.java:updateAndGet(143)) - 1ee6da7b-5867-4bad-ba0d-a2cfd13fd72a: start FollowerState
2019-10-16 11:35:50,553 [Thread-1642] INFO  impl.FollowerState (FollowerState.java:run(108)) - a3132885-145f-4a8c-85f4-c10eb874732d@group-2077DD483DC7-FollowerState: change to CANDIDATE, lastRpcTime:111ms, electionTimeout:111ms
2019-10-16 11:35:50,553 [Thread-1642] INFO  impl.RoleInfo (RoleInfo.java:shutdownFollowerState(121)) - a3132885-145f-4a8c-85f4-c10eb874732d: shutdown FollowerState
2019-10-16 11:35:50,554 [Thread-1642] INFO  impl.RaftServerImpl (RaftServerImpl.java:setRole(184)) - a3132885-145f-4a8c-85f4-c10eb874732d@group-2077DD483DC7: changes role from  FOLLOWER to CANDIDATE at term 94 for changeToCandidate
2019-10-16 11:35:50,554 [Thread-1642] INFO  impl.RoleInfo (RoleInfo.java:updateAndGet(143)) - a3132885-145f-4a8c-85f4-c10eb874732d: start LeaderElection
2019-10-16 11:35:50,560 [a3132885-145f-4a8c-85f4-c10eb874732d@group-2077DD483DC7-LeaderElection192] INFO  impl.LeaderElection (LeaderElection.java:askForVotes(178)) - a3132885-145f-4a8c-85f4-c10eb874732d@group-2077DD483DC7-LeaderElection192: begin an election at term 95 for -1: [163587bb-2c3b-4498-b576-18147cf38274:192.168.157.203:33208, a3132885-145f-4a8c-85f4-c10eb874732d:192.168.157.203:46766, 70b633f6-b230-4b9f-87f3-510da88f1e08:192.168.157.203:43163], old=null
2019-10-16 11:35:50,562 [grpc-default-executor-3] INFO  impl.RaftServerImpl (RaftServerImpl.java:setRole(184)) - 70b633f6-b230-4b9f-87f3-510da88f1e08@group-2077DD483DC7: changes role from  FOLLOWER to FOLLOWER at term 95 for recognizeCandidate:a3132885-145f-4a8c-85f4-c10eb874732d
2019-10-16 11:35:50,562 [grpc-default-executor-3] INFO  impl.RoleInfo (RoleInfo.java:shutdownFollowerState(121)) - 70b633f6-b230-4b9f-87f3-510da88f1e08: shutdown FollowerState
2019-10-16 11:35:50,562 [grpc-default-executor-3] INFO  impl.RoleInfo (RoleInfo.java:updateAndGet(143)) - 70b633f6-b230-4b9f-87f3-510da88f1e08: start FollowerState
2019-10-16 11:35:50,562 [Thread-1639] INFO  impl.FollowerState (FollowerState.java:run(117)) - 70b633f6-b230-4b9f-87f3-510da88f1e08@group-2077DD483DC7-FollowerState was interrupted: java.lang.InterruptedException: sleep interrupted
2019-10-16 11:35:50,562 [grpc-default-executor-5] INFO  impl.RaftServerImpl (RaftServerImpl.java:setRole(184)) - 163587bb-2c3b-4498-b576-18147cf38274@group-2077DD483DC7: changes role from  FOLLOWER to FOLLOWER at term 95 for recognizeCandidate:a3132885-145f-4a8c-85f4-c10eb874732d
2019-10-16 11:35:50,563 [grpc-default-executor-5] INFO  impl.RoleInfo (RoleInfo.java:shutdownFollowerState(121)) - 163587bb-2c3b-4498-b576-18147cf38274: shutdown FollowerState
2019-10-16 11:35:50,563 [grpc-default-executor-5] INFO  impl.RoleInfo (RoleInfo.java:updateAndGet(143)) - 163587bb-2c3b-4498-b576-18147cf38274: start FollowerState
2019-10-16 11:35:50,563 [Thread-1640] INFO  impl.FollowerState (FollowerState.java:run(117)) - 163587bb-2c3b-4498-b576-18147cf38274@group-2077DD483DC7-FollowerState was interrupted: java.lang.InterruptedException: sleep interrupted
2019-10-16 11:35:50,576 [a3132885-145f-4a8c-85f4-c10eb874732d@group-2077DD483DC7-LeaderElection192] INFO  impl.LeaderElection (LeaderElection.java:logAndReturn(56)) - a3132885-145f-4a8c-85f4-c10eb874732d@group-2077DD483DC7-LeaderElection192: Election REJECTED; received 2 response(s) [a3132885-145f-4a8c-85f4-c10eb874732d<-163587bb-2c3b-4498-b576-18147cf38274#0:FAIL-t95, a3132885-145f-4a8c-85f4-c10eb874732d<-70b633f6-b230-4b9f-87f3-510da88f1e08#0:FAIL-t95] and 0 exception(s); a3132885-145f-4a8c-85f4-c10eb874732d@group-2077DD483DC7:t95, leader=null, voted=a3132885-145f-4a8c-85f4-c10eb874732d, raftlog=a3132885-145f-4a8c-85f4-c10eb874732d@group-2077DD483DC7-SegmentedRaftLog:OPENED:c-1,f-1,i0, conf=-1: [163587bb-2c3b-4498-b576-18147cf38274:192.168.157.203:33208, a3132885-145f-4a8c-85f4-c10eb874732d:192.168.157.203:46766, 70b633f6-b230-4b9f-87f3-510da88f1e08:192.168.157.203:43163], old=null
2019-10-16 11:35:50,576 [a3132885-145f-4a8c-85f4-c10eb874732d@group-2077DD483DC7-LeaderElection192] INFO  impl.RaftServerImpl (RaftServerImpl.java:setRole(184)) - a3132885-145f-4a8c-85f4-c10eb874732d@group-2077DD483DC7: changes role from CANDIDATE to FOLLOWER at term 95 for DISCOVERED_A_NEW_TERM
2019-10-16 11:35:50,576 [a3132885-145f-4a8c-85f4-c10eb874732d@group-2077DD483DC7-LeaderElection192] INFO  impl.RoleInfo (RoleInfo.java:shutdownLeaderElection(134)) - a3132885-145f-4a8c-85f4-c10eb874732d: shutdown LeaderElection
2019-10-16 11:35:50,576 [a3132885-145f-4a8c-85f4-c10eb874732d@group-2077DD483DC7-LeaderElection192] INFO  impl.RoleInfo (RoleInfo.java:updateAndGet(143)) - a3132885-145f-4a8c-85f4-c10eb874732d: start FollowerState
2019-10-16 11:35:50,658 [Thread-1649] INFO  impl.FollowerState (FollowerState.java:run(108)) - 1ee6da7b-5867-4bad-ba0d-a2cfd13fd72a@group-B3673A53AB6F-FollowerState: change to CANDIDATE, lastRpcTime:140ms, electionTimeout:140ms
2019-10-16 11:35:50,658 [Thread-1649] INFO  impl.RoleInfo (RoleInfo.java:shutdownFollowerState(121)) - 1ee6da7b-5867-4bad-ba0d-a2cfd13fd72a: shutdown FollowerState
2019-10-16 11:35:50,658 [Thread-1649] INFO  impl.RaftServerImpl (RaftServerImpl.java:setRole(184)) - 1ee6da7b-5867-4bad-ba0d-a2cfd13fd72a@group-B3673A53AB6F: changes role from  FOLLOWER to CANDIDATE at term 102 for changeToCandidate
2019-10-16 11:35:50,658 [Thread-1649] INFO  impl.RoleInfo (RoleInfo.java:updateAndGet(143)) - 1ee6da7b-5867-4bad-ba0d-a2cfd13fd72a: start LeaderElection
2019-10-16 11:35:50,669 [1ee6da7b-5867-4bad-ba0d-a2cfd13fd72a@group-B3673A53AB6F-LeaderElection193] INFO  impl.LeaderElection (LeaderElection.java:askForVotes(178)) - 1ee6da7b-5867-4bad-ba0d-a2cfd13fd72a@group-B3673A53AB6F-LeaderElection193: begin an election at term 103 for -1: [f94c755f-9f95-40b5-85b9-5e712f3f34e7:192.168.157.203:45275, 1ee6da7b-5867-4bad-ba0d-a2cfd13fd72a:192.168.157.203:35892, 4281bf39-36db-462c-8bc9-3c86cb645344:192.168.157.203:42381], old=null
2019-10-16 11:35:50,670 [grpc-default-executor-5] INFO  impl.RaftServerImpl (RaftServerImpl.java:setRole(184)) - 4281bf39-36db-462c-8bc9-3c86cb645344@group-B3673A53AB6F: changes role from  FOLLOWER to FOLLOWER at term 103 for recognizeCandidate:1ee6da7b-5867-4bad-ba0d-a2cfd13fd72a
2019-10-16 11:35:50,670 [grpc-default-executor-3] INFO  impl.RaftServerImpl (RaftServerImpl.java:setRole(184)) - f94c755f-9f95-40b5-85b9-5e712f3f34e7@group-B3673A53AB6F: changes role from  FOLLOWER to FOLLOWER at term 103 for recognizeCandidate:1ee6da7b-5867-4bad-ba0d-a2cfd13fd72a
2019-10-16 11:35:50,670 [grpc-default-executor-5] INFO  impl.RoleInfo (RoleInfo.java:shutdownFollowerState(121)) - 4281bf39-36db-462c-8bc9-3c86cb645344: shutdown FollowerState
2019-10-16 11:35:50,671 [grpc-default-executor-3] INFO  impl.RoleInfo (RoleInfo.java:shutdownFollowerState(121)) - f94c755f-9f95-40b5-85b9-5e712f3f34e7: shutdown FollowerState
2019-10-16 11:35:50,671 [Thread-1648] INFO  impl.FollowerState (FollowerState.java:run(117)) - 4281bf39-36db-462c-8bc9-3c86cb645344@group-B3673A53AB6F-FollowerState was interrupted: java.lang.InterruptedException: sleep interrupted
2019-10-16 11:35:50,671 [grpc-default-executor-5] INFO  impl.RoleInfo (RoleInfo.java:updateAndGet(143)) - 4281bf39-36db-462c-8bc9-3c86cb645344: start FollowerState
2019-10-16 11:35:50,671 [Thread-1647] INFO  impl.FollowerState (FollowerState.java:run(117)) - f94c755f-9f95-40b5-85b9-5e712f3f34e7@group-B3673A53AB6F-FollowerState was interrupted: java.lang.InterruptedException: sleep interrupted
2019-10-16 11:35:50,671 [grpc-default-executor-3] INFO  impl.RoleInfo (RoleInfo.java:updateAndGet(143)) - f94c755f-9f95-40b5-85b9-5e712f3f34e7: start FollowerState
2019-10-16 11:35:50,703 [Thread-1655] INFO  impl.FollowerState (FollowerState.java:run(108)) - a3132885-145f-4a8c-85f4-c10eb874732d@group-2077DD483DC7-FollowerState: change to CANDIDATE, lastRpcTime:126ms, electionTimeout:126ms
2019-10-16 11:35:50,703 [Thread-1655] INFO  impl.RoleInfo (RoleInfo.java:shutdownFollowerState(121)) - a3132885-145f-4a8c-85f4-c10eb874732d: shutdown FollowerState
2019-10-16 11:35:50,704 [Thread-1655] INFO  impl.RaftServerImpl (RaftServerImpl.java:setRole(184)) - a3132885-145f-4a8c-85f4-c10eb874732d@group-2077DD483DC7: changes role from  FOLLOWER to CANDIDATE at term 95 for changeToCandidate
2019-10-16 11:35:50,704 [Thread-1655] INFO  impl.RoleInfo (RoleInfo.java:updateAndGet(143)) - a3132885-145f-4a8c-85f4-c10eb874732d: start LeaderElection
2019-10-16 11:35:50,708 [1ee6da7b-5867-4bad-ba0d-a2cfd13fd72a@group-B3673A53AB6F-LeaderElection193] INFO  impl.LeaderElection (LeaderElection.java:logAndReturn(56)) - 1ee6da7b-5867-4bad-ba0d-a2cfd13fd72a@group-B3673A53AB6F-LeaderElection193: Election REJECTED; received 2 response(s) [1ee6da7b-5867-4bad-ba0d-a2cfd13fd72a<-f94c755f-9f95-40b5-85b9-5e712f3f34e7#0:FAIL-t103, 1ee6da7b-5867-4bad-ba0d-a2cfd13fd72a<-4281bf39-36db-462c-8bc9-3c86cb645344#0:FAIL-t103] and 0 exception(s); 1ee6da7b-5867-4bad-ba0d-a2cfd13fd72a@group-B3673A53AB6F:t103, leader=null, voted=1ee6da7b-5867-4bad-ba0d-a2cfd13fd72a, raftlog=1ee6da7b-5867-4bad-ba0d-a2cfd13fd72a@group-B3673A53AB6F-SegmentedRaftLog:OPENED:c-1,f-1,i0, conf=-1: [f94c755f-9f95-40b5-85b9-5e712f3f34e7:192.168.157.203:45275, 1ee6da7b-5867-4bad-ba0d-a2cfd13fd72a:192.168.157.203:35892, 4281bf39-36db-462c-8bc9-3c86cb645344:192.168.157.203:42381], old=null
2019-10-16 11:35:50,709 [1ee6da7b-5867-4bad-ba0d-a2cfd13fd72a@group-B3673A53AB6F-LeaderElection193] INFO  impl.RaftServerImpl (RaftServerImpl.java:setRole(184)) - 1ee6da7b-5867-4bad-ba0d-a2cfd13fd72a@group-B3673A53AB6F: changes role from CANDIDATE to FOLLOWER at term 103 for DISCOVERED_A_NEW_TERM
2019-10-16 11:35:50,709 [1ee6da7b-5867-4bad-ba0d-a2cfd13fd72a@group-B3673A53AB6F-LeaderElection193] INFO  impl.RoleInfo (RoleInfo.java:shutdownLeaderElection(134)) - 1ee6da7b-5867-4bad-ba0d-a2cfd13fd72a: shutdown LeaderElection
2019-10-16 11:35:50,709 [1ee6da7b-5867-4bad-ba0d-a2cfd13fd72a@group-B3673A53AB6F-LeaderElection193] INFO  impl.RoleInfo (RoleInfo.java:updateAndGet(143)) - 1ee6da7b-5867-4bad-ba0d-a2cfd13fd72a: start FollowerState
2019-10-16 11:35:50,714 [a3132885-145f-4a8c-85f4-c10eb874732d@group-2077DD483DC7-LeaderElection194] INFO  impl.LeaderElection (LeaderElection.java:askForVotes(178)) - a3132885-145f-4a8c-85f4-c10eb874732d@group-2077DD483DC7-LeaderElection194: begin an election at term 96 for -1: [163587bb-2c3b-4498-b576-18147cf38274:192.168.157.203:33208, a3132885-145f-4a8c-85f4-c10eb874732d:192.168.157.203:46766, 70b633f6-b230-4b9f-87f3-510da88f1e08:192.168.157.203:43163], old=null
2019-10-16 11:35:50,717 [grpc-default-executor-5] INFO  impl.RaftServerImpl (RaftServerImpl.java:setRole(184)) - 163587bb-2c3b-4498-b576-18147cf38274@group-2077DD483DC7: changes role from  FOLLOWER to FOLLOWER at term 96 for recognizeCandidate:a3132885-145f-4a8c-85f4-c10eb874732d
2019-10-16 11:35:50,717 [grpc-default-executor-5] INFO  impl.RoleInfo (RoleInfo.java:shutdownFollowerState(121)) - 163587bb-2c3b-4498-b576-18147cf38274: shutdown FollowerState
2019-10-16 11:35:50,717 [grpc-default-executor-3] INFO  impl.RaftServerImpl (RaftServerImpl.java:setRole(184)) - 70b633f6-b230-4b9f-87f3-510da88f1e08@group-2077DD483DC7: changes role from  FOLLOWER to FOLLOWER at term 96 for recognizeCandidate:a3132885-145f-4a8c-85f4-c10eb874732d
2019-10-16 11:35:50,717 [Thread-1654] INFO  impl.FollowerState (FollowerState.java:run(117)) - 163587bb-2c3b-4498-b576-18147cf38274@group-2077DD483DC7-FollowerState was interrupted: java.lang.InterruptedException: sleep interrupted
2019-10-16 11:35:50,717 [grpc-default-executor-5] INFO  impl.RoleInfo (RoleInfo.java:updateAndGet(143)) - 163587bb-2c3b-4498-b576-18147cf38274: start FollowerState
2019-10-16 11:35:50,717 [grpc-default-executor-3] INFO  impl.RoleInfo (RoleInfo.java:shutdownFollowerState(121)) - 70b633f6-b230-4b9f-87f3-510da88f1e08: shutdown FollowerState
2019-10-16 11:35:50,717 [grpc-default-executor-3] INFO  impl.RoleInfo (RoleInfo.java:updateAndGet(143)) - 70b633f6-b230-4b9f-87f3-510da88f1e08: start FollowerState
2019-10-16 11:35:50,717 [Thread-1653] INFO  impl.FollowerState (FollowerState.java:run(117)) - 70b633f6-b230-4b9f-87f3-510da88f1e08@group-2077DD483DC7-FollowerState was interrupted: java.lang.InterruptedException: sleep interrupted
2019-10-16 11:35:50,723 [a3132885-145f-4a8c-85f4-c10eb874732d@group-2077DD483DC7-LeaderElection194] INFO  impl.LeaderElection (LeaderElection.java:logAndReturn(56)) - a3132885-145f-4a8c-85f4-c10eb874732d@group-2077DD483DC7-LeaderElection194: Election REJECTED; received 2 response(s) [a3132885-145f-4a8c-85f4-c10eb874732d<-163587bb-2c3b-4498-b576-18147cf38274#0:FAIL-t96, a3132885-145f-4a8c-85f4-c10eb874732d<-70b633f6-b230-4b9f-87f3-510da88f1e08#0:FAIL-t96] and 0 exception(s); a3132885-145f-4a8c-85f4-c10eb874732d@group-2077DD483DC7:t96, leader=null, voted=a3132885-145f-4a8c-85f4-c10eb874732d, raftlog=a3132885-145f-4a8c-85f4-c10eb874732d@group-2077DD483DC7-SegmentedRaftLog:OPENED:c-1,f-1,i0, conf=-1: [163587bb-2c3b-4498-b576-18147cf38274:192.168.157.203:33208, a3132885-145f-4a8c-85f4-c10eb874732d:192.168.157.203:46766, 70b633f6-b230-4b9f-87f3-510da88f1e08:192.168.157.203:43163], old=null
2019-10-16 11:35:50,724 [a3132885-145f-4a8c-85f4-c10eb874732d@group-2077DD483DC7-LeaderElection194] INFO  impl.RaftServerImpl (RaftServerImpl.java:setRole(184)) - a3132885-145f-4a8c-85f4-c10eb874732d@group-2077DD483DC7: changes role from CANDIDATE to FOLLOWER at term 96 for DISCOVERED_A_NEW_TERM
2019-10-16 11:35:50,724 [a3132885-145f-4a8c-85f4-c10eb874732d@group-2077DD483DC7-LeaderElection194] INFO  impl.RoleInfo (RoleInfo.java:shutdownLeaderElection(134)) - a3132885-145f-4a8c-85f4-c10eb874732d: shutdown LeaderElection
2019-10-16 11:35:50,724 [a3132885-145f-4a8c-85f4-c10eb874732d@group-2077DD483DC7-LeaderElection194] INFO  impl.RoleInfo (RoleInfo.java:updateAndGet(143)) - a3132885-145f-4a8c-85f4-c10eb874732d: start FollowerState
2019-10-16 11:35:50,774 [Thread-1662] INFO  impl.FollowerState (FollowerState.java:run(108)) - 1ee6da7b-5867-4bad-ba0d-a2cfd13fd72a@group-B3673A53AB6F-FollowerState: change to CANDIDATE, lastRpcTime:64ms, electionTimeout:64ms
2019-10-16 11:35:50,774 [Thread-1662] INFO  impl.RoleInfo (RoleInfo.java:shutdownFollowerState(121)) - 1ee6da7b-5867-4bad-ba0d-a2cfd13fd72a: shutdown FollowerState
2019-10-16 11:35:50,774 [Thread-1662] INFO  impl.RaftServerImpl (RaftServerImpl.java:setRole(184)) - 1ee6da7b-5867-4bad-ba0d-a2cfd13fd72a@group-B3673A53AB6F: changes role from  FOLLOWER to CANDIDATE at term 103 for changeToCandidate
2019-10-16 11:35:50,774 [Thread-1662] INFO  impl.RoleInfo (RoleInfo.java:updateAndGet(143)) - 1ee6da7b-5867-4bad-ba0d-a2cfd13fd72a: start LeaderElection
2019-10-16 11:35:50,837 [1ee6da7b-5867-4bad-ba0d-a2cfd13fd72a@group-B3673A53AB6F-LeaderElection195] INFO  impl.LeaderElection (LeaderElection.java:askForVotes(178)) - 1ee6da7b-5867-4bad-ba0d-a2cfd13fd72a@group-B3673A53AB6F-LeaderElection195: begin an election at term 104 for -1: [f94c755f-9f95-40b5-85b9-5e712f3f34e7:192.168.157.203:45275, 1ee6da7b-5867-4bad-ba0d-a2cfd13fd72a:192.168.157.203:35892, 4281bf39-36db-462c-8bc9-3c86cb645344:192.168.157.203:42381], old=null
2019-10-16 11:35:50,839 [grpc-default-executor-5] INFO  impl.RaftServerImpl (RaftServerImpl.java:setRole(184)) - f94c755f-9f95-40b5-85b9-5e712f3f34e7@group-B3673A53AB6F: changes role from  FOLLOWER to FOLLOWER at term 104 for recognizeCandidate:1ee6da7b-5867-4bad-ba0d-a2cfd13fd72a
2019-10-16 11:35:50,839 [grpc-default-executor-5] INFO  impl.RoleInfo (RoleInfo.java:shutdownFollowerState(121)) - f94c755f-9f95-40b5-85b9-5e712f3f34e7: shutdown FollowerState
2019-10-16 11:35:50,839 [grpc-default-executor-5] INFO  impl.RoleInfo (RoleInfo.java:updateAndGet(143)) - f94c755f-9f95-40b5-85b9-5e712f3f34e7: start FollowerState
2019-10-16 11:35:50,839 [Thread-1660] INFO  impl.FollowerState (FollowerState.java:run(117)) - f94c755f-9f95-40b5-85b9-5e712f3f34e7@group-B3673A53AB6F-FollowerState was interrupted: java.lang.InterruptedException: sleep interrupted
2019-10-16 11:35:50,840 [grpc-default-executor-3] INFO  impl.RaftServerImpl (RaftServerImpl.java:setRole(184)) - 4281bf39-36db-462c-8bc9-3c86cb645344@group-B3673A53AB6F: changes role from  FOLLOWER to FOLLOWER at term 104 for recognizeCandidate:1ee6da7b-5867-4bad-ba0d-a2cfd13fd72a
2019-10-16 11:35:50,840 [grpc-default-executor-3] INFO  impl.RoleInfo (RoleInfo.java:shutdownFollowerState(121)) - 4281bf39-36db-462c-8bc9-3c86cb645344: shutdown FollowerState
2019-10-16 11:35:50,840 [grpc-default-executor-3] INFO  impl.RoleInfo (RoleInfo.java:updateAndGet(143)) - 4281bf39-36db-462c-8bc9-3c86cb645344: start FollowerState
2019-10-16 11:35:50,840 [Thread-1659] INFO  impl.FollowerState (FollowerState.java:run(117)) - 4281bf39-36db-462c-8bc9-3c86cb645344@group-B3673A53AB6F-FollowerState was interrupted: java.lang.InterruptedException: sleep interrupted
2019-10-16 11:35:50,841 [Thread-1667] INFO  impl.FollowerState (FollowerState.java:run(108)) - a3132885-145f-4a8c-85f4-c10eb874732d@group-2077DD483DC7-FollowerState: change to CANDIDATE, lastRpcTime:117ms, electionTimeout:117ms
2019-10-16 11:35:50,841 [Thread-1667] INFO  impl.RoleInfo (RoleInfo.java:shutdownFollowerState(121)) - a3132885-145f-4a8c-85f4-c10eb874732d: shutdown FollowerState
2019-10-16 11:35:50,841 [Thread-1667] INFO  impl.RaftServerImpl (RaftServerImpl.java:setRole(184)) - a3132885-145f-4a8c-85f4-c10eb874732d@group-2077DD483DC7: changes role from  FOLLOWER to CANDIDATE at term 96 for changeToCandidate
2019-10-16 11:35:50,842 [Thread-1667] INFO  impl.RoleInfo (RoleInfo.java:updateAndGet(143)) - a3132885-145f-4a8c-85f4-c10eb874732d: start LeaderElection
2019-10-16 11:35:50,856 [a3132885-145f-4a8c-85f4-c10eb874732d@group-2077DD483DC7-LeaderElection196] INFO  impl.LeaderElection (LeaderElection.java:askForVotes(178)) - a3132885-145f-4a8c-85f4-c10eb874732d@group-2077DD483DC7-LeaderElection196: begin an election at term 97 for -1: [163587bb-2c3b-4498-b576-18147cf38274:192.168.157.203:33208, a3132885-145f-4a8c-85f4-c10eb874732d:192.168.157.203:46766, 70b633f6-b230-4b9f-87f3-510da88f1e08:192.168.157.203:43163], old=null
2019-10-16 11:35:50,858 [1ee6da7b-5867-4bad-ba0d-a2cfd13fd72a@group-B3673A53AB6F-LeaderElection195] INFO  impl.LeaderElection (LeaderElection.java:logAndReturn(56)) - 1ee6da7b-5867-4bad-ba0d-a2cfd13fd72a@group-B3673A53AB6F-LeaderElection195: Election REJECTED; received 2 response(s) [1ee6da7b-5867-4bad-ba0d-a2cfd13fd72a<-f94c755f-9f95-40b5-85b9-5e712f3f34e7#0:FAIL-t104, 1ee6da7b-5867-4bad-ba0d-a2cfd13fd72a<-4281bf39-36db-462c-8bc9-3c86cb645344#0:FAIL-t104] and 0 exception(s); 1ee6da7b-5867-4bad-ba0d-a2cfd13fd72a@group-B3673A53AB6F:t104, leader=null, voted=1ee6da7b-5867-4bad-ba0d-a2cfd13fd72a, raftlog=1ee6da7b-5867-4bad-ba0d-a2cfd13fd72a@group-B3673A53AB6F-SegmentedRaftLog:OPENED:c-1,f-1,i0, conf=-1: [f94c755f-9f95-40b5-85b9-5e712f3f34e7:192.168.157.203:45275, 1ee6da7b-5867-4bad-ba0d-a2cfd13fd72a:192.168.157.203:35892, 4281bf39-36db-462c-8bc9-3c86cb645344:192.168.157.203:42381], old=null
2019-10-16 11:35:50,858 [1ee6da7b-5867-4bad-ba0d-a2cfd13fd72a@group-B3673A53AB6F-LeaderElection195] INFO  impl.RaftServerImpl (RaftServerImpl.java:setRole(184)) - 1ee6da7b-5867-4bad-ba0d-a2cfd13fd72a@group-B3673A53AB6F: changes role from CANDIDATE to FOLLOWER at term 104 for DISCOVERED_A_NEW_TERM
2019-10-16 11:35:50,858 [1ee6da7b-5867-4bad-ba0d-a2cfd13fd72a@group-B3673A53AB6F-LeaderElection195] INFO  impl.RoleInfo (RoleInfo.java:shutdownLeaderElection(134)) - 1ee6da7b-5867-4bad-ba0d-a2cfd13fd72a: shutdown LeaderElection
2019-10-16 11:35:50,858 [1ee6da7b-5867-4bad-ba0d-a2cfd13fd72a@group-B3673A53AB6F-LeaderElection195] INFO  impl.RoleInfo (RoleInfo.java:updateAndGet(143)) - 1ee6da7b-5867-4bad-ba0d-a2cfd13fd72a: start FollowerState
2019-10-16 11:35:50,859 [grpc-default-executor-3] INFO  impl.RaftServerImpl (RaftServerImpl.java:setRole(184)) - 70b633f6-b230-4b9f-87f3-510da88f1e08@group-2077DD483DC7: changes role from  FOLLOWER to FOLLOWER at term 97 for recognizeCandidate:a3132885-145f-4a8c-85f4-c10eb874732d
2019-10-16 11:35:50,859 [grpc-default-executor-3] INFO  impl.RoleInfo (RoleInfo.java:shutdownFollowerState(121)) - 70b633f6-b230-4b9f-87f3-510da88f1e08: shutdown FollowerState
2019-10-16 11:35:50,859 [grpc-default-executor-3] INFO  impl.RoleInfo (RoleInfo.java:updateAndGet(143)) - 70b633f6-b230-4b9f-87f3-510da88f1e08: start FollowerState
2019-10-16 11:35:50,859 [Thread-1666] INFO  impl.FollowerState (FollowerState.java:run(117)) - 70b633f6-b230-4b9f-87f3-510da88f1e08@group-2077DD483DC7-FollowerState was interrupted: java.lang.InterruptedException: sleep interrupted
2019-10-16 11:35:50,861 [grpc-default-executor-5] INFO  impl.RaftServerImpl (RaftServerImpl.java:setRole(184)) - 163587bb-2c3b-4498-b576-18147cf38274@group-2077DD483DC7: changes role from  FOLLOWER to FOLLOWER at term 97 for recognizeCandidate:a3132885-145f-4a8c-85f4-c10eb874732d
2019-10-16 11:35:50,861 [grpc-default-executor-5] INFO  impl.RoleInfo (RoleInfo.java:shutdownFollowerState(121)) - 163587bb-2c3b-4498-b576-18147cf38274: shutdown FollowerState
2019-10-16 11:35:50,861 [grpc-default-executor-5] INFO  impl.RoleInfo (RoleInfo.java:updateAndGet(143)) - 163587bb-2c3b-4498-b576-18147cf38274: start FollowerState
2019-10-16 11:35:50,861 [Thread-1665] INFO  impl.FollowerState (FollowerState.java:run(117)) - 163587bb-2c3b-4498-b576-18147cf38274@group-2077DD483DC7-FollowerState was interrupted: java.lang.InterruptedException: sleep interrupted
2019-10-16 11:35:50,881 [a3132885-145f-4a8c-85f4-c10eb874732d@group-2077DD483DC7-LeaderElection196] INFO  impl.LeaderElection (LeaderElection.java:logAndReturn(56)) - a3132885-145f-4a8c-85f4-c10eb874732d@group-2077DD483DC7-LeaderElection196: Election REJECTED; received 2 response(s) [a3132885-145f-4a8c-85f4-c10eb874732d<-163587bb-2c3b-4498-b576-18147cf38274#0:FAIL-t97, a3132885-145f-4a8c-85f4-c10eb874732d<-70b633f6-b230-4b9f-87f3-510da88f1e08#0:FAIL-t97] and 0 exception(s); a3132885-145f-4a8c-85f4-c10eb874732d@group-2077DD483DC7:t97, leader=null, voted=a3132885-145f-4a8c-85f4-c10eb874732d, raftlog=a3132885-145f-4a8c-85f4-c10eb874732d@group-2077DD483DC7-SegmentedRaftLog:OPENED:c-1,f-1,i0, conf=-1: [163587bb-2c3b-4498-b576-18147cf38274:192.168.157.203:33208, a3132885-145f-4a8c-85f4-c10eb874732d:192.168.157.203:46766, 70b633f6-b230-4b9f-87f3-510da88f1e08:192.168.157.203:43163], old=null
2019-10-16 11:35:50,883 [a3132885-145f-4a8c-85f4-c10eb874732d@group-2077DD483DC7-LeaderElection196] INFO  impl.RaftServerImpl (RaftServerImpl.java:setRole(184)) - a3132885-145f-4a8c-85f4-c10eb874732d@group-2077DD483DC7: changes role from CANDIDATE to FOLLOWER at term 97 for DISCOVERED_A_NEW_TERM
2019-10-16 11:35:50,883 [a3132885-145f-4a8c-85f4-c10eb874732d@group-2077DD483DC7-LeaderElection196] INFO  impl.RoleInfo (RoleInfo.java:shutdownLeaderElection(134)) - a3132885-145f-4a8c-85f4-c10eb874732d: shutdown LeaderElection
2019-10-16 11:35:50,883 [a3132885-145f-4a8c-85f4-c10eb874732d@group-2077DD483DC7-LeaderElection196] INFO  impl.RoleInfo (RoleInfo.java:updateAndGet(143)) - a3132885-145f-4a8c-85f4-c10eb874732d: start FollowerState
2019-10-16 11:35:50,928 [Thread-1677] INFO  impl.FollowerState (FollowerState.java:run(108)) - 1ee6da7b-5867-4bad-ba0d-a2cfd13fd72a@group-B3673A53AB6F-FollowerState: change to CANDIDATE, lastRpcTime:69ms, electionTimeout:69ms
2019-10-16 11:35:50,928 [Thread-1677] INFO  impl.RoleInfo (RoleInfo.java:shutdownFollowerState(121)) - 1ee6da7b-5867-4bad-ba0d-a2cfd13fd72a: shutdown FollowerState
2019-10-16 11:35:50,928 [Thread-1677] INFO  impl.RaftServerImpl (RaftServerImpl.java:setRole(184)) - 1ee6da7b-5867-4bad-ba0d-a2cfd13fd72a@group-B3673A53AB6F: changes role from  FOLLOWER to CANDIDATE at term 104 for changeToCandidate
2019-10-16 11:35:50,928 [Thread-1677] INFO  impl.RoleInfo (RoleInfo.java:updateAndGet(143)) - 1ee6da7b-5867-4bad-ba0d-a2cfd13fd72a: start LeaderElection
2019-10-16 11:35:50,950 [Thread-1682] INFO  impl.FollowerState (FollowerState.java:run(108)) - a3132885-145f-4a8c-85f4-c10eb874732d@group-2077DD483DC7-FollowerState: change to CANDIDATE, lastRpcTime:66ms, electionTimeout:66ms
2019-10-16 11:35:50,950 [Thread-1682] INFO  impl.RoleInfo (RoleInfo.java:shutdownFollowerState(121)) - a3132885-145f-4a8c-85f4-c10eb874732d: shutdown FollowerState
2019-10-16 11:35:50,950 [Thread-1682] INFO  impl.RaftServerImpl (RaftServerImpl.java:setRole(184)) - a3132885-145f-4a8c-85f4-c10eb874732d@group-2077DD483DC7: changes role from  FOLLOWER to CANDIDATE at term 97 for changeToCandidate
2019-10-16 11:35:50,950 [Thread-1682] INFO  impl.RoleInfo (RoleInfo.java:updateAndGet(143)) - a3132885-145f-4a8c-85f4-c10eb874732d: start LeaderElection
2019-10-16 11:35:50,992 [a3132885-145f-4a8c-85f4-c10eb874732d@group-2077DD483DC7-LeaderElection198] INFO  impl.LeaderElection (LeaderElection.java:askForVotes(178)) - a3132885-145f-4a8c-85f4-c10eb874732d@group-2077DD483DC7-LeaderElection198: begin an election at term 98 for -1: [163587bb-2c3b-4498-b576-18147cf38274:192.168.157.203:33208, a3132885-145f-4a8c-85f4-c10eb874732d:192.168.157.203:46766, 70b633f6-b230-4b9f-87f3-510da88f1e08:192.168.157.203:43163], old=null
2019-10-16 11:35:50,992 [1ee6da7b-5867-4bad-ba0d-a2cfd13fd72a@group-B3673A53AB6F-LeaderElection197] INFO  impl.LeaderElection (LeaderElection.java:askForVotes(178)) - 1ee6da7b-5867-4bad-ba0d-a2cfd13fd72a@group-B3673A53AB6F-LeaderElection197: begin an election at term 105 for -1: [f94c755f-9f95-40b5-85b9-5e712f3f34e7:192.168.157.203:45275, 1ee6da7b-5867-4bad-ba0d-a2cfd13fd72a:192.168.157.203:35892, 4281bf39-36db-462c-8bc9-3c86cb645344:192.168.157.203:42381], old=null
2019-10-16 11:35:50,994 [grpc-default-executor-5] INFO  impl.RaftServerImpl (RaftServerImpl.java:setRole(184)) - 163587bb-2c3b-4498-b576-18147cf38274@group-2077DD483DC7: changes role from  FOLLOWER to FOLLOWER at term 98 for recognizeCandidate:a3132885-145f-4a8c-85f4-c10eb874732d
2019-10-16 11:35:50,994 [grpc-default-executor-3] INFO  impl.RaftServerImpl (RaftServerImpl.java:setRole(184)) - f94c755f-9f95-40b5-85b9-5e712f3f34e7@group-B3673A53AB6F: changes role from  FOLLOWER to FOLLOWER at term 105 for recognizeCandidate:1ee6da7b-5867-4bad-ba0d-a2cfd13fd72a
2019-10-16 11:35:50,995 [grpc-default-executor-0] INFO  impl.RaftServerImpl (RaftServerImpl.java:setRole(184)) - 4281bf39-36db-462c-8bc9-3c86cb645344@group-B3673A53AB6F: changes role from  FOLLOWER to FOLLOWER at term 105 for recognizeCandidate:1ee6da7b-5867-4bad-ba0d-a2cfd13fd72a
2019-10-16 11:35:50,995 [grpc-default-executor-0] INFO  impl.RoleInfo (RoleInfo.java:shutdownFollowerState(121)) - 4281bf39-36db-462c-8bc9-3c86cb645344: shutdown FollowerState
2019-10-16 11:35:50,995 [grpc-default-executor-3] INFO  impl.RoleInfo (RoleInfo.java:shutdownFollowerState(121)) - f94c755f-9f95-40b5-85b9-5e712f3f34e7: shutdown FollowerState
2019-10-16 11:35:50,994 [grpc-default-executor-4] INFO  impl.RaftServerImpl (RaftServerImpl.java:setRole(184)) - 70b633f6-b230-4b9f-87f3-510da88f1e08@group-2077DD483DC7: changes role from  FOLLOWER to FOLLOWER at term 98 for recognizeCandidate:a3132885-145f-4a8c-85f4-c10eb874732d
2019-10-16 11:35:50,995 [grpc-default-executor-4] INFO  impl.RoleInfo (RoleInfo.java:shutdownFollowerState(121)) - 70b633f6-b230-4b9f-87f3-510da88f1e08: shutdown FollowerState
2019-10-16 11:35:50,994 [grpc-default-executor-5] INFO  impl.RoleInfo (RoleInfo.java:shutdownFollowerState(121)) - 163587bb-2c3b-4498-b576-18147cf38274: shutdown FollowerState
2019-10-16 11:35:50,995 [grpc-default-executor-4] INFO  impl.RoleInfo (RoleInfo.java:updateAndGet(143)) - 70b633f6-b230-4b9f-87f3-510da88f1e08: start FollowerState
2019-10-16 11:35:50,995 [Thread-1671] INFO  impl.FollowerState (FollowerState.java:run(117)) - f94c755f-9f95-40b5-85b9-5e712f3f34e7@group-B3673A53AB6F-FollowerState was interrupted: java.lang.InterruptedException: sleep interrupted
2019-10-16 11:35:50,995 [grpc-default-executor-3] INFO  impl.RoleInfo (RoleInfo.java:updateAndGet(143)) - f94c755f-9f95-40b5-85b9-5e712f3f34e7: start FollowerState
2019-10-16 11:35:50,995 [Thread-1672] INFO  impl.FollowerState (FollowerState.java:run(117)) - 4281bf39-36db-462c-8bc9-3c86cb645344@group-B3673A53AB6F-FollowerState was interrupted: java.lang.InterruptedException: sleep interrupted
2019-10-16 11:35:50,995 [grpc-default-executor-0] INFO  impl.RoleInfo (RoleInfo.java:updateAndGet(143)) - 4281bf39-36db-462c-8bc9-3c86cb645344: start FollowerState
2019-10-16 11:35:50,996 [grpc-default-executor-5] INFO  impl.RoleInfo (RoleInfo.java:updateAndGet(143)) - 163587bb-2c3b-4498-b576-18147cf38274: start FollowerState
2019-10-16 11:35:50,996 [Thread-1679] INFO  impl.FollowerState (FollowerState.java:run(117)) - 163587bb-2c3b-4498-b576-18147cf38274@group-2077DD483DC7-FollowerState was interrupted: java.lang.InterruptedException: sleep interrupted
2019-10-16 11:35:50,996 [Thread-1678] INFO  impl.FollowerState (FollowerState.java:run(117)) - 70b633f6-b230-4b9f-87f3-510da88f1e08@group-2077DD483DC7-FollowerState was interrupted: java.lang.InterruptedException: sleep interrupted
2019-10-16 11:35:51,008 [a3132885-145f-4a8c-85f4-c10eb874732d@group-2077DD483DC7-LeaderElection198] INFO  impl.LeaderElection (LeaderElection.java:logAndReturn(56)) - a3132885-145f-4a8c-85f4-c10eb874732d@group-2077DD483DC7-LeaderElection198: Election REJECTED; received 2 response(s) [a3132885-145f-4a8c-85f4-c10eb874732d<-163587bb-2c3b-4498-b576-18147cf38274#0:FAIL-t98, a3132885-145f-4a8c-85f4-c10eb874732d<-70b633f6-b230-4b9f-87f3-510da88f1e08#0:FAIL-t98] and 0 exception(s); a3132885-145f-4a8c-85f4-c10eb874732d@group-2077DD483DC7:t98, leader=null, voted=a3132885-145f-4a8c-85f4-c10eb874732d, raftlog=a3132885-145f-4a8c-85f4-c10eb874732d@group-2077DD483DC7-SegmentedRaftLog:OPENED:c-1,f-1,i0, conf=-1: [163587bb-2c3b-4498-b576-18147cf38274:192.168.157.203:33208, a3132885-145f-4a8c-85f4-c10eb874732d:192.168.157.203:46766, 70b633f6-b230-4b9f-87f3-510da88f1e08:192.168.157.203:43163], old=null
2019-10-16 11:35:51,008 [1ee6da7b-5867-4bad-ba0d-a2cfd13fd72a@group-B3673A53AB6F-LeaderElection197] INFO  impl.LeaderElection (LeaderElection.java:logAndReturn(56)) - 1ee6da7b-5867-4bad-ba0d-a2cfd13fd72a@group-B3673A53AB6F-LeaderElection197: Election REJECTED; received 2 response(s) [1ee6da7b-5867-4bad-ba0d-a2cfd13fd72a<-f94c755f-9f95-40b5-85b9-5e712f3f34e7#0:FAIL-t105, 1ee6da7b-5867-4bad-ba0d-a2cfd13fd72a<-4281bf39-36db-462c-8bc9-3c86cb645344#0:FAIL-t105] and 0 exception(s); 1ee6da7b-5867-4bad-ba0d-a2cfd13fd72a@group-B3673A53AB6F:t105, leader=null, voted=1ee6da7b-5867-4bad-ba0d-a2cfd13fd72a, raftlog=1ee6da7b-5867-4bad-ba0d-a2cfd13fd72a@group-B3673A53AB6F-SegmentedRaftLog:OPENED:c-1,f-1,i0, conf=-1: [f94c755f-9f95-40b5-85b9-5e712f3f34e7:192.168.157.203:45275, 1ee6da7b-5867-4bad-ba0d-a2cfd13fd72a:192.168.157.203:35892, 4281bf39-36db-462c-8bc9-3c86cb645344:192.168.157.203:42381], old=null
2019-10-16 11:35:51,008 [a3132885-145f-4a8c-85f4-c10eb874732d@group-2077DD483DC7-LeaderElection198] INFO  impl.RaftServerImpl (RaftServerImpl.java:setRole(184)) - a3132885-145f-4a8c-85f4-c10eb874732d@group-2077DD483DC7: changes role from CANDIDATE to FOLLOWER at term 98 for DISCOVERED_A_NEW_TERM
2019-10-16 11:35:51,008 [1ee6da7b-5867-4bad-ba0d-a2cfd13fd72a@group-B3673A53AB6F-LeaderElection197] INFO  impl.RaftServerImpl (RaftServerImpl.java:setRole(184)) - 1ee6da7b-5867-4bad-ba0d-a2cfd13fd72a@group-B3673A53AB6F: changes role from CANDIDATE to FOLLOWER at term 105 for DISCOVERED_A_NEW_TERM
2019-10-16 11:35:51,008 [a3132885-145f-4a8c-85f4-c10eb874732d@group-2077DD483DC7-LeaderElection198] INFO  impl.RoleInfo (RoleInfo.java:shutdownLeaderElection(134)) - a3132885-145f-4a8c-85f4-c10eb874732d: shutdown LeaderElection
2019-10-16 11:35:51,008 [1ee6da7b-5867-4bad-ba0d-a2cfd13fd72a@group-B3673A53AB6F-LeaderElection197] INFO  impl.RoleInfo (RoleInfo.java:shutdownLeaderElection(134)) - 1ee6da7b-5867-4bad-ba0d-a2cfd13fd72a: shutdown LeaderElection
2019-10-16 11:35:51,008 [a3132885-145f-4a8c-85f4-c10eb874732d@group-2077DD483DC7-LeaderElection198] INFO  impl.RoleInfo (RoleInfo.java:updateAndGet(143)) - a3132885-145f-4a8c-85f4-c10eb874732d: start FollowerState
2019-10-16 11:35:51,008 [1ee6da7b-5867-4bad-ba0d-a2cfd13fd72a@group-B3673A53AB6F-LeaderElection197] INFO  impl.RoleInfo (RoleInfo.java:updateAndGet(143)) - 1ee6da7b-5867-4bad-ba0d-a2cfd13fd72a: start FollowerState
2019-10-16 11:35:51,066 [Thread-1694] INFO  impl.FollowerState (FollowerState.java:run(108)) - a3132885-145f-4a8c-85f4-c10eb874732d@group-2077DD483DC7-FollowerState: change to CANDIDATE, lastRpcTime:57ms, electionTimeout:57ms
2019-10-16 11:35:51,066 [Thread-1694] INFO  impl.RoleInfo (RoleInfo.java:shutdownFollowerState(121)) - a3132885-145f-4a8c-85f4-c10eb874732d: shutdown FollowerState
2019-10-16 11:35:51,066 [Thread-1694] INFO  impl.RaftServerImpl (RaftServerImpl.java:setRole(184)) - a3132885-145f-4a8c-85f4-c10eb874732d@group-2077DD483DC7: changes role from  FOLLOWER to CANDIDATE at term 98 for changeToCandidate
2019-10-16 11:35:51,066 [Thread-1694] INFO  impl.RoleInfo (RoleInfo.java:updateAndGet(143)) - a3132885-145f-4a8c-85f4-c10eb874732d: start LeaderElection
2019-10-16 11:35:51,078 [a3132885-145f-4a8c-85f4-c10eb874732d@group-2077DD483DC7-LeaderElection199] INFO  impl.LeaderElection (LeaderElection.java:askForVotes(178)) - a3132885-145f-4a8c-85f4-c10eb874732d@group-2077DD483DC7-LeaderElection199: begin an election at term 99 for -1: [163587bb-2c3b-4498-b576-18147cf38274:192.168.157.203:33208, a3132885-145f-4a8c-85f4-c10eb874732d:192.168.157.203:46766, 70b633f6-b230-4b9f-87f3-510da88f1e08:192.168.157.203:43163], old=null
2019-10-16 11:35:51,080 [grpc-default-executor-5] INFO  impl.RaftServerImpl (RaftServerImpl.java:setRole(184)) - 70b633f6-b230-4b9f-87f3-510da88f1e08@group-2077DD483DC7: changes role from  FOLLOWER to FOLLOWER at term 99 for recognizeCandidate:a3132885-145f-4a8c-85f4-c10eb874732d
2019-10-16 11:35:51,080 [grpc-default-executor-5] INFO  impl.RoleInfo (RoleInfo.java:shutdownFollowerState(121)) - 70b633f6-b230-4b9f-87f3-510da88f1e08: shutdown FollowerState
2019-10-16 11:35:51,081 [grpc-default-executor-4] INFO  impl.RaftServerImpl (RaftServerImpl.java:setRole(184)) - 163587bb-2c3b-4498-b576-18147cf38274@group-2077DD483DC7: changes role from  FOLLOWER to FOLLOWER at term 99 for recognizeCandidate:a3132885-145f-4a8c-85f4-c10eb874732d
2019-10-16 11:35:51,081 [grpc-default-executor-5] INFO  impl.RoleInfo (RoleInfo.java:updateAndGet(143)) - 70b633f6-b230-4b9f-87f3-510da88f1e08: start FollowerState
2019-10-16 11:35:51,081 [Thread-1692] INFO  impl.FollowerState (FollowerState.java:run(117)) - 70b633f6-b230-4b9f-87f3-510da88f1e08@group-2077DD483DC7-FollowerState was interrupted: java.lang.InterruptedException: sleep interrupted
2019-10-16 11:35:51,081 [grpc-default-executor-4] INFO  impl.RoleInfo (RoleInfo.java:shutdownFollowerState(121)) - 163587bb-2c3b-4498-b576-18147cf38274: shutdown FollowerState
2019-10-16 11:35:51,081 [Thread-1693] INFO  impl.FollowerState (FollowerState.java:run(117)) - 163587bb-2c3b-4498-b576-18147cf38274@group-2077DD483DC7-FollowerState was interrupted: java.lang.InterruptedException: sleep interrupted
2019-10-16 11:35:51,081 [grpc-default-executor-4] INFO  impl.RoleInfo (RoleInfo.java:updateAndGet(143)) - 163587bb-2c3b-4498-b576-18147cf38274: start FollowerState
2019-10-16 11:35:51,092 [a3132885-145f-4a8c-85f4-c10eb874732d@group-2077DD483DC7-LeaderElection199] INFO  impl.LeaderElection (LeaderElection.java:logAndReturn(56)) - a3132885-145f-4a8c-85f4-c10eb874732d@group-2077DD483DC7-LeaderElection199: Election REJECTED; received 2 response(s) [a3132885-145f-4a8c-85f4-c10eb874732d<-163587bb-2c3b-4498-b576-18147cf38274#0:FAIL-t99, a3132885-145f-4a8c-85f4-c10eb874732d<-70b633f6-b230-4b9f-87f3-510da88f1e08#0:FAIL-t99] and 0 exception(s); a3132885-145f-4a8c-85f4-c10eb874732d@group-2077DD483DC7:t99, leader=null, voted=a3132885-145f-4a8c-85f4-c10eb874732d, raftlog=a3132885-145f-4a8c-85f4-c10eb874732d@group-2077DD483DC7-SegmentedRaftLog:OPENED:c-1,f-1,i0, conf=-1: [163587bb-2c3b-4498-b576-18147cf38274:192.168.157.203:33208, a3132885-145f-4a8c-85f4-c10eb874732d:192.168.157.203:46766, 70b633f6-b230-4b9f-87f3-510da88f1e08:192.168.157.203:43163], old=null
2019-10-16 11:35:51,092 [a3132885-145f-4a8c-85f4-c10eb874732d@group-2077DD483DC7-LeaderElection199] INFO  impl.RaftServerImpl (RaftServerImpl.java:setRole(184)) - a3132885-145f-4a8c-85f4-c10eb874732d@group-2077DD483DC7: changes role from CANDIDATE to FOLLOWER at term 99 for DISCOVERED_A_NEW_TERM
2019-10-16 11:35:51,092 [a3132885-145f-4a8c-85f4-c10eb874732d@group-2077DD483DC7-LeaderElection199] INFO  impl.RoleInfo (RoleInfo.java:shutdownLeaderElection(134)) - a3132885-145f-4a8c-85f4-c10eb874732d: shutdown LeaderElection
2019-10-16 11:35:51,092 [a3132885-145f-4a8c-85f4-c10eb874732d@group-2077DD483DC7-LeaderElection199] INFO  impl.RoleInfo (RoleInfo.java:updateAndGet(143)) - a3132885-145f-4a8c-85f4-c10eb874732d: start FollowerState
2019-10-16 11:35:51,105 [Thread-1695] INFO  impl.FollowerState (FollowerState.java:run(108)) - 1ee6da7b-5867-4bad-ba0d-a2cfd13fd72a@group-B3673A53AB6F-FollowerState: change to CANDIDATE, lastRpcTime:96ms, electionTimeout:96ms
2019-10-16 11:35:51,105 [Thread-1695] INFO  impl.RoleInfo (RoleInfo.java:shutdownFollowerState(121)) - 1ee6da7b-5867-4bad-ba0d-a2cfd13fd72a: shutdown FollowerState
2019-10-16 11:35:51,105 [Thread-1695] INFO  impl.RaftServerImpl (RaftServerImpl.java:setRole(184)) - 1ee6da7b-5867-4bad-ba0d-a2cfd13fd72a@group-B3673A53AB6F: changes role from  FOLLOWER to CANDIDATE at term 105 for changeToCandidate
2019-10-16 11:35:51,105 [Thread-1695] INFO  impl.RoleInfo (RoleInfo.java:updateAndGet(143)) - 1ee6da7b-5867-4bad-ba0d-a2cfd13fd72a: start LeaderElection
2019-10-16 11:35:51,135 [1ee6da7b-5867-4bad-ba0d-a2cfd13fd72a@group-B3673A53AB6F-LeaderElection200] INFO  impl.LeaderElection (LeaderElection.java:askForVotes(178)) - 1ee6da7b-5867-4bad-ba0d-a2cfd13fd72a@group-B3673A53AB6F-LeaderElection200: begin an election at term 106 for -1: [f94c755f-9f95-40b5-85b9-5e712f3f34e7:192.168.157.203:45275, 1ee6da7b-5867-4bad-ba0d-a2cfd13fd72a:192.168.157.203:35892, 4281bf39-36db-462c-8bc9-3c86cb645344:192.168.157.203:42381], old=null
2019-10-16 11:35:51,138 [grpc-default-executor-4] INFO  impl.RaftServerImpl (RaftServerImpl.java:setRole(184)) - f94c755f-9f95-40b5-85b9-5e712f3f34e7@group-B3673A53AB6F: changes role from  FOLLOWER to FOLLOWER at term 106 for recognizeCandidate:1ee6da7b-5867-4bad-ba0d-a2cfd13fd72a
2019-10-16 11:35:51,138 [grpc-default-executor-4] INFO  impl.RoleInfo (RoleInfo.java:shutdownFollowerState(121)) - f94c755f-9f95-40b5-85b9-5e712f3f34e7: shutdown FollowerState
2019-10-16 11:35:51,138 [grpc-default-executor-5] INFO  impl.RaftServerImpl (RaftServerImpl.java:setRole(184)) - 4281bf39-36db-462c-8bc9-3c86cb645344@group-B3673A53AB6F: changes role from  FOLLOWER to FOLLOWER at term 106 for recognizeCandidate:1ee6da7b-5867-4bad-ba0d-a2cfd13fd72a
2019-10-16 11:35:51,138 [grpc-default-executor-5] INFO  impl.RoleInfo (RoleInfo.java:shutdownFollowerState(121)) - 4281bf39-36db-462c-8bc9-3c86cb645344: shutdown FollowerState
2019-10-16 11:35:51,138 [Thread-1691] INFO  impl.FollowerState (FollowerState.java:run(117)) - f94c755f-9f95-40b5-85b9-5e712f3f34e7@group-B3673A53AB6F-FollowerState was interrupted: java.lang.InterruptedException: sleep interrupted
2019-10-16 11:35:51,138 [grpc-default-executor-4] INFO  impl.RoleInfo (RoleInfo.java:updateAndGet(143)) - f94c755f-9f95-40b5-85b9-5e712f3f34e7: start FollowerState
2019-10-16 11:35:51,139 [Thread-1690] INFO  impl.FollowerState (FollowerState.java:run(117)) - 4281bf39-36db-462c-8bc9-3c86cb645344@group-B3673A53AB6F-FollowerState was interrupted: java.lang.InterruptedException: sleep interrupted
2019-10-16 11:35:51,139 [grpc-default-executor-5] INFO  impl.RoleInfo (RoleInfo.java:updateAndGet(143)) - 4281bf39-36db-462c-8bc9-3c86cb645344: start FollowerState
2019-10-16 11:35:51,144 [Thread-1701] INFO  impl.FollowerState (FollowerState.java:run(108)) - a3132885-145f-4a8c-85f4-c10eb874732d@group-2077DD483DC7-FollowerState: change to CANDIDATE, lastRpcTime:51ms, electionTimeout:51ms
2019-10-16 11:35:51,144 [Thread-1701] INFO  impl.RoleInfo (RoleInfo.java:shutdownFollowerState(121)) - a3132885-145f-4a8c-85f4-c10eb874732d: shutdown FollowerState
2019-10-16 11:35:51,144 [Thread-1701] INFO  impl.RaftServerImpl (RaftServerImpl.java:setRole(184)) - a3132885-145f-4a8c-85f4-c10eb874732d@group-2077DD483DC7: changes role from  FOLLOWER to CANDIDATE at term 99 for changeToCandidate
2019-10-16 11:35:51,144 [Thread-1701] INFO  impl.RoleInfo (RoleInfo.java:updateAndGet(143)) - a3132885-145f-4a8c-85f4-c10eb874732d: start LeaderElection
2019-10-16 11:35:51,148 [1ee6da7b-5867-4bad-ba0d-a2cfd13fd72a@group-B3673A53AB6F-LeaderElection200] INFO  impl.LeaderElection (LeaderElection.java:logAndReturn(56)) - 1ee6da7b-5867-4bad-ba0d-a2cfd13fd72a@group-B3673A53AB6F-LeaderElection200: Election REJECTED; received 2 response(s) [1ee6da7b-5867-4bad-ba0d-a2cfd13fd72a<-f94c755f-9f95-40b5-85b9-5e712f3f34e7#0:FAIL-t106, 1ee6da7b-5867-4bad-ba0d-a2cfd13fd72a<-4281bf39-36db-462c-8bc9-3c86cb645344#0:FAIL-t106] and 0 exception(s); 1ee6da7b-5867-4bad-ba0d-a2cfd13fd72a@group-B3673A53AB6F:t106, leader=null, voted=1ee6da7b-5867-4bad-ba0d-a2cfd13fd72a, raftlog=1ee6da7b-5867-4bad-ba0d-a2cfd13fd72a@group-B3673A53AB6F-SegmentedRaftLog:OPENED:c-1,f-1,i0, conf=-1: [f94c755f-9f95-40b5-85b9-5e712f3f34e7:192.168.157.203:45275, 1ee6da7b-5867-4bad-ba0d-a2cfd13fd72a:192.168.157.203:35892, 4281bf39-36db-462c-8bc9-3c86cb645344:192.168.157.203:42381], old=null
2019-10-16 11:35:51,148 [1ee6da7b-5867-4bad-ba0d-a2cfd13fd72a@group-B3673A53AB6F-LeaderElection200] INFO  impl.RaftServerImpl (RaftServerImpl.java:setRole(184)) - 1ee6da7b-5867-4bad-ba0d-a2cfd13fd72a@group-B3673A53AB6F: changes role from CANDIDATE to FOLLOWER at term 106 for DISCOVERED_A_NEW_TERM
2019-10-16 11:35:51,148 [1ee6da7b-5867-4bad-ba0d-a2cfd13fd72a@group-B3673A53AB6F-LeaderElection200] INFO  impl.RoleInfo (RoleInfo.java:shutdownLeaderElection(134)) - 1ee6da7b-5867-4bad-ba0d-a2cfd13fd72a: shutdown LeaderElection
2019-10-16 11:35:51,148 [1ee6da7b-5867-4bad-ba0d-a2cfd13fd72a@group-B3673A53AB6F-LeaderElection200] INFO  impl.RoleInfo (RoleInfo.java:updateAndGet(143)) - 1ee6da7b-5867-4bad-ba0d-a2cfd13fd72a: start FollowerState
2019-10-16 11:35:51,160 [a3132885-145f-4a8c-85f4-c10eb874732d@group-2077DD483DC7-LeaderElection201] INFO  impl.LeaderElection (LeaderElection.java:askForVotes(178)) - a3132885-145f-4a8c-85f4-c10eb874732d@group-2077DD483DC7-LeaderElection201: begin an election at term 100 for -1: [163587bb-2c3b-4498-b576-18147cf38274:192.168.157.203:33208, a3132885-145f-4a8c-85f4-c10eb874732d:192.168.157.203:46766, 70b633f6-b230-4b9f-87f3-510da88f1e08:192.168.157.203:43163], old=null
2019-10-16 11:35:51,162 [grpc-default-executor-4] INFO  impl.RaftServerImpl (RaftServerImpl.java:setRole(184)) - 163587bb-2c3b-4498-b576-18147cf38274@group-2077DD483DC7: changes role from  FOLLOWER to FOLLOWER at term 100 for recognizeCandidate:a3132885-145f-4a8c-85f4-c10eb874732d
2019-10-16 11:35:51,162 [grpc-default-executor-4] INFO  impl.RoleInfo (RoleInfo.java:shutdownFollowerState(121)) - 163587bb-2c3b-4498-b576-18147cf38274: shutdown FollowerState
2019-10-16 11:35:51,162 [grpc-default-executor-5] INFO  impl.RaftServerImpl (RaftServerImpl.java:setRole(184)) - 70b633f6-b230-4b9f-87f3-510da88f1e08@group-2077DD483DC7: changes role from  FOLLOWER to FOLLOWER at term 100 for recognizeCandidate:a3132885-145f-4a8c-85f4-c10eb874732d
2019-10-16 11:35:51,162 [grpc-default-executor-5] INFO  impl.RoleInfo (RoleInfo.java:shutdownFollowerState(121)) - 70b633f6-b230-4b9f-87f3-510da88f1e08: shutdown FollowerState
2019-10-16 11:35:51,162 [Thread-1700] INFO  impl.FollowerState (FollowerState.java:run(117)) - 163587bb-2c3b-4498-b576-18147cf38274@group-2077DD483DC7-FollowerState was interrupted: java.lang.InterruptedException: sleep interrupted
2019-10-16 11:35:51,162 [grpc-default-executor-4] INFO  impl.RoleInfo (RoleInfo.java:updateAndGet(143)) - 163587bb-2c3b-4498-b576-18147cf38274: start FollowerState
2019-10-16 11:35:51,163 [grpc-default-executor-5] INFO  impl.RoleInfo (RoleInfo.java:updateAndGet(143)) - 70b633f6-b230-4b9f-87f3-510da88f1e08: start FollowerState
2019-10-16 11:35:51,163 [Thread-1699] INFO  impl.FollowerState (FollowerState.java:run(117)) - 70b633f6-b230-4b9f-87f3-510da88f1e08@group-2077DD483DC7-FollowerState was interrupted: java.lang.InterruptedException: sleep interrupted
2019-10-16 11:35:51,174 [a3132885-145f-4a8c-85f4-c10eb874732d@group-2077DD483DC7-LeaderElection201] INFO  impl.LeaderElection (LeaderElection.java:logAndReturn(56)) - a3132885-145f-4a8c-85f4-c10eb874732d@group-2077DD483DC7-LeaderElection201: Election REJECTED; received 2 response(s) [a3132885-145f-4a8c-85f4-c10eb874732d<-163587bb-2c3b-4498-b576-18147cf38274#0:FAIL-t100, a3132885-145f-4a8c-85f4-c10eb874732d<-70b633f6-b230-4b9f-87f3-510da88f1e08#0:FAIL-t100] and 0 exception(s); a3132885-145f-4a8c-85f4-c10eb874732d@group-2077DD483DC7:t100, leader=null, voted=a3132885-145f-4a8c-85f4-c10eb874732d, raftlog=a3132885-145f-4a8c-85f4-c10eb874732d@group-2077DD483DC7-SegmentedRaftLog:OPENED:c-1,f-1,i0, conf=-1: [163587bb-2c3b-4498-b576-18147cf38274:192.168.157.203:33208, a3132885-145f-4a8c-85f4-c10eb874732d:192.168.157.203:46766, 70b633f6-b230-4b9f-87f3-510da88f1e08:192.168.157.203:43163], old=null
2019-10-16 11:35:51,175 [a3132885-145f-4a8c-85f4-c10eb874732d@group-2077DD483DC7-LeaderElection201] INFO  impl.RaftServerImpl (RaftServerImpl.java:setRole(184)) - a3132885-145f-4a8c-85f4-c10eb874732d@group-2077DD483DC7: changes role from CANDIDATE to FOLLOWER at term 100 for DISCOVERED_A_NEW_TERM
2019-10-16 11:35:51,175 [a3132885-145f-4a8c-85f4-c10eb874732d@group-2077DD483DC7-LeaderElection201] INFO  impl.RoleInfo (RoleInfo.java:shutdownLeaderElection(134)) - a3132885-145f-4a8c-85f4-c10eb874732d: shutdown LeaderElection
2019-10-16 11:35:51,175 [a3132885-145f-4a8c-85f4-c10eb874732d@group-2077DD483DC7-LeaderElection201] INFO  impl.RoleInfo (RoleInfo.java:updateAndGet(143)) - a3132885-145f-4a8c-85f4-c10eb874732d: start FollowerState
2019-10-16 11:35:51,297 [Thread-1708] INFO  impl.FollowerState (FollowerState.java:run(108)) - 1ee6da7b-5867-4bad-ba0d-a2cfd13fd72a@group-B3673A53AB6F-FollowerState: change to CANDIDATE, lastRpcTime:148ms, electionTimeout:148ms
2019-10-16 11:35:51,297 [Thread-1708] INFO  impl.RoleInfo (RoleInfo.java:shutdownFollowerState(121)) - 1ee6da7b-5867-4bad-ba0d-a2cfd13fd72a: shutdown FollowerState
2019-10-16 11:35:51,297 [Thread-1708] INFO  impl.RaftServerImpl (RaftServerImpl.java:setRole(184)) - 1ee6da7b-5867-4bad-ba0d-a2cfd13fd72a@group-B3673A53AB6F: changes role from  FOLLOWER to CANDIDATE at term 106 for changeToCandidate
2019-10-16 11:35:51,297 [Thread-1708] INFO  impl.RoleInfo (RoleInfo.java:updateAndGet(143)) - 1ee6da7b-5867-4bad-ba0d-a2cfd13fd72a: start LeaderElection
2019-10-16 11:35:51,339 [1ee6da7b-5867-4bad-ba0d-a2cfd13fd72a@group-B3673A53AB6F-LeaderElection202] INFO  impl.LeaderElection (LeaderElection.java:askForVotes(178)) - 1ee6da7b-5867-4bad-ba0d-a2cfd13fd72a@group-B3673A53AB6F-LeaderElection202: begin an election at term 107 for -1: [f94c755f-9f95-40b5-85b9-5e712f3f34e7:192.168.157.203:45275, 1ee6da7b-5867-4bad-ba0d-a2cfd13fd72a:192.168.157.203:35892, 4281bf39-36db-462c-8bc9-3c86cb645344:192.168.157.203:42381], old=null
2019-10-16 11:35:51,341 [grpc-default-executor-5] INFO  impl.RaftServerImpl (RaftServerImpl.java:setRole(184)) - f94c755f-9f95-40b5-85b9-5e712f3f34e7@group-B3673A53AB6F: changes role from  FOLLOWER to FOLLOWER at term 107 for recognizeCandidate:1ee6da7b-5867-4bad-ba0d-a2cfd13fd72a
2019-10-16 11:35:51,341 [grpc-default-executor-4] INFO  impl.RaftServerImpl (RaftServerImpl.java:setRole(184)) - 4281bf39-36db-462c-8bc9-3c86cb645344@group-B3673A53AB6F: changes role from  FOLLOWER to FOLLOWER at term 107 for recognizeCandidate:1ee6da7b-5867-4bad-ba0d-a2cfd13fd72a
2019-10-16 11:35:51,341 [grpc-default-executor-5] INFO  impl.RoleInfo (RoleInfo.java:shutdownFollowerState(121)) - f94c755f-9f95-40b5-85b9-5e712f3f34e7: shutdown FollowerState
2019-10-16 11:35:51,342 [grpc-default-executor-4] INFO  impl.RoleInfo (RoleInfo.java:shutdownFollowerState(121)) - 4281bf39-36db-462c-8bc9-3c86cb645344: shutdown FollowerState
2019-10-16 11:35:51,342 [Thread-1705] INFO  impl.FollowerState (FollowerState.java:run(117)) - f94c755f-9f95-40b5-85b9-5e712f3f34e7@group-B3673A53AB6F-FollowerState was interrupted: java.lang.InterruptedException: sleep interrupted
2019-10-16 11:35:51,342 [Thread-1706] INFO  impl.FollowerState (FollowerState.java:run(117)) - 4281bf39-36db-462c-8bc9-3c86cb645344@group-B3673A53AB6F-FollowerState was interrupted: java.lang.InterruptedException: sleep interrupted
2019-10-16 11:35:51,342 [grpc-default-executor-5] INFO  impl.RoleInfo (RoleInfo.java:updateAndGet(143)) - f94c755f-9f95-40b5-85b9-5e712f3f34e7: start FollowerState
2019-10-16 11:35:51,342 [grpc-default-executor-4] INFO  impl.RoleInfo (RoleInfo.java:updateAndGet(143)) - 4281bf39-36db-462c-8bc9-3c86cb645344: start FollowerState
2019-10-16 11:35:51,352 [1ee6da7b-5867-4bad-ba0d-a2cfd13fd72a@group-B3673A53AB6F-LeaderElection202] INFO  impl.LeaderElection (LeaderElection.java:logAndReturn(56)) - 1ee6da7b-5867-4bad-ba0d-a2cfd13fd72a@group-B3673A53AB6F-LeaderElection202: Election REJECTED; received 2 response(s) [1ee6da7b-5867-4bad-ba0d-a2cfd13fd72a<-f94c755f-9f95-40b5-85b9-5e712f3f34e7#0:FAIL-t107, 1ee6da7b-5867-4bad-ba0d-a2cfd13fd72a<-4281bf39-36db-462c-8bc9-3c86cb645344#0:FAIL-t107] and 0 exception(s); 1ee6da7b-5867-4bad-ba0d-a2cfd13fd72a@group-B3673A53AB6F:t107, leader=null, voted=1ee6da7b-5867-4bad-ba0d-a2cfd13fd72a, raftlog=1ee6da7b-5867-4bad-ba0d-a2cfd13fd72a@group-B3673A53AB6F-SegmentedRaftLog:OPENED:c-1,f-1,i0, conf=-1: [f94c755f-9f95-40b5-85b9-5e712f3f34e7:192.168.157.203:45275, 1ee6da7b-5867-4bad-ba0d-a2cfd13fd72a:192.168.157.203:35892, 4281bf39-36db-462c-8bc9-3c86cb645344:192.168.157.203:42381], old=null
2019-10-16 11:35:51,353 [1ee6da7b-5867-4bad-ba0d-a2cfd13fd72a@group-B3673A53AB6F-LeaderElection202] INFO  impl.RaftServerImpl (RaftServerImpl.java:setRole(184)) - 1ee6da7b-5867-4bad-ba0d-a2cfd13fd72a@group-B3673A53AB6F: changes role from CANDIDATE to FOLLOWER at term 107 for DISCOVERED_A_NEW_TERM
2019-10-16 11:35:51,353 [1ee6da7b-5867-4bad-ba0d-a2cfd13fd72a@group-B3673A53AB6F-LeaderElection202] INFO  impl.RoleInfo (RoleInfo.java:shutdownLeaderElection(134)) - 1ee6da7b-5867-4bad-ba0d-a2cfd13fd72a: shutdown LeaderElection
2019-10-16 11:35:51,353 [1ee6da7b-5867-4bad-ba0d-a2cfd13fd72a@group-B3673A53AB6F-LeaderElection202] INFO  impl.RoleInfo (RoleInfo.java:updateAndGet(143)) - 1ee6da7b-5867-4bad-ba0d-a2cfd13fd72a: start FollowerState
2019-10-16 11:35:51,366 [Thread-1713] INFO  impl.FollowerState (FollowerState.java:run(108)) - a3132885-145f-4a8c-85f4-c10eb874732d@group-2077DD483DC7-FollowerState: change to CANDIDATE, lastRpcTime:191ms, electionTimeout:191ms
2019-10-16 11:35:51,366 [Thread-1713] INFO  impl.RoleInfo (RoleInfo.java:shutdownFollowerState(121)) - a3132885-145f-4a8c-85f4-c10eb874732d: shutdown FollowerState
2019-10-16 11:35:51,367 [Thread-1713] INFO  impl.RaftServerImpl (RaftServerImpl.java:setRole(184)) - a3132885-145f-4a8c-85f4-c10eb874732d@group-2077DD483DC7: changes role from  FOLLOWER to CANDIDATE at term 100 for changeToCandidate
2019-10-16 11:35:51,367 [Thread-1713] INFO  impl.RoleInfo (RoleInfo.java:updateAndGet(143)) - a3132885-145f-4a8c-85f4-c10eb874732d: start LeaderElection
2019-10-16 11:35:51,387 [a3132885-145f-4a8c-85f4-c10eb874732d@group-2077DD483DC7-LeaderElection203] INFO  impl.LeaderElection (LeaderElection.java:askForVotes(178)) - a3132885-145f-4a8c-85f4-c10eb874732d@group-2077DD483DC7-LeaderElection203: begin an election at term 101 for -1: [163587bb-2c3b-4498-b576-18147cf38274:192.168.157.203:33208, a3132885-145f-4a8c-85f4-c10eb874732d:192.168.157.203:46766, 70b633f6-b230-4b9f-87f3-510da88f1e08:192.168.157.203:43163], old=null
2019-10-16 11:35:51,388 [grpc-default-executor-4] INFO  impl.RaftServerImpl (RaftServerImpl.java:setRole(184)) - 163587bb-2c3b-4498-b576-18147cf38274@group-2077DD483DC7: changes role from  FOLLOWER to FOLLOWER at term 101 for recognizeCandidate:a3132885-145f-4a8c-85f4-c10eb874732d
2019-10-16 11:35:51,388 [grpc-default-executor-4] INFO  impl.RoleInfo (RoleInfo.java:shutdownFollowerState(121)) - 163587bb-2c3b-4498-b576-18147cf38274: shutdown FollowerState
2019-10-16 11:35:51,388 [grpc-default-executor-5] INFO  impl.RaftServerImpl (RaftServerImpl.java:setRole(184)) - 70b633f6-b230-4b9f-87f3-510da88f1e08@group-2077DD483DC7: changes role from  FOLLOWER to FOLLOWER at term 101 for recognizeCandidate:a3132885-145f-4a8c-85f4-c10eb874732d
2019-10-16 11:35:51,389 [grpc-default-executor-5] INFO  impl.RoleInfo (RoleInfo.java:shutdownFollowerState(121)) - 70b633f6-b230-4b9f-87f3-510da88f1e08: shutdown FollowerState
2019-10-16 11:35:51,389 [Thread-1711] INFO  impl.FollowerState (FollowerState.java:run(117)) - 163587bb-2c3b-4498-b576-18147cf38274@group-2077DD483DC7-FollowerState was interrupted: java.lang.InterruptedException: sleep interrupted
2019-10-16 11:35:51,389 [grpc-default-executor-4] INFO  impl.RoleInfo (RoleInfo.java:updateAndGet(143)) - 163587bb-2c3b-4498-b576-18147cf38274: start FollowerState
2019-10-16 11:35:51,389 [Thread-1712] INFO  impl.FollowerState (FollowerState.java:run(117)) - 70b633f6-b230-4b9f-87f3-510da88f1e08@group-2077DD483DC7-FollowerState was interrupted: java.lang.InterruptedException: sleep interrupted
2019-10-16 11:35:51,389 [grpc-default-executor-5] INFO  impl.RoleInfo (RoleInfo.java:updateAndGet(143)) - 70b633f6-b230-4b9f-87f3-510da88f1e08: start FollowerState
2019-10-16 11:35:51,419 [a3132885-145f-4a8c-85f4-c10eb874732d@group-2077DD483DC7-LeaderElection203] INFO  impl.LeaderElection (LeaderElection.java:logAndReturn(56)) - a3132885-145f-4a8c-85f4-c10eb874732d@group-2077DD483DC7-LeaderElection203: Election REJECTED; received 2 response(s) [a3132885-145f-4a8c-85f4-c10eb874732d<-163587bb-2c3b-4498-b576-18147cf38274#0:FAIL-t101, a3132885-145f-4a8c-85f4-c10eb874732d<-70b633f6-b230-4b9f-87f3-510da88f1e08#0:FAIL-t101] and 0 exception(s); a3132885-145f-4a8c-85f4-c10eb874732d@group-2077DD483DC7:t101, leader=null, voted=a3132885-145f-4a8c-85f4-c10eb874732d, raftlog=a3132885-145f-4a8c-85f4-c10eb874732d@group-2077DD483DC7-SegmentedRaftLog:OPENED:c-1,f-1,i0, conf=-1: [163587bb-2c3b-4498-b576-18147cf38274:192.168.157.203:33208, a3132885-145f-4a8c-85f4-c10eb874732d:192.168.157.203:46766, 70b633f6-b230-4b9f-87f3-510da88f1e08:192.168.157.203:43163], old=null
2019-10-16 11:35:51,419 [a3132885-145f-4a8c-85f4-c10eb874732d@group-2077DD483DC7-LeaderElection203] INFO  impl.RaftServerImpl (RaftServerImpl.java:setRole(184)) - a3132885-145f-4a8c-85f4-c10eb874732d@group-2077DD483DC7: changes role from CANDIDATE to FOLLOWER at term 101 for DISCOVERED_A_NEW_TERM
2019-10-16 11:35:51,419 [a3132885-145f-4a8c-85f4-c10eb874732d@group-2077DD483DC7-LeaderElection203] INFO  impl.RoleInfo (RoleInfo.java:shutdownLeaderElection(134)) - a3132885-145f-4a8c-85f4-c10eb874732d: shutdown LeaderElection
2019-10-16 11:35:51,419 [a3132885-145f-4a8c-85f4-c10eb874732d@group-2077DD483DC7-LeaderElection203] INFO  impl.RoleInfo (RoleInfo.java:updateAndGet(143)) - a3132885-145f-4a8c-85f4-c10eb874732d: start FollowerState
2019-10-16 11:35:51,491 [Thread-1719] INFO  impl.FollowerState (FollowerState.java:run(108)) - 1ee6da7b-5867-4bad-ba0d-a2cfd13fd72a@group-B3673A53AB6F-FollowerState: change to CANDIDATE, lastRpcTime:138ms, electionTimeout:138ms
2019-10-16 11:35:51,491 [Thread-1719] INFO  impl.RoleInfo (RoleInfo.java:shutdownFollowerState(121)) - 1ee6da7b-5867-4bad-ba0d-a2cfd13fd72a: shutdown FollowerState
2019-10-16 11:35:51,491 [Thread-1719] INFO  impl.RaftServerImpl (RaftServerImpl.java:setRole(184)) - 1ee6da7b-5867-4bad-ba0d-a2cfd13fd72a@group-B3673A53AB6F: changes role from  FOLLOWER to CANDIDATE at term 107 for changeToCandidate
2019-10-16 11:35:51,491 [Thread-1719] INFO  impl.RoleInfo (RoleInfo.java:updateAndGet(143)) - 1ee6da7b-5867-4bad-ba0d-a2cfd13fd72a: start LeaderElection
2019-10-16 11:35:51,520 [1ee6da7b-5867-4bad-ba0d-a2cfd13fd72a@group-B3673A53AB6F-LeaderElection204] INFO  impl.LeaderElection (LeaderElection.java:askForVotes(178)) - 1ee6da7b-5867-4bad-ba0d-a2cfd13fd72a@group-B3673A53AB6F-LeaderElection204: begin an election at term 108 for -1: [f94c755f-9f95-40b5-85b9-5e712f3f34e7:192.168.157.203:45275, 1ee6da7b-5867-4bad-ba0d-a2cfd13fd72a:192.168.157.203:35892, 4281bf39-36db-462c-8bc9-3c86cb645344:192.168.157.203:42381], old=null
2019-10-16 11:35:51,522 [grpc-default-executor-4] INFO  impl.RaftServerImpl (RaftServerImpl.java:setRole(184)) - f94c755f-9f95-40b5-85b9-5e712f3f34e7@group-B3673A53AB6F: changes role from  FOLLOWER to FOLLOWER at term 108 for recognizeCandidate:1ee6da7b-5867-4bad-ba0d-a2cfd13fd72a
2019-10-16 11:35:51,522 [grpc-default-executor-3] INFO  impl.RaftServerImpl (RaftServerImpl.java:setRole(184)) - 4281bf39-36db-462c-8bc9-3c86cb645344@group-B3673A53AB6F: changes role from  FOLLOWER to FOLLOWER at term 108 for recognizeCandidate:1ee6da7b-5867-4bad-ba0d-a2cfd13fd72a
2019-10-16 11:35:51,522 [grpc-default-executor-4] INFO  impl.RoleInfo (RoleInfo.java:shutdownFollowerState(121)) - f94c755f-9f95-40b5-85b9-5e712f3f34e7: shutdown FollowerState
2019-10-16 11:35:51,522 [grpc-default-executor-3] INFO  impl.RoleInfo (RoleInfo.java:shutdownFollowerState(121)) - 4281bf39-36db-462c-8bc9-3c86cb645344: shutdown FollowerState
2019-10-16 11:35:51,522 [grpc-default-executor-4] INFO  impl.RoleInfo (RoleInfo.java:updateAndGet(143)) - f94c755f-9f95-40b5-85b9-5e712f3f34e7: start FollowerState
2019-10-16 11:35:51,522 [Thread-1717] INFO  impl.FollowerState (FollowerState.java:run(117)) - f94c755f-9f95-40b5-85b9-5e712f3f34e7@group-B3673A53AB6F-FollowerState was interrupted: java.lang.InterruptedException: sleep interrupted
2019-10-16 11:35:51,522 [Thread-1718] INFO  impl.FollowerState (FollowerState.java:run(117)) - 4281bf39-36db-462c-8bc9-3c86cb645344@group-B3673A53AB6F-FollowerState was interrupted: java.lang.InterruptedException: sleep interrupted
2019-10-16 11:35:51,522 [grpc-default-executor-3] INFO  impl.RoleInfo (RoleInfo.java:updateAndGet(143)) - 4281bf39-36db-462c-8bc9-3c86cb645344: start FollowerState
2019-10-16 11:35:51,530 [Thread-1727] INFO  impl.FollowerState (FollowerState.java:run(108)) - a3132885-145f-4a8c-85f4-c10eb874732d@group-2077DD483DC7-FollowerState: change to CANDIDATE, lastRpcTime:111ms, electionTimeout:111ms
2019-10-16 11:35:51,530 [Thread-1727] INFO  impl.RoleInfo (RoleInfo.java:shutdownFollowerState(121)) - a3132885-145f-4a8c-85f4-c10eb874732d: shutdown FollowerState
2019-10-16 11:35:51,531 [Thread-1727] INFO  impl.RaftServerImpl (RaftServerImpl.java:setRole(184)) - a3132885-145f-4a8c-85f4-c10eb874732d@group-2077DD483DC7: changes role from  FOLLOWER to CANDIDATE at term 101 for changeToCandidate
2019-10-16 11:35:51,531 [Thread-1727] INFO  impl.RoleInfo (RoleInfo.java:updateAndGet(143)) - a3132885-145f-4a8c-85f4-c10eb874732d: start LeaderElection
2019-10-16 11:35:51,554 [a3132885-145f-4a8c-85f4-c10eb874732d@group-2077DD483DC7-LeaderElection205] INFO  impl.LeaderElection (LeaderElection.java:askForVotes(178)) - a3132885-145f-4a8c-85f4-c10eb874732d@group-2077DD483DC7-LeaderElection205: begin an election at term 102 for -1: [163587bb-2c3b-4498-b576-18147cf38274:192.168.157.203:33208, a3132885-145f-4a8c-85f4-c10eb874732d:192.168.157.203:46766, 70b633f6-b230-4b9f-87f3-510da88f1e08:192.168.157.203:43163], old=null
2019-10-16 11:35:51,555 [1ee6da7b-5867-4bad-ba0d-a2cfd13fd72a@group-B3673A53AB6F-LeaderElection204] INFO  impl.LeaderElection (LeaderElection.java:logAndReturn(56)) - 1ee6da7b-5867-4bad-ba0d-a2cfd13fd72a@group-B3673A53AB6F-LeaderElection204: Election REJECTED; received 2 response(s) [1ee6da7b-5867-4bad-ba0d-a2cfd13fd72a<-f94c755f-9f95-40b5-85b9-5e712f3f34e7#0:FAIL-t108, 1ee6da7b-5867-4bad-ba0d-a2cfd13fd72a<-4281bf39-36db-462c-8bc9-3c86cb645344#0:FAIL-t108] and 0 exception(s); 1ee6da7b-5867-4bad-ba0d-a2cfd13fd72a@group-B3673A53AB6F:t108, leader=null, voted=1ee6da7b-5867-4bad-ba0d-a2cfd13fd72a, raftlog=1ee6da7b-5867-4bad-ba0d-a2cfd13fd72a@group-B3673A53AB6F-SegmentedRaftLog:OPENED:c-1,f-1,i0, conf=-1: [f94c755f-9f95-40b5-85b9-5e712f3f34e7:192.168.157.203:45275, 1ee6da7b-5867-4bad-ba0d-a2cfd13fd72a:192.168.157.203:35892, 4281bf39-36db-462c-8bc9-3c86cb645344:192.168.157.203:42381], old=null
2019-10-16 11:35:51,555 [1ee6da7b-5867-4bad-ba0d-a2cfd13fd72a@group-B3673A53AB6F-LeaderElection204] INFO  impl.RaftServerImpl (RaftServerImpl.java:setRole(184)) - 1ee6da7b-5867-4bad-ba0d-a2cfd13fd72a@group-B3673A53AB6F: changes role from CANDIDATE to FOLLOWER at term 108 for DISCOVERED_A_NEW_TERM
2019-10-16 11:35:51,556 [1ee6da7b-5867-4bad-ba0d-a2cfd13fd72a@group-B3673A53AB6F-LeaderElection204] INFO  impl.RoleInfo (RoleInfo.java:shutdownLeaderElection(134)) - 1ee6da7b-5867-4bad-ba0d-a2cfd13fd72a: shutdown LeaderElection
2019-10-16 11:35:51,556 [1ee6da7b-5867-4bad-ba0d-a2cfd13fd72a@group-B3673A53AB6F-LeaderElection204] INFO  impl.RoleInfo (RoleInfo.java:updateAndGet(143)) - 1ee6da7b-5867-4bad-ba0d-a2cfd13fd72a: start FollowerState
2019-10-16 11:35:51,556 [grpc-default-executor-3] INFO  impl.RaftServerImpl (RaftServerImpl.java:setRole(184)) - 70b633f6-b230-4b9f-87f3-510da88f1e08@group-2077DD483DC7: changes role from  FOLLOWER to FOLLOWER at term 102 for recognizeCandidate:a3132885-145f-4a8c-85f4-c10eb874732d
2019-10-16 11:35:51,556 [grpc-default-executor-3] INFO  impl.RoleInfo (RoleInfo.java:shutdownFollowerState(121)) - 70b633f6-b230-4b9f-87f3-510da88f1e08: shutdown FollowerState
2019-10-16 11:35:51,556 [grpc-default-executor-4] INFO  impl.RaftServerImpl (RaftServerImpl.java:setRole(184)) - 163587bb-2c3b-4498-b576-18147cf38274@group-2077DD483DC7: changes role from  FOLLOWER to FOLLOWER at term 102 for recognizeCandidate:a3132885-145f-4a8c-85f4-c10eb874732d
2019-10-16 11:35:51,556 [Thread-1726] INFO  impl.FollowerState (FollowerState.java:run(117)) - 70b633f6-b230-4b9f-87f3-510da88f1e08@group-2077DD483DC7-FollowerState was interrupted: java.lang.InterruptedException: sleep interrupted
2019-10-16 11:35:51,556 [grpc-default-executor-3] INFO  impl.RoleInfo (RoleInfo.java:updateAndGet(143)) - 70b633f6-b230-4b9f-87f3-510da88f1e08: start FollowerState
2019-10-16 11:35:51,556 [grpc-default-executor-4] INFO  impl.RoleInfo (RoleInfo.java:shutdownFollowerState(121)) - 163587bb-2c3b-4498-b576-18147cf38274: shutdown FollowerState
2019-10-16 11:35:51,557 [grpc-default-executor-4] INFO  impl.RoleInfo (RoleInfo.java:updateAndGet(143)) - 163587bb-2c3b-4498-b576-18147cf38274: start FollowerState
2019-10-16 11:35:51,557 [Thread-1725] INFO  impl.FollowerState (FollowerState.java:run(117)) - 163587bb-2c3b-4498-b576-18147cf38274@group-2077DD483DC7-FollowerState was interrupted: java.lang.InterruptedException: sleep interrupted
2019-10-16 11:35:51,559 [a3132885-145f-4a8c-85f4-c10eb874732d@group-2077DD483DC7-LeaderElection205] INFO  impl.LeaderElection (LeaderElection.java:logAndReturn(56)) - a3132885-145f-4a8c-85f4-c10eb874732d@group-2077DD483DC7-LeaderElection205: Election TIMEOUT; received 0 response(s) [] and 0 exception(s); a3132885-145f-4a8c-85f4-c10eb874732d@group-2077DD483DC7:t102, leader=null, voted=a3132885-145f-4a8c-85f4-c10eb874732d, raftlog=a3132885-145f-4a8c-85f4-c10eb874732d@group-2077DD483DC7-SegmentedRaftLog:OPENED:c-1,f-1,i0, conf=-1: [163587bb-2c3b-4498-b576-18147cf38274:192.168.157.203:33208, a3132885-145f-4a8c-85f4-c10eb874732d:192.168.157.203:46766, 70b633f6-b230-4b9f-87f3-510da88f1e08:192.168.157.203:43163], old=null
2019-10-16 11:35:51,565 [a3132885-145f-4a8c-85f4-c10eb874732d@group-2077DD483DC7-LeaderElection205] INFO  impl.LeaderElection (LeaderElection.java:askForVotes(178)) - a3132885-145f-4a8c-85f4-c10eb874732d@group-2077DD483DC7-LeaderElection205: begin an election at term 103 for -1: [163587bb-2c3b-4498-b576-18147cf38274:192.168.157.203:33208, a3132885-145f-4a8c-85f4-c10eb874732d:192.168.157.203:46766, 70b633f6-b230-4b9f-87f3-510da88f1e08:192.168.157.203:43163], old=null
2019-10-16 11:35:51,824 [Thread-1736] INFO  impl.FollowerState (FollowerState.java:run(108)) - 1ee6da7b-5867-4bad-ba0d-a2cfd13fd72a@group-B3673A53AB6F-FollowerState: change to CANDIDATE, lastRpcTime:268ms, electionTimeout:100ms
2019-10-16 11:35:51,831 [grpc-default-executor-4] INFO  impl.RaftServerImpl (RaftServerImpl.java:setRole(184)) - 163587bb-2c3b-4498-b576-18147cf38274@group-2077DD483DC7: changes role from  FOLLOWER to FOLLOWER at term 103 for recognizeCandidate:a3132885-145f-4a8c-85f4-c10eb874732d
2019-10-16 11:35:51,831 [a3132885-145f-4a8c-85f4-c10eb874732d@group-2077DD483DC7-LeaderElection205] INFO  impl.LeaderElection (LeaderElection.java:logAndReturn(56)) - a3132885-145f-4a8c-85f4-c10eb874732d@group-2077DD483DC7-LeaderElection205: Election TIMEOUT; received 0 response(s) [] and 0 exception(s); a3132885-145f-4a8c-85f4-c10eb874732d@group-2077DD483DC7:t103, leader=null, voted=a3132885-145f-4a8c-85f4-c10eb874732d, raftlog=a3132885-145f-4a8c-85f4-c10eb874732d@group-2077DD483DC7-SegmentedRaftLog:OPENED:c-1,f-1,i0, conf=-1: [163587bb-2c3b-4498-b576-18147cf38274:192.168.157.203:33208, a3132885-145f-4a8c-85f4-c10eb874732d:192.168.157.203:46766, 70b633f6-b230-4b9f-87f3-510da88f1e08:192.168.157.203:43163], old=null
2019-10-16 11:35:51,831 [grpc-default-executor-4] INFO  impl.RoleInfo (RoleInfo.java:shutdownFollowerState(121)) - 163587bb-2c3b-4498-b576-18147cf38274: shutdown FollowerState
2019-10-16 11:35:51,831 [Thread-1736] INFO  impl.RoleInfo (RoleInfo.java:shutdownFollowerState(121)) - 1ee6da7b-5867-4bad-ba0d-a2cfd13fd72a: shutdown FollowerState
2019-10-16 11:35:51,832 [Thread-1738] INFO  impl.FollowerState (FollowerState.java:run(117)) - 163587bb-2c3b-4498-b576-18147cf38274@group-2077DD483DC7-FollowerState was interrupted: java.lang.InterruptedException: sleep interrupted
2019-10-16 11:35:51,832 [grpc-default-executor-3] INFO  impl.RaftServerImpl (RaftServerImpl.java:setRole(184)) - 70b633f6-b230-4b9f-87f3-510da88f1e08@group-2077DD483DC7: changes role from  FOLLOWER to FOLLOWER at term 103 for recognizeCandidate:a3132885-145f-4a8c-85f4-c10eb874732d
2019-10-16 11:35:51,832 [grpc-default-executor-4] INFO  impl.RoleInfo (RoleInfo.java:updateAndGet(143)) - 163587bb-2c3b-4498-b576-18147cf38274: start FollowerState
2019-10-16 11:35:51,832 [grpc-default-executor-3] INFO  impl.RoleInfo (RoleInfo.java:shutdownFollowerState(121)) - 70b633f6-b230-4b9f-87f3-510da88f1e08: shutdown FollowerState
2019-10-16 11:35:51,832 [Thread-1736] INFO  impl.RaftServerImpl (RaftServerImpl.java:setRole(184)) - 1ee6da7b-5867-4bad-ba0d-a2cfd13fd72a@group-B3673A53AB6F: changes role from  FOLLOWER to CANDIDATE at term 108 for changeToCandidate
2019-10-16 11:35:51,833 [grpc-default-executor-3] INFO  impl.RoleInfo (RoleInfo.java:updateAndGet(143)) - 70b633f6-b230-4b9f-87f3-510da88f1e08: start FollowerState
2019-10-16 11:35:51,833 [Thread-1737] INFO  impl.FollowerState (FollowerState.java:run(117)) - 70b633f6-b230-4b9f-87f3-510da88f1e08@group-2077DD483DC7-FollowerState was interrupted: java.lang.InterruptedException: sleep interrupted
2019-10-16 11:35:51,833 [Thread-1736] INFO  impl.RoleInfo (RoleInfo.java:updateAndGet(143)) - 1ee6da7b-5867-4bad-ba0d-a2cfd13fd72a: start LeaderElection
2019-10-16 11:35:51,846 [a3132885-145f-4a8c-85f4-c10eb874732d@group-2077DD483DC7-LeaderElection205] INFO  impl.LeaderElection (LeaderElection.java:askForVotes(178)) - a3132885-145f-4a8c-85f4-c10eb874732d@group-2077DD483DC7-LeaderElection205: begin an election at term 104 for -1: [163587bb-2c3b-4498-b576-18147cf38274:192.168.157.203:33208, a3132885-145f-4a8c-85f4-c10eb874732d:192.168.157.203:46766, 70b633f6-b230-4b9f-87f3-510da88f1e08:192.168.157.203:43163], old=null
2019-10-16 11:35:51,846 [1ee6da7b-5867-4bad-ba0d-a2cfd13fd72a@group-B3673A53AB6F-LeaderElection206] INFO  impl.LeaderElection (LeaderElection.java:askForVotes(178)) - 1ee6da7b-5867-4bad-ba0d-a2cfd13fd72a@group-B3673A53AB6F-LeaderElection206: begin an election at term 109 for -1: [f94c755f-9f95-40b5-85b9-5e712f3f34e7:192.168.157.203:45275, 1ee6da7b-5867-4bad-ba0d-a2cfd13fd72a:192.168.157.203:35892, 4281bf39-36db-462c-8bc9-3c86cb645344:192.168.157.203:42381], old=null
2019-10-16 11:35:51,848 [grpc-default-executor-3] INFO  impl.RaftServerImpl (RaftServerImpl.java:setRole(184)) - 163587bb-2c3b-4498-b576-18147cf38274@group-2077DD483DC7: changes role from  FOLLOWER to FOLLOWER at term 104 for recognizeCandidate:a3132885-145f-4a8c-85f4-c10eb874732d
2019-10-16 11:35:51,848 [grpc-default-executor-3] INFO  impl.RoleInfo (RoleInfo.java:shutdownFollowerState(121)) - 163587bb-2c3b-4498-b576-18147cf38274: shutdown FollowerState
2019-10-16 11:35:51,849 [grpc-default-executor-3] INFO  impl.RoleInfo (RoleInfo.java:updateAndGet(143)) - 163587bb-2c3b-4498-b576-18147cf38274: start FollowerState
2019-10-16 11:35:51,849 [grpc-default-executor-4] INFO  impl.RaftServerImpl (RaftServerImpl.java:setRole(184)) - 4281bf39-36db-462c-8bc9-3c86cb645344@group-B3673A53AB6F: changes role from  FOLLOWER to FOLLOWER at term 109 for recognizeCandidate:1ee6da7b-5867-4bad-ba0d-a2cfd13fd72a
2019-10-16 11:35:51,849 [Thread-1741] INFO  impl.FollowerState (FollowerState.java:run(117)) - 163587bb-2c3b-4498-b576-18147cf38274@group-2077DD483DC7-FollowerState was interrupted: java.lang.InterruptedException: sleep interrupted
2019-10-16 11:35:51,849 [grpc-default-executor-4] INFO  impl.RoleInfo (RoleInfo.java:shutdownFollowerState(121)) - 4281bf39-36db-462c-8bc9-3c86cb645344: shutdown FollowerState
2019-10-16 11:35:51,849 [grpc-default-executor-5] INFO  impl.RaftServerImpl (RaftServerImpl.java:setRole(184)) - 70b633f6-b230-4b9f-87f3-510da88f1e08@group-2077DD483DC7: changes role from  FOLLOWER to FOLLOWER at term 104 for recognizeCandidate:a3132885-145f-4a8c-85f4-c10eb874732d
2019-10-16 11:35:51,849 [grpc-default-executor-5] INFO  impl.RoleInfo (RoleInfo.java:shutdownFollowerState(121)) - 70b633f6-b230-4b9f-87f3-510da88f1e08: shutdown FollowerState
2019-10-16 11:35:51,849 [Thread-1732] INFO  impl.FollowerState (FollowerState.java:run(117)) - 4281bf39-36db-462c-8bc9-3c86cb645344@group-B3673A53AB6F-FollowerState was interrupted: java.lang.InterruptedException: sleep interrupted
2019-10-16 11:35:51,849 [grpc-default-executor-4] INFO  impl.RoleInfo (RoleInfo.java:updateAndGet(143)) - 4281bf39-36db-462c-8bc9-3c86cb645344: start FollowerState
2019-10-16 11:35:51,850 [Thread-1742] INFO  impl.FollowerState (FollowerState.java:run(117)) - 70b633f6-b230-4b9f-87f3-510da88f1e08@group-2077DD483DC7-FollowerState was interrupted: java.lang.InterruptedException: sleep interrupted
2019-10-16 11:35:51,850 [grpc-default-executor-5] INFO  impl.RoleInfo (RoleInfo.java:updateAndGet(143)) - 70b633f6-b230-4b9f-87f3-510da88f1e08: start FollowerState
2019-10-16 11:35:51,850 [grpc-default-executor-0] INFO  impl.RaftServerImpl (RaftServerImpl.java:setRole(184)) - f94c755f-9f95-40b5-85b9-5e712f3f34e7@group-B3673A53AB6F: changes role from  FOLLOWER to FOLLOWER at term 109 for recognizeCandidate:1ee6da7b-5867-4bad-ba0d-a2cfd13fd72a
2019-10-16 11:35:51,850 [grpc-default-executor-0] INFO  impl.RoleInfo (RoleInfo.java:shutdownFollowerState(121)) - f94c755f-9f95-40b5-85b9-5e712f3f34e7: shutdown FollowerState
2019-10-16 11:35:51,851 [grpc-default-executor-0] INFO  impl.RoleInfo (RoleInfo.java:updateAndGet(143)) - f94c755f-9f95-40b5-85b9-5e712f3f34e7: start FollowerState
2019-10-16 11:35:51,851 [Thread-1731] INFO  impl.FollowerState (FollowerState.java:run(117)) - f94c755f-9f95-40b5-85b9-5e712f3f34e7@group-B3673A53AB6F-FollowerState was interrupted: java.lang.InterruptedException: sleep interrupted
2019-10-16 11:35:51,862 [1ee6da7b-5867-4bad-ba0d-a2cfd13fd72a@group-B3673A53AB6F-LeaderElection206] INFO  impl.LeaderElection (LeaderElection.java:logAndReturn(56)) - 1ee6da7b-5867-4bad-ba0d-a2cfd13fd72a@group-B3673A53AB6F-LeaderElection206: Election REJECTED; received 2 response(s) [1ee6da7b-5867-4bad-ba0d-a2cfd13fd72a<-f94c755f-9f95-40b5-85b9-5e712f3f34e7#0:FAIL-t109, 1ee6da7b-5867-4bad-ba0d-a2cfd13fd72a<-4281bf39-36db-462c-8bc9-3c86cb645344#0:FAIL-t109] and 0 exception(s); 1ee6da7b-5867-4bad-ba0d-a2cfd13fd72a@group-B3673A53AB6F:t109, leader=null, voted=1ee6da7b-5867-4bad-ba0d-a2cfd13fd72a, raftlog=1ee6da7b-5867-4bad-ba0d-a2cfd13fd72a@group-B3673A53AB6F-SegmentedRaftLog:OPENED:c-1,f-1,i0, conf=-1: [f94c755f-9f95-40b5-85b9-5e712f3f34e7:192.168.157.203:45275, 1ee6da7b-5867-4bad-ba0d-a2cfd13fd72a:192.168.157.203:35892, 4281bf39-36db-462c-8bc9-3c86cb645344:192.168.157.203:42381], old=null
2019-10-16 11:35:51,862 [a3132885-145f-4a8c-85f4-c10eb874732d@group-2077DD483DC7-LeaderElection205] INFO  impl.LeaderElection (LeaderElection.java:logAndReturn(56)) - a3132885-145f-4a8c-85f4-c10eb874732d@group-2077DD483DC7-LeaderElection205: Election REJECTED; received 2 response(s) [a3132885-145f-4a8c-85f4-c10eb874732d<-163587bb-2c3b-4498-b576-18147cf38274#0:FAIL-t104, a3132885-145f-4a8c-85f4-c10eb874732d<-70b633f6-b230-4b9f-87f3-510da88f1e08#0:FAIL-t104] and 0 exception(s); a3132885-145f-4a8c-85f4-c10eb874732d@group-2077DD483DC7:t104, leader=null, voted=a3132885-145f-4a8c-85f4-c10eb874732d, raftlog=a3132885-145f-4a8c-85f4-c10eb874732d@group-2077DD483DC7-SegmentedRaftLog:OPENED:c-1,f-1,i0, conf=-1: [163587bb-2c3b-4498-b576-18147cf38274:192.168.157.203:33208, a3132885-145f-4a8c-85f4-c10eb874732d:192.168.157.203:46766, 70b633f6-b230-4b9f-87f3-510da88f1e08:192.168.157.203:43163], old=null
2019-10-16 11:35:51,863 [1ee6da7b-5867-4bad-ba0d-a2cfd13fd72a@group-B3673A53AB6F-LeaderElection206] INFO  impl.RaftServerImpl (RaftServerImpl.java:setRole(184)) - 1ee6da7b-5867-4bad-ba0d-a2cfd13fd72a@group-B3673A53AB6F: changes role from CANDIDATE to FOLLOWER at term 109 for DISCOVERED_A_NEW_TERM
2019-10-16 11:35:51,863 [a3132885-145f-4a8c-85f4-c10eb874732d@group-2077DD483DC7-LeaderElection205] INFO  impl.RaftServerImpl (RaftServerImpl.java:setRole(184)) - a3132885-145f-4a8c-85f4-c10eb874732d@group-2077DD483DC7: changes role from CANDIDATE to FOLLOWER at term 104 for DISCOVERED_A_NEW_TERM
2019-10-16 11:35:51,863 [1ee6da7b-5867-4bad-ba0d-a2cfd13fd72a@group-B3673A53AB6F-LeaderElection206] INFO  impl.RoleInfo (RoleInfo.java:shutdownLeaderElection(134)) - 1ee6da7b-5867-4bad-ba0d-a2cfd13fd72a: shutdown LeaderElection
2019-10-16 11:35:51,863 [a3132885-145f-4a8c-85f4-c10eb874732d@group-2077DD483DC7-LeaderElection205] INFO  impl.RoleInfo (RoleInfo.java:shutdownLeaderElection(134)) - a3132885-145f-4a8c-85f4-c10eb874732d: shutdown LeaderElection
2019-10-16 11:35:51,863 [1ee6da7b-5867-4bad-ba0d-a2cfd13fd72a@group-B3673A53AB6F-LeaderElection206] INFO  impl.RoleInfo (RoleInfo.java:updateAndGet(143)) - 1ee6da7b-5867-4bad-ba0d-a2cfd13fd72a: start FollowerState
2019-10-16 11:35:51,863 [a3132885-145f-4a8c-85f4-c10eb874732d@group-2077DD483DC7-LeaderElection205] INFO  impl.RoleInfo (RoleInfo.java:updateAndGet(143)) - a3132885-145f-4a8c-85f4-c10eb874732d: start FollowerState
2019-10-16 11:35:51,999 [Thread-1753] INFO  impl.FollowerState (FollowerState.java:run(108)) - a3132885-145f-4a8c-85f4-c10eb874732d@group-2077DD483DC7-FollowerState: change to CANDIDATE, lastRpcTime:135ms, electionTimeout:135ms
2019-10-16 11:35:51,999 [Thread-1753] INFO  impl.RoleInfo (RoleInfo.java:shutdownFollowerState(121)) - a3132885-145f-4a8c-85f4-c10eb874732d: shutdown FollowerState
2019-10-16 11:35:51,999 [Thread-1753] INFO  impl.RaftServerImpl (RaftServerImpl.java:setRole(184)) - a3132885-145f-4a8c-85f4-c10eb874732d@group-2077DD483DC7: changes role from  FOLLOWER to CANDIDATE at term 104 for changeToCandidate
2019-10-16 11:35:52,000 [Thread-1753] INFO  impl.RoleInfo (RoleInfo.java:updateAndGet(143)) - a3132885-145f-4a8c-85f4-c10eb874732d: start LeaderElection
2019-10-16 11:35:52,014 [a3132885-145f-4a8c-85f4-c10eb874732d@group-2077DD483DC7-LeaderElection207] INFO  impl.LeaderElection (LeaderElection.java:askForVotes(178)) - a3132885-145f-4a8c-85f4-c10eb874732d@group-2077DD483DC7-LeaderElection207: begin an election at term 105 for -1: [163587bb-2c3b-4498-b576-18147cf38274:192.168.157.203:33208, a3132885-145f-4a8c-85f4-c10eb874732d:192.168.157.203:46766, 70b633f6-b230-4b9f-87f3-510da88f1e08:192.168.157.203:43163], old=null
2019-10-16 11:35:52,016 [grpc-default-executor-0] INFO  impl.RaftServerImpl (RaftServerImpl.java:setRole(184)) - 163587bb-2c3b-4498-b576-18147cf38274@group-2077DD483DC7: changes role from  FOLLOWER to FOLLOWER at term 105 for recognizeCandidate:a3132885-145f-4a8c-85f4-c10eb874732d
2019-10-16 11:35:52,016 [grpc-default-executor-0] INFO  impl.RoleInfo (RoleInfo.java:shutdownFollowerState(121)) - 163587bb-2c3b-4498-b576-18147cf38274: shutdown FollowerState
2019-10-16 11:35:52,016 [grpc-default-executor-4] INFO  impl.RaftServerImpl (RaftServerImpl.java:setRole(184)) - 70b633f6-b230-4b9f-87f3-510da88f1e08@group-2077DD483DC7: changes role from  FOLLOWER to FOLLOWER at term 105 for recognizeCandidate:a3132885-145f-4a8c-85f4-c10eb874732d
2019-10-16 11:35:52,016 [grpc-default-executor-4] INFO  impl.RoleInfo (RoleInfo.java:shutdownFollowerState(121)) - 70b633f6-b230-4b9f-87f3-510da88f1e08: shutdown FollowerState
2019-10-16 11:35:52,016 [Thread-1748] INFO  impl.FollowerState (FollowerState.java:run(117)) - 163587bb-2c3b-4498-b576-18147cf38274@group-2077DD483DC7-FollowerState was interrupted: java.lang.InterruptedException: sleep interrupted
2019-10-16 11:35:52,016 [grpc-default-executor-0] INFO  impl.RoleInfo (RoleInfo.java:updateAndGet(143)) - 163587bb-2c3b-4498-b576-18147cf38274: start FollowerState
2019-10-16 11:35:52,017 [Thread-1750] INFO  impl.FollowerState (FollowerState.java:run(117)) - 70b633f6-b230-4b9f-87f3-510da88f1e08@group-2077DD483DC7-FollowerState was interrupted: java.lang.InterruptedException: sleep interrupted
2019-10-16 11:35:52,017 [grpc-default-executor-4] INFO  impl.RoleInfo (RoleInfo.java:updateAndGet(143)) - 70b633f6-b230-4b9f-87f3-510da88f1e08: start FollowerState
2019-10-16 11:35:52,025 [Thread-1752] INFO  impl.FollowerState (FollowerState.java:run(108)) - 1ee6da7b-5867-4bad-ba0d-a2cfd13fd72a@group-B3673A53AB6F-FollowerState: change to CANDIDATE, lastRpcTime:161ms, electionTimeout:161ms
2019-10-16 11:35:52,025 [Thread-1752] INFO  impl.RoleInfo (RoleInfo.java:shutdownFollowerState(121)) - 1ee6da7b-5867-4bad-ba0d-a2cfd13fd72a: shutdown FollowerState
2019-10-16 11:35:52,025 [Thread-1752] INFO  impl.RaftServerImpl (RaftServerImpl.java:setRole(184)) - 1ee6da7b-5867-4bad-ba0d-a2cfd13fd72a@group-B3673A53AB6F: changes role from  FOLLOWER to CANDIDATE at term 109 for changeToCandidate
2019-10-16 11:35:52,025 [Thread-1752] INFO  impl.RoleInfo (RoleInfo.java:updateAndGet(143)) - 1ee6da7b-5867-4bad-ba0d-a2cfd13fd72a: start LeaderElection
2019-10-16 11:35:52,030 [1ee6da7b-5867-4bad-ba0d-a2cfd13fd72a@group-B3673A53AB6F-LeaderElection208] INFO  impl.LeaderElection (LeaderElection.java:askForVotes(178)) - 1ee6da7b-5867-4bad-ba0d-a2cfd13fd72a@group-B3673A53AB6F-LeaderElection208: begin an election at term 110 for -1: [f94c755f-9f95-40b5-85b9-5e712f3f34e7:192.168.157.203:45275, 1ee6da7b-5867-4bad-ba0d-a2cfd13fd72a:192.168.157.203:35892, 4281bf39-36db-462c-8bc9-3c86cb645344:192.168.157.203:42381], old=null
2019-10-16 11:35:52,031 [a3132885-145f-4a8c-85f4-c10eb874732d@group-2077DD483DC7-LeaderElection207] INFO  impl.LeaderElection (LeaderElection.java:logAndReturn(56)) - a3132885-145f-4a8c-85f4-c10eb874732d@group-2077DD483DC7-LeaderElection207: Election REJECTED; received 2 response(s) [a3132885-145f-4a8c-85f4-c10eb874732d<-163587bb-2c3b-4498-b576-18147cf38274#0:FAIL-t105, a3132885-145f-4a8c-85f4-c10eb874732d<-70b633f6-b230-4b9f-87f3-510da88f1e08#0:FAIL-t105] and 0 exception(s); a3132885-145f-4a8c-85f4-c10eb874732d@group-2077DD483DC7:t105, leader=null, voted=a3132885-145f-4a8c-85f4-c10eb874732d, raftlog=a3132885-145f-4a8c-85f4-c10eb874732d@group-2077DD483DC7-SegmentedRaftLog:OPENED:c-1,f-1,i0, conf=-1: [163587bb-2c3b-4498-b576-18147cf38274:192.168.157.203:33208, a3132885-145f-4a8c-85f4-c10eb874732d:192.168.157.203:46766, 70b633f6-b230-4b9f-87f3-510da88f1e08:192.168.157.203:43163], old=null
2019-10-16 11:35:52,031 [a3132885-145f-4a8c-85f4-c10eb874732d@group-2077DD483DC7-LeaderElection207] INFO  impl.RaftServerImpl (RaftServerImpl.java:setRole(184)) - a3132885-145f-4a8c-85f4-c10eb874732d@group-2077DD483DC7: changes role from CANDIDATE to FOLLOWER at term 105 for DISCOVERED_A_NEW_TERM
2019-10-16 11:35:52,032 [a3132885-145f-4a8c-85f4-c10eb874732d@group-2077DD483DC7-LeaderElection207] INFO  impl.RoleInfo (RoleInfo.java:shutdownLeaderElection(134)) - a3132885-145f-4a8c-85f4-c10eb874732d: shutdown LeaderElection
2019-10-16 11:35:52,032 [a3132885-145f-4a8c-85f4-c10eb874732d@group-2077DD483DC7-LeaderElection207] INFO  impl.RoleInfo (RoleInfo.java:updateAndGet(143)) - a3132885-145f-4a8c-85f4-c10eb874732d: start FollowerState
2019-10-16 11:35:52,032 [grpc-default-executor-4] INFO  impl.RaftServerImpl (RaftServerImpl.java:setRole(184)) - f94c755f-9f95-40b5-85b9-5e712f3f34e7@group-B3673A53AB6F: changes role from  FOLLOWER to FOLLOWER at term 110 for recognizeCandidate:1ee6da7b-5867-4bad-ba0d-a2cfd13fd72a
2019-10-16 11:35:52,032 [grpc-default-executor-4] INFO  impl.RoleInfo (RoleInfo.java:shutdownFollowerState(121)) - f94c755f-9f95-40b5-85b9-5e712f3f34e7: shutdown FollowerState
2019-10-16 11:35:52,033 [grpc-default-executor-4] INFO  impl.RoleInfo (RoleInfo.java:updateAndGet(143)) - f94c755f-9f95-40b5-85b9-5e712f3f34e7: start FollowerState
2019-10-16 11:35:52,033 [Thread-1751] INFO  impl.FollowerState (FollowerState.java:run(117)) - f94c755f-9f95-40b5-85b9-5e712f3f34e7@group-B3673A53AB6F-FollowerState was interrupted: java.lang.InterruptedException: sleep interrupted
2019-10-16 11:35:52,033 [grpc-default-executor-0] INFO  impl.RaftServerImpl (RaftServerImpl.java:setRole(184)) - 4281bf39-36db-462c-8bc9-3c86cb645344@group-B3673A53AB6F: changes role from  FOLLOWER to FOLLOWER at term 110 for recognizeCandidate:1ee6da7b-5867-4bad-ba0d-a2cfd13fd72a
2019-10-16 11:35:52,033 [grpc-default-executor-0] INFO  impl.RoleInfo (RoleInfo.java:shutdownFollowerState(121)) - 4281bf39-36db-462c-8bc9-3c86cb645344: shutdown FollowerState
2019-10-16 11:35:52,033 [grpc-default-executor-0] INFO  impl.RoleInfo (RoleInfo.java:updateAndGet(143)) - 4281bf39-36db-462c-8bc9-3c86cb645344: start FollowerState
2019-10-16 11:35:52,033 [Thread-1749] INFO  impl.FollowerState (FollowerState.java:run(117)) - 4281bf39-36db-462c-8bc9-3c86cb645344@group-B3673A53AB6F-FollowerState was interrupted: java.lang.InterruptedException: sleep interrupted
2019-10-16 11:35:52,047 [1ee6da7b-5867-4bad-ba0d-a2cfd13fd72a@group-B3673A53AB6F-LeaderElection208] INFO  impl.LeaderElection (LeaderElection.java:logAndReturn(56)) - 1ee6da7b-5867-4bad-ba0d-a2cfd13fd72a@group-B3673A53AB6F-LeaderElection208: Election REJECTED; received 2 response(s) [1ee6da7b-5867-4bad-ba0d-a2cfd13fd72a<-f94c755f-9f95-40b5-85b9-5e712f3f34e7#0:FAIL-t110, 1ee6da7b-5867-4bad-ba0d-a2cfd13fd72a<-4281bf39-36db-462c-8bc9-3c86cb645344#0:FAIL-t110] and 0 exception(s); 1ee6da7b-5867-4bad-ba0d-a2cfd13fd72a@group-B3673A53AB6F:t110, leader=null, voted=1ee6da7b-5867-4bad-ba0d-a2cfd13fd72a, raftlog=1ee6da7b-5867-4bad-ba0d-a2cfd13fd72a@group-B3673A53AB6F-SegmentedRaftLog:OPENED:c-1,f-1,i0, conf=-1: [f94c755f-9f95-40b5-85b9-5e712f3f34e7:192.168.157.203:45275, 1ee6da7b-5867-4bad-ba0d-a2cfd13fd72a:192.168.157.203:35892, 4281bf39-36db-462c-8bc9-3c86cb645344:192.168.157.203:42381], old=null
2019-10-16 11:35:52,047 [1ee6da7b-5867-4bad-ba0d-a2cfd13fd72a@group-B3673A53AB6F-LeaderElection208] INFO  impl.RaftServerImpl (RaftServerImpl.java:setRole(184)) - 1ee6da7b-5867-4bad-ba0d-a2cfd13fd72a@group-B3673A53AB6F: changes role from CANDIDATE to FOLLOWER at term 110 for DISCOVERED_A_NEW_TERM
2019-10-16 11:35:52,048 [1ee6da7b-5867-4bad-ba0d-a2cfd13fd72a@group-B3673A53AB6F-LeaderElection208] INFO  impl.RoleInfo (RoleInfo.java:shutdownLeaderElection(134)) - 1ee6da7b-5867-4bad-ba0d-a2cfd13fd72a: shutdown LeaderElection
2019-10-16 11:35:52,048 [1ee6da7b-5867-4bad-ba0d-a2cfd13fd72a@group-B3673A53AB6F-LeaderElection208] INFO  impl.RoleInfo (RoleInfo.java:updateAndGet(143)) - 1ee6da7b-5867-4bad-ba0d-a2cfd13fd72a: start FollowerState
2019-10-16 11:35:52,144 [Thread-1766] INFO  impl.FollowerState (FollowerState.java:run(108)) - a3132885-145f-4a8c-85f4-c10eb874732d@group-2077DD483DC7-FollowerState: change to CANDIDATE, lastRpcTime:112ms, electionTimeout:112ms
2019-10-16 11:35:52,144 [Thread-1766] INFO  impl.RoleInfo (RoleInfo.java:shutdownFollowerState(121)) - a3132885-145f-4a8c-85f4-c10eb874732d: shutdown FollowerState
2019-10-16 11:35:52,144 [Thread-1766] INFO  impl.RaftServerImpl (RaftServerImpl.java:setRole(184)) - a3132885-145f-4a8c-85f4-c10eb874732d@group-2077DD483DC7: changes role from  FOLLOWER to CANDIDATE at term 105 for changeToCandidate
2019-10-16 11:35:52,145 [Thread-1766] INFO  impl.RoleInfo (RoleInfo.java:updateAndGet(143)) - a3132885-145f-4a8c-85f4-c10eb874732d: start LeaderElection
2019-10-16 11:35:52,160 [a3132885-145f-4a8c-85f4-c10eb874732d@group-2077DD483DC7-LeaderElection209] INFO  impl.LeaderElection (LeaderElection.java:askForVotes(178)) - a3132885-145f-4a8c-85f4-c10eb874732d@group-2077DD483DC7-LeaderElection209: begin an election at term 106 for -1: [163587bb-2c3b-4498-b576-18147cf38274:192.168.157.203:33208, a3132885-145f-4a8c-85f4-c10eb874732d:192.168.157.203:46766, 70b633f6-b230-4b9f-87f3-510da88f1e08:192.168.157.203:43163], old=null
2019-10-16 11:35:52,163 [grpc-default-executor-0] INFO  impl.RaftServerImpl (RaftServerImpl.java:setRole(184)) - 70b633f6-b230-4b9f-87f3-510da88f1e08@group-2077DD483DC7: changes role from  FOLLOWER to FOLLOWER at term 106 for recognizeCandidate:a3132885-145f-4a8c-85f4-c10eb874732d
2019-10-16 11:35:52,163 [grpc-default-executor-0] INFO  impl.RoleInfo (RoleInfo.java:shutdownFollowerState(121)) - 70b633f6-b230-4b9f-87f3-510da88f1e08: shutdown FollowerState
2019-10-16 11:35:52,163 [grpc-default-executor-4] INFO  impl.RaftServerImpl (RaftServerImpl.java:setRole(184)) - 163587bb-2c3b-4498-b576-18147cf38274@group-2077DD483DC7: changes role from  FOLLOWER to FOLLOWER at term 106 for recognizeCandidate:a3132885-145f-4a8c-85f4-c10eb874732d
2019-10-16 11:35:52,163 [grpc-default-executor-4] INFO  impl.RoleInfo (RoleInfo.java:shutdownFollowerState(121)) - 163587bb-2c3b-4498-b576-18147cf38274: shutdown FollowerState
2019-10-16 11:35:52,163 [Thread-1762] INFO  impl.FollowerState (FollowerState.java:run(117)) - 70b633f6-b230-4b9f-87f3-510da88f1e08@group-2077DD483DC7-FollowerState was interrupted: java.lang.InterruptedException: sleep interrupted
2019-10-16 11:35:52,163 [grpc-default-executor-0] INFO  impl.RoleInfo (RoleInfo.java:updateAndGet(143)) - 70b633f6-b230-4b9f-87f3-510da88f1e08: start FollowerState
2019-10-16 11:35:52,164 [grpc-default-executor-4] INFO  impl.RoleInfo (RoleInfo.java:updateAndGet(143)) - 163587bb-2c3b-4498-b576-18147cf38274: start FollowerState
2019-10-16 11:35:52,164 [Thread-1761] INFO  impl.FollowerState (FollowerState.java:run(117)) - 163587bb-2c3b-4498-b576-18147cf38274@group-2077DD483DC7-FollowerState was interrupted: java.lang.InterruptedException: sleep interrupted
2019-10-16 11:35:52,174 [a3132885-145f-4a8c-85f4-c10eb874732d@group-2077DD483DC7-LeaderElection209] INFO  impl.LeaderElection (LeaderElection.java:logAndReturn(56)) - a3132885-145f-4a8c-85f4-c10eb874732d@group-2077DD483DC7-LeaderElection209: Election REJECTED; received 2 response(s) [a3132885-145f-4a8c-85f4-c10eb874732d<-163587bb-2c3b-4498-b576-18147cf38274#0:FAIL-t106, a3132885-145f-4a8c-85f4-c10eb874732d<-70b633f6-b230-4b9f-87f3-510da88f1e08#0:FAIL-t106] and 0 exception(s); a3132885-145f-4a8c-85f4-c10eb874732d@group-2077DD483DC7:t106, leader=null, voted=a3132885-145f-4a8c-85f4-c10eb874732d, raftlog=a3132885-145f-4a8c-85f4-c10eb874732d@group-2077DD483DC7-SegmentedRaftLog:OPENED:c-1,f-1,i0, conf=-1: [163587bb-2c3b-4498-b576-18147cf38274:192.168.157.203:33208, a3132885-145f-4a8c-85f4-c10eb874732d:192.168.157.203:46766, 70b633f6-b230-4b9f-87f3-510da88f1e08:192.168.157.203:43163], old=null
2019-10-16 11:35:52,174 [a3132885-145f-4a8c-85f4-c10eb874732d@group-2077DD483DC7-LeaderElection209] INFO  impl.RaftServerImpl (RaftServerImpl.java:setRole(184)) - a3132885-145f-4a8c-85f4-c10eb874732d@group-2077DD483DC7: changes role from CANDIDATE to FOLLOWER at term 106 for DISCOVERED_A_NEW_TERM
2019-10-16 11:35:52,174 [a3132885-145f-4a8c-85f4-c10eb874732d@group-2077DD483DC7-LeaderElection209] INFO  impl.RoleInfo (RoleInfo.java:shutdownLeaderElection(134)) - a3132885-145f-4a8c-85f4-c10eb874732d: shutdown LeaderElection
2019-10-16 11:35:52,174 [a3132885-145f-4a8c-85f4-c10eb874732d@group-2077DD483DC7-LeaderElection209] INFO  impl.RoleInfo (RoleInfo.java:updateAndGet(143)) - a3132885-145f-4a8c-85f4-c10eb874732d: start FollowerState
2019-10-16 11:35:52,176 [Thread-1769] INFO  impl.FollowerState (FollowerState.java:run(108)) - 1ee6da7b-5867-4bad-ba0d-a2cfd13fd72a@group-B3673A53AB6F-FollowerState: change to CANDIDATE, lastRpcTime:128ms, electionTimeout:128ms
2019-10-16 11:35:52,176 [Thread-1769] INFO  impl.RoleInfo (RoleInfo.java:shutdownFollowerState(121)) - 1ee6da7b-5867-4bad-ba0d-a2cfd13fd72a: shutdown FollowerState
2019-10-16 11:35:52,176 [Thread-1769] INFO  impl.RaftServerImpl (RaftServerImpl.java:setRole(184)) - 1ee6da7b-5867-4bad-ba0d-a2cfd13fd72a@group-B3673A53AB6F: changes role from  FOLLOWER to CANDIDATE at term 110 for changeToCandidate
2019-10-16 11:35:52,176 [Thread-1769] INFO  impl.RoleInfo (RoleInfo.java:updateAndGet(143)) - 1ee6da7b-5867-4bad-ba0d-a2cfd13fd72a: start LeaderElection
2019-10-16 11:35:52,183 [1ee6da7b-5867-4bad-ba0d-a2cfd13fd72a@group-B3673A53AB6F-LeaderElection210] INFO  impl.LeaderElection (LeaderElection.java:askForVotes(178)) - 1ee6da7b-5867-4bad-ba0d-a2cfd13fd72a@group-B3673A53AB6F-LeaderElection210: begin an election at term 111 for -1: [f94c755f-9f95-40b5-85b9-5e712f3f34e7:192.168.157.203:45275, 1ee6da7b-5867-4bad-ba0d-a2cfd13fd72a:192.168.157.203:35892, 4281bf39-36db-462c-8bc9-3c86cb645344:192.168.157.203:42381], old=null
2019-10-16 11:35:52,185 [grpc-default-executor-4] INFO  impl.RaftServerImpl (RaftServerImpl.java:setRole(184)) - f94c755f-9f95-40b5-85b9-5e712f3f34e7@group-B3673A53AB6F: changes role from  FOLLOWER to FOLLOWER at term 111 for recognizeCandidate:1ee6da7b-5867-4bad-ba0d-a2cfd13fd72a
2019-10-16 11:35:52,185 [grpc-default-executor-4] INFO  impl.RoleInfo (RoleInfo.java:shutdownFollowerState(121)) - f94c755f-9f95-40b5-85b9-5e712f3f34e7: shutdown FollowerState
2019-10-16 11:35:52,185 [grpc-default-executor-4] INFO  impl.RoleInfo (RoleInfo.java:updateAndGet(143)) - f94c755f-9f95-40b5-85b9-5e712f3f34e7: start FollowerState
2019-10-16 11:35:52,185 [Thread-1767] INFO  impl.FollowerState (FollowerState.java:run(117)) - f94c755f-9f95-40b5-85b9-5e712f3f34e7@group-B3673A53AB6F-FollowerState was interrupted: java.lang.InterruptedException: sleep interrupted
2019-10-16 11:35:52,186 [grpc-default-executor-0] INFO  impl.RaftServerImpl (RaftServerImpl.java:setRole(184)) - 4281bf39-36db-462c-8bc9-3c86cb645344@group-B3673A53AB6F: changes role from  FOLLOWER to FOLLOWER at term 111 for recognizeCandidate:1ee6da7b-5867-4bad-ba0d-a2cfd13fd72a
2019-10-16 11:35:52,186 [grpc-default-executor-0] INFO  impl.RoleInfo (RoleInfo.java:shutdownFollowerState(121)) - 4281bf39-36db-462c-8bc9-3c86cb645344: shutdown FollowerState
2019-10-16 11:35:52,186 [grpc-default-executor-0] INFO  impl.RoleInfo (RoleInfo.java:updateAndGet(143)) - 4281bf39-36db-462c-8bc9-3c86cb645344: start FollowerState
2019-10-16 11:35:52,186 [Thread-1768] INFO  impl.FollowerState (FollowerState.java:run(117)) - 4281bf39-36db-462c-8bc9-3c86cb645344@group-B3673A53AB6F-FollowerState was interrupted: java.lang.InterruptedException: sleep interrupted
2019-10-16 11:35:52,193 [1ee6da7b-5867-4bad-ba0d-a2cfd13fd72a@group-B3673A53AB6F-LeaderElection210] INFO  impl.LeaderElection (LeaderElection.java:logAndReturn(56)) - 1ee6da7b-5867-4bad-ba0d-a2cfd13fd72a@group-B3673A53AB6F-LeaderElection210: Election REJECTED; received 2 response(s) [1ee6da7b-5867-4bad-ba0d-a2cfd13fd72a<-f94c755f-9f95-40b5-85b9-5e712f3f34e7#0:FAIL-t111, 1ee6da7b-5867-4bad-ba0d-a2cfd13fd72a<-4281bf39-36db-462c-8bc9-3c86cb645344#0:FAIL-t111] and 0 exception(s); 1ee6da7b-5867-4bad-ba0d-a2cfd13fd72a@group-B3673A53AB6F:t111, leader=null, voted=1ee6da7b-5867-4bad-ba0d-a2cfd13fd72a, raftlog=1ee6da7b-5867-4bad-ba0d-a2cfd13fd72a@group-B3673A53AB6F-SegmentedRaftLog:OPENED:c-1,f-1,i0, conf=-1: [f94c755f-9f95-40b5-85b9-5e712f3f34e7:192.168.157.203:45275, 1ee6da7b-5867-4bad-ba0d-a2cfd13fd72a:192.168.157.203:35892, 4281bf39-36db-462c-8bc9-3c86cb645344:192.168.157.203:42381], old=null
2019-10-16 11:35:52,193 [1ee6da7b-5867-4bad-ba0d-a2cfd13fd72a@group-B3673A53AB6F-LeaderElection210] INFO  impl.RaftServerImpl (RaftServerImpl.java:setRole(184)) - 1ee6da7b-5867-4bad-ba0d-a2cfd13fd72a@group-B3673A53AB6F: changes role from CANDIDATE to FOLLOWER at term 111 for DISCOVERED_A_NEW_TERM
2019-10-16 11:35:52,193 [1ee6da7b-5867-4bad-ba0d-a2cfd13fd72a@group-B3673A53AB6F-LeaderElection210] INFO  impl.RoleInfo (RoleInfo.java:shutdownLeaderElection(134)) - 1ee6da7b-5867-4bad-ba0d-a2cfd13fd72a: shutdown LeaderElection
2019-10-16 11:35:52,193 [1ee6da7b-5867-4bad-ba0d-a2cfd13fd72a@group-B3673A53AB6F-LeaderElection210] INFO  impl.RoleInfo (RoleInfo.java:updateAndGet(143)) - 1ee6da7b-5867-4bad-ba0d-a2cfd13fd72a: start FollowerState
2019-10-16 11:35:52,194 [Thread-1781] INFO  impl.FollowerState (FollowerState.java:run(108)) - 1ee6da7b-5867-4bad-ba0d-a2cfd13fd72a@group-B3673A53AB6F-FollowerState: change to CANDIDATE, lastRpcTime:1ms, electionTimeout:1ms
2019-10-16 11:35:52,195 [Thread-1781] INFO  impl.RoleInfo (RoleInfo.java:shutdownFollowerState(121)) - 1ee6da7b-5867-4bad-ba0d-a2cfd13fd72a: shutdown FollowerState
2019-10-16 11:35:52,195 [Thread-1781] INFO  impl.RaftServerImpl (RaftServerImpl.java:setRole(184)) - 1ee6da7b-5867-4bad-ba0d-a2cfd13fd72a@group-B3673A53AB6F: changes role from  FOLLOWER to CANDIDATE at term 111 for changeToCandidate
2019-10-16 11:35:52,195 [Thread-1781] INFO  impl.RoleInfo (RoleInfo.java:updateAndGet(143)) - 1ee6da7b-5867-4bad-ba0d-a2cfd13fd72a: start LeaderElection
2019-10-16 11:35:52,204 [1ee6da7b-5867-4bad-ba0d-a2cfd13fd72a@group-B3673A53AB6F-LeaderElection211] INFO  impl.LeaderElection (LeaderElection.java:askForVotes(178)) - 1ee6da7b-5867-4bad-ba0d-a2cfd13fd72a@group-B3673A53AB6F-LeaderElection211: begin an election at term 112 for -1: [f94c755f-9f95-40b5-85b9-5e712f3f34e7:192.168.157.203:45275, 1ee6da7b-5867-4bad-ba0d-a2cfd13fd72a:192.168.157.203:35892, 4281bf39-36db-462c-8bc9-3c86cb645344:192.168.157.203:42381], old=null
2019-10-16 11:35:52,206 [grpc-default-executor-0] INFO  impl.RaftServerImpl (RaftServerImpl.java:setRole(184)) - f94c755f-9f95-40b5-85b9-5e712f3f34e7@group-B3673A53AB6F: changes role from  FOLLOWER to FOLLOWER at term 112 for recognizeCandidate:1ee6da7b-5867-4bad-ba0d-a2cfd13fd72a
2019-10-16 11:35:52,206 [grpc-default-executor-0] INFO  impl.RoleInfo (RoleInfo.java:shutdownFollowerState(121)) - f94c755f-9f95-40b5-85b9-5e712f3f34e7: shutdown FollowerState
2019-10-16 11:35:52,206 [grpc-default-executor-0] INFO  impl.RoleInfo (RoleInfo.java:updateAndGet(143)) - f94c755f-9f95-40b5-85b9-5e712f3f34e7: start FollowerState
2019-10-16 11:35:52,206 [Thread-1779] INFO  impl.FollowerState (FollowerState.java:run(117)) - f94c755f-9f95-40b5-85b9-5e712f3f34e7@group-B3673A53AB6F-FollowerState was interrupted: java.lang.InterruptedException: sleep interrupted
2019-10-16 11:35:52,207 [grpc-default-executor-4] INFO  impl.RaftServerImpl (RaftServerImpl.java:setRole(184)) - 4281bf39-36db-462c-8bc9-3c86cb645344@group-B3673A53AB6F: changes role from  FOLLOWER to FOLLOWER at term 112 for recognizeCandidate:1ee6da7b-5867-4bad-ba0d-a2cfd13fd72a
2019-10-16 11:35:52,207 [grpc-default-executor-4] INFO  impl.RoleInfo (RoleInfo.java:shutdownFollowerState(121)) - 4281bf39-36db-462c-8bc9-3c86cb645344: shutdown FollowerState
2019-10-16 11:35:52,207 [grpc-default-executor-4] INFO  impl.RoleInfo (RoleInfo.java:updateAndGet(143)) - 4281bf39-36db-462c-8bc9-3c86cb645344: start FollowerState
2019-10-16 11:35:52,207 [Thread-1780] INFO  impl.FollowerState (FollowerState.java:run(117)) - 4281bf39-36db-462c-8bc9-3c86cb645344@group-B3673A53AB6F-FollowerState was interrupted: java.lang.InterruptedException: sleep interrupted
2019-10-16 11:35:52,215 [1ee6da7b-5867-4bad-ba0d-a2cfd13fd72a@group-B3673A53AB6F-LeaderElection211] INFO  impl.LeaderElection (LeaderElection.java:logAndReturn(56)) - 1ee6da7b-5867-4bad-ba0d-a2cfd13fd72a@group-B3673A53AB6F-LeaderElection211: Election REJECTED; received 2 response(s) [1ee6da7b-5867-4bad-ba0d-a2cfd13fd72a<-f94c755f-9f95-40b5-85b9-5e712f3f34e7#0:FAIL-t112, 1ee6da7b-5867-4bad-ba0d-a2cfd13fd72a<-4281bf39-36db-462c-8bc9-3c86cb645344#0:FAIL-t112] and 0 exception(s); 1ee6da7b-5867-4bad-ba0d-a2cfd13fd72a@group-B3673A53AB6F:t112, leader=null, voted=1ee6da7b-5867-4bad-ba0d-a2cfd13fd72a, raftlog=1ee6da7b-5867-4bad-ba0d-a2cfd13fd72a@group-B3673A53AB6F-SegmentedRaftLog:OPENED:c-1,f-1,i0, conf=-1: [f94c755f-9f95-40b5-85b9-5e712f3f34e7:192.168.157.203:45275, 1ee6da7b-5867-4bad-ba0d-a2cfd13fd72a:192.168.157.203:35892, 4281bf39-36db-462c-8bc9-3c86cb645344:192.168.157.203:42381], old=null
2019-10-16 11:35:52,215 [1ee6da7b-5867-4bad-ba0d-a2cfd13fd72a@group-B3673A53AB6F-LeaderElection211] INFO  impl.RaftServerImpl (RaftServerImpl.java:setRole(184)) - 1ee6da7b-5867-4bad-ba0d-a2cfd13fd72a@group-B3673A53AB6F: changes role from CANDIDATE to FOLLOWER at term 112 for DISCOVERED_A_NEW_TERM
2019-10-16 11:35:52,215 [1ee6da7b-5867-4bad-ba0d-a2cfd13fd72a@group-B3673A53AB6F-LeaderElection211] INFO  impl.RoleInfo (RoleInfo.java:shutdownLeaderElection(134)) - 1ee6da7b-5867-4bad-ba0d-a2cfd13fd72a: shutdown LeaderElection
2019-10-16 11:35:52,215 [1ee6da7b-5867-4bad-ba0d-a2cfd13fd72a@group-B3673A53AB6F-LeaderElection211] INFO  impl.RoleInfo (RoleInfo.java:updateAndGet(143)) - 1ee6da7b-5867-4bad-ba0d-a2cfd13fd72a: start FollowerState
2019-10-16 11:35:52,276 [Thread-1787] INFO  impl.FollowerState (FollowerState.java:run(108)) - 1ee6da7b-5867-4bad-ba0d-a2cfd13fd72a@group-B3673A53AB6F-FollowerState: change to CANDIDATE, lastRpcTime:60ms, electionTimeout:60ms
2019-10-16 11:35:52,276 [Thread-1787] INFO  impl.RoleInfo (RoleInfo.java:shutdownFollowerState(121)) - 1ee6da7b-5867-4bad-ba0d-a2cfd13fd72a: shutdown FollowerState
2019-10-16 11:35:52,276 [Thread-1787] INFO  impl.RaftServerImpl (RaftServerImpl.java:setRole(184)) - 1ee6da7b-5867-4bad-ba0d-a2cfd13fd72a@group-B3673A53AB6F: changes role from  FOLLOWER to CANDIDATE at term 112 for changeToCandidate
2019-10-16 11:35:52,276 [Thread-1787] INFO  impl.RoleInfo (RoleInfo.java:updateAndGet(143)) - 1ee6da7b-5867-4bad-ba0d-a2cfd13fd72a: start LeaderElection
2019-10-16 11:35:52,291 [1ee6da7b-5867-4bad-ba0d-a2cfd13fd72a@group-B3673A53AB6F-LeaderElection212] INFO  impl.LeaderElection (LeaderElection.java:askForVotes(178)) - 1ee6da7b-5867-4bad-ba0d-a2cfd13fd72a@group-B3673A53AB6F-LeaderElection212: begin an election at term 113 for -1: [f94c755f-9f95-40b5-85b9-5e712f3f34e7:192.168.157.203:45275, 1ee6da7b-5867-4bad-ba0d-a2cfd13fd72a:192.168.157.203:35892, 4281bf39-36db-462c-8bc9-3c86cb645344:192.168.157.203:42381], old=null
2019-10-16 11:35:52,294 [grpc-default-executor-4] INFO  impl.RaftServerImpl (RaftServerImpl.java:setRole(184)) - f94c755f-9f95-40b5-85b9-5e712f3f34e7@group-B3673A53AB6F: changes role from  FOLLOWER to FOLLOWER at term 113 for recognizeCandidate:1ee6da7b-5867-4bad-ba0d-a2cfd13fd72a
2019-10-16 11:35:52,294 [grpc-default-executor-4] INFO  impl.RoleInfo (RoleInfo.java:shutdownFollowerState(121)) - f94c755f-9f95-40b5-85b9-5e712f3f34e7: shutdown FollowerState
2019-10-16 11:35:52,294 [grpc-default-executor-0] INFO  impl.RaftServerImpl (RaftServerImpl.java:setRole(184)) - 4281bf39-36db-462c-8bc9-3c86cb645344@group-B3673A53AB6F: changes role from  FOLLOWER to FOLLOWER at term 113 for recognizeCandidate:1ee6da7b-5867-4bad-ba0d-a2cfd13fd72a
2019-10-16 11:35:52,294 [Thread-1785] INFO  impl.FollowerState (FollowerState.java:run(117)) - f94c755f-9f95-40b5-85b9-5e712f3f34e7@group-B3673A53AB6F-FollowerState was interrupted: java.lang.InterruptedException: sleep interrupted
2019-10-16 11:35:52,294 [grpc-default-executor-4] INFO  impl.RoleInfo (RoleInfo.java:updateAndGet(143)) - f94c755f-9f95-40b5-85b9-5e712f3f34e7: start FollowerState
2019-10-16 11:35:52,294 [grpc-default-executor-0] INFO  impl.RoleInfo (RoleInfo.java:shutdownFollowerState(121)) - 4281bf39-36db-462c-8bc9-3c86cb645344: shutdown FollowerState
2019-10-16 11:35:52,296 [grpc-default-executor-0] INFO  impl.RoleInfo (RoleInfo.java:updateAndGet(143)) - 4281bf39-36db-462c-8bc9-3c86cb645344: start FollowerState
2019-10-16 11:35:52,296 [Thread-1786] INFO  impl.FollowerState (FollowerState.java:run(117)) - 4281bf39-36db-462c-8bc9-3c86cb645344@group-B3673A53AB6F-FollowerState was interrupted: java.lang.InterruptedException: sleep interrupted
2019-10-16 11:35:52,310 [1ee6da7b-5867-4bad-ba0d-a2cfd13fd72a@group-B3673A53AB6F-LeaderElection212] INFO  impl.LeaderElection (LeaderElection.java:logAndReturn(56)) - 1ee6da7b-5867-4bad-ba0d-a2cfd13fd72a@group-B3673A53AB6F-LeaderElection212: Election REJECTED; received 2 response(s) [1ee6da7b-5867-4bad-ba0d-a2cfd13fd72a<-f94c755f-9f95-40b5-85b9-5e712f3f34e7#0:FAIL-t113, 1ee6da7b-5867-4bad-ba0d-a2cfd13fd72a<-4281bf39-36db-462c-8bc9-3c86cb645344#0:FAIL-t113] and 0 exception(s); 1ee6da7b-5867-4bad-ba0d-a2cfd13fd72a@group-B3673A53AB6F:t113, leader=null, voted=1ee6da7b-5867-4bad-ba0d-a2cfd13fd72a, raftlog=1ee6da7b-5867-4bad-ba0d-a2cfd13fd72a@group-B3673A53AB6F-SegmentedRaftLog:OPENED:c-1,f-1,i0, conf=-1: [f94c755f-9f95-40b5-85b9-5e712f3f34e7:192.168.157.203:45275, 1ee6da7b-5867-4bad-ba0d-a2cfd13fd72a:192.168.157.203:35892, 4281bf39-36db-462c-8bc9-3c86cb645344:192.168.157.203:42381], old=null
2019-10-16 11:35:52,310 [1ee6da7b-5867-4bad-ba0d-a2cfd13fd72a@group-B3673A53AB6F-LeaderElection212] INFO  impl.RaftServerImpl (RaftServerImpl.java:setRole(184)) - 1ee6da7b-5867-4bad-ba0d-a2cfd13fd72a@group-B3673A53AB6F: changes role from CANDIDATE to FOLLOWER at term 113 for DISCOVERED_A_NEW_TERM
2019-10-16 11:35:52,310 [1ee6da7b-5867-4bad-ba0d-a2cfd13fd72a@group-B3673A53AB6F-LeaderElection212] INFO  impl.RoleInfo (RoleInfo.java:shutdownLeaderElection(134)) - 1ee6da7b-5867-4bad-ba0d-a2cfd13fd72a: shutdown LeaderElection
2019-10-16 11:35:52,310 [1ee6da7b-5867-4bad-ba0d-a2cfd13fd72a@group-B3673A53AB6F-LeaderElection212] INFO  impl.RoleInfo (RoleInfo.java:updateAndGet(143)) - 1ee6da7b-5867-4bad-ba0d-a2cfd13fd72a: start FollowerState
2019-10-16 11:35:52,351 [Thread-1775] INFO  impl.FollowerState (FollowerState.java:run(108)) - a3132885-145f-4a8c-85f4-c10eb874732d@group-2077DD483DC7-FollowerState: change to CANDIDATE, lastRpcTime:176ms, electionTimeout:176ms
2019-10-16 11:35:52,351 [Thread-1775] INFO  impl.RoleInfo (RoleInfo.java:shutdownFollowerState(121)) - a3132885-145f-4a8c-85f4-c10eb874732d: shutdown FollowerState
2019-10-16 11:35:52,351 [Thread-1775] INFO  impl.RaftServerImpl (RaftServerImpl.java:setRole(184)) - a3132885-145f-4a8c-85f4-c10eb874732d@group-2077DD483DC7: changes role from  FOLLOWER to CANDIDATE at term 106 for changeToCandidate
2019-10-16 11:35:52,351 [Thread-1775] INFO  impl.RoleInfo (RoleInfo.java:updateAndGet(143)) - a3132885-145f-4a8c-85f4-c10eb874732d: start LeaderElection
2019-10-16 11:35:52,365 [a3132885-145f-4a8c-85f4-c10eb874732d@group-2077DD483DC7-LeaderElection213] INFO  impl.LeaderElection (LeaderElection.java:askForVotes(178)) - a3132885-145f-4a8c-85f4-c10eb874732d@group-2077DD483DC7-LeaderElection213: begin an election at term 107 for -1: [163587bb-2c3b-4498-b576-18147cf38274:192.168.157.203:33208, a3132885-145f-4a8c-85f4-c10eb874732d:192.168.157.203:46766, 70b633f6-b230-4b9f-87f3-510da88f1e08:192.168.157.203:43163], old=null
2019-10-16 11:35:52,368 [grpc-default-executor-0] INFO  impl.RaftServerImpl (RaftServerImpl.java:setRole(184)) - 163587bb-2c3b-4498-b576-18147cf38274@group-2077DD483DC7: changes role from  FOLLOWER to FOLLOWER at term 107 for recognizeCandidate:a3132885-145f-4a8c-85f4-c10eb874732d
2019-10-16 11:35:52,368 [grpc-default-executor-0] INFO  impl.RoleInfo (RoleInfo.java:shutdownFollowerState(121)) - 163587bb-2c3b-4498-b576-18147cf38274: shutdown FollowerState
2019-10-16 11:35:52,368 [grpc-default-executor-4] INFO  impl.RaftServerImpl (RaftServerImpl.java:setRole(184)) - 70b633f6-b230-4b9f-87f3-510da88f1e08@group-2077DD483DC7: changes role from  FOLLOWER to FOLLOWER at term 107 for recognizeCandidate:a3132885-145f-4a8c-85f4-c10eb874732d
2019-10-16 11:35:52,368 [Thread-1774] INFO  impl.FollowerState (FollowerState.java:run(117)) - 163587bb-2c3b-4498-b576-18147cf38274@group-2077DD483DC7-FollowerState was interrupted: java.lang.InterruptedException: sleep interrupted
2019-10-16 11:35:52,368 [grpc-default-executor-0] INFO  impl.RoleInfo (RoleInfo.java:updateAndGet(143)) - 163587bb-2c3b-4498-b576-18147cf38274: start FollowerState
2019-10-16 11:35:52,368 [grpc-default-executor-4] INFO  impl.RoleInfo (RoleInfo.java:shutdownFollowerState(121)) - 70b633f6-b230-4b9f-87f3-510da88f1e08: shutdown FollowerState
2019-10-16 11:35:52,369 [grpc-default-executor-4] INFO  impl.RoleInfo (RoleInfo.java:updateAndGet(143)) - 70b633f6-b230-4b9f-87f3-510da88f1e08: start FollowerState
2019-10-16 11:35:52,369 [Thread-1773] INFO  impl.FollowerState (FollowerState.java:run(117)) - 70b633f6-b230-4b9f-87f3-510da88f1e08@group-2077DD483DC7-FollowerState was interrupted: java.lang.InterruptedException: sleep interrupted
2019-10-16 11:35:52,383 [a3132885-145f-4a8c-85f4-c10eb874732d@group-2077DD483DC7-LeaderElection213] INFO  impl.LeaderElection (LeaderElection.java:logAndReturn(56)) - a3132885-145f-4a8c-85f4-c10eb874732d@group-2077DD483DC7-LeaderElection213: Election REJECTED; received 2 response(s) [a3132885-145f-4a8c-85f4-c10eb874732d<-163587bb-2c3b-4498-b576-18147cf38274#0:FAIL-t107, a3132885-145f-4a8c-85f4-c10eb874732d<-70b633f6-b230-4b9f-87f3-510da88f1e08#0:FAIL-t107] and 0 exception(s); a3132885-145f-4a8c-85f4-c10eb874732d@group-2077DD483DC7:t107, leader=null, voted=a3132885-145f-4a8c-85f4-c10eb874732d, raftlog=a3132885-145f-4a8c-85f4-c10eb874732d@group-2077DD483DC7-SegmentedRaftLog:OPENED:c-1,f-1,i0, conf=-1: [163587bb-2c3b-4498-b576-18147cf38274:192.168.157.203:33208, a3132885-145f-4a8c-85f4-c10eb874732d:192.168.157.203:46766, 70b633f6-b230-4b9f-87f3-510da88f1e08:192.168.157.203:43163], old=null
2019-10-16 11:35:52,383 [a3132885-145f-4a8c-85f4-c10eb874732d@group-2077DD483DC7-LeaderElection213] INFO  impl.RaftServerImpl (RaftServerImpl.java:setRole(184)) - a3132885-145f-4a8c-85f4-c10eb874732d@group-2077DD483DC7: changes role from CANDIDATE to FOLLOWER at term 107 for DISCOVERED_A_NEW_TERM
2019-10-16 11:35:52,383 [a3132885-145f-4a8c-85f4-c10eb874732d@group-2077DD483DC7-LeaderElection213] INFO  impl.RoleInfo (RoleInfo.java:shutdownLeaderElection(134)) - a3132885-145f-4a8c-85f4-c10eb874732d: shutdown LeaderElection
2019-10-16 11:35:52,384 [a3132885-145f-4a8c-85f4-c10eb874732d@group-2077DD483DC7-LeaderElection213] INFO  impl.RoleInfo (RoleInfo.java:updateAndGet(143)) - a3132885-145f-4a8c-85f4-c10eb874732d: start FollowerState
2019-10-16 11:35:52,454 [Thread-1793] INFO  impl.FollowerState (FollowerState.java:run(108)) - 1ee6da7b-5867-4bad-ba0d-a2cfd13fd72a@group-B3673A53AB6F-FollowerState: change to CANDIDATE, lastRpcTime:143ms, electionTimeout:143ms
2019-10-16 11:35:52,454 [Thread-1793] INFO  impl.RoleInfo (RoleInfo.java:shutdownFollowerState(121)) - 1ee6da7b-5867-4bad-ba0d-a2cfd13fd72a: shutdown FollowerState
2019-10-16 11:35:52,454 [Thread-1793] INFO  impl.RaftServerImpl (RaftServerImpl.java:setRole(184)) - 1ee6da7b-5867-4bad-ba0d-a2cfd13fd72a@group-B3673A53AB6F: changes role from  FOLLOWER to CANDIDATE at term 113 for changeToCandidate
2019-10-16 11:35:52,454 [Thread-1793] INFO  impl.RoleInfo (RoleInfo.java:updateAndGet(143)) - 1ee6da7b-5867-4bad-ba0d-a2cfd13fd72a: start LeaderElection
2019-10-16 11:35:52,469 [1ee6da7b-5867-4bad-ba0d-a2cfd13fd72a@group-B3673A53AB6F-LeaderElection214] INFO  impl.LeaderElection (LeaderElection.java:askForVotes(178)) - 1ee6da7b-5867-4bad-ba0d-a2cfd13fd72a@group-B3673A53AB6F-LeaderElection214: begin an election at term 114 for -1: [f94c755f-9f95-40b5-85b9-5e712f3f34e7:192.168.157.203:45275, 1ee6da7b-5867-4bad-ba0d-a2cfd13fd72a:192.168.157.203:35892, 4281bf39-36db-462c-8bc9-3c86cb645344:192.168.157.203:42381], old=null
2019-10-16 11:35:52,472 [grpc-default-executor-4] INFO  impl.RaftServerImpl (RaftServerImpl.java:setRole(184)) - f94c755f-9f95-40b5-85b9-5e712f3f34e7@group-B3673A53AB6F: changes role from  FOLLOWER to FOLLOWER at term 114 for recognizeCandidate:1ee6da7b-5867-4bad-ba0d-a2cfd13fd72a
2019-10-16 11:35:52,472 [grpc-default-executor-4] INFO  impl.RoleInfo (RoleInfo.java:shutdownFollowerState(121)) - f94c755f-9f95-40b5-85b9-5e712f3f34e7: shutdown FollowerState
2019-10-16 11:35:52,472 [grpc-default-executor-4] INFO  impl.RoleInfo (RoleInfo.java:updateAndGet(143)) - f94c755f-9f95-40b5-85b9-5e712f3f34e7: start FollowerState
2019-10-16 11:35:52,472 [Thread-1791] INFO  impl.FollowerState (FollowerState.java:run(117)) - f94c755f-9f95-40b5-85b9-5e712f3f34e7@group-B3673A53AB6F-FollowerState was interrupted: java.lang.InterruptedException: sleep interrupted
2019-10-16 11:35:52,473 [grpc-default-executor-0] INFO  impl.RaftServerImpl (RaftServerImpl.java:setRole(184)) - 4281bf39-36db-462c-8bc9-3c86cb645344@group-B3673A53AB6F: changes role from  FOLLOWER to FOLLOWER at term 114 for recognizeCandidate:1ee6da7b-5867-4bad-ba0d-a2cfd13fd72a
2019-10-16 11:35:52,473 [grpc-default-executor-0] INFO  impl.RoleInfo (RoleInfo.java:shutdownFollowerState(121)) - 4281bf39-36db-462c-8bc9-3c86cb645344: shutdown FollowerState
2019-10-16 11:35:52,473 [grpc-default-executor-0] INFO  impl.RoleInfo (RoleInfo.java:updateAndGet(143)) - 4281bf39-36db-462c-8bc9-3c86cb645344: start FollowerState
2019-10-16 11:35:52,473 [Thread-1792] INFO  impl.FollowerState (FollowerState.java:run(117)) - 4281bf39-36db-462c-8bc9-3c86cb645344@group-B3673A53AB6F-FollowerState was interrupted: java.lang.InterruptedException: sleep interrupted
2019-10-16 11:35:52,480 [Thread-1800] INFO  impl.FollowerState (FollowerState.java:run(108)) - a3132885-145f-4a8c-85f4-c10eb874732d@group-2077DD483DC7-FollowerState: change to CANDIDATE, lastRpcTime:96ms, electionTimeout:96ms
2019-10-16 11:35:52,480 [Thread-1800] INFO  impl.RoleInfo (RoleInfo.java:shutdownFollowerState(121)) - a3132885-145f-4a8c-85f4-c10eb874732d: shutdown FollowerState
2019-10-16 11:35:52,480 [Thread-1800] INFO  impl.RaftServerImpl (RaftServerImpl.java:setRole(184)) - a3132885-145f-4a8c-85f4-c10eb874732d@group-2077DD483DC7: changes role from  FOLLOWER to CANDIDATE at term 107 for changeToCandidate
2019-10-16 11:35:52,481 [Thread-1800] INFO  impl.RoleInfo (RoleInfo.java:updateAndGet(143)) - a3132885-145f-4a8c-85f4-c10eb874732d: start LeaderElection
2019-10-16 11:35:52,481 [1ee6da7b-5867-4bad-ba0d-a2cfd13fd72a@group-B3673A53AB6F-LeaderElection214] INFO  impl.LeaderElection (LeaderElection.java:logAndReturn(56)) - 1ee6da7b-5867-4bad-ba0d-a2cfd13fd72a@group-B3673A53AB6F-LeaderElection214: Election TIMEOUT; received 0 response(s) [] and 0 exception(s); 1ee6da7b-5867-4bad-ba0d-a2cfd13fd72a@group-B3673A53AB6F:t114, leader=null, voted=1ee6da7b-5867-4bad-ba0d-a2cfd13fd72a, raftlog=1ee6da7b-5867-4bad-ba0d-a2cfd13fd72a@group-B3673A53AB6F-SegmentedRaftLog:OPENED:c-1,f-1,i0, conf=-1: [f94c755f-9f95-40b5-85b9-5e712f3f34e7:192.168.157.203:45275, 1ee6da7b-5867-4bad-ba0d-a2cfd13fd72a:192.168.157.203:35892, 4281bf39-36db-462c-8bc9-3c86cb645344:192.168.157.203:42381], old=null
2019-10-16 11:35:52,486 [a3132885-145f-4a8c-85f4-c10eb874732d@group-2077DD483DC7-LeaderElection215] INFO  impl.LeaderElection (LeaderElection.java:askForVotes(178)) - a3132885-145f-4a8c-85f4-c10eb874732d@group-2077DD483DC7-LeaderElection215: begin an election at term 108 for -1: [163587bb-2c3b-4498-b576-18147cf38274:192.168.157.203:33208, a3132885-145f-4a8c-85f4-c10eb874732d:192.168.157.203:46766, 70b633f6-b230-4b9f-87f3-510da88f1e08:192.168.157.203:43163], old=null
2019-10-16 11:35:52,486 [1ee6da7b-5867-4bad-ba0d-a2cfd13fd72a@group-B3673A53AB6F-LeaderElection214] INFO  impl.LeaderElection (LeaderElection.java:askForVotes(178)) - 1ee6da7b-5867-4bad-ba0d-a2cfd13fd72a@group-B3673A53AB6F-LeaderElection214: begin an election at term 115 for -1: [f94c755f-9f95-40b5-85b9-5e712f3f34e7:192.168.157.203:45275, 1ee6da7b-5867-4bad-ba0d-a2cfd13fd72a:192.168.157.203:35892, 4281bf39-36db-462c-8bc9-3c86cb645344:192.168.157.203:42381], old=null
2019-10-16 11:35:52,489 [grpc-default-executor-0] INFO  impl.RaftServerImpl (RaftServerImpl.java:setRole(184)) - 4281bf39-36db-462c-8bc9-3c86cb645344@group-B3673A53AB6F: changes role from  FOLLOWER to FOLLOWER at term 115 for recognizeCandidate:1ee6da7b-5867-4bad-ba0d-a2cfd13fd72a
2019-10-16 11:35:52,489 [grpc-default-executor-0] INFO  impl.RoleInfo (RoleInfo.java:shutdownFollowerState(121)) - 4281bf39-36db-462c-8bc9-3c86cb645344: shutdown FollowerState
2019-10-16 11:35:52,489 [grpc-default-executor-4] INFO  impl.RaftServerImpl (RaftServerImpl.java:setRole(184)) - 70b633f6-b230-4b9f-87f3-510da88f1e08@group-2077DD483DC7: changes role from  FOLLOWER to FOLLOWER at term 108 for recognizeCandidate:a3132885-145f-4a8c-85f4-c10eb874732d
2019-10-16 11:35:52,489 [Thread-1806] INFO  impl.FollowerState (FollowerState.java:run(117)) - 4281bf39-36db-462c-8bc9-3c86cb645344@group-B3673A53AB6F-FollowerState was interrupted: java.lang.InterruptedException: sleep interrupted
2019-10-16 11:35:52,489 [grpc-default-executor-0] INFO  impl.RoleInfo (RoleInfo.java:updateAndGet(143)) - 4281bf39-36db-462c-8bc9-3c86cb645344: start FollowerState
2019-10-16 11:35:52,489 [grpc-default-executor-4] INFO  impl.RoleInfo (RoleInfo.java:shutdownFollowerState(121)) - 70b633f6-b230-4b9f-87f3-510da88f1e08: shutdown FollowerState
2019-10-16 11:35:52,490 [grpc-default-executor-4] INFO  impl.RoleInfo (RoleInfo.java:updateAndGet(143)) - 70b633f6-b230-4b9f-87f3-510da88f1e08: start FollowerState
2019-10-16 11:35:52,490 [grpc-default-executor-3] INFO  impl.RaftServerImpl (RaftServerImpl.java:setRole(184)) - f94c755f-9f95-40b5-85b9-5e712f3f34e7@group-B3673A53AB6F: changes role from  FOLLOWER to FOLLOWER at term 115 for recognizeCandidate:1ee6da7b-5867-4bad-ba0d-a2cfd13fd72a
2019-10-16 11:35:52,490 [Thread-1798] INFO  impl.FollowerState (FollowerState.java:run(117)) - 70b633f6-b230-4b9f-87f3-510da88f1e08@group-2077DD483DC7-FollowerState was interrupted: java.lang.InterruptedException: sleep interrupted
2019-10-16 11:35:52,490 [grpc-default-executor-3] INFO  impl.RoleInfo (RoleInfo.java:shutdownFollowerState(121)) - f94c755f-9f95-40b5-85b9-5e712f3f34e7: shutdown FollowerState
2019-10-16 11:35:52,490 [grpc-default-executor-3] INFO  impl.RoleInfo (RoleInfo.java:updateAndGet(143)) - f94c755f-9f95-40b5-85b9-5e712f3f34e7: start FollowerState
2019-10-16 11:35:52,490 [grpc-default-executor-5] INFO  impl.RaftServerImpl (RaftServerImpl.java:setRole(184)) - 163587bb-2c3b-4498-b576-18147cf38274@group-2077DD483DC7: changes role from  FOLLOWER to FOLLOWER at term 108 for recognizeCandidate:a3132885-145f-4a8c-85f4-c10eb874732d
2019-10-16 11:35:52,491 [grpc-default-executor-5] INFO  impl.RoleInfo (RoleInfo.java:shutdownFollowerState(121)) - 163587bb-2c3b-4498-b576-18147cf38274: shutdown FollowerState
2019-10-16 11:35:52,491 [grpc-default-executor-5] INFO  impl.RoleInfo (RoleInfo.java:updateAndGet(143)) - 163587bb-2c3b-4498-b576-18147cf38274: start FollowerState
2019-10-16 11:35:52,490 [Thread-1805] INFO  impl.FollowerState (FollowerState.java:run(117)) - f94c755f-9f95-40b5-85b9-5e712f3f34e7@group-B3673A53AB6F-FollowerState was interrupted: java.lang.InterruptedException: sleep interrupted
2019-10-16 11:35:52,491 [Thread-1797] INFO  impl.FollowerState (FollowerState.java:run(117)) - 163587bb-2c3b-4498-b576-18147cf38274@group-2077DD483DC7-FollowerState was interrupted: java.lang.InterruptedException: sleep interrupted
2019-10-16 11:35:52,505 [a3132885-145f-4a8c-85f4-c10eb874732d@group-2077DD483DC7-LeaderElection215] INFO  impl.LeaderElection (LeaderElection.java:logAndReturn(56)) - a3132885-145f-4a8c-85f4-c10eb874732d@group-2077DD483DC7-LeaderElection215: Election REJECTED; received 2 response(s) [a3132885-145f-4a8c-85f4-c10eb874732d<-163587bb-2c3b-4498-b576-18147cf38274#0:FAIL-t108, a3132885-145f-4a8c-85f4-c10eb874732d<-70b633f6-b230-4b9f-87f3-510da88f1e08#0:FAIL-t108] and 0 exception(s); a3132885-145f-4a8c-85f4-c10eb874732d@group-2077DD483DC7:t108, leader=null, voted=a3132885-145f-4a8c-85f4-c10eb874732d, raftlog=a3132885-145f-4a8c-85f4-c10eb874732d@group-2077DD483DC7-SegmentedRaftLog:OPENED:c-1,f-1,i0, conf=-1: [163587bb-2c3b-4498-b576-18147cf38274:192.168.157.203:33208, a3132885-145f-4a8c-85f4-c10eb874732d:192.168.157.203:46766, 70b633f6-b230-4b9f-87f3-510da88f1e08:192.168.157.203:43163], old=null
2019-10-16 11:35:52,505 [1ee6da7b-5867-4bad-ba0d-a2cfd13fd72a@group-B3673A53AB6F-LeaderElection214] INFO  impl.LeaderElection (LeaderElection.java:logAndReturn(56)) - 1ee6da7b-5867-4bad-ba0d-a2cfd13fd72a@group-B3673A53AB6F-LeaderElection214: Election REJECTED; received 2 response(s) [1ee6da7b-5867-4bad-ba0d-a2cfd13fd72a<-f94c755f-9f95-40b5-85b9-5e712f3f34e7#0:FAIL-t115, 1ee6da7b-5867-4bad-ba0d-a2cfd13fd72a<-4281bf39-36db-462c-8bc9-3c86cb645344#0:FAIL-t115] and 0 exception(s); 1ee6da7b-5867-4bad-ba0d-a2cfd13fd72a@group-B3673A53AB6F:t115, leader=null, voted=1ee6da7b-5867-4bad-ba0d-a2cfd13fd72a, raftlog=1ee6da7b-5867-4bad-ba0d-a2cfd13fd72a@group-B3673A53AB6F-SegmentedRaftLog:OPENED:c-1,f-1,i0, conf=-1: [f94c755f-9f95-40b5-85b9-5e712f3f34e7:192.168.157.203:45275, 1ee6da7b-5867-4bad-ba0d-a2cfd13fd72a:192.168.157.203:35892, 4281bf39-36db-462c-8bc9-3c86cb645344:192.168.157.203:42381], old=null
2019-10-16 11:35:52,505 [a3132885-145f-4a8c-85f4-c10eb874732d@group-2077DD483DC7-LeaderElection215] INFO  impl.RaftServerImpl (RaftServerImpl.java:setRole(184)) - a3132885-145f-4a8c-85f4-c10eb874732d@group-2077DD483DC7: changes role from CANDIDATE to FOLLOWER at term 108 for DISCOVERED_A_NEW_TERM
2019-10-16 11:35:52,505 [1ee6da7b-5867-4bad-ba0d-a2cfd13fd72a@group-B3673A53AB6F-LeaderElection214] INFO  impl.RaftServerImpl (RaftServerImpl.java:setRole(184)) - 1ee6da7b-5867-4bad-ba0d-a2cfd13fd72a@group-B3673A53AB6F: changes role from CANDIDATE to FOLLOWER at term 115 for DISCOVERED_A_NEW_TERM
2019-10-16 11:35:52,506 [a3132885-145f-4a8c-85f4-c10eb874732d@group-2077DD483DC7-LeaderElection215] INFO  impl.RoleInfo (RoleInfo.java:shutdownLeaderElection(134)) - a3132885-145f-4a8c-85f4-c10eb874732d: shutdown LeaderElection
2019-10-16 11:35:52,506 [1ee6da7b-5867-4bad-ba0d-a2cfd13fd72a@group-B3673A53AB6F-LeaderElection214] INFO  impl.RoleInfo (RoleInfo.java:shutdownLeaderElection(134)) - 1ee6da7b-5867-4bad-ba0d-a2cfd13fd72a: shutdown LeaderElection
2019-10-16 11:35:52,506 [a3132885-145f-4a8c-85f4-c10eb874732d@group-2077DD483DC7-LeaderElection215] INFO  impl.RoleInfo (RoleInfo.java:updateAndGet(143)) - a3132885-145f-4a8c-85f4-c10eb874732d: start FollowerState
2019-10-16 11:35:52,506 [1ee6da7b-5867-4bad-ba0d-a2cfd13fd72a@group-B3673A53AB6F-LeaderElection214] INFO  impl.RoleInfo (RoleInfo.java:updateAndGet(143)) - 1ee6da7b-5867-4bad-ba0d-a2cfd13fd72a: start FollowerState
2019-10-16 11:35:52,510 [Thread-1817] INFO  impl.FollowerState (FollowerState.java:run(108)) - 1ee6da7b-5867-4bad-ba0d-a2cfd13fd72a@group-B3673A53AB6F-FollowerState: change to CANDIDATE, lastRpcTime:4ms, electionTimeout:4ms
2019-10-16 11:35:52,511 [Thread-1817] INFO  impl.RoleInfo (RoleInfo.java:shutdownFollowerState(121)) - 1ee6da7b-5867-4bad-ba0d-a2cfd13fd72a: shutdown FollowerState
2019-10-16 11:35:52,511 [Thread-1817] INFO  impl.RaftServerImpl (RaftServerImpl.java:setRole(184)) - 1ee6da7b-5867-4bad-ba0d-a2cfd13fd72a@group-B3673A53AB6F: changes role from  FOLLOWER to CANDIDATE at term 115 for changeToCandidate
2019-10-16 11:35:52,511 [Thread-1817] INFO  impl.RoleInfo (RoleInfo.java:updateAndGet(143)) - 1ee6da7b-5867-4bad-ba0d-a2cfd13fd72a: start LeaderElection
2019-10-16 11:35:52,521 [1ee6da7b-5867-4bad-ba0d-a2cfd13fd72a@group-B3673A53AB6F-LeaderElection216] INFO  impl.LeaderElection (LeaderElection.java:askForVotes(178)) - 1ee6da7b-5867-4bad-ba0d-a2cfd13fd72a@group-B3673A53AB6F-LeaderElection216: begin an election at term 116 for -1: [f94c755f-9f95-40b5-85b9-5e712f3f34e7:192.168.157.203:45275, 1ee6da7b-5867-4bad-ba0d-a2cfd13fd72a:192.168.157.203:35892, 4281bf39-36db-462c-8bc9-3c86cb645344:192.168.157.203:42381], old=null
2019-10-16 11:35:52,523 [grpc-default-executor-4] INFO  impl.RaftServerImpl (RaftServerImpl.java:setRole(184)) - f94c755f-9f95-40b5-85b9-5e712f3f34e7@group-B3673A53AB6F: changes role from  FOLLOWER to FOLLOWER at term 116 for recognizeCandidate:1ee6da7b-5867-4bad-ba0d-a2cfd13fd72a
2019-10-16 11:35:52,523 [grpc-default-executor-4] INFO  impl.RoleInfo (RoleInfo.java:shutdownFollowerState(121)) - f94c755f-9f95-40b5-85b9-5e712f3f34e7: shutdown FollowerState
2019-10-16 11:35:52,523 [grpc-default-executor-3] INFO  impl.RaftServerImpl (RaftServerImpl.java:setRole(184)) - 4281bf39-36db-462c-8bc9-3c86cb645344@group-B3673A53AB6F: changes role from  FOLLOWER to FOLLOWER at term 116 for recognizeCandidate:1ee6da7b-5867-4bad-ba0d-a2cfd13fd72a
2019-10-16 11:35:52,523 [Thread-1814] INFO  impl.FollowerState (FollowerState.java:run(117)) - f94c755f-9f95-40b5-85b9-5e712f3f34e7@group-B3673A53AB6F-FollowerState was interrupted: java.lang.InterruptedException: sleep interrupted
2019-10-16 11:35:52,523 [grpc-default-executor-4] INFO  impl.RoleInfo (RoleInfo.java:updateAndGet(143)) - f94c755f-9f95-40b5-85b9-5e712f3f34e7: start FollowerState
2019-10-16 11:35:52,523 [grpc-default-executor-3] INFO  impl.RoleInfo (RoleInfo.java:shutdownFollowerState(121)) - 4281bf39-36db-462c-8bc9-3c86cb645344: shutdown FollowerState
2019-10-16 11:35:52,524 [grpc-default-executor-3] INFO  impl.RoleInfo (RoleInfo.java:updateAndGet(143)) - 4281bf39-36db-462c-8bc9-3c86cb645344: start FollowerState
2019-10-16 11:35:52,524 [Thread-1812] INFO  impl.FollowerState (FollowerState.java:run(117)) - 4281bf39-36db-462c-8bc9-3c86cb645344@group-B3673A53AB6F-FollowerState was interrupted: java.lang.InterruptedException: sleep interrupted
2019-10-16 11:35:52,539 [1ee6da7b-5867-4bad-ba0d-a2cfd13fd72a@group-B3673A53AB6F-LeaderElection216] INFO  impl.LeaderElection (LeaderElection.java:logAndReturn(56)) - 1ee6da7b-5867-4bad-ba0d-a2cfd13fd72a@group-B3673A53AB6F-LeaderElection216: Election REJECTED; received 2 response(s) [1ee6da7b-5867-4bad-ba0d-a2cfd13fd72a<-f94c755f-9f95-40b5-85b9-5e712f3f34e7#0:FAIL-t116, 1ee6da7b-5867-4bad-ba0d-a2cfd13fd72a<-4281bf39-36db-462c-8bc9-3c86cb645344#0:FAIL-t116] and 0 exception(s); 1ee6da7b-5867-4bad-ba0d-a2cfd13fd72a@group-B3673A53AB6F:t116, leader=null, voted=1ee6da7b-5867-4bad-ba0d-a2cfd13fd72a, raftlog=1ee6da7b-5867-4bad-ba0d-a2cfd13fd72a@group-B3673A53AB6F-SegmentedRaftLog:OPENED:c-1,f-1,i0, conf=-1: [f94c755f-9f95-40b5-85b9-5e712f3f34e7:192.168.157.203:45275, 1ee6da7b-5867-4bad-ba0d-a2cfd13fd72a:192.168.157.203:35892, 4281bf39-36db-462c-8bc9-3c86cb645344:192.168.157.203:42381], old=null
2019-10-16 11:35:52,540 [1ee6da7b-5867-4bad-ba0d-a2cfd13fd72a@group-B3673A53AB6F-LeaderElection216] INFO  impl.RaftServerImpl (RaftServerImpl.java:setRole(184)) - 1ee6da7b-5867-4bad-ba0d-a2cfd13fd72a@group-B3673A53AB6F: changes role from CANDIDATE to FOLLOWER at term 116 for DISCOVERED_A_NEW_TERM
2019-10-16 11:35:52,540 [1ee6da7b-5867-4bad-ba0d-a2cfd13fd72a@group-B3673A53AB6F-LeaderElection216] INFO  impl.RoleInfo (RoleInfo.java:shutdownLeaderElection(134)) - 1ee6da7b-5867-4bad-ba0d-a2cfd13fd72a: shutdown LeaderElection
2019-10-16 11:35:52,540 [1ee6da7b-5867-4bad-ba0d-a2cfd13fd72a@group-B3673A53AB6F-LeaderElection216] INFO  impl.RoleInfo (RoleInfo.java:updateAndGet(143)) - 1ee6da7b-5867-4bad-ba0d-a2cfd13fd72a: start FollowerState
2019-10-16 11:35:52,624 [Thread-1816] INFO  impl.FollowerState (FollowerState.java:run(108)) - a3132885-145f-4a8c-85f4-c10eb874732d@group-2077DD483DC7-FollowerState: change to CANDIDATE, lastRpcTime:118ms, electionTimeout:118ms
2019-10-16 11:35:52,625 [Thread-1816] INFO  impl.RoleInfo (RoleInfo.java:shutdownFollowerState(121)) - a3132885-145f-4a8c-85f4-c10eb874732d: shutdown FollowerState
2019-10-16 11:35:52,625 [Thread-1816] INFO  impl.RaftServerImpl (RaftServerImpl.java:setRole(184)) - a3132885-145f-4a8c-85f4-c10eb874732d@group-2077DD483DC7: changes role from  FOLLOWER to CANDIDATE at term 108 for changeToCandidate
2019-10-16 11:35:52,625 [Thread-1816] INFO  impl.RoleInfo (RoleInfo.java:updateAndGet(143)) - a3132885-145f-4a8c-85f4-c10eb874732d: start LeaderElection
2019-10-16 11:35:52,635 [a3132885-145f-4a8c-85f4-c10eb874732d@group-2077DD483DC7-LeaderElection217] INFO  impl.LeaderElection (LeaderElection.java:askForVotes(178)) - a3132885-145f-4a8c-85f4-c10eb874732d@group-2077DD483DC7-LeaderElection217: begin an election at term 109 for -1: [163587bb-2c3b-4498-b576-18147cf38274:192.168.157.203:33208, a3132885-145f-4a8c-85f4-c10eb874732d:192.168.157.203:46766, 70b633f6-b230-4b9f-87f3-510da88f1e08:192.168.157.203:43163], old=null
2019-10-16 11:35:52,637 [grpc-default-executor-4] INFO  impl.RaftServerImpl (RaftServerImpl.java:setRole(184)) - 70b633f6-b230-4b9f-87f3-510da88f1e08@group-2077DD483DC7: changes role from  FOLLOWER to FOLLOWER at term 109 for recognizeCandidate:a3132885-145f-4a8c-85f4-c10eb874732d
2019-10-16 11:35:52,637 [grpc-default-executor-4] INFO  impl.RoleInfo (RoleInfo.java:shutdownFollowerState(121)) - 70b633f6-b230-4b9f-87f3-510da88f1e08: shutdown FollowerState
2019-10-16 11:35:52,637 [grpc-default-executor-3] INFO  impl.RaftServerImpl (RaftServerImpl.java:setRole(184)) - 163587bb-2c3b-4498-b576-18147cf38274@group-2077DD483DC7: changes role from  FOLLOWER to FOLLOWER at term 109 for recognizeCandidate:a3132885-145f-4a8c-85f4-c10eb874732d
2019-10-16 11:35:52,638 [Thread-1813] INFO  impl.FollowerState (FollowerState.java:run(117)) - 70b633f6-b230-4b9f-87f3-510da88f1e08@group-2077DD483DC7-FollowerState was interrupted: java.lang.InterruptedException: sleep interrupted
2019-10-16 11:35:52,638 [grpc-default-executor-4] INFO  impl.RoleInfo (RoleInfo.java:updateAndGet(143)) - 70b633f6-b230-4b9f-87f3-510da88f1e08: start FollowerState
2019-10-16 11:35:52,638 [grpc-default-executor-3] INFO  impl.RoleInfo (RoleInfo.java:shutdownFollowerState(121)) - 163587bb-2c3b-4498-b576-18147cf38274: shutdown FollowerState
2019-10-16 11:35:52,638 [Thread-1815] INFO  impl.FollowerState (FollowerState.java:run(117)) - 163587bb-2c3b-4498-b576-18147cf38274@group-2077DD483DC7-FollowerState was interrupted: java.lang.InterruptedException: sleep interrupted
2019-10-16 11:35:52,638 [grpc-default-executor-3] INFO  impl.RoleInfo (RoleInfo.java:updateAndGet(143)) - 163587bb-2c3b-4498-b576-18147cf38274: start FollowerState
2019-10-16 11:35:52,644 [a3132885-145f-4a8c-85f4-c10eb874732d@group-2077DD483DC7-LeaderElection217] INFO  impl.LeaderElection (LeaderElection.java:logAndReturn(56)) - a3132885-145f-4a8c-85f4-c10eb874732d@group-2077DD483DC7-LeaderElection217: Election REJECTED; received 2 response(s) [a3132885-145f-4a8c-85f4-c10eb874732d<-163587bb-2c3b-4498-b576-18147cf38274#0:FAIL-t109, a3132885-145f-4a8c-85f4-c10eb874732d<-70b633f6-b230-4b9f-87f3-510da88f1e08#0:FAIL-t109] and 0 exception(s); a3132885-145f-4a8c-85f4-c10eb874732d@group-2077DD483DC7:t109, leader=null, voted=a3132885-145f-4a8c-85f4-c10eb874732d, raftlog=a3132885-145f-4a8c-85f4-c10eb874732d@group-2077DD483DC7-SegmentedRaftLog:OPENED:c-1,f-1,i0, conf=-1: [163587bb-2c3b-4498-b576-18147cf38274:192.168.157.203:33208, a3132885-145f-4a8c-85f4-c10eb874732d:192.168.157.203:46766, 70b633f6-b230-4b9f-87f3-510da88f1e08:192.168.157.203:43163], old=null
2019-10-16 11:35:52,644 [a3132885-145f-4a8c-85f4-c10eb874732d@group-2077DD483DC7-LeaderElection217] INFO  impl.RaftServerImpl (RaftServerImpl.java:setRole(184)) - a3132885-145f-4a8c-85f4-c10eb874732d@group-2077DD483DC7: changes role from CANDIDATE to FOLLOWER at term 109 for DISCOVERED_A_NEW_TERM
2019-10-16 11:35:52,644 [a3132885-145f-4a8c-85f4-c10eb874732d@group-2077DD483DC7-LeaderElection217] INFO  impl.RoleInfo (RoleInfo.java:shutdownLeaderElection(134)) - a3132885-145f-4a8c-85f4-c10eb874732d: shutdown LeaderElection
2019-10-16 11:35:52,644 [a3132885-145f-4a8c-85f4-c10eb874732d@group-2077DD483DC7-LeaderElection217] INFO  impl.RoleInfo (RoleInfo.java:updateAndGet(143)) - a3132885-145f-4a8c-85f4-c10eb874732d: start FollowerState
2019-10-16 11:35:52,658 [Thread-1823] INFO  impl.FollowerState (FollowerState.java:run(108)) - 1ee6da7b-5867-4bad-ba0d-a2cfd13fd72a@group-B3673A53AB6F-FollowerState: change to CANDIDATE, lastRpcTime:118ms, electionTimeout:118ms
2019-10-16 11:35:52,658 [Thread-1823] INFO  impl.RoleInfo (RoleInfo.java:shutdownFollowerState(121)) - 1ee6da7b-5867-4bad-ba0d-a2cfd13fd72a: shutdown FollowerState
2019-10-16 11:35:52,658 [Thread-1823] INFO  impl.RaftServerImpl (RaftServerImpl.java:setRole(184)) - 1ee6da7b-5867-4bad-ba0d-a2cfd13fd72a@group-B3673A53AB6F: changes role from  FOLLOWER to CANDIDATE at term 116 for changeToCandidate
2019-10-16 11:35:52,659 [Thread-1823] INFO  impl.RoleInfo (RoleInfo.java:updateAndGet(143)) - 1ee6da7b-5867-4bad-ba0d-a2cfd13fd72a: start LeaderElection
2019-10-16 11:35:52,662 [1ee6da7b-5867-4bad-ba0d-a2cfd13fd72a@group-B3673A53AB6F-LeaderElection218] INFO  impl.LeaderElection (LeaderElection.java:askForVotes(178)) - 1ee6da7b-5867-4bad-ba0d-a2cfd13fd72a@group-B3673A53AB6F-LeaderElection218: begin an election at term 117 for -1: [f94c755f-9f95-40b5-85b9-5e712f3f34e7:192.168.157.203:45275, 1ee6da7b-5867-4bad-ba0d-a2cfd13fd72a:192.168.157.203:35892, 4281bf39-36db-462c-8bc9-3c86cb645344:192.168.157.203:42381], old=null
2019-10-16 11:35:52,664 [grpc-default-executor-3] INFO  impl.RaftServerImpl (RaftServerImpl.java:setRole(184)) - f94c755f-9f95-40b5-85b9-5e712f3f34e7@group-B3673A53AB6F: changes role from  FOLLOWER to FOLLOWER at term 117 for recognizeCandidate:1ee6da7b-5867-4bad-ba0d-a2cfd13fd72a
2019-10-16 11:35:52,664 [grpc-default-executor-3] INFO  impl.RoleInfo (RoleInfo.java:shutdownFollowerState(121)) - f94c755f-9f95-40b5-85b9-5e712f3f34e7: shutdown FollowerState
2019-10-16 11:35:52,664 [grpc-default-executor-4] INFO  impl.RaftServerImpl (RaftServerImpl.java:setRole(184)) - 4281bf39-36db-462c-8bc9-3c86cb645344@group-B3673A53AB6F: changes role from  FOLLOWER to FOLLOWER at term 117 for recognizeCandidate:1ee6da7b-5867-4bad-ba0d-a2cfd13fd72a
2019-10-16 11:35:52,664 [grpc-default-executor-4] INFO  impl.RoleInfo (RoleInfo.java:shutdownFollowerState(121)) - 4281bf39-36db-462c-8bc9-3c86cb645344: shutdown FollowerState
2019-10-16 11:35:52,664 [Thread-1821] INFO  impl.FollowerState (FollowerState.java:run(117)) - f94c755f-9f95-40b5-85b9-5e712f3f34e7@group-B3673A53AB6F-FollowerState was interrupted: java.lang.InterruptedException: sleep interrupted
2019-10-16 11:35:52,664 [grpc-default-executor-3] INFO  impl.RoleInfo (RoleInfo.java:updateAndGet(143)) - f94c755f-9f95-40b5-85b9-5e712f3f34e7: start FollowerState
2019-10-16 11:35:52,665 [Thread-1822] INFO  impl.FollowerState (FollowerState.java:run(117)) - 4281bf39-36db-462c-8bc9-3c86cb645344@group-B3673A53AB6F-FollowerState was interrupted: java.lang.InterruptedException: sleep interrupted
2019-10-16 11:35:52,665 [grpc-default-executor-4] INFO  impl.RoleInfo (RoleInfo.java:updateAndGet(143)) - 4281bf39-36db-462c-8bc9-3c86cb645344: start FollowerState
2019-10-16 11:35:52,681 [1ee6da7b-5867-4bad-ba0d-a2cfd13fd72a@group-B3673A53AB6F-LeaderElection218] INFO  impl.LeaderElection (LeaderElection.java:logAndReturn(56)) - 1ee6da7b-5867-4bad-ba0d-a2cfd13fd72a@group-B3673A53AB6F-LeaderElection218: Election REJECTED; received 2 response(s) [1ee6da7b-5867-4bad-ba0d-a2cfd13fd72a<-f94c755f-9f95-40b5-85b9-5e712f3f34e7#0:FAIL-t117, 1ee6da7b-5867-4bad-ba0d-a2cfd13fd72a<-4281bf39-36db-462c-8bc9-3c86cb645344#0:FAIL-t117] and 0 exception(s); 1ee6da7b-5867-4bad-ba0d-a2cfd13fd72a@group-B3673A53AB6F:t117, leader=null, voted=1ee6da7b-5867-4bad-ba0d-a2cfd13fd72a, raftlog=1ee6da7b-5867-4bad-ba0d-a2cfd13fd72a@group-B3673A53AB6F-SegmentedRaftLog:OPENED:c-1,f-1,i0, conf=-1: [f94c755f-9f95-40b5-85b9-5e712f3f34e7:192.168.157.203:45275, 1ee6da7b-5867-4bad-ba0d-a2cfd13fd72a:192.168.157.203:35892, 4281bf39-36db-462c-8bc9-3c86cb645344:192.168.157.203:42381], old=null
2019-10-16 11:35:52,681 [1ee6da7b-5867-4bad-ba0d-a2cfd13fd72a@group-B3673A53AB6F-LeaderElection218] INFO  impl.RaftServerImpl (RaftServerImpl.java:setRole(184)) - 1ee6da7b-5867-4bad-ba0d-a2cfd13fd72a@group-B3673A53AB6F: changes role from CANDIDATE to FOLLOWER at term 117 for DISCOVERED_A_NEW_TERM
2019-10-16 11:35:52,681 [1ee6da7b-5867-4bad-ba0d-a2cfd13fd72a@group-B3673A53AB6F-LeaderElection218] INFO  impl.RoleInfo (RoleInfo.java:shutdownLeaderElection(134)) - 1ee6da7b-5867-4bad-ba0d-a2cfd13fd72a: shutdown LeaderElection
2019-10-16 11:35:52,681 [1ee6da7b-5867-4bad-ba0d-a2cfd13fd72a@group-B3673A53AB6F-LeaderElection218] INFO  impl.RoleInfo (RoleInfo.java:updateAndGet(143)) - 1ee6da7b-5867-4bad-ba0d-a2cfd13fd72a: start FollowerState
2019-10-16 11:35:52,757 [Thread-1835] INFO  impl.FollowerState (FollowerState.java:run(108)) - 1ee6da7b-5867-4bad-ba0d-a2cfd13fd72a@group-B3673A53AB6F-FollowerState: change to CANDIDATE, lastRpcTime:76ms, electionTimeout:76ms
2019-10-16 11:35:52,758 [Thread-1835] INFO  impl.RoleInfo (RoleInfo.java:shutdownFollowerState(121)) - 1ee6da7b-5867-4bad-ba0d-a2cfd13fd72a: shutdown FollowerState
2019-10-16 11:35:52,758 [Thread-1835] INFO  impl.RaftServerImpl (RaftServerImpl.java:setRole(184)) - 1ee6da7b-5867-4bad-ba0d-a2cfd13fd72a@group-B3673A53AB6F: changes role from  FOLLOWER to CANDIDATE at term 117 for changeToCandidate
2019-10-16 11:35:52,758 [Thread-1835] INFO  impl.RoleInfo (RoleInfo.java:updateAndGet(143)) - 1ee6da7b-5867-4bad-ba0d-a2cfd13fd72a: start LeaderElection
2019-10-16 11:35:52,771 [1ee6da7b-5867-4bad-ba0d-a2cfd13fd72a@group-B3673A53AB6F-LeaderElection219] INFO  impl.LeaderElection (LeaderElection.java:askForVotes(178)) - 1ee6da7b-5867-4bad-ba0d-a2cfd13fd72a@group-B3673A53AB6F-LeaderElection219: begin an election at term 118 for -1: [f94c755f-9f95-40b5-85b9-5e712f3f34e7:192.168.157.203:45275, 1ee6da7b-5867-4bad-ba0d-a2cfd13fd72a:192.168.157.203:35892, 4281bf39-36db-462c-8bc9-3c86cb645344:192.168.157.203:42381], old=null
2019-10-16 11:35:52,773 [grpc-default-executor-4] INFO  impl.RaftServerImpl (RaftServerImpl.java:setRole(184)) - f94c755f-9f95-40b5-85b9-5e712f3f34e7@group-B3673A53AB6F: changes role from  FOLLOWER to FOLLOWER at term 118 for recognizeCandidate:1ee6da7b-5867-4bad-ba0d-a2cfd13fd72a
2019-10-16 11:35:52,773 [grpc-default-executor-4] INFO  impl.RoleInfo (RoleInfo.java:shutdownFollowerState(121)) - f94c755f-9f95-40b5-85b9-5e712f3f34e7: shutdown FollowerState
2019-10-16 11:35:52,773 [grpc-default-executor-3] INFO  impl.RaftServerImpl (RaftServerImpl.java:setRole(184)) - 4281bf39-36db-462c-8bc9-3c86cb645344@group-B3673A53AB6F: changes role from  FOLLOWER to FOLLOWER at term 118 for recognizeCandidate:1ee6da7b-5867-4bad-ba0d-a2cfd13fd72a
2019-10-16 11:35:52,774 [Thread-1833] INFO  impl.FollowerState (FollowerState.java:run(117)) - f94c755f-9f95-40b5-85b9-5e712f3f34e7@group-B3673A53AB6F-FollowerState was interrupted: java.lang.InterruptedException: sleep interrupted
2019-10-16 11:35:52,774 [grpc-default-executor-4] INFO  impl.RoleInfo (RoleInfo.java:updateAndGet(143)) - f94c755f-9f95-40b5-85b9-5e712f3f34e7: start FollowerState
2019-10-16 11:35:52,774 [grpc-default-executor-3] INFO  impl.RoleInfo (RoleInfo.java:shutdownFollowerState(121)) - 4281bf39-36db-462c-8bc9-3c86cb645344: shutdown FollowerState
2019-10-16 11:35:52,774 [grpc-default-executor-3] INFO  impl.RoleInfo (RoleInfo.java:updateAndGet(143)) - 4281bf39-36db-462c-8bc9-3c86cb645344: start FollowerState
2019-10-16 11:35:52,774 [Thread-1834] INFO  impl.FollowerState (FollowerState.java:run(117)) - 4281bf39-36db-462c-8bc9-3c86cb645344@group-B3673A53AB6F-FollowerState was interrupted: java.lang.InterruptedException: sleep interrupted
2019-10-16 11:35:52,776 [1ee6da7b-5867-4bad-ba0d-a2cfd13fd72a@group-B3673A53AB6F-LeaderElection219] INFO  impl.LeaderElection (LeaderElection.java:logAndReturn(56)) - 1ee6da7b-5867-4bad-ba0d-a2cfd13fd72a@group-B3673A53AB6F-LeaderElection219: Election TIMEOUT; received 0 response(s) [] and 0 exception(s); 1ee6da7b-5867-4bad-ba0d-a2cfd13fd72a@group-B3673A53AB6F:t118, leader=null, voted=1ee6da7b-5867-4bad-ba0d-a2cfd13fd72a, raftlog=1ee6da7b-5867-4bad-ba0d-a2cfd13fd72a@group-B3673A53AB6F-SegmentedRaftLog:OPENED:c-1,f-1,i0, conf=-1: [f94c755f-9f95-40b5-85b9-5e712f3f34e7:192.168.157.203:45275, 1ee6da7b-5867-4bad-ba0d-a2cfd13fd72a:192.168.157.203:35892, 4281bf39-36db-462c-8bc9-3c86cb645344:192.168.157.203:42381], old=null
2019-10-16 11:35:52,789 [1ee6da7b-5867-4bad-ba0d-a2cfd13fd72a@group-B3673A53AB6F-LeaderElection219] INFO  impl.LeaderElection (LeaderElection.java:askForVotes(178)) - 1ee6da7b-5867-4bad-ba0d-a2cfd13fd72a@group-B3673A53AB6F-LeaderElection219: begin an election at term 119 for -1: [f94c755f-9f95-40b5-85b9-5e712f3f34e7:192.168.157.203:45275, 1ee6da7b-5867-4bad-ba0d-a2cfd13fd72a:192.168.157.203:35892, 4281bf39-36db-462c-8bc9-3c86cb645344:192.168.157.203:42381], old=null
2019-10-16 11:35:52,791 [grpc-default-executor-4] INFO  impl.RaftServerImpl (RaftServerImpl.java:setRole(184)) - f94c755f-9f95-40b5-85b9-5e712f3f34e7@group-B3673A53AB6F: changes role from  FOLLOWER to FOLLOWER at term 119 for recognizeCandidate:1ee6da7b-5867-4bad-ba0d-a2cfd13fd72a
2019-10-16 11:35:52,791 [grpc-default-executor-4] INFO  impl.RoleInfo (RoleInfo.java:shutdownFollowerState(121)) - f94c755f-9f95-40b5-85b9-5e712f3f34e7: shutdown FollowerState
2019-10-16 11:35:52,791 [grpc-default-executor-3] INFO  impl.RaftServerImpl (RaftServerImpl.java:setRole(184)) - 4281bf39-36db-462c-8bc9-3c86cb645344@group-B3673A53AB6F: changes role from  FOLLOWER to FOLLOWER at term 119 for recognizeCandidate:1ee6da7b-5867-4bad-ba0d-a2cfd13fd72a
2019-10-16 11:35:52,792 [Thread-1839] INFO  impl.FollowerState (FollowerState.java:run(117)) - f94c755f-9f95-40b5-85b9-5e712f3f34e7@group-B3673A53AB6F-FollowerState was interrupted: java.lang.InterruptedException: sleep interrupted
2019-10-16 11:35:52,792 [grpc-default-executor-4] INFO  impl.RoleInfo (RoleInfo.java:updateAndGet(143)) - f94c755f-9f95-40b5-85b9-5e712f3f34e7: start FollowerState
2019-10-16 11:35:52,792 [grpc-default-executor-3] INFO  impl.RoleInfo (RoleInfo.java:shutdownFollowerState(121)) - 4281bf39-36db-462c-8bc9-3c86cb645344: shutdown FollowerState
2019-10-16 11:35:52,792 [grpc-default-executor-3] INFO  impl.RoleInfo (RoleInfo.java:updateAndGet(143)) - 4281bf39-36db-462c-8bc9-3c86cb645344: start FollowerState
2019-10-16 11:35:52,792 [Thread-1840] INFO  impl.FollowerState (FollowerState.java:run(117)) - 4281bf39-36db-462c-8bc9-3c86cb645344@group-B3673A53AB6F-FollowerState was interrupted: java.lang.InterruptedException: sleep interrupted
2019-10-16 11:35:52,801 [1ee6da7b-5867-4bad-ba0d-a2cfd13fd72a@group-B3673A53AB6F-LeaderElection219] INFO  impl.LeaderElection (LeaderElection.java:logAndReturn(56)) - 1ee6da7b-5867-4bad-ba0d-a2cfd13fd72a@group-B3673A53AB6F-LeaderElection219: Election REJECTED; received 2 response(s) [1ee6da7b-5867-4bad-ba0d-a2cfd13fd72a<-f94c755f-9f95-40b5-85b9-5e712f3f34e7#0:FAIL-t119, 1ee6da7b-5867-4bad-ba0d-a2cfd13fd72a<-4281bf39-36db-462c-8bc9-3c86cb645344#0:FAIL-t119] and 0 exception(s); 1ee6da7b-5867-4bad-ba0d-a2cfd13fd72a@group-B3673A53AB6F:t119, leader=null, voted=1ee6da7b-5867-4bad-ba0d-a2cfd13fd72a, raftlog=1ee6da7b-5867-4bad-ba0d-a2cfd13fd72a@group-B3673A53AB6F-SegmentedRaftLog:OPENED:c-1,f-1,i0, conf=-1: [f94c755f-9f95-40b5-85b9-5e712f3f34e7:192.168.157.203:45275, 1ee6da7b-5867-4bad-ba0d-a2cfd13fd72a:192.168.157.203:35892, 4281bf39-36db-462c-8bc9-3c86cb645344:192.168.157.203:42381], old=null
2019-10-16 11:35:52,802 [1ee6da7b-5867-4bad-ba0d-a2cfd13fd72a@group-B3673A53AB6F-LeaderElection219] INFO  impl.RaftServerImpl (RaftServerImpl.java:setRole(184)) - 1ee6da7b-5867-4bad-ba0d-a2cfd13fd72a@group-B3673A53AB6F: changes role from CANDIDATE to FOLLOWER at term 119 for DISCOVERED_A_NEW_TERM
2019-10-16 11:35:52,802 [1ee6da7b-5867-4bad-ba0d-a2cfd13fd72a@group-B3673A53AB6F-LeaderElection219] INFO  impl.RoleInfo (RoleInfo.java:shutdownLeaderElection(134)) - 1ee6da7b-5867-4bad-ba0d-a2cfd13fd72a: shutdown LeaderElection
2019-10-16 11:35:52,802 [1ee6da7b-5867-4bad-ba0d-a2cfd13fd72a@group-B3673A53AB6F-LeaderElection219] INFO  impl.RoleInfo (RoleInfo.java:updateAndGet(143)) - 1ee6da7b-5867-4bad-ba0d-a2cfd13fd72a: start FollowerState
2019-10-16 11:35:52,841 [Thread-1829] INFO  impl.FollowerState (FollowerState.java:run(108)) - a3132885-145f-4a8c-85f4-c10eb874732d@group-2077DD483DC7-FollowerState: change to CANDIDATE, lastRpcTime:196ms, electionTimeout:196ms
2019-10-16 11:35:52,841 [Thread-1829] INFO  impl.RoleInfo (RoleInfo.java:shutdownFollowerState(121)) - a3132885-145f-4a8c-85f4-c10eb874732d: shutdown FollowerState
2019-10-16 11:35:52,841 [Thread-1829] INFO  impl.RaftServerImpl (RaftServerImpl.java:setRole(184)) - a3132885-145f-4a8c-85f4-c10eb874732d@group-2077DD483DC7: changes role from  FOLLOWER to CANDIDATE at term 109 for changeToCandidate
2019-10-16 11:35:52,841 [Thread-1829] INFO  impl.RoleInfo (RoleInfo.java:updateAndGet(143)) - a3132885-145f-4a8c-85f4-c10eb874732d: start LeaderElection
2019-10-16 11:35:52,855 [a3132885-145f-4a8c-85f4-c10eb874732d@group-2077DD483DC7-LeaderElection220] INFO  impl.LeaderElection (LeaderElection.java:askForVotes(178)) - a3132885-145f-4a8c-85f4-c10eb874732d@group-2077DD483DC7-LeaderElection220: begin an election at term 110 for -1: [163587bb-2c3b-4498-b576-18147cf38274:192.168.157.203:33208, a3132885-145f-4a8c-85f4-c10eb874732d:192.168.157.203:46766, 70b633f6-b230-4b9f-87f3-510da88f1e08:192.168.157.203:43163], old=null
2019-10-16 11:35:52,857 [a3132885-145f-4a8c-85f4-c10eb874732d@group-2077DD483DC7-LeaderElection220] INFO  impl.LeaderElection (LeaderElection.java:logAndReturn(56)) - a3132885-145f-4a8c-85f4-c10eb874732d@group-2077DD483DC7-LeaderElection220: Election TIMEOUT; received 0 response(s) [] and 0 exception(s); a3132885-145f-4a8c-85f4-c10eb874732d@group-2077DD483DC7:t110, leader=null, voted=a3132885-145f-4a8c-85f4-c10eb874732d, raftlog=a3132885-145f-4a8c-85f4-c10eb874732d@group-2077DD483DC7-SegmentedRaftLog:OPENED:c-1,f-1,i0, conf=-1: [163587bb-2c3b-4498-b576-18147cf38274:192.168.157.203:33208, a3132885-145f-4a8c-85f4-c10eb874732d:192.168.157.203:46766, 70b633f6-b230-4b9f-87f3-510da88f1e08:192.168.157.203:43163], old=null
2019-10-16 11:35:52,857 [grpc-default-executor-3] INFO  impl.RaftServerImpl (RaftServerImpl.java:setRole(184)) - 163587bb-2c3b-4498-b576-18147cf38274@group-2077DD483DC7: changes role from  FOLLOWER to FOLLOWER at term 110 for recognizeCandidate:a3132885-145f-4a8c-85f4-c10eb874732d
2019-10-16 11:35:52,857 [grpc-default-executor-4] INFO  impl.RaftServerImpl (RaftServerImpl.java:setRole(184)) - 70b633f6-b230-4b9f-87f3-510da88f1e08@group-2077DD483DC7: changes role from  FOLLOWER to FOLLOWER at term 110 for recognizeCandidate:a3132885-145f-4a8c-85f4-c10eb874732d
2019-10-16 11:35:52,857 [grpc-default-executor-3] INFO  impl.RoleInfo (RoleInfo.java:shutdownFollowerState(121)) - 163587bb-2c3b-4498-b576-18147cf38274: shutdown FollowerState
2019-10-16 11:35:52,857 [grpc-default-executor-4] INFO  impl.RoleInfo (RoleInfo.java:shutdownFollowerState(121)) - 70b633f6-b230-4b9f-87f3-510da88f1e08: shutdown FollowerState
2019-10-16 11:35:52,858 [Thread-1828] INFO  impl.FollowerState (FollowerState.java:run(117)) - 163587bb-2c3b-4498-b576-18147cf38274@group-2077DD483DC7-FollowerState was interrupted: java.lang.InterruptedException: sleep interrupted
2019-10-16 11:35:52,858 [Thread-1827] INFO  impl.FollowerState (FollowerState.java:run(117)) - 70b633f6-b230-4b9f-87f3-510da88f1e08@group-2077DD483DC7-FollowerState was interrupted: java.lang.InterruptedException: sleep interrupted
2019-10-16 11:35:52,858 [grpc-default-executor-3] INFO  impl.RoleInfo (RoleInfo.java:updateAndGet(143)) - 163587bb-2c3b-4498-b576-18147cf38274: start FollowerState
2019-10-16 11:35:52,858 [grpc-default-executor-4] INFO  impl.RoleInfo (RoleInfo.java:updateAndGet(143)) - 70b633f6-b230-4b9f-87f3-510da88f1e08: start FollowerState
2019-10-16 11:35:52,873 [a3132885-145f-4a8c-85f4-c10eb874732d@group-2077DD483DC7-LeaderElection220] INFO  impl.LeaderElection (LeaderElection.java:askForVotes(178)) - a3132885-145f-4a8c-85f4-c10eb874732d@group-2077DD483DC7-LeaderElection220: begin an election at term 111 for -1: [163587bb-2c3b-4498-b576-18147cf38274:192.168.157.203:33208, a3132885-145f-4a8c-85f4-c10eb874732d:192.168.157.203:46766, 70b633f6-b230-4b9f-87f3-510da88f1e08:192.168.157.203:43163], old=null
2019-10-16 11:35:52,874 [grpc-default-executor-3] INFO  impl.RaftServerImpl (RaftServerImpl.java:setRole(184)) - 163587bb-2c3b-4498-b576-18147cf38274@group-2077DD483DC7: changes role from  FOLLOWER to FOLLOWER at term 111 for recognizeCandidate:a3132885-145f-4a8c-85f4-c10eb874732d
2019-10-16 11:35:52,874 [grpc-default-executor-3] INFO  impl.RoleInfo (RoleInfo.java:shutdownFollowerState(121)) - 163587bb-2c3b-4498-b576-18147cf38274: shutdown FollowerState
2019-10-16 11:35:52,874 [grpc-default-executor-3] INFO  impl.RoleInfo (RoleInfo.java:updateAndGet(143)) - 163587bb-2c3b-4498-b576-18147cf38274: start FollowerState
2019-10-16 11:35:52,874 [Thread-1849] INFO  impl.FollowerState (FollowerState.java:run(117)) - 163587bb-2c3b-4498-b576-18147cf38274@group-2077DD483DC7-FollowerState was interrupted: java.lang.InterruptedException: sleep interrupted
2019-10-16 11:35:52,874 [grpc-default-executor-4] INFO  impl.RaftServerImpl (RaftServerImpl.java:setRole(184)) - 70b633f6-b230-4b9f-87f3-510da88f1e08@group-2077DD483DC7: changes role from  FOLLOWER to FOLLOWER at term 111 for recognizeCandidate:a3132885-145f-4a8c-85f4-c10eb874732d
2019-10-16 11:35:52,875 [grpc-default-executor-4] INFO  impl.RoleInfo (RoleInfo.java:shutdownFollowerState(121)) - 70b633f6-b230-4b9f-87f3-510da88f1e08: shutdown FollowerState
2019-10-16 11:35:52,875 [grpc-default-executor-4] INFO  impl.RoleInfo (RoleInfo.java:updateAndGet(143)) - 70b633f6-b230-4b9f-87f3-510da88f1e08: start FollowerState
2019-10-16 11:35:52,875 [Thread-1850] INFO  impl.FollowerState (FollowerState.java:run(117)) - 70b633f6-b230-4b9f-87f3-510da88f1e08@group-2077DD483DC7-FollowerState was interrupted: java.lang.InterruptedException: sleep interrupted
2019-10-16 11:35:52,887 [a3132885-145f-4a8c-85f4-c10eb874732d@group-2077DD483DC7-LeaderElection220] INFO  impl.LeaderElection (LeaderElection.java:logAndReturn(56)) - a3132885-145f-4a8c-85f4-c10eb874732d@group-2077DD483DC7-LeaderElection220: Election REJECTED; received 2 response(s) [a3132885-145f-4a8c-85f4-c10eb874732d<-163587bb-2c3b-4498-b576-18147cf38274#0:FAIL-t111, a3132885-145f-4a8c-85f4-c10eb874732d<-70b633f6-b230-4b9f-87f3-510da88f1e08#0:FAIL-t111] and 0 exception(s); a3132885-145f-4a8c-85f4-c10eb874732d@group-2077DD483DC7:t111, leader=null, voted=a3132885-145f-4a8c-85f4-c10eb874732d, raftlog=a3132885-145f-4a8c-85f4-c10eb874732d@group-2077DD483DC7-SegmentedRaftLog:OPENED:c-1,f-1,i0, conf=-1: [163587bb-2c3b-4498-b576-18147cf38274:192.168.157.203:33208, a3132885-145f-4a8c-85f4-c10eb874732d:192.168.157.203:46766, 70b633f6-b230-4b9f-87f3-510da88f1e08:192.168.157.203:43163], old=null
2019-10-16 11:35:52,887 [a3132885-145f-4a8c-85f4-c10eb874732d@group-2077DD483DC7-LeaderElection220] INFO  impl.RaftServerImpl (RaftServerImpl.java:setRole(184)) - a3132885-145f-4a8c-85f4-c10eb874732d@group-2077DD483DC7: changes role from CANDIDATE to FOLLOWER at term 111 for DISCOVERED_A_NEW_TERM
2019-10-16 11:35:52,888 [a3132885-145f-4a8c-85f4-c10eb874732d@group-2077DD483DC7-LeaderElection220] INFO  impl.RoleInfo (RoleInfo.java:shutdownLeaderElection(134)) - a3132885-145f-4a8c-85f4-c10eb874732d: shutdown LeaderElection
2019-10-16 11:35:52,888 [a3132885-145f-4a8c-85f4-c10eb874732d@group-2077DD483DC7-LeaderElection220] INFO  impl.RoleInfo (RoleInfo.java:updateAndGet(143)) - a3132885-145f-4a8c-85f4-c10eb874732d: start FollowerState
2019-10-16 11:35:52,961 [Thread-1856] INFO  impl.FollowerState (FollowerState.java:run(108)) - a3132885-145f-4a8c-85f4-c10eb874732d@group-2077DD483DC7-FollowerState: change to CANDIDATE, lastRpcTime:73ms, electionTimeout:73ms
2019-10-16 11:35:52,961 [Thread-1856] INFO  impl.RoleInfo (RoleInfo.java:shutdownFollowerState(121)) - a3132885-145f-4a8c-85f4-c10eb874732d: shutdown FollowerState
2019-10-16 11:35:52,961 [Thread-1856] INFO  impl.RaftServerImpl (RaftServerImpl.java:setRole(184)) - a3132885-145f-4a8c-85f4-c10eb874732d@group-2077DD483DC7: changes role from  FOLLOWER to CANDIDATE at term 111 for changeToCandidate
2019-10-16 11:35:52,961 [Thread-1856] INFO  impl.RoleInfo (RoleInfo.java:updateAndGet(143)) - a3132885-145f-4a8c-85f4-c10eb874732d: start LeaderElection
2019-10-16 11:35:52,964 [Thread-1845] INFO  impl.FollowerState (FollowerState.java:run(108)) - 1ee6da7b-5867-4bad-ba0d-a2cfd13fd72a@group-B3673A53AB6F-FollowerState: change to CANDIDATE, lastRpcTime:162ms, electionTimeout:162ms
2019-10-16 11:35:52,965 [Thread-1845] INFO  impl.RoleInfo (RoleInfo.java:shutdownFollowerState(121)) - 1ee6da7b-5867-4bad-ba0d-a2cfd13fd72a: shutdown FollowerState
2019-10-16 11:35:52,965 [Thread-1845] INFO  impl.RaftServerImpl (RaftServerImpl.java:setRole(184)) - 1ee6da7b-5867-4bad-ba0d-a2cfd13fd72a@group-B3673A53AB6F: changes role from  FOLLOWER to CANDIDATE at term 119 for changeToCandidate
2019-10-16 11:35:52,965 [Thread-1845] INFO  impl.RoleInfo (RoleInfo.java:updateAndGet(143)) - 1ee6da7b-5867-4bad-ba0d-a2cfd13fd72a: start LeaderElection
2019-10-16 11:35:52,976 [1ee6da7b-5867-4bad-ba0d-a2cfd13fd72a@group-B3673A53AB6F-LeaderElection222] INFO  impl.LeaderElection (LeaderElection.java:askForVotes(178)) - 1ee6da7b-5867-4bad-ba0d-a2cfd13fd72a@group-B3673A53AB6F-LeaderElection222: begin an election at term 120 for -1: [f94c755f-9f95-40b5-85b9-5e712f3f34e7:192.168.157.203:45275, 1ee6da7b-5867-4bad-ba0d-a2cfd13fd72a:192.168.157.203:35892, 4281bf39-36db-462c-8bc9-3c86cb645344:192.168.157.203:42381], old=null
2019-10-16 11:35:52,976 [a3132885-145f-4a8c-85f4-c10eb874732d@group-2077DD483DC7-LeaderElection221] INFO  impl.LeaderElection (LeaderElection.java:askForVotes(178)) - a3132885-145f-4a8c-85f4-c10eb874732d@group-2077DD483DC7-LeaderElection221: begin an election at term 112 for -1: [163587bb-2c3b-4498-b576-18147cf38274:192.168.157.203:33208, a3132885-145f-4a8c-85f4-c10eb874732d:192.168.157.203:46766, 70b633f6-b230-4b9f-87f3-510da88f1e08:192.168.157.203:43163], old=null
2019-10-16 11:35:52,978 [grpc-default-executor-3] INFO  impl.RaftServerImpl (RaftServerImpl.java:setRole(184)) - 4281bf39-36db-462c-8bc9-3c86cb645344@group-B3673A53AB6F: changes role from  FOLLOWER to FOLLOWER at term 120 for recognizeCandidate:1ee6da7b-5867-4bad-ba0d-a2cfd13fd72a
2019-10-16 11:35:52,978 [grpc-default-executor-3] INFO  impl.RoleInfo (RoleInfo.java:shutdownFollowerState(121)) - 4281bf39-36db-462c-8bc9-3c86cb645344: shutdown FollowerState
2019-10-16 11:35:52,978 [grpc-default-executor-4] INFO  impl.RaftServerImpl (RaftServerImpl.java:setRole(184)) - f94c755f-9f95-40b5-85b9-5e712f3f34e7@group-B3673A53AB6F: changes role from  FOLLOWER to FOLLOWER at term 120 for recognizeCandidate:1ee6da7b-5867-4bad-ba0d-a2cfd13fd72a
2019-10-16 11:35:52,978 [Thread-1844] INFO  impl.FollowerState (FollowerState.java:run(117)) - 4281bf39-36db-462c-8bc9-3c86cb645344@group-B3673A53AB6F-FollowerState was interrupted: java.lang.InterruptedException: sleep interrupted
2019-10-16 11:35:52,978 [grpc-default-executor-0] INFO  impl.RaftServerImpl (RaftServerImpl.java:setRole(184)) - 163587bb-2c3b-4498-b576-18147cf38274@group-2077DD483DC7: changes role from  FOLLOWER to FOLLOWER at term 112 for recognizeCandidate:a3132885-145f-4a8c-85f4-c10eb874732d
2019-10-16 11:35:52,978 [grpc-default-executor-5] INFO  impl.RaftServerImpl (RaftServerImpl.java:setRole(184)) - 70b633f6-b230-4b9f-87f3-510da88f1e08@group-2077DD483DC7: changes role from  FOLLOWER to FOLLOWER at term 112 for recognizeCandidate:a3132885-145f-4a8c-85f4-c10eb874732d
2019-10-16 11:35:52,978 [grpc-default-executor-3] INFO  impl.RoleInfo (RoleInfo.java:updateAndGet(143)) - 4281bf39-36db-462c-8bc9-3c86cb645344: start FollowerState
2019-10-16 11:35:52,979 [grpc-default-executor-5] INFO  impl.RoleInfo (RoleInfo.java:shutdownFollowerState(121)) - 70b633f6-b230-4b9f-87f3-510da88f1e08: shutdown FollowerState
2019-10-16 11:35:52,978 [grpc-default-executor-0] INFO  impl.RoleInfo (RoleInfo.java:shutdownFollowerState(121)) - 163587bb-2c3b-4498-b576-18147cf38274: shutdown FollowerState
2019-10-16 11:35:52,978 [grpc-default-executor-4] INFO  impl.RoleInfo (RoleInfo.java:shutdownFollowerState(121)) - f94c755f-9f95-40b5-85b9-5e712f3f34e7: shutdown FollowerState
2019-10-16 11:35:52,979 [Thread-1854] INFO  impl.FollowerState (FollowerState.java:run(117)) - 163587bb-2c3b-4498-b576-18147cf38274@group-2077DD483DC7-FollowerState was interrupted: java.lang.InterruptedException: sleep interrupted
2019-10-16 11:35:52,979 [grpc-default-executor-0] INFO  impl.RoleInfo (RoleInfo.java:updateAndGet(143)) - 163587bb-2c3b-4498-b576-18147cf38274: start FollowerState
2019-10-16 11:35:52,979 [Thread-1855] INFO  impl.FollowerState (FollowerState.java:run(117)) - 70b633f6-b230-4b9f-87f3-510da88f1e08@group-2077DD483DC7-FollowerState was interrupted: java.lang.InterruptedException: sleep interrupted
2019-10-16 11:35:52,979 [grpc-default-executor-5] INFO  impl.RoleInfo (RoleInfo.java:updateAndGet(143)) - 70b633f6-b230-4b9f-87f3-510da88f1e08: start FollowerState
2019-10-16 11:35:52,979 [Thread-1843] INFO  impl.FollowerState (FollowerState.java:run(117)) - f94c755f-9f95-40b5-85b9-5e712f3f34e7@group-B3673A53AB6F-FollowerState was interrupted: java.lang.InterruptedException: sleep interrupted
2019-10-16 11:35:52,979 [grpc-default-executor-4] INFO  impl.RoleInfo (RoleInfo.java:updateAndGet(143)) - f94c755f-9f95-40b5-85b9-5e712f3f34e7: start FollowerState
2019-10-16 11:35:52,991 [a3132885-145f-4a8c-85f4-c10eb874732d@group-2077DD483DC7-LeaderElection221] INFO  impl.LeaderElection (LeaderElection.java:logAndReturn(56)) - a3132885-145f-4a8c-85f4-c10eb874732d@group-2077DD483DC7-LeaderElection221: Election REJECTED; received 2 response(s) [a3132885-145f-4a8c-85f4-c10eb874732d<-163587bb-2c3b-4498-b576-18147cf38274#0:FAIL-t112, a3132885-145f-4a8c-85f4-c10eb874732d<-70b633f6-b230-4b9f-87f3-510da88f1e08#0:FAIL-t112] and 0 exception(s); a3132885-145f-4a8c-85f4-c10eb874732d@group-2077DD483DC7:t112, leader=null, voted=a3132885-145f-4a8c-85f4-c10eb874732d, raftlog=a3132885-145f-4a8c-85f4-c10eb874732d@group-2077DD483DC7-SegmentedRaftLog:OPENED:c-1,f-1,i0, conf=-1: [163587bb-2c3b-4498-b576-18147cf38274:192.168.157.203:33208, a3132885-145f-4a8c-85f4-c10eb874732d:192.168.157.203:46766, 70b633f6-b230-4b9f-87f3-510da88f1e08:192.168.157.203:43163], old=null
2019-10-16 11:35:52,991 [1ee6da7b-5867-4bad-ba0d-a2cfd13fd72a@group-B3673A53AB6F-LeaderElection222] INFO  impl.LeaderElection (LeaderElection.java:logAndReturn(56)) - 1ee6da7b-5867-4bad-ba0d-a2cfd13fd72a@group-B3673A53AB6F-LeaderElection222: Election REJECTED; received 2 response(s) [1ee6da7b-5867-4bad-ba0d-a2cfd13fd72a<-f94c755f-9f95-40b5-85b9-5e712f3f34e7#0:FAIL-t120, 1ee6da7b-5867-4bad-ba0d-a2cfd13fd72a<-4281bf39-36db-462c-8bc9-3c86cb645344#0:FAIL-t120] and 0 exception(s); 1ee6da7b-5867-4bad-ba0d-a2cfd13fd72a@group-B3673A53AB6F:t120, leader=null, voted=1ee6da7b-5867-4bad-ba0d-a2cfd13fd72a, raftlog=1ee6da7b-5867-4bad-ba0d-a2cfd13fd72a@group-B3673A53AB6F-SegmentedRaftLog:OPENED:c-1,f-1,i0, conf=-1: [f94c755f-9f95-40b5-85b9-5e712f3f34e7:192.168.157.203:45275, 1ee6da7b-5867-4bad-ba0d-a2cfd13fd72a:192.168.157.203:35892, 4281bf39-36db-462c-8bc9-3c86cb645344:192.168.157.203:42381], old=null
2019-10-16 11:35:52,991 [a3132885-145f-4a8c-85f4-c10eb874732d@group-2077DD483DC7-LeaderElection221] INFO  impl.RaftServerImpl (RaftServerImpl.java:setRole(184)) - a3132885-145f-4a8c-85f4-c10eb874732d@group-2077DD483DC7: changes role from CANDIDATE to FOLLOWER at term 112 for DISCOVERED_A_NEW_TERM
2019-10-16 11:35:52,991 [1ee6da7b-5867-4bad-ba0d-a2cfd13fd72a@group-B3673A53AB6F-LeaderElection222] INFO  impl.RaftServerImpl (RaftServerImpl.java:setRole(184)) - 1ee6da7b-5867-4bad-ba0d-a2cfd13fd72a@group-B3673A53AB6F: changes role from CANDIDATE to FOLLOWER at term 120 for DISCOVERED_A_NEW_TERM
2019-10-16 11:35:52,991 [a3132885-145f-4a8c-85f4-c10eb874732d@group-2077DD483DC7-LeaderElection221] INFO  impl.RoleInfo (RoleInfo.java:shutdownLeaderElection(134)) - a3132885-145f-4a8c-85f4-c10eb874732d: shutdown LeaderElection
2019-10-16 11:35:52,992 [1ee6da7b-5867-4bad-ba0d-a2cfd13fd72a@group-B3673A53AB6F-LeaderElection222] INFO  impl.RoleInfo (RoleInfo.java:shutdownLeaderElection(134)) - 1ee6da7b-5867-4bad-ba0d-a2cfd13fd72a: shutdown LeaderElection
2019-10-16 11:35:52,992 [a3132885-145f-4a8c-85f4-c10eb874732d@group-2077DD483DC7-LeaderElection221] INFO  impl.RoleInfo (RoleInfo.java:updateAndGet(143)) - a3132885-145f-4a8c-85f4-c10eb874732d: start FollowerState
2019-10-16 11:35:52,992 [1ee6da7b-5867-4bad-ba0d-a2cfd13fd72a@group-B3673A53AB6F-LeaderElection222] INFO  impl.RoleInfo (RoleInfo.java:updateAndGet(143)) - 1ee6da7b-5867-4bad-ba0d-a2cfd13fd72a: start FollowerState
2019-10-16 11:35:53,104 [Thread-1871] INFO  impl.FollowerState (FollowerState.java:run(108)) - 1ee6da7b-5867-4bad-ba0d-a2cfd13fd72a@group-B3673A53AB6F-FollowerState: change to CANDIDATE, lastRpcTime:112ms, electionTimeout:112ms
2019-10-16 11:35:53,105 [Thread-1871] INFO  impl.RoleInfo (RoleInfo.java:shutdownFollowerState(121)) - 1ee6da7b-5867-4bad-ba0d-a2cfd13fd72a: shutdown FollowerState
2019-10-16 11:35:53,105 [Thread-1871] INFO  impl.RaftServerImpl (RaftServerImpl.java:setRole(184)) - 1ee6da7b-5867-4bad-ba0d-a2cfd13fd72a@group-B3673A53AB6F: changes role from  FOLLOWER to CANDIDATE at term 120 for changeToCandidate
2019-10-16 11:35:53,105 [Thread-1871] INFO  impl.RoleInfo (RoleInfo.java:updateAndGet(143)) - 1ee6da7b-5867-4bad-ba0d-a2cfd13fd72a: start LeaderElection
2019-10-16 11:35:53,113 [Thread-1870] INFO  impl.FollowerState (FollowerState.java:run(108)) - a3132885-145f-4a8c-85f4-c10eb874732d@group-2077DD483DC7-FollowerState: change to CANDIDATE, lastRpcTime:121ms, electionTimeout:121ms
2019-10-16 11:35:53,113 [Thread-1870] INFO  impl.RoleInfo (RoleInfo.java:shutdownFollowerState(121)) - a3132885-145f-4a8c-85f4-c10eb874732d: shutdown FollowerState
2019-10-16 11:35:53,113 [Thread-1870] INFO  impl.RaftServerImpl (RaftServerImpl.java:setRole(184)) - a3132885-145f-4a8c-85f4-c10eb874732d@group-2077DD483DC7: changes role from  FOLLOWER to CANDIDATE at term 112 for changeToCandidate
2019-10-16 11:35:53,114 [Thread-1870] INFO  impl.RoleInfo (RoleInfo.java:updateAndGet(143)) - a3132885-145f-4a8c-85f4-c10eb874732d: start LeaderElection
2019-10-16 11:35:53,119 [1ee6da7b-5867-4bad-ba0d-a2cfd13fd72a@group-B3673A53AB6F-LeaderElection223] INFO  impl.LeaderElection (LeaderElection.java:askForVotes(178)) - 1ee6da7b-5867-4bad-ba0d-a2cfd13fd72a@group-B3673A53AB6F-LeaderElection223: begin an election at term 121 for -1: [f94c755f-9f95-40b5-85b9-5e712f3f34e7:192.168.157.203:45275, 1ee6da7b-5867-4bad-ba0d-a2cfd13fd72a:192.168.157.203:35892, 4281bf39-36db-462c-8bc9-3c86cb645344:192.168.157.203:42381], old=null
2019-10-16 11:35:53,121 [grpc-default-executor-4] INFO  impl.RaftServerImpl (RaftServerImpl.java:setRole(184)) - f94c755f-9f95-40b5-85b9-5e712f3f34e7@group-B3673A53AB6F: changes role from  FOLLOWER to FOLLOWER at term 121 for recognizeCandidate:1ee6da7b-5867-4bad-ba0d-a2cfd13fd72a
2019-10-16 11:35:53,122 [grpc-default-executor-0] INFO  impl.RaftServerImpl (RaftServerImpl.java:setRole(184)) - 4281bf39-36db-462c-8bc9-3c86cb645344@group-B3673A53AB6F: changes role from  FOLLOWER to FOLLOWER at term 121 for recognizeCandidate:1ee6da7b-5867-4bad-ba0d-a2cfd13fd72a
2019-10-16 11:35:53,122 [grpc-default-executor-4] INFO  impl.RoleInfo (RoleInfo.java:shutdownFollowerState(121)) - f94c755f-9f95-40b5-85b9-5e712f3f34e7: shutdown FollowerState
2019-10-16 11:35:53,122 [grpc-default-executor-0] INFO  impl.RoleInfo (RoleInfo.java:shutdownFollowerState(121)) - 4281bf39-36db-462c-8bc9-3c86cb645344: shutdown FollowerState
2019-10-16 11:35:53,122 [Thread-1869] INFO  impl.FollowerState (FollowerState.java:run(117)) - f94c755f-9f95-40b5-85b9-5e712f3f34e7@group-B3673A53AB6F-FollowerState was interrupted: java.lang.InterruptedException: sleep interrupted
2019-10-16 11:35:53,122 [grpc-default-executor-4] INFO  impl.RoleInfo (RoleInfo.java:updateAndGet(143)) - f94c755f-9f95-40b5-85b9-5e712f3f34e7: start FollowerState
2019-10-16 11:35:53,122 [Thread-1866] INFO  impl.FollowerState (FollowerState.java:run(117)) - 4281bf39-36db-462c-8bc9-3c86cb645344@group-B3673A53AB6F-FollowerState was interrupted: java.lang.InterruptedException: sleep interrupted
2019-10-16 11:35:53,122 [grpc-default-executor-0] INFO  impl.RoleInfo (RoleInfo.java:updateAndGet(143)) - 4281bf39-36db-462c-8bc9-3c86cb645344: start FollowerState
2019-10-16 11:35:53,123 [a3132885-145f-4a8c-85f4-c10eb874732d@group-2077DD483DC7-LeaderElection224] INFO  impl.LeaderElection (LeaderElection.java:askForVotes(178)) - a3132885-145f-4a8c-85f4-c10eb874732d@group-2077DD483DC7-LeaderElection224: begin an election at term 113 for -1: [163587bb-2c3b-4498-b576-18147cf38274:192.168.157.203:33208, a3132885-145f-4a8c-85f4-c10eb874732d:192.168.157.203:46766, 70b633f6-b230-4b9f-87f3-510da88f1e08:192.168.157.203:43163], old=null
2019-10-16 11:35:53,124 [grpc-default-executor-5] INFO  impl.RaftServerImpl (RaftServerImpl.java:setRole(184)) - 163587bb-2c3b-4498-b576-18147cf38274@group-2077DD483DC7: changes role from  FOLLOWER to FOLLOWER at term 113 for recognizeCandidate:a3132885-145f-4a8c-85f4-c10eb874732d
2019-10-16 11:35:53,124 [grpc-default-executor-5] INFO  impl.RoleInfo (RoleInfo.java:shutdownFollowerState(121)) - 163587bb-2c3b-4498-b576-18147cf38274: shutdown FollowerState
2019-10-16 11:35:53,124 [grpc-default-executor-5] INFO  impl.RoleInfo (RoleInfo.java:updateAndGet(143)) - 163587bb-2c3b-4498-b576-18147cf38274: start FollowerState
2019-10-16 11:35:53,124 [grpc-default-executor-3] INFO  impl.RaftServerImpl (RaftServerImpl.java:setRole(184)) - 70b633f6-b230-4b9f-87f3-510da88f1e08@group-2077DD483DC7: changes role from  FOLLOWER to FOLLOWER at term 113 for recognizeCandidate:a3132885-145f-4a8c-85f4-c10eb874732d
2019-10-16 11:35:53,124 [Thread-1868] INFO  impl.FollowerState (FollowerState.java:run(117)) - 163587bb-2c3b-4498-b576-18147cf38274@group-2077DD483DC7-FollowerState was interrupted: java.lang.InterruptedException: sleep interrupted
2019-10-16 11:35:53,125 [grpc-default-executor-3] INFO  impl.RoleInfo (RoleInfo.java:shutdownFollowerState(121)) - 70b633f6-b230-4b9f-87f3-510da88f1e08: shutdown FollowerState
2019-10-16 11:35:53,125 [grpc-default-executor-3] INFO  impl.RoleInfo (RoleInfo.java:updateAndGet(143)) - 70b633f6-b230-4b9f-87f3-510da88f1e08: start FollowerState
2019-10-16 11:35:53,125 [Thread-1867] INFO  impl.FollowerState (FollowerState.java:run(117)) - 70b633f6-b230-4b9f-87f3-510da88f1e08@group-2077DD483DC7-FollowerState was interrupted: java.lang.InterruptedException: sleep interrupted
2019-10-16 11:35:53,128 [1ee6da7b-5867-4bad-ba0d-a2cfd13fd72a@group-B3673A53AB6F-LeaderElection223] INFO  impl.LeaderElection (LeaderElection.java:logAndReturn(56)) - 1ee6da7b-5867-4bad-ba0d-a2cfd13fd72a@group-B3673A53AB6F-LeaderElection223: Election REJECTED; received 2 response(s) [1ee6da7b-5867-4bad-ba0d-a2cfd13fd72a<-f94c755f-9f95-40b5-85b9-5e712f3f34e7#0:FAIL-t121, 1ee6da7b-5867-4bad-ba0d-a2cfd13fd72a<-4281bf39-36db-462c-8bc9-3c86cb645344#0:FAIL-t121] and 0 exception(s); 1ee6da7b-5867-4bad-ba0d-a2cfd13fd72a@group-B3673A53AB6F:t121, leader=null, voted=1ee6da7b-5867-4bad-ba0d-a2cfd13fd72a, raftlog=1ee6da7b-5867-4bad-ba0d-a2cfd13fd72a@group-B3673A53AB6F-SegmentedRaftLog:OPENED:c-1,f-1,i0, conf=-1: [f94c755f-9f95-40b5-85b9-5e712f3f34e7:192.168.157.203:45275, 1ee6da7b-5867-4bad-ba0d-a2cfd13fd72a:192.168.157.203:35892, 4281bf39-36db-462c-8bc9-3c86cb645344:192.168.157.203:42381], old=null
2019-10-16 11:35:53,128 [1ee6da7b-5867-4bad-ba0d-a2cfd13fd72a@group-B3673A53AB6F-LeaderElection223] INFO  impl.RaftServerImpl (RaftServerImpl.java:setRole(184)) - 1ee6da7b-5867-4bad-ba0d-a2cfd13fd72a@group-B3673A53AB6F: changes role from CANDIDATE to FOLLOWER at term 121 for DISCOVERED_A_NEW_TERM
2019-10-16 11:35:53,128 [1ee6da7b-5867-4bad-ba0d-a2cfd13fd72a@group-B3673A53AB6F-LeaderElection223] INFO  impl.RoleInfo (RoleInfo.java:shutdownLeaderElection(134)) - 1ee6da7b-5867-4bad-ba0d-a2cfd13fd72a: shutdown LeaderElection
2019-10-16 11:35:53,128 [1ee6da7b-5867-4bad-ba0d-a2cfd13fd72a@group-B3673A53AB6F-LeaderElection223] INFO  impl.RoleInfo (RoleInfo.java:updateAndGet(143)) - 1ee6da7b-5867-4bad-ba0d-a2cfd13fd72a: start FollowerState
2019-10-16 11:35:53,132 [a3132885-145f-4a8c-85f4-c10eb874732d@group-2077DD483DC7-LeaderElection224] INFO  impl.LeaderElection (LeaderElection.java:logAndReturn(56)) - a3132885-145f-4a8c-85f4-c10eb874732d@group-2077DD483DC7-LeaderElection224: Election REJECTED; received 2 response(s) [a3132885-145f-4a8c-85f4-c10eb874732d<-163587bb-2c3b-4498-b576-18147cf38274#0:FAIL-t113, a3132885-145f-4a8c-85f4-c10eb874732d<-70b633f6-b230-4b9f-87f3-510da88f1e08#0:FAIL-t113] and 0 exception(s); a3132885-145f-4a8c-85f4-c10eb874732d@group-2077DD483DC7:t113, leader=null, voted=a3132885-145f-4a8c-85f4-c10eb874732d, raftlog=a3132885-145f-4a8c-85f4-c10eb874732d@group-2077DD483DC7-SegmentedRaftLog:OPENED:c-1,f-1,i0, conf=-1: [163587bb-2c3b-4498-b576-18147cf38274:192.168.157.203:33208, a3132885-145f-4a8c-85f4-c10eb874732d:192.168.157.203:46766, 70b633f6-b230-4b9f-87f3-510da88f1e08:192.168.157.203:43163], old=null
2019-10-16 11:35:53,132 [a3132885-145f-4a8c-85f4-c10eb874732d@group-2077DD483DC7-LeaderElection224] INFO  impl.RaftServerImpl (RaftServerImpl.java:setRole(184)) - a3132885-145f-4a8c-85f4-c10eb874732d@group-2077DD483DC7: changes role from CANDIDATE to FOLLOWER at term 113 for DISCOVERED_A_NEW_TERM
2019-10-16 11:35:53,132 [a3132885-145f-4a8c-85f4-c10eb874732d@group-2077DD483DC7-LeaderElection224] INFO  impl.RoleInfo (RoleInfo.java:shutdownLeaderElection(134)) - a3132885-145f-4a8c-85f4-c10eb874732d: shutdown LeaderElection
2019-10-16 11:35:53,133 [a3132885-145f-4a8c-85f4-c10eb874732d@group-2077DD483DC7-LeaderElection224] INFO  impl.RoleInfo (RoleInfo.java:updateAndGet(143)) - a3132885-145f-4a8c-85f4-c10eb874732d: start FollowerState
2019-10-16 11:35:53,281 [Thread-1882] INFO  impl.FollowerState (FollowerState.java:run(108)) - 1ee6da7b-5867-4bad-ba0d-a2cfd13fd72a@group-B3673A53AB6F-FollowerState: change to CANDIDATE, lastRpcTime:152ms, electionTimeout:152ms
2019-10-16 11:35:53,281 [Thread-1882] INFO  impl.RoleInfo (RoleInfo.java:shutdownFollowerState(121)) - 1ee6da7b-5867-4bad-ba0d-a2cfd13fd72a: shutdown FollowerState
2019-10-16 11:35:53,281 [Thread-1882] INFO  impl.RaftServerImpl (RaftServerImpl.java:setRole(184)) - 1ee6da7b-5867-4bad-ba0d-a2cfd13fd72a@group-B3673A53AB6F: changes role from  FOLLOWER to CANDIDATE at term 121 for changeToCandidate
2019-10-16 11:35:53,281 [Thread-1882] INFO  impl.RoleInfo (RoleInfo.java:updateAndGet(143)) - 1ee6da7b-5867-4bad-ba0d-a2cfd13fd72a: start LeaderElection
2019-10-16 11:35:53,295 [1ee6da7b-5867-4bad-ba0d-a2cfd13fd72a@group-B3673A53AB6F-LeaderElection225] INFO  impl.LeaderElection (LeaderElection.java:askForVotes(178)) - 1ee6da7b-5867-4bad-ba0d-a2cfd13fd72a@group-B3673A53AB6F-LeaderElection225: begin an election at term 122 for -1: [f94c755f-9f95-40b5-85b9-5e712f3f34e7:192.168.157.203:45275, 1ee6da7b-5867-4bad-ba0d-a2cfd13fd72a:192.168.157.203:35892, 4281bf39-36db-462c-8bc9-3c86cb645344:192.168.157.203:42381], old=null
2019-10-16 11:35:53,297 [grpc-default-executor-3] INFO  impl.RaftServerImpl (RaftServerImpl.java:setRole(184)) - f94c755f-9f95-40b5-85b9-5e712f3f34e7@group-B3673A53AB6F: changes role from  FOLLOWER to FOLLOWER at term 122 for recognizeCandidate:1ee6da7b-5867-4bad-ba0d-a2cfd13fd72a
2019-10-16 11:35:53,298 [grpc-default-executor-3] INFO  impl.RoleInfo (RoleInfo.java:shutdownFollowerState(121)) - f94c755f-9f95-40b5-85b9-5e712f3f34e7: shutdown FollowerState
2019-10-16 11:35:53,298 [grpc-default-executor-5] INFO  impl.RaftServerImpl (RaftServerImpl.java:setRole(184)) - 4281bf39-36db-462c-8bc9-3c86cb645344@group-B3673A53AB6F: changes role from  FOLLOWER to FOLLOWER at term 122 for recognizeCandidate:1ee6da7b-5867-4bad-ba0d-a2cfd13fd72a
2019-10-16 11:35:53,298 [grpc-default-executor-5] INFO  impl.RoleInfo (RoleInfo.java:shutdownFollowerState(121)) - 4281bf39-36db-462c-8bc9-3c86cb645344: shutdown FollowerState
2019-10-16 11:35:53,298 [Thread-1876] INFO  impl.FollowerState (FollowerState.java:run(117)) - f94c755f-9f95-40b5-85b9-5e712f3f34e7@group-B3673A53AB6F-FollowerState was interrupted: java.lang.InterruptedException: sleep interrupted
2019-10-16 11:35:53,298 [grpc-default-executor-3] INFO  impl.RoleInfo (RoleInfo.java:updateAndGet(143)) - f94c755f-9f95-40b5-85b9-5e712f3f34e7: start FollowerState
2019-10-16 11:35:53,298 [grpc-default-executor-5] INFO  impl.RoleInfo (RoleInfo.java:updateAndGet(143)) - 4281bf39-36db-462c-8bc9-3c86cb645344: start FollowerState
2019-10-16 11:35:53,298 [Thread-1877] INFO  impl.FollowerState (FollowerState.java:run(117)) - 4281bf39-36db-462c-8bc9-3c86cb645344@group-B3673A53AB6F-FollowerState was interrupted: java.lang.InterruptedException: sleep interrupted
2019-10-16 11:35:53,301 [Thread-1883] INFO  impl.FollowerState (FollowerState.java:run(108)) - a3132885-145f-4a8c-85f4-c10eb874732d@group-2077DD483DC7-FollowerState: change to CANDIDATE, lastRpcTime:168ms, electionTimeout:168ms
2019-10-16 11:35:53,301 [Thread-1883] INFO  impl.RoleInfo (RoleInfo.java:shutdownFollowerState(121)) - a3132885-145f-4a8c-85f4-c10eb874732d: shutdown FollowerState
2019-10-16 11:35:53,301 [Thread-1883] INFO  impl.RaftServerImpl (RaftServerImpl.java:setRole(184)) - a3132885-145f-4a8c-85f4-c10eb874732d@group-2077DD483DC7: changes role from  FOLLOWER to CANDIDATE at term 113 for changeToCandidate
2019-10-16 11:35:53,301 [Thread-1883] INFO  impl.RoleInfo (RoleInfo.java:updateAndGet(143)) - a3132885-145f-4a8c-85f4-c10eb874732d: start LeaderElection
2019-10-16 11:35:53,312 [a3132885-145f-4a8c-85f4-c10eb874732d@group-2077DD483DC7-LeaderElection226] INFO  impl.LeaderElection (LeaderElection.java:askForVotes(178)) - a3132885-145f-4a8c-85f4-c10eb874732d@group-2077DD483DC7-LeaderElection226: begin an election at term 114 for -1: [163587bb-2c3b-4498-b576-18147cf38274:192.168.157.203:33208, a3132885-145f-4a8c-85f4-c10eb874732d:192.168.157.203:46766, 70b633f6-b230-4b9f-87f3-510da88f1e08:192.168.157.203:43163], old=null
2019-10-16 11:35:53,313 [1ee6da7b-5867-4bad-ba0d-a2cfd13fd72a@group-B3673A53AB6F-LeaderElection225] INFO  impl.LeaderElection (LeaderElection.java:logAndReturn(56)) - 1ee6da7b-5867-4bad-ba0d-a2cfd13fd72a@group-B3673A53AB6F-LeaderElection225: Election REJECTED; received 2 response(s) [1ee6da7b-5867-4bad-ba0d-a2cfd13fd72a<-f94c755f-9f95-40b5-85b9-5e712f3f34e7#0:FAIL-t122, 1ee6da7b-5867-4bad-ba0d-a2cfd13fd72a<-4281bf39-36db-462c-8bc9-3c86cb645344#0:FAIL-t122] and 0 exception(s); 1ee6da7b-5867-4bad-ba0d-a2cfd13fd72a@group-B3673A53AB6F:t122, leader=null, voted=1ee6da7b-5867-4bad-ba0d-a2cfd13fd72a, raftlog=1ee6da7b-5867-4bad-ba0d-a2cfd13fd72a@group-B3673A53AB6F-SegmentedRaftLog:OPENED:c-1,f-1,i0, conf=-1: [f94c755f-9f95-40b5-85b9-5e712f3f34e7:192.168.157.203:45275, 1ee6da7b-5867-4bad-ba0d-a2cfd13fd72a:192.168.157.203:35892, 4281bf39-36db-462c-8bc9-3c86cb645344:192.168.157.203:42381], old=null
2019-10-16 11:35:53,313 [1ee6da7b-5867-4bad-ba0d-a2cfd13fd72a@group-B3673A53AB6F-LeaderElection225] INFO  impl.RaftServerImpl (RaftServerImpl.java:setRole(184)) - 1ee6da7b-5867-4bad-ba0d-a2cfd13fd72a@group-B3673A53AB6F: changes role from CANDIDATE to FOLLOWER at term 122 for DISCOVERED_A_NEW_TERM
2019-10-16 11:35:53,313 [1ee6da7b-5867-4bad-ba0d-a2cfd13fd72a@group-B3673A53AB6F-LeaderElection225] INFO  impl.RoleInfo (RoleInfo.java:shutdownLeaderElection(134)) - 1ee6da7b-5867-4bad-ba0d-a2cfd13fd72a: shutdown LeaderElection
2019-10-16 11:35:53,314 [1ee6da7b-5867-4bad-ba0d-a2cfd13fd72a@group-B3673A53AB6F-LeaderElection225] INFO  impl.RoleInfo (RoleInfo.java:updateAndGet(143)) - 1ee6da7b-5867-4bad-ba0d-a2cfd13fd72a: start FollowerState
2019-10-16 11:35:53,314 [grpc-default-executor-5] INFO  impl.RaftServerImpl (RaftServerImpl.java:setRole(184)) - 163587bb-2c3b-4498-b576-18147cf38274@group-2077DD483DC7: changes role from  FOLLOWER to FOLLOWER at term 114 for recognizeCandidate:a3132885-145f-4a8c-85f4-c10eb874732d
2019-10-16 11:35:53,314 [grpc-default-executor-5] INFO  impl.RoleInfo (RoleInfo.java:shutdownFollowerState(121)) - 163587bb-2c3b-4498-b576-18147cf38274: shutdown FollowerState
2019-10-16 11:35:53,314 [grpc-default-executor-5] INFO  impl.RoleInfo (RoleInfo.java:updateAndGet(143)) - 163587bb-2c3b-4498-b576-18147cf38274: start FollowerState
2019-10-16 11:35:53,314 [grpc-default-executor-3] INFO  impl.RaftServerImpl (RaftServerImpl.java:setRole(184)) - 70b633f6-b230-4b9f-87f3-510da88f1e08@group-2077DD483DC7: changes role from  FOLLOWER to FOLLOWER at term 114 for recognizeCandidate:a3132885-145f-4a8c-85f4-c10eb874732d
2019-10-16 11:35:53,314 [grpc-default-executor-3] INFO  impl.RoleInfo (RoleInfo.java:shutdownFollowerState(121)) - 70b633f6-b230-4b9f-87f3-510da88f1e08: shutdown FollowerState
2019-10-16 11:35:53,314 [Thread-1880] INFO  impl.FollowerState (FollowerState.java:run(117)) - 163587bb-2c3b-4498-b576-18147cf38274@group-2077DD483DC7-FollowerState was interrupted: java.lang.InterruptedException: sleep interrupted
2019-10-16 11:35:53,315 [Thread-1881] INFO  impl.FollowerState (FollowerState.java:run(117)) - 70b633f6-b230-4b9f-87f3-510da88f1e08@group-2077DD483DC7-FollowerState was interrupted: java.lang.InterruptedException: sleep interrupted
2019-10-16 11:35:53,315 [grpc-default-executor-3] INFO  impl.RoleInfo (RoleInfo.java:updateAndGet(143)) - 70b633f6-b230-4b9f-87f3-510da88f1e08: start FollowerState
2019-10-16 11:35:53,330 [a3132885-145f-4a8c-85f4-c10eb874732d@group-2077DD483DC7-LeaderElection226] INFO  impl.LeaderElection (LeaderElection.java:logAndReturn(56)) - a3132885-145f-4a8c-85f4-c10eb874732d@group-2077DD483DC7-LeaderElection226: Election REJECTED; received 2 response(s) [a3132885-145f-4a8c-85f4-c10eb874732d<-163587bb-2c3b-4498-b576-18147cf38274#0:FAIL-t114, a3132885-145f-4a8c-85f4-c10eb874732d<-70b633f6-b230-4b9f-87f3-510da88f1e08#0:FAIL-t114] and 0 exception(s); a3132885-145f-4a8c-85f4-c10eb874732d@group-2077DD483DC7:t114, leader=null, voted=a3132885-145f-4a8c-85f4-c10eb874732d, raftlog=a3132885-145f-4a8c-85f4-c10eb874732d@group-2077DD483DC7-SegmentedRaftLog:OPENED:c-1,f-1,i0, conf=-1: [163587bb-2c3b-4498-b576-18147cf38274:192.168.157.203:33208, a3132885-145f-4a8c-85f4-c10eb874732d:192.168.157.203:46766, 70b633f6-b230-4b9f-87f3-510da88f1e08:192.168.157.203:43163], old=null
2019-10-16 11:35:53,330 [a3132885-145f-4a8c-85f4-c10eb874732d@group-2077DD483DC7-LeaderElection226] INFO  impl.RaftServerImpl (RaftServerImpl.java:setRole(184)) - a3132885-145f-4a8c-85f4-c10eb874732d@group-2077DD483DC7: changes role from CANDIDATE to FOLLOWER at term 114 for DISCOVERED_A_NEW_TERM
2019-10-16 11:35:53,330 [a3132885-145f-4a8c-85f4-c10eb874732d@group-2077DD483DC7-LeaderElection226] INFO  impl.RoleInfo (RoleInfo.java:shutdownLeaderElection(134)) - a3132885-145f-4a8c-85f4-c10eb874732d: shutdown LeaderElection
2019-10-16 11:35:53,330 [a3132885-145f-4a8c-85f4-c10eb874732d@group-2077DD483DC7-LeaderElection226] INFO  impl.RoleInfo (RoleInfo.java:updateAndGet(143)) - a3132885-145f-4a8c-85f4-c10eb874732d: start FollowerState
2019-10-16 11:35:53,333 [Thread-1892] INFO  impl.FollowerState (FollowerState.java:run(108)) - 1ee6da7b-5867-4bad-ba0d-a2cfd13fd72a@group-B3673A53AB6F-FollowerState: change to CANDIDATE, lastRpcTime:19ms, electionTimeout:19ms
2019-10-16 11:35:53,333 [Thread-1892] INFO  impl.RoleInfo (RoleInfo.java:shutdownFollowerState(121)) - 1ee6da7b-5867-4bad-ba0d-a2cfd13fd72a: shutdown FollowerState
2019-10-16 11:35:53,333 [Thread-1892] INFO  impl.RaftServerImpl (RaftServerImpl.java:setRole(184)) - 1ee6da7b-5867-4bad-ba0d-a2cfd13fd72a@group-B3673A53AB6F: changes role from  FOLLOWER to CANDIDATE at term 122 for changeToCandidate
2019-10-16 11:35:53,333 [Thread-1892] INFO  impl.RoleInfo (RoleInfo.java:updateAndGet(143)) - 1ee6da7b-5867-4bad-ba0d-a2cfd13fd72a: start LeaderElection
2019-10-16 11:35:53,345 [1ee6da7b-5867-4bad-ba0d-a2cfd13fd72a@group-B3673A53AB6F-LeaderElection227] INFO  impl.LeaderElection (LeaderElection.java:askForVotes(178)) - 1ee6da7b-5867-4bad-ba0d-a2cfd13fd72a@group-B3673A53AB6F-LeaderElection227: begin an election at term 123 for -1: [f94c755f-9f95-40b5-85b9-5e712f3f34e7:192.168.157.203:45275, 1ee6da7b-5867-4bad-ba0d-a2cfd13fd72a:192.168.157.203:35892, 4281bf39-36db-462c-8bc9-3c86cb645344:192.168.157.203:42381], old=null
2019-10-16 11:35:53,347 [grpc-default-executor-3] INFO  impl.RaftServerImpl (RaftServerImpl.java:setRole(184)) - f94c755f-9f95-40b5-85b9-5e712f3f34e7@group-B3673A53AB6F: changes role from  FOLLOWER to FOLLOWER at term 123 for recognizeCandidate:1ee6da7b-5867-4bad-ba0d-a2cfd13fd72a
2019-10-16 11:35:53,347 [grpc-default-executor-3] INFO  impl.RoleInfo (RoleInfo.java:shutdownFollowerState(121)) - f94c755f-9f95-40b5-85b9-5e712f3f34e7: shutdown FollowerState
2019-10-16 11:35:53,347 [grpc-default-executor-3] INFO  impl.RoleInfo (RoleInfo.java:updateAndGet(143)) - f94c755f-9f95-40b5-85b9-5e712f3f34e7: start FollowerState
2019-10-16 11:35:53,347 [grpc-default-executor-5] INFO  impl.RaftServerImpl (RaftServerImpl.java:setRole(184)) - 4281bf39-36db-462c-8bc9-3c86cb645344@group-B3673A53AB6F: changes role from  FOLLOWER to FOLLOWER at term 123 for recognizeCandidate:1ee6da7b-5867-4bad-ba0d-a2cfd13fd72a
2019-10-16 11:35:53,347 [Thread-1887] INFO  impl.FollowerState (FollowerState.java:run(117)) - f94c755f-9f95-40b5-85b9-5e712f3f34e7@group-B3673A53AB6F-FollowerState was interrupted: java.lang.InterruptedException: sleep interrupted
2019-10-16 11:35:53,347 [grpc-default-executor-5] INFO  impl.RoleInfo (RoleInfo.java:shutdownFollowerState(121)) - 4281bf39-36db-462c-8bc9-3c86cb645344: shutdown FollowerState
2019-10-16 11:35:53,348 [grpc-default-executor-5] INFO  impl.RoleInfo (RoleInfo.java:updateAndGet(143)) - 4281bf39-36db-462c-8bc9-3c86cb645344: start FollowerState
2019-10-16 11:35:53,348 [Thread-1888] INFO  impl.FollowerState (FollowerState.java:run(117)) - 4281bf39-36db-462c-8bc9-3c86cb645344@group-B3673A53AB6F-FollowerState was interrupted: java.lang.InterruptedException: sleep interrupted
2019-10-16 11:35:53,360 [1ee6da7b-5867-4bad-ba0d-a2cfd13fd72a@group-B3673A53AB6F-LeaderElection227] INFO  impl.LeaderElection (LeaderElection.java:logAndReturn(56)) - 1ee6da7b-5867-4bad-ba0d-a2cfd13fd72a@group-B3673A53AB6F-LeaderElection227: Election REJECTED; received 2 response(s) [1ee6da7b-5867-4bad-ba0d-a2cfd13fd72a<-f94c755f-9f95-40b5-85b9-5e712f3f34e7#0:FAIL-t123, 1ee6da7b-5867-4bad-ba0d-a2cfd13fd72a<-4281bf39-36db-462c-8bc9-3c86cb645344#0:FAIL-t123] and 0 exception(s); 1ee6da7b-5867-4bad-ba0d-a2cfd13fd72a@group-B3673A53AB6F:t123, leader=null, voted=1ee6da7b-5867-4bad-ba0d-a2cfd13fd72a, raftlog=1ee6da7b-5867-4bad-ba0d-a2cfd13fd72a@group-B3673A53AB6F-SegmentedRaftLog:OPENED:c-1,f-1,i0, conf=-1: [f94c755f-9f95-40b5-85b9-5e712f3f34e7:192.168.157.203:45275, 1ee6da7b-5867-4bad-ba0d-a2cfd13fd72a:192.168.157.203:35892, 4281bf39-36db-462c-8bc9-3c86cb645344:192.168.157.203:42381], old=null
2019-10-16 11:35:53,360 [1ee6da7b-5867-4bad-ba0d-a2cfd13fd72a@group-B3673A53AB6F-LeaderElection227] INFO  impl.RaftServerImpl (RaftServerImpl.java:setRole(184)) - 1ee6da7b-5867-4bad-ba0d-a2cfd13fd72a@group-B3673A53AB6F: changes role from CANDIDATE to FOLLOWER at term 123 for DISCOVERED_A_NEW_TERM
2019-10-16 11:35:53,361 [1ee6da7b-5867-4bad-ba0d-a2cfd13fd72a@group-B3673A53AB6F-LeaderElection227] INFO  impl.RoleInfo (RoleInfo.java:shutdownLeaderElection(134)) - 1ee6da7b-5867-4bad-ba0d-a2cfd13fd72a: shutdown LeaderElection
2019-10-16 11:35:53,361 [1ee6da7b-5867-4bad-ba0d-a2cfd13fd72a@group-B3673A53AB6F-LeaderElection227] INFO  impl.RoleInfo (RoleInfo.java:updateAndGet(143)) - 1ee6da7b-5867-4bad-ba0d-a2cfd13fd72a: start FollowerState
2019-10-16 11:35:53,522 [Thread-1895] INFO  impl.FollowerState (FollowerState.java:run(108)) - a3132885-145f-4a8c-85f4-c10eb874732d@group-2077DD483DC7-FollowerState: change to CANDIDATE, lastRpcTime:192ms, electionTimeout:192ms
2019-10-16 11:35:53,523 [Thread-1895] INFO  impl.RoleInfo (RoleInfo.java:shutdownFollowerState(121)) - a3132885-145f-4a8c-85f4-c10eb874732d: shutdown FollowerState
2019-10-16 11:35:53,523 [Thread-1895] INFO  impl.RaftServerImpl (RaftServerImpl.java:setRole(184)) - a3132885-145f-4a8c-85f4-c10eb874732d@group-2077DD483DC7: changes role from  FOLLOWER to CANDIDATE at term 114 for changeToCandidate
2019-10-16 11:35:53,523 [Thread-1895] INFO  impl.RoleInfo (RoleInfo.java:updateAndGet(143)) - a3132885-145f-4a8c-85f4-c10eb874732d: start LeaderElection
2019-10-16 11:35:53,530 [Thread-1901] INFO  impl.FollowerState (FollowerState.java:run(108)) - 1ee6da7b-5867-4bad-ba0d-a2cfd13fd72a@group-B3673A53AB6F-FollowerState: change to CANDIDATE, lastRpcTime:169ms, electionTimeout:169ms
2019-10-16 11:35:53,530 [Thread-1901] INFO  impl.RoleInfo (RoleInfo.java:shutdownFollowerState(121)) - 1ee6da7b-5867-4bad-ba0d-a2cfd13fd72a: shutdown FollowerState
2019-10-16 11:35:53,530 [Thread-1901] INFO  impl.RaftServerImpl (RaftServerImpl.java:setRole(184)) - 1ee6da7b-5867-4bad-ba0d-a2cfd13fd72a@group-B3673A53AB6F: changes role from  FOLLOWER to CANDIDATE at term 123 for changeToCandidate
2019-10-16 11:35:53,531 [Thread-1901] INFO  impl.RoleInfo (RoleInfo.java:updateAndGet(143)) - 1ee6da7b-5867-4bad-ba0d-a2cfd13fd72a: start LeaderElection
2019-10-16 11:35:53,537 [a3132885-145f-4a8c-85f4-c10eb874732d@group-2077DD483DC7-LeaderElection228] INFO  impl.LeaderElection (LeaderElection.java:askForVotes(178)) - a3132885-145f-4a8c-85f4-c10eb874732d@group-2077DD483DC7-LeaderElection228: begin an election at term 115 for -1: [163587bb-2c3b-4498-b576-18147cf38274:192.168.157.203:33208, a3132885-145f-4a8c-85f4-c10eb874732d:192.168.157.203:46766, 70b633f6-b230-4b9f-87f3-510da88f1e08:192.168.157.203:43163], old=null
2019-10-16 11:35:53,537 [1ee6da7b-5867-4bad-ba0d-a2cfd13fd72a@group-B3673A53AB6F-LeaderElection229] INFO  impl.LeaderElection (LeaderElection.java:askForVotes(178)) - 1ee6da7b-5867-4bad-ba0d-a2cfd13fd72a@group-B3673A53AB6F-LeaderElection229: begin an election at term 124 for -1: [f94c755f-9f95-40b5-85b9-5e712f3f34e7:192.168.157.203:45275, 1ee6da7b-5867-4bad-ba0d-a2cfd13fd72a:192.168.157.203:35892, 4281bf39-36db-462c-8bc9-3c86cb645344:192.168.157.203:42381], old=null
2019-10-16 11:35:53,539 [grpc-default-executor-5] INFO  impl.RaftServerImpl (RaftServerImpl.java:setRole(184)) - 163587bb-2c3b-4498-b576-18147cf38274@group-2077DD483DC7: changes role from  FOLLOWER to FOLLOWER at term 115 for recognizeCandidate:a3132885-145f-4a8c-85f4-c10eb874732d
2019-10-16 11:35:53,539 [grpc-default-executor-5] INFO  impl.RoleInfo (RoleInfo.java:shutdownFollowerState(121)) - 163587bb-2c3b-4498-b576-18147cf38274: shutdown FollowerState
2019-10-16 11:35:53,539 [grpc-default-executor-3] INFO  impl.RaftServerImpl (RaftServerImpl.java:setRole(184)) - f94c755f-9f95-40b5-85b9-5e712f3f34e7@group-B3673A53AB6F: changes role from  FOLLOWER to FOLLOWER at term 124 for recognizeCandidate:1ee6da7b-5867-4bad-ba0d-a2cfd13fd72a
2019-10-16 11:35:53,540 [grpc-default-executor-0] INFO  impl.RaftServerImpl (RaftServerImpl.java:setRole(184)) - 70b633f6-b230-4b9f-87f3-510da88f1e08@group-2077DD483DC7: changes role from  FOLLOWER to FOLLOWER at term 115 for recognizeCandidate:a3132885-145f-4a8c-85f4-c10eb874732d
2019-10-16 11:35:53,540 [grpc-default-executor-0] INFO  impl.RoleInfo (RoleInfo.java:shutdownFollowerState(121)) - 70b633f6-b230-4b9f-87f3-510da88f1e08: shutdown FollowerState
2019-10-16 11:35:53,540 [grpc-default-executor-4] INFO  impl.RaftServerImpl (RaftServerImpl.java:setRole(184)) - 4281bf39-36db-462c-8bc9-3c86cb645344@group-B3673A53AB6F: changes role from  FOLLOWER to FOLLOWER at term 124 for recognizeCandidate:1ee6da7b-5867-4bad-ba0d-a2cfd13fd72a
2019-10-16 11:35:53,540 [grpc-default-executor-5] INFO  impl.RoleInfo (RoleInfo.java:updateAndGet(143)) - 163587bb-2c3b-4498-b576-18147cf38274: start FollowerState
2019-10-16 11:35:53,540 [Thread-1893] INFO  impl.FollowerState (FollowerState.java:run(117)) - 163587bb-2c3b-4498-b576-18147cf38274@group-2077DD483DC7-FollowerState was interrupted: java.lang.InterruptedException: sleep interrupted
2019-10-16 11:35:53,540 [grpc-default-executor-4] INFO  impl.RoleInfo (RoleInfo.java:shutdownFollowerState(121)) - 4281bf39-36db-462c-8bc9-3c86cb645344: shutdown FollowerState
2019-10-16 11:35:53,540 [Thread-1894] INFO  impl.FollowerState (FollowerState.java:run(117)) - 70b633f6-b230-4b9f-87f3-510da88f1e08@group-2077DD483DC7-FollowerState was interrupted: java.lang.InterruptedException: sleep interrupted
2019-10-16 11:35:53,540 [grpc-default-executor-0] INFO  impl.RoleInfo (RoleInfo.java:updateAndGet(143)) - 70b633f6-b230-4b9f-87f3-510da88f1e08: start FollowerState
2019-10-16 11:35:53,540 [grpc-default-executor-3] INFO  impl.RoleInfo (RoleInfo.java:shutdownFollowerState(121)) - f94c755f-9f95-40b5-85b9-5e712f3f34e7: shutdown FollowerState
2019-10-16 11:35:53,541 [Thread-1900] INFO  impl.FollowerState (FollowerState.java:run(117)) - 4281bf39-36db-462c-8bc9-3c86cb645344@group-B3673A53AB6F-FollowerState was interrupted: java.lang.InterruptedException: sleep interrupted
2019-10-16 11:35:53,541 [grpc-default-executor-4] INFO  impl.RoleInfo (RoleInfo.java:updateAndGet(143)) - 4281bf39-36db-462c-8bc9-3c86cb645344: start FollowerState
2019-10-16 11:35:53,541 [Thread-1899] INFO  impl.FollowerState (FollowerState.java:run(117)) - f94c755f-9f95-40b5-85b9-5e712f3f34e7@group-B3673A53AB6F-FollowerState was interrupted: java.lang.InterruptedException: sleep interrupted
2019-10-16 11:35:53,541 [grpc-default-executor-3] INFO  impl.RoleInfo (RoleInfo.java:updateAndGet(143)) - f94c755f-9f95-40b5-85b9-5e712f3f34e7: start FollowerState
2019-10-16 11:35:53,555 [a3132885-145f-4a8c-85f4-c10eb874732d@group-2077DD483DC7-LeaderElection228] INFO  impl.LeaderElection (LeaderElection.java:logAndReturn(56)) - a3132885-145f-4a8c-85f4-c10eb874732d@group-2077DD483DC7-LeaderElection228: Election REJECTED; received 2 response(s) [a3132885-145f-4a8c-85f4-c10eb874732d<-163587bb-2c3b-4498-b576-18147cf38274#0:FAIL-t115, a3132885-145f-4a8c-85f4-c10eb874732d<-70b633f6-b230-4b9f-87f3-510da88f1e08#0:FAIL-t115] and 0 exception(s); a3132885-145f-4a8c-85f4-c10eb874732d@group-2077DD483DC7:t115, leader=null, voted=a3132885-145f-4a8c-85f4-c10eb874732d, raftlog=a3132885-145f-4a8c-85f4-c10eb874732d@group-2077DD483DC7-SegmentedRaftLog:OPENED:c-1,f-1,i0, conf=-1: [163587bb-2c3b-4498-b576-18147cf38274:192.168.157.203:33208, a3132885-145f-4a8c-85f4-c10eb874732d:192.168.157.203:46766, 70b633f6-b230-4b9f-87f3-510da88f1e08:192.168.157.203:43163], old=null
2019-10-16 11:35:53,555 [1ee6da7b-5867-4bad-ba0d-a2cfd13fd72a@group-B3673A53AB6F-LeaderElection229] INFO  impl.LeaderElection (LeaderElection.java:logAndReturn(56)) - 1ee6da7b-5867-4bad-ba0d-a2cfd13fd72a@group-B3673A53AB6F-LeaderElection229: Election REJECTED; received 2 response(s) [1ee6da7b-5867-4bad-ba0d-a2cfd13fd72a<-f94c755f-9f95-40b5-85b9-5e712f3f34e7#0:FAIL-t124, 1ee6da7b-5867-4bad-ba0d-a2cfd13fd72a<-4281bf39-36db-462c-8bc9-3c86cb645344#0:FAIL-t124] and 0 exception(s); 1ee6da7b-5867-4bad-ba0d-a2cfd13fd72a@group-B3673A53AB6F:t124, leader=null, voted=1ee6da7b-5867-4bad-ba0d-a2cfd13fd72a, raftlog=1ee6da7b-5867-4bad-ba0d-a2cfd13fd72a@group-B3673A53AB6F-SegmentedRaftLog:OPENED:c-1,f-1,i0, conf=-1: [f94c755f-9f95-40b5-85b9-5e712f3f34e7:192.168.157.203:45275, 1ee6da7b-5867-4bad-ba0d-a2cfd13fd72a:192.168.157.203:35892, 4281bf39-36db-462c-8bc9-3c86cb645344:192.168.157.203:42381], old=null
2019-10-16 11:35:53,555 [a3132885-145f-4a8c-85f4-c10eb874732d@group-2077DD483DC7-LeaderElection228] INFO  impl.RaftServerImpl (RaftServerImpl.java:setRole(184)) - a3132885-145f-4a8c-85f4-c10eb874732d@group-2077DD483DC7: changes role from CANDIDATE to FOLLOWER at term 115 for DISCOVERED_A_NEW_TERM
2019-10-16 11:35:53,555 [1ee6da7b-5867-4bad-ba0d-a2cfd13fd72a@group-B3673A53AB6F-LeaderElection229] INFO  impl.RaftServerImpl (RaftServerImpl.java:setRole(184)) - 1ee6da7b-5867-4bad-ba0d-a2cfd13fd72a@group-B3673A53AB6F: changes role from CANDIDATE to FOLLOWER at term 124 for DISCOVERED_A_NEW_TERM
2019-10-16 11:35:53,555 [a3132885-145f-4a8c-85f4-c10eb874732d@group-2077DD483DC7-LeaderElection228] INFO  impl.RoleInfo (RoleInfo.java:shutdownLeaderElection(134)) - a3132885-145f-4a8c-85f4-c10eb874732d: shutdown LeaderElection
2019-10-16 11:35:53,555 [1ee6da7b-5867-4bad-ba0d-a2cfd13fd72a@group-B3673A53AB6F-LeaderElection229] INFO  impl.RoleInfo (RoleInfo.java:shutdownLeaderElection(134)) - 1ee6da7b-5867-4bad-ba0d-a2cfd13fd72a: shutdown LeaderElection
2019-10-16 11:35:53,555 [a3132885-145f-4a8c-85f4-c10eb874732d@group-2077DD483DC7-LeaderElection228] INFO  impl.RoleInfo (RoleInfo.java:updateAndGet(143)) - a3132885-145f-4a8c-85f4-c10eb874732d: start FollowerState
2019-10-16 11:35:53,556 [1ee6da7b-5867-4bad-ba0d-a2cfd13fd72a@group-B3673A53AB6F-LeaderElection229] INFO  impl.RoleInfo (RoleInfo.java:updateAndGet(143)) - 1ee6da7b-5867-4bad-ba0d-a2cfd13fd72a: start FollowerState
2019-10-16 11:35:53,667 [Thread-1914] INFO  impl.FollowerState (FollowerState.java:run(108)) - a3132885-145f-4a8c-85f4-c10eb874732d@group-2077DD483DC7-FollowerState: change to CANDIDATE, lastRpcTime:111ms, electionTimeout:111ms
2019-10-16 11:35:53,667 [Thread-1914] INFO  impl.RoleInfo (RoleInfo.java:shutdownFollowerState(121)) - a3132885-145f-4a8c-85f4-c10eb874732d: shutdown FollowerState
2019-10-16 11:35:53,667 [Thread-1914] INFO  impl.RaftServerImpl (RaftServerImpl.java:setRole(184)) - a3132885-145f-4a8c-85f4-c10eb874732d@group-2077DD483DC7: changes role from  FOLLOWER to CANDIDATE at term 115 for changeToCandidate
2019-10-16 11:35:53,668 [Thread-1914] INFO  impl.RoleInfo (RoleInfo.java:updateAndGet(143)) - a3132885-145f-4a8c-85f4-c10eb874732d: start LeaderElection
2019-10-16 11:35:53,732 [a3132885-145f-4a8c-85f4-c10eb874732d@group-2077DD483DC7-LeaderElection230] INFO  impl.LeaderElection (LeaderElection.java:askForVotes(178)) - a3132885-145f-4a8c-85f4-c10eb874732d@group-2077DD483DC7-LeaderElection230: begin an election at term 116 for -1: [163587bb-2c3b-4498-b576-18147cf38274:192.168.157.203:33208, a3132885-145f-4a8c-85f4-c10eb874732d:192.168.157.203:46766, 70b633f6-b230-4b9f-87f3-510da88f1e08:192.168.157.203:43163], old=null
2019-10-16 11:35:53,736 [grpc-default-executor-4] INFO  impl.RaftServerImpl (RaftServerImpl.java:setRole(184)) - 163587bb-2c3b-4498-b576-18147cf38274@group-2077DD483DC7: changes role from  FOLLOWER to FOLLOWER at term 116 for recognizeCandidate:a3132885-145f-4a8c-85f4-c10eb874732d
2019-10-16 11:35:53,736 [grpc-default-executor-3] INFO  impl.RaftServerImpl (RaftServerImpl.java:setRole(184)) - 70b633f6-b230-4b9f-87f3-510da88f1e08@group-2077DD483DC7: changes role from  FOLLOWER to FOLLOWER at term 116 for recognizeCandidate:a3132885-145f-4a8c-85f4-c10eb874732d
2019-10-16 11:35:53,736 [grpc-default-executor-4] INFO  impl.RoleInfo (RoleInfo.java:shutdownFollowerState(121)) - 163587bb-2c3b-4498-b576-18147cf38274: shutdown FollowerState
2019-10-16 11:35:53,736 [grpc-default-executor-3] INFO  impl.RoleInfo (RoleInfo.java:shutdownFollowerState(121)) - 70b633f6-b230-4b9f-87f3-510da88f1e08: shutdown FollowerState
2019-10-16 11:35:53,736 [Thread-1910] INFO  impl.FollowerState (FollowerState.java:run(117)) - 163587bb-2c3b-4498-b576-18147cf38274@group-2077DD483DC7-FollowerState was interrupted: java.lang.InterruptedException: sleep interrupted
2019-10-16 11:35:53,736 [grpc-default-executor-4] INFO  impl.RoleInfo (RoleInfo.java:updateAndGet(143)) - 163587bb-2c3b-4498-b576-18147cf38274: start FollowerState
2019-10-16 11:35:53,737 [Thread-1911] INFO  impl.FollowerState (FollowerState.java:run(117)) - 70b633f6-b230-4b9f-87f3-510da88f1e08@group-2077DD483DC7-FollowerState was interrupted: java.lang.InterruptedException: sleep interrupted
2019-10-16 11:35:53,737 [grpc-default-executor-3] INFO  impl.RoleInfo (RoleInfo.java:updateAndGet(143)) - 70b633f6-b230-4b9f-87f3-510da88f1e08: start FollowerState
2019-10-16 11:35:53,746 [Thread-1915] INFO  impl.FollowerState (FollowerState.java:run(108)) - 1ee6da7b-5867-4bad-ba0d-a2cfd13fd72a@group-B3673A53AB6F-FollowerState: change to CANDIDATE, lastRpcTime:190ms, electionTimeout:190ms
2019-10-16 11:35:53,746 [Thread-1915] INFO  impl.RoleInfo (RoleInfo.java:shutdownFollowerState(121)) - 1ee6da7b-5867-4bad-ba0d-a2cfd13fd72a: shutdown FollowerState
2019-10-16 11:35:53,746 [Thread-1915] INFO  impl.RaftServerImpl (RaftServerImpl.java:setRole(184)) - 1ee6da7b-5867-4bad-ba0d-a2cfd13fd72a@group-B3673A53AB6F: changes role from  FOLLOWER to CANDIDATE at term 124 for changeToCandidate
2019-10-16 11:35:53,747 [Thread-1915] INFO  impl.RoleInfo (RoleInfo.java:updateAndGet(143)) - 1ee6da7b-5867-4bad-ba0d-a2cfd13fd72a: start LeaderElection
2019-10-16 11:35:53,754 [1ee6da7b-5867-4bad-ba0d-a2cfd13fd72a@group-B3673A53AB6F-LeaderElection231] INFO  impl.LeaderElection (LeaderElection.java:askForVotes(178)) - 1ee6da7b-5867-4bad-ba0d-a2cfd13fd72a@group-B3673A53AB6F-LeaderElection231: begin an election at term 125 for -1: [f94c755f-9f95-40b5-85b9-5e712f3f34e7:192.168.157.203:45275, 1ee6da7b-5867-4bad-ba0d-a2cfd13fd72a:192.168.157.203:35892, 4281bf39-36db-462c-8bc9-3c86cb645344:192.168.157.203:42381], old=null
2019-10-16 11:35:53,755 [a3132885-145f-4a8c-85f4-c10eb874732d@group-2077DD483DC7-LeaderElection230] INFO  impl.LeaderElection (LeaderElection.java:logAndReturn(56)) - a3132885-145f-4a8c-85f4-c10eb874732d@group-2077DD483DC7-LeaderElection230: Election REJECTED; received 2 response(s) [a3132885-145f-4a8c-85f4-c10eb874732d<-163587bb-2c3b-4498-b576-18147cf38274#0:FAIL-t116, a3132885-145f-4a8c-85f4-c10eb874732d<-70b633f6-b230-4b9f-87f3-510da88f1e08#0:FAIL-t116] and 0 exception(s); a3132885-145f-4a8c-85f4-c10eb874732d@group-2077DD483DC7:t116, leader=null, voted=a3132885-145f-4a8c-85f4-c10eb874732d, raftlog=a3132885-145f-4a8c-85f4-c10eb874732d@group-2077DD483DC7-SegmentedRaftLog:OPENED:c-1,f-1,i0, conf=-1: [163587bb-2c3b-4498-b576-18147cf38274:192.168.157.203:33208, a3132885-145f-4a8c-85f4-c10eb874732d:192.168.157.203:46766, 70b633f6-b230-4b9f-87f3-510da88f1e08:192.168.157.203:43163], old=null
2019-10-16 11:35:53,755 [a3132885-145f-4a8c-85f4-c10eb874732d@group-2077DD483DC7-LeaderElection230] INFO  impl.RaftServerImpl (RaftServerImpl.java:setRole(184)) - a3132885-145f-4a8c-85f4-c10eb874732d@group-2077DD483DC7: changes role from CANDIDATE to FOLLOWER at term 116 for DISCOVERED_A_NEW_TERM
2019-10-16 11:35:53,755 [a3132885-145f-4a8c-85f4-c10eb874732d@group-2077DD483DC7-LeaderElection230] INFO  impl.RoleInfo (RoleInfo.java:shutdownLeaderElection(134)) - a3132885-145f-4a8c-85f4-c10eb874732d: shutdown LeaderElection
2019-10-16 11:35:53,755 [a3132885-145f-4a8c-85f4-c10eb874732d@group-2077DD483DC7-LeaderElection230] INFO  impl.RoleInfo (RoleInfo.java:updateAndGet(143)) - a3132885-145f-4a8c-85f4-c10eb874732d: start FollowerState
2019-10-16 11:35:53,756 [grpc-default-executor-4] INFO  impl.RaftServerImpl (RaftServerImpl.java:setRole(184)) - f94c755f-9f95-40b5-85b9-5e712f3f34e7@group-B3673A53AB6F: changes role from  FOLLOWER to FOLLOWER at term 125 for recognizeCandidate:1ee6da7b-5867-4bad-ba0d-a2cfd13fd72a
2019-10-16 11:35:53,756 [grpc-default-executor-4] INFO  impl.RoleInfo (RoleInfo.java:shutdownFollowerState(121)) - f94c755f-9f95-40b5-85b9-5e712f3f34e7: shutdown FollowerState
2019-10-16 11:35:53,756 [grpc-default-executor-3] INFO  impl.RaftServerImpl (RaftServerImpl.java:setRole(184)) - 4281bf39-36db-462c-8bc9-3c86cb645344@group-B3673A53AB6F: changes role from  FOLLOWER to FOLLOWER at term 125 for recognizeCandidate:1ee6da7b-5867-4bad-ba0d-a2cfd13fd72a
2019-10-16 11:35:53,756 [grpc-default-executor-3] INFO  impl.RoleInfo (RoleInfo.java:shutdownFollowerState(121)) - 4281bf39-36db-462c-8bc9-3c86cb645344: shutdown FollowerState
2019-10-16 11:35:53,756 [Thread-1913] INFO  impl.FollowerState (FollowerState.java:run(117)) - f94c755f-9f95-40b5-85b9-5e712f3f34e7@group-B3673A53AB6F-FollowerState was interrupted: java.lang.InterruptedException: sleep interrupted
2019-10-16 11:35:53,756 [grpc-default-executor-4] INFO  impl.RoleInfo (RoleInfo.java:updateAndGet(143)) - f94c755f-9f95-40b5-85b9-5e712f3f34e7: start FollowerState
2019-10-16 11:35:53,756 [Thread-1912] INFO  impl.FollowerState (FollowerState.java:run(117)) - 4281bf39-36db-462c-8bc9-3c86cb645344@group-B3673A53AB6F-FollowerState was interrupted: java.lang.InterruptedException: sleep interrupted
2019-10-16 11:35:53,756 [grpc-default-executor-3] INFO  impl.RoleInfo (RoleInfo.java:updateAndGet(143)) - 4281bf39-36db-462c-8bc9-3c86cb645344: start FollowerState
2019-10-16 11:35:53,768 [1ee6da7b-5867-4bad-ba0d-a2cfd13fd72a@group-B3673A53AB6F-LeaderElection231] INFO  impl.LeaderElection (LeaderElection.java:logAndReturn(56)) - 1ee6da7b-5867-4bad-ba0d-a2cfd13fd72a@group-B3673A53AB6F-LeaderElection231: Election REJECTED; received 2 response(s) [1ee6da7b-5867-4bad-ba0d-a2cfd13fd72a<-f94c755f-9f95-40b5-85b9-5e712f3f34e7#0:FAIL-t125, 1ee6da7b-5867-4bad-ba0d-a2cfd13fd72a<-4281bf39-36db-462c-8bc9-3c86cb645344#0:FAIL-t125] and 0 exception(s); 1ee6da7b-5867-4bad-ba0d-a2cfd13fd72a@group-B3673A53AB6F:t125, leader=null, voted=1ee6da7b-5867-4bad-ba0d-a2cfd13fd72a, raftlog=1ee6da7b-5867-4bad-ba0d-a2cfd13fd72a@group-B3673A53AB6F-SegmentedRaftLog:OPENED:c-1,f-1,i0, conf=-1: [f94c755f-9f95-40b5-85b9-5e712f3f34e7:192.168.157.203:45275, 1ee6da7b-5867-4bad-ba0d-a2cfd13fd72a:192.168.157.203:35892, 4281bf39-36db-462c-8bc9-3c86cb645344:192.168.157.203:42381], old=null
2019-10-16 11:35:53,768 [1ee6da7b-5867-4bad-ba0d-a2cfd13fd72a@group-B3673A53AB6F-LeaderElection231] INFO  impl.RaftServerImpl (RaftServerImpl.java:setRole(184)) - 1ee6da7b-5867-4bad-ba0d-a2cfd13fd72a@group-B3673A53AB6F: changes role from CANDIDATE to FOLLOWER at term 125 for DISCOVERED_A_NEW_TERM
2019-10-16 11:35:53,768 [1ee6da7b-5867-4bad-ba0d-a2cfd13fd72a@group-B3673A53AB6F-LeaderElection231] INFO  impl.RoleInfo (RoleInfo.java:shutdownLeaderElection(134)) - 1ee6da7b-5867-4bad-ba0d-a2cfd13fd72a: shutdown LeaderElection
2019-10-16 11:35:53,768 [1ee6da7b-5867-4bad-ba0d-a2cfd13fd72a@group-B3673A53AB6F-LeaderElection231] INFO  impl.RoleInfo (RoleInfo.java:updateAndGet(143)) - 1ee6da7b-5867-4bad-ba0d-a2cfd13fd72a: start FollowerState
2019-10-16 11:35:53,868 [Thread-1927] INFO  impl.FollowerState (FollowerState.java:run(108)) - 1ee6da7b-5867-4bad-ba0d-a2cfd13fd72a@group-B3673A53AB6F-FollowerState: change to CANDIDATE, lastRpcTime:99ms, electionTimeout:99ms
2019-10-16 11:35:53,868 [Thread-1927] INFO  impl.RoleInfo (RoleInfo.java:shutdownFollowerState(121)) - 1ee6da7b-5867-4bad-ba0d-a2cfd13fd72a: shutdown FollowerState
2019-10-16 11:35:53,868 [Thread-1927] INFO  impl.RaftServerImpl (RaftServerImpl.java:setRole(184)) - 1ee6da7b-5867-4bad-ba0d-a2cfd13fd72a@group-B3673A53AB6F: changes role from  FOLLOWER to CANDIDATE at term 125 for changeToCandidate
2019-10-16 11:35:53,868 [Thread-1927] INFO  impl.RoleInfo (RoleInfo.java:updateAndGet(143)) - 1ee6da7b-5867-4bad-ba0d-a2cfd13fd72a: start LeaderElection
2019-10-16 11:35:53,879 [1ee6da7b-5867-4bad-ba0d-a2cfd13fd72a@group-B3673A53AB6F-LeaderElection232] INFO  impl.LeaderElection (LeaderElection.java:askForVotes(178)) - 1ee6da7b-5867-4bad-ba0d-a2cfd13fd72a@group-B3673A53AB6F-LeaderElection232: begin an election at term 126 for -1: [f94c755f-9f95-40b5-85b9-5e712f3f34e7:192.168.157.203:45275, 1ee6da7b-5867-4bad-ba0d-a2cfd13fd72a:192.168.157.203:35892, 4281bf39-36db-462c-8bc9-3c86cb645344:192.168.157.203:42381], old=null
2019-10-16 11:35:53,881 [grpc-default-executor-3] INFO  impl.RaftServerImpl (RaftServerImpl.java:setRole(184)) - 4281bf39-36db-462c-8bc9-3c86cb645344@group-B3673A53AB6F: changes role from  FOLLOWER to FOLLOWER at term 126 for recognizeCandidate:1ee6da7b-5867-4bad-ba0d-a2cfd13fd72a
2019-10-16 11:35:53,881 [grpc-default-executor-3] INFO  impl.RoleInfo (RoleInfo.java:shutdownFollowerState(121)) - 4281bf39-36db-462c-8bc9-3c86cb645344: shutdown FollowerState
2019-10-16 11:35:53,881 [grpc-default-executor-4] INFO  impl.RaftServerImpl (RaftServerImpl.java:setRole(184)) - f94c755f-9f95-40b5-85b9-5e712f3f34e7@group-B3673A53AB6F: changes role from  FOLLOWER to FOLLOWER at term 126 for recognizeCandidate:1ee6da7b-5867-4bad-ba0d-a2cfd13fd72a
2019-10-16 11:35:53,881 [Thread-1926] INFO  impl.FollowerState (FollowerState.java:run(117)) - 4281bf39-36db-462c-8bc9-3c86cb645344@group-B3673A53AB6F-FollowerState was interrupted: java.lang.InterruptedException: sleep interrupted
2019-10-16 11:35:53,881 [grpc-default-executor-3] INFO  impl.RoleInfo (RoleInfo.java:updateAndGet(143)) - 4281bf39-36db-462c-8bc9-3c86cb645344: start FollowerState
2019-10-16 11:35:53,882 [grpc-default-executor-4] INFO  impl.RoleInfo (RoleInfo.java:shutdownFollowerState(121)) - f94c755f-9f95-40b5-85b9-5e712f3f34e7: shutdown FollowerState
2019-10-16 11:35:53,883 [grpc-default-executor-4] INFO  impl.RoleInfo (RoleInfo.java:updateAndGet(143)) - f94c755f-9f95-40b5-85b9-5e712f3f34e7: start FollowerState
2019-10-16 11:35:53,883 [Thread-1925] INFO  impl.FollowerState (FollowerState.java:run(117)) - f94c755f-9f95-40b5-85b9-5e712f3f34e7@group-B3673A53AB6F-FollowerState was interrupted: java.lang.InterruptedException: sleep interrupted
2019-10-16 11:35:53,890 [1ee6da7b-5867-4bad-ba0d-a2cfd13fd72a@group-B3673A53AB6F-LeaderElection232] INFO  impl.LeaderElection (LeaderElection.java:logAndReturn(56)) - 1ee6da7b-5867-4bad-ba0d-a2cfd13fd72a@group-B3673A53AB6F-LeaderElection232: Election REJECTED; received 2 response(s) [1ee6da7b-5867-4bad-ba0d-a2cfd13fd72a<-f94c755f-9f95-40b5-85b9-5e712f3f34e7#0:FAIL-t126, 1ee6da7b-5867-4bad-ba0d-a2cfd13fd72a<-4281bf39-36db-462c-8bc9-3c86cb645344#0:FAIL-t126] and 0 exception(s); 1ee6da7b-5867-4bad-ba0d-a2cfd13fd72a@group-B3673A53AB6F:t126, leader=null, voted=1ee6da7b-5867-4bad-ba0d-a2cfd13fd72a, raftlog=1ee6da7b-5867-4bad-ba0d-a2cfd13fd72a@group-B3673A53AB6F-SegmentedRaftLog:OPENED:c-1,f-1,i0, conf=-1: [f94c755f-9f95-40b5-85b9-5e712f3f34e7:192.168.157.203:45275, 1ee6da7b-5867-4bad-ba0d-a2cfd13fd72a:192.168.157.203:35892, 4281bf39-36db-462c-8bc9-3c86cb645344:192.168.157.203:42381], old=null
2019-10-16 11:35:53,891 [1ee6da7b-5867-4bad-ba0d-a2cfd13fd72a@group-B3673A53AB6F-LeaderElection232] INFO  impl.RaftServerImpl (RaftServerImpl.java:setRole(184)) - 1ee6da7b-5867-4bad-ba0d-a2cfd13fd72a@group-B3673A53AB6F: changes role from CANDIDATE to FOLLOWER at term 126 for DISCOVERED_A_NEW_TERM
2019-10-16 11:35:53,891 [1ee6da7b-5867-4bad-ba0d-a2cfd13fd72a@group-B3673A53AB6F-LeaderElection232] INFO  impl.RoleInfo (RoleInfo.java:shutdownLeaderElection(134)) - 1ee6da7b-5867-4bad-ba0d-a2cfd13fd72a: shutdown LeaderElection
2019-10-16 11:35:53,891 [1ee6da7b-5867-4bad-ba0d-a2cfd13fd72a@group-B3673A53AB6F-LeaderElection232] INFO  impl.RoleInfo (RoleInfo.java:updateAndGet(143)) - 1ee6da7b-5867-4bad-ba0d-a2cfd13fd72a: start FollowerState
2019-10-16 11:35:53,920 [Thread-1924] INFO  impl.FollowerState (FollowerState.java:run(108)) - a3132885-145f-4a8c-85f4-c10eb874732d@group-2077DD483DC7-FollowerState: change to CANDIDATE, lastRpcTime:164ms, electionTimeout:164ms
2019-10-16 11:35:53,920 [Thread-1924] INFO  impl.RoleInfo (RoleInfo.java:shutdownFollowerState(121)) - a3132885-145f-4a8c-85f4-c10eb874732d: shutdown FollowerState
2019-10-16 11:35:53,920 [Thread-1924] INFO  impl.RaftServerImpl (RaftServerImpl.java:setRole(184)) - a3132885-145f-4a8c-85f4-c10eb874732d@group-2077DD483DC7: changes role from  FOLLOWER to CANDIDATE at term 116 for changeToCandidate
2019-10-16 11:35:53,920 [Thread-1924] INFO  impl.RoleInfo (RoleInfo.java:updateAndGet(143)) - a3132885-145f-4a8c-85f4-c10eb874732d: start LeaderElection
2019-10-16 11:35:53,932 [a3132885-145f-4a8c-85f4-c10eb874732d@group-2077DD483DC7-LeaderElection233] INFO  impl.LeaderElection (LeaderElection.java:askForVotes(178)) - a3132885-145f-4a8c-85f4-c10eb874732d@group-2077DD483DC7-LeaderElection233: begin an election at term 117 for -1: [163587bb-2c3b-4498-b576-18147cf38274:192.168.157.203:33208, a3132885-145f-4a8c-85f4-c10eb874732d:192.168.157.203:46766, 70b633f6-b230-4b9f-87f3-510da88f1e08:192.168.157.203:43163], old=null
2019-10-16 11:35:53,934 [grpc-default-executor-3] INFO  impl.RaftServerImpl (RaftServerImpl.java:setRole(184)) - 163587bb-2c3b-4498-b576-18147cf38274@group-2077DD483DC7: changes role from  FOLLOWER to FOLLOWER at term 117 for recognizeCandidate:a3132885-145f-4a8c-85f4-c10eb874732d
2019-10-16 11:35:53,934 [grpc-default-executor-5] INFO  impl.RaftServerImpl (RaftServerImpl.java:setRole(184)) - 70b633f6-b230-4b9f-87f3-510da88f1e08@group-2077DD483DC7: changes role from  FOLLOWER to FOLLOWER at term 117 for recognizeCandidate:a3132885-145f-4a8c-85f4-c10eb874732d
2019-10-16 11:35:53,935 [grpc-default-executor-5] INFO  impl.RoleInfo (RoleInfo.java:shutdownFollowerState(121)) - 70b633f6-b230-4b9f-87f3-510da88f1e08: shutdown FollowerState
2019-10-16 11:35:53,935 [grpc-default-executor-3] INFO  impl.RoleInfo (RoleInfo.java:shutdownFollowerState(121)) - 163587bb-2c3b-4498-b576-18147cf38274: shutdown FollowerState
2019-10-16 11:35:53,935 [Thread-1920] INFO  impl.FollowerState (FollowerState.java:run(117)) - 70b633f6-b230-4b9f-87f3-510da88f1e08@group-2077DD483DC7-FollowerState was interrupted: java.lang.InterruptedException: sleep interrupted
2019-10-16 11:35:53,935 [grpc-default-executor-5] INFO  impl.RoleInfo (RoleInfo.java:updateAndGet(143)) - 70b633f6-b230-4b9f-87f3-510da88f1e08: start FollowerState
2019-10-16 11:35:53,935 [Thread-1919] INFO  impl.FollowerState (FollowerState.java:run(117)) - 163587bb-2c3b-4498-b576-18147cf38274@group-2077DD483DC7-FollowerState was interrupted: java.lang.InterruptedException: sleep interrupted
2019-10-16 11:35:53,935 [grpc-default-executor-3] INFO  impl.RoleInfo (RoleInfo.java:updateAndGet(143)) - 163587bb-2c3b-4498-b576-18147cf38274: start FollowerState
2019-10-16 11:35:53,958 [Thread-1934] INFO  impl.FollowerState (FollowerState.java:run(108)) - 1ee6da7b-5867-4bad-ba0d-a2cfd13fd72a@group-B3673A53AB6F-FollowerState: change to CANDIDATE, lastRpcTime:67ms, electionTimeout:67ms
2019-10-16 11:35:53,958 [Thread-1934] INFO  impl.RoleInfo (RoleInfo.java:shutdownFollowerState(121)) - 1ee6da7b-5867-4bad-ba0d-a2cfd13fd72a: shutdown FollowerState
2019-10-16 11:35:53,959 [Thread-1934] INFO  impl.RaftServerImpl (RaftServerImpl.java:setRole(184)) - 1ee6da7b-5867-4bad-ba0d-a2cfd13fd72a@group-B3673A53AB6F: changes role from  FOLLOWER to CANDIDATE at term 126 for changeToCandidate
2019-10-16 11:35:53,959 [Thread-1934] INFO  impl.RoleInfo (RoleInfo.java:updateAndGet(143)) - 1ee6da7b-5867-4bad-ba0d-a2cfd13fd72a: start LeaderElection
2019-10-16 11:35:53,965 [1ee6da7b-5867-4bad-ba0d-a2cfd13fd72a@group-B3673A53AB6F-LeaderElection234] INFO  impl.LeaderElection (LeaderElection.java:askForVotes(178)) - 1ee6da7b-5867-4bad-ba0d-a2cfd13fd72a@group-B3673A53AB6F-LeaderElection234: begin an election at term 127 for -1: [f94c755f-9f95-40b5-85b9-5e712f3f34e7:192.168.157.203:45275, 1ee6da7b-5867-4bad-ba0d-a2cfd13fd72a:192.168.157.203:35892, 4281bf39-36db-462c-8bc9-3c86cb645344:192.168.157.203:42381], old=null
2019-10-16 11:35:53,966 [a3132885-145f-4a8c-85f4-c10eb874732d@group-2077DD483DC7-LeaderElection233] INFO  impl.LeaderElection (LeaderElection.java:logAndReturn(56)) - a3132885-145f-4a8c-85f4-c10eb874732d@group-2077DD483DC7-LeaderElection233: Election REJECTED; received 2 response(s) [a3132885-145f-4a8c-85f4-c10eb874732d<-163587bb-2c3b-4498-b576-18147cf38274#0:FAIL-t117, a3132885-145f-4a8c-85f4-c10eb874732d<-70b633f6-b230-4b9f-87f3-510da88f1e08#0:FAIL-t117] and 0 exception(s); a3132885-145f-4a8c-85f4-c10eb874732d@group-2077DD483DC7:t117, leader=null, voted=a3132885-145f-4a8c-85f4-c10eb874732d, raftlog=a3132885-145f-4a8c-85f4-c10eb874732d@group-2077DD483DC7-SegmentedRaftLog:OPENED:c-1,f-1,i0, conf=-1: [163587bb-2c3b-4498-b576-18147cf38274:192.168.157.203:33208, a3132885-145f-4a8c-85f4-c10eb874732d:192.168.157.203:46766, 70b633f6-b230-4b9f-87f3-510da88f1e08:192.168.157.203:43163], old=null
2019-10-16 11:35:53,966 [a3132885-145f-4a8c-85f4-c10eb874732d@group-2077DD483DC7-LeaderElection233] INFO  impl.RaftServerImpl (RaftServerImpl.java:setRole(184)) - a3132885-145f-4a8c-85f4-c10eb874732d@group-2077DD483DC7: changes role from CANDIDATE to FOLLOWER at term 117 for DISCOVERED_A_NEW_TERM
2019-10-16 11:35:53,966 [a3132885-145f-4a8c-85f4-c10eb874732d@group-2077DD483DC7-LeaderElection233] INFO  impl.RoleInfo (RoleInfo.java:shutdownLeaderElection(134)) - a3132885-145f-4a8c-85f4-c10eb874732d: shutdown LeaderElection
2019-10-16 11:35:53,967 [a3132885-145f-4a8c-85f4-c10eb874732d@group-2077DD483DC7-LeaderElection233] INFO  impl.RoleInfo (RoleInfo.java:updateAndGet(143)) - a3132885-145f-4a8c-85f4-c10eb874732d: start FollowerState
2019-10-16 11:35:53,967 [grpc-default-executor-5] INFO  impl.RaftServerImpl (RaftServerImpl.java:setRole(184)) - f94c755f-9f95-40b5-85b9-5e712f3f34e7@group-B3673A53AB6F: changes role from  FOLLOWER to FOLLOWER at term 127 for recognizeCandidate:1ee6da7b-5867-4bad-ba0d-a2cfd13fd72a
2019-10-16 11:35:53,967 [grpc-default-executor-5] INFO  impl.RoleInfo (RoleInfo.java:shutdownFollowerState(121)) - f94c755f-9f95-40b5-85b9-5e712f3f34e7: shutdown FollowerState
2019-10-16 11:35:53,967 [grpc-default-executor-3] INFO  impl.RaftServerImpl (RaftServerImpl.java:setRole(184)) - 4281bf39-36db-462c-8bc9-3c86cb645344@group-B3673A53AB6F: changes role from  FOLLOWER to FOLLOWER at term 127 for recognizeCandidate:1ee6da7b-5867-4bad-ba0d-a2cfd13fd72a
2019-10-16 11:35:53,967 [Thread-1933] INFO  impl.FollowerState (FollowerState.java:run(117)) - f94c755f-9f95-40b5-85b9-5e712f3f34e7@group-B3673A53AB6F-FollowerState was interrupted: java.lang.InterruptedException: sleep interrupted
2019-10-16 11:35:53,967 [grpc-default-executor-5] INFO  impl.RoleInfo (RoleInfo.java:updateAndGet(143)) - f94c755f-9f95-40b5-85b9-5e712f3f34e7: start FollowerState
2019-10-16 11:35:53,967 [grpc-default-executor-3] INFO  impl.RoleInfo (RoleInfo.java:shutdownFollowerState(121)) - 4281bf39-36db-462c-8bc9-3c86cb645344: shutdown FollowerState
2019-10-16 11:35:53,968 [grpc-default-executor-3] INFO  impl.RoleInfo (RoleInfo.java:updateAndGet(143)) - 4281bf39-36db-462c-8bc9-3c86cb645344: start FollowerState
2019-10-16 11:35:53,968 [Thread-1932] INFO  impl.FollowerState (FollowerState.java:run(117)) - 4281bf39-36db-462c-8bc9-3c86cb645344@group-B3673A53AB6F-FollowerState was interrupted: java.lang.InterruptedException: sleep interrupted
2019-10-16 11:35:53,977 [1ee6da7b-5867-4bad-ba0d-a2cfd13fd72a@group-B3673A53AB6F-LeaderElection234] INFO  impl.LeaderElection (LeaderElection.java:logAndReturn(56)) - 1ee6da7b-5867-4bad-ba0d-a2cfd13fd72a@group-B3673A53AB6F-LeaderElection234: Election REJECTED; received 2 response(s) [1ee6da7b-5867-4bad-ba0d-a2cfd13fd72a<-f94c755f-9f95-40b5-85b9-5e712f3f34e7#0:FAIL-t127, 1ee6da7b-5867-4bad-ba0d-a2cfd13fd72a<-4281bf39-36db-462c-8bc9-3c86cb645344#0:FAIL-t127] and 0 exception(s); 1ee6da7b-5867-4bad-ba0d-a2cfd13fd72a@group-B3673A53AB6F:t127, leader=null, voted=1ee6da7b-5867-4bad-ba0d-a2cfd13fd72a, raftlog=1ee6da7b-5867-4bad-ba0d-a2cfd13fd72a@group-B3673A53AB6F-SegmentedRaftLog:OPENED:c-1,f-1,i0, conf=-1: [f94c755f-9f95-40b5-85b9-5e712f3f34e7:192.168.157.203:45275, 1ee6da7b-5867-4bad-ba0d-a2cfd13fd72a:192.168.157.203:35892, 4281bf39-36db-462c-8bc9-3c86cb645344:192.168.157.203:42381], old=null
2019-10-16 11:35:53,977 [1ee6da7b-5867-4bad-ba0d-a2cfd13fd72a@group-B3673A53AB6F-LeaderElection234] INFO  impl.RaftServerImpl (RaftServerImpl.java:setRole(184)) - 1ee6da7b-5867-4bad-ba0d-a2cfd13fd72a@group-B3673A53AB6F: changes role from CANDIDATE to FOLLOWER at term 127 for DISCOVERED_A_NEW_TERM
2019-10-16 11:35:53,977 [1ee6da7b-5867-4bad-ba0d-a2cfd13fd72a@group-B3673A53AB6F-LeaderElection234] INFO  impl.RoleInfo (RoleInfo.java:shutdownLeaderElection(134)) - 1ee6da7b-5867-4bad-ba0d-a2cfd13fd72a: shutdown LeaderElection
2019-10-16 11:35:53,977 [1ee6da7b-5867-4bad-ba0d-a2cfd13fd72a@group-B3673A53AB6F-LeaderElection234] INFO  impl.RoleInfo (RoleInfo.java:updateAndGet(143)) - 1ee6da7b-5867-4bad-ba0d-a2cfd13fd72a: start FollowerState
2019-10-16 11:35:53,988 [Thread-1949] INFO  impl.FollowerState (FollowerState.java:run(108)) - 1ee6da7b-5867-4bad-ba0d-a2cfd13fd72a@group-B3673A53AB6F-FollowerState: change to CANDIDATE, lastRpcTime:10ms, electionTimeout:10ms
2019-10-16 11:35:53,988 [Thread-1949] INFO  impl.RoleInfo (RoleInfo.java:shutdownFollowerState(121)) - 1ee6da7b-5867-4bad-ba0d-a2cfd13fd72a: shutdown FollowerState
2019-10-16 11:35:53,988 [Thread-1949] INFO  impl.RaftServerImpl (RaftServerImpl.java:setRole(184)) - 1ee6da7b-5867-4bad-ba0d-a2cfd13fd72a@group-B3673A53AB6F: changes role from  FOLLOWER to CANDIDATE at term 127 for changeToCandidate
2019-10-16 11:35:53,988 [Thread-1949] INFO  impl.RoleInfo (RoleInfo.java:updateAndGet(143)) - 1ee6da7b-5867-4bad-ba0d-a2cfd13fd72a: start LeaderElection
2019-10-16 11:35:53,994 [1ee6da7b-5867-4bad-ba0d-a2cfd13fd72a@group-B3673A53AB6F-LeaderElection235] INFO  impl.LeaderElection (LeaderElection.java:askForVotes(178)) - 1ee6da7b-5867-4bad-ba0d-a2cfd13fd72a@group-B3673A53AB6F-LeaderElection235: begin an election at term 128 for -1: [f94c755f-9f95-40b5-85b9-5e712f3f34e7:192.168.157.203:45275, 1ee6da7b-5867-4bad-ba0d-a2cfd13fd72a:192.168.157.203:35892, 4281bf39-36db-462c-8bc9-3c86cb645344:192.168.157.203:42381], old=null
2019-10-16 11:35:53,996 [grpc-default-executor-5] INFO  impl.RaftServerImpl (RaftServerImpl.java:setRole(184)) - f94c755f-9f95-40b5-85b9-5e712f3f34e7@group-B3673A53AB6F: changes role from  FOLLOWER to FOLLOWER at term 128 for recognizeCandidate:1ee6da7b-5867-4bad-ba0d-a2cfd13fd72a
2019-10-16 11:35:53,996 [grpc-default-executor-3] INFO  impl.RaftServerImpl (RaftServerImpl.java:setRole(184)) - 4281bf39-36db-462c-8bc9-3c86cb645344@group-B3673A53AB6F: changes role from  FOLLOWER to FOLLOWER at term 128 for recognizeCandidate:1ee6da7b-5867-4bad-ba0d-a2cfd13fd72a
2019-10-16 11:35:53,996 [grpc-default-executor-5] INFO  impl.RoleInfo (RoleInfo.java:shutdownFollowerState(121)) - f94c755f-9f95-40b5-85b9-5e712f3f34e7: shutdown FollowerState
2019-10-16 11:35:53,997 [grpc-default-executor-3] INFO  impl.RoleInfo (RoleInfo.java:shutdownFollowerState(121)) - 4281bf39-36db-462c-8bc9-3c86cb645344: shutdown FollowerState
2019-10-16 11:35:53,997 [Thread-1947] INFO  impl.FollowerState (FollowerState.java:run(117)) - f94c755f-9f95-40b5-85b9-5e712f3f34e7@group-B3673A53AB6F-FollowerState was interrupted: java.lang.InterruptedException: sleep interrupted
2019-10-16 11:35:53,997 [grpc-default-executor-5] INFO  impl.RoleInfo (RoleInfo.java:updateAndGet(143)) - f94c755f-9f95-40b5-85b9-5e712f3f34e7: start FollowerState
2019-10-16 11:35:53,997 [Thread-1948] INFO  impl.FollowerState (FollowerState.java:run(117)) - 4281bf39-36db-462c-8bc9-3c86cb645344@group-B3673A53AB6F-FollowerState was interrupted: java.lang.InterruptedException: sleep interrupted
2019-10-16 11:35:53,997 [grpc-default-executor-3] INFO  impl.RoleInfo (RoleInfo.java:updateAndGet(143)) - 4281bf39-36db-462c-8bc9-3c86cb645344: start FollowerState
2019-10-16 11:35:54,008 [1ee6da7b-5867-4bad-ba0d-a2cfd13fd72a@group-B3673A53AB6F-LeaderElection235] INFO  impl.LeaderElection (LeaderElection.java:logAndReturn(56)) - 1ee6da7b-5867-4bad-ba0d-a2cfd13fd72a@group-B3673A53AB6F-LeaderElection235: Election REJECTED; received 2 response(s) [1ee6da7b-5867-4bad-ba0d-a2cfd13fd72a<-f94c755f-9f95-40b5-85b9-5e712f3f34e7#0:FAIL-t128, 1ee6da7b-5867-4bad-ba0d-a2cfd13fd72a<-4281bf39-36db-462c-8bc9-3c86cb645344#0:FAIL-t128] and 0 exception(s); 1ee6da7b-5867-4bad-ba0d-a2cfd13fd72a@group-B3673A53AB6F:t128, leader=null, voted=1ee6da7b-5867-4bad-ba0d-a2cfd13fd72a, raftlog=1ee6da7b-5867-4bad-ba0d-a2cfd13fd72a@group-B3673A53AB6F-SegmentedRaftLog:OPENED:c-1,f-1,i0, conf=-1: [f94c755f-9f95-40b5-85b9-5e712f3f34e7:192.168.157.203:45275, 1ee6da7b-5867-4bad-ba0d-a2cfd13fd72a:192.168.157.203:35892, 4281bf39-36db-462c-8bc9-3c86cb645344:192.168.157.203:42381], old=null
2019-10-16 11:35:54,009 [1ee6da7b-5867-4bad-ba0d-a2cfd13fd72a@group-B3673A53AB6F-LeaderElection235] INFO  impl.RaftServerImpl (RaftServerImpl.java:setRole(184)) - 1ee6da7b-5867-4bad-ba0d-a2cfd13fd72a@group-B3673A53AB6F: changes role from CANDIDATE to FOLLOWER at term 128 for DISCOVERED_A_NEW_TERM
2019-10-16 11:35:54,009 [1ee6da7b-5867-4bad-ba0d-a2cfd13fd72a@group-B3673A53AB6F-LeaderElection235] INFO  impl.RoleInfo (RoleInfo.java:shutdownLeaderElection(134)) - 1ee6da7b-5867-4bad-ba0d-a2cfd13fd72a: shutdown LeaderElection
2019-10-16 11:35:54,009 [1ee6da7b-5867-4bad-ba0d-a2cfd13fd72a@group-B3673A53AB6F-LeaderElection235] INFO  impl.RoleInfo (RoleInfo.java:updateAndGet(143)) - 1ee6da7b-5867-4bad-ba0d-a2cfd13fd72a: start FollowerState
2019-10-16 11:35:54,047 [Thread-1955] INFO  impl.FollowerState (FollowerState.java:run(108)) - 1ee6da7b-5867-4bad-ba0d-a2cfd13fd72a@group-B3673A53AB6F-FollowerState: change to CANDIDATE, lastRpcTime:38ms, electionTimeout:38ms
2019-10-16 11:35:54,047 [Thread-1955] INFO  impl.RoleInfo (RoleInfo.java:shutdownFollowerState(121)) - 1ee6da7b-5867-4bad-ba0d-a2cfd13fd72a: shutdown FollowerState
2019-10-16 11:35:54,048 [Thread-1955] INFO  impl.RaftServerImpl (RaftServerImpl.java:setRole(184)) - 1ee6da7b-5867-4bad-ba0d-a2cfd13fd72a@group-B3673A53AB6F: changes role from  FOLLOWER to CANDIDATE at term 128 for changeToCandidate
2019-10-16 11:35:54,048 [Thread-1955] INFO  impl.RoleInfo (RoleInfo.java:updateAndGet(143)) - 1ee6da7b-5867-4bad-ba0d-a2cfd13fd72a: start LeaderElection
2019-10-16 11:35:54,060 [Thread-1946] INFO  impl.FollowerState (FollowerState.java:run(108)) - a3132885-145f-4a8c-85f4-c10eb874732d@group-2077DD483DC7-FollowerState: change to CANDIDATE, lastRpcTime:93ms, electionTimeout:93ms
2019-10-16 11:35:54,060 [Thread-1946] INFO  impl.RoleInfo (RoleInfo.java:shutdownFollowerState(121)) - a3132885-145f-4a8c-85f4-c10eb874732d: shutdown FollowerState
2019-10-16 11:35:54,060 [Thread-1946] INFO  impl.RaftServerImpl (RaftServerImpl.java:setRole(184)) - a3132885-145f-4a8c-85f4-c10eb874732d@group-2077DD483DC7: changes role from  FOLLOWER to CANDIDATE at term 117 for changeToCandidate
2019-10-16 11:35:54,060 [Thread-1946] INFO  impl.RoleInfo (RoleInfo.java:updateAndGet(143)) - a3132885-145f-4a8c-85f4-c10eb874732d: start LeaderElection
2019-10-16 11:35:54,063 [1ee6da7b-5867-4bad-ba0d-a2cfd13fd72a@group-B3673A53AB6F-LeaderElection236] INFO  impl.LeaderElection (LeaderElection.java:askForVotes(178)) - 1ee6da7b-5867-4bad-ba0d-a2cfd13fd72a@group-B3673A53AB6F-LeaderElection236: begin an election at term 129 for -1: [f94c755f-9f95-40b5-85b9-5e712f3f34e7:192.168.157.203:45275, 1ee6da7b-5867-4bad-ba0d-a2cfd13fd72a:192.168.157.203:35892, 4281bf39-36db-462c-8bc9-3c86cb645344:192.168.157.203:42381], old=null
2019-10-16 11:35:54,065 [grpc-default-executor-3] INFO  impl.RaftServerImpl (RaftServerImpl.java:setRole(184)) - f94c755f-9f95-40b5-85b9-5e712f3f34e7@group-B3673A53AB6F: changes role from  FOLLOWER to FOLLOWER at term 129 for recognizeCandidate:1ee6da7b-5867-4bad-ba0d-a2cfd13fd72a
2019-10-16 11:35:54,065 [grpc-default-executor-5] INFO  impl.RaftServerImpl (RaftServerImpl.java:setRole(184)) - 4281bf39-36db-462c-8bc9-3c86cb645344@group-B3673A53AB6F: changes role from  FOLLOWER to FOLLOWER at term 129 for recognizeCandidate:1ee6da7b-5867-4bad-ba0d-a2cfd13fd72a
2019-10-16 11:35:54,065 [grpc-default-executor-5] INFO  impl.RoleInfo (RoleInfo.java:shutdownFollowerState(121)) - 4281bf39-36db-462c-8bc9-3c86cb645344: shutdown FollowerState
2019-10-16 11:35:54,065 [grpc-default-executor-3] INFO  impl.RoleInfo (RoleInfo.java:shutdownFollowerState(121)) - f94c755f-9f95-40b5-85b9-5e712f3f34e7: shutdown FollowerState
2019-10-16 11:35:54,066 [Thread-1954] INFO  impl.FollowerState (FollowerState.java:run(117)) - 4281bf39-36db-462c-8bc9-3c86cb645344@group-B3673A53AB6F-FollowerState was interrupted: java.lang.InterruptedException: sleep interrupted
2019-10-16 11:35:54,065 [grpc-default-executor-5] INFO  impl.RoleInfo (RoleInfo.java:updateAndGet(143)) - 4281bf39-36db-462c-8bc9-3c86cb645344: start FollowerState
2019-10-16 11:35:54,066 [Thread-1953] INFO  impl.FollowerState (FollowerState.java:run(117)) - f94c755f-9f95-40b5-85b9-5e712f3f34e7@group-B3673A53AB6F-FollowerState was interrupted: java.lang.InterruptedException: sleep interrupted
2019-10-16 11:35:54,066 [grpc-default-executor-3] INFO  impl.RoleInfo (RoleInfo.java:updateAndGet(143)) - f94c755f-9f95-40b5-85b9-5e712f3f34e7: start FollowerState
2019-10-16 11:35:54,076 [a3132885-145f-4a8c-85f4-c10eb874732d@group-2077DD483DC7-LeaderElection237] INFO  impl.LeaderElection (LeaderElection.java:askForVotes(178)) - a3132885-145f-4a8c-85f4-c10eb874732d@group-2077DD483DC7-LeaderElection237: begin an election at term 118 for -1: [163587bb-2c3b-4498-b576-18147cf38274:192.168.157.203:33208, a3132885-145f-4a8c-85f4-c10eb874732d:192.168.157.203:46766, 70b633f6-b230-4b9f-87f3-510da88f1e08:192.168.157.203:43163], old=null
2019-10-16 11:35:54,077 [1ee6da7b-5867-4bad-ba0d-a2cfd13fd72a@group-B3673A53AB6F-LeaderElection236] INFO  impl.LeaderElection (LeaderElection.java:logAndReturn(56)) - 1ee6da7b-5867-4bad-ba0d-a2cfd13fd72a@group-B3673A53AB6F-LeaderElection236: Election REJECTED; received 2 response(s) [1ee6da7b-5867-4bad-ba0d-a2cfd13fd72a<-f94c755f-9f95-40b5-85b9-5e712f3f34e7#0:FAIL-t129, 1ee6da7b-5867-4bad-ba0d-a2cfd13fd72a<-4281bf39-36db-462c-8bc9-3c86cb645344#0:FAIL-t129] and 0 exception(s); 1ee6da7b-5867-4bad-ba0d-a2cfd13fd72a@group-B3673A53AB6F:t129, leader=null, voted=1ee6da7b-5867-4bad-ba0d-a2cfd13fd72a, raftlog=1ee6da7b-5867-4bad-ba0d-a2cfd13fd72a@group-B3673A53AB6F-SegmentedRaftLog:OPENED:c-1,f-1,i0, conf=-1: [f94c755f-9f95-40b5-85b9-5e712f3f34e7:192.168.157.203:45275, 1ee6da7b-5867-4bad-ba0d-a2cfd13fd72a:192.168.157.203:35892, 4281bf39-36db-462c-8bc9-3c86cb645344:192.168.157.203:42381], old=null
2019-10-16 11:35:54,077 [1ee6da7b-5867-4bad-ba0d-a2cfd13fd72a@group-B3673A53AB6F-LeaderElection236] INFO  impl.RaftServerImpl (RaftServerImpl.java:setRole(184)) - 1ee6da7b-5867-4bad-ba0d-a2cfd13fd72a@group-B3673A53AB6F: changes role from CANDIDATE to FOLLOWER at term 129 for DISCOVERED_A_NEW_TERM
2019-10-16 11:35:54,078 [1ee6da7b-5867-4bad-ba0d-a2cfd13fd72a@group-B3673A53AB6F-LeaderElection236] INFO  impl.RoleInfo (RoleInfo.java:shutdownLeaderElection(134)) - 1ee6da7b-5867-4bad-ba0d-a2cfd13fd72a: shutdown LeaderElection
2019-10-16 11:35:54,078 [1ee6da7b-5867-4bad-ba0d-a2cfd13fd72a@group-B3673A53AB6F-LeaderElection236] INFO  impl.RoleInfo (RoleInfo.java:updateAndGet(143)) - 1ee6da7b-5867-4bad-ba0d-a2cfd13fd72a: start FollowerState
2019-10-16 11:35:54,078 [grpc-default-executor-3] INFO  impl.RaftServerImpl (RaftServerImpl.java:setRole(184)) - 70b633f6-b230-4b9f-87f3-510da88f1e08@group-2077DD483DC7: changes role from  FOLLOWER to FOLLOWER at term 118 for recognizeCandidate:a3132885-145f-4a8c-85f4-c10eb874732d
2019-10-16 11:35:54,078 [grpc-default-executor-3] INFO  impl.RoleInfo (RoleInfo.java:shutdownFollowerState(121)) - 70b633f6-b230-4b9f-87f3-510da88f1e08: shutdown FollowerState
2019-10-16 11:35:54,078 [grpc-default-executor-5] INFO  impl.RaftServerImpl (RaftServerImpl.java:setRole(184)) - 163587bb-2c3b-4498-b576-18147cf38274@group-2077DD483DC7: changes role from  FOLLOWER to FOLLOWER at term 118 for recognizeCandidate:a3132885-145f-4a8c-85f4-c10eb874732d
2019-10-16 11:35:54,078 [Thread-1940] INFO  impl.FollowerState (FollowerState.java:run(117)) - 70b633f6-b230-4b9f-87f3-510da88f1e08@group-2077DD483DC7-FollowerState was interrupted: java.lang.InterruptedException: sleep interrupted
2019-10-16 11:35:54,078 [grpc-default-executor-3] INFO  impl.RoleInfo (RoleInfo.java:updateAndGet(143)) - 70b633f6-b230-4b9f-87f3-510da88f1e08: start FollowerState
2019-10-16 11:35:54,078 [grpc-default-executor-5] INFO  impl.RoleInfo (RoleInfo.java:shutdownFollowerState(121)) - 163587bb-2c3b-4498-b576-18147cf38274: shutdown FollowerState
2019-10-16 11:35:54,079 [grpc-default-executor-5] INFO  impl.RoleInfo (RoleInfo.java:updateAndGet(143)) - 163587bb-2c3b-4498-b576-18147cf38274: start FollowerState
2019-10-16 11:35:54,079 [Thread-1941] INFO  impl.FollowerState (FollowerState.java:run(117)) - 163587bb-2c3b-4498-b576-18147cf38274@group-2077DD483DC7-FollowerState was interrupted: java.lang.InterruptedException: sleep interrupted
2019-10-16 11:35:54,090 [a3132885-145f-4a8c-85f4-c10eb874732d@group-2077DD483DC7-LeaderElection237] INFO  impl.LeaderElection (LeaderElection.java:logAndReturn(56)) - a3132885-145f-4a8c-85f4-c10eb874732d@group-2077DD483DC7-LeaderElection237: Election REJECTED; received 2 response(s) [a3132885-145f-4a8c-85f4-c10eb874732d<-163587bb-2c3b-4498-b576-18147cf38274#0:FAIL-t118, a3132885-145f-4a8c-85f4-c10eb874732d<-70b633f6-b230-4b9f-87f3-510da88f1e08#0:FAIL-t118] and 0 exception(s); a3132885-145f-4a8c-85f4-c10eb874732d@group-2077DD483DC7:t118, leader=null, voted=a3132885-145f-4a8c-85f4-c10eb874732d, raftlog=a3132885-145f-4a8c-85f4-c10eb874732d@group-2077DD483DC7-SegmentedRaftLog:OPENED:c-1,f-1,i0, conf=-1: [163587bb-2c3b-4498-b576-18147cf38274:192.168.157.203:33208, a3132885-145f-4a8c-85f4-c10eb874732d:192.168.157.203:46766, 70b633f6-b230-4b9f-87f3-510da88f1e08:192.168.157.203:43163], old=null
2019-10-16 11:35:54,090 [a3132885-145f-4a8c-85f4-c10eb874732d@group-2077DD483DC7-LeaderElection237] INFO  impl.RaftServerImpl (RaftServerImpl.java:setRole(184)) - a3132885-145f-4a8c-85f4-c10eb874732d@group-2077DD483DC7: changes role from CANDIDATE to FOLLOWER at term 118 for DISCOVERED_A_NEW_TERM
2019-10-16 11:35:54,090 [a3132885-145f-4a8c-85f4-c10eb874732d@group-2077DD483DC7-LeaderElection237] INFO  impl.RoleInfo (RoleInfo.java:shutdownLeaderElection(134)) - a3132885-145f-4a8c-85f4-c10eb874732d: shutdown LeaderElection
2019-10-16 11:35:54,091 [a3132885-145f-4a8c-85f4-c10eb874732d@group-2077DD483DC7-LeaderElection237] INFO  impl.RoleInfo (RoleInfo.java:updateAndGet(143)) - a3132885-145f-4a8c-85f4-c10eb874732d: start FollowerState
2019-10-16 11:35:54,204 [Thread-1967] INFO  impl.FollowerState (FollowerState.java:run(108)) - a3132885-145f-4a8c-85f4-c10eb874732d@group-2077DD483DC7-FollowerState: change to CANDIDATE, lastRpcTime:113ms, electionTimeout:113ms
2019-10-16 11:35:54,204 [Thread-1967] INFO  impl.RoleInfo (RoleInfo.java:shutdownFollowerState(121)) - a3132885-145f-4a8c-85f4-c10eb874732d: shutdown FollowerState
2019-10-16 11:35:54,204 [Thread-1967] INFO  impl.RaftServerImpl (RaftServerImpl.java:setRole(184)) - a3132885-145f-4a8c-85f4-c10eb874732d@group-2077DD483DC7: changes role from  FOLLOWER to CANDIDATE at term 118 for changeToCandidate
2019-10-16 11:35:54,204 [Thread-1967] INFO  impl.RoleInfo (RoleInfo.java:updateAndGet(143)) - a3132885-145f-4a8c-85f4-c10eb874732d: start LeaderElection
2019-10-16 11:35:54,219 [a3132885-145f-4a8c-85f4-c10eb874732d@group-2077DD483DC7-LeaderElection238] INFO  impl.LeaderElection (LeaderElection.java:askForVotes(178)) - a3132885-145f-4a8c-85f4-c10eb874732d@group-2077DD483DC7-LeaderElection238: begin an election at term 119 for -1: [163587bb-2c3b-4498-b576-18147cf38274:192.168.157.203:33208, a3132885-145f-4a8c-85f4-c10eb874732d:192.168.157.203:46766, 70b633f6-b230-4b9f-87f3-510da88f1e08:192.168.157.203:43163], old=null
2019-10-16 11:35:54,221 [grpc-default-executor-3] INFO  impl.RaftServerImpl (RaftServerImpl.java:setRole(184)) - 70b633f6-b230-4b9f-87f3-510da88f1e08@group-2077DD483DC7: changes role from  FOLLOWER to FOLLOWER at term 119 for recognizeCandidate:a3132885-145f-4a8c-85f4-c10eb874732d
2019-10-16 11:35:54,221 [grpc-default-executor-5] INFO  impl.RaftServerImpl (RaftServerImpl.java:setRole(184)) - 163587bb-2c3b-4498-b576-18147cf38274@group-2077DD483DC7: changes role from  FOLLOWER to FOLLOWER at term 119 for recognizeCandidate:a3132885-145f-4a8c-85f4-c10eb874732d
2019-10-16 11:35:54,221 [grpc-default-executor-3] INFO  impl.RoleInfo (RoleInfo.java:shutdownFollowerState(121)) - 70b633f6-b230-4b9f-87f3-510da88f1e08: shutdown FollowerState
2019-10-16 11:35:54,222 [grpc-default-executor-5] INFO  impl.RoleInfo (RoleInfo.java:shutdownFollowerState(121)) - 163587bb-2c3b-4498-b576-18147cf38274: shutdown FollowerState
2019-10-16 11:35:54,222 [Thread-1965] INFO  impl.FollowerState (FollowerState.java:run(117)) - 70b633f6-b230-4b9f-87f3-510da88f1e08@group-2077DD483DC7-FollowerState was interrupted: java.lang.InterruptedException: sleep interrupted
2019-10-16 11:35:54,222 [grpc-default-executor-3] INFO  impl.RoleInfo (RoleInfo.java:updateAndGet(143)) - 70b633f6-b230-4b9f-87f3-510da88f1e08: start FollowerState
2019-10-16 11:35:54,222 [Thread-1966] INFO  impl.FollowerState (FollowerState.java:run(117)) - 163587bb-2c3b-4498-b576-18147cf38274@group-2077DD483DC7-FollowerState was interrupted: java.lang.InterruptedException: sleep interrupted
2019-10-16 11:35:54,222 [grpc-default-executor-5] INFO  impl.RoleInfo (RoleInfo.java:updateAndGet(143)) - 163587bb-2c3b-4498-b576-18147cf38274: start FollowerState
2019-10-16 11:35:54,233 [a3132885-145f-4a8c-85f4-c10eb874732d@group-2077DD483DC7-LeaderElection238] INFO  impl.LeaderElection (LeaderElection.java:logAndReturn(56)) - a3132885-145f-4a8c-85f4-c10eb874732d@group-2077DD483DC7-LeaderElection238: Election REJECTED; received 2 response(s) [a3132885-145f-4a8c-85f4-c10eb874732d<-163587bb-2c3b-4498-b576-18147cf38274#0:FAIL-t119, a3132885-145f-4a8c-85f4-c10eb874732d<-70b633f6-b230-4b9f-87f3-510da88f1e08#0:FAIL-t119] and 0 exception(s); a3132885-145f-4a8c-85f4-c10eb874732d@group-2077DD483DC7:t119, leader=null, voted=a3132885-145f-4a8c-85f4-c10eb874732d, raftlog=a3132885-145f-4a8c-85f4-c10eb874732d@group-2077DD483DC7-SegmentedRaftLog:OPENED:c-1,f-1,i0, conf=-1: [163587bb-2c3b-4498-b576-18147cf38274:192.168.157.203:33208, a3132885-145f-4a8c-85f4-c10eb874732d:192.168.157.203:46766, 70b633f6-b230-4b9f-87f3-510da88f1e08:192.168.157.203:43163], old=null
2019-10-16 11:35:54,234 [a3132885-145f-4a8c-85f4-c10eb874732d@group-2077DD483DC7-LeaderElection238] INFO  impl.RaftServerImpl (RaftServerImpl.java:setRole(184)) - a3132885-145f-4a8c-85f4-c10eb874732d@group-2077DD483DC7: changes role from CANDIDATE to FOLLOWER at term 119 for DISCOVERED_A_NEW_TERM
2019-10-16 11:35:54,234 [a3132885-145f-4a8c-85f4-c10eb874732d@group-2077DD483DC7-LeaderElection238] INFO  impl.RoleInfo (RoleInfo.java:shutdownLeaderElection(134)) - a3132885-145f-4a8c-85f4-c10eb874732d: shutdown LeaderElection
2019-10-16 11:35:54,234 [a3132885-145f-4a8c-85f4-c10eb874732d@group-2077DD483DC7-LeaderElection238] INFO  impl.RoleInfo (RoleInfo.java:updateAndGet(143)) - a3132885-145f-4a8c-85f4-c10eb874732d: start FollowerState
2019-10-16 11:35:54,272 [Thread-1964] INFO  impl.FollowerState (FollowerState.java:run(108)) - 1ee6da7b-5867-4bad-ba0d-a2cfd13fd72a@group-B3673A53AB6F-FollowerState: change to CANDIDATE, lastRpcTime:194ms, electionTimeout:194ms
2019-10-16 11:35:54,272 [Thread-1964] INFO  impl.RoleInfo (RoleInfo.java:shutdownFollowerState(121)) - 1ee6da7b-5867-4bad-ba0d-a2cfd13fd72a: shutdown FollowerState
2019-10-16 11:35:54,272 [Thread-1964] INFO  impl.RaftServerImpl (RaftServerImpl.java:setRole(184)) - 1ee6da7b-5867-4bad-ba0d-a2cfd13fd72a@group-B3673A53AB6F: changes role from  FOLLOWER to CANDIDATE at term 129 for changeToCandidate
2019-10-16 11:35:54,273 [Thread-1964] INFO  impl.RoleInfo (RoleInfo.java:updateAndGet(143)) - 1ee6da7b-5867-4bad-ba0d-a2cfd13fd72a: start LeaderElection
2019-10-16 11:35:54,286 [1ee6da7b-5867-4bad-ba0d-a2cfd13fd72a@group-B3673A53AB6F-LeaderElection239] INFO  impl.LeaderElection (LeaderElection.java:askForVotes(178)) - 1ee6da7b-5867-4bad-ba0d-a2cfd13fd72a@group-B3673A53AB6F-LeaderElection239: begin an election at term 130 for -1: [f94c755f-9f95-40b5-85b9-5e712f3f34e7:192.168.157.203:45275, 1ee6da7b-5867-4bad-ba0d-a2cfd13fd72a:192.168.157.203:35892, 4281bf39-36db-462c-8bc9-3c86cb645344:192.168.157.203:42381], old=null
2019-10-16 11:35:54,288 [grpc-default-executor-5] INFO  impl.RaftServerImpl (RaftServerImpl.java:setRole(184)) - f94c755f-9f95-40b5-85b9-5e712f3f34e7@group-B3673A53AB6F: changes role from  FOLLOWER to FOLLOWER at term 130 for recognizeCandidate:1ee6da7b-5867-4bad-ba0d-a2cfd13fd72a
2019-10-16 11:35:54,288 [grpc-default-executor-3] INFO  impl.RaftServerImpl (RaftServerImpl.java:setRole(184)) - 4281bf39-36db-462c-8bc9-3c86cb645344@group-B3673A53AB6F: changes role from  FOLLOWER to FOLLOWER at term 130 for recognizeCandidate:1ee6da7b-5867-4bad-ba0d-a2cfd13fd72a
2019-10-16 11:35:54,288 [grpc-default-executor-3] INFO  impl.RoleInfo (RoleInfo.java:shutdownFollowerState(121)) - 4281bf39-36db-462c-8bc9-3c86cb645344: shutdown FollowerState
2019-10-16 11:35:54,288 [grpc-default-executor-5] INFO  impl.RoleInfo (RoleInfo.java:shutdownFollowerState(121)) - f94c755f-9f95-40b5-85b9-5e712f3f34e7: shutdown FollowerState
2019-10-16 11:35:54,288 [Thread-1960] INFO  impl.FollowerState (FollowerState.java:run(117)) - 4281bf39-36db-462c-8bc9-3c86cb645344@group-B3673A53AB6F-FollowerState was interrupted: java.lang.InterruptedException: sleep interrupted
2019-10-16 11:35:54,288 [grpc-default-executor-3] INFO  impl.RoleInfo (RoleInfo.java:updateAndGet(143)) - 4281bf39-36db-462c-8bc9-3c86cb645344: start FollowerState
2019-10-16 11:35:54,289 [grpc-default-executor-5] INFO  impl.RoleInfo (RoleInfo.java:updateAndGet(143)) - f94c755f-9f95-40b5-85b9-5e712f3f34e7: start FollowerState
2019-10-16 11:35:54,289 [Thread-1961] INFO  impl.FollowerState (FollowerState.java:run(117)) - f94c755f-9f95-40b5-85b9-5e712f3f34e7@group-B3673A53AB6F-FollowerState was interrupted: java.lang.InterruptedException: sleep interrupted
2019-10-16 11:35:54,298 [1ee6da7b-5867-4bad-ba0d-a2cfd13fd72a@group-B3673A53AB6F-LeaderElection239] INFO  impl.LeaderElection (LeaderElection.java:logAndReturn(56)) - 1ee6da7b-5867-4bad-ba0d-a2cfd13fd72a@group-B3673A53AB6F-LeaderElection239: Election TIMEOUT; received 0 response(s) [] and 0 exception(s); 1ee6da7b-5867-4bad-ba0d-a2cfd13fd72a@group-B3673A53AB6F:t130, leader=null, voted=1ee6da7b-5867-4bad-ba0d-a2cfd13fd72a, raftlog=1ee6da7b-5867-4bad-ba0d-a2cfd13fd72a@group-B3673A53AB6F-SegmentedRaftLog:OPENED:c-1,f-1,i0, conf=-1: [f94c755f-9f95-40b5-85b9-5e712f3f34e7:192.168.157.203:45275, 1ee6da7b-5867-4bad-ba0d-a2cfd13fd72a:192.168.157.203:35892, 4281bf39-36db-462c-8bc9-3c86cb645344:192.168.157.203:42381], old=null
2019-10-16 11:35:54,302 [1ee6da7b-5867-4bad-ba0d-a2cfd13fd72a@group-B3673A53AB6F-LeaderElection239] INFO  impl.LeaderElection (LeaderElection.java:askForVotes(178)) - 1ee6da7b-5867-4bad-ba0d-a2cfd13fd72a@group-B3673A53AB6F-LeaderElection239: begin an election at term 131 for -1: [f94c755f-9f95-40b5-85b9-5e712f3f34e7:192.168.157.203:45275, 1ee6da7b-5867-4bad-ba0d-a2cfd13fd72a:192.168.157.203:35892, 4281bf39-36db-462c-8bc9-3c86cb645344:192.168.157.203:42381], old=null
2019-10-16 11:35:54,304 [grpc-default-executor-3] INFO  impl.RaftServerImpl (RaftServerImpl.java:setRole(184)) - f94c755f-9f95-40b5-85b9-5e712f3f34e7@group-B3673A53AB6F: changes role from  FOLLOWER to FOLLOWER at term 131 for recognizeCandidate:1ee6da7b-5867-4bad-ba0d-a2cfd13fd72a
2019-10-16 11:35:54,304 [grpc-default-executor-3] INFO  impl.RoleInfo (RoleInfo.java:shutdownFollowerState(121)) - f94c755f-9f95-40b5-85b9-5e712f3f34e7: shutdown FollowerState
2019-10-16 11:35:54,304 [grpc-default-executor-5] INFO  impl.RaftServerImpl (RaftServerImpl.java:setRole(184)) - 4281bf39-36db-462c-8bc9-3c86cb645344@group-B3673A53AB6F: changes role from  FOLLOWER to FOLLOWER at term 131 for recognizeCandidate:1ee6da7b-5867-4bad-ba0d-a2cfd13fd72a
2019-10-16 11:35:54,304 [Thread-1978] INFO  impl.FollowerState (FollowerState.java:run(117)) - f94c755f-9f95-40b5-85b9-5e712f3f34e7@group-B3673A53AB6F-FollowerState was interrupted: java.lang.InterruptedException: sleep interrupted
2019-10-16 11:35:54,304 [grpc-default-executor-3] INFO  impl.RoleInfo (RoleInfo.java:updateAndGet(143)) - f94c755f-9f95-40b5-85b9-5e712f3f34e7: start FollowerState
2019-10-16 11:35:54,304 [grpc-default-executor-5] INFO  impl.RoleInfo (RoleInfo.java:shutdownFollowerState(121)) - 4281bf39-36db-462c-8bc9-3c86cb645344: shutdown FollowerState
2019-10-16 11:35:54,305 [grpc-default-executor-5] INFO  impl.RoleInfo (RoleInfo.java:updateAndGet(143)) - 4281bf39-36db-462c-8bc9-3c86cb645344: start FollowerState
2019-10-16 11:35:54,305 [Thread-1977] INFO  impl.FollowerState (FollowerState.java:run(117)) - 4281bf39-36db-462c-8bc9-3c86cb645344@group-B3673A53AB6F-FollowerState was interrupted: java.lang.InterruptedException: sleep interrupted
2019-10-16 11:35:54,319 [1ee6da7b-5867-4bad-ba0d-a2cfd13fd72a@group-B3673A53AB6F-LeaderElection239] INFO  impl.LeaderElection (LeaderElection.java:logAndReturn(56)) - 1ee6da7b-5867-4bad-ba0d-a2cfd13fd72a@group-B3673A53AB6F-LeaderElection239: Election REJECTED; received 2 response(s) [1ee6da7b-5867-4bad-ba0d-a2cfd13fd72a<-f94c755f-9f95-40b5-85b9-5e712f3f34e7#0:FAIL-t131, 1ee6da7b-5867-4bad-ba0d-a2cfd13fd72a<-4281bf39-36db-462c-8bc9-3c86cb645344#0:FAIL-t131] and 0 exception(s); 1ee6da7b-5867-4bad-ba0d-a2cfd13fd72a@group-B3673A53AB6F:t131, leader=null, voted=1ee6da7b-5867-4bad-ba0d-a2cfd13fd72a, raftlog=1ee6da7b-5867-4bad-ba0d-a2cfd13fd72a@group-B3673A53AB6F-SegmentedRaftLog:OPENED:c-1,f-1,i0, conf=-1: [f94c755f-9f95-40b5-85b9-5e712f3f34e7:192.168.157.203:45275, 1ee6da7b-5867-4bad-ba0d-a2cfd13fd72a:192.168.157.203:35892, 4281bf39-36db-462c-8bc9-3c86cb645344:192.168.157.203:42381], old=null
2019-10-16 11:35:54,319 [1ee6da7b-5867-4bad-ba0d-a2cfd13fd72a@group-B3673A53AB6F-LeaderElection239] INFO  impl.RaftServerImpl (RaftServerImpl.java:setRole(184)) - 1ee6da7b-5867-4bad-ba0d-a2cfd13fd72a@group-B3673A53AB6F: changes role from CANDIDATE to FOLLOWER at term 131 for DISCOVERED_A_NEW_TERM
2019-10-16 11:35:54,319 [1ee6da7b-5867-4bad-ba0d-a2cfd13fd72a@group-B3673A53AB6F-LeaderElection239] INFO  impl.RoleInfo (RoleInfo.java:shutdownLeaderElection(134)) - 1ee6da7b-5867-4bad-ba0d-a2cfd13fd72a: shutdown LeaderElection
2019-10-16 11:35:54,319 [1ee6da7b-5867-4bad-ba0d-a2cfd13fd72a@group-B3673A53AB6F-LeaderElection239] INFO  impl.RoleInfo (RoleInfo.java:updateAndGet(143)) - 1ee6da7b-5867-4bad-ba0d-a2cfd13fd72a: start FollowerState
2019-10-16 11:35:54,416 [Thread-1973] INFO  impl.FollowerState (FollowerState.java:run(108)) - a3132885-145f-4a8c-85f4-c10eb874732d@group-2077DD483DC7-FollowerState: change to CANDIDATE, lastRpcTime:182ms, electionTimeout:182ms
2019-10-16 11:35:54,416 [Thread-1973] INFO  impl.RoleInfo (RoleInfo.java:shutdownFollowerState(121)) - a3132885-145f-4a8c-85f4-c10eb874732d: shutdown FollowerState
2019-10-16 11:35:54,416 [Thread-1973] INFO  impl.RaftServerImpl (RaftServerImpl.java:setRole(184)) - a3132885-145f-4a8c-85f4-c10eb874732d@group-2077DD483DC7: changes role from  FOLLOWER to CANDIDATE at term 119 for changeToCandidate
2019-10-16 11:35:54,417 [Thread-1973] INFO  impl.RoleInfo (RoleInfo.java:updateAndGet(143)) - a3132885-145f-4a8c-85f4-c10eb874732d: start LeaderElection
2019-10-16 11:35:54,431 [a3132885-145f-4a8c-85f4-c10eb874732d@group-2077DD483DC7-LeaderElection240] INFO  impl.LeaderElection (LeaderElection.java:askForVotes(178)) - a3132885-145f-4a8c-85f4-c10eb874732d@group-2077DD483DC7-LeaderElection240: begin an election at term 120 for -1: [163587bb-2c3b-4498-b576-18147cf38274:192.168.157.203:33208, a3132885-145f-4a8c-85f4-c10eb874732d:192.168.157.203:46766, 70b633f6-b230-4b9f-87f3-510da88f1e08:192.168.157.203:43163], old=null
2019-10-16 11:35:54,433 [grpc-default-executor-3] INFO  impl.RaftServerImpl (RaftServerImpl.java:setRole(184)) - 163587bb-2c3b-4498-b576-18147cf38274@group-2077DD483DC7: changes role from  FOLLOWER to FOLLOWER at term 120 for recognizeCandidate:a3132885-145f-4a8c-85f4-c10eb874732d
2019-10-16 11:35:54,433 [grpc-default-executor-3] INFO  impl.RoleInfo (RoleInfo.java:shutdownFollowerState(121)) - 163587bb-2c3b-4498-b576-18147cf38274: shutdown FollowerState
2019-10-16 11:35:54,433 [grpc-default-executor-5] INFO  impl.RaftServerImpl (RaftServerImpl.java:setRole(184)) - 70b633f6-b230-4b9f-87f3-510da88f1e08@group-2077DD483DC7: changes role from  FOLLOWER to FOLLOWER at term 120 for recognizeCandidate:a3132885-145f-4a8c-85f4-c10eb874732d
2019-10-16 11:35:54,433 [Thread-1972] INFO  impl.FollowerState (FollowerState.java:run(117)) - 163587bb-2c3b-4498-b576-18147cf38274@group-2077DD483DC7-FollowerState was interrupted: java.lang.InterruptedException: sleep interrupted
2019-10-16 11:35:54,433 [grpc-default-executor-3] INFO  impl.RoleInfo (RoleInfo.java:updateAndGet(143)) - 163587bb-2c3b-4498-b576-18147cf38274: start FollowerState
2019-10-16 11:35:54,434 [grpc-default-executor-5] INFO  impl.RoleInfo (RoleInfo.java:shutdownFollowerState(121)) - 70b633f6-b230-4b9f-87f3-510da88f1e08: shutdown FollowerState
2019-10-16 11:35:54,434 [grpc-default-executor-5] INFO  impl.RoleInfo (RoleInfo.java:updateAndGet(143)) - 70b633f6-b230-4b9f-87f3-510da88f1e08: start FollowerState
2019-10-16 11:35:54,434 [Thread-1971] INFO  impl.FollowerState (FollowerState.java:run(117)) - 70b633f6-b230-4b9f-87f3-510da88f1e08@group-2077DD483DC7-FollowerState was interrupted: java.lang.InterruptedException: sleep interrupted
2019-10-16 11:35:54,449 [a3132885-145f-4a8c-85f4-c10eb874732d@group-2077DD483DC7-LeaderElection240] INFO  impl.LeaderElection (LeaderElection.java:logAndReturn(56)) - a3132885-145f-4a8c-85f4-c10eb874732d@group-2077DD483DC7-LeaderElection240: Election REJECTED; received 2 response(s) [a3132885-145f-4a8c-85f4-c10eb874732d<-163587bb-2c3b-4498-b576-18147cf38274#0:FAIL-t120, a3132885-145f-4a8c-85f4-c10eb874732d<-70b633f6-b230-4b9f-87f3-510da88f1e08#0:FAIL-t120] and 0 exception(s); a3132885-145f-4a8c-85f4-c10eb874732d@group-2077DD483DC7:t120, leader=null, voted=a3132885-145f-4a8c-85f4-c10eb874732d, raftlog=a3132885-145f-4a8c-85f4-c10eb874732d@group-2077DD483DC7-SegmentedRaftLog:OPENED:c-1,f-1,i0, conf=-1: [163587bb-2c3b-4498-b576-18147cf38274:192.168.157.203:33208, a3132885-145f-4a8c-85f4-c10eb874732d:192.168.157.203:46766, 70b633f6-b230-4b9f-87f3-510da88f1e08:192.168.157.203:43163], old=null
2019-10-16 11:35:54,449 [a3132885-145f-4a8c-85f4-c10eb874732d@group-2077DD483DC7-LeaderElection240] INFO  impl.RaftServerImpl (RaftServerImpl.java:setRole(184)) - a3132885-145f-4a8c-85f4-c10eb874732d@group-2077DD483DC7: changes role from CANDIDATE to FOLLOWER at term 120 for DISCOVERED_A_NEW_TERM
2019-10-16 11:35:54,449 [a3132885-145f-4a8c-85f4-c10eb874732d@group-2077DD483DC7-LeaderElection240] INFO  impl.RoleInfo (RoleInfo.java:shutdownLeaderElection(134)) - a3132885-145f-4a8c-85f4-c10eb874732d: shutdown LeaderElection
2019-10-16 11:35:54,449 [a3132885-145f-4a8c-85f4-c10eb874732d@group-2077DD483DC7-LeaderElection240] INFO  impl.RoleInfo (RoleInfo.java:updateAndGet(143)) - a3132885-145f-4a8c-85f4-c10eb874732d: start FollowerState
2019-10-16 11:35:54,459 [Thread-1983] INFO  impl.FollowerState (FollowerState.java:run(108)) - 1ee6da7b-5867-4bad-ba0d-a2cfd13fd72a@group-B3673A53AB6F-FollowerState: change to CANDIDATE, lastRpcTime:140ms, electionTimeout:140ms
2019-10-16 11:35:54,460 [Thread-1983] INFO  impl.RoleInfo (RoleInfo.java:shutdownFollowerState(121)) - 1ee6da7b-5867-4bad-ba0d-a2cfd13fd72a: shutdown FollowerState
2019-10-16 11:35:54,460 [Thread-1983] INFO  impl.RaftServerImpl (RaftServerImpl.java:setRole(184)) - 1ee6da7b-5867-4bad-ba0d-a2cfd13fd72a@group-B3673A53AB6F: changes role from  FOLLOWER to CANDIDATE at term 131 for changeToCandidate
2019-10-16 11:35:54,460 [Thread-1983] INFO  impl.RoleInfo (RoleInfo.java:updateAndGet(143)) - 1ee6da7b-5867-4bad-ba0d-a2cfd13fd72a: start LeaderElection
2019-10-16 11:35:54,602 [1ee6da7b-5867-4bad-ba0d-a2cfd13fd72a@group-B3673A53AB6F-LeaderElection241] INFO  impl.LeaderElection (LeaderElection.java:askForVotes(178)) - 1ee6da7b-5867-4bad-ba0d-a2cfd13fd72a@group-B3673A53AB6F-LeaderElection241: begin an election at term 132 for -1: [f94c755f-9f95-40b5-85b9-5e712f3f34e7:192.168.157.203:45275, 1ee6da7b-5867-4bad-ba0d-a2cfd13fd72a:192.168.157.203:35892, 4281bf39-36db-462c-8bc9-3c86cb645344:192.168.157.203:42381], old=null
2019-10-16 11:35:54,604 [grpc-default-executor-3] INFO  impl.RaftServerImpl (RaftServerImpl.java:setRole(184)) - f94c755f-9f95-40b5-85b9-5e712f3f34e7@group-B3673A53AB6F: changes role from  FOLLOWER to FOLLOWER at term 132 for recognizeCandidate:1ee6da7b-5867-4bad-ba0d-a2cfd13fd72a
2019-10-16 11:35:54,605 [grpc-default-executor-3] INFO  impl.RoleInfo (RoleInfo.java:shutdownFollowerState(121)) - f94c755f-9f95-40b5-85b9-5e712f3f34e7: shutdown FollowerState
2019-10-16 11:35:54,605 [grpc-default-executor-5] INFO  impl.RaftServerImpl (RaftServerImpl.java:setRole(184)) - 4281bf39-36db-462c-8bc9-3c86cb645344@group-B3673A53AB6F: changes role from  FOLLOWER to FOLLOWER at term 132 for recognizeCandidate:1ee6da7b-5867-4bad-ba0d-a2cfd13fd72a
2019-10-16 11:35:54,605 [grpc-default-executor-5] INFO  impl.RoleInfo (RoleInfo.java:shutdownFollowerState(121)) - 4281bf39-36db-462c-8bc9-3c86cb645344: shutdown FollowerState
2019-10-16 11:35:54,605 [Thread-1981] INFO  impl.FollowerState (FollowerState.java:run(117)) - f94c755f-9f95-40b5-85b9-5e712f3f34e7@group-B3673A53AB6F-FollowerState was interrupted: java.lang.InterruptedException: sleep interrupted
2019-10-16 11:35:54,605 [grpc-default-executor-3] INFO  impl.RoleInfo (RoleInfo.java:updateAndGet(143)) - f94c755f-9f95-40b5-85b9-5e712f3f34e7: start FollowerState
2019-10-16 11:35:54,605 [Thread-1982] INFO  impl.FollowerState (FollowerState.java:run(117)) - 4281bf39-36db-462c-8bc9-3c86cb645344@group-B3673A53AB6F-FollowerState was interrupted: java.lang.InterruptedException: sleep interrupted
2019-10-16 11:35:54,605 [grpc-default-executor-5] INFO  impl.RoleInfo (RoleInfo.java:updateAndGet(143)) - 4281bf39-36db-462c-8bc9-3c86cb645344: start FollowerState
2019-10-16 11:35:54,617 [1ee6da7b-5867-4bad-ba0d-a2cfd13fd72a@group-B3673A53AB6F-LeaderElection241] INFO  impl.LeaderElection (LeaderElection.java:logAndReturn(56)) - 1ee6da7b-5867-4bad-ba0d-a2cfd13fd72a@group-B3673A53AB6F-LeaderElection241: Election REJECTED; received 2 response(s) [1ee6da7b-5867-4bad-ba0d-a2cfd13fd72a<-f94c755f-9f95-40b5-85b9-5e712f3f34e7#0:FAIL-t132, 1ee6da7b-5867-4bad-ba0d-a2cfd13fd72a<-4281bf39-36db-462c-8bc9-3c86cb645344#0:FAIL-t132] and 0 exception(s); 1ee6da7b-5867-4bad-ba0d-a2cfd13fd72a@group-B3673A53AB6F:t132, leader=null, voted=1ee6da7b-5867-4bad-ba0d-a2cfd13fd72a, raftlog=1ee6da7b-5867-4bad-ba0d-a2cfd13fd72a@group-B3673A53AB6F-SegmentedRaftLog:OPENED:c-1,f-1,i0, conf=-1: [f94c755f-9f95-40b5-85b9-5e712f3f34e7:192.168.157.203:45275, 1ee6da7b-5867-4bad-ba0d-a2cfd13fd72a:192.168.157.203:35892, 4281bf39-36db-462c-8bc9-3c86cb645344:192.168.157.203:42381], old=null
2019-10-16 11:35:54,618 [1ee6da7b-5867-4bad-ba0d-a2cfd13fd72a@group-B3673A53AB6F-LeaderElection241] INFO  impl.RaftServerImpl (RaftServerImpl.java:setRole(184)) - 1ee6da7b-5867-4bad-ba0d-a2cfd13fd72a@group-B3673A53AB6F: changes role from CANDIDATE to FOLLOWER at term 132 for DISCOVERED_A_NEW_TERM
2019-10-16 11:35:54,618 [1ee6da7b-5867-4bad-ba0d-a2cfd13fd72a@group-B3673A53AB6F-LeaderElection241] INFO  impl.RoleInfo (RoleInfo.java:shutdownLeaderElection(134)) - 1ee6da7b-5867-4bad-ba0d-a2cfd13fd72a: shutdown LeaderElection
2019-10-16 11:35:54,618 [1ee6da7b-5867-4bad-ba0d-a2cfd13fd72a@group-B3673A53AB6F-LeaderElection241] INFO  impl.RoleInfo (RoleInfo.java:updateAndGet(143)) - 1ee6da7b-5867-4bad-ba0d-a2cfd13fd72a: start FollowerState
2019-10-16 11:35:54,631 [Thread-1991] INFO  impl.FollowerState (FollowerState.java:run(108)) - a3132885-145f-4a8c-85f4-c10eb874732d@group-2077DD483DC7-FollowerState: change to CANDIDATE, lastRpcTime:182ms, electionTimeout:182ms
2019-10-16 11:35:54,631 [Thread-1991] INFO  impl.RoleInfo (RoleInfo.java:shutdownFollowerState(121)) - a3132885-145f-4a8c-85f4-c10eb874732d: shutdown FollowerState
2019-10-16 11:35:54,632 [Thread-1991] INFO  impl.RaftServerImpl (RaftServerImpl.java:setRole(184)) - a3132885-145f-4a8c-85f4-c10eb874732d@group-2077DD483DC7: changes role from  FOLLOWER to CANDIDATE at term 120 for changeToCandidate
2019-10-16 11:35:54,632 [Thread-1991] INFO  impl.RoleInfo (RoleInfo.java:updateAndGet(143)) - a3132885-145f-4a8c-85f4-c10eb874732d: start LeaderElection
2019-10-16 11:35:54,638 [a3132885-145f-4a8c-85f4-c10eb874732d@group-2077DD483DC7-LeaderElection242] INFO  impl.LeaderElection (LeaderElection.java:askForVotes(178)) - a3132885-145f-4a8c-85f4-c10eb874732d@group-2077DD483DC7-LeaderElection242: begin an election at term 121 for -1: [163587bb-2c3b-4498-b576-18147cf38274:192.168.157.203:33208, a3132885-145f-4a8c-85f4-c10eb874732d:192.168.157.203:46766, 70b633f6-b230-4b9f-87f3-510da88f1e08:192.168.157.203:43163], old=null
2019-10-16 11:35:54,640 [grpc-default-executor-3] INFO  impl.RaftServerImpl (RaftServerImpl.java:setRole(184)) - 163587bb-2c3b-4498-b576-18147cf38274@group-2077DD483DC7: changes role from  FOLLOWER to FOLLOWER at term 121 for recognizeCandidate:a3132885-145f-4a8c-85f4-c10eb874732d
2019-10-16 11:35:54,641 [grpc-default-executor-3] INFO  impl.RoleInfo (RoleInfo.java:shutdownFollowerState(121)) - 163587bb-2c3b-4498-b576-18147cf38274: shutdown FollowerState
2019-10-16 11:35:54,641 [grpc-default-executor-5] INFO  impl.RaftServerImpl (RaftServerImpl.java:setRole(184)) - 70b633f6-b230-4b9f-87f3-510da88f1e08@group-2077DD483DC7: changes role from  FOLLOWER to FOLLOWER at term 121 for recognizeCandidate:a3132885-145f-4a8c-85f4-c10eb874732d
2019-10-16 11:35:54,641 [Thread-1989] INFO  impl.FollowerState (FollowerState.java:run(117)) - 163587bb-2c3b-4498-b576-18147cf38274@group-2077DD483DC7-FollowerState was interrupted: java.lang.InterruptedException: sleep interrupted
2019-10-16 11:35:54,641 [grpc-default-executor-3] INFO  impl.RoleInfo (RoleInfo.java:updateAndGet(143)) - 163587bb-2c3b-4498-b576-18147cf38274: start FollowerState
2019-10-16 11:35:54,641 [grpc-default-executor-5] INFO  impl.RoleInfo (RoleInfo.java:shutdownFollowerState(121)) - 70b633f6-b230-4b9f-87f3-510da88f1e08: shutdown FollowerState
2019-10-16 11:35:54,641 [grpc-default-executor-5] INFO  impl.RoleInfo (RoleInfo.java:updateAndGet(143)) - 70b633f6-b230-4b9f-87f3-510da88f1e08: start FollowerState
2019-10-16 11:35:54,641 [Thread-1990] INFO  impl.FollowerState (FollowerState.java:run(117)) - 70b633f6-b230-4b9f-87f3-510da88f1e08@group-2077DD483DC7-FollowerState was interrupted: java.lang.InterruptedException: sleep interrupted
2019-10-16 11:35:54,658 [a3132885-145f-4a8c-85f4-c10eb874732d@group-2077DD483DC7-LeaderElection242] INFO  impl.LeaderElection (LeaderElection.java:logAndReturn(56)) - a3132885-145f-4a8c-85f4-c10eb874732d@group-2077DD483DC7-LeaderElection242: Election REJECTED; received 2 response(s) [a3132885-145f-4a8c-85f4-c10eb874732d<-163587bb-2c3b-4498-b576-18147cf38274#0:FAIL-t121, a3132885-145f-4a8c-85f4-c10eb874732d<-70b633f6-b230-4b9f-87f3-510da88f1e08#0:FAIL-t121] and 0 exception(s); a3132885-145f-4a8c-85f4-c10eb874732d@group-2077DD483DC7:t121, leader=null, voted=a3132885-145f-4a8c-85f4-c10eb874732d, raftlog=a3132885-145f-4a8c-85f4-c10eb874732d@group-2077DD483DC7-SegmentedRaftLog:OPENED:c-1,f-1,i0, conf=-1: [163587bb-2c3b-4498-b576-18147cf38274:192.168.157.203:33208, a3132885-145f-4a8c-85f4-c10eb874732d:192.168.157.203:46766, 70b633f6-b230-4b9f-87f3-510da88f1e08:192.168.157.203:43163], old=null
2019-10-16 11:35:54,658 [a3132885-145f-4a8c-85f4-c10eb874732d@group-2077DD483DC7-LeaderElection242] INFO  impl.RaftServerImpl (RaftServerImpl.java:setRole(184)) - a3132885-145f-4a8c-85f4-c10eb874732d@group-2077DD483DC7: changes role from CANDIDATE to FOLLOWER at term 121 for DISCOVERED_A_NEW_TERM
2019-10-16 11:35:54,658 [a3132885-145f-4a8c-85f4-c10eb874732d@group-2077DD483DC7-LeaderElection242] INFO  impl.RoleInfo (RoleInfo.java:shutdownLeaderElection(134)) - a3132885-145f-4a8c-85f4-c10eb874732d: shutdown LeaderElection
2019-10-16 11:35:54,658 [a3132885-145f-4a8c-85f4-c10eb874732d@group-2077DD483DC7-LeaderElection242] INFO  impl.RoleInfo (RoleInfo.java:updateAndGet(143)) - a3132885-145f-4a8c-85f4-c10eb874732d: start FollowerState
2019-10-16 11:35:54,659 [Thread-2003] INFO  impl.FollowerState (FollowerState.java:run(108)) - a3132885-145f-4a8c-85f4-c10eb874732d@group-2077DD483DC7-FollowerState: change to CANDIDATE, lastRpcTime:0ms, electionTimeout:0ms
2019-10-16 11:35:54,659 [Thread-2003] INFO  impl.RoleInfo (RoleInfo.java:shutdownFollowerState(121)) - a3132885-145f-4a8c-85f4-c10eb874732d: shutdown FollowerState
2019-10-16 11:35:54,659 [Thread-2003] INFO  impl.RaftServerImpl (RaftServerImpl.java:setRole(184)) - a3132885-145f-4a8c-85f4-c10eb874732d@group-2077DD483DC7: changes role from  FOLLOWER to CANDIDATE at term 121 for changeToCandidate
2019-10-16 11:35:54,659 [Thread-2003] INFO  impl.RoleInfo (RoleInfo.java:updateAndGet(143)) - a3132885-145f-4a8c-85f4-c10eb874732d: start LeaderElection
2019-10-16 11:35:54,669 [a3132885-145f-4a8c-85f4-c10eb874732d@group-2077DD483DC7-LeaderElection243] INFO  impl.LeaderElection (LeaderElection.java:askForVotes(178)) - a3132885-145f-4a8c-85f4-c10eb874732d@group-2077DD483DC7-LeaderElection243: begin an election at term 122 for -1: [163587bb-2c3b-4498-b576-18147cf38274:192.168.157.203:33208, a3132885-145f-4a8c-85f4-c10eb874732d:192.168.157.203:46766, 70b633f6-b230-4b9f-87f3-510da88f1e08:192.168.157.203:43163], old=null
2019-10-16 11:35:54,671 [grpc-default-executor-3] INFO  impl.RaftServerImpl (RaftServerImpl.java:setRole(184)) - 163587bb-2c3b-4498-b576-18147cf38274@group-2077DD483DC7: changes role from  FOLLOWER to FOLLOWER at term 122 for recognizeCandidate:a3132885-145f-4a8c-85f4-c10eb874732d
2019-10-16 11:35:54,671 [grpc-default-executor-3] INFO  impl.RoleInfo (RoleInfo.java:shutdownFollowerState(121)) - 163587bb-2c3b-4498-b576-18147cf38274: shutdown FollowerState
2019-10-16 11:35:54,671 [grpc-default-executor-3] INFO  impl.RoleInfo (RoleInfo.java:updateAndGet(143)) - 163587bb-2c3b-4498-b576-18147cf38274: start FollowerState
2019-10-16 11:35:54,671 [Thread-2001] INFO  impl.FollowerState (FollowerState.java:run(117)) - 163587bb-2c3b-4498-b576-18147cf38274@group-2077DD483DC7-FollowerState was interrupted: java.lang.InterruptedException: sleep interrupted
2019-10-16 11:35:54,671 [grpc-default-executor-5] INFO  impl.RaftServerImpl (RaftServerImpl.java:setRole(184)) - 70b633f6-b230-4b9f-87f3-510da88f1e08@group-2077DD483DC7: changes role from  FOLLOWER to FOLLOWER at term 122 for recognizeCandidate:a3132885-145f-4a8c-85f4-c10eb874732d
2019-10-16 11:35:54,671 [grpc-default-executor-5] INFO  impl.RoleInfo (RoleInfo.java:shutdownFollowerState(121)) - 70b633f6-b230-4b9f-87f3-510da88f1e08: shutdown FollowerState
2019-10-16 11:35:54,672 [grpc-default-executor-5] INFO  impl.RoleInfo (RoleInfo.java:updateAndGet(143)) - 70b633f6-b230-4b9f-87f3-510da88f1e08: start FollowerState
2019-10-16 11:35:54,672 [Thread-2002] INFO  impl.FollowerState (FollowerState.java:run(117)) - 70b633f6-b230-4b9f-87f3-510da88f1e08@group-2077DD483DC7-FollowerState was interrupted: java.lang.InterruptedException: sleep interrupted
2019-10-16 11:35:54,679 [a3132885-145f-4a8c-85f4-c10eb874732d@group-2077DD483DC7-LeaderElection243] INFO  impl.LeaderElection (LeaderElection.java:logAndReturn(56)) - a3132885-145f-4a8c-85f4-c10eb874732d@group-2077DD483DC7-LeaderElection243: Election REJECTED; received 2 response(s) [a3132885-145f-4a8c-85f4-c10eb874732d<-163587bb-2c3b-4498-b576-18147cf38274#0:FAIL-t122, a3132885-145f-4a8c-85f4-c10eb874732d<-70b633f6-b230-4b9f-87f3-510da88f1e08#0:FAIL-t122] and 0 exception(s); a3132885-145f-4a8c-85f4-c10eb874732d@group-2077DD483DC7:t122, leader=null, voted=a3132885-145f-4a8c-85f4-c10eb874732d, raftlog=a3132885-145f-4a8c-85f4-c10eb874732d@group-2077DD483DC7-SegmentedRaftLog:OPENED:c-1,f-1,i0, conf=-1: [163587bb-2c3b-4498-b576-18147cf38274:192.168.157.203:33208, a3132885-145f-4a8c-85f4-c10eb874732d:192.168.157.203:46766, 70b633f6-b230-4b9f-87f3-510da88f1e08:192.168.157.203:43163], old=null
2019-10-16 11:35:54,680 [a3132885-145f-4a8c-85f4-c10eb874732d@group-2077DD483DC7-LeaderElection243] INFO  impl.RaftServerImpl (RaftServerImpl.java:setRole(184)) - a3132885-145f-4a8c-85f4-c10eb874732d@group-2077DD483DC7: changes role from CANDIDATE to FOLLOWER at term 122 for DISCOVERED_A_NEW_TERM
2019-10-16 11:35:54,680 [a3132885-145f-4a8c-85f4-c10eb874732d@group-2077DD483DC7-LeaderElection243] INFO  impl.RoleInfo (RoleInfo.java:shutdownLeaderElection(134)) - a3132885-145f-4a8c-85f4-c10eb874732d: shutdown LeaderElection
2019-10-16 11:35:54,680 [a3132885-145f-4a8c-85f4-c10eb874732d@group-2077DD483DC7-LeaderElection243] INFO  impl.RoleInfo (RoleInfo.java:updateAndGet(143)) - a3132885-145f-4a8c-85f4-c10eb874732d: start FollowerState
2019-10-16 11:35:54,714 [Thread-2009] INFO  impl.FollowerState (FollowerState.java:run(108)) - a3132885-145f-4a8c-85f4-c10eb874732d@group-2077DD483DC7-FollowerState: change to CANDIDATE, lastRpcTime:34ms, electionTimeout:34ms
2019-10-16 11:35:54,714 [Thread-2009] INFO  impl.RoleInfo (RoleInfo.java:shutdownFollowerState(121)) - a3132885-145f-4a8c-85f4-c10eb874732d: shutdown FollowerState
2019-10-16 11:35:54,715 [Thread-2009] INFO  impl.RaftServerImpl (RaftServerImpl.java:setRole(184)) - a3132885-145f-4a8c-85f4-c10eb874732d@group-2077DD483DC7: changes role from  FOLLOWER to CANDIDATE at term 122 for changeToCandidate
2019-10-16 11:35:54,715 [Thread-2009] INFO  impl.RoleInfo (RoleInfo.java:updateAndGet(143)) - a3132885-145f-4a8c-85f4-c10eb874732d: start LeaderElection
2019-10-16 11:35:54,724 [Thread-1997] INFO  impl.FollowerState (FollowerState.java:run(108)) - 1ee6da7b-5867-4bad-ba0d-a2cfd13fd72a@group-B3673A53AB6F-FollowerState: change to CANDIDATE, lastRpcTime:105ms, electionTimeout:105ms
2019-10-16 11:35:54,724 [Thread-1997] INFO  impl.RoleInfo (RoleInfo.java:shutdownFollowerState(121)) - 1ee6da7b-5867-4bad-ba0d-a2cfd13fd72a: shutdown FollowerState
2019-10-16 11:35:54,724 [Thread-1997] INFO  impl.RaftServerImpl (RaftServerImpl.java:setRole(184)) - 1ee6da7b-5867-4bad-ba0d-a2cfd13fd72a@group-B3673A53AB6F: changes role from  FOLLOWER to CANDIDATE at term 132 for changeToCandidate
2019-10-16 11:35:54,724 [Thread-1997] INFO  impl.RoleInfo (RoleInfo.java:updateAndGet(143)) - 1ee6da7b-5867-4bad-ba0d-a2cfd13fd72a: start LeaderElection
2019-10-16 11:35:54,734 [a3132885-145f-4a8c-85f4-c10eb874732d@group-2077DD483DC7-LeaderElection244] INFO  impl.LeaderElection (LeaderElection.java:askForVotes(178)) - a3132885-145f-4a8c-85f4-c10eb874732d@group-2077DD483DC7-LeaderElection244: begin an election at term 123 for -1: [163587bb-2c3b-4498-b576-18147cf38274:192.168.157.203:33208, a3132885-145f-4a8c-85f4-c10eb874732d:192.168.157.203:46766, 70b633f6-b230-4b9f-87f3-510da88f1e08:192.168.157.203:43163], old=null
2019-10-16 11:35:54,736 [grpc-default-executor-5] INFO  impl.RaftServerImpl (RaftServerImpl.java:setRole(184)) - 163587bb-2c3b-4498-b576-18147cf38274@group-2077DD483DC7: changes role from  FOLLOWER to FOLLOWER at term 123 for recognizeCandidate:a3132885-145f-4a8c-85f4-c10eb874732d
2019-10-16 11:35:54,736 [grpc-default-executor-5] INFO  impl.RoleInfo (RoleInfo.java:shutdownFollowerState(121)) - 163587bb-2c3b-4498-b576-18147cf38274: shutdown FollowerState
2019-10-16 11:35:54,736 [grpc-default-executor-3] INFO  impl.RaftServerImpl (RaftServerImpl.java:setRole(184)) - 70b633f6-b230-4b9f-87f3-510da88f1e08@group-2077DD483DC7: changes role from  FOLLOWER to FOLLOWER at term 123 for recognizeCandidate:a3132885-145f-4a8c-85f4-c10eb874732d
2019-10-16 11:35:54,736 [grpc-default-executor-5] INFO  impl.RoleInfo (RoleInfo.java:updateAndGet(143)) - 163587bb-2c3b-4498-b576-18147cf38274: start FollowerState
2019-10-16 11:35:54,736 [Thread-2007] INFO  impl.FollowerState (FollowerState.java:run(117)) - 163587bb-2c3b-4498-b576-18147cf38274@group-2077DD483DC7-FollowerState was interrupted: java.lang.InterruptedException: sleep interrupted
2019-10-16 11:35:54,736 [1ee6da7b-5867-4bad-ba0d-a2cfd13fd72a@group-B3673A53AB6F-LeaderElection245] INFO  impl.LeaderElection (LeaderElection.java:askForVotes(178)) - 1ee6da7b-5867-4bad-ba0d-a2cfd13fd72a@group-B3673A53AB6F-LeaderElection245: begin an election at term 133 for -1: [f94c755f-9f95-40b5-85b9-5e712f3f34e7:192.168.157.203:45275, 1ee6da7b-5867-4bad-ba0d-a2cfd13fd72a:192.168.157.203:35892, 4281bf39-36db-462c-8bc9-3c86cb645344:192.168.157.203:42381], old=null
2019-10-16 11:35:54,736 [grpc-default-executor-3] INFO  impl.RoleInfo (RoleInfo.java:shutdownFollowerState(121)) - 70b633f6-b230-4b9f-87f3-510da88f1e08: shutdown FollowerState
2019-10-16 11:35:54,736 [Thread-2008] INFO  impl.FollowerState (FollowerState.java:run(117)) - 70b633f6-b230-4b9f-87f3-510da88f1e08@group-2077DD483DC7-FollowerState was interrupted: java.lang.InterruptedException: sleep interrupted
2019-10-16 11:35:54,737 [grpc-default-executor-3] INFO  impl.RoleInfo (RoleInfo.java:updateAndGet(143)) - 70b633f6-b230-4b9f-87f3-510da88f1e08: start FollowerState
2019-10-16 11:35:54,738 [grpc-default-executor-4] INFO  impl.RaftServerImpl (RaftServerImpl.java:setRole(184)) - f94c755f-9f95-40b5-85b9-5e712f3f34e7@group-B3673A53AB6F: changes role from  FOLLOWER to FOLLOWER at term 133 for recognizeCandidate:1ee6da7b-5867-4bad-ba0d-a2cfd13fd72a
2019-10-16 11:35:54,738 [grpc-default-executor-4] INFO  impl.RoleInfo (RoleInfo.java:shutdownFollowerState(121)) - f94c755f-9f95-40b5-85b9-5e712f3f34e7: shutdown FollowerState
2019-10-16 11:35:54,738 [grpc-default-executor-0] INFO  impl.RaftServerImpl (RaftServerImpl.java:setRole(184)) - 4281bf39-36db-462c-8bc9-3c86cb645344@group-B3673A53AB6F: changes role from  FOLLOWER to FOLLOWER at term 133 for recognizeCandidate:1ee6da7b-5867-4bad-ba0d-a2cfd13fd72a
2019-10-16 11:35:54,738 [grpc-default-executor-0] INFO  impl.RoleInfo (RoleInfo.java:shutdownFollowerState(121)) - 4281bf39-36db-462c-8bc9-3c86cb645344: shutdown FollowerState
2019-10-16 11:35:54,738 [Thread-1995] INFO  impl.FollowerState (FollowerState.java:run(117)) - f94c755f-9f95-40b5-85b9-5e712f3f34e7@group-B3673A53AB6F-FollowerState was interrupted: java.lang.InterruptedException: sleep interrupted
2019-10-16 11:35:54,738 [Thread-1996] INFO  impl.FollowerState (FollowerState.java:run(117)) - 4281bf39-36db-462c-8bc9-3c86cb645344@group-B3673A53AB6F-FollowerState was interrupted: java.lang.InterruptedException: sleep interrupted
2019-10-16 11:35:54,738 [grpc-default-executor-4] INFO  impl.RoleInfo (RoleInfo.java:updateAndGet(143)) - f94c755f-9f95-40b5-85b9-5e712f3f34e7: start FollowerState
2019-10-16 11:35:54,738 [grpc-default-executor-0] INFO  impl.RoleInfo (RoleInfo.java:updateAndGet(143)) - 4281bf39-36db-462c-8bc9-3c86cb645344: start FollowerState
2019-10-16 11:35:54,748 [a3132885-145f-4a8c-85f4-c10eb874732d@group-2077DD483DC7-LeaderElection244] INFO  impl.LeaderElection (LeaderElection.java:logAndReturn(56)) - a3132885-145f-4a8c-85f4-c10eb874732d@group-2077DD483DC7-LeaderElection244: Election TIMEOUT; received 0 response(s) [] and 0 exception(s); a3132885-145f-4a8c-85f4-c10eb874732d@group-2077DD483DC7:t123, leader=null, voted=a3132885-145f-4a8c-85f4-c10eb874732d, raftlog=a3132885-145f-4a8c-85f4-c10eb874732d@group-2077DD483DC7-SegmentedRaftLog:OPENED:c-1,f-1,i0, conf=-1: [163587bb-2c3b-4498-b576-18147cf38274:192.168.157.203:33208, a3132885-145f-4a8c-85f4-c10eb874732d:192.168.157.203:46766, 70b633f6-b230-4b9f-87f3-510da88f1e08:192.168.157.203:43163], old=null
2019-10-16 11:35:54,750 [1ee6da7b-5867-4bad-ba0d-a2cfd13fd72a@group-B3673A53AB6F-LeaderElection245] INFO  impl.LeaderElection (LeaderElection.java:logAndReturn(56)) - 1ee6da7b-5867-4bad-ba0d-a2cfd13fd72a@group-B3673A53AB6F-LeaderElection245: Election REJECTED; received 2 response(s) [1ee6da7b-5867-4bad-ba0d-a2cfd13fd72a<-f94c755f-9f95-40b5-85b9-5e712f3f34e7#0:FAIL-t133, 1ee6da7b-5867-4bad-ba0d-a2cfd13fd72a<-4281bf39-36db-462c-8bc9-3c86cb645344#0:FAIL-t133] and 0 exception(s); 1ee6da7b-5867-4bad-ba0d-a2cfd13fd72a@group-B3673A53AB6F:t133, leader=null, voted=1ee6da7b-5867-4bad-ba0d-a2cfd13fd72a, raftlog=1ee6da7b-5867-4bad-ba0d-a2cfd13fd72a@group-B3673A53AB6F-SegmentedRaftLog:OPENED:c-1,f-1,i0, conf=-1: [f94c755f-9f95-40b5-85b9-5e712f3f34e7:192.168.157.203:45275, 1ee6da7b-5867-4bad-ba0d-a2cfd13fd72a:192.168.157.203:35892, 4281bf39-36db-462c-8bc9-3c86cb645344:192.168.157.203:42381], old=null
2019-10-16 11:35:54,750 [1ee6da7b-5867-4bad-ba0d-a2cfd13fd72a@group-B3673A53AB6F-LeaderElection245] INFO  impl.RaftServerImpl (RaftServerImpl.java:setRole(184)) - 1ee6da7b-5867-4bad-ba0d-a2cfd13fd72a@group-B3673A53AB6F: changes role from CANDIDATE to FOLLOWER at term 133 for DISCOVERED_A_NEW_TERM
2019-10-16 11:35:54,751 [1ee6da7b-5867-4bad-ba0d-a2cfd13fd72a@group-B3673A53AB6F-LeaderElection245] INFO  impl.RoleInfo (RoleInfo.java:shutdownLeaderElection(134)) - 1ee6da7b-5867-4bad-ba0d-a2cfd13fd72a: shutdown LeaderElection
2019-10-16 11:35:54,751 [1ee6da7b-5867-4bad-ba0d-a2cfd13fd72a@group-B3673A53AB6F-LeaderElection245] INFO  impl.RoleInfo (RoleInfo.java:updateAndGet(143)) - 1ee6da7b-5867-4bad-ba0d-a2cfd13fd72a: start FollowerState
2019-10-16 11:35:54,753 [a3132885-145f-4a8c-85f4-c10eb874732d@group-2077DD483DC7-LeaderElection244] INFO  impl.LeaderElection (LeaderElection.java:askForVotes(178)) - a3132885-145f-4a8c-85f4-c10eb874732d@group-2077DD483DC7-LeaderElection244: begin an election at term 124 for -1: [163587bb-2c3b-4498-b576-18147cf38274:192.168.157.203:33208, a3132885-145f-4a8c-85f4-c10eb874732d:192.168.157.203:46766, 70b633f6-b230-4b9f-87f3-510da88f1e08:192.168.157.203:43163], old=null
2019-10-16 11:35:54,754 [grpc-default-executor-5] INFO  impl.RaftServerImpl (RaftServerImpl.java:setRole(184)) - 163587bb-2c3b-4498-b576-18147cf38274@group-2077DD483DC7: changes role from  FOLLOWER to FOLLOWER at term 124 for recognizeCandidate:a3132885-145f-4a8c-85f4-c10eb874732d
2019-10-16 11:35:54,754 [grpc-default-executor-5] INFO  impl.RoleInfo (RoleInfo.java:shutdownFollowerState(121)) - 163587bb-2c3b-4498-b576-18147cf38274: shutdown FollowerState
2019-10-16 11:35:54,754 [grpc-default-executor-4] INFO  impl.RaftServerImpl (RaftServerImpl.java:setRole(184)) - 70b633f6-b230-4b9f-87f3-510da88f1e08@group-2077DD483DC7: changes role from  FOLLOWER to FOLLOWER at term 124 for recognizeCandidate:a3132885-145f-4a8c-85f4-c10eb874732d
2019-10-16 11:35:54,754 [grpc-default-executor-4] INFO  impl.RoleInfo (RoleInfo.java:shutdownFollowerState(121)) - 70b633f6-b230-4b9f-87f3-510da88f1e08: shutdown FollowerState
2019-10-16 11:35:54,754 [Thread-2014] INFO  impl.FollowerState (FollowerState.java:run(117)) - 163587bb-2c3b-4498-b576-18147cf38274@group-2077DD483DC7-FollowerState was interrupted: java.lang.InterruptedException: sleep interrupted
2019-10-16 11:35:54,754 [grpc-default-executor-5] INFO  impl.RoleInfo (RoleInfo.java:updateAndGet(143)) - 163587bb-2c3b-4498-b576-18147cf38274: start FollowerState
2019-10-16 11:35:54,755 [Thread-2016] INFO  impl.FollowerState (FollowerState.java:run(117)) - 70b633f6-b230-4b9f-87f3-510da88f1e08@group-2077DD483DC7-FollowerState was interrupted: java.lang.InterruptedException: sleep interrupted
2019-10-16 11:35:54,755 [grpc-default-executor-4] INFO  impl.RoleInfo (RoleInfo.java:updateAndGet(143)) - 70b633f6-b230-4b9f-87f3-510da88f1e08: start FollowerState
2019-10-16 11:35:54,767 [a3132885-145f-4a8c-85f4-c10eb874732d@group-2077DD483DC7-LeaderElection244] INFO  impl.LeaderElection (LeaderElection.java:logAndReturn(56)) - a3132885-145f-4a8c-85f4-c10eb874732d@group-2077DD483DC7-LeaderElection244: Election REJECTED; received 2 response(s) [a3132885-145f-4a8c-85f4-c10eb874732d<-163587bb-2c3b-4498-b576-18147cf38274#0:FAIL-t124, a3132885-145f-4a8c-85f4-c10eb874732d<-70b633f6-b230-4b9f-87f3-510da88f1e08#0:FAIL-t124] and 0 exception(s); a3132885-145f-4a8c-85f4-c10eb874732d@group-2077DD483DC7:t124, leader=null, voted=a3132885-145f-4a8c-85f4-c10eb874732d, raftlog=a3132885-145f-4a8c-85f4-c10eb874732d@group-2077DD483DC7-SegmentedRaftLog:OPENED:c-1,f-1,i0, conf=-1: [163587bb-2c3b-4498-b576-18147cf38274:192.168.157.203:33208, a3132885-145f-4a8c-85f4-c10eb874732d:192.168.157.203:46766, 70b633f6-b230-4b9f-87f3-510da88f1e08:192.168.157.203:43163], old=null
2019-10-16 11:35:54,767 [a3132885-145f-4a8c-85f4-c10eb874732d@group-2077DD483DC7-LeaderElection244] INFO  impl.RaftServerImpl (RaftServerImpl.java:setRole(184)) - a3132885-145f-4a8c-85f4-c10eb874732d@group-2077DD483DC7: changes role from CANDIDATE to FOLLOWER at term 124 for DISCOVERED_A_NEW_TERM
2019-10-16 11:35:54,767 [a3132885-145f-4a8c-85f4-c10eb874732d@group-2077DD483DC7-LeaderElection244] INFO  impl.RoleInfo (RoleInfo.java:shutdownLeaderElection(134)) - a3132885-145f-4a8c-85f4-c10eb874732d: shutdown LeaderElection
2019-10-16 11:35:54,767 [a3132885-145f-4a8c-85f4-c10eb874732d@group-2077DD483DC7-LeaderElection244] INFO  impl.RoleInfo (RoleInfo.java:updateAndGet(143)) - a3132885-145f-4a8c-85f4-c10eb874732d: start FollowerState
2019-10-16 11:35:54,811 [Thread-2020] INFO  impl.FollowerState (FollowerState.java:run(108)) - 1ee6da7b-5867-4bad-ba0d-a2cfd13fd72a@group-B3673A53AB6F-FollowerState: change to CANDIDATE, lastRpcTime:60ms, electionTimeout:60ms
2019-10-16 11:35:54,811 [Thread-2020] INFO  impl.RoleInfo (RoleInfo.java:shutdownFollowerState(121)) - 1ee6da7b-5867-4bad-ba0d-a2cfd13fd72a: shutdown FollowerState
2019-10-16 11:35:54,811 [Thread-2020] INFO  impl.RaftServerImpl (RaftServerImpl.java:setRole(184)) - 1ee6da7b-5867-4bad-ba0d-a2cfd13fd72a@group-B3673A53AB6F: changes role from  FOLLOWER to CANDIDATE at term 133 for changeToCandidate
2019-10-16 11:35:54,811 [Thread-2020] INFO  impl.RoleInfo (RoleInfo.java:updateAndGet(143)) - 1ee6da7b-5867-4bad-ba0d-a2cfd13fd72a: start LeaderElection
2019-10-16 11:35:54,834 [1ee6da7b-5867-4bad-ba0d-a2cfd13fd72a@group-B3673A53AB6F-LeaderElection246] INFO  impl.LeaderElection (LeaderElection.java:askForVotes(178)) - 1ee6da7b-5867-4bad-ba0d-a2cfd13fd72a@group-B3673A53AB6F-LeaderElection246: begin an election at term 134 for -1: [f94c755f-9f95-40b5-85b9-5e712f3f34e7:192.168.157.203:45275, 1ee6da7b-5867-4bad-ba0d-a2cfd13fd72a:192.168.157.203:35892, 4281bf39-36db-462c-8bc9-3c86cb645344:192.168.157.203:42381], old=null
2019-10-16 11:35:54,835 [grpc-default-executor-4] INFO  impl.RaftServerImpl (RaftServerImpl.java:setRole(184)) - f94c755f-9f95-40b5-85b9-5e712f3f34e7@group-B3673A53AB6F: changes role from  FOLLOWER to FOLLOWER at term 134 for recognizeCandidate:1ee6da7b-5867-4bad-ba0d-a2cfd13fd72a
2019-10-16 11:35:54,836 [grpc-default-executor-4] INFO  impl.RoleInfo (RoleInfo.java:shutdownFollowerState(121)) - f94c755f-9f95-40b5-85b9-5e712f3f34e7: shutdown FollowerState
2019-10-16 11:35:54,836 [grpc-default-executor-4] INFO  impl.RoleInfo (RoleInfo.java:updateAndGet(143)) - f94c755f-9f95-40b5-85b9-5e712f3f34e7: start FollowerState
2019-10-16 11:35:54,836 [Thread-2018] INFO  impl.FollowerState (FollowerState.java:run(117)) - f94c755f-9f95-40b5-85b9-5e712f3f34e7@group-B3673A53AB6F-FollowerState was interrupted: java.lang.InterruptedException: sleep interrupted
2019-10-16 11:35:54,836 [grpc-default-executor-5] INFO  impl.RaftServerImpl (RaftServerImpl.java:setRole(184)) - 4281bf39-36db-462c-8bc9-3c86cb645344@group-B3673A53AB6F: changes role from  FOLLOWER to FOLLOWER at term 134 for recognizeCandidate:1ee6da7b-5867-4bad-ba0d-a2cfd13fd72a
2019-10-16 11:35:54,836 [grpc-default-executor-5] INFO  impl.RoleInfo (RoleInfo.java:shutdownFollowerState(121)) - 4281bf39-36db-462c-8bc9-3c86cb645344: shutdown FollowerState
2019-10-16 11:35:54,836 [grpc-default-executor-5] INFO  impl.RoleInfo (RoleInfo.java:updateAndGet(143)) - 4281bf39-36db-462c-8bc9-3c86cb645344: start FollowerState
2019-10-16 11:35:54,836 [Thread-2019] INFO  impl.FollowerState (FollowerState.java:run(117)) - 4281bf39-36db-462c-8bc9-3c86cb645344@group-B3673A53AB6F-FollowerState was interrupted: java.lang.InterruptedException: sleep interrupted
2019-10-16 11:35:54,846 [Thread-2025] INFO  impl.FollowerState (FollowerState.java:run(108)) - a3132885-145f-4a8c-85f4-c10eb874732d@group-2077DD483DC7-FollowerState: change to CANDIDATE, lastRpcTime:78ms, electionTimeout:78ms
2019-10-16 11:35:54,846 [Thread-2025] INFO  impl.RoleInfo (RoleInfo.java:shutdownFollowerState(121)) - a3132885-145f-4a8c-85f4-c10eb874732d: shutdown FollowerState
2019-10-16 11:35:54,846 [Thread-2025] INFO  impl.RaftServerImpl (RaftServerImpl.java:setRole(184)) - a3132885-145f-4a8c-85f4-c10eb874732d@group-2077DD483DC7: changes role from  FOLLOWER to CANDIDATE at term 124 for changeToCandidate
2019-10-16 11:35:54,846 [Thread-2025] INFO  impl.RoleInfo (RoleInfo.java:updateAndGet(143)) - a3132885-145f-4a8c-85f4-c10eb874732d: start LeaderElection
2019-10-16 11:35:54,846 [1ee6da7b-5867-4bad-ba0d-a2cfd13fd72a@group-B3673A53AB6F-LeaderElection246] INFO  impl.LeaderElection (LeaderElection.java:logAndReturn(56)) - 1ee6da7b-5867-4bad-ba0d-a2cfd13fd72a@group-B3673A53AB6F-LeaderElection246: Election REJECTED; received 2 response(s) [1ee6da7b-5867-4bad-ba0d-a2cfd13fd72a<-f94c755f-9f95-40b5-85b9-5e712f3f34e7#0:FAIL-t134, 1ee6da7b-5867-4bad-ba0d-a2cfd13fd72a<-4281bf39-36db-462c-8bc9-3c86cb645344#0:FAIL-t134] and 0 exception(s); 1ee6da7b-5867-4bad-ba0d-a2cfd13fd72a@group-B3673A53AB6F:t134, leader=null, voted=1ee6da7b-5867-4bad-ba0d-a2cfd13fd72a, raftlog=1ee6da7b-5867-4bad-ba0d-a2cfd13fd72a@group-B3673A53AB6F-SegmentedRaftLog:OPENED:c-1,f-1,i0, conf=-1: [f94c755f-9f95-40b5-85b9-5e712f3f34e7:192.168.157.203:45275, 1ee6da7b-5867-4bad-ba0d-a2cfd13fd72a:192.168.157.203:35892, 4281bf39-36db-462c-8bc9-3c86cb645344:192.168.157.203:42381], old=null
2019-10-16 11:35:54,846 [1ee6da7b-5867-4bad-ba0d-a2cfd13fd72a@group-B3673A53AB6F-LeaderElection246] INFO  impl.RaftServerImpl (RaftServerImpl.java:setRole(184)) - 1ee6da7b-5867-4bad-ba0d-a2cfd13fd72a@group-B3673A53AB6F: changes role from CANDIDATE to FOLLOWER at term 134 for DISCOVERED_A_NEW_TERM
2019-10-16 11:35:54,846 [1ee6da7b-5867-4bad-ba0d-a2cfd13fd72a@group-B3673A53AB6F-LeaderElection246] INFO  impl.RoleInfo (RoleInfo.java:shutdownLeaderElection(134)) - 1ee6da7b-5867-4bad-ba0d-a2cfd13fd72a: shutdown LeaderElection
2019-10-16 11:35:54,847 [1ee6da7b-5867-4bad-ba0d-a2cfd13fd72a@group-B3673A53AB6F-LeaderElection246] INFO  impl.RoleInfo (RoleInfo.java:updateAndGet(143)) - 1ee6da7b-5867-4bad-ba0d-a2cfd13fd72a: start FollowerState
2019-10-16 11:35:54,855 [a3132885-145f-4a8c-85f4-c10eb874732d@group-2077DD483DC7-LeaderElection247] INFO  impl.LeaderElection (LeaderElection.java:askForVotes(178)) - a3132885-145f-4a8c-85f4-c10eb874732d@group-2077DD483DC7-LeaderElection247: begin an election at term 125 for -1: [163587bb-2c3b-4498-b576-18147cf38274:192.168.157.203:33208, a3132885-145f-4a8c-85f4-c10eb874732d:192.168.157.203:46766, 70b633f6-b230-4b9f-87f3-510da88f1e08:192.168.157.203:43163], old=null
2019-10-16 11:35:54,856 [grpc-default-executor-4] INFO  impl.RaftServerImpl (RaftServerImpl.java:setRole(184)) - 163587bb-2c3b-4498-b576-18147cf38274@group-2077DD483DC7: changes role from  FOLLOWER to FOLLOWER at term 125 for recognizeCandidate:a3132885-145f-4a8c-85f4-c10eb874732d
2019-10-16 11:35:54,856 [grpc-default-executor-4] INFO  impl.RoleInfo (RoleInfo.java:shutdownFollowerState(121)) - 163587bb-2c3b-4498-b576-18147cf38274: shutdown FollowerState
2019-10-16 11:35:54,856 [grpc-default-executor-5] INFO  impl.RaftServerImpl (RaftServerImpl.java:setRole(184)) - 70b633f6-b230-4b9f-87f3-510da88f1e08@group-2077DD483DC7: changes role from  FOLLOWER to FOLLOWER at term 125 for recognizeCandidate:a3132885-145f-4a8c-85f4-c10eb874732d
2019-10-16 11:35:54,856 [grpc-default-executor-5] INFO  impl.RoleInfo (RoleInfo.java:shutdownFollowerState(121)) - 70b633f6-b230-4b9f-87f3-510da88f1e08: shutdown FollowerState
2019-10-16 11:35:54,856 [Thread-2023] INFO  impl.FollowerState (FollowerState.java:run(117)) - 163587bb-2c3b-4498-b576-18147cf38274@group-2077DD483DC7-FollowerState was interrupted: java.lang.InterruptedException: sleep interrupted
2019-10-16 11:35:54,856 [grpc-default-executor-4] INFO  impl.RoleInfo (RoleInfo.java:updateAndGet(143)) - 163587bb-2c3b-4498-b576-18147cf38274: start FollowerState
2019-10-16 11:35:54,857 [Thread-2024] INFO  impl.FollowerState (FollowerState.java:run(117)) - 70b633f6-b230-4b9f-87f3-510da88f1e08@group-2077DD483DC7-FollowerState was interrupted: java.lang.InterruptedException: sleep interrupted
2019-10-16 11:35:54,857 [grpc-default-executor-5] INFO  impl.RoleInfo (RoleInfo.java:updateAndGet(143)) - 70b633f6-b230-4b9f-87f3-510da88f1e08: start FollowerState
2019-10-16 11:35:54,875 [a3132885-145f-4a8c-85f4-c10eb874732d@group-2077DD483DC7-LeaderElection247] INFO  impl.LeaderElection (LeaderElection.java:logAndReturn(56)) - a3132885-145f-4a8c-85f4-c10eb874732d@group-2077DD483DC7-LeaderElection247: Election REJECTED; received 2 response(s) [a3132885-145f-4a8c-85f4-c10eb874732d<-163587bb-2c3b-4498-b576-18147cf38274#0:FAIL-t125, a3132885-145f-4a8c-85f4-c10eb874732d<-70b633f6-b230-4b9f-87f3-510da88f1e08#0:FAIL-t125] and 0 exception(s); a3132885-145f-4a8c-85f4-c10eb874732d@group-2077DD483DC7:t125, leader=null, voted=a3132885-145f-4a8c-85f4-c10eb874732d, raftlog=a3132885-145f-4a8c-85f4-c10eb874732d@group-2077DD483DC7-SegmentedRaftLog:OPENED:c-1,f-1,i0, conf=-1: [163587bb-2c3b-4498-b576-18147cf38274:192.168.157.203:33208, a3132885-145f-4a8c-85f4-c10eb874732d:192.168.157.203:46766, 70b633f6-b230-4b9f-87f3-510da88f1e08:192.168.157.203:43163], old=null
2019-10-16 11:35:54,875 [a3132885-145f-4a8c-85f4-c10eb874732d@group-2077DD483DC7-LeaderElection247] INFO  impl.RaftServerImpl (RaftServerImpl.java:setRole(184)) - a3132885-145f-4a8c-85f4-c10eb874732d@group-2077DD483DC7: changes role from CANDIDATE to FOLLOWER at term 125 for DISCOVERED_A_NEW_TERM
2019-10-16 11:35:54,876 [a3132885-145f-4a8c-85f4-c10eb874732d@group-2077DD483DC7-LeaderElection247] INFO  impl.RoleInfo (RoleInfo.java:shutdownLeaderElection(134)) - a3132885-145f-4a8c-85f4-c10eb874732d: shutdown LeaderElection
2019-10-16 11:35:54,876 [a3132885-145f-4a8c-85f4-c10eb874732d@group-2077DD483DC7-LeaderElection247] INFO  impl.RoleInfo (RoleInfo.java:updateAndGet(143)) - a3132885-145f-4a8c-85f4-c10eb874732d: start FollowerState
2019-10-16 11:35:54,953 [Thread-2032] INFO  impl.FollowerState (FollowerState.java:run(108)) - 1ee6da7b-5867-4bad-ba0d-a2cfd13fd72a@group-B3673A53AB6F-FollowerState: change to CANDIDATE, lastRpcTime:106ms, electionTimeout:106ms
2019-10-16 11:35:54,953 [Thread-2032] INFO  impl.RoleInfo (RoleInfo.java:shutdownFollowerState(121)) - 1ee6da7b-5867-4bad-ba0d-a2cfd13fd72a: shutdown FollowerState
2019-10-16 11:35:54,953 [Thread-2032] INFO  impl.RaftServerImpl (RaftServerImpl.java:setRole(184)) - 1ee6da7b-5867-4bad-ba0d-a2cfd13fd72a@group-B3673A53AB6F: changes role from  FOLLOWER to CANDIDATE at term 134 for changeToCandidate
2019-10-16 11:35:54,954 [Thread-2032] INFO  impl.RoleInfo (RoleInfo.java:updateAndGet(143)) - 1ee6da7b-5867-4bad-ba0d-a2cfd13fd72a: start LeaderElection
2019-10-16 11:35:54,970 [1ee6da7b-5867-4bad-ba0d-a2cfd13fd72a@group-B3673A53AB6F-LeaderElection248] INFO  impl.LeaderElection (LeaderElection.java:askForVotes(178)) - 1ee6da7b-5867-4bad-ba0d-a2cfd13fd72a@group-B3673A53AB6F-LeaderElection248: begin an election at term 135 for -1: [f94c755f-9f95-40b5-85b9-5e712f3f34e7:192.168.157.203:45275, 1ee6da7b-5867-4bad-ba0d-a2cfd13fd72a:192.168.157.203:35892, 4281bf39-36db-462c-8bc9-3c86cb645344:192.168.157.203:42381], old=null
2019-10-16 11:35:54,976 [grpc-default-executor-5] INFO  impl.RaftServerImpl (RaftServerImpl.java:setRole(184)) - f94c755f-9f95-40b5-85b9-5e712f3f34e7@group-B3673A53AB6F: changes role from  FOLLOWER to FOLLOWER at term 135 for recognizeCandidate:1ee6da7b-5867-4bad-ba0d-a2cfd13fd72a
2019-10-16 11:35:54,976 [grpc-default-executor-4] INFO  impl.RaftServerImpl (RaftServerImpl.java:setRole(184)) - 4281bf39-36db-462c-8bc9-3c86cb645344@group-B3673A53AB6F: changes role from  FOLLOWER to FOLLOWER at term 135 for recognizeCandidate:1ee6da7b-5867-4bad-ba0d-a2cfd13fd72a
2019-10-16 11:35:54,976 [grpc-default-executor-5] INFO  impl.RoleInfo (RoleInfo.java:shutdownFollowerState(121)) - f94c755f-9f95-40b5-85b9-5e712f3f34e7: shutdown FollowerState
2019-10-16 11:35:54,976 [grpc-default-executor-4] INFO  impl.RoleInfo (RoleInfo.java:shutdownFollowerState(121)) - 4281bf39-36db-462c-8bc9-3c86cb645344: shutdown FollowerState
2019-10-16 11:35:54,977 [Thread-2029] INFO  impl.FollowerState (FollowerState.java:run(117)) - f94c755f-9f95-40b5-85b9-5e712f3f34e7@group-B3673A53AB6F-FollowerState was interrupted: java.lang.InterruptedException: sleep interrupted
2019-10-16 11:35:54,977 [grpc-default-executor-5] INFO  impl.RoleInfo (RoleInfo.java:updateAndGet(143)) - f94c755f-9f95-40b5-85b9-5e712f3f34e7: start FollowerState
2019-10-16 11:35:54,977 [Thread-2030] INFO  impl.FollowerState (FollowerState.java:run(117)) - 4281bf39-36db-462c-8bc9-3c86cb645344@group-B3673A53AB6F-FollowerState was interrupted: java.lang.InterruptedException: sleep interrupted
2019-10-16 11:35:54,977 [grpc-default-executor-4] INFO  impl.RoleInfo (RoleInfo.java:updateAndGet(143)) - 4281bf39-36db-462c-8bc9-3c86cb645344: start FollowerState
2019-10-16 11:35:54,986 [1ee6da7b-5867-4bad-ba0d-a2cfd13fd72a@group-B3673A53AB6F-LeaderElection248] INFO  impl.LeaderElection (LeaderElection.java:logAndReturn(56)) - 1ee6da7b-5867-4bad-ba0d-a2cfd13fd72a@group-B3673A53AB6F-LeaderElection248: Election REJECTED; received 2 response(s) [1ee6da7b-5867-4bad-ba0d-a2cfd13fd72a<-f94c755f-9f95-40b5-85b9-5e712f3f34e7#0:FAIL-t135, 1ee6da7b-5867-4bad-ba0d-a2cfd13fd72a<-4281bf39-36db-462c-8bc9-3c86cb645344#0:FAIL-t135] and 0 exception(s); 1ee6da7b-5867-4bad-ba0d-a2cfd13fd72a@group-B3673A53AB6F:t135, leader=null, voted=1ee6da7b-5867-4bad-ba0d-a2cfd13fd72a, raftlog=1ee6da7b-5867-4bad-ba0d-a2cfd13fd72a@group-B3673A53AB6F-SegmentedRaftLog:OPENED:c-1,f-1,i0, conf=-1: [f94c755f-9f95-40b5-85b9-5e712f3f34e7:192.168.157.203:45275, 1ee6da7b-5867-4bad-ba0d-a2cfd13fd72a:192.168.157.203:35892, 4281bf39-36db-462c-8bc9-3c86cb645344:192.168.157.203:42381], old=null
2019-10-16 11:35:54,986 [1ee6da7b-5867-4bad-ba0d-a2cfd13fd72a@group-B3673A53AB6F-LeaderElection248] INFO  impl.RaftServerImpl (RaftServerImpl.java:setRole(184)) - 1ee6da7b-5867-4bad-ba0d-a2cfd13fd72a@group-B3673A53AB6F: changes role from CANDIDATE to FOLLOWER at term 135 for DISCOVERED_A_NEW_TERM
2019-10-16 11:35:54,986 [1ee6da7b-5867-4bad-ba0d-a2cfd13fd72a@group-B3673A53AB6F-LeaderElection248] INFO  impl.RoleInfo (RoleInfo.java:shutdownLeaderElection(134)) - 1ee6da7b-5867-4bad-ba0d-a2cfd13fd72a: shutdown LeaderElection
2019-10-16 11:35:54,986 [1ee6da7b-5867-4bad-ba0d-a2cfd13fd72a@group-B3673A53AB6F-LeaderElection248] INFO  impl.RoleInfo (RoleInfo.java:updateAndGet(143)) - 1ee6da7b-5867-4bad-ba0d-a2cfd13fd72a: start FollowerState
2019-10-16 11:35:55,058 [Thread-2037] INFO  impl.FollowerState (FollowerState.java:run(108)) - a3132885-145f-4a8c-85f4-c10eb874732d@group-2077DD483DC7-FollowerState: change to CANDIDATE, lastRpcTime:182ms, electionTimeout:182ms
2019-10-16 11:35:55,058 [Thread-2037] INFO  impl.RoleInfo (RoleInfo.java:shutdownFollowerState(121)) - a3132885-145f-4a8c-85f4-c10eb874732d: shutdown FollowerState
2019-10-16 11:35:55,059 [Thread-2037] INFO  impl.RaftServerImpl (RaftServerImpl.java:setRole(184)) - a3132885-145f-4a8c-85f4-c10eb874732d@group-2077DD483DC7: changes role from  FOLLOWER to CANDIDATE at term 125 for changeToCandidate
2019-10-16 11:35:55,059 [Thread-2037] INFO  impl.RoleInfo (RoleInfo.java:updateAndGet(143)) - a3132885-145f-4a8c-85f4-c10eb874732d: start LeaderElection
2019-10-16 11:35:55,074 [a3132885-145f-4a8c-85f4-c10eb874732d@group-2077DD483DC7-LeaderElection249] INFO  impl.LeaderElection (LeaderElection.java:askForVotes(178)) - a3132885-145f-4a8c-85f4-c10eb874732d@group-2077DD483DC7-LeaderElection249: begin an election at term 126 for -1: [163587bb-2c3b-4498-b576-18147cf38274:192.168.157.203:33208, a3132885-145f-4a8c-85f4-c10eb874732d:192.168.157.203:46766, 70b633f6-b230-4b9f-87f3-510da88f1e08:192.168.157.203:43163], old=null
2019-10-16 11:35:55,076 [grpc-default-executor-4] INFO  impl.RaftServerImpl (RaftServerImpl.java:setRole(184)) - 70b633f6-b230-4b9f-87f3-510da88f1e08@group-2077DD483DC7: changes role from  FOLLOWER to FOLLOWER at term 126 for recognizeCandidate:a3132885-145f-4a8c-85f4-c10eb874732d
2019-10-16 11:35:55,076 [grpc-default-executor-5] INFO  impl.RaftServerImpl (RaftServerImpl.java:setRole(184)) - 163587bb-2c3b-4498-b576-18147cf38274@group-2077DD483DC7: changes role from  FOLLOWER to FOLLOWER at term 126 for recognizeCandidate:a3132885-145f-4a8c-85f4-c10eb874732d
2019-10-16 11:35:55,076 [grpc-default-executor-4] INFO  impl.RoleInfo (RoleInfo.java:shutdownFollowerState(121)) - 70b633f6-b230-4b9f-87f3-510da88f1e08: shutdown FollowerState
2019-10-16 11:35:55,077 [grpc-default-executor-5] INFO  impl.RoleInfo (RoleInfo.java:shutdownFollowerState(121)) - 163587bb-2c3b-4498-b576-18147cf38274: shutdown FollowerState
2019-10-16 11:35:55,077 [Thread-2036] INFO  impl.FollowerState (FollowerState.java:run(117)) - 70b633f6-b230-4b9f-87f3-510da88f1e08@group-2077DD483DC7-FollowerState was interrupted: java.lang.InterruptedException: sleep interrupted
2019-10-16 11:35:55,077 [grpc-default-executor-4] INFO  impl.RoleInfo (RoleInfo.java:updateAndGet(143)) - 70b633f6-b230-4b9f-87f3-510da88f1e08: start FollowerState
2019-10-16 11:35:55,077 [Thread-2035] INFO  impl.FollowerState (FollowerState.java:run(117)) - 163587bb-2c3b-4498-b576-18147cf38274@group-2077DD483DC7-FollowerState was interrupted: java.lang.InterruptedException: sleep interrupted
2019-10-16 11:35:55,077 [grpc-default-executor-5] INFO  impl.RoleInfo (RoleInfo.java:updateAndGet(143)) - 163587bb-2c3b-4498-b576-18147cf38274: start FollowerState
2019-10-16 11:35:55,087 [a3132885-145f-4a8c-85f4-c10eb874732d@group-2077DD483DC7-LeaderElection249] INFO  impl.LeaderElection (LeaderElection.java:logAndReturn(56)) - a3132885-145f-4a8c-85f4-c10eb874732d@group-2077DD483DC7-LeaderElection249: Election REJECTED; received 2 response(s) [a3132885-145f-4a8c-85f4-c10eb874732d<-163587bb-2c3b-4498-b576-18147cf38274#0:FAIL-t126, a3132885-145f-4a8c-85f4-c10eb874732d<-70b633f6-b230-4b9f-87f3-510da88f1e08#0:FAIL-t126] and 0 exception(s); a3132885-145f-4a8c-85f4-c10eb874732d@group-2077DD483DC7:t126, leader=null, voted=a3132885-145f-4a8c-85f4-c10eb874732d, raftlog=a3132885-145f-4a8c-85f4-c10eb874732d@group-2077DD483DC7-SegmentedRaftLog:OPENED:c-1,f-1,i0, conf=-1: [163587bb-2c3b-4498-b576-18147cf38274:192.168.157.203:33208, a3132885-145f-4a8c-85f4-c10eb874732d:192.168.157.203:46766, 70b633f6-b230-4b9f-87f3-510da88f1e08:192.168.157.203:43163], old=null
2019-10-16 11:35:55,088 [a3132885-145f-4a8c-85f4-c10eb874732d@group-2077DD483DC7-LeaderElection249] INFO  impl.RaftServerImpl (RaftServerImpl.java:setRole(184)) - a3132885-145f-4a8c-85f4-c10eb874732d@group-2077DD483DC7: changes role from CANDIDATE to FOLLOWER at term 126 for DISCOVERED_A_NEW_TERM
2019-10-16 11:35:55,088 [a3132885-145f-4a8c-85f4-c10eb874732d@group-2077DD483DC7-LeaderElection249] INFO  impl.RoleInfo (RoleInfo.java:shutdownLeaderElection(134)) - a3132885-145f-4a8c-85f4-c10eb874732d: shutdown LeaderElection
2019-10-16 11:35:55,088 [a3132885-145f-4a8c-85f4-c10eb874732d@group-2077DD483DC7-LeaderElection249] INFO  impl.RoleInfo (RoleInfo.java:updateAndGet(143)) - a3132885-145f-4a8c-85f4-c10eb874732d: start FollowerState
2019-10-16 11:35:55,103 [Thread-2047] INFO  impl.FollowerState (FollowerState.java:run(108)) - 1ee6da7b-5867-4bad-ba0d-a2cfd13fd72a@group-B3673A53AB6F-FollowerState: change to CANDIDATE, lastRpcTime:117ms, electionTimeout:117ms
2019-10-16 11:35:55,104 [Thread-2047] INFO  impl.RoleInfo (RoleInfo.java:shutdownFollowerState(121)) - 1ee6da7b-5867-4bad-ba0d-a2cfd13fd72a: shutdown FollowerState
2019-10-16 11:35:55,104 [Thread-2047] INFO  impl.RaftServerImpl (RaftServerImpl.java:setRole(184)) - 1ee6da7b-5867-4bad-ba0d-a2cfd13fd72a@group-B3673A53AB6F: changes role from  FOLLOWER to CANDIDATE at term 135 for changeToCandidate
2019-10-16 11:35:55,104 [Thread-2047] INFO  impl.RoleInfo (RoleInfo.java:updateAndGet(143)) - 1ee6da7b-5867-4bad-ba0d-a2cfd13fd72a: start LeaderElection
2019-10-16 11:35:55,111 [1ee6da7b-5867-4bad-ba0d-a2cfd13fd72a@group-B3673A53AB6F-LeaderElection250] INFO  impl.LeaderElection (LeaderElection.java:askForVotes(178)) - 1ee6da7b-5867-4bad-ba0d-a2cfd13fd72a@group-B3673A53AB6F-LeaderElection250: begin an election at term 136 for -1: [f94c755f-9f95-40b5-85b9-5e712f3f34e7:192.168.157.203:45275, 1ee6da7b-5867-4bad-ba0d-a2cfd13fd72a:192.168.157.203:35892, 4281bf39-36db-462c-8bc9-3c86cb645344:192.168.157.203:42381], old=null
2019-10-16 11:35:55,113 [grpc-default-executor-5] INFO  impl.RaftServerImpl (RaftServerImpl.java:setRole(184)) - f94c755f-9f95-40b5-85b9-5e712f3f34e7@group-B3673A53AB6F: changes role from  FOLLOWER to FOLLOWER at term 136 for recognizeCandidate:1ee6da7b-5867-4bad-ba0d-a2cfd13fd72a
2019-10-16 11:35:55,113 [grpc-default-executor-4] INFO  impl.RaftServerImpl (RaftServerImpl.java:setRole(184)) - 4281bf39-36db-462c-8bc9-3c86cb645344@group-B3673A53AB6F: changes role from  FOLLOWER to FOLLOWER at term 136 for recognizeCandidate:1ee6da7b-5867-4bad-ba0d-a2cfd13fd72a
2019-10-16 11:35:55,114 [grpc-default-executor-5] INFO  impl.RoleInfo (RoleInfo.java:shutdownFollowerState(121)) - f94c755f-9f95-40b5-85b9-5e712f3f34e7: shutdown FollowerState
2019-10-16 11:35:55,114 [grpc-default-executor-4] INFO  impl.RoleInfo (RoleInfo.java:shutdownFollowerState(121)) - 4281bf39-36db-462c-8bc9-3c86cb645344: shutdown FollowerState
2019-10-16 11:35:55,114 [Thread-2045] INFO  impl.FollowerState (FollowerState.java:run(117)) - f94c755f-9f95-40b5-85b9-5e712f3f34e7@group-B3673A53AB6F-FollowerState was interrupted: java.lang.InterruptedException: sleep interrupted
2019-10-16 11:35:55,114 [grpc-default-executor-5] INFO  impl.RoleInfo (RoleInfo.java:updateAndGet(143)) - f94c755f-9f95-40b5-85b9-5e712f3f34e7: start FollowerState
2019-10-16 11:35:55,114 [grpc-default-executor-4] INFO  impl.RoleInfo (RoleInfo.java:updateAndGet(143)) - 4281bf39-36db-462c-8bc9-3c86cb645344: start FollowerState
2019-10-16 11:35:55,114 [Thread-2046] INFO  impl.FollowerState (FollowerState.java:run(117)) - 4281bf39-36db-462c-8bc9-3c86cb645344@group-B3673A53AB6F-FollowerState was interrupted: java.lang.InterruptedException: sleep interrupted
2019-10-16 11:35:55,123 [1ee6da7b-5867-4bad-ba0d-a2cfd13fd72a@group-B3673A53AB6F-LeaderElection250] INFO  impl.LeaderElection (LeaderElection.java:logAndReturn(56)) - 1ee6da7b-5867-4bad-ba0d-a2cfd13fd72a@group-B3673A53AB6F-LeaderElection250: Election REJECTED; received 2 response(s) [1ee6da7b-5867-4bad-ba0d-a2cfd13fd72a<-f94c755f-9f95-40b5-85b9-5e712f3f34e7#0:FAIL-t136, 1ee6da7b-5867-4bad-ba0d-a2cfd13fd72a<-4281bf39-36db-462c-8bc9-3c86cb645344#0:FAIL-t136] and 0 exception(s); 1ee6da7b-5867-4bad-ba0d-a2cfd13fd72a@group-B3673A53AB6F:t136, leader=null, voted=1ee6da7b-5867-4bad-ba0d-a2cfd13fd72a, raftlog=1ee6da7b-5867-4bad-ba0d-a2cfd13fd72a@group-B3673A53AB6F-SegmentedRaftLog:OPENED:c-1,f-1,i0, conf=-1: [f94c755f-9f95-40b5-85b9-5e712f3f34e7:192.168.157.203:45275, 1ee6da7b-5867-4bad-ba0d-a2cfd13fd72a:192.168.157.203:35892, 4281bf39-36db-462c-8bc9-3c86cb645344:192.168.157.203:42381], old=null
2019-10-16 11:35:55,123 [1ee6da7b-5867-4bad-ba0d-a2cfd13fd72a@group-B3673A53AB6F-LeaderElection250] INFO  impl.RaftServerImpl (RaftServerImpl.java:setRole(184)) - 1ee6da7b-5867-4bad-ba0d-a2cfd13fd72a@group-B3673A53AB6F: changes role from CANDIDATE to FOLLOWER at term 136 for DISCOVERED_A_NEW_TERM
2019-10-16 11:35:55,123 [1ee6da7b-5867-4bad-ba0d-a2cfd13fd72a@group-B3673A53AB6F-LeaderElection250] INFO  impl.RoleInfo (RoleInfo.java:shutdownLeaderElection(134)) - 1ee6da7b-5867-4bad-ba0d-a2cfd13fd72a: shutdown LeaderElection
2019-10-16 11:35:55,124 [1ee6da7b-5867-4bad-ba0d-a2cfd13fd72a@group-B3673A53AB6F-LeaderElection250] INFO  impl.RoleInfo (RoleInfo.java:updateAndGet(143)) - 1ee6da7b-5867-4bad-ba0d-a2cfd13fd72a: start FollowerState
2019-10-16 11:35:55,160 [Thread-2053] INFO  impl.FollowerState (FollowerState.java:run(108)) - a3132885-145f-4a8c-85f4-c10eb874732d@group-2077DD483DC7-FollowerState: change to CANDIDATE, lastRpcTime:72ms, electionTimeout:72ms
2019-10-16 11:35:55,161 [Thread-2053] INFO  impl.RoleInfo (RoleInfo.java:shutdownFollowerState(121)) - a3132885-145f-4a8c-85f4-c10eb874732d: shutdown FollowerState
2019-10-16 11:35:55,161 [Thread-2053] INFO  impl.RaftServerImpl (RaftServerImpl.java:setRole(184)) - a3132885-145f-4a8c-85f4-c10eb874732d@group-2077DD483DC7: changes role from  FOLLOWER to CANDIDATE at term 126 for changeToCandidate
2019-10-16 11:35:55,161 [Thread-2053] INFO  impl.RoleInfo (RoleInfo.java:updateAndGet(143)) - a3132885-145f-4a8c-85f4-c10eb874732d: start LeaderElection
2019-10-16 11:35:55,168 [a3132885-145f-4a8c-85f4-c10eb874732d@group-2077DD483DC7-LeaderElection251] INFO  impl.LeaderElection (LeaderElection.java:askForVotes(178)) - a3132885-145f-4a8c-85f4-c10eb874732d@group-2077DD483DC7-LeaderElection251: begin an election at term 127 for -1: [163587bb-2c3b-4498-b576-18147cf38274:192.168.157.203:33208, a3132885-145f-4a8c-85f4-c10eb874732d:192.168.157.203:46766, 70b633f6-b230-4b9f-87f3-510da88f1e08:192.168.157.203:43163], old=null
2019-10-16 11:35:55,170 [grpc-default-executor-5] INFO  impl.RaftServerImpl (RaftServerImpl.java:setRole(184)) - 70b633f6-b230-4b9f-87f3-510da88f1e08@group-2077DD483DC7: changes role from  FOLLOWER to FOLLOWER at term 127 for recognizeCandidate:a3132885-145f-4a8c-85f4-c10eb874732d
2019-10-16 11:35:55,171 [grpc-default-executor-5] INFO  impl.RoleInfo (RoleInfo.java:shutdownFollowerState(121)) - 70b633f6-b230-4b9f-87f3-510da88f1e08: shutdown FollowerState
2019-10-16 11:35:55,170 [grpc-default-executor-4] INFO  impl.RaftServerImpl (RaftServerImpl.java:setRole(184)) - 163587bb-2c3b-4498-b576-18147cf38274@group-2077DD483DC7: changes role from  FOLLOWER to FOLLOWER at term 127 for recognizeCandidate:a3132885-145f-4a8c-85f4-c10eb874732d
2019-10-16 11:35:55,171 [Thread-2051] INFO  impl.FollowerState (FollowerState.java:run(117)) - 70b633f6-b230-4b9f-87f3-510da88f1e08@group-2077DD483DC7-FollowerState was interrupted: java.lang.InterruptedException: sleep interrupted
2019-10-16 11:35:55,171 [grpc-default-executor-5] INFO  impl.RoleInfo (RoleInfo.java:updateAndGet(143)) - 70b633f6-b230-4b9f-87f3-510da88f1e08: start FollowerState
2019-10-16 11:35:55,171 [grpc-default-executor-4] INFO  impl.RoleInfo (RoleInfo.java:shutdownFollowerState(121)) - 163587bb-2c3b-4498-b576-18147cf38274: shutdown FollowerState
2019-10-16 11:35:55,171 [Thread-2052] INFO  impl.FollowerState (FollowerState.java:run(117)) - 163587bb-2c3b-4498-b576-18147cf38274@group-2077DD483DC7-FollowerState was interrupted: java.lang.InterruptedException: sleep interrupted
2019-10-16 11:35:55,171 [grpc-default-executor-4] INFO  impl.RoleInfo (RoleInfo.java:updateAndGet(143)) - 163587bb-2c3b-4498-b576-18147cf38274: start FollowerState
2019-10-16 11:35:55,180 [a3132885-145f-4a8c-85f4-c10eb874732d@group-2077DD483DC7-LeaderElection251] INFO  impl.LeaderElection (LeaderElection.java:logAndReturn(56)) - a3132885-145f-4a8c-85f4-c10eb874732d@group-2077DD483DC7-LeaderElection251: Election REJECTED; received 2 response(s) [a3132885-145f-4a8c-85f4-c10eb874732d<-163587bb-2c3b-4498-b576-18147cf38274#0:FAIL-t127, a3132885-145f-4a8c-85f4-c10eb874732d<-70b633f6-b230-4b9f-87f3-510da88f1e08#0:FAIL-t127] and 0 exception(s); a3132885-145f-4a8c-85f4-c10eb874732d@group-2077DD483DC7:t127, leader=null, voted=a3132885-145f-4a8c-85f4-c10eb874732d, raftlog=a3132885-145f-4a8c-85f4-c10eb874732d@group-2077DD483DC7-SegmentedRaftLog:OPENED:c-1,f-1,i0, conf=-1: [163587bb-2c3b-4498-b576-18147cf38274:192.168.157.203:33208, a3132885-145f-4a8c-85f4-c10eb874732d:192.168.157.203:46766, 70b633f6-b230-4b9f-87f3-510da88f1e08:192.168.157.203:43163], old=null
2019-10-16 11:35:55,180 [a3132885-145f-4a8c-85f4-c10eb874732d@group-2077DD483DC7-LeaderElection251] INFO  impl.RaftServerImpl (RaftServerImpl.java:setRole(184)) - a3132885-145f-4a8c-85f4-c10eb874732d@group-2077DD483DC7: changes role from CANDIDATE to FOLLOWER at term 127 for DISCOVERED_A_NEW_TERM
2019-10-16 11:35:55,180 [a3132885-145f-4a8c-85f4-c10eb874732d@group-2077DD483DC7-LeaderElection251] INFO  impl.RoleInfo (RoleInfo.java:shutdownLeaderElection(134)) - a3132885-145f-4a8c-85f4-c10eb874732d: shutdown LeaderElection
2019-10-16 11:35:55,180 [a3132885-145f-4a8c-85f4-c10eb874732d@group-2077DD483DC7-LeaderElection251] INFO  impl.RoleInfo (RoleInfo.java:updateAndGet(143)) - a3132885-145f-4a8c-85f4-c10eb874732d: start FollowerState
2019-10-16 11:35:55,199 [Thread-2065] INFO  impl.FollowerState (FollowerState.java:run(108)) - a3132885-145f-4a8c-85f4-c10eb874732d@group-2077DD483DC7-FollowerState: change to CANDIDATE, lastRpcTime:19ms, electionTimeout:19ms
2019-10-16 11:35:55,199 [Thread-2065] INFO  impl.RoleInfo (RoleInfo.java:shutdownFollowerState(121)) - a3132885-145f-4a8c-85f4-c10eb874732d: shutdown FollowerState
2019-10-16 11:35:55,199 [Thread-2065] INFO  impl.RaftServerImpl (RaftServerImpl.java:setRole(184)) - a3132885-145f-4a8c-85f4-c10eb874732d@group-2077DD483DC7: changes role from  FOLLOWER to CANDIDATE at term 127 for changeToCandidate
2019-10-16 11:35:55,200 [Thread-2065] INFO  impl.RoleInfo (RoleInfo.java:updateAndGet(143)) - a3132885-145f-4a8c-85f4-c10eb874732d: start LeaderElection
2019-10-16 11:35:55,214 [a3132885-145f-4a8c-85f4-c10eb874732d@group-2077DD483DC7-LeaderElection252] INFO  impl.LeaderElection (LeaderElection.java:askForVotes(178)) - a3132885-145f-4a8c-85f4-c10eb874732d@group-2077DD483DC7-LeaderElection252: begin an election at term 128 for -1: [163587bb-2c3b-4498-b576-18147cf38274:192.168.157.203:33208, a3132885-145f-4a8c-85f4-c10eb874732d:192.168.157.203:46766, 70b633f6-b230-4b9f-87f3-510da88f1e08:192.168.157.203:43163], old=null
2019-10-16 11:35:55,215 [grpc-default-executor-4] INFO  impl.RaftServerImpl (RaftServerImpl.java:setRole(184)) - 163587bb-2c3b-4498-b576-18147cf38274@group-2077DD483DC7: changes role from  FOLLOWER to FOLLOWER at term 128 for recognizeCandidate:a3132885-145f-4a8c-85f4-c10eb874732d
2019-10-16 11:35:55,216 [grpc-default-executor-4] INFO  impl.RoleInfo (RoleInfo.java:shutdownFollowerState(121)) - 163587bb-2c3b-4498-b576-18147cf38274: shutdown FollowerState
2019-10-16 11:35:55,216 [grpc-default-executor-4] INFO  impl.RoleInfo (RoleInfo.java:updateAndGet(143)) - 163587bb-2c3b-4498-b576-18147cf38274: start FollowerState
2019-10-16 11:35:55,216 [Thread-2064] INFO  impl.FollowerState (FollowerState.java:run(117)) - 163587bb-2c3b-4498-b576-18147cf38274@group-2077DD483DC7-FollowerState was interrupted: java.lang.InterruptedException: sleep interrupted
2019-10-16 11:35:55,216 [grpc-default-executor-5] INFO  impl.RaftServerImpl (RaftServerImpl.java:setRole(184)) - 70b633f6-b230-4b9f-87f3-510da88f1e08@group-2077DD483DC7: changes role from  FOLLOWER to FOLLOWER at term 128 for recognizeCandidate:a3132885-145f-4a8c-85f4-c10eb874732d
2019-10-16 11:35:55,216 [grpc-default-executor-5] INFO  impl.RoleInfo (RoleInfo.java:shutdownFollowerState(121)) - 70b633f6-b230-4b9f-87f3-510da88f1e08: shutdown FollowerState
2019-10-16 11:35:55,216 [grpc-default-executor-5] INFO  impl.RoleInfo (RoleInfo.java:updateAndGet(143)) - 70b633f6-b230-4b9f-87f3-510da88f1e08: start FollowerState
2019-10-16 11:35:55,216 [Thread-2063] INFO  impl.FollowerState (FollowerState.java:run(117)) - 70b633f6-b230-4b9f-87f3-510da88f1e08@group-2077DD483DC7-FollowerState was interrupted: java.lang.InterruptedException: sleep interrupted
2019-10-16 11:35:55,224 [a3132885-145f-4a8c-85f4-c10eb874732d@group-2077DD483DC7-LeaderElection252] INFO  impl.LeaderElection (LeaderElection.java:logAndReturn(56)) - a3132885-145f-4a8c-85f4-c10eb874732d@group-2077DD483DC7-LeaderElection252: Election REJECTED; received 2 response(s) [a3132885-145f-4a8c-85f4-c10eb874732d<-163587bb-2c3b-4498-b576-18147cf38274#0:FAIL-t128, a3132885-145f-4a8c-85f4-c10eb874732d<-70b633f6-b230-4b9f-87f3-510da88f1e08#0:FAIL-t128] and 0 exception(s); a3132885-145f-4a8c-85f4-c10eb874732d@group-2077DD483DC7:t128, leader=null, voted=a3132885-145f-4a8c-85f4-c10eb874732d, raftlog=a3132885-145f-4a8c-85f4-c10eb874732d@group-2077DD483DC7-SegmentedRaftLog:OPENED:c-1,f-1,i0, conf=-1: [163587bb-2c3b-4498-b576-18147cf38274:192.168.157.203:33208, a3132885-145f-4a8c-85f4-c10eb874732d:192.168.157.203:46766, 70b633f6-b230-4b9f-87f3-510da88f1e08:192.168.157.203:43163], old=null
2019-10-16 11:35:55,224 [a3132885-145f-4a8c-85f4-c10eb874732d@group-2077DD483DC7-LeaderElection252] INFO  impl.RaftServerImpl (RaftServerImpl.java:setRole(184)) - a3132885-145f-4a8c-85f4-c10eb874732d@group-2077DD483DC7: changes role from CANDIDATE to FOLLOWER at term 128 for DISCOVERED_A_NEW_TERM
2019-10-16 11:35:55,224 [a3132885-145f-4a8c-85f4-c10eb874732d@group-2077DD483DC7-LeaderElection252] INFO  impl.RoleInfo (RoleInfo.java:shutdownLeaderElection(134)) - a3132885-145f-4a8c-85f4-c10eb874732d: shutdown LeaderElection
2019-10-16 11:35:55,225 [a3132885-145f-4a8c-85f4-c10eb874732d@group-2077DD483DC7-LeaderElection252] INFO  impl.RoleInfo (RoleInfo.java:updateAndGet(143)) - a3132885-145f-4a8c-85f4-c10eb874732d: start FollowerState
2019-10-16 11:35:55,258 [Thread-2059] INFO  impl.FollowerState (FollowerState.java:run(108)) - 1ee6da7b-5867-4bad-ba0d-a2cfd13fd72a@group-B3673A53AB6F-FollowerState: change to CANDIDATE, lastRpcTime:134ms, electionTimeout:134ms
2019-10-16 11:35:55,258 [Thread-2059] INFO  impl.RoleInfo (RoleInfo.java:shutdownFollowerState(121)) - 1ee6da7b-5867-4bad-ba0d-a2cfd13fd72a: shutdown FollowerState
2019-10-16 11:35:55,258 [Thread-2059] INFO  impl.RaftServerImpl (RaftServerImpl.java:setRole(184)) - 1ee6da7b-5867-4bad-ba0d-a2cfd13fd72a@group-B3673A53AB6F: changes role from  FOLLOWER to CANDIDATE at term 136 for changeToCandidate
2019-10-16 11:35:55,258 [Thread-2059] INFO  impl.RoleInfo (RoleInfo.java:updateAndGet(143)) - 1ee6da7b-5867-4bad-ba0d-a2cfd13fd72a: start LeaderElection
2019-10-16 11:35:55,265 [1ee6da7b-5867-4bad-ba0d-a2cfd13fd72a@group-B3673A53AB6F-LeaderElection253] INFO  impl.LeaderElection (LeaderElection.java:askForVotes(178)) - 1ee6da7b-5867-4bad-ba0d-a2cfd13fd72a@group-B3673A53AB6F-LeaderElection253: begin an election at term 137 for -1: [f94c755f-9f95-40b5-85b9-5e712f3f34e7:192.168.157.203:45275, 1ee6da7b-5867-4bad-ba0d-a2cfd13fd72a:192.168.157.203:35892, 4281bf39-36db-462c-8bc9-3c86cb645344:192.168.157.203:42381], old=null
2019-10-16 11:35:55,267 [grpc-default-executor-4] INFO  impl.RaftServerImpl (RaftServerImpl.java:setRole(184)) - 4281bf39-36db-462c-8bc9-3c86cb645344@group-B3673A53AB6F: changes role from  FOLLOWER to FOLLOWER at term 137 for recognizeCandidate:1ee6da7b-5867-4bad-ba0d-a2cfd13fd72a
2019-10-16 11:35:55,267 [grpc-default-executor-4] INFO  impl.RoleInfo (RoleInfo.java:shutdownFollowerState(121)) - 4281bf39-36db-462c-8bc9-3c86cb645344: shutdown FollowerState
2019-10-16 11:35:55,267 [grpc-default-executor-4] INFO  impl.RoleInfo (RoleInfo.java:updateAndGet(143)) - 4281bf39-36db-462c-8bc9-3c86cb645344: start FollowerState
2019-10-16 11:35:55,267 [Thread-2058] INFO  impl.FollowerState (FollowerState.java:run(117)) - 4281bf39-36db-462c-8bc9-3c86cb645344@group-B3673A53AB6F-FollowerState was interrupted: java.lang.InterruptedException: sleep interrupted
2019-10-16 11:35:55,267 [grpc-default-executor-5] INFO  impl.RaftServerImpl (RaftServerImpl.java:setRole(184)) - f94c755f-9f95-40b5-85b9-5e712f3f34e7@group-B3673A53AB6F: changes role from  FOLLOWER to FOLLOWER at term 137 for recognizeCandidate:1ee6da7b-5867-4bad-ba0d-a2cfd13fd72a
2019-10-16 11:35:55,267 [grpc-default-executor-5] INFO  impl.RoleInfo (RoleInfo.java:shutdownFollowerState(121)) - f94c755f-9f95-40b5-85b9-5e712f3f34e7: shutdown FollowerState
2019-10-16 11:35:55,268 [grpc-default-executor-5] INFO  impl.RoleInfo (RoleInfo.java:updateAndGet(143)) - f94c755f-9f95-40b5-85b9-5e712f3f34e7: start FollowerState
2019-10-16 11:35:55,268 [Thread-2057] INFO  impl.FollowerState (FollowerState.java:run(117)) - f94c755f-9f95-40b5-85b9-5e712f3f34e7@group-B3673A53AB6F-FollowerState was interrupted: java.lang.InterruptedException: sleep interrupted
2019-10-16 11:35:55,274 [1ee6da7b-5867-4bad-ba0d-a2cfd13fd72a@group-B3673A53AB6F-LeaderElection253] INFO  impl.LeaderElection (LeaderElection.java:logAndReturn(56)) - 1ee6da7b-5867-4bad-ba0d-a2cfd13fd72a@group-B3673A53AB6F-LeaderElection253: Election REJECTED; received 2 response(s) [1ee6da7b-5867-4bad-ba0d-a2cfd13fd72a<-f94c755f-9f95-40b5-85b9-5e712f3f34e7#0:FAIL-t137, 1ee6da7b-5867-4bad-ba0d-a2cfd13fd72a<-4281bf39-36db-462c-8bc9-3c86cb645344#0:FAIL-t137] and 0 exception(s); 1ee6da7b-5867-4bad-ba0d-a2cfd13fd72a@group-B3673A53AB6F:t137, leader=null, voted=1ee6da7b-5867-4bad-ba0d-a2cfd13fd72a, raftlog=1ee6da7b-5867-4bad-ba0d-a2cfd13fd72a@group-B3673A53AB6F-SegmentedRaftLog:OPENED:c-1,f-1,i0, conf=-1: [f94c755f-9f95-40b5-85b9-5e712f3f34e7:192.168.157.203:45275, 1ee6da7b-5867-4bad-ba0d-a2cfd13fd72a:192.168.157.203:35892, 4281bf39-36db-462c-8bc9-3c86cb645344:192.168.157.203:42381], old=null
2019-10-16 11:35:55,274 [1ee6da7b-5867-4bad-ba0d-a2cfd13fd72a@group-B3673A53AB6F-LeaderElection253] INFO  impl.RaftServerImpl (RaftServerImpl.java:setRole(184)) - 1ee6da7b-5867-4bad-ba0d-a2cfd13fd72a@group-B3673A53AB6F: changes role from CANDIDATE to FOLLOWER at term 137 for DISCOVERED_A_NEW_TERM
2019-10-16 11:35:55,274 [1ee6da7b-5867-4bad-ba0d-a2cfd13fd72a@group-B3673A53AB6F-LeaderElection253] INFO  impl.RoleInfo (RoleInfo.java:shutdownLeaderElection(134)) - 1ee6da7b-5867-4bad-ba0d-a2cfd13fd72a: shutdown LeaderElection
2019-10-16 11:35:55,274 [1ee6da7b-5867-4bad-ba0d-a2cfd13fd72a@group-B3673A53AB6F-LeaderElection253] INFO  impl.RoleInfo (RoleInfo.java:updateAndGet(143)) - 1ee6da7b-5867-4bad-ba0d-a2cfd13fd72a: start FollowerState
2019-10-16 11:35:55,358 [Thread-2077] INFO  impl.FollowerState (FollowerState.java:run(108)) - 1ee6da7b-5867-4bad-ba0d-a2cfd13fd72a@group-B3673A53AB6F-FollowerState: change to CANDIDATE, lastRpcTime:83ms, electionTimeout:83ms
2019-10-16 11:35:55,358 [Thread-2077] INFO  impl.RoleInfo (RoleInfo.java:shutdownFollowerState(121)) - 1ee6da7b-5867-4bad-ba0d-a2cfd13fd72a: shutdown FollowerState
2019-10-16 11:35:55,358 [Thread-2077] INFO  impl.RaftServerImpl (RaftServerImpl.java:setRole(184)) - 1ee6da7b-5867-4bad-ba0d-a2cfd13fd72a@group-B3673A53AB6F: changes role from  FOLLOWER to CANDIDATE at term 137 for changeToCandidate
2019-10-16 11:35:55,358 [Thread-2077] INFO  impl.RoleInfo (RoleInfo.java:updateAndGet(143)) - 1ee6da7b-5867-4bad-ba0d-a2cfd13fd72a: start LeaderElection
2019-10-16 11:35:55,366 [1ee6da7b-5867-4bad-ba0d-a2cfd13fd72a@group-B3673A53AB6F-LeaderElection254] INFO  impl.LeaderElection (LeaderElection.java:askForVotes(178)) - 1ee6da7b-5867-4bad-ba0d-a2cfd13fd72a@group-B3673A53AB6F-LeaderElection254: begin an election at term 138 for -1: [f94c755f-9f95-40b5-85b9-5e712f3f34e7:192.168.157.203:45275, 1ee6da7b-5867-4bad-ba0d-a2cfd13fd72a:192.168.157.203:35892, 4281bf39-36db-462c-8bc9-3c86cb645344:192.168.157.203:42381], old=null
2019-10-16 11:35:55,368 [grpc-default-executor-5] INFO  impl.RaftServerImpl (RaftServerImpl.java:setRole(184)) - f94c755f-9f95-40b5-85b9-5e712f3f34e7@group-B3673A53AB6F: changes role from  FOLLOWER to FOLLOWER at term 138 for recognizeCandidate:1ee6da7b-5867-4bad-ba0d-a2cfd13fd72a
2019-10-16 11:35:55,368 [grpc-default-executor-4] INFO  impl.RaftServerImpl (RaftServerImpl.java:setRole(184)) - 4281bf39-36db-462c-8bc9-3c86cb645344@group-B3673A53AB6F: changes role from  FOLLOWER to FOLLOWER at term 138 for recognizeCandidate:1ee6da7b-5867-4bad-ba0d-a2cfd13fd72a
2019-10-16 11:35:55,368 [grpc-default-executor-5] INFO  impl.RoleInfo (RoleInfo.java:shutdownFollowerState(121)) - f94c755f-9f95-40b5-85b9-5e712f3f34e7: shutdown FollowerState
2019-10-16 11:35:55,368 [grpc-default-executor-4] INFO  impl.RoleInfo (RoleInfo.java:shutdownFollowerState(121)) - 4281bf39-36db-462c-8bc9-3c86cb645344: shutdown FollowerState
2019-10-16 11:35:55,369 [Thread-2076] INFO  impl.FollowerState (FollowerState.java:run(117)) - f94c755f-9f95-40b5-85b9-5e712f3f34e7@group-B3673A53AB6F-FollowerState was interrupted: java.lang.InterruptedException: sleep interrupted
2019-10-16 11:35:55,369 [Thread-2075] INFO  impl.FollowerState (FollowerState.java:run(117)) - 4281bf39-36db-462c-8bc9-3c86cb645344@group-B3673A53AB6F-FollowerState was interrupted: java.lang.InterruptedException: sleep interrupted
2019-10-16 11:35:55,368 [grpc-default-executor-5] INFO  impl.RoleInfo (RoleInfo.java:updateAndGet(143)) - f94c755f-9f95-40b5-85b9-5e712f3f34e7: start FollowerState
2019-10-16 11:35:55,369 [grpc-default-executor-4] INFO  impl.RoleInfo (RoleInfo.java:updateAndGet(143)) - 4281bf39-36db-462c-8bc9-3c86cb645344: start FollowerState
2019-10-16 11:35:55,378 [1ee6da7b-5867-4bad-ba0d-a2cfd13fd72a@group-B3673A53AB6F-LeaderElection254] INFO  impl.LeaderElection (LeaderElection.java:logAndReturn(56)) - 1ee6da7b-5867-4bad-ba0d-a2cfd13fd72a@group-B3673A53AB6F-LeaderElection254: Election REJECTED; received 2 response(s) [1ee6da7b-5867-4bad-ba0d-a2cfd13fd72a<-f94c755f-9f95-40b5-85b9-5e712f3f34e7#0:FAIL-t138, 1ee6da7b-5867-4bad-ba0d-a2cfd13fd72a<-4281bf39-36db-462c-8bc9-3c86cb645344#0:FAIL-t138] and 0 exception(s); 1ee6da7b-5867-4bad-ba0d-a2cfd13fd72a@group-B3673A53AB6F:t138, leader=null, voted=1ee6da7b-5867-4bad-ba0d-a2cfd13fd72a, raftlog=1ee6da7b-5867-4bad-ba0d-a2cfd13fd72a@group-B3673A53AB6F-SegmentedRaftLog:OPENED:c-1,f-1,i0, conf=-1: [f94c755f-9f95-40b5-85b9-5e712f3f34e7:192.168.157.203:45275, 1ee6da7b-5867-4bad-ba0d-a2cfd13fd72a:192.168.157.203:35892, 4281bf39-36db-462c-8bc9-3c86cb645344:192.168.157.203:42381], old=null
2019-10-16 11:35:55,378 [1ee6da7b-5867-4bad-ba0d-a2cfd13fd72a@group-B3673A53AB6F-LeaderElection254] INFO  impl.RaftServerImpl (RaftServerImpl.java:setRole(184)) - 1ee6da7b-5867-4bad-ba0d-a2cfd13fd72a@group-B3673A53AB6F: changes role from CANDIDATE to FOLLOWER at term 138 for DISCOVERED_A_NEW_TERM
2019-10-16 11:35:55,378 [1ee6da7b-5867-4bad-ba0d-a2cfd13fd72a@group-B3673A53AB6F-LeaderElection254] INFO  impl.RoleInfo (RoleInfo.java:shutdownLeaderElection(134)) - 1ee6da7b-5867-4bad-ba0d-a2cfd13fd72a: shutdown LeaderElection
2019-10-16 11:35:55,379 [1ee6da7b-5867-4bad-ba0d-a2cfd13fd72a@group-B3673A53AB6F-LeaderElection254] INFO  impl.RoleInfo (RoleInfo.java:updateAndGet(143)) - 1ee6da7b-5867-4bad-ba0d-a2cfd13fd72a: start FollowerState
2019-10-16 11:35:55,380 [Thread-2071] INFO  impl.FollowerState (FollowerState.java:run(108)) - a3132885-145f-4a8c-85f4-c10eb874732d@group-2077DD483DC7-FollowerState: change to CANDIDATE, lastRpcTime:155ms, electionTimeout:155ms
2019-10-16 11:35:55,380 [Thread-2071] INFO  impl.RoleInfo (RoleInfo.java:shutdownFollowerState(121)) - a3132885-145f-4a8c-85f4-c10eb874732d: shutdown FollowerState
2019-10-16 11:35:55,380 [Thread-2071] INFO  impl.RaftServerImpl (RaftServerImpl.java:setRole(184)) - a3132885-145f-4a8c-85f4-c10eb874732d@group-2077DD483DC7: changes role from  FOLLOWER to CANDIDATE at term 128 for changeToCandidate
2019-10-16 11:35:55,380 [Thread-2071] INFO  impl.RoleInfo (RoleInfo.java:updateAndGet(143)) - a3132885-145f-4a8c-85f4-c10eb874732d: start LeaderElection
2019-10-16 11:35:55,387 [a3132885-145f-4a8c-85f4-c10eb874732d@group-2077DD483DC7-LeaderElection255] INFO  impl.LeaderElection (LeaderElection.java:askForVotes(178)) - a3132885-145f-4a8c-85f4-c10eb874732d@group-2077DD483DC7-LeaderElection255: begin an election at term 129 for -1: [163587bb-2c3b-4498-b576-18147cf38274:192.168.157.203:33208, a3132885-145f-4a8c-85f4-c10eb874732d:192.168.157.203:46766, 70b633f6-b230-4b9f-87f3-510da88f1e08:192.168.157.203:43163], old=null
2019-10-16 11:35:55,388 [grpc-default-executor-4] INFO  impl.RaftServerImpl (RaftServerImpl.java:setRole(184)) - 163587bb-2c3b-4498-b576-18147cf38274@group-2077DD483DC7: changes role from  FOLLOWER to FOLLOWER at term 129 for recognizeCandidate:a3132885-145f-4a8c-85f4-c10eb874732d
2019-10-16 11:35:55,388 [grpc-default-executor-4] INFO  impl.RoleInfo (RoleInfo.java:shutdownFollowerState(121)) - 163587bb-2c3b-4498-b576-18147cf38274: shutdown FollowerState
2019-10-16 11:35:55,388 [grpc-default-executor-4] INFO  impl.RoleInfo (RoleInfo.java:updateAndGet(143)) - 163587bb-2c3b-4498-b576-18147cf38274: start FollowerState
2019-10-16 11:35:55,389 [grpc-default-executor-5] INFO  impl.RaftServerImpl (RaftServerImpl.java:setRole(184)) - 70b633f6-b230-4b9f-87f3-510da88f1e08@group-2077DD483DC7: changes role from  FOLLOWER to FOLLOWER at term 129 for recognizeCandidate:a3132885-145f-4a8c-85f4-c10eb874732d
2019-10-16 11:35:55,389 [Thread-2069] INFO  impl.FollowerState (FollowerState.java:run(117)) - 163587bb-2c3b-4498-b576-18147cf38274@group-2077DD483DC7-FollowerState was interrupted: java.lang.InterruptedException: sleep interrupted
2019-10-16 11:35:55,389 [grpc-default-executor-5] INFO  impl.RoleInfo (RoleInfo.java:shutdownFollowerState(121)) - 70b633f6-b230-4b9f-87f3-510da88f1e08: shutdown FollowerState
2019-10-16 11:35:55,389 [grpc-default-executor-5] INFO  impl.RoleInfo (RoleInfo.java:updateAndGet(143)) - 70b633f6-b230-4b9f-87f3-510da88f1e08: start FollowerState
2019-10-16 11:35:55,389 [Thread-2070] INFO  impl.FollowerState (FollowerState.java:run(117)) - 70b633f6-b230-4b9f-87f3-510da88f1e08@group-2077DD483DC7-FollowerState was interrupted: java.lang.InterruptedException: sleep interrupted
2019-10-16 11:35:55,399 [a3132885-145f-4a8c-85f4-c10eb874732d@group-2077DD483DC7-LeaderElection255] INFO  impl.LeaderElection (LeaderElection.java:logAndReturn(56)) - a3132885-145f-4a8c-85f4-c10eb874732d@group-2077DD483DC7-LeaderElection255: Election REJECTED; received 2 response(s) [a3132885-145f-4a8c-85f4-c10eb874732d<-163587bb-2c3b-4498-b576-18147cf38274#0:FAIL-t129, a3132885-145f-4a8c-85f4-c10eb874732d<-70b633f6-b230-4b9f-87f3-510da88f1e08#0:FAIL-t129] and 0 exception(s); a3132885-145f-4a8c-85f4-c10eb874732d@group-2077DD483DC7:t129, leader=null, voted=a3132885-145f-4a8c-85f4-c10eb874732d, raftlog=a3132885-145f-4a8c-85f4-c10eb874732d@group-2077DD483DC7-SegmentedRaftLog:OPENED:c-1,f-1,i0, conf=-1: [163587bb-2c3b-4498-b576-18147cf38274:192.168.157.203:33208, a3132885-145f-4a8c-85f4-c10eb874732d:192.168.157.203:46766, 70b633f6-b230-4b9f-87f3-510da88f1e08:192.168.157.203:43163], old=null
2019-10-16 11:35:55,399 [a3132885-145f-4a8c-85f4-c10eb874732d@group-2077DD483DC7-LeaderElection255] INFO  impl.RaftServerImpl (RaftServerImpl.java:setRole(184)) - a3132885-145f-4a8c-85f4-c10eb874732d@group-2077DD483DC7: changes role from CANDIDATE to FOLLOWER at term 129 for DISCOVERED_A_NEW_TERM
2019-10-16 11:35:55,399 [a3132885-145f-4a8c-85f4-c10eb874732d@group-2077DD483DC7-LeaderElection255] INFO  impl.RoleInfo (RoleInfo.java:shutdownLeaderElection(134)) - a3132885-145f-4a8c-85f4-c10eb874732d: shutdown LeaderElection
2019-10-16 11:35:55,399 [a3132885-145f-4a8c-85f4-c10eb874732d@group-2077DD483DC7-LeaderElection255] INFO  impl.RoleInfo (RoleInfo.java:updateAndGet(143)) - a3132885-145f-4a8c-85f4-c10eb874732d: start FollowerState
2019-10-16 11:35:55,502 [Thread-2083] INFO  impl.FollowerState (FollowerState.java:run(108)) - 1ee6da7b-5867-4bad-ba0d-a2cfd13fd72a@group-B3673A53AB6F-FollowerState: change to CANDIDATE, lastRpcTime:123ms, electionTimeout:123ms
2019-10-16 11:35:55,502 [Thread-2083] INFO  impl.RoleInfo (RoleInfo.java:shutdownFollowerState(121)) - 1ee6da7b-5867-4bad-ba0d-a2cfd13fd72a: shutdown FollowerState
2019-10-16 11:35:55,502 [Thread-2083] INFO  impl.RaftServerImpl (RaftServerImpl.java:setRole(184)) - 1ee6da7b-5867-4bad-ba0d-a2cfd13fd72a@group-B3673A53AB6F: changes role from  FOLLOWER to CANDIDATE at term 138 for changeToCandidate
2019-10-16 11:35:55,503 [Thread-2083] INFO  impl.RoleInfo (RoleInfo.java:updateAndGet(143)) - 1ee6da7b-5867-4bad-ba0d-a2cfd13fd72a: start LeaderElection
2019-10-16 11:35:55,513 [1ee6da7b-5867-4bad-ba0d-a2cfd13fd72a@group-B3673A53AB6F-LeaderElection256] INFO  impl.LeaderElection (LeaderElection.java:askForVotes(178)) - 1ee6da7b-5867-4bad-ba0d-a2cfd13fd72a@group-B3673A53AB6F-LeaderElection256: begin an election at term 139 for -1: [f94c755f-9f95-40b5-85b9-5e712f3f34e7:192.168.157.203:45275, 1ee6da7b-5867-4bad-ba0d-a2cfd13fd72a:192.168.157.203:35892, 4281bf39-36db-462c-8bc9-3c86cb645344:192.168.157.203:42381], old=null
2019-10-16 11:35:55,516 [grpc-default-executor-4] INFO  impl.RaftServerImpl (RaftServerImpl.java:setRole(184)) - 4281bf39-36db-462c-8bc9-3c86cb645344@group-B3673A53AB6F: changes role from  FOLLOWER to FOLLOWER at term 139 for recognizeCandidate:1ee6da7b-5867-4bad-ba0d-a2cfd13fd72a
2019-10-16 11:35:55,516 [grpc-default-executor-5] INFO  impl.RaftServerImpl (RaftServerImpl.java:setRole(184)) - f94c755f-9f95-40b5-85b9-5e712f3f34e7@group-B3673A53AB6F: changes role from  FOLLOWER to FOLLOWER at term 139 for recognizeCandidate:1ee6da7b-5867-4bad-ba0d-a2cfd13fd72a
2019-10-16 11:35:55,516 [grpc-default-executor-4] INFO  impl.RoleInfo (RoleInfo.java:shutdownFollowerState(121)) - 4281bf39-36db-462c-8bc9-3c86cb645344: shutdown FollowerState
2019-10-16 11:35:55,516 [grpc-default-executor-5] INFO  impl.RoleInfo (RoleInfo.java:shutdownFollowerState(121)) - f94c755f-9f95-40b5-85b9-5e712f3f34e7: shutdown FollowerState
2019-10-16 11:35:55,516 [Thread-2082] INFO  impl.FollowerState (FollowerState.java:run(117)) - 4281bf39-36db-462c-8bc9-3c86cb645344@group-B3673A53AB6F-FollowerState was interrupted: java.lang.InterruptedException: sleep interrupted
2019-10-16 11:35:55,516 [Thread-2081] INFO  impl.FollowerState (FollowerState.java:run(117)) - f94c755f-9f95-40b5-85b9-5e712f3f34e7@group-B3673A53AB6F-FollowerState was interrupted: java.lang.InterruptedException: sleep interrupted
2019-10-16 11:35:55,516 [grpc-default-executor-4] INFO  impl.RoleInfo (RoleInfo.java:updateAndGet(143)) - 4281bf39-36db-462c-8bc9-3c86cb645344: start FollowerState
2019-10-16 11:35:55,516 [grpc-default-executor-5] INFO  impl.RoleInfo (RoleInfo.java:updateAndGet(143)) - f94c755f-9f95-40b5-85b9-5e712f3f34e7: start FollowerState
2019-10-16 11:35:55,526 [1ee6da7b-5867-4bad-ba0d-a2cfd13fd72a@group-B3673A53AB6F-LeaderElection256] INFO  impl.LeaderElection (LeaderElection.java:logAndReturn(56)) - 1ee6da7b-5867-4bad-ba0d-a2cfd13fd72a@group-B3673A53AB6F-LeaderElection256: Election REJECTED; received 2 response(s) [1ee6da7b-5867-4bad-ba0d-a2cfd13fd72a<-f94c755f-9f95-40b5-85b9-5e712f3f34e7#0:FAIL-t139, 1ee6da7b-5867-4bad-ba0d-a2cfd13fd72a<-4281bf39-36db-462c-8bc9-3c86cb645344#0:FAIL-t139] and 0 exception(s); 1ee6da7b-5867-4bad-ba0d-a2cfd13fd72a@group-B3673A53AB6F:t139, leader=null, voted=1ee6da7b-5867-4bad-ba0d-a2cfd13fd72a, raftlog=1ee6da7b-5867-4bad-ba0d-a2cfd13fd72a@group-B3673A53AB6F-SegmentedRaftLog:OPENED:c-1,f-1,i0, conf=-1: [f94c755f-9f95-40b5-85b9-5e712f3f34e7:192.168.157.203:45275, 1ee6da7b-5867-4bad-ba0d-a2cfd13fd72a:192.168.157.203:35892, 4281bf39-36db-462c-8bc9-3c86cb645344:192.168.157.203:42381], old=null
2019-10-16 11:35:55,526 [1ee6da7b-5867-4bad-ba0d-a2cfd13fd72a@group-B3673A53AB6F-LeaderElection256] INFO  impl.RaftServerImpl (RaftServerImpl.java:setRole(184)) - 1ee6da7b-5867-4bad-ba0d-a2cfd13fd72a@group-B3673A53AB6F: changes role from CANDIDATE to FOLLOWER at term 139 for DISCOVERED_A_NEW_TERM
2019-10-16 11:35:55,526 [1ee6da7b-5867-4bad-ba0d-a2cfd13fd72a@group-B3673A53AB6F-LeaderElection256] INFO  impl.RoleInfo (RoleInfo.java:shutdownLeaderElection(134)) - 1ee6da7b-5867-4bad-ba0d-a2cfd13fd72a: shutdown LeaderElection
2019-10-16 11:35:55,526 [1ee6da7b-5867-4bad-ba0d-a2cfd13fd72a@group-B3673A53AB6F-LeaderElection256] INFO  impl.RoleInfo (RoleInfo.java:updateAndGet(143)) - 1ee6da7b-5867-4bad-ba0d-a2cfd13fd72a: start FollowerState
2019-10-16 11:35:55,529 [Thread-2097] INFO  impl.FollowerState (FollowerState.java:run(108)) - 1ee6da7b-5867-4bad-ba0d-a2cfd13fd72a@group-B3673A53AB6F-FollowerState: change to CANDIDATE, lastRpcTime:2ms, electionTimeout:2ms
2019-10-16 11:35:55,529 [Thread-2097] INFO  impl.RoleInfo (RoleInfo.java:shutdownFollowerState(121)) - 1ee6da7b-5867-4bad-ba0d-a2cfd13fd72a: shutdown FollowerState
2019-10-16 11:35:55,529 [Thread-2097] INFO  impl.RaftServerImpl (RaftServerImpl.java:setRole(184)) - 1ee6da7b-5867-4bad-ba0d-a2cfd13fd72a@group-B3673A53AB6F: changes role from  FOLLOWER to CANDIDATE at term 139 for changeToCandidate
2019-10-16 11:35:55,529 [Thread-2097] INFO  impl.RoleInfo (RoleInfo.java:updateAndGet(143)) - 1ee6da7b-5867-4bad-ba0d-a2cfd13fd72a: start LeaderElection
2019-10-16 11:35:55,545 [1ee6da7b-5867-4bad-ba0d-a2cfd13fd72a@group-B3673A53AB6F-LeaderElection257] INFO  impl.LeaderElection (LeaderElection.java:askForVotes(178)) - 1ee6da7b-5867-4bad-ba0d-a2cfd13fd72a@group-B3673A53AB6F-LeaderElection257: begin an election at term 140 for -1: [f94c755f-9f95-40b5-85b9-5e712f3f34e7:192.168.157.203:45275, 1ee6da7b-5867-4bad-ba0d-a2cfd13fd72a:192.168.157.203:35892, 4281bf39-36db-462c-8bc9-3c86cb645344:192.168.157.203:42381], old=null
2019-10-16 11:35:55,547 [grpc-default-executor-5] INFO  impl.RaftServerImpl (RaftServerImpl.java:setRole(184)) - f94c755f-9f95-40b5-85b9-5e712f3f34e7@group-B3673A53AB6F: changes role from  FOLLOWER to FOLLOWER at term 140 for recognizeCandidate:1ee6da7b-5867-4bad-ba0d-a2cfd13fd72a
2019-10-16 11:35:55,547 [grpc-default-executor-4] INFO  impl.RaftServerImpl (RaftServerImpl.java:setRole(184)) - 4281bf39-36db-462c-8bc9-3c86cb645344@group-B3673A53AB6F: changes role from  FOLLOWER to FOLLOWER at term 140 for recognizeCandidate:1ee6da7b-5867-4bad-ba0d-a2cfd13fd72a
2019-10-16 11:35:55,547 [grpc-default-executor-4] INFO  impl.RoleInfo (RoleInfo.java:shutdownFollowerState(121)) - 4281bf39-36db-462c-8bc9-3c86cb645344: shutdown FollowerState
2019-10-16 11:35:55,547 [grpc-default-executor-5] INFO  impl.RoleInfo (RoleInfo.java:shutdownFollowerState(121)) - f94c755f-9f95-40b5-85b9-5e712f3f34e7: shutdown FollowerState
2019-10-16 11:35:55,548 [Thread-2095] INFO  impl.FollowerState (FollowerState.java:run(117)) - 4281bf39-36db-462c-8bc9-3c86cb645344@group-B3673A53AB6F-FollowerState was interrupted: java.lang.InterruptedException: sleep interrupted
2019-10-16 11:35:55,548 [grpc-default-executor-4] INFO  impl.RoleInfo (RoleInfo.java:updateAndGet(143)) - 4281bf39-36db-462c-8bc9-3c86cb645344: start FollowerState
2019-10-16 11:35:55,548 [Thread-2096] INFO  impl.FollowerState (FollowerState.java:run(117)) - f94c755f-9f95-40b5-85b9-5e712f3f34e7@group-B3673A53AB6F-FollowerState was interrupted: java.lang.InterruptedException: sleep interrupted
2019-10-16 11:35:55,548 [grpc-default-executor-5] INFO  impl.RoleInfo (RoleInfo.java:updateAndGet(143)) - f94c755f-9f95-40b5-85b9-5e712f3f34e7: start FollowerState
2019-10-16 11:35:55,555 [1ee6da7b-5867-4bad-ba0d-a2cfd13fd72a@group-B3673A53AB6F-LeaderElection257] INFO  impl.LeaderElection (LeaderElection.java:logAndReturn(56)) - 1ee6da7b-5867-4bad-ba0d-a2cfd13fd72a@group-B3673A53AB6F-LeaderElection257: Election REJECTED; received 2 response(s) [1ee6da7b-5867-4bad-ba0d-a2cfd13fd72a<-f94c755f-9f95-40b5-85b9-5e712f3f34e7#0:FAIL-t140, 1ee6da7b-5867-4bad-ba0d-a2cfd13fd72a<-4281bf39-36db-462c-8bc9-3c86cb645344#0:FAIL-t140] and 0 exception(s); 1ee6da7b-5867-4bad-ba0d-a2cfd13fd72a@group-B3673A53AB6F:t140, leader=null, voted=1ee6da7b-5867-4bad-ba0d-a2cfd13fd72a, raftlog=1ee6da7b-5867-4bad-ba0d-a2cfd13fd72a@group-B3673A53AB6F-SegmentedRaftLog:OPENED:c-1,f-1,i0, conf=-1: [f94c755f-9f95-40b5-85b9-5e712f3f34e7:192.168.157.203:45275, 1ee6da7b-5867-4bad-ba0d-a2cfd13fd72a:192.168.157.203:35892, 4281bf39-36db-462c-8bc9-3c86cb645344:192.168.157.203:42381], old=null
2019-10-16 11:35:55,555 [1ee6da7b-5867-4bad-ba0d-a2cfd13fd72a@group-B3673A53AB6F-LeaderElection257] INFO  impl.RaftServerImpl (RaftServerImpl.java:setRole(184)) - 1ee6da7b-5867-4bad-ba0d-a2cfd13fd72a@group-B3673A53AB6F: changes role from CANDIDATE to FOLLOWER at term 140 for DISCOVERED_A_NEW_TERM
2019-10-16 11:35:55,555 [1ee6da7b-5867-4bad-ba0d-a2cfd13fd72a@group-B3673A53AB6F-LeaderElection257] INFO  impl.RoleInfo (RoleInfo.java:shutdownLeaderElection(134)) - 1ee6da7b-5867-4bad-ba0d-a2cfd13fd72a: shutdown LeaderElection
2019-10-16 11:35:55,555 [1ee6da7b-5867-4bad-ba0d-a2cfd13fd72a@group-B3673A53AB6F-LeaderElection257] INFO  impl.RoleInfo (RoleInfo.java:updateAndGet(143)) - 1ee6da7b-5867-4bad-ba0d-a2cfd13fd72a: start FollowerState
2019-10-16 11:35:55,556 [Thread-2090] INFO  impl.FollowerState (FollowerState.java:run(108)) - a3132885-145f-4a8c-85f4-c10eb874732d@group-2077DD483DC7-FollowerState: change to CANDIDATE, lastRpcTime:157ms, electionTimeout:157ms
2019-10-16 11:35:55,557 [Thread-2090] INFO  impl.RoleInfo (RoleInfo.java:shutdownFollowerState(121)) - a3132885-145f-4a8c-85f4-c10eb874732d: shutdown FollowerState
2019-10-16 11:35:55,557 [Thread-2090] INFO  impl.RaftServerImpl (RaftServerImpl.java:setRole(184)) - a3132885-145f-4a8c-85f4-c10eb874732d@group-2077DD483DC7: changes role from  FOLLOWER to CANDIDATE at term 129 for changeToCandidate
2019-10-16 11:35:55,557 [Thread-2090] INFO  impl.RoleInfo (RoleInfo.java:updateAndGet(143)) - a3132885-145f-4a8c-85f4-c10eb874732d: start LeaderElection
2019-10-16 11:35:55,568 [a3132885-145f-4a8c-85f4-c10eb874732d@group-2077DD483DC7-LeaderElection258] INFO  impl.LeaderElection (LeaderElection.java:askForVotes(178)) - a3132885-145f-4a8c-85f4-c10eb874732d@group-2077DD483DC7-LeaderElection258: begin an election at term 130 for -1: [163587bb-2c3b-4498-b576-18147cf38274:192.168.157.203:33208, a3132885-145f-4a8c-85f4-c10eb874732d:192.168.157.203:46766, 70b633f6-b230-4b9f-87f3-510da88f1e08:192.168.157.203:43163], old=null
2019-10-16 11:35:55,570 [grpc-default-executor-5] INFO  impl.RaftServerImpl (RaftServerImpl.java:setRole(184)) - 163587bb-2c3b-4498-b576-18147cf38274@group-2077DD483DC7: changes role from  FOLLOWER to FOLLOWER at term 130 for recognizeCandidate:a3132885-145f-4a8c-85f4-c10eb874732d
2019-10-16 11:35:55,570 [grpc-default-executor-4] INFO  impl.RaftServerImpl (RaftServerImpl.java:setRole(184)) - 70b633f6-b230-4b9f-87f3-510da88f1e08@group-2077DD483DC7: changes role from  FOLLOWER to FOLLOWER at term 130 for recognizeCandidate:a3132885-145f-4a8c-85f4-c10eb874732d
2019-10-16 11:35:55,570 [grpc-default-executor-4] INFO  impl.RoleInfo (RoleInfo.java:shutdownFollowerState(121)) - 70b633f6-b230-4b9f-87f3-510da88f1e08: shutdown FollowerState
2019-10-16 11:35:55,570 [grpc-default-executor-5] INFO  impl.RoleInfo (RoleInfo.java:shutdownFollowerState(121)) - 163587bb-2c3b-4498-b576-18147cf38274: shutdown FollowerState
2019-10-16 11:35:55,570 [Thread-2089] INFO  impl.FollowerState (FollowerState.java:run(117)) - 70b633f6-b230-4b9f-87f3-510da88f1e08@group-2077DD483DC7-FollowerState was interrupted: java.lang.InterruptedException: sleep interrupted
2019-10-16 11:35:55,570 [grpc-default-executor-4] INFO  impl.RoleInfo (RoleInfo.java:updateAndGet(143)) - 70b633f6-b230-4b9f-87f3-510da88f1e08: start FollowerState
2019-10-16 11:35:55,571 [Thread-2088] INFO  impl.FollowerState (FollowerState.java:run(117)) - 163587bb-2c3b-4498-b576-18147cf38274@group-2077DD483DC7-FollowerState was interrupted: java.lang.InterruptedException: sleep interrupted
2019-10-16 11:35:55,570 [grpc-default-executor-5] INFO  impl.RoleInfo (RoleInfo.java:updateAndGet(143)) - 163587bb-2c3b-4498-b576-18147cf38274: start FollowerState
2019-10-16 11:35:55,577 [a3132885-145f-4a8c-85f4-c10eb874732d@group-2077DD483DC7-LeaderElection258] INFO  impl.LeaderElection (LeaderElection.java:logAndReturn(56)) - a3132885-145f-4a8c-85f4-c10eb874732d@group-2077DD483DC7-LeaderElection258: Election REJECTED; received 2 response(s) [a3132885-145f-4a8c-85f4-c10eb874732d<-163587bb-2c3b-4498-b576-18147cf38274#0:FAIL-t130, a3132885-145f-4a8c-85f4-c10eb874732d<-70b633f6-b230-4b9f-87f3-510da88f1e08#0:FAIL-t130] and 0 exception(s); a3132885-145f-4a8c-85f4-c10eb874732d@group-2077DD483DC7:t130, leader=null, voted=a3132885-145f-4a8c-85f4-c10eb874732d, raftlog=a3132885-145f-4a8c-85f4-c10eb874732d@group-2077DD483DC7-SegmentedRaftLog:OPENED:c-1,f-1,i0, conf=-1: [163587bb-2c3b-4498-b576-18147cf38274:192.168.157.203:33208, a3132885-145f-4a8c-85f4-c10eb874732d:192.168.157.203:46766, 70b633f6-b230-4b9f-87f3-510da88f1e08:192.168.157.203:43163], old=null
2019-10-16 11:35:55,577 [a3132885-145f-4a8c-85f4-c10eb874732d@group-2077DD483DC7-LeaderElection258] INFO  impl.RaftServerImpl (RaftServerImpl.java:setRole(184)) - a3132885-145f-4a8c-85f4-c10eb874732d@group-2077DD483DC7: changes role from CANDIDATE to FOLLOWER at term 130 for DISCOVERED_A_NEW_TERM
2019-10-16 11:35:55,577 [a3132885-145f-4a8c-85f4-c10eb874732d@group-2077DD483DC7-LeaderElection258] INFO  impl.RoleInfo (RoleInfo.java:shutdownLeaderElection(134)) - a3132885-145f-4a8c-85f4-c10eb874732d: shutdown LeaderElection
2019-10-16 11:35:55,577 [a3132885-145f-4a8c-85f4-c10eb874732d@group-2077DD483DC7-LeaderElection258] INFO  impl.RoleInfo (RoleInfo.java:updateAndGet(143)) - a3132885-145f-4a8c-85f4-c10eb874732d: start FollowerState
2019-10-16 11:35:55,725 [Thread-2109] INFO  impl.FollowerState (FollowerState.java:run(108)) - a3132885-145f-4a8c-85f4-c10eb874732d@group-2077DD483DC7-FollowerState: change to CANDIDATE, lastRpcTime:147ms, electionTimeout:147ms
2019-10-16 11:35:55,725 [Thread-2109] INFO  impl.RoleInfo (RoleInfo.java:shutdownFollowerState(121)) - a3132885-145f-4a8c-85f4-c10eb874732d: shutdown FollowerState
2019-10-16 11:35:55,725 [Thread-2109] INFO  impl.RaftServerImpl (RaftServerImpl.java:setRole(184)) - a3132885-145f-4a8c-85f4-c10eb874732d@group-2077DD483DC7: changes role from  FOLLOWER to CANDIDATE at term 130 for changeToCandidate
2019-10-16 11:35:55,725 [Thread-2109] INFO  impl.RoleInfo (RoleInfo.java:updateAndGet(143)) - a3132885-145f-4a8c-85f4-c10eb874732d: start LeaderElection
2019-10-16 11:35:55,739 [a3132885-145f-4a8c-85f4-c10eb874732d@group-2077DD483DC7-LeaderElection259] INFO  impl.LeaderElection (LeaderElection.java:askForVotes(178)) - a3132885-145f-4a8c-85f4-c10eb874732d@group-2077DD483DC7-LeaderElection259: begin an election at term 131 for -1: [163587bb-2c3b-4498-b576-18147cf38274:192.168.157.203:33208, a3132885-145f-4a8c-85f4-c10eb874732d:192.168.157.203:46766, 70b633f6-b230-4b9f-87f3-510da88f1e08:192.168.157.203:43163], old=null
2019-10-16 11:35:55,742 [grpc-default-executor-4] INFO  impl.RaftServerImpl (RaftServerImpl.java:setRole(184)) - 163587bb-2c3b-4498-b576-18147cf38274@group-2077DD483DC7: changes role from  FOLLOWER to FOLLOWER at term 131 for recognizeCandidate:a3132885-145f-4a8c-85f4-c10eb874732d
2019-10-16 11:35:55,742 [grpc-default-executor-5] INFO  impl.RaftServerImpl (RaftServerImpl.java:setRole(184)) - 70b633f6-b230-4b9f-87f3-510da88f1e08@group-2077DD483DC7: changes role from  FOLLOWER to FOLLOWER at term 131 for recognizeCandidate:a3132885-145f-4a8c-85f4-c10eb874732d
2019-10-16 11:35:55,742 [grpc-default-executor-4] INFO  impl.RoleInfo (RoleInfo.java:shutdownFollowerState(121)) - 163587bb-2c3b-4498-b576-18147cf38274: shutdown FollowerState
2019-10-16 11:35:55,742 [grpc-default-executor-5] INFO  impl.RoleInfo (RoleInfo.java:shutdownFollowerState(121)) - 70b633f6-b230-4b9f-87f3-510da88f1e08: shutdown FollowerState
2019-10-16 11:35:55,742 [Thread-2108] INFO  impl.FollowerState (FollowerState.java:run(117)) - 163587bb-2c3b-4498-b576-18147cf38274@group-2077DD483DC7-FollowerState was interrupted: java.lang.InterruptedException: sleep interrupted
2019-10-16 11:35:55,742 [grpc-default-executor-4] INFO  impl.RoleInfo (RoleInfo.java:updateAndGet(143)) - 163587bb-2c3b-4498-b576-18147cf38274: start FollowerState
2019-10-16 11:35:55,742 [Thread-2107] INFO  impl.FollowerState (FollowerState.java:run(117)) - 70b633f6-b230-4b9f-87f3-510da88f1e08@group-2077DD483DC7-FollowerState was interrupted: java.lang.InterruptedException: sleep interrupted
2019-10-16 11:35:55,742 [grpc-default-executor-5] INFO  impl.RoleInfo (RoleInfo.java:updateAndGet(143)) - 70b633f6-b230-4b9f-87f3-510da88f1e08: start FollowerState
2019-10-16 11:35:55,756 [Thread-2103] INFO  impl.FollowerState (FollowerState.java:run(108)) - 1ee6da7b-5867-4bad-ba0d-a2cfd13fd72a@group-B3673A53AB6F-FollowerState: change to CANDIDATE, lastRpcTime:200ms, electionTimeout:200ms
2019-10-16 11:35:55,756 [Thread-2103] INFO  impl.RoleInfo (RoleInfo.java:shutdownFollowerState(121)) - 1ee6da7b-5867-4bad-ba0d-a2cfd13fd72a: shutdown FollowerState
2019-10-16 11:35:55,756 [Thread-2103] INFO  impl.RaftServerImpl (RaftServerImpl.java:setRole(184)) - 1ee6da7b-5867-4bad-ba0d-a2cfd13fd72a@group-B3673A53AB6F: changes role from  FOLLOWER to CANDIDATE at term 140 for changeToCandidate
2019-10-16 11:35:55,757 [Thread-2103] INFO  impl.RoleInfo (RoleInfo.java:updateAndGet(143)) - 1ee6da7b-5867-4bad-ba0d-a2cfd13fd72a: start LeaderElection
2019-10-16 11:35:55,760 [a3132885-145f-4a8c-85f4-c10eb874732d@group-2077DD483DC7-LeaderElection259] INFO  impl.LeaderElection (LeaderElection.java:logAndReturn(56)) - a3132885-145f-4a8c-85f4-c10eb874732d@group-2077DD483DC7-LeaderElection259: Election REJECTED; received 2 response(s) [a3132885-145f-4a8c-85f4-c10eb874732d<-163587bb-2c3b-4498-b576-18147cf38274#0:FAIL-t131, a3132885-145f-4a8c-85f4-c10eb874732d<-70b633f6-b230-4b9f-87f3-510da88f1e08#0:FAIL-t131] and 0 exception(s); a3132885-145f-4a8c-85f4-c10eb874732d@group-2077DD483DC7:t131, leader=null, voted=a3132885-145f-4a8c-85f4-c10eb874732d, raftlog=a3132885-145f-4a8c-85f4-c10eb874732d@group-2077DD483DC7-SegmentedRaftLog:OPENED:c-1,f-1,i0, conf=-1: [163587bb-2c3b-4498-b576-18147cf38274:192.168.157.203:33208, a3132885-145f-4a8c-85f4-c10eb874732d:192.168.157.203:46766, 70b633f6-b230-4b9f-87f3-510da88f1e08:192.168.157.203:43163], old=null
2019-10-16 11:35:55,760 [a3132885-145f-4a8c-85f4-c10eb874732d@group-2077DD483DC7-LeaderElection259] INFO  impl.RaftServerImpl (RaftServerImpl.java:setRole(184)) - a3132885-145f-4a8c-85f4-c10eb874732d@group-2077DD483DC7: changes role from CANDIDATE to FOLLOWER at term 131 for DISCOVERED_A_NEW_TERM
2019-10-16 11:35:55,760 [a3132885-145f-4a8c-85f4-c10eb874732d@group-2077DD483DC7-LeaderElection259] INFO  impl.RoleInfo (RoleInfo.java:shutdownLeaderElection(134)) - a3132885-145f-4a8c-85f4-c10eb874732d: shutdown LeaderElection
2019-10-16 11:35:55,760 [a3132885-145f-4a8c-85f4-c10eb874732d@group-2077DD483DC7-LeaderElection259] INFO  impl.RoleInfo (RoleInfo.java:updateAndGet(143)) - a3132885-145f-4a8c-85f4-c10eb874732d: start FollowerState
2019-10-16 11:35:55,773 [1ee6da7b-5867-4bad-ba0d-a2cfd13fd72a@group-B3673A53AB6F-LeaderElection260] INFO  impl.LeaderElection (LeaderElection.java:askForVotes(178)) - 1ee6da7b-5867-4bad-ba0d-a2cfd13fd72a@group-B3673A53AB6F-LeaderElection260: begin an election at term 141 for -1: [f94c755f-9f95-40b5-85b9-5e712f3f34e7:192.168.157.203:45275, 1ee6da7b-5867-4bad-ba0d-a2cfd13fd72a:192.168.157.203:35892, 4281bf39-36db-462c-8bc9-3c86cb645344:192.168.157.203:42381], old=null
2019-10-16 11:35:55,775 [grpc-default-executor-4] INFO  impl.RaftServerImpl (RaftServerImpl.java:setRole(184)) - 4281bf39-36db-462c-8bc9-3c86cb645344@group-B3673A53AB6F: changes role from  FOLLOWER to FOLLOWER at term 141 for recognizeCandidate:1ee6da7b-5867-4bad-ba0d-a2cfd13fd72a
2019-10-16 11:35:55,775 [grpc-default-executor-5] INFO  impl.RaftServerImpl (RaftServerImpl.java:setRole(184)) - f94c755f-9f95-40b5-85b9-5e712f3f34e7@group-B3673A53AB6F: changes role from  FOLLOWER to FOLLOWER at term 141 for recognizeCandidate:1ee6da7b-5867-4bad-ba0d-a2cfd13fd72a
2019-10-16 11:35:55,775 [grpc-default-executor-4] INFO  impl.RoleInfo (RoleInfo.java:shutdownFollowerState(121)) - 4281bf39-36db-462c-8bc9-3c86cb645344: shutdown FollowerState
2019-10-16 11:35:55,775 [grpc-default-executor-5] INFO  impl.RoleInfo (RoleInfo.java:shutdownFollowerState(121)) - f94c755f-9f95-40b5-85b9-5e712f3f34e7: shutdown FollowerState
2019-10-16 11:35:55,775 [Thread-2101] INFO  impl.FollowerState (FollowerState.java:run(117)) - 4281bf39-36db-462c-8bc9-3c86cb645344@group-B3673A53AB6F-FollowerState was interrupted: java.lang.InterruptedException: sleep interrupted
2019-10-16 11:35:55,775 [grpc-default-executor-4] INFO  impl.RoleInfo (RoleInfo.java:updateAndGet(143)) - 4281bf39-36db-462c-8bc9-3c86cb645344: start FollowerState
2019-10-16 11:35:55,775 [Thread-2102] INFO  impl.FollowerState (FollowerState.java:run(117)) - f94c755f-9f95-40b5-85b9-5e712f3f34e7@group-B3673A53AB6F-FollowerState was interrupted: java.lang.InterruptedException: sleep interrupted
2019-10-16 11:35:55,775 [grpc-default-executor-5] INFO  impl.RoleInfo (RoleInfo.java:updateAndGet(143)) - f94c755f-9f95-40b5-85b9-5e712f3f34e7: start FollowerState
2019-10-16 11:35:55,783 [1ee6da7b-5867-4bad-ba0d-a2cfd13fd72a@group-B3673A53AB6F-LeaderElection260] INFO  impl.LeaderElection (LeaderElection.java:logAndReturn(56)) - 1ee6da7b-5867-4bad-ba0d-a2cfd13fd72a@group-B3673A53AB6F-LeaderElection260: Election REJECTED; received 2 response(s) [1ee6da7b-5867-4bad-ba0d-a2cfd13fd72a<-f94c755f-9f95-40b5-85b9-5e712f3f34e7#0:FAIL-t141, 1ee6da7b-5867-4bad-ba0d-a2cfd13fd72a<-4281bf39-36db-462c-8bc9-3c86cb645344#0:FAIL-t141] and 0 exception(s); 1ee6da7b-5867-4bad-ba0d-a2cfd13fd72a@group-B3673A53AB6F:t141, leader=null, voted=1ee6da7b-5867-4bad-ba0d-a2cfd13fd72a, raftlog=1ee6da7b-5867-4bad-ba0d-a2cfd13fd72a@group-B3673A53AB6F-SegmentedRaftLog:OPENED:c-1,f-1,i0, conf=-1: [f94c755f-9f95-40b5-85b9-5e712f3f34e7:192.168.157.203:45275, 1ee6da7b-5867-4bad-ba0d-a2cfd13fd72a:192.168.157.203:35892, 4281bf39-36db-462c-8bc9-3c86cb645344:192.168.157.203:42381], old=null
2019-10-16 11:35:55,783 [1ee6da7b-5867-4bad-ba0d-a2cfd13fd72a@group-B3673A53AB6F-LeaderElection260] INFO  impl.RaftServerImpl (RaftServerImpl.java:setRole(184)) - 1ee6da7b-5867-4bad-ba0d-a2cfd13fd72a@group-B3673A53AB6F: changes role from CANDIDATE to FOLLOWER at term 141 for DISCOVERED_A_NEW_TERM
2019-10-16 11:35:55,783 [1ee6da7b-5867-4bad-ba0d-a2cfd13fd72a@group-B3673A53AB6F-LeaderElection260] INFO  impl.RoleInfo (RoleInfo.java:shutdownLeaderElection(134)) - 1ee6da7b-5867-4bad-ba0d-a2cfd13fd72a: shutdown LeaderElection
2019-10-16 11:35:55,784 [1ee6da7b-5867-4bad-ba0d-a2cfd13fd72a@group-B3673A53AB6F-LeaderElection260] INFO  impl.RoleInfo (RoleInfo.java:updateAndGet(143)) - 1ee6da7b-5867-4bad-ba0d-a2cfd13fd72a: start FollowerState
2019-10-16 11:35:55,867 [Thread-2116] INFO  impl.FollowerState (FollowerState.java:run(108)) - a3132885-145f-4a8c-85f4-c10eb874732d@group-2077DD483DC7-FollowerState: change to CANDIDATE, lastRpcTime:106ms, electionTimeout:106ms
2019-10-16 11:35:55,867 [Thread-2116] INFO  impl.RoleInfo (RoleInfo.java:shutdownFollowerState(121)) - a3132885-145f-4a8c-85f4-c10eb874732d: shutdown FollowerState
2019-10-16 11:35:55,867 [Thread-2116] INFO  impl.RaftServerImpl (RaftServerImpl.java:setRole(184)) - a3132885-145f-4a8c-85f4-c10eb874732d@group-2077DD483DC7: changes role from  FOLLOWER to CANDIDATE at term 131 for changeToCandidate
2019-10-16 11:35:55,867 [Thread-2116] INFO  impl.RoleInfo (RoleInfo.java:updateAndGet(143)) - a3132885-145f-4a8c-85f4-c10eb874732d: start LeaderElection
2019-10-16 11:35:55,883 [a3132885-145f-4a8c-85f4-c10eb874732d@group-2077DD483DC7-LeaderElection261] INFO  impl.LeaderElection (LeaderElection.java:askForVotes(178)) - a3132885-145f-4a8c-85f4-c10eb874732d@group-2077DD483DC7-LeaderElection261: begin an election at term 132 for -1: [163587bb-2c3b-4498-b576-18147cf38274:192.168.157.203:33208, a3132885-145f-4a8c-85f4-c10eb874732d:192.168.157.203:46766, 70b633f6-b230-4b9f-87f3-510da88f1e08:192.168.157.203:43163], old=null
2019-10-16 11:35:55,885 [grpc-default-executor-5] INFO  impl.RaftServerImpl (RaftServerImpl.java:setRole(184)) - 163587bb-2c3b-4498-b576-18147cf38274@group-2077DD483DC7: changes role from  FOLLOWER to FOLLOWER at term 132 for recognizeCandidate:a3132885-145f-4a8c-85f4-c10eb874732d
2019-10-16 11:35:55,885 [grpc-default-executor-5] INFO  impl.RoleInfo (RoleInfo.java:shutdownFollowerState(121)) - 163587bb-2c3b-4498-b576-18147cf38274: shutdown FollowerState
2019-10-16 11:35:55,885 [grpc-default-executor-4] INFO  impl.RaftServerImpl (RaftServerImpl.java:setRole(184)) - 70b633f6-b230-4b9f-87f3-510da88f1e08@group-2077DD483DC7: changes role from  FOLLOWER to FOLLOWER at term 132 for recognizeCandidate:a3132885-145f-4a8c-85f4-c10eb874732d
2019-10-16 11:35:55,886 [Thread-2113] INFO  impl.FollowerState (FollowerState.java:run(117)) - 163587bb-2c3b-4498-b576-18147cf38274@group-2077DD483DC7-FollowerState was interrupted: java.lang.InterruptedException: sleep interrupted
2019-10-16 11:35:55,885 [grpc-default-executor-5] INFO  impl.RoleInfo (RoleInfo.java:updateAndGet(143)) - 163587bb-2c3b-4498-b576-18147cf38274: start FollowerState
2019-10-16 11:35:55,886 [grpc-default-executor-4] INFO  impl.RoleInfo (RoleInfo.java:shutdownFollowerState(121)) - 70b633f6-b230-4b9f-87f3-510da88f1e08: shutdown FollowerState
2019-10-16 11:35:55,886 [grpc-default-executor-4] INFO  impl.RoleInfo (RoleInfo.java:updateAndGet(143)) - 70b633f6-b230-4b9f-87f3-510da88f1e08: start FollowerState
2019-10-16 11:35:55,886 [Thread-2114] INFO  impl.FollowerState (FollowerState.java:run(117)) - 70b633f6-b230-4b9f-87f3-510da88f1e08@group-2077DD483DC7-FollowerState was interrupted: java.lang.InterruptedException: sleep interrupted
2019-10-16 11:35:55,893 [a3132885-145f-4a8c-85f4-c10eb874732d@group-2077DD483DC7-LeaderElection261] INFO  impl.LeaderElection (LeaderElection.java:logAndReturn(56)) - a3132885-145f-4a8c-85f4-c10eb874732d@group-2077DD483DC7-LeaderElection261: Election TIMEOUT; received 0 response(s) [] and 0 exception(s); a3132885-145f-4a8c-85f4-c10eb874732d@group-2077DD483DC7:t132, leader=null, voted=a3132885-145f-4a8c-85f4-c10eb874732d, raftlog=a3132885-145f-4a8c-85f4-c10eb874732d@group-2077DD483DC7-SegmentedRaftLog:OPENED:c-1,f-1,i0, conf=-1: [163587bb-2c3b-4498-b576-18147cf38274:192.168.157.203:33208, a3132885-145f-4a8c-85f4-c10eb874732d:192.168.157.203:46766, 70b633f6-b230-4b9f-87f3-510da88f1e08:192.168.157.203:43163], old=null
2019-10-16 11:35:55,903 [a3132885-145f-4a8c-85f4-c10eb874732d@group-2077DD483DC7-LeaderElection261] INFO  impl.LeaderElection (LeaderElection.java:askForVotes(178)) - a3132885-145f-4a8c-85f4-c10eb874732d@group-2077DD483DC7-LeaderElection261: begin an election at term 133 for -1: [163587bb-2c3b-4498-b576-18147cf38274:192.168.157.203:33208, a3132885-145f-4a8c-85f4-c10eb874732d:192.168.157.203:46766, 70b633f6-b230-4b9f-87f3-510da88f1e08:192.168.157.203:43163], old=null
2019-10-16 11:35:55,906 [grpc-default-executor-5] INFO  impl.RaftServerImpl (RaftServerImpl.java:setRole(184)) - 163587bb-2c3b-4498-b576-18147cf38274@group-2077DD483DC7: changes role from  FOLLOWER to FOLLOWER at term 133 for recognizeCandidate:a3132885-145f-4a8c-85f4-c10eb874732d
2019-10-16 11:35:55,906 [grpc-default-executor-5] INFO  impl.RoleInfo (RoleInfo.java:shutdownFollowerState(121)) - 163587bb-2c3b-4498-b576-18147cf38274: shutdown FollowerState
2019-10-16 11:35:55,906 [grpc-default-executor-5] INFO  impl.RoleInfo (RoleInfo.java:updateAndGet(143)) - 163587bb-2c3b-4498-b576-18147cf38274: start FollowerState
2019-10-16 11:35:55,906 [Thread-2125] INFO  impl.FollowerState (FollowerState.java:run(117)) - 163587bb-2c3b-4498-b576-18147cf38274@group-2077DD483DC7-FollowerState was interrupted: java.lang.InterruptedException: sleep interrupted
2019-10-16 11:35:55,906 [grpc-default-executor-4] INFO  impl.RaftServerImpl (RaftServerImpl.java:setRole(184)) - 70b633f6-b230-4b9f-87f3-510da88f1e08@group-2077DD483DC7: changes role from  FOLLOWER to FOLLOWER at term 133 for recognizeCandidate:a3132885-145f-4a8c-85f4-c10eb874732d
2019-10-16 11:35:55,907 [grpc-default-executor-4] INFO  impl.RoleInfo (RoleInfo.java:shutdownFollowerState(121)) - 70b633f6-b230-4b9f-87f3-510da88f1e08: shutdown FollowerState
2019-10-16 11:35:55,907 [grpc-default-executor-4] INFO  impl.RoleInfo (RoleInfo.java:updateAndGet(143)) - 70b633f6-b230-4b9f-87f3-510da88f1e08: start FollowerState
2019-10-16 11:35:55,907 [Thread-2126] INFO  impl.FollowerState (FollowerState.java:run(117)) - 70b633f6-b230-4b9f-87f3-510da88f1e08@group-2077DD483DC7-FollowerState was interrupted: java.lang.InterruptedException: sleep interrupted
2019-10-16 11:35:55,914 [Thread-2121] INFO  impl.FollowerState (FollowerState.java:run(108)) - 1ee6da7b-5867-4bad-ba0d-a2cfd13fd72a@group-B3673A53AB6F-FollowerState: change to CANDIDATE, lastRpcTime:130ms, electionTimeout:130ms
2019-10-16 11:35:55,914 [Thread-2121] INFO  impl.RoleInfo (RoleInfo.java:shutdownFollowerState(121)) - 1ee6da7b-5867-4bad-ba0d-a2cfd13fd72a: shutdown FollowerState
2019-10-16 11:35:55,914 [Thread-2121] INFO  impl.RaftServerImpl (RaftServerImpl.java:setRole(184)) - 1ee6da7b-5867-4bad-ba0d-a2cfd13fd72a@group-B3673A53AB6F: changes role from  FOLLOWER to CANDIDATE at term 141 for changeToCandidate
2019-10-16 11:35:55,914 [Thread-2121] INFO  impl.RoleInfo (RoleInfo.java:updateAndGet(143)) - 1ee6da7b-5867-4bad-ba0d-a2cfd13fd72a: start LeaderElection
2019-10-16 11:35:55,917 [a3132885-145f-4a8c-85f4-c10eb874732d@group-2077DD483DC7-LeaderElection261] INFO  impl.LeaderElection (LeaderElection.java:logAndReturn(56)) - a3132885-145f-4a8c-85f4-c10eb874732d@group-2077DD483DC7-LeaderElection261: Election REJECTED; received 2 response(s) [a3132885-145f-4a8c-85f4-c10eb874732d<-163587bb-2c3b-4498-b576-18147cf38274#0:FAIL-t133, a3132885-145f-4a8c-85f4-c10eb874732d<-70b633f6-b230-4b9f-87f3-510da88f1e08#0:FAIL-t133] and 0 exception(s); a3132885-145f-4a8c-85f4-c10eb874732d@group-2077DD483DC7:t133, leader=null, voted=a3132885-145f-4a8c-85f4-c10eb874732d, raftlog=a3132885-145f-4a8c-85f4-c10eb874732d@group-2077DD483DC7-SegmentedRaftLog:OPENED:c-1,f-1,i0, conf=-1: [163587bb-2c3b-4498-b576-18147cf38274:192.168.157.203:33208, a3132885-145f-4a8c-85f4-c10eb874732d:192.168.157.203:46766, 70b633f6-b230-4b9f-87f3-510da88f1e08:192.168.157.203:43163], old=null
2019-10-16 11:35:55,917 [a3132885-145f-4a8c-85f4-c10eb874732d@group-2077DD483DC7-LeaderElection261] INFO  impl.RaftServerImpl (RaftServerImpl.java:setRole(184)) - a3132885-145f-4a8c-85f4-c10eb874732d@group-2077DD483DC7: changes role from CANDIDATE to FOLLOWER at term 133 for DISCOVERED_A_NEW_TERM
2019-10-16 11:35:55,918 [a3132885-145f-4a8c-85f4-c10eb874732d@group-2077DD483DC7-LeaderElection261] INFO  impl.RoleInfo (RoleInfo.java:shutdownLeaderElection(134)) - a3132885-145f-4a8c-85f4-c10eb874732d: shutdown LeaderElection
2019-10-16 11:35:55,918 [a3132885-145f-4a8c-85f4-c10eb874732d@group-2077DD483DC7-LeaderElection261] INFO  impl.RoleInfo (RoleInfo.java:updateAndGet(143)) - a3132885-145f-4a8c-85f4-c10eb874732d: start FollowerState
2019-10-16 11:35:55,930 [1ee6da7b-5867-4bad-ba0d-a2cfd13fd72a@group-B3673A53AB6F-LeaderElection262] INFO  impl.LeaderElection (LeaderElection.java:askForVotes(178)) - 1ee6da7b-5867-4bad-ba0d-a2cfd13fd72a@group-B3673A53AB6F-LeaderElection262: begin an election at term 142 for -1: [f94c755f-9f95-40b5-85b9-5e712f3f34e7:192.168.157.203:45275, 1ee6da7b-5867-4bad-ba0d-a2cfd13fd72a:192.168.157.203:35892, 4281bf39-36db-462c-8bc9-3c86cb645344:192.168.157.203:42381], old=null
2019-10-16 11:35:55,932 [grpc-default-executor-4] INFO  impl.RaftServerImpl (RaftServerImpl.java:setRole(184)) - f94c755f-9f95-40b5-85b9-5e712f3f34e7@group-B3673A53AB6F: changes role from  FOLLOWER to FOLLOWER at term 142 for recognizeCandidate:1ee6da7b-5867-4bad-ba0d-a2cfd13fd72a
2019-10-16 11:35:55,932 [grpc-default-executor-4] INFO  impl.RoleInfo (RoleInfo.java:shutdownFollowerState(121)) - f94c755f-9f95-40b5-85b9-5e712f3f34e7: shutdown FollowerState
2019-10-16 11:35:55,933 [grpc-default-executor-4] INFO  impl.RoleInfo (RoleInfo.java:updateAndGet(143)) - f94c755f-9f95-40b5-85b9-5e712f3f34e7: start FollowerState
2019-10-16 11:35:55,933 [Thread-2120] INFO  impl.FollowerState (FollowerState.java:run(117)) - f94c755f-9f95-40b5-85b9-5e712f3f34e7@group-B3673A53AB6F-FollowerState was interrupted: java.lang.InterruptedException: sleep interrupted
2019-10-16 11:35:55,934 [grpc-default-executor-5] INFO  impl.RaftServerImpl (RaftServerImpl.java:setRole(184)) - 4281bf39-36db-462c-8bc9-3c86cb645344@group-B3673A53AB6F: changes role from  FOLLOWER to FOLLOWER at term 142 for recognizeCandidate:1ee6da7b-5867-4bad-ba0d-a2cfd13fd72a
2019-10-16 11:35:55,934 [grpc-default-executor-5] INFO  impl.RoleInfo (RoleInfo.java:shutdownFollowerState(121)) - 4281bf39-36db-462c-8bc9-3c86cb645344: shutdown FollowerState
2019-10-16 11:35:55,934 [grpc-default-executor-5] INFO  impl.RoleInfo (RoleInfo.java:updateAndGet(143)) - 4281bf39-36db-462c-8bc9-3c86cb645344: start FollowerState
2019-10-16 11:35:55,934 [Thread-2119] INFO  impl.FollowerState (FollowerState.java:run(117)) - 4281bf39-36db-462c-8bc9-3c86cb645344@group-B3673A53AB6F-FollowerState was interrupted: java.lang.InterruptedException: sleep interrupted
2019-10-16 11:35:55,952 [1ee6da7b-5867-4bad-ba0d-a2cfd13fd72a@group-B3673A53AB6F-LeaderElection262] INFO  impl.LeaderElection (LeaderElection.java:logAndReturn(56)) - 1ee6da7b-5867-4bad-ba0d-a2cfd13fd72a@group-B3673A53AB6F-LeaderElection262: Election REJECTED; received 2 response(s) [1ee6da7b-5867-4bad-ba0d-a2cfd13fd72a<-f94c755f-9f95-40b5-85b9-5e712f3f34e7#0:FAIL-t142, 1ee6da7b-5867-4bad-ba0d-a2cfd13fd72a<-4281bf39-36db-462c-8bc9-3c86cb645344#0:FAIL-t142] and 0 exception(s); 1ee6da7b-5867-4bad-ba0d-a2cfd13fd72a@group-B3673A53AB6F:t142, leader=null, voted=1ee6da7b-5867-4bad-ba0d-a2cfd13fd72a, raftlog=1ee6da7b-5867-4bad-ba0d-a2cfd13fd72a@group-B3673A53AB6F-SegmentedRaftLog:OPENED:c-1,f-1,i0, conf=-1: [f94c755f-9f95-40b5-85b9-5e712f3f34e7:192.168.157.203:45275, 1ee6da7b-5867-4bad-ba0d-a2cfd13fd72a:192.168.157.203:35892, 4281bf39-36db-462c-8bc9-3c86cb645344:192.168.157.203:42381], old=null
2019-10-16 11:35:55,953 [1ee6da7b-5867-4bad-ba0d-a2cfd13fd72a@group-B3673A53AB6F-LeaderElection262] INFO  impl.RaftServerImpl (RaftServerImpl.java:setRole(184)) - 1ee6da7b-5867-4bad-ba0d-a2cfd13fd72a@group-B3673A53AB6F: changes role from CANDIDATE to FOLLOWER at term 142 for DISCOVERED_A_NEW_TERM
2019-10-16 11:35:55,953 [1ee6da7b-5867-4bad-ba0d-a2cfd13fd72a@group-B3673A53AB6F-LeaderElection262] INFO  impl.RoleInfo (RoleInfo.java:shutdownLeaderElection(134)) - 1ee6da7b-5867-4bad-ba0d-a2cfd13fd72a: shutdown LeaderElection
2019-10-16 11:35:55,953 [1ee6da7b-5867-4bad-ba0d-a2cfd13fd72a@group-B3673A53AB6F-LeaderElection262] INFO  impl.RoleInfo (RoleInfo.java:updateAndGet(143)) - 1ee6da7b-5867-4bad-ba0d-a2cfd13fd72a: start FollowerState
2019-10-16 11:35:55,995 [Thread-2134] INFO  impl.FollowerState (FollowerState.java:run(108)) - a3132885-145f-4a8c-85f4-c10eb874732d@group-2077DD483DC7-FollowerState: change to CANDIDATE, lastRpcTime:77ms, electionTimeout:77ms
2019-10-16 11:35:55,995 [Thread-2134] INFO  impl.RoleInfo (RoleInfo.java:shutdownFollowerState(121)) - a3132885-145f-4a8c-85f4-c10eb874732d: shutdown FollowerState
2019-10-16 11:35:55,998 [Thread-2134] INFO  impl.RaftServerImpl (RaftServerImpl.java:setRole(184)) - a3132885-145f-4a8c-85f4-c10eb874732d@group-2077DD483DC7: changes role from  FOLLOWER to CANDIDATE at term 133 for changeToCandidate
2019-10-16 11:35:56,000 [Thread-2134] INFO  impl.RoleInfo (RoleInfo.java:updateAndGet(143)) - a3132885-145f-4a8c-85f4-c10eb874732d: start LeaderElection
2019-10-16 11:35:56,016 [a3132885-145f-4a8c-85f4-c10eb874732d@group-2077DD483DC7-LeaderElection263] INFO  impl.LeaderElection (LeaderElection.java:askForVotes(178)) - a3132885-145f-4a8c-85f4-c10eb874732d@group-2077DD483DC7-LeaderElection263: begin an election at term 134 for -1: [163587bb-2c3b-4498-b576-18147cf38274:192.168.157.203:33208, a3132885-145f-4a8c-85f4-c10eb874732d:192.168.157.203:46766, 70b633f6-b230-4b9f-87f3-510da88f1e08:192.168.157.203:43163], old=null
2019-10-16 11:35:56,018 [grpc-default-executor-5] INFO  impl.RaftServerImpl (RaftServerImpl.java:setRole(184)) - 163587bb-2c3b-4498-b576-18147cf38274@group-2077DD483DC7: changes role from  FOLLOWER to FOLLOWER at term 134 for recognizeCandidate:a3132885-145f-4a8c-85f4-c10eb874732d
2019-10-16 11:35:56,018 [grpc-default-executor-5] INFO  impl.RoleInfo (RoleInfo.java:shutdownFollowerState(121)) - 163587bb-2c3b-4498-b576-18147cf38274: shutdown FollowerState
2019-10-16 11:35:56,019 [grpc-default-executor-3] INFO  impl.RaftServerImpl (RaftServerImpl.java:setRole(184)) - 70b633f6-b230-4b9f-87f3-510da88f1e08@group-2077DD483DC7: changes role from  FOLLOWER to FOLLOWER at term 134 for recognizeCandidate:a3132885-145f-4a8c-85f4-c10eb874732d
2019-10-16 11:35:56,019 [Thread-2130] INFO  impl.FollowerState (FollowerState.java:run(117)) - 163587bb-2c3b-4498-b576-18147cf38274@group-2077DD483DC7-FollowerState was interrupted: java.lang.InterruptedException: sleep interrupted
2019-10-16 11:35:56,019 [grpc-default-executor-3] INFO  impl.RoleInfo (RoleInfo.java:shutdownFollowerState(121)) - 70b633f6-b230-4b9f-87f3-510da88f1e08: shutdown FollowerState
2019-10-16 11:35:56,019 [grpc-default-executor-5] INFO  impl.RoleInfo (RoleInfo.java:updateAndGet(143)) - 163587bb-2c3b-4498-b576-18147cf38274: start FollowerState
2019-10-16 11:35:56,019 [Thread-2131] INFO  impl.FollowerState (FollowerState.java:run(117)) - 70b633f6-b230-4b9f-87f3-510da88f1e08@group-2077DD483DC7-FollowerState was interrupted: java.lang.InterruptedException: sleep interrupted
2019-10-16 11:35:56,019 [grpc-default-executor-3] INFO  impl.RoleInfo (RoleInfo.java:updateAndGet(143)) - 70b633f6-b230-4b9f-87f3-510da88f1e08: start FollowerState
2019-10-16 11:35:56,035 [a3132885-145f-4a8c-85f4-c10eb874732d@group-2077DD483DC7-LeaderElection263] INFO  impl.LeaderElection (LeaderElection.java:logAndReturn(56)) - a3132885-145f-4a8c-85f4-c10eb874732d@group-2077DD483DC7-LeaderElection263: Election REJECTED; received 2 response(s) [a3132885-145f-4a8c-85f4-c10eb874732d<-163587bb-2c3b-4498-b576-18147cf38274#0:FAIL-t134, a3132885-145f-4a8c-85f4-c10eb874732d<-70b633f6-b230-4b9f-87f3-510da88f1e08#0:FAIL-t134] and 0 exception(s); a3132885-145f-4a8c-85f4-c10eb874732d@group-2077DD483DC7:t134, leader=null, voted=a3132885-145f-4a8c-85f4-c10eb874732d, raftlog=a3132885-145f-4a8c-85f4-c10eb874732d@group-2077DD483DC7-SegmentedRaftLog:OPENED:c-1,f-1,i0, conf=-1: [163587bb-2c3b-4498-b576-18147cf38274:192.168.157.203:33208, a3132885-145f-4a8c-85f4-c10eb874732d:192.168.157.203:46766, 70b633f6-b230-4b9f-87f3-510da88f1e08:192.168.157.203:43163], old=null
2019-10-16 11:35:56,035 [Thread-2139] INFO  impl.FollowerState (FollowerState.java:run(108)) - 1ee6da7b-5867-4bad-ba0d-a2cfd13fd72a@group-B3673A53AB6F-FollowerState: change to CANDIDATE, lastRpcTime:82ms, electionTimeout:82ms
2019-10-16 11:35:56,035 [a3132885-145f-4a8c-85f4-c10eb874732d@group-2077DD483DC7-LeaderElection263] INFO  impl.RaftServerImpl (RaftServerImpl.java:setRole(184)) - a3132885-145f-4a8c-85f4-c10eb874732d@group-2077DD483DC7: changes role from CANDIDATE to FOLLOWER at term 134 for DISCOVERED_A_NEW_TERM
2019-10-16 11:35:56,036 [Thread-2139] INFO  impl.RoleInfo (RoleInfo.java:shutdownFollowerState(121)) - 1ee6da7b-5867-4bad-ba0d-a2cfd13fd72a: shutdown FollowerState
2019-10-16 11:35:56,036 [a3132885-145f-4a8c-85f4-c10eb874732d@group-2077DD483DC7-LeaderElection263] INFO  impl.RoleInfo (RoleInfo.java:shutdownLeaderElection(134)) - a3132885-145f-4a8c-85f4-c10eb874732d: shutdown LeaderElection
2019-10-16 11:35:56,036 [Thread-2139] INFO  impl.RaftServerImpl (RaftServerImpl.java:setRole(184)) - 1ee6da7b-5867-4bad-ba0d-a2cfd13fd72a@group-B3673A53AB6F: changes role from  FOLLOWER to CANDIDATE at term 142 for changeToCandidate
2019-10-16 11:35:56,036 [a3132885-145f-4a8c-85f4-c10eb874732d@group-2077DD483DC7-LeaderElection263] INFO  impl.RoleInfo (RoleInfo.java:updateAndGet(143)) - a3132885-145f-4a8c-85f4-c10eb874732d: start FollowerState
2019-10-16 11:35:56,036 [Thread-2139] INFO  impl.RoleInfo (RoleInfo.java:updateAndGet(143)) - 1ee6da7b-5867-4bad-ba0d-a2cfd13fd72a: start LeaderElection
2019-10-16 11:35:56,055 [1ee6da7b-5867-4bad-ba0d-a2cfd13fd72a@group-B3673A53AB6F-LeaderElection264] INFO  impl.LeaderElection (LeaderElection.java:askForVotes(178)) - 1ee6da7b-5867-4bad-ba0d-a2cfd13fd72a@group-B3673A53AB6F-LeaderElection264: begin an election at term 143 for -1: [f94c755f-9f95-40b5-85b9-5e712f3f34e7:192.168.157.203:45275, 1ee6da7b-5867-4bad-ba0d-a2cfd13fd72a:192.168.157.203:35892, 4281bf39-36db-462c-8bc9-3c86cb645344:192.168.157.203:42381], old=null
2019-10-16 11:35:56,057 [grpc-default-executor-3] INFO  impl.RaftServerImpl (RaftServerImpl.java:setRole(184)) - f94c755f-9f95-40b5-85b9-5e712f3f34e7@group-B3673A53AB6F: changes role from  FOLLOWER to FOLLOWER at term 143 for recognizeCandidate:1ee6da7b-5867-4bad-ba0d-a2cfd13fd72a
2019-10-16 11:35:56,057 [grpc-default-executor-3] INFO  impl.RoleInfo (RoleInfo.java:shutdownFollowerState(121)) - f94c755f-9f95-40b5-85b9-5e712f3f34e7: shutdown FollowerState
2019-10-16 11:35:56,057 [grpc-default-executor-5] INFO  impl.RaftServerImpl (RaftServerImpl.java:setRole(184)) - 4281bf39-36db-462c-8bc9-3c86cb645344@group-B3673A53AB6F: changes role from  FOLLOWER to FOLLOWER at term 143 for recognizeCandidate:1ee6da7b-5867-4bad-ba0d-a2cfd13fd72a
2019-10-16 11:35:56,058 [grpc-default-executor-5] INFO  impl.RoleInfo (RoleInfo.java:shutdownFollowerState(121)) - 4281bf39-36db-462c-8bc9-3c86cb645344: shutdown FollowerState
2019-10-16 11:35:56,058 [Thread-2137] INFO  impl.FollowerState (FollowerState.java:run(117)) - f94c755f-9f95-40b5-85b9-5e712f3f34e7@group-B3673A53AB6F-FollowerState was interrupted: java.lang.InterruptedException: sleep interrupted
2019-10-16 11:35:56,058 [grpc-default-executor-3] INFO  impl.RoleInfo (RoleInfo.java:updateAndGet(143)) - f94c755f-9f95-40b5-85b9-5e712f3f34e7: start FollowerState
2019-10-16 11:35:56,058 [Thread-2138] INFO  impl.FollowerState (FollowerState.java:run(117)) - 4281bf39-36db-462c-8bc9-3c86cb645344@group-B3673A53AB6F-FollowerState was interrupted: java.lang.InterruptedException: sleep interrupted
2019-10-16 11:35:56,058 [grpc-default-executor-5] INFO  impl.RoleInfo (RoleInfo.java:updateAndGet(143)) - 4281bf39-36db-462c-8bc9-3c86cb645344: start FollowerState
2019-10-16 11:35:56,066 [1ee6da7b-5867-4bad-ba0d-a2cfd13fd72a@group-B3673A53AB6F-LeaderElection264] INFO  impl.LeaderElection (LeaderElection.java:logAndReturn(56)) - 1ee6da7b-5867-4bad-ba0d-a2cfd13fd72a@group-B3673A53AB6F-LeaderElection264: Election REJECTED; received 2 response(s) [1ee6da7b-5867-4bad-ba0d-a2cfd13fd72a<-f94c755f-9f95-40b5-85b9-5e712f3f34e7#0:FAIL-t143, 1ee6da7b-5867-4bad-ba0d-a2cfd13fd72a<-4281bf39-36db-462c-8bc9-3c86cb645344#0:FAIL-t143] and 0 exception(s); 1ee6da7b-5867-4bad-ba0d-a2cfd13fd72a@group-B3673A53AB6F:t143, leader=null, voted=1ee6da7b-5867-4bad-ba0d-a2cfd13fd72a, raftlog=1ee6da7b-5867-4bad-ba0d-a2cfd13fd72a@group-B3673A53AB6F-SegmentedRaftLog:OPENED:c-1,f-1,i0, conf=-1: [f94c755f-9f95-40b5-85b9-5e712f3f34e7:192.168.157.203:45275, 1ee6da7b-5867-4bad-ba0d-a2cfd13fd72a:192.168.157.203:35892, 4281bf39-36db-462c-8bc9-3c86cb645344:192.168.157.203:42381], old=null
2019-10-16 11:35:56,067 [1ee6da7b-5867-4bad-ba0d-a2cfd13fd72a@group-B3673A53AB6F-LeaderElection264] INFO  impl.RaftServerImpl (RaftServerImpl.java:setRole(184)) - 1ee6da7b-5867-4bad-ba0d-a2cfd13fd72a@group-B3673A53AB6F: changes role from CANDIDATE to FOLLOWER at term 143 for DISCOVERED_A_NEW_TERM
2019-10-16 11:35:56,067 [1ee6da7b-5867-4bad-ba0d-a2cfd13fd72a@group-B3673A53AB6F-LeaderElection264] INFO  impl.RoleInfo (RoleInfo.java:shutdownLeaderElection(134)) - 1ee6da7b-5867-4bad-ba0d-a2cfd13fd72a: shutdown LeaderElection
2019-10-16 11:35:56,067 [1ee6da7b-5867-4bad-ba0d-a2cfd13fd72a@group-B3673A53AB6F-LeaderElection264] INFO  impl.RoleInfo (RoleInfo.java:updateAndGet(143)) - 1ee6da7b-5867-4bad-ba0d-a2cfd13fd72a: start FollowerState
2019-10-16 11:35:56,091 [Thread-2147] INFO  impl.FollowerState (FollowerState.java:run(108)) - a3132885-145f-4a8c-85f4-c10eb874732d@group-2077DD483DC7-FollowerState: change to CANDIDATE, lastRpcTime:55ms, electionTimeout:55ms
2019-10-16 11:35:56,092 [Thread-2147] INFO  impl.RoleInfo (RoleInfo.java:shutdownFollowerState(121)) - a3132885-145f-4a8c-85f4-c10eb874732d: shutdown FollowerState
2019-10-16 11:35:56,092 [Thread-2147] INFO  impl.RaftServerImpl (RaftServerImpl.java:setRole(184)) - a3132885-145f-4a8c-85f4-c10eb874732d@group-2077DD483DC7: changes role from  FOLLOWER to CANDIDATE at term 134 for changeToCandidate
2019-10-16 11:35:56,093 [Thread-2147] INFO  impl.RoleInfo (RoleInfo.java:updateAndGet(143)) - a3132885-145f-4a8c-85f4-c10eb874732d: start LeaderElection
2019-10-16 11:35:56,108 [a3132885-145f-4a8c-85f4-c10eb874732d@group-2077DD483DC7-LeaderElection265] INFO  impl.LeaderElection (LeaderElection.java:askForVotes(178)) - a3132885-145f-4a8c-85f4-c10eb874732d@group-2077DD483DC7-LeaderElection265: begin an election at term 135 for -1: [163587bb-2c3b-4498-b576-18147cf38274:192.168.157.203:33208, a3132885-145f-4a8c-85f4-c10eb874732d:192.168.157.203:46766, 70b633f6-b230-4b9f-87f3-510da88f1e08:192.168.157.203:43163], old=null
2019-10-16 11:35:56,113 [grpc-default-executor-3] INFO  impl.RaftServerImpl (RaftServerImpl.java:setRole(184)) - 163587bb-2c3b-4498-b576-18147cf38274@group-2077DD483DC7: changes role from  FOLLOWER to FOLLOWER at term 135 for recognizeCandidate:a3132885-145f-4a8c-85f4-c10eb874732d
2019-10-16 11:35:56,113 [grpc-default-executor-5] INFO  impl.RaftServerImpl (RaftServerImpl.java:setRole(184)) - 70b633f6-b230-4b9f-87f3-510da88f1e08@group-2077DD483DC7: changes role from  FOLLOWER to FOLLOWER at term 135 for recognizeCandidate:a3132885-145f-4a8c-85f4-c10eb874732d
2019-10-16 11:35:56,113 [grpc-default-executor-3] INFO  impl.RoleInfo (RoleInfo.java:shutdownFollowerState(121)) - 163587bb-2c3b-4498-b576-18147cf38274: shutdown FollowerState
2019-10-16 11:35:56,114 [grpc-default-executor-5] INFO  impl.RoleInfo (RoleInfo.java:shutdownFollowerState(121)) - 70b633f6-b230-4b9f-87f3-510da88f1e08: shutdown FollowerState
2019-10-16 11:35:56,114 [grpc-default-executor-3] INFO  impl.RoleInfo (RoleInfo.java:updateAndGet(143)) - 163587bb-2c3b-4498-b576-18147cf38274: start FollowerState
2019-10-16 11:35:56,114 [Thread-2145] INFO  impl.FollowerState (FollowerState.java:run(117)) - 163587bb-2c3b-4498-b576-18147cf38274@group-2077DD483DC7-FollowerState was interrupted: java.lang.InterruptedException: sleep interrupted
2019-10-16 11:35:56,114 [Thread-2146] INFO  impl.FollowerState (FollowerState.java:run(117)) - 70b633f6-b230-4b9f-87f3-510da88f1e08@group-2077DD483DC7-FollowerState was interrupted: java.lang.InterruptedException: sleep interrupted
2019-10-16 11:35:56,114 [grpc-default-executor-5] INFO  impl.RoleInfo (RoleInfo.java:updateAndGet(143)) - 70b633f6-b230-4b9f-87f3-510da88f1e08: start FollowerState
2019-10-16 11:35:56,120 [Thread-2153] INFO  impl.FollowerState (FollowerState.java:run(108)) - 1ee6da7b-5867-4bad-ba0d-a2cfd13fd72a@group-B3673A53AB6F-FollowerState: change to CANDIDATE, lastRpcTime:53ms, electionTimeout:53ms
2019-10-16 11:35:56,120 [Thread-2153] INFO  impl.RoleInfo (RoleInfo.java:shutdownFollowerState(121)) - 1ee6da7b-5867-4bad-ba0d-a2cfd13fd72a: shutdown FollowerState
2019-10-16 11:35:56,121 [Thread-2153] INFO  impl.RaftServerImpl (RaftServerImpl.java:setRole(184)) - 1ee6da7b-5867-4bad-ba0d-a2cfd13fd72a@group-B3673A53AB6F: changes role from  FOLLOWER to CANDIDATE at term 143 for changeToCandidate
2019-10-16 11:35:56,121 [Thread-2153] INFO  impl.RoleInfo (RoleInfo.java:updateAndGet(143)) - 1ee6da7b-5867-4bad-ba0d-a2cfd13fd72a: start LeaderElection
2019-10-16 11:35:56,130 [1ee6da7b-5867-4bad-ba0d-a2cfd13fd72a@group-B3673A53AB6F-LeaderElection266] INFO  impl.LeaderElection (LeaderElection.java:askForVotes(178)) - 1ee6da7b-5867-4bad-ba0d-a2cfd13fd72a@group-B3673A53AB6F-LeaderElection266: begin an election at term 144 for -1: [f94c755f-9f95-40b5-85b9-5e712f3f34e7:192.168.157.203:45275, 1ee6da7b-5867-4bad-ba0d-a2cfd13fd72a:192.168.157.203:35892, 4281bf39-36db-462c-8bc9-3c86cb645344:192.168.157.203:42381], old=null
2019-10-16 11:35:56,131 [a3132885-145f-4a8c-85f4-c10eb874732d@group-2077DD483DC7-LeaderElection265] INFO  impl.LeaderElection (LeaderElection.java:logAndReturn(56)) - a3132885-145f-4a8c-85f4-c10eb874732d@group-2077DD483DC7-LeaderElection265: Election REJECTED; received 2 response(s) [a3132885-145f-4a8c-85f4-c10eb874732d<-163587bb-2c3b-4498-b576-18147cf38274#0:FAIL-t135, a3132885-145f-4a8c-85f4-c10eb874732d<-70b633f6-b230-4b9f-87f3-510da88f1e08#0:FAIL-t135] and 0 exception(s); a3132885-145f-4a8c-85f4-c10eb874732d@group-2077DD483DC7:t135, leader=null, voted=a3132885-145f-4a8c-85f4-c10eb874732d, raftlog=a3132885-145f-4a8c-85f4-c10eb874732d@group-2077DD483DC7-SegmentedRaftLog:OPENED:c-1,f-1,i0, conf=-1: [163587bb-2c3b-4498-b576-18147cf38274:192.168.157.203:33208, a3132885-145f-4a8c-85f4-c10eb874732d:192.168.157.203:46766, 70b633f6-b230-4b9f-87f3-510da88f1e08:192.168.157.203:43163], old=null
2019-10-16 11:35:56,132 [a3132885-145f-4a8c-85f4-c10eb874732d@group-2077DD483DC7-LeaderElection265] INFO  impl.RaftServerImpl (RaftServerImpl.java:setRole(184)) - a3132885-145f-4a8c-85f4-c10eb874732d@group-2077DD483DC7: changes role from CANDIDATE to FOLLOWER at term 135 for DISCOVERED_A_NEW_TERM
2019-10-16 11:35:56,132 [a3132885-145f-4a8c-85f4-c10eb874732d@group-2077DD483DC7-LeaderElection265] INFO  impl.RoleInfo (RoleInfo.java:shutdownLeaderElection(134)) - a3132885-145f-4a8c-85f4-c10eb874732d: shutdown LeaderElection
2019-10-16 11:35:56,132 [grpc-default-executor-5] INFO  impl.RaftServerImpl (RaftServerImpl.java:setRole(184)) - f94c755f-9f95-40b5-85b9-5e712f3f34e7@group-B3673A53AB6F: changes role from  FOLLOWER to FOLLOWER at term 144 for recognizeCandidate:1ee6da7b-5867-4bad-ba0d-a2cfd13fd72a
2019-10-16 11:35:56,132 [a3132885-145f-4a8c-85f4-c10eb874732d@group-2077DD483DC7-LeaderElection265] INFO  impl.RoleInfo (RoleInfo.java:updateAndGet(143)) - a3132885-145f-4a8c-85f4-c10eb874732d: start FollowerState
2019-10-16 11:35:56,132 [grpc-default-executor-5] INFO  impl.RoleInfo (RoleInfo.java:shutdownFollowerState(121)) - f94c755f-9f95-40b5-85b9-5e712f3f34e7: shutdown FollowerState
2019-10-16 11:35:56,132 [grpc-default-executor-3] INFO  impl.RaftServerImpl (RaftServerImpl.java:setRole(184)) - 4281bf39-36db-462c-8bc9-3c86cb645344@group-B3673A53AB6F: changes role from  FOLLOWER to FOLLOWER at term 144 for recognizeCandidate:1ee6da7b-5867-4bad-ba0d-a2cfd13fd72a
2019-10-16 11:35:56,132 [Thread-2151] INFO  impl.FollowerState (FollowerState.java:run(117)) - f94c755f-9f95-40b5-85b9-5e712f3f34e7@group-B3673A53AB6F-FollowerState was interrupted: java.lang.InterruptedException: sleep interrupted
2019-10-16 11:35:56,132 [grpc-default-executor-5] INFO  impl.RoleInfo (RoleInfo.java:updateAndGet(143)) - f94c755f-9f95-40b5-85b9-5e712f3f34e7: start FollowerState
2019-10-16 11:35:56,132 [grpc-default-executor-3] INFO  impl.RoleInfo (RoleInfo.java:shutdownFollowerState(121)) - 4281bf39-36db-462c-8bc9-3c86cb645344: shutdown FollowerState
2019-10-16 11:35:56,133 [grpc-default-executor-3] INFO  impl.RoleInfo (RoleInfo.java:updateAndGet(143)) - 4281bf39-36db-462c-8bc9-3c86cb645344: start FollowerState
2019-10-16 11:35:56,133 [Thread-2152] INFO  impl.FollowerState (FollowerState.java:run(117)) - 4281bf39-36db-462c-8bc9-3c86cb645344@group-B3673A53AB6F-FollowerState was interrupted: java.lang.InterruptedException: sleep interrupted
2019-10-16 11:35:56,150 [1ee6da7b-5867-4bad-ba0d-a2cfd13fd72a@group-B3673A53AB6F-LeaderElection266] INFO  impl.LeaderElection (LeaderElection.java:logAndReturn(56)) - 1ee6da7b-5867-4bad-ba0d-a2cfd13fd72a@group-B3673A53AB6F-LeaderElection266: Election REJECTED; received 2 response(s) [1ee6da7b-5867-4bad-ba0d-a2cfd13fd72a<-f94c755f-9f95-40b5-85b9-5e712f3f34e7#0:FAIL-t144, 1ee6da7b-5867-4bad-ba0d-a2cfd13fd72a<-4281bf39-36db-462c-8bc9-3c86cb645344#0:FAIL-t144] and 0 exception(s); 1ee6da7b-5867-4bad-ba0d-a2cfd13fd72a@group-B3673A53AB6F:t144, leader=null, voted=1ee6da7b-5867-4bad-ba0d-a2cfd13fd72a, raftlog=1ee6da7b-5867-4bad-ba0d-a2cfd13fd72a@group-B3673A53AB6F-SegmentedRaftLog:OPENED:c-1,f-1,i0, conf=-1: [f94c755f-9f95-40b5-85b9-5e712f3f34e7:192.168.157.203:45275, 1ee6da7b-5867-4bad-ba0d-a2cfd13fd72a:192.168.157.203:35892, 4281bf39-36db-462c-8bc9-3c86cb645344:192.168.157.203:42381], old=null
2019-10-16 11:35:56,150 [1ee6da7b-5867-4bad-ba0d-a2cfd13fd72a@group-B3673A53AB6F-LeaderElection266] INFO  impl.RaftServerImpl (RaftServerImpl.java:setRole(184)) - 1ee6da7b-5867-4bad-ba0d-a2cfd13fd72a@group-B3673A53AB6F: changes role from CANDIDATE to FOLLOWER at term 144 for DISCOVERED_A_NEW_TERM
2019-10-16 11:35:56,150 [1ee6da7b-5867-4bad-ba0d-a2cfd13fd72a@group-B3673A53AB6F-LeaderElection266] INFO  impl.RoleInfo (RoleInfo.java:shutdownLeaderElection(134)) - 1ee6da7b-5867-4bad-ba0d-a2cfd13fd72a: shutdown LeaderElection
2019-10-16 11:35:56,151 [1ee6da7b-5867-4bad-ba0d-a2cfd13fd72a@group-B3673A53AB6F-LeaderElection266] INFO  impl.RoleInfo (RoleInfo.java:updateAndGet(143)) - 1ee6da7b-5867-4bad-ba0d-a2cfd13fd72a: start FollowerState
2019-10-16 11:35:56,174 [Thread-2162] INFO  impl.FollowerState (FollowerState.java:run(108)) - a3132885-145f-4a8c-85f4-c10eb874732d@group-2077DD483DC7-FollowerState: change to CANDIDATE, lastRpcTime:42ms, electionTimeout:42ms
2019-10-16 11:35:56,175 [Thread-2162] INFO  impl.RoleInfo (RoleInfo.java:shutdownFollowerState(121)) - a3132885-145f-4a8c-85f4-c10eb874732d: shutdown FollowerState
2019-10-16 11:35:56,175 [Thread-2162] INFO  impl.RaftServerImpl (RaftServerImpl.java:setRole(184)) - a3132885-145f-4a8c-85f4-c10eb874732d@group-2077DD483DC7: changes role from  FOLLOWER to CANDIDATE at term 135 for changeToCandidate
2019-10-16 11:35:56,175 [Thread-2162] INFO  impl.RoleInfo (RoleInfo.java:updateAndGet(143)) - a3132885-145f-4a8c-85f4-c10eb874732d: start LeaderElection
2019-10-16 11:35:56,188 [a3132885-145f-4a8c-85f4-c10eb874732d@group-2077DD483DC7-LeaderElection267] INFO  impl.LeaderElection (LeaderElection.java:askForVotes(178)) - a3132885-145f-4a8c-85f4-c10eb874732d@group-2077DD483DC7-LeaderElection267: begin an election at term 136 for -1: [163587bb-2c3b-4498-b576-18147cf38274:192.168.157.203:33208, a3132885-145f-4a8c-85f4-c10eb874732d:192.168.157.203:46766, 70b633f6-b230-4b9f-87f3-510da88f1e08:192.168.157.203:43163], old=null
2019-10-16 11:35:56,191 [grpc-default-executor-5] INFO  impl.RaftServerImpl (RaftServerImpl.java:setRole(184)) - 163587bb-2c3b-4498-b576-18147cf38274@group-2077DD483DC7: changes role from  FOLLOWER to FOLLOWER at term 136 for recognizeCandidate:a3132885-145f-4a8c-85f4-c10eb874732d
2019-10-16 11:35:56,191 [grpc-default-executor-5] INFO  impl.RoleInfo (RoleInfo.java:shutdownFollowerState(121)) - 163587bb-2c3b-4498-b576-18147cf38274: shutdown FollowerState
2019-10-16 11:35:56,191 [grpc-default-executor-3] INFO  impl.RaftServerImpl (RaftServerImpl.java:setRole(184)) - 70b633f6-b230-4b9f-87f3-510da88f1e08@group-2077DD483DC7: changes role from  FOLLOWER to FOLLOWER at term 136 for recognizeCandidate:a3132885-145f-4a8c-85f4-c10eb874732d
2019-10-16 11:35:56,191 [Thread-2157] INFO  impl.FollowerState (FollowerState.java:run(117)) - 163587bb-2c3b-4498-b576-18147cf38274@group-2077DD483DC7-FollowerState was interrupted: java.lang.InterruptedException: sleep interrupted
2019-10-16 11:35:56,191 [grpc-default-executor-5] INFO  impl.RoleInfo (RoleInfo.java:updateAndGet(143)) - 163587bb-2c3b-4498-b576-18147cf38274: start FollowerState
2019-10-16 11:35:56,191 [grpc-default-executor-3] INFO  impl.RoleInfo (RoleInfo.java:shutdownFollowerState(121)) - 70b633f6-b230-4b9f-87f3-510da88f1e08: shutdown FollowerState
2019-10-16 11:35:56,192 [grpc-default-executor-3] INFO  impl.RoleInfo (RoleInfo.java:updateAndGet(143)) - 70b633f6-b230-4b9f-87f3-510da88f1e08: start FollowerState
2019-10-16 11:35:56,192 [Thread-2158] INFO  impl.FollowerState (FollowerState.java:run(117)) - 70b633f6-b230-4b9f-87f3-510da88f1e08@group-2077DD483DC7-FollowerState was interrupted: java.lang.InterruptedException: sleep interrupted
2019-10-16 11:35:56,205 [a3132885-145f-4a8c-85f4-c10eb874732d@group-2077DD483DC7-LeaderElection267] INFO  impl.LeaderElection (LeaderElection.java:logAndReturn(56)) - a3132885-145f-4a8c-85f4-c10eb874732d@group-2077DD483DC7-LeaderElection267: Election REJECTED; received 2 response(s) [a3132885-145f-4a8c-85f4-c10eb874732d<-163587bb-2c3b-4498-b576-18147cf38274#0:FAIL-t136, a3132885-145f-4a8c-85f4-c10eb874732d<-70b633f6-b230-4b9f-87f3-510da88f1e08#0:FAIL-t136] and 0 exception(s); a3132885-145f-4a8c-85f4-c10eb874732d@group-2077DD483DC7:t136, leader=null, voted=a3132885-145f-4a8c-85f4-c10eb874732d, raftlog=a3132885-145f-4a8c-85f4-c10eb874732d@group-2077DD483DC7-SegmentedRaftLog:OPENED:c-1,f-1,i0, conf=-1: [163587bb-2c3b-4498-b576-18147cf38274:192.168.157.203:33208, a3132885-145f-4a8c-85f4-c10eb874732d:192.168.157.203:46766, 70b633f6-b230-4b9f-87f3-510da88f1e08:192.168.157.203:43163], old=null
2019-10-16 11:35:56,205 [a3132885-145f-4a8c-85f4-c10eb874732d@group-2077DD483DC7-LeaderElection267] INFO  impl.RaftServerImpl (RaftServerImpl.java:setRole(184)) - a3132885-145f-4a8c-85f4-c10eb874732d@group-2077DD483DC7: changes role from CANDIDATE to FOLLOWER at term 136 for DISCOVERED_A_NEW_TERM
2019-10-16 11:35:56,205 [a3132885-145f-4a8c-85f4-c10eb874732d@group-2077DD483DC7-LeaderElection267] INFO  impl.RoleInfo (RoleInfo.java:shutdownLeaderElection(134)) - a3132885-145f-4a8c-85f4-c10eb874732d: shutdown LeaderElection
2019-10-16 11:35:56,206 [a3132885-145f-4a8c-85f4-c10eb874732d@group-2077DD483DC7-LeaderElection267] INFO  impl.RoleInfo (RoleInfo.java:updateAndGet(143)) - a3132885-145f-4a8c-85f4-c10eb874732d: start FollowerState
2019-10-16 11:35:56,218 [Thread-2165] INFO  impl.FollowerState (FollowerState.java:run(108)) - 1ee6da7b-5867-4bad-ba0d-a2cfd13fd72a@group-B3673A53AB6F-FollowerState: change to CANDIDATE, lastRpcTime:67ms, electionTimeout:67ms
2019-10-16 11:35:56,218 [Thread-2165] INFO  impl.RoleInfo (RoleInfo.java:shutdownFollowerState(121)) - 1ee6da7b-5867-4bad-ba0d-a2cfd13fd72a: shutdown FollowerState
2019-10-16 11:35:56,218 [Thread-2165] INFO  impl.RaftServerImpl (RaftServerImpl.java:setRole(184)) - 1ee6da7b-5867-4bad-ba0d-a2cfd13fd72a@group-B3673A53AB6F: changes role from  FOLLOWER to CANDIDATE at term 144 for changeToCandidate
2019-10-16 11:35:56,218 [Thread-2165] INFO  impl.RoleInfo (RoleInfo.java:updateAndGet(143)) - 1ee6da7b-5867-4bad-ba0d-a2cfd13fd72a: start LeaderElection
2019-10-16 11:35:56,236 [1ee6da7b-5867-4bad-ba0d-a2cfd13fd72a@group-B3673A53AB6F-LeaderElection268] INFO  impl.LeaderElection (LeaderElection.java:askForVotes(178)) - 1ee6da7b-5867-4bad-ba0d-a2cfd13fd72a@group-B3673A53AB6F-LeaderElection268: begin an election at term 145 for -1: [f94c755f-9f95-40b5-85b9-5e712f3f34e7:192.168.157.203:45275, 1ee6da7b-5867-4bad-ba0d-a2cfd13fd72a:192.168.157.203:35892, 4281bf39-36db-462c-8bc9-3c86cb645344:192.168.157.203:42381], old=null
2019-10-16 11:35:56,238 [grpc-default-executor-3] INFO  impl.RaftServerImpl (RaftServerImpl.java:setRole(184)) - f94c755f-9f95-40b5-85b9-5e712f3f34e7@group-B3673A53AB6F: changes role from  FOLLOWER to FOLLOWER at term 145 for recognizeCandidate:1ee6da7b-5867-4bad-ba0d-a2cfd13fd72a
2019-10-16 11:35:56,238 [grpc-default-executor-5] INFO  impl.RaftServerImpl (RaftServerImpl.java:setRole(184)) - 4281bf39-36db-462c-8bc9-3c86cb645344@group-B3673A53AB6F: changes role from  FOLLOWER to FOLLOWER at term 145 for recognizeCandidate:1ee6da7b-5867-4bad-ba0d-a2cfd13fd72a
2019-10-16 11:35:56,238 [grpc-default-executor-3] INFO  impl.RoleInfo (RoleInfo.java:shutdownFollowerState(121)) - f94c755f-9f95-40b5-85b9-5e712f3f34e7: shutdown FollowerState
2019-10-16 11:35:56,238 [grpc-default-executor-5] INFO  impl.RoleInfo (RoleInfo.java:shutdownFollowerState(121)) - 4281bf39-36db-462c-8bc9-3c86cb645344: shutdown FollowerState
2019-10-16 11:35:56,238 [Thread-2163] INFO  impl.FollowerState (FollowerState.java:run(117)) - f94c755f-9f95-40b5-85b9-5e712f3f34e7@group-B3673A53AB6F-FollowerState was interrupted: java.lang.InterruptedException: sleep interrupted
2019-10-16 11:35:56,239 [Thread-2164] INFO  impl.FollowerState (FollowerState.java:run(117)) - 4281bf39-36db-462c-8bc9-3c86cb645344@group-B3673A53AB6F-FollowerState was interrupted: java.lang.InterruptedException: sleep interrupted
2019-10-16 11:35:56,238 [grpc-default-executor-3] INFO  impl.RoleInfo (RoleInfo.java:updateAndGet(143)) - f94c755f-9f95-40b5-85b9-5e712f3f34e7: start FollowerState
2019-10-16 11:35:56,239 [grpc-default-executor-5] INFO  impl.RoleInfo (RoleInfo.java:updateAndGet(143)) - 4281bf39-36db-462c-8bc9-3c86cb645344: start FollowerState
2019-10-16 11:35:56,253 [1ee6da7b-5867-4bad-ba0d-a2cfd13fd72a@group-B3673A53AB6F-LeaderElection268] INFO  impl.LeaderElection (LeaderElection.java:logAndReturn(56)) - 1ee6da7b-5867-4bad-ba0d-a2cfd13fd72a@group-B3673A53AB6F-LeaderElection268: Election REJECTED; received 2 response(s) [1ee6da7b-5867-4bad-ba0d-a2cfd13fd72a<-f94c755f-9f95-40b5-85b9-5e712f3f34e7#0:FAIL-t145, 1ee6da7b-5867-4bad-ba0d-a2cfd13fd72a<-4281bf39-36db-462c-8bc9-3c86cb645344#0:FAIL-t145] and 0 exception(s); 1ee6da7b-5867-4bad-ba0d-a2cfd13fd72a@group-B3673A53AB6F:t145, leader=null, voted=1ee6da7b-5867-4bad-ba0d-a2cfd13fd72a, raftlog=1ee6da7b-5867-4bad-ba0d-a2cfd13fd72a@group-B3673A53AB6F-SegmentedRaftLog:OPENED:c-1,f-1,i0, conf=-1: [f94c755f-9f95-40b5-85b9-5e712f3f34e7:192.168.157.203:45275, 1ee6da7b-5867-4bad-ba0d-a2cfd13fd72a:192.168.157.203:35892, 4281bf39-36db-462c-8bc9-3c86cb645344:192.168.157.203:42381], old=null
2019-10-16 11:35:56,254 [1ee6da7b-5867-4bad-ba0d-a2cfd13fd72a@group-B3673A53AB6F-LeaderElection268] INFO  impl.RaftServerImpl (RaftServerImpl.java:setRole(184)) - 1ee6da7b-5867-4bad-ba0d-a2cfd13fd72a@group-B3673A53AB6F: changes role from CANDIDATE to FOLLOWER at term 145 for DISCOVERED_A_NEW_TERM
2019-10-16 11:35:56,254 [1ee6da7b-5867-4bad-ba0d-a2cfd13fd72a@group-B3673A53AB6F-LeaderElection268] INFO  impl.RoleInfo (RoleInfo.java:shutdownLeaderElection(134)) - 1ee6da7b-5867-4bad-ba0d-a2cfd13fd72a: shutdown LeaderElection
2019-10-16 11:35:56,254 [1ee6da7b-5867-4bad-ba0d-a2cfd13fd72a@group-B3673A53AB6F-LeaderElection268] INFO  impl.RoleInfo (RoleInfo.java:updateAndGet(143)) - 1ee6da7b-5867-4bad-ba0d-a2cfd13fd72a: start FollowerState
2019-10-16 11:35:56,293 [Thread-2177] INFO  impl.FollowerState (FollowerState.java:run(108)) - 1ee6da7b-5867-4bad-ba0d-a2cfd13fd72a@group-B3673A53AB6F-FollowerState: change to CANDIDATE, lastRpcTime:39ms, electionTimeout:39ms
2019-10-16 11:35:56,293 [Thread-2177] INFO  impl.RoleInfo (RoleInfo.java:shutdownFollowerState(121)) - 1ee6da7b-5867-4bad-ba0d-a2cfd13fd72a: shutdown FollowerState
2019-10-16 11:35:56,293 [Thread-2177] INFO  impl.RaftServerImpl (RaftServerImpl.java:setRole(184)) - 1ee6da7b-5867-4bad-ba0d-a2cfd13fd72a@group-B3673A53AB6F: changes role from  FOLLOWER to CANDIDATE at term 145 for changeToCandidate
2019-10-16 11:35:56,294 [Thread-2177] INFO  impl.RoleInfo (RoleInfo.java:updateAndGet(143)) - 1ee6da7b-5867-4bad-ba0d-a2cfd13fd72a: start LeaderElection
2019-10-16 11:35:56,294 [Thread-2171] INFO  impl.FollowerState (FollowerState.java:run(108)) - a3132885-145f-4a8c-85f4-c10eb874732d@group-2077DD483DC7-FollowerState: change to CANDIDATE, lastRpcTime:88ms, electionTimeout:88ms
2019-10-16 11:35:56,294 [Thread-2171] INFO  impl.RoleInfo (RoleInfo.java:shutdownFollowerState(121)) - a3132885-145f-4a8c-85f4-c10eb874732d: shutdown FollowerState
2019-10-16 11:35:56,294 [Thread-2171] INFO  impl.RaftServerImpl (RaftServerImpl.java:setRole(184)) - a3132885-145f-4a8c-85f4-c10eb874732d@group-2077DD483DC7: changes role from  FOLLOWER to CANDIDATE at term 136 for changeToCandidate
2019-10-16 11:35:56,295 [Thread-2171] INFO  impl.RoleInfo (RoleInfo.java:updateAndGet(143)) - a3132885-145f-4a8c-85f4-c10eb874732d: start LeaderElection
2019-10-16 11:35:56,308 [1ee6da7b-5867-4bad-ba0d-a2cfd13fd72a@group-B3673A53AB6F-LeaderElection269] INFO  impl.LeaderElection (LeaderElection.java:askForVotes(178)) - 1ee6da7b-5867-4bad-ba0d-a2cfd13fd72a@group-B3673A53AB6F-LeaderElection269: begin an election at term 146 for -1: [f94c755f-9f95-40b5-85b9-5e712f3f34e7:192.168.157.203:45275, 1ee6da7b-5867-4bad-ba0d-a2cfd13fd72a:192.168.157.203:35892, 4281bf39-36db-462c-8bc9-3c86cb645344:192.168.157.203:42381], old=null
2019-10-16 11:35:56,308 [a3132885-145f-4a8c-85f4-c10eb874732d@group-2077DD483DC7-LeaderElection270] INFO  impl.LeaderElection (LeaderElection.java:askForVotes(178)) - a3132885-145f-4a8c-85f4-c10eb874732d@group-2077DD483DC7-LeaderElection270: begin an election at term 137 for -1: [163587bb-2c3b-4498-b576-18147cf38274:192.168.157.203:33208, a3132885-145f-4a8c-85f4-c10eb874732d:192.168.157.203:46766, 70b633f6-b230-4b9f-87f3-510da88f1e08:192.168.157.203:43163], old=null
2019-10-16 11:35:56,309 [a3132885-145f-4a8c-85f4-c10eb874732d@group-2077DD483DC7-LeaderElection270] INFO  impl.LeaderElection (LeaderElection.java:logAndReturn(56)) - a3132885-145f-4a8c-85f4-c10eb874732d@group-2077DD483DC7-LeaderElection270: Election TIMEOUT; received 0 response(s) [] and 0 exception(s); a3132885-145f-4a8c-85f4-c10eb874732d@group-2077DD483DC7:t137, leader=null, voted=a3132885-145f-4a8c-85f4-c10eb874732d, raftlog=a3132885-145f-4a8c-85f4-c10eb874732d@group-2077DD483DC7-SegmentedRaftLog:OPENED:c-1,f-1,i0, conf=-1: [163587bb-2c3b-4498-b576-18147cf38274:192.168.157.203:33208, a3132885-145f-4a8c-85f4-c10eb874732d:192.168.157.203:46766, 70b633f6-b230-4b9f-87f3-510da88f1e08:192.168.157.203:43163], old=null
2019-10-16 11:35:56,310 [grpc-default-executor-5] INFO  impl.RaftServerImpl (RaftServerImpl.java:setRole(184)) - 70b633f6-b230-4b9f-87f3-510da88f1e08@group-2077DD483DC7: changes role from  FOLLOWER to FOLLOWER at term 137 for recognizeCandidate:a3132885-145f-4a8c-85f4-c10eb874732d
2019-10-16 11:35:56,311 [grpc-default-executor-4] INFO  impl.RaftServerImpl (RaftServerImpl.java:setRole(184)) - 4281bf39-36db-462c-8bc9-3c86cb645344@group-B3673A53AB6F: changes role from  FOLLOWER to FOLLOWER at term 146 for recognizeCandidate:1ee6da7b-5867-4bad-ba0d-a2cfd13fd72a
2019-10-16 11:35:56,310 [grpc-default-executor-3] INFO  impl.RaftServerImpl (RaftServerImpl.java:setRole(184)) - f94c755f-9f95-40b5-85b9-5e712f3f34e7@group-B3673A53AB6F: changes role from  FOLLOWER to FOLLOWER at term 146 for recognizeCandidate:1ee6da7b-5867-4bad-ba0d-a2cfd13fd72a
2019-10-16 11:35:56,311 [grpc-default-executor-4] INFO  impl.RoleInfo (RoleInfo.java:shutdownFollowerState(121)) - 4281bf39-36db-462c-8bc9-3c86cb645344: shutdown FollowerState
2019-10-16 11:35:56,311 [grpc-default-executor-5] INFO  impl.RoleInfo (RoleInfo.java:shutdownFollowerState(121)) - 70b633f6-b230-4b9f-87f3-510da88f1e08: shutdown FollowerState
2019-10-16 11:35:56,311 [Thread-2176] INFO  impl.FollowerState (FollowerState.java:run(117)) - 4281bf39-36db-462c-8bc9-3c86cb645344@group-B3673A53AB6F-FollowerState was interrupted: java.lang.InterruptedException: sleep interrupted
2019-10-16 11:35:56,311 [grpc-default-executor-4] INFO  impl.RoleInfo (RoleInfo.java:updateAndGet(143)) - 4281bf39-36db-462c-8bc9-3c86cb645344: start FollowerState
2019-10-16 11:35:56,311 [grpc-default-executor-0] INFO  impl.RaftServerImpl (RaftServerImpl.java:setRole(184)) - 163587bb-2c3b-4498-b576-18147cf38274@group-2077DD483DC7: changes role from  FOLLOWER to FOLLOWER at term 137 for recognizeCandidate:a3132885-145f-4a8c-85f4-c10eb874732d
2019-10-16 11:35:56,312 [grpc-default-executor-0] INFO  impl.RoleInfo (RoleInfo.java:shutdownFollowerState(121)) - 163587bb-2c3b-4498-b576-18147cf38274: shutdown FollowerState
2019-10-16 11:35:56,311 [grpc-default-executor-3] INFO  impl.RoleInfo (RoleInfo.java:shutdownFollowerState(121)) - f94c755f-9f95-40b5-85b9-5e712f3f34e7: shutdown FollowerState
2019-10-16 11:35:56,312 [Thread-2169] INFO  impl.FollowerState (FollowerState.java:run(117)) - 163587bb-2c3b-4498-b576-18147cf38274@group-2077DD483DC7-FollowerState was interrupted: java.lang.InterruptedException: sleep interrupted
2019-10-16 11:35:56,312 [grpc-default-executor-0] INFO  impl.RoleInfo (RoleInfo.java:updateAndGet(143)) - 163587bb-2c3b-4498-b576-18147cf38274: start FollowerState
2019-10-16 11:35:56,311 [Thread-2170] INFO  impl.FollowerState (FollowerState.java:run(117)) - 70b633f6-b230-4b9f-87f3-510da88f1e08@group-2077DD483DC7-FollowerState was interrupted: java.lang.InterruptedException: sleep interrupted
2019-10-16 11:35:56,311 [grpc-default-executor-5] INFO  impl.RoleInfo (RoleInfo.java:updateAndGet(143)) - 70b633f6-b230-4b9f-87f3-510da88f1e08: start FollowerState
2019-10-16 11:35:56,312 [Thread-2175] INFO  impl.FollowerState (FollowerState.java:run(117)) - f94c755f-9f95-40b5-85b9-5e712f3f34e7@group-B3673A53AB6F-FollowerState was interrupted: java.lang.InterruptedException: sleep interrupted
2019-10-16 11:35:56,312 [grpc-default-executor-3] INFO  impl.RoleInfo (RoleInfo.java:updateAndGet(143)) - f94c755f-9f95-40b5-85b9-5e712f3f34e7: start FollowerState
2019-10-16 11:35:56,327 [a3132885-145f-4a8c-85f4-c10eb874732d@group-2077DD483DC7-LeaderElection270] INFO  impl.LeaderElection (LeaderElection.java:askForVotes(178)) - a3132885-145f-4a8c-85f4-c10eb874732d@group-2077DD483DC7-LeaderElection270: begin an election at term 138 for -1: [163587bb-2c3b-4498-b576-18147cf38274:192.168.157.203:33208, a3132885-145f-4a8c-85f4-c10eb874732d:192.168.157.203:46766, 70b633f6-b230-4b9f-87f3-510da88f1e08:192.168.157.203:43163], old=null
2019-10-16 11:35:56,328 [1ee6da7b-5867-4bad-ba0d-a2cfd13fd72a@group-B3673A53AB6F-LeaderElection269] INFO  impl.LeaderElection (LeaderElection.java:logAndReturn(56)) - 1ee6da7b-5867-4bad-ba0d-a2cfd13fd72a@group-B3673A53AB6F-LeaderElection269: Election REJECTED; received 2 response(s) [1ee6da7b-5867-4bad-ba0d-a2cfd13fd72a<-f94c755f-9f95-40b5-85b9-5e712f3f34e7#0:FAIL-t146, 1ee6da7b-5867-4bad-ba0d-a2cfd13fd72a<-4281bf39-36db-462c-8bc9-3c86cb645344#0:FAIL-t146] and 0 exception(s); 1ee6da7b-5867-4bad-ba0d-a2cfd13fd72a@group-B3673A53AB6F:t146, leader=null, voted=1ee6da7b-5867-4bad-ba0d-a2cfd13fd72a, raftlog=1ee6da7b-5867-4bad-ba0d-a2cfd13fd72a@group-B3673A53AB6F-SegmentedRaftLog:OPENED:c-1,f-1,i0, conf=-1: [f94c755f-9f95-40b5-85b9-5e712f3f34e7:192.168.157.203:45275, 1ee6da7b-5867-4bad-ba0d-a2cfd13fd72a:192.168.157.203:35892, 4281bf39-36db-462c-8bc9-3c86cb645344:192.168.157.203:42381], old=null
2019-10-16 11:35:56,329 [1ee6da7b-5867-4bad-ba0d-a2cfd13fd72a@group-B3673A53AB6F-LeaderElection269] INFO  impl.RaftServerImpl (RaftServerImpl.java:setRole(184)) - 1ee6da7b-5867-4bad-ba0d-a2cfd13fd72a@group-B3673A53AB6F: changes role from CANDIDATE to FOLLOWER at term 146 for DISCOVERED_A_NEW_TERM
2019-10-16 11:35:56,329 [1ee6da7b-5867-4bad-ba0d-a2cfd13fd72a@group-B3673A53AB6F-LeaderElection269] INFO  impl.RoleInfo (RoleInfo.java:shutdownLeaderElection(134)) - 1ee6da7b-5867-4bad-ba0d-a2cfd13fd72a: shutdown LeaderElection
2019-10-16 11:35:56,329 [1ee6da7b-5867-4bad-ba0d-a2cfd13fd72a@group-B3673A53AB6F-LeaderElection269] INFO  impl.RoleInfo (RoleInfo.java:updateAndGet(143)) - 1ee6da7b-5867-4bad-ba0d-a2cfd13fd72a: start FollowerState
2019-10-16 11:35:56,330 [grpc-default-executor-5] INFO  impl.RaftServerImpl (RaftServerImpl.java:setRole(184)) - 163587bb-2c3b-4498-b576-18147cf38274@group-2077DD483DC7: changes role from  FOLLOWER to FOLLOWER at term 138 for recognizeCandidate:a3132885-145f-4a8c-85f4-c10eb874732d
2019-10-16 11:35:56,330 [grpc-default-executor-5] INFO  impl.RoleInfo (RoleInfo.java:shutdownFollowerState(121)) - 163587bb-2c3b-4498-b576-18147cf38274: shutdown FollowerState
2019-10-16 11:35:56,330 [grpc-default-executor-5] INFO  impl.RoleInfo (RoleInfo.java:updateAndGet(143)) - 163587bb-2c3b-4498-b576-18147cf38274: start FollowerState
2019-10-16 11:35:56,331 [Thread-2186] INFO  impl.FollowerState (FollowerState.java:run(117)) - 163587bb-2c3b-4498-b576-18147cf38274@group-2077DD483DC7-FollowerState was interrupted: java.lang.InterruptedException: sleep interrupted
2019-10-16 11:35:56,331 [grpc-default-executor-0] INFO  impl.RaftServerImpl (RaftServerImpl.java:setRole(184)) - 70b633f6-b230-4b9f-87f3-510da88f1e08@group-2077DD483DC7: changes role from  FOLLOWER to FOLLOWER at term 138 for recognizeCandidate:a3132885-145f-4a8c-85f4-c10eb874732d
2019-10-16 11:35:56,331 [grpc-default-executor-0] INFO  impl.RoleInfo (RoleInfo.java:shutdownFollowerState(121)) - 70b633f6-b230-4b9f-87f3-510da88f1e08: shutdown FollowerState
2019-10-16 11:35:56,331 [grpc-default-executor-0] INFO  impl.RoleInfo (RoleInfo.java:updateAndGet(143)) - 70b633f6-b230-4b9f-87f3-510da88f1e08: start FollowerState
2019-10-16 11:35:56,331 [Thread-2185] INFO  impl.FollowerState (FollowerState.java:run(117)) - 70b633f6-b230-4b9f-87f3-510da88f1e08@group-2077DD483DC7-FollowerState was interrupted: java.lang.InterruptedException: sleep interrupted
2019-10-16 11:35:56,346 [a3132885-145f-4a8c-85f4-c10eb874732d@group-2077DD483DC7-LeaderElection270] INFO  impl.LeaderElection (LeaderElection.java:logAndReturn(56)) - a3132885-145f-4a8c-85f4-c10eb874732d@group-2077DD483DC7-LeaderElection270: Election REJECTED; received 2 response(s) [a3132885-145f-4a8c-85f4-c10eb874732d<-163587bb-2c3b-4498-b576-18147cf38274#0:FAIL-t138, a3132885-145f-4a8c-85f4-c10eb874732d<-70b633f6-b230-4b9f-87f3-510da88f1e08#0:FAIL-t138] and 0 exception(s); a3132885-145f-4a8c-85f4-c10eb874732d@group-2077DD483DC7:t138, leader=null, voted=a3132885-145f-4a8c-85f4-c10eb874732d, raftlog=a3132885-145f-4a8c-85f4-c10eb874732d@group-2077DD483DC7-SegmentedRaftLog:OPENED:c-1,f-1,i0, conf=-1: [163587bb-2c3b-4498-b576-18147cf38274:192.168.157.203:33208, a3132885-145f-4a8c-85f4-c10eb874732d:192.168.157.203:46766, 70b633f6-b230-4b9f-87f3-510da88f1e08:192.168.157.203:43163], old=null
2019-10-16 11:35:56,346 [a3132885-145f-4a8c-85f4-c10eb874732d@group-2077DD483DC7-LeaderElection270] INFO  impl.RaftServerImpl (RaftServerImpl.java:setRole(184)) - a3132885-145f-4a8c-85f4-c10eb874732d@group-2077DD483DC7: changes role from CANDIDATE to FOLLOWER at term 138 for DISCOVERED_A_NEW_TERM
2019-10-16 11:35:56,347 [a3132885-145f-4a8c-85f4-c10eb874732d@group-2077DD483DC7-LeaderElection270] INFO  impl.RoleInfo (RoleInfo.java:shutdownLeaderElection(134)) - a3132885-145f-4a8c-85f4-c10eb874732d: shutdown LeaderElection
2019-10-16 11:35:56,347 [a3132885-145f-4a8c-85f4-c10eb874732d@group-2077DD483DC7-LeaderElection270] INFO  impl.RoleInfo (RoleInfo.java:updateAndGet(143)) - a3132885-145f-4a8c-85f4-c10eb874732d: start FollowerState
2019-10-16 11:35:56,389 [Thread-2190] INFO  impl.FollowerState (FollowerState.java:run(108)) - 1ee6da7b-5867-4bad-ba0d-a2cfd13fd72a@group-B3673A53AB6F-FollowerState: change to CANDIDATE, lastRpcTime:60ms, electionTimeout:60ms
2019-10-16 11:35:56,390 [Thread-2190] INFO  impl.RoleInfo (RoleInfo.java:shutdownFollowerState(121)) - 1ee6da7b-5867-4bad-ba0d-a2cfd13fd72a: shutdown FollowerState
2019-10-16 11:35:56,390 [Thread-2190] INFO  impl.RaftServerImpl (RaftServerImpl.java:setRole(184)) - 1ee6da7b-5867-4bad-ba0d-a2cfd13fd72a@group-B3673A53AB6F: changes role from  FOLLOWER to CANDIDATE at term 146 for changeToCandidate
2019-10-16 11:35:56,390 [Thread-2190] INFO  impl.RoleInfo (RoleInfo.java:updateAndGet(143)) - 1ee6da7b-5867-4bad-ba0d-a2cfd13fd72a: start LeaderElection
2019-10-16 11:35:56,404 [1ee6da7b-5867-4bad-ba0d-a2cfd13fd72a@group-B3673A53AB6F-LeaderElection271] INFO  impl.LeaderElection (LeaderElection.java:askForVotes(178)) - 1ee6da7b-5867-4bad-ba0d-a2cfd13fd72a@group-B3673A53AB6F-LeaderElection271: begin an election at term 147 for -1: [f94c755f-9f95-40b5-85b9-5e712f3f34e7:192.168.157.203:45275, 1ee6da7b-5867-4bad-ba0d-a2cfd13fd72a:192.168.157.203:35892, 4281bf39-36db-462c-8bc9-3c86cb645344:192.168.157.203:42381], old=null
2019-10-16 11:35:56,406 [grpc-default-executor-0] INFO  impl.RaftServerImpl (RaftServerImpl.java:setRole(184)) - 4281bf39-36db-462c-8bc9-3c86cb645344@group-B3673A53AB6F: changes role from  FOLLOWER to FOLLOWER at term 147 for recognizeCandidate:1ee6da7b-5867-4bad-ba0d-a2cfd13fd72a
2019-10-16 11:35:56,407 [grpc-default-executor-0] INFO  impl.RoleInfo (RoleInfo.java:shutdownFollowerState(121)) - 4281bf39-36db-462c-8bc9-3c86cb645344: shutdown FollowerState
2019-10-16 11:35:56,406 [grpc-default-executor-5] INFO  impl.RaftServerImpl (RaftServerImpl.java:setRole(184)) - f94c755f-9f95-40b5-85b9-5e712f3f34e7@group-B3673A53AB6F: changes role from  FOLLOWER to FOLLOWER at term 147 for recognizeCandidate:1ee6da7b-5867-4bad-ba0d-a2cfd13fd72a
2019-10-16 11:35:56,407 [Thread-2184] INFO  impl.FollowerState (FollowerState.java:run(117)) - 4281bf39-36db-462c-8bc9-3c86cb645344@group-B3673A53AB6F-FollowerState was interrupted: java.lang.InterruptedException: sleep interrupted
2019-10-16 11:35:56,407 [grpc-default-executor-0] INFO  impl.RoleInfo (RoleInfo.java:updateAndGet(143)) - 4281bf39-36db-462c-8bc9-3c86cb645344: start FollowerState
2019-10-16 11:35:56,407 [grpc-default-executor-5] INFO  impl.RoleInfo (RoleInfo.java:shutdownFollowerState(121)) - f94c755f-9f95-40b5-85b9-5e712f3f34e7: shutdown FollowerState
2019-10-16 11:35:56,407 [grpc-default-executor-5] INFO  impl.RoleInfo (RoleInfo.java:updateAndGet(143)) - f94c755f-9f95-40b5-85b9-5e712f3f34e7: start FollowerState
2019-10-16 11:35:56,407 [Thread-2187] INFO  impl.FollowerState (FollowerState.java:run(117)) - f94c755f-9f95-40b5-85b9-5e712f3f34e7@group-B3673A53AB6F-FollowerState was interrupted: java.lang.InterruptedException: sleep interrupted
2019-10-16 11:35:56,421 [1ee6da7b-5867-4bad-ba0d-a2cfd13fd72a@group-B3673A53AB6F-LeaderElection271] INFO  impl.LeaderElection (LeaderElection.java:logAndReturn(56)) - 1ee6da7b-5867-4bad-ba0d-a2cfd13fd72a@group-B3673A53AB6F-LeaderElection271: Election REJECTED; received 2 response(s) [1ee6da7b-5867-4bad-ba0d-a2cfd13fd72a<-f94c755f-9f95-40b5-85b9-5e712f3f34e7#0:FAIL-t147, 1ee6da7b-5867-4bad-ba0d-a2cfd13fd72a<-4281bf39-36db-462c-8bc9-3c86cb645344#0:FAIL-t147] and 0 exception(s); 1ee6da7b-5867-4bad-ba0d-a2cfd13fd72a@group-B3673A53AB6F:t147, leader=null, voted=1ee6da7b-5867-4bad-ba0d-a2cfd13fd72a, raftlog=1ee6da7b-5867-4bad-ba0d-a2cfd13fd72a@group-B3673A53AB6F-SegmentedRaftLog:OPENED:c-1,f-1,i0, conf=-1: [f94c755f-9f95-40b5-85b9-5e712f3f34e7:192.168.157.203:45275, 1ee6da7b-5867-4bad-ba0d-a2cfd13fd72a:192.168.157.203:35892, 4281bf39-36db-462c-8bc9-3c86cb645344:192.168.157.203:42381], old=null
2019-10-16 11:35:56,422 [1ee6da7b-5867-4bad-ba0d-a2cfd13fd72a@group-B3673A53AB6F-LeaderElection271] INFO  impl.RaftServerImpl (RaftServerImpl.java:setRole(184)) - 1ee6da7b-5867-4bad-ba0d-a2cfd13fd72a@group-B3673A53AB6F: changes role from CANDIDATE to FOLLOWER at term 147 for DISCOVERED_A_NEW_TERM
2019-10-16 11:35:56,422 [1ee6da7b-5867-4bad-ba0d-a2cfd13fd72a@group-B3673A53AB6F-LeaderElection271] INFO  impl.RoleInfo (RoleInfo.java:shutdownLeaderElection(134)) - 1ee6da7b-5867-4bad-ba0d-a2cfd13fd72a: shutdown LeaderElection
2019-10-16 11:35:56,422 [1ee6da7b-5867-4bad-ba0d-a2cfd13fd72a@group-B3673A53AB6F-LeaderElection271] INFO  impl.RoleInfo (RoleInfo.java:updateAndGet(143)) - 1ee6da7b-5867-4bad-ba0d-a2cfd13fd72a: start FollowerState
2019-10-16 11:35:56,537 [Thread-2193] INFO  impl.FollowerState (FollowerState.java:run(108)) - a3132885-145f-4a8c-85f4-c10eb874732d@group-2077DD483DC7-FollowerState: change to CANDIDATE, lastRpcTime:190ms, electionTimeout:190ms
2019-10-16 11:35:56,537 [Thread-2193] INFO  impl.RoleInfo (RoleInfo.java:shutdownFollowerState(121)) - a3132885-145f-4a8c-85f4-c10eb874732d: shutdown FollowerState
2019-10-16 11:35:56,538 [Thread-2193] INFO  impl.RaftServerImpl (RaftServerImpl.java:setRole(184)) - a3132885-145f-4a8c-85f4-c10eb874732d@group-2077DD483DC7: changes role from  FOLLOWER to CANDIDATE at term 138 for changeToCandidate
2019-10-16 11:35:56,538 [Thread-2193] INFO  impl.RoleInfo (RoleInfo.java:updateAndGet(143)) - a3132885-145f-4a8c-85f4-c10eb874732d: start LeaderElection
2019-10-16 11:35:56,552 [a3132885-145f-4a8c-85f4-c10eb874732d@group-2077DD483DC7-LeaderElection272] INFO  impl.LeaderElection (LeaderElection.java:askForVotes(178)) - a3132885-145f-4a8c-85f4-c10eb874732d@group-2077DD483DC7-LeaderElection272: begin an election at term 139 for -1: [163587bb-2c3b-4498-b576-18147cf38274:192.168.157.203:33208, a3132885-145f-4a8c-85f4-c10eb874732d:192.168.157.203:46766, 70b633f6-b230-4b9f-87f3-510da88f1e08:192.168.157.203:43163], old=null
2019-10-16 11:35:56,555 [grpc-default-executor-5] INFO  impl.RaftServerImpl (RaftServerImpl.java:setRole(184)) - 163587bb-2c3b-4498-b576-18147cf38274@group-2077DD483DC7: changes role from  FOLLOWER to FOLLOWER at term 139 for recognizeCandidate:a3132885-145f-4a8c-85f4-c10eb874732d
2019-10-16 11:35:56,555 [grpc-default-executor-0] INFO  impl.RaftServerImpl (RaftServerImpl.java:setRole(184)) - 70b633f6-b230-4b9f-87f3-510da88f1e08@group-2077DD483DC7: changes role from  FOLLOWER to FOLLOWER at term 139 for recognizeCandidate:a3132885-145f-4a8c-85f4-c10eb874732d
2019-10-16 11:35:56,555 [grpc-default-executor-0] INFO  impl.RoleInfo (RoleInfo.java:shutdownFollowerState(121)) - 70b633f6-b230-4b9f-87f3-510da88f1e08: shutdown FollowerState
2019-10-16 11:35:56,555 [grpc-default-executor-5] INFO  impl.RoleInfo (RoleInfo.java:shutdownFollowerState(121)) - 163587bb-2c3b-4498-b576-18147cf38274: shutdown FollowerState
2019-10-16 11:35:56,556 [grpc-default-executor-0] INFO  impl.RoleInfo (RoleInfo.java:updateAndGet(143)) - 70b633f6-b230-4b9f-87f3-510da88f1e08: start FollowerState
2019-10-16 11:35:56,556 [Thread-2192] INFO  impl.FollowerState (FollowerState.java:run(117)) - 70b633f6-b230-4b9f-87f3-510da88f1e08@group-2077DD483DC7-FollowerState was interrupted: java.lang.InterruptedException: sleep interrupted
2019-10-16 11:35:56,556 [grpc-default-executor-5] INFO  impl.RoleInfo (RoleInfo.java:updateAndGet(143)) - 163587bb-2c3b-4498-b576-18147cf38274: start FollowerState
2019-10-16 11:35:56,556 [Thread-2191] INFO  impl.FollowerState (FollowerState.java:run(117)) - 163587bb-2c3b-4498-b576-18147cf38274@group-2077DD483DC7-FollowerState was interrupted: java.lang.InterruptedException: sleep interrupted
2019-10-16 11:35:56,568 [a3132885-145f-4a8c-85f4-c10eb874732d@group-2077DD483DC7-LeaderElection272] INFO  impl.LeaderElection (LeaderElection.java:logAndReturn(56)) - a3132885-145f-4a8c-85f4-c10eb874732d@group-2077DD483DC7-LeaderElection272: Election REJECTED; received 2 response(s) [a3132885-145f-4a8c-85f4-c10eb874732d<-163587bb-2c3b-4498-b576-18147cf38274#0:FAIL-t139, a3132885-145f-4a8c-85f4-c10eb874732d<-70b633f6-b230-4b9f-87f3-510da88f1e08#0:FAIL-t139] and 0 exception(s); a3132885-145f-4a8c-85f4-c10eb874732d@group-2077DD483DC7:t139, leader=null, voted=a3132885-145f-4a8c-85f4-c10eb874732d, raftlog=a3132885-145f-4a8c-85f4-c10eb874732d@group-2077DD483DC7-SegmentedRaftLog:OPENED:c-1,f-1,i0, conf=-1: [163587bb-2c3b-4498-b576-18147cf38274:192.168.157.203:33208, a3132885-145f-4a8c-85f4-c10eb874732d:192.168.157.203:46766, 70b633f6-b230-4b9f-87f3-510da88f1e08:192.168.157.203:43163], old=null
2019-10-16 11:35:56,568 [a3132885-145f-4a8c-85f4-c10eb874732d@group-2077DD483DC7-LeaderElection272] INFO  impl.RaftServerImpl (RaftServerImpl.java:setRole(184)) - a3132885-145f-4a8c-85f4-c10eb874732d@group-2077DD483DC7: changes role from CANDIDATE to FOLLOWER at term 139 for DISCOVERED_A_NEW_TERM
2019-10-16 11:35:56,568 [a3132885-145f-4a8c-85f4-c10eb874732d@group-2077DD483DC7-LeaderElection272] INFO  impl.RoleInfo (RoleInfo.java:shutdownLeaderElection(134)) - a3132885-145f-4a8c-85f4-c10eb874732d: shutdown LeaderElection
2019-10-16 11:35:56,569 [a3132885-145f-4a8c-85f4-c10eb874732d@group-2077DD483DC7-LeaderElection272] INFO  impl.RoleInfo (RoleInfo.java:updateAndGet(143)) - a3132885-145f-4a8c-85f4-c10eb874732d: start FollowerState
2019-10-16 11:35:56,577 [Thread-2201] INFO  impl.FollowerState (FollowerState.java:run(108)) - 1ee6da7b-5867-4bad-ba0d-a2cfd13fd72a@group-B3673A53AB6F-FollowerState: change to CANDIDATE, lastRpcTime:155ms, electionTimeout:155ms
2019-10-16 11:35:56,577 [Thread-2201] INFO  impl.RoleInfo (RoleInfo.java:shutdownFollowerState(121)) - 1ee6da7b-5867-4bad-ba0d-a2cfd13fd72a: shutdown FollowerState
2019-10-16 11:35:56,577 [Thread-2201] INFO  impl.RaftServerImpl (RaftServerImpl.java:setRole(184)) - 1ee6da7b-5867-4bad-ba0d-a2cfd13fd72a@group-B3673A53AB6F: changes role from  FOLLOWER to CANDIDATE at term 147 for changeToCandidate
2019-10-16 11:35:56,578 [Thread-2201] INFO  impl.RoleInfo (RoleInfo.java:updateAndGet(143)) - 1ee6da7b-5867-4bad-ba0d-a2cfd13fd72a: start LeaderElection
2019-10-16 11:35:56,607 [1ee6da7b-5867-4bad-ba0d-a2cfd13fd72a@group-B3673A53AB6F-LeaderElection273] INFO  impl.LeaderElection (LeaderElection.java:askForVotes(178)) - 1ee6da7b-5867-4bad-ba0d-a2cfd13fd72a@group-B3673A53AB6F-LeaderElection273: begin an election at term 148 for -1: [f94c755f-9f95-40b5-85b9-5e712f3f34e7:192.168.157.203:45275, 1ee6da7b-5867-4bad-ba0d-a2cfd13fd72a:192.168.157.203:35892, 4281bf39-36db-462c-8bc9-3c86cb645344:192.168.157.203:42381], old=null
2019-10-16 11:35:56,610 [grpc-default-executor-5] INFO  impl.RaftServerImpl (RaftServerImpl.java:setRole(184)) - f94c755f-9f95-40b5-85b9-5e712f3f34e7@group-B3673A53AB6F: changes role from  FOLLOWER to FOLLOWER at term 148 for recognizeCandidate:1ee6da7b-5867-4bad-ba0d-a2cfd13fd72a
2019-10-16 11:35:56,610 [grpc-default-executor-5] INFO  impl.RoleInfo (RoleInfo.java:shutdownFollowerState(121)) - f94c755f-9f95-40b5-85b9-5e712f3f34e7: shutdown FollowerState
2019-10-16 11:35:56,610 [grpc-default-executor-0] INFO  impl.RaftServerImpl (RaftServerImpl.java:setRole(184)) - 4281bf39-36db-462c-8bc9-3c86cb645344@group-B3673A53AB6F: changes role from  FOLLOWER to FOLLOWER at term 148 for recognizeCandidate:1ee6da7b-5867-4bad-ba0d-a2cfd13fd72a
2019-10-16 11:35:56,610 [Thread-2199] INFO  impl.FollowerState (FollowerState.java:run(117)) - f94c755f-9f95-40b5-85b9-5e712f3f34e7@group-B3673A53AB6F-FollowerState was interrupted: java.lang.InterruptedException: sleep interrupted
2019-10-16 11:35:56,610 [grpc-default-executor-5] INFO  impl.RoleInfo (RoleInfo.java:updateAndGet(143)) - f94c755f-9f95-40b5-85b9-5e712f3f34e7: start FollowerState
2019-10-16 11:35:56,610 [grpc-default-executor-0] INFO  impl.RoleInfo (RoleInfo.java:shutdownFollowerState(121)) - 4281bf39-36db-462c-8bc9-3c86cb645344: shutdown FollowerState
2019-10-16 11:35:56,611 [grpc-default-executor-0] INFO  impl.RoleInfo (RoleInfo.java:updateAndGet(143)) - 4281bf39-36db-462c-8bc9-3c86cb645344: start FollowerState
2019-10-16 11:35:56,611 [Thread-2198] INFO  impl.FollowerState (FollowerState.java:run(117)) - 4281bf39-36db-462c-8bc9-3c86cb645344@group-B3673A53AB6F-FollowerState was interrupted: java.lang.InterruptedException: sleep interrupted
2019-10-16 11:35:56,625 [1ee6da7b-5867-4bad-ba0d-a2cfd13fd72a@group-B3673A53AB6F-LeaderElection273] INFO  impl.LeaderElection (LeaderElection.java:logAndReturn(56)) - 1ee6da7b-5867-4bad-ba0d-a2cfd13fd72a@group-B3673A53AB6F-LeaderElection273: Election REJECTED; received 2 response(s) [1ee6da7b-5867-4bad-ba0d-a2cfd13fd72a<-f94c755f-9f95-40b5-85b9-5e712f3f34e7#0:FAIL-t148, 1ee6da7b-5867-4bad-ba0d-a2cfd13fd72a<-4281bf39-36db-462c-8bc9-3c86cb645344#0:FAIL-t148] and 0 exception(s); 1ee6da7b-5867-4bad-ba0d-a2cfd13fd72a@group-B3673A53AB6F:t148, leader=null, voted=1ee6da7b-5867-4bad-ba0d-a2cfd13fd72a, raftlog=1ee6da7b-5867-4bad-ba0d-a2cfd13fd72a@group-B3673A53AB6F-SegmentedRaftLog:OPENED:c-1,f-1,i0, conf=-1: [f94c755f-9f95-40b5-85b9-5e712f3f34e7:192.168.157.203:45275, 1ee6da7b-5867-4bad-ba0d-a2cfd13fd72a:192.168.157.203:35892, 4281bf39-36db-462c-8bc9-3c86cb645344:192.168.157.203:42381], old=null
2019-10-16 11:35:56,625 [1ee6da7b-5867-4bad-ba0d-a2cfd13fd72a@group-B3673A53AB6F-LeaderElection273] INFO  impl.RaftServerImpl (RaftServerImpl.java:setRole(184)) - 1ee6da7b-5867-4bad-ba0d-a2cfd13fd72a@group-B3673A53AB6F: changes role from CANDIDATE to FOLLOWER at term 148 for DISCOVERED_A_NEW_TERM
2019-10-16 11:35:56,625 [1ee6da7b-5867-4bad-ba0d-a2cfd13fd72a@group-B3673A53AB6F-LeaderElection273] INFO  impl.RoleInfo (RoleInfo.java:shutdownLeaderElection(134)) - 1ee6da7b-5867-4bad-ba0d-a2cfd13fd72a: shutdown LeaderElection
2019-10-16 11:35:56,625 [1ee6da7b-5867-4bad-ba0d-a2cfd13fd72a@group-B3673A53AB6F-LeaderElection273] INFO  impl.RoleInfo (RoleInfo.java:updateAndGet(143)) - 1ee6da7b-5867-4bad-ba0d-a2cfd13fd72a: start FollowerState
2019-10-16 11:35:56,653 [Thread-2207] INFO  impl.FollowerState (FollowerState.java:run(108)) - a3132885-145f-4a8c-85f4-c10eb874732d@group-2077DD483DC7-FollowerState: change to CANDIDATE, lastRpcTime:84ms, electionTimeout:84ms
2019-10-16 11:35:56,653 [Thread-2207] INFO  impl.RoleInfo (RoleInfo.java:shutdownFollowerState(121)) - a3132885-145f-4a8c-85f4-c10eb874732d: shutdown FollowerState
2019-10-16 11:35:56,653 [Thread-2207] INFO  impl.RaftServerImpl (RaftServerImpl.java:setRole(184)) - a3132885-145f-4a8c-85f4-c10eb874732d@group-2077DD483DC7: changes role from  FOLLOWER to CANDIDATE at term 139 for changeToCandidate
2019-10-16 11:35:56,653 [Thread-2207] INFO  impl.RoleInfo (RoleInfo.java:updateAndGet(143)) - a3132885-145f-4a8c-85f4-c10eb874732d: start LeaderElection
2019-10-16 11:35:56,667 [a3132885-145f-4a8c-85f4-c10eb874732d@group-2077DD483DC7-LeaderElection274] INFO  impl.LeaderElection (LeaderElection.java:askForVotes(178)) - a3132885-145f-4a8c-85f4-c10eb874732d@group-2077DD483DC7-LeaderElection274: begin an election at term 140 for -1: [163587bb-2c3b-4498-b576-18147cf38274:192.168.157.203:33208, a3132885-145f-4a8c-85f4-c10eb874732d:192.168.157.203:46766, 70b633f6-b230-4b9f-87f3-510da88f1e08:192.168.157.203:43163], old=null
2019-10-16 11:35:56,669 [grpc-default-executor-5] INFO  impl.RaftServerImpl (RaftServerImpl.java:setRole(184)) - 163587bb-2c3b-4498-b576-18147cf38274@group-2077DD483DC7: changes role from  FOLLOWER to FOLLOWER at term 140 for recognizeCandidate:a3132885-145f-4a8c-85f4-c10eb874732d
2019-10-16 11:35:56,669 [grpc-default-executor-0] INFO  impl.RaftServerImpl (RaftServerImpl.java:setRole(184)) - 70b633f6-b230-4b9f-87f3-510da88f1e08@group-2077DD483DC7: changes role from  FOLLOWER to FOLLOWER at term 140 for recognizeCandidate:a3132885-145f-4a8c-85f4-c10eb874732d
2019-10-16 11:35:56,669 [grpc-default-executor-0] INFO  impl.RoleInfo (RoleInfo.java:shutdownFollowerState(121)) - 70b633f6-b230-4b9f-87f3-510da88f1e08: shutdown FollowerState
2019-10-16 11:35:56,669 [grpc-default-executor-5] INFO  impl.RoleInfo (RoleInfo.java:shutdownFollowerState(121)) - 163587bb-2c3b-4498-b576-18147cf38274: shutdown FollowerState
2019-10-16 11:35:56,669 [Thread-2205] INFO  impl.FollowerState (FollowerState.java:run(117)) - 70b633f6-b230-4b9f-87f3-510da88f1e08@group-2077DD483DC7-FollowerState was interrupted: java.lang.InterruptedException: sleep interrupted
2019-10-16 11:35:56,669 [grpc-default-executor-0] INFO  impl.RoleInfo (RoleInfo.java:updateAndGet(143)) - 70b633f6-b230-4b9f-87f3-510da88f1e08: start FollowerState
2019-10-16 11:35:56,670 [Thread-2206] INFO  impl.FollowerState (FollowerState.java:run(117)) - 163587bb-2c3b-4498-b576-18147cf38274@group-2077DD483DC7-FollowerState was interrupted: java.lang.InterruptedException: sleep interrupted
2019-10-16 11:35:56,669 [grpc-default-executor-5] INFO  impl.RoleInfo (RoleInfo.java:updateAndGet(143)) - 163587bb-2c3b-4498-b576-18147cf38274: start FollowerState
2019-10-16 11:35:56,684 [a3132885-145f-4a8c-85f4-c10eb874732d@group-2077DD483DC7-LeaderElection274] INFO  impl.LeaderElection (LeaderElection.java:logAndReturn(56)) - a3132885-145f-4a8c-85f4-c10eb874732d@group-2077DD483DC7-LeaderElection274: Election REJECTED; received 2 response(s) [a3132885-145f-4a8c-85f4-c10eb874732d<-163587bb-2c3b-4498-b576-18147cf38274#0:FAIL-t140, a3132885-145f-4a8c-85f4-c10eb874732d<-70b633f6-b230-4b9f-87f3-510da88f1e08#0:FAIL-t140] and 0 exception(s); a3132885-145f-4a8c-85f4-c10eb874732d@group-2077DD483DC7:t140, leader=null, voted=a3132885-145f-4a8c-85f4-c10eb874732d, raftlog=a3132885-145f-4a8c-85f4-c10eb874732d@group-2077DD483DC7-SegmentedRaftLog:OPENED:c-1,f-1,i0, conf=-1: [163587bb-2c3b-4498-b576-18147cf38274:192.168.157.203:33208, a3132885-145f-4a8c-85f4-c10eb874732d:192.168.157.203:46766, 70b633f6-b230-4b9f-87f3-510da88f1e08:192.168.157.203:43163], old=null
2019-10-16 11:35:56,684 [a3132885-145f-4a8c-85f4-c10eb874732d@group-2077DD483DC7-LeaderElection274] INFO  impl.RaftServerImpl (RaftServerImpl.java:setRole(184)) - a3132885-145f-4a8c-85f4-c10eb874732d@group-2077DD483DC7: changes role from CANDIDATE to FOLLOWER at term 140 for DISCOVERED_A_NEW_TERM
2019-10-16 11:35:56,684 [a3132885-145f-4a8c-85f4-c10eb874732d@group-2077DD483DC7-LeaderElection274] INFO  impl.RoleInfo (RoleInfo.java:shutdownLeaderElection(134)) - a3132885-145f-4a8c-85f4-c10eb874732d: shutdown LeaderElection
2019-10-16 11:35:56,684 [a3132885-145f-4a8c-85f4-c10eb874732d@group-2077DD483DC7-LeaderElection274] INFO  impl.RoleInfo (RoleInfo.java:updateAndGet(143)) - a3132885-145f-4a8c-85f4-c10eb874732d: start FollowerState
2019-10-16 11:35:56,685 [Thread-2213] INFO  impl.FollowerState (FollowerState.java:run(108)) - 1ee6da7b-5867-4bad-ba0d-a2cfd13fd72a@group-B3673A53AB6F-FollowerState: change to CANDIDATE, lastRpcTime:59ms, electionTimeout:59ms
2019-10-16 11:35:56,685 [Thread-2213] INFO  impl.RoleInfo (RoleInfo.java:shutdownFollowerState(121)) - 1ee6da7b-5867-4bad-ba0d-a2cfd13fd72a: shutdown FollowerState
2019-10-16 11:35:56,685 [Thread-2213] INFO  impl.RaftServerImpl (RaftServerImpl.java:setRole(184)) - 1ee6da7b-5867-4bad-ba0d-a2cfd13fd72a@group-B3673A53AB6F: changes role from  FOLLOWER to CANDIDATE at term 148 for changeToCandidate
2019-10-16 11:35:56,685 [Thread-2213] INFO  impl.RoleInfo (RoleInfo.java:updateAndGet(143)) - 1ee6da7b-5867-4bad-ba0d-a2cfd13fd72a: start LeaderElection
2019-10-16 11:35:56,700 [1ee6da7b-5867-4bad-ba0d-a2cfd13fd72a@group-B3673A53AB6F-LeaderElection275] INFO  impl.LeaderElection (LeaderElection.java:askForVotes(178)) - 1ee6da7b-5867-4bad-ba0d-a2cfd13fd72a@group-B3673A53AB6F-LeaderElection275: begin an election at term 149 for -1: [f94c755f-9f95-40b5-85b9-5e712f3f34e7:192.168.157.203:45275, 1ee6da7b-5867-4bad-ba0d-a2cfd13fd72a:192.168.157.203:35892, 4281bf39-36db-462c-8bc9-3c86cb645344:192.168.157.203:42381], old=null
2019-10-16 11:35:56,701 [grpc-default-executor-0] INFO  impl.RaftServerImpl (RaftServerImpl.java:setRole(184)) - f94c755f-9f95-40b5-85b9-5e712f3f34e7@group-B3673A53AB6F: changes role from  FOLLOWER to FOLLOWER at term 149 for recognizeCandidate:1ee6da7b-5867-4bad-ba0d-a2cfd13fd72a
2019-10-16 11:35:56,702 [grpc-default-executor-0] INFO  impl.RoleInfo (RoleInfo.java:shutdownFollowerState(121)) - f94c755f-9f95-40b5-85b9-5e712f3f34e7: shutdown FollowerState
2019-10-16 11:35:56,702 [grpc-default-executor-5] INFO  impl.RaftServerImpl (RaftServerImpl.java:setRole(184)) - 4281bf39-36db-462c-8bc9-3c86cb645344@group-B3673A53AB6F: changes role from  FOLLOWER to FOLLOWER at term 149 for recognizeCandidate:1ee6da7b-5867-4bad-ba0d-a2cfd13fd72a
2019-10-16 11:35:56,702 [grpc-default-executor-5] INFO  impl.RoleInfo (RoleInfo.java:shutdownFollowerState(121)) - 4281bf39-36db-462c-8bc9-3c86cb645344: shutdown FollowerState
2019-10-16 11:35:56,702 [grpc-default-executor-0] INFO  impl.RoleInfo (RoleInfo.java:updateAndGet(143)) - f94c755f-9f95-40b5-85b9-5e712f3f34e7: start FollowerState
2019-10-16 11:35:56,702 [Thread-2211] INFO  impl.FollowerState (FollowerState.java:run(117)) - f94c755f-9f95-40b5-85b9-5e712f3f34e7@group-B3673A53AB6F-FollowerState was interrupted: java.lang.InterruptedException: sleep interrupted
2019-10-16 11:35:56,702 [Thread-2212] INFO  impl.FollowerState (FollowerState.java:run(117)) - 4281bf39-36db-462c-8bc9-3c86cb645344@group-B3673A53AB6F-FollowerState was interrupted: java.lang.InterruptedException: sleep interrupted
2019-10-16 11:35:56,702 [grpc-default-executor-5] INFO  impl.RoleInfo (RoleInfo.java:updateAndGet(143)) - 4281bf39-36db-462c-8bc9-3c86cb645344: start FollowerState
2019-10-16 11:35:56,716 [1ee6da7b-5867-4bad-ba0d-a2cfd13fd72a@group-B3673A53AB6F-LeaderElection275] INFO  impl.LeaderElection (LeaderElection.java:logAndReturn(56)) - 1ee6da7b-5867-4bad-ba0d-a2cfd13fd72a@group-B3673A53AB6F-LeaderElection275: Election REJECTED; received 2 response(s) [1ee6da7b-5867-4bad-ba0d-a2cfd13fd72a<-f94c755f-9f95-40b5-85b9-5e712f3f34e7#0:FAIL-t149, 1ee6da7b-5867-4bad-ba0d-a2cfd13fd72a<-4281bf39-36db-462c-8bc9-3c86cb645344#0:FAIL-t149] and 0 exception(s); 1ee6da7b-5867-4bad-ba0d-a2cfd13fd72a@group-B3673A53AB6F:t149, leader=null, voted=1ee6da7b-5867-4bad-ba0d-a2cfd13fd72a, raftlog=1ee6da7b-5867-4bad-ba0d-a2cfd13fd72a@group-B3673A53AB6F-SegmentedRaftLog:OPENED:c-1,f-1,i0, conf=-1: [f94c755f-9f95-40b5-85b9-5e712f3f34e7:192.168.157.203:45275, 1ee6da7b-5867-4bad-ba0d-a2cfd13fd72a:192.168.157.203:35892, 4281bf39-36db-462c-8bc9-3c86cb645344:192.168.157.203:42381], old=null
2019-10-16 11:35:56,717 [1ee6da7b-5867-4bad-ba0d-a2cfd13fd72a@group-B3673A53AB6F-LeaderElection275] INFO  impl.RaftServerImpl (RaftServerImpl.java:setRole(184)) - 1ee6da7b-5867-4bad-ba0d-a2cfd13fd72a@group-B3673A53AB6F: changes role from CANDIDATE to FOLLOWER at term 149 for DISCOVERED_A_NEW_TERM
2019-10-16 11:35:56,717 [1ee6da7b-5867-4bad-ba0d-a2cfd13fd72a@group-B3673A53AB6F-LeaderElection275] INFO  impl.RoleInfo (RoleInfo.java:shutdownLeaderElection(134)) - 1ee6da7b-5867-4bad-ba0d-a2cfd13fd72a: shutdown LeaderElection
2019-10-16 11:35:56,717 [1ee6da7b-5867-4bad-ba0d-a2cfd13fd72a@group-B3673A53AB6F-LeaderElection275] INFO  impl.RoleInfo (RoleInfo.java:updateAndGet(143)) - 1ee6da7b-5867-4bad-ba0d-a2cfd13fd72a: start FollowerState
2019-10-16 11:35:56,792 [Thread-2225] INFO  impl.FollowerState (FollowerState.java:run(108)) - 1ee6da7b-5867-4bad-ba0d-a2cfd13fd72a@group-B3673A53AB6F-FollowerState: change to CANDIDATE, lastRpcTime:75ms, electionTimeout:75ms
2019-10-16 11:35:56,792 [Thread-2225] INFO  impl.RoleInfo (RoleInfo.java:shutdownFollowerState(121)) - 1ee6da7b-5867-4bad-ba0d-a2cfd13fd72a: shutdown FollowerState
2019-10-16 11:35:56,792 [Thread-2225] INFO  impl.RaftServerImpl (RaftServerImpl.java:setRole(184)) - 1ee6da7b-5867-4bad-ba0d-a2cfd13fd72a@group-B3673A53AB6F: changes role from  FOLLOWER to CANDIDATE at term 149 for changeToCandidate
2019-10-16 11:35:56,793 [Thread-2225] INFO  impl.RoleInfo (RoleInfo.java:updateAndGet(143)) - 1ee6da7b-5867-4bad-ba0d-a2cfd13fd72a: start LeaderElection
2019-10-16 11:35:56,806 [Thread-2219] INFO  impl.FollowerState (FollowerState.java:run(108)) - a3132885-145f-4a8c-85f4-c10eb874732d@group-2077DD483DC7-FollowerState: change to CANDIDATE, lastRpcTime:121ms, electionTimeout:121ms
2019-10-16 11:35:56,806 [Thread-2219] INFO  impl.RoleInfo (RoleInfo.java:shutdownFollowerState(121)) - a3132885-145f-4a8c-85f4-c10eb874732d: shutdown FollowerState
2019-10-16 11:35:56,806 [Thread-2219] INFO  impl.RaftServerImpl (RaftServerImpl.java:setRole(184)) - a3132885-145f-4a8c-85f4-c10eb874732d@group-2077DD483DC7: changes role from  FOLLOWER to CANDIDATE at term 140 for changeToCandidate
2019-10-16 11:35:56,807 [Thread-2219] INFO  impl.RoleInfo (RoleInfo.java:updateAndGet(143)) - a3132885-145f-4a8c-85f4-c10eb874732d: start LeaderElection
2019-10-16 11:35:56,807 [1ee6da7b-5867-4bad-ba0d-a2cfd13fd72a@group-B3673A53AB6F-LeaderElection276] INFO  impl.LeaderElection (LeaderElection.java:askForVotes(178)) - 1ee6da7b-5867-4bad-ba0d-a2cfd13fd72a@group-B3673A53AB6F-LeaderElection276: begin an election at term 150 for -1: [f94c755f-9f95-40b5-85b9-5e712f3f34e7:192.168.157.203:45275, 1ee6da7b-5867-4bad-ba0d-a2cfd13fd72a:192.168.157.203:35892, 4281bf39-36db-462c-8bc9-3c86cb645344:192.168.157.203:42381], old=null
2019-10-16 11:35:56,809 [grpc-default-executor-0] INFO  impl.RaftServerImpl (RaftServerImpl.java:setRole(184)) - f94c755f-9f95-40b5-85b9-5e712f3f34e7@group-B3673A53AB6F: changes role from  FOLLOWER to FOLLOWER at term 150 for recognizeCandidate:1ee6da7b-5867-4bad-ba0d-a2cfd13fd72a
2019-10-16 11:35:56,809 [grpc-default-executor-0] INFO  impl.RoleInfo (RoleInfo.java:shutdownFollowerState(121)) - f94c755f-9f95-40b5-85b9-5e712f3f34e7: shutdown FollowerState
2019-10-16 11:35:56,809 [grpc-default-executor-5] INFO  impl.RaftServerImpl (RaftServerImpl.java:setRole(184)) - 4281bf39-36db-462c-8bc9-3c86cb645344@group-B3673A53AB6F: changes role from  FOLLOWER to FOLLOWER at term 150 for recognizeCandidate:1ee6da7b-5867-4bad-ba0d-a2cfd13fd72a
2019-10-16 11:35:56,809 [grpc-default-executor-5] INFO  impl.RoleInfo (RoleInfo.java:shutdownFollowerState(121)) - 4281bf39-36db-462c-8bc9-3c86cb645344: shutdown FollowerState
2019-10-16 11:35:56,809 [Thread-2223] INFO  impl.FollowerState (FollowerState.java:run(117)) - f94c755f-9f95-40b5-85b9-5e712f3f34e7@group-B3673A53AB6F-FollowerState was interrupted: java.lang.InterruptedException: sleep interrupted
2019-10-16 11:35:56,809 [grpc-default-executor-0] INFO  impl.RoleInfo (RoleInfo.java:updateAndGet(143)) - f94c755f-9f95-40b5-85b9-5e712f3f34e7: start FollowerState
2019-10-16 11:35:56,809 [grpc-default-executor-5] INFO  impl.RoleInfo (RoleInfo.java:updateAndGet(143)) - 4281bf39-36db-462c-8bc9-3c86cb645344: start FollowerState
2019-10-16 11:35:56,809 [Thread-2224] INFO  impl.FollowerState (FollowerState.java:run(117)) - 4281bf39-36db-462c-8bc9-3c86cb645344@group-B3673A53AB6F-FollowerState was interrupted: java.lang.InterruptedException: sleep interrupted
2019-10-16 11:35:56,829 [a3132885-145f-4a8c-85f4-c10eb874732d@group-2077DD483DC7-LeaderElection277] INFO  impl.LeaderElection (LeaderElection.java:askForVotes(178)) - a3132885-145f-4a8c-85f4-c10eb874732d@group-2077DD483DC7-LeaderElection277: begin an election at term 141 for -1: [163587bb-2c3b-4498-b576-18147cf38274:192.168.157.203:33208, a3132885-145f-4a8c-85f4-c10eb874732d:192.168.157.203:46766, 70b633f6-b230-4b9f-87f3-510da88f1e08:192.168.157.203:43163], old=null
2019-10-16 11:35:56,829 [1ee6da7b-5867-4bad-ba0d-a2cfd13fd72a@group-B3673A53AB6F-LeaderElection276] INFO  impl.LeaderElection (LeaderElection.java:logAndReturn(56)) - 1ee6da7b-5867-4bad-ba0d-a2cfd13fd72a@group-B3673A53AB6F-LeaderElection276: Election REJECTED; received 2 response(s) [1ee6da7b-5867-4bad-ba0d-a2cfd13fd72a<-f94c755f-9f95-40b5-85b9-5e712f3f34e7#0:FAIL-t150, 1ee6da7b-5867-4bad-ba0d-a2cfd13fd72a<-4281bf39-36db-462c-8bc9-3c86cb645344#0:FAIL-t150] and 0 exception(s); 1ee6da7b-5867-4bad-ba0d-a2cfd13fd72a@group-B3673A53AB6F:t150, leader=null, voted=1ee6da7b-5867-4bad-ba0d-a2cfd13fd72a, raftlog=1ee6da7b-5867-4bad-ba0d-a2cfd13fd72a@group-B3673A53AB6F-SegmentedRaftLog:OPENED:c-1,f-1,i0, conf=-1: [f94c755f-9f95-40b5-85b9-5e712f3f34e7:192.168.157.203:45275, 1ee6da7b-5867-4bad-ba0d-a2cfd13fd72a:192.168.157.203:35892, 4281bf39-36db-462c-8bc9-3c86cb645344:192.168.157.203:42381], old=null
2019-10-16 11:35:56,829 [1ee6da7b-5867-4bad-ba0d-a2cfd13fd72a@group-B3673A53AB6F-LeaderElection276] INFO  impl.RaftServerImpl (RaftServerImpl.java:setRole(184)) - 1ee6da7b-5867-4bad-ba0d-a2cfd13fd72a@group-B3673A53AB6F: changes role from CANDIDATE to FOLLOWER at term 150 for DISCOVERED_A_NEW_TERM
2019-10-16 11:35:56,830 [1ee6da7b-5867-4bad-ba0d-a2cfd13fd72a@group-B3673A53AB6F-LeaderElection276] INFO  impl.RoleInfo (RoleInfo.java:shutdownLeaderElection(134)) - 1ee6da7b-5867-4bad-ba0d-a2cfd13fd72a: shutdown LeaderElection
2019-10-16 11:35:56,830 [1ee6da7b-5867-4bad-ba0d-a2cfd13fd72a@group-B3673A53AB6F-LeaderElection276] INFO  impl.RoleInfo (RoleInfo.java:updateAndGet(143)) - 1ee6da7b-5867-4bad-ba0d-a2cfd13fd72a: start FollowerState
2019-10-16 11:35:56,830 [grpc-default-executor-0] INFO  impl.RaftServerImpl (RaftServerImpl.java:setRole(184)) - 163587bb-2c3b-4498-b576-18147cf38274@group-2077DD483DC7: changes role from  FOLLOWER to FOLLOWER at term 141 for recognizeCandidate:a3132885-145f-4a8c-85f4-c10eb874732d
2019-10-16 11:35:56,830 [grpc-default-executor-0] INFO  impl.RoleInfo (RoleInfo.java:shutdownFollowerState(121)) - 163587bb-2c3b-4498-b576-18147cf38274: shutdown FollowerState
2019-10-16 11:35:56,830 [grpc-default-executor-0] INFO  impl.RoleInfo (RoleInfo.java:updateAndGet(143)) - 163587bb-2c3b-4498-b576-18147cf38274: start FollowerState
2019-10-16 11:35:56,830 [grpc-default-executor-5] INFO  impl.RaftServerImpl (RaftServerImpl.java:setRole(184)) - 70b633f6-b230-4b9f-87f3-510da88f1e08@group-2077DD483DC7: changes role from  FOLLOWER to FOLLOWER at term 141 for recognizeCandidate:a3132885-145f-4a8c-85f4-c10eb874732d
2019-10-16 11:35:56,830 [Thread-2218] INFO  impl.FollowerState (FollowerState.java:run(117)) - 163587bb-2c3b-4498-b576-18147cf38274@group-2077DD483DC7-FollowerState was interrupted: java.lang.InterruptedException: sleep interrupted
2019-10-16 11:35:56,831 [grpc-default-executor-5] INFO  impl.RoleInfo (RoleInfo.java:shutdownFollowerState(121)) - 70b633f6-b230-4b9f-87f3-510da88f1e08: shutdown FollowerState
2019-10-16 11:35:56,831 [grpc-default-executor-5] INFO  impl.RoleInfo (RoleInfo.java:updateAndGet(143)) - 70b633f6-b230-4b9f-87f3-510da88f1e08: start FollowerState
2019-10-16 11:35:56,831 [Thread-2217] INFO  impl.FollowerState (FollowerState.java:run(117)) - 70b633f6-b230-4b9f-87f3-510da88f1e08@group-2077DD483DC7-FollowerState was interrupted: java.lang.InterruptedException: sleep interrupted
2019-10-16 11:35:56,837 [Thread-2234] INFO  impl.FollowerState (FollowerState.java:run(108)) - 1ee6da7b-5867-4bad-ba0d-a2cfd13fd72a@group-B3673A53AB6F-FollowerState: change to CANDIDATE, lastRpcTime:7ms, electionTimeout:7ms
2019-10-16 11:35:56,837 [Thread-2234] INFO  impl.RoleInfo (RoleInfo.java:shutdownFollowerState(121)) - 1ee6da7b-5867-4bad-ba0d-a2cfd13fd72a: shutdown FollowerState
2019-10-16 11:35:56,838 [Thread-2234] INFO  impl.RaftServerImpl (RaftServerImpl.java:setRole(184)) - 1ee6da7b-5867-4bad-ba0d-a2cfd13fd72a@group-B3673A53AB6F: changes role from  FOLLOWER to CANDIDATE at term 150 for changeToCandidate
2019-10-16 11:35:56,838 [Thread-2234] INFO  impl.RoleInfo (RoleInfo.java:updateAndGet(143)) - 1ee6da7b-5867-4bad-ba0d-a2cfd13fd72a: start LeaderElection
2019-10-16 11:35:56,839 [a3132885-145f-4a8c-85f4-c10eb874732d@group-2077DD483DC7-LeaderElection277] INFO  impl.LeaderElection (LeaderElection.java:logAndReturn(56)) - a3132885-145f-4a8c-85f4-c10eb874732d@group-2077DD483DC7-LeaderElection277: Election REJECTED; received 2 response(s) [a3132885-145f-4a8c-85f4-c10eb874732d<-163587bb-2c3b-4498-b576-18147cf38274#0:FAIL-t141, a3132885-145f-4a8c-85f4-c10eb874732d<-70b633f6-b230-4b9f-87f3-510da88f1e08#0:FAIL-t141] and 0 exception(s); a3132885-145f-4a8c-85f4-c10eb874732d@group-2077DD483DC7:t141, leader=null, voted=a3132885-145f-4a8c-85f4-c10eb874732d, raftlog=a3132885-145f-4a8c-85f4-c10eb874732d@group-2077DD483DC7-SegmentedRaftLog:OPENED:c-1,f-1,i0, conf=-1: [163587bb-2c3b-4498-b576-18147cf38274:192.168.157.203:33208, a3132885-145f-4a8c-85f4-c10eb874732d:192.168.157.203:46766, 70b633f6-b230-4b9f-87f3-510da88f1e08:192.168.157.203:43163], old=null
2019-10-16 11:35:56,839 [a3132885-145f-4a8c-85f4-c10eb874732d@group-2077DD483DC7-LeaderElection277] INFO  impl.RaftServerImpl (RaftServerImpl.java:setRole(184)) - a3132885-145f-4a8c-85f4-c10eb874732d@group-2077DD483DC7: changes role from CANDIDATE to FOLLOWER at term 141 for DISCOVERED_A_NEW_TERM
2019-10-16 11:35:56,839 [a3132885-145f-4a8c-85f4-c10eb874732d@group-2077DD483DC7-LeaderElection277] INFO  impl.RoleInfo (RoleInfo.java:shutdownLeaderElection(134)) - a3132885-145f-4a8c-85f4-c10eb874732d: shutdown LeaderElection
2019-10-16 11:35:56,839 [a3132885-145f-4a8c-85f4-c10eb874732d@group-2077DD483DC7-LeaderElection277] INFO  impl.RoleInfo (RoleInfo.java:updateAndGet(143)) - a3132885-145f-4a8c-85f4-c10eb874732d: start FollowerState
2019-10-16 11:35:56,853 [1ee6da7b-5867-4bad-ba0d-a2cfd13fd72a@group-B3673A53AB6F-LeaderElection278] INFO  impl.LeaderElection (LeaderElection.java:askForVotes(178)) - 1ee6da7b-5867-4bad-ba0d-a2cfd13fd72a@group-B3673A53AB6F-LeaderElection278: begin an election at term 151 for -1: [f94c755f-9f95-40b5-85b9-5e712f3f34e7:192.168.157.203:45275, 1ee6da7b-5867-4bad-ba0d-a2cfd13fd72a:192.168.157.203:35892, 4281bf39-36db-462c-8bc9-3c86cb645344:192.168.157.203:42381], old=null
2019-10-16 11:35:56,854 [grpc-default-executor-0] INFO  impl.RaftServerImpl (RaftServerImpl.java:setRole(184)) - 4281bf39-36db-462c-8bc9-3c86cb645344@group-B3673A53AB6F: changes role from  FOLLOWER to FOLLOWER at term 151 for recognizeCandidate:1ee6da7b-5867-4bad-ba0d-a2cfd13fd72a
2019-10-16 11:35:56,854 [grpc-default-executor-0] INFO  impl.RoleInfo (RoleInfo.java:shutdownFollowerState(121)) - 4281bf39-36db-462c-8bc9-3c86cb645344: shutdown FollowerState
2019-10-16 11:35:56,854 [grpc-default-executor-5] INFO  impl.RaftServerImpl (RaftServerImpl.java:setRole(184)) - f94c755f-9f95-40b5-85b9-5e712f3f34e7@group-B3673A53AB6F: changes role from  FOLLOWER to FOLLOWER at term 151 for recognizeCandidate:1ee6da7b-5867-4bad-ba0d-a2cfd13fd72a
2019-10-16 11:35:56,855 [Thread-2231] INFO  impl.FollowerState (FollowerState.java:run(117)) - 4281bf39-36db-462c-8bc9-3c86cb645344@group-B3673A53AB6F-FollowerState was interrupted: java.lang.InterruptedException: sleep interrupted
2019-10-16 11:35:56,854 [grpc-default-executor-0] INFO  impl.RoleInfo (RoleInfo.java:updateAndGet(143)) - 4281bf39-36db-462c-8bc9-3c86cb645344: start FollowerState
2019-10-16 11:35:56,855 [grpc-default-executor-5] INFO  impl.RoleInfo (RoleInfo.java:shutdownFollowerState(121)) - f94c755f-9f95-40b5-85b9-5e712f3f34e7: shutdown FollowerState
2019-10-16 11:35:56,855 [grpc-default-executor-5] INFO  impl.RoleInfo (RoleInfo.java:updateAndGet(143)) - f94c755f-9f95-40b5-85b9-5e712f3f34e7: start FollowerState
2019-10-16 11:35:56,855 [Thread-2230] INFO  impl.FollowerState (FollowerState.java:run(117)) - f94c755f-9f95-40b5-85b9-5e712f3f34e7@group-B3673A53AB6F-FollowerState was interrupted: java.lang.InterruptedException: sleep interrupted
2019-10-16 11:35:56,869 [1ee6da7b-5867-4bad-ba0d-a2cfd13fd72a@group-B3673A53AB6F-LeaderElection278] INFO  impl.LeaderElection (LeaderElection.java:logAndReturn(56)) - 1ee6da7b-5867-4bad-ba0d-a2cfd13fd72a@group-B3673A53AB6F-LeaderElection278: Election REJECTED; received 2 response(s) [1ee6da7b-5867-4bad-ba0d-a2cfd13fd72a<-f94c755f-9f95-40b5-85b9-5e712f3f34e7#0:FAIL-t151, 1ee6da7b-5867-4bad-ba0d-a2cfd13fd72a<-4281bf39-36db-462c-8bc9-3c86cb645344#0:FAIL-t151] and 0 exception(s); 1ee6da7b-5867-4bad-ba0d-a2cfd13fd72a@group-B3673A53AB6F:t151, leader=null, voted=1ee6da7b-5867-4bad-ba0d-a2cfd13fd72a, raftlog=1ee6da7b-5867-4bad-ba0d-a2cfd13fd72a@group-B3673A53AB6F-SegmentedRaftLog:OPENED:c-1,f-1,i0, conf=-1: [f94c755f-9f95-40b5-85b9-5e712f3f34e7:192.168.157.203:45275, 1ee6da7b-5867-4bad-ba0d-a2cfd13fd72a:192.168.157.203:35892, 4281bf39-36db-462c-8bc9-3c86cb645344:192.168.157.203:42381], old=null
2019-10-16 11:35:56,869 [1ee6da7b-5867-4bad-ba0d-a2cfd13fd72a@group-B3673A53AB6F-LeaderElection278] INFO  impl.RaftServerImpl (RaftServerImpl.java:setRole(184)) - 1ee6da7b-5867-4bad-ba0d-a2cfd13fd72a@group-B3673A53AB6F: changes role from CANDIDATE to FOLLOWER at term 151 for DISCOVERED_A_NEW_TERM
2019-10-16 11:35:56,869 [1ee6da7b-5867-4bad-ba0d-a2cfd13fd72a@group-B3673A53AB6F-LeaderElection278] INFO  impl.RoleInfo (RoleInfo.java:shutdownLeaderElection(134)) - 1ee6da7b-5867-4bad-ba0d-a2cfd13fd72a: shutdown LeaderElection
2019-10-16 11:35:56,869 [1ee6da7b-5867-4bad-ba0d-a2cfd13fd72a@group-B3673A53AB6F-LeaderElection278] INFO  impl.RoleInfo (RoleInfo.java:updateAndGet(143)) - 1ee6da7b-5867-4bad-ba0d-a2cfd13fd72a: start FollowerState
2019-10-16 11:35:56,960 [Thread-2243] INFO  impl.FollowerState (FollowerState.java:run(108)) - 1ee6da7b-5867-4bad-ba0d-a2cfd13fd72a@group-B3673A53AB6F-FollowerState: change to CANDIDATE, lastRpcTime:90ms, electionTimeout:90ms
2019-10-16 11:35:56,960 [Thread-2243] INFO  impl.RoleInfo (RoleInfo.java:shutdownFollowerState(121)) - 1ee6da7b-5867-4bad-ba0d-a2cfd13fd72a: shutdown FollowerState
2019-10-16 11:35:56,960 [Thread-2243] INFO  impl.RaftServerImpl (RaftServerImpl.java:setRole(184)) - 1ee6da7b-5867-4bad-ba0d-a2cfd13fd72a@group-B3673A53AB6F: changes role from  FOLLOWER to CANDIDATE at term 151 for changeToCandidate
2019-10-16 11:35:56,960 [Thread-2243] INFO  impl.RoleInfo (RoleInfo.java:updateAndGet(143)) - 1ee6da7b-5867-4bad-ba0d-a2cfd13fd72a: start LeaderElection
2019-10-16 11:35:56,974 [1ee6da7b-5867-4bad-ba0d-a2cfd13fd72a@group-B3673A53AB6F-LeaderElection279] INFO  impl.LeaderElection (LeaderElection.java:askForVotes(178)) - 1ee6da7b-5867-4bad-ba0d-a2cfd13fd72a@group-B3673A53AB6F-LeaderElection279: begin an election at term 152 for -1: [f94c755f-9f95-40b5-85b9-5e712f3f34e7:192.168.157.203:45275, 1ee6da7b-5867-4bad-ba0d-a2cfd13fd72a:192.168.157.203:35892, 4281bf39-36db-462c-8bc9-3c86cb645344:192.168.157.203:42381], old=null
2019-10-16 11:35:56,976 [grpc-default-executor-0] INFO  impl.RaftServerImpl (RaftServerImpl.java:setRole(184)) - f94c755f-9f95-40b5-85b9-5e712f3f34e7@group-B3673A53AB6F: changes role from  FOLLOWER to FOLLOWER at term 152 for recognizeCandidate:1ee6da7b-5867-4bad-ba0d-a2cfd13fd72a
2019-10-16 11:35:56,976 [grpc-default-executor-5] INFO  impl.RaftServerImpl (RaftServerImpl.java:setRole(184)) - 4281bf39-36db-462c-8bc9-3c86cb645344@group-B3673A53AB6F: changes role from  FOLLOWER to FOLLOWER at term 152 for recognizeCandidate:1ee6da7b-5867-4bad-ba0d-a2cfd13fd72a
2019-10-16 11:35:56,976 [grpc-default-executor-0] INFO  impl.RoleInfo (RoleInfo.java:shutdownFollowerState(121)) - f94c755f-9f95-40b5-85b9-5e712f3f34e7: shutdown FollowerState
2019-10-16 11:35:56,976 [grpc-default-executor-5] INFO  impl.RoleInfo (RoleInfo.java:shutdownFollowerState(121)) - 4281bf39-36db-462c-8bc9-3c86cb645344: shutdown FollowerState
2019-10-16 11:35:56,977 [Thread-2242] INFO  impl.FollowerState (FollowerState.java:run(117)) - f94c755f-9f95-40b5-85b9-5e712f3f34e7@group-B3673A53AB6F-FollowerState was interrupted: java.lang.InterruptedException: sleep interrupted
2019-10-16 11:35:56,976 [grpc-default-executor-0] INFO  impl.RoleInfo (RoleInfo.java:updateAndGet(143)) - f94c755f-9f95-40b5-85b9-5e712f3f34e7: start FollowerState
2019-10-16 11:35:56,977 [Thread-2241] INFO  impl.FollowerState (FollowerState.java:run(117)) - 4281bf39-36db-462c-8bc9-3c86cb645344@group-B3673A53AB6F-FollowerState was interrupted: java.lang.InterruptedException: sleep interrupted
2019-10-16 11:35:56,977 [grpc-default-executor-5] INFO  impl.RoleInfo (RoleInfo.java:updateAndGet(143)) - 4281bf39-36db-462c-8bc9-3c86cb645344: start FollowerState
2019-10-16 11:35:56,991 [1ee6da7b-5867-4bad-ba0d-a2cfd13fd72a@group-B3673A53AB6F-LeaderElection279] INFO  impl.LeaderElection (LeaderElection.java:logAndReturn(56)) - 1ee6da7b-5867-4bad-ba0d-a2cfd13fd72a@group-B3673A53AB6F-LeaderElection279: Election REJECTED; received 2 response(s) [1ee6da7b-5867-4bad-ba0d-a2cfd13fd72a<-f94c755f-9f95-40b5-85b9-5e712f3f34e7#0:FAIL-t152, 1ee6da7b-5867-4bad-ba0d-a2cfd13fd72a<-4281bf39-36db-462c-8bc9-3c86cb645344#0:FAIL-t152] and 0 exception(s); 1ee6da7b-5867-4bad-ba0d-a2cfd13fd72a@group-B3673A53AB6F:t152, leader=null, voted=1ee6da7b-5867-4bad-ba0d-a2cfd13fd72a, raftlog=1ee6da7b-5867-4bad-ba0d-a2cfd13fd72a@group-B3673A53AB6F-SegmentedRaftLog:OPENED:c-1,f-1,i0, conf=-1: [f94c755f-9f95-40b5-85b9-5e712f3f34e7:192.168.157.203:45275, 1ee6da7b-5867-4bad-ba0d-a2cfd13fd72a:192.168.157.203:35892, 4281bf39-36db-462c-8bc9-3c86cb645344:192.168.157.203:42381], old=null
2019-10-16 11:35:56,991 [1ee6da7b-5867-4bad-ba0d-a2cfd13fd72a@group-B3673A53AB6F-LeaderElection279] INFO  impl.RaftServerImpl (RaftServerImpl.java:setRole(184)) - 1ee6da7b-5867-4bad-ba0d-a2cfd13fd72a@group-B3673A53AB6F: changes role from CANDIDATE to FOLLOWER at term 152 for DISCOVERED_A_NEW_TERM
2019-10-16 11:35:56,992 [1ee6da7b-5867-4bad-ba0d-a2cfd13fd72a@group-B3673A53AB6F-LeaderElection279] INFO  impl.RoleInfo (RoleInfo.java:shutdownLeaderElection(134)) - 1ee6da7b-5867-4bad-ba0d-a2cfd13fd72a: shutdown LeaderElection
2019-10-16 11:35:56,992 [1ee6da7b-5867-4bad-ba0d-a2cfd13fd72a@group-B3673A53AB6F-LeaderElection279] INFO  impl.RoleInfo (RoleInfo.java:updateAndGet(143)) - 1ee6da7b-5867-4bad-ba0d-a2cfd13fd72a: start FollowerState
2019-10-16 11:35:57,033 [Thread-2238] INFO  impl.FollowerState (FollowerState.java:run(108)) - a3132885-145f-4a8c-85f4-c10eb874732d@group-2077DD483DC7-FollowerState: change to CANDIDATE, lastRpcTime:194ms, electionTimeout:194ms
2019-10-16 11:35:57,034 [Thread-2238] INFO  impl.RoleInfo (RoleInfo.java:shutdownFollowerState(121)) - a3132885-145f-4a8c-85f4-c10eb874732d: shutdown FollowerState
2019-10-16 11:35:57,034 [Thread-2238] INFO  impl.RaftServerImpl (RaftServerImpl.java:setRole(184)) - a3132885-145f-4a8c-85f4-c10eb874732d@group-2077DD483DC7: changes role from  FOLLOWER to CANDIDATE at term 141 for changeToCandidate
2019-10-16 11:35:57,034 [Thread-2238] INFO  impl.RoleInfo (RoleInfo.java:updateAndGet(143)) - a3132885-145f-4a8c-85f4-c10eb874732d: start LeaderElection
2019-10-16 11:35:57,054 [a3132885-145f-4a8c-85f4-c10eb874732d@group-2077DD483DC7-LeaderElection280] INFO  impl.LeaderElection (LeaderElection.java:askForVotes(178)) - a3132885-145f-4a8c-85f4-c10eb874732d@group-2077DD483DC7-LeaderElection280: begin an election at term 142 for -1: [163587bb-2c3b-4498-b576-18147cf38274:192.168.157.203:33208, a3132885-145f-4a8c-85f4-c10eb874732d:192.168.157.203:46766, 70b633f6-b230-4b9f-87f3-510da88f1e08:192.168.157.203:43163], old=null
2019-10-16 11:35:57,058 [main] WARN  io.KeyOutputStream (KeyOutputStream.java:handleException(274)) - Encountered exception java.io.IOException: Unexpected Storage Container Exception: java.util.concurrent.CompletionException: java.util.concurrent.CompletionException: org.apache.ratis.protocol.RaftRetryFailureException: Failed RaftClientRequest:client-C9B013E3A4F3->a3132885-145f-4a8c-85f4-c10eb874732d@group-2077DD483DC7, cid=23, seq=1*, RW, cmdType: WriteChunk
traceID: "c8575666aeb93c9c:c8575666aeb93c9c:0:0"
containerID: 2
datanodeUuid: "a3132885-145f-4a8c-85f4-c10eb874732d"
writeChunk {
  blockID {
    containerID: 2
    localID: 102971849971859457
    blockCommitSequenceId: 0
  }
  chunkData {
    chunkName: "102971849971859457_chunk_1"
    offset: 0
    len: 1048576
    checksumData {
      type: CRC32
      bytesPerChecksum: 1048576
      checksums: "\361\003\002\247"
    }
  }
}
, data.size=1048576 for 10 attempts with RetryLimited(maxAttempts=10, sleepTime=1000ms) on the pipeline Pipeline[ Id: 5cadb629-28f1-4c71-b012-2077dd483dc7, Nodes: a3132885-145f-4a8c-85f4-c10eb874732d{ip: 192.168.157.203, host: pr-hdds-2313-gfcg9-2318083974, networkLocation: /default-rack, certSerialId: null}70b633f6-b230-4b9f-87f3-510da88f1e08{ip: 192.168.157.203, host: pr-hdds-2313-gfcg9-2318083974, networkLocation: /default-rack, certSerialId: null}163587bb-2c3b-4498-b576-18147cf38274{ip: 192.168.157.203, host: pr-hdds-2313-gfcg9-2318083974, networkLocation: /default-rack, certSerialId: null}, Type:RATIS, Factor:THREE, State:OPEN]. The last committed block length is 0, uncommitted data length is 2097152 retry count 1
2019-10-16 11:35:57,081 [grpc-default-executor-0] INFO  impl.RaftServerImpl (RaftServerImpl.java:setRole(184)) - 70b633f6-b230-4b9f-87f3-510da88f1e08@group-2077DD483DC7: changes role from  FOLLOWER to FOLLOWER at term 142 for recognizeCandidate:a3132885-145f-4a8c-85f4-c10eb874732d
2019-10-16 11:35:57,082 [grpc-default-executor-5] INFO  impl.RaftServerImpl (RaftServerImpl.java:setRole(184)) - 163587bb-2c3b-4498-b576-18147cf38274@group-2077DD483DC7: changes role from  FOLLOWER to FOLLOWER at term 142 for recognizeCandidate:a3132885-145f-4a8c-85f4-c10eb874732d
2019-10-16 11:35:57,082 [grpc-default-executor-0] INFO  impl.RoleInfo (RoleInfo.java:shutdownFollowerState(121)) - 70b633f6-b230-4b9f-87f3-510da88f1e08: shutdown FollowerState
2019-10-16 11:35:57,082 [grpc-default-executor-5] INFO  impl.RoleInfo (RoleInfo.java:shutdownFollowerState(121)) - 163587bb-2c3b-4498-b576-18147cf38274: shutdown FollowerState
2019-10-16 11:35:57,082 [grpc-default-executor-0] INFO  impl.RoleInfo (RoleInfo.java:updateAndGet(143)) - 70b633f6-b230-4b9f-87f3-510da88f1e08: start FollowerState
2019-10-16 11:35:57,082 [Thread-2236] INFO  impl.FollowerState (FollowerState.java:run(117)) - 70b633f6-b230-4b9f-87f3-510da88f1e08@group-2077DD483DC7-FollowerState was interrupted: java.lang.InterruptedException: sleep interrupted
2019-10-16 11:35:57,082 [Thread-2235] INFO  impl.FollowerState (FollowerState.java:run(117)) - 163587bb-2c3b-4498-b576-18147cf38274@group-2077DD483DC7-FollowerState was interrupted: java.lang.InterruptedException: sleep interrupted
2019-10-16 11:35:57,082 [grpc-default-executor-5] INFO  impl.RoleInfo (RoleInfo.java:updateAndGet(143)) - 163587bb-2c3b-4498-b576-18147cf38274: start FollowerState
2019-10-16 11:35:57,088 [a3132885-145f-4a8c-85f4-c10eb874732d@group-2077DD483DC7-LeaderElection280] INFO  impl.LeaderElection (LeaderElection.java:logAndReturn(56)) - a3132885-145f-4a8c-85f4-c10eb874732d@group-2077DD483DC7-LeaderElection280: Election REJECTED; received 2 response(s) [a3132885-145f-4a8c-85f4-c10eb874732d<-163587bb-2c3b-4498-b576-18147cf38274#0:FAIL-t142, a3132885-145f-4a8c-85f4-c10eb874732d<-70b633f6-b230-4b9f-87f3-510da88f1e08#0:FAIL-t142] and 0 exception(s); a3132885-145f-4a8c-85f4-c10eb874732d@group-2077DD483DC7:t142, leader=null, voted=a3132885-145f-4a8c-85f4-c10eb874732d, raftlog=a3132885-145f-4a8c-85f4-c10eb874732d@group-2077DD483DC7-SegmentedRaftLog:OPENED:c-1,f-1,i0, conf=-1: [163587bb-2c3b-4498-b576-18147cf38274:192.168.157.203:33208, a3132885-145f-4a8c-85f4-c10eb874732d:192.168.157.203:46766, 70b633f6-b230-4b9f-87f3-510da88f1e08:192.168.157.203:43163], old=null
2019-10-16 11:35:57,088 [a3132885-145f-4a8c-85f4-c10eb874732d@group-2077DD483DC7-LeaderElection280] INFO  impl.RaftServerImpl (RaftServerImpl.java:setRole(184)) - a3132885-145f-4a8c-85f4-c10eb874732d@group-2077DD483DC7: changes role from CANDIDATE to FOLLOWER at term 142 for DISCOVERED_A_NEW_TERM
2019-10-16 11:35:57,088 [a3132885-145f-4a8c-85f4-c10eb874732d@group-2077DD483DC7-LeaderElection280] INFO  impl.RoleInfo (RoleInfo.java:shutdownLeaderElection(134)) - a3132885-145f-4a8c-85f4-c10eb874732d: shutdown LeaderElection
2019-10-16 11:35:57,088 [a3132885-145f-4a8c-85f4-c10eb874732d@group-2077DD483DC7-LeaderElection280] INFO  impl.RoleInfo (RoleInfo.java:updateAndGet(143)) - a3132885-145f-4a8c-85f4-c10eb874732d: start FollowerState
2019-10-16 11:35:57,122 [Thread-2251] INFO  impl.FollowerState (FollowerState.java:run(108)) - 1ee6da7b-5867-4bad-ba0d-a2cfd13fd72a@group-B3673A53AB6F-FollowerState: change to CANDIDATE, lastRpcTime:130ms, electionTimeout:130ms
2019-10-16 11:35:57,122 [Thread-2251] INFO  impl.RoleInfo (RoleInfo.java:shutdownFollowerState(121)) - 1ee6da7b-5867-4bad-ba0d-a2cfd13fd72a: shutdown FollowerState
2019-10-16 11:35:57,122 [Thread-2251] INFO  impl.RaftServerImpl (RaftServerImpl.java:setRole(184)) - 1ee6da7b-5867-4bad-ba0d-a2cfd13fd72a@group-B3673A53AB6F: changes role from  FOLLOWER to CANDIDATE at term 152 for changeToCandidate
2019-10-16 11:35:57,122 [Thread-2251] INFO  impl.RoleInfo (RoleInfo.java:updateAndGet(143)) - 1ee6da7b-5867-4bad-ba0d-a2cfd13fd72a: start LeaderElection
2019-10-16 11:35:57,132 [Thread-2259] INFO  impl.FollowerState (FollowerState.java:run(108)) - a3132885-145f-4a8c-85f4-c10eb874732d@group-2077DD483DC7-FollowerState: change to CANDIDATE, lastRpcTime:43ms, electionTimeout:43ms
2019-10-16 11:35:57,132 [Thread-2259] INFO  impl.RoleInfo (RoleInfo.java:shutdownFollowerState(121)) - a3132885-145f-4a8c-85f4-c10eb874732d: shutdown FollowerState
2019-10-16 11:35:57,132 [Thread-2259] INFO  impl.RaftServerImpl (RaftServerImpl.java:setRole(184)) - a3132885-145f-4a8c-85f4-c10eb874732d@group-2077DD483DC7: changes role from  FOLLOWER to CANDIDATE at term 142 for changeToCandidate
2019-10-16 11:35:57,132 [Thread-2259] INFO  impl.RoleInfo (RoleInfo.java:updateAndGet(143)) - a3132885-145f-4a8c-85f4-c10eb874732d: start LeaderElection
2019-10-16 11:35:57,137 [a3132885-145f-4a8c-85f4-c10eb874732d@group-2077DD483DC7-LeaderElection282] INFO  impl.LeaderElection (LeaderElection.java:askForVotes(178)) - a3132885-145f-4a8c-85f4-c10eb874732d@group-2077DD483DC7-LeaderElection282: begin an election at term 143 for -1: [163587bb-2c3b-4498-b576-18147cf38274:192.168.157.203:33208, a3132885-145f-4a8c-85f4-c10eb874732d:192.168.157.203:46766, 70b633f6-b230-4b9f-87f3-510da88f1e08:192.168.157.203:43163], old=null
2019-10-16 11:35:57,137 [1ee6da7b-5867-4bad-ba0d-a2cfd13fd72a@group-B3673A53AB6F-LeaderElection281] INFO  impl.LeaderElection (LeaderElection.java:askForVotes(178)) - 1ee6da7b-5867-4bad-ba0d-a2cfd13fd72a@group-B3673A53AB6F-LeaderElection281: begin an election at term 153 for -1: [f94c755f-9f95-40b5-85b9-5e712f3f34e7:192.168.157.203:45275, 1ee6da7b-5867-4bad-ba0d-a2cfd13fd72a:192.168.157.203:35892, 4281bf39-36db-462c-8bc9-3c86cb645344:192.168.157.203:42381], old=null
2019-10-16 11:35:57,138 [grpc-default-executor-4] INFO  impl.RaftServerImpl (RaftServerImpl.java:setRole(184)) - 163587bb-2c3b-4498-b576-18147cf38274@group-2077DD483DC7: changes role from  FOLLOWER to FOLLOWER at term 143 for recognizeCandidate:a3132885-145f-4a8c-85f4-c10eb874732d
2019-10-16 11:35:57,138 [grpc-default-executor-4] INFO  impl.RoleInfo (RoleInfo.java:shutdownFollowerState(121)) - 163587bb-2c3b-4498-b576-18147cf38274: shutdown FollowerState
2019-10-16 11:35:57,139 [1ee6da7b-5867-4bad-ba0d-a2cfd13fd72a@group-B3673A53AB6F-LeaderElection281] INFO  impl.LeaderElection (LeaderElection.java:logAndReturn(56)) - 1ee6da7b-5867-4bad-ba0d-a2cfd13fd72a@group-B3673A53AB6F-LeaderElection281: Election TIMEOUT; received 0 response(s) [] and 0 exception(s); 1ee6da7b-5867-4bad-ba0d-a2cfd13fd72a@group-B3673A53AB6F:t153, leader=null, voted=1ee6da7b-5867-4bad-ba0d-a2cfd13fd72a, raftlog=1ee6da7b-5867-4bad-ba0d-a2cfd13fd72a@group-B3673A53AB6F-SegmentedRaftLog:OPENED:c-1,f-1,i0, conf=-1: [f94c755f-9f95-40b5-85b9-5e712f3f34e7:192.168.157.203:45275, 1ee6da7b-5867-4bad-ba0d-a2cfd13fd72a:192.168.157.203:35892, 4281bf39-36db-462c-8bc9-3c86cb645344:192.168.157.203:42381], old=null
2019-10-16 11:35:57,139 [grpc-default-executor-3] INFO  impl.RaftServerImpl (RaftServerImpl.java:setRole(184)) - 70b633f6-b230-4b9f-87f3-510da88f1e08@group-2077DD483DC7: changes role from  FOLLOWER to FOLLOWER at term 143 for recognizeCandidate:a3132885-145f-4a8c-85f4-c10eb874732d
2019-10-16 11:35:57,139 [Thread-2258] INFO  impl.FollowerState (FollowerState.java:run(117)) - 163587bb-2c3b-4498-b576-18147cf38274@group-2077DD483DC7-FollowerState was interrupted: java.lang.InterruptedException: sleep interrupted
2019-10-16 11:35:57,139 [grpc-default-executor-4] INFO  impl.RoleInfo (RoleInfo.java:updateAndGet(143)) - 163587bb-2c3b-4498-b576-18147cf38274: start FollowerState
2019-10-16 11:35:57,139 [grpc-default-executor-5] INFO  impl.RaftServerImpl (RaftServerImpl.java:setRole(184)) - f94c755f-9f95-40b5-85b9-5e712f3f34e7@group-B3673A53AB6F: changes role from  FOLLOWER to FOLLOWER at term 153 for recognizeCandidate:1ee6da7b-5867-4bad-ba0d-a2cfd13fd72a
2019-10-16 11:35:57,139 [grpc-default-executor-1] INFO  impl.RaftServerImpl (RaftServerImpl.java:setRole(184)) - 4281bf39-36db-462c-8bc9-3c86cb645344@group-B3673A53AB6F: changes role from  FOLLOWER to FOLLOWER at term 153 for recognizeCandidate:1ee6da7b-5867-4bad-ba0d-a2cfd13fd72a
2019-10-16 11:35:57,139 [grpc-default-executor-3] INFO  impl.RoleInfo (RoleInfo.java:shutdownFollowerState(121)) - 70b633f6-b230-4b9f-87f3-510da88f1e08: shutdown FollowerState
2019-10-16 11:35:57,140 [grpc-default-executor-1] INFO  impl.RoleInfo (RoleInfo.java:shutdownFollowerState(121)) - 4281bf39-36db-462c-8bc9-3c86cb645344: shutdown FollowerState
2019-10-16 11:35:57,140 [grpc-default-executor-5] INFO  impl.RoleInfo (RoleInfo.java:shutdownFollowerState(121)) - f94c755f-9f95-40b5-85b9-5e712f3f34e7: shutdown FollowerState
2019-10-16 11:35:57,140 [Thread-2250] INFO  impl.FollowerState (FollowerState.java:run(117)) - 4281bf39-36db-462c-8bc9-3c86cb645344@group-B3673A53AB6F-FollowerState was interrupted: java.lang.InterruptedException: sleep interrupted
2019-10-16 11:35:57,140 [grpc-default-executor-1] INFO  impl.RoleInfo (RoleInfo.java:updateAndGet(143)) - 4281bf39-36db-462c-8bc9-3c86cb645344: start FollowerState
2019-10-16 11:35:57,140 [Thread-2257] INFO  impl.FollowerState (FollowerState.java:run(117)) - 70b633f6-b230-4b9f-87f3-510da88f1e08@group-2077DD483DC7-FollowerState was interrupted: java.lang.InterruptedException: sleep interrupted
2019-10-16 11:35:57,140 [grpc-default-executor-3] INFO  impl.RoleInfo (RoleInfo.java:updateAndGet(143)) - 70b633f6-b230-4b9f-87f3-510da88f1e08: start FollowerState
2019-10-16 11:35:57,141 [Thread-2249] INFO  impl.FollowerState (FollowerState.java:run(117)) - f94c755f-9f95-40b5-85b9-5e712f3f34e7@group-B3673A53AB6F-FollowerState was interrupted: java.lang.InterruptedException: sleep interrupted
2019-10-16 11:35:57,141 [grpc-default-executor-5] INFO  impl.RoleInfo (RoleInfo.java:updateAndGet(143)) - f94c755f-9f95-40b5-85b9-5e712f3f34e7: start FollowerState
2019-10-16 11:35:57,154 [1ee6da7b-5867-4bad-ba0d-a2cfd13fd72a@group-B3673A53AB6F-LeaderElection281] INFO  impl.LeaderElection (LeaderElection.java:askForVotes(178)) - 1ee6da7b-5867-4bad-ba0d-a2cfd13fd72a@group-B3673A53AB6F-LeaderElection281: begin an election at term 154 for -1: [f94c755f-9f95-40b5-85b9-5e712f3f34e7:192.168.157.203:45275, 1ee6da7b-5867-4bad-ba0d-a2cfd13fd72a:192.168.157.203:35892, 4281bf39-36db-462c-8bc9-3c86cb645344:192.168.157.203:42381], old=null
2019-10-16 11:35:57,155 [a3132885-145f-4a8c-85f4-c10eb874732d@group-2077DD483DC7-LeaderElection282] INFO  impl.LeaderElection (LeaderElection.java:logAndReturn(56)) - a3132885-145f-4a8c-85f4-c10eb874732d@group-2077DD483DC7-LeaderElection282: Election REJECTED; received 2 response(s) [a3132885-145f-4a8c-85f4-c10eb874732d<-163587bb-2c3b-4498-b576-18147cf38274#0:FAIL-t143, a3132885-145f-4a8c-85f4-c10eb874732d<-70b633f6-b230-4b9f-87f3-510da88f1e08#0:FAIL-t143] and 0 exception(s); a3132885-145f-4a8c-85f4-c10eb874732d@group-2077DD483DC7:t143, leader=null, voted=a3132885-145f-4a8c-85f4-c10eb874732d, raftlog=a3132885-145f-4a8c-85f4-c10eb874732d@group-2077DD483DC7-SegmentedRaftLog:OPENED:c-1,f-1,i0, conf=-1: [163587bb-2c3b-4498-b576-18147cf38274:192.168.157.203:33208, a3132885-145f-4a8c-85f4-c10eb874732d:192.168.157.203:46766, 70b633f6-b230-4b9f-87f3-510da88f1e08:192.168.157.203:43163], old=null
2019-10-16 11:35:57,155 [a3132885-145f-4a8c-85f4-c10eb874732d@group-2077DD483DC7-LeaderElection282] INFO  impl.RaftServerImpl (RaftServerImpl.java:setRole(184)) - a3132885-145f-4a8c-85f4-c10eb874732d@group-2077DD483DC7: changes role from CANDIDATE to FOLLOWER at term 143 for DISCOVERED_A_NEW_TERM
2019-10-16 11:35:57,155 [a3132885-145f-4a8c-85f4-c10eb874732d@group-2077DD483DC7-LeaderElection282] INFO  impl.RoleInfo (RoleInfo.java:shutdownLeaderElection(134)) - a3132885-145f-4a8c-85f4-c10eb874732d: shutdown LeaderElection
2019-10-16 11:35:57,156 [a3132885-145f-4a8c-85f4-c10eb874732d@group-2077DD483DC7-LeaderElection282] INFO  impl.RoleInfo (RoleInfo.java:updateAndGet(143)) - a3132885-145f-4a8c-85f4-c10eb874732d: start FollowerState
2019-10-16 11:35:57,156 [grpc-default-executor-1] INFO  impl.RaftServerImpl (RaftServerImpl.java:setRole(184)) - f94c755f-9f95-40b5-85b9-5e712f3f34e7@group-B3673A53AB6F: changes role from  FOLLOWER to FOLLOWER at term 154 for recognizeCandidate:1ee6da7b-5867-4bad-ba0d-a2cfd13fd72a
2019-10-16 11:35:57,156 [grpc-default-executor-1] INFO  impl.RoleInfo (RoleInfo.java:shutdownFollowerState(121)) - f94c755f-9f95-40b5-85b9-5e712f3f34e7: shutdown FollowerState
2019-10-16 11:35:57,156 [grpc-default-executor-3] INFO  impl.RaftServerImpl (RaftServerImpl.java:setRole(184)) - 4281bf39-36db-462c-8bc9-3c86cb645344@group-B3673A53AB6F: changes role from  FOLLOWER to FOLLOWER at term 154 for recognizeCandidate:1ee6da7b-5867-4bad-ba0d-a2cfd13fd72a
2019-10-16 11:35:57,156 [Thread-2273] INFO  impl.FollowerState (FollowerState.java:run(117)) - f94c755f-9f95-40b5-85b9-5e712f3f34e7@group-B3673A53AB6F-FollowerState was interrupted: java.lang.InterruptedException: sleep interrupted
2019-10-16 11:35:57,156 [grpc-default-executor-1] INFO  impl.RoleInfo (RoleInfo.java:updateAndGet(143)) - f94c755f-9f95-40b5-85b9-5e712f3f34e7: start FollowerState
2019-10-16 11:35:57,157 [grpc-default-executor-3] INFO  impl.RoleInfo (RoleInfo.java:shutdownFollowerState(121)) - 4281bf39-36db-462c-8bc9-3c86cb645344: shutdown FollowerState
2019-10-16 11:35:57,157 [Thread-2272] INFO  impl.FollowerState (FollowerState.java:run(117)) - 4281bf39-36db-462c-8bc9-3c86cb645344@group-B3673A53AB6F-FollowerState was interrupted: java.lang.InterruptedException: sleep interrupted
2019-10-16 11:35:57,157 [grpc-default-executor-3] INFO  impl.RoleInfo (RoleInfo.java:updateAndGet(143)) - 4281bf39-36db-462c-8bc9-3c86cb645344: start FollowerState
2019-10-16 11:35:57,171 [1ee6da7b-5867-4bad-ba0d-a2cfd13fd72a@group-B3673A53AB6F-LeaderElection281] INFO  impl.LeaderElection (LeaderElection.java:logAndReturn(56)) - 1ee6da7b-5867-4bad-ba0d-a2cfd13fd72a@group-B3673A53AB6F-LeaderElection281: Election REJECTED; received 2 response(s) [1ee6da7b-5867-4bad-ba0d-a2cfd13fd72a<-f94c755f-9f95-40b5-85b9-5e712f3f34e7#0:FAIL-t154, 1ee6da7b-5867-4bad-ba0d-a2cfd13fd72a<-4281bf39-36db-462c-8bc9-3c86cb645344#0:FAIL-t154] and 0 exception(s); 1ee6da7b-5867-4bad-ba0d-a2cfd13fd72a@group-B3673A53AB6F:t154, leader=null, voted=1ee6da7b-5867-4bad-ba0d-a2cfd13fd72a, raftlog=1ee6da7b-5867-4bad-ba0d-a2cfd13fd72a@group-B3673A53AB6F-SegmentedRaftLog:OPENED:c-1,f-1,i0, conf=-1: [f94c755f-9f95-40b5-85b9-5e712f3f34e7:192.168.157.203:45275, 1ee6da7b-5867-4bad-ba0d-a2cfd13fd72a:192.168.157.203:35892, 4281bf39-36db-462c-8bc9-3c86cb645344:192.168.157.203:42381], old=null
2019-10-16 11:35:57,171 [1ee6da7b-5867-4bad-ba0d-a2cfd13fd72a@group-B3673A53AB6F-LeaderElection281] INFO  impl.RaftServerImpl (RaftServerImpl.java:setRole(184)) - 1ee6da7b-5867-4bad-ba0d-a2cfd13fd72a@group-B3673A53AB6F: changes role from CANDIDATE to FOLLOWER at term 154 for DISCOVERED_A_NEW_TERM
2019-10-16 11:35:57,172 [1ee6da7b-5867-4bad-ba0d-a2cfd13fd72a@group-B3673A53AB6F-LeaderElection281] INFO  impl.RoleInfo (RoleInfo.java:shutdownLeaderElection(134)) - 1ee6da7b-5867-4bad-ba0d-a2cfd13fd72a: shutdown LeaderElection
2019-10-16 11:35:57,172 [1ee6da7b-5867-4bad-ba0d-a2cfd13fd72a@group-B3673A53AB6F-LeaderElection281] INFO  impl.RoleInfo (RoleInfo.java:updateAndGet(143)) - 1ee6da7b-5867-4bad-ba0d-a2cfd13fd72a: start FollowerState
2019-10-16 11:35:57,280 [Thread-2279] INFO  impl.FollowerState (FollowerState.java:run(108)) - 1ee6da7b-5867-4bad-ba0d-a2cfd13fd72a@group-B3673A53AB6F-FollowerState: change to CANDIDATE, lastRpcTime:108ms, electionTimeout:108ms
2019-10-16 11:35:57,280 [Thread-2279] INFO  impl.RoleInfo (RoleInfo.java:shutdownFollowerState(121)) - 1ee6da7b-5867-4bad-ba0d-a2cfd13fd72a: shutdown FollowerState
2019-10-16 11:35:57,281 [Thread-2279] INFO  impl.RaftServerImpl (RaftServerImpl.java:setRole(184)) - 1ee6da7b-5867-4bad-ba0d-a2cfd13fd72a@group-B3673A53AB6F: changes role from  FOLLOWER to CANDIDATE at term 154 for changeToCandidate
2019-10-16 11:35:57,281 [Thread-2279] INFO  impl.RoleInfo (RoleInfo.java:updateAndGet(143)) - 1ee6da7b-5867-4bad-ba0d-a2cfd13fd72a: start LeaderElection
2019-10-16 11:35:57,301 [1ee6da7b-5867-4bad-ba0d-a2cfd13fd72a@group-B3673A53AB6F-LeaderElection283] INFO  impl.LeaderElection (LeaderElection.java:askForVotes(178)) - 1ee6da7b-5867-4bad-ba0d-a2cfd13fd72a@group-B3673A53AB6F-LeaderElection283: begin an election at term 155 for -1: [f94c755f-9f95-40b5-85b9-5e712f3f34e7:192.168.157.203:45275, 1ee6da7b-5867-4bad-ba0d-a2cfd13fd72a:192.168.157.203:35892, 4281bf39-36db-462c-8bc9-3c86cb645344:192.168.157.203:42381], old=null
2019-10-16 11:35:57,301 [1ee6da7b-5867-4bad-ba0d-a2cfd13fd72a@group-B3673A53AB6F-LeaderElection283] INFO  impl.LeaderElection (LeaderElection.java:logAndReturn(56)) - 1ee6da7b-5867-4bad-ba0d-a2cfd13fd72a@group-B3673A53AB6F-LeaderElection283: Election TIMEOUT; received 0 response(s) [] and 0 exception(s); 1ee6da7b-5867-4bad-ba0d-a2cfd13fd72a@group-B3673A53AB6F:t155, leader=null, voted=1ee6da7b-5867-4bad-ba0d-a2cfd13fd72a, raftlog=1ee6da7b-5867-4bad-ba0d-a2cfd13fd72a@group-B3673A53AB6F-SegmentedRaftLog:OPENED:c-1,f-1,i0, conf=-1: [f94c755f-9f95-40b5-85b9-5e712f3f34e7:192.168.157.203:45275, 1ee6da7b-5867-4bad-ba0d-a2cfd13fd72a:192.168.157.203:35892, 4281bf39-36db-462c-8bc9-3c86cb645344:192.168.157.203:42381], old=null
2019-10-16 11:35:57,303 [grpc-default-executor-3] INFO  impl.RaftServerImpl (RaftServerImpl.java:setRole(184)) - f94c755f-9f95-40b5-85b9-5e712f3f34e7@group-B3673A53AB6F: changes role from  FOLLOWER to FOLLOWER at term 155 for recognizeCandidate:1ee6da7b-5867-4bad-ba0d-a2cfd13fd72a
2019-10-16 11:35:57,303 [grpc-default-executor-3] INFO  impl.RoleInfo (RoleInfo.java:shutdownFollowerState(121)) - f94c755f-9f95-40b5-85b9-5e712f3f34e7: shutdown FollowerState
2019-10-16 11:35:57,303 [grpc-default-executor-1] INFO  impl.RaftServerImpl (RaftServerImpl.java:setRole(184)) - 4281bf39-36db-462c-8bc9-3c86cb645344@group-B3673A53AB6F: changes role from  FOLLOWER to FOLLOWER at term 155 for recognizeCandidate:1ee6da7b-5867-4bad-ba0d-a2cfd13fd72a
2019-10-16 11:35:57,303 [grpc-default-executor-3] INFO  impl.RoleInfo (RoleInfo.java:updateAndGet(143)) - f94c755f-9f95-40b5-85b9-5e712f3f34e7: start FollowerState
2019-10-16 11:35:57,303 [grpc-default-executor-1] INFO  impl.RoleInfo (RoleInfo.java:shutdownFollowerState(121)) - 4281bf39-36db-462c-8bc9-3c86cb645344: shutdown FollowerState
2019-10-16 11:35:57,303 [Thread-2277] INFO  impl.FollowerState (FollowerState.java:run(117)) - f94c755f-9f95-40b5-85b9-5e712f3f34e7@group-B3673A53AB6F-FollowerState was interrupted: java.lang.InterruptedException: sleep interrupted
2019-10-16 11:35:57,304 [grpc-default-executor-1] INFO  impl.RoleInfo (RoleInfo.java:updateAndGet(143)) - 4281bf39-36db-462c-8bc9-3c86cb645344: start FollowerState
2019-10-16 11:35:57,304 [Thread-2278] INFO  impl.FollowerState (FollowerState.java:run(117)) - 4281bf39-36db-462c-8bc9-3c86cb645344@group-B3673A53AB6F-FollowerState was interrupted: java.lang.InterruptedException: sleep interrupted
2019-10-16 11:35:57,318 [1ee6da7b-5867-4bad-ba0d-a2cfd13fd72a@group-B3673A53AB6F-LeaderElection283] INFO  impl.LeaderElection (LeaderElection.java:askForVotes(178)) - 1ee6da7b-5867-4bad-ba0d-a2cfd13fd72a@group-B3673A53AB6F-LeaderElection283: begin an election at term 156 for -1: [f94c755f-9f95-40b5-85b9-5e712f3f34e7:192.168.157.203:45275, 1ee6da7b-5867-4bad-ba0d-a2cfd13fd72a:192.168.157.203:35892, 4281bf39-36db-462c-8bc9-3c86cb645344:192.168.157.203:42381], old=null
2019-10-16 11:35:57,319 [grpc-default-executor-3] INFO  impl.RaftServerImpl (RaftServerImpl.java:setRole(184)) - f94c755f-9f95-40b5-85b9-5e712f3f34e7@group-B3673A53AB6F: changes role from  FOLLOWER to FOLLOWER at term 156 for recognizeCandidate:1ee6da7b-5867-4bad-ba0d-a2cfd13fd72a
2019-10-16 11:35:57,320 [grpc-default-executor-3] INFO  impl.RoleInfo (RoleInfo.java:shutdownFollowerState(121)) - f94c755f-9f95-40b5-85b9-5e712f3f34e7: shutdown FollowerState
2019-10-16 11:35:57,320 [grpc-default-executor-3] INFO  impl.RoleInfo (RoleInfo.java:updateAndGet(143)) - f94c755f-9f95-40b5-85b9-5e712f3f34e7: start FollowerState
2019-10-16 11:35:57,320 [Thread-2283] INFO  impl.FollowerState (FollowerState.java:run(117)) - f94c755f-9f95-40b5-85b9-5e712f3f34e7@group-B3673A53AB6F-FollowerState was interrupted: java.lang.InterruptedException: sleep interrupted
2019-10-16 11:35:57,320 [grpc-default-executor-1] INFO  impl.RaftServerImpl (RaftServerImpl.java:setRole(184)) - 4281bf39-36db-462c-8bc9-3c86cb645344@group-B3673A53AB6F: changes role from  FOLLOWER to FOLLOWER at term 156 for recognizeCandidate:1ee6da7b-5867-4bad-ba0d-a2cfd13fd72a
2019-10-16 11:35:57,320 [grpc-default-executor-1] INFO  impl.RoleInfo (RoleInfo.java:shutdownFollowerState(121)) - 4281bf39-36db-462c-8bc9-3c86cb645344: shutdown FollowerState
2019-10-16 11:35:57,321 [grpc-default-executor-1] INFO  impl.RoleInfo (RoleInfo.java:updateAndGet(143)) - 4281bf39-36db-462c-8bc9-3c86cb645344: start FollowerState
2019-10-16 11:35:57,321 [Thread-2284] INFO  impl.FollowerState (FollowerState.java:run(117)) - 4281bf39-36db-462c-8bc9-3c86cb645344@group-B3673A53AB6F-FollowerState was interrupted: java.lang.InterruptedException: sleep interrupted
2019-10-16 11:35:57,332 [1ee6da7b-5867-4bad-ba0d-a2cfd13fd72a@group-B3673A53AB6F-LeaderElection283] INFO  impl.LeaderElection (LeaderElection.java:logAndReturn(56)) - 1ee6da7b-5867-4bad-ba0d-a2cfd13fd72a@group-B3673A53AB6F-LeaderElection283: Election REJECTED; received 2 response(s) [1ee6da7b-5867-4bad-ba0d-a2cfd13fd72a<-f94c755f-9f95-40b5-85b9-5e712f3f34e7#0:FAIL-t156, 1ee6da7b-5867-4bad-ba0d-a2cfd13fd72a<-4281bf39-36db-462c-8bc9-3c86cb645344#0:FAIL-t156] and 0 exception(s); 1ee6da7b-5867-4bad-ba0d-a2cfd13fd72a@group-B3673A53AB6F:t156, leader=null, voted=1ee6da7b-5867-4bad-ba0d-a2cfd13fd72a, raftlog=1ee6da7b-5867-4bad-ba0d-a2cfd13fd72a@group-B3673A53AB6F-SegmentedRaftLog:OPENED:c-1,f-1,i0, conf=-1: [f94c755f-9f95-40b5-85b9-5e712f3f34e7:192.168.157.203:45275, 1ee6da7b-5867-4bad-ba0d-a2cfd13fd72a:192.168.157.203:35892, 4281bf39-36db-462c-8bc9-3c86cb645344:192.168.157.203:42381], old=null
2019-10-16 11:35:57,332 [1ee6da7b-5867-4bad-ba0d-a2cfd13fd72a@group-B3673A53AB6F-LeaderElection283] INFO  impl.RaftServerImpl (RaftServerImpl.java:setRole(184)) - 1ee6da7b-5867-4bad-ba0d-a2cfd13fd72a@group-B3673A53AB6F: changes role from CANDIDATE to FOLLOWER at term 156 for DISCOVERED_A_NEW_TERM
2019-10-16 11:35:57,333 [1ee6da7b-5867-4bad-ba0d-a2cfd13fd72a@group-B3673A53AB6F-LeaderElection283] INFO  impl.RoleInfo (RoleInfo.java:shutdownLeaderElection(134)) - 1ee6da7b-5867-4bad-ba0d-a2cfd13fd72a: shutdown LeaderElection
2019-10-16 11:35:57,333 [1ee6da7b-5867-4bad-ba0d-a2cfd13fd72a@group-B3673A53AB6F-LeaderElection283] INFO  impl.RoleInfo (RoleInfo.java:updateAndGet(143)) - 1ee6da7b-5867-4bad-ba0d-a2cfd13fd72a: start FollowerState
2019-10-16 11:35:57,360 [Thread-2276] INFO  impl.FollowerState (FollowerState.java:run(108)) - a3132885-145f-4a8c-85f4-c10eb874732d@group-2077DD483DC7-FollowerState: change to CANDIDATE, lastRpcTime:204ms, electionTimeout:197ms
2019-10-16 11:35:57,360 [Thread-2276] INFO  impl.RoleInfo (RoleInfo.java:shutdownFollowerState(121)) - a3132885-145f-4a8c-85f4-c10eb874732d: shutdown FollowerState
2019-10-16 11:35:57,360 [Thread-2276] INFO  impl.RaftServerImpl (RaftServerImpl.java:setRole(184)) - a3132885-145f-4a8c-85f4-c10eb874732d@group-2077DD483DC7: changes role from  FOLLOWER to CANDIDATE at term 143 for changeToCandidate
2019-10-16 11:35:57,360 [Thread-2276] INFO  impl.RoleInfo (RoleInfo.java:updateAndGet(143)) - a3132885-145f-4a8c-85f4-c10eb874732d: start LeaderElection
2019-10-16 11:35:57,375 [a3132885-145f-4a8c-85f4-c10eb874732d@group-2077DD483DC7-LeaderElection284] INFO  impl.LeaderElection (LeaderElection.java:askForVotes(178)) - a3132885-145f-4a8c-85f4-c10eb874732d@group-2077DD483DC7-LeaderElection284: begin an election at term 144 for -1: [163587bb-2c3b-4498-b576-18147cf38274:192.168.157.203:33208, a3132885-145f-4a8c-85f4-c10eb874732d:192.168.157.203:46766, 70b633f6-b230-4b9f-87f3-510da88f1e08:192.168.157.203:43163], old=null
2019-10-16 11:35:57,376 [grpc-default-executor-3] INFO  impl.RaftServerImpl (RaftServerImpl.java:setRole(184)) - 163587bb-2c3b-4498-b576-18147cf38274@group-2077DD483DC7: changes role from  FOLLOWER to FOLLOWER at term 144 for recognizeCandidate:a3132885-145f-4a8c-85f4-c10eb874732d
2019-10-16 11:35:57,376 [grpc-default-executor-3] INFO  impl.RoleInfo (RoleInfo.java:shutdownFollowerState(121)) - 163587bb-2c3b-4498-b576-18147cf38274: shutdown FollowerState
2019-10-16 11:35:57,377 [grpc-default-executor-1] INFO  impl.RaftServerImpl (RaftServerImpl.java:setRole(184)) - 70b633f6-b230-4b9f-87f3-510da88f1e08@group-2077DD483DC7: changes role from  FOLLOWER to FOLLOWER at term 144 for recognizeCandidate:a3132885-145f-4a8c-85f4-c10eb874732d
2019-10-16 11:35:57,377 [Thread-2270] INFO  impl.FollowerState (FollowerState.java:run(117)) - 163587bb-2c3b-4498-b576-18147cf38274@group-2077DD483DC7-FollowerState was interrupted: java.lang.InterruptedException: sleep interrupted
2019-10-16 11:35:57,377 [grpc-default-executor-3] INFO  impl.RoleInfo (RoleInfo.java:updateAndGet(143)) - 163587bb-2c3b-4498-b576-18147cf38274: start FollowerState
2019-10-16 11:35:57,377 [grpc-default-executor-1] INFO  impl.RoleInfo (RoleInfo.java:shutdownFollowerState(121)) - 70b633f6-b230-4b9f-87f3-510da88f1e08: shutdown FollowerState
2019-10-16 11:35:57,378 [grpc-default-executor-1] INFO  impl.RoleInfo (RoleInfo.java:updateAndGet(143)) - 70b633f6-b230-4b9f-87f3-510da88f1e08: start FollowerState
2019-10-16 11:35:57,378 [Thread-2271] INFO  impl.FollowerState (FollowerState.java:run(117)) - 70b633f6-b230-4b9f-87f3-510da88f1e08@group-2077DD483DC7-FollowerState was interrupted: java.lang.InterruptedException: sleep interrupted
2019-10-16 11:35:57,389 [a3132885-145f-4a8c-85f4-c10eb874732d@group-2077DD483DC7-LeaderElection284] INFO  impl.LeaderElection (LeaderElection.java:logAndReturn(56)) - a3132885-145f-4a8c-85f4-c10eb874732d@group-2077DD483DC7-LeaderElection284: Election TIMEOUT; received 0 response(s) [] and 0 exception(s); a3132885-145f-4a8c-85f4-c10eb874732d@group-2077DD483DC7:t144, leader=null, voted=a3132885-145f-4a8c-85f4-c10eb874732d, raftlog=a3132885-145f-4a8c-85f4-c10eb874732d@group-2077DD483DC7-SegmentedRaftLog:OPENED:c-1,f-1,i0, conf=-1: [163587bb-2c3b-4498-b576-18147cf38274:192.168.157.203:33208, a3132885-145f-4a8c-85f4-c10eb874732d:192.168.157.203:46766, 70b633f6-b230-4b9f-87f3-510da88f1e08:192.168.157.203:43163], old=null
2019-10-16 11:35:57,400 [Thread-2290] INFO  impl.FollowerState (FollowerState.java:run(108)) - 1ee6da7b-5867-4bad-ba0d-a2cfd13fd72a@group-B3673A53AB6F-FollowerState: change to CANDIDATE, lastRpcTime:66ms, electionTimeout:66ms
2019-10-16 11:35:57,400 [Thread-2290] INFO  impl.RoleInfo (RoleInfo.java:shutdownFollowerState(121)) - 1ee6da7b-5867-4bad-ba0d-a2cfd13fd72a: shutdown FollowerState
2019-10-16 11:35:57,402 [Thread-2290] INFO  impl.RaftServerImpl (RaftServerImpl.java:setRole(184)) - 1ee6da7b-5867-4bad-ba0d-a2cfd13fd72a@group-B3673A53AB6F: changes role from  FOLLOWER to CANDIDATE at term 156 for changeToCandidate
2019-10-16 11:35:57,405 [Thread-2290] INFO  impl.RoleInfo (RoleInfo.java:updateAndGet(143)) - 1ee6da7b-5867-4bad-ba0d-a2cfd13fd72a: start LeaderElection
2019-10-16 11:35:57,405 [a3132885-145f-4a8c-85f4-c10eb874732d@group-2077DD483DC7-LeaderElection284] INFO  impl.LeaderElection (LeaderElection.java:askForVotes(178)) - a3132885-145f-4a8c-85f4-c10eb874732d@group-2077DD483DC7-LeaderElection284: begin an election at term 145 for -1: [163587bb-2c3b-4498-b576-18147cf38274:192.168.157.203:33208, a3132885-145f-4a8c-85f4-c10eb874732d:192.168.157.203:46766, 70b633f6-b230-4b9f-87f3-510da88f1e08:192.168.157.203:43163], old=null
2019-10-16 11:35:57,408 [grpc-default-executor-3] INFO  impl.RaftServerImpl (RaftServerImpl.java:setRole(184)) - 163587bb-2c3b-4498-b576-18147cf38274@group-2077DD483DC7: changes role from  FOLLOWER to FOLLOWER at term 145 for recognizeCandidate:a3132885-145f-4a8c-85f4-c10eb874732d
2019-10-16 11:35:57,408 [grpc-default-executor-3] INFO  impl.RoleInfo (RoleInfo.java:shutdownFollowerState(121)) - 163587bb-2c3b-4498-b576-18147cf38274: shutdown FollowerState
2019-10-16 11:35:57,408 [grpc-default-executor-3] INFO  impl.RoleInfo (RoleInfo.java:updateAndGet(143)) - 163587bb-2c3b-4498-b576-18147cf38274: start FollowerState
2019-10-16 11:35:57,408 [Thread-2296] INFO  impl.FollowerState (FollowerState.java:run(117)) - 163587bb-2c3b-4498-b576-18147cf38274@group-2077DD483DC7-FollowerState was interrupted: java.lang.InterruptedException: sleep interrupted
2019-10-16 11:35:57,408 [grpc-default-executor-1] INFO  impl.RaftServerImpl (RaftServerImpl.java:setRole(184)) - 70b633f6-b230-4b9f-87f3-510da88f1e08@group-2077DD483DC7: changes role from  FOLLOWER to FOLLOWER at term 145 for recognizeCandidate:a3132885-145f-4a8c-85f4-c10eb874732d
2019-10-16 11:35:57,408 [grpc-default-executor-1] INFO  impl.RoleInfo (RoleInfo.java:shutdownFollowerState(121)) - 70b633f6-b230-4b9f-87f3-510da88f1e08: shutdown FollowerState
2019-10-16 11:35:57,408 [grpc-default-executor-1] INFO  impl.RoleInfo (RoleInfo.java:updateAndGet(143)) - 70b633f6-b230-4b9f-87f3-510da88f1e08: start FollowerState
2019-10-16 11:35:57,408 [Thread-2297] INFO  impl.FollowerState (FollowerState.java:run(117)) - 70b633f6-b230-4b9f-87f3-510da88f1e08@group-2077DD483DC7-FollowerState was interrupted: java.lang.InterruptedException: sleep interrupted
2019-10-16 11:35:57,416 [1ee6da7b-5867-4bad-ba0d-a2cfd13fd72a@group-B3673A53AB6F-LeaderElection285] INFO  impl.LeaderElection (LeaderElection.java:askForVotes(178)) - 1ee6da7b-5867-4bad-ba0d-a2cfd13fd72a@group-B3673A53AB6F-LeaderElection285: begin an election at term 157 for -1: [f94c755f-9f95-40b5-85b9-5e712f3f34e7:192.168.157.203:45275, 1ee6da7b-5867-4bad-ba0d-a2cfd13fd72a:192.168.157.203:35892, 4281bf39-36db-462c-8bc9-3c86cb645344:192.168.157.203:42381], old=null
2019-10-16 11:35:57,417 [a3132885-145f-4a8c-85f4-c10eb874732d@group-2077DD483DC7-LeaderElection284] INFO  impl.LeaderElection (LeaderElection.java:logAndReturn(56)) - a3132885-145f-4a8c-85f4-c10eb874732d@group-2077DD483DC7-LeaderElection284: Election REJECTED; received 2 response(s) [a3132885-145f-4a8c-85f4-c10eb874732d<-163587bb-2c3b-4498-b576-18147cf38274#0:FAIL-t145, a3132885-145f-4a8c-85f4-c10eb874732d<-70b633f6-b230-4b9f-87f3-510da88f1e08#0:FAIL-t145] and 0 exception(s); a3132885-145f-4a8c-85f4-c10eb874732d@group-2077DD483DC7:t145, leader=null, voted=a3132885-145f-4a8c-85f4-c10eb874732d, raftlog=a3132885-145f-4a8c-85f4-c10eb874732d@group-2077DD483DC7-SegmentedRaftLog:OPENED:c-1,f-1,i0, conf=-1: [163587bb-2c3b-4498-b576-18147cf38274:192.168.157.203:33208, a3132885-145f-4a8c-85f4-c10eb874732d:192.168.157.203:46766, 70b633f6-b230-4b9f-87f3-510da88f1e08:192.168.157.203:43163], old=null
2019-10-16 11:35:57,417 [a3132885-145f-4a8c-85f4-c10eb874732d@group-2077DD483DC7-LeaderElection284] INFO  impl.RaftServerImpl (RaftServerImpl.java:setRole(184)) - a3132885-145f-4a8c-85f4-c10eb874732d@group-2077DD483DC7: changes role from CANDIDATE to FOLLOWER at term 145 for DISCOVERED_A_NEW_TERM
2019-10-16 11:35:57,417 [a3132885-145f-4a8c-85f4-c10eb874732d@group-2077DD483DC7-LeaderElection284] INFO  impl.RoleInfo (RoleInfo.java:shutdownLeaderElection(134)) - a3132885-145f-4a8c-85f4-c10eb874732d: shutdown LeaderElection
2019-10-16 11:35:57,417 [a3132885-145f-4a8c-85f4-c10eb874732d@group-2077DD483DC7-LeaderElection284] INFO  impl.RoleInfo (RoleInfo.java:updateAndGet(143)) - a3132885-145f-4a8c-85f4-c10eb874732d: start FollowerState
2019-10-16 11:35:57,419 [grpc-default-executor-1] INFO  impl.RaftServerImpl (RaftServerImpl.java:setRole(184)) - f94c755f-9f95-40b5-85b9-5e712f3f34e7@group-B3673A53AB6F: changes role from  FOLLOWER to FOLLOWER at term 157 for recognizeCandidate:1ee6da7b-5867-4bad-ba0d-a2cfd13fd72a
2019-10-16 11:35:57,419 [grpc-default-executor-1] INFO  impl.RoleInfo (RoleInfo.java:shutdownFollowerState(121)) - f94c755f-9f95-40b5-85b9-5e712f3f34e7: shutdown FollowerState
2019-10-16 11:35:57,419 [grpc-default-executor-4] INFO  impl.RaftServerImpl (RaftServerImpl.java:setRole(184)) - 4281bf39-36db-462c-8bc9-3c86cb645344@group-B3673A53AB6F: changes role from  FOLLOWER to FOLLOWER at term 157 for recognizeCandidate:1ee6da7b-5867-4bad-ba0d-a2cfd13fd72a
2019-10-16 11:35:57,419 [Thread-2287] INFO  impl.FollowerState (FollowerState.java:run(117)) - f94c755f-9f95-40b5-85b9-5e712f3f34e7@group-B3673A53AB6F-FollowerState was interrupted: java.lang.InterruptedException: sleep interrupted
2019-10-16 11:35:57,419 [grpc-default-executor-4] INFO  impl.RoleInfo (RoleInfo.java:shutdownFollowerState(121)) - 4281bf39-36db-462c-8bc9-3c86cb645344: shutdown FollowerState
2019-10-16 11:35:57,419 [grpc-default-executor-1] INFO  impl.RoleInfo (RoleInfo.java:updateAndGet(143)) - f94c755f-9f95-40b5-85b9-5e712f3f34e7: start FollowerState
2019-10-16 11:35:57,420 [Thread-2288] INFO  impl.FollowerState (FollowerState.java:run(117)) - 4281bf39-36db-462c-8bc9-3c86cb645344@group-B3673A53AB6F-FollowerState was interrupted: java.lang.InterruptedException: sleep interrupted
2019-10-16 11:35:57,420 [grpc-default-executor-4] INFO  impl.RoleInfo (RoleInfo.java:updateAndGet(143)) - 4281bf39-36db-462c-8bc9-3c86cb645344: start FollowerState
2019-10-16 11:35:57,434 [1ee6da7b-5867-4bad-ba0d-a2cfd13fd72a@group-B3673A53AB6F-LeaderElection285] INFO  impl.LeaderElection (LeaderElection.java:logAndReturn(56)) - 1ee6da7b-5867-4bad-ba0d-a2cfd13fd72a@group-B3673A53AB6F-LeaderElection285: Election REJECTED; received 2 response(s) [1ee6da7b-5867-4bad-ba0d-a2cfd13fd72a<-f94c755f-9f95-40b5-85b9-5e712f3f34e7#0:FAIL-t157, 1ee6da7b-5867-4bad-ba0d-a2cfd13fd72a<-4281bf39-36db-462c-8bc9-3c86cb645344#0:FAIL-t157] and 0 exception(s); 1ee6da7b-5867-4bad-ba0d-a2cfd13fd72a@group-B3673A53AB6F:t157, leader=null, voted=1ee6da7b-5867-4bad-ba0d-a2cfd13fd72a, raftlog=1ee6da7b-5867-4bad-ba0d-a2cfd13fd72a@group-B3673A53AB6F-SegmentedRaftLog:OPENED:c-1,f-1,i0, conf=-1: [f94c755f-9f95-40b5-85b9-5e712f3f34e7:192.168.157.203:45275, 1ee6da7b-5867-4bad-ba0d-a2cfd13fd72a:192.168.157.203:35892, 4281bf39-36db-462c-8bc9-3c86cb645344:192.168.157.203:42381], old=null
2019-10-16 11:35:57,434 [1ee6da7b-5867-4bad-ba0d-a2cfd13fd72a@group-B3673A53AB6F-LeaderElection285] INFO  impl.RaftServerImpl (RaftServerImpl.java:setRole(184)) - 1ee6da7b-5867-4bad-ba0d-a2cfd13fd72a@group-B3673A53AB6F: changes role from CANDIDATE to FOLLOWER at term 157 for DISCOVERED_A_NEW_TERM
2019-10-16 11:35:57,434 [1ee6da7b-5867-4bad-ba0d-a2cfd13fd72a@group-B3673A53AB6F-LeaderElection285] INFO  impl.RoleInfo (RoleInfo.java:shutdownLeaderElection(134)) - 1ee6da7b-5867-4bad-ba0d-a2cfd13fd72a: shutdown LeaderElection
2019-10-16 11:35:57,434 [1ee6da7b-5867-4bad-ba0d-a2cfd13fd72a@group-B3673A53AB6F-LeaderElection285] INFO  impl.RoleInfo (RoleInfo.java:updateAndGet(143)) - 1ee6da7b-5867-4bad-ba0d-a2cfd13fd72a: start FollowerState
2019-10-16 11:35:57,600 [Thread-2311] INFO  impl.FollowerState (FollowerState.java:run(108)) - a3132885-145f-4a8c-85f4-c10eb874732d@group-2077DD483DC7-FollowerState: change to CANDIDATE, lastRpcTime:182ms, electionTimeout:181ms
2019-10-16 11:35:57,600 [Thread-2311] INFO  impl.RoleInfo (RoleInfo.java:shutdownFollowerState(121)) - a3132885-145f-4a8c-85f4-c10eb874732d: shutdown FollowerState
2019-10-16 11:35:57,600 [Thread-2311] INFO  impl.RaftServerImpl (RaftServerImpl.java:setRole(184)) - a3132885-145f-4a8c-85f4-c10eb874732d@group-2077DD483DC7: changes role from  FOLLOWER to CANDIDATE at term 145 for changeToCandidate
2019-10-16 11:35:57,602 [Thread-2316] INFO  impl.FollowerState (FollowerState.java:run(108)) - 1ee6da7b-5867-4bad-ba0d-a2cfd13fd72a@group-B3673A53AB6F-FollowerState: change to CANDIDATE, lastRpcTime:167ms, electionTimeout:167ms
2019-10-16 11:35:57,602 [Thread-2316] INFO  impl.RoleInfo (RoleInfo.java:shutdownFollowerState(121)) - 1ee6da7b-5867-4bad-ba0d-a2cfd13fd72a: shutdown FollowerState
2019-10-16 11:35:57,602 [Thread-2316] INFO  impl.RaftServerImpl (RaftServerImpl.java:setRole(184)) - 1ee6da7b-5867-4bad-ba0d-a2cfd13fd72a@group-B3673A53AB6F: changes role from  FOLLOWER to CANDIDATE at term 157 for changeToCandidate
2019-10-16 11:35:57,620 [Thread-2316] INFO  impl.RoleInfo (RoleInfo.java:updateAndGet(143)) - 1ee6da7b-5867-4bad-ba0d-a2cfd13fd72a: start LeaderElection
2019-10-16 11:35:57,620 [Thread-2311] INFO  impl.RoleInfo (RoleInfo.java:updateAndGet(143)) - a3132885-145f-4a8c-85f4-c10eb874732d: start LeaderElection
2019-10-16 11:35:57,627 [a3132885-145f-4a8c-85f4-c10eb874732d@group-2077DD483DC7-LeaderElection286] INFO  impl.LeaderElection (LeaderElection.java:askForVotes(178)) - a3132885-145f-4a8c-85f4-c10eb874732d@group-2077DD483DC7-LeaderElection286: begin an election at term 146 for -1: [163587bb-2c3b-4498-b576-18147cf38274:192.168.157.203:33208, a3132885-145f-4a8c-85f4-c10eb874732d:192.168.157.203:46766, 70b633f6-b230-4b9f-87f3-510da88f1e08:192.168.157.203:43163], old=null
2019-10-16 11:35:57,627 [1ee6da7b-5867-4bad-ba0d-a2cfd13fd72a@group-B3673A53AB6F-LeaderElection287] INFO  impl.LeaderElection (LeaderElection.java:askForVotes(178)) - 1ee6da7b-5867-4bad-ba0d-a2cfd13fd72a@group-B3673A53AB6F-LeaderElection287: begin an election at term 158 for -1: [f94c755f-9f95-40b5-85b9-5e712f3f34e7:192.168.157.203:45275, 1ee6da7b-5867-4bad-ba0d-a2cfd13fd72a:192.168.157.203:35892, 4281bf39-36db-462c-8bc9-3c86cb645344:192.168.157.203:42381], old=null
2019-10-16 11:35:57,645 [grpc-default-executor-0] INFO  impl.RaftServerImpl (RaftServerImpl.java:setRole(184)) - f94c755f-9f95-40b5-85b9-5e712f3f34e7@group-B3673A53AB6F: changes role from  FOLLOWER to FOLLOWER at term 158 for recognizeCandidate:1ee6da7b-5867-4bad-ba0d-a2cfd13fd72a
2019-10-16 11:35:57,646 [grpc-default-executor-0] INFO  impl.RoleInfo (RoleInfo.java:shutdownFollowerState(121)) - f94c755f-9f95-40b5-85b9-5e712f3f34e7: shutdown FollowerState
2019-10-16 11:35:57,646 [grpc-default-executor-0] INFO  impl.RoleInfo (RoleInfo.java:updateAndGet(143)) - f94c755f-9f95-40b5-85b9-5e712f3f34e7: start FollowerState
2019-10-16 11:35:57,646 [Thread-2312] INFO  impl.FollowerState (FollowerState.java:run(117)) - f94c755f-9f95-40b5-85b9-5e712f3f34e7@group-B3673A53AB6F-FollowerState was interrupted: java.lang.InterruptedException: sleep interrupted
2019-10-16 11:35:57,647 [grpc-default-executor-1] INFO  impl.RaftServerImpl (RaftServerImpl.java:setRole(184)) - 70b633f6-b230-4b9f-87f3-510da88f1e08@group-2077DD483DC7: changes role from  FOLLOWER to FOLLOWER at term 146 for recognizeCandidate:a3132885-145f-4a8c-85f4-c10eb874732d
2019-10-16 11:35:57,648 [grpc-default-executor-1] INFO  impl.RoleInfo (RoleInfo.java:shutdownFollowerState(121)) - 70b633f6-b230-4b9f-87f3-510da88f1e08: shutdown FollowerState
2019-10-16 11:35:57,648 [grpc-default-executor-3] INFO  impl.RaftServerImpl (RaftServerImpl.java:setRole(184)) - 163587bb-2c3b-4498-b576-18147cf38274@group-2077DD483DC7: changes role from  FOLLOWER to FOLLOWER at term 146 for recognizeCandidate:a3132885-145f-4a8c-85f4-c10eb874732d
2019-10-16 11:35:57,648 [grpc-default-executor-3] INFO  impl.RoleInfo (RoleInfo.java:shutdownFollowerState(121)) - 163587bb-2c3b-4498-b576-18147cf38274: shutdown FollowerState
2019-10-16 11:35:57,649 [grpc-default-executor-4] INFO  impl.RaftServerImpl (RaftServerImpl.java:setRole(184)) - 4281bf39-36db-462c-8bc9-3c86cb645344@group-B3673A53AB6F: changes role from  FOLLOWER to FOLLOWER at term 158 for recognizeCandidate:1ee6da7b-5867-4bad-ba0d-a2cfd13fd72a
2019-10-16 11:35:57,649 [grpc-default-executor-4] INFO  impl.RoleInfo (RoleInfo.java:shutdownFollowerState(121)) - 4281bf39-36db-462c-8bc9-3c86cb645344: shutdown FollowerState
2019-10-16 11:35:57,653 [1ee6da7b-5867-4bad-ba0d-a2cfd13fd72a@group-B3673A53AB6F-LeaderElection287] INFO  impl.LeaderElection (LeaderElection.java:logAndReturn(56)) - 1ee6da7b-5867-4bad-ba0d-a2cfd13fd72a@group-B3673A53AB6F-LeaderElection287: Election TIMEOUT; received 0 response(s) [] and 0 exception(s); 1ee6da7b-5867-4bad-ba0d-a2cfd13fd72a@group-B3673A53AB6F:t158, leader=null, voted=1ee6da7b-5867-4bad-ba0d-a2cfd13fd72a, raftlog=1ee6da7b-5867-4bad-ba0d-a2cfd13fd72a@group-B3673A53AB6F-SegmentedRaftLog:OPENED:c-1,f-1,i0, conf=-1: [f94c755f-9f95-40b5-85b9-5e712f3f34e7:192.168.157.203:45275, 1ee6da7b-5867-4bad-ba0d-a2cfd13fd72a:192.168.157.203:35892, 4281bf39-36db-462c-8bc9-3c86cb645344:192.168.157.203:42381], old=null
2019-10-16 11:35:57,668 [grpc-default-executor-4] INFO  impl.RoleInfo (RoleInfo.java:updateAndGet(143)) - 4281bf39-36db-462c-8bc9-3c86cb645344: start FollowerState
2019-10-16 11:35:57,668 [grpc-default-executor-1] INFO  impl.RoleInfo (RoleInfo.java:updateAndGet(143)) - 70b633f6-b230-4b9f-87f3-510da88f1e08: start FollowerState
2019-10-16 11:35:57,668 [Thread-2308] INFO  impl.FollowerState (FollowerState.java:run(117)) - 70b633f6-b230-4b9f-87f3-510da88f1e08@group-2077DD483DC7-FollowerState was interrupted: java.lang.InterruptedException: sleep interrupted
2019-10-16 11:35:57,668 [Thread-2307] INFO  impl.FollowerState (FollowerState.java:run(117)) - 163587bb-2c3b-4498-b576-18147cf38274@group-2077DD483DC7-FollowerState was interrupted: java.lang.InterruptedException: sleep interrupted
2019-10-16 11:35:57,668 [grpc-default-executor-3] INFO  impl.RoleInfo (RoleInfo.java:updateAndGet(143)) - 163587bb-2c3b-4498-b576-18147cf38274: start FollowerState
2019-10-16 11:35:57,668 [Thread-2313] INFO  impl.FollowerState (FollowerState.java:run(117)) - 4281bf39-36db-462c-8bc9-3c86cb645344@group-B3673A53AB6F-FollowerState was interrupted: java.lang.InterruptedException: sleep interrupted
2019-10-16 11:35:57,682 [1ee6da7b-5867-4bad-ba0d-a2cfd13fd72a@group-B3673A53AB6F-LeaderElection287] INFO  impl.LeaderElection (LeaderElection.java:askForVotes(178)) - 1ee6da7b-5867-4bad-ba0d-a2cfd13fd72a@group-B3673A53AB6F-LeaderElection287: begin an election at term 159 for -1: [f94c755f-9f95-40b5-85b9-5e712f3f34e7:192.168.157.203:45275, 1ee6da7b-5867-4bad-ba0d-a2cfd13fd72a:192.168.157.203:35892, 4281bf39-36db-462c-8bc9-3c86cb645344:192.168.157.203:42381], old=null
2019-10-16 11:35:57,693 [a3132885-145f-4a8c-85f4-c10eb874732d@group-2077DD483DC7-LeaderElection286] INFO  impl.LeaderElection (LeaderElection.java:logAndReturn(56)) - a3132885-145f-4a8c-85f4-c10eb874732d@group-2077DD483DC7-LeaderElection286: Election REJECTED; received 2 response(s) [a3132885-145f-4a8c-85f4-c10eb874732d<-163587bb-2c3b-4498-b576-18147cf38274#0:FAIL-t146, a3132885-145f-4a8c-85f4-c10eb874732d<-70b633f6-b230-4b9f-87f3-510da88f1e08#0:FAIL-t146] and 0 exception(s); a3132885-145f-4a8c-85f4-c10eb874732d@group-2077DD483DC7:t146, leader=null, voted=a3132885-145f-4a8c-85f4-c10eb874732d, raftlog=a3132885-145f-4a8c-85f4-c10eb874732d@group-2077DD483DC7-SegmentedRaftLog:OPENED:c-1,f-1,i0, conf=-1: [163587bb-2c3b-4498-b576-18147cf38274:192.168.157.203:33208, a3132885-145f-4a8c-85f4-c10eb874732d:192.168.157.203:46766, 70b633f6-b230-4b9f-87f3-510da88f1e08:192.168.157.203:43163], old=null
2019-10-16 11:35:57,693 [a3132885-145f-4a8c-85f4-c10eb874732d@group-2077DD483DC7-LeaderElection286] INFO  impl.RaftServerImpl (RaftServerImpl.java:setRole(184)) - a3132885-145f-4a8c-85f4-c10eb874732d@group-2077DD483DC7: changes role from CANDIDATE to FOLLOWER at term 146 for DISCOVERED_A_NEW_TERM
2019-10-16 11:35:57,694 [a3132885-145f-4a8c-85f4-c10eb874732d@group-2077DD483DC7-LeaderElection286] INFO  impl.RoleInfo (RoleInfo.java:shutdownLeaderElection(134)) - a3132885-145f-4a8c-85f4-c10eb874732d: shutdown LeaderElection
2019-10-16 11:35:57,694 [a3132885-145f-4a8c-85f4-c10eb874732d@group-2077DD483DC7-LeaderElection286] INFO  impl.RoleInfo (RoleInfo.java:updateAndGet(143)) - a3132885-145f-4a8c-85f4-c10eb874732d: start FollowerState
2019-10-16 11:35:57,696 [grpc-default-executor-5] INFO  impl.RaftServerImpl (RaftServerImpl.java:setRole(184)) - f94c755f-9f95-40b5-85b9-5e712f3f34e7@group-B3673A53AB6F: changes role from  FOLLOWER to FOLLOWER at term 159 for recognizeCandidate:1ee6da7b-5867-4bad-ba0d-a2cfd13fd72a
2019-10-16 11:35:57,696 [grpc-default-executor-5] INFO  impl.RoleInfo (RoleInfo.java:shutdownFollowerState(121)) - f94c755f-9f95-40b5-85b9-5e712f3f34e7: shutdown FollowerState
2019-10-16 11:35:57,696 [grpc-default-executor-6] INFO  impl.RaftServerImpl (RaftServerImpl.java:setRole(184)) - 4281bf39-36db-462c-8bc9-3c86cb645344@group-B3673A53AB6F: changes role from  FOLLOWER to FOLLOWER at term 159 for recognizeCandidate:1ee6da7b-5867-4bad-ba0d-a2cfd13fd72a
2019-10-16 11:35:57,696 [grpc-default-executor-6] INFO  impl.RoleInfo (RoleInfo.java:shutdownFollowerState(121)) - 4281bf39-36db-462c-8bc9-3c86cb645344: shutdown FollowerState
2019-10-16 11:35:57,696 [Thread-2336] INFO  impl.FollowerState (FollowerState.java:run(117)) - f94c755f-9f95-40b5-85b9-5e712f3f34e7@group-B3673A53AB6F-FollowerState was interrupted: java.lang.InterruptedException: sleep interrupted
2019-10-16 11:35:57,719 [grpc-default-executor-5] INFO  impl.RoleInfo (RoleInfo.java:updateAndGet(143)) - f94c755f-9f95-40b5-85b9-5e712f3f34e7: start FollowerState
2019-10-16 11:35:57,719 [Thread-2337] INFO  impl.FollowerState (FollowerState.java:run(117)) - 4281bf39-36db-462c-8bc9-3c86cb645344@group-B3673A53AB6F-FollowerState was interrupted: java.lang.InterruptedException: sleep interrupted
2019-10-16 11:35:57,719 [grpc-default-executor-6] INFO  impl.RoleInfo (RoleInfo.java:updateAndGet(143)) - 4281bf39-36db-462c-8bc9-3c86cb645344: start FollowerState
2019-10-16 11:35:57,723 [Thread-2344] INFO  impl.FollowerState (FollowerState.java:run(108)) - a3132885-145f-4a8c-85f4-c10eb874732d@group-2077DD483DC7-FollowerState: change to CANDIDATE, lastRpcTime:29ms, electionTimeout:29ms
2019-10-16 11:35:57,723 [Thread-2344] INFO  impl.RoleInfo (RoleInfo.java:shutdownFollowerState(121)) - a3132885-145f-4a8c-85f4-c10eb874732d: shutdown FollowerState
2019-10-16 11:35:57,724 [Thread-2344] INFO  impl.RaftServerImpl (RaftServerImpl.java:setRole(184)) - a3132885-145f-4a8c-85f4-c10eb874732d@group-2077DD483DC7: changes role from  FOLLOWER to CANDIDATE at term 146 for changeToCandidate
2019-10-16 11:35:57,724 [Thread-2344] INFO  impl.RoleInfo (RoleInfo.java:updateAndGet(143)) - a3132885-145f-4a8c-85f4-c10eb874732d: start LeaderElection
2019-10-16 11:35:57,737 [a3132885-145f-4a8c-85f4-c10eb874732d@group-2077DD483DC7-LeaderElection288] INFO  impl.LeaderElection (LeaderElection.java:askForVotes(178)) - a3132885-145f-4a8c-85f4-c10eb874732d@group-2077DD483DC7-LeaderElection288: begin an election at term 147 for -1: [163587bb-2c3b-4498-b576-18147cf38274:192.168.157.203:33208, a3132885-145f-4a8c-85f4-c10eb874732d:192.168.157.203:46766, 70b633f6-b230-4b9f-87f3-510da88f1e08:192.168.157.203:43163], old=null
2019-10-16 11:35:57,738 [1ee6da7b-5867-4bad-ba0d-a2cfd13fd72a@group-B3673A53AB6F-LeaderElection287] INFO  impl.LeaderElection (LeaderElection.java:logAndReturn(56)) - 1ee6da7b-5867-4bad-ba0d-a2cfd13fd72a@group-B3673A53AB6F-LeaderElection287: Election REJECTED; received 2 response(s) [1ee6da7b-5867-4bad-ba0d-a2cfd13fd72a<-f94c755f-9f95-40b5-85b9-5e712f3f34e7#0:FAIL-t159, 1ee6da7b-5867-4bad-ba0d-a2cfd13fd72a<-4281bf39-36db-462c-8bc9-3c86cb645344#0:FAIL-t159] and 0 exception(s); 1ee6da7b-5867-4bad-ba0d-a2cfd13fd72a@group-B3673A53AB6F:t159, leader=null, voted=1ee6da7b-5867-4bad-ba0d-a2cfd13fd72a, raftlog=1ee6da7b-5867-4bad-ba0d-a2cfd13fd72a@group-B3673A53AB6F-SegmentedRaftLog:OPENED:c-1,f-1,i0, conf=-1: [f94c755f-9f95-40b5-85b9-5e712f3f34e7:192.168.157.203:45275, 1ee6da7b-5867-4bad-ba0d-a2cfd13fd72a:192.168.157.203:35892, 4281bf39-36db-462c-8bc9-3c86cb645344:192.168.157.203:42381], old=null
2019-10-16 11:35:57,740 [1ee6da7b-5867-4bad-ba0d-a2cfd13fd72a@group-B3673A53AB6F-LeaderElection287] INFO  impl.RaftServerImpl (RaftServerImpl.java:setRole(184)) - 1ee6da7b-5867-4bad-ba0d-a2cfd13fd72a@group-B3673A53AB6F: changes role from CANDIDATE to FOLLOWER at term 159 for DISCOVERED_A_NEW_TERM
2019-10-16 11:35:57,741 [1ee6da7b-5867-4bad-ba0d-a2cfd13fd72a@group-B3673A53AB6F-LeaderElection287] INFO  impl.RoleInfo (RoleInfo.java:shutdownLeaderElection(134)) - 1ee6da7b-5867-4bad-ba0d-a2cfd13fd72a: shutdown LeaderElection
2019-10-16 11:35:57,741 [1ee6da7b-5867-4bad-ba0d-a2cfd13fd72a@group-B3673A53AB6F-LeaderElection287] INFO  impl.RoleInfo (RoleInfo.java:updateAndGet(143)) - 1ee6da7b-5867-4bad-ba0d-a2cfd13fd72a: start FollowerState
2019-10-16 11:35:57,744 [grpc-default-executor-4] INFO  impl.RaftServerImpl (RaftServerImpl.java:setRole(184)) - 163587bb-2c3b-4498-b576-18147cf38274@group-2077DD483DC7: changes role from  FOLLOWER to FOLLOWER at term 147 for recognizeCandidate:a3132885-145f-4a8c-85f4-c10eb874732d
2019-10-16 11:35:57,744 [grpc-default-executor-4] INFO  impl.RoleInfo (RoleInfo.java:shutdownFollowerState(121)) - 163587bb-2c3b-4498-b576-18147cf38274: shutdown FollowerState
2019-10-16 11:35:57,746 [grpc-default-executor-4] INFO  impl.RoleInfo (RoleInfo.java:updateAndGet(143)) - 163587bb-2c3b-4498-b576-18147cf38274: start FollowerState
2019-10-16 11:35:57,746 [Thread-2338] INFO  impl.FollowerState (FollowerState.java:run(117)) - 163587bb-2c3b-4498-b576-18147cf38274@group-2077DD483DC7-FollowerState was interrupted: java.lang.InterruptedException: sleep interrupted
2019-10-16 11:35:57,748 [grpc-default-executor-6] INFO  impl.RaftServerImpl (RaftServerImpl.java:setRole(184)) - 70b633f6-b230-4b9f-87f3-510da88f1e08@group-2077DD483DC7: changes role from  FOLLOWER to FOLLOWER at term 147 for recognizeCandidate:a3132885-145f-4a8c-85f4-c10eb874732d
2019-10-16 11:35:57,748 [grpc-default-executor-6] INFO  impl.RoleInfo (RoleInfo.java:shutdownFollowerState(121)) - 70b633f6-b230-4b9f-87f3-510da88f1e08: shutdown FollowerState
2019-10-16 11:35:57,748 [grpc-default-executor-6] INFO  impl.RoleInfo (RoleInfo.java:updateAndGet(143)) - 70b633f6-b230-4b9f-87f3-510da88f1e08: start FollowerState
2019-10-16 11:35:57,748 [Thread-2339] INFO  impl.FollowerState (FollowerState.java:run(117)) - 70b633f6-b230-4b9f-87f3-510da88f1e08@group-2077DD483DC7-FollowerState was interrupted: java.lang.InterruptedException: sleep interrupted
2019-10-16 11:35:57,755 [a3132885-145f-4a8c-85f4-c10eb874732d@group-2077DD483DC7-LeaderElection288] INFO  impl.LeaderElection (LeaderElection.java:logAndReturn(56)) - a3132885-145f-4a8c-85f4-c10eb874732d@group-2077DD483DC7-LeaderElection288: Election REJECTED; received 2 response(s) [a3132885-145f-4a8c-85f4-c10eb874732d<-163587bb-2c3b-4498-b576-18147cf38274#0:FAIL-t147, a3132885-145f-4a8c-85f4-c10eb874732d<-70b633f6-b230-4b9f-87f3-510da88f1e08#0:FAIL-t147] and 0 exception(s); a3132885-145f-4a8c-85f4-c10eb874732d@group-2077DD483DC7:t147, leader=null, voted=a3132885-145f-4a8c-85f4-c10eb874732d, raftlog=a3132885-145f-4a8c-85f4-c10eb874732d@group-2077DD483DC7-SegmentedRaftLog:OPENED:c-1,f-1,i0, conf=-1: [163587bb-2c3b-4498-b576-18147cf38274:192.168.157.203:33208, a3132885-145f-4a8c-85f4-c10eb874732d:192.168.157.203:46766, 70b633f6-b230-4b9f-87f3-510da88f1e08:192.168.157.203:43163], old=null
2019-10-16 11:35:57,755 [a3132885-145f-4a8c-85f4-c10eb874732d@group-2077DD483DC7-LeaderElection288] INFO  impl.RaftServerImpl (RaftServerImpl.java:setRole(184)) - a3132885-145f-4a8c-85f4-c10eb874732d@group-2077DD483DC7: changes role from CANDIDATE to FOLLOWER at term 147 for DISCOVERED_A_NEW_TERM
2019-10-16 11:35:57,755 [a3132885-145f-4a8c-85f4-c10eb874732d@group-2077DD483DC7-LeaderElection288] INFO  impl.RoleInfo (RoleInfo.java:shutdownLeaderElection(134)) - a3132885-145f-4a8c-85f4-c10eb874732d: shutdown LeaderElection
2019-10-16 11:35:57,755 [a3132885-145f-4a8c-85f4-c10eb874732d@group-2077DD483DC7-LeaderElection288] INFO  impl.RoleInfo (RoleInfo.java:updateAndGet(143)) - a3132885-145f-4a8c-85f4-c10eb874732d: start FollowerState
2019-10-16 11:35:57,806 [main] INFO  ozone.MiniOzoneClusterImpl (MiniOzoneClusterImpl.java:shutdown(314)) - Shutting down the Mini Ozone Cluster
2019-10-16 11:35:57,806 [main] INFO  ozone.MiniOzoneClusterImpl (MiniOzoneClusterImpl.java:stop(330)) - Stopping the Mini Ozone Cluster
2019-10-16 11:35:57,807 [main] INFO  ozone.MiniOzoneClusterImpl (MiniOzoneClusterImpl.java:stopOM(400)) - Stopping the OzoneManager
2019-10-16 11:35:57,807 [main] INFO  ipc.Server (Server.java:stop(3082)) - Stopping server on 41033
2019-10-16 11:35:57,811 [IPC Server listener on 41033] INFO  ipc.Server (Server.java:run(1185)) - Stopping IPC Server listener on 41033
2019-10-16 11:35:57,811 [main] INFO  ratis.OzoneManagerDoubleBuffer (OzoneManagerDoubleBuffer.java:stop(250)) - Stopping OMDoubleBuffer flush thread
2019-10-16 11:35:57,816 [IPC Server Responder] INFO  ipc.Server (Server.java:run(1319)) - Stopping IPC Server Responder
2019-10-16 11:35:57,816 [OMDoubleBufferFlushThread] INFO  ratis.OzoneManagerDoubleBuffer (OzoneManagerDoubleBuffer.java:flushTransactions(193)) - OMDoubleBuffer flush thread OMDoubleBufferFlushThread is interrupted and will exit. OMDoubleBufferFlushThread
2019-10-16 11:35:57,822 [main] INFO  utils.BackgroundService (BackgroundService.java:shutdown(151)) - Shutting down service KeyDeletingService
2019-10-16 11:35:57,828 [Thread-2369] INFO  impl.FollowerState (FollowerState.java:run(108)) - a3132885-145f-4a8c-85f4-c10eb874732d@group-2077DD483DC7-FollowerState: change to CANDIDATE, lastRpcTime:72ms, electionTimeout:71ms
2019-10-16 11:35:57,828 [Thread-2369] INFO  impl.RoleInfo (RoleInfo.java:shutdownFollowerState(121)) - a3132885-145f-4a8c-85f4-c10eb874732d: shutdown FollowerState
2019-10-16 11:35:57,829 [Thread-2369] INFO  impl.RaftServerImpl (RaftServerImpl.java:setRole(184)) - a3132885-145f-4a8c-85f4-c10eb874732d@group-2077DD483DC7: changes role from  FOLLOWER to CANDIDATE at term 147 for changeToCandidate
2019-10-16 11:35:57,829 [Thread-2369] INFO  impl.RoleInfo (RoleInfo.java:updateAndGet(143)) - a3132885-145f-4a8c-85f4-c10eb874732d: start LeaderElection
2019-10-16 11:35:57,832 [main] INFO  handler.ContextHandler (ContextHandler.java:doStop(910)) - Stopped o.e.j.w.WebAppContext@12db3386{/,null,UNAVAILABLE}{/ozoneManager}
2019-10-16 11:35:57,838 [main] INFO  server.AbstractConnector (AbstractConnector.java:doStop(318)) - Stopped ServerConnector@4078695f{HTTP/1.1,[http/1.1]}{0.0.0.0:0}
2019-10-16 11:35:57,838 [main] INFO  handler.ContextHandler (ContextHandler.java:doStop(910)) - Stopped o.e.j.s.ServletContextHandler@30b2b76f{/static,file:///workdir/hadoop-ozone/integration-test/target/test-classes/webapps/static,UNAVAILABLE}
2019-10-16 11:35:57,838 [main] INFO  handler.ContextHandler (ContextHandler.java:doStop(910)) - Stopped o.e.j.s.ServletContextHandler@6b63d445{/logs,file:///workdir/hadoop-ozone/integration-test/target/log,UNAVAILABLE}
2019-10-16 11:35:57,844 [a3132885-145f-4a8c-85f4-c10eb874732d@group-2077DD483DC7-LeaderElection289] INFO  impl.LeaderElection (LeaderElection.java:askForVotes(178)) - a3132885-145f-4a8c-85f4-c10eb874732d@group-2077DD483DC7-LeaderElection289: begin an election at term 148 for -1: [163587bb-2c3b-4498-b576-18147cf38274:192.168.157.203:33208, a3132885-145f-4a8c-85f4-c10eb874732d:192.168.157.203:46766, 70b633f6-b230-4b9f-87f3-510da88f1e08:192.168.157.203:43163], old=null
2019-10-16 11:35:57,845 [main] INFO  ozone.MiniOzoneClusterImpl (MiniOzoneClusterImpl.java:stopDatanodes(377)) - Stopping the HddsDatanodes
2019-10-16 11:35:57,846 [grpc-default-executor-6] INFO  impl.RaftServerImpl (RaftServerImpl.java:setRole(184)) - 70b633f6-b230-4b9f-87f3-510da88f1e08@group-2077DD483DC7: changes role from  FOLLOWER to FOLLOWER at term 148 for recognizeCandidate:a3132885-145f-4a8c-85f4-c10eb874732d
2019-10-16 11:35:57,846 [grpc-default-executor-4] INFO  impl.RaftServerImpl (RaftServerImpl.java:setRole(184)) - 163587bb-2c3b-4498-b576-18147cf38274@group-2077DD483DC7: changes role from  FOLLOWER to FOLLOWER at term 148 for recognizeCandidate:a3132885-145f-4a8c-85f4-c10eb874732d
2019-10-16 11:35:57,846 [grpc-default-executor-4] INFO  impl.RoleInfo (RoleInfo.java:shutdownFollowerState(121)) - 163587bb-2c3b-4498-b576-18147cf38274: shutdown FollowerState
2019-10-16 11:35:57,846 [grpc-default-executor-6] INFO  impl.RoleInfo (RoleInfo.java:shutdownFollowerState(121)) - 70b633f6-b230-4b9f-87f3-510da88f1e08: shutdown FollowerState
2019-10-16 11:35:57,846 [Thread-2367] INFO  impl.FollowerState (FollowerState.java:run(117)) - 163587bb-2c3b-4498-b576-18147cf38274@group-2077DD483DC7-FollowerState was interrupted: java.lang.InterruptedException: sleep interrupted
2019-10-16 11:35:57,846 [grpc-default-executor-4] INFO  impl.RoleInfo (RoleInfo.java:updateAndGet(143)) - 163587bb-2c3b-4498-b576-18147cf38274: start FollowerState
2019-10-16 11:35:57,846 [Thread-2368] INFO  impl.FollowerState (FollowerState.java:run(117)) - 70b633f6-b230-4b9f-87f3-510da88f1e08@group-2077DD483DC7-FollowerState was interrupted: java.lang.InterruptedException: sleep interrupted
2019-10-16 11:35:57,846 [grpc-default-executor-6] INFO  impl.RoleInfo (RoleInfo.java:updateAndGet(143)) - 70b633f6-b230-4b9f-87f3-510da88f1e08: start FollowerState
2019-10-16 11:35:57,864 [a3132885-145f-4a8c-85f4-c10eb874732d@group-2077DD483DC7-LeaderElection289] INFO  impl.LeaderElection (LeaderElection.java:logAndReturn(56)) - a3132885-145f-4a8c-85f4-c10eb874732d@group-2077DD483DC7-LeaderElection289: Election REJECTED; received 2 response(s) [a3132885-145f-4a8c-85f4-c10eb874732d<-163587bb-2c3b-4498-b576-18147cf38274#0:FAIL-t148, a3132885-145f-4a8c-85f4-c10eb874732d<-70b633f6-b230-4b9f-87f3-510da88f1e08#0:FAIL-t148] and 0 exception(s); a3132885-145f-4a8c-85f4-c10eb874732d@group-2077DD483DC7:t148, leader=null, voted=a3132885-145f-4a8c-85f4-c10eb874732d, raftlog=a3132885-145f-4a8c-85f4-c10eb874732d@group-2077DD483DC7-SegmentedRaftLog:OPENED:c-1,f-1,i0, conf=-1: [163587bb-2c3b-4498-b576-18147cf38274:192.168.157.203:33208, a3132885-145f-4a8c-85f4-c10eb874732d:192.168.157.203:46766, 70b633f6-b230-4b9f-87f3-510da88f1e08:192.168.157.203:43163], old=null
2019-10-16 11:35:57,865 [a3132885-145f-4a8c-85f4-c10eb874732d@group-2077DD483DC7-LeaderElection289] INFO  impl.RaftServerImpl (RaftServerImpl.java:setRole(184)) - a3132885-145f-4a8c-85f4-c10eb874732d@group-2077DD483DC7: changes role from CANDIDATE to FOLLOWER at term 148 for DISCOVERED_A_NEW_TERM
2019-10-16 11:35:57,865 [a3132885-145f-4a8c-85f4-c10eb874732d@group-2077DD483DC7-LeaderElection289] INFO  impl.RoleInfo (RoleInfo.java:shutdownLeaderElection(134)) - a3132885-145f-4a8c-85f4-c10eb874732d: shutdown LeaderElection
2019-10-16 11:35:57,865 [a3132885-145f-4a8c-85f4-c10eb874732d@group-2077DD483DC7-LeaderElection289] INFO  impl.RoleInfo (RoleInfo.java:updateAndGet(143)) - a3132885-145f-4a8c-85f4-c10eb874732d: start FollowerState
2019-10-16 11:35:57,880 [Datanode State Machine Thread - 0] INFO  statemachine.DatanodeStateMachine (DatanodeStateMachine.java:lambda$startDaemon$0(350)) - Ozone container server started.
2019-10-16 11:35:57,894 [Thread-2365] INFO  impl.FollowerState (FollowerState.java:run(108)) - 1ee6da7b-5867-4bad-ba0d-a2cfd13fd72a@group-B3673A53AB6F-FollowerState: change to CANDIDATE, lastRpcTime:153ms, electionTimeout:153ms
2019-10-16 11:35:57,894 [Thread-2365] INFO  impl.RoleInfo (RoleInfo.java:shutdownFollowerState(121)) - 1ee6da7b-5867-4bad-ba0d-a2cfd13fd72a: shutdown FollowerState
2019-10-16 11:35:57,894 [Thread-2365] INFO  impl.RaftServerImpl (RaftServerImpl.java:setRole(184)) - 1ee6da7b-5867-4bad-ba0d-a2cfd13fd72a@group-B3673A53AB6F: changes role from  FOLLOWER to CANDIDATE at term 159 for changeToCandidate
2019-10-16 11:35:57,895 [Thread-2365] INFO  impl.RoleInfo (RoleInfo.java:updateAndGet(143)) - 1ee6da7b-5867-4bad-ba0d-a2cfd13fd72a: start LeaderElection
2019-10-16 11:35:57,910 [1ee6da7b-5867-4bad-ba0d-a2cfd13fd72a@group-B3673A53AB6F-LeaderElection290] INFO  impl.LeaderElection (LeaderElection.java:askForVotes(178)) - 1ee6da7b-5867-4bad-ba0d-a2cfd13fd72a@group-B3673A53AB6F-LeaderElection290: begin an election at term 160 for -1: [f94c755f-9f95-40b5-85b9-5e712f3f34e7:192.168.157.203:45275, 1ee6da7b-5867-4bad-ba0d-a2cfd13fd72a:192.168.157.203:35892, 4281bf39-36db-462c-8bc9-3c86cb645344:192.168.157.203:42381], old=null
2019-10-16 11:35:57,912 [grpc-default-executor-4] INFO  impl.RaftServerImpl (RaftServerImpl.java:setRole(184)) - f94c755f-9f95-40b5-85b9-5e712f3f34e7@group-B3673A53AB6F: changes role from  FOLLOWER to FOLLOWER at term 160 for recognizeCandidate:1ee6da7b-5867-4bad-ba0d-a2cfd13fd72a
2019-10-16 11:35:57,913 [grpc-default-executor-4] INFO  impl.RoleInfo (RoleInfo.java:shutdownFollowerState(121)) - f94c755f-9f95-40b5-85b9-5e712f3f34e7: shutdown FollowerState
2019-10-16 11:35:57,913 [grpc-default-executor-4] INFO  impl.RoleInfo (RoleInfo.java:updateAndGet(143)) - f94c755f-9f95-40b5-85b9-5e712f3f34e7: start FollowerState
2019-10-16 11:35:57,913 [Thread-2345] INFO  impl.FollowerState (FollowerState.java:run(117)) - f94c755f-9f95-40b5-85b9-5e712f3f34e7@group-B3673A53AB6F-FollowerState was interrupted: java.lang.InterruptedException: sleep interrupted
2019-10-16 11:35:57,913 [grpc-default-executor-6] INFO  impl.RaftServerImpl (RaftServerImpl.java:setRole(184)) - 4281bf39-36db-462c-8bc9-3c86cb645344@group-B3673A53AB6F: changes role from  FOLLOWER to FOLLOWER at term 160 for recognizeCandidate:1ee6da7b-5867-4bad-ba0d-a2cfd13fd72a
2019-10-16 11:35:57,913 [grpc-default-executor-6] INFO  impl.RoleInfo (RoleInfo.java:shutdownFollowerState(121)) - 4281bf39-36db-462c-8bc9-3c86cb645344: shutdown FollowerState
2019-10-16 11:35:57,913 [grpc-default-executor-6] INFO  impl.RoleInfo (RoleInfo.java:updateAndGet(143)) - 4281bf39-36db-462c-8bc9-3c86cb645344: start FollowerState
2019-10-16 11:35:57,913 [Thread-2349] INFO  impl.FollowerState (FollowerState.java:run(117)) - 4281bf39-36db-462c-8bc9-3c86cb645344@group-B3673A53AB6F-FollowerState was interrupted: java.lang.InterruptedException: sleep interrupted
2019-10-16 11:35:57,925 [1ee6da7b-5867-4bad-ba0d-a2cfd13fd72a@group-B3673A53AB6F-LeaderElection290] INFO  impl.LeaderElection (LeaderElection.java:logAndReturn(56)) - 1ee6da7b-5867-4bad-ba0d-a2cfd13fd72a@group-B3673A53AB6F-LeaderElection290: Election REJECTED; received 2 response(s) [1ee6da7b-5867-4bad-ba0d-a2cfd13fd72a<-f94c755f-9f95-40b5-85b9-5e712f3f34e7#0:FAIL-t160, 1ee6da7b-5867-4bad-ba0d-a2cfd13fd72a<-4281bf39-36db-462c-8bc9-3c86cb645344#0:FAIL-t160] and 0 exception(s); 1ee6da7b-5867-4bad-ba0d-a2cfd13fd72a@group-B3673A53AB6F:t160, leader=null, voted=1ee6da7b-5867-4bad-ba0d-a2cfd13fd72a, raftlog=1ee6da7b-5867-4bad-ba0d-a2cfd13fd72a@group-B3673A53AB6F-SegmentedRaftLog:OPENED:c-1,f-1,i0, conf=-1: [f94c755f-9f95-40b5-85b9-5e712f3f34e7:192.168.157.203:45275, 1ee6da7b-5867-4bad-ba0d-a2cfd13fd72a:192.168.157.203:35892, 4281bf39-36db-462c-8bc9-3c86cb645344:192.168.157.203:42381], old=null
2019-10-16 11:35:57,925 [1ee6da7b-5867-4bad-ba0d-a2cfd13fd72a@group-B3673A53AB6F-LeaderElection290] INFO  impl.RaftServerImpl (RaftServerImpl.java:setRole(184)) - 1ee6da7b-5867-4bad-ba0d-a2cfd13fd72a@group-B3673A53AB6F: changes role from CANDIDATE to FOLLOWER at term 160 for DISCOVERED_A_NEW_TERM
2019-10-16 11:35:57,928 [1ee6da7b-5867-4bad-ba0d-a2cfd13fd72a@group-B3673A53AB6F-LeaderElection290] INFO  impl.RoleInfo (RoleInfo.java:shutdownLeaderElection(134)) - 1ee6da7b-5867-4bad-ba0d-a2cfd13fd72a: shutdown LeaderElection
2019-10-16 11:35:57,929 [1ee6da7b-5867-4bad-ba0d-a2cfd13fd72a@group-B3673A53AB6F-LeaderElection290] INFO  impl.RoleInfo (RoleInfo.java:updateAndGet(143)) - 1ee6da7b-5867-4bad-ba0d-a2cfd13fd72a: start FollowerState
2019-10-16 11:35:58,007 [Thread-2397] INFO  impl.FollowerState (FollowerState.java:run(108)) - 1ee6da7b-5867-4bad-ba0d-a2cfd13fd72a@group-B3673A53AB6F-FollowerState: change to CANDIDATE, lastRpcTime:77ms, electionTimeout:77ms
2019-10-16 11:35:58,007 [Thread-2397] INFO  impl.RoleInfo (RoleInfo.java:shutdownFollowerState(121)) - 1ee6da7b-5867-4bad-ba0d-a2cfd13fd72a: shutdown FollowerState
2019-10-16 11:35:58,007 [Thread-2397] INFO  impl.RaftServerImpl (RaftServerImpl.java:setRole(184)) - 1ee6da7b-5867-4bad-ba0d-a2cfd13fd72a@group-B3673A53AB6F: changes role from  FOLLOWER to CANDIDATE at term 160 for changeToCandidate
2019-10-16 11:35:58,007 [Thread-2397] INFO  impl.RoleInfo (RoleInfo.java:updateAndGet(143)) - 1ee6da7b-5867-4bad-ba0d-a2cfd13fd72a: start LeaderElection
2019-10-16 11:35:58,021 [1ee6da7b-5867-4bad-ba0d-a2cfd13fd72a@group-B3673A53AB6F-LeaderElection291] INFO  impl.LeaderElection (LeaderElection.java:askForVotes(178)) - 1ee6da7b-5867-4bad-ba0d-a2cfd13fd72a@group-B3673A53AB6F-LeaderElection291: begin an election at term 161 for -1: [f94c755f-9f95-40b5-85b9-5e712f3f34e7:192.168.157.203:45275, 1ee6da7b-5867-4bad-ba0d-a2cfd13fd72a:192.168.157.203:35892, 4281bf39-36db-462c-8bc9-3c86cb645344:192.168.157.203:42381], old=null
2019-10-16 11:35:58,022 [grpc-default-executor-3] INFO  impl.RaftServerImpl (RaftServerImpl.java:setRole(184)) - f94c755f-9f95-40b5-85b9-5e712f3f34e7@group-B3673A53AB6F: changes role from  FOLLOWER to FOLLOWER at term 161 for recognizeCandidate:1ee6da7b-5867-4bad-ba0d-a2cfd13fd72a
2019-10-16 11:35:58,023 [grpc-default-executor-3] INFO  impl.RoleInfo (RoleInfo.java:shutdownFollowerState(121)) - f94c755f-9f95-40b5-85b9-5e712f3f34e7: shutdown FollowerState
2019-10-16 11:35:58,023 [grpc-default-executor-3] INFO  impl.RoleInfo (RoleInfo.java:updateAndGet(143)) - f94c755f-9f95-40b5-85b9-5e712f3f34e7: start FollowerState
2019-10-16 11:35:58,023 [Thread-2383] INFO  impl.FollowerState (FollowerState.java:run(117)) - f94c755f-9f95-40b5-85b9-5e712f3f34e7@group-B3673A53AB6F-FollowerState was interrupted: java.lang.InterruptedException: sleep interrupted
2019-10-16 11:35:58,023 [grpc-default-executor-4] INFO  impl.RaftServerImpl (RaftServerImpl.java:setRole(184)) - 4281bf39-36db-462c-8bc9-3c86cb645344@group-B3673A53AB6F: changes role from  FOLLOWER to FOLLOWER at term 161 for recognizeCandidate:1ee6da7b-5867-4bad-ba0d-a2cfd13fd72a
2019-10-16 11:35:58,023 [grpc-default-executor-4] INFO  impl.RoleInfo (RoleInfo.java:shutdownFollowerState(121)) - 4281bf39-36db-462c-8bc9-3c86cb645344: shutdown FollowerState
2019-10-16 11:35:58,023 [grpc-default-executor-4] INFO  impl.RoleInfo (RoleInfo.java:updateAndGet(143)) - 4281bf39-36db-462c-8bc9-3c86cb645344: start FollowerState
2019-10-16 11:35:58,023 [Thread-2384] INFO  impl.FollowerState (FollowerState.java:run(117)) - 4281bf39-36db-462c-8bc9-3c86cb645344@group-B3673A53AB6F-FollowerState was interrupted: java.lang.InterruptedException: sleep interrupted
2019-10-16 11:35:58,029 [1ee6da7b-5867-4bad-ba0d-a2cfd13fd72a@group-B3673A53AB6F-LeaderElection291] INFO  impl.LeaderElection (LeaderElection.java:logAndReturn(56)) - 1ee6da7b-5867-4bad-ba0d-a2cfd13fd72a@group-B3673A53AB6F-LeaderElection291: Election REJECTED; received 2 response(s) [1ee6da7b-5867-4bad-ba0d-a2cfd13fd72a<-f94c755f-9f95-40b5-85b9-5e712f3f34e7#0:FAIL-t161, 1ee6da7b-5867-4bad-ba0d-a2cfd13fd72a<-4281bf39-36db-462c-8bc9-3c86cb645344#0:FAIL-t161] and 0 exception(s); 1ee6da7b-5867-4bad-ba0d-a2cfd13fd72a@group-B3673A53AB6F:t161, leader=null, voted=1ee6da7b-5867-4bad-ba0d-a2cfd13fd72a, raftlog=1ee6da7b-5867-4bad-ba0d-a2cfd13fd72a@group-B3673A53AB6F-SegmentedRaftLog:OPENED:c-1,f-1,i0, conf=-1: [f94c755f-9f95-40b5-85b9-5e712f3f34e7:192.168.157.203:45275, 1ee6da7b-5867-4bad-ba0d-a2cfd13fd72a:192.168.157.203:35892, 4281bf39-36db-462c-8bc9-3c86cb645344:192.168.157.203:42381], old=null
2019-10-16 11:35:58,029 [1ee6da7b-5867-4bad-ba0d-a2cfd13fd72a@group-B3673A53AB6F-LeaderElection291] INFO  impl.RaftServerImpl (RaftServerImpl.java:setRole(184)) - 1ee6da7b-5867-4bad-ba0d-a2cfd13fd72a@group-B3673A53AB6F: changes role from CANDIDATE to FOLLOWER at term 161 for DISCOVERED_A_NEW_TERM
2019-10-16 11:35:58,029 [1ee6da7b-5867-4bad-ba0d-a2cfd13fd72a@group-B3673A53AB6F-LeaderElection291] INFO  impl.RoleInfo (RoleInfo.java:shutdownLeaderElection(134)) - 1ee6da7b-5867-4bad-ba0d-a2cfd13fd72a: shutdown LeaderElection
2019-10-16 11:35:58,030 [1ee6da7b-5867-4bad-ba0d-a2cfd13fd72a@group-B3673A53AB6F-LeaderElection291] INFO  impl.RoleInfo (RoleInfo.java:updateAndGet(143)) - 1ee6da7b-5867-4bad-ba0d-a2cfd13fd72a: start FollowerState
2019-10-16 11:35:58,052 [Thread-2379] INFO  impl.FollowerState (FollowerState.java:run(108)) - a3132885-145f-4a8c-85f4-c10eb874732d@group-2077DD483DC7-FollowerState: change to CANDIDATE, lastRpcTime:187ms, electionTimeout:187ms
2019-10-16 11:35:58,052 [Thread-2379] INFO  impl.RoleInfo (RoleInfo.java:shutdownFollowerState(121)) - a3132885-145f-4a8c-85f4-c10eb874732d: shutdown FollowerState
2019-10-16 11:35:58,052 [Thread-2379] INFO  impl.RaftServerImpl (RaftServerImpl.java:setRole(184)) - a3132885-145f-4a8c-85f4-c10eb874732d@group-2077DD483DC7: changes role from  FOLLOWER to CANDIDATE at term 148 for changeToCandidate
2019-10-16 11:35:58,053 [Thread-2379] INFO  impl.RoleInfo (RoleInfo.java:updateAndGet(143)) - a3132885-145f-4a8c-85f4-c10eb874732d: start LeaderElection
2019-10-16 11:35:58,066 [a3132885-145f-4a8c-85f4-c10eb874732d@group-2077DD483DC7-LeaderElection292] INFO  impl.LeaderElection (LeaderElection.java:askForVotes(178)) - a3132885-145f-4a8c-85f4-c10eb874732d@group-2077DD483DC7-LeaderElection292: begin an election at term 149 for -1: [163587bb-2c3b-4498-b576-18147cf38274:192.168.157.203:33208, a3132885-145f-4a8c-85f4-c10eb874732d:192.168.157.203:46766, 70b633f6-b230-4b9f-87f3-510da88f1e08:192.168.157.203:43163], old=null
2019-10-16 11:35:58,078 [grpc-default-executor-4] INFO  impl.RaftServerImpl (RaftServerImpl.java:setRole(184)) - 163587bb-2c3b-4498-b576-18147cf38274@group-2077DD483DC7: changes role from  FOLLOWER to FOLLOWER at term 149 for recognizeCandidate:a3132885-145f-4a8c-85f4-c10eb874732d
2019-10-16 11:35:58,078 [grpc-default-executor-4] INFO  impl.RoleInfo (RoleInfo.java:shutdownFollowerState(121)) - 163587bb-2c3b-4498-b576-18147cf38274: shutdown FollowerState
2019-10-16 11:35:58,078 [grpc-default-executor-4] INFO  impl.RoleInfo (RoleInfo.java:updateAndGet(143)) - 163587bb-2c3b-4498-b576-18147cf38274: start FollowerState
2019-10-16 11:35:58,078 [Thread-2377] INFO  impl.FollowerState (FollowerState.java:run(117)) - 163587bb-2c3b-4498-b576-18147cf38274@group-2077DD483DC7-FollowerState was interrupted: java.lang.InterruptedException: sleep interrupted
2019-10-16 11:35:58,078 [grpc-default-executor-3] INFO  impl.RaftServerImpl (RaftServerImpl.java:setRole(184)) - 70b633f6-b230-4b9f-87f3-510da88f1e08@group-2077DD483DC7: changes role from  FOLLOWER to FOLLOWER at term 149 for recognizeCandidate:a3132885-145f-4a8c-85f4-c10eb874732d
2019-10-16 11:35:58,079 [grpc-default-executor-3] INFO  impl.RoleInfo (RoleInfo.java:shutdownFollowerState(121)) - 70b633f6-b230-4b9f-87f3-510da88f1e08: shutdown FollowerState
2019-10-16 11:35:58,079 [grpc-default-executor-3] INFO  impl.RoleInfo (RoleInfo.java:updateAndGet(143)) - 70b633f6-b230-4b9f-87f3-510da88f1e08: start FollowerState
2019-10-16 11:35:58,079 [Thread-2378] INFO  impl.FollowerState (FollowerState.java:run(117)) - 70b633f6-b230-4b9f-87f3-510da88f1e08@group-2077DD483DC7-FollowerState was interrupted: java.lang.InterruptedException: sleep interrupted
2019-10-16 11:35:58,081 [a3132885-145f-4a8c-85f4-c10eb874732d@group-2077DD483DC7-LeaderElection292] INFO  impl.LeaderElection (LeaderElection.java:logAndReturn(56)) - a3132885-145f-4a8c-85f4-c10eb874732d@group-2077DD483DC7-LeaderElection292: Election TIMEOUT; received 0 response(s) [] and 0 exception(s); a3132885-145f-4a8c-85f4-c10eb874732d@group-2077DD483DC7:t149, leader=null, voted=a3132885-145f-4a8c-85f4-c10eb874732d, raftlog=a3132885-145f-4a8c-85f4-c10eb874732d@group-2077DD483DC7-SegmentedRaftLog:OPENED:c-1,f-1,i0, conf=-1: [163587bb-2c3b-4498-b576-18147cf38274:192.168.157.203:33208, a3132885-145f-4a8c-85f4-c10eb874732d:192.168.157.203:46766, 70b633f6-b230-4b9f-87f3-510da88f1e08:192.168.157.203:43163], old=null
2019-10-16 11:35:58,091 [Datanode State Machine Thread - 0] INFO  statemachine.DatanodeStateMachine (DatanodeStateMachine.java:lambda$startDaemon$0(350)) - Ozone container server started.
2019-10-16 11:35:58,094 [a3132885-145f-4a8c-85f4-c10eb874732d@group-2077DD483DC7-LeaderElection292] INFO  impl.LeaderElection (LeaderElection.java:askForVotes(178)) - a3132885-145f-4a8c-85f4-c10eb874732d@group-2077DD483DC7-LeaderElection292: begin an election at term 150 for -1: [163587bb-2c3b-4498-b576-18147cf38274:192.168.157.203:33208, a3132885-145f-4a8c-85f4-c10eb874732d:192.168.157.203:46766, 70b633f6-b230-4b9f-87f3-510da88f1e08:192.168.157.203:43163], old=null
2019-10-16 11:35:58,095 [grpc-default-executor-4] INFO  impl.RaftServerImpl (RaftServerImpl.java:setRole(184)) - 163587bb-2c3b-4498-b576-18147cf38274@group-2077DD483DC7: changes role from  FOLLOWER to FOLLOWER at term 150 for recognizeCandidate:a3132885-145f-4a8c-85f4-c10eb874732d
2019-10-16 11:35:58,096 [grpc-default-executor-4] INFO  impl.RoleInfo (RoleInfo.java:shutdownFollowerState(121)) - 163587bb-2c3b-4498-b576-18147cf38274: shutdown FollowerState
2019-10-16 11:35:58,096 [grpc-default-executor-3] INFO  impl.RaftServerImpl (RaftServerImpl.java:setRole(184)) - 70b633f6-b230-4b9f-87f3-510da88f1e08@group-2077DD483DC7: changes role from  FOLLOWER to FOLLOWER at term 150 for recognizeCandidate:a3132885-145f-4a8c-85f4-c10eb874732d
2019-10-16 11:35:58,096 [Thread-2408] INFO  impl.FollowerState (FollowerState.java:run(117)) - 163587bb-2c3b-4498-b576-18147cf38274@group-2077DD483DC7-FollowerState was interrupted: java.lang.InterruptedException: sleep interrupted
2019-10-16 11:35:58,096 [grpc-default-executor-4] INFO  impl.RoleInfo (RoleInfo.java:updateAndGet(143)) - 163587bb-2c3b-4498-b576-18147cf38274: start FollowerState
2019-10-16 11:35:58,096 [grpc-default-executor-3] INFO  impl.RoleInfo (RoleInfo.java:shutdownFollowerState(121)) - 70b633f6-b230-4b9f-87f3-510da88f1e08: shutdown FollowerState
2019-10-16 11:35:58,096 [grpc-default-executor-3] INFO  impl.RoleInfo (RoleInfo.java:updateAndGet(143)) - 70b633f6-b230-4b9f-87f3-510da88f1e08: start FollowerState
2019-10-16 11:35:58,096 [Thread-2409] INFO  impl.FollowerState (FollowerState.java:run(117)) - 70b633f6-b230-4b9f-87f3-510da88f1e08@group-2077DD483DC7-FollowerState was interrupted: java.lang.InterruptedException: sleep interrupted
2019-10-16 11:35:58,111 [a3132885-145f-4a8c-85f4-c10eb874732d@group-2077DD483DC7-LeaderElection292] INFO  impl.LeaderElection (LeaderElection.java:logAndReturn(56)) - a3132885-145f-4a8c-85f4-c10eb874732d@group-2077DD483DC7-LeaderElection292: Election REJECTED; received 2 response(s) [a3132885-145f-4a8c-85f4-c10eb874732d<-163587bb-2c3b-4498-b576-18147cf38274#0:FAIL-t150, a3132885-145f-4a8c-85f4-c10eb874732d<-70b633f6-b230-4b9f-87f3-510da88f1e08#0:FAIL-t150] and 0 exception(s); a3132885-145f-4a8c-85f4-c10eb874732d@group-2077DD483DC7:t150, leader=null, voted=a3132885-145f-4a8c-85f4-c10eb874732d, raftlog=a3132885-145f-4a8c-85f4-c10eb874732d@group-2077DD483DC7-SegmentedRaftLog:OPENED:c-1,f-1,i0, conf=-1: [163587bb-2c3b-4498-b576-18147cf38274:192.168.157.203:33208, a3132885-145f-4a8c-85f4-c10eb874732d:192.168.157.203:46766, 70b633f6-b230-4b9f-87f3-510da88f1e08:192.168.157.203:43163], old=null
2019-10-16 11:35:58,111 [a3132885-145f-4a8c-85f4-c10eb874732d@group-2077DD483DC7-LeaderElection292] INFO  impl.RaftServerImpl (RaftServerImpl.java:setRole(184)) - a3132885-145f-4a8c-85f4-c10eb874732d@group-2077DD483DC7: changes role from CANDIDATE to FOLLOWER at term 150 for DISCOVERED_A_NEW_TERM
2019-10-16 11:35:58,111 [a3132885-145f-4a8c-85f4-c10eb874732d@group-2077DD483DC7-LeaderElection292] INFO  impl.RoleInfo (RoleInfo.java:shutdownLeaderElection(134)) - a3132885-145f-4a8c-85f4-c10eb874732d: shutdown LeaderElection
2019-10-16 11:35:58,111 [a3132885-145f-4a8c-85f4-c10eb874732d@group-2077DD483DC7-LeaderElection292] INFO  impl.RoleInfo (RoleInfo.java:updateAndGet(143)) - a3132885-145f-4a8c-85f4-c10eb874732d: start FollowerState
2019-10-16 11:35:58,134 [Thread-2404] INFO  impl.FollowerState (FollowerState.java:run(108)) - 1ee6da7b-5867-4bad-ba0d-a2cfd13fd72a@group-B3673A53AB6F-FollowerState: change to CANDIDATE, lastRpcTime:104ms, electionTimeout:104ms
2019-10-16 11:35:58,134 [Thread-2404] INFO  impl.RoleInfo (RoleInfo.java:shutdownFollowerState(121)) - 1ee6da7b-5867-4bad-ba0d-a2cfd13fd72a: shutdown FollowerState
2019-10-16 11:35:58,134 [Thread-2404] INFO  impl.RaftServerImpl (RaftServerImpl.java:setRole(184)) - 1ee6da7b-5867-4bad-ba0d-a2cfd13fd72a@group-B3673A53AB6F: changes role from  FOLLOWER to CANDIDATE at term 161 for changeToCandidate
2019-10-16 11:35:58,134 [Thread-2404] INFO  impl.RoleInfo (RoleInfo.java:updateAndGet(143)) - 1ee6da7b-5867-4bad-ba0d-a2cfd13fd72a: start LeaderElection
2019-10-16 11:35:58,148 [1ee6da7b-5867-4bad-ba0d-a2cfd13fd72a@group-B3673A53AB6F-LeaderElection293] INFO  impl.LeaderElection (LeaderElection.java:askForVotes(178)) - 1ee6da7b-5867-4bad-ba0d-a2cfd13fd72a@group-B3673A53AB6F-LeaderElection293: begin an election at term 162 for -1: [f94c755f-9f95-40b5-85b9-5e712f3f34e7:192.168.157.203:45275, 1ee6da7b-5867-4bad-ba0d-a2cfd13fd72a:192.168.157.203:35892, 4281bf39-36db-462c-8bc9-3c86cb645344:192.168.157.203:42381], old=null
2019-10-16 11:35:58,150 [grpc-default-executor-4] INFO  impl.RaftServerImpl (RaftServerImpl.java:setRole(184)) - f94c755f-9f95-40b5-85b9-5e712f3f34e7@group-B3673A53AB6F: changes role from  FOLLOWER to FOLLOWER at term 162 for recognizeCandidate:1ee6da7b-5867-4bad-ba0d-a2cfd13fd72a
2019-10-16 11:35:58,150 [grpc-default-executor-4] INFO  impl.RoleInfo (RoleInfo.java:shutdownFollowerState(121)) - f94c755f-9f95-40b5-85b9-5e712f3f34e7: shutdown FollowerState
2019-10-16 11:35:58,150 [grpc-default-executor-3] INFO  impl.RaftServerImpl (RaftServerImpl.java:setRole(184)) - 4281bf39-36db-462c-8bc9-3c86cb645344@group-B3673A53AB6F: changes role from  FOLLOWER to FOLLOWER at term 162 for recognizeCandidate:1ee6da7b-5867-4bad-ba0d-a2cfd13fd72a
2019-10-16 11:35:58,150 [Thread-2402] INFO  impl.FollowerState (FollowerState.java:run(117)) - f94c755f-9f95-40b5-85b9-5e712f3f34e7@group-B3673A53AB6F-FollowerState was interrupted: java.lang.InterruptedException: sleep interrupted
2019-10-16 11:35:58,150 [grpc-default-executor-4] INFO  impl.RoleInfo (RoleInfo.java:updateAndGet(143)) - f94c755f-9f95-40b5-85b9-5e712f3f34e7: start FollowerState
2019-10-16 11:35:58,150 [grpc-default-executor-3] INFO  impl.RoleInfo (RoleInfo.java:shutdownFollowerState(121)) - 4281bf39-36db-462c-8bc9-3c86cb645344: shutdown FollowerState
2019-10-16 11:35:58,151 [grpc-default-executor-3] INFO  impl.RoleInfo (RoleInfo.java:updateAndGet(143)) - 4281bf39-36db-462c-8bc9-3c86cb645344: start FollowerState
2019-10-16 11:35:58,151 [Thread-2403] INFO  impl.FollowerState (FollowerState.java:run(117)) - 4281bf39-36db-462c-8bc9-3c86cb645344@group-B3673A53AB6F-FollowerState was interrupted: java.lang.InterruptedException: sleep interrupted
2019-10-16 11:35:58,165 [1ee6da7b-5867-4bad-ba0d-a2cfd13fd72a@group-B3673A53AB6F-LeaderElection293] INFO  impl.LeaderElection (LeaderElection.java:logAndReturn(56)) - 1ee6da7b-5867-4bad-ba0d-a2cfd13fd72a@group-B3673A53AB6F-LeaderElection293: Election REJECTED; received 2 response(s) [1ee6da7b-5867-4bad-ba0d-a2cfd13fd72a<-f94c755f-9f95-40b5-85b9-5e712f3f34e7#0:FAIL-t162, 1ee6da7b-5867-4bad-ba0d-a2cfd13fd72a<-4281bf39-36db-462c-8bc9-3c86cb645344#0:FAIL-t162] and 0 exception(s); 1ee6da7b-5867-4bad-ba0d-a2cfd13fd72a@group-B3673A53AB6F:t162, leader=null, voted=1ee6da7b-5867-4bad-ba0d-a2cfd13fd72a, raftlog=1ee6da7b-5867-4bad-ba0d-a2cfd13fd72a@group-B3673A53AB6F-SegmentedRaftLog:OPENED:c-1,f-1,i0, conf=-1: [f94c755f-9f95-40b5-85b9-5e712f3f34e7:192.168.157.203:45275, 1ee6da7b-5867-4bad-ba0d-a2cfd13fd72a:192.168.157.203:35892, 4281bf39-36db-462c-8bc9-3c86cb645344:192.168.157.203:42381], old=null
2019-10-16 11:35:58,165 [1ee6da7b-5867-4bad-ba0d-a2cfd13fd72a@group-B3673A53AB6F-LeaderElection293] INFO  impl.RaftServerImpl (RaftServerImpl.java:setRole(184)) - 1ee6da7b-5867-4bad-ba0d-a2cfd13fd72a@group-B3673A53AB6F: changes role from CANDIDATE to FOLLOWER at term 162 for DISCOVERED_A_NEW_TERM
2019-10-16 11:35:58,165 [1ee6da7b-5867-4bad-ba0d-a2cfd13fd72a@group-B3673A53AB6F-LeaderElection293] INFO  impl.RoleInfo (RoleInfo.java:shutdownLeaderElection(134)) - 1ee6da7b-5867-4bad-ba0d-a2cfd13fd72a: shutdown LeaderElection
2019-10-16 11:35:58,165 [1ee6da7b-5867-4bad-ba0d-a2cfd13fd72a@group-B3673A53AB6F-LeaderElection293] INFO  impl.RoleInfo (RoleInfo.java:updateAndGet(143)) - 1ee6da7b-5867-4bad-ba0d-a2cfd13fd72a: start FollowerState
2019-10-16 11:35:58,167 [Thread-2420] INFO  impl.FollowerState (FollowerState.java:run(108)) - 1ee6da7b-5867-4bad-ba0d-a2cfd13fd72a@group-B3673A53AB6F-FollowerState: change to CANDIDATE, lastRpcTime:2ms, electionTimeout:2ms
2019-10-16 11:35:58,167 [Thread-2420] INFO  impl.RoleInfo (RoleInfo.java:shutdownFollowerState(121)) - 1ee6da7b-5867-4bad-ba0d-a2cfd13fd72a: shutdown FollowerState
2019-10-16 11:35:58,168 [Thread-2420] INFO  impl.RaftServerImpl (RaftServerImpl.java:setRole(184)) - 1ee6da7b-5867-4bad-ba0d-a2cfd13fd72a@group-B3673A53AB6F: changes role from  FOLLOWER to CANDIDATE at term 162 for changeToCandidate
2019-10-16 11:35:58,168 [Thread-2420] INFO  impl.RoleInfo (RoleInfo.java:updateAndGet(143)) - 1ee6da7b-5867-4bad-ba0d-a2cfd13fd72a: start LeaderElection
2019-10-16 11:35:58,184 [1ee6da7b-5867-4bad-ba0d-a2cfd13fd72a@group-B3673A53AB6F-LeaderElection294] INFO  impl.LeaderElection (LeaderElection.java:askForVotes(178)) - 1ee6da7b-5867-4bad-ba0d-a2cfd13fd72a@group-B3673A53AB6F-LeaderElection294: begin an election at term 163 for -1: [f94c755f-9f95-40b5-85b9-5e712f3f34e7:192.168.157.203:45275, 1ee6da7b-5867-4bad-ba0d-a2cfd13fd72a:192.168.157.203:35892, 4281bf39-36db-462c-8bc9-3c86cb645344:192.168.157.203:42381], old=null
2019-10-16 11:35:58,186 [grpc-default-executor-3] INFO  impl.RaftServerImpl (RaftServerImpl.java:setRole(184)) - f94c755f-9f95-40b5-85b9-5e712f3f34e7@group-B3673A53AB6F: changes role from  FOLLOWER to FOLLOWER at term 163 for recognizeCandidate:1ee6da7b-5867-4bad-ba0d-a2cfd13fd72a
2019-10-16 11:35:58,186 [grpc-default-executor-3] INFO  impl.RoleInfo (RoleInfo.java:shutdownFollowerState(121)) - f94c755f-9f95-40b5-85b9-5e712f3f34e7: shutdown FollowerState
2019-10-16 11:35:58,186 [grpc-default-executor-4] INFO  impl.RaftServerImpl (RaftServerImpl.java:setRole(184)) - 4281bf39-36db-462c-8bc9-3c86cb645344@group-B3673A53AB6F: changes role from  FOLLOWER to FOLLOWER at term 163 for recognizeCandidate:1ee6da7b-5867-4bad-ba0d-a2cfd13fd72a
2019-10-16 11:35:58,186 [grpc-default-executor-4] INFO  impl.RoleInfo (RoleInfo.java:shutdownFollowerState(121)) - 4281bf39-36db-462c-8bc9-3c86cb645344: shutdown FollowerState
2019-10-16 11:35:58,186 [Thread-2418] INFO  impl.FollowerState (FollowerState.java:run(117)) - f94c755f-9f95-40b5-85b9-5e712f3f34e7@group-B3673A53AB6F-FollowerState was interrupted: java.lang.InterruptedException: sleep interrupted
2019-10-16 11:35:58,186 [grpc-default-executor-3] INFO  impl.RoleInfo (RoleInfo.java:updateAndGet(143)) - f94c755f-9f95-40b5-85b9-5e712f3f34e7: start FollowerState
2019-10-16 11:35:58,186 [Thread-2419] INFO  impl.FollowerState (FollowerState.java:run(117)) - 4281bf39-36db-462c-8bc9-3c86cb645344@group-B3673A53AB6F-FollowerState was interrupted: java.lang.InterruptedException: sleep interrupted
2019-10-16 11:35:58,186 [grpc-default-executor-4] INFO  impl.RoleInfo (RoleInfo.java:updateAndGet(143)) - 4281bf39-36db-462c-8bc9-3c86cb645344: start FollowerState
2019-10-16 11:35:58,202 [1ee6da7b-5867-4bad-ba0d-a2cfd13fd72a@group-B3673A53AB6F-LeaderElection294] INFO  impl.LeaderElection (LeaderElection.java:logAndReturn(56)) - 1ee6da7b-5867-4bad-ba0d-a2cfd13fd72a@group-B3673A53AB6F-LeaderElection294: Election REJECTED; received 2 response(s) [1ee6da7b-5867-4bad-ba0d-a2cfd13fd72a<-f94c755f-9f95-40b5-85b9-5e712f3f34e7#0:FAIL-t163, 1ee6da7b-5867-4bad-ba0d-a2cfd13fd72a<-4281bf39-36db-462c-8bc9-3c86cb645344#0:FAIL-t163] and 0 exception(s); 1ee6da7b-5867-4bad-ba0d-a2cfd13fd72a@group-B3673A53AB6F:t163, leader=null, voted=1ee6da7b-5867-4bad-ba0d-a2cfd13fd72a, raftlog=1ee6da7b-5867-4bad-ba0d-a2cfd13fd72a@group-B3673A53AB6F-SegmentedRaftLog:OPENED:c-1,f-1,i0, conf=-1: [f94c755f-9f95-40b5-85b9-5e712f3f34e7:192.168.157.203:45275, 1ee6da7b-5867-4bad-ba0d-a2cfd13fd72a:192.168.157.203:35892, 4281bf39-36db-462c-8bc9-3c86cb645344:192.168.157.203:42381], old=null
2019-10-16 11:35:58,202 [1ee6da7b-5867-4bad-ba0d-a2cfd13fd72a@group-B3673A53AB6F-LeaderElection294] INFO  impl.RaftServerImpl (RaftServerImpl.java:setRole(184)) - 1ee6da7b-5867-4bad-ba0d-a2cfd13fd72a@group-B3673A53AB6F: changes role from CANDIDATE to FOLLOWER at term 163 for DISCOVERED_A_NEW_TERM
2019-10-16 11:35:58,202 [1ee6da7b-5867-4bad-ba0d-a2cfd13fd72a@group-B3673A53AB6F-LeaderElection294] INFO  impl.RoleInfo (RoleInfo.java:shutdownLeaderElection(134)) - 1ee6da7b-5867-4bad-ba0d-a2cfd13fd72a: shutdown LeaderElection
2019-10-16 11:35:58,202 [1ee6da7b-5867-4bad-ba0d-a2cfd13fd72a@group-B3673A53AB6F-LeaderElection294] INFO  impl.RoleInfo (RoleInfo.java:updateAndGet(143)) - 1ee6da7b-5867-4bad-ba0d-a2cfd13fd72a: start FollowerState
2019-10-16 11:35:58,240 [Thread-2414] INFO  impl.FollowerState (FollowerState.java:run(108)) - a3132885-145f-4a8c-85f4-c10eb874732d@group-2077DD483DC7-FollowerState: change to CANDIDATE, lastRpcTime:128ms, electionTimeout:128ms
2019-10-16 11:35:58,240 [Thread-2414] INFO  impl.RoleInfo (RoleInfo.java:shutdownFollowerState(121)) - a3132885-145f-4a8c-85f4-c10eb874732d: shutdown FollowerState
2019-10-16 11:35:58,240 [Thread-2414] INFO  impl.RaftServerImpl (RaftServerImpl.java:setRole(184)) - a3132885-145f-4a8c-85f4-c10eb874732d@group-2077DD483DC7: changes role from  FOLLOWER to CANDIDATE at term 150 for changeToCandidate
2019-10-16 11:35:58,240 [Thread-2414] INFO  impl.RoleInfo (RoleInfo.java:updateAndGet(143)) - a3132885-145f-4a8c-85f4-c10eb874732d: start LeaderElection
2019-10-16 11:35:58,254 [a3132885-145f-4a8c-85f4-c10eb874732d@group-2077DD483DC7-LeaderElection295] INFO  impl.LeaderElection (LeaderElection.java:askForVotes(178)) - a3132885-145f-4a8c-85f4-c10eb874732d@group-2077DD483DC7-LeaderElection295: begin an election at term 151 for -1: [163587bb-2c3b-4498-b576-18147cf38274:192.168.157.203:33208, a3132885-145f-4a8c-85f4-c10eb874732d:192.168.157.203:46766, 70b633f6-b230-4b9f-87f3-510da88f1e08:192.168.157.203:43163], old=null
2019-10-16 11:35:58,255 [grpc-default-executor-4] INFO  impl.RaftServerImpl (RaftServerImpl.java:setRole(184)) - 163587bb-2c3b-4498-b576-18147cf38274@group-2077DD483DC7: changes role from  FOLLOWER to FOLLOWER at term 151 for recognizeCandidate:a3132885-145f-4a8c-85f4-c10eb874732d
2019-10-16 11:35:58,256 [grpc-default-executor-4] INFO  impl.RoleInfo (RoleInfo.java:shutdownFollowerState(121)) - 163587bb-2c3b-4498-b576-18147cf38274: shutdown FollowerState
2019-10-16 11:35:58,256 [grpc-default-executor-3] INFO  impl.RaftServerImpl (RaftServerImpl.java:setRole(184)) - 70b633f6-b230-4b9f-87f3-510da88f1e08@group-2077DD483DC7: changes role from  FOLLOWER to FOLLOWER at term 151 for recognizeCandidate:a3132885-145f-4a8c-85f4-c10eb874732d
2019-10-16 11:35:58,256 [Thread-2412] INFO  impl.FollowerState (FollowerState.java:run(117)) - 163587bb-2c3b-4498-b576-18147cf38274@group-2077DD483DC7-FollowerState was interrupted: java.lang.InterruptedException: sleep interrupted
2019-10-16 11:35:58,256 [grpc-default-executor-4] INFO  impl.RoleInfo (RoleInfo.java:updateAndGet(143)) - 163587bb-2c3b-4498-b576-18147cf38274: start FollowerState
2019-10-16 11:35:58,256 [grpc-default-executor-3] INFO  impl.RoleInfo (RoleInfo.java:shutdownFollowerState(121)) - 70b633f6-b230-4b9f-87f3-510da88f1e08: shutdown FollowerState
2019-10-16 11:35:58,256 [grpc-default-executor-3] INFO  impl.RoleInfo (RoleInfo.java:updateAndGet(143)) - 70b633f6-b230-4b9f-87f3-510da88f1e08: start FollowerState
2019-10-16 11:35:58,256 [Thread-2413] INFO  impl.FollowerState (FollowerState.java:run(117)) - 70b633f6-b230-4b9f-87f3-510da88f1e08@group-2077DD483DC7-FollowerState was interrupted: java.lang.InterruptedException: sleep interrupted
2019-10-16 11:35:58,270 [a3132885-145f-4a8c-85f4-c10eb874732d@group-2077DD483DC7-LeaderElection295] INFO  impl.LeaderElection (LeaderElection.java:logAndReturn(56)) - a3132885-145f-4a8c-85f4-c10eb874732d@group-2077DD483DC7-LeaderElection295: Election REJECTED; received 2 response(s) [a3132885-145f-4a8c-85f4-c10eb874732d<-163587bb-2c3b-4498-b576-18147cf38274#0:FAIL-t151, a3132885-145f-4a8c-85f4-c10eb874732d<-70b633f6-b230-4b9f-87f3-510da88f1e08#0:FAIL-t151] and 0 exception(s); a3132885-145f-4a8c-85f4-c10eb874732d@group-2077DD483DC7:t151, leader=null, voted=a3132885-145f-4a8c-85f4-c10eb874732d, raftlog=a3132885-145f-4a8c-85f4-c10eb874732d@group-2077DD483DC7-SegmentedRaftLog:OPENED:c-1,f-1,i0, conf=-1: [163587bb-2c3b-4498-b576-18147cf38274:192.168.157.203:33208, a3132885-145f-4a8c-85f4-c10eb874732d:192.168.157.203:46766, 70b633f6-b230-4b9f-87f3-510da88f1e08:192.168.157.203:43163], old=null
2019-10-16 11:35:58,270 [a3132885-145f-4a8c-85f4-c10eb874732d@group-2077DD483DC7-LeaderElection295] INFO  impl.RaftServerImpl (RaftServerImpl.java:setRole(184)) - a3132885-145f-4a8c-85f4-c10eb874732d@group-2077DD483DC7: changes role from CANDIDATE to FOLLOWER at term 151 for DISCOVERED_A_NEW_TERM
2019-10-16 11:35:58,271 [a3132885-145f-4a8c-85f4-c10eb874732d@group-2077DD483DC7-LeaderElection295] INFO  impl.RoleInfo (RoleInfo.java:shutdownLeaderElection(134)) - a3132885-145f-4a8c-85f4-c10eb874732d: shutdown LeaderElection
2019-10-16 11:35:58,271 [a3132885-145f-4a8c-85f4-c10eb874732d@group-2077DD483DC7-LeaderElection295] INFO  impl.RoleInfo (RoleInfo.java:updateAndGet(143)) - a3132885-145f-4a8c-85f4-c10eb874732d: start FollowerState
2019-10-16 11:35:58,290 [Thread-2426] INFO  impl.FollowerState (FollowerState.java:run(108)) - 1ee6da7b-5867-4bad-ba0d-a2cfd13fd72a@group-B3673A53AB6F-FollowerState: change to CANDIDATE, lastRpcTime:87ms, electionTimeout:87ms
2019-10-16 11:35:58,290 [Thread-2426] INFO  impl.RoleInfo (RoleInfo.java:shutdownFollowerState(121)) - 1ee6da7b-5867-4bad-ba0d-a2cfd13fd72a: shutdown FollowerState
2019-10-16 11:35:58,290 [Thread-2426] INFO  impl.RaftServerImpl (RaftServerImpl.java:setRole(184)) - 1ee6da7b-5867-4bad-ba0d-a2cfd13fd72a@group-B3673A53AB6F: changes role from  FOLLOWER to CANDIDATE at term 163 for changeToCandidate
2019-10-16 11:35:58,290 [Thread-2426] INFO  impl.RoleInfo (RoleInfo.java:updateAndGet(143)) - 1ee6da7b-5867-4bad-ba0d-a2cfd13fd72a: start LeaderElection
2019-10-16 11:35:58,302 [1ee6da7b-5867-4bad-ba0d-a2cfd13fd72a@group-B3673A53AB6F-LeaderElection296] INFO  impl.LeaderElection (LeaderElection.java:askForVotes(178)) - 1ee6da7b-5867-4bad-ba0d-a2cfd13fd72a@group-B3673A53AB6F-LeaderElection296: begin an election at term 164 for -1: [f94c755f-9f95-40b5-85b9-5e712f3f34e7:192.168.157.203:45275, 1ee6da7b-5867-4bad-ba0d-a2cfd13fd72a:192.168.157.203:35892, 4281bf39-36db-462c-8bc9-3c86cb645344:192.168.157.203:42381], old=null
2019-10-16 11:35:58,304 [grpc-default-executor-4] INFO  impl.RaftServerImpl (RaftServerImpl.java:setRole(184)) - f94c755f-9f95-40b5-85b9-5e712f3f34e7@group-B3673A53AB6F: changes role from  FOLLOWER to FOLLOWER at term 164 for recognizeCandidate:1ee6da7b-5867-4bad-ba0d-a2cfd13fd72a
2019-10-16 11:35:58,304 [grpc-default-executor-4] INFO  impl.RoleInfo (RoleInfo.java:shutdownFollowerState(121)) - f94c755f-9f95-40b5-85b9-5e712f3f34e7: shutdown FollowerState
2019-10-16 11:35:58,304 [grpc-default-executor-4] INFO  impl.RoleInfo (RoleInfo.java:updateAndGet(143)) - f94c755f-9f95-40b5-85b9-5e712f3f34e7: start FollowerState
2019-10-16 11:35:58,304 [Thread-2424] INFO  impl.FollowerState (FollowerState.java:run(117)) - f94c755f-9f95-40b5-85b9-5e712f3f34e7@group-B3673A53AB6F-FollowerState was interrupted: java.lang.InterruptedException: sleep interrupted
2019-10-16 11:35:58,304 [grpc-default-executor-3] INFO  impl.RaftServerImpl (RaftServerImpl.java:setRole(184)) - 4281bf39-36db-462c-8bc9-3c86cb645344@group-B3673A53AB6F: changes role from  FOLLOWER to FOLLOWER at term 164 for recognizeCandidate:1ee6da7b-5867-4bad-ba0d-a2cfd13fd72a
2019-10-16 11:35:58,305 [grpc-default-executor-3] INFO  impl.RoleInfo (RoleInfo.java:shutdownFollowerState(121)) - 4281bf39-36db-462c-8bc9-3c86cb645344: shutdown FollowerState
2019-10-16 11:35:58,305 [grpc-default-executor-3] INFO  impl.RoleInfo (RoleInfo.java:updateAndGet(143)) - 4281bf39-36db-462c-8bc9-3c86cb645344: start FollowerState
2019-10-16 11:35:58,305 [Thread-2425] INFO  impl.FollowerState (FollowerState.java:run(117)) - 4281bf39-36db-462c-8bc9-3c86cb645344@group-B3673A53AB6F-FollowerState was interrupted: java.lang.InterruptedException: sleep interrupted
2019-10-16 11:35:58,319 [1ee6da7b-5867-4bad-ba0d-a2cfd13fd72a@group-B3673A53AB6F-LeaderElection296] INFO  impl.LeaderElection (LeaderElection.java:logAndReturn(56)) - 1ee6da7b-5867-4bad-ba0d-a2cfd13fd72a@group-B3673A53AB6F-LeaderElection296: Election REJECTED; received 2 response(s) [1ee6da7b-5867-4bad-ba0d-a2cfd13fd72a<-f94c755f-9f95-40b5-85b9-5e712f3f34e7#0:FAIL-t164, 1ee6da7b-5867-4bad-ba0d-a2cfd13fd72a<-4281bf39-36db-462c-8bc9-3c86cb645344#0:FAIL-t164] and 0 exception(s); 1ee6da7b-5867-4bad-ba0d-a2cfd13fd72a@group-B3673A53AB6F:t164, leader=null, voted=1ee6da7b-5867-4bad-ba0d-a2cfd13fd72a, raftlog=1ee6da7b-5867-4bad-ba0d-a2cfd13fd72a@group-B3673A53AB6F-SegmentedRaftLog:OPENED:c-1,f-1,i0, conf=-1: [f94c755f-9f95-40b5-85b9-5e712f3f34e7:192.168.157.203:45275, 1ee6da7b-5867-4bad-ba0d-a2cfd13fd72a:192.168.157.203:35892, 4281bf39-36db-462c-8bc9-3c86cb645344:192.168.157.203:42381], old=null
2019-10-16 11:35:58,319 [1ee6da7b-5867-4bad-ba0d-a2cfd13fd72a@group-B3673A53AB6F-LeaderElection296] INFO  impl.RaftServerImpl (RaftServerImpl.java:setRole(184)) - 1ee6da7b-5867-4bad-ba0d-a2cfd13fd72a@group-B3673A53AB6F: changes role from CANDIDATE to FOLLOWER at term 164 for DISCOVERED_A_NEW_TERM
2019-10-16 11:35:58,319 [1ee6da7b-5867-4bad-ba0d-a2cfd13fd72a@group-B3673A53AB6F-LeaderElection296] INFO  impl.RoleInfo (RoleInfo.java:shutdownLeaderElection(134)) - 1ee6da7b-5867-4bad-ba0d-a2cfd13fd72a: shutdown LeaderElection
2019-10-16 11:35:58,319 [1ee6da7b-5867-4bad-ba0d-a2cfd13fd72a@group-B3673A53AB6F-LeaderElection296] INFO  impl.RoleInfo (RoleInfo.java:updateAndGet(143)) - 1ee6da7b-5867-4bad-ba0d-a2cfd13fd72a: start FollowerState
2019-10-16 11:35:58,350 [Thread-2432] INFO  impl.FollowerState (FollowerState.java:run(108)) - a3132885-145f-4a8c-85f4-c10eb874732d@group-2077DD483DC7-FollowerState: change to CANDIDATE, lastRpcTime:79ms, electionTimeout:79ms
2019-10-16 11:35:58,350 [Thread-2432] INFO  impl.RoleInfo (RoleInfo.java:shutdownFollowerState(121)) - a3132885-145f-4a8c-85f4-c10eb874732d: shutdown FollowerState
2019-10-16 11:35:58,350 [Thread-2432] INFO  impl.RaftServerImpl (RaftServerImpl.java:setRole(184)) - a3132885-145f-4a8c-85f4-c10eb874732d@group-2077DD483DC7: changes role from  FOLLOWER to CANDIDATE at term 151 for changeToCandidate
2019-10-16 11:35:58,350 [Thread-2432] INFO  impl.RoleInfo (RoleInfo.java:updateAndGet(143)) - a3132885-145f-4a8c-85f4-c10eb874732d: start LeaderElection
2019-10-16 11:35:58,364 [a3132885-145f-4a8c-85f4-c10eb874732d@group-2077DD483DC7-LeaderElection297] INFO  impl.LeaderElection (LeaderElection.java:askForVotes(178)) - a3132885-145f-4a8c-85f4-c10eb874732d@group-2077DD483DC7-LeaderElection297: begin an election at term 152 for -1: [163587bb-2c3b-4498-b576-18147cf38274:192.168.157.203:33208, a3132885-145f-4a8c-85f4-c10eb874732d:192.168.157.203:46766, 70b633f6-b230-4b9f-87f3-510da88f1e08:192.168.157.203:43163], old=null
2019-10-16 11:35:58,366 [grpc-default-executor-4] INFO  impl.RaftServerImpl (RaftServerImpl.java:setRole(184)) - 163587bb-2c3b-4498-b576-18147cf38274@group-2077DD483DC7: changes role from  FOLLOWER to FOLLOWER at term 152 for recognizeCandidate:a3132885-145f-4a8c-85f4-c10eb874732d
2019-10-16 11:35:58,366 [grpc-default-executor-4] INFO  impl.RoleInfo (RoleInfo.java:shutdownFollowerState(121)) - 163587bb-2c3b-4498-b576-18147cf38274: shutdown FollowerState
2019-10-16 11:35:58,366 [grpc-default-executor-4] INFO  impl.RoleInfo (RoleInfo.java:updateAndGet(143)) - 163587bb-2c3b-4498-b576-18147cf38274: start FollowerState
2019-10-16 11:35:58,366 [Thread-2430] INFO  impl.FollowerState (FollowerState.java:run(117)) - 163587bb-2c3b-4498-b576-18147cf38274@group-2077DD483DC7-FollowerState was interrupted: java.lang.InterruptedException: sleep interrupted
2019-10-16 11:35:58,367 [grpc-default-executor-3] INFO  impl.RaftServerImpl (RaftServerImpl.java:setRole(184)) - 70b633f6-b230-4b9f-87f3-510da88f1e08@group-2077DD483DC7: changes role from  FOLLOWER to FOLLOWER at term 152 for recognizeCandidate:a3132885-145f-4a8c-85f4-c10eb874732d
2019-10-16 11:35:58,367 [grpc-default-executor-3] INFO  impl.RoleInfo (RoleInfo.java:shutdownFollowerState(121)) - 70b633f6-b230-4b9f-87f3-510da88f1e08: shutdown FollowerState
2019-10-16 11:35:58,367 [grpc-default-executor-3] INFO  impl.RoleInfo (RoleInfo.java:updateAndGet(143)) - 70b633f6-b230-4b9f-87f3-510da88f1e08: start FollowerState
2019-10-16 11:35:58,367 [Thread-2431] INFO  impl.FollowerState (FollowerState.java:run(117)) - 70b633f6-b230-4b9f-87f3-510da88f1e08@group-2077DD483DC7-FollowerState was interrupted: java.lang.InterruptedException: sleep interrupted
2019-10-16 11:35:58,381 [a3132885-145f-4a8c-85f4-c10eb874732d@group-2077DD483DC7-LeaderElection297] INFO  impl.LeaderElection (LeaderElection.java:logAndReturn(56)) - a3132885-145f-4a8c-85f4-c10eb874732d@group-2077DD483DC7-LeaderElection297: Election REJECTED; received 2 response(s) [a3132885-145f-4a8c-85f4-c10eb874732d<-163587bb-2c3b-4498-b576-18147cf38274#0:FAIL-t152, a3132885-145f-4a8c-85f4-c10eb874732d<-70b633f6-b230-4b9f-87f3-510da88f1e08#0:FAIL-t152] and 0 exception(s); a3132885-145f-4a8c-85f4-c10eb874732d@group-2077DD483DC7:t152, leader=null, voted=a3132885-145f-4a8c-85f4-c10eb874732d, raftlog=a3132885-145f-4a8c-85f4-c10eb874732d@group-2077DD483DC7-SegmentedRaftLog:OPENED:c-1,f-1,i0, conf=-1: [163587bb-2c3b-4498-b576-18147cf38274:192.168.157.203:33208, a3132885-145f-4a8c-85f4-c10eb874732d:192.168.157.203:46766, 70b633f6-b230-4b9f-87f3-510da88f1e08:192.168.157.203:43163], old=null
2019-10-16 11:35:58,381 [a3132885-145f-4a8c-85f4-c10eb874732d@group-2077DD483DC7-LeaderElection297] INFO  impl.RaftServerImpl (RaftServerImpl.java:setRole(184)) - a3132885-145f-4a8c-85f4-c10eb874732d@group-2077DD483DC7: changes role from CANDIDATE to FOLLOWER at term 152 for DISCOVERED_A_NEW_TERM
2019-10-16 11:35:58,381 [a3132885-145f-4a8c-85f4-c10eb874732d@group-2077DD483DC7-LeaderElection297] INFO  impl.RoleInfo (RoleInfo.java:shutdownLeaderElection(134)) - a3132885-145f-4a8c-85f4-c10eb874732d: shutdown LeaderElection
2019-10-16 11:35:58,381 [a3132885-145f-4a8c-85f4-c10eb874732d@group-2077DD483DC7-LeaderElection297] INFO  impl.RoleInfo (RoleInfo.java:updateAndGet(143)) - a3132885-145f-4a8c-85f4-c10eb874732d: start FollowerState
2019-10-16 11:35:58,445 [Thread-2444] INFO  impl.FollowerState (FollowerState.java:run(108)) - a3132885-145f-4a8c-85f4-c10eb874732d@group-2077DD483DC7-FollowerState: change to CANDIDATE, lastRpcTime:63ms, electionTimeout:63ms
2019-10-16 11:35:58,445 [Thread-2444] INFO  impl.RoleInfo (RoleInfo.java:shutdownFollowerState(121)) - a3132885-145f-4a8c-85f4-c10eb874732d: shutdown FollowerState
2019-10-16 11:35:58,445 [Thread-2444] INFO  impl.RaftServerImpl (RaftServerImpl.java:setRole(184)) - a3132885-145f-4a8c-85f4-c10eb874732d@group-2077DD483DC7: changes role from  FOLLOWER to CANDIDATE at term 152 for changeToCandidate
2019-10-16 11:35:58,445 [Thread-2444] INFO  impl.RoleInfo (RoleInfo.java:updateAndGet(143)) - a3132885-145f-4a8c-85f4-c10eb874732d: start LeaderElection
2019-10-16 11:35:58,459 [a3132885-145f-4a8c-85f4-c10eb874732d@group-2077DD483DC7-LeaderElection298] INFO  impl.LeaderElection (LeaderElection.java:askForVotes(178)) - a3132885-145f-4a8c-85f4-c10eb874732d@group-2077DD483DC7-LeaderElection298: begin an election at term 153 for -1: [163587bb-2c3b-4498-b576-18147cf38274:192.168.157.203:33208, a3132885-145f-4a8c-85f4-c10eb874732d:192.168.157.203:46766, 70b633f6-b230-4b9f-87f3-510da88f1e08:192.168.157.203:43163], old=null
2019-10-16 11:35:58,462 [grpc-default-executor-3] INFO  impl.RaftServerImpl (RaftServerImpl.java:setRole(184)) - 163587bb-2c3b-4498-b576-18147cf38274@group-2077DD483DC7: changes role from  FOLLOWER to FOLLOWER at term 153 for recognizeCandidate:a3132885-145f-4a8c-85f4-c10eb874732d
2019-10-16 11:35:58,462 [grpc-default-executor-4] INFO  impl.RaftServerImpl (RaftServerImpl.java:setRole(184)) - 70b633f6-b230-4b9f-87f3-510da88f1e08@group-2077DD483DC7: changes role from  FOLLOWER to FOLLOWER at term 153 for recognizeCandidate:a3132885-145f-4a8c-85f4-c10eb874732d
2019-10-16 11:35:58,462 [grpc-default-executor-3] INFO  impl.RoleInfo (RoleInfo.java:shutdownFollowerState(121)) - 163587bb-2c3b-4498-b576-18147cf38274: shutdown FollowerState
2019-10-16 11:35:58,462 [grpc-default-executor-4] INFO  impl.RoleInfo (RoleInfo.java:shutdownFollowerState(121)) - 70b633f6-b230-4b9f-87f3-510da88f1e08: shutdown FollowerState
2019-10-16 11:35:58,462 [Thread-2442] INFO  impl.FollowerState (FollowerState.java:run(117)) - 163587bb-2c3b-4498-b576-18147cf38274@group-2077DD483DC7-FollowerState was interrupted: java.lang.InterruptedException: sleep interrupted
2019-10-16 11:35:58,462 [grpc-default-executor-3] INFO  impl.RoleInfo (RoleInfo.java:updateAndGet(143)) - 163587bb-2c3b-4498-b576-18147cf38274: start FollowerState
2019-10-16 11:35:58,462 [Thread-2443] INFO  impl.FollowerState (FollowerState.java:run(117)) - 70b633f6-b230-4b9f-87f3-510da88f1e08@group-2077DD483DC7-FollowerState was interrupted: java.lang.InterruptedException: sleep interrupted
2019-10-16 11:35:58,462 [grpc-default-executor-4] INFO  impl.RoleInfo (RoleInfo.java:updateAndGet(143)) - 70b633f6-b230-4b9f-87f3-510da88f1e08: start FollowerState
2019-10-16 11:35:58,485 [a3132885-145f-4a8c-85f4-c10eb874732d@group-2077DD483DC7-LeaderElection298] INFO  impl.LeaderElection (LeaderElection.java:logAndReturn(56)) - a3132885-145f-4a8c-85f4-c10eb874732d@group-2077DD483DC7-LeaderElection298: Election REJECTED; received 2 response(s) [a3132885-145f-4a8c-85f4-c10eb874732d<-163587bb-2c3b-4498-b576-18147cf38274#0:FAIL-t153, a3132885-145f-4a8c-85f4-c10eb874732d<-70b633f6-b230-4b9f-87f3-510da88f1e08#0:FAIL-t153] and 0 exception(s); a3132885-145f-4a8c-85f4-c10eb874732d@group-2077DD483DC7:t153, leader=null, voted=a3132885-145f-4a8c-85f4-c10eb874732d, raftlog=a3132885-145f-4a8c-85f4-c10eb874732d@group-2077DD483DC7-SegmentedRaftLog:OPENED:c-1,f-1,i0, conf=-1: [163587bb-2c3b-4498-b576-18147cf38274:192.168.157.203:33208, a3132885-145f-4a8c-85f4-c10eb874732d:192.168.157.203:46766, 70b633f6-b230-4b9f-87f3-510da88f1e08:192.168.157.203:43163], old=null
2019-10-16 11:35:58,485 [a3132885-145f-4a8c-85f4-c10eb874732d@group-2077DD483DC7-LeaderElection298] INFO  impl.RaftServerImpl (RaftServerImpl.java:setRole(184)) - a3132885-145f-4a8c-85f4-c10eb874732d@group-2077DD483DC7: changes role from CANDIDATE to FOLLOWER at term 153 for DISCOVERED_A_NEW_TERM
2019-10-16 11:35:58,485 [a3132885-145f-4a8c-85f4-c10eb874732d@group-2077DD483DC7-LeaderElection298] INFO  impl.RoleInfo (RoleInfo.java:shutdownLeaderElection(134)) - a3132885-145f-4a8c-85f4-c10eb874732d: shutdown LeaderElection
2019-10-16 11:35:58,485 [a3132885-145f-4a8c-85f4-c10eb874732d@group-2077DD483DC7-LeaderElection298] INFO  impl.RoleInfo (RoleInfo.java:updateAndGet(143)) - a3132885-145f-4a8c-85f4-c10eb874732d: start FollowerState
2019-10-16 11:35:58,488 [Thread-2438] INFO  impl.FollowerState (FollowerState.java:run(108)) - 1ee6da7b-5867-4bad-ba0d-a2cfd13fd72a@group-B3673A53AB6F-FollowerState: change to CANDIDATE, lastRpcTime:169ms, electionTimeout:169ms
2019-10-16 11:35:58,489 [Thread-2438] INFO  impl.RoleInfo (RoleInfo.java:shutdownFollowerState(121)) - 1ee6da7b-5867-4bad-ba0d-a2cfd13fd72a: shutdown FollowerState
2019-10-16 11:35:58,489 [Thread-2438] INFO  impl.RaftServerImpl (RaftServerImpl.java:setRole(184)) - 1ee6da7b-5867-4bad-ba0d-a2cfd13fd72a@group-B3673A53AB6F: changes role from  FOLLOWER to CANDIDATE at term 164 for changeToCandidate
2019-10-16 11:35:58,489 [Thread-2438] INFO  impl.RoleInfo (RoleInfo.java:updateAndGet(143)) - 1ee6da7b-5867-4bad-ba0d-a2cfd13fd72a: start LeaderElection
2019-10-16 11:35:58,503 [1ee6da7b-5867-4bad-ba0d-a2cfd13fd72a@group-B3673A53AB6F-LeaderElection299] INFO  impl.LeaderElection (LeaderElection.java:askForVotes(178)) - 1ee6da7b-5867-4bad-ba0d-a2cfd13fd72a@group-B3673A53AB6F-LeaderElection299: begin an election at term 165 for -1: [f94c755f-9f95-40b5-85b9-5e712f3f34e7:192.168.157.203:45275, 1ee6da7b-5867-4bad-ba0d-a2cfd13fd72a:192.168.157.203:35892, 4281bf39-36db-462c-8bc9-3c86cb645344:192.168.157.203:42381], old=null
2019-10-16 11:35:58,505 [grpc-default-executor-4] INFO  impl.RaftServerImpl (RaftServerImpl.java:setRole(184)) - f94c755f-9f95-40b5-85b9-5e712f3f34e7@group-B3673A53AB6F: changes role from  FOLLOWER to FOLLOWER at term 165 for recognizeCandidate:1ee6da7b-5867-4bad-ba0d-a2cfd13fd72a
2019-10-16 11:35:58,505 [grpc-default-executor-4] INFO  impl.RoleInfo (RoleInfo.java:shutdownFollowerState(121)) - f94c755f-9f95-40b5-85b9-5e712f3f34e7: shutdown FollowerState
2019-10-16 11:35:58,505 [grpc-default-executor-4] INFO  impl.RoleInfo (RoleInfo.java:updateAndGet(143)) - f94c755f-9f95-40b5-85b9-5e712f3f34e7: start FollowerState
2019-10-16 11:35:58,505 [grpc-default-executor-3] INFO  impl.RaftServerImpl (RaftServerImpl.java:setRole(184)) - 4281bf39-36db-462c-8bc9-3c86cb645344@group-B3673A53AB6F: changes role from  FOLLOWER to FOLLOWER at term 165 for recognizeCandidate:1ee6da7b-5867-4bad-ba0d-a2cfd13fd72a
2019-10-16 11:35:58,505 [Thread-2436] INFO  impl.FollowerState (FollowerState.java:run(117)) - f94c755f-9f95-40b5-85b9-5e712f3f34e7@group-B3673A53AB6F-FollowerState was interrupted: java.lang.InterruptedException: sleep interrupted
2019-10-16 11:35:58,505 [grpc-default-executor-3] INFO  impl.RoleInfo (RoleInfo.java:shutdownFollowerState(121)) - 4281bf39-36db-462c-8bc9-3c86cb645344: shutdown FollowerState
2019-10-16 11:35:58,506 [Thread-2437] INFO  impl.FollowerState (FollowerState.java:run(117)) - 4281bf39-36db-462c-8bc9-3c86cb645344@group-B3673A53AB6F-FollowerState was interrupted: java.lang.InterruptedException: sleep interrupted
2019-10-16 11:35:58,506 [grpc-default-executor-3] INFO  impl.RoleInfo (RoleInfo.java:updateAndGet(143)) - 4281bf39-36db-462c-8bc9-3c86cb645344: start FollowerState
2019-10-16 11:35:58,520 [1ee6da7b-5867-4bad-ba0d-a2cfd13fd72a@group-B3673A53AB6F-LeaderElection299] INFO  impl.LeaderElection (LeaderElection.java:logAndReturn(56)) - 1ee6da7b-5867-4bad-ba0d-a2cfd13fd72a@group-B3673A53AB6F-LeaderElection299: Election REJECTED; received 2 response(s) [1ee6da7b-5867-4bad-ba0d-a2cfd13fd72a<-f94c755f-9f95-40b5-85b9-5e712f3f34e7#0:FAIL-t165, 1ee6da7b-5867-4bad-ba0d-a2cfd13fd72a<-4281bf39-36db-462c-8bc9-3c86cb645344#0:FAIL-t165] and 0 exception(s); 1ee6da7b-5867-4bad-ba0d-a2cfd13fd72a@group-B3673A53AB6F:t165, leader=null, voted=1ee6da7b-5867-4bad-ba0d-a2cfd13fd72a, raftlog=1ee6da7b-5867-4bad-ba0d-a2cfd13fd72a@group-B3673A53AB6F-SegmentedRaftLog:OPENED:c-1,f-1,i0, conf=-1: [f94c755f-9f95-40b5-85b9-5e712f3f34e7:192.168.157.203:45275, 1ee6da7b-5867-4bad-ba0d-a2cfd13fd72a:192.168.157.203:35892, 4281bf39-36db-462c-8bc9-3c86cb645344:192.168.157.203:42381], old=null
2019-10-16 11:35:58,520 [1ee6da7b-5867-4bad-ba0d-a2cfd13fd72a@group-B3673A53AB6F-LeaderElection299] INFO  impl.RaftServerImpl (RaftServerImpl.java:setRole(184)) - 1ee6da7b-5867-4bad-ba0d-a2cfd13fd72a@group-B3673A53AB6F: changes role from CANDIDATE to FOLLOWER at term 165 for DISCOVERED_A_NEW_TERM
2019-10-16 11:35:58,520 [1ee6da7b-5867-4bad-ba0d-a2cfd13fd72a@group-B3673A53AB6F-LeaderElection299] INFO  impl.RoleInfo (RoleInfo.java:shutdownLeaderElection(134)) - 1ee6da7b-5867-4bad-ba0d-a2cfd13fd72a: shutdown LeaderElection
2019-10-16 11:35:58,520 [1ee6da7b-5867-4bad-ba0d-a2cfd13fd72a@group-B3673A53AB6F-LeaderElection299] INFO  impl.RoleInfo (RoleInfo.java:updateAndGet(143)) - 1ee6da7b-5867-4bad-ba0d-a2cfd13fd72a: start FollowerState
2019-10-16 11:35:58,576 [Thread-2458] INFO  impl.FollowerState (FollowerState.java:run(108)) - 1ee6da7b-5867-4bad-ba0d-a2cfd13fd72a@group-B3673A53AB6F-FollowerState: change to CANDIDATE, lastRpcTime:56ms, electionTimeout:56ms
2019-10-16 11:35:58,576 [Thread-2458] INFO  impl.RoleInfo (RoleInfo.java:shutdownFollowerState(121)) - 1ee6da7b-5867-4bad-ba0d-a2cfd13fd72a: shutdown FollowerState
2019-10-16 11:35:58,577 [Thread-2458] INFO  impl.RaftServerImpl (RaftServerImpl.java:setRole(184)) - 1ee6da7b-5867-4bad-ba0d-a2cfd13fd72a@group-B3673A53AB6F: changes role from  FOLLOWER to CANDIDATE at term 165 for changeToCandidate
2019-10-16 11:35:58,577 [Thread-2458] INFO  impl.RoleInfo (RoleInfo.java:updateAndGet(143)) - 1ee6da7b-5867-4bad-ba0d-a2cfd13fd72a: start LeaderElection
2019-10-16 11:35:58,591 [1ee6da7b-5867-4bad-ba0d-a2cfd13fd72a@group-B3673A53AB6F-LeaderElection300] INFO  impl.LeaderElection (LeaderElection.java:askForVotes(178)) - 1ee6da7b-5867-4bad-ba0d-a2cfd13fd72a@group-B3673A53AB6F-LeaderElection300: begin an election at term 166 for -1: [f94c755f-9f95-40b5-85b9-5e712f3f34e7:192.168.157.203:45275, 1ee6da7b-5867-4bad-ba0d-a2cfd13fd72a:192.168.157.203:35892, 4281bf39-36db-462c-8bc9-3c86cb645344:192.168.157.203:42381], old=null
2019-10-16 11:35:58,593 [grpc-default-executor-3] INFO  impl.RaftServerImpl (RaftServerImpl.java:setRole(184)) - f94c755f-9f95-40b5-85b9-5e712f3f34e7@group-B3673A53AB6F: changes role from  FOLLOWER to FOLLOWER at term 166 for recognizeCandidate:1ee6da7b-5867-4bad-ba0d-a2cfd13fd72a
2019-10-16 11:35:58,594 [grpc-default-executor-3] INFO  impl.RoleInfo (RoleInfo.java:shutdownFollowerState(121)) - f94c755f-9f95-40b5-85b9-5e712f3f34e7: shutdown FollowerState
2019-10-16 11:35:58,594 [grpc-default-executor-4] INFO  impl.RaftServerImpl (RaftServerImpl.java:setRole(184)) - 4281bf39-36db-462c-8bc9-3c86cb645344@group-B3673A53AB6F: changes role from  FOLLOWER to FOLLOWER at term 166 for recognizeCandidate:1ee6da7b-5867-4bad-ba0d-a2cfd13fd72a
2019-10-16 11:35:58,594 [Thread-2456] INFO  impl.FollowerState (FollowerState.java:run(117)) - f94c755f-9f95-40b5-85b9-5e712f3f34e7@group-B3673A53AB6F-FollowerState was interrupted: java.lang.InterruptedException: sleep interrupted
2019-10-16 11:35:58,594 [grpc-default-executor-3] INFO  impl.RoleInfo (RoleInfo.java:updateAndGet(143)) - f94c755f-9f95-40b5-85b9-5e712f3f34e7: start FollowerState
2019-10-16 11:35:58,594 [grpc-default-executor-4] INFO  impl.RoleInfo (RoleInfo.java:shutdownFollowerState(121)) - 4281bf39-36db-462c-8bc9-3c86cb645344: shutdown FollowerState
2019-10-16 11:35:58,595 [grpc-default-executor-4] INFO  impl.RoleInfo (RoleInfo.java:updateAndGet(143)) - 4281bf39-36db-462c-8bc9-3c86cb645344: start FollowerState
2019-10-16 11:35:58,595 [Thread-2457] INFO  impl.FollowerState (FollowerState.java:run(117)) - 4281bf39-36db-462c-8bc9-3c86cb645344@group-B3673A53AB6F-FollowerState was interrupted: java.lang.InterruptedException: sleep interrupted
2019-10-16 11:35:58,609 [1ee6da7b-5867-4bad-ba0d-a2cfd13fd72a@group-B3673A53AB6F-LeaderElection300] INFO  impl.LeaderElection (LeaderElection.java:logAndReturn(56)) - 1ee6da7b-5867-4bad-ba0d-a2cfd13fd72a@group-B3673A53AB6F-LeaderElection300: Election REJECTED; received 2 response(s) [1ee6da7b-5867-4bad-ba0d-a2cfd13fd72a<-f94c755f-9f95-40b5-85b9-5e712f3f34e7#0:FAIL-t166, 1ee6da7b-5867-4bad-ba0d-a2cfd13fd72a<-4281bf39-36db-462c-8bc9-3c86cb645344#0:FAIL-t166] and 0 exception(s); 1ee6da7b-5867-4bad-ba0d-a2cfd13fd72a@group-B3673A53AB6F:t166, leader=null, voted=1ee6da7b-5867-4bad-ba0d-a2cfd13fd72a, raftlog=1ee6da7b-5867-4bad-ba0d-a2cfd13fd72a@group-B3673A53AB6F-SegmentedRaftLog:OPENED:c-1,f-1,i0, conf=-1: [f94c755f-9f95-40b5-85b9-5e712f3f34e7:192.168.157.203:45275, 1ee6da7b-5867-4bad-ba0d-a2cfd13fd72a:192.168.157.203:35892, 4281bf39-36db-462c-8bc9-3c86cb645344:192.168.157.203:42381], old=null
2019-10-16 11:35:58,610 [1ee6da7b-5867-4bad-ba0d-a2cfd13fd72a@group-B3673A53AB6F-LeaderElection300] INFO  impl.RaftServerImpl (RaftServerImpl.java:setRole(184)) - 1ee6da7b-5867-4bad-ba0d-a2cfd13fd72a@group-B3673A53AB6F: changes role from CANDIDATE to FOLLOWER at term 166 for DISCOVERED_A_NEW_TERM
2019-10-16 11:35:58,610 [1ee6da7b-5867-4bad-ba0d-a2cfd13fd72a@group-B3673A53AB6F-LeaderElection300] INFO  impl.RoleInfo (RoleInfo.java:shutdownLeaderElection(134)) - 1ee6da7b-5867-4bad-ba0d-a2cfd13fd72a: shutdown LeaderElection
2019-10-16 11:35:58,610 [1ee6da7b-5867-4bad-ba0d-a2cfd13fd72a@group-B3673A53AB6F-LeaderElection300] INFO  impl.RoleInfo (RoleInfo.java:updateAndGet(143)) - 1ee6da7b-5867-4bad-ba0d-a2cfd13fd72a: start FollowerState
2019-10-16 11:35:58,611 [Thread-2452] INFO  impl.FollowerState (FollowerState.java:run(108)) - a3132885-145f-4a8c-85f4-c10eb874732d@group-2077DD483DC7-FollowerState: change to CANDIDATE, lastRpcTime:125ms, electionTimeout:125ms
2019-10-16 11:35:58,611 [Thread-2452] INFO  impl.RoleInfo (RoleInfo.java:shutdownFollowerState(121)) - a3132885-145f-4a8c-85f4-c10eb874732d: shutdown FollowerState
2019-10-16 11:35:58,611 [Thread-2452] INFO  impl.RaftServerImpl (RaftServerImpl.java:setRole(184)) - a3132885-145f-4a8c-85f4-c10eb874732d@group-2077DD483DC7: changes role from  FOLLOWER to CANDIDATE at term 153 for changeToCandidate
2019-10-16 11:35:58,611 [Thread-2452] INFO  impl.RoleInfo (RoleInfo.java:updateAndGet(143)) - a3132885-145f-4a8c-85f4-c10eb874732d: start LeaderElection
2019-10-16 11:35:58,624 [a3132885-145f-4a8c-85f4-c10eb874732d@group-2077DD483DC7-LeaderElection301] INFO  impl.LeaderElection (LeaderElection.java:askForVotes(178)) - a3132885-145f-4a8c-85f4-c10eb874732d@group-2077DD483DC7-LeaderElection301: begin an election at term 154 for -1: [163587bb-2c3b-4498-b576-18147cf38274:192.168.157.203:33208, a3132885-145f-4a8c-85f4-c10eb874732d:192.168.157.203:46766, 70b633f6-b230-4b9f-87f3-510da88f1e08:192.168.157.203:43163], old=null
2019-10-16 11:35:58,626 [grpc-default-executor-4] INFO  impl.RaftServerImpl (RaftServerImpl.java:setRole(184)) - 163587bb-2c3b-4498-b576-18147cf38274@group-2077DD483DC7: changes role from  FOLLOWER to FOLLOWER at term 154 for recognizeCandidate:a3132885-145f-4a8c-85f4-c10eb874732d
2019-10-16 11:35:58,626 [grpc-default-executor-4] INFO  impl.RoleInfo (RoleInfo.java:shutdownFollowerState(121)) - 163587bb-2c3b-4498-b576-18147cf38274: shutdown FollowerState
2019-10-16 11:35:58,626 [grpc-default-executor-4] INFO  impl.RoleInfo (RoleInfo.java:updateAndGet(143)) - 163587bb-2c3b-4498-b576-18147cf38274: start FollowerState
2019-10-16 11:35:58,626 [grpc-default-executor-3] INFO  impl.RaftServerImpl (RaftServerImpl.java:setRole(184)) - 70b633f6-b230-4b9f-87f3-510da88f1e08@group-2077DD483DC7: changes role from  FOLLOWER to FOLLOWER at term 154 for recognizeCandidate:a3132885-145f-4a8c-85f4-c10eb874732d
2019-10-16 11:35:58,627 [grpc-default-executor-3] INFO  impl.RoleInfo (RoleInfo.java:shutdownFollowerState(121)) - 70b633f6-b230-4b9f-87f3-510da88f1e08: shutdown FollowerState
2019-10-16 11:35:58,626 [Thread-2450] INFO  impl.FollowerState (FollowerState.java:run(117)) - 163587bb-2c3b-4498-b576-18147cf38274@group-2077DD483DC7-FollowerState was interrupted: java.lang.InterruptedException: sleep interrupted
2019-10-16 11:35:58,627 [Thread-2451] INFO  impl.FollowerState (FollowerState.java:run(117)) - 70b633f6-b230-4b9f-87f3-510da88f1e08@group-2077DD483DC7-FollowerState was interrupted: java.lang.InterruptedException: sleep interrupted
2019-10-16 11:35:58,627 [grpc-default-executor-3] INFO  impl.RoleInfo (RoleInfo.java:updateAndGet(143)) - 70b633f6-b230-4b9f-87f3-510da88f1e08: start FollowerState
2019-10-16 11:35:58,641 [a3132885-145f-4a8c-85f4-c10eb874732d@group-2077DD483DC7-LeaderElection301] INFO  impl.LeaderElection (LeaderElection.java:logAndReturn(56)) - a3132885-145f-4a8c-85f4-c10eb874732d@group-2077DD483DC7-LeaderElection301: Election REJECTED; received 2 response(s) [a3132885-145f-4a8c-85f4-c10eb874732d<-163587bb-2c3b-4498-b576-18147cf38274#0:FAIL-t154, a3132885-145f-4a8c-85f4-c10eb874732d<-70b633f6-b230-4b9f-87f3-510da88f1e08#0:FAIL-t154] and 0 exception(s); a3132885-145f-4a8c-85f4-c10eb874732d@group-2077DD483DC7:t154, leader=null, voted=a3132885-145f-4a8c-85f4-c10eb874732d, raftlog=a3132885-145f-4a8c-85f4-c10eb874732d@group-2077DD483DC7-SegmentedRaftLog:OPENED:c-1,f-1,i0, conf=-1: [163587bb-2c3b-4498-b576-18147cf38274:192.168.157.203:33208, a3132885-145f-4a8c-85f4-c10eb874732d:192.168.157.203:46766, 70b633f6-b230-4b9f-87f3-510da88f1e08:192.168.157.203:43163], old=null
2019-10-16 11:35:58,641 [a3132885-145f-4a8c-85f4-c10eb874732d@group-2077DD483DC7-LeaderElection301] INFO  impl.RaftServerImpl (RaftServerImpl.java:setRole(184)) - a3132885-145f-4a8c-85f4-c10eb874732d@group-2077DD483DC7: changes role from CANDIDATE to FOLLOWER at term 154 for DISCOVERED_A_NEW_TERM
2019-10-16 11:35:58,641 [a3132885-145f-4a8c-85f4-c10eb874732d@group-2077DD483DC7-LeaderElection301] INFO  impl.RoleInfo (RoleInfo.java:shutdownLeaderElection(134)) - a3132885-145f-4a8c-85f4-c10eb874732d: shutdown LeaderElection
2019-10-16 11:35:58,641 [a3132885-145f-4a8c-85f4-c10eb874732d@group-2077DD483DC7-LeaderElection301] INFO  impl.RoleInfo (RoleInfo.java:updateAndGet(143)) - a3132885-145f-4a8c-85f4-c10eb874732d: start FollowerState
2019-10-16 11:35:58,766 [Thread-2470] INFO  impl.FollowerState (FollowerState.java:run(108)) - a3132885-145f-4a8c-85f4-c10eb874732d@group-2077DD483DC7-FollowerState: change to CANDIDATE, lastRpcTime:124ms, electionTimeout:124ms
2019-10-16 11:35:58,766 [Thread-2470] INFO  impl.RoleInfo (RoleInfo.java:shutdownFollowerState(121)) - a3132885-145f-4a8c-85f4-c10eb874732d: shutdown FollowerState
2019-10-16 11:35:58,766 [Thread-2470] INFO  impl.RaftServerImpl (RaftServerImpl.java:setRole(184)) - a3132885-145f-4a8c-85f4-c10eb874732d@group-2077DD483DC7: changes role from  FOLLOWER to CANDIDATE at term 154 for changeToCandidate
2019-10-16 11:35:58,767 [Thread-2470] INFO  impl.RoleInfo (RoleInfo.java:updateAndGet(143)) - a3132885-145f-4a8c-85f4-c10eb874732d: start LeaderElection
2019-10-16 11:35:58,781 [a3132885-145f-4a8c-85f4-c10eb874732d@group-2077DD483DC7-LeaderElection302] INFO  impl.LeaderElection (LeaderElection.java:askForVotes(178)) - a3132885-145f-4a8c-85f4-c10eb874732d@group-2077DD483DC7-LeaderElection302: begin an election at term 155 for -1: [163587bb-2c3b-4498-b576-18147cf38274:192.168.157.203:33208, a3132885-145f-4a8c-85f4-c10eb874732d:192.168.157.203:46766, 70b633f6-b230-4b9f-87f3-510da88f1e08:192.168.157.203:43163], old=null
2019-10-16 11:35:58,783 [grpc-default-executor-4] INFO  impl.RaftServerImpl (RaftServerImpl.java:setRole(184)) - 163587bb-2c3b-4498-b576-18147cf38274@group-2077DD483DC7: changes role from  FOLLOWER to FOLLOWER at term 155 for recognizeCandidate:a3132885-145f-4a8c-85f4-c10eb874732d
2019-10-16 11:35:58,784 [grpc-default-executor-4] INFO  impl.RoleInfo (RoleInfo.java:shutdownFollowerState(121)) - 163587bb-2c3b-4498-b576-18147cf38274: shutdown FollowerState
2019-10-16 11:35:58,784 [grpc-default-executor-3] INFO  impl.RaftServerImpl (RaftServerImpl.java:setRole(184)) - 70b633f6-b230-4b9f-87f3-510da88f1e08@group-2077DD483DC7: changes role from  FOLLOWER to FOLLOWER at term 155 for recognizeCandidate:a3132885-145f-4a8c-85f4-c10eb874732d
2019-10-16 11:35:58,784 [Thread-2468] INFO  impl.FollowerState (FollowerState.java:run(117)) - 163587bb-2c3b-4498-b576-18147cf38274@group-2077DD483DC7-FollowerState was interrupted: java.lang.InterruptedException: sleep interrupted
2019-10-16 11:35:58,784 [grpc-default-executor-4] INFO  impl.RoleInfo (RoleInfo.java:updateAndGet(143)) - 163587bb-2c3b-4498-b576-18147cf38274: start FollowerState
2019-10-16 11:35:58,784 [grpc-default-executor-3] INFO  impl.RoleInfo (RoleInfo.java:shutdownFollowerState(121)) - 70b633f6-b230-4b9f-87f3-510da88f1e08: shutdown FollowerState
2019-10-16 11:35:58,784 [grpc-default-executor-3] INFO  impl.RoleInfo (RoleInfo.java:updateAndGet(143)) - 70b633f6-b230-4b9f-87f3-510da88f1e08: start FollowerState
2019-10-16 11:35:58,784 [Thread-2469] INFO  impl.FollowerState (FollowerState.java:run(117)) - 70b633f6-b230-4b9f-87f3-510da88f1e08@group-2077DD483DC7-FollowerState was interrupted: java.lang.InterruptedException: sleep interrupted
2019-10-16 11:35:58,785 [Thread-2464] INFO  impl.FollowerState (FollowerState.java:run(108)) - 1ee6da7b-5867-4bad-ba0d-a2cfd13fd72a@group-B3673A53AB6F-FollowerState: change to CANDIDATE, lastRpcTime:174ms, electionTimeout:174ms
2019-10-16 11:35:58,785 [Thread-2464] INFO  impl.RoleInfo (RoleInfo.java:shutdownFollowerState(121)) - 1ee6da7b-5867-4bad-ba0d-a2cfd13fd72a: shutdown FollowerState
2019-10-16 11:35:58,785 [Thread-2464] INFO  impl.RaftServerImpl (RaftServerImpl.java:setRole(184)) - 1ee6da7b-5867-4bad-ba0d-a2cfd13fd72a@group-B3673A53AB6F: changes role from  FOLLOWER to CANDIDATE at term 166 for changeToCandidate
2019-10-16 11:35:58,785 [Thread-2464] INFO  impl.RoleInfo (RoleInfo.java:updateAndGet(143)) - 1ee6da7b-5867-4bad-ba0d-a2cfd13fd72a: start LeaderElection
2019-10-16 11:35:58,798 [1ee6da7b-5867-4bad-ba0d-a2cfd13fd72a@group-B3673A53AB6F-LeaderElection303] INFO  impl.LeaderElection (LeaderElection.java:askForVotes(178)) - 1ee6da7b-5867-4bad-ba0d-a2cfd13fd72a@group-B3673A53AB6F-LeaderElection303: begin an election at term 167 for -1: [f94c755f-9f95-40b5-85b9-5e712f3f34e7:192.168.157.203:45275, 1ee6da7b-5867-4bad-ba0d-a2cfd13fd72a:192.168.157.203:35892, 4281bf39-36db-462c-8bc9-3c86cb645344:192.168.157.203:42381], old=null
2019-10-16 11:35:58,799 [a3132885-145f-4a8c-85f4-c10eb874732d@group-2077DD483DC7-LeaderElection302] INFO  impl.LeaderElection (LeaderElection.java:logAndReturn(56)) - a3132885-145f-4a8c-85f4-c10eb874732d@group-2077DD483DC7-LeaderElection302: Election REJECTED; received 2 response(s) [a3132885-145f-4a8c-85f4-c10eb874732d<-163587bb-2c3b-4498-b576-18147cf38274#0:FAIL-t155, a3132885-145f-4a8c-85f4-c10eb874732d<-70b633f6-b230-4b9f-87f3-510da88f1e08#0:FAIL-t155] and 0 exception(s); a3132885-145f-4a8c-85f4-c10eb874732d@group-2077DD483DC7:t155, leader=null, voted=a3132885-145f-4a8c-85f4-c10eb874732d, raftlog=a3132885-145f-4a8c-85f4-c10eb874732d@group-2077DD483DC7-SegmentedRaftLog:OPENED:c-1,f-1,i0, conf=-1: [163587bb-2c3b-4498-b576-18147cf38274:192.168.157.203:33208, a3132885-145f-4a8c-85f4-c10eb874732d:192.168.157.203:46766, 70b633f6-b230-4b9f-87f3-510da88f1e08:192.168.157.203:43163], old=null
2019-10-16 11:35:58,799 [a3132885-145f-4a8c-85f4-c10eb874732d@group-2077DD483DC7-LeaderElection302] INFO  impl.RaftServerImpl (RaftServerImpl.java:setRole(184)) - a3132885-145f-4a8c-85f4-c10eb874732d@group-2077DD483DC7: changes role from CANDIDATE to FOLLOWER at term 155 for DISCOVERED_A_NEW_TERM
2019-10-16 11:35:58,799 [a3132885-145f-4a8c-85f4-c10eb874732d@group-2077DD483DC7-LeaderElection302] INFO  impl.RoleInfo (RoleInfo.java:shutdownLeaderElection(134)) - a3132885-145f-4a8c-85f4-c10eb874732d: shutdown LeaderElection
2019-10-16 11:35:58,799 [a3132885-145f-4a8c-85f4-c10eb874732d@group-2077DD483DC7-LeaderElection302] INFO  impl.RoleInfo (RoleInfo.java:updateAndGet(143)) - a3132885-145f-4a8c-85f4-c10eb874732d: start FollowerState
2019-10-16 11:35:58,800 [grpc-default-executor-3] INFO  impl.RaftServerImpl (RaftServerImpl.java:setRole(184)) - f94c755f-9f95-40b5-85b9-5e712f3f34e7@group-B3673A53AB6F: changes role from  FOLLOWER to FOLLOWER at term 167 for recognizeCandidate:1ee6da7b-5867-4bad-ba0d-a2cfd13fd72a
2019-10-16 11:35:58,800 [grpc-default-executor-3] INFO  impl.RoleInfo (RoleInfo.java:shutdownFollowerState(121)) - f94c755f-9f95-40b5-85b9-5e712f3f34e7: shutdown FollowerState
2019-10-16 11:35:58,800 [grpc-default-executor-3] INFO  impl.RoleInfo (RoleInfo.java:updateAndGet(143)) - f94c755f-9f95-40b5-85b9-5e712f3f34e7: start FollowerState
2019-10-16 11:35:58,800 [Thread-2462] INFO  impl.FollowerState (FollowerState.java:run(117)) - f94c755f-9f95-40b5-85b9-5e712f3f34e7@group-B3673A53AB6F-FollowerState was interrupted: java.lang.InterruptedException: sleep interrupted
2019-10-16 11:35:58,801 [grpc-default-executor-4] INFO  impl.RaftServerImpl (RaftServerImpl.java:setRole(184)) - 4281bf39-36db-462c-8bc9-3c86cb645344@group-B3673A53AB6F: changes role from  FOLLOWER to FOLLOWER at term 167 for recognizeCandidate:1ee6da7b-5867-4bad-ba0d-a2cfd13fd72a
2019-10-16 11:35:58,801 [grpc-default-executor-4] INFO  impl.RoleInfo (RoleInfo.java:shutdownFollowerState(121)) - 4281bf39-36db-462c-8bc9-3c86cb645344: shutdown FollowerState
2019-10-16 11:35:58,801 [Thread-2463] INFO  impl.FollowerState (FollowerState.java:run(117)) - 4281bf39-36db-462c-8bc9-3c86cb645344@group-B3673A53AB6F-FollowerState was interrupted: java.lang.InterruptedException: sleep interrupted
2019-10-16 11:35:58,801 [grpc-default-executor-4] INFO  impl.RoleInfo (RoleInfo.java:updateAndGet(143)) - 4281bf39-36db-462c-8bc9-3c86cb645344: start FollowerState
2019-10-16 11:35:58,814 [1ee6da7b-5867-4bad-ba0d-a2cfd13fd72a@group-B3673A53AB6F-LeaderElection303] INFO  impl.LeaderElection (LeaderElection.java:logAndReturn(56)) - 1ee6da7b-5867-4bad-ba0d-a2cfd13fd72a@group-B3673A53AB6F-LeaderElection303: Election REJECTED; received 2 response(s) [1ee6da7b-5867-4bad-ba0d-a2cfd13fd72a<-f94c755f-9f95-40b5-85b9-5e712f3f34e7#0:FAIL-t167, 1ee6da7b-5867-4bad-ba0d-a2cfd13fd72a<-4281bf39-36db-462c-8bc9-3c86cb645344#0:FAIL-t167] and 0 exception(s); 1ee6da7b-5867-4bad-ba0d-a2cfd13fd72a@group-B3673A53AB6F:t167, leader=null, voted=1ee6da7b-5867-4bad-ba0d-a2cfd13fd72a, raftlog=1ee6da7b-5867-4bad-ba0d-a2cfd13fd72a@group-B3673A53AB6F-SegmentedRaftLog:OPENED:c-1,f-1,i0, conf=-1: [f94c755f-9f95-40b5-85b9-5e712f3f34e7:192.168.157.203:45275, 1ee6da7b-5867-4bad-ba0d-a2cfd13fd72a:192.168.157.203:35892, 4281bf39-36db-462c-8bc9-3c86cb645344:192.168.157.203:42381], old=null
2019-10-16 11:35:58,815 [1ee6da7b-5867-4bad-ba0d-a2cfd13fd72a@group-B3673A53AB6F-LeaderElection303] INFO  impl.RaftServerImpl (RaftServerImpl.java:setRole(184)) - 1ee6da7b-5867-4bad-ba0d-a2cfd13fd72a@group-B3673A53AB6F: changes role from CANDIDATE to FOLLOWER at term 167 for DISCOVERED_A_NEW_TERM
2019-10-16 11:35:58,815 [1ee6da7b-5867-4bad-ba0d-a2cfd13fd72a@group-B3673A53AB6F-LeaderElection303] INFO  impl.RoleInfo (RoleInfo.java:shutdownLeaderElection(134)) - 1ee6da7b-5867-4bad-ba0d-a2cfd13fd72a: shutdown LeaderElection
2019-10-16 11:35:58,815 [1ee6da7b-5867-4bad-ba0d-a2cfd13fd72a@group-B3673A53AB6F-LeaderElection303] INFO  impl.RoleInfo (RoleInfo.java:updateAndGet(143)) - 1ee6da7b-5867-4bad-ba0d-a2cfd13fd72a: start FollowerState
2019-10-16 11:35:58,886 [Thread-2482] INFO  impl.FollowerState (FollowerState.java:run(108)) - 1ee6da7b-5867-4bad-ba0d-a2cfd13fd72a@group-B3673A53AB6F-FollowerState: change to CANDIDATE, lastRpcTime:71ms, electionTimeout:71ms
2019-10-16 11:35:58,886 [Thread-2482] INFO  impl.RoleInfo (RoleInfo.java:shutdownFollowerState(121)) - 1ee6da7b-5867-4bad-ba0d-a2cfd13fd72a: shutdown FollowerState
2019-10-16 11:35:58,887 [Thread-2482] INFO  impl.RaftServerImpl (RaftServerImpl.java:setRole(184)) - 1ee6da7b-5867-4bad-ba0d-a2cfd13fd72a@group-B3673A53AB6F: changes role from  FOLLOWER to CANDIDATE at term 167 for changeToCandidate
2019-10-16 11:35:58,887 [Thread-2482] INFO  impl.RoleInfo (RoleInfo.java:updateAndGet(143)) - 1ee6da7b-5867-4bad-ba0d-a2cfd13fd72a: start LeaderElection
2019-10-16 11:35:58,901 [1ee6da7b-5867-4bad-ba0d-a2cfd13fd72a@group-B3673A53AB6F-LeaderElection304] INFO  impl.LeaderElection (LeaderElection.java:askForVotes(178)) - 1ee6da7b-5867-4bad-ba0d-a2cfd13fd72a@group-B3673A53AB6F-LeaderElection304: begin an election at term 168 for -1: [f94c755f-9f95-40b5-85b9-5e712f3f34e7:192.168.157.203:45275, 1ee6da7b-5867-4bad-ba0d-a2cfd13fd72a:192.168.157.203:35892, 4281bf39-36db-462c-8bc9-3c86cb645344:192.168.157.203:42381], old=null
2019-10-16 11:35:58,903 [grpc-default-executor-4] INFO  impl.RaftServerImpl (RaftServerImpl.java:setRole(184)) - 4281bf39-36db-462c-8bc9-3c86cb645344@group-B3673A53AB6F: changes role from  FOLLOWER to FOLLOWER at term 168 for recognizeCandidate:1ee6da7b-5867-4bad-ba0d-a2cfd13fd72a
2019-10-16 11:35:58,903 [grpc-default-executor-3] INFO  impl.RaftServerImpl (RaftServerImpl.java:setRole(184)) - f94c755f-9f95-40b5-85b9-5e712f3f34e7@group-B3673A53AB6F: changes role from  FOLLOWER to FOLLOWER at term 168 for recognizeCandidate:1ee6da7b-5867-4bad-ba0d-a2cfd13fd72a
2019-10-16 11:35:58,903 [grpc-default-executor-4] INFO  impl.RoleInfo (RoleInfo.java:shutdownFollowerState(121)) - 4281bf39-36db-462c-8bc9-3c86cb645344: shutdown FollowerState
2019-10-16 11:35:58,903 [grpc-default-executor-3] INFO  impl.RoleInfo (RoleInfo.java:shutdownFollowerState(121)) - f94c755f-9f95-40b5-85b9-5e712f3f34e7: shutdown FollowerState
2019-10-16 11:35:58,903 [Thread-2481] INFO  impl.FollowerState (FollowerState.java:run(117)) - 4281bf39-36db-462c-8bc9-3c86cb645344@group-B3673A53AB6F-FollowerState was interrupted: java.lang.InterruptedException: sleep interrupted
2019-10-16 11:35:58,903 [grpc-default-executor-4] INFO  impl.RoleInfo (RoleInfo.java:updateAndGet(143)) - 4281bf39-36db-462c-8bc9-3c86cb645344: start FollowerState
2019-10-16 11:35:58,903 [Thread-2480] INFO  impl.FollowerState (FollowerState.java:run(117)) - f94c755f-9f95-40b5-85b9-5e712f3f34e7@group-B3673A53AB6F-FollowerState was interrupted: java.lang.InterruptedException: sleep interrupted
2019-10-16 11:35:58,903 [grpc-default-executor-3] INFO  impl.RoleInfo (RoleInfo.java:updateAndGet(143)) - f94c755f-9f95-40b5-85b9-5e712f3f34e7: start FollowerState
2019-10-16 11:35:58,912 [Thread-2479] INFO  impl.FollowerState (FollowerState.java:run(108)) - a3132885-145f-4a8c-85f4-c10eb874732d@group-2077DD483DC7-FollowerState: change to CANDIDATE, lastRpcTime:112ms, electionTimeout:112ms
2019-10-16 11:35:58,912 [Thread-2479] INFO  impl.RoleInfo (RoleInfo.java:shutdownFollowerState(121)) - a3132885-145f-4a8c-85f4-c10eb874732d: shutdown FollowerState
2019-10-16 11:35:58,912 [Thread-2479] INFO  impl.RaftServerImpl (RaftServerImpl.java:setRole(184)) - a3132885-145f-4a8c-85f4-c10eb874732d@group-2077DD483DC7: changes role from  FOLLOWER to CANDIDATE at term 155 for changeToCandidate
2019-10-16 11:35:58,912 [Thread-2479] INFO  impl.RoleInfo (RoleInfo.java:updateAndGet(143)) - a3132885-145f-4a8c-85f4-c10eb874732d: start LeaderElection
2019-10-16 11:35:58,917 [a3132885-145f-4a8c-85f4-c10eb874732d@group-2077DD483DC7-LeaderElection305] INFO  impl.LeaderElection (LeaderElection.java:askForVotes(178)) - a3132885-145f-4a8c-85f4-c10eb874732d@group-2077DD483DC7-LeaderElection305: begin an election at term 156 for -1: [163587bb-2c3b-4498-b576-18147cf38274:192.168.157.203:33208, a3132885-145f-4a8c-85f4-c10eb874732d:192.168.157.203:46766, 70b633f6-b230-4b9f-87f3-510da88f1e08:192.168.157.203:43163], old=null
2019-10-16 11:35:58,918 [1ee6da7b-5867-4bad-ba0d-a2cfd13fd72a@group-B3673A53AB6F-LeaderElection304] INFO  impl.LeaderElection (LeaderElection.java:logAndReturn(56)) - 1ee6da7b-5867-4bad-ba0d-a2cfd13fd72a@group-B3673A53AB6F-LeaderElection304: Election REJECTED; received 2 response(s) [1ee6da7b-5867-4bad-ba0d-a2cfd13fd72a<-f94c755f-9f95-40b5-85b9-5e712f3f34e7#0:FAIL-t168, 1ee6da7b-5867-4bad-ba0d-a2cfd13fd72a<-4281bf39-36db-462c-8bc9-3c86cb645344#0:FAIL-t168] and 0 exception(s); 1ee6da7b-5867-4bad-ba0d-a2cfd13fd72a@group-B3673A53AB6F:t168, leader=null, voted=1ee6da7b-5867-4bad-ba0d-a2cfd13fd72a, raftlog=1ee6da7b-5867-4bad-ba0d-a2cfd13fd72a@group-B3673A53AB6F-SegmentedRaftLog:OPENED:c-1,f-1,i0, conf=-1: [f94c755f-9f95-40b5-85b9-5e712f3f34e7:192.168.157.203:45275, 1ee6da7b-5867-4bad-ba0d-a2cfd13fd72a:192.168.157.203:35892, 4281bf39-36db-462c-8bc9-3c86cb645344:192.168.157.203:42381], old=null
2019-10-16 11:35:58,918 [1ee6da7b-5867-4bad-ba0d-a2cfd13fd72a@group-B3673A53AB6F-LeaderElection304] INFO  impl.RaftServerImpl (RaftServerImpl.java:setRole(184)) - 1ee6da7b-5867-4bad-ba0d-a2cfd13fd72a@group-B3673A53AB6F: changes role from CANDIDATE to FOLLOWER at term 168 for DISCOVERED_A_NEW_TERM
2019-10-16 11:35:58,918 [1ee6da7b-5867-4bad-ba0d-a2cfd13fd72a@group-B3673A53AB6F-LeaderElection304] INFO  impl.RoleInfo (RoleInfo.java:shutdownLeaderElection(134)) - 1ee6da7b-5867-4bad-ba0d-a2cfd13fd72a: shutdown LeaderElection
2019-10-16 11:35:58,919 [1ee6da7b-5867-4bad-ba0d-a2cfd13fd72a@group-B3673A53AB6F-LeaderElection304] INFO  impl.RoleInfo (RoleInfo.java:updateAndGet(143)) - 1ee6da7b-5867-4bad-ba0d-a2cfd13fd72a: start FollowerState
2019-10-16 11:35:58,919 [grpc-default-executor-3] INFO  impl.RaftServerImpl (RaftServerImpl.java:setRole(184)) - 163587bb-2c3b-4498-b576-18147cf38274@group-2077DD483DC7: changes role from  FOLLOWER to FOLLOWER at term 156 for recognizeCandidate:a3132885-145f-4a8c-85f4-c10eb874732d
2019-10-16 11:35:58,919 [grpc-default-executor-3] INFO  impl.RoleInfo (RoleInfo.java:shutdownFollowerState(121)) - 163587bb-2c3b-4498-b576-18147cf38274: shutdown FollowerState
2019-10-16 11:35:58,919 [grpc-default-executor-3] INFO  impl.RoleInfo (RoleInfo.java:updateAndGet(143)) - 163587bb-2c3b-4498-b576-18147cf38274: start FollowerState
2019-10-16 11:35:58,919 [Thread-2474] INFO  impl.FollowerState (FollowerState.java:run(117)) - 163587bb-2c3b-4498-b576-18147cf38274@group-2077DD483DC7-FollowerState was interrupted: java.lang.InterruptedException: sleep interrupted
2019-10-16 11:35:58,919 [grpc-default-executor-4] INFO  impl.RaftServerImpl (RaftServerImpl.java:setRole(184)) - 70b633f6-b230-4b9f-87f3-510da88f1e08@group-2077DD483DC7: changes role from  FOLLOWER to FOLLOWER at term 156 for recognizeCandidate:a3132885-145f-4a8c-85f4-c10eb874732d
2019-10-16 11:35:58,920 [grpc-default-executor-4] INFO  impl.RoleInfo (RoleInfo.java:shutdownFollowerState(121)) - 70b633f6-b230-4b9f-87f3-510da88f1e08: shutdown FollowerState
2019-10-16 11:35:58,920 [Thread-2475] INFO  impl.FollowerState (FollowerState.java:run(117)) - 70b633f6-b230-4b9f-87f3-510da88f1e08@group-2077DD483DC7-FollowerState was interrupted: java.lang.InterruptedException: sleep interrupted
2019-10-16 11:35:58,920 [grpc-default-executor-4] INFO  impl.RoleInfo (RoleInfo.java:updateAndGet(143)) - 70b633f6-b230-4b9f-87f3-510da88f1e08: start FollowerState
2019-10-16 11:35:58,934 [a3132885-145f-4a8c-85f4-c10eb874732d@group-2077DD483DC7-LeaderElection305] INFO  impl.LeaderElection (LeaderElection.java:logAndReturn(56)) - a3132885-145f-4a8c-85f4-c10eb874732d@group-2077DD483DC7-LeaderElection305: Election REJECTED; received 2 response(s) [a3132885-145f-4a8c-85f4-c10eb874732d<-163587bb-2c3b-4498-b576-18147cf38274#0:FAIL-t156, a3132885-145f-4a8c-85f4-c10eb874732d<-70b633f6-b230-4b9f-87f3-510da88f1e08#0:FAIL-t156] and 0 exception(s); a3132885-145f-4a8c-85f4-c10eb874732d@group-2077DD483DC7:t156, leader=null, voted=a3132885-145f-4a8c-85f4-c10eb874732d, raftlog=a3132885-145f-4a8c-85f4-c10eb874732d@group-2077DD483DC7-SegmentedRaftLog:OPENED:c-1,f-1,i0, conf=-1: [163587bb-2c3b-4498-b576-18147cf38274:192.168.157.203:33208, a3132885-145f-4a8c-85f4-c10eb874732d:192.168.157.203:46766, 70b633f6-b230-4b9f-87f3-510da88f1e08:192.168.157.203:43163], old=null
2019-10-16 11:35:58,934 [a3132885-145f-4a8c-85f4-c10eb874732d@group-2077DD483DC7-LeaderElection305] INFO  impl.RaftServerImpl (RaftServerImpl.java:setRole(184)) - a3132885-145f-4a8c-85f4-c10eb874732d@group-2077DD483DC7: changes role from CANDIDATE to FOLLOWER at term 156 for DISCOVERED_A_NEW_TERM
2019-10-16 11:35:58,934 [a3132885-145f-4a8c-85f4-c10eb874732d@group-2077DD483DC7-LeaderElection305] INFO  impl.RoleInfo (RoleInfo.java:shutdownLeaderElection(134)) - a3132885-145f-4a8c-85f4-c10eb874732d: shutdown LeaderElection
2019-10-16 11:35:58,934 [a3132885-145f-4a8c-85f4-c10eb874732d@group-2077DD483DC7-LeaderElection305] INFO  impl.RoleInfo (RoleInfo.java:updateAndGet(143)) - a3132885-145f-4a8c-85f4-c10eb874732d: start FollowerState
2019-10-16 11:35:59,076 [Thread-2496] INFO  impl.FollowerState (FollowerState.java:run(108)) - a3132885-145f-4a8c-85f4-c10eb874732d@group-2077DD483DC7-FollowerState: change to CANDIDATE, lastRpcTime:141ms, electionTimeout:141ms
2019-10-16 11:35:59,076 [Thread-2496] INFO  impl.RoleInfo (RoleInfo.java:shutdownFollowerState(121)) - a3132885-145f-4a8c-85f4-c10eb874732d: shutdown FollowerState
2019-10-16 11:35:59,076 [Thread-2496] INFO  impl.RaftServerImpl (RaftServerImpl.java:setRole(184)) - a3132885-145f-4a8c-85f4-c10eb874732d@group-2077DD483DC7: changes role from  FOLLOWER to CANDIDATE at term 156 for changeToCandidate
2019-10-16 11:35:59,076 [Thread-2496] INFO  impl.RoleInfo (RoleInfo.java:updateAndGet(143)) - a3132885-145f-4a8c-85f4-c10eb874732d: start LeaderElection
2019-10-16 11:35:59,090 [a3132885-145f-4a8c-85f4-c10eb874732d@group-2077DD483DC7-LeaderElection306] INFO  impl.LeaderElection (LeaderElection.java:askForVotes(178)) - a3132885-145f-4a8c-85f4-c10eb874732d@group-2077DD483DC7-LeaderElection306: begin an election at term 157 for -1: [163587bb-2c3b-4498-b576-18147cf38274:192.168.157.203:33208, a3132885-145f-4a8c-85f4-c10eb874732d:192.168.157.203:46766, 70b633f6-b230-4b9f-87f3-510da88f1e08:192.168.157.203:43163], old=null
2019-10-16 11:35:59,093 [grpc-default-executor-3] INFO  impl.RaftServerImpl (RaftServerImpl.java:setRole(184)) - 70b633f6-b230-4b9f-87f3-510da88f1e08@group-2077DD483DC7: changes role from  FOLLOWER to FOLLOWER at term 157 for recognizeCandidate:a3132885-145f-4a8c-85f4-c10eb874732d
2019-10-16 11:35:59,093 [grpc-default-executor-4] INFO  impl.RaftServerImpl (RaftServerImpl.java:setRole(184)) - 163587bb-2c3b-4498-b576-18147cf38274@group-2077DD483DC7: changes role from  FOLLOWER to FOLLOWER at term 157 for recognizeCandidate:a3132885-145f-4a8c-85f4-c10eb874732d
2019-10-16 11:35:59,093 [grpc-default-executor-4] INFO  impl.RoleInfo (RoleInfo.java:shutdownFollowerState(121)) - 163587bb-2c3b-4498-b576-18147cf38274: shutdown FollowerState
2019-10-16 11:35:59,093 [grpc-default-executor-3] INFO  impl.RoleInfo (RoleInfo.java:shutdownFollowerState(121)) - 70b633f6-b230-4b9f-87f3-510da88f1e08: shutdown FollowerState
2019-10-16 11:35:59,097 [grpc-default-executor-4] INFO  impl.RoleInfo (RoleInfo.java:updateAndGet(143)) - 163587bb-2c3b-4498-b576-18147cf38274: start FollowerState
2019-10-16 11:35:59,097 [Thread-2492] INFO  impl.FollowerState (FollowerState.java:run(117)) - 163587bb-2c3b-4498-b576-18147cf38274@group-2077DD483DC7-FollowerState was interrupted: java.lang.InterruptedException: sleep interrupted
2019-10-16 11:35:59,097 [grpc-default-executor-3] INFO  impl.RoleInfo (RoleInfo.java:updateAndGet(143)) - 70b633f6-b230-4b9f-87f3-510da88f1e08: start FollowerState
2019-10-16 11:35:59,097 [Thread-2493] INFO  impl.FollowerState (FollowerState.java:run(117)) - 70b633f6-b230-4b9f-87f3-510da88f1e08@group-2077DD483DC7-FollowerState was interrupted: java.lang.InterruptedException: sleep interrupted
2019-10-16 11:35:59,100 [Thread-2491] INFO  impl.FollowerState (FollowerState.java:run(108)) - 1ee6da7b-5867-4bad-ba0d-a2cfd13fd72a@group-B3673A53AB6F-FollowerState: change to CANDIDATE, lastRpcTime:181ms, electionTimeout:181ms
2019-10-16 11:35:59,100 [Thread-2491] INFO  impl.RoleInfo (RoleInfo.java:shutdownFollowerState(121)) - 1ee6da7b-5867-4bad-ba0d-a2cfd13fd72a: shutdown FollowerState
2019-10-16 11:35:59,100 [Thread-2491] INFO  impl.RaftServerImpl (RaftServerImpl.java:setRole(184)) - 1ee6da7b-5867-4bad-ba0d-a2cfd13fd72a@group-B3673A53AB6F: changes role from  FOLLOWER to CANDIDATE at term 168 for changeToCandidate
2019-10-16 11:35:59,100 [Thread-2491] INFO  impl.RoleInfo (RoleInfo.java:updateAndGet(143)) - 1ee6da7b-5867-4bad-ba0d-a2cfd13fd72a: start LeaderElection
2019-10-16 11:35:59,112 [1ee6da7b-5867-4bad-ba0d-a2cfd13fd72a@group-B3673A53AB6F-LeaderElection307] INFO  impl.LeaderElection (LeaderElection.java:askForVotes(178)) - 1ee6da7b-5867-4bad-ba0d-a2cfd13fd72a@group-B3673A53AB6F-LeaderElection307: begin an election at term 169 for -1: [f94c755f-9f95-40b5-85b9-5e712f3f34e7:192.168.157.203:45275, 1ee6da7b-5867-4bad-ba0d-a2cfd13fd72a:192.168.157.203:35892, 4281bf39-36db-462c-8bc9-3c86cb645344:192.168.157.203:42381], old=null
2019-10-16 11:35:59,113 [a3132885-145f-4a8c-85f4-c10eb874732d@group-2077DD483DC7-LeaderElection306] INFO  impl.LeaderElection (LeaderElection.java:logAndReturn(56)) - a3132885-145f-4a8c-85f4-c10eb874732d@group-2077DD483DC7-LeaderElection306: Election REJECTED; received 2 response(s) [a3132885-145f-4a8c-85f4-c10eb874732d<-163587bb-2c3b-4498-b576-18147cf38274#0:FAIL-t157, a3132885-145f-4a8c-85f4-c10eb874732d<-70b633f6-b230-4b9f-87f3-510da88f1e08#0:FAIL-t157] and 0 exception(s); a3132885-145f-4a8c-85f4-c10eb874732d@group-2077DD483DC7:t157, leader=null, voted=a3132885-145f-4a8c-85f4-c10eb874732d, raftlog=a3132885-145f-4a8c-85f4-c10eb874732d@group-2077DD483DC7-SegmentedRaftLog:OPENED:c-1,f-1,i0, conf=-1: [163587bb-2c3b-4498-b576-18147cf38274:192.168.157.203:33208, a3132885-145f-4a8c-85f4-c10eb874732d:192.168.157.203:46766, 70b633f6-b230-4b9f-87f3-510da88f1e08:192.168.157.203:43163], old=null
2019-10-16 11:35:59,113 [a3132885-145f-4a8c-85f4-c10eb874732d@group-2077DD483DC7-LeaderElection306] INFO  impl.RaftServerImpl (RaftServerImpl.java:setRole(184)) - a3132885-145f-4a8c-85f4-c10eb874732d@group-2077DD483DC7: changes role from CANDIDATE to FOLLOWER at term 157 for DISCOVERED_A_NEW_TERM
2019-10-16 11:35:59,114 [a3132885-145f-4a8c-85f4-c10eb874732d@group-2077DD483DC7-LeaderElection306] INFO  impl.RoleInfo (RoleInfo.java:shutdownLeaderElection(134)) - a3132885-145f-4a8c-85f4-c10eb874732d: shutdown LeaderElection
2019-10-16 11:35:59,114 [a3132885-145f-4a8c-85f4-c10eb874732d@group-2077DD483DC7-LeaderElection306] INFO  impl.RoleInfo (RoleInfo.java:updateAndGet(143)) - a3132885-145f-4a8c-85f4-c10eb874732d: start FollowerState
2019-10-16 11:35:59,114 [grpc-default-executor-3] INFO  impl.RaftServerImpl (RaftServerImpl.java:setRole(184)) - f94c755f-9f95-40b5-85b9-5e712f3f34e7@group-B3673A53AB6F: changes role from  FOLLOWER to FOLLOWER at term 169 for recognizeCandidate:1ee6da7b-5867-4bad-ba0d-a2cfd13fd72a
2019-10-16 11:35:59,114 [grpc-default-executor-4] INFO  impl.RaftServerImpl (RaftServerImpl.java:setRole(184)) - 4281bf39-36db-462c-8bc9-3c86cb645344@group-B3673A53AB6F: changes role from  FOLLOWER to FOLLOWER at term 169 for recognizeCandidate:1ee6da7b-5867-4bad-ba0d-a2cfd13fd72a
2019-10-16 11:35:59,114 [grpc-default-executor-3] INFO  impl.RoleInfo (RoleInfo.java:shutdownFollowerState(121)) - f94c755f-9f95-40b5-85b9-5e712f3f34e7: shutdown FollowerState
2019-10-16 11:35:59,114 [grpc-default-executor-4] INFO  impl.RoleInfo (RoleInfo.java:shutdownFollowerState(121)) - 4281bf39-36db-462c-8bc9-3c86cb645344: shutdown FollowerState
2019-10-16 11:35:59,115 [Thread-2487] INFO  impl.FollowerState (FollowerState.java:run(117)) - f94c755f-9f95-40b5-85b9-5e712f3f34e7@group-B3673A53AB6F-FollowerState was interrupted: java.lang.InterruptedException: sleep interrupted
2019-10-16 11:35:59,115 [grpc-default-executor-3] INFO  impl.RoleInfo (RoleInfo.java:updateAndGet(143)) - f94c755f-9f95-40b5-85b9-5e712f3f34e7: start FollowerState
2019-10-16 11:35:59,115 [Thread-2486] INFO  impl.FollowerState (FollowerState.java:run(117)) - 4281bf39-36db-462c-8bc9-3c86cb645344@group-B3673A53AB6F-FollowerState was interrupted: java.lang.InterruptedException: sleep interrupted
2019-10-16 11:35:59,115 [grpc-default-executor-4] INFO  impl.RoleInfo (RoleInfo.java:updateAndGet(143)) - 4281bf39-36db-462c-8bc9-3c86cb645344: start FollowerState
2019-10-16 11:35:59,129 [1ee6da7b-5867-4bad-ba0d-a2cfd13fd72a@group-B3673A53AB6F-LeaderElection307] INFO  impl.LeaderElection (LeaderElection.java:logAndReturn(56)) - 1ee6da7b-5867-4bad-ba0d-a2cfd13fd72a@group-B3673A53AB6F-LeaderElection307: Election REJECTED; received 2 response(s) [1ee6da7b-5867-4bad-ba0d-a2cfd13fd72a<-f94c755f-9f95-40b5-85b9-5e712f3f34e7#0:FAIL-t169, 1ee6da7b-5867-4bad-ba0d-a2cfd13fd72a<-4281bf39-36db-462c-8bc9-3c86cb645344#0:FAIL-t169] and 0 exception(s); 1ee6da7b-5867-4bad-ba0d-a2cfd13fd72a@group-B3673A53AB6F:t169, leader=null, voted=1ee6da7b-5867-4bad-ba0d-a2cfd13fd72a, raftlog=1ee6da7b-5867-4bad-ba0d-a2cfd13fd72a@group-B3673A53AB6F-SegmentedRaftLog:OPENED:c-1,f-1,i0, conf=-1: [f94c755f-9f95-40b5-85b9-5e712f3f34e7:192.168.157.203:45275, 1ee6da7b-5867-4bad-ba0d-a2cfd13fd72a:192.168.157.203:35892, 4281bf39-36db-462c-8bc9-3c86cb645344:192.168.157.203:42381], old=null
2019-10-16 11:35:59,129 [1ee6da7b-5867-4bad-ba0d-a2cfd13fd72a@group-B3673A53AB6F-LeaderElection307] INFO  impl.RaftServerImpl (RaftServerImpl.java:setRole(184)) - 1ee6da7b-5867-4bad-ba0d-a2cfd13fd72a@group-B3673A53AB6F: changes role from CANDIDATE to FOLLOWER at term 169 for DISCOVERED_A_NEW_TERM
2019-10-16 11:35:59,129 [1ee6da7b-5867-4bad-ba0d-a2cfd13fd72a@group-B3673A53AB6F-LeaderElection307] INFO  impl.RoleInfo (RoleInfo.java:shutdownLeaderElection(134)) - 1ee6da7b-5867-4bad-ba0d-a2cfd13fd72a: shutdown LeaderElection
2019-10-16 11:35:59,129 [1ee6da7b-5867-4bad-ba0d-a2cfd13fd72a@group-B3673A53AB6F-LeaderElection307] INFO  impl.RoleInfo (RoleInfo.java:updateAndGet(143)) - 1ee6da7b-5867-4bad-ba0d-a2cfd13fd72a: start FollowerState
2019-10-16 11:35:59,147 [Thread-2508] INFO  impl.FollowerState (FollowerState.java:run(108)) - 1ee6da7b-5867-4bad-ba0d-a2cfd13fd72a@group-B3673A53AB6F-FollowerState: change to CANDIDATE, lastRpcTime:18ms, electionTimeout:18ms
2019-10-16 11:35:59,147 [Thread-2508] INFO  impl.RoleInfo (RoleInfo.java:shutdownFollowerState(121)) - 1ee6da7b-5867-4bad-ba0d-a2cfd13fd72a: shutdown FollowerState
2019-10-16 11:35:59,148 [Thread-2508] INFO  impl.RaftServerImpl (RaftServerImpl.java:setRole(184)) - 1ee6da7b-5867-4bad-ba0d-a2cfd13fd72a@group-B3673A53AB6F: changes role from  FOLLOWER to CANDIDATE at term 169 for changeToCandidate
2019-10-16 11:35:59,148 [Thread-2508] INFO  impl.RoleInfo (RoleInfo.java:updateAndGet(143)) - 1ee6da7b-5867-4bad-ba0d-a2cfd13fd72a: start LeaderElection
2019-10-16 11:35:59,161 [1ee6da7b-5867-4bad-ba0d-a2cfd13fd72a@group-B3673A53AB6F-LeaderElection308] INFO  impl.LeaderElection (LeaderElection.java:askForVotes(178)) - 1ee6da7b-5867-4bad-ba0d-a2cfd13fd72a@group-B3673A53AB6F-LeaderElection308: begin an election at term 170 for -1: [f94c755f-9f95-40b5-85b9-5e712f3f34e7:192.168.157.203:45275, 1ee6da7b-5867-4bad-ba0d-a2cfd13fd72a:192.168.157.203:35892, 4281bf39-36db-462c-8bc9-3c86cb645344:192.168.157.203:42381], old=null
2019-10-16 11:35:59,162 [grpc-default-executor-3] INFO  impl.RaftServerImpl (RaftServerImpl.java:setRole(184)) - f94c755f-9f95-40b5-85b9-5e712f3f34e7@group-B3673A53AB6F: changes role from  FOLLOWER to FOLLOWER at term 170 for recognizeCandidate:1ee6da7b-5867-4bad-ba0d-a2cfd13fd72a
2019-10-16 11:35:59,163 [grpc-default-executor-3] INFO  impl.RoleInfo (RoleInfo.java:shutdownFollowerState(121)) - f94c755f-9f95-40b5-85b9-5e712f3f34e7: shutdown FollowerState
2019-10-16 11:35:59,163 [grpc-default-executor-4] INFO  impl.RaftServerImpl (RaftServerImpl.java:setRole(184)) - 4281bf39-36db-462c-8bc9-3c86cb645344@group-B3673A53AB6F: changes role from  FOLLOWER to FOLLOWER at term 170 for recognizeCandidate:1ee6da7b-5867-4bad-ba0d-a2cfd13fd72a
2019-10-16 11:35:59,163 [Thread-2506] INFO  impl.FollowerState (FollowerState.java:run(117)) - f94c755f-9f95-40b5-85b9-5e712f3f34e7@group-B3673A53AB6F-FollowerState was interrupted: java.lang.InterruptedException: sleep interrupted
2019-10-16 11:35:59,163 [grpc-default-executor-3] INFO  impl.RoleInfo (RoleInfo.java:updateAndGet(143)) - f94c755f-9f95-40b5-85b9-5e712f3f34e7: start FollowerState
2019-10-16 11:35:59,163 [grpc-default-executor-4] INFO  impl.RoleInfo (RoleInfo.java:shutdownFollowerState(121)) - 4281bf39-36db-462c-8bc9-3c86cb645344: shutdown FollowerState
2019-10-16 11:35:59,163 [Thread-2507] INFO  impl.FollowerState (FollowerState.java:run(117)) - 4281bf39-36db-462c-8bc9-3c86cb645344@group-B3673A53AB6F-FollowerState was interrupted: java.lang.InterruptedException: sleep interrupted
2019-10-16 11:35:59,163 [grpc-default-executor-4] INFO  impl.RoleInfo (RoleInfo.java:updateAndGet(143)) - 4281bf39-36db-462c-8bc9-3c86cb645344: start FollowerState
2019-10-16 11:35:59,177 [1ee6da7b-5867-4bad-ba0d-a2cfd13fd72a@group-B3673A53AB6F-LeaderElection308] INFO  impl.LeaderElection (LeaderElection.java:logAndReturn(56)) - 1ee6da7b-5867-4bad-ba0d-a2cfd13fd72a@group-B3673A53AB6F-LeaderElection308: Election REJECTED; received 2 response(s) [1ee6da7b-5867-4bad-ba0d-a2cfd13fd72a<-f94c755f-9f95-40b5-85b9-5e712f3f34e7#0:FAIL-t170, 1ee6da7b-5867-4bad-ba0d-a2cfd13fd72a<-4281bf39-36db-462c-8bc9-3c86cb645344#0:FAIL-t170] and 0 exception(s); 1ee6da7b-5867-4bad-ba0d-a2cfd13fd72a@group-B3673A53AB6F:t170, leader=null, voted=1ee6da7b-5867-4bad-ba0d-a2cfd13fd72a, raftlog=1ee6da7b-5867-4bad-ba0d-a2cfd13fd72a@group-B3673A53AB6F-SegmentedRaftLog:OPENED:c-1,f-1,i0, conf=-1: [f94c755f-9f95-40b5-85b9-5e712f3f34e7:192.168.157.203:45275, 1ee6da7b-5867-4bad-ba0d-a2cfd13fd72a:192.168.157.203:35892, 4281bf39-36db-462c-8bc9-3c86cb645344:192.168.157.203:42381], old=null
2019-10-16 11:35:59,177 [1ee6da7b-5867-4bad-ba0d-a2cfd13fd72a@group-B3673A53AB6F-LeaderElection308] INFO  impl.RaftServerImpl (RaftServerImpl.java:setRole(184)) - 1ee6da7b-5867-4bad-ba0d-a2cfd13fd72a@group-B3673A53AB6F: changes role from CANDIDATE to FOLLOWER at term 170 for DISCOVERED_A_NEW_TERM
2019-10-16 11:35:59,177 [1ee6da7b-5867-4bad-ba0d-a2cfd13fd72a@group-B3673A53AB6F-LeaderElection308] INFO  impl.RoleInfo (RoleInfo.java:shutdownLeaderElection(134)) - 1ee6da7b-5867-4bad-ba0d-a2cfd13fd72a: shutdown LeaderElection
2019-10-16 11:35:59,177 [1ee6da7b-5867-4bad-ba0d-a2cfd13fd72a@group-B3673A53AB6F-LeaderElection308] INFO  impl.RoleInfo (RoleInfo.java:updateAndGet(143)) - 1ee6da7b-5867-4bad-ba0d-a2cfd13fd72a: start FollowerState
2019-10-16 11:35:59,207 [Thread-2514] INFO  impl.FollowerState (FollowerState.java:run(108)) - 1ee6da7b-5867-4bad-ba0d-a2cfd13fd72a@group-B3673A53AB6F-FollowerState: change to CANDIDATE, lastRpcTime:30ms, electionTimeout:30ms
2019-10-16 11:35:59,208 [Thread-2514] INFO  impl.RoleInfo (RoleInfo.java:shutdownFollowerState(121)) - 1ee6da7b-5867-4bad-ba0d-a2cfd13fd72a: shutdown FollowerState
2019-10-16 11:35:59,208 [Thread-2514] INFO  impl.RaftServerImpl (RaftServerImpl.java:setRole(184)) - 1ee6da7b-5867-4bad-ba0d-a2cfd13fd72a@group-B3673A53AB6F: changes role from  FOLLOWER to CANDIDATE at term 170 for changeToCandidate
2019-10-16 11:35:59,208 [Thread-2514] INFO  impl.RoleInfo (RoleInfo.java:updateAndGet(143)) - 1ee6da7b-5867-4bad-ba0d-a2cfd13fd72a: start LeaderElection
2019-10-16 11:35:59,226 [Thread-2505] INFO  impl.FollowerState (FollowerState.java:run(108)) - a3132885-145f-4a8c-85f4-c10eb874732d@group-2077DD483DC7-FollowerState: change to CANDIDATE, lastRpcTime:112ms, electionTimeout:112ms
2019-10-16 11:35:59,226 [Thread-2505] INFO  impl.RoleInfo (RoleInfo.java:shutdownFollowerState(121)) - a3132885-145f-4a8c-85f4-c10eb874732d: shutdown FollowerState
2019-10-16 11:35:59,226 [Thread-2505] INFO  impl.RaftServerImpl (RaftServerImpl.java:setRole(184)) - a3132885-145f-4a8c-85f4-c10eb874732d@group-2077DD483DC7: changes role from  FOLLOWER to CANDIDATE at term 157 for changeToCandidate
2019-10-16 11:35:59,226 [Thread-2505] INFO  impl.RoleInfo (RoleInfo.java:updateAndGet(143)) - a3132885-145f-4a8c-85f4-c10eb874732d: start LeaderElection
2019-10-16 11:35:59,228 [1ee6da7b-5867-4bad-ba0d-a2cfd13fd72a@group-B3673A53AB6F-LeaderElection309] INFO  impl.LeaderElection (LeaderElection.java:askForVotes(178)) - 1ee6da7b-5867-4bad-ba0d-a2cfd13fd72a@group-B3673A53AB6F-LeaderElection309: begin an election at term 171 for -1: [f94c755f-9f95-40b5-85b9-5e712f3f34e7:192.168.157.203:45275, 1ee6da7b-5867-4bad-ba0d-a2cfd13fd72a:192.168.157.203:35892, 4281bf39-36db-462c-8bc9-3c86cb645344:192.168.157.203:42381], old=null
2019-10-16 11:35:59,229 [grpc-default-executor-3] INFO  impl.RaftServerImpl (RaftServerImpl.java:setRole(184)) - 4281bf39-36db-462c-8bc9-3c86cb645344@group-B3673A53AB6F: changes role from  FOLLOWER to FOLLOWER at term 171 for recognizeCandidate:1ee6da7b-5867-4bad-ba0d-a2cfd13fd72a
2019-10-16 11:35:59,229 [grpc-default-executor-4] INFO  impl.RaftServerImpl (RaftServerImpl.java:setRole(184)) - f94c755f-9f95-40b5-85b9-5e712f3f34e7@group-B3673A53AB6F: changes role from  FOLLOWER to FOLLOWER at term 171 for recognizeCandidate:1ee6da7b-5867-4bad-ba0d-a2cfd13fd72a
2019-10-16 11:35:59,230 [grpc-default-executor-3] INFO  impl.RoleInfo (RoleInfo.java:shutdownFollowerState(121)) - 4281bf39-36db-462c-8bc9-3c86cb645344: shutdown FollowerState
2019-10-16 11:35:59,230 [grpc-default-executor-4] INFO  impl.RoleInfo (RoleInfo.java:shutdownFollowerState(121)) - f94c755f-9f95-40b5-85b9-5e712f3f34e7: shutdown FollowerState
2019-10-16 11:35:59,230 [Thread-2513] INFO  impl.FollowerState (FollowerState.java:run(117)) - 4281bf39-36db-462c-8bc9-3c86cb645344@group-B3673A53AB6F-FollowerState was interrupted: java.lang.InterruptedException: sleep interrupted
2019-10-16 11:35:59,230 [grpc-default-executor-3] INFO  impl.RoleInfo (RoleInfo.java:updateAndGet(143)) - 4281bf39-36db-462c-8bc9-3c86cb645344: start FollowerState
2019-10-16 11:35:59,230 [Thread-2512] INFO  impl.FollowerState (FollowerState.java:run(117)) - f94c755f-9f95-40b5-85b9-5e712f3f34e7@group-B3673A53AB6F-FollowerState was interrupted: java.lang.InterruptedException: sleep interrupted
2019-10-16 11:35:59,230 [grpc-default-executor-4] INFO  impl.RoleInfo (RoleInfo.java:updateAndGet(143)) - f94c755f-9f95-40b5-85b9-5e712f3f34e7: start FollowerState
2019-10-16 11:35:59,232 [a3132885-145f-4a8c-85f4-c10eb874732d@group-2077DD483DC7-LeaderElection310] INFO  impl.LeaderElection (LeaderElection.java:askForVotes(178)) - a3132885-145f-4a8c-85f4-c10eb874732d@group-2077DD483DC7-LeaderElection310: begin an election at term 158 for -1: [163587bb-2c3b-4498-b576-18147cf38274:192.168.157.203:33208, a3132885-145f-4a8c-85f4-c10eb874732d:192.168.157.203:46766, 70b633f6-b230-4b9f-87f3-510da88f1e08:192.168.157.203:43163], old=null
2019-10-16 11:35:59,233 [grpc-default-executor-5] INFO  impl.RaftServerImpl (RaftServerImpl.java:setRole(184)) - 163587bb-2c3b-4498-b576-18147cf38274@group-2077DD483DC7: changes role from  FOLLOWER to FOLLOWER at term 158 for recognizeCandidate:a3132885-145f-4a8c-85f4-c10eb874732d
2019-10-16 11:35:59,233 [grpc-default-executor-5] INFO  impl.RoleInfo (RoleInfo.java:shutdownFollowerState(121)) - 163587bb-2c3b-4498-b576-18147cf38274: shutdown FollowerState
2019-10-16 11:35:59,233 [grpc-default-executor-5] INFO  impl.RoleInfo (RoleInfo.java:updateAndGet(143)) - 163587bb-2c3b-4498-b576-18147cf38274: start FollowerState
2019-10-16 11:35:59,233 [Thread-2500] INFO  impl.FollowerState (FollowerState.java:run(117)) - 163587bb-2c3b-4498-b576-18147cf38274@group-2077DD483DC7-FollowerState was interrupted: java.lang.InterruptedException: sleep interrupted
2019-10-16 11:35:59,233 [grpc-default-executor-6] INFO  impl.RaftServerImpl (RaftServerImpl.java:setRole(184)) - 70b633f6-b230-4b9f-87f3-510da88f1e08@group-2077DD483DC7: changes role from  FOLLOWER to FOLLOWER at term 158 for recognizeCandidate:a3132885-145f-4a8c-85f4-c10eb874732d
2019-10-16 11:35:59,234 [grpc-default-executor-6] INFO  impl.RoleInfo (RoleInfo.java:shutdownFollowerState(121)) - 70b633f6-b230-4b9f-87f3-510da88f1e08: shutdown FollowerState
2019-10-16 11:35:59,234 [grpc-default-executor-6] INFO  impl.RoleInfo (RoleInfo.java:updateAndGet(143)) - 70b633f6-b230-4b9f-87f3-510da88f1e08: start FollowerState
2019-10-16 11:35:59,234 [Thread-2501] INFO  impl.FollowerState (FollowerState.java:run(117)) - 70b633f6-b230-4b9f-87f3-510da88f1e08@group-2077DD483DC7-FollowerState was interrupted: java.lang.InterruptedException: sleep interrupted
2019-10-16 11:35:59,235 [1ee6da7b-5867-4bad-ba0d-a2cfd13fd72a@group-B3673A53AB6F-LeaderElection309] INFO  impl.LeaderElection (LeaderElection.java:logAndReturn(56)) - 1ee6da7b-5867-4bad-ba0d-a2cfd13fd72a@group-B3673A53AB6F-LeaderElection309: Election REJECTED; received 2 response(s) [1ee6da7b-5867-4bad-ba0d-a2cfd13fd72a<-f94c755f-9f95-40b5-85b9-5e712f3f34e7#0:FAIL-t171, 1ee6da7b-5867-4bad-ba0d-a2cfd13fd72a<-4281bf39-36db-462c-8bc9-3c86cb645344#0:FAIL-t171] and 0 exception(s); 1ee6da7b-5867-4bad-ba0d-a2cfd13fd72a@group-B3673A53AB6F:t171, leader=null, voted=1ee6da7b-5867-4bad-ba0d-a2cfd13fd72a, raftlog=1ee6da7b-5867-4bad-ba0d-a2cfd13fd72a@group-B3673A53AB6F-SegmentedRaftLog:OPENED:c-1,f-1,i0, conf=-1: [f94c755f-9f95-40b5-85b9-5e712f3f34e7:192.168.157.203:45275, 1ee6da7b-5867-4bad-ba0d-a2cfd13fd72a:192.168.157.203:35892, 4281bf39-36db-462c-8bc9-3c86cb645344:192.168.157.203:42381], old=null
2019-10-16 11:35:59,235 [1ee6da7b-5867-4bad-ba0d-a2cfd13fd72a@group-B3673A53AB6F-LeaderElection309] INFO  impl.RaftServerImpl (RaftServerImpl.java:setRole(184)) - 1ee6da7b-5867-4bad-ba0d-a2cfd13fd72a@group-B3673A53AB6F: changes role from CANDIDATE to FOLLOWER at term 171 for DISCOVERED_A_NEW_TERM
2019-10-16 11:35:59,235 [1ee6da7b-5867-4bad-ba0d-a2cfd13fd72a@group-B3673A53AB6F-LeaderElection309] INFO  impl.RoleInfo (RoleInfo.java:shutdownLeaderElection(134)) - 1ee6da7b-5867-4bad-ba0d-a2cfd13fd72a: shutdown LeaderElection
2019-10-16 11:35:59,235 [1ee6da7b-5867-4bad-ba0d-a2cfd13fd72a@group-B3673A53AB6F-LeaderElection309] INFO  impl.RoleInfo (RoleInfo.java:updateAndGet(143)) - 1ee6da7b-5867-4bad-ba0d-a2cfd13fd72a: start FollowerState
2019-10-16 11:35:59,241 [a3132885-145f-4a8c-85f4-c10eb874732d@group-2077DD483DC7-LeaderElection310] INFO  impl.LeaderElection (LeaderElection.java:logAndReturn(56)) - a3132885-145f-4a8c-85f4-c10eb874732d@group-2077DD483DC7-LeaderElection310: Election REJECTED; received 2 response(s) [a3132885-145f-4a8c-85f4-c10eb874732d<-163587bb-2c3b-4498-b576-18147cf38274#0:FAIL-t158, a3132885-145f-4a8c-85f4-c10eb874732d<-70b633f6-b230-4b9f-87f3-510da88f1e08#0:FAIL-t158] and 0 exception(s); a3132885-145f-4a8c-85f4-c10eb874732d@group-2077DD483DC7:t158, leader=null, voted=a3132885-145f-4a8c-85f4-c10eb874732d, raftlog=a3132885-145f-4a8c-85f4-c10eb874732d@group-2077DD483DC7-SegmentedRaftLog:OPENED:c-1,f-1,i0, conf=-1: [163587bb-2c3b-4498-b576-18147cf38274:192.168.157.203:33208, a3132885-145f-4a8c-85f4-c10eb874732d:192.168.157.203:46766, 70b633f6-b230-4b9f-87f3-510da88f1e08:192.168.157.203:43163], old=null
2019-10-16 11:35:59,241 [a3132885-145f-4a8c-85f4-c10eb874732d@group-2077DD483DC7-LeaderElection310] INFO  impl.RaftServerImpl (RaftServerImpl.java:setRole(184)) - a3132885-145f-4a8c-85f4-c10eb874732d@group-2077DD483DC7: changes role from CANDIDATE to FOLLOWER at term 158 for DISCOVERED_A_NEW_TERM
2019-10-16 11:35:59,241 [a3132885-145f-4a8c-85f4-c10eb874732d@group-2077DD483DC7-LeaderElection310] INFO  impl.RoleInfo (RoleInfo.java:shutdownLeaderElection(134)) - a3132885-145f-4a8c-85f4-c10eb874732d: shutdown LeaderElection
2019-10-16 11:35:59,241 [a3132885-145f-4a8c-85f4-c10eb874732d@group-2077DD483DC7-LeaderElection310] INFO  impl.RoleInfo (RoleInfo.java:updateAndGet(143)) - a3132885-145f-4a8c-85f4-c10eb874732d: start FollowerState
2019-10-16 11:35:59,383 [Thread-2525] INFO  impl.FollowerState (FollowerState.java:run(108)) - 1ee6da7b-5867-4bad-ba0d-a2cfd13fd72a@group-B3673A53AB6F-FollowerState: change to CANDIDATE, lastRpcTime:147ms, electionTimeout:147ms
2019-10-16 11:35:59,383 [Thread-2525] INFO  impl.RoleInfo (RoleInfo.java:shutdownFollowerState(121)) - 1ee6da7b-5867-4bad-ba0d-a2cfd13fd72a: shutdown FollowerState
2019-10-16 11:35:59,383 [Thread-2525] INFO  impl.RaftServerImpl (RaftServerImpl.java:setRole(184)) - 1ee6da7b-5867-4bad-ba0d-a2cfd13fd72a@group-B3673A53AB6F: changes role from  FOLLOWER to CANDIDATE at term 171 for changeToCandidate
2019-10-16 11:35:59,383 [Thread-2525] INFO  impl.RoleInfo (RoleInfo.java:updateAndGet(143)) - 1ee6da7b-5867-4bad-ba0d-a2cfd13fd72a: start LeaderElection
2019-10-16 11:35:59,397 [1ee6da7b-5867-4bad-ba0d-a2cfd13fd72a@group-B3673A53AB6F-LeaderElection311] INFO  impl.LeaderElection (LeaderElection.java:askForVotes(178)) - 1ee6da7b-5867-4bad-ba0d-a2cfd13fd72a@group-B3673A53AB6F-LeaderElection311: begin an election at term 172 for -1: [f94c755f-9f95-40b5-85b9-5e712f3f34e7:192.168.157.203:45275, 1ee6da7b-5867-4bad-ba0d-a2cfd13fd72a:192.168.157.203:35892, 4281bf39-36db-462c-8bc9-3c86cb645344:192.168.157.203:42381], old=null
2019-10-16 11:35:59,398 [grpc-default-executor-6] INFO  impl.RaftServerImpl (RaftServerImpl.java:setRole(184)) - f94c755f-9f95-40b5-85b9-5e712f3f34e7@group-B3673A53AB6F: changes role from  FOLLOWER to FOLLOWER at term 172 for recognizeCandidate:1ee6da7b-5867-4bad-ba0d-a2cfd13fd72a
2019-10-16 11:35:59,399 [grpc-default-executor-6] INFO  impl.RoleInfo (RoleInfo.java:shutdownFollowerState(121)) - f94c755f-9f95-40b5-85b9-5e712f3f34e7: shutdown FollowerState
2019-10-16 11:35:59,399 [grpc-default-executor-6] INFO  impl.RoleInfo (RoleInfo.java:updateAndGet(143)) - f94c755f-9f95-40b5-85b9-5e712f3f34e7: start FollowerState
2019-10-16 11:35:59,399 [grpc-default-executor-5] INFO  impl.RaftServerImpl (RaftServerImpl.java:setRole(184)) - 4281bf39-36db-462c-8bc9-3c86cb645344@group-B3673A53AB6F: changes role from  FOLLOWER to FOLLOWER at term 172 for recognizeCandidate:1ee6da7b-5867-4bad-ba0d-a2cfd13fd72a
2019-10-16 11:35:59,399 [Thread-2520] INFO  impl.FollowerState (FollowerState.java:run(117)) - f94c755f-9f95-40b5-85b9-5e712f3f34e7@group-B3673A53AB6F-FollowerState was interrupted: java.lang.InterruptedException: sleep interrupted
2019-10-16 11:35:59,399 [grpc-default-executor-5] INFO  impl.RoleInfo (RoleInfo.java:shutdownFollowerState(121)) - 4281bf39-36db-462c-8bc9-3c86cb645344: shutdown FollowerState
2019-10-16 11:35:59,400 [grpc-default-executor-5] INFO  impl.RoleInfo (RoleInfo.java:updateAndGet(143)) - 4281bf39-36db-462c-8bc9-3c86cb645344: start FollowerState
2019-10-16 11:35:59,400 [Thread-2519] INFO  impl.FollowerState (FollowerState.java:run(117)) - 4281bf39-36db-462c-8bc9-3c86cb645344@group-B3673A53AB6F-FollowerState was interrupted: java.lang.InterruptedException: sleep interrupted
2019-10-16 11:35:59,411 [Thread-2526] INFO  impl.FollowerState (FollowerState.java:run(108)) - a3132885-145f-4a8c-85f4-c10eb874732d@group-2077DD483DC7-FollowerState: change to CANDIDATE, lastRpcTime:169ms, electionTimeout:169ms
2019-10-16 11:35:59,411 [Thread-2526] INFO  impl.RoleInfo (RoleInfo.java:shutdownFollowerState(121)) - a3132885-145f-4a8c-85f4-c10eb874732d: shutdown FollowerState
2019-10-16 11:35:59,411 [Thread-2526] INFO  impl.RaftServerImpl (RaftServerImpl.java:setRole(184)) - a3132885-145f-4a8c-85f4-c10eb874732d@group-2077DD483DC7: changes role from  FOLLOWER to CANDIDATE at term 158 for changeToCandidate
2019-10-16 11:35:59,411 [Thread-2526] INFO  impl.RoleInfo (RoleInfo.java:updateAndGet(143)) - a3132885-145f-4a8c-85f4-c10eb874732d: start LeaderElection
2019-10-16 11:35:59,415 [1ee6da7b-5867-4bad-ba0d-a2cfd13fd72a@group-B3673A53AB6F-LeaderElection311] INFO  impl.LeaderElection (LeaderElection.java:logAndReturn(56)) - 1ee6da7b-5867-4bad-ba0d-a2cfd13fd72a@group-B3673A53AB6F-LeaderElection311: Election REJECTED; received 2 response(s) [1ee6da7b-5867-4bad-ba0d-a2cfd13fd72a<-f94c755f-9f95-40b5-85b9-5e712f3f34e7#0:FAIL-t172, 1ee6da7b-5867-4bad-ba0d-a2cfd13fd72a<-4281bf39-36db-462c-8bc9-3c86cb645344#0:FAIL-t172] and 0 exception(s); 1ee6da7b-5867-4bad-ba0d-a2cfd13fd72a@group-B3673A53AB6F:t172, leader=null, voted=1ee6da7b-5867-4bad-ba0d-a2cfd13fd72a, raftlog=1ee6da7b-5867-4bad-ba0d-a2cfd13fd72a@group-B3673A53AB6F-SegmentedRaftLog:OPENED:c-1,f-1,i0, conf=-1: [f94c755f-9f95-40b5-85b9-5e712f3f34e7:192.168.157.203:45275, 1ee6da7b-5867-4bad-ba0d-a2cfd13fd72a:192.168.157.203:35892, 4281bf39-36db-462c-8bc9-3c86cb645344:192.168.157.203:42381], old=null
2019-10-16 11:35:59,415 [1ee6da7b-5867-4bad-ba0d-a2cfd13fd72a@group-B3673A53AB6F-LeaderElection311] INFO  impl.RaftServerImpl (RaftServerImpl.java:setRole(184)) - 1ee6da7b-5867-4bad-ba0d-a2cfd13fd72a@group-B3673A53AB6F: changes role from CANDIDATE to FOLLOWER at term 172 for DISCOVERED_A_NEW_TERM
2019-10-16 11:35:59,415 [1ee6da7b-5867-4bad-ba0d-a2cfd13fd72a@group-B3673A53AB6F-LeaderElection311] INFO  impl.RoleInfo (RoleInfo.java:shutdownLeaderElection(134)) - 1ee6da7b-5867-4bad-ba0d-a2cfd13fd72a: shutdown LeaderElection
2019-10-16 11:35:59,415 [1ee6da7b-5867-4bad-ba0d-a2cfd13fd72a@group-B3673A53AB6F-LeaderElection311] INFO  impl.RoleInfo (RoleInfo.java:updateAndGet(143)) - 1ee6da7b-5867-4bad-ba0d-a2cfd13fd72a: start FollowerState
2019-10-16 11:35:59,427 [a3132885-145f-4a8c-85f4-c10eb874732d@group-2077DD483DC7-LeaderElection312] INFO  impl.LeaderElection (LeaderElection.java:askForVotes(178)) - a3132885-145f-4a8c-85f4-c10eb874732d@group-2077DD483DC7-LeaderElection312: begin an election at term 159 for -1: [163587bb-2c3b-4498-b576-18147cf38274:192.168.157.203:33208, a3132885-145f-4a8c-85f4-c10eb874732d:192.168.157.203:46766, 70b633f6-b230-4b9f-87f3-510da88f1e08:192.168.157.203:43163], old=null
2019-10-16 11:35:59,428 [grpc-default-executor-6] INFO  impl.RaftServerImpl (RaftServerImpl.java:setRole(184)) - 163587bb-2c3b-4498-b576-18147cf38274@group-2077DD483DC7: changes role from  FOLLOWER to FOLLOWER at term 159 for recognizeCandidate:a3132885-145f-4a8c-85f4-c10eb874732d
2019-10-16 11:35:59,428 [Thread-2533] INFO  impl.FollowerState (FollowerState.java:run(108)) - 1ee6da7b-5867-4bad-ba0d-a2cfd13fd72a@group-B3673A53AB6F-FollowerState: change to CANDIDATE, lastRpcTime:13ms, electionTimeout:13ms
2019-10-16 11:35:59,429 [grpc-default-executor-5] INFO  impl.RaftServerImpl (RaftServerImpl.java:setRole(184)) - 70b633f6-b230-4b9f-87f3-510da88f1e08@group-2077DD483DC7: changes role from  FOLLOWER to FOLLOWER at term 159 for recognizeCandidate:a3132885-145f-4a8c-85f4-c10eb874732d
2019-10-16 11:35:59,428 [grpc-default-executor-6] INFO  impl.RoleInfo (RoleInfo.java:shutdownFollowerState(121)) - 163587bb-2c3b-4498-b576-18147cf38274: shutdown FollowerState
2019-10-16 11:35:59,429 [grpc-default-executor-5] INFO  impl.RoleInfo (RoleInfo.java:shutdownFollowerState(121)) - 70b633f6-b230-4b9f-87f3-510da88f1e08: shutdown FollowerState
2019-10-16 11:35:59,429 [Thread-2533] INFO  impl.RoleInfo (RoleInfo.java:shutdownFollowerState(121)) - 1ee6da7b-5867-4bad-ba0d-a2cfd13fd72a: shutdown FollowerState
2019-10-16 11:35:59,429 [Thread-2524] INFO  impl.FollowerState (FollowerState.java:run(117)) - 70b633f6-b230-4b9f-87f3-510da88f1e08@group-2077DD483DC7-FollowerState was interrupted: java.lang.InterruptedException: sleep interrupted
2019-10-16 11:35:59,429 [grpc-default-executor-5] INFO  impl.RoleInfo (RoleInfo.java:updateAndGet(143)) - 70b633f6-b230-4b9f-87f3-510da88f1e08: start FollowerState
2019-10-16 11:35:59,429 [Thread-2523] INFO  impl.FollowerState (FollowerState.java:run(117)) - 163587bb-2c3b-4498-b576-18147cf38274@group-2077DD483DC7-FollowerState was interrupted: java.lang.InterruptedException: sleep interrupted
2019-10-16 11:35:59,429 [grpc-default-executor-6] INFO  impl.RoleInfo (RoleInfo.java:updateAndGet(143)) - 163587bb-2c3b-4498-b576-18147cf38274: start FollowerState
2019-10-16 11:35:59,429 [Thread-2533] INFO  impl.RaftServerImpl (RaftServerImpl.java:setRole(184)) - 1ee6da7b-5867-4bad-ba0d-a2cfd13fd72a@group-B3673A53AB6F: changes role from  FOLLOWER to CANDIDATE at term 172 for changeToCandidate
2019-10-16 11:35:59,430 [Thread-2533] INFO  impl.RoleInfo (RoleInfo.java:updateAndGet(143)) - 1ee6da7b-5867-4bad-ba0d-a2cfd13fd72a: start LeaderElection
2019-10-16 11:35:59,449 [1ee6da7b-5867-4bad-ba0d-a2cfd13fd72a@group-B3673A53AB6F-LeaderElection313] INFO  impl.LeaderElection (LeaderElection.java:askForVotes(178)) - 1ee6da7b-5867-4bad-ba0d-a2cfd13fd72a@group-B3673A53AB6F-LeaderElection313: begin an election at term 173 for -1: [f94c755f-9f95-40b5-85b9-5e712f3f34e7:192.168.157.203:45275, 1ee6da7b-5867-4bad-ba0d-a2cfd13fd72a:192.168.157.203:35892, 4281bf39-36db-462c-8bc9-3c86cb645344:192.168.157.203:42381], old=null
2019-10-16 11:35:59,450 [a3132885-145f-4a8c-85f4-c10eb874732d@group-2077DD483DC7-LeaderElection312] INFO  impl.LeaderElection (LeaderElection.java:logAndReturn(56)) - a3132885-145f-4a8c-85f4-c10eb874732d@group-2077DD483DC7-LeaderElection312: Election REJECTED; received 2 response(s) [a3132885-145f-4a8c-85f4-c10eb874732d<-163587bb-2c3b-4498-b576-18147cf38274#0:FAIL-t159, a3132885-145f-4a8c-85f4-c10eb874732d<-70b633f6-b230-4b9f-87f3-510da88f1e08#0:FAIL-t159] and 0 exception(s); a3132885-145f-4a8c-85f4-c10eb874732d@group-2077DD483DC7:t159, leader=null, voted=a3132885-145f-4a8c-85f4-c10eb874732d, raftlog=a3132885-145f-4a8c-85f4-c10eb874732d@group-2077DD483DC7-SegmentedRaftLog:OPENED:c-1,f-1,i0, conf=-1: [163587bb-2c3b-4498-b576-18147cf38274:192.168.157.203:33208, a3132885-145f-4a8c-85f4-c10eb874732d:192.168.157.203:46766, 70b633f6-b230-4b9f-87f3-510da88f1e08:192.168.157.203:43163], old=null
2019-10-16 11:35:59,450 [a3132885-145f-4a8c-85f4-c10eb874732d@group-2077DD483DC7-LeaderElection312] INFO  impl.RaftServerImpl (RaftServerImpl.java:setRole(184)) - a3132885-145f-4a8c-85f4-c10eb874732d@group-2077DD483DC7: changes role from CANDIDATE to FOLLOWER at term 159 for DISCOVERED_A_NEW_TERM
2019-10-16 11:35:59,450 [a3132885-145f-4a8c-85f4-c10eb874732d@group-2077DD483DC7-LeaderElection312] INFO  impl.RoleInfo (RoleInfo.java:shutdownLeaderElection(134)) - a3132885-145f-4a8c-85f4-c10eb874732d: shutdown LeaderElection
2019-10-16 11:35:59,450 [a3132885-145f-4a8c-85f4-c10eb874732d@group-2077DD483DC7-LeaderElection312] INFO  impl.RoleInfo (RoleInfo.java:updateAndGet(143)) - a3132885-145f-4a8c-85f4-c10eb874732d: start FollowerState
2019-10-16 11:35:59,451 [grpc-default-executor-6] INFO  impl.RaftServerImpl (RaftServerImpl.java:setRole(184)) - f94c755f-9f95-40b5-85b9-5e712f3f34e7@group-B3673A53AB6F: changes role from  FOLLOWER to FOLLOWER at term 173 for recognizeCandidate:1ee6da7b-5867-4bad-ba0d-a2cfd13fd72a
2019-10-16 11:35:59,451 [grpc-default-executor-6] INFO  impl.RoleInfo (RoleInfo.java:shutdownFollowerState(121)) - f94c755f-9f95-40b5-85b9-5e712f3f34e7: shutdown FollowerState
2019-10-16 11:35:59,451 [grpc-default-executor-6] INFO  impl.RoleInfo (RoleInfo.java:updateAndGet(143)) - f94c755f-9f95-40b5-85b9-5e712f3f34e7: start FollowerState
2019-10-16 11:35:59,451 [Thread-2530] INFO  impl.FollowerState (FollowerState.java:run(117)) - f94c755f-9f95-40b5-85b9-5e712f3f34e7@group-B3673A53AB6F-FollowerState was interrupted: java.lang.InterruptedException: sleep interrupted
2019-10-16 11:35:59,452 [grpc-default-executor-5] INFO  impl.RaftServerImpl (RaftServerImpl.java:setRole(184)) - 4281bf39-36db-462c-8bc9-3c86cb645344@group-B3673A53AB6F: changes role from  FOLLOWER to FOLLOWER at term 173 for recognizeCandidate:1ee6da7b-5867-4bad-ba0d-a2cfd13fd72a
2019-10-16 11:35:59,452 [grpc-default-executor-5] INFO  impl.RoleInfo (RoleInfo.java:shutdownFollowerState(121)) - 4281bf39-36db-462c-8bc9-3c86cb645344: shutdown FollowerState
2019-10-16 11:35:59,452 [grpc-default-executor-5] INFO  impl.RoleInfo (RoleInfo.java:updateAndGet(143)) - 4281bf39-36db-462c-8bc9-3c86cb645344: start FollowerState
2019-10-16 11:35:59,452 [Thread-2531] INFO  impl.FollowerState (FollowerState.java:run(117)) - 4281bf39-36db-462c-8bc9-3c86cb645344@group-B3673A53AB6F-FollowerState was interrupted: java.lang.InterruptedException: sleep interrupted
2019-10-16 11:35:59,465 [1ee6da7b-5867-4bad-ba0d-a2cfd13fd72a@group-B3673A53AB6F-LeaderElection313] INFO  impl.LeaderElection (LeaderElection.java:logAndReturn(56)) - 1ee6da7b-5867-4bad-ba0d-a2cfd13fd72a@group-B3673A53AB6F-LeaderElection313: Election REJECTED; received 2 response(s) [1ee6da7b-5867-4bad-ba0d-a2cfd13fd72a<-f94c755f-9f95-40b5-85b9-5e712f3f34e7#0:FAIL-t173, 1ee6da7b-5867-4bad-ba0d-a2cfd13fd72a<-4281bf39-36db-462c-8bc9-3c86cb645344#0:FAIL-t173] and 0 exception(s); 1ee6da7b-5867-4bad-ba0d-a2cfd13fd72a@group-B3673A53AB6F:t173, leader=null, voted=1ee6da7b-5867-4bad-ba0d-a2cfd13fd72a, raftlog=1ee6da7b-5867-4bad-ba0d-a2cfd13fd72a@group-B3673A53AB6F-SegmentedRaftLog:OPENED:c-1,f-1,i0, conf=-1: [f94c755f-9f95-40b5-85b9-5e712f3f34e7:192.168.157.203:45275, 1ee6da7b-5867-4bad-ba0d-a2cfd13fd72a:192.168.157.203:35892, 4281bf39-36db-462c-8bc9-3c86cb645344:192.168.157.203:42381], old=null
2019-10-16 11:35:59,465 [1ee6da7b-5867-4bad-ba0d-a2cfd13fd72a@group-B3673A53AB6F-LeaderElection313] INFO  impl.RaftServerImpl (RaftServerImpl.java:setRole(184)) - 1ee6da7b-5867-4bad-ba0d-a2cfd13fd72a@group-B3673A53AB6F: changes role from CANDIDATE to FOLLOWER at term 173 for DISCOVERED_A_NEW_TERM
2019-10-16 11:35:59,465 [1ee6da7b-5867-4bad-ba0d-a2cfd13fd72a@group-B3673A53AB6F-LeaderElection313] INFO  impl.RoleInfo (RoleInfo.java:shutdownLeaderElection(134)) - 1ee6da7b-5867-4bad-ba0d-a2cfd13fd72a: shutdown LeaderElection
2019-10-16 11:35:59,465 [1ee6da7b-5867-4bad-ba0d-a2cfd13fd72a@group-B3673A53AB6F-LeaderElection313] INFO  impl.RoleInfo (RoleInfo.java:updateAndGet(143)) - 1ee6da7b-5867-4bad-ba0d-a2cfd13fd72a: start FollowerState
2019-10-16 11:35:59,518 [Thread-2543] INFO  impl.FollowerState (FollowerState.java:run(108)) - a3132885-145f-4a8c-85f4-c10eb874732d@group-2077DD483DC7-FollowerState: change to CANDIDATE, lastRpcTime:67ms, electionTimeout:67ms
2019-10-16 11:35:59,518 [Thread-2543] INFO  impl.RoleInfo (RoleInfo.java:shutdownFollowerState(121)) - a3132885-145f-4a8c-85f4-c10eb874732d: shutdown FollowerState
2019-10-16 11:35:59,518 [Thread-2543] INFO  impl.RaftServerImpl (RaftServerImpl.java:setRole(184)) - a3132885-145f-4a8c-85f4-c10eb874732d@group-2077DD483DC7: changes role from  FOLLOWER to CANDIDATE at term 159 for changeToCandidate
2019-10-16 11:35:59,518 [Thread-2543] INFO  impl.RoleInfo (RoleInfo.java:updateAndGet(143)) - a3132885-145f-4a8c-85f4-c10eb874732d: start LeaderElection
2019-10-16 11:35:59,532 [a3132885-145f-4a8c-85f4-c10eb874732d@group-2077DD483DC7-LeaderElection314] INFO  impl.LeaderElection (LeaderElection.java:askForVotes(178)) - a3132885-145f-4a8c-85f4-c10eb874732d@group-2077DD483DC7-LeaderElection314: begin an election at term 160 for -1: [163587bb-2c3b-4498-b576-18147cf38274:192.168.157.203:33208, a3132885-145f-4a8c-85f4-c10eb874732d:192.168.157.203:46766, 70b633f6-b230-4b9f-87f3-510da88f1e08:192.168.157.203:43163], old=null
2019-10-16 11:35:59,534 [grpc-default-executor-5] INFO  impl.RaftServerImpl (RaftServerImpl.java:setRole(184)) - 163587bb-2c3b-4498-b576-18147cf38274@group-2077DD483DC7: changes role from  FOLLOWER to FOLLOWER at term 160 for recognizeCandidate:a3132885-145f-4a8c-85f4-c10eb874732d
2019-10-16 11:35:59,534 [grpc-default-executor-6] INFO  impl.RaftServerImpl (RaftServerImpl.java:setRole(184)) - 70b633f6-b230-4b9f-87f3-510da88f1e08@group-2077DD483DC7: changes role from  FOLLOWER to FOLLOWER at term 160 for recognizeCandidate:a3132885-145f-4a8c-85f4-c10eb874732d
2019-10-16 11:35:59,534 [grpc-default-executor-6] INFO  impl.RoleInfo (RoleInfo.java:shutdownFollowerState(121)) - 70b633f6-b230-4b9f-87f3-510da88f1e08: shutdown FollowerState
2019-10-16 11:35:59,534 [grpc-default-executor-5] INFO  impl.RoleInfo (RoleInfo.java:shutdownFollowerState(121)) - 163587bb-2c3b-4498-b576-18147cf38274: shutdown FollowerState
2019-10-16 11:35:59,534 [Thread-2537] INFO  impl.FollowerState (FollowerState.java:run(117)) - 70b633f6-b230-4b9f-87f3-510da88f1e08@group-2077DD483DC7-FollowerState was interrupted: java.lang.InterruptedException: sleep interrupted
2019-10-16 11:35:59,534 [grpc-default-executor-6] INFO  impl.RoleInfo (RoleInfo.java:updateAndGet(143)) - 70b633f6-b230-4b9f-87f3-510da88f1e08: start FollowerState
2019-10-16 11:35:59,534 [Thread-2536] INFO  impl.FollowerState (FollowerState.java:run(117)) - 163587bb-2c3b-4498-b576-18147cf38274@group-2077DD483DC7-FollowerState was interrupted: java.lang.InterruptedException: sleep interrupted
2019-10-16 11:35:59,534 [grpc-default-executor-5] INFO  impl.RoleInfo (RoleInfo.java:updateAndGet(143)) - 163587bb-2c3b-4498-b576-18147cf38274: start FollowerState
2019-10-16 11:35:59,621 [Thread-2546] INFO  impl.FollowerState (FollowerState.java:run(108)) - 1ee6da7b-5867-4bad-ba0d-a2cfd13fd72a@group-B3673A53AB6F-FollowerState: change to CANDIDATE, lastRpcTime:156ms, electionTimeout:156ms
2019-10-16 11:35:59,621 [Thread-2546] INFO  impl.RoleInfo (RoleInfo.java:shutdownFollowerState(121)) - 1ee6da7b-5867-4bad-ba0d-a2cfd13fd72a: shutdown FollowerState
2019-10-16 11:35:59,622 [Thread-2546] INFO  impl.RaftServerImpl (RaftServerImpl.java:setRole(184)) - 1ee6da7b-5867-4bad-ba0d-a2cfd13fd72a@group-B3673A53AB6F: changes role from  FOLLOWER to CANDIDATE at term 173 for changeToCandidate
2019-10-16 11:35:59,622 [Thread-2546] INFO  impl.RoleInfo (RoleInfo.java:updateAndGet(143)) - 1ee6da7b-5867-4bad-ba0d-a2cfd13fd72a: start LeaderElection
2019-10-16 11:35:59,629 [a3132885-145f-4a8c-85f4-c10eb874732d@group-2077DD483DC7-LeaderElection314] INFO  impl.LeaderElection (LeaderElection.java:logAndReturn(56)) - a3132885-145f-4a8c-85f4-c10eb874732d@group-2077DD483DC7-LeaderElection314: Election TIMEOUT; received 0 response(s) [] and 0 exception(s); a3132885-145f-4a8c-85f4-c10eb874732d@group-2077DD483DC7:t160, leader=null, voted=a3132885-145f-4a8c-85f4-c10eb874732d, raftlog=a3132885-145f-4a8c-85f4-c10eb874732d@group-2077DD483DC7-SegmentedRaftLog:OPENED:c-1,f-1,i0, conf=-1: [163587bb-2c3b-4498-b576-18147cf38274:192.168.157.203:33208, a3132885-145f-4a8c-85f4-c10eb874732d:192.168.157.203:46766, 70b633f6-b230-4b9f-87f3-510da88f1e08:192.168.157.203:43163], old=null
2019-10-16 11:35:59,867 [1ee6da7b-5867-4bad-ba0d-a2cfd13fd72a@group-B3673A53AB6F-LeaderElection315] INFO  impl.LeaderElection (LeaderElection.java:askForVotes(178)) - 1ee6da7b-5867-4bad-ba0d-a2cfd13fd72a@group-B3673A53AB6F-LeaderElection315: begin an election at term 174 for -1: [f94c755f-9f95-40b5-85b9-5e712f3f34e7:192.168.157.203:45275, 1ee6da7b-5867-4bad-ba0d-a2cfd13fd72a:192.168.157.203:35892, 4281bf39-36db-462c-8bc9-3c86cb645344:192.168.157.203:42381], old=null
2019-10-16 11:35:59,867 [a3132885-145f-4a8c-85f4-c10eb874732d@group-2077DD483DC7-LeaderElection314] INFO  impl.LeaderElection (LeaderElection.java:askForVotes(178)) - a3132885-145f-4a8c-85f4-c10eb874732d@group-2077DD483DC7-LeaderElection314: begin an election at term 161 for -1: [163587bb-2c3b-4498-b576-18147cf38274:192.168.157.203:33208, a3132885-145f-4a8c-85f4-c10eb874732d:192.168.157.203:46766, 70b633f6-b230-4b9f-87f3-510da88f1e08:192.168.157.203:43163], old=null
2019-10-16 11:35:59,869 [grpc-default-executor-5] INFO  impl.RaftServerImpl (RaftServerImpl.java:setRole(184)) - f94c755f-9f95-40b5-85b9-5e712f3f34e7@group-B3673A53AB6F: changes role from  FOLLOWER to FOLLOWER at term 174 for recognizeCandidate:1ee6da7b-5867-4bad-ba0d-a2cfd13fd72a
2019-10-16 11:35:59,869 [grpc-default-executor-6] INFO  impl.RaftServerImpl (RaftServerImpl.java:setRole(184)) - 70b633f6-b230-4b9f-87f3-510da88f1e08@group-2077DD483DC7: changes role from  FOLLOWER to FOLLOWER at term 161 for recognizeCandidate:a3132885-145f-4a8c-85f4-c10eb874732d
2019-10-16 11:35:59,869 [grpc-default-executor-5] INFO  impl.RoleInfo (RoleInfo.java:shutdownFollowerState(121)) - f94c755f-9f95-40b5-85b9-5e712f3f34e7: shutdown FollowerState
2019-10-16 11:35:59,869 [grpc-default-executor-3] INFO  impl.RaftServerImpl (RaftServerImpl.java:setRole(184)) - 163587bb-2c3b-4498-b576-18147cf38274@group-2077DD483DC7: changes role from  FOLLOWER to FOLLOWER at term 161 for recognizeCandidate:a3132885-145f-4a8c-85f4-c10eb874732d
2019-10-16 11:35:59,870 [grpc-default-executor-3] INFO  impl.RoleInfo (RoleInfo.java:shutdownFollowerState(121)) - 163587bb-2c3b-4498-b576-18147cf38274: shutdown FollowerState
2019-10-16 11:35:59,869 [grpc-default-executor-6] INFO  impl.RoleInfo (RoleInfo.java:shutdownFollowerState(121)) - 70b633f6-b230-4b9f-87f3-510da88f1e08: shutdown FollowerState
2019-10-16 11:35:59,870 [Thread-2551] INFO  impl.FollowerState (FollowerState.java:run(117)) - 163587bb-2c3b-4498-b576-18147cf38274@group-2077DD483DC7-FollowerState was interrupted: java.lang.InterruptedException: sleep interrupted
2019-10-16 11:35:59,870 [grpc-default-executor-3] INFO  impl.RoleInfo (RoleInfo.java:updateAndGet(143)) - 163587bb-2c3b-4498-b576-18147cf38274: start FollowerState
2019-10-16 11:35:59,870 [Thread-2544] INFO  impl.FollowerState (FollowerState.java:run(117)) - f94c755f-9f95-40b5-85b9-5e712f3f34e7@group-B3673A53AB6F-FollowerState was interrupted: java.lang.InterruptedException: sleep interrupted
2019-10-16 11:35:59,870 [grpc-default-executor-5] INFO  impl.RoleInfo (RoleInfo.java:updateAndGet(143)) - f94c755f-9f95-40b5-85b9-5e712f3f34e7: start FollowerState
2019-10-16 11:35:59,870 [Thread-2550] INFO  impl.FollowerState (FollowerState.java:run(117)) - 70b633f6-b230-4b9f-87f3-510da88f1e08@group-2077DD483DC7-FollowerState was interrupted: java.lang.InterruptedException: sleep interrupted
2019-10-16 11:35:59,870 [grpc-default-executor-6] INFO  impl.RoleInfo (RoleInfo.java:updateAndGet(143)) - 70b633f6-b230-4b9f-87f3-510da88f1e08: start FollowerState
2019-10-16 11:35:59,870 [grpc-default-executor-4] INFO  impl.RaftServerImpl (RaftServerImpl.java:setRole(184)) - 4281bf39-36db-462c-8bc9-3c86cb645344@group-B3673A53AB6F: changes role from  FOLLOWER to FOLLOWER at term 174 for recognizeCandidate:1ee6da7b-5867-4bad-ba0d-a2cfd13fd72a
2019-10-16 11:35:59,871 [grpc-default-executor-4] INFO  impl.RoleInfo (RoleInfo.java:shutdownFollowerState(121)) - 4281bf39-36db-462c-8bc9-3c86cb645344: shutdown FollowerState
2019-10-16 11:35:59,871 [grpc-default-executor-4] INFO  impl.RoleInfo (RoleInfo.java:updateAndGet(143)) - 4281bf39-36db-462c-8bc9-3c86cb645344: start FollowerState
2019-10-16 11:35:59,871 [Thread-2545] INFO  impl.FollowerState (FollowerState.java:run(117)) - 4281bf39-36db-462c-8bc9-3c86cb645344@group-B3673A53AB6F-FollowerState was interrupted: java.lang.InterruptedException: sleep interrupted
2019-10-16 11:35:59,885 [1ee6da7b-5867-4bad-ba0d-a2cfd13fd72a@group-B3673A53AB6F-LeaderElection315] INFO  impl.LeaderElection (LeaderElection.java:logAndReturn(56)) - 1ee6da7b-5867-4bad-ba0d-a2cfd13fd72a@group-B3673A53AB6F-LeaderElection315: Election REJECTED; received 2 response(s) [1ee6da7b-5867-4bad-ba0d-a2cfd13fd72a<-f94c755f-9f95-40b5-85b9-5e712f3f34e7#0:FAIL-t174, 1ee6da7b-5867-4bad-ba0d-a2cfd13fd72a<-4281bf39-36db-462c-8bc9-3c86cb645344#0:FAIL-t174] and 0 exception(s); 1ee6da7b-5867-4bad-ba0d-a2cfd13fd72a@group-B3673A53AB6F:t174, leader=null, voted=1ee6da7b-5867-4bad-ba0d-a2cfd13fd72a, raftlog=1ee6da7b-5867-4bad-ba0d-a2cfd13fd72a@group-B3673A53AB6F-SegmentedRaftLog:OPENED:c-1,f-1,i0, conf=-1: [f94c755f-9f95-40b5-85b9-5e712f3f34e7:192.168.157.203:45275, 1ee6da7b-5867-4bad-ba0d-a2cfd13fd72a:192.168.157.203:35892, 4281bf39-36db-462c-8bc9-3c86cb645344:192.168.157.203:42381], old=null
2019-10-16 11:35:59,885 [a3132885-145f-4a8c-85f4-c10eb874732d@group-2077DD483DC7-LeaderElection314] INFO  impl.LeaderElection (LeaderElection.java:logAndReturn(56)) - a3132885-145f-4a8c-85f4-c10eb874732d@group-2077DD483DC7-LeaderElection314: Election REJECTED; received 2 response(s) [a3132885-145f-4a8c-85f4-c10eb874732d<-163587bb-2c3b-4498-b576-18147cf38274#0:FAIL-t161, a3132885-145f-4a8c-85f4-c10eb874732d<-70b633f6-b230-4b9f-87f3-510da88f1e08#0:FAIL-t161] and 0 exception(s); a3132885-145f-4a8c-85f4-c10eb874732d@group-2077DD483DC7:t161, leader=null, voted=a3132885-145f-4a8c-85f4-c10eb874732d, raftlog=a3132885-145f-4a8c-85f4-c10eb874732d@group-2077DD483DC7-SegmentedRaftLog:OPENED:c-1,f-1,i0, conf=-1: [163587bb-2c3b-4498-b576-18147cf38274:192.168.157.203:33208, a3132885-145f-4a8c-85f4-c10eb874732d:192.168.157.203:46766, 70b633f6-b230-4b9f-87f3-510da88f1e08:192.168.157.203:43163], old=null
2019-10-16 11:35:59,885 [1ee6da7b-5867-4bad-ba0d-a2cfd13fd72a@group-B3673A53AB6F-LeaderElection315] INFO  impl.RaftServerImpl (RaftServerImpl.java:setRole(184)) - 1ee6da7b-5867-4bad-ba0d-a2cfd13fd72a@group-B3673A53AB6F: changes role from CANDIDATE to FOLLOWER at term 174 for DISCOVERED_A_NEW_TERM
2019-10-16 11:35:59,885 [a3132885-145f-4a8c-85f4-c10eb874732d@group-2077DD483DC7-LeaderElection314] INFO  impl.RaftServerImpl (RaftServerImpl.java:setRole(184)) - a3132885-145f-4a8c-85f4-c10eb874732d@group-2077DD483DC7: changes role from CANDIDATE to FOLLOWER at term 161 for DISCOVERED_A_NEW_TERM
2019-10-16 11:35:59,885 [1ee6da7b-5867-4bad-ba0d-a2cfd13fd72a@group-B3673A53AB6F-LeaderElection315] INFO  impl.RoleInfo (RoleInfo.java:shutdownLeaderElection(134)) - 1ee6da7b-5867-4bad-ba0d-a2cfd13fd72a: shutdown LeaderElection
2019-10-16 11:35:59,885 [a3132885-145f-4a8c-85f4-c10eb874732d@group-2077DD483DC7-LeaderElection314] INFO  impl.RoleInfo (RoleInfo.java:shutdownLeaderElection(134)) - a3132885-145f-4a8c-85f4-c10eb874732d: shutdown LeaderElection
2019-10-16 11:35:59,885 [1ee6da7b-5867-4bad-ba0d-a2cfd13fd72a@group-B3673A53AB6F-LeaderElection315] INFO  impl.RoleInfo (RoleInfo.java:updateAndGet(143)) - 1ee6da7b-5867-4bad-ba0d-a2cfd13fd72a: start FollowerState
2019-10-16 11:35:59,885 [a3132885-145f-4a8c-85f4-c10eb874732d@group-2077DD483DC7-LeaderElection314] INFO  impl.RoleInfo (RoleInfo.java:updateAndGet(143)) - a3132885-145f-4a8c-85f4-c10eb874732d: start FollowerState
2019-10-16 11:35:59,950 [Thread-2562] INFO  impl.FollowerState (FollowerState.java:run(108)) - a3132885-145f-4a8c-85f4-c10eb874732d@group-2077DD483DC7-FollowerState: change to CANDIDATE, lastRpcTime:64ms, electionTimeout:64ms
2019-10-16 11:35:59,950 [Thread-2562] INFO  impl.RoleInfo (RoleInfo.java:shutdownFollowerState(121)) - a3132885-145f-4a8c-85f4-c10eb874732d: shutdown FollowerState
2019-10-16 11:35:59,950 [Thread-2562] INFO  impl.RaftServerImpl (RaftServerImpl.java:setRole(184)) - a3132885-145f-4a8c-85f4-c10eb874732d@group-2077DD483DC7: changes role from  FOLLOWER to CANDIDATE at term 161 for changeToCandidate
2019-10-16 11:35:59,950 [Thread-2562] INFO  impl.RoleInfo (RoleInfo.java:updateAndGet(143)) - a3132885-145f-4a8c-85f4-c10eb874732d: start LeaderElection
2019-10-16 11:35:59,957 [a3132885-145f-4a8c-85f4-c10eb874732d@group-2077DD483DC7-LeaderElection316] INFO  impl.LeaderElection (LeaderElection.java:askForVotes(178)) - a3132885-145f-4a8c-85f4-c10eb874732d@group-2077DD483DC7-LeaderElection316: begin an election at term 162 for -1: [163587bb-2c3b-4498-b576-18147cf38274:192.168.157.203:33208, a3132885-145f-4a8c-85f4-c10eb874732d:192.168.157.203:46766, 70b633f6-b230-4b9f-87f3-510da88f1e08:192.168.157.203:43163], old=null
2019-10-16 11:35:59,959 [grpc-default-executor-3] INFO  impl.RaftServerImpl (RaftServerImpl.java:setRole(184)) - 163587bb-2c3b-4498-b576-18147cf38274@group-2077DD483DC7: changes role from  FOLLOWER to FOLLOWER at term 162 for recognizeCandidate:a3132885-145f-4a8c-85f4-c10eb874732d
2019-10-16 11:35:59,959 [grpc-default-executor-4] INFO  impl.RaftServerImpl (RaftServerImpl.java:setRole(184)) - 70b633f6-b230-4b9f-87f3-510da88f1e08@group-2077DD483DC7: changes role from  FOLLOWER to FOLLOWER at term 162 for recognizeCandidate:a3132885-145f-4a8c-85f4-c10eb874732d
2019-10-16 11:35:59,959 [grpc-default-executor-3] INFO  impl.RoleInfo (RoleInfo.java:shutdownFollowerState(121)) - 163587bb-2c3b-4498-b576-18147cf38274: shutdown FollowerState
2019-10-16 11:35:59,959 [grpc-default-executor-4] INFO  impl.RoleInfo (RoleInfo.java:shutdownFollowerState(121)) - 70b633f6-b230-4b9f-87f3-510da88f1e08: shutdown FollowerState
2019-10-16 11:35:59,959 [grpc-default-executor-3] INFO  impl.RoleInfo (RoleInfo.java:updateAndGet(143)) - 163587bb-2c3b-4498-b576-18147cf38274: start FollowerState
2019-10-16 11:35:59,959 [grpc-default-executor-4] INFO  impl.RoleInfo (RoleInfo.java:updateAndGet(143)) - 70b633f6-b230-4b9f-87f3-510da88f1e08: start FollowerState
2019-10-16 11:35:59,959 [Thread-2558] INFO  impl.FollowerState (FollowerState.java:run(117)) - 163587bb-2c3b-4498-b576-18147cf38274@group-2077DD483DC7-FollowerState was interrupted: java.lang.InterruptedException: sleep interrupted
2019-10-16 11:35:59,960 [Thread-2559] INFO  impl.FollowerState (FollowerState.java:run(117)) - 70b633f6-b230-4b9f-87f3-510da88f1e08@group-2077DD483DC7-FollowerState was interrupted: java.lang.InterruptedException: sleep interrupted
2019-10-16 11:35:59,983 [a3132885-145f-4a8c-85f4-c10eb874732d@group-2077DD483DC7-LeaderElection316] INFO  impl.LeaderElection (LeaderElection.java:logAndReturn(56)) - a3132885-145f-4a8c-85f4-c10eb874732d@group-2077DD483DC7-LeaderElection316: Election REJECTED; received 2 response(s) [a3132885-145f-4a8c-85f4-c10eb874732d<-163587bb-2c3b-4498-b576-18147cf38274#0:FAIL-t162, a3132885-145f-4a8c-85f4-c10eb874732d<-70b633f6-b230-4b9f-87f3-510da88f1e08#0:FAIL-t162] and 0 exception(s); a3132885-145f-4a8c-85f4-c10eb874732d@group-2077DD483DC7:t162, leader=null, voted=a3132885-145f-4a8c-85f4-c10eb874732d, raftlog=a3132885-145f-4a8c-85f4-c10eb874732d@group-2077DD483DC7-SegmentedRaftLog:OPENED:c-1,f-1,i0, conf=-1: [163587bb-2c3b-4498-b576-18147cf38274:192.168.157.203:33208, a3132885-145f-4a8c-85f4-c10eb874732d:192.168.157.203:46766, 70b633f6-b230-4b9f-87f3-510da88f1e08:192.168.157.203:43163], old=null
2019-10-16 11:35:59,983 [a3132885-145f-4a8c-85f4-c10eb874732d@group-2077DD483DC7-LeaderElection316] INFO  impl.RaftServerImpl (RaftServerImpl.java:setRole(184)) - a3132885-145f-4a8c-85f4-c10eb874732d@group-2077DD483DC7: changes role from CANDIDATE to FOLLOWER at term 162 for DISCOVERED_A_NEW_TERM
2019-10-16 11:35:59,983 [a3132885-145f-4a8c-85f4-c10eb874732d@group-2077DD483DC7-LeaderElection316] INFO  impl.RoleInfo (RoleInfo.java:shutdownLeaderElection(134)) - a3132885-145f-4a8c-85f4-c10eb874732d: shutdown LeaderElection
2019-10-16 11:35:59,983 [a3132885-145f-4a8c-85f4-c10eb874732d@group-2077DD483DC7-LeaderElection316] INFO  impl.RoleInfo (RoleInfo.java:updateAndGet(143)) - a3132885-145f-4a8c-85f4-c10eb874732d: start FollowerState
2019-10-16 11:35:59,992 [Thread-2561] INFO  impl.FollowerState (FollowerState.java:run(108)) - 1ee6da7b-5867-4bad-ba0d-a2cfd13fd72a@group-B3673A53AB6F-FollowerState: change to CANDIDATE, lastRpcTime:106ms, electionTimeout:106ms
2019-10-16 11:35:59,992 [Thread-2561] INFO  impl.RoleInfo (RoleInfo.java:shutdownFollowerState(121)) - 1ee6da7b-5867-4bad-ba0d-a2cfd13fd72a: shutdown FollowerState
2019-10-16 11:35:59,992 [Thread-2561] INFO  impl.RaftServerImpl (RaftServerImpl.java:setRole(184)) - 1ee6da7b-5867-4bad-ba0d-a2cfd13fd72a@group-B3673A53AB6F: changes role from  FOLLOWER to CANDIDATE at term 174 for changeToCandidate
2019-10-16 11:35:59,992 [Thread-2561] INFO  impl.RoleInfo (RoleInfo.java:updateAndGet(143)) - 1ee6da7b-5867-4bad-ba0d-a2cfd13fd72a: start LeaderElection
2019-10-16 11:36:00,018 [1ee6da7b-5867-4bad-ba0d-a2cfd13fd72a@group-B3673A53AB6F-LeaderElection317] INFO  impl.LeaderElection (LeaderElection.java:askForVotes(178)) - 1ee6da7b-5867-4bad-ba0d-a2cfd13fd72a@group-B3673A53AB6F-LeaderElection317: begin an election at term 175 for -1: [f94c755f-9f95-40b5-85b9-5e712f3f34e7:192.168.157.203:45275, 1ee6da7b-5867-4bad-ba0d-a2cfd13fd72a:192.168.157.203:35892, 4281bf39-36db-462c-8bc9-3c86cb645344:192.168.157.203:42381], old=null
2019-10-16 11:36:00,020 [grpc-default-executor-3] INFO  impl.RaftServerImpl (RaftServerImpl.java:setRole(184)) - f94c755f-9f95-40b5-85b9-5e712f3f34e7@group-B3673A53AB6F: changes role from  FOLLOWER to FOLLOWER at term 175 for recognizeCandidate:1ee6da7b-5867-4bad-ba0d-a2cfd13fd72a
2019-10-16 11:36:00,020 [grpc-default-executor-3] INFO  impl.RoleInfo (RoleInfo.java:shutdownFollowerState(121)) - f94c755f-9f95-40b5-85b9-5e712f3f34e7: shutdown FollowerState
2019-10-16 11:36:00,020 [grpc-default-executor-3] INFO  impl.RoleInfo (RoleInfo.java:updateAndGet(143)) - f94c755f-9f95-40b5-85b9-5e712f3f34e7: start FollowerState
2019-10-16 11:36:00,020 [Thread-2557] INFO  impl.FollowerState (FollowerState.java:run(117)) - f94c755f-9f95-40b5-85b9-5e712f3f34e7@group-B3673A53AB6F-FollowerState was interrupted: java.lang.InterruptedException: sleep interrupted
2019-10-16 11:36:00,020 [grpc-default-executor-4] INFO  impl.RaftServerImpl (RaftServerImpl.java:setRole(184)) - 4281bf39-36db-462c-8bc9-3c86cb645344@group-B3673A53AB6F: changes role from  FOLLOWER to FOLLOWER at term 175 for recognizeCandidate:1ee6da7b-5867-4bad-ba0d-a2cfd13fd72a
2019-10-16 11:36:00,020 [grpc-default-executor-4] INFO  impl.RoleInfo (RoleInfo.java:shutdownFollowerState(121)) - 4281bf39-36db-462c-8bc9-3c86cb645344: shutdown FollowerState
2019-10-16 11:36:00,020 [grpc-default-executor-4] INFO  impl.RoleInfo (RoleInfo.java:updateAndGet(143)) - 4281bf39-36db-462c-8bc9-3c86cb645344: start FollowerState
2019-10-16 11:36:00,021 [Thread-2560] INFO  impl.FollowerState (FollowerState.java:run(117)) - 4281bf39-36db-462c-8bc9-3c86cb645344@group-B3673A53AB6F-FollowerState was interrupted: java.lang.InterruptedException: sleep interrupted
2019-10-16 11:36:00,030 [1ee6da7b-5867-4bad-ba0d-a2cfd13fd72a@group-B3673A53AB6F-LeaderElection317] INFO  impl.LeaderElection (LeaderElection.java:logAndReturn(56)) - 1ee6da7b-5867-4bad-ba0d-a2cfd13fd72a@group-B3673A53AB6F-LeaderElection317: Election REJECTED; received 2 response(s) [1ee6da7b-5867-4bad-ba0d-a2cfd13fd72a<-f94c755f-9f95-40b5-85b9-5e712f3f34e7#0:FAIL-t175, 1ee6da7b-5867-4bad-ba0d-a2cfd13fd72a<-4281bf39-36db-462c-8bc9-3c86cb645344#0:FAIL-t175] and 0 exception(s); 1ee6da7b-5867-4bad-ba0d-a2cfd13fd72a@group-B3673A53AB6F:t175, leader=null, voted=1ee6da7b-5867-4bad-ba0d-a2cfd13fd72a, raftlog=1ee6da7b-5867-4bad-ba0d-a2cfd13fd72a@group-B3673A53AB6F-SegmentedRaftLog:OPENED:c-1,f-1,i0, conf=-1: [f94c755f-9f95-40b5-85b9-5e712f3f34e7:192.168.157.203:45275, 1ee6da7b-5867-4bad-ba0d-a2cfd13fd72a:192.168.157.203:35892, 4281bf39-36db-462c-8bc9-3c86cb645344:192.168.157.203:42381], old=null
2019-10-16 11:36:00,030 [1ee6da7b-5867-4bad-ba0d-a2cfd13fd72a@group-B3673A53AB6F-LeaderElection317] INFO  impl.RaftServerImpl (RaftServerImpl.java:setRole(184)) - 1ee6da7b-5867-4bad-ba0d-a2cfd13fd72a@group-B3673A53AB6F: changes role from CANDIDATE to FOLLOWER at term 175 for DISCOVERED_A_NEW_TERM
2019-10-16 11:36:00,030 [1ee6da7b-5867-4bad-ba0d-a2cfd13fd72a@group-B3673A53AB6F-LeaderElection317] INFO  impl.RoleInfo (RoleInfo.java:shutdownLeaderElection(134)) - 1ee6da7b-5867-4bad-ba0d-a2cfd13fd72a: shutdown LeaderElection
2019-10-16 11:36:00,030 [1ee6da7b-5867-4bad-ba0d-a2cfd13fd72a@group-B3673A53AB6F-LeaderElection317] INFO  impl.RoleInfo (RoleInfo.java:updateAndGet(143)) - 1ee6da7b-5867-4bad-ba0d-a2cfd13fd72a: start FollowerState
2019-10-16 11:36:00,037 [Thread-2570] INFO  impl.FollowerState (FollowerState.java:run(108)) - a3132885-145f-4a8c-85f4-c10eb874732d@group-2077DD483DC7-FollowerState: change to CANDIDATE, lastRpcTime:54ms, electionTimeout:54ms
2019-10-16 11:36:00,037 [Thread-2570] INFO  impl.RoleInfo (RoleInfo.java:shutdownFollowerState(121)) - a3132885-145f-4a8c-85f4-c10eb874732d: shutdown FollowerState
2019-10-16 11:36:00,038 [Thread-2570] INFO  impl.RaftServerImpl (RaftServerImpl.java:setRole(184)) - a3132885-145f-4a8c-85f4-c10eb874732d@group-2077DD483DC7: changes role from  FOLLOWER to CANDIDATE at term 162 for changeToCandidate
2019-10-16 11:36:00,038 [Thread-2570] INFO  impl.RoleInfo (RoleInfo.java:updateAndGet(143)) - a3132885-145f-4a8c-85f4-c10eb874732d: start LeaderElection
2019-10-16 11:36:00,044 [a3132885-145f-4a8c-85f4-c10eb874732d@group-2077DD483DC7-LeaderElection318] INFO  impl.LeaderElection (LeaderElection.java:askForVotes(178)) - a3132885-145f-4a8c-85f4-c10eb874732d@group-2077DD483DC7-LeaderElection318: begin an election at term 163 for -1: [163587bb-2c3b-4498-b576-18147cf38274:192.168.157.203:33208, a3132885-145f-4a8c-85f4-c10eb874732d:192.168.157.203:46766, 70b633f6-b230-4b9f-87f3-510da88f1e08:192.168.157.203:43163], old=null
2019-10-16 11:36:00,046 [grpc-default-executor-4] INFO  impl.RaftServerImpl (RaftServerImpl.java:setRole(184)) - 163587bb-2c3b-4498-b576-18147cf38274@group-2077DD483DC7: changes role from  FOLLOWER to FOLLOWER at term 163 for recognizeCandidate:a3132885-145f-4a8c-85f4-c10eb874732d
2019-10-16 11:36:00,046 [grpc-default-executor-4] INFO  impl.RoleInfo (RoleInfo.java:shutdownFollowerState(121)) - 163587bb-2c3b-4498-b576-18147cf38274: shutdown FollowerState
2019-10-16 11:36:00,046 [grpc-default-executor-4] INFO  impl.RoleInfo (RoleInfo.java:updateAndGet(143)) - 163587bb-2c3b-4498-b576-18147cf38274: start FollowerState
2019-10-16 11:36:00,046 [grpc-default-executor-3] INFO  impl.RaftServerImpl (RaftServerImpl.java:setRole(184)) - 70b633f6-b230-4b9f-87f3-510da88f1e08@group-2077DD483DC7: changes role from  FOLLOWER to FOLLOWER at term 163 for recognizeCandidate:a3132885-145f-4a8c-85f4-c10eb874732d
2019-10-16 11:36:00,046 [grpc-default-executor-3] INFO  impl.RoleInfo (RoleInfo.java:shutdownFollowerState(121)) - 70b633f6-b230-4b9f-87f3-510da88f1e08: shutdown FollowerState
2019-10-16 11:36:00,046 [Thread-2568] INFO  impl.FollowerState (FollowerState.java:run(117)) - 163587bb-2c3b-4498-b576-18147cf38274@group-2077DD483DC7-FollowerState was interrupted: java.lang.InterruptedException: sleep interrupted
2019-10-16 11:36:00,047 [Thread-2569] INFO  impl.FollowerState (FollowerState.java:run(117)) - 70b633f6-b230-4b9f-87f3-510da88f1e08@group-2077DD483DC7-FollowerState was interrupted: java.lang.InterruptedException: sleep interrupted
2019-10-16 11:36:00,047 [grpc-default-executor-3] INFO  impl.RoleInfo (RoleInfo.java:updateAndGet(143)) - 70b633f6-b230-4b9f-87f3-510da88f1e08: start FollowerState
2019-10-16 11:36:00,055 [a3132885-145f-4a8c-85f4-c10eb874732d@group-2077DD483DC7-LeaderElection318] INFO  impl.LeaderElection (LeaderElection.java:logAndReturn(56)) - a3132885-145f-4a8c-85f4-c10eb874732d@group-2077DD483DC7-LeaderElection318: Election REJECTED; received 2 response(s) [a3132885-145f-4a8c-85f4-c10eb874732d<-163587bb-2c3b-4498-b576-18147cf38274#0:FAIL-t163, a3132885-145f-4a8c-85f4-c10eb874732d<-70b633f6-b230-4b9f-87f3-510da88f1e08#0:FAIL-t163] and 0 exception(s); a3132885-145f-4a8c-85f4-c10eb874732d@group-2077DD483DC7:t163, leader=null, voted=a3132885-145f-4a8c-85f4-c10eb874732d, raftlog=a3132885-145f-4a8c-85f4-c10eb874732d@group-2077DD483DC7-SegmentedRaftLog:OPENED:c-1,f-1,i0, conf=-1: [163587bb-2c3b-4498-b576-18147cf38274:192.168.157.203:33208, a3132885-145f-4a8c-85f4-c10eb874732d:192.168.157.203:46766, 70b633f6-b230-4b9f-87f3-510da88f1e08:192.168.157.203:43163], old=null
2019-10-16 11:36:00,055 [a3132885-145f-4a8c-85f4-c10eb874732d@group-2077DD483DC7-LeaderElection318] INFO  impl.RaftServerImpl (RaftServerImpl.java:setRole(184)) - a3132885-145f-4a8c-85f4-c10eb874732d@group-2077DD483DC7: changes role from CANDIDATE to FOLLOWER at term 163 for DISCOVERED_A_NEW_TERM
2019-10-16 11:36:00,055 [a3132885-145f-4a8c-85f4-c10eb874732d@group-2077DD483DC7-LeaderElection318] INFO  impl.RoleInfo (RoleInfo.java:shutdownLeaderElection(134)) - a3132885-145f-4a8c-85f4-c10eb874732d: shutdown LeaderElection
2019-10-16 11:36:00,055 [a3132885-145f-4a8c-85f4-c10eb874732d@group-2077DD483DC7-LeaderElection318] INFO  impl.RoleInfo (RoleInfo.java:updateAndGet(143)) - a3132885-145f-4a8c-85f4-c10eb874732d: start FollowerState
2019-10-16 11:36:00,156 [Thread-2576] INFO  impl.FollowerState (FollowerState.java:run(108)) - 1ee6da7b-5867-4bad-ba0d-a2cfd13fd72a@group-B3673A53AB6F-FollowerState: change to CANDIDATE, lastRpcTime:125ms, electionTimeout:125ms
2019-10-16 11:36:00,156 [Thread-2576] INFO  impl.RoleInfo (RoleInfo.java:shutdownFollowerState(121)) - 1ee6da7b-5867-4bad-ba0d-a2cfd13fd72a: shutdown FollowerState
2019-10-16 11:36:00,156 [Thread-2576] INFO  impl.RaftServerImpl (RaftServerImpl.java:setRole(184)) - 1ee6da7b-5867-4bad-ba0d-a2cfd13fd72a@group-B3673A53AB6F: changes role from  FOLLOWER to CANDIDATE at term 175 for changeToCandidate
2019-10-16 11:36:00,156 [Thread-2576] INFO  impl.RoleInfo (RoleInfo.java:updateAndGet(143)) - 1ee6da7b-5867-4bad-ba0d-a2cfd13fd72a: start LeaderElection
2019-10-16 11:36:00,179 [1ee6da7b-5867-4bad-ba0d-a2cfd13fd72a@group-B3673A53AB6F-LeaderElection319] INFO  impl.LeaderElection (LeaderElection.java:askForVotes(178)) - 1ee6da7b-5867-4bad-ba0d-a2cfd13fd72a@group-B3673A53AB6F-LeaderElection319: begin an election at term 176 for -1: [f94c755f-9f95-40b5-85b9-5e712f3f34e7:192.168.157.203:45275, 1ee6da7b-5867-4bad-ba0d-a2cfd13fd72a:192.168.157.203:35892, 4281bf39-36db-462c-8bc9-3c86cb645344:192.168.157.203:42381], old=null
2019-10-16 11:36:00,182 [grpc-default-executor-4] INFO  impl.RaftServerImpl (RaftServerImpl.java:setRole(184)) - f94c755f-9f95-40b5-85b9-5e712f3f34e7@group-B3673A53AB6F: changes role from  FOLLOWER to FOLLOWER at term 176 for recognizeCandidate:1ee6da7b-5867-4bad-ba0d-a2cfd13fd72a
2019-10-16 11:36:00,182 [grpc-default-executor-3] INFO  impl.RaftServerImpl (RaftServerImpl.java:setRole(184)) - 4281bf39-36db-462c-8bc9-3c86cb645344@group-B3673A53AB6F: changes role from  FOLLOWER to FOLLOWER at term 176 for recognizeCandidate:1ee6da7b-5867-4bad-ba0d-a2cfd13fd72a
2019-10-16 11:36:00,182 [grpc-default-executor-4] INFO  impl.RoleInfo (RoleInfo.java:shutdownFollowerState(121)) - f94c755f-9f95-40b5-85b9-5e712f3f34e7: shutdown FollowerState
2019-10-16 11:36:00,182 [grpc-default-executor-3] INFO  impl.RoleInfo (RoleInfo.java:shutdownFollowerState(121)) - 4281bf39-36db-462c-8bc9-3c86cb645344: shutdown FollowerState
2019-10-16 11:36:00,182 [grpc-default-executor-4] INFO  impl.RoleInfo (RoleInfo.java:updateAndGet(143)) - f94c755f-9f95-40b5-85b9-5e712f3f34e7: start FollowerState
2019-10-16 11:36:00,182 [Thread-2574] INFO  impl.FollowerState (FollowerState.java:run(117)) - f94c755f-9f95-40b5-85b9-5e712f3f34e7@group-B3673A53AB6F-FollowerState was interrupted: java.lang.InterruptedException: sleep interrupted
2019-10-16 11:36:00,182 [Thread-2575] INFO  impl.FollowerState (FollowerState.java:run(117)) - 4281bf39-36db-462c-8bc9-3c86cb645344@group-B3673A53AB6F-FollowerState was interrupted: java.lang.InterruptedException: sleep interrupted
2019-10-16 11:36:00,182 [grpc-default-executor-3] INFO  impl.RoleInfo (RoleInfo.java:updateAndGet(143)) - 4281bf39-36db-462c-8bc9-3c86cb645344: start FollowerState
2019-10-16 11:36:00,191 [1ee6da7b-5867-4bad-ba0d-a2cfd13fd72a@group-B3673A53AB6F-LeaderElection319] INFO  impl.LeaderElection (LeaderElection.java:logAndReturn(56)) - 1ee6da7b-5867-4bad-ba0d-a2cfd13fd72a@group-B3673A53AB6F-LeaderElection319: Election REJECTED; received 2 response(s) [1ee6da7b-5867-4bad-ba0d-a2cfd13fd72a<-f94c755f-9f95-40b5-85b9-5e712f3f34e7#0:FAIL-t176, 1ee6da7b-5867-4bad-ba0d-a2cfd13fd72a<-4281bf39-36db-462c-8bc9-3c86cb645344#0:FAIL-t176] and 0 exception(s); 1ee6da7b-5867-4bad-ba0d-a2cfd13fd72a@group-B3673A53AB6F:t176, leader=null, voted=1ee6da7b-5867-4bad-ba0d-a2cfd13fd72a, raftlog=1ee6da7b-5867-4bad-ba0d-a2cfd13fd72a@group-B3673A53AB6F-SegmentedRaftLog:OPENED:c-1,f-1,i0, conf=-1: [f94c755f-9f95-40b5-85b9-5e712f3f34e7:192.168.157.203:45275, 1ee6da7b-5867-4bad-ba0d-a2cfd13fd72a:192.168.157.203:35892, 4281bf39-36db-462c-8bc9-3c86cb645344:192.168.157.203:42381], old=null
2019-10-16 11:36:00,192 [1ee6da7b-5867-4bad-ba0d-a2cfd13fd72a@group-B3673A53AB6F-LeaderElection319] INFO  impl.RaftServerImpl (RaftServerImpl.java:setRole(184)) - 1ee6da7b-5867-4bad-ba0d-a2cfd13fd72a@group-B3673A53AB6F: changes role from CANDIDATE to FOLLOWER at term 176 for DISCOVERED_A_NEW_TERM
2019-10-16 11:36:00,192 [1ee6da7b-5867-4bad-ba0d-a2cfd13fd72a@group-B3673A53AB6F-LeaderElection319] INFO  impl.RoleInfo (RoleInfo.java:shutdownLeaderElection(134)) - 1ee6da7b-5867-4bad-ba0d-a2cfd13fd72a: shutdown LeaderElection
2019-10-16 11:36:00,192 [1ee6da7b-5867-4bad-ba0d-a2cfd13fd72a@group-B3673A53AB6F-LeaderElection319] INFO  impl.RoleInfo (RoleInfo.java:updateAndGet(143)) - 1ee6da7b-5867-4bad-ba0d-a2cfd13fd72a: start FollowerState
2019-10-16 11:36:00,241 [Thread-2582] INFO  impl.FollowerState (FollowerState.java:run(108)) - a3132885-145f-4a8c-85f4-c10eb874732d@group-2077DD483DC7-FollowerState: change to CANDIDATE, lastRpcTime:185ms, electionTimeout:185ms
2019-10-16 11:36:00,241 [Thread-2582] INFO  impl.RoleInfo (RoleInfo.java:shutdownFollowerState(121)) - a3132885-145f-4a8c-85f4-c10eb874732d: shutdown FollowerState
2019-10-16 11:36:00,241 [Thread-2582] INFO  impl.RaftServerImpl (RaftServerImpl.java:setRole(184)) - a3132885-145f-4a8c-85f4-c10eb874732d@group-2077DD483DC7: changes role from  FOLLOWER to CANDIDATE at term 163 for changeToCandidate
2019-10-16 11:36:00,241 [Thread-2582] INFO  impl.RoleInfo (RoleInfo.java:updateAndGet(143)) - a3132885-145f-4a8c-85f4-c10eb874732d: start LeaderElection
2019-10-16 11:36:00,255 [a3132885-145f-4a8c-85f4-c10eb874732d@group-2077DD483DC7-LeaderElection320] INFO  impl.LeaderElection (LeaderElection.java:askForVotes(178)) - a3132885-145f-4a8c-85f4-c10eb874732d@group-2077DD483DC7-LeaderElection320: begin an election at term 164 for -1: [163587bb-2c3b-4498-b576-18147cf38274:192.168.157.203:33208, a3132885-145f-4a8c-85f4-c10eb874732d:192.168.157.203:46766, 70b633f6-b230-4b9f-87f3-510da88f1e08:192.168.157.203:43163], old=null
2019-10-16 11:36:00,257 [grpc-default-executor-3] INFO  impl.RaftServerImpl (RaftServerImpl.java:setRole(184)) - 163587bb-2c3b-4498-b576-18147cf38274@group-2077DD483DC7: changes role from  FOLLOWER to FOLLOWER at term 164 for recognizeCandidate:a3132885-145f-4a8c-85f4-c10eb874732d
2019-10-16 11:36:00,257 [grpc-default-executor-3] INFO  impl.RoleInfo (RoleInfo.java:shutdownFollowerState(121)) - 163587bb-2c3b-4498-b576-18147cf38274: shutdown FollowerState
2019-10-16 11:36:00,257 [grpc-default-executor-3] INFO  impl.RoleInfo (RoleInfo.java:updateAndGet(143)) - 163587bb-2c3b-4498-b576-18147cf38274: start FollowerState
2019-10-16 11:36:00,258 [Thread-2580] INFO  impl.FollowerState (FollowerState.java:run(117)) - 163587bb-2c3b-4498-b576-18147cf38274@group-2077DD483DC7-FollowerState was interrupted: java.lang.InterruptedException: sleep interrupted
2019-10-16 11:36:00,257 [grpc-default-executor-4] INFO  impl.RaftServerImpl (RaftServerImpl.java:setRole(184)) - 70b633f6-b230-4b9f-87f3-510da88f1e08@group-2077DD483DC7: changes role from  FOLLOWER to FOLLOWER at term 164 for recognizeCandidate:a3132885-145f-4a8c-85f4-c10eb874732d
2019-10-16 11:36:00,258 [grpc-default-executor-4] INFO  impl.RoleInfo (RoleInfo.java:shutdownFollowerState(121)) - 70b633f6-b230-4b9f-87f3-510da88f1e08: shutdown FollowerState
2019-10-16 11:36:00,258 [grpc-default-executor-4] INFO  impl.RoleInfo (RoleInfo.java:updateAndGet(143)) - 70b633f6-b230-4b9f-87f3-510da88f1e08: start FollowerState
2019-10-16 11:36:00,258 [Thread-2581] INFO  impl.FollowerState (FollowerState.java:run(117)) - 70b633f6-b230-4b9f-87f3-510da88f1e08@group-2077DD483DC7-FollowerState was interrupted: java.lang.InterruptedException: sleep interrupted
2019-10-16 11:36:00,265 [a3132885-145f-4a8c-85f4-c10eb874732d@group-2077DD483DC7-LeaderElection320] INFO  impl.LeaderElection (LeaderElection.java:logAndReturn(56)) - a3132885-145f-4a8c-85f4-c10eb874732d@group-2077DD483DC7-LeaderElection320: Election REJECTED; received 2 response(s) [a3132885-145f-4a8c-85f4-c10eb874732d<-163587bb-2c3b-4498-b576-18147cf38274#0:FAIL-t164, a3132885-145f-4a8c-85f4-c10eb874732d<-70b633f6-b230-4b9f-87f3-510da88f1e08#0:FAIL-t164] and 0 exception(s); a3132885-145f-4a8c-85f4-c10eb874732d@group-2077DD483DC7:t164, leader=null, voted=a3132885-145f-4a8c-85f4-c10eb874732d, raftlog=a3132885-145f-4a8c-85f4-c10eb874732d@group-2077DD483DC7-SegmentedRaftLog:OPENED:c-1,f-1,i0, conf=-1: [163587bb-2c3b-4498-b576-18147cf38274:192.168.157.203:33208, a3132885-145f-4a8c-85f4-c10eb874732d:192.168.157.203:46766, 70b633f6-b230-4b9f-87f3-510da88f1e08:192.168.157.203:43163], old=null
2019-10-16 11:36:00,266 [a3132885-145f-4a8c-85f4-c10eb874732d@group-2077DD483DC7-LeaderElection320] INFO  impl.RaftServerImpl (RaftServerImpl.java:setRole(184)) - a3132885-145f-4a8c-85f4-c10eb874732d@group-2077DD483DC7: changes role from CANDIDATE to FOLLOWER at term 164 for DISCOVERED_A_NEW_TERM
2019-10-16 11:36:00,266 [a3132885-145f-4a8c-85f4-c10eb874732d@group-2077DD483DC7-LeaderElection320] INFO  impl.RoleInfo (RoleInfo.java:shutdownLeaderElection(134)) - a3132885-145f-4a8c-85f4-c10eb874732d: shutdown LeaderElection
2019-10-16 11:36:00,266 [a3132885-145f-4a8c-85f4-c10eb874732d@group-2077DD483DC7-LeaderElection320] INFO  impl.RoleInfo (RoleInfo.java:updateAndGet(143)) - a3132885-145f-4a8c-85f4-c10eb874732d: start FollowerState
2019-10-16 11:36:00,299 [Thread-2594] INFO  impl.FollowerState (FollowerState.java:run(108)) - a3132885-145f-4a8c-85f4-c10eb874732d@group-2077DD483DC7-FollowerState: change to CANDIDATE, lastRpcTime:33ms, electionTimeout:33ms
2019-10-16 11:36:00,300 [Thread-2594] INFO  impl.RoleInfo (RoleInfo.java:shutdownFollowerState(121)) - a3132885-145f-4a8c-85f4-c10eb874732d: shutdown FollowerState
2019-10-16 11:36:00,300 [Thread-2594] INFO  impl.RaftServerImpl (RaftServerImpl.java:setRole(184)) - a3132885-145f-4a8c-85f4-c10eb874732d@group-2077DD483DC7: changes role from  FOLLOWER to CANDIDATE at term 164 for changeToCandidate
2019-10-16 11:36:00,300 [Thread-2594] INFO  impl.RoleInfo (RoleInfo.java:updateAndGet(143)) - a3132885-145f-4a8c-85f4-c10eb874732d: start LeaderElection
2019-10-16 11:36:00,316 [a3132885-145f-4a8c-85f4-c10eb874732d@group-2077DD483DC7-LeaderElection321] INFO  impl.LeaderElection (LeaderElection.java:askForVotes(178)) - a3132885-145f-4a8c-85f4-c10eb874732d@group-2077DD483DC7-LeaderElection321: begin an election at term 165 for -1: [163587bb-2c3b-4498-b576-18147cf38274:192.168.157.203:33208, a3132885-145f-4a8c-85f4-c10eb874732d:192.168.157.203:46766, 70b633f6-b230-4b9f-87f3-510da88f1e08:192.168.157.203:43163], old=null
2019-10-16 11:36:00,317 [grpc-default-executor-3] INFO  impl.RaftServerImpl (RaftServerImpl.java:setRole(184)) - 163587bb-2c3b-4498-b576-18147cf38274@group-2077DD483DC7: changes role from  FOLLOWER to FOLLOWER at term 165 for recognizeCandidate:a3132885-145f-4a8c-85f4-c10eb874732d
2019-10-16 11:36:00,318 [grpc-default-executor-3] INFO  impl.RoleInfo (RoleInfo.java:shutdownFollowerState(121)) - 163587bb-2c3b-4498-b576-18147cf38274: shutdown FollowerState
2019-10-16 11:36:00,318 [grpc-default-executor-3] INFO  impl.RoleInfo (RoleInfo.java:updateAndGet(143)) - 163587bb-2c3b-4498-b576-18147cf38274: start FollowerState
2019-10-16 11:36:00,318 [Thread-2592] INFO  impl.FollowerState (FollowerState.java:run(117)) - 163587bb-2c3b-4498-b576-18147cf38274@group-2077DD483DC7-FollowerState was interrupted: java.lang.InterruptedException: sleep interrupted
2019-10-16 11:36:00,318 [grpc-default-executor-4] INFO  impl.RaftServerImpl (RaftServerImpl.java:setRole(184)) - 70b633f6-b230-4b9f-87f3-510da88f1e08@group-2077DD483DC7: changes role from  FOLLOWER to FOLLOWER at term 165 for recognizeCandidate:a3132885-145f-4a8c-85f4-c10eb874732d
2019-10-16 11:36:00,318 [grpc-default-executor-4] INFO  impl.RoleInfo (RoleInfo.java:shutdownFollowerState(121)) - 70b633f6-b230-4b9f-87f3-510da88f1e08: shutdown FollowerState
2019-10-16 11:36:00,318 [grpc-default-executor-4] INFO  impl.RoleInfo (RoleInfo.java:updateAndGet(143)) - 70b633f6-b230-4b9f-87f3-510da88f1e08: start FollowerState
2019-10-16 11:36:00,318 [Thread-2593] INFO  impl.FollowerState (FollowerState.java:run(117)) - 70b633f6-b230-4b9f-87f3-510da88f1e08@group-2077DD483DC7-FollowerState was interrupted: java.lang.InterruptedException: sleep interrupted
2019-10-16 11:36:00,328 [a3132885-145f-4a8c-85f4-c10eb874732d@group-2077DD483DC7-LeaderElection321] INFO  impl.LeaderElection (LeaderElection.java:logAndReturn(56)) - a3132885-145f-4a8c-85f4-c10eb874732d@group-2077DD483DC7-LeaderElection321: Election REJECTED; received 2 response(s) [a3132885-145f-4a8c-85f4-c10eb874732d<-163587bb-2c3b-4498-b576-18147cf38274#0:FAIL-t165, a3132885-145f-4a8c-85f4-c10eb874732d<-70b633f6-b230-4b9f-87f3-510da88f1e08#0:FAIL-t165] and 0 exception(s); a3132885-145f-4a8c-85f4-c10eb874732d@group-2077DD483DC7:t165, leader=null, voted=a3132885-145f-4a8c-85f4-c10eb874732d, raftlog=a3132885-145f-4a8c-85f4-c10eb874732d@group-2077DD483DC7-SegmentedRaftLog:OPENED:c-1,f-1,i0, conf=-1: [163587bb-2c3b-4498-b576-18147cf38274:192.168.157.203:33208, a3132885-145f-4a8c-85f4-c10eb874732d:192.168.157.203:46766, 70b633f6-b230-4b9f-87f3-510da88f1e08:192.168.157.203:43163], old=null
2019-10-16 11:36:00,329 [a3132885-145f-4a8c-85f4-c10eb874732d@group-2077DD483DC7-LeaderElection321] INFO  impl.RaftServerImpl (RaftServerImpl.java:setRole(184)) - a3132885-145f-4a8c-85f4-c10eb874732d@group-2077DD483DC7: changes role from CANDIDATE to FOLLOWER at term 165 for DISCOVERED_A_NEW_TERM
2019-10-16 11:36:00,329 [a3132885-145f-4a8c-85f4-c10eb874732d@group-2077DD483DC7-LeaderElection321] INFO  impl.RoleInfo (RoleInfo.java:shutdownLeaderElection(134)) - a3132885-145f-4a8c-85f4-c10eb874732d: shutdown LeaderElection
2019-10-16 11:36:00,329 [a3132885-145f-4a8c-85f4-c10eb874732d@group-2077DD483DC7-LeaderElection321] INFO  impl.RoleInfo (RoleInfo.java:updateAndGet(143)) - a3132885-145f-4a8c-85f4-c10eb874732d: start FollowerState
2019-10-16 11:36:00,384 [Thread-2588] INFO  impl.FollowerState (FollowerState.java:run(108)) - 1ee6da7b-5867-4bad-ba0d-a2cfd13fd72a@group-B3673A53AB6F-FollowerState: change to CANDIDATE, lastRpcTime:192ms, electionTimeout:192ms
2019-10-16 11:36:00,384 [Thread-2588] INFO  impl.RoleInfo (RoleInfo.java:shutdownFollowerState(121)) - 1ee6da7b-5867-4bad-ba0d-a2cfd13fd72a: shutdown FollowerState
2019-10-16 11:36:00,384 [Thread-2588] INFO  impl.RaftServerImpl (RaftServerImpl.java:setRole(184)) - 1ee6da7b-5867-4bad-ba0d-a2cfd13fd72a@group-B3673A53AB6F: changes role from  FOLLOWER to CANDIDATE at term 176 for changeToCandidate
2019-10-16 11:36:00,385 [Thread-2588] INFO  impl.RoleInfo (RoleInfo.java:updateAndGet(143)) - 1ee6da7b-5867-4bad-ba0d-a2cfd13fd72a: start LeaderElection
2019-10-16 11:36:00,396 [1ee6da7b-5867-4bad-ba0d-a2cfd13fd72a@group-B3673A53AB6F-LeaderElection322] INFO  impl.LeaderElection (LeaderElection.java:askForVotes(178)) - 1ee6da7b-5867-4bad-ba0d-a2cfd13fd72a@group-B3673A53AB6F-LeaderElection322: begin an election at term 177 for -1: [f94c755f-9f95-40b5-85b9-5e712f3f34e7:192.168.157.203:45275, 1ee6da7b-5867-4bad-ba0d-a2cfd13fd72a:192.168.157.203:35892, 4281bf39-36db-462c-8bc9-3c86cb645344:192.168.157.203:42381], old=null
2019-10-16 11:36:00,398 [grpc-default-executor-4] INFO  impl.RaftServerImpl (RaftServerImpl.java:setRole(184)) - 4281bf39-36db-462c-8bc9-3c86cb645344@group-B3673A53AB6F: changes role from  FOLLOWER to FOLLOWER at term 177 for recognizeCandidate:1ee6da7b-5867-4bad-ba0d-a2cfd13fd72a
2019-10-16 11:36:00,398 [grpc-default-executor-3] INFO  impl.RaftServerImpl (RaftServerImpl.java:setRole(184)) - f94c755f-9f95-40b5-85b9-5e712f3f34e7@group-B3673A53AB6F: changes role from  FOLLOWER to FOLLOWER at term 177 for recognizeCandidate:1ee6da7b-5867-4bad-ba0d-a2cfd13fd72a
2019-10-16 11:36:00,399 [grpc-default-executor-4] INFO  impl.RoleInfo (RoleInfo.java:shutdownFollowerState(121)) - 4281bf39-36db-462c-8bc9-3c86cb645344: shutdown FollowerState
2019-10-16 11:36:00,399 [grpc-default-executor-3] INFO  impl.RoleInfo (RoleInfo.java:shutdownFollowerState(121)) - f94c755f-9f95-40b5-85b9-5e712f3f34e7: shutdown FollowerState
2019-10-16 11:36:00,399 [grpc-default-executor-4] INFO  impl.RoleInfo (RoleInfo.java:updateAndGet(143)) - 4281bf39-36db-462c-8bc9-3c86cb645344: start FollowerState
2019-10-16 11:36:00,399 [Thread-2587] INFO  impl.FollowerState (FollowerState.java:run(117)) - 4281bf39-36db-462c-8bc9-3c86cb645344@group-B3673A53AB6F-FollowerState was interrupted: java.lang.InterruptedException: sleep interrupted
2019-10-16 11:36:00,399 [Thread-2586] INFO  impl.FollowerState (FollowerState.java:run(117)) - f94c755f-9f95-40b5-85b9-5e712f3f34e7@group-B3673A53AB6F-FollowerState was interrupted: java.lang.InterruptedException: sleep interrupted
2019-10-16 11:36:00,399 [grpc-default-executor-3] INFO  impl.RoleInfo (RoleInfo.java:updateAndGet(143)) - f94c755f-9f95-40b5-85b9-5e712f3f34e7: start FollowerState
2019-10-16 11:36:00,406 [1ee6da7b-5867-4bad-ba0d-a2cfd13fd72a@group-B3673A53AB6F-LeaderElection322] INFO  impl.LeaderElection (LeaderElection.java:logAndReturn(56)) - 1ee6da7b-5867-4bad-ba0d-a2cfd13fd72a@group-B3673A53AB6F-LeaderElection322: Election REJECTED; received 2 response(s) [1ee6da7b-5867-4bad-ba0d-a2cfd13fd72a<-f94c755f-9f95-40b5-85b9-5e712f3f34e7#0:FAIL-t177, 1ee6da7b-5867-4bad-ba0d-a2cfd13fd72a<-4281bf39-36db-462c-8bc9-3c86cb645344#0:FAIL-t177] and 0 exception(s); 1ee6da7b-5867-4bad-ba0d-a2cfd13fd72a@group-B3673A53AB6F:t177, leader=null, voted=1ee6da7b-5867-4bad-ba0d-a2cfd13fd72a, raftlog=1ee6da7b-5867-4bad-ba0d-a2cfd13fd72a@group-B3673A53AB6F-SegmentedRaftLog:OPENED:c-1,f-1,i0, conf=-1: [f94c755f-9f95-40b5-85b9-5e712f3f34e7:192.168.157.203:45275, 1ee6da7b-5867-4bad-ba0d-a2cfd13fd72a:192.168.157.203:35892, 4281bf39-36db-462c-8bc9-3c86cb645344:192.168.157.203:42381], old=null
2019-10-16 11:36:00,406 [1ee6da7b-5867-4bad-ba0d-a2cfd13fd72a@group-B3673A53AB6F-LeaderElection322] INFO  impl.RaftServerImpl (RaftServerImpl.java:setRole(184)) - 1ee6da7b-5867-4bad-ba0d-a2cfd13fd72a@group-B3673A53AB6F: changes role from CANDIDATE to FOLLOWER at term 177 for DISCOVERED_A_NEW_TERM
2019-10-16 11:36:00,406 [1ee6da7b-5867-4bad-ba0d-a2cfd13fd72a@group-B3673A53AB6F-LeaderElection322] INFO  impl.RoleInfo (RoleInfo.java:shutdownLeaderElection(134)) - 1ee6da7b-5867-4bad-ba0d-a2cfd13fd72a: shutdown LeaderElection
2019-10-16 11:36:00,406 [1ee6da7b-5867-4bad-ba0d-a2cfd13fd72a@group-B3673A53AB6F-LeaderElection322] INFO  impl.RoleInfo (RoleInfo.java:updateAndGet(143)) - 1ee6da7b-5867-4bad-ba0d-a2cfd13fd72a: start FollowerState
2019-10-16 11:36:00,461 [Thread-2600] INFO  impl.FollowerState (FollowerState.java:run(108)) - a3132885-145f-4a8c-85f4-c10eb874732d@group-2077DD483DC7-FollowerState: change to CANDIDATE, lastRpcTime:132ms, electionTimeout:132ms
2019-10-16 11:36:00,461 [Thread-2600] INFO  impl.RoleInfo (RoleInfo.java:shutdownFollowerState(121)) - a3132885-145f-4a8c-85f4-c10eb874732d: shutdown FollowerState
2019-10-16 11:36:00,462 [Thread-2600] INFO  impl.RaftServerImpl (RaftServerImpl.java:setRole(184)) - a3132885-145f-4a8c-85f4-c10eb874732d@group-2077DD483DC7: changes role from  FOLLOWER to CANDIDATE at term 165 for changeToCandidate
2019-10-16 11:36:00,462 [Thread-2600] INFO  impl.RoleInfo (RoleInfo.java:updateAndGet(143)) - a3132885-145f-4a8c-85f4-c10eb874732d: start LeaderElection
2019-10-16 11:36:00,477 [a3132885-145f-4a8c-85f4-c10eb874732d@group-2077DD483DC7-LeaderElection323] INFO  impl.LeaderElection (LeaderElection.java:askForVotes(178)) - a3132885-145f-4a8c-85f4-c10eb874732d@group-2077DD483DC7-LeaderElection323: begin an election at term 166 for -1: [163587bb-2c3b-4498-b576-18147cf38274:192.168.157.203:33208, a3132885-145f-4a8c-85f4-c10eb874732d:192.168.157.203:46766, 70b633f6-b230-4b9f-87f3-510da88f1e08:192.168.157.203:43163], old=null
2019-10-16 11:36:00,479 [grpc-default-executor-3] INFO  impl.RaftServerImpl (RaftServerImpl.java:setRole(184)) - 70b633f6-b230-4b9f-87f3-510da88f1e08@group-2077DD483DC7: changes role from  FOLLOWER to FOLLOWER at term 166 for recognizeCandidate:a3132885-145f-4a8c-85f4-c10eb874732d
2019-10-16 11:36:00,480 [grpc-default-executor-4] INFO  impl.RaftServerImpl (RaftServerImpl.java:setRole(184)) - 163587bb-2c3b-4498-b576-18147cf38274@group-2077DD483DC7: changes role from  FOLLOWER to FOLLOWER at term 166 for recognizeCandidate:a3132885-145f-4a8c-85f4-c10eb874732d
2019-10-16 11:36:00,480 [grpc-default-executor-3] INFO  impl.RoleInfo (RoleInfo.java:shutdownFollowerState(121)) - 70b633f6-b230-4b9f-87f3-510da88f1e08: shutdown FollowerState
2019-10-16 11:36:00,480 [grpc-default-executor-4] INFO  impl.RoleInfo (RoleInfo.java:shutdownFollowerState(121)) - 163587bb-2c3b-4498-b576-18147cf38274: shutdown FollowerState
2019-10-16 11:36:00,480 [Thread-2599] INFO  impl.FollowerState (FollowerState.java:run(117)) - 70b633f6-b230-4b9f-87f3-510da88f1e08@group-2077DD483DC7-FollowerState was interrupted: java.lang.InterruptedException: sleep interrupted
2019-10-16 11:36:00,480 [grpc-default-executor-3] INFO  impl.RoleInfo (RoleInfo.java:updateAndGet(143)) - 70b633f6-b230-4b9f-87f3-510da88f1e08: start FollowerState
2019-10-16 11:36:00,480 [Thread-2598] INFO  impl.FollowerState (FollowerState.java:run(117)) - 163587bb-2c3b-4498-b576-18147cf38274@group-2077DD483DC7-FollowerState was interrupted: java.lang.InterruptedException: sleep interrupted
2019-10-16 11:36:00,480 [grpc-default-executor-4] INFO  impl.RoleInfo (RoleInfo.java:updateAndGet(143)) - 163587bb-2c3b-4498-b576-18147cf38274: start FollowerState
2019-10-16 11:36:00,490 [a3132885-145f-4a8c-85f4-c10eb874732d@group-2077DD483DC7-LeaderElection323] INFO  impl.LeaderElection (LeaderElection.java:logAndReturn(56)) - a3132885-145f-4a8c-85f4-c10eb874732d@group-2077DD483DC7-LeaderElection323: Election REJECTED; received 2 response(s) [a3132885-145f-4a8c-85f4-c10eb874732d<-163587bb-2c3b-4498-b576-18147cf38274#0:FAIL-t166, a3132885-145f-4a8c-85f4-c10eb874732d<-70b633f6-b230-4b9f-87f3-510da88f1e08#0:FAIL-t166] and 0 exception(s); a3132885-145f-4a8c-85f4-c10eb874732d@group-2077DD483DC7:t166, leader=null, voted=a3132885-145f-4a8c-85f4-c10eb874732d, raftlog=a3132885-145f-4a8c-85f4-c10eb874732d@group-2077DD483DC7-SegmentedRaftLog:OPENED:c-1,f-1,i0, conf=-1: [163587bb-2c3b-4498-b576-18147cf38274:192.168.157.203:33208, a3132885-145f-4a8c-85f4-c10eb874732d:192.168.157.203:46766, 70b633f6-b230-4b9f-87f3-510da88f1e08:192.168.157.203:43163], old=null
2019-10-16 11:36:00,490 [a3132885-145f-4a8c-85f4-c10eb874732d@group-2077DD483DC7-LeaderElection323] INFO  impl.RaftServerImpl (RaftServerImpl.java:setRole(184)) - a3132885-145f-4a8c-85f4-c10eb874732d@group-2077DD483DC7: changes role from CANDIDATE to FOLLOWER at term 166 for DISCOVERED_A_NEW_TERM
2019-10-16 11:36:00,491 [a3132885-145f-4a8c-85f4-c10eb874732d@group-2077DD483DC7-LeaderElection323] INFO  impl.RoleInfo (RoleInfo.java:shutdownLeaderElection(134)) - a3132885-145f-4a8c-85f4-c10eb874732d: shutdown LeaderElection
2019-10-16 11:36:00,491 [a3132885-145f-4a8c-85f4-c10eb874732d@group-2077DD483DC7-LeaderElection323] INFO  impl.RoleInfo (RoleInfo.java:updateAndGet(143)) - a3132885-145f-4a8c-85f4-c10eb874732d: start FollowerState
2019-10-16 11:36:00,585 [Thread-2614] INFO  impl.FollowerState (FollowerState.java:run(108)) - a3132885-145f-4a8c-85f4-c10eb874732d@group-2077DD483DC7-FollowerState: change to CANDIDATE, lastRpcTime:94ms, electionTimeout:94ms
2019-10-16 11:36:00,585 [Thread-2614] INFO  impl.RoleInfo (RoleInfo.java:shutdownFollowerState(121)) - a3132885-145f-4a8c-85f4-c10eb874732d: shutdown FollowerState
2019-10-16 11:36:00,585 [Thread-2606] INFO  impl.FollowerState (FollowerState.java:run(108)) - 1ee6da7b-5867-4bad-ba0d-a2cfd13fd72a@group-B3673A53AB6F-FollowerState: change to CANDIDATE, lastRpcTime:179ms, electionTimeout:179ms
2019-10-16 11:36:00,586 [Thread-2606] INFO  impl.RoleInfo (RoleInfo.java:shutdownFollowerState(121)) - 1ee6da7b-5867-4bad-ba0d-a2cfd13fd72a: shutdown FollowerState
2019-10-16 11:36:00,586 [Thread-2614] INFO  impl.RaftServerImpl (RaftServerImpl.java:setRole(184)) - a3132885-145f-4a8c-85f4-c10eb874732d@group-2077DD483DC7: changes role from  FOLLOWER to CANDIDATE at term 166 for changeToCandidate
2019-10-16 11:36:00,586 [Thread-2606] INFO  impl.RaftServerImpl (RaftServerImpl.java:setRole(184)) - 1ee6da7b-5867-4bad-ba0d-a2cfd13fd72a@group-B3673A53AB6F: changes role from  FOLLOWER to CANDIDATE at term 177 for changeToCandidate
2019-10-16 11:36:00,586 [Thread-2614] INFO  impl.RoleInfo (RoleInfo.java:updateAndGet(143)) - a3132885-145f-4a8c-85f4-c10eb874732d: start LeaderElection
2019-10-16 11:36:00,586 [Thread-2606] INFO  impl.RoleInfo (RoleInfo.java:updateAndGet(143)) - 1ee6da7b-5867-4bad-ba0d-a2cfd13fd72a: start LeaderElection
2019-10-16 11:36:00,602 [a3132885-145f-4a8c-85f4-c10eb874732d@group-2077DD483DC7-LeaderElection324] INFO  impl.LeaderElection (LeaderElection.java:askForVotes(178)) - a3132885-145f-4a8c-85f4-c10eb874732d@group-2077DD483DC7-LeaderElection324: begin an election at term 167 for -1: [163587bb-2c3b-4498-b576-18147cf38274:192.168.157.203:33208, a3132885-145f-4a8c-85f4-c10eb874732d:192.168.157.203:46766, 70b633f6-b230-4b9f-87f3-510da88f1e08:192.168.157.203:43163], old=null
2019-10-16 11:36:00,602 [1ee6da7b-5867-4bad-ba0d-a2cfd13fd72a@group-B3673A53AB6F-LeaderElection325] INFO  impl.LeaderElection (LeaderElection.java:askForVotes(178)) - 1ee6da7b-5867-4bad-ba0d-a2cfd13fd72a@group-B3673A53AB6F-LeaderElection325: begin an election at term 178 for -1: [f94c755f-9f95-40b5-85b9-5e712f3f34e7:192.168.157.203:45275, 1ee6da7b-5867-4bad-ba0d-a2cfd13fd72a:192.168.157.203:35892, 4281bf39-36db-462c-8bc9-3c86cb645344:192.168.157.203:42381], old=null
2019-10-16 11:36:00,604 [grpc-default-executor-3] INFO  impl.RaftServerImpl (RaftServerImpl.java:setRole(184)) - 4281bf39-36db-462c-8bc9-3c86cb645344@group-B3673A53AB6F: changes role from  FOLLOWER to FOLLOWER at term 178 for recognizeCandidate:1ee6da7b-5867-4bad-ba0d-a2cfd13fd72a
2019-10-16 11:36:00,604 [grpc-default-executor-3] INFO  impl.RoleInfo (RoleInfo.java:shutdownFollowerState(121)) - 4281bf39-36db-462c-8bc9-3c86cb645344: shutdown FollowerState
2019-10-16 11:36:00,604 [grpc-default-executor-4] INFO  impl.RaftServerImpl (RaftServerImpl.java:setRole(184)) - 163587bb-2c3b-4498-b576-18147cf38274@group-2077DD483DC7: changes role from  FOLLOWER to FOLLOWER at term 167 for recognizeCandidate:a3132885-145f-4a8c-85f4-c10eb874732d
2019-10-16 11:36:00,605 [Thread-2604] INFO  impl.FollowerState (FollowerState.java:run(117)) - 4281bf39-36db-462c-8bc9-3c86cb645344@group-B3673A53AB6F-FollowerState was interrupted: java.lang.InterruptedException: sleep interrupted
2019-10-16 11:36:00,605 [grpc-default-executor-5] INFO  impl.RaftServerImpl (RaftServerImpl.java:setRole(184)) - f94c755f-9f95-40b5-85b9-5e712f3f34e7@group-B3673A53AB6F: changes role from  FOLLOWER to FOLLOWER at term 178 for recognizeCandidate:1ee6da7b-5867-4bad-ba0d-a2cfd13fd72a
2019-10-16 11:36:00,605 [grpc-default-executor-5] INFO  impl.RoleInfo (RoleInfo.java:shutdownFollowerState(121)) - f94c755f-9f95-40b5-85b9-5e712f3f34e7: shutdown FollowerState
2019-10-16 11:36:00,605 [grpc-default-executor-3] INFO  impl.RoleInfo (RoleInfo.java:updateAndGet(143)) - 4281bf39-36db-462c-8bc9-3c86cb645344: start FollowerState
2019-10-16 11:36:00,605 [Thread-2605] INFO  impl.FollowerState (FollowerState.java:run(117)) - f94c755f-9f95-40b5-85b9-5e712f3f34e7@group-B3673A53AB6F-FollowerState was interrupted: java.lang.InterruptedException: sleep interrupted
2019-10-16 11:36:00,605 [grpc-default-executor-5] INFO  impl.RoleInfo (RoleInfo.java:updateAndGet(143)) - f94c755f-9f95-40b5-85b9-5e712f3f34e7: start FollowerState
2019-10-16 11:36:00,606 [grpc-default-executor-6] INFO  impl.RaftServerImpl (RaftServerImpl.java:setRole(184)) - 70b633f6-b230-4b9f-87f3-510da88f1e08@group-2077DD483DC7: changes role from  FOLLOWER to FOLLOWER at term 167 for recognizeCandidate:a3132885-145f-4a8c-85f4-c10eb874732d
2019-10-16 11:36:00,606 [grpc-default-executor-6] INFO  impl.RoleInfo (RoleInfo.java:shutdownFollowerState(121)) - 70b633f6-b230-4b9f-87f3-510da88f1e08: shutdown FollowerState
2019-10-16 11:36:00,605 [grpc-default-executor-4] INFO  impl.RoleInfo (RoleInfo.java:shutdownFollowerState(121)) - 163587bb-2c3b-4498-b576-18147cf38274: shutdown FollowerState
2019-10-16 11:36:00,606 [Thread-2612] INFO  impl.FollowerState (FollowerState.java:run(117)) - 70b633f6-b230-4b9f-87f3-510da88f1e08@group-2077DD483DC7-FollowerState was interrupted: java.lang.InterruptedException: sleep interrupted
2019-10-16 11:36:00,606 [grpc-default-executor-6] INFO  impl.RoleInfo (RoleInfo.java:updateAndGet(143)) - 70b633f6-b230-4b9f-87f3-510da88f1e08: start FollowerState
2019-10-16 11:36:00,606 [Thread-2613] INFO  impl.FollowerState (FollowerState.java:run(117)) - 163587bb-2c3b-4498-b576-18147cf38274@group-2077DD483DC7-FollowerState was interrupted: java.lang.InterruptedException: sleep interrupted
2019-10-16 11:36:00,606 [grpc-default-executor-4] INFO  impl.RoleInfo (RoleInfo.java:updateAndGet(143)) - 163587bb-2c3b-4498-b576-18147cf38274: start FollowerState
2019-10-16 11:36:00,622 [1ee6da7b-5867-4bad-ba0d-a2cfd13fd72a@group-B3673A53AB6F-LeaderElection325] INFO  impl.LeaderElection (LeaderElection.java:logAndReturn(56)) - 1ee6da7b-5867-4bad-ba0d-a2cfd13fd72a@group-B3673A53AB6F-LeaderElection325: Election REJECTED; received 2 response(s) [1ee6da7b-5867-4bad-ba0d-a2cfd13fd72a<-f94c755f-9f95-40b5-85b9-5e712f3f34e7#0:FAIL-t178, 1ee6da7b-5867-4bad-ba0d-a2cfd13fd72a<-4281bf39-36db-462c-8bc9-3c86cb645344#0:FAIL-t178] and 0 exception(s); 1ee6da7b-5867-4bad-ba0d-a2cfd13fd72a@group-B3673A53AB6F:t178, leader=null, voted=1ee6da7b-5867-4bad-ba0d-a2cfd13fd72a, raftlog=1ee6da7b-5867-4bad-ba0d-a2cfd13fd72a@group-B3673A53AB6F-SegmentedRaftLog:OPENED:c-1,f-1,i0, conf=-1: [f94c755f-9f95-40b5-85b9-5e712f3f34e7:192.168.157.203:45275, 1ee6da7b-5867-4bad-ba0d-a2cfd13fd72a:192.168.157.203:35892, 4281bf39-36db-462c-8bc9-3c86cb645344:192.168.157.203:42381], old=null
2019-10-16 11:36:00,622 [a3132885-145f-4a8c-85f4-c10eb874732d@group-2077DD483DC7-LeaderElection324] INFO  impl.LeaderElection (LeaderElection.java:logAndReturn(56)) - a3132885-145f-4a8c-85f4-c10eb874732d@group-2077DD483DC7-LeaderElection324: Election REJECTED; received 2 response(s) [a3132885-145f-4a8c-85f4-c10eb874732d<-163587bb-2c3b-4498-b576-18147cf38274#0:FAIL-t167, a3132885-145f-4a8c-85f4-c10eb874732d<-70b633f6-b230-4b9f-87f3-510da88f1e08#0:FAIL-t167] and 0 exception(s); a3132885-145f-4a8c-85f4-c10eb874732d@group-2077DD483DC7:t167, leader=null, voted=a3132885-145f-4a8c-85f4-c10eb874732d, raftlog=a3132885-145f-4a8c-85f4-c10eb874732d@group-2077DD483DC7-SegmentedRaftLog:OPENED:c-1,f-1,i0, conf=-1: [163587bb-2c3b-4498-b576-18147cf38274:192.168.157.203:33208, a3132885-145f-4a8c-85f4-c10eb874732d:192.168.157.203:46766, 70b633f6-b230-4b9f-87f3-510da88f1e08:192.168.157.203:43163], old=null
2019-10-16 11:36:00,623 [a3132885-145f-4a8c-85f4-c10eb874732d@group-2077DD483DC7-LeaderElection324] INFO  impl.RaftServerImpl (RaftServerImpl.java:setRole(184)) - a3132885-145f-4a8c-85f4-c10eb874732d@group-2077DD483DC7: changes role from CANDIDATE to FOLLOWER at term 167 for DISCOVERED_A_NEW_TERM
2019-10-16 11:36:00,623 [1ee6da7b-5867-4bad-ba0d-a2cfd13fd72a@group-B3673A53AB6F-LeaderElection325] INFO  impl.RaftServerImpl (RaftServerImpl.java:setRole(184)) - 1ee6da7b-5867-4bad-ba0d-a2cfd13fd72a@group-B3673A53AB6F: changes role from CANDIDATE to FOLLOWER at term 178 for DISCOVERED_A_NEW_TERM
2019-10-16 11:36:00,623 [a3132885-145f-4a8c-85f4-c10eb874732d@group-2077DD483DC7-LeaderElection324] INFO  impl.RoleInfo (RoleInfo.java:shutdownLeaderElection(134)) - a3132885-145f-4a8c-85f4-c10eb874732d: shutdown LeaderElection
2019-10-16 11:36:00,623 [1ee6da7b-5867-4bad-ba0d-a2cfd13fd72a@group-B3673A53AB6F-LeaderElection325] INFO  impl.RoleInfo (RoleInfo.java:shutdownLeaderElection(134)) - 1ee6da7b-5867-4bad-ba0d-a2cfd13fd72a: shutdown LeaderElection
2019-10-16 11:36:00,623 [a3132885-145f-4a8c-85f4-c10eb874732d@group-2077DD483DC7-LeaderElection324] INFO  impl.RoleInfo (RoleInfo.java:updateAndGet(143)) - a3132885-145f-4a8c-85f4-c10eb874732d: start FollowerState
2019-10-16 11:36:00,623 [1ee6da7b-5867-4bad-ba0d-a2cfd13fd72a@group-B3673A53AB6F-LeaderElection325] INFO  impl.RoleInfo (RoleInfo.java:updateAndGet(143)) - 1ee6da7b-5867-4bad-ba0d-a2cfd13fd72a: start FollowerState
2019-10-16 11:36:00,677 [Thread-2625] INFO  impl.FollowerState (FollowerState.java:run(108)) - a3132885-145f-4a8c-85f4-c10eb874732d@group-2077DD483DC7-FollowerState: change to CANDIDATE, lastRpcTime:53ms, electionTimeout:53ms
2019-10-16 11:36:00,677 [Thread-2625] INFO  impl.RoleInfo (RoleInfo.java:shutdownFollowerState(121)) - a3132885-145f-4a8c-85f4-c10eb874732d: shutdown FollowerState
2019-10-16 11:36:00,677 [Thread-2625] INFO  impl.RaftServerImpl (RaftServerImpl.java:setRole(184)) - a3132885-145f-4a8c-85f4-c10eb874732d@group-2077DD483DC7: changes role from  FOLLOWER to CANDIDATE at term 167 for changeToCandidate
2019-10-16 11:36:00,677 [Thread-2625] INFO  impl.RoleInfo (RoleInfo.java:updateAndGet(143)) - a3132885-145f-4a8c-85f4-c10eb874732d: start LeaderElection
2019-10-16 11:36:00,684 [a3132885-145f-4a8c-85f4-c10eb874732d@group-2077DD483DC7-LeaderElection326] INFO  impl.LeaderElection (LeaderElection.java:askForVotes(178)) - a3132885-145f-4a8c-85f4-c10eb874732d@group-2077DD483DC7-LeaderElection326: begin an election at term 168 for -1: [163587bb-2c3b-4498-b576-18147cf38274:192.168.157.203:33208, a3132885-145f-4a8c-85f4-c10eb874732d:192.168.157.203:46766, 70b633f6-b230-4b9f-87f3-510da88f1e08:192.168.157.203:43163], old=null
2019-10-16 11:36:00,687 [grpc-default-executor-6] INFO  impl.RaftServerImpl (RaftServerImpl.java:setRole(184)) - 70b633f6-b230-4b9f-87f3-510da88f1e08@group-2077DD483DC7: changes role from  FOLLOWER to FOLLOWER at term 168 for recognizeCandidate:a3132885-145f-4a8c-85f4-c10eb874732d
2019-10-16 11:36:00,687 [grpc-default-executor-4] INFO  impl.RaftServerImpl (RaftServerImpl.java:setRole(184)) - 163587bb-2c3b-4498-b576-18147cf38274@group-2077DD483DC7: changes role from  FOLLOWER to FOLLOWER at term 168 for recognizeCandidate:a3132885-145f-4a8c-85f4-c10eb874732d
2019-10-16 11:36:00,687 [grpc-default-executor-6] INFO  impl.RoleInfo (RoleInfo.java:shutdownFollowerState(121)) - 70b633f6-b230-4b9f-87f3-510da88f1e08: shutdown FollowerState
2019-10-16 11:36:00,687 [grpc-default-executor-4] INFO  impl.RoleInfo (RoleInfo.java:shutdownFollowerState(121)) - 163587bb-2c3b-4498-b576-18147cf38274: shutdown FollowerState
2019-10-16 11:36:00,687 [Thread-2623] INFO  impl.FollowerState (FollowerState.java:run(117)) - 70b633f6-b230-4b9f-87f3-510da88f1e08@group-2077DD483DC7-FollowerState was interrupted: java.lang.InterruptedException: sleep interrupted
2019-10-16 11:36:00,687 [grpc-default-executor-6] INFO  impl.RoleInfo (RoleInfo.java:updateAndGet(143)) - 70b633f6-b230-4b9f-87f3-510da88f1e08: start FollowerState
2019-10-16 11:36:00,687 [Thread-2624] INFO  impl.FollowerState (FollowerState.java:run(117)) - 163587bb-2c3b-4498-b576-18147cf38274@group-2077DD483DC7-FollowerState was interrupted: java.lang.InterruptedException: sleep interrupted
2019-10-16 11:36:00,687 [grpc-default-executor-4] INFO  impl.RoleInfo (RoleInfo.java:updateAndGet(143)) - 163587bb-2c3b-4498-b576-18147cf38274: start FollowerState
2019-10-16 11:36:00,702 [a3132885-145f-4a8c-85f4-c10eb874732d@group-2077DD483DC7-LeaderElection326] INFO  impl.LeaderElection (LeaderElection.java:logAndReturn(56)) - a3132885-145f-4a8c-85f4-c10eb874732d@group-2077DD483DC7-LeaderElection326: Election REJECTED; received 2 response(s) [a3132885-145f-4a8c-85f4-c10eb874732d<-163587bb-2c3b-4498-b576-18147cf38274#0:FAIL-t168, a3132885-145f-4a8c-85f4-c10eb874732d<-70b633f6-b230-4b9f-87f3-510da88f1e08#0:FAIL-t168] and 0 exception(s); a3132885-145f-4a8c-85f4-c10eb874732d@group-2077DD483DC7:t168, leader=null, voted=a3132885-145f-4a8c-85f4-c10eb874732d, raftlog=a3132885-145f-4a8c-85f4-c10eb874732d@group-2077DD483DC7-SegmentedRaftLog:OPENED:c-1,f-1,i0, conf=-1: [163587bb-2c3b-4498-b576-18147cf38274:192.168.157.203:33208, a3132885-145f-4a8c-85f4-c10eb874732d:192.168.157.203:46766, 70b633f6-b230-4b9f-87f3-510da88f1e08:192.168.157.203:43163], old=null
2019-10-16 11:36:00,702 [a3132885-145f-4a8c-85f4-c10eb874732d@group-2077DD483DC7-LeaderElection326] INFO  impl.RaftServerImpl (RaftServerImpl.java:setRole(184)) - a3132885-145f-4a8c-85f4-c10eb874732d@group-2077DD483DC7: changes role from CANDIDATE to FOLLOWER at term 168 for DISCOVERED_A_NEW_TERM
2019-10-16 11:36:00,702 [a3132885-145f-4a8c-85f4-c10eb874732d@group-2077DD483DC7-LeaderElection326] INFO  impl.RoleInfo (RoleInfo.java:shutdownLeaderElection(134)) - a3132885-145f-4a8c-85f4-c10eb874732d: shutdown LeaderElection
2019-10-16 11:36:00,702 [a3132885-145f-4a8c-85f4-c10eb874732d@group-2077DD483DC7-LeaderElection326] INFO  impl.RoleInfo (RoleInfo.java:updateAndGet(143)) - a3132885-145f-4a8c-85f4-c10eb874732d: start FollowerState
2019-10-16 11:36:00,725 [Thread-2626] INFO  impl.FollowerState (FollowerState.java:run(108)) - 1ee6da7b-5867-4bad-ba0d-a2cfd13fd72a@group-B3673A53AB6F-FollowerState: change to CANDIDATE, lastRpcTime:101ms, electionTimeout:101ms
2019-10-16 11:36:00,725 [Thread-2626] INFO  impl.RoleInfo (RoleInfo.java:shutdownFollowerState(121)) - 1ee6da7b-5867-4bad-ba0d-a2cfd13fd72a: shutdown FollowerState
2019-10-16 11:36:00,725 [Thread-2626] INFO  impl.RaftServerImpl (RaftServerImpl.java:setRole(184)) - 1ee6da7b-5867-4bad-ba0d-a2cfd13fd72a@group-B3673A53AB6F: changes role from  FOLLOWER to CANDIDATE at term 178 for changeToCandidate
2019-10-16 11:36:00,725 [Thread-2626] INFO  impl.RoleInfo (RoleInfo.java:updateAndGet(143)) - 1ee6da7b-5867-4bad-ba0d-a2cfd13fd72a: start LeaderElection
2019-10-16 11:36:00,732 [1ee6da7b-5867-4bad-ba0d-a2cfd13fd72a@group-B3673A53AB6F-LeaderElection327] INFO  impl.LeaderElection (LeaderElection.java:askForVotes(178)) - 1ee6da7b-5867-4bad-ba0d-a2cfd13fd72a@group-B3673A53AB6F-LeaderElection327: begin an election at term 179 for -1: [f94c755f-9f95-40b5-85b9-5e712f3f34e7:192.168.157.203:45275, 1ee6da7b-5867-4bad-ba0d-a2cfd13fd72a:192.168.157.203:35892, 4281bf39-36db-462c-8bc9-3c86cb645344:192.168.157.203:42381], old=null
2019-10-16 11:36:00,734 [grpc-default-executor-4] INFO  impl.RaftServerImpl (RaftServerImpl.java:setRole(184)) - f94c755f-9f95-40b5-85b9-5e712f3f34e7@group-B3673A53AB6F: changes role from  FOLLOWER to FOLLOWER at term 179 for recognizeCandidate:1ee6da7b-5867-4bad-ba0d-a2cfd13fd72a
2019-10-16 11:36:00,734 [grpc-default-executor-4] INFO  impl.RoleInfo (RoleInfo.java:shutdownFollowerState(121)) - f94c755f-9f95-40b5-85b9-5e712f3f34e7: shutdown FollowerState
2019-10-16 11:36:00,734 [grpc-default-executor-4] INFO  impl.RoleInfo (RoleInfo.java:updateAndGet(143)) - f94c755f-9f95-40b5-85b9-5e712f3f34e7: start FollowerState
2019-10-16 11:36:00,734 [Thread-2622] INFO  impl.FollowerState (FollowerState.java:run(117)) - f94c755f-9f95-40b5-85b9-5e712f3f34e7@group-B3673A53AB6F-FollowerState was interrupted: java.lang.InterruptedException: sleep interrupted
2019-10-16 11:36:00,734 [grpc-default-executor-6] INFO  impl.RaftServerImpl (RaftServerImpl.java:setRole(184)) - 4281bf39-36db-462c-8bc9-3c86cb645344@group-B3673A53AB6F: changes role from  FOLLOWER to FOLLOWER at term 179 for recognizeCandidate:1ee6da7b-5867-4bad-ba0d-a2cfd13fd72a
2019-10-16 11:36:00,734 [grpc-default-executor-6] INFO  impl.RoleInfo (RoleInfo.java:shutdownFollowerState(121)) - 4281bf39-36db-462c-8bc9-3c86cb645344: shutdown FollowerState
2019-10-16 11:36:00,735 [grpc-default-executor-6] INFO  impl.RoleInfo (RoleInfo.java:updateAndGet(143)) - 4281bf39-36db-462c-8bc9-3c86cb645344: start FollowerState
2019-10-16 11:36:00,735 [Thread-2621] INFO  impl.FollowerState (FollowerState.java:run(117)) - 4281bf39-36db-462c-8bc9-3c86cb645344@group-B3673A53AB6F-FollowerState was interrupted: java.lang.InterruptedException: sleep interrupted
2019-10-16 11:36:00,741 [1ee6da7b-5867-4bad-ba0d-a2cfd13fd72a@group-B3673A53AB6F-LeaderElection327] INFO  impl.LeaderElection (LeaderElection.java:logAndReturn(56)) - 1ee6da7b-5867-4bad-ba0d-a2cfd13fd72a@group-B3673A53AB6F-LeaderElection327: Election REJECTED; received 2 response(s) [1ee6da7b-5867-4bad-ba0d-a2cfd13fd72a<-f94c755f-9f95-40b5-85b9-5e712f3f34e7#0:FAIL-t179, 1ee6da7b-5867-4bad-ba0d-a2cfd13fd72a<-4281bf39-36db-462c-8bc9-3c86cb645344#0:FAIL-t179] and 0 exception(s); 1ee6da7b-5867-4bad-ba0d-a2cfd13fd72a@group-B3673A53AB6F:t179, leader=null, voted=1ee6da7b-5867-4bad-ba0d-a2cfd13fd72a, raftlog=1ee6da7b-5867-4bad-ba0d-a2cfd13fd72a@group-B3673A53AB6F-SegmentedRaftLog:OPENED:c-1,f-1,i0, conf=-1: [f94c755f-9f95-40b5-85b9-5e712f3f34e7:192.168.157.203:45275, 1ee6da7b-5867-4bad-ba0d-a2cfd13fd72a:192.168.157.203:35892, 4281bf39-36db-462c-8bc9-3c86cb645344:192.168.157.203:42381], old=null
2019-10-16 11:36:00,741 [1ee6da7b-5867-4bad-ba0d-a2cfd13fd72a@group-B3673A53AB6F-LeaderElection327] INFO  impl.RaftServerImpl (RaftServerImpl.java:setRole(184)) - 1ee6da7b-5867-4bad-ba0d-a2cfd13fd72a@group-B3673A53AB6F: changes role from CANDIDATE to FOLLOWER at term 179 for DISCOVERED_A_NEW_TERM
2019-10-16 11:36:00,741 [1ee6da7b-5867-4bad-ba0d-a2cfd13fd72a@group-B3673A53AB6F-LeaderElection327] INFO  impl.RoleInfo (RoleInfo.java:shutdownLeaderElection(134)) - 1ee6da7b-5867-4bad-ba0d-a2cfd13fd72a: shutdown LeaderElection
2019-10-16 11:36:00,742 [1ee6da7b-5867-4bad-ba0d-a2cfd13fd72a@group-B3673A53AB6F-LeaderElection327] INFO  impl.RoleInfo (RoleInfo.java:updateAndGet(143)) - 1ee6da7b-5867-4bad-ba0d-a2cfd13fd72a: start FollowerState
2019-10-16 11:36:00,743 [Thread-2632] INFO  impl.FollowerState (FollowerState.java:run(108)) - a3132885-145f-4a8c-85f4-c10eb874732d@group-2077DD483DC7-FollowerState: change to CANDIDATE, lastRpcTime:41ms, electionTimeout:41ms
2019-10-16 11:36:00,744 [Thread-2632] INFO  impl.RoleInfo (RoleInfo.java:shutdownFollowerState(121)) - a3132885-145f-4a8c-85f4-c10eb874732d: shutdown FollowerState
2019-10-16 11:36:00,744 [Thread-2632] INFO  impl.RaftServerImpl (RaftServerImpl.java:setRole(184)) - a3132885-145f-4a8c-85f4-c10eb874732d@group-2077DD483DC7: changes role from  FOLLOWER to CANDIDATE at term 168 for changeToCandidate
2019-10-16 11:36:00,744 [Thread-2632] INFO  impl.RoleInfo (RoleInfo.java:updateAndGet(143)) - a3132885-145f-4a8c-85f4-c10eb874732d: start LeaderElection
2019-10-16 11:36:00,759 [a3132885-145f-4a8c-85f4-c10eb874732d@group-2077DD483DC7-LeaderElection328] INFO  impl.LeaderElection (LeaderElection.java:askForVotes(178)) - a3132885-145f-4a8c-85f4-c10eb874732d@group-2077DD483DC7-LeaderElection328: begin an election at term 169 for -1: [163587bb-2c3b-4498-b576-18147cf38274:192.168.157.203:33208, a3132885-145f-4a8c-85f4-c10eb874732d:192.168.157.203:46766, 70b633f6-b230-4b9f-87f3-510da88f1e08:192.168.157.203:43163], old=null
2019-10-16 11:36:00,761 [grpc-default-executor-6] INFO  impl.RaftServerImpl (RaftServerImpl.java:setRole(184)) - 163587bb-2c3b-4498-b576-18147cf38274@group-2077DD483DC7: changes role from  FOLLOWER to FOLLOWER at term 169 for recognizeCandidate:a3132885-145f-4a8c-85f4-c10eb874732d
2019-10-16 11:36:00,761 [grpc-default-executor-6] INFO  impl.RoleInfo (RoleInfo.java:shutdownFollowerState(121)) - 163587bb-2c3b-4498-b576-18147cf38274: shutdown FollowerState
2019-10-16 11:36:00,761 [grpc-default-executor-6] INFO  impl.RoleInfo (RoleInfo.java:updateAndGet(143)) - 163587bb-2c3b-4498-b576-18147cf38274: start FollowerState
2019-10-16 11:36:00,761 [Thread-2631] INFO  impl.FollowerState (FollowerState.java:run(117)) - 163587bb-2c3b-4498-b576-18147cf38274@group-2077DD483DC7-FollowerState was interrupted: java.lang.InterruptedException: sleep interrupted
2019-10-16 11:36:00,761 [grpc-default-executor-4] INFO  impl.RaftServerImpl (RaftServerImpl.java:setRole(184)) - 70b633f6-b230-4b9f-87f3-510da88f1e08@group-2077DD483DC7: changes role from  FOLLOWER to FOLLOWER at term 169 for recognizeCandidate:a3132885-145f-4a8c-85f4-c10eb874732d
2019-10-16 11:36:00,762 [grpc-default-executor-4] INFO  impl.RoleInfo (RoleInfo.java:shutdownFollowerState(121)) - 70b633f6-b230-4b9f-87f3-510da88f1e08: shutdown FollowerState
2019-10-16 11:36:00,762 [grpc-default-executor-4] INFO  impl.RoleInfo (RoleInfo.java:updateAndGet(143)) - 70b633f6-b230-4b9f-87f3-510da88f1e08: start FollowerState
2019-10-16 11:36:00,762 [Thread-2630] INFO  impl.FollowerState (FollowerState.java:run(117)) - 70b633f6-b230-4b9f-87f3-510da88f1e08@group-2077DD483DC7-FollowerState was interrupted: java.lang.InterruptedException: sleep interrupted
2019-10-16 11:36:00,771 [a3132885-145f-4a8c-85f4-c10eb874732d@group-2077DD483DC7-LeaderElection328] INFO  impl.LeaderElection (LeaderElection.java:logAndReturn(56)) - a3132885-145f-4a8c-85f4-c10eb874732d@group-2077DD483DC7-LeaderElection328: Election REJECTED; received 2 response(s) [a3132885-145f-4a8c-85f4-c10eb874732d<-163587bb-2c3b-4498-b576-18147cf38274#0:FAIL-t169, a3132885-145f-4a8c-85f4-c10eb874732d<-70b633f6-b230-4b9f-87f3-510da88f1e08#0:FAIL-t169] and 0 exception(s); a3132885-145f-4a8c-85f4-c10eb874732d@group-2077DD483DC7:t169, leader=null, voted=a3132885-145f-4a8c-85f4-c10eb874732d, raftlog=a3132885-145f-4a8c-85f4-c10eb874732d@group-2077DD483DC7-SegmentedRaftLog:OPENED:c-1,f-1,i0, conf=-1: [163587bb-2c3b-4498-b576-18147cf38274:192.168.157.203:33208, a3132885-145f-4a8c-85f4-c10eb874732d:192.168.157.203:46766, 70b633f6-b230-4b9f-87f3-510da88f1e08:192.168.157.203:43163], old=null
2019-10-16 11:36:00,771 [a3132885-145f-4a8c-85f4-c10eb874732d@group-2077DD483DC7-LeaderElection328] INFO  impl.RaftServerImpl (RaftServerImpl.java:setRole(184)) - a3132885-145f-4a8c-85f4-c10eb874732d@group-2077DD483DC7: changes role from CANDIDATE to FOLLOWER at term 169 for DISCOVERED_A_NEW_TERM
2019-10-16 11:36:00,771 [a3132885-145f-4a8c-85f4-c10eb874732d@group-2077DD483DC7-LeaderElection328] INFO  impl.RoleInfo (RoleInfo.java:shutdownLeaderElection(134)) - a3132885-145f-4a8c-85f4-c10eb874732d: shutdown LeaderElection
2019-10-16 11:36:00,771 [a3132885-145f-4a8c-85f4-c10eb874732d@group-2077DD483DC7-LeaderElection328] INFO  impl.RoleInfo (RoleInfo.java:updateAndGet(143)) - a3132885-145f-4a8c-85f4-c10eb874732d: start FollowerState
2019-10-16 11:36:00,856 [Thread-2638] INFO  impl.FollowerState (FollowerState.java:run(108)) - 1ee6da7b-5867-4bad-ba0d-a2cfd13fd72a@group-B3673A53AB6F-FollowerState: change to CANDIDATE, lastRpcTime:114ms, electionTimeout:114ms
2019-10-16 11:36:00,856 [Thread-2638] INFO  impl.RoleInfo (RoleInfo.java:shutdownFollowerState(121)) - 1ee6da7b-5867-4bad-ba0d-a2cfd13fd72a: shutdown FollowerState
2019-10-16 11:36:00,856 [Thread-2638] INFO  impl.RaftServerImpl (RaftServerImpl.java:setRole(184)) - 1ee6da7b-5867-4bad-ba0d-a2cfd13fd72a@group-B3673A53AB6F: changes role from  FOLLOWER to CANDIDATE at term 179 for changeToCandidate
2019-10-16 11:36:00,856 [Thread-2638] INFO  impl.RoleInfo (RoleInfo.java:updateAndGet(143)) - 1ee6da7b-5867-4bad-ba0d-a2cfd13fd72a: start LeaderElection
2019-10-16 11:36:00,865 [1ee6da7b-5867-4bad-ba0d-a2cfd13fd72a@group-B3673A53AB6F-LeaderElection329] INFO  impl.LeaderElection (LeaderElection.java:askForVotes(178)) - 1ee6da7b-5867-4bad-ba0d-a2cfd13fd72a@group-B3673A53AB6F-LeaderElection329: begin an election at term 180 for -1: [f94c755f-9f95-40b5-85b9-5e712f3f34e7:192.168.157.203:45275, 1ee6da7b-5867-4bad-ba0d-a2cfd13fd72a:192.168.157.203:35892, 4281bf39-36db-462c-8bc9-3c86cb645344:192.168.157.203:42381], old=null
2019-10-16 11:36:00,867 [grpc-default-executor-6] INFO  impl.RaftServerImpl (RaftServerImpl.java:setRole(184)) - f94c755f-9f95-40b5-85b9-5e712f3f34e7@group-B3673A53AB6F: changes role from  FOLLOWER to FOLLOWER at term 180 for recognizeCandidate:1ee6da7b-5867-4bad-ba0d-a2cfd13fd72a
2019-10-16 11:36:00,867 [grpc-default-executor-6] INFO  impl.RoleInfo (RoleInfo.java:shutdownFollowerState(121)) - f94c755f-9f95-40b5-85b9-5e712f3f34e7: shutdown FollowerState
2019-10-16 11:36:00,867 [grpc-default-executor-4] INFO  impl.RaftServerImpl (RaftServerImpl.java:setRole(184)) - 4281bf39-36db-462c-8bc9-3c86cb645344@group-B3673A53AB6F: changes role from  FOLLOWER to FOLLOWER at term 180 for recognizeCandidate:1ee6da7b-5867-4bad-ba0d-a2cfd13fd72a
2019-10-16 11:36:00,867 [Thread-2636] INFO  impl.FollowerState (FollowerState.java:run(117)) - f94c755f-9f95-40b5-85b9-5e712f3f34e7@group-B3673A53AB6F-FollowerState was interrupted: java.lang.InterruptedException: sleep interrupted
2019-10-16 11:36:00,867 [grpc-default-executor-6] INFO  impl.RoleInfo (RoleInfo.java:updateAndGet(143)) - f94c755f-9f95-40b5-85b9-5e712f3f34e7: start FollowerState
2019-10-16 11:36:00,867 [grpc-default-executor-4] INFO  impl.RoleInfo (RoleInfo.java:shutdownFollowerState(121)) - 4281bf39-36db-462c-8bc9-3c86cb645344: shutdown FollowerState
2019-10-16 11:36:00,868 [grpc-default-executor-4] INFO  impl.RoleInfo (RoleInfo.java:updateAndGet(143)) - 4281bf39-36db-462c-8bc9-3c86cb645344: start FollowerState
2019-10-16 11:36:00,868 [Thread-2637] INFO  impl.FollowerState (FollowerState.java:run(117)) - 4281bf39-36db-462c-8bc9-3c86cb645344@group-B3673A53AB6F-FollowerState was interrupted: java.lang.InterruptedException: sleep interrupted
2019-10-16 11:36:00,875 [1ee6da7b-5867-4bad-ba0d-a2cfd13fd72a@group-B3673A53AB6F-LeaderElection329] INFO  impl.LeaderElection (LeaderElection.java:logAndReturn(56)) - 1ee6da7b-5867-4bad-ba0d-a2cfd13fd72a@group-B3673A53AB6F-LeaderElection329: Election REJECTED; received 2 response(s) [1ee6da7b-5867-4bad-ba0d-a2cfd13fd72a<-f94c755f-9f95-40b5-85b9-5e712f3f34e7#0:FAIL-t180, 1ee6da7b-5867-4bad-ba0d-a2cfd13fd72a<-4281bf39-36db-462c-8bc9-3c86cb645344#0:FAIL-t180] and 0 exception(s); 1ee6da7b-5867-4bad-ba0d-a2cfd13fd72a@group-B3673A53AB6F:t180, leader=null, voted=1ee6da7b-5867-4bad-ba0d-a2cfd13fd72a, raftlog=1ee6da7b-5867-4bad-ba0d-a2cfd13fd72a@group-B3673A53AB6F-SegmentedRaftLog:OPENED:c-1,f-1,i0, conf=-1: [f94c755f-9f95-40b5-85b9-5e712f3f34e7:192.168.157.203:45275, 1ee6da7b-5867-4bad-ba0d-a2cfd13fd72a:192.168.157.203:35892, 4281bf39-36db-462c-8bc9-3c86cb645344:192.168.157.203:42381], old=null
2019-10-16 11:36:00,875 [1ee6da7b-5867-4bad-ba0d-a2cfd13fd72a@group-B3673A53AB6F-LeaderElection329] INFO  impl.RaftServerImpl (RaftServerImpl.java:setRole(184)) - 1ee6da7b-5867-4bad-ba0d-a2cfd13fd72a@group-B3673A53AB6F: changes role from CANDIDATE to FOLLOWER at term 180 for DISCOVERED_A_NEW_TERM
2019-10-16 11:36:00,875 [1ee6da7b-5867-4bad-ba0d-a2cfd13fd72a@group-B3673A53AB6F-LeaderElection329] INFO  impl.RoleInfo (RoleInfo.java:shutdownLeaderElection(134)) - 1ee6da7b-5867-4bad-ba0d-a2cfd13fd72a: shutdown LeaderElection
2019-10-16 11:36:00,875 [1ee6da7b-5867-4bad-ba0d-a2cfd13fd72a@group-B3673A53AB6F-LeaderElection329] INFO  impl.RoleInfo (RoleInfo.java:updateAndGet(143)) - 1ee6da7b-5867-4bad-ba0d-a2cfd13fd72a: start FollowerState
2019-10-16 11:36:00,969 [Thread-2644] INFO  impl.FollowerState (FollowerState.java:run(108)) - a3132885-145f-4a8c-85f4-c10eb874732d@group-2077DD483DC7-FollowerState: change to CANDIDATE, lastRpcTime:197ms, electionTimeout:197ms
2019-10-16 11:36:00,969 [Thread-2644] INFO  impl.RoleInfo (RoleInfo.java:shutdownFollowerState(121)) - a3132885-145f-4a8c-85f4-c10eb874732d: shutdown FollowerState
2019-10-16 11:36:00,969 [Thread-2644] INFO  impl.RaftServerImpl (RaftServerImpl.java:setRole(184)) - a3132885-145f-4a8c-85f4-c10eb874732d@group-2077DD483DC7: changes role from  FOLLOWER to CANDIDATE at term 169 for changeToCandidate
2019-10-16 11:36:00,969 [Thread-2644] INFO  impl.RoleInfo (RoleInfo.java:updateAndGet(143)) - a3132885-145f-4a8c-85f4-c10eb874732d: start LeaderElection
2019-10-16 11:36:00,983 [a3132885-145f-4a8c-85f4-c10eb874732d@group-2077DD483DC7-LeaderElection330] INFO  impl.LeaderElection (LeaderElection.java:askForVotes(178)) - a3132885-145f-4a8c-85f4-c10eb874732d@group-2077DD483DC7-LeaderElection330: begin an election at term 170 for -1: [163587bb-2c3b-4498-b576-18147cf38274:192.168.157.203:33208, a3132885-145f-4a8c-85f4-c10eb874732d:192.168.157.203:46766, 70b633f6-b230-4b9f-87f3-510da88f1e08:192.168.157.203:43163], old=null
2019-10-16 11:36:00,985 [grpc-default-executor-4] INFO  impl.RaftServerImpl (RaftServerImpl.java:setRole(184)) - 163587bb-2c3b-4498-b576-18147cf38274@group-2077DD483DC7: changes role from  FOLLOWER to FOLLOWER at term 170 for recognizeCandidate:a3132885-145f-4a8c-85f4-c10eb874732d
2019-10-16 11:36:00,985 [grpc-default-executor-6] INFO  impl.RaftServerImpl (RaftServerImpl.java:setRole(184)) - 70b633f6-b230-4b9f-87f3-510da88f1e08@group-2077DD483DC7: changes role from  FOLLOWER to FOLLOWER at term 170 for recognizeCandidate:a3132885-145f-4a8c-85f4-c10eb874732d
2019-10-16 11:36:00,986 [grpc-default-executor-6] INFO  impl.RoleInfo (RoleInfo.java:shutdownFollowerState(121)) - 70b633f6-b230-4b9f-87f3-510da88f1e08: shutdown FollowerState
2019-10-16 11:36:00,985 [grpc-default-executor-4] INFO  impl.RoleInfo (RoleInfo.java:shutdownFollowerState(121)) - 163587bb-2c3b-4498-b576-18147cf38274: shutdown FollowerState
2019-10-16 11:36:00,986 [Thread-2643] INFO  impl.FollowerState (FollowerState.java:run(117)) - 70b633f6-b230-4b9f-87f3-510da88f1e08@group-2077DD483DC7-FollowerState was interrupted: java.lang.InterruptedException: sleep interrupted
2019-10-16 11:36:00,986 [grpc-default-executor-6] INFO  impl.RoleInfo (RoleInfo.java:updateAndGet(143)) - 70b633f6-b230-4b9f-87f3-510da88f1e08: start FollowerState
2019-10-16 11:36:00,986 [Thread-2642] INFO  impl.FollowerState (FollowerState.java:run(117)) - 163587bb-2c3b-4498-b576-18147cf38274@group-2077DD483DC7-FollowerState was interrupted: java.lang.InterruptedException: sleep interrupted
2019-10-16 11:36:00,986 [grpc-default-executor-4] INFO  impl.RoleInfo (RoleInfo.java:updateAndGet(143)) - 163587bb-2c3b-4498-b576-18147cf38274: start FollowerState
2019-10-16 11:36:00,996 [a3132885-145f-4a8c-85f4-c10eb874732d@group-2077DD483DC7-LeaderElection330] INFO  impl.LeaderElection (LeaderElection.java:logAndReturn(56)) - a3132885-145f-4a8c-85f4-c10eb874732d@group-2077DD483DC7-LeaderElection330: Election REJECTED; received 2 response(s) [a3132885-145f-4a8c-85f4-c10eb874732d<-163587bb-2c3b-4498-b576-18147cf38274#0:FAIL-t170, a3132885-145f-4a8c-85f4-c10eb874732d<-70b633f6-b230-4b9f-87f3-510da88f1e08#0:FAIL-t170] and 0 exception(s); a3132885-145f-4a8c-85f4-c10eb874732d@group-2077DD483DC7:t170, leader=null, voted=a3132885-145f-4a8c-85f4-c10eb874732d, raftlog=a3132885-145f-4a8c-85f4-c10eb874732d@group-2077DD483DC7-SegmentedRaftLog:OPENED:c-1,f-1,i0, conf=-1: [163587bb-2c3b-4498-b576-18147cf38274:192.168.157.203:33208, a3132885-145f-4a8c-85f4-c10eb874732d:192.168.157.203:46766, 70b633f6-b230-4b9f-87f3-510da88f1e08:192.168.157.203:43163], old=null
2019-10-16 11:36:00,996 [a3132885-145f-4a8c-85f4-c10eb874732d@group-2077DD483DC7-LeaderElection330] INFO  impl.RaftServerImpl (RaftServerImpl.java:setRole(184)) - a3132885-145f-4a8c-85f4-c10eb874732d@group-2077DD483DC7: changes role from CANDIDATE to FOLLOWER at term 170 for DISCOVERED_A_NEW_TERM
2019-10-16 11:36:00,997 [a3132885-145f-4a8c-85f4-c10eb874732d@group-2077DD483DC7-LeaderElection330] INFO  impl.RoleInfo (RoleInfo.java:shutdownLeaderElection(134)) - a3132885-145f-4a8c-85f4-c10eb874732d: shutdown LeaderElection
2019-10-16 11:36:00,997 [a3132885-145f-4a8c-85f4-c10eb874732d@group-2077DD483DC7-LeaderElection330] INFO  impl.RoleInfo (RoleInfo.java:updateAndGet(143)) - a3132885-145f-4a8c-85f4-c10eb874732d: start FollowerState
2019-10-16 11:36:01,006 [Thread-2658] INFO  impl.FollowerState (FollowerState.java:run(108)) - a3132885-145f-4a8c-85f4-c10eb874732d@group-2077DD483DC7-FollowerState: change to CANDIDATE, lastRpcTime:9ms, electionTimeout:9ms
2019-10-16 11:36:01,006 [Thread-2658] INFO  impl.RoleInfo (RoleInfo.java:shutdownFollowerState(121)) - a3132885-145f-4a8c-85f4-c10eb874732d: shutdown FollowerState
2019-10-16 11:36:01,006 [Thread-2658] INFO  impl.RaftServerImpl (RaftServerImpl.java:setRole(184)) - a3132885-145f-4a8c-85f4-c10eb874732d@group-2077DD483DC7: changes role from  FOLLOWER to CANDIDATE at term 170 for changeToCandidate
2019-10-16 11:36:01,006 [Thread-2658] INFO  impl.RoleInfo (RoleInfo.java:updateAndGet(143)) - a3132885-145f-4a8c-85f4-c10eb874732d: start LeaderElection
2019-10-16 11:36:01,033 [a3132885-145f-4a8c-85f4-c10eb874732d@group-2077DD483DC7-LeaderElection331] INFO  impl.LeaderElection (LeaderElection.java:askForVotes(178)) - a3132885-145f-4a8c-85f4-c10eb874732d@group-2077DD483DC7-LeaderElection331: begin an election at term 171 for -1: [163587bb-2c3b-4498-b576-18147cf38274:192.168.157.203:33208, a3132885-145f-4a8c-85f4-c10eb874732d:192.168.157.203:46766, 70b633f6-b230-4b9f-87f3-510da88f1e08:192.168.157.203:43163], old=null
2019-10-16 11:36:01,035 [grpc-default-executor-6] INFO  impl.RaftServerImpl (RaftServerImpl.java:setRole(184)) - 163587bb-2c3b-4498-b576-18147cf38274@group-2077DD483DC7: changes role from  FOLLOWER to FOLLOWER at term 171 for recognizeCandidate:a3132885-145f-4a8c-85f4-c10eb874732d
2019-10-16 11:36:01,035 [grpc-default-executor-6] INFO  impl.RoleInfo (RoleInfo.java:shutdownFollowerState(121)) - 163587bb-2c3b-4498-b576-18147cf38274: shutdown FollowerState
2019-10-16 11:36:01,035 [grpc-default-executor-6] INFO  impl.RoleInfo (RoleInfo.java:updateAndGet(143)) - 163587bb-2c3b-4498-b576-18147cf38274: start FollowerState
2019-10-16 11:36:01,035 [grpc-default-executor-4] INFO  impl.RaftServerImpl (RaftServerImpl.java:setRole(184)) - 70b633f6-b230-4b9f-87f3-510da88f1e08@group-2077DD483DC7: changes role from  FOLLOWER to FOLLOWER at term 171 for recognizeCandidate:a3132885-145f-4a8c-85f4-c10eb874732d
2019-10-16 11:36:01,035 [Thread-2657] INFO  impl.FollowerState (FollowerState.java:run(117)) - 163587bb-2c3b-4498-b576-18147cf38274@group-2077DD483DC7-FollowerState was interrupted: java.lang.InterruptedException: sleep interrupted
2019-10-16 11:36:01,035 [grpc-default-executor-4] INFO  impl.RoleInfo (RoleInfo.java:shutdownFollowerState(121)) - 70b633f6-b230-4b9f-87f3-510da88f1e08: shutdown FollowerState
2019-10-16 11:36:01,036 [grpc-default-executor-4] INFO  impl.RoleInfo (RoleInfo.java:updateAndGet(143)) - 70b633f6-b230-4b9f-87f3-510da88f1e08: start FollowerState
2019-10-16 11:36:01,036 [Thread-2656] INFO  impl.FollowerState (FollowerState.java:run(117)) - 70b633f6-b230-4b9f-87f3-510da88f1e08@group-2077DD483DC7-FollowerState was interrupted: java.lang.InterruptedException: sleep interrupted
2019-10-16 11:36:01,047 [a3132885-145f-4a8c-85f4-c10eb874732d@group-2077DD483DC7-LeaderElection331] INFO  impl.LeaderElection (LeaderElection.java:logAndReturn(56)) - a3132885-145f-4a8c-85f4-c10eb874732d@group-2077DD483DC7-LeaderElection331: Election REJECTED; received 2 response(s) [a3132885-145f-4a8c-85f4-c10eb874732d<-163587bb-2c3b-4498-b576-18147cf38274#0:FAIL-t171, a3132885-145f-4a8c-85f4-c10eb874732d<-70b633f6-b230-4b9f-87f3-510da88f1e08#0:FAIL-t171] and 0 exception(s); a3132885-145f-4a8c-85f4-c10eb874732d@group-2077DD483DC7:t171, leader=null, voted=a3132885-145f-4a8c-85f4-c10eb874732d, raftlog=a3132885-145f-4a8c-85f4-c10eb874732d@group-2077DD483DC7-SegmentedRaftLog:OPENED:c-1,f-1,i0, conf=-1: [163587bb-2c3b-4498-b576-18147cf38274:192.168.157.203:33208, a3132885-145f-4a8c-85f4-c10eb874732d:192.168.157.203:46766, 70b633f6-b230-4b9f-87f3-510da88f1e08:192.168.157.203:43163], old=null
2019-10-16 11:36:01,047 [a3132885-145f-4a8c-85f4-c10eb874732d@group-2077DD483DC7-LeaderElection331] INFO  impl.RaftServerImpl (RaftServerImpl.java:setRole(184)) - a3132885-145f-4a8c-85f4-c10eb874732d@group-2077DD483DC7: changes role from CANDIDATE to FOLLOWER at term 171 for DISCOVERED_A_NEW_TERM
2019-10-16 11:36:01,047 [a3132885-145f-4a8c-85f4-c10eb874732d@group-2077DD483DC7-LeaderElection331] INFO  impl.RoleInfo (RoleInfo.java:shutdownLeaderElection(134)) - a3132885-145f-4a8c-85f4-c10eb874732d: shutdown LeaderElection
2019-10-16 11:36:01,047 [a3132885-145f-4a8c-85f4-c10eb874732d@group-2077DD483DC7-LeaderElection331] INFO  impl.RoleInfo (RoleInfo.java:updateAndGet(143)) - a3132885-145f-4a8c-85f4-c10eb874732d: start FollowerState
2019-10-16 11:36:01,075 [Thread-2650] INFO  impl.FollowerState (FollowerState.java:run(108)) - 1ee6da7b-5867-4bad-ba0d-a2cfd13fd72a@group-B3673A53AB6F-FollowerState: change to CANDIDATE, lastRpcTime:199ms, electionTimeout:199ms
2019-10-16 11:36:01,075 [Thread-2650] INFO  impl.RoleInfo (RoleInfo.java:shutdownFollowerState(121)) - 1ee6da7b-5867-4bad-ba0d-a2cfd13fd72a: shutdown FollowerState
2019-10-16 11:36:01,075 [Thread-2650] INFO  impl.RaftServerImpl (RaftServerImpl.java:setRole(184)) - 1ee6da7b-5867-4bad-ba0d-a2cfd13fd72a@group-B3673A53AB6F: changes role from  FOLLOWER to CANDIDATE at term 180 for changeToCandidate
2019-10-16 11:36:01,075 [Thread-2650] INFO  impl.RoleInfo (RoleInfo.java:updateAndGet(143)) - 1ee6da7b-5867-4bad-ba0d-a2cfd13fd72a: start LeaderElection
2019-10-16 11:36:01,083 [1ee6da7b-5867-4bad-ba0d-a2cfd13fd72a@group-B3673A53AB6F-LeaderElection332] INFO  impl.LeaderElection (LeaderElection.java:askForVotes(178)) - 1ee6da7b-5867-4bad-ba0d-a2cfd13fd72a@group-B3673A53AB6F-LeaderElection332: begin an election at term 181 for -1: [f94c755f-9f95-40b5-85b9-5e712f3f34e7:192.168.157.203:45275, 1ee6da7b-5867-4bad-ba0d-a2cfd13fd72a:192.168.157.203:35892, 4281bf39-36db-462c-8bc9-3c86cb645344:192.168.157.203:42381], old=null
2019-10-16 11:36:01,085 [grpc-default-executor-4] INFO  impl.RaftServerImpl (RaftServerImpl.java:setRole(184)) - f94c755f-9f95-40b5-85b9-5e712f3f34e7@group-B3673A53AB6F: changes role from  FOLLOWER to FOLLOWER at term 181 for recognizeCandidate:1ee6da7b-5867-4bad-ba0d-a2cfd13fd72a
2019-10-16 11:36:01,085 [grpc-default-executor-6] INFO  impl.RaftServerImpl (RaftServerImpl.java:setRole(184)) - 4281bf39-36db-462c-8bc9-3c86cb645344@group-B3673A53AB6F: changes role from  FOLLOWER to FOLLOWER at term 181 for recognizeCandidate:1ee6da7b-5867-4bad-ba0d-a2cfd13fd72a
2019-10-16 11:36:01,085 [grpc-default-executor-4] INFO  impl.RoleInfo (RoleInfo.java:shutdownFollowerState(121)) - f94c755f-9f95-40b5-85b9-5e712f3f34e7: shutdown FollowerState
2019-10-16 11:36:01,085 [grpc-default-executor-6] INFO  impl.RoleInfo (RoleInfo.java:shutdownFollowerState(121)) - 4281bf39-36db-462c-8bc9-3c86cb645344: shutdown FollowerState
2019-10-16 11:36:01,085 [Thread-2648] INFO  impl.FollowerState (FollowerState.java:run(117)) - f94c755f-9f95-40b5-85b9-5e712f3f34e7@group-B3673A53AB6F-FollowerState was interrupted: java.lang.InterruptedException: sleep interrupted
2019-10-16 11:36:01,085 [grpc-default-executor-4] INFO  impl.RoleInfo (RoleInfo.java:updateAndGet(143)) - f94c755f-9f95-40b5-85b9-5e712f3f34e7: start FollowerState
2019-10-16 11:36:01,085 [Thread-2649] INFO  impl.FollowerState (FollowerState.java:run(117)) - 4281bf39-36db-462c-8bc9-3c86cb645344@group-B3673A53AB6F-FollowerState was interrupted: java.lang.InterruptedException: sleep interrupted
2019-10-16 11:36:01,085 [grpc-default-executor-6] INFO  impl.RoleInfo (RoleInfo.java:updateAndGet(143)) - 4281bf39-36db-462c-8bc9-3c86cb645344: start FollowerState
2019-10-16 11:36:01,092 [1ee6da7b-5867-4bad-ba0d-a2cfd13fd72a@group-B3673A53AB6F-LeaderElection332] INFO  impl.LeaderElection (LeaderElection.java:logAndReturn(56)) - 1ee6da7b-5867-4bad-ba0d-a2cfd13fd72a@group-B3673A53AB6F-LeaderElection332: Election REJECTED; received 2 response(s) [1ee6da7b-5867-4bad-ba0d-a2cfd13fd72a<-f94c755f-9f95-40b5-85b9-5e712f3f34e7#0:FAIL-t181, 1ee6da7b-5867-4bad-ba0d-a2cfd13fd72a<-4281bf39-36db-462c-8bc9-3c86cb645344#0:FAIL-t181] and 0 exception(s); 1ee6da7b-5867-4bad-ba0d-a2cfd13fd72a@group-B3673A53AB6F:t181, leader=null, voted=1ee6da7b-5867-4bad-ba0d-a2cfd13fd72a, raftlog=1ee6da7b-5867-4bad-ba0d-a2cfd13fd72a@group-B3673A53AB6F-SegmentedRaftLog:OPENED:c-1,f-1,i0, conf=-1: [f94c755f-9f95-40b5-85b9-5e712f3f34e7:192.168.157.203:45275, 1ee6da7b-5867-4bad-ba0d-a2cfd13fd72a:192.168.157.203:35892, 4281bf39-36db-462c-8bc9-3c86cb645344:192.168.157.203:42381], old=null
2019-10-16 11:36:01,093 [1ee6da7b-5867-4bad-ba0d-a2cfd13fd72a@group-B3673A53AB6F-LeaderElection332] INFO  impl.RaftServerImpl (RaftServerImpl.java:setRole(184)) - 1ee6da7b-5867-4bad-ba0d-a2cfd13fd72a@group-B3673A53AB6F: changes role from CANDIDATE to FOLLOWER at term 181 for DISCOVERED_A_NEW_TERM
2019-10-16 11:36:01,093 [1ee6da7b-5867-4bad-ba0d-a2cfd13fd72a@group-B3673A53AB6F-LeaderElection332] INFO  impl.RoleInfo (RoleInfo.java:shutdownLeaderElection(134)) - 1ee6da7b-5867-4bad-ba0d-a2cfd13fd72a: shutdown LeaderElection
2019-10-16 11:36:01,093 [1ee6da7b-5867-4bad-ba0d-a2cfd13fd72a@group-B3673A53AB6F-LeaderElection332] INFO  impl.RoleInfo (RoleInfo.java:updateAndGet(143)) - 1ee6da7b-5867-4bad-ba0d-a2cfd13fd72a: start FollowerState
2019-10-16 11:36:01,117 [Thread-2664] INFO  impl.FollowerState (FollowerState.java:run(108)) - a3132885-145f-4a8c-85f4-c10eb874732d@group-2077DD483DC7-FollowerState: change to CANDIDATE, lastRpcTime:69ms, electionTimeout:69ms
2019-10-16 11:36:01,117 [Thread-2664] INFO  impl.RoleInfo (RoleInfo.java:shutdownFollowerState(121)) - a3132885-145f-4a8c-85f4-c10eb874732d: shutdown FollowerState
2019-10-16 11:36:01,117 [Thread-2664] INFO  impl.RaftServerImpl (RaftServerImpl.java:setRole(184)) - a3132885-145f-4a8c-85f4-c10eb874732d@group-2077DD483DC7: changes role from  FOLLOWER to CANDIDATE at term 171 for changeToCandidate
2019-10-16 11:36:01,117 [Thread-2664] INFO  impl.RoleInfo (RoleInfo.java:updateAndGet(143)) - a3132885-145f-4a8c-85f4-c10eb874732d: start LeaderElection
2019-10-16 11:36:01,126 [a3132885-145f-4a8c-85f4-c10eb874732d@group-2077DD483DC7-LeaderElection333] INFO  impl.LeaderElection (LeaderElection.java:askForVotes(178)) - a3132885-145f-4a8c-85f4-c10eb874732d@group-2077DD483DC7-LeaderElection333: begin an election at term 172 for -1: [163587bb-2c3b-4498-b576-18147cf38274:192.168.157.203:33208, a3132885-145f-4a8c-85f4-c10eb874732d:192.168.157.203:46766, 70b633f6-b230-4b9f-87f3-510da88f1e08:192.168.157.203:43163], old=null
2019-10-16 11:36:01,127 [grpc-default-executor-4] INFO  impl.RaftServerImpl (RaftServerImpl.java:setRole(184)) - 163587bb-2c3b-4498-b576-18147cf38274@group-2077DD483DC7: changes role from  FOLLOWER to FOLLOWER at term 172 for recognizeCandidate:a3132885-145f-4a8c-85f4-c10eb874732d
2019-10-16 11:36:01,128 [grpc-default-executor-4] INFO  impl.RoleInfo (RoleInfo.java:shutdownFollowerState(121)) - 163587bb-2c3b-4498-b576-18147cf38274: shutdown FollowerState
2019-10-16 11:36:01,128 [grpc-default-executor-6] INFO  impl.RaftServerImpl (RaftServerImpl.java:setRole(184)) - 70b633f6-b230-4b9f-87f3-510da88f1e08@group-2077DD483DC7: changes role from  FOLLOWER to FOLLOWER at term 172 for recognizeCandidate:a3132885-145f-4a8c-85f4-c10eb874732d
2019-10-16 11:36:01,128 [Thread-2662] INFO  impl.FollowerState (FollowerState.java:run(117)) - 163587bb-2c3b-4498-b576-18147cf38274@group-2077DD483DC7-FollowerState was interrupted: java.lang.InterruptedException: sleep interrupted
2019-10-16 11:36:01,128 [grpc-default-executor-4] INFO  impl.RoleInfo (RoleInfo.java:updateAndGet(143)) - 163587bb-2c3b-4498-b576-18147cf38274: start FollowerState
2019-10-16 11:36:01,128 [grpc-default-executor-6] INFO  impl.RoleInfo (RoleInfo.java:shutdownFollowerState(121)) - 70b633f6-b230-4b9f-87f3-510da88f1e08: shutdown FollowerState
2019-10-16 11:36:01,128 [grpc-default-executor-6] INFO  impl.RoleInfo (RoleInfo.java:updateAndGet(143)) - 70b633f6-b230-4b9f-87f3-510da88f1e08: start FollowerState
2019-10-16 11:36:01,128 [Thread-2663] INFO  impl.FollowerState (FollowerState.java:run(117)) - 70b633f6-b230-4b9f-87f3-510da88f1e08@group-2077DD483DC7-FollowerState was interrupted: java.lang.InterruptedException: sleep interrupted
2019-10-16 11:36:01,137 [a3132885-145f-4a8c-85f4-c10eb874732d@group-2077DD483DC7-LeaderElection333] INFO  impl.LeaderElection (LeaderElection.java:logAndReturn(56)) - a3132885-145f-4a8c-85f4-c10eb874732d@group-2077DD483DC7-LeaderElection333: Election REJECTED; received 2 response(s) [a3132885-145f-4a8c-85f4-c10eb874732d<-163587bb-2c3b-4498-b576-18147cf38274#0:FAIL-t172, a3132885-145f-4a8c-85f4-c10eb874732d<-70b633f6-b230-4b9f-87f3-510da88f1e08#0:FAIL-t172] and 0 exception(s); a3132885-145f-4a8c-85f4-c10eb874732d@group-2077DD483DC7:t172, leader=null, voted=a3132885-145f-4a8c-85f4-c10eb874732d, raftlog=a3132885-145f-4a8c-85f4-c10eb874732d@group-2077DD483DC7-SegmentedRaftLog:OPENED:c-1,f-1,i0, conf=-1: [163587bb-2c3b-4498-b576-18147cf38274:192.168.157.203:33208, a3132885-145f-4a8c-85f4-c10eb874732d:192.168.157.203:46766, 70b633f6-b230-4b9f-87f3-510da88f1e08:192.168.157.203:43163], old=null
2019-10-16 11:36:01,137 [a3132885-145f-4a8c-85f4-c10eb874732d@group-2077DD483DC7-LeaderElection333] INFO  impl.RaftServerImpl (RaftServerImpl.java:setRole(184)) - a3132885-145f-4a8c-85f4-c10eb874732d@group-2077DD483DC7: changes role from CANDIDATE to FOLLOWER at term 172 for DISCOVERED_A_NEW_TERM
2019-10-16 11:36:01,138 [a3132885-145f-4a8c-85f4-c10eb874732d@group-2077DD483DC7-LeaderElection333] INFO  impl.RoleInfo (RoleInfo.java:shutdownLeaderElection(134)) - a3132885-145f-4a8c-85f4-c10eb874732d: shutdown LeaderElection
2019-10-16 11:36:01,138 [a3132885-145f-4a8c-85f4-c10eb874732d@group-2077DD483DC7-LeaderElection333] INFO  impl.RoleInfo (RoleInfo.java:updateAndGet(143)) - a3132885-145f-4a8c-85f4-c10eb874732d: start FollowerState
2019-10-16 11:36:01,160 [Thread-2676] INFO  impl.FollowerState (FollowerState.java:run(108)) - a3132885-145f-4a8c-85f4-c10eb874732d@group-2077DD483DC7-FollowerState: change to CANDIDATE, lastRpcTime:22ms, electionTimeout:22ms
2019-10-16 11:36:01,160 [Thread-2676] INFO  impl.RoleInfo (RoleInfo.java:shutdownFollowerState(121)) - a3132885-145f-4a8c-85f4-c10eb874732d: shutdown FollowerState
2019-10-16 11:36:01,160 [Thread-2676] INFO  impl.RaftServerImpl (RaftServerImpl.java:setRole(184)) - a3132885-145f-4a8c-85f4-c10eb874732d@group-2077DD483DC7: changes role from  FOLLOWER to CANDIDATE at term 172 for changeToCandidate
2019-10-16 11:36:01,160 [Thread-2676] INFO  impl.RoleInfo (RoleInfo.java:updateAndGet(143)) - a3132885-145f-4a8c-85f4-c10eb874732d: start LeaderElection
2019-10-16 11:36:01,171 [a3132885-145f-4a8c-85f4-c10eb874732d@group-2077DD483DC7-LeaderElection334] INFO  impl.LeaderElection (LeaderElection.java:askForVotes(178)) - a3132885-145f-4a8c-85f4-c10eb874732d@group-2077DD483DC7-LeaderElection334: begin an election at term 173 for -1: [163587bb-2c3b-4498-b576-18147cf38274:192.168.157.203:33208, a3132885-145f-4a8c-85f4-c10eb874732d:192.168.157.203:46766, 70b633f6-b230-4b9f-87f3-510da88f1e08:192.168.157.203:43163], old=null
2019-10-16 11:36:01,173 [grpc-default-executor-4] INFO  impl.RaftServerImpl (RaftServerImpl.java:setRole(184)) - 163587bb-2c3b-4498-b576-18147cf38274@group-2077DD483DC7: changes role from  FOLLOWER to FOLLOWER at term 173 for recognizeCandidate:a3132885-145f-4a8c-85f4-c10eb874732d
2019-10-16 11:36:01,173 [grpc-default-executor-4] INFO  impl.RoleInfo (RoleInfo.java:shutdownFollowerState(121)) - 163587bb-2c3b-4498-b576-18147cf38274: shutdown FollowerState
2019-10-16 11:36:01,173 [grpc-default-executor-6] INFO  impl.RaftServerImpl (RaftServerImpl.java:setRole(184)) - 70b633f6-b230-4b9f-87f3-510da88f1e08@group-2077DD483DC7: changes role from  FOLLOWER to FOLLOWER at term 173 for recognizeCandidate:a3132885-145f-4a8c-85f4-c10eb874732d
2019-10-16 11:36:01,173 [grpc-default-executor-6] INFO  impl.RoleInfo (RoleInfo.java:shutdownFollowerState(121)) - 70b633f6-b230-4b9f-87f3-510da88f1e08: shutdown FollowerState
2019-10-16 11:36:01,173 [grpc-default-executor-4] INFO  impl.RoleInfo (RoleInfo.java:updateAndGet(143)) - 163587bb-2c3b-4498-b576-18147cf38274: start FollowerState
2019-10-16 11:36:01,173 [Thread-2674] INFO  impl.FollowerState (FollowerState.java:run(117)) - 163587bb-2c3b-4498-b576-18147cf38274@group-2077DD483DC7-FollowerState was interrupted: java.lang.InterruptedException: sleep interrupted
2019-10-16 11:36:01,173 [Thread-2675] INFO  impl.FollowerState (FollowerState.java:run(117)) - 70b633f6-b230-4b9f-87f3-510da88f1e08@group-2077DD483DC7-FollowerState was interrupted: java.lang.InterruptedException: sleep interrupted
2019-10-16 11:36:01,173 [grpc-default-executor-6] INFO  impl.RoleInfo (RoleInfo.java:updateAndGet(143)) - 70b633f6-b230-4b9f-87f3-510da88f1e08: start FollowerState
2019-10-16 11:36:01,187 [a3132885-145f-4a8c-85f4-c10eb874732d@group-2077DD483DC7-LeaderElection334] INFO  impl.LeaderElection (LeaderElection.java:logAndReturn(56)) - a3132885-145f-4a8c-85f4-c10eb874732d@group-2077DD483DC7-LeaderElection334: Election REJECTED; received 2 response(s) [a3132885-145f-4a8c-85f4-c10eb874732d<-163587bb-2c3b-4498-b576-18147cf38274#0:FAIL-t173, a3132885-145f-4a8c-85f4-c10eb874732d<-70b633f6-b230-4b9f-87f3-510da88f1e08#0:FAIL-t173] and 0 exception(s); a3132885-145f-4a8c-85f4-c10eb874732d@group-2077DD483DC7:t173, leader=null, voted=a3132885-145f-4a8c-85f4-c10eb874732d, raftlog=a3132885-145f-4a8c-85f4-c10eb874732d@group-2077DD483DC7-SegmentedRaftLog:OPENED:c-1,f-1,i0, conf=-1: [163587bb-2c3b-4498-b576-18147cf38274:192.168.157.203:33208, a3132885-145f-4a8c-85f4-c10eb874732d:192.168.157.203:46766, 70b633f6-b230-4b9f-87f3-510da88f1e08:192.168.157.203:43163], old=null
2019-10-16 11:36:01,187 [a3132885-145f-4a8c-85f4-c10eb874732d@group-2077DD483DC7-LeaderElection334] INFO  impl.RaftServerImpl (RaftServerImpl.java:setRole(184)) - a3132885-145f-4a8c-85f4-c10eb874732d@group-2077DD483DC7: changes role from CANDIDATE to FOLLOWER at term 173 for DISCOVERED_A_NEW_TERM
2019-10-16 11:36:01,188 [a3132885-145f-4a8c-85f4-c10eb874732d@group-2077DD483DC7-LeaderElection334] INFO  impl.RoleInfo (RoleInfo.java:shutdownLeaderElection(134)) - a3132885-145f-4a8c-85f4-c10eb874732d: shutdown LeaderElection
2019-10-16 11:36:01,188 [a3132885-145f-4a8c-85f4-c10eb874732d@group-2077DD483DC7-LeaderElection334] INFO  impl.RoleInfo (RoleInfo.java:updateAndGet(143)) - a3132885-145f-4a8c-85f4-c10eb874732d: start FollowerState
2019-10-16 11:36:01,222 [Thread-2670] INFO  impl.FollowerState (FollowerState.java:run(108)) - 1ee6da7b-5867-4bad-ba0d-a2cfd13fd72a@group-B3673A53AB6F-FollowerState: change to CANDIDATE, lastRpcTime:129ms, electionTimeout:129ms
2019-10-16 11:36:01,222 [Thread-2670] INFO  impl.RoleInfo (RoleInfo.java:shutdownFollowerState(121)) - 1ee6da7b-5867-4bad-ba0d-a2cfd13fd72a: shutdown FollowerState
2019-10-16 11:36:01,222 [Thread-2670] INFO  impl.RaftServerImpl (RaftServerImpl.java:setRole(184)) - 1ee6da7b-5867-4bad-ba0d-a2cfd13fd72a@group-B3673A53AB6F: changes role from  FOLLOWER to CANDIDATE at term 181 for changeToCandidate
2019-10-16 11:36:01,223 [Thread-2670] INFO  impl.RoleInfo (RoleInfo.java:updateAndGet(143)) - 1ee6da7b-5867-4bad-ba0d-a2cfd13fd72a: start LeaderElection
2019-10-16 11:36:01,237 [1ee6da7b-5867-4bad-ba0d-a2cfd13fd72a@group-B3673A53AB6F-LeaderElection335] INFO  impl.LeaderElection (LeaderElection.java:askForVotes(178)) - 1ee6da7b-5867-4bad-ba0d-a2cfd13fd72a@group-B3673A53AB6F-LeaderElection335: begin an election at term 182 for -1: [f94c755f-9f95-40b5-85b9-5e712f3f34e7:192.168.157.203:45275, 1ee6da7b-5867-4bad-ba0d-a2cfd13fd72a:192.168.157.203:35892, 4281bf39-36db-462c-8bc9-3c86cb645344:192.168.157.203:42381], old=null
2019-10-16 11:36:01,238 [grpc-default-executor-4] INFO  impl.RaftServerImpl (RaftServerImpl.java:setRole(184)) - f94c755f-9f95-40b5-85b9-5e712f3f34e7@group-B3673A53AB6F: changes role from  FOLLOWER to FOLLOWER at term 182 for recognizeCandidate:1ee6da7b-5867-4bad-ba0d-a2cfd13fd72a
2019-10-16 11:36:01,239 [grpc-default-executor-4] INFO  impl.RoleInfo (RoleInfo.java:shutdownFollowerState(121)) - f94c755f-9f95-40b5-85b9-5e712f3f34e7: shutdown FollowerState
2019-10-16 11:36:01,239 [grpc-default-executor-6] INFO  impl.RaftServerImpl (RaftServerImpl.java:setRole(184)) - 4281bf39-36db-462c-8bc9-3c86cb645344@group-B3673A53AB6F: changes role from  FOLLOWER to FOLLOWER at term 182 for recognizeCandidate:1ee6da7b-5867-4bad-ba0d-a2cfd13fd72a
2019-10-16 11:36:01,239 [Thread-2668] INFO  impl.FollowerState (FollowerState.java:run(117)) - f94c755f-9f95-40b5-85b9-5e712f3f34e7@group-B3673A53AB6F-FollowerState was interrupted: java.lang.InterruptedException: sleep interrupted
2019-10-16 11:36:01,239 [grpc-default-executor-4] INFO  impl.RoleInfo (RoleInfo.java:updateAndGet(143)) - f94c755f-9f95-40b5-85b9-5e712f3f34e7: start FollowerState
2019-10-16 11:36:01,239 [grpc-default-executor-6] INFO  impl.RoleInfo (RoleInfo.java:shutdownFollowerState(121)) - 4281bf39-36db-462c-8bc9-3c86cb645344: shutdown FollowerState
2019-10-16 11:36:01,239 [grpc-default-executor-6] INFO  impl.RoleInfo (RoleInfo.java:updateAndGet(143)) - 4281bf39-36db-462c-8bc9-3c86cb645344: start FollowerState
2019-10-16 11:36:01,239 [Thread-2669] INFO  impl.FollowerState (FollowerState.java:run(117)) - 4281bf39-36db-462c-8bc9-3c86cb645344@group-B3673A53AB6F-FollowerState was interrupted: java.lang.InterruptedException: sleep interrupted
2019-10-16 11:36:01,254 [1ee6da7b-5867-4bad-ba0d-a2cfd13fd72a@group-B3673A53AB6F-LeaderElection335] INFO  impl.LeaderElection (LeaderElection.java:logAndReturn(56)) - 1ee6da7b-5867-4bad-ba0d-a2cfd13fd72a@group-B3673A53AB6F-LeaderElection335: Election REJECTED; received 2 response(s) [1ee6da7b-5867-4bad-ba0d-a2cfd13fd72a<-f94c755f-9f95-40b5-85b9-5e712f3f34e7#0:FAIL-t182, 1ee6da7b-5867-4bad-ba0d-a2cfd13fd72a<-4281bf39-36db-462c-8bc9-3c86cb645344#0:FAIL-t182] and 0 exception(s); 1ee6da7b-5867-4bad-ba0d-a2cfd13fd72a@group-B3673A53AB6F:t182, leader=null, voted=1ee6da7b-5867-4bad-ba0d-a2cfd13fd72a, raftlog=1ee6da7b-5867-4bad-ba0d-a2cfd13fd72a@group-B3673A53AB6F-SegmentedRaftLog:OPENED:c-1,f-1,i0, conf=-1: [f94c755f-9f95-40b5-85b9-5e712f3f34e7:192.168.157.203:45275, 1ee6da7b-5867-4bad-ba0d-a2cfd13fd72a:192.168.157.203:35892, 4281bf39-36db-462c-8bc9-3c86cb645344:192.168.157.203:42381], old=null
2019-10-16 11:36:01,254 [1ee6da7b-5867-4bad-ba0d-a2cfd13fd72a@group-B3673A53AB6F-LeaderElection335] INFO  impl.RaftServerImpl (RaftServerImpl.java:setRole(184)) - 1ee6da7b-5867-4bad-ba0d-a2cfd13fd72a@group-B3673A53AB6F: changes role from CANDIDATE to FOLLOWER at term 182 for DISCOVERED_A_NEW_TERM
2019-10-16 11:36:01,254 [1ee6da7b-5867-4bad-ba0d-a2cfd13fd72a@group-B3673A53AB6F-LeaderElection335] INFO  impl.RoleInfo (RoleInfo.java:shutdownLeaderElection(134)) - 1ee6da7b-5867-4bad-ba0d-a2cfd13fd72a: shutdown LeaderElection
2019-10-16 11:36:01,254 [1ee6da7b-5867-4bad-ba0d-a2cfd13fd72a@group-B3673A53AB6F-LeaderElection335] INFO  impl.RoleInfo (RoleInfo.java:updateAndGet(143)) - 1ee6da7b-5867-4bad-ba0d-a2cfd13fd72a: start FollowerState
2019-10-16 11:36:01,334 [Thread-2682] INFO  impl.FollowerState (FollowerState.java:run(108)) - a3132885-145f-4a8c-85f4-c10eb874732d@group-2077DD483DC7-FollowerState: change to CANDIDATE, lastRpcTime:146ms, electionTimeout:146ms
2019-10-16 11:36:01,334 [Thread-2682] INFO  impl.RoleInfo (RoleInfo.java:shutdownFollowerState(121)) - a3132885-145f-4a8c-85f4-c10eb874732d: shutdown FollowerState
2019-10-16 11:36:01,334 [Thread-2682] INFO  impl.RaftServerImpl (RaftServerImpl.java:setRole(184)) - a3132885-145f-4a8c-85f4-c10eb874732d@group-2077DD483DC7: changes role from  FOLLOWER to CANDIDATE at term 173 for changeToCandidate
2019-10-16 11:36:01,334 [Thread-2682] INFO  impl.RoleInfo (RoleInfo.java:updateAndGet(143)) - a3132885-145f-4a8c-85f4-c10eb874732d: start LeaderElection
2019-10-16 11:36:01,348 [a3132885-145f-4a8c-85f4-c10eb874732d@group-2077DD483DC7-LeaderElection336] INFO  impl.LeaderElection (LeaderElection.java:askForVotes(178)) - a3132885-145f-4a8c-85f4-c10eb874732d@group-2077DD483DC7-LeaderElection336: begin an election at term 174 for -1: [163587bb-2c3b-4498-b576-18147cf38274:192.168.157.203:33208, a3132885-145f-4a8c-85f4-c10eb874732d:192.168.157.203:46766, 70b633f6-b230-4b9f-87f3-510da88f1e08:192.168.157.203:43163], old=null
2019-10-16 11:36:01,349 [grpc-default-executor-6] INFO  impl.RaftServerImpl (RaftServerImpl.java:setRole(184)) - 163587bb-2c3b-4498-b576-18147cf38274@group-2077DD483DC7: changes role from  FOLLOWER to FOLLOWER at term 174 for recognizeCandidate:a3132885-145f-4a8c-85f4-c10eb874732d
2019-10-16 11:36:01,349 [grpc-default-executor-6] INFO  impl.RoleInfo (RoleInfo.java:shutdownFollowerState(121)) - 163587bb-2c3b-4498-b576-18147cf38274: shutdown FollowerState
2019-10-16 11:36:01,350 [grpc-default-executor-4] INFO  impl.RaftServerImpl (RaftServerImpl.java:setRole(184)) - 70b633f6-b230-4b9f-87f3-510da88f1e08@group-2077DD483DC7: changes role from  FOLLOWER to FOLLOWER at term 174 for recognizeCandidate:a3132885-145f-4a8c-85f4-c10eb874732d
2019-10-16 11:36:01,350 [grpc-default-executor-6] INFO  impl.RoleInfo (RoleInfo.java:updateAndGet(143)) - 163587bb-2c3b-4498-b576-18147cf38274: start FollowerState
2019-10-16 11:36:01,350 [Thread-2680] INFO  impl.FollowerState (FollowerState.java:run(117)) - 163587bb-2c3b-4498-b576-18147cf38274@group-2077DD483DC7-FollowerState was interrupted: java.lang.InterruptedException: sleep interrupted
2019-10-16 11:36:01,350 [grpc-default-executor-4] INFO  impl.RoleInfo (RoleInfo.java:shutdownFollowerState(121)) - 70b633f6-b230-4b9f-87f3-510da88f1e08: shutdown FollowerState
2019-10-16 11:36:01,350 [grpc-default-executor-4] INFO  impl.RoleInfo (RoleInfo.java:updateAndGet(143)) - 70b633f6-b230-4b9f-87f3-510da88f1e08: start FollowerState
2019-10-16 11:36:01,350 [Thread-2681] INFO  impl.FollowerState (FollowerState.java:run(117)) - 70b633f6-b230-4b9f-87f3-510da88f1e08@group-2077DD483DC7-FollowerState was interrupted: java.lang.InterruptedException: sleep interrupted
2019-10-16 11:36:01,353 [Thread-2688] INFO  impl.FollowerState (FollowerState.java:run(108)) - 1ee6da7b-5867-4bad-ba0d-a2cfd13fd72a@group-B3673A53AB6F-FollowerState: change to CANDIDATE, lastRpcTime:99ms, electionTimeout:99ms
2019-10-16 11:36:01,353 [Thread-2688] INFO  impl.RoleInfo (RoleInfo.java:shutdownFollowerState(121)) - 1ee6da7b-5867-4bad-ba0d-a2cfd13fd72a: shutdown FollowerState
2019-10-16 11:36:01,353 [Thread-2688] INFO  impl.RaftServerImpl (RaftServerImpl.java:setRole(184)) - 1ee6da7b-5867-4bad-ba0d-a2cfd13fd72a@group-B3673A53AB6F: changes role from  FOLLOWER to CANDIDATE at term 182 for changeToCandidate
2019-10-16 11:36:01,354 [Thread-2688] INFO  impl.RoleInfo (RoleInfo.java:updateAndGet(143)) - 1ee6da7b-5867-4bad-ba0d-a2cfd13fd72a: start LeaderElection
2019-10-16 11:36:01,364 [1ee6da7b-5867-4bad-ba0d-a2cfd13fd72a@group-B3673A53AB6F-LeaderElection337] INFO  impl.LeaderElection (LeaderElection.java:askForVotes(178)) - 1ee6da7b-5867-4bad-ba0d-a2cfd13fd72a@group-B3673A53AB6F-LeaderElection337: begin an election at term 183 for -1: [f94c755f-9f95-40b5-85b9-5e712f3f34e7:192.168.157.203:45275, 1ee6da7b-5867-4bad-ba0d-a2cfd13fd72a:192.168.157.203:35892, 4281bf39-36db-462c-8bc9-3c86cb645344:192.168.157.203:42381], old=null
2019-10-16 11:36:01,364 [a3132885-145f-4a8c-85f4-c10eb874732d@group-2077DD483DC7-LeaderElection336] INFO  impl.LeaderElection (LeaderElection.java:logAndReturn(56)) - a3132885-145f-4a8c-85f4-c10eb874732d@group-2077DD483DC7-LeaderElection336: Election REJECTED; received 2 response(s) [a3132885-145f-4a8c-85f4-c10eb874732d<-163587bb-2c3b-4498-b576-18147cf38274#0:FAIL-t174, a3132885-145f-4a8c-85f4-c10eb874732d<-70b633f6-b230-4b9f-87f3-510da88f1e08#0:FAIL-t174] and 0 exception(s); a3132885-145f-4a8c-85f4-c10eb874732d@group-2077DD483DC7:t174, leader=null, voted=a3132885-145f-4a8c-85f4-c10eb874732d, raftlog=a3132885-145f-4a8c-85f4-c10eb874732d@group-2077DD483DC7-SegmentedRaftLog:OPENED:c-1,f-1,i0, conf=-1: [163587bb-2c3b-4498-b576-18147cf38274:192.168.157.203:33208, a3132885-145f-4a8c-85f4-c10eb874732d:192.168.157.203:46766, 70b633f6-b230-4b9f-87f3-510da88f1e08:192.168.157.203:43163], old=null
2019-10-16 11:36:01,364 [a3132885-145f-4a8c-85f4-c10eb874732d@group-2077DD483DC7-LeaderElection336] INFO  impl.RaftServerImpl (RaftServerImpl.java:setRole(184)) - a3132885-145f-4a8c-85f4-c10eb874732d@group-2077DD483DC7: changes role from CANDIDATE to FOLLOWER at term 174 for DISCOVERED_A_NEW_TERM
2019-10-16 11:36:01,365 [a3132885-145f-4a8c-85f4-c10eb874732d@group-2077DD483DC7-LeaderElection336] INFO  impl.RoleInfo (RoleInfo.java:shutdownLeaderElection(134)) - a3132885-145f-4a8c-85f4-c10eb874732d: shutdown LeaderElection
2019-10-16 11:36:01,365 [a3132885-145f-4a8c-85f4-c10eb874732d@group-2077DD483DC7-LeaderElection336] INFO  impl.RoleInfo (RoleInfo.java:updateAndGet(143)) - a3132885-145f-4a8c-85f4-c10eb874732d: start FollowerState
2019-10-16 11:36:01,365 [grpc-default-executor-4] INFO  impl.RaftServerImpl (RaftServerImpl.java:setRole(184)) - f94c755f-9f95-40b5-85b9-5e712f3f34e7@group-B3673A53AB6F: changes role from  FOLLOWER to FOLLOWER at term 183 for recognizeCandidate:1ee6da7b-5867-4bad-ba0d-a2cfd13fd72a
2019-10-16 11:36:01,365 [grpc-default-executor-4] INFO  impl.RoleInfo (RoleInfo.java:shutdownFollowerState(121)) - f94c755f-9f95-40b5-85b9-5e712f3f34e7: shutdown FollowerState
2019-10-16 11:36:01,365 [grpc-default-executor-6] INFO  impl.RaftServerImpl (RaftServerImpl.java:setRole(184)) - 4281bf39-36db-462c-8bc9-3c86cb645344@group-B3673A53AB6F: changes role from  FOLLOWER to FOLLOWER at term 183 for recognizeCandidate:1ee6da7b-5867-4bad-ba0d-a2cfd13fd72a
2019-10-16 11:36:01,365 [grpc-default-executor-6] INFO  impl.RoleInfo (RoleInfo.java:shutdownFollowerState(121)) - 4281bf39-36db-462c-8bc9-3c86cb645344: shutdown FollowerState
2019-10-16 11:36:01,365 [grpc-default-executor-4] INFO  impl.RoleInfo (RoleInfo.java:updateAndGet(143)) - f94c755f-9f95-40b5-85b9-5e712f3f34e7: start FollowerState
2019-10-16 11:36:01,365 [Thread-2686] INFO  impl.FollowerState (FollowerState.java:run(117)) - f94c755f-9f95-40b5-85b9-5e712f3f34e7@group-B3673A53AB6F-FollowerState was interrupted: java.lang.InterruptedException: sleep interrupted
2019-10-16 11:36:01,366 [grpc-default-executor-6] INFO  impl.RoleInfo (RoleInfo.java:updateAndGet(143)) - 4281bf39-36db-462c-8bc9-3c86cb645344: start FollowerState
2019-10-16 11:36:01,366 [Thread-2687] INFO  impl.FollowerState (FollowerState.java:run(117)) - 4281bf39-36db-462c-8bc9-3c86cb645344@group-B3673A53AB6F-FollowerState was interrupted: java.lang.InterruptedException: sleep interrupted
2019-10-16 11:36:01,377 [1ee6da7b-5867-4bad-ba0d-a2cfd13fd72a@group-B3673A53AB6F-LeaderElection337] INFO  impl.LeaderElection (LeaderElection.java:logAndReturn(56)) - 1ee6da7b-5867-4bad-ba0d-a2cfd13fd72a@group-B3673A53AB6F-LeaderElection337: Election TIMEOUT; received 0 response(s) [] and 0 exception(s); 1ee6da7b-5867-4bad-ba0d-a2cfd13fd72a@group-B3673A53AB6F:t183, leader=null, voted=1ee6da7b-5867-4bad-ba0d-a2cfd13fd72a, raftlog=1ee6da7b-5867-4bad-ba0d-a2cfd13fd72a@group-B3673A53AB6F-SegmentedRaftLog:OPENED:c-1,f-1,i0, conf=-1: [f94c755f-9f95-40b5-85b9-5e712f3f34e7:192.168.157.203:45275, 1ee6da7b-5867-4bad-ba0d-a2cfd13fd72a:192.168.157.203:35892, 4281bf39-36db-462c-8bc9-3c86cb645344:192.168.157.203:42381], old=null
2019-10-16 11:36:01,381 [1ee6da7b-5867-4bad-ba0d-a2cfd13fd72a@group-B3673A53AB6F-LeaderElection337] INFO  impl.LeaderElection (LeaderElection.java:askForVotes(178)) - 1ee6da7b-5867-4bad-ba0d-a2cfd13fd72a@group-B3673A53AB6F-LeaderElection337: begin an election at term 184 for -1: [f94c755f-9f95-40b5-85b9-5e712f3f34e7:192.168.157.203:45275, 1ee6da7b-5867-4bad-ba0d-a2cfd13fd72a:192.168.157.203:35892, 4281bf39-36db-462c-8bc9-3c86cb645344:192.168.157.203:42381], old=null
2019-10-16 11:36:01,383 [grpc-default-executor-6] INFO  impl.RaftServerImpl (RaftServerImpl.java:setRole(184)) - f94c755f-9f95-40b5-85b9-5e712f3f34e7@group-B3673A53AB6F: changes role from  FOLLOWER to FOLLOWER at term 184 for recognizeCandidate:1ee6da7b-5867-4bad-ba0d-a2cfd13fd72a
2019-10-16 11:36:01,383 [grpc-default-executor-4] INFO  impl.RaftServerImpl (RaftServerImpl.java:setRole(184)) - 4281bf39-36db-462c-8bc9-3c86cb645344@group-B3673A53AB6F: changes role from  FOLLOWER to FOLLOWER at term 184 for recognizeCandidate:1ee6da7b-5867-4bad-ba0d-a2cfd13fd72a
2019-10-16 11:36:01,383 [grpc-default-executor-6] INFO  impl.RoleInfo (RoleInfo.java:shutdownFollowerState(121)) - f94c755f-9f95-40b5-85b9-5e712f3f34e7: shutdown FollowerState
2019-10-16 11:36:01,383 [grpc-default-executor-4] INFO  impl.RoleInfo (RoleInfo.java:shutdownFollowerState(121)) - 4281bf39-36db-462c-8bc9-3c86cb645344: shutdown FollowerState
2019-10-16 11:36:01,383 [Thread-2698] INFO  impl.FollowerState (FollowerState.java:run(117)) - f94c755f-9f95-40b5-85b9-5e712f3f34e7@group-B3673A53AB6F-FollowerState was interrupted: java.lang.InterruptedException: sleep interrupted
2019-10-16 11:36:01,383 [grpc-default-executor-6] INFO  impl.RoleInfo (RoleInfo.java:updateAndGet(143)) - f94c755f-9f95-40b5-85b9-5e712f3f34e7: start FollowerState
2019-10-16 11:36:01,384 [Thread-2699] INFO  impl.FollowerState (FollowerState.java:run(117)) - 4281bf39-36db-462c-8bc9-3c86cb645344@group-B3673A53AB6F-FollowerState was interrupted: java.lang.InterruptedException: sleep interrupted
2019-10-16 11:36:01,384 [grpc-default-executor-4] INFO  impl.RoleInfo (RoleInfo.java:updateAndGet(143)) - 4281bf39-36db-462c-8bc9-3c86cb645344: start FollowerState
2019-10-16 11:36:01,398 [1ee6da7b-5867-4bad-ba0d-a2cfd13fd72a@group-B3673A53AB6F-LeaderElection337] INFO  impl.LeaderElection (LeaderElection.java:logAndReturn(56)) - 1ee6da7b-5867-4bad-ba0d-a2cfd13fd72a@group-B3673A53AB6F-LeaderElection337: Election REJECTED; received 2 response(s) [1ee6da7b-5867-4bad-ba0d-a2cfd13fd72a<-f94c755f-9f95-40b5-85b9-5e712f3f34e7#0:FAIL-t184, 1ee6da7b-5867-4bad-ba0d-a2cfd13fd72a<-4281bf39-36db-462c-8bc9-3c86cb645344#0:FAIL-t184] and 0 exception(s); 1ee6da7b-5867-4bad-ba0d-a2cfd13fd72a@group-B3673A53AB6F:t184, leader=null, voted=1ee6da7b-5867-4bad-ba0d-a2cfd13fd72a, raftlog=1ee6da7b-5867-4bad-ba0d-a2cfd13fd72a@group-B3673A53AB6F-SegmentedRaftLog:OPENED:c-1,f-1,i0, conf=-1: [f94c755f-9f95-40b5-85b9-5e712f3f34e7:192.168.157.203:45275, 1ee6da7b-5867-4bad-ba0d-a2cfd13fd72a:192.168.157.203:35892, 4281bf39-36db-462c-8bc9-3c86cb645344:192.168.157.203:42381], old=null
2019-10-16 11:36:01,398 [1ee6da7b-5867-4bad-ba0d-a2cfd13fd72a@group-B3673A53AB6F-LeaderElection337] INFO  impl.RaftServerImpl (RaftServerImpl.java:setRole(184)) - 1ee6da7b-5867-4bad-ba0d-a2cfd13fd72a@group-B3673A53AB6F: changes role from CANDIDATE to FOLLOWER at term 184 for DISCOVERED_A_NEW_TERM
2019-10-16 11:36:01,398 [1ee6da7b-5867-4bad-ba0d-a2cfd13fd72a@group-B3673A53AB6F-LeaderElection337] INFO  impl.RoleInfo (RoleInfo.java:shutdownLeaderElection(134)) - 1ee6da7b-5867-4bad-ba0d-a2cfd13fd72a: shutdown LeaderElection
2019-10-16 11:36:01,398 [1ee6da7b-5867-4bad-ba0d-a2cfd13fd72a@group-B3673A53AB6F-LeaderElection337] INFO  impl.RoleInfo (RoleInfo.java:updateAndGet(143)) - 1ee6da7b-5867-4bad-ba0d-a2cfd13fd72a: start FollowerState
2019-10-16 11:36:01,445 [Thread-2704] INFO  impl.FollowerState (FollowerState.java:run(108)) - 1ee6da7b-5867-4bad-ba0d-a2cfd13fd72a@group-B3673A53AB6F-FollowerState: change to CANDIDATE, lastRpcTime:46ms, electionTimeout:46ms
2019-10-16 11:36:01,445 [Thread-2704] INFO  impl.RoleInfo (RoleInfo.java:shutdownFollowerState(121)) - 1ee6da7b-5867-4bad-ba0d-a2cfd13fd72a: shutdown FollowerState
2019-10-16 11:36:01,445 [Thread-2704] INFO  impl.RaftServerImpl (RaftServerImpl.java:setRole(184)) - 1ee6da7b-5867-4bad-ba0d-a2cfd13fd72a@group-B3673A53AB6F: changes role from  FOLLOWER to CANDIDATE at term 184 for changeToCandidate
2019-10-16 11:36:01,445 [Thread-2704] INFO  impl.RoleInfo (RoleInfo.java:updateAndGet(143)) - 1ee6da7b-5867-4bad-ba0d-a2cfd13fd72a: start LeaderElection
2019-10-16 11:36:01,459 [1ee6da7b-5867-4bad-ba0d-a2cfd13fd72a@group-B3673A53AB6F-LeaderElection338] INFO  impl.LeaderElection (LeaderElection.java:askForVotes(178)) - 1ee6da7b-5867-4bad-ba0d-a2cfd13fd72a@group-B3673A53AB6F-LeaderElection338: begin an election at term 185 for -1: [f94c755f-9f95-40b5-85b9-5e712f3f34e7:192.168.157.203:45275, 1ee6da7b-5867-4bad-ba0d-a2cfd13fd72a:192.168.157.203:35892, 4281bf39-36db-462c-8bc9-3c86cb645344:192.168.157.203:42381], old=null
2019-10-16 11:36:01,461 [grpc-default-executor-6] INFO  impl.RaftServerImpl (RaftServerImpl.java:setRole(184)) - f94c755f-9f95-40b5-85b9-5e712f3f34e7@group-B3673A53AB6F: changes role from  FOLLOWER to FOLLOWER at term 185 for recognizeCandidate:1ee6da7b-5867-4bad-ba0d-a2cfd13fd72a
2019-10-16 11:36:01,461 [grpc-default-executor-4] INFO  impl.RaftServerImpl (RaftServerImpl.java:setRole(184)) - 4281bf39-36db-462c-8bc9-3c86cb645344@group-B3673A53AB6F: changes role from  FOLLOWER to FOLLOWER at term 185 for recognizeCandidate:1ee6da7b-5867-4bad-ba0d-a2cfd13fd72a
2019-10-16 11:36:01,461 [grpc-default-executor-6] INFO  impl.RoleInfo (RoleInfo.java:shutdownFollowerState(121)) - f94c755f-9f95-40b5-85b9-5e712f3f34e7: shutdown FollowerState
2019-10-16 11:36:01,461 [grpc-default-executor-4] INFO  impl.RoleInfo (RoleInfo.java:shutdownFollowerState(121)) - 4281bf39-36db-462c-8bc9-3c86cb645344: shutdown FollowerState
2019-10-16 11:36:01,461 [Thread-2702] INFO  impl.FollowerState (FollowerState.java:run(117)) - f94c755f-9f95-40b5-85b9-5e712f3f34e7@group-B3673A53AB6F-FollowerState was interrupted: java.lang.InterruptedException: sleep interrupted
2019-10-16 11:36:01,461 [grpc-default-executor-6] INFO  impl.RoleInfo (RoleInfo.java:updateAndGet(143)) - f94c755f-9f95-40b5-85b9-5e712f3f34e7: start FollowerState
2019-10-16 11:36:01,461 [Thread-2703] INFO  impl.FollowerState (FollowerState.java:run(117)) - 4281bf39-36db-462c-8bc9-3c86cb645344@group-B3673A53AB6F-FollowerState was interrupted: java.lang.InterruptedException: sleep interrupted
2019-10-16 11:36:01,461 [grpc-default-executor-4] INFO  impl.RoleInfo (RoleInfo.java:updateAndGet(143)) - 4281bf39-36db-462c-8bc9-3c86cb645344: start FollowerState
2019-10-16 11:36:01,475 [1ee6da7b-5867-4bad-ba0d-a2cfd13fd72a@group-B3673A53AB6F-LeaderElection338] INFO  impl.LeaderElection (LeaderElection.java:logAndReturn(56)) - 1ee6da7b-5867-4bad-ba0d-a2cfd13fd72a@group-B3673A53AB6F-LeaderElection338: Election REJECTED; received 2 response(s) [1ee6da7b-5867-4bad-ba0d-a2cfd13fd72a<-f94c755f-9f95-40b5-85b9-5e712f3f34e7#0:FAIL-t185, 1ee6da7b-5867-4bad-ba0d-a2cfd13fd72a<-4281bf39-36db-462c-8bc9-3c86cb645344#0:FAIL-t185] and 0 exception(s); 1ee6da7b-5867-4bad-ba0d-a2cfd13fd72a@group-B3673A53AB6F:t185, leader=null, voted=1ee6da7b-5867-4bad-ba0d-a2cfd13fd72a, raftlog=1ee6da7b-5867-4bad-ba0d-a2cfd13fd72a@group-B3673A53AB6F-SegmentedRaftLog:OPENED:c-1,f-1,i0, conf=-1: [f94c755f-9f95-40b5-85b9-5e712f3f34e7:192.168.157.203:45275, 1ee6da7b-5867-4bad-ba0d-a2cfd13fd72a:192.168.157.203:35892, 4281bf39-36db-462c-8bc9-3c86cb645344:192.168.157.203:42381], old=null
2019-10-16 11:36:01,476 [1ee6da7b-5867-4bad-ba0d-a2cfd13fd72a@group-B3673A53AB6F-LeaderElection338] INFO  impl.RaftServerImpl (RaftServerImpl.java:setRole(184)) - 1ee6da7b-5867-4bad-ba0d-a2cfd13fd72a@group-B3673A53AB6F: changes role from CANDIDATE to FOLLOWER at term 185 for DISCOVERED_A_NEW_TERM
2019-10-16 11:36:01,476 [1ee6da7b-5867-4bad-ba0d-a2cfd13fd72a@group-B3673A53AB6F-LeaderElection338] INFO  impl.RoleInfo (RoleInfo.java:shutdownLeaderElection(134)) - 1ee6da7b-5867-4bad-ba0d-a2cfd13fd72a: shutdown LeaderElection
2019-10-16 11:36:01,476 [1ee6da7b-5867-4bad-ba0d-a2cfd13fd72a@group-B3673A53AB6F-LeaderElection338] INFO  impl.RoleInfo (RoleInfo.java:updateAndGet(143)) - 1ee6da7b-5867-4bad-ba0d-a2cfd13fd72a: start FollowerState
2019-10-16 11:36:01,558 [Thread-2697] INFO  impl.FollowerState (FollowerState.java:run(108)) - a3132885-145f-4a8c-85f4-c10eb874732d@group-2077DD483DC7-FollowerState: change to CANDIDATE, lastRpcTime:193ms, electionTimeout:193ms
2019-10-16 11:36:01,558 [Thread-2697] INFO  impl.RoleInfo (RoleInfo.java:shutdownFollowerState(121)) - a3132885-145f-4a8c-85f4-c10eb874732d: shutdown FollowerState
2019-10-16 11:36:01,558 [Thread-2697] INFO  impl.RaftServerImpl (RaftServerImpl.java:setRole(184)) - a3132885-145f-4a8c-85f4-c10eb874732d@group-2077DD483DC7: changes role from  FOLLOWER to CANDIDATE at term 174 for changeToCandidate
2019-10-16 11:36:01,558 [Thread-2697] INFO  impl.RoleInfo (RoleInfo.java:updateAndGet(143)) - a3132885-145f-4a8c-85f4-c10eb874732d: start LeaderElection
2019-10-16 11:36:01,572 [a3132885-145f-4a8c-85f4-c10eb874732d@group-2077DD483DC7-LeaderElection339] INFO  impl.LeaderElection (LeaderElection.java:askForVotes(178)) - a3132885-145f-4a8c-85f4-c10eb874732d@group-2077DD483DC7-LeaderElection339: begin an election at term 175 for -1: [163587bb-2c3b-4498-b576-18147cf38274:192.168.157.203:33208, a3132885-145f-4a8c-85f4-c10eb874732d:192.168.157.203:46766, 70b633f6-b230-4b9f-87f3-510da88f1e08:192.168.157.203:43163], old=null
2019-10-16 11:36:01,574 [grpc-default-executor-4] INFO  impl.RaftServerImpl (RaftServerImpl.java:setRole(184)) - 163587bb-2c3b-4498-b576-18147cf38274@group-2077DD483DC7: changes role from  FOLLOWER to FOLLOWER at term 175 for recognizeCandidate:a3132885-145f-4a8c-85f4-c10eb874732d
2019-10-16 11:36:01,574 [grpc-default-executor-4] INFO  impl.RoleInfo (RoleInfo.java:shutdownFollowerState(121)) - 163587bb-2c3b-4498-b576-18147cf38274: shutdown FollowerState
2019-10-16 11:36:01,574 [grpc-default-executor-6] INFO  impl.RaftServerImpl (RaftServerImpl.java:setRole(184)) - 70b633f6-b230-4b9f-87f3-510da88f1e08@group-2077DD483DC7: changes role from  FOLLOWER to FOLLOWER at term 175 for recognizeCandidate:a3132885-145f-4a8c-85f4-c10eb874732d
2019-10-16 11:36:01,574 [grpc-default-executor-6] INFO  impl.RoleInfo (RoleInfo.java:shutdownFollowerState(121)) - 70b633f6-b230-4b9f-87f3-510da88f1e08: shutdown FollowerState
2019-10-16 11:36:01,574 [Thread-2692] INFO  impl.FollowerState (FollowerState.java:run(117)) - 163587bb-2c3b-4498-b576-18147cf38274@group-2077DD483DC7-FollowerState was interrupted: java.lang.InterruptedException: sleep interrupted
2019-10-16 11:36:01,574 [grpc-default-executor-4] INFO  impl.RoleInfo (RoleInfo.java:updateAndGet(143)) - 163587bb-2c3b-4498-b576-18147cf38274: start FollowerState
2019-10-16 11:36:01,574 [Thread-2693] INFO  impl.FollowerState (FollowerState.java:run(117)) - 70b633f6-b230-4b9f-87f3-510da88f1e08@group-2077DD483DC7-FollowerState was interrupted: java.lang.InterruptedException: sleep interrupted
2019-10-16 11:36:01,574 [Thread-2712] INFO  impl.FollowerState (FollowerState.java:run(108)) - 1ee6da7b-5867-4bad-ba0d-a2cfd13fd72a@group-B3673A53AB6F-FollowerState: change to CANDIDATE, lastRpcTime:98ms, electionTimeout:98ms
2019-10-16 11:36:01,575 [Thread-2712] INFO  impl.RoleInfo (RoleInfo.java:shutdownFollowerState(121)) - 1ee6da7b-5867-4bad-ba0d-a2cfd13fd72a: shutdown FollowerState
2019-10-16 11:36:01,574 [grpc-default-executor-6] INFO  impl.RoleInfo (RoleInfo.java:updateAndGet(143)) - 70b633f6-b230-4b9f-87f3-510da88f1e08: start FollowerState
2019-10-16 11:36:01,575 [Thread-2712] INFO  impl.RaftServerImpl (RaftServerImpl.java:setRole(184)) - 1ee6da7b-5867-4bad-ba0d-a2cfd13fd72a@group-B3673A53AB6F: changes role from  FOLLOWER to CANDIDATE at term 185 for changeToCandidate
2019-10-16 11:36:01,575 [Thread-2712] INFO  impl.RoleInfo (RoleInfo.java:updateAndGet(143)) - 1ee6da7b-5867-4bad-ba0d-a2cfd13fd72a: start LeaderElection
2019-10-16 11:36:01,588 [1ee6da7b-5867-4bad-ba0d-a2cfd13fd72a@group-B3673A53AB6F-LeaderElection340] INFO  impl.LeaderElection (LeaderElection.java:askForVotes(178)) - 1ee6da7b-5867-4bad-ba0d-a2cfd13fd72a@group-B3673A53AB6F-LeaderElection340: begin an election at term 186 for -1: [f94c755f-9f95-40b5-85b9-5e712f3f34e7:192.168.157.203:45275, 1ee6da7b-5867-4bad-ba0d-a2cfd13fd72a:192.168.157.203:35892, 4281bf39-36db-462c-8bc9-3c86cb645344:192.168.157.203:42381], old=null
2019-10-16 11:36:01,589 [a3132885-145f-4a8c-85f4-c10eb874732d@group-2077DD483DC7-LeaderElection339] INFO  impl.LeaderElection (LeaderElection.java:logAndReturn(56)) - a3132885-145f-4a8c-85f4-c10eb874732d@group-2077DD483DC7-LeaderElection339: Election REJECTED; received 2 response(s) [a3132885-145f-4a8c-85f4-c10eb874732d<-163587bb-2c3b-4498-b576-18147cf38274#0:FAIL-t175, a3132885-145f-4a8c-85f4-c10eb874732d<-70b633f6-b230-4b9f-87f3-510da88f1e08#0:FAIL-t175] and 0 exception(s); a3132885-145f-4a8c-85f4-c10eb874732d@group-2077DD483DC7:t175, leader=null, voted=a3132885-145f-4a8c-85f4-c10eb874732d, raftlog=a3132885-145f-4a8c-85f4-c10eb874732d@group-2077DD483DC7-SegmentedRaftLog:OPENED:c-1,f-1,i0, conf=-1: [163587bb-2c3b-4498-b576-18147cf38274:192.168.157.203:33208, a3132885-145f-4a8c-85f4-c10eb874732d:192.168.157.203:46766, 70b633f6-b230-4b9f-87f3-510da88f1e08:192.168.157.203:43163], old=null
2019-10-16 11:36:01,589 [a3132885-145f-4a8c-85f4-c10eb874732d@group-2077DD483DC7-LeaderElection339] INFO  impl.RaftServerImpl (RaftServerImpl.java:setRole(184)) - a3132885-145f-4a8c-85f4-c10eb874732d@group-2077DD483DC7: changes role from CANDIDATE to FOLLOWER at term 175 for DISCOVERED_A_NEW_TERM
2019-10-16 11:36:01,590 [a3132885-145f-4a8c-85f4-c10eb874732d@group-2077DD483DC7-LeaderElection339] INFO  impl.RoleInfo (RoleInfo.java:shutdownLeaderElection(134)) - a3132885-145f-4a8c-85f4-c10eb874732d: shutdown LeaderElection
2019-10-16 11:36:01,590 [a3132885-145f-4a8c-85f4-c10eb874732d@group-2077DD483DC7-LeaderElection339] INFO  impl.RoleInfo (RoleInfo.java:updateAndGet(143)) - a3132885-145f-4a8c-85f4-c10eb874732d: start FollowerState
2019-10-16 11:36:01,590 [grpc-default-executor-4] INFO  impl.RaftServerImpl (RaftServerImpl.java:setRole(184)) - f94c755f-9f95-40b5-85b9-5e712f3f34e7@group-B3673A53AB6F: changes role from  FOLLOWER to FOLLOWER at term 186 for recognizeCandidate:1ee6da7b-5867-4bad-ba0d-a2cfd13fd72a
2019-10-16 11:36:01,590 [grpc-default-executor-4] INFO  impl.RoleInfo (RoleInfo.java:shutdownFollowerState(121)) - f94c755f-9f95-40b5-85b9-5e712f3f34e7: shutdown FollowerState
2019-10-16 11:36:01,591 [grpc-default-executor-4] INFO  impl.RoleInfo (RoleInfo.java:updateAndGet(143)) - f94c755f-9f95-40b5-85b9-5e712f3f34e7: start FollowerState
2019-10-16 11:36:01,591 [Thread-2710] INFO  impl.FollowerState (FollowerState.java:run(117)) - f94c755f-9f95-40b5-85b9-5e712f3f34e7@group-B3673A53AB6F-FollowerState was interrupted: java.lang.InterruptedException: sleep interrupted
2019-10-16 11:36:01,591 [grpc-default-executor-6] INFO  impl.RaftServerImpl (RaftServerImpl.java:setRole(184)) - 4281bf39-36db-462c-8bc9-3c86cb645344@group-B3673A53AB6F: changes role from  FOLLOWER to FOLLOWER at term 186 for recognizeCandidate:1ee6da7b-5867-4bad-ba0d-a2cfd13fd72a
2019-10-16 11:36:01,591 [grpc-default-executor-6] INFO  impl.RoleInfo (RoleInfo.java:shutdownFollowerState(121)) - 4281bf39-36db-462c-8bc9-3c86cb645344: shutdown FollowerState
2019-10-16 11:36:01,591 [grpc-default-executor-6] INFO  impl.RoleInfo (RoleInfo.java:updateAndGet(143)) - 4281bf39-36db-462c-8bc9-3c86cb645344: start FollowerState
2019-10-16 11:36:01,591 [Thread-2711] INFO  impl.FollowerState (FollowerState.java:run(117)) - 4281bf39-36db-462c-8bc9-3c86cb645344@group-B3673A53AB6F-FollowerState was interrupted: java.lang.InterruptedException: sleep interrupted
2019-10-16 11:36:01,605 [1ee6da7b-5867-4bad-ba0d-a2cfd13fd72a@group-B3673A53AB6F-LeaderElection340] INFO  impl.LeaderElection (LeaderElection.java:logAndReturn(56)) - 1ee6da7b-5867-4bad-ba0d-a2cfd13fd72a@group-B3673A53AB6F-LeaderElection340: Election REJECTED; received 2 response(s) [1ee6da7b-5867-4bad-ba0d-a2cfd13fd72a<-f94c755f-9f95-40b5-85b9-5e712f3f34e7#0:FAIL-t186, 1ee6da7b-5867-4bad-ba0d-a2cfd13fd72a<-4281bf39-36db-462c-8bc9-3c86cb645344#0:FAIL-t186] and 0 exception(s); 1ee6da7b-5867-4bad-ba0d-a2cfd13fd72a@group-B3673A53AB6F:t186, leader=null, voted=1ee6da7b-5867-4bad-ba0d-a2cfd13fd72a, raftlog=1ee6da7b-5867-4bad-ba0d-a2cfd13fd72a@group-B3673A53AB6F-SegmentedRaftLog:OPENED:c-1,f-1,i0, conf=-1: [f94c755f-9f95-40b5-85b9-5e712f3f34e7:192.168.157.203:45275, 1ee6da7b-5867-4bad-ba0d-a2cfd13fd72a:192.168.157.203:35892, 4281bf39-36db-462c-8bc9-3c86cb645344:192.168.157.203:42381], old=null
2019-10-16 11:36:01,605 [1ee6da7b-5867-4bad-ba0d-a2cfd13fd72a@group-B3673A53AB6F-LeaderElection340] INFO  impl.RaftServerImpl (RaftServerImpl.java:setRole(184)) - 1ee6da7b-5867-4bad-ba0d-a2cfd13fd72a@group-B3673A53AB6F: changes role from CANDIDATE to FOLLOWER at term 186 for DISCOVERED_A_NEW_TERM
2019-10-16 11:36:01,605 [1ee6da7b-5867-4bad-ba0d-a2cfd13fd72a@group-B3673A53AB6F-LeaderElection340] INFO  impl.RoleInfo (RoleInfo.java:shutdownLeaderElection(134)) - 1ee6da7b-5867-4bad-ba0d-a2cfd13fd72a: shutdown LeaderElection
2019-10-16 11:36:01,605 [1ee6da7b-5867-4bad-ba0d-a2cfd13fd72a@group-B3673A53AB6F-LeaderElection340] INFO  impl.RoleInfo (RoleInfo.java:updateAndGet(143)) - 1ee6da7b-5867-4bad-ba0d-a2cfd13fd72a: start FollowerState
2019-10-16 11:36:01,638 [Thread-2721] INFO  impl.FollowerState (FollowerState.java:run(108)) - a3132885-145f-4a8c-85f4-c10eb874732d@group-2077DD483DC7-FollowerState: change to CANDIDATE, lastRpcTime:48ms, electionTimeout:48ms
2019-10-16 11:36:01,638 [Thread-2721] INFO  impl.RoleInfo (RoleInfo.java:shutdownFollowerState(121)) - a3132885-145f-4a8c-85f4-c10eb874732d: shutdown FollowerState
2019-10-16 11:36:01,639 [Thread-2721] INFO  impl.RaftServerImpl (RaftServerImpl.java:setRole(184)) - a3132885-145f-4a8c-85f4-c10eb874732d@group-2077DD483DC7: changes role from  FOLLOWER to CANDIDATE at term 175 for changeToCandidate
2019-10-16 11:36:01,639 [Thread-2721] INFO  impl.RoleInfo (RoleInfo.java:updateAndGet(143)) - a3132885-145f-4a8c-85f4-c10eb874732d: start LeaderElection
2019-10-16 11:36:01,652 [a3132885-145f-4a8c-85f4-c10eb874732d@group-2077DD483DC7-LeaderElection341] INFO  impl.LeaderElection (LeaderElection.java:askForVotes(178)) - a3132885-145f-4a8c-85f4-c10eb874732d@group-2077DD483DC7-LeaderElection341: begin an election at term 176 for -1: [163587bb-2c3b-4498-b576-18147cf38274:192.168.157.203:33208, a3132885-145f-4a8c-85f4-c10eb874732d:192.168.157.203:46766, 70b633f6-b230-4b9f-87f3-510da88f1e08:192.168.157.203:43163], old=null
2019-10-16 11:36:01,654 [grpc-default-executor-6] INFO  impl.RaftServerImpl (RaftServerImpl.java:setRole(184)) - 163587bb-2c3b-4498-b576-18147cf38274@group-2077DD483DC7: changes role from  FOLLOWER to FOLLOWER at term 176 for recognizeCandidate:a3132885-145f-4a8c-85f4-c10eb874732d
2019-10-16 11:36:01,654 [grpc-default-executor-6] INFO  impl.RoleInfo (RoleInfo.java:shutdownFollowerState(121)) - 163587bb-2c3b-4498-b576-18147cf38274: shutdown FollowerState
2019-10-16 11:36:01,654 [grpc-default-executor-4] INFO  impl.RaftServerImpl (RaftServerImpl.java:setRole(184)) - 70b633f6-b230-4b9f-87f3-510da88f1e08@group-2077DD483DC7: changes role from  FOLLOWER to FOLLOWER at term 176 for recognizeCandidate:a3132885-145f-4a8c-85f4-c10eb874732d
2019-10-16 11:36:01,654 [Thread-2716] INFO  impl.FollowerState (FollowerState.java:run(117)) - 163587bb-2c3b-4498-b576-18147cf38274@group-2077DD483DC7-FollowerState was interrupted: java.lang.InterruptedException: sleep interrupted
2019-10-16 11:36:01,654 [grpc-default-executor-6] INFO  impl.RoleInfo (RoleInfo.java:updateAndGet(143)) - 163587bb-2c3b-4498-b576-18147cf38274: start FollowerState
2019-10-16 11:36:01,655 [grpc-default-executor-4] INFO  impl.RoleInfo (RoleInfo.java:shutdownFollowerState(121)) - 70b633f6-b230-4b9f-87f3-510da88f1e08: shutdown FollowerState
2019-10-16 11:36:01,655 [Thread-2717] INFO  impl.FollowerState (FollowerState.java:run(117)) - 70b633f6-b230-4b9f-87f3-510da88f1e08@group-2077DD483DC7-FollowerState was interrupted: java.lang.InterruptedException: sleep interrupted
2019-10-16 11:36:01,655 [grpc-default-executor-4] INFO  impl.RoleInfo (RoleInfo.java:updateAndGet(143)) - 70b633f6-b230-4b9f-87f3-510da88f1e08: start FollowerState
2019-10-16 11:36:01,675 [a3132885-145f-4a8c-85f4-c10eb874732d@group-2077DD483DC7-LeaderElection341] INFO  impl.LeaderElection (LeaderElection.java:logAndReturn(56)) - a3132885-145f-4a8c-85f4-c10eb874732d@group-2077DD483DC7-LeaderElection341: Election REJECTED; received 2 response(s) [a3132885-145f-4a8c-85f4-c10eb874732d<-163587bb-2c3b-4498-b576-18147cf38274#0:FAIL-t176, a3132885-145f-4a8c-85f4-c10eb874732d<-70b633f6-b230-4b9f-87f3-510da88f1e08#0:FAIL-t176] and 0 exception(s); a3132885-145f-4a8c-85f4-c10eb874732d@group-2077DD483DC7:t176, leader=null, voted=a3132885-145f-4a8c-85f4-c10eb874732d, raftlog=a3132885-145f-4a8c-85f4-c10eb874732d@group-2077DD483DC7-SegmentedRaftLog:OPENED:c-1,f-1,i0, conf=-1: [163587bb-2c3b-4498-b576-18147cf38274:192.168.157.203:33208, a3132885-145f-4a8c-85f4-c10eb874732d:192.168.157.203:46766, 70b633f6-b230-4b9f-87f3-510da88f1e08:192.168.157.203:43163], old=null
2019-10-16 11:36:01,675 [a3132885-145f-4a8c-85f4-c10eb874732d@group-2077DD483DC7-LeaderElection341] INFO  impl.RaftServerImpl (RaftServerImpl.java:setRole(184)) - a3132885-145f-4a8c-85f4-c10eb874732d@group-2077DD483DC7: changes role from CANDIDATE to FOLLOWER at term 176 for DISCOVERED_A_NEW_TERM
2019-10-16 11:36:01,675 [a3132885-145f-4a8c-85f4-c10eb874732d@group-2077DD483DC7-LeaderElection341] INFO  impl.RoleInfo (RoleInfo.java:shutdownLeaderElection(134)) - a3132885-145f-4a8c-85f4-c10eb874732d: shutdown LeaderElection
2019-10-16 11:36:01,675 [a3132885-145f-4a8c-85f4-c10eb874732d@group-2077DD483DC7-LeaderElection341] INFO  impl.RoleInfo (RoleInfo.java:updateAndGet(143)) - a3132885-145f-4a8c-85f4-c10eb874732d: start FollowerState
2019-10-16 11:36:01,725 [Thread-2724] INFO  impl.FollowerState (FollowerState.java:run(108)) - 1ee6da7b-5867-4bad-ba0d-a2cfd13fd72a@group-B3673A53AB6F-FollowerState: change to CANDIDATE, lastRpcTime:120ms, electionTimeout:120ms
2019-10-16 11:36:01,726 [Thread-2724] INFO  impl.RoleInfo (RoleInfo.java:shutdownFollowerState(121)) - 1ee6da7b-5867-4bad-ba0d-a2cfd13fd72a: shutdown FollowerState
2019-10-16 11:36:01,726 [Thread-2724] INFO  impl.RaftServerImpl (RaftServerImpl.java:setRole(184)) - 1ee6da7b-5867-4bad-ba0d-a2cfd13fd72a@group-B3673A53AB6F: changes role from  FOLLOWER to CANDIDATE at term 186 for changeToCandidate
2019-10-16 11:36:01,726 [Thread-2724] INFO  impl.RoleInfo (RoleInfo.java:updateAndGet(143)) - 1ee6da7b-5867-4bad-ba0d-a2cfd13fd72a: start LeaderElection
2019-10-16 11:36:01,740 [1ee6da7b-5867-4bad-ba0d-a2cfd13fd72a@group-B3673A53AB6F-LeaderElection342] INFO  impl.LeaderElection (LeaderElection.java:askForVotes(178)) - 1ee6da7b-5867-4bad-ba0d-a2cfd13fd72a@group-B3673A53AB6F-LeaderElection342: begin an election at term 187 for -1: [f94c755f-9f95-40b5-85b9-5e712f3f34e7:192.168.157.203:45275, 1ee6da7b-5867-4bad-ba0d-a2cfd13fd72a:192.168.157.203:35892, 4281bf39-36db-462c-8bc9-3c86cb645344:192.168.157.203:42381], old=null
2019-10-16 11:36:01,742 [grpc-default-executor-4] INFO  impl.RaftServerImpl (RaftServerImpl.java:setRole(184)) - f94c755f-9f95-40b5-85b9-5e712f3f34e7@group-B3673A53AB6F: changes role from  FOLLOWER to FOLLOWER at term 187 for recognizeCandidate:1ee6da7b-5867-4bad-ba0d-a2cfd13fd72a
2019-10-16 11:36:01,742 [grpc-default-executor-4] INFO  impl.RoleInfo (RoleInfo.java:shutdownFollowerState(121)) - f94c755f-9f95-40b5-85b9-5e712f3f34e7: shutdown FollowerState
2019-10-16 11:36:01,742 [grpc-default-executor-6] INFO  impl.RaftServerImpl (RaftServerImpl.java:setRole(184)) - 4281bf39-36db-462c-8bc9-3c86cb645344@group-B3673A53AB6F: changes role from  FOLLOWER to FOLLOWER at term 187 for recognizeCandidate:1ee6da7b-5867-4bad-ba0d-a2cfd13fd72a
2019-10-16 11:36:01,742 [grpc-default-executor-6] INFO  impl.RoleInfo (RoleInfo.java:shutdownFollowerState(121)) - 4281bf39-36db-462c-8bc9-3c86cb645344: shutdown FollowerState
2019-10-16 11:36:01,742 [Thread-2722] INFO  impl.FollowerState (FollowerState.java:run(117)) - f94c755f-9f95-40b5-85b9-5e712f3f34e7@group-B3673A53AB6F-FollowerState was interrupted: java.lang.InterruptedException: sleep interrupted
2019-10-16 11:36:01,742 [grpc-default-executor-4] INFO  impl.RoleInfo (RoleInfo.java:updateAndGet(143)) - f94c755f-9f95-40b5-85b9-5e712f3f34e7: start FollowerState
2019-10-16 11:36:01,743 [Thread-2723] INFO  impl.FollowerState (FollowerState.java:run(117)) - 4281bf39-36db-462c-8bc9-3c86cb645344@group-B3673A53AB6F-FollowerState was interrupted: java.lang.InterruptedException: sleep interrupted
2019-10-16 11:36:01,743 [grpc-default-executor-6] INFO  impl.RoleInfo (RoleInfo.java:updateAndGet(143)) - 4281bf39-36db-462c-8bc9-3c86cb645344: start FollowerState
2019-10-16 11:36:01,746 [Thread-2730] INFO  impl.FollowerState (FollowerState.java:run(108)) - a3132885-145f-4a8c-85f4-c10eb874732d@group-2077DD483DC7-FollowerState: change to CANDIDATE, lastRpcTime:70ms, electionTimeout:70ms
2019-10-16 11:36:01,746 [Thread-2730] INFO  impl.RoleInfo (RoleInfo.java:shutdownFollowerState(121)) - a3132885-145f-4a8c-85f4-c10eb874732d: shutdown FollowerState
2019-10-16 11:36:01,746 [Thread-2730] INFO  impl.RaftServerImpl (RaftServerImpl.java:setRole(184)) - a3132885-145f-4a8c-85f4-c10eb874732d@group-2077DD483DC7: changes role from  FOLLOWER to CANDIDATE at term 176 for changeToCandidate
2019-10-16 11:36:01,746 [Thread-2730] INFO  impl.RoleInfo (RoleInfo.java:updateAndGet(143)) - a3132885-145f-4a8c-85f4-c10eb874732d: start LeaderElection
2019-10-16 11:36:01,756 [a3132885-145f-4a8c-85f4-c10eb874732d@group-2077DD483DC7-LeaderElection343] INFO  impl.LeaderElection (LeaderElection.java:askForVotes(178)) - a3132885-145f-4a8c-85f4-c10eb874732d@group-2077DD483DC7-LeaderElection343: begin an election at term 177 for -1: [163587bb-2c3b-4498-b576-18147cf38274:192.168.157.203:33208, a3132885-145f-4a8c-85f4-c10eb874732d:192.168.157.203:46766, 70b633f6-b230-4b9f-87f3-510da88f1e08:192.168.157.203:43163], old=null
2019-10-16 11:36:01,757 [1ee6da7b-5867-4bad-ba0d-a2cfd13fd72a@group-B3673A53AB6F-LeaderElection342] INFO  impl.LeaderElection (LeaderElection.java:logAndReturn(56)) - 1ee6da7b-5867-4bad-ba0d-a2cfd13fd72a@group-B3673A53AB6F-LeaderElection342: Election REJECTED; received 2 response(s) [1ee6da7b-5867-4bad-ba0d-a2cfd13fd72a<-f94c755f-9f95-40b5-85b9-5e712f3f34e7#0:FAIL-t187, 1ee6da7b-5867-4bad-ba0d-a2cfd13fd72a<-4281bf39-36db-462c-8bc9-3c86cb645344#0:FAIL-t187] and 0 exception(s); 1ee6da7b-5867-4bad-ba0d-a2cfd13fd72a@group-B3673A53AB6F:t187, leader=null, voted=1ee6da7b-5867-4bad-ba0d-a2cfd13fd72a, raftlog=1ee6da7b-5867-4bad-ba0d-a2cfd13fd72a@group-B3673A53AB6F-SegmentedRaftLog:OPENED:c-1,f-1,i0, conf=-1: [f94c755f-9f95-40b5-85b9-5e712f3f34e7:192.168.157.203:45275, 1ee6da7b-5867-4bad-ba0d-a2cfd13fd72a:192.168.157.203:35892, 4281bf39-36db-462c-8bc9-3c86cb645344:192.168.157.203:42381], old=null
2019-10-16 11:36:01,757 [1ee6da7b-5867-4bad-ba0d-a2cfd13fd72a@group-B3673A53AB6F-LeaderElection342] INFO  impl.RaftServerImpl (RaftServerImpl.java:setRole(184)) - 1ee6da7b-5867-4bad-ba0d-a2cfd13fd72a@group-B3673A53AB6F: changes role from CANDIDATE to FOLLOWER at term 187 for DISCOVERED_A_NEW_TERM
2019-10-16 11:36:01,757 [1ee6da7b-5867-4bad-ba0d-a2cfd13fd72a@group-B3673A53AB6F-LeaderElection342] INFO  impl.RoleInfo (RoleInfo.java:shutdownLeaderElection(134)) - 1ee6da7b-5867-4bad-ba0d-a2cfd13fd72a: shutdown LeaderElection
2019-10-16 11:36:01,757 [1ee6da7b-5867-4bad-ba0d-a2cfd13fd72a@group-B3673A53AB6F-LeaderElection342] INFO  impl.RoleInfo (RoleInfo.java:updateAndGet(143)) - 1ee6da7b-5867-4bad-ba0d-a2cfd13fd72a: start FollowerState
2019-10-16 11:36:01,758 [grpc-default-executor-6] INFO  impl.RaftServerImpl (RaftServerImpl.java:setRole(184)) - 163587bb-2c3b-4498-b576-18147cf38274@group-2077DD483DC7: changes role from  FOLLOWER to FOLLOWER at term 177 for recognizeCandidate:a3132885-145f-4a8c-85f4-c10eb874732d
2019-10-16 11:36:01,758 [grpc-default-executor-6] INFO  impl.RoleInfo (RoleInfo.java:shutdownFollowerState(121)) - 163587bb-2c3b-4498-b576-18147cf38274: shutdown FollowerState
2019-10-16 11:36:01,758 [grpc-default-executor-6] INFO  impl.RoleInfo (RoleInfo.java:updateAndGet(143)) - 163587bb-2c3b-4498-b576-18147cf38274: start FollowerState
2019-10-16 11:36:01,758 [Thread-2728] INFO  impl.FollowerState (FollowerState.java:run(117)) - 163587bb-2c3b-4498-b576-18147cf38274@group-2077DD483DC7-FollowerState was interrupted: java.lang.InterruptedException: sleep interrupted
2019-10-16 11:36:01,758 [grpc-default-executor-4] INFO  impl.RaftServerImpl (RaftServerImpl.java:setRole(184)) - 70b633f6-b230-4b9f-87f3-510da88f1e08@group-2077DD483DC7: changes role from  FOLLOWER to FOLLOWER at term 177 for recognizeCandidate:a3132885-145f-4a8c-85f4-c10eb874732d
2019-10-16 11:36:01,759 [grpc-default-executor-4] INFO  impl.RoleInfo (RoleInfo.java:shutdownFollowerState(121)) - 70b633f6-b230-4b9f-87f3-510da88f1e08: shutdown FollowerState
2019-10-16 11:36:01,759 [grpc-default-executor-4] INFO  impl.RoleInfo (RoleInfo.java:updateAndGet(143)) - 70b633f6-b230-4b9f-87f3-510da88f1e08: start FollowerState
2019-10-16 11:36:01,759 [Thread-2729] INFO  impl.FollowerState (FollowerState.java:run(117)) - 70b633f6-b230-4b9f-87f3-510da88f1e08@group-2077DD483DC7-FollowerState was interrupted: java.lang.InterruptedException: sleep interrupted
2019-10-16 11:36:01,773 [a3132885-145f-4a8c-85f4-c10eb874732d@group-2077DD483DC7-LeaderElection343] INFO  impl.LeaderElection (LeaderElection.java:logAndReturn(56)) - a3132885-145f-4a8c-85f4-c10eb874732d@group-2077DD483DC7-LeaderElection343: Election REJECTED; received 2 response(s) [a3132885-145f-4a8c-85f4-c10eb874732d<-163587bb-2c3b-4498-b576-18147cf38274#0:FAIL-t177, a3132885-145f-4a8c-85f4-c10eb874732d<-70b633f6-b230-4b9f-87f3-510da88f1e08#0:FAIL-t177] and 0 exception(s); a3132885-145f-4a8c-85f4-c10eb874732d@group-2077DD483DC7:t177, leader=null, voted=a3132885-145f-4a8c-85f4-c10eb874732d, raftlog=a3132885-145f-4a8c-85f4-c10eb874732d@group-2077DD483DC7-SegmentedRaftLog:OPENED:c-1,f-1,i0, conf=-1: [163587bb-2c3b-4498-b576-18147cf38274:192.168.157.203:33208, a3132885-145f-4a8c-85f4-c10eb874732d:192.168.157.203:46766, 70b633f6-b230-4b9f-87f3-510da88f1e08:192.168.157.203:43163], old=null
2019-10-16 11:36:01,773 [a3132885-145f-4a8c-85f4-c10eb874732d@group-2077DD483DC7-LeaderElection343] INFO  impl.RaftServerImpl (RaftServerImpl.java:setRole(184)) - a3132885-145f-4a8c-85f4-c10eb874732d@group-2077DD483DC7: changes role from CANDIDATE to FOLLOWER at term 177 for DISCOVERED_A_NEW_TERM
2019-10-16 11:36:01,773 [a3132885-145f-4a8c-85f4-c10eb874732d@group-2077DD483DC7-LeaderElection343] INFO  impl.RoleInfo (RoleInfo.java:shutdownLeaderElection(134)) - a3132885-145f-4a8c-85f4-c10eb874732d: shutdown LeaderElection
2019-10-16 11:36:01,773 [a3132885-145f-4a8c-85f4-c10eb874732d@group-2077DD483DC7-LeaderElection343] INFO  impl.RoleInfo (RoleInfo.java:updateAndGet(143)) - a3132885-145f-4a8c-85f4-c10eb874732d: start FollowerState
2019-10-16 11:36:01,785 [Thread-2739] INFO  impl.FollowerState (FollowerState.java:run(108)) - 1ee6da7b-5867-4bad-ba0d-a2cfd13fd72a@group-B3673A53AB6F-FollowerState: change to CANDIDATE, lastRpcTime:27ms, electionTimeout:27ms
2019-10-16 11:36:01,785 [Thread-2739] INFO  impl.RoleInfo (RoleInfo.java:shutdownFollowerState(121)) - 1ee6da7b-5867-4bad-ba0d-a2cfd13fd72a: shutdown FollowerState
2019-10-16 11:36:01,785 [Thread-2739] INFO  impl.RaftServerImpl (RaftServerImpl.java:setRole(184)) - 1ee6da7b-5867-4bad-ba0d-a2cfd13fd72a@group-B3673A53AB6F: changes role from  FOLLOWER to CANDIDATE at term 187 for changeToCandidate
2019-10-16 11:36:01,785 [Thread-2739] INFO  impl.RoleInfo (RoleInfo.java:updateAndGet(143)) - 1ee6da7b-5867-4bad-ba0d-a2cfd13fd72a: start LeaderElection
2019-10-16 11:36:01,799 [1ee6da7b-5867-4bad-ba0d-a2cfd13fd72a@group-B3673A53AB6F-LeaderElection344] INFO  impl.LeaderElection (LeaderElection.java:askForVotes(178)) - 1ee6da7b-5867-4bad-ba0d-a2cfd13fd72a@group-B3673A53AB6F-LeaderElection344: begin an election at term 188 for -1: [f94c755f-9f95-40b5-85b9-5e712f3f34e7:192.168.157.203:45275, 1ee6da7b-5867-4bad-ba0d-a2cfd13fd72a:192.168.157.203:35892, 4281bf39-36db-462c-8bc9-3c86cb645344:192.168.157.203:42381], old=null
2019-10-16 11:36:01,801 [grpc-default-executor-4] INFO  impl.RaftServerImpl (RaftServerImpl.java:setRole(184)) - f94c755f-9f95-40b5-85b9-5e712f3f34e7@group-B3673A53AB6F: changes role from  FOLLOWER to FOLLOWER at term 188 for recognizeCandidate:1ee6da7b-5867-4bad-ba0d-a2cfd13fd72a
2019-10-16 11:36:01,801 [grpc-default-executor-4] INFO  impl.RoleInfo (RoleInfo.java:shutdownFollowerState(121)) - f94c755f-9f95-40b5-85b9-5e712f3f34e7: shutdown FollowerState
2019-10-16 11:36:01,801 [grpc-default-executor-6] INFO  impl.RaftServerImpl (RaftServerImpl.java:setRole(184)) - 4281bf39-36db-462c-8bc9-3c86cb645344@group-B3673A53AB6F: changes role from  FOLLOWER to FOLLOWER at term 188 for recognizeCandidate:1ee6da7b-5867-4bad-ba0d-a2cfd13fd72a
2019-10-16 11:36:01,801 [Thread-2734] INFO  impl.FollowerState (FollowerState.java:run(117)) - f94c755f-9f95-40b5-85b9-5e712f3f34e7@group-B3673A53AB6F-FollowerState was interrupted: java.lang.InterruptedException: sleep interrupted
2019-10-16 11:36:01,801 [grpc-default-executor-4] INFO  impl.RoleInfo (RoleInfo.java:updateAndGet(143)) - f94c755f-9f95-40b5-85b9-5e712f3f34e7: start FollowerState
2019-10-16 11:36:01,801 [grpc-default-executor-6] INFO  impl.RoleInfo (RoleInfo.java:shutdownFollowerState(121)) - 4281bf39-36db-462c-8bc9-3c86cb645344: shutdown FollowerState
2019-10-16 11:36:01,801 [grpc-default-executor-6] INFO  impl.RoleInfo (RoleInfo.java:updateAndGet(143)) - 4281bf39-36db-462c-8bc9-3c86cb645344: start FollowerState
2019-10-16 11:36:01,801 [Thread-2735] INFO  impl.FollowerState (FollowerState.java:run(117)) - 4281bf39-36db-462c-8bc9-3c86cb645344@group-B3673A53AB6F-FollowerState was interrupted: java.lang.InterruptedException: sleep interrupted
2019-10-16 11:36:01,815 [1ee6da7b-5867-4bad-ba0d-a2cfd13fd72a@group-B3673A53AB6F-LeaderElection344] INFO  impl.LeaderElection (LeaderElection.java:logAndReturn(56)) - 1ee6da7b-5867-4bad-ba0d-a2cfd13fd72a@group-B3673A53AB6F-LeaderElection344: Election REJECTED; received 2 response(s) [1ee6da7b-5867-4bad-ba0d-a2cfd13fd72a<-f94c755f-9f95-40b5-85b9-5e712f3f34e7#0:FAIL-t188, 1ee6da7b-5867-4bad-ba0d-a2cfd13fd72a<-4281bf39-36db-462c-8bc9-3c86cb645344#0:FAIL-t188] and 0 exception(s); 1ee6da7b-5867-4bad-ba0d-a2cfd13fd72a@group-B3673A53AB6F:t188, leader=null, voted=1ee6da7b-5867-4bad-ba0d-a2cfd13fd72a, raftlog=1ee6da7b-5867-4bad-ba0d-a2cfd13fd72a@group-B3673A53AB6F-SegmentedRaftLog:OPENED:c-1,f-1,i0, conf=-1: [f94c755f-9f95-40b5-85b9-5e712f3f34e7:192.168.157.203:45275, 1ee6da7b-5867-4bad-ba0d-a2cfd13fd72a:192.168.157.203:35892, 4281bf39-36db-462c-8bc9-3c86cb645344:192.168.157.203:42381], old=null
2019-10-16 11:36:01,815 [1ee6da7b-5867-4bad-ba0d-a2cfd13fd72a@group-B3673A53AB6F-LeaderElection344] INFO  impl.RaftServerImpl (RaftServerImpl.java:setRole(184)) - 1ee6da7b-5867-4bad-ba0d-a2cfd13fd72a@group-B3673A53AB6F: changes role from CANDIDATE to FOLLOWER at term 188 for DISCOVERED_A_NEW_TERM
2019-10-16 11:36:01,815 [1ee6da7b-5867-4bad-ba0d-a2cfd13fd72a@group-B3673A53AB6F-LeaderElection344] INFO  impl.RoleInfo (RoleInfo.java:shutdownLeaderElection(134)) - 1ee6da7b-5867-4bad-ba0d-a2cfd13fd72a: shutdown LeaderElection
2019-10-16 11:36:01,815 [1ee6da7b-5867-4bad-ba0d-a2cfd13fd72a@group-B3673A53AB6F-LeaderElection344] INFO  impl.RoleInfo (RoleInfo.java:updateAndGet(143)) - 1ee6da7b-5867-4bad-ba0d-a2cfd13fd72a: start FollowerState
2019-10-16 11:36:01,835 [Thread-2748] INFO  impl.FollowerState (FollowerState.java:run(108)) - 1ee6da7b-5867-4bad-ba0d-a2cfd13fd72a@group-B3673A53AB6F-FollowerState: change to CANDIDATE, lastRpcTime:19ms, electionTimeout:19ms
2019-10-16 11:36:01,835 [Thread-2748] INFO  impl.RoleInfo (RoleInfo.java:shutdownFollowerState(121)) - 1ee6da7b-5867-4bad-ba0d-a2cfd13fd72a: shutdown FollowerState
2019-10-16 11:36:01,835 [Thread-2748] INFO  impl.RaftServerImpl (RaftServerImpl.java:setRole(184)) - 1ee6da7b-5867-4bad-ba0d-a2cfd13fd72a@group-B3673A53AB6F: changes role from  FOLLOWER to CANDIDATE at term 188 for changeToCandidate
2019-10-16 11:36:01,835 [Thread-2748] INFO  impl.RoleInfo (RoleInfo.java:updateAndGet(143)) - 1ee6da7b-5867-4bad-ba0d-a2cfd13fd72a: start LeaderElection
2019-10-16 11:36:01,848 [1ee6da7b-5867-4bad-ba0d-a2cfd13fd72a@group-B3673A53AB6F-LeaderElection345] INFO  impl.LeaderElection (LeaderElection.java:askForVotes(178)) - 1ee6da7b-5867-4bad-ba0d-a2cfd13fd72a@group-B3673A53AB6F-LeaderElection345: begin an election at term 189 for -1: [f94c755f-9f95-40b5-85b9-5e712f3f34e7:192.168.157.203:45275, 1ee6da7b-5867-4bad-ba0d-a2cfd13fd72a:192.168.157.203:35892, 4281bf39-36db-462c-8bc9-3c86cb645344:192.168.157.203:42381], old=null
2019-10-16 11:36:01,849 [grpc-default-executor-4] INFO  impl.RaftServerImpl (RaftServerImpl.java:setRole(184)) - f94c755f-9f95-40b5-85b9-5e712f3f34e7@group-B3673A53AB6F: changes role from  FOLLOWER to FOLLOWER at term 189 for recognizeCandidate:1ee6da7b-5867-4bad-ba0d-a2cfd13fd72a
2019-10-16 11:36:01,849 [grpc-default-executor-6] INFO  impl.RaftServerImpl (RaftServerImpl.java:setRole(184)) - 4281bf39-36db-462c-8bc9-3c86cb645344@group-B3673A53AB6F: changes role from  FOLLOWER to FOLLOWER at term 189 for recognizeCandidate:1ee6da7b-5867-4bad-ba0d-a2cfd13fd72a
2019-10-16 11:36:01,849 [grpc-default-executor-6] INFO  impl.RoleInfo (RoleInfo.java:shutdownFollowerState(121)) - 4281bf39-36db-462c-8bc9-3c86cb645344: shutdown FollowerState
2019-10-16 11:36:01,849 [grpc-default-executor-4] INFO  impl.RoleInfo (RoleInfo.java:shutdownFollowerState(121)) - f94c755f-9f95-40b5-85b9-5e712f3f34e7: shutdown FollowerState
2019-10-16 11:36:01,850 [Thread-2747] INFO  impl.FollowerState (FollowerState.java:run(117)) - 4281bf39-36db-462c-8bc9-3c86cb645344@group-B3673A53AB6F-FollowerState was interrupted: java.lang.InterruptedException: sleep interrupted
2019-10-16 11:36:01,850 [grpc-default-executor-6] INFO  impl.RoleInfo (RoleInfo.java:updateAndGet(143)) - 4281bf39-36db-462c-8bc9-3c86cb645344: start FollowerState
2019-10-16 11:36:01,850 [Thread-2746] INFO  impl.FollowerState (FollowerState.java:run(117)) - f94c755f-9f95-40b5-85b9-5e712f3f34e7@group-B3673A53AB6F-FollowerState was interrupted: java.lang.InterruptedException: sleep interrupted
2019-10-16 11:36:01,850 [grpc-default-executor-4] INFO  impl.RoleInfo (RoleInfo.java:updateAndGet(143)) - f94c755f-9f95-40b5-85b9-5e712f3f34e7: start FollowerState
2019-10-16 11:36:01,864 [1ee6da7b-5867-4bad-ba0d-a2cfd13fd72a@group-B3673A53AB6F-LeaderElection345] INFO  impl.LeaderElection (LeaderElection.java:logAndReturn(56)) - 1ee6da7b-5867-4bad-ba0d-a2cfd13fd72a@group-B3673A53AB6F-LeaderElection345: Election REJECTED; received 2 response(s) [1ee6da7b-5867-4bad-ba0d-a2cfd13fd72a<-f94c755f-9f95-40b5-85b9-5e712f3f34e7#0:FAIL-t189, 1ee6da7b-5867-4bad-ba0d-a2cfd13fd72a<-4281bf39-36db-462c-8bc9-3c86cb645344#0:FAIL-t189] and 0 exception(s); 1ee6da7b-5867-4bad-ba0d-a2cfd13fd72a@group-B3673A53AB6F:t189, leader=null, voted=1ee6da7b-5867-4bad-ba0d-a2cfd13fd72a, raftlog=1ee6da7b-5867-4bad-ba0d-a2cfd13fd72a@group-B3673A53AB6F-SegmentedRaftLog:OPENED:c-1,f-1,i0, conf=-1: [f94c755f-9f95-40b5-85b9-5e712f3f34e7:192.168.157.203:45275, 1ee6da7b-5867-4bad-ba0d-a2cfd13fd72a:192.168.157.203:35892, 4281bf39-36db-462c-8bc9-3c86cb645344:192.168.157.203:42381], old=null
2019-10-16 11:36:01,864 [1ee6da7b-5867-4bad-ba0d-a2cfd13fd72a@group-B3673A53AB6F-LeaderElection345] INFO  impl.RaftServerImpl (RaftServerImpl.java:setRole(184)) - 1ee6da7b-5867-4bad-ba0d-a2cfd13fd72a@group-B3673A53AB6F: changes role from CANDIDATE to FOLLOWER at term 189 for DISCOVERED_A_NEW_TERM
2019-10-16 11:36:01,864 [1ee6da7b-5867-4bad-ba0d-a2cfd13fd72a@group-B3673A53AB6F-LeaderElection345] INFO  impl.RoleInfo (RoleInfo.java:shutdownLeaderElection(134)) - 1ee6da7b-5867-4bad-ba0d-a2cfd13fd72a: shutdown LeaderElection
2019-10-16 11:36:01,864 [1ee6da7b-5867-4bad-ba0d-a2cfd13fd72a@group-B3673A53AB6F-LeaderElection345] INFO  impl.RoleInfo (RoleInfo.java:updateAndGet(143)) - 1ee6da7b-5867-4bad-ba0d-a2cfd13fd72a: start FollowerState
2019-10-16 11:36:01,888 [Thread-2742] INFO  impl.FollowerState (FollowerState.java:run(108)) - a3132885-145f-4a8c-85f4-c10eb874732d@group-2077DD483DC7-FollowerState: change to CANDIDATE, lastRpcTime:115ms, electionTimeout:115ms
2019-10-16 11:36:01,888 [Thread-2742] INFO  impl.RoleInfo (RoleInfo.java:shutdownFollowerState(121)) - a3132885-145f-4a8c-85f4-c10eb874732d: shutdown FollowerState
2019-10-16 11:36:01,888 [Thread-2742] INFO  impl.RaftServerImpl (RaftServerImpl.java:setRole(184)) - a3132885-145f-4a8c-85f4-c10eb874732d@group-2077DD483DC7: changes role from  FOLLOWER to CANDIDATE at term 177 for changeToCandidate
2019-10-16 11:36:01,889 [Thread-2742] INFO  impl.RoleInfo (RoleInfo.java:updateAndGet(143)) - a3132885-145f-4a8c-85f4-c10eb874732d: start LeaderElection
2019-10-16 11:36:01,902 [a3132885-145f-4a8c-85f4-c10eb874732d@group-2077DD483DC7-LeaderElection346] INFO  impl.LeaderElection (LeaderElection.java:askForVotes(178)) - a3132885-145f-4a8c-85f4-c10eb874732d@group-2077DD483DC7-LeaderElection346: begin an election at term 178 for -1: [163587bb-2c3b-4498-b576-18147cf38274:192.168.157.203:33208, a3132885-145f-4a8c-85f4-c10eb874732d:192.168.157.203:46766, 70b633f6-b230-4b9f-87f3-510da88f1e08:192.168.157.203:43163], old=null
2019-10-16 11:36:01,904 [grpc-default-executor-4] INFO  impl.RaftServerImpl (RaftServerImpl.java:setRole(184)) - 163587bb-2c3b-4498-b576-18147cf38274@group-2077DD483DC7: changes role from  FOLLOWER to FOLLOWER at term 178 for recognizeCandidate:a3132885-145f-4a8c-85f4-c10eb874732d
2019-10-16 11:36:01,904 [grpc-default-executor-4] INFO  impl.RoleInfo (RoleInfo.java:shutdownFollowerState(121)) - 163587bb-2c3b-4498-b576-18147cf38274: shutdown FollowerState
2019-10-16 11:36:01,904 [grpc-default-executor-6] INFO  impl.RaftServerImpl (RaftServerImpl.java:setRole(184)) - 70b633f6-b230-4b9f-87f3-510da88f1e08@group-2077DD483DC7: changes role from  FOLLOWER to FOLLOWER at term 178 for recognizeCandidate:a3132885-145f-4a8c-85f4-c10eb874732d
2019-10-16 11:36:01,904 [grpc-default-executor-6] INFO  impl.RoleInfo (RoleInfo.java:shutdownFollowerState(121)) - 70b633f6-b230-4b9f-87f3-510da88f1e08: shutdown FollowerState
2019-10-16 11:36:01,904 [Thread-2740] INFO  impl.FollowerState (FollowerState.java:run(117)) - 163587bb-2c3b-4498-b576-18147cf38274@group-2077DD483DC7-FollowerState was interrupted: java.lang.InterruptedException: sleep interrupted
2019-10-16 11:36:01,904 [grpc-default-executor-4] INFO  impl.RoleInfo (RoleInfo.java:updateAndGet(143)) - 163587bb-2c3b-4498-b576-18147cf38274: start FollowerState
2019-10-16 11:36:01,905 [Thread-2741] INFO  impl.FollowerState (FollowerState.java:run(117)) - 70b633f6-b230-4b9f-87f3-510da88f1e08@group-2077DD483DC7-FollowerState was interrupted: java.lang.InterruptedException: sleep interrupted
2019-10-16 11:36:01,904 [grpc-default-executor-6] INFO  impl.RoleInfo (RoleInfo.java:updateAndGet(143)) - 70b633f6-b230-4b9f-87f3-510da88f1e08: start FollowerState
2019-10-16 11:36:01,926 [a3132885-145f-4a8c-85f4-c10eb874732d@group-2077DD483DC7-LeaderElection346] INFO  impl.LeaderElection (LeaderElection.java:logAndReturn(56)) - a3132885-145f-4a8c-85f4-c10eb874732d@group-2077DD483DC7-LeaderElection346: Election REJECTED; received 2 response(s) [a3132885-145f-4a8c-85f4-c10eb874732d<-163587bb-2c3b-4498-b576-18147cf38274#0:FAIL-t178, a3132885-145f-4a8c-85f4-c10eb874732d<-70b633f6-b230-4b9f-87f3-510da88f1e08#0:FAIL-t178] and 0 exception(s); a3132885-145f-4a8c-85f4-c10eb874732d@group-2077DD483DC7:t178, leader=null, voted=a3132885-145f-4a8c-85f4-c10eb874732d, raftlog=a3132885-145f-4a8c-85f4-c10eb874732d@group-2077DD483DC7-SegmentedRaftLog:OPENED:c-1,f-1,i0, conf=-1: [163587bb-2c3b-4498-b576-18147cf38274:192.168.157.203:33208, a3132885-145f-4a8c-85f4-c10eb874732d:192.168.157.203:46766, 70b633f6-b230-4b9f-87f3-510da88f1e08:192.168.157.203:43163], old=null
2019-10-16 11:36:01,927 [a3132885-145f-4a8c-85f4-c10eb874732d@group-2077DD483DC7-LeaderElection346] INFO  impl.RaftServerImpl (RaftServerImpl.java:setRole(184)) - a3132885-145f-4a8c-85f4-c10eb874732d@group-2077DD483DC7: changes role from CANDIDATE to FOLLOWER at term 178 for DISCOVERED_A_NEW_TERM
2019-10-16 11:36:01,927 [a3132885-145f-4a8c-85f4-c10eb874732d@group-2077DD483DC7-LeaderElection346] INFO  impl.RoleInfo (RoleInfo.java:shutdownLeaderElection(134)) - a3132885-145f-4a8c-85f4-c10eb874732d: shutdown LeaderElection
2019-10-16 11:36:01,927 [a3132885-145f-4a8c-85f4-c10eb874732d@group-2077DD483DC7-LeaderElection346] INFO  impl.RoleInfo (RoleInfo.java:updateAndGet(143)) - a3132885-145f-4a8c-85f4-c10eb874732d: start FollowerState
2019-10-16 11:36:01,983 [Thread-2760] INFO  impl.FollowerState (FollowerState.java:run(108)) - a3132885-145f-4a8c-85f4-c10eb874732d@group-2077DD483DC7-FollowerState: change to CANDIDATE, lastRpcTime:56ms, electionTimeout:56ms
2019-10-16 11:36:01,984 [Thread-2760] INFO  impl.RoleInfo (RoleInfo.java:shutdownFollowerState(121)) - a3132885-145f-4a8c-85f4-c10eb874732d: shutdown FollowerState
2019-10-16 11:36:01,984 [Thread-2760] INFO  impl.RaftServerImpl (RaftServerImpl.java:setRole(184)) - a3132885-145f-4a8c-85f4-c10eb874732d@group-2077DD483DC7: changes role from  FOLLOWER to CANDIDATE at term 178 for changeToCandidate
2019-10-16 11:36:01,984 [Thread-2760] INFO  impl.RoleInfo (RoleInfo.java:updateAndGet(143)) - a3132885-145f-4a8c-85f4-c10eb874732d: start LeaderElection
2019-10-16 11:36:01,987 [Thread-2754] INFO  impl.FollowerState (FollowerState.java:run(108)) - 1ee6da7b-5867-4bad-ba0d-a2cfd13fd72a@group-B3673A53AB6F-FollowerState: change to CANDIDATE, lastRpcTime:122ms, electionTimeout:122ms
2019-10-16 11:36:01,987 [Thread-2754] INFO  impl.RoleInfo (RoleInfo.java:shutdownFollowerState(121)) - 1ee6da7b-5867-4bad-ba0d-a2cfd13fd72a: shutdown FollowerState
2019-10-16 11:36:01,987 [Thread-2754] INFO  impl.RaftServerImpl (RaftServerImpl.java:setRole(184)) - 1ee6da7b-5867-4bad-ba0d-a2cfd13fd72a@group-B3673A53AB6F: changes role from  FOLLOWER to CANDIDATE at term 189 for changeToCandidate
2019-10-16 11:36:01,987 [Thread-2754] INFO  impl.RoleInfo (RoleInfo.java:updateAndGet(143)) - 1ee6da7b-5867-4bad-ba0d-a2cfd13fd72a: start LeaderElection
2019-10-16 11:36:01,998 [1ee6da7b-5867-4bad-ba0d-a2cfd13fd72a@group-B3673A53AB6F-LeaderElection348] INFO  impl.LeaderElection (LeaderElection.java:askForVotes(178)) - 1ee6da7b-5867-4bad-ba0d-a2cfd13fd72a@group-B3673A53AB6F-LeaderElection348: begin an election at term 190 for -1: [f94c755f-9f95-40b5-85b9-5e712f3f34e7:192.168.157.203:45275, 1ee6da7b-5867-4bad-ba0d-a2cfd13fd72a:192.168.157.203:35892, 4281bf39-36db-462c-8bc9-3c86cb645344:192.168.157.203:42381], old=null
2019-10-16 11:36:01,998 [a3132885-145f-4a8c-85f4-c10eb874732d@group-2077DD483DC7-LeaderElection347] INFO  impl.LeaderElection (LeaderElection.java:askForVotes(178)) - a3132885-145f-4a8c-85f4-c10eb874732d@group-2077DD483DC7-LeaderElection347: begin an election at term 179 for -1: [163587bb-2c3b-4498-b576-18147cf38274:192.168.157.203:33208, a3132885-145f-4a8c-85f4-c10eb874732d:192.168.157.203:46766, 70b633f6-b230-4b9f-87f3-510da88f1e08:192.168.157.203:43163], old=null
2019-10-16 11:36:02,000 [grpc-default-executor-4] INFO  impl.RaftServerImpl (RaftServerImpl.java:setRole(184)) - f94c755f-9f95-40b5-85b9-5e712f3f34e7@group-B3673A53AB6F: changes role from  FOLLOWER to FOLLOWER at term 190 for recognizeCandidate:1ee6da7b-5867-4bad-ba0d-a2cfd13fd72a
2019-10-16 11:36:02,001 [grpc-default-executor-4] INFO  impl.RoleInfo (RoleInfo.java:shutdownFollowerState(121)) - f94c755f-9f95-40b5-85b9-5e712f3f34e7: shutdown FollowerState
2019-10-16 11:36:02,001 [grpc-default-executor-4] INFO  impl.RoleInfo (RoleInfo.java:updateAndGet(143)) - f94c755f-9f95-40b5-85b9-5e712f3f34e7: start FollowerState
2019-10-16 11:36:02,001 [Thread-2753] INFO  impl.FollowerState (FollowerState.java:run(117)) - f94c755f-9f95-40b5-85b9-5e712f3f34e7@group-B3673A53AB6F-FollowerState was interrupted: java.lang.InterruptedException: sleep interrupted
2019-10-16 11:36:02,001 [grpc-default-executor-6] INFO  impl.RaftServerImpl (RaftServerImpl.java:setRole(184)) - 4281bf39-36db-462c-8bc9-3c86cb645344@group-B3673A53AB6F: changes role from  FOLLOWER to FOLLOWER at term 190 for recognizeCandidate:1ee6da7b-5867-4bad-ba0d-a2cfd13fd72a
2019-10-16 11:36:02,001 [grpc-default-executor-6] INFO  impl.RoleInfo (RoleInfo.java:shutdownFollowerState(121)) - 4281bf39-36db-462c-8bc9-3c86cb645344: shutdown FollowerState
2019-10-16 11:36:02,001 [grpc-default-executor-5] INFO  impl.RaftServerImpl (RaftServerImpl.java:setRole(184)) - 70b633f6-b230-4b9f-87f3-510da88f1e08@group-2077DD483DC7: changes role from  FOLLOWER to FOLLOWER at term 179 for recognizeCandidate:a3132885-145f-4a8c-85f4-c10eb874732d
2019-10-16 11:36:02,001 [Thread-2752] INFO  impl.FollowerState (FollowerState.java:run(117)) - 4281bf39-36db-462c-8bc9-3c86cb645344@group-B3673A53AB6F-FollowerState was interrupted: java.lang.InterruptedException: sleep interrupted
2019-10-16 11:36:02,001 [grpc-default-executor-6] INFO  impl.RoleInfo (RoleInfo.java:updateAndGet(143)) - 4281bf39-36db-462c-8bc9-3c86cb645344: start FollowerState
2019-10-16 11:36:02,002 [grpc-default-executor-3] INFO  impl.RaftServerImpl (RaftServerImpl.java:setRole(184)) - 163587bb-2c3b-4498-b576-18147cf38274@group-2077DD483DC7: changes role from  FOLLOWER to FOLLOWER at term 179 for recognizeCandidate:a3132885-145f-4a8c-85f4-c10eb874732d
2019-10-16 11:36:02,002 [grpc-default-executor-3] INFO  impl.RoleInfo (RoleInfo.java:shutdownFollowerState(121)) - 163587bb-2c3b-4498-b576-18147cf38274: shutdown FollowerState
2019-10-16 11:36:02,002 [grpc-default-executor-5] INFO  impl.RoleInfo (RoleInfo.java:shutdownFollowerState(121)) - 70b633f6-b230-4b9f-87f3-510da88f1e08: shutdown FollowerState
2019-10-16 11:36:02,002 [grpc-default-executor-3] INFO  impl.RoleInfo (RoleInfo.java:updateAndGet(143)) - 163587bb-2c3b-4498-b576-18147cf38274: start FollowerState
2019-10-16 11:36:02,002 [Thread-2758] INFO  impl.FollowerState (FollowerState.java:run(117)) - 163587bb-2c3b-4498-b576-18147cf38274@group-2077DD483DC7-FollowerState was interrupted: java.lang.InterruptedException: sleep interrupted
2019-10-16 11:36:02,002 [Thread-2759] INFO  impl.FollowerState (FollowerState.java:run(117)) - 70b633f6-b230-4b9f-87f3-510da88f1e08@group-2077DD483DC7-FollowerState was interrupted: java.lang.InterruptedException: sleep interrupted
2019-10-16 11:36:02,002 [grpc-default-executor-5] INFO  impl.RoleInfo (RoleInfo.java:updateAndGet(143)) - 70b633f6-b230-4b9f-87f3-510da88f1e08: start FollowerState
2019-10-16 11:36:02,015 [1ee6da7b-5867-4bad-ba0d-a2cfd13fd72a@group-B3673A53AB6F-LeaderElection348] INFO  impl.LeaderElection (LeaderElection.java:logAndReturn(56)) - 1ee6da7b-5867-4bad-ba0d-a2cfd13fd72a@group-B3673A53AB6F-LeaderElection348: Election REJECTED; received 2 response(s) [1ee6da7b-5867-4bad-ba0d-a2cfd13fd72a<-f94c755f-9f95-40b5-85b9-5e712f3f34e7#0:FAIL-t190, 1ee6da7b-5867-4bad-ba0d-a2cfd13fd72a<-4281bf39-36db-462c-8bc9-3c86cb645344#0:FAIL-t190] and 0 exception(s); 1ee6da7b-5867-4bad-ba0d-a2cfd13fd72a@group-B3673A53AB6F:t190, leader=null, voted=1ee6da7b-5867-4bad-ba0d-a2cfd13fd72a, raftlog=1ee6da7b-5867-4bad-ba0d-a2cfd13fd72a@group-B3673A53AB6F-SegmentedRaftLog:OPENED:c-1,f-1,i0, conf=-1: [f94c755f-9f95-40b5-85b9-5e712f3f34e7:192.168.157.203:45275, 1ee6da7b-5867-4bad-ba0d-a2cfd13fd72a:192.168.157.203:35892, 4281bf39-36db-462c-8bc9-3c86cb645344:192.168.157.203:42381], old=null
2019-10-16 11:36:02,015 [a3132885-145f-4a8c-85f4-c10eb874732d@group-2077DD483DC7-LeaderElection347] INFO  impl.LeaderElection (LeaderElection.java:logAndReturn(56)) - a3132885-145f-4a8c-85f4-c10eb874732d@group-2077DD483DC7-LeaderElection347: Election REJECTED; received 2 response(s) [a3132885-145f-4a8c-85f4-c10eb874732d<-163587bb-2c3b-4498-b576-18147cf38274#0:FAIL-t179, a3132885-145f-4a8c-85f4-c10eb874732d<-70b633f6-b230-4b9f-87f3-510da88f1e08#0:FAIL-t179] and 0 exception(s); a3132885-145f-4a8c-85f4-c10eb874732d@group-2077DD483DC7:t179, leader=null, voted=a3132885-145f-4a8c-85f4-c10eb874732d, raftlog=a3132885-145f-4a8c-85f4-c10eb874732d@group-2077DD483DC7-SegmentedRaftLog:OPENED:c-1,f-1,i0, conf=-1: [163587bb-2c3b-4498-b576-18147cf38274:192.168.157.203:33208, a3132885-145f-4a8c-85f4-c10eb874732d:192.168.157.203:46766, 70b633f6-b230-4b9f-87f3-510da88f1e08:192.168.157.203:43163], old=null
2019-10-16 11:36:02,015 [1ee6da7b-5867-4bad-ba0d-a2cfd13fd72a@group-B3673A53AB6F-LeaderElection348] INFO  impl.RaftServerImpl (RaftServerImpl.java:setRole(184)) - 1ee6da7b-5867-4bad-ba0d-a2cfd13fd72a@group-B3673A53AB6F: changes role from CANDIDATE to FOLLOWER at term 190 for DISCOVERED_A_NEW_TERM
2019-10-16 11:36:02,016 [1ee6da7b-5867-4bad-ba0d-a2cfd13fd72a@group-B3673A53AB6F-LeaderElection348] INFO  impl.RoleInfo (RoleInfo.java:shutdownLeaderElection(134)) - 1ee6da7b-5867-4bad-ba0d-a2cfd13fd72a: shutdown LeaderElection
2019-10-16 11:36:02,015 [a3132885-145f-4a8c-85f4-c10eb874732d@group-2077DD483DC7-LeaderElection347] INFO  impl.RaftServerImpl (RaftServerImpl.java:setRole(184)) - a3132885-145f-4a8c-85f4-c10eb874732d@group-2077DD483DC7: changes role from CANDIDATE to FOLLOWER at term 179 for DISCOVERED_A_NEW_TERM
2019-10-16 11:36:02,016 [1ee6da7b-5867-4bad-ba0d-a2cfd13fd72a@group-B3673A53AB6F-LeaderElection348] INFO  impl.RoleInfo (RoleInfo.java:updateAndGet(143)) - 1ee6da7b-5867-4bad-ba0d-a2cfd13fd72a: start FollowerState
2019-10-16 11:36:02,016 [a3132885-145f-4a8c-85f4-c10eb874732d@group-2077DD483DC7-LeaderElection347] INFO  impl.RoleInfo (RoleInfo.java:shutdownLeaderElection(134)) - a3132885-145f-4a8c-85f4-c10eb874732d: shutdown LeaderElection
2019-10-16 11:36:02,016 [a3132885-145f-4a8c-85f4-c10eb874732d@group-2077DD483DC7-LeaderElection347] INFO  impl.RoleInfo (RoleInfo.java:updateAndGet(143)) - a3132885-145f-4a8c-85f4-c10eb874732d: start FollowerState
2019-10-16 11:36:02,081 [Thread-2773] INFO  impl.FollowerState (FollowerState.java:run(108)) - 1ee6da7b-5867-4bad-ba0d-a2cfd13fd72a@group-B3673A53AB6F-FollowerState: change to CANDIDATE, lastRpcTime:65ms, electionTimeout:65ms
2019-10-16 11:36:02,081 [Thread-2773] INFO  impl.RoleInfo (RoleInfo.java:shutdownFollowerState(121)) - 1ee6da7b-5867-4bad-ba0d-a2cfd13fd72a: shutdown FollowerState
2019-10-16 11:36:02,081 [Thread-2773] INFO  impl.RaftServerImpl (RaftServerImpl.java:setRole(184)) - 1ee6da7b-5867-4bad-ba0d-a2cfd13fd72a@group-B3673A53AB6F: changes role from  FOLLOWER to CANDIDATE at term 190 for changeToCandidate
2019-10-16 11:36:02,082 [Thread-2773] INFO  impl.RoleInfo (RoleInfo.java:updateAndGet(143)) - 1ee6da7b-5867-4bad-ba0d-a2cfd13fd72a: start LeaderElection
2019-10-16 11:36:02,095 [1ee6da7b-5867-4bad-ba0d-a2cfd13fd72a@group-B3673A53AB6F-LeaderElection349] INFO  impl.LeaderElection (LeaderElection.java:askForVotes(178)) - 1ee6da7b-5867-4bad-ba0d-a2cfd13fd72a@group-B3673A53AB6F-LeaderElection349: begin an election at term 191 for -1: [f94c755f-9f95-40b5-85b9-5e712f3f34e7:192.168.157.203:45275, 1ee6da7b-5867-4bad-ba0d-a2cfd13fd72a:192.168.157.203:35892, 4281bf39-36db-462c-8bc9-3c86cb645344:192.168.157.203:42381], old=null
2019-10-16 11:36:02,097 [grpc-default-executor-5] INFO  impl.RaftServerImpl (RaftServerImpl.java:setRole(184)) - f94c755f-9f95-40b5-85b9-5e712f3f34e7@group-B3673A53AB6F: changes role from  FOLLOWER to FOLLOWER at term 191 for recognizeCandidate:1ee6da7b-5867-4bad-ba0d-a2cfd13fd72a
2019-10-16 11:36:02,097 [grpc-default-executor-5] INFO  impl.RoleInfo (RoleInfo.java:shutdownFollowerState(121)) - f94c755f-9f95-40b5-85b9-5e712f3f34e7: shutdown FollowerState
2019-10-16 11:36:02,097 [grpc-default-executor-3] INFO  impl.RaftServerImpl (RaftServerImpl.java:setRole(184)) - 4281bf39-36db-462c-8bc9-3c86cb645344@group-B3673A53AB6F: changes role from  FOLLOWER to FOLLOWER at term 191 for recognizeCandidate:1ee6da7b-5867-4bad-ba0d-a2cfd13fd72a
2019-10-16 11:36:02,097 [Thread-2769] INFO  impl.FollowerState (FollowerState.java:run(117)) - f94c755f-9f95-40b5-85b9-5e712f3f34e7@group-B3673A53AB6F-FollowerState was interrupted: java.lang.InterruptedException: sleep interrupted
2019-10-16 11:36:02,097 [grpc-default-executor-5] INFO  impl.RoleInfo (RoleInfo.java:updateAndGet(143)) - f94c755f-9f95-40b5-85b9-5e712f3f34e7: start FollowerState
2019-10-16 11:36:02,097 [grpc-default-executor-3] INFO  impl.RoleInfo (RoleInfo.java:shutdownFollowerState(121)) - 4281bf39-36db-462c-8bc9-3c86cb645344: shutdown FollowerState
2019-10-16 11:36:02,098 [grpc-default-executor-3] INFO  impl.RoleInfo (RoleInfo.java:updateAndGet(143)) - 4281bf39-36db-462c-8bc9-3c86cb645344: start FollowerState
2019-10-16 11:36:02,098 [Thread-2770] INFO  impl.FollowerState (FollowerState.java:run(117)) - 4281bf39-36db-462c-8bc9-3c86cb645344@group-B3673A53AB6F-FollowerState was interrupted: java.lang.InterruptedException: sleep interrupted
2019-10-16 11:36:02,112 [1ee6da7b-5867-4bad-ba0d-a2cfd13fd72a@group-B3673A53AB6F-LeaderElection349] INFO  impl.LeaderElection (LeaderElection.java:logAndReturn(56)) - 1ee6da7b-5867-4bad-ba0d-a2cfd13fd72a@group-B3673A53AB6F-LeaderElection349: Election REJECTED; received 2 response(s) [1ee6da7b-5867-4bad-ba0d-a2cfd13fd72a<-f94c755f-9f95-40b5-85b9-5e712f3f34e7#0:FAIL-t191, 1ee6da7b-5867-4bad-ba0d-a2cfd13fd72a<-4281bf39-36db-462c-8bc9-3c86cb645344#0:FAIL-t191] and 0 exception(s); 1ee6da7b-5867-4bad-ba0d-a2cfd13fd72a@group-B3673A53AB6F:t191, leader=null, voted=1ee6da7b-5867-4bad-ba0d-a2cfd13fd72a, raftlog=1ee6da7b-5867-4bad-ba0d-a2cfd13fd72a@group-B3673A53AB6F-SegmentedRaftLog:OPENED:c-1,f-1,i0, conf=-1: [f94c755f-9f95-40b5-85b9-5e712f3f34e7:192.168.157.203:45275, 1ee6da7b-5867-4bad-ba0d-a2cfd13fd72a:192.168.157.203:35892, 4281bf39-36db-462c-8bc9-3c86cb645344:192.168.157.203:42381], old=null
2019-10-16 11:36:02,112 [1ee6da7b-5867-4bad-ba0d-a2cfd13fd72a@group-B3673A53AB6F-LeaderElection349] INFO  impl.RaftServerImpl (RaftServerImpl.java:setRole(184)) - 1ee6da7b-5867-4bad-ba0d-a2cfd13fd72a@group-B3673A53AB6F: changes role from CANDIDATE to FOLLOWER at term 191 for DISCOVERED_A_NEW_TERM
2019-10-16 11:36:02,112 [1ee6da7b-5867-4bad-ba0d-a2cfd13fd72a@group-B3673A53AB6F-LeaderElection349] INFO  impl.RoleInfo (RoleInfo.java:shutdownLeaderElection(134)) - 1ee6da7b-5867-4bad-ba0d-a2cfd13fd72a: shutdown LeaderElection
2019-10-16 11:36:02,113 [1ee6da7b-5867-4bad-ba0d-a2cfd13fd72a@group-B3673A53AB6F-LeaderElection349] INFO  impl.RoleInfo (RoleInfo.java:updateAndGet(143)) - 1ee6da7b-5867-4bad-ba0d-a2cfd13fd72a: start FollowerState
2019-10-16 11:36:02,130 [Thread-2780] INFO  impl.FollowerState (FollowerState.java:run(108)) - 1ee6da7b-5867-4bad-ba0d-a2cfd13fd72a@group-B3673A53AB6F-FollowerState: change to CANDIDATE, lastRpcTime:17ms, electionTimeout:17ms
2019-10-16 11:36:02,130 [Thread-2780] INFO  impl.RoleInfo (RoleInfo.java:shutdownFollowerState(121)) - 1ee6da7b-5867-4bad-ba0d-a2cfd13fd72a: shutdown FollowerState
2019-10-16 11:36:02,130 [Thread-2780] INFO  impl.RaftServerImpl (RaftServerImpl.java:setRole(184)) - 1ee6da7b-5867-4bad-ba0d-a2cfd13fd72a@group-B3673A53AB6F: changes role from  FOLLOWER to CANDIDATE at term 191 for changeToCandidate
2019-10-16 11:36:02,130 [Thread-2780] INFO  impl.RoleInfo (RoleInfo.java:updateAndGet(143)) - 1ee6da7b-5867-4bad-ba0d-a2cfd13fd72a: start LeaderElection
2019-10-16 11:36:02,139 [Thread-2774] INFO  impl.FollowerState (FollowerState.java:run(108)) - a3132885-145f-4a8c-85f4-c10eb874732d@group-2077DD483DC7-FollowerState: change to CANDIDATE, lastRpcTime:122ms, electionTimeout:122ms
2019-10-16 11:36:02,139 [Thread-2774] INFO  impl.RoleInfo (RoleInfo.java:shutdownFollowerState(121)) - a3132885-145f-4a8c-85f4-c10eb874732d: shutdown FollowerState
2019-10-16 11:36:02,139 [Thread-2774] INFO  impl.RaftServerImpl (RaftServerImpl.java:setRole(184)) - a3132885-145f-4a8c-85f4-c10eb874732d@group-2077DD483DC7: changes role from  FOLLOWER to CANDIDATE at term 179 for changeToCandidate
2019-10-16 11:36:02,139 [Thread-2774] INFO  impl.RoleInfo (RoleInfo.java:updateAndGet(143)) - a3132885-145f-4a8c-85f4-c10eb874732d: start LeaderElection
2019-10-16 11:36:02,144 [1ee6da7b-5867-4bad-ba0d-a2cfd13fd72a@group-B3673A53AB6F-LeaderElection350] INFO  impl.LeaderElection (LeaderElection.java:askForVotes(178)) - 1ee6da7b-5867-4bad-ba0d-a2cfd13fd72a@group-B3673A53AB6F-LeaderElection350: begin an election at term 192 for -1: [f94c755f-9f95-40b5-85b9-5e712f3f34e7:192.168.157.203:45275, 1ee6da7b-5867-4bad-ba0d-a2cfd13fd72a:192.168.157.203:35892, 4281bf39-36db-462c-8bc9-3c86cb645344:192.168.157.203:42381], old=null
2019-10-16 11:36:02,144 [a3132885-145f-4a8c-85f4-c10eb874732d@group-2077DD483DC7-LeaderElection351] INFO  impl.LeaderElection (LeaderElection.java:askForVotes(178)) - a3132885-145f-4a8c-85f4-c10eb874732d@group-2077DD483DC7-LeaderElection351: begin an election at term 180 for -1: [163587bb-2c3b-4498-b576-18147cf38274:192.168.157.203:33208, a3132885-145f-4a8c-85f4-c10eb874732d:192.168.157.203:46766, 70b633f6-b230-4b9f-87f3-510da88f1e08:192.168.157.203:43163], old=null
2019-10-16 11:36:02,146 [grpc-default-executor-5] INFO  impl.RaftServerImpl (RaftServerImpl.java:setRole(184)) - f94c755f-9f95-40b5-85b9-5e712f3f34e7@group-B3673A53AB6F: changes role from  FOLLOWER to FOLLOWER at term 192 for recognizeCandidate:1ee6da7b-5867-4bad-ba0d-a2cfd13fd72a
2019-10-16 11:36:02,147 [grpc-default-executor-5] INFO  impl.RoleInfo (RoleInfo.java:shutdownFollowerState(121)) - f94c755f-9f95-40b5-85b9-5e712f3f34e7: shutdown FollowerState
2019-10-16 11:36:02,147 [grpc-default-executor-5] INFO  impl.RoleInfo (RoleInfo.java:updateAndGet(143)) - f94c755f-9f95-40b5-85b9-5e712f3f34e7: start FollowerState
2019-10-16 11:36:02,147 [grpc-default-executor-3] INFO  impl.RaftServerImpl (RaftServerImpl.java:setRole(184)) - 70b633f6-b230-4b9f-87f3-510da88f1e08@group-2077DD483DC7: changes role from  FOLLOWER to FOLLOWER at term 180 for recognizeCandidate:a3132885-145f-4a8c-85f4-c10eb874732d
2019-10-16 11:36:02,147 [Thread-2778] INFO  impl.FollowerState (FollowerState.java:run(117)) - f94c755f-9f95-40b5-85b9-5e712f3f34e7@group-B3673A53AB6F-FollowerState was interrupted: java.lang.InterruptedException: sleep interrupted
2019-10-16 11:36:02,147 [grpc-default-executor-3] INFO  impl.RoleInfo (RoleInfo.java:shutdownFollowerState(121)) - 70b633f6-b230-4b9f-87f3-510da88f1e08: shutdown FollowerState
2019-10-16 11:36:02,147 [grpc-default-executor-4] INFO  impl.RaftServerImpl (RaftServerImpl.java:setRole(184)) - 163587bb-2c3b-4498-b576-18147cf38274@group-2077DD483DC7: changes role from  FOLLOWER to FOLLOWER at term 180 for recognizeCandidate:a3132885-145f-4a8c-85f4-c10eb874732d
2019-10-16 11:36:02,148 [Thread-2772] INFO  impl.FollowerState (FollowerState.java:run(117)) - 70b633f6-b230-4b9f-87f3-510da88f1e08@group-2077DD483DC7-FollowerState was interrupted: java.lang.InterruptedException: sleep interrupted
2019-10-16 11:36:02,147 [grpc-default-executor-3] INFO  impl.RoleInfo (RoleInfo.java:updateAndGet(143)) - 70b633f6-b230-4b9f-87f3-510da88f1e08: start FollowerState
2019-10-16 11:36:02,148 [grpc-default-executor-6] INFO  impl.RaftServerImpl (RaftServerImpl.java:setRole(184)) - 4281bf39-36db-462c-8bc9-3c86cb645344@group-B3673A53AB6F: changes role from  FOLLOWER to FOLLOWER at term 192 for recognizeCandidate:1ee6da7b-5867-4bad-ba0d-a2cfd13fd72a
2019-10-16 11:36:02,148 [grpc-default-executor-6] INFO  impl.RoleInfo (RoleInfo.java:shutdownFollowerState(121)) - 4281bf39-36db-462c-8bc9-3c86cb645344: shutdown FollowerState
2019-10-16 11:36:02,148 [grpc-default-executor-4] INFO  impl.RoleInfo (RoleInfo.java:shutdownFollowerState(121)) - 163587bb-2c3b-4498-b576-18147cf38274: shutdown FollowerState
2019-10-16 11:36:02,148 [Thread-2779] INFO  impl.FollowerState (FollowerState.java:run(117)) - 4281bf39-36db-462c-8bc9-3c86cb645344@group-B3673A53AB6F-FollowerState was interrupted: java.lang.InterruptedException: sleep interrupted
2019-10-16 11:36:02,148 [grpc-default-executor-6] INFO  impl.RoleInfo (RoleInfo.java:updateAndGet(143)) - 4281bf39-36db-462c-8bc9-3c86cb645344: start FollowerState
2019-10-16 11:36:02,148 [Thread-2771] INFO  impl.FollowerState (FollowerState.java:run(117)) - 163587bb-2c3b-4498-b576-18147cf38274@group-2077DD483DC7-FollowerState was interrupted: java.lang.InterruptedException: sleep interrupted
2019-10-16 11:36:02,148 [grpc-default-executor-4] INFO  impl.RoleInfo (RoleInfo.java:updateAndGet(143)) - 163587bb-2c3b-4498-b576-18147cf38274: start FollowerState
2019-10-16 11:36:02,161 [1ee6da7b-5867-4bad-ba0d-a2cfd13fd72a@group-B3673A53AB6F-LeaderElection350] INFO  impl.LeaderElection (LeaderElection.java:logAndReturn(56)) - 1ee6da7b-5867-4bad-ba0d-a2cfd13fd72a@group-B3673A53AB6F-LeaderElection350: Election REJECTED; received 2 response(s) [1ee6da7b-5867-4bad-ba0d-a2cfd13fd72a<-f94c755f-9f95-40b5-85b9-5e712f3f34e7#0:FAIL-t192, 1ee6da7b-5867-4bad-ba0d-a2cfd13fd72a<-4281bf39-36db-462c-8bc9-3c86cb645344#0:FAIL-t192] and 0 exception(s); 1ee6da7b-5867-4bad-ba0d-a2cfd13fd72a@group-B3673A53AB6F:t192, leader=null, voted=1ee6da7b-5867-4bad-ba0d-a2cfd13fd72a, raftlog=1ee6da7b-5867-4bad-ba0d-a2cfd13fd72a@group-B3673A53AB6F-SegmentedRaftLog:OPENED:c-1,f-1,i0, conf=-1: [f94c755f-9f95-40b5-85b9-5e712f3f34e7:192.168.157.203:45275, 1ee6da7b-5867-4bad-ba0d-a2cfd13fd72a:192.168.157.203:35892, 4281bf39-36db-462c-8bc9-3c86cb645344:192.168.157.203:42381], old=null
2019-10-16 11:36:02,161 [a3132885-145f-4a8c-85f4-c10eb874732d@group-2077DD483DC7-LeaderElection351] INFO  impl.LeaderElection (LeaderElection.java:logAndReturn(56)) - a3132885-145f-4a8c-85f4-c10eb874732d@group-2077DD483DC7-LeaderElection351: Election REJECTED; received 2 response(s) [a3132885-145f-4a8c-85f4-c10eb874732d<-163587bb-2c3b-4498-b576-18147cf38274#0:FAIL-t180, a3132885-145f-4a8c-85f4-c10eb874732d<-70b633f6-b230-4b9f-87f3-510da88f1e08#0:FAIL-t180] and 0 exception(s); a3132885-145f-4a8c-85f4-c10eb874732d@group-2077DD483DC7:t180, leader=null, voted=a3132885-145f-4a8c-85f4-c10eb874732d, raftlog=a3132885-145f-4a8c-85f4-c10eb874732d@group-2077DD483DC7-SegmentedRaftLog:OPENED:c-1,f-1,i0, conf=-1: [163587bb-2c3b-4498-b576-18147cf38274:192.168.157.203:33208, a3132885-145f-4a8c-85f4-c10eb874732d:192.168.157.203:46766, 70b633f6-b230-4b9f-87f3-510da88f1e08:192.168.157.203:43163], old=null
2019-10-16 11:36:02,161 [1ee6da7b-5867-4bad-ba0d-a2cfd13fd72a@group-B3673A53AB6F-LeaderElection350] INFO  impl.RaftServerImpl (RaftServerImpl.java:setRole(184)) - 1ee6da7b-5867-4bad-ba0d-a2cfd13fd72a@group-B3673A53AB6F: changes role from CANDIDATE to FOLLOWER at term 192 for DISCOVERED_A_NEW_TERM
2019-10-16 11:36:02,162 [a3132885-145f-4a8c-85f4-c10eb874732d@group-2077DD483DC7-LeaderElection351] INFO  impl.RaftServerImpl (RaftServerImpl.java:setRole(184)) - a3132885-145f-4a8c-85f4-c10eb874732d@group-2077DD483DC7: changes role from CANDIDATE to FOLLOWER at term 180 for DISCOVERED_A_NEW_TERM
2019-10-16 11:36:02,162 [1ee6da7b-5867-4bad-ba0d-a2cfd13fd72a@group-B3673A53AB6F-LeaderElection350] INFO  impl.RoleInfo (RoleInfo.java:shutdownLeaderElection(134)) - 1ee6da7b-5867-4bad-ba0d-a2cfd13fd72a: shutdown LeaderElection
2019-10-16 11:36:02,162 [a3132885-145f-4a8c-85f4-c10eb874732d@group-2077DD483DC7-LeaderElection351] INFO  impl.RoleInfo (RoleInfo.java:shutdownLeaderElection(134)) - a3132885-145f-4a8c-85f4-c10eb874732d: shutdown LeaderElection
2019-10-16 11:36:02,162 [1ee6da7b-5867-4bad-ba0d-a2cfd13fd72a@group-B3673A53AB6F-LeaderElection350] INFO  impl.RoleInfo (RoleInfo.java:updateAndGet(143)) - 1ee6da7b-5867-4bad-ba0d-a2cfd13fd72a: start FollowerState
2019-10-16 11:36:02,162 [a3132885-145f-4a8c-85f4-c10eb874732d@group-2077DD483DC7-LeaderElection351] INFO  impl.RoleInfo (RoleInfo.java:updateAndGet(143)) - a3132885-145f-4a8c-85f4-c10eb874732d: start FollowerState
2019-10-16 11:36:02,213 [Thread-2792] INFO  impl.FollowerState (FollowerState.java:run(108)) - a3132885-145f-4a8c-85f4-c10eb874732d@group-2077DD483DC7-FollowerState: change to CANDIDATE, lastRpcTime:50ms, electionTimeout:50ms
2019-10-16 11:36:02,213 [Thread-2792] INFO  impl.RoleInfo (RoleInfo.java:shutdownFollowerState(121)) - a3132885-145f-4a8c-85f4-c10eb874732d: shutdown FollowerState
2019-10-16 11:36:02,213 [Thread-2792] INFO  impl.RaftServerImpl (RaftServerImpl.java:setRole(184)) - a3132885-145f-4a8c-85f4-c10eb874732d@group-2077DD483DC7: changes role from  FOLLOWER to CANDIDATE at term 180 for changeToCandidate
2019-10-16 11:36:02,213 [Thread-2792] INFO  impl.RoleInfo (RoleInfo.java:updateAndGet(143)) - a3132885-145f-4a8c-85f4-c10eb874732d: start LeaderElection
2019-10-16 11:36:02,227 [a3132885-145f-4a8c-85f4-c10eb874732d@group-2077DD483DC7-LeaderElection352] INFO  impl.LeaderElection (LeaderElection.java:askForVotes(178)) - a3132885-145f-4a8c-85f4-c10eb874732d@group-2077DD483DC7-LeaderElection352: begin an election at term 181 for -1: [163587bb-2c3b-4498-b576-18147cf38274:192.168.157.203:33208, a3132885-145f-4a8c-85f4-c10eb874732d:192.168.157.203:46766, 70b633f6-b230-4b9f-87f3-510da88f1e08:192.168.157.203:43163], old=null
2019-10-16 11:36:02,229 [grpc-default-executor-4] INFO  impl.RaftServerImpl (RaftServerImpl.java:setRole(184)) - 163587bb-2c3b-4498-b576-18147cf38274@group-2077DD483DC7: changes role from  FOLLOWER to FOLLOWER at term 181 for recognizeCandidate:a3132885-145f-4a8c-85f4-c10eb874732d
2019-10-16 11:36:02,229 [grpc-default-executor-4] INFO  impl.RoleInfo (RoleInfo.java:shutdownFollowerState(121)) - 163587bb-2c3b-4498-b576-18147cf38274: shutdown FollowerState
2019-10-16 11:36:02,229 [grpc-default-executor-6] INFO  impl.RaftServerImpl (RaftServerImpl.java:setRole(184)) - 70b633f6-b230-4b9f-87f3-510da88f1e08@group-2077DD483DC7: changes role from  FOLLOWER to FOLLOWER at term 181 for recognizeCandidate:a3132885-145f-4a8c-85f4-c10eb874732d
2019-10-16 11:36:02,229 [grpc-default-executor-6] INFO  impl.RoleInfo (RoleInfo.java:shutdownFollowerState(121)) - 70b633f6-b230-4b9f-87f3-510da88f1e08: shutdown FollowerState
2019-10-16 11:36:02,229 [Thread-2790] INFO  impl.FollowerState (FollowerState.java:run(117)) - 163587bb-2c3b-4498-b576-18147cf38274@group-2077DD483DC7-FollowerState was interrupted: java.lang.InterruptedException: sleep interrupted
2019-10-16 11:36:02,229 [grpc-default-executor-4] INFO  impl.RoleInfo (RoleInfo.java:updateAndGet(143)) - 163587bb-2c3b-4498-b576-18147cf38274: start FollowerState
2019-10-16 11:36:02,229 [Thread-2788] INFO  impl.FollowerState (FollowerState.java:run(117)) - 70b633f6-b230-4b9f-87f3-510da88f1e08@group-2077DD483DC7-FollowerState was interrupted: java.lang.InterruptedException: sleep interrupted
2019-10-16 11:36:02,229 [grpc-default-executor-6] INFO  impl.RoleInfo (RoleInfo.java:updateAndGet(143)) - 70b633f6-b230-4b9f-87f3-510da88f1e08: start FollowerState
2019-10-16 11:36:02,244 [a3132885-145f-4a8c-85f4-c10eb874732d@group-2077DD483DC7-LeaderElection352] INFO  impl.LeaderElection (LeaderElection.java:logAndReturn(56)) - a3132885-145f-4a8c-85f4-c10eb874732d@group-2077DD483DC7-LeaderElection352: Election REJECTED; received 2 response(s) [a3132885-145f-4a8c-85f4-c10eb874732d<-163587bb-2c3b-4498-b576-18147cf38274#0:FAIL-t181, a3132885-145f-4a8c-85f4-c10eb874732d<-70b633f6-b230-4b9f-87f3-510da88f1e08#0:FAIL-t181] and 0 exception(s); a3132885-145f-4a8c-85f4-c10eb874732d@group-2077DD483DC7:t181, leader=null, voted=a3132885-145f-4a8c-85f4-c10eb874732d, raftlog=a3132885-145f-4a8c-85f4-c10eb874732d@group-2077DD483DC7-SegmentedRaftLog:OPENED:c-1,f-1,i0, conf=-1: [163587bb-2c3b-4498-b576-18147cf38274:192.168.157.203:33208, a3132885-145f-4a8c-85f4-c10eb874732d:192.168.157.203:46766, 70b633f6-b230-4b9f-87f3-510da88f1e08:192.168.157.203:43163], old=null
2019-10-16 11:36:02,244 [a3132885-145f-4a8c-85f4-c10eb874732d@group-2077DD483DC7-LeaderElection352] INFO  impl.RaftServerImpl (RaftServerImpl.java:setRole(184)) - a3132885-145f-4a8c-85f4-c10eb874732d@group-2077DD483DC7: changes role from CANDIDATE to FOLLOWER at term 181 for DISCOVERED_A_NEW_TERM
2019-10-16 11:36:02,244 [a3132885-145f-4a8c-85f4-c10eb874732d@group-2077DD483DC7-LeaderElection352] INFO  impl.RoleInfo (RoleInfo.java:shutdownLeaderElection(134)) - a3132885-145f-4a8c-85f4-c10eb874732d: shutdown LeaderElection
2019-10-16 11:36:02,244 [a3132885-145f-4a8c-85f4-c10eb874732d@group-2077DD483DC7-LeaderElection352] INFO  impl.RoleInfo (RoleInfo.java:updateAndGet(143)) - a3132885-145f-4a8c-85f4-c10eb874732d: start FollowerState
2019-10-16 11:36:02,342 [Thread-2798] INFO  impl.FollowerState (FollowerState.java:run(108)) - a3132885-145f-4a8c-85f4-c10eb874732d@group-2077DD483DC7-FollowerState: change to CANDIDATE, lastRpcTime:98ms, electionTimeout:98ms
2019-10-16 11:36:02,343 [Thread-2798] INFO  impl.RoleInfo (RoleInfo.java:shutdownFollowerState(121)) - a3132885-145f-4a8c-85f4-c10eb874732d: shutdown FollowerState
2019-10-16 11:36:02,343 [Thread-2798] INFO  impl.RaftServerImpl (RaftServerImpl.java:setRole(184)) - a3132885-145f-4a8c-85f4-c10eb874732d@group-2077DD483DC7: changes role from  FOLLOWER to CANDIDATE at term 181 for changeToCandidate
2019-10-16 11:36:02,343 [Thread-2798] INFO  impl.RoleInfo (RoleInfo.java:updateAndGet(143)) - a3132885-145f-4a8c-85f4-c10eb874732d: start LeaderElection
2019-10-16 11:36:02,344 [Thread-2791] INFO  impl.FollowerState (FollowerState.java:run(108)) - 1ee6da7b-5867-4bad-ba0d-a2cfd13fd72a@group-B3673A53AB6F-FollowerState: change to CANDIDATE, lastRpcTime:182ms, electionTimeout:182ms
2019-10-16 11:36:02,344 [Thread-2791] INFO  impl.RoleInfo (RoleInfo.java:shutdownFollowerState(121)) - 1ee6da7b-5867-4bad-ba0d-a2cfd13fd72a: shutdown FollowerState
2019-10-16 11:36:02,345 [Thread-2791] INFO  impl.RaftServerImpl (RaftServerImpl.java:setRole(184)) - 1ee6da7b-5867-4bad-ba0d-a2cfd13fd72a@group-B3673A53AB6F: changes role from  FOLLOWER to CANDIDATE at term 192 for changeToCandidate
2019-10-16 11:36:02,345 [Thread-2791] INFO  impl.RoleInfo (RoleInfo.java:updateAndGet(143)) - 1ee6da7b-5867-4bad-ba0d-a2cfd13fd72a: start LeaderElection
2019-10-16 11:36:02,357 [a3132885-145f-4a8c-85f4-c10eb874732d@group-2077DD483DC7-LeaderElection353] INFO  impl.LeaderElection (LeaderElection.java:askForVotes(178)) - a3132885-145f-4a8c-85f4-c10eb874732d@group-2077DD483DC7-LeaderElection353: begin an election at term 182 for -1: [163587bb-2c3b-4498-b576-18147cf38274:192.168.157.203:33208, a3132885-145f-4a8c-85f4-c10eb874732d:192.168.157.203:46766, 70b633f6-b230-4b9f-87f3-510da88f1e08:192.168.157.203:43163], old=null
2019-10-16 11:36:02,357 [1ee6da7b-5867-4bad-ba0d-a2cfd13fd72a@group-B3673A53AB6F-LeaderElection354] INFO  impl.LeaderElection (LeaderElection.java:askForVotes(178)) - 1ee6da7b-5867-4bad-ba0d-a2cfd13fd72a@group-B3673A53AB6F-LeaderElection354: begin an election at term 193 for -1: [f94c755f-9f95-40b5-85b9-5e712f3f34e7:192.168.157.203:45275, 1ee6da7b-5867-4bad-ba0d-a2cfd13fd72a:192.168.157.203:35892, 4281bf39-36db-462c-8bc9-3c86cb645344:192.168.157.203:42381], old=null
2019-10-16 11:36:02,358 [grpc-default-executor-6] INFO  impl.RaftServerImpl (RaftServerImpl.java:setRole(184)) - 163587bb-2c3b-4498-b576-18147cf38274@group-2077DD483DC7: changes role from  FOLLOWER to FOLLOWER at term 182 for recognizeCandidate:a3132885-145f-4a8c-85f4-c10eb874732d
2019-10-16 11:36:02,359 [grpc-default-executor-6] INFO  impl.RoleInfo (RoleInfo.java:shutdownFollowerState(121)) - 163587bb-2c3b-4498-b576-18147cf38274: shutdown FollowerState
2019-10-16 11:36:02,358 [grpc-default-executor-4] INFO  impl.RaftServerImpl (RaftServerImpl.java:setRole(184)) - f94c755f-9f95-40b5-85b9-5e712f3f34e7@group-B3673A53AB6F: changes role from  FOLLOWER to FOLLOWER at term 193 for recognizeCandidate:1ee6da7b-5867-4bad-ba0d-a2cfd13fd72a
2019-10-16 11:36:02,359 [grpc-default-executor-4] INFO  impl.RoleInfo (RoleInfo.java:shutdownFollowerState(121)) - f94c755f-9f95-40b5-85b9-5e712f3f34e7: shutdown FollowerState
2019-10-16 11:36:02,359 [grpc-default-executor-3] INFO  impl.RaftServerImpl (RaftServerImpl.java:setRole(184)) - 4281bf39-36db-462c-8bc9-3c86cb645344@group-B3673A53AB6F: changes role from  FOLLOWER to FOLLOWER at term 193 for recognizeCandidate:1ee6da7b-5867-4bad-ba0d-a2cfd13fd72a
2019-10-16 11:36:02,359 [grpc-default-executor-3] INFO  impl.RoleInfo (RoleInfo.java:shutdownFollowerState(121)) - 4281bf39-36db-462c-8bc9-3c86cb645344: shutdown FollowerState
2019-10-16 11:36:02,359 [Thread-2796] INFO  impl.FollowerState (FollowerState.java:run(117)) - 163587bb-2c3b-4498-b576-18147cf38274@group-2077DD483DC7-FollowerState was interrupted: java.lang.InterruptedException: sleep interrupted
2019-10-16 11:36:02,359 [grpc-default-executor-6] INFO  impl.RoleInfo (RoleInfo.java:updateAndGet(143)) - 163587bb-2c3b-4498-b576-18147cf38274: start FollowerState
2019-10-16 11:36:02,359 [Thread-2789] INFO  impl.FollowerState (FollowerState.java:run(117)) - 4281bf39-36db-462c-8bc9-3c86cb645344@group-B3673A53AB6F-FollowerState was interrupted: java.lang.InterruptedException: sleep interrupted
2019-10-16 11:36:02,359 [grpc-default-executor-3] INFO  impl.RoleInfo (RoleInfo.java:updateAndGet(143)) - 4281bf39-36db-462c-8bc9-3c86cb645344: start FollowerState
2019-10-16 11:36:02,359 [grpc-default-executor-4] INFO  impl.RoleInfo (RoleInfo.java:updateAndGet(143)) - f94c755f-9f95-40b5-85b9-5e712f3f34e7: start FollowerState
2019-10-16 11:36:02,359 [Thread-2787] INFO  impl.FollowerState (FollowerState.java:run(117)) - f94c755f-9f95-40b5-85b9-5e712f3f34e7@group-B3673A53AB6F-FollowerState was interrupted: java.lang.InterruptedException: sleep interrupted
2019-10-16 11:36:02,359 [grpc-default-executor-5] INFO  impl.RaftServerImpl (RaftServerImpl.java:setRole(184)) - 70b633f6-b230-4b9f-87f3-510da88f1e08@group-2077DD483DC7: changes role from  FOLLOWER to FOLLOWER at term 182 for recognizeCandidate:a3132885-145f-4a8c-85f4-c10eb874732d
2019-10-16 11:36:02,361 [grpc-default-executor-5] INFO  impl.RoleInfo (RoleInfo.java:shutdownFollowerState(121)) - 70b633f6-b230-4b9f-87f3-510da88f1e08: shutdown FollowerState
2019-10-16 11:36:02,361 [grpc-default-executor-5] INFO  impl.RoleInfo (RoleInfo.java:updateAndGet(143)) - 70b633f6-b230-4b9f-87f3-510da88f1e08: start FollowerState
2019-10-16 11:36:02,361 [Thread-2797] INFO  impl.FollowerState (FollowerState.java:run(117)) - 70b633f6-b230-4b9f-87f3-510da88f1e08@group-2077DD483DC7-FollowerState was interrupted: java.lang.InterruptedException: sleep interrupted
2019-10-16 11:36:02,375 [1ee6da7b-5867-4bad-ba0d-a2cfd13fd72a@group-B3673A53AB6F-LeaderElection354] INFO  impl.LeaderElection (LeaderElection.java:logAndReturn(56)) - 1ee6da7b-5867-4bad-ba0d-a2cfd13fd72a@group-B3673A53AB6F-LeaderElection354: Election REJECTED; received 2 response(s) [1ee6da7b-5867-4bad-ba0d-a2cfd13fd72a<-f94c755f-9f95-40b5-85b9-5e712f3f34e7#0:FAIL-t193, 1ee6da7b-5867-4bad-ba0d-a2cfd13fd72a<-4281bf39-36db-462c-8bc9-3c86cb645344#0:FAIL-t193] and 0 exception(s); 1ee6da7b-5867-4bad-ba0d-a2cfd13fd72a@group-B3673A53AB6F:t193, leader=null, voted=1ee6da7b-5867-4bad-ba0d-a2cfd13fd72a, raftlog=1ee6da7b-5867-4bad-ba0d-a2cfd13fd72a@group-B3673A53AB6F-SegmentedRaftLog:OPENED:c-1,f-1,i0, conf=-1: [f94c755f-9f95-40b5-85b9-5e712f3f34e7:192.168.157.203:45275, 1ee6da7b-5867-4bad-ba0d-a2cfd13fd72a:192.168.157.203:35892, 4281bf39-36db-462c-8bc9-3c86cb645344:192.168.157.203:42381], old=null
2019-10-16 11:36:02,375 [a3132885-145f-4a8c-85f4-c10eb874732d@group-2077DD483DC7-LeaderElection353] INFO  impl.LeaderElection (LeaderElection.java:logAndReturn(56)) - a3132885-145f-4a8c-85f4-c10eb874732d@group-2077DD483DC7-LeaderElection353: Election REJECTED; received 2 response(s) [a3132885-145f-4a8c-85f4-c10eb874732d<-163587bb-2c3b-4498-b576-18147cf38274#0:FAIL-t182, a3132885-145f-4a8c-85f4-c10eb874732d<-70b633f6-b230-4b9f-87f3-510da88f1e08#0:FAIL-t182] and 0 exception(s); a3132885-145f-4a8c-85f4-c10eb874732d@group-2077DD483DC7:t182, leader=null, voted=a3132885-145f-4a8c-85f4-c10eb874732d, raftlog=a3132885-145f-4a8c-85f4-c10eb874732d@group-2077DD483DC7-SegmentedRaftLog:OPENED:c-1,f-1,i0, conf=-1: [163587bb-2c3b-4498-b576-18147cf38274:192.168.157.203:33208, a3132885-145f-4a8c-85f4-c10eb874732d:192.168.157.203:46766, 70b633f6-b230-4b9f-87f3-510da88f1e08:192.168.157.203:43163], old=null
2019-10-16 11:36:02,375 [1ee6da7b-5867-4bad-ba0d-a2cfd13fd72a@group-B3673A53AB6F-LeaderElection354] INFO  impl.RaftServerImpl (RaftServerImpl.java:setRole(184)) - 1ee6da7b-5867-4bad-ba0d-a2cfd13fd72a@group-B3673A53AB6F: changes role from CANDIDATE to FOLLOWER at term 193 for DISCOVERED_A_NEW_TERM
2019-10-16 11:36:02,375 [1ee6da7b-5867-4bad-ba0d-a2cfd13fd72a@group-B3673A53AB6F-LeaderElection354] INFO  impl.RoleInfo (RoleInfo.java:shutdownLeaderElection(134)) - 1ee6da7b-5867-4bad-ba0d-a2cfd13fd72a: shutdown LeaderElection
2019-10-16 11:36:02,375 [a3132885-145f-4a8c-85f4-c10eb874732d@group-2077DD483DC7-LeaderElection353] INFO  impl.RaftServerImpl (RaftServerImpl.java:setRole(184)) - a3132885-145f-4a8c-85f4-c10eb874732d@group-2077DD483DC7: changes role from CANDIDATE to FOLLOWER at term 182 for DISCOVERED_A_NEW_TERM
2019-10-16 11:36:02,375 [a3132885-145f-4a8c-85f4-c10eb874732d@group-2077DD483DC7-LeaderElection353] INFO  impl.RoleInfo (RoleInfo.java:shutdownLeaderElection(134)) - a3132885-145f-4a8c-85f4-c10eb874732d: shutdown LeaderElection
2019-10-16 11:36:02,375 [1ee6da7b-5867-4bad-ba0d-a2cfd13fd72a@group-B3673A53AB6F-LeaderElection354] INFO  impl.RoleInfo (RoleInfo.java:updateAndGet(143)) - 1ee6da7b-5867-4bad-ba0d-a2cfd13fd72a: start FollowerState
2019-10-16 11:36:02,375 [a3132885-145f-4a8c-85f4-c10eb874732d@group-2077DD483DC7-LeaderElection353] INFO  impl.RoleInfo (RoleInfo.java:updateAndGet(143)) - a3132885-145f-4a8c-85f4-c10eb874732d: start FollowerState
2019-10-16 11:36:02,393 [Thread-2809] INFO  impl.FollowerState (FollowerState.java:run(108)) - 1ee6da7b-5867-4bad-ba0d-a2cfd13fd72a@group-B3673A53AB6F-FollowerState: change to CANDIDATE, lastRpcTime:17ms, electionTimeout:17ms
2019-10-16 11:36:02,393 [Thread-2809] INFO  impl.RoleInfo (RoleInfo.java:shutdownFollowerState(121)) - 1ee6da7b-5867-4bad-ba0d-a2cfd13fd72a: shutdown FollowerState
2019-10-16 11:36:02,393 [Thread-2809] INFO  impl.RaftServerImpl (RaftServerImpl.java:setRole(184)) - 1ee6da7b-5867-4bad-ba0d-a2cfd13fd72a@group-B3673A53AB6F: changes role from  FOLLOWER to CANDIDATE at term 193 for changeToCandidate
2019-10-16 11:36:02,393 [Thread-2809] INFO  impl.RoleInfo (RoleInfo.java:updateAndGet(143)) - 1ee6da7b-5867-4bad-ba0d-a2cfd13fd72a: start LeaderElection
2019-10-16 11:36:02,407 [1ee6da7b-5867-4bad-ba0d-a2cfd13fd72a@group-B3673A53AB6F-LeaderElection355] INFO  impl.LeaderElection (LeaderElection.java:askForVotes(178)) - 1ee6da7b-5867-4bad-ba0d-a2cfd13fd72a@group-B3673A53AB6F-LeaderElection355: begin an election at term 194 for -1: [f94c755f-9f95-40b5-85b9-5e712f3f34e7:192.168.157.203:45275, 1ee6da7b-5867-4bad-ba0d-a2cfd13fd72a:192.168.157.203:35892, 4281bf39-36db-462c-8bc9-3c86cb645344:192.168.157.203:42381], old=null
2019-10-16 11:36:02,408 [grpc-default-executor-5] INFO  impl.RaftServerImpl (RaftServerImpl.java:setRole(184)) - f94c755f-9f95-40b5-85b9-5e712f3f34e7@group-B3673A53AB6F: changes role from  FOLLOWER to FOLLOWER at term 194 for recognizeCandidate:1ee6da7b-5867-4bad-ba0d-a2cfd13fd72a
2019-10-16 11:36:02,408 [grpc-default-executor-5] INFO  impl.RoleInfo (RoleInfo.java:shutdownFollowerState(121)) - f94c755f-9f95-40b5-85b9-5e712f3f34e7: shutdown FollowerState
2019-10-16 11:36:02,408 [grpc-default-executor-4] INFO  impl.RaftServerImpl (RaftServerImpl.java:setRole(184)) - 4281bf39-36db-462c-8bc9-3c86cb645344@group-B3673A53AB6F: changes role from  FOLLOWER to FOLLOWER at term 194 for recognizeCandidate:1ee6da7b-5867-4bad-ba0d-a2cfd13fd72a
2019-10-16 11:36:02,408 [Thread-2806] INFO  impl.FollowerState (FollowerState.java:run(117)) - f94c755f-9f95-40b5-85b9-5e712f3f34e7@group-B3673A53AB6F-FollowerState was interrupted: java.lang.InterruptedException: sleep interrupted
2019-10-16 11:36:02,408 [grpc-default-executor-5] INFO  impl.RoleInfo (RoleInfo.java:updateAndGet(143)) - f94c755f-9f95-40b5-85b9-5e712f3f34e7: start FollowerState
2019-10-16 11:36:02,408 [grpc-default-executor-4] INFO  impl.RoleInfo (RoleInfo.java:shutdownFollowerState(121)) - 4281bf39-36db-462c-8bc9-3c86cb645344: shutdown FollowerState
2019-10-16 11:36:02,409 [grpc-default-executor-4] INFO  impl.RoleInfo (RoleInfo.java:updateAndGet(143)) - 4281bf39-36db-462c-8bc9-3c86cb645344: start FollowerState
2019-10-16 11:36:02,409 [Thread-2807] INFO  impl.FollowerState (FollowerState.java:run(117)) - 4281bf39-36db-462c-8bc9-3c86cb645344@group-B3673A53AB6F-FollowerState was interrupted: java.lang.InterruptedException: sleep interrupted
2019-10-16 11:36:02,423 [1ee6da7b-5867-4bad-ba0d-a2cfd13fd72a@group-B3673A53AB6F-LeaderElection355] INFO  impl.LeaderElection (LeaderElection.java:logAndReturn(56)) - 1ee6da7b-5867-4bad-ba0d-a2cfd13fd72a@group-B3673A53AB6F-LeaderElection355: Election REJECTED; received 2 response(s) [1ee6da7b-5867-4bad-ba0d-a2cfd13fd72a<-f94c755f-9f95-40b5-85b9-5e712f3f34e7#0:FAIL-t194, 1ee6da7b-5867-4bad-ba0d-a2cfd13fd72a<-4281bf39-36db-462c-8bc9-3c86cb645344#0:FAIL-t194] and 0 exception(s); 1ee6da7b-5867-4bad-ba0d-a2cfd13fd72a@group-B3673A53AB6F:t194, leader=null, voted=1ee6da7b-5867-4bad-ba0d-a2cfd13fd72a, raftlog=1ee6da7b-5867-4bad-ba0d-a2cfd13fd72a@group-B3673A53AB6F-SegmentedRaftLog:OPENED:c-1,f-1,i0, conf=-1: [f94c755f-9f95-40b5-85b9-5e712f3f34e7:192.168.157.203:45275, 1ee6da7b-5867-4bad-ba0d-a2cfd13fd72a:192.168.157.203:35892, 4281bf39-36db-462c-8bc9-3c86cb645344:192.168.157.203:42381], old=null
2019-10-16 11:36:02,423 [1ee6da7b-5867-4bad-ba0d-a2cfd13fd72a@group-B3673A53AB6F-LeaderElection355] INFO  impl.RaftServerImpl (RaftServerImpl.java:setRole(184)) - 1ee6da7b-5867-4bad-ba0d-a2cfd13fd72a@group-B3673A53AB6F: changes role from CANDIDATE to FOLLOWER at term 194 for DISCOVERED_A_NEW_TERM
2019-10-16 11:36:02,423 [1ee6da7b-5867-4bad-ba0d-a2cfd13fd72a@group-B3673A53AB6F-LeaderElection355] INFO  impl.RoleInfo (RoleInfo.java:shutdownLeaderElection(134)) - 1ee6da7b-5867-4bad-ba0d-a2cfd13fd72a: shutdown LeaderElection
2019-10-16 11:36:02,423 [1ee6da7b-5867-4bad-ba0d-a2cfd13fd72a@group-B3673A53AB6F-LeaderElection355] INFO  impl.RoleInfo (RoleInfo.java:updateAndGet(143)) - 1ee6da7b-5867-4bad-ba0d-a2cfd13fd72a: start FollowerState
2019-10-16 11:36:02,432 [Thread-2810] INFO  impl.FollowerState (FollowerState.java:run(108)) - a3132885-145f-4a8c-85f4-c10eb874732d@group-2077DD483DC7-FollowerState: change to CANDIDATE, lastRpcTime:56ms, electionTimeout:56ms
2019-10-16 11:36:02,432 [Thread-2810] INFO  impl.RoleInfo (RoleInfo.java:shutdownFollowerState(121)) - a3132885-145f-4a8c-85f4-c10eb874732d: shutdown FollowerState
2019-10-16 11:36:02,432 [Thread-2810] INFO  impl.RaftServerImpl (RaftServerImpl.java:setRole(184)) - a3132885-145f-4a8c-85f4-c10eb874732d@group-2077DD483DC7: changes role from  FOLLOWER to CANDIDATE at term 182 for changeToCandidate
2019-10-16 11:36:02,432 [Thread-2810] INFO  impl.RoleInfo (RoleInfo.java:updateAndGet(143)) - a3132885-145f-4a8c-85f4-c10eb874732d: start LeaderElection
2019-10-16 11:36:02,442 [a3132885-145f-4a8c-85f4-c10eb874732d@group-2077DD483DC7-LeaderElection356] INFO  impl.LeaderElection (LeaderElection.java:askForVotes(178)) - a3132885-145f-4a8c-85f4-c10eb874732d@group-2077DD483DC7-LeaderElection356: begin an election at term 183 for -1: [163587bb-2c3b-4498-b576-18147cf38274:192.168.157.203:33208, a3132885-145f-4a8c-85f4-c10eb874732d:192.168.157.203:46766, 70b633f6-b230-4b9f-87f3-510da88f1e08:192.168.157.203:43163], old=null
2019-10-16 11:36:02,443 [grpc-default-executor-4] INFO  impl.RaftServerImpl (RaftServerImpl.java:setRole(184)) - 163587bb-2c3b-4498-b576-18147cf38274@group-2077DD483DC7: changes role from  FOLLOWER to FOLLOWER at term 183 for recognizeCandidate:a3132885-145f-4a8c-85f4-c10eb874732d
2019-10-16 11:36:02,444 [grpc-default-executor-4] INFO  impl.RoleInfo (RoleInfo.java:shutdownFollowerState(121)) - 163587bb-2c3b-4498-b576-18147cf38274: shutdown FollowerState
2019-10-16 11:36:02,444 [grpc-default-executor-5] INFO  impl.RaftServerImpl (RaftServerImpl.java:setRole(184)) - 70b633f6-b230-4b9f-87f3-510da88f1e08@group-2077DD483DC7: changes role from  FOLLOWER to FOLLOWER at term 183 for recognizeCandidate:a3132885-145f-4a8c-85f4-c10eb874732d
2019-10-16 11:36:02,444 [grpc-default-executor-5] INFO  impl.RoleInfo (RoleInfo.java:shutdownFollowerState(121)) - 70b633f6-b230-4b9f-87f3-510da88f1e08: shutdown FollowerState
2019-10-16 11:36:02,444 [Thread-2805] INFO  impl.FollowerState (FollowerState.java:run(117)) - 163587bb-2c3b-4498-b576-18147cf38274@group-2077DD483DC7-FollowerState was interrupted: java.lang.InterruptedException: sleep interrupted
2019-10-16 11:36:02,444 [grpc-default-executor-4] INFO  impl.RoleInfo (RoleInfo.java:updateAndGet(143)) - 163587bb-2c3b-4498-b576-18147cf38274: start FollowerState
2019-10-16 11:36:02,444 [grpc-default-executor-5] INFO  impl.RoleInfo (RoleInfo.java:updateAndGet(143)) - 70b633f6-b230-4b9f-87f3-510da88f1e08: start FollowerState
2019-10-16 11:36:02,444 [Thread-2808] INFO  impl.FollowerState (FollowerState.java:run(117)) - 70b633f6-b230-4b9f-87f3-510da88f1e08@group-2077DD483DC7-FollowerState was interrupted: java.lang.InterruptedException: sleep interrupted
2019-10-16 11:36:02,453 [Thread-2816] INFO  impl.FollowerState (FollowerState.java:run(108)) - 1ee6da7b-5867-4bad-ba0d-a2cfd13fd72a@group-B3673A53AB6F-FollowerState: change to CANDIDATE, lastRpcTime:30ms, electionTimeout:30ms
2019-10-16 11:36:02,454 [Thread-2816] INFO  impl.RoleInfo (RoleInfo.java:shutdownFollowerState(121)) - 1ee6da7b-5867-4bad-ba0d-a2cfd13fd72a: shutdown FollowerState
2019-10-16 11:36:02,454 [Thread-2816] INFO  impl.RaftServerImpl (RaftServerImpl.java:setRole(184)) - 1ee6da7b-5867-4bad-ba0d-a2cfd13fd72a@group-B3673A53AB6F: changes role from  FOLLOWER to CANDIDATE at term 194 for changeToCandidate
2019-10-16 11:36:02,454 [Thread-2816] INFO  impl.RoleInfo (RoleInfo.java:updateAndGet(143)) - 1ee6da7b-5867-4bad-ba0d-a2cfd13fd72a: start LeaderElection
2019-10-16 11:36:02,457 [a3132885-145f-4a8c-85f4-c10eb874732d@group-2077DD483DC7-LeaderElection356] INFO  impl.LeaderElection (LeaderElection.java:logAndReturn(56)) - a3132885-145f-4a8c-85f4-c10eb874732d@group-2077DD483DC7-LeaderElection356: Election REJECTED; received 2 response(s) [a3132885-145f-4a8c-85f4-c10eb874732d<-163587bb-2c3b-4498-b576-18147cf38274#0:FAIL-t183, a3132885-145f-4a8c-85f4-c10eb874732d<-70b633f6-b230-4b9f-87f3-510da88f1e08#0:FAIL-t183] and 0 exception(s); a3132885-145f-4a8c-85f4-c10eb874732d@group-2077DD483DC7:t183, leader=null, voted=a3132885-145f-4a8c-85f4-c10eb874732d, raftlog=a3132885-145f-4a8c-85f4-c10eb874732d@group-2077DD483DC7-SegmentedRaftLog:OPENED:c-1,f-1,i0, conf=-1: [163587bb-2c3b-4498-b576-18147cf38274:192.168.157.203:33208, a3132885-145f-4a8c-85f4-c10eb874732d:192.168.157.203:46766, 70b633f6-b230-4b9f-87f3-510da88f1e08:192.168.157.203:43163], old=null
2019-10-16 11:36:02,457 [a3132885-145f-4a8c-85f4-c10eb874732d@group-2077DD483DC7-LeaderElection356] INFO  impl.RaftServerImpl (RaftServerImpl.java:setRole(184)) - a3132885-145f-4a8c-85f4-c10eb874732d@group-2077DD483DC7: changes role from CANDIDATE to FOLLOWER at term 183 for DISCOVERED_A_NEW_TERM
2019-10-16 11:36:02,457 [a3132885-145f-4a8c-85f4-c10eb874732d@group-2077DD483DC7-LeaderElection356] INFO  impl.RoleInfo (RoleInfo.java:shutdownLeaderElection(134)) - a3132885-145f-4a8c-85f4-c10eb874732d: shutdown LeaderElection
2019-10-16 11:36:02,457 [a3132885-145f-4a8c-85f4-c10eb874732d@group-2077DD483DC7-LeaderElection356] INFO  impl.RoleInfo (RoleInfo.java:updateAndGet(143)) - a3132885-145f-4a8c-85f4-c10eb874732d: start FollowerState
2019-10-16 11:36:02,459 [1ee6da7b-5867-4bad-ba0d-a2cfd13fd72a@group-B3673A53AB6F-LeaderElection357] INFO  impl.LeaderElection (LeaderElection.java:askForVotes(178)) - 1ee6da7b-5867-4bad-ba0d-a2cfd13fd72a@group-B3673A53AB6F-LeaderElection357: begin an election at term 195 for -1: [f94c755f-9f95-40b5-85b9-5e712f3f34e7:192.168.157.203:45275, 1ee6da7b-5867-4bad-ba0d-a2cfd13fd72a:192.168.157.203:35892, 4281bf39-36db-462c-8bc9-3c86cb645344:192.168.157.203:42381], old=null
2019-10-16 11:36:02,460 [grpc-default-executor-5] INFO  impl.RaftServerImpl (RaftServerImpl.java:setRole(184)) - f94c755f-9f95-40b5-85b9-5e712f3f34e7@group-B3673A53AB6F: changes role from  FOLLOWER to FOLLOWER at term 195 for recognizeCandidate:1ee6da7b-5867-4bad-ba0d-a2cfd13fd72a
2019-10-16 11:36:02,460 [grpc-default-executor-5] INFO  impl.RoleInfo (RoleInfo.java:shutdownFollowerState(121)) - f94c755f-9f95-40b5-85b9-5e712f3f34e7: shutdown FollowerState
2019-10-16 11:36:02,461 [grpc-default-executor-4] INFO  impl.RaftServerImpl (RaftServerImpl.java:setRole(184)) - 4281bf39-36db-462c-8bc9-3c86cb645344@group-B3673A53AB6F: changes role from  FOLLOWER to FOLLOWER at term 195 for recognizeCandidate:1ee6da7b-5867-4bad-ba0d-a2cfd13fd72a
2019-10-16 11:36:02,461 [grpc-default-executor-4] INFO  impl.RoleInfo (RoleInfo.java:shutdownFollowerState(121)) - 4281bf39-36db-462c-8bc9-3c86cb645344: shutdown FollowerState
2019-10-16 11:36:02,461 [Thread-2814] INFO  impl.FollowerState (FollowerState.java:run(117)) - f94c755f-9f95-40b5-85b9-5e712f3f34e7@group-B3673A53AB6F-FollowerState was interrupted: java.lang.InterruptedException: sleep interrupted
2019-10-16 11:36:02,461 [grpc-default-executor-5] INFO  impl.RoleInfo (RoleInfo.java:updateAndGet(143)) - f94c755f-9f95-40b5-85b9-5e712f3f34e7: start FollowerState
2019-10-16 11:36:02,461 [Thread-2815] INFO  impl.FollowerState (FollowerState.java:run(117)) - 4281bf39-36db-462c-8bc9-3c86cb645344@group-B3673A53AB6F-FollowerState was interrupted: java.lang.InterruptedException: sleep interrupted
2019-10-16 11:36:02,461 [grpc-default-executor-4] INFO  impl.RoleInfo (RoleInfo.java:updateAndGet(143)) - 4281bf39-36db-462c-8bc9-3c86cb645344: start FollowerState
2019-10-16 11:36:02,475 [1ee6da7b-5867-4bad-ba0d-a2cfd13fd72a@group-B3673A53AB6F-LeaderElection357] INFO  impl.LeaderElection (LeaderElection.java:logAndReturn(56)) - 1ee6da7b-5867-4bad-ba0d-a2cfd13fd72a@group-B3673A53AB6F-LeaderElection357: Election REJECTED; received 2 response(s) [1ee6da7b-5867-4bad-ba0d-a2cfd13fd72a<-f94c755f-9f95-40b5-85b9-5e712f3f34e7#0:FAIL-t195, 1ee6da7b-5867-4bad-ba0d-a2cfd13fd72a<-4281bf39-36db-462c-8bc9-3c86cb645344#0:FAIL-t195] and 0 exception(s); 1ee6da7b-5867-4bad-ba0d-a2cfd13fd72a@group-B3673A53AB6F:t195, leader=null, voted=1ee6da7b-5867-4bad-ba0d-a2cfd13fd72a, raftlog=1ee6da7b-5867-4bad-ba0d-a2cfd13fd72a@group-B3673A53AB6F-SegmentedRaftLog:OPENED:c-1,f-1,i0, conf=-1: [f94c755f-9f95-40b5-85b9-5e712f3f34e7:192.168.157.203:45275, 1ee6da7b-5867-4bad-ba0d-a2cfd13fd72a:192.168.157.203:35892, 4281bf39-36db-462c-8bc9-3c86cb645344:192.168.157.203:42381], old=null
2019-10-16 11:36:02,475 [1ee6da7b-5867-4bad-ba0d-a2cfd13fd72a@group-B3673A53AB6F-LeaderElection357] INFO  impl.RaftServerImpl (RaftServerImpl.java:setRole(184)) - 1ee6da7b-5867-4bad-ba0d-a2cfd13fd72a@group-B3673A53AB6F: changes role from CANDIDATE to FOLLOWER at term 195 for DISCOVERED_A_NEW_TERM
2019-10-16 11:36:02,476 [1ee6da7b-5867-4bad-ba0d-a2cfd13fd72a@group-B3673A53AB6F-LeaderElection357] INFO  impl.RoleInfo (RoleInfo.java:shutdownLeaderElection(134)) - 1ee6da7b-5867-4bad-ba0d-a2cfd13fd72a: shutdown LeaderElection
2019-10-16 11:36:02,476 [1ee6da7b-5867-4bad-ba0d-a2cfd13fd72a@group-B3673A53AB6F-LeaderElection357] INFO  impl.RoleInfo (RoleInfo.java:updateAndGet(143)) - 1ee6da7b-5867-4bad-ba0d-a2cfd13fd72a: start FollowerState
2019-10-16 11:36:02,641 [Thread-2825] INFO  impl.FollowerState (FollowerState.java:run(108)) - a3132885-145f-4a8c-85f4-c10eb874732d@group-2077DD483DC7-FollowerState: change to CANDIDATE, lastRpcTime:183ms, electionTimeout:183ms
2019-10-16 11:36:02,641 [Thread-2825] INFO  impl.RoleInfo (RoleInfo.java:shutdownFollowerState(121)) - a3132885-145f-4a8c-85f4-c10eb874732d: shutdown FollowerState
2019-10-16 11:36:02,641 [Thread-2825] INFO  impl.RaftServerImpl (RaftServerImpl.java:setRole(184)) - a3132885-145f-4a8c-85f4-c10eb874732d@group-2077DD483DC7: changes role from  FOLLOWER to CANDIDATE at term 183 for changeToCandidate
2019-10-16 11:36:02,641 [Thread-2825] INFO  impl.RoleInfo (RoleInfo.java:updateAndGet(143)) - a3132885-145f-4a8c-85f4-c10eb874732d: start LeaderElection
2019-10-16 11:36:02,649 [Thread-2830] INFO  impl.FollowerState (FollowerState.java:run(108)) - 1ee6da7b-5867-4bad-ba0d-a2cfd13fd72a@group-B3673A53AB6F-FollowerState: change to CANDIDATE, lastRpcTime:173ms, electionTimeout:173ms
2019-10-16 11:36:02,649 [Thread-2830] INFO  impl.RoleInfo (RoleInfo.java:shutdownFollowerState(121)) - 1ee6da7b-5867-4bad-ba0d-a2cfd13fd72a: shutdown FollowerState
2019-10-16 11:36:02,649 [Thread-2830] INFO  impl.RaftServerImpl (RaftServerImpl.java:setRole(184)) - 1ee6da7b-5867-4bad-ba0d-a2cfd13fd72a@group-B3673A53AB6F: changes role from  FOLLOWER to CANDIDATE at term 195 for changeToCandidate
2019-10-16 11:36:02,649 [Thread-2830] INFO  impl.RoleInfo (RoleInfo.java:updateAndGet(143)) - 1ee6da7b-5867-4bad-ba0d-a2cfd13fd72a: start LeaderElection
2019-10-16 11:36:02,655 [1ee6da7b-5867-4bad-ba0d-a2cfd13fd72a@group-B3673A53AB6F-LeaderElection359] INFO  impl.LeaderElection (LeaderElection.java:askForVotes(178)) - 1ee6da7b-5867-4bad-ba0d-a2cfd13fd72a@group-B3673A53AB6F-LeaderElection359: begin an election at term 196 for -1: [f94c755f-9f95-40b5-85b9-5e712f3f34e7:192.168.157.203:45275, 1ee6da7b-5867-4bad-ba0d-a2cfd13fd72a:192.168.157.203:35892, 4281bf39-36db-462c-8bc9-3c86cb645344:192.168.157.203:42381], old=null
2019-10-16 11:36:02,655 [a3132885-145f-4a8c-85f4-c10eb874732d@group-2077DD483DC7-LeaderElection358] INFO  impl.LeaderElection (LeaderElection.java:askForVotes(178)) - a3132885-145f-4a8c-85f4-c10eb874732d@group-2077DD483DC7-LeaderElection358: begin an election at term 184 for -1: [163587bb-2c3b-4498-b576-18147cf38274:192.168.157.203:33208, a3132885-145f-4a8c-85f4-c10eb874732d:192.168.157.203:46766, 70b633f6-b230-4b9f-87f3-510da88f1e08:192.168.157.203:43163], old=null
2019-10-16 11:36:02,658 [grpc-default-executor-5] INFO  impl.RaftServerImpl (RaftServerImpl.java:setRole(184)) - f94c755f-9f95-40b5-85b9-5e712f3f34e7@group-B3673A53AB6F: changes role from  FOLLOWER to FOLLOWER at term 196 for recognizeCandidate:1ee6da7b-5867-4bad-ba0d-a2cfd13fd72a
2019-10-16 11:36:02,658 [grpc-default-executor-5] INFO  impl.RoleInfo (RoleInfo.java:shutdownFollowerState(121)) - f94c755f-9f95-40b5-85b9-5e712f3f34e7: shutdown FollowerState
2019-10-16 11:36:02,658 [grpc-default-executor-6] INFO  impl.RaftServerImpl (RaftServerImpl.java:setRole(184)) - 163587bb-2c3b-4498-b576-18147cf38274@group-2077DD483DC7: changes role from  FOLLOWER to FOLLOWER at term 184 for recognizeCandidate:a3132885-145f-4a8c-85f4-c10eb874732d
2019-10-16 11:36:02,659 [grpc-default-executor-3] INFO  impl.RaftServerImpl (RaftServerImpl.java:setRole(184)) - 4281bf39-36db-462c-8bc9-3c86cb645344@group-B3673A53AB6F: changes role from  FOLLOWER to FOLLOWER at term 196 for recognizeCandidate:1ee6da7b-5867-4bad-ba0d-a2cfd13fd72a
2019-10-16 11:36:02,659 [grpc-default-executor-3] INFO  impl.RoleInfo (RoleInfo.java:shutdownFollowerState(121)) - 4281bf39-36db-462c-8bc9-3c86cb645344: shutdown FollowerState
2019-10-16 11:36:02,658 [grpc-default-executor-4] INFO  impl.RaftServerImpl (RaftServerImpl.java:setRole(184)) - 70b633f6-b230-4b9f-87f3-510da88f1e08@group-2077DD483DC7: changes role from  FOLLOWER to FOLLOWER at term 184 for recognizeCandidate:a3132885-145f-4a8c-85f4-c10eb874732d
2019-10-16 11:36:02,659 [grpc-default-executor-4] INFO  impl.RoleInfo (RoleInfo.java:shutdownFollowerState(121)) - 70b633f6-b230-4b9f-87f3-510da88f1e08: shutdown FollowerState
2019-10-16 11:36:02,659 [Thread-2829] INFO  impl.FollowerState (FollowerState.java:run(117)) - 4281bf39-36db-462c-8bc9-3c86cb645344@group-B3673A53AB6F-FollowerState was interrupted: java.lang.InterruptedException: sleep interrupted
2019-10-16 11:36:02,659 [Thread-2821] INFO  impl.FollowerState (FollowerState.java:run(117)) - 70b633f6-b230-4b9f-87f3-510da88f1e08@group-2077DD483DC7-FollowerState was interrupted: java.lang.InterruptedException: sleep interrupted
2019-10-16 11:36:02,659 [grpc-default-executor-3] INFO  impl.RoleInfo (RoleInfo.java:updateAndGet(143)) - 4281bf39-36db-462c-8bc9-3c86cb645344: start FollowerState
2019-10-16 11:36:02,659 [grpc-default-executor-6] INFO  impl.RoleInfo (RoleInfo.java:shutdownFollowerState(121)) - 163587bb-2c3b-4498-b576-18147cf38274: shutdown FollowerState
2019-10-16 11:36:02,659 [Thread-2828] INFO  impl.FollowerState (FollowerState.java:run(117)) - f94c755f-9f95-40b5-85b9-5e712f3f34e7@group-B3673A53AB6F-FollowerState was interrupted: java.lang.InterruptedException: sleep interrupted
2019-10-16 11:36:02,658 [grpc-default-executor-5] INFO  impl.RoleInfo (RoleInfo.java:updateAndGet(143)) - f94c755f-9f95-40b5-85b9-5e712f3f34e7: start FollowerState
2019-10-16 11:36:02,660 [Thread-2820] INFO  impl.FollowerState (FollowerState.java:run(117)) - 163587bb-2c3b-4498-b576-18147cf38274@group-2077DD483DC7-FollowerState was interrupted: java.lang.InterruptedException: sleep interrupted
2019-10-16 11:36:02,660 [grpc-default-executor-6] INFO  impl.RoleInfo (RoleInfo.java:updateAndGet(143)) - 163587bb-2c3b-4498-b576-18147cf38274: start FollowerState
2019-10-16 11:36:02,659 [grpc-default-executor-4] INFO  impl.RoleInfo (RoleInfo.java:updateAndGet(143)) - 70b633f6-b230-4b9f-87f3-510da88f1e08: start FollowerState
2019-10-16 11:36:02,662 [1ee6da7b-5867-4bad-ba0d-a2cfd13fd72a@group-B3673A53AB6F-LeaderElection359] INFO  impl.LeaderElection (LeaderElection.java:logAndReturn(56)) - 1ee6da7b-5867-4bad-ba0d-a2cfd13fd72a@group-B3673A53AB6F-LeaderElection359: Election TIMEOUT; received 0 response(s) [] and 0 exception(s); 1ee6da7b-5867-4bad-ba0d-a2cfd13fd72a@group-B3673A53AB6F:t196, leader=null, voted=1ee6da7b-5867-4bad-ba0d-a2cfd13fd72a, raftlog=1ee6da7b-5867-4bad-ba0d-a2cfd13fd72a@group-B3673A53AB6F-SegmentedRaftLog:OPENED:c-1,f-1,i0, conf=-1: [f94c755f-9f95-40b5-85b9-5e712f3f34e7:192.168.157.203:45275, 1ee6da7b-5867-4bad-ba0d-a2cfd13fd72a:192.168.157.203:35892, 4281bf39-36db-462c-8bc9-3c86cb645344:192.168.157.203:42381], old=null
2019-10-16 11:36:02,673 [1ee6da7b-5867-4bad-ba0d-a2cfd13fd72a@group-B3673A53AB6F-LeaderElection359] INFO  impl.LeaderElection (LeaderElection.java:askForVotes(178)) - 1ee6da7b-5867-4bad-ba0d-a2cfd13fd72a@group-B3673A53AB6F-LeaderElection359: begin an election at term 197 for -1: [f94c755f-9f95-40b5-85b9-5e712f3f34e7:192.168.157.203:45275, 1ee6da7b-5867-4bad-ba0d-a2cfd13fd72a:192.168.157.203:35892, 4281bf39-36db-462c-8bc9-3c86cb645344:192.168.157.203:42381], old=null
2019-10-16 11:36:02,674 [1ee6da7b-5867-4bad-ba0d-a2cfd13fd72a@group-B3673A53AB6F-LeaderElection359] INFO  impl.LeaderElection (LeaderElection.java:logAndReturn(56)) - 1ee6da7b-5867-4bad-ba0d-a2cfd13fd72a@group-B3673A53AB6F-LeaderElection359: Election TIMEOUT; received 0 response(s) [] and 0 exception(s); 1ee6da7b-5867-4bad-ba0d-a2cfd13fd72a@group-B3673A53AB6F:t197, leader=null, voted=1ee6da7b-5867-4bad-ba0d-a2cfd13fd72a, raftlog=1ee6da7b-5867-4bad-ba0d-a2cfd13fd72a@group-B3673A53AB6F-SegmentedRaftLog:OPENED:c-1,f-1,i0, conf=-1: [f94c755f-9f95-40b5-85b9-5e712f3f34e7:192.168.157.203:45275, 1ee6da7b-5867-4bad-ba0d-a2cfd13fd72a:192.168.157.203:35892, 4281bf39-36db-462c-8bc9-3c86cb645344:192.168.157.203:42381], old=null
2019-10-16 11:36:02,674 [a3132885-145f-4a8c-85f4-c10eb874732d@group-2077DD483DC7-LeaderElection358] INFO  impl.LeaderElection (LeaderElection.java:logAndReturn(56)) - a3132885-145f-4a8c-85f4-c10eb874732d@group-2077DD483DC7-LeaderElection358: Election REJECTED; received 2 response(s) [a3132885-145f-4a8c-85f4-c10eb874732d<-163587bb-2c3b-4498-b576-18147cf38274#0:FAIL-t184, a3132885-145f-4a8c-85f4-c10eb874732d<-70b633f6-b230-4b9f-87f3-510da88f1e08#0:FAIL-t184] and 0 exception(s); a3132885-145f-4a8c-85f4-c10eb874732d@group-2077DD483DC7:t184, leader=null, voted=a3132885-145f-4a8c-85f4-c10eb874732d, raftlog=a3132885-145f-4a8c-85f4-c10eb874732d@group-2077DD483DC7-SegmentedRaftLog:OPENED:c-1,f-1,i0, conf=-1: [163587bb-2c3b-4498-b576-18147cf38274:192.168.157.203:33208, a3132885-145f-4a8c-85f4-c10eb874732d:192.168.157.203:46766, 70b633f6-b230-4b9f-87f3-510da88f1e08:192.168.157.203:43163], old=null
2019-10-16 11:36:02,674 [a3132885-145f-4a8c-85f4-c10eb874732d@group-2077DD483DC7-LeaderElection358] INFO  impl.RaftServerImpl (RaftServerImpl.java:setRole(184)) - a3132885-145f-4a8c-85f4-c10eb874732d@group-2077DD483DC7: changes role from CANDIDATE to FOLLOWER at term 184 for DISCOVERED_A_NEW_TERM
2019-10-16 11:36:02,675 [a3132885-145f-4a8c-85f4-c10eb874732d@group-2077DD483DC7-LeaderElection358] INFO  impl.RoleInfo (RoleInfo.java:shutdownLeaderElection(134)) - a3132885-145f-4a8c-85f4-c10eb874732d: shutdown LeaderElection
2019-10-16 11:36:02,675 [a3132885-145f-4a8c-85f4-c10eb874732d@group-2077DD483DC7-LeaderElection358] INFO  impl.RoleInfo (RoleInfo.java:updateAndGet(143)) - a3132885-145f-4a8c-85f4-c10eb874732d: start FollowerState
2019-10-16 11:36:02,675 [grpc-default-executor-6] INFO  impl.RaftServerImpl (RaftServerImpl.java:setRole(184)) - f94c755f-9f95-40b5-85b9-5e712f3f34e7@group-B3673A53AB6F: changes role from  FOLLOWER to FOLLOWER at term 197 for recognizeCandidate:1ee6da7b-5867-4bad-ba0d-a2cfd13fd72a
2019-10-16 11:36:02,675 [grpc-default-executor-6] INFO  impl.RoleInfo (RoleInfo.java:shutdownFollowerState(121)) - f94c755f-9f95-40b5-85b9-5e712f3f34e7: shutdown FollowerState
2019-10-16 11:36:02,675 [grpc-default-executor-6] INFO  impl.RoleInfo (RoleInfo.java:updateAndGet(143)) - f94c755f-9f95-40b5-85b9-5e712f3f34e7: start FollowerState
2019-10-16 11:36:02,675 [Thread-2837] INFO  impl.FollowerState (FollowerState.java:run(117)) - f94c755f-9f95-40b5-85b9-5e712f3f34e7@group-B3673A53AB6F-FollowerState was interrupted: java.lang.InterruptedException: sleep interrupted
2019-10-16 11:36:02,676 [grpc-default-executor-5] INFO  impl.RaftServerImpl (RaftServerImpl.java:setRole(184)) - 4281bf39-36db-462c-8bc9-3c86cb645344@group-B3673A53AB6F: changes role from  FOLLOWER to FOLLOWER at term 197 for recognizeCandidate:1ee6da7b-5867-4bad-ba0d-a2cfd13fd72a
2019-10-16 11:36:02,676 [grpc-default-executor-5] INFO  impl.RoleInfo (RoleInfo.java:shutdownFollowerState(121)) - 4281bf39-36db-462c-8bc9-3c86cb645344: shutdown FollowerState
2019-10-16 11:36:02,676 [grpc-default-executor-5] INFO  impl.RoleInfo (RoleInfo.java:updateAndGet(143)) - 4281bf39-36db-462c-8bc9-3c86cb645344: start FollowerState
2019-10-16 11:36:02,676 [Thread-2838] INFO  impl.FollowerState (FollowerState.java:run(117)) - 4281bf39-36db-462c-8bc9-3c86cb645344@group-B3673A53AB6F-FollowerState was interrupted: java.lang.InterruptedException: sleep interrupted
2019-10-16 11:36:02,712 [1ee6da7b-5867-4bad-ba0d-a2cfd13fd72a@group-B3673A53AB6F-LeaderElection359] INFO  impl.LeaderElection (LeaderElection.java:askForVotes(178)) - 1ee6da7b-5867-4bad-ba0d-a2cfd13fd72a@group-B3673A53AB6F-LeaderElection359: begin an election at term 198 for -1: [f94c755f-9f95-40b5-85b9-5e712f3f34e7:192.168.157.203:45275, 1ee6da7b-5867-4bad-ba0d-a2cfd13fd72a:192.168.157.203:35892, 4281bf39-36db-462c-8bc9-3c86cb645344:192.168.157.203:42381], old=null
2019-10-16 11:36:02,714 [grpc-default-executor-6] INFO  impl.RaftServerImpl (RaftServerImpl.java:setRole(184)) - f94c755f-9f95-40b5-85b9-5e712f3f34e7@group-B3673A53AB6F: changes role from  FOLLOWER to FOLLOWER at term 198 for recognizeCandidate:1ee6da7b-5867-4bad-ba0d-a2cfd13fd72a
2019-10-16 11:36:02,714 [grpc-default-executor-6] INFO  impl.RoleInfo (RoleInfo.java:shutdownFollowerState(121)) - f94c755f-9f95-40b5-85b9-5e712f3f34e7: shutdown FollowerState
2019-10-16 11:36:02,715 [grpc-default-executor-6] INFO  impl.RoleInfo (RoleInfo.java:updateAndGet(143)) - f94c755f-9f95-40b5-85b9-5e712f3f34e7: start FollowerState
2019-10-16 11:36:02,715 [grpc-default-executor-5] INFO  impl.RaftServerImpl (RaftServerImpl.java:setRole(184)) - 4281bf39-36db-462c-8bc9-3c86cb645344@group-B3673A53AB6F: changes role from  FOLLOWER to FOLLOWER at term 198 for recognizeCandidate:1ee6da7b-5867-4bad-ba0d-a2cfd13fd72a
2019-10-16 11:36:02,715 [grpc-default-executor-5] INFO  impl.RoleInfo (RoleInfo.java:shutdownFollowerState(121)) - 4281bf39-36db-462c-8bc9-3c86cb645344: shutdown FollowerState
2019-10-16 11:36:02,715 [Thread-2844] INFO  impl.FollowerState (FollowerState.java:run(117)) - f94c755f-9f95-40b5-85b9-5e712f3f34e7@group-B3673A53AB6F-FollowerState was interrupted: java.lang.InterruptedException: sleep interrupted
2019-10-16 11:36:02,715 [Thread-2845] INFO  impl.FollowerState (FollowerState.java:run(117)) - 4281bf39-36db-462c-8bc9-3c86cb645344@group-B3673A53AB6F-FollowerState was interrupted: java.lang.InterruptedException: sleep interrupted
2019-10-16 11:36:02,715 [grpc-default-executor-5] INFO  impl.RoleInfo (RoleInfo.java:updateAndGet(143)) - 4281bf39-36db-462c-8bc9-3c86cb645344: start FollowerState
2019-10-16 11:36:02,723 [1ee6da7b-5867-4bad-ba0d-a2cfd13fd72a@group-B3673A53AB6F-LeaderElection359] INFO  impl.LeaderElection (LeaderElection.java:logAndReturn(56)) - 1ee6da7b-5867-4bad-ba0d-a2cfd13fd72a@group-B3673A53AB6F-LeaderElection359: Election REJECTED; received 2 response(s) [1ee6da7b-5867-4bad-ba0d-a2cfd13fd72a<-f94c755f-9f95-40b5-85b9-5e712f3f34e7#0:FAIL-t198, 1ee6da7b-5867-4bad-ba0d-a2cfd13fd72a<-4281bf39-36db-462c-8bc9-3c86cb645344#0:FAIL-t198] and 0 exception(s); 1ee6da7b-5867-4bad-ba0d-a2cfd13fd72a@group-B3673A53AB6F:t198, leader=null, voted=1ee6da7b-5867-4bad-ba0d-a2cfd13fd72a, raftlog=1ee6da7b-5867-4bad-ba0d-a2cfd13fd72a@group-B3673A53AB6F-SegmentedRaftLog:OPENED:c-1,f-1,i0, conf=-1: [f94c755f-9f95-40b5-85b9-5e712f3f34e7:192.168.157.203:45275, 1ee6da7b-5867-4bad-ba0d-a2cfd13fd72a:192.168.157.203:35892, 4281bf39-36db-462c-8bc9-3c86cb645344:192.168.157.203:42381], old=null
2019-10-16 11:36:02,723 [1ee6da7b-5867-4bad-ba0d-a2cfd13fd72a@group-B3673A53AB6F-LeaderElection359] INFO  impl.RaftServerImpl (RaftServerImpl.java:setRole(184)) - 1ee6da7b-5867-4bad-ba0d-a2cfd13fd72a@group-B3673A53AB6F: changes role from CANDIDATE to FOLLOWER at term 198 for DISCOVERED_A_NEW_TERM
2019-10-16 11:36:02,723 [1ee6da7b-5867-4bad-ba0d-a2cfd13fd72a@group-B3673A53AB6F-LeaderElection359] INFO  impl.RoleInfo (RoleInfo.java:shutdownLeaderElection(134)) - 1ee6da7b-5867-4bad-ba0d-a2cfd13fd72a: shutdown LeaderElection
2019-10-16 11:36:02,723 [1ee6da7b-5867-4bad-ba0d-a2cfd13fd72a@group-B3673A53AB6F-LeaderElection359] INFO  impl.RoleInfo (RoleInfo.java:updateAndGet(143)) - 1ee6da7b-5867-4bad-ba0d-a2cfd13fd72a: start FollowerState
2019-10-16 11:36:02,804 [Thread-2843] INFO  impl.FollowerState (FollowerState.java:run(108)) - a3132885-145f-4a8c-85f4-c10eb874732d@group-2077DD483DC7-FollowerState: change to CANDIDATE, lastRpcTime:129ms, electionTimeout:129ms
2019-10-16 11:36:02,804 [Thread-2843] INFO  impl.RoleInfo (RoleInfo.java:shutdownFollowerState(121)) - a3132885-145f-4a8c-85f4-c10eb874732d: shutdown FollowerState
2019-10-16 11:36:02,804 [Thread-2843] INFO  impl.RaftServerImpl (RaftServerImpl.java:setRole(184)) - a3132885-145f-4a8c-85f4-c10eb874732d@group-2077DD483DC7: changes role from  FOLLOWER to CANDIDATE at term 184 for changeToCandidate
2019-10-16 11:36:02,805 [Thread-2843] INFO  impl.RoleInfo (RoleInfo.java:updateAndGet(143)) - a3132885-145f-4a8c-85f4-c10eb874732d: start LeaderElection
2019-10-16 11:36:02,818 [a3132885-145f-4a8c-85f4-c10eb874732d@group-2077DD483DC7-LeaderElection360] INFO  impl.LeaderElection (LeaderElection.java:askForVotes(178)) - a3132885-145f-4a8c-85f4-c10eb874732d@group-2077DD483DC7-LeaderElection360: begin an election at term 185 for -1: [163587bb-2c3b-4498-b576-18147cf38274:192.168.157.203:33208, a3132885-145f-4a8c-85f4-c10eb874732d:192.168.157.203:46766, 70b633f6-b230-4b9f-87f3-510da88f1e08:192.168.157.203:43163], old=null
2019-10-16 11:36:02,820 [grpc-default-executor-5] INFO  impl.RaftServerImpl (RaftServerImpl.java:setRole(184)) - 163587bb-2c3b-4498-b576-18147cf38274@group-2077DD483DC7: changes role from  FOLLOWER to FOLLOWER at term 185 for recognizeCandidate:a3132885-145f-4a8c-85f4-c10eb874732d
2019-10-16 11:36:02,821 [grpc-default-executor-5] INFO  impl.RoleInfo (RoleInfo.java:shutdownFollowerState(121)) - 163587bb-2c3b-4498-b576-18147cf38274: shutdown FollowerState
2019-10-16 11:36:02,821 [grpc-default-executor-5] INFO  impl.RoleInfo (RoleInfo.java:updateAndGet(143)) - 163587bb-2c3b-4498-b576-18147cf38274: start FollowerState
2019-10-16 11:36:02,821 [Thread-2840] INFO  impl.FollowerState (FollowerState.java:run(117)) - 163587bb-2c3b-4498-b576-18147cf38274@group-2077DD483DC7-FollowerState was interrupted: java.lang.InterruptedException: sleep interrupted
2019-10-16 11:36:02,821 [grpc-default-executor-6] INFO  impl.RaftServerImpl (RaftServerImpl.java:setRole(184)) - 70b633f6-b230-4b9f-87f3-510da88f1e08@group-2077DD483DC7: changes role from  FOLLOWER to FOLLOWER at term 185 for recognizeCandidate:a3132885-145f-4a8c-85f4-c10eb874732d
2019-10-16 11:36:02,821 [grpc-default-executor-6] INFO  impl.RoleInfo (RoleInfo.java:shutdownFollowerState(121)) - 70b633f6-b230-4b9f-87f3-510da88f1e08: shutdown FollowerState
2019-10-16 11:36:02,821 [grpc-default-executor-6] INFO  impl.RoleInfo (RoleInfo.java:updateAndGet(143)) - 70b633f6-b230-4b9f-87f3-510da88f1e08: start FollowerState
2019-10-16 11:36:02,822 [Thread-2839] INFO  impl.FollowerState (FollowerState.java:run(117)) - 70b633f6-b230-4b9f-87f3-510da88f1e08@group-2077DD483DC7-FollowerState was interrupted: java.lang.InterruptedException: sleep interrupted
2019-10-16 11:36:02,835 [a3132885-145f-4a8c-85f4-c10eb874732d@group-2077DD483DC7-LeaderElection360] INFO  impl.LeaderElection (LeaderElection.java:logAndReturn(56)) - a3132885-145f-4a8c-85f4-c10eb874732d@group-2077DD483DC7-LeaderElection360: Election REJECTED; received 2 response(s) [a3132885-145f-4a8c-85f4-c10eb874732d<-163587bb-2c3b-4498-b576-18147cf38274#0:FAIL-t185, a3132885-145f-4a8c-85f4-c10eb874732d<-70b633f6-b230-4b9f-87f3-510da88f1e08#0:FAIL-t185] and 0 exception(s); a3132885-145f-4a8c-85f4-c10eb874732d@group-2077DD483DC7:t185, leader=null, voted=a3132885-145f-4a8c-85f4-c10eb874732d, raftlog=a3132885-145f-4a8c-85f4-c10eb874732d@group-2077DD483DC7-SegmentedRaftLog:OPENED:c-1,f-1,i0, conf=-1: [163587bb-2c3b-4498-b576-18147cf38274:192.168.157.203:33208, a3132885-145f-4a8c-85f4-c10eb874732d:192.168.157.203:46766, 70b633f6-b230-4b9f-87f3-510da88f1e08:192.168.157.203:43163], old=null
2019-10-16 11:36:02,835 [a3132885-145f-4a8c-85f4-c10eb874732d@group-2077DD483DC7-LeaderElection360] INFO  impl.RaftServerImpl (RaftServerImpl.java:setRole(184)) - a3132885-145f-4a8c-85f4-c10eb874732d@group-2077DD483DC7: changes role from CANDIDATE to FOLLOWER at term 185 for DISCOVERED_A_NEW_TERM
2019-10-16 11:36:02,835 [a3132885-145f-4a8c-85f4-c10eb874732d@group-2077DD483DC7-LeaderElection360] INFO  impl.RoleInfo (RoleInfo.java:shutdownLeaderElection(134)) - a3132885-145f-4a8c-85f4-c10eb874732d: shutdown LeaderElection
2019-10-16 11:36:02,835 [a3132885-145f-4a8c-85f4-c10eb874732d@group-2077DD483DC7-LeaderElection360] INFO  impl.RoleInfo (RoleInfo.java:updateAndGet(143)) - a3132885-145f-4a8c-85f4-c10eb874732d: start FollowerState
2019-10-16 11:36:02,847 [ForkJoinPool.commonPool-worker-0] INFO  ozoneimpl.OzoneContainer (OzoneContainer.java:stop(227)) - Attempting to stop container services.
2019-10-16 11:36:02,847 [main] INFO  ozoneimpl.OzoneContainer (OzoneContainer.java:stop(227)) - Attempting to stop container services.
2019-10-16 11:36:02,848 [ForkJoinPool.commonPool-worker-0] INFO  impl.RaftServerProxy (RaftServerProxy.java:lambda$close$4(314)) - 1ee6da7b-5867-4bad-ba0d-a2cfd13fd72a: close
2019-10-16 11:36:02,849 [main] INFO  impl.RaftServerProxy (RaftServerProxy.java:lambda$close$4(314)) - f94c755f-9f95-40b5-85b9-5e712f3f34e7: close
2019-10-16 11:36:02,850 [main] INFO  impl.RaftServerImpl (RaftServerImpl.java:lambda$shutdown$3(261)) - f94c755f-9f95-40b5-85b9-5e712f3f34e7@group-8DA060090501: shutdown
2019-10-16 11:36:02,850 [ForkJoinPool.commonPool-worker-0] INFO  impl.RaftServerImpl (RaftServerImpl.java:lambda$shutdown$3(261)) - 1ee6da7b-5867-4bad-ba0d-a2cfd13fd72a@group-2B03610871AD: shutdown
2019-10-16 11:36:02,851 [main] INFO  util.JmxRegister (JmxRegister.java:unregister(73)) - Successfully un-registered JMX Bean with object name Ratis:service=RaftServer,group=group-8DA060090501,id=f94c755f-9f95-40b5-85b9-5e712f3f34e7
2019-10-16 11:36:02,851 [ForkJoinPool.commonPool-worker-0] INFO  util.JmxRegister (JmxRegister.java:unregister(73)) - Successfully un-registered JMX Bean with object name Ratis:service=RaftServer,group=group-2B03610871AD,id=1ee6da7b-5867-4bad-ba0d-a2cfd13fd72a
2019-10-16 11:36:02,851 [main] INFO  impl.RoleInfo (RoleInfo.java:shutdownLeaderState(104)) - f94c755f-9f95-40b5-85b9-5e712f3f34e7: shutdown LeaderState
2019-10-16 11:36:02,852 [ForkJoinPool.commonPool-worker-0] INFO  impl.RoleInfo (RoleInfo.java:shutdownLeaderState(104)) - 1ee6da7b-5867-4bad-ba0d-a2cfd13fd72a: shutdown LeaderState
2019-10-16 11:36:02,852 [main] INFO  impl.PendingRequests (PendingRequests.java:sendNotLeaderResponses(202)) - f94c755f-9f95-40b5-85b9-5e712f3f34e7@group-8DA060090501-PendingRequests: sendNotLeaderResponses
2019-10-16 11:36:02,852 [ForkJoinPool.commonPool-worker-0] INFO  impl.PendingRequests (PendingRequests.java:sendNotLeaderResponses(202)) - 1ee6da7b-5867-4bad-ba0d-a2cfd13fd72a@group-2B03610871AD-PendingRequests: sendNotLeaderResponses
2019-10-16 11:36:02,853 [main] INFO  impl.StateMachineUpdater (StateMachineUpdater.java:stopAndJoin(136)) - f94c755f-9f95-40b5-85b9-5e712f3f34e7@group-8DA060090501-StateMachineUpdater: set stopIndex = 0
2019-10-16 11:36:02,853 [ForkJoinPool.commonPool-worker-0] INFO  impl.StateMachineUpdater (StateMachineUpdater.java:stopAndJoin(136)) - 1ee6da7b-5867-4bad-ba0d-a2cfd13fd72a@group-2B03610871AD-StateMachineUpdater: set stopIndex = 0
2019-10-16 11:36:02,856 [main] INFO  impl.RaftServerImpl (ServerState.java:close(388)) - f94c755f-9f95-40b5-85b9-5e712f3f34e7@group-8DA060090501: closes. applyIndex: 0
2019-10-16 11:36:02,856 [ForkJoinPool.commonPool-worker-0] INFO  impl.RaftServerImpl (ServerState.java:close(388)) - 1ee6da7b-5867-4bad-ba0d-a2cfd13fd72a@group-2B03610871AD: closes. applyIndex: 0
2019-10-16 11:36:02,858 [f94c755f-9f95-40b5-85b9-5e712f3f34e7@group-8DA060090501-SegmentedRaftLogWorker] INFO  segmented.SegmentedRaftLogWorker (SegmentedRaftLogWorker.java:run(316)) - f94c755f-9f95-40b5-85b9-5e712f3f34e7@group-8DA060090501-SegmentedRaftLogWorker was interrupted, exiting. There are 0 tasks remaining in the queue.
2019-10-16 11:36:02,858 [1ee6da7b-5867-4bad-ba0d-a2cfd13fd72a@group-2B03610871AD-SegmentedRaftLogWorker] INFO  segmented.SegmentedRaftLogWorker (SegmentedRaftLogWorker.java:run(316)) - 1ee6da7b-5867-4bad-ba0d-a2cfd13fd72a@group-2B03610871AD-SegmentedRaftLogWorker was interrupted, exiting. There are 0 tasks remaining in the queue.
2019-10-16 11:36:02,862 [Thread-2850] INFO  impl.FollowerState (FollowerState.java:run(108)) - 1ee6da7b-5867-4bad-ba0d-a2cfd13fd72a@group-B3673A53AB6F-FollowerState: change to CANDIDATE, lastRpcTime:138ms, electionTimeout:138ms
2019-10-16 11:36:02,862 [Thread-2850] INFO  impl.RoleInfo (RoleInfo.java:shutdownFollowerState(121)) - 1ee6da7b-5867-4bad-ba0d-a2cfd13fd72a: shutdown FollowerState
2019-10-16 11:36:02,862 [ForkJoinPool.commonPool-worker-0] INFO  segmented.SegmentedRaftLogWorker (SegmentedRaftLogWorker.java:close(224)) - 1ee6da7b-5867-4bad-ba0d-a2cfd13fd72a@group-2B03610871AD-SegmentedRaftLogWorker close()
2019-10-16 11:36:02,862 [Thread-2850] INFO  impl.RaftServerImpl (RaftServerImpl.java:setRole(184)) - 1ee6da7b-5867-4bad-ba0d-a2cfd13fd72a@group-B3673A53AB6F: changes role from  FOLLOWER to CANDIDATE at term 198 for changeToCandidate
2019-10-16 11:36:02,862 [main] INFO  segmented.SegmentedRaftLogWorker (SegmentedRaftLogWorker.java:close(224)) - f94c755f-9f95-40b5-85b9-5e712f3f34e7@group-8DA060090501-SegmentedRaftLogWorker close()
2019-10-16 11:36:02,866 [Thread-2850] INFO  impl.RoleInfo (RoleInfo.java:updateAndGet(143)) - 1ee6da7b-5867-4bad-ba0d-a2cfd13fd72a: start LeaderElection
2019-10-16 11:36:02,866 [ForkJoinPool.commonPool-worker-0] INFO  impl.RaftServerImpl (RaftServerImpl.java:lambda$shutdown$3(261)) - 1ee6da7b-5867-4bad-ba0d-a2cfd13fd72a@group-B3673A53AB6F: shutdown
2019-10-16 11:36:02,870 [main] INFO  impl.RaftServerImpl (RaftServerImpl.java:lambda$shutdown$3(261)) - f94c755f-9f95-40b5-85b9-5e712f3f34e7@group-B3673A53AB6F: shutdown
2019-10-16 11:36:02,870 [ForkJoinPool.commonPool-worker-0] INFO  util.JmxRegister (JmxRegister.java:unregister(73)) - Successfully un-registered JMX Bean with object name Ratis:service=RaftServer,group=group-B3673A53AB6F,id=1ee6da7b-5867-4bad-ba0d-a2cfd13fd72a
2019-10-16 11:36:02,870 [main] INFO  util.JmxRegister (JmxRegister.java:unregister(73)) - Successfully un-registered JMX Bean with object name Ratis:service=RaftServer,group=group-B3673A53AB6F,id=f94c755f-9f95-40b5-85b9-5e712f3f34e7
2019-10-16 11:36:02,871 [main] INFO  impl.RoleInfo (RoleInfo.java:shutdownFollowerState(121)) - f94c755f-9f95-40b5-85b9-5e712f3f34e7: shutdown FollowerState
2019-10-16 11:36:02,870 [ForkJoinPool.commonPool-worker-0] INFO  impl.RoleInfo (RoleInfo.java:shutdownLeaderElection(134)) - 1ee6da7b-5867-4bad-ba0d-a2cfd13fd72a: shutdown LeaderElection
2019-10-16 11:36:02,871 [Thread-2848] INFO  impl.FollowerState (FollowerState.java:run(117)) - f94c755f-9f95-40b5-85b9-5e712f3f34e7@group-B3673A53AB6F-FollowerState was interrupted: java.lang.InterruptedException: sleep interrupted
2019-10-16 11:36:02,871 [main] INFO  impl.StateMachineUpdater (StateMachineUpdater.java:stopAndJoin(136)) - f94c755f-9f95-40b5-85b9-5e712f3f34e7@group-B3673A53AB6F-StateMachineUpdater: set stopIndex = -1
2019-10-16 11:36:02,872 [main] INFO  impl.RaftServerImpl (ServerState.java:close(388)) - f94c755f-9f95-40b5-85b9-5e712f3f34e7@group-B3673A53AB6F: closes. applyIndex: -1
2019-10-16 11:36:02,871 [ForkJoinPool.commonPool-worker-0] INFO  impl.StateMachineUpdater (StateMachineUpdater.java:stopAndJoin(136)) - 1ee6da7b-5867-4bad-ba0d-a2cfd13fd72a@group-B3673A53AB6F-StateMachineUpdater: set stopIndex = -1
2019-10-16 11:36:02,872 [f94c755f-9f95-40b5-85b9-5e712f3f34e7@group-B3673A53AB6F-SegmentedRaftLogWorker] INFO  segmented.SegmentedRaftLogWorker (SegmentedRaftLogWorker.java:run(316)) - f94c755f-9f95-40b5-85b9-5e712f3f34e7@group-B3673A53AB6F-SegmentedRaftLogWorker was interrupted, exiting. There are 0 tasks remaining in the queue.
2019-10-16 11:36:02,872 [ForkJoinPool.commonPool-worker-0] INFO  impl.RaftServerImpl (ServerState.java:close(388)) - 1ee6da7b-5867-4bad-ba0d-a2cfd13fd72a@group-B3673A53AB6F: closes. applyIndex: -1
2019-10-16 11:36:02,874 [main] INFO  segmented.SegmentedRaftLogWorker (SegmentedRaftLogWorker.java:close(224)) - f94c755f-9f95-40b5-85b9-5e712f3f34e7@group-B3673A53AB6F-SegmentedRaftLogWorker close()
2019-10-16 11:36:02,874 [1ee6da7b-5867-4bad-ba0d-a2cfd13fd72a@group-B3673A53AB6F-SegmentedRaftLogWorker] INFO  segmented.SegmentedRaftLogWorker (SegmentedRaftLogWorker.java:run(316)) - 1ee6da7b-5867-4bad-ba0d-a2cfd13fd72a@group-B3673A53AB6F-SegmentedRaftLogWorker was interrupted, exiting. There are 0 tasks remaining in the queue.
2019-10-16 11:36:02,878 [ForkJoinPool.commonPool-worker-0] INFO  segmented.SegmentedRaftLogWorker (SegmentedRaftLogWorker.java:close(224)) - 1ee6da7b-5867-4bad-ba0d-a2cfd13fd72a@group-B3673A53AB6F-SegmentedRaftLogWorker close()
2019-10-16 11:36:02,881 [main] INFO  server.GrpcService (GrpcService.java:closeImpl(164)) - f94c755f-9f95-40b5-85b9-5e712f3f34e7: shutdown server with port 45275 now
2019-10-16 11:36:02,881 [ForkJoinPool.commonPool-worker-0] INFO  server.GrpcService (GrpcService.java:closeImpl(164)) - 1ee6da7b-5867-4bad-ba0d-a2cfd13fd72a: shutdown server with port 35892 now
2019-10-16 11:36:02,884 [ForkJoinPool.commonPool-worker-0] INFO  server.GrpcService (GrpcService.java:closeImpl(172)) - 1ee6da7b-5867-4bad-ba0d-a2cfd13fd72a: shutdown server with port 35892 successfully
2019-10-16 11:36:02,884 [main] INFO  server.GrpcService (GrpcService.java:closeImpl(172)) - f94c755f-9f95-40b5-85b9-5e712f3f34e7: shutdown server with port 45275 successfully
2019-10-16 11:36:02,887 [refreshUsed-/workdir/hadoop-ozone/integration-test/target/test-dir/MiniOzoneClusterImpl-d10f3a9c-4fd6-4949-a3ff-490e135742c9/datanode-2/data/containers] WARN  fs.CachingGetSpaceUsed (CachingGetSpaceUsed.java:run(183)) - Thread Interrupted waiting to refresh disk information: sleep interrupted
2019-10-16 11:36:02,888 [refreshUsed-/workdir/hadoop-ozone/integration-test/target/test-dir/MiniOzoneClusterImpl-d10f3a9c-4fd6-4949-a3ff-490e135742c9/datanode-5/data/containers] WARN  fs.CachingGetSpaceUsed (CachingGetSpaceUsed.java:run(183)) - Thread Interrupted waiting to refresh disk information: sleep interrupted
2019-10-16 11:36:02,914 [ForkJoinPool.commonPool-worker-0] INFO  utils.BackgroundService (BackgroundService.java:shutdown(151)) - Shutting down service BlockDeletingService
2019-10-16 11:36:02,914 [main] INFO  utils.BackgroundService (BackgroundService.java:shutdown(151)) - Shutting down service BlockDeletingService
2019-10-16 11:36:02,920 [ForkJoinPool.commonPool-worker-0] INFO  statemachine.DatanodeStateMachine (DatanodeStateMachine.java:stopDaemon(395)) - Ozone container server stopped.
2019-10-16 11:36:02,922 [main] INFO  statemachine.DatanodeStateMachine (DatanodeStateMachine.java:stopDaemon(395)) - Ozone container server stopped.
2019-10-16 11:36:02,927 [main] INFO  handler.ContextHandler (ContextHandler.java:doStop(910)) - Stopped o.e.j.w.WebAppContext@7fb29ca9{/,null,UNAVAILABLE}{/hddsDatanode}
2019-10-16 11:36:02,927 [ForkJoinPool.commonPool-worker-0] INFO  handler.ContextHandler (ContextHandler.java:doStop(910)) - Stopped o.e.j.w.WebAppContext@4c6007fb{/,null,UNAVAILABLE}{/hddsDatanode}
2019-10-16 11:36:02,928 [main] INFO  server.AbstractConnector (AbstractConnector.java:doStop(318)) - Stopped ServerConnector@1e253c9d{HTTP/1.1,[http/1.1]}{0.0.0.0:0}
2019-10-16 11:36:02,928 [ForkJoinPool.commonPool-worker-0] INFO  server.AbstractConnector (AbstractConnector.java:doStop(318)) - Stopped ServerConnector@3e33d73e{HTTP/1.1,[http/1.1]}{0.0.0.0:0}
2019-10-16 11:36:02,929 [main] INFO  handler.ContextHandler (ContextHandler.java:doStop(910)) - Stopped o.e.j.s.ServletContextHandler@762637be{/static,jar:file:/home/user/.m2/repository/org/apache/hadoop/hadoop-hdds-container-service/0.5.0-SNAPSHOT/hadoop-hdds-container-service-0.5.0-SNAPSHOT.jar!/webapps/static,UNAVAILABLE}
2019-10-16 11:36:02,930 [ForkJoinPool.commonPool-worker-0] INFO  handler.ContextHandler (ContextHandler.java:doStop(910)) - Stopped o.e.j.s.ServletContextHandler@26f46fa6{/static,jar:file:/home/user/.m2/repository/org/apache/hadoop/hadoop-hdds-container-service/0.5.0-SNAPSHOT/hadoop-hdds-container-service-0.5.0-SNAPSHOT.jar!/webapps/static,UNAVAILABLE}
2019-10-16 11:36:02,930 [main] INFO  handler.ContextHandler (ContextHandler.java:doStop(910)) - Stopped o.e.j.s.ServletContextHandler@72f9f27c{/logs,file:///workdir/hadoop-ozone/integration-test/target/log,UNAVAILABLE}
2019-10-16 11:36:02,932 [ForkJoinPool.commonPool-worker-0] INFO  handler.ContextHandler (ContextHandler.java:doStop(910)) - Stopped o.e.j.s.ServletContextHandler@d109c4f{/logs,file:///workdir/hadoop-ozone/integration-test/target/log,UNAVAILABLE}
2019-10-16 11:36:03,006 [Thread-2856] INFO  impl.FollowerState (FollowerState.java:run(108)) - a3132885-145f-4a8c-85f4-c10eb874732d@group-2077DD483DC7-FollowerState: change to CANDIDATE, lastRpcTime:170ms, electionTimeout:170ms
2019-10-16 11:36:03,006 [Thread-2856] INFO  impl.RoleInfo (RoleInfo.java:shutdownFollowerState(121)) - a3132885-145f-4a8c-85f4-c10eb874732d: shutdown FollowerState
2019-10-16 11:36:03,006 [Thread-2856] INFO  impl.RaftServerImpl (RaftServerImpl.java:setRole(184)) - a3132885-145f-4a8c-85f4-c10eb874732d@group-2077DD483DC7: changes role from  FOLLOWER to CANDIDATE at term 185 for changeToCandidate
2019-10-16 11:36:03,006 [Thread-2856] INFO  impl.RoleInfo (RoleInfo.java:updateAndGet(143)) - a3132885-145f-4a8c-85f4-c10eb874732d: start LeaderElection
2019-10-16 11:36:03,022 [a3132885-145f-4a8c-85f4-c10eb874732d@group-2077DD483DC7-LeaderElection362] INFO  impl.LeaderElection (LeaderElection.java:askForVotes(178)) - a3132885-145f-4a8c-85f4-c10eb874732d@group-2077DD483DC7-LeaderElection362: begin an election at term 186 for -1: [163587bb-2c3b-4498-b576-18147cf38274:192.168.157.203:33208, a3132885-145f-4a8c-85f4-c10eb874732d:192.168.157.203:46766, 70b633f6-b230-4b9f-87f3-510da88f1e08:192.168.157.203:43163], old=null
2019-10-16 11:36:03,023 [grpc-default-executor-5] INFO  impl.RaftServerImpl (RaftServerImpl.java:setRole(184)) - 70b633f6-b230-4b9f-87f3-510da88f1e08@group-2077DD483DC7: changes role from  FOLLOWER to FOLLOWER at term 186 for recognizeCandidate:a3132885-145f-4a8c-85f4-c10eb874732d
2019-10-16 11:36:03,023 [grpc-default-executor-5] INFO  impl.RoleInfo (RoleInfo.java:shutdownFollowerState(121)) - 70b633f6-b230-4b9f-87f3-510da88f1e08: shutdown FollowerState
2019-10-16 11:36:03,023 [grpc-default-executor-6] INFO  impl.RaftServerImpl (RaftServerImpl.java:setRole(184)) - 163587bb-2c3b-4498-b576-18147cf38274@group-2077DD483DC7: changes role from  FOLLOWER to FOLLOWER at term 186 for recognizeCandidate:a3132885-145f-4a8c-85f4-c10eb874732d
2019-10-16 11:36:03,024 [grpc-default-executor-6] INFO  impl.RoleInfo (RoleInfo.java:shutdownFollowerState(121)) - 163587bb-2c3b-4498-b576-18147cf38274: shutdown FollowerState
2019-10-16 11:36:03,024 [grpc-default-executor-5] INFO  impl.RoleInfo (RoleInfo.java:updateAndGet(143)) - 70b633f6-b230-4b9f-87f3-510da88f1e08: start FollowerState
2019-10-16 11:36:03,024 [Thread-2855] INFO  impl.FollowerState (FollowerState.java:run(117)) - 70b633f6-b230-4b9f-87f3-510da88f1e08@group-2077DD483DC7-FollowerState was interrupted: java.lang.InterruptedException: sleep interrupted
2019-10-16 11:36:03,024 [Thread-2854] INFO  impl.FollowerState (FollowerState.java:run(117)) - 163587bb-2c3b-4498-b576-18147cf38274@group-2077DD483DC7-FollowerState was interrupted: java.lang.InterruptedException: sleep interrupted
2019-10-16 11:36:03,024 [grpc-default-executor-6] INFO  impl.RoleInfo (RoleInfo.java:updateAndGet(143)) - 163587bb-2c3b-4498-b576-18147cf38274: start FollowerState
2019-10-16 11:36:03,038 [a3132885-145f-4a8c-85f4-c10eb874732d@group-2077DD483DC7-LeaderElection362] INFO  impl.LeaderElection (LeaderElection.java:logAndReturn(56)) - a3132885-145f-4a8c-85f4-c10eb874732d@group-2077DD483DC7-LeaderElection362: Election REJECTED; received 2 response(s) [a3132885-145f-4a8c-85f4-c10eb874732d<-163587bb-2c3b-4498-b576-18147cf38274#0:FAIL-t186, a3132885-145f-4a8c-85f4-c10eb874732d<-70b633f6-b230-4b9f-87f3-510da88f1e08#0:FAIL-t186] and 0 exception(s); a3132885-145f-4a8c-85f4-c10eb874732d@group-2077DD483DC7:t186, leader=null, voted=a3132885-145f-4a8c-85f4-c10eb874732d, raftlog=a3132885-145f-4a8c-85f4-c10eb874732d@group-2077DD483DC7-SegmentedRaftLog:OPENED:c-1,f-1,i0, conf=-1: [163587bb-2c3b-4498-b576-18147cf38274:192.168.157.203:33208, a3132885-145f-4a8c-85f4-c10eb874732d:192.168.157.203:46766, 70b633f6-b230-4b9f-87f3-510da88f1e08:192.168.157.203:43163], old=null
2019-10-16 11:36:03,039 [a3132885-145f-4a8c-85f4-c10eb874732d@group-2077DD483DC7-LeaderElection362] INFO  impl.RaftServerImpl (RaftServerImpl.java:setRole(184)) - a3132885-145f-4a8c-85f4-c10eb874732d@group-2077DD483DC7: changes role from CANDIDATE to FOLLOWER at term 186 for DISCOVERED_A_NEW_TERM
2019-10-16 11:36:03,039 [a3132885-145f-4a8c-85f4-c10eb874732d@group-2077DD483DC7-LeaderElection362] INFO  impl.RoleInfo (RoleInfo.java:shutdownLeaderElection(134)) - a3132885-145f-4a8c-85f4-c10eb874732d: shutdown LeaderElection
2019-10-16 11:36:03,039 [a3132885-145f-4a8c-85f4-c10eb874732d@group-2077DD483DC7-LeaderElection362] INFO  impl.RoleInfo (RoleInfo.java:updateAndGet(143)) - a3132885-145f-4a8c-85f4-c10eb874732d: start FollowerState
2019-10-16 11:36:03,143 [Thread-2865] INFO  impl.FollowerState (FollowerState.java:run(108)) - a3132885-145f-4a8c-85f4-c10eb874732d@group-2077DD483DC7-FollowerState: change to CANDIDATE, lastRpcTime:104ms, electionTimeout:104ms
2019-10-16 11:36:03,144 [Thread-2865] INFO  impl.RoleInfo (RoleInfo.java:shutdownFollowerState(121)) - a3132885-145f-4a8c-85f4-c10eb874732d: shutdown FollowerState
2019-10-16 11:36:03,144 [Thread-2865] INFO  impl.RaftServerImpl (RaftServerImpl.java:setRole(184)) - a3132885-145f-4a8c-85f4-c10eb874732d@group-2077DD483DC7: changes role from  FOLLOWER to CANDIDATE at term 186 for changeToCandidate
2019-10-16 11:36:03,144 [Thread-2865] INFO  impl.RoleInfo (RoleInfo.java:updateAndGet(143)) - a3132885-145f-4a8c-85f4-c10eb874732d: start LeaderElection
2019-10-16 11:36:03,158 [a3132885-145f-4a8c-85f4-c10eb874732d@group-2077DD483DC7-LeaderElection363] INFO  impl.LeaderElection (LeaderElection.java:askForVotes(178)) - a3132885-145f-4a8c-85f4-c10eb874732d@group-2077DD483DC7-LeaderElection363: begin an election at term 187 for -1: [163587bb-2c3b-4498-b576-18147cf38274:192.168.157.203:33208, a3132885-145f-4a8c-85f4-c10eb874732d:192.168.157.203:46766, 70b633f6-b230-4b9f-87f3-510da88f1e08:192.168.157.203:43163], old=null
2019-10-16 11:36:03,160 [grpc-default-executor-6] INFO  impl.RaftServerImpl (RaftServerImpl.java:setRole(184)) - 163587bb-2c3b-4498-b576-18147cf38274@group-2077DD483DC7: changes role from  FOLLOWER to FOLLOWER at term 187 for recognizeCandidate:a3132885-145f-4a8c-85f4-c10eb874732d
2019-10-16 11:36:03,160 [grpc-default-executor-6] INFO  impl.RoleInfo (RoleInfo.java:shutdownFollowerState(121)) - 163587bb-2c3b-4498-b576-18147cf38274: shutdown FollowerState
2019-10-16 11:36:03,160 [grpc-default-executor-5] INFO  impl.RaftServerImpl (RaftServerImpl.java:setRole(184)) - 70b633f6-b230-4b9f-87f3-510da88f1e08@group-2077DD483DC7: changes role from  FOLLOWER to FOLLOWER at term 187 for recognizeCandidate:a3132885-145f-4a8c-85f4-c10eb874732d
2019-10-16 11:36:03,160 [grpc-default-executor-5] INFO  impl.RoleInfo (RoleInfo.java:shutdownFollowerState(121)) - 70b633f6-b230-4b9f-87f3-510da88f1e08: shutdown FollowerState
2019-10-16 11:36:03,160 [Thread-2864] INFO  impl.FollowerState (FollowerState.java:run(117)) - 163587bb-2c3b-4498-b576-18147cf38274@group-2077DD483DC7-FollowerState was interrupted: java.lang.InterruptedException: sleep interrupted
2019-10-16 11:36:03,160 [grpc-default-executor-6] INFO  impl.RoleInfo (RoleInfo.java:updateAndGet(143)) - 163587bb-2c3b-4498-b576-18147cf38274: start FollowerState
2019-10-16 11:36:03,161 [Thread-2863] INFO  impl.FollowerState (FollowerState.java:run(117)) - 70b633f6-b230-4b9f-87f3-510da88f1e08@group-2077DD483DC7-FollowerState was interrupted: java.lang.InterruptedException: sleep interrupted
2019-10-16 11:36:03,161 [grpc-default-executor-5] INFO  impl.RoleInfo (RoleInfo.java:updateAndGet(143)) - 70b633f6-b230-4b9f-87f3-510da88f1e08: start FollowerState
2019-10-16 11:36:03,175 [a3132885-145f-4a8c-85f4-c10eb874732d@group-2077DD483DC7-LeaderElection363] INFO  impl.LeaderElection (LeaderElection.java:logAndReturn(56)) - a3132885-145f-4a8c-85f4-c10eb874732d@group-2077DD483DC7-LeaderElection363: Election REJECTED; received 2 response(s) [a3132885-145f-4a8c-85f4-c10eb874732d<-163587bb-2c3b-4498-b576-18147cf38274#0:FAIL-t187, a3132885-145f-4a8c-85f4-c10eb874732d<-70b633f6-b230-4b9f-87f3-510da88f1e08#0:FAIL-t187] and 0 exception(s); a3132885-145f-4a8c-85f4-c10eb874732d@group-2077DD483DC7:t187, leader=null, voted=a3132885-145f-4a8c-85f4-c10eb874732d, raftlog=a3132885-145f-4a8c-85f4-c10eb874732d@group-2077DD483DC7-SegmentedRaftLog:OPENED:c-1,f-1,i0, conf=-1: [163587bb-2c3b-4498-b576-18147cf38274:192.168.157.203:33208, a3132885-145f-4a8c-85f4-c10eb874732d:192.168.157.203:46766, 70b633f6-b230-4b9f-87f3-510da88f1e08:192.168.157.203:43163], old=null
2019-10-16 11:36:03,175 [a3132885-145f-4a8c-85f4-c10eb874732d@group-2077DD483DC7-LeaderElection363] INFO  impl.RaftServerImpl (RaftServerImpl.java:setRole(184)) - a3132885-145f-4a8c-85f4-c10eb874732d@group-2077DD483DC7: changes role from CANDIDATE to FOLLOWER at term 187 for DISCOVERED_A_NEW_TERM
2019-10-16 11:36:03,175 [a3132885-145f-4a8c-85f4-c10eb874732d@group-2077DD483DC7-LeaderElection363] INFO  impl.RoleInfo (RoleInfo.java:shutdownLeaderElection(134)) - a3132885-145f-4a8c-85f4-c10eb874732d: shutdown LeaderElection
2019-10-16 11:36:03,175 [a3132885-145f-4a8c-85f4-c10eb874732d@group-2077DD483DC7-LeaderElection363] INFO  impl.RoleInfo (RoleInfo.java:updateAndGet(143)) - a3132885-145f-4a8c-85f4-c10eb874732d: start FollowerState
2019-10-16 11:36:03,279 [Thread-2871] INFO  impl.FollowerState (FollowerState.java:run(108)) - a3132885-145f-4a8c-85f4-c10eb874732d@group-2077DD483DC7-FollowerState: change to CANDIDATE, lastRpcTime:103ms, electionTimeout:103ms
2019-10-16 11:36:03,279 [Thread-2871] INFO  impl.RoleInfo (RoleInfo.java:shutdownFollowerState(121)) - a3132885-145f-4a8c-85f4-c10eb874732d: shutdown FollowerState
2019-10-16 11:36:03,279 [Thread-2871] INFO  impl.RaftServerImpl (RaftServerImpl.java:setRole(184)) - a3132885-145f-4a8c-85f4-c10eb874732d@group-2077DD483DC7: changes role from  FOLLOWER to CANDIDATE at term 187 for changeToCandidate
2019-10-16 11:36:03,279 [Thread-2871] INFO  impl.RoleInfo (RoleInfo.java:updateAndGet(143)) - a3132885-145f-4a8c-85f4-c10eb874732d: start LeaderElection
2019-10-16 11:36:03,294 [a3132885-145f-4a8c-85f4-c10eb874732d@group-2077DD483DC7-LeaderElection364] INFO  impl.LeaderElection (LeaderElection.java:askForVotes(178)) - a3132885-145f-4a8c-85f4-c10eb874732d@group-2077DD483DC7-LeaderElection364: begin an election at term 188 for -1: [163587bb-2c3b-4498-b576-18147cf38274:192.168.157.203:33208, a3132885-145f-4a8c-85f4-c10eb874732d:192.168.157.203:46766, 70b633f6-b230-4b9f-87f3-510da88f1e08:192.168.157.203:43163], old=null
2019-10-16 11:36:03,296 [grpc-default-executor-5] INFO  impl.RaftServerImpl (RaftServerImpl.java:setRole(184)) - 163587bb-2c3b-4498-b576-18147cf38274@group-2077DD483DC7: changes role from  FOLLOWER to FOLLOWER at term 188 for recognizeCandidate:a3132885-145f-4a8c-85f4-c10eb874732d
2019-10-16 11:36:03,296 [grpc-default-executor-6] INFO  impl.RaftServerImpl (RaftServerImpl.java:setRole(184)) - 70b633f6-b230-4b9f-87f3-510da88f1e08@group-2077DD483DC7: changes role from  FOLLOWER to FOLLOWER at term 188 for recognizeCandidate:a3132885-145f-4a8c-85f4-c10eb874732d
2019-10-16 11:36:03,296 [grpc-default-executor-5] INFO  impl.RoleInfo (RoleInfo.java:shutdownFollowerState(121)) - 163587bb-2c3b-4498-b576-18147cf38274: shutdown FollowerState
2019-10-16 11:36:03,297 [grpc-default-executor-6] INFO  impl.RoleInfo (RoleInfo.java:shutdownFollowerState(121)) - 70b633f6-b230-4b9f-87f3-510da88f1e08: shutdown FollowerState
2019-10-16 11:36:03,297 [Thread-2869] INFO  impl.FollowerState (FollowerState.java:run(117)) - 163587bb-2c3b-4498-b576-18147cf38274@group-2077DD483DC7-FollowerState was interrupted: java.lang.InterruptedException: sleep interrupted
2019-10-16 11:36:03,297 [grpc-default-executor-5] INFO  impl.RoleInfo (RoleInfo.java:updateAndGet(143)) - 163587bb-2c3b-4498-b576-18147cf38274: start FollowerState
2019-10-16 11:36:03,297 [Thread-2870] INFO  impl.FollowerState (FollowerState.java:run(117)) - 70b633f6-b230-4b9f-87f3-510da88f1e08@group-2077DD483DC7-FollowerState was interrupted: java.lang.InterruptedException: sleep interrupted
2019-10-16 11:36:03,297 [grpc-default-executor-6] INFO  impl.RoleInfo (RoleInfo.java:updateAndGet(143)) - 70b633f6-b230-4b9f-87f3-510da88f1e08: start FollowerState
2019-10-16 11:36:03,313 [a3132885-145f-4a8c-85f4-c10eb874732d@group-2077DD483DC7-LeaderElection364] INFO  impl.LeaderElection (LeaderElection.java:logAndReturn(56)) - a3132885-145f-4a8c-85f4-c10eb874732d@group-2077DD483DC7-LeaderElection364: Election REJECTED; received 2 response(s) [a3132885-145f-4a8c-85f4-c10eb874732d<-163587bb-2c3b-4498-b576-18147cf38274#0:FAIL-t188, a3132885-145f-4a8c-85f4-c10eb874732d<-70b633f6-b230-4b9f-87f3-510da88f1e08#0:FAIL-t188] and 0 exception(s); a3132885-145f-4a8c-85f4-c10eb874732d@group-2077DD483DC7:t188, leader=null, voted=a3132885-145f-4a8c-85f4-c10eb874732d, raftlog=a3132885-145f-4a8c-85f4-c10eb874732d@group-2077DD483DC7-SegmentedRaftLog:OPENED:c-1,f-1,i0, conf=-1: [163587bb-2c3b-4498-b576-18147cf38274:192.168.157.203:33208, a3132885-145f-4a8c-85f4-c10eb874732d:192.168.157.203:46766, 70b633f6-b230-4b9f-87f3-510da88f1e08:192.168.157.203:43163], old=null
2019-10-16 11:36:03,313 [a3132885-145f-4a8c-85f4-c10eb874732d@group-2077DD483DC7-LeaderElection364] INFO  impl.RaftServerImpl (RaftServerImpl.java:setRole(184)) - a3132885-145f-4a8c-85f4-c10eb874732d@group-2077DD483DC7: changes role from CANDIDATE to FOLLOWER at term 188 for DISCOVERED_A_NEW_TERM
2019-10-16 11:36:03,313 [a3132885-145f-4a8c-85f4-c10eb874732d@group-2077DD483DC7-LeaderElection364] INFO  impl.RoleInfo (RoleInfo.java:shutdownLeaderElection(134)) - a3132885-145f-4a8c-85f4-c10eb874732d: shutdown LeaderElection
2019-10-16 11:36:03,313 [a3132885-145f-4a8c-85f4-c10eb874732d@group-2077DD483DC7-LeaderElection364] INFO  impl.RoleInfo (RoleInfo.java:updateAndGet(143)) - a3132885-145f-4a8c-85f4-c10eb874732d: start FollowerState
2019-10-16 11:36:03,441 [Thread-2877] INFO  impl.FollowerState (FollowerState.java:run(108)) - a3132885-145f-4a8c-85f4-c10eb874732d@group-2077DD483DC7-FollowerState: change to CANDIDATE, lastRpcTime:128ms, electionTimeout:128ms
2019-10-16 11:36:03,441 [Thread-2877] INFO  impl.RoleInfo (RoleInfo.java:shutdownFollowerState(121)) - a3132885-145f-4a8c-85f4-c10eb874732d: shutdown FollowerState
2019-10-16 11:36:03,442 [Thread-2877] INFO  impl.RaftServerImpl (RaftServerImpl.java:setRole(184)) - a3132885-145f-4a8c-85f4-c10eb874732d@group-2077DD483DC7: changes role from  FOLLOWER to CANDIDATE at term 188 for changeToCandidate
2019-10-16 11:36:03,442 [Thread-2877] INFO  impl.RoleInfo (RoleInfo.java:updateAndGet(143)) - a3132885-145f-4a8c-85f4-c10eb874732d: start LeaderElection
2019-10-16 11:36:03,455 [a3132885-145f-4a8c-85f4-c10eb874732d@group-2077DD483DC7-LeaderElection365] INFO  impl.LeaderElection (LeaderElection.java:askForVotes(178)) - a3132885-145f-4a8c-85f4-c10eb874732d@group-2077DD483DC7-LeaderElection365: begin an election at term 189 for -1: [163587bb-2c3b-4498-b576-18147cf38274:192.168.157.203:33208, a3132885-145f-4a8c-85f4-c10eb874732d:192.168.157.203:46766, 70b633f6-b230-4b9f-87f3-510da88f1e08:192.168.157.203:43163], old=null
2019-10-16 11:36:03,457 [grpc-default-executor-5] INFO  impl.RaftServerImpl (RaftServerImpl.java:setRole(184)) - 163587bb-2c3b-4498-b576-18147cf38274@group-2077DD483DC7: changes role from  FOLLOWER to FOLLOWER at term 189 for recognizeCandidate:a3132885-145f-4a8c-85f4-c10eb874732d
2019-10-16 11:36:03,458 [grpc-default-executor-5] INFO  impl.RoleInfo (RoleInfo.java:shutdownFollowerState(121)) - 163587bb-2c3b-4498-b576-18147cf38274: shutdown FollowerState
2019-10-16 11:36:03,458 [grpc-default-executor-5] INFO  impl.RoleInfo (RoleInfo.java:updateAndGet(143)) - 163587bb-2c3b-4498-b576-18147cf38274: start FollowerState
2019-10-16 11:36:03,458 [Thread-2875] INFO  impl.FollowerState (FollowerState.java:run(117)) - 163587bb-2c3b-4498-b576-18147cf38274@group-2077DD483DC7-FollowerState was interrupted: java.lang.InterruptedException: sleep interrupted
2019-10-16 11:36:03,458 [grpc-default-executor-6] INFO  impl.RaftServerImpl (RaftServerImpl.java:setRole(184)) - 70b633f6-b230-4b9f-87f3-510da88f1e08@group-2077DD483DC7: changes role from  FOLLOWER to FOLLOWER at term 189 for recognizeCandidate:a3132885-145f-4a8c-85f4-c10eb874732d
2019-10-16 11:36:03,458 [grpc-default-executor-6] INFO  impl.RoleInfo (RoleInfo.java:shutdownFollowerState(121)) - 70b633f6-b230-4b9f-87f3-510da88f1e08: shutdown FollowerState
2019-10-16 11:36:03,458 [grpc-default-executor-6] INFO  impl.RoleInfo (RoleInfo.java:updateAndGet(143)) - 70b633f6-b230-4b9f-87f3-510da88f1e08: start FollowerState
2019-10-16 11:36:03,458 [Thread-2876] INFO  impl.FollowerState (FollowerState.java:run(117)) - 70b633f6-b230-4b9f-87f3-510da88f1e08@group-2077DD483DC7-FollowerState was interrupted: java.lang.InterruptedException: sleep interrupted
2019-10-16 11:36:03,465 [a3132885-145f-4a8c-85f4-c10eb874732d@group-2077DD483DC7-LeaderElection365] INFO  impl.LeaderElection (LeaderElection.java:logAndReturn(56)) - a3132885-145f-4a8c-85f4-c10eb874732d@group-2077DD483DC7-LeaderElection365: Election TIMEOUT; received 0 response(s) [] and 0 exception(s); a3132885-145f-4a8c-85f4-c10eb874732d@group-2077DD483DC7:t189, leader=null, voted=a3132885-145f-4a8c-85f4-c10eb874732d, raftlog=a3132885-145f-4a8c-85f4-c10eb874732d@group-2077DD483DC7-SegmentedRaftLog:OPENED:c-1,f-1,i0, conf=-1: [163587bb-2c3b-4498-b576-18147cf38274:192.168.157.203:33208, a3132885-145f-4a8c-85f4-c10eb874732d:192.168.157.203:46766, 70b633f6-b230-4b9f-87f3-510da88f1e08:192.168.157.203:43163], old=null
2019-10-16 11:36:03,471 [a3132885-145f-4a8c-85f4-c10eb874732d@group-2077DD483DC7-LeaderElection365] INFO  impl.LeaderElection (LeaderElection.java:askForVotes(178)) - a3132885-145f-4a8c-85f4-c10eb874732d@group-2077DD483DC7-LeaderElection365: begin an election at term 190 for -1: [163587bb-2c3b-4498-b576-18147cf38274:192.168.157.203:33208, a3132885-145f-4a8c-85f4-c10eb874732d:192.168.157.203:46766, 70b633f6-b230-4b9f-87f3-510da88f1e08:192.168.157.203:43163], old=null
2019-10-16 11:36:03,473 [grpc-default-executor-5] INFO  impl.RaftServerImpl (RaftServerImpl.java:setRole(184)) - 163587bb-2c3b-4498-b576-18147cf38274@group-2077DD483DC7: changes role from  FOLLOWER to FOLLOWER at term 190 for recognizeCandidate:a3132885-145f-4a8c-85f4-c10eb874732d
2019-10-16 11:36:03,473 [grpc-default-executor-5] INFO  impl.RoleInfo (RoleInfo.java:shutdownFollowerState(121)) - 163587bb-2c3b-4498-b576-18147cf38274: shutdown FollowerState
2019-10-16 11:36:03,473 [grpc-default-executor-5] INFO  impl.RoleInfo (RoleInfo.java:updateAndGet(143)) - 163587bb-2c3b-4498-b576-18147cf38274: start FollowerState
2019-10-16 11:36:03,473 [Thread-2883] INFO  impl.FollowerState (FollowerState.java:run(117)) - 163587bb-2c3b-4498-b576-18147cf38274@group-2077DD483DC7-FollowerState was interrupted: java.lang.InterruptedException: sleep interrupted
2019-10-16 11:36:03,473 [grpc-default-executor-6] INFO  impl.RaftServerImpl (RaftServerImpl.java:setRole(184)) - 70b633f6-b230-4b9f-87f3-510da88f1e08@group-2077DD483DC7: changes role from  FOLLOWER to FOLLOWER at term 190 for recognizeCandidate:a3132885-145f-4a8c-85f4-c10eb874732d
2019-10-16 11:36:03,474 [grpc-default-executor-6] INFO  impl.RoleInfo (RoleInfo.java:shutdownFollowerState(121)) - 70b633f6-b230-4b9f-87f3-510da88f1e08: shutdown FollowerState
2019-10-16 11:36:03,474 [grpc-default-executor-6] INFO  impl.RoleInfo (RoleInfo.java:updateAndGet(143)) - 70b633f6-b230-4b9f-87f3-510da88f1e08: start FollowerState
2019-10-16 11:36:03,474 [Thread-2884] INFO  impl.FollowerState (FollowerState.java:run(117)) - 70b633f6-b230-4b9f-87f3-510da88f1e08@group-2077DD483DC7-FollowerState was interrupted: java.lang.InterruptedException: sleep interrupted
2019-10-16 11:36:03,485 [a3132885-145f-4a8c-85f4-c10eb874732d@group-2077DD483DC7-LeaderElection365] INFO  impl.LeaderElection (LeaderElection.java:logAndReturn(56)) - a3132885-145f-4a8c-85f4-c10eb874732d@group-2077DD483DC7-LeaderElection365: Election TIMEOUT; received 0 response(s) [] and 0 exception(s); a3132885-145f-4a8c-85f4-c10eb874732d@group-2077DD483DC7:t190, leader=null, voted=a3132885-145f-4a8c-85f4-c10eb874732d, raftlog=a3132885-145f-4a8c-85f4-c10eb874732d@group-2077DD483DC7-SegmentedRaftLog:OPENED:c-1,f-1,i0, conf=-1: [163587bb-2c3b-4498-b576-18147cf38274:192.168.157.203:33208, a3132885-145f-4a8c-85f4-c10eb874732d:192.168.157.203:46766, 70b633f6-b230-4b9f-87f3-510da88f1e08:192.168.157.203:43163], old=null
2019-10-16 11:36:03,489 [a3132885-145f-4a8c-85f4-c10eb874732d@group-2077DD483DC7-LeaderElection365] INFO  impl.LeaderElection (LeaderElection.java:askForVotes(178)) - a3132885-145f-4a8c-85f4-c10eb874732d@group-2077DD483DC7-LeaderElection365: begin an election at term 191 for -1: [163587bb-2c3b-4498-b576-18147cf38274:192.168.157.203:33208, a3132885-145f-4a8c-85f4-c10eb874732d:192.168.157.203:46766, 70b633f6-b230-4b9f-87f3-510da88f1e08:192.168.157.203:43163], old=null
2019-10-16 11:36:03,490 [grpc-default-executor-6] INFO  impl.RaftServerImpl (RaftServerImpl.java:setRole(184)) - 163587bb-2c3b-4498-b576-18147cf38274@group-2077DD483DC7: changes role from  FOLLOWER to FOLLOWER at term 191 for recognizeCandidate:a3132885-145f-4a8c-85f4-c10eb874732d
2019-10-16 11:36:03,490 [grpc-default-executor-5] INFO  impl.RaftServerImpl (RaftServerImpl.java:setRole(184)) - 70b633f6-b230-4b9f-87f3-510da88f1e08@group-2077DD483DC7: changes role from  FOLLOWER to FOLLOWER at term 191 for recognizeCandidate:a3132885-145f-4a8c-85f4-c10eb874732d
2019-10-16 11:36:03,490 [grpc-default-executor-6] INFO  impl.RoleInfo (RoleInfo.java:shutdownFollowerState(121)) - 163587bb-2c3b-4498-b576-18147cf38274: shutdown FollowerState
2019-10-16 11:36:03,490 [grpc-default-executor-5] INFO  impl.RoleInfo (RoleInfo.java:shutdownFollowerState(121)) - 70b633f6-b230-4b9f-87f3-510da88f1e08: shutdown FollowerState
2019-10-16 11:36:03,491 [Thread-2887] INFO  impl.FollowerState (FollowerState.java:run(117)) - 163587bb-2c3b-4498-b576-18147cf38274@group-2077DD483DC7-FollowerState was interrupted: java.lang.InterruptedException: sleep interrupted
2019-10-16 11:36:03,491 [Thread-2888] INFO  impl.FollowerState (FollowerState.java:run(117)) - 70b633f6-b230-4b9f-87f3-510da88f1e08@group-2077DD483DC7-FollowerState was interrupted: java.lang.InterruptedException: sleep interrupted
2019-10-16 11:36:03,491 [grpc-default-executor-6] INFO  impl.RoleInfo (RoleInfo.java:updateAndGet(143)) - 163587bb-2c3b-4498-b576-18147cf38274: start FollowerState
2019-10-16 11:36:03,491 [grpc-default-executor-5] INFO  impl.RoleInfo (RoleInfo.java:updateAndGet(143)) - 70b633f6-b230-4b9f-87f3-510da88f1e08: start FollowerState
2019-10-16 11:36:03,506 [a3132885-145f-4a8c-85f4-c10eb874732d@group-2077DD483DC7-LeaderElection365] INFO  impl.LeaderElection (LeaderElection.java:logAndReturn(56)) - a3132885-145f-4a8c-85f4-c10eb874732d@group-2077DD483DC7-LeaderElection365: Election REJECTED; received 2 response(s) [a3132885-145f-4a8c-85f4-c10eb874732d<-163587bb-2c3b-4498-b576-18147cf38274#0:FAIL-t191, a3132885-145f-4a8c-85f4-c10eb874732d<-70b633f6-b230-4b9f-87f3-510da88f1e08#0:FAIL-t191] and 0 exception(s); a3132885-145f-4a8c-85f4-c10eb874732d@group-2077DD483DC7:t191, leader=null, voted=a3132885-145f-4a8c-85f4-c10eb874732d, raftlog=a3132885-145f-4a8c-85f4-c10eb874732d@group-2077DD483DC7-SegmentedRaftLog:OPENED:c-1,f-1,i0, conf=-1: [163587bb-2c3b-4498-b576-18147cf38274:192.168.157.203:33208, a3132885-145f-4a8c-85f4-c10eb874732d:192.168.157.203:46766, 70b633f6-b230-4b9f-87f3-510da88f1e08:192.168.157.203:43163], old=null
2019-10-16 11:36:03,507 [a3132885-145f-4a8c-85f4-c10eb874732d@group-2077DD483DC7-LeaderElection365] INFO  impl.RaftServerImpl (RaftServerImpl.java:setRole(184)) - a3132885-145f-4a8c-85f4-c10eb874732d@group-2077DD483DC7: changes role from CANDIDATE to FOLLOWER at term 191 for DISCOVERED_A_NEW_TERM
2019-10-16 11:36:03,507 [a3132885-145f-4a8c-85f4-c10eb874732d@group-2077DD483DC7-LeaderElection365] INFO  impl.RoleInfo (RoleInfo.java:shutdownLeaderElection(134)) - a3132885-145f-4a8c-85f4-c10eb874732d: shutdown LeaderElection
2019-10-16 11:36:03,507 [a3132885-145f-4a8c-85f4-c10eb874732d@group-2077DD483DC7-LeaderElection365] INFO  impl.RoleInfo (RoleInfo.java:updateAndGet(143)) - a3132885-145f-4a8c-85f4-c10eb874732d: start FollowerState
2019-10-16 11:36:03,655 [Thread-2893] INFO  impl.FollowerState (FollowerState.java:run(108)) - a3132885-145f-4a8c-85f4-c10eb874732d@group-2077DD483DC7-FollowerState: change to CANDIDATE, lastRpcTime:148ms, electionTimeout:148ms
2019-10-16 11:36:03,655 [Thread-2893] INFO  impl.RoleInfo (RoleInfo.java:shutdownFollowerState(121)) - a3132885-145f-4a8c-85f4-c10eb874732d: shutdown FollowerState
2019-10-16 11:36:03,655 [Thread-2893] INFO  impl.RaftServerImpl (RaftServerImpl.java:setRole(184)) - a3132885-145f-4a8c-85f4-c10eb874732d@group-2077DD483DC7: changes role from  FOLLOWER to CANDIDATE at term 191 for changeToCandidate
2019-10-16 11:36:03,656 [Thread-2893] INFO  impl.RoleInfo (RoleInfo.java:updateAndGet(143)) - a3132885-145f-4a8c-85f4-c10eb874732d: start LeaderElection
2019-10-16 11:36:03,670 [a3132885-145f-4a8c-85f4-c10eb874732d@group-2077DD483DC7-LeaderElection366] INFO  impl.LeaderElection (LeaderElection.java:askForVotes(178)) - a3132885-145f-4a8c-85f4-c10eb874732d@group-2077DD483DC7-LeaderElection366: begin an election at term 192 for -1: [163587bb-2c3b-4498-b576-18147cf38274:192.168.157.203:33208, a3132885-145f-4a8c-85f4-c10eb874732d:192.168.157.203:46766, 70b633f6-b230-4b9f-87f3-510da88f1e08:192.168.157.203:43163], old=null
2019-10-16 11:36:03,671 [grpc-default-executor-6] INFO  impl.RaftServerImpl (RaftServerImpl.java:setRole(184)) - 163587bb-2c3b-4498-b576-18147cf38274@group-2077DD483DC7: changes role from  FOLLOWER to FOLLOWER at term 192 for recognizeCandidate:a3132885-145f-4a8c-85f4-c10eb874732d
2019-10-16 11:36:03,671 [grpc-default-executor-6] INFO  impl.RoleInfo (RoleInfo.java:shutdownFollowerState(121)) - 163587bb-2c3b-4498-b576-18147cf38274: shutdown FollowerState
2019-10-16 11:36:03,671 [grpc-default-executor-5] INFO  impl.RaftServerImpl (RaftServerImpl.java:setRole(184)) - 70b633f6-b230-4b9f-87f3-510da88f1e08@group-2077DD483DC7: changes role from  FOLLOWER to FOLLOWER at term 192 for recognizeCandidate:a3132885-145f-4a8c-85f4-c10eb874732d
2019-10-16 11:36:03,672 [Thread-2891] INFO  impl.FollowerState (FollowerState.java:run(117)) - 163587bb-2c3b-4498-b576-18147cf38274@group-2077DD483DC7-FollowerState was interrupted: java.lang.InterruptedException: sleep interrupted
2019-10-16 11:36:03,672 [grpc-default-executor-6] INFO  impl.RoleInfo (RoleInfo.java:updateAndGet(143)) - 163587bb-2c3b-4498-b576-18147cf38274: start FollowerState
2019-10-16 11:36:03,672 [grpc-default-executor-5] INFO  impl.RoleInfo (RoleInfo.java:shutdownFollowerState(121)) - 70b633f6-b230-4b9f-87f3-510da88f1e08: shutdown FollowerState
2019-10-16 11:36:03,672 [grpc-default-executor-5] INFO  impl.RoleInfo (RoleInfo.java:updateAndGet(143)) - 70b633f6-b230-4b9f-87f3-510da88f1e08: start FollowerState
2019-10-16 11:36:03,672 [Thread-2892] INFO  impl.FollowerState (FollowerState.java:run(117)) - 70b633f6-b230-4b9f-87f3-510da88f1e08@group-2077DD483DC7-FollowerState was interrupted: java.lang.InterruptedException: sleep interrupted
2019-10-16 11:36:03,687 [a3132885-145f-4a8c-85f4-c10eb874732d@group-2077DD483DC7-LeaderElection366] INFO  impl.LeaderElection (LeaderElection.java:logAndReturn(56)) - a3132885-145f-4a8c-85f4-c10eb874732d@group-2077DD483DC7-LeaderElection366: Election REJECTED; received 2 response(s) [a3132885-145f-4a8c-85f4-c10eb874732d<-163587bb-2c3b-4498-b576-18147cf38274#0:FAIL-t192, a3132885-145f-4a8c-85f4-c10eb874732d<-70b633f6-b230-4b9f-87f3-510da88f1e08#0:FAIL-t192] and 0 exception(s); a3132885-145f-4a8c-85f4-c10eb874732d@group-2077DD483DC7:t192, leader=null, voted=a3132885-145f-4a8c-85f4-c10eb874732d, raftlog=a3132885-145f-4a8c-85f4-c10eb874732d@group-2077DD483DC7-SegmentedRaftLog:OPENED:c-1,f-1,i0, conf=-1: [163587bb-2c3b-4498-b576-18147cf38274:192.168.157.203:33208, a3132885-145f-4a8c-85f4-c10eb874732d:192.168.157.203:46766, 70b633f6-b230-4b9f-87f3-510da88f1e08:192.168.157.203:43163], old=null
2019-10-16 11:36:03,687 [a3132885-145f-4a8c-85f4-c10eb874732d@group-2077DD483DC7-LeaderElection366] INFO  impl.RaftServerImpl (RaftServerImpl.java:setRole(184)) - a3132885-145f-4a8c-85f4-c10eb874732d@group-2077DD483DC7: changes role from CANDIDATE to FOLLOWER at term 192 for DISCOVERED_A_NEW_TERM
2019-10-16 11:36:03,687 [a3132885-145f-4a8c-85f4-c10eb874732d@group-2077DD483DC7-LeaderElection366] INFO  impl.RoleInfo (RoleInfo.java:shutdownLeaderElection(134)) - a3132885-145f-4a8c-85f4-c10eb874732d: shutdown LeaderElection
2019-10-16 11:36:03,687 [a3132885-145f-4a8c-85f4-c10eb874732d@group-2077DD483DC7-LeaderElection366] INFO  impl.RoleInfo (RoleInfo.java:updateAndGet(143)) - a3132885-145f-4a8c-85f4-c10eb874732d: start FollowerState
2019-10-16 11:36:03,705 [Thread-2899] INFO  impl.FollowerState (FollowerState.java:run(108)) - a3132885-145f-4a8c-85f4-c10eb874732d@group-2077DD483DC7-FollowerState: change to CANDIDATE, lastRpcTime:18ms, electionTimeout:18ms
2019-10-16 11:36:03,706 [Thread-2899] INFO  impl.RoleInfo (RoleInfo.java:shutdownFollowerState(121)) - a3132885-145f-4a8c-85f4-c10eb874732d: shutdown FollowerState
2019-10-16 11:36:03,706 [Thread-2899] INFO  impl.RaftServerImpl (RaftServerImpl.java:setRole(184)) - a3132885-145f-4a8c-85f4-c10eb874732d@group-2077DD483DC7: changes role from  FOLLOWER to CANDIDATE at term 192 for changeToCandidate
2019-10-16 11:36:03,706 [Thread-2899] INFO  impl.RoleInfo (RoleInfo.java:updateAndGet(143)) - a3132885-145f-4a8c-85f4-c10eb874732d: start LeaderElection
2019-10-16 11:36:03,719 [a3132885-145f-4a8c-85f4-c10eb874732d@group-2077DD483DC7-LeaderElection367] INFO  impl.LeaderElection (LeaderElection.java:askForVotes(178)) - a3132885-145f-4a8c-85f4-c10eb874732d@group-2077DD483DC7-LeaderElection367: begin an election at term 193 for -1: [163587bb-2c3b-4498-b576-18147cf38274:192.168.157.203:33208, a3132885-145f-4a8c-85f4-c10eb874732d:192.168.157.203:46766, 70b633f6-b230-4b9f-87f3-510da88f1e08:192.168.157.203:43163], old=null
2019-10-16 11:36:03,720 [Thread-2849] INFO  impl.FollowerState (FollowerState.java:run(108)) - 4281bf39-36db-462c-8bc9-3c86cb645344@group-B3673A53AB6F-FollowerState: change to CANDIDATE, lastRpcTime:1004ms, electionTimeout:1004ms
2019-10-16 11:36:03,720 [Thread-2849] INFO  impl.RoleInfo (RoleInfo.java:shutdownFollowerState(121)) - 4281bf39-36db-462c-8bc9-3c86cb645344: shutdown FollowerState
2019-10-16 11:36:03,720 [Thread-2849] INFO  impl.RaftServerImpl (RaftServerImpl.java:setRole(184)) - 4281bf39-36db-462c-8bc9-3c86cb645344@group-B3673A53AB6F: changes role from  FOLLOWER to CANDIDATE at term 198 for changeToCandidate
2019-10-16 11:36:03,720 [Thread-2849] INFO  impl.RoleInfo (RoleInfo.java:updateAndGet(143)) - 4281bf39-36db-462c-8bc9-3c86cb645344: start LeaderElection
2019-10-16 11:36:03,720 [grpc-default-executor-5] INFO  impl.RaftServerImpl (RaftServerImpl.java:setRole(184)) - 163587bb-2c3b-4498-b576-18147cf38274@group-2077DD483DC7: changes role from  FOLLOWER to FOLLOWER at term 193 for recognizeCandidate:a3132885-145f-4a8c-85f4-c10eb874732d
2019-10-16 11:36:03,720 [grpc-default-executor-5] INFO  impl.RoleInfo (RoleInfo.java:shutdownFollowerState(121)) - 163587bb-2c3b-4498-b576-18147cf38274: shutdown FollowerState
2019-10-16 11:36:03,721 [grpc-default-executor-5] INFO  impl.RoleInfo (RoleInfo.java:updateAndGet(143)) - 163587bb-2c3b-4498-b576-18147cf38274: start FollowerState
2019-10-16 11:36:03,721 [Thread-2897] INFO  impl.FollowerState (FollowerState.java:run(117)) - 163587bb-2c3b-4498-b576-18147cf38274@group-2077DD483DC7-FollowerState was interrupted: java.lang.InterruptedException: sleep interrupted
2019-10-16 11:36:03,721 [grpc-default-executor-6] INFO  impl.RaftServerImpl (RaftServerImpl.java:setRole(184)) - 70b633f6-b230-4b9f-87f3-510da88f1e08@group-2077DD483DC7: changes role from  FOLLOWER to FOLLOWER at term 193 for recognizeCandidate:a3132885-145f-4a8c-85f4-c10eb874732d
2019-10-16 11:36:03,721 [grpc-default-executor-6] INFO  impl.RoleInfo (RoleInfo.java:shutdownFollowerState(121)) - 70b633f6-b230-4b9f-87f3-510da88f1e08: shutdown FollowerState
2019-10-16 11:36:03,721 [grpc-default-executor-6] INFO  impl.RoleInfo (RoleInfo.java:updateAndGet(143)) - 70b633f6-b230-4b9f-87f3-510da88f1e08: start FollowerState
2019-10-16 11:36:03,721 [Thread-2898] INFO  impl.FollowerState (FollowerState.java:run(117)) - 70b633f6-b230-4b9f-87f3-510da88f1e08@group-2077DD483DC7-FollowerState was interrupted: java.lang.InterruptedException: sleep interrupted
2019-10-16 11:36:03,734 [4281bf39-36db-462c-8bc9-3c86cb645344@group-B3673A53AB6F-LeaderElection368] INFO  impl.LeaderElection (LeaderElection.java:askForVotes(178)) - 4281bf39-36db-462c-8bc9-3c86cb645344@group-B3673A53AB6F-LeaderElection368: begin an election at term 199 for 0: [f94c755f-9f95-40b5-85b9-5e712f3f34e7:192.168.157.203:45275, 1ee6da7b-5867-4bad-ba0d-a2cfd13fd72a:192.168.157.203:35892, 4281bf39-36db-462c-8bc9-3c86cb645344:192.168.157.203:42381], old=null
2019-10-16 11:36:03,735 [a3132885-145f-4a8c-85f4-c10eb874732d@group-2077DD483DC7-LeaderElection367] INFO  impl.LeaderElection (LeaderElection.java:logAndReturn(56)) - a3132885-145f-4a8c-85f4-c10eb874732d@group-2077DD483DC7-LeaderElection367: Election REJECTED; received 2 response(s) [a3132885-145f-4a8c-85f4-c10eb874732d<-163587bb-2c3b-4498-b576-18147cf38274#0:FAIL-t193, a3132885-145f-4a8c-85f4-c10eb874732d<-70b633f6-b230-4b9f-87f3-510da88f1e08#0:FAIL-t193] and 0 exception(s); a3132885-145f-4a8c-85f4-c10eb874732d@group-2077DD483DC7:t193, leader=null, voted=a3132885-145f-4a8c-85f4-c10eb874732d, raftlog=a3132885-145f-4a8c-85f4-c10eb874732d@group-2077DD483DC7-SegmentedRaftLog:OPENED:c-1,f-1,i0, conf=-1: [163587bb-2c3b-4498-b576-18147cf38274:192.168.157.203:33208, a3132885-145f-4a8c-85f4-c10eb874732d:192.168.157.203:46766, 70b633f6-b230-4b9f-87f3-510da88f1e08:192.168.157.203:43163], old=null
2019-10-16 11:36:03,735 [a3132885-145f-4a8c-85f4-c10eb874732d@group-2077DD483DC7-LeaderElection367] INFO  impl.RaftServerImpl (RaftServerImpl.java:setRole(184)) - a3132885-145f-4a8c-85f4-c10eb874732d@group-2077DD483DC7: changes role from CANDIDATE to FOLLOWER at term 193 for DISCOVERED_A_NEW_TERM
2019-10-16 11:36:03,735 [a3132885-145f-4a8c-85f4-c10eb874732d@group-2077DD483DC7-LeaderElection367] INFO  impl.RoleInfo (RoleInfo.java:shutdownLeaderElection(134)) - a3132885-145f-4a8c-85f4-c10eb874732d: shutdown LeaderElection
2019-10-16 11:36:03,735 [a3132885-145f-4a8c-85f4-c10eb874732d@group-2077DD483DC7-LeaderElection367] INFO  impl.RoleInfo (RoleInfo.java:updateAndGet(143)) - a3132885-145f-4a8c-85f4-c10eb874732d: start FollowerState
2019-10-16 11:36:03,751 [4281bf39-36db-462c-8bc9-3c86cb645344@group-B3673A53AB6F-LeaderElection368] INFO  impl.LeaderElection (LogUtils.java:infoOrTrace(149)) - 4281bf39-36db-462c-8bc9-3c86cb645344@group-B3673A53AB6F-LeaderElection368 got exception when requesting votes: {}
java.util.concurrent.ExecutionException: org.apache.ratis.thirdparty.io.grpc.StatusRuntimeException: UNAVAILABLE: io exception
	at java.util.concurrent.FutureTask.report(FutureTask.java:122)
	at java.util.concurrent.FutureTask.get(FutureTask.java:192)
	at org.apache.ratis.server.impl.LeaderElection.waitForResults(LeaderElection.java:259)
	at org.apache.ratis.server.impl.LeaderElection.askForVotes(LeaderElection.java:197)
	at org.apache.ratis.server.impl.LeaderElection.run(LeaderElection.java:133)
	at java.lang.Thread.run(Thread.java:748)
Caused by: org.apache.ratis.thirdparty.io.grpc.StatusRuntimeException: UNAVAILABLE: io exception
	at org.apache.ratis.thirdparty.io.grpc.stub.ClientCalls.toStatusRuntimeException(ClientCalls.java:233)
	at org.apache.ratis.thirdparty.io.grpc.stub.ClientCalls.getUnchecked(ClientCalls.java:214)
	at org.apache.ratis.thirdparty.io.grpc.stub.ClientCalls.blockingUnaryCall(ClientCalls.java:139)
	at org.apache.ratis.proto.grpc.RaftServerProtocolServiceGrpc$RaftServerProtocolServiceBlockingStub.requestVote(RaftServerProtocolServiceGrpc.java:265)
	at org.apache.ratis.grpc.server.GrpcServerProtocolClient.requestVote(GrpcServerProtocolClient.java:99)
	at org.apache.ratis.grpc.server.GrpcService.requestVote(GrpcService.java:204)
	at org.apache.ratis.server.impl.LeaderElection.lambda$submitRequests$1(LeaderElection.java:234)
	at java.util.concurrent.FutureTask.run(FutureTask.java:266)
	at java.util.concurrent.Executors$RunnableAdapter.call(Executors.java:511)
	at java.util.concurrent.FutureTask.run(FutureTask.java:266)
	at java.util.concurrent.ThreadPoolExecutor.runWorker(ThreadPoolExecutor.java:1149)
	at java.util.concurrent.ThreadPoolExecutor$Worker.run(ThreadPoolExecutor.java:624)
	... 1 more
Caused by: org.apache.ratis.thirdparty.io.netty.channel.AbstractChannel$AnnotatedConnectException: Connection refused: /192.168.157.203:35892
	at sun.nio.ch.SocketChannelImpl.checkConnect(Native Method)
	at sun.nio.ch.SocketChannelImpl.finishConnect(SocketChannelImpl.java:717)
	at org.apache.ratis.thirdparty.io.netty.channel.socket.nio.NioSocketChannel.doFinishConnect(NioSocketChannel.java:327)
	at org.apache.ratis.thirdparty.io.netty.channel.nio.AbstractNioChannel$AbstractNioUnsafe.finishConnect(AbstractNioChannel.java:340)
	at org.apache.ratis.thirdparty.io.netty.channel.nio.NioEventLoop.processSelectedKey(NioEventLoop.java:632)
	at org.apache.ratis.thirdparty.io.netty.channel.nio.NioEventLoop.processSelectedKeysOptimized(NioEventLoop.java:579)
	at org.apache.ratis.thirdparty.io.netty.channel.nio.NioEventLoop.processSelectedKeys(NioEventLoop.java:496)
	at org.apache.ratis.thirdparty.io.netty.channel.nio.NioEventLoop.run(NioEventLoop.java:458)
	at org.apache.ratis.thirdparty.io.netty.util.concurrent.SingleThreadEventExecutor$5.run(SingleThreadEventExecutor.java:897)
	at org.apache.ratis.thirdparty.io.netty.util.concurrent.FastThreadLocalRunnable.run(FastThreadLocalRunnable.java:30)
	... 1 more
Caused by: java.net.ConnectException: Connection refused
	... 11 more
2019-10-16 11:36:03,755 [4281bf39-36db-462c-8bc9-3c86cb645344@group-B3673A53AB6F-LeaderElection368] INFO  impl.LeaderElection (LogUtils.java:infoOrTrace(149)) - 4281bf39-36db-462c-8bc9-3c86cb645344@group-B3673A53AB6F-LeaderElection368 got exception when requesting votes: {}
java.util.concurrent.ExecutionException: org.apache.ratis.thirdparty.io.grpc.StatusRuntimeException: UNAVAILABLE: io exception
	at java.util.concurrent.FutureTask.report(FutureTask.java:122)
	at java.util.concurrent.FutureTask.get(FutureTask.java:192)
	at org.apache.ratis.server.impl.LeaderElection.waitForResults(LeaderElection.java:259)
	at org.apache.ratis.server.impl.LeaderElection.askForVotes(LeaderElection.java:197)
	at org.apache.ratis.server.impl.LeaderElection.run(LeaderElection.java:133)
	at java.lang.Thread.run(Thread.java:748)
Caused by: org.apache.ratis.thirdparty.io.grpc.StatusRuntimeException: UNAVAILABLE: io exception
	at org.apache.ratis.thirdparty.io.grpc.stub.ClientCalls.toStatusRuntimeException(ClientCalls.java:233)
	at org.apache.ratis.thirdparty.io.grpc.stub.ClientCalls.getUnchecked(ClientCalls.java:214)
	at org.apache.ratis.thirdparty.io.grpc.stub.ClientCalls.blockingUnaryCall(ClientCalls.java:139)
	at org.apache.ratis.proto.grpc.RaftServerProtocolServiceGrpc$RaftServerProtocolServiceBlockingStub.requestVote(RaftServerProtocolServiceGrpc.java:265)
	at org.apache.ratis.grpc.server.GrpcServerProtocolClient.requestVote(GrpcServerProtocolClient.java:99)
	at org.apache.ratis.grpc.server.GrpcService.requestVote(GrpcService.java:204)
	at org.apache.ratis.server.impl.LeaderElection.lambda$submitRequests$1(LeaderElection.java:234)
	at java.util.concurrent.FutureTask.run(FutureTask.java:266)
	at java.util.concurrent.Executors$RunnableAdapter.call(Executors.java:511)
	at java.util.concurrent.FutureTask.run(FutureTask.java:266)
	at java.util.concurrent.ThreadPoolExecutor.runWorker(ThreadPoolExecutor.java:1149)
	at java.util.concurrent.ThreadPoolExecutor$Worker.run(ThreadPoolExecutor.java:624)
	... 1 more
Caused by: org.apache.ratis.thirdparty.io.netty.channel.AbstractChannel$AnnotatedConnectException: Connection refused: /192.168.157.203:45275
	at sun.nio.ch.SocketChannelImpl.checkConnect(Native Method)
	at sun.nio.ch.SocketChannelImpl.finishConnect(SocketChannelImpl.java:717)
	at org.apache.ratis.thirdparty.io.netty.channel.socket.nio.NioSocketChannel.doFinishConnect(NioSocketChannel.java:327)
	at org.apache.ratis.thirdparty.io.netty.channel.nio.AbstractNioChannel$AbstractNioUnsafe.finishConnect(AbstractNioChannel.java:340)
	at org.apache.ratis.thirdparty.io.netty.channel.nio.NioEventLoop.processSelectedKey(NioEventLoop.java:632)
	at org.apache.ratis.thirdparty.io.netty.channel.nio.NioEventLoop.processSelectedKeysOptimized(NioEventLoop.java:579)
	at org.apache.ratis.thirdparty.io.netty.channel.nio.NioEventLoop.processSelectedKeys(NioEventLoop.java:496)
	at org.apache.ratis.thirdparty.io.netty.channel.nio.NioEventLoop.run(NioEventLoop.java:458)
	at org.apache.ratis.thirdparty.io.netty.util.concurrent.SingleThreadEventExecutor$5.run(SingleThreadEventExecutor.java:897)
	at org.apache.ratis.thirdparty.io.netty.util.concurrent.FastThreadLocalRunnable.run(FastThreadLocalRunnable.java:30)
	... 1 more
Caused by: java.net.ConnectException: Connection refused
	... 11 more
2019-10-16 11:36:03,757 [4281bf39-36db-462c-8bc9-3c86cb645344@group-B3673A53AB6F-LeaderElection368] INFO  impl.LeaderElection (LeaderElection.java:logAndReturn(56)) - 4281bf39-36db-462c-8bc9-3c86cb645344@group-B3673A53AB6F-LeaderElection368: Election REJECTED; received 0 response(s) [] and 2 exception(s); 4281bf39-36db-462c-8bc9-3c86cb645344@group-B3673A53AB6F:t199, leader=null, voted=4281bf39-36db-462c-8bc9-3c86cb645344, raftlog=4281bf39-36db-462c-8bc9-3c86cb645344@group-B3673A53AB6F-SegmentedRaftLog:OPENED:c-1,f0,i0, conf=0: [f94c755f-9f95-40b5-85b9-5e712f3f34e7:192.168.157.203:45275, 1ee6da7b-5867-4bad-ba0d-a2cfd13fd72a:192.168.157.203:35892, 4281bf39-36db-462c-8bc9-3c86cb645344:192.168.157.203:42381], old=null
2019-10-16 11:36:03,758 [4281bf39-36db-462c-8bc9-3c86cb645344@group-B3673A53AB6F-LeaderElection368] INFO  impl.LeaderElection (LogUtils.java:infoOrTrace(149)) -   Exception 0: {}
java.util.concurrent.ExecutionException: org.apache.ratis.thirdparty.io.grpc.StatusRuntimeException: UNAVAILABLE: io exception
	at java.util.concurrent.FutureTask.report(FutureTask.java:122)
	at java.util.concurrent.FutureTask.get(FutureTask.java:192)
	at org.apache.ratis.server.impl.LeaderElection.waitForResults(LeaderElection.java:259)
	at org.apache.ratis.server.impl.LeaderElection.askForVotes(LeaderElection.java:197)
	at org.apache.ratis.server.impl.LeaderElection.run(LeaderElection.java:133)
	at java.lang.Thread.run(Thread.java:748)
Caused by: org.apache.ratis.thirdparty.io.grpc.StatusRuntimeException: UNAVAILABLE: io exception
	at org.apache.ratis.thirdparty.io.grpc.stub.ClientCalls.toStatusRuntimeException(ClientCalls.java:233)
	at org.apache.ratis.thirdparty.io.grpc.stub.ClientCalls.getUnchecked(ClientCalls.java:214)
	at org.apache.ratis.thirdparty.io.grpc.stub.ClientCalls.blockingUnaryCall(ClientCalls.java:139)
	at org.apache.ratis.proto.grpc.RaftServerProtocolServiceGrpc$RaftServerProtocolServiceBlockingStub.requestVote(RaftServerProtocolServiceGrpc.java:265)
	at org.apache.ratis.grpc.server.GrpcServerProtocolClient.requestVote(GrpcServerProtocolClient.java:99)
	at org.apache.ratis.grpc.server.GrpcService.requestVote(GrpcService.java:204)
	at org.apache.ratis.server.impl.LeaderElection.lambda$submitRequests$1(LeaderElection.java:234)
	at java.util.concurrent.FutureTask.run(FutureTask.java:266)
	at java.util.concurrent.Executors$RunnableAdapter.call(Executors.java:511)
	at java.util.concurrent.FutureTask.run(FutureTask.java:266)
	at java.util.concurrent.ThreadPoolExecutor.runWorker(ThreadPoolExecutor.java:1149)
	at java.util.concurrent.ThreadPoolExecutor$Worker.run(ThreadPoolExecutor.java:624)
	... 1 more
Caused by: org.apache.ratis.thirdparty.io.netty.channel.AbstractChannel$AnnotatedConnectException: Connection refused: /192.168.157.203:35892
	at sun.nio.ch.SocketChannelImpl.checkConnect(Native Method)
	at sun.nio.ch.SocketChannelImpl.finishConnect(SocketChannelImpl.java:717)
	at org.apache.ratis.thirdparty.io.netty.channel.socket.nio.NioSocketChannel.doFinishConnect(NioSocketChannel.java:327)
	at org.apache.ratis.thirdparty.io.netty.channel.nio.AbstractNioChannel$AbstractNioUnsafe.finishConnect(AbstractNioChannel.java:340)
	at org.apache.ratis.thirdparty.io.netty.channel.nio.NioEventLoop.processSelectedKey(NioEventLoop.java:632)
	at org.apache.ratis.thirdparty.io.netty.channel.nio.NioEventLoop.processSelectedKeysOptimized(NioEventLoop.java:579)
	at org.apache.ratis.thirdparty.io.netty.channel.nio.NioEventLoop.processSelectedKeys(NioEventLoop.java:496)
	at org.apache.ratis.thirdparty.io.netty.channel.nio.NioEventLoop.run(NioEventLoop.java:458)
	at org.apache.ratis.thirdparty.io.netty.util.concurrent.SingleThreadEventExecutor$5.run(SingleThreadEventExecutor.java:897)
	at org.apache.ratis.thirdparty.io.netty.util.concurrent.FastThreadLocalRunnable.run(FastThreadLocalRunnable.java:30)
	... 1 more
Caused by: java.net.ConnectException: Connection refused
	... 11 more
2019-10-16 11:36:03,758 [4281bf39-36db-462c-8bc9-3c86cb645344@group-B3673A53AB6F-LeaderElection368] INFO  impl.LeaderElection (LogUtils.java:infoOrTrace(149)) -   Exception 1: {}
java.util.concurrent.ExecutionException: org.apache.ratis.thirdparty.io.grpc.StatusRuntimeException: UNAVAILABLE: io exception
	at java.util.concurrent.FutureTask.report(FutureTask.java:122)
	at java.util.concurrent.FutureTask.get(FutureTask.java:192)
	at org.apache.ratis.server.impl.LeaderElection.waitForResults(LeaderElection.java:259)
	at org.apache.ratis.server.impl.LeaderElection.askForVotes(LeaderElection.java:197)
	at org.apache.ratis.server.impl.LeaderElection.run(LeaderElection.java:133)
	at java.lang.Thread.run(Thread.java:748)
Caused by: org.apache.ratis.thirdparty.io.grpc.StatusRuntimeException: UNAVAILABLE: io exception
	at org.apache.ratis.thirdparty.io.grpc.stub.ClientCalls.toStatusRuntimeException(ClientCalls.java:233)
	at org.apache.ratis.thirdparty.io.grpc.stub.ClientCalls.getUnchecked(ClientCalls.java:214)
	at org.apache.ratis.thirdparty.io.grpc.stub.ClientCalls.blockingUnaryCall(ClientCalls.java:139)
	at org.apache.ratis.proto.grpc.RaftServerProtocolServiceGrpc$RaftServerProtocolServiceBlockingStub.requestVote(RaftServerProtocolServiceGrpc.java:265)
	at org.apache.ratis.grpc.server.GrpcServerProtocolClient.requestVote(GrpcServerProtocolClient.java:99)
	at org.apache.ratis.grpc.server.GrpcService.requestVote(GrpcService.java:204)
	at org.apache.ratis.server.impl.LeaderElection.lambda$submitRequests$1(LeaderElection.java:234)
	at java.util.concurrent.FutureTask.run(FutureTask.java:266)
	at java.util.concurrent.Executors$RunnableAdapter.call(Executors.java:511)
	at java.util.concurrent.FutureTask.run(FutureTask.java:266)
	at java.util.concurrent.ThreadPoolExecutor.runWorker(ThreadPoolExecutor.java:1149)
	at java.util.concurrent.ThreadPoolExecutor$Worker.run(ThreadPoolExecutor.java:624)
	... 1 more
Caused by: org.apache.ratis.thirdparty.io.netty.channel.AbstractChannel$AnnotatedConnectException: Connection refused: /192.168.157.203:45275
	at sun.nio.ch.SocketChannelImpl.checkConnect(Native Method)
	at sun.nio.ch.SocketChannelImpl.finishConnect(SocketChannelImpl.java:717)
	at org.apache.ratis.thirdparty.io.netty.channel.socket.nio.NioSocketChannel.doFinishConnect(NioSocketChannel.java:327)
	at org.apache.ratis.thirdparty.io.netty.channel.nio.AbstractNioChannel$AbstractNioUnsafe.finishConnect(AbstractNioChannel.java:340)
	at org.apache.ratis.thirdparty.io.netty.channel.nio.NioEventLoop.processSelectedKey(NioEventLoop.java:632)
	at org.apache.ratis.thirdparty.io.netty.channel.nio.NioEventLoop.processSelectedKeysOptimized(NioEventLoop.java:579)
	at org.apache.ratis.thirdparty.io.netty.channel.nio.NioEventLoop.processSelectedKeys(NioEventLoop.java:496)
	at org.apache.ratis.thirdparty.io.netty.channel.nio.NioEventLoop.run(NioEventLoop.java:458)
	at org.apache.ratis.thirdparty.io.netty.util.concurrent.SingleThreadEventExecutor$5.run(SingleThreadEventExecutor.java:897)
	at org.apache.ratis.thirdparty.io.netty.util.concurrent.FastThreadLocalRunnable.run(FastThreadLocalRunnable.java:30)
	... 1 more
Caused by: java.net.ConnectException: Connection refused
	... 11 more
2019-10-16 11:36:03,759 [4281bf39-36db-462c-8bc9-3c86cb645344@group-B3673A53AB6F-LeaderElection368] INFO  impl.RaftServerImpl (RaftServerImpl.java:setRole(184)) - 4281bf39-36db-462c-8bc9-3c86cb645344@group-B3673A53AB6F: changes role from CANDIDATE to FOLLOWER at term 199 for DISCOVERED_A_NEW_TERM
2019-10-16 11:36:03,759 [4281bf39-36db-462c-8bc9-3c86cb645344@group-B3673A53AB6F-LeaderElection368] INFO  impl.RoleInfo (RoleInfo.java:shutdownLeaderElection(134)) - 4281bf39-36db-462c-8bc9-3c86cb645344: shutdown LeaderElection
2019-10-16 11:36:03,759 [4281bf39-36db-462c-8bc9-3c86cb645344@group-B3673A53AB6F-LeaderElection368] INFO  impl.RoleInfo (RoleInfo.java:updateAndGet(143)) - 4281bf39-36db-462c-8bc9-3c86cb645344: start FollowerState
2019-10-16 11:36:03,911 [Datanode State Machine Thread - 0] INFO  statemachine.DatanodeStateMachine (DatanodeStateMachine.java:lambda$startDaemon$0(350)) - Ozone container server started.
2019-10-16 11:36:03,918 [Thread-2908] INFO  impl.FollowerState (FollowerState.java:run(108)) - a3132885-145f-4a8c-85f4-c10eb874732d@group-2077DD483DC7-FollowerState: change to CANDIDATE, lastRpcTime:182ms, electionTimeout:182ms
2019-10-16 11:36:03,918 [Thread-2908] INFO  impl.RoleInfo (RoleInfo.java:shutdownFollowerState(121)) - a3132885-145f-4a8c-85f4-c10eb874732d: shutdown FollowerState
2019-10-16 11:36:03,918 [Thread-2908] INFO  impl.RaftServerImpl (RaftServerImpl.java:setRole(184)) - a3132885-145f-4a8c-85f4-c10eb874732d@group-2077DD483DC7: changes role from  FOLLOWER to CANDIDATE at term 193 for changeToCandidate
2019-10-16 11:36:03,919 [Thread-2908] INFO  impl.RoleInfo (RoleInfo.java:updateAndGet(143)) - a3132885-145f-4a8c-85f4-c10eb874732d: start LeaderElection
2019-10-16 11:36:03,933 [a3132885-145f-4a8c-85f4-c10eb874732d@group-2077DD483DC7-LeaderElection369] INFO  impl.LeaderElection (LeaderElection.java:askForVotes(178)) - a3132885-145f-4a8c-85f4-c10eb874732d@group-2077DD483DC7-LeaderElection369: begin an election at term 194 for -1: [163587bb-2c3b-4498-b576-18147cf38274:192.168.157.203:33208, a3132885-145f-4a8c-85f4-c10eb874732d:192.168.157.203:46766, 70b633f6-b230-4b9f-87f3-510da88f1e08:192.168.157.203:43163], old=null
2019-10-16 11:36:03,935 [grpc-default-executor-5] INFO  impl.RaftServerImpl (RaftServerImpl.java:setRole(184)) - 163587bb-2c3b-4498-b576-18147cf38274@group-2077DD483DC7: changes role from  FOLLOWER to FOLLOWER at term 194 for recognizeCandidate:a3132885-145f-4a8c-85f4-c10eb874732d
2019-10-16 11:36:03,935 [grpc-default-executor-5] INFO  impl.RoleInfo (RoleInfo.java:shutdownFollowerState(121)) - 163587bb-2c3b-4498-b576-18147cf38274: shutdown FollowerState
2019-10-16 11:36:03,935 [grpc-default-executor-5] INFO  impl.RoleInfo (RoleInfo.java:updateAndGet(143)) - 163587bb-2c3b-4498-b576-18147cf38274: start FollowerState
2019-10-16 11:36:03,935 [Thread-2904] INFO  impl.FollowerState (FollowerState.java:run(117)) - 163587bb-2c3b-4498-b576-18147cf38274@group-2077DD483DC7-FollowerState was interrupted: java.lang.InterruptedException: sleep interrupted
2019-10-16 11:36:03,935 [grpc-default-executor-6] INFO  impl.RaftServerImpl (RaftServerImpl.java:setRole(184)) - 70b633f6-b230-4b9f-87f3-510da88f1e08@group-2077DD483DC7: changes role from  FOLLOWER to FOLLOWER at term 194 for recognizeCandidate:a3132885-145f-4a8c-85f4-c10eb874732d
2019-10-16 11:36:03,936 [grpc-default-executor-6] INFO  impl.RoleInfo (RoleInfo.java:shutdownFollowerState(121)) - 70b633f6-b230-4b9f-87f3-510da88f1e08: shutdown FollowerState
2019-10-16 11:36:03,936 [grpc-default-executor-6] INFO  impl.RoleInfo (RoleInfo.java:updateAndGet(143)) - 70b633f6-b230-4b9f-87f3-510da88f1e08: start FollowerState
2019-10-16 11:36:03,936 [Thread-2905] INFO  impl.FollowerState (FollowerState.java:run(117)) - 70b633f6-b230-4b9f-87f3-510da88f1e08@group-2077DD483DC7-FollowerState was interrupted: java.lang.InterruptedException: sleep interrupted
2019-10-16 11:36:03,950 [a3132885-145f-4a8c-85f4-c10eb874732d@group-2077DD483DC7-LeaderElection369] INFO  impl.LeaderElection (LeaderElection.java:logAndReturn(56)) - a3132885-145f-4a8c-85f4-c10eb874732d@group-2077DD483DC7-LeaderElection369: Election REJECTED; received 2 response(s) [a3132885-145f-4a8c-85f4-c10eb874732d<-163587bb-2c3b-4498-b576-18147cf38274#0:FAIL-t194, a3132885-145f-4a8c-85f4-c10eb874732d<-70b633f6-b230-4b9f-87f3-510da88f1e08#0:FAIL-t194] and 0 exception(s); a3132885-145f-4a8c-85f4-c10eb874732d@group-2077DD483DC7:t194, leader=null, voted=a3132885-145f-4a8c-85f4-c10eb874732d, raftlog=a3132885-145f-4a8c-85f4-c10eb874732d@group-2077DD483DC7-SegmentedRaftLog:OPENED:c-1,f-1,i0, conf=-1: [163587bb-2c3b-4498-b576-18147cf38274:192.168.157.203:33208, a3132885-145f-4a8c-85f4-c10eb874732d:192.168.157.203:46766, 70b633f6-b230-4b9f-87f3-510da88f1e08:192.168.157.203:43163], old=null
2019-10-16 11:36:03,950 [a3132885-145f-4a8c-85f4-c10eb874732d@group-2077DD483DC7-LeaderElection369] INFO  impl.RaftServerImpl (RaftServerImpl.java:setRole(184)) - a3132885-145f-4a8c-85f4-c10eb874732d@group-2077DD483DC7: changes role from CANDIDATE to FOLLOWER at term 194 for DISCOVERED_A_NEW_TERM
2019-10-16 11:36:03,950 [a3132885-145f-4a8c-85f4-c10eb874732d@group-2077DD483DC7-LeaderElection369] INFO  impl.RoleInfo (RoleInfo.java:shutdownLeaderElection(134)) - a3132885-145f-4a8c-85f4-c10eb874732d: shutdown LeaderElection
2019-10-16 11:36:03,950 [a3132885-145f-4a8c-85f4-c10eb874732d@group-2077DD483DC7-LeaderElection369] INFO  impl.RoleInfo (RoleInfo.java:updateAndGet(143)) - a3132885-145f-4a8c-85f4-c10eb874732d: start FollowerState
2019-10-16 11:36:04,008 [Thread-2915] INFO  impl.FollowerState (FollowerState.java:run(108)) - a3132885-145f-4a8c-85f4-c10eb874732d@group-2077DD483DC7-FollowerState: change to CANDIDATE, lastRpcTime:57ms, electionTimeout:57ms
2019-10-16 11:36:04,008 [Thread-2915] INFO  impl.RoleInfo (RoleInfo.java:shutdownFollowerState(121)) - a3132885-145f-4a8c-85f4-c10eb874732d: shutdown FollowerState
2019-10-16 11:36:04,008 [Thread-2915] INFO  impl.RaftServerImpl (RaftServerImpl.java:setRole(184)) - a3132885-145f-4a8c-85f4-c10eb874732d@group-2077DD483DC7: changes role from  FOLLOWER to CANDIDATE at term 194 for changeToCandidate
2019-10-16 11:36:04,008 [Thread-2915] INFO  impl.RoleInfo (RoleInfo.java:updateAndGet(143)) - a3132885-145f-4a8c-85f4-c10eb874732d: start LeaderElection
2019-10-16 11:36:04,022 [a3132885-145f-4a8c-85f4-c10eb874732d@group-2077DD483DC7-LeaderElection370] INFO  impl.LeaderElection (LeaderElection.java:askForVotes(178)) - a3132885-145f-4a8c-85f4-c10eb874732d@group-2077DD483DC7-LeaderElection370: begin an election at term 195 for -1: [163587bb-2c3b-4498-b576-18147cf38274:192.168.157.203:33208, a3132885-145f-4a8c-85f4-c10eb874732d:192.168.157.203:46766, 70b633f6-b230-4b9f-87f3-510da88f1e08:192.168.157.203:43163], old=null
2019-10-16 11:36:04,024 [grpc-default-executor-5] INFO  impl.RaftServerImpl (RaftServerImpl.java:setRole(184)) - 163587bb-2c3b-4498-b576-18147cf38274@group-2077DD483DC7: changes role from  FOLLOWER to FOLLOWER at term 195 for recognizeCandidate:a3132885-145f-4a8c-85f4-c10eb874732d
2019-10-16 11:36:04,024 [grpc-default-executor-5] INFO  impl.RoleInfo (RoleInfo.java:shutdownFollowerState(121)) - 163587bb-2c3b-4498-b576-18147cf38274: shutdown FollowerState
2019-10-16 11:36:04,024 [grpc-default-executor-6] INFO  impl.RaftServerImpl (RaftServerImpl.java:setRole(184)) - 70b633f6-b230-4b9f-87f3-510da88f1e08@group-2077DD483DC7: changes role from  FOLLOWER to FOLLOWER at term 195 for recognizeCandidate:a3132885-145f-4a8c-85f4-c10eb874732d
2019-10-16 11:36:04,026 [Thread-2913] INFO  impl.FollowerState (FollowerState.java:run(117)) - 163587bb-2c3b-4498-b576-18147cf38274@group-2077DD483DC7-FollowerState was interrupted: java.lang.InterruptedException: sleep interrupted
2019-10-16 11:36:04,026 [grpc-default-executor-5] INFO  impl.RoleInfo (RoleInfo.java:updateAndGet(143)) - 163587bb-2c3b-4498-b576-18147cf38274: start FollowerState
2019-10-16 11:36:04,027 [grpc-default-executor-6] INFO  impl.RoleInfo (RoleInfo.java:shutdownFollowerState(121)) - 70b633f6-b230-4b9f-87f3-510da88f1e08: shutdown FollowerState
2019-10-16 11:36:04,027 [grpc-default-executor-6] INFO  impl.RoleInfo (RoleInfo.java:updateAndGet(143)) - 70b633f6-b230-4b9f-87f3-510da88f1e08: start FollowerState
2019-10-16 11:36:04,027 [Thread-2914] INFO  impl.FollowerState (FollowerState.java:run(117)) - 70b633f6-b230-4b9f-87f3-510da88f1e08@group-2077DD483DC7-FollowerState was interrupted: java.lang.InterruptedException: sleep interrupted
2019-10-16 11:36:04,041 [a3132885-145f-4a8c-85f4-c10eb874732d@group-2077DD483DC7-LeaderElection370] INFO  impl.LeaderElection (LeaderElection.java:logAndReturn(56)) - a3132885-145f-4a8c-85f4-c10eb874732d@group-2077DD483DC7-LeaderElection370: Election REJECTED; received 2 response(s) [a3132885-145f-4a8c-85f4-c10eb874732d<-163587bb-2c3b-4498-b576-18147cf38274#0:FAIL-t195, a3132885-145f-4a8c-85f4-c10eb874732d<-70b633f6-b230-4b9f-87f3-510da88f1e08#0:FAIL-t195] and 0 exception(s); a3132885-145f-4a8c-85f4-c10eb874732d@group-2077DD483DC7:t195, leader=null, voted=a3132885-145f-4a8c-85f4-c10eb874732d, raftlog=a3132885-145f-4a8c-85f4-c10eb874732d@group-2077DD483DC7-SegmentedRaftLog:OPENED:c-1,f-1,i0, conf=-1: [163587bb-2c3b-4498-b576-18147cf38274:192.168.157.203:33208, a3132885-145f-4a8c-85f4-c10eb874732d:192.168.157.203:46766, 70b633f6-b230-4b9f-87f3-510da88f1e08:192.168.157.203:43163], old=null
2019-10-16 11:36:04,041 [a3132885-145f-4a8c-85f4-c10eb874732d@group-2077DD483DC7-LeaderElection370] INFO  impl.RaftServerImpl (RaftServerImpl.java:setRole(184)) - a3132885-145f-4a8c-85f4-c10eb874732d@group-2077DD483DC7: changes role from CANDIDATE to FOLLOWER at term 195 for DISCOVERED_A_NEW_TERM
2019-10-16 11:36:04,041 [a3132885-145f-4a8c-85f4-c10eb874732d@group-2077DD483DC7-LeaderElection370] INFO  impl.RoleInfo (RoleInfo.java:shutdownLeaderElection(134)) - a3132885-145f-4a8c-85f4-c10eb874732d: shutdown LeaderElection
2019-10-16 11:36:04,041 [a3132885-145f-4a8c-85f4-c10eb874732d@group-2077DD483DC7-LeaderElection370] INFO  impl.RoleInfo (RoleInfo.java:updateAndGet(143)) - a3132885-145f-4a8c-85f4-c10eb874732d: start FollowerState
2019-10-16 11:36:04,174 [Thread-2923] INFO  impl.FollowerState (FollowerState.java:run(108)) - a3132885-145f-4a8c-85f4-c10eb874732d@group-2077DD483DC7-FollowerState: change to CANDIDATE, lastRpcTime:133ms, electionTimeout:133ms
2019-10-16 11:36:04,175 [Thread-2923] INFO  impl.RoleInfo (RoleInfo.java:shutdownFollowerState(121)) - a3132885-145f-4a8c-85f4-c10eb874732d: shutdown FollowerState
2019-10-16 11:36:04,175 [Thread-2923] INFO  impl.RaftServerImpl (RaftServerImpl.java:setRole(184)) - a3132885-145f-4a8c-85f4-c10eb874732d@group-2077DD483DC7: changes role from  FOLLOWER to CANDIDATE at term 195 for changeToCandidate
2019-10-16 11:36:04,175 [Thread-2923] INFO  impl.RoleInfo (RoleInfo.java:updateAndGet(143)) - a3132885-145f-4a8c-85f4-c10eb874732d: start LeaderElection
2019-10-16 11:36:04,188 [a3132885-145f-4a8c-85f4-c10eb874732d@group-2077DD483DC7-LeaderElection371] INFO  impl.LeaderElection (LeaderElection.java:askForVotes(178)) - a3132885-145f-4a8c-85f4-c10eb874732d@group-2077DD483DC7-LeaderElection371: begin an election at term 196 for -1: [163587bb-2c3b-4498-b576-18147cf38274:192.168.157.203:33208, a3132885-145f-4a8c-85f4-c10eb874732d:192.168.157.203:46766, 70b633f6-b230-4b9f-87f3-510da88f1e08:192.168.157.203:43163], old=null
2019-10-16 11:36:04,190 [grpc-default-executor-5] INFO  impl.RaftServerImpl (RaftServerImpl.java:setRole(184)) - 163587bb-2c3b-4498-b576-18147cf38274@group-2077DD483DC7: changes role from  FOLLOWER to FOLLOWER at term 196 for recognizeCandidate:a3132885-145f-4a8c-85f4-c10eb874732d
2019-10-16 11:36:04,190 [grpc-default-executor-6] INFO  impl.RaftServerImpl (RaftServerImpl.java:setRole(184)) - 70b633f6-b230-4b9f-87f3-510da88f1e08@group-2077DD483DC7: changes role from  FOLLOWER to FOLLOWER at term 196 for recognizeCandidate:a3132885-145f-4a8c-85f4-c10eb874732d
2019-10-16 11:36:04,190 [grpc-default-executor-6] INFO  impl.RoleInfo (RoleInfo.java:shutdownFollowerState(121)) - 70b633f6-b230-4b9f-87f3-510da88f1e08: shutdown FollowerState
2019-10-16 11:36:04,190 [grpc-default-executor-5] INFO  impl.RoleInfo (RoleInfo.java:shutdownFollowerState(121)) - 163587bb-2c3b-4498-b576-18147cf38274: shutdown FollowerState
2019-10-16 11:36:04,191 [Thread-2922] INFO  impl.FollowerState (FollowerState.java:run(117)) - 70b633f6-b230-4b9f-87f3-510da88f1e08@group-2077DD483DC7-FollowerState was interrupted: java.lang.InterruptedException: sleep interrupted
2019-10-16 11:36:04,190 [grpc-default-executor-6] INFO  impl.RoleInfo (RoleInfo.java:updateAndGet(143)) - 70b633f6-b230-4b9f-87f3-510da88f1e08: start FollowerState
2019-10-16 11:36:04,191 [grpc-default-executor-5] INFO  impl.RoleInfo (RoleInfo.java:updateAndGet(143)) - 163587bb-2c3b-4498-b576-18147cf38274: start FollowerState
2019-10-16 11:36:04,191 [Thread-2921] INFO  impl.FollowerState (FollowerState.java:run(117)) - 163587bb-2c3b-4498-b576-18147cf38274@group-2077DD483DC7-FollowerState was interrupted: java.lang.InterruptedException: sleep interrupted
2019-10-16 11:36:04,205 [a3132885-145f-4a8c-85f4-c10eb874732d@group-2077DD483DC7-LeaderElection371] INFO  impl.LeaderElection (LeaderElection.java:logAndReturn(56)) - a3132885-145f-4a8c-85f4-c10eb874732d@group-2077DD483DC7-LeaderElection371: Election REJECTED; received 2 response(s) [a3132885-145f-4a8c-85f4-c10eb874732d<-163587bb-2c3b-4498-b576-18147cf38274#0:FAIL-t196, a3132885-145f-4a8c-85f4-c10eb874732d<-70b633f6-b230-4b9f-87f3-510da88f1e08#0:FAIL-t196] and 0 exception(s); a3132885-145f-4a8c-85f4-c10eb874732d@group-2077DD483DC7:t196, leader=null, voted=a3132885-145f-4a8c-85f4-c10eb874732d, raftlog=a3132885-145f-4a8c-85f4-c10eb874732d@group-2077DD483DC7-SegmentedRaftLog:OPENED:c-1,f-1,i0, conf=-1: [163587bb-2c3b-4498-b576-18147cf38274:192.168.157.203:33208, a3132885-145f-4a8c-85f4-c10eb874732d:192.168.157.203:46766, 70b633f6-b230-4b9f-87f3-510da88f1e08:192.168.157.203:43163], old=null
2019-10-16 11:36:04,205 [a3132885-145f-4a8c-85f4-c10eb874732d@group-2077DD483DC7-LeaderElection371] INFO  impl.RaftServerImpl (RaftServerImpl.java:setRole(184)) - a3132885-145f-4a8c-85f4-c10eb874732d@group-2077DD483DC7: changes role from CANDIDATE to FOLLOWER at term 196 for DISCOVERED_A_NEW_TERM
2019-10-16 11:36:04,206 [a3132885-145f-4a8c-85f4-c10eb874732d@group-2077DD483DC7-LeaderElection371] INFO  impl.RoleInfo (RoleInfo.java:shutdownLeaderElection(134)) - a3132885-145f-4a8c-85f4-c10eb874732d: shutdown LeaderElection
2019-10-16 11:36:04,206 [a3132885-145f-4a8c-85f4-c10eb874732d@group-2077DD483DC7-LeaderElection371] INFO  impl.RoleInfo (RoleInfo.java:updateAndGet(143)) - a3132885-145f-4a8c-85f4-c10eb874732d: start FollowerState
2019-10-16 11:36:04,402 [Thread-2929] INFO  impl.FollowerState (FollowerState.java:run(108)) - a3132885-145f-4a8c-85f4-c10eb874732d@group-2077DD483DC7-FollowerState: change to CANDIDATE, lastRpcTime:196ms, electionTimeout:196ms
2019-10-16 11:36:04,402 [Thread-2929] INFO  impl.RoleInfo (RoleInfo.java:shutdownFollowerState(121)) - a3132885-145f-4a8c-85f4-c10eb874732d: shutdown FollowerState
2019-10-16 11:36:04,402 [Thread-2929] INFO  impl.RaftServerImpl (RaftServerImpl.java:setRole(184)) - a3132885-145f-4a8c-85f4-c10eb874732d@group-2077DD483DC7: changes role from  FOLLOWER to CANDIDATE at term 196 for changeToCandidate
2019-10-16 11:36:04,403 [Thread-2929] INFO  impl.RoleInfo (RoleInfo.java:updateAndGet(143)) - a3132885-145f-4a8c-85f4-c10eb874732d: start LeaderElection
2019-10-16 11:36:04,418 [a3132885-145f-4a8c-85f4-c10eb874732d@group-2077DD483DC7-LeaderElection372] INFO  impl.LeaderElection (LeaderElection.java:askForVotes(178)) - a3132885-145f-4a8c-85f4-c10eb874732d@group-2077DD483DC7-LeaderElection372: begin an election at term 197 for -1: [163587bb-2c3b-4498-b576-18147cf38274:192.168.157.203:33208, a3132885-145f-4a8c-85f4-c10eb874732d:192.168.157.203:46766, 70b633f6-b230-4b9f-87f3-510da88f1e08:192.168.157.203:43163], old=null
2019-10-16 11:36:04,420 [grpc-default-executor-6] INFO  impl.RaftServerImpl (RaftServerImpl.java:setRole(184)) - 163587bb-2c3b-4498-b576-18147cf38274@group-2077DD483DC7: changes role from  FOLLOWER to FOLLOWER at term 197 for recognizeCandidate:a3132885-145f-4a8c-85f4-c10eb874732d
2019-10-16 11:36:04,420 [grpc-default-executor-5] INFO  impl.RaftServerImpl (RaftServerImpl.java:setRole(184)) - 70b633f6-b230-4b9f-87f3-510da88f1e08@group-2077DD483DC7: changes role from  FOLLOWER to FOLLOWER at term 197 for recognizeCandidate:a3132885-145f-4a8c-85f4-c10eb874732d
2019-10-16 11:36:04,420 [grpc-default-executor-6] INFO  impl.RoleInfo (RoleInfo.java:shutdownFollowerState(121)) - 163587bb-2c3b-4498-b576-18147cf38274: shutdown FollowerState
2019-10-16 11:36:04,421 [grpc-default-executor-5] INFO  impl.RoleInfo (RoleInfo.java:shutdownFollowerState(121)) - 70b633f6-b230-4b9f-87f3-510da88f1e08: shutdown FollowerState
2019-10-16 11:36:04,421 [Thread-2928] INFO  impl.FollowerState (FollowerState.java:run(117)) - 163587bb-2c3b-4498-b576-18147cf38274@group-2077DD483DC7-FollowerState was interrupted: java.lang.InterruptedException: sleep interrupted
2019-10-16 11:36:04,421 [grpc-default-executor-6] INFO  impl.RoleInfo (RoleInfo.java:updateAndGet(143)) - 163587bb-2c3b-4498-b576-18147cf38274: start FollowerState
2019-10-16 11:36:04,421 [grpc-default-executor-5] INFO  impl.RoleInfo (RoleInfo.java:updateAndGet(143)) - 70b633f6-b230-4b9f-87f3-510da88f1e08: start FollowerState
2019-10-16 11:36:04,421 [Thread-2927] INFO  impl.FollowerState (FollowerState.java:run(117)) - 70b633f6-b230-4b9f-87f3-510da88f1e08@group-2077DD483DC7-FollowerState was interrupted: java.lang.InterruptedException: sleep interrupted
2019-10-16 11:36:04,435 [a3132885-145f-4a8c-85f4-c10eb874732d@group-2077DD483DC7-LeaderElection372] INFO  impl.LeaderElection (LeaderElection.java:logAndReturn(56)) - a3132885-145f-4a8c-85f4-c10eb874732d@group-2077DD483DC7-LeaderElection372: Election REJECTED; received 2 response(s) [a3132885-145f-4a8c-85f4-c10eb874732d<-163587bb-2c3b-4498-b576-18147cf38274#0:FAIL-t197, a3132885-145f-4a8c-85f4-c10eb874732d<-70b633f6-b230-4b9f-87f3-510da88f1e08#0:FAIL-t197] and 0 exception(s); a3132885-145f-4a8c-85f4-c10eb874732d@group-2077DD483DC7:t197, leader=null, voted=a3132885-145f-4a8c-85f4-c10eb874732d, raftlog=a3132885-145f-4a8c-85f4-c10eb874732d@group-2077DD483DC7-SegmentedRaftLog:OPENED:c-1,f-1,i0, conf=-1: [163587bb-2c3b-4498-b576-18147cf38274:192.168.157.203:33208, a3132885-145f-4a8c-85f4-c10eb874732d:192.168.157.203:46766, 70b633f6-b230-4b9f-87f3-510da88f1e08:192.168.157.203:43163], old=null
2019-10-16 11:36:04,435 [a3132885-145f-4a8c-85f4-c10eb874732d@group-2077DD483DC7-LeaderElection372] INFO  impl.RaftServerImpl (RaftServerImpl.java:setRole(184)) - a3132885-145f-4a8c-85f4-c10eb874732d@group-2077DD483DC7: changes role from CANDIDATE to FOLLOWER at term 197 for DISCOVERED_A_NEW_TERM
2019-10-16 11:36:04,435 [a3132885-145f-4a8c-85f4-c10eb874732d@group-2077DD483DC7-LeaderElection372] INFO  impl.RoleInfo (RoleInfo.java:shutdownLeaderElection(134)) - a3132885-145f-4a8c-85f4-c10eb874732d: shutdown LeaderElection
2019-10-16 11:36:04,436 [a3132885-145f-4a8c-85f4-c10eb874732d@group-2077DD483DC7-LeaderElection372] INFO  impl.RoleInfo (RoleInfo.java:updateAndGet(143)) - a3132885-145f-4a8c-85f4-c10eb874732d: start FollowerState
2019-10-16 11:36:04,493 [Thread-2935] INFO  impl.FollowerState (FollowerState.java:run(108)) - a3132885-145f-4a8c-85f4-c10eb874732d@group-2077DD483DC7-FollowerState: change to CANDIDATE, lastRpcTime:57ms, electionTimeout:57ms
2019-10-16 11:36:04,493 [Thread-2935] INFO  impl.RoleInfo (RoleInfo.java:shutdownFollowerState(121)) - a3132885-145f-4a8c-85f4-c10eb874732d: shutdown FollowerState
2019-10-16 11:36:04,493 [Thread-2935] INFO  impl.RaftServerImpl (RaftServerImpl.java:setRole(184)) - a3132885-145f-4a8c-85f4-c10eb874732d@group-2077DD483DC7: changes role from  FOLLOWER to CANDIDATE at term 197 for changeToCandidate
2019-10-16 11:36:04,493 [Thread-2935] INFO  impl.RoleInfo (RoleInfo.java:updateAndGet(143)) - a3132885-145f-4a8c-85f4-c10eb874732d: start LeaderElection
2019-10-16 11:36:04,507 [a3132885-145f-4a8c-85f4-c10eb874732d@group-2077DD483DC7-LeaderElection373] INFO  impl.LeaderElection (LeaderElection.java:askForVotes(178)) - a3132885-145f-4a8c-85f4-c10eb874732d@group-2077DD483DC7-LeaderElection373: begin an election at term 198 for -1: [163587bb-2c3b-4498-b576-18147cf38274:192.168.157.203:33208, a3132885-145f-4a8c-85f4-c10eb874732d:192.168.157.203:46766, 70b633f6-b230-4b9f-87f3-510da88f1e08:192.168.157.203:43163], old=null
2019-10-16 11:36:04,509 [grpc-default-executor-6] INFO  impl.RaftServerImpl (RaftServerImpl.java:setRole(184)) - 163587bb-2c3b-4498-b576-18147cf38274@group-2077DD483DC7: changes role from  FOLLOWER to FOLLOWER at term 198 for recognizeCandidate:a3132885-145f-4a8c-85f4-c10eb874732d
2019-10-16 11:36:04,509 [grpc-default-executor-6] INFO  impl.RoleInfo (RoleInfo.java:shutdownFollowerState(121)) - 163587bb-2c3b-4498-b576-18147cf38274: shutdown FollowerState
2019-10-16 11:36:04,509 [grpc-default-executor-5] INFO  impl.RaftServerImpl (RaftServerImpl.java:setRole(184)) - 70b633f6-b230-4b9f-87f3-510da88f1e08@group-2077DD483DC7: changes role from  FOLLOWER to FOLLOWER at term 198 for recognizeCandidate:a3132885-145f-4a8c-85f4-c10eb874732d
2019-10-16 11:36:04,509 [Thread-2933] INFO  impl.FollowerState (FollowerState.java:run(117)) - 163587bb-2c3b-4498-b576-18147cf38274@group-2077DD483DC7-FollowerState was interrupted: java.lang.InterruptedException: sleep interrupted
2019-10-16 11:36:04,509 [grpc-default-executor-6] INFO  impl.RoleInfo (RoleInfo.java:updateAndGet(143)) - 163587bb-2c3b-4498-b576-18147cf38274: start FollowerState
2019-10-16 11:36:04,509 [grpc-default-executor-5] INFO  impl.RoleInfo (RoleInfo.java:shutdownFollowerState(121)) - 70b633f6-b230-4b9f-87f3-510da88f1e08: shutdown FollowerState
2019-10-16 11:36:04,510 [grpc-default-executor-5] INFO  impl.RoleInfo (RoleInfo.java:updateAndGet(143)) - 70b633f6-b230-4b9f-87f3-510da88f1e08: start FollowerState
2019-10-16 11:36:04,510 [Thread-2934] INFO  impl.FollowerState (FollowerState.java:run(117)) - 70b633f6-b230-4b9f-87f3-510da88f1e08@group-2077DD483DC7-FollowerState was interrupted: java.lang.InterruptedException: sleep interrupted
2019-10-16 11:36:04,524 [a3132885-145f-4a8c-85f4-c10eb874732d@group-2077DD483DC7-LeaderElection373] INFO  impl.LeaderElection (LeaderElection.java:logAndReturn(56)) - a3132885-145f-4a8c-85f4-c10eb874732d@group-2077DD483DC7-LeaderElection373: Election REJECTED; received 2 response(s) [a3132885-145f-4a8c-85f4-c10eb874732d<-163587bb-2c3b-4498-b576-18147cf38274#0:FAIL-t198, a3132885-145f-4a8c-85f4-c10eb874732d<-70b633f6-b230-4b9f-87f3-510da88f1e08#0:FAIL-t198] and 0 exception(s); a3132885-145f-4a8c-85f4-c10eb874732d@group-2077DD483DC7:t198, leader=null, voted=a3132885-145f-4a8c-85f4-c10eb874732d, raftlog=a3132885-145f-4a8c-85f4-c10eb874732d@group-2077DD483DC7-SegmentedRaftLog:OPENED:c-1,f-1,i0, conf=-1: [163587bb-2c3b-4498-b576-18147cf38274:192.168.157.203:33208, a3132885-145f-4a8c-85f4-c10eb874732d:192.168.157.203:46766, 70b633f6-b230-4b9f-87f3-510da88f1e08:192.168.157.203:43163], old=null
2019-10-16 11:36:04,524 [a3132885-145f-4a8c-85f4-c10eb874732d@group-2077DD483DC7-LeaderElection373] INFO  impl.RaftServerImpl (RaftServerImpl.java:setRole(184)) - a3132885-145f-4a8c-85f4-c10eb874732d@group-2077DD483DC7: changes role from CANDIDATE to FOLLOWER at term 198 for DISCOVERED_A_NEW_TERM
2019-10-16 11:36:04,524 [a3132885-145f-4a8c-85f4-c10eb874732d@group-2077DD483DC7-LeaderElection373] INFO  impl.RoleInfo (RoleInfo.java:shutdownLeaderElection(134)) - a3132885-145f-4a8c-85f4-c10eb874732d: shutdown LeaderElection
2019-10-16 11:36:04,524 [a3132885-145f-4a8c-85f4-c10eb874732d@group-2077DD483DC7-LeaderElection373] INFO  impl.RoleInfo (RoleInfo.java:updateAndGet(143)) - a3132885-145f-4a8c-85f4-c10eb874732d: start FollowerState
2019-10-16 11:36:04,571 [Thread-2943] INFO  impl.FollowerState (FollowerState.java:run(108)) - a3132885-145f-4a8c-85f4-c10eb874732d@group-2077DD483DC7-FollowerState: change to CANDIDATE, lastRpcTime:46ms, electionTimeout:46ms
2019-10-16 11:36:04,571 [Thread-2943] INFO  impl.RoleInfo (RoleInfo.java:shutdownFollowerState(121)) - a3132885-145f-4a8c-85f4-c10eb874732d: shutdown FollowerState
2019-10-16 11:36:04,571 [Thread-2943] INFO  impl.RaftServerImpl (RaftServerImpl.java:setRole(184)) - a3132885-145f-4a8c-85f4-c10eb874732d@group-2077DD483DC7: changes role from  FOLLOWER to CANDIDATE at term 198 for changeToCandidate
2019-10-16 11:36:04,571 [Thread-2943] INFO  impl.RoleInfo (RoleInfo.java:updateAndGet(143)) - a3132885-145f-4a8c-85f4-c10eb874732d: start LeaderElection
2019-10-16 11:36:04,585 [a3132885-145f-4a8c-85f4-c10eb874732d@group-2077DD483DC7-LeaderElection374] INFO  impl.LeaderElection (LeaderElection.java:askForVotes(178)) - a3132885-145f-4a8c-85f4-c10eb874732d@group-2077DD483DC7-LeaderElection374: begin an election at term 199 for -1: [163587bb-2c3b-4498-b576-18147cf38274:192.168.157.203:33208, a3132885-145f-4a8c-85f4-c10eb874732d:192.168.157.203:46766, 70b633f6-b230-4b9f-87f3-510da88f1e08:192.168.157.203:43163], old=null
2019-10-16 11:36:04,587 [grpc-default-executor-5] INFO  impl.RaftServerImpl (RaftServerImpl.java:setRole(184)) - 163587bb-2c3b-4498-b576-18147cf38274@group-2077DD483DC7: changes role from  FOLLOWER to FOLLOWER at term 199 for recognizeCandidate:a3132885-145f-4a8c-85f4-c10eb874732d
2019-10-16 11:36:04,587 [grpc-default-executor-5] INFO  impl.RoleInfo (RoleInfo.java:shutdownFollowerState(121)) - 163587bb-2c3b-4498-b576-18147cf38274: shutdown FollowerState
2019-10-16 11:36:04,587 [grpc-default-executor-6] INFO  impl.RaftServerImpl (RaftServerImpl.java:setRole(184)) - 70b633f6-b230-4b9f-87f3-510da88f1e08@group-2077DD483DC7: changes role from  FOLLOWER to FOLLOWER at term 199 for recognizeCandidate:a3132885-145f-4a8c-85f4-c10eb874732d
2019-10-16 11:36:04,587 [Thread-2941] INFO  impl.FollowerState (FollowerState.java:run(117)) - 163587bb-2c3b-4498-b576-18147cf38274@group-2077DD483DC7-FollowerState was interrupted: java.lang.InterruptedException: sleep interrupted
2019-10-16 11:36:04,587 [grpc-default-executor-5] INFO  impl.RoleInfo (RoleInfo.java:updateAndGet(143)) - 163587bb-2c3b-4498-b576-18147cf38274: start FollowerState
2019-10-16 11:36:04,588 [grpc-default-executor-6] INFO  impl.RoleInfo (RoleInfo.java:shutdownFollowerState(121)) - 70b633f6-b230-4b9f-87f3-510da88f1e08: shutdown FollowerState
2019-10-16 11:36:04,588 [grpc-default-executor-6] INFO  impl.RoleInfo (RoleInfo.java:updateAndGet(143)) - 70b633f6-b230-4b9f-87f3-510da88f1e08: start FollowerState
2019-10-16 11:36:04,588 [Thread-2942] INFO  impl.FollowerState (FollowerState.java:run(117)) - 70b633f6-b230-4b9f-87f3-510da88f1e08@group-2077DD483DC7-FollowerState was interrupted: java.lang.InterruptedException: sleep interrupted
2019-10-16 11:36:04,602 [a3132885-145f-4a8c-85f4-c10eb874732d@group-2077DD483DC7-LeaderElection374] INFO  impl.LeaderElection (LeaderElection.java:logAndReturn(56)) - a3132885-145f-4a8c-85f4-c10eb874732d@group-2077DD483DC7-LeaderElection374: Election REJECTED; received 2 response(s) [a3132885-145f-4a8c-85f4-c10eb874732d<-163587bb-2c3b-4498-b576-18147cf38274#0:FAIL-t199, a3132885-145f-4a8c-85f4-c10eb874732d<-70b633f6-b230-4b9f-87f3-510da88f1e08#0:FAIL-t199] and 0 exception(s); a3132885-145f-4a8c-85f4-c10eb874732d@group-2077DD483DC7:t199, leader=null, voted=a3132885-145f-4a8c-85f4-c10eb874732d, raftlog=a3132885-145f-4a8c-85f4-c10eb874732d@group-2077DD483DC7-SegmentedRaftLog:OPENED:c-1,f-1,i0, conf=-1: [163587bb-2c3b-4498-b576-18147cf38274:192.168.157.203:33208, a3132885-145f-4a8c-85f4-c10eb874732d:192.168.157.203:46766, 70b633f6-b230-4b9f-87f3-510da88f1e08:192.168.157.203:43163], old=null
2019-10-16 11:36:04,602 [a3132885-145f-4a8c-85f4-c10eb874732d@group-2077DD483DC7-LeaderElection374] INFO  impl.RaftServerImpl (RaftServerImpl.java:setRole(184)) - a3132885-145f-4a8c-85f4-c10eb874732d@group-2077DD483DC7: changes role from CANDIDATE to FOLLOWER at term 199 for DISCOVERED_A_NEW_TERM
2019-10-16 11:36:04,602 [a3132885-145f-4a8c-85f4-c10eb874732d@group-2077DD483DC7-LeaderElection374] INFO  impl.RoleInfo (RoleInfo.java:shutdownLeaderElection(134)) - a3132885-145f-4a8c-85f4-c10eb874732d: shutdown LeaderElection
2019-10-16 11:36:04,602 [a3132885-145f-4a8c-85f4-c10eb874732d@group-2077DD483DC7-LeaderElection374] INFO  impl.RoleInfo (RoleInfo.java:updateAndGet(143)) - a3132885-145f-4a8c-85f4-c10eb874732d: start FollowerState
2019-10-16 11:36:04,718 [Thread-2949] INFO  impl.FollowerState (FollowerState.java:run(108)) - a3132885-145f-4a8c-85f4-c10eb874732d@group-2077DD483DC7-FollowerState: change to CANDIDATE, lastRpcTime:115ms, electionTimeout:115ms
2019-10-16 11:36:04,718 [Thread-2949] INFO  impl.RoleInfo (RoleInfo.java:shutdownFollowerState(121)) - a3132885-145f-4a8c-85f4-c10eb874732d: shutdown FollowerState
2019-10-16 11:36:04,718 [Thread-2949] INFO  impl.RaftServerImpl (RaftServerImpl.java:setRole(184)) - a3132885-145f-4a8c-85f4-c10eb874732d@group-2077DD483DC7: changes role from  FOLLOWER to CANDIDATE at term 199 for changeToCandidate
2019-10-16 11:36:04,718 [Thread-2949] INFO  impl.RoleInfo (RoleInfo.java:updateAndGet(143)) - a3132885-145f-4a8c-85f4-c10eb874732d: start LeaderElection
2019-10-16 11:36:04,755 [a3132885-145f-4a8c-85f4-c10eb874732d@group-2077DD483DC7-LeaderElection375] INFO  impl.LeaderElection (LeaderElection.java:askForVotes(178)) - a3132885-145f-4a8c-85f4-c10eb874732d@group-2077DD483DC7-LeaderElection375: begin an election at term 200 for -1: [163587bb-2c3b-4498-b576-18147cf38274:192.168.157.203:33208, a3132885-145f-4a8c-85f4-c10eb874732d:192.168.157.203:46766, 70b633f6-b230-4b9f-87f3-510da88f1e08:192.168.157.203:43163], old=null
2019-10-16 11:36:04,757 [grpc-default-executor-5] INFO  impl.RaftServerImpl (RaftServerImpl.java:setRole(184)) - 163587bb-2c3b-4498-b576-18147cf38274@group-2077DD483DC7: changes role from  FOLLOWER to FOLLOWER at term 200 for recognizeCandidate:a3132885-145f-4a8c-85f4-c10eb874732d
2019-10-16 11:36:04,757 [grpc-default-executor-5] INFO  impl.RoleInfo (RoleInfo.java:shutdownFollowerState(121)) - 163587bb-2c3b-4498-b576-18147cf38274: shutdown FollowerState
2019-10-16 11:36:04,757 [grpc-default-executor-6] INFO  impl.RaftServerImpl (RaftServerImpl.java:setRole(184)) - 70b633f6-b230-4b9f-87f3-510da88f1e08@group-2077DD483DC7: changes role from  FOLLOWER to FOLLOWER at term 200 for recognizeCandidate:a3132885-145f-4a8c-85f4-c10eb874732d
2019-10-16 11:36:04,758 [grpc-default-executor-6] INFO  impl.RoleInfo (RoleInfo.java:shutdownFollowerState(121)) - 70b633f6-b230-4b9f-87f3-510da88f1e08: shutdown FollowerState
2019-10-16 11:36:04,758 [Thread-2947] INFO  impl.FollowerState (FollowerState.java:run(117)) - 163587bb-2c3b-4498-b576-18147cf38274@group-2077DD483DC7-FollowerState was interrupted: java.lang.InterruptedException: sleep interrupted
2019-10-16 11:36:04,758 [Thread-2948] INFO  impl.FollowerState (FollowerState.java:run(117)) - 70b633f6-b230-4b9f-87f3-510da88f1e08@group-2077DD483DC7-FollowerState was interrupted: java.lang.InterruptedException: sleep interrupted
2019-10-16 11:36:04,758 [grpc-default-executor-5] INFO  impl.RoleInfo (RoleInfo.java:updateAndGet(143)) - 163587bb-2c3b-4498-b576-18147cf38274: start FollowerState
2019-10-16 11:36:04,758 [grpc-default-executor-6] INFO  impl.RoleInfo (RoleInfo.java:updateAndGet(143)) - 70b633f6-b230-4b9f-87f3-510da88f1e08: start FollowerState
2019-10-16 11:36:04,773 [a3132885-145f-4a8c-85f4-c10eb874732d@group-2077DD483DC7-LeaderElection375] INFO  impl.LeaderElection (LeaderElection.java:logAndReturn(56)) - a3132885-145f-4a8c-85f4-c10eb874732d@group-2077DD483DC7-LeaderElection375: Election REJECTED; received 2 response(s) [a3132885-145f-4a8c-85f4-c10eb874732d<-163587bb-2c3b-4498-b576-18147cf38274#0:FAIL-t200, a3132885-145f-4a8c-85f4-c10eb874732d<-70b633f6-b230-4b9f-87f3-510da88f1e08#0:FAIL-t200] and 0 exception(s); a3132885-145f-4a8c-85f4-c10eb874732d@group-2077DD483DC7:t200, leader=null, voted=a3132885-145f-4a8c-85f4-c10eb874732d, raftlog=a3132885-145f-4a8c-85f4-c10eb874732d@group-2077DD483DC7-SegmentedRaftLog:OPENED:c-1,f-1,i0, conf=-1: [163587bb-2c3b-4498-b576-18147cf38274:192.168.157.203:33208, a3132885-145f-4a8c-85f4-c10eb874732d:192.168.157.203:46766, 70b633f6-b230-4b9f-87f3-510da88f1e08:192.168.157.203:43163], old=null
2019-10-16 11:36:04,773 [a3132885-145f-4a8c-85f4-c10eb874732d@group-2077DD483DC7-LeaderElection375] INFO  impl.RaftServerImpl (RaftServerImpl.java:setRole(184)) - a3132885-145f-4a8c-85f4-c10eb874732d@group-2077DD483DC7: changes role from CANDIDATE to FOLLOWER at term 200 for DISCOVERED_A_NEW_TERM
2019-10-16 11:36:04,773 [a3132885-145f-4a8c-85f4-c10eb874732d@group-2077DD483DC7-LeaderElection375] INFO  impl.RoleInfo (RoleInfo.java:shutdownLeaderElection(134)) - a3132885-145f-4a8c-85f4-c10eb874732d: shutdown LeaderElection
2019-10-16 11:36:04,773 [a3132885-145f-4a8c-85f4-c10eb874732d@group-2077DD483DC7-LeaderElection375] INFO  impl.RoleInfo (RoleInfo.java:updateAndGet(143)) - a3132885-145f-4a8c-85f4-c10eb874732d: start FollowerState
2019-10-16 11:36:04,891 [Thread-2909] INFO  impl.FollowerState (FollowerState.java:run(108)) - 4281bf39-36db-462c-8bc9-3c86cb645344@group-B3673A53AB6F-FollowerState: change to CANDIDATE, lastRpcTime:1132ms, electionTimeout:1132ms
2019-10-16 11:36:04,891 [Thread-2909] INFO  impl.RoleInfo (RoleInfo.java:shutdownFollowerState(121)) - 4281bf39-36db-462c-8bc9-3c86cb645344: shutdown FollowerState
2019-10-16 11:36:04,891 [Thread-2909] INFO  impl.RaftServerImpl (RaftServerImpl.java:setRole(184)) - 4281bf39-36db-462c-8bc9-3c86cb645344@group-B3673A53AB6F: changes role from  FOLLOWER to CANDIDATE at term 199 for changeToCandidate
2019-10-16 11:36:04,892 [Thread-2909] INFO  impl.RoleInfo (RoleInfo.java:updateAndGet(143)) - 4281bf39-36db-462c-8bc9-3c86cb645344: start LeaderElection
2019-10-16 11:36:04,942 [Thread-2955] INFO  impl.FollowerState (FollowerState.java:run(108)) - a3132885-145f-4a8c-85f4-c10eb874732d@group-2077DD483DC7-FollowerState: change to CANDIDATE, lastRpcTime:169ms, electionTimeout:169ms
2019-10-16 11:36:04,943 [Thread-2955] INFO  impl.RoleInfo (RoleInfo.java:shutdownFollowerState(121)) - a3132885-145f-4a8c-85f4-c10eb874732d: shutdown FollowerState
2019-10-16 11:36:04,943 [Thread-2955] INFO  impl.RaftServerImpl (RaftServerImpl.java:setRole(184)) - a3132885-145f-4a8c-85f4-c10eb874732d@group-2077DD483DC7: changes role from  FOLLOWER to CANDIDATE at term 200 for changeToCandidate
2019-10-16 11:36:04,943 [Thread-2955] INFO  impl.RoleInfo (RoleInfo.java:updateAndGet(143)) - a3132885-145f-4a8c-85f4-c10eb874732d: start LeaderElection
2019-10-16 11:36:05,062 [4281bf39-36db-462c-8bc9-3c86cb645344@group-B3673A53AB6F-LeaderElection376] INFO  impl.LeaderElection (LeaderElection.java:askForVotes(178)) - 4281bf39-36db-462c-8bc9-3c86cb645344@group-B3673A53AB6F-LeaderElection376: begin an election at term 200 for 0: [f94c755f-9f95-40b5-85b9-5e712f3f34e7:192.168.157.203:45275, 1ee6da7b-5867-4bad-ba0d-a2cfd13fd72a:192.168.157.203:35892, 4281bf39-36db-462c-8bc9-3c86cb645344:192.168.157.203:42381], old=null
2019-10-16 11:36:05,062 [a3132885-145f-4a8c-85f4-c10eb874732d@group-2077DD483DC7-LeaderElection377] INFO  impl.LeaderElection (LeaderElection.java:askForVotes(178)) - a3132885-145f-4a8c-85f4-c10eb874732d@group-2077DD483DC7-LeaderElection377: begin an election at term 201 for -1: [163587bb-2c3b-4498-b576-18147cf38274:192.168.157.203:33208, a3132885-145f-4a8c-85f4-c10eb874732d:192.168.157.203:46766, 70b633f6-b230-4b9f-87f3-510da88f1e08:192.168.157.203:43163], old=null
2019-10-16 11:36:05,063 [4281bf39-36db-462c-8bc9-3c86cb645344@group-B3673A53AB6F-LeaderElection376] INFO  impl.LeaderElection (LogUtils.java:infoOrTrace(149)) - 4281bf39-36db-462c-8bc9-3c86cb645344@group-B3673A53AB6F-LeaderElection376 got exception when requesting votes: {}
java.util.concurrent.ExecutionException: org.apache.ratis.thirdparty.io.grpc.StatusRuntimeException: UNAVAILABLE: io exception
	at java.util.concurrent.FutureTask.report(FutureTask.java:122)
	at java.util.concurrent.FutureTask.get(FutureTask.java:192)
	at org.apache.ratis.server.impl.LeaderElection.waitForResults(LeaderElection.java:259)
	at org.apache.ratis.server.impl.LeaderElection.askForVotes(LeaderElection.java:197)
	at org.apache.ratis.server.impl.LeaderElection.run(LeaderElection.java:133)
	at java.lang.Thread.run(Thread.java:748)
Caused by: org.apache.ratis.thirdparty.io.grpc.StatusRuntimeException: UNAVAILABLE: io exception
	at org.apache.ratis.thirdparty.io.grpc.stub.ClientCalls.toStatusRuntimeException(ClientCalls.java:233)
	at org.apache.ratis.thirdparty.io.grpc.stub.ClientCalls.getUnchecked(ClientCalls.java:214)
	at org.apache.ratis.thirdparty.io.grpc.stub.ClientCalls.blockingUnaryCall(ClientCalls.java:139)
	at org.apache.ratis.proto.grpc.RaftServerProtocolServiceGrpc$RaftServerProtocolServiceBlockingStub.requestVote(RaftServerProtocolServiceGrpc.java:265)
	at org.apache.ratis.grpc.server.GrpcServerProtocolClient.requestVote(GrpcServerProtocolClient.java:99)
	at org.apache.ratis.grpc.server.GrpcService.requestVote(GrpcService.java:204)
	at org.apache.ratis.server.impl.LeaderElection.lambda$submitRequests$1(LeaderElection.java:234)
	at java.util.concurrent.FutureTask.run(FutureTask.java:266)
	at java.util.concurrent.Executors$RunnableAdapter.call(Executors.java:511)
	at java.util.concurrent.FutureTask.run(FutureTask.java:266)
	at java.util.concurrent.ThreadPoolExecutor.runWorker(ThreadPoolExecutor.java:1149)
	at java.util.concurrent.ThreadPoolExecutor$Worker.run(ThreadPoolExecutor.java:624)
	... 1 more
Caused by: org.apache.ratis.thirdparty.io.netty.channel.AbstractChannel$AnnotatedConnectException: Connection refused: /192.168.157.203:45275
	at sun.nio.ch.SocketChannelImpl.checkConnect(Native Method)
	at sun.nio.ch.SocketChannelImpl.finishConnect(SocketChannelImpl.java:717)
	at org.apache.ratis.thirdparty.io.netty.channel.socket.nio.NioSocketChannel.doFinishConnect(NioSocketChannel.java:327)
	at org.apache.ratis.thirdparty.io.netty.channel.nio.AbstractNioChannel$AbstractNioUnsafe.finishConnect(AbstractNioChannel.java:340)
	at org.apache.ratis.thirdparty.io.netty.channel.nio.NioEventLoop.processSelectedKey(NioEventLoop.java:632)
	at org.apache.ratis.thirdparty.io.netty.channel.nio.NioEventLoop.processSelectedKeysOptimized(NioEventLoop.java:579)
	at org.apache.ratis.thirdparty.io.netty.channel.nio.NioEventLoop.processSelectedKeys(NioEventLoop.java:496)
	at org.apache.ratis.thirdparty.io.netty.channel.nio.NioEventLoop.run(NioEventLoop.java:458)
	at org.apache.ratis.thirdparty.io.netty.util.concurrent.SingleThreadEventExecutor$5.run(SingleThreadEventExecutor.java:897)
	at org.apache.ratis.thirdparty.io.netty.util.concurrent.FastThreadLocalRunnable.run(FastThreadLocalRunnable.java:30)
	... 1 more
Caused by: java.net.ConnectException: Connection refused
	... 11 more
2019-10-16 11:36:05,067 [4281bf39-36db-462c-8bc9-3c86cb645344@group-B3673A53AB6F-LeaderElection376] INFO  impl.LeaderElection (LogUtils.java:infoOrTrace(149)) - 4281bf39-36db-462c-8bc9-3c86cb645344@group-B3673A53AB6F-LeaderElection376 got exception when requesting votes: {}
java.util.concurrent.ExecutionException: org.apache.ratis.thirdparty.io.grpc.StatusRuntimeException: UNAVAILABLE: io exception
	at java.util.concurrent.FutureTask.report(FutureTask.java:122)
	at java.util.concurrent.FutureTask.get(FutureTask.java:192)
	at org.apache.ratis.server.impl.LeaderElection.waitForResults(LeaderElection.java:259)
	at org.apache.ratis.server.impl.LeaderElection.askForVotes(LeaderElection.java:197)
	at org.apache.ratis.server.impl.LeaderElection.run(LeaderElection.java:133)
	at java.lang.Thread.run(Thread.java:748)
Caused by: org.apache.ratis.thirdparty.io.grpc.StatusRuntimeException: UNAVAILABLE: io exception
	at org.apache.ratis.thirdparty.io.grpc.stub.ClientCalls.toStatusRuntimeException(ClientCalls.java:233)
	at org.apache.ratis.thirdparty.io.grpc.stub.ClientCalls.getUnchecked(ClientCalls.java:214)
	at org.apache.ratis.thirdparty.io.grpc.stub.ClientCalls.blockingUnaryCall(ClientCalls.java:139)
	at org.apache.ratis.proto.grpc.RaftServerProtocolServiceGrpc$RaftServerProtocolServiceBlockingStub.requestVote(RaftServerProtocolServiceGrpc.java:265)
	at org.apache.ratis.grpc.server.GrpcServerProtocolClient.requestVote(GrpcServerProtocolClient.java:99)
	at org.apache.ratis.grpc.server.GrpcService.requestVote(GrpcService.java:204)
	at org.apache.ratis.server.impl.LeaderElection.lambda$submitRequests$1(LeaderElection.java:234)
	at java.util.concurrent.FutureTask.run(FutureTask.java:266)
	at java.util.concurrent.Executors$RunnableAdapter.call(Executors.java:511)
	at java.util.concurrent.FutureTask.run(FutureTask.java:266)
	at java.util.concurrent.ThreadPoolExecutor.runWorker(ThreadPoolExecutor.java:1149)
	at java.util.concurrent.ThreadPoolExecutor$Worker.run(ThreadPoolExecutor.java:624)
	... 1 more
Caused by: org.apache.ratis.thirdparty.io.netty.channel.AbstractChannel$AnnotatedConnectException: Connection refused: /192.168.157.203:35892
	at sun.nio.ch.SocketChannelImpl.checkConnect(Native Method)
	at sun.nio.ch.SocketChannelImpl.finishConnect(SocketChannelImpl.java:717)
	at org.apache.ratis.thirdparty.io.netty.channel.socket.nio.NioSocketChannel.doFinishConnect(NioSocketChannel.java:327)
	at org.apache.ratis.thirdparty.io.netty.channel.nio.AbstractNioChannel$AbstractNioUnsafe.finishConnect(AbstractNioChannel.java:340)
	at org.apache.ratis.thirdparty.io.netty.channel.nio.NioEventLoop.processSelectedKey(NioEventLoop.java:632)
	at org.apache.ratis.thirdparty.io.netty.channel.nio.NioEventLoop.processSelectedKeysOptimized(NioEventLoop.java:579)
	at org.apache.ratis.thirdparty.io.netty.channel.nio.NioEventLoop.processSelectedKeys(NioEventLoop.java:496)
	at org.apache.ratis.thirdparty.io.netty.channel.nio.NioEventLoop.run(NioEventLoop.java:458)
	at org.apache.ratis.thirdparty.io.netty.util.concurrent.SingleThreadEventExecutor$5.run(SingleThreadEventExecutor.java:897)
	at org.apache.ratis.thirdparty.io.netty.util.concurrent.FastThreadLocalRunnable.run(FastThreadLocalRunnable.java:30)
	... 1 more
Caused by: java.net.ConnectException: Connection refused
	... 11 more
2019-10-16 11:36:05,067 [grpc-default-executor-6] INFO  impl.RaftServerImpl (RaftServerImpl.java:setRole(184)) - 70b633f6-b230-4b9f-87f3-510da88f1e08@group-2077DD483DC7: changes role from  FOLLOWER to FOLLOWER at term 201 for recognizeCandidate:a3132885-145f-4a8c-85f4-c10eb874732d
2019-10-16 11:36:05,070 [grpc-default-executor-6] INFO  impl.RoleInfo (RoleInfo.java:shutdownFollowerState(121)) - 70b633f6-b230-4b9f-87f3-510da88f1e08: shutdown FollowerState
2019-10-16 11:36:05,067 [grpc-default-executor-5] INFO  impl.RaftServerImpl (RaftServerImpl.java:setRole(184)) - 163587bb-2c3b-4498-b576-18147cf38274@group-2077DD483DC7: changes role from  FOLLOWER to FOLLOWER at term 201 for recognizeCandidate:a3132885-145f-4a8c-85f4-c10eb874732d
2019-10-16 11:36:05,070 [Thread-2954] INFO  impl.FollowerState (FollowerState.java:run(117)) - 70b633f6-b230-4b9f-87f3-510da88f1e08@group-2077DD483DC7-FollowerState was interrupted: java.lang.InterruptedException: sleep interrupted
2019-10-16 11:36:05,070 [grpc-default-executor-6] INFO  impl.RoleInfo (RoleInfo.java:updateAndGet(143)) - 70b633f6-b230-4b9f-87f3-510da88f1e08: start FollowerState
2019-10-16 11:36:05,070 [4281bf39-36db-462c-8bc9-3c86cb645344@group-B3673A53AB6F-LeaderElection376] INFO  impl.LeaderElection (LeaderElection.java:logAndReturn(56)) - 4281bf39-36db-462c-8bc9-3c86cb645344@group-B3673A53AB6F-LeaderElection376: Election REJECTED; received 0 response(s) [] and 2 exception(s); 4281bf39-36db-462c-8bc9-3c86cb645344@group-B3673A53AB6F:t200, leader=null, voted=4281bf39-36db-462c-8bc9-3c86cb645344, raftlog=4281bf39-36db-462c-8bc9-3c86cb645344@group-B3673A53AB6F-SegmentedRaftLog:OPENED:c-1,f0,i0, conf=0: [f94c755f-9f95-40b5-85b9-5e712f3f34e7:192.168.157.203:45275, 1ee6da7b-5867-4bad-ba0d-a2cfd13fd72a:192.168.157.203:35892, 4281bf39-36db-462c-8bc9-3c86cb645344:192.168.157.203:42381], old=null
2019-10-16 11:36:05,071 [4281bf39-36db-462c-8bc9-3c86cb645344@group-B3673A53AB6F-LeaderElection376] INFO  impl.LeaderElection (LogUtils.java:infoOrTrace(149)) -   Exception 0: {}
java.util.concurrent.ExecutionException: org.apache.ratis.thirdparty.io.grpc.StatusRuntimeException: UNAVAILABLE: io exception
	at java.util.concurrent.FutureTask.report(FutureTask.java:122)
	at java.util.concurrent.FutureTask.get(FutureTask.java:192)
	at org.apache.ratis.server.impl.LeaderElection.waitForResults(LeaderElection.java:259)
	at org.apache.ratis.server.impl.LeaderElection.askForVotes(LeaderElection.java:197)
	at org.apache.ratis.server.impl.LeaderElection.run(LeaderElection.java:133)
	at java.lang.Thread.run(Thread.java:748)
Caused by: org.apache.ratis.thirdparty.io.grpc.StatusRuntimeException: UNAVAILABLE: io exception
	at org.apache.ratis.thirdparty.io.grpc.stub.ClientCalls.toStatusRuntimeException(ClientCalls.java:233)
	at org.apache.ratis.thirdparty.io.grpc.stub.ClientCalls.getUnchecked(ClientCalls.java:214)
	at org.apache.ratis.thirdparty.io.grpc.stub.ClientCalls.blockingUnaryCall(ClientCalls.java:139)
	at org.apache.ratis.proto.grpc.RaftServerProtocolServiceGrpc$RaftServerProtocolServiceBlockingStub.requestVote(RaftServerProtocolServiceGrpc.java:265)
	at org.apache.ratis.grpc.server.GrpcServerProtocolClient.requestVote(GrpcServerProtocolClient.java:99)
	at org.apache.ratis.grpc.server.GrpcService.requestVote(GrpcService.java:204)
	at org.apache.ratis.server.impl.LeaderElection.lambda$submitRequests$1(LeaderElection.java:234)
	at java.util.concurrent.FutureTask.run(FutureTask.java:266)
	at java.util.concurrent.Executors$RunnableAdapter.call(Executors.java:511)
	at java.util.concurrent.FutureTask.run(FutureTask.java:266)
	at java.util.concurrent.ThreadPoolExecutor.runWorker(ThreadPoolExecutor.java:1149)
	at java.util.concurrent.ThreadPoolExecutor$Worker.run(ThreadPoolExecutor.java:624)
	... 1 more
Caused by: org.apache.ratis.thirdparty.io.netty.channel.AbstractChannel$AnnotatedConnectException: Connection refused: /192.168.157.203:45275
	at sun.nio.ch.SocketChannelImpl.checkConnect(Native Method)
	at sun.nio.ch.SocketChannelImpl.finishConnect(SocketChannelImpl.java:717)
	at org.apache.ratis.thirdparty.io.netty.channel.socket.nio.NioSocketChannel.doFinishConnect(NioSocketChannel.java:327)
	at org.apache.ratis.thirdparty.io.netty.channel.nio.AbstractNioChannel$AbstractNioUnsafe.finishConnect(AbstractNioChannel.java:340)
	at org.apache.ratis.thirdparty.io.netty.channel.nio.NioEventLoop.processSelectedKey(NioEventLoop.java:632)
	at org.apache.ratis.thirdparty.io.netty.channel.nio.NioEventLoop.processSelectedKeysOptimized(NioEventLoop.java:579)
	at org.apache.ratis.thirdparty.io.netty.channel.nio.NioEventLoop.processSelectedKeys(NioEventLoop.java:496)
	at org.apache.ratis.thirdparty.io.netty.channel.nio.NioEventLoop.run(NioEventLoop.java:458)
	at org.apache.ratis.thirdparty.io.netty.util.concurrent.SingleThreadEventExecutor$5.run(SingleThreadEventExecutor.java:897)
	at org.apache.ratis.thirdparty.io.netty.util.concurrent.FastThreadLocalRunnable.run(FastThreadLocalRunnable.java:30)
	... 1 more
Caused by: java.net.ConnectException: Connection refused
	... 11 more
2019-10-16 11:36:05,070 [grpc-default-executor-5] INFO  impl.RoleInfo (RoleInfo.java:shutdownFollowerState(121)) - 163587bb-2c3b-4498-b576-18147cf38274: shutdown FollowerState
2019-10-16 11:36:05,071 [4281bf39-36db-462c-8bc9-3c86cb645344@group-B3673A53AB6F-LeaderElection376] INFO  impl.LeaderElection (LogUtils.java:infoOrTrace(149)) -   Exception 1: {}
java.util.concurrent.ExecutionException: org.apache.ratis.thirdparty.io.grpc.StatusRuntimeException: UNAVAILABLE: io exception
	at java.util.concurrent.FutureTask.report(FutureTask.java:122)
	at java.util.concurrent.FutureTask.get(FutureTask.java:192)
	at org.apache.ratis.server.impl.LeaderElection.waitForResults(LeaderElection.java:259)
	at org.apache.ratis.server.impl.LeaderElection.askForVotes(LeaderElection.java:197)
	at org.apache.ratis.server.impl.LeaderElection.run(LeaderElection.java:133)
	at java.lang.Thread.run(Thread.java:748)
Caused by: org.apache.ratis.thirdparty.io.grpc.StatusRuntimeException: UNAVAILABLE: io exception
	at org.apache.ratis.thirdparty.io.grpc.stub.ClientCalls.toStatusRuntimeException(ClientCalls.java:233)
	at org.apache.ratis.thirdparty.io.grpc.stub.ClientCalls.getUnchecked(ClientCalls.java:214)
	at org.apache.ratis.thirdparty.io.grpc.stub.ClientCalls.blockingUnaryCall(ClientCalls.java:139)
	at org.apache.ratis.proto.grpc.RaftServerProtocolServiceGrpc$RaftServerProtocolServiceBlockingStub.requestVote(RaftServerProtocolServiceGrpc.java:265)
	at org.apache.ratis.grpc.server.GrpcServerProtocolClient.requestVote(GrpcServerProtocolClient.java:99)
	at org.apache.ratis.grpc.server.GrpcService.requestVote(GrpcService.java:204)
	at org.apache.ratis.server.impl.LeaderElection.lambda$submitRequests$1(LeaderElection.java:234)
	at java.util.concurrent.FutureTask.run(FutureTask.java:266)
	at java.util.concurrent.Executors$RunnableAdapter.call(Executors.java:511)
	at java.util.concurrent.FutureTask.run(FutureTask.java:266)
	at java.util.concurrent.ThreadPoolExecutor.runWorker(ThreadPoolExecutor.java:1149)
	at java.util.concurrent.ThreadPoolExecutor$Worker.run(ThreadPoolExecutor.java:624)
	... 1 more
Caused by: org.apache.ratis.thirdparty.io.netty.channel.AbstractChannel$AnnotatedConnectException: Connection refused: /192.168.157.203:35892
	at sun.nio.ch.SocketChannelImpl.checkConnect(Native Method)
	at sun.nio.ch.SocketChannelImpl.finishConnect(SocketChannelImpl.java:717)
	at org.apache.ratis.thirdparty.io.netty.channel.socket.nio.NioSocketChannel.doFinishConnect(NioSocketChannel.java:327)
	at org.apache.ratis.thirdparty.io.netty.channel.nio.AbstractNioChannel$AbstractNioUnsafe.finishConnect(AbstractNioChannel.java:340)
	at org.apache.ratis.thirdparty.io.netty.channel.nio.NioEventLoop.processSelectedKey(NioEventLoop.java:632)
	at org.apache.ratis.thirdparty.io.netty.channel.nio.NioEventLoop.processSelectedKeysOptimized(NioEventLoop.java:579)
	at org.apache.ratis.thirdparty.io.netty.channel.nio.NioEventLoop.processSelectedKeys(NioEventLoop.java:496)
	at org.apache.ratis.thirdparty.io.netty.channel.nio.NioEventLoop.run(NioEventLoop.java:458)
	at org.apache.ratis.thirdparty.io.netty.util.concurrent.SingleThreadEventExecutor$5.run(SingleThreadEventExecutor.java:897)
	at org.apache.ratis.thirdparty.io.netty.util.concurrent.FastThreadLocalRunnable.run(FastThreadLocalRunnable.java:30)
	... 1 more
Caused by: java.net.ConnectException: Connection refused
	... 11 more
2019-10-16 11:36:05,072 [Thread-2953] INFO  impl.FollowerState (FollowerState.java:run(117)) - 163587bb-2c3b-4498-b576-18147cf38274@group-2077DD483DC7-FollowerState was interrupted: java.lang.InterruptedException: sleep interrupted
2019-10-16 11:36:05,072 [grpc-default-executor-5] INFO  impl.RoleInfo (RoleInfo.java:updateAndGet(143)) - 163587bb-2c3b-4498-b576-18147cf38274: start FollowerState
2019-10-16 11:36:05,072 [4281bf39-36db-462c-8bc9-3c86cb645344@group-B3673A53AB6F-LeaderElection376] INFO  impl.RaftServerImpl (RaftServerImpl.java:setRole(184)) - 4281bf39-36db-462c-8bc9-3c86cb645344@group-B3673A53AB6F: changes role from CANDIDATE to FOLLOWER at term 200 for DISCOVERED_A_NEW_TERM
2019-10-16 11:36:05,072 [4281bf39-36db-462c-8bc9-3c86cb645344@group-B3673A53AB6F-LeaderElection376] INFO  impl.RoleInfo (RoleInfo.java:shutdownLeaderElection(134)) - 4281bf39-36db-462c-8bc9-3c86cb645344: shutdown LeaderElection
2019-10-16 11:36:05,073 [4281bf39-36db-462c-8bc9-3c86cb645344@group-B3673A53AB6F-LeaderElection376] INFO  impl.RoleInfo (RoleInfo.java:updateAndGet(143)) - 4281bf39-36db-462c-8bc9-3c86cb645344: start FollowerState
2019-10-16 11:36:05,078 [a3132885-145f-4a8c-85f4-c10eb874732d@group-2077DD483DC7-LeaderElection377] INFO  impl.LeaderElection (LeaderElection.java:logAndReturn(56)) - a3132885-145f-4a8c-85f4-c10eb874732d@group-2077DD483DC7-LeaderElection377: Election REJECTED; received 2 response(s) [a3132885-145f-4a8c-85f4-c10eb874732d<-163587bb-2c3b-4498-b576-18147cf38274#0:FAIL-t201, a3132885-145f-4a8c-85f4-c10eb874732d<-70b633f6-b230-4b9f-87f3-510da88f1e08#0:FAIL-t201] and 0 exception(s); a3132885-145f-4a8c-85f4-c10eb874732d@group-2077DD483DC7:t201, leader=null, voted=a3132885-145f-4a8c-85f4-c10eb874732d, raftlog=a3132885-145f-4a8c-85f4-c10eb874732d@group-2077DD483DC7-SegmentedRaftLog:OPENED:c-1,f-1,i0, conf=-1: [163587bb-2c3b-4498-b576-18147cf38274:192.168.157.203:33208, a3132885-145f-4a8c-85f4-c10eb874732d:192.168.157.203:46766, 70b633f6-b230-4b9f-87f3-510da88f1e08:192.168.157.203:43163], old=null
2019-10-16 11:36:05,078 [a3132885-145f-4a8c-85f4-c10eb874732d@group-2077DD483DC7-LeaderElection377] INFO  impl.RaftServerImpl (RaftServerImpl.java:setRole(184)) - a3132885-145f-4a8c-85f4-c10eb874732d@group-2077DD483DC7: changes role from CANDIDATE to FOLLOWER at term 201 for DISCOVERED_A_NEW_TERM
2019-10-16 11:36:05,079 [a3132885-145f-4a8c-85f4-c10eb874732d@group-2077DD483DC7-LeaderElection377] INFO  impl.RoleInfo (RoleInfo.java:shutdownLeaderElection(134)) - a3132885-145f-4a8c-85f4-c10eb874732d: shutdown LeaderElection
2019-10-16 11:36:05,079 [a3132885-145f-4a8c-85f4-c10eb874732d@group-2077DD483DC7-LeaderElection377] INFO  impl.RoleInfo (RoleInfo.java:updateAndGet(143)) - a3132885-145f-4a8c-85f4-c10eb874732d: start FollowerState
2019-10-16 11:36:05,121 [Thread-2967] INFO  impl.FollowerState (FollowerState.java:run(108)) - a3132885-145f-4a8c-85f4-c10eb874732d@group-2077DD483DC7-FollowerState: change to CANDIDATE, lastRpcTime:42ms, electionTimeout:42ms
2019-10-16 11:36:05,121 [Thread-2967] INFO  impl.RoleInfo (RoleInfo.java:shutdownFollowerState(121)) - a3132885-145f-4a8c-85f4-c10eb874732d: shutdown FollowerState
2019-10-16 11:36:05,121 [Thread-2967] INFO  impl.RaftServerImpl (RaftServerImpl.java:setRole(184)) - a3132885-145f-4a8c-85f4-c10eb874732d@group-2077DD483DC7: changes role from  FOLLOWER to CANDIDATE at term 201 for changeToCandidate
2019-10-16 11:36:05,121 [Thread-2967] INFO  impl.RoleInfo (RoleInfo.java:updateAndGet(143)) - a3132885-145f-4a8c-85f4-c10eb874732d: start LeaderElection
2019-10-16 11:36:05,137 [a3132885-145f-4a8c-85f4-c10eb874732d@group-2077DD483DC7-LeaderElection378] INFO  impl.LeaderElection (LeaderElection.java:askForVotes(178)) - a3132885-145f-4a8c-85f4-c10eb874732d@group-2077DD483DC7-LeaderElection378: begin an election at term 202 for -1: [163587bb-2c3b-4498-b576-18147cf38274:192.168.157.203:33208, a3132885-145f-4a8c-85f4-c10eb874732d:192.168.157.203:46766, 70b633f6-b230-4b9f-87f3-510da88f1e08:192.168.157.203:43163], old=null
2019-10-16 11:36:05,139 [grpc-default-executor-6] INFO  impl.RaftServerImpl (RaftServerImpl.java:setRole(184)) - 163587bb-2c3b-4498-b576-18147cf38274@group-2077DD483DC7: changes role from  FOLLOWER to FOLLOWER at term 202 for recognizeCandidate:a3132885-145f-4a8c-85f4-c10eb874732d
2019-10-16 11:36:05,139 [grpc-default-executor-6] INFO  impl.RoleInfo (RoleInfo.java:shutdownFollowerState(121)) - 163587bb-2c3b-4498-b576-18147cf38274: shutdown FollowerState
2019-10-16 11:36:05,139 [grpc-default-executor-5] INFO  impl.RaftServerImpl (RaftServerImpl.java:setRole(184)) - 70b633f6-b230-4b9f-87f3-510da88f1e08@group-2077DD483DC7: changes role from  FOLLOWER to FOLLOWER at term 202 for recognizeCandidate:a3132885-145f-4a8c-85f4-c10eb874732d
2019-10-16 11:36:05,139 [grpc-default-executor-5] INFO  impl.RoleInfo (RoleInfo.java:shutdownFollowerState(121)) - 70b633f6-b230-4b9f-87f3-510da88f1e08: shutdown FollowerState
2019-10-16 11:36:05,139 [Thread-2965] INFO  impl.FollowerState (FollowerState.java:run(117)) - 163587bb-2c3b-4498-b576-18147cf38274@group-2077DD483DC7-FollowerState was interrupted: java.lang.InterruptedException: sleep interrupted
2019-10-16 11:36:05,139 [grpc-default-executor-6] INFO  impl.RoleInfo (RoleInfo.java:updateAndGet(143)) - 163587bb-2c3b-4498-b576-18147cf38274: start FollowerState
2019-10-16 11:36:05,140 [Thread-2964] INFO  impl.FollowerState (FollowerState.java:run(117)) - 70b633f6-b230-4b9f-87f3-510da88f1e08@group-2077DD483DC7-FollowerState was interrupted: java.lang.InterruptedException: sleep interrupted
2019-10-16 11:36:05,139 [grpc-default-executor-5] INFO  impl.RoleInfo (RoleInfo.java:updateAndGet(143)) - 70b633f6-b230-4b9f-87f3-510da88f1e08: start FollowerState
2019-10-16 11:36:05,148 [a3132885-145f-4a8c-85f4-c10eb874732d@group-2077DD483DC7-LeaderElection378] INFO  impl.LeaderElection (LeaderElection.java:logAndReturn(56)) - a3132885-145f-4a8c-85f4-c10eb874732d@group-2077DD483DC7-LeaderElection378: Election REJECTED; received 2 response(s) [a3132885-145f-4a8c-85f4-c10eb874732d<-163587bb-2c3b-4498-b576-18147cf38274#0:FAIL-t202, a3132885-145f-4a8c-85f4-c10eb874732d<-70b633f6-b230-4b9f-87f3-510da88f1e08#0:FAIL-t202] and 0 exception(s); a3132885-145f-4a8c-85f4-c10eb874732d@group-2077DD483DC7:t202, leader=null, voted=a3132885-145f-4a8c-85f4-c10eb874732d, raftlog=a3132885-145f-4a8c-85f4-c10eb874732d@group-2077DD483DC7-SegmentedRaftLog:OPENED:c-1,f-1,i0, conf=-1: [163587bb-2c3b-4498-b576-18147cf38274:192.168.157.203:33208, a3132885-145f-4a8c-85f4-c10eb874732d:192.168.157.203:46766, 70b633f6-b230-4b9f-87f3-510da88f1e08:192.168.157.203:43163], old=null
2019-10-16 11:36:05,148 [a3132885-145f-4a8c-85f4-c10eb874732d@group-2077DD483DC7-LeaderElection378] INFO  impl.RaftServerImpl (RaftServerImpl.java:setRole(184)) - a3132885-145f-4a8c-85f4-c10eb874732d@group-2077DD483DC7: changes role from CANDIDATE to FOLLOWER at term 202 for DISCOVERED_A_NEW_TERM
2019-10-16 11:36:05,148 [a3132885-145f-4a8c-85f4-c10eb874732d@group-2077DD483DC7-LeaderElection378] INFO  impl.RoleInfo (RoleInfo.java:shutdownLeaderElection(134)) - a3132885-145f-4a8c-85f4-c10eb874732d: shutdown LeaderElection
2019-10-16 11:36:05,148 [a3132885-145f-4a8c-85f4-c10eb874732d@group-2077DD483DC7-LeaderElection378] INFO  impl.RoleInfo (RoleInfo.java:updateAndGet(143)) - a3132885-145f-4a8c-85f4-c10eb874732d: start FollowerState
2019-10-16 11:36:05,214 [Thread-2973] INFO  impl.FollowerState (FollowerState.java:run(108)) - a3132885-145f-4a8c-85f4-c10eb874732d@group-2077DD483DC7-FollowerState: change to CANDIDATE, lastRpcTime:65ms, electionTimeout:65ms
2019-10-16 11:36:05,214 [Thread-2973] INFO  impl.RoleInfo (RoleInfo.java:shutdownFollowerState(121)) - a3132885-145f-4a8c-85f4-c10eb874732d: shutdown FollowerState
2019-10-16 11:36:05,214 [Thread-2973] INFO  impl.RaftServerImpl (RaftServerImpl.java:setRole(184)) - a3132885-145f-4a8c-85f4-c10eb874732d@group-2077DD483DC7: changes role from  FOLLOWER to CANDIDATE at term 202 for changeToCandidate
2019-10-16 11:36:05,214 [Thread-2973] INFO  impl.RoleInfo (RoleInfo.java:updateAndGet(143)) - a3132885-145f-4a8c-85f4-c10eb874732d: start LeaderElection
2019-10-16 11:36:05,220 [a3132885-145f-4a8c-85f4-c10eb874732d@group-2077DD483DC7-LeaderElection379] INFO  impl.LeaderElection (LeaderElection.java:askForVotes(178)) - a3132885-145f-4a8c-85f4-c10eb874732d@group-2077DD483DC7-LeaderElection379: begin an election at term 203 for -1: [163587bb-2c3b-4498-b576-18147cf38274:192.168.157.203:33208, a3132885-145f-4a8c-85f4-c10eb874732d:192.168.157.203:46766, 70b633f6-b230-4b9f-87f3-510da88f1e08:192.168.157.203:43163], old=null
2019-10-16 11:36:05,222 [grpc-default-executor-5] INFO  impl.RaftServerImpl (RaftServerImpl.java:setRole(184)) - 163587bb-2c3b-4498-b576-18147cf38274@group-2077DD483DC7: changes role from  FOLLOWER to FOLLOWER at term 203 for recognizeCandidate:a3132885-145f-4a8c-85f4-c10eb874732d
2019-10-16 11:36:05,222 [grpc-default-executor-5] INFO  impl.RoleInfo (RoleInfo.java:shutdownFollowerState(121)) - 163587bb-2c3b-4498-b576-18147cf38274: shutdown FollowerState
2019-10-16 11:36:05,222 [grpc-default-executor-6] INFO  impl.RaftServerImpl (RaftServerImpl.java:setRole(184)) - 70b633f6-b230-4b9f-87f3-510da88f1e08@group-2077DD483DC7: changes role from  FOLLOWER to FOLLOWER at term 203 for recognizeCandidate:a3132885-145f-4a8c-85f4-c10eb874732d
2019-10-16 11:36:05,223 [grpc-default-executor-6] INFO  impl.RoleInfo (RoleInfo.java:shutdownFollowerState(121)) - 70b633f6-b230-4b9f-87f3-510da88f1e08: shutdown FollowerState
2019-10-16 11:36:05,222 [Thread-2971] INFO  impl.FollowerState (FollowerState.java:run(117)) - 163587bb-2c3b-4498-b576-18147cf38274@group-2077DD483DC7-FollowerState was interrupted: java.lang.InterruptedException: sleep interrupted
2019-10-16 11:36:05,222 [grpc-default-executor-5] INFO  impl.RoleInfo (RoleInfo.java:updateAndGet(143)) - 163587bb-2c3b-4498-b576-18147cf38274: start FollowerState
2019-10-16 11:36:05,223 [Thread-2972] INFO  impl.FollowerState (FollowerState.java:run(117)) - 70b633f6-b230-4b9f-87f3-510da88f1e08@group-2077DD483DC7-FollowerState was interrupted: java.lang.InterruptedException: sleep interrupted
2019-10-16 11:36:05,223 [grpc-default-executor-6] INFO  impl.RoleInfo (RoleInfo.java:updateAndGet(143)) - 70b633f6-b230-4b9f-87f3-510da88f1e08: start FollowerState
2019-10-16 11:36:05,246 [a3132885-145f-4a8c-85f4-c10eb874732d@group-2077DD483DC7-LeaderElection379] INFO  impl.LeaderElection (LeaderElection.java:logAndReturn(56)) - a3132885-145f-4a8c-85f4-c10eb874732d@group-2077DD483DC7-LeaderElection379: Election REJECTED; received 2 response(s) [a3132885-145f-4a8c-85f4-c10eb874732d<-163587bb-2c3b-4498-b576-18147cf38274#0:FAIL-t203, a3132885-145f-4a8c-85f4-c10eb874732d<-70b633f6-b230-4b9f-87f3-510da88f1e08#0:FAIL-t203] and 0 exception(s); a3132885-145f-4a8c-85f4-c10eb874732d@group-2077DD483DC7:t203, leader=null, voted=a3132885-145f-4a8c-85f4-c10eb874732d, raftlog=a3132885-145f-4a8c-85f4-c10eb874732d@group-2077DD483DC7-SegmentedRaftLog:OPENED:c-1,f-1,i0, conf=-1: [163587bb-2c3b-4498-b576-18147cf38274:192.168.157.203:33208, a3132885-145f-4a8c-85f4-c10eb874732d:192.168.157.203:46766, 70b633f6-b230-4b9f-87f3-510da88f1e08:192.168.157.203:43163], old=null
2019-10-16 11:36:05,246 [a3132885-145f-4a8c-85f4-c10eb874732d@group-2077DD483DC7-LeaderElection379] INFO  impl.RaftServerImpl (RaftServerImpl.java:setRole(184)) - a3132885-145f-4a8c-85f4-c10eb874732d@group-2077DD483DC7: changes role from CANDIDATE to FOLLOWER at term 203 for DISCOVERED_A_NEW_TERM
2019-10-16 11:36:05,246 [a3132885-145f-4a8c-85f4-c10eb874732d@group-2077DD483DC7-LeaderElection379] INFO  impl.RoleInfo (RoleInfo.java:shutdownLeaderElection(134)) - a3132885-145f-4a8c-85f4-c10eb874732d: shutdown LeaderElection
2019-10-16 11:36:05,246 [a3132885-145f-4a8c-85f4-c10eb874732d@group-2077DD483DC7-LeaderElection379] INFO  impl.RoleInfo (RoleInfo.java:updateAndGet(143)) - a3132885-145f-4a8c-85f4-c10eb874732d: start FollowerState
2019-10-16 11:36:05,272 [Thread-2979] INFO  impl.FollowerState (FollowerState.java:run(108)) - a3132885-145f-4a8c-85f4-c10eb874732d@group-2077DD483DC7-FollowerState: change to CANDIDATE, lastRpcTime:26ms, electionTimeout:26ms
2019-10-16 11:36:05,272 [Thread-2979] INFO  impl.RoleInfo (RoleInfo.java:shutdownFollowerState(121)) - a3132885-145f-4a8c-85f4-c10eb874732d: shutdown FollowerState
2019-10-16 11:36:05,273 [Thread-2979] INFO  impl.RaftServerImpl (RaftServerImpl.java:setRole(184)) - a3132885-145f-4a8c-85f4-c10eb874732d@group-2077DD483DC7: changes role from  FOLLOWER to CANDIDATE at term 203 for changeToCandidate
2019-10-16 11:36:05,273 [Thread-2979] INFO  impl.RoleInfo (RoleInfo.java:updateAndGet(143)) - a3132885-145f-4a8c-85f4-c10eb874732d: start LeaderElection
2019-10-16 11:36:05,288 [a3132885-145f-4a8c-85f4-c10eb874732d@group-2077DD483DC7-LeaderElection380] INFO  impl.LeaderElection (LeaderElection.java:askForVotes(178)) - a3132885-145f-4a8c-85f4-c10eb874732d@group-2077DD483DC7-LeaderElection380: begin an election at term 204 for -1: [163587bb-2c3b-4498-b576-18147cf38274:192.168.157.203:33208, a3132885-145f-4a8c-85f4-c10eb874732d:192.168.157.203:46766, 70b633f6-b230-4b9f-87f3-510da88f1e08:192.168.157.203:43163], old=null
2019-10-16 11:36:05,290 [grpc-default-executor-5] INFO  impl.RaftServerImpl (RaftServerImpl.java:setRole(184)) - 163587bb-2c3b-4498-b576-18147cf38274@group-2077DD483DC7: changes role from  FOLLOWER to FOLLOWER at term 204 for recognizeCandidate:a3132885-145f-4a8c-85f4-c10eb874732d
2019-10-16 11:36:05,290 [grpc-default-executor-5] INFO  impl.RoleInfo (RoleInfo.java:shutdownFollowerState(121)) - 163587bb-2c3b-4498-b576-18147cf38274: shutdown FollowerState
2019-10-16 11:36:05,290 [grpc-default-executor-6] INFO  impl.RaftServerImpl (RaftServerImpl.java:setRole(184)) - 70b633f6-b230-4b9f-87f3-510da88f1e08@group-2077DD483DC7: changes role from  FOLLOWER to FOLLOWER at term 204 for recognizeCandidate:a3132885-145f-4a8c-85f4-c10eb874732d
2019-10-16 11:36:05,291 [grpc-default-executor-6] INFO  impl.RoleInfo (RoleInfo.java:shutdownFollowerState(121)) - 70b633f6-b230-4b9f-87f3-510da88f1e08: shutdown FollowerState
2019-10-16 11:36:05,291 [Thread-2977] INFO  impl.FollowerState (FollowerState.java:run(117)) - 163587bb-2c3b-4498-b576-18147cf38274@group-2077DD483DC7-FollowerState was interrupted: java.lang.InterruptedException: sleep interrupted
2019-10-16 11:36:05,290 [grpc-default-executor-5] INFO  impl.RoleInfo (RoleInfo.java:updateAndGet(143)) - 163587bb-2c3b-4498-b576-18147cf38274: start FollowerState
2019-10-16 11:36:05,291 [Thread-2978] INFO  impl.FollowerState (FollowerState.java:run(117)) - 70b633f6-b230-4b9f-87f3-510da88f1e08@group-2077DD483DC7-FollowerState was interrupted: java.lang.InterruptedException: sleep interrupted
2019-10-16 11:36:05,291 [grpc-default-executor-6] INFO  impl.RoleInfo (RoleInfo.java:updateAndGet(143)) - 70b633f6-b230-4b9f-87f3-510da88f1e08: start FollowerState
2019-10-16 11:36:05,301 [a3132885-145f-4a8c-85f4-c10eb874732d@group-2077DD483DC7-LeaderElection380] INFO  impl.LeaderElection (LeaderElection.java:logAndReturn(56)) - a3132885-145f-4a8c-85f4-c10eb874732d@group-2077DD483DC7-LeaderElection380: Election REJECTED; received 2 response(s) [a3132885-145f-4a8c-85f4-c10eb874732d<-163587bb-2c3b-4498-b576-18147cf38274#0:FAIL-t204, a3132885-145f-4a8c-85f4-c10eb874732d<-70b633f6-b230-4b9f-87f3-510da88f1e08#0:FAIL-t204] and 0 exception(s); a3132885-145f-4a8c-85f4-c10eb874732d@group-2077DD483DC7:t204, leader=null, voted=a3132885-145f-4a8c-85f4-c10eb874732d, raftlog=a3132885-145f-4a8c-85f4-c10eb874732d@group-2077DD483DC7-SegmentedRaftLog:OPENED:c-1,f-1,i0, conf=-1: [163587bb-2c3b-4498-b576-18147cf38274:192.168.157.203:33208, a3132885-145f-4a8c-85f4-c10eb874732d:192.168.157.203:46766, 70b633f6-b230-4b9f-87f3-510da88f1e08:192.168.157.203:43163], old=null
2019-10-16 11:36:05,302 [a3132885-145f-4a8c-85f4-c10eb874732d@group-2077DD483DC7-LeaderElection380] INFO  impl.RaftServerImpl (RaftServerImpl.java:setRole(184)) - a3132885-145f-4a8c-85f4-c10eb874732d@group-2077DD483DC7: changes role from CANDIDATE to FOLLOWER at term 204 for DISCOVERED_A_NEW_TERM
2019-10-16 11:36:05,302 [a3132885-145f-4a8c-85f4-c10eb874732d@group-2077DD483DC7-LeaderElection380] INFO  impl.RoleInfo (RoleInfo.java:shutdownLeaderElection(134)) - a3132885-145f-4a8c-85f4-c10eb874732d: shutdown LeaderElection
2019-10-16 11:36:05,302 [a3132885-145f-4a8c-85f4-c10eb874732d@group-2077DD483DC7-LeaderElection380] INFO  impl.RoleInfo (RoleInfo.java:updateAndGet(143)) - a3132885-145f-4a8c-85f4-c10eb874732d: start FollowerState
2019-10-16 11:36:05,443 [Thread-2985] INFO  impl.FollowerState (FollowerState.java:run(108)) - a3132885-145f-4a8c-85f4-c10eb874732d@group-2077DD483DC7-FollowerState: change to CANDIDATE, lastRpcTime:141ms, electionTimeout:141ms
2019-10-16 11:36:05,443 [Thread-2985] INFO  impl.RoleInfo (RoleInfo.java:shutdownFollowerState(121)) - a3132885-145f-4a8c-85f4-c10eb874732d: shutdown FollowerState
2019-10-16 11:36:05,443 [Thread-2985] INFO  impl.RaftServerImpl (RaftServerImpl.java:setRole(184)) - a3132885-145f-4a8c-85f4-c10eb874732d@group-2077DD483DC7: changes role from  FOLLOWER to CANDIDATE at term 204 for changeToCandidate
2019-10-16 11:36:05,444 [Thread-2985] INFO  impl.RoleInfo (RoleInfo.java:updateAndGet(143)) - a3132885-145f-4a8c-85f4-c10eb874732d: start LeaderElection
2019-10-16 11:36:05,449 [a3132885-145f-4a8c-85f4-c10eb874732d@group-2077DD483DC7-LeaderElection381] INFO  impl.LeaderElection (LeaderElection.java:askForVotes(178)) - a3132885-145f-4a8c-85f4-c10eb874732d@group-2077DD483DC7-LeaderElection381: begin an election at term 205 for -1: [163587bb-2c3b-4498-b576-18147cf38274:192.168.157.203:33208, a3132885-145f-4a8c-85f4-c10eb874732d:192.168.157.203:46766, 70b633f6-b230-4b9f-87f3-510da88f1e08:192.168.157.203:43163], old=null
2019-10-16 11:36:05,451 [grpc-default-executor-6] INFO  impl.RaftServerImpl (RaftServerImpl.java:setRole(184)) - 163587bb-2c3b-4498-b576-18147cf38274@group-2077DD483DC7: changes role from  FOLLOWER to FOLLOWER at term 205 for recognizeCandidate:a3132885-145f-4a8c-85f4-c10eb874732d
2019-10-16 11:36:05,451 [grpc-default-executor-5] INFO  impl.RaftServerImpl (RaftServerImpl.java:setRole(184)) - 70b633f6-b230-4b9f-87f3-510da88f1e08@group-2077DD483DC7: changes role from  FOLLOWER to FOLLOWER at term 205 for recognizeCandidate:a3132885-145f-4a8c-85f4-c10eb874732d
2019-10-16 11:36:05,451 [grpc-default-executor-5] INFO  impl.RoleInfo (RoleInfo.java:shutdownFollowerState(121)) - 70b633f6-b230-4b9f-87f3-510da88f1e08: shutdown FollowerState
2019-10-16 11:36:05,451 [grpc-default-executor-6] INFO  impl.RoleInfo (RoleInfo.java:shutdownFollowerState(121)) - 163587bb-2c3b-4498-b576-18147cf38274: shutdown FollowerState
2019-10-16 11:36:05,451 [grpc-default-executor-5] INFO  impl.RoleInfo (RoleInfo.java:updateAndGet(143)) - 70b633f6-b230-4b9f-87f3-510da88f1e08: start FollowerState
2019-10-16 11:36:05,451 [Thread-2984] INFO  impl.FollowerState (FollowerState.java:run(117)) - 70b633f6-b230-4b9f-87f3-510da88f1e08@group-2077DD483DC7-FollowerState was interrupted: java.lang.InterruptedException: sleep interrupted
2019-10-16 11:36:05,451 [Thread-2983] INFO  impl.FollowerState (FollowerState.java:run(117)) - 163587bb-2c3b-4498-b576-18147cf38274@group-2077DD483DC7-FollowerState was interrupted: java.lang.InterruptedException: sleep interrupted
2019-10-16 11:36:05,451 [grpc-default-executor-6] INFO  impl.RoleInfo (RoleInfo.java:updateAndGet(143)) - 163587bb-2c3b-4498-b576-18147cf38274: start FollowerState
2019-10-16 11:36:05,459 [a3132885-145f-4a8c-85f4-c10eb874732d@group-2077DD483DC7-LeaderElection381] INFO  impl.LeaderElection (LeaderElection.java:logAndReturn(56)) - a3132885-145f-4a8c-85f4-c10eb874732d@group-2077DD483DC7-LeaderElection381: Election REJECTED; received 2 response(s) [a3132885-145f-4a8c-85f4-c10eb874732d<-163587bb-2c3b-4498-b576-18147cf38274#0:FAIL-t205, a3132885-145f-4a8c-85f4-c10eb874732d<-70b633f6-b230-4b9f-87f3-510da88f1e08#0:FAIL-t205] and 0 exception(s); a3132885-145f-4a8c-85f4-c10eb874732d@group-2077DD483DC7:t205, leader=null, voted=a3132885-145f-4a8c-85f4-c10eb874732d, raftlog=a3132885-145f-4a8c-85f4-c10eb874732d@group-2077DD483DC7-SegmentedRaftLog:OPENED:c-1,f-1,i0, conf=-1: [163587bb-2c3b-4498-b576-18147cf38274:192.168.157.203:33208, a3132885-145f-4a8c-85f4-c10eb874732d:192.168.157.203:46766, 70b633f6-b230-4b9f-87f3-510da88f1e08:192.168.157.203:43163], old=null
2019-10-16 11:36:05,459 [a3132885-145f-4a8c-85f4-c10eb874732d@group-2077DD483DC7-LeaderElection381] INFO  impl.RaftServerImpl (RaftServerImpl.java:setRole(184)) - a3132885-145f-4a8c-85f4-c10eb874732d@group-2077DD483DC7: changes role from CANDIDATE to FOLLOWER at term 205 for DISCOVERED_A_NEW_TERM
2019-10-16 11:36:05,460 [a3132885-145f-4a8c-85f4-c10eb874732d@group-2077DD483DC7-LeaderElection381] INFO  impl.RoleInfo (RoleInfo.java:shutdownLeaderElection(134)) - a3132885-145f-4a8c-85f4-c10eb874732d: shutdown LeaderElection
2019-10-16 11:36:05,460 [a3132885-145f-4a8c-85f4-c10eb874732d@group-2077DD483DC7-LeaderElection381] INFO  impl.RoleInfo (RoleInfo.java:updateAndGet(143)) - a3132885-145f-4a8c-85f4-c10eb874732d: start FollowerState
2019-10-16 11:36:05,477 [Thread-2991] INFO  impl.FollowerState (FollowerState.java:run(108)) - a3132885-145f-4a8c-85f4-c10eb874732d@group-2077DD483DC7-FollowerState: change to CANDIDATE, lastRpcTime:17ms, electionTimeout:17ms
2019-10-16 11:36:05,477 [Thread-2991] INFO  impl.RoleInfo (RoleInfo.java:shutdownFollowerState(121)) - a3132885-145f-4a8c-85f4-c10eb874732d: shutdown FollowerState
2019-10-16 11:36:05,477 [Thread-2991] INFO  impl.RaftServerImpl (RaftServerImpl.java:setRole(184)) - a3132885-145f-4a8c-85f4-c10eb874732d@group-2077DD483DC7: changes role from  FOLLOWER to CANDIDATE at term 205 for changeToCandidate
2019-10-16 11:36:05,477 [Thread-2991] INFO  impl.RoleInfo (RoleInfo.java:updateAndGet(143)) - a3132885-145f-4a8c-85f4-c10eb874732d: start LeaderElection
2019-10-16 11:36:05,485 [a3132885-145f-4a8c-85f4-c10eb874732d@group-2077DD483DC7-LeaderElection382] INFO  impl.LeaderElection (LeaderElection.java:askForVotes(178)) - a3132885-145f-4a8c-85f4-c10eb874732d@group-2077DD483DC7-LeaderElection382: begin an election at term 206 for -1: [163587bb-2c3b-4498-b576-18147cf38274:192.168.157.203:33208, a3132885-145f-4a8c-85f4-c10eb874732d:192.168.157.203:46766, 70b633f6-b230-4b9f-87f3-510da88f1e08:192.168.157.203:43163], old=null
2019-10-16 11:36:05,486 [grpc-default-executor-6] INFO  impl.RaftServerImpl (RaftServerImpl.java:setRole(184)) - 163587bb-2c3b-4498-b576-18147cf38274@group-2077DD483DC7: changes role from  FOLLOWER to FOLLOWER at term 206 for recognizeCandidate:a3132885-145f-4a8c-85f4-c10eb874732d
2019-10-16 11:36:05,486 [grpc-default-executor-6] INFO  impl.RoleInfo (RoleInfo.java:shutdownFollowerState(121)) - 163587bb-2c3b-4498-b576-18147cf38274: shutdown FollowerState
2019-10-16 11:36:05,486 [grpc-default-executor-5] INFO  impl.RaftServerImpl (RaftServerImpl.java:setRole(184)) - 70b633f6-b230-4b9f-87f3-510da88f1e08@group-2077DD483DC7: changes role from  FOLLOWER to FOLLOWER at term 206 for recognizeCandidate:a3132885-145f-4a8c-85f4-c10eb874732d
2019-10-16 11:36:05,486 [Thread-2990] INFO  impl.FollowerState (FollowerState.java:run(117)) - 163587bb-2c3b-4498-b576-18147cf38274@group-2077DD483DC7-FollowerState was interrupted: java.lang.InterruptedException: sleep interrupted
2019-10-16 11:36:05,486 [grpc-default-executor-6] INFO  impl.RoleInfo (RoleInfo.java:updateAndGet(143)) - 163587bb-2c3b-4498-b576-18147cf38274: start FollowerState
2019-10-16 11:36:05,487 [grpc-default-executor-5] INFO  impl.RoleInfo (RoleInfo.java:shutdownFollowerState(121)) - 70b633f6-b230-4b9f-87f3-510da88f1e08: shutdown FollowerState
2019-10-16 11:36:05,487 [grpc-default-executor-5] INFO  impl.RoleInfo (RoleInfo.java:updateAndGet(143)) - 70b633f6-b230-4b9f-87f3-510da88f1e08: start FollowerState
2019-10-16 11:36:05,487 [Thread-2989] INFO  impl.FollowerState (FollowerState.java:run(117)) - 70b633f6-b230-4b9f-87f3-510da88f1e08@group-2077DD483DC7-FollowerState was interrupted: java.lang.InterruptedException: sleep interrupted
2019-10-16 11:36:05,494 [a3132885-145f-4a8c-85f4-c10eb874732d@group-2077DD483DC7-LeaderElection382] INFO  impl.LeaderElection (LeaderElection.java:logAndReturn(56)) - a3132885-145f-4a8c-85f4-c10eb874732d@group-2077DD483DC7-LeaderElection382: Election REJECTED; received 2 response(s) [a3132885-145f-4a8c-85f4-c10eb874732d<-163587bb-2c3b-4498-b576-18147cf38274#0:FAIL-t206, a3132885-145f-4a8c-85f4-c10eb874732d<-70b633f6-b230-4b9f-87f3-510da88f1e08#0:FAIL-t206] and 0 exception(s); a3132885-145f-4a8c-85f4-c10eb874732d@group-2077DD483DC7:t206, leader=null, voted=a3132885-145f-4a8c-85f4-c10eb874732d, raftlog=a3132885-145f-4a8c-85f4-c10eb874732d@group-2077DD483DC7-SegmentedRaftLog:OPENED:c-1,f-1,i0, conf=-1: [163587bb-2c3b-4498-b576-18147cf38274:192.168.157.203:33208, a3132885-145f-4a8c-85f4-c10eb874732d:192.168.157.203:46766, 70b633f6-b230-4b9f-87f3-510da88f1e08:192.168.157.203:43163], old=null
2019-10-16 11:36:05,494 [a3132885-145f-4a8c-85f4-c10eb874732d@group-2077DD483DC7-LeaderElection382] INFO  impl.RaftServerImpl (RaftServerImpl.java:setRole(184)) - a3132885-145f-4a8c-85f4-c10eb874732d@group-2077DD483DC7: changes role from CANDIDATE to FOLLOWER at term 206 for DISCOVERED_A_NEW_TERM
2019-10-16 11:36:05,494 [a3132885-145f-4a8c-85f4-c10eb874732d@group-2077DD483DC7-LeaderElection382] INFO  impl.RoleInfo (RoleInfo.java:shutdownLeaderElection(134)) - a3132885-145f-4a8c-85f4-c10eb874732d: shutdown LeaderElection
2019-10-16 11:36:05,494 [a3132885-145f-4a8c-85f4-c10eb874732d@group-2077DD483DC7-LeaderElection382] INFO  impl.RoleInfo (RoleInfo.java:updateAndGet(143)) - a3132885-145f-4a8c-85f4-c10eb874732d: start FollowerState
2019-10-16 11:36:05,614 [Thread-2999] INFO  impl.FollowerState (FollowerState.java:run(108)) - a3132885-145f-4a8c-85f4-c10eb874732d@group-2077DD483DC7-FollowerState: change to CANDIDATE, lastRpcTime:120ms, electionTimeout:120ms
2019-10-16 11:36:05,615 [Thread-2999] INFO  impl.RoleInfo (RoleInfo.java:shutdownFollowerState(121)) - a3132885-145f-4a8c-85f4-c10eb874732d: shutdown FollowerState
2019-10-16 11:36:05,615 [Thread-2999] INFO  impl.RaftServerImpl (RaftServerImpl.java:setRole(184)) - a3132885-145f-4a8c-85f4-c10eb874732d@group-2077DD483DC7: changes role from  FOLLOWER to CANDIDATE at term 206 for changeToCandidate
2019-10-16 11:36:05,615 [Thread-2999] INFO  impl.RoleInfo (RoleInfo.java:updateAndGet(143)) - a3132885-145f-4a8c-85f4-c10eb874732d: start LeaderElection
2019-10-16 11:36:05,631 [a3132885-145f-4a8c-85f4-c10eb874732d@group-2077DD483DC7-LeaderElection383] INFO  impl.LeaderElection (LeaderElection.java:askForVotes(178)) - a3132885-145f-4a8c-85f4-c10eb874732d@group-2077DD483DC7-LeaderElection383: begin an election at term 207 for -1: [163587bb-2c3b-4498-b576-18147cf38274:192.168.157.203:33208, a3132885-145f-4a8c-85f4-c10eb874732d:192.168.157.203:46766, 70b633f6-b230-4b9f-87f3-510da88f1e08:192.168.157.203:43163], old=null
2019-10-16 11:36:05,633 [grpc-default-executor-5] INFO  impl.RaftServerImpl (RaftServerImpl.java:setRole(184)) - 163587bb-2c3b-4498-b576-18147cf38274@group-2077DD483DC7: changes role from  FOLLOWER to FOLLOWER at term 207 for recognizeCandidate:a3132885-145f-4a8c-85f4-c10eb874732d
2019-10-16 11:36:05,633 [grpc-default-executor-5] INFO  impl.RoleInfo (RoleInfo.java:shutdownFollowerState(121)) - 163587bb-2c3b-4498-b576-18147cf38274: shutdown FollowerState
2019-10-16 11:36:05,633 [grpc-default-executor-6] INFO  impl.RaftServerImpl (RaftServerImpl.java:setRole(184)) - 70b633f6-b230-4b9f-87f3-510da88f1e08@group-2077DD483DC7: changes role from  FOLLOWER to FOLLOWER at term 207 for recognizeCandidate:a3132885-145f-4a8c-85f4-c10eb874732d
2019-10-16 11:36:05,633 [Thread-2997] INFO  impl.FollowerState (FollowerState.java:run(117)) - 163587bb-2c3b-4498-b576-18147cf38274@group-2077DD483DC7-FollowerState was interrupted: java.lang.InterruptedException: sleep interrupted
2019-10-16 11:36:05,633 [grpc-default-executor-5] INFO  impl.RoleInfo (RoleInfo.java:updateAndGet(143)) - 163587bb-2c3b-4498-b576-18147cf38274: start FollowerState
2019-10-16 11:36:05,633 [grpc-default-executor-6] INFO  impl.RoleInfo (RoleInfo.java:shutdownFollowerState(121)) - 70b633f6-b230-4b9f-87f3-510da88f1e08: shutdown FollowerState
2019-10-16 11:36:05,634 [grpc-default-executor-6] INFO  impl.RoleInfo (RoleInfo.java:updateAndGet(143)) - 70b633f6-b230-4b9f-87f3-510da88f1e08: start FollowerState
2019-10-16 11:36:05,634 [Thread-2998] INFO  impl.FollowerState (FollowerState.java:run(117)) - 70b633f6-b230-4b9f-87f3-510da88f1e08@group-2077DD483DC7-FollowerState was interrupted: java.lang.InterruptedException: sleep interrupted
2019-10-16 11:36:05,669 [a3132885-145f-4a8c-85f4-c10eb874732d@group-2077DD483DC7-LeaderElection383] INFO  impl.LeaderElection (LeaderElection.java:logAndReturn(56)) - a3132885-145f-4a8c-85f4-c10eb874732d@group-2077DD483DC7-LeaderElection383: Election REJECTED; received 2 response(s) [a3132885-145f-4a8c-85f4-c10eb874732d<-163587bb-2c3b-4498-b576-18147cf38274#0:FAIL-t207, a3132885-145f-4a8c-85f4-c10eb874732d<-70b633f6-b230-4b9f-87f3-510da88f1e08#0:FAIL-t207] and 0 exception(s); a3132885-145f-4a8c-85f4-c10eb874732d@group-2077DD483DC7:t207, leader=null, voted=a3132885-145f-4a8c-85f4-c10eb874732d, raftlog=a3132885-145f-4a8c-85f4-c10eb874732d@group-2077DD483DC7-SegmentedRaftLog:OPENED:c-1,f-1,i0, conf=-1: [163587bb-2c3b-4498-b576-18147cf38274:192.168.157.203:33208, a3132885-145f-4a8c-85f4-c10eb874732d:192.168.157.203:46766, 70b633f6-b230-4b9f-87f3-510da88f1e08:192.168.157.203:43163], old=null
2019-10-16 11:36:05,670 [a3132885-145f-4a8c-85f4-c10eb874732d@group-2077DD483DC7-LeaderElection383] INFO  impl.RaftServerImpl (RaftServerImpl.java:setRole(184)) - a3132885-145f-4a8c-85f4-c10eb874732d@group-2077DD483DC7: changes role from CANDIDATE to FOLLOWER at term 207 for DISCOVERED_A_NEW_TERM
2019-10-16 11:36:05,670 [a3132885-145f-4a8c-85f4-c10eb874732d@group-2077DD483DC7-LeaderElection383] INFO  impl.RoleInfo (RoleInfo.java:shutdownLeaderElection(134)) - a3132885-145f-4a8c-85f4-c10eb874732d: shutdown LeaderElection
2019-10-16 11:36:05,670 [a3132885-145f-4a8c-85f4-c10eb874732d@group-2077DD483DC7-LeaderElection383] INFO  impl.RoleInfo (RoleInfo.java:updateAndGet(143)) - a3132885-145f-4a8c-85f4-c10eb874732d: start FollowerState
2019-10-16 11:36:05,773 [Thread-3005] INFO  impl.FollowerState (FollowerState.java:run(108)) - a3132885-145f-4a8c-85f4-c10eb874732d@group-2077DD483DC7-FollowerState: change to CANDIDATE, lastRpcTime:103ms, electionTimeout:103ms
2019-10-16 11:36:05,773 [Thread-3005] INFO  impl.RoleInfo (RoleInfo.java:shutdownFollowerState(121)) - a3132885-145f-4a8c-85f4-c10eb874732d: shutdown FollowerState
2019-10-16 11:36:05,774 [Thread-3005] INFO  impl.RaftServerImpl (RaftServerImpl.java:setRole(184)) - a3132885-145f-4a8c-85f4-c10eb874732d@group-2077DD483DC7: changes role from  FOLLOWER to CANDIDATE at term 207 for changeToCandidate
2019-10-16 11:36:05,774 [Thread-3005] INFO  impl.RoleInfo (RoleInfo.java:updateAndGet(143)) - a3132885-145f-4a8c-85f4-c10eb874732d: start LeaderElection
2019-10-16 11:36:05,788 [a3132885-145f-4a8c-85f4-c10eb874732d@group-2077DD483DC7-LeaderElection384] INFO  impl.LeaderElection (LeaderElection.java:askForVotes(178)) - a3132885-145f-4a8c-85f4-c10eb874732d@group-2077DD483DC7-LeaderElection384: begin an election at term 208 for -1: [163587bb-2c3b-4498-b576-18147cf38274:192.168.157.203:33208, a3132885-145f-4a8c-85f4-c10eb874732d:192.168.157.203:46766, 70b633f6-b230-4b9f-87f3-510da88f1e08:192.168.157.203:43163], old=null
2019-10-16 11:36:05,790 [grpc-default-executor-6] INFO  impl.RaftServerImpl (RaftServerImpl.java:setRole(184)) - 70b633f6-b230-4b9f-87f3-510da88f1e08@group-2077DD483DC7: changes role from  FOLLOWER to FOLLOWER at term 208 for recognizeCandidate:a3132885-145f-4a8c-85f4-c10eb874732d
2019-10-16 11:36:05,790 [grpc-default-executor-5] INFO  impl.RaftServerImpl (RaftServerImpl.java:setRole(184)) - 163587bb-2c3b-4498-b576-18147cf38274@group-2077DD483DC7: changes role from  FOLLOWER to FOLLOWER at term 208 for recognizeCandidate:a3132885-145f-4a8c-85f4-c10eb874732d
2019-10-16 11:36:05,791 [grpc-default-executor-5] INFO  impl.RoleInfo (RoleInfo.java:shutdownFollowerState(121)) - 163587bb-2c3b-4498-b576-18147cf38274: shutdown FollowerState
2019-10-16 11:36:05,791 [grpc-default-executor-6] INFO  impl.RoleInfo (RoleInfo.java:shutdownFollowerState(121)) - 70b633f6-b230-4b9f-87f3-510da88f1e08: shutdown FollowerState
2019-10-16 11:36:05,791 [Thread-3003] INFO  impl.FollowerState (FollowerState.java:run(117)) - 163587bb-2c3b-4498-b576-18147cf38274@group-2077DD483DC7-FollowerState was interrupted: java.lang.InterruptedException: sleep interrupted
2019-10-16 11:36:05,791 [grpc-default-executor-5] INFO  impl.RoleInfo (RoleInfo.java:updateAndGet(143)) - 163587bb-2c3b-4498-b576-18147cf38274: start FollowerState
2019-10-16 11:36:05,791 [Thread-3004] INFO  impl.FollowerState (FollowerState.java:run(117)) - 70b633f6-b230-4b9f-87f3-510da88f1e08@group-2077DD483DC7-FollowerState was interrupted: java.lang.InterruptedException: sleep interrupted
2019-10-16 11:36:05,791 [grpc-default-executor-6] INFO  impl.RoleInfo (RoleInfo.java:updateAndGet(143)) - 70b633f6-b230-4b9f-87f3-510da88f1e08: start FollowerState
2019-10-16 11:36:05,807 [a3132885-145f-4a8c-85f4-c10eb874732d@group-2077DD483DC7-LeaderElection384] INFO  impl.LeaderElection (LeaderElection.java:logAndReturn(56)) - a3132885-145f-4a8c-85f4-c10eb874732d@group-2077DD483DC7-LeaderElection384: Election REJECTED; received 2 response(s) [a3132885-145f-4a8c-85f4-c10eb874732d<-163587bb-2c3b-4498-b576-18147cf38274#0:FAIL-t208, a3132885-145f-4a8c-85f4-c10eb874732d<-70b633f6-b230-4b9f-87f3-510da88f1e08#0:FAIL-t208] and 0 exception(s); a3132885-145f-4a8c-85f4-c10eb874732d@group-2077DD483DC7:t208, leader=null, voted=a3132885-145f-4a8c-85f4-c10eb874732d, raftlog=a3132885-145f-4a8c-85f4-c10eb874732d@group-2077DD483DC7-SegmentedRaftLog:OPENED:c-1,f-1,i0, conf=-1: [163587bb-2c3b-4498-b576-18147cf38274:192.168.157.203:33208, a3132885-145f-4a8c-85f4-c10eb874732d:192.168.157.203:46766, 70b633f6-b230-4b9f-87f3-510da88f1e08:192.168.157.203:43163], old=null
2019-10-16 11:36:05,807 [a3132885-145f-4a8c-85f4-c10eb874732d@group-2077DD483DC7-LeaderElection384] INFO  impl.RaftServerImpl (RaftServerImpl.java:setRole(184)) - a3132885-145f-4a8c-85f4-c10eb874732d@group-2077DD483DC7: changes role from CANDIDATE to FOLLOWER at term 208 for DISCOVERED_A_NEW_TERM
2019-10-16 11:36:05,807 [a3132885-145f-4a8c-85f4-c10eb874732d@group-2077DD483DC7-LeaderElection384] INFO  impl.RoleInfo (RoleInfo.java:shutdownLeaderElection(134)) - a3132885-145f-4a8c-85f4-c10eb874732d: shutdown LeaderElection
2019-10-16 11:36:05,807 [a3132885-145f-4a8c-85f4-c10eb874732d@group-2077DD483DC7-LeaderElection384] INFO  impl.RoleInfo (RoleInfo.java:updateAndGet(143)) - a3132885-145f-4a8c-85f4-c10eb874732d: start FollowerState
2019-10-16 11:36:05,921 [Thread-3011] INFO  impl.FollowerState (FollowerState.java:run(108)) - a3132885-145f-4a8c-85f4-c10eb874732d@group-2077DD483DC7-FollowerState: change to CANDIDATE, lastRpcTime:113ms, electionTimeout:113ms
2019-10-16 11:36:05,921 [Thread-3011] INFO  impl.RoleInfo (RoleInfo.java:shutdownFollowerState(121)) - a3132885-145f-4a8c-85f4-c10eb874732d: shutdown FollowerState
2019-10-16 11:36:05,921 [Thread-3011] INFO  impl.RaftServerImpl (RaftServerImpl.java:setRole(184)) - a3132885-145f-4a8c-85f4-c10eb874732d@group-2077DD483DC7: changes role from  FOLLOWER to CANDIDATE at term 208 for changeToCandidate
2019-10-16 11:36:05,921 [Thread-3011] INFO  impl.RoleInfo (RoleInfo.java:updateAndGet(143)) - a3132885-145f-4a8c-85f4-c10eb874732d: start LeaderElection
2019-10-16 11:36:05,935 [a3132885-145f-4a8c-85f4-c10eb874732d@group-2077DD483DC7-LeaderElection385] INFO  impl.LeaderElection (LeaderElection.java:askForVotes(178)) - a3132885-145f-4a8c-85f4-c10eb874732d@group-2077DD483DC7-LeaderElection385: begin an election at term 209 for -1: [163587bb-2c3b-4498-b576-18147cf38274:192.168.157.203:33208, a3132885-145f-4a8c-85f4-c10eb874732d:192.168.157.203:46766, 70b633f6-b230-4b9f-87f3-510da88f1e08:192.168.157.203:43163], old=null
2019-10-16 11:36:05,943 [grpc-default-executor-5] INFO  impl.RaftServerImpl (RaftServerImpl.java:setRole(184)) - 70b633f6-b230-4b9f-87f3-510da88f1e08@group-2077DD483DC7: changes role from  FOLLOWER to FOLLOWER at term 209 for recognizeCandidate:a3132885-145f-4a8c-85f4-c10eb874732d
2019-10-16 11:36:05,943 [grpc-default-executor-6] INFO  impl.RaftServerImpl (RaftServerImpl.java:setRole(184)) - 163587bb-2c3b-4498-b576-18147cf38274@group-2077DD483DC7: changes role from  FOLLOWER to FOLLOWER at term 209 for recognizeCandidate:a3132885-145f-4a8c-85f4-c10eb874732d
2019-10-16 11:36:05,944 [grpc-default-executor-6] INFO  impl.RoleInfo (RoleInfo.java:shutdownFollowerState(121)) - 163587bb-2c3b-4498-b576-18147cf38274: shutdown FollowerState
2019-10-16 11:36:05,944 [grpc-default-executor-5] INFO  impl.RoleInfo (RoleInfo.java:shutdownFollowerState(121)) - 70b633f6-b230-4b9f-87f3-510da88f1e08: shutdown FollowerState
2019-10-16 11:36:05,944 [grpc-default-executor-6] INFO  impl.RoleInfo (RoleInfo.java:updateAndGet(143)) - 163587bb-2c3b-4498-b576-18147cf38274: start FollowerState
2019-10-16 11:36:05,944 [Thread-3010] INFO  impl.FollowerState (FollowerState.java:run(117)) - 70b633f6-b230-4b9f-87f3-510da88f1e08@group-2077DD483DC7-FollowerState was interrupted: java.lang.InterruptedException: sleep interrupted
2019-10-16 11:36:05,944 [Thread-3009] INFO  impl.FollowerState (FollowerState.java:run(117)) - 163587bb-2c3b-4498-b576-18147cf38274@group-2077DD483DC7-FollowerState was interrupted: java.lang.InterruptedException: sleep interrupted
2019-10-16 11:36:05,944 [grpc-default-executor-5] INFO  impl.RoleInfo (RoleInfo.java:updateAndGet(143)) - 70b633f6-b230-4b9f-87f3-510da88f1e08: start FollowerState
2019-10-16 11:36:05,960 [a3132885-145f-4a8c-85f4-c10eb874732d@group-2077DD483DC7-LeaderElection385] INFO  impl.LeaderElection (LeaderElection.java:logAndReturn(56)) - a3132885-145f-4a8c-85f4-c10eb874732d@group-2077DD483DC7-LeaderElection385: Election REJECTED; received 2 response(s) [a3132885-145f-4a8c-85f4-c10eb874732d<-163587bb-2c3b-4498-b576-18147cf38274#0:FAIL-t209, a3132885-145f-4a8c-85f4-c10eb874732d<-70b633f6-b230-4b9f-87f3-510da88f1e08#0:FAIL-t209] and 0 exception(s); a3132885-145f-4a8c-85f4-c10eb874732d@group-2077DD483DC7:t209, leader=null, voted=a3132885-145f-4a8c-85f4-c10eb874732d, raftlog=a3132885-145f-4a8c-85f4-c10eb874732d@group-2077DD483DC7-SegmentedRaftLog:OPENED:c-1,f-1,i0, conf=-1: [163587bb-2c3b-4498-b576-18147cf38274:192.168.157.203:33208, a3132885-145f-4a8c-85f4-c10eb874732d:192.168.157.203:46766, 70b633f6-b230-4b9f-87f3-510da88f1e08:192.168.157.203:43163], old=null
2019-10-16 11:36:05,961 [a3132885-145f-4a8c-85f4-c10eb874732d@group-2077DD483DC7-LeaderElection385] INFO  impl.RaftServerImpl (RaftServerImpl.java:setRole(184)) - a3132885-145f-4a8c-85f4-c10eb874732d@group-2077DD483DC7: changes role from CANDIDATE to FOLLOWER at term 209 for DISCOVERED_A_NEW_TERM
2019-10-16 11:36:05,961 [a3132885-145f-4a8c-85f4-c10eb874732d@group-2077DD483DC7-LeaderElection385] INFO  impl.RoleInfo (RoleInfo.java:shutdownLeaderElection(134)) - a3132885-145f-4a8c-85f4-c10eb874732d: shutdown LeaderElection
2019-10-16 11:36:05,961 [a3132885-145f-4a8c-85f4-c10eb874732d@group-2077DD483DC7-LeaderElection385] INFO  impl.RoleInfo (RoleInfo.java:updateAndGet(143)) - a3132885-145f-4a8c-85f4-c10eb874732d: start FollowerState
2019-10-16 11:36:06,075 [Thread-3017] INFO  impl.FollowerState (FollowerState.java:run(108)) - a3132885-145f-4a8c-85f4-c10eb874732d@group-2077DD483DC7-FollowerState: change to CANDIDATE, lastRpcTime:114ms, electionTimeout:114ms
2019-10-16 11:36:06,076 [Thread-3017] INFO  impl.RoleInfo (RoleInfo.java:shutdownFollowerState(121)) - a3132885-145f-4a8c-85f4-c10eb874732d: shutdown FollowerState
2019-10-16 11:36:06,076 [Thread-3017] INFO  impl.RaftServerImpl (RaftServerImpl.java:setRole(184)) - a3132885-145f-4a8c-85f4-c10eb874732d@group-2077DD483DC7: changes role from  FOLLOWER to CANDIDATE at term 209 for changeToCandidate
2019-10-16 11:36:06,076 [Thread-3017] INFO  impl.RoleInfo (RoleInfo.java:updateAndGet(143)) - a3132885-145f-4a8c-85f4-c10eb874732d: start LeaderElection
2019-10-16 11:36:06,090 [a3132885-145f-4a8c-85f4-c10eb874732d@group-2077DD483DC7-LeaderElection386] INFO  impl.LeaderElection (LeaderElection.java:askForVotes(178)) - a3132885-145f-4a8c-85f4-c10eb874732d@group-2077DD483DC7-LeaderElection386: begin an election at term 210 for -1: [163587bb-2c3b-4498-b576-18147cf38274:192.168.157.203:33208, a3132885-145f-4a8c-85f4-c10eb874732d:192.168.157.203:46766, 70b633f6-b230-4b9f-87f3-510da88f1e08:192.168.157.203:43163], old=null
2019-10-16 11:36:06,092 [grpc-default-executor-5] INFO  impl.RaftServerImpl (RaftServerImpl.java:setRole(184)) - 163587bb-2c3b-4498-b576-18147cf38274@group-2077DD483DC7: changes role from  FOLLOWER to FOLLOWER at term 210 for recognizeCandidate:a3132885-145f-4a8c-85f4-c10eb874732d
2019-10-16 11:36:06,092 [grpc-default-executor-6] INFO  impl.RaftServerImpl (RaftServerImpl.java:setRole(184)) - 70b633f6-b230-4b9f-87f3-510da88f1e08@group-2077DD483DC7: changes role from  FOLLOWER to FOLLOWER at term 210 for recognizeCandidate:a3132885-145f-4a8c-85f4-c10eb874732d
2019-10-16 11:36:06,092 [grpc-default-executor-5] INFO  impl.RoleInfo (RoleInfo.java:shutdownFollowerState(121)) - 163587bb-2c3b-4498-b576-18147cf38274: shutdown FollowerState
2019-10-16 11:36:06,092 [grpc-default-executor-6] INFO  impl.RoleInfo (RoleInfo.java:shutdownFollowerState(121)) - 70b633f6-b230-4b9f-87f3-510da88f1e08: shutdown FollowerState
2019-10-16 11:36:06,093 [grpc-default-executor-5] INFO  impl.RoleInfo (RoleInfo.java:updateAndGet(143)) - 163587bb-2c3b-4498-b576-18147cf38274: start FollowerState
2019-10-16 11:36:06,093 [Thread-3015] INFO  impl.FollowerState (FollowerState.java:run(117)) - 163587bb-2c3b-4498-b576-18147cf38274@group-2077DD483DC7-FollowerState was interrupted: java.lang.InterruptedException: sleep interrupted
2019-10-16 11:36:06,093 [Thread-3016] INFO  impl.FollowerState (FollowerState.java:run(117)) - 70b633f6-b230-4b9f-87f3-510da88f1e08@group-2077DD483DC7-FollowerState was interrupted: java.lang.InterruptedException: sleep interrupted
2019-10-16 11:36:06,093 [grpc-default-executor-6] INFO  impl.RoleInfo (RoleInfo.java:updateAndGet(143)) - 70b633f6-b230-4b9f-87f3-510da88f1e08: start FollowerState
2019-10-16 11:36:06,107 [a3132885-145f-4a8c-85f4-c10eb874732d@group-2077DD483DC7-LeaderElection386] INFO  impl.LeaderElection (LeaderElection.java:logAndReturn(56)) - a3132885-145f-4a8c-85f4-c10eb874732d@group-2077DD483DC7-LeaderElection386: Election REJECTED; received 2 response(s) [a3132885-145f-4a8c-85f4-c10eb874732d<-163587bb-2c3b-4498-b576-18147cf38274#0:FAIL-t210, a3132885-145f-4a8c-85f4-c10eb874732d<-70b633f6-b230-4b9f-87f3-510da88f1e08#0:FAIL-t210] and 0 exception(s); a3132885-145f-4a8c-85f4-c10eb874732d@group-2077DD483DC7:t210, leader=null, voted=a3132885-145f-4a8c-85f4-c10eb874732d, raftlog=a3132885-145f-4a8c-85f4-c10eb874732d@group-2077DD483DC7-SegmentedRaftLog:OPENED:c-1,f-1,i0, conf=-1: [163587bb-2c3b-4498-b576-18147cf38274:192.168.157.203:33208, a3132885-145f-4a8c-85f4-c10eb874732d:192.168.157.203:46766, 70b633f6-b230-4b9f-87f3-510da88f1e08:192.168.157.203:43163], old=null
2019-10-16 11:36:06,107 [a3132885-145f-4a8c-85f4-c10eb874732d@group-2077DD483DC7-LeaderElection386] INFO  impl.RaftServerImpl (RaftServerImpl.java:setRole(184)) - a3132885-145f-4a8c-85f4-c10eb874732d@group-2077DD483DC7: changes role from CANDIDATE to FOLLOWER at term 210 for DISCOVERED_A_NEW_TERM
2019-10-16 11:36:06,107 [a3132885-145f-4a8c-85f4-c10eb874732d@group-2077DD483DC7-LeaderElection386] INFO  impl.RoleInfo (RoleInfo.java:shutdownLeaderElection(134)) - a3132885-145f-4a8c-85f4-c10eb874732d: shutdown LeaderElection
2019-10-16 11:36:06,107 [a3132885-145f-4a8c-85f4-c10eb874732d@group-2077DD483DC7-LeaderElection386] INFO  impl.RoleInfo (RoleInfo.java:updateAndGet(143)) - a3132885-145f-4a8c-85f4-c10eb874732d: start FollowerState
2019-10-16 11:36:06,171 [Thread-2966] INFO  impl.FollowerState (FollowerState.java:run(108)) - 4281bf39-36db-462c-8bc9-3c86cb645344@group-B3673A53AB6F-FollowerState: change to CANDIDATE, lastRpcTime:1098ms, electionTimeout:1098ms
2019-10-16 11:36:06,171 [Thread-2966] INFO  impl.RoleInfo (RoleInfo.java:shutdownFollowerState(121)) - 4281bf39-36db-462c-8bc9-3c86cb645344: shutdown FollowerState
2019-10-16 11:36:06,172 [Thread-2966] INFO  impl.RaftServerImpl (RaftServerImpl.java:setRole(184)) - 4281bf39-36db-462c-8bc9-3c86cb645344@group-B3673A53AB6F: changes role from  FOLLOWER to CANDIDATE at term 200 for changeToCandidate
2019-10-16 11:36:06,172 [Thread-2966] INFO  impl.RoleInfo (RoleInfo.java:updateAndGet(143)) - 4281bf39-36db-462c-8bc9-3c86cb645344: start LeaderElection
2019-10-16 11:36:06,178 [Thread-3025] INFO  impl.FollowerState (FollowerState.java:run(108)) - a3132885-145f-4a8c-85f4-c10eb874732d@group-2077DD483DC7-FollowerState: change to CANDIDATE, lastRpcTime:70ms, electionTimeout:70ms
2019-10-16 11:36:06,178 [Thread-3025] INFO  impl.RoleInfo (RoleInfo.java:shutdownFollowerState(121)) - a3132885-145f-4a8c-85f4-c10eb874732d: shutdown FollowerState
2019-10-16 11:36:06,178 [Thread-3025] INFO  impl.RaftServerImpl (RaftServerImpl.java:setRole(184)) - a3132885-145f-4a8c-85f4-c10eb874732d@group-2077DD483DC7: changes role from  FOLLOWER to CANDIDATE at term 210 for changeToCandidate
2019-10-16 11:36:06,178 [Thread-3025] INFO  impl.RoleInfo (RoleInfo.java:updateAndGet(143)) - a3132885-145f-4a8c-85f4-c10eb874732d: start LeaderElection
2019-10-16 11:36:06,186 [a3132885-145f-4a8c-85f4-c10eb874732d@group-2077DD483DC7-LeaderElection388] INFO  impl.LeaderElection (LeaderElection.java:askForVotes(178)) - a3132885-145f-4a8c-85f4-c10eb874732d@group-2077DD483DC7-LeaderElection388: begin an election at term 211 for -1: [163587bb-2c3b-4498-b576-18147cf38274:192.168.157.203:33208, a3132885-145f-4a8c-85f4-c10eb874732d:192.168.157.203:46766, 70b633f6-b230-4b9f-87f3-510da88f1e08:192.168.157.203:43163], old=null
2019-10-16 11:36:06,186 [4281bf39-36db-462c-8bc9-3c86cb645344@group-B3673A53AB6F-LeaderElection387] INFO  impl.LeaderElection (LeaderElection.java:askForVotes(178)) - 4281bf39-36db-462c-8bc9-3c86cb645344@group-B3673A53AB6F-LeaderElection387: begin an election at term 201 for 0: [f94c755f-9f95-40b5-85b9-5e712f3f34e7:192.168.157.203:45275, 1ee6da7b-5867-4bad-ba0d-a2cfd13fd72a:192.168.157.203:35892, 4281bf39-36db-462c-8bc9-3c86cb645344:192.168.157.203:42381], old=null
2019-10-16 11:36:06,187 [4281bf39-36db-462c-8bc9-3c86cb645344@group-B3673A53AB6F-LeaderElection387] INFO  impl.LeaderElection (LogUtils.java:infoOrTrace(149)) - 4281bf39-36db-462c-8bc9-3c86cb645344@group-B3673A53AB6F-LeaderElection387 got exception when requesting votes: {}
java.util.concurrent.ExecutionException: org.apache.ratis.thirdparty.io.grpc.StatusRuntimeException: UNAVAILABLE: io exception
	at java.util.concurrent.FutureTask.report(FutureTask.java:122)
	at java.util.concurrent.FutureTask.get(FutureTask.java:192)
	at org.apache.ratis.server.impl.LeaderElection.waitForResults(LeaderElection.java:259)
	at org.apache.ratis.server.impl.LeaderElection.askForVotes(LeaderElection.java:197)
	at org.apache.ratis.server.impl.LeaderElection.run(LeaderElection.java:133)
	at java.lang.Thread.run(Thread.java:748)
Caused by: org.apache.ratis.thirdparty.io.grpc.StatusRuntimeException: UNAVAILABLE: io exception
	at org.apache.ratis.thirdparty.io.grpc.stub.ClientCalls.toStatusRuntimeException(ClientCalls.java:233)
	at org.apache.ratis.thirdparty.io.grpc.stub.ClientCalls.getUnchecked(ClientCalls.java:214)
	at org.apache.ratis.thirdparty.io.grpc.stub.ClientCalls.blockingUnaryCall(ClientCalls.java:139)
	at org.apache.ratis.proto.grpc.RaftServerProtocolServiceGrpc$RaftServerProtocolServiceBlockingStub.requestVote(RaftServerProtocolServiceGrpc.java:265)
	at org.apache.ratis.grpc.server.GrpcServerProtocolClient.requestVote(GrpcServerProtocolClient.java:99)
	at org.apache.ratis.grpc.server.GrpcService.requestVote(GrpcService.java:204)
	at org.apache.ratis.server.impl.LeaderElection.lambda$submitRequests$1(LeaderElection.java:234)
	at java.util.concurrent.FutureTask.run(FutureTask.java:266)
	at java.util.concurrent.Executors$RunnableAdapter.call(Executors.java:511)
	at java.util.concurrent.FutureTask.run(FutureTask.java:266)
	at java.util.concurrent.ThreadPoolExecutor.runWorker(ThreadPoolExecutor.java:1149)
	at java.util.concurrent.ThreadPoolExecutor$Worker.run(ThreadPoolExecutor.java:624)
	... 1 more
Caused by: org.apache.ratis.thirdparty.io.netty.channel.AbstractChannel$AnnotatedConnectException: Connection refused: /192.168.157.203:35892
	at sun.nio.ch.SocketChannelImpl.checkConnect(Native Method)
	at sun.nio.ch.SocketChannelImpl.finishConnect(SocketChannelImpl.java:717)
	at org.apache.ratis.thirdparty.io.netty.channel.socket.nio.NioSocketChannel.doFinishConnect(NioSocketChannel.java:327)
	at org.apache.ratis.thirdparty.io.netty.channel.nio.AbstractNioChannel$AbstractNioUnsafe.finishConnect(AbstractNioChannel.java:340)
	at org.apache.ratis.thirdparty.io.netty.channel.nio.NioEventLoop.processSelectedKey(NioEventLoop.java:632)
	at org.apache.ratis.thirdparty.io.netty.channel.nio.NioEventLoop.processSelectedKeysOptimized(NioEventLoop.java:579)
	at org.apache.ratis.thirdparty.io.netty.channel.nio.NioEventLoop.processSelectedKeys(NioEventLoop.java:496)
	at org.apache.ratis.thirdparty.io.netty.channel.nio.NioEventLoop.run(NioEventLoop.java:458)
	at org.apache.ratis.thirdparty.io.netty.util.concurrent.SingleThreadEventExecutor$5.run(SingleThreadEventExecutor.java:897)
	at org.apache.ratis.thirdparty.io.netty.util.concurrent.FastThreadLocalRunnable.run(FastThreadLocalRunnable.java:30)
	... 1 more
Caused by: java.net.ConnectException: Connection refused
	... 11 more
2019-10-16 11:36:06,191 [grpc-default-executor-5] INFO  impl.RaftServerImpl (RaftServerImpl.java:setRole(184)) - 70b633f6-b230-4b9f-87f3-510da88f1e08@group-2077DD483DC7: changes role from  FOLLOWER to FOLLOWER at term 211 for recognizeCandidate:a3132885-145f-4a8c-85f4-c10eb874732d
2019-10-16 11:36:06,191 [grpc-default-executor-5] INFO  impl.RoleInfo (RoleInfo.java:shutdownFollowerState(121)) - 70b633f6-b230-4b9f-87f3-510da88f1e08: shutdown FollowerState
2019-10-16 11:36:06,188 [grpc-default-executor-6] INFO  impl.RaftServerImpl (RaftServerImpl.java:setRole(184)) - 163587bb-2c3b-4498-b576-18147cf38274@group-2077DD483DC7: changes role from  FOLLOWER to FOLLOWER at term 211 for recognizeCandidate:a3132885-145f-4a8c-85f4-c10eb874732d
2019-10-16 11:36:06,191 [Thread-3024] INFO  impl.FollowerState (FollowerState.java:run(117)) - 70b633f6-b230-4b9f-87f3-510da88f1e08@group-2077DD483DC7-FollowerState was interrupted: java.lang.InterruptedException: sleep interrupted
2019-10-16 11:36:06,191 [grpc-default-executor-5] INFO  impl.RoleInfo (RoleInfo.java:updateAndGet(143)) - 70b633f6-b230-4b9f-87f3-510da88f1e08: start FollowerState
2019-10-16 11:36:06,191 [4281bf39-36db-462c-8bc9-3c86cb645344@group-B3673A53AB6F-LeaderElection387] INFO  impl.LeaderElection (LogUtils.java:infoOrTrace(149)) - 4281bf39-36db-462c-8bc9-3c86cb645344@group-B3673A53AB6F-LeaderElection387 got exception when requesting votes: {}
java.util.concurrent.ExecutionException: org.apache.ratis.thirdparty.io.grpc.StatusRuntimeException: UNAVAILABLE: io exception
	at java.util.concurrent.FutureTask.report(FutureTask.java:122)
	at java.util.concurrent.FutureTask.get(FutureTask.java:192)
	at org.apache.ratis.server.impl.LeaderElection.waitForResults(LeaderElection.java:259)
	at org.apache.ratis.server.impl.LeaderElection.askForVotes(LeaderElection.java:197)
	at org.apache.ratis.server.impl.LeaderElection.run(LeaderElection.java:133)
	at java.lang.Thread.run(Thread.java:748)
Caused by: org.apache.ratis.thirdparty.io.grpc.StatusRuntimeException: UNAVAILABLE: io exception
	at org.apache.ratis.thirdparty.io.grpc.stub.ClientCalls.toStatusRuntimeException(ClientCalls.java:233)
	at org.apache.ratis.thirdparty.io.grpc.stub.ClientCalls.getUnchecked(ClientCalls.java:214)
	at org.apache.ratis.thirdparty.io.grpc.stub.ClientCalls.blockingUnaryCall(ClientCalls.java:139)
	at org.apache.ratis.proto.grpc.RaftServerProtocolServiceGrpc$RaftServerProtocolServiceBlockingStub.requestVote(RaftServerProtocolServiceGrpc.java:265)
	at org.apache.ratis.grpc.server.GrpcServerProtocolClient.requestVote(GrpcServerProtocolClient.java:99)
	at org.apache.ratis.grpc.server.GrpcService.requestVote(GrpcService.java:204)
	at org.apache.ratis.server.impl.LeaderElection.lambda$submitRequests$1(LeaderElection.java:234)
	at java.util.concurrent.FutureTask.run(FutureTask.java:266)
	at java.util.concurrent.Executors$RunnableAdapter.call(Executors.java:511)
	at java.util.concurrent.FutureTask.run(FutureTask.java:266)
	at java.util.concurrent.ThreadPoolExecutor.runWorker(ThreadPoolExecutor.java:1149)
	at java.util.concurrent.ThreadPoolExecutor$Worker.run(ThreadPoolExecutor.java:624)
	... 1 more
Caused by: org.apache.ratis.thirdparty.io.netty.channel.AbstractChannel$AnnotatedConnectException: Connection refused: /192.168.157.203:45275
	at sun.nio.ch.SocketChannelImpl.checkConnect(Native Method)
	at sun.nio.ch.SocketChannelImpl.finishConnect(SocketChannelImpl.java:717)
	at org.apache.ratis.thirdparty.io.netty.channel.socket.nio.NioSocketChannel.doFinishConnect(NioSocketChannel.java:327)
	at org.apache.ratis.thirdparty.io.netty.channel.nio.AbstractNioChannel$AbstractNioUnsafe.finishConnect(AbstractNioChannel.java:340)
	at org.apache.ratis.thirdparty.io.netty.channel.nio.NioEventLoop.processSelectedKey(NioEventLoop.java:632)
	at org.apache.ratis.thirdparty.io.netty.channel.nio.NioEventLoop.processSelectedKeysOptimized(NioEventLoop.java:579)
	at org.apache.ratis.thirdparty.io.netty.channel.nio.NioEventLoop.processSelectedKeys(NioEventLoop.java:496)
	at org.apache.ratis.thirdparty.io.netty.channel.nio.NioEventLoop.run(NioEventLoop.java:458)
	at org.apache.ratis.thirdparty.io.netty.util.concurrent.SingleThreadEventExecutor$5.run(SingleThreadEventExecutor.java:897)
	at org.apache.ratis.thirdparty.io.netty.util.concurrent.FastThreadLocalRunnable.run(FastThreadLocalRunnable.java:30)
	... 1 more
Caused by: java.net.ConnectException: Connection refused
	... 11 more
2019-10-16 11:36:06,191 [grpc-default-executor-6] INFO  impl.RoleInfo (RoleInfo.java:shutdownFollowerState(121)) - 163587bb-2c3b-4498-b576-18147cf38274: shutdown FollowerState
2019-10-16 11:36:06,194 [4281bf39-36db-462c-8bc9-3c86cb645344@group-B3673A53AB6F-LeaderElection387] INFO  impl.LeaderElection (LeaderElection.java:logAndReturn(56)) - 4281bf39-36db-462c-8bc9-3c86cb645344@group-B3673A53AB6F-LeaderElection387: Election REJECTED; received 0 response(s) [] and 2 exception(s); 4281bf39-36db-462c-8bc9-3c86cb645344@group-B3673A53AB6F:t201, leader=null, voted=4281bf39-36db-462c-8bc9-3c86cb645344, raftlog=4281bf39-36db-462c-8bc9-3c86cb645344@group-B3673A53AB6F-SegmentedRaftLog:OPENED:c-1,f0,i0, conf=0: [f94c755f-9f95-40b5-85b9-5e712f3f34e7:192.168.157.203:45275, 1ee6da7b-5867-4bad-ba0d-a2cfd13fd72a:192.168.157.203:35892, 4281bf39-36db-462c-8bc9-3c86cb645344:192.168.157.203:42381], old=null
2019-10-16 11:36:06,194 [grpc-default-executor-6] INFO  impl.RoleInfo (RoleInfo.java:updateAndGet(143)) - 163587bb-2c3b-4498-b576-18147cf38274: start FollowerState
2019-10-16 11:36:06,194 [Thread-3023] INFO  impl.FollowerState (FollowerState.java:run(117)) - 163587bb-2c3b-4498-b576-18147cf38274@group-2077DD483DC7-FollowerState was interrupted: java.lang.InterruptedException: sleep interrupted
2019-10-16 11:36:06,194 [4281bf39-36db-462c-8bc9-3c86cb645344@group-B3673A53AB6F-LeaderElection387] INFO  impl.LeaderElection (LogUtils.java:infoOrTrace(149)) -   Exception 0: {}
java.util.concurrent.ExecutionException: org.apache.ratis.thirdparty.io.grpc.StatusRuntimeException: UNAVAILABLE: io exception
	at java.util.concurrent.FutureTask.report(FutureTask.java:122)
	at java.util.concurrent.FutureTask.get(FutureTask.java:192)
	at org.apache.ratis.server.impl.LeaderElection.waitForResults(LeaderElection.java:259)
	at org.apache.ratis.server.impl.LeaderElection.askForVotes(LeaderElection.java:197)
	at org.apache.ratis.server.impl.LeaderElection.run(LeaderElection.java:133)
	at java.lang.Thread.run(Thread.java:748)
Caused by: org.apache.ratis.thirdparty.io.grpc.StatusRuntimeException: UNAVAILABLE: io exception
	at org.apache.ratis.thirdparty.io.grpc.stub.ClientCalls.toStatusRuntimeException(ClientCalls.java:233)
	at org.apache.ratis.thirdparty.io.grpc.stub.ClientCalls.getUnchecked(ClientCalls.java:214)
	at org.apache.ratis.thirdparty.io.grpc.stub.ClientCalls.blockingUnaryCall(ClientCalls.java:139)
	at org.apache.ratis.proto.grpc.RaftServerProtocolServiceGrpc$RaftServerProtocolServiceBlockingStub.requestVote(RaftServerProtocolServiceGrpc.java:265)
	at org.apache.ratis.grpc.server.GrpcServerProtocolClient.requestVote(GrpcServerProtocolClient.java:99)
	at org.apache.ratis.grpc.server.GrpcService.requestVote(GrpcService.java:204)
	at org.apache.ratis.server.impl.LeaderElection.lambda$submitRequests$1(LeaderElection.java:234)
	at java.util.concurrent.FutureTask.run(FutureTask.java:266)
	at java.util.concurrent.Executors$RunnableAdapter.call(Executors.java:511)
	at java.util.concurrent.FutureTask.run(FutureTask.java:266)
	at java.util.concurrent.ThreadPoolExecutor.runWorker(ThreadPoolExecutor.java:1149)
	at java.util.concurrent.ThreadPoolExecutor$Worker.run(ThreadPoolExecutor.java:624)
	... 1 more
Caused by: org.apache.ratis.thirdparty.io.netty.channel.AbstractChannel$AnnotatedConnectException: Connection refused: /192.168.157.203:35892
	at sun.nio.ch.SocketChannelImpl.checkConnect(Native Method)
	at sun.nio.ch.SocketChannelImpl.finishConnect(SocketChannelImpl.java:717)
	at org.apache.ratis.thirdparty.io.netty.channel.socket.nio.NioSocketChannel.doFinishConnect(NioSocketChannel.java:327)
	at org.apache.ratis.thirdparty.io.netty.channel.nio.AbstractNioChannel$AbstractNioUnsafe.finishConnect(AbstractNioChannel.java:340)
	at org.apache.ratis.thirdparty.io.netty.channel.nio.NioEventLoop.processSelectedKey(NioEventLoop.java:632)
	at org.apache.ratis.thirdparty.io.netty.channel.nio.NioEventLoop.processSelectedKeysOptimized(NioEventLoop.java:579)
	at org.apache.ratis.thirdparty.io.netty.channel.nio.NioEventLoop.processSelectedKeys(NioEventLoop.java:496)
	at org.apache.ratis.thirdparty.io.netty.channel.nio.NioEventLoop.run(NioEventLoop.java:458)
	at org.apache.ratis.thirdparty.io.netty.util.concurrent.SingleThreadEventExecutor$5.run(SingleThreadEventExecutor.java:897)
	at org.apache.ratis.thirdparty.io.netty.util.concurrent.FastThreadLocalRunnable.run(FastThreadLocalRunnable.java:30)
	... 1 more
Caused by: java.net.ConnectException: Connection refused
	... 11 more
2019-10-16 11:36:06,195 [4281bf39-36db-462c-8bc9-3c86cb645344@group-B3673A53AB6F-LeaderElection387] INFO  impl.LeaderElection (LogUtils.java:infoOrTrace(149)) -   Exception 1: {}
java.util.concurrent.ExecutionException: org.apache.ratis.thirdparty.io.grpc.StatusRuntimeException: UNAVAILABLE: io exception
	at java.util.concurrent.FutureTask.report(FutureTask.java:122)
	at java.util.concurrent.FutureTask.get(FutureTask.java:192)
	at org.apache.ratis.server.impl.LeaderElection.waitForResults(LeaderElection.java:259)
	at org.apache.ratis.server.impl.LeaderElection.askForVotes(LeaderElection.java:197)
	at org.apache.ratis.server.impl.LeaderElection.run(LeaderElection.java:133)
	at java.lang.Thread.run(Thread.java:748)
Caused by: org.apache.ratis.thirdparty.io.grpc.StatusRuntimeException: UNAVAILABLE: io exception
	at org.apache.ratis.thirdparty.io.grpc.stub.ClientCalls.toStatusRuntimeException(ClientCalls.java:233)
	at org.apache.ratis.thirdparty.io.grpc.stub.ClientCalls.getUnchecked(ClientCalls.java:214)
	at org.apache.ratis.thirdparty.io.grpc.stub.ClientCalls.blockingUnaryCall(ClientCalls.java:139)
	at org.apache.ratis.proto.grpc.RaftServerProtocolServiceGrpc$RaftServerProtocolServiceBlockingStub.requestVote(RaftServerProtocolServiceGrpc.java:265)
	at org.apache.ratis.grpc.server.GrpcServerProtocolClient.requestVote(GrpcServerProtocolClient.java:99)
	at org.apache.ratis.grpc.server.GrpcService.requestVote(GrpcService.java:204)
	at org.apache.ratis.server.impl.LeaderElection.lambda$submitRequests$1(LeaderElection.java:234)
	at java.util.concurrent.FutureTask.run(FutureTask.java:266)
	at java.util.concurrent.Executors$RunnableAdapter.call(Executors.java:511)
	at java.util.concurrent.FutureTask.run(FutureTask.java:266)
	at java.util.concurrent.ThreadPoolExecutor.runWorker(ThreadPoolExecutor.java:1149)
	at java.util.concurrent.ThreadPoolExecutor$Worker.run(ThreadPoolExecutor.java:624)
	... 1 more
Caused by: org.apache.ratis.thirdparty.io.netty.channel.AbstractChannel$AnnotatedConnectException: Connection refused: /192.168.157.203:45275
	at sun.nio.ch.SocketChannelImpl.checkConnect(Native Method)
	at sun.nio.ch.SocketChannelImpl.finishConnect(SocketChannelImpl.java:717)
	at org.apache.ratis.thirdparty.io.netty.channel.socket.nio.NioSocketChannel.doFinishConnect(NioSocketChannel.java:327)
	at org.apache.ratis.thirdparty.io.netty.channel.nio.AbstractNioChannel$AbstractNioUnsafe.finishConnect(AbstractNioChannel.java:340)
	at org.apache.ratis.thirdparty.io.netty.channel.nio.NioEventLoop.processSelectedKey(NioEventLoop.java:632)
	at org.apache.ratis.thirdparty.io.netty.channel.nio.NioEventLoop.processSelectedKeysOptimized(NioEventLoop.java:579)
	at org.apache.ratis.thirdparty.io.netty.channel.nio.NioEventLoop.processSelectedKeys(NioEventLoop.java:496)
	at org.apache.ratis.thirdparty.io.netty.channel.nio.NioEventLoop.run(NioEventLoop.java:458)
	at org.apache.ratis.thirdparty.io.netty.util.concurrent.SingleThreadEventExecutor$5.run(SingleThreadEventExecutor.java:897)
	at org.apache.ratis.thirdparty.io.netty.util.concurrent.FastThreadLocalRunnable.run(FastThreadLocalRunnable.java:30)
	... 1 more
Caused by: java.net.ConnectException: Connection refused
	... 11 more
2019-10-16 11:36:06,196 [4281bf39-36db-462c-8bc9-3c86cb645344@group-B3673A53AB6F-LeaderElection387] INFO  impl.RaftServerImpl (RaftServerImpl.java:setRole(184)) - 4281bf39-36db-462c-8bc9-3c86cb645344@group-B3673A53AB6F: changes role from CANDIDATE to FOLLOWER at term 201 for DISCOVERED_A_NEW_TERM
2019-10-16 11:36:06,196 [4281bf39-36db-462c-8bc9-3c86cb645344@group-B3673A53AB6F-LeaderElection387] INFO  impl.RoleInfo (RoleInfo.java:shutdownLeaderElection(134)) - 4281bf39-36db-462c-8bc9-3c86cb645344: shutdown LeaderElection
2019-10-16 11:36:06,196 [4281bf39-36db-462c-8bc9-3c86cb645344@group-B3673A53AB6F-LeaderElection387] INFO  impl.RoleInfo (RoleInfo.java:updateAndGet(143)) - 4281bf39-36db-462c-8bc9-3c86cb645344: start FollowerState
2019-10-16 11:36:06,206 [a3132885-145f-4a8c-85f4-c10eb874732d@group-2077DD483DC7-LeaderElection388] INFO  impl.LeaderElection (LeaderElection.java:logAndReturn(56)) - a3132885-145f-4a8c-85f4-c10eb874732d@group-2077DD483DC7-LeaderElection388: Election REJECTED; received 2 response(s) [a3132885-145f-4a8c-85f4-c10eb874732d<-163587bb-2c3b-4498-b576-18147cf38274#0:FAIL-t211, a3132885-145f-4a8c-85f4-c10eb874732d<-70b633f6-b230-4b9f-87f3-510da88f1e08#0:FAIL-t211] and 0 exception(s); a3132885-145f-4a8c-85f4-c10eb874732d@group-2077DD483DC7:t211, leader=null, voted=a3132885-145f-4a8c-85f4-c10eb874732d, raftlog=a3132885-145f-4a8c-85f4-c10eb874732d@group-2077DD483DC7-SegmentedRaftLog:OPENED:c-1,f-1,i0, conf=-1: [163587bb-2c3b-4498-b576-18147cf38274:192.168.157.203:33208, a3132885-145f-4a8c-85f4-c10eb874732d:192.168.157.203:46766, 70b633f6-b230-4b9f-87f3-510da88f1e08:192.168.157.203:43163], old=null
2019-10-16 11:36:06,206 [a3132885-145f-4a8c-85f4-c10eb874732d@group-2077DD483DC7-LeaderElection388] INFO  impl.RaftServerImpl (RaftServerImpl.java:setRole(184)) - a3132885-145f-4a8c-85f4-c10eb874732d@group-2077DD483DC7: changes role from CANDIDATE to FOLLOWER at term 211 for DISCOVERED_A_NEW_TERM
2019-10-16 11:36:06,207 [a3132885-145f-4a8c-85f4-c10eb874732d@group-2077DD483DC7-LeaderElection388] INFO  impl.RoleInfo (RoleInfo.java:shutdownLeaderElection(134)) - a3132885-145f-4a8c-85f4-c10eb874732d: shutdown LeaderElection
2019-10-16 11:36:06,207 [a3132885-145f-4a8c-85f4-c10eb874732d@group-2077DD483DC7-LeaderElection388] INFO  impl.RoleInfo (RoleInfo.java:updateAndGet(143)) - a3132885-145f-4a8c-85f4-c10eb874732d: start FollowerState
2019-10-16 11:36:06,225 [Thread-3035] INFO  impl.FollowerState (FollowerState.java:run(108)) - a3132885-145f-4a8c-85f4-c10eb874732d@group-2077DD483DC7-FollowerState: change to CANDIDATE, lastRpcTime:18ms, electionTimeout:18ms
2019-10-16 11:36:06,225 [Thread-3035] INFO  impl.RoleInfo (RoleInfo.java:shutdownFollowerState(121)) - a3132885-145f-4a8c-85f4-c10eb874732d: shutdown FollowerState
2019-10-16 11:36:06,225 [Thread-3035] INFO  impl.RaftServerImpl (RaftServerImpl.java:setRole(184)) - a3132885-145f-4a8c-85f4-c10eb874732d@group-2077DD483DC7: changes role from  FOLLOWER to CANDIDATE at term 211 for changeToCandidate
2019-10-16 11:36:06,225 [Thread-3035] INFO  impl.RoleInfo (RoleInfo.java:updateAndGet(143)) - a3132885-145f-4a8c-85f4-c10eb874732d: start LeaderElection
2019-10-16 11:36:06,239 [a3132885-145f-4a8c-85f4-c10eb874732d@group-2077DD483DC7-LeaderElection389] INFO  impl.LeaderElection (LeaderElection.java:askForVotes(178)) - a3132885-145f-4a8c-85f4-c10eb874732d@group-2077DD483DC7-LeaderElection389: begin an election at term 212 for -1: [163587bb-2c3b-4498-b576-18147cf38274:192.168.157.203:33208, a3132885-145f-4a8c-85f4-c10eb874732d:192.168.157.203:46766, 70b633f6-b230-4b9f-87f3-510da88f1e08:192.168.157.203:43163], old=null
2019-10-16 11:36:06,240 [grpc-default-executor-5] INFO  impl.RaftServerImpl (RaftServerImpl.java:setRole(184)) - 163587bb-2c3b-4498-b576-18147cf38274@group-2077DD483DC7: changes role from  FOLLOWER to FOLLOWER at term 212 for recognizeCandidate:a3132885-145f-4a8c-85f4-c10eb874732d
2019-10-16 11:36:06,241 [grpc-default-executor-5] INFO  impl.RoleInfo (RoleInfo.java:shutdownFollowerState(121)) - 163587bb-2c3b-4498-b576-18147cf38274: shutdown FollowerState
2019-10-16 11:36:06,241 [grpc-default-executor-6] INFO  impl.RaftServerImpl (RaftServerImpl.java:setRole(184)) - 70b633f6-b230-4b9f-87f3-510da88f1e08@group-2077DD483DC7: changes role from  FOLLOWER to FOLLOWER at term 212 for recognizeCandidate:a3132885-145f-4a8c-85f4-c10eb874732d
2019-10-16 11:36:06,241 [grpc-default-executor-6] INFO  impl.RoleInfo (RoleInfo.java:shutdownFollowerState(121)) - 70b633f6-b230-4b9f-87f3-510da88f1e08: shutdown FollowerState
2019-10-16 11:36:06,241 [Thread-3033] INFO  impl.FollowerState (FollowerState.java:run(117)) - 163587bb-2c3b-4498-b576-18147cf38274@group-2077DD483DC7-FollowerState was interrupted: java.lang.InterruptedException: sleep interrupted
2019-10-16 11:36:06,241 [grpc-default-executor-5] INFO  impl.RoleInfo (RoleInfo.java:updateAndGet(143)) - 163587bb-2c3b-4498-b576-18147cf38274: start FollowerState
2019-10-16 11:36:06,241 [Thread-3032] INFO  impl.FollowerState (FollowerState.java:run(117)) - 70b633f6-b230-4b9f-87f3-510da88f1e08@group-2077DD483DC7-FollowerState was interrupted: java.lang.InterruptedException: sleep interrupted
2019-10-16 11:36:06,241 [grpc-default-executor-6] INFO  impl.RoleInfo (RoleInfo.java:updateAndGet(143)) - 70b633f6-b230-4b9f-87f3-510da88f1e08: start FollowerState
2019-10-16 11:36:06,256 [a3132885-145f-4a8c-85f4-c10eb874732d@group-2077DD483DC7-LeaderElection389] INFO  impl.LeaderElection (LeaderElection.java:logAndReturn(56)) - a3132885-145f-4a8c-85f4-c10eb874732d@group-2077DD483DC7-LeaderElection389: Election REJECTED; received 2 response(s) [a3132885-145f-4a8c-85f4-c10eb874732d<-163587bb-2c3b-4498-b576-18147cf38274#0:FAIL-t212, a3132885-145f-4a8c-85f4-c10eb874732d<-70b633f6-b230-4b9f-87f3-510da88f1e08#0:FAIL-t212] and 0 exception(s); a3132885-145f-4a8c-85f4-c10eb874732d@group-2077DD483DC7:t212, leader=null, voted=a3132885-145f-4a8c-85f4-c10eb874732d, raftlog=a3132885-145f-4a8c-85f4-c10eb874732d@group-2077DD483DC7-SegmentedRaftLog:OPENED:c-1,f-1,i0, conf=-1: [163587bb-2c3b-4498-b576-18147cf38274:192.168.157.203:33208, a3132885-145f-4a8c-85f4-c10eb874732d:192.168.157.203:46766, 70b633f6-b230-4b9f-87f3-510da88f1e08:192.168.157.203:43163], old=null
2019-10-16 11:36:06,256 [a3132885-145f-4a8c-85f4-c10eb874732d@group-2077DD483DC7-LeaderElection389] INFO  impl.RaftServerImpl (RaftServerImpl.java:setRole(184)) - a3132885-145f-4a8c-85f4-c10eb874732d@group-2077DD483DC7: changes role from CANDIDATE to FOLLOWER at term 212 for DISCOVERED_A_NEW_TERM
2019-10-16 11:36:06,256 [a3132885-145f-4a8c-85f4-c10eb874732d@group-2077DD483DC7-LeaderElection389] INFO  impl.RoleInfo (RoleInfo.java:shutdownLeaderElection(134)) - a3132885-145f-4a8c-85f4-c10eb874732d: shutdown LeaderElection
2019-10-16 11:36:06,257 [a3132885-145f-4a8c-85f4-c10eb874732d@group-2077DD483DC7-LeaderElection389] INFO  impl.RoleInfo (RoleInfo.java:updateAndGet(143)) - a3132885-145f-4a8c-85f4-c10eb874732d: start FollowerState
2019-10-16 11:36:06,319 [Thread-3041] INFO  impl.FollowerState (FollowerState.java:run(108)) - a3132885-145f-4a8c-85f4-c10eb874732d@group-2077DD483DC7-FollowerState: change to CANDIDATE, lastRpcTime:62ms, electionTimeout:62ms
2019-10-16 11:36:06,319 [Thread-3041] INFO  impl.RoleInfo (RoleInfo.java:shutdownFollowerState(121)) - a3132885-145f-4a8c-85f4-c10eb874732d: shutdown FollowerState
2019-10-16 11:36:06,319 [Thread-3041] INFO  impl.RaftServerImpl (RaftServerImpl.java:setRole(184)) - a3132885-145f-4a8c-85f4-c10eb874732d@group-2077DD483DC7: changes role from  FOLLOWER to CANDIDATE at term 212 for changeToCandidate
2019-10-16 11:36:06,319 [Thread-3041] INFO  impl.RoleInfo (RoleInfo.java:updateAndGet(143)) - a3132885-145f-4a8c-85f4-c10eb874732d: start LeaderElection
2019-10-16 11:36:06,333 [a3132885-145f-4a8c-85f4-c10eb874732d@group-2077DD483DC7-LeaderElection390] INFO  impl.LeaderElection (LeaderElection.java:askForVotes(178)) - a3132885-145f-4a8c-85f4-c10eb874732d@group-2077DD483DC7-LeaderElection390: begin an election at term 213 for -1: [163587bb-2c3b-4498-b576-18147cf38274:192.168.157.203:33208, a3132885-145f-4a8c-85f4-c10eb874732d:192.168.157.203:46766, 70b633f6-b230-4b9f-87f3-510da88f1e08:192.168.157.203:43163], old=null
2019-10-16 11:36:06,335 [grpc-default-executor-6] INFO  impl.RaftServerImpl (RaftServerImpl.java:setRole(184)) - 163587bb-2c3b-4498-b576-18147cf38274@group-2077DD483DC7: changes role from  FOLLOWER to FOLLOWER at term 213 for recognizeCandidate:a3132885-145f-4a8c-85f4-c10eb874732d
2019-10-16 11:36:06,335 [grpc-default-executor-6] INFO  impl.RoleInfo (RoleInfo.java:shutdownFollowerState(121)) - 163587bb-2c3b-4498-b576-18147cf38274: shutdown FollowerState
2019-10-16 11:36:06,335 [grpc-default-executor-5] INFO  impl.RaftServerImpl (RaftServerImpl.java:setRole(184)) - 70b633f6-b230-4b9f-87f3-510da88f1e08@group-2077DD483DC7: changes role from  FOLLOWER to FOLLOWER at term 213 for recognizeCandidate:a3132885-145f-4a8c-85f4-c10eb874732d
2019-10-16 11:36:06,335 [Thread-3039] INFO  impl.FollowerState (FollowerState.java:run(117)) - 163587bb-2c3b-4498-b576-18147cf38274@group-2077DD483DC7-FollowerState was interrupted: java.lang.InterruptedException: sleep interrupted
2019-10-16 11:36:06,335 [grpc-default-executor-6] INFO  impl.RoleInfo (RoleInfo.java:updateAndGet(143)) - 163587bb-2c3b-4498-b576-18147cf38274: start FollowerState
2019-10-16 11:36:06,335 [grpc-default-executor-5] INFO  impl.RoleInfo (RoleInfo.java:shutdownFollowerState(121)) - 70b633f6-b230-4b9f-87f3-510da88f1e08: shutdown FollowerState
2019-10-16 11:36:06,336 [Thread-3040] INFO  impl.FollowerState (FollowerState.java:run(117)) - 70b633f6-b230-4b9f-87f3-510da88f1e08@group-2077DD483DC7-FollowerState was interrupted: java.lang.InterruptedException: sleep interrupted
2019-10-16 11:36:06,336 [grpc-default-executor-5] INFO  impl.RoleInfo (RoleInfo.java:updateAndGet(143)) - 70b633f6-b230-4b9f-87f3-510da88f1e08: start FollowerState
2019-10-16 11:36:06,352 [a3132885-145f-4a8c-85f4-c10eb874732d@group-2077DD483DC7-LeaderElection390] INFO  impl.LeaderElection (LeaderElection.java:logAndReturn(56)) - a3132885-145f-4a8c-85f4-c10eb874732d@group-2077DD483DC7-LeaderElection390: Election REJECTED; received 2 response(s) [a3132885-145f-4a8c-85f4-c10eb874732d<-163587bb-2c3b-4498-b576-18147cf38274#0:FAIL-t213, a3132885-145f-4a8c-85f4-c10eb874732d<-70b633f6-b230-4b9f-87f3-510da88f1e08#0:FAIL-t213] and 0 exception(s); a3132885-145f-4a8c-85f4-c10eb874732d@group-2077DD483DC7:t213, leader=null, voted=a3132885-145f-4a8c-85f4-c10eb874732d, raftlog=a3132885-145f-4a8c-85f4-c10eb874732d@group-2077DD483DC7-SegmentedRaftLog:OPENED:c-1,f-1,i0, conf=-1: [163587bb-2c3b-4498-b576-18147cf38274:192.168.157.203:33208, a3132885-145f-4a8c-85f4-c10eb874732d:192.168.157.203:46766, 70b633f6-b230-4b9f-87f3-510da88f1e08:192.168.157.203:43163], old=null
2019-10-16 11:36:06,352 [a3132885-145f-4a8c-85f4-c10eb874732d@group-2077DD483DC7-LeaderElection390] INFO  impl.RaftServerImpl (RaftServerImpl.java:setRole(184)) - a3132885-145f-4a8c-85f4-c10eb874732d@group-2077DD483DC7: changes role from CANDIDATE to FOLLOWER at term 213 for DISCOVERED_A_NEW_TERM
2019-10-16 11:36:06,352 [a3132885-145f-4a8c-85f4-c10eb874732d@group-2077DD483DC7-LeaderElection390] INFO  impl.RoleInfo (RoleInfo.java:shutdownLeaderElection(134)) - a3132885-145f-4a8c-85f4-c10eb874732d: shutdown LeaderElection
2019-10-16 11:36:06,352 [a3132885-145f-4a8c-85f4-c10eb874732d@group-2077DD483DC7-LeaderElection390] INFO  impl.RoleInfo (RoleInfo.java:updateAndGet(143)) - a3132885-145f-4a8c-85f4-c10eb874732d: start FollowerState
2019-10-16 11:36:06,438 [Thread-3047] INFO  impl.FollowerState (FollowerState.java:run(108)) - a3132885-145f-4a8c-85f4-c10eb874732d@group-2077DD483DC7-FollowerState: change to CANDIDATE, lastRpcTime:85ms, electionTimeout:85ms
2019-10-16 11:36:06,438 [Thread-3047] INFO  impl.RoleInfo (RoleInfo.java:shutdownFollowerState(121)) - a3132885-145f-4a8c-85f4-c10eb874732d: shutdown FollowerState
2019-10-16 11:36:06,438 [Thread-3047] INFO  impl.RaftServerImpl (RaftServerImpl.java:setRole(184)) - a3132885-145f-4a8c-85f4-c10eb874732d@group-2077DD483DC7: changes role from  FOLLOWER to CANDIDATE at term 213 for changeToCandidate
2019-10-16 11:36:06,438 [Thread-3047] INFO  impl.RoleInfo (RoleInfo.java:updateAndGet(143)) - a3132885-145f-4a8c-85f4-c10eb874732d: start LeaderElection
2019-10-16 11:36:06,451 [a3132885-145f-4a8c-85f4-c10eb874732d@group-2077DD483DC7-LeaderElection391] INFO  impl.LeaderElection (LeaderElection.java:askForVotes(178)) - a3132885-145f-4a8c-85f4-c10eb874732d@group-2077DD483DC7-LeaderElection391: begin an election at term 214 for -1: [163587bb-2c3b-4498-b576-18147cf38274:192.168.157.203:33208, a3132885-145f-4a8c-85f4-c10eb874732d:192.168.157.203:46766, 70b633f6-b230-4b9f-87f3-510da88f1e08:192.168.157.203:43163], old=null
2019-10-16 11:36:06,452 [grpc-default-executor-6] INFO  impl.RaftServerImpl (RaftServerImpl.java:setRole(184)) - 163587bb-2c3b-4498-b576-18147cf38274@group-2077DD483DC7: changes role from  FOLLOWER to FOLLOWER at term 214 for recognizeCandidate:a3132885-145f-4a8c-85f4-c10eb874732d
2019-10-16 11:36:06,453 [grpc-default-executor-6] INFO  impl.RoleInfo (RoleInfo.java:shutdownFollowerState(121)) - 163587bb-2c3b-4498-b576-18147cf38274: shutdown FollowerState
2019-10-16 11:36:06,453 [grpc-default-executor-6] INFO  impl.RoleInfo (RoleInfo.java:updateAndGet(143)) - 163587bb-2c3b-4498-b576-18147cf38274: start FollowerState
2019-10-16 11:36:06,453 [Thread-3045] INFO  impl.FollowerState (FollowerState.java:run(117)) - 163587bb-2c3b-4498-b576-18147cf38274@group-2077DD483DC7-FollowerState was interrupted: java.lang.InterruptedException: sleep interrupted
2019-10-16 11:36:06,453 [grpc-default-executor-5] INFO  impl.RaftServerImpl (RaftServerImpl.java:setRole(184)) - 70b633f6-b230-4b9f-87f3-510da88f1e08@group-2077DD483DC7: changes role from  FOLLOWER to FOLLOWER at term 214 for recognizeCandidate:a3132885-145f-4a8c-85f4-c10eb874732d
2019-10-16 11:36:06,453 [grpc-default-executor-5] INFO  impl.RoleInfo (RoleInfo.java:shutdownFollowerState(121)) - 70b633f6-b230-4b9f-87f3-510da88f1e08: shutdown FollowerState
2019-10-16 11:36:06,453 [grpc-default-executor-5] INFO  impl.RoleInfo (RoleInfo.java:updateAndGet(143)) - 70b633f6-b230-4b9f-87f3-510da88f1e08: start FollowerState
2019-10-16 11:36:06,453 [Thread-3046] INFO  impl.FollowerState (FollowerState.java:run(117)) - 70b633f6-b230-4b9f-87f3-510da88f1e08@group-2077DD483DC7-FollowerState was interrupted: java.lang.InterruptedException: sleep interrupted
2019-10-16 11:36:06,467 [a3132885-145f-4a8c-85f4-c10eb874732d@group-2077DD483DC7-LeaderElection391] INFO  impl.LeaderElection (LeaderElection.java:logAndReturn(56)) - a3132885-145f-4a8c-85f4-c10eb874732d@group-2077DD483DC7-LeaderElection391: Election REJECTED; received 2 response(s) [a3132885-145f-4a8c-85f4-c10eb874732d<-163587bb-2c3b-4498-b576-18147cf38274#0:FAIL-t214, a3132885-145f-4a8c-85f4-c10eb874732d<-70b633f6-b230-4b9f-87f3-510da88f1e08#0:FAIL-t214] and 0 exception(s); a3132885-145f-4a8c-85f4-c10eb874732d@group-2077DD483DC7:t214, leader=null, voted=a3132885-145f-4a8c-85f4-c10eb874732d, raftlog=a3132885-145f-4a8c-85f4-c10eb874732d@group-2077DD483DC7-SegmentedRaftLog:OPENED:c-1,f-1,i0, conf=-1: [163587bb-2c3b-4498-b576-18147cf38274:192.168.157.203:33208, a3132885-145f-4a8c-85f4-c10eb874732d:192.168.157.203:46766, 70b633f6-b230-4b9f-87f3-510da88f1e08:192.168.157.203:43163], old=null
2019-10-16 11:36:06,467 [a3132885-145f-4a8c-85f4-c10eb874732d@group-2077DD483DC7-LeaderElection391] INFO  impl.RaftServerImpl (RaftServerImpl.java:setRole(184)) - a3132885-145f-4a8c-85f4-c10eb874732d@group-2077DD483DC7: changes role from CANDIDATE to FOLLOWER at term 214 for DISCOVERED_A_NEW_TERM
2019-10-16 11:36:06,467 [a3132885-145f-4a8c-85f4-c10eb874732d@group-2077DD483DC7-LeaderElection391] INFO  impl.RoleInfo (RoleInfo.java:shutdownLeaderElection(134)) - a3132885-145f-4a8c-85f4-c10eb874732d: shutdown LeaderElection
2019-10-16 11:36:06,467 [a3132885-145f-4a8c-85f4-c10eb874732d@group-2077DD483DC7-LeaderElection391] INFO  impl.RoleInfo (RoleInfo.java:updateAndGet(143)) - a3132885-145f-4a8c-85f4-c10eb874732d: start FollowerState
2019-10-16 11:36:06,573 [Thread-3053] INFO  impl.FollowerState (FollowerState.java:run(108)) - a3132885-145f-4a8c-85f4-c10eb874732d@group-2077DD483DC7-FollowerState: change to CANDIDATE, lastRpcTime:106ms, electionTimeout:106ms
2019-10-16 11:36:06,573 [Thread-3053] INFO  impl.RoleInfo (RoleInfo.java:shutdownFollowerState(121)) - a3132885-145f-4a8c-85f4-c10eb874732d: shutdown FollowerState
2019-10-16 11:36:06,574 [Thread-3053] INFO  impl.RaftServerImpl (RaftServerImpl.java:setRole(184)) - a3132885-145f-4a8c-85f4-c10eb874732d@group-2077DD483DC7: changes role from  FOLLOWER to CANDIDATE at term 214 for changeToCandidate
2019-10-16 11:36:06,574 [Thread-3053] INFO  impl.RoleInfo (RoleInfo.java:updateAndGet(143)) - a3132885-145f-4a8c-85f4-c10eb874732d: start LeaderElection
2019-10-16 11:36:06,594 [a3132885-145f-4a8c-85f4-c10eb874732d@group-2077DD483DC7-LeaderElection392] INFO  impl.LeaderElection (LeaderElection.java:askForVotes(178)) - a3132885-145f-4a8c-85f4-c10eb874732d@group-2077DD483DC7-LeaderElection392: begin an election at term 215 for -1: [163587bb-2c3b-4498-b576-18147cf38274:192.168.157.203:33208, a3132885-145f-4a8c-85f4-c10eb874732d:192.168.157.203:46766, 70b633f6-b230-4b9f-87f3-510da88f1e08:192.168.157.203:43163], old=null
2019-10-16 11:36:06,596 [grpc-default-executor-5] INFO  impl.RaftServerImpl (RaftServerImpl.java:setRole(184)) - 70b633f6-b230-4b9f-87f3-510da88f1e08@group-2077DD483DC7: changes role from  FOLLOWER to FOLLOWER at term 215 for recognizeCandidate:a3132885-145f-4a8c-85f4-c10eb874732d
2019-10-16 11:36:06,596 [grpc-default-executor-6] INFO  impl.RaftServerImpl (RaftServerImpl.java:setRole(184)) - 163587bb-2c3b-4498-b576-18147cf38274@group-2077DD483DC7: changes role from  FOLLOWER to FOLLOWER at term 215 for recognizeCandidate:a3132885-145f-4a8c-85f4-c10eb874732d
2019-10-16 11:36:06,596 [grpc-default-executor-6] INFO  impl.RoleInfo (RoleInfo.java:shutdownFollowerState(121)) - 163587bb-2c3b-4498-b576-18147cf38274: shutdown FollowerState
2019-10-16 11:36:06,596 [grpc-default-executor-5] INFO  impl.RoleInfo (RoleInfo.java:shutdownFollowerState(121)) - 70b633f6-b230-4b9f-87f3-510da88f1e08: shutdown FollowerState
2019-10-16 11:36:06,597 [Thread-3051] INFO  impl.FollowerState (FollowerState.java:run(117)) - 163587bb-2c3b-4498-b576-18147cf38274@group-2077DD483DC7-FollowerState was interrupted: java.lang.InterruptedException: sleep interrupted
2019-10-16 11:36:06,596 [grpc-default-executor-6] INFO  impl.RoleInfo (RoleInfo.java:updateAndGet(143)) - 163587bb-2c3b-4498-b576-18147cf38274: start FollowerState
2019-10-16 11:36:06,597 [Thread-3052] INFO  impl.FollowerState (FollowerState.java:run(117)) - 70b633f6-b230-4b9f-87f3-510da88f1e08@group-2077DD483DC7-FollowerState was interrupted: java.lang.InterruptedException: sleep interrupted
2019-10-16 11:36:06,597 [grpc-default-executor-5] INFO  impl.RoleInfo (RoleInfo.java:updateAndGet(143)) - 70b633f6-b230-4b9f-87f3-510da88f1e08: start FollowerState
2019-10-16 11:36:06,609 [a3132885-145f-4a8c-85f4-c10eb874732d@group-2077DD483DC7-LeaderElection392] INFO  impl.LeaderElection (LeaderElection.java:logAndReturn(56)) - a3132885-145f-4a8c-85f4-c10eb874732d@group-2077DD483DC7-LeaderElection392: Election REJECTED; received 2 response(s) [a3132885-145f-4a8c-85f4-c10eb874732d<-163587bb-2c3b-4498-b576-18147cf38274#0:FAIL-t215, a3132885-145f-4a8c-85f4-c10eb874732d<-70b633f6-b230-4b9f-87f3-510da88f1e08#0:FAIL-t215] and 0 exception(s); a3132885-145f-4a8c-85f4-c10eb874732d@group-2077DD483DC7:t215, leader=null, voted=a3132885-145f-4a8c-85f4-c10eb874732d, raftlog=a3132885-145f-4a8c-85f4-c10eb874732d@group-2077DD483DC7-SegmentedRaftLog:OPENED:c-1,f-1,i0, conf=-1: [163587bb-2c3b-4498-b576-18147cf38274:192.168.157.203:33208, a3132885-145f-4a8c-85f4-c10eb874732d:192.168.157.203:46766, 70b633f6-b230-4b9f-87f3-510da88f1e08:192.168.157.203:43163], old=null
2019-10-16 11:36:06,609 [a3132885-145f-4a8c-85f4-c10eb874732d@group-2077DD483DC7-LeaderElection392] INFO  impl.RaftServerImpl (RaftServerImpl.java:setRole(184)) - a3132885-145f-4a8c-85f4-c10eb874732d@group-2077DD483DC7: changes role from CANDIDATE to FOLLOWER at term 215 for DISCOVERED_A_NEW_TERM
2019-10-16 11:36:06,609 [a3132885-145f-4a8c-85f4-c10eb874732d@group-2077DD483DC7-LeaderElection392] INFO  impl.RoleInfo (RoleInfo.java:shutdownLeaderElection(134)) - a3132885-145f-4a8c-85f4-c10eb874732d: shutdown LeaderElection
2019-10-16 11:36:06,609 [a3132885-145f-4a8c-85f4-c10eb874732d@group-2077DD483DC7-LeaderElection392] INFO  impl.RoleInfo (RoleInfo.java:updateAndGet(143)) - a3132885-145f-4a8c-85f4-c10eb874732d: start FollowerState
2019-10-16 11:36:06,618 [Thread-3061] INFO  impl.FollowerState (FollowerState.java:run(108)) - a3132885-145f-4a8c-85f4-c10eb874732d@group-2077DD483DC7-FollowerState: change to CANDIDATE, lastRpcTime:8ms, electionTimeout:8ms
2019-10-16 11:36:06,618 [Thread-3061] INFO  impl.RoleInfo (RoleInfo.java:shutdownFollowerState(121)) - a3132885-145f-4a8c-85f4-c10eb874732d: shutdown FollowerState
2019-10-16 11:36:06,618 [Thread-3061] INFO  impl.RaftServerImpl (RaftServerImpl.java:setRole(184)) - a3132885-145f-4a8c-85f4-c10eb874732d@group-2077DD483DC7: changes role from  FOLLOWER to CANDIDATE at term 215 for changeToCandidate
2019-10-16 11:36:06,618 [Thread-3061] INFO  impl.RoleInfo (RoleInfo.java:updateAndGet(143)) - a3132885-145f-4a8c-85f4-c10eb874732d: start LeaderElection
2019-10-16 11:36:06,631 [a3132885-145f-4a8c-85f4-c10eb874732d@group-2077DD483DC7-LeaderElection393] INFO  impl.LeaderElection (LeaderElection.java:askForVotes(178)) - a3132885-145f-4a8c-85f4-c10eb874732d@group-2077DD483DC7-LeaderElection393: begin an election at term 216 for -1: [163587bb-2c3b-4498-b576-18147cf38274:192.168.157.203:33208, a3132885-145f-4a8c-85f4-c10eb874732d:192.168.157.203:46766, 70b633f6-b230-4b9f-87f3-510da88f1e08:192.168.157.203:43163], old=null
2019-10-16 11:36:06,633 [grpc-default-executor-6] INFO  impl.RaftServerImpl (RaftServerImpl.java:setRole(184)) - 163587bb-2c3b-4498-b576-18147cf38274@group-2077DD483DC7: changes role from  FOLLOWER to FOLLOWER at term 216 for recognizeCandidate:a3132885-145f-4a8c-85f4-c10eb874732d
2019-10-16 11:36:06,633 [grpc-default-executor-6] INFO  impl.RoleInfo (RoleInfo.java:shutdownFollowerState(121)) - 163587bb-2c3b-4498-b576-18147cf38274: shutdown FollowerState
2019-10-16 11:36:06,633 [grpc-default-executor-5] INFO  impl.RaftServerImpl (RaftServerImpl.java:setRole(184)) - 70b633f6-b230-4b9f-87f3-510da88f1e08@group-2077DD483DC7: changes role from  FOLLOWER to FOLLOWER at term 216 for recognizeCandidate:a3132885-145f-4a8c-85f4-c10eb874732d
2019-10-16 11:36:06,633 [Thread-3059] INFO  impl.FollowerState (FollowerState.java:run(117)) - 163587bb-2c3b-4498-b576-18147cf38274@group-2077DD483DC7-FollowerState was interrupted: java.lang.InterruptedException: sleep interrupted
2019-10-16 11:36:06,633 [grpc-default-executor-6] INFO  impl.RoleInfo (RoleInfo.java:updateAndGet(143)) - 163587bb-2c3b-4498-b576-18147cf38274: start FollowerState
2019-10-16 11:36:06,633 [grpc-default-executor-5] INFO  impl.RoleInfo (RoleInfo.java:shutdownFollowerState(121)) - 70b633f6-b230-4b9f-87f3-510da88f1e08: shutdown FollowerState
2019-10-16 11:36:06,633 [grpc-default-executor-5] INFO  impl.RoleInfo (RoleInfo.java:updateAndGet(143)) - 70b633f6-b230-4b9f-87f3-510da88f1e08: start FollowerState
2019-10-16 11:36:06,633 [Thread-3060] INFO  impl.FollowerState (FollowerState.java:run(117)) - 70b633f6-b230-4b9f-87f3-510da88f1e08@group-2077DD483DC7-FollowerState was interrupted: java.lang.InterruptedException: sleep interrupted
2019-10-16 11:36:06,647 [a3132885-145f-4a8c-85f4-c10eb874732d@group-2077DD483DC7-LeaderElection393] INFO  impl.LeaderElection (LeaderElection.java:logAndReturn(56)) - a3132885-145f-4a8c-85f4-c10eb874732d@group-2077DD483DC7-LeaderElection393: Election REJECTED; received 2 response(s) [a3132885-145f-4a8c-85f4-c10eb874732d<-163587bb-2c3b-4498-b576-18147cf38274#0:FAIL-t216, a3132885-145f-4a8c-85f4-c10eb874732d<-70b633f6-b230-4b9f-87f3-510da88f1e08#0:FAIL-t216] and 0 exception(s); a3132885-145f-4a8c-85f4-c10eb874732d@group-2077DD483DC7:t216, leader=null, voted=a3132885-145f-4a8c-85f4-c10eb874732d, raftlog=a3132885-145f-4a8c-85f4-c10eb874732d@group-2077DD483DC7-SegmentedRaftLog:OPENED:c-1,f-1,i0, conf=-1: [163587bb-2c3b-4498-b576-18147cf38274:192.168.157.203:33208, a3132885-145f-4a8c-85f4-c10eb874732d:192.168.157.203:46766, 70b633f6-b230-4b9f-87f3-510da88f1e08:192.168.157.203:43163], old=null
2019-10-16 11:36:06,647 [a3132885-145f-4a8c-85f4-c10eb874732d@group-2077DD483DC7-LeaderElection393] INFO  impl.RaftServerImpl (RaftServerImpl.java:setRole(184)) - a3132885-145f-4a8c-85f4-c10eb874732d@group-2077DD483DC7: changes role from CANDIDATE to FOLLOWER at term 216 for DISCOVERED_A_NEW_TERM
2019-10-16 11:36:06,647 [a3132885-145f-4a8c-85f4-c10eb874732d@group-2077DD483DC7-LeaderElection393] INFO  impl.RoleInfo (RoleInfo.java:shutdownLeaderElection(134)) - a3132885-145f-4a8c-85f4-c10eb874732d: shutdown LeaderElection
2019-10-16 11:36:06,648 [a3132885-145f-4a8c-85f4-c10eb874732d@group-2077DD483DC7-LeaderElection393] INFO  impl.RoleInfo (RoleInfo.java:updateAndGet(143)) - a3132885-145f-4a8c-85f4-c10eb874732d: start FollowerState
2019-10-16 11:36:06,686 [Thread-3067] INFO  impl.FollowerState (FollowerState.java:run(108)) - a3132885-145f-4a8c-85f4-c10eb874732d@group-2077DD483DC7-FollowerState: change to CANDIDATE, lastRpcTime:38ms, electionTimeout:38ms
2019-10-16 11:36:06,686 [Thread-3067] INFO  impl.RoleInfo (RoleInfo.java:shutdownFollowerState(121)) - a3132885-145f-4a8c-85f4-c10eb874732d: shutdown FollowerState
2019-10-16 11:36:06,686 [Thread-3067] INFO  impl.RaftServerImpl (RaftServerImpl.java:setRole(184)) - a3132885-145f-4a8c-85f4-c10eb874732d@group-2077DD483DC7: changes role from  FOLLOWER to CANDIDATE at term 216 for changeToCandidate
2019-10-16 11:36:06,686 [Thread-3067] INFO  impl.RoleInfo (RoleInfo.java:updateAndGet(143)) - a3132885-145f-4a8c-85f4-c10eb874732d: start LeaderElection
2019-10-16 11:36:06,700 [a3132885-145f-4a8c-85f4-c10eb874732d@group-2077DD483DC7-LeaderElection394] INFO  impl.LeaderElection (LeaderElection.java:askForVotes(178)) - a3132885-145f-4a8c-85f4-c10eb874732d@group-2077DD483DC7-LeaderElection394: begin an election at term 217 for -1: [163587bb-2c3b-4498-b576-18147cf38274:192.168.157.203:33208, a3132885-145f-4a8c-85f4-c10eb874732d:192.168.157.203:46766, 70b633f6-b230-4b9f-87f3-510da88f1e08:192.168.157.203:43163], old=null
2019-10-16 11:36:06,701 [grpc-default-executor-6] INFO  impl.RaftServerImpl (RaftServerImpl.java:setRole(184)) - 163587bb-2c3b-4498-b576-18147cf38274@group-2077DD483DC7: changes role from  FOLLOWER to FOLLOWER at term 217 for recognizeCandidate:a3132885-145f-4a8c-85f4-c10eb874732d
2019-10-16 11:36:06,701 [grpc-default-executor-5] INFO  impl.RaftServerImpl (RaftServerImpl.java:setRole(184)) - 70b633f6-b230-4b9f-87f3-510da88f1e08@group-2077DD483DC7: changes role from  FOLLOWER to FOLLOWER at term 217 for recognizeCandidate:a3132885-145f-4a8c-85f4-c10eb874732d
2019-10-16 11:36:06,701 [grpc-default-executor-6] INFO  impl.RoleInfo (RoleInfo.java:shutdownFollowerState(121)) - 163587bb-2c3b-4498-b576-18147cf38274: shutdown FollowerState
2019-10-16 11:36:06,701 [grpc-default-executor-5] INFO  impl.RoleInfo (RoleInfo.java:shutdownFollowerState(121)) - 70b633f6-b230-4b9f-87f3-510da88f1e08: shutdown FollowerState
2019-10-16 11:36:06,702 [grpc-default-executor-6] INFO  impl.RoleInfo (RoleInfo.java:updateAndGet(143)) - 163587bb-2c3b-4498-b576-18147cf38274: start FollowerState
2019-10-16 11:36:06,702 [Thread-3066] INFO  impl.FollowerState (FollowerState.java:run(117)) - 70b633f6-b230-4b9f-87f3-510da88f1e08@group-2077DD483DC7-FollowerState was interrupted: java.lang.InterruptedException: sleep interrupted
2019-10-16 11:36:06,702 [grpc-default-executor-5] INFO  impl.RoleInfo (RoleInfo.java:updateAndGet(143)) - 70b633f6-b230-4b9f-87f3-510da88f1e08: start FollowerState
2019-10-16 11:36:06,702 [Thread-3065] INFO  impl.FollowerState (FollowerState.java:run(117)) - 163587bb-2c3b-4498-b576-18147cf38274@group-2077DD483DC7-FollowerState was interrupted: java.lang.InterruptedException: sleep interrupted
2019-10-16 11:36:06,715 [a3132885-145f-4a8c-85f4-c10eb874732d@group-2077DD483DC7-LeaderElection394] INFO  impl.LeaderElection (LeaderElection.java:logAndReturn(56)) - a3132885-145f-4a8c-85f4-c10eb874732d@group-2077DD483DC7-LeaderElection394: Election REJECTED; received 2 response(s) [a3132885-145f-4a8c-85f4-c10eb874732d<-163587bb-2c3b-4498-b576-18147cf38274#0:FAIL-t217, a3132885-145f-4a8c-85f4-c10eb874732d<-70b633f6-b230-4b9f-87f3-510da88f1e08#0:FAIL-t217] and 0 exception(s); a3132885-145f-4a8c-85f4-c10eb874732d@group-2077DD483DC7:t217, leader=null, voted=a3132885-145f-4a8c-85f4-c10eb874732d, raftlog=a3132885-145f-4a8c-85f4-c10eb874732d@group-2077DD483DC7-SegmentedRaftLog:OPENED:c-1,f-1,i0, conf=-1: [163587bb-2c3b-4498-b576-18147cf38274:192.168.157.203:33208, a3132885-145f-4a8c-85f4-c10eb874732d:192.168.157.203:46766, 70b633f6-b230-4b9f-87f3-510da88f1e08:192.168.157.203:43163], old=null
2019-10-16 11:36:06,715 [a3132885-145f-4a8c-85f4-c10eb874732d@group-2077DD483DC7-LeaderElection394] INFO  impl.RaftServerImpl (RaftServerImpl.java:setRole(184)) - a3132885-145f-4a8c-85f4-c10eb874732d@group-2077DD483DC7: changes role from CANDIDATE to FOLLOWER at term 217 for DISCOVERED_A_NEW_TERM
2019-10-16 11:36:06,715 [a3132885-145f-4a8c-85f4-c10eb874732d@group-2077DD483DC7-LeaderElection394] INFO  impl.RoleInfo (RoleInfo.java:shutdownLeaderElection(134)) - a3132885-145f-4a8c-85f4-c10eb874732d: shutdown LeaderElection
2019-10-16 11:36:06,715 [a3132885-145f-4a8c-85f4-c10eb874732d@group-2077DD483DC7-LeaderElection394] INFO  impl.RoleInfo (RoleInfo.java:updateAndGet(143)) - a3132885-145f-4a8c-85f4-c10eb874732d: start FollowerState
2019-10-16 11:36:06,728 [Thread-3073] INFO  impl.FollowerState (FollowerState.java:run(108)) - a3132885-145f-4a8c-85f4-c10eb874732d@group-2077DD483DC7-FollowerState: change to CANDIDATE, lastRpcTime:12ms, electionTimeout:12ms
2019-10-16 11:36:06,728 [Thread-3073] INFO  impl.RoleInfo (RoleInfo.java:shutdownFollowerState(121)) - a3132885-145f-4a8c-85f4-c10eb874732d: shutdown FollowerState
2019-10-16 11:36:06,728 [Thread-3073] INFO  impl.RaftServerImpl (RaftServerImpl.java:setRole(184)) - a3132885-145f-4a8c-85f4-c10eb874732d@group-2077DD483DC7: changes role from  FOLLOWER to CANDIDATE at term 217 for changeToCandidate
2019-10-16 11:36:06,728 [Thread-3073] INFO  impl.RoleInfo (RoleInfo.java:updateAndGet(143)) - a3132885-145f-4a8c-85f4-c10eb874732d: start LeaderElection
2019-10-16 11:36:06,741 [a3132885-145f-4a8c-85f4-c10eb874732d@group-2077DD483DC7-LeaderElection395] INFO  impl.LeaderElection (LeaderElection.java:askForVotes(178)) - a3132885-145f-4a8c-85f4-c10eb874732d@group-2077DD483DC7-LeaderElection395: begin an election at term 218 for -1: [163587bb-2c3b-4498-b576-18147cf38274:192.168.157.203:33208, a3132885-145f-4a8c-85f4-c10eb874732d:192.168.157.203:46766, 70b633f6-b230-4b9f-87f3-510da88f1e08:192.168.157.203:43163], old=null
2019-10-16 11:36:06,743 [grpc-default-executor-5] INFO  impl.RaftServerImpl (RaftServerImpl.java:setRole(184)) - 163587bb-2c3b-4498-b576-18147cf38274@group-2077DD483DC7: changes role from  FOLLOWER to FOLLOWER at term 218 for recognizeCandidate:a3132885-145f-4a8c-85f4-c10eb874732d
2019-10-16 11:36:06,743 [grpc-default-executor-5] INFO  impl.RoleInfo (RoleInfo.java:shutdownFollowerState(121)) - 163587bb-2c3b-4498-b576-18147cf38274: shutdown FollowerState
2019-10-16 11:36:06,743 [grpc-default-executor-5] INFO  impl.RoleInfo (RoleInfo.java:updateAndGet(143)) - 163587bb-2c3b-4498-b576-18147cf38274: start FollowerState
2019-10-16 11:36:06,743 [Thread-3071] INFO  impl.FollowerState (FollowerState.java:run(117)) - 163587bb-2c3b-4498-b576-18147cf38274@group-2077DD483DC7-FollowerState was interrupted: java.lang.InterruptedException: sleep interrupted
2019-10-16 11:36:06,743 [grpc-default-executor-6] INFO  impl.RaftServerImpl (RaftServerImpl.java:setRole(184)) - 70b633f6-b230-4b9f-87f3-510da88f1e08@group-2077DD483DC7: changes role from  FOLLOWER to FOLLOWER at term 218 for recognizeCandidate:a3132885-145f-4a8c-85f4-c10eb874732d
2019-10-16 11:36:06,743 [grpc-default-executor-6] INFO  impl.RoleInfo (RoleInfo.java:shutdownFollowerState(121)) - 70b633f6-b230-4b9f-87f3-510da88f1e08: shutdown FollowerState
2019-10-16 11:36:06,743 [grpc-default-executor-6] INFO  impl.RoleInfo (RoleInfo.java:updateAndGet(143)) - 70b633f6-b230-4b9f-87f3-510da88f1e08: start FollowerState
2019-10-16 11:36:06,743 [Thread-3072] INFO  impl.FollowerState (FollowerState.java:run(117)) - 70b633f6-b230-4b9f-87f3-510da88f1e08@group-2077DD483DC7-FollowerState was interrupted: java.lang.InterruptedException: sleep interrupted
2019-10-16 11:36:06,757 [a3132885-145f-4a8c-85f4-c10eb874732d@group-2077DD483DC7-LeaderElection395] INFO  impl.LeaderElection (LeaderElection.java:logAndReturn(56)) - a3132885-145f-4a8c-85f4-c10eb874732d@group-2077DD483DC7-LeaderElection395: Election REJECTED; received 2 response(s) [a3132885-145f-4a8c-85f4-c10eb874732d<-163587bb-2c3b-4498-b576-18147cf38274#0:FAIL-t218, a3132885-145f-4a8c-85f4-c10eb874732d<-70b633f6-b230-4b9f-87f3-510da88f1e08#0:FAIL-t218] and 0 exception(s); a3132885-145f-4a8c-85f4-c10eb874732d@group-2077DD483DC7:t218, leader=null, voted=a3132885-145f-4a8c-85f4-c10eb874732d, raftlog=a3132885-145f-4a8c-85f4-c10eb874732d@group-2077DD483DC7-SegmentedRaftLog:OPENED:c-1,f-1,i0, conf=-1: [163587bb-2c3b-4498-b576-18147cf38274:192.168.157.203:33208, a3132885-145f-4a8c-85f4-c10eb874732d:192.168.157.203:46766, 70b633f6-b230-4b9f-87f3-510da88f1e08:192.168.157.203:43163], old=null
2019-10-16 11:36:06,757 [a3132885-145f-4a8c-85f4-c10eb874732d@group-2077DD483DC7-LeaderElection395] INFO  impl.RaftServerImpl (RaftServerImpl.java:setRole(184)) - a3132885-145f-4a8c-85f4-c10eb874732d@group-2077DD483DC7: changes role from CANDIDATE to FOLLOWER at term 218 for DISCOVERED_A_NEW_TERM
2019-10-16 11:36:06,757 [a3132885-145f-4a8c-85f4-c10eb874732d@group-2077DD483DC7-LeaderElection395] INFO  impl.RoleInfo (RoleInfo.java:shutdownLeaderElection(134)) - a3132885-145f-4a8c-85f4-c10eb874732d: shutdown LeaderElection
2019-10-16 11:36:06,757 [a3132885-145f-4a8c-85f4-c10eb874732d@group-2077DD483DC7-LeaderElection395] INFO  impl.RoleInfo (RoleInfo.java:updateAndGet(143)) - a3132885-145f-4a8c-85f4-c10eb874732d: start FollowerState
2019-10-16 11:36:06,917 [Thread-3079] INFO  impl.FollowerState (FollowerState.java:run(108)) - a3132885-145f-4a8c-85f4-c10eb874732d@group-2077DD483DC7-FollowerState: change to CANDIDATE, lastRpcTime:159ms, electionTimeout:159ms
2019-10-16 11:36:06,917 [Thread-3079] INFO  impl.RoleInfo (RoleInfo.java:shutdownFollowerState(121)) - a3132885-145f-4a8c-85f4-c10eb874732d: shutdown FollowerState
2019-10-16 11:36:06,917 [Thread-3079] INFO  impl.RaftServerImpl (RaftServerImpl.java:setRole(184)) - a3132885-145f-4a8c-85f4-c10eb874732d@group-2077DD483DC7: changes role from  FOLLOWER to CANDIDATE at term 218 for changeToCandidate
2019-10-16 11:36:06,917 [Thread-3079] INFO  impl.RoleInfo (RoleInfo.java:updateAndGet(143)) - a3132885-145f-4a8c-85f4-c10eb874732d: start LeaderElection
2019-10-16 11:36:06,931 [a3132885-145f-4a8c-85f4-c10eb874732d@group-2077DD483DC7-LeaderElection396] INFO  impl.LeaderElection (LeaderElection.java:askForVotes(178)) - a3132885-145f-4a8c-85f4-c10eb874732d@group-2077DD483DC7-LeaderElection396: begin an election at term 219 for -1: [163587bb-2c3b-4498-b576-18147cf38274:192.168.157.203:33208, a3132885-145f-4a8c-85f4-c10eb874732d:192.168.157.203:46766, 70b633f6-b230-4b9f-87f3-510da88f1e08:192.168.157.203:43163], old=null
2019-10-16 11:36:06,933 [grpc-default-executor-5] INFO  impl.RaftServerImpl (RaftServerImpl.java:setRole(184)) - 163587bb-2c3b-4498-b576-18147cf38274@group-2077DD483DC7: changes role from  FOLLOWER to FOLLOWER at term 219 for recognizeCandidate:a3132885-145f-4a8c-85f4-c10eb874732d
2019-10-16 11:36:06,933 [grpc-default-executor-5] INFO  impl.RoleInfo (RoleInfo.java:shutdownFollowerState(121)) - 163587bb-2c3b-4498-b576-18147cf38274: shutdown FollowerState
2019-10-16 11:36:06,933 [grpc-default-executor-5] INFO  impl.RoleInfo (RoleInfo.java:updateAndGet(143)) - 163587bb-2c3b-4498-b576-18147cf38274: start FollowerState
2019-10-16 11:36:06,934 [Thread-3077] INFO  impl.FollowerState (FollowerState.java:run(117)) - 163587bb-2c3b-4498-b576-18147cf38274@group-2077DD483DC7-FollowerState was interrupted: java.lang.InterruptedException: sleep interrupted
2019-10-16 11:36:06,934 [grpc-default-executor-6] INFO  impl.RaftServerImpl (RaftServerImpl.java:setRole(184)) - 70b633f6-b230-4b9f-87f3-510da88f1e08@group-2077DD483DC7: changes role from  FOLLOWER to FOLLOWER at term 219 for recognizeCandidate:a3132885-145f-4a8c-85f4-c10eb874732d
2019-10-16 11:36:06,934 [grpc-default-executor-6] INFO  impl.RoleInfo (RoleInfo.java:shutdownFollowerState(121)) - 70b633f6-b230-4b9f-87f3-510da88f1e08: shutdown FollowerState
2019-10-16 11:36:06,934 [grpc-default-executor-6] INFO  impl.RoleInfo (RoleInfo.java:updateAndGet(143)) - 70b633f6-b230-4b9f-87f3-510da88f1e08: start FollowerState
2019-10-16 11:36:06,934 [Thread-3078] INFO  impl.FollowerState (FollowerState.java:run(117)) - 70b633f6-b230-4b9f-87f3-510da88f1e08@group-2077DD483DC7-FollowerState was interrupted: java.lang.InterruptedException: sleep interrupted
2019-10-16 11:36:06,948 [a3132885-145f-4a8c-85f4-c10eb874732d@group-2077DD483DC7-LeaderElection396] INFO  impl.LeaderElection (LeaderElection.java:logAndReturn(56)) - a3132885-145f-4a8c-85f4-c10eb874732d@group-2077DD483DC7-LeaderElection396: Election REJECTED; received 2 response(s) [a3132885-145f-4a8c-85f4-c10eb874732d<-163587bb-2c3b-4498-b576-18147cf38274#0:FAIL-t219, a3132885-145f-4a8c-85f4-c10eb874732d<-70b633f6-b230-4b9f-87f3-510da88f1e08#0:FAIL-t219] and 0 exception(s); a3132885-145f-4a8c-85f4-c10eb874732d@group-2077DD483DC7:t219, leader=null, voted=a3132885-145f-4a8c-85f4-c10eb874732d, raftlog=a3132885-145f-4a8c-85f4-c10eb874732d@group-2077DD483DC7-SegmentedRaftLog:OPENED:c-1,f-1,i0, conf=-1: [163587bb-2c3b-4498-b576-18147cf38274:192.168.157.203:33208, a3132885-145f-4a8c-85f4-c10eb874732d:192.168.157.203:46766, 70b633f6-b230-4b9f-87f3-510da88f1e08:192.168.157.203:43163], old=null
2019-10-16 11:36:06,949 [a3132885-145f-4a8c-85f4-c10eb874732d@group-2077DD483DC7-LeaderElection396] INFO  impl.RaftServerImpl (RaftServerImpl.java:setRole(184)) - a3132885-145f-4a8c-85f4-c10eb874732d@group-2077DD483DC7: changes role from CANDIDATE to FOLLOWER at term 219 for DISCOVERED_A_NEW_TERM
2019-10-16 11:36:06,949 [a3132885-145f-4a8c-85f4-c10eb874732d@group-2077DD483DC7-LeaderElection396] INFO  impl.RoleInfo (RoleInfo.java:shutdownLeaderElection(134)) - a3132885-145f-4a8c-85f4-c10eb874732d: shutdown LeaderElection
2019-10-16 11:36:06,949 [a3132885-145f-4a8c-85f4-c10eb874732d@group-2077DD483DC7-LeaderElection396] INFO  impl.RoleInfo (RoleInfo.java:updateAndGet(143)) - a3132885-145f-4a8c-85f4-c10eb874732d: start FollowerState
2019-10-16 11:36:07,040 [Thread-3085] INFO  impl.FollowerState (FollowerState.java:run(108)) - a3132885-145f-4a8c-85f4-c10eb874732d@group-2077DD483DC7-FollowerState: change to CANDIDATE, lastRpcTime:91ms, electionTimeout:91ms
2019-10-16 11:36:07,041 [Thread-3085] INFO  impl.RoleInfo (RoleInfo.java:shutdownFollowerState(121)) - a3132885-145f-4a8c-85f4-c10eb874732d: shutdown FollowerState
2019-10-16 11:36:07,041 [Thread-3085] INFO  impl.RaftServerImpl (RaftServerImpl.java:setRole(184)) - a3132885-145f-4a8c-85f4-c10eb874732d@group-2077DD483DC7: changes role from  FOLLOWER to CANDIDATE at term 219 for changeToCandidate
2019-10-16 11:36:07,041 [Thread-3085] INFO  impl.RoleInfo (RoleInfo.java:updateAndGet(143)) - a3132885-145f-4a8c-85f4-c10eb874732d: start LeaderElection
2019-10-16 11:36:07,055 [a3132885-145f-4a8c-85f4-c10eb874732d@group-2077DD483DC7-LeaderElection397] INFO  impl.LeaderElection (LeaderElection.java:askForVotes(178)) - a3132885-145f-4a8c-85f4-c10eb874732d@group-2077DD483DC7-LeaderElection397: begin an election at term 220 for -1: [163587bb-2c3b-4498-b576-18147cf38274:192.168.157.203:33208, a3132885-145f-4a8c-85f4-c10eb874732d:192.168.157.203:46766, 70b633f6-b230-4b9f-87f3-510da88f1e08:192.168.157.203:43163], old=null
2019-10-16 11:36:07,057 [grpc-default-executor-5] INFO  impl.RaftServerImpl (RaftServerImpl.java:setRole(184)) - 70b633f6-b230-4b9f-87f3-510da88f1e08@group-2077DD483DC7: changes role from  FOLLOWER to FOLLOWER at term 220 for recognizeCandidate:a3132885-145f-4a8c-85f4-c10eb874732d
2019-10-16 11:36:07,057 [grpc-default-executor-5] INFO  impl.RoleInfo (RoleInfo.java:shutdownFollowerState(121)) - 70b633f6-b230-4b9f-87f3-510da88f1e08: shutdown FollowerState
2019-10-16 11:36:07,057 [grpc-default-executor-6] INFO  impl.RaftServerImpl (RaftServerImpl.java:setRole(184)) - 163587bb-2c3b-4498-b576-18147cf38274@group-2077DD483DC7: changes role from  FOLLOWER to FOLLOWER at term 220 for recognizeCandidate:a3132885-145f-4a8c-85f4-c10eb874732d
2019-10-16 11:36:07,058 [grpc-default-executor-6] INFO  impl.RoleInfo (RoleInfo.java:shutdownFollowerState(121)) - 163587bb-2c3b-4498-b576-18147cf38274: shutdown FollowerState
2019-10-16 11:36:07,058 [Thread-3084] INFO  impl.FollowerState (FollowerState.java:run(117)) - 70b633f6-b230-4b9f-87f3-510da88f1e08@group-2077DD483DC7-FollowerState was interrupted: java.lang.InterruptedException: sleep interrupted
2019-10-16 11:36:07,058 [grpc-default-executor-5] INFO  impl.RoleInfo (RoleInfo.java:updateAndGet(143)) - 70b633f6-b230-4b9f-87f3-510da88f1e08: start FollowerState
2019-10-16 11:36:07,058 [Thread-3083] INFO  impl.FollowerState (FollowerState.java:run(117)) - 163587bb-2c3b-4498-b576-18147cf38274@group-2077DD483DC7-FollowerState was interrupted: java.lang.InterruptedException: sleep interrupted
2019-10-16 11:36:07,058 [grpc-default-executor-6] INFO  impl.RoleInfo (RoleInfo.java:updateAndGet(143)) - 163587bb-2c3b-4498-b576-18147cf38274: start FollowerState
2019-10-16 11:36:07,072 [a3132885-145f-4a8c-85f4-c10eb874732d@group-2077DD483DC7-LeaderElection397] INFO  impl.LeaderElection (LeaderElection.java:logAndReturn(56)) - a3132885-145f-4a8c-85f4-c10eb874732d@group-2077DD483DC7-LeaderElection397: Election REJECTED; received 2 response(s) [a3132885-145f-4a8c-85f4-c10eb874732d<-163587bb-2c3b-4498-b576-18147cf38274#0:FAIL-t220, a3132885-145f-4a8c-85f4-c10eb874732d<-70b633f6-b230-4b9f-87f3-510da88f1e08#0:FAIL-t220] and 0 exception(s); a3132885-145f-4a8c-85f4-c10eb874732d@group-2077DD483DC7:t220, leader=null, voted=a3132885-145f-4a8c-85f4-c10eb874732d, raftlog=a3132885-145f-4a8c-85f4-c10eb874732d@group-2077DD483DC7-SegmentedRaftLog:OPENED:c-1,f-1,i0, conf=-1: [163587bb-2c3b-4498-b576-18147cf38274:192.168.157.203:33208, a3132885-145f-4a8c-85f4-c10eb874732d:192.168.157.203:46766, 70b633f6-b230-4b9f-87f3-510da88f1e08:192.168.157.203:43163], old=null
2019-10-16 11:36:07,073 [a3132885-145f-4a8c-85f4-c10eb874732d@group-2077DD483DC7-LeaderElection397] INFO  impl.RaftServerImpl (RaftServerImpl.java:setRole(184)) - a3132885-145f-4a8c-85f4-c10eb874732d@group-2077DD483DC7: changes role from CANDIDATE to FOLLOWER at term 220 for DISCOVERED_A_NEW_TERM
2019-10-16 11:36:07,073 [a3132885-145f-4a8c-85f4-c10eb874732d@group-2077DD483DC7-LeaderElection397] INFO  impl.RoleInfo (RoleInfo.java:shutdownLeaderElection(134)) - a3132885-145f-4a8c-85f4-c10eb874732d: shutdown LeaderElection
2019-10-16 11:36:07,073 [a3132885-145f-4a8c-85f4-c10eb874732d@group-2077DD483DC7-LeaderElection397] INFO  impl.RoleInfo (RoleInfo.java:updateAndGet(143)) - a3132885-145f-4a8c-85f4-c10eb874732d: start FollowerState
2019-10-16 11:36:07,169 [Thread-3093] INFO  impl.FollowerState (FollowerState.java:run(108)) - a3132885-145f-4a8c-85f4-c10eb874732d@group-2077DD483DC7-FollowerState: change to CANDIDATE, lastRpcTime:96ms, electionTimeout:96ms
2019-10-16 11:36:07,169 [Thread-3093] INFO  impl.RoleInfo (RoleInfo.java:shutdownFollowerState(121)) - a3132885-145f-4a8c-85f4-c10eb874732d: shutdown FollowerState
2019-10-16 11:36:07,169 [Thread-3093] INFO  impl.RaftServerImpl (RaftServerImpl.java:setRole(184)) - a3132885-145f-4a8c-85f4-c10eb874732d@group-2077DD483DC7: changes role from  FOLLOWER to CANDIDATE at term 220 for changeToCandidate
2019-10-16 11:36:07,170 [Thread-3093] INFO  impl.RoleInfo (RoleInfo.java:updateAndGet(143)) - a3132885-145f-4a8c-85f4-c10eb874732d: start LeaderElection
2019-10-16 11:36:07,183 [a3132885-145f-4a8c-85f4-c10eb874732d@group-2077DD483DC7-LeaderElection398] INFO  impl.LeaderElection (LeaderElection.java:askForVotes(178)) - a3132885-145f-4a8c-85f4-c10eb874732d@group-2077DD483DC7-LeaderElection398: begin an election at term 221 for -1: [163587bb-2c3b-4498-b576-18147cf38274:192.168.157.203:33208, a3132885-145f-4a8c-85f4-c10eb874732d:192.168.157.203:46766, 70b633f6-b230-4b9f-87f3-510da88f1e08:192.168.157.203:43163], old=null
2019-10-16 11:36:07,185 [grpc-default-executor-6] INFO  impl.RaftServerImpl (RaftServerImpl.java:setRole(184)) - 163587bb-2c3b-4498-b576-18147cf38274@group-2077DD483DC7: changes role from  FOLLOWER to FOLLOWER at term 221 for recognizeCandidate:a3132885-145f-4a8c-85f4-c10eb874732d
2019-10-16 11:36:07,186 [grpc-default-executor-6] INFO  impl.RoleInfo (RoleInfo.java:shutdownFollowerState(121)) - 163587bb-2c3b-4498-b576-18147cf38274: shutdown FollowerState
2019-10-16 11:36:07,186 [grpc-default-executor-6] INFO  impl.RoleInfo (RoleInfo.java:updateAndGet(143)) - 163587bb-2c3b-4498-b576-18147cf38274: start FollowerState
2019-10-16 11:36:07,186 [grpc-default-executor-5] INFO  impl.RaftServerImpl (RaftServerImpl.java:setRole(184)) - 70b633f6-b230-4b9f-87f3-510da88f1e08@group-2077DD483DC7: changes role from  FOLLOWER to FOLLOWER at term 221 for recognizeCandidate:a3132885-145f-4a8c-85f4-c10eb874732d
2019-10-16 11:36:07,186 [Thread-3092] INFO  impl.FollowerState (FollowerState.java:run(117)) - 163587bb-2c3b-4498-b576-18147cf38274@group-2077DD483DC7-FollowerState was interrupted: java.lang.InterruptedException: sleep interrupted
2019-10-16 11:36:07,186 [grpc-default-executor-5] INFO  impl.RoleInfo (RoleInfo.java:shutdownFollowerState(121)) - 70b633f6-b230-4b9f-87f3-510da88f1e08: shutdown FollowerState
2019-10-16 11:36:07,186 [grpc-default-executor-5] INFO  impl.RoleInfo (RoleInfo.java:updateAndGet(143)) - 70b633f6-b230-4b9f-87f3-510da88f1e08: start FollowerState
2019-10-16 11:36:07,186 [Thread-3091] INFO  impl.FollowerState (FollowerState.java:run(117)) - 70b633f6-b230-4b9f-87f3-510da88f1e08@group-2077DD483DC7-FollowerState was interrupted: java.lang.InterruptedException: sleep interrupted
2019-10-16 11:36:07,199 [Thread-3034] INFO  impl.FollowerState (FollowerState.java:run(108)) - 4281bf39-36db-462c-8bc9-3c86cb645344@group-B3673A53AB6F-FollowerState: change to CANDIDATE, lastRpcTime:1003ms, electionTimeout:1003ms
2019-10-16 11:36:07,199 [Thread-3034] INFO  impl.RoleInfo (RoleInfo.java:shutdownFollowerState(121)) - 4281bf39-36db-462c-8bc9-3c86cb645344: shutdown FollowerState
2019-10-16 11:36:07,199 [Thread-3034] INFO  impl.RaftServerImpl (RaftServerImpl.java:setRole(184)) - 4281bf39-36db-462c-8bc9-3c86cb645344@group-B3673A53AB6F: changes role from  FOLLOWER to CANDIDATE at term 201 for changeToCandidate
2019-10-16 11:36:07,199 [Thread-3034] INFO  impl.RoleInfo (RoleInfo.java:updateAndGet(143)) - 4281bf39-36db-462c-8bc9-3c86cb645344: start LeaderElection
2019-10-16 11:36:07,200 [a3132885-145f-4a8c-85f4-c10eb874732d@group-2077DD483DC7-LeaderElection398] INFO  impl.LeaderElection (LeaderElection.java:logAndReturn(56)) - a3132885-145f-4a8c-85f4-c10eb874732d@group-2077DD483DC7-LeaderElection398: Election REJECTED; received 2 response(s) [a3132885-145f-4a8c-85f4-c10eb874732d<-163587bb-2c3b-4498-b576-18147cf38274#0:FAIL-t221, a3132885-145f-4a8c-85f4-c10eb874732d<-70b633f6-b230-4b9f-87f3-510da88f1e08#0:FAIL-t221] and 0 exception(s); a3132885-145f-4a8c-85f4-c10eb874732d@group-2077DD483DC7:t221, leader=null, voted=a3132885-145f-4a8c-85f4-c10eb874732d, raftlog=a3132885-145f-4a8c-85f4-c10eb874732d@group-2077DD483DC7-SegmentedRaftLog:OPENED:c-1,f-1,i0, conf=-1: [163587bb-2c3b-4498-b576-18147cf38274:192.168.157.203:33208, a3132885-145f-4a8c-85f4-c10eb874732d:192.168.157.203:46766, 70b633f6-b230-4b9f-87f3-510da88f1e08:192.168.157.203:43163], old=null
2019-10-16 11:36:07,201 [a3132885-145f-4a8c-85f4-c10eb874732d@group-2077DD483DC7-LeaderElection398] INFO  impl.RaftServerImpl (RaftServerImpl.java:setRole(184)) - a3132885-145f-4a8c-85f4-c10eb874732d@group-2077DD483DC7: changes role from CANDIDATE to FOLLOWER at term 221 for DISCOVERED_A_NEW_TERM
2019-10-16 11:36:07,201 [a3132885-145f-4a8c-85f4-c10eb874732d@group-2077DD483DC7-LeaderElection398] INFO  impl.RoleInfo (RoleInfo.java:shutdownLeaderElection(134)) - a3132885-145f-4a8c-85f4-c10eb874732d: shutdown LeaderElection
2019-10-16 11:36:07,201 [a3132885-145f-4a8c-85f4-c10eb874732d@group-2077DD483DC7-LeaderElection398] INFO  impl.RoleInfo (RoleInfo.java:updateAndGet(143)) - a3132885-145f-4a8c-85f4-c10eb874732d: start FollowerState
2019-10-16 11:36:07,213 [4281bf39-36db-462c-8bc9-3c86cb645344@group-B3673A53AB6F-LeaderElection399] INFO  impl.LeaderElection (LeaderElection.java:askForVotes(178)) - 4281bf39-36db-462c-8bc9-3c86cb645344@group-B3673A53AB6F-LeaderElection399: begin an election at term 202 for 0: [f94c755f-9f95-40b5-85b9-5e712f3f34e7:192.168.157.203:45275, 1ee6da7b-5867-4bad-ba0d-a2cfd13fd72a:192.168.157.203:35892, 4281bf39-36db-462c-8bc9-3c86cb645344:192.168.157.203:42381], old=null
2019-10-16 11:36:07,214 [4281bf39-36db-462c-8bc9-3c86cb645344@group-B3673A53AB6F-LeaderElection399] INFO  impl.LeaderElection (LogUtils.java:infoOrTrace(149)) - 4281bf39-36db-462c-8bc9-3c86cb645344@group-B3673A53AB6F-LeaderElection399 got exception when requesting votes: {}
java.util.concurrent.ExecutionException: org.apache.ratis.thirdparty.io.grpc.StatusRuntimeException: UNAVAILABLE: io exception
	at java.util.concurrent.FutureTask.report(FutureTask.java:122)
	at java.util.concurrent.FutureTask.get(FutureTask.java:192)
	at org.apache.ratis.server.impl.LeaderElection.waitForResults(LeaderElection.java:259)
	at org.apache.ratis.server.impl.LeaderElection.askForVotes(LeaderElection.java:197)
	at org.apache.ratis.server.impl.LeaderElection.run(LeaderElection.java:133)
	at java.lang.Thread.run(Thread.java:748)
Caused by: org.apache.ratis.thirdparty.io.grpc.StatusRuntimeException: UNAVAILABLE: io exception
	at org.apache.ratis.thirdparty.io.grpc.stub.ClientCalls.toStatusRuntimeException(ClientCalls.java:233)
	at org.apache.ratis.thirdparty.io.grpc.stub.ClientCalls.getUnchecked(ClientCalls.java:214)
	at org.apache.ratis.thirdparty.io.grpc.stub.ClientCalls.blockingUnaryCall(ClientCalls.java:139)
	at org.apache.ratis.proto.grpc.RaftServerProtocolServiceGrpc$RaftServerProtocolServiceBlockingStub.requestVote(RaftServerProtocolServiceGrpc.java:265)
	at org.apache.ratis.grpc.server.GrpcServerProtocolClient.requestVote(GrpcServerProtocolClient.java:99)
	at org.apache.ratis.grpc.server.GrpcService.requestVote(GrpcService.java:204)
	at org.apache.ratis.server.impl.LeaderElection.lambda$submitRequests$1(LeaderElection.java:234)
	at java.util.concurrent.FutureTask.run(FutureTask.java:266)
	at java.util.concurrent.Executors$RunnableAdapter.call(Executors.java:511)
	at java.util.concurrent.FutureTask.run(FutureTask.java:266)
	at java.util.concurrent.ThreadPoolExecutor.runWorker(ThreadPoolExecutor.java:1149)
	at java.util.concurrent.ThreadPoolExecutor$Worker.run(ThreadPoolExecutor.java:624)
	... 1 more
Caused by: org.apache.ratis.thirdparty.io.netty.channel.AbstractChannel$AnnotatedConnectException: Connection refused: /192.168.157.203:45275
	at sun.nio.ch.SocketChannelImpl.checkConnect(Native Method)
	at sun.nio.ch.SocketChannelImpl.finishConnect(SocketChannelImpl.java:717)
	at org.apache.ratis.thirdparty.io.netty.channel.socket.nio.NioSocketChannel.doFinishConnect(NioSocketChannel.java:327)
	at org.apache.ratis.thirdparty.io.netty.channel.nio.AbstractNioChannel$AbstractNioUnsafe.finishConnect(AbstractNioChannel.java:340)
	at org.apache.ratis.thirdparty.io.netty.channel.nio.NioEventLoop.processSelectedKey(NioEventLoop.java:632)
	at org.apache.ratis.thirdparty.io.netty.channel.nio.NioEventLoop.processSelectedKeysOptimized(NioEventLoop.java:579)
	at org.apache.ratis.thirdparty.io.netty.channel.nio.NioEventLoop.processSelectedKeys(NioEventLoop.java:496)
	at org.apache.ratis.thirdparty.io.netty.channel.nio.NioEventLoop.run(NioEventLoop.java:458)
	at org.apache.ratis.thirdparty.io.netty.util.concurrent.SingleThreadEventExecutor$5.run(SingleThreadEventExecutor.java:897)
	at org.apache.ratis.thirdparty.io.netty.util.concurrent.FastThreadLocalRunnable.run(FastThreadLocalRunnable.java:30)
	... 1 more
Caused by: java.net.ConnectException: Connection refused
	... 11 more
2019-10-16 11:36:07,216 [Thread-3100] INFO  impl.FollowerState (FollowerState.java:run(108)) - a3132885-145f-4a8c-85f4-c10eb874732d@group-2077DD483DC7-FollowerState: change to CANDIDATE, lastRpcTime:15ms, electionTimeout:15ms
2019-10-16 11:36:07,216 [4281bf39-36db-462c-8bc9-3c86cb645344@group-B3673A53AB6F-LeaderElection399] INFO  impl.LeaderElection (LogUtils.java:infoOrTrace(149)) - 4281bf39-36db-462c-8bc9-3c86cb645344@group-B3673A53AB6F-LeaderElection399 got exception when requesting votes: {}
java.util.concurrent.ExecutionException: org.apache.ratis.thirdparty.io.grpc.StatusRuntimeException: UNAVAILABLE: io exception
	at java.util.concurrent.FutureTask.report(FutureTask.java:122)
	at java.util.concurrent.FutureTask.get(FutureTask.java:192)
	at org.apache.ratis.server.impl.LeaderElection.waitForResults(LeaderElection.java:259)
	at org.apache.ratis.server.impl.LeaderElection.askForVotes(LeaderElection.java:197)
	at org.apache.ratis.server.impl.LeaderElection.run(LeaderElection.java:133)
	at java.lang.Thread.run(Thread.java:748)
Caused by: org.apache.ratis.thirdparty.io.grpc.StatusRuntimeException: UNAVAILABLE: io exception
	at org.apache.ratis.thirdparty.io.grpc.stub.ClientCalls.toStatusRuntimeException(ClientCalls.java:233)
	at org.apache.ratis.thirdparty.io.grpc.stub.ClientCalls.getUnchecked(ClientCalls.java:214)
	at org.apache.ratis.thirdparty.io.grpc.stub.ClientCalls.blockingUnaryCall(ClientCalls.java:139)
	at org.apache.ratis.proto.grpc.RaftServerProtocolServiceGrpc$RaftServerProtocolServiceBlockingStub.requestVote(RaftServerProtocolServiceGrpc.java:265)
	at org.apache.ratis.grpc.server.GrpcServerProtocolClient.requestVote(GrpcServerProtocolClient.java:99)
	at org.apache.ratis.grpc.server.GrpcService.requestVote(GrpcService.java:204)
	at org.apache.ratis.server.impl.LeaderElection.lambda$submitRequests$1(LeaderElection.java:234)
	at java.util.concurrent.FutureTask.run(FutureTask.java:266)
	at java.util.concurrent.Executors$RunnableAdapter.call(Executors.java:511)
	at java.util.concurrent.FutureTask.run(FutureTask.java:266)
	at java.util.concurrent.ThreadPoolExecutor.runWorker(ThreadPoolExecutor.java:1149)
	at java.util.concurrent.ThreadPoolExecutor$Worker.run(ThreadPoolExecutor.java:624)
	... 1 more
Caused by: org.apache.ratis.thirdparty.io.netty.channel.AbstractChannel$AnnotatedConnectException: Connection refused: /192.168.157.203:35892
	at sun.nio.ch.SocketChannelImpl.checkConnect(Native Method)
	at sun.nio.ch.SocketChannelImpl.finishConnect(SocketChannelImpl.java:717)
	at org.apache.ratis.thirdparty.io.netty.channel.socket.nio.NioSocketChannel.doFinishConnect(NioSocketChannel.java:327)
	at org.apache.ratis.thirdparty.io.netty.channel.nio.AbstractNioChannel$AbstractNioUnsafe.finishConnect(AbstractNioChannel.java:340)
	at org.apache.ratis.thirdparty.io.netty.channel.nio.NioEventLoop.processSelectedKey(NioEventLoop.java:632)
	at org.apache.ratis.thirdparty.io.netty.channel.nio.NioEventLoop.processSelectedKeysOptimized(NioEventLoop.java:579)
	at org.apache.ratis.thirdparty.io.netty.channel.nio.NioEventLoop.processSelectedKeys(NioEventLoop.java:496)
	at org.apache.ratis.thirdparty.io.netty.channel.nio.NioEventLoop.run(NioEventLoop.java:458)
	at org.apache.ratis.thirdparty.io.netty.util.concurrent.SingleThreadEventExecutor$5.run(SingleThreadEventExecutor.java:897)
	at org.apache.ratis.thirdparty.io.netty.util.concurrent.FastThreadLocalRunnable.run(FastThreadLocalRunnable.java:30)
	... 1 more
Caused by: java.net.ConnectException: Connection refused
	... 11 more
2019-10-16 11:36:07,216 [Thread-3100] INFO  impl.RoleInfo (RoleInfo.java:shutdownFollowerState(121)) - a3132885-145f-4a8c-85f4-c10eb874732d: shutdown FollowerState
2019-10-16 11:36:07,218 [4281bf39-36db-462c-8bc9-3c86cb645344@group-B3673A53AB6F-LeaderElection399] INFO  impl.LeaderElection (LeaderElection.java:logAndReturn(56)) - 4281bf39-36db-462c-8bc9-3c86cb645344@group-B3673A53AB6F-LeaderElection399: Election REJECTED; received 0 response(s) [] and 2 exception(s); 4281bf39-36db-462c-8bc9-3c86cb645344@group-B3673A53AB6F:t202, leader=null, voted=4281bf39-36db-462c-8bc9-3c86cb645344, raftlog=4281bf39-36db-462c-8bc9-3c86cb645344@group-B3673A53AB6F-SegmentedRaftLog:OPENED:c-1,f0,i0, conf=0: [f94c755f-9f95-40b5-85b9-5e712f3f34e7:192.168.157.203:45275, 1ee6da7b-5867-4bad-ba0d-a2cfd13fd72a:192.168.157.203:35892, 4281bf39-36db-462c-8bc9-3c86cb645344:192.168.157.203:42381], old=null
2019-10-16 11:36:07,219 [Thread-3100] INFO  impl.RaftServerImpl (RaftServerImpl.java:setRole(184)) - a3132885-145f-4a8c-85f4-c10eb874732d@group-2077DD483DC7: changes role from  FOLLOWER to CANDIDATE at term 221 for changeToCandidate
2019-10-16 11:36:07,219 [4281bf39-36db-462c-8bc9-3c86cb645344@group-B3673A53AB6F-LeaderElection399] INFO  impl.LeaderElection (LogUtils.java:infoOrTrace(149)) -   Exception 0: {}
java.util.concurrent.ExecutionException: org.apache.ratis.thirdparty.io.grpc.StatusRuntimeException: UNAVAILABLE: io exception
	at java.util.concurrent.FutureTask.report(FutureTask.java:122)
	at java.util.concurrent.FutureTask.get(FutureTask.java:192)
	at org.apache.ratis.server.impl.LeaderElection.waitForResults(LeaderElection.java:259)
	at org.apache.ratis.server.impl.LeaderElection.askForVotes(LeaderElection.java:197)
	at org.apache.ratis.server.impl.LeaderElection.run(LeaderElection.java:133)
	at java.lang.Thread.run(Thread.java:748)
Caused by: org.apache.ratis.thirdparty.io.grpc.StatusRuntimeException: UNAVAILABLE: io exception
	at org.apache.ratis.thirdparty.io.grpc.stub.ClientCalls.toStatusRuntimeException(ClientCalls.java:233)
	at org.apache.ratis.thirdparty.io.grpc.stub.ClientCalls.getUnchecked(ClientCalls.java:214)
	at org.apache.ratis.thirdparty.io.grpc.stub.ClientCalls.blockingUnaryCall(ClientCalls.java:139)
	at org.apache.ratis.proto.grpc.RaftServerProtocolServiceGrpc$RaftServerProtocolServiceBlockingStub.requestVote(RaftServerProtocolServiceGrpc.java:265)
	at org.apache.ratis.grpc.server.GrpcServerProtocolClient.requestVote(GrpcServerProtocolClient.java:99)
	at org.apache.ratis.grpc.server.GrpcService.requestVote(GrpcService.java:204)
	at org.apache.ratis.server.impl.LeaderElection.lambda$submitRequests$1(LeaderElection.java:234)
	at java.util.concurrent.FutureTask.run(FutureTask.java:266)
	at java.util.concurrent.Executors$RunnableAdapter.call(Executors.java:511)
	at java.util.concurrent.FutureTask.run(FutureTask.java:266)
	at java.util.concurrent.ThreadPoolExecutor.runWorker(ThreadPoolExecutor.java:1149)
	at java.util.concurrent.ThreadPoolExecutor$Worker.run(ThreadPoolExecutor.java:624)
	... 1 more
Caused by: org.apache.ratis.thirdparty.io.netty.channel.AbstractChannel$AnnotatedConnectException: Connection refused: /192.168.157.203:45275
	at sun.nio.ch.SocketChannelImpl.checkConnect(Native Method)
	at sun.nio.ch.SocketChannelImpl.finishConnect(SocketChannelImpl.java:717)
	at org.apache.ratis.thirdparty.io.netty.channel.socket.nio.NioSocketChannel.doFinishConnect(NioSocketChannel.java:327)
	at org.apache.ratis.thirdparty.io.netty.channel.nio.AbstractNioChannel$AbstractNioUnsafe.finishConnect(AbstractNioChannel.java:340)
	at org.apache.ratis.thirdparty.io.netty.channel.nio.NioEventLoop.processSelectedKey(NioEventLoop.java:632)
	at org.apache.ratis.thirdparty.io.netty.channel.nio.NioEventLoop.processSelectedKeysOptimized(NioEventLoop.java:579)
	at org.apache.ratis.thirdparty.io.netty.channel.nio.NioEventLoop.processSelectedKeys(NioEventLoop.java:496)
	at org.apache.ratis.thirdparty.io.netty.channel.nio.NioEventLoop.run(NioEventLoop.java:458)
	at org.apache.ratis.thirdparty.io.netty.util.concurrent.SingleThreadEventExecutor$5.run(SingleThreadEventExecutor.java:897)
	at org.apache.ratis.thirdparty.io.netty.util.concurrent.FastThreadLocalRunnable.run(FastThreadLocalRunnable.java:30)
	... 1 more
Caused by: java.net.ConnectException: Connection refused
	... 11 more
2019-10-16 11:36:07,219 [Thread-3100] INFO  impl.RoleInfo (RoleInfo.java:updateAndGet(143)) - a3132885-145f-4a8c-85f4-c10eb874732d: start LeaderElection
2019-10-16 11:36:07,219 [4281bf39-36db-462c-8bc9-3c86cb645344@group-B3673A53AB6F-LeaderElection399] INFO  impl.LeaderElection (LogUtils.java:infoOrTrace(149)) -   Exception 1: {}
java.util.concurrent.ExecutionException: org.apache.ratis.thirdparty.io.grpc.StatusRuntimeException: UNAVAILABLE: io exception
	at java.util.concurrent.FutureTask.report(FutureTask.java:122)
	at java.util.concurrent.FutureTask.get(FutureTask.java:192)
	at org.apache.ratis.server.impl.LeaderElection.waitForResults(LeaderElection.java:259)
	at org.apache.ratis.server.impl.LeaderElection.askForVotes(LeaderElection.java:197)
	at org.apache.ratis.server.impl.LeaderElection.run(LeaderElection.java:133)
	at java.lang.Thread.run(Thread.java:748)
Caused by: org.apache.ratis.thirdparty.io.grpc.StatusRuntimeException: UNAVAILABLE: io exception
	at org.apache.ratis.thirdparty.io.grpc.stub.ClientCalls.toStatusRuntimeException(ClientCalls.java:233)
	at org.apache.ratis.thirdparty.io.grpc.stub.ClientCalls.getUnchecked(ClientCalls.java:214)
	at org.apache.ratis.thirdparty.io.grpc.stub.ClientCalls.blockingUnaryCall(ClientCalls.java:139)
	at org.apache.ratis.proto.grpc.RaftServerProtocolServiceGrpc$RaftServerProtocolServiceBlockingStub.requestVote(RaftServerProtocolServiceGrpc.java:265)
	at org.apache.ratis.grpc.server.GrpcServerProtocolClient.requestVote(GrpcServerProtocolClient.java:99)
	at org.apache.ratis.grpc.server.GrpcService.requestVote(GrpcService.java:204)
	at org.apache.ratis.server.impl.LeaderElection.lambda$submitRequests$1(LeaderElection.java:234)
	at java.util.concurrent.FutureTask.run(FutureTask.java:266)
	at java.util.concurrent.Executors$RunnableAdapter.call(Executors.java:511)
	at java.util.concurrent.FutureTask.run(FutureTask.java:266)
	at java.util.concurrent.ThreadPoolExecutor.runWorker(ThreadPoolExecutor.java:1149)
	at java.util.concurrent.ThreadPoolExecutor$Worker.run(ThreadPoolExecutor.java:624)
	... 1 more
Caused by: org.apache.ratis.thirdparty.io.netty.channel.AbstractChannel$AnnotatedConnectException: Connection refused: /192.168.157.203:35892
	at sun.nio.ch.SocketChannelImpl.checkConnect(Native Method)
	at sun.nio.ch.SocketChannelImpl.finishConnect(SocketChannelImpl.java:717)
	at org.apache.ratis.thirdparty.io.netty.channel.socket.nio.NioSocketChannel.doFinishConnect(NioSocketChannel.java:327)
	at org.apache.ratis.thirdparty.io.netty.channel.nio.AbstractNioChannel$AbstractNioUnsafe.finishConnect(AbstractNioChannel.java:340)
	at org.apache.ratis.thirdparty.io.netty.channel.nio.NioEventLoop.processSelectedKey(NioEventLoop.java:632)
	at org.apache.ratis.thirdparty.io.netty.channel.nio.NioEventLoop.processSelectedKeysOptimized(NioEventLoop.java:579)
	at org.apache.ratis.thirdparty.io.netty.channel.nio.NioEventLoop.processSelectedKeys(NioEventLoop.java:496)
	at org.apache.ratis.thirdparty.io.netty.channel.nio.NioEventLoop.run(NioEventLoop.java:458)
	at org.apache.ratis.thirdparty.io.netty.util.concurrent.SingleThreadEventExecutor$5.run(SingleThreadEventExecutor.java:897)
	at org.apache.ratis.thirdparty.io.netty.util.concurrent.FastThreadLocalRunnable.run(FastThreadLocalRunnable.java:30)
	... 1 more
Caused by: java.net.ConnectException: Connection refused
	... 11 more
2019-10-16 11:36:07,220 [4281bf39-36db-462c-8bc9-3c86cb645344@group-B3673A53AB6F-LeaderElection399] INFO  impl.RaftServerImpl (RaftServerImpl.java:setRole(184)) - 4281bf39-36db-462c-8bc9-3c86cb645344@group-B3673A53AB6F: changes role from CANDIDATE to FOLLOWER at term 202 for DISCOVERED_A_NEW_TERM
2019-10-16 11:36:07,220 [4281bf39-36db-462c-8bc9-3c86cb645344@group-B3673A53AB6F-LeaderElection399] INFO  impl.RoleInfo (RoleInfo.java:shutdownLeaderElection(134)) - 4281bf39-36db-462c-8bc9-3c86cb645344: shutdown LeaderElection
2019-10-16 11:36:07,220 [4281bf39-36db-462c-8bc9-3c86cb645344@group-B3673A53AB6F-LeaderElection399] INFO  impl.RoleInfo (RoleInfo.java:updateAndGet(143)) - 4281bf39-36db-462c-8bc9-3c86cb645344: start FollowerState
2019-10-16 11:36:07,233 [a3132885-145f-4a8c-85f4-c10eb874732d@group-2077DD483DC7-LeaderElection400] INFO  impl.LeaderElection (LeaderElection.java:askForVotes(178)) - a3132885-145f-4a8c-85f4-c10eb874732d@group-2077DD483DC7-LeaderElection400: begin an election at term 222 for -1: [163587bb-2c3b-4498-b576-18147cf38274:192.168.157.203:33208, a3132885-145f-4a8c-85f4-c10eb874732d:192.168.157.203:46766, 70b633f6-b230-4b9f-87f3-510da88f1e08:192.168.157.203:43163], old=null
2019-10-16 11:36:07,234 [grpc-default-executor-5] INFO  impl.RaftServerImpl (RaftServerImpl.java:setRole(184)) - 163587bb-2c3b-4498-b576-18147cf38274@group-2077DD483DC7: changes role from  FOLLOWER to FOLLOWER at term 222 for recognizeCandidate:a3132885-145f-4a8c-85f4-c10eb874732d
2019-10-16 11:36:07,234 [grpc-default-executor-5] INFO  impl.RoleInfo (RoleInfo.java:shutdownFollowerState(121)) - 163587bb-2c3b-4498-b576-18147cf38274: shutdown FollowerState
2019-10-16 11:36:07,234 [grpc-default-executor-5] INFO  impl.RoleInfo (RoleInfo.java:updateAndGet(143)) - 163587bb-2c3b-4498-b576-18147cf38274: start FollowerState
2019-10-16 11:36:07,234 [grpc-default-executor-6] INFO  impl.RaftServerImpl (RaftServerImpl.java:setRole(184)) - 70b633f6-b230-4b9f-87f3-510da88f1e08@group-2077DD483DC7: changes role from  FOLLOWER to FOLLOWER at term 222 for recognizeCandidate:a3132885-145f-4a8c-85f4-c10eb874732d
2019-10-16 11:36:07,235 [grpc-default-executor-6] INFO  impl.RoleInfo (RoleInfo.java:shutdownFollowerState(121)) - 70b633f6-b230-4b9f-87f3-510da88f1e08: shutdown FollowerState
2019-10-16 11:36:07,234 [Thread-3097] INFO  impl.FollowerState (FollowerState.java:run(117)) - 163587bb-2c3b-4498-b576-18147cf38274@group-2077DD483DC7-FollowerState was interrupted: java.lang.InterruptedException: sleep interrupted
2019-10-16 11:36:07,235 [grpc-default-executor-6] INFO  impl.RoleInfo (RoleInfo.java:updateAndGet(143)) - 70b633f6-b230-4b9f-87f3-510da88f1e08: start FollowerState
2019-10-16 11:36:07,235 [Thread-3098] INFO  impl.FollowerState (FollowerState.java:run(117)) - 70b633f6-b230-4b9f-87f3-510da88f1e08@group-2077DD483DC7-FollowerState was interrupted: java.lang.InterruptedException: sleep interrupted
2019-10-16 11:36:07,249 [a3132885-145f-4a8c-85f4-c10eb874732d@group-2077DD483DC7-LeaderElection400] INFO  impl.LeaderElection (LeaderElection.java:logAndReturn(56)) - a3132885-145f-4a8c-85f4-c10eb874732d@group-2077DD483DC7-LeaderElection400: Election REJECTED; received 2 response(s) [a3132885-145f-4a8c-85f4-c10eb874732d<-163587bb-2c3b-4498-b576-18147cf38274#0:FAIL-t222, a3132885-145f-4a8c-85f4-c10eb874732d<-70b633f6-b230-4b9f-87f3-510da88f1e08#0:FAIL-t222] and 0 exception(s); a3132885-145f-4a8c-85f4-c10eb874732d@group-2077DD483DC7:t222, leader=null, voted=a3132885-145f-4a8c-85f4-c10eb874732d, raftlog=a3132885-145f-4a8c-85f4-c10eb874732d@group-2077DD483DC7-SegmentedRaftLog:OPENED:c-1,f-1,i0, conf=-1: [163587bb-2c3b-4498-b576-18147cf38274:192.168.157.203:33208, a3132885-145f-4a8c-85f4-c10eb874732d:192.168.157.203:46766, 70b633f6-b230-4b9f-87f3-510da88f1e08:192.168.157.203:43163], old=null
2019-10-16 11:36:07,249 [a3132885-145f-4a8c-85f4-c10eb874732d@group-2077DD483DC7-LeaderElection400] INFO  impl.RaftServerImpl (RaftServerImpl.java:setRole(184)) - a3132885-145f-4a8c-85f4-c10eb874732d@group-2077DD483DC7: changes role from CANDIDATE to FOLLOWER at term 222 for DISCOVERED_A_NEW_TERM
2019-10-16 11:36:07,249 [a3132885-145f-4a8c-85f4-c10eb874732d@group-2077DD483DC7-LeaderElection400] INFO  impl.RoleInfo (RoleInfo.java:shutdownLeaderElection(134)) - a3132885-145f-4a8c-85f4-c10eb874732d: shutdown LeaderElection
2019-10-16 11:36:07,249 [a3132885-145f-4a8c-85f4-c10eb874732d@group-2077DD483DC7-LeaderElection400] INFO  impl.RoleInfo (RoleInfo.java:updateAndGet(143)) - a3132885-145f-4a8c-85f4-c10eb874732d: start FollowerState
2019-10-16 11:36:07,429 [Thread-3109] INFO  impl.FollowerState (FollowerState.java:run(108)) - a3132885-145f-4a8c-85f4-c10eb874732d@group-2077DD483DC7-FollowerState: change to CANDIDATE, lastRpcTime:180ms, electionTimeout:180ms
2019-10-16 11:36:07,430 [Thread-3109] INFO  impl.RoleInfo (RoleInfo.java:shutdownFollowerState(121)) - a3132885-145f-4a8c-85f4-c10eb874732d: shutdown FollowerState
2019-10-16 11:36:07,430 [Thread-3109] INFO  impl.RaftServerImpl (RaftServerImpl.java:setRole(184)) - a3132885-145f-4a8c-85f4-c10eb874732d@group-2077DD483DC7: changes role from  FOLLOWER to CANDIDATE at term 222 for changeToCandidate
2019-10-16 11:36:07,430 [Thread-3109] INFO  impl.RoleInfo (RoleInfo.java:updateAndGet(143)) - a3132885-145f-4a8c-85f4-c10eb874732d: start LeaderElection
2019-10-16 11:36:07,444 [a3132885-145f-4a8c-85f4-c10eb874732d@group-2077DD483DC7-LeaderElection401] INFO  impl.LeaderElection (LeaderElection.java:askForVotes(178)) - a3132885-145f-4a8c-85f4-c10eb874732d@group-2077DD483DC7-LeaderElection401: begin an election at term 223 for -1: [163587bb-2c3b-4498-b576-18147cf38274:192.168.157.203:33208, a3132885-145f-4a8c-85f4-c10eb874732d:192.168.157.203:46766, 70b633f6-b230-4b9f-87f3-510da88f1e08:192.168.157.203:43163], old=null
2019-10-16 11:36:07,447 [grpc-default-executor-6] INFO  impl.RaftServerImpl (RaftServerImpl.java:setRole(184)) - 163587bb-2c3b-4498-b576-18147cf38274@group-2077DD483DC7: changes role from  FOLLOWER to FOLLOWER at term 223 for recognizeCandidate:a3132885-145f-4a8c-85f4-c10eb874732d
2019-10-16 11:36:07,447 [grpc-default-executor-6] INFO  impl.RoleInfo (RoleInfo.java:shutdownFollowerState(121)) - 163587bb-2c3b-4498-b576-18147cf38274: shutdown FollowerState
2019-10-16 11:36:07,447 [grpc-default-executor-6] INFO  impl.RoleInfo (RoleInfo.java:updateAndGet(143)) - 163587bb-2c3b-4498-b576-18147cf38274: start FollowerState
2019-10-16 11:36:07,447 [Thread-3107] INFO  impl.FollowerState (FollowerState.java:run(117)) - 163587bb-2c3b-4498-b576-18147cf38274@group-2077DD483DC7-FollowerState was interrupted: java.lang.InterruptedException: sleep interrupted
2019-10-16 11:36:07,447 [grpc-default-executor-5] INFO  impl.RaftServerImpl (RaftServerImpl.java:setRole(184)) - 70b633f6-b230-4b9f-87f3-510da88f1e08@group-2077DD483DC7: changes role from  FOLLOWER to FOLLOWER at term 223 for recognizeCandidate:a3132885-145f-4a8c-85f4-c10eb874732d
2019-10-16 11:36:07,448 [grpc-default-executor-5] INFO  impl.RoleInfo (RoleInfo.java:shutdownFollowerState(121)) - 70b633f6-b230-4b9f-87f3-510da88f1e08: shutdown FollowerState
2019-10-16 11:36:07,448 [grpc-default-executor-5] INFO  impl.RoleInfo (RoleInfo.java:updateAndGet(143)) - 70b633f6-b230-4b9f-87f3-510da88f1e08: start FollowerState
2019-10-16 11:36:07,448 [Thread-3108] INFO  impl.FollowerState (FollowerState.java:run(117)) - 70b633f6-b230-4b9f-87f3-510da88f1e08@group-2077DD483DC7-FollowerState was interrupted: java.lang.InterruptedException: sleep interrupted
2019-10-16 11:36:07,481 [a3132885-145f-4a8c-85f4-c10eb874732d@group-2077DD483DC7-LeaderElection401] INFO  impl.LeaderElection (LeaderElection.java:logAndReturn(56)) - a3132885-145f-4a8c-85f4-c10eb874732d@group-2077DD483DC7-LeaderElection401: Election REJECTED; received 2 response(s) [a3132885-145f-4a8c-85f4-c10eb874732d<-163587bb-2c3b-4498-b576-18147cf38274#0:FAIL-t223, a3132885-145f-4a8c-85f4-c10eb874732d<-70b633f6-b230-4b9f-87f3-510da88f1e08#0:FAIL-t223] and 0 exception(s); a3132885-145f-4a8c-85f4-c10eb874732d@group-2077DD483DC7:t223, leader=null, voted=a3132885-145f-4a8c-85f4-c10eb874732d, raftlog=a3132885-145f-4a8c-85f4-c10eb874732d@group-2077DD483DC7-SegmentedRaftLog:OPENED:c-1,f-1,i0, conf=-1: [163587bb-2c3b-4498-b576-18147cf38274:192.168.157.203:33208, a3132885-145f-4a8c-85f4-c10eb874732d:192.168.157.203:46766, 70b633f6-b230-4b9f-87f3-510da88f1e08:192.168.157.203:43163], old=null
2019-10-16 11:36:07,482 [a3132885-145f-4a8c-85f4-c10eb874732d@group-2077DD483DC7-LeaderElection401] INFO  impl.RaftServerImpl (RaftServerImpl.java:setRole(184)) - a3132885-145f-4a8c-85f4-c10eb874732d@group-2077DD483DC7: changes role from CANDIDATE to FOLLOWER at term 223 for DISCOVERED_A_NEW_TERM
2019-10-16 11:36:07,482 [a3132885-145f-4a8c-85f4-c10eb874732d@group-2077DD483DC7-LeaderElection401] INFO  impl.RoleInfo (RoleInfo.java:shutdownLeaderElection(134)) - a3132885-145f-4a8c-85f4-c10eb874732d: shutdown LeaderElection
2019-10-16 11:36:07,482 [a3132885-145f-4a8c-85f4-c10eb874732d@group-2077DD483DC7-LeaderElection401] INFO  impl.RoleInfo (RoleInfo.java:updateAndGet(143)) - a3132885-145f-4a8c-85f4-c10eb874732d: start FollowerState
2019-10-16 11:36:07,521 [Thread-3117] INFO  impl.FollowerState (FollowerState.java:run(108)) - a3132885-145f-4a8c-85f4-c10eb874732d@group-2077DD483DC7-FollowerState: change to CANDIDATE, lastRpcTime:38ms, electionTimeout:38ms
2019-10-16 11:36:07,521 [Thread-3117] INFO  impl.RoleInfo (RoleInfo.java:shutdownFollowerState(121)) - a3132885-145f-4a8c-85f4-c10eb874732d: shutdown FollowerState
2019-10-16 11:36:07,521 [Thread-3117] INFO  impl.RaftServerImpl (RaftServerImpl.java:setRole(184)) - a3132885-145f-4a8c-85f4-c10eb874732d@group-2077DD483DC7: changes role from  FOLLOWER to CANDIDATE at term 223 for changeToCandidate
2019-10-16 11:36:07,521 [Thread-3117] INFO  impl.RoleInfo (RoleInfo.java:updateAndGet(143)) - a3132885-145f-4a8c-85f4-c10eb874732d: start LeaderElection
2019-10-16 11:36:07,534 [a3132885-145f-4a8c-85f4-c10eb874732d@group-2077DD483DC7-LeaderElection402] INFO  impl.LeaderElection (LeaderElection.java:askForVotes(178)) - a3132885-145f-4a8c-85f4-c10eb874732d@group-2077DD483DC7-LeaderElection402: begin an election at term 224 for -1: [163587bb-2c3b-4498-b576-18147cf38274:192.168.157.203:33208, a3132885-145f-4a8c-85f4-c10eb874732d:192.168.157.203:46766, 70b633f6-b230-4b9f-87f3-510da88f1e08:192.168.157.203:43163], old=null
2019-10-16 11:36:07,539 [grpc-default-executor-6] INFO  impl.RaftServerImpl (RaftServerImpl.java:setRole(184)) - 163587bb-2c3b-4498-b576-18147cf38274@group-2077DD483DC7: changes role from  FOLLOWER to FOLLOWER at term 224 for recognizeCandidate:a3132885-145f-4a8c-85f4-c10eb874732d
2019-10-16 11:36:07,539 [grpc-default-executor-6] INFO  impl.RoleInfo (RoleInfo.java:shutdownFollowerState(121)) - 163587bb-2c3b-4498-b576-18147cf38274: shutdown FollowerState
2019-10-16 11:36:07,539 [grpc-default-executor-6] INFO  impl.RoleInfo (RoleInfo.java:updateAndGet(143)) - 163587bb-2c3b-4498-b576-18147cf38274: start FollowerState
2019-10-16 11:36:07,539 [grpc-default-executor-5] INFO  impl.RaftServerImpl (RaftServerImpl.java:setRole(184)) - 70b633f6-b230-4b9f-87f3-510da88f1e08@group-2077DD483DC7: changes role from  FOLLOWER to FOLLOWER at term 224 for recognizeCandidate:a3132885-145f-4a8c-85f4-c10eb874732d
2019-10-16 11:36:07,539 [Thread-3113] INFO  impl.FollowerState (FollowerState.java:run(117)) - 163587bb-2c3b-4498-b576-18147cf38274@group-2077DD483DC7-FollowerState was interrupted: java.lang.InterruptedException: sleep interrupted
2019-10-16 11:36:07,539 [grpc-default-executor-5] INFO  impl.RoleInfo (RoleInfo.java:shutdownFollowerState(121)) - 70b633f6-b230-4b9f-87f3-510da88f1e08: shutdown FollowerState
2019-10-16 11:36:07,553 [grpc-default-executor-5] INFO  impl.RoleInfo (RoleInfo.java:updateAndGet(143)) - 70b633f6-b230-4b9f-87f3-510da88f1e08: start FollowerState
2019-10-16 11:36:07,553 [Thread-3114] INFO  impl.FollowerState (FollowerState.java:run(117)) - 70b633f6-b230-4b9f-87f3-510da88f1e08@group-2077DD483DC7-FollowerState was interrupted: java.lang.InterruptedException: sleep interrupted
2019-10-16 11:36:07,565 [a3132885-145f-4a8c-85f4-c10eb874732d@group-2077DD483DC7-LeaderElection402] INFO  impl.LeaderElection (LeaderElection.java:logAndReturn(56)) - a3132885-145f-4a8c-85f4-c10eb874732d@group-2077DD483DC7-LeaderElection402: Election TIMEOUT; received 0 response(s) [] and 0 exception(s); a3132885-145f-4a8c-85f4-c10eb874732d@group-2077DD483DC7:t224, leader=null, voted=a3132885-145f-4a8c-85f4-c10eb874732d, raftlog=a3132885-145f-4a8c-85f4-c10eb874732d@group-2077DD483DC7-SegmentedRaftLog:OPENED:c-1,f-1,i0, conf=-1: [163587bb-2c3b-4498-b576-18147cf38274:192.168.157.203:33208, a3132885-145f-4a8c-85f4-c10eb874732d:192.168.157.203:46766, 70b633f6-b230-4b9f-87f3-510da88f1e08:192.168.157.203:43163], old=null
2019-10-16 11:36:07,581 [a3132885-145f-4a8c-85f4-c10eb874732d@group-2077DD483DC7-LeaderElection402] INFO  impl.LeaderElection (LeaderElection.java:askForVotes(178)) - a3132885-145f-4a8c-85f4-c10eb874732d@group-2077DD483DC7-LeaderElection402: begin an election at term 225 for -1: [163587bb-2c3b-4498-b576-18147cf38274:192.168.157.203:33208, a3132885-145f-4a8c-85f4-c10eb874732d:192.168.157.203:46766, 70b633f6-b230-4b9f-87f3-510da88f1e08:192.168.157.203:43163], old=null
2019-10-16 11:36:07,584 [grpc-default-executor-6] INFO  impl.RaftServerImpl (RaftServerImpl.java:setRole(184)) - 163587bb-2c3b-4498-b576-18147cf38274@group-2077DD483DC7: changes role from  FOLLOWER to FOLLOWER at term 225 for recognizeCandidate:a3132885-145f-4a8c-85f4-c10eb874732d
2019-10-16 11:36:07,584 [grpc-default-executor-6] INFO  impl.RoleInfo (RoleInfo.java:shutdownFollowerState(121)) - 163587bb-2c3b-4498-b576-18147cf38274: shutdown FollowerState
2019-10-16 11:36:07,584 [grpc-default-executor-5] INFO  impl.RaftServerImpl (RaftServerImpl.java:setRole(184)) - 70b633f6-b230-4b9f-87f3-510da88f1e08@group-2077DD483DC7: changes role from  FOLLOWER to FOLLOWER at term 225 for recognizeCandidate:a3132885-145f-4a8c-85f4-c10eb874732d
2019-10-16 11:36:07,584 [grpc-default-executor-5] INFO  impl.RoleInfo (RoleInfo.java:shutdownFollowerState(121)) - 70b633f6-b230-4b9f-87f3-510da88f1e08: shutdown FollowerState
2019-10-16 11:36:07,584 [Thread-3121] INFO  impl.FollowerState (FollowerState.java:run(117)) - 163587bb-2c3b-4498-b576-18147cf38274@group-2077DD483DC7-FollowerState was interrupted: java.lang.InterruptedException: sleep interrupted
2019-10-16 11:36:07,584 [grpc-default-executor-6] INFO  impl.RoleInfo (RoleInfo.java:updateAndGet(143)) - 163587bb-2c3b-4498-b576-18147cf38274: start FollowerState
2019-10-16 11:36:07,598 [grpc-default-executor-5] INFO  impl.RoleInfo (RoleInfo.java:updateAndGet(143)) - 70b633f6-b230-4b9f-87f3-510da88f1e08: start FollowerState
2019-10-16 11:36:07,598 [Thread-3122] INFO  impl.FollowerState (FollowerState.java:run(117)) - 70b633f6-b230-4b9f-87f3-510da88f1e08@group-2077DD483DC7-FollowerState was interrupted: java.lang.InterruptedException: sleep interrupted
2019-10-16 11:36:07,612 [a3132885-145f-4a8c-85f4-c10eb874732d@group-2077DD483DC7-LeaderElection402] INFO  impl.LeaderElection (LeaderElection.java:logAndReturn(56)) - a3132885-145f-4a8c-85f4-c10eb874732d@group-2077DD483DC7-LeaderElection402: Election REJECTED; received 2 response(s) [a3132885-145f-4a8c-85f4-c10eb874732d<-163587bb-2c3b-4498-b576-18147cf38274#0:FAIL-t225, a3132885-145f-4a8c-85f4-c10eb874732d<-70b633f6-b230-4b9f-87f3-510da88f1e08#0:FAIL-t225] and 0 exception(s); a3132885-145f-4a8c-85f4-c10eb874732d@group-2077DD483DC7:t225, leader=null, voted=a3132885-145f-4a8c-85f4-c10eb874732d, raftlog=a3132885-145f-4a8c-85f4-c10eb874732d@group-2077DD483DC7-SegmentedRaftLog:OPENED:c-1,f-1,i0, conf=-1: [163587bb-2c3b-4498-b576-18147cf38274:192.168.157.203:33208, a3132885-145f-4a8c-85f4-c10eb874732d:192.168.157.203:46766, 70b633f6-b230-4b9f-87f3-510da88f1e08:192.168.157.203:43163], old=null
2019-10-16 11:36:07,613 [a3132885-145f-4a8c-85f4-c10eb874732d@group-2077DD483DC7-LeaderElection402] INFO  impl.RaftServerImpl (RaftServerImpl.java:setRole(184)) - a3132885-145f-4a8c-85f4-c10eb874732d@group-2077DD483DC7: changes role from CANDIDATE to FOLLOWER at term 225 for DISCOVERED_A_NEW_TERM
2019-10-16 11:36:07,613 [a3132885-145f-4a8c-85f4-c10eb874732d@group-2077DD483DC7-LeaderElection402] INFO  impl.RoleInfo (RoleInfo.java:shutdownLeaderElection(134)) - a3132885-145f-4a8c-85f4-c10eb874732d: shutdown LeaderElection
2019-10-16 11:36:07,613 [a3132885-145f-4a8c-85f4-c10eb874732d@group-2077DD483DC7-LeaderElection402] INFO  impl.RoleInfo (RoleInfo.java:updateAndGet(143)) - a3132885-145f-4a8c-85f4-c10eb874732d: start FollowerState
2019-10-16 11:36:07,703 [Thread-3127] INFO  impl.FollowerState (FollowerState.java:run(108)) - a3132885-145f-4a8c-85f4-c10eb874732d@group-2077DD483DC7-FollowerState: change to CANDIDATE, lastRpcTime:90ms, electionTimeout:90ms
2019-10-16 11:36:07,704 [Thread-3127] INFO  impl.RoleInfo (RoleInfo.java:shutdownFollowerState(121)) - a3132885-145f-4a8c-85f4-c10eb874732d: shutdown FollowerState
2019-10-16 11:36:07,704 [Thread-3127] INFO  impl.RaftServerImpl (RaftServerImpl.java:setRole(184)) - a3132885-145f-4a8c-85f4-c10eb874732d@group-2077DD483DC7: changes role from  FOLLOWER to CANDIDATE at term 225 for changeToCandidate
2019-10-16 11:36:07,704 [Thread-3127] INFO  impl.RoleInfo (RoleInfo.java:updateAndGet(143)) - a3132885-145f-4a8c-85f4-c10eb874732d: start LeaderElection
2019-10-16 11:36:07,752 [a3132885-145f-4a8c-85f4-c10eb874732d@group-2077DD483DC7-LeaderElection403] INFO  impl.LeaderElection (LeaderElection.java:askForVotes(178)) - a3132885-145f-4a8c-85f4-c10eb874732d@group-2077DD483DC7-LeaderElection403: begin an election at term 226 for -1: [163587bb-2c3b-4498-b576-18147cf38274:192.168.157.203:33208, a3132885-145f-4a8c-85f4-c10eb874732d:192.168.157.203:46766, 70b633f6-b230-4b9f-87f3-510da88f1e08:192.168.157.203:43163], old=null
2019-10-16 11:36:07,754 [grpc-default-executor-6] INFO  impl.RaftServerImpl (RaftServerImpl.java:setRole(184)) - 163587bb-2c3b-4498-b576-18147cf38274@group-2077DD483DC7: changes role from  FOLLOWER to FOLLOWER at term 226 for recognizeCandidate:a3132885-145f-4a8c-85f4-c10eb874732d
2019-10-16 11:36:07,754 [grpc-default-executor-6] INFO  impl.RoleInfo (RoleInfo.java:shutdownFollowerState(121)) - 163587bb-2c3b-4498-b576-18147cf38274: shutdown FollowerState
2019-10-16 11:36:07,755 [grpc-default-executor-6] INFO  impl.RoleInfo (RoleInfo.java:updateAndGet(143)) - 163587bb-2c3b-4498-b576-18147cf38274: start FollowerState
2019-10-16 11:36:07,755 [grpc-default-executor-5] INFO  impl.RaftServerImpl (RaftServerImpl.java:setRole(184)) - 70b633f6-b230-4b9f-87f3-510da88f1e08@group-2077DD483DC7: changes role from  FOLLOWER to FOLLOWER at term 226 for recognizeCandidate:a3132885-145f-4a8c-85f4-c10eb874732d
2019-10-16 11:36:07,755 [Thread-3125] INFO  impl.FollowerState (FollowerState.java:run(117)) - 163587bb-2c3b-4498-b576-18147cf38274@group-2077DD483DC7-FollowerState was interrupted: java.lang.InterruptedException: sleep interrupted
2019-10-16 11:36:07,755 [grpc-default-executor-5] INFO  impl.RoleInfo (RoleInfo.java:shutdownFollowerState(121)) - 70b633f6-b230-4b9f-87f3-510da88f1e08: shutdown FollowerState
2019-10-16 11:36:07,755 [grpc-default-executor-5] INFO  impl.RoleInfo (RoleInfo.java:updateAndGet(143)) - 70b633f6-b230-4b9f-87f3-510da88f1e08: start FollowerState
2019-10-16 11:36:07,755 [Thread-3126] INFO  impl.FollowerState (FollowerState.java:run(117)) - 70b633f6-b230-4b9f-87f3-510da88f1e08@group-2077DD483DC7-FollowerState was interrupted: java.lang.InterruptedException: sleep interrupted
2019-10-16 11:36:07,769 [a3132885-145f-4a8c-85f4-c10eb874732d@group-2077DD483DC7-LeaderElection403] INFO  impl.LeaderElection (LeaderElection.java:logAndReturn(56)) - a3132885-145f-4a8c-85f4-c10eb874732d@group-2077DD483DC7-LeaderElection403: Election REJECTED; received 2 response(s) [a3132885-145f-4a8c-85f4-c10eb874732d<-163587bb-2c3b-4498-b576-18147cf38274#0:FAIL-t226, a3132885-145f-4a8c-85f4-c10eb874732d<-70b633f6-b230-4b9f-87f3-510da88f1e08#0:FAIL-t226] and 0 exception(s); a3132885-145f-4a8c-85f4-c10eb874732d@group-2077DD483DC7:t226, leader=null, voted=a3132885-145f-4a8c-85f4-c10eb874732d, raftlog=a3132885-145f-4a8c-85f4-c10eb874732d@group-2077DD483DC7-SegmentedRaftLog:OPENED:c-1,f-1,i0, conf=-1: [163587bb-2c3b-4498-b576-18147cf38274:192.168.157.203:33208, a3132885-145f-4a8c-85f4-c10eb874732d:192.168.157.203:46766, 70b633f6-b230-4b9f-87f3-510da88f1e08:192.168.157.203:43163], old=null
2019-10-16 11:36:07,769 [a3132885-145f-4a8c-85f4-c10eb874732d@group-2077DD483DC7-LeaderElection403] INFO  impl.RaftServerImpl (RaftServerImpl.java:setRole(184)) - a3132885-145f-4a8c-85f4-c10eb874732d@group-2077DD483DC7: changes role from CANDIDATE to FOLLOWER at term 226 for DISCOVERED_A_NEW_TERM
2019-10-16 11:36:07,770 [a3132885-145f-4a8c-85f4-c10eb874732d@group-2077DD483DC7-LeaderElection403] INFO  impl.RoleInfo (RoleInfo.java:shutdownLeaderElection(134)) - a3132885-145f-4a8c-85f4-c10eb874732d: shutdown LeaderElection
2019-10-16 11:36:07,770 [a3132885-145f-4a8c-85f4-c10eb874732d@group-2077DD483DC7-LeaderElection403] INFO  impl.RoleInfo (RoleInfo.java:updateAndGet(143)) - a3132885-145f-4a8c-85f4-c10eb874732d: start FollowerState
2019-10-16 11:36:07,895 [Thread-3133] INFO  impl.FollowerState (FollowerState.java:run(108)) - a3132885-145f-4a8c-85f4-c10eb874732d@group-2077DD483DC7-FollowerState: change to CANDIDATE, lastRpcTime:125ms, electionTimeout:125ms
2019-10-16 11:36:07,895 [Thread-3133] INFO  impl.RoleInfo (RoleInfo.java:shutdownFollowerState(121)) - a3132885-145f-4a8c-85f4-c10eb874732d: shutdown FollowerState
2019-10-16 11:36:07,896 [Thread-3133] INFO  impl.RaftServerImpl (RaftServerImpl.java:setRole(184)) - a3132885-145f-4a8c-85f4-c10eb874732d@group-2077DD483DC7: changes role from  FOLLOWER to CANDIDATE at term 226 for changeToCandidate
2019-10-16 11:36:07,896 [Thread-3133] INFO  impl.RoleInfo (RoleInfo.java:updateAndGet(143)) - a3132885-145f-4a8c-85f4-c10eb874732d: start LeaderElection
2019-10-16 11:36:07,910 [a3132885-145f-4a8c-85f4-c10eb874732d@group-2077DD483DC7-LeaderElection404] INFO  impl.LeaderElection (LeaderElection.java:askForVotes(178)) - a3132885-145f-4a8c-85f4-c10eb874732d@group-2077DD483DC7-LeaderElection404: begin an election at term 227 for -1: [163587bb-2c3b-4498-b576-18147cf38274:192.168.157.203:33208, a3132885-145f-4a8c-85f4-c10eb874732d:192.168.157.203:46766, 70b633f6-b230-4b9f-87f3-510da88f1e08:192.168.157.203:43163], old=null
2019-10-16 11:36:07,912 [grpc-default-executor-6] INFO  impl.RaftServerImpl (RaftServerImpl.java:setRole(184)) - 163587bb-2c3b-4498-b576-18147cf38274@group-2077DD483DC7: changes role from  FOLLOWER to FOLLOWER at term 227 for recognizeCandidate:a3132885-145f-4a8c-85f4-c10eb874732d
2019-10-16 11:36:07,912 [grpc-default-executor-6] INFO  impl.RoleInfo (RoleInfo.java:shutdownFollowerState(121)) - 163587bb-2c3b-4498-b576-18147cf38274: shutdown FollowerState
2019-10-16 11:36:07,912 [grpc-default-executor-5] INFO  impl.RaftServerImpl (RaftServerImpl.java:setRole(184)) - 70b633f6-b230-4b9f-87f3-510da88f1e08@group-2077DD483DC7: changes role from  FOLLOWER to FOLLOWER at term 227 for recognizeCandidate:a3132885-145f-4a8c-85f4-c10eb874732d
2019-10-16 11:36:07,912 [Thread-3131] INFO  impl.FollowerState (FollowerState.java:run(117)) - 163587bb-2c3b-4498-b576-18147cf38274@group-2077DD483DC7-FollowerState was interrupted: java.lang.InterruptedException: sleep interrupted
2019-10-16 11:36:07,912 [grpc-default-executor-6] INFO  impl.RoleInfo (RoleInfo.java:updateAndGet(143)) - 163587bb-2c3b-4498-b576-18147cf38274: start FollowerState
2019-10-16 11:36:07,912 [grpc-default-executor-5] INFO  impl.RoleInfo (RoleInfo.java:shutdownFollowerState(121)) - 70b633f6-b230-4b9f-87f3-510da88f1e08: shutdown FollowerState
2019-10-16 11:36:07,913 [grpc-default-executor-5] INFO  impl.RoleInfo (RoleInfo.java:updateAndGet(143)) - 70b633f6-b230-4b9f-87f3-510da88f1e08: start FollowerState
2019-10-16 11:36:07,913 [Thread-3132] INFO  impl.FollowerState (FollowerState.java:run(117)) - 70b633f6-b230-4b9f-87f3-510da88f1e08@group-2077DD483DC7-FollowerState was interrupted: java.lang.InterruptedException: sleep interrupted
2019-10-16 11:36:07,924 [a3132885-145f-4a8c-85f4-c10eb874732d@group-2077DD483DC7-LeaderElection404] INFO  impl.LeaderElection (LeaderElection.java:logAndReturn(56)) - a3132885-145f-4a8c-85f4-c10eb874732d@group-2077DD483DC7-LeaderElection404: Election REJECTED; received 2 response(s) [a3132885-145f-4a8c-85f4-c10eb874732d<-163587bb-2c3b-4498-b576-18147cf38274#0:FAIL-t227, a3132885-145f-4a8c-85f4-c10eb874732d<-70b633f6-b230-4b9f-87f3-510da88f1e08#0:FAIL-t227] and 0 exception(s); a3132885-145f-4a8c-85f4-c10eb874732d@group-2077DD483DC7:t227, leader=null, voted=a3132885-145f-4a8c-85f4-c10eb874732d, raftlog=a3132885-145f-4a8c-85f4-c10eb874732d@group-2077DD483DC7-SegmentedRaftLog:OPENED:c-1,f-1,i0, conf=-1: [163587bb-2c3b-4498-b576-18147cf38274:192.168.157.203:33208, a3132885-145f-4a8c-85f4-c10eb874732d:192.168.157.203:46766, 70b633f6-b230-4b9f-87f3-510da88f1e08:192.168.157.203:43163], old=null
2019-10-16 11:36:07,924 [a3132885-145f-4a8c-85f4-c10eb874732d@group-2077DD483DC7-LeaderElection404] INFO  impl.RaftServerImpl (RaftServerImpl.java:setRole(184)) - a3132885-145f-4a8c-85f4-c10eb874732d@group-2077DD483DC7: changes role from CANDIDATE to FOLLOWER at term 227 for DISCOVERED_A_NEW_TERM
2019-10-16 11:36:07,924 [a3132885-145f-4a8c-85f4-c10eb874732d@group-2077DD483DC7-LeaderElection404] INFO  impl.RoleInfo (RoleInfo.java:shutdownLeaderElection(134)) - a3132885-145f-4a8c-85f4-c10eb874732d: shutdown LeaderElection
2019-10-16 11:36:07,924 [a3132885-145f-4a8c-85f4-c10eb874732d@group-2077DD483DC7-LeaderElection404] INFO  impl.RoleInfo (RoleInfo.java:updateAndGet(143)) - a3132885-145f-4a8c-85f4-c10eb874732d: start FollowerState
2019-10-16 11:36:07,934 [Datanode State Machine Thread - 0] INFO  statemachine.DatanodeStateMachine (DatanodeStateMachine.java:lambda$startDaemon$0(350)) - Ozone container server started.
2019-10-16 11:36:07,934 [ForkJoinPool.commonPool-worker-0] INFO  ozoneimpl.OzoneContainer (OzoneContainer.java:stop(227)) - Attempting to stop container services.
2019-10-16 11:36:07,935 [main] INFO  ozoneimpl.OzoneContainer (OzoneContainer.java:stop(227)) - Attempting to stop container services.
2019-10-16 11:36:07,935 [ForkJoinPool.commonPool-worker-0] INFO  impl.RaftServerProxy (RaftServerProxy.java:lambda$close$4(314)) - 4281bf39-36db-462c-8bc9-3c86cb645344: close
2019-10-16 11:36:07,936 [ForkJoinPool.commonPool-worker-0] INFO  impl.RaftServerImpl (RaftServerImpl.java:lambda$shutdown$3(261)) - 4281bf39-36db-462c-8bc9-3c86cb645344@group-B3673A53AB6F: shutdown
2019-10-16 11:36:07,936 [main] INFO  impl.RaftServerProxy (RaftServerProxy.java:lambda$close$4(314)) - 857fec05-692a-4d09-bf1c-7d167682feae: close
2019-10-16 11:36:07,936 [ForkJoinPool.commonPool-worker-0] INFO  util.JmxRegister (JmxRegister.java:unregister(73)) - Successfully un-registered JMX Bean with object name Ratis:service=RaftServer,group=group-B3673A53AB6F,id=4281bf39-36db-462c-8bc9-3c86cb645344
2019-10-16 11:36:07,937 [ForkJoinPool.commonPool-worker-0] INFO  impl.RoleInfo (RoleInfo.java:shutdownFollowerState(121)) - 4281bf39-36db-462c-8bc9-3c86cb645344: shutdown FollowerState
2019-10-16 11:36:07,937 [main] INFO  impl.RaftServerImpl (RaftServerImpl.java:lambda$shutdown$3(261)) - 857fec05-692a-4d09-bf1c-7d167682feae@group-AE6E07F3D65A: shutdown
2019-10-16 11:36:07,937 [Thread-3104] INFO  impl.FollowerState (FollowerState.java:run(117)) - 4281bf39-36db-462c-8bc9-3c86cb645344@group-B3673A53AB6F-FollowerState was interrupted: java.lang.InterruptedException: sleep interrupted
2019-10-16 11:36:07,937 [main] INFO  util.JmxRegister (JmxRegister.java:unregister(73)) - Successfully un-registered JMX Bean with object name Ratis:service=RaftServer,group=group-AE6E07F3D65A,id=857fec05-692a-4d09-bf1c-7d167682feae
2019-10-16 11:36:07,937 [ForkJoinPool.commonPool-worker-0] INFO  impl.StateMachineUpdater (StateMachineUpdater.java:stopAndJoin(136)) - 4281bf39-36db-462c-8bc9-3c86cb645344@group-B3673A53AB6F-StateMachineUpdater: set stopIndex = -1
2019-10-16 11:36:07,938 [main] INFO  impl.RoleInfo (RoleInfo.java:shutdownLeaderState(104)) - 857fec05-692a-4d09-bf1c-7d167682feae: shutdown LeaderState
2019-10-16 11:36:07,938 [ForkJoinPool.commonPool-worker-0] INFO  impl.RaftServerImpl (ServerState.java:close(388)) - 4281bf39-36db-462c-8bc9-3c86cb645344@group-B3673A53AB6F: closes. applyIndex: -1
2019-10-16 11:36:07,938 [main] INFO  impl.PendingRequests (PendingRequests.java:sendNotLeaderResponses(202)) - 857fec05-692a-4d09-bf1c-7d167682feae@group-AE6E07F3D65A-PendingRequests: sendNotLeaderResponses
2019-10-16 11:36:07,939 [4281bf39-36db-462c-8bc9-3c86cb645344@group-B3673A53AB6F-SegmentedRaftLogWorker] INFO  segmented.SegmentedRaftLogWorker (SegmentedRaftLogWorker.java:run(316)) - 4281bf39-36db-462c-8bc9-3c86cb645344@group-B3673A53AB6F-SegmentedRaftLogWorker was interrupted, exiting. There are 0 tasks remaining in the queue.
2019-10-16 11:36:07,941 [main] INFO  impl.StateMachineUpdater (StateMachineUpdater.java:stopAndJoin(136)) - 857fec05-692a-4d09-bf1c-7d167682feae@group-AE6E07F3D65A-StateMachineUpdater: set stopIndex = 0
2019-10-16 11:36:07,941 [ForkJoinPool.commonPool-worker-0] INFO  segmented.SegmentedRaftLogWorker (SegmentedRaftLogWorker.java:close(224)) - 4281bf39-36db-462c-8bc9-3c86cb645344@group-B3673A53AB6F-SegmentedRaftLogWorker close()
2019-10-16 11:36:07,942 [main] INFO  impl.RaftServerImpl (ServerState.java:close(388)) - 857fec05-692a-4d09-bf1c-7d167682feae@group-AE6E07F3D65A: closes. applyIndex: 0
2019-10-16 11:36:07,945 [ForkJoinPool.commonPool-worker-0] INFO  impl.RaftServerImpl (RaftServerImpl.java:lambda$shutdown$3(261)) - 4281bf39-36db-462c-8bc9-3c86cb645344@group-307866F8E569: shutdown
2019-10-16 11:36:07,945 [857fec05-692a-4d09-bf1c-7d167682feae@group-AE6E07F3D65A-SegmentedRaftLogWorker] INFO  segmented.SegmentedRaftLogWorker (SegmentedRaftLogWorker.java:run(316)) - 857fec05-692a-4d09-bf1c-7d167682feae@group-AE6E07F3D65A-SegmentedRaftLogWorker was interrupted, exiting. There are 0 tasks remaining in the queue.
2019-10-16 11:36:07,945 [ForkJoinPool.commonPool-worker-0] INFO  util.JmxRegister (JmxRegister.java:unregister(73)) - Successfully un-registered JMX Bean with object name Ratis:service=RaftServer,group=group-307866F8E569,id=4281bf39-36db-462c-8bc9-3c86cb645344
2019-10-16 11:36:07,947 [main] INFO  segmented.SegmentedRaftLogWorker (SegmentedRaftLogWorker.java:close(224)) - 857fec05-692a-4d09-bf1c-7d167682feae@group-AE6E07F3D65A-SegmentedRaftLogWorker close()
2019-10-16 11:36:07,947 [ForkJoinPool.commonPool-worker-0] INFO  impl.RoleInfo (RoleInfo.java:shutdownLeaderState(104)) - 4281bf39-36db-462c-8bc9-3c86cb645344: shutdown LeaderState
2019-10-16 11:36:07,950 [main] INFO  impl.RaftServerImpl (RaftServerImpl.java:lambda$shutdown$3(261)) - 857fec05-692a-4d09-bf1c-7d167682feae@group-8BBDE5791A04: shutdown
2019-10-16 11:36:07,950 [ForkJoinPool.commonPool-worker-0] INFO  impl.PendingRequests (PendingRequests.java:sendNotLeaderResponses(202)) - 4281bf39-36db-462c-8bc9-3c86cb645344@group-307866F8E569-PendingRequests: sendNotLeaderResponses
2019-10-16 11:36:07,951 [main] INFO  util.JmxRegister (JmxRegister.java:unregister(73)) - Successfully un-registered JMX Bean with object name Ratis:service=RaftServer,group=group-8BBDE5791A04,id=857fec05-692a-4d09-bf1c-7d167682feae
2019-10-16 11:36:07,951 [ForkJoinPool.commonPool-worker-0] INFO  impl.StateMachineUpdater (StateMachineUpdater.java:stopAndJoin(136)) - 4281bf39-36db-462c-8bc9-3c86cb645344@group-307866F8E569-StateMachineUpdater: set stopIndex = 0
2019-10-16 11:36:07,951 [main] INFO  impl.RoleInfo (RoleInfo.java:shutdownFollowerState(121)) - 857fec05-692a-4d09-bf1c-7d167682feae: shutdown FollowerState
2019-10-16 11:36:07,952 [ForkJoinPool.commonPool-worker-0] INFO  impl.RaftServerImpl (ServerState.java:close(388)) - 4281bf39-36db-462c-8bc9-3c86cb645344@group-307866F8E569: closes. applyIndex: 0
2019-10-16 11:36:07,952 [Thread-586] INFO  impl.FollowerState (FollowerState.java:run(117)) - 857fec05-692a-4d09-bf1c-7d167682feae@group-8BBDE5791A04-FollowerState was interrupted: java.lang.InterruptedException: sleep interrupted
2019-10-16 11:36:07,952 [main] INFO  impl.StateMachineUpdater (StateMachineUpdater.java:stopAndJoin(136)) - 857fec05-692a-4d09-bf1c-7d167682feae@group-8BBDE5791A04-StateMachineUpdater: set stopIndex = 21
2019-10-16 11:36:07,952 [4281bf39-36db-462c-8bc9-3c86cb645344@group-307866F8E569-SegmentedRaftLogWorker] INFO  segmented.SegmentedRaftLogWorker (SegmentedRaftLogWorker.java:run(316)) - 4281bf39-36db-462c-8bc9-3c86cb645344@group-307866F8E569-SegmentedRaftLogWorker was interrupted, exiting. There are 0 tasks remaining in the queue.
2019-10-16 11:36:07,952 [857fec05-692a-4d09-bf1c-7d167682feae@group-8BBDE5791A04-StateMachineUpdater] INFO  ratis.ContainerStateMachine (ContainerStateMachine.java:takeSnapshot(294)) - group-8BBDE5791A04: Taking a snapshot at:(t:6, i:19) file /workdir/hadoop-ozone/integration-test/target/test-dir/MiniOzoneClusterImpl-d10f3a9c-4fd6-4949-a3ff-490e135742c9/datanode-6/data/ratis/9ca8b30f-1255-49d0-b954-8bbde5791a04/sm/snapshot.6_19
2019-10-16 11:36:07,954 [ForkJoinPool.commonPool-worker-0] INFO  segmented.SegmentedRaftLogWorker (SegmentedRaftLogWorker.java:close(224)) - 4281bf39-36db-462c-8bc9-3c86cb645344@group-307866F8E569-SegmentedRaftLogWorker close()
2019-10-16 11:36:07,957 [ForkJoinPool.commonPool-worker-0] INFO  server.GrpcService (GrpcService.java:closeImpl(164)) - 4281bf39-36db-462c-8bc9-3c86cb645344: shutdown server with port 42381 now
2019-10-16 11:36:07,960 [ForkJoinPool.commonPool-worker-0] INFO  server.GrpcService (GrpcService.java:closeImpl(172)) - 4281bf39-36db-462c-8bc9-3c86cb645344: shutdown server with port 42381 successfully
2019-10-16 11:36:07,964 [refreshUsed-/workdir/hadoop-ozone/integration-test/target/test-dir/MiniOzoneClusterImpl-d10f3a9c-4fd6-4949-a3ff-490e135742c9/datanode-3/data/containers] WARN  fs.CachingGetSpaceUsed (CachingGetSpaceUsed.java:run(183)) - Thread Interrupted waiting to refresh disk information: sleep interrupted
2019-10-16 11:36:07,980 [ForkJoinPool.commonPool-worker-0] INFO  utils.BackgroundService (BackgroundService.java:shutdown(151)) - Shutting down service BlockDeletingService
2019-10-16 11:36:07,986 [ForkJoinPool.commonPool-worker-0] INFO  statemachine.DatanodeStateMachine (DatanodeStateMachine.java:stopDaemon(395)) - Ozone container server stopped.
2019-10-16 11:36:07,992 [ForkJoinPool.commonPool-worker-0] INFO  handler.ContextHandler (ContextHandler.java:doStop(910)) - Stopped o.e.j.w.WebAppContext@52d97ab6{/,null,UNAVAILABLE}{/hddsDatanode}
2019-10-16 11:36:07,992 [ForkJoinPool.commonPool-worker-0] INFO  server.AbstractConnector (AbstractConnector.java:doStop(318)) - Stopped ServerConnector@4da6d664{HTTP/1.1,[http/1.1]}{0.0.0.0:0}
2019-10-16 11:36:07,994 [ForkJoinPool.commonPool-worker-0] INFO  handler.ContextHandler (ContextHandler.java:doStop(910)) - Stopped o.e.j.s.ServletContextHandler@1a2bcd56{/static,jar:file:/home/user/.m2/repository/org/apache/hadoop/hadoop-hdds-container-service/0.5.0-SNAPSHOT/hadoop-hdds-container-service-0.5.0-SNAPSHOT.jar!/webapps/static,UNAVAILABLE}
2019-10-16 11:36:07,996 [ForkJoinPool.commonPool-worker-0] INFO  handler.ContextHandler (ContextHandler.java:doStop(910)) - Stopped o.e.j.s.ServletContextHandler@c27a3a2{/logs,file:///workdir/hadoop-ozone/integration-test/target/log,UNAVAILABLE}
2019-10-16 11:36:08,000 [Datanode State Machine Thread - 0] INFO  statemachine.DatanodeStateMachine (DatanodeStateMachine.java:lambda$startDaemon$0(350)) - Ozone container server started.
2019-10-16 11:36:08,006 [857fec05-692a-4d09-bf1c-7d167682feae@group-8BBDE5791A04-StateMachineUpdater] INFO  ratis.ContainerStateMachine (ContainerStateMachine.java:takeSnapshot(305)) - group-8BBDE5791A04: Finished taking a snapshot at:(t:6, i:19) file:/workdir/hadoop-ozone/integration-test/target/test-dir/MiniOzoneClusterImpl-d10f3a9c-4fd6-4949-a3ff-490e135742c9/datanode-6/data/ratis/9ca8b30f-1255-49d0-b954-8bbde5791a04/sm/snapshot.6_19 time:55
2019-10-16 11:36:08,010 [857fec05-692a-4d09-bf1c-7d167682feae@group-8BBDE5791A04-StateMachineUpdater] INFO  impl.StateMachineUpdater (StateMachineUpdater.java:takeSnapshot(269)) - 857fec05-692a-4d09-bf1c-7d167682feae@group-8BBDE5791A04-StateMachineUpdater: Took a snapshot at index 19
2019-10-16 11:36:08,011 [857fec05-692a-4d09-bf1c-7d167682feae@group-8BBDE5791A04-StateMachineUpdater] INFO  impl.StateMachineUpdater (StateMachineUpdater.java:lambda$new$0(84)) - 857fec05-692a-4d09-bf1c-7d167682feae@group-8BBDE5791A04-StateMachineUpdater: snapshotIndex: updateIncreasingly -1 -> 19
2019-10-16 11:36:08,014 [857fec05-692a-4d09-bf1c-7d167682feae@group-8BBDE5791A04-StateMachineUpdater] INFO  ratis.ContainerStateMachine (ContainerStateMachine.java:takeSnapshot(294)) - group-8BBDE5791A04: Taking a snapshot at:(t:6, i:19) file /workdir/hadoop-ozone/integration-test/target/test-dir/MiniOzoneClusterImpl-d10f3a9c-4fd6-4949-a3ff-490e135742c9/datanode-6/data/ratis/9ca8b30f-1255-49d0-b954-8bbde5791a04/sm/snapshot.6_19
2019-10-16 11:36:08,027 [857fec05-692a-4d09-bf1c-7d167682feae@group-8BBDE5791A04-StateMachineUpdater] INFO  ratis.ContainerStateMachine (ContainerStateMachine.java:takeSnapshot(305)) - group-8BBDE5791A04: Finished taking a snapshot at:(t:6, i:19) file:/workdir/hadoop-ozone/integration-test/target/test-dir/MiniOzoneClusterImpl-d10f3a9c-4fd6-4949-a3ff-490e135742c9/datanode-6/data/ratis/9ca8b30f-1255-49d0-b954-8bbde5791a04/sm/snapshot.6_19 time:12
2019-10-16 11:36:08,027 [857fec05-692a-4d09-bf1c-7d167682feae@group-8BBDE5791A04-StateMachineUpdater] INFO  impl.StateMachineUpdater (StateMachineUpdater.java:takeSnapshot(269)) - 857fec05-692a-4d09-bf1c-7d167682feae@group-8BBDE5791A04-StateMachineUpdater: Took a snapshot at index 19
2019-10-16 11:36:08,027 [857fec05-692a-4d09-bf1c-7d167682feae@group-8BBDE5791A04-StateMachineUpdater] INFO  impl.StateMachineUpdater (StateMachineUpdater.java:lambda$new$0(84)) - 857fec05-692a-4d09-bf1c-7d167682feae@group-8BBDE5791A04-StateMachineUpdater: snapshotIndex: updateIncreasingly 19 -> 19
2019-10-16 11:36:08,027 [main] INFO  impl.RaftServerImpl (ServerState.java:close(388)) - 857fec05-692a-4d09-bf1c-7d167682feae@group-8BBDE5791A04: closes. applyIndex: 21
2019-10-16 11:36:08,028 [857fec05-692a-4d09-bf1c-7d167682feae@group-8BBDE5791A04-SegmentedRaftLogWorker] INFO  segmented.SegmentedRaftLogWorker (SegmentedRaftLogWorker.java:run(316)) - 857fec05-692a-4d09-bf1c-7d167682feae@group-8BBDE5791A04-SegmentedRaftLogWorker was interrupted, exiting. There are 0 tasks remaining in the queue.
2019-10-16 11:36:08,030 [main] INFO  segmented.SegmentedRaftLogWorker (SegmentedRaftLogWorker.java:close(224)) - 857fec05-692a-4d09-bf1c-7d167682feae@group-8BBDE5791A04-SegmentedRaftLogWorker close()
2019-10-16 11:36:08,032 [main] INFO  server.GrpcService (GrpcService.java:closeImpl(164)) - 857fec05-692a-4d09-bf1c-7d167682feae: shutdown server with port 37664 now
2019-10-16 11:36:08,035 [grpc-default-executor-5] WARN  server.GrpcServerProtocolService (LogUtils.java:warn(134)) - 857fec05-692a-4d09-bf1c-7d167682feae: installSnapshot onError, lastRequest: 5c445d34-c031-481c-9d4b-8fbace1f61b8->857fec05-692a-4d09-bf1c-7d167682feae#77-t6, previous=(t:6, i:21), leaderCommit=21, initializing? false, entries: <empty>: org.apache.ratis.thirdparty.io.grpc.StatusRuntimeException: CANCELLED: cancelled before receiving half close
2019-10-16 11:36:08,038 [main] INFO  server.GrpcService (GrpcService.java:closeImpl(172)) - 857fec05-692a-4d09-bf1c-7d167682feae: shutdown server with port 37664 successfully
2019-10-16 11:36:08,038 [grpc-default-executor-3] WARN  server.GrpcLogAppender (LogUtils.java:warn(134)) - 5c445d34-c031-481c-9d4b-8fbace1f61b8@group-8BBDE5791A04->857fec05-692a-4d09-bf1c-7d167682feae-AppendLogResponseHandler: Failed appendEntries: org.apache.ratis.thirdparty.io.grpc.StatusRuntimeException: CANCELLED: HTTP/2 error code: CANCEL
Received Rst Stream
2019-10-16 11:36:08,046 [refreshUsed-/workdir/hadoop-ozone/integration-test/target/test-dir/MiniOzoneClusterImpl-d10f3a9c-4fd6-4949-a3ff-490e135742c9/datanode-6/data/containers] WARN  fs.CachingGetSpaceUsed (CachingGetSpaceUsed.java:run(183)) - Thread Interrupted waiting to refresh disk information: sleep interrupted
2019-10-16 11:36:08,061 [main] INFO  utils.BackgroundService (BackgroundService.java:shutdown(151)) - Shutting down service BlockDeletingService
2019-10-16 11:36:08,065 [main] INFO  statemachine.DatanodeStateMachine (DatanodeStateMachine.java:stopDaemon(395)) - Ozone container server stopped.
2019-10-16 11:36:08,066 [main] INFO  handler.ContextHandler (ContextHandler.java:doStop(910)) - Stopped o.e.j.w.WebAppContext@5ea4300e{/,null,UNAVAILABLE}{/hddsDatanode}
2019-10-16 11:36:08,066 [main] INFO  server.AbstractConnector (AbstractConnector.java:doStop(318)) - Stopped ServerConnector@5a1c3cb4{HTTP/1.1,[http/1.1]}{0.0.0.0:0}
2019-10-16 11:36:08,067 [main] INFO  handler.ContextHandler (ContextHandler.java:doStop(910)) - Stopped o.e.j.s.ServletContextHandler@20b9d5d5{/static,jar:file:/home/user/.m2/repository/org/apache/hadoop/hadoop-hdds-container-service/0.5.0-SNAPSHOT/hadoop-hdds-container-service-0.5.0-SNAPSHOT.jar!/webapps/static,UNAVAILABLE}
2019-10-16 11:36:08,067 [main] INFO  handler.ContextHandler (ContextHandler.java:doStop(910)) - Stopped o.e.j.s.ServletContextHandler@4228bf58{/logs,file:///workdir/hadoop-ozone/integration-test/target/log,UNAVAILABLE}
2019-10-16 11:36:08,087 [Thread-3139] INFO  impl.FollowerState (FollowerState.java:run(108)) - a3132885-145f-4a8c-85f4-c10eb874732d@group-2077DD483DC7-FollowerState: change to CANDIDATE, lastRpcTime:163ms, electionTimeout:163ms
2019-10-16 11:36:08,088 [Thread-3139] INFO  impl.RoleInfo (RoleInfo.java:shutdownFollowerState(121)) - a3132885-145f-4a8c-85f4-c10eb874732d: shutdown FollowerState
2019-10-16 11:36:08,088 [Thread-3139] INFO  impl.RaftServerImpl (RaftServerImpl.java:setRole(184)) - a3132885-145f-4a8c-85f4-c10eb874732d@group-2077DD483DC7: changes role from  FOLLOWER to CANDIDATE at term 227 for changeToCandidate
2019-10-16 11:36:08,088 [Thread-3139] INFO  impl.RoleInfo (RoleInfo.java:updateAndGet(143)) - a3132885-145f-4a8c-85f4-c10eb874732d: start LeaderElection
2019-10-16 11:36:08,098 [a3132885-145f-4a8c-85f4-c10eb874732d@group-2077DD483DC7-LeaderElection405] INFO  impl.LeaderElection (LeaderElection.java:askForVotes(178)) - a3132885-145f-4a8c-85f4-c10eb874732d@group-2077DD483DC7-LeaderElection405: begin an election at term 228 for -1: [163587bb-2c3b-4498-b576-18147cf38274:192.168.157.203:33208, a3132885-145f-4a8c-85f4-c10eb874732d:192.168.157.203:46766, 70b633f6-b230-4b9f-87f3-510da88f1e08:192.168.157.203:43163], old=null
2019-10-16 11:36:08,099 [grpc-default-executor-5] INFO  impl.RaftServerImpl (RaftServerImpl.java:setRole(184)) - 163587bb-2c3b-4498-b576-18147cf38274@group-2077DD483DC7: changes role from  FOLLOWER to FOLLOWER at term 228 for recognizeCandidate:a3132885-145f-4a8c-85f4-c10eb874732d
2019-10-16 11:36:08,099 [grpc-default-executor-3] INFO  impl.RaftServerImpl (RaftServerImpl.java:setRole(184)) - 70b633f6-b230-4b9f-87f3-510da88f1e08@group-2077DD483DC7: changes role from  FOLLOWER to FOLLOWER at term 228 for recognizeCandidate:a3132885-145f-4a8c-85f4-c10eb874732d
2019-10-16 11:36:08,099 [grpc-default-executor-5] INFO  impl.RoleInfo (RoleInfo.java:shutdownFollowerState(121)) - 163587bb-2c3b-4498-b576-18147cf38274: shutdown FollowerState
2019-10-16 11:36:08,100 [grpc-default-executor-3] INFO  impl.RoleInfo (RoleInfo.java:shutdownFollowerState(121)) - 70b633f6-b230-4b9f-87f3-510da88f1e08: shutdown FollowerState
2019-10-16 11:36:08,100 [Thread-3137] INFO  impl.FollowerState (FollowerState.java:run(117)) - 163587bb-2c3b-4498-b576-18147cf38274@group-2077DD483DC7-FollowerState was interrupted: java.lang.InterruptedException: sleep interrupted
2019-10-16 11:36:08,100 [grpc-default-executor-5] INFO  impl.RoleInfo (RoleInfo.java:updateAndGet(143)) - 163587bb-2c3b-4498-b576-18147cf38274: start FollowerState
2019-10-16 11:36:08,100 [Thread-3138] INFO  impl.FollowerState (FollowerState.java:run(117)) - 70b633f6-b230-4b9f-87f3-510da88f1e08@group-2077DD483DC7-FollowerState was interrupted: java.lang.InterruptedException: sleep interrupted
2019-10-16 11:36:08,100 [grpc-default-executor-3] INFO  impl.RoleInfo (RoleInfo.java:updateAndGet(143)) - 70b633f6-b230-4b9f-87f3-510da88f1e08: start FollowerState
2019-10-16 11:36:08,114 [a3132885-145f-4a8c-85f4-c10eb874732d@group-2077DD483DC7-LeaderElection405] INFO  impl.LeaderElection (LeaderElection.java:logAndReturn(56)) - a3132885-145f-4a8c-85f4-c10eb874732d@group-2077DD483DC7-LeaderElection405: Election REJECTED; received 2 response(s) [a3132885-145f-4a8c-85f4-c10eb874732d<-163587bb-2c3b-4498-b576-18147cf38274#0:FAIL-t228, a3132885-145f-4a8c-85f4-c10eb874732d<-70b633f6-b230-4b9f-87f3-510da88f1e08#0:FAIL-t228] and 0 exception(s); a3132885-145f-4a8c-85f4-c10eb874732d@group-2077DD483DC7:t228, leader=null, voted=a3132885-145f-4a8c-85f4-c10eb874732d, raftlog=a3132885-145f-4a8c-85f4-c10eb874732d@group-2077DD483DC7-SegmentedRaftLog:OPENED:c-1,f-1,i0, conf=-1: [163587bb-2c3b-4498-b576-18147cf38274:192.168.157.203:33208, a3132885-145f-4a8c-85f4-c10eb874732d:192.168.157.203:46766, 70b633f6-b230-4b9f-87f3-510da88f1e08:192.168.157.203:43163], old=null
2019-10-16 11:36:08,114 [a3132885-145f-4a8c-85f4-c10eb874732d@group-2077DD483DC7-LeaderElection405] INFO  impl.RaftServerImpl (RaftServerImpl.java:setRole(184)) - a3132885-145f-4a8c-85f4-c10eb874732d@group-2077DD483DC7: changes role from CANDIDATE to FOLLOWER at term 228 for DISCOVERED_A_NEW_TERM
2019-10-16 11:36:08,115 [a3132885-145f-4a8c-85f4-c10eb874732d@group-2077DD483DC7-LeaderElection405] INFO  impl.RoleInfo (RoleInfo.java:shutdownLeaderElection(134)) - a3132885-145f-4a8c-85f4-c10eb874732d: shutdown LeaderElection
2019-10-16 11:36:08,115 [a3132885-145f-4a8c-85f4-c10eb874732d@group-2077DD483DC7-LeaderElection405] INFO  impl.RoleInfo (RoleInfo.java:updateAndGet(143)) - a3132885-145f-4a8c-85f4-c10eb874732d: start FollowerState
2019-10-16 11:36:08,154 [Thread-3146] INFO  impl.FollowerState (FollowerState.java:run(108)) - a3132885-145f-4a8c-85f4-c10eb874732d@group-2077DD483DC7-FollowerState: change to CANDIDATE, lastRpcTime:39ms, electionTimeout:39ms
2019-10-16 11:36:08,154 [Thread-3146] INFO  impl.RoleInfo (RoleInfo.java:shutdownFollowerState(121)) - a3132885-145f-4a8c-85f4-c10eb874732d: shutdown FollowerState
2019-10-16 11:36:08,154 [Thread-3146] INFO  impl.RaftServerImpl (RaftServerImpl.java:setRole(184)) - a3132885-145f-4a8c-85f4-c10eb874732d@group-2077DD483DC7: changes role from  FOLLOWER to CANDIDATE at term 228 for changeToCandidate
2019-10-16 11:36:08,154 [Thread-3146] INFO  impl.RoleInfo (RoleInfo.java:updateAndGet(143)) - a3132885-145f-4a8c-85f4-c10eb874732d: start LeaderElection
2019-10-16 11:36:08,165 [a3132885-145f-4a8c-85f4-c10eb874732d@group-2077DD483DC7-LeaderElection406] INFO  impl.LeaderElection (LeaderElection.java:askForVotes(178)) - a3132885-145f-4a8c-85f4-c10eb874732d@group-2077DD483DC7-LeaderElection406: begin an election at term 229 for -1: [163587bb-2c3b-4498-b576-18147cf38274:192.168.157.203:33208, a3132885-145f-4a8c-85f4-c10eb874732d:192.168.157.203:46766, 70b633f6-b230-4b9f-87f3-510da88f1e08:192.168.157.203:43163], old=null
2019-10-16 11:36:08,167 [grpc-default-executor-3] INFO  impl.RaftServerImpl (RaftServerImpl.java:setRole(184)) - 163587bb-2c3b-4498-b576-18147cf38274@group-2077DD483DC7: changes role from  FOLLOWER to FOLLOWER at term 229 for recognizeCandidate:a3132885-145f-4a8c-85f4-c10eb874732d
2019-10-16 11:36:08,167 [grpc-default-executor-5] INFO  impl.RaftServerImpl (RaftServerImpl.java:setRole(184)) - 70b633f6-b230-4b9f-87f3-510da88f1e08@group-2077DD483DC7: changes role from  FOLLOWER to FOLLOWER at term 229 for recognizeCandidate:a3132885-145f-4a8c-85f4-c10eb874732d
2019-10-16 11:36:08,167 [grpc-default-executor-3] INFO  impl.RoleInfo (RoleInfo.java:shutdownFollowerState(121)) - 163587bb-2c3b-4498-b576-18147cf38274: shutdown FollowerState
2019-10-16 11:36:08,167 [grpc-default-executor-5] INFO  impl.RoleInfo (RoleInfo.java:shutdownFollowerState(121)) - 70b633f6-b230-4b9f-87f3-510da88f1e08: shutdown FollowerState
2019-10-16 11:36:08,168 [Thread-3144] INFO  impl.FollowerState (FollowerState.java:run(117)) - 163587bb-2c3b-4498-b576-18147cf38274@group-2077DD483DC7-FollowerState was interrupted: java.lang.InterruptedException: sleep interrupted
2019-10-16 11:36:08,167 [grpc-default-executor-3] INFO  impl.RoleInfo (RoleInfo.java:updateAndGet(143)) - 163587bb-2c3b-4498-b576-18147cf38274: start FollowerState
2019-10-16 11:36:08,168 [Thread-3145] INFO  impl.FollowerState (FollowerState.java:run(117)) - 70b633f6-b230-4b9f-87f3-510da88f1e08@group-2077DD483DC7-FollowerState was interrupted: java.lang.InterruptedException: sleep interrupted
2019-10-16 11:36:08,168 [grpc-default-executor-5] INFO  impl.RoleInfo (RoleInfo.java:updateAndGet(143)) - 70b633f6-b230-4b9f-87f3-510da88f1e08: start FollowerState
2019-10-16 11:36:08,183 [a3132885-145f-4a8c-85f4-c10eb874732d@group-2077DD483DC7-LeaderElection406] INFO  impl.LeaderElection (LeaderElection.java:logAndReturn(56)) - a3132885-145f-4a8c-85f4-c10eb874732d@group-2077DD483DC7-LeaderElection406: Election REJECTED; received 2 response(s) [a3132885-145f-4a8c-85f4-c10eb874732d<-163587bb-2c3b-4498-b576-18147cf38274#0:FAIL-t229, a3132885-145f-4a8c-85f4-c10eb874732d<-70b633f6-b230-4b9f-87f3-510da88f1e08#0:FAIL-t229] and 0 exception(s); a3132885-145f-4a8c-85f4-c10eb874732d@group-2077DD483DC7:t229, leader=null, voted=a3132885-145f-4a8c-85f4-c10eb874732d, raftlog=a3132885-145f-4a8c-85f4-c10eb874732d@group-2077DD483DC7-SegmentedRaftLog:OPENED:c-1,f-1,i0, conf=-1: [163587bb-2c3b-4498-b576-18147cf38274:192.168.157.203:33208, a3132885-145f-4a8c-85f4-c10eb874732d:192.168.157.203:46766, 70b633f6-b230-4b9f-87f3-510da88f1e08:192.168.157.203:43163], old=null
2019-10-16 11:36:08,183 [a3132885-145f-4a8c-85f4-c10eb874732d@group-2077DD483DC7-LeaderElection406] INFO  impl.RaftServerImpl (RaftServerImpl.java:setRole(184)) - a3132885-145f-4a8c-85f4-c10eb874732d@group-2077DD483DC7: changes role from CANDIDATE to FOLLOWER at term 229 for DISCOVERED_A_NEW_TERM
2019-10-16 11:36:08,183 [a3132885-145f-4a8c-85f4-c10eb874732d@group-2077DD483DC7-LeaderElection406] INFO  impl.RoleInfo (RoleInfo.java:shutdownLeaderElection(134)) - a3132885-145f-4a8c-85f4-c10eb874732d: shutdown LeaderElection
2019-10-16 11:36:08,183 [a3132885-145f-4a8c-85f4-c10eb874732d@group-2077DD483DC7-LeaderElection406] INFO  impl.RoleInfo (RoleInfo.java:updateAndGet(143)) - a3132885-145f-4a8c-85f4-c10eb874732d: start FollowerState
2019-10-16 11:36:08,272 [Thread-3152] INFO  impl.FollowerState (FollowerState.java:run(108)) - a3132885-145f-4a8c-85f4-c10eb874732d@group-2077DD483DC7-FollowerState: change to CANDIDATE, lastRpcTime:89ms, electionTimeout:89ms
2019-10-16 11:36:08,273 [Thread-3152] INFO  impl.RoleInfo (RoleInfo.java:shutdownFollowerState(121)) - a3132885-145f-4a8c-85f4-c10eb874732d: shutdown FollowerState
2019-10-16 11:36:08,273 [Thread-3152] INFO  impl.RaftServerImpl (RaftServerImpl.java:setRole(184)) - a3132885-145f-4a8c-85f4-c10eb874732d@group-2077DD483DC7: changes role from  FOLLOWER to CANDIDATE at term 229 for changeToCandidate
2019-10-16 11:36:08,273 [Thread-3152] INFO  impl.RoleInfo (RoleInfo.java:updateAndGet(143)) - a3132885-145f-4a8c-85f4-c10eb874732d: start LeaderElection
2019-10-16 11:36:08,279 [a3132885-145f-4a8c-85f4-c10eb874732d@group-2077DD483DC7-LeaderElection407] INFO  impl.LeaderElection (LeaderElection.java:askForVotes(178)) - a3132885-145f-4a8c-85f4-c10eb874732d@group-2077DD483DC7-LeaderElection407: begin an election at term 230 for -1: [163587bb-2c3b-4498-b576-18147cf38274:192.168.157.203:33208, a3132885-145f-4a8c-85f4-c10eb874732d:192.168.157.203:46766, 70b633f6-b230-4b9f-87f3-510da88f1e08:192.168.157.203:43163], old=null
2019-10-16 11:36:08,280 [grpc-default-executor-3] INFO  impl.RaftServerImpl (RaftServerImpl.java:setRole(184)) - 163587bb-2c3b-4498-b576-18147cf38274@group-2077DD483DC7: changes role from  FOLLOWER to FOLLOWER at term 230 for recognizeCandidate:a3132885-145f-4a8c-85f4-c10eb874732d
2019-10-16 11:36:08,281 [grpc-default-executor-5] INFO  impl.RaftServerImpl (RaftServerImpl.java:setRole(184)) - 70b633f6-b230-4b9f-87f3-510da88f1e08@group-2077DD483DC7: changes role from  FOLLOWER to FOLLOWER at term 230 for recognizeCandidate:a3132885-145f-4a8c-85f4-c10eb874732d
2019-10-16 11:36:08,281 [grpc-default-executor-5] INFO  impl.RoleInfo (RoleInfo.java:shutdownFollowerState(121)) - 70b633f6-b230-4b9f-87f3-510da88f1e08: shutdown FollowerState
2019-10-16 11:36:08,281 [grpc-default-executor-3] INFO  impl.RoleInfo (RoleInfo.java:shutdownFollowerState(121)) - 163587bb-2c3b-4498-b576-18147cf38274: shutdown FollowerState
2019-10-16 11:36:08,281 [Thread-3151] INFO  impl.FollowerState (FollowerState.java:run(117)) - 70b633f6-b230-4b9f-87f3-510da88f1e08@group-2077DD483DC7-FollowerState was interrupted: java.lang.InterruptedException: sleep interrupted
2019-10-16 11:36:08,281 [Thread-3150] INFO  impl.FollowerState (FollowerState.java:run(117)) - 163587bb-2c3b-4498-b576-18147cf38274@group-2077DD483DC7-FollowerState was interrupted: java.lang.InterruptedException: sleep interrupted
2019-10-16 11:36:08,281 [grpc-default-executor-5] INFO  impl.RoleInfo (RoleInfo.java:updateAndGet(143)) - 70b633f6-b230-4b9f-87f3-510da88f1e08: start FollowerState
2019-10-16 11:36:08,281 [grpc-default-executor-3] INFO  impl.RoleInfo (RoleInfo.java:updateAndGet(143)) - 163587bb-2c3b-4498-b576-18147cf38274: start FollowerState
2019-10-16 11:36:08,297 [a3132885-145f-4a8c-85f4-c10eb874732d@group-2077DD483DC7-LeaderElection407] INFO  impl.LeaderElection (LeaderElection.java:logAndReturn(56)) - a3132885-145f-4a8c-85f4-c10eb874732d@group-2077DD483DC7-LeaderElection407: Election REJECTED; received 2 response(s) [a3132885-145f-4a8c-85f4-c10eb874732d<-163587bb-2c3b-4498-b576-18147cf38274#0:FAIL-t230, a3132885-145f-4a8c-85f4-c10eb874732d<-70b633f6-b230-4b9f-87f3-510da88f1e08#0:FAIL-t230] and 0 exception(s); a3132885-145f-4a8c-85f4-c10eb874732d@group-2077DD483DC7:t230, leader=null, voted=a3132885-145f-4a8c-85f4-c10eb874732d, raftlog=a3132885-145f-4a8c-85f4-c10eb874732d@group-2077DD483DC7-SegmentedRaftLog:OPENED:c-1,f-1,i0, conf=-1: [163587bb-2c3b-4498-b576-18147cf38274:192.168.157.203:33208, a3132885-145f-4a8c-85f4-c10eb874732d:192.168.157.203:46766, 70b633f6-b230-4b9f-87f3-510da88f1e08:192.168.157.203:43163], old=null
2019-10-16 11:36:08,297 [a3132885-145f-4a8c-85f4-c10eb874732d@group-2077DD483DC7-LeaderElection407] INFO  impl.RaftServerImpl (RaftServerImpl.java:setRole(184)) - a3132885-145f-4a8c-85f4-c10eb874732d@group-2077DD483DC7: changes role from CANDIDATE to FOLLOWER at term 230 for DISCOVERED_A_NEW_TERM
2019-10-16 11:36:08,297 [a3132885-145f-4a8c-85f4-c10eb874732d@group-2077DD483DC7-LeaderElection407] INFO  impl.RoleInfo (RoleInfo.java:shutdownLeaderElection(134)) - a3132885-145f-4a8c-85f4-c10eb874732d: shutdown LeaderElection
2019-10-16 11:36:08,297 [a3132885-145f-4a8c-85f4-c10eb874732d@group-2077DD483DC7-LeaderElection407] INFO  impl.RoleInfo (RoleInfo.java:updateAndGet(143)) - a3132885-145f-4a8c-85f4-c10eb874732d: start FollowerState
2019-10-16 11:36:08,449 [Thread-3158] INFO  impl.FollowerState (FollowerState.java:run(108)) - a3132885-145f-4a8c-85f4-c10eb874732d@group-2077DD483DC7-FollowerState: change to CANDIDATE, lastRpcTime:151ms, electionTimeout:151ms
2019-10-16 11:36:08,449 [Thread-3158] INFO  impl.RoleInfo (RoleInfo.java:shutdownFollowerState(121)) - a3132885-145f-4a8c-85f4-c10eb874732d: shutdown FollowerState
2019-10-16 11:36:08,449 [Thread-3158] INFO  impl.RaftServerImpl (RaftServerImpl.java:setRole(184)) - a3132885-145f-4a8c-85f4-c10eb874732d@group-2077DD483DC7: changes role from  FOLLOWER to CANDIDATE at term 230 for changeToCandidate
2019-10-16 11:36:08,449 [Thread-3158] INFO  impl.RoleInfo (RoleInfo.java:updateAndGet(143)) - a3132885-145f-4a8c-85f4-c10eb874732d: start LeaderElection
2019-10-16 11:36:08,464 [a3132885-145f-4a8c-85f4-c10eb874732d@group-2077DD483DC7-LeaderElection408] INFO  impl.LeaderElection (LeaderElection.java:askForVotes(178)) - a3132885-145f-4a8c-85f4-c10eb874732d@group-2077DD483DC7-LeaderElection408: begin an election at term 231 for -1: [163587bb-2c3b-4498-b576-18147cf38274:192.168.157.203:33208, a3132885-145f-4a8c-85f4-c10eb874732d:192.168.157.203:46766, 70b633f6-b230-4b9f-87f3-510da88f1e08:192.168.157.203:43163], old=null
2019-10-16 11:36:08,466 [grpc-default-executor-3] INFO  impl.RaftServerImpl (RaftServerImpl.java:setRole(184)) - 163587bb-2c3b-4498-b576-18147cf38274@group-2077DD483DC7: changes role from  FOLLOWER to FOLLOWER at term 231 for recognizeCandidate:a3132885-145f-4a8c-85f4-c10eb874732d
2019-10-16 11:36:08,466 [grpc-default-executor-3] INFO  impl.RoleInfo (RoleInfo.java:shutdownFollowerState(121)) - 163587bb-2c3b-4498-b576-18147cf38274: shutdown FollowerState
2019-10-16 11:36:08,467 [grpc-default-executor-5] INFO  impl.RaftServerImpl (RaftServerImpl.java:setRole(184)) - 70b633f6-b230-4b9f-87f3-510da88f1e08@group-2077DD483DC7: changes role from  FOLLOWER to FOLLOWER at term 231 for recognizeCandidate:a3132885-145f-4a8c-85f4-c10eb874732d
2019-10-16 11:36:08,467 [Thread-3157] INFO  impl.FollowerState (FollowerState.java:run(117)) - 163587bb-2c3b-4498-b576-18147cf38274@group-2077DD483DC7-FollowerState was interrupted: java.lang.InterruptedException: sleep interrupted
2019-10-16 11:36:08,467 [grpc-default-executor-5] INFO  impl.RoleInfo (RoleInfo.java:shutdownFollowerState(121)) - 70b633f6-b230-4b9f-87f3-510da88f1e08: shutdown FollowerState
2019-10-16 11:36:08,467 [grpc-default-executor-5] INFO  impl.RoleInfo (RoleInfo.java:updateAndGet(143)) - 70b633f6-b230-4b9f-87f3-510da88f1e08: start FollowerState
2019-10-16 11:36:08,467 [Thread-3156] INFO  impl.FollowerState (FollowerState.java:run(117)) - 70b633f6-b230-4b9f-87f3-510da88f1e08@group-2077DD483DC7-FollowerState was interrupted: java.lang.InterruptedException: sleep interrupted
2019-10-16 11:36:08,467 [grpc-default-executor-3] INFO  impl.RoleInfo (RoleInfo.java:updateAndGet(143)) - 163587bb-2c3b-4498-b576-18147cf38274: start FollowerState
2019-10-16 11:36:08,480 [a3132885-145f-4a8c-85f4-c10eb874732d@group-2077DD483DC7-LeaderElection408] INFO  impl.LeaderElection (LeaderElection.java:logAndReturn(56)) - a3132885-145f-4a8c-85f4-c10eb874732d@group-2077DD483DC7-LeaderElection408: Election REJECTED; received 2 response(s) [a3132885-145f-4a8c-85f4-c10eb874732d<-163587bb-2c3b-4498-b576-18147cf38274#0:FAIL-t231, a3132885-145f-4a8c-85f4-c10eb874732d<-70b633f6-b230-4b9f-87f3-510da88f1e08#0:FAIL-t231] and 0 exception(s); a3132885-145f-4a8c-85f4-c10eb874732d@group-2077DD483DC7:t231, leader=null, voted=a3132885-145f-4a8c-85f4-c10eb874732d, raftlog=a3132885-145f-4a8c-85f4-c10eb874732d@group-2077DD483DC7-SegmentedRaftLog:OPENED:c-1,f-1,i0, conf=-1: [163587bb-2c3b-4498-b576-18147cf38274:192.168.157.203:33208, a3132885-145f-4a8c-85f4-c10eb874732d:192.168.157.203:46766, 70b633f6-b230-4b9f-87f3-510da88f1e08:192.168.157.203:43163], old=null
2019-10-16 11:36:08,480 [a3132885-145f-4a8c-85f4-c10eb874732d@group-2077DD483DC7-LeaderElection408] INFO  impl.RaftServerImpl (RaftServerImpl.java:setRole(184)) - a3132885-145f-4a8c-85f4-c10eb874732d@group-2077DD483DC7: changes role from CANDIDATE to FOLLOWER at term 231 for DISCOVERED_A_NEW_TERM
2019-10-16 11:36:08,480 [a3132885-145f-4a8c-85f4-c10eb874732d@group-2077DD483DC7-LeaderElection408] INFO  impl.RoleInfo (RoleInfo.java:shutdownLeaderElection(134)) - a3132885-145f-4a8c-85f4-c10eb874732d: shutdown LeaderElection
2019-10-16 11:36:08,480 [a3132885-145f-4a8c-85f4-c10eb874732d@group-2077DD483DC7-LeaderElection408] INFO  impl.RoleInfo (RoleInfo.java:updateAndGet(143)) - a3132885-145f-4a8c-85f4-c10eb874732d: start FollowerState
2019-10-16 11:36:08,553 [Datanode State Machine Thread - 0] INFO  statemachine.DatanodeStateMachine (DatanodeStateMachine.java:lambda$startDaemon$0(350)) - Ozone container server started.
2019-10-16 11:36:08,604 [Thread-3164] INFO  impl.FollowerState (FollowerState.java:run(108)) - a3132885-145f-4a8c-85f4-c10eb874732d@group-2077DD483DC7-FollowerState: change to CANDIDATE, lastRpcTime:123ms, electionTimeout:123ms
2019-10-16 11:36:08,604 [Thread-3164] INFO  impl.RoleInfo (RoleInfo.java:shutdownFollowerState(121)) - a3132885-145f-4a8c-85f4-c10eb874732d: shutdown FollowerState
2019-10-16 11:36:08,604 [Thread-3164] INFO  impl.RaftServerImpl (RaftServerImpl.java:setRole(184)) - a3132885-145f-4a8c-85f4-c10eb874732d@group-2077DD483DC7: changes role from  FOLLOWER to CANDIDATE at term 231 for changeToCandidate
2019-10-16 11:36:08,604 [Thread-3164] INFO  impl.RoleInfo (RoleInfo.java:updateAndGet(143)) - a3132885-145f-4a8c-85f4-c10eb874732d: start LeaderElection
2019-10-16 11:36:08,618 [a3132885-145f-4a8c-85f4-c10eb874732d@group-2077DD483DC7-LeaderElection409] INFO  impl.LeaderElection (LeaderElection.java:askForVotes(178)) - a3132885-145f-4a8c-85f4-c10eb874732d@group-2077DD483DC7-LeaderElection409: begin an election at term 232 for -1: [163587bb-2c3b-4498-b576-18147cf38274:192.168.157.203:33208, a3132885-145f-4a8c-85f4-c10eb874732d:192.168.157.203:46766, 70b633f6-b230-4b9f-87f3-510da88f1e08:192.168.157.203:43163], old=null
2019-10-16 11:36:08,620 [grpc-default-executor-5] INFO  impl.RaftServerImpl (RaftServerImpl.java:setRole(184)) - 163587bb-2c3b-4498-b576-18147cf38274@group-2077DD483DC7: changes role from  FOLLOWER to FOLLOWER at term 232 for recognizeCandidate:a3132885-145f-4a8c-85f4-c10eb874732d
2019-10-16 11:36:08,620 [grpc-default-executor-3] INFO  impl.RaftServerImpl (RaftServerImpl.java:setRole(184)) - 70b633f6-b230-4b9f-87f3-510da88f1e08@group-2077DD483DC7: changes role from  FOLLOWER to FOLLOWER at term 232 for recognizeCandidate:a3132885-145f-4a8c-85f4-c10eb874732d
2019-10-16 11:36:08,620 [grpc-default-executor-5] INFO  impl.RoleInfo (RoleInfo.java:shutdownFollowerState(121)) - 163587bb-2c3b-4498-b576-18147cf38274: shutdown FollowerState
2019-10-16 11:36:08,620 [grpc-default-executor-3] INFO  impl.RoleInfo (RoleInfo.java:shutdownFollowerState(121)) - 70b633f6-b230-4b9f-87f3-510da88f1e08: shutdown FollowerState
2019-10-16 11:36:08,621 [Thread-3162] INFO  impl.FollowerState (FollowerState.java:run(117)) - 163587bb-2c3b-4498-b576-18147cf38274@group-2077DD483DC7-FollowerState was interrupted: java.lang.InterruptedException: sleep interrupted
2019-10-16 11:36:08,621 [grpc-default-executor-5] INFO  impl.RoleInfo (RoleInfo.java:updateAndGet(143)) - 163587bb-2c3b-4498-b576-18147cf38274: start FollowerState
2019-10-16 11:36:08,621 [Thread-3163] INFO  impl.FollowerState (FollowerState.java:run(117)) - 70b633f6-b230-4b9f-87f3-510da88f1e08@group-2077DD483DC7-FollowerState was interrupted: java.lang.InterruptedException: sleep interrupted
2019-10-16 11:36:08,621 [grpc-default-executor-3] INFO  impl.RoleInfo (RoleInfo.java:updateAndGet(143)) - 70b633f6-b230-4b9f-87f3-510da88f1e08: start FollowerState
2019-10-16 11:36:08,635 [a3132885-145f-4a8c-85f4-c10eb874732d@group-2077DD483DC7-LeaderElection409] INFO  impl.LeaderElection (LeaderElection.java:logAndReturn(56)) - a3132885-145f-4a8c-85f4-c10eb874732d@group-2077DD483DC7-LeaderElection409: Election REJECTED; received 2 response(s) [a3132885-145f-4a8c-85f4-c10eb874732d<-163587bb-2c3b-4498-b576-18147cf38274#0:FAIL-t232, a3132885-145f-4a8c-85f4-c10eb874732d<-70b633f6-b230-4b9f-87f3-510da88f1e08#0:FAIL-t232] and 0 exception(s); a3132885-145f-4a8c-85f4-c10eb874732d@group-2077DD483DC7:t232, leader=null, voted=a3132885-145f-4a8c-85f4-c10eb874732d, raftlog=a3132885-145f-4a8c-85f4-c10eb874732d@group-2077DD483DC7-SegmentedRaftLog:OPENED:c-1,f-1,i0, conf=-1: [163587bb-2c3b-4498-b576-18147cf38274:192.168.157.203:33208, a3132885-145f-4a8c-85f4-c10eb874732d:192.168.157.203:46766, 70b633f6-b230-4b9f-87f3-510da88f1e08:192.168.157.203:43163], old=null
2019-10-16 11:36:08,635 [a3132885-145f-4a8c-85f4-c10eb874732d@group-2077DD483DC7-LeaderElection409] INFO  impl.RaftServerImpl (RaftServerImpl.java:setRole(184)) - a3132885-145f-4a8c-85f4-c10eb874732d@group-2077DD483DC7: changes role from CANDIDATE to FOLLOWER at term 232 for DISCOVERED_A_NEW_TERM
2019-10-16 11:36:08,636 [a3132885-145f-4a8c-85f4-c10eb874732d@group-2077DD483DC7-LeaderElection409] INFO  impl.RoleInfo (RoleInfo.java:shutdownLeaderElection(134)) - a3132885-145f-4a8c-85f4-c10eb874732d: shutdown LeaderElection
2019-10-16 11:36:08,636 [a3132885-145f-4a8c-85f4-c10eb874732d@group-2077DD483DC7-LeaderElection409] INFO  impl.RoleInfo (RoleInfo.java:updateAndGet(143)) - a3132885-145f-4a8c-85f4-c10eb874732d: start FollowerState
2019-10-16 11:36:08,693 [Thread-3171] INFO  impl.FollowerState (FollowerState.java:run(108)) - a3132885-145f-4a8c-85f4-c10eb874732d@group-2077DD483DC7-FollowerState: change to CANDIDATE, lastRpcTime:57ms, electionTimeout:57ms
2019-10-16 11:36:08,693 [Thread-3171] INFO  impl.RoleInfo (RoleInfo.java:shutdownFollowerState(121)) - a3132885-145f-4a8c-85f4-c10eb874732d: shutdown FollowerState
2019-10-16 11:36:08,693 [Thread-3171] INFO  impl.RaftServerImpl (RaftServerImpl.java:setRole(184)) - a3132885-145f-4a8c-85f4-c10eb874732d@group-2077DD483DC7: changes role from  FOLLOWER to CANDIDATE at term 232 for changeToCandidate
2019-10-16 11:36:08,694 [Thread-3171] INFO  impl.RoleInfo (RoleInfo.java:updateAndGet(143)) - a3132885-145f-4a8c-85f4-c10eb874732d: start LeaderElection
2019-10-16 11:36:08,707 [a3132885-145f-4a8c-85f4-c10eb874732d@group-2077DD483DC7-LeaderElection410] INFO  impl.LeaderElection (LeaderElection.java:askForVotes(178)) - a3132885-145f-4a8c-85f4-c10eb874732d@group-2077DD483DC7-LeaderElection410: begin an election at term 233 for -1: [163587bb-2c3b-4498-b576-18147cf38274:192.168.157.203:33208, a3132885-145f-4a8c-85f4-c10eb874732d:192.168.157.203:46766, 70b633f6-b230-4b9f-87f3-510da88f1e08:192.168.157.203:43163], old=null
2019-10-16 11:36:08,709 [grpc-default-executor-3] INFO  impl.RaftServerImpl (RaftServerImpl.java:setRole(184)) - 163587bb-2c3b-4498-b576-18147cf38274@group-2077DD483DC7: changes role from  FOLLOWER to FOLLOWER at term 233 for recognizeCandidate:a3132885-145f-4a8c-85f4-c10eb874732d
2019-10-16 11:36:08,709 [grpc-default-executor-5] INFO  impl.RaftServerImpl (RaftServerImpl.java:setRole(184)) - 70b633f6-b230-4b9f-87f3-510da88f1e08@group-2077DD483DC7: changes role from  FOLLOWER to FOLLOWER at term 233 for recognizeCandidate:a3132885-145f-4a8c-85f4-c10eb874732d
2019-10-16 11:36:08,709 [grpc-default-executor-3] INFO  impl.RoleInfo (RoleInfo.java:shutdownFollowerState(121)) - 163587bb-2c3b-4498-b576-18147cf38274: shutdown FollowerState
2019-10-16 11:36:08,710 [grpc-default-executor-5] INFO  impl.RoleInfo (RoleInfo.java:shutdownFollowerState(121)) - 70b633f6-b230-4b9f-87f3-510da88f1e08: shutdown FollowerState
2019-10-16 11:36:08,710 [Thread-3169] INFO  impl.FollowerState (FollowerState.java:run(117)) - 163587bb-2c3b-4498-b576-18147cf38274@group-2077DD483DC7-FollowerState was interrupted: java.lang.InterruptedException: sleep interrupted
2019-10-16 11:36:08,710 [grpc-default-executor-3] INFO  impl.RoleInfo (RoleInfo.java:updateAndGet(143)) - 163587bb-2c3b-4498-b576-18147cf38274: start FollowerState
2019-10-16 11:36:08,710 [Thread-3170] INFO  impl.FollowerState (FollowerState.java:run(117)) - 70b633f6-b230-4b9f-87f3-510da88f1e08@group-2077DD483DC7-FollowerState was interrupted: java.lang.InterruptedException: sleep interrupted
2019-10-16 11:36:08,710 [grpc-default-executor-5] INFO  impl.RoleInfo (RoleInfo.java:updateAndGet(143)) - 70b633f6-b230-4b9f-87f3-510da88f1e08: start FollowerState
2019-10-16 11:36:08,725 [a3132885-145f-4a8c-85f4-c10eb874732d@group-2077DD483DC7-LeaderElection410] INFO  impl.LeaderElection (LeaderElection.java:logAndReturn(56)) - a3132885-145f-4a8c-85f4-c10eb874732d@group-2077DD483DC7-LeaderElection410: Election REJECTED; received 2 response(s) [a3132885-145f-4a8c-85f4-c10eb874732d<-163587bb-2c3b-4498-b576-18147cf38274#0:FAIL-t233, a3132885-145f-4a8c-85f4-c10eb874732d<-70b633f6-b230-4b9f-87f3-510da88f1e08#0:FAIL-t233] and 0 exception(s); a3132885-145f-4a8c-85f4-c10eb874732d@group-2077DD483DC7:t233, leader=null, voted=a3132885-145f-4a8c-85f4-c10eb874732d, raftlog=a3132885-145f-4a8c-85f4-c10eb874732d@group-2077DD483DC7-SegmentedRaftLog:OPENED:c-1,f-1,i0, conf=-1: [163587bb-2c3b-4498-b576-18147cf38274:192.168.157.203:33208, a3132885-145f-4a8c-85f4-c10eb874732d:192.168.157.203:46766, 70b633f6-b230-4b9f-87f3-510da88f1e08:192.168.157.203:43163], old=null
2019-10-16 11:36:08,725 [a3132885-145f-4a8c-85f4-c10eb874732d@group-2077DD483DC7-LeaderElection410] INFO  impl.RaftServerImpl (RaftServerImpl.java:setRole(184)) - a3132885-145f-4a8c-85f4-c10eb874732d@group-2077DD483DC7: changes role from CANDIDATE to FOLLOWER at term 233 for DISCOVERED_A_NEW_TERM
2019-10-16 11:36:08,725 [a3132885-145f-4a8c-85f4-c10eb874732d@group-2077DD483DC7-LeaderElection410] INFO  impl.RoleInfo (RoleInfo.java:shutdownLeaderElection(134)) - a3132885-145f-4a8c-85f4-c10eb874732d: shutdown LeaderElection
2019-10-16 11:36:08,725 [a3132885-145f-4a8c-85f4-c10eb874732d@group-2077DD483DC7-LeaderElection410] INFO  impl.RoleInfo (RoleInfo.java:updateAndGet(143)) - a3132885-145f-4a8c-85f4-c10eb874732d: start FollowerState
2019-10-16 11:36:08,775 [Thread-3177] INFO  impl.FollowerState (FollowerState.java:run(108)) - a3132885-145f-4a8c-85f4-c10eb874732d@group-2077DD483DC7-FollowerState: change to CANDIDATE, lastRpcTime:50ms, electionTimeout:50ms
2019-10-16 11:36:08,776 [Thread-3177] INFO  impl.RoleInfo (RoleInfo.java:shutdownFollowerState(121)) - a3132885-145f-4a8c-85f4-c10eb874732d: shutdown FollowerState
2019-10-16 11:36:08,776 [Thread-3177] INFO  impl.RaftServerImpl (RaftServerImpl.java:setRole(184)) - a3132885-145f-4a8c-85f4-c10eb874732d@group-2077DD483DC7: changes role from  FOLLOWER to CANDIDATE at term 233 for changeToCandidate
2019-10-16 11:36:08,776 [Thread-3177] INFO  impl.RoleInfo (RoleInfo.java:updateAndGet(143)) - a3132885-145f-4a8c-85f4-c10eb874732d: start LeaderElection
2019-10-16 11:36:08,790 [a3132885-145f-4a8c-85f4-c10eb874732d@group-2077DD483DC7-LeaderElection411] INFO  impl.LeaderElection (LeaderElection.java:askForVotes(178)) - a3132885-145f-4a8c-85f4-c10eb874732d@group-2077DD483DC7-LeaderElection411: begin an election at term 234 for -1: [163587bb-2c3b-4498-b576-18147cf38274:192.168.157.203:33208, a3132885-145f-4a8c-85f4-c10eb874732d:192.168.157.203:46766, 70b633f6-b230-4b9f-87f3-510da88f1e08:192.168.157.203:43163], old=null
2019-10-16 11:36:08,791 [grpc-default-executor-3] INFO  impl.RaftServerImpl (RaftServerImpl.java:setRole(184)) - 163587bb-2c3b-4498-b576-18147cf38274@group-2077DD483DC7: changes role from  FOLLOWER to FOLLOWER at term 234 for recognizeCandidate:a3132885-145f-4a8c-85f4-c10eb874732d
2019-10-16 11:36:08,792 [grpc-default-executor-5] INFO  impl.RaftServerImpl (RaftServerImpl.java:setRole(184)) - 70b633f6-b230-4b9f-87f3-510da88f1e08@group-2077DD483DC7: changes role from  FOLLOWER to FOLLOWER at term 234 for recognizeCandidate:a3132885-145f-4a8c-85f4-c10eb874732d
2019-10-16 11:36:08,792 [grpc-default-executor-3] INFO  impl.RoleInfo (RoleInfo.java:shutdownFollowerState(121)) - 163587bb-2c3b-4498-b576-18147cf38274: shutdown FollowerState
2019-10-16 11:36:08,792 [grpc-default-executor-5] INFO  impl.RoleInfo (RoleInfo.java:shutdownFollowerState(121)) - 70b633f6-b230-4b9f-87f3-510da88f1e08: shutdown FollowerState
2019-10-16 11:36:08,792 [Thread-3175] INFO  impl.FollowerState (FollowerState.java:run(117)) - 163587bb-2c3b-4498-b576-18147cf38274@group-2077DD483DC7-FollowerState was interrupted: java.lang.InterruptedException: sleep interrupted
2019-10-16 11:36:08,792 [Thread-3176] INFO  impl.FollowerState (FollowerState.java:run(117)) - 70b633f6-b230-4b9f-87f3-510da88f1e08@group-2077DD483DC7-FollowerState was interrupted: java.lang.InterruptedException: sleep interrupted
2019-10-16 11:36:08,792 [grpc-default-executor-3] INFO  impl.RoleInfo (RoleInfo.java:updateAndGet(143)) - 163587bb-2c3b-4498-b576-18147cf38274: start FollowerState
2019-10-16 11:36:08,792 [grpc-default-executor-5] INFO  impl.RoleInfo (RoleInfo.java:updateAndGet(143)) - 70b633f6-b230-4b9f-87f3-510da88f1e08: start FollowerState
2019-10-16 11:36:08,807 [a3132885-145f-4a8c-85f4-c10eb874732d@group-2077DD483DC7-LeaderElection411] INFO  impl.LeaderElection (LeaderElection.java:logAndReturn(56)) - a3132885-145f-4a8c-85f4-c10eb874732d@group-2077DD483DC7-LeaderElection411: Election REJECTED; received 2 response(s) [a3132885-145f-4a8c-85f4-c10eb874732d<-163587bb-2c3b-4498-b576-18147cf38274#0:FAIL-t234, a3132885-145f-4a8c-85f4-c10eb874732d<-70b633f6-b230-4b9f-87f3-510da88f1e08#0:FAIL-t234] and 0 exception(s); a3132885-145f-4a8c-85f4-c10eb874732d@group-2077DD483DC7:t234, leader=null, voted=a3132885-145f-4a8c-85f4-c10eb874732d, raftlog=a3132885-145f-4a8c-85f4-c10eb874732d@group-2077DD483DC7-SegmentedRaftLog:OPENED:c-1,f-1,i0, conf=-1: [163587bb-2c3b-4498-b576-18147cf38274:192.168.157.203:33208, a3132885-145f-4a8c-85f4-c10eb874732d:192.168.157.203:46766, 70b633f6-b230-4b9f-87f3-510da88f1e08:192.168.157.203:43163], old=null
2019-10-16 11:36:08,807 [a3132885-145f-4a8c-85f4-c10eb874732d@group-2077DD483DC7-LeaderElection411] INFO  impl.RaftServerImpl (RaftServerImpl.java:setRole(184)) - a3132885-145f-4a8c-85f4-c10eb874732d@group-2077DD483DC7: changes role from CANDIDATE to FOLLOWER at term 234 for DISCOVERED_A_NEW_TERM
2019-10-16 11:36:08,808 [a3132885-145f-4a8c-85f4-c10eb874732d@group-2077DD483DC7-LeaderElection411] INFO  impl.RoleInfo (RoleInfo.java:shutdownLeaderElection(134)) - a3132885-145f-4a8c-85f4-c10eb874732d: shutdown LeaderElection
2019-10-16 11:36:08,808 [a3132885-145f-4a8c-85f4-c10eb874732d@group-2077DD483DC7-LeaderElection411] INFO  impl.RoleInfo (RoleInfo.java:updateAndGet(143)) - a3132885-145f-4a8c-85f4-c10eb874732d: start FollowerState
2019-10-16 11:36:08,892 [Thread-3183] INFO  impl.FollowerState (FollowerState.java:run(108)) - a3132885-145f-4a8c-85f4-c10eb874732d@group-2077DD483DC7-FollowerState: change to CANDIDATE, lastRpcTime:84ms, electionTimeout:84ms
2019-10-16 11:36:08,892 [Thread-3183] INFO  impl.RoleInfo (RoleInfo.java:shutdownFollowerState(121)) - a3132885-145f-4a8c-85f4-c10eb874732d: shutdown FollowerState
2019-10-16 11:36:08,892 [Thread-3183] INFO  impl.RaftServerImpl (RaftServerImpl.java:setRole(184)) - a3132885-145f-4a8c-85f4-c10eb874732d@group-2077DD483DC7: changes role from  FOLLOWER to CANDIDATE at term 234 for changeToCandidate
2019-10-16 11:36:08,893 [Thread-3183] INFO  impl.RoleInfo (RoleInfo.java:updateAndGet(143)) - a3132885-145f-4a8c-85f4-c10eb874732d: start LeaderElection
2019-10-16 11:36:08,906 [a3132885-145f-4a8c-85f4-c10eb874732d@group-2077DD483DC7-LeaderElection412] INFO  impl.LeaderElection (LeaderElection.java:askForVotes(178)) - a3132885-145f-4a8c-85f4-c10eb874732d@group-2077DD483DC7-LeaderElection412: begin an election at term 235 for -1: [163587bb-2c3b-4498-b576-18147cf38274:192.168.157.203:33208, a3132885-145f-4a8c-85f4-c10eb874732d:192.168.157.203:46766, 70b633f6-b230-4b9f-87f3-510da88f1e08:192.168.157.203:43163], old=null
2019-10-16 11:36:08,908 [grpc-default-executor-3] INFO  impl.RaftServerImpl (RaftServerImpl.java:setRole(184)) - 163587bb-2c3b-4498-b576-18147cf38274@group-2077DD483DC7: changes role from  FOLLOWER to FOLLOWER at term 235 for recognizeCandidate:a3132885-145f-4a8c-85f4-c10eb874732d
2019-10-16 11:36:08,908 [grpc-default-executor-5] INFO  impl.RaftServerImpl (RaftServerImpl.java:setRole(184)) - 70b633f6-b230-4b9f-87f3-510da88f1e08@group-2077DD483DC7: changes role from  FOLLOWER to FOLLOWER at term 235 for recognizeCandidate:a3132885-145f-4a8c-85f4-c10eb874732d
2019-10-16 11:36:08,908 [grpc-default-executor-3] INFO  impl.RoleInfo (RoleInfo.java:shutdownFollowerState(121)) - 163587bb-2c3b-4498-b576-18147cf38274: shutdown FollowerState
2019-10-16 11:36:08,909 [grpc-default-executor-5] INFO  impl.RoleInfo (RoleInfo.java:shutdownFollowerState(121)) - 70b633f6-b230-4b9f-87f3-510da88f1e08: shutdown FollowerState
2019-10-16 11:36:08,909 [Thread-3181] INFO  impl.FollowerState (FollowerState.java:run(117)) - 163587bb-2c3b-4498-b576-18147cf38274@group-2077DD483DC7-FollowerState was interrupted: java.lang.InterruptedException: sleep interrupted
2019-10-16 11:36:08,909 [grpc-default-executor-3] INFO  impl.RoleInfo (RoleInfo.java:updateAndGet(143)) - 163587bb-2c3b-4498-b576-18147cf38274: start FollowerState
2019-10-16 11:36:08,909 [Thread-3182] INFO  impl.FollowerState (FollowerState.java:run(117)) - 70b633f6-b230-4b9f-87f3-510da88f1e08@group-2077DD483DC7-FollowerState was interrupted: java.lang.InterruptedException: sleep interrupted
2019-10-16 11:36:08,909 [grpc-default-executor-5] INFO  impl.RoleInfo (RoleInfo.java:updateAndGet(143)) - 70b633f6-b230-4b9f-87f3-510da88f1e08: start FollowerState
2019-10-16 11:36:08,923 [a3132885-145f-4a8c-85f4-c10eb874732d@group-2077DD483DC7-LeaderElection412] INFO  impl.LeaderElection (LeaderElection.java:logAndReturn(56)) - a3132885-145f-4a8c-85f4-c10eb874732d@group-2077DD483DC7-LeaderElection412: Election REJECTED; received 2 response(s) [a3132885-145f-4a8c-85f4-c10eb874732d<-163587bb-2c3b-4498-b576-18147cf38274#0:FAIL-t235, a3132885-145f-4a8c-85f4-c10eb874732d<-70b633f6-b230-4b9f-87f3-510da88f1e08#0:FAIL-t235] and 0 exception(s); a3132885-145f-4a8c-85f4-c10eb874732d@group-2077DD483DC7:t235, leader=null, voted=a3132885-145f-4a8c-85f4-c10eb874732d, raftlog=a3132885-145f-4a8c-85f4-c10eb874732d@group-2077DD483DC7-SegmentedRaftLog:OPENED:c-1,f-1,i0, conf=-1: [163587bb-2c3b-4498-b576-18147cf38274:192.168.157.203:33208, a3132885-145f-4a8c-85f4-c10eb874732d:192.168.157.203:46766, 70b633f6-b230-4b9f-87f3-510da88f1e08:192.168.157.203:43163], old=null
2019-10-16 11:36:08,924 [a3132885-145f-4a8c-85f4-c10eb874732d@group-2077DD483DC7-LeaderElection412] INFO  impl.RaftServerImpl (RaftServerImpl.java:setRole(184)) - a3132885-145f-4a8c-85f4-c10eb874732d@group-2077DD483DC7: changes role from CANDIDATE to FOLLOWER at term 235 for DISCOVERED_A_NEW_TERM
2019-10-16 11:36:08,924 [a3132885-145f-4a8c-85f4-c10eb874732d@group-2077DD483DC7-LeaderElection412] INFO  impl.RoleInfo (RoleInfo.java:shutdownLeaderElection(134)) - a3132885-145f-4a8c-85f4-c10eb874732d: shutdown LeaderElection
2019-10-16 11:36:08,924 [a3132885-145f-4a8c-85f4-c10eb874732d@group-2077DD483DC7-LeaderElection412] INFO  impl.RoleInfo (RoleInfo.java:updateAndGet(143)) - a3132885-145f-4a8c-85f4-c10eb874732d: start FollowerState
2019-10-16 11:36:09,041 [Thread-3189] INFO  impl.FollowerState (FollowerState.java:run(108)) - a3132885-145f-4a8c-85f4-c10eb874732d@group-2077DD483DC7-FollowerState: change to CANDIDATE, lastRpcTime:117ms, electionTimeout:117ms
2019-10-16 11:36:09,042 [Thread-3189] INFO  impl.RoleInfo (RoleInfo.java:shutdownFollowerState(121)) - a3132885-145f-4a8c-85f4-c10eb874732d: shutdown FollowerState
2019-10-16 11:36:09,042 [Thread-3189] INFO  impl.RaftServerImpl (RaftServerImpl.java:setRole(184)) - a3132885-145f-4a8c-85f4-c10eb874732d@group-2077DD483DC7: changes role from  FOLLOWER to CANDIDATE at term 235 for changeToCandidate
2019-10-16 11:36:09,042 [Thread-3189] INFO  impl.RoleInfo (RoleInfo.java:updateAndGet(143)) - a3132885-145f-4a8c-85f4-c10eb874732d: start LeaderElection
2019-10-16 11:36:09,056 [a3132885-145f-4a8c-85f4-c10eb874732d@group-2077DD483DC7-LeaderElection413] INFO  impl.LeaderElection (LeaderElection.java:askForVotes(178)) - a3132885-145f-4a8c-85f4-c10eb874732d@group-2077DD483DC7-LeaderElection413: begin an election at term 236 for -1: [163587bb-2c3b-4498-b576-18147cf38274:192.168.157.203:33208, a3132885-145f-4a8c-85f4-c10eb874732d:192.168.157.203:46766, 70b633f6-b230-4b9f-87f3-510da88f1e08:192.168.157.203:43163], old=null
2019-10-16 11:36:09,058 [grpc-default-executor-5] INFO  impl.RaftServerImpl (RaftServerImpl.java:setRole(184)) - 70b633f6-b230-4b9f-87f3-510da88f1e08@group-2077DD483DC7: changes role from  FOLLOWER to FOLLOWER at term 236 for recognizeCandidate:a3132885-145f-4a8c-85f4-c10eb874732d
2019-10-16 11:36:09,058 [grpc-default-executor-3] INFO  impl.RaftServerImpl (RaftServerImpl.java:setRole(184)) - 163587bb-2c3b-4498-b576-18147cf38274@group-2077DD483DC7: changes role from  FOLLOWER to FOLLOWER at term 236 for recognizeCandidate:a3132885-145f-4a8c-85f4-c10eb874732d
2019-10-16 11:36:09,058 [grpc-default-executor-5] INFO  impl.RoleInfo (RoleInfo.java:shutdownFollowerState(121)) - 70b633f6-b230-4b9f-87f3-510da88f1e08: shutdown FollowerState
2019-10-16 11:36:09,058 [grpc-default-executor-3] INFO  impl.RoleInfo (RoleInfo.java:shutdownFollowerState(121)) - 163587bb-2c3b-4498-b576-18147cf38274: shutdown FollowerState
2019-10-16 11:36:09,059 [Thread-3188] INFO  impl.FollowerState (FollowerState.java:run(117)) - 70b633f6-b230-4b9f-87f3-510da88f1e08@group-2077DD483DC7-FollowerState was interrupted: java.lang.InterruptedException: sleep interrupted
2019-10-16 11:36:09,059 [grpc-default-executor-5] INFO  impl.RoleInfo (RoleInfo.java:updateAndGet(143)) - 70b633f6-b230-4b9f-87f3-510da88f1e08: start FollowerState
2019-10-16 11:36:09,059 [Thread-3187] INFO  impl.FollowerState (FollowerState.java:run(117)) - 163587bb-2c3b-4498-b576-18147cf38274@group-2077DD483DC7-FollowerState was interrupted: java.lang.InterruptedException: sleep interrupted
2019-10-16 11:36:09,059 [grpc-default-executor-3] INFO  impl.RoleInfo (RoleInfo.java:updateAndGet(143)) - 163587bb-2c3b-4498-b576-18147cf38274: start FollowerState
2019-10-16 11:36:09,073 [a3132885-145f-4a8c-85f4-c10eb874732d@group-2077DD483DC7-LeaderElection413] INFO  impl.LeaderElection (LeaderElection.java:logAndReturn(56)) - a3132885-145f-4a8c-85f4-c10eb874732d@group-2077DD483DC7-LeaderElection413: Election REJECTED; received 2 response(s) [a3132885-145f-4a8c-85f4-c10eb874732d<-163587bb-2c3b-4498-b576-18147cf38274#0:FAIL-t236, a3132885-145f-4a8c-85f4-c10eb874732d<-70b633f6-b230-4b9f-87f3-510da88f1e08#0:FAIL-t236] and 0 exception(s); a3132885-145f-4a8c-85f4-c10eb874732d@group-2077DD483DC7:t236, leader=null, voted=a3132885-145f-4a8c-85f4-c10eb874732d, raftlog=a3132885-145f-4a8c-85f4-c10eb874732d@group-2077DD483DC7-SegmentedRaftLog:OPENED:c-1,f-1,i0, conf=-1: [163587bb-2c3b-4498-b576-18147cf38274:192.168.157.203:33208, a3132885-145f-4a8c-85f4-c10eb874732d:192.168.157.203:46766, 70b633f6-b230-4b9f-87f3-510da88f1e08:192.168.157.203:43163], old=null
2019-10-16 11:36:09,074 [a3132885-145f-4a8c-85f4-c10eb874732d@group-2077DD483DC7-LeaderElection413] INFO  impl.RaftServerImpl (RaftServerImpl.java:setRole(184)) - a3132885-145f-4a8c-85f4-c10eb874732d@group-2077DD483DC7: changes role from CANDIDATE to FOLLOWER at term 236 for DISCOVERED_A_NEW_TERM
2019-10-16 11:36:09,074 [a3132885-145f-4a8c-85f4-c10eb874732d@group-2077DD483DC7-LeaderElection413] INFO  impl.RoleInfo (RoleInfo.java:shutdownLeaderElection(134)) - a3132885-145f-4a8c-85f4-c10eb874732d: shutdown LeaderElection
2019-10-16 11:36:09,074 [a3132885-145f-4a8c-85f4-c10eb874732d@group-2077DD483DC7-LeaderElection413] INFO  impl.RoleInfo (RoleInfo.java:updateAndGet(143)) - a3132885-145f-4a8c-85f4-c10eb874732d: start FollowerState
2019-10-16 11:36:09,186 [Thread-3196] INFO  impl.FollowerState (FollowerState.java:run(108)) - a3132885-145f-4a8c-85f4-c10eb874732d@group-2077DD483DC7-FollowerState: change to CANDIDATE, lastRpcTime:112ms, electionTimeout:112ms
2019-10-16 11:36:09,186 [Thread-3196] INFO  impl.RoleInfo (RoleInfo.java:shutdownFollowerState(121)) - a3132885-145f-4a8c-85f4-c10eb874732d: shutdown FollowerState
2019-10-16 11:36:09,187 [Thread-3196] INFO  impl.RaftServerImpl (RaftServerImpl.java:setRole(184)) - a3132885-145f-4a8c-85f4-c10eb874732d@group-2077DD483DC7: changes role from  FOLLOWER to CANDIDATE at term 236 for changeToCandidate
2019-10-16 11:36:09,187 [Thread-3196] INFO  impl.RoleInfo (RoleInfo.java:updateAndGet(143)) - a3132885-145f-4a8c-85f4-c10eb874732d: start LeaderElection
2019-10-16 11:36:09,200 [a3132885-145f-4a8c-85f4-c10eb874732d@group-2077DD483DC7-LeaderElection414] INFO  impl.LeaderElection (LeaderElection.java:askForVotes(178)) - a3132885-145f-4a8c-85f4-c10eb874732d@group-2077DD483DC7-LeaderElection414: begin an election at term 237 for -1: [163587bb-2c3b-4498-b576-18147cf38274:192.168.157.203:33208, a3132885-145f-4a8c-85f4-c10eb874732d:192.168.157.203:46766, 70b633f6-b230-4b9f-87f3-510da88f1e08:192.168.157.203:43163], old=null
2019-10-16 11:36:09,202 [grpc-default-executor-3] INFO  impl.RaftServerImpl (RaftServerImpl.java:setRole(184)) - 163587bb-2c3b-4498-b576-18147cf38274@group-2077DD483DC7: changes role from  FOLLOWER to FOLLOWER at term 237 for recognizeCandidate:a3132885-145f-4a8c-85f4-c10eb874732d
2019-10-16 11:36:09,203 [grpc-default-executor-3] INFO  impl.RoleInfo (RoleInfo.java:shutdownFollowerState(121)) - 163587bb-2c3b-4498-b576-18147cf38274: shutdown FollowerState
2019-10-16 11:36:09,203 [grpc-default-executor-5] INFO  impl.RaftServerImpl (RaftServerImpl.java:setRole(184)) - 70b633f6-b230-4b9f-87f3-510da88f1e08@group-2077DD483DC7: changes role from  FOLLOWER to FOLLOWER at term 237 for recognizeCandidate:a3132885-145f-4a8c-85f4-c10eb874732d
2019-10-16 11:36:09,203 [Thread-3195] INFO  impl.FollowerState (FollowerState.java:run(117)) - 163587bb-2c3b-4498-b576-18147cf38274@group-2077DD483DC7-FollowerState was interrupted: java.lang.InterruptedException: sleep interrupted
2019-10-16 11:36:09,203 [grpc-default-executor-3] INFO  impl.RoleInfo (RoleInfo.java:updateAndGet(143)) - 163587bb-2c3b-4498-b576-18147cf38274: start FollowerState
2019-10-16 11:36:09,203 [grpc-default-executor-5] INFO  impl.RoleInfo (RoleInfo.java:shutdownFollowerState(121)) - 70b633f6-b230-4b9f-87f3-510da88f1e08: shutdown FollowerState
2019-10-16 11:36:09,204 [grpc-default-executor-5] INFO  impl.RoleInfo (RoleInfo.java:updateAndGet(143)) - 70b633f6-b230-4b9f-87f3-510da88f1e08: start FollowerState
2019-10-16 11:36:09,204 [Thread-3194] INFO  impl.FollowerState (FollowerState.java:run(117)) - 70b633f6-b230-4b9f-87f3-510da88f1e08@group-2077DD483DC7-FollowerState was interrupted: java.lang.InterruptedException: sleep interrupted
2019-10-16 11:36:09,217 [a3132885-145f-4a8c-85f4-c10eb874732d@group-2077DD483DC7-LeaderElection414] INFO  impl.LeaderElection (LeaderElection.java:logAndReturn(56)) - a3132885-145f-4a8c-85f4-c10eb874732d@group-2077DD483DC7-LeaderElection414: Election REJECTED; received 2 response(s) [a3132885-145f-4a8c-85f4-c10eb874732d<-163587bb-2c3b-4498-b576-18147cf38274#0:FAIL-t237, a3132885-145f-4a8c-85f4-c10eb874732d<-70b633f6-b230-4b9f-87f3-510da88f1e08#0:FAIL-t237] and 0 exception(s); a3132885-145f-4a8c-85f4-c10eb874732d@group-2077DD483DC7:t237, leader=null, voted=a3132885-145f-4a8c-85f4-c10eb874732d, raftlog=a3132885-145f-4a8c-85f4-c10eb874732d@group-2077DD483DC7-SegmentedRaftLog:OPENED:c-1,f-1,i0, conf=-1: [163587bb-2c3b-4498-b576-18147cf38274:192.168.157.203:33208, a3132885-145f-4a8c-85f4-c10eb874732d:192.168.157.203:46766, 70b633f6-b230-4b9f-87f3-510da88f1e08:192.168.157.203:43163], old=null
2019-10-16 11:36:09,217 [a3132885-145f-4a8c-85f4-c10eb874732d@group-2077DD483DC7-LeaderElection414] INFO  impl.RaftServerImpl (RaftServerImpl.java:setRole(184)) - a3132885-145f-4a8c-85f4-c10eb874732d@group-2077DD483DC7: changes role from CANDIDATE to FOLLOWER at term 237 for DISCOVERED_A_NEW_TERM
2019-10-16 11:36:09,217 [a3132885-145f-4a8c-85f4-c10eb874732d@group-2077DD483DC7-LeaderElection414] INFO  impl.RoleInfo (RoleInfo.java:shutdownLeaderElection(134)) - a3132885-145f-4a8c-85f4-c10eb874732d: shutdown LeaderElection
2019-10-16 11:36:09,218 [a3132885-145f-4a8c-85f4-c10eb874732d@group-2077DD483DC7-LeaderElection414] INFO  impl.RoleInfo (RoleInfo.java:updateAndGet(143)) - a3132885-145f-4a8c-85f4-c10eb874732d: start FollowerState
2019-10-16 11:36:09,324 [Thread-3202] INFO  impl.FollowerState (FollowerState.java:run(108)) - a3132885-145f-4a8c-85f4-c10eb874732d@group-2077DD483DC7-FollowerState: change to CANDIDATE, lastRpcTime:106ms, electionTimeout:106ms
2019-10-16 11:36:09,324 [Thread-3202] INFO  impl.RoleInfo (RoleInfo.java:shutdownFollowerState(121)) - a3132885-145f-4a8c-85f4-c10eb874732d: shutdown FollowerState
2019-10-16 11:36:09,324 [Thread-3202] INFO  impl.RaftServerImpl (RaftServerImpl.java:setRole(184)) - a3132885-145f-4a8c-85f4-c10eb874732d@group-2077DD483DC7: changes role from  FOLLOWER to CANDIDATE at term 237 for changeToCandidate
2019-10-16 11:36:09,324 [Thread-3202] INFO  impl.RoleInfo (RoleInfo.java:updateAndGet(143)) - a3132885-145f-4a8c-85f4-c10eb874732d: start LeaderElection
2019-10-16 11:36:09,339 [a3132885-145f-4a8c-85f4-c10eb874732d@group-2077DD483DC7-LeaderElection415] INFO  impl.LeaderElection (LeaderElection.java:askForVotes(178)) - a3132885-145f-4a8c-85f4-c10eb874732d@group-2077DD483DC7-LeaderElection415: begin an election at term 238 for -1: [163587bb-2c3b-4498-b576-18147cf38274:192.168.157.203:33208, a3132885-145f-4a8c-85f4-c10eb874732d:192.168.157.203:46766, 70b633f6-b230-4b9f-87f3-510da88f1e08:192.168.157.203:43163], old=null
2019-10-16 11:36:09,340 [grpc-default-executor-3] INFO  impl.RaftServerImpl (RaftServerImpl.java:setRole(184)) - 163587bb-2c3b-4498-b576-18147cf38274@group-2077DD483DC7: changes role from  FOLLOWER to FOLLOWER at term 238 for recognizeCandidate:a3132885-145f-4a8c-85f4-c10eb874732d
2019-10-16 11:36:09,340 [grpc-default-executor-3] INFO  impl.RoleInfo (RoleInfo.java:shutdownFollowerState(121)) - 163587bb-2c3b-4498-b576-18147cf38274: shutdown FollowerState
2019-10-16 11:36:09,340 [grpc-default-executor-5] INFO  impl.RaftServerImpl (RaftServerImpl.java:setRole(184)) - 70b633f6-b230-4b9f-87f3-510da88f1e08@group-2077DD483DC7: changes role from  FOLLOWER to FOLLOWER at term 238 for recognizeCandidate:a3132885-145f-4a8c-85f4-c10eb874732d
2019-10-16 11:36:09,341 [Thread-3200] INFO  impl.FollowerState (FollowerState.java:run(117)) - 163587bb-2c3b-4498-b576-18147cf38274@group-2077DD483DC7-FollowerState was interrupted: java.lang.InterruptedException: sleep interrupted
2019-10-16 11:36:09,341 [grpc-default-executor-3] INFO  impl.RoleInfo (RoleInfo.java:updateAndGet(143)) - 163587bb-2c3b-4498-b576-18147cf38274: start FollowerState
2019-10-16 11:36:09,341 [grpc-default-executor-5] INFO  impl.RoleInfo (RoleInfo.java:shutdownFollowerState(121)) - 70b633f6-b230-4b9f-87f3-510da88f1e08: shutdown FollowerState
2019-10-16 11:36:09,341 [grpc-default-executor-5] INFO  impl.RoleInfo (RoleInfo.java:updateAndGet(143)) - 70b633f6-b230-4b9f-87f3-510da88f1e08: start FollowerState
2019-10-16 11:36:09,341 [Thread-3201] INFO  impl.FollowerState (FollowerState.java:run(117)) - 70b633f6-b230-4b9f-87f3-510da88f1e08@group-2077DD483DC7-FollowerState was interrupted: java.lang.InterruptedException: sleep interrupted
2019-10-16 11:36:09,355 [a3132885-145f-4a8c-85f4-c10eb874732d@group-2077DD483DC7-LeaderElection415] INFO  impl.LeaderElection (LeaderElection.java:logAndReturn(56)) - a3132885-145f-4a8c-85f4-c10eb874732d@group-2077DD483DC7-LeaderElection415: Election REJECTED; received 2 response(s) [a3132885-145f-4a8c-85f4-c10eb874732d<-163587bb-2c3b-4498-b576-18147cf38274#0:FAIL-t238, a3132885-145f-4a8c-85f4-c10eb874732d<-70b633f6-b230-4b9f-87f3-510da88f1e08#0:FAIL-t238] and 0 exception(s); a3132885-145f-4a8c-85f4-c10eb874732d@group-2077DD483DC7:t238, leader=null, voted=a3132885-145f-4a8c-85f4-c10eb874732d, raftlog=a3132885-145f-4a8c-85f4-c10eb874732d@group-2077DD483DC7-SegmentedRaftLog:OPENED:c-1,f-1,i0, conf=-1: [163587bb-2c3b-4498-b576-18147cf38274:192.168.157.203:33208, a3132885-145f-4a8c-85f4-c10eb874732d:192.168.157.203:46766, 70b633f6-b230-4b9f-87f3-510da88f1e08:192.168.157.203:43163], old=null
2019-10-16 11:36:09,355 [a3132885-145f-4a8c-85f4-c10eb874732d@group-2077DD483DC7-LeaderElection415] INFO  impl.RaftServerImpl (RaftServerImpl.java:setRole(184)) - a3132885-145f-4a8c-85f4-c10eb874732d@group-2077DD483DC7: changes role from CANDIDATE to FOLLOWER at term 238 for DISCOVERED_A_NEW_TERM
2019-10-16 11:36:09,355 [a3132885-145f-4a8c-85f4-c10eb874732d@group-2077DD483DC7-LeaderElection415] INFO  impl.RoleInfo (RoleInfo.java:shutdownLeaderElection(134)) - a3132885-145f-4a8c-85f4-c10eb874732d: shutdown LeaderElection
2019-10-16 11:36:09,355 [a3132885-145f-4a8c-85f4-c10eb874732d@group-2077DD483DC7-LeaderElection415] INFO  impl.RoleInfo (RoleInfo.java:updateAndGet(143)) - a3132885-145f-4a8c-85f4-c10eb874732d: start FollowerState
2019-10-16 11:36:09,454 [Thread-3208] INFO  impl.FollowerState (FollowerState.java:run(108)) - a3132885-145f-4a8c-85f4-c10eb874732d@group-2077DD483DC7-FollowerState: change to CANDIDATE, lastRpcTime:98ms, electionTimeout:98ms
2019-10-16 11:36:09,454 [Thread-3208] INFO  impl.RoleInfo (RoleInfo.java:shutdownFollowerState(121)) - a3132885-145f-4a8c-85f4-c10eb874732d: shutdown FollowerState
2019-10-16 11:36:09,454 [Thread-3208] INFO  impl.RaftServerImpl (RaftServerImpl.java:setRole(184)) - a3132885-145f-4a8c-85f4-c10eb874732d@group-2077DD483DC7: changes role from  FOLLOWER to CANDIDATE at term 238 for changeToCandidate
2019-10-16 11:36:09,454 [Thread-3208] INFO  impl.RoleInfo (RoleInfo.java:updateAndGet(143)) - a3132885-145f-4a8c-85f4-c10eb874732d: start LeaderElection
2019-10-16 11:36:09,468 [a3132885-145f-4a8c-85f4-c10eb874732d@group-2077DD483DC7-LeaderElection416] INFO  impl.LeaderElection (LeaderElection.java:askForVotes(178)) - a3132885-145f-4a8c-85f4-c10eb874732d@group-2077DD483DC7-LeaderElection416: begin an election at term 239 for -1: [163587bb-2c3b-4498-b576-18147cf38274:192.168.157.203:33208, a3132885-145f-4a8c-85f4-c10eb874732d:192.168.157.203:46766, 70b633f6-b230-4b9f-87f3-510da88f1e08:192.168.157.203:43163], old=null
2019-10-16 11:36:09,469 [grpc-default-executor-5] INFO  impl.RaftServerImpl (RaftServerImpl.java:setRole(184)) - 163587bb-2c3b-4498-b576-18147cf38274@group-2077DD483DC7: changes role from  FOLLOWER to FOLLOWER at term 239 for recognizeCandidate:a3132885-145f-4a8c-85f4-c10eb874732d
2019-10-16 11:36:09,470 [grpc-default-executor-5] INFO  impl.RoleInfo (RoleInfo.java:shutdownFollowerState(121)) - 163587bb-2c3b-4498-b576-18147cf38274: shutdown FollowerState
2019-10-16 11:36:09,470 [grpc-default-executor-3] INFO  impl.RaftServerImpl (RaftServerImpl.java:setRole(184)) - 70b633f6-b230-4b9f-87f3-510da88f1e08@group-2077DD483DC7: changes role from  FOLLOWER to FOLLOWER at term 239 for recognizeCandidate:a3132885-145f-4a8c-85f4-c10eb874732d
2019-10-16 11:36:09,470 [grpc-default-executor-3] INFO  impl.RoleInfo (RoleInfo.java:shutdownFollowerState(121)) - 70b633f6-b230-4b9f-87f3-510da88f1e08: shutdown FollowerState
2019-10-16 11:36:09,470 [Thread-3206] INFO  impl.FollowerState (FollowerState.java:run(117)) - 163587bb-2c3b-4498-b576-18147cf38274@group-2077DD483DC7-FollowerState was interrupted: java.lang.InterruptedException: sleep interrupted
2019-10-16 11:36:09,470 [Thread-3207] INFO  impl.FollowerState (FollowerState.java:run(117)) - 70b633f6-b230-4b9f-87f3-510da88f1e08@group-2077DD483DC7-FollowerState was interrupted: java.lang.InterruptedException: sleep interrupted
2019-10-16 11:36:09,470 [grpc-default-executor-5] INFO  impl.RoleInfo (RoleInfo.java:updateAndGet(143)) - 163587bb-2c3b-4498-b576-18147cf38274: start FollowerState
2019-10-16 11:36:09,470 [grpc-default-executor-3] INFO  impl.RoleInfo (RoleInfo.java:updateAndGet(143)) - 70b633f6-b230-4b9f-87f3-510da88f1e08: start FollowerState
2019-10-16 11:36:09,484 [a3132885-145f-4a8c-85f4-c10eb874732d@group-2077DD483DC7-LeaderElection416] INFO  impl.LeaderElection (LeaderElection.java:logAndReturn(56)) - a3132885-145f-4a8c-85f4-c10eb874732d@group-2077DD483DC7-LeaderElection416: Election REJECTED; received 2 response(s) [a3132885-145f-4a8c-85f4-c10eb874732d<-163587bb-2c3b-4498-b576-18147cf38274#0:FAIL-t239, a3132885-145f-4a8c-85f4-c10eb874732d<-70b633f6-b230-4b9f-87f3-510da88f1e08#0:FAIL-t239] and 0 exception(s); a3132885-145f-4a8c-85f4-c10eb874732d@group-2077DD483DC7:t239, leader=null, voted=a3132885-145f-4a8c-85f4-c10eb874732d, raftlog=a3132885-145f-4a8c-85f4-c10eb874732d@group-2077DD483DC7-SegmentedRaftLog:OPENED:c-1,f-1,i0, conf=-1: [163587bb-2c3b-4498-b576-18147cf38274:192.168.157.203:33208, a3132885-145f-4a8c-85f4-c10eb874732d:192.168.157.203:46766, 70b633f6-b230-4b9f-87f3-510da88f1e08:192.168.157.203:43163], old=null
2019-10-16 11:36:09,484 [a3132885-145f-4a8c-85f4-c10eb874732d@group-2077DD483DC7-LeaderElection416] INFO  impl.RaftServerImpl (RaftServerImpl.java:setRole(184)) - a3132885-145f-4a8c-85f4-c10eb874732d@group-2077DD483DC7: changes role from CANDIDATE to FOLLOWER at term 239 for DISCOVERED_A_NEW_TERM
2019-10-16 11:36:09,484 [a3132885-145f-4a8c-85f4-c10eb874732d@group-2077DD483DC7-LeaderElection416] INFO  impl.RoleInfo (RoleInfo.java:shutdownLeaderElection(134)) - a3132885-145f-4a8c-85f4-c10eb874732d: shutdown LeaderElection
2019-10-16 11:36:09,484 [a3132885-145f-4a8c-85f4-c10eb874732d@group-2077DD483DC7-LeaderElection416] INFO  impl.RoleInfo (RoleInfo.java:updateAndGet(143)) - a3132885-145f-4a8c-85f4-c10eb874732d: start FollowerState
2019-10-16 11:36:09,584 [Thread-3214] INFO  impl.FollowerState (FollowerState.java:run(108)) - a3132885-145f-4a8c-85f4-c10eb874732d@group-2077DD483DC7-FollowerState: change to CANDIDATE, lastRpcTime:99ms, electionTimeout:99ms
2019-10-16 11:36:09,584 [Thread-3214] INFO  impl.RoleInfo (RoleInfo.java:shutdownFollowerState(121)) - a3132885-145f-4a8c-85f4-c10eb874732d: shutdown FollowerState
2019-10-16 11:36:09,584 [Thread-3214] INFO  impl.RaftServerImpl (RaftServerImpl.java:setRole(184)) - a3132885-145f-4a8c-85f4-c10eb874732d@group-2077DD483DC7: changes role from  FOLLOWER to CANDIDATE at term 239 for changeToCandidate
2019-10-16 11:36:09,584 [Thread-3214] INFO  impl.RoleInfo (RoleInfo.java:updateAndGet(143)) - a3132885-145f-4a8c-85f4-c10eb874732d: start LeaderElection
2019-10-16 11:36:09,606 [a3132885-145f-4a8c-85f4-c10eb874732d@group-2077DD483DC7-LeaderElection417] INFO  impl.LeaderElection (LeaderElection.java:askForVotes(178)) - a3132885-145f-4a8c-85f4-c10eb874732d@group-2077DD483DC7-LeaderElection417: begin an election at term 240 for -1: [163587bb-2c3b-4498-b576-18147cf38274:192.168.157.203:33208, a3132885-145f-4a8c-85f4-c10eb874732d:192.168.157.203:46766, 70b633f6-b230-4b9f-87f3-510da88f1e08:192.168.157.203:43163], old=null
2019-10-16 11:36:09,607 [grpc-default-executor-3] INFO  impl.RaftServerImpl (RaftServerImpl.java:setRole(184)) - 163587bb-2c3b-4498-b576-18147cf38274@group-2077DD483DC7: changes role from  FOLLOWER to FOLLOWER at term 240 for recognizeCandidate:a3132885-145f-4a8c-85f4-c10eb874732d
2019-10-16 11:36:09,607 [grpc-default-executor-3] INFO  impl.RoleInfo (RoleInfo.java:shutdownFollowerState(121)) - 163587bb-2c3b-4498-b576-18147cf38274: shutdown FollowerState
2019-10-16 11:36:09,607 [grpc-default-executor-5] INFO  impl.RaftServerImpl (RaftServerImpl.java:setRole(184)) - 70b633f6-b230-4b9f-87f3-510da88f1e08@group-2077DD483DC7: changes role from  FOLLOWER to FOLLOWER at term 240 for recognizeCandidate:a3132885-145f-4a8c-85f4-c10eb874732d
2019-10-16 11:36:09,608 [grpc-default-executor-5] INFO  impl.RoleInfo (RoleInfo.java:shutdownFollowerState(121)) - 70b633f6-b230-4b9f-87f3-510da88f1e08: shutdown FollowerState
2019-10-16 11:36:09,607 [Thread-3212] INFO  impl.FollowerState (FollowerState.java:run(117)) - 163587bb-2c3b-4498-b576-18147cf38274@group-2077DD483DC7-FollowerState was interrupted: java.lang.InterruptedException: sleep interrupted
2019-10-16 11:36:09,607 [grpc-default-executor-3] INFO  impl.RoleInfo (RoleInfo.java:updateAndGet(143)) - 163587bb-2c3b-4498-b576-18147cf38274: start FollowerState
2019-10-16 11:36:09,608 [grpc-default-executor-5] INFO  impl.RoleInfo (RoleInfo.java:updateAndGet(143)) - 70b633f6-b230-4b9f-87f3-510da88f1e08: start FollowerState
2019-10-16 11:36:09,608 [Thread-3213] INFO  impl.FollowerState (FollowerState.java:run(117)) - 70b633f6-b230-4b9f-87f3-510da88f1e08@group-2077DD483DC7-FollowerState was interrupted: java.lang.InterruptedException: sleep interrupted
2019-10-16 11:36:09,627 [a3132885-145f-4a8c-85f4-c10eb874732d@group-2077DD483DC7-LeaderElection417] INFO  impl.LeaderElection (LeaderElection.java:logAndReturn(56)) - a3132885-145f-4a8c-85f4-c10eb874732d@group-2077DD483DC7-LeaderElection417: Election REJECTED; received 2 response(s) [a3132885-145f-4a8c-85f4-c10eb874732d<-163587bb-2c3b-4498-b576-18147cf38274#0:FAIL-t240, a3132885-145f-4a8c-85f4-c10eb874732d<-70b633f6-b230-4b9f-87f3-510da88f1e08#0:FAIL-t240] and 0 exception(s); a3132885-145f-4a8c-85f4-c10eb874732d@group-2077DD483DC7:t240, leader=null, voted=a3132885-145f-4a8c-85f4-c10eb874732d, raftlog=a3132885-145f-4a8c-85f4-c10eb874732d@group-2077DD483DC7-SegmentedRaftLog:OPENED:c-1,f-1,i0, conf=-1: [163587bb-2c3b-4498-b576-18147cf38274:192.168.157.203:33208, a3132885-145f-4a8c-85f4-c10eb874732d:192.168.157.203:46766, 70b633f6-b230-4b9f-87f3-510da88f1e08:192.168.157.203:43163], old=null
2019-10-16 11:36:09,627 [a3132885-145f-4a8c-85f4-c10eb874732d@group-2077DD483DC7-LeaderElection417] INFO  impl.RaftServerImpl (RaftServerImpl.java:setRole(184)) - a3132885-145f-4a8c-85f4-c10eb874732d@group-2077DD483DC7: changes role from CANDIDATE to FOLLOWER at term 240 for DISCOVERED_A_NEW_TERM
2019-10-16 11:36:09,627 [a3132885-145f-4a8c-85f4-c10eb874732d@group-2077DD483DC7-LeaderElection417] INFO  impl.RoleInfo (RoleInfo.java:shutdownLeaderElection(134)) - a3132885-145f-4a8c-85f4-c10eb874732d: shutdown LeaderElection
2019-10-16 11:36:09,628 [a3132885-145f-4a8c-85f4-c10eb874732d@group-2077DD483DC7-LeaderElection417] INFO  impl.RoleInfo (RoleInfo.java:updateAndGet(143)) - a3132885-145f-4a8c-85f4-c10eb874732d: start FollowerState
2019-10-16 11:36:09,804 [Thread-3221] INFO  impl.FollowerState (FollowerState.java:run(108)) - a3132885-145f-4a8c-85f4-c10eb874732d@group-2077DD483DC7-FollowerState: change to CANDIDATE, lastRpcTime:176ms, electionTimeout:176ms
2019-10-16 11:36:09,804 [Thread-3221] INFO  impl.RoleInfo (RoleInfo.java:shutdownFollowerState(121)) - a3132885-145f-4a8c-85f4-c10eb874732d: shutdown FollowerState
2019-10-16 11:36:09,804 [Thread-3221] INFO  impl.RaftServerImpl (RaftServerImpl.java:setRole(184)) - a3132885-145f-4a8c-85f4-c10eb874732d@group-2077DD483DC7: changes role from  FOLLOWER to CANDIDATE at term 240 for changeToCandidate
2019-10-16 11:36:09,804 [Thread-3221] INFO  impl.RoleInfo (RoleInfo.java:updateAndGet(143)) - a3132885-145f-4a8c-85f4-c10eb874732d: start LeaderElection
2019-10-16 11:36:09,817 [a3132885-145f-4a8c-85f4-c10eb874732d@group-2077DD483DC7-LeaderElection418] INFO  impl.LeaderElection (LeaderElection.java:askForVotes(178)) - a3132885-145f-4a8c-85f4-c10eb874732d@group-2077DD483DC7-LeaderElection418: begin an election at term 241 for -1: [163587bb-2c3b-4498-b576-18147cf38274:192.168.157.203:33208, a3132885-145f-4a8c-85f4-c10eb874732d:192.168.157.203:46766, 70b633f6-b230-4b9f-87f3-510da88f1e08:192.168.157.203:43163], old=null
2019-10-16 11:36:09,819 [grpc-default-executor-5] INFO  impl.RaftServerImpl (RaftServerImpl.java:setRole(184)) - 70b633f6-b230-4b9f-87f3-510da88f1e08@group-2077DD483DC7: changes role from  FOLLOWER to FOLLOWER at term 241 for recognizeCandidate:a3132885-145f-4a8c-85f4-c10eb874732d
2019-10-16 11:36:09,819 [grpc-default-executor-3] INFO  impl.RaftServerImpl (RaftServerImpl.java:setRole(184)) - 163587bb-2c3b-4498-b576-18147cf38274@group-2077DD483DC7: changes role from  FOLLOWER to FOLLOWER at term 241 for recognizeCandidate:a3132885-145f-4a8c-85f4-c10eb874732d
2019-10-16 11:36:09,819 [grpc-default-executor-5] INFO  impl.RoleInfo (RoleInfo.java:shutdownFollowerState(121)) - 70b633f6-b230-4b9f-87f3-510da88f1e08: shutdown FollowerState
2019-10-16 11:36:09,819 [grpc-default-executor-3] INFO  impl.RoleInfo (RoleInfo.java:shutdownFollowerState(121)) - 163587bb-2c3b-4498-b576-18147cf38274: shutdown FollowerState
2019-10-16 11:36:09,819 [Thread-3220] INFO  impl.FollowerState (FollowerState.java:run(117)) - 70b633f6-b230-4b9f-87f3-510da88f1e08@group-2077DD483DC7-FollowerState was interrupted: java.lang.InterruptedException: sleep interrupted
2019-10-16 11:36:09,819 [grpc-default-executor-5] INFO  impl.RoleInfo (RoleInfo.java:updateAndGet(143)) - 70b633f6-b230-4b9f-87f3-510da88f1e08: start FollowerState
2019-10-16 11:36:09,819 [Thread-3219] INFO  impl.FollowerState (FollowerState.java:run(117)) - 163587bb-2c3b-4498-b576-18147cf38274@group-2077DD483DC7-FollowerState was interrupted: java.lang.InterruptedException: sleep interrupted
2019-10-16 11:36:09,819 [grpc-default-executor-3] INFO  impl.RoleInfo (RoleInfo.java:updateAndGet(143)) - 163587bb-2c3b-4498-b576-18147cf38274: start FollowerState
2019-10-16 11:36:09,833 [a3132885-145f-4a8c-85f4-c10eb874732d@group-2077DD483DC7-LeaderElection418] INFO  impl.LeaderElection (LeaderElection.java:logAndReturn(56)) - a3132885-145f-4a8c-85f4-c10eb874732d@group-2077DD483DC7-LeaderElection418: Election REJECTED; received 2 response(s) [a3132885-145f-4a8c-85f4-c10eb874732d<-163587bb-2c3b-4498-b576-18147cf38274#0:FAIL-t241, a3132885-145f-4a8c-85f4-c10eb874732d<-70b633f6-b230-4b9f-87f3-510da88f1e08#0:FAIL-t241] and 0 exception(s); a3132885-145f-4a8c-85f4-c10eb874732d@group-2077DD483DC7:t241, leader=null, voted=a3132885-145f-4a8c-85f4-c10eb874732d, raftlog=a3132885-145f-4a8c-85f4-c10eb874732d@group-2077DD483DC7-SegmentedRaftLog:OPENED:c-1,f-1,i0, conf=-1: [163587bb-2c3b-4498-b576-18147cf38274:192.168.157.203:33208, a3132885-145f-4a8c-85f4-c10eb874732d:192.168.157.203:46766, 70b633f6-b230-4b9f-87f3-510da88f1e08:192.168.157.203:43163], old=null
2019-10-16 11:36:09,833 [a3132885-145f-4a8c-85f4-c10eb874732d@group-2077DD483DC7-LeaderElection418] INFO  impl.RaftServerImpl (RaftServerImpl.java:setRole(184)) - a3132885-145f-4a8c-85f4-c10eb874732d@group-2077DD483DC7: changes role from CANDIDATE to FOLLOWER at term 241 for DISCOVERED_A_NEW_TERM
2019-10-16 11:36:09,833 [a3132885-145f-4a8c-85f4-c10eb874732d@group-2077DD483DC7-LeaderElection418] INFO  impl.RoleInfo (RoleInfo.java:shutdownLeaderElection(134)) - a3132885-145f-4a8c-85f4-c10eb874732d: shutdown LeaderElection
2019-10-16 11:36:09,833 [a3132885-145f-4a8c-85f4-c10eb874732d@group-2077DD483DC7-LeaderElection418] INFO  impl.RoleInfo (RoleInfo.java:updateAndGet(143)) - a3132885-145f-4a8c-85f4-c10eb874732d: start FollowerState
2019-10-16 11:36:09,918 [Thread-3227] INFO  impl.FollowerState (FollowerState.java:run(108)) - a3132885-145f-4a8c-85f4-c10eb874732d@group-2077DD483DC7-FollowerState: change to CANDIDATE, lastRpcTime:84ms, electionTimeout:84ms
2019-10-16 11:36:09,918 [Thread-3227] INFO  impl.RoleInfo (RoleInfo.java:shutdownFollowerState(121)) - a3132885-145f-4a8c-85f4-c10eb874732d: shutdown FollowerState
2019-10-16 11:36:09,918 [Thread-3227] INFO  impl.RaftServerImpl (RaftServerImpl.java:setRole(184)) - a3132885-145f-4a8c-85f4-c10eb874732d@group-2077DD483DC7: changes role from  FOLLOWER to CANDIDATE at term 241 for changeToCandidate
2019-10-16 11:36:09,918 [Thread-3227] INFO  impl.RoleInfo (RoleInfo.java:updateAndGet(143)) - a3132885-145f-4a8c-85f4-c10eb874732d: start LeaderElection
2019-10-16 11:36:09,931 [a3132885-145f-4a8c-85f4-c10eb874732d@group-2077DD483DC7-LeaderElection419] INFO  impl.LeaderElection (LeaderElection.java:askForVotes(178)) - a3132885-145f-4a8c-85f4-c10eb874732d@group-2077DD483DC7-LeaderElection419: begin an election at term 242 for -1: [163587bb-2c3b-4498-b576-18147cf38274:192.168.157.203:33208, a3132885-145f-4a8c-85f4-c10eb874732d:192.168.157.203:46766, 70b633f6-b230-4b9f-87f3-510da88f1e08:192.168.157.203:43163], old=null
2019-10-16 11:36:09,932 [grpc-default-executor-3] INFO  impl.RaftServerImpl (RaftServerImpl.java:setRole(184)) - 70b633f6-b230-4b9f-87f3-510da88f1e08@group-2077DD483DC7: changes role from  FOLLOWER to FOLLOWER at term 242 for recognizeCandidate:a3132885-145f-4a8c-85f4-c10eb874732d
2019-10-16 11:36:09,933 [grpc-default-executor-5] INFO  impl.RaftServerImpl (RaftServerImpl.java:setRole(184)) - 163587bb-2c3b-4498-b576-18147cf38274@group-2077DD483DC7: changes role from  FOLLOWER to FOLLOWER at term 242 for recognizeCandidate:a3132885-145f-4a8c-85f4-c10eb874732d
2019-10-16 11:36:09,933 [grpc-default-executor-3] INFO  impl.RoleInfo (RoleInfo.java:shutdownFollowerState(121)) - 70b633f6-b230-4b9f-87f3-510da88f1e08: shutdown FollowerState
2019-10-16 11:36:09,933 [grpc-default-executor-5] INFO  impl.RoleInfo (RoleInfo.java:shutdownFollowerState(121)) - 163587bb-2c3b-4498-b576-18147cf38274: shutdown FollowerState
2019-10-16 11:36:09,933 [Thread-3225] INFO  impl.FollowerState (FollowerState.java:run(117)) - 70b633f6-b230-4b9f-87f3-510da88f1e08@group-2077DD483DC7-FollowerState was interrupted: java.lang.InterruptedException: sleep interrupted
2019-10-16 11:36:09,933 [grpc-default-executor-3] INFO  impl.RoleInfo (RoleInfo.java:updateAndGet(143)) - 70b633f6-b230-4b9f-87f3-510da88f1e08: start FollowerState
2019-10-16 11:36:09,933 [Thread-3226] INFO  impl.FollowerState (FollowerState.java:run(117)) - 163587bb-2c3b-4498-b576-18147cf38274@group-2077DD483DC7-FollowerState was interrupted: java.lang.InterruptedException: sleep interrupted
2019-10-16 11:36:09,933 [grpc-default-executor-5] INFO  impl.RoleInfo (RoleInfo.java:updateAndGet(143)) - 163587bb-2c3b-4498-b576-18147cf38274: start FollowerState
2019-10-16 11:36:09,947 [a3132885-145f-4a8c-85f4-c10eb874732d@group-2077DD483DC7-LeaderElection419] INFO  impl.LeaderElection (LeaderElection.java:logAndReturn(56)) - a3132885-145f-4a8c-85f4-c10eb874732d@group-2077DD483DC7-LeaderElection419: Election REJECTED; received 2 response(s) [a3132885-145f-4a8c-85f4-c10eb874732d<-163587bb-2c3b-4498-b576-18147cf38274#0:FAIL-t242, a3132885-145f-4a8c-85f4-c10eb874732d<-70b633f6-b230-4b9f-87f3-510da88f1e08#0:FAIL-t242] and 0 exception(s); a3132885-145f-4a8c-85f4-c10eb874732d@group-2077DD483DC7:t242, leader=null, voted=a3132885-145f-4a8c-85f4-c10eb874732d, raftlog=a3132885-145f-4a8c-85f4-c10eb874732d@group-2077DD483DC7-SegmentedRaftLog:OPENED:c-1,f-1,i0, conf=-1: [163587bb-2c3b-4498-b576-18147cf38274:192.168.157.203:33208, a3132885-145f-4a8c-85f4-c10eb874732d:192.168.157.203:46766, 70b633f6-b230-4b9f-87f3-510da88f1e08:192.168.157.203:43163], old=null
2019-10-16 11:36:09,947 [a3132885-145f-4a8c-85f4-c10eb874732d@group-2077DD483DC7-LeaderElection419] INFO  impl.RaftServerImpl (RaftServerImpl.java:setRole(184)) - a3132885-145f-4a8c-85f4-c10eb874732d@group-2077DD483DC7: changes role from CANDIDATE to FOLLOWER at term 242 for DISCOVERED_A_NEW_TERM
2019-10-16 11:36:09,947 [a3132885-145f-4a8c-85f4-c10eb874732d@group-2077DD483DC7-LeaderElection419] INFO  impl.RoleInfo (RoleInfo.java:shutdownLeaderElection(134)) - a3132885-145f-4a8c-85f4-c10eb874732d: shutdown LeaderElection
2019-10-16 11:36:09,947 [a3132885-145f-4a8c-85f4-c10eb874732d@group-2077DD483DC7-LeaderElection419] INFO  impl.RoleInfo (RoleInfo.java:updateAndGet(143)) - a3132885-145f-4a8c-85f4-c10eb874732d: start FollowerState
2019-10-16 11:36:10,075 [Thread-3233] INFO  impl.FollowerState (FollowerState.java:run(108)) - a3132885-145f-4a8c-85f4-c10eb874732d@group-2077DD483DC7-FollowerState: change to CANDIDATE, lastRpcTime:128ms, electionTimeout:128ms
2019-10-16 11:36:10,076 [Thread-3233] INFO  impl.RoleInfo (RoleInfo.java:shutdownFollowerState(121)) - a3132885-145f-4a8c-85f4-c10eb874732d: shutdown FollowerState
2019-10-16 11:36:10,076 [Thread-3233] INFO  impl.RaftServerImpl (RaftServerImpl.java:setRole(184)) - a3132885-145f-4a8c-85f4-c10eb874732d@group-2077DD483DC7: changes role from  FOLLOWER to CANDIDATE at term 242 for changeToCandidate
2019-10-16 11:36:10,076 [Thread-3233] INFO  impl.RoleInfo (RoleInfo.java:updateAndGet(143)) - a3132885-145f-4a8c-85f4-c10eb874732d: start LeaderElection
2019-10-16 11:36:10,103 [a3132885-145f-4a8c-85f4-c10eb874732d@group-2077DD483DC7-LeaderElection420] INFO  impl.LeaderElection (LeaderElection.java:askForVotes(178)) - a3132885-145f-4a8c-85f4-c10eb874732d@group-2077DD483DC7-LeaderElection420: begin an election at term 243 for -1: [163587bb-2c3b-4498-b576-18147cf38274:192.168.157.203:33208, a3132885-145f-4a8c-85f4-c10eb874732d:192.168.157.203:46766, 70b633f6-b230-4b9f-87f3-510da88f1e08:192.168.157.203:43163], old=null
2019-10-16 11:36:10,105 [grpc-default-executor-5] INFO  impl.RaftServerImpl (RaftServerImpl.java:setRole(184)) - 163587bb-2c3b-4498-b576-18147cf38274@group-2077DD483DC7: changes role from  FOLLOWER to FOLLOWER at term 243 for recognizeCandidate:a3132885-145f-4a8c-85f4-c10eb874732d
2019-10-16 11:36:10,105 [grpc-default-executor-5] INFO  impl.RoleInfo (RoleInfo.java:shutdownFollowerState(121)) - 163587bb-2c3b-4498-b576-18147cf38274: shutdown FollowerState
2019-10-16 11:36:10,105 [grpc-default-executor-3] INFO  impl.RaftServerImpl (RaftServerImpl.java:setRole(184)) - 70b633f6-b230-4b9f-87f3-510da88f1e08@group-2077DD483DC7: changes role from  FOLLOWER to FOLLOWER at term 243 for recognizeCandidate:a3132885-145f-4a8c-85f4-c10eb874732d
2019-10-16 11:36:10,105 [grpc-default-executor-3] INFO  impl.RoleInfo (RoleInfo.java:shutdownFollowerState(121)) - 70b633f6-b230-4b9f-87f3-510da88f1e08: shutdown FollowerState
2019-10-16 11:36:10,105 [Thread-3232] INFO  impl.FollowerState (FollowerState.java:run(117)) - 163587bb-2c3b-4498-b576-18147cf38274@group-2077DD483DC7-FollowerState was interrupted: java.lang.InterruptedException: sleep interrupted
2019-10-16 11:36:10,105 [grpc-default-executor-5] INFO  impl.RoleInfo (RoleInfo.java:updateAndGet(143)) - 163587bb-2c3b-4498-b576-18147cf38274: start FollowerState
2019-10-16 11:36:10,106 [Thread-3231] INFO  impl.FollowerState (FollowerState.java:run(117)) - 70b633f6-b230-4b9f-87f3-510da88f1e08@group-2077DD483DC7-FollowerState was interrupted: java.lang.InterruptedException: sleep interrupted
2019-10-16 11:36:10,105 [grpc-default-executor-3] INFO  impl.RoleInfo (RoleInfo.java:updateAndGet(143)) - 70b633f6-b230-4b9f-87f3-510da88f1e08: start FollowerState
2019-10-16 11:36:10,116 [a3132885-145f-4a8c-85f4-c10eb874732d@group-2077DD483DC7-LeaderElection420] INFO  impl.LeaderElection (LeaderElection.java:logAndReturn(56)) - a3132885-145f-4a8c-85f4-c10eb874732d@group-2077DD483DC7-LeaderElection420: Election REJECTED; received 2 response(s) [a3132885-145f-4a8c-85f4-c10eb874732d<-163587bb-2c3b-4498-b576-18147cf38274#0:FAIL-t243, a3132885-145f-4a8c-85f4-c10eb874732d<-70b633f6-b230-4b9f-87f3-510da88f1e08#0:FAIL-t243] and 0 exception(s); a3132885-145f-4a8c-85f4-c10eb874732d@group-2077DD483DC7:t243, leader=null, voted=a3132885-145f-4a8c-85f4-c10eb874732d, raftlog=a3132885-145f-4a8c-85f4-c10eb874732d@group-2077DD483DC7-SegmentedRaftLog:OPENED:c-1,f-1,i0, conf=-1: [163587bb-2c3b-4498-b576-18147cf38274:192.168.157.203:33208, a3132885-145f-4a8c-85f4-c10eb874732d:192.168.157.203:46766, 70b633f6-b230-4b9f-87f3-510da88f1e08:192.168.157.203:43163], old=null
2019-10-16 11:36:10,116 [a3132885-145f-4a8c-85f4-c10eb874732d@group-2077DD483DC7-LeaderElection420] INFO  impl.RaftServerImpl (RaftServerImpl.java:setRole(184)) - a3132885-145f-4a8c-85f4-c10eb874732d@group-2077DD483DC7: changes role from CANDIDATE to FOLLOWER at term 243 for DISCOVERED_A_NEW_TERM
2019-10-16 11:36:10,116 [a3132885-145f-4a8c-85f4-c10eb874732d@group-2077DD483DC7-LeaderElection420] INFO  impl.RoleInfo (RoleInfo.java:shutdownLeaderElection(134)) - a3132885-145f-4a8c-85f4-c10eb874732d: shutdown LeaderElection
2019-10-16 11:36:10,117 [a3132885-145f-4a8c-85f4-c10eb874732d@group-2077DD483DC7-LeaderElection420] INFO  impl.RoleInfo (RoleInfo.java:updateAndGet(143)) - a3132885-145f-4a8c-85f4-c10eb874732d: start FollowerState
2019-10-16 11:36:10,265 [Thread-3240] INFO  impl.FollowerState (FollowerState.java:run(108)) - a3132885-145f-4a8c-85f4-c10eb874732d@group-2077DD483DC7-FollowerState: change to CANDIDATE, lastRpcTime:148ms, electionTimeout:148ms
2019-10-16 11:36:10,265 [Thread-3240] INFO  impl.RoleInfo (RoleInfo.java:shutdownFollowerState(121)) - a3132885-145f-4a8c-85f4-c10eb874732d: shutdown FollowerState
2019-10-16 11:36:10,265 [Thread-3240] INFO  impl.RaftServerImpl (RaftServerImpl.java:setRole(184)) - a3132885-145f-4a8c-85f4-c10eb874732d@group-2077DD483DC7: changes role from  FOLLOWER to CANDIDATE at term 243 for changeToCandidate
2019-10-16 11:36:10,265 [Thread-3240] INFO  impl.RoleInfo (RoleInfo.java:updateAndGet(143)) - a3132885-145f-4a8c-85f4-c10eb874732d: start LeaderElection
2019-10-16 11:36:10,274 [a3132885-145f-4a8c-85f4-c10eb874732d@group-2077DD483DC7-LeaderElection421] INFO  impl.LeaderElection (LeaderElection.java:askForVotes(178)) - a3132885-145f-4a8c-85f4-c10eb874732d@group-2077DD483DC7-LeaderElection421: begin an election at term 244 for -1: [163587bb-2c3b-4498-b576-18147cf38274:192.168.157.203:33208, a3132885-145f-4a8c-85f4-c10eb874732d:192.168.157.203:46766, 70b633f6-b230-4b9f-87f3-510da88f1e08:192.168.157.203:43163], old=null
2019-10-16 11:36:10,277 [grpc-default-executor-3] INFO  impl.RaftServerImpl (RaftServerImpl.java:setRole(184)) - 163587bb-2c3b-4498-b576-18147cf38274@group-2077DD483DC7: changes role from  FOLLOWER to FOLLOWER at term 244 for recognizeCandidate:a3132885-145f-4a8c-85f4-c10eb874732d
2019-10-16 11:36:10,277 [grpc-default-executor-5] INFO  impl.RaftServerImpl (RaftServerImpl.java:setRole(184)) - 70b633f6-b230-4b9f-87f3-510da88f1e08@group-2077DD483DC7: changes role from  FOLLOWER to FOLLOWER at term 244 for recognizeCandidate:a3132885-145f-4a8c-85f4-c10eb874732d
2019-10-16 11:36:10,277 [grpc-default-executor-3] INFO  impl.RoleInfo (RoleInfo.java:shutdownFollowerState(121)) - 163587bb-2c3b-4498-b576-18147cf38274: shutdown FollowerState
2019-10-16 11:36:10,277 [grpc-default-executor-5] INFO  impl.RoleInfo (RoleInfo.java:shutdownFollowerState(121)) - 70b633f6-b230-4b9f-87f3-510da88f1e08: shutdown FollowerState
2019-10-16 11:36:10,277 [Thread-3238] INFO  impl.FollowerState (FollowerState.java:run(117)) - 163587bb-2c3b-4498-b576-18147cf38274@group-2077DD483DC7-FollowerState was interrupted: java.lang.InterruptedException: sleep interrupted
2019-10-16 11:36:10,277 [grpc-default-executor-3] INFO  impl.RoleInfo (RoleInfo.java:updateAndGet(143)) - 163587bb-2c3b-4498-b576-18147cf38274: start FollowerState
2019-10-16 11:36:10,278 [Thread-3239] INFO  impl.FollowerState (FollowerState.java:run(117)) - 70b633f6-b230-4b9f-87f3-510da88f1e08@group-2077DD483DC7-FollowerState was interrupted: java.lang.InterruptedException: sleep interrupted
2019-10-16 11:36:10,278 [grpc-default-executor-5] INFO  impl.RoleInfo (RoleInfo.java:updateAndGet(143)) - 70b633f6-b230-4b9f-87f3-510da88f1e08: start FollowerState
2019-10-16 11:36:10,285 [a3132885-145f-4a8c-85f4-c10eb874732d@group-2077DD483DC7-LeaderElection421] INFO  impl.LeaderElection (LeaderElection.java:logAndReturn(56)) - a3132885-145f-4a8c-85f4-c10eb874732d@group-2077DD483DC7-LeaderElection421: Election REJECTED; received 2 response(s) [a3132885-145f-4a8c-85f4-c10eb874732d<-163587bb-2c3b-4498-b576-18147cf38274#0:FAIL-t244, a3132885-145f-4a8c-85f4-c10eb874732d<-70b633f6-b230-4b9f-87f3-510da88f1e08#0:FAIL-t244] and 0 exception(s); a3132885-145f-4a8c-85f4-c10eb874732d@group-2077DD483DC7:t244, leader=null, voted=a3132885-145f-4a8c-85f4-c10eb874732d, raftlog=a3132885-145f-4a8c-85f4-c10eb874732d@group-2077DD483DC7-SegmentedRaftLog:OPENED:c-1,f-1,i0, conf=-1: [163587bb-2c3b-4498-b576-18147cf38274:192.168.157.203:33208, a3132885-145f-4a8c-85f4-c10eb874732d:192.168.157.203:46766, 70b633f6-b230-4b9f-87f3-510da88f1e08:192.168.157.203:43163], old=null
2019-10-16 11:36:10,285 [a3132885-145f-4a8c-85f4-c10eb874732d@group-2077DD483DC7-LeaderElection421] INFO  impl.RaftServerImpl (RaftServerImpl.java:setRole(184)) - a3132885-145f-4a8c-85f4-c10eb874732d@group-2077DD483DC7: changes role from CANDIDATE to FOLLOWER at term 244 for DISCOVERED_A_NEW_TERM
2019-10-16 11:36:10,285 [a3132885-145f-4a8c-85f4-c10eb874732d@group-2077DD483DC7-LeaderElection421] INFO  impl.RoleInfo (RoleInfo.java:shutdownLeaderElection(134)) - a3132885-145f-4a8c-85f4-c10eb874732d: shutdown LeaderElection
2019-10-16 11:36:10,286 [a3132885-145f-4a8c-85f4-c10eb874732d@group-2077DD483DC7-LeaderElection421] INFO  impl.RoleInfo (RoleInfo.java:updateAndGet(143)) - a3132885-145f-4a8c-85f4-c10eb874732d: start FollowerState
2019-10-16 11:36:10,468 [Thread-3246] INFO  impl.FollowerState (FollowerState.java:run(108)) - a3132885-145f-4a8c-85f4-c10eb874732d@group-2077DD483DC7-FollowerState: change to CANDIDATE, lastRpcTime:182ms, electionTimeout:182ms
2019-10-16 11:36:10,468 [Thread-3246] INFO  impl.RoleInfo (RoleInfo.java:shutdownFollowerState(121)) - a3132885-145f-4a8c-85f4-c10eb874732d: shutdown FollowerState
2019-10-16 11:36:10,468 [Thread-3246] INFO  impl.RaftServerImpl (RaftServerImpl.java:setRole(184)) - a3132885-145f-4a8c-85f4-c10eb874732d@group-2077DD483DC7: changes role from  FOLLOWER to CANDIDATE at term 244 for changeToCandidate
2019-10-16 11:36:10,468 [Thread-3246] INFO  impl.RoleInfo (RoleInfo.java:updateAndGet(143)) - a3132885-145f-4a8c-85f4-c10eb874732d: start LeaderElection
2019-10-16 11:36:10,477 [a3132885-145f-4a8c-85f4-c10eb874732d@group-2077DD483DC7-LeaderElection422] INFO  impl.LeaderElection (LeaderElection.java:askForVotes(178)) - a3132885-145f-4a8c-85f4-c10eb874732d@group-2077DD483DC7-LeaderElection422: begin an election at term 245 for -1: [163587bb-2c3b-4498-b576-18147cf38274:192.168.157.203:33208, a3132885-145f-4a8c-85f4-c10eb874732d:192.168.157.203:46766, 70b633f6-b230-4b9f-87f3-510da88f1e08:192.168.157.203:43163], old=null
2019-10-16 11:36:10,478 [grpc-default-executor-3] INFO  impl.RaftServerImpl (RaftServerImpl.java:setRole(184)) - 163587bb-2c3b-4498-b576-18147cf38274@group-2077DD483DC7: changes role from  FOLLOWER to FOLLOWER at term 245 for recognizeCandidate:a3132885-145f-4a8c-85f4-c10eb874732d
2019-10-16 11:36:10,479 [grpc-default-executor-3] INFO  impl.RoleInfo (RoleInfo.java:shutdownFollowerState(121)) - 163587bb-2c3b-4498-b576-18147cf38274: shutdown FollowerState
2019-10-16 11:36:10,479 [grpc-default-executor-3] INFO  impl.RoleInfo (RoleInfo.java:updateAndGet(143)) - 163587bb-2c3b-4498-b576-18147cf38274: start FollowerState
2019-10-16 11:36:10,479 [Thread-3244] INFO  impl.FollowerState (FollowerState.java:run(117)) - 163587bb-2c3b-4498-b576-18147cf38274@group-2077DD483DC7-FollowerState was interrupted: java.lang.InterruptedException: sleep interrupted
2019-10-16 11:36:10,479 [grpc-default-executor-5] INFO  impl.RaftServerImpl (RaftServerImpl.java:setRole(184)) - 70b633f6-b230-4b9f-87f3-510da88f1e08@group-2077DD483DC7: changes role from  FOLLOWER to FOLLOWER at term 245 for recognizeCandidate:a3132885-145f-4a8c-85f4-c10eb874732d
2019-10-16 11:36:10,479 [grpc-default-executor-5] INFO  impl.RoleInfo (RoleInfo.java:shutdownFollowerState(121)) - 70b633f6-b230-4b9f-87f3-510da88f1e08: shutdown FollowerState
2019-10-16 11:36:10,479 [grpc-default-executor-5] INFO  impl.RoleInfo (RoleInfo.java:updateAndGet(143)) - 70b633f6-b230-4b9f-87f3-510da88f1e08: start FollowerState
2019-10-16 11:36:10,479 [Thread-3245] INFO  impl.FollowerState (FollowerState.java:run(117)) - 70b633f6-b230-4b9f-87f3-510da88f1e08@group-2077DD483DC7-FollowerState was interrupted: java.lang.InterruptedException: sleep interrupted
2019-10-16 11:36:10,485 [a3132885-145f-4a8c-85f4-c10eb874732d@group-2077DD483DC7-LeaderElection422] INFO  impl.LeaderElection (LeaderElection.java:logAndReturn(56)) - a3132885-145f-4a8c-85f4-c10eb874732d@group-2077DD483DC7-LeaderElection422: Election REJECTED; received 2 response(s) [a3132885-145f-4a8c-85f4-c10eb874732d<-163587bb-2c3b-4498-b576-18147cf38274#0:FAIL-t245, a3132885-145f-4a8c-85f4-c10eb874732d<-70b633f6-b230-4b9f-87f3-510da88f1e08#0:FAIL-t245] and 0 exception(s); a3132885-145f-4a8c-85f4-c10eb874732d@group-2077DD483DC7:t245, leader=null, voted=a3132885-145f-4a8c-85f4-c10eb874732d, raftlog=a3132885-145f-4a8c-85f4-c10eb874732d@group-2077DD483DC7-SegmentedRaftLog:OPENED:c-1,f-1,i0, conf=-1: [163587bb-2c3b-4498-b576-18147cf38274:192.168.157.203:33208, a3132885-145f-4a8c-85f4-c10eb874732d:192.168.157.203:46766, 70b633f6-b230-4b9f-87f3-510da88f1e08:192.168.157.203:43163], old=null
2019-10-16 11:36:10,486 [a3132885-145f-4a8c-85f4-c10eb874732d@group-2077DD483DC7-LeaderElection422] INFO  impl.RaftServerImpl (RaftServerImpl.java:setRole(184)) - a3132885-145f-4a8c-85f4-c10eb874732d@group-2077DD483DC7: changes role from CANDIDATE to FOLLOWER at term 245 for DISCOVERED_A_NEW_TERM
2019-10-16 11:36:10,486 [a3132885-145f-4a8c-85f4-c10eb874732d@group-2077DD483DC7-LeaderElection422] INFO  impl.RoleInfo (RoleInfo.java:shutdownLeaderElection(134)) - a3132885-145f-4a8c-85f4-c10eb874732d: shutdown LeaderElection
2019-10-16 11:36:10,486 [a3132885-145f-4a8c-85f4-c10eb874732d@group-2077DD483DC7-LeaderElection422] INFO  impl.RoleInfo (RoleInfo.java:updateAndGet(143)) - a3132885-145f-4a8c-85f4-c10eb874732d: start FollowerState
2019-10-16 11:36:10,621 [Thread-3252] INFO  impl.FollowerState (FollowerState.java:run(108)) - a3132885-145f-4a8c-85f4-c10eb874732d@group-2077DD483DC7-FollowerState: change to CANDIDATE, lastRpcTime:135ms, electionTimeout:135ms
2019-10-16 11:36:10,621 [Thread-3252] INFO  impl.RoleInfo (RoleInfo.java:shutdownFollowerState(121)) - a3132885-145f-4a8c-85f4-c10eb874732d: shutdown FollowerState
2019-10-16 11:36:10,621 [Thread-3252] INFO  impl.RaftServerImpl (RaftServerImpl.java:setRole(184)) - a3132885-145f-4a8c-85f4-c10eb874732d@group-2077DD483DC7: changes role from  FOLLOWER to CANDIDATE at term 245 for changeToCandidate
2019-10-16 11:36:10,622 [Thread-3252] INFO  impl.RoleInfo (RoleInfo.java:updateAndGet(143)) - a3132885-145f-4a8c-85f4-c10eb874732d: start LeaderElection
2019-10-16 11:36:10,631 [a3132885-145f-4a8c-85f4-c10eb874732d@group-2077DD483DC7-LeaderElection423] INFO  impl.LeaderElection (LeaderElection.java:askForVotes(178)) - a3132885-145f-4a8c-85f4-c10eb874732d@group-2077DD483DC7-LeaderElection423: begin an election at term 246 for -1: [163587bb-2c3b-4498-b576-18147cf38274:192.168.157.203:33208, a3132885-145f-4a8c-85f4-c10eb874732d:192.168.157.203:46766, 70b633f6-b230-4b9f-87f3-510da88f1e08:192.168.157.203:43163], old=null
2019-10-16 11:36:10,633 [grpc-default-executor-3] INFO  impl.RaftServerImpl (RaftServerImpl.java:setRole(184)) - 163587bb-2c3b-4498-b576-18147cf38274@group-2077DD483DC7: changes role from  FOLLOWER to FOLLOWER at term 246 for recognizeCandidate:a3132885-145f-4a8c-85f4-c10eb874732d
2019-10-16 11:36:10,633 [grpc-default-executor-3] INFO  impl.RoleInfo (RoleInfo.java:shutdownFollowerState(121)) - 163587bb-2c3b-4498-b576-18147cf38274: shutdown FollowerState
2019-10-16 11:36:10,633 [grpc-default-executor-3] INFO  impl.RoleInfo (RoleInfo.java:updateAndGet(143)) - 163587bb-2c3b-4498-b576-18147cf38274: start FollowerState
2019-10-16 11:36:10,633 [Thread-3250] INFO  impl.FollowerState (FollowerState.java:run(117)) - 163587bb-2c3b-4498-b576-18147cf38274@group-2077DD483DC7-FollowerState was interrupted: java.lang.InterruptedException: sleep interrupted
2019-10-16 11:36:10,633 [grpc-default-executor-5] INFO  impl.RaftServerImpl (RaftServerImpl.java:setRole(184)) - 70b633f6-b230-4b9f-87f3-510da88f1e08@group-2077DD483DC7: changes role from  FOLLOWER to FOLLOWER at term 246 for recognizeCandidate:a3132885-145f-4a8c-85f4-c10eb874732d
2019-10-16 11:36:10,633 [grpc-default-executor-5] INFO  impl.RoleInfo (RoleInfo.java:shutdownFollowerState(121)) - 70b633f6-b230-4b9f-87f3-510da88f1e08: shutdown FollowerState
2019-10-16 11:36:10,634 [grpc-default-executor-5] INFO  impl.RoleInfo (RoleInfo.java:updateAndGet(143)) - 70b633f6-b230-4b9f-87f3-510da88f1e08: start FollowerState
2019-10-16 11:36:10,634 [Thread-3251] INFO  impl.FollowerState (FollowerState.java:run(117)) - 70b633f6-b230-4b9f-87f3-510da88f1e08@group-2077DD483DC7-FollowerState was interrupted: java.lang.InterruptedException: sleep interrupted
2019-10-16 11:36:10,648 [a3132885-145f-4a8c-85f4-c10eb874732d@group-2077DD483DC7-LeaderElection423] INFO  impl.LeaderElection (LeaderElection.java:logAndReturn(56)) - a3132885-145f-4a8c-85f4-c10eb874732d@group-2077DD483DC7-LeaderElection423: Election REJECTED; received 2 response(s) [a3132885-145f-4a8c-85f4-c10eb874732d<-163587bb-2c3b-4498-b576-18147cf38274#0:FAIL-t246, a3132885-145f-4a8c-85f4-c10eb874732d<-70b633f6-b230-4b9f-87f3-510da88f1e08#0:FAIL-t246] and 0 exception(s); a3132885-145f-4a8c-85f4-c10eb874732d@group-2077DD483DC7:t246, leader=null, voted=a3132885-145f-4a8c-85f4-c10eb874732d, raftlog=a3132885-145f-4a8c-85f4-c10eb874732d@group-2077DD483DC7-SegmentedRaftLog:OPENED:c-1,f-1,i0, conf=-1: [163587bb-2c3b-4498-b576-18147cf38274:192.168.157.203:33208, a3132885-145f-4a8c-85f4-c10eb874732d:192.168.157.203:46766, 70b633f6-b230-4b9f-87f3-510da88f1e08:192.168.157.203:43163], old=null
2019-10-16 11:36:10,648 [a3132885-145f-4a8c-85f4-c10eb874732d@group-2077DD483DC7-LeaderElection423] INFO  impl.RaftServerImpl (RaftServerImpl.java:setRole(184)) - a3132885-145f-4a8c-85f4-c10eb874732d@group-2077DD483DC7: changes role from CANDIDATE to FOLLOWER at term 246 for DISCOVERED_A_NEW_TERM
2019-10-16 11:36:10,649 [a3132885-145f-4a8c-85f4-c10eb874732d@group-2077DD483DC7-LeaderElection423] INFO  impl.RoleInfo (RoleInfo.java:shutdownLeaderElection(134)) - a3132885-145f-4a8c-85f4-c10eb874732d: shutdown LeaderElection
2019-10-16 11:36:10,649 [a3132885-145f-4a8c-85f4-c10eb874732d@group-2077DD483DC7-LeaderElection423] INFO  impl.RoleInfo (RoleInfo.java:updateAndGet(143)) - a3132885-145f-4a8c-85f4-c10eb874732d: start FollowerState
2019-10-16 11:36:10,821 [Thread-3259] INFO  impl.FollowerState (FollowerState.java:run(108)) - a3132885-145f-4a8c-85f4-c10eb874732d@group-2077DD483DC7-FollowerState: change to CANDIDATE, lastRpcTime:172ms, electionTimeout:172ms
2019-10-16 11:36:10,821 [Thread-3259] INFO  impl.RoleInfo (RoleInfo.java:shutdownFollowerState(121)) - a3132885-145f-4a8c-85f4-c10eb874732d: shutdown FollowerState
2019-10-16 11:36:10,821 [Thread-3259] INFO  impl.RaftServerImpl (RaftServerImpl.java:setRole(184)) - a3132885-145f-4a8c-85f4-c10eb874732d@group-2077DD483DC7: changes role from  FOLLOWER to CANDIDATE at term 246 for changeToCandidate
2019-10-16 11:36:10,821 [Thread-3259] INFO  impl.RoleInfo (RoleInfo.java:updateAndGet(143)) - a3132885-145f-4a8c-85f4-c10eb874732d: start LeaderElection
2019-10-16 11:36:10,835 [a3132885-145f-4a8c-85f4-c10eb874732d@group-2077DD483DC7-LeaderElection424] INFO  impl.LeaderElection (LeaderElection.java:askForVotes(178)) - a3132885-145f-4a8c-85f4-c10eb874732d@group-2077DD483DC7-LeaderElection424: begin an election at term 247 for -1: [163587bb-2c3b-4498-b576-18147cf38274:192.168.157.203:33208, a3132885-145f-4a8c-85f4-c10eb874732d:192.168.157.203:46766, 70b633f6-b230-4b9f-87f3-510da88f1e08:192.168.157.203:43163], old=null
2019-10-16 11:36:10,837 [grpc-default-executor-5] INFO  impl.RaftServerImpl (RaftServerImpl.java:setRole(184)) - 163587bb-2c3b-4498-b576-18147cf38274@group-2077DD483DC7: changes role from  FOLLOWER to FOLLOWER at term 247 for recognizeCandidate:a3132885-145f-4a8c-85f4-c10eb874732d
2019-10-16 11:36:10,837 [grpc-default-executor-5] INFO  impl.RoleInfo (RoleInfo.java:shutdownFollowerState(121)) - 163587bb-2c3b-4498-b576-18147cf38274: shutdown FollowerState
2019-10-16 11:36:10,837 [grpc-default-executor-3] INFO  impl.RaftServerImpl (RaftServerImpl.java:setRole(184)) - 70b633f6-b230-4b9f-87f3-510da88f1e08@group-2077DD483DC7: changes role from  FOLLOWER to FOLLOWER at term 247 for recognizeCandidate:a3132885-145f-4a8c-85f4-c10eb874732d
2019-10-16 11:36:10,837 [grpc-default-executor-3] INFO  impl.RoleInfo (RoleInfo.java:shutdownFollowerState(121)) - 70b633f6-b230-4b9f-87f3-510da88f1e08: shutdown FollowerState
2019-10-16 11:36:10,837 [grpc-default-executor-5] INFO  impl.RoleInfo (RoleInfo.java:updateAndGet(143)) - 163587bb-2c3b-4498-b576-18147cf38274: start FollowerState
2019-10-16 11:36:10,837 [Thread-3258] INFO  impl.FollowerState (FollowerState.java:run(117)) - 70b633f6-b230-4b9f-87f3-510da88f1e08@group-2077DD483DC7-FollowerState was interrupted: java.lang.InterruptedException: sleep interrupted
2019-10-16 11:36:10,837 [grpc-default-executor-3] INFO  impl.RoleInfo (RoleInfo.java:updateAndGet(143)) - 70b633f6-b230-4b9f-87f3-510da88f1e08: start FollowerState
2019-10-16 11:36:10,837 [Thread-3257] INFO  impl.FollowerState (FollowerState.java:run(117)) - 163587bb-2c3b-4498-b576-18147cf38274@group-2077DD483DC7-FollowerState was interrupted: java.lang.InterruptedException: sleep interrupted
2019-10-16 11:36:10,852 [a3132885-145f-4a8c-85f4-c10eb874732d@group-2077DD483DC7-LeaderElection424] INFO  impl.LeaderElection (LeaderElection.java:logAndReturn(56)) - a3132885-145f-4a8c-85f4-c10eb874732d@group-2077DD483DC7-LeaderElection424: Election REJECTED; received 2 response(s) [a3132885-145f-4a8c-85f4-c10eb874732d<-163587bb-2c3b-4498-b576-18147cf38274#0:FAIL-t247, a3132885-145f-4a8c-85f4-c10eb874732d<-70b633f6-b230-4b9f-87f3-510da88f1e08#0:FAIL-t247] and 0 exception(s); a3132885-145f-4a8c-85f4-c10eb874732d@group-2077DD483DC7:t247, leader=null, voted=a3132885-145f-4a8c-85f4-c10eb874732d, raftlog=a3132885-145f-4a8c-85f4-c10eb874732d@group-2077DD483DC7-SegmentedRaftLog:OPENED:c-1,f-1,i0, conf=-1: [163587bb-2c3b-4498-b576-18147cf38274:192.168.157.203:33208, a3132885-145f-4a8c-85f4-c10eb874732d:192.168.157.203:46766, 70b633f6-b230-4b9f-87f3-510da88f1e08:192.168.157.203:43163], old=null
2019-10-16 11:36:10,852 [a3132885-145f-4a8c-85f4-c10eb874732d@group-2077DD483DC7-LeaderElection424] INFO  impl.RaftServerImpl (RaftServerImpl.java:setRole(184)) - a3132885-145f-4a8c-85f4-c10eb874732d@group-2077DD483DC7: changes role from CANDIDATE to FOLLOWER at term 247 for DISCOVERED_A_NEW_TERM
2019-10-16 11:36:10,852 [a3132885-145f-4a8c-85f4-c10eb874732d@group-2077DD483DC7-LeaderElection424] INFO  impl.RoleInfo (RoleInfo.java:shutdownLeaderElection(134)) - a3132885-145f-4a8c-85f4-c10eb874732d: shutdown LeaderElection
2019-10-16 11:36:10,852 [a3132885-145f-4a8c-85f4-c10eb874732d@group-2077DD483DC7-LeaderElection424] INFO  impl.RoleInfo (RoleInfo.java:updateAndGet(143)) - a3132885-145f-4a8c-85f4-c10eb874732d: start FollowerState
2019-10-16 11:36:10,974 [Thread-3265] INFO  impl.FollowerState (FollowerState.java:run(108)) - a3132885-145f-4a8c-85f4-c10eb874732d@group-2077DD483DC7-FollowerState: change to CANDIDATE, lastRpcTime:121ms, electionTimeout:121ms
2019-10-16 11:36:10,974 [Thread-3265] INFO  impl.RoleInfo (RoleInfo.java:shutdownFollowerState(121)) - a3132885-145f-4a8c-85f4-c10eb874732d: shutdown FollowerState
2019-10-16 11:36:10,974 [Thread-3265] INFO  impl.RaftServerImpl (RaftServerImpl.java:setRole(184)) - a3132885-145f-4a8c-85f4-c10eb874732d@group-2077DD483DC7: changes role from  FOLLOWER to CANDIDATE at term 247 for changeToCandidate
2019-10-16 11:36:10,974 [Thread-3265] INFO  impl.RoleInfo (RoleInfo.java:updateAndGet(143)) - a3132885-145f-4a8c-85f4-c10eb874732d: start LeaderElection
2019-10-16 11:36:10,987 [java.util.concurrent.ThreadPoolExecutor$Worker@1a001f89[State = -1, empty queue]] WARN  server.GrpcLogAppender (GrpcLogAppender.java:timeoutAppendRequest(209)) - 5c445d34-c031-481c-9d4b-8fbace1f61b8@group-8BBDE5791A04->857fec05-692a-4d09-bf1c-7d167682feae-GrpcLogAppender: appendEntries Timeout, request=5c445d34-c031-481c-9d4b-8fbace1f61b8->857fec05-692a-4d09-bf1c-7d167682feae#77-t6, previous=(t:6, i:21), leaderCommit=21, initializing? false, entries: <empty>
2019-10-16 11:36:10,989 [a3132885-145f-4a8c-85f4-c10eb874732d@group-2077DD483DC7-LeaderElection425] INFO  impl.LeaderElection (LeaderElection.java:askForVotes(178)) - a3132885-145f-4a8c-85f4-c10eb874732d@group-2077DD483DC7-LeaderElection425: begin an election at term 248 for -1: [163587bb-2c3b-4498-b576-18147cf38274:192.168.157.203:33208, a3132885-145f-4a8c-85f4-c10eb874732d:192.168.157.203:46766, 70b633f6-b230-4b9f-87f3-510da88f1e08:192.168.157.203:43163], old=null
2019-10-16 11:36:10,991 [grpc-default-executor-5] INFO  impl.RaftServerImpl (RaftServerImpl.java:setRole(184)) - 70b633f6-b230-4b9f-87f3-510da88f1e08@group-2077DD483DC7: changes role from  FOLLOWER to FOLLOWER at term 248 for recognizeCandidate:a3132885-145f-4a8c-85f4-c10eb874732d
2019-10-16 11:36:10,991 [grpc-default-executor-5] INFO  impl.RoleInfo (RoleInfo.java:shutdownFollowerState(121)) - 70b633f6-b230-4b9f-87f3-510da88f1e08: shutdown FollowerState
2019-10-16 11:36:10,991 [grpc-default-executor-3] INFO  impl.RaftServerImpl (RaftServerImpl.java:setRole(184)) - 163587bb-2c3b-4498-b576-18147cf38274@group-2077DD483DC7: changes role from  FOLLOWER to FOLLOWER at term 248 for recognizeCandidate:a3132885-145f-4a8c-85f4-c10eb874732d
2019-10-16 11:36:10,992 [grpc-default-executor-3] INFO  impl.RoleInfo (RoleInfo.java:shutdownFollowerState(121)) - 163587bb-2c3b-4498-b576-18147cf38274: shutdown FollowerState
2019-10-16 11:36:10,992 [Thread-3264] INFO  impl.FollowerState (FollowerState.java:run(117)) - 70b633f6-b230-4b9f-87f3-510da88f1e08@group-2077DD483DC7-FollowerState was interrupted: java.lang.InterruptedException: sleep interrupted
2019-10-16 11:36:10,992 [grpc-default-executor-5] INFO  impl.RoleInfo (RoleInfo.java:updateAndGet(143)) - 70b633f6-b230-4b9f-87f3-510da88f1e08: start FollowerState
2019-10-16 11:36:10,992 [Thread-3263] INFO  impl.FollowerState (FollowerState.java:run(117)) - 163587bb-2c3b-4498-b576-18147cf38274@group-2077DD483DC7-FollowerState was interrupted: java.lang.InterruptedException: sleep interrupted
2019-10-16 11:36:10,992 [grpc-default-executor-3] INFO  impl.RoleInfo (RoleInfo.java:updateAndGet(143)) - 163587bb-2c3b-4498-b576-18147cf38274: start FollowerState
2019-10-16 11:36:11,007 [a3132885-145f-4a8c-85f4-c10eb874732d@group-2077DD483DC7-LeaderElection425] INFO  impl.LeaderElection (LeaderElection.java:logAndReturn(56)) - a3132885-145f-4a8c-85f4-c10eb874732d@group-2077DD483DC7-LeaderElection425: Election REJECTED; received 2 response(s) [a3132885-145f-4a8c-85f4-c10eb874732d<-163587bb-2c3b-4498-b576-18147cf38274#0:FAIL-t248, a3132885-145f-4a8c-85f4-c10eb874732d<-70b633f6-b230-4b9f-87f3-510da88f1e08#0:FAIL-t248] and 0 exception(s); a3132885-145f-4a8c-85f4-c10eb874732d@group-2077DD483DC7:t248, leader=null, voted=a3132885-145f-4a8c-85f4-c10eb874732d, raftlog=a3132885-145f-4a8c-85f4-c10eb874732d@group-2077DD483DC7-SegmentedRaftLog:OPENED:c-1,f-1,i0, conf=-1: [163587bb-2c3b-4498-b576-18147cf38274:192.168.157.203:33208, a3132885-145f-4a8c-85f4-c10eb874732d:192.168.157.203:46766, 70b633f6-b230-4b9f-87f3-510da88f1e08:192.168.157.203:43163], old=null
2019-10-16 11:36:11,007 [a3132885-145f-4a8c-85f4-c10eb874732d@group-2077DD483DC7-LeaderElection425] INFO  impl.RaftServerImpl (RaftServerImpl.java:setRole(184)) - a3132885-145f-4a8c-85f4-c10eb874732d@group-2077DD483DC7: changes role from CANDIDATE to FOLLOWER at term 248 for DISCOVERED_A_NEW_TERM
2019-10-16 11:36:11,007 [a3132885-145f-4a8c-85f4-c10eb874732d@group-2077DD483DC7-LeaderElection425] INFO  impl.RoleInfo (RoleInfo.java:shutdownLeaderElection(134)) - a3132885-145f-4a8c-85f4-c10eb874732d: shutdown LeaderElection
2019-10-16 11:36:11,007 [a3132885-145f-4a8c-85f4-c10eb874732d@group-2077DD483DC7-LeaderElection425] INFO  impl.RoleInfo (RoleInfo.java:updateAndGet(143)) - a3132885-145f-4a8c-85f4-c10eb874732d: start FollowerState
2019-10-16 11:36:11,091 [Thread-3272] INFO  impl.FollowerState (FollowerState.java:run(108)) - a3132885-145f-4a8c-85f4-c10eb874732d@group-2077DD483DC7-FollowerState: change to CANDIDATE, lastRpcTime:83ms, electionTimeout:83ms
2019-10-16 11:36:11,091 [Thread-3272] INFO  impl.RoleInfo (RoleInfo.java:shutdownFollowerState(121)) - a3132885-145f-4a8c-85f4-c10eb874732d: shutdown FollowerState
2019-10-16 11:36:11,091 [Thread-3272] INFO  impl.RaftServerImpl (RaftServerImpl.java:setRole(184)) - a3132885-145f-4a8c-85f4-c10eb874732d@group-2077DD483DC7: changes role from  FOLLOWER to CANDIDATE at term 248 for changeToCandidate
2019-10-16 11:36:11,091 [Thread-3272] INFO  impl.RoleInfo (RoleInfo.java:updateAndGet(143)) - a3132885-145f-4a8c-85f4-c10eb874732d: start LeaderElection
2019-10-16 11:36:11,108 [a3132885-145f-4a8c-85f4-c10eb874732d@group-2077DD483DC7-LeaderElection426] INFO  impl.LeaderElection (LeaderElection.java:askForVotes(178)) - a3132885-145f-4a8c-85f4-c10eb874732d@group-2077DD483DC7-LeaderElection426: begin an election at term 249 for -1: [163587bb-2c3b-4498-b576-18147cf38274:192.168.157.203:33208, a3132885-145f-4a8c-85f4-c10eb874732d:192.168.157.203:46766, 70b633f6-b230-4b9f-87f3-510da88f1e08:192.168.157.203:43163], old=null
2019-10-16 11:36:11,109 [grpc-default-executor-3] INFO  impl.RaftServerImpl (RaftServerImpl.java:setRole(184)) - 70b633f6-b230-4b9f-87f3-510da88f1e08@group-2077DD483DC7: changes role from  FOLLOWER to FOLLOWER at term 249 for recognizeCandidate:a3132885-145f-4a8c-85f4-c10eb874732d
2019-10-16 11:36:11,110 [grpc-default-executor-3] INFO  impl.RoleInfo (RoleInfo.java:shutdownFollowerState(121)) - 70b633f6-b230-4b9f-87f3-510da88f1e08: shutdown FollowerState
2019-10-16 11:36:11,110 [grpc-default-executor-5] INFO  impl.RaftServerImpl (RaftServerImpl.java:setRole(184)) - 163587bb-2c3b-4498-b576-18147cf38274@group-2077DD483DC7: changes role from  FOLLOWER to FOLLOWER at term 249 for recognizeCandidate:a3132885-145f-4a8c-85f4-c10eb874732d
2019-10-16 11:36:11,110 [Thread-3269] INFO  impl.FollowerState (FollowerState.java:run(117)) - 70b633f6-b230-4b9f-87f3-510da88f1e08@group-2077DD483DC7-FollowerState was interrupted: java.lang.InterruptedException: sleep interrupted
2019-10-16 11:36:11,110 [grpc-default-executor-3] INFO  impl.RoleInfo (RoleInfo.java:updateAndGet(143)) - 70b633f6-b230-4b9f-87f3-510da88f1e08: start FollowerState
2019-10-16 11:36:11,110 [grpc-default-executor-5] INFO  impl.RoleInfo (RoleInfo.java:shutdownFollowerState(121)) - 163587bb-2c3b-4498-b576-18147cf38274: shutdown FollowerState
2019-10-16 11:36:11,110 [grpc-default-executor-5] INFO  impl.RoleInfo (RoleInfo.java:updateAndGet(143)) - 163587bb-2c3b-4498-b576-18147cf38274: start FollowerState
2019-10-16 11:36:11,110 [Thread-3270] INFO  impl.FollowerState (FollowerState.java:run(117)) - 163587bb-2c3b-4498-b576-18147cf38274@group-2077DD483DC7-FollowerState was interrupted: java.lang.InterruptedException: sleep interrupted
2019-10-16 11:36:11,124 [a3132885-145f-4a8c-85f4-c10eb874732d@group-2077DD483DC7-LeaderElection426] INFO  impl.LeaderElection (LeaderElection.java:logAndReturn(56)) - a3132885-145f-4a8c-85f4-c10eb874732d@group-2077DD483DC7-LeaderElection426: Election REJECTED; received 2 response(s) [a3132885-145f-4a8c-85f4-c10eb874732d<-163587bb-2c3b-4498-b576-18147cf38274#0:FAIL-t249, a3132885-145f-4a8c-85f4-c10eb874732d<-70b633f6-b230-4b9f-87f3-510da88f1e08#0:FAIL-t249] and 0 exception(s); a3132885-145f-4a8c-85f4-c10eb874732d@group-2077DD483DC7:t249, leader=null, voted=a3132885-145f-4a8c-85f4-c10eb874732d, raftlog=a3132885-145f-4a8c-85f4-c10eb874732d@group-2077DD483DC7-SegmentedRaftLog:OPENED:c-1,f-1,i0, conf=-1: [163587bb-2c3b-4498-b576-18147cf38274:192.168.157.203:33208, a3132885-145f-4a8c-85f4-c10eb874732d:192.168.157.203:46766, 70b633f6-b230-4b9f-87f3-510da88f1e08:192.168.157.203:43163], old=null
2019-10-16 11:36:11,124 [a3132885-145f-4a8c-85f4-c10eb874732d@group-2077DD483DC7-LeaderElection426] INFO  impl.RaftServerImpl (RaftServerImpl.java:setRole(184)) - a3132885-145f-4a8c-85f4-c10eb874732d@group-2077DD483DC7: changes role from CANDIDATE to FOLLOWER at term 249 for DISCOVERED_A_NEW_TERM
2019-10-16 11:36:11,124 [a3132885-145f-4a8c-85f4-c10eb874732d@group-2077DD483DC7-LeaderElection426] INFO  impl.RoleInfo (RoleInfo.java:shutdownLeaderElection(134)) - a3132885-145f-4a8c-85f4-c10eb874732d: shutdown LeaderElection
2019-10-16 11:36:11,124 [a3132885-145f-4a8c-85f4-c10eb874732d@group-2077DD483DC7-LeaderElection426] INFO  impl.RoleInfo (RoleInfo.java:updateAndGet(143)) - a3132885-145f-4a8c-85f4-c10eb874732d: start FollowerState
2019-10-16 11:36:11,321 [Thread-3278] INFO  impl.FollowerState (FollowerState.java:run(108)) - a3132885-145f-4a8c-85f4-c10eb874732d@group-2077DD483DC7-FollowerState: change to CANDIDATE, lastRpcTime:196ms, electionTimeout:196ms
2019-10-16 11:36:11,321 [Thread-3278] INFO  impl.RoleInfo (RoleInfo.java:shutdownFollowerState(121)) - a3132885-145f-4a8c-85f4-c10eb874732d: shutdown FollowerState
2019-10-16 11:36:11,321 [Thread-3278] INFO  impl.RaftServerImpl (RaftServerImpl.java:setRole(184)) - a3132885-145f-4a8c-85f4-c10eb874732d@group-2077DD483DC7: changes role from  FOLLOWER to CANDIDATE at term 249 for changeToCandidate
2019-10-16 11:36:11,321 [Thread-3278] INFO  impl.RoleInfo (RoleInfo.java:updateAndGet(143)) - a3132885-145f-4a8c-85f4-c10eb874732d: start LeaderElection
2019-10-16 11:36:11,335 [a3132885-145f-4a8c-85f4-c10eb874732d@group-2077DD483DC7-LeaderElection427] INFO  impl.LeaderElection (LeaderElection.java:askForVotes(178)) - a3132885-145f-4a8c-85f4-c10eb874732d@group-2077DD483DC7-LeaderElection427: begin an election at term 250 for -1: [163587bb-2c3b-4498-b576-18147cf38274:192.168.157.203:33208, a3132885-145f-4a8c-85f4-c10eb874732d:192.168.157.203:46766, 70b633f6-b230-4b9f-87f3-510da88f1e08:192.168.157.203:43163], old=null
2019-10-16 11:36:11,336 [grpc-default-executor-3] INFO  impl.RaftServerImpl (RaftServerImpl.java:setRole(184)) - 70b633f6-b230-4b9f-87f3-510da88f1e08@group-2077DD483DC7: changes role from  FOLLOWER to FOLLOWER at term 250 for recognizeCandidate:a3132885-145f-4a8c-85f4-c10eb874732d
2019-10-16 11:36:11,337 [grpc-default-executor-3] INFO  impl.RoleInfo (RoleInfo.java:shutdownFollowerState(121)) - 70b633f6-b230-4b9f-87f3-510da88f1e08: shutdown FollowerState
2019-10-16 11:36:11,336 [grpc-default-executor-5] INFO  impl.RaftServerImpl (RaftServerImpl.java:setRole(184)) - 163587bb-2c3b-4498-b576-18147cf38274@group-2077DD483DC7: changes role from  FOLLOWER to FOLLOWER at term 250 for recognizeCandidate:a3132885-145f-4a8c-85f4-c10eb874732d
2019-10-16 11:36:11,337 [Thread-3276] INFO  impl.FollowerState (FollowerState.java:run(117)) - 70b633f6-b230-4b9f-87f3-510da88f1e08@group-2077DD483DC7-FollowerState was interrupted: java.lang.InterruptedException: sleep interrupted
2019-10-16 11:36:11,337 [grpc-default-executor-3] INFO  impl.RoleInfo (RoleInfo.java:updateAndGet(143)) - 70b633f6-b230-4b9f-87f3-510da88f1e08: start FollowerState
2019-10-16 11:36:11,337 [grpc-default-executor-5] INFO  impl.RoleInfo (RoleInfo.java:shutdownFollowerState(121)) - 163587bb-2c3b-4498-b576-18147cf38274: shutdown FollowerState
2019-10-16 11:36:11,337 [grpc-default-executor-5] INFO  impl.RoleInfo (RoleInfo.java:updateAndGet(143)) - 163587bb-2c3b-4498-b576-18147cf38274: start FollowerState
2019-10-16 11:36:11,337 [Thread-3277] INFO  impl.FollowerState (FollowerState.java:run(117)) - 163587bb-2c3b-4498-b576-18147cf38274@group-2077DD483DC7-FollowerState was interrupted: java.lang.InterruptedException: sleep interrupted
2019-10-16 11:36:11,352 [a3132885-145f-4a8c-85f4-c10eb874732d@group-2077DD483DC7-LeaderElection427] INFO  impl.LeaderElection (LeaderElection.java:logAndReturn(56)) - a3132885-145f-4a8c-85f4-c10eb874732d@group-2077DD483DC7-LeaderElection427: Election REJECTED; received 2 response(s) [a3132885-145f-4a8c-85f4-c10eb874732d<-163587bb-2c3b-4498-b576-18147cf38274#0:FAIL-t250, a3132885-145f-4a8c-85f4-c10eb874732d<-70b633f6-b230-4b9f-87f3-510da88f1e08#0:FAIL-t250] and 0 exception(s); a3132885-145f-4a8c-85f4-c10eb874732d@group-2077DD483DC7:t250, leader=null, voted=a3132885-145f-4a8c-85f4-c10eb874732d, raftlog=a3132885-145f-4a8c-85f4-c10eb874732d@group-2077DD483DC7-SegmentedRaftLog:OPENED:c-1,f-1,i0, conf=-1: [163587bb-2c3b-4498-b576-18147cf38274:192.168.157.203:33208, a3132885-145f-4a8c-85f4-c10eb874732d:192.168.157.203:46766, 70b633f6-b230-4b9f-87f3-510da88f1e08:192.168.157.203:43163], old=null
2019-10-16 11:36:11,352 [a3132885-145f-4a8c-85f4-c10eb874732d@group-2077DD483DC7-LeaderElection427] INFO  impl.RaftServerImpl (RaftServerImpl.java:setRole(184)) - a3132885-145f-4a8c-85f4-c10eb874732d@group-2077DD483DC7: changes role from CANDIDATE to FOLLOWER at term 250 for DISCOVERED_A_NEW_TERM
2019-10-16 11:36:11,352 [a3132885-145f-4a8c-85f4-c10eb874732d@group-2077DD483DC7-LeaderElection427] INFO  impl.RoleInfo (RoleInfo.java:shutdownLeaderElection(134)) - a3132885-145f-4a8c-85f4-c10eb874732d: shutdown LeaderElection
2019-10-16 11:36:11,352 [a3132885-145f-4a8c-85f4-c10eb874732d@group-2077DD483DC7-LeaderElection427] INFO  impl.RoleInfo (RoleInfo.java:updateAndGet(143)) - a3132885-145f-4a8c-85f4-c10eb874732d: start FollowerState
2019-10-16 11:36:11,487 [java.util.concurrent.ThreadPoolExecutor$Worker@1a001f89[State = -1, empty queue]] WARN  server.GrpcLogAppender (GrpcLogAppender.java:timeoutAppendRequest(209)) - 5c445d34-c031-481c-9d4b-8fbace1f61b8@group-8BBDE5791A04->857fec05-692a-4d09-bf1c-7d167682feae-GrpcLogAppender: appendEntries Timeout, request=5c445d34-c031-481c-9d4b-8fbace1f61b8->857fec05-692a-4d09-bf1c-7d167682feae#78-t6, previous=(t:6, i:21), leaderCommit=21, initializing? false, entries: <empty>
2019-10-16 11:36:11,496 [Thread-3284] INFO  impl.FollowerState (FollowerState.java:run(108)) - a3132885-145f-4a8c-85f4-c10eb874732d@group-2077DD483DC7-FollowerState: change to CANDIDATE, lastRpcTime:144ms, electionTimeout:144ms
2019-10-16 11:36:11,497 [Thread-3284] INFO  impl.RoleInfo (RoleInfo.java:shutdownFollowerState(121)) - a3132885-145f-4a8c-85f4-c10eb874732d: shutdown FollowerState
2019-10-16 11:36:11,497 [Thread-3284] INFO  impl.RaftServerImpl (RaftServerImpl.java:setRole(184)) - a3132885-145f-4a8c-85f4-c10eb874732d@group-2077DD483DC7: changes role from  FOLLOWER to CANDIDATE at term 250 for changeToCandidate
2019-10-16 11:36:11,497 [Thread-3284] INFO  impl.RoleInfo (RoleInfo.java:updateAndGet(143)) - a3132885-145f-4a8c-85f4-c10eb874732d: start LeaderElection
2019-10-16 11:36:11,511 [a3132885-145f-4a8c-85f4-c10eb874732d@group-2077DD483DC7-LeaderElection428] INFO  impl.LeaderElection (LeaderElection.java:askForVotes(178)) - a3132885-145f-4a8c-85f4-c10eb874732d@group-2077DD483DC7-LeaderElection428: begin an election at term 251 for -1: [163587bb-2c3b-4498-b576-18147cf38274:192.168.157.203:33208, a3132885-145f-4a8c-85f4-c10eb874732d:192.168.157.203:46766, 70b633f6-b230-4b9f-87f3-510da88f1e08:192.168.157.203:43163], old=null
2019-10-16 11:36:11,512 [grpc-default-executor-5] INFO  impl.RaftServerImpl (RaftServerImpl.java:setRole(184)) - 163587bb-2c3b-4498-b576-18147cf38274@group-2077DD483DC7: changes role from  FOLLOWER to FOLLOWER at term 251 for recognizeCandidate:a3132885-145f-4a8c-85f4-c10eb874732d
2019-10-16 11:36:11,512 [grpc-default-executor-5] INFO  impl.RoleInfo (RoleInfo.java:shutdownFollowerState(121)) - 163587bb-2c3b-4498-b576-18147cf38274: shutdown FollowerState
2019-10-16 11:36:11,513 [grpc-default-executor-3] INFO  impl.RaftServerImpl (RaftServerImpl.java:setRole(184)) - 70b633f6-b230-4b9f-87f3-510da88f1e08@group-2077DD483DC7: changes role from  FOLLOWER to FOLLOWER at term 251 for recognizeCandidate:a3132885-145f-4a8c-85f4-c10eb874732d
2019-10-16 11:36:11,513 [Thread-3283] INFO  impl.FollowerState (FollowerState.java:run(117)) - 163587bb-2c3b-4498-b576-18147cf38274@group-2077DD483DC7-FollowerState was interrupted: java.lang.InterruptedException: sleep interrupted
2019-10-16 11:36:11,513 [grpc-default-executor-5] INFO  impl.RoleInfo (RoleInfo.java:updateAndGet(143)) - 163587bb-2c3b-4498-b576-18147cf38274: start FollowerState
2019-10-16 11:36:11,513 [grpc-default-executor-3] INFO  impl.RoleInfo (RoleInfo.java:shutdownFollowerState(121)) - 70b633f6-b230-4b9f-87f3-510da88f1e08: shutdown FollowerState
2019-10-16 11:36:11,513 [grpc-default-executor-3] INFO  impl.RoleInfo (RoleInfo.java:updateAndGet(143)) - 70b633f6-b230-4b9f-87f3-510da88f1e08: start FollowerState
2019-10-16 11:36:11,513 [Thread-3282] INFO  impl.FollowerState (FollowerState.java:run(117)) - 70b633f6-b230-4b9f-87f3-510da88f1e08@group-2077DD483DC7-FollowerState was interrupted: java.lang.InterruptedException: sleep interrupted
2019-10-16 11:36:11,527 [a3132885-145f-4a8c-85f4-c10eb874732d@group-2077DD483DC7-LeaderElection428] INFO  impl.LeaderElection (LeaderElection.java:logAndReturn(56)) - a3132885-145f-4a8c-85f4-c10eb874732d@group-2077DD483DC7-LeaderElection428: Election REJECTED; received 2 response(s) [a3132885-145f-4a8c-85f4-c10eb874732d<-163587bb-2c3b-4498-b576-18147cf38274#0:FAIL-t251, a3132885-145f-4a8c-85f4-c10eb874732d<-70b633f6-b230-4b9f-87f3-510da88f1e08#0:FAIL-t251] and 0 exception(s); a3132885-145f-4a8c-85f4-c10eb874732d@group-2077DD483DC7:t251, leader=null, voted=a3132885-145f-4a8c-85f4-c10eb874732d, raftlog=a3132885-145f-4a8c-85f4-c10eb874732d@group-2077DD483DC7-SegmentedRaftLog:OPENED:c-1,f-1,i0, conf=-1: [163587bb-2c3b-4498-b576-18147cf38274:192.168.157.203:33208, a3132885-145f-4a8c-85f4-c10eb874732d:192.168.157.203:46766, 70b633f6-b230-4b9f-87f3-510da88f1e08:192.168.157.203:43163], old=null
2019-10-16 11:36:11,527 [a3132885-145f-4a8c-85f4-c10eb874732d@group-2077DD483DC7-LeaderElection428] INFO  impl.RaftServerImpl (RaftServerImpl.java:setRole(184)) - a3132885-145f-4a8c-85f4-c10eb874732d@group-2077DD483DC7: changes role from CANDIDATE to FOLLOWER at term 251 for DISCOVERED_A_NEW_TERM
2019-10-16 11:36:11,527 [a3132885-145f-4a8c-85f4-c10eb874732d@group-2077DD483DC7-LeaderElection428] INFO  impl.RoleInfo (RoleInfo.java:shutdownLeaderElection(134)) - a3132885-145f-4a8c-85f4-c10eb874732d: shutdown LeaderElection
2019-10-16 11:36:11,527 [a3132885-145f-4a8c-85f4-c10eb874732d@group-2077DD483DC7-LeaderElection428] INFO  impl.RoleInfo (RoleInfo.java:updateAndGet(143)) - a3132885-145f-4a8c-85f4-c10eb874732d: start FollowerState
2019-10-16 11:36:11,557 [Thread-3291] INFO  impl.FollowerState (FollowerState.java:run(108)) - a3132885-145f-4a8c-85f4-c10eb874732d@group-2077DD483DC7-FollowerState: change to CANDIDATE, lastRpcTime:29ms, electionTimeout:29ms
2019-10-16 11:36:11,557 [Thread-3291] INFO  impl.RoleInfo (RoleInfo.java:shutdownFollowerState(121)) - a3132885-145f-4a8c-85f4-c10eb874732d: shutdown FollowerState
2019-10-16 11:36:11,557 [Thread-3291] INFO  impl.RaftServerImpl (RaftServerImpl.java:setRole(184)) - a3132885-145f-4a8c-85f4-c10eb874732d@group-2077DD483DC7: changes role from  FOLLOWER to CANDIDATE at term 251 for changeToCandidate
2019-10-16 11:36:11,557 [Thread-3291] INFO  impl.RoleInfo (RoleInfo.java:updateAndGet(143)) - a3132885-145f-4a8c-85f4-c10eb874732d: start LeaderElection
2019-10-16 11:36:11,571 [a3132885-145f-4a8c-85f4-c10eb874732d@group-2077DD483DC7-LeaderElection429] INFO  impl.LeaderElection (LeaderElection.java:askForVotes(178)) - a3132885-145f-4a8c-85f4-c10eb874732d@group-2077DD483DC7-LeaderElection429: begin an election at term 252 for -1: [163587bb-2c3b-4498-b576-18147cf38274:192.168.157.203:33208, a3132885-145f-4a8c-85f4-c10eb874732d:192.168.157.203:46766, 70b633f6-b230-4b9f-87f3-510da88f1e08:192.168.157.203:43163], old=null
2019-10-16 11:36:11,573 [grpc-default-executor-5] INFO  impl.RaftServerImpl (RaftServerImpl.java:setRole(184)) - 163587bb-2c3b-4498-b576-18147cf38274@group-2077DD483DC7: changes role from  FOLLOWER to FOLLOWER at term 252 for recognizeCandidate:a3132885-145f-4a8c-85f4-c10eb874732d
2019-10-16 11:36:11,573 [grpc-default-executor-5] INFO  impl.RoleInfo (RoleInfo.java:shutdownFollowerState(121)) - 163587bb-2c3b-4498-b576-18147cf38274: shutdown FollowerState
2019-10-16 11:36:11,573 [grpc-default-executor-3] INFO  impl.RaftServerImpl (RaftServerImpl.java:setRole(184)) - 70b633f6-b230-4b9f-87f3-510da88f1e08@group-2077DD483DC7: changes role from  FOLLOWER to FOLLOWER at term 252 for recognizeCandidate:a3132885-145f-4a8c-85f4-c10eb874732d
2019-10-16 11:36:11,573 [grpc-default-executor-3] INFO  impl.RoleInfo (RoleInfo.java:shutdownFollowerState(121)) - 70b633f6-b230-4b9f-87f3-510da88f1e08: shutdown FollowerState
2019-10-16 11:36:11,573 [Thread-3289] INFO  impl.FollowerState (FollowerState.java:run(117)) - 163587bb-2c3b-4498-b576-18147cf38274@group-2077DD483DC7-FollowerState was interrupted: java.lang.InterruptedException: sleep interrupted
2019-10-16 11:36:11,573 [grpc-default-executor-5] INFO  impl.RoleInfo (RoleInfo.java:updateAndGet(143)) - 163587bb-2c3b-4498-b576-18147cf38274: start FollowerState
2019-10-16 11:36:11,573 [Thread-3290] INFO  impl.FollowerState (FollowerState.java:run(117)) - 70b633f6-b230-4b9f-87f3-510da88f1e08@group-2077DD483DC7-FollowerState was interrupted: java.lang.InterruptedException: sleep interrupted
2019-10-16 11:36:11,573 [grpc-default-executor-3] INFO  impl.RoleInfo (RoleInfo.java:updateAndGet(143)) - 70b633f6-b230-4b9f-87f3-510da88f1e08: start FollowerState
2019-10-16 11:36:11,587 [a3132885-145f-4a8c-85f4-c10eb874732d@group-2077DD483DC7-LeaderElection429] INFO  impl.LeaderElection (LeaderElection.java:logAndReturn(56)) - a3132885-145f-4a8c-85f4-c10eb874732d@group-2077DD483DC7-LeaderElection429: Election REJECTED; received 2 response(s) [a3132885-145f-4a8c-85f4-c10eb874732d<-163587bb-2c3b-4498-b576-18147cf38274#0:FAIL-t252, a3132885-145f-4a8c-85f4-c10eb874732d<-70b633f6-b230-4b9f-87f3-510da88f1e08#0:FAIL-t252] and 0 exception(s); a3132885-145f-4a8c-85f4-c10eb874732d@group-2077DD483DC7:t252, leader=null, voted=a3132885-145f-4a8c-85f4-c10eb874732d, raftlog=a3132885-145f-4a8c-85f4-c10eb874732d@group-2077DD483DC7-SegmentedRaftLog:OPENED:c-1,f-1,i0, conf=-1: [163587bb-2c3b-4498-b576-18147cf38274:192.168.157.203:33208, a3132885-145f-4a8c-85f4-c10eb874732d:192.168.157.203:46766, 70b633f6-b230-4b9f-87f3-510da88f1e08:192.168.157.203:43163], old=null
2019-10-16 11:36:11,587 [a3132885-145f-4a8c-85f4-c10eb874732d@group-2077DD483DC7-LeaderElection429] INFO  impl.RaftServerImpl (RaftServerImpl.java:setRole(184)) - a3132885-145f-4a8c-85f4-c10eb874732d@group-2077DD483DC7: changes role from CANDIDATE to FOLLOWER at term 252 for DISCOVERED_A_NEW_TERM
2019-10-16 11:36:11,588 [a3132885-145f-4a8c-85f4-c10eb874732d@group-2077DD483DC7-LeaderElection429] INFO  impl.RoleInfo (RoleInfo.java:shutdownLeaderElection(134)) - a3132885-145f-4a8c-85f4-c10eb874732d: shutdown LeaderElection
2019-10-16 11:36:11,588 [a3132885-145f-4a8c-85f4-c10eb874732d@group-2077DD483DC7-LeaderElection429] INFO  impl.RoleInfo (RoleInfo.java:updateAndGet(143)) - a3132885-145f-4a8c-85f4-c10eb874732d: start FollowerState
2019-10-16 11:36:11,601 [Thread-3297] INFO  impl.FollowerState (FollowerState.java:run(108)) - a3132885-145f-4a8c-85f4-c10eb874732d@group-2077DD483DC7-FollowerState: change to CANDIDATE, lastRpcTime:13ms, electionTimeout:13ms
2019-10-16 11:36:11,601 [Thread-3297] INFO  impl.RoleInfo (RoleInfo.java:shutdownFollowerState(121)) - a3132885-145f-4a8c-85f4-c10eb874732d: shutdown FollowerState
2019-10-16 11:36:11,601 [Thread-3297] INFO  impl.RaftServerImpl (RaftServerImpl.java:setRole(184)) - a3132885-145f-4a8c-85f4-c10eb874732d@group-2077DD483DC7: changes role from  FOLLOWER to CANDIDATE at term 252 for changeToCandidate
2019-10-16 11:36:11,601 [Thread-3297] INFO  impl.RoleInfo (RoleInfo.java:updateAndGet(143)) - a3132885-145f-4a8c-85f4-c10eb874732d: start LeaderElection
2019-10-16 11:36:11,615 [a3132885-145f-4a8c-85f4-c10eb874732d@group-2077DD483DC7-LeaderElection430] INFO  impl.LeaderElection (LeaderElection.java:askForVotes(178)) - a3132885-145f-4a8c-85f4-c10eb874732d@group-2077DD483DC7-LeaderElection430: begin an election at term 253 for -1: [163587bb-2c3b-4498-b576-18147cf38274:192.168.157.203:33208, a3132885-145f-4a8c-85f4-c10eb874732d:192.168.157.203:46766, 70b633f6-b230-4b9f-87f3-510da88f1e08:192.168.157.203:43163], old=null
2019-10-16 11:36:11,616 [grpc-default-executor-3] INFO  impl.RaftServerImpl (RaftServerImpl.java:setRole(184)) - 163587bb-2c3b-4498-b576-18147cf38274@group-2077DD483DC7: changes role from  FOLLOWER to FOLLOWER at term 253 for recognizeCandidate:a3132885-145f-4a8c-85f4-c10eb874732d
2019-10-16 11:36:11,616 [grpc-default-executor-3] INFO  impl.RoleInfo (RoleInfo.java:shutdownFollowerState(121)) - 163587bb-2c3b-4498-b576-18147cf38274: shutdown FollowerState
2019-10-16 11:36:11,616 [grpc-default-executor-5] INFO  impl.RaftServerImpl (RaftServerImpl.java:setRole(184)) - 70b633f6-b230-4b9f-87f3-510da88f1e08@group-2077DD483DC7: changes role from  FOLLOWER to FOLLOWER at term 253 for recognizeCandidate:a3132885-145f-4a8c-85f4-c10eb874732d
2019-10-16 11:36:11,616 [Thread-3295] INFO  impl.FollowerState (FollowerState.java:run(117)) - 163587bb-2c3b-4498-b576-18147cf38274@group-2077DD483DC7-FollowerState was interrupted: java.lang.InterruptedException: sleep interrupted
2019-10-16 11:36:11,616 [grpc-default-executor-3] INFO  impl.RoleInfo (RoleInfo.java:updateAndGet(143)) - 163587bb-2c3b-4498-b576-18147cf38274: start FollowerState
2019-10-16 11:36:11,616 [grpc-default-executor-5] INFO  impl.RoleInfo (RoleInfo.java:shutdownFollowerState(121)) - 70b633f6-b230-4b9f-87f3-510da88f1e08: shutdown FollowerState
2019-10-16 11:36:11,617 [grpc-default-executor-5] INFO  impl.RoleInfo (RoleInfo.java:updateAndGet(143)) - 70b633f6-b230-4b9f-87f3-510da88f1e08: start FollowerState
2019-10-16 11:36:11,617 [Thread-3296] INFO  impl.FollowerState (FollowerState.java:run(117)) - 70b633f6-b230-4b9f-87f3-510da88f1e08@group-2077DD483DC7-FollowerState was interrupted: java.lang.InterruptedException: sleep interrupted
2019-10-16 11:36:11,633 [a3132885-145f-4a8c-85f4-c10eb874732d@group-2077DD483DC7-LeaderElection430] INFO  impl.LeaderElection (LeaderElection.java:logAndReturn(56)) - a3132885-145f-4a8c-85f4-c10eb874732d@group-2077DD483DC7-LeaderElection430: Election REJECTED; received 2 response(s) [a3132885-145f-4a8c-85f4-c10eb874732d<-163587bb-2c3b-4498-b576-18147cf38274#0:FAIL-t253, a3132885-145f-4a8c-85f4-c10eb874732d<-70b633f6-b230-4b9f-87f3-510da88f1e08#0:FAIL-t253] and 0 exception(s); a3132885-145f-4a8c-85f4-c10eb874732d@group-2077DD483DC7:t253, leader=null, voted=a3132885-145f-4a8c-85f4-c10eb874732d, raftlog=a3132885-145f-4a8c-85f4-c10eb874732d@group-2077DD483DC7-SegmentedRaftLog:OPENED:c-1,f-1,i0, conf=-1: [163587bb-2c3b-4498-b576-18147cf38274:192.168.157.203:33208, a3132885-145f-4a8c-85f4-c10eb874732d:192.168.157.203:46766, 70b633f6-b230-4b9f-87f3-510da88f1e08:192.168.157.203:43163], old=null
2019-10-16 11:36:11,633 [a3132885-145f-4a8c-85f4-c10eb874732d@group-2077DD483DC7-LeaderElection430] INFO  impl.RaftServerImpl (RaftServerImpl.java:setRole(184)) - a3132885-145f-4a8c-85f4-c10eb874732d@group-2077DD483DC7: changes role from CANDIDATE to FOLLOWER at term 253 for DISCOVERED_A_NEW_TERM
2019-10-16 11:36:11,633 [a3132885-145f-4a8c-85f4-c10eb874732d@group-2077DD483DC7-LeaderElection430] INFO  impl.RoleInfo (RoleInfo.java:shutdownLeaderElection(134)) - a3132885-145f-4a8c-85f4-c10eb874732d: shutdown LeaderElection
2019-10-16 11:36:11,633 [a3132885-145f-4a8c-85f4-c10eb874732d@group-2077DD483DC7-LeaderElection430] INFO  impl.RoleInfo (RoleInfo.java:updateAndGet(143)) - a3132885-145f-4a8c-85f4-c10eb874732d: start FollowerState
2019-10-16 11:36:11,699 [Thread-3303] INFO  impl.FollowerState (FollowerState.java:run(108)) - a3132885-145f-4a8c-85f4-c10eb874732d@group-2077DD483DC7-FollowerState: change to CANDIDATE, lastRpcTime:65ms, electionTimeout:65ms
2019-10-16 11:36:11,699 [Thread-3303] INFO  impl.RoleInfo (RoleInfo.java:shutdownFollowerState(121)) - a3132885-145f-4a8c-85f4-c10eb874732d: shutdown FollowerState
2019-10-16 11:36:11,699 [Thread-3303] INFO  impl.RaftServerImpl (RaftServerImpl.java:setRole(184)) - a3132885-145f-4a8c-85f4-c10eb874732d@group-2077DD483DC7: changes role from  FOLLOWER to CANDIDATE at term 253 for changeToCandidate
2019-10-16 11:36:11,699 [Thread-3303] INFO  impl.RoleInfo (RoleInfo.java:updateAndGet(143)) - a3132885-145f-4a8c-85f4-c10eb874732d: start LeaderElection
2019-10-16 11:36:11,712 [a3132885-145f-4a8c-85f4-c10eb874732d@group-2077DD483DC7-LeaderElection431] INFO  impl.LeaderElection (LeaderElection.java:askForVotes(178)) - a3132885-145f-4a8c-85f4-c10eb874732d@group-2077DD483DC7-LeaderElection431: begin an election at term 254 for -1: [163587bb-2c3b-4498-b576-18147cf38274:192.168.157.203:33208, a3132885-145f-4a8c-85f4-c10eb874732d:192.168.157.203:46766, 70b633f6-b230-4b9f-87f3-510da88f1e08:192.168.157.203:43163], old=null
2019-10-16 11:36:11,713 [grpc-default-executor-5] INFO  impl.RaftServerImpl (RaftServerImpl.java:setRole(184)) - 163587bb-2c3b-4498-b576-18147cf38274@group-2077DD483DC7: changes role from  FOLLOWER to FOLLOWER at term 254 for recognizeCandidate:a3132885-145f-4a8c-85f4-c10eb874732d
2019-10-16 11:36:11,714 [grpc-default-executor-5] INFO  impl.RoleInfo (RoleInfo.java:shutdownFollowerState(121)) - 163587bb-2c3b-4498-b576-18147cf38274: shutdown FollowerState
2019-10-16 11:36:11,714 [grpc-default-executor-5] INFO  impl.RoleInfo (RoleInfo.java:updateAndGet(143)) - 163587bb-2c3b-4498-b576-18147cf38274: start FollowerState
2019-10-16 11:36:11,714 [Thread-3301] INFO  impl.FollowerState (FollowerState.java:run(117)) - 163587bb-2c3b-4498-b576-18147cf38274@group-2077DD483DC7-FollowerState was interrupted: java.lang.InterruptedException: sleep interrupted
2019-10-16 11:36:11,714 [grpc-default-executor-3] INFO  impl.RaftServerImpl (RaftServerImpl.java:setRole(184)) - 70b633f6-b230-4b9f-87f3-510da88f1e08@group-2077DD483DC7: changes role from  FOLLOWER to FOLLOWER at term 254 for recognizeCandidate:a3132885-145f-4a8c-85f4-c10eb874732d
2019-10-16 11:36:11,714 [grpc-default-executor-3] INFO  impl.RoleInfo (RoleInfo.java:shutdownFollowerState(121)) - 70b633f6-b230-4b9f-87f3-510da88f1e08: shutdown FollowerState
2019-10-16 11:36:11,714 [grpc-default-executor-3] INFO  impl.RoleInfo (RoleInfo.java:updateAndGet(143)) - 70b633f6-b230-4b9f-87f3-510da88f1e08: start FollowerState
2019-10-16 11:36:11,714 [Thread-3302] INFO  impl.FollowerState (FollowerState.java:run(117)) - 70b633f6-b230-4b9f-87f3-510da88f1e08@group-2077DD483DC7-FollowerState was interrupted: java.lang.InterruptedException: sleep interrupted
2019-10-16 11:36:11,728 [a3132885-145f-4a8c-85f4-c10eb874732d@group-2077DD483DC7-LeaderElection431] INFO  impl.LeaderElection (LeaderElection.java:logAndReturn(56)) - a3132885-145f-4a8c-85f4-c10eb874732d@group-2077DD483DC7-LeaderElection431: Election REJECTED; received 2 response(s) [a3132885-145f-4a8c-85f4-c10eb874732d<-163587bb-2c3b-4498-b576-18147cf38274#0:FAIL-t254, a3132885-145f-4a8c-85f4-c10eb874732d<-70b633f6-b230-4b9f-87f3-510da88f1e08#0:FAIL-t254] and 0 exception(s); a3132885-145f-4a8c-85f4-c10eb874732d@group-2077DD483DC7:t254, leader=null, voted=a3132885-145f-4a8c-85f4-c10eb874732d, raftlog=a3132885-145f-4a8c-85f4-c10eb874732d@group-2077DD483DC7-SegmentedRaftLog:OPENED:c-1,f-1,i0, conf=-1: [163587bb-2c3b-4498-b576-18147cf38274:192.168.157.203:33208, a3132885-145f-4a8c-85f4-c10eb874732d:192.168.157.203:46766, 70b633f6-b230-4b9f-87f3-510da88f1e08:192.168.157.203:43163], old=null
2019-10-16 11:36:11,729 [a3132885-145f-4a8c-85f4-c10eb874732d@group-2077DD483DC7-LeaderElection431] INFO  impl.RaftServerImpl (RaftServerImpl.java:setRole(184)) - a3132885-145f-4a8c-85f4-c10eb874732d@group-2077DD483DC7: changes role from CANDIDATE to FOLLOWER at term 254 for DISCOVERED_A_NEW_TERM
2019-10-16 11:36:11,729 [a3132885-145f-4a8c-85f4-c10eb874732d@group-2077DD483DC7-LeaderElection431] INFO  impl.RoleInfo (RoleInfo.java:shutdownLeaderElection(134)) - a3132885-145f-4a8c-85f4-c10eb874732d: shutdown LeaderElection
2019-10-16 11:36:11,729 [a3132885-145f-4a8c-85f4-c10eb874732d@group-2077DD483DC7-LeaderElection431] INFO  impl.RoleInfo (RoleInfo.java:updateAndGet(143)) - a3132885-145f-4a8c-85f4-c10eb874732d: start FollowerState
2019-10-16 11:36:11,778 [Thread-3309] INFO  impl.FollowerState (FollowerState.java:run(108)) - a3132885-145f-4a8c-85f4-c10eb874732d@group-2077DD483DC7-FollowerState: change to CANDIDATE, lastRpcTime:49ms, electionTimeout:49ms
2019-10-16 11:36:11,779 [Thread-3309] INFO  impl.RoleInfo (RoleInfo.java:shutdownFollowerState(121)) - a3132885-145f-4a8c-85f4-c10eb874732d: shutdown FollowerState
2019-10-16 11:36:11,780 [Thread-3309] INFO  impl.RaftServerImpl (RaftServerImpl.java:setRole(184)) - a3132885-145f-4a8c-85f4-c10eb874732d@group-2077DD483DC7: changes role from  FOLLOWER to CANDIDATE at term 254 for changeToCandidate
2019-10-16 11:36:11,780 [Thread-3309] INFO  impl.RoleInfo (RoleInfo.java:updateAndGet(143)) - a3132885-145f-4a8c-85f4-c10eb874732d: start LeaderElection
2019-10-16 11:36:11,796 [a3132885-145f-4a8c-85f4-c10eb874732d@group-2077DD483DC7-LeaderElection432] INFO  impl.LeaderElection (LeaderElection.java:askForVotes(178)) - a3132885-145f-4a8c-85f4-c10eb874732d@group-2077DD483DC7-LeaderElection432: begin an election at term 255 for -1: [163587bb-2c3b-4498-b576-18147cf38274:192.168.157.203:33208, a3132885-145f-4a8c-85f4-c10eb874732d:192.168.157.203:46766, 70b633f6-b230-4b9f-87f3-510da88f1e08:192.168.157.203:43163], old=null
2019-10-16 11:36:11,801 [grpc-default-executor-5] INFO  impl.RaftServerImpl (RaftServerImpl.java:setRole(184)) - 70b633f6-b230-4b9f-87f3-510da88f1e08@group-2077DD483DC7: changes role from  FOLLOWER to FOLLOWER at term 255 for recognizeCandidate:a3132885-145f-4a8c-85f4-c10eb874732d
2019-10-16 11:36:11,802 [grpc-default-executor-5] INFO  impl.RoleInfo (RoleInfo.java:shutdownFollowerState(121)) - 70b633f6-b230-4b9f-87f3-510da88f1e08: shutdown FollowerState
2019-10-16 11:36:11,801 [grpc-default-executor-3] INFO  impl.RaftServerImpl (RaftServerImpl.java:setRole(184)) - 163587bb-2c3b-4498-b576-18147cf38274@group-2077DD483DC7: changes role from  FOLLOWER to FOLLOWER at term 255 for recognizeCandidate:a3132885-145f-4a8c-85f4-c10eb874732d
2019-10-16 11:36:11,802 [grpc-default-executor-5] INFO  impl.RoleInfo (RoleInfo.java:updateAndGet(143)) - 70b633f6-b230-4b9f-87f3-510da88f1e08: start FollowerState
2019-10-16 11:36:11,803 [Thread-3308] INFO  impl.FollowerState (FollowerState.java:run(117)) - 70b633f6-b230-4b9f-87f3-510da88f1e08@group-2077DD483DC7-FollowerState was interrupted: java.lang.InterruptedException: sleep interrupted
2019-10-16 11:36:11,802 [grpc-default-executor-3] INFO  impl.RoleInfo (RoleInfo.java:shutdownFollowerState(121)) - 163587bb-2c3b-4498-b576-18147cf38274: shutdown FollowerState
2019-10-16 11:36:11,803 [grpc-default-executor-3] INFO  impl.RoleInfo (RoleInfo.java:updateAndGet(143)) - 163587bb-2c3b-4498-b576-18147cf38274: start FollowerState
2019-10-16 11:36:11,803 [Thread-3307] INFO  impl.FollowerState (FollowerState.java:run(117)) - 163587bb-2c3b-4498-b576-18147cf38274@group-2077DD483DC7-FollowerState was interrupted: java.lang.InterruptedException: sleep interrupted
2019-10-16 11:36:11,817 [a3132885-145f-4a8c-85f4-c10eb874732d@group-2077DD483DC7-LeaderElection432] INFO  impl.LeaderElection (LeaderElection.java:logAndReturn(56)) - a3132885-145f-4a8c-85f4-c10eb874732d@group-2077DD483DC7-LeaderElection432: Election REJECTED; received 2 response(s) [a3132885-145f-4a8c-85f4-c10eb874732d<-163587bb-2c3b-4498-b576-18147cf38274#0:FAIL-t255, a3132885-145f-4a8c-85f4-c10eb874732d<-70b633f6-b230-4b9f-87f3-510da88f1e08#0:FAIL-t255] and 0 exception(s); a3132885-145f-4a8c-85f4-c10eb874732d@group-2077DD483DC7:t255, leader=null, voted=a3132885-145f-4a8c-85f4-c10eb874732d, raftlog=a3132885-145f-4a8c-85f4-c10eb874732d@group-2077DD483DC7-SegmentedRaftLog:OPENED:c-1,f-1,i0, conf=-1: [163587bb-2c3b-4498-b576-18147cf38274:192.168.157.203:33208, a3132885-145f-4a8c-85f4-c10eb874732d:192.168.157.203:46766, 70b633f6-b230-4b9f-87f3-510da88f1e08:192.168.157.203:43163], old=null
2019-10-16 11:36:11,818 [a3132885-145f-4a8c-85f4-c10eb874732d@group-2077DD483DC7-LeaderElection432] INFO  impl.RaftServerImpl (RaftServerImpl.java:setRole(184)) - a3132885-145f-4a8c-85f4-c10eb874732d@group-2077DD483DC7: changes role from CANDIDATE to FOLLOWER at term 255 for DISCOVERED_A_NEW_TERM
2019-10-16 11:36:11,818 [a3132885-145f-4a8c-85f4-c10eb874732d@group-2077DD483DC7-LeaderElection432] INFO  impl.RoleInfo (RoleInfo.java:shutdownLeaderElection(134)) - a3132885-145f-4a8c-85f4-c10eb874732d: shutdown LeaderElection
2019-10-16 11:36:11,818 [a3132885-145f-4a8c-85f4-c10eb874732d@group-2077DD483DC7-LeaderElection432] INFO  impl.RoleInfo (RoleInfo.java:updateAndGet(143)) - a3132885-145f-4a8c-85f4-c10eb874732d: start FollowerState
2019-10-16 11:36:11,834 [Thread-3315] INFO  impl.FollowerState (FollowerState.java:run(108)) - a3132885-145f-4a8c-85f4-c10eb874732d@group-2077DD483DC7-FollowerState: change to CANDIDATE, lastRpcTime:16ms, electionTimeout:16ms
2019-10-16 11:36:11,835 [Thread-3315] INFO  impl.RoleInfo (RoleInfo.java:shutdownFollowerState(121)) - a3132885-145f-4a8c-85f4-c10eb874732d: shutdown FollowerState
2019-10-16 11:36:11,835 [Thread-3315] INFO  impl.RaftServerImpl (RaftServerImpl.java:setRole(184)) - a3132885-145f-4a8c-85f4-c10eb874732d@group-2077DD483DC7: changes role from  FOLLOWER to CANDIDATE at term 255 for changeToCandidate
2019-10-16 11:36:11,835 [Thread-3315] INFO  impl.RoleInfo (RoleInfo.java:updateAndGet(143)) - a3132885-145f-4a8c-85f4-c10eb874732d: start LeaderElection
2019-10-16 11:36:11,850 [a3132885-145f-4a8c-85f4-c10eb874732d@group-2077DD483DC7-LeaderElection433] INFO  impl.LeaderElection (LeaderElection.java:askForVotes(178)) - a3132885-145f-4a8c-85f4-c10eb874732d@group-2077DD483DC7-LeaderElection433: begin an election at term 256 for -1: [163587bb-2c3b-4498-b576-18147cf38274:192.168.157.203:33208, a3132885-145f-4a8c-85f4-c10eb874732d:192.168.157.203:46766, 70b633f6-b230-4b9f-87f3-510da88f1e08:192.168.157.203:43163], old=null
2019-10-16 11:36:11,851 [grpc-default-executor-3] INFO  impl.RaftServerImpl (RaftServerImpl.java:setRole(184)) - 163587bb-2c3b-4498-b576-18147cf38274@group-2077DD483DC7: changes role from  FOLLOWER to FOLLOWER at term 256 for recognizeCandidate:a3132885-145f-4a8c-85f4-c10eb874732d
2019-10-16 11:36:11,851 [grpc-default-executor-3] INFO  impl.RoleInfo (RoleInfo.java:shutdownFollowerState(121)) - 163587bb-2c3b-4498-b576-18147cf38274: shutdown FollowerState
2019-10-16 11:36:11,851 [grpc-default-executor-5] INFO  impl.RaftServerImpl (RaftServerImpl.java:setRole(184)) - 70b633f6-b230-4b9f-87f3-510da88f1e08@group-2077DD483DC7: changes role from  FOLLOWER to FOLLOWER at term 256 for recognizeCandidate:a3132885-145f-4a8c-85f4-c10eb874732d
2019-10-16 11:36:11,852 [grpc-default-executor-5] INFO  impl.RoleInfo (RoleInfo.java:shutdownFollowerState(121)) - 70b633f6-b230-4b9f-87f3-510da88f1e08: shutdown FollowerState
2019-10-16 11:36:11,852 [Thread-3314] INFO  impl.FollowerState (FollowerState.java:run(117)) - 163587bb-2c3b-4498-b576-18147cf38274@group-2077DD483DC7-FollowerState was interrupted: java.lang.InterruptedException: sleep interrupted
2019-10-16 11:36:11,852 [grpc-default-executor-3] INFO  impl.RoleInfo (RoleInfo.java:updateAndGet(143)) - 163587bb-2c3b-4498-b576-18147cf38274: start FollowerState
2019-10-16 11:36:11,852 [Thread-3313] INFO  impl.FollowerState (FollowerState.java:run(117)) - 70b633f6-b230-4b9f-87f3-510da88f1e08@group-2077DD483DC7-FollowerState was interrupted: java.lang.InterruptedException: sleep interrupted
2019-10-16 11:36:11,852 [grpc-default-executor-5] INFO  impl.RoleInfo (RoleInfo.java:updateAndGet(143)) - 70b633f6-b230-4b9f-87f3-510da88f1e08: start FollowerState
2019-10-16 11:36:11,866 [a3132885-145f-4a8c-85f4-c10eb874732d@group-2077DD483DC7-LeaderElection433] INFO  impl.LeaderElection (LeaderElection.java:logAndReturn(56)) - a3132885-145f-4a8c-85f4-c10eb874732d@group-2077DD483DC7-LeaderElection433: Election REJECTED; received 2 response(s) [a3132885-145f-4a8c-85f4-c10eb874732d<-163587bb-2c3b-4498-b576-18147cf38274#0:FAIL-t256, a3132885-145f-4a8c-85f4-c10eb874732d<-70b633f6-b230-4b9f-87f3-510da88f1e08#0:FAIL-t256] and 0 exception(s); a3132885-145f-4a8c-85f4-c10eb874732d@group-2077DD483DC7:t256, leader=null, voted=a3132885-145f-4a8c-85f4-c10eb874732d, raftlog=a3132885-145f-4a8c-85f4-c10eb874732d@group-2077DD483DC7-SegmentedRaftLog:OPENED:c-1,f-1,i0, conf=-1: [163587bb-2c3b-4498-b576-18147cf38274:192.168.157.203:33208, a3132885-145f-4a8c-85f4-c10eb874732d:192.168.157.203:46766, 70b633f6-b230-4b9f-87f3-510da88f1e08:192.168.157.203:43163], old=null
2019-10-16 11:36:11,866 [a3132885-145f-4a8c-85f4-c10eb874732d@group-2077DD483DC7-LeaderElection433] INFO  impl.RaftServerImpl (RaftServerImpl.java:setRole(184)) - a3132885-145f-4a8c-85f4-c10eb874732d@group-2077DD483DC7: changes role from CANDIDATE to FOLLOWER at term 256 for DISCOVERED_A_NEW_TERM
2019-10-16 11:36:11,866 [a3132885-145f-4a8c-85f4-c10eb874732d@group-2077DD483DC7-LeaderElection433] INFO  impl.RoleInfo (RoleInfo.java:shutdownLeaderElection(134)) - a3132885-145f-4a8c-85f4-c10eb874732d: shutdown LeaderElection
2019-10-16 11:36:11,867 [a3132885-145f-4a8c-85f4-c10eb874732d@group-2077DD483DC7-LeaderElection433] INFO  impl.RoleInfo (RoleInfo.java:updateAndGet(143)) - a3132885-145f-4a8c-85f4-c10eb874732d: start FollowerState
2019-10-16 11:36:11,988 [java.util.concurrent.ThreadPoolExecutor$Worker@1a001f89[State = -1, empty queue]] WARN  server.GrpcLogAppender (GrpcLogAppender.java:timeoutAppendRequest(209)) - 5c445d34-c031-481c-9d4b-8fbace1f61b8@group-8BBDE5791A04->857fec05-692a-4d09-bf1c-7d167682feae-GrpcLogAppender: appendEntries Timeout, request=5c445d34-c031-481c-9d4b-8fbace1f61b8->857fec05-692a-4d09-bf1c-7d167682feae#79-t6, previous=(t:6, i:21), leaderCommit=21, initializing? false, entries: <empty>
2019-10-16 11:36:12,009 [Thread-3321] INFO  impl.FollowerState (FollowerState.java:run(108)) - a3132885-145f-4a8c-85f4-c10eb874732d@group-2077DD483DC7-FollowerState: change to CANDIDATE, lastRpcTime:142ms, electionTimeout:142ms
2019-10-16 11:36:12,009 [Thread-3321] INFO  impl.RoleInfo (RoleInfo.java:shutdownFollowerState(121)) - a3132885-145f-4a8c-85f4-c10eb874732d: shutdown FollowerState
2019-10-16 11:36:12,010 [Thread-3321] INFO  impl.RaftServerImpl (RaftServerImpl.java:setRole(184)) - a3132885-145f-4a8c-85f4-c10eb874732d@group-2077DD483DC7: changes role from  FOLLOWER to CANDIDATE at term 256 for changeToCandidate
2019-10-16 11:36:12,010 [Thread-3321] INFO  impl.RoleInfo (RoleInfo.java:updateAndGet(143)) - a3132885-145f-4a8c-85f4-c10eb874732d: start LeaderElection
2019-10-16 11:36:12,023 [a3132885-145f-4a8c-85f4-c10eb874732d@group-2077DD483DC7-LeaderElection434] INFO  impl.LeaderElection (LeaderElection.java:askForVotes(178)) - a3132885-145f-4a8c-85f4-c10eb874732d@group-2077DD483DC7-LeaderElection434: begin an election at term 257 for -1: [163587bb-2c3b-4498-b576-18147cf38274:192.168.157.203:33208, a3132885-145f-4a8c-85f4-c10eb874732d:192.168.157.203:46766, 70b633f6-b230-4b9f-87f3-510da88f1e08:192.168.157.203:43163], old=null
2019-10-16 11:36:12,025 [grpc-default-executor-3] INFO  impl.RaftServerImpl (RaftServerImpl.java:setRole(184)) - 163587bb-2c3b-4498-b576-18147cf38274@group-2077DD483DC7: changes role from  FOLLOWER to FOLLOWER at term 257 for recognizeCandidate:a3132885-145f-4a8c-85f4-c10eb874732d
2019-10-16 11:36:12,025 [grpc-default-executor-5] INFO  impl.RaftServerImpl (RaftServerImpl.java:setRole(184)) - 70b633f6-b230-4b9f-87f3-510da88f1e08@group-2077DD483DC7: changes role from  FOLLOWER to FOLLOWER at term 257 for recognizeCandidate:a3132885-145f-4a8c-85f4-c10eb874732d
2019-10-16 11:36:12,025 [grpc-default-executor-5] INFO  impl.RoleInfo (RoleInfo.java:shutdownFollowerState(121)) - 70b633f6-b230-4b9f-87f3-510da88f1e08: shutdown FollowerState
2019-10-16 11:36:12,025 [grpc-default-executor-3] INFO  impl.RoleInfo (RoleInfo.java:shutdownFollowerState(121)) - 163587bb-2c3b-4498-b576-18147cf38274: shutdown FollowerState
2019-10-16 11:36:12,026 [Thread-3320] INFO  impl.FollowerState (FollowerState.java:run(117)) - 70b633f6-b230-4b9f-87f3-510da88f1e08@group-2077DD483DC7-FollowerState was interrupted: java.lang.InterruptedException: sleep interrupted
2019-10-16 11:36:12,026 [Thread-3319] INFO  impl.FollowerState (FollowerState.java:run(117)) - 163587bb-2c3b-4498-b576-18147cf38274@group-2077DD483DC7-FollowerState was interrupted: java.lang.InterruptedException: sleep interrupted
2019-10-16 11:36:12,025 [grpc-default-executor-5] INFO  impl.RoleInfo (RoleInfo.java:updateAndGet(143)) - 70b633f6-b230-4b9f-87f3-510da88f1e08: start FollowerState
2019-10-16 11:36:12,026 [grpc-default-executor-3] INFO  impl.RoleInfo (RoleInfo.java:updateAndGet(143)) - 163587bb-2c3b-4498-b576-18147cf38274: start FollowerState
2019-10-16 11:36:12,033 [a3132885-145f-4a8c-85f4-c10eb874732d@group-2077DD483DC7-LeaderElection434] INFO  impl.LeaderElection (LeaderElection.java:logAndReturn(56)) - a3132885-145f-4a8c-85f4-c10eb874732d@group-2077DD483DC7-LeaderElection434: Election TIMEOUT; received 0 response(s) [] and 0 exception(s); a3132885-145f-4a8c-85f4-c10eb874732d@group-2077DD483DC7:t257, leader=null, voted=a3132885-145f-4a8c-85f4-c10eb874732d, raftlog=a3132885-145f-4a8c-85f4-c10eb874732d@group-2077DD483DC7-SegmentedRaftLog:OPENED:c-1,f-1,i0, conf=-1: [163587bb-2c3b-4498-b576-18147cf38274:192.168.157.203:33208, a3132885-145f-4a8c-85f4-c10eb874732d:192.168.157.203:46766, 70b633f6-b230-4b9f-87f3-510da88f1e08:192.168.157.203:43163], old=null
2019-10-16 11:36:12,040 [a3132885-145f-4a8c-85f4-c10eb874732d@group-2077DD483DC7-LeaderElection434] INFO  impl.LeaderElection (LeaderElection.java:askForVotes(178)) - a3132885-145f-4a8c-85f4-c10eb874732d@group-2077DD483DC7-LeaderElection434: begin an election at term 258 for -1: [163587bb-2c3b-4498-b576-18147cf38274:192.168.157.203:33208, a3132885-145f-4a8c-85f4-c10eb874732d:192.168.157.203:46766, 70b633f6-b230-4b9f-87f3-510da88f1e08:192.168.157.203:43163], old=null
2019-10-16 11:36:12,041 [grpc-default-executor-5] INFO  impl.RaftServerImpl (RaftServerImpl.java:setRole(184)) - 163587bb-2c3b-4498-b576-18147cf38274@group-2077DD483DC7: changes role from  FOLLOWER to FOLLOWER at term 258 for recognizeCandidate:a3132885-145f-4a8c-85f4-c10eb874732d
2019-10-16 11:36:12,041 [grpc-default-executor-5] INFO  impl.RoleInfo (RoleInfo.java:shutdownFollowerState(121)) - 163587bb-2c3b-4498-b576-18147cf38274: shutdown FollowerState
2019-10-16 11:36:12,041 [grpc-default-executor-5] INFO  impl.RoleInfo (RoleInfo.java:updateAndGet(143)) - 163587bb-2c3b-4498-b576-18147cf38274: start FollowerState
2019-10-16 11:36:12,041 [Thread-3327] INFO  impl.FollowerState (FollowerState.java:run(117)) - 163587bb-2c3b-4498-b576-18147cf38274@group-2077DD483DC7-FollowerState was interrupted: java.lang.InterruptedException: sleep interrupted
2019-10-16 11:36:12,042 [grpc-default-executor-3] INFO  impl.RaftServerImpl (RaftServerImpl.java:setRole(184)) - 70b633f6-b230-4b9f-87f3-510da88f1e08@group-2077DD483DC7: changes role from  FOLLOWER to FOLLOWER at term 258 for recognizeCandidate:a3132885-145f-4a8c-85f4-c10eb874732d
2019-10-16 11:36:12,042 [grpc-default-executor-3] INFO  impl.RoleInfo (RoleInfo.java:shutdownFollowerState(121)) - 70b633f6-b230-4b9f-87f3-510da88f1e08: shutdown FollowerState
2019-10-16 11:36:12,042 [grpc-default-executor-3] INFO  impl.RoleInfo (RoleInfo.java:updateAndGet(143)) - 70b633f6-b230-4b9f-87f3-510da88f1e08: start FollowerState
2019-10-16 11:36:12,042 [Thread-3326] INFO  impl.FollowerState (FollowerState.java:run(117)) - 70b633f6-b230-4b9f-87f3-510da88f1e08@group-2077DD483DC7-FollowerState was interrupted: java.lang.InterruptedException: sleep interrupted
2019-10-16 11:36:12,055 [a3132885-145f-4a8c-85f4-c10eb874732d@group-2077DD483DC7-LeaderElection434] INFO  impl.LeaderElection (LeaderElection.java:logAndReturn(56)) - a3132885-145f-4a8c-85f4-c10eb874732d@group-2077DD483DC7-LeaderElection434: Election REJECTED; received 2 response(s) [a3132885-145f-4a8c-85f4-c10eb874732d<-163587bb-2c3b-4498-b576-18147cf38274#0:FAIL-t258, a3132885-145f-4a8c-85f4-c10eb874732d<-70b633f6-b230-4b9f-87f3-510da88f1e08#0:FAIL-t258] and 0 exception(s); a3132885-145f-4a8c-85f4-c10eb874732d@group-2077DD483DC7:t258, leader=null, voted=a3132885-145f-4a8c-85f4-c10eb874732d, raftlog=a3132885-145f-4a8c-85f4-c10eb874732d@group-2077DD483DC7-SegmentedRaftLog:OPENED:c-1,f-1,i0, conf=-1: [163587bb-2c3b-4498-b576-18147cf38274:192.168.157.203:33208, a3132885-145f-4a8c-85f4-c10eb874732d:192.168.157.203:46766, 70b633f6-b230-4b9f-87f3-510da88f1e08:192.168.157.203:43163], old=null
2019-10-16 11:36:12,055 [a3132885-145f-4a8c-85f4-c10eb874732d@group-2077DD483DC7-LeaderElection434] INFO  impl.RaftServerImpl (RaftServerImpl.java:setRole(184)) - a3132885-145f-4a8c-85f4-c10eb874732d@group-2077DD483DC7: changes role from CANDIDATE to FOLLOWER at term 258 for DISCOVERED_A_NEW_TERM
2019-10-16 11:36:12,056 [a3132885-145f-4a8c-85f4-c10eb874732d@group-2077DD483DC7-LeaderElection434] INFO  impl.RoleInfo (RoleInfo.java:shutdownLeaderElection(134)) - a3132885-145f-4a8c-85f4-c10eb874732d: shutdown LeaderElection
2019-10-16 11:36:12,056 [a3132885-145f-4a8c-85f4-c10eb874732d@group-2077DD483DC7-LeaderElection434] INFO  impl.RoleInfo (RoleInfo.java:updateAndGet(143)) - a3132885-145f-4a8c-85f4-c10eb874732d: start FollowerState
2019-10-16 11:36:12,113 [Thread-3332] INFO  impl.FollowerState (FollowerState.java:run(108)) - a3132885-145f-4a8c-85f4-c10eb874732d@group-2077DD483DC7-FollowerState: change to CANDIDATE, lastRpcTime:57ms, electionTimeout:57ms
2019-10-16 11:36:12,113 [Thread-3332] INFO  impl.RoleInfo (RoleInfo.java:shutdownFollowerState(121)) - a3132885-145f-4a8c-85f4-c10eb874732d: shutdown FollowerState
2019-10-16 11:36:12,113 [Thread-3332] INFO  impl.RaftServerImpl (RaftServerImpl.java:setRole(184)) - a3132885-145f-4a8c-85f4-c10eb874732d@group-2077DD483DC7: changes role from  FOLLOWER to CANDIDATE at term 258 for changeToCandidate
2019-10-16 11:36:12,114 [Thread-3332] INFO  impl.RoleInfo (RoleInfo.java:updateAndGet(143)) - a3132885-145f-4a8c-85f4-c10eb874732d: start LeaderElection
2019-10-16 11:36:12,127 [a3132885-145f-4a8c-85f4-c10eb874732d@group-2077DD483DC7-LeaderElection435] INFO  impl.LeaderElection (LeaderElection.java:askForVotes(178)) - a3132885-145f-4a8c-85f4-c10eb874732d@group-2077DD483DC7-LeaderElection435: begin an election at term 259 for -1: [163587bb-2c3b-4498-b576-18147cf38274:192.168.157.203:33208, a3132885-145f-4a8c-85f4-c10eb874732d:192.168.157.203:46766, 70b633f6-b230-4b9f-87f3-510da88f1e08:192.168.157.203:43163], old=null
2019-10-16 11:36:12,128 [grpc-default-executor-3] INFO  impl.RaftServerImpl (RaftServerImpl.java:setRole(184)) - 163587bb-2c3b-4498-b576-18147cf38274@group-2077DD483DC7: changes role from  FOLLOWER to FOLLOWER at term 259 for recognizeCandidate:a3132885-145f-4a8c-85f4-c10eb874732d
2019-10-16 11:36:12,128 [grpc-default-executor-3] INFO  impl.RoleInfo (RoleInfo.java:shutdownFollowerState(121)) - 163587bb-2c3b-4498-b576-18147cf38274: shutdown FollowerState
2019-10-16 11:36:12,129 [grpc-default-executor-3] INFO  impl.RoleInfo (RoleInfo.java:updateAndGet(143)) - 163587bb-2c3b-4498-b576-18147cf38274: start FollowerState
2019-10-16 11:36:12,129 [grpc-default-executor-5] INFO  impl.RaftServerImpl (RaftServerImpl.java:setRole(184)) - 70b633f6-b230-4b9f-87f3-510da88f1e08@group-2077DD483DC7: changes role from  FOLLOWER to FOLLOWER at term 259 for recognizeCandidate:a3132885-145f-4a8c-85f4-c10eb874732d
2019-10-16 11:36:12,129 [Thread-3330] INFO  impl.FollowerState (FollowerState.java:run(117)) - 163587bb-2c3b-4498-b576-18147cf38274@group-2077DD483DC7-FollowerState was interrupted: java.lang.InterruptedException: sleep interrupted
2019-10-16 11:36:12,129 [grpc-default-executor-5] INFO  impl.RoleInfo (RoleInfo.java:shutdownFollowerState(121)) - 70b633f6-b230-4b9f-87f3-510da88f1e08: shutdown FollowerState
2019-10-16 11:36:12,129 [grpc-default-executor-5] INFO  impl.RoleInfo (RoleInfo.java:updateAndGet(143)) - 70b633f6-b230-4b9f-87f3-510da88f1e08: start FollowerState
2019-10-16 11:36:12,129 [Thread-3331] INFO  impl.FollowerState (FollowerState.java:run(117)) - 70b633f6-b230-4b9f-87f3-510da88f1e08@group-2077DD483DC7-FollowerState was interrupted: java.lang.InterruptedException: sleep interrupted
2019-10-16 11:36:12,142 [a3132885-145f-4a8c-85f4-c10eb874732d@group-2077DD483DC7-LeaderElection435] INFO  impl.LeaderElection (LeaderElection.java:logAndReturn(56)) - a3132885-145f-4a8c-85f4-c10eb874732d@group-2077DD483DC7-LeaderElection435: Election REJECTED; received 2 response(s) [a3132885-145f-4a8c-85f4-c10eb874732d<-163587bb-2c3b-4498-b576-18147cf38274#0:FAIL-t259, a3132885-145f-4a8c-85f4-c10eb874732d<-70b633f6-b230-4b9f-87f3-510da88f1e08#0:FAIL-t259] and 0 exception(s); a3132885-145f-4a8c-85f4-c10eb874732d@group-2077DD483DC7:t259, leader=null, voted=a3132885-145f-4a8c-85f4-c10eb874732d, raftlog=a3132885-145f-4a8c-85f4-c10eb874732d@group-2077DD483DC7-SegmentedRaftLog:OPENED:c-1,f-1,i0, conf=-1: [163587bb-2c3b-4498-b576-18147cf38274:192.168.157.203:33208, a3132885-145f-4a8c-85f4-c10eb874732d:192.168.157.203:46766, 70b633f6-b230-4b9f-87f3-510da88f1e08:192.168.157.203:43163], old=null
2019-10-16 11:36:12,142 [a3132885-145f-4a8c-85f4-c10eb874732d@group-2077DD483DC7-LeaderElection435] INFO  impl.RaftServerImpl (RaftServerImpl.java:setRole(184)) - a3132885-145f-4a8c-85f4-c10eb874732d@group-2077DD483DC7: changes role from CANDIDATE to FOLLOWER at term 259 for DISCOVERED_A_NEW_TERM
2019-10-16 11:36:12,142 [a3132885-145f-4a8c-85f4-c10eb874732d@group-2077DD483DC7-LeaderElection435] INFO  impl.RoleInfo (RoleInfo.java:shutdownLeaderElection(134)) - a3132885-145f-4a8c-85f4-c10eb874732d: shutdown LeaderElection
2019-10-16 11:36:12,142 [a3132885-145f-4a8c-85f4-c10eb874732d@group-2077DD483DC7-LeaderElection435] INFO  impl.RoleInfo (RoleInfo.java:updateAndGet(143)) - a3132885-145f-4a8c-85f4-c10eb874732d: start FollowerState
2019-10-16 11:36:12,235 [Thread-3338] INFO  impl.FollowerState (FollowerState.java:run(108)) - a3132885-145f-4a8c-85f4-c10eb874732d@group-2077DD483DC7-FollowerState: change to CANDIDATE, lastRpcTime:93ms, electionTimeout:93ms
2019-10-16 11:36:12,236 [Thread-3338] INFO  impl.RoleInfo (RoleInfo.java:shutdownFollowerState(121)) - a3132885-145f-4a8c-85f4-c10eb874732d: shutdown FollowerState
2019-10-16 11:36:12,236 [Thread-3338] INFO  impl.RaftServerImpl (RaftServerImpl.java:setRole(184)) - a3132885-145f-4a8c-85f4-c10eb874732d@group-2077DD483DC7: changes role from  FOLLOWER to CANDIDATE at term 259 for changeToCandidate
2019-10-16 11:36:12,236 [Thread-3338] INFO  impl.RoleInfo (RoleInfo.java:updateAndGet(143)) - a3132885-145f-4a8c-85f4-c10eb874732d: start LeaderElection
2019-10-16 11:36:12,249 [a3132885-145f-4a8c-85f4-c10eb874732d@group-2077DD483DC7-LeaderElection436] INFO  impl.LeaderElection (LeaderElection.java:askForVotes(178)) - a3132885-145f-4a8c-85f4-c10eb874732d@group-2077DD483DC7-LeaderElection436: begin an election at term 260 for -1: [163587bb-2c3b-4498-b576-18147cf38274:192.168.157.203:33208, a3132885-145f-4a8c-85f4-c10eb874732d:192.168.157.203:46766, 70b633f6-b230-4b9f-87f3-510da88f1e08:192.168.157.203:43163], old=null
2019-10-16 11:36:12,250 [grpc-default-executor-3] INFO  impl.RaftServerImpl (RaftServerImpl.java:setRole(184)) - 163587bb-2c3b-4498-b576-18147cf38274@group-2077DD483DC7: changes role from  FOLLOWER to FOLLOWER at term 260 for recognizeCandidate:a3132885-145f-4a8c-85f4-c10eb874732d
2019-10-16 11:36:12,251 [grpc-default-executor-3] INFO  impl.RoleInfo (RoleInfo.java:shutdownFollowerState(121)) - 163587bb-2c3b-4498-b576-18147cf38274: shutdown FollowerState
2019-10-16 11:36:12,251 [grpc-default-executor-3] INFO  impl.RoleInfo (RoleInfo.java:updateAndGet(143)) - 163587bb-2c3b-4498-b576-18147cf38274: start FollowerState
2019-10-16 11:36:12,251 [grpc-default-executor-5] INFO  impl.RaftServerImpl (RaftServerImpl.java:setRole(184)) - 70b633f6-b230-4b9f-87f3-510da88f1e08@group-2077DD483DC7: changes role from  FOLLOWER to FOLLOWER at term 260 for recognizeCandidate:a3132885-145f-4a8c-85f4-c10eb874732d
2019-10-16 11:36:12,251 [grpc-default-executor-5] INFO  impl.RoleInfo (RoleInfo.java:shutdownFollowerState(121)) - 70b633f6-b230-4b9f-87f3-510da88f1e08: shutdown FollowerState
2019-10-16 11:36:12,251 [Thread-3336] INFO  impl.FollowerState (FollowerState.java:run(117)) - 163587bb-2c3b-4498-b576-18147cf38274@group-2077DD483DC7-FollowerState was interrupted: java.lang.InterruptedException: sleep interrupted
2019-10-16 11:36:12,251 [grpc-default-executor-5] INFO  impl.RoleInfo (RoleInfo.java:updateAndGet(143)) - 70b633f6-b230-4b9f-87f3-510da88f1e08: start FollowerState
2019-10-16 11:36:12,251 [Thread-3337] INFO  impl.FollowerState (FollowerState.java:run(117)) - 70b633f6-b230-4b9f-87f3-510da88f1e08@group-2077DD483DC7-FollowerState was interrupted: java.lang.InterruptedException: sleep interrupted
2019-10-16 11:36:12,265 [a3132885-145f-4a8c-85f4-c10eb874732d@group-2077DD483DC7-LeaderElection436] INFO  impl.LeaderElection (LeaderElection.java:logAndReturn(56)) - a3132885-145f-4a8c-85f4-c10eb874732d@group-2077DD483DC7-LeaderElection436: Election REJECTED; received 2 response(s) [a3132885-145f-4a8c-85f4-c10eb874732d<-163587bb-2c3b-4498-b576-18147cf38274#0:FAIL-t260, a3132885-145f-4a8c-85f4-c10eb874732d<-70b633f6-b230-4b9f-87f3-510da88f1e08#0:FAIL-t260] and 0 exception(s); a3132885-145f-4a8c-85f4-c10eb874732d@group-2077DD483DC7:t260, leader=null, voted=a3132885-145f-4a8c-85f4-c10eb874732d, raftlog=a3132885-145f-4a8c-85f4-c10eb874732d@group-2077DD483DC7-SegmentedRaftLog:OPENED:c-1,f-1,i0, conf=-1: [163587bb-2c3b-4498-b576-18147cf38274:192.168.157.203:33208, a3132885-145f-4a8c-85f4-c10eb874732d:192.168.157.203:46766, 70b633f6-b230-4b9f-87f3-510da88f1e08:192.168.157.203:43163], old=null
2019-10-16 11:36:12,265 [a3132885-145f-4a8c-85f4-c10eb874732d@group-2077DD483DC7-LeaderElection436] INFO  impl.RaftServerImpl (RaftServerImpl.java:setRole(184)) - a3132885-145f-4a8c-85f4-c10eb874732d@group-2077DD483DC7: changes role from CANDIDATE to FOLLOWER at term 260 for DISCOVERED_A_NEW_TERM
2019-10-16 11:36:12,265 [a3132885-145f-4a8c-85f4-c10eb874732d@group-2077DD483DC7-LeaderElection436] INFO  impl.RoleInfo (RoleInfo.java:shutdownLeaderElection(134)) - a3132885-145f-4a8c-85f4-c10eb874732d: shutdown LeaderElection
2019-10-16 11:36:12,265 [a3132885-145f-4a8c-85f4-c10eb874732d@group-2077DD483DC7-LeaderElection436] INFO  impl.RoleInfo (RoleInfo.java:updateAndGet(143)) - a3132885-145f-4a8c-85f4-c10eb874732d: start FollowerState
2019-10-16 11:36:12,414 [Thread-3344] INFO  impl.FollowerState (FollowerState.java:run(108)) - a3132885-145f-4a8c-85f4-c10eb874732d@group-2077DD483DC7-FollowerState: change to CANDIDATE, lastRpcTime:148ms, electionTimeout:148ms
2019-10-16 11:36:12,414 [Thread-3344] INFO  impl.RoleInfo (RoleInfo.java:shutdownFollowerState(121)) - a3132885-145f-4a8c-85f4-c10eb874732d: shutdown FollowerState
2019-10-16 11:36:12,414 [Thread-3344] INFO  impl.RaftServerImpl (RaftServerImpl.java:setRole(184)) - a3132885-145f-4a8c-85f4-c10eb874732d@group-2077DD483DC7: changes role from  FOLLOWER to CANDIDATE at term 260 for changeToCandidate
2019-10-16 11:36:12,414 [Thread-3344] INFO  impl.RoleInfo (RoleInfo.java:updateAndGet(143)) - a3132885-145f-4a8c-85f4-c10eb874732d: start LeaderElection
2019-10-16 11:36:12,427 [a3132885-145f-4a8c-85f4-c10eb874732d@group-2077DD483DC7-LeaderElection437] INFO  impl.LeaderElection (LeaderElection.java:askForVotes(178)) - a3132885-145f-4a8c-85f4-c10eb874732d@group-2077DD483DC7-LeaderElection437: begin an election at term 261 for -1: [163587bb-2c3b-4498-b576-18147cf38274:192.168.157.203:33208, a3132885-145f-4a8c-85f4-c10eb874732d:192.168.157.203:46766, 70b633f6-b230-4b9f-87f3-510da88f1e08:192.168.157.203:43163], old=null
2019-10-16 11:36:12,429 [grpc-default-executor-5] INFO  impl.RaftServerImpl (RaftServerImpl.java:setRole(184)) - 163587bb-2c3b-4498-b576-18147cf38274@group-2077DD483DC7: changes role from  FOLLOWER to FOLLOWER at term 261 for recognizeCandidate:a3132885-145f-4a8c-85f4-c10eb874732d
2019-10-16 11:36:12,429 [grpc-default-executor-5] INFO  impl.RoleInfo (RoleInfo.java:shutdownFollowerState(121)) - 163587bb-2c3b-4498-b576-18147cf38274: shutdown FollowerState
2019-10-16 11:36:12,430 [grpc-default-executor-5] INFO  impl.RoleInfo (RoleInfo.java:updateAndGet(143)) - 163587bb-2c3b-4498-b576-18147cf38274: start FollowerState
2019-10-16 11:36:12,430 [Thread-3342] INFO  impl.FollowerState (FollowerState.java:run(117)) - 163587bb-2c3b-4498-b576-18147cf38274@group-2077DD483DC7-FollowerState was interrupted: java.lang.InterruptedException: sleep interrupted
2019-10-16 11:36:12,430 [grpc-default-executor-3] INFO  impl.RaftServerImpl (RaftServerImpl.java:setRole(184)) - 70b633f6-b230-4b9f-87f3-510da88f1e08@group-2077DD483DC7: changes role from  FOLLOWER to FOLLOWER at term 261 for recognizeCandidate:a3132885-145f-4a8c-85f4-c10eb874732d
2019-10-16 11:36:12,430 [grpc-default-executor-3] INFO  impl.RoleInfo (RoleInfo.java:shutdownFollowerState(121)) - 70b633f6-b230-4b9f-87f3-510da88f1e08: shutdown FollowerState
2019-10-16 11:36:12,430 [grpc-default-executor-3] INFO  impl.RoleInfo (RoleInfo.java:updateAndGet(143)) - 70b633f6-b230-4b9f-87f3-510da88f1e08: start FollowerState
2019-10-16 11:36:12,430 [Thread-3343] INFO  impl.FollowerState (FollowerState.java:run(117)) - 70b633f6-b230-4b9f-87f3-510da88f1e08@group-2077DD483DC7-FollowerState was interrupted: java.lang.InterruptedException: sleep interrupted
2019-10-16 11:36:12,444 [a3132885-145f-4a8c-85f4-c10eb874732d@group-2077DD483DC7-LeaderElection437] INFO  impl.LeaderElection (LeaderElection.java:logAndReturn(56)) - a3132885-145f-4a8c-85f4-c10eb874732d@group-2077DD483DC7-LeaderElection437: Election REJECTED; received 2 response(s) [a3132885-145f-4a8c-85f4-c10eb874732d<-163587bb-2c3b-4498-b576-18147cf38274#0:FAIL-t261, a3132885-145f-4a8c-85f4-c10eb874732d<-70b633f6-b230-4b9f-87f3-510da88f1e08#0:FAIL-t261] and 0 exception(s); a3132885-145f-4a8c-85f4-c10eb874732d@group-2077DD483DC7:t261, leader=null, voted=a3132885-145f-4a8c-85f4-c10eb874732d, raftlog=a3132885-145f-4a8c-85f4-c10eb874732d@group-2077DD483DC7-SegmentedRaftLog:OPENED:c-1,f-1,i0, conf=-1: [163587bb-2c3b-4498-b576-18147cf38274:192.168.157.203:33208, a3132885-145f-4a8c-85f4-c10eb874732d:192.168.157.203:46766, 70b633f6-b230-4b9f-87f3-510da88f1e08:192.168.157.203:43163], old=null
2019-10-16 11:36:12,444 [a3132885-145f-4a8c-85f4-c10eb874732d@group-2077DD483DC7-LeaderElection437] INFO  impl.RaftServerImpl (RaftServerImpl.java:setRole(184)) - a3132885-145f-4a8c-85f4-c10eb874732d@group-2077DD483DC7: changes role from CANDIDATE to FOLLOWER at term 261 for DISCOVERED_A_NEW_TERM
2019-10-16 11:36:12,444 [a3132885-145f-4a8c-85f4-c10eb874732d@group-2077DD483DC7-LeaderElection437] INFO  impl.RoleInfo (RoleInfo.java:shutdownLeaderElection(134)) - a3132885-145f-4a8c-85f4-c10eb874732d: shutdown LeaderElection
2019-10-16 11:36:12,444 [a3132885-145f-4a8c-85f4-c10eb874732d@group-2077DD483DC7-LeaderElection437] INFO  impl.RoleInfo (RoleInfo.java:updateAndGet(143)) - a3132885-145f-4a8c-85f4-c10eb874732d: start FollowerState
2019-10-16 11:36:12,454 [Thread-3350] INFO  impl.FollowerState (FollowerState.java:run(108)) - a3132885-145f-4a8c-85f4-c10eb874732d@group-2077DD483DC7-FollowerState: change to CANDIDATE, lastRpcTime:10ms, electionTimeout:10ms
2019-10-16 11:36:12,454 [Thread-3350] INFO  impl.RoleInfo (RoleInfo.java:shutdownFollowerState(121)) - a3132885-145f-4a8c-85f4-c10eb874732d: shutdown FollowerState
2019-10-16 11:36:12,455 [Thread-3350] INFO  impl.RaftServerImpl (RaftServerImpl.java:setRole(184)) - a3132885-145f-4a8c-85f4-c10eb874732d@group-2077DD483DC7: changes role from  FOLLOWER to CANDIDATE at term 261 for changeToCandidate
2019-10-16 11:36:12,455 [Thread-3350] INFO  impl.RoleInfo (RoleInfo.java:updateAndGet(143)) - a3132885-145f-4a8c-85f4-c10eb874732d: start LeaderElection
2019-10-16 11:36:12,468 [a3132885-145f-4a8c-85f4-c10eb874732d@group-2077DD483DC7-LeaderElection438] INFO  impl.LeaderElection (LeaderElection.java:askForVotes(178)) - a3132885-145f-4a8c-85f4-c10eb874732d@group-2077DD483DC7-LeaderElection438: begin an election at term 262 for -1: [163587bb-2c3b-4498-b576-18147cf38274:192.168.157.203:33208, a3132885-145f-4a8c-85f4-c10eb874732d:192.168.157.203:46766, 70b633f6-b230-4b9f-87f3-510da88f1e08:192.168.157.203:43163], old=null
2019-10-16 11:36:12,470 [grpc-default-executor-5] INFO  impl.RaftServerImpl (RaftServerImpl.java:setRole(184)) - 163587bb-2c3b-4498-b576-18147cf38274@group-2077DD483DC7: changes role from  FOLLOWER to FOLLOWER at term 262 for recognizeCandidate:a3132885-145f-4a8c-85f4-c10eb874732d
2019-10-16 11:36:12,470 [grpc-default-executor-5] INFO  impl.RoleInfo (RoleInfo.java:shutdownFollowerState(121)) - 163587bb-2c3b-4498-b576-18147cf38274: shutdown FollowerState
2019-10-16 11:36:12,470 [grpc-default-executor-3] INFO  impl.RaftServerImpl (RaftServerImpl.java:setRole(184)) - 70b633f6-b230-4b9f-87f3-510da88f1e08@group-2077DD483DC7: changes role from  FOLLOWER to FOLLOWER at term 262 for recognizeCandidate:a3132885-145f-4a8c-85f4-c10eb874732d
2019-10-16 11:36:12,470 [grpc-default-executor-3] INFO  impl.RoleInfo (RoleInfo.java:shutdownFollowerState(121)) - 70b633f6-b230-4b9f-87f3-510da88f1e08: shutdown FollowerState
2019-10-16 11:36:12,470 [grpc-default-executor-5] INFO  impl.RoleInfo (RoleInfo.java:updateAndGet(143)) - 163587bb-2c3b-4498-b576-18147cf38274: start FollowerState
2019-10-16 11:36:12,470 [Thread-3348] INFO  impl.FollowerState (FollowerState.java:run(117)) - 163587bb-2c3b-4498-b576-18147cf38274@group-2077DD483DC7-FollowerState was interrupted: java.lang.InterruptedException: sleep interrupted
2019-10-16 11:36:12,470 [Thread-3349] INFO  impl.FollowerState (FollowerState.java:run(117)) - 70b633f6-b230-4b9f-87f3-510da88f1e08@group-2077DD483DC7-FollowerState was interrupted: java.lang.InterruptedException: sleep interrupted
2019-10-16 11:36:12,470 [grpc-default-executor-3] INFO  impl.RoleInfo (RoleInfo.java:updateAndGet(143)) - 70b633f6-b230-4b9f-87f3-510da88f1e08: start FollowerState
2019-10-16 11:36:12,485 [a3132885-145f-4a8c-85f4-c10eb874732d@group-2077DD483DC7-LeaderElection438] INFO  impl.LeaderElection (LeaderElection.java:logAndReturn(56)) - a3132885-145f-4a8c-85f4-c10eb874732d@group-2077DD483DC7-LeaderElection438: Election REJECTED; received 2 response(s) [a3132885-145f-4a8c-85f4-c10eb874732d<-163587bb-2c3b-4498-b576-18147cf38274#0:FAIL-t262, a3132885-145f-4a8c-85f4-c10eb874732d<-70b633f6-b230-4b9f-87f3-510da88f1e08#0:FAIL-t262] and 0 exception(s); a3132885-145f-4a8c-85f4-c10eb874732d@group-2077DD483DC7:t262, leader=null, voted=a3132885-145f-4a8c-85f4-c10eb874732d, raftlog=a3132885-145f-4a8c-85f4-c10eb874732d@group-2077DD483DC7-SegmentedRaftLog:OPENED:c-1,f-1,i0, conf=-1: [163587bb-2c3b-4498-b576-18147cf38274:192.168.157.203:33208, a3132885-145f-4a8c-85f4-c10eb874732d:192.168.157.203:46766, 70b633f6-b230-4b9f-87f3-510da88f1e08:192.168.157.203:43163], old=null
2019-10-16 11:36:12,485 [a3132885-145f-4a8c-85f4-c10eb874732d@group-2077DD483DC7-LeaderElection438] INFO  impl.RaftServerImpl (RaftServerImpl.java:setRole(184)) - a3132885-145f-4a8c-85f4-c10eb874732d@group-2077DD483DC7: changes role from CANDIDATE to FOLLOWER at term 262 for DISCOVERED_A_NEW_TERM
2019-10-16 11:36:12,485 [a3132885-145f-4a8c-85f4-c10eb874732d@group-2077DD483DC7-LeaderElection438] INFO  impl.RoleInfo (RoleInfo.java:shutdownLeaderElection(134)) - a3132885-145f-4a8c-85f4-c10eb874732d: shutdown LeaderElection
2019-10-16 11:36:12,485 [a3132885-145f-4a8c-85f4-c10eb874732d@group-2077DD483DC7-LeaderElection438] INFO  impl.RoleInfo (RoleInfo.java:updateAndGet(143)) - a3132885-145f-4a8c-85f4-c10eb874732d: start FollowerState
2019-10-16 11:36:12,488 [java.util.concurrent.ThreadPoolExecutor$Worker@1a001f89[State = -1, empty queue]] WARN  server.GrpcLogAppender (GrpcLogAppender.java:timeoutAppendRequest(209)) - 5c445d34-c031-481c-9d4b-8fbace1f61b8@group-8BBDE5791A04->857fec05-692a-4d09-bf1c-7d167682feae-GrpcLogAppender: appendEntries Timeout, request=5c445d34-c031-481c-9d4b-8fbace1f61b8->857fec05-692a-4d09-bf1c-7d167682feae#80-t6, previous=(t:6, i:21), leaderCommit=21, initializing? false, entries: <empty>
2019-10-16 11:36:12,585 [Thread-3356] INFO  impl.FollowerState (FollowerState.java:run(108)) - a3132885-145f-4a8c-85f4-c10eb874732d@group-2077DD483DC7-FollowerState: change to CANDIDATE, lastRpcTime:99ms, electionTimeout:99ms
2019-10-16 11:36:12,585 [Thread-3356] INFO  impl.RoleInfo (RoleInfo.java:shutdownFollowerState(121)) - a3132885-145f-4a8c-85f4-c10eb874732d: shutdown FollowerState
2019-10-16 11:36:12,585 [Thread-3356] INFO  impl.RaftServerImpl (RaftServerImpl.java:setRole(184)) - a3132885-145f-4a8c-85f4-c10eb874732d@group-2077DD483DC7: changes role from  FOLLOWER to CANDIDATE at term 262 for changeToCandidate
2019-10-16 11:36:12,585 [Thread-3356] INFO  impl.RoleInfo (RoleInfo.java:updateAndGet(143)) - a3132885-145f-4a8c-85f4-c10eb874732d: start LeaderElection
2019-10-16 11:36:12,607 [a3132885-145f-4a8c-85f4-c10eb874732d@group-2077DD483DC7-LeaderElection439] INFO  impl.LeaderElection (LeaderElection.java:askForVotes(178)) - a3132885-145f-4a8c-85f4-c10eb874732d@group-2077DD483DC7-LeaderElection439: begin an election at term 263 for -1: [163587bb-2c3b-4498-b576-18147cf38274:192.168.157.203:33208, a3132885-145f-4a8c-85f4-c10eb874732d:192.168.157.203:46766, 70b633f6-b230-4b9f-87f3-510da88f1e08:192.168.157.203:43163], old=null
2019-10-16 11:36:12,608 [grpc-default-executor-3] INFO  impl.RaftServerImpl (RaftServerImpl.java:setRole(184)) - 163587bb-2c3b-4498-b576-18147cf38274@group-2077DD483DC7: changes role from  FOLLOWER to FOLLOWER at term 263 for recognizeCandidate:a3132885-145f-4a8c-85f4-c10eb874732d
2019-10-16 11:36:12,608 [grpc-default-executor-3] INFO  impl.RoleInfo (RoleInfo.java:shutdownFollowerState(121)) - 163587bb-2c3b-4498-b576-18147cf38274: shutdown FollowerState
2019-10-16 11:36:12,608 [grpc-default-executor-5] INFO  impl.RaftServerImpl (RaftServerImpl.java:setRole(184)) - 70b633f6-b230-4b9f-87f3-510da88f1e08@group-2077DD483DC7: changes role from  FOLLOWER to FOLLOWER at term 263 for recognizeCandidate:a3132885-145f-4a8c-85f4-c10eb874732d
2019-10-16 11:36:12,609 [Thread-3354] INFO  impl.FollowerState (FollowerState.java:run(117)) - 163587bb-2c3b-4498-b576-18147cf38274@group-2077DD483DC7-FollowerState was interrupted: java.lang.InterruptedException: sleep interrupted
2019-10-16 11:36:12,609 [grpc-default-executor-3] INFO  impl.RoleInfo (RoleInfo.java:updateAndGet(143)) - 163587bb-2c3b-4498-b576-18147cf38274: start FollowerState
2019-10-16 11:36:12,609 [grpc-default-executor-5] INFO  impl.RoleInfo (RoleInfo.java:shutdownFollowerState(121)) - 70b633f6-b230-4b9f-87f3-510da88f1e08: shutdown FollowerState
2019-10-16 11:36:12,609 [grpc-default-executor-5] INFO  impl.RoleInfo (RoleInfo.java:updateAndGet(143)) - 70b633f6-b230-4b9f-87f3-510da88f1e08: start FollowerState
2019-10-16 11:36:12,609 [Thread-3355] INFO  impl.FollowerState (FollowerState.java:run(117)) - 70b633f6-b230-4b9f-87f3-510da88f1e08@group-2077DD483DC7-FollowerState was interrupted: java.lang.InterruptedException: sleep interrupted
2019-10-16 11:36:12,614 [a3132885-145f-4a8c-85f4-c10eb874732d@group-2077DD483DC7-LeaderElection439] INFO  impl.LeaderElection (LeaderElection.java:logAndReturn(56)) - a3132885-145f-4a8c-85f4-c10eb874732d@group-2077DD483DC7-LeaderElection439: Election REJECTED; received 2 response(s) [a3132885-145f-4a8c-85f4-c10eb874732d<-163587bb-2c3b-4498-b576-18147cf38274#0:FAIL-t263, a3132885-145f-4a8c-85f4-c10eb874732d<-70b633f6-b230-4b9f-87f3-510da88f1e08#0:FAIL-t263] and 0 exception(s); a3132885-145f-4a8c-85f4-c10eb874732d@group-2077DD483DC7:t263, leader=null, voted=a3132885-145f-4a8c-85f4-c10eb874732d, raftlog=a3132885-145f-4a8c-85f4-c10eb874732d@group-2077DD483DC7-SegmentedRaftLog:OPENED:c-1,f-1,i0, conf=-1: [163587bb-2c3b-4498-b576-18147cf38274:192.168.157.203:33208, a3132885-145f-4a8c-85f4-c10eb874732d:192.168.157.203:46766, 70b633f6-b230-4b9f-87f3-510da88f1e08:192.168.157.203:43163], old=null
2019-10-16 11:36:12,614 [a3132885-145f-4a8c-85f4-c10eb874732d@group-2077DD483DC7-LeaderElection439] INFO  impl.RaftServerImpl (RaftServerImpl.java:setRole(184)) - a3132885-145f-4a8c-85f4-c10eb874732d@group-2077DD483DC7: changes role from CANDIDATE to FOLLOWER at term 263 for DISCOVERED_A_NEW_TERM
2019-10-16 11:36:12,614 [a3132885-145f-4a8c-85f4-c10eb874732d@group-2077DD483DC7-LeaderElection439] INFO  impl.RoleInfo (RoleInfo.java:shutdownLeaderElection(134)) - a3132885-145f-4a8c-85f4-c10eb874732d: shutdown LeaderElection
2019-10-16 11:36:12,614 [a3132885-145f-4a8c-85f4-c10eb874732d@group-2077DD483DC7-LeaderElection439] INFO  impl.RoleInfo (RoleInfo.java:updateAndGet(143)) - a3132885-145f-4a8c-85f4-c10eb874732d: start FollowerState
2019-10-16 11:36:12,663 [Thread-3363] INFO  impl.FollowerState (FollowerState.java:run(108)) - a3132885-145f-4a8c-85f4-c10eb874732d@group-2077DD483DC7-FollowerState: change to CANDIDATE, lastRpcTime:48ms, electionTimeout:48ms
2019-10-16 11:36:12,663 [Thread-3363] INFO  impl.RoleInfo (RoleInfo.java:shutdownFollowerState(121)) - a3132885-145f-4a8c-85f4-c10eb874732d: shutdown FollowerState
2019-10-16 11:36:12,663 [Thread-3363] INFO  impl.RaftServerImpl (RaftServerImpl.java:setRole(184)) - a3132885-145f-4a8c-85f4-c10eb874732d@group-2077DD483DC7: changes role from  FOLLOWER to CANDIDATE at term 263 for changeToCandidate
2019-10-16 11:36:12,663 [Thread-3363] INFO  impl.RoleInfo (RoleInfo.java:updateAndGet(143)) - a3132885-145f-4a8c-85f4-c10eb874732d: start LeaderElection
2019-10-16 11:36:12,675 [a3132885-145f-4a8c-85f4-c10eb874732d@group-2077DD483DC7-LeaderElection440] INFO  impl.LeaderElection (LeaderElection.java:askForVotes(178)) - a3132885-145f-4a8c-85f4-c10eb874732d@group-2077DD483DC7-LeaderElection440: begin an election at term 264 for -1: [163587bb-2c3b-4498-b576-18147cf38274:192.168.157.203:33208, a3132885-145f-4a8c-85f4-c10eb874732d:192.168.157.203:46766, 70b633f6-b230-4b9f-87f3-510da88f1e08:192.168.157.203:43163], old=null
2019-10-16 11:36:12,677 [grpc-default-executor-5] INFO  impl.RaftServerImpl (RaftServerImpl.java:setRole(184)) - 163587bb-2c3b-4498-b576-18147cf38274@group-2077DD483DC7: changes role from  FOLLOWER to FOLLOWER at term 264 for recognizeCandidate:a3132885-145f-4a8c-85f4-c10eb874732d
2019-10-16 11:36:12,677 [grpc-default-executor-5] INFO  impl.RoleInfo (RoleInfo.java:shutdownFollowerState(121)) - 163587bb-2c3b-4498-b576-18147cf38274: shutdown FollowerState
2019-10-16 11:36:12,677 [grpc-default-executor-3] INFO  impl.RaftServerImpl (RaftServerImpl.java:setRole(184)) - 70b633f6-b230-4b9f-87f3-510da88f1e08@group-2077DD483DC7: changes role from  FOLLOWER to FOLLOWER at term 264 for recognizeCandidate:a3132885-145f-4a8c-85f4-c10eb874732d
2019-10-16 11:36:12,677 [grpc-default-executor-3] INFO  impl.RoleInfo (RoleInfo.java:shutdownFollowerState(121)) - 70b633f6-b230-4b9f-87f3-510da88f1e08: shutdown FollowerState
2019-10-16 11:36:12,677 [Thread-3361] INFO  impl.FollowerState (FollowerState.java:run(117)) - 163587bb-2c3b-4498-b576-18147cf38274@group-2077DD483DC7-FollowerState was interrupted: java.lang.InterruptedException: sleep interrupted
2019-10-16 11:36:12,677 [grpc-default-executor-5] INFO  impl.RoleInfo (RoleInfo.java:updateAndGet(143)) - 163587bb-2c3b-4498-b576-18147cf38274: start FollowerState
2019-10-16 11:36:12,677 [Thread-3362] INFO  impl.FollowerState (FollowerState.java:run(117)) - 70b633f6-b230-4b9f-87f3-510da88f1e08@group-2077DD483DC7-FollowerState was interrupted: java.lang.InterruptedException: sleep interrupted
2019-10-16 11:36:12,677 [grpc-default-executor-3] INFO  impl.RoleInfo (RoleInfo.java:updateAndGet(143)) - 70b633f6-b230-4b9f-87f3-510da88f1e08: start FollowerState
2019-10-16 11:36:12,698 [a3132885-145f-4a8c-85f4-c10eb874732d@group-2077DD483DC7-LeaderElection440] INFO  impl.LeaderElection (LeaderElection.java:logAndReturn(56)) - a3132885-145f-4a8c-85f4-c10eb874732d@group-2077DD483DC7-LeaderElection440: Election REJECTED; received 2 response(s) [a3132885-145f-4a8c-85f4-c10eb874732d<-163587bb-2c3b-4498-b576-18147cf38274#0:FAIL-t264, a3132885-145f-4a8c-85f4-c10eb874732d<-70b633f6-b230-4b9f-87f3-510da88f1e08#0:FAIL-t264] and 0 exception(s); a3132885-145f-4a8c-85f4-c10eb874732d@group-2077DD483DC7:t264, leader=null, voted=a3132885-145f-4a8c-85f4-c10eb874732d, raftlog=a3132885-145f-4a8c-85f4-c10eb874732d@group-2077DD483DC7-SegmentedRaftLog:OPENED:c-1,f-1,i0, conf=-1: [163587bb-2c3b-4498-b576-18147cf38274:192.168.157.203:33208, a3132885-145f-4a8c-85f4-c10eb874732d:192.168.157.203:46766, 70b633f6-b230-4b9f-87f3-510da88f1e08:192.168.157.203:43163], old=null
2019-10-16 11:36:12,698 [a3132885-145f-4a8c-85f4-c10eb874732d@group-2077DD483DC7-LeaderElection440] INFO  impl.RaftServerImpl (RaftServerImpl.java:setRole(184)) - a3132885-145f-4a8c-85f4-c10eb874732d@group-2077DD483DC7: changes role from CANDIDATE to FOLLOWER at term 264 for DISCOVERED_A_NEW_TERM
2019-10-16 11:36:12,698 [a3132885-145f-4a8c-85f4-c10eb874732d@group-2077DD483DC7-LeaderElection440] INFO  impl.RoleInfo (RoleInfo.java:shutdownLeaderElection(134)) - a3132885-145f-4a8c-85f4-c10eb874732d: shutdown LeaderElection
2019-10-16 11:36:12,698 [a3132885-145f-4a8c-85f4-c10eb874732d@group-2077DD483DC7-LeaderElection440] INFO  impl.RoleInfo (RoleInfo.java:updateAndGet(143)) - a3132885-145f-4a8c-85f4-c10eb874732d: start FollowerState
2019-10-16 11:36:12,792 [Thread-3369] INFO  impl.FollowerState (FollowerState.java:run(108)) - a3132885-145f-4a8c-85f4-c10eb874732d@group-2077DD483DC7-FollowerState: change to CANDIDATE, lastRpcTime:94ms, electionTimeout:94ms
2019-10-16 11:36:12,793 [Thread-3369] INFO  impl.RoleInfo (RoleInfo.java:shutdownFollowerState(121)) - a3132885-145f-4a8c-85f4-c10eb874732d: shutdown FollowerState
2019-10-16 11:36:12,793 [Thread-3369] INFO  impl.RaftServerImpl (RaftServerImpl.java:setRole(184)) - a3132885-145f-4a8c-85f4-c10eb874732d@group-2077DD483DC7: changes role from  FOLLOWER to CANDIDATE at term 264 for changeToCandidate
2019-10-16 11:36:12,793 [Thread-3369] INFO  impl.RoleInfo (RoleInfo.java:updateAndGet(143)) - a3132885-145f-4a8c-85f4-c10eb874732d: start LeaderElection
2019-10-16 11:36:12,807 [a3132885-145f-4a8c-85f4-c10eb874732d@group-2077DD483DC7-LeaderElection441] INFO  impl.LeaderElection (LeaderElection.java:askForVotes(178)) - a3132885-145f-4a8c-85f4-c10eb874732d@group-2077DD483DC7-LeaderElection441: begin an election at term 265 for -1: [163587bb-2c3b-4498-b576-18147cf38274:192.168.157.203:33208, a3132885-145f-4a8c-85f4-c10eb874732d:192.168.157.203:46766, 70b633f6-b230-4b9f-87f3-510da88f1e08:192.168.157.203:43163], old=null
2019-10-16 11:36:12,808 [grpc-default-executor-3] INFO  impl.RaftServerImpl (RaftServerImpl.java:setRole(184)) - 163587bb-2c3b-4498-b576-18147cf38274@group-2077DD483DC7: changes role from  FOLLOWER to FOLLOWER at term 265 for recognizeCandidate:a3132885-145f-4a8c-85f4-c10eb874732d
2019-10-16 11:36:12,808 [grpc-default-executor-3] INFO  impl.RoleInfo (RoleInfo.java:shutdownFollowerState(121)) - 163587bb-2c3b-4498-b576-18147cf38274: shutdown FollowerState
2019-10-16 11:36:12,808 [grpc-default-executor-3] INFO  impl.RoleInfo (RoleInfo.java:updateAndGet(143)) - 163587bb-2c3b-4498-b576-18147cf38274: start FollowerState
2019-10-16 11:36:12,808 [Thread-3367] INFO  impl.FollowerState (FollowerState.java:run(117)) - 163587bb-2c3b-4498-b576-18147cf38274@group-2077DD483DC7-FollowerState was interrupted: java.lang.InterruptedException: sleep interrupted
2019-10-16 11:36:12,809 [grpc-default-executor-5] INFO  impl.RaftServerImpl (RaftServerImpl.java:setRole(184)) - 70b633f6-b230-4b9f-87f3-510da88f1e08@group-2077DD483DC7: changes role from  FOLLOWER to FOLLOWER at term 265 for recognizeCandidate:a3132885-145f-4a8c-85f4-c10eb874732d
2019-10-16 11:36:12,809 [grpc-default-executor-5] INFO  impl.RoleInfo (RoleInfo.java:shutdownFollowerState(121)) - 70b633f6-b230-4b9f-87f3-510da88f1e08: shutdown FollowerState
2019-10-16 11:36:12,809 [grpc-default-executor-5] INFO  impl.RoleInfo (RoleInfo.java:updateAndGet(143)) - 70b633f6-b230-4b9f-87f3-510da88f1e08: start FollowerState
2019-10-16 11:36:12,809 [Thread-3368] INFO  impl.FollowerState (FollowerState.java:run(117)) - 70b633f6-b230-4b9f-87f3-510da88f1e08@group-2077DD483DC7-FollowerState was interrupted: java.lang.InterruptedException: sleep interrupted
2019-10-16 11:36:12,823 [a3132885-145f-4a8c-85f4-c10eb874732d@group-2077DD483DC7-LeaderElection441] INFO  impl.LeaderElection (LeaderElection.java:logAndReturn(56)) - a3132885-145f-4a8c-85f4-c10eb874732d@group-2077DD483DC7-LeaderElection441: Election REJECTED; received 2 response(s) [a3132885-145f-4a8c-85f4-c10eb874732d<-163587bb-2c3b-4498-b576-18147cf38274#0:FAIL-t265, a3132885-145f-4a8c-85f4-c10eb874732d<-70b633f6-b230-4b9f-87f3-510da88f1e08#0:FAIL-t265] and 0 exception(s); a3132885-145f-4a8c-85f4-c10eb874732d@group-2077DD483DC7:t265, leader=null, voted=a3132885-145f-4a8c-85f4-c10eb874732d, raftlog=a3132885-145f-4a8c-85f4-c10eb874732d@group-2077DD483DC7-SegmentedRaftLog:OPENED:c-1,f-1,i0, conf=-1: [163587bb-2c3b-4498-b576-18147cf38274:192.168.157.203:33208, a3132885-145f-4a8c-85f4-c10eb874732d:192.168.157.203:46766, 70b633f6-b230-4b9f-87f3-510da88f1e08:192.168.157.203:43163], old=null
2019-10-16 11:36:12,823 [a3132885-145f-4a8c-85f4-c10eb874732d@group-2077DD483DC7-LeaderElection441] INFO  impl.RaftServerImpl (RaftServerImpl.java:setRole(184)) - a3132885-145f-4a8c-85f4-c10eb874732d@group-2077DD483DC7: changes role from CANDIDATE to FOLLOWER at term 265 for DISCOVERED_A_NEW_TERM
2019-10-16 11:36:12,823 [a3132885-145f-4a8c-85f4-c10eb874732d@group-2077DD483DC7-LeaderElection441] INFO  impl.RoleInfo (RoleInfo.java:shutdownLeaderElection(134)) - a3132885-145f-4a8c-85f4-c10eb874732d: shutdown LeaderElection
2019-10-16 11:36:12,823 [a3132885-145f-4a8c-85f4-c10eb874732d@group-2077DD483DC7-LeaderElection441] INFO  impl.RoleInfo (RoleInfo.java:updateAndGet(143)) - a3132885-145f-4a8c-85f4-c10eb874732d: start FollowerState
2019-10-16 11:36:12,952 [Thread-3375] INFO  impl.FollowerState (FollowerState.java:run(108)) - a3132885-145f-4a8c-85f4-c10eb874732d@group-2077DD483DC7-FollowerState: change to CANDIDATE, lastRpcTime:128ms, electionTimeout:128ms
2019-10-16 11:36:12,952 [Thread-3375] INFO  impl.RoleInfo (RoleInfo.java:shutdownFollowerState(121)) - a3132885-145f-4a8c-85f4-c10eb874732d: shutdown FollowerState
2019-10-16 11:36:12,952 [Thread-3375] INFO  impl.RaftServerImpl (RaftServerImpl.java:setRole(184)) - a3132885-145f-4a8c-85f4-c10eb874732d@group-2077DD483DC7: changes role from  FOLLOWER to CANDIDATE at term 265 for changeToCandidate
2019-10-16 11:36:12,952 [Thread-3375] INFO  impl.RoleInfo (RoleInfo.java:updateAndGet(143)) - a3132885-145f-4a8c-85f4-c10eb874732d: start LeaderElection
2019-10-16 11:36:12,971 [a3132885-145f-4a8c-85f4-c10eb874732d@group-2077DD483DC7-LeaderElection442] INFO  impl.LeaderElection (LeaderElection.java:askForVotes(178)) - a3132885-145f-4a8c-85f4-c10eb874732d@group-2077DD483DC7-LeaderElection442: begin an election at term 266 for -1: [163587bb-2c3b-4498-b576-18147cf38274:192.168.157.203:33208, a3132885-145f-4a8c-85f4-c10eb874732d:192.168.157.203:46766, 70b633f6-b230-4b9f-87f3-510da88f1e08:192.168.157.203:43163], old=null
2019-10-16 11:36:12,972 [grpc-default-executor-3] INFO  impl.RaftServerImpl (RaftServerImpl.java:setRole(184)) - 163587bb-2c3b-4498-b576-18147cf38274@group-2077DD483DC7: changes role from  FOLLOWER to FOLLOWER at term 266 for recognizeCandidate:a3132885-145f-4a8c-85f4-c10eb874732d
2019-10-16 11:36:12,973 [grpc-default-executor-3] INFO  impl.RoleInfo (RoleInfo.java:shutdownFollowerState(121)) - 163587bb-2c3b-4498-b576-18147cf38274: shutdown FollowerState
2019-10-16 11:36:12,973 [grpc-default-executor-3] INFO  impl.RoleInfo (RoleInfo.java:updateAndGet(143)) - 163587bb-2c3b-4498-b576-18147cf38274: start FollowerState
2019-10-16 11:36:12,973 [Thread-3373] INFO  impl.FollowerState (FollowerState.java:run(117)) - 163587bb-2c3b-4498-b576-18147cf38274@group-2077DD483DC7-FollowerState was interrupted: java.lang.InterruptedException: sleep interrupted
2019-10-16 11:36:12,973 [grpc-default-executor-5] INFO  impl.RaftServerImpl (RaftServerImpl.java:setRole(184)) - 70b633f6-b230-4b9f-87f3-510da88f1e08@group-2077DD483DC7: changes role from  FOLLOWER to FOLLOWER at term 266 for recognizeCandidate:a3132885-145f-4a8c-85f4-c10eb874732d
2019-10-16 11:36:12,973 [grpc-default-executor-5] INFO  impl.RoleInfo (RoleInfo.java:shutdownFollowerState(121)) - 70b633f6-b230-4b9f-87f3-510da88f1e08: shutdown FollowerState
2019-10-16 11:36:12,973 [grpc-default-executor-5] INFO  impl.RoleInfo (RoleInfo.java:updateAndGet(143)) - 70b633f6-b230-4b9f-87f3-510da88f1e08: start FollowerState
2019-10-16 11:36:12,973 [Thread-3374] INFO  impl.FollowerState (FollowerState.java:run(117)) - 70b633f6-b230-4b9f-87f3-510da88f1e08@group-2077DD483DC7-FollowerState was interrupted: java.lang.InterruptedException: sleep interrupted
2019-10-16 11:36:12,987 [a3132885-145f-4a8c-85f4-c10eb874732d@group-2077DD483DC7-LeaderElection442] INFO  impl.LeaderElection (LeaderElection.java:logAndReturn(56)) - a3132885-145f-4a8c-85f4-c10eb874732d@group-2077DD483DC7-LeaderElection442: Election REJECTED; received 2 response(s) [a3132885-145f-4a8c-85f4-c10eb874732d<-163587bb-2c3b-4498-b576-18147cf38274#0:FAIL-t266, a3132885-145f-4a8c-85f4-c10eb874732d<-70b633f6-b230-4b9f-87f3-510da88f1e08#0:FAIL-t266] and 0 exception(s); a3132885-145f-4a8c-85f4-c10eb874732d@group-2077DD483DC7:t266, leader=null, voted=a3132885-145f-4a8c-85f4-c10eb874732d, raftlog=a3132885-145f-4a8c-85f4-c10eb874732d@group-2077DD483DC7-SegmentedRaftLog:OPENED:c-1,f-1,i0, conf=-1: [163587bb-2c3b-4498-b576-18147cf38274:192.168.157.203:33208, a3132885-145f-4a8c-85f4-c10eb874732d:192.168.157.203:46766, 70b633f6-b230-4b9f-87f3-510da88f1e08:192.168.157.203:43163], old=null
2019-10-16 11:36:12,987 [a3132885-145f-4a8c-85f4-c10eb874732d@group-2077DD483DC7-LeaderElection442] INFO  impl.RaftServerImpl (RaftServerImpl.java:setRole(184)) - a3132885-145f-4a8c-85f4-c10eb874732d@group-2077DD483DC7: changes role from CANDIDATE to FOLLOWER at term 266 for DISCOVERED_A_NEW_TERM
2019-10-16 11:36:12,987 [a3132885-145f-4a8c-85f4-c10eb874732d@group-2077DD483DC7-LeaderElection442] INFO  impl.RoleInfo (RoleInfo.java:shutdownLeaderElection(134)) - a3132885-145f-4a8c-85f4-c10eb874732d: shutdown LeaderElection
2019-10-16 11:36:12,987 [a3132885-145f-4a8c-85f4-c10eb874732d@group-2077DD483DC7-LeaderElection442] INFO  impl.RoleInfo (RoleInfo.java:updateAndGet(143)) - a3132885-145f-4a8c-85f4-c10eb874732d: start FollowerState
2019-10-16 11:36:12,988 [java.util.concurrent.ThreadPoolExecutor$Worker@1a001f89[State = -1, empty queue]] WARN  server.GrpcLogAppender (GrpcLogAppender.java:timeoutAppendRequest(209)) - 5c445d34-c031-481c-9d4b-8fbace1f61b8@group-8BBDE5791A04->857fec05-692a-4d09-bf1c-7d167682feae-GrpcLogAppender: appendEntries Timeout, request=5c445d34-c031-481c-9d4b-8fbace1f61b8->857fec05-692a-4d09-bf1c-7d167682feae#81-t6, previous=(t:6, i:21), leaderCommit=21, initializing? false, entries: <empty>
2019-10-16 11:36:12,999 [ForkJoinPool.commonPool-worker-0] INFO  ozoneimpl.OzoneContainer (OzoneContainer.java:stop(227)) - Attempting to stop container services.
2019-10-16 11:36:13,000 [ForkJoinPool.commonPool-worker-0] INFO  impl.RaftServerProxy (RaftServerProxy.java:lambda$close$4(314)) - 163587bb-2c3b-4498-b576-18147cf38274: close
2019-10-16 11:36:13,001 [ForkJoinPool.commonPool-worker-0] INFO  impl.RaftServerImpl (RaftServerImpl.java:lambda$shutdown$3(261)) - 163587bb-2c3b-4498-b576-18147cf38274@group-888478FE1AF8: shutdown
2019-10-16 11:36:13,001 [ForkJoinPool.commonPool-worker-0] INFO  util.JmxRegister (JmxRegister.java:unregister(73)) - Successfully un-registered JMX Bean with object name Ratis:service=RaftServer,group=group-888478FE1AF8,id=163587bb-2c3b-4498-b576-18147cf38274
2019-10-16 11:36:13,001 [ForkJoinPool.commonPool-worker-0] INFO  impl.RoleInfo (RoleInfo.java:shutdownLeaderState(104)) - 163587bb-2c3b-4498-b576-18147cf38274: shutdown LeaderState
2019-10-16 11:36:13,002 [ForkJoinPool.commonPool-worker-0] INFO  impl.PendingRequests (PendingRequests.java:sendNotLeaderResponses(202)) - 163587bb-2c3b-4498-b576-18147cf38274@group-888478FE1AF8-PendingRequests: sendNotLeaderResponses
2019-10-16 11:36:13,002 [ForkJoinPool.commonPool-worker-0] INFO  impl.StateMachineUpdater (StateMachineUpdater.java:stopAndJoin(136)) - 163587bb-2c3b-4498-b576-18147cf38274@group-888478FE1AF8-StateMachineUpdater: set stopIndex = 0
2019-10-16 11:36:13,003 [ForkJoinPool.commonPool-worker-0] INFO  impl.RaftServerImpl (ServerState.java:close(388)) - 163587bb-2c3b-4498-b576-18147cf38274@group-888478FE1AF8: closes. applyIndex: 0
2019-10-16 11:36:13,004 [163587bb-2c3b-4498-b576-18147cf38274@group-888478FE1AF8-SegmentedRaftLogWorker] INFO  segmented.SegmentedRaftLogWorker (SegmentedRaftLogWorker.java:run(316)) - 163587bb-2c3b-4498-b576-18147cf38274@group-888478FE1AF8-SegmentedRaftLogWorker was interrupted, exiting. There are 0 tasks remaining in the queue.
2019-10-16 11:36:13,006 [ForkJoinPool.commonPool-worker-0] INFO  segmented.SegmentedRaftLogWorker (SegmentedRaftLogWorker.java:close(224)) - 163587bb-2c3b-4498-b576-18147cf38274@group-888478FE1AF8-SegmentedRaftLogWorker close()
2019-10-16 11:36:13,009 [ForkJoinPool.commonPool-worker-0] INFO  impl.RaftServerImpl (RaftServerImpl.java:lambda$shutdown$3(261)) - 163587bb-2c3b-4498-b576-18147cf38274@group-2077DD483DC7: shutdown
2019-10-16 11:36:13,009 [ForkJoinPool.commonPool-worker-0] INFO  util.JmxRegister (JmxRegister.java:unregister(73)) - Successfully un-registered JMX Bean with object name Ratis:service=RaftServer,group=group-2077DD483DC7,id=163587bb-2c3b-4498-b576-18147cf38274
2019-10-16 11:36:13,009 [ForkJoinPool.commonPool-worker-0] INFO  impl.RoleInfo (RoleInfo.java:shutdownFollowerState(121)) - 163587bb-2c3b-4498-b576-18147cf38274: shutdown FollowerState
2019-10-16 11:36:13,010 [ForkJoinPool.commonPool-worker-0] INFO  impl.StateMachineUpdater (StateMachineUpdater.java:stopAndJoin(136)) - 163587bb-2c3b-4498-b576-18147cf38274@group-2077DD483DC7-StateMachineUpdater: set stopIndex = -1
2019-10-16 11:36:13,010 [ForkJoinPool.commonPool-worker-0] INFO  impl.RaftServerImpl (ServerState.java:close(388)) - 163587bb-2c3b-4498-b576-18147cf38274@group-2077DD483DC7: closes. applyIndex: -1
2019-10-16 11:36:13,010 [Thread-3379] INFO  impl.FollowerState (FollowerState.java:run(117)) - 163587bb-2c3b-4498-b576-18147cf38274@group-2077DD483DC7-FollowerState was interrupted: java.lang.InterruptedException: sleep interrupted
2019-10-16 11:36:13,010 [163587bb-2c3b-4498-b576-18147cf38274@group-2077DD483DC7-SegmentedRaftLogWorker] INFO  segmented.SegmentedRaftLogWorker (SegmentedRaftLogWorker.java:run(316)) - 163587bb-2c3b-4498-b576-18147cf38274@group-2077DD483DC7-SegmentedRaftLogWorker was interrupted, exiting. There are 0 tasks remaining in the queue.
2019-10-16 11:36:13,012 [ForkJoinPool.commonPool-worker-0] INFO  segmented.SegmentedRaftLogWorker (SegmentedRaftLogWorker.java:close(224)) - 163587bb-2c3b-4498-b576-18147cf38274@group-2077DD483DC7-SegmentedRaftLogWorker close()
2019-10-16 11:36:13,015 [ForkJoinPool.commonPool-worker-0] INFO  server.GrpcService (GrpcService.java:closeImpl(164)) - 163587bb-2c3b-4498-b576-18147cf38274: shutdown server with port 33208 now
2019-10-16 11:36:13,016 [ForkJoinPool.commonPool-worker-0] INFO  server.GrpcService (GrpcService.java:closeImpl(172)) - 163587bb-2c3b-4498-b576-18147cf38274: shutdown server with port 33208 successfully
2019-10-16 11:36:13,022 [refreshUsed-/workdir/hadoop-ozone/integration-test/target/test-dir/MiniOzoneClusterImpl-d10f3a9c-4fd6-4949-a3ff-490e135742c9/datanode-4/data/containers] WARN  fs.CachingGetSpaceUsed (CachingGetSpaceUsed.java:run(183)) - Thread Interrupted waiting to refresh disk information: sleep interrupted
2019-10-16 11:36:13,047 [ForkJoinPool.commonPool-worker-0] INFO  utils.BackgroundService (BackgroundService.java:shutdown(151)) - Shutting down service BlockDeletingService
2019-10-16 11:36:13,052 [ForkJoinPool.commonPool-worker-0] INFO  statemachine.DatanodeStateMachine (DatanodeStateMachine.java:stopDaemon(395)) - Ozone container server stopped.
2019-10-16 11:36:13,057 [ForkJoinPool.commonPool-worker-0] INFO  handler.ContextHandler (ContextHandler.java:doStop(910)) - Stopped o.e.j.w.WebAppContext@5a6fa56e{/,null,UNAVAILABLE}{/hddsDatanode}
2019-10-16 11:36:13,058 [ForkJoinPool.commonPool-worker-0] INFO  server.AbstractConnector (AbstractConnector.java:doStop(318)) - Stopped ServerConnector@1981d861{HTTP/1.1,[http/1.1]}{0.0.0.0:0}
2019-10-16 11:36:13,060 [ForkJoinPool.commonPool-worker-0] INFO  handler.ContextHandler (ContextHandler.java:doStop(910)) - Stopped o.e.j.s.ServletContextHandler@15639440{/static,jar:file:/home/user/.m2/repository/org/apache/hadoop/hadoop-hdds-container-service/0.5.0-SNAPSHOT/hadoop-hdds-container-service-0.5.0-SNAPSHOT.jar!/webapps/static,UNAVAILABLE}
2019-10-16 11:36:13,061 [ForkJoinPool.commonPool-worker-0] INFO  handler.ContextHandler (ContextHandler.java:doStop(910)) - Stopped o.e.j.s.ServletContextHandler@712cfb63{/logs,file:///workdir/hadoop-ozone/integration-test/target/log,UNAVAILABLE}
2019-10-16 11:36:13,069 [main] INFO  ozoneimpl.OzoneContainer (OzoneContainer.java:stop(227)) - Attempting to stop container services.
2019-10-16 11:36:13,069 [main] INFO  impl.RaftServerProxy (RaftServerProxy.java:lambda$close$4(314)) - 04ed5b73-6589-4c7b-a1f1-e2826e0622f6: close
2019-10-16 11:36:13,070 [main] INFO  impl.RaftServerImpl (RaftServerImpl.java:lambda$shutdown$3(261)) - 04ed5b73-6589-4c7b-a1f1-e2826e0622f6@group-A223B8E730B0: shutdown
2019-10-16 11:36:13,070 [main] INFO  util.JmxRegister (JmxRegister.java:unregister(73)) - Successfully un-registered JMX Bean with object name Ratis:service=RaftServer,group=group-A223B8E730B0,id=04ed5b73-6589-4c7b-a1f1-e2826e0622f6
2019-10-16 11:36:13,070 [main] INFO  impl.RoleInfo (RoleInfo.java:shutdownLeaderState(104)) - 04ed5b73-6589-4c7b-a1f1-e2826e0622f6: shutdown LeaderState
2019-10-16 11:36:13,071 [main] INFO  impl.PendingRequests (PendingRequests.java:sendNotLeaderResponses(202)) - 04ed5b73-6589-4c7b-a1f1-e2826e0622f6@group-A223B8E730B0-PendingRequests: sendNotLeaderResponses
2019-10-16 11:36:13,071 [main] INFO  impl.StateMachineUpdater (StateMachineUpdater.java:stopAndJoin(136)) - 04ed5b73-6589-4c7b-a1f1-e2826e0622f6@group-A223B8E730B0-StateMachineUpdater: set stopIndex = 0
2019-10-16 11:36:13,072 [main] INFO  impl.RaftServerImpl (ServerState.java:close(388)) - 04ed5b73-6589-4c7b-a1f1-e2826e0622f6@group-A223B8E730B0: closes. applyIndex: 0
2019-10-16 11:36:13,072 [04ed5b73-6589-4c7b-a1f1-e2826e0622f6@group-A223B8E730B0-SegmentedRaftLogWorker] INFO  segmented.SegmentedRaftLogWorker (SegmentedRaftLogWorker.java:run(316)) - 04ed5b73-6589-4c7b-a1f1-e2826e0622f6@group-A223B8E730B0-SegmentedRaftLogWorker was interrupted, exiting. There are 0 tasks remaining in the queue.
2019-10-16 11:36:13,081 [main] INFO  segmented.SegmentedRaftLogWorker (SegmentedRaftLogWorker.java:close(224)) - 04ed5b73-6589-4c7b-a1f1-e2826e0622f6@group-A223B8E730B0-SegmentedRaftLogWorker close()
2019-10-16 11:36:13,082 [main] INFO  server.GrpcService (GrpcService.java:closeImpl(164)) - 04ed5b73-6589-4c7b-a1f1-e2826e0622f6: shutdown server with port 41561 now
2019-10-16 11:36:13,084 [main] INFO  server.GrpcService (GrpcService.java:closeImpl(172)) - 04ed5b73-6589-4c7b-a1f1-e2826e0622f6: shutdown server with port 41561 successfully
2019-10-16 11:36:13,327 [Thread-3381] INFO  impl.FollowerState (FollowerState.java:run(108)) - a3132885-145f-4a8c-85f4-c10eb874732d@group-2077DD483DC7-FollowerState: change to CANDIDATE, lastRpcTime:340ms, electionTimeout:196ms
2019-10-16 11:36:13,328 [Thread-3381] INFO  impl.RoleInfo (RoleInfo.java:shutdownFollowerState(121)) - a3132885-145f-4a8c-85f4-c10eb874732d: shutdown FollowerState
2019-10-16 11:36:13,328 [Thread-3381] INFO  impl.RaftServerImpl (RaftServerImpl.java:setRole(184)) - a3132885-145f-4a8c-85f4-c10eb874732d@group-2077DD483DC7: changes role from  FOLLOWER to CANDIDATE at term 266 for changeToCandidate
2019-10-16 11:36:13,328 [Thread-3381] INFO  impl.RoleInfo (RoleInfo.java:updateAndGet(143)) - a3132885-145f-4a8c-85f4-c10eb874732d: start LeaderElection
2019-10-16 11:36:13,348 [a3132885-145f-4a8c-85f4-c10eb874732d@group-2077DD483DC7-LeaderElection443] INFO  impl.LeaderElection (LeaderElection.java:askForVotes(178)) - a3132885-145f-4a8c-85f4-c10eb874732d@group-2077DD483DC7-LeaderElection443: begin an election at term 267 for -1: [163587bb-2c3b-4498-b576-18147cf38274:192.168.157.203:33208, a3132885-145f-4a8c-85f4-c10eb874732d:192.168.157.203:46766, 70b633f6-b230-4b9f-87f3-510da88f1e08:192.168.157.203:43163], old=null
2019-10-16 11:36:13,348 [refreshUsed-/workdir/hadoop-ozone/integration-test/target/test-dir/MiniOzoneClusterImpl-d10f3a9c-4fd6-4949-a3ff-490e135742c9/datanode-8/data/containers] WARN  fs.CachingGetSpaceUsed (CachingGetSpaceUsed.java:run(183)) - Thread Interrupted waiting to refresh disk information: sleep interrupted
2019-10-16 11:36:13,352 [grpc-default-executor-5] INFO  impl.RaftServerImpl (RaftServerImpl.java:setRole(184)) - 70b633f6-b230-4b9f-87f3-510da88f1e08@group-2077DD483DC7: changes role from  FOLLOWER to FOLLOWER at term 267 for recognizeCandidate:a3132885-145f-4a8c-85f4-c10eb874732d
2019-10-16 11:36:13,352 [grpc-default-executor-5] INFO  impl.RoleInfo (RoleInfo.java:shutdownFollowerState(121)) - 70b633f6-b230-4b9f-87f3-510da88f1e08: shutdown FollowerState
2019-10-16 11:36:13,352 [grpc-default-executor-5] INFO  impl.RoleInfo (RoleInfo.java:updateAndGet(143)) - 70b633f6-b230-4b9f-87f3-510da88f1e08: start FollowerState
2019-10-16 11:36:13,352 [Thread-3380] INFO  impl.FollowerState (FollowerState.java:run(117)) - 70b633f6-b230-4b9f-87f3-510da88f1e08@group-2077DD483DC7-FollowerState was interrupted: java.lang.InterruptedException: sleep interrupted
2019-10-16 11:36:13,356 [a3132885-145f-4a8c-85f4-c10eb874732d@group-2077DD483DC7-LeaderElection443] INFO  impl.LeaderElection (LogUtils.java:infoOrTrace(149)) - a3132885-145f-4a8c-85f4-c10eb874732d@group-2077DD483DC7-LeaderElection443 got exception when requesting votes: {}
java.util.concurrent.ExecutionException: org.apache.ratis.thirdparty.io.grpc.StatusRuntimeException: UNAVAILABLE: io exception
	at java.util.concurrent.FutureTask.report(FutureTask.java:122)
	at java.util.concurrent.FutureTask.get(FutureTask.java:192)
	at org.apache.ratis.server.impl.LeaderElection.waitForResults(LeaderElection.java:259)
	at org.apache.ratis.server.impl.LeaderElection.askForVotes(LeaderElection.java:197)
	at org.apache.ratis.server.impl.LeaderElection.run(LeaderElection.java:133)
	at java.lang.Thread.run(Thread.java:748)
Caused by: org.apache.ratis.thirdparty.io.grpc.StatusRuntimeException: UNAVAILABLE: io exception
	at org.apache.ratis.thirdparty.io.grpc.stub.ClientCalls.toStatusRuntimeException(ClientCalls.java:233)
	at org.apache.ratis.thirdparty.io.grpc.stub.ClientCalls.getUnchecked(ClientCalls.java:214)
	at org.apache.ratis.thirdparty.io.grpc.stub.ClientCalls.blockingUnaryCall(ClientCalls.java:139)
	at org.apache.ratis.proto.grpc.RaftServerProtocolServiceGrpc$RaftServerProtocolServiceBlockingStub.requestVote(RaftServerProtocolServiceGrpc.java:265)
	at org.apache.ratis.grpc.server.GrpcServerProtocolClient.requestVote(GrpcServerProtocolClient.java:99)
	at org.apache.ratis.grpc.server.GrpcService.requestVote(GrpcService.java:204)
	at org.apache.ratis.server.impl.LeaderElection.lambda$submitRequests$1(LeaderElection.java:234)
	at java.util.concurrent.FutureTask.run(FutureTask.java:266)
	at java.util.concurrent.Executors$RunnableAdapter.call(Executors.java:511)
	at java.util.concurrent.FutureTask.run(FutureTask.java:266)
	at java.util.concurrent.ThreadPoolExecutor.runWorker(ThreadPoolExecutor.java:1149)
	at java.util.concurrent.ThreadPoolExecutor$Worker.run(ThreadPoolExecutor.java:624)
	... 1 more
Caused by: org.apache.ratis.thirdparty.io.netty.channel.AbstractChannel$AnnotatedConnectException: Connection refused: /192.168.157.203:33208
	at sun.nio.ch.SocketChannelImpl.checkConnect(Native Method)
	at sun.nio.ch.SocketChannelImpl.finishConnect(SocketChannelImpl.java:717)
	at org.apache.ratis.thirdparty.io.netty.channel.socket.nio.NioSocketChannel.doFinishConnect(NioSocketChannel.java:327)
	at org.apache.ratis.thirdparty.io.netty.channel.nio.AbstractNioChannel$AbstractNioUnsafe.finishConnect(AbstractNioChannel.java:340)
	at org.apache.ratis.thirdparty.io.netty.channel.nio.NioEventLoop.processSelectedKey(NioEventLoop.java:632)
	at org.apache.ratis.thirdparty.io.netty.channel.nio.NioEventLoop.processSelectedKeysOptimized(NioEventLoop.java:579)
	at org.apache.ratis.thirdparty.io.netty.channel.nio.NioEventLoop.processSelectedKeys(NioEventLoop.java:496)
	at org.apache.ratis.thirdparty.io.netty.channel.nio.NioEventLoop.run(NioEventLoop.java:458)
	at org.apache.ratis.thirdparty.io.netty.util.concurrent.SingleThreadEventExecutor$5.run(SingleThreadEventExecutor.java:897)
	at org.apache.ratis.thirdparty.io.netty.util.concurrent.FastThreadLocalRunnable.run(FastThreadLocalRunnable.java:30)
	... 1 more
Caused by: java.net.ConnectException: Connection refused
	... 11 more
2019-10-16 11:36:13,366 [a3132885-145f-4a8c-85f4-c10eb874732d@group-2077DD483DC7-LeaderElection443] INFO  impl.LeaderElection (LeaderElection.java:logAndReturn(56)) - a3132885-145f-4a8c-85f4-c10eb874732d@group-2077DD483DC7-LeaderElection443: Election REJECTED; received 1 response(s) [a3132885-145f-4a8c-85f4-c10eb874732d<-70b633f6-b230-4b9f-87f3-510da88f1e08#0:FAIL-t267] and 1 exception(s); a3132885-145f-4a8c-85f4-c10eb874732d@group-2077DD483DC7:t267, leader=null, voted=a3132885-145f-4a8c-85f4-c10eb874732d, raftlog=a3132885-145f-4a8c-85f4-c10eb874732d@group-2077DD483DC7-SegmentedRaftLog:OPENED:c-1,f-1,i0, conf=-1: [163587bb-2c3b-4498-b576-18147cf38274:192.168.157.203:33208, a3132885-145f-4a8c-85f4-c10eb874732d:192.168.157.203:46766, 70b633f6-b230-4b9f-87f3-510da88f1e08:192.168.157.203:43163], old=null
2019-10-16 11:36:13,366 [a3132885-145f-4a8c-85f4-c10eb874732d@group-2077DD483DC7-LeaderElection443] INFO  impl.LeaderElection (LogUtils.java:infoOrTrace(149)) -   Exception 0: {}
java.util.concurrent.ExecutionException: org.apache.ratis.thirdparty.io.grpc.StatusRuntimeException: UNAVAILABLE: io exception
	at java.util.concurrent.FutureTask.report(FutureTask.java:122)
	at java.util.concurrent.FutureTask.get(FutureTask.java:192)
	at org.apache.ratis.server.impl.LeaderElection.waitForResults(LeaderElection.java:259)
	at org.apache.ratis.server.impl.LeaderElection.askForVotes(LeaderElection.java:197)
	at org.apache.ratis.server.impl.LeaderElection.run(LeaderElection.java:133)
	at java.lang.Thread.run(Thread.java:748)
Caused by: org.apache.ratis.thirdparty.io.grpc.StatusRuntimeException: UNAVAILABLE: io exception
	at org.apache.ratis.thirdparty.io.grpc.stub.ClientCalls.toStatusRuntimeException(ClientCalls.java:233)
	at org.apache.ratis.thirdparty.io.grpc.stub.ClientCalls.getUnchecked(ClientCalls.java:214)
	at org.apache.ratis.thirdparty.io.grpc.stub.ClientCalls.blockingUnaryCall(ClientCalls.java:139)
	at org.apache.ratis.proto.grpc.RaftServerProtocolServiceGrpc$RaftServerProtocolServiceBlockingStub.requestVote(RaftServerProtocolServiceGrpc.java:265)
	at org.apache.ratis.grpc.server.GrpcServerProtocolClient.requestVote(GrpcServerProtocolClient.java:99)
	at org.apache.ratis.grpc.server.GrpcService.requestVote(GrpcService.java:204)
	at org.apache.ratis.server.impl.LeaderElection.lambda$submitRequests$1(LeaderElection.java:234)
	at java.util.concurrent.FutureTask.run(FutureTask.java:266)
	at java.util.concurrent.Executors$RunnableAdapter.call(Executors.java:511)
	at java.util.concurrent.FutureTask.run(FutureTask.java:266)
	at java.util.concurrent.ThreadPoolExecutor.runWorker(ThreadPoolExecutor.java:1149)
	at java.util.concurrent.ThreadPoolExecutor$Worker.run(ThreadPoolExecutor.java:624)
	... 1 more
Caused by: org.apache.ratis.thirdparty.io.netty.channel.AbstractChannel$AnnotatedConnectException: Connection refused: /192.168.157.203:33208
	at sun.nio.ch.SocketChannelImpl.checkConnect(Native Method)
	at sun.nio.ch.SocketChannelImpl.finishConnect(SocketChannelImpl.java:717)
	at org.apache.ratis.thirdparty.io.netty.channel.socket.nio.NioSocketChannel.doFinishConnect(NioSocketChannel.java:327)
	at org.apache.ratis.thirdparty.io.netty.channel.nio.AbstractNioChannel$AbstractNioUnsafe.finishConnect(AbstractNioChannel.java:340)
	at org.apache.ratis.thirdparty.io.netty.channel.nio.NioEventLoop.processSelectedKey(NioEventLoop.java:632)
	at org.apache.ratis.thirdparty.io.netty.channel.nio.NioEventLoop.processSelectedKeysOptimized(NioEventLoop.java:579)
	at org.apache.ratis.thirdparty.io.netty.channel.nio.NioEventLoop.processSelectedKeys(NioEventLoop.java:496)
	at org.apache.ratis.thirdparty.io.netty.channel.nio.NioEventLoop.run(NioEventLoop.java:458)
	at org.apache.ratis.thirdparty.io.netty.util.concurrent.SingleThreadEventExecutor$5.run(SingleThreadEventExecutor.java:897)
	at org.apache.ratis.thirdparty.io.netty.util.concurrent.FastThreadLocalRunnable.run(FastThreadLocalRunnable.java:30)
	... 1 more
Caused by: java.net.ConnectException: Connection refused
	... 11 more
2019-10-16 11:36:13,366 [main] INFO  utils.BackgroundService (BackgroundService.java:shutdown(151)) - Shutting down service BlockDeletingService
2019-10-16 11:36:13,366 [a3132885-145f-4a8c-85f4-c10eb874732d@group-2077DD483DC7-LeaderElection443] INFO  impl.RaftServerImpl (RaftServerImpl.java:setRole(184)) - a3132885-145f-4a8c-85f4-c10eb874732d@group-2077DD483DC7: changes role from CANDIDATE to FOLLOWER at term 267 for DISCOVERED_A_NEW_TERM
2019-10-16 11:36:13,367 [a3132885-145f-4a8c-85f4-c10eb874732d@group-2077DD483DC7-LeaderElection443] INFO  impl.RoleInfo (RoleInfo.java:shutdownLeaderElection(134)) - a3132885-145f-4a8c-85f4-c10eb874732d: shutdown LeaderElection
2019-10-16 11:36:13,368 [a3132885-145f-4a8c-85f4-c10eb874732d@group-2077DD483DC7-LeaderElection443] INFO  impl.RoleInfo (RoleInfo.java:updateAndGet(143)) - a3132885-145f-4a8c-85f4-c10eb874732d: start FollowerState
2019-10-16 11:36:13,369 [main] INFO  statemachine.DatanodeStateMachine (DatanodeStateMachine.java:stopDaemon(395)) - Ozone container server stopped.
2019-10-16 11:36:13,370 [main] INFO  handler.ContextHandler (ContextHandler.java:doStop(910)) - Stopped o.e.j.w.WebAppContext@648d0e6d{/,null,UNAVAILABLE}{/hddsDatanode}
2019-10-16 11:36:13,371 [main] INFO  server.AbstractConnector (AbstractConnector.java:doStop(318)) - Stopped ServerConnector@79e66b2f{HTTP/1.1,[http/1.1]}{0.0.0.0:0}
2019-10-16 11:36:13,371 [main] INFO  handler.ContextHandler (ContextHandler.java:doStop(910)) - Stopped o.e.j.s.ServletContextHandler@4437ac07{/static,jar:file:/home/user/.m2/repository/org/apache/hadoop/hadoop-hdds-container-service/0.5.0-SNAPSHOT/hadoop-hdds-container-service-0.5.0-SNAPSHOT.jar!/webapps/static,UNAVAILABLE}
2019-10-16 11:36:13,372 [main] INFO  handler.ContextHandler (ContextHandler.java:doStop(910)) - Stopped o.e.j.s.ServletContextHandler@66b59b7d{/logs,file:///workdir/hadoop-ozone/integration-test/target/log,UNAVAILABLE}
2019-10-16 11:36:13,410 [Thread-3387] INFO  impl.FollowerState (FollowerState.java:run(108)) - a3132885-145f-4a8c-85f4-c10eb874732d@group-2077DD483DC7-FollowerState: change to CANDIDATE, lastRpcTime:42ms, electionTimeout:41ms
2019-10-16 11:36:13,410 [Thread-3387] INFO  impl.RoleInfo (RoleInfo.java:shutdownFollowerState(121)) - a3132885-145f-4a8c-85f4-c10eb874732d: shutdown FollowerState
2019-10-16 11:36:13,411 [Thread-3387] INFO  impl.RaftServerImpl (RaftServerImpl.java:setRole(184)) - a3132885-145f-4a8c-85f4-c10eb874732d@group-2077DD483DC7: changes role from  FOLLOWER to CANDIDATE at term 267 for changeToCandidate
2019-10-16 11:36:13,411 [Thread-3387] INFO  impl.RoleInfo (RoleInfo.java:updateAndGet(143)) - a3132885-145f-4a8c-85f4-c10eb874732d: start LeaderElection
2019-10-16 11:36:13,424 [a3132885-145f-4a8c-85f4-c10eb874732d@group-2077DD483DC7-LeaderElection444] INFO  impl.LeaderElection (LeaderElection.java:askForVotes(178)) - a3132885-145f-4a8c-85f4-c10eb874732d@group-2077DD483DC7-LeaderElection444: begin an election at term 268 for -1: [163587bb-2c3b-4498-b576-18147cf38274:192.168.157.203:33208, a3132885-145f-4a8c-85f4-c10eb874732d:192.168.157.203:46766, 70b633f6-b230-4b9f-87f3-510da88f1e08:192.168.157.203:43163], old=null
2019-10-16 11:36:13,424 [a3132885-145f-4a8c-85f4-c10eb874732d@group-2077DD483DC7-LeaderElection444] INFO  impl.LeaderElection (LogUtils.java:infoOrTrace(149)) - a3132885-145f-4a8c-85f4-c10eb874732d@group-2077DD483DC7-LeaderElection444 got exception when requesting votes: {}
java.util.concurrent.ExecutionException: org.apache.ratis.thirdparty.io.grpc.StatusRuntimeException: UNAVAILABLE: io exception
	at java.util.concurrent.FutureTask.report(FutureTask.java:122)
	at java.util.concurrent.FutureTask.get(FutureTask.java:192)
	at org.apache.ratis.server.impl.LeaderElection.waitForResults(LeaderElection.java:259)
	at org.apache.ratis.server.impl.LeaderElection.askForVotes(LeaderElection.java:197)
	at org.apache.ratis.server.impl.LeaderElection.run(LeaderElection.java:133)
	at java.lang.Thread.run(Thread.java:748)
Caused by: org.apache.ratis.thirdparty.io.grpc.StatusRuntimeException: UNAVAILABLE: io exception
	at org.apache.ratis.thirdparty.io.grpc.stub.ClientCalls.toStatusRuntimeException(ClientCalls.java:233)
	at org.apache.ratis.thirdparty.io.grpc.stub.ClientCalls.getUnchecked(ClientCalls.java:214)
	at org.apache.ratis.thirdparty.io.grpc.stub.ClientCalls.blockingUnaryCall(ClientCalls.java:139)
	at org.apache.ratis.proto.grpc.RaftServerProtocolServiceGrpc$RaftServerProtocolServiceBlockingStub.requestVote(RaftServerProtocolServiceGrpc.java:265)
	at org.apache.ratis.grpc.server.GrpcServerProtocolClient.requestVote(GrpcServerProtocolClient.java:99)
	at org.apache.ratis.grpc.server.GrpcService.requestVote(GrpcService.java:204)
	at org.apache.ratis.server.impl.LeaderElection.lambda$submitRequests$1(LeaderElection.java:234)
	at java.util.concurrent.FutureTask.run(FutureTask.java:266)
	at java.util.concurrent.Executors$RunnableAdapter.call(Executors.java:511)
	at java.util.concurrent.FutureTask.run(FutureTask.java:266)
	at java.util.concurrent.ThreadPoolExecutor.runWorker(ThreadPoolExecutor.java:1149)
	at java.util.concurrent.ThreadPoolExecutor$Worker.run(ThreadPoolExecutor.java:624)
	... 1 more
Caused by: org.apache.ratis.thirdparty.io.netty.channel.AbstractChannel$AnnotatedConnectException: Connection refused: /192.168.157.203:33208
	at sun.nio.ch.SocketChannelImpl.checkConnect(Native Method)
	at sun.nio.ch.SocketChannelImpl.finishConnect(SocketChannelImpl.java:717)
	at org.apache.ratis.thirdparty.io.netty.channel.socket.nio.NioSocketChannel.doFinishConnect(NioSocketChannel.java:327)
	at org.apache.ratis.thirdparty.io.netty.channel.nio.AbstractNioChannel$AbstractNioUnsafe.finishConnect(AbstractNioChannel.java:340)
	at org.apache.ratis.thirdparty.io.netty.channel.nio.NioEventLoop.processSelectedKey(NioEventLoop.java:632)
	at org.apache.ratis.thirdparty.io.netty.channel.nio.NioEventLoop.processSelectedKeysOptimized(NioEventLoop.java:579)
	at org.apache.ratis.thirdparty.io.netty.channel.nio.NioEventLoop.processSelectedKeys(NioEventLoop.java:496)
	at org.apache.ratis.thirdparty.io.netty.channel.nio.NioEventLoop.run(NioEventLoop.java:458)
	at org.apache.ratis.thirdparty.io.netty.util.concurrent.SingleThreadEventExecutor$5.run(SingleThreadEventExecutor.java:897)
	at org.apache.ratis.thirdparty.io.netty.util.concurrent.FastThreadLocalRunnable.run(FastThreadLocalRunnable.java:30)
	... 1 more
Caused by: java.net.ConnectException: Connection refused
	... 11 more
2019-10-16 11:36:13,426 [grpc-default-executor-5] INFO  impl.RaftServerImpl (RaftServerImpl.java:setRole(184)) - 70b633f6-b230-4b9f-87f3-510da88f1e08@group-2077DD483DC7: changes role from  FOLLOWER to FOLLOWER at term 268 for recognizeCandidate:a3132885-145f-4a8c-85f4-c10eb874732d
2019-10-16 11:36:13,427 [grpc-default-executor-5] INFO  impl.RoleInfo (RoleInfo.java:shutdownFollowerState(121)) - 70b633f6-b230-4b9f-87f3-510da88f1e08: shutdown FollowerState
2019-10-16 11:36:13,427 [grpc-default-executor-5] INFO  impl.RoleInfo (RoleInfo.java:updateAndGet(143)) - 70b633f6-b230-4b9f-87f3-510da88f1e08: start FollowerState
2019-10-16 11:36:13,427 [Thread-3386] INFO  impl.FollowerState (FollowerState.java:run(117)) - 70b633f6-b230-4b9f-87f3-510da88f1e08@group-2077DD483DC7-FollowerState was interrupted: java.lang.InterruptedException: sleep interrupted
2019-10-16 11:36:13,440 [a3132885-145f-4a8c-85f4-c10eb874732d@group-2077DD483DC7-LeaderElection444] INFO  impl.LeaderElection (LeaderElection.java:logAndReturn(56)) - a3132885-145f-4a8c-85f4-c10eb874732d@group-2077DD483DC7-LeaderElection444: Election REJECTED; received 1 response(s) [a3132885-145f-4a8c-85f4-c10eb874732d<-70b633f6-b230-4b9f-87f3-510da88f1e08#0:FAIL-t268] and 1 exception(s); a3132885-145f-4a8c-85f4-c10eb874732d@group-2077DD483DC7:t268, leader=null, voted=a3132885-145f-4a8c-85f4-c10eb874732d, raftlog=a3132885-145f-4a8c-85f4-c10eb874732d@group-2077DD483DC7-SegmentedRaftLog:OPENED:c-1,f-1,i0, conf=-1: [163587bb-2c3b-4498-b576-18147cf38274:192.168.157.203:33208, a3132885-145f-4a8c-85f4-c10eb874732d:192.168.157.203:46766, 70b633f6-b230-4b9f-87f3-510da88f1e08:192.168.157.203:43163], old=null
2019-10-16 11:36:13,440 [a3132885-145f-4a8c-85f4-c10eb874732d@group-2077DD483DC7-LeaderElection444] INFO  impl.LeaderElection (LogUtils.java:infoOrTrace(149)) -   Exception 0: {}
java.util.concurrent.ExecutionException: org.apache.ratis.thirdparty.io.grpc.StatusRuntimeException: UNAVAILABLE: io exception
	at java.util.concurrent.FutureTask.report(FutureTask.java:122)
	at java.util.concurrent.FutureTask.get(FutureTask.java:192)
	at org.apache.ratis.server.impl.LeaderElection.waitForResults(LeaderElection.java:259)
	at org.apache.ratis.server.impl.LeaderElection.askForVotes(LeaderElection.java:197)
	at org.apache.ratis.server.impl.LeaderElection.run(LeaderElection.java:133)
	at java.lang.Thread.run(Thread.java:748)
Caused by: org.apache.ratis.thirdparty.io.grpc.StatusRuntimeException: UNAVAILABLE: io exception
	at org.apache.ratis.thirdparty.io.grpc.stub.ClientCalls.toStatusRuntimeException(ClientCalls.java:233)
	at org.apache.ratis.thirdparty.io.grpc.stub.ClientCalls.getUnchecked(ClientCalls.java:214)
	at org.apache.ratis.thirdparty.io.grpc.stub.ClientCalls.blockingUnaryCall(ClientCalls.java:139)
	at org.apache.ratis.proto.grpc.RaftServerProtocolServiceGrpc$RaftServerProtocolServiceBlockingStub.requestVote(RaftServerProtocolServiceGrpc.java:265)
	at org.apache.ratis.grpc.server.GrpcServerProtocolClient.requestVote(GrpcServerProtocolClient.java:99)
	at org.apache.ratis.grpc.server.GrpcService.requestVote(GrpcService.java:204)
	at org.apache.ratis.server.impl.LeaderElection.lambda$submitRequests$1(LeaderElection.java:234)
	at java.util.concurrent.FutureTask.run(FutureTask.java:266)
	at java.util.concurrent.Executors$RunnableAdapter.call(Executors.java:511)
	at java.util.concurrent.FutureTask.run(FutureTask.java:266)
	at java.util.concurrent.ThreadPoolExecutor.runWorker(ThreadPoolExecutor.java:1149)
	at java.util.concurrent.ThreadPoolExecutor$Worker.run(ThreadPoolExecutor.java:624)
	... 1 more
Caused by: org.apache.ratis.thirdparty.io.netty.channel.AbstractChannel$AnnotatedConnectException: Connection refused: /192.168.157.203:33208
	at sun.nio.ch.SocketChannelImpl.checkConnect(Native Method)
	at sun.nio.ch.SocketChannelImpl.finishConnect(SocketChannelImpl.java:717)
	at org.apache.ratis.thirdparty.io.netty.channel.socket.nio.NioSocketChannel.doFinishConnect(NioSocketChannel.java:327)
	at org.apache.ratis.thirdparty.io.netty.channel.nio.AbstractNioChannel$AbstractNioUnsafe.finishConnect(AbstractNioChannel.java:340)
	at org.apache.ratis.thirdparty.io.netty.channel.nio.NioEventLoop.processSelectedKey(NioEventLoop.java:632)
	at org.apache.ratis.thirdparty.io.netty.channel.nio.NioEventLoop.processSelectedKeysOptimized(NioEventLoop.java:579)
	at org.apache.ratis.thirdparty.io.netty.channel.nio.NioEventLoop.processSelectedKeys(NioEventLoop.java:496)
	at org.apache.ratis.thirdparty.io.netty.channel.nio.NioEventLoop.run(NioEventLoop.java:458)
	at org.apache.ratis.thirdparty.io.netty.util.concurrent.SingleThreadEventExecutor$5.run(SingleThreadEventExecutor.java:897)
	at org.apache.ratis.thirdparty.io.netty.util.concurrent.FastThreadLocalRunnable.run(FastThreadLocalRunnable.java:30)
	... 1 more
Caused by: java.net.ConnectException: Connection refused
	... 11 more
2019-10-16 11:36:13,441 [a3132885-145f-4a8c-85f4-c10eb874732d@group-2077DD483DC7-LeaderElection444] INFO  impl.RaftServerImpl (RaftServerImpl.java:setRole(184)) - a3132885-145f-4a8c-85f4-c10eb874732d@group-2077DD483DC7: changes role from CANDIDATE to FOLLOWER at term 268 for DISCOVERED_A_NEW_TERM
2019-10-16 11:36:13,441 [a3132885-145f-4a8c-85f4-c10eb874732d@group-2077DD483DC7-LeaderElection444] INFO  impl.RoleInfo (RoleInfo.java:shutdownLeaderElection(134)) - a3132885-145f-4a8c-85f4-c10eb874732d: shutdown LeaderElection
2019-10-16 11:36:13,441 [a3132885-145f-4a8c-85f4-c10eb874732d@group-2077DD483DC7-LeaderElection444] INFO  impl.RoleInfo (RoleInfo.java:updateAndGet(143)) - a3132885-145f-4a8c-85f4-c10eb874732d: start FollowerState
2019-10-16 11:36:13,489 [java.util.concurrent.ThreadPoolExecutor$Worker@1a001f89[State = -1, empty queue]] WARN  server.GrpcLogAppender (GrpcLogAppender.java:timeoutAppendRequest(209)) - 5c445d34-c031-481c-9d4b-8fbace1f61b8@group-8BBDE5791A04->857fec05-692a-4d09-bf1c-7d167682feae-GrpcLogAppender: appendEntries Timeout, request=5c445d34-c031-481c-9d4b-8fbace1f61b8->857fec05-692a-4d09-bf1c-7d167682feae#82-t6, previous=(t:6, i:21), leaderCommit=21, initializing? false, entries: <empty>
2019-10-16 11:36:13,533 [Thread-3392] INFO  impl.FollowerState (FollowerState.java:run(108)) - a3132885-145f-4a8c-85f4-c10eb874732d@group-2077DD483DC7-FollowerState: change to CANDIDATE, lastRpcTime:91ms, electionTimeout:91ms
2019-10-16 11:36:13,533 [Thread-3392] INFO  impl.RoleInfo (RoleInfo.java:shutdownFollowerState(121)) - a3132885-145f-4a8c-85f4-c10eb874732d: shutdown FollowerState
2019-10-16 11:36:13,533 [Thread-3392] INFO  impl.RaftServerImpl (RaftServerImpl.java:setRole(184)) - a3132885-145f-4a8c-85f4-c10eb874732d@group-2077DD483DC7: changes role from  FOLLOWER to CANDIDATE at term 268 for changeToCandidate
2019-10-16 11:36:13,533 [Thread-3392] INFO  impl.RoleInfo (RoleInfo.java:updateAndGet(143)) - a3132885-145f-4a8c-85f4-c10eb874732d: start LeaderElection
2019-10-16 11:36:13,547 [a3132885-145f-4a8c-85f4-c10eb874732d@group-2077DD483DC7-LeaderElection445] INFO  impl.LeaderElection (LeaderElection.java:askForVotes(178)) - a3132885-145f-4a8c-85f4-c10eb874732d@group-2077DD483DC7-LeaderElection445: begin an election at term 269 for -1: [163587bb-2c3b-4498-b576-18147cf38274:192.168.157.203:33208, a3132885-145f-4a8c-85f4-c10eb874732d:192.168.157.203:46766, 70b633f6-b230-4b9f-87f3-510da88f1e08:192.168.157.203:43163], old=null
2019-10-16 11:36:13,548 [a3132885-145f-4a8c-85f4-c10eb874732d@group-2077DD483DC7-LeaderElection445] INFO  impl.LeaderElection (LogUtils.java:infoOrTrace(149)) - a3132885-145f-4a8c-85f4-c10eb874732d@group-2077DD483DC7-LeaderElection445 got exception when requesting votes: {}
java.util.concurrent.ExecutionException: org.apache.ratis.thirdparty.io.grpc.StatusRuntimeException: UNAVAILABLE: io exception
	at java.util.concurrent.FutureTask.report(FutureTask.java:122)
	at java.util.concurrent.FutureTask.get(FutureTask.java:192)
	at org.apache.ratis.server.impl.LeaderElection.waitForResults(LeaderElection.java:259)
	at org.apache.ratis.server.impl.LeaderElection.askForVotes(LeaderElection.java:197)
	at org.apache.ratis.server.impl.LeaderElection.run(LeaderElection.java:133)
	at java.lang.Thread.run(Thread.java:748)
Caused by: org.apache.ratis.thirdparty.io.grpc.StatusRuntimeException: UNAVAILABLE: io exception
	at org.apache.ratis.thirdparty.io.grpc.stub.ClientCalls.toStatusRuntimeException(ClientCalls.java:233)
	at org.apache.ratis.thirdparty.io.grpc.stub.ClientCalls.getUnchecked(ClientCalls.java:214)
	at org.apache.ratis.thirdparty.io.grpc.stub.ClientCalls.blockingUnaryCall(ClientCalls.java:139)
	at org.apache.ratis.proto.grpc.RaftServerProtocolServiceGrpc$RaftServerProtocolServiceBlockingStub.requestVote(RaftServerProtocolServiceGrpc.java:265)
	at org.apache.ratis.grpc.server.GrpcServerProtocolClient.requestVote(GrpcServerProtocolClient.java:99)
	at org.apache.ratis.grpc.server.GrpcService.requestVote(GrpcService.java:204)
	at org.apache.ratis.server.impl.LeaderElection.lambda$submitRequests$1(LeaderElection.java:234)
	at java.util.concurrent.FutureTask.run(FutureTask.java:266)
	at java.util.concurrent.Executors$RunnableAdapter.call(Executors.java:511)
	at java.util.concurrent.FutureTask.run(FutureTask.java:266)
	at java.util.concurrent.ThreadPoolExecutor.runWorker(ThreadPoolExecutor.java:1149)
	at java.util.concurrent.ThreadPoolExecutor$Worker.run(ThreadPoolExecutor.java:624)
	... 1 more
Caused by: org.apache.ratis.thirdparty.io.netty.channel.AbstractChannel$AnnotatedConnectException: Connection refused: /192.168.157.203:33208
	at sun.nio.ch.SocketChannelImpl.checkConnect(Native Method)
	at sun.nio.ch.SocketChannelImpl.finishConnect(SocketChannelImpl.java:717)
	at org.apache.ratis.thirdparty.io.netty.channel.socket.nio.NioSocketChannel.doFinishConnect(NioSocketChannel.java:327)
	at org.apache.ratis.thirdparty.io.netty.channel.nio.AbstractNioChannel$AbstractNioUnsafe.finishConnect(AbstractNioChannel.java:340)
	at org.apache.ratis.thirdparty.io.netty.channel.nio.NioEventLoop.processSelectedKey(NioEventLoop.java:632)
	at org.apache.ratis.thirdparty.io.netty.channel.nio.NioEventLoop.processSelectedKeysOptimized(NioEventLoop.java:579)
	at org.apache.ratis.thirdparty.io.netty.channel.nio.NioEventLoop.processSelectedKeys(NioEventLoop.java:496)
	at org.apache.ratis.thirdparty.io.netty.channel.nio.NioEventLoop.run(NioEventLoop.java:458)
	at org.apache.ratis.thirdparty.io.netty.util.concurrent.SingleThreadEventExecutor$5.run(SingleThreadEventExecutor.java:897)
	at org.apache.ratis.thirdparty.io.netty.util.concurrent.FastThreadLocalRunnable.run(FastThreadLocalRunnable.java:30)
	... 1 more
Caused by: java.net.ConnectException: Connection refused
	... 11 more
2019-10-16 11:36:13,551 [grpc-default-executor-5] INFO  impl.RaftServerImpl (RaftServerImpl.java:setRole(184)) - 70b633f6-b230-4b9f-87f3-510da88f1e08@group-2077DD483DC7: changes role from  FOLLOWER to FOLLOWER at term 269 for recognizeCandidate:a3132885-145f-4a8c-85f4-c10eb874732d
2019-10-16 11:36:13,551 [grpc-default-executor-5] INFO  impl.RoleInfo (RoleInfo.java:shutdownFollowerState(121)) - 70b633f6-b230-4b9f-87f3-510da88f1e08: shutdown FollowerState
2019-10-16 11:36:13,552 [grpc-default-executor-5] INFO  impl.RoleInfo (RoleInfo.java:updateAndGet(143)) - 70b633f6-b230-4b9f-87f3-510da88f1e08: start FollowerState
2019-10-16 11:36:13,552 [Thread-3391] INFO  impl.FollowerState (FollowerState.java:run(117)) - 70b633f6-b230-4b9f-87f3-510da88f1e08@group-2077DD483DC7-FollowerState was interrupted: java.lang.InterruptedException: sleep interrupted
2019-10-16 11:36:13,552 [Datanode State Machine Thread - 0] INFO  statemachine.DatanodeStateMachine (DatanodeStateMachine.java:lambda$startDaemon$0(350)) - Ozone container server started.
2019-10-16 11:36:13,569 [a3132885-145f-4a8c-85f4-c10eb874732d@group-2077DD483DC7-LeaderElection445] INFO  impl.LeaderElection (LeaderElection.java:logAndReturn(56)) - a3132885-145f-4a8c-85f4-c10eb874732d@group-2077DD483DC7-LeaderElection445: Election REJECTED; received 1 response(s) [a3132885-145f-4a8c-85f4-c10eb874732d<-70b633f6-b230-4b9f-87f3-510da88f1e08#0:FAIL-t269] and 1 exception(s); a3132885-145f-4a8c-85f4-c10eb874732d@group-2077DD483DC7:t269, leader=null, voted=a3132885-145f-4a8c-85f4-c10eb874732d, raftlog=a3132885-145f-4a8c-85f4-c10eb874732d@group-2077DD483DC7-SegmentedRaftLog:OPENED:c-1,f-1,i0, conf=-1: [163587bb-2c3b-4498-b576-18147cf38274:192.168.157.203:33208, a3132885-145f-4a8c-85f4-c10eb874732d:192.168.157.203:46766, 70b633f6-b230-4b9f-87f3-510da88f1e08:192.168.157.203:43163], old=null
2019-10-16 11:36:13,569 [a3132885-145f-4a8c-85f4-c10eb874732d@group-2077DD483DC7-LeaderElection445] INFO  impl.LeaderElection (LogUtils.java:infoOrTrace(149)) -   Exception 0: {}
java.util.concurrent.ExecutionException: org.apache.ratis.thirdparty.io.grpc.StatusRuntimeException: UNAVAILABLE: io exception
	at java.util.concurrent.FutureTask.report(FutureTask.java:122)
	at java.util.concurrent.FutureTask.get(FutureTask.java:192)
	at org.apache.ratis.server.impl.LeaderElection.waitForResults(LeaderElection.java:259)
	at org.apache.ratis.server.impl.LeaderElection.askForVotes(LeaderElection.java:197)
	at org.apache.ratis.server.impl.LeaderElection.run(LeaderElection.java:133)
	at java.lang.Thread.run(Thread.java:748)
Caused by: org.apache.ratis.thirdparty.io.grpc.StatusRuntimeException: UNAVAILABLE: io exception
	at org.apache.ratis.thirdparty.io.grpc.stub.ClientCalls.toStatusRuntimeException(ClientCalls.java:233)
	at org.apache.ratis.thirdparty.io.grpc.stub.ClientCalls.getUnchecked(ClientCalls.java:214)
	at org.apache.ratis.thirdparty.io.grpc.stub.ClientCalls.blockingUnaryCall(ClientCalls.java:139)
	at org.apache.ratis.proto.grpc.RaftServerProtocolServiceGrpc$RaftServerProtocolServiceBlockingStub.requestVote(RaftServerProtocolServiceGrpc.java:265)
	at org.apache.ratis.grpc.server.GrpcServerProtocolClient.requestVote(GrpcServerProtocolClient.java:99)
	at org.apache.ratis.grpc.server.GrpcService.requestVote(GrpcService.java:204)
	at org.apache.ratis.server.impl.LeaderElection.lambda$submitRequests$1(LeaderElection.java:234)
	at java.util.concurrent.FutureTask.run(FutureTask.java:266)
	at java.util.concurrent.Executors$RunnableAdapter.call(Executors.java:511)
	at java.util.concurrent.FutureTask.run(FutureTask.java:266)
	at java.util.concurrent.ThreadPoolExecutor.runWorker(ThreadPoolExecutor.java:1149)
	at java.util.concurrent.ThreadPoolExecutor$Worker.run(ThreadPoolExecutor.java:624)
	... 1 more
Caused by: org.apache.ratis.thirdparty.io.netty.channel.AbstractChannel$AnnotatedConnectException: Connection refused: /192.168.157.203:33208
	at sun.nio.ch.SocketChannelImpl.checkConnect(Native Method)
	at sun.nio.ch.SocketChannelImpl.finishConnect(SocketChannelImpl.java:717)
	at org.apache.ratis.thirdparty.io.netty.channel.socket.nio.NioSocketChannel.doFinishConnect(NioSocketChannel.java:327)
	at org.apache.ratis.thirdparty.io.netty.channel.nio.AbstractNioChannel$AbstractNioUnsafe.finishConnect(AbstractNioChannel.java:340)
	at org.apache.ratis.thirdparty.io.netty.channel.nio.NioEventLoop.processSelectedKey(NioEventLoop.java:632)
	at org.apache.ratis.thirdparty.io.netty.channel.nio.NioEventLoop.processSelectedKeysOptimized(NioEventLoop.java:579)
	at org.apache.ratis.thirdparty.io.netty.channel.nio.NioEventLoop.processSelectedKeys(NioEventLoop.java:496)
	at org.apache.ratis.thirdparty.io.netty.channel.nio.NioEventLoop.run(NioEventLoop.java:458)
	at org.apache.ratis.thirdparty.io.netty.util.concurrent.SingleThreadEventExecutor$5.run(SingleThreadEventExecutor.java:897)
	at org.apache.ratis.thirdparty.io.netty.util.concurrent.FastThreadLocalRunnable.run(FastThreadLocalRunnable.java:30)
	... 1 more
Caused by: java.net.ConnectException: Connection refused
	... 11 more
2019-10-16 11:36:13,569 [a3132885-145f-4a8c-85f4-c10eb874732d@group-2077DD483DC7-LeaderElection445] INFO  impl.RaftServerImpl (RaftServerImpl.java:setRole(184)) - a3132885-145f-4a8c-85f4-c10eb874732d@group-2077DD483DC7: changes role from CANDIDATE to FOLLOWER at term 269 for DISCOVERED_A_NEW_TERM
2019-10-16 11:36:13,569 [a3132885-145f-4a8c-85f4-c10eb874732d@group-2077DD483DC7-LeaderElection445] INFO  impl.RoleInfo (RoleInfo.java:shutdownLeaderElection(134)) - a3132885-145f-4a8c-85f4-c10eb874732d: shutdown LeaderElection
2019-10-16 11:36:13,569 [a3132885-145f-4a8c-85f4-c10eb874732d@group-2077DD483DC7-LeaderElection445] INFO  impl.RoleInfo (RoleInfo.java:updateAndGet(143)) - a3132885-145f-4a8c-85f4-c10eb874732d: start FollowerState
2019-10-16 11:36:13,732 [Thread-3398] INFO  impl.FollowerState (FollowerState.java:run(108)) - a3132885-145f-4a8c-85f4-c10eb874732d@group-2077DD483DC7-FollowerState: change to CANDIDATE, lastRpcTime:162ms, electionTimeout:162ms
2019-10-16 11:36:13,732 [Thread-3398] INFO  impl.RoleInfo (RoleInfo.java:shutdownFollowerState(121)) - a3132885-145f-4a8c-85f4-c10eb874732d: shutdown FollowerState
2019-10-16 11:36:13,732 [Thread-3398] INFO  impl.RaftServerImpl (RaftServerImpl.java:setRole(184)) - a3132885-145f-4a8c-85f4-c10eb874732d@group-2077DD483DC7: changes role from  FOLLOWER to CANDIDATE at term 269 for changeToCandidate
2019-10-16 11:36:13,732 [Thread-3398] INFO  impl.RoleInfo (RoleInfo.java:updateAndGet(143)) - a3132885-145f-4a8c-85f4-c10eb874732d: start LeaderElection
2019-10-16 11:36:13,741 [a3132885-145f-4a8c-85f4-c10eb874732d@group-2077DD483DC7-LeaderElection446] INFO  impl.LeaderElection (LeaderElection.java:askForVotes(178)) - a3132885-145f-4a8c-85f4-c10eb874732d@group-2077DD483DC7-LeaderElection446: begin an election at term 270 for -1: [163587bb-2c3b-4498-b576-18147cf38274:192.168.157.203:33208, a3132885-145f-4a8c-85f4-c10eb874732d:192.168.157.203:46766, 70b633f6-b230-4b9f-87f3-510da88f1e08:192.168.157.203:43163], old=null
2019-10-16 11:36:13,742 [a3132885-145f-4a8c-85f4-c10eb874732d@group-2077DD483DC7-LeaderElection446] INFO  impl.LeaderElection (LogUtils.java:infoOrTrace(149)) - a3132885-145f-4a8c-85f4-c10eb874732d@group-2077DD483DC7-LeaderElection446 got exception when requesting votes: {}
java.util.concurrent.ExecutionException: org.apache.ratis.thirdparty.io.grpc.StatusRuntimeException: UNAVAILABLE: io exception
	at java.util.concurrent.FutureTask.report(FutureTask.java:122)
	at java.util.concurrent.FutureTask.get(FutureTask.java:192)
	at org.apache.ratis.server.impl.LeaderElection.waitForResults(LeaderElection.java:259)
	at org.apache.ratis.server.impl.LeaderElection.askForVotes(LeaderElection.java:197)
	at org.apache.ratis.server.impl.LeaderElection.run(LeaderElection.java:133)
	at java.lang.Thread.run(Thread.java:748)
Caused by: org.apache.ratis.thirdparty.io.grpc.StatusRuntimeException: UNAVAILABLE: io exception
	at org.apache.ratis.thirdparty.io.grpc.stub.ClientCalls.toStatusRuntimeException(ClientCalls.java:233)
	at org.apache.ratis.thirdparty.io.grpc.stub.ClientCalls.getUnchecked(ClientCalls.java:214)
	at org.apache.ratis.thirdparty.io.grpc.stub.ClientCalls.blockingUnaryCall(ClientCalls.java:139)
	at org.apache.ratis.proto.grpc.RaftServerProtocolServiceGrpc$RaftServerProtocolServiceBlockingStub.requestVote(RaftServerProtocolServiceGrpc.java:265)
	at org.apache.ratis.grpc.server.GrpcServerProtocolClient.requestVote(GrpcServerProtocolClient.java:99)
	at org.apache.ratis.grpc.server.GrpcService.requestVote(GrpcService.java:204)
	at org.apache.ratis.server.impl.LeaderElection.lambda$submitRequests$1(LeaderElection.java:234)
	at java.util.concurrent.FutureTask.run(FutureTask.java:266)
	at java.util.concurrent.Executors$RunnableAdapter.call(Executors.java:511)
	at java.util.concurrent.FutureTask.run(FutureTask.java:266)
	at java.util.concurrent.ThreadPoolExecutor.runWorker(ThreadPoolExecutor.java:1149)
	at java.util.concurrent.ThreadPoolExecutor$Worker.run(ThreadPoolExecutor.java:624)
	... 1 more
Caused by: org.apache.ratis.thirdparty.io.netty.channel.AbstractChannel$AnnotatedConnectException: Connection refused: /192.168.157.203:33208
	at sun.nio.ch.SocketChannelImpl.checkConnect(Native Method)
	at sun.nio.ch.SocketChannelImpl.finishConnect(SocketChannelImpl.java:717)
	at org.apache.ratis.thirdparty.io.netty.channel.socket.nio.NioSocketChannel.doFinishConnect(NioSocketChannel.java:327)
	at org.apache.ratis.thirdparty.io.netty.channel.nio.AbstractNioChannel$AbstractNioUnsafe.finishConnect(AbstractNioChannel.java:340)
	at org.apache.ratis.thirdparty.io.netty.channel.nio.NioEventLoop.processSelectedKey(NioEventLoop.java:632)
	at org.apache.ratis.thirdparty.io.netty.channel.nio.NioEventLoop.processSelectedKeysOptimized(NioEventLoop.java:579)
	at org.apache.ratis.thirdparty.io.netty.channel.nio.NioEventLoop.processSelectedKeys(NioEventLoop.java:496)
	at org.apache.ratis.thirdparty.io.netty.channel.nio.NioEventLoop.run(NioEventLoop.java:458)
	at org.apache.ratis.thirdparty.io.netty.util.concurrent.SingleThreadEventExecutor$5.run(SingleThreadEventExecutor.java:897)
	at org.apache.ratis.thirdparty.io.netty.util.concurrent.FastThreadLocalRunnable.run(FastThreadLocalRunnable.java:30)
	... 1 more
Caused by: java.net.ConnectException: Connection refused
	... 11 more
2019-10-16 11:36:13,745 [grpc-default-executor-5] INFO  impl.RaftServerImpl (RaftServerImpl.java:setRole(184)) - 70b633f6-b230-4b9f-87f3-510da88f1e08@group-2077DD483DC7: changes role from  FOLLOWER to FOLLOWER at term 270 for recognizeCandidate:a3132885-145f-4a8c-85f4-c10eb874732d
2019-10-16 11:36:13,745 [grpc-default-executor-5] INFO  impl.RoleInfo (RoleInfo.java:shutdownFollowerState(121)) - 70b633f6-b230-4b9f-87f3-510da88f1e08: shutdown FollowerState
2019-10-16 11:36:13,745 [grpc-default-executor-5] INFO  impl.RoleInfo (RoleInfo.java:updateAndGet(143)) - 70b633f6-b230-4b9f-87f3-510da88f1e08: start FollowerState
2019-10-16 11:36:13,745 [Thread-3397] INFO  impl.FollowerState (FollowerState.java:run(117)) - 70b633f6-b230-4b9f-87f3-510da88f1e08@group-2077DD483DC7-FollowerState was interrupted: java.lang.InterruptedException: sleep interrupted
2019-10-16 11:36:13,751 [a3132885-145f-4a8c-85f4-c10eb874732d@group-2077DD483DC7-LeaderElection446] INFO  impl.LeaderElection (LeaderElection.java:logAndReturn(56)) - a3132885-145f-4a8c-85f4-c10eb874732d@group-2077DD483DC7-LeaderElection446: Election REJECTED; received 1 response(s) [a3132885-145f-4a8c-85f4-c10eb874732d<-70b633f6-b230-4b9f-87f3-510da88f1e08#0:FAIL-t270] and 1 exception(s); a3132885-145f-4a8c-85f4-c10eb874732d@group-2077DD483DC7:t270, leader=null, voted=a3132885-145f-4a8c-85f4-c10eb874732d, raftlog=a3132885-145f-4a8c-85f4-c10eb874732d@group-2077DD483DC7-SegmentedRaftLog:OPENED:c-1,f-1,i0, conf=-1: [163587bb-2c3b-4498-b576-18147cf38274:192.168.157.203:33208, a3132885-145f-4a8c-85f4-c10eb874732d:192.168.157.203:46766, 70b633f6-b230-4b9f-87f3-510da88f1e08:192.168.157.203:43163], old=null
2019-10-16 11:36:13,751 [a3132885-145f-4a8c-85f4-c10eb874732d@group-2077DD483DC7-LeaderElection446] INFO  impl.LeaderElection (LogUtils.java:infoOrTrace(149)) -   Exception 0: {}
java.util.concurrent.ExecutionException: org.apache.ratis.thirdparty.io.grpc.StatusRuntimeException: UNAVAILABLE: io exception
	at java.util.concurrent.FutureTask.report(FutureTask.java:122)
	at java.util.concurrent.FutureTask.get(FutureTask.java:192)
	at org.apache.ratis.server.impl.LeaderElection.waitForResults(LeaderElection.java:259)
	at org.apache.ratis.server.impl.LeaderElection.askForVotes(LeaderElection.java:197)
	at org.apache.ratis.server.impl.LeaderElection.run(LeaderElection.java:133)
	at java.lang.Thread.run(Thread.java:748)
Caused by: org.apache.ratis.thirdparty.io.grpc.StatusRuntimeException: UNAVAILABLE: io exception
	at org.apache.ratis.thirdparty.io.grpc.stub.ClientCalls.toStatusRuntimeException(ClientCalls.java:233)
	at org.apache.ratis.thirdparty.io.grpc.stub.ClientCalls.getUnchecked(ClientCalls.java:214)
	at org.apache.ratis.thirdparty.io.grpc.stub.ClientCalls.blockingUnaryCall(ClientCalls.java:139)
	at org.apache.ratis.proto.grpc.RaftServerProtocolServiceGrpc$RaftServerProtocolServiceBlockingStub.requestVote(RaftServerProtocolServiceGrpc.java:265)
	at org.apache.ratis.grpc.server.GrpcServerProtocolClient.requestVote(GrpcServerProtocolClient.java:99)
	at org.apache.ratis.grpc.server.GrpcService.requestVote(GrpcService.java:204)
	at org.apache.ratis.server.impl.LeaderElection.lambda$submitRequests$1(LeaderElection.java:234)
	at java.util.concurrent.FutureTask.run(FutureTask.java:266)
	at java.util.concurrent.Executors$RunnableAdapter.call(Executors.java:511)
	at java.util.concurrent.FutureTask.run(FutureTask.java:266)
	at java.util.concurrent.ThreadPoolExecutor.runWorker(ThreadPoolExecutor.java:1149)
	at java.util.concurrent.ThreadPoolExecutor$Worker.run(ThreadPoolExecutor.java:624)
	... 1 more
Caused by: org.apache.ratis.thirdparty.io.netty.channel.AbstractChannel$AnnotatedConnectException: Connection refused: /192.168.157.203:33208
	at sun.nio.ch.SocketChannelImpl.checkConnect(Native Method)
	at sun.nio.ch.SocketChannelImpl.finishConnect(SocketChannelImpl.java:717)
	at org.apache.ratis.thirdparty.io.netty.channel.socket.nio.NioSocketChannel.doFinishConnect(NioSocketChannel.java:327)
	at org.apache.ratis.thirdparty.io.netty.channel.nio.AbstractNioChannel$AbstractNioUnsafe.finishConnect(AbstractNioChannel.java:340)
	at org.apache.ratis.thirdparty.io.netty.channel.nio.NioEventLoop.processSelectedKey(NioEventLoop.java:632)
	at org.apache.ratis.thirdparty.io.netty.channel.nio.NioEventLoop.processSelectedKeysOptimized(NioEventLoop.java:579)
	at org.apache.ratis.thirdparty.io.netty.channel.nio.NioEventLoop.processSelectedKeys(NioEventLoop.java:496)
	at org.apache.ratis.thirdparty.io.netty.channel.nio.NioEventLoop.run(NioEventLoop.java:458)
	at org.apache.ratis.thirdparty.io.netty.util.concurrent.SingleThreadEventExecutor$5.run(SingleThreadEventExecutor.java:897)
	at org.apache.ratis.thirdparty.io.netty.util.concurrent.FastThreadLocalRunnable.run(FastThreadLocalRunnable.java:30)
	... 1 more
Caused by: java.net.ConnectException: Connection refused
	... 11 more
2019-10-16 11:36:13,751 [a3132885-145f-4a8c-85f4-c10eb874732d@group-2077DD483DC7-LeaderElection446] INFO  impl.RaftServerImpl (RaftServerImpl.java:setRole(184)) - a3132885-145f-4a8c-85f4-c10eb874732d@group-2077DD483DC7: changes role from CANDIDATE to FOLLOWER at term 270 for DISCOVERED_A_NEW_TERM
2019-10-16 11:36:13,752 [a3132885-145f-4a8c-85f4-c10eb874732d@group-2077DD483DC7-LeaderElection446] INFO  impl.RoleInfo (RoleInfo.java:shutdownLeaderElection(134)) - a3132885-145f-4a8c-85f4-c10eb874732d: shutdown LeaderElection
2019-10-16 11:36:13,752 [a3132885-145f-4a8c-85f4-c10eb874732d@group-2077DD483DC7-LeaderElection446] INFO  impl.RoleInfo (RoleInfo.java:updateAndGet(143)) - a3132885-145f-4a8c-85f4-c10eb874732d: start FollowerState
2019-10-16 11:36:13,787 [Thread-3403] INFO  impl.FollowerState (FollowerState.java:run(108)) - a3132885-145f-4a8c-85f4-c10eb874732d@group-2077DD483DC7-FollowerState: change to CANDIDATE, lastRpcTime:35ms, electionTimeout:35ms
2019-10-16 11:36:13,787 [Thread-3403] INFO  impl.RoleInfo (RoleInfo.java:shutdownFollowerState(121)) - a3132885-145f-4a8c-85f4-c10eb874732d: shutdown FollowerState
2019-10-16 11:36:13,787 [Thread-3403] INFO  impl.RaftServerImpl (RaftServerImpl.java:setRole(184)) - a3132885-145f-4a8c-85f4-c10eb874732d@group-2077DD483DC7: changes role from  FOLLOWER to CANDIDATE at term 270 for changeToCandidate
2019-10-16 11:36:13,787 [Thread-3403] INFO  impl.RoleInfo (RoleInfo.java:updateAndGet(143)) - a3132885-145f-4a8c-85f4-c10eb874732d: start LeaderElection
2019-10-16 11:36:13,801 [a3132885-145f-4a8c-85f4-c10eb874732d@group-2077DD483DC7-LeaderElection447] INFO  impl.LeaderElection (LeaderElection.java:askForVotes(178)) - a3132885-145f-4a8c-85f4-c10eb874732d@group-2077DD483DC7-LeaderElection447: begin an election at term 271 for -1: [163587bb-2c3b-4498-b576-18147cf38274:192.168.157.203:33208, a3132885-145f-4a8c-85f4-c10eb874732d:192.168.157.203:46766, 70b633f6-b230-4b9f-87f3-510da88f1e08:192.168.157.203:43163], old=null
2019-10-16 11:36:13,802 [a3132885-145f-4a8c-85f4-c10eb874732d@group-2077DD483DC7-LeaderElection447] INFO  impl.LeaderElection (LogUtils.java:infoOrTrace(149)) - a3132885-145f-4a8c-85f4-c10eb874732d@group-2077DD483DC7-LeaderElection447 got exception when requesting votes: {}
java.util.concurrent.ExecutionException: org.apache.ratis.thirdparty.io.grpc.StatusRuntimeException: UNAVAILABLE: io exception
	at java.util.concurrent.FutureTask.report(FutureTask.java:122)
	at java.util.concurrent.FutureTask.get(FutureTask.java:192)
	at org.apache.ratis.server.impl.LeaderElection.waitForResults(LeaderElection.java:259)
	at org.apache.ratis.server.impl.LeaderElection.askForVotes(LeaderElection.java:197)
	at org.apache.ratis.server.impl.LeaderElection.run(LeaderElection.java:133)
	at java.lang.Thread.run(Thread.java:748)
Caused by: org.apache.ratis.thirdparty.io.grpc.StatusRuntimeException: UNAVAILABLE: io exception
	at org.apache.ratis.thirdparty.io.grpc.stub.ClientCalls.toStatusRuntimeException(ClientCalls.java:233)
	at org.apache.ratis.thirdparty.io.grpc.stub.ClientCalls.getUnchecked(ClientCalls.java:214)
	at org.apache.ratis.thirdparty.io.grpc.stub.ClientCalls.blockingUnaryCall(ClientCalls.java:139)
	at org.apache.ratis.proto.grpc.RaftServerProtocolServiceGrpc$RaftServerProtocolServiceBlockingStub.requestVote(RaftServerProtocolServiceGrpc.java:265)
	at org.apache.ratis.grpc.server.GrpcServerProtocolClient.requestVote(GrpcServerProtocolClient.java:99)
	at org.apache.ratis.grpc.server.GrpcService.requestVote(GrpcService.java:204)
	at org.apache.ratis.server.impl.LeaderElection.lambda$submitRequests$1(LeaderElection.java:234)
	at java.util.concurrent.FutureTask.run(FutureTask.java:266)
	at java.util.concurrent.Executors$RunnableAdapter.call(Executors.java:511)
	at java.util.concurrent.FutureTask.run(FutureTask.java:266)
	at java.util.concurrent.ThreadPoolExecutor.runWorker(ThreadPoolExecutor.java:1149)
	at java.util.concurrent.ThreadPoolExecutor$Worker.run(ThreadPoolExecutor.java:624)
	... 1 more
Caused by: org.apache.ratis.thirdparty.io.netty.channel.AbstractChannel$AnnotatedConnectException: Connection refused: /192.168.157.203:33208
	at sun.nio.ch.SocketChannelImpl.checkConnect(Native Method)
	at sun.nio.ch.SocketChannelImpl.finishConnect(SocketChannelImpl.java:717)
	at org.apache.ratis.thirdparty.io.netty.channel.socket.nio.NioSocketChannel.doFinishConnect(NioSocketChannel.java:327)
	at org.apache.ratis.thirdparty.io.netty.channel.nio.AbstractNioChannel$AbstractNioUnsafe.finishConnect(AbstractNioChannel.java:340)
	at org.apache.ratis.thirdparty.io.netty.channel.nio.NioEventLoop.processSelectedKey(NioEventLoop.java:632)
	at org.apache.ratis.thirdparty.io.netty.channel.nio.NioEventLoop.processSelectedKeysOptimized(NioEventLoop.java:579)
	at org.apache.ratis.thirdparty.io.netty.channel.nio.NioEventLoop.processSelectedKeys(NioEventLoop.java:496)
	at org.apache.ratis.thirdparty.io.netty.channel.nio.NioEventLoop.run(NioEventLoop.java:458)
	at org.apache.ratis.thirdparty.io.netty.util.concurrent.SingleThreadEventExecutor$5.run(SingleThreadEventExecutor.java:897)
	at org.apache.ratis.thirdparty.io.netty.util.concurrent.FastThreadLocalRunnable.run(FastThreadLocalRunnable.java:30)
	... 1 more
Caused by: java.net.ConnectException: Connection refused
	... 11 more
2019-10-16 11:36:13,803 [grpc-default-executor-5] INFO  impl.RaftServerImpl (RaftServerImpl.java:setRole(184)) - 70b633f6-b230-4b9f-87f3-510da88f1e08@group-2077DD483DC7: changes role from  FOLLOWER to FOLLOWER at term 271 for recognizeCandidate:a3132885-145f-4a8c-85f4-c10eb874732d
2019-10-16 11:36:13,804 [grpc-default-executor-5] INFO  impl.RoleInfo (RoleInfo.java:shutdownFollowerState(121)) - 70b633f6-b230-4b9f-87f3-510da88f1e08: shutdown FollowerState
2019-10-16 11:36:13,804 [grpc-default-executor-5] INFO  impl.RoleInfo (RoleInfo.java:updateAndGet(143)) - 70b633f6-b230-4b9f-87f3-510da88f1e08: start FollowerState
2019-10-16 11:36:13,804 [Thread-3402] INFO  impl.FollowerState (FollowerState.java:run(117)) - 70b633f6-b230-4b9f-87f3-510da88f1e08@group-2077DD483DC7-FollowerState was interrupted: java.lang.InterruptedException: sleep interrupted
2019-10-16 11:36:13,817 [a3132885-145f-4a8c-85f4-c10eb874732d@group-2077DD483DC7-LeaderElection447] INFO  impl.LeaderElection (LeaderElection.java:logAndReturn(56)) - a3132885-145f-4a8c-85f4-c10eb874732d@group-2077DD483DC7-LeaderElection447: Election REJECTED; received 1 response(s) [a3132885-145f-4a8c-85f4-c10eb874732d<-70b633f6-b230-4b9f-87f3-510da88f1e08#0:FAIL-t271] and 1 exception(s); a3132885-145f-4a8c-85f4-c10eb874732d@group-2077DD483DC7:t271, leader=null, voted=a3132885-145f-4a8c-85f4-c10eb874732d, raftlog=a3132885-145f-4a8c-85f4-c10eb874732d@group-2077DD483DC7-SegmentedRaftLog:OPENED:c-1,f-1,i0, conf=-1: [163587bb-2c3b-4498-b576-18147cf38274:192.168.157.203:33208, a3132885-145f-4a8c-85f4-c10eb874732d:192.168.157.203:46766, 70b633f6-b230-4b9f-87f3-510da88f1e08:192.168.157.203:43163], old=null
2019-10-16 11:36:13,817 [a3132885-145f-4a8c-85f4-c10eb874732d@group-2077DD483DC7-LeaderElection447] INFO  impl.LeaderElection (LogUtils.java:infoOrTrace(149)) -   Exception 0: {}
java.util.concurrent.ExecutionException: org.apache.ratis.thirdparty.io.grpc.StatusRuntimeException: UNAVAILABLE: io exception
	at java.util.concurrent.FutureTask.report(FutureTask.java:122)
	at java.util.concurrent.FutureTask.get(FutureTask.java:192)
	at org.apache.ratis.server.impl.LeaderElection.waitForResults(LeaderElection.java:259)
	at org.apache.ratis.server.impl.LeaderElection.askForVotes(LeaderElection.java:197)
	at org.apache.ratis.server.impl.LeaderElection.run(LeaderElection.java:133)
	at java.lang.Thread.run(Thread.java:748)
Caused by: org.apache.ratis.thirdparty.io.grpc.StatusRuntimeException: UNAVAILABLE: io exception
	at org.apache.ratis.thirdparty.io.grpc.stub.ClientCalls.toStatusRuntimeException(ClientCalls.java:233)
	at org.apache.ratis.thirdparty.io.grpc.stub.ClientCalls.getUnchecked(ClientCalls.java:214)
	at org.apache.ratis.thirdparty.io.grpc.stub.ClientCalls.blockingUnaryCall(ClientCalls.java:139)
	at org.apache.ratis.proto.grpc.RaftServerProtocolServiceGrpc$RaftServerProtocolServiceBlockingStub.requestVote(RaftServerProtocolServiceGrpc.java:265)
	at org.apache.ratis.grpc.server.GrpcServerProtocolClient.requestVote(GrpcServerProtocolClient.java:99)
	at org.apache.ratis.grpc.server.GrpcService.requestVote(GrpcService.java:204)
	at org.apache.ratis.server.impl.LeaderElection.lambda$submitRequests$1(LeaderElection.java:234)
	at java.util.concurrent.FutureTask.run(FutureTask.java:266)
	at java.util.concurrent.Executors$RunnableAdapter.call(Executors.java:511)
	at java.util.concurrent.FutureTask.run(FutureTask.java:266)
	at java.util.concurrent.ThreadPoolExecutor.runWorker(ThreadPoolExecutor.java:1149)
	at java.util.concurrent.ThreadPoolExecutor$Worker.run(ThreadPoolExecutor.java:624)
	... 1 more
Caused by: org.apache.ratis.thirdparty.io.netty.channel.AbstractChannel$AnnotatedConnectException: Connection refused: /192.168.157.203:33208
	at sun.nio.ch.SocketChannelImpl.checkConnect(Native Method)
	at sun.nio.ch.SocketChannelImpl.finishConnect(SocketChannelImpl.java:717)
	at org.apache.ratis.thirdparty.io.netty.channel.socket.nio.NioSocketChannel.doFinishConnect(NioSocketChannel.java:327)
	at org.apache.ratis.thirdparty.io.netty.channel.nio.AbstractNioChannel$AbstractNioUnsafe.finishConnect(AbstractNioChannel.java:340)
	at org.apache.ratis.thirdparty.io.netty.channel.nio.NioEventLoop.processSelectedKey(NioEventLoop.java:632)
	at org.apache.ratis.thirdparty.io.netty.channel.nio.NioEventLoop.processSelectedKeysOptimized(NioEventLoop.java:579)
	at org.apache.ratis.thirdparty.io.netty.channel.nio.NioEventLoop.processSelectedKeys(NioEventLoop.java:496)
	at org.apache.ratis.thirdparty.io.netty.channel.nio.NioEventLoop.run(NioEventLoop.java:458)
	at org.apache.ratis.thirdparty.io.netty.util.concurrent.SingleThreadEventExecutor$5.run(SingleThreadEventExecutor.java:897)
	at org.apache.ratis.thirdparty.io.netty.util.concurrent.FastThreadLocalRunnable.run(FastThreadLocalRunnable.java:30)
	... 1 more
Caused by: java.net.ConnectException: Connection refused
	... 11 more
2019-10-16 11:36:13,819 [a3132885-145f-4a8c-85f4-c10eb874732d@group-2077DD483DC7-LeaderElection447] INFO  impl.RaftServerImpl (RaftServerImpl.java:setRole(184)) - a3132885-145f-4a8c-85f4-c10eb874732d@group-2077DD483DC7: changes role from CANDIDATE to FOLLOWER at term 271 for DISCOVERED_A_NEW_TERM
2019-10-16 11:36:13,819 [a3132885-145f-4a8c-85f4-c10eb874732d@group-2077DD483DC7-LeaderElection447] INFO  impl.RoleInfo (RoleInfo.java:shutdownLeaderElection(134)) - a3132885-145f-4a8c-85f4-c10eb874732d: shutdown LeaderElection
2019-10-16 11:36:13,819 [a3132885-145f-4a8c-85f4-c10eb874732d@group-2077DD483DC7-LeaderElection447] INFO  impl.RoleInfo (RoleInfo.java:updateAndGet(143)) - a3132885-145f-4a8c-85f4-c10eb874732d: start FollowerState
2019-10-16 11:36:13,911 [Datanode State Machine Thread - 0] INFO  statemachine.DatanodeStateMachine (DatanodeStateMachine.java:lambda$startDaemon$0(350)) - Ozone container server started.
2019-10-16 11:36:13,990 [java.util.concurrent.ThreadPoolExecutor$Worker@1a001f89[State = -1, empty queue]] WARN  server.GrpcLogAppender (GrpcLogAppender.java:timeoutAppendRequest(209)) - 5c445d34-c031-481c-9d4b-8fbace1f61b8@group-8BBDE5791A04->857fec05-692a-4d09-bf1c-7d167682feae-GrpcLogAppender: appendEntries Timeout, request=5c445d34-c031-481c-9d4b-8fbace1f61b8->857fec05-692a-4d09-bf1c-7d167682feae#83-t6, previous=(t:6, i:21), leaderCommit=21, initializing? false, entries: <empty>
2019-10-16 11:36:14,014 [Thread-3408] INFO  impl.FollowerState (FollowerState.java:run(108)) - a3132885-145f-4a8c-85f4-c10eb874732d@group-2077DD483DC7-FollowerState: change to CANDIDATE, lastRpcTime:195ms, electionTimeout:195ms
2019-10-16 11:36:14,014 [Thread-3408] INFO  impl.RoleInfo (RoleInfo.java:shutdownFollowerState(121)) - a3132885-145f-4a8c-85f4-c10eb874732d: shutdown FollowerState
2019-10-16 11:36:14,015 [Thread-3408] INFO  impl.RaftServerImpl (RaftServerImpl.java:setRole(184)) - a3132885-145f-4a8c-85f4-c10eb874732d@group-2077DD483DC7: changes role from  FOLLOWER to CANDIDATE at term 271 for changeToCandidate
2019-10-16 11:36:14,015 [Thread-3408] INFO  impl.RoleInfo (RoleInfo.java:updateAndGet(143)) - a3132885-145f-4a8c-85f4-c10eb874732d: start LeaderElection
2019-10-16 11:36:14,022 [a3132885-145f-4a8c-85f4-c10eb874732d@group-2077DD483DC7-LeaderElection448] INFO  impl.LeaderElection (LeaderElection.java:askForVotes(178)) - a3132885-145f-4a8c-85f4-c10eb874732d@group-2077DD483DC7-LeaderElection448: begin an election at term 272 for -1: [163587bb-2c3b-4498-b576-18147cf38274:192.168.157.203:33208, a3132885-145f-4a8c-85f4-c10eb874732d:192.168.157.203:46766, 70b633f6-b230-4b9f-87f3-510da88f1e08:192.168.157.203:43163], old=null
2019-10-16 11:36:14,023 [a3132885-145f-4a8c-85f4-c10eb874732d@group-2077DD483DC7-LeaderElection448] INFO  impl.LeaderElection (LogUtils.java:infoOrTrace(149)) - a3132885-145f-4a8c-85f4-c10eb874732d@group-2077DD483DC7-LeaderElection448 got exception when requesting votes: {}
java.util.concurrent.ExecutionException: org.apache.ratis.thirdparty.io.grpc.StatusRuntimeException: UNAVAILABLE: io exception
	at java.util.concurrent.FutureTask.report(FutureTask.java:122)
	at java.util.concurrent.FutureTask.get(FutureTask.java:192)
	at org.apache.ratis.server.impl.LeaderElection.waitForResults(LeaderElection.java:259)
	at org.apache.ratis.server.impl.LeaderElection.askForVotes(LeaderElection.java:197)
	at org.apache.ratis.server.impl.LeaderElection.run(LeaderElection.java:133)
	at java.lang.Thread.run(Thread.java:748)
Caused by: org.apache.ratis.thirdparty.io.grpc.StatusRuntimeException: UNAVAILABLE: io exception
	at org.apache.ratis.thirdparty.io.grpc.stub.ClientCalls.toStatusRuntimeException(ClientCalls.java:233)
	at org.apache.ratis.thirdparty.io.grpc.stub.ClientCalls.getUnchecked(ClientCalls.java:214)
	at org.apache.ratis.thirdparty.io.grpc.stub.ClientCalls.blockingUnaryCall(ClientCalls.java:139)
	at org.apache.ratis.proto.grpc.RaftServerProtocolServiceGrpc$RaftServerProtocolServiceBlockingStub.requestVote(RaftServerProtocolServiceGrpc.java:265)
	at org.apache.ratis.grpc.server.GrpcServerProtocolClient.requestVote(GrpcServerProtocolClient.java:99)
	at org.apache.ratis.grpc.server.GrpcService.requestVote(GrpcService.java:204)
	at org.apache.ratis.server.impl.LeaderElection.lambda$submitRequests$1(LeaderElection.java:234)
	at java.util.concurrent.FutureTask.run(FutureTask.java:266)
	at java.util.concurrent.Executors$RunnableAdapter.call(Executors.java:511)
	at java.util.concurrent.FutureTask.run(FutureTask.java:266)
	at java.util.concurrent.ThreadPoolExecutor.runWorker(ThreadPoolExecutor.java:1149)
	at java.util.concurrent.ThreadPoolExecutor$Worker.run(ThreadPoolExecutor.java:624)
	... 1 more
Caused by: org.apache.ratis.thirdparty.io.netty.channel.AbstractChannel$AnnotatedConnectException: Connection refused: /192.168.157.203:33208
	at sun.nio.ch.SocketChannelImpl.checkConnect(Native Method)
	at sun.nio.ch.SocketChannelImpl.finishConnect(SocketChannelImpl.java:717)
	at org.apache.ratis.thirdparty.io.netty.channel.socket.nio.NioSocketChannel.doFinishConnect(NioSocketChannel.java:327)
	at org.apache.ratis.thirdparty.io.netty.channel.nio.AbstractNioChannel$AbstractNioUnsafe.finishConnect(AbstractNioChannel.java:340)
	at org.apache.ratis.thirdparty.io.netty.channel.nio.NioEventLoop.processSelectedKey(NioEventLoop.java:632)
	at org.apache.ratis.thirdparty.io.netty.channel.nio.NioEventLoop.processSelectedKeysOptimized(NioEventLoop.java:579)
	at org.apache.ratis.thirdparty.io.netty.channel.nio.NioEventLoop.processSelectedKeys(NioEventLoop.java:496)
	at org.apache.ratis.thirdparty.io.netty.channel.nio.NioEventLoop.run(NioEventLoop.java:458)
	at org.apache.ratis.thirdparty.io.netty.util.concurrent.SingleThreadEventExecutor$5.run(SingleThreadEventExecutor.java:897)
	at org.apache.ratis.thirdparty.io.netty.util.concurrent.FastThreadLocalRunnable.run(FastThreadLocalRunnable.java:30)
	... 1 more
Caused by: java.net.ConnectException: Connection refused
	... 11 more
2019-10-16 11:36:14,026 [grpc-default-executor-5] INFO  impl.RaftServerImpl (RaftServerImpl.java:setRole(184)) - 70b633f6-b230-4b9f-87f3-510da88f1e08@group-2077DD483DC7: changes role from  FOLLOWER to FOLLOWER at term 272 for recognizeCandidate:a3132885-145f-4a8c-85f4-c10eb874732d
2019-10-16 11:36:14,026 [grpc-default-executor-5] INFO  impl.RoleInfo (RoleInfo.java:shutdownFollowerState(121)) - 70b633f6-b230-4b9f-87f3-510da88f1e08: shutdown FollowerState
2019-10-16 11:36:14,026 [grpc-default-executor-5] INFO  impl.RoleInfo (RoleInfo.java:updateAndGet(143)) - 70b633f6-b230-4b9f-87f3-510da88f1e08: start FollowerState
2019-10-16 11:36:14,026 [Thread-3407] INFO  impl.FollowerState (FollowerState.java:run(117)) - 70b633f6-b230-4b9f-87f3-510da88f1e08@group-2077DD483DC7-FollowerState was interrupted: java.lang.InterruptedException: sleep interrupted
2019-10-16 11:36:14,035 [a3132885-145f-4a8c-85f4-c10eb874732d@group-2077DD483DC7-LeaderElection448] INFO  impl.LeaderElection (LeaderElection.java:logAndReturn(56)) - a3132885-145f-4a8c-85f4-c10eb874732d@group-2077DD483DC7-LeaderElection448: Election REJECTED; received 1 response(s) [a3132885-145f-4a8c-85f4-c10eb874732d<-70b633f6-b230-4b9f-87f3-510da88f1e08#0:FAIL-t272] and 1 exception(s); a3132885-145f-4a8c-85f4-c10eb874732d@group-2077DD483DC7:t272, leader=null, voted=a3132885-145f-4a8c-85f4-c10eb874732d, raftlog=a3132885-145f-4a8c-85f4-c10eb874732d@group-2077DD483DC7-SegmentedRaftLog:OPENED:c-1,f-1,i0, conf=-1: [163587bb-2c3b-4498-b576-18147cf38274:192.168.157.203:33208, a3132885-145f-4a8c-85f4-c10eb874732d:192.168.157.203:46766, 70b633f6-b230-4b9f-87f3-510da88f1e08:192.168.157.203:43163], old=null
2019-10-16 11:36:14,035 [a3132885-145f-4a8c-85f4-c10eb874732d@group-2077DD483DC7-LeaderElection448] INFO  impl.LeaderElection (LogUtils.java:infoOrTrace(149)) -   Exception 0: {}
java.util.concurrent.ExecutionException: org.apache.ratis.thirdparty.io.grpc.StatusRuntimeException: UNAVAILABLE: io exception
	at java.util.concurrent.FutureTask.report(FutureTask.java:122)
	at java.util.concurrent.FutureTask.get(FutureTask.java:192)
	at org.apache.ratis.server.impl.LeaderElection.waitForResults(LeaderElection.java:259)
	at org.apache.ratis.server.impl.LeaderElection.askForVotes(LeaderElection.java:197)
	at org.apache.ratis.server.impl.LeaderElection.run(LeaderElection.java:133)
	at java.lang.Thread.run(Thread.java:748)
Caused by: org.apache.ratis.thirdparty.io.grpc.StatusRuntimeException: UNAVAILABLE: io exception
	at org.apache.ratis.thirdparty.io.grpc.stub.ClientCalls.toStatusRuntimeException(ClientCalls.java:233)
	at org.apache.ratis.thirdparty.io.grpc.stub.ClientCalls.getUnchecked(ClientCalls.java:214)
	at org.apache.ratis.thirdparty.io.grpc.stub.ClientCalls.blockingUnaryCall(ClientCalls.java:139)
	at org.apache.ratis.proto.grpc.RaftServerProtocolServiceGrpc$RaftServerProtocolServiceBlockingStub.requestVote(RaftServerProtocolServiceGrpc.java:265)
	at org.apache.ratis.grpc.server.GrpcServerProtocolClient.requestVote(GrpcServerProtocolClient.java:99)
	at org.apache.ratis.grpc.server.GrpcService.requestVote(GrpcService.java:204)
	at org.apache.ratis.server.impl.LeaderElection.lambda$submitRequests$1(LeaderElection.java:234)
	at java.util.concurrent.FutureTask.run(FutureTask.java:266)
	at java.util.concurrent.Executors$RunnableAdapter.call(Executors.java:511)
	at java.util.concurrent.FutureTask.run(FutureTask.java:266)
	at java.util.concurrent.ThreadPoolExecutor.runWorker(ThreadPoolExecutor.java:1149)
	at java.util.concurrent.ThreadPoolExecutor$Worker.run(ThreadPoolExecutor.java:624)
	... 1 more
Caused by: org.apache.ratis.thirdparty.io.netty.channel.AbstractChannel$AnnotatedConnectException: Connection refused: /192.168.157.203:33208
	at sun.nio.ch.SocketChannelImpl.checkConnect(Native Method)
	at sun.nio.ch.SocketChannelImpl.finishConnect(SocketChannelImpl.java:717)
	at org.apache.ratis.thirdparty.io.netty.channel.socket.nio.NioSocketChannel.doFinishConnect(NioSocketChannel.java:327)
	at org.apache.ratis.thirdparty.io.netty.channel.nio.AbstractNioChannel$AbstractNioUnsafe.finishConnect(AbstractNioChannel.java:340)
	at org.apache.ratis.thirdparty.io.netty.channel.nio.NioEventLoop.processSelectedKey(NioEventLoop.java:632)
	at org.apache.ratis.thirdparty.io.netty.channel.nio.NioEventLoop.processSelectedKeysOptimized(NioEventLoop.java:579)
	at org.apache.ratis.thirdparty.io.netty.channel.nio.NioEventLoop.processSelectedKeys(NioEventLoop.java:496)
	at org.apache.ratis.thirdparty.io.netty.channel.nio.NioEventLoop.run(NioEventLoop.java:458)
	at org.apache.ratis.thirdparty.io.netty.util.concurrent.SingleThreadEventExecutor$5.run(SingleThreadEventExecutor.java:897)
	at org.apache.ratis.thirdparty.io.netty.util.concurrent.FastThreadLocalRunnable.run(FastThreadLocalRunnable.java:30)
	... 1 more
Caused by: java.net.ConnectException: Connection refused
	... 11 more
2019-10-16 11:36:14,035 [a3132885-145f-4a8c-85f4-c10eb874732d@group-2077DD483DC7-LeaderElection448] INFO  impl.RaftServerImpl (RaftServerImpl.java:setRole(184)) - a3132885-145f-4a8c-85f4-c10eb874732d@group-2077DD483DC7: changes role from CANDIDATE to FOLLOWER at term 272 for DISCOVERED_A_NEW_TERM
2019-10-16 11:36:14,035 [a3132885-145f-4a8c-85f4-c10eb874732d@group-2077DD483DC7-LeaderElection448] INFO  impl.RoleInfo (RoleInfo.java:shutdownLeaderElection(134)) - a3132885-145f-4a8c-85f4-c10eb874732d: shutdown LeaderElection
2019-10-16 11:36:14,036 [a3132885-145f-4a8c-85f4-c10eb874732d@group-2077DD483DC7-LeaderElection448] INFO  impl.RoleInfo (RoleInfo.java:updateAndGet(143)) - a3132885-145f-4a8c-85f4-c10eb874732d: start FollowerState
2019-10-16 11:36:14,081 [Thread-3414] INFO  impl.FollowerState (FollowerState.java:run(108)) - a3132885-145f-4a8c-85f4-c10eb874732d@group-2077DD483DC7-FollowerState: change to CANDIDATE, lastRpcTime:45ms, electionTimeout:45ms
2019-10-16 11:36:14,081 [Thread-3414] INFO  impl.RoleInfo (RoleInfo.java:shutdownFollowerState(121)) - a3132885-145f-4a8c-85f4-c10eb874732d: shutdown FollowerState
2019-10-16 11:36:14,081 [Thread-3414] INFO  impl.RaftServerImpl (RaftServerImpl.java:setRole(184)) - a3132885-145f-4a8c-85f4-c10eb874732d@group-2077DD483DC7: changes role from  FOLLOWER to CANDIDATE at term 272 for changeToCandidate
2019-10-16 11:36:14,081 [Thread-3414] INFO  impl.RoleInfo (RoleInfo.java:updateAndGet(143)) - a3132885-145f-4a8c-85f4-c10eb874732d: start LeaderElection
2019-10-16 11:36:14,095 [a3132885-145f-4a8c-85f4-c10eb874732d@group-2077DD483DC7-LeaderElection449] INFO  impl.LeaderElection (LeaderElection.java:askForVotes(178)) - a3132885-145f-4a8c-85f4-c10eb874732d@group-2077DD483DC7-LeaderElection449: begin an election at term 273 for -1: [163587bb-2c3b-4498-b576-18147cf38274:192.168.157.203:33208, a3132885-145f-4a8c-85f4-c10eb874732d:192.168.157.203:46766, 70b633f6-b230-4b9f-87f3-510da88f1e08:192.168.157.203:43163], old=null
2019-10-16 11:36:14,096 [a3132885-145f-4a8c-85f4-c10eb874732d@group-2077DD483DC7-LeaderElection449] INFO  impl.LeaderElection (LogUtils.java:infoOrTrace(149)) - a3132885-145f-4a8c-85f4-c10eb874732d@group-2077DD483DC7-LeaderElection449 got exception when requesting votes: {}
java.util.concurrent.ExecutionException: org.apache.ratis.thirdparty.io.grpc.StatusRuntimeException: UNAVAILABLE: io exception
	at java.util.concurrent.FutureTask.report(FutureTask.java:122)
	at java.util.concurrent.FutureTask.get(FutureTask.java:192)
	at org.apache.ratis.server.impl.LeaderElection.waitForResults(LeaderElection.java:259)
	at org.apache.ratis.server.impl.LeaderElection.askForVotes(LeaderElection.java:197)
	at org.apache.ratis.server.impl.LeaderElection.run(LeaderElection.java:133)
	at java.lang.Thread.run(Thread.java:748)
Caused by: org.apache.ratis.thirdparty.io.grpc.StatusRuntimeException: UNAVAILABLE: io exception
	at org.apache.ratis.thirdparty.io.grpc.stub.ClientCalls.toStatusRuntimeException(ClientCalls.java:233)
	at org.apache.ratis.thirdparty.io.grpc.stub.ClientCalls.getUnchecked(ClientCalls.java:214)
	at org.apache.ratis.thirdparty.io.grpc.stub.ClientCalls.blockingUnaryCall(ClientCalls.java:139)
	at org.apache.ratis.proto.grpc.RaftServerProtocolServiceGrpc$RaftServerProtocolServiceBlockingStub.requestVote(RaftServerProtocolServiceGrpc.java:265)
	at org.apache.ratis.grpc.server.GrpcServerProtocolClient.requestVote(GrpcServerProtocolClient.java:99)
	at org.apache.ratis.grpc.server.GrpcService.requestVote(GrpcService.java:204)
	at org.apache.ratis.server.impl.LeaderElection.lambda$submitRequests$1(LeaderElection.java:234)
	at java.util.concurrent.FutureTask.run(FutureTask.java:266)
	at java.util.concurrent.Executors$RunnableAdapter.call(Executors.java:511)
	at java.util.concurrent.FutureTask.run(FutureTask.java:266)
	at java.util.concurrent.ThreadPoolExecutor.runWorker(ThreadPoolExecutor.java:1149)
	at java.util.concurrent.ThreadPoolExecutor$Worker.run(ThreadPoolExecutor.java:624)
	... 1 more
Caused by: org.apache.ratis.thirdparty.io.netty.channel.AbstractChannel$AnnotatedConnectException: Connection refused: /192.168.157.203:33208
	at sun.nio.ch.SocketChannelImpl.checkConnect(Native Method)
	at sun.nio.ch.SocketChannelImpl.finishConnect(SocketChannelImpl.java:717)
	at org.apache.ratis.thirdparty.io.netty.channel.socket.nio.NioSocketChannel.doFinishConnect(NioSocketChannel.java:327)
	at org.apache.ratis.thirdparty.io.netty.channel.nio.AbstractNioChannel$AbstractNioUnsafe.finishConnect(AbstractNioChannel.java:340)
	at org.apache.ratis.thirdparty.io.netty.channel.nio.NioEventLoop.processSelectedKey(NioEventLoop.java:632)
	at org.apache.ratis.thirdparty.io.netty.channel.nio.NioEventLoop.processSelectedKeysOptimized(NioEventLoop.java:579)
	at org.apache.ratis.thirdparty.io.netty.channel.nio.NioEventLoop.processSelectedKeys(NioEventLoop.java:496)
	at org.apache.ratis.thirdparty.io.netty.channel.nio.NioEventLoop.run(NioEventLoop.java:458)
	at org.apache.ratis.thirdparty.io.netty.util.concurrent.SingleThreadEventExecutor$5.run(SingleThreadEventExecutor.java:897)
	at org.apache.ratis.thirdparty.io.netty.util.concurrent.FastThreadLocalRunnable.run(FastThreadLocalRunnable.java:30)
	... 1 more
Caused by: java.net.ConnectException: Connection refused
	... 11 more
2019-10-16 11:36:14,098 [grpc-default-executor-5] INFO  impl.RaftServerImpl (RaftServerImpl.java:setRole(184)) - 70b633f6-b230-4b9f-87f3-510da88f1e08@group-2077DD483DC7: changes role from  FOLLOWER to FOLLOWER at term 273 for recognizeCandidate:a3132885-145f-4a8c-85f4-c10eb874732d
2019-10-16 11:36:14,098 [grpc-default-executor-5] INFO  impl.RoleInfo (RoleInfo.java:shutdownFollowerState(121)) - 70b633f6-b230-4b9f-87f3-510da88f1e08: shutdown FollowerState
2019-10-16 11:36:14,099 [grpc-default-executor-5] INFO  impl.RoleInfo (RoleInfo.java:updateAndGet(143)) - 70b633f6-b230-4b9f-87f3-510da88f1e08: start FollowerState
2019-10-16 11:36:14,099 [Thread-3413] INFO  impl.FollowerState (FollowerState.java:run(117)) - 70b633f6-b230-4b9f-87f3-510da88f1e08@group-2077DD483DC7-FollowerState was interrupted: java.lang.InterruptedException: sleep interrupted
2019-10-16 11:36:14,112 [a3132885-145f-4a8c-85f4-c10eb874732d@group-2077DD483DC7-LeaderElection449] INFO  impl.LeaderElection (LeaderElection.java:logAndReturn(56)) - a3132885-145f-4a8c-85f4-c10eb874732d@group-2077DD483DC7-LeaderElection449: Election REJECTED; received 1 response(s) [a3132885-145f-4a8c-85f4-c10eb874732d<-70b633f6-b230-4b9f-87f3-510da88f1e08#0:FAIL-t273] and 1 exception(s); a3132885-145f-4a8c-85f4-c10eb874732d@group-2077DD483DC7:t273, leader=null, voted=a3132885-145f-4a8c-85f4-c10eb874732d, raftlog=a3132885-145f-4a8c-85f4-c10eb874732d@group-2077DD483DC7-SegmentedRaftLog:OPENED:c-1,f-1,i0, conf=-1: [163587bb-2c3b-4498-b576-18147cf38274:192.168.157.203:33208, a3132885-145f-4a8c-85f4-c10eb874732d:192.168.157.203:46766, 70b633f6-b230-4b9f-87f3-510da88f1e08:192.168.157.203:43163], old=null
2019-10-16 11:36:14,112 [a3132885-145f-4a8c-85f4-c10eb874732d@group-2077DD483DC7-LeaderElection449] INFO  impl.LeaderElection (LogUtils.java:infoOrTrace(149)) -   Exception 0: {}
java.util.concurrent.ExecutionException: org.apache.ratis.thirdparty.io.grpc.StatusRuntimeException: UNAVAILABLE: io exception
	at java.util.concurrent.FutureTask.report(FutureTask.java:122)
	at java.util.concurrent.FutureTask.get(FutureTask.java:192)
	at org.apache.ratis.server.impl.LeaderElection.waitForResults(LeaderElection.java:259)
	at org.apache.ratis.server.impl.LeaderElection.askForVotes(LeaderElection.java:197)
	at org.apache.ratis.server.impl.LeaderElection.run(LeaderElection.java:133)
	at java.lang.Thread.run(Thread.java:748)
Caused by: org.apache.ratis.thirdparty.io.grpc.StatusRuntimeException: UNAVAILABLE: io exception
	at org.apache.ratis.thirdparty.io.grpc.stub.ClientCalls.toStatusRuntimeException(ClientCalls.java:233)
	at org.apache.ratis.thirdparty.io.grpc.stub.ClientCalls.getUnchecked(ClientCalls.java:214)
	at org.apache.ratis.thirdparty.io.grpc.stub.ClientCalls.blockingUnaryCall(ClientCalls.java:139)
	at org.apache.ratis.proto.grpc.RaftServerProtocolServiceGrpc$RaftServerProtocolServiceBlockingStub.requestVote(RaftServerProtocolServiceGrpc.java:265)
	at org.apache.ratis.grpc.server.GrpcServerProtocolClient.requestVote(GrpcServerProtocolClient.java:99)
	at org.apache.ratis.grpc.server.GrpcService.requestVote(GrpcService.java:204)
	at org.apache.ratis.server.impl.LeaderElection.lambda$submitRequests$1(LeaderElection.java:234)
	at java.util.concurrent.FutureTask.run(FutureTask.java:266)
	at java.util.concurrent.Executors$RunnableAdapter.call(Executors.java:511)
	at java.util.concurrent.FutureTask.run(FutureTask.java:266)
	at java.util.concurrent.ThreadPoolExecutor.runWorker(ThreadPoolExecutor.java:1149)
	at java.util.concurrent.ThreadPoolExecutor$Worker.run(ThreadPoolExecutor.java:624)
	... 1 more
Caused by: org.apache.ratis.thirdparty.io.netty.channel.AbstractChannel$AnnotatedConnectException: Connection refused: /192.168.157.203:33208
	at sun.nio.ch.SocketChannelImpl.checkConnect(Native Method)
	at sun.nio.ch.SocketChannelImpl.finishConnect(SocketChannelImpl.java:717)
	at org.apache.ratis.thirdparty.io.netty.channel.socket.nio.NioSocketChannel.doFinishConnect(NioSocketChannel.java:327)
	at org.apache.ratis.thirdparty.io.netty.channel.nio.AbstractNioChannel$AbstractNioUnsafe.finishConnect(AbstractNioChannel.java:340)
	at org.apache.ratis.thirdparty.io.netty.channel.nio.NioEventLoop.processSelectedKey(NioEventLoop.java:632)
	at org.apache.ratis.thirdparty.io.netty.channel.nio.NioEventLoop.processSelectedKeysOptimized(NioEventLoop.java:579)
	at org.apache.ratis.thirdparty.io.netty.channel.nio.NioEventLoop.processSelectedKeys(NioEventLoop.java:496)
	at org.apache.ratis.thirdparty.io.netty.channel.nio.NioEventLoop.run(NioEventLoop.java:458)
	at org.apache.ratis.thirdparty.io.netty.util.concurrent.SingleThreadEventExecutor$5.run(SingleThreadEventExecutor.java:897)
	at org.apache.ratis.thirdparty.io.netty.util.concurrent.FastThreadLocalRunnable.run(FastThreadLocalRunnable.java:30)
	... 1 more
Caused by: java.net.ConnectException: Connection refused
	... 11 more
2019-10-16 11:36:14,113 [a3132885-145f-4a8c-85f4-c10eb874732d@group-2077DD483DC7-LeaderElection449] INFO  impl.RaftServerImpl (RaftServerImpl.java:setRole(184)) - a3132885-145f-4a8c-85f4-c10eb874732d@group-2077DD483DC7: changes role from CANDIDATE to FOLLOWER at term 273 for DISCOVERED_A_NEW_TERM
2019-10-16 11:36:14,113 [a3132885-145f-4a8c-85f4-c10eb874732d@group-2077DD483DC7-LeaderElection449] INFO  impl.RoleInfo (RoleInfo.java:shutdownLeaderElection(134)) - a3132885-145f-4a8c-85f4-c10eb874732d: shutdown LeaderElection
2019-10-16 11:36:14,113 [a3132885-145f-4a8c-85f4-c10eb874732d@group-2077DD483DC7-LeaderElection449] INFO  impl.RoleInfo (RoleInfo.java:updateAndGet(143)) - a3132885-145f-4a8c-85f4-c10eb874732d: start FollowerState
2019-10-16 11:36:14,255 [Thread-3419] INFO  impl.FollowerState (FollowerState.java:run(108)) - a3132885-145f-4a8c-85f4-c10eb874732d@group-2077DD483DC7-FollowerState: change to CANDIDATE, lastRpcTime:142ms, electionTimeout:142ms
2019-10-16 11:36:14,256 [Thread-3419] INFO  impl.RoleInfo (RoleInfo.java:shutdownFollowerState(121)) - a3132885-145f-4a8c-85f4-c10eb874732d: shutdown FollowerState
2019-10-16 11:36:14,256 [Thread-3419] INFO  impl.RaftServerImpl (RaftServerImpl.java:setRole(184)) - a3132885-145f-4a8c-85f4-c10eb874732d@group-2077DD483DC7: changes role from  FOLLOWER to CANDIDATE at term 273 for changeToCandidate
2019-10-16 11:36:14,256 [Thread-3419] INFO  impl.RoleInfo (RoleInfo.java:updateAndGet(143)) - a3132885-145f-4a8c-85f4-c10eb874732d: start LeaderElection
2019-10-16 11:36:14,270 [a3132885-145f-4a8c-85f4-c10eb874732d@group-2077DD483DC7-LeaderElection450] INFO  impl.LeaderElection (LeaderElection.java:askForVotes(178)) - a3132885-145f-4a8c-85f4-c10eb874732d@group-2077DD483DC7-LeaderElection450: begin an election at term 274 for -1: [163587bb-2c3b-4498-b576-18147cf38274:192.168.157.203:33208, a3132885-145f-4a8c-85f4-c10eb874732d:192.168.157.203:46766, 70b633f6-b230-4b9f-87f3-510da88f1e08:192.168.157.203:43163], old=null
2019-10-16 11:36:14,271 [a3132885-145f-4a8c-85f4-c10eb874732d@group-2077DD483DC7-LeaderElection450] INFO  impl.LeaderElection (LogUtils.java:infoOrTrace(149)) - a3132885-145f-4a8c-85f4-c10eb874732d@group-2077DD483DC7-LeaderElection450 got exception when requesting votes: {}
java.util.concurrent.ExecutionException: org.apache.ratis.thirdparty.io.grpc.StatusRuntimeException: UNAVAILABLE: io exception
	at java.util.concurrent.FutureTask.report(FutureTask.java:122)
	at java.util.concurrent.FutureTask.get(FutureTask.java:192)
	at org.apache.ratis.server.impl.LeaderElection.waitForResults(LeaderElection.java:259)
	at org.apache.ratis.server.impl.LeaderElection.askForVotes(LeaderElection.java:197)
	at org.apache.ratis.server.impl.LeaderElection.run(LeaderElection.java:133)
	at java.lang.Thread.run(Thread.java:748)
Caused by: org.apache.ratis.thirdparty.io.grpc.StatusRuntimeException: UNAVAILABLE: io exception
	at org.apache.ratis.thirdparty.io.grpc.stub.ClientCalls.toStatusRuntimeException(ClientCalls.java:233)
	at org.apache.ratis.thirdparty.io.grpc.stub.ClientCalls.getUnchecked(ClientCalls.java:214)
	at org.apache.ratis.thirdparty.io.grpc.stub.ClientCalls.blockingUnaryCall(ClientCalls.java:139)
	at org.apache.ratis.proto.grpc.RaftServerProtocolServiceGrpc$RaftServerProtocolServiceBlockingStub.requestVote(RaftServerProtocolServiceGrpc.java:265)
	at org.apache.ratis.grpc.server.GrpcServerProtocolClient.requestVote(GrpcServerProtocolClient.java:99)
	at org.apache.ratis.grpc.server.GrpcService.requestVote(GrpcService.java:204)
	at org.apache.ratis.server.impl.LeaderElection.lambda$submitRequests$1(LeaderElection.java:234)
	at java.util.concurrent.FutureTask.run(FutureTask.java:266)
	at java.util.concurrent.Executors$RunnableAdapter.call(Executors.java:511)
	at java.util.concurrent.FutureTask.run(FutureTask.java:266)
	at java.util.concurrent.ThreadPoolExecutor.runWorker(ThreadPoolExecutor.java:1149)
	at java.util.concurrent.ThreadPoolExecutor$Worker.run(ThreadPoolExecutor.java:624)
	... 1 more
Caused by: org.apache.ratis.thirdparty.io.netty.channel.AbstractChannel$AnnotatedConnectException: Connection refused: /192.168.157.203:33208
	at sun.nio.ch.SocketChannelImpl.checkConnect(Native Method)
	at sun.nio.ch.SocketChannelImpl.finishConnect(SocketChannelImpl.java:717)
	at org.apache.ratis.thirdparty.io.netty.channel.socket.nio.NioSocketChannel.doFinishConnect(NioSocketChannel.java:327)
	at org.apache.ratis.thirdparty.io.netty.channel.nio.AbstractNioChannel$AbstractNioUnsafe.finishConnect(AbstractNioChannel.java:340)
	at org.apache.ratis.thirdparty.io.netty.channel.nio.NioEventLoop.processSelectedKey(NioEventLoop.java:632)
	at org.apache.ratis.thirdparty.io.netty.channel.nio.NioEventLoop.processSelectedKeysOptimized(NioEventLoop.java:579)
	at org.apache.ratis.thirdparty.io.netty.channel.nio.NioEventLoop.processSelectedKeys(NioEventLoop.java:496)
	at org.apache.ratis.thirdparty.io.netty.channel.nio.NioEventLoop.run(NioEventLoop.java:458)
	at org.apache.ratis.thirdparty.io.netty.util.concurrent.SingleThreadEventExecutor$5.run(SingleThreadEventExecutor.java:897)
	at org.apache.ratis.thirdparty.io.netty.util.concurrent.FastThreadLocalRunnable.run(FastThreadLocalRunnable.java:30)
	... 1 more
Caused by: java.net.ConnectException: Connection refused
	... 11 more
2019-10-16 11:36:14,274 [grpc-default-executor-5] INFO  impl.RaftServerImpl (RaftServerImpl.java:setRole(184)) - 70b633f6-b230-4b9f-87f3-510da88f1e08@group-2077DD483DC7: changes role from  FOLLOWER to FOLLOWER at term 274 for recognizeCandidate:a3132885-145f-4a8c-85f4-c10eb874732d
2019-10-16 11:36:14,274 [grpc-default-executor-5] INFO  impl.RoleInfo (RoleInfo.java:shutdownFollowerState(121)) - 70b633f6-b230-4b9f-87f3-510da88f1e08: shutdown FollowerState
2019-10-16 11:36:14,274 [grpc-default-executor-5] INFO  impl.RoleInfo (RoleInfo.java:updateAndGet(143)) - 70b633f6-b230-4b9f-87f3-510da88f1e08: start FollowerState
2019-10-16 11:36:14,274 [Thread-3418] INFO  impl.FollowerState (FollowerState.java:run(117)) - 70b633f6-b230-4b9f-87f3-510da88f1e08@group-2077DD483DC7-FollowerState was interrupted: java.lang.InterruptedException: sleep interrupted
2019-10-16 11:36:14,288 [a3132885-145f-4a8c-85f4-c10eb874732d@group-2077DD483DC7-LeaderElection450] INFO  impl.LeaderElection (LeaderElection.java:logAndReturn(56)) - a3132885-145f-4a8c-85f4-c10eb874732d@group-2077DD483DC7-LeaderElection450: Election REJECTED; received 1 response(s) [a3132885-145f-4a8c-85f4-c10eb874732d<-70b633f6-b230-4b9f-87f3-510da88f1e08#0:FAIL-t274] and 1 exception(s); a3132885-145f-4a8c-85f4-c10eb874732d@group-2077DD483DC7:t274, leader=null, voted=a3132885-145f-4a8c-85f4-c10eb874732d, raftlog=a3132885-145f-4a8c-85f4-c10eb874732d@group-2077DD483DC7-SegmentedRaftLog:OPENED:c-1,f-1,i0, conf=-1: [163587bb-2c3b-4498-b576-18147cf38274:192.168.157.203:33208, a3132885-145f-4a8c-85f4-c10eb874732d:192.168.157.203:46766, 70b633f6-b230-4b9f-87f3-510da88f1e08:192.168.157.203:43163], old=null
2019-10-16 11:36:14,288 [a3132885-145f-4a8c-85f4-c10eb874732d@group-2077DD483DC7-LeaderElection450] INFO  impl.LeaderElection (LogUtils.java:infoOrTrace(149)) -   Exception 0: {}
java.util.concurrent.ExecutionException: org.apache.ratis.thirdparty.io.grpc.StatusRuntimeException: UNAVAILABLE: io exception
	at java.util.concurrent.FutureTask.report(FutureTask.java:122)
	at java.util.concurrent.FutureTask.get(FutureTask.java:192)
	at org.apache.ratis.server.impl.LeaderElection.waitForResults(LeaderElection.java:259)
	at org.apache.ratis.server.impl.LeaderElection.askForVotes(LeaderElection.java:197)
	at org.apache.ratis.server.impl.LeaderElection.run(LeaderElection.java:133)
	at java.lang.Thread.run(Thread.java:748)
Caused by: org.apache.ratis.thirdparty.io.grpc.StatusRuntimeException: UNAVAILABLE: io exception
	at org.apache.ratis.thirdparty.io.grpc.stub.ClientCalls.toStatusRuntimeException(ClientCalls.java:233)
	at org.apache.ratis.thirdparty.io.grpc.stub.ClientCalls.getUnchecked(ClientCalls.java:214)
	at org.apache.ratis.thirdparty.io.grpc.stub.ClientCalls.blockingUnaryCall(ClientCalls.java:139)
	at org.apache.ratis.proto.grpc.RaftServerProtocolServiceGrpc$RaftServerProtocolServiceBlockingStub.requestVote(RaftServerProtocolServiceGrpc.java:265)
	at org.apache.ratis.grpc.server.GrpcServerProtocolClient.requestVote(GrpcServerProtocolClient.java:99)
	at org.apache.ratis.grpc.server.GrpcService.requestVote(GrpcService.java:204)
	at org.apache.ratis.server.impl.LeaderElection.lambda$submitRequests$1(LeaderElection.java:234)
	at java.util.concurrent.FutureTask.run(FutureTask.java:266)
	at java.util.concurrent.Executors$RunnableAdapter.call(Executors.java:511)
	at java.util.concurrent.FutureTask.run(FutureTask.java:266)
	at java.util.concurrent.ThreadPoolExecutor.runWorker(ThreadPoolExecutor.java:1149)
	at java.util.concurrent.ThreadPoolExecutor$Worker.run(ThreadPoolExecutor.java:624)
	... 1 more
Caused by: org.apache.ratis.thirdparty.io.netty.channel.AbstractChannel$AnnotatedConnectException: Connection refused: /192.168.157.203:33208
	at sun.nio.ch.SocketChannelImpl.checkConnect(Native Method)
	at sun.nio.ch.SocketChannelImpl.finishConnect(SocketChannelImpl.java:717)
	at org.apache.ratis.thirdparty.io.netty.channel.socket.nio.NioSocketChannel.doFinishConnect(NioSocketChannel.java:327)
	at org.apache.ratis.thirdparty.io.netty.channel.nio.AbstractNioChannel$AbstractNioUnsafe.finishConnect(AbstractNioChannel.java:340)
	at org.apache.ratis.thirdparty.io.netty.channel.nio.NioEventLoop.processSelectedKey(NioEventLoop.java:632)
	at org.apache.ratis.thirdparty.io.netty.channel.nio.NioEventLoop.processSelectedKeysOptimized(NioEventLoop.java:579)
	at org.apache.ratis.thirdparty.io.netty.channel.nio.NioEventLoop.processSelectedKeys(NioEventLoop.java:496)
	at org.apache.ratis.thirdparty.io.netty.channel.nio.NioEventLoop.run(NioEventLoop.java:458)
	at org.apache.ratis.thirdparty.io.netty.util.concurrent.SingleThreadEventExecutor$5.run(SingleThreadEventExecutor.java:897)
	at org.apache.ratis.thirdparty.io.netty.util.concurrent.FastThreadLocalRunnable.run(FastThreadLocalRunnable.java:30)
	... 1 more
Caused by: java.net.ConnectException: Connection refused
	... 11 more
2019-10-16 11:36:14,289 [a3132885-145f-4a8c-85f4-c10eb874732d@group-2077DD483DC7-LeaderElection450] INFO  impl.RaftServerImpl (RaftServerImpl.java:setRole(184)) - a3132885-145f-4a8c-85f4-c10eb874732d@group-2077DD483DC7: changes role from CANDIDATE to FOLLOWER at term 274 for DISCOVERED_A_NEW_TERM
2019-10-16 11:36:14,289 [a3132885-145f-4a8c-85f4-c10eb874732d@group-2077DD483DC7-LeaderElection450] INFO  impl.RoleInfo (RoleInfo.java:shutdownLeaderElection(134)) - a3132885-145f-4a8c-85f4-c10eb874732d: shutdown LeaderElection
2019-10-16 11:36:14,289 [a3132885-145f-4a8c-85f4-c10eb874732d@group-2077DD483DC7-LeaderElection450] INFO  impl.RoleInfo (RoleInfo.java:updateAndGet(143)) - a3132885-145f-4a8c-85f4-c10eb874732d: start FollowerState
2019-10-16 11:36:14,333 [Thread-3424] INFO  impl.FollowerState (FollowerState.java:run(108)) - a3132885-145f-4a8c-85f4-c10eb874732d@group-2077DD483DC7-FollowerState: change to CANDIDATE, lastRpcTime:43ms, electionTimeout:43ms
2019-10-16 11:36:14,333 [Thread-3424] INFO  impl.RoleInfo (RoleInfo.java:shutdownFollowerState(121)) - a3132885-145f-4a8c-85f4-c10eb874732d: shutdown FollowerState
2019-10-16 11:36:14,333 [Thread-3424] INFO  impl.RaftServerImpl (RaftServerImpl.java:setRole(184)) - a3132885-145f-4a8c-85f4-c10eb874732d@group-2077DD483DC7: changes role from  FOLLOWER to CANDIDATE at term 274 for changeToCandidate
2019-10-16 11:36:14,333 [Thread-3424] INFO  impl.RoleInfo (RoleInfo.java:updateAndGet(143)) - a3132885-145f-4a8c-85f4-c10eb874732d: start LeaderElection
2019-10-16 11:36:14,347 [a3132885-145f-4a8c-85f4-c10eb874732d@group-2077DD483DC7-LeaderElection451] INFO  impl.LeaderElection (LeaderElection.java:askForVotes(178)) - a3132885-145f-4a8c-85f4-c10eb874732d@group-2077DD483DC7-LeaderElection451: begin an election at term 275 for -1: [163587bb-2c3b-4498-b576-18147cf38274:192.168.157.203:33208, a3132885-145f-4a8c-85f4-c10eb874732d:192.168.157.203:46766, 70b633f6-b230-4b9f-87f3-510da88f1e08:192.168.157.203:43163], old=null
2019-10-16 11:36:14,348 [a3132885-145f-4a8c-85f4-c10eb874732d@group-2077DD483DC7-LeaderElection451] INFO  impl.LeaderElection (LogUtils.java:infoOrTrace(149)) - a3132885-145f-4a8c-85f4-c10eb874732d@group-2077DD483DC7-LeaderElection451 got exception when requesting votes: {}
java.util.concurrent.ExecutionException: org.apache.ratis.thirdparty.io.grpc.StatusRuntimeException: UNAVAILABLE: io exception
	at java.util.concurrent.FutureTask.report(FutureTask.java:122)
	at java.util.concurrent.FutureTask.get(FutureTask.java:192)
	at org.apache.ratis.server.impl.LeaderElection.waitForResults(LeaderElection.java:259)
	at org.apache.ratis.server.impl.LeaderElection.askForVotes(LeaderElection.java:197)
	at org.apache.ratis.server.impl.LeaderElection.run(LeaderElection.java:133)
	at java.lang.Thread.run(Thread.java:748)
Caused by: org.apache.ratis.thirdparty.io.grpc.StatusRuntimeException: UNAVAILABLE: io exception
	at org.apache.ratis.thirdparty.io.grpc.stub.ClientCalls.toStatusRuntimeException(ClientCalls.java:233)
	at org.apache.ratis.thirdparty.io.grpc.stub.ClientCalls.getUnchecked(ClientCalls.java:214)
	at org.apache.ratis.thirdparty.io.grpc.stub.ClientCalls.blockingUnaryCall(ClientCalls.java:139)
	at org.apache.ratis.proto.grpc.RaftServerProtocolServiceGrpc$RaftServerProtocolServiceBlockingStub.requestVote(RaftServerProtocolServiceGrpc.java:265)
	at org.apache.ratis.grpc.server.GrpcServerProtocolClient.requestVote(GrpcServerProtocolClient.java:99)
	at org.apache.ratis.grpc.server.GrpcService.requestVote(GrpcService.java:204)
	at org.apache.ratis.server.impl.LeaderElection.lambda$submitRequests$1(LeaderElection.java:234)
	at java.util.concurrent.FutureTask.run(FutureTask.java:266)
	at java.util.concurrent.Executors$RunnableAdapter.call(Executors.java:511)
	at java.util.concurrent.FutureTask.run(FutureTask.java:266)
	at java.util.concurrent.ThreadPoolExecutor.runWorker(ThreadPoolExecutor.java:1149)
	at java.util.concurrent.ThreadPoolExecutor$Worker.run(ThreadPoolExecutor.java:624)
	... 1 more
Caused by: org.apache.ratis.thirdparty.io.netty.channel.AbstractChannel$AnnotatedConnectException: Connection refused: /192.168.157.203:33208
	at sun.nio.ch.SocketChannelImpl.checkConnect(Native Method)
	at sun.nio.ch.SocketChannelImpl.finishConnect(SocketChannelImpl.java:717)
	at org.apache.ratis.thirdparty.io.netty.channel.socket.nio.NioSocketChannel.doFinishConnect(NioSocketChannel.java:327)
	at org.apache.ratis.thirdparty.io.netty.channel.nio.AbstractNioChannel$AbstractNioUnsafe.finishConnect(AbstractNioChannel.java:340)
	at org.apache.ratis.thirdparty.io.netty.channel.nio.NioEventLoop.processSelectedKey(NioEventLoop.java:632)
	at org.apache.ratis.thirdparty.io.netty.channel.nio.NioEventLoop.processSelectedKeysOptimized(NioEventLoop.java:579)
	at org.apache.ratis.thirdparty.io.netty.channel.nio.NioEventLoop.processSelectedKeys(NioEventLoop.java:496)
	at org.apache.ratis.thirdparty.io.netty.channel.nio.NioEventLoop.run(NioEventLoop.java:458)
	at org.apache.ratis.thirdparty.io.netty.util.concurrent.SingleThreadEventExecutor$5.run(SingleThreadEventExecutor.java:897)
	at org.apache.ratis.thirdparty.io.netty.util.concurrent.FastThreadLocalRunnable.run(FastThreadLocalRunnable.java:30)
	... 1 more
Caused by: java.net.ConnectException: Connection refused
	... 11 more
2019-10-16 11:36:14,351 [grpc-default-executor-5] INFO  impl.RaftServerImpl (RaftServerImpl.java:setRole(184)) - 70b633f6-b230-4b9f-87f3-510da88f1e08@group-2077DD483DC7: changes role from  FOLLOWER to FOLLOWER at term 275 for recognizeCandidate:a3132885-145f-4a8c-85f4-c10eb874732d
2019-10-16 11:36:14,351 [grpc-default-executor-5] INFO  impl.RoleInfo (RoleInfo.java:shutdownFollowerState(121)) - 70b633f6-b230-4b9f-87f3-510da88f1e08: shutdown FollowerState
2019-10-16 11:36:14,351 [grpc-default-executor-5] INFO  impl.RoleInfo (RoleInfo.java:updateAndGet(143)) - 70b633f6-b230-4b9f-87f3-510da88f1e08: start FollowerState
2019-10-16 11:36:14,351 [Thread-3423] INFO  impl.FollowerState (FollowerState.java:run(117)) - 70b633f6-b230-4b9f-87f3-510da88f1e08@group-2077DD483DC7-FollowerState was interrupted: java.lang.InterruptedException: sleep interrupted
2019-10-16 11:36:14,365 [a3132885-145f-4a8c-85f4-c10eb874732d@group-2077DD483DC7-LeaderElection451] INFO  impl.LeaderElection (LeaderElection.java:logAndReturn(56)) - a3132885-145f-4a8c-85f4-c10eb874732d@group-2077DD483DC7-LeaderElection451: Election REJECTED; received 1 response(s) [a3132885-145f-4a8c-85f4-c10eb874732d<-70b633f6-b230-4b9f-87f3-510da88f1e08#0:FAIL-t275] and 1 exception(s); a3132885-145f-4a8c-85f4-c10eb874732d@group-2077DD483DC7:t275, leader=null, voted=a3132885-145f-4a8c-85f4-c10eb874732d, raftlog=a3132885-145f-4a8c-85f4-c10eb874732d@group-2077DD483DC7-SegmentedRaftLog:OPENED:c-1,f-1,i0, conf=-1: [163587bb-2c3b-4498-b576-18147cf38274:192.168.157.203:33208, a3132885-145f-4a8c-85f4-c10eb874732d:192.168.157.203:46766, 70b633f6-b230-4b9f-87f3-510da88f1e08:192.168.157.203:43163], old=null
2019-10-16 11:36:14,365 [a3132885-145f-4a8c-85f4-c10eb874732d@group-2077DD483DC7-LeaderElection451] INFO  impl.LeaderElection (LogUtils.java:infoOrTrace(149)) -   Exception 0: {}
java.util.concurrent.ExecutionException: org.apache.ratis.thirdparty.io.grpc.StatusRuntimeException: UNAVAILABLE: io exception
	at java.util.concurrent.FutureTask.report(FutureTask.java:122)
	at java.util.concurrent.FutureTask.get(FutureTask.java:192)
	at org.apache.ratis.server.impl.LeaderElection.waitForResults(LeaderElection.java:259)
	at org.apache.ratis.server.impl.LeaderElection.askForVotes(LeaderElection.java:197)
	at org.apache.ratis.server.impl.LeaderElection.run(LeaderElection.java:133)
	at java.lang.Thread.run(Thread.java:748)
Caused by: org.apache.ratis.thirdparty.io.grpc.StatusRuntimeException: UNAVAILABLE: io exception
	at org.apache.ratis.thirdparty.io.grpc.stub.ClientCalls.toStatusRuntimeException(ClientCalls.java:233)
	at org.apache.ratis.thirdparty.io.grpc.stub.ClientCalls.getUnchecked(ClientCalls.java:214)
	at org.apache.ratis.thirdparty.io.grpc.stub.ClientCalls.blockingUnaryCall(ClientCalls.java:139)
	at org.apache.ratis.proto.grpc.RaftServerProtocolServiceGrpc$RaftServerProtocolServiceBlockingStub.requestVote(RaftServerProtocolServiceGrpc.java:265)
	at org.apache.ratis.grpc.server.GrpcServerProtocolClient.requestVote(GrpcServerProtocolClient.java:99)
	at org.apache.ratis.grpc.server.GrpcService.requestVote(GrpcService.java:204)
	at org.apache.ratis.server.impl.LeaderElection.lambda$submitRequests$1(LeaderElection.java:234)
	at java.util.concurrent.FutureTask.run(FutureTask.java:266)
	at java.util.concurrent.Executors$RunnableAdapter.call(Executors.java:511)
	at java.util.concurrent.FutureTask.run(FutureTask.java:266)
	at java.util.concurrent.ThreadPoolExecutor.runWorker(ThreadPoolExecutor.java:1149)
	at java.util.concurrent.ThreadPoolExecutor$Worker.run(ThreadPoolExecutor.java:624)
	... 1 more
Caused by: org.apache.ratis.thirdparty.io.netty.channel.AbstractChannel$AnnotatedConnectException: Connection refused: /192.168.157.203:33208
	at sun.nio.ch.SocketChannelImpl.checkConnect(Native Method)
	at sun.nio.ch.SocketChannelImpl.finishConnect(SocketChannelImpl.java:717)
	at org.apache.ratis.thirdparty.io.netty.channel.socket.nio.NioSocketChannel.doFinishConnect(NioSocketChannel.java:327)
	at org.apache.ratis.thirdparty.io.netty.channel.nio.AbstractNioChannel$AbstractNioUnsafe.finishConnect(AbstractNioChannel.java:340)
	at org.apache.ratis.thirdparty.io.netty.channel.nio.NioEventLoop.processSelectedKey(NioEventLoop.java:632)
	at org.apache.ratis.thirdparty.io.netty.channel.nio.NioEventLoop.processSelectedKeysOptimized(NioEventLoop.java:579)
	at org.apache.ratis.thirdparty.io.netty.channel.nio.NioEventLoop.processSelectedKeys(NioEventLoop.java:496)
	at org.apache.ratis.thirdparty.io.netty.channel.nio.NioEventLoop.run(NioEventLoop.java:458)
	at org.apache.ratis.thirdparty.io.netty.util.concurrent.SingleThreadEventExecutor$5.run(SingleThreadEventExecutor.java:897)
	at org.apache.ratis.thirdparty.io.netty.util.concurrent.FastThreadLocalRunnable.run(FastThreadLocalRunnable.java:30)
	... 1 more
Caused by: java.net.ConnectException: Connection refused
	... 11 more
2019-10-16 11:36:14,366 [a3132885-145f-4a8c-85f4-c10eb874732d@group-2077DD483DC7-LeaderElection451] INFO  impl.RaftServerImpl (RaftServerImpl.java:setRole(184)) - a3132885-145f-4a8c-85f4-c10eb874732d@group-2077DD483DC7: changes role from CANDIDATE to FOLLOWER at term 275 for DISCOVERED_A_NEW_TERM
2019-10-16 11:36:14,366 [a3132885-145f-4a8c-85f4-c10eb874732d@group-2077DD483DC7-LeaderElection451] INFO  impl.RoleInfo (RoleInfo.java:shutdownLeaderElection(134)) - a3132885-145f-4a8c-85f4-c10eb874732d: shutdown LeaderElection
2019-10-16 11:36:14,366 [a3132885-145f-4a8c-85f4-c10eb874732d@group-2077DD483DC7-LeaderElection451] INFO  impl.RoleInfo (RoleInfo.java:updateAndGet(143)) - a3132885-145f-4a8c-85f4-c10eb874732d: start FollowerState
2019-10-16 11:36:14,401 [Thread-3429] INFO  impl.FollowerState (FollowerState.java:run(108)) - a3132885-145f-4a8c-85f4-c10eb874732d@group-2077DD483DC7-FollowerState: change to CANDIDATE, lastRpcTime:35ms, electionTimeout:35ms
2019-10-16 11:36:14,401 [Thread-3429] INFO  impl.RoleInfo (RoleInfo.java:shutdownFollowerState(121)) - a3132885-145f-4a8c-85f4-c10eb874732d: shutdown FollowerState
2019-10-16 11:36:14,401 [Thread-3429] INFO  impl.RaftServerImpl (RaftServerImpl.java:setRole(184)) - a3132885-145f-4a8c-85f4-c10eb874732d@group-2077DD483DC7: changes role from  FOLLOWER to CANDIDATE at term 275 for changeToCandidate
2019-10-16 11:36:14,402 [Thread-3429] INFO  impl.RoleInfo (RoleInfo.java:updateAndGet(143)) - a3132885-145f-4a8c-85f4-c10eb874732d: start LeaderElection
2019-10-16 11:36:14,415 [a3132885-145f-4a8c-85f4-c10eb874732d@group-2077DD483DC7-LeaderElection452] INFO  impl.LeaderElection (LeaderElection.java:askForVotes(178)) - a3132885-145f-4a8c-85f4-c10eb874732d@group-2077DD483DC7-LeaderElection452: begin an election at term 276 for -1: [163587bb-2c3b-4498-b576-18147cf38274:192.168.157.203:33208, a3132885-145f-4a8c-85f4-c10eb874732d:192.168.157.203:46766, 70b633f6-b230-4b9f-87f3-510da88f1e08:192.168.157.203:43163], old=null
2019-10-16 11:36:14,416 [a3132885-145f-4a8c-85f4-c10eb874732d@group-2077DD483DC7-LeaderElection452] INFO  impl.LeaderElection (LogUtils.java:infoOrTrace(149)) - a3132885-145f-4a8c-85f4-c10eb874732d@group-2077DD483DC7-LeaderElection452 got exception when requesting votes: {}
java.util.concurrent.ExecutionException: org.apache.ratis.thirdparty.io.grpc.StatusRuntimeException: UNAVAILABLE: io exception
	at java.util.concurrent.FutureTask.report(FutureTask.java:122)
	at java.util.concurrent.FutureTask.get(FutureTask.java:192)
	at org.apache.ratis.server.impl.LeaderElection.waitForResults(LeaderElection.java:259)
	at org.apache.ratis.server.impl.LeaderElection.askForVotes(LeaderElection.java:197)
	at org.apache.ratis.server.impl.LeaderElection.run(LeaderElection.java:133)
	at java.lang.Thread.run(Thread.java:748)
Caused by: org.apache.ratis.thirdparty.io.grpc.StatusRuntimeException: UNAVAILABLE: io exception
	at org.apache.ratis.thirdparty.io.grpc.stub.ClientCalls.toStatusRuntimeException(ClientCalls.java:233)
	at org.apache.ratis.thirdparty.io.grpc.stub.ClientCalls.getUnchecked(ClientCalls.java:214)
	at org.apache.ratis.thirdparty.io.grpc.stub.ClientCalls.blockingUnaryCall(ClientCalls.java:139)
	at org.apache.ratis.proto.grpc.RaftServerProtocolServiceGrpc$RaftServerProtocolServiceBlockingStub.requestVote(RaftServerProtocolServiceGrpc.java:265)
	at org.apache.ratis.grpc.server.GrpcServerProtocolClient.requestVote(GrpcServerProtocolClient.java:99)
	at org.apache.ratis.grpc.server.GrpcService.requestVote(GrpcService.java:204)
	at org.apache.ratis.server.impl.LeaderElection.lambda$submitRequests$1(LeaderElection.java:234)
	at java.util.concurrent.FutureTask.run(FutureTask.java:266)
	at java.util.concurrent.Executors$RunnableAdapter.call(Executors.java:511)
	at java.util.concurrent.FutureTask.run(FutureTask.java:266)
	at java.util.concurrent.ThreadPoolExecutor.runWorker(ThreadPoolExecutor.java:1149)
	at java.util.concurrent.ThreadPoolExecutor$Worker.run(ThreadPoolExecutor.java:624)
	... 1 more
Caused by: org.apache.ratis.thirdparty.io.netty.channel.AbstractChannel$AnnotatedConnectException: Connection refused: /192.168.157.203:33208
	at sun.nio.ch.SocketChannelImpl.checkConnect(Native Method)
	at sun.nio.ch.SocketChannelImpl.finishConnect(SocketChannelImpl.java:717)
	at org.apache.ratis.thirdparty.io.netty.channel.socket.nio.NioSocketChannel.doFinishConnect(NioSocketChannel.java:327)
	at org.apache.ratis.thirdparty.io.netty.channel.nio.AbstractNioChannel$AbstractNioUnsafe.finishConnect(AbstractNioChannel.java:340)
	at org.apache.ratis.thirdparty.io.netty.channel.nio.NioEventLoop.processSelectedKey(NioEventLoop.java:632)
	at org.apache.ratis.thirdparty.io.netty.channel.nio.NioEventLoop.processSelectedKeysOptimized(NioEventLoop.java:579)
	at org.apache.ratis.thirdparty.io.netty.channel.nio.NioEventLoop.processSelectedKeys(NioEventLoop.java:496)
	at org.apache.ratis.thirdparty.io.netty.channel.nio.NioEventLoop.run(NioEventLoop.java:458)
	at org.apache.ratis.thirdparty.io.netty.util.concurrent.SingleThreadEventExecutor$5.run(SingleThreadEventExecutor.java:897)
	at org.apache.ratis.thirdparty.io.netty.util.concurrent.FastThreadLocalRunnable.run(FastThreadLocalRunnable.java:30)
	... 1 more
Caused by: java.net.ConnectException: Connection refused
	... 11 more
2019-10-16 11:36:14,418 [grpc-default-executor-5] INFO  impl.RaftServerImpl (RaftServerImpl.java:setRole(184)) - 70b633f6-b230-4b9f-87f3-510da88f1e08@group-2077DD483DC7: changes role from  FOLLOWER to FOLLOWER at term 276 for recognizeCandidate:a3132885-145f-4a8c-85f4-c10eb874732d
2019-10-16 11:36:14,419 [grpc-default-executor-5] INFO  impl.RoleInfo (RoleInfo.java:shutdownFollowerState(121)) - 70b633f6-b230-4b9f-87f3-510da88f1e08: shutdown FollowerState
2019-10-16 11:36:14,419 [grpc-default-executor-5] INFO  impl.RoleInfo (RoleInfo.java:updateAndGet(143)) - 70b633f6-b230-4b9f-87f3-510da88f1e08: start FollowerState
2019-10-16 11:36:14,419 [Thread-3428] INFO  impl.FollowerState (FollowerState.java:run(117)) - 70b633f6-b230-4b9f-87f3-510da88f1e08@group-2077DD483DC7-FollowerState was interrupted: java.lang.InterruptedException: sleep interrupted
2019-10-16 11:36:14,458 [a3132885-145f-4a8c-85f4-c10eb874732d@group-2077DD483DC7-LeaderElection452] INFO  impl.LeaderElection (LeaderElection.java:logAndReturn(56)) - a3132885-145f-4a8c-85f4-c10eb874732d@group-2077DD483DC7-LeaderElection452: Election REJECTED; received 1 response(s) [a3132885-145f-4a8c-85f4-c10eb874732d<-70b633f6-b230-4b9f-87f3-510da88f1e08#0:FAIL-t276] and 1 exception(s); a3132885-145f-4a8c-85f4-c10eb874732d@group-2077DD483DC7:t276, leader=null, voted=a3132885-145f-4a8c-85f4-c10eb874732d, raftlog=a3132885-145f-4a8c-85f4-c10eb874732d@group-2077DD483DC7-SegmentedRaftLog:OPENED:c-1,f-1,i0, conf=-1: [163587bb-2c3b-4498-b576-18147cf38274:192.168.157.203:33208, a3132885-145f-4a8c-85f4-c10eb874732d:192.168.157.203:46766, 70b633f6-b230-4b9f-87f3-510da88f1e08:192.168.157.203:43163], old=null
2019-10-16 11:36:14,459 [a3132885-145f-4a8c-85f4-c10eb874732d@group-2077DD483DC7-LeaderElection452] INFO  impl.LeaderElection (LogUtils.java:infoOrTrace(149)) -   Exception 0: {}
java.util.concurrent.ExecutionException: org.apache.ratis.thirdparty.io.grpc.StatusRuntimeException: UNAVAILABLE: io exception
	at java.util.concurrent.FutureTask.report(FutureTask.java:122)
	at java.util.concurrent.FutureTask.get(FutureTask.java:192)
	at org.apache.ratis.server.impl.LeaderElection.waitForResults(LeaderElection.java:259)
	at org.apache.ratis.server.impl.LeaderElection.askForVotes(LeaderElection.java:197)
	at org.apache.ratis.server.impl.LeaderElection.run(LeaderElection.java:133)
	at java.lang.Thread.run(Thread.java:748)
Caused by: org.apache.ratis.thirdparty.io.grpc.StatusRuntimeException: UNAVAILABLE: io exception
	at org.apache.ratis.thirdparty.io.grpc.stub.ClientCalls.toStatusRuntimeException(ClientCalls.java:233)
	at org.apache.ratis.thirdparty.io.grpc.stub.ClientCalls.getUnchecked(ClientCalls.java:214)
	at org.apache.ratis.thirdparty.io.grpc.stub.ClientCalls.blockingUnaryCall(ClientCalls.java:139)
	at org.apache.ratis.proto.grpc.RaftServerProtocolServiceGrpc$RaftServerProtocolServiceBlockingStub.requestVote(RaftServerProtocolServiceGrpc.java:265)
	at org.apache.ratis.grpc.server.GrpcServerProtocolClient.requestVote(GrpcServerProtocolClient.java:99)
	at org.apache.ratis.grpc.server.GrpcService.requestVote(GrpcService.java:204)
	at org.apache.ratis.server.impl.LeaderElection.lambda$submitRequests$1(LeaderElection.java:234)
	at java.util.concurrent.FutureTask.run(FutureTask.java:266)
	at java.util.concurrent.Executors$RunnableAdapter.call(Executors.java:511)
	at java.util.concurrent.FutureTask.run(FutureTask.java:266)
	at java.util.concurrent.ThreadPoolExecutor.runWorker(ThreadPoolExecutor.java:1149)
	at java.util.concurrent.ThreadPoolExecutor$Worker.run(ThreadPoolExecutor.java:624)
	... 1 more
Caused by: org.apache.ratis.thirdparty.io.netty.channel.AbstractChannel$AnnotatedConnectException: Connection refused: /192.168.157.203:33208
	at sun.nio.ch.SocketChannelImpl.checkConnect(Native Method)
	at sun.nio.ch.SocketChannelImpl.finishConnect(SocketChannelImpl.java:717)
	at org.apache.ratis.thirdparty.io.netty.channel.socket.nio.NioSocketChannel.doFinishConnect(NioSocketChannel.java:327)
	at org.apache.ratis.thirdparty.io.netty.channel.nio.AbstractNioChannel$AbstractNioUnsafe.finishConnect(AbstractNioChannel.java:340)
	at org.apache.ratis.thirdparty.io.netty.channel.nio.NioEventLoop.processSelectedKey(NioEventLoop.java:632)
	at org.apache.ratis.thirdparty.io.netty.channel.nio.NioEventLoop.processSelectedKeysOptimized(NioEventLoop.java:579)
	at org.apache.ratis.thirdparty.io.netty.channel.nio.NioEventLoop.processSelectedKeys(NioEventLoop.java:496)
	at org.apache.ratis.thirdparty.io.netty.channel.nio.NioEventLoop.run(NioEventLoop.java:458)
	at org.apache.ratis.thirdparty.io.netty.util.concurrent.SingleThreadEventExecutor$5.run(SingleThreadEventExecutor.java:897)
	at org.apache.ratis.thirdparty.io.netty.util.concurrent.FastThreadLocalRunnable.run(FastThreadLocalRunnable.java:30)
	... 1 more
Caused by: java.net.ConnectException: Connection refused
	... 11 more
2019-10-16 11:36:14,459 [a3132885-145f-4a8c-85f4-c10eb874732d@group-2077DD483DC7-LeaderElection452] INFO  impl.RaftServerImpl (RaftServerImpl.java:setRole(184)) - a3132885-145f-4a8c-85f4-c10eb874732d@group-2077DD483DC7: changes role from CANDIDATE to FOLLOWER at term 276 for DISCOVERED_A_NEW_TERM
2019-10-16 11:36:14,459 [a3132885-145f-4a8c-85f4-c10eb874732d@group-2077DD483DC7-LeaderElection452] INFO  impl.RoleInfo (RoleInfo.java:shutdownLeaderElection(134)) - a3132885-145f-4a8c-85f4-c10eb874732d: shutdown LeaderElection
2019-10-16 11:36:14,459 [a3132885-145f-4a8c-85f4-c10eb874732d@group-2077DD483DC7-LeaderElection452] INFO  impl.RoleInfo (RoleInfo.java:updateAndGet(143)) - a3132885-145f-4a8c-85f4-c10eb874732d: start FollowerState
2019-10-16 11:36:14,490 [java.util.concurrent.ThreadPoolExecutor$Worker@1a001f89[State = -1, empty queue]] WARN  server.GrpcLogAppender (GrpcLogAppender.java:timeoutAppendRequest(209)) - 5c445d34-c031-481c-9d4b-8fbace1f61b8@group-8BBDE5791A04->857fec05-692a-4d09-bf1c-7d167682feae-GrpcLogAppender: appendEntries Timeout, request=5c445d34-c031-481c-9d4b-8fbace1f61b8->857fec05-692a-4d09-bf1c-7d167682feae#84-t6, previous=(t:6, i:21), leaderCommit=21, initializing? false, entries: <empty>
2019-10-16 11:36:14,642 [Thread-3434] INFO  impl.FollowerState (FollowerState.java:run(108)) - a3132885-145f-4a8c-85f4-c10eb874732d@group-2077DD483DC7-FollowerState: change to CANDIDATE, lastRpcTime:182ms, electionTimeout:182ms
2019-10-16 11:36:14,642 [Thread-3434] INFO  impl.RoleInfo (RoleInfo.java:shutdownFollowerState(121)) - a3132885-145f-4a8c-85f4-c10eb874732d: shutdown FollowerState
2019-10-16 11:36:14,642 [Thread-3434] INFO  impl.RaftServerImpl (RaftServerImpl.java:setRole(184)) - a3132885-145f-4a8c-85f4-c10eb874732d@group-2077DD483DC7: changes role from  FOLLOWER to CANDIDATE at term 276 for changeToCandidate
2019-10-16 11:36:14,642 [Thread-3434] INFO  impl.RoleInfo (RoleInfo.java:updateAndGet(143)) - a3132885-145f-4a8c-85f4-c10eb874732d: start LeaderElection
2019-10-16 11:36:14,656 [a3132885-145f-4a8c-85f4-c10eb874732d@group-2077DD483DC7-LeaderElection453] INFO  impl.LeaderElection (LeaderElection.java:askForVotes(178)) - a3132885-145f-4a8c-85f4-c10eb874732d@group-2077DD483DC7-LeaderElection453: begin an election at term 277 for -1: [163587bb-2c3b-4498-b576-18147cf38274:192.168.157.203:33208, a3132885-145f-4a8c-85f4-c10eb874732d:192.168.157.203:46766, 70b633f6-b230-4b9f-87f3-510da88f1e08:192.168.157.203:43163], old=null
2019-10-16 11:36:14,657 [a3132885-145f-4a8c-85f4-c10eb874732d@group-2077DD483DC7-LeaderElection453] INFO  impl.LeaderElection (LogUtils.java:infoOrTrace(149)) - a3132885-145f-4a8c-85f4-c10eb874732d@group-2077DD483DC7-LeaderElection453 got exception when requesting votes: {}
java.util.concurrent.ExecutionException: org.apache.ratis.thirdparty.io.grpc.StatusRuntimeException: UNAVAILABLE: io exception
	at java.util.concurrent.FutureTask.report(FutureTask.java:122)
	at java.util.concurrent.FutureTask.get(FutureTask.java:192)
	at org.apache.ratis.server.impl.LeaderElection.waitForResults(LeaderElection.java:259)
	at org.apache.ratis.server.impl.LeaderElection.askForVotes(LeaderElection.java:197)
	at org.apache.ratis.server.impl.LeaderElection.run(LeaderElection.java:133)
	at java.lang.Thread.run(Thread.java:748)
Caused by: org.apache.ratis.thirdparty.io.grpc.StatusRuntimeException: UNAVAILABLE: io exception
	at org.apache.ratis.thirdparty.io.grpc.stub.ClientCalls.toStatusRuntimeException(ClientCalls.java:233)
	at org.apache.ratis.thirdparty.io.grpc.stub.ClientCalls.getUnchecked(ClientCalls.java:214)
	at org.apache.ratis.thirdparty.io.grpc.stub.ClientCalls.blockingUnaryCall(ClientCalls.java:139)
	at org.apache.ratis.proto.grpc.RaftServerProtocolServiceGrpc$RaftServerProtocolServiceBlockingStub.requestVote(RaftServerProtocolServiceGrpc.java:265)
	at org.apache.ratis.grpc.server.GrpcServerProtocolClient.requestVote(GrpcServerProtocolClient.java:99)
	at org.apache.ratis.grpc.server.GrpcService.requestVote(GrpcService.java:204)
	at org.apache.ratis.server.impl.LeaderElection.lambda$submitRequests$1(LeaderElection.java:234)
	at java.util.concurrent.FutureTask.run(FutureTask.java:266)
	at java.util.concurrent.Executors$RunnableAdapter.call(Executors.java:511)
	at java.util.concurrent.FutureTask.run(FutureTask.java:266)
	at java.util.concurrent.ThreadPoolExecutor.runWorker(ThreadPoolExecutor.java:1149)
	at java.util.concurrent.ThreadPoolExecutor$Worker.run(ThreadPoolExecutor.java:624)
	... 1 more
Caused by: org.apache.ratis.thirdparty.io.netty.channel.AbstractChannel$AnnotatedConnectException: Connection refused: /192.168.157.203:33208
	at sun.nio.ch.SocketChannelImpl.checkConnect(Native Method)
	at sun.nio.ch.SocketChannelImpl.finishConnect(SocketChannelImpl.java:717)
	at org.apache.ratis.thirdparty.io.netty.channel.socket.nio.NioSocketChannel.doFinishConnect(NioSocketChannel.java:327)
	at org.apache.ratis.thirdparty.io.netty.channel.nio.AbstractNioChannel$AbstractNioUnsafe.finishConnect(AbstractNioChannel.java:340)
	at org.apache.ratis.thirdparty.io.netty.channel.nio.NioEventLoop.processSelectedKey(NioEventLoop.java:632)
	at org.apache.ratis.thirdparty.io.netty.channel.nio.NioEventLoop.processSelectedKeysOptimized(NioEventLoop.java:579)
	at org.apache.ratis.thirdparty.io.netty.channel.nio.NioEventLoop.processSelectedKeys(NioEventLoop.java:496)
	at org.apache.ratis.thirdparty.io.netty.channel.nio.NioEventLoop.run(NioEventLoop.java:458)
	at org.apache.ratis.thirdparty.io.netty.util.concurrent.SingleThreadEventExecutor$5.run(SingleThreadEventExecutor.java:897)
	at org.apache.ratis.thirdparty.io.netty.util.concurrent.FastThreadLocalRunnable.run(FastThreadLocalRunnable.java:30)
	... 1 more
Caused by: java.net.ConnectException: Connection refused
	... 11 more
2019-10-16 11:36:14,664 [grpc-default-executor-5] INFO  impl.RaftServerImpl (RaftServerImpl.java:setRole(184)) - 70b633f6-b230-4b9f-87f3-510da88f1e08@group-2077DD483DC7: changes role from  FOLLOWER to FOLLOWER at term 277 for recognizeCandidate:a3132885-145f-4a8c-85f4-c10eb874732d
2019-10-16 11:36:14,664 [grpc-default-executor-5] INFO  impl.RoleInfo (RoleInfo.java:shutdownFollowerState(121)) - 70b633f6-b230-4b9f-87f3-510da88f1e08: shutdown FollowerState
2019-10-16 11:36:14,664 [grpc-default-executor-5] INFO  impl.RoleInfo (RoleInfo.java:updateAndGet(143)) - 70b633f6-b230-4b9f-87f3-510da88f1e08: start FollowerState
2019-10-16 11:36:14,664 [Thread-3433] INFO  impl.FollowerState (FollowerState.java:run(117)) - 70b633f6-b230-4b9f-87f3-510da88f1e08@group-2077DD483DC7-FollowerState was interrupted: java.lang.InterruptedException: sleep interrupted
2019-10-16 11:36:14,669 [a3132885-145f-4a8c-85f4-c10eb874732d@group-2077DD483DC7-LeaderElection453] INFO  impl.LeaderElection (LeaderElection.java:logAndReturn(56)) - a3132885-145f-4a8c-85f4-c10eb874732d@group-2077DD483DC7-LeaderElection453: Election REJECTED; received 1 response(s) [a3132885-145f-4a8c-85f4-c10eb874732d<-70b633f6-b230-4b9f-87f3-510da88f1e08#0:FAIL-t277] and 1 exception(s); a3132885-145f-4a8c-85f4-c10eb874732d@group-2077DD483DC7:t277, leader=null, voted=a3132885-145f-4a8c-85f4-c10eb874732d, raftlog=a3132885-145f-4a8c-85f4-c10eb874732d@group-2077DD483DC7-SegmentedRaftLog:OPENED:c-1,f-1,i0, conf=-1: [163587bb-2c3b-4498-b576-18147cf38274:192.168.157.203:33208, a3132885-145f-4a8c-85f4-c10eb874732d:192.168.157.203:46766, 70b633f6-b230-4b9f-87f3-510da88f1e08:192.168.157.203:43163], old=null
2019-10-16 11:36:14,669 [a3132885-145f-4a8c-85f4-c10eb874732d@group-2077DD483DC7-LeaderElection453] INFO  impl.LeaderElection (LogUtils.java:infoOrTrace(149)) -   Exception 0: {}
java.util.concurrent.ExecutionException: org.apache.ratis.thirdparty.io.grpc.StatusRuntimeException: UNAVAILABLE: io exception
	at java.util.concurrent.FutureTask.report(FutureTask.java:122)
	at java.util.concurrent.FutureTask.get(FutureTask.java:192)
	at org.apache.ratis.server.impl.LeaderElection.waitForResults(LeaderElection.java:259)
	at org.apache.ratis.server.impl.LeaderElection.askForVotes(LeaderElection.java:197)
	at org.apache.ratis.server.impl.LeaderElection.run(LeaderElection.java:133)
	at java.lang.Thread.run(Thread.java:748)
Caused by: org.apache.ratis.thirdparty.io.grpc.StatusRuntimeException: UNAVAILABLE: io exception
	at org.apache.ratis.thirdparty.io.grpc.stub.ClientCalls.toStatusRuntimeException(ClientCalls.java:233)
	at org.apache.ratis.thirdparty.io.grpc.stub.ClientCalls.getUnchecked(ClientCalls.java:214)
	at org.apache.ratis.thirdparty.io.grpc.stub.ClientCalls.blockingUnaryCall(ClientCalls.java:139)
	at org.apache.ratis.proto.grpc.RaftServerProtocolServiceGrpc$RaftServerProtocolServiceBlockingStub.requestVote(RaftServerProtocolServiceGrpc.java:265)
	at org.apache.ratis.grpc.server.GrpcServerProtocolClient.requestVote(GrpcServerProtocolClient.java:99)
	at org.apache.ratis.grpc.server.GrpcService.requestVote(GrpcService.java:204)
	at org.apache.ratis.server.impl.LeaderElection.lambda$submitRequests$1(LeaderElection.java:234)
	at java.util.concurrent.FutureTask.run(FutureTask.java:266)
	at java.util.concurrent.Executors$RunnableAdapter.call(Executors.java:511)
	at java.util.concurrent.FutureTask.run(FutureTask.java:266)
	at java.util.concurrent.ThreadPoolExecutor.runWorker(ThreadPoolExecutor.java:1149)
	at java.util.concurrent.ThreadPoolExecutor$Worker.run(ThreadPoolExecutor.java:624)
	... 1 more
Caused by: org.apache.ratis.thirdparty.io.netty.channel.AbstractChannel$AnnotatedConnectException: Connection refused: /192.168.157.203:33208
	at sun.nio.ch.SocketChannelImpl.checkConnect(Native Method)
	at sun.nio.ch.SocketChannelImpl.finishConnect(SocketChannelImpl.java:717)
	at org.apache.ratis.thirdparty.io.netty.channel.socket.nio.NioSocketChannel.doFinishConnect(NioSocketChannel.java:327)
	at org.apache.ratis.thirdparty.io.netty.channel.nio.AbstractNioChannel$AbstractNioUnsafe.finishConnect(AbstractNioChannel.java:340)
	at org.apache.ratis.thirdparty.io.netty.channel.nio.NioEventLoop.processSelectedKey(NioEventLoop.java:632)
	at org.apache.ratis.thirdparty.io.netty.channel.nio.NioEventLoop.processSelectedKeysOptimized(NioEventLoop.java:579)
	at org.apache.ratis.thirdparty.io.netty.channel.nio.NioEventLoop.processSelectedKeys(NioEventLoop.java:496)
	at org.apache.ratis.thirdparty.io.netty.channel.nio.NioEventLoop.run(NioEventLoop.java:458)
	at org.apache.ratis.thirdparty.io.netty.util.concurrent.SingleThreadEventExecutor$5.run(SingleThreadEventExecutor.java:897)
	at org.apache.ratis.thirdparty.io.netty.util.concurrent.FastThreadLocalRunnable.run(FastThreadLocalRunnable.java:30)
	... 1 more
Caused by: java.net.ConnectException: Connection refused
	... 11 more
2019-10-16 11:36:14,669 [a3132885-145f-4a8c-85f4-c10eb874732d@group-2077DD483DC7-LeaderElection453] INFO  impl.RaftServerImpl (RaftServerImpl.java:setRole(184)) - a3132885-145f-4a8c-85f4-c10eb874732d@group-2077DD483DC7: changes role from CANDIDATE to FOLLOWER at term 277 for DISCOVERED_A_NEW_TERM
2019-10-16 11:36:14,670 [a3132885-145f-4a8c-85f4-c10eb874732d@group-2077DD483DC7-LeaderElection453] INFO  impl.RoleInfo (RoleInfo.java:shutdownLeaderElection(134)) - a3132885-145f-4a8c-85f4-c10eb874732d: shutdown LeaderElection
2019-10-16 11:36:14,670 [a3132885-145f-4a8c-85f4-c10eb874732d@group-2077DD483DC7-LeaderElection453] INFO  impl.RoleInfo (RoleInfo.java:updateAndGet(143)) - a3132885-145f-4a8c-85f4-c10eb874732d: start FollowerState
2019-10-16 11:36:14,739 [Thread-3440] INFO  impl.FollowerState (FollowerState.java:run(108)) - a3132885-145f-4a8c-85f4-c10eb874732d@group-2077DD483DC7-FollowerState: change to CANDIDATE, lastRpcTime:69ms, electionTimeout:69ms
2019-10-16 11:36:14,739 [Thread-3440] INFO  impl.RoleInfo (RoleInfo.java:shutdownFollowerState(121)) - a3132885-145f-4a8c-85f4-c10eb874732d: shutdown FollowerState
2019-10-16 11:36:14,739 [Thread-3440] INFO  impl.RaftServerImpl (RaftServerImpl.java:setRole(184)) - a3132885-145f-4a8c-85f4-c10eb874732d@group-2077DD483DC7: changes role from  FOLLOWER to CANDIDATE at term 277 for changeToCandidate
2019-10-16 11:36:14,739 [Thread-3440] INFO  impl.RoleInfo (RoleInfo.java:updateAndGet(143)) - a3132885-145f-4a8c-85f4-c10eb874732d: start LeaderElection
2019-10-16 11:36:14,753 [a3132885-145f-4a8c-85f4-c10eb874732d@group-2077DD483DC7-LeaderElection454] INFO  impl.LeaderElection (LeaderElection.java:askForVotes(178)) - a3132885-145f-4a8c-85f4-c10eb874732d@group-2077DD483DC7-LeaderElection454: begin an election at term 278 for -1: [163587bb-2c3b-4498-b576-18147cf38274:192.168.157.203:33208, a3132885-145f-4a8c-85f4-c10eb874732d:192.168.157.203:46766, 70b633f6-b230-4b9f-87f3-510da88f1e08:192.168.157.203:43163], old=null
2019-10-16 11:36:14,754 [a3132885-145f-4a8c-85f4-c10eb874732d@group-2077DD483DC7-LeaderElection454] INFO  impl.LeaderElection (LogUtils.java:infoOrTrace(149)) - a3132885-145f-4a8c-85f4-c10eb874732d@group-2077DD483DC7-LeaderElection454 got exception when requesting votes: {}
java.util.concurrent.ExecutionException: org.apache.ratis.thirdparty.io.grpc.StatusRuntimeException: UNAVAILABLE: io exception
	at java.util.concurrent.FutureTask.report(FutureTask.java:122)
	at java.util.concurrent.FutureTask.get(FutureTask.java:192)
	at org.apache.ratis.server.impl.LeaderElection.waitForResults(LeaderElection.java:259)
	at org.apache.ratis.server.impl.LeaderElection.askForVotes(LeaderElection.java:197)
	at org.apache.ratis.server.impl.LeaderElection.run(LeaderElection.java:133)
	at java.lang.Thread.run(Thread.java:748)
Caused by: org.apache.ratis.thirdparty.io.grpc.StatusRuntimeException: UNAVAILABLE: io exception
	at org.apache.ratis.thirdparty.io.grpc.stub.ClientCalls.toStatusRuntimeException(ClientCalls.java:233)
	at org.apache.ratis.thirdparty.io.grpc.stub.ClientCalls.getUnchecked(ClientCalls.java:214)
	at org.apache.ratis.thirdparty.io.grpc.stub.ClientCalls.blockingUnaryCall(ClientCalls.java:139)
	at org.apache.ratis.proto.grpc.RaftServerProtocolServiceGrpc$RaftServerProtocolServiceBlockingStub.requestVote(RaftServerProtocolServiceGrpc.java:265)
	at org.apache.ratis.grpc.server.GrpcServerProtocolClient.requestVote(GrpcServerProtocolClient.java:99)
	at org.apache.ratis.grpc.server.GrpcService.requestVote(GrpcService.java:204)
	at org.apache.ratis.server.impl.LeaderElection.lambda$submitRequests$1(LeaderElection.java:234)
	at java.util.concurrent.FutureTask.run(FutureTask.java:266)
	at java.util.concurrent.Executors$RunnableAdapter.call(Executors.java:511)
	at java.util.concurrent.FutureTask.run(FutureTask.java:266)
	at java.util.concurrent.ThreadPoolExecutor.runWorker(ThreadPoolExecutor.java:1149)
	at java.util.concurrent.ThreadPoolExecutor$Worker.run(ThreadPoolExecutor.java:624)
	... 1 more
Caused by: org.apache.ratis.thirdparty.io.netty.channel.AbstractChannel$AnnotatedConnectException: Connection refused: /192.168.157.203:33208
	at sun.nio.ch.SocketChannelImpl.checkConnect(Native Method)
	at sun.nio.ch.SocketChannelImpl.finishConnect(SocketChannelImpl.java:717)
	at org.apache.ratis.thirdparty.io.netty.channel.socket.nio.NioSocketChannel.doFinishConnect(NioSocketChannel.java:327)
	at org.apache.ratis.thirdparty.io.netty.channel.nio.AbstractNioChannel$AbstractNioUnsafe.finishConnect(AbstractNioChannel.java:340)
	at org.apache.ratis.thirdparty.io.netty.channel.nio.NioEventLoop.processSelectedKey(NioEventLoop.java:632)
	at org.apache.ratis.thirdparty.io.netty.channel.nio.NioEventLoop.processSelectedKeysOptimized(NioEventLoop.java:579)
	at org.apache.ratis.thirdparty.io.netty.channel.nio.NioEventLoop.processSelectedKeys(NioEventLoop.java:496)
	at org.apache.ratis.thirdparty.io.netty.channel.nio.NioEventLoop.run(NioEventLoop.java:458)
	at org.apache.ratis.thirdparty.io.netty.util.concurrent.SingleThreadEventExecutor$5.run(SingleThreadEventExecutor.java:897)
	at org.apache.ratis.thirdparty.io.netty.util.concurrent.FastThreadLocalRunnable.run(FastThreadLocalRunnable.java:30)
	... 1 more
Caused by: java.net.ConnectException: Connection refused
	... 11 more
2019-10-16 11:36:14,761 [grpc-default-executor-5] INFO  impl.RaftServerImpl (RaftServerImpl.java:setRole(184)) - 70b633f6-b230-4b9f-87f3-510da88f1e08@group-2077DD483DC7: changes role from  FOLLOWER to FOLLOWER at term 278 for recognizeCandidate:a3132885-145f-4a8c-85f4-c10eb874732d
2019-10-16 11:36:14,761 [grpc-default-executor-5] INFO  impl.RoleInfo (RoleInfo.java:shutdownFollowerState(121)) - 70b633f6-b230-4b9f-87f3-510da88f1e08: shutdown FollowerState
2019-10-16 11:36:14,761 [grpc-default-executor-5] INFO  impl.RoleInfo (RoleInfo.java:updateAndGet(143)) - 70b633f6-b230-4b9f-87f3-510da88f1e08: start FollowerState
2019-10-16 11:36:14,761 [Thread-3439] INFO  impl.FollowerState (FollowerState.java:run(117)) - 70b633f6-b230-4b9f-87f3-510da88f1e08@group-2077DD483DC7-FollowerState was interrupted: java.lang.InterruptedException: sleep interrupted
2019-10-16 11:36:14,774 [a3132885-145f-4a8c-85f4-c10eb874732d@group-2077DD483DC7-LeaderElection454] INFO  impl.LeaderElection (LeaderElection.java:logAndReturn(56)) - a3132885-145f-4a8c-85f4-c10eb874732d@group-2077DD483DC7-LeaderElection454: Election REJECTED; received 1 response(s) [a3132885-145f-4a8c-85f4-c10eb874732d<-70b633f6-b230-4b9f-87f3-510da88f1e08#0:FAIL-t278] and 1 exception(s); a3132885-145f-4a8c-85f4-c10eb874732d@group-2077DD483DC7:t278, leader=null, voted=a3132885-145f-4a8c-85f4-c10eb874732d, raftlog=a3132885-145f-4a8c-85f4-c10eb874732d@group-2077DD483DC7-SegmentedRaftLog:OPENED:c-1,f-1,i0, conf=-1: [163587bb-2c3b-4498-b576-18147cf38274:192.168.157.203:33208, a3132885-145f-4a8c-85f4-c10eb874732d:192.168.157.203:46766, 70b633f6-b230-4b9f-87f3-510da88f1e08:192.168.157.203:43163], old=null
2019-10-16 11:36:14,774 [a3132885-145f-4a8c-85f4-c10eb874732d@group-2077DD483DC7-LeaderElection454] INFO  impl.LeaderElection (LogUtils.java:infoOrTrace(149)) -   Exception 0: {}
java.util.concurrent.ExecutionException: org.apache.ratis.thirdparty.io.grpc.StatusRuntimeException: UNAVAILABLE: io exception
	at java.util.concurrent.FutureTask.report(FutureTask.java:122)
	at java.util.concurrent.FutureTask.get(FutureTask.java:192)
	at org.apache.ratis.server.impl.LeaderElection.waitForResults(LeaderElection.java:259)
	at org.apache.ratis.server.impl.LeaderElection.askForVotes(LeaderElection.java:197)
	at org.apache.ratis.server.impl.LeaderElection.run(LeaderElection.java:133)
	at java.lang.Thread.run(Thread.java:748)
Caused by: org.apache.ratis.thirdparty.io.grpc.StatusRuntimeException: UNAVAILABLE: io exception
	at org.apache.ratis.thirdparty.io.grpc.stub.ClientCalls.toStatusRuntimeException(ClientCalls.java:233)
	at org.apache.ratis.thirdparty.io.grpc.stub.ClientCalls.getUnchecked(ClientCalls.java:214)
	at org.apache.ratis.thirdparty.io.grpc.stub.ClientCalls.blockingUnaryCall(ClientCalls.java:139)
	at org.apache.ratis.proto.grpc.RaftServerProtocolServiceGrpc$RaftServerProtocolServiceBlockingStub.requestVote(RaftServerProtocolServiceGrpc.java:265)
	at org.apache.ratis.grpc.server.GrpcServerProtocolClient.requestVote(GrpcServerProtocolClient.java:99)
	at org.apache.ratis.grpc.server.GrpcService.requestVote(GrpcService.java:204)
	at org.apache.ratis.server.impl.LeaderElection.lambda$submitRequests$1(LeaderElection.java:234)
	at java.util.concurrent.FutureTask.run(FutureTask.java:266)
	at java.util.concurrent.Executors$RunnableAdapter.call(Executors.java:511)
	at java.util.concurrent.FutureTask.run(FutureTask.java:266)
	at java.util.concurrent.ThreadPoolExecutor.runWorker(ThreadPoolExecutor.java:1149)
	at java.util.concurrent.ThreadPoolExecutor$Worker.run(ThreadPoolExecutor.java:624)
	... 1 more
Caused by: org.apache.ratis.thirdparty.io.netty.channel.AbstractChannel$AnnotatedConnectException: Connection refused: /192.168.157.203:33208
	at sun.nio.ch.SocketChannelImpl.checkConnect(Native Method)
	at sun.nio.ch.SocketChannelImpl.finishConnect(SocketChannelImpl.java:717)
	at org.apache.ratis.thirdparty.io.netty.channel.socket.nio.NioSocketChannel.doFinishConnect(NioSocketChannel.java:327)
	at org.apache.ratis.thirdparty.io.netty.channel.nio.AbstractNioChannel$AbstractNioUnsafe.finishConnect(AbstractNioChannel.java:340)
	at org.apache.ratis.thirdparty.io.netty.channel.nio.NioEventLoop.processSelectedKey(NioEventLoop.java:632)
	at org.apache.ratis.thirdparty.io.netty.channel.nio.NioEventLoop.processSelectedKeysOptimized(NioEventLoop.java:579)
	at org.apache.ratis.thirdparty.io.netty.channel.nio.NioEventLoop.processSelectedKeys(NioEventLoop.java:496)
	at org.apache.ratis.thirdparty.io.netty.channel.nio.NioEventLoop.run(NioEventLoop.java:458)
	at org.apache.ratis.thirdparty.io.netty.util.concurrent.SingleThreadEventExecutor$5.run(SingleThreadEventExecutor.java:897)
	at org.apache.ratis.thirdparty.io.netty.util.concurrent.FastThreadLocalRunnable.run(FastThreadLocalRunnable.java:30)
	... 1 more
Caused by: java.net.ConnectException: Connection refused
	... 11 more
2019-10-16 11:36:14,775 [a3132885-145f-4a8c-85f4-c10eb874732d@group-2077DD483DC7-LeaderElection454] INFO  impl.RaftServerImpl (RaftServerImpl.java:setRole(184)) - a3132885-145f-4a8c-85f4-c10eb874732d@group-2077DD483DC7: changes role from CANDIDATE to FOLLOWER at term 278 for DISCOVERED_A_NEW_TERM
2019-10-16 11:36:14,775 [a3132885-145f-4a8c-85f4-c10eb874732d@group-2077DD483DC7-LeaderElection454] INFO  impl.RoleInfo (RoleInfo.java:shutdownLeaderElection(134)) - a3132885-145f-4a8c-85f4-c10eb874732d: shutdown LeaderElection
2019-10-16 11:36:14,775 [a3132885-145f-4a8c-85f4-c10eb874732d@group-2077DD483DC7-LeaderElection454] INFO  impl.RoleInfo (RoleInfo.java:updateAndGet(143)) - a3132885-145f-4a8c-85f4-c10eb874732d: start FollowerState
2019-10-16 11:36:14,800 [Thread-3445] INFO  impl.FollowerState (FollowerState.java:run(108)) - a3132885-145f-4a8c-85f4-c10eb874732d@group-2077DD483DC7-FollowerState: change to CANDIDATE, lastRpcTime:25ms, electionTimeout:25ms
2019-10-16 11:36:14,801 [Thread-3445] INFO  impl.RoleInfo (RoleInfo.java:shutdownFollowerState(121)) - a3132885-145f-4a8c-85f4-c10eb874732d: shutdown FollowerState
2019-10-16 11:36:14,801 [Thread-3445] INFO  impl.RaftServerImpl (RaftServerImpl.java:setRole(184)) - a3132885-145f-4a8c-85f4-c10eb874732d@group-2077DD483DC7: changes role from  FOLLOWER to CANDIDATE at term 278 for changeToCandidate
2019-10-16 11:36:14,801 [Thread-3445] INFO  impl.RoleInfo (RoleInfo.java:updateAndGet(143)) - a3132885-145f-4a8c-85f4-c10eb874732d: start LeaderElection
2019-10-16 11:36:14,814 [a3132885-145f-4a8c-85f4-c10eb874732d@group-2077DD483DC7-LeaderElection455] INFO  impl.LeaderElection (LeaderElection.java:askForVotes(178)) - a3132885-145f-4a8c-85f4-c10eb874732d@group-2077DD483DC7-LeaderElection455: begin an election at term 279 for -1: [163587bb-2c3b-4498-b576-18147cf38274:192.168.157.203:33208, a3132885-145f-4a8c-85f4-c10eb874732d:192.168.157.203:46766, 70b633f6-b230-4b9f-87f3-510da88f1e08:192.168.157.203:43163], old=null
2019-10-16 11:36:14,815 [a3132885-145f-4a8c-85f4-c10eb874732d@group-2077DD483DC7-LeaderElection455] INFO  impl.LeaderElection (LogUtils.java:infoOrTrace(149)) - a3132885-145f-4a8c-85f4-c10eb874732d@group-2077DD483DC7-LeaderElection455 got exception when requesting votes: {}
java.util.concurrent.ExecutionException: org.apache.ratis.thirdparty.io.grpc.StatusRuntimeException: UNAVAILABLE: io exception
	at java.util.concurrent.FutureTask.report(FutureTask.java:122)
	at java.util.concurrent.FutureTask.get(FutureTask.java:192)
	at org.apache.ratis.server.impl.LeaderElection.waitForResults(LeaderElection.java:259)
	at org.apache.ratis.server.impl.LeaderElection.askForVotes(LeaderElection.java:197)
	at org.apache.ratis.server.impl.LeaderElection.run(LeaderElection.java:133)
	at java.lang.Thread.run(Thread.java:748)
Caused by: org.apache.ratis.thirdparty.io.grpc.StatusRuntimeException: UNAVAILABLE: io exception
	at org.apache.ratis.thirdparty.io.grpc.stub.ClientCalls.toStatusRuntimeException(ClientCalls.java:233)
	at org.apache.ratis.thirdparty.io.grpc.stub.ClientCalls.getUnchecked(ClientCalls.java:214)
	at org.apache.ratis.thirdparty.io.grpc.stub.ClientCalls.blockingUnaryCall(ClientCalls.java:139)
	at org.apache.ratis.proto.grpc.RaftServerProtocolServiceGrpc$RaftServerProtocolServiceBlockingStub.requestVote(RaftServerProtocolServiceGrpc.java:265)
	at org.apache.ratis.grpc.server.GrpcServerProtocolClient.requestVote(GrpcServerProtocolClient.java:99)
	at org.apache.ratis.grpc.server.GrpcService.requestVote(GrpcService.java:204)
	at org.apache.ratis.server.impl.LeaderElection.lambda$submitRequests$1(LeaderElection.java:234)
	at java.util.concurrent.FutureTask.run(FutureTask.java:266)
	at java.util.concurrent.Executors$RunnableAdapter.call(Executors.java:511)
	at java.util.concurrent.FutureTask.run(FutureTask.java:266)
	at java.util.concurrent.ThreadPoolExecutor.runWorker(ThreadPoolExecutor.java:1149)
	at java.util.concurrent.ThreadPoolExecutor$Worker.run(ThreadPoolExecutor.java:624)
	... 1 more
Caused by: org.apache.ratis.thirdparty.io.netty.channel.AbstractChannel$AnnotatedConnectException: Connection refused: /192.168.157.203:33208
	at sun.nio.ch.SocketChannelImpl.checkConnect(Native Method)
	at sun.nio.ch.SocketChannelImpl.finishConnect(SocketChannelImpl.java:717)
	at org.apache.ratis.thirdparty.io.netty.channel.socket.nio.NioSocketChannel.doFinishConnect(NioSocketChannel.java:327)
	at org.apache.ratis.thirdparty.io.netty.channel.nio.AbstractNioChannel$AbstractNioUnsafe.finishConnect(AbstractNioChannel.java:340)
	at org.apache.ratis.thirdparty.io.netty.channel.nio.NioEventLoop.processSelectedKey(NioEventLoop.java:632)
	at org.apache.ratis.thirdparty.io.netty.channel.nio.NioEventLoop.processSelectedKeysOptimized(NioEventLoop.java:579)
	at org.apache.ratis.thirdparty.io.netty.channel.nio.NioEventLoop.processSelectedKeys(NioEventLoop.java:496)
	at org.apache.ratis.thirdparty.io.netty.channel.nio.NioEventLoop.run(NioEventLoop.java:458)
	at org.apache.ratis.thirdparty.io.netty.util.concurrent.SingleThreadEventExecutor$5.run(SingleThreadEventExecutor.java:897)
	at org.apache.ratis.thirdparty.io.netty.util.concurrent.FastThreadLocalRunnable.run(FastThreadLocalRunnable.java:30)
	... 1 more
Caused by: java.net.ConnectException: Connection refused
	... 11 more
2019-10-16 11:36:14,817 [grpc-default-executor-5] INFO  impl.RaftServerImpl (RaftServerImpl.java:setRole(184)) - 70b633f6-b230-4b9f-87f3-510da88f1e08@group-2077DD483DC7: changes role from  FOLLOWER to FOLLOWER at term 279 for recognizeCandidate:a3132885-145f-4a8c-85f4-c10eb874732d
2019-10-16 11:36:14,818 [grpc-default-executor-5] INFO  impl.RoleInfo (RoleInfo.java:shutdownFollowerState(121)) - 70b633f6-b230-4b9f-87f3-510da88f1e08: shutdown FollowerState
2019-10-16 11:36:14,818 [grpc-default-executor-5] INFO  impl.RoleInfo (RoleInfo.java:updateAndGet(143)) - 70b633f6-b230-4b9f-87f3-510da88f1e08: start FollowerState
2019-10-16 11:36:14,818 [Thread-3444] INFO  impl.FollowerState (FollowerState.java:run(117)) - 70b633f6-b230-4b9f-87f3-510da88f1e08@group-2077DD483DC7-FollowerState was interrupted: java.lang.InterruptedException: sleep interrupted
2019-10-16 11:36:14,832 [a3132885-145f-4a8c-85f4-c10eb874732d@group-2077DD483DC7-LeaderElection455] INFO  impl.LeaderElection (LeaderElection.java:logAndReturn(56)) - a3132885-145f-4a8c-85f4-c10eb874732d@group-2077DD483DC7-LeaderElection455: Election REJECTED; received 1 response(s) [a3132885-145f-4a8c-85f4-c10eb874732d<-70b633f6-b230-4b9f-87f3-510da88f1e08#0:FAIL-t279] and 1 exception(s); a3132885-145f-4a8c-85f4-c10eb874732d@group-2077DD483DC7:t279, leader=null, voted=a3132885-145f-4a8c-85f4-c10eb874732d, raftlog=a3132885-145f-4a8c-85f4-c10eb874732d@group-2077DD483DC7-SegmentedRaftLog:OPENED:c-1,f-1,i0, conf=-1: [163587bb-2c3b-4498-b576-18147cf38274:192.168.157.203:33208, a3132885-145f-4a8c-85f4-c10eb874732d:192.168.157.203:46766, 70b633f6-b230-4b9f-87f3-510da88f1e08:192.168.157.203:43163], old=null
2019-10-16 11:36:14,832 [a3132885-145f-4a8c-85f4-c10eb874732d@group-2077DD483DC7-LeaderElection455] INFO  impl.LeaderElection (LogUtils.java:infoOrTrace(149)) -   Exception 0: {}
java.util.concurrent.ExecutionException: org.apache.ratis.thirdparty.io.grpc.StatusRuntimeException: UNAVAILABLE: io exception
	at java.util.concurrent.FutureTask.report(FutureTask.java:122)
	at java.util.concurrent.FutureTask.get(FutureTask.java:192)
	at org.apache.ratis.server.impl.LeaderElection.waitForResults(LeaderElection.java:259)
	at org.apache.ratis.server.impl.LeaderElection.askForVotes(LeaderElection.java:197)
	at org.apache.ratis.server.impl.LeaderElection.run(LeaderElection.java:133)
	at java.lang.Thread.run(Thread.java:748)
Caused by: org.apache.ratis.thirdparty.io.grpc.StatusRuntimeException: UNAVAILABLE: io exception
	at org.apache.ratis.thirdparty.io.grpc.stub.ClientCalls.toStatusRuntimeException(ClientCalls.java:233)
	at org.apache.ratis.thirdparty.io.grpc.stub.ClientCalls.getUnchecked(ClientCalls.java:214)
	at org.apache.ratis.thirdparty.io.grpc.stub.ClientCalls.blockingUnaryCall(ClientCalls.java:139)
	at org.apache.ratis.proto.grpc.RaftServerProtocolServiceGrpc$RaftServerProtocolServiceBlockingStub.requestVote(RaftServerProtocolServiceGrpc.java:265)
	at org.apache.ratis.grpc.server.GrpcServerProtocolClient.requestVote(GrpcServerProtocolClient.java:99)
	at org.apache.ratis.grpc.server.GrpcService.requestVote(GrpcService.java:204)
	at org.apache.ratis.server.impl.LeaderElection.lambda$submitRequests$1(LeaderElection.java:234)
	at java.util.concurrent.FutureTask.run(FutureTask.java:266)
	at java.util.concurrent.Executors$RunnableAdapter.call(Executors.java:511)
	at java.util.concurrent.FutureTask.run(FutureTask.java:266)
	at java.util.concurrent.ThreadPoolExecutor.runWorker(ThreadPoolExecutor.java:1149)
	at java.util.concurrent.ThreadPoolExecutor$Worker.run(ThreadPoolExecutor.java:624)
	... 1 more
Caused by: org.apache.ratis.thirdparty.io.netty.channel.AbstractChannel$AnnotatedConnectException: Connection refused: /192.168.157.203:33208
	at sun.nio.ch.SocketChannelImpl.checkConnect(Native Method)
	at sun.nio.ch.SocketChannelImpl.finishConnect(SocketChannelImpl.java:717)
	at org.apache.ratis.thirdparty.io.netty.channel.socket.nio.NioSocketChannel.doFinishConnect(NioSocketChannel.java:327)
	at org.apache.ratis.thirdparty.io.netty.channel.nio.AbstractNioChannel$AbstractNioUnsafe.finishConnect(AbstractNioChannel.java:340)
	at org.apache.ratis.thirdparty.io.netty.channel.nio.NioEventLoop.processSelectedKey(NioEventLoop.java:632)
	at org.apache.ratis.thirdparty.io.netty.channel.nio.NioEventLoop.processSelectedKeysOptimized(NioEventLoop.java:579)
	at org.apache.ratis.thirdparty.io.netty.channel.nio.NioEventLoop.processSelectedKeys(NioEventLoop.java:496)
	at org.apache.ratis.thirdparty.io.netty.channel.nio.NioEventLoop.run(NioEventLoop.java:458)
	at org.apache.ratis.thirdparty.io.netty.util.concurrent.SingleThreadEventExecutor$5.run(SingleThreadEventExecutor.java:897)
	at org.apache.ratis.thirdparty.io.netty.util.concurrent.FastThreadLocalRunnable.run(FastThreadLocalRunnable.java:30)
	... 1 more
Caused by: java.net.ConnectException: Connection refused
	... 11 more
2019-10-16 11:36:14,833 [a3132885-145f-4a8c-85f4-c10eb874732d@group-2077DD483DC7-LeaderElection455] INFO  impl.RaftServerImpl (RaftServerImpl.java:setRole(184)) - a3132885-145f-4a8c-85f4-c10eb874732d@group-2077DD483DC7: changes role from CANDIDATE to FOLLOWER at term 279 for DISCOVERED_A_NEW_TERM
2019-10-16 11:36:14,833 [a3132885-145f-4a8c-85f4-c10eb874732d@group-2077DD483DC7-LeaderElection455] INFO  impl.RoleInfo (RoleInfo.java:shutdownLeaderElection(134)) - a3132885-145f-4a8c-85f4-c10eb874732d: shutdown LeaderElection
2019-10-16 11:36:14,833 [a3132885-145f-4a8c-85f4-c10eb874732d@group-2077DD483DC7-LeaderElection455] INFO  impl.RoleInfo (RoleInfo.java:updateAndGet(143)) - a3132885-145f-4a8c-85f4-c10eb874732d: start FollowerState
2019-10-16 11:36:14,960 [Thread-3450] INFO  impl.FollowerState (FollowerState.java:run(108)) - a3132885-145f-4a8c-85f4-c10eb874732d@group-2077DD483DC7-FollowerState: change to CANDIDATE, lastRpcTime:127ms, electionTimeout:127ms
2019-10-16 11:36:14,960 [Thread-3450] INFO  impl.RoleInfo (RoleInfo.java:shutdownFollowerState(121)) - a3132885-145f-4a8c-85f4-c10eb874732d: shutdown FollowerState
2019-10-16 11:36:14,961 [Thread-3450] INFO  impl.RaftServerImpl (RaftServerImpl.java:setRole(184)) - a3132885-145f-4a8c-85f4-c10eb874732d@group-2077DD483DC7: changes role from  FOLLOWER to CANDIDATE at term 279 for changeToCandidate
2019-10-16 11:36:14,961 [Thread-3450] INFO  impl.RoleInfo (RoleInfo.java:updateAndGet(143)) - a3132885-145f-4a8c-85f4-c10eb874732d: start LeaderElection
2019-10-16 11:36:14,970 [a3132885-145f-4a8c-85f4-c10eb874732d@group-2077DD483DC7-LeaderElection456] INFO  impl.LeaderElection (LeaderElection.java:askForVotes(178)) - a3132885-145f-4a8c-85f4-c10eb874732d@group-2077DD483DC7-LeaderElection456: begin an election at term 280 for -1: [163587bb-2c3b-4498-b576-18147cf38274:192.168.157.203:33208, a3132885-145f-4a8c-85f4-c10eb874732d:192.168.157.203:46766, 70b633f6-b230-4b9f-87f3-510da88f1e08:192.168.157.203:43163], old=null
2019-10-16 11:36:14,971 [a3132885-145f-4a8c-85f4-c10eb874732d@group-2077DD483DC7-LeaderElection456] INFO  impl.LeaderElection (LogUtils.java:infoOrTrace(149)) - a3132885-145f-4a8c-85f4-c10eb874732d@group-2077DD483DC7-LeaderElection456 got exception when requesting votes: {}
java.util.concurrent.ExecutionException: org.apache.ratis.thirdparty.io.grpc.StatusRuntimeException: UNAVAILABLE: io exception
	at java.util.concurrent.FutureTask.report(FutureTask.java:122)
	at java.util.concurrent.FutureTask.get(FutureTask.java:192)
	at org.apache.ratis.server.impl.LeaderElection.waitForResults(LeaderElection.java:259)
	at org.apache.ratis.server.impl.LeaderElection.askForVotes(LeaderElection.java:197)
	at org.apache.ratis.server.impl.LeaderElection.run(LeaderElection.java:133)
	at java.lang.Thread.run(Thread.java:748)
Caused by: org.apache.ratis.thirdparty.io.grpc.StatusRuntimeException: UNAVAILABLE: io exception
	at org.apache.ratis.thirdparty.io.grpc.stub.ClientCalls.toStatusRuntimeException(ClientCalls.java:233)
	at org.apache.ratis.thirdparty.io.grpc.stub.ClientCalls.getUnchecked(ClientCalls.java:214)
	at org.apache.ratis.thirdparty.io.grpc.stub.ClientCalls.blockingUnaryCall(ClientCalls.java:139)
	at org.apache.ratis.proto.grpc.RaftServerProtocolServiceGrpc$RaftServerProtocolServiceBlockingStub.requestVote(RaftServerProtocolServiceGrpc.java:265)
	at org.apache.ratis.grpc.server.GrpcServerProtocolClient.requestVote(GrpcServerProtocolClient.java:99)
	at org.apache.ratis.grpc.server.GrpcService.requestVote(GrpcService.java:204)
	at org.apache.ratis.server.impl.LeaderElection.lambda$submitRequests$1(LeaderElection.java:234)
	at java.util.concurrent.FutureTask.run(FutureTask.java:266)
	at java.util.concurrent.Executors$RunnableAdapter.call(Executors.java:511)
	at java.util.concurrent.FutureTask.run(FutureTask.java:266)
	at java.util.concurrent.ThreadPoolExecutor.runWorker(ThreadPoolExecutor.java:1149)
	at java.util.concurrent.ThreadPoolExecutor$Worker.run(ThreadPoolExecutor.java:624)
	... 1 more
Caused by: org.apache.ratis.thirdparty.io.netty.channel.AbstractChannel$AnnotatedConnectException: Connection refused: /192.168.157.203:33208
	at sun.nio.ch.SocketChannelImpl.checkConnect(Native Method)
	at sun.nio.ch.SocketChannelImpl.finishConnect(SocketChannelImpl.java:717)
	at org.apache.ratis.thirdparty.io.netty.channel.socket.nio.NioSocketChannel.doFinishConnect(NioSocketChannel.java:327)
	at org.apache.ratis.thirdparty.io.netty.channel.nio.AbstractNioChannel$AbstractNioUnsafe.finishConnect(AbstractNioChannel.java:340)
	at org.apache.ratis.thirdparty.io.netty.channel.nio.NioEventLoop.processSelectedKey(NioEventLoop.java:632)
	at org.apache.ratis.thirdparty.io.netty.channel.nio.NioEventLoop.processSelectedKeysOptimized(NioEventLoop.java:579)
	at org.apache.ratis.thirdparty.io.netty.channel.nio.NioEventLoop.processSelectedKeys(NioEventLoop.java:496)
	at org.apache.ratis.thirdparty.io.netty.channel.nio.NioEventLoop.run(NioEventLoop.java:458)
	at org.apache.ratis.thirdparty.io.netty.util.concurrent.SingleThreadEventExecutor$5.run(SingleThreadEventExecutor.java:897)
	at org.apache.ratis.thirdparty.io.netty.util.concurrent.FastThreadLocalRunnable.run(FastThreadLocalRunnable.java:30)
	... 1 more
Caused by: java.net.ConnectException: Connection refused
	... 11 more
2019-10-16 11:36:14,974 [grpc-default-executor-5] INFO  impl.RaftServerImpl (RaftServerImpl.java:setRole(184)) - 70b633f6-b230-4b9f-87f3-510da88f1e08@group-2077DD483DC7: changes role from  FOLLOWER to FOLLOWER at term 280 for recognizeCandidate:a3132885-145f-4a8c-85f4-c10eb874732d
2019-10-16 11:36:14,974 [grpc-default-executor-5] INFO  impl.RoleInfo (RoleInfo.java:shutdownFollowerState(121)) - 70b633f6-b230-4b9f-87f3-510da88f1e08: shutdown FollowerState
2019-10-16 11:36:14,975 [grpc-default-executor-5] INFO  impl.RoleInfo (RoleInfo.java:updateAndGet(143)) - 70b633f6-b230-4b9f-87f3-510da88f1e08: start FollowerState
2019-10-16 11:36:14,975 [Thread-3449] INFO  impl.FollowerState (FollowerState.java:run(117)) - 70b633f6-b230-4b9f-87f3-510da88f1e08@group-2077DD483DC7-FollowerState was interrupted: java.lang.InterruptedException: sleep interrupted
2019-10-16 11:36:14,989 [a3132885-145f-4a8c-85f4-c10eb874732d@group-2077DD483DC7-LeaderElection456] INFO  impl.LeaderElection (LeaderElection.java:logAndReturn(56)) - a3132885-145f-4a8c-85f4-c10eb874732d@group-2077DD483DC7-LeaderElection456: Election REJECTED; received 1 response(s) [a3132885-145f-4a8c-85f4-c10eb874732d<-70b633f6-b230-4b9f-87f3-510da88f1e08#0:FAIL-t280] and 1 exception(s); a3132885-145f-4a8c-85f4-c10eb874732d@group-2077DD483DC7:t280, leader=null, voted=a3132885-145f-4a8c-85f4-c10eb874732d, raftlog=a3132885-145f-4a8c-85f4-c10eb874732d@group-2077DD483DC7-SegmentedRaftLog:OPENED:c-1,f-1,i0, conf=-1: [163587bb-2c3b-4498-b576-18147cf38274:192.168.157.203:33208, a3132885-145f-4a8c-85f4-c10eb874732d:192.168.157.203:46766, 70b633f6-b230-4b9f-87f3-510da88f1e08:192.168.157.203:43163], old=null
2019-10-16 11:36:14,989 [a3132885-145f-4a8c-85f4-c10eb874732d@group-2077DD483DC7-LeaderElection456] INFO  impl.LeaderElection (LogUtils.java:infoOrTrace(149)) -   Exception 0: {}
java.util.concurrent.ExecutionException: org.apache.ratis.thirdparty.io.grpc.StatusRuntimeException: UNAVAILABLE: io exception
	at java.util.concurrent.FutureTask.report(FutureTask.java:122)
	at java.util.concurrent.FutureTask.get(FutureTask.java:192)
	at org.apache.ratis.server.impl.LeaderElection.waitForResults(LeaderElection.java:259)
	at org.apache.ratis.server.impl.LeaderElection.askForVotes(LeaderElection.java:197)
	at org.apache.ratis.server.impl.LeaderElection.run(LeaderElection.java:133)
	at java.lang.Thread.run(Thread.java:748)
Caused by: org.apache.ratis.thirdparty.io.grpc.StatusRuntimeException: UNAVAILABLE: io exception
	at org.apache.ratis.thirdparty.io.grpc.stub.ClientCalls.toStatusRuntimeException(ClientCalls.java:233)
	at org.apache.ratis.thirdparty.io.grpc.stub.ClientCalls.getUnchecked(ClientCalls.java:214)
	at org.apache.ratis.thirdparty.io.grpc.stub.ClientCalls.blockingUnaryCall(ClientCalls.java:139)
	at org.apache.ratis.proto.grpc.RaftServerProtocolServiceGrpc$RaftServerProtocolServiceBlockingStub.requestVote(RaftServerProtocolServiceGrpc.java:265)
	at org.apache.ratis.grpc.server.GrpcServerProtocolClient.requestVote(GrpcServerProtocolClient.java:99)
	at org.apache.ratis.grpc.server.GrpcService.requestVote(GrpcService.java:204)
	at org.apache.ratis.server.impl.LeaderElection.lambda$submitRequests$1(LeaderElection.java:234)
	at java.util.concurrent.FutureTask.run(FutureTask.java:266)
	at java.util.concurrent.Executors$RunnableAdapter.call(Executors.java:511)
	at java.util.concurrent.FutureTask.run(FutureTask.java:266)
	at java.util.concurrent.ThreadPoolExecutor.runWorker(ThreadPoolExecutor.java:1149)
	at java.util.concurrent.ThreadPoolExecutor$Worker.run(ThreadPoolExecutor.java:624)
	... 1 more
Caused by: org.apache.ratis.thirdparty.io.netty.channel.AbstractChannel$AnnotatedConnectException: Connection refused: /192.168.157.203:33208
	at sun.nio.ch.SocketChannelImpl.checkConnect(Native Method)
	at sun.nio.ch.SocketChannelImpl.finishConnect(SocketChannelImpl.java:717)
	at org.apache.ratis.thirdparty.io.netty.channel.socket.nio.NioSocketChannel.doFinishConnect(NioSocketChannel.java:327)
	at org.apache.ratis.thirdparty.io.netty.channel.nio.AbstractNioChannel$AbstractNioUnsafe.finishConnect(AbstractNioChannel.java:340)
	at org.apache.ratis.thirdparty.io.netty.channel.nio.NioEventLoop.processSelectedKey(NioEventLoop.java:632)
	at org.apache.ratis.thirdparty.io.netty.channel.nio.NioEventLoop.processSelectedKeysOptimized(NioEventLoop.java:579)
	at org.apache.ratis.thirdparty.io.netty.channel.nio.NioEventLoop.processSelectedKeys(NioEventLoop.java:496)
	at org.apache.ratis.thirdparty.io.netty.channel.nio.NioEventLoop.run(NioEventLoop.java:458)
	at org.apache.ratis.thirdparty.io.netty.util.concurrent.SingleThreadEventExecutor$5.run(SingleThreadEventExecutor.java:897)
	at org.apache.ratis.thirdparty.io.netty.util.concurrent.FastThreadLocalRunnable.run(FastThreadLocalRunnable.java:30)
	... 1 more
Caused by: java.net.ConnectException: Connection refused
	... 11 more
2019-10-16 11:36:14,989 [a3132885-145f-4a8c-85f4-c10eb874732d@group-2077DD483DC7-LeaderElection456] INFO  impl.RaftServerImpl (RaftServerImpl.java:setRole(184)) - a3132885-145f-4a8c-85f4-c10eb874732d@group-2077DD483DC7: changes role from CANDIDATE to FOLLOWER at term 280 for DISCOVERED_A_NEW_TERM
2019-10-16 11:36:14,989 [a3132885-145f-4a8c-85f4-c10eb874732d@group-2077DD483DC7-LeaderElection456] INFO  impl.RoleInfo (RoleInfo.java:shutdownLeaderElection(134)) - a3132885-145f-4a8c-85f4-c10eb874732d: shutdown LeaderElection
2019-10-16 11:36:14,990 [a3132885-145f-4a8c-85f4-c10eb874732d@group-2077DD483DC7-LeaderElection456] INFO  impl.RoleInfo (RoleInfo.java:updateAndGet(143)) - a3132885-145f-4a8c-85f4-c10eb874732d: start FollowerState
2019-10-16 11:36:14,991 [java.util.concurrent.ThreadPoolExecutor$Worker@1a001f89[State = -1, empty queue]] WARN  server.GrpcLogAppender (GrpcLogAppender.java:timeoutAppendRequest(209)) - 5c445d34-c031-481c-9d4b-8fbace1f61b8@group-8BBDE5791A04->857fec05-692a-4d09-bf1c-7d167682feae-GrpcLogAppender: appendEntries Timeout, request=5c445d34-c031-481c-9d4b-8fbace1f61b8->857fec05-692a-4d09-bf1c-7d167682feae#85-t6, previous=(t:6, i:21), leaderCommit=21, initializing? false, entries: <empty>
2019-10-16 11:36:15,059 [Thread-3455] INFO  impl.FollowerState (FollowerState.java:run(108)) - a3132885-145f-4a8c-85f4-c10eb874732d@group-2077DD483DC7-FollowerState: change to CANDIDATE, lastRpcTime:69ms, electionTimeout:69ms
2019-10-16 11:36:15,059 [Thread-3455] INFO  impl.RoleInfo (RoleInfo.java:shutdownFollowerState(121)) - a3132885-145f-4a8c-85f4-c10eb874732d: shutdown FollowerState
2019-10-16 11:36:15,059 [Thread-3455] INFO  impl.RaftServerImpl (RaftServerImpl.java:setRole(184)) - a3132885-145f-4a8c-85f4-c10eb874732d@group-2077DD483DC7: changes role from  FOLLOWER to CANDIDATE at term 280 for changeToCandidate
2019-10-16 11:36:15,060 [Thread-3455] INFO  impl.RoleInfo (RoleInfo.java:updateAndGet(143)) - a3132885-145f-4a8c-85f4-c10eb874732d: start LeaderElection
2019-10-16 11:36:15,139 [a3132885-145f-4a8c-85f4-c10eb874732d@group-2077DD483DC7-LeaderElection457] INFO  impl.LeaderElection (LeaderElection.java:askForVotes(178)) - a3132885-145f-4a8c-85f4-c10eb874732d@group-2077DD483DC7-LeaderElection457: begin an election at term 281 for -1: [163587bb-2c3b-4498-b576-18147cf38274:192.168.157.203:33208, a3132885-145f-4a8c-85f4-c10eb874732d:192.168.157.203:46766, 70b633f6-b230-4b9f-87f3-510da88f1e08:192.168.157.203:43163], old=null
2019-10-16 11:36:15,140 [a3132885-145f-4a8c-85f4-c10eb874732d@group-2077DD483DC7-LeaderElection457] INFO  impl.LeaderElection (LogUtils.java:infoOrTrace(149)) - a3132885-145f-4a8c-85f4-c10eb874732d@group-2077DD483DC7-LeaderElection457 got exception when requesting votes: {}
java.util.concurrent.ExecutionException: org.apache.ratis.thirdparty.io.grpc.StatusRuntimeException: UNAVAILABLE: io exception
	at java.util.concurrent.FutureTask.report(FutureTask.java:122)
	at java.util.concurrent.FutureTask.get(FutureTask.java:192)
	at org.apache.ratis.server.impl.LeaderElection.waitForResults(LeaderElection.java:259)
	at org.apache.ratis.server.impl.LeaderElection.askForVotes(LeaderElection.java:197)
	at org.apache.ratis.server.impl.LeaderElection.run(LeaderElection.java:133)
	at java.lang.Thread.run(Thread.java:748)
Caused by: org.apache.ratis.thirdparty.io.grpc.StatusRuntimeException: UNAVAILABLE: io exception
	at org.apache.ratis.thirdparty.io.grpc.stub.ClientCalls.toStatusRuntimeException(ClientCalls.java:233)
	at org.apache.ratis.thirdparty.io.grpc.stub.ClientCalls.getUnchecked(ClientCalls.java:214)
	at org.apache.ratis.thirdparty.io.grpc.stub.ClientCalls.blockingUnaryCall(ClientCalls.java:139)
	at org.apache.ratis.proto.grpc.RaftServerProtocolServiceGrpc$RaftServerProtocolServiceBlockingStub.requestVote(RaftServerProtocolServiceGrpc.java:265)
	at org.apache.ratis.grpc.server.GrpcServerProtocolClient.requestVote(GrpcServerProtocolClient.java:99)
	at org.apache.ratis.grpc.server.GrpcService.requestVote(GrpcService.java:204)
	at org.apache.ratis.server.impl.LeaderElection.lambda$submitRequests$1(LeaderElection.java:234)
	at java.util.concurrent.FutureTask.run(FutureTask.java:266)
	at java.util.concurrent.Executors$RunnableAdapter.call(Executors.java:511)
	at java.util.concurrent.FutureTask.run(FutureTask.java:266)
	at java.util.concurrent.ThreadPoolExecutor.runWorker(ThreadPoolExecutor.java:1149)
	at java.util.concurrent.ThreadPoolExecutor$Worker.run(ThreadPoolExecutor.java:624)
	... 1 more
Caused by: org.apache.ratis.thirdparty.io.netty.channel.AbstractChannel$AnnotatedConnectException: Connection refused: /192.168.157.203:33208
	at sun.nio.ch.SocketChannelImpl.checkConnect(Native Method)
	at sun.nio.ch.SocketChannelImpl.finishConnect(SocketChannelImpl.java:717)
	at org.apache.ratis.thirdparty.io.netty.channel.socket.nio.NioSocketChannel.doFinishConnect(NioSocketChannel.java:327)
	at org.apache.ratis.thirdparty.io.netty.channel.nio.AbstractNioChannel$AbstractNioUnsafe.finishConnect(AbstractNioChannel.java:340)
	at org.apache.ratis.thirdparty.io.netty.channel.nio.NioEventLoop.processSelectedKey(NioEventLoop.java:632)
	at org.apache.ratis.thirdparty.io.netty.channel.nio.NioEventLoop.processSelectedKeysOptimized(NioEventLoop.java:579)
	at org.apache.ratis.thirdparty.io.netty.channel.nio.NioEventLoop.processSelectedKeys(NioEventLoop.java:496)
	at org.apache.ratis.thirdparty.io.netty.channel.nio.NioEventLoop.run(NioEventLoop.java:458)
	at org.apache.ratis.thirdparty.io.netty.util.concurrent.SingleThreadEventExecutor$5.run(SingleThreadEventExecutor.java:897)
	at org.apache.ratis.thirdparty.io.netty.util.concurrent.FastThreadLocalRunnable.run(FastThreadLocalRunnable.java:30)
	... 1 more
Caused by: java.net.ConnectException: Connection refused
	... 11 more
2019-10-16 11:36:15,143 [grpc-default-executor-5] INFO  impl.RaftServerImpl (RaftServerImpl.java:setRole(184)) - 70b633f6-b230-4b9f-87f3-510da88f1e08@group-2077DD483DC7: changes role from  FOLLOWER to FOLLOWER at term 281 for recognizeCandidate:a3132885-145f-4a8c-85f4-c10eb874732d
2019-10-16 11:36:15,143 [grpc-default-executor-5] INFO  impl.RoleInfo (RoleInfo.java:shutdownFollowerState(121)) - 70b633f6-b230-4b9f-87f3-510da88f1e08: shutdown FollowerState
2019-10-16 11:36:15,143 [grpc-default-executor-5] INFO  impl.RoleInfo (RoleInfo.java:updateAndGet(143)) - 70b633f6-b230-4b9f-87f3-510da88f1e08: start FollowerState
2019-10-16 11:36:15,143 [Thread-3454] INFO  impl.FollowerState (FollowerState.java:run(117)) - 70b633f6-b230-4b9f-87f3-510da88f1e08@group-2077DD483DC7-FollowerState was interrupted: java.lang.InterruptedException: sleep interrupted
2019-10-16 11:36:15,169 [a3132885-145f-4a8c-85f4-c10eb874732d@group-2077DD483DC7-LeaderElection457] INFO  impl.LeaderElection (LeaderElection.java:logAndReturn(56)) - a3132885-145f-4a8c-85f4-c10eb874732d@group-2077DD483DC7-LeaderElection457: Election REJECTED; received 1 response(s) [a3132885-145f-4a8c-85f4-c10eb874732d<-70b633f6-b230-4b9f-87f3-510da88f1e08#0:FAIL-t281] and 1 exception(s); a3132885-145f-4a8c-85f4-c10eb874732d@group-2077DD483DC7:t281, leader=null, voted=a3132885-145f-4a8c-85f4-c10eb874732d, raftlog=a3132885-145f-4a8c-85f4-c10eb874732d@group-2077DD483DC7-SegmentedRaftLog:OPENED:c-1,f-1,i0, conf=-1: [163587bb-2c3b-4498-b576-18147cf38274:192.168.157.203:33208, a3132885-145f-4a8c-85f4-c10eb874732d:192.168.157.203:46766, 70b633f6-b230-4b9f-87f3-510da88f1e08:192.168.157.203:43163], old=null
2019-10-16 11:36:15,170 [a3132885-145f-4a8c-85f4-c10eb874732d@group-2077DD483DC7-LeaderElection457] INFO  impl.LeaderElection (LogUtils.java:infoOrTrace(149)) -   Exception 0: {}
java.util.concurrent.ExecutionException: org.apache.ratis.thirdparty.io.grpc.StatusRuntimeException: UNAVAILABLE: io exception
	at java.util.concurrent.FutureTask.report(FutureTask.java:122)
	at java.util.concurrent.FutureTask.get(FutureTask.java:192)
	at org.apache.ratis.server.impl.LeaderElection.waitForResults(LeaderElection.java:259)
	at org.apache.ratis.server.impl.LeaderElection.askForVotes(LeaderElection.java:197)
	at org.apache.ratis.server.impl.LeaderElection.run(LeaderElection.java:133)
	at java.lang.Thread.run(Thread.java:748)
Caused by: org.apache.ratis.thirdparty.io.grpc.StatusRuntimeException: UNAVAILABLE: io exception
	at org.apache.ratis.thirdparty.io.grpc.stub.ClientCalls.toStatusRuntimeException(ClientCalls.java:233)
	at org.apache.ratis.thirdparty.io.grpc.stub.ClientCalls.getUnchecked(ClientCalls.java:214)
	at org.apache.ratis.thirdparty.io.grpc.stub.ClientCalls.blockingUnaryCall(ClientCalls.java:139)
	at org.apache.ratis.proto.grpc.RaftServerProtocolServiceGrpc$RaftServerProtocolServiceBlockingStub.requestVote(RaftServerProtocolServiceGrpc.java:265)
	at org.apache.ratis.grpc.server.GrpcServerProtocolClient.requestVote(GrpcServerProtocolClient.java:99)
	at org.apache.ratis.grpc.server.GrpcService.requestVote(GrpcService.java:204)
	at org.apache.ratis.server.impl.LeaderElection.lambda$submitRequests$1(LeaderElection.java:234)
	at java.util.concurrent.FutureTask.run(FutureTask.java:266)
	at java.util.concurrent.Executors$RunnableAdapter.call(Executors.java:511)
	at java.util.concurrent.FutureTask.run(FutureTask.java:266)
	at java.util.concurrent.ThreadPoolExecutor.runWorker(ThreadPoolExecutor.java:1149)
	at java.util.concurrent.ThreadPoolExecutor$Worker.run(ThreadPoolExecutor.java:624)
	... 1 more
Caused by: org.apache.ratis.thirdparty.io.netty.channel.AbstractChannel$AnnotatedConnectException: Connection refused: /192.168.157.203:33208
	at sun.nio.ch.SocketChannelImpl.checkConnect(Native Method)
	at sun.nio.ch.SocketChannelImpl.finishConnect(SocketChannelImpl.java:717)
	at org.apache.ratis.thirdparty.io.netty.channel.socket.nio.NioSocketChannel.doFinishConnect(NioSocketChannel.java:327)
	at org.apache.ratis.thirdparty.io.netty.channel.nio.AbstractNioChannel$AbstractNioUnsafe.finishConnect(AbstractNioChannel.java:340)
	at org.apache.ratis.thirdparty.io.netty.channel.nio.NioEventLoop.processSelectedKey(NioEventLoop.java:632)
	at org.apache.ratis.thirdparty.io.netty.channel.nio.NioEventLoop.processSelectedKeysOptimized(NioEventLoop.java:579)
	at org.apache.ratis.thirdparty.io.netty.channel.nio.NioEventLoop.processSelectedKeys(NioEventLoop.java:496)
	at org.apache.ratis.thirdparty.io.netty.channel.nio.NioEventLoop.run(NioEventLoop.java:458)
	at org.apache.ratis.thirdparty.io.netty.util.concurrent.SingleThreadEventExecutor$5.run(SingleThreadEventExecutor.java:897)
	at org.apache.ratis.thirdparty.io.netty.util.concurrent.FastThreadLocalRunnable.run(FastThreadLocalRunnable.java:30)
	... 1 more
Caused by: java.net.ConnectException: Connection refused
	... 11 more
2019-10-16 11:36:15,170 [a3132885-145f-4a8c-85f4-c10eb874732d@group-2077DD483DC7-LeaderElection457] INFO  impl.RaftServerImpl (RaftServerImpl.java:setRole(184)) - a3132885-145f-4a8c-85f4-c10eb874732d@group-2077DD483DC7: changes role from CANDIDATE to FOLLOWER at term 281 for DISCOVERED_A_NEW_TERM
2019-10-16 11:36:15,171 [a3132885-145f-4a8c-85f4-c10eb874732d@group-2077DD483DC7-LeaderElection457] INFO  impl.RoleInfo (RoleInfo.java:shutdownLeaderElection(134)) - a3132885-145f-4a8c-85f4-c10eb874732d: shutdown LeaderElection
2019-10-16 11:36:15,171 [a3132885-145f-4a8c-85f4-c10eb874732d@group-2077DD483DC7-LeaderElection457] INFO  impl.RoleInfo (RoleInfo.java:updateAndGet(143)) - a3132885-145f-4a8c-85f4-c10eb874732d: start FollowerState
2019-10-16 11:36:15,254 [Thread-3461] INFO  impl.FollowerState (FollowerState.java:run(108)) - a3132885-145f-4a8c-85f4-c10eb874732d@group-2077DD483DC7-FollowerState: change to CANDIDATE, lastRpcTime:83ms, electionTimeout:83ms
2019-10-16 11:36:15,254 [Thread-3461] INFO  impl.RoleInfo (RoleInfo.java:shutdownFollowerState(121)) - a3132885-145f-4a8c-85f4-c10eb874732d: shutdown FollowerState
2019-10-16 11:36:15,254 [Thread-3461] INFO  impl.RaftServerImpl (RaftServerImpl.java:setRole(184)) - a3132885-145f-4a8c-85f4-c10eb874732d@group-2077DD483DC7: changes role from  FOLLOWER to CANDIDATE at term 281 for changeToCandidate
2019-10-16 11:36:15,255 [Thread-3461] INFO  impl.RoleInfo (RoleInfo.java:updateAndGet(143)) - a3132885-145f-4a8c-85f4-c10eb874732d: start LeaderElection
2019-10-16 11:36:15,261 [a3132885-145f-4a8c-85f4-c10eb874732d@group-2077DD483DC7-LeaderElection458] INFO  impl.LeaderElection (LeaderElection.java:askForVotes(178)) - a3132885-145f-4a8c-85f4-c10eb874732d@group-2077DD483DC7-LeaderElection458: begin an election at term 282 for -1: [163587bb-2c3b-4498-b576-18147cf38274:192.168.157.203:33208, a3132885-145f-4a8c-85f4-c10eb874732d:192.168.157.203:46766, 70b633f6-b230-4b9f-87f3-510da88f1e08:192.168.157.203:43163], old=null
2019-10-16 11:36:15,262 [a3132885-145f-4a8c-85f4-c10eb874732d@group-2077DD483DC7-LeaderElection458] INFO  impl.LeaderElection (LogUtils.java:infoOrTrace(149)) - a3132885-145f-4a8c-85f4-c10eb874732d@group-2077DD483DC7-LeaderElection458 got exception when requesting votes: {}
java.util.concurrent.ExecutionException: org.apache.ratis.thirdparty.io.grpc.StatusRuntimeException: UNAVAILABLE: io exception
	at java.util.concurrent.FutureTask.report(FutureTask.java:122)
	at java.util.concurrent.FutureTask.get(FutureTask.java:192)
	at org.apache.ratis.server.impl.LeaderElection.waitForResults(LeaderElection.java:259)
	at org.apache.ratis.server.impl.LeaderElection.askForVotes(LeaderElection.java:197)
	at org.apache.ratis.server.impl.LeaderElection.run(LeaderElection.java:133)
	at java.lang.Thread.run(Thread.java:748)
Caused by: org.apache.ratis.thirdparty.io.grpc.StatusRuntimeException: UNAVAILABLE: io exception
	at org.apache.ratis.thirdparty.io.grpc.stub.ClientCalls.toStatusRuntimeException(ClientCalls.java:233)
	at org.apache.ratis.thirdparty.io.grpc.stub.ClientCalls.getUnchecked(ClientCalls.java:214)
	at org.apache.ratis.thirdparty.io.grpc.stub.ClientCalls.blockingUnaryCall(ClientCalls.java:139)
	at org.apache.ratis.proto.grpc.RaftServerProtocolServiceGrpc$RaftServerProtocolServiceBlockingStub.requestVote(RaftServerProtocolServiceGrpc.java:265)
	at org.apache.ratis.grpc.server.GrpcServerProtocolClient.requestVote(GrpcServerProtocolClient.java:99)
	at org.apache.ratis.grpc.server.GrpcService.requestVote(GrpcService.java:204)
	at org.apache.ratis.server.impl.LeaderElection.lambda$submitRequests$1(LeaderElection.java:234)
	at java.util.concurrent.FutureTask.run(FutureTask.java:266)
	at java.util.concurrent.Executors$RunnableAdapter.call(Executors.java:511)
	at java.util.concurrent.FutureTask.run(FutureTask.java:266)
	at java.util.concurrent.ThreadPoolExecutor.runWorker(ThreadPoolExecutor.java:1149)
	at java.util.concurrent.ThreadPoolExecutor$Worker.run(ThreadPoolExecutor.java:624)
	... 1 more
Caused by: org.apache.ratis.thirdparty.io.netty.channel.AbstractChannel$AnnotatedConnectException: Connection refused: /192.168.157.203:33208
	at sun.nio.ch.SocketChannelImpl.checkConnect(Native Method)
	at sun.nio.ch.SocketChannelImpl.finishConnect(SocketChannelImpl.java:717)
	at org.apache.ratis.thirdparty.io.netty.channel.socket.nio.NioSocketChannel.doFinishConnect(NioSocketChannel.java:327)
	at org.apache.ratis.thirdparty.io.netty.channel.nio.AbstractNioChannel$AbstractNioUnsafe.finishConnect(AbstractNioChannel.java:340)
	at org.apache.ratis.thirdparty.io.netty.channel.nio.NioEventLoop.processSelectedKey(NioEventLoop.java:632)
	at org.apache.ratis.thirdparty.io.netty.channel.nio.NioEventLoop.processSelectedKeysOptimized(NioEventLoop.java:579)
	at org.apache.ratis.thirdparty.io.netty.channel.nio.NioEventLoop.processSelectedKeys(NioEventLoop.java:496)
	at org.apache.ratis.thirdparty.io.netty.channel.nio.NioEventLoop.run(NioEventLoop.java:458)
	at org.apache.ratis.thirdparty.io.netty.util.concurrent.SingleThreadEventExecutor$5.run(SingleThreadEventExecutor.java:897)
	at org.apache.ratis.thirdparty.io.netty.util.concurrent.FastThreadLocalRunnable.run(FastThreadLocalRunnable.java:30)
	... 1 more
Caused by: java.net.ConnectException: Connection refused
	... 11 more
2019-10-16 11:36:15,265 [grpc-default-executor-5] INFO  impl.RaftServerImpl (RaftServerImpl.java:setRole(184)) - 70b633f6-b230-4b9f-87f3-510da88f1e08@group-2077DD483DC7: changes role from  FOLLOWER to FOLLOWER at term 282 for recognizeCandidate:a3132885-145f-4a8c-85f4-c10eb874732d
2019-10-16 11:36:15,265 [grpc-default-executor-5] INFO  impl.RoleInfo (RoleInfo.java:shutdownFollowerState(121)) - 70b633f6-b230-4b9f-87f3-510da88f1e08: shutdown FollowerState
2019-10-16 11:36:15,265 [grpc-default-executor-5] INFO  impl.RoleInfo (RoleInfo.java:updateAndGet(143)) - 70b633f6-b230-4b9f-87f3-510da88f1e08: start FollowerState
2019-10-16 11:36:15,266 [Thread-3460] INFO  impl.FollowerState (FollowerState.java:run(117)) - 70b633f6-b230-4b9f-87f3-510da88f1e08@group-2077DD483DC7-FollowerState was interrupted: java.lang.InterruptedException: sleep interrupted
2019-10-16 11:36:15,287 [a3132885-145f-4a8c-85f4-c10eb874732d@group-2077DD483DC7-LeaderElection458] INFO  impl.LeaderElection (LeaderElection.java:logAndReturn(56)) - a3132885-145f-4a8c-85f4-c10eb874732d@group-2077DD483DC7-LeaderElection458: Election REJECTED; received 1 response(s) [a3132885-145f-4a8c-85f4-c10eb874732d<-70b633f6-b230-4b9f-87f3-510da88f1e08#0:FAIL-t282] and 1 exception(s); a3132885-145f-4a8c-85f4-c10eb874732d@group-2077DD483DC7:t282, leader=null, voted=a3132885-145f-4a8c-85f4-c10eb874732d, raftlog=a3132885-145f-4a8c-85f4-c10eb874732d@group-2077DD483DC7-SegmentedRaftLog:OPENED:c-1,f-1,i0, conf=-1: [163587bb-2c3b-4498-b576-18147cf38274:192.168.157.203:33208, a3132885-145f-4a8c-85f4-c10eb874732d:192.168.157.203:46766, 70b633f6-b230-4b9f-87f3-510da88f1e08:192.168.157.203:43163], old=null
2019-10-16 11:36:15,287 [a3132885-145f-4a8c-85f4-c10eb874732d@group-2077DD483DC7-LeaderElection458] INFO  impl.LeaderElection (LogUtils.java:infoOrTrace(149)) -   Exception 0: {}
java.util.concurrent.ExecutionException: org.apache.ratis.thirdparty.io.grpc.StatusRuntimeException: UNAVAILABLE: io exception
	at java.util.concurrent.FutureTask.report(FutureTask.java:122)
	at java.util.concurrent.FutureTask.get(FutureTask.java:192)
	at org.apache.ratis.server.impl.LeaderElection.waitForResults(LeaderElection.java:259)
	at org.apache.ratis.server.impl.LeaderElection.askForVotes(LeaderElection.java:197)
	at org.apache.ratis.server.impl.LeaderElection.run(LeaderElection.java:133)
	at java.lang.Thread.run(Thread.java:748)
Caused by: org.apache.ratis.thirdparty.io.grpc.StatusRuntimeException: UNAVAILABLE: io exception
	at org.apache.ratis.thirdparty.io.grpc.stub.ClientCalls.toStatusRuntimeException(ClientCalls.java:233)
	at org.apache.ratis.thirdparty.io.grpc.stub.ClientCalls.getUnchecked(ClientCalls.java:214)
	at org.apache.ratis.thirdparty.io.grpc.stub.ClientCalls.blockingUnaryCall(ClientCalls.java:139)
	at org.apache.ratis.proto.grpc.RaftServerProtocolServiceGrpc$RaftServerProtocolServiceBlockingStub.requestVote(RaftServerProtocolServiceGrpc.java:265)
	at org.apache.ratis.grpc.server.GrpcServerProtocolClient.requestVote(GrpcServerProtocolClient.java:99)
	at org.apache.ratis.grpc.server.GrpcService.requestVote(GrpcService.java:204)
	at org.apache.ratis.server.impl.LeaderElection.lambda$submitRequests$1(LeaderElection.java:234)
	at java.util.concurrent.FutureTask.run(FutureTask.java:266)
	at java.util.concurrent.Executors$RunnableAdapter.call(Executors.java:511)
	at java.util.concurrent.FutureTask.run(FutureTask.java:266)
	at java.util.concurrent.ThreadPoolExecutor.runWorker(ThreadPoolExecutor.java:1149)
	at java.util.concurrent.ThreadPoolExecutor$Worker.run(ThreadPoolExecutor.java:624)
	... 1 more
Caused by: org.apache.ratis.thirdparty.io.netty.channel.AbstractChannel$AnnotatedConnectException: Connection refused: /192.168.157.203:33208
	at sun.nio.ch.SocketChannelImpl.checkConnect(Native Method)
	at sun.nio.ch.SocketChannelImpl.finishConnect(SocketChannelImpl.java:717)
	at org.apache.ratis.thirdparty.io.netty.channel.socket.nio.NioSocketChannel.doFinishConnect(NioSocketChannel.java:327)
	at org.apache.ratis.thirdparty.io.netty.channel.nio.AbstractNioChannel$AbstractNioUnsafe.finishConnect(AbstractNioChannel.java:340)
	at org.apache.ratis.thirdparty.io.netty.channel.nio.NioEventLoop.processSelectedKey(NioEventLoop.java:632)
	at org.apache.ratis.thirdparty.io.netty.channel.nio.NioEventLoop.processSelectedKeysOptimized(NioEventLoop.java:579)
	at org.apache.ratis.thirdparty.io.netty.channel.nio.NioEventLoop.processSelectedKeys(NioEventLoop.java:496)
	at org.apache.ratis.thirdparty.io.netty.channel.nio.NioEventLoop.run(NioEventLoop.java:458)
	at org.apache.ratis.thirdparty.io.netty.util.concurrent.SingleThreadEventExecutor$5.run(SingleThreadEventExecutor.java:897)
	at org.apache.ratis.thirdparty.io.netty.util.concurrent.FastThreadLocalRunnable.run(FastThreadLocalRunnable.java:30)
	... 1 more
Caused by: java.net.ConnectException: Connection refused
	... 11 more
2019-10-16 11:36:15,287 [a3132885-145f-4a8c-85f4-c10eb874732d@group-2077DD483DC7-LeaderElection458] INFO  impl.RaftServerImpl (RaftServerImpl.java:setRole(184)) - a3132885-145f-4a8c-85f4-c10eb874732d@group-2077DD483DC7: changes role from CANDIDATE to FOLLOWER at term 282 for DISCOVERED_A_NEW_TERM
2019-10-16 11:36:15,288 [a3132885-145f-4a8c-85f4-c10eb874732d@group-2077DD483DC7-LeaderElection458] INFO  impl.RoleInfo (RoleInfo.java:shutdownLeaderElection(134)) - a3132885-145f-4a8c-85f4-c10eb874732d: shutdown LeaderElection
2019-10-16 11:36:15,288 [a3132885-145f-4a8c-85f4-c10eb874732d@group-2077DD483DC7-LeaderElection458] INFO  impl.RoleInfo (RoleInfo.java:updateAndGet(143)) - a3132885-145f-4a8c-85f4-c10eb874732d: start FollowerState
2019-10-16 11:36:15,477 [Thread-3466] INFO  impl.FollowerState (FollowerState.java:run(108)) - a3132885-145f-4a8c-85f4-c10eb874732d@group-2077DD483DC7-FollowerState: change to CANDIDATE, lastRpcTime:189ms, electionTimeout:189ms
2019-10-16 11:36:15,477 [Thread-3466] INFO  impl.RoleInfo (RoleInfo.java:shutdownFollowerState(121)) - a3132885-145f-4a8c-85f4-c10eb874732d: shutdown FollowerState
2019-10-16 11:36:15,478 [Thread-3466] INFO  impl.RaftServerImpl (RaftServerImpl.java:setRole(184)) - a3132885-145f-4a8c-85f4-c10eb874732d@group-2077DD483DC7: changes role from  FOLLOWER to CANDIDATE at term 282 for changeToCandidate
2019-10-16 11:36:15,478 [Thread-3466] INFO  impl.RoleInfo (RoleInfo.java:updateAndGet(143)) - a3132885-145f-4a8c-85f4-c10eb874732d: start LeaderElection
2019-10-16 11:36:15,484 [a3132885-145f-4a8c-85f4-c10eb874732d@group-2077DD483DC7-LeaderElection459] INFO  impl.LeaderElection (LeaderElection.java:askForVotes(178)) - a3132885-145f-4a8c-85f4-c10eb874732d@group-2077DD483DC7-LeaderElection459: begin an election at term 283 for -1: [163587bb-2c3b-4498-b576-18147cf38274:192.168.157.203:33208, a3132885-145f-4a8c-85f4-c10eb874732d:192.168.157.203:46766, 70b633f6-b230-4b9f-87f3-510da88f1e08:192.168.157.203:43163], old=null
2019-10-16 11:36:15,485 [a3132885-145f-4a8c-85f4-c10eb874732d@group-2077DD483DC7-LeaderElection459] INFO  impl.LeaderElection (LogUtils.java:infoOrTrace(149)) - a3132885-145f-4a8c-85f4-c10eb874732d@group-2077DD483DC7-LeaderElection459 got exception when requesting votes: {}
java.util.concurrent.ExecutionException: org.apache.ratis.thirdparty.io.grpc.StatusRuntimeException: UNAVAILABLE: io exception
	at java.util.concurrent.FutureTask.report(FutureTask.java:122)
	at java.util.concurrent.FutureTask.get(FutureTask.java:192)
	at org.apache.ratis.server.impl.LeaderElection.waitForResults(LeaderElection.java:259)
	at org.apache.ratis.server.impl.LeaderElection.askForVotes(LeaderElection.java:197)
	at org.apache.ratis.server.impl.LeaderElection.run(LeaderElection.java:133)
	at java.lang.Thread.run(Thread.java:748)
Caused by: org.apache.ratis.thirdparty.io.grpc.StatusRuntimeException: UNAVAILABLE: io exception
	at org.apache.ratis.thirdparty.io.grpc.stub.ClientCalls.toStatusRuntimeException(ClientCalls.java:233)
	at org.apache.ratis.thirdparty.io.grpc.stub.ClientCalls.getUnchecked(ClientCalls.java:214)
	at org.apache.ratis.thirdparty.io.grpc.stub.ClientCalls.blockingUnaryCall(ClientCalls.java:139)
	at org.apache.ratis.proto.grpc.RaftServerProtocolServiceGrpc$RaftServerProtocolServiceBlockingStub.requestVote(RaftServerProtocolServiceGrpc.java:265)
	at org.apache.ratis.grpc.server.GrpcServerProtocolClient.requestVote(GrpcServerProtocolClient.java:99)
	at org.apache.ratis.grpc.server.GrpcService.requestVote(GrpcService.java:204)
	at org.apache.ratis.server.impl.LeaderElection.lambda$submitRequests$1(LeaderElection.java:234)
	at java.util.concurrent.FutureTask.run(FutureTask.java:266)
	at java.util.concurrent.Executors$RunnableAdapter.call(Executors.java:511)
	at java.util.concurrent.FutureTask.run(FutureTask.java:266)
	at java.util.concurrent.ThreadPoolExecutor.runWorker(ThreadPoolExecutor.java:1149)
	at java.util.concurrent.ThreadPoolExecutor$Worker.run(ThreadPoolExecutor.java:624)
	... 1 more
Caused by: org.apache.ratis.thirdparty.io.netty.channel.AbstractChannel$AnnotatedConnectException: Connection refused: /192.168.157.203:33208
	at sun.nio.ch.SocketChannelImpl.checkConnect(Native Method)
	at sun.nio.ch.SocketChannelImpl.finishConnect(SocketChannelImpl.java:717)
	at org.apache.ratis.thirdparty.io.netty.channel.socket.nio.NioSocketChannel.doFinishConnect(NioSocketChannel.java:327)
	at org.apache.ratis.thirdparty.io.netty.channel.nio.AbstractNioChannel$AbstractNioUnsafe.finishConnect(AbstractNioChannel.java:340)
	at org.apache.ratis.thirdparty.io.netty.channel.nio.NioEventLoop.processSelectedKey(NioEventLoop.java:632)
	at org.apache.ratis.thirdparty.io.netty.channel.nio.NioEventLoop.processSelectedKeysOptimized(NioEventLoop.java:579)
	at org.apache.ratis.thirdparty.io.netty.channel.nio.NioEventLoop.processSelectedKeys(NioEventLoop.java:496)
	at org.apache.ratis.thirdparty.io.netty.channel.nio.NioEventLoop.run(NioEventLoop.java:458)
	at org.apache.ratis.thirdparty.io.netty.util.concurrent.SingleThreadEventExecutor$5.run(SingleThreadEventExecutor.java:897)
	at org.apache.ratis.thirdparty.io.netty.util.concurrent.FastThreadLocalRunnable.run(FastThreadLocalRunnable.java:30)
	... 1 more
Caused by: java.net.ConnectException: Connection refused
	... 11 more
2019-10-16 11:36:15,489 [grpc-default-executor-5] INFO  impl.RaftServerImpl (RaftServerImpl.java:setRole(184)) - 70b633f6-b230-4b9f-87f3-510da88f1e08@group-2077DD483DC7: changes role from  FOLLOWER to FOLLOWER at term 283 for recognizeCandidate:a3132885-145f-4a8c-85f4-c10eb874732d
2019-10-16 11:36:15,489 [grpc-default-executor-5] INFO  impl.RoleInfo (RoleInfo.java:shutdownFollowerState(121)) - 70b633f6-b230-4b9f-87f3-510da88f1e08: shutdown FollowerState
2019-10-16 11:36:15,489 [grpc-default-executor-5] INFO  impl.RoleInfo (RoleInfo.java:updateAndGet(143)) - 70b633f6-b230-4b9f-87f3-510da88f1e08: start FollowerState
2019-10-16 11:36:15,490 [Thread-3465] INFO  impl.FollowerState (FollowerState.java:run(117)) - 70b633f6-b230-4b9f-87f3-510da88f1e08@group-2077DD483DC7-FollowerState was interrupted: java.lang.InterruptedException: sleep interrupted
2019-10-16 11:36:15,492 [java.util.concurrent.ThreadPoolExecutor$Worker@1a001f89[State = -1, empty queue]] WARN  server.GrpcLogAppender (GrpcLogAppender.java:timeoutAppendRequest(209)) - 5c445d34-c031-481c-9d4b-8fbace1f61b8@group-8BBDE5791A04->857fec05-692a-4d09-bf1c-7d167682feae-GrpcLogAppender: appendEntries Timeout, request=5c445d34-c031-481c-9d4b-8fbace1f61b8->857fec05-692a-4d09-bf1c-7d167682feae#86-t6, previous=(t:6, i:21), leaderCommit=21, initializing? false, entries: <empty>
2019-10-16 11:36:15,497 [a3132885-145f-4a8c-85f4-c10eb874732d@group-2077DD483DC7-LeaderElection459] INFO  impl.LeaderElection (LeaderElection.java:logAndReturn(56)) - a3132885-145f-4a8c-85f4-c10eb874732d@group-2077DD483DC7-LeaderElection459: Election REJECTED; received 1 response(s) [a3132885-145f-4a8c-85f4-c10eb874732d<-70b633f6-b230-4b9f-87f3-510da88f1e08#0:FAIL-t283] and 1 exception(s); a3132885-145f-4a8c-85f4-c10eb874732d@group-2077DD483DC7:t283, leader=null, voted=a3132885-145f-4a8c-85f4-c10eb874732d, raftlog=a3132885-145f-4a8c-85f4-c10eb874732d@group-2077DD483DC7-SegmentedRaftLog:OPENED:c-1,f-1,i0, conf=-1: [163587bb-2c3b-4498-b576-18147cf38274:192.168.157.203:33208, a3132885-145f-4a8c-85f4-c10eb874732d:192.168.157.203:46766, 70b633f6-b230-4b9f-87f3-510da88f1e08:192.168.157.203:43163], old=null
2019-10-16 11:36:15,497 [a3132885-145f-4a8c-85f4-c10eb874732d@group-2077DD483DC7-LeaderElection459] INFO  impl.LeaderElection (LogUtils.java:infoOrTrace(149)) -   Exception 0: {}
java.util.concurrent.ExecutionException: org.apache.ratis.thirdparty.io.grpc.StatusRuntimeException: UNAVAILABLE: io exception
	at java.util.concurrent.FutureTask.report(FutureTask.java:122)
	at java.util.concurrent.FutureTask.get(FutureTask.java:192)
	at org.apache.ratis.server.impl.LeaderElection.waitForResults(LeaderElection.java:259)
	at org.apache.ratis.server.impl.LeaderElection.askForVotes(LeaderElection.java:197)
	at org.apache.ratis.server.impl.LeaderElection.run(LeaderElection.java:133)
	at java.lang.Thread.run(Thread.java:748)
Caused by: org.apache.ratis.thirdparty.io.grpc.StatusRuntimeException: UNAVAILABLE: io exception
	at org.apache.ratis.thirdparty.io.grpc.stub.ClientCalls.toStatusRuntimeException(ClientCalls.java:233)
	at org.apache.ratis.thirdparty.io.grpc.stub.ClientCalls.getUnchecked(ClientCalls.java:214)
	at org.apache.ratis.thirdparty.io.grpc.stub.ClientCalls.blockingUnaryCall(ClientCalls.java:139)
	at org.apache.ratis.proto.grpc.RaftServerProtocolServiceGrpc$RaftServerProtocolServiceBlockingStub.requestVote(RaftServerProtocolServiceGrpc.java:265)
	at org.apache.ratis.grpc.server.GrpcServerProtocolClient.requestVote(GrpcServerProtocolClient.java:99)
	at org.apache.ratis.grpc.server.GrpcService.requestVote(GrpcService.java:204)
	at org.apache.ratis.server.impl.LeaderElection.lambda$submitRequests$1(LeaderElection.java:234)
	at java.util.concurrent.FutureTask.run(FutureTask.java:266)
	at java.util.concurrent.Executors$RunnableAdapter.call(Executors.java:511)
	at java.util.concurrent.FutureTask.run(FutureTask.java:266)
	at java.util.concurrent.ThreadPoolExecutor.runWorker(ThreadPoolExecutor.java:1149)
	at java.util.concurrent.ThreadPoolExecutor$Worker.run(ThreadPoolExecutor.java:624)
	... 1 more
Caused by: org.apache.ratis.thirdparty.io.netty.channel.AbstractChannel$AnnotatedConnectException: Connection refused: /192.168.157.203:33208
	at sun.nio.ch.SocketChannelImpl.checkConnect(Native Method)
	at sun.nio.ch.SocketChannelImpl.finishConnect(SocketChannelImpl.java:717)
	at org.apache.ratis.thirdparty.io.netty.channel.socket.nio.NioSocketChannel.doFinishConnect(NioSocketChannel.java:327)
	at org.apache.ratis.thirdparty.io.netty.channel.nio.AbstractNioChannel$AbstractNioUnsafe.finishConnect(AbstractNioChannel.java:340)
	at org.apache.ratis.thirdparty.io.netty.channel.nio.NioEventLoop.processSelectedKey(NioEventLoop.java:632)
	at org.apache.ratis.thirdparty.io.netty.channel.nio.NioEventLoop.processSelectedKeysOptimized(NioEventLoop.java:579)
	at org.apache.ratis.thirdparty.io.netty.channel.nio.NioEventLoop.processSelectedKeys(NioEventLoop.java:496)
	at org.apache.ratis.thirdparty.io.netty.channel.nio.NioEventLoop.run(NioEventLoop.java:458)
	at org.apache.ratis.thirdparty.io.netty.util.concurrent.SingleThreadEventExecutor$5.run(SingleThreadEventExecutor.java:897)
	at org.apache.ratis.thirdparty.io.netty.util.concurrent.FastThreadLocalRunnable.run(FastThreadLocalRunnable.java:30)
	... 1 more
Caused by: java.net.ConnectException: Connection refused
	... 11 more
2019-10-16 11:36:15,498 [a3132885-145f-4a8c-85f4-c10eb874732d@group-2077DD483DC7-LeaderElection459] INFO  impl.RaftServerImpl (RaftServerImpl.java:setRole(184)) - a3132885-145f-4a8c-85f4-c10eb874732d@group-2077DD483DC7: changes role from CANDIDATE to FOLLOWER at term 283 for DISCOVERED_A_NEW_TERM
2019-10-16 11:36:15,498 [a3132885-145f-4a8c-85f4-c10eb874732d@group-2077DD483DC7-LeaderElection459] INFO  impl.RoleInfo (RoleInfo.java:shutdownLeaderElection(134)) - a3132885-145f-4a8c-85f4-c10eb874732d: shutdown LeaderElection
2019-10-16 11:36:15,498 [a3132885-145f-4a8c-85f4-c10eb874732d@group-2077DD483DC7-LeaderElection459] INFO  impl.RoleInfo (RoleInfo.java:updateAndGet(143)) - a3132885-145f-4a8c-85f4-c10eb874732d: start FollowerState
2019-10-16 11:36:15,513 [Thread-3471] INFO  impl.FollowerState (FollowerState.java:run(108)) - a3132885-145f-4a8c-85f4-c10eb874732d@group-2077DD483DC7-FollowerState: change to CANDIDATE, lastRpcTime:15ms, electionTimeout:15ms
2019-10-16 11:36:15,514 [Thread-3471] INFO  impl.RoleInfo (RoleInfo.java:shutdownFollowerState(121)) - a3132885-145f-4a8c-85f4-c10eb874732d: shutdown FollowerState
2019-10-16 11:36:15,514 [Thread-3471] INFO  impl.RaftServerImpl (RaftServerImpl.java:setRole(184)) - a3132885-145f-4a8c-85f4-c10eb874732d@group-2077DD483DC7: changes role from  FOLLOWER to CANDIDATE at term 283 for changeToCandidate
2019-10-16 11:36:15,514 [Thread-3471] INFO  impl.RoleInfo (RoleInfo.java:updateAndGet(143)) - a3132885-145f-4a8c-85f4-c10eb874732d: start LeaderElection
2019-10-16 11:36:15,521 [a3132885-145f-4a8c-85f4-c10eb874732d@group-2077DD483DC7-LeaderElection460] INFO  impl.LeaderElection (LeaderElection.java:askForVotes(178)) - a3132885-145f-4a8c-85f4-c10eb874732d@group-2077DD483DC7-LeaderElection460: begin an election at term 284 for -1: [163587bb-2c3b-4498-b576-18147cf38274:192.168.157.203:33208, a3132885-145f-4a8c-85f4-c10eb874732d:192.168.157.203:46766, 70b633f6-b230-4b9f-87f3-510da88f1e08:192.168.157.203:43163], old=null
2019-10-16 11:36:15,521 [a3132885-145f-4a8c-85f4-c10eb874732d@group-2077DD483DC7-LeaderElection460] INFO  impl.LeaderElection (LogUtils.java:infoOrTrace(149)) - a3132885-145f-4a8c-85f4-c10eb874732d@group-2077DD483DC7-LeaderElection460 got exception when requesting votes: {}
java.util.concurrent.ExecutionException: org.apache.ratis.thirdparty.io.grpc.StatusRuntimeException: UNAVAILABLE: io exception
	at java.util.concurrent.FutureTask.report(FutureTask.java:122)
	at java.util.concurrent.FutureTask.get(FutureTask.java:192)
	at org.apache.ratis.server.impl.LeaderElection.waitForResults(LeaderElection.java:259)
	at org.apache.ratis.server.impl.LeaderElection.askForVotes(LeaderElection.java:197)
	at org.apache.ratis.server.impl.LeaderElection.run(LeaderElection.java:133)
	at java.lang.Thread.run(Thread.java:748)
Caused by: org.apache.ratis.thirdparty.io.grpc.StatusRuntimeException: UNAVAILABLE: io exception
	at org.apache.ratis.thirdparty.io.grpc.stub.ClientCalls.toStatusRuntimeException(ClientCalls.java:233)
	at org.apache.ratis.thirdparty.io.grpc.stub.ClientCalls.getUnchecked(ClientCalls.java:214)
	at org.apache.ratis.thirdparty.io.grpc.stub.ClientCalls.blockingUnaryCall(ClientCalls.java:139)
	at org.apache.ratis.proto.grpc.RaftServerProtocolServiceGrpc$RaftServerProtocolServiceBlockingStub.requestVote(RaftServerProtocolServiceGrpc.java:265)
	at org.apache.ratis.grpc.server.GrpcServerProtocolClient.requestVote(GrpcServerProtocolClient.java:99)
	at org.apache.ratis.grpc.server.GrpcService.requestVote(GrpcService.java:204)
	at org.apache.ratis.server.impl.LeaderElection.lambda$submitRequests$1(LeaderElection.java:234)
	at java.util.concurrent.FutureTask.run(FutureTask.java:266)
	at java.util.concurrent.Executors$RunnableAdapter.call(Executors.java:511)
	at java.util.concurrent.FutureTask.run(FutureTask.java:266)
	at java.util.concurrent.ThreadPoolExecutor.runWorker(ThreadPoolExecutor.java:1149)
	at java.util.concurrent.ThreadPoolExecutor$Worker.run(ThreadPoolExecutor.java:624)
	... 1 more
Caused by: org.apache.ratis.thirdparty.io.netty.channel.AbstractChannel$AnnotatedConnectException: Connection refused: /192.168.157.203:33208
	at sun.nio.ch.SocketChannelImpl.checkConnect(Native Method)
	at sun.nio.ch.SocketChannelImpl.finishConnect(SocketChannelImpl.java:717)
	at org.apache.ratis.thirdparty.io.netty.channel.socket.nio.NioSocketChannel.doFinishConnect(NioSocketChannel.java:327)
	at org.apache.ratis.thirdparty.io.netty.channel.nio.AbstractNioChannel$AbstractNioUnsafe.finishConnect(AbstractNioChannel.java:340)
	at org.apache.ratis.thirdparty.io.netty.channel.nio.NioEventLoop.processSelectedKey(NioEventLoop.java:632)
	at org.apache.ratis.thirdparty.io.netty.channel.nio.NioEventLoop.processSelectedKeysOptimized(NioEventLoop.java:579)
	at org.apache.ratis.thirdparty.io.netty.channel.nio.NioEventLoop.processSelectedKeys(NioEventLoop.java:496)
	at org.apache.ratis.thirdparty.io.netty.channel.nio.NioEventLoop.run(NioEventLoop.java:458)
	at org.apache.ratis.thirdparty.io.netty.util.concurrent.SingleThreadEventExecutor$5.run(SingleThreadEventExecutor.java:897)
	at org.apache.ratis.thirdparty.io.netty.util.concurrent.FastThreadLocalRunnable.run(FastThreadLocalRunnable.java:30)
	... 1 more
Caused by: java.net.ConnectException: Connection refused
	... 11 more
2019-10-16 11:36:15,523 [grpc-default-executor-5] INFO  impl.RaftServerImpl (RaftServerImpl.java:setRole(184)) - 70b633f6-b230-4b9f-87f3-510da88f1e08@group-2077DD483DC7: changes role from  FOLLOWER to FOLLOWER at term 284 for recognizeCandidate:a3132885-145f-4a8c-85f4-c10eb874732d
2019-10-16 11:36:15,523 [grpc-default-executor-5] INFO  impl.RoleInfo (RoleInfo.java:shutdownFollowerState(121)) - 70b633f6-b230-4b9f-87f3-510da88f1e08: shutdown FollowerState
2019-10-16 11:36:15,524 [grpc-default-executor-5] INFO  impl.RoleInfo (RoleInfo.java:updateAndGet(143)) - 70b633f6-b230-4b9f-87f3-510da88f1e08: start FollowerState
2019-10-16 11:36:15,524 [Thread-3470] INFO  impl.FollowerState (FollowerState.java:run(117)) - 70b633f6-b230-4b9f-87f3-510da88f1e08@group-2077DD483DC7-FollowerState was interrupted: java.lang.InterruptedException: sleep interrupted
2019-10-16 11:36:15,531 [a3132885-145f-4a8c-85f4-c10eb874732d@group-2077DD483DC7-LeaderElection460] INFO  impl.LeaderElection (LeaderElection.java:logAndReturn(56)) - a3132885-145f-4a8c-85f4-c10eb874732d@group-2077DD483DC7-LeaderElection460: Election REJECTED; received 1 response(s) [a3132885-145f-4a8c-85f4-c10eb874732d<-70b633f6-b230-4b9f-87f3-510da88f1e08#0:FAIL-t284] and 1 exception(s); a3132885-145f-4a8c-85f4-c10eb874732d@group-2077DD483DC7:t284, leader=null, voted=a3132885-145f-4a8c-85f4-c10eb874732d, raftlog=a3132885-145f-4a8c-85f4-c10eb874732d@group-2077DD483DC7-SegmentedRaftLog:OPENED:c-1,f-1,i0, conf=-1: [163587bb-2c3b-4498-b576-18147cf38274:192.168.157.203:33208, a3132885-145f-4a8c-85f4-c10eb874732d:192.168.157.203:46766, 70b633f6-b230-4b9f-87f3-510da88f1e08:192.168.157.203:43163], old=null
2019-10-16 11:36:15,531 [a3132885-145f-4a8c-85f4-c10eb874732d@group-2077DD483DC7-LeaderElection460] INFO  impl.LeaderElection (LogUtils.java:infoOrTrace(149)) -   Exception 0: {}
java.util.concurrent.ExecutionException: org.apache.ratis.thirdparty.io.grpc.StatusRuntimeException: UNAVAILABLE: io exception
	at java.util.concurrent.FutureTask.report(FutureTask.java:122)
	at java.util.concurrent.FutureTask.get(FutureTask.java:192)
	at org.apache.ratis.server.impl.LeaderElection.waitForResults(LeaderElection.java:259)
	at org.apache.ratis.server.impl.LeaderElection.askForVotes(LeaderElection.java:197)
	at org.apache.ratis.server.impl.LeaderElection.run(LeaderElection.java:133)
	at java.lang.Thread.run(Thread.java:748)
Caused by: org.apache.ratis.thirdparty.io.grpc.StatusRuntimeException: UNAVAILABLE: io exception
	at org.apache.ratis.thirdparty.io.grpc.stub.ClientCalls.toStatusRuntimeException(ClientCalls.java:233)
	at org.apache.ratis.thirdparty.io.grpc.stub.ClientCalls.getUnchecked(ClientCalls.java:214)
	at org.apache.ratis.thirdparty.io.grpc.stub.ClientCalls.blockingUnaryCall(ClientCalls.java:139)
	at org.apache.ratis.proto.grpc.RaftServerProtocolServiceGrpc$RaftServerProtocolServiceBlockingStub.requestVote(RaftServerProtocolServiceGrpc.java:265)
	at org.apache.ratis.grpc.server.GrpcServerProtocolClient.requestVote(GrpcServerProtocolClient.java:99)
	at org.apache.ratis.grpc.server.GrpcService.requestVote(GrpcService.java:204)
	at org.apache.ratis.server.impl.LeaderElection.lambda$submitRequests$1(LeaderElection.java:234)
	at java.util.concurrent.FutureTask.run(FutureTask.java:266)
	at java.util.concurrent.Executors$RunnableAdapter.call(Executors.java:511)
	at java.util.concurrent.FutureTask.run(FutureTask.java:266)
	at java.util.concurrent.ThreadPoolExecutor.runWorker(ThreadPoolExecutor.java:1149)
	at java.util.concurrent.ThreadPoolExecutor$Worker.run(ThreadPoolExecutor.java:624)
	... 1 more
Caused by: org.apache.ratis.thirdparty.io.netty.channel.AbstractChannel$AnnotatedConnectException: Connection refused: /192.168.157.203:33208
	at sun.nio.ch.SocketChannelImpl.checkConnect(Native Method)
	at sun.nio.ch.SocketChannelImpl.finishConnect(SocketChannelImpl.java:717)
	at org.apache.ratis.thirdparty.io.netty.channel.socket.nio.NioSocketChannel.doFinishConnect(NioSocketChannel.java:327)
	at org.apache.ratis.thirdparty.io.netty.channel.nio.AbstractNioChannel$AbstractNioUnsafe.finishConnect(AbstractNioChannel.java:340)
	at org.apache.ratis.thirdparty.io.netty.channel.nio.NioEventLoop.processSelectedKey(NioEventLoop.java:632)
	at org.apache.ratis.thirdparty.io.netty.channel.nio.NioEventLoop.processSelectedKeysOptimized(NioEventLoop.java:579)
	at org.apache.ratis.thirdparty.io.netty.channel.nio.NioEventLoop.processSelectedKeys(NioEventLoop.java:496)
	at org.apache.ratis.thirdparty.io.netty.channel.nio.NioEventLoop.run(NioEventLoop.java:458)
	at org.apache.ratis.thirdparty.io.netty.util.concurrent.SingleThreadEventExecutor$5.run(SingleThreadEventExecutor.java:897)
	at org.apache.ratis.thirdparty.io.netty.util.concurrent.FastThreadLocalRunnable.run(FastThreadLocalRunnable.java:30)
	... 1 more
Caused by: java.net.ConnectException: Connection refused
	... 11 more
2019-10-16 11:36:15,531 [a3132885-145f-4a8c-85f4-c10eb874732d@group-2077DD483DC7-LeaderElection460] INFO  impl.RaftServerImpl (RaftServerImpl.java:setRole(184)) - a3132885-145f-4a8c-85f4-c10eb874732d@group-2077DD483DC7: changes role from CANDIDATE to FOLLOWER at term 284 for DISCOVERED_A_NEW_TERM
2019-10-16 11:36:15,532 [a3132885-145f-4a8c-85f4-c10eb874732d@group-2077DD483DC7-LeaderElection460] INFO  impl.RoleInfo (RoleInfo.java:shutdownLeaderElection(134)) - a3132885-145f-4a8c-85f4-c10eb874732d: shutdown LeaderElection
2019-10-16 11:36:15,532 [a3132885-145f-4a8c-85f4-c10eb874732d@group-2077DD483DC7-LeaderElection460] INFO  impl.RoleInfo (RoleInfo.java:updateAndGet(143)) - a3132885-145f-4a8c-85f4-c10eb874732d: start FollowerState
2019-10-16 11:36:15,687 [Thread-3477] INFO  impl.FollowerState (FollowerState.java:run(108)) - a3132885-145f-4a8c-85f4-c10eb874732d@group-2077DD483DC7-FollowerState: change to CANDIDATE, lastRpcTime:155ms, electionTimeout:155ms
2019-10-16 11:36:15,687 [Thread-3477] INFO  impl.RoleInfo (RoleInfo.java:shutdownFollowerState(121)) - a3132885-145f-4a8c-85f4-c10eb874732d: shutdown FollowerState
2019-10-16 11:36:15,687 [Thread-3477] INFO  impl.RaftServerImpl (RaftServerImpl.java:setRole(184)) - a3132885-145f-4a8c-85f4-c10eb874732d@group-2077DD483DC7: changes role from  FOLLOWER to CANDIDATE at term 284 for changeToCandidate
2019-10-16 11:36:15,687 [Thread-3477] INFO  impl.RoleInfo (RoleInfo.java:updateAndGet(143)) - a3132885-145f-4a8c-85f4-c10eb874732d: start LeaderElection
2019-10-16 11:36:15,704 [a3132885-145f-4a8c-85f4-c10eb874732d@group-2077DD483DC7-LeaderElection461] INFO  impl.LeaderElection (LeaderElection.java:askForVotes(178)) - a3132885-145f-4a8c-85f4-c10eb874732d@group-2077DD483DC7-LeaderElection461: begin an election at term 285 for -1: [163587bb-2c3b-4498-b576-18147cf38274:192.168.157.203:33208, a3132885-145f-4a8c-85f4-c10eb874732d:192.168.157.203:46766, 70b633f6-b230-4b9f-87f3-510da88f1e08:192.168.157.203:43163], old=null
2019-10-16 11:36:15,705 [a3132885-145f-4a8c-85f4-c10eb874732d@group-2077DD483DC7-LeaderElection461] INFO  impl.LeaderElection (LogUtils.java:infoOrTrace(149)) - a3132885-145f-4a8c-85f4-c10eb874732d@group-2077DD483DC7-LeaderElection461 got exception when requesting votes: {}
java.util.concurrent.ExecutionException: org.apache.ratis.thirdparty.io.grpc.StatusRuntimeException: UNAVAILABLE: io exception
	at java.util.concurrent.FutureTask.report(FutureTask.java:122)
	at java.util.concurrent.FutureTask.get(FutureTask.java:192)
	at org.apache.ratis.server.impl.LeaderElection.waitForResults(LeaderElection.java:259)
	at org.apache.ratis.server.impl.LeaderElection.askForVotes(LeaderElection.java:197)
	at org.apache.ratis.server.impl.LeaderElection.run(LeaderElection.java:133)
	at java.lang.Thread.run(Thread.java:748)
Caused by: org.apache.ratis.thirdparty.io.grpc.StatusRuntimeException: UNAVAILABLE: io exception
	at org.apache.ratis.thirdparty.io.grpc.stub.ClientCalls.toStatusRuntimeException(ClientCalls.java:233)
	at org.apache.ratis.thirdparty.io.grpc.stub.ClientCalls.getUnchecked(ClientCalls.java:214)
	at org.apache.ratis.thirdparty.io.grpc.stub.ClientCalls.blockingUnaryCall(ClientCalls.java:139)
	at org.apache.ratis.proto.grpc.RaftServerProtocolServiceGrpc$RaftServerProtocolServiceBlockingStub.requestVote(RaftServerProtocolServiceGrpc.java:265)
	at org.apache.ratis.grpc.server.GrpcServerProtocolClient.requestVote(GrpcServerProtocolClient.java:99)
	at org.apache.ratis.grpc.server.GrpcService.requestVote(GrpcService.java:204)
	at org.apache.ratis.server.impl.LeaderElection.lambda$submitRequests$1(LeaderElection.java:234)
	at java.util.concurrent.FutureTask.run(FutureTask.java:266)
	at java.util.concurrent.Executors$RunnableAdapter.call(Executors.java:511)
	at java.util.concurrent.FutureTask.run(FutureTask.java:266)
	at java.util.concurrent.ThreadPoolExecutor.runWorker(ThreadPoolExecutor.java:1149)
	at java.util.concurrent.ThreadPoolExecutor$Worker.run(ThreadPoolExecutor.java:624)
	... 1 more
Caused by: org.apache.ratis.thirdparty.io.netty.channel.AbstractChannel$AnnotatedConnectException: Connection refused: /192.168.157.203:33208
	at sun.nio.ch.SocketChannelImpl.checkConnect(Native Method)
	at sun.nio.ch.SocketChannelImpl.finishConnect(SocketChannelImpl.java:717)
	at org.apache.ratis.thirdparty.io.netty.channel.socket.nio.NioSocketChannel.doFinishConnect(NioSocketChannel.java:327)
	at org.apache.ratis.thirdparty.io.netty.channel.nio.AbstractNioChannel$AbstractNioUnsafe.finishConnect(AbstractNioChannel.java:340)
	at org.apache.ratis.thirdparty.io.netty.channel.nio.NioEventLoop.processSelectedKey(NioEventLoop.java:632)
	at org.apache.ratis.thirdparty.io.netty.channel.nio.NioEventLoop.processSelectedKeysOptimized(NioEventLoop.java:579)
	at org.apache.ratis.thirdparty.io.netty.channel.nio.NioEventLoop.processSelectedKeys(NioEventLoop.java:496)
	at org.apache.ratis.thirdparty.io.netty.channel.nio.NioEventLoop.run(NioEventLoop.java:458)
	at org.apache.ratis.thirdparty.io.netty.util.concurrent.SingleThreadEventExecutor$5.run(SingleThreadEventExecutor.java:897)
	at org.apache.ratis.thirdparty.io.netty.util.concurrent.FastThreadLocalRunnable.run(FastThreadLocalRunnable.java:30)
	... 1 more
Caused by: java.net.ConnectException: Connection refused
	... 11 more
2019-10-16 11:36:15,707 [grpc-default-executor-5] INFO  impl.RaftServerImpl (RaftServerImpl.java:setRole(184)) - 70b633f6-b230-4b9f-87f3-510da88f1e08@group-2077DD483DC7: changes role from  FOLLOWER to FOLLOWER at term 285 for recognizeCandidate:a3132885-145f-4a8c-85f4-c10eb874732d
2019-10-16 11:36:15,707 [grpc-default-executor-5] INFO  impl.RoleInfo (RoleInfo.java:shutdownFollowerState(121)) - 70b633f6-b230-4b9f-87f3-510da88f1e08: shutdown FollowerState
2019-10-16 11:36:15,707 [grpc-default-executor-5] INFO  impl.RoleInfo (RoleInfo.java:updateAndGet(143)) - 70b633f6-b230-4b9f-87f3-510da88f1e08: start FollowerState
2019-10-16 11:36:15,707 [Thread-3475] INFO  impl.FollowerState (FollowerState.java:run(117)) - 70b633f6-b230-4b9f-87f3-510da88f1e08@group-2077DD483DC7-FollowerState was interrupted: java.lang.InterruptedException: sleep interrupted
2019-10-16 11:36:15,715 [a3132885-145f-4a8c-85f4-c10eb874732d@group-2077DD483DC7-LeaderElection461] INFO  impl.LeaderElection (LeaderElection.java:logAndReturn(56)) - a3132885-145f-4a8c-85f4-c10eb874732d@group-2077DD483DC7-LeaderElection461: Election REJECTED; received 1 response(s) [a3132885-145f-4a8c-85f4-c10eb874732d<-70b633f6-b230-4b9f-87f3-510da88f1e08#0:FAIL-t285] and 1 exception(s); a3132885-145f-4a8c-85f4-c10eb874732d@group-2077DD483DC7:t285, leader=null, voted=a3132885-145f-4a8c-85f4-c10eb874732d, raftlog=a3132885-145f-4a8c-85f4-c10eb874732d@group-2077DD483DC7-SegmentedRaftLog:OPENED:c-1,f-1,i0, conf=-1: [163587bb-2c3b-4498-b576-18147cf38274:192.168.157.203:33208, a3132885-145f-4a8c-85f4-c10eb874732d:192.168.157.203:46766, 70b633f6-b230-4b9f-87f3-510da88f1e08:192.168.157.203:43163], old=null
2019-10-16 11:36:15,715 [a3132885-145f-4a8c-85f4-c10eb874732d@group-2077DD483DC7-LeaderElection461] INFO  impl.LeaderElection (LogUtils.java:infoOrTrace(149)) -   Exception 0: {}
java.util.concurrent.ExecutionException: org.apache.ratis.thirdparty.io.grpc.StatusRuntimeException: UNAVAILABLE: io exception
	at java.util.concurrent.FutureTask.report(FutureTask.java:122)
	at java.util.concurrent.FutureTask.get(FutureTask.java:192)
	at org.apache.ratis.server.impl.LeaderElection.waitForResults(LeaderElection.java:259)
	at org.apache.ratis.server.impl.LeaderElection.askForVotes(LeaderElection.java:197)
	at org.apache.ratis.server.impl.LeaderElection.run(LeaderElection.java:133)
	at java.lang.Thread.run(Thread.java:748)
Caused by: org.apache.ratis.thirdparty.io.grpc.StatusRuntimeException: UNAVAILABLE: io exception
	at org.apache.ratis.thirdparty.io.grpc.stub.ClientCalls.toStatusRuntimeException(ClientCalls.java:233)
	at org.apache.ratis.thirdparty.io.grpc.stub.ClientCalls.getUnchecked(ClientCalls.java:214)
	at org.apache.ratis.thirdparty.io.grpc.stub.ClientCalls.blockingUnaryCall(ClientCalls.java:139)
	at org.apache.ratis.proto.grpc.RaftServerProtocolServiceGrpc$RaftServerProtocolServiceBlockingStub.requestVote(RaftServerProtocolServiceGrpc.java:265)
	at org.apache.ratis.grpc.server.GrpcServerProtocolClient.requestVote(GrpcServerProtocolClient.java:99)
	at org.apache.ratis.grpc.server.GrpcService.requestVote(GrpcService.java:204)
	at org.apache.ratis.server.impl.LeaderElection.lambda$submitRequests$1(LeaderElection.java:234)
	at java.util.concurrent.FutureTask.run(FutureTask.java:266)
	at java.util.concurrent.Executors$RunnableAdapter.call(Executors.java:511)
	at java.util.concurrent.FutureTask.run(FutureTask.java:266)
	at java.util.concurrent.ThreadPoolExecutor.runWorker(ThreadPoolExecutor.java:1149)
	at java.util.concurrent.ThreadPoolExecutor$Worker.run(ThreadPoolExecutor.java:624)
	... 1 more
Caused by: org.apache.ratis.thirdparty.io.netty.channel.AbstractChannel$AnnotatedConnectException: Connection refused: /192.168.157.203:33208
	at sun.nio.ch.SocketChannelImpl.checkConnect(Native Method)
	at sun.nio.ch.SocketChannelImpl.finishConnect(SocketChannelImpl.java:717)
	at org.apache.ratis.thirdparty.io.netty.channel.socket.nio.NioSocketChannel.doFinishConnect(NioSocketChannel.java:327)
	at org.apache.ratis.thirdparty.io.netty.channel.nio.AbstractNioChannel$AbstractNioUnsafe.finishConnect(AbstractNioChannel.java:340)
	at org.apache.ratis.thirdparty.io.netty.channel.nio.NioEventLoop.processSelectedKey(NioEventLoop.java:632)
	at org.apache.ratis.thirdparty.io.netty.channel.nio.NioEventLoop.processSelectedKeysOptimized(NioEventLoop.java:579)
	at org.apache.ratis.thirdparty.io.netty.channel.nio.NioEventLoop.processSelectedKeys(NioEventLoop.java:496)
	at org.apache.ratis.thirdparty.io.netty.channel.nio.NioEventLoop.run(NioEventLoop.java:458)
	at org.apache.ratis.thirdparty.io.netty.util.concurrent.SingleThreadEventExecutor$5.run(SingleThreadEventExecutor.java:897)
	at org.apache.ratis.thirdparty.io.netty.util.concurrent.FastThreadLocalRunnable.run(FastThreadLocalRunnable.java:30)
	... 1 more
Caused by: java.net.ConnectException: Connection refused
	... 11 more
2019-10-16 11:36:15,716 [a3132885-145f-4a8c-85f4-c10eb874732d@group-2077DD483DC7-LeaderElection461] INFO  impl.RaftServerImpl (RaftServerImpl.java:setRole(184)) - a3132885-145f-4a8c-85f4-c10eb874732d@group-2077DD483DC7: changes role from CANDIDATE to FOLLOWER at term 285 for DISCOVERED_A_NEW_TERM
2019-10-16 11:36:15,716 [a3132885-145f-4a8c-85f4-c10eb874732d@group-2077DD483DC7-LeaderElection461] INFO  impl.RoleInfo (RoleInfo.java:shutdownLeaderElection(134)) - a3132885-145f-4a8c-85f4-c10eb874732d: shutdown LeaderElection
2019-10-16 11:36:15,716 [a3132885-145f-4a8c-85f4-c10eb874732d@group-2077DD483DC7-LeaderElection461] INFO  impl.RoleInfo (RoleInfo.java:updateAndGet(143)) - a3132885-145f-4a8c-85f4-c10eb874732d: start FollowerState
2019-10-16 11:36:15,732 [Thread-3482] INFO  impl.FollowerState (FollowerState.java:run(108)) - a3132885-145f-4a8c-85f4-c10eb874732d@group-2077DD483DC7-FollowerState: change to CANDIDATE, lastRpcTime:15ms, electionTimeout:15ms
2019-10-16 11:36:15,732 [Thread-3482] INFO  impl.RoleInfo (RoleInfo.java:shutdownFollowerState(121)) - a3132885-145f-4a8c-85f4-c10eb874732d: shutdown FollowerState
2019-10-16 11:36:15,732 [Thread-3482] INFO  impl.RaftServerImpl (RaftServerImpl.java:setRole(184)) - a3132885-145f-4a8c-85f4-c10eb874732d@group-2077DD483DC7: changes role from  FOLLOWER to CANDIDATE at term 285 for changeToCandidate
2019-10-16 11:36:15,732 [Thread-3482] INFO  impl.RoleInfo (RoleInfo.java:updateAndGet(143)) - a3132885-145f-4a8c-85f4-c10eb874732d: start LeaderElection
2019-10-16 11:36:15,741 [a3132885-145f-4a8c-85f4-c10eb874732d@group-2077DD483DC7-LeaderElection462] INFO  impl.LeaderElection (LeaderElection.java:askForVotes(178)) - a3132885-145f-4a8c-85f4-c10eb874732d@group-2077DD483DC7-LeaderElection462: begin an election at term 286 for -1: [163587bb-2c3b-4498-b576-18147cf38274:192.168.157.203:33208, a3132885-145f-4a8c-85f4-c10eb874732d:192.168.157.203:46766, 70b633f6-b230-4b9f-87f3-510da88f1e08:192.168.157.203:43163], old=null
2019-10-16 11:36:15,742 [a3132885-145f-4a8c-85f4-c10eb874732d@group-2077DD483DC7-LeaderElection462] INFO  impl.LeaderElection (LogUtils.java:infoOrTrace(149)) - a3132885-145f-4a8c-85f4-c10eb874732d@group-2077DD483DC7-LeaderElection462 got exception when requesting votes: {}
java.util.concurrent.ExecutionException: org.apache.ratis.thirdparty.io.grpc.StatusRuntimeException: UNAVAILABLE: io exception
	at java.util.concurrent.FutureTask.report(FutureTask.java:122)
	at java.util.concurrent.FutureTask.get(FutureTask.java:192)
	at org.apache.ratis.server.impl.LeaderElection.waitForResults(LeaderElection.java:259)
	at org.apache.ratis.server.impl.LeaderElection.askForVotes(LeaderElection.java:197)
	at org.apache.ratis.server.impl.LeaderElection.run(LeaderElection.java:133)
	at java.lang.Thread.run(Thread.java:748)
Caused by: org.apache.ratis.thirdparty.io.grpc.StatusRuntimeException: UNAVAILABLE: io exception
	at org.apache.ratis.thirdparty.io.grpc.stub.ClientCalls.toStatusRuntimeException(ClientCalls.java:233)
	at org.apache.ratis.thirdparty.io.grpc.stub.ClientCalls.getUnchecked(ClientCalls.java:214)
	at org.apache.ratis.thirdparty.io.grpc.stub.ClientCalls.blockingUnaryCall(ClientCalls.java:139)
	at org.apache.ratis.proto.grpc.RaftServerProtocolServiceGrpc$RaftServerProtocolServiceBlockingStub.requestVote(RaftServerProtocolServiceGrpc.java:265)
	at org.apache.ratis.grpc.server.GrpcServerProtocolClient.requestVote(GrpcServerProtocolClient.java:99)
	at org.apache.ratis.grpc.server.GrpcService.requestVote(GrpcService.java:204)
	at org.apache.ratis.server.impl.LeaderElection.lambda$submitRequests$1(LeaderElection.java:234)
	at java.util.concurrent.FutureTask.run(FutureTask.java:266)
	at java.util.concurrent.Executors$RunnableAdapter.call(Executors.java:511)
	at java.util.concurrent.FutureTask.run(FutureTask.java:266)
	at java.util.concurrent.ThreadPoolExecutor.runWorker(ThreadPoolExecutor.java:1149)
	at java.util.concurrent.ThreadPoolExecutor$Worker.run(ThreadPoolExecutor.java:624)
	... 1 more
Caused by: org.apache.ratis.thirdparty.io.netty.channel.AbstractChannel$AnnotatedConnectException: Connection refused: /192.168.157.203:33208
	at sun.nio.ch.SocketChannelImpl.checkConnect(Native Method)
	at sun.nio.ch.SocketChannelImpl.finishConnect(SocketChannelImpl.java:717)
	at org.apache.ratis.thirdparty.io.netty.channel.socket.nio.NioSocketChannel.doFinishConnect(NioSocketChannel.java:327)
	at org.apache.ratis.thirdparty.io.netty.channel.nio.AbstractNioChannel$AbstractNioUnsafe.finishConnect(AbstractNioChannel.java:340)
	at org.apache.ratis.thirdparty.io.netty.channel.nio.NioEventLoop.processSelectedKey(NioEventLoop.java:632)
	at org.apache.ratis.thirdparty.io.netty.channel.nio.NioEventLoop.processSelectedKeysOptimized(NioEventLoop.java:579)
	at org.apache.ratis.thirdparty.io.netty.channel.nio.NioEventLoop.processSelectedKeys(NioEventLoop.java:496)
	at org.apache.ratis.thirdparty.io.netty.channel.nio.NioEventLoop.run(NioEventLoop.java:458)
	at org.apache.ratis.thirdparty.io.netty.util.concurrent.SingleThreadEventExecutor$5.run(SingleThreadEventExecutor.java:897)
	at org.apache.ratis.thirdparty.io.netty.util.concurrent.FastThreadLocalRunnable.run(FastThreadLocalRunnable.java:30)
	... 1 more
Caused by: java.net.ConnectException: Connection refused
	... 11 more
2019-10-16 11:36:15,743 [grpc-default-executor-5] INFO  impl.RaftServerImpl (RaftServerImpl.java:setRole(184)) - 70b633f6-b230-4b9f-87f3-510da88f1e08@group-2077DD483DC7: changes role from  FOLLOWER to FOLLOWER at term 286 for recognizeCandidate:a3132885-145f-4a8c-85f4-c10eb874732d
2019-10-16 11:36:15,744 [grpc-default-executor-5] INFO  impl.RoleInfo (RoleInfo.java:shutdownFollowerState(121)) - 70b633f6-b230-4b9f-87f3-510da88f1e08: shutdown FollowerState
2019-10-16 11:36:15,744 [grpc-default-executor-5] INFO  impl.RoleInfo (RoleInfo.java:updateAndGet(143)) - 70b633f6-b230-4b9f-87f3-510da88f1e08: start FollowerState
2019-10-16 11:36:15,744 [Thread-3481] INFO  impl.FollowerState (FollowerState.java:run(117)) - 70b633f6-b230-4b9f-87f3-510da88f1e08@group-2077DD483DC7-FollowerState was interrupted: java.lang.InterruptedException: sleep interrupted
2019-10-16 11:36:15,766 [a3132885-145f-4a8c-85f4-c10eb874732d@group-2077DD483DC7-LeaderElection462] INFO  impl.LeaderElection (LeaderElection.java:logAndReturn(56)) - a3132885-145f-4a8c-85f4-c10eb874732d@group-2077DD483DC7-LeaderElection462: Election REJECTED; received 1 response(s) [a3132885-145f-4a8c-85f4-c10eb874732d<-70b633f6-b230-4b9f-87f3-510da88f1e08#0:FAIL-t286] and 1 exception(s); a3132885-145f-4a8c-85f4-c10eb874732d@group-2077DD483DC7:t286, leader=null, voted=a3132885-145f-4a8c-85f4-c10eb874732d, raftlog=a3132885-145f-4a8c-85f4-c10eb874732d@group-2077DD483DC7-SegmentedRaftLog:OPENED:c-1,f-1,i0, conf=-1: [163587bb-2c3b-4498-b576-18147cf38274:192.168.157.203:33208, a3132885-145f-4a8c-85f4-c10eb874732d:192.168.157.203:46766, 70b633f6-b230-4b9f-87f3-510da88f1e08:192.168.157.203:43163], old=null
2019-10-16 11:36:15,766 [a3132885-145f-4a8c-85f4-c10eb874732d@group-2077DD483DC7-LeaderElection462] INFO  impl.LeaderElection (LogUtils.java:infoOrTrace(149)) -   Exception 0: {}
java.util.concurrent.ExecutionException: org.apache.ratis.thirdparty.io.grpc.StatusRuntimeException: UNAVAILABLE: io exception
	at java.util.concurrent.FutureTask.report(FutureTask.java:122)
	at java.util.concurrent.FutureTask.get(FutureTask.java:192)
	at org.apache.ratis.server.impl.LeaderElection.waitForResults(LeaderElection.java:259)
	at org.apache.ratis.server.impl.LeaderElection.askForVotes(LeaderElection.java:197)
	at org.apache.ratis.server.impl.LeaderElection.run(LeaderElection.java:133)
	at java.lang.Thread.run(Thread.java:748)
Caused by: org.apache.ratis.thirdparty.io.grpc.StatusRuntimeException: UNAVAILABLE: io exception
	at org.apache.ratis.thirdparty.io.grpc.stub.ClientCalls.toStatusRuntimeException(ClientCalls.java:233)
	at org.apache.ratis.thirdparty.io.grpc.stub.ClientCalls.getUnchecked(ClientCalls.java:214)
	at org.apache.ratis.thirdparty.io.grpc.stub.ClientCalls.blockingUnaryCall(ClientCalls.java:139)
	at org.apache.ratis.proto.grpc.RaftServerProtocolServiceGrpc$RaftServerProtocolServiceBlockingStub.requestVote(RaftServerProtocolServiceGrpc.java:265)
	at org.apache.ratis.grpc.server.GrpcServerProtocolClient.requestVote(GrpcServerProtocolClient.java:99)
	at org.apache.ratis.grpc.server.GrpcService.requestVote(GrpcService.java:204)
	at org.apache.ratis.server.impl.LeaderElection.lambda$submitRequests$1(LeaderElection.java:234)
	at java.util.concurrent.FutureTask.run(FutureTask.java:266)
	at java.util.concurrent.Executors$RunnableAdapter.call(Executors.java:511)
	at java.util.concurrent.FutureTask.run(FutureTask.java:266)
	at java.util.concurrent.ThreadPoolExecutor.runWorker(ThreadPoolExecutor.java:1149)
	at java.util.concurrent.ThreadPoolExecutor$Worker.run(ThreadPoolExecutor.java:624)
	... 1 more
Caused by: org.apache.ratis.thirdparty.io.netty.channel.AbstractChannel$AnnotatedConnectException: Connection refused: /192.168.157.203:33208
	at sun.nio.ch.SocketChannelImpl.checkConnect(Native Method)
	at sun.nio.ch.SocketChannelImpl.finishConnect(SocketChannelImpl.java:717)
	at org.apache.ratis.thirdparty.io.netty.channel.socket.nio.NioSocketChannel.doFinishConnect(NioSocketChannel.java:327)
	at org.apache.ratis.thirdparty.io.netty.channel.nio.AbstractNioChannel$AbstractNioUnsafe.finishConnect(AbstractNioChannel.java:340)
	at org.apache.ratis.thirdparty.io.netty.channel.nio.NioEventLoop.processSelectedKey(NioEventLoop.java:632)
	at org.apache.ratis.thirdparty.io.netty.channel.nio.NioEventLoop.processSelectedKeysOptimized(NioEventLoop.java:579)
	at org.apache.ratis.thirdparty.io.netty.channel.nio.NioEventLoop.processSelectedKeys(NioEventLoop.java:496)
	at org.apache.ratis.thirdparty.io.netty.channel.nio.NioEventLoop.run(NioEventLoop.java:458)
	at org.apache.ratis.thirdparty.io.netty.util.concurrent.SingleThreadEventExecutor$5.run(SingleThreadEventExecutor.java:897)
	at org.apache.ratis.thirdparty.io.netty.util.concurrent.FastThreadLocalRunnable.run(FastThreadLocalRunnable.java:30)
	... 1 more
Caused by: java.net.ConnectException: Connection refused
	... 11 more
2019-10-16 11:36:15,767 [a3132885-145f-4a8c-85f4-c10eb874732d@group-2077DD483DC7-LeaderElection462] INFO  impl.RaftServerImpl (RaftServerImpl.java:setRole(184)) - a3132885-145f-4a8c-85f4-c10eb874732d@group-2077DD483DC7: changes role from CANDIDATE to FOLLOWER at term 286 for DISCOVERED_A_NEW_TERM
2019-10-16 11:36:15,767 [a3132885-145f-4a8c-85f4-c10eb874732d@group-2077DD483DC7-LeaderElection462] INFO  impl.RoleInfo (RoleInfo.java:shutdownLeaderElection(134)) - a3132885-145f-4a8c-85f4-c10eb874732d: shutdown LeaderElection
2019-10-16 11:36:15,767 [a3132885-145f-4a8c-85f4-c10eb874732d@group-2077DD483DC7-LeaderElection462] INFO  impl.RoleInfo (RoleInfo.java:updateAndGet(143)) - a3132885-145f-4a8c-85f4-c10eb874732d: start FollowerState
2019-10-16 11:36:15,797 [Thread-3487] INFO  impl.FollowerState (FollowerState.java:run(108)) - a3132885-145f-4a8c-85f4-c10eb874732d@group-2077DD483DC7-FollowerState: change to CANDIDATE, lastRpcTime:30ms, electionTimeout:30ms
2019-10-16 11:36:15,797 [Thread-3487] INFO  impl.RoleInfo (RoleInfo.java:shutdownFollowerState(121)) - a3132885-145f-4a8c-85f4-c10eb874732d: shutdown FollowerState
2019-10-16 11:36:15,797 [Thread-3487] INFO  impl.RaftServerImpl (RaftServerImpl.java:setRole(184)) - a3132885-145f-4a8c-85f4-c10eb874732d@group-2077DD483DC7: changes role from  FOLLOWER to CANDIDATE at term 286 for changeToCandidate
2019-10-16 11:36:15,797 [Thread-3487] INFO  impl.RoleInfo (RoleInfo.java:updateAndGet(143)) - a3132885-145f-4a8c-85f4-c10eb874732d: start LeaderElection
2019-10-16 11:36:15,867 [a3132885-145f-4a8c-85f4-c10eb874732d@group-2077DD483DC7-LeaderElection463] INFO  impl.LeaderElection (LeaderElection.java:askForVotes(178)) - a3132885-145f-4a8c-85f4-c10eb874732d@group-2077DD483DC7-LeaderElection463: begin an election at term 287 for -1: [163587bb-2c3b-4498-b576-18147cf38274:192.168.157.203:33208, a3132885-145f-4a8c-85f4-c10eb874732d:192.168.157.203:46766, 70b633f6-b230-4b9f-87f3-510da88f1e08:192.168.157.203:43163], old=null
2019-10-16 11:36:15,868 [a3132885-145f-4a8c-85f4-c10eb874732d@group-2077DD483DC7-LeaderElection463] INFO  impl.LeaderElection (LogUtils.java:infoOrTrace(149)) - a3132885-145f-4a8c-85f4-c10eb874732d@group-2077DD483DC7-LeaderElection463 got exception when requesting votes: {}
java.util.concurrent.ExecutionException: org.apache.ratis.thirdparty.io.grpc.StatusRuntimeException: UNAVAILABLE: io exception
	at java.util.concurrent.FutureTask.report(FutureTask.java:122)
	at java.util.concurrent.FutureTask.get(FutureTask.java:192)
	at org.apache.ratis.server.impl.LeaderElection.waitForResults(LeaderElection.java:259)
	at org.apache.ratis.server.impl.LeaderElection.askForVotes(LeaderElection.java:197)
	at org.apache.ratis.server.impl.LeaderElection.run(LeaderElection.java:133)
	at java.lang.Thread.run(Thread.java:748)
Caused by: org.apache.ratis.thirdparty.io.grpc.StatusRuntimeException: UNAVAILABLE: io exception
	at org.apache.ratis.thirdparty.io.grpc.stub.ClientCalls.toStatusRuntimeException(ClientCalls.java:233)
	at org.apache.ratis.thirdparty.io.grpc.stub.ClientCalls.getUnchecked(ClientCalls.java:214)
	at org.apache.ratis.thirdparty.io.grpc.stub.ClientCalls.blockingUnaryCall(ClientCalls.java:139)
	at org.apache.ratis.proto.grpc.RaftServerProtocolServiceGrpc$RaftServerProtocolServiceBlockingStub.requestVote(RaftServerProtocolServiceGrpc.java:265)
	at org.apache.ratis.grpc.server.GrpcServerProtocolClient.requestVote(GrpcServerProtocolClient.java:99)
	at org.apache.ratis.grpc.server.GrpcService.requestVote(GrpcService.java:204)
	at org.apache.ratis.server.impl.LeaderElection.lambda$submitRequests$1(LeaderElection.java:234)
	at java.util.concurrent.FutureTask.run(FutureTask.java:266)
	at java.util.concurrent.Executors$RunnableAdapter.call(Executors.java:511)
	at java.util.concurrent.FutureTask.run(FutureTask.java:266)
	at java.util.concurrent.ThreadPoolExecutor.runWorker(ThreadPoolExecutor.java:1149)
	at java.util.concurrent.ThreadPoolExecutor$Worker.run(ThreadPoolExecutor.java:624)
	... 1 more
Caused by: org.apache.ratis.thirdparty.io.netty.channel.AbstractChannel$AnnotatedConnectException: Connection refused: /192.168.157.203:33208
	at sun.nio.ch.SocketChannelImpl.checkConnect(Native Method)
	at sun.nio.ch.SocketChannelImpl.finishConnect(SocketChannelImpl.java:717)
	at org.apache.ratis.thirdparty.io.netty.channel.socket.nio.NioSocketChannel.doFinishConnect(NioSocketChannel.java:327)
	at org.apache.ratis.thirdparty.io.netty.channel.nio.AbstractNioChannel$AbstractNioUnsafe.finishConnect(AbstractNioChannel.java:340)
	at org.apache.ratis.thirdparty.io.netty.channel.nio.NioEventLoop.processSelectedKey(NioEventLoop.java:632)
	at org.apache.ratis.thirdparty.io.netty.channel.nio.NioEventLoop.processSelectedKeysOptimized(NioEventLoop.java:579)
	at org.apache.ratis.thirdparty.io.netty.channel.nio.NioEventLoop.processSelectedKeys(NioEventLoop.java:496)
	at org.apache.ratis.thirdparty.io.netty.channel.nio.NioEventLoop.run(NioEventLoop.java:458)
	at org.apache.ratis.thirdparty.io.netty.util.concurrent.SingleThreadEventExecutor$5.run(SingleThreadEventExecutor.java:897)
	at org.apache.ratis.thirdparty.io.netty.util.concurrent.FastThreadLocalRunnable.run(FastThreadLocalRunnable.java:30)
	... 1 more
Caused by: java.net.ConnectException: Connection refused
	... 11 more
2019-10-16 11:36:15,871 [grpc-default-executor-5] INFO  impl.RaftServerImpl (RaftServerImpl.java:setRole(184)) - 70b633f6-b230-4b9f-87f3-510da88f1e08@group-2077DD483DC7: changes role from  FOLLOWER to FOLLOWER at term 287 for recognizeCandidate:a3132885-145f-4a8c-85f4-c10eb874732d
2019-10-16 11:36:15,871 [grpc-default-executor-5] INFO  impl.RoleInfo (RoleInfo.java:shutdownFollowerState(121)) - 70b633f6-b230-4b9f-87f3-510da88f1e08: shutdown FollowerState
2019-10-16 11:36:15,871 [grpc-default-executor-5] INFO  impl.RoleInfo (RoleInfo.java:updateAndGet(143)) - 70b633f6-b230-4b9f-87f3-510da88f1e08: start FollowerState
2019-10-16 11:36:15,871 [Thread-3486] INFO  impl.FollowerState (FollowerState.java:run(117)) - 70b633f6-b230-4b9f-87f3-510da88f1e08@group-2077DD483DC7-FollowerState was interrupted: java.lang.InterruptedException: sleep interrupted
2019-10-16 11:36:15,883 [a3132885-145f-4a8c-85f4-c10eb874732d@group-2077DD483DC7-LeaderElection463] INFO  impl.LeaderElection (LeaderElection.java:logAndReturn(56)) - a3132885-145f-4a8c-85f4-c10eb874732d@group-2077DD483DC7-LeaderElection463: Election REJECTED; received 1 response(s) [a3132885-145f-4a8c-85f4-c10eb874732d<-70b633f6-b230-4b9f-87f3-510da88f1e08#0:FAIL-t287] and 1 exception(s); a3132885-145f-4a8c-85f4-c10eb874732d@group-2077DD483DC7:t287, leader=null, voted=a3132885-145f-4a8c-85f4-c10eb874732d, raftlog=a3132885-145f-4a8c-85f4-c10eb874732d@group-2077DD483DC7-SegmentedRaftLog:OPENED:c-1,f-1,i0, conf=-1: [163587bb-2c3b-4498-b576-18147cf38274:192.168.157.203:33208, a3132885-145f-4a8c-85f4-c10eb874732d:192.168.157.203:46766, 70b633f6-b230-4b9f-87f3-510da88f1e08:192.168.157.203:43163], old=null
2019-10-16 11:36:15,883 [a3132885-145f-4a8c-85f4-c10eb874732d@group-2077DD483DC7-LeaderElection463] INFO  impl.LeaderElection (LogUtils.java:infoOrTrace(149)) -   Exception 0: {}
java.util.concurrent.ExecutionException: org.apache.ratis.thirdparty.io.grpc.StatusRuntimeException: UNAVAILABLE: io exception
	at java.util.concurrent.FutureTask.report(FutureTask.java:122)
	at java.util.concurrent.FutureTask.get(FutureTask.java:192)
	at org.apache.ratis.server.impl.LeaderElection.waitForResults(LeaderElection.java:259)
	at org.apache.ratis.server.impl.LeaderElection.askForVotes(LeaderElection.java:197)
	at org.apache.ratis.server.impl.LeaderElection.run(LeaderElection.java:133)
	at java.lang.Thread.run(Thread.java:748)
Caused by: org.apache.ratis.thirdparty.io.grpc.StatusRuntimeException: UNAVAILABLE: io exception
	at org.apache.ratis.thirdparty.io.grpc.stub.ClientCalls.toStatusRuntimeException(ClientCalls.java:233)
	at org.apache.ratis.thirdparty.io.grpc.stub.ClientCalls.getUnchecked(ClientCalls.java:214)
	at org.apache.ratis.thirdparty.io.grpc.stub.ClientCalls.blockingUnaryCall(ClientCalls.java:139)
	at org.apache.ratis.proto.grpc.RaftServerProtocolServiceGrpc$RaftServerProtocolServiceBlockingStub.requestVote(RaftServerProtocolServiceGrpc.java:265)
	at org.apache.ratis.grpc.server.GrpcServerProtocolClient.requestVote(GrpcServerProtocolClient.java:99)
	at org.apache.ratis.grpc.server.GrpcService.requestVote(GrpcService.java:204)
	at org.apache.ratis.server.impl.LeaderElection.lambda$submitRequests$1(LeaderElection.java:234)
	at java.util.concurrent.FutureTask.run(FutureTask.java:266)
	at java.util.concurrent.Executors$RunnableAdapter.call(Executors.java:511)
	at java.util.concurrent.FutureTask.run(FutureTask.java:266)
	at java.util.concurrent.ThreadPoolExecutor.runWorker(ThreadPoolExecutor.java:1149)
	at java.util.concurrent.ThreadPoolExecutor$Worker.run(ThreadPoolExecutor.java:624)
	... 1 more
Caused by: org.apache.ratis.thirdparty.io.netty.channel.AbstractChannel$AnnotatedConnectException: Connection refused: /192.168.157.203:33208
	at sun.nio.ch.SocketChannelImpl.checkConnect(Native Method)
	at sun.nio.ch.SocketChannelImpl.finishConnect(SocketChannelImpl.java:717)
	at org.apache.ratis.thirdparty.io.netty.channel.socket.nio.NioSocketChannel.doFinishConnect(NioSocketChannel.java:327)
	at org.apache.ratis.thirdparty.io.netty.channel.nio.AbstractNioChannel$AbstractNioUnsafe.finishConnect(AbstractNioChannel.java:340)
	at org.apache.ratis.thirdparty.io.netty.channel.nio.NioEventLoop.processSelectedKey(NioEventLoop.java:632)
	at org.apache.ratis.thirdparty.io.netty.channel.nio.NioEventLoop.processSelectedKeysOptimized(NioEventLoop.java:579)
	at org.apache.ratis.thirdparty.io.netty.channel.nio.NioEventLoop.processSelectedKeys(NioEventLoop.java:496)
	at org.apache.ratis.thirdparty.io.netty.channel.nio.NioEventLoop.run(NioEventLoop.java:458)
	at org.apache.ratis.thirdparty.io.netty.util.concurrent.SingleThreadEventExecutor$5.run(SingleThreadEventExecutor.java:897)
	at org.apache.ratis.thirdparty.io.netty.util.concurrent.FastThreadLocalRunnable.run(FastThreadLocalRunnable.java:30)
	... 1 more
Caused by: java.net.ConnectException: Connection refused
	... 11 more
2019-10-16 11:36:15,883 [a3132885-145f-4a8c-85f4-c10eb874732d@group-2077DD483DC7-LeaderElection463] INFO  impl.RaftServerImpl (RaftServerImpl.java:setRole(184)) - a3132885-145f-4a8c-85f4-c10eb874732d@group-2077DD483DC7: changes role from CANDIDATE to FOLLOWER at term 287 for DISCOVERED_A_NEW_TERM
2019-10-16 11:36:15,883 [a3132885-145f-4a8c-85f4-c10eb874732d@group-2077DD483DC7-LeaderElection463] INFO  impl.RoleInfo (RoleInfo.java:shutdownLeaderElection(134)) - a3132885-145f-4a8c-85f4-c10eb874732d: shutdown LeaderElection
2019-10-16 11:36:15,883 [a3132885-145f-4a8c-85f4-c10eb874732d@group-2077DD483DC7-LeaderElection463] INFO  impl.RoleInfo (RoleInfo.java:updateAndGet(143)) - a3132885-145f-4a8c-85f4-c10eb874732d: start FollowerState
2019-10-16 11:36:15,992 [java.util.concurrent.ThreadPoolExecutor$Worker@1a001f89[State = -1, empty queue]] WARN  server.GrpcLogAppender (GrpcLogAppender.java:timeoutAppendRequest(209)) - 5c445d34-c031-481c-9d4b-8fbace1f61b8@group-8BBDE5791A04->857fec05-692a-4d09-bf1c-7d167682feae-GrpcLogAppender: appendEntries Timeout, request=5c445d34-c031-481c-9d4b-8fbace1f61b8->857fec05-692a-4d09-bf1c-7d167682feae#87-t6, previous=(t:6, i:21), leaderCommit=21, initializing? false, entries: <empty>
2019-10-16 11:36:16,023 [Thread-3492] INFO  impl.FollowerState (FollowerState.java:run(108)) - a3132885-145f-4a8c-85f4-c10eb874732d@group-2077DD483DC7-FollowerState: change to CANDIDATE, lastRpcTime:139ms, electionTimeout:139ms
2019-10-16 11:36:16,023 [Thread-3492] INFO  impl.RoleInfo (RoleInfo.java:shutdownFollowerState(121)) - a3132885-145f-4a8c-85f4-c10eb874732d: shutdown FollowerState
2019-10-16 11:36:16,023 [Thread-3492] INFO  impl.RaftServerImpl (RaftServerImpl.java:setRole(184)) - a3132885-145f-4a8c-85f4-c10eb874732d@group-2077DD483DC7: changes role from  FOLLOWER to CANDIDATE at term 287 for changeToCandidate
2019-10-16 11:36:16,023 [Thread-3492] INFO  impl.RoleInfo (RoleInfo.java:updateAndGet(143)) - a3132885-145f-4a8c-85f4-c10eb874732d: start LeaderElection
2019-10-16 11:36:16,037 [a3132885-145f-4a8c-85f4-c10eb874732d@group-2077DD483DC7-LeaderElection464] INFO  impl.LeaderElection (LeaderElection.java:askForVotes(178)) - a3132885-145f-4a8c-85f4-c10eb874732d@group-2077DD483DC7-LeaderElection464: begin an election at term 288 for -1: [163587bb-2c3b-4498-b576-18147cf38274:192.168.157.203:33208, a3132885-145f-4a8c-85f4-c10eb874732d:192.168.157.203:46766, 70b633f6-b230-4b9f-87f3-510da88f1e08:192.168.157.203:43163], old=null
2019-10-16 11:36:16,037 [a3132885-145f-4a8c-85f4-c10eb874732d@group-2077DD483DC7-LeaderElection464] INFO  impl.LeaderElection (LogUtils.java:infoOrTrace(149)) - a3132885-145f-4a8c-85f4-c10eb874732d@group-2077DD483DC7-LeaderElection464 got exception when requesting votes: {}
java.util.concurrent.ExecutionException: org.apache.ratis.thirdparty.io.grpc.StatusRuntimeException: UNAVAILABLE: io exception
	at java.util.concurrent.FutureTask.report(FutureTask.java:122)
	at java.util.concurrent.FutureTask.get(FutureTask.java:192)
	at org.apache.ratis.server.impl.LeaderElection.waitForResults(LeaderElection.java:259)
	at org.apache.ratis.server.impl.LeaderElection.askForVotes(LeaderElection.java:197)
	at org.apache.ratis.server.impl.LeaderElection.run(LeaderElection.java:133)
	at java.lang.Thread.run(Thread.java:748)
Caused by: org.apache.ratis.thirdparty.io.grpc.StatusRuntimeException: UNAVAILABLE: io exception
	at org.apache.ratis.thirdparty.io.grpc.stub.ClientCalls.toStatusRuntimeException(ClientCalls.java:233)
	at org.apache.ratis.thirdparty.io.grpc.stub.ClientCalls.getUnchecked(ClientCalls.java:214)
	at org.apache.ratis.thirdparty.io.grpc.stub.ClientCalls.blockingUnaryCall(ClientCalls.java:139)
	at org.apache.ratis.proto.grpc.RaftServerProtocolServiceGrpc$RaftServerProtocolServiceBlockingStub.requestVote(RaftServerProtocolServiceGrpc.java:265)
	at org.apache.ratis.grpc.server.GrpcServerProtocolClient.requestVote(GrpcServerProtocolClient.java:99)
	at org.apache.ratis.grpc.server.GrpcService.requestVote(GrpcService.java:204)
	at org.apache.ratis.server.impl.LeaderElection.lambda$submitRequests$1(LeaderElection.java:234)
	at java.util.concurrent.FutureTask.run(FutureTask.java:266)
	at java.util.concurrent.Executors$RunnableAdapter.call(Executors.java:511)
	at java.util.concurrent.FutureTask.run(FutureTask.java:266)
	at java.util.concurrent.ThreadPoolExecutor.runWorker(ThreadPoolExecutor.java:1149)
	at java.util.concurrent.ThreadPoolExecutor$Worker.run(ThreadPoolExecutor.java:624)
	... 1 more
Caused by: org.apache.ratis.thirdparty.io.netty.channel.AbstractChannel$AnnotatedConnectException: Connection refused: /192.168.157.203:33208
	at sun.nio.ch.SocketChannelImpl.checkConnect(Native Method)
	at sun.nio.ch.SocketChannelImpl.finishConnect(SocketChannelImpl.java:717)
	at org.apache.ratis.thirdparty.io.netty.channel.socket.nio.NioSocketChannel.doFinishConnect(NioSocketChannel.java:327)
	at org.apache.ratis.thirdparty.io.netty.channel.nio.AbstractNioChannel$AbstractNioUnsafe.finishConnect(AbstractNioChannel.java:340)
	at org.apache.ratis.thirdparty.io.netty.channel.nio.NioEventLoop.processSelectedKey(NioEventLoop.java:632)
	at org.apache.ratis.thirdparty.io.netty.channel.nio.NioEventLoop.processSelectedKeysOptimized(NioEventLoop.java:579)
	at org.apache.ratis.thirdparty.io.netty.channel.nio.NioEventLoop.processSelectedKeys(NioEventLoop.java:496)
	at org.apache.ratis.thirdparty.io.netty.channel.nio.NioEventLoop.run(NioEventLoop.java:458)
	at org.apache.ratis.thirdparty.io.netty.util.concurrent.SingleThreadEventExecutor$5.run(SingleThreadEventExecutor.java:897)
	at org.apache.ratis.thirdparty.io.netty.util.concurrent.FastThreadLocalRunnable.run(FastThreadLocalRunnable.java:30)
	... 1 more
Caused by: java.net.ConnectException: Connection refused
	... 11 more
2019-10-16 11:36:16,040 [grpc-default-executor-5] INFO  impl.RaftServerImpl (RaftServerImpl.java:setRole(184)) - 70b633f6-b230-4b9f-87f3-510da88f1e08@group-2077DD483DC7: changes role from  FOLLOWER to FOLLOWER at term 288 for recognizeCandidate:a3132885-145f-4a8c-85f4-c10eb874732d
2019-10-16 11:36:16,040 [grpc-default-executor-5] INFO  impl.RoleInfo (RoleInfo.java:shutdownFollowerState(121)) - 70b633f6-b230-4b9f-87f3-510da88f1e08: shutdown FollowerState
2019-10-16 11:36:16,040 [grpc-default-executor-5] INFO  impl.RoleInfo (RoleInfo.java:updateAndGet(143)) - 70b633f6-b230-4b9f-87f3-510da88f1e08: start FollowerState
2019-10-16 11:36:16,040 [Thread-3491] INFO  impl.FollowerState (FollowerState.java:run(117)) - 70b633f6-b230-4b9f-87f3-510da88f1e08@group-2077DD483DC7-FollowerState was interrupted: java.lang.InterruptedException: sleep interrupted
2019-10-16 11:36:16,054 [a3132885-145f-4a8c-85f4-c10eb874732d@group-2077DD483DC7-LeaderElection464] INFO  impl.LeaderElection (LeaderElection.java:logAndReturn(56)) - a3132885-145f-4a8c-85f4-c10eb874732d@group-2077DD483DC7-LeaderElection464: Election REJECTED; received 1 response(s) [a3132885-145f-4a8c-85f4-c10eb874732d<-70b633f6-b230-4b9f-87f3-510da88f1e08#0:FAIL-t288] and 1 exception(s); a3132885-145f-4a8c-85f4-c10eb874732d@group-2077DD483DC7:t288, leader=null, voted=a3132885-145f-4a8c-85f4-c10eb874732d, raftlog=a3132885-145f-4a8c-85f4-c10eb874732d@group-2077DD483DC7-SegmentedRaftLog:OPENED:c-1,f-1,i0, conf=-1: [163587bb-2c3b-4498-b576-18147cf38274:192.168.157.203:33208, a3132885-145f-4a8c-85f4-c10eb874732d:192.168.157.203:46766, 70b633f6-b230-4b9f-87f3-510da88f1e08:192.168.157.203:43163], old=null
2019-10-16 11:36:16,054 [a3132885-145f-4a8c-85f4-c10eb874732d@group-2077DD483DC7-LeaderElection464] INFO  impl.LeaderElection (LogUtils.java:infoOrTrace(149)) -   Exception 0: {}
java.util.concurrent.ExecutionException: org.apache.ratis.thirdparty.io.grpc.StatusRuntimeException: UNAVAILABLE: io exception
	at java.util.concurrent.FutureTask.report(FutureTask.java:122)
	at java.util.concurrent.FutureTask.get(FutureTask.java:192)
	at org.apache.ratis.server.impl.LeaderElection.waitForResults(LeaderElection.java:259)
	at org.apache.ratis.server.impl.LeaderElection.askForVotes(LeaderElection.java:197)
	at org.apache.ratis.server.impl.LeaderElection.run(LeaderElection.java:133)
	at java.lang.Thread.run(Thread.java:748)
Caused by: org.apache.ratis.thirdparty.io.grpc.StatusRuntimeException: UNAVAILABLE: io exception
	at org.apache.ratis.thirdparty.io.grpc.stub.ClientCalls.toStatusRuntimeException(ClientCalls.java:233)
	at org.apache.ratis.thirdparty.io.grpc.stub.ClientCalls.getUnchecked(ClientCalls.java:214)
	at org.apache.ratis.thirdparty.io.grpc.stub.ClientCalls.blockingUnaryCall(ClientCalls.java:139)
	at org.apache.ratis.proto.grpc.RaftServerProtocolServiceGrpc$RaftServerProtocolServiceBlockingStub.requestVote(RaftServerProtocolServiceGrpc.java:265)
	at org.apache.ratis.grpc.server.GrpcServerProtocolClient.requestVote(GrpcServerProtocolClient.java:99)
	at org.apache.ratis.grpc.server.GrpcService.requestVote(GrpcService.java:204)
	at org.apache.ratis.server.impl.LeaderElection.lambda$submitRequests$1(LeaderElection.java:234)
	at java.util.concurrent.FutureTask.run(FutureTask.java:266)
	at java.util.concurrent.Executors$RunnableAdapter.call(Executors.java:511)
	at java.util.concurrent.FutureTask.run(FutureTask.java:266)
	at java.util.concurrent.ThreadPoolExecutor.runWorker(ThreadPoolExecutor.java:1149)
	at java.util.concurrent.ThreadPoolExecutor$Worker.run(ThreadPoolExecutor.java:624)
	... 1 more
Caused by: org.apache.ratis.thirdparty.io.netty.channel.AbstractChannel$AnnotatedConnectException: Connection refused: /192.168.157.203:33208
	at sun.nio.ch.SocketChannelImpl.checkConnect(Native Method)
	at sun.nio.ch.SocketChannelImpl.finishConnect(SocketChannelImpl.java:717)
	at org.apache.ratis.thirdparty.io.netty.channel.socket.nio.NioSocketChannel.doFinishConnect(NioSocketChannel.java:327)
	at org.apache.ratis.thirdparty.io.netty.channel.nio.AbstractNioChannel$AbstractNioUnsafe.finishConnect(AbstractNioChannel.java:340)
	at org.apache.ratis.thirdparty.io.netty.channel.nio.NioEventLoop.processSelectedKey(NioEventLoop.java:632)
	at org.apache.ratis.thirdparty.io.netty.channel.nio.NioEventLoop.processSelectedKeysOptimized(NioEventLoop.java:579)
	at org.apache.ratis.thirdparty.io.netty.channel.nio.NioEventLoop.processSelectedKeys(NioEventLoop.java:496)
	at org.apache.ratis.thirdparty.io.netty.channel.nio.NioEventLoop.run(NioEventLoop.java:458)
	at org.apache.ratis.thirdparty.io.netty.util.concurrent.SingleThreadEventExecutor$5.run(SingleThreadEventExecutor.java:897)
	at org.apache.ratis.thirdparty.io.netty.util.concurrent.FastThreadLocalRunnable.run(FastThreadLocalRunnable.java:30)
	... 1 more
Caused by: java.net.ConnectException: Connection refused
	... 11 more
2019-10-16 11:36:16,054 [a3132885-145f-4a8c-85f4-c10eb874732d@group-2077DD483DC7-LeaderElection464] INFO  impl.RaftServerImpl (RaftServerImpl.java:setRole(184)) - a3132885-145f-4a8c-85f4-c10eb874732d@group-2077DD483DC7: changes role from CANDIDATE to FOLLOWER at term 288 for DISCOVERED_A_NEW_TERM
2019-10-16 11:36:16,054 [a3132885-145f-4a8c-85f4-c10eb874732d@group-2077DD483DC7-LeaderElection464] INFO  impl.RoleInfo (RoleInfo.java:shutdownLeaderElection(134)) - a3132885-145f-4a8c-85f4-c10eb874732d: shutdown LeaderElection
2019-10-16 11:36:16,054 [a3132885-145f-4a8c-85f4-c10eb874732d@group-2077DD483DC7-LeaderElection464] INFO  impl.RoleInfo (RoleInfo.java:updateAndGet(143)) - a3132885-145f-4a8c-85f4-c10eb874732d: start FollowerState
2019-10-16 11:36:16,081 [Thread-3498] INFO  impl.FollowerState (FollowerState.java:run(108)) - a3132885-145f-4a8c-85f4-c10eb874732d@group-2077DD483DC7-FollowerState: change to CANDIDATE, lastRpcTime:26ms, electionTimeout:26ms
2019-10-16 11:36:16,081 [Thread-3498] INFO  impl.RoleInfo (RoleInfo.java:shutdownFollowerState(121)) - a3132885-145f-4a8c-85f4-c10eb874732d: shutdown FollowerState
2019-10-16 11:36:16,081 [Thread-3498] INFO  impl.RaftServerImpl (RaftServerImpl.java:setRole(184)) - a3132885-145f-4a8c-85f4-c10eb874732d@group-2077DD483DC7: changes role from  FOLLOWER to CANDIDATE at term 288 for changeToCandidate
2019-10-16 11:36:16,081 [Thread-3498] INFO  impl.RoleInfo (RoleInfo.java:updateAndGet(143)) - a3132885-145f-4a8c-85f4-c10eb874732d: start LeaderElection
2019-10-16 11:36:16,094 [a3132885-145f-4a8c-85f4-c10eb874732d@group-2077DD483DC7-LeaderElection465] INFO  impl.LeaderElection (LeaderElection.java:askForVotes(178)) - a3132885-145f-4a8c-85f4-c10eb874732d@group-2077DD483DC7-LeaderElection465: begin an election at term 289 for -1: [163587bb-2c3b-4498-b576-18147cf38274:192.168.157.203:33208, a3132885-145f-4a8c-85f4-c10eb874732d:192.168.157.203:46766, 70b633f6-b230-4b9f-87f3-510da88f1e08:192.168.157.203:43163], old=null
2019-10-16 11:36:16,095 [a3132885-145f-4a8c-85f4-c10eb874732d@group-2077DD483DC7-LeaderElection465] INFO  impl.LeaderElection (LeaderElection.java:logAndReturn(56)) - a3132885-145f-4a8c-85f4-c10eb874732d@group-2077DD483DC7-LeaderElection465: Election TIMEOUT; received 0 response(s) [] and 0 exception(s); a3132885-145f-4a8c-85f4-c10eb874732d@group-2077DD483DC7:t289, leader=null, voted=a3132885-145f-4a8c-85f4-c10eb874732d, raftlog=a3132885-145f-4a8c-85f4-c10eb874732d@group-2077DD483DC7-SegmentedRaftLog:OPENED:c-1,f-1,i0, conf=-1: [163587bb-2c3b-4498-b576-18147cf38274:192.168.157.203:33208, a3132885-145f-4a8c-85f4-c10eb874732d:192.168.157.203:46766, 70b633f6-b230-4b9f-87f3-510da88f1e08:192.168.157.203:43163], old=null
2019-10-16 11:36:16,096 [grpc-default-executor-5] INFO  impl.RaftServerImpl (RaftServerImpl.java:setRole(184)) - 70b633f6-b230-4b9f-87f3-510da88f1e08@group-2077DD483DC7: changes role from  FOLLOWER to FOLLOWER at term 289 for recognizeCandidate:a3132885-145f-4a8c-85f4-c10eb874732d
2019-10-16 11:36:16,096 [grpc-default-executor-5] INFO  impl.RoleInfo (RoleInfo.java:shutdownFollowerState(121)) - 70b633f6-b230-4b9f-87f3-510da88f1e08: shutdown FollowerState
2019-10-16 11:36:16,096 [grpc-default-executor-5] INFO  impl.RoleInfo (RoleInfo.java:updateAndGet(143)) - 70b633f6-b230-4b9f-87f3-510da88f1e08: start FollowerState
2019-10-16 11:36:16,096 [Thread-3497] INFO  impl.FollowerState (FollowerState.java:run(117)) - 70b633f6-b230-4b9f-87f3-510da88f1e08@group-2077DD483DC7-FollowerState was interrupted: java.lang.InterruptedException: sleep interrupted
2019-10-16 11:36:16,109 [a3132885-145f-4a8c-85f4-c10eb874732d@group-2077DD483DC7-LeaderElection465] INFO  impl.LeaderElection (LeaderElection.java:askForVotes(178)) - a3132885-145f-4a8c-85f4-c10eb874732d@group-2077DD483DC7-LeaderElection465: begin an election at term 290 for -1: [163587bb-2c3b-4498-b576-18147cf38274:192.168.157.203:33208, a3132885-145f-4a8c-85f4-c10eb874732d:192.168.157.203:46766, 70b633f6-b230-4b9f-87f3-510da88f1e08:192.168.157.203:43163], old=null
2019-10-16 11:36:16,109 [a3132885-145f-4a8c-85f4-c10eb874732d@group-2077DD483DC7-LeaderElection465] INFO  impl.LeaderElection (LogUtils.java:infoOrTrace(149)) - a3132885-145f-4a8c-85f4-c10eb874732d@group-2077DD483DC7-LeaderElection465 got exception when requesting votes: {}
java.util.concurrent.ExecutionException: org.apache.ratis.thirdparty.io.grpc.StatusRuntimeException: UNAVAILABLE: io exception
	at java.util.concurrent.FutureTask.report(FutureTask.java:122)
	at java.util.concurrent.FutureTask.get(FutureTask.java:192)
	at org.apache.ratis.server.impl.LeaderElection.waitForResults(LeaderElection.java:259)
	at org.apache.ratis.server.impl.LeaderElection.askForVotes(LeaderElection.java:197)
	at org.apache.ratis.server.impl.LeaderElection.run(LeaderElection.java:133)
	at java.lang.Thread.run(Thread.java:748)
Caused by: org.apache.ratis.thirdparty.io.grpc.StatusRuntimeException: UNAVAILABLE: io exception
	at org.apache.ratis.thirdparty.io.grpc.stub.ClientCalls.toStatusRuntimeException(ClientCalls.java:233)
	at org.apache.ratis.thirdparty.io.grpc.stub.ClientCalls.getUnchecked(ClientCalls.java:214)
	at org.apache.ratis.thirdparty.io.grpc.stub.ClientCalls.blockingUnaryCall(ClientCalls.java:139)
	at org.apache.ratis.proto.grpc.RaftServerProtocolServiceGrpc$RaftServerProtocolServiceBlockingStub.requestVote(RaftServerProtocolServiceGrpc.java:265)
	at org.apache.ratis.grpc.server.GrpcServerProtocolClient.requestVote(GrpcServerProtocolClient.java:99)
	at org.apache.ratis.grpc.server.GrpcService.requestVote(GrpcService.java:204)
	at org.apache.ratis.server.impl.LeaderElection.lambda$submitRequests$1(LeaderElection.java:234)
	at java.util.concurrent.FutureTask.run(FutureTask.java:266)
	at java.util.concurrent.Executors$RunnableAdapter.call(Executors.java:511)
	at java.util.concurrent.FutureTask.run(FutureTask.java:266)
	at java.util.concurrent.ThreadPoolExecutor.runWorker(ThreadPoolExecutor.java:1149)
	at java.util.concurrent.ThreadPoolExecutor$Worker.run(ThreadPoolExecutor.java:624)
	... 1 more
Caused by: org.apache.ratis.thirdparty.io.netty.channel.AbstractChannel$AnnotatedConnectException: Connection refused: /192.168.157.203:33208
	at sun.nio.ch.SocketChannelImpl.checkConnect(Native Method)
	at sun.nio.ch.SocketChannelImpl.finishConnect(SocketChannelImpl.java:717)
	at org.apache.ratis.thirdparty.io.netty.channel.socket.nio.NioSocketChannel.doFinishConnect(NioSocketChannel.java:327)
	at org.apache.ratis.thirdparty.io.netty.channel.nio.AbstractNioChannel$AbstractNioUnsafe.finishConnect(AbstractNioChannel.java:340)
	at org.apache.ratis.thirdparty.io.netty.channel.nio.NioEventLoop.processSelectedKey(NioEventLoop.java:632)
	at org.apache.ratis.thirdparty.io.netty.channel.nio.NioEventLoop.processSelectedKeysOptimized(NioEventLoop.java:579)
	at org.apache.ratis.thirdparty.io.netty.channel.nio.NioEventLoop.processSelectedKeys(NioEventLoop.java:496)
	at org.apache.ratis.thirdparty.io.netty.channel.nio.NioEventLoop.run(NioEventLoop.java:458)
	at org.apache.ratis.thirdparty.io.netty.util.concurrent.SingleThreadEventExecutor$5.run(SingleThreadEventExecutor.java:897)
	at org.apache.ratis.thirdparty.io.netty.util.concurrent.FastThreadLocalRunnable.run(FastThreadLocalRunnable.java:30)
	... 1 more
Caused by: java.net.ConnectException: Connection refused
	... 11 more
2019-10-16 11:36:16,112 [grpc-default-executor-5] INFO  impl.RaftServerImpl (RaftServerImpl.java:setRole(184)) - 70b633f6-b230-4b9f-87f3-510da88f1e08@group-2077DD483DC7: changes role from  FOLLOWER to FOLLOWER at term 290 for recognizeCandidate:a3132885-145f-4a8c-85f4-c10eb874732d
2019-10-16 11:36:16,112 [grpc-default-executor-5] INFO  impl.RoleInfo (RoleInfo.java:shutdownFollowerState(121)) - 70b633f6-b230-4b9f-87f3-510da88f1e08: shutdown FollowerState
2019-10-16 11:36:16,112 [grpc-default-executor-5] INFO  impl.RoleInfo (RoleInfo.java:updateAndGet(143)) - 70b633f6-b230-4b9f-87f3-510da88f1e08: start FollowerState
2019-10-16 11:36:16,112 [Thread-3502] INFO  impl.FollowerState (FollowerState.java:run(117)) - 70b633f6-b230-4b9f-87f3-510da88f1e08@group-2077DD483DC7-FollowerState was interrupted: java.lang.InterruptedException: sleep interrupted
2019-10-16 11:36:16,125 [a3132885-145f-4a8c-85f4-c10eb874732d@group-2077DD483DC7-LeaderElection465] INFO  impl.LeaderElection (LeaderElection.java:logAndReturn(56)) - a3132885-145f-4a8c-85f4-c10eb874732d@group-2077DD483DC7-LeaderElection465: Election REJECTED; received 1 response(s) [a3132885-145f-4a8c-85f4-c10eb874732d<-70b633f6-b230-4b9f-87f3-510da88f1e08#0:FAIL-t290] and 1 exception(s); a3132885-145f-4a8c-85f4-c10eb874732d@group-2077DD483DC7:t290, leader=null, voted=a3132885-145f-4a8c-85f4-c10eb874732d, raftlog=a3132885-145f-4a8c-85f4-c10eb874732d@group-2077DD483DC7-SegmentedRaftLog:OPENED:c-1,f-1,i0, conf=-1: [163587bb-2c3b-4498-b576-18147cf38274:192.168.157.203:33208, a3132885-145f-4a8c-85f4-c10eb874732d:192.168.157.203:46766, 70b633f6-b230-4b9f-87f3-510da88f1e08:192.168.157.203:43163], old=null
2019-10-16 11:36:16,125 [a3132885-145f-4a8c-85f4-c10eb874732d@group-2077DD483DC7-LeaderElection465] INFO  impl.LeaderElection (LogUtils.java:infoOrTrace(149)) -   Exception 0: {}
java.util.concurrent.ExecutionException: org.apache.ratis.thirdparty.io.grpc.StatusRuntimeException: UNAVAILABLE: io exception
	at java.util.concurrent.FutureTask.report(FutureTask.java:122)
	at java.util.concurrent.FutureTask.get(FutureTask.java:192)
	at org.apache.ratis.server.impl.LeaderElection.waitForResults(LeaderElection.java:259)
	at org.apache.ratis.server.impl.LeaderElection.askForVotes(LeaderElection.java:197)
	at org.apache.ratis.server.impl.LeaderElection.run(LeaderElection.java:133)
	at java.lang.Thread.run(Thread.java:748)
Caused by: org.apache.ratis.thirdparty.io.grpc.StatusRuntimeException: UNAVAILABLE: io exception
	at org.apache.ratis.thirdparty.io.grpc.stub.ClientCalls.toStatusRuntimeException(ClientCalls.java:233)
	at org.apache.ratis.thirdparty.io.grpc.stub.ClientCalls.getUnchecked(ClientCalls.java:214)
	at org.apache.ratis.thirdparty.io.grpc.stub.ClientCalls.blockingUnaryCall(ClientCalls.java:139)
	at org.apache.ratis.proto.grpc.RaftServerProtocolServiceGrpc$RaftServerProtocolServiceBlockingStub.requestVote(RaftServerProtocolServiceGrpc.java:265)
	at org.apache.ratis.grpc.server.GrpcServerProtocolClient.requestVote(GrpcServerProtocolClient.java:99)
	at org.apache.ratis.grpc.server.GrpcService.requestVote(GrpcService.java:204)
	at org.apache.ratis.server.impl.LeaderElection.lambda$submitRequests$1(LeaderElection.java:234)
	at java.util.concurrent.FutureTask.run(FutureTask.java:266)
	at java.util.concurrent.Executors$RunnableAdapter.call(Executors.java:511)
	at java.util.concurrent.FutureTask.run(FutureTask.java:266)
	at java.util.concurrent.ThreadPoolExecutor.runWorker(ThreadPoolExecutor.java:1149)
	at java.util.concurrent.ThreadPoolExecutor$Worker.run(ThreadPoolExecutor.java:624)
	... 1 more
Caused by: org.apache.ratis.thirdparty.io.netty.channel.AbstractChannel$AnnotatedConnectException: Connection refused: /192.168.157.203:33208
	at sun.nio.ch.SocketChannelImpl.checkConnect(Native Method)
	at sun.nio.ch.SocketChannelImpl.finishConnect(SocketChannelImpl.java:717)
	at org.apache.ratis.thirdparty.io.netty.channel.socket.nio.NioSocketChannel.doFinishConnect(NioSocketChannel.java:327)
	at org.apache.ratis.thirdparty.io.netty.channel.nio.AbstractNioChannel$AbstractNioUnsafe.finishConnect(AbstractNioChannel.java:340)
	at org.apache.ratis.thirdparty.io.netty.channel.nio.NioEventLoop.processSelectedKey(NioEventLoop.java:632)
	at org.apache.ratis.thirdparty.io.netty.channel.nio.NioEventLoop.processSelectedKeysOptimized(NioEventLoop.java:579)
	at org.apache.ratis.thirdparty.io.netty.channel.nio.NioEventLoop.processSelectedKeys(NioEventLoop.java:496)
	at org.apache.ratis.thirdparty.io.netty.channel.nio.NioEventLoop.run(NioEventLoop.java:458)
	at org.apache.ratis.thirdparty.io.netty.util.concurrent.SingleThreadEventExecutor$5.run(SingleThreadEventExecutor.java:897)
	at org.apache.ratis.thirdparty.io.netty.util.concurrent.FastThreadLocalRunnable.run(FastThreadLocalRunnable.java:30)
	... 1 more
Caused by: java.net.ConnectException: Connection refused
	... 11 more
2019-10-16 11:36:16,126 [a3132885-145f-4a8c-85f4-c10eb874732d@group-2077DD483DC7-LeaderElection465] INFO  impl.RaftServerImpl (RaftServerImpl.java:setRole(184)) - a3132885-145f-4a8c-85f4-c10eb874732d@group-2077DD483DC7: changes role from CANDIDATE to FOLLOWER at term 290 for DISCOVERED_A_NEW_TERM
2019-10-16 11:36:16,126 [a3132885-145f-4a8c-85f4-c10eb874732d@group-2077DD483DC7-LeaderElection465] INFO  impl.RoleInfo (RoleInfo.java:shutdownLeaderElection(134)) - a3132885-145f-4a8c-85f4-c10eb874732d: shutdown LeaderElection
2019-10-16 11:36:16,126 [a3132885-145f-4a8c-85f4-c10eb874732d@group-2077DD483DC7-LeaderElection465] INFO  impl.RoleInfo (RoleInfo.java:updateAndGet(143)) - a3132885-145f-4a8c-85f4-c10eb874732d: start FollowerState
2019-10-16 11:36:16,153 [Thread-3506] INFO  impl.FollowerState (FollowerState.java:run(108)) - a3132885-145f-4a8c-85f4-c10eb874732d@group-2077DD483DC7-FollowerState: change to CANDIDATE, lastRpcTime:27ms, electionTimeout:27ms
2019-10-16 11:36:16,153 [Thread-3506] INFO  impl.RoleInfo (RoleInfo.java:shutdownFollowerState(121)) - a3132885-145f-4a8c-85f4-c10eb874732d: shutdown FollowerState
2019-10-16 11:36:16,154 [Thread-3506] INFO  impl.RaftServerImpl (RaftServerImpl.java:setRole(184)) - a3132885-145f-4a8c-85f4-c10eb874732d@group-2077DD483DC7: changes role from  FOLLOWER to CANDIDATE at term 290 for changeToCandidate
2019-10-16 11:36:16,154 [Thread-3506] INFO  impl.RoleInfo (RoleInfo.java:updateAndGet(143)) - a3132885-145f-4a8c-85f4-c10eb874732d: start LeaderElection
2019-10-16 11:36:16,167 [a3132885-145f-4a8c-85f4-c10eb874732d@group-2077DD483DC7-LeaderElection466] INFO  impl.LeaderElection (LeaderElection.java:askForVotes(178)) - a3132885-145f-4a8c-85f4-c10eb874732d@group-2077DD483DC7-LeaderElection466: begin an election at term 291 for -1: [163587bb-2c3b-4498-b576-18147cf38274:192.168.157.203:33208, a3132885-145f-4a8c-85f4-c10eb874732d:192.168.157.203:46766, 70b633f6-b230-4b9f-87f3-510da88f1e08:192.168.157.203:43163], old=null
2019-10-16 11:36:16,168 [a3132885-145f-4a8c-85f4-c10eb874732d@group-2077DD483DC7-LeaderElection466] INFO  impl.LeaderElection (LogUtils.java:infoOrTrace(149)) - a3132885-145f-4a8c-85f4-c10eb874732d@group-2077DD483DC7-LeaderElection466 got exception when requesting votes: {}
java.util.concurrent.ExecutionException: org.apache.ratis.thirdparty.io.grpc.StatusRuntimeException: UNAVAILABLE: io exception
	at java.util.concurrent.FutureTask.report(FutureTask.java:122)
	at java.util.concurrent.FutureTask.get(FutureTask.java:192)
	at org.apache.ratis.server.impl.LeaderElection.waitForResults(LeaderElection.java:259)
	at org.apache.ratis.server.impl.LeaderElection.askForVotes(LeaderElection.java:197)
	at org.apache.ratis.server.impl.LeaderElection.run(LeaderElection.java:133)
	at java.lang.Thread.run(Thread.java:748)
Caused by: org.apache.ratis.thirdparty.io.grpc.StatusRuntimeException: UNAVAILABLE: io exception
	at org.apache.ratis.thirdparty.io.grpc.stub.ClientCalls.toStatusRuntimeException(ClientCalls.java:233)
	at org.apache.ratis.thirdparty.io.grpc.stub.ClientCalls.getUnchecked(ClientCalls.java:214)
	at org.apache.ratis.thirdparty.io.grpc.stub.ClientCalls.blockingUnaryCall(ClientCalls.java:139)
	at org.apache.ratis.proto.grpc.RaftServerProtocolServiceGrpc$RaftServerProtocolServiceBlockingStub.requestVote(RaftServerProtocolServiceGrpc.java:265)
	at org.apache.ratis.grpc.server.GrpcServerProtocolClient.requestVote(GrpcServerProtocolClient.java:99)
	at org.apache.ratis.grpc.server.GrpcService.requestVote(GrpcService.java:204)
	at org.apache.ratis.server.impl.LeaderElection.lambda$submitRequests$1(LeaderElection.java:234)
	at java.util.concurrent.FutureTask.run(FutureTask.java:266)
	at java.util.concurrent.Executors$RunnableAdapter.call(Executors.java:511)
	at java.util.concurrent.FutureTask.run(FutureTask.java:266)
	at java.util.concurrent.ThreadPoolExecutor.runWorker(ThreadPoolExecutor.java:1149)
	at java.util.concurrent.ThreadPoolExecutor$Worker.run(ThreadPoolExecutor.java:624)
	... 1 more
Caused by: org.apache.ratis.thirdparty.io.netty.channel.AbstractChannel$AnnotatedConnectException: Connection refused: /192.168.157.203:33208
	at sun.nio.ch.SocketChannelImpl.checkConnect(Native Method)
	at sun.nio.ch.SocketChannelImpl.finishConnect(SocketChannelImpl.java:717)
	at org.apache.ratis.thirdparty.io.netty.channel.socket.nio.NioSocketChannel.doFinishConnect(NioSocketChannel.java:327)
	at org.apache.ratis.thirdparty.io.netty.channel.nio.AbstractNioChannel$AbstractNioUnsafe.finishConnect(AbstractNioChannel.java:340)
	at org.apache.ratis.thirdparty.io.netty.channel.nio.NioEventLoop.processSelectedKey(NioEventLoop.java:632)
	at org.apache.ratis.thirdparty.io.netty.channel.nio.NioEventLoop.processSelectedKeysOptimized(NioEventLoop.java:579)
	at org.apache.ratis.thirdparty.io.netty.channel.nio.NioEventLoop.processSelectedKeys(NioEventLoop.java:496)
	at org.apache.ratis.thirdparty.io.netty.channel.nio.NioEventLoop.run(NioEventLoop.java:458)
	at org.apache.ratis.thirdparty.io.netty.util.concurrent.SingleThreadEventExecutor$5.run(SingleThreadEventExecutor.java:897)
	at org.apache.ratis.thirdparty.io.netty.util.concurrent.FastThreadLocalRunnable.run(FastThreadLocalRunnable.java:30)
	... 1 more
Caused by: java.net.ConnectException: Connection refused
	... 11 more
2019-10-16 11:36:16,170 [grpc-default-executor-5] INFO  impl.RaftServerImpl (RaftServerImpl.java:setRole(184)) - 70b633f6-b230-4b9f-87f3-510da88f1e08@group-2077DD483DC7: changes role from  FOLLOWER to FOLLOWER at term 291 for recognizeCandidate:a3132885-145f-4a8c-85f4-c10eb874732d
2019-10-16 11:36:16,170 [grpc-default-executor-5] INFO  impl.RoleInfo (RoleInfo.java:shutdownFollowerState(121)) - 70b633f6-b230-4b9f-87f3-510da88f1e08: shutdown FollowerState
2019-10-16 11:36:16,170 [grpc-default-executor-5] INFO  impl.RoleInfo (RoleInfo.java:updateAndGet(143)) - 70b633f6-b230-4b9f-87f3-510da88f1e08: start FollowerState
2019-10-16 11:36:16,170 [Thread-3505] INFO  impl.FollowerState (FollowerState.java:run(117)) - 70b633f6-b230-4b9f-87f3-510da88f1e08@group-2077DD483DC7-FollowerState was interrupted: java.lang.InterruptedException: sleep interrupted
2019-10-16 11:36:16,184 [a3132885-145f-4a8c-85f4-c10eb874732d@group-2077DD483DC7-LeaderElection466] INFO  impl.LeaderElection (LeaderElection.java:logAndReturn(56)) - a3132885-145f-4a8c-85f4-c10eb874732d@group-2077DD483DC7-LeaderElection466: Election REJECTED; received 1 response(s) [a3132885-145f-4a8c-85f4-c10eb874732d<-70b633f6-b230-4b9f-87f3-510da88f1e08#0:FAIL-t291] and 1 exception(s); a3132885-145f-4a8c-85f4-c10eb874732d@group-2077DD483DC7:t291, leader=null, voted=a3132885-145f-4a8c-85f4-c10eb874732d, raftlog=a3132885-145f-4a8c-85f4-c10eb874732d@group-2077DD483DC7-SegmentedRaftLog:OPENED:c-1,f-1,i0, conf=-1: [163587bb-2c3b-4498-b576-18147cf38274:192.168.157.203:33208, a3132885-145f-4a8c-85f4-c10eb874732d:192.168.157.203:46766, 70b633f6-b230-4b9f-87f3-510da88f1e08:192.168.157.203:43163], old=null
2019-10-16 11:36:16,184 [a3132885-145f-4a8c-85f4-c10eb874732d@group-2077DD483DC7-LeaderElection466] INFO  impl.LeaderElection (LogUtils.java:infoOrTrace(149)) -   Exception 0: {}
java.util.concurrent.ExecutionException: org.apache.ratis.thirdparty.io.grpc.StatusRuntimeException: UNAVAILABLE: io exception
	at java.util.concurrent.FutureTask.report(FutureTask.java:122)
	at java.util.concurrent.FutureTask.get(FutureTask.java:192)
	at org.apache.ratis.server.impl.LeaderElection.waitForResults(LeaderElection.java:259)
	at org.apache.ratis.server.impl.LeaderElection.askForVotes(LeaderElection.java:197)
	at org.apache.ratis.server.impl.LeaderElection.run(LeaderElection.java:133)
	at java.lang.Thread.run(Thread.java:748)
Caused by: org.apache.ratis.thirdparty.io.grpc.StatusRuntimeException: UNAVAILABLE: io exception
	at org.apache.ratis.thirdparty.io.grpc.stub.ClientCalls.toStatusRuntimeException(ClientCalls.java:233)
	at org.apache.ratis.thirdparty.io.grpc.stub.ClientCalls.getUnchecked(ClientCalls.java:214)
	at org.apache.ratis.thirdparty.io.grpc.stub.ClientCalls.blockingUnaryCall(ClientCalls.java:139)
	at org.apache.ratis.proto.grpc.RaftServerProtocolServiceGrpc$RaftServerProtocolServiceBlockingStub.requestVote(RaftServerProtocolServiceGrpc.java:265)
	at org.apache.ratis.grpc.server.GrpcServerProtocolClient.requestVote(GrpcServerProtocolClient.java:99)
	at org.apache.ratis.grpc.server.GrpcService.requestVote(GrpcService.java:204)
	at org.apache.ratis.server.impl.LeaderElection.lambda$submitRequests$1(LeaderElection.java:234)
	at java.util.concurrent.FutureTask.run(FutureTask.java:266)
	at java.util.concurrent.Executors$RunnableAdapter.call(Executors.java:511)
	at java.util.concurrent.FutureTask.run(FutureTask.java:266)
	at java.util.concurrent.ThreadPoolExecutor.runWorker(ThreadPoolExecutor.java:1149)
	at java.util.concurrent.ThreadPoolExecutor$Worker.run(ThreadPoolExecutor.java:624)
	... 1 more
Caused by: org.apache.ratis.thirdparty.io.netty.channel.AbstractChannel$AnnotatedConnectException: Connection refused: /192.168.157.203:33208
	at sun.nio.ch.SocketChannelImpl.checkConnect(Native Method)
	at sun.nio.ch.SocketChannelImpl.finishConnect(SocketChannelImpl.java:717)
	at org.apache.ratis.thirdparty.io.netty.channel.socket.nio.NioSocketChannel.doFinishConnect(NioSocketChannel.java:327)
	at org.apache.ratis.thirdparty.io.netty.channel.nio.AbstractNioChannel$AbstractNioUnsafe.finishConnect(AbstractNioChannel.java:340)
	at org.apache.ratis.thirdparty.io.netty.channel.nio.NioEventLoop.processSelectedKey(NioEventLoop.java:632)
	at org.apache.ratis.thirdparty.io.netty.channel.nio.NioEventLoop.processSelectedKeysOptimized(NioEventLoop.java:579)
	at org.apache.ratis.thirdparty.io.netty.channel.nio.NioEventLoop.processSelectedKeys(NioEventLoop.java:496)
	at org.apache.ratis.thirdparty.io.netty.channel.nio.NioEventLoop.run(NioEventLoop.java:458)
	at org.apache.ratis.thirdparty.io.netty.util.concurrent.SingleThreadEventExecutor$5.run(SingleThreadEventExecutor.java:897)
	at org.apache.ratis.thirdparty.io.netty.util.concurrent.FastThreadLocalRunnable.run(FastThreadLocalRunnable.java:30)
	... 1 more
Caused by: java.net.ConnectException: Connection refused
	... 11 more
2019-10-16 11:36:16,184 [a3132885-145f-4a8c-85f4-c10eb874732d@group-2077DD483DC7-LeaderElection466] INFO  impl.RaftServerImpl (RaftServerImpl.java:setRole(184)) - a3132885-145f-4a8c-85f4-c10eb874732d@group-2077DD483DC7: changes role from CANDIDATE to FOLLOWER at term 291 for DISCOVERED_A_NEW_TERM
2019-10-16 11:36:16,184 [a3132885-145f-4a8c-85f4-c10eb874732d@group-2077DD483DC7-LeaderElection466] INFO  impl.RoleInfo (RoleInfo.java:shutdownLeaderElection(134)) - a3132885-145f-4a8c-85f4-c10eb874732d: shutdown LeaderElection
2019-10-16 11:36:16,185 [a3132885-145f-4a8c-85f4-c10eb874732d@group-2077DD483DC7-LeaderElection466] INFO  impl.RoleInfo (RoleInfo.java:updateAndGet(143)) - a3132885-145f-4a8c-85f4-c10eb874732d: start FollowerState
2019-10-16 11:36:16,251 [Thread-3511] INFO  impl.FollowerState (FollowerState.java:run(108)) - a3132885-145f-4a8c-85f4-c10eb874732d@group-2077DD483DC7-FollowerState: change to CANDIDATE, lastRpcTime:66ms, electionTimeout:66ms
2019-10-16 11:36:16,251 [Thread-3511] INFO  impl.RoleInfo (RoleInfo.java:shutdownFollowerState(121)) - a3132885-145f-4a8c-85f4-c10eb874732d: shutdown FollowerState
2019-10-16 11:36:16,251 [Thread-3511] INFO  impl.RaftServerImpl (RaftServerImpl.java:setRole(184)) - a3132885-145f-4a8c-85f4-c10eb874732d@group-2077DD483DC7: changes role from  FOLLOWER to CANDIDATE at term 291 for changeToCandidate
2019-10-16 11:36:16,251 [Thread-3511] INFO  impl.RoleInfo (RoleInfo.java:updateAndGet(143)) - a3132885-145f-4a8c-85f4-c10eb874732d: start LeaderElection
2019-10-16 11:36:16,265 [a3132885-145f-4a8c-85f4-c10eb874732d@group-2077DD483DC7-LeaderElection467] INFO  impl.LeaderElection (LeaderElection.java:askForVotes(178)) - a3132885-145f-4a8c-85f4-c10eb874732d@group-2077DD483DC7-LeaderElection467: begin an election at term 292 for -1: [163587bb-2c3b-4498-b576-18147cf38274:192.168.157.203:33208, a3132885-145f-4a8c-85f4-c10eb874732d:192.168.157.203:46766, 70b633f6-b230-4b9f-87f3-510da88f1e08:192.168.157.203:43163], old=null
2019-10-16 11:36:16,266 [a3132885-145f-4a8c-85f4-c10eb874732d@group-2077DD483DC7-LeaderElection467] INFO  impl.LeaderElection (LogUtils.java:infoOrTrace(149)) - a3132885-145f-4a8c-85f4-c10eb874732d@group-2077DD483DC7-LeaderElection467 got exception when requesting votes: {}
java.util.concurrent.ExecutionException: org.apache.ratis.thirdparty.io.grpc.StatusRuntimeException: UNAVAILABLE: io exception
	at java.util.concurrent.FutureTask.report(FutureTask.java:122)
	at java.util.concurrent.FutureTask.get(FutureTask.java:192)
	at org.apache.ratis.server.impl.LeaderElection.waitForResults(LeaderElection.java:259)
	at org.apache.ratis.server.impl.LeaderElection.askForVotes(LeaderElection.java:197)
	at org.apache.ratis.server.impl.LeaderElection.run(LeaderElection.java:133)
	at java.lang.Thread.run(Thread.java:748)
Caused by: org.apache.ratis.thirdparty.io.grpc.StatusRuntimeException: UNAVAILABLE: io exception
	at org.apache.ratis.thirdparty.io.grpc.stub.ClientCalls.toStatusRuntimeException(ClientCalls.java:233)
	at org.apache.ratis.thirdparty.io.grpc.stub.ClientCalls.getUnchecked(ClientCalls.java:214)
	at org.apache.ratis.thirdparty.io.grpc.stub.ClientCalls.blockingUnaryCall(ClientCalls.java:139)
	at org.apache.ratis.proto.grpc.RaftServerProtocolServiceGrpc$RaftServerProtocolServiceBlockingStub.requestVote(RaftServerProtocolServiceGrpc.java:265)
	at org.apache.ratis.grpc.server.GrpcServerProtocolClient.requestVote(GrpcServerProtocolClient.java:99)
	at org.apache.ratis.grpc.server.GrpcService.requestVote(GrpcService.java:204)
	at org.apache.ratis.server.impl.LeaderElection.lambda$submitRequests$1(LeaderElection.java:234)
	at java.util.concurrent.FutureTask.run(FutureTask.java:266)
	at java.util.concurrent.Executors$RunnableAdapter.call(Executors.java:511)
	at java.util.concurrent.FutureTask.run(FutureTask.java:266)
	at java.util.concurrent.ThreadPoolExecutor.runWorker(ThreadPoolExecutor.java:1149)
	at java.util.concurrent.ThreadPoolExecutor$Worker.run(ThreadPoolExecutor.java:624)
	... 1 more
Caused by: org.apache.ratis.thirdparty.io.netty.channel.AbstractChannel$AnnotatedConnectException: Connection refused: /192.168.157.203:33208
	at sun.nio.ch.SocketChannelImpl.checkConnect(Native Method)
	at sun.nio.ch.SocketChannelImpl.finishConnect(SocketChannelImpl.java:717)
	at org.apache.ratis.thirdparty.io.netty.channel.socket.nio.NioSocketChannel.doFinishConnect(NioSocketChannel.java:327)
	at org.apache.ratis.thirdparty.io.netty.channel.nio.AbstractNioChannel$AbstractNioUnsafe.finishConnect(AbstractNioChannel.java:340)
	at org.apache.ratis.thirdparty.io.netty.channel.nio.NioEventLoop.processSelectedKey(NioEventLoop.java:632)
	at org.apache.ratis.thirdparty.io.netty.channel.nio.NioEventLoop.processSelectedKeysOptimized(NioEventLoop.java:579)
	at org.apache.ratis.thirdparty.io.netty.channel.nio.NioEventLoop.processSelectedKeys(NioEventLoop.java:496)
	at org.apache.ratis.thirdparty.io.netty.channel.nio.NioEventLoop.run(NioEventLoop.java:458)
	at org.apache.ratis.thirdparty.io.netty.util.concurrent.SingleThreadEventExecutor$5.run(SingleThreadEventExecutor.java:897)
	at org.apache.ratis.thirdparty.io.netty.util.concurrent.FastThreadLocalRunnable.run(FastThreadLocalRunnable.java:30)
	... 1 more
Caused by: java.net.ConnectException: Connection refused
	... 11 more
2019-10-16 11:36:16,268 [grpc-default-executor-5] INFO  impl.RaftServerImpl (RaftServerImpl.java:setRole(184)) - 70b633f6-b230-4b9f-87f3-510da88f1e08@group-2077DD483DC7: changes role from  FOLLOWER to FOLLOWER at term 292 for recognizeCandidate:a3132885-145f-4a8c-85f4-c10eb874732d
2019-10-16 11:36:16,268 [grpc-default-executor-5] INFO  impl.RoleInfo (RoleInfo.java:shutdownFollowerState(121)) - 70b633f6-b230-4b9f-87f3-510da88f1e08: shutdown FollowerState
2019-10-16 11:36:16,269 [grpc-default-executor-5] INFO  impl.RoleInfo (RoleInfo.java:updateAndGet(143)) - 70b633f6-b230-4b9f-87f3-510da88f1e08: start FollowerState
2019-10-16 11:36:16,269 [Thread-3510] INFO  impl.FollowerState (FollowerState.java:run(117)) - 70b633f6-b230-4b9f-87f3-510da88f1e08@group-2077DD483DC7-FollowerState was interrupted: java.lang.InterruptedException: sleep interrupted
2019-10-16 11:36:16,283 [a3132885-145f-4a8c-85f4-c10eb874732d@group-2077DD483DC7-LeaderElection467] INFO  impl.LeaderElection (LeaderElection.java:logAndReturn(56)) - a3132885-145f-4a8c-85f4-c10eb874732d@group-2077DD483DC7-LeaderElection467: Election REJECTED; received 1 response(s) [a3132885-145f-4a8c-85f4-c10eb874732d<-70b633f6-b230-4b9f-87f3-510da88f1e08#0:FAIL-t292] and 1 exception(s); a3132885-145f-4a8c-85f4-c10eb874732d@group-2077DD483DC7:t292, leader=null, voted=a3132885-145f-4a8c-85f4-c10eb874732d, raftlog=a3132885-145f-4a8c-85f4-c10eb874732d@group-2077DD483DC7-SegmentedRaftLog:OPENED:c-1,f-1,i0, conf=-1: [163587bb-2c3b-4498-b576-18147cf38274:192.168.157.203:33208, a3132885-145f-4a8c-85f4-c10eb874732d:192.168.157.203:46766, 70b633f6-b230-4b9f-87f3-510da88f1e08:192.168.157.203:43163], old=null
2019-10-16 11:36:16,283 [a3132885-145f-4a8c-85f4-c10eb874732d@group-2077DD483DC7-LeaderElection467] INFO  impl.LeaderElection (LogUtils.java:infoOrTrace(149)) -   Exception 0: {}
java.util.concurrent.ExecutionException: org.apache.ratis.thirdparty.io.grpc.StatusRuntimeException: UNAVAILABLE: io exception
	at java.util.concurrent.FutureTask.report(FutureTask.java:122)
	at java.util.concurrent.FutureTask.get(FutureTask.java:192)
	at org.apache.ratis.server.impl.LeaderElection.waitForResults(LeaderElection.java:259)
	at org.apache.ratis.server.impl.LeaderElection.askForVotes(LeaderElection.java:197)
	at org.apache.ratis.server.impl.LeaderElection.run(LeaderElection.java:133)
	at java.lang.Thread.run(Thread.java:748)
Caused by: org.apache.ratis.thirdparty.io.grpc.StatusRuntimeException: UNAVAILABLE: io exception
	at org.apache.ratis.thirdparty.io.grpc.stub.ClientCalls.toStatusRuntimeException(ClientCalls.java:233)
	at org.apache.ratis.thirdparty.io.grpc.stub.ClientCalls.getUnchecked(ClientCalls.java:214)
	at org.apache.ratis.thirdparty.io.grpc.stub.ClientCalls.blockingUnaryCall(ClientCalls.java:139)
	at org.apache.ratis.proto.grpc.RaftServerProtocolServiceGrpc$RaftServerProtocolServiceBlockingStub.requestVote(RaftServerProtocolServiceGrpc.java:265)
	at org.apache.ratis.grpc.server.GrpcServerProtocolClient.requestVote(GrpcServerProtocolClient.java:99)
	at org.apache.ratis.grpc.server.GrpcService.requestVote(GrpcService.java:204)
	at org.apache.ratis.server.impl.LeaderElection.lambda$submitRequests$1(LeaderElection.java:234)
	at java.util.concurrent.FutureTask.run(FutureTask.java:266)
	at java.util.concurrent.Executors$RunnableAdapter.call(Executors.java:511)
	at java.util.concurrent.FutureTask.run(FutureTask.java:266)
	at java.util.concurrent.ThreadPoolExecutor.runWorker(ThreadPoolExecutor.java:1149)
	at java.util.concurrent.ThreadPoolExecutor$Worker.run(ThreadPoolExecutor.java:624)
	... 1 more
Caused by: org.apache.ratis.thirdparty.io.netty.channel.AbstractChannel$AnnotatedConnectException: Connection refused: /192.168.157.203:33208
	at sun.nio.ch.SocketChannelImpl.checkConnect(Native Method)
	at sun.nio.ch.SocketChannelImpl.finishConnect(SocketChannelImpl.java:717)
	at org.apache.ratis.thirdparty.io.netty.channel.socket.nio.NioSocketChannel.doFinishConnect(NioSocketChannel.java:327)
	at org.apache.ratis.thirdparty.io.netty.channel.nio.AbstractNioChannel$AbstractNioUnsafe.finishConnect(AbstractNioChannel.java:340)
	at org.apache.ratis.thirdparty.io.netty.channel.nio.NioEventLoop.processSelectedKey(NioEventLoop.java:632)
	at org.apache.ratis.thirdparty.io.netty.channel.nio.NioEventLoop.processSelectedKeysOptimized(NioEventLoop.java:579)
	at org.apache.ratis.thirdparty.io.netty.channel.nio.NioEventLoop.processSelectedKeys(NioEventLoop.java:496)
	at org.apache.ratis.thirdparty.io.netty.channel.nio.NioEventLoop.run(NioEventLoop.java:458)
	at org.apache.ratis.thirdparty.io.netty.util.concurrent.SingleThreadEventExecutor$5.run(SingleThreadEventExecutor.java:897)
	at org.apache.ratis.thirdparty.io.netty.util.concurrent.FastThreadLocalRunnable.run(FastThreadLocalRunnable.java:30)
	... 1 more
Caused by: java.net.ConnectException: Connection refused
	... 11 more
2019-10-16 11:36:16,283 [a3132885-145f-4a8c-85f4-c10eb874732d@group-2077DD483DC7-LeaderElection467] INFO  impl.RaftServerImpl (RaftServerImpl.java:setRole(184)) - a3132885-145f-4a8c-85f4-c10eb874732d@group-2077DD483DC7: changes role from CANDIDATE to FOLLOWER at term 292 for DISCOVERED_A_NEW_TERM
2019-10-16 11:36:16,283 [a3132885-145f-4a8c-85f4-c10eb874732d@group-2077DD483DC7-LeaderElection467] INFO  impl.RoleInfo (RoleInfo.java:shutdownLeaderElection(134)) - a3132885-145f-4a8c-85f4-c10eb874732d: shutdown LeaderElection
2019-10-16 11:36:16,283 [a3132885-145f-4a8c-85f4-c10eb874732d@group-2077DD483DC7-LeaderElection467] INFO  impl.RoleInfo (RoleInfo.java:updateAndGet(143)) - a3132885-145f-4a8c-85f4-c10eb874732d: start FollowerState
2019-10-16 11:36:16,419 [Thread-3516] INFO  impl.FollowerState (FollowerState.java:run(108)) - a3132885-145f-4a8c-85f4-c10eb874732d@group-2077DD483DC7-FollowerState: change to CANDIDATE, lastRpcTime:135ms, electionTimeout:135ms
2019-10-16 11:36:16,419 [Thread-3516] INFO  impl.RoleInfo (RoleInfo.java:shutdownFollowerState(121)) - a3132885-145f-4a8c-85f4-c10eb874732d: shutdown FollowerState
2019-10-16 11:36:16,419 [Thread-3516] INFO  impl.RaftServerImpl (RaftServerImpl.java:setRole(184)) - a3132885-145f-4a8c-85f4-c10eb874732d@group-2077DD483DC7: changes role from  FOLLOWER to CANDIDATE at term 292 for changeToCandidate
2019-10-16 11:36:16,419 [Thread-3516] INFO  impl.RoleInfo (RoleInfo.java:updateAndGet(143)) - a3132885-145f-4a8c-85f4-c10eb874732d: start LeaderElection
2019-10-16 11:36:16,434 [a3132885-145f-4a8c-85f4-c10eb874732d@group-2077DD483DC7-LeaderElection468] INFO  impl.LeaderElection (LeaderElection.java:askForVotes(178)) - a3132885-145f-4a8c-85f4-c10eb874732d@group-2077DD483DC7-LeaderElection468: begin an election at term 293 for -1: [163587bb-2c3b-4498-b576-18147cf38274:192.168.157.203:33208, a3132885-145f-4a8c-85f4-c10eb874732d:192.168.157.203:46766, 70b633f6-b230-4b9f-87f3-510da88f1e08:192.168.157.203:43163], old=null
2019-10-16 11:36:16,436 [a3132885-145f-4a8c-85f4-c10eb874732d@group-2077DD483DC7-LeaderElection468] INFO  impl.LeaderElection (LogUtils.java:infoOrTrace(149)) - a3132885-145f-4a8c-85f4-c10eb874732d@group-2077DD483DC7-LeaderElection468 got exception when requesting votes: {}
java.util.concurrent.ExecutionException: org.apache.ratis.thirdparty.io.grpc.StatusRuntimeException: UNAVAILABLE: io exception
	at java.util.concurrent.FutureTask.report(FutureTask.java:122)
	at java.util.concurrent.FutureTask.get(FutureTask.java:192)
	at org.apache.ratis.server.impl.LeaderElection.waitForResults(LeaderElection.java:259)
	at org.apache.ratis.server.impl.LeaderElection.askForVotes(LeaderElection.java:197)
	at org.apache.ratis.server.impl.LeaderElection.run(LeaderElection.java:133)
	at java.lang.Thread.run(Thread.java:748)
Caused by: org.apache.ratis.thirdparty.io.grpc.StatusRuntimeException: UNAVAILABLE: io exception
	at org.apache.ratis.thirdparty.io.grpc.stub.ClientCalls.toStatusRuntimeException(ClientCalls.java:233)
	at org.apache.ratis.thirdparty.io.grpc.stub.ClientCalls.getUnchecked(ClientCalls.java:214)
	at org.apache.ratis.thirdparty.io.grpc.stub.ClientCalls.blockingUnaryCall(ClientCalls.java:139)
	at org.apache.ratis.proto.grpc.RaftServerProtocolServiceGrpc$RaftServerProtocolServiceBlockingStub.requestVote(RaftServerProtocolServiceGrpc.java:265)
	at org.apache.ratis.grpc.server.GrpcServerProtocolClient.requestVote(GrpcServerProtocolClient.java:99)
	at org.apache.ratis.grpc.server.GrpcService.requestVote(GrpcService.java:204)
	at org.apache.ratis.server.impl.LeaderElection.lambda$submitRequests$1(LeaderElection.java:234)
	at java.util.concurrent.FutureTask.run(FutureTask.java:266)
	at java.util.concurrent.Executors$RunnableAdapter.call(Executors.java:511)
	at java.util.concurrent.FutureTask.run(FutureTask.java:266)
	at java.util.concurrent.ThreadPoolExecutor.runWorker(ThreadPoolExecutor.java:1149)
	at java.util.concurrent.ThreadPoolExecutor$Worker.run(ThreadPoolExecutor.java:624)
	... 1 more
Caused by: org.apache.ratis.thirdparty.io.netty.channel.AbstractChannel$AnnotatedConnectException: Connection refused: /192.168.157.203:33208
	at sun.nio.ch.SocketChannelImpl.checkConnect(Native Method)
	at sun.nio.ch.SocketChannelImpl.finishConnect(SocketChannelImpl.java:717)
	at org.apache.ratis.thirdparty.io.netty.channel.socket.nio.NioSocketChannel.doFinishConnect(NioSocketChannel.java:327)
	at org.apache.ratis.thirdparty.io.netty.channel.nio.AbstractNioChannel$AbstractNioUnsafe.finishConnect(AbstractNioChannel.java:340)
	at org.apache.ratis.thirdparty.io.netty.channel.nio.NioEventLoop.processSelectedKey(NioEventLoop.java:632)
	at org.apache.ratis.thirdparty.io.netty.channel.nio.NioEventLoop.processSelectedKeysOptimized(NioEventLoop.java:579)
	at org.apache.ratis.thirdparty.io.netty.channel.nio.NioEventLoop.processSelectedKeys(NioEventLoop.java:496)
	at org.apache.ratis.thirdparty.io.netty.channel.nio.NioEventLoop.run(NioEventLoop.java:458)
	at org.apache.ratis.thirdparty.io.netty.util.concurrent.SingleThreadEventExecutor$5.run(SingleThreadEventExecutor.java:897)
	at org.apache.ratis.thirdparty.io.netty.util.concurrent.FastThreadLocalRunnable.run(FastThreadLocalRunnable.java:30)
	... 1 more
Caused by: java.net.ConnectException: Connection refused
	... 11 more
2019-10-16 11:36:16,438 [grpc-default-executor-5] INFO  impl.RaftServerImpl (RaftServerImpl.java:setRole(184)) - 70b633f6-b230-4b9f-87f3-510da88f1e08@group-2077DD483DC7: changes role from  FOLLOWER to FOLLOWER at term 293 for recognizeCandidate:a3132885-145f-4a8c-85f4-c10eb874732d
2019-10-16 11:36:16,439 [grpc-default-executor-5] INFO  impl.RoleInfo (RoleInfo.java:shutdownFollowerState(121)) - 70b633f6-b230-4b9f-87f3-510da88f1e08: shutdown FollowerState
2019-10-16 11:36:16,439 [grpc-default-executor-5] INFO  impl.RoleInfo (RoleInfo.java:updateAndGet(143)) - 70b633f6-b230-4b9f-87f3-510da88f1e08: start FollowerState
2019-10-16 11:36:16,439 [Thread-3515] INFO  impl.FollowerState (FollowerState.java:run(117)) - 70b633f6-b230-4b9f-87f3-510da88f1e08@group-2077DD483DC7-FollowerState was interrupted: java.lang.InterruptedException: sleep interrupted
2019-10-16 11:36:16,453 [a3132885-145f-4a8c-85f4-c10eb874732d@group-2077DD483DC7-LeaderElection468] INFO  impl.LeaderElection (LeaderElection.java:logAndReturn(56)) - a3132885-145f-4a8c-85f4-c10eb874732d@group-2077DD483DC7-LeaderElection468: Election REJECTED; received 1 response(s) [a3132885-145f-4a8c-85f4-c10eb874732d<-70b633f6-b230-4b9f-87f3-510da88f1e08#0:FAIL-t293] and 1 exception(s); a3132885-145f-4a8c-85f4-c10eb874732d@group-2077DD483DC7:t293, leader=null, voted=a3132885-145f-4a8c-85f4-c10eb874732d, raftlog=a3132885-145f-4a8c-85f4-c10eb874732d@group-2077DD483DC7-SegmentedRaftLog:OPENED:c-1,f-1,i0, conf=-1: [163587bb-2c3b-4498-b576-18147cf38274:192.168.157.203:33208, a3132885-145f-4a8c-85f4-c10eb874732d:192.168.157.203:46766, 70b633f6-b230-4b9f-87f3-510da88f1e08:192.168.157.203:43163], old=null
2019-10-16 11:36:16,453 [a3132885-145f-4a8c-85f4-c10eb874732d@group-2077DD483DC7-LeaderElection468] INFO  impl.LeaderElection (LogUtils.java:infoOrTrace(149)) -   Exception 0: {}
java.util.concurrent.ExecutionException: org.apache.ratis.thirdparty.io.grpc.StatusRuntimeException: UNAVAILABLE: io exception
	at java.util.concurrent.FutureTask.report(FutureTask.java:122)
	at java.util.concurrent.FutureTask.get(FutureTask.java:192)
	at org.apache.ratis.server.impl.LeaderElection.waitForResults(LeaderElection.java:259)
	at org.apache.ratis.server.impl.LeaderElection.askForVotes(LeaderElection.java:197)
	at org.apache.ratis.server.impl.LeaderElection.run(LeaderElection.java:133)
	at java.lang.Thread.run(Thread.java:748)
Caused by: org.apache.ratis.thirdparty.io.grpc.StatusRuntimeException: UNAVAILABLE: io exception
	at org.apache.ratis.thirdparty.io.grpc.stub.ClientCalls.toStatusRuntimeException(ClientCalls.java:233)
	at org.apache.ratis.thirdparty.io.grpc.stub.ClientCalls.getUnchecked(ClientCalls.java:214)
	at org.apache.ratis.thirdparty.io.grpc.stub.ClientCalls.blockingUnaryCall(ClientCalls.java:139)
	at org.apache.ratis.proto.grpc.RaftServerProtocolServiceGrpc$RaftServerProtocolServiceBlockingStub.requestVote(RaftServerProtocolServiceGrpc.java:265)
	at org.apache.ratis.grpc.server.GrpcServerProtocolClient.requestVote(GrpcServerProtocolClient.java:99)
	at org.apache.ratis.grpc.server.GrpcService.requestVote(GrpcService.java:204)
	at org.apache.ratis.server.impl.LeaderElection.lambda$submitRequests$1(LeaderElection.java:234)
	at java.util.concurrent.FutureTask.run(FutureTask.java:266)
	at java.util.concurrent.Executors$RunnableAdapter.call(Executors.java:511)
	at java.util.concurrent.FutureTask.run(FutureTask.java:266)
	at java.util.concurrent.ThreadPoolExecutor.runWorker(ThreadPoolExecutor.java:1149)
	at java.util.concurrent.ThreadPoolExecutor$Worker.run(ThreadPoolExecutor.java:624)
	... 1 more
Caused by: org.apache.ratis.thirdparty.io.netty.channel.AbstractChannel$AnnotatedConnectException: Connection refused: /192.168.157.203:33208
	at sun.nio.ch.SocketChannelImpl.checkConnect(Native Method)
	at sun.nio.ch.SocketChannelImpl.finishConnect(SocketChannelImpl.java:717)
	at org.apache.ratis.thirdparty.io.netty.channel.socket.nio.NioSocketChannel.doFinishConnect(NioSocketChannel.java:327)
	at org.apache.ratis.thirdparty.io.netty.channel.nio.AbstractNioChannel$AbstractNioUnsafe.finishConnect(AbstractNioChannel.java:340)
	at org.apache.ratis.thirdparty.io.netty.channel.nio.NioEventLoop.processSelectedKey(NioEventLoop.java:632)
	at org.apache.ratis.thirdparty.io.netty.channel.nio.NioEventLoop.processSelectedKeysOptimized(NioEventLoop.java:579)
	at org.apache.ratis.thirdparty.io.netty.channel.nio.NioEventLoop.processSelectedKeys(NioEventLoop.java:496)
	at org.apache.ratis.thirdparty.io.netty.channel.nio.NioEventLoop.run(NioEventLoop.java:458)
	at org.apache.ratis.thirdparty.io.netty.util.concurrent.SingleThreadEventExecutor$5.run(SingleThreadEventExecutor.java:897)
	at org.apache.ratis.thirdparty.io.netty.util.concurrent.FastThreadLocalRunnable.run(FastThreadLocalRunnable.java:30)
	... 1 more
Caused by: java.net.ConnectException: Connection refused
	... 11 more
2019-10-16 11:36:16,454 [a3132885-145f-4a8c-85f4-c10eb874732d@group-2077DD483DC7-LeaderElection468] INFO  impl.RaftServerImpl (RaftServerImpl.java:setRole(184)) - a3132885-145f-4a8c-85f4-c10eb874732d@group-2077DD483DC7: changes role from CANDIDATE to FOLLOWER at term 293 for DISCOVERED_A_NEW_TERM
2019-10-16 11:36:16,454 [a3132885-145f-4a8c-85f4-c10eb874732d@group-2077DD483DC7-LeaderElection468] INFO  impl.RoleInfo (RoleInfo.java:shutdownLeaderElection(134)) - a3132885-145f-4a8c-85f4-c10eb874732d: shutdown LeaderElection
2019-10-16 11:36:16,454 [a3132885-145f-4a8c-85f4-c10eb874732d@group-2077DD483DC7-LeaderElection468] INFO  impl.RoleInfo (RoleInfo.java:updateAndGet(143)) - a3132885-145f-4a8c-85f4-c10eb874732d: start FollowerState
2019-10-16 11:36:16,492 [java.util.concurrent.ThreadPoolExecutor$Worker@1a001f89[State = -1, empty queue]] WARN  server.GrpcLogAppender (GrpcLogAppender.java:timeoutAppendRequest(209)) - 5c445d34-c031-481c-9d4b-8fbace1f61b8@group-8BBDE5791A04->857fec05-692a-4d09-bf1c-7d167682feae-GrpcLogAppender: appendEntries Timeout, request=5c445d34-c031-481c-9d4b-8fbace1f61b8->857fec05-692a-4d09-bf1c-7d167682feae#88-t6, previous=(t:6, i:21), leaderCommit=21, initializing? false, entries: <empty>
2019-10-16 11:36:16,586 [Thread-3521] INFO  impl.FollowerState (FollowerState.java:run(108)) - a3132885-145f-4a8c-85f4-c10eb874732d@group-2077DD483DC7-FollowerState: change to CANDIDATE, lastRpcTime:132ms, electionTimeout:132ms
2019-10-16 11:36:16,587 [Thread-3521] INFO  impl.RoleInfo (RoleInfo.java:shutdownFollowerState(121)) - a3132885-145f-4a8c-85f4-c10eb874732d: shutdown FollowerState
2019-10-16 11:36:16,587 [Thread-3521] INFO  impl.RaftServerImpl (RaftServerImpl.java:setRole(184)) - a3132885-145f-4a8c-85f4-c10eb874732d@group-2077DD483DC7: changes role from  FOLLOWER to CANDIDATE at term 293 for changeToCandidate
2019-10-16 11:36:16,587 [Thread-3521] INFO  impl.RoleInfo (RoleInfo.java:updateAndGet(143)) - a3132885-145f-4a8c-85f4-c10eb874732d: start LeaderElection
2019-10-16 11:36:16,601 [a3132885-145f-4a8c-85f4-c10eb874732d@group-2077DD483DC7-LeaderElection469] INFO  impl.LeaderElection (LeaderElection.java:askForVotes(178)) - a3132885-145f-4a8c-85f4-c10eb874732d@group-2077DD483DC7-LeaderElection469: begin an election at term 294 for -1: [163587bb-2c3b-4498-b576-18147cf38274:192.168.157.203:33208, a3132885-145f-4a8c-85f4-c10eb874732d:192.168.157.203:46766, 70b633f6-b230-4b9f-87f3-510da88f1e08:192.168.157.203:43163], old=null
2019-10-16 11:36:16,602 [a3132885-145f-4a8c-85f4-c10eb874732d@group-2077DD483DC7-LeaderElection469] INFO  impl.LeaderElection (LogUtils.java:infoOrTrace(149)) - a3132885-145f-4a8c-85f4-c10eb874732d@group-2077DD483DC7-LeaderElection469 got exception when requesting votes: {}
java.util.concurrent.ExecutionException: org.apache.ratis.thirdparty.io.grpc.StatusRuntimeException: UNAVAILABLE: io exception
	at java.util.concurrent.FutureTask.report(FutureTask.java:122)
	at java.util.concurrent.FutureTask.get(FutureTask.java:192)
	at org.apache.ratis.server.impl.LeaderElection.waitForResults(LeaderElection.java:259)
	at org.apache.ratis.server.impl.LeaderElection.askForVotes(LeaderElection.java:197)
	at org.apache.ratis.server.impl.LeaderElection.run(LeaderElection.java:133)
	at java.lang.Thread.run(Thread.java:748)
Caused by: org.apache.ratis.thirdparty.io.grpc.StatusRuntimeException: UNAVAILABLE: io exception
	at org.apache.ratis.thirdparty.io.grpc.stub.ClientCalls.toStatusRuntimeException(ClientCalls.java:233)
	at org.apache.ratis.thirdparty.io.grpc.stub.ClientCalls.getUnchecked(ClientCalls.java:214)
	at org.apache.ratis.thirdparty.io.grpc.stub.ClientCalls.blockingUnaryCall(ClientCalls.java:139)
	at org.apache.ratis.proto.grpc.RaftServerProtocolServiceGrpc$RaftServerProtocolServiceBlockingStub.requestVote(RaftServerProtocolServiceGrpc.java:265)
	at org.apache.ratis.grpc.server.GrpcServerProtocolClient.requestVote(GrpcServerProtocolClient.java:99)
	at org.apache.ratis.grpc.server.GrpcService.requestVote(GrpcService.java:204)
	at org.apache.ratis.server.impl.LeaderElection.lambda$submitRequests$1(LeaderElection.java:234)
	at java.util.concurrent.FutureTask.run(FutureTask.java:266)
	at java.util.concurrent.Executors$RunnableAdapter.call(Executors.java:511)
	at java.util.concurrent.FutureTask.run(FutureTask.java:266)
	at java.util.concurrent.ThreadPoolExecutor.runWorker(ThreadPoolExecutor.java:1149)
	at java.util.concurrent.ThreadPoolExecutor$Worker.run(ThreadPoolExecutor.java:624)
	... 1 more
Caused by: org.apache.ratis.thirdparty.io.netty.channel.AbstractChannel$AnnotatedConnectException: Connection refused: /192.168.157.203:33208
	at sun.nio.ch.SocketChannelImpl.checkConnect(Native Method)
	at sun.nio.ch.SocketChannelImpl.finishConnect(SocketChannelImpl.java:717)
	at org.apache.ratis.thirdparty.io.netty.channel.socket.nio.NioSocketChannel.doFinishConnect(NioSocketChannel.java:327)
	at org.apache.ratis.thirdparty.io.netty.channel.nio.AbstractNioChannel$AbstractNioUnsafe.finishConnect(AbstractNioChannel.java:340)
	at org.apache.ratis.thirdparty.io.netty.channel.nio.NioEventLoop.processSelectedKey(NioEventLoop.java:632)
	at org.apache.ratis.thirdparty.io.netty.channel.nio.NioEventLoop.processSelectedKeysOptimized(NioEventLoop.java:579)
	at org.apache.ratis.thirdparty.io.netty.channel.nio.NioEventLoop.processSelectedKeys(NioEventLoop.java:496)
	at org.apache.ratis.thirdparty.io.netty.channel.nio.NioEventLoop.run(NioEventLoop.java:458)
	at org.apache.ratis.thirdparty.io.netty.util.concurrent.SingleThreadEventExecutor$5.run(SingleThreadEventExecutor.java:897)
	at org.apache.ratis.thirdparty.io.netty.util.concurrent.FastThreadLocalRunnable.run(FastThreadLocalRunnable.java:30)
	... 1 more
Caused by: java.net.ConnectException: Connection refused
	... 11 more
2019-10-16 11:36:16,604 [grpc-default-executor-5] INFO  impl.RaftServerImpl (RaftServerImpl.java:setRole(184)) - 70b633f6-b230-4b9f-87f3-510da88f1e08@group-2077DD483DC7: changes role from  FOLLOWER to FOLLOWER at term 294 for recognizeCandidate:a3132885-145f-4a8c-85f4-c10eb874732d
2019-10-16 11:36:16,604 [grpc-default-executor-5] INFO  impl.RoleInfo (RoleInfo.java:shutdownFollowerState(121)) - 70b633f6-b230-4b9f-87f3-510da88f1e08: shutdown FollowerState
2019-10-16 11:36:16,605 [grpc-default-executor-5] INFO  impl.RoleInfo (RoleInfo.java:updateAndGet(143)) - 70b633f6-b230-4b9f-87f3-510da88f1e08: start FollowerState
2019-10-16 11:36:16,605 [Thread-3520] INFO  impl.FollowerState (FollowerState.java:run(117)) - 70b633f6-b230-4b9f-87f3-510da88f1e08@group-2077DD483DC7-FollowerState was interrupted: java.lang.InterruptedException: sleep interrupted
2019-10-16 11:36:16,616 [a3132885-145f-4a8c-85f4-c10eb874732d@group-2077DD483DC7-LeaderElection469] INFO  impl.LeaderElection (LeaderElection.java:logAndReturn(56)) - a3132885-145f-4a8c-85f4-c10eb874732d@group-2077DD483DC7-LeaderElection469: Election REJECTED; received 1 response(s) [a3132885-145f-4a8c-85f4-c10eb874732d<-70b633f6-b230-4b9f-87f3-510da88f1e08#0:FAIL-t294] and 1 exception(s); a3132885-145f-4a8c-85f4-c10eb874732d@group-2077DD483DC7:t294, leader=null, voted=a3132885-145f-4a8c-85f4-c10eb874732d, raftlog=a3132885-145f-4a8c-85f4-c10eb874732d@group-2077DD483DC7-SegmentedRaftLog:OPENED:c-1,f-1,i0, conf=-1: [163587bb-2c3b-4498-b576-18147cf38274:192.168.157.203:33208, a3132885-145f-4a8c-85f4-c10eb874732d:192.168.157.203:46766, 70b633f6-b230-4b9f-87f3-510da88f1e08:192.168.157.203:43163], old=null
2019-10-16 11:36:16,616 [a3132885-145f-4a8c-85f4-c10eb874732d@group-2077DD483DC7-LeaderElection469] INFO  impl.LeaderElection (LogUtils.java:infoOrTrace(149)) -   Exception 0: {}
java.util.concurrent.ExecutionException: org.apache.ratis.thirdparty.io.grpc.StatusRuntimeException: UNAVAILABLE: io exception
	at java.util.concurrent.FutureTask.report(FutureTask.java:122)
	at java.util.concurrent.FutureTask.get(FutureTask.java:192)
	at org.apache.ratis.server.impl.LeaderElection.waitForResults(LeaderElection.java:259)
	at org.apache.ratis.server.impl.LeaderElection.askForVotes(LeaderElection.java:197)
	at org.apache.ratis.server.impl.LeaderElection.run(LeaderElection.java:133)
	at java.lang.Thread.run(Thread.java:748)
Caused by: org.apache.ratis.thirdparty.io.grpc.StatusRuntimeException: UNAVAILABLE: io exception
	at org.apache.ratis.thirdparty.io.grpc.stub.ClientCalls.toStatusRuntimeException(ClientCalls.java:233)
	at org.apache.ratis.thirdparty.io.grpc.stub.ClientCalls.getUnchecked(ClientCalls.java:214)
	at org.apache.ratis.thirdparty.io.grpc.stub.ClientCalls.blockingUnaryCall(ClientCalls.java:139)
	at org.apache.ratis.proto.grpc.RaftServerProtocolServiceGrpc$RaftServerProtocolServiceBlockingStub.requestVote(RaftServerProtocolServiceGrpc.java:265)
	at org.apache.ratis.grpc.server.GrpcServerProtocolClient.requestVote(GrpcServerProtocolClient.java:99)
	at org.apache.ratis.grpc.server.GrpcService.requestVote(GrpcService.java:204)
	at org.apache.ratis.server.impl.LeaderElection.lambda$submitRequests$1(LeaderElection.java:234)
	at java.util.concurrent.FutureTask.run(FutureTask.java:266)
	at java.util.concurrent.Executors$RunnableAdapter.call(Executors.java:511)
	at java.util.concurrent.FutureTask.run(FutureTask.java:266)
	at java.util.concurrent.ThreadPoolExecutor.runWorker(ThreadPoolExecutor.java:1149)
	at java.util.concurrent.ThreadPoolExecutor$Worker.run(ThreadPoolExecutor.java:624)
	... 1 more
Caused by: org.apache.ratis.thirdparty.io.netty.channel.AbstractChannel$AnnotatedConnectException: Connection refused: /192.168.157.203:33208
	at sun.nio.ch.SocketChannelImpl.checkConnect(Native Method)
	at sun.nio.ch.SocketChannelImpl.finishConnect(SocketChannelImpl.java:717)
	at org.apache.ratis.thirdparty.io.netty.channel.socket.nio.NioSocketChannel.doFinishConnect(NioSocketChannel.java:327)
	at org.apache.ratis.thirdparty.io.netty.channel.nio.AbstractNioChannel$AbstractNioUnsafe.finishConnect(AbstractNioChannel.java:340)
	at org.apache.ratis.thirdparty.io.netty.channel.nio.NioEventLoop.processSelectedKey(NioEventLoop.java:632)
	at org.apache.ratis.thirdparty.io.netty.channel.nio.NioEventLoop.processSelectedKeysOptimized(NioEventLoop.java:579)
	at org.apache.ratis.thirdparty.io.netty.channel.nio.NioEventLoop.processSelectedKeys(NioEventLoop.java:496)
	at org.apache.ratis.thirdparty.io.netty.channel.nio.NioEventLoop.run(NioEventLoop.java:458)
	at org.apache.ratis.thirdparty.io.netty.util.concurrent.SingleThreadEventExecutor$5.run(SingleThreadEventExecutor.java:897)
	at org.apache.ratis.thirdparty.io.netty.util.concurrent.FastThreadLocalRunnable.run(FastThreadLocalRunnable.java:30)
	... 1 more
Caused by: java.net.ConnectException: Connection refused
	... 11 more
2019-10-16 11:36:16,616 [a3132885-145f-4a8c-85f4-c10eb874732d@group-2077DD483DC7-LeaderElection469] INFO  impl.RaftServerImpl (RaftServerImpl.java:setRole(184)) - a3132885-145f-4a8c-85f4-c10eb874732d@group-2077DD483DC7: changes role from CANDIDATE to FOLLOWER at term 294 for DISCOVERED_A_NEW_TERM
2019-10-16 11:36:16,616 [a3132885-145f-4a8c-85f4-c10eb874732d@group-2077DD483DC7-LeaderElection469] INFO  impl.RoleInfo (RoleInfo.java:shutdownLeaderElection(134)) - a3132885-145f-4a8c-85f4-c10eb874732d: shutdown LeaderElection
2019-10-16 11:36:16,616 [a3132885-145f-4a8c-85f4-c10eb874732d@group-2077DD483DC7-LeaderElection469] INFO  impl.RoleInfo (RoleInfo.java:updateAndGet(143)) - a3132885-145f-4a8c-85f4-c10eb874732d: start FollowerState
2019-10-16 11:36:16,783 [Thread-3527] INFO  impl.FollowerState (FollowerState.java:run(108)) - a3132885-145f-4a8c-85f4-c10eb874732d@group-2077DD483DC7-FollowerState: change to CANDIDATE, lastRpcTime:166ms, electionTimeout:166ms
2019-10-16 11:36:16,783 [Thread-3527] INFO  impl.RoleInfo (RoleInfo.java:shutdownFollowerState(121)) - a3132885-145f-4a8c-85f4-c10eb874732d: shutdown FollowerState
2019-10-16 11:36:16,783 [Thread-3527] INFO  impl.RaftServerImpl (RaftServerImpl.java:setRole(184)) - a3132885-145f-4a8c-85f4-c10eb874732d@group-2077DD483DC7: changes role from  FOLLOWER to CANDIDATE at term 294 for changeToCandidate
2019-10-16 11:36:16,783 [Thread-3527] INFO  impl.RoleInfo (RoleInfo.java:updateAndGet(143)) - a3132885-145f-4a8c-85f4-c10eb874732d: start LeaderElection
2019-10-16 11:36:16,788 [a3132885-145f-4a8c-85f4-c10eb874732d@group-2077DD483DC7-LeaderElection470] INFO  impl.LeaderElection (LeaderElection.java:askForVotes(178)) - a3132885-145f-4a8c-85f4-c10eb874732d@group-2077DD483DC7-LeaderElection470: begin an election at term 295 for -1: [163587bb-2c3b-4498-b576-18147cf38274:192.168.157.203:33208, a3132885-145f-4a8c-85f4-c10eb874732d:192.168.157.203:46766, 70b633f6-b230-4b9f-87f3-510da88f1e08:192.168.157.203:43163], old=null
2019-10-16 11:36:16,789 [a3132885-145f-4a8c-85f4-c10eb874732d@group-2077DD483DC7-LeaderElection470] INFO  impl.LeaderElection (LogUtils.java:infoOrTrace(149)) - a3132885-145f-4a8c-85f4-c10eb874732d@group-2077DD483DC7-LeaderElection470 got exception when requesting votes: {}
java.util.concurrent.ExecutionException: org.apache.ratis.thirdparty.io.grpc.StatusRuntimeException: UNAVAILABLE: io exception
	at java.util.concurrent.FutureTask.report(FutureTask.java:122)
	at java.util.concurrent.FutureTask.get(FutureTask.java:192)
	at org.apache.ratis.server.impl.LeaderElection.waitForResults(LeaderElection.java:259)
	at org.apache.ratis.server.impl.LeaderElection.askForVotes(LeaderElection.java:197)
	at org.apache.ratis.server.impl.LeaderElection.run(LeaderElection.java:133)
	at java.lang.Thread.run(Thread.java:748)
Caused by: org.apache.ratis.thirdparty.io.grpc.StatusRuntimeException: UNAVAILABLE: io exception
	at org.apache.ratis.thirdparty.io.grpc.stub.ClientCalls.toStatusRuntimeException(ClientCalls.java:233)
	at org.apache.ratis.thirdparty.io.grpc.stub.ClientCalls.getUnchecked(ClientCalls.java:214)
	at org.apache.ratis.thirdparty.io.grpc.stub.ClientCalls.blockingUnaryCall(ClientCalls.java:139)
	at org.apache.ratis.proto.grpc.RaftServerProtocolServiceGrpc$RaftServerProtocolServiceBlockingStub.requestVote(RaftServerProtocolServiceGrpc.java:265)
	at org.apache.ratis.grpc.server.GrpcServerProtocolClient.requestVote(GrpcServerProtocolClient.java:99)
	at org.apache.ratis.grpc.server.GrpcService.requestVote(GrpcService.java:204)
	at org.apache.ratis.server.impl.LeaderElection.lambda$submitRequests$1(LeaderElection.java:234)
	at java.util.concurrent.FutureTask.run(FutureTask.java:266)
	at java.util.concurrent.Executors$RunnableAdapter.call(Executors.java:511)
	at java.util.concurrent.FutureTask.run(FutureTask.java:266)
	at java.util.concurrent.ThreadPoolExecutor.runWorker(ThreadPoolExecutor.java:1149)
	at java.util.concurrent.ThreadPoolExecutor$Worker.run(ThreadPoolExecutor.java:624)
	... 1 more
Caused by: org.apache.ratis.thirdparty.io.netty.channel.AbstractChannel$AnnotatedConnectException: Connection refused: /192.168.157.203:33208
	at sun.nio.ch.SocketChannelImpl.checkConnect(Native Method)
	at sun.nio.ch.SocketChannelImpl.finishConnect(SocketChannelImpl.java:717)
	at org.apache.ratis.thirdparty.io.netty.channel.socket.nio.NioSocketChannel.doFinishConnect(NioSocketChannel.java:327)
	at org.apache.ratis.thirdparty.io.netty.channel.nio.AbstractNioChannel$AbstractNioUnsafe.finishConnect(AbstractNioChannel.java:340)
	at org.apache.ratis.thirdparty.io.netty.channel.nio.NioEventLoop.processSelectedKey(NioEventLoop.java:632)
	at org.apache.ratis.thirdparty.io.netty.channel.nio.NioEventLoop.processSelectedKeysOptimized(NioEventLoop.java:579)
	at org.apache.ratis.thirdparty.io.netty.channel.nio.NioEventLoop.processSelectedKeys(NioEventLoop.java:496)
	at org.apache.ratis.thirdparty.io.netty.channel.nio.NioEventLoop.run(NioEventLoop.java:458)
	at org.apache.ratis.thirdparty.io.netty.util.concurrent.SingleThreadEventExecutor$5.run(SingleThreadEventExecutor.java:897)
	at org.apache.ratis.thirdparty.io.netty.util.concurrent.FastThreadLocalRunnable.run(FastThreadLocalRunnable.java:30)
	... 1 more
Caused by: java.net.ConnectException: Connection refused
	... 11 more
2019-10-16 11:36:16,792 [grpc-default-executor-5] INFO  impl.RaftServerImpl (RaftServerImpl.java:setRole(184)) - 70b633f6-b230-4b9f-87f3-510da88f1e08@group-2077DD483DC7: changes role from  FOLLOWER to FOLLOWER at term 295 for recognizeCandidate:a3132885-145f-4a8c-85f4-c10eb874732d
2019-10-16 11:36:16,792 [grpc-default-executor-5] INFO  impl.RoleInfo (RoleInfo.java:shutdownFollowerState(121)) - 70b633f6-b230-4b9f-87f3-510da88f1e08: shutdown FollowerState
2019-10-16 11:36:16,793 [grpc-default-executor-5] INFO  impl.RoleInfo (RoleInfo.java:updateAndGet(143)) - 70b633f6-b230-4b9f-87f3-510da88f1e08: start FollowerState
2019-10-16 11:36:16,793 [Thread-3526] INFO  impl.FollowerState (FollowerState.java:run(117)) - 70b633f6-b230-4b9f-87f3-510da88f1e08@group-2077DD483DC7-FollowerState was interrupted: java.lang.InterruptedException: sleep interrupted
2019-10-16 11:36:16,807 [a3132885-145f-4a8c-85f4-c10eb874732d@group-2077DD483DC7-LeaderElection470] INFO  impl.LeaderElection (LeaderElection.java:logAndReturn(56)) - a3132885-145f-4a8c-85f4-c10eb874732d@group-2077DD483DC7-LeaderElection470: Election REJECTED; received 1 response(s) [a3132885-145f-4a8c-85f4-c10eb874732d<-70b633f6-b230-4b9f-87f3-510da88f1e08#0:FAIL-t295] and 1 exception(s); a3132885-145f-4a8c-85f4-c10eb874732d@group-2077DD483DC7:t295, leader=null, voted=a3132885-145f-4a8c-85f4-c10eb874732d, raftlog=a3132885-145f-4a8c-85f4-c10eb874732d@group-2077DD483DC7-SegmentedRaftLog:OPENED:c-1,f-1,i0, conf=-1: [163587bb-2c3b-4498-b576-18147cf38274:192.168.157.203:33208, a3132885-145f-4a8c-85f4-c10eb874732d:192.168.157.203:46766, 70b633f6-b230-4b9f-87f3-510da88f1e08:192.168.157.203:43163], old=null
2019-10-16 11:36:16,807 [a3132885-145f-4a8c-85f4-c10eb874732d@group-2077DD483DC7-LeaderElection470] INFO  impl.LeaderElection (LogUtils.java:infoOrTrace(149)) -   Exception 0: {}
java.util.concurrent.ExecutionException: org.apache.ratis.thirdparty.io.grpc.StatusRuntimeException: UNAVAILABLE: io exception
	at java.util.concurrent.FutureTask.report(FutureTask.java:122)
	at java.util.concurrent.FutureTask.get(FutureTask.java:192)
	at org.apache.ratis.server.impl.LeaderElection.waitForResults(LeaderElection.java:259)
	at org.apache.ratis.server.impl.LeaderElection.askForVotes(LeaderElection.java:197)
	at org.apache.ratis.server.impl.LeaderElection.run(LeaderElection.java:133)
	at java.lang.Thread.run(Thread.java:748)
Caused by: org.apache.ratis.thirdparty.io.grpc.StatusRuntimeException: UNAVAILABLE: io exception
	at org.apache.ratis.thirdparty.io.grpc.stub.ClientCalls.toStatusRuntimeException(ClientCalls.java:233)
	at org.apache.ratis.thirdparty.io.grpc.stub.ClientCalls.getUnchecked(ClientCalls.java:214)
	at org.apache.ratis.thirdparty.io.grpc.stub.ClientCalls.blockingUnaryCall(ClientCalls.java:139)
	at org.apache.ratis.proto.grpc.RaftServerProtocolServiceGrpc$RaftServerProtocolServiceBlockingStub.requestVote(RaftServerProtocolServiceGrpc.java:265)
	at org.apache.ratis.grpc.server.GrpcServerProtocolClient.requestVote(GrpcServerProtocolClient.java:99)
	at org.apache.ratis.grpc.server.GrpcService.requestVote(GrpcService.java:204)
	at org.apache.ratis.server.impl.LeaderElection.lambda$submitRequests$1(LeaderElection.java:234)
	at java.util.concurrent.FutureTask.run(FutureTask.java:266)
	at java.util.concurrent.Executors$RunnableAdapter.call(Executors.java:511)
	at java.util.concurrent.FutureTask.run(FutureTask.java:266)
	at java.util.concurrent.ThreadPoolExecutor.runWorker(ThreadPoolExecutor.java:1149)
	at java.util.concurrent.ThreadPoolExecutor$Worker.run(ThreadPoolExecutor.java:624)
	... 1 more
Caused by: org.apache.ratis.thirdparty.io.netty.channel.AbstractChannel$AnnotatedConnectException: Connection refused: /192.168.157.203:33208
	at sun.nio.ch.SocketChannelImpl.checkConnect(Native Method)
	at sun.nio.ch.SocketChannelImpl.finishConnect(SocketChannelImpl.java:717)
	at org.apache.ratis.thirdparty.io.netty.channel.socket.nio.NioSocketChannel.doFinishConnect(NioSocketChannel.java:327)
	at org.apache.ratis.thirdparty.io.netty.channel.nio.AbstractNioChannel$AbstractNioUnsafe.finishConnect(AbstractNioChannel.java:340)
	at org.apache.ratis.thirdparty.io.netty.channel.nio.NioEventLoop.processSelectedKey(NioEventLoop.java:632)
	at org.apache.ratis.thirdparty.io.netty.channel.nio.NioEventLoop.processSelectedKeysOptimized(NioEventLoop.java:579)
	at org.apache.ratis.thirdparty.io.netty.channel.nio.NioEventLoop.processSelectedKeys(NioEventLoop.java:496)
	at org.apache.ratis.thirdparty.io.netty.channel.nio.NioEventLoop.run(NioEventLoop.java:458)
	at org.apache.ratis.thirdparty.io.netty.util.concurrent.SingleThreadEventExecutor$5.run(SingleThreadEventExecutor.java:897)
	at org.apache.ratis.thirdparty.io.netty.util.concurrent.FastThreadLocalRunnable.run(FastThreadLocalRunnable.java:30)
	... 1 more
Caused by: java.net.ConnectException: Connection refused
	... 11 more
2019-10-16 11:36:16,808 [a3132885-145f-4a8c-85f4-c10eb874732d@group-2077DD483DC7-LeaderElection470] INFO  impl.RaftServerImpl (RaftServerImpl.java:setRole(184)) - a3132885-145f-4a8c-85f4-c10eb874732d@group-2077DD483DC7: changes role from CANDIDATE to FOLLOWER at term 295 for DISCOVERED_A_NEW_TERM
2019-10-16 11:36:16,808 [a3132885-145f-4a8c-85f4-c10eb874732d@group-2077DD483DC7-LeaderElection470] INFO  impl.RoleInfo (RoleInfo.java:shutdownLeaderElection(134)) - a3132885-145f-4a8c-85f4-c10eb874732d: shutdown LeaderElection
2019-10-16 11:36:16,808 [a3132885-145f-4a8c-85f4-c10eb874732d@group-2077DD483DC7-LeaderElection470] INFO  impl.RoleInfo (RoleInfo.java:updateAndGet(143)) - a3132885-145f-4a8c-85f4-c10eb874732d: start FollowerState
2019-10-16 11:36:16,869 [Thread-3532] INFO  impl.FollowerState (FollowerState.java:run(108)) - a3132885-145f-4a8c-85f4-c10eb874732d@group-2077DD483DC7-FollowerState: change to CANDIDATE, lastRpcTime:61ms, electionTimeout:61ms
2019-10-16 11:36:16,869 [Thread-3532] INFO  impl.RoleInfo (RoleInfo.java:shutdownFollowerState(121)) - a3132885-145f-4a8c-85f4-c10eb874732d: shutdown FollowerState
2019-10-16 11:36:16,869 [Thread-3532] INFO  impl.RaftServerImpl (RaftServerImpl.java:setRole(184)) - a3132885-145f-4a8c-85f4-c10eb874732d@group-2077DD483DC7: changes role from  FOLLOWER to CANDIDATE at term 295 for changeToCandidate
2019-10-16 11:36:16,870 [Thread-3532] INFO  impl.RoleInfo (RoleInfo.java:updateAndGet(143)) - a3132885-145f-4a8c-85f4-c10eb874732d: start LeaderElection
2019-10-16 11:36:16,883 [a3132885-145f-4a8c-85f4-c10eb874732d@group-2077DD483DC7-LeaderElection471] INFO  impl.LeaderElection (LeaderElection.java:askForVotes(178)) - a3132885-145f-4a8c-85f4-c10eb874732d@group-2077DD483DC7-LeaderElection471: begin an election at term 296 for -1: [163587bb-2c3b-4498-b576-18147cf38274:192.168.157.203:33208, a3132885-145f-4a8c-85f4-c10eb874732d:192.168.157.203:46766, 70b633f6-b230-4b9f-87f3-510da88f1e08:192.168.157.203:43163], old=null
2019-10-16 11:36:16,884 [a3132885-145f-4a8c-85f4-c10eb874732d@group-2077DD483DC7-LeaderElection471] INFO  impl.LeaderElection (LogUtils.java:infoOrTrace(149)) - a3132885-145f-4a8c-85f4-c10eb874732d@group-2077DD483DC7-LeaderElection471 got exception when requesting votes: {}
java.util.concurrent.ExecutionException: org.apache.ratis.thirdparty.io.grpc.StatusRuntimeException: UNAVAILABLE: io exception
	at java.util.concurrent.FutureTask.report(FutureTask.java:122)
	at java.util.concurrent.FutureTask.get(FutureTask.java:192)
	at org.apache.ratis.server.impl.LeaderElection.waitForResults(LeaderElection.java:259)
	at org.apache.ratis.server.impl.LeaderElection.askForVotes(LeaderElection.java:197)
	at org.apache.ratis.server.impl.LeaderElection.run(LeaderElection.java:133)
	at java.lang.Thread.run(Thread.java:748)
Caused by: org.apache.ratis.thirdparty.io.grpc.StatusRuntimeException: UNAVAILABLE: io exception
	at org.apache.ratis.thirdparty.io.grpc.stub.ClientCalls.toStatusRuntimeException(ClientCalls.java:233)
	at org.apache.ratis.thirdparty.io.grpc.stub.ClientCalls.getUnchecked(ClientCalls.java:214)
	at org.apache.ratis.thirdparty.io.grpc.stub.ClientCalls.blockingUnaryCall(ClientCalls.java:139)
	at org.apache.ratis.proto.grpc.RaftServerProtocolServiceGrpc$RaftServerProtocolServiceBlockingStub.requestVote(RaftServerProtocolServiceGrpc.java:265)
	at org.apache.ratis.grpc.server.GrpcServerProtocolClient.requestVote(GrpcServerProtocolClient.java:99)
	at org.apache.ratis.grpc.server.GrpcService.requestVote(GrpcService.java:204)
	at org.apache.ratis.server.impl.LeaderElection.lambda$submitRequests$1(LeaderElection.java:234)
	at java.util.concurrent.FutureTask.run(FutureTask.java:266)
	at java.util.concurrent.Executors$RunnableAdapter.call(Executors.java:511)
	at java.util.concurrent.FutureTask.run(FutureTask.java:266)
	at java.util.concurrent.ThreadPoolExecutor.runWorker(ThreadPoolExecutor.java:1149)
	at java.util.concurrent.ThreadPoolExecutor$Worker.run(ThreadPoolExecutor.java:624)
	... 1 more
Caused by: org.apache.ratis.thirdparty.io.netty.channel.AbstractChannel$AnnotatedConnectException: Connection refused: /192.168.157.203:33208
	at sun.nio.ch.SocketChannelImpl.checkConnect(Native Method)
	at sun.nio.ch.SocketChannelImpl.finishConnect(SocketChannelImpl.java:717)
	at org.apache.ratis.thirdparty.io.netty.channel.socket.nio.NioSocketChannel.doFinishConnect(NioSocketChannel.java:327)
	at org.apache.ratis.thirdparty.io.netty.channel.nio.AbstractNioChannel$AbstractNioUnsafe.finishConnect(AbstractNioChannel.java:340)
	at org.apache.ratis.thirdparty.io.netty.channel.nio.NioEventLoop.processSelectedKey(NioEventLoop.java:632)
	at org.apache.ratis.thirdparty.io.netty.channel.nio.NioEventLoop.processSelectedKeysOptimized(NioEventLoop.java:579)
	at org.apache.ratis.thirdparty.io.netty.channel.nio.NioEventLoop.processSelectedKeys(NioEventLoop.java:496)
	at org.apache.ratis.thirdparty.io.netty.channel.nio.NioEventLoop.run(NioEventLoop.java:458)
	at org.apache.ratis.thirdparty.io.netty.util.concurrent.SingleThreadEventExecutor$5.run(SingleThreadEventExecutor.java:897)
	at org.apache.ratis.thirdparty.io.netty.util.concurrent.FastThreadLocalRunnable.run(FastThreadLocalRunnable.java:30)
	... 1 more
Caused by: java.net.ConnectException: Connection refused
	... 11 more
2019-10-16 11:36:16,887 [grpc-default-executor-5] INFO  impl.RaftServerImpl (RaftServerImpl.java:setRole(184)) - 70b633f6-b230-4b9f-87f3-510da88f1e08@group-2077DD483DC7: changes role from  FOLLOWER to FOLLOWER at term 296 for recognizeCandidate:a3132885-145f-4a8c-85f4-c10eb874732d
2019-10-16 11:36:16,887 [grpc-default-executor-5] INFO  impl.RoleInfo (RoleInfo.java:shutdownFollowerState(121)) - 70b633f6-b230-4b9f-87f3-510da88f1e08: shutdown FollowerState
2019-10-16 11:36:16,887 [grpc-default-executor-5] INFO  impl.RoleInfo (RoleInfo.java:updateAndGet(143)) - 70b633f6-b230-4b9f-87f3-510da88f1e08: start FollowerState
2019-10-16 11:36:16,887 [Thread-3531] INFO  impl.FollowerState (FollowerState.java:run(117)) - 70b633f6-b230-4b9f-87f3-510da88f1e08@group-2077DD483DC7-FollowerState was interrupted: java.lang.InterruptedException: sleep interrupted
2019-10-16 11:36:16,893 [a3132885-145f-4a8c-85f4-c10eb874732d@group-2077DD483DC7-LeaderElection471] INFO  impl.LeaderElection (LeaderElection.java:logAndReturn(56)) - a3132885-145f-4a8c-85f4-c10eb874732d@group-2077DD483DC7-LeaderElection471: Election TIMEOUT; received 0 response(s) [] and 1 exception(s); a3132885-145f-4a8c-85f4-c10eb874732d@group-2077DD483DC7:t296, leader=null, voted=a3132885-145f-4a8c-85f4-c10eb874732d, raftlog=a3132885-145f-4a8c-85f4-c10eb874732d@group-2077DD483DC7-SegmentedRaftLog:OPENED:c-1,f-1,i0, conf=-1: [163587bb-2c3b-4498-b576-18147cf38274:192.168.157.203:33208, a3132885-145f-4a8c-85f4-c10eb874732d:192.168.157.203:46766, 70b633f6-b230-4b9f-87f3-510da88f1e08:192.168.157.203:43163], old=null
2019-10-16 11:36:16,894 [a3132885-145f-4a8c-85f4-c10eb874732d@group-2077DD483DC7-LeaderElection471] INFO  impl.LeaderElection (LogUtils.java:infoOrTrace(149)) -   Exception 0: {}
java.util.concurrent.ExecutionException: org.apache.ratis.thirdparty.io.grpc.StatusRuntimeException: UNAVAILABLE: io exception
	at java.util.concurrent.FutureTask.report(FutureTask.java:122)
	at java.util.concurrent.FutureTask.get(FutureTask.java:192)
	at org.apache.ratis.server.impl.LeaderElection.waitForResults(LeaderElection.java:259)
	at org.apache.ratis.server.impl.LeaderElection.askForVotes(LeaderElection.java:197)
	at org.apache.ratis.server.impl.LeaderElection.run(LeaderElection.java:133)
	at java.lang.Thread.run(Thread.java:748)
Caused by: org.apache.ratis.thirdparty.io.grpc.StatusRuntimeException: UNAVAILABLE: io exception
	at org.apache.ratis.thirdparty.io.grpc.stub.ClientCalls.toStatusRuntimeException(ClientCalls.java:233)
	at org.apache.ratis.thirdparty.io.grpc.stub.ClientCalls.getUnchecked(ClientCalls.java:214)
	at org.apache.ratis.thirdparty.io.grpc.stub.ClientCalls.blockingUnaryCall(ClientCalls.java:139)
	at org.apache.ratis.proto.grpc.RaftServerProtocolServiceGrpc$RaftServerProtocolServiceBlockingStub.requestVote(RaftServerProtocolServiceGrpc.java:265)
	at org.apache.ratis.grpc.server.GrpcServerProtocolClient.requestVote(GrpcServerProtocolClient.java:99)
	at org.apache.ratis.grpc.server.GrpcService.requestVote(GrpcService.java:204)
	at org.apache.ratis.server.impl.LeaderElection.lambda$submitRequests$1(LeaderElection.java:234)
	at java.util.concurrent.FutureTask.run(FutureTask.java:266)
	at java.util.concurrent.Executors$RunnableAdapter.call(Executors.java:511)
	at java.util.concurrent.FutureTask.run(FutureTask.java:266)
	at java.util.concurrent.ThreadPoolExecutor.runWorker(ThreadPoolExecutor.java:1149)
	at java.util.concurrent.ThreadPoolExecutor$Worker.run(ThreadPoolExecutor.java:624)
	... 1 more
Caused by: org.apache.ratis.thirdparty.io.netty.channel.AbstractChannel$AnnotatedConnectException: Connection refused: /192.168.157.203:33208
	at sun.nio.ch.SocketChannelImpl.checkConnect(Native Method)
	at sun.nio.ch.SocketChannelImpl.finishConnect(SocketChannelImpl.java:717)
	at org.apache.ratis.thirdparty.io.netty.channel.socket.nio.NioSocketChannel.doFinishConnect(NioSocketChannel.java:327)
	at org.apache.ratis.thirdparty.io.netty.channel.nio.AbstractNioChannel$AbstractNioUnsafe.finishConnect(AbstractNioChannel.java:340)
	at org.apache.ratis.thirdparty.io.netty.channel.nio.NioEventLoop.processSelectedKey(NioEventLoop.java:632)
	at org.apache.ratis.thirdparty.io.netty.channel.nio.NioEventLoop.processSelectedKeysOptimized(NioEventLoop.java:579)
	at org.apache.ratis.thirdparty.io.netty.channel.nio.NioEventLoop.processSelectedKeys(NioEventLoop.java:496)
	at org.apache.ratis.thirdparty.io.netty.channel.nio.NioEventLoop.run(NioEventLoop.java:458)
	at org.apache.ratis.thirdparty.io.netty.util.concurrent.SingleThreadEventExecutor$5.run(SingleThreadEventExecutor.java:897)
	at org.apache.ratis.thirdparty.io.netty.util.concurrent.FastThreadLocalRunnable.run(FastThreadLocalRunnable.java:30)
	... 1 more
Caused by: java.net.ConnectException: Connection refused
	... 11 more
2019-10-16 11:36:16,901 [a3132885-145f-4a8c-85f4-c10eb874732d@group-2077DD483DC7-LeaderElection471] INFO  impl.LeaderElection (LeaderElection.java:askForVotes(178)) - a3132885-145f-4a8c-85f4-c10eb874732d@group-2077DD483DC7-LeaderElection471: begin an election at term 297 for -1: [163587bb-2c3b-4498-b576-18147cf38274:192.168.157.203:33208, a3132885-145f-4a8c-85f4-c10eb874732d:192.168.157.203:46766, 70b633f6-b230-4b9f-87f3-510da88f1e08:192.168.157.203:43163], old=null
2019-10-16 11:36:16,902 [a3132885-145f-4a8c-85f4-c10eb874732d@group-2077DD483DC7-LeaderElection471] INFO  impl.LeaderElection (LogUtils.java:infoOrTrace(149)) - a3132885-145f-4a8c-85f4-c10eb874732d@group-2077DD483DC7-LeaderElection471 got exception when requesting votes: {}
java.util.concurrent.ExecutionException: org.apache.ratis.thirdparty.io.grpc.StatusRuntimeException: UNAVAILABLE: io exception
	at java.util.concurrent.FutureTask.report(FutureTask.java:122)
	at java.util.concurrent.FutureTask.get(FutureTask.java:192)
	at org.apache.ratis.server.impl.LeaderElection.waitForResults(LeaderElection.java:259)
	at org.apache.ratis.server.impl.LeaderElection.askForVotes(LeaderElection.java:197)
	at org.apache.ratis.server.impl.LeaderElection.run(LeaderElection.java:133)
	at java.lang.Thread.run(Thread.java:748)
Caused by: org.apache.ratis.thirdparty.io.grpc.StatusRuntimeException: UNAVAILABLE: io exception
	at org.apache.ratis.thirdparty.io.grpc.stub.ClientCalls.toStatusRuntimeException(ClientCalls.java:233)
	at org.apache.ratis.thirdparty.io.grpc.stub.ClientCalls.getUnchecked(ClientCalls.java:214)
	at org.apache.ratis.thirdparty.io.grpc.stub.ClientCalls.blockingUnaryCall(ClientCalls.java:139)
	at org.apache.ratis.proto.grpc.RaftServerProtocolServiceGrpc$RaftServerProtocolServiceBlockingStub.requestVote(RaftServerProtocolServiceGrpc.java:265)
	at org.apache.ratis.grpc.server.GrpcServerProtocolClient.requestVote(GrpcServerProtocolClient.java:99)
	at org.apache.ratis.grpc.server.GrpcService.requestVote(GrpcService.java:204)
	at org.apache.ratis.server.impl.LeaderElection.lambda$submitRequests$1(LeaderElection.java:234)
	at java.util.concurrent.FutureTask.run(FutureTask.java:266)
	at java.util.concurrent.Executors$RunnableAdapter.call(Executors.java:511)
	at java.util.concurrent.FutureTask.run(FutureTask.java:266)
	at java.util.concurrent.ThreadPoolExecutor.runWorker(ThreadPoolExecutor.java:1149)
	at java.util.concurrent.ThreadPoolExecutor$Worker.run(ThreadPoolExecutor.java:624)
	... 1 more
Caused by: org.apache.ratis.thirdparty.io.netty.channel.AbstractChannel$AnnotatedConnectException: Connection refused: /192.168.157.203:33208
	at sun.nio.ch.SocketChannelImpl.checkConnect(Native Method)
	at sun.nio.ch.SocketChannelImpl.finishConnect(SocketChannelImpl.java:717)
	at org.apache.ratis.thirdparty.io.netty.channel.socket.nio.NioSocketChannel.doFinishConnect(NioSocketChannel.java:327)
	at org.apache.ratis.thirdparty.io.netty.channel.nio.AbstractNioChannel$AbstractNioUnsafe.finishConnect(AbstractNioChannel.java:340)
	at org.apache.ratis.thirdparty.io.netty.channel.nio.NioEventLoop.processSelectedKey(NioEventLoop.java:632)
	at org.apache.ratis.thirdparty.io.netty.channel.nio.NioEventLoop.processSelectedKeysOptimized(NioEventLoop.java:579)
	at org.apache.ratis.thirdparty.io.netty.channel.nio.NioEventLoop.processSelectedKeys(NioEventLoop.java:496)
	at org.apache.ratis.thirdparty.io.netty.channel.nio.NioEventLoop.run(NioEventLoop.java:458)
	at org.apache.ratis.thirdparty.io.netty.util.concurrent.SingleThreadEventExecutor$5.run(SingleThreadEventExecutor.java:897)
	at org.apache.ratis.thirdparty.io.netty.util.concurrent.FastThreadLocalRunnable.run(FastThreadLocalRunnable.java:30)
	... 1 more
Caused by: java.net.ConnectException: Connection refused
	... 11 more
2019-10-16 11:36:16,903 [grpc-default-executor-5] INFO  impl.RaftServerImpl (RaftServerImpl.java:setRole(184)) - 70b633f6-b230-4b9f-87f3-510da88f1e08@group-2077DD483DC7: changes role from  FOLLOWER to FOLLOWER at term 297 for recognizeCandidate:a3132885-145f-4a8c-85f4-c10eb874732d
2019-10-16 11:36:16,903 [grpc-default-executor-5] INFO  impl.RoleInfo (RoleInfo.java:shutdownFollowerState(121)) - 70b633f6-b230-4b9f-87f3-510da88f1e08: shutdown FollowerState
2019-10-16 11:36:16,904 [grpc-default-executor-5] INFO  impl.RoleInfo (RoleInfo.java:updateAndGet(143)) - 70b633f6-b230-4b9f-87f3-510da88f1e08: start FollowerState
2019-10-16 11:36:16,904 [Thread-3536] INFO  impl.FollowerState (FollowerState.java:run(117)) - 70b633f6-b230-4b9f-87f3-510da88f1e08@group-2077DD483DC7-FollowerState was interrupted: java.lang.InterruptedException: sleep interrupted
2019-10-16 11:36:16,917 [a3132885-145f-4a8c-85f4-c10eb874732d@group-2077DD483DC7-LeaderElection471] INFO  impl.LeaderElection (LeaderElection.java:logAndReturn(56)) - a3132885-145f-4a8c-85f4-c10eb874732d@group-2077DD483DC7-LeaderElection471: Election REJECTED; received 1 response(s) [a3132885-145f-4a8c-85f4-c10eb874732d<-70b633f6-b230-4b9f-87f3-510da88f1e08#0:FAIL-t297] and 1 exception(s); a3132885-145f-4a8c-85f4-c10eb874732d@group-2077DD483DC7:t297, leader=null, voted=a3132885-145f-4a8c-85f4-c10eb874732d, raftlog=a3132885-145f-4a8c-85f4-c10eb874732d@group-2077DD483DC7-SegmentedRaftLog:OPENED:c-1,f-1,i0, conf=-1: [163587bb-2c3b-4498-b576-18147cf38274:192.168.157.203:33208, a3132885-145f-4a8c-85f4-c10eb874732d:192.168.157.203:46766, 70b633f6-b230-4b9f-87f3-510da88f1e08:192.168.157.203:43163], old=null
2019-10-16 11:36:16,917 [a3132885-145f-4a8c-85f4-c10eb874732d@group-2077DD483DC7-LeaderElection471] INFO  impl.LeaderElection (LogUtils.java:infoOrTrace(149)) -   Exception 0: {}
java.util.concurrent.ExecutionException: org.apache.ratis.thirdparty.io.grpc.StatusRuntimeException: UNAVAILABLE: io exception
	at java.util.concurrent.FutureTask.report(FutureTask.java:122)
	at java.util.concurrent.FutureTask.get(FutureTask.java:192)
	at org.apache.ratis.server.impl.LeaderElection.waitForResults(LeaderElection.java:259)
	at org.apache.ratis.server.impl.LeaderElection.askForVotes(LeaderElection.java:197)
	at org.apache.ratis.server.impl.LeaderElection.run(LeaderElection.java:133)
	at java.lang.Thread.run(Thread.java:748)
Caused by: org.apache.ratis.thirdparty.io.grpc.StatusRuntimeException: UNAVAILABLE: io exception
	at org.apache.ratis.thirdparty.io.grpc.stub.ClientCalls.toStatusRuntimeException(ClientCalls.java:233)
	at org.apache.ratis.thirdparty.io.grpc.stub.ClientCalls.getUnchecked(ClientCalls.java:214)
	at org.apache.ratis.thirdparty.io.grpc.stub.ClientCalls.blockingUnaryCall(ClientCalls.java:139)
	at org.apache.ratis.proto.grpc.RaftServerProtocolServiceGrpc$RaftServerProtocolServiceBlockingStub.requestVote(RaftServerProtocolServiceGrpc.java:265)
	at org.apache.ratis.grpc.server.GrpcServerProtocolClient.requestVote(GrpcServerProtocolClient.java:99)
	at org.apache.ratis.grpc.server.GrpcService.requestVote(GrpcService.java:204)
	at org.apache.ratis.server.impl.LeaderElection.lambda$submitRequests$1(LeaderElection.java:234)
	at java.util.concurrent.FutureTask.run(FutureTask.java:266)
	at java.util.concurrent.Executors$RunnableAdapter.call(Executors.java:511)
	at java.util.concurrent.FutureTask.run(FutureTask.java:266)
	at java.util.concurrent.ThreadPoolExecutor.runWorker(ThreadPoolExecutor.java:1149)
	at java.util.concurrent.ThreadPoolExecutor$Worker.run(ThreadPoolExecutor.java:624)
	... 1 more
Caused by: org.apache.ratis.thirdparty.io.netty.channel.AbstractChannel$AnnotatedConnectException: Connection refused: /192.168.157.203:33208
	at sun.nio.ch.SocketChannelImpl.checkConnect(Native Method)
	at sun.nio.ch.SocketChannelImpl.finishConnect(SocketChannelImpl.java:717)
	at org.apache.ratis.thirdparty.io.netty.channel.socket.nio.NioSocketChannel.doFinishConnect(NioSocketChannel.java:327)
	at org.apache.ratis.thirdparty.io.netty.channel.nio.AbstractNioChannel$AbstractNioUnsafe.finishConnect(AbstractNioChannel.java:340)
	at org.apache.ratis.thirdparty.io.netty.channel.nio.NioEventLoop.processSelectedKey(NioEventLoop.java:632)
	at org.apache.ratis.thirdparty.io.netty.channel.nio.NioEventLoop.processSelectedKeysOptimized(NioEventLoop.java:579)
	at org.apache.ratis.thirdparty.io.netty.channel.nio.NioEventLoop.processSelectedKeys(NioEventLoop.java:496)
	at org.apache.ratis.thirdparty.io.netty.channel.nio.NioEventLoop.run(NioEventLoop.java:458)
	at org.apache.ratis.thirdparty.io.netty.util.concurrent.SingleThreadEventExecutor$5.run(SingleThreadEventExecutor.java:897)
	at org.apache.ratis.thirdparty.io.netty.util.concurrent.FastThreadLocalRunnable.run(FastThreadLocalRunnable.java:30)
	... 1 more
Caused by: java.net.ConnectException: Connection refused
	... 11 more
2019-10-16 11:36:16,918 [a3132885-145f-4a8c-85f4-c10eb874732d@group-2077DD483DC7-LeaderElection471] INFO  impl.RaftServerImpl (RaftServerImpl.java:setRole(184)) - a3132885-145f-4a8c-85f4-c10eb874732d@group-2077DD483DC7: changes role from CANDIDATE to FOLLOWER at term 297 for DISCOVERED_A_NEW_TERM
2019-10-16 11:36:16,918 [a3132885-145f-4a8c-85f4-c10eb874732d@group-2077DD483DC7-LeaderElection471] INFO  impl.RoleInfo (RoleInfo.java:shutdownLeaderElection(134)) - a3132885-145f-4a8c-85f4-c10eb874732d: shutdown LeaderElection
2019-10-16 11:36:16,918 [a3132885-145f-4a8c-85f4-c10eb874732d@group-2077DD483DC7-LeaderElection471] INFO  impl.RoleInfo (RoleInfo.java:updateAndGet(143)) - a3132885-145f-4a8c-85f4-c10eb874732d: start FollowerState
2019-10-16 11:36:16,946 [Thread-3540] INFO  impl.FollowerState (FollowerState.java:run(108)) - a3132885-145f-4a8c-85f4-c10eb874732d@group-2077DD483DC7-FollowerState: change to CANDIDATE, lastRpcTime:28ms, electionTimeout:28ms
2019-10-16 11:36:16,946 [Thread-3540] INFO  impl.RoleInfo (RoleInfo.java:shutdownFollowerState(121)) - a3132885-145f-4a8c-85f4-c10eb874732d: shutdown FollowerState
2019-10-16 11:36:16,947 [Thread-3540] INFO  impl.RaftServerImpl (RaftServerImpl.java:setRole(184)) - a3132885-145f-4a8c-85f4-c10eb874732d@group-2077DD483DC7: changes role from  FOLLOWER to CANDIDATE at term 297 for changeToCandidate
2019-10-16 11:36:16,947 [Thread-3540] INFO  impl.RoleInfo (RoleInfo.java:updateAndGet(143)) - a3132885-145f-4a8c-85f4-c10eb874732d: start LeaderElection
2019-10-16 11:36:16,960 [a3132885-145f-4a8c-85f4-c10eb874732d@group-2077DD483DC7-LeaderElection472] INFO  impl.LeaderElection (LeaderElection.java:askForVotes(178)) - a3132885-145f-4a8c-85f4-c10eb874732d@group-2077DD483DC7-LeaderElection472: begin an election at term 298 for -1: [163587bb-2c3b-4498-b576-18147cf38274:192.168.157.203:33208, a3132885-145f-4a8c-85f4-c10eb874732d:192.168.157.203:46766, 70b633f6-b230-4b9f-87f3-510da88f1e08:192.168.157.203:43163], old=null
2019-10-16 11:36:16,961 [a3132885-145f-4a8c-85f4-c10eb874732d@group-2077DD483DC7-LeaderElection472] INFO  impl.LeaderElection (LogUtils.java:infoOrTrace(149)) - a3132885-145f-4a8c-85f4-c10eb874732d@group-2077DD483DC7-LeaderElection472 got exception when requesting votes: {}
java.util.concurrent.ExecutionException: org.apache.ratis.thirdparty.io.grpc.StatusRuntimeException: UNAVAILABLE: io exception
	at java.util.concurrent.FutureTask.report(FutureTask.java:122)
	at java.util.concurrent.FutureTask.get(FutureTask.java:192)
	at org.apache.ratis.server.impl.LeaderElection.waitForResults(LeaderElection.java:259)
	at org.apache.ratis.server.impl.LeaderElection.askForVotes(LeaderElection.java:197)
	at org.apache.ratis.server.impl.LeaderElection.run(LeaderElection.java:133)
	at java.lang.Thread.run(Thread.java:748)
Caused by: org.apache.ratis.thirdparty.io.grpc.StatusRuntimeException: UNAVAILABLE: io exception
	at org.apache.ratis.thirdparty.io.grpc.stub.ClientCalls.toStatusRuntimeException(ClientCalls.java:233)
	at org.apache.ratis.thirdparty.io.grpc.stub.ClientCalls.getUnchecked(ClientCalls.java:214)
	at org.apache.ratis.thirdparty.io.grpc.stub.ClientCalls.blockingUnaryCall(ClientCalls.java:139)
	at org.apache.ratis.proto.grpc.RaftServerProtocolServiceGrpc$RaftServerProtocolServiceBlockingStub.requestVote(RaftServerProtocolServiceGrpc.java:265)
	at org.apache.ratis.grpc.server.GrpcServerProtocolClient.requestVote(GrpcServerProtocolClient.java:99)
	at org.apache.ratis.grpc.server.GrpcService.requestVote(GrpcService.java:204)
	at org.apache.ratis.server.impl.LeaderElection.lambda$submitRequests$1(LeaderElection.java:234)
	at java.util.concurrent.FutureTask.run(FutureTask.java:266)
	at java.util.concurrent.Executors$RunnableAdapter.call(Executors.java:511)
	at java.util.concurrent.FutureTask.run(FutureTask.java:266)
	at java.util.concurrent.ThreadPoolExecutor.runWorker(ThreadPoolExecutor.java:1149)
	at java.util.concurrent.ThreadPoolExecutor$Worker.run(ThreadPoolExecutor.java:624)
	... 1 more
Caused by: org.apache.ratis.thirdparty.io.netty.channel.AbstractChannel$AnnotatedConnectException: Connection refused: /192.168.157.203:33208
	at sun.nio.ch.SocketChannelImpl.checkConnect(Native Method)
	at sun.nio.ch.SocketChannelImpl.finishConnect(SocketChannelImpl.java:717)
	at org.apache.ratis.thirdparty.io.netty.channel.socket.nio.NioSocketChannel.doFinishConnect(NioSocketChannel.java:327)
	at org.apache.ratis.thirdparty.io.netty.channel.nio.AbstractNioChannel$AbstractNioUnsafe.finishConnect(AbstractNioChannel.java:340)
	at org.apache.ratis.thirdparty.io.netty.channel.nio.NioEventLoop.processSelectedKey(NioEventLoop.java:632)
	at org.apache.ratis.thirdparty.io.netty.channel.nio.NioEventLoop.processSelectedKeysOptimized(NioEventLoop.java:579)
	at org.apache.ratis.thirdparty.io.netty.channel.nio.NioEventLoop.processSelectedKeys(NioEventLoop.java:496)
	at org.apache.ratis.thirdparty.io.netty.channel.nio.NioEventLoop.run(NioEventLoop.java:458)
	at org.apache.ratis.thirdparty.io.netty.util.concurrent.SingleThreadEventExecutor$5.run(SingleThreadEventExecutor.java:897)
	at org.apache.ratis.thirdparty.io.netty.util.concurrent.FastThreadLocalRunnable.run(FastThreadLocalRunnable.java:30)
	... 1 more
Caused by: java.net.ConnectException: Connection refused
	... 11 more
2019-10-16 11:36:16,969 [grpc-default-executor-5] INFO  impl.RaftServerImpl (RaftServerImpl.java:setRole(184)) - 70b633f6-b230-4b9f-87f3-510da88f1e08@group-2077DD483DC7: changes role from  FOLLOWER to FOLLOWER at term 298 for recognizeCandidate:a3132885-145f-4a8c-85f4-c10eb874732d
2019-10-16 11:36:16,969 [grpc-default-executor-5] INFO  impl.RoleInfo (RoleInfo.java:shutdownFollowerState(121)) - 70b633f6-b230-4b9f-87f3-510da88f1e08: shutdown FollowerState
2019-10-16 11:36:16,969 [grpc-default-executor-5] INFO  impl.RoleInfo (RoleInfo.java:updateAndGet(143)) - 70b633f6-b230-4b9f-87f3-510da88f1e08: start FollowerState
2019-10-16 11:36:16,969 [Thread-3539] INFO  impl.FollowerState (FollowerState.java:run(117)) - 70b633f6-b230-4b9f-87f3-510da88f1e08@group-2077DD483DC7-FollowerState was interrupted: java.lang.InterruptedException: sleep interrupted
2019-10-16 11:36:16,985 [a3132885-145f-4a8c-85f4-c10eb874732d@group-2077DD483DC7-LeaderElection472] INFO  impl.LeaderElection (LeaderElection.java:logAndReturn(56)) - a3132885-145f-4a8c-85f4-c10eb874732d@group-2077DD483DC7-LeaderElection472: Election REJECTED; received 1 response(s) [a3132885-145f-4a8c-85f4-c10eb874732d<-70b633f6-b230-4b9f-87f3-510da88f1e08#0:FAIL-t298] and 1 exception(s); a3132885-145f-4a8c-85f4-c10eb874732d@group-2077DD483DC7:t298, leader=null, voted=a3132885-145f-4a8c-85f4-c10eb874732d, raftlog=a3132885-145f-4a8c-85f4-c10eb874732d@group-2077DD483DC7-SegmentedRaftLog:OPENED:c-1,f-1,i0, conf=-1: [163587bb-2c3b-4498-b576-18147cf38274:192.168.157.203:33208, a3132885-145f-4a8c-85f4-c10eb874732d:192.168.157.203:46766, 70b633f6-b230-4b9f-87f3-510da88f1e08:192.168.157.203:43163], old=null
2019-10-16 11:36:16,985 [a3132885-145f-4a8c-85f4-c10eb874732d@group-2077DD483DC7-LeaderElection472] INFO  impl.LeaderElection (LogUtils.java:infoOrTrace(149)) -   Exception 0: {}
java.util.concurrent.ExecutionException: org.apache.ratis.thirdparty.io.grpc.StatusRuntimeException: UNAVAILABLE: io exception
	at java.util.concurrent.FutureTask.report(FutureTask.java:122)
	at java.util.concurrent.FutureTask.get(FutureTask.java:192)
	at org.apache.ratis.server.impl.LeaderElection.waitForResults(LeaderElection.java:259)
	at org.apache.ratis.server.impl.LeaderElection.askForVotes(LeaderElection.java:197)
	at org.apache.ratis.server.impl.LeaderElection.run(LeaderElection.java:133)
	at java.lang.Thread.run(Thread.java:748)
Caused by: org.apache.ratis.thirdparty.io.grpc.StatusRuntimeException: UNAVAILABLE: io exception
	at org.apache.ratis.thirdparty.io.grpc.stub.ClientCalls.toStatusRuntimeException(ClientCalls.java:233)
	at org.apache.ratis.thirdparty.io.grpc.stub.ClientCalls.getUnchecked(ClientCalls.java:214)
	at org.apache.ratis.thirdparty.io.grpc.stub.ClientCalls.blockingUnaryCall(ClientCalls.java:139)
	at org.apache.ratis.proto.grpc.RaftServerProtocolServiceGrpc$RaftServerProtocolServiceBlockingStub.requestVote(RaftServerProtocolServiceGrpc.java:265)
	at org.apache.ratis.grpc.server.GrpcServerProtocolClient.requestVote(GrpcServerProtocolClient.java:99)
	at org.apache.ratis.grpc.server.GrpcService.requestVote(GrpcService.java:204)
	at org.apache.ratis.server.impl.LeaderElection.lambda$submitRequests$1(LeaderElection.java:234)
	at java.util.concurrent.FutureTask.run(FutureTask.java:266)
	at java.util.concurrent.Executors$RunnableAdapter.call(Executors.java:511)
	at java.util.concurrent.FutureTask.run(FutureTask.java:266)
	at java.util.concurrent.ThreadPoolExecutor.runWorker(ThreadPoolExecutor.java:1149)
	at java.util.concurrent.ThreadPoolExecutor$Worker.run(ThreadPoolExecutor.java:624)
	... 1 more
Caused by: org.apache.ratis.thirdparty.io.netty.channel.AbstractChannel$AnnotatedConnectException: Connection refused: /192.168.157.203:33208
	at sun.nio.ch.SocketChannelImpl.checkConnect(Native Method)
	at sun.nio.ch.SocketChannelImpl.finishConnect(SocketChannelImpl.java:717)
	at org.apache.ratis.thirdparty.io.netty.channel.socket.nio.NioSocketChannel.doFinishConnect(NioSocketChannel.java:327)
	at org.apache.ratis.thirdparty.io.netty.channel.nio.AbstractNioChannel$AbstractNioUnsafe.finishConnect(AbstractNioChannel.java:340)
	at org.apache.ratis.thirdparty.io.netty.channel.nio.NioEventLoop.processSelectedKey(NioEventLoop.java:632)
	at org.apache.ratis.thirdparty.io.netty.channel.nio.NioEventLoop.processSelectedKeysOptimized(NioEventLoop.java:579)
	at org.apache.ratis.thirdparty.io.netty.channel.nio.NioEventLoop.processSelectedKeys(NioEventLoop.java:496)
	at org.apache.ratis.thirdparty.io.netty.channel.nio.NioEventLoop.run(NioEventLoop.java:458)
	at org.apache.ratis.thirdparty.io.netty.util.concurrent.SingleThreadEventExecutor$5.run(SingleThreadEventExecutor.java:897)
	at org.apache.ratis.thirdparty.io.netty.util.concurrent.FastThreadLocalRunnable.run(FastThreadLocalRunnable.java:30)
	... 1 more
Caused by: java.net.ConnectException: Connection refused
	... 11 more
2019-10-16 11:36:16,985 [a3132885-145f-4a8c-85f4-c10eb874732d@group-2077DD483DC7-LeaderElection472] INFO  impl.RaftServerImpl (RaftServerImpl.java:setRole(184)) - a3132885-145f-4a8c-85f4-c10eb874732d@group-2077DD483DC7: changes role from CANDIDATE to FOLLOWER at term 298 for DISCOVERED_A_NEW_TERM
2019-10-16 11:36:16,985 [a3132885-145f-4a8c-85f4-c10eb874732d@group-2077DD483DC7-LeaderElection472] INFO  impl.RoleInfo (RoleInfo.java:shutdownLeaderElection(134)) - a3132885-145f-4a8c-85f4-c10eb874732d: shutdown LeaderElection
2019-10-16 11:36:16,985 [a3132885-145f-4a8c-85f4-c10eb874732d@group-2077DD483DC7-LeaderElection472] INFO  impl.RoleInfo (RoleInfo.java:updateAndGet(143)) - a3132885-145f-4a8c-85f4-c10eb874732d: start FollowerState
2019-10-16 11:36:16,993 [java.util.concurrent.ThreadPoolExecutor$Worker@1a001f89[State = -1, empty queue]] WARN  server.GrpcLogAppender (GrpcLogAppender.java:timeoutAppendRequest(209)) - 5c445d34-c031-481c-9d4b-8fbace1f61b8@group-8BBDE5791A04->857fec05-692a-4d09-bf1c-7d167682feae-GrpcLogAppender: appendEntries Timeout, request=5c445d34-c031-481c-9d4b-8fbace1f61b8->857fec05-692a-4d09-bf1c-7d167682feae#89-t6, previous=(t:6, i:21), leaderCommit=21, initializing? false, entries: <empty>
2019-10-16 11:36:17,051 [Thread-3545] INFO  impl.FollowerState (FollowerState.java:run(108)) - a3132885-145f-4a8c-85f4-c10eb874732d@group-2077DD483DC7-FollowerState: change to CANDIDATE, lastRpcTime:65ms, electionTimeout:65ms
2019-10-16 11:36:17,051 [Thread-3545] INFO  impl.RoleInfo (RoleInfo.java:shutdownFollowerState(121)) - a3132885-145f-4a8c-85f4-c10eb874732d: shutdown FollowerState
2019-10-16 11:36:17,051 [Thread-3545] INFO  impl.RaftServerImpl (RaftServerImpl.java:setRole(184)) - a3132885-145f-4a8c-85f4-c10eb874732d@group-2077DD483DC7: changes role from  FOLLOWER to CANDIDATE at term 298 for changeToCandidate
2019-10-16 11:36:17,051 [Thread-3545] INFO  impl.RoleInfo (RoleInfo.java:updateAndGet(143)) - a3132885-145f-4a8c-85f4-c10eb874732d: start LeaderElection
2019-10-16 11:36:17,073 [a3132885-145f-4a8c-85f4-c10eb874732d@group-2077DD483DC7-LeaderElection473] INFO  impl.LeaderElection (LeaderElection.java:askForVotes(178)) - a3132885-145f-4a8c-85f4-c10eb874732d@group-2077DD483DC7-LeaderElection473: begin an election at term 299 for -1: [163587bb-2c3b-4498-b576-18147cf38274:192.168.157.203:33208, a3132885-145f-4a8c-85f4-c10eb874732d:192.168.157.203:46766, 70b633f6-b230-4b9f-87f3-510da88f1e08:192.168.157.203:43163], old=null
2019-10-16 11:36:17,074 [a3132885-145f-4a8c-85f4-c10eb874732d@group-2077DD483DC7-LeaderElection473] INFO  impl.LeaderElection (LogUtils.java:infoOrTrace(149)) - a3132885-145f-4a8c-85f4-c10eb874732d@group-2077DD483DC7-LeaderElection473 got exception when requesting votes: {}
java.util.concurrent.ExecutionException: org.apache.ratis.thirdparty.io.grpc.StatusRuntimeException: UNAVAILABLE: io exception
	at java.util.concurrent.FutureTask.report(FutureTask.java:122)
	at java.util.concurrent.FutureTask.get(FutureTask.java:192)
	at org.apache.ratis.server.impl.LeaderElection.waitForResults(LeaderElection.java:259)
	at org.apache.ratis.server.impl.LeaderElection.askForVotes(LeaderElection.java:197)
	at org.apache.ratis.server.impl.LeaderElection.run(LeaderElection.java:133)
	at java.lang.Thread.run(Thread.java:748)
Caused by: org.apache.ratis.thirdparty.io.grpc.StatusRuntimeException: UNAVAILABLE: io exception
	at org.apache.ratis.thirdparty.io.grpc.stub.ClientCalls.toStatusRuntimeException(ClientCalls.java:233)
	at org.apache.ratis.thirdparty.io.grpc.stub.ClientCalls.getUnchecked(ClientCalls.java:214)
	at org.apache.ratis.thirdparty.io.grpc.stub.ClientCalls.blockingUnaryCall(ClientCalls.java:139)
	at org.apache.ratis.proto.grpc.RaftServerProtocolServiceGrpc$RaftServerProtocolServiceBlockingStub.requestVote(RaftServerProtocolServiceGrpc.java:265)
	at org.apache.ratis.grpc.server.GrpcServerProtocolClient.requestVote(GrpcServerProtocolClient.java:99)
	at org.apache.ratis.grpc.server.GrpcService.requestVote(GrpcService.java:204)
	at org.apache.ratis.server.impl.LeaderElection.lambda$submitRequests$1(LeaderElection.java:234)
	at java.util.concurrent.FutureTask.run(FutureTask.java:266)
	at java.util.concurrent.Executors$RunnableAdapter.call(Executors.java:511)
	at java.util.concurrent.FutureTask.run(FutureTask.java:266)
	at java.util.concurrent.ThreadPoolExecutor.runWorker(ThreadPoolExecutor.java:1149)
	at java.util.concurrent.ThreadPoolExecutor$Worker.run(ThreadPoolExecutor.java:624)
	... 1 more
Caused by: org.apache.ratis.thirdparty.io.netty.channel.AbstractChannel$AnnotatedConnectException: Connection refused: /192.168.157.203:33208
	at sun.nio.ch.SocketChannelImpl.checkConnect(Native Method)
	at sun.nio.ch.SocketChannelImpl.finishConnect(SocketChannelImpl.java:717)
	at org.apache.ratis.thirdparty.io.netty.channel.socket.nio.NioSocketChannel.doFinishConnect(NioSocketChannel.java:327)
	at org.apache.ratis.thirdparty.io.netty.channel.nio.AbstractNioChannel$AbstractNioUnsafe.finishConnect(AbstractNioChannel.java:340)
	at org.apache.ratis.thirdparty.io.netty.channel.nio.NioEventLoop.processSelectedKey(NioEventLoop.java:632)
	at org.apache.ratis.thirdparty.io.netty.channel.nio.NioEventLoop.processSelectedKeysOptimized(NioEventLoop.java:579)
	at org.apache.ratis.thirdparty.io.netty.channel.nio.NioEventLoop.processSelectedKeys(NioEventLoop.java:496)
	at org.apache.ratis.thirdparty.io.netty.channel.nio.NioEventLoop.run(NioEventLoop.java:458)
	at org.apache.ratis.thirdparty.io.netty.util.concurrent.SingleThreadEventExecutor$5.run(SingleThreadEventExecutor.java:897)
	at org.apache.ratis.thirdparty.io.netty.util.concurrent.FastThreadLocalRunnable.run(FastThreadLocalRunnable.java:30)
	... 1 more
Caused by: java.net.ConnectException: Connection refused
	... 11 more
2019-10-16 11:36:17,080 [grpc-default-executor-5] INFO  impl.RaftServerImpl (RaftServerImpl.java:setRole(184)) - 70b633f6-b230-4b9f-87f3-510da88f1e08@group-2077DD483DC7: changes role from  FOLLOWER to FOLLOWER at term 299 for recognizeCandidate:a3132885-145f-4a8c-85f4-c10eb874732d
2019-10-16 11:36:17,080 [grpc-default-executor-5] INFO  impl.RoleInfo (RoleInfo.java:shutdownFollowerState(121)) - 70b633f6-b230-4b9f-87f3-510da88f1e08: shutdown FollowerState
2019-10-16 11:36:17,081 [grpc-default-executor-5] INFO  impl.RoleInfo (RoleInfo.java:updateAndGet(143)) - 70b633f6-b230-4b9f-87f3-510da88f1e08: start FollowerState
2019-10-16 11:36:17,081 [Thread-3544] INFO  impl.FollowerState (FollowerState.java:run(117)) - 70b633f6-b230-4b9f-87f3-510da88f1e08@group-2077DD483DC7-FollowerState was interrupted: java.lang.InterruptedException: sleep interrupted
2019-10-16 11:36:17,096 [a3132885-145f-4a8c-85f4-c10eb874732d@group-2077DD483DC7-LeaderElection473] INFO  impl.LeaderElection (LeaderElection.java:logAndReturn(56)) - a3132885-145f-4a8c-85f4-c10eb874732d@group-2077DD483DC7-LeaderElection473: Election REJECTED; received 1 response(s) [a3132885-145f-4a8c-85f4-c10eb874732d<-70b633f6-b230-4b9f-87f3-510da88f1e08#0:FAIL-t299] and 1 exception(s); a3132885-145f-4a8c-85f4-c10eb874732d@group-2077DD483DC7:t299, leader=null, voted=a3132885-145f-4a8c-85f4-c10eb874732d, raftlog=a3132885-145f-4a8c-85f4-c10eb874732d@group-2077DD483DC7-SegmentedRaftLog:OPENED:c-1,f-1,i0, conf=-1: [163587bb-2c3b-4498-b576-18147cf38274:192.168.157.203:33208, a3132885-145f-4a8c-85f4-c10eb874732d:192.168.157.203:46766, 70b633f6-b230-4b9f-87f3-510da88f1e08:192.168.157.203:43163], old=null
2019-10-16 11:36:17,096 [a3132885-145f-4a8c-85f4-c10eb874732d@group-2077DD483DC7-LeaderElection473] INFO  impl.LeaderElection (LogUtils.java:infoOrTrace(149)) -   Exception 0: {}
java.util.concurrent.ExecutionException: org.apache.ratis.thirdparty.io.grpc.StatusRuntimeException: UNAVAILABLE: io exception
	at java.util.concurrent.FutureTask.report(FutureTask.java:122)
	at java.util.concurrent.FutureTask.get(FutureTask.java:192)
	at org.apache.ratis.server.impl.LeaderElection.waitForResults(LeaderElection.java:259)
	at org.apache.ratis.server.impl.LeaderElection.askForVotes(LeaderElection.java:197)
	at org.apache.ratis.server.impl.LeaderElection.run(LeaderElection.java:133)
	at java.lang.Thread.run(Thread.java:748)
Caused by: org.apache.ratis.thirdparty.io.grpc.StatusRuntimeException: UNAVAILABLE: io exception
	at org.apache.ratis.thirdparty.io.grpc.stub.ClientCalls.toStatusRuntimeException(ClientCalls.java:233)
	at org.apache.ratis.thirdparty.io.grpc.stub.ClientCalls.getUnchecked(ClientCalls.java:214)
	at org.apache.ratis.thirdparty.io.grpc.stub.ClientCalls.blockingUnaryCall(ClientCalls.java:139)
	at org.apache.ratis.proto.grpc.RaftServerProtocolServiceGrpc$RaftServerProtocolServiceBlockingStub.requestVote(RaftServerProtocolServiceGrpc.java:265)
	at org.apache.ratis.grpc.server.GrpcServerProtocolClient.requestVote(GrpcServerProtocolClient.java:99)
	at org.apache.ratis.grpc.server.GrpcService.requestVote(GrpcService.java:204)
	at org.apache.ratis.server.impl.LeaderElection.lambda$submitRequests$1(LeaderElection.java:234)
	at java.util.concurrent.FutureTask.run(FutureTask.java:266)
	at java.util.concurrent.Executors$RunnableAdapter.call(Executors.java:511)
	at java.util.concurrent.FutureTask.run(FutureTask.java:266)
	at java.util.concurrent.ThreadPoolExecutor.runWorker(ThreadPoolExecutor.java:1149)
	at java.util.concurrent.ThreadPoolExecutor$Worker.run(ThreadPoolExecutor.java:624)
	... 1 more
Caused by: org.apache.ratis.thirdparty.io.netty.channel.AbstractChannel$AnnotatedConnectException: Connection refused: /192.168.157.203:33208
	at sun.nio.ch.SocketChannelImpl.checkConnect(Native Method)
	at sun.nio.ch.SocketChannelImpl.finishConnect(SocketChannelImpl.java:717)
	at org.apache.ratis.thirdparty.io.netty.channel.socket.nio.NioSocketChannel.doFinishConnect(NioSocketChannel.java:327)
	at org.apache.ratis.thirdparty.io.netty.channel.nio.AbstractNioChannel$AbstractNioUnsafe.finishConnect(AbstractNioChannel.java:340)
	at org.apache.ratis.thirdparty.io.netty.channel.nio.NioEventLoop.processSelectedKey(NioEventLoop.java:632)
	at org.apache.ratis.thirdparty.io.netty.channel.nio.NioEventLoop.processSelectedKeysOptimized(NioEventLoop.java:579)
	at org.apache.ratis.thirdparty.io.netty.channel.nio.NioEventLoop.processSelectedKeys(NioEventLoop.java:496)
	at org.apache.ratis.thirdparty.io.netty.channel.nio.NioEventLoop.run(NioEventLoop.java:458)
	at org.apache.ratis.thirdparty.io.netty.util.concurrent.SingleThreadEventExecutor$5.run(SingleThreadEventExecutor.java:897)
	at org.apache.ratis.thirdparty.io.netty.util.concurrent.FastThreadLocalRunnable.run(FastThreadLocalRunnable.java:30)
	... 1 more
Caused by: java.net.ConnectException: Connection refused
	... 11 more
2019-10-16 11:36:17,097 [a3132885-145f-4a8c-85f4-c10eb874732d@group-2077DD483DC7-LeaderElection473] INFO  impl.RaftServerImpl (RaftServerImpl.java:setRole(184)) - a3132885-145f-4a8c-85f4-c10eb874732d@group-2077DD483DC7: changes role from CANDIDATE to FOLLOWER at term 299 for DISCOVERED_A_NEW_TERM
2019-10-16 11:36:17,097 [a3132885-145f-4a8c-85f4-c10eb874732d@group-2077DD483DC7-LeaderElection473] INFO  impl.RoleInfo (RoleInfo.java:shutdownLeaderElection(134)) - a3132885-145f-4a8c-85f4-c10eb874732d: shutdown LeaderElection
2019-10-16 11:36:17,097 [a3132885-145f-4a8c-85f4-c10eb874732d@group-2077DD483DC7-LeaderElection473] INFO  impl.RoleInfo (RoleInfo.java:updateAndGet(143)) - a3132885-145f-4a8c-85f4-c10eb874732d: start FollowerState
2019-10-16 11:36:17,105 [Thread-3551] INFO  impl.FollowerState (FollowerState.java:run(108)) - a3132885-145f-4a8c-85f4-c10eb874732d@group-2077DD483DC7-FollowerState: change to CANDIDATE, lastRpcTime:7ms, electionTimeout:7ms
2019-10-16 11:36:17,105 [Thread-3551] INFO  impl.RoleInfo (RoleInfo.java:shutdownFollowerState(121)) - a3132885-145f-4a8c-85f4-c10eb874732d: shutdown FollowerState
2019-10-16 11:36:17,105 [Thread-3551] INFO  impl.RaftServerImpl (RaftServerImpl.java:setRole(184)) - a3132885-145f-4a8c-85f4-c10eb874732d@group-2077DD483DC7: changes role from  FOLLOWER to CANDIDATE at term 299 for changeToCandidate
2019-10-16 11:36:17,105 [Thread-3551] INFO  impl.RoleInfo (RoleInfo.java:updateAndGet(143)) - a3132885-145f-4a8c-85f4-c10eb874732d: start LeaderElection
2019-10-16 11:36:17,119 [a3132885-145f-4a8c-85f4-c10eb874732d@group-2077DD483DC7-LeaderElection474] INFO  impl.LeaderElection (LeaderElection.java:askForVotes(178)) - a3132885-145f-4a8c-85f4-c10eb874732d@group-2077DD483DC7-LeaderElection474: begin an election at term 300 for -1: [163587bb-2c3b-4498-b576-18147cf38274:192.168.157.203:33208, a3132885-145f-4a8c-85f4-c10eb874732d:192.168.157.203:46766, 70b633f6-b230-4b9f-87f3-510da88f1e08:192.168.157.203:43163], old=null
2019-10-16 11:36:17,120 [a3132885-145f-4a8c-85f4-c10eb874732d@group-2077DD483DC7-LeaderElection474] INFO  impl.LeaderElection (LogUtils.java:infoOrTrace(149)) - a3132885-145f-4a8c-85f4-c10eb874732d@group-2077DD483DC7-LeaderElection474 got exception when requesting votes: {}
java.util.concurrent.ExecutionException: org.apache.ratis.thirdparty.io.grpc.StatusRuntimeException: UNAVAILABLE: io exception
	at java.util.concurrent.FutureTask.report(FutureTask.java:122)
	at java.util.concurrent.FutureTask.get(FutureTask.java:192)
	at org.apache.ratis.server.impl.LeaderElection.waitForResults(LeaderElection.java:259)
	at org.apache.ratis.server.impl.LeaderElection.askForVotes(LeaderElection.java:197)
	at org.apache.ratis.server.impl.LeaderElection.run(LeaderElection.java:133)
	at java.lang.Thread.run(Thread.java:748)
Caused by: org.apache.ratis.thirdparty.io.grpc.StatusRuntimeException: UNAVAILABLE: io exception
	at org.apache.ratis.thirdparty.io.grpc.stub.ClientCalls.toStatusRuntimeException(ClientCalls.java:233)
	at org.apache.ratis.thirdparty.io.grpc.stub.ClientCalls.getUnchecked(ClientCalls.java:214)
	at org.apache.ratis.thirdparty.io.grpc.stub.ClientCalls.blockingUnaryCall(ClientCalls.java:139)
	at org.apache.ratis.proto.grpc.RaftServerProtocolServiceGrpc$RaftServerProtocolServiceBlockingStub.requestVote(RaftServerProtocolServiceGrpc.java:265)
	at org.apache.ratis.grpc.server.GrpcServerProtocolClient.requestVote(GrpcServerProtocolClient.java:99)
	at org.apache.ratis.grpc.server.GrpcService.requestVote(GrpcService.java:204)
	at org.apache.ratis.server.impl.LeaderElection.lambda$submitRequests$1(LeaderElection.java:234)
	at java.util.concurrent.FutureTask.run(FutureTask.java:266)
	at java.util.concurrent.Executors$RunnableAdapter.call(Executors.java:511)
	at java.util.concurrent.FutureTask.run(FutureTask.java:266)
	at java.util.concurrent.ThreadPoolExecutor.runWorker(ThreadPoolExecutor.java:1149)
	at java.util.concurrent.ThreadPoolExecutor$Worker.run(ThreadPoolExecutor.java:624)
	... 1 more
Caused by: org.apache.ratis.thirdparty.io.netty.channel.AbstractChannel$AnnotatedConnectException: Connection refused: /192.168.157.203:33208
	at sun.nio.ch.SocketChannelImpl.checkConnect(Native Method)
	at sun.nio.ch.SocketChannelImpl.finishConnect(SocketChannelImpl.java:717)
	at org.apache.ratis.thirdparty.io.netty.channel.socket.nio.NioSocketChannel.doFinishConnect(NioSocketChannel.java:327)
	at org.apache.ratis.thirdparty.io.netty.channel.nio.AbstractNioChannel$AbstractNioUnsafe.finishConnect(AbstractNioChannel.java:340)
	at org.apache.ratis.thirdparty.io.netty.channel.nio.NioEventLoop.processSelectedKey(NioEventLoop.java:632)
	at org.apache.ratis.thirdparty.io.netty.channel.nio.NioEventLoop.processSelectedKeysOptimized(NioEventLoop.java:579)
	at org.apache.ratis.thirdparty.io.netty.channel.nio.NioEventLoop.processSelectedKeys(NioEventLoop.java:496)
	at org.apache.ratis.thirdparty.io.netty.channel.nio.NioEventLoop.run(NioEventLoop.java:458)
	at org.apache.ratis.thirdparty.io.netty.util.concurrent.SingleThreadEventExecutor$5.run(SingleThreadEventExecutor.java:897)
	at org.apache.ratis.thirdparty.io.netty.util.concurrent.FastThreadLocalRunnable.run(FastThreadLocalRunnable.java:30)
	... 1 more
Caused by: java.net.ConnectException: Connection refused
	... 11 more
2019-10-16 11:36:17,121 [grpc-default-executor-5] INFO  impl.RaftServerImpl (RaftServerImpl.java:setRole(184)) - 70b633f6-b230-4b9f-87f3-510da88f1e08@group-2077DD483DC7: changes role from  FOLLOWER to FOLLOWER at term 300 for recognizeCandidate:a3132885-145f-4a8c-85f4-c10eb874732d
2019-10-16 11:36:17,121 [grpc-default-executor-5] INFO  impl.RoleInfo (RoleInfo.java:shutdownFollowerState(121)) - 70b633f6-b230-4b9f-87f3-510da88f1e08: shutdown FollowerState
2019-10-16 11:36:17,121 [grpc-default-executor-5] INFO  impl.RoleInfo (RoleInfo.java:updateAndGet(143)) - 70b633f6-b230-4b9f-87f3-510da88f1e08: start FollowerState
2019-10-16 11:36:17,121 [Thread-3550] INFO  impl.FollowerState (FollowerState.java:run(117)) - 70b633f6-b230-4b9f-87f3-510da88f1e08@group-2077DD483DC7-FollowerState was interrupted: java.lang.InterruptedException: sleep interrupted
2019-10-16 11:36:17,136 [a3132885-145f-4a8c-85f4-c10eb874732d@group-2077DD483DC7-LeaderElection474] INFO  impl.LeaderElection (LeaderElection.java:logAndReturn(56)) - a3132885-145f-4a8c-85f4-c10eb874732d@group-2077DD483DC7-LeaderElection474: Election REJECTED; received 1 response(s) [a3132885-145f-4a8c-85f4-c10eb874732d<-70b633f6-b230-4b9f-87f3-510da88f1e08#0:FAIL-t300] and 1 exception(s); a3132885-145f-4a8c-85f4-c10eb874732d@group-2077DD483DC7:t300, leader=null, voted=a3132885-145f-4a8c-85f4-c10eb874732d, raftlog=a3132885-145f-4a8c-85f4-c10eb874732d@group-2077DD483DC7-SegmentedRaftLog:OPENED:c-1,f-1,i0, conf=-1: [163587bb-2c3b-4498-b576-18147cf38274:192.168.157.203:33208, a3132885-145f-4a8c-85f4-c10eb874732d:192.168.157.203:46766, 70b633f6-b230-4b9f-87f3-510da88f1e08:192.168.157.203:43163], old=null
2019-10-16 11:36:17,136 [a3132885-145f-4a8c-85f4-c10eb874732d@group-2077DD483DC7-LeaderElection474] INFO  impl.LeaderElection (LogUtils.java:infoOrTrace(149)) -   Exception 0: {}
java.util.concurrent.ExecutionException: org.apache.ratis.thirdparty.io.grpc.StatusRuntimeException: UNAVAILABLE: io exception
	at java.util.concurrent.FutureTask.report(FutureTask.java:122)
	at java.util.concurrent.FutureTask.get(FutureTask.java:192)
	at org.apache.ratis.server.impl.LeaderElection.waitForResults(LeaderElection.java:259)
	at org.apache.ratis.server.impl.LeaderElection.askForVotes(LeaderElection.java:197)
	at org.apache.ratis.server.impl.LeaderElection.run(LeaderElection.java:133)
	at java.lang.Thread.run(Thread.java:748)
Caused by: org.apache.ratis.thirdparty.io.grpc.StatusRuntimeException: UNAVAILABLE: io exception
	at org.apache.ratis.thirdparty.io.grpc.stub.ClientCalls.toStatusRuntimeException(ClientCalls.java:233)
	at org.apache.ratis.thirdparty.io.grpc.stub.ClientCalls.getUnchecked(ClientCalls.java:214)
	at org.apache.ratis.thirdparty.io.grpc.stub.ClientCalls.blockingUnaryCall(ClientCalls.java:139)
	at org.apache.ratis.proto.grpc.RaftServerProtocolServiceGrpc$RaftServerProtocolServiceBlockingStub.requestVote(RaftServerProtocolServiceGrpc.java:265)
	at org.apache.ratis.grpc.server.GrpcServerProtocolClient.requestVote(GrpcServerProtocolClient.java:99)
	at org.apache.ratis.grpc.server.GrpcService.requestVote(GrpcService.java:204)
	at org.apache.ratis.server.impl.LeaderElection.lambda$submitRequests$1(LeaderElection.java:234)
	at java.util.concurrent.FutureTask.run(FutureTask.java:266)
	at java.util.concurrent.Executors$RunnableAdapter.call(Executors.java:511)
	at java.util.concurrent.FutureTask.run(FutureTask.java:266)
	at java.util.concurrent.ThreadPoolExecutor.runWorker(ThreadPoolExecutor.java:1149)
	at java.util.concurrent.ThreadPoolExecutor$Worker.run(ThreadPoolExecutor.java:624)
	... 1 more
Caused by: org.apache.ratis.thirdparty.io.netty.channel.AbstractChannel$AnnotatedConnectException: Connection refused: /192.168.157.203:33208
	at sun.nio.ch.SocketChannelImpl.checkConnect(Native Method)
	at sun.nio.ch.SocketChannelImpl.finishConnect(SocketChannelImpl.java:717)
	at org.apache.ratis.thirdparty.io.netty.channel.socket.nio.NioSocketChannel.doFinishConnect(NioSocketChannel.java:327)
	at org.apache.ratis.thirdparty.io.netty.channel.nio.AbstractNioChannel$AbstractNioUnsafe.finishConnect(AbstractNioChannel.java:340)
	at org.apache.ratis.thirdparty.io.netty.channel.nio.NioEventLoop.processSelectedKey(NioEventLoop.java:632)
	at org.apache.ratis.thirdparty.io.netty.channel.nio.NioEventLoop.processSelectedKeysOptimized(NioEventLoop.java:579)
	at org.apache.ratis.thirdparty.io.netty.channel.nio.NioEventLoop.processSelectedKeys(NioEventLoop.java:496)
	at org.apache.ratis.thirdparty.io.netty.channel.nio.NioEventLoop.run(NioEventLoop.java:458)
	at org.apache.ratis.thirdparty.io.netty.util.concurrent.SingleThreadEventExecutor$5.run(SingleThreadEventExecutor.java:897)
	at org.apache.ratis.thirdparty.io.netty.util.concurrent.FastThreadLocalRunnable.run(FastThreadLocalRunnable.java:30)
	... 1 more
Caused by: java.net.ConnectException: Connection refused
	... 11 more
2019-10-16 11:36:17,136 [a3132885-145f-4a8c-85f4-c10eb874732d@group-2077DD483DC7-LeaderElection474] INFO  impl.RaftServerImpl (RaftServerImpl.java:setRole(184)) - a3132885-145f-4a8c-85f4-c10eb874732d@group-2077DD483DC7: changes role from CANDIDATE to FOLLOWER at term 300 for DISCOVERED_A_NEW_TERM
2019-10-16 11:36:17,136 [a3132885-145f-4a8c-85f4-c10eb874732d@group-2077DD483DC7-LeaderElection474] INFO  impl.RoleInfo (RoleInfo.java:shutdownLeaderElection(134)) - a3132885-145f-4a8c-85f4-c10eb874732d: shutdown LeaderElection
2019-10-16 11:36:17,137 [a3132885-145f-4a8c-85f4-c10eb874732d@group-2077DD483DC7-LeaderElection474] INFO  impl.RoleInfo (RoleInfo.java:updateAndGet(143)) - a3132885-145f-4a8c-85f4-c10eb874732d: start FollowerState
2019-10-16 11:36:17,144 [Thread-3556] INFO  impl.FollowerState (FollowerState.java:run(108)) - a3132885-145f-4a8c-85f4-c10eb874732d@group-2077DD483DC7-FollowerState: change to CANDIDATE, lastRpcTime:7ms, electionTimeout:7ms
2019-10-16 11:36:17,144 [Thread-3556] INFO  impl.RoleInfo (RoleInfo.java:shutdownFollowerState(121)) - a3132885-145f-4a8c-85f4-c10eb874732d: shutdown FollowerState
2019-10-16 11:36:17,144 [Thread-3556] INFO  impl.RaftServerImpl (RaftServerImpl.java:setRole(184)) - a3132885-145f-4a8c-85f4-c10eb874732d@group-2077DD483DC7: changes role from  FOLLOWER to CANDIDATE at term 300 for changeToCandidate
2019-10-16 11:36:17,144 [Thread-3556] INFO  impl.RoleInfo (RoleInfo.java:updateAndGet(143)) - a3132885-145f-4a8c-85f4-c10eb874732d: start LeaderElection
2019-10-16 11:36:17,158 [a3132885-145f-4a8c-85f4-c10eb874732d@group-2077DD483DC7-LeaderElection475] INFO  impl.LeaderElection (LeaderElection.java:askForVotes(178)) - a3132885-145f-4a8c-85f4-c10eb874732d@group-2077DD483DC7-LeaderElection475: begin an election at term 301 for -1: [163587bb-2c3b-4498-b576-18147cf38274:192.168.157.203:33208, a3132885-145f-4a8c-85f4-c10eb874732d:192.168.157.203:46766, 70b633f6-b230-4b9f-87f3-510da88f1e08:192.168.157.203:43163], old=null
2019-10-16 11:36:17,158 [a3132885-145f-4a8c-85f4-c10eb874732d@group-2077DD483DC7-LeaderElection475] INFO  impl.LeaderElection (LogUtils.java:infoOrTrace(149)) - a3132885-145f-4a8c-85f4-c10eb874732d@group-2077DD483DC7-LeaderElection475 got exception when requesting votes: {}
java.util.concurrent.ExecutionException: org.apache.ratis.thirdparty.io.grpc.StatusRuntimeException: UNAVAILABLE: io exception
	at java.util.concurrent.FutureTask.report(FutureTask.java:122)
	at java.util.concurrent.FutureTask.get(FutureTask.java:192)
	at org.apache.ratis.server.impl.LeaderElection.waitForResults(LeaderElection.java:259)
	at org.apache.ratis.server.impl.LeaderElection.askForVotes(LeaderElection.java:197)
	at org.apache.ratis.server.impl.LeaderElection.run(LeaderElection.java:133)
	at java.lang.Thread.run(Thread.java:748)
Caused by: org.apache.ratis.thirdparty.io.grpc.StatusRuntimeException: UNAVAILABLE: io exception
	at org.apache.ratis.thirdparty.io.grpc.stub.ClientCalls.toStatusRuntimeException(ClientCalls.java:233)
	at org.apache.ratis.thirdparty.io.grpc.stub.ClientCalls.getUnchecked(ClientCalls.java:214)
	at org.apache.ratis.thirdparty.io.grpc.stub.ClientCalls.blockingUnaryCall(ClientCalls.java:139)
	at org.apache.ratis.proto.grpc.RaftServerProtocolServiceGrpc$RaftServerProtocolServiceBlockingStub.requestVote(RaftServerProtocolServiceGrpc.java:265)
	at org.apache.ratis.grpc.server.GrpcServerProtocolClient.requestVote(GrpcServerProtocolClient.java:99)
	at org.apache.ratis.grpc.server.GrpcService.requestVote(GrpcService.java:204)
	at org.apache.ratis.server.impl.LeaderElection.lambda$submitRequests$1(LeaderElection.java:234)
	at java.util.concurrent.FutureTask.run(FutureTask.java:266)
	at java.util.concurrent.Executors$RunnableAdapter.call(Executors.java:511)
	at java.util.concurrent.FutureTask.run(FutureTask.java:266)
	at java.util.concurrent.ThreadPoolExecutor.runWorker(ThreadPoolExecutor.java:1149)
	at java.util.concurrent.ThreadPoolExecutor$Worker.run(ThreadPoolExecutor.java:624)
	... 1 more
Caused by: org.apache.ratis.thirdparty.io.netty.channel.AbstractChannel$AnnotatedConnectException: Connection refused: /192.168.157.203:33208
	at sun.nio.ch.SocketChannelImpl.checkConnect(Native Method)
	at sun.nio.ch.SocketChannelImpl.finishConnect(SocketChannelImpl.java:717)
	at org.apache.ratis.thirdparty.io.netty.channel.socket.nio.NioSocketChannel.doFinishConnect(NioSocketChannel.java:327)
	at org.apache.ratis.thirdparty.io.netty.channel.nio.AbstractNioChannel$AbstractNioUnsafe.finishConnect(AbstractNioChannel.java:340)
	at org.apache.ratis.thirdparty.io.netty.channel.nio.NioEventLoop.processSelectedKey(NioEventLoop.java:632)
	at org.apache.ratis.thirdparty.io.netty.channel.nio.NioEventLoop.processSelectedKeysOptimized(NioEventLoop.java:579)
	at org.apache.ratis.thirdparty.io.netty.channel.nio.NioEventLoop.processSelectedKeys(NioEventLoop.java:496)
	at org.apache.ratis.thirdparty.io.netty.channel.nio.NioEventLoop.run(NioEventLoop.java:458)
	at org.apache.ratis.thirdparty.io.netty.util.concurrent.SingleThreadEventExecutor$5.run(SingleThreadEventExecutor.java:897)
	at org.apache.ratis.thirdparty.io.netty.util.concurrent.FastThreadLocalRunnable.run(FastThreadLocalRunnable.java:30)
	... 1 more
Caused by: java.net.ConnectException: Connection refused
	... 11 more
2019-10-16 11:36:17,159 [grpc-default-executor-5] INFO  impl.RaftServerImpl (RaftServerImpl.java:setRole(184)) - 70b633f6-b230-4b9f-87f3-510da88f1e08@group-2077DD483DC7: changes role from  FOLLOWER to FOLLOWER at term 301 for recognizeCandidate:a3132885-145f-4a8c-85f4-c10eb874732d
2019-10-16 11:36:17,159 [grpc-default-executor-5] INFO  impl.RoleInfo (RoleInfo.java:shutdownFollowerState(121)) - 70b633f6-b230-4b9f-87f3-510da88f1e08: shutdown FollowerState
2019-10-16 11:36:17,159 [grpc-default-executor-5] INFO  impl.RoleInfo (RoleInfo.java:updateAndGet(143)) - 70b633f6-b230-4b9f-87f3-510da88f1e08: start FollowerState
2019-10-16 11:36:17,160 [Thread-3555] INFO  impl.FollowerState (FollowerState.java:run(117)) - 70b633f6-b230-4b9f-87f3-510da88f1e08@group-2077DD483DC7-FollowerState was interrupted: java.lang.InterruptedException: sleep interrupted
2019-10-16 11:36:17,173 [a3132885-145f-4a8c-85f4-c10eb874732d@group-2077DD483DC7-LeaderElection475] INFO  impl.LeaderElection (LeaderElection.java:logAndReturn(56)) - a3132885-145f-4a8c-85f4-c10eb874732d@group-2077DD483DC7-LeaderElection475: Election REJECTED; received 1 response(s) [a3132885-145f-4a8c-85f4-c10eb874732d<-70b633f6-b230-4b9f-87f3-510da88f1e08#0:FAIL-t301] and 1 exception(s); a3132885-145f-4a8c-85f4-c10eb874732d@group-2077DD483DC7:t301, leader=null, voted=a3132885-145f-4a8c-85f4-c10eb874732d, raftlog=a3132885-145f-4a8c-85f4-c10eb874732d@group-2077DD483DC7-SegmentedRaftLog:OPENED:c-1,f-1,i0, conf=-1: [163587bb-2c3b-4498-b576-18147cf38274:192.168.157.203:33208, a3132885-145f-4a8c-85f4-c10eb874732d:192.168.157.203:46766, 70b633f6-b230-4b9f-87f3-510da88f1e08:192.168.157.203:43163], old=null
2019-10-16 11:36:17,174 [a3132885-145f-4a8c-85f4-c10eb874732d@group-2077DD483DC7-LeaderElection475] INFO  impl.LeaderElection (LogUtils.java:infoOrTrace(149)) -   Exception 0: {}
java.util.concurrent.ExecutionException: org.apache.ratis.thirdparty.io.grpc.StatusRuntimeException: UNAVAILABLE: io exception
	at java.util.concurrent.FutureTask.report(FutureTask.java:122)
	at java.util.concurrent.FutureTask.get(FutureTask.java:192)
	at org.apache.ratis.server.impl.LeaderElection.waitForResults(LeaderElection.java:259)
	at org.apache.ratis.server.impl.LeaderElection.askForVotes(LeaderElection.java:197)
	at org.apache.ratis.server.impl.LeaderElection.run(LeaderElection.java:133)
	at java.lang.Thread.run(Thread.java:748)
Caused by: org.apache.ratis.thirdparty.io.grpc.StatusRuntimeException: UNAVAILABLE: io exception
	at org.apache.ratis.thirdparty.io.grpc.stub.ClientCalls.toStatusRuntimeException(ClientCalls.java:233)
	at org.apache.ratis.thirdparty.io.grpc.stub.ClientCalls.getUnchecked(ClientCalls.java:214)
	at org.apache.ratis.thirdparty.io.grpc.stub.ClientCalls.blockingUnaryCall(ClientCalls.java:139)
	at org.apache.ratis.proto.grpc.RaftServerProtocolServiceGrpc$RaftServerProtocolServiceBlockingStub.requestVote(RaftServerProtocolServiceGrpc.java:265)
	at org.apache.ratis.grpc.server.GrpcServerProtocolClient.requestVote(GrpcServerProtocolClient.java:99)
	at org.apache.ratis.grpc.server.GrpcService.requestVote(GrpcService.java:204)
	at org.apache.ratis.server.impl.LeaderElection.lambda$submitRequests$1(LeaderElection.java:234)
	at java.util.concurrent.FutureTask.run(FutureTask.java:266)
	at java.util.concurrent.Executors$RunnableAdapter.call(Executors.java:511)
	at java.util.concurrent.FutureTask.run(FutureTask.java:266)
	at java.util.concurrent.ThreadPoolExecutor.runWorker(ThreadPoolExecutor.java:1149)
	at java.util.concurrent.ThreadPoolExecutor$Worker.run(ThreadPoolExecutor.java:624)
	... 1 more
Caused by: org.apache.ratis.thirdparty.io.netty.channel.AbstractChannel$AnnotatedConnectException: Connection refused: /192.168.157.203:33208
	at sun.nio.ch.SocketChannelImpl.checkConnect(Native Method)
	at sun.nio.ch.SocketChannelImpl.finishConnect(SocketChannelImpl.java:717)
	at org.apache.ratis.thirdparty.io.netty.channel.socket.nio.NioSocketChannel.doFinishConnect(NioSocketChannel.java:327)
	at org.apache.ratis.thirdparty.io.netty.channel.nio.AbstractNioChannel$AbstractNioUnsafe.finishConnect(AbstractNioChannel.java:340)
	at org.apache.ratis.thirdparty.io.netty.channel.nio.NioEventLoop.processSelectedKey(NioEventLoop.java:632)
	at org.apache.ratis.thirdparty.io.netty.channel.nio.NioEventLoop.processSelectedKeysOptimized(NioEventLoop.java:579)
	at org.apache.ratis.thirdparty.io.netty.channel.nio.NioEventLoop.processSelectedKeys(NioEventLoop.java:496)
	at org.apache.ratis.thirdparty.io.netty.channel.nio.NioEventLoop.run(NioEventLoop.java:458)
	at org.apache.ratis.thirdparty.io.netty.util.concurrent.SingleThreadEventExecutor$5.run(SingleThreadEventExecutor.java:897)
	at org.apache.ratis.thirdparty.io.netty.util.concurrent.FastThreadLocalRunnable.run(FastThreadLocalRunnable.java:30)
	... 1 more
Caused by: java.net.ConnectException: Connection refused
	... 11 more
2019-10-16 11:36:17,174 [a3132885-145f-4a8c-85f4-c10eb874732d@group-2077DD483DC7-LeaderElection475] INFO  impl.RaftServerImpl (RaftServerImpl.java:setRole(184)) - a3132885-145f-4a8c-85f4-c10eb874732d@group-2077DD483DC7: changes role from CANDIDATE to FOLLOWER at term 301 for DISCOVERED_A_NEW_TERM
2019-10-16 11:36:17,174 [a3132885-145f-4a8c-85f4-c10eb874732d@group-2077DD483DC7-LeaderElection475] INFO  impl.RoleInfo (RoleInfo.java:shutdownLeaderElection(134)) - a3132885-145f-4a8c-85f4-c10eb874732d: shutdown LeaderElection
2019-10-16 11:36:17,174 [a3132885-145f-4a8c-85f4-c10eb874732d@group-2077DD483DC7-LeaderElection475] INFO  impl.RoleInfo (RoleInfo.java:updateAndGet(143)) - a3132885-145f-4a8c-85f4-c10eb874732d: start FollowerState
2019-10-16 11:36:17,354 [Thread-3561] INFO  impl.FollowerState (FollowerState.java:run(108)) - a3132885-145f-4a8c-85f4-c10eb874732d@group-2077DD483DC7-FollowerState: change to CANDIDATE, lastRpcTime:179ms, electionTimeout:179ms
2019-10-16 11:36:17,354 [Thread-3561] INFO  impl.RoleInfo (RoleInfo.java:shutdownFollowerState(121)) - a3132885-145f-4a8c-85f4-c10eb874732d: shutdown FollowerState
2019-10-16 11:36:17,354 [Thread-3561] INFO  impl.RaftServerImpl (RaftServerImpl.java:setRole(184)) - a3132885-145f-4a8c-85f4-c10eb874732d@group-2077DD483DC7: changes role from  FOLLOWER to CANDIDATE at term 301 for changeToCandidate
2019-10-16 11:36:17,355 [Thread-3561] INFO  impl.RoleInfo (RoleInfo.java:updateAndGet(143)) - a3132885-145f-4a8c-85f4-c10eb874732d: start LeaderElection
2019-10-16 11:36:17,370 [a3132885-145f-4a8c-85f4-c10eb874732d@group-2077DD483DC7-LeaderElection476] INFO  impl.LeaderElection (LeaderElection.java:askForVotes(178)) - a3132885-145f-4a8c-85f4-c10eb874732d@group-2077DD483DC7-LeaderElection476: begin an election at term 302 for -1: [163587bb-2c3b-4498-b576-18147cf38274:192.168.157.203:33208, a3132885-145f-4a8c-85f4-c10eb874732d:192.168.157.203:46766, 70b633f6-b230-4b9f-87f3-510da88f1e08:192.168.157.203:43163], old=null
2019-10-16 11:36:17,372 [a3132885-145f-4a8c-85f4-c10eb874732d@group-2077DD483DC7-LeaderElection476] INFO  impl.LeaderElection (LogUtils.java:infoOrTrace(149)) - a3132885-145f-4a8c-85f4-c10eb874732d@group-2077DD483DC7-LeaderElection476 got exception when requesting votes: {}
java.util.concurrent.ExecutionException: org.apache.ratis.thirdparty.io.grpc.StatusRuntimeException: UNAVAILABLE: io exception
	at java.util.concurrent.FutureTask.report(FutureTask.java:122)
	at java.util.concurrent.FutureTask.get(FutureTask.java:192)
	at org.apache.ratis.server.impl.LeaderElection.waitForResults(LeaderElection.java:259)
	at org.apache.ratis.server.impl.LeaderElection.askForVotes(LeaderElection.java:197)
	at org.apache.ratis.server.impl.LeaderElection.run(LeaderElection.java:133)
	at java.lang.Thread.run(Thread.java:748)
Caused by: org.apache.ratis.thirdparty.io.grpc.StatusRuntimeException: UNAVAILABLE: io exception
	at org.apache.ratis.thirdparty.io.grpc.stub.ClientCalls.toStatusRuntimeException(ClientCalls.java:233)
	at org.apache.ratis.thirdparty.io.grpc.stub.ClientCalls.getUnchecked(ClientCalls.java:214)
	at org.apache.ratis.thirdparty.io.grpc.stub.ClientCalls.blockingUnaryCall(ClientCalls.java:139)
	at org.apache.ratis.proto.grpc.RaftServerProtocolServiceGrpc$RaftServerProtocolServiceBlockingStub.requestVote(RaftServerProtocolServiceGrpc.java:265)
	at org.apache.ratis.grpc.server.GrpcServerProtocolClient.requestVote(GrpcServerProtocolClient.java:99)
	at org.apache.ratis.grpc.server.GrpcService.requestVote(GrpcService.java:204)
	at org.apache.ratis.server.impl.LeaderElection.lambda$submitRequests$1(LeaderElection.java:234)
	at java.util.concurrent.FutureTask.run(FutureTask.java:266)
	at java.util.concurrent.Executors$RunnableAdapter.call(Executors.java:511)
	at java.util.concurrent.FutureTask.run(FutureTask.java:266)
	at java.util.concurrent.ThreadPoolExecutor.runWorker(ThreadPoolExecutor.java:1149)
	at java.util.concurrent.ThreadPoolExecutor$Worker.run(ThreadPoolExecutor.java:624)
	... 1 more
Caused by: org.apache.ratis.thirdparty.io.netty.channel.AbstractChannel$AnnotatedConnectException: Connection refused: /192.168.157.203:33208
	at sun.nio.ch.SocketChannelImpl.checkConnect(Native Method)
	at sun.nio.ch.SocketChannelImpl.finishConnect(SocketChannelImpl.java:717)
	at org.apache.ratis.thirdparty.io.netty.channel.socket.nio.NioSocketChannel.doFinishConnect(NioSocketChannel.java:327)
	at org.apache.ratis.thirdparty.io.netty.channel.nio.AbstractNioChannel$AbstractNioUnsafe.finishConnect(AbstractNioChannel.java:340)
	at org.apache.ratis.thirdparty.io.netty.channel.nio.NioEventLoop.processSelectedKey(NioEventLoop.java:632)
	at org.apache.ratis.thirdparty.io.netty.channel.nio.NioEventLoop.processSelectedKeysOptimized(NioEventLoop.java:579)
	at org.apache.ratis.thirdparty.io.netty.channel.nio.NioEventLoop.processSelectedKeys(NioEventLoop.java:496)
	at org.apache.ratis.thirdparty.io.netty.channel.nio.NioEventLoop.run(NioEventLoop.java:458)
	at org.apache.ratis.thirdparty.io.netty.util.concurrent.SingleThreadEventExecutor$5.run(SingleThreadEventExecutor.java:897)
	at org.apache.ratis.thirdparty.io.netty.util.concurrent.FastThreadLocalRunnable.run(FastThreadLocalRunnable.java:30)
	... 1 more
Caused by: java.net.ConnectException: Connection refused
	... 11 more
2019-10-16 11:36:17,375 [grpc-default-executor-5] INFO  impl.RaftServerImpl (RaftServerImpl.java:setRole(184)) - 70b633f6-b230-4b9f-87f3-510da88f1e08@group-2077DD483DC7: changes role from  FOLLOWER to FOLLOWER at term 302 for recognizeCandidate:a3132885-145f-4a8c-85f4-c10eb874732d
2019-10-16 11:36:17,375 [grpc-default-executor-5] INFO  impl.RoleInfo (RoleInfo.java:shutdownFollowerState(121)) - 70b633f6-b230-4b9f-87f3-510da88f1e08: shutdown FollowerState
2019-10-16 11:36:17,375 [grpc-default-executor-5] INFO  impl.RoleInfo (RoleInfo.java:updateAndGet(143)) - 70b633f6-b230-4b9f-87f3-510da88f1e08: start FollowerState
2019-10-16 11:36:17,376 [Thread-3560] INFO  impl.FollowerState (FollowerState.java:run(117)) - 70b633f6-b230-4b9f-87f3-510da88f1e08@group-2077DD483DC7-FollowerState was interrupted: java.lang.InterruptedException: sleep interrupted
2019-10-16 11:36:17,390 [a3132885-145f-4a8c-85f4-c10eb874732d@group-2077DD483DC7-LeaderElection476] INFO  impl.LeaderElection (LeaderElection.java:logAndReturn(56)) - a3132885-145f-4a8c-85f4-c10eb874732d@group-2077DD483DC7-LeaderElection476: Election REJECTED; received 1 response(s) [a3132885-145f-4a8c-85f4-c10eb874732d<-70b633f6-b230-4b9f-87f3-510da88f1e08#0:FAIL-t302] and 1 exception(s); a3132885-145f-4a8c-85f4-c10eb874732d@group-2077DD483DC7:t302, leader=null, voted=a3132885-145f-4a8c-85f4-c10eb874732d, raftlog=a3132885-145f-4a8c-85f4-c10eb874732d@group-2077DD483DC7-SegmentedRaftLog:OPENED:c-1,f-1,i0, conf=-1: [163587bb-2c3b-4498-b576-18147cf38274:192.168.157.203:33208, a3132885-145f-4a8c-85f4-c10eb874732d:192.168.157.203:46766, 70b633f6-b230-4b9f-87f3-510da88f1e08:192.168.157.203:43163], old=null
2019-10-16 11:36:17,391 [a3132885-145f-4a8c-85f4-c10eb874732d@group-2077DD483DC7-LeaderElection476] INFO  impl.LeaderElection (LogUtils.java:infoOrTrace(149)) -   Exception 0: {}
java.util.concurrent.ExecutionException: org.apache.ratis.thirdparty.io.grpc.StatusRuntimeException: UNAVAILABLE: io exception
	at java.util.concurrent.FutureTask.report(FutureTask.java:122)
	at java.util.concurrent.FutureTask.get(FutureTask.java:192)
	at org.apache.ratis.server.impl.LeaderElection.waitForResults(LeaderElection.java:259)
	at org.apache.ratis.server.impl.LeaderElection.askForVotes(LeaderElection.java:197)
	at org.apache.ratis.server.impl.LeaderElection.run(LeaderElection.java:133)
	at java.lang.Thread.run(Thread.java:748)
Caused by: org.apache.ratis.thirdparty.io.grpc.StatusRuntimeException: UNAVAILABLE: io exception
	at org.apache.ratis.thirdparty.io.grpc.stub.ClientCalls.toStatusRuntimeException(ClientCalls.java:233)
	at org.apache.ratis.thirdparty.io.grpc.stub.ClientCalls.getUnchecked(ClientCalls.java:214)
	at org.apache.ratis.thirdparty.io.grpc.stub.ClientCalls.blockingUnaryCall(ClientCalls.java:139)
	at org.apache.ratis.proto.grpc.RaftServerProtocolServiceGrpc$RaftServerProtocolServiceBlockingStub.requestVote(RaftServerProtocolServiceGrpc.java:265)
	at org.apache.ratis.grpc.server.GrpcServerProtocolClient.requestVote(GrpcServerProtocolClient.java:99)
	at org.apache.ratis.grpc.server.GrpcService.requestVote(GrpcService.java:204)
	at org.apache.ratis.server.impl.LeaderElection.lambda$submitRequests$1(LeaderElection.java:234)
	at java.util.concurrent.FutureTask.run(FutureTask.java:266)
	at java.util.concurrent.Executors$RunnableAdapter.call(Executors.java:511)
	at java.util.concurrent.FutureTask.run(FutureTask.java:266)
	at java.util.concurrent.ThreadPoolExecutor.runWorker(ThreadPoolExecutor.java:1149)
	at java.util.concurrent.ThreadPoolExecutor$Worker.run(ThreadPoolExecutor.java:624)
	... 1 more
Caused by: org.apache.ratis.thirdparty.io.netty.channel.AbstractChannel$AnnotatedConnectException: Connection refused: /192.168.157.203:33208
	at sun.nio.ch.SocketChannelImpl.checkConnect(Native Method)
	at sun.nio.ch.SocketChannelImpl.finishConnect(SocketChannelImpl.java:717)
	at org.apache.ratis.thirdparty.io.netty.channel.socket.nio.NioSocketChannel.doFinishConnect(NioSocketChannel.java:327)
	at org.apache.ratis.thirdparty.io.netty.channel.nio.AbstractNioChannel$AbstractNioUnsafe.finishConnect(AbstractNioChannel.java:340)
	at org.apache.ratis.thirdparty.io.netty.channel.nio.NioEventLoop.processSelectedKey(NioEventLoop.java:632)
	at org.apache.ratis.thirdparty.io.netty.channel.nio.NioEventLoop.processSelectedKeysOptimized(NioEventLoop.java:579)
	at org.apache.ratis.thirdparty.io.netty.channel.nio.NioEventLoop.processSelectedKeys(NioEventLoop.java:496)
	at org.apache.ratis.thirdparty.io.netty.channel.nio.NioEventLoop.run(NioEventLoop.java:458)
	at org.apache.ratis.thirdparty.io.netty.util.concurrent.SingleThreadEventExecutor$5.run(SingleThreadEventExecutor.java:897)
	at org.apache.ratis.thirdparty.io.netty.util.concurrent.FastThreadLocalRunnable.run(FastThreadLocalRunnable.java:30)
	... 1 more
Caused by: java.net.ConnectException: Connection refused
	... 11 more
2019-10-16 11:36:17,391 [a3132885-145f-4a8c-85f4-c10eb874732d@group-2077DD483DC7-LeaderElection476] INFO  impl.RaftServerImpl (RaftServerImpl.java:setRole(184)) - a3132885-145f-4a8c-85f4-c10eb874732d@group-2077DD483DC7: changes role from CANDIDATE to FOLLOWER at term 302 for DISCOVERED_A_NEW_TERM
2019-10-16 11:36:17,391 [a3132885-145f-4a8c-85f4-c10eb874732d@group-2077DD483DC7-LeaderElection476] INFO  impl.RoleInfo (RoleInfo.java:shutdownLeaderElection(134)) - a3132885-145f-4a8c-85f4-c10eb874732d: shutdown LeaderElection
2019-10-16 11:36:17,391 [a3132885-145f-4a8c-85f4-c10eb874732d@group-2077DD483DC7-LeaderElection476] INFO  impl.RoleInfo (RoleInfo.java:updateAndGet(143)) - a3132885-145f-4a8c-85f4-c10eb874732d: start FollowerState
2019-10-16 11:36:17,493 [java.util.concurrent.ThreadPoolExecutor$Worker@1a001f89[State = -1, empty queue]] WARN  server.GrpcLogAppender (GrpcLogAppender.java:timeoutAppendRequest(209)) - 5c445d34-c031-481c-9d4b-8fbace1f61b8@group-8BBDE5791A04->857fec05-692a-4d09-bf1c-7d167682feae-GrpcLogAppender: appendEntries Timeout, request=5c445d34-c031-481c-9d4b-8fbace1f61b8->857fec05-692a-4d09-bf1c-7d167682feae#90-t6, previous=(t:6, i:21), leaderCommit=21, initializing? false, entries: <empty>
2019-10-16 11:36:17,534 [Thread-3566] INFO  impl.FollowerState (FollowerState.java:run(108)) - a3132885-145f-4a8c-85f4-c10eb874732d@group-2077DD483DC7-FollowerState: change to CANDIDATE, lastRpcTime:142ms, electionTimeout:142ms
2019-10-16 11:36:17,534 [Thread-3566] INFO  impl.RoleInfo (RoleInfo.java:shutdownFollowerState(121)) - a3132885-145f-4a8c-85f4-c10eb874732d: shutdown FollowerState
2019-10-16 11:36:17,534 [Thread-3566] INFO  impl.RaftServerImpl (RaftServerImpl.java:setRole(184)) - a3132885-145f-4a8c-85f4-c10eb874732d@group-2077DD483DC7: changes role from  FOLLOWER to CANDIDATE at term 302 for changeToCandidate
2019-10-16 11:36:17,537 [Thread-3566] INFO  impl.RoleInfo (RoleInfo.java:updateAndGet(143)) - a3132885-145f-4a8c-85f4-c10eb874732d: start LeaderElection
2019-10-16 11:36:17,552 [a3132885-145f-4a8c-85f4-c10eb874732d@group-2077DD483DC7-LeaderElection477] INFO  impl.LeaderElection (LeaderElection.java:askForVotes(178)) - a3132885-145f-4a8c-85f4-c10eb874732d@group-2077DD483DC7-LeaderElection477: begin an election at term 303 for -1: [163587bb-2c3b-4498-b576-18147cf38274:192.168.157.203:33208, a3132885-145f-4a8c-85f4-c10eb874732d:192.168.157.203:46766, 70b633f6-b230-4b9f-87f3-510da88f1e08:192.168.157.203:43163], old=null
2019-10-16 11:36:17,553 [a3132885-145f-4a8c-85f4-c10eb874732d@group-2077DD483DC7-LeaderElection477] INFO  impl.LeaderElection (LogUtils.java:infoOrTrace(149)) - a3132885-145f-4a8c-85f4-c10eb874732d@group-2077DD483DC7-LeaderElection477 got exception when requesting votes: {}
java.util.concurrent.ExecutionException: org.apache.ratis.thirdparty.io.grpc.StatusRuntimeException: UNAVAILABLE: io exception
	at java.util.concurrent.FutureTask.report(FutureTask.java:122)
	at java.util.concurrent.FutureTask.get(FutureTask.java:192)
	at org.apache.ratis.server.impl.LeaderElection.waitForResults(LeaderElection.java:259)
	at org.apache.ratis.server.impl.LeaderElection.askForVotes(LeaderElection.java:197)
	at org.apache.ratis.server.impl.LeaderElection.run(LeaderElection.java:133)
	at java.lang.Thread.run(Thread.java:748)
Caused by: org.apache.ratis.thirdparty.io.grpc.StatusRuntimeException: UNAVAILABLE: io exception
	at org.apache.ratis.thirdparty.io.grpc.stub.ClientCalls.toStatusRuntimeException(ClientCalls.java:233)
	at org.apache.ratis.thirdparty.io.grpc.stub.ClientCalls.getUnchecked(ClientCalls.java:214)
	at org.apache.ratis.thirdparty.io.grpc.stub.ClientCalls.blockingUnaryCall(ClientCalls.java:139)
	at org.apache.ratis.proto.grpc.RaftServerProtocolServiceGrpc$RaftServerProtocolServiceBlockingStub.requestVote(RaftServerProtocolServiceGrpc.java:265)
	at org.apache.ratis.grpc.server.GrpcServerProtocolClient.requestVote(GrpcServerProtocolClient.java:99)
	at org.apache.ratis.grpc.server.GrpcService.requestVote(GrpcService.java:204)
	at org.apache.ratis.server.impl.LeaderElection.lambda$submitRequests$1(LeaderElection.java:234)
	at java.util.concurrent.FutureTask.run(FutureTask.java:266)
	at java.util.concurrent.Executors$RunnableAdapter.call(Executors.java:511)
	at java.util.concurrent.FutureTask.run(FutureTask.java:266)
	at java.util.concurrent.ThreadPoolExecutor.runWorker(ThreadPoolExecutor.java:1149)
	at java.util.concurrent.ThreadPoolExecutor$Worker.run(ThreadPoolExecutor.java:624)
	... 1 more
Caused by: org.apache.ratis.thirdparty.io.netty.channel.AbstractChannel$AnnotatedConnectException: Connection refused: /192.168.157.203:33208
	at sun.nio.ch.SocketChannelImpl.checkConnect(Native Method)
	at sun.nio.ch.SocketChannelImpl.finishConnect(SocketChannelImpl.java:717)
	at org.apache.ratis.thirdparty.io.netty.channel.socket.nio.NioSocketChannel.doFinishConnect(NioSocketChannel.java:327)
	at org.apache.ratis.thirdparty.io.netty.channel.nio.AbstractNioChannel$AbstractNioUnsafe.finishConnect(AbstractNioChannel.java:340)
	at org.apache.ratis.thirdparty.io.netty.channel.nio.NioEventLoop.processSelectedKey(NioEventLoop.java:632)
	at org.apache.ratis.thirdparty.io.netty.channel.nio.NioEventLoop.processSelectedKeysOptimized(NioEventLoop.java:579)
	at org.apache.ratis.thirdparty.io.netty.channel.nio.NioEventLoop.processSelectedKeys(NioEventLoop.java:496)
	at org.apache.ratis.thirdparty.io.netty.channel.nio.NioEventLoop.run(NioEventLoop.java:458)
	at org.apache.ratis.thirdparty.io.netty.util.concurrent.SingleThreadEventExecutor$5.run(SingleThreadEventExecutor.java:897)
	at org.apache.ratis.thirdparty.io.netty.util.concurrent.FastThreadLocalRunnable.run(FastThreadLocalRunnable.java:30)
	... 1 more
Caused by: java.net.ConnectException: Connection refused
	... 11 more
2019-10-16 11:36:17,554 [grpc-default-executor-5] INFO  impl.RaftServerImpl (RaftServerImpl.java:setRole(184)) - 70b633f6-b230-4b9f-87f3-510da88f1e08@group-2077DD483DC7: changes role from  FOLLOWER to FOLLOWER at term 303 for recognizeCandidate:a3132885-145f-4a8c-85f4-c10eb874732d
2019-10-16 11:36:17,554 [grpc-default-executor-5] INFO  impl.RoleInfo (RoleInfo.java:shutdownFollowerState(121)) - 70b633f6-b230-4b9f-87f3-510da88f1e08: shutdown FollowerState
2019-10-16 11:36:17,554 [grpc-default-executor-5] INFO  impl.RoleInfo (RoleInfo.java:updateAndGet(143)) - 70b633f6-b230-4b9f-87f3-510da88f1e08: start FollowerState
2019-10-16 11:36:17,554 [Thread-3565] INFO  impl.FollowerState (FollowerState.java:run(117)) - 70b633f6-b230-4b9f-87f3-510da88f1e08@group-2077DD483DC7-FollowerState was interrupted: java.lang.InterruptedException: sleep interrupted
2019-10-16 11:36:17,568 [a3132885-145f-4a8c-85f4-c10eb874732d@group-2077DD483DC7-LeaderElection477] INFO  impl.LeaderElection (LeaderElection.java:logAndReturn(56)) - a3132885-145f-4a8c-85f4-c10eb874732d@group-2077DD483DC7-LeaderElection477: Election REJECTED; received 1 response(s) [a3132885-145f-4a8c-85f4-c10eb874732d<-70b633f6-b230-4b9f-87f3-510da88f1e08#0:FAIL-t303] and 1 exception(s); a3132885-145f-4a8c-85f4-c10eb874732d@group-2077DD483DC7:t303, leader=null, voted=a3132885-145f-4a8c-85f4-c10eb874732d, raftlog=a3132885-145f-4a8c-85f4-c10eb874732d@group-2077DD483DC7-SegmentedRaftLog:OPENED:c-1,f-1,i0, conf=-1: [163587bb-2c3b-4498-b576-18147cf38274:192.168.157.203:33208, a3132885-145f-4a8c-85f4-c10eb874732d:192.168.157.203:46766, 70b633f6-b230-4b9f-87f3-510da88f1e08:192.168.157.203:43163], old=null
2019-10-16 11:36:17,568 [a3132885-145f-4a8c-85f4-c10eb874732d@group-2077DD483DC7-LeaderElection477] INFO  impl.LeaderElection (LogUtils.java:infoOrTrace(149)) -   Exception 0: {}
java.util.concurrent.ExecutionException: org.apache.ratis.thirdparty.io.grpc.StatusRuntimeException: UNAVAILABLE: io exception
	at java.util.concurrent.FutureTask.report(FutureTask.java:122)
	at java.util.concurrent.FutureTask.get(FutureTask.java:192)
	at org.apache.ratis.server.impl.LeaderElection.waitForResults(LeaderElection.java:259)
	at org.apache.ratis.server.impl.LeaderElection.askForVotes(LeaderElection.java:197)
	at org.apache.ratis.server.impl.LeaderElection.run(LeaderElection.java:133)
	at java.lang.Thread.run(Thread.java:748)
Caused by: org.apache.ratis.thirdparty.io.grpc.StatusRuntimeException: UNAVAILABLE: io exception
	at org.apache.ratis.thirdparty.io.grpc.stub.ClientCalls.toStatusRuntimeException(ClientCalls.java:233)
	at org.apache.ratis.thirdparty.io.grpc.stub.ClientCalls.getUnchecked(ClientCalls.java:214)
	at org.apache.ratis.thirdparty.io.grpc.stub.ClientCalls.blockingUnaryCall(ClientCalls.java:139)
	at org.apache.ratis.proto.grpc.RaftServerProtocolServiceGrpc$RaftServerProtocolServiceBlockingStub.requestVote(RaftServerProtocolServiceGrpc.java:265)
	at org.apache.ratis.grpc.server.GrpcServerProtocolClient.requestVote(GrpcServerProtocolClient.java:99)
	at org.apache.ratis.grpc.server.GrpcService.requestVote(GrpcService.java:204)
	at org.apache.ratis.server.impl.LeaderElection.lambda$submitRequests$1(LeaderElection.java:234)
	at java.util.concurrent.FutureTask.run(FutureTask.java:266)
	at java.util.concurrent.Executors$RunnableAdapter.call(Executors.java:511)
	at java.util.concurrent.FutureTask.run(FutureTask.java:266)
	at java.util.concurrent.ThreadPoolExecutor.runWorker(ThreadPoolExecutor.java:1149)
	at java.util.concurrent.ThreadPoolExecutor$Worker.run(ThreadPoolExecutor.java:624)
	... 1 more
Caused by: org.apache.ratis.thirdparty.io.netty.channel.AbstractChannel$AnnotatedConnectException: Connection refused: /192.168.157.203:33208
	at sun.nio.ch.SocketChannelImpl.checkConnect(Native Method)
	at sun.nio.ch.SocketChannelImpl.finishConnect(SocketChannelImpl.java:717)
	at org.apache.ratis.thirdparty.io.netty.channel.socket.nio.NioSocketChannel.doFinishConnect(NioSocketChannel.java:327)
	at org.apache.ratis.thirdparty.io.netty.channel.nio.AbstractNioChannel$AbstractNioUnsafe.finishConnect(AbstractNioChannel.java:340)
	at org.apache.ratis.thirdparty.io.netty.channel.nio.NioEventLoop.processSelectedKey(NioEventLoop.java:632)
	at org.apache.ratis.thirdparty.io.netty.channel.nio.NioEventLoop.processSelectedKeysOptimized(NioEventLoop.java:579)
	at org.apache.ratis.thirdparty.io.netty.channel.nio.NioEventLoop.processSelectedKeys(NioEventLoop.java:496)
	at org.apache.ratis.thirdparty.io.netty.channel.nio.NioEventLoop.run(NioEventLoop.java:458)
	at org.apache.ratis.thirdparty.io.netty.util.concurrent.SingleThreadEventExecutor$5.run(SingleThreadEventExecutor.java:897)
	at org.apache.ratis.thirdparty.io.netty.util.concurrent.FastThreadLocalRunnable.run(FastThreadLocalRunnable.java:30)
	... 1 more
Caused by: java.net.ConnectException: Connection refused
	... 11 more
2019-10-16 11:36:17,568 [a3132885-145f-4a8c-85f4-c10eb874732d@group-2077DD483DC7-LeaderElection477] INFO  impl.RaftServerImpl (RaftServerImpl.java:setRole(184)) - a3132885-145f-4a8c-85f4-c10eb874732d@group-2077DD483DC7: changes role from CANDIDATE to FOLLOWER at term 303 for DISCOVERED_A_NEW_TERM
2019-10-16 11:36:17,568 [a3132885-145f-4a8c-85f4-c10eb874732d@group-2077DD483DC7-LeaderElection477] INFO  impl.RoleInfo (RoleInfo.java:shutdownLeaderElection(134)) - a3132885-145f-4a8c-85f4-c10eb874732d: shutdown LeaderElection
2019-10-16 11:36:17,569 [a3132885-145f-4a8c-85f4-c10eb874732d@group-2077DD483DC7-LeaderElection477] INFO  impl.RoleInfo (RoleInfo.java:updateAndGet(143)) - a3132885-145f-4a8c-85f4-c10eb874732d: start FollowerState
2019-10-16 11:36:17,644 [Thread-3572] INFO  impl.FollowerState (FollowerState.java:run(108)) - a3132885-145f-4a8c-85f4-c10eb874732d@group-2077DD483DC7-FollowerState: change to CANDIDATE, lastRpcTime:75ms, electionTimeout:75ms
2019-10-16 11:36:17,644 [Thread-3572] INFO  impl.RoleInfo (RoleInfo.java:shutdownFollowerState(121)) - a3132885-145f-4a8c-85f4-c10eb874732d: shutdown FollowerState
2019-10-16 11:36:17,644 [Thread-3572] INFO  impl.RaftServerImpl (RaftServerImpl.java:setRole(184)) - a3132885-145f-4a8c-85f4-c10eb874732d@group-2077DD483DC7: changes role from  FOLLOWER to CANDIDATE at term 303 for changeToCandidate
2019-10-16 11:36:17,644 [Thread-3572] INFO  impl.RoleInfo (RoleInfo.java:updateAndGet(143)) - a3132885-145f-4a8c-85f4-c10eb874732d: start LeaderElection
2019-10-16 11:36:17,658 [a3132885-145f-4a8c-85f4-c10eb874732d@group-2077DD483DC7-LeaderElection478] INFO  impl.LeaderElection (LeaderElection.java:askForVotes(178)) - a3132885-145f-4a8c-85f4-c10eb874732d@group-2077DD483DC7-LeaderElection478: begin an election at term 304 for -1: [163587bb-2c3b-4498-b576-18147cf38274:192.168.157.203:33208, a3132885-145f-4a8c-85f4-c10eb874732d:192.168.157.203:46766, 70b633f6-b230-4b9f-87f3-510da88f1e08:192.168.157.203:43163], old=null
2019-10-16 11:36:17,659 [a3132885-145f-4a8c-85f4-c10eb874732d@group-2077DD483DC7-LeaderElection478] INFO  impl.LeaderElection (LogUtils.java:infoOrTrace(149)) - a3132885-145f-4a8c-85f4-c10eb874732d@group-2077DD483DC7-LeaderElection478 got exception when requesting votes: {}
java.util.concurrent.ExecutionException: org.apache.ratis.thirdparty.io.grpc.StatusRuntimeException: UNAVAILABLE: io exception
	at java.util.concurrent.FutureTask.report(FutureTask.java:122)
	at java.util.concurrent.FutureTask.get(FutureTask.java:192)
	at org.apache.ratis.server.impl.LeaderElection.waitForResults(LeaderElection.java:259)
	at org.apache.ratis.server.impl.LeaderElection.askForVotes(LeaderElection.java:197)
	at org.apache.ratis.server.impl.LeaderElection.run(LeaderElection.java:133)
	at java.lang.Thread.run(Thread.java:748)
Caused by: org.apache.ratis.thirdparty.io.grpc.StatusRuntimeException: UNAVAILABLE: io exception
	at org.apache.ratis.thirdparty.io.grpc.stub.ClientCalls.toStatusRuntimeException(ClientCalls.java:233)
	at org.apache.ratis.thirdparty.io.grpc.stub.ClientCalls.getUnchecked(ClientCalls.java:214)
	at org.apache.ratis.thirdparty.io.grpc.stub.ClientCalls.blockingUnaryCall(ClientCalls.java:139)
	at org.apache.ratis.proto.grpc.RaftServerProtocolServiceGrpc$RaftServerProtocolServiceBlockingStub.requestVote(RaftServerProtocolServiceGrpc.java:265)
	at org.apache.ratis.grpc.server.GrpcServerProtocolClient.requestVote(GrpcServerProtocolClient.java:99)
	at org.apache.ratis.grpc.server.GrpcService.requestVote(GrpcService.java:204)
	at org.apache.ratis.server.impl.LeaderElection.lambda$submitRequests$1(LeaderElection.java:234)
	at java.util.concurrent.FutureTask.run(FutureTask.java:266)
	at java.util.concurrent.Executors$RunnableAdapter.call(Executors.java:511)
	at java.util.concurrent.FutureTask.run(FutureTask.java:266)
	at java.util.concurrent.ThreadPoolExecutor.runWorker(ThreadPoolExecutor.java:1149)
	at java.util.concurrent.ThreadPoolExecutor$Worker.run(ThreadPoolExecutor.java:624)
	... 1 more
Caused by: org.apache.ratis.thirdparty.io.netty.channel.AbstractChannel$AnnotatedConnectException: Connection refused: /192.168.157.203:33208
	at sun.nio.ch.SocketChannelImpl.checkConnect(Native Method)
	at sun.nio.ch.SocketChannelImpl.finishConnect(SocketChannelImpl.java:717)
	at org.apache.ratis.thirdparty.io.netty.channel.socket.nio.NioSocketChannel.doFinishConnect(NioSocketChannel.java:327)
	at org.apache.ratis.thirdparty.io.netty.channel.nio.AbstractNioChannel$AbstractNioUnsafe.finishConnect(AbstractNioChannel.java:340)
	at org.apache.ratis.thirdparty.io.netty.channel.nio.NioEventLoop.processSelectedKey(NioEventLoop.java:632)
	at org.apache.ratis.thirdparty.io.netty.channel.nio.NioEventLoop.processSelectedKeysOptimized(NioEventLoop.java:579)
	at org.apache.ratis.thirdparty.io.netty.channel.nio.NioEventLoop.processSelectedKeys(NioEventLoop.java:496)
	at org.apache.ratis.thirdparty.io.netty.channel.nio.NioEventLoop.run(NioEventLoop.java:458)
	at org.apache.ratis.thirdparty.io.netty.util.concurrent.SingleThreadEventExecutor$5.run(SingleThreadEventExecutor.java:897)
	at org.apache.ratis.thirdparty.io.netty.util.concurrent.FastThreadLocalRunnable.run(FastThreadLocalRunnable.java:30)
	... 1 more
Caused by: java.net.ConnectException: Connection refused
	... 11 more
2019-10-16 11:36:17,660 [grpc-default-executor-5] INFO  impl.RaftServerImpl (RaftServerImpl.java:setRole(184)) - 70b633f6-b230-4b9f-87f3-510da88f1e08@group-2077DD483DC7: changes role from  FOLLOWER to FOLLOWER at term 304 for recognizeCandidate:a3132885-145f-4a8c-85f4-c10eb874732d
2019-10-16 11:36:17,660 [grpc-default-executor-5] INFO  impl.RoleInfo (RoleInfo.java:shutdownFollowerState(121)) - 70b633f6-b230-4b9f-87f3-510da88f1e08: shutdown FollowerState
2019-10-16 11:36:17,660 [grpc-default-executor-5] INFO  impl.RoleInfo (RoleInfo.java:updateAndGet(143)) - 70b633f6-b230-4b9f-87f3-510da88f1e08: start FollowerState
2019-10-16 11:36:17,660 [Thread-3571] INFO  impl.FollowerState (FollowerState.java:run(117)) - 70b633f6-b230-4b9f-87f3-510da88f1e08@group-2077DD483DC7-FollowerState was interrupted: java.lang.InterruptedException: sleep interrupted
2019-10-16 11:36:17,675 [a3132885-145f-4a8c-85f4-c10eb874732d@group-2077DD483DC7-LeaderElection478] INFO  impl.LeaderElection (LeaderElection.java:logAndReturn(56)) - a3132885-145f-4a8c-85f4-c10eb874732d@group-2077DD483DC7-LeaderElection478: Election REJECTED; received 1 response(s) [a3132885-145f-4a8c-85f4-c10eb874732d<-70b633f6-b230-4b9f-87f3-510da88f1e08#0:FAIL-t304] and 1 exception(s); a3132885-145f-4a8c-85f4-c10eb874732d@group-2077DD483DC7:t304, leader=null, voted=a3132885-145f-4a8c-85f4-c10eb874732d, raftlog=a3132885-145f-4a8c-85f4-c10eb874732d@group-2077DD483DC7-SegmentedRaftLog:OPENED:c-1,f-1,i0, conf=-1: [163587bb-2c3b-4498-b576-18147cf38274:192.168.157.203:33208, a3132885-145f-4a8c-85f4-c10eb874732d:192.168.157.203:46766, 70b633f6-b230-4b9f-87f3-510da88f1e08:192.168.157.203:43163], old=null
2019-10-16 11:36:17,675 [a3132885-145f-4a8c-85f4-c10eb874732d@group-2077DD483DC7-LeaderElection478] INFO  impl.LeaderElection (LogUtils.java:infoOrTrace(149)) -   Exception 0: {}
java.util.concurrent.ExecutionException: org.apache.ratis.thirdparty.io.grpc.StatusRuntimeException: UNAVAILABLE: io exception
	at java.util.concurrent.FutureTask.report(FutureTask.java:122)
	at java.util.concurrent.FutureTask.get(FutureTask.java:192)
	at org.apache.ratis.server.impl.LeaderElection.waitForResults(LeaderElection.java:259)
	at org.apache.ratis.server.impl.LeaderElection.askForVotes(LeaderElection.java:197)
	at org.apache.ratis.server.impl.LeaderElection.run(LeaderElection.java:133)
	at java.lang.Thread.run(Thread.java:748)
Caused by: org.apache.ratis.thirdparty.io.grpc.StatusRuntimeException: UNAVAILABLE: io exception
	at org.apache.ratis.thirdparty.io.grpc.stub.ClientCalls.toStatusRuntimeException(ClientCalls.java:233)
	at org.apache.ratis.thirdparty.io.grpc.stub.ClientCalls.getUnchecked(ClientCalls.java:214)
	at org.apache.ratis.thirdparty.io.grpc.stub.ClientCalls.blockingUnaryCall(ClientCalls.java:139)
	at org.apache.ratis.proto.grpc.RaftServerProtocolServiceGrpc$RaftServerProtocolServiceBlockingStub.requestVote(RaftServerProtocolServiceGrpc.java:265)
	at org.apache.ratis.grpc.server.GrpcServerProtocolClient.requestVote(GrpcServerProtocolClient.java:99)
	at org.apache.ratis.grpc.server.GrpcService.requestVote(GrpcService.java:204)
	at org.apache.ratis.server.impl.LeaderElection.lambda$submitRequests$1(LeaderElection.java:234)
	at java.util.concurrent.FutureTask.run(FutureTask.java:266)
	at java.util.concurrent.Executors$RunnableAdapter.call(Executors.java:511)
	at java.util.concurrent.FutureTask.run(FutureTask.java:266)
	at java.util.concurrent.ThreadPoolExecutor.runWorker(ThreadPoolExecutor.java:1149)
	at java.util.concurrent.ThreadPoolExecutor$Worker.run(ThreadPoolExecutor.java:624)
	... 1 more
Caused by: org.apache.ratis.thirdparty.io.netty.channel.AbstractChannel$AnnotatedConnectException: Connection refused: /192.168.157.203:33208
	at sun.nio.ch.SocketChannelImpl.checkConnect(Native Method)
	at sun.nio.ch.SocketChannelImpl.finishConnect(SocketChannelImpl.java:717)
	at org.apache.ratis.thirdparty.io.netty.channel.socket.nio.NioSocketChannel.doFinishConnect(NioSocketChannel.java:327)
	at org.apache.ratis.thirdparty.io.netty.channel.nio.AbstractNioChannel$AbstractNioUnsafe.finishConnect(AbstractNioChannel.java:340)
	at org.apache.ratis.thirdparty.io.netty.channel.nio.NioEventLoop.processSelectedKey(NioEventLoop.java:632)
	at org.apache.ratis.thirdparty.io.netty.channel.nio.NioEventLoop.processSelectedKeysOptimized(NioEventLoop.java:579)
	at org.apache.ratis.thirdparty.io.netty.channel.nio.NioEventLoop.processSelectedKeys(NioEventLoop.java:496)
	at org.apache.ratis.thirdparty.io.netty.channel.nio.NioEventLoop.run(NioEventLoop.java:458)
	at org.apache.ratis.thirdparty.io.netty.util.concurrent.SingleThreadEventExecutor$5.run(SingleThreadEventExecutor.java:897)
	at org.apache.ratis.thirdparty.io.netty.util.concurrent.FastThreadLocalRunnable.run(FastThreadLocalRunnable.java:30)
	... 1 more
Caused by: java.net.ConnectException: Connection refused
	... 11 more
2019-10-16 11:36:17,676 [a3132885-145f-4a8c-85f4-c10eb874732d@group-2077DD483DC7-LeaderElection478] INFO  impl.RaftServerImpl (RaftServerImpl.java:setRole(184)) - a3132885-145f-4a8c-85f4-c10eb874732d@group-2077DD483DC7: changes role from CANDIDATE to FOLLOWER at term 304 for DISCOVERED_A_NEW_TERM
2019-10-16 11:36:17,676 [a3132885-145f-4a8c-85f4-c10eb874732d@group-2077DD483DC7-LeaderElection478] INFO  impl.RoleInfo (RoleInfo.java:shutdownLeaderElection(134)) - a3132885-145f-4a8c-85f4-c10eb874732d: shutdown LeaderElection
2019-10-16 11:36:17,676 [a3132885-145f-4a8c-85f4-c10eb874732d@group-2077DD483DC7-LeaderElection478] INFO  impl.RoleInfo (RoleInfo.java:updateAndGet(143)) - a3132885-145f-4a8c-85f4-c10eb874732d: start FollowerState
2019-10-16 11:36:17,834 [Thread-3577] INFO  impl.FollowerState (FollowerState.java:run(108)) - a3132885-145f-4a8c-85f4-c10eb874732d@group-2077DD483DC7-FollowerState: change to CANDIDATE, lastRpcTime:158ms, electionTimeout:158ms
2019-10-16 11:36:17,834 [Thread-3577] INFO  impl.RoleInfo (RoleInfo.java:shutdownFollowerState(121)) - a3132885-145f-4a8c-85f4-c10eb874732d: shutdown FollowerState
2019-10-16 11:36:17,835 [Thread-3577] INFO  impl.RaftServerImpl (RaftServerImpl.java:setRole(184)) - a3132885-145f-4a8c-85f4-c10eb874732d@group-2077DD483DC7: changes role from  FOLLOWER to CANDIDATE at term 304 for changeToCandidate
2019-10-16 11:36:17,835 [Thread-3577] INFO  impl.RoleInfo (RoleInfo.java:updateAndGet(143)) - a3132885-145f-4a8c-85f4-c10eb874732d: start LeaderElection
2019-10-16 11:36:17,849 [a3132885-145f-4a8c-85f4-c10eb874732d@group-2077DD483DC7-LeaderElection479] INFO  impl.LeaderElection (LeaderElection.java:askForVotes(178)) - a3132885-145f-4a8c-85f4-c10eb874732d@group-2077DD483DC7-LeaderElection479: begin an election at term 305 for -1: [163587bb-2c3b-4498-b576-18147cf38274:192.168.157.203:33208, a3132885-145f-4a8c-85f4-c10eb874732d:192.168.157.203:46766, 70b633f6-b230-4b9f-87f3-510da88f1e08:192.168.157.203:43163], old=null
2019-10-16 11:36:17,850 [a3132885-145f-4a8c-85f4-c10eb874732d@group-2077DD483DC7-LeaderElection479] INFO  impl.LeaderElection (LogUtils.java:infoOrTrace(149)) - a3132885-145f-4a8c-85f4-c10eb874732d@group-2077DD483DC7-LeaderElection479 got exception when requesting votes: {}
java.util.concurrent.ExecutionException: org.apache.ratis.thirdparty.io.grpc.StatusRuntimeException: UNAVAILABLE: io exception
	at java.util.concurrent.FutureTask.report(FutureTask.java:122)
	at java.util.concurrent.FutureTask.get(FutureTask.java:192)
	at org.apache.ratis.server.impl.LeaderElection.waitForResults(LeaderElection.java:259)
	at org.apache.ratis.server.impl.LeaderElection.askForVotes(LeaderElection.java:197)
	at org.apache.ratis.server.impl.LeaderElection.run(LeaderElection.java:133)
	at java.lang.Thread.run(Thread.java:748)
Caused by: org.apache.ratis.thirdparty.io.grpc.StatusRuntimeException: UNAVAILABLE: io exception
	at org.apache.ratis.thirdparty.io.grpc.stub.ClientCalls.toStatusRuntimeException(ClientCalls.java:233)
	at org.apache.ratis.thirdparty.io.grpc.stub.ClientCalls.getUnchecked(ClientCalls.java:214)
	at org.apache.ratis.thirdparty.io.grpc.stub.ClientCalls.blockingUnaryCall(ClientCalls.java:139)
	at org.apache.ratis.proto.grpc.RaftServerProtocolServiceGrpc$RaftServerProtocolServiceBlockingStub.requestVote(RaftServerProtocolServiceGrpc.java:265)
	at org.apache.ratis.grpc.server.GrpcServerProtocolClient.requestVote(GrpcServerProtocolClient.java:99)
	at org.apache.ratis.grpc.server.GrpcService.requestVote(GrpcService.java:204)
	at org.apache.ratis.server.impl.LeaderElection.lambda$submitRequests$1(LeaderElection.java:234)
	at java.util.concurrent.FutureTask.run(FutureTask.java:266)
	at java.util.concurrent.Executors$RunnableAdapter.call(Executors.java:511)
	at java.util.concurrent.FutureTask.run(FutureTask.java:266)
	at java.util.concurrent.ThreadPoolExecutor.runWorker(ThreadPoolExecutor.java:1149)
	at java.util.concurrent.ThreadPoolExecutor$Worker.run(ThreadPoolExecutor.java:624)
	... 1 more
Caused by: org.apache.ratis.thirdparty.io.netty.channel.AbstractChannel$AnnotatedConnectException: Connection refused: /192.168.157.203:33208
	at sun.nio.ch.SocketChannelImpl.checkConnect(Native Method)
	at sun.nio.ch.SocketChannelImpl.finishConnect(SocketChannelImpl.java:717)
	at org.apache.ratis.thirdparty.io.netty.channel.socket.nio.NioSocketChannel.doFinishConnect(NioSocketChannel.java:327)
	at org.apache.ratis.thirdparty.io.netty.channel.nio.AbstractNioChannel$AbstractNioUnsafe.finishConnect(AbstractNioChannel.java:340)
	at org.apache.ratis.thirdparty.io.netty.channel.nio.NioEventLoop.processSelectedKey(NioEventLoop.java:632)
	at org.apache.ratis.thirdparty.io.netty.channel.nio.NioEventLoop.processSelectedKeysOptimized(NioEventLoop.java:579)
	at org.apache.ratis.thirdparty.io.netty.channel.nio.NioEventLoop.processSelectedKeys(NioEventLoop.java:496)
	at org.apache.ratis.thirdparty.io.netty.channel.nio.NioEventLoop.run(NioEventLoop.java:458)
	at org.apache.ratis.thirdparty.io.netty.util.concurrent.SingleThreadEventExecutor$5.run(SingleThreadEventExecutor.java:897)
	at org.apache.ratis.thirdparty.io.netty.util.concurrent.FastThreadLocalRunnable.run(FastThreadLocalRunnable.java:30)
	... 1 more
Caused by: java.net.ConnectException: Connection refused
	... 11 more
2019-10-16 11:36:17,852 [grpc-default-executor-5] INFO  impl.RaftServerImpl (RaftServerImpl.java:setRole(184)) - 70b633f6-b230-4b9f-87f3-510da88f1e08@group-2077DD483DC7: changes role from  FOLLOWER to FOLLOWER at term 305 for recognizeCandidate:a3132885-145f-4a8c-85f4-c10eb874732d
2019-10-16 11:36:17,852 [grpc-default-executor-5] INFO  impl.RoleInfo (RoleInfo.java:shutdownFollowerState(121)) - 70b633f6-b230-4b9f-87f3-510da88f1e08: shutdown FollowerState
2019-10-16 11:36:17,852 [grpc-default-executor-5] INFO  impl.RoleInfo (RoleInfo.java:updateAndGet(143)) - 70b633f6-b230-4b9f-87f3-510da88f1e08: start FollowerState
2019-10-16 11:36:17,852 [Thread-3576] INFO  impl.FollowerState (FollowerState.java:run(117)) - 70b633f6-b230-4b9f-87f3-510da88f1e08@group-2077DD483DC7-FollowerState was interrupted: java.lang.InterruptedException: sleep interrupted
2019-10-16 11:36:17,866 [a3132885-145f-4a8c-85f4-c10eb874732d@group-2077DD483DC7-LeaderElection479] INFO  impl.LeaderElection (LeaderElection.java:logAndReturn(56)) - a3132885-145f-4a8c-85f4-c10eb874732d@group-2077DD483DC7-LeaderElection479: Election REJECTED; received 1 response(s) [a3132885-145f-4a8c-85f4-c10eb874732d<-70b633f6-b230-4b9f-87f3-510da88f1e08#0:FAIL-t305] and 1 exception(s); a3132885-145f-4a8c-85f4-c10eb874732d@group-2077DD483DC7:t305, leader=null, voted=a3132885-145f-4a8c-85f4-c10eb874732d, raftlog=a3132885-145f-4a8c-85f4-c10eb874732d@group-2077DD483DC7-SegmentedRaftLog:OPENED:c-1,f-1,i0, conf=-1: [163587bb-2c3b-4498-b576-18147cf38274:192.168.157.203:33208, a3132885-145f-4a8c-85f4-c10eb874732d:192.168.157.203:46766, 70b633f6-b230-4b9f-87f3-510da88f1e08:192.168.157.203:43163], old=null
2019-10-16 11:36:17,867 [a3132885-145f-4a8c-85f4-c10eb874732d@group-2077DD483DC7-LeaderElection479] INFO  impl.LeaderElection (LogUtils.java:infoOrTrace(149)) -   Exception 0: {}
java.util.concurrent.ExecutionException: org.apache.ratis.thirdparty.io.grpc.StatusRuntimeException: UNAVAILABLE: io exception
	at java.util.concurrent.FutureTask.report(FutureTask.java:122)
	at java.util.concurrent.FutureTask.get(FutureTask.java:192)
	at org.apache.ratis.server.impl.LeaderElection.waitForResults(LeaderElection.java:259)
	at org.apache.ratis.server.impl.LeaderElection.askForVotes(LeaderElection.java:197)
	at org.apache.ratis.server.impl.LeaderElection.run(LeaderElection.java:133)
	at java.lang.Thread.run(Thread.java:748)
Caused by: org.apache.ratis.thirdparty.io.grpc.StatusRuntimeException: UNAVAILABLE: io exception
	at org.apache.ratis.thirdparty.io.grpc.stub.ClientCalls.toStatusRuntimeException(ClientCalls.java:233)
	at org.apache.ratis.thirdparty.io.grpc.stub.ClientCalls.getUnchecked(ClientCalls.java:214)
	at org.apache.ratis.thirdparty.io.grpc.stub.ClientCalls.blockingUnaryCall(ClientCalls.java:139)
	at org.apache.ratis.proto.grpc.RaftServerProtocolServiceGrpc$RaftServerProtocolServiceBlockingStub.requestVote(RaftServerProtocolServiceGrpc.java:265)
	at org.apache.ratis.grpc.server.GrpcServerProtocolClient.requestVote(GrpcServerProtocolClient.java:99)
	at org.apache.ratis.grpc.server.GrpcService.requestVote(GrpcService.java:204)
	at org.apache.ratis.server.impl.LeaderElection.lambda$submitRequests$1(LeaderElection.java:234)
	at java.util.concurrent.FutureTask.run(FutureTask.java:266)
	at java.util.concurrent.Executors$RunnableAdapter.call(Executors.java:511)
	at java.util.concurrent.FutureTask.run(FutureTask.java:266)
	at java.util.concurrent.ThreadPoolExecutor.runWorker(ThreadPoolExecutor.java:1149)
	at java.util.concurrent.ThreadPoolExecutor$Worker.run(ThreadPoolExecutor.java:624)
	... 1 more
Caused by: org.apache.ratis.thirdparty.io.netty.channel.AbstractChannel$AnnotatedConnectException: Connection refused: /192.168.157.203:33208
	at sun.nio.ch.SocketChannelImpl.checkConnect(Native Method)
	at sun.nio.ch.SocketChannelImpl.finishConnect(SocketChannelImpl.java:717)
	at org.apache.ratis.thirdparty.io.netty.channel.socket.nio.NioSocketChannel.doFinishConnect(NioSocketChannel.java:327)
	at org.apache.ratis.thirdparty.io.netty.channel.nio.AbstractNioChannel$AbstractNioUnsafe.finishConnect(AbstractNioChannel.java:340)
	at org.apache.ratis.thirdparty.io.netty.channel.nio.NioEventLoop.processSelectedKey(NioEventLoop.java:632)
	at org.apache.ratis.thirdparty.io.netty.channel.nio.NioEventLoop.processSelectedKeysOptimized(NioEventLoop.java:579)
	at org.apache.ratis.thirdparty.io.netty.channel.nio.NioEventLoop.processSelectedKeys(NioEventLoop.java:496)
	at org.apache.ratis.thirdparty.io.netty.channel.nio.NioEventLoop.run(NioEventLoop.java:458)
	at org.apache.ratis.thirdparty.io.netty.util.concurrent.SingleThreadEventExecutor$5.run(SingleThreadEventExecutor.java:897)
	at org.apache.ratis.thirdparty.io.netty.util.concurrent.FastThreadLocalRunnable.run(FastThreadLocalRunnable.java:30)
	... 1 more
Caused by: java.net.ConnectException: Connection refused
	... 11 more
2019-10-16 11:36:17,867 [a3132885-145f-4a8c-85f4-c10eb874732d@group-2077DD483DC7-LeaderElection479] INFO  impl.RaftServerImpl (RaftServerImpl.java:setRole(184)) - a3132885-145f-4a8c-85f4-c10eb874732d@group-2077DD483DC7: changes role from CANDIDATE to FOLLOWER at term 305 for DISCOVERED_A_NEW_TERM
2019-10-16 11:36:17,867 [a3132885-145f-4a8c-85f4-c10eb874732d@group-2077DD483DC7-LeaderElection479] INFO  impl.RoleInfo (RoleInfo.java:shutdownLeaderElection(134)) - a3132885-145f-4a8c-85f4-c10eb874732d: shutdown LeaderElection
2019-10-16 11:36:17,867 [a3132885-145f-4a8c-85f4-c10eb874732d@group-2077DD483DC7-LeaderElection479] INFO  impl.RoleInfo (RoleInfo.java:updateAndGet(143)) - a3132885-145f-4a8c-85f4-c10eb874732d: start FollowerState
2019-10-16 11:36:17,993 [java.util.concurrent.ThreadPoolExecutor$Worker@1a001f89[State = -1, empty queue]] WARN  server.GrpcLogAppender (GrpcLogAppender.java:timeoutAppendRequest(209)) - 5c445d34-c031-481c-9d4b-8fbace1f61b8@group-8BBDE5791A04->857fec05-692a-4d09-bf1c-7d167682feae-GrpcLogAppender: appendEntries Timeout, request=5c445d34-c031-481c-9d4b-8fbace1f61b8->857fec05-692a-4d09-bf1c-7d167682feae#91-t6, previous=(t:6, i:21), leaderCommit=21, initializing? false, entries: <empty>
2019-10-16 11:36:18,017 [Thread-3582] INFO  impl.FollowerState (FollowerState.java:run(108)) - a3132885-145f-4a8c-85f4-c10eb874732d@group-2077DD483DC7-FollowerState: change to CANDIDATE, lastRpcTime:149ms, electionTimeout:149ms
2019-10-16 11:36:18,017 [Thread-3582] INFO  impl.RoleInfo (RoleInfo.java:shutdownFollowerState(121)) - a3132885-145f-4a8c-85f4-c10eb874732d: shutdown FollowerState
2019-10-16 11:36:18,017 [Thread-3582] INFO  impl.RaftServerImpl (RaftServerImpl.java:setRole(184)) - a3132885-145f-4a8c-85f4-c10eb874732d@group-2077DD483DC7: changes role from  FOLLOWER to CANDIDATE at term 305 for changeToCandidate
2019-10-16 11:36:18,017 [Thread-3582] INFO  impl.RoleInfo (RoleInfo.java:updateAndGet(143)) - a3132885-145f-4a8c-85f4-c10eb874732d: start LeaderElection
2019-10-16 11:36:18,031 [a3132885-145f-4a8c-85f4-c10eb874732d@group-2077DD483DC7-LeaderElection480] INFO  impl.LeaderElection (LeaderElection.java:askForVotes(178)) - a3132885-145f-4a8c-85f4-c10eb874732d@group-2077DD483DC7-LeaderElection480: begin an election at term 306 for -1: [163587bb-2c3b-4498-b576-18147cf38274:192.168.157.203:33208, a3132885-145f-4a8c-85f4-c10eb874732d:192.168.157.203:46766, 70b633f6-b230-4b9f-87f3-510da88f1e08:192.168.157.203:43163], old=null
2019-10-16 11:36:18,031 [a3132885-145f-4a8c-85f4-c10eb874732d@group-2077DD483DC7-LeaderElection480] INFO  impl.LeaderElection (LeaderElection.java:logAndReturn(56)) - a3132885-145f-4a8c-85f4-c10eb874732d@group-2077DD483DC7-LeaderElection480: Election TIMEOUT; received 0 response(s) [] and 0 exception(s); a3132885-145f-4a8c-85f4-c10eb874732d@group-2077DD483DC7:t306, leader=null, voted=a3132885-145f-4a8c-85f4-c10eb874732d, raftlog=a3132885-145f-4a8c-85f4-c10eb874732d@group-2077DD483DC7-SegmentedRaftLog:OPENED:c-1,f-1,i0, conf=-1: [163587bb-2c3b-4498-b576-18147cf38274:192.168.157.203:33208, a3132885-145f-4a8c-85f4-c10eb874732d:192.168.157.203:46766, 70b633f6-b230-4b9f-87f3-510da88f1e08:192.168.157.203:43163], old=null
2019-10-16 11:36:18,033 [grpc-default-executor-5] INFO  impl.RaftServerImpl (RaftServerImpl.java:setRole(184)) - 70b633f6-b230-4b9f-87f3-510da88f1e08@group-2077DD483DC7: changes role from  FOLLOWER to FOLLOWER at term 306 for recognizeCandidate:a3132885-145f-4a8c-85f4-c10eb874732d
2019-10-16 11:36:18,033 [grpc-default-executor-5] INFO  impl.RoleInfo (RoleInfo.java:shutdownFollowerState(121)) - 70b633f6-b230-4b9f-87f3-510da88f1e08: shutdown FollowerState
2019-10-16 11:36:18,033 [grpc-default-executor-5] INFO  impl.RoleInfo (RoleInfo.java:updateAndGet(143)) - 70b633f6-b230-4b9f-87f3-510da88f1e08: start FollowerState
2019-10-16 11:36:18,033 [Thread-3581] INFO  impl.FollowerState (FollowerState.java:run(117)) - 70b633f6-b230-4b9f-87f3-510da88f1e08@group-2077DD483DC7-FollowerState was interrupted: java.lang.InterruptedException: sleep interrupted
2019-10-16 11:36:18,045 [a3132885-145f-4a8c-85f4-c10eb874732d@group-2077DD483DC7-LeaderElection480] INFO  impl.LeaderElection (LeaderElection.java:askForVotes(178)) - a3132885-145f-4a8c-85f4-c10eb874732d@group-2077DD483DC7-LeaderElection480: begin an election at term 307 for -1: [163587bb-2c3b-4498-b576-18147cf38274:192.168.157.203:33208, a3132885-145f-4a8c-85f4-c10eb874732d:192.168.157.203:46766, 70b633f6-b230-4b9f-87f3-510da88f1e08:192.168.157.203:43163], old=null
2019-10-16 11:36:18,046 [a3132885-145f-4a8c-85f4-c10eb874732d@group-2077DD483DC7-LeaderElection480] INFO  impl.LeaderElection (LogUtils.java:infoOrTrace(149)) - a3132885-145f-4a8c-85f4-c10eb874732d@group-2077DD483DC7-LeaderElection480 got exception when requesting votes: {}
java.util.concurrent.ExecutionException: org.apache.ratis.thirdparty.io.grpc.StatusRuntimeException: UNAVAILABLE: io exception
	at java.util.concurrent.FutureTask.report(FutureTask.java:122)
	at java.util.concurrent.FutureTask.get(FutureTask.java:192)
	at org.apache.ratis.server.impl.LeaderElection.waitForResults(LeaderElection.java:259)
	at org.apache.ratis.server.impl.LeaderElection.askForVotes(LeaderElection.java:197)
	at org.apache.ratis.server.impl.LeaderElection.run(LeaderElection.java:133)
	at java.lang.Thread.run(Thread.java:748)
Caused by: org.apache.ratis.thirdparty.io.grpc.StatusRuntimeException: UNAVAILABLE: io exception
	at org.apache.ratis.thirdparty.io.grpc.stub.ClientCalls.toStatusRuntimeException(ClientCalls.java:233)
	at org.apache.ratis.thirdparty.io.grpc.stub.ClientCalls.getUnchecked(ClientCalls.java:214)
	at org.apache.ratis.thirdparty.io.grpc.stub.ClientCalls.blockingUnaryCall(ClientCalls.java:139)
	at org.apache.ratis.proto.grpc.RaftServerProtocolServiceGrpc$RaftServerProtocolServiceBlockingStub.requestVote(RaftServerProtocolServiceGrpc.java:265)
	at org.apache.ratis.grpc.server.GrpcServerProtocolClient.requestVote(GrpcServerProtocolClient.java:99)
	at org.apache.ratis.grpc.server.GrpcService.requestVote(GrpcService.java:204)
	at org.apache.ratis.server.impl.LeaderElection.lambda$submitRequests$1(LeaderElection.java:234)
	at java.util.concurrent.FutureTask.run(FutureTask.java:266)
	at java.util.concurrent.Executors$RunnableAdapter.call(Executors.java:511)
	at java.util.concurrent.FutureTask.run(FutureTask.java:266)
	at java.util.concurrent.ThreadPoolExecutor.runWorker(ThreadPoolExecutor.java:1149)
	at java.util.concurrent.ThreadPoolExecutor$Worker.run(ThreadPoolExecutor.java:624)
	... 1 more
Caused by: org.apache.ratis.thirdparty.io.netty.channel.AbstractChannel$AnnotatedConnectException: Connection refused: /192.168.157.203:33208
	at sun.nio.ch.SocketChannelImpl.checkConnect(Native Method)
	at sun.nio.ch.SocketChannelImpl.finishConnect(SocketChannelImpl.java:717)
	at org.apache.ratis.thirdparty.io.netty.channel.socket.nio.NioSocketChannel.doFinishConnect(NioSocketChannel.java:327)
	at org.apache.ratis.thirdparty.io.netty.channel.nio.AbstractNioChannel$AbstractNioUnsafe.finishConnect(AbstractNioChannel.java:340)
	at org.apache.ratis.thirdparty.io.netty.channel.nio.NioEventLoop.processSelectedKey(NioEventLoop.java:632)
	at org.apache.ratis.thirdparty.io.netty.channel.nio.NioEventLoop.processSelectedKeysOptimized(NioEventLoop.java:579)
	at org.apache.ratis.thirdparty.io.netty.channel.nio.NioEventLoop.processSelectedKeys(NioEventLoop.java:496)
	at org.apache.ratis.thirdparty.io.netty.channel.nio.NioEventLoop.run(NioEventLoop.java:458)
	at org.apache.ratis.thirdparty.io.netty.util.concurrent.SingleThreadEventExecutor$5.run(SingleThreadEventExecutor.java:897)
	at org.apache.ratis.thirdparty.io.netty.util.concurrent.FastThreadLocalRunnable.run(FastThreadLocalRunnable.java:30)
	... 1 more
Caused by: java.net.ConnectException: Connection refused
	... 11 more
2019-10-16 11:36:18,046 [grpc-default-executor-5] INFO  impl.RaftServerImpl (RaftServerImpl.java:setRole(184)) - 70b633f6-b230-4b9f-87f3-510da88f1e08@group-2077DD483DC7: changes role from  FOLLOWER to FOLLOWER at term 307 for recognizeCandidate:a3132885-145f-4a8c-85f4-c10eb874732d
2019-10-16 11:36:18,046 [grpc-default-executor-5] INFO  impl.RoleInfo (RoleInfo.java:shutdownFollowerState(121)) - 70b633f6-b230-4b9f-87f3-510da88f1e08: shutdown FollowerState
2019-10-16 11:36:18,047 [grpc-default-executor-5] INFO  impl.RoleInfo (RoleInfo.java:updateAndGet(143)) - 70b633f6-b230-4b9f-87f3-510da88f1e08: start FollowerState
2019-10-16 11:36:18,047 [Thread-3586] INFO  impl.FollowerState (FollowerState.java:run(117)) - 70b633f6-b230-4b9f-87f3-510da88f1e08@group-2077DD483DC7-FollowerState was interrupted: java.lang.InterruptedException: sleep interrupted
2019-10-16 11:36:18,054 [a3132885-145f-4a8c-85f4-c10eb874732d@group-2077DD483DC7-LeaderElection480] INFO  impl.LeaderElection (LeaderElection.java:logAndReturn(56)) - a3132885-145f-4a8c-85f4-c10eb874732d@group-2077DD483DC7-LeaderElection480: Election REJECTED; received 1 response(s) [a3132885-145f-4a8c-85f4-c10eb874732d<-70b633f6-b230-4b9f-87f3-510da88f1e08#0:FAIL-t307] and 1 exception(s); a3132885-145f-4a8c-85f4-c10eb874732d@group-2077DD483DC7:t307, leader=null, voted=a3132885-145f-4a8c-85f4-c10eb874732d, raftlog=a3132885-145f-4a8c-85f4-c10eb874732d@group-2077DD483DC7-SegmentedRaftLog:OPENED:c-1,f-1,i0, conf=-1: [163587bb-2c3b-4498-b576-18147cf38274:192.168.157.203:33208, a3132885-145f-4a8c-85f4-c10eb874732d:192.168.157.203:46766, 70b633f6-b230-4b9f-87f3-510da88f1e08:192.168.157.203:43163], old=null
2019-10-16 11:36:18,054 [a3132885-145f-4a8c-85f4-c10eb874732d@group-2077DD483DC7-LeaderElection480] INFO  impl.LeaderElection (LogUtils.java:infoOrTrace(149)) -   Exception 0: {}
java.util.concurrent.ExecutionException: org.apache.ratis.thirdparty.io.grpc.StatusRuntimeException: UNAVAILABLE: io exception
	at java.util.concurrent.FutureTask.report(FutureTask.java:122)
	at java.util.concurrent.FutureTask.get(FutureTask.java:192)
	at org.apache.ratis.server.impl.LeaderElection.waitForResults(LeaderElection.java:259)
	at org.apache.ratis.server.impl.LeaderElection.askForVotes(LeaderElection.java:197)
	at org.apache.ratis.server.impl.LeaderElection.run(LeaderElection.java:133)
	at java.lang.Thread.run(Thread.java:748)
Caused by: org.apache.ratis.thirdparty.io.grpc.StatusRuntimeException: UNAVAILABLE: io exception
	at org.apache.ratis.thirdparty.io.grpc.stub.ClientCalls.toStatusRuntimeException(ClientCalls.java:233)
	at org.apache.ratis.thirdparty.io.grpc.stub.ClientCalls.getUnchecked(ClientCalls.java:214)
	at org.apache.ratis.thirdparty.io.grpc.stub.ClientCalls.blockingUnaryCall(ClientCalls.java:139)
	at org.apache.ratis.proto.grpc.RaftServerProtocolServiceGrpc$RaftServerProtocolServiceBlockingStub.requestVote(RaftServerProtocolServiceGrpc.java:265)
	at org.apache.ratis.grpc.server.GrpcServerProtocolClient.requestVote(GrpcServerProtocolClient.java:99)
	at org.apache.ratis.grpc.server.GrpcService.requestVote(GrpcService.java:204)
	at org.apache.ratis.server.impl.LeaderElection.lambda$submitRequests$1(LeaderElection.java:234)
	at java.util.concurrent.FutureTask.run(FutureTask.java:266)
	at java.util.concurrent.Executors$RunnableAdapter.call(Executors.java:511)
	at java.util.concurrent.FutureTask.run(FutureTask.java:266)
	at java.util.concurrent.ThreadPoolExecutor.runWorker(ThreadPoolExecutor.java:1149)
	at java.util.concurrent.ThreadPoolExecutor$Worker.run(ThreadPoolExecutor.java:624)
	... 1 more
Caused by: org.apache.ratis.thirdparty.io.netty.channel.AbstractChannel$AnnotatedConnectException: Connection refused: /192.168.157.203:33208
	at sun.nio.ch.SocketChannelImpl.checkConnect(Native Method)
	at sun.nio.ch.SocketChannelImpl.finishConnect(SocketChannelImpl.java:717)
	at org.apache.ratis.thirdparty.io.netty.channel.socket.nio.NioSocketChannel.doFinishConnect(NioSocketChannel.java:327)
	at org.apache.ratis.thirdparty.io.netty.channel.nio.AbstractNioChannel$AbstractNioUnsafe.finishConnect(AbstractNioChannel.java:340)
	at org.apache.ratis.thirdparty.io.netty.channel.nio.NioEventLoop.processSelectedKey(NioEventLoop.java:632)
	at org.apache.ratis.thirdparty.io.netty.channel.nio.NioEventLoop.processSelectedKeysOptimized(NioEventLoop.java:579)
	at org.apache.ratis.thirdparty.io.netty.channel.nio.NioEventLoop.processSelectedKeys(NioEventLoop.java:496)
	at org.apache.ratis.thirdparty.io.netty.channel.nio.NioEventLoop.run(NioEventLoop.java:458)
	at org.apache.ratis.thirdparty.io.netty.util.concurrent.SingleThreadEventExecutor$5.run(SingleThreadEventExecutor.java:897)
	at org.apache.ratis.thirdparty.io.netty.util.concurrent.FastThreadLocalRunnable.run(FastThreadLocalRunnable.java:30)
	... 1 more
Caused by: java.net.ConnectException: Connection refused
	... 11 more
2019-10-16 11:36:18,054 [a3132885-145f-4a8c-85f4-c10eb874732d@group-2077DD483DC7-LeaderElection480] INFO  impl.RaftServerImpl (RaftServerImpl.java:setRole(184)) - a3132885-145f-4a8c-85f4-c10eb874732d@group-2077DD483DC7: changes role from CANDIDATE to FOLLOWER at term 307 for DISCOVERED_A_NEW_TERM
2019-10-16 11:36:18,055 [a3132885-145f-4a8c-85f4-c10eb874732d@group-2077DD483DC7-LeaderElection480] INFO  impl.RoleInfo (RoleInfo.java:shutdownLeaderElection(134)) - a3132885-145f-4a8c-85f4-c10eb874732d: shutdown LeaderElection
2019-10-16 11:36:18,055 [a3132885-145f-4a8c-85f4-c10eb874732d@group-2077DD483DC7-LeaderElection480] INFO  impl.RoleInfo (RoleInfo.java:updateAndGet(143)) - a3132885-145f-4a8c-85f4-c10eb874732d: start FollowerState
2019-10-16 11:36:18,064 [ForkJoinPool.commonPool-worker-0] INFO  ozoneimpl.OzoneContainer (OzoneContainer.java:stop(227)) - Attempting to stop container services.
2019-10-16 11:36:18,065 [ForkJoinPool.commonPool-worker-0] INFO  impl.RaftServerProxy (RaftServerProxy.java:lambda$close$4(314)) - 411bb2a3-40ef-4fc0-81ca-4490e6d37035: close
2019-10-16 11:36:18,065 [ForkJoinPool.commonPool-worker-0] INFO  impl.RaftServerImpl (RaftServerImpl.java:lambda$shutdown$3(261)) - 411bb2a3-40ef-4fc0-81ca-4490e6d37035@group-8BBDE5791A04: shutdown
2019-10-16 11:36:18,066 [ForkJoinPool.commonPool-worker-0] INFO  util.JmxRegister (JmxRegister.java:unregister(73)) - Successfully un-registered JMX Bean with object name Ratis:service=RaftServer,group=group-8BBDE5791A04,id=411bb2a3-40ef-4fc0-81ca-4490e6d37035
2019-10-16 11:36:18,066 [ForkJoinPool.commonPool-worker-0] INFO  impl.RoleInfo (RoleInfo.java:shutdownFollowerState(121)) - 411bb2a3-40ef-4fc0-81ca-4490e6d37035: shutdown FollowerState
2019-10-16 11:36:18,066 [ForkJoinPool.commonPool-worker-0] INFO  impl.StateMachineUpdater (StateMachineUpdater.java:stopAndJoin(136)) - 411bb2a3-40ef-4fc0-81ca-4490e6d37035@group-8BBDE5791A04-StateMachineUpdater: set stopIndex = 21
2019-10-16 11:36:18,067 [411bb2a3-40ef-4fc0-81ca-4490e6d37035@group-8BBDE5791A04-StateMachineUpdater] INFO  ratis.ContainerStateMachine (ContainerStateMachine.java:takeSnapshot(294)) - group-8BBDE5791A04: Taking a snapshot at:(t:6, i:19) file /workdir/hadoop-ozone/integration-test/target/test-dir/MiniOzoneClusterImpl-d10f3a9c-4fd6-4949-a3ff-490e135742c9/datanode-0/data/ratis/9ca8b30f-1255-49d0-b954-8bbde5791a04/sm/snapshot.6_19
2019-10-16 11:36:18,066 [Thread-574] INFO  impl.FollowerState (FollowerState.java:run(117)) - 411bb2a3-40ef-4fc0-81ca-4490e6d37035@group-8BBDE5791A04-FollowerState was interrupted: java.lang.InterruptedException: sleep interrupted
2019-10-16 11:36:18,080 [411bb2a3-40ef-4fc0-81ca-4490e6d37035@group-8BBDE5791A04-StateMachineUpdater] INFO  ratis.ContainerStateMachine (ContainerStateMachine.java:takeSnapshot(305)) - group-8BBDE5791A04: Finished taking a snapshot at:(t:6, i:19) file:/workdir/hadoop-ozone/integration-test/target/test-dir/MiniOzoneClusterImpl-d10f3a9c-4fd6-4949-a3ff-490e135742c9/datanode-0/data/ratis/9ca8b30f-1255-49d0-b954-8bbde5791a04/sm/snapshot.6_19 time:13
2019-10-16 11:36:18,082 [411bb2a3-40ef-4fc0-81ca-4490e6d37035@group-8BBDE5791A04-StateMachineUpdater] INFO  impl.StateMachineUpdater (StateMachineUpdater.java:takeSnapshot(269)) - 411bb2a3-40ef-4fc0-81ca-4490e6d37035@group-8BBDE5791A04-StateMachineUpdater: Took a snapshot at index 19
2019-10-16 11:36:18,083 [411bb2a3-40ef-4fc0-81ca-4490e6d37035@group-8BBDE5791A04-StateMachineUpdater] INFO  impl.StateMachineUpdater (StateMachineUpdater.java:lambda$new$0(84)) - 411bb2a3-40ef-4fc0-81ca-4490e6d37035@group-8BBDE5791A04-StateMachineUpdater: snapshotIndex: updateIncreasingly -1 -> 19
2019-10-16 11:36:18,083 [411bb2a3-40ef-4fc0-81ca-4490e6d37035@group-8BBDE5791A04-StateMachineUpdater] INFO  ratis.ContainerStateMachine (ContainerStateMachine.java:takeSnapshot(294)) - group-8BBDE5791A04: Taking a snapshot at:(t:6, i:19) file /workdir/hadoop-ozone/integration-test/target/test-dir/MiniOzoneClusterImpl-d10f3a9c-4fd6-4949-a3ff-490e135742c9/datanode-0/data/ratis/9ca8b30f-1255-49d0-b954-8bbde5791a04/sm/snapshot.6_19
2019-10-16 11:36:18,084 [Thread-3591] INFO  impl.FollowerState (FollowerState.java:run(108)) - a3132885-145f-4a8c-85f4-c10eb874732d@group-2077DD483DC7-FollowerState: change to CANDIDATE, lastRpcTime:29ms, electionTimeout:29ms
2019-10-16 11:36:18,084 [Thread-3591] INFO  impl.RoleInfo (RoleInfo.java:shutdownFollowerState(121)) - a3132885-145f-4a8c-85f4-c10eb874732d: shutdown FollowerState
2019-10-16 11:36:18,084 [Thread-3591] INFO  impl.RaftServerImpl (RaftServerImpl.java:setRole(184)) - a3132885-145f-4a8c-85f4-c10eb874732d@group-2077DD483DC7: changes role from  FOLLOWER to CANDIDATE at term 307 for changeToCandidate
2019-10-16 11:36:18,084 [Thread-3591] INFO  impl.RoleInfo (RoleInfo.java:updateAndGet(143)) - a3132885-145f-4a8c-85f4-c10eb874732d: start LeaderElection
2019-10-16 11:36:18,096 [411bb2a3-40ef-4fc0-81ca-4490e6d37035@group-8BBDE5791A04-StateMachineUpdater] INFO  ratis.ContainerStateMachine (ContainerStateMachine.java:takeSnapshot(305)) - group-8BBDE5791A04: Finished taking a snapshot at:(t:6, i:19) file:/workdir/hadoop-ozone/integration-test/target/test-dir/MiniOzoneClusterImpl-d10f3a9c-4fd6-4949-a3ff-490e135742c9/datanode-0/data/ratis/9ca8b30f-1255-49d0-b954-8bbde5791a04/sm/snapshot.6_19 time:13
2019-10-16 11:36:18,096 [a3132885-145f-4a8c-85f4-c10eb874732d@group-2077DD483DC7-LeaderElection481] INFO  impl.LeaderElection (LeaderElection.java:askForVotes(178)) - a3132885-145f-4a8c-85f4-c10eb874732d@group-2077DD483DC7-LeaderElection481: begin an election at term 308 for -1: [163587bb-2c3b-4498-b576-18147cf38274:192.168.157.203:33208, a3132885-145f-4a8c-85f4-c10eb874732d:192.168.157.203:46766, 70b633f6-b230-4b9f-87f3-510da88f1e08:192.168.157.203:43163], old=null
2019-10-16 11:36:18,097 [411bb2a3-40ef-4fc0-81ca-4490e6d37035@group-8BBDE5791A04-StateMachineUpdater] INFO  impl.StateMachineUpdater (StateMachineUpdater.java:takeSnapshot(269)) - 411bb2a3-40ef-4fc0-81ca-4490e6d37035@group-8BBDE5791A04-StateMachineUpdater: Took a snapshot at index 19
2019-10-16 11:36:18,097 [411bb2a3-40ef-4fc0-81ca-4490e6d37035@group-8BBDE5791A04-StateMachineUpdater] INFO  impl.StateMachineUpdater (StateMachineUpdater.java:lambda$new$0(84)) - 411bb2a3-40ef-4fc0-81ca-4490e6d37035@group-8BBDE5791A04-StateMachineUpdater: snapshotIndex: updateIncreasingly 19 -> 19
2019-10-16 11:36:18,098 [a3132885-145f-4a8c-85f4-c10eb874732d@group-2077DD483DC7-LeaderElection481] INFO  impl.LeaderElection (LogUtils.java:infoOrTrace(149)) - a3132885-145f-4a8c-85f4-c10eb874732d@group-2077DD483DC7-LeaderElection481 got exception when requesting votes: {}
java.util.concurrent.ExecutionException: org.apache.ratis.thirdparty.io.grpc.StatusRuntimeException: UNAVAILABLE: io exception
	at java.util.concurrent.FutureTask.report(FutureTask.java:122)
	at java.util.concurrent.FutureTask.get(FutureTask.java:192)
	at org.apache.ratis.server.impl.LeaderElection.waitForResults(LeaderElection.java:259)
	at org.apache.ratis.server.impl.LeaderElection.askForVotes(LeaderElection.java:197)
	at org.apache.ratis.server.impl.LeaderElection.run(LeaderElection.java:133)
	at java.lang.Thread.run(Thread.java:748)
Caused by: org.apache.ratis.thirdparty.io.grpc.StatusRuntimeException: UNAVAILABLE: io exception
	at org.apache.ratis.thirdparty.io.grpc.stub.ClientCalls.toStatusRuntimeException(ClientCalls.java:233)
	at org.apache.ratis.thirdparty.io.grpc.stub.ClientCalls.getUnchecked(ClientCalls.java:214)
	at org.apache.ratis.thirdparty.io.grpc.stub.ClientCalls.blockingUnaryCall(ClientCalls.java:139)
	at org.apache.ratis.proto.grpc.RaftServerProtocolServiceGrpc$RaftServerProtocolServiceBlockingStub.requestVote(RaftServerProtocolServiceGrpc.java:265)
	at org.apache.ratis.grpc.server.GrpcServerProtocolClient.requestVote(GrpcServerProtocolClient.java:99)
	at org.apache.ratis.grpc.server.GrpcService.requestVote(GrpcService.java:204)
	at org.apache.ratis.server.impl.LeaderElection.lambda$submitRequests$1(LeaderElection.java:234)
	at java.util.concurrent.FutureTask.run(FutureTask.java:266)
	at java.util.concurrent.Executors$RunnableAdapter.call(Executors.java:511)
	at java.util.concurrent.FutureTask.run(FutureTask.java:266)
	at java.util.concurrent.ThreadPoolExecutor.runWorker(ThreadPoolExecutor.java:1149)
	at java.util.concurrent.ThreadPoolExecutor$Worker.run(ThreadPoolExecutor.java:624)
	... 1 more
Caused by: org.apache.ratis.thirdparty.io.netty.channel.AbstractChannel$AnnotatedConnectException: Connection refused: /192.168.157.203:33208
	at sun.nio.ch.SocketChannelImpl.checkConnect(Native Method)
	at sun.nio.ch.SocketChannelImpl.finishConnect(SocketChannelImpl.java:717)
	at org.apache.ratis.thirdparty.io.netty.channel.socket.nio.NioSocketChannel.doFinishConnect(NioSocketChannel.java:327)
	at org.apache.ratis.thirdparty.io.netty.channel.nio.AbstractNioChannel$AbstractNioUnsafe.finishConnect(AbstractNioChannel.java:340)
	at org.apache.ratis.thirdparty.io.netty.channel.nio.NioEventLoop.processSelectedKey(NioEventLoop.java:632)
	at org.apache.ratis.thirdparty.io.netty.channel.nio.NioEventLoop.processSelectedKeysOptimized(NioEventLoop.java:579)
	at org.apache.ratis.thirdparty.io.netty.channel.nio.NioEventLoop.processSelectedKeys(NioEventLoop.java:496)
	at org.apache.ratis.thirdparty.io.netty.channel.nio.NioEventLoop.run(NioEventLoop.java:458)
	at org.apache.ratis.thirdparty.io.netty.util.concurrent.SingleThreadEventExecutor$5.run(SingleThreadEventExecutor.java:897)
	at org.apache.ratis.thirdparty.io.netty.util.concurrent.FastThreadLocalRunnable.run(FastThreadLocalRunnable.java:30)
	... 1 more
Caused by: java.net.ConnectException: Connection refused
	... 11 more
2019-10-16 11:36:18,098 [ForkJoinPool.commonPool-worker-0] INFO  impl.RaftServerImpl (ServerState.java:close(388)) - 411bb2a3-40ef-4fc0-81ca-4490e6d37035@group-8BBDE5791A04: closes. applyIndex: 21
2019-10-16 11:36:18,098 [grpc-default-executor-5] INFO  impl.RaftServerImpl (RaftServerImpl.java:setRole(184)) - 70b633f6-b230-4b9f-87f3-510da88f1e08@group-2077DD483DC7: changes role from  FOLLOWER to FOLLOWER at term 308 for recognizeCandidate:a3132885-145f-4a8c-85f4-c10eb874732d
2019-10-16 11:36:18,099 [grpc-default-executor-5] INFO  impl.RoleInfo (RoleInfo.java:shutdownFollowerState(121)) - 70b633f6-b230-4b9f-87f3-510da88f1e08: shutdown FollowerState
2019-10-16 11:36:18,099 [411bb2a3-40ef-4fc0-81ca-4490e6d37035@group-8BBDE5791A04-SegmentedRaftLogWorker] INFO  segmented.SegmentedRaftLogWorker (SegmentedRaftLogWorker.java:run(316)) - 411bb2a3-40ef-4fc0-81ca-4490e6d37035@group-8BBDE5791A04-SegmentedRaftLogWorker was interrupted, exiting. There are 0 tasks remaining in the queue.
2019-10-16 11:36:18,099 [Thread-3590] INFO  impl.FollowerState (FollowerState.java:run(117)) - 70b633f6-b230-4b9f-87f3-510da88f1e08@group-2077DD483DC7-FollowerState was interrupted: java.lang.InterruptedException: sleep interrupted
2019-10-16 11:36:18,099 [grpc-default-executor-5] INFO  impl.RoleInfo (RoleInfo.java:updateAndGet(143)) - 70b633f6-b230-4b9f-87f3-510da88f1e08: start FollowerState
2019-10-16 11:36:18,099 [ForkJoinPool.commonPool-worker-0] INFO  segmented.SegmentedRaftLogWorker (SegmentedRaftLogWorker.java:close(224)) - 411bb2a3-40ef-4fc0-81ca-4490e6d37035@group-8BBDE5791A04-SegmentedRaftLogWorker close()
2019-10-16 11:36:18,101 [ForkJoinPool.commonPool-worker-0] INFO  impl.RaftServerImpl (RaftServerImpl.java:lambda$shutdown$3(261)) - 411bb2a3-40ef-4fc0-81ca-4490e6d37035@group-1DC689591BBC: shutdown
2019-10-16 11:36:18,101 [ForkJoinPool.commonPool-worker-0] INFO  util.JmxRegister (JmxRegister.java:unregister(73)) - Successfully un-registered JMX Bean with object name Ratis:service=RaftServer,group=group-1DC689591BBC,id=411bb2a3-40ef-4fc0-81ca-4490e6d37035
2019-10-16 11:36:18,101 [ForkJoinPool.commonPool-worker-0] INFO  impl.RoleInfo (RoleInfo.java:shutdownLeaderState(104)) - 411bb2a3-40ef-4fc0-81ca-4490e6d37035: shutdown LeaderState
2019-10-16 11:36:18,102 [ForkJoinPool.commonPool-worker-0] INFO  impl.PendingRequests (PendingRequests.java:sendNotLeaderResponses(202)) - 411bb2a3-40ef-4fc0-81ca-4490e6d37035@group-1DC689591BBC-PendingRequests: sendNotLeaderResponses
2019-10-16 11:36:18,102 [ForkJoinPool.commonPool-worker-0] INFO  impl.StateMachineUpdater (StateMachineUpdater.java:stopAndJoin(136)) - 411bb2a3-40ef-4fc0-81ca-4490e6d37035@group-1DC689591BBC-StateMachineUpdater: set stopIndex = 0
2019-10-16 11:36:18,103 [ForkJoinPool.commonPool-worker-0] INFO  impl.RaftServerImpl (ServerState.java:close(388)) - 411bb2a3-40ef-4fc0-81ca-4490e6d37035@group-1DC689591BBC: closes. applyIndex: 0
2019-10-16 11:36:18,103 [411bb2a3-40ef-4fc0-81ca-4490e6d37035@group-1DC689591BBC-SegmentedRaftLogWorker] INFO  segmented.SegmentedRaftLogWorker (SegmentedRaftLogWorker.java:run(316)) - 411bb2a3-40ef-4fc0-81ca-4490e6d37035@group-1DC689591BBC-SegmentedRaftLogWorker was interrupted, exiting. There are 0 tasks remaining in the queue.
2019-10-16 11:36:18,104 [ForkJoinPool.commonPool-worker-0] INFO  segmented.SegmentedRaftLogWorker (SegmentedRaftLogWorker.java:close(224)) - 411bb2a3-40ef-4fc0-81ca-4490e6d37035@group-1DC689591BBC-SegmentedRaftLogWorker close()
2019-10-16 11:36:18,105 [ForkJoinPool.commonPool-worker-0] INFO  server.GrpcService (GrpcService.java:closeImpl(164)) - 411bb2a3-40ef-4fc0-81ca-4490e6d37035: shutdown server with port 44746 now
2019-10-16 11:36:18,106 [ForkJoinPool.commonPool-worker-0] INFO  server.GrpcService (GrpcService.java:closeImpl(172)) - 411bb2a3-40ef-4fc0-81ca-4490e6d37035: shutdown server with port 44746 successfully
2019-10-16 11:36:18,106 [grpc-default-executor-6] WARN  server.GrpcServerProtocolService (LogUtils.java:warn(134)) - 411bb2a3-40ef-4fc0-81ca-4490e6d37035: installSnapshot onError, lastRequest: 5c445d34-c031-481c-9d4b-8fbace1f61b8->411bb2a3-40ef-4fc0-81ca-4490e6d37035#98-t6, previous=(t:6, i:21), leaderCommit=21, initializing? false, entries: <empty>: org.apache.ratis.thirdparty.io.grpc.StatusRuntimeException: CANCELLED: cancelled before receiving half close
2019-10-16 11:36:18,107 [grpc-default-executor-4] WARN  server.GrpcLogAppender (LogUtils.java:warn(134)) - 5c445d34-c031-481c-9d4b-8fbace1f61b8@group-8BBDE5791A04->411bb2a3-40ef-4fc0-81ca-4490e6d37035-AppendLogResponseHandler: Failed appendEntries: org.apache.ratis.thirdparty.io.grpc.StatusRuntimeException: CANCELLED: HTTP/2 error code: CANCEL
Received Rst Stream
2019-10-16 11:36:18,112 [refreshUsed-/workdir/hadoop-ozone/integration-test/target/test-dir/MiniOzoneClusterImpl-d10f3a9c-4fd6-4949-a3ff-490e135742c9/datanode-0/data/containers] WARN  fs.CachingGetSpaceUsed (CachingGetSpaceUsed.java:run(183)) - Thread Interrupted waiting to refresh disk information: sleep interrupted
2019-10-16 11:36:18,115 [a3132885-145f-4a8c-85f4-c10eb874732d@group-2077DD483DC7-LeaderElection481] INFO  impl.LeaderElection (LeaderElection.java:logAndReturn(56)) - a3132885-145f-4a8c-85f4-c10eb874732d@group-2077DD483DC7-LeaderElection481: Election REJECTED; received 1 response(s) [a3132885-145f-4a8c-85f4-c10eb874732d<-70b633f6-b230-4b9f-87f3-510da88f1e08#0:FAIL-t308] and 1 exception(s); a3132885-145f-4a8c-85f4-c10eb874732d@group-2077DD483DC7:t308, leader=null, voted=a3132885-145f-4a8c-85f4-c10eb874732d, raftlog=a3132885-145f-4a8c-85f4-c10eb874732d@group-2077DD483DC7-SegmentedRaftLog:OPENED:c-1,f-1,i0, conf=-1: [163587bb-2c3b-4498-b576-18147cf38274:192.168.157.203:33208, a3132885-145f-4a8c-85f4-c10eb874732d:192.168.157.203:46766, 70b633f6-b230-4b9f-87f3-510da88f1e08:192.168.157.203:43163], old=null
2019-10-16 11:36:18,115 [a3132885-145f-4a8c-85f4-c10eb874732d@group-2077DD483DC7-LeaderElection481] INFO  impl.LeaderElection (LogUtils.java:infoOrTrace(149)) -   Exception 0: {}
java.util.concurrent.ExecutionException: org.apache.ratis.thirdparty.io.grpc.StatusRuntimeException: UNAVAILABLE: io exception
	at java.util.concurrent.FutureTask.report(FutureTask.java:122)
	at java.util.concurrent.FutureTask.get(FutureTask.java:192)
	at org.apache.ratis.server.impl.LeaderElection.waitForResults(LeaderElection.java:259)
	at org.apache.ratis.server.impl.LeaderElection.askForVotes(LeaderElection.java:197)
	at org.apache.ratis.server.impl.LeaderElection.run(LeaderElection.java:133)
	at java.lang.Thread.run(Thread.java:748)
Caused by: org.apache.ratis.thirdparty.io.grpc.StatusRuntimeException: UNAVAILABLE: io exception
	at org.apache.ratis.thirdparty.io.grpc.stub.ClientCalls.toStatusRuntimeException(ClientCalls.java:233)
	at org.apache.ratis.thirdparty.io.grpc.stub.ClientCalls.getUnchecked(ClientCalls.java:214)
	at org.apache.ratis.thirdparty.io.grpc.stub.ClientCalls.blockingUnaryCall(ClientCalls.java:139)
	at org.apache.ratis.proto.grpc.RaftServerProtocolServiceGrpc$RaftServerProtocolServiceBlockingStub.requestVote(RaftServerProtocolServiceGrpc.java:265)
	at org.apache.ratis.grpc.server.GrpcServerProtocolClient.requestVote(GrpcServerProtocolClient.java:99)
	at org.apache.ratis.grpc.server.GrpcService.requestVote(GrpcService.java:204)
	at org.apache.ratis.server.impl.LeaderElection.lambda$submitRequests$1(LeaderElection.java:234)
	at java.util.concurrent.FutureTask.run(FutureTask.java:266)
	at java.util.concurrent.Executors$RunnableAdapter.call(Executors.java:511)
	at java.util.concurrent.FutureTask.run(FutureTask.java:266)
	at java.util.concurrent.ThreadPoolExecutor.runWorker(ThreadPoolExecutor.java:1149)
	at java.util.concurrent.ThreadPoolExecutor$Worker.run(ThreadPoolExecutor.java:624)
	... 1 more
Caused by: org.apache.ratis.thirdparty.io.netty.channel.AbstractChannel$AnnotatedConnectException: Connection refused: /192.168.157.203:33208
	at sun.nio.ch.SocketChannelImpl.checkConnect(Native Method)
	at sun.nio.ch.SocketChannelImpl.finishConnect(SocketChannelImpl.java:717)
	at org.apache.ratis.thirdparty.io.netty.channel.socket.nio.NioSocketChannel.doFinishConnect(NioSocketChannel.java:327)
	at org.apache.ratis.thirdparty.io.netty.channel.nio.AbstractNioChannel$AbstractNioUnsafe.finishConnect(AbstractNioChannel.java:340)
	at org.apache.ratis.thirdparty.io.netty.channel.nio.NioEventLoop.processSelectedKey(NioEventLoop.java:632)
	at org.apache.ratis.thirdparty.io.netty.channel.nio.NioEventLoop.processSelectedKeysOptimized(NioEventLoop.java:579)
	at org.apache.ratis.thirdparty.io.netty.channel.nio.NioEventLoop.processSelectedKeys(NioEventLoop.java:496)
	at org.apache.ratis.thirdparty.io.netty.channel.nio.NioEventLoop.run(NioEventLoop.java:458)
	at org.apache.ratis.thirdparty.io.netty.util.concurrent.SingleThreadEventExecutor$5.run(SingleThreadEventExecutor.java:897)
	at org.apache.ratis.thirdparty.io.netty.util.concurrent.FastThreadLocalRunnable.run(FastThreadLocalRunnable.java:30)
	... 1 more
Caused by: java.net.ConnectException: Connection refused
	... 11 more
2019-10-16 11:36:18,116 [a3132885-145f-4a8c-85f4-c10eb874732d@group-2077DD483DC7-LeaderElection481] INFO  impl.RaftServerImpl (RaftServerImpl.java:setRole(184)) - a3132885-145f-4a8c-85f4-c10eb874732d@group-2077DD483DC7: changes role from CANDIDATE to FOLLOWER at term 308 for DISCOVERED_A_NEW_TERM
2019-10-16 11:36:18,116 [a3132885-145f-4a8c-85f4-c10eb874732d@group-2077DD483DC7-LeaderElection481] INFO  impl.RoleInfo (RoleInfo.java:shutdownLeaderElection(134)) - a3132885-145f-4a8c-85f4-c10eb874732d: shutdown LeaderElection
2019-10-16 11:36:18,116 [a3132885-145f-4a8c-85f4-c10eb874732d@group-2077DD483DC7-LeaderElection481] INFO  impl.RoleInfo (RoleInfo.java:updateAndGet(143)) - a3132885-145f-4a8c-85f4-c10eb874732d: start FollowerState
2019-10-16 11:36:18,139 [ForkJoinPool.commonPool-worker-0] INFO  utils.BackgroundService (BackgroundService.java:shutdown(151)) - Shutting down service BlockDeletingService
2019-10-16 11:36:18,143 [ForkJoinPool.commonPool-worker-0] INFO  statemachine.DatanodeStateMachine (DatanodeStateMachine.java:stopDaemon(395)) - Ozone container server stopped.
2019-10-16 11:36:18,147 [ForkJoinPool.commonPool-worker-0] INFO  handler.ContextHandler (ContextHandler.java:doStop(910)) - Stopped o.e.j.w.WebAppContext@61cd1c71{/,null,UNAVAILABLE}{/hddsDatanode}
2019-10-16 11:36:18,148 [ForkJoinPool.commonPool-worker-0] INFO  server.AbstractConnector (AbstractConnector.java:doStop(318)) - Stopped ServerConnector@6724cdec{HTTP/1.1,[http/1.1]}{0.0.0.0:0}
2019-10-16 11:36:18,149 [ForkJoinPool.commonPool-worker-0] INFO  handler.ContextHandler (ContextHandler.java:doStop(910)) - Stopped o.e.j.s.ServletContextHandler@13d9261f{/static,jar:file:/home/user/.m2/repository/org/apache/hadoop/hadoop-hdds-container-service/0.5.0-SNAPSHOT/hadoop-hdds-container-service-0.5.0-SNAPSHOT.jar!/webapps/static,UNAVAILABLE}
2019-10-16 11:36:18,151 [ForkJoinPool.commonPool-worker-0] INFO  handler.ContextHandler (ContextHandler.java:doStop(910)) - Stopped o.e.j.s.ServletContextHandler@644ded04{/logs,file:///workdir/hadoop-ozone/integration-test/target/log,UNAVAILABLE}
2019-10-16 11:36:18,277 [Thread-3596] INFO  impl.FollowerState (FollowerState.java:run(108)) - a3132885-145f-4a8c-85f4-c10eb874732d@group-2077DD483DC7-FollowerState: change to CANDIDATE, lastRpcTime:161ms, electionTimeout:161ms
2019-10-16 11:36:18,277 [Thread-3596] INFO  impl.RoleInfo (RoleInfo.java:shutdownFollowerState(121)) - a3132885-145f-4a8c-85f4-c10eb874732d: shutdown FollowerState
2019-10-16 11:36:18,277 [Thread-3596] INFO  impl.RaftServerImpl (RaftServerImpl.java:setRole(184)) - a3132885-145f-4a8c-85f4-c10eb874732d@group-2077DD483DC7: changes role from  FOLLOWER to CANDIDATE at term 308 for changeToCandidate
2019-10-16 11:36:18,278 [Thread-3596] INFO  impl.RoleInfo (RoleInfo.java:updateAndGet(143)) - a3132885-145f-4a8c-85f4-c10eb874732d: start LeaderElection
2019-10-16 11:36:18,291 [a3132885-145f-4a8c-85f4-c10eb874732d@group-2077DD483DC7-LeaderElection482] INFO  impl.LeaderElection (LeaderElection.java:askForVotes(178)) - a3132885-145f-4a8c-85f4-c10eb874732d@group-2077DD483DC7-LeaderElection482: begin an election at term 309 for -1: [163587bb-2c3b-4498-b576-18147cf38274:192.168.157.203:33208, a3132885-145f-4a8c-85f4-c10eb874732d:192.168.157.203:46766, 70b633f6-b230-4b9f-87f3-510da88f1e08:192.168.157.203:43163], old=null
2019-10-16 11:36:18,292 [a3132885-145f-4a8c-85f4-c10eb874732d@group-2077DD483DC7-LeaderElection482] INFO  impl.LeaderElection (LogUtils.java:infoOrTrace(149)) - a3132885-145f-4a8c-85f4-c10eb874732d@group-2077DD483DC7-LeaderElection482 got exception when requesting votes: {}
java.util.concurrent.ExecutionException: org.apache.ratis.thirdparty.io.grpc.StatusRuntimeException: UNAVAILABLE: io exception
	at java.util.concurrent.FutureTask.report(FutureTask.java:122)
	at java.util.concurrent.FutureTask.get(FutureTask.java:192)
	at org.apache.ratis.server.impl.LeaderElection.waitForResults(LeaderElection.java:259)
	at org.apache.ratis.server.impl.LeaderElection.askForVotes(LeaderElection.java:197)
	at org.apache.ratis.server.impl.LeaderElection.run(LeaderElection.java:133)
	at java.lang.Thread.run(Thread.java:748)
Caused by: org.apache.ratis.thirdparty.io.grpc.StatusRuntimeException: UNAVAILABLE: io exception
	at org.apache.ratis.thirdparty.io.grpc.stub.ClientCalls.toStatusRuntimeException(ClientCalls.java:233)
	at org.apache.ratis.thirdparty.io.grpc.stub.ClientCalls.getUnchecked(ClientCalls.java:214)
	at org.apache.ratis.thirdparty.io.grpc.stub.ClientCalls.blockingUnaryCall(ClientCalls.java:139)
	at org.apache.ratis.proto.grpc.RaftServerProtocolServiceGrpc$RaftServerProtocolServiceBlockingStub.requestVote(RaftServerProtocolServiceGrpc.java:265)
	at org.apache.ratis.grpc.server.GrpcServerProtocolClient.requestVote(GrpcServerProtocolClient.java:99)
	at org.apache.ratis.grpc.server.GrpcService.requestVote(GrpcService.java:204)
	at org.apache.ratis.server.impl.LeaderElection.lambda$submitRequests$1(LeaderElection.java:234)
	at java.util.concurrent.FutureTask.run(FutureTask.java:266)
	at java.util.concurrent.Executors$RunnableAdapter.call(Executors.java:511)
	at java.util.concurrent.FutureTask.run(FutureTask.java:266)
	at java.util.concurrent.ThreadPoolExecutor.runWorker(ThreadPoolExecutor.java:1149)
	at java.util.concurrent.ThreadPoolExecutor$Worker.run(ThreadPoolExecutor.java:624)
	... 1 more
Caused by: org.apache.ratis.thirdparty.io.netty.channel.AbstractChannel$AnnotatedConnectException: Connection refused: /192.168.157.203:33208
	at sun.nio.ch.SocketChannelImpl.checkConnect(Native Method)
	at sun.nio.ch.SocketChannelImpl.finishConnect(SocketChannelImpl.java:717)
	at org.apache.ratis.thirdparty.io.netty.channel.socket.nio.NioSocketChannel.doFinishConnect(NioSocketChannel.java:327)
	at org.apache.ratis.thirdparty.io.netty.channel.nio.AbstractNioChannel$AbstractNioUnsafe.finishConnect(AbstractNioChannel.java:340)
	at org.apache.ratis.thirdparty.io.netty.channel.nio.NioEventLoop.processSelectedKey(NioEventLoop.java:632)
	at org.apache.ratis.thirdparty.io.netty.channel.nio.NioEventLoop.processSelectedKeysOptimized(NioEventLoop.java:579)
	at org.apache.ratis.thirdparty.io.netty.channel.nio.NioEventLoop.processSelectedKeys(NioEventLoop.java:496)
	at org.apache.ratis.thirdparty.io.netty.channel.nio.NioEventLoop.run(NioEventLoop.java:458)
	at org.apache.ratis.thirdparty.io.netty.util.concurrent.SingleThreadEventExecutor$5.run(SingleThreadEventExecutor.java:897)
	at org.apache.ratis.thirdparty.io.netty.util.concurrent.FastThreadLocalRunnable.run(FastThreadLocalRunnable.java:30)
	... 1 more
Caused by: java.net.ConnectException: Connection refused
	... 11 more
2019-10-16 11:36:18,293 [grpc-default-executor-5] INFO  impl.RaftServerImpl (RaftServerImpl.java:setRole(184)) - 70b633f6-b230-4b9f-87f3-510da88f1e08@group-2077DD483DC7: changes role from  FOLLOWER to FOLLOWER at term 309 for recognizeCandidate:a3132885-145f-4a8c-85f4-c10eb874732d
2019-10-16 11:36:18,293 [grpc-default-executor-5] INFO  impl.RoleInfo (RoleInfo.java:shutdownFollowerState(121)) - 70b633f6-b230-4b9f-87f3-510da88f1e08: shutdown FollowerState
2019-10-16 11:36:18,293 [grpc-default-executor-5] INFO  impl.RoleInfo (RoleInfo.java:updateAndGet(143)) - 70b633f6-b230-4b9f-87f3-510da88f1e08: start FollowerState
2019-10-16 11:36:18,293 [Thread-3595] INFO  impl.FollowerState (FollowerState.java:run(117)) - 70b633f6-b230-4b9f-87f3-510da88f1e08@group-2077DD483DC7-FollowerState was interrupted: java.lang.InterruptedException: sleep interrupted
2019-10-16 11:36:18,309 [a3132885-145f-4a8c-85f4-c10eb874732d@group-2077DD483DC7-LeaderElection482] INFO  impl.LeaderElection (LeaderElection.java:logAndReturn(56)) - a3132885-145f-4a8c-85f4-c10eb874732d@group-2077DD483DC7-LeaderElection482: Election REJECTED; received 1 response(s) [a3132885-145f-4a8c-85f4-c10eb874732d<-70b633f6-b230-4b9f-87f3-510da88f1e08#0:FAIL-t309] and 1 exception(s); a3132885-145f-4a8c-85f4-c10eb874732d@group-2077DD483DC7:t309, leader=null, voted=a3132885-145f-4a8c-85f4-c10eb874732d, raftlog=a3132885-145f-4a8c-85f4-c10eb874732d@group-2077DD483DC7-SegmentedRaftLog:OPENED:c-1,f-1,i0, conf=-1: [163587bb-2c3b-4498-b576-18147cf38274:192.168.157.203:33208, a3132885-145f-4a8c-85f4-c10eb874732d:192.168.157.203:46766, 70b633f6-b230-4b9f-87f3-510da88f1e08:192.168.157.203:43163], old=null
2019-10-16 11:36:18,309 [a3132885-145f-4a8c-85f4-c10eb874732d@group-2077DD483DC7-LeaderElection482] INFO  impl.LeaderElection (LogUtils.java:infoOrTrace(149)) -   Exception 0: {}
java.util.concurrent.ExecutionException: org.apache.ratis.thirdparty.io.grpc.StatusRuntimeException: UNAVAILABLE: io exception
	at java.util.concurrent.FutureTask.report(FutureTask.java:122)
	at java.util.concurrent.FutureTask.get(FutureTask.java:192)
	at org.apache.ratis.server.impl.LeaderElection.waitForResults(LeaderElection.java:259)
	at org.apache.ratis.server.impl.LeaderElection.askForVotes(LeaderElection.java:197)
	at org.apache.ratis.server.impl.LeaderElection.run(LeaderElection.java:133)
	at java.lang.Thread.run(Thread.java:748)
Caused by: org.apache.ratis.thirdparty.io.grpc.StatusRuntimeException: UNAVAILABLE: io exception
	at org.apache.ratis.thirdparty.io.grpc.stub.ClientCalls.toStatusRuntimeException(ClientCalls.java:233)
	at org.apache.ratis.thirdparty.io.grpc.stub.ClientCalls.getUnchecked(ClientCalls.java:214)
	at org.apache.ratis.thirdparty.io.grpc.stub.ClientCalls.blockingUnaryCall(ClientCalls.java:139)
	at org.apache.ratis.proto.grpc.RaftServerProtocolServiceGrpc$RaftServerProtocolServiceBlockingStub.requestVote(RaftServerProtocolServiceGrpc.java:265)
	at org.apache.ratis.grpc.server.GrpcServerProtocolClient.requestVote(GrpcServerProtocolClient.java:99)
	at org.apache.ratis.grpc.server.GrpcService.requestVote(GrpcService.java:204)
	at org.apache.ratis.server.impl.LeaderElection.lambda$submitRequests$1(LeaderElection.java:234)
	at java.util.concurrent.FutureTask.run(FutureTask.java:266)
	at java.util.concurrent.Executors$RunnableAdapter.call(Executors.java:511)
	at java.util.concurrent.FutureTask.run(FutureTask.java:266)
	at java.util.concurrent.ThreadPoolExecutor.runWorker(ThreadPoolExecutor.java:1149)
	at java.util.concurrent.ThreadPoolExecutor$Worker.run(ThreadPoolExecutor.java:624)
	... 1 more
Caused by: org.apache.ratis.thirdparty.io.netty.channel.AbstractChannel$AnnotatedConnectException: Connection refused: /192.168.157.203:33208
	at sun.nio.ch.SocketChannelImpl.checkConnect(Native Method)
	at sun.nio.ch.SocketChannelImpl.finishConnect(SocketChannelImpl.java:717)
	at org.apache.ratis.thirdparty.io.netty.channel.socket.nio.NioSocketChannel.doFinishConnect(NioSocketChannel.java:327)
	at org.apache.ratis.thirdparty.io.netty.channel.nio.AbstractNioChannel$AbstractNioUnsafe.finishConnect(AbstractNioChannel.java:340)
	at org.apache.ratis.thirdparty.io.netty.channel.nio.NioEventLoop.processSelectedKey(NioEventLoop.java:632)
	at org.apache.ratis.thirdparty.io.netty.channel.nio.NioEventLoop.processSelectedKeysOptimized(NioEventLoop.java:579)
	at org.apache.ratis.thirdparty.io.netty.channel.nio.NioEventLoop.processSelectedKeys(NioEventLoop.java:496)
	at org.apache.ratis.thirdparty.io.netty.channel.nio.NioEventLoop.run(NioEventLoop.java:458)
	at org.apache.ratis.thirdparty.io.netty.util.concurrent.SingleThreadEventExecutor$5.run(SingleThreadEventExecutor.java:897)
	at org.apache.ratis.thirdparty.io.netty.util.concurrent.FastThreadLocalRunnable.run(FastThreadLocalRunnable.java:30)
	... 1 more
Caused by: java.net.ConnectException: Connection refused
	... 11 more
2019-10-16 11:36:18,309 [a3132885-145f-4a8c-85f4-c10eb874732d@group-2077DD483DC7-LeaderElection482] INFO  impl.RaftServerImpl (RaftServerImpl.java:setRole(184)) - a3132885-145f-4a8c-85f4-c10eb874732d@group-2077DD483DC7: changes role from CANDIDATE to FOLLOWER at term 309 for DISCOVERED_A_NEW_TERM
2019-10-16 11:36:18,309 [a3132885-145f-4a8c-85f4-c10eb874732d@group-2077DD483DC7-LeaderElection482] INFO  impl.RoleInfo (RoleInfo.java:shutdownLeaderElection(134)) - a3132885-145f-4a8c-85f4-c10eb874732d: shutdown LeaderElection
2019-10-16 11:36:18,309 [a3132885-145f-4a8c-85f4-c10eb874732d@group-2077DD483DC7-LeaderElection482] INFO  impl.RoleInfo (RoleInfo.java:updateAndGet(143)) - a3132885-145f-4a8c-85f4-c10eb874732d: start FollowerState
2019-10-16 11:36:18,373 [main] INFO  ozoneimpl.OzoneContainer (OzoneContainer.java:stop(227)) - Attempting to stop container services.
2019-10-16 11:36:18,374 [main] INFO  impl.RaftServerProxy (RaftServerProxy.java:lambda$close$4(314)) - 70b633f6-b230-4b9f-87f3-510da88f1e08: close
2019-10-16 11:36:18,374 [main] INFO  impl.RaftServerImpl (RaftServerImpl.java:lambda$shutdown$3(261)) - 70b633f6-b230-4b9f-87f3-510da88f1e08@group-DC109AECEF56: shutdown
2019-10-16 11:36:18,375 [main] INFO  util.JmxRegister (JmxRegister.java:unregister(73)) - Successfully un-registered JMX Bean with object name Ratis:service=RaftServer,group=group-DC109AECEF56,id=70b633f6-b230-4b9f-87f3-510da88f1e08
2019-10-16 11:36:18,375 [main] INFO  impl.RoleInfo (RoleInfo.java:shutdownLeaderState(104)) - 70b633f6-b230-4b9f-87f3-510da88f1e08: shutdown LeaderState
2019-10-16 11:36:18,375 [main] INFO  impl.PendingRequests (PendingRequests.java:sendNotLeaderResponses(202)) - 70b633f6-b230-4b9f-87f3-510da88f1e08@group-DC109AECEF56-PendingRequests: sendNotLeaderResponses
2019-10-16 11:36:18,376 [main] INFO  impl.StateMachineUpdater (StateMachineUpdater.java:stopAndJoin(136)) - 70b633f6-b230-4b9f-87f3-510da88f1e08@group-DC109AECEF56-StateMachineUpdater: set stopIndex = 0
2019-10-16 11:36:18,376 [main] INFO  impl.RaftServerImpl (ServerState.java:close(388)) - 70b633f6-b230-4b9f-87f3-510da88f1e08@group-DC109AECEF56: closes. applyIndex: 0
2019-10-16 11:36:18,377 [70b633f6-b230-4b9f-87f3-510da88f1e08@group-DC109AECEF56-SegmentedRaftLogWorker] INFO  segmented.SegmentedRaftLogWorker (SegmentedRaftLogWorker.java:run(316)) - 70b633f6-b230-4b9f-87f3-510da88f1e08@group-DC109AECEF56-SegmentedRaftLogWorker was interrupted, exiting. There are 0 tasks remaining in the queue.
2019-10-16 11:36:18,377 [main] INFO  segmented.SegmentedRaftLogWorker (SegmentedRaftLogWorker.java:close(224)) - 70b633f6-b230-4b9f-87f3-510da88f1e08@group-DC109AECEF56-SegmentedRaftLogWorker close()
2019-10-16 11:36:18,378 [main] INFO  impl.RaftServerImpl (RaftServerImpl.java:lambda$shutdown$3(261)) - 70b633f6-b230-4b9f-87f3-510da88f1e08@group-2077DD483DC7: shutdown
2019-10-16 11:36:18,379 [main] INFO  util.JmxRegister (JmxRegister.java:unregister(73)) - Successfully un-registered JMX Bean with object name Ratis:service=RaftServer,group=group-2077DD483DC7,id=70b633f6-b230-4b9f-87f3-510da88f1e08
2019-10-16 11:36:18,379 [main] INFO  impl.RoleInfo (RoleInfo.java:shutdownFollowerState(121)) - 70b633f6-b230-4b9f-87f3-510da88f1e08: shutdown FollowerState
2019-10-16 11:36:18,379 [main] INFO  impl.StateMachineUpdater (StateMachineUpdater.java:stopAndJoin(136)) - 70b633f6-b230-4b9f-87f3-510da88f1e08@group-2077DD483DC7-StateMachineUpdater: set stopIndex = 0
2019-10-16 11:36:18,379 [Thread-3600] INFO  impl.FollowerState (FollowerState.java:run(117)) - 70b633f6-b230-4b9f-87f3-510da88f1e08@group-2077DD483DC7-FollowerState was interrupted: java.lang.InterruptedException: sleep interrupted
2019-10-16 11:36:18,380 [main] INFO  impl.RaftServerImpl (ServerState.java:close(388)) - 70b633f6-b230-4b9f-87f3-510da88f1e08@group-2077DD483DC7: closes. applyIndex: 0
2019-10-16 11:36:18,380 [70b633f6-b230-4b9f-87f3-510da88f1e08@group-2077DD483DC7-SegmentedRaftLogWorker] INFO  segmented.SegmentedRaftLogWorker (SegmentedRaftLogWorker.java:run(316)) - 70b633f6-b230-4b9f-87f3-510da88f1e08@group-2077DD483DC7-SegmentedRaftLogWorker was interrupted, exiting. There are 0 tasks remaining in the queue.
2019-10-16 11:36:18,381 [main] INFO  segmented.SegmentedRaftLogWorker (SegmentedRaftLogWorker.java:close(224)) - 70b633f6-b230-4b9f-87f3-510da88f1e08@group-2077DD483DC7-SegmentedRaftLogWorker close()
2019-10-16 11:36:18,382 [main] INFO  server.GrpcService (GrpcService.java:closeImpl(164)) - 70b633f6-b230-4b9f-87f3-510da88f1e08: shutdown server with port 43163 now
2019-10-16 11:36:18,383 [main] INFO  server.GrpcService (GrpcService.java:closeImpl(172)) - 70b633f6-b230-4b9f-87f3-510da88f1e08: shutdown server with port 43163 successfully
2019-10-16 11:36:18,385 [refreshUsed-/workdir/hadoop-ozone/integration-test/target/test-dir/MiniOzoneClusterImpl-d10f3a9c-4fd6-4949-a3ff-490e135742c9/datanode-9/data/containers] WARN  fs.CachingGetSpaceUsed (CachingGetSpaceUsed.java:run(183)) - Thread Interrupted waiting to refresh disk information: sleep interrupted
2019-10-16 11:36:18,403 [main] INFO  utils.BackgroundService (BackgroundService.java:shutdown(151)) - Shutting down service BlockDeletingService
2019-10-16 11:36:18,406 [main] INFO  statemachine.DatanodeStateMachine (DatanodeStateMachine.java:stopDaemon(395)) - Ozone container server stopped.
2019-10-16 11:36:18,407 [main] INFO  handler.ContextHandler (ContextHandler.java:doStop(910)) - Stopped o.e.j.w.WebAppContext@10c72a6f{/,null,UNAVAILABLE}{/hddsDatanode}
2019-10-16 11:36:18,407 [main] INFO  server.AbstractConnector (AbstractConnector.java:doStop(318)) - Stopped ServerConnector@70e94ecb{HTTP/1.1,[http/1.1]}{0.0.0.0:0}
2019-10-16 11:36:18,408 [main] INFO  handler.ContextHandler (ContextHandler.java:doStop(910)) - Stopped o.e.j.s.ServletContextHandler@19a64eae{/static,jar:file:/home/user/.m2/repository/org/apache/hadoop/hadoop-hdds-container-service/0.5.0-SNAPSHOT/hadoop-hdds-container-service-0.5.0-SNAPSHOT.jar!/webapps/static,UNAVAILABLE}
2019-10-16 11:36:18,408 [main] INFO  handler.ContextHandler (ContextHandler.java:doStop(910)) - Stopped o.e.j.s.ServletContextHandler@6cbd0674{/logs,file:///workdir/hadoop-ozone/integration-test/target/log,UNAVAILABLE}
2019-10-16 11:36:18,487 [Thread-3601] INFO  impl.FollowerState (FollowerState.java:run(108)) - a3132885-145f-4a8c-85f4-c10eb874732d@group-2077DD483DC7-FollowerState: change to CANDIDATE, lastRpcTime:177ms, electionTimeout:177ms
2019-10-16 11:36:18,487 [Thread-3601] INFO  impl.RoleInfo (RoleInfo.java:shutdownFollowerState(121)) - a3132885-145f-4a8c-85f4-c10eb874732d: shutdown FollowerState
2019-10-16 11:36:18,487 [Thread-3601] INFO  impl.RaftServerImpl (RaftServerImpl.java:setRole(184)) - a3132885-145f-4a8c-85f4-c10eb874732d@group-2077DD483DC7: changes role from  FOLLOWER to CANDIDATE at term 309 for changeToCandidate
2019-10-16 11:36:18,487 [Thread-3601] INFO  impl.RoleInfo (RoleInfo.java:updateAndGet(143)) - a3132885-145f-4a8c-85f4-c10eb874732d: start LeaderElection
2019-10-16 11:36:18,494 [java.util.concurrent.ThreadPoolExecutor$Worker@1a001f89[State = -1, empty queue]] WARN  server.GrpcLogAppender (GrpcLogAppender.java:timeoutAppendRequest(209)) - 5c445d34-c031-481c-9d4b-8fbace1f61b8@group-8BBDE5791A04->857fec05-692a-4d09-bf1c-7d167682feae-GrpcLogAppender: appendEntries Timeout, request=5c445d34-c031-481c-9d4b-8fbace1f61b8->857fec05-692a-4d09-bf1c-7d167682feae#92-t6, previous=(t:6, i:21), leaderCommit=21, initializing? false, entries: <empty>
2019-10-16 11:36:18,503 [a3132885-145f-4a8c-85f4-c10eb874732d@group-2077DD483DC7-LeaderElection483] INFO  impl.LeaderElection (LeaderElection.java:askForVotes(178)) - a3132885-145f-4a8c-85f4-c10eb874732d@group-2077DD483DC7-LeaderElection483: begin an election at term 310 for -1: [163587bb-2c3b-4498-b576-18147cf38274:192.168.157.203:33208, a3132885-145f-4a8c-85f4-c10eb874732d:192.168.157.203:46766, 70b633f6-b230-4b9f-87f3-510da88f1e08:192.168.157.203:43163], old=null
2019-10-16 11:36:18,503 [a3132885-145f-4a8c-85f4-c10eb874732d@group-2077DD483DC7-LeaderElection483] INFO  impl.LeaderElection (LogUtils.java:infoOrTrace(149)) - a3132885-145f-4a8c-85f4-c10eb874732d@group-2077DD483DC7-LeaderElection483 got exception when requesting votes: {}
java.util.concurrent.ExecutionException: org.apache.ratis.thirdparty.io.grpc.StatusRuntimeException: UNAVAILABLE: io exception
	at java.util.concurrent.FutureTask.report(FutureTask.java:122)
	at java.util.concurrent.FutureTask.get(FutureTask.java:192)
	at org.apache.ratis.server.impl.LeaderElection.waitForResults(LeaderElection.java:259)
	at org.apache.ratis.server.impl.LeaderElection.askForVotes(LeaderElection.java:197)
	at org.apache.ratis.server.impl.LeaderElection.run(LeaderElection.java:133)
	at java.lang.Thread.run(Thread.java:748)
Caused by: org.apache.ratis.thirdparty.io.grpc.StatusRuntimeException: UNAVAILABLE: io exception
	at org.apache.ratis.thirdparty.io.grpc.stub.ClientCalls.toStatusRuntimeException(ClientCalls.java:233)
	at org.apache.ratis.thirdparty.io.grpc.stub.ClientCalls.getUnchecked(ClientCalls.java:214)
	at org.apache.ratis.thirdparty.io.grpc.stub.ClientCalls.blockingUnaryCall(ClientCalls.java:139)
	at org.apache.ratis.proto.grpc.RaftServerProtocolServiceGrpc$RaftServerProtocolServiceBlockingStub.requestVote(RaftServerProtocolServiceGrpc.java:265)
	at org.apache.ratis.grpc.server.GrpcServerProtocolClient.requestVote(GrpcServerProtocolClient.java:99)
	at org.apache.ratis.grpc.server.GrpcService.requestVote(GrpcService.java:204)
	at org.apache.ratis.server.impl.LeaderElection.lambda$submitRequests$1(LeaderElection.java:234)
	at java.util.concurrent.FutureTask.run(FutureTask.java:266)
	at java.util.concurrent.Executors$RunnableAdapter.call(Executors.java:511)
	at java.util.concurrent.FutureTask.run(FutureTask.java:266)
	at java.util.concurrent.ThreadPoolExecutor.runWorker(ThreadPoolExecutor.java:1149)
	at java.util.concurrent.ThreadPoolExecutor$Worker.run(ThreadPoolExecutor.java:624)
	... 1 more
Caused by: org.apache.ratis.thirdparty.io.netty.channel.AbstractChannel$AnnotatedConnectException: Connection refused: /192.168.157.203:33208
	at sun.nio.ch.SocketChannelImpl.checkConnect(Native Method)
	at sun.nio.ch.SocketChannelImpl.finishConnect(SocketChannelImpl.java:717)
	at org.apache.ratis.thirdparty.io.netty.channel.socket.nio.NioSocketChannel.doFinishConnect(NioSocketChannel.java:327)
	at org.apache.ratis.thirdparty.io.netty.channel.nio.AbstractNioChannel$AbstractNioUnsafe.finishConnect(AbstractNioChannel.java:340)
	at org.apache.ratis.thirdparty.io.netty.channel.nio.NioEventLoop.processSelectedKey(NioEventLoop.java:632)
	at org.apache.ratis.thirdparty.io.netty.channel.nio.NioEventLoop.processSelectedKeysOptimized(NioEventLoop.java:579)
	at org.apache.ratis.thirdparty.io.netty.channel.nio.NioEventLoop.processSelectedKeys(NioEventLoop.java:496)
	at org.apache.ratis.thirdparty.io.netty.channel.nio.NioEventLoop.run(NioEventLoop.java:458)
	at org.apache.ratis.thirdparty.io.netty.util.concurrent.SingleThreadEventExecutor$5.run(SingleThreadEventExecutor.java:897)
	at org.apache.ratis.thirdparty.io.netty.util.concurrent.FastThreadLocalRunnable.run(FastThreadLocalRunnable.java:30)
	... 1 more
Caused by: java.net.ConnectException: Connection refused
	... 11 more
2019-10-16 11:36:18,505 [a3132885-145f-4a8c-85f4-c10eb874732d@group-2077DD483DC7-LeaderElection483] INFO  impl.LeaderElection (LogUtils.java:infoOrTrace(149)) - a3132885-145f-4a8c-85f4-c10eb874732d@group-2077DD483DC7-LeaderElection483 got exception when requesting votes: {}
java.util.concurrent.ExecutionException: org.apache.ratis.thirdparty.io.grpc.StatusRuntimeException: UNAVAILABLE: io exception
	at java.util.concurrent.FutureTask.report(FutureTask.java:122)
	at java.util.concurrent.FutureTask.get(FutureTask.java:192)
	at org.apache.ratis.server.impl.LeaderElection.waitForResults(LeaderElection.java:259)
	at org.apache.ratis.server.impl.LeaderElection.askForVotes(LeaderElection.java:197)
	at org.apache.ratis.server.impl.LeaderElection.run(LeaderElection.java:133)
	at java.lang.Thread.run(Thread.java:748)
Caused by: org.apache.ratis.thirdparty.io.grpc.StatusRuntimeException: UNAVAILABLE: io exception
	at org.apache.ratis.thirdparty.io.grpc.stub.ClientCalls.toStatusRuntimeException(ClientCalls.java:233)
	at org.apache.ratis.thirdparty.io.grpc.stub.ClientCalls.getUnchecked(ClientCalls.java:214)
	at org.apache.ratis.thirdparty.io.grpc.stub.ClientCalls.blockingUnaryCall(ClientCalls.java:139)
	at org.apache.ratis.proto.grpc.RaftServerProtocolServiceGrpc$RaftServerProtocolServiceBlockingStub.requestVote(RaftServerProtocolServiceGrpc.java:265)
	at org.apache.ratis.grpc.server.GrpcServerProtocolClient.requestVote(GrpcServerProtocolClient.java:99)
	at org.apache.ratis.grpc.server.GrpcService.requestVote(GrpcService.java:204)
	at org.apache.ratis.server.impl.LeaderElection.lambda$submitRequests$1(LeaderElection.java:234)
	at java.util.concurrent.FutureTask.run(FutureTask.java:266)
	at java.util.concurrent.Executors$RunnableAdapter.call(Executors.java:511)
	at java.util.concurrent.FutureTask.run(FutureTask.java:266)
	at java.util.concurrent.ThreadPoolExecutor.runWorker(ThreadPoolExecutor.java:1149)
	at java.util.concurrent.ThreadPoolExecutor$Worker.run(ThreadPoolExecutor.java:624)
	... 1 more
Caused by: org.apache.ratis.thirdparty.io.netty.channel.AbstractChannel$AnnotatedConnectException: Connection refused: /192.168.157.203:43163
	at sun.nio.ch.SocketChannelImpl.checkConnect(Native Method)
	at sun.nio.ch.SocketChannelImpl.finishConnect(SocketChannelImpl.java:717)
	at org.apache.ratis.thirdparty.io.netty.channel.socket.nio.NioSocketChannel.doFinishConnect(NioSocketChannel.java:327)
	at org.apache.ratis.thirdparty.io.netty.channel.nio.AbstractNioChannel$AbstractNioUnsafe.finishConnect(AbstractNioChannel.java:340)
	at org.apache.ratis.thirdparty.io.netty.channel.nio.NioEventLoop.processSelectedKey(NioEventLoop.java:632)
	at org.apache.ratis.thirdparty.io.netty.channel.nio.NioEventLoop.processSelectedKeysOptimized(NioEventLoop.java:579)
	at org.apache.ratis.thirdparty.io.netty.channel.nio.NioEventLoop.processSelectedKeys(NioEventLoop.java:496)
	at org.apache.ratis.thirdparty.io.netty.channel.nio.NioEventLoop.run(NioEventLoop.java:458)
	at org.apache.ratis.thirdparty.io.netty.util.concurrent.SingleThreadEventExecutor$5.run(SingleThreadEventExecutor.java:897)
	at org.apache.ratis.thirdparty.io.netty.util.concurrent.FastThreadLocalRunnable.run(FastThreadLocalRunnable.java:30)
	... 1 more
Caused by: java.net.ConnectException: Connection refused
	... 11 more
2019-10-16 11:36:18,506 [a3132885-145f-4a8c-85f4-c10eb874732d@group-2077DD483DC7-LeaderElection483] INFO  impl.LeaderElection (LeaderElection.java:logAndReturn(56)) - a3132885-145f-4a8c-85f4-c10eb874732d@group-2077DD483DC7-LeaderElection483: Election REJECTED; received 0 response(s) [] and 2 exception(s); a3132885-145f-4a8c-85f4-c10eb874732d@group-2077DD483DC7:t310, leader=null, voted=a3132885-145f-4a8c-85f4-c10eb874732d, raftlog=a3132885-145f-4a8c-85f4-c10eb874732d@group-2077DD483DC7-SegmentedRaftLog:OPENED:c-1,f-1,i0, conf=-1: [163587bb-2c3b-4498-b576-18147cf38274:192.168.157.203:33208, a3132885-145f-4a8c-85f4-c10eb874732d:192.168.157.203:46766, 70b633f6-b230-4b9f-87f3-510da88f1e08:192.168.157.203:43163], old=null
2019-10-16 11:36:18,506 [a3132885-145f-4a8c-85f4-c10eb874732d@group-2077DD483DC7-LeaderElection483] INFO  impl.LeaderElection (LogUtils.java:infoOrTrace(149)) -   Exception 0: {}
java.util.concurrent.ExecutionException: org.apache.ratis.thirdparty.io.grpc.StatusRuntimeException: UNAVAILABLE: io exception
	at java.util.concurrent.FutureTask.report(FutureTask.java:122)
	at java.util.concurrent.FutureTask.get(FutureTask.java:192)
	at org.apache.ratis.server.impl.LeaderElection.waitForResults(LeaderElection.java:259)
	at org.apache.ratis.server.impl.LeaderElection.askForVotes(LeaderElection.java:197)
	at org.apache.ratis.server.impl.LeaderElection.run(LeaderElection.java:133)
	at java.lang.Thread.run(Thread.java:748)
Caused by: org.apache.ratis.thirdparty.io.grpc.StatusRuntimeException: UNAVAILABLE: io exception
	at org.apache.ratis.thirdparty.io.grpc.stub.ClientCalls.toStatusRuntimeException(ClientCalls.java:233)
	at org.apache.ratis.thirdparty.io.grpc.stub.ClientCalls.getUnchecked(ClientCalls.java:214)
	at org.apache.ratis.thirdparty.io.grpc.stub.ClientCalls.blockingUnaryCall(ClientCalls.java:139)
	at org.apache.ratis.proto.grpc.RaftServerProtocolServiceGrpc$RaftServerProtocolServiceBlockingStub.requestVote(RaftServerProtocolServiceGrpc.java:265)
	at org.apache.ratis.grpc.server.GrpcServerProtocolClient.requestVote(GrpcServerProtocolClient.java:99)
	at org.apache.ratis.grpc.server.GrpcService.requestVote(GrpcService.java:204)
	at org.apache.ratis.server.impl.LeaderElection.lambda$submitRequests$1(LeaderElection.java:234)
	at java.util.concurrent.FutureTask.run(FutureTask.java:266)
	at java.util.concurrent.Executors$RunnableAdapter.call(Executors.java:511)
	at java.util.concurrent.FutureTask.run(FutureTask.java:266)
	at java.util.concurrent.ThreadPoolExecutor.runWorker(ThreadPoolExecutor.java:1149)
	at java.util.concurrent.ThreadPoolExecutor$Worker.run(ThreadPoolExecutor.java:624)
	... 1 more
Caused by: org.apache.ratis.thirdparty.io.netty.channel.AbstractChannel$AnnotatedConnectException: Connection refused: /192.168.157.203:33208
	at sun.nio.ch.SocketChannelImpl.checkConnect(Native Method)
	at sun.nio.ch.SocketChannelImpl.finishConnect(SocketChannelImpl.java:717)
	at org.apache.ratis.thirdparty.io.netty.channel.socket.nio.NioSocketChannel.doFinishConnect(NioSocketChannel.java:327)
	at org.apache.ratis.thirdparty.io.netty.channel.nio.AbstractNioChannel$AbstractNioUnsafe.finishConnect(AbstractNioChannel.java:340)
	at org.apache.ratis.thirdparty.io.netty.channel.nio.NioEventLoop.processSelectedKey(NioEventLoop.java:632)
	at org.apache.ratis.thirdparty.io.netty.channel.nio.NioEventLoop.processSelectedKeysOptimized(NioEventLoop.java:579)
	at org.apache.ratis.thirdparty.io.netty.channel.nio.NioEventLoop.processSelectedKeys(NioEventLoop.java:496)
	at org.apache.ratis.thirdparty.io.netty.channel.nio.NioEventLoop.run(NioEventLoop.java:458)
	at org.apache.ratis.thirdparty.io.netty.util.concurrent.SingleThreadEventExecutor$5.run(SingleThreadEventExecutor.java:897)
	at org.apache.ratis.thirdparty.io.netty.util.concurrent.FastThreadLocalRunnable.run(FastThreadLocalRunnable.java:30)
	... 1 more
Caused by: java.net.ConnectException: Connection refused
	... 11 more
2019-10-16 11:36:18,506 [a3132885-145f-4a8c-85f4-c10eb874732d@group-2077DD483DC7-LeaderElection483] INFO  impl.LeaderElection (LogUtils.java:infoOrTrace(149)) -   Exception 1: {}
java.util.concurrent.ExecutionException: org.apache.ratis.thirdparty.io.grpc.StatusRuntimeException: UNAVAILABLE: io exception
	at java.util.concurrent.FutureTask.report(FutureTask.java:122)
	at java.util.concurrent.FutureTask.get(FutureTask.java:192)
	at org.apache.ratis.server.impl.LeaderElection.waitForResults(LeaderElection.java:259)
	at org.apache.ratis.server.impl.LeaderElection.askForVotes(LeaderElection.java:197)
	at org.apache.ratis.server.impl.LeaderElection.run(LeaderElection.java:133)
	at java.lang.Thread.run(Thread.java:748)
Caused by: org.apache.ratis.thirdparty.io.grpc.StatusRuntimeException: UNAVAILABLE: io exception
	at org.apache.ratis.thirdparty.io.grpc.stub.ClientCalls.toStatusRuntimeException(ClientCalls.java:233)
	at org.apache.ratis.thirdparty.io.grpc.stub.ClientCalls.getUnchecked(ClientCalls.java:214)
	at org.apache.ratis.thirdparty.io.grpc.stub.ClientCalls.blockingUnaryCall(ClientCalls.java:139)
	at org.apache.ratis.proto.grpc.RaftServerProtocolServiceGrpc$RaftServerProtocolServiceBlockingStub.requestVote(RaftServerProtocolServiceGrpc.java:265)
	at org.apache.ratis.grpc.server.GrpcServerProtocolClient.requestVote(GrpcServerProtocolClient.java:99)
	at org.apache.ratis.grpc.server.GrpcService.requestVote(GrpcService.java:204)
	at org.apache.ratis.server.impl.LeaderElection.lambda$submitRequests$1(LeaderElection.java:234)
	at java.util.concurrent.FutureTask.run(FutureTask.java:266)
	at java.util.concurrent.Executors$RunnableAdapter.call(Executors.java:511)
	at java.util.concurrent.FutureTask.run(FutureTask.java:266)
	at java.util.concurrent.ThreadPoolExecutor.runWorker(ThreadPoolExecutor.java:1149)
	at java.util.concurrent.ThreadPoolExecutor$Worker.run(ThreadPoolExecutor.java:624)
	... 1 more
Caused by: org.apache.ratis.thirdparty.io.netty.channel.AbstractChannel$AnnotatedConnectException: Connection refused: /192.168.157.203:43163
	at sun.nio.ch.SocketChannelImpl.checkConnect(Native Method)
	at sun.nio.ch.SocketChannelImpl.finishConnect(SocketChannelImpl.java:717)
	at org.apache.ratis.thirdparty.io.netty.channel.socket.nio.NioSocketChannel.doFinishConnect(NioSocketChannel.java:327)
	at org.apache.ratis.thirdparty.io.netty.channel.nio.AbstractNioChannel$AbstractNioUnsafe.finishConnect(AbstractNioChannel.java:340)
	at org.apache.ratis.thirdparty.io.netty.channel.nio.NioEventLoop.processSelectedKey(NioEventLoop.java:632)
	at org.apache.ratis.thirdparty.io.netty.channel.nio.NioEventLoop.processSelectedKeysOptimized(NioEventLoop.java:579)
	at org.apache.ratis.thirdparty.io.netty.channel.nio.NioEventLoop.processSelectedKeys(NioEventLoop.java:496)
	at org.apache.ratis.thirdparty.io.netty.channel.nio.NioEventLoop.run(NioEventLoop.java:458)
	at org.apache.ratis.thirdparty.io.netty.util.concurrent.SingleThreadEventExecutor$5.run(SingleThreadEventExecutor.java:897)
	at org.apache.ratis.thirdparty.io.netty.util.concurrent.FastThreadLocalRunnable.run(FastThreadLocalRunnable.java:30)
	... 1 more
Caused by: java.net.ConnectException: Connection refused
	... 11 more
2019-10-16 11:36:18,507 [a3132885-145f-4a8c-85f4-c10eb874732d@group-2077DD483DC7-LeaderElection483] INFO  impl.RaftServerImpl (RaftServerImpl.java:setRole(184)) - a3132885-145f-4a8c-85f4-c10eb874732d@group-2077DD483DC7: changes role from CANDIDATE to FOLLOWER at term 310 for DISCOVERED_A_NEW_TERM
2019-10-16 11:36:18,507 [a3132885-145f-4a8c-85f4-c10eb874732d@group-2077DD483DC7-LeaderElection483] INFO  impl.RoleInfo (RoleInfo.java:shutdownLeaderElection(134)) - a3132885-145f-4a8c-85f4-c10eb874732d: shutdown LeaderElection
2019-10-16 11:36:18,507 [a3132885-145f-4a8c-85f4-c10eb874732d@group-2077DD483DC7-LeaderElection483] INFO  impl.RoleInfo (RoleInfo.java:updateAndGet(143)) - a3132885-145f-4a8c-85f4-c10eb874732d: start FollowerState
2019-10-16 11:36:18,519 [Thread-3605] INFO  impl.FollowerState (FollowerState.java:run(108)) - a3132885-145f-4a8c-85f4-c10eb874732d@group-2077DD483DC7-FollowerState: change to CANDIDATE, lastRpcTime:12ms, electionTimeout:12ms
2019-10-16 11:36:18,519 [Thread-3605] INFO  impl.RoleInfo (RoleInfo.java:shutdownFollowerState(121)) - a3132885-145f-4a8c-85f4-c10eb874732d: shutdown FollowerState
2019-10-16 11:36:18,519 [Thread-3605] INFO  impl.RaftServerImpl (RaftServerImpl.java:setRole(184)) - a3132885-145f-4a8c-85f4-c10eb874732d@group-2077DD483DC7: changes role from  FOLLOWER to CANDIDATE at term 310 for changeToCandidate
2019-10-16 11:36:18,520 [Thread-3605] INFO  impl.RoleInfo (RoleInfo.java:updateAndGet(143)) - a3132885-145f-4a8c-85f4-c10eb874732d: start LeaderElection
2019-10-16 11:36:18,533 [a3132885-145f-4a8c-85f4-c10eb874732d@group-2077DD483DC7-LeaderElection484] INFO  impl.LeaderElection (LeaderElection.java:askForVotes(178)) - a3132885-145f-4a8c-85f4-c10eb874732d@group-2077DD483DC7-LeaderElection484: begin an election at term 311 for -1: [163587bb-2c3b-4498-b576-18147cf38274:192.168.157.203:33208, a3132885-145f-4a8c-85f4-c10eb874732d:192.168.157.203:46766, 70b633f6-b230-4b9f-87f3-510da88f1e08:192.168.157.203:43163], old=null
2019-10-16 11:36:18,534 [a3132885-145f-4a8c-85f4-c10eb874732d@group-2077DD483DC7-LeaderElection484] INFO  impl.LeaderElection (LogUtils.java:infoOrTrace(149)) - a3132885-145f-4a8c-85f4-c10eb874732d@group-2077DD483DC7-LeaderElection484 got exception when requesting votes: {}
java.util.concurrent.ExecutionException: org.apache.ratis.thirdparty.io.grpc.StatusRuntimeException: UNAVAILABLE: io exception
	at java.util.concurrent.FutureTask.report(FutureTask.java:122)
	at java.util.concurrent.FutureTask.get(FutureTask.java:192)
	at org.apache.ratis.server.impl.LeaderElection.waitForResults(LeaderElection.java:259)
	at org.apache.ratis.server.impl.LeaderElection.askForVotes(LeaderElection.java:197)
	at org.apache.ratis.server.impl.LeaderElection.run(LeaderElection.java:133)
	at java.lang.Thread.run(Thread.java:748)
Caused by: org.apache.ratis.thirdparty.io.grpc.StatusRuntimeException: UNAVAILABLE: io exception
	at org.apache.ratis.thirdparty.io.grpc.stub.ClientCalls.toStatusRuntimeException(ClientCalls.java:233)
	at org.apache.ratis.thirdparty.io.grpc.stub.ClientCalls.getUnchecked(ClientCalls.java:214)
	at org.apache.ratis.thirdparty.io.grpc.stub.ClientCalls.blockingUnaryCall(ClientCalls.java:139)
	at org.apache.ratis.proto.grpc.RaftServerProtocolServiceGrpc$RaftServerProtocolServiceBlockingStub.requestVote(RaftServerProtocolServiceGrpc.java:265)
	at org.apache.ratis.grpc.server.GrpcServerProtocolClient.requestVote(GrpcServerProtocolClient.java:99)
	at org.apache.ratis.grpc.server.GrpcService.requestVote(GrpcService.java:204)
	at org.apache.ratis.server.impl.LeaderElection.lambda$submitRequests$1(LeaderElection.java:234)
	at java.util.concurrent.FutureTask.run(FutureTask.java:266)
	at java.util.concurrent.Executors$RunnableAdapter.call(Executors.java:511)
	at java.util.concurrent.FutureTask.run(FutureTask.java:266)
	at java.util.concurrent.ThreadPoolExecutor.runWorker(ThreadPoolExecutor.java:1149)
	at java.util.concurrent.ThreadPoolExecutor$Worker.run(ThreadPoolExecutor.java:624)
	... 1 more
Caused by: org.apache.ratis.thirdparty.io.netty.channel.AbstractChannel$AnnotatedConnectException: Connection refused: /192.168.157.203:33208
	at sun.nio.ch.SocketChannelImpl.checkConnect(Native Method)
	at sun.nio.ch.SocketChannelImpl.finishConnect(SocketChannelImpl.java:717)
	at org.apache.ratis.thirdparty.io.netty.channel.socket.nio.NioSocketChannel.doFinishConnect(NioSocketChannel.java:327)
	at org.apache.ratis.thirdparty.io.netty.channel.nio.AbstractNioChannel$AbstractNioUnsafe.finishConnect(AbstractNioChannel.java:340)
	at org.apache.ratis.thirdparty.io.netty.channel.nio.NioEventLoop.processSelectedKey(NioEventLoop.java:632)
	at org.apache.ratis.thirdparty.io.netty.channel.nio.NioEventLoop.processSelectedKeysOptimized(NioEventLoop.java:579)
	at org.apache.ratis.thirdparty.io.netty.channel.nio.NioEventLoop.processSelectedKeys(NioEventLoop.java:496)
	at org.apache.ratis.thirdparty.io.netty.channel.nio.NioEventLoop.run(NioEventLoop.java:458)
	at org.apache.ratis.thirdparty.io.netty.util.concurrent.SingleThreadEventExecutor$5.run(SingleThreadEventExecutor.java:897)
	at org.apache.ratis.thirdparty.io.netty.util.concurrent.FastThreadLocalRunnable.run(FastThreadLocalRunnable.java:30)
	... 1 more
Caused by: java.net.ConnectException: Connection refused
	... 11 more
2019-10-16 11:36:18,534 [a3132885-145f-4a8c-85f4-c10eb874732d@group-2077DD483DC7-LeaderElection484] INFO  impl.LeaderElection (LogUtils.java:infoOrTrace(149)) - a3132885-145f-4a8c-85f4-c10eb874732d@group-2077DD483DC7-LeaderElection484 got exception when requesting votes: {}
java.util.concurrent.ExecutionException: org.apache.ratis.thirdparty.io.grpc.StatusRuntimeException: UNAVAILABLE: io exception
	at java.util.concurrent.FutureTask.report(FutureTask.java:122)
	at java.util.concurrent.FutureTask.get(FutureTask.java:192)
	at org.apache.ratis.server.impl.LeaderElection.waitForResults(LeaderElection.java:259)
	at org.apache.ratis.server.impl.LeaderElection.askForVotes(LeaderElection.java:197)
	at org.apache.ratis.server.impl.LeaderElection.run(LeaderElection.java:133)
	at java.lang.Thread.run(Thread.java:748)
Caused by: org.apache.ratis.thirdparty.io.grpc.StatusRuntimeException: UNAVAILABLE: io exception
	at org.apache.ratis.thirdparty.io.grpc.stub.ClientCalls.toStatusRuntimeException(ClientCalls.java:233)
	at org.apache.ratis.thirdparty.io.grpc.stub.ClientCalls.getUnchecked(ClientCalls.java:214)
	at org.apache.ratis.thirdparty.io.grpc.stub.ClientCalls.blockingUnaryCall(ClientCalls.java:139)
	at org.apache.ratis.proto.grpc.RaftServerProtocolServiceGrpc$RaftServerProtocolServiceBlockingStub.requestVote(RaftServerProtocolServiceGrpc.java:265)
	at org.apache.ratis.grpc.server.GrpcServerProtocolClient.requestVote(GrpcServerProtocolClient.java:99)
	at org.apache.ratis.grpc.server.GrpcService.requestVote(GrpcService.java:204)
	at org.apache.ratis.server.impl.LeaderElection.lambda$submitRequests$1(LeaderElection.java:234)
	at java.util.concurrent.FutureTask.run(FutureTask.java:266)
	at java.util.concurrent.Executors$RunnableAdapter.call(Executors.java:511)
	at java.util.concurrent.FutureTask.run(FutureTask.java:266)
	at java.util.concurrent.ThreadPoolExecutor.runWorker(ThreadPoolExecutor.java:1149)
	at java.util.concurrent.ThreadPoolExecutor$Worker.run(ThreadPoolExecutor.java:624)
	... 1 more
Caused by: org.apache.ratis.thirdparty.io.netty.channel.AbstractChannel$AnnotatedConnectException: Connection refused: /192.168.157.203:43163
	at sun.nio.ch.SocketChannelImpl.checkConnect(Native Method)
	at sun.nio.ch.SocketChannelImpl.finishConnect(SocketChannelImpl.java:717)
	at org.apache.ratis.thirdparty.io.netty.channel.socket.nio.NioSocketChannel.doFinishConnect(NioSocketChannel.java:327)
	at org.apache.ratis.thirdparty.io.netty.channel.nio.AbstractNioChannel$AbstractNioUnsafe.finishConnect(AbstractNioChannel.java:340)
	at org.apache.ratis.thirdparty.io.netty.channel.nio.NioEventLoop.processSelectedKey(NioEventLoop.java:632)
	at org.apache.ratis.thirdparty.io.netty.channel.nio.NioEventLoop.processSelectedKeysOptimized(NioEventLoop.java:579)
	at org.apache.ratis.thirdparty.io.netty.channel.nio.NioEventLoop.processSelectedKeys(NioEventLoop.java:496)
	at org.apache.ratis.thirdparty.io.netty.channel.nio.NioEventLoop.run(NioEventLoop.java:458)
	at org.apache.ratis.thirdparty.io.netty.util.concurrent.SingleThreadEventExecutor$5.run(SingleThreadEventExecutor.java:897)
	at org.apache.ratis.thirdparty.io.netty.util.concurrent.FastThreadLocalRunnable.run(FastThreadLocalRunnable.java:30)
	... 1 more
Caused by: java.net.ConnectException: Connection refused
	... 11 more
2019-10-16 11:36:18,535 [a3132885-145f-4a8c-85f4-c10eb874732d@group-2077DD483DC7-LeaderElection484] INFO  impl.LeaderElection (LeaderElection.java:logAndReturn(56)) - a3132885-145f-4a8c-85f4-c10eb874732d@group-2077DD483DC7-LeaderElection484: Election REJECTED; received 0 response(s) [] and 2 exception(s); a3132885-145f-4a8c-85f4-c10eb874732d@group-2077DD483DC7:t311, leader=null, voted=a3132885-145f-4a8c-85f4-c10eb874732d, raftlog=a3132885-145f-4a8c-85f4-c10eb874732d@group-2077DD483DC7-SegmentedRaftLog:OPENED:c-1,f-1,i0, conf=-1: [163587bb-2c3b-4498-b576-18147cf38274:192.168.157.203:33208, a3132885-145f-4a8c-85f4-c10eb874732d:192.168.157.203:46766, 70b633f6-b230-4b9f-87f3-510da88f1e08:192.168.157.203:43163], old=null
2019-10-16 11:36:18,535 [a3132885-145f-4a8c-85f4-c10eb874732d@group-2077DD483DC7-LeaderElection484] INFO  impl.LeaderElection (LogUtils.java:infoOrTrace(149)) -   Exception 0: {}
java.util.concurrent.ExecutionException: org.apache.ratis.thirdparty.io.grpc.StatusRuntimeException: UNAVAILABLE: io exception
	at java.util.concurrent.FutureTask.report(FutureTask.java:122)
	at java.util.concurrent.FutureTask.get(FutureTask.java:192)
	at org.apache.ratis.server.impl.LeaderElection.waitForResults(LeaderElection.java:259)
	at org.apache.ratis.server.impl.LeaderElection.askForVotes(LeaderElection.java:197)
	at org.apache.ratis.server.impl.LeaderElection.run(LeaderElection.java:133)
	at java.lang.Thread.run(Thread.java:748)
Caused by: org.apache.ratis.thirdparty.io.grpc.StatusRuntimeException: UNAVAILABLE: io exception
	at org.apache.ratis.thirdparty.io.grpc.stub.ClientCalls.toStatusRuntimeException(ClientCalls.java:233)
	at org.apache.ratis.thirdparty.io.grpc.stub.ClientCalls.getUnchecked(ClientCalls.java:214)
	at org.apache.ratis.thirdparty.io.grpc.stub.ClientCalls.blockingUnaryCall(ClientCalls.java:139)
	at org.apache.ratis.proto.grpc.RaftServerProtocolServiceGrpc$RaftServerProtocolServiceBlockingStub.requestVote(RaftServerProtocolServiceGrpc.java:265)
	at org.apache.ratis.grpc.server.GrpcServerProtocolClient.requestVote(GrpcServerProtocolClient.java:99)
	at org.apache.ratis.grpc.server.GrpcService.requestVote(GrpcService.java:204)
	at org.apache.ratis.server.impl.LeaderElection.lambda$submitRequests$1(LeaderElection.java:234)
	at java.util.concurrent.FutureTask.run(FutureTask.java:266)
	at java.util.concurrent.Executors$RunnableAdapter.call(Executors.java:511)
	at java.util.concurrent.FutureTask.run(FutureTask.java:266)
	at java.util.concurrent.ThreadPoolExecutor.runWorker(ThreadPoolExecutor.java:1149)
	at java.util.concurrent.ThreadPoolExecutor$Worker.run(ThreadPoolExecutor.java:624)
	... 1 more
Caused by: org.apache.ratis.thirdparty.io.netty.channel.AbstractChannel$AnnotatedConnectException: Connection refused: /192.168.157.203:33208
	at sun.nio.ch.SocketChannelImpl.checkConnect(Native Method)
	at sun.nio.ch.SocketChannelImpl.finishConnect(SocketChannelImpl.java:717)
	at org.apache.ratis.thirdparty.io.netty.channel.socket.nio.NioSocketChannel.doFinishConnect(NioSocketChannel.java:327)
	at org.apache.ratis.thirdparty.io.netty.channel.nio.AbstractNioChannel$AbstractNioUnsafe.finishConnect(AbstractNioChannel.java:340)
	at org.apache.ratis.thirdparty.io.netty.channel.nio.NioEventLoop.processSelectedKey(NioEventLoop.java:632)
	at org.apache.ratis.thirdparty.io.netty.channel.nio.NioEventLoop.processSelectedKeysOptimized(NioEventLoop.java:579)
	at org.apache.ratis.thirdparty.io.netty.channel.nio.NioEventLoop.processSelectedKeys(NioEventLoop.java:496)
	at org.apache.ratis.thirdparty.io.netty.channel.nio.NioEventLoop.run(NioEventLoop.java:458)
	at org.apache.ratis.thirdparty.io.netty.util.concurrent.SingleThreadEventExecutor$5.run(SingleThreadEventExecutor.java:897)
	at org.apache.ratis.thirdparty.io.netty.util.concurrent.FastThreadLocalRunnable.run(FastThreadLocalRunnable.java:30)
	... 1 more
Caused by: java.net.ConnectException: Connection refused
	... 11 more
2019-10-16 11:36:18,535 [a3132885-145f-4a8c-85f4-c10eb874732d@group-2077DD483DC7-LeaderElection484] INFO  impl.LeaderElection (LogUtils.java:infoOrTrace(149)) -   Exception 1: {}
java.util.concurrent.ExecutionException: org.apache.ratis.thirdparty.io.grpc.StatusRuntimeException: UNAVAILABLE: io exception
	at java.util.concurrent.FutureTask.report(FutureTask.java:122)
	at java.util.concurrent.FutureTask.get(FutureTask.java:192)
	at org.apache.ratis.server.impl.LeaderElection.waitForResults(LeaderElection.java:259)
	at org.apache.ratis.server.impl.LeaderElection.askForVotes(LeaderElection.java:197)
	at org.apache.ratis.server.impl.LeaderElection.run(LeaderElection.java:133)
	at java.lang.Thread.run(Thread.java:748)
Caused by: org.apache.ratis.thirdparty.io.grpc.StatusRuntimeException: UNAVAILABLE: io exception
	at org.apache.ratis.thirdparty.io.grpc.stub.ClientCalls.toStatusRuntimeException(ClientCalls.java:233)
	at org.apache.ratis.thirdparty.io.grpc.stub.ClientCalls.getUnchecked(ClientCalls.java:214)
	at org.apache.ratis.thirdparty.io.grpc.stub.ClientCalls.blockingUnaryCall(ClientCalls.java:139)
	at org.apache.ratis.proto.grpc.RaftServerProtocolServiceGrpc$RaftServerProtocolServiceBlockingStub.requestVote(RaftServerProtocolServiceGrpc.java:265)
	at org.apache.ratis.grpc.server.GrpcServerProtocolClient.requestVote(GrpcServerProtocolClient.java:99)
	at org.apache.ratis.grpc.server.GrpcService.requestVote(GrpcService.java:204)
	at org.apache.ratis.server.impl.LeaderElection.lambda$submitRequests$1(LeaderElection.java:234)
	at java.util.concurrent.FutureTask.run(FutureTask.java:266)
	at java.util.concurrent.Executors$RunnableAdapter.call(Executors.java:511)
	at java.util.concurrent.FutureTask.run(FutureTask.java:266)
	at java.util.concurrent.ThreadPoolExecutor.runWorker(ThreadPoolExecutor.java:1149)
	at java.util.concurrent.ThreadPoolExecutor$Worker.run(ThreadPoolExecutor.java:624)
	... 1 more
Caused by: org.apache.ratis.thirdparty.io.netty.channel.AbstractChannel$AnnotatedConnectException: Connection refused: /192.168.157.203:43163
	at sun.nio.ch.SocketChannelImpl.checkConnect(Native Method)
	at sun.nio.ch.SocketChannelImpl.finishConnect(SocketChannelImpl.java:717)
	at org.apache.ratis.thirdparty.io.netty.channel.socket.nio.NioSocketChannel.doFinishConnect(NioSocketChannel.java:327)
	at org.apache.ratis.thirdparty.io.netty.channel.nio.AbstractNioChannel$AbstractNioUnsafe.finishConnect(AbstractNioChannel.java:340)
	at org.apache.ratis.thirdparty.io.netty.channel.nio.NioEventLoop.processSelectedKey(NioEventLoop.java:632)
	at org.apache.ratis.thirdparty.io.netty.channel.nio.NioEventLoop.processSelectedKeysOptimized(NioEventLoop.java:579)
	at org.apache.ratis.thirdparty.io.netty.channel.nio.NioEventLoop.processSelectedKeys(NioEventLoop.java:496)
	at org.apache.ratis.thirdparty.io.netty.channel.nio.NioEventLoop.run(NioEventLoop.java:458)
	at org.apache.ratis.thirdparty.io.netty.util.concurrent.SingleThreadEventExecutor$5.run(SingleThreadEventExecutor.java:897)
	at org.apache.ratis.thirdparty.io.netty.util.concurrent.FastThreadLocalRunnable.run(FastThreadLocalRunnable.java:30)
	... 1 more
Caused by: java.net.ConnectException: Connection refused
	... 11 more
2019-10-16 11:36:18,535 [a3132885-145f-4a8c-85f4-c10eb874732d@group-2077DD483DC7-LeaderElection484] INFO  impl.RaftServerImpl (RaftServerImpl.java:setRole(184)) - a3132885-145f-4a8c-85f4-c10eb874732d@group-2077DD483DC7: changes role from CANDIDATE to FOLLOWER at term 311 for DISCOVERED_A_NEW_TERM
2019-10-16 11:36:18,535 [a3132885-145f-4a8c-85f4-c10eb874732d@group-2077DD483DC7-LeaderElection484] INFO  impl.RoleInfo (RoleInfo.java:shutdownLeaderElection(134)) - a3132885-145f-4a8c-85f4-c10eb874732d: shutdown LeaderElection
2019-10-16 11:36:18,536 [a3132885-145f-4a8c-85f4-c10eb874732d@group-2077DD483DC7-LeaderElection484] INFO  impl.RoleInfo (RoleInfo.java:updateAndGet(143)) - a3132885-145f-4a8c-85f4-c10eb874732d: start FollowerState
2019-10-16 11:36:18,648 [Thread-3609] INFO  impl.FollowerState (FollowerState.java:run(108)) - a3132885-145f-4a8c-85f4-c10eb874732d@group-2077DD483DC7-FollowerState: change to CANDIDATE, lastRpcTime:112ms, electionTimeout:112ms
2019-10-16 11:36:18,648 [Thread-3609] INFO  impl.RoleInfo (RoleInfo.java:shutdownFollowerState(121)) - a3132885-145f-4a8c-85f4-c10eb874732d: shutdown FollowerState
2019-10-16 11:36:18,648 [Thread-3609] INFO  impl.RaftServerImpl (RaftServerImpl.java:setRole(184)) - a3132885-145f-4a8c-85f4-c10eb874732d@group-2077DD483DC7: changes role from  FOLLOWER to CANDIDATE at term 311 for changeToCandidate
2019-10-16 11:36:18,648 [Thread-3609] INFO  impl.RoleInfo (RoleInfo.java:updateAndGet(143)) - a3132885-145f-4a8c-85f4-c10eb874732d: start LeaderElection
2019-10-16 11:36:18,662 [a3132885-145f-4a8c-85f4-c10eb874732d@group-2077DD483DC7-LeaderElection485] INFO  impl.LeaderElection (LeaderElection.java:askForVotes(178)) - a3132885-145f-4a8c-85f4-c10eb874732d@group-2077DD483DC7-LeaderElection485: begin an election at term 312 for -1: [163587bb-2c3b-4498-b576-18147cf38274:192.168.157.203:33208, a3132885-145f-4a8c-85f4-c10eb874732d:192.168.157.203:46766, 70b633f6-b230-4b9f-87f3-510da88f1e08:192.168.157.203:43163], old=null
2019-10-16 11:36:18,663 [a3132885-145f-4a8c-85f4-c10eb874732d@group-2077DD483DC7-LeaderElection485] INFO  impl.LeaderElection (LogUtils.java:infoOrTrace(149)) - a3132885-145f-4a8c-85f4-c10eb874732d@group-2077DD483DC7-LeaderElection485 got exception when requesting votes: {}
java.util.concurrent.ExecutionException: org.apache.ratis.thirdparty.io.grpc.StatusRuntimeException: UNAVAILABLE: io exception
	at java.util.concurrent.FutureTask.report(FutureTask.java:122)
	at java.util.concurrent.FutureTask.get(FutureTask.java:192)
	at org.apache.ratis.server.impl.LeaderElection.waitForResults(LeaderElection.java:259)
	at org.apache.ratis.server.impl.LeaderElection.askForVotes(LeaderElection.java:197)
	at org.apache.ratis.server.impl.LeaderElection.run(LeaderElection.java:133)
	at java.lang.Thread.run(Thread.java:748)
Caused by: org.apache.ratis.thirdparty.io.grpc.StatusRuntimeException: UNAVAILABLE: io exception
	at org.apache.ratis.thirdparty.io.grpc.stub.ClientCalls.toStatusRuntimeException(ClientCalls.java:233)
	at org.apache.ratis.thirdparty.io.grpc.stub.ClientCalls.getUnchecked(ClientCalls.java:214)
	at org.apache.ratis.thirdparty.io.grpc.stub.ClientCalls.blockingUnaryCall(ClientCalls.java:139)
	at org.apache.ratis.proto.grpc.RaftServerProtocolServiceGrpc$RaftServerProtocolServiceBlockingStub.requestVote(RaftServerProtocolServiceGrpc.java:265)
	at org.apache.ratis.grpc.server.GrpcServerProtocolClient.requestVote(GrpcServerProtocolClient.java:99)
	at org.apache.ratis.grpc.server.GrpcService.requestVote(GrpcService.java:204)
	at org.apache.ratis.server.impl.LeaderElection.lambda$submitRequests$1(LeaderElection.java:234)
	at java.util.concurrent.FutureTask.run(FutureTask.java:266)
	at java.util.concurrent.Executors$RunnableAdapter.call(Executors.java:511)
	at java.util.concurrent.FutureTask.run(FutureTask.java:266)
	at java.util.concurrent.ThreadPoolExecutor.runWorker(ThreadPoolExecutor.java:1149)
	at java.util.concurrent.ThreadPoolExecutor$Worker.run(ThreadPoolExecutor.java:624)
	... 1 more
Caused by: org.apache.ratis.thirdparty.io.netty.channel.AbstractChannel$AnnotatedConnectException: Connection refused: /192.168.157.203:33208
	at sun.nio.ch.SocketChannelImpl.checkConnect(Native Method)
	at sun.nio.ch.SocketChannelImpl.finishConnect(SocketChannelImpl.java:717)
	at org.apache.ratis.thirdparty.io.netty.channel.socket.nio.NioSocketChannel.doFinishConnect(NioSocketChannel.java:327)
	at org.apache.ratis.thirdparty.io.netty.channel.nio.AbstractNioChannel$AbstractNioUnsafe.finishConnect(AbstractNioChannel.java:340)
	at org.apache.ratis.thirdparty.io.netty.channel.nio.NioEventLoop.processSelectedKey(NioEventLoop.java:632)
	at org.apache.ratis.thirdparty.io.netty.channel.nio.NioEventLoop.processSelectedKeysOptimized(NioEventLoop.java:579)
	at org.apache.ratis.thirdparty.io.netty.channel.nio.NioEventLoop.processSelectedKeys(NioEventLoop.java:496)
	at org.apache.ratis.thirdparty.io.netty.channel.nio.NioEventLoop.run(NioEventLoop.java:458)
	at org.apache.ratis.thirdparty.io.netty.util.concurrent.SingleThreadEventExecutor$5.run(SingleThreadEventExecutor.java:897)
	at org.apache.ratis.thirdparty.io.netty.util.concurrent.FastThreadLocalRunnable.run(FastThreadLocalRunnable.java:30)
	... 1 more
Caused by: java.net.ConnectException: Connection refused
	... 11 more
2019-10-16 11:36:18,664 [a3132885-145f-4a8c-85f4-c10eb874732d@group-2077DD483DC7-LeaderElection485] INFO  impl.LeaderElection (LogUtils.java:infoOrTrace(149)) - a3132885-145f-4a8c-85f4-c10eb874732d@group-2077DD483DC7-LeaderElection485 got exception when requesting votes: {}
java.util.concurrent.ExecutionException: org.apache.ratis.thirdparty.io.grpc.StatusRuntimeException: UNAVAILABLE: io exception
	at java.util.concurrent.FutureTask.report(FutureTask.java:122)
	at java.util.concurrent.FutureTask.get(FutureTask.java:192)
	at org.apache.ratis.server.impl.LeaderElection.waitForResults(LeaderElection.java:259)
	at org.apache.ratis.server.impl.LeaderElection.askForVotes(LeaderElection.java:197)
	at org.apache.ratis.server.impl.LeaderElection.run(LeaderElection.java:133)
	at java.lang.Thread.run(Thread.java:748)
Caused by: org.apache.ratis.thirdparty.io.grpc.StatusRuntimeException: UNAVAILABLE: io exception
	at org.apache.ratis.thirdparty.io.grpc.stub.ClientCalls.toStatusRuntimeException(ClientCalls.java:233)
	at org.apache.ratis.thirdparty.io.grpc.stub.ClientCalls.getUnchecked(ClientCalls.java:214)
	at org.apache.ratis.thirdparty.io.grpc.stub.ClientCalls.blockingUnaryCall(ClientCalls.java:139)
	at org.apache.ratis.proto.grpc.RaftServerProtocolServiceGrpc$RaftServerProtocolServiceBlockingStub.requestVote(RaftServerProtocolServiceGrpc.java:265)
	at org.apache.ratis.grpc.server.GrpcServerProtocolClient.requestVote(GrpcServerProtocolClient.java:99)
	at org.apache.ratis.grpc.server.GrpcService.requestVote(GrpcService.java:204)
	at org.apache.ratis.server.impl.LeaderElection.lambda$submitRequests$1(LeaderElection.java:234)
	at java.util.concurrent.FutureTask.run(FutureTask.java:266)
	at java.util.concurrent.Executors$RunnableAdapter.call(Executors.java:511)
	at java.util.concurrent.FutureTask.run(FutureTask.java:266)
	at java.util.concurrent.ThreadPoolExecutor.runWorker(ThreadPoolExecutor.java:1149)
	at java.util.concurrent.ThreadPoolExecutor$Worker.run(ThreadPoolExecutor.java:624)
	... 1 more
Caused by: org.apache.ratis.thirdparty.io.netty.channel.AbstractChannel$AnnotatedConnectException: Connection refused: /192.168.157.203:43163
	at sun.nio.ch.SocketChannelImpl.checkConnect(Native Method)
	at sun.nio.ch.SocketChannelImpl.finishConnect(SocketChannelImpl.java:717)
	at org.apache.ratis.thirdparty.io.netty.channel.socket.nio.NioSocketChannel.doFinishConnect(NioSocketChannel.java:327)
	at org.apache.ratis.thirdparty.io.netty.channel.nio.AbstractNioChannel$AbstractNioUnsafe.finishConnect(AbstractNioChannel.java:340)
	at org.apache.ratis.thirdparty.io.netty.channel.nio.NioEventLoop.processSelectedKey(NioEventLoop.java:632)
	at org.apache.ratis.thirdparty.io.netty.channel.nio.NioEventLoop.processSelectedKeysOptimized(NioEventLoop.java:579)
	at org.apache.ratis.thirdparty.io.netty.channel.nio.NioEventLoop.processSelectedKeys(NioEventLoop.java:496)
	at org.apache.ratis.thirdparty.io.netty.channel.nio.NioEventLoop.run(NioEventLoop.java:458)
	at org.apache.ratis.thirdparty.io.netty.util.concurrent.SingleThreadEventExecutor$5.run(SingleThreadEventExecutor.java:897)
	at org.apache.ratis.thirdparty.io.netty.util.concurrent.FastThreadLocalRunnable.run(FastThreadLocalRunnable.java:30)
	... 1 more
Caused by: java.net.ConnectException: Connection refused
	... 11 more
2019-10-16 11:36:18,664 [a3132885-145f-4a8c-85f4-c10eb874732d@group-2077DD483DC7-LeaderElection485] INFO  impl.LeaderElection (LeaderElection.java:logAndReturn(56)) - a3132885-145f-4a8c-85f4-c10eb874732d@group-2077DD483DC7-LeaderElection485: Election REJECTED; received 0 response(s) [] and 2 exception(s); a3132885-145f-4a8c-85f4-c10eb874732d@group-2077DD483DC7:t312, leader=null, voted=a3132885-145f-4a8c-85f4-c10eb874732d, raftlog=a3132885-145f-4a8c-85f4-c10eb874732d@group-2077DD483DC7-SegmentedRaftLog:OPENED:c-1,f-1,i0, conf=-1: [163587bb-2c3b-4498-b576-18147cf38274:192.168.157.203:33208, a3132885-145f-4a8c-85f4-c10eb874732d:192.168.157.203:46766, 70b633f6-b230-4b9f-87f3-510da88f1e08:192.168.157.203:43163], old=null
2019-10-16 11:36:18,664 [a3132885-145f-4a8c-85f4-c10eb874732d@group-2077DD483DC7-LeaderElection485] INFO  impl.LeaderElection (LogUtils.java:infoOrTrace(149)) -   Exception 0: {}
java.util.concurrent.ExecutionException: org.apache.ratis.thirdparty.io.grpc.StatusRuntimeException: UNAVAILABLE: io exception
	at java.util.concurrent.FutureTask.report(FutureTask.java:122)
	at java.util.concurrent.FutureTask.get(FutureTask.java:192)
	at org.apache.ratis.server.impl.LeaderElection.waitForResults(LeaderElection.java:259)
	at org.apache.ratis.server.impl.LeaderElection.askForVotes(LeaderElection.java:197)
	at org.apache.ratis.server.impl.LeaderElection.run(LeaderElection.java:133)
	at java.lang.Thread.run(Thread.java:748)
Caused by: org.apache.ratis.thirdparty.io.grpc.StatusRuntimeException: UNAVAILABLE: io exception
	at org.apache.ratis.thirdparty.io.grpc.stub.ClientCalls.toStatusRuntimeException(ClientCalls.java:233)
	at org.apache.ratis.thirdparty.io.grpc.stub.ClientCalls.getUnchecked(ClientCalls.java:214)
	at org.apache.ratis.thirdparty.io.grpc.stub.ClientCalls.blockingUnaryCall(ClientCalls.java:139)
	at org.apache.ratis.proto.grpc.RaftServerProtocolServiceGrpc$RaftServerProtocolServiceBlockingStub.requestVote(RaftServerProtocolServiceGrpc.java:265)
	at org.apache.ratis.grpc.server.GrpcServerProtocolClient.requestVote(GrpcServerProtocolClient.java:99)
	at org.apache.ratis.grpc.server.GrpcService.requestVote(GrpcService.java:204)
	at org.apache.ratis.server.impl.LeaderElection.lambda$submitRequests$1(LeaderElection.java:234)
	at java.util.concurrent.FutureTask.run(FutureTask.java:266)
	at java.util.concurrent.Executors$RunnableAdapter.call(Executors.java:511)
	at java.util.concurrent.FutureTask.run(FutureTask.java:266)
	at java.util.concurrent.ThreadPoolExecutor.runWorker(ThreadPoolExecutor.java:1149)
	at java.util.concurrent.ThreadPoolExecutor$Worker.run(ThreadPoolExecutor.java:624)
	... 1 more
Caused by: org.apache.ratis.thirdparty.io.netty.channel.AbstractChannel$AnnotatedConnectException: Connection refused: /192.168.157.203:33208
	at sun.nio.ch.SocketChannelImpl.checkConnect(Native Method)
	at sun.nio.ch.SocketChannelImpl.finishConnect(SocketChannelImpl.java:717)
	at org.apache.ratis.thirdparty.io.netty.channel.socket.nio.NioSocketChannel.doFinishConnect(NioSocketChannel.java:327)
	at org.apache.ratis.thirdparty.io.netty.channel.nio.AbstractNioChannel$AbstractNioUnsafe.finishConnect(AbstractNioChannel.java:340)
	at org.apache.ratis.thirdparty.io.netty.channel.nio.NioEventLoop.processSelectedKey(NioEventLoop.java:632)
	at org.apache.ratis.thirdparty.io.netty.channel.nio.NioEventLoop.processSelectedKeysOptimized(NioEventLoop.java:579)
	at org.apache.ratis.thirdparty.io.netty.channel.nio.NioEventLoop.processSelectedKeys(NioEventLoop.java:496)
	at org.apache.ratis.thirdparty.io.netty.channel.nio.NioEventLoop.run(NioEventLoop.java:458)
	at org.apache.ratis.thirdparty.io.netty.util.concurrent.SingleThreadEventExecutor$5.run(SingleThreadEventExecutor.java:897)
	at org.apache.ratis.thirdparty.io.netty.util.concurrent.FastThreadLocalRunnable.run(FastThreadLocalRunnable.java:30)
	... 1 more
Caused by: java.net.ConnectException: Connection refused
	... 11 more
2019-10-16 11:36:18,665 [a3132885-145f-4a8c-85f4-c10eb874732d@group-2077DD483DC7-LeaderElection485] INFO  impl.LeaderElection (LogUtils.java:infoOrTrace(149)) -   Exception 1: {}
java.util.concurrent.ExecutionException: org.apache.ratis.thirdparty.io.grpc.StatusRuntimeException: UNAVAILABLE: io exception
	at java.util.concurrent.FutureTask.report(FutureTask.java:122)
	at java.util.concurrent.FutureTask.get(FutureTask.java:192)
	at org.apache.ratis.server.impl.LeaderElection.waitForResults(LeaderElection.java:259)
	at org.apache.ratis.server.impl.LeaderElection.askForVotes(LeaderElection.java:197)
	at org.apache.ratis.server.impl.LeaderElection.run(LeaderElection.java:133)
	at java.lang.Thread.run(Thread.java:748)
Caused by: org.apache.ratis.thirdparty.io.grpc.StatusRuntimeException: UNAVAILABLE: io exception
	at org.apache.ratis.thirdparty.io.grpc.stub.ClientCalls.toStatusRuntimeException(ClientCalls.java:233)
	at org.apache.ratis.thirdparty.io.grpc.stub.ClientCalls.getUnchecked(ClientCalls.java:214)
	at org.apache.ratis.thirdparty.io.grpc.stub.ClientCalls.blockingUnaryCall(ClientCalls.java:139)
	at org.apache.ratis.proto.grpc.RaftServerProtocolServiceGrpc$RaftServerProtocolServiceBlockingStub.requestVote(RaftServerProtocolServiceGrpc.java:265)
	at org.apache.ratis.grpc.server.GrpcServerProtocolClient.requestVote(GrpcServerProtocolClient.java:99)
	at org.apache.ratis.grpc.server.GrpcService.requestVote(GrpcService.java:204)
	at org.apache.ratis.server.impl.LeaderElection.lambda$submitRequests$1(LeaderElection.java:234)
	at java.util.concurrent.FutureTask.run(FutureTask.java:266)
	at java.util.concurrent.Executors$RunnableAdapter.call(Executors.java:511)
	at java.util.concurrent.FutureTask.run(FutureTask.java:266)
	at java.util.concurrent.ThreadPoolExecutor.runWorker(ThreadPoolExecutor.java:1149)
	at java.util.concurrent.ThreadPoolExecutor$Worker.run(ThreadPoolExecutor.java:624)
	... 1 more
Caused by: org.apache.ratis.thirdparty.io.netty.channel.AbstractChannel$AnnotatedConnectException: Connection refused: /192.168.157.203:43163
	at sun.nio.ch.SocketChannelImpl.checkConnect(Native Method)
	at sun.nio.ch.SocketChannelImpl.finishConnect(SocketChannelImpl.java:717)
	at org.apache.ratis.thirdparty.io.netty.channel.socket.nio.NioSocketChannel.doFinishConnect(NioSocketChannel.java:327)
	at org.apache.ratis.thirdparty.io.netty.channel.nio.AbstractNioChannel$AbstractNioUnsafe.finishConnect(AbstractNioChannel.java:340)
	at org.apache.ratis.thirdparty.io.netty.channel.nio.NioEventLoop.processSelectedKey(NioEventLoop.java:632)
	at org.apache.ratis.thirdparty.io.netty.channel.nio.NioEventLoop.processSelectedKeysOptimized(NioEventLoop.java:579)
	at org.apache.ratis.thirdparty.io.netty.channel.nio.NioEventLoop.processSelectedKeys(NioEventLoop.java:496)
	at org.apache.ratis.thirdparty.io.netty.channel.nio.NioEventLoop.run(NioEventLoop.java:458)
	at org.apache.ratis.thirdparty.io.netty.util.concurrent.SingleThreadEventExecutor$5.run(SingleThreadEventExecutor.java:897)
	at org.apache.ratis.thirdparty.io.netty.util.concurrent.FastThreadLocalRunnable.run(FastThreadLocalRunnable.java:30)
	... 1 more
Caused by: java.net.ConnectException: Connection refused
	... 11 more
2019-10-16 11:36:18,665 [a3132885-145f-4a8c-85f4-c10eb874732d@group-2077DD483DC7-LeaderElection485] INFO  impl.RaftServerImpl (RaftServerImpl.java:setRole(184)) - a3132885-145f-4a8c-85f4-c10eb874732d@group-2077DD483DC7: changes role from CANDIDATE to FOLLOWER at term 312 for DISCOVERED_A_NEW_TERM
2019-10-16 11:36:18,665 [a3132885-145f-4a8c-85f4-c10eb874732d@group-2077DD483DC7-LeaderElection485] INFO  impl.RoleInfo (RoleInfo.java:shutdownLeaderElection(134)) - a3132885-145f-4a8c-85f4-c10eb874732d: shutdown LeaderElection
2019-10-16 11:36:18,665 [a3132885-145f-4a8c-85f4-c10eb874732d@group-2077DD483DC7-LeaderElection485] INFO  impl.RoleInfo (RoleInfo.java:updateAndGet(143)) - a3132885-145f-4a8c-85f4-c10eb874732d: start FollowerState
2019-10-16 11:36:18,695 [Thread-3613] INFO  impl.FollowerState (FollowerState.java:run(108)) - a3132885-145f-4a8c-85f4-c10eb874732d@group-2077DD483DC7-FollowerState: change to CANDIDATE, lastRpcTime:29ms, electionTimeout:29ms
2019-10-16 11:36:18,695 [Thread-3613] INFO  impl.RoleInfo (RoleInfo.java:shutdownFollowerState(121)) - a3132885-145f-4a8c-85f4-c10eb874732d: shutdown FollowerState
2019-10-16 11:36:18,695 [Thread-3613] INFO  impl.RaftServerImpl (RaftServerImpl.java:setRole(184)) - a3132885-145f-4a8c-85f4-c10eb874732d@group-2077DD483DC7: changes role from  FOLLOWER to CANDIDATE at term 312 for changeToCandidate
2019-10-16 11:36:18,695 [Thread-3613] INFO  impl.RoleInfo (RoleInfo.java:updateAndGet(143)) - a3132885-145f-4a8c-85f4-c10eb874732d: start LeaderElection
2019-10-16 11:36:18,709 [a3132885-145f-4a8c-85f4-c10eb874732d@group-2077DD483DC7-LeaderElection486] INFO  impl.LeaderElection (LeaderElection.java:askForVotes(178)) - a3132885-145f-4a8c-85f4-c10eb874732d@group-2077DD483DC7-LeaderElection486: begin an election at term 313 for -1: [163587bb-2c3b-4498-b576-18147cf38274:192.168.157.203:33208, a3132885-145f-4a8c-85f4-c10eb874732d:192.168.157.203:46766, 70b633f6-b230-4b9f-87f3-510da88f1e08:192.168.157.203:43163], old=null
2019-10-16 11:36:18,709 [a3132885-145f-4a8c-85f4-c10eb874732d@group-2077DD483DC7-LeaderElection486] INFO  impl.LeaderElection (LogUtils.java:infoOrTrace(149)) - a3132885-145f-4a8c-85f4-c10eb874732d@group-2077DD483DC7-LeaderElection486 got exception when requesting votes: {}
java.util.concurrent.ExecutionException: org.apache.ratis.thirdparty.io.grpc.StatusRuntimeException: UNAVAILABLE: io exception
	at java.util.concurrent.FutureTask.report(FutureTask.java:122)
	at java.util.concurrent.FutureTask.get(FutureTask.java:192)
	at org.apache.ratis.server.impl.LeaderElection.waitForResults(LeaderElection.java:259)
	at org.apache.ratis.server.impl.LeaderElection.askForVotes(LeaderElection.java:197)
	at org.apache.ratis.server.impl.LeaderElection.run(LeaderElection.java:133)
	at java.lang.Thread.run(Thread.java:748)
Caused by: org.apache.ratis.thirdparty.io.grpc.StatusRuntimeException: UNAVAILABLE: io exception
	at org.apache.ratis.thirdparty.io.grpc.stub.ClientCalls.toStatusRuntimeException(ClientCalls.java:233)
	at org.apache.ratis.thirdparty.io.grpc.stub.ClientCalls.getUnchecked(ClientCalls.java:214)
	at org.apache.ratis.thirdparty.io.grpc.stub.ClientCalls.blockingUnaryCall(ClientCalls.java:139)
	at org.apache.ratis.proto.grpc.RaftServerProtocolServiceGrpc$RaftServerProtocolServiceBlockingStub.requestVote(RaftServerProtocolServiceGrpc.java:265)
	at org.apache.ratis.grpc.server.GrpcServerProtocolClient.requestVote(GrpcServerProtocolClient.java:99)
	at org.apache.ratis.grpc.server.GrpcService.requestVote(GrpcService.java:204)
	at org.apache.ratis.server.impl.LeaderElection.lambda$submitRequests$1(LeaderElection.java:234)
	at java.util.concurrent.FutureTask.run(FutureTask.java:266)
	at java.util.concurrent.Executors$RunnableAdapter.call(Executors.java:511)
	at java.util.concurrent.FutureTask.run(FutureTask.java:266)
	at java.util.concurrent.ThreadPoolExecutor.runWorker(ThreadPoolExecutor.java:1149)
	at java.util.concurrent.ThreadPoolExecutor$Worker.run(ThreadPoolExecutor.java:624)
	... 1 more
Caused by: org.apache.ratis.thirdparty.io.netty.channel.AbstractChannel$AnnotatedConnectException: Connection refused: /192.168.157.203:33208
	at sun.nio.ch.SocketChannelImpl.checkConnect(Native Method)
	at sun.nio.ch.SocketChannelImpl.finishConnect(SocketChannelImpl.java:717)
	at org.apache.ratis.thirdparty.io.netty.channel.socket.nio.NioSocketChannel.doFinishConnect(NioSocketChannel.java:327)
	at org.apache.ratis.thirdparty.io.netty.channel.nio.AbstractNioChannel$AbstractNioUnsafe.finishConnect(AbstractNioChannel.java:340)
	at org.apache.ratis.thirdparty.io.netty.channel.nio.NioEventLoop.processSelectedKey(NioEventLoop.java:632)
	at org.apache.ratis.thirdparty.io.netty.channel.nio.NioEventLoop.processSelectedKeysOptimized(NioEventLoop.java:579)
	at org.apache.ratis.thirdparty.io.netty.channel.nio.NioEventLoop.processSelectedKeys(NioEventLoop.java:496)
	at org.apache.ratis.thirdparty.io.netty.channel.nio.NioEventLoop.run(NioEventLoop.java:458)
	at org.apache.ratis.thirdparty.io.netty.util.concurrent.SingleThreadEventExecutor$5.run(SingleThreadEventExecutor.java:897)
	at org.apache.ratis.thirdparty.io.netty.util.concurrent.FastThreadLocalRunnable.run(FastThreadLocalRunnable.java:30)
	... 1 more
Caused by: java.net.ConnectException: Connection refused
	... 11 more
2019-10-16 11:36:18,710 [a3132885-145f-4a8c-85f4-c10eb874732d@group-2077DD483DC7-LeaderElection486] INFO  impl.LeaderElection (LogUtils.java:infoOrTrace(149)) - a3132885-145f-4a8c-85f4-c10eb874732d@group-2077DD483DC7-LeaderElection486 got exception when requesting votes: {}
java.util.concurrent.ExecutionException: org.apache.ratis.thirdparty.io.grpc.StatusRuntimeException: UNAVAILABLE: io exception
	at java.util.concurrent.FutureTask.report(FutureTask.java:122)
	at java.util.concurrent.FutureTask.get(FutureTask.java:192)
	at org.apache.ratis.server.impl.LeaderElection.waitForResults(LeaderElection.java:259)
	at org.apache.ratis.server.impl.LeaderElection.askForVotes(LeaderElection.java:197)
	at org.apache.ratis.server.impl.LeaderElection.run(LeaderElection.java:133)
	at java.lang.Thread.run(Thread.java:748)
Caused by: org.apache.ratis.thirdparty.io.grpc.StatusRuntimeException: UNAVAILABLE: io exception
	at org.apache.ratis.thirdparty.io.grpc.stub.ClientCalls.toStatusRuntimeException(ClientCalls.java:233)
	at org.apache.ratis.thirdparty.io.grpc.stub.ClientCalls.getUnchecked(ClientCalls.java:214)
	at org.apache.ratis.thirdparty.io.grpc.stub.ClientCalls.blockingUnaryCall(ClientCalls.java:139)
	at org.apache.ratis.proto.grpc.RaftServerProtocolServiceGrpc$RaftServerProtocolServiceBlockingStub.requestVote(RaftServerProtocolServiceGrpc.java:265)
	at org.apache.ratis.grpc.server.GrpcServerProtocolClient.requestVote(GrpcServerProtocolClient.java:99)
	at org.apache.ratis.grpc.server.GrpcService.requestVote(GrpcService.java:204)
	at org.apache.ratis.server.impl.LeaderElection.lambda$submitRequests$1(LeaderElection.java:234)
	at java.util.concurrent.FutureTask.run(FutureTask.java:266)
	at java.util.concurrent.Executors$RunnableAdapter.call(Executors.java:511)
	at java.util.concurrent.FutureTask.run(FutureTask.java:266)
	at java.util.concurrent.ThreadPoolExecutor.runWorker(ThreadPoolExecutor.java:1149)
	at java.util.concurrent.ThreadPoolExecutor$Worker.run(ThreadPoolExecutor.java:624)
	... 1 more
Caused by: org.apache.ratis.thirdparty.io.netty.channel.AbstractChannel$AnnotatedConnectException: Connection refused: /192.168.157.203:43163
	at sun.nio.ch.SocketChannelImpl.checkConnect(Native Method)
	at sun.nio.ch.SocketChannelImpl.finishConnect(SocketChannelImpl.java:717)
	at org.apache.ratis.thirdparty.io.netty.channel.socket.nio.NioSocketChannel.doFinishConnect(NioSocketChannel.java:327)
	at org.apache.ratis.thirdparty.io.netty.channel.nio.AbstractNioChannel$AbstractNioUnsafe.finishConnect(AbstractNioChannel.java:340)
	at org.apache.ratis.thirdparty.io.netty.channel.nio.NioEventLoop.processSelectedKey(NioEventLoop.java:632)
	at org.apache.ratis.thirdparty.io.netty.channel.nio.NioEventLoop.processSelectedKeysOptimized(NioEventLoop.java:579)
	at org.apache.ratis.thirdparty.io.netty.channel.nio.NioEventLoop.processSelectedKeys(NioEventLoop.java:496)
	at org.apache.ratis.thirdparty.io.netty.channel.nio.NioEventLoop.run(NioEventLoop.java:458)
	at org.apache.ratis.thirdparty.io.netty.util.concurrent.SingleThreadEventExecutor$5.run(SingleThreadEventExecutor.java:897)
	at org.apache.ratis.thirdparty.io.netty.util.concurrent.FastThreadLocalRunnable.run(FastThreadLocalRunnable.java:30)
	... 1 more
Caused by: java.net.ConnectException: Connection refused
	... 11 more
2019-10-16 11:36:18,710 [a3132885-145f-4a8c-85f4-c10eb874732d@group-2077DD483DC7-LeaderElection486] INFO  impl.LeaderElection (LeaderElection.java:logAndReturn(56)) - a3132885-145f-4a8c-85f4-c10eb874732d@group-2077DD483DC7-LeaderElection486: Election REJECTED; received 0 response(s) [] and 2 exception(s); a3132885-145f-4a8c-85f4-c10eb874732d@group-2077DD483DC7:t313, leader=null, voted=a3132885-145f-4a8c-85f4-c10eb874732d, raftlog=a3132885-145f-4a8c-85f4-c10eb874732d@group-2077DD483DC7-SegmentedRaftLog:OPENED:c-1,f-1,i0, conf=-1: [163587bb-2c3b-4498-b576-18147cf38274:192.168.157.203:33208, a3132885-145f-4a8c-85f4-c10eb874732d:192.168.157.203:46766, 70b633f6-b230-4b9f-87f3-510da88f1e08:192.168.157.203:43163], old=null
2019-10-16 11:36:18,710 [a3132885-145f-4a8c-85f4-c10eb874732d@group-2077DD483DC7-LeaderElection486] INFO  impl.LeaderElection (LogUtils.java:infoOrTrace(149)) -   Exception 0: {}
java.util.concurrent.ExecutionException: org.apache.ratis.thirdparty.io.grpc.StatusRuntimeException: UNAVAILABLE: io exception
	at java.util.concurrent.FutureTask.report(FutureTask.java:122)
	at java.util.concurrent.FutureTask.get(FutureTask.java:192)
	at org.apache.ratis.server.impl.LeaderElection.waitForResults(LeaderElection.java:259)
	at org.apache.ratis.server.impl.LeaderElection.askForVotes(LeaderElection.java:197)
	at org.apache.ratis.server.impl.LeaderElection.run(LeaderElection.java:133)
	at java.lang.Thread.run(Thread.java:748)
Caused by: org.apache.ratis.thirdparty.io.grpc.StatusRuntimeException: UNAVAILABLE: io exception
	at org.apache.ratis.thirdparty.io.grpc.stub.ClientCalls.toStatusRuntimeException(ClientCalls.java:233)
	at org.apache.ratis.thirdparty.io.grpc.stub.ClientCalls.getUnchecked(ClientCalls.java:214)
	at org.apache.ratis.thirdparty.io.grpc.stub.ClientCalls.blockingUnaryCall(ClientCalls.java:139)
	at org.apache.ratis.proto.grpc.RaftServerProtocolServiceGrpc$RaftServerProtocolServiceBlockingStub.requestVote(RaftServerProtocolServiceGrpc.java:265)
	at org.apache.ratis.grpc.server.GrpcServerProtocolClient.requestVote(GrpcServerProtocolClient.java:99)
	at org.apache.ratis.grpc.server.GrpcService.requestVote(GrpcService.java:204)
	at org.apache.ratis.server.impl.LeaderElection.lambda$submitRequests$1(LeaderElection.java:234)
	at java.util.concurrent.FutureTask.run(FutureTask.java:266)
	at java.util.concurrent.Executors$RunnableAdapter.call(Executors.java:511)
	at java.util.concurrent.FutureTask.run(FutureTask.java:266)
	at java.util.concurrent.ThreadPoolExecutor.runWorker(ThreadPoolExecutor.java:1149)
	at java.util.concurrent.ThreadPoolExecutor$Worker.run(ThreadPoolExecutor.java:624)
	... 1 more
Caused by: org.apache.ratis.thirdparty.io.netty.channel.AbstractChannel$AnnotatedConnectException: Connection refused: /192.168.157.203:33208
	at sun.nio.ch.SocketChannelImpl.checkConnect(Native Method)
	at sun.nio.ch.SocketChannelImpl.finishConnect(SocketChannelImpl.java:717)
	at org.apache.ratis.thirdparty.io.netty.channel.socket.nio.NioSocketChannel.doFinishConnect(NioSocketChannel.java:327)
	at org.apache.ratis.thirdparty.io.netty.channel.nio.AbstractNioChannel$AbstractNioUnsafe.finishConnect(AbstractNioChannel.java:340)
	at org.apache.ratis.thirdparty.io.netty.channel.nio.NioEventLoop.processSelectedKey(NioEventLoop.java:632)
	at org.apache.ratis.thirdparty.io.netty.channel.nio.NioEventLoop.processSelectedKeysOptimized(NioEventLoop.java:579)
	at org.apache.ratis.thirdparty.io.netty.channel.nio.NioEventLoop.processSelectedKeys(NioEventLoop.java:496)
	at org.apache.ratis.thirdparty.io.netty.channel.nio.NioEventLoop.run(NioEventLoop.java:458)
	at org.apache.ratis.thirdparty.io.netty.util.concurrent.SingleThreadEventExecutor$5.run(SingleThreadEventExecutor.java:897)
	at org.apache.ratis.thirdparty.io.netty.util.concurrent.FastThreadLocalRunnable.run(FastThreadLocalRunnable.java:30)
	... 1 more
Caused by: java.net.ConnectException: Connection refused
	... 11 more
2019-10-16 11:36:18,711 [a3132885-145f-4a8c-85f4-c10eb874732d@group-2077DD483DC7-LeaderElection486] INFO  impl.LeaderElection (LogUtils.java:infoOrTrace(149)) -   Exception 1: {}
java.util.concurrent.ExecutionException: org.apache.ratis.thirdparty.io.grpc.StatusRuntimeException: UNAVAILABLE: io exception
	at java.util.concurrent.FutureTask.report(FutureTask.java:122)
	at java.util.concurrent.FutureTask.get(FutureTask.java:192)
	at org.apache.ratis.server.impl.LeaderElection.waitForResults(LeaderElection.java:259)
	at org.apache.ratis.server.impl.LeaderElection.askForVotes(LeaderElection.java:197)
	at org.apache.ratis.server.impl.LeaderElection.run(LeaderElection.java:133)
	at java.lang.Thread.run(Thread.java:748)
Caused by: org.apache.ratis.thirdparty.io.grpc.StatusRuntimeException: UNAVAILABLE: io exception
	at org.apache.ratis.thirdparty.io.grpc.stub.ClientCalls.toStatusRuntimeException(ClientCalls.java:233)
	at org.apache.ratis.thirdparty.io.grpc.stub.ClientCalls.getUnchecked(ClientCalls.java:214)
	at org.apache.ratis.thirdparty.io.grpc.stub.ClientCalls.blockingUnaryCall(ClientCalls.java:139)
	at org.apache.ratis.proto.grpc.RaftServerProtocolServiceGrpc$RaftServerProtocolServiceBlockingStub.requestVote(RaftServerProtocolServiceGrpc.java:265)
	at org.apache.ratis.grpc.server.GrpcServerProtocolClient.requestVote(GrpcServerProtocolClient.java:99)
	at org.apache.ratis.grpc.server.GrpcService.requestVote(GrpcService.java:204)
	at org.apache.ratis.server.impl.LeaderElection.lambda$submitRequests$1(LeaderElection.java:234)
	at java.util.concurrent.FutureTask.run(FutureTask.java:266)
	at java.util.concurrent.Executors$RunnableAdapter.call(Executors.java:511)
	at java.util.concurrent.FutureTask.run(FutureTask.java:266)
	at java.util.concurrent.ThreadPoolExecutor.runWorker(ThreadPoolExecutor.java:1149)
	at java.util.concurrent.ThreadPoolExecutor$Worker.run(ThreadPoolExecutor.java:624)
	... 1 more
Caused by: org.apache.ratis.thirdparty.io.netty.channel.AbstractChannel$AnnotatedConnectException: Connection refused: /192.168.157.203:43163
	at sun.nio.ch.SocketChannelImpl.checkConnect(Native Method)
	at sun.nio.ch.SocketChannelImpl.finishConnect(SocketChannelImpl.java:717)
	at org.apache.ratis.thirdparty.io.netty.channel.socket.nio.NioSocketChannel.doFinishConnect(NioSocketChannel.java:327)
	at org.apache.ratis.thirdparty.io.netty.channel.nio.AbstractNioChannel$AbstractNioUnsafe.finishConnect(AbstractNioChannel.java:340)
	at org.apache.ratis.thirdparty.io.netty.channel.nio.NioEventLoop.processSelectedKey(NioEventLoop.java:632)
	at org.apache.ratis.thirdparty.io.netty.channel.nio.NioEventLoop.processSelectedKeysOptimized(NioEventLoop.java:579)
	at org.apache.ratis.thirdparty.io.netty.channel.nio.NioEventLoop.processSelectedKeys(NioEventLoop.java:496)
	at org.apache.ratis.thirdparty.io.netty.channel.nio.NioEventLoop.run(NioEventLoop.java:458)
	at org.apache.ratis.thirdparty.io.netty.util.concurrent.SingleThreadEventExecutor$5.run(SingleThreadEventExecutor.java:897)
	at org.apache.ratis.thirdparty.io.netty.util.concurrent.FastThreadLocalRunnable.run(FastThreadLocalRunnable.java:30)
	... 1 more
Caused by: java.net.ConnectException: Connection refused
	... 11 more
2019-10-16 11:36:18,711 [a3132885-145f-4a8c-85f4-c10eb874732d@group-2077DD483DC7-LeaderElection486] INFO  impl.RaftServerImpl (RaftServerImpl.java:setRole(184)) - a3132885-145f-4a8c-85f4-c10eb874732d@group-2077DD483DC7: changes role from CANDIDATE to FOLLOWER at term 313 for DISCOVERED_A_NEW_TERM
2019-10-16 11:36:18,711 [a3132885-145f-4a8c-85f4-c10eb874732d@group-2077DD483DC7-LeaderElection486] INFO  impl.RoleInfo (RoleInfo.java:shutdownLeaderElection(134)) - a3132885-145f-4a8c-85f4-c10eb874732d: shutdown LeaderElection
2019-10-16 11:36:18,711 [a3132885-145f-4a8c-85f4-c10eb874732d@group-2077DD483DC7-LeaderElection486] INFO  impl.RoleInfo (RoleInfo.java:updateAndGet(143)) - a3132885-145f-4a8c-85f4-c10eb874732d: start FollowerState
2019-10-16 11:36:18,724 [Thread-3617] INFO  impl.FollowerState (FollowerState.java:run(108)) - a3132885-145f-4a8c-85f4-c10eb874732d@group-2077DD483DC7-FollowerState: change to CANDIDATE, lastRpcTime:12ms, electionTimeout:12ms
2019-10-16 11:36:18,724 [Thread-3617] INFO  impl.RoleInfo (RoleInfo.java:shutdownFollowerState(121)) - a3132885-145f-4a8c-85f4-c10eb874732d: shutdown FollowerState
2019-10-16 11:36:18,724 [Thread-3617] INFO  impl.RaftServerImpl (RaftServerImpl.java:setRole(184)) - a3132885-145f-4a8c-85f4-c10eb874732d@group-2077DD483DC7: changes role from  FOLLOWER to CANDIDATE at term 313 for changeToCandidate
2019-10-16 11:36:18,724 [Thread-3617] INFO  impl.RoleInfo (RoleInfo.java:updateAndGet(143)) - a3132885-145f-4a8c-85f4-c10eb874732d: start LeaderElection
2019-10-16 11:36:18,737 [a3132885-145f-4a8c-85f4-c10eb874732d@group-2077DD483DC7-LeaderElection487] INFO  impl.LeaderElection (LeaderElection.java:askForVotes(178)) - a3132885-145f-4a8c-85f4-c10eb874732d@group-2077DD483DC7-LeaderElection487: begin an election at term 314 for -1: [163587bb-2c3b-4498-b576-18147cf38274:192.168.157.203:33208, a3132885-145f-4a8c-85f4-c10eb874732d:192.168.157.203:46766, 70b633f6-b230-4b9f-87f3-510da88f1e08:192.168.157.203:43163], old=null
2019-10-16 11:36:18,738 [a3132885-145f-4a8c-85f4-c10eb874732d@group-2077DD483DC7-LeaderElection487] INFO  impl.LeaderElection (LogUtils.java:infoOrTrace(149)) - a3132885-145f-4a8c-85f4-c10eb874732d@group-2077DD483DC7-LeaderElection487 got exception when requesting votes: {}
java.util.concurrent.ExecutionException: org.apache.ratis.thirdparty.io.grpc.StatusRuntimeException: UNAVAILABLE: io exception
	at java.util.concurrent.FutureTask.report(FutureTask.java:122)
	at java.util.concurrent.FutureTask.get(FutureTask.java:192)
	at org.apache.ratis.server.impl.LeaderElection.waitForResults(LeaderElection.java:259)
	at org.apache.ratis.server.impl.LeaderElection.askForVotes(LeaderElection.java:197)
	at org.apache.ratis.server.impl.LeaderElection.run(LeaderElection.java:133)
	at java.lang.Thread.run(Thread.java:748)
Caused by: org.apache.ratis.thirdparty.io.grpc.StatusRuntimeException: UNAVAILABLE: io exception
	at org.apache.ratis.thirdparty.io.grpc.stub.ClientCalls.toStatusRuntimeException(ClientCalls.java:233)
	at org.apache.ratis.thirdparty.io.grpc.stub.ClientCalls.getUnchecked(ClientCalls.java:214)
	at org.apache.ratis.thirdparty.io.grpc.stub.ClientCalls.blockingUnaryCall(ClientCalls.java:139)
	at org.apache.ratis.proto.grpc.RaftServerProtocolServiceGrpc$RaftServerProtocolServiceBlockingStub.requestVote(RaftServerProtocolServiceGrpc.java:265)
	at org.apache.ratis.grpc.server.GrpcServerProtocolClient.requestVote(GrpcServerProtocolClient.java:99)
	at org.apache.ratis.grpc.server.GrpcService.requestVote(GrpcService.java:204)
	at org.apache.ratis.server.impl.LeaderElection.lambda$submitRequests$1(LeaderElection.java:234)
	at java.util.concurrent.FutureTask.run(FutureTask.java:266)
	at java.util.concurrent.Executors$RunnableAdapter.call(Executors.java:511)
	at java.util.concurrent.FutureTask.run(FutureTask.java:266)
	at java.util.concurrent.ThreadPoolExecutor.runWorker(ThreadPoolExecutor.java:1149)
	at java.util.concurrent.ThreadPoolExecutor$Worker.run(ThreadPoolExecutor.java:624)
	... 1 more
Caused by: org.apache.ratis.thirdparty.io.netty.channel.AbstractChannel$AnnotatedConnectException: Connection refused: /192.168.157.203:33208
	at sun.nio.ch.SocketChannelImpl.checkConnect(Native Method)
	at sun.nio.ch.SocketChannelImpl.finishConnect(SocketChannelImpl.java:717)
	at org.apache.ratis.thirdparty.io.netty.channel.socket.nio.NioSocketChannel.doFinishConnect(NioSocketChannel.java:327)
	at org.apache.ratis.thirdparty.io.netty.channel.nio.AbstractNioChannel$AbstractNioUnsafe.finishConnect(AbstractNioChannel.java:340)
	at org.apache.ratis.thirdparty.io.netty.channel.nio.NioEventLoop.processSelectedKey(NioEventLoop.java:632)
	at org.apache.ratis.thirdparty.io.netty.channel.nio.NioEventLoop.processSelectedKeysOptimized(NioEventLoop.java:579)
	at org.apache.ratis.thirdparty.io.netty.channel.nio.NioEventLoop.processSelectedKeys(NioEventLoop.java:496)
	at org.apache.ratis.thirdparty.io.netty.channel.nio.NioEventLoop.run(NioEventLoop.java:458)
	at org.apache.ratis.thirdparty.io.netty.util.concurrent.SingleThreadEventExecutor$5.run(SingleThreadEventExecutor.java:897)
	at org.apache.ratis.thirdparty.io.netty.util.concurrent.FastThreadLocalRunnable.run(FastThreadLocalRunnable.java:30)
	... 1 more
Caused by: java.net.ConnectException: Connection refused
	... 11 more
2019-10-16 11:36:18,739 [a3132885-145f-4a8c-85f4-c10eb874732d@group-2077DD483DC7-LeaderElection487] INFO  impl.LeaderElection (LogUtils.java:infoOrTrace(149)) - a3132885-145f-4a8c-85f4-c10eb874732d@group-2077DD483DC7-LeaderElection487 got exception when requesting votes: {}
java.util.concurrent.ExecutionException: org.apache.ratis.thirdparty.io.grpc.StatusRuntimeException: UNAVAILABLE: io exception
	at java.util.concurrent.FutureTask.report(FutureTask.java:122)
	at java.util.concurrent.FutureTask.get(FutureTask.java:192)
	at org.apache.ratis.server.impl.LeaderElection.waitForResults(LeaderElection.java:259)
	at org.apache.ratis.server.impl.LeaderElection.askForVotes(LeaderElection.java:197)
	at org.apache.ratis.server.impl.LeaderElection.run(LeaderElection.java:133)
	at java.lang.Thread.run(Thread.java:748)
Caused by: org.apache.ratis.thirdparty.io.grpc.StatusRuntimeException: UNAVAILABLE: io exception
	at org.apache.ratis.thirdparty.io.grpc.stub.ClientCalls.toStatusRuntimeException(ClientCalls.java:233)
	at org.apache.ratis.thirdparty.io.grpc.stub.ClientCalls.getUnchecked(ClientCalls.java:214)
	at org.apache.ratis.thirdparty.io.grpc.stub.ClientCalls.blockingUnaryCall(ClientCalls.java:139)
	at org.apache.ratis.proto.grpc.RaftServerProtocolServiceGrpc$RaftServerProtocolServiceBlockingStub.requestVote(RaftServerProtocolServiceGrpc.java:265)
	at org.apache.ratis.grpc.server.GrpcServerProtocolClient.requestVote(GrpcServerProtocolClient.java:99)
	at org.apache.ratis.grpc.server.GrpcService.requestVote(GrpcService.java:204)
	at org.apache.ratis.server.impl.LeaderElection.lambda$submitRequests$1(LeaderElection.java:234)
	at java.util.concurrent.FutureTask.run(FutureTask.java:266)
	at java.util.concurrent.Executors$RunnableAdapter.call(Executors.java:511)
	at java.util.concurrent.FutureTask.run(FutureTask.java:266)
	at java.util.concurrent.ThreadPoolExecutor.runWorker(ThreadPoolExecutor.java:1149)
	at java.util.concurrent.ThreadPoolExecutor$Worker.run(ThreadPoolExecutor.java:624)
	... 1 more
Caused by: org.apache.ratis.thirdparty.io.netty.channel.AbstractChannel$AnnotatedConnectException: Connection refused: /192.168.157.203:43163
	at sun.nio.ch.SocketChannelImpl.checkConnect(Native Method)
	at sun.nio.ch.SocketChannelImpl.finishConnect(SocketChannelImpl.java:717)
	at org.apache.ratis.thirdparty.io.netty.channel.socket.nio.NioSocketChannel.doFinishConnect(NioSocketChannel.java:327)
	at org.apache.ratis.thirdparty.io.netty.channel.nio.AbstractNioChannel$AbstractNioUnsafe.finishConnect(AbstractNioChannel.java:340)
	at org.apache.ratis.thirdparty.io.netty.channel.nio.NioEventLoop.processSelectedKey(NioEventLoop.java:632)
	at org.apache.ratis.thirdparty.io.netty.channel.nio.NioEventLoop.processSelectedKeysOptimized(NioEventLoop.java:579)
	at org.apache.ratis.thirdparty.io.netty.channel.nio.NioEventLoop.processSelectedKeys(NioEventLoop.java:496)
	at org.apache.ratis.thirdparty.io.netty.channel.nio.NioEventLoop.run(NioEventLoop.java:458)
	at org.apache.ratis.thirdparty.io.netty.util.concurrent.SingleThreadEventExecutor$5.run(SingleThreadEventExecutor.java:897)
	at org.apache.ratis.thirdparty.io.netty.util.concurrent.FastThreadLocalRunnable.run(FastThreadLocalRunnable.java:30)
	... 1 more
Caused by: java.net.ConnectException: Connection refused
	... 11 more
2019-10-16 11:36:18,739 [a3132885-145f-4a8c-85f4-c10eb874732d@group-2077DD483DC7-LeaderElection487] INFO  impl.LeaderElection (LeaderElection.java:logAndReturn(56)) - a3132885-145f-4a8c-85f4-c10eb874732d@group-2077DD483DC7-LeaderElection487: Election REJECTED; received 0 response(s) [] and 2 exception(s); a3132885-145f-4a8c-85f4-c10eb874732d@group-2077DD483DC7:t314, leader=null, voted=a3132885-145f-4a8c-85f4-c10eb874732d, raftlog=a3132885-145f-4a8c-85f4-c10eb874732d@group-2077DD483DC7-SegmentedRaftLog:OPENED:c-1,f-1,i0, conf=-1: [163587bb-2c3b-4498-b576-18147cf38274:192.168.157.203:33208, a3132885-145f-4a8c-85f4-c10eb874732d:192.168.157.203:46766, 70b633f6-b230-4b9f-87f3-510da88f1e08:192.168.157.203:43163], old=null
2019-10-16 11:36:18,739 [a3132885-145f-4a8c-85f4-c10eb874732d@group-2077DD483DC7-LeaderElection487] INFO  impl.LeaderElection (LogUtils.java:infoOrTrace(149)) -   Exception 0: {}
java.util.concurrent.ExecutionException: org.apache.ratis.thirdparty.io.grpc.StatusRuntimeException: UNAVAILABLE: io exception
	at java.util.concurrent.FutureTask.report(FutureTask.java:122)
	at java.util.concurrent.FutureTask.get(FutureTask.java:192)
	at org.apache.ratis.server.impl.LeaderElection.waitForResults(LeaderElection.java:259)
	at org.apache.ratis.server.impl.LeaderElection.askForVotes(LeaderElection.java:197)
	at org.apache.ratis.server.impl.LeaderElection.run(LeaderElection.java:133)
	at java.lang.Thread.run(Thread.java:748)
Caused by: org.apache.ratis.thirdparty.io.grpc.StatusRuntimeException: UNAVAILABLE: io exception
	at org.apache.ratis.thirdparty.io.grpc.stub.ClientCalls.toStatusRuntimeException(ClientCalls.java:233)
	at org.apache.ratis.thirdparty.io.grpc.stub.ClientCalls.getUnchecked(ClientCalls.java:214)
	at org.apache.ratis.thirdparty.io.grpc.stub.ClientCalls.blockingUnaryCall(ClientCalls.java:139)
	at org.apache.ratis.proto.grpc.RaftServerProtocolServiceGrpc$RaftServerProtocolServiceBlockingStub.requestVote(RaftServerProtocolServiceGrpc.java:265)
	at org.apache.ratis.grpc.server.GrpcServerProtocolClient.requestVote(GrpcServerProtocolClient.java:99)
	at org.apache.ratis.grpc.server.GrpcService.requestVote(GrpcService.java:204)
	at org.apache.ratis.server.impl.LeaderElection.lambda$submitRequests$1(LeaderElection.java:234)
	at java.util.concurrent.FutureTask.run(FutureTask.java:266)
	at java.util.concurrent.Executors$RunnableAdapter.call(Executors.java:511)
	at java.util.concurrent.FutureTask.run(FutureTask.java:266)
	at java.util.concurrent.ThreadPoolExecutor.runWorker(ThreadPoolExecutor.java:1149)
	at java.util.concurrent.ThreadPoolExecutor$Worker.run(ThreadPoolExecutor.java:624)
	... 1 more
Caused by: org.apache.ratis.thirdparty.io.netty.channel.AbstractChannel$AnnotatedConnectException: Connection refused: /192.168.157.203:33208
	at sun.nio.ch.SocketChannelImpl.checkConnect(Native Method)
	at sun.nio.ch.SocketChannelImpl.finishConnect(SocketChannelImpl.java:717)
	at org.apache.ratis.thirdparty.io.netty.channel.socket.nio.NioSocketChannel.doFinishConnect(NioSocketChannel.java:327)
	at org.apache.ratis.thirdparty.io.netty.channel.nio.AbstractNioChannel$AbstractNioUnsafe.finishConnect(AbstractNioChannel.java:340)
	at org.apache.ratis.thirdparty.io.netty.channel.nio.NioEventLoop.processSelectedKey(NioEventLoop.java:632)
	at org.apache.ratis.thirdparty.io.netty.channel.nio.NioEventLoop.processSelectedKeysOptimized(NioEventLoop.java:579)
	at org.apache.ratis.thirdparty.io.netty.channel.nio.NioEventLoop.processSelectedKeys(NioEventLoop.java:496)
	at org.apache.ratis.thirdparty.io.netty.channel.nio.NioEventLoop.run(NioEventLoop.java:458)
	at org.apache.ratis.thirdparty.io.netty.util.concurrent.SingleThreadEventExecutor$5.run(SingleThreadEventExecutor.java:897)
	at org.apache.ratis.thirdparty.io.netty.util.concurrent.FastThreadLocalRunnable.run(FastThreadLocalRunnable.java:30)
	... 1 more
Caused by: java.net.ConnectException: Connection refused
	... 11 more
2019-10-16 11:36:18,739 [a3132885-145f-4a8c-85f4-c10eb874732d@group-2077DD483DC7-LeaderElection487] INFO  impl.LeaderElection (LogUtils.java:infoOrTrace(149)) -   Exception 1: {}
java.util.concurrent.ExecutionException: org.apache.ratis.thirdparty.io.grpc.StatusRuntimeException: UNAVAILABLE: io exception
	at java.util.concurrent.FutureTask.report(FutureTask.java:122)
	at java.util.concurrent.FutureTask.get(FutureTask.java:192)
	at org.apache.ratis.server.impl.LeaderElection.waitForResults(LeaderElection.java:259)
	at org.apache.ratis.server.impl.LeaderElection.askForVotes(LeaderElection.java:197)
	at org.apache.ratis.server.impl.LeaderElection.run(LeaderElection.java:133)
	at java.lang.Thread.run(Thread.java:748)
Caused by: org.apache.ratis.thirdparty.io.grpc.StatusRuntimeException: UNAVAILABLE: io exception
	at org.apache.ratis.thirdparty.io.grpc.stub.ClientCalls.toStatusRuntimeException(ClientCalls.java:233)
	at org.apache.ratis.thirdparty.io.grpc.stub.ClientCalls.getUnchecked(ClientCalls.java:214)
	at org.apache.ratis.thirdparty.io.grpc.stub.ClientCalls.blockingUnaryCall(ClientCalls.java:139)
	at org.apache.ratis.proto.grpc.RaftServerProtocolServiceGrpc$RaftServerProtocolServiceBlockingStub.requestVote(RaftServerProtocolServiceGrpc.java:265)
	at org.apache.ratis.grpc.server.GrpcServerProtocolClient.requestVote(GrpcServerProtocolClient.java:99)
	at org.apache.ratis.grpc.server.GrpcService.requestVote(GrpcService.java:204)
	at org.apache.ratis.server.impl.LeaderElection.lambda$submitRequests$1(LeaderElection.java:234)
	at java.util.concurrent.FutureTask.run(FutureTask.java:266)
	at java.util.concurrent.Executors$RunnableAdapter.call(Executors.java:511)
	at java.util.concurrent.FutureTask.run(FutureTask.java:266)
	at java.util.concurrent.ThreadPoolExecutor.runWorker(ThreadPoolExecutor.java:1149)
	at java.util.concurrent.ThreadPoolExecutor$Worker.run(ThreadPoolExecutor.java:624)
	... 1 more
Caused by: org.apache.ratis.thirdparty.io.netty.channel.AbstractChannel$AnnotatedConnectException: Connection refused: /192.168.157.203:43163
	at sun.nio.ch.SocketChannelImpl.checkConnect(Native Method)
	at sun.nio.ch.SocketChannelImpl.finishConnect(SocketChannelImpl.java:717)
	at org.apache.ratis.thirdparty.io.netty.channel.socket.nio.NioSocketChannel.doFinishConnect(NioSocketChannel.java:327)
	at org.apache.ratis.thirdparty.io.netty.channel.nio.AbstractNioChannel$AbstractNioUnsafe.finishConnect(AbstractNioChannel.java:340)
	at org.apache.ratis.thirdparty.io.netty.channel.nio.NioEventLoop.processSelectedKey(NioEventLoop.java:632)
	at org.apache.ratis.thirdparty.io.netty.channel.nio.NioEventLoop.processSelectedKeysOptimized(NioEventLoop.java:579)
	at org.apache.ratis.thirdparty.io.netty.channel.nio.NioEventLoop.processSelectedKeys(NioEventLoop.java:496)
	at org.apache.ratis.thirdparty.io.netty.channel.nio.NioEventLoop.run(NioEventLoop.java:458)
	at org.apache.ratis.thirdparty.io.netty.util.concurrent.SingleThreadEventExecutor$5.run(SingleThreadEventExecutor.java:897)
	at org.apache.ratis.thirdparty.io.netty.util.concurrent.FastThreadLocalRunnable.run(FastThreadLocalRunnable.java:30)
	... 1 more
Caused by: java.net.ConnectException: Connection refused
	... 11 more
2019-10-16 11:36:18,740 [a3132885-145f-4a8c-85f4-c10eb874732d@group-2077DD483DC7-LeaderElection487] INFO  impl.RaftServerImpl (RaftServerImpl.java:setRole(184)) - a3132885-145f-4a8c-85f4-c10eb874732d@group-2077DD483DC7: changes role from CANDIDATE to FOLLOWER at term 314 for DISCOVERED_A_NEW_TERM
2019-10-16 11:36:18,740 [a3132885-145f-4a8c-85f4-c10eb874732d@group-2077DD483DC7-LeaderElection487] INFO  impl.RoleInfo (RoleInfo.java:shutdownLeaderElection(134)) - a3132885-145f-4a8c-85f4-c10eb874732d: shutdown LeaderElection
2019-10-16 11:36:18,740 [a3132885-145f-4a8c-85f4-c10eb874732d@group-2077DD483DC7-LeaderElection487] INFO  impl.RoleInfo (RoleInfo.java:updateAndGet(143)) - a3132885-145f-4a8c-85f4-c10eb874732d: start FollowerState
2019-10-16 11:36:18,868 [Thread-3621] INFO  impl.FollowerState (FollowerState.java:run(108)) - a3132885-145f-4a8c-85f4-c10eb874732d@group-2077DD483DC7-FollowerState: change to CANDIDATE, lastRpcTime:128ms, electionTimeout:128ms
2019-10-16 11:36:18,869 [Thread-3621] INFO  impl.RoleInfo (RoleInfo.java:shutdownFollowerState(121)) - a3132885-145f-4a8c-85f4-c10eb874732d: shutdown FollowerState
2019-10-16 11:36:18,869 [Thread-3621] INFO  impl.RaftServerImpl (RaftServerImpl.java:setRole(184)) - a3132885-145f-4a8c-85f4-c10eb874732d@group-2077DD483DC7: changes role from  FOLLOWER to CANDIDATE at term 314 for changeToCandidate
2019-10-16 11:36:18,869 [Thread-3621] INFO  impl.RoleInfo (RoleInfo.java:updateAndGet(143)) - a3132885-145f-4a8c-85f4-c10eb874732d: start LeaderElection
2019-10-16 11:36:18,877 [a3132885-145f-4a8c-85f4-c10eb874732d@group-2077DD483DC7-LeaderElection488] INFO  impl.LeaderElection (LeaderElection.java:askForVotes(178)) - a3132885-145f-4a8c-85f4-c10eb874732d@group-2077DD483DC7-LeaderElection488: begin an election at term 315 for -1: [163587bb-2c3b-4498-b576-18147cf38274:192.168.157.203:33208, a3132885-145f-4a8c-85f4-c10eb874732d:192.168.157.203:46766, 70b633f6-b230-4b9f-87f3-510da88f1e08:192.168.157.203:43163], old=null
2019-10-16 11:36:18,878 [a3132885-145f-4a8c-85f4-c10eb874732d@group-2077DD483DC7-LeaderElection488] INFO  impl.LeaderElection (LogUtils.java:infoOrTrace(149)) - a3132885-145f-4a8c-85f4-c10eb874732d@group-2077DD483DC7-LeaderElection488 got exception when requesting votes: {}
java.util.concurrent.ExecutionException: org.apache.ratis.thirdparty.io.grpc.StatusRuntimeException: UNAVAILABLE: io exception
	at java.util.concurrent.FutureTask.report(FutureTask.java:122)
	at java.util.concurrent.FutureTask.get(FutureTask.java:192)
	at org.apache.ratis.server.impl.LeaderElection.waitForResults(LeaderElection.java:259)
	at org.apache.ratis.server.impl.LeaderElection.askForVotes(LeaderElection.java:197)
	at org.apache.ratis.server.impl.LeaderElection.run(LeaderElection.java:133)
	at java.lang.Thread.run(Thread.java:748)
Caused by: org.apache.ratis.thirdparty.io.grpc.StatusRuntimeException: UNAVAILABLE: io exception
	at org.apache.ratis.thirdparty.io.grpc.stub.ClientCalls.toStatusRuntimeException(ClientCalls.java:233)
	at org.apache.ratis.thirdparty.io.grpc.stub.ClientCalls.getUnchecked(ClientCalls.java:214)
	at org.apache.ratis.thirdparty.io.grpc.stub.ClientCalls.blockingUnaryCall(ClientCalls.java:139)
	at org.apache.ratis.proto.grpc.RaftServerProtocolServiceGrpc$RaftServerProtocolServiceBlockingStub.requestVote(RaftServerProtocolServiceGrpc.java:265)
	at org.apache.ratis.grpc.server.GrpcServerProtocolClient.requestVote(GrpcServerProtocolClient.java:99)
	at org.apache.ratis.grpc.server.GrpcService.requestVote(GrpcService.java:204)
	at org.apache.ratis.server.impl.LeaderElection.lambda$submitRequests$1(LeaderElection.java:234)
	at java.util.concurrent.FutureTask.run(FutureTask.java:266)
	at java.util.concurrent.Executors$RunnableAdapter.call(Executors.java:511)
	at java.util.concurrent.FutureTask.run(FutureTask.java:266)
	at java.util.concurrent.ThreadPoolExecutor.runWorker(ThreadPoolExecutor.java:1149)
	at java.util.concurrent.ThreadPoolExecutor$Worker.run(ThreadPoolExecutor.java:624)
	... 1 more
Caused by: org.apache.ratis.thirdparty.io.netty.channel.AbstractChannel$AnnotatedConnectException: Connection refused: /192.168.157.203:33208
	at sun.nio.ch.SocketChannelImpl.checkConnect(Native Method)
	at sun.nio.ch.SocketChannelImpl.finishConnect(SocketChannelImpl.java:717)
	at org.apache.ratis.thirdparty.io.netty.channel.socket.nio.NioSocketChannel.doFinishConnect(NioSocketChannel.java:327)
	at org.apache.ratis.thirdparty.io.netty.channel.nio.AbstractNioChannel$AbstractNioUnsafe.finishConnect(AbstractNioChannel.java:340)
	at org.apache.ratis.thirdparty.io.netty.channel.nio.NioEventLoop.processSelectedKey(NioEventLoop.java:632)
	at org.apache.ratis.thirdparty.io.netty.channel.nio.NioEventLoop.processSelectedKeysOptimized(NioEventLoop.java:579)
	at org.apache.ratis.thirdparty.io.netty.channel.nio.NioEventLoop.processSelectedKeys(NioEventLoop.java:496)
	at org.apache.ratis.thirdparty.io.netty.channel.nio.NioEventLoop.run(NioEventLoop.java:458)
	at org.apache.ratis.thirdparty.io.netty.util.concurrent.SingleThreadEventExecutor$5.run(SingleThreadEventExecutor.java:897)
	at org.apache.ratis.thirdparty.io.netty.util.concurrent.FastThreadLocalRunnable.run(FastThreadLocalRunnable.java:30)
	... 1 more
Caused by: java.net.ConnectException: Connection refused
	... 11 more
2019-10-16 11:36:18,878 [a3132885-145f-4a8c-85f4-c10eb874732d@group-2077DD483DC7-LeaderElection488] INFO  impl.LeaderElection (LogUtils.java:infoOrTrace(149)) - a3132885-145f-4a8c-85f4-c10eb874732d@group-2077DD483DC7-LeaderElection488 got exception when requesting votes: {}
java.util.concurrent.ExecutionException: org.apache.ratis.thirdparty.io.grpc.StatusRuntimeException: UNAVAILABLE: io exception
	at java.util.concurrent.FutureTask.report(FutureTask.java:122)
	at java.util.concurrent.FutureTask.get(FutureTask.java:192)
	at org.apache.ratis.server.impl.LeaderElection.waitForResults(LeaderElection.java:259)
	at org.apache.ratis.server.impl.LeaderElection.askForVotes(LeaderElection.java:197)
	at org.apache.ratis.server.impl.LeaderElection.run(LeaderElection.java:133)
	at java.lang.Thread.run(Thread.java:748)
Caused by: org.apache.ratis.thirdparty.io.grpc.StatusRuntimeException: UNAVAILABLE: io exception
	at org.apache.ratis.thirdparty.io.grpc.stub.ClientCalls.toStatusRuntimeException(ClientCalls.java:233)
	at org.apache.ratis.thirdparty.io.grpc.stub.ClientCalls.getUnchecked(ClientCalls.java:214)
	at org.apache.ratis.thirdparty.io.grpc.stub.ClientCalls.blockingUnaryCall(ClientCalls.java:139)
	at org.apache.ratis.proto.grpc.RaftServerProtocolServiceGrpc$RaftServerProtocolServiceBlockingStub.requestVote(RaftServerProtocolServiceGrpc.java:265)
	at org.apache.ratis.grpc.server.GrpcServerProtocolClient.requestVote(GrpcServerProtocolClient.java:99)
	at org.apache.ratis.grpc.server.GrpcService.requestVote(GrpcService.java:204)
	at org.apache.ratis.server.impl.LeaderElection.lambda$submitRequests$1(LeaderElection.java:234)
	at java.util.concurrent.FutureTask.run(FutureTask.java:266)
	at java.util.concurrent.Executors$RunnableAdapter.call(Executors.java:511)
	at java.util.concurrent.FutureTask.run(FutureTask.java:266)
	at java.util.concurrent.ThreadPoolExecutor.runWorker(ThreadPoolExecutor.java:1149)
	at java.util.concurrent.ThreadPoolExecutor$Worker.run(ThreadPoolExecutor.java:624)
	... 1 more
Caused by: org.apache.ratis.thirdparty.io.netty.channel.AbstractChannel$AnnotatedConnectException: Connection refused: /192.168.157.203:43163
	at sun.nio.ch.SocketChannelImpl.checkConnect(Native Method)
	at sun.nio.ch.SocketChannelImpl.finishConnect(SocketChannelImpl.java:717)
	at org.apache.ratis.thirdparty.io.netty.channel.socket.nio.NioSocketChannel.doFinishConnect(NioSocketChannel.java:327)
	at org.apache.ratis.thirdparty.io.netty.channel.nio.AbstractNioChannel$AbstractNioUnsafe.finishConnect(AbstractNioChannel.java:340)
	at org.apache.ratis.thirdparty.io.netty.channel.nio.NioEventLoop.processSelectedKey(NioEventLoop.java:632)
	at org.apache.ratis.thirdparty.io.netty.channel.nio.NioEventLoop.processSelectedKeysOptimized(NioEventLoop.java:579)
	at org.apache.ratis.thirdparty.io.netty.channel.nio.NioEventLoop.processSelectedKeys(NioEventLoop.java:496)
	at org.apache.ratis.thirdparty.io.netty.channel.nio.NioEventLoop.run(NioEventLoop.java:458)
	at org.apache.ratis.thirdparty.io.netty.util.concurrent.SingleThreadEventExecutor$5.run(SingleThreadEventExecutor.java:897)
	at org.apache.ratis.thirdparty.io.netty.util.concurrent.FastThreadLocalRunnable.run(FastThreadLocalRunnable.java:30)
	... 1 more
Caused by: java.net.ConnectException: Connection refused
	... 11 more
2019-10-16 11:36:18,879 [a3132885-145f-4a8c-85f4-c10eb874732d@group-2077DD483DC7-LeaderElection488] INFO  impl.LeaderElection (LeaderElection.java:logAndReturn(56)) - a3132885-145f-4a8c-85f4-c10eb874732d@group-2077DD483DC7-LeaderElection488: Election REJECTED; received 0 response(s) [] and 2 exception(s); a3132885-145f-4a8c-85f4-c10eb874732d@group-2077DD483DC7:t315, leader=null, voted=a3132885-145f-4a8c-85f4-c10eb874732d, raftlog=a3132885-145f-4a8c-85f4-c10eb874732d@group-2077DD483DC7-SegmentedRaftLog:OPENED:c-1,f-1,i0, conf=-1: [163587bb-2c3b-4498-b576-18147cf38274:192.168.157.203:33208, a3132885-145f-4a8c-85f4-c10eb874732d:192.168.157.203:46766, 70b633f6-b230-4b9f-87f3-510da88f1e08:192.168.157.203:43163], old=null
2019-10-16 11:36:18,879 [a3132885-145f-4a8c-85f4-c10eb874732d@group-2077DD483DC7-LeaderElection488] INFO  impl.LeaderElection (LogUtils.java:infoOrTrace(149)) -   Exception 0: {}
java.util.concurrent.ExecutionException: org.apache.ratis.thirdparty.io.grpc.StatusRuntimeException: UNAVAILABLE: io exception
	at java.util.concurrent.FutureTask.report(FutureTask.java:122)
	at java.util.concurrent.FutureTask.get(FutureTask.java:192)
	at org.apache.ratis.server.impl.LeaderElection.waitForResults(LeaderElection.java:259)
	at org.apache.ratis.server.impl.LeaderElection.askForVotes(LeaderElection.java:197)
	at org.apache.ratis.server.impl.LeaderElection.run(LeaderElection.java:133)
	at java.lang.Thread.run(Thread.java:748)
Caused by: org.apache.ratis.thirdparty.io.grpc.StatusRuntimeException: UNAVAILABLE: io exception
	at org.apache.ratis.thirdparty.io.grpc.stub.ClientCalls.toStatusRuntimeException(ClientCalls.java:233)
	at org.apache.ratis.thirdparty.io.grpc.stub.ClientCalls.getUnchecked(ClientCalls.java:214)
	at org.apache.ratis.thirdparty.io.grpc.stub.ClientCalls.blockingUnaryCall(ClientCalls.java:139)
	at org.apache.ratis.proto.grpc.RaftServerProtocolServiceGrpc$RaftServerProtocolServiceBlockingStub.requestVote(RaftServerProtocolServiceGrpc.java:265)
	at org.apache.ratis.grpc.server.GrpcServerProtocolClient.requestVote(GrpcServerProtocolClient.java:99)
	at org.apache.ratis.grpc.server.GrpcService.requestVote(GrpcService.java:204)
	at org.apache.ratis.server.impl.LeaderElection.lambda$submitRequests$1(LeaderElection.java:234)
	at java.util.concurrent.FutureTask.run(FutureTask.java:266)
	at java.util.concurrent.Executors$RunnableAdapter.call(Executors.java:511)
	at java.util.concurrent.FutureTask.run(FutureTask.java:266)
	at java.util.concurrent.ThreadPoolExecutor.runWorker(ThreadPoolExecutor.java:1149)
	at java.util.concurrent.ThreadPoolExecutor$Worker.run(ThreadPoolExecutor.java:624)
	... 1 more
Caused by: org.apache.ratis.thirdparty.io.netty.channel.AbstractChannel$AnnotatedConnectException: Connection refused: /192.168.157.203:33208
	at sun.nio.ch.SocketChannelImpl.checkConnect(Native Method)
	at sun.nio.ch.SocketChannelImpl.finishConnect(SocketChannelImpl.java:717)
	at org.apache.ratis.thirdparty.io.netty.channel.socket.nio.NioSocketChannel.doFinishConnect(NioSocketChannel.java:327)
	at org.apache.ratis.thirdparty.io.netty.channel.nio.AbstractNioChannel$AbstractNioUnsafe.finishConnect(AbstractNioChannel.java:340)
	at org.apache.ratis.thirdparty.io.netty.channel.nio.NioEventLoop.processSelectedKey(NioEventLoop.java:632)
	at org.apache.ratis.thirdparty.io.netty.channel.nio.NioEventLoop.processSelectedKeysOptimized(NioEventLoop.java:579)
	at org.apache.ratis.thirdparty.io.netty.channel.nio.NioEventLoop.processSelectedKeys(NioEventLoop.java:496)
	at org.apache.ratis.thirdparty.io.netty.channel.nio.NioEventLoop.run(NioEventLoop.java:458)
	at org.apache.ratis.thirdparty.io.netty.util.concurrent.SingleThreadEventExecutor$5.run(SingleThreadEventExecutor.java:897)
	at org.apache.ratis.thirdparty.io.netty.util.concurrent.FastThreadLocalRunnable.run(FastThreadLocalRunnable.java:30)
	... 1 more
Caused by: java.net.ConnectException: Connection refused
	... 11 more
2019-10-16 11:36:18,879 [a3132885-145f-4a8c-85f4-c10eb874732d@group-2077DD483DC7-LeaderElection488] INFO  impl.LeaderElection (LogUtils.java:infoOrTrace(149)) -   Exception 1: {}
java.util.concurrent.ExecutionException: org.apache.ratis.thirdparty.io.grpc.StatusRuntimeException: UNAVAILABLE: io exception
	at java.util.concurrent.FutureTask.report(FutureTask.java:122)
	at java.util.concurrent.FutureTask.get(FutureTask.java:192)
	at org.apache.ratis.server.impl.LeaderElection.waitForResults(LeaderElection.java:259)
	at org.apache.ratis.server.impl.LeaderElection.askForVotes(LeaderElection.java:197)
	at org.apache.ratis.server.impl.LeaderElection.run(LeaderElection.java:133)
	at java.lang.Thread.run(Thread.java:748)
Caused by: org.apache.ratis.thirdparty.io.grpc.StatusRuntimeException: UNAVAILABLE: io exception
	at org.apache.ratis.thirdparty.io.grpc.stub.ClientCalls.toStatusRuntimeException(ClientCalls.java:233)
	at org.apache.ratis.thirdparty.io.grpc.stub.ClientCalls.getUnchecked(ClientCalls.java:214)
	at org.apache.ratis.thirdparty.io.grpc.stub.ClientCalls.blockingUnaryCall(ClientCalls.java:139)
	at org.apache.ratis.proto.grpc.RaftServerProtocolServiceGrpc$RaftServerProtocolServiceBlockingStub.requestVote(RaftServerProtocolServiceGrpc.java:265)
	at org.apache.ratis.grpc.server.GrpcServerProtocolClient.requestVote(GrpcServerProtocolClient.java:99)
	at org.apache.ratis.grpc.server.GrpcService.requestVote(GrpcService.java:204)
	at org.apache.ratis.server.impl.LeaderElection.lambda$submitRequests$1(LeaderElection.java:234)
	at java.util.concurrent.FutureTask.run(FutureTask.java:266)
	at java.util.concurrent.Executors$RunnableAdapter.call(Executors.java:511)
	at java.util.concurrent.FutureTask.run(FutureTask.java:266)
	at java.util.concurrent.ThreadPoolExecutor.runWorker(ThreadPoolExecutor.java:1149)
	at java.util.concurrent.ThreadPoolExecutor$Worker.run(ThreadPoolExecutor.java:624)
	... 1 more
Caused by: org.apache.ratis.thirdparty.io.netty.channel.AbstractChannel$AnnotatedConnectException: Connection refused: /192.168.157.203:43163
	at sun.nio.ch.SocketChannelImpl.checkConnect(Native Method)
	at sun.nio.ch.SocketChannelImpl.finishConnect(SocketChannelImpl.java:717)
	at org.apache.ratis.thirdparty.io.netty.channel.socket.nio.NioSocketChannel.doFinishConnect(NioSocketChannel.java:327)
	at org.apache.ratis.thirdparty.io.netty.channel.nio.AbstractNioChannel$AbstractNioUnsafe.finishConnect(AbstractNioChannel.java:340)
	at org.apache.ratis.thirdparty.io.netty.channel.nio.NioEventLoop.processSelectedKey(NioEventLoop.java:632)
	at org.apache.ratis.thirdparty.io.netty.channel.nio.NioEventLoop.processSelectedKeysOptimized(NioEventLoop.java:579)
	at org.apache.ratis.thirdparty.io.netty.channel.nio.NioEventLoop.processSelectedKeys(NioEventLoop.java:496)
	at org.apache.ratis.thirdparty.io.netty.channel.nio.NioEventLoop.run(NioEventLoop.java:458)
	at org.apache.ratis.thirdparty.io.netty.util.concurrent.SingleThreadEventExecutor$5.run(SingleThreadEventExecutor.java:897)
	at org.apache.ratis.thirdparty.io.netty.util.concurrent.FastThreadLocalRunnable.run(FastThreadLocalRunnable.java:30)
	... 1 more
Caused by: java.net.ConnectException: Connection refused
	... 11 more
2019-10-16 11:36:18,880 [a3132885-145f-4a8c-85f4-c10eb874732d@group-2077DD483DC7-LeaderElection488] INFO  impl.RaftServerImpl (RaftServerImpl.java:setRole(184)) - a3132885-145f-4a8c-85f4-c10eb874732d@group-2077DD483DC7: changes role from CANDIDATE to FOLLOWER at term 315 for DISCOVERED_A_NEW_TERM
2019-10-16 11:36:18,880 [a3132885-145f-4a8c-85f4-c10eb874732d@group-2077DD483DC7-LeaderElection488] INFO  impl.RoleInfo (RoleInfo.java:shutdownLeaderElection(134)) - a3132885-145f-4a8c-85f4-c10eb874732d: shutdown LeaderElection
2019-10-16 11:36:18,880 [a3132885-145f-4a8c-85f4-c10eb874732d@group-2077DD483DC7-LeaderElection488] INFO  impl.RoleInfo (RoleInfo.java:updateAndGet(143)) - a3132885-145f-4a8c-85f4-c10eb874732d: start FollowerState
2019-10-16 11:36:18,912 [Datanode State Machine Thread - 0] INFO  statemachine.DatanodeStateMachine (DatanodeStateMachine.java:lambda$startDaemon$0(350)) - Ozone container server started.
2019-10-16 11:36:18,962 [Thread-3625] INFO  impl.FollowerState (FollowerState.java:run(108)) - a3132885-145f-4a8c-85f4-c10eb874732d@group-2077DD483DC7-FollowerState: change to CANDIDATE, lastRpcTime:82ms, electionTimeout:82ms
2019-10-16 11:36:18,963 [Thread-3625] INFO  impl.RoleInfo (RoleInfo.java:shutdownFollowerState(121)) - a3132885-145f-4a8c-85f4-c10eb874732d: shutdown FollowerState
2019-10-16 11:36:18,963 [Thread-3625] INFO  impl.RaftServerImpl (RaftServerImpl.java:setRole(184)) - a3132885-145f-4a8c-85f4-c10eb874732d@group-2077DD483DC7: changes role from  FOLLOWER to CANDIDATE at term 315 for changeToCandidate
2019-10-16 11:36:18,963 [Thread-3625] INFO  impl.RoleInfo (RoleInfo.java:updateAndGet(143)) - a3132885-145f-4a8c-85f4-c10eb874732d: start LeaderElection
2019-10-16 11:36:18,994 [java.util.concurrent.ThreadPoolExecutor$Worker@1a001f89[State = -1, empty queue]] WARN  server.GrpcLogAppender (GrpcLogAppender.java:timeoutAppendRequest(209)) - 5c445d34-c031-481c-9d4b-8fbace1f61b8@group-8BBDE5791A04->857fec05-692a-4d09-bf1c-7d167682feae-GrpcLogAppender: appendEntries Timeout, request=5c445d34-c031-481c-9d4b-8fbace1f61b8->857fec05-692a-4d09-bf1c-7d167682feae#93-t6, previous=(t:6, i:21), leaderCommit=21, initializing? false, entries: <empty>
2019-10-16 11:36:19,015 [a3132885-145f-4a8c-85f4-c10eb874732d@group-2077DD483DC7-LeaderElection489] INFO  impl.LeaderElection (LeaderElection.java:askForVotes(178)) - a3132885-145f-4a8c-85f4-c10eb874732d@group-2077DD483DC7-LeaderElection489: begin an election at term 316 for -1: [163587bb-2c3b-4498-b576-18147cf38274:192.168.157.203:33208, a3132885-145f-4a8c-85f4-c10eb874732d:192.168.157.203:46766, 70b633f6-b230-4b9f-87f3-510da88f1e08:192.168.157.203:43163], old=null
2019-10-16 11:36:19,016 [a3132885-145f-4a8c-85f4-c10eb874732d@group-2077DD483DC7-LeaderElection489] INFO  impl.LeaderElection (LogUtils.java:infoOrTrace(149)) - a3132885-145f-4a8c-85f4-c10eb874732d@group-2077DD483DC7-LeaderElection489 got exception when requesting votes: {}
java.util.concurrent.ExecutionException: org.apache.ratis.thirdparty.io.grpc.StatusRuntimeException: UNAVAILABLE: io exception
	at java.util.concurrent.FutureTask.report(FutureTask.java:122)
	at java.util.concurrent.FutureTask.get(FutureTask.java:192)
	at org.apache.ratis.server.impl.LeaderElection.waitForResults(LeaderElection.java:259)
	at org.apache.ratis.server.impl.LeaderElection.askForVotes(LeaderElection.java:197)
	at org.apache.ratis.server.impl.LeaderElection.run(LeaderElection.java:133)
	at java.lang.Thread.run(Thread.java:748)
Caused by: org.apache.ratis.thirdparty.io.grpc.StatusRuntimeException: UNAVAILABLE: io exception
	at org.apache.ratis.thirdparty.io.grpc.stub.ClientCalls.toStatusRuntimeException(ClientCalls.java:233)
	at org.apache.ratis.thirdparty.io.grpc.stub.ClientCalls.getUnchecked(ClientCalls.java:214)
	at org.apache.ratis.thirdparty.io.grpc.stub.ClientCalls.blockingUnaryCall(ClientCalls.java:139)
	at org.apache.ratis.proto.grpc.RaftServerProtocolServiceGrpc$RaftServerProtocolServiceBlockingStub.requestVote(RaftServerProtocolServiceGrpc.java:265)
	at org.apache.ratis.grpc.server.GrpcServerProtocolClient.requestVote(GrpcServerProtocolClient.java:99)
	at org.apache.ratis.grpc.server.GrpcService.requestVote(GrpcService.java:204)
	at org.apache.ratis.server.impl.LeaderElection.lambda$submitRequests$1(LeaderElection.java:234)
	at java.util.concurrent.FutureTask.run(FutureTask.java:266)
	at java.util.concurrent.Executors$RunnableAdapter.call(Executors.java:511)
	at java.util.concurrent.FutureTask.run(FutureTask.java:266)
	at java.util.concurrent.ThreadPoolExecutor.runWorker(ThreadPoolExecutor.java:1149)
	at java.util.concurrent.ThreadPoolExecutor$Worker.run(ThreadPoolExecutor.java:624)
	... 1 more
Caused by: org.apache.ratis.thirdparty.io.netty.channel.AbstractChannel$AnnotatedConnectException: Connection refused: /192.168.157.203:43163
	at sun.nio.ch.SocketChannelImpl.checkConnect(Native Method)
	at sun.nio.ch.SocketChannelImpl.finishConnect(SocketChannelImpl.java:717)
	at org.apache.ratis.thirdparty.io.netty.channel.socket.nio.NioSocketChannel.doFinishConnect(NioSocketChannel.java:327)
	at org.apache.ratis.thirdparty.io.netty.channel.nio.AbstractNioChannel$AbstractNioUnsafe.finishConnect(AbstractNioChannel.java:340)
	at org.apache.ratis.thirdparty.io.netty.channel.nio.NioEventLoop.processSelectedKey(NioEventLoop.java:632)
	at org.apache.ratis.thirdparty.io.netty.channel.nio.NioEventLoop.processSelectedKeysOptimized(NioEventLoop.java:579)
	at org.apache.ratis.thirdparty.io.netty.channel.nio.NioEventLoop.processSelectedKeys(NioEventLoop.java:496)
	at org.apache.ratis.thirdparty.io.netty.channel.nio.NioEventLoop.run(NioEventLoop.java:458)
	at org.apache.ratis.thirdparty.io.netty.util.concurrent.SingleThreadEventExecutor$5.run(SingleThreadEventExecutor.java:897)
	at org.apache.ratis.thirdparty.io.netty.util.concurrent.FastThreadLocalRunnable.run(FastThreadLocalRunnable.java:30)
	... 1 more
Caused by: java.net.ConnectException: Connection refused
	... 11 more
2019-10-16 11:36:19,017 [a3132885-145f-4a8c-85f4-c10eb874732d@group-2077DD483DC7-LeaderElection489] INFO  impl.LeaderElection (LogUtils.java:infoOrTrace(149)) - a3132885-145f-4a8c-85f4-c10eb874732d@group-2077DD483DC7-LeaderElection489 got exception when requesting votes: {}
java.util.concurrent.ExecutionException: org.apache.ratis.thirdparty.io.grpc.StatusRuntimeException: UNAVAILABLE: io exception
	at java.util.concurrent.FutureTask.report(FutureTask.java:122)
	at java.util.concurrent.FutureTask.get(FutureTask.java:192)
	at org.apache.ratis.server.impl.LeaderElection.waitForResults(LeaderElection.java:259)
	at org.apache.ratis.server.impl.LeaderElection.askForVotes(LeaderElection.java:197)
	at org.apache.ratis.server.impl.LeaderElection.run(LeaderElection.java:133)
	at java.lang.Thread.run(Thread.java:748)
Caused by: org.apache.ratis.thirdparty.io.grpc.StatusRuntimeException: UNAVAILABLE: io exception
	at org.apache.ratis.thirdparty.io.grpc.stub.ClientCalls.toStatusRuntimeException(ClientCalls.java:233)
	at org.apache.ratis.thirdparty.io.grpc.stub.ClientCalls.getUnchecked(ClientCalls.java:214)
	at org.apache.ratis.thirdparty.io.grpc.stub.ClientCalls.blockingUnaryCall(ClientCalls.java:139)
	at org.apache.ratis.proto.grpc.RaftServerProtocolServiceGrpc$RaftServerProtocolServiceBlockingStub.requestVote(RaftServerProtocolServiceGrpc.java:265)
	at org.apache.ratis.grpc.server.GrpcServerProtocolClient.requestVote(GrpcServerProtocolClient.java:99)
	at org.apache.ratis.grpc.server.GrpcService.requestVote(GrpcService.java:204)
	at org.apache.ratis.server.impl.LeaderElection.lambda$submitRequests$1(LeaderElection.java:234)
	at java.util.concurrent.FutureTask.run(FutureTask.java:266)
	at java.util.concurrent.Executors$RunnableAdapter.call(Executors.java:511)
	at java.util.concurrent.FutureTask.run(FutureTask.java:266)
	at java.util.concurrent.ThreadPoolExecutor.runWorker(ThreadPoolExecutor.java:1149)
	at java.util.concurrent.ThreadPoolExecutor$Worker.run(ThreadPoolExecutor.java:624)
	... 1 more
Caused by: org.apache.ratis.thirdparty.io.netty.channel.AbstractChannel$AnnotatedConnectException: Connection refused: /192.168.157.203:33208
	at sun.nio.ch.SocketChannelImpl.checkConnect(Native Method)
	at sun.nio.ch.SocketChannelImpl.finishConnect(SocketChannelImpl.java:717)
	at org.apache.ratis.thirdparty.io.netty.channel.socket.nio.NioSocketChannel.doFinishConnect(NioSocketChannel.java:327)
	at org.apache.ratis.thirdparty.io.netty.channel.nio.AbstractNioChannel$AbstractNioUnsafe.finishConnect(AbstractNioChannel.java:340)
	at org.apache.ratis.thirdparty.io.netty.channel.nio.NioEventLoop.processSelectedKey(NioEventLoop.java:632)
	at org.apache.ratis.thirdparty.io.netty.channel.nio.NioEventLoop.processSelectedKeysOptimized(NioEventLoop.java:579)
	at org.apache.ratis.thirdparty.io.netty.channel.nio.NioEventLoop.processSelectedKeys(NioEventLoop.java:496)
	at org.apache.ratis.thirdparty.io.netty.channel.nio.NioEventLoop.run(NioEventLoop.java:458)
	at org.apache.ratis.thirdparty.io.netty.util.concurrent.SingleThreadEventExecutor$5.run(SingleThreadEventExecutor.java:897)
	at org.apache.ratis.thirdparty.io.netty.util.concurrent.FastThreadLocalRunnable.run(FastThreadLocalRunnable.java:30)
	... 1 more
Caused by: java.net.ConnectException: Connection refused
	... 11 more
2019-10-16 11:36:19,018 [a3132885-145f-4a8c-85f4-c10eb874732d@group-2077DD483DC7-LeaderElection489] INFO  impl.LeaderElection (LeaderElection.java:logAndReturn(56)) - a3132885-145f-4a8c-85f4-c10eb874732d@group-2077DD483DC7-LeaderElection489: Election REJECTED; received 0 response(s) [] and 2 exception(s); a3132885-145f-4a8c-85f4-c10eb874732d@group-2077DD483DC7:t316, leader=null, voted=a3132885-145f-4a8c-85f4-c10eb874732d, raftlog=a3132885-145f-4a8c-85f4-c10eb874732d@group-2077DD483DC7-SegmentedRaftLog:OPENED:c-1,f-1,i0, conf=-1: [163587bb-2c3b-4498-b576-18147cf38274:192.168.157.203:33208, a3132885-145f-4a8c-85f4-c10eb874732d:192.168.157.203:46766, 70b633f6-b230-4b9f-87f3-510da88f1e08:192.168.157.203:43163], old=null
2019-10-16 11:36:19,018 [a3132885-145f-4a8c-85f4-c10eb874732d@group-2077DD483DC7-LeaderElection489] INFO  impl.LeaderElection (LogUtils.java:infoOrTrace(149)) -   Exception 0: {}
java.util.concurrent.ExecutionException: org.apache.ratis.thirdparty.io.grpc.StatusRuntimeException: UNAVAILABLE: io exception
	at java.util.concurrent.FutureTask.report(FutureTask.java:122)
	at java.util.concurrent.FutureTask.get(FutureTask.java:192)
	at org.apache.ratis.server.impl.LeaderElection.waitForResults(LeaderElection.java:259)
	at org.apache.ratis.server.impl.LeaderElection.askForVotes(LeaderElection.java:197)
	at org.apache.ratis.server.impl.LeaderElection.run(LeaderElection.java:133)
	at java.lang.Thread.run(Thread.java:748)
Caused by: org.apache.ratis.thirdparty.io.grpc.StatusRuntimeException: UNAVAILABLE: io exception
	at org.apache.ratis.thirdparty.io.grpc.stub.ClientCalls.toStatusRuntimeException(ClientCalls.java:233)
	at org.apache.ratis.thirdparty.io.grpc.stub.ClientCalls.getUnchecked(ClientCalls.java:214)
	at org.apache.ratis.thirdparty.io.grpc.stub.ClientCalls.blockingUnaryCall(ClientCalls.java:139)
	at org.apache.ratis.proto.grpc.RaftServerProtocolServiceGrpc$RaftServerProtocolServiceBlockingStub.requestVote(RaftServerProtocolServiceGrpc.java:265)
	at org.apache.ratis.grpc.server.GrpcServerProtocolClient.requestVote(GrpcServerProtocolClient.java:99)
	at org.apache.ratis.grpc.server.GrpcService.requestVote(GrpcService.java:204)
	at org.apache.ratis.server.impl.LeaderElection.lambda$submitRequests$1(LeaderElection.java:234)
	at java.util.concurrent.FutureTask.run(FutureTask.java:266)
	at java.util.concurrent.Executors$RunnableAdapter.call(Executors.java:511)
	at java.util.concurrent.FutureTask.run(FutureTask.java:266)
	at java.util.concurrent.ThreadPoolExecutor.runWorker(ThreadPoolExecutor.java:1149)
	at java.util.concurrent.ThreadPoolExecutor$Worker.run(ThreadPoolExecutor.java:624)
	... 1 more
Caused by: org.apache.ratis.thirdparty.io.netty.channel.AbstractChannel$AnnotatedConnectException: Connection refused: /192.168.157.203:43163
	at sun.nio.ch.SocketChannelImpl.checkConnect(Native Method)
	at sun.nio.ch.SocketChannelImpl.finishConnect(SocketChannelImpl.java:717)
	at org.apache.ratis.thirdparty.io.netty.channel.socket.nio.NioSocketChannel.doFinishConnect(NioSocketChannel.java:327)
	at org.apache.ratis.thirdparty.io.netty.channel.nio.AbstractNioChannel$AbstractNioUnsafe.finishConnect(AbstractNioChannel.java:340)
	at org.apache.ratis.thirdparty.io.netty.channel.nio.NioEventLoop.processSelectedKey(NioEventLoop.java:632)
	at org.apache.ratis.thirdparty.io.netty.channel.nio.NioEventLoop.processSelectedKeysOptimized(NioEventLoop.java:579)
	at org.apache.ratis.thirdparty.io.netty.channel.nio.NioEventLoop.processSelectedKeys(NioEventLoop.java:496)
	at org.apache.ratis.thirdparty.io.netty.channel.nio.NioEventLoop.run(NioEventLoop.java:458)
	at org.apache.ratis.thirdparty.io.netty.util.concurrent.SingleThreadEventExecutor$5.run(SingleThreadEventExecutor.java:897)
	at org.apache.ratis.thirdparty.io.netty.util.concurrent.FastThreadLocalRunnable.run(FastThreadLocalRunnable.java:30)
	... 1 more
Caused by: java.net.ConnectException: Connection refused
	... 11 more
2019-10-16 11:36:19,018 [a3132885-145f-4a8c-85f4-c10eb874732d@group-2077DD483DC7-LeaderElection489] INFO  impl.LeaderElection (LogUtils.java:infoOrTrace(149)) -   Exception 1: {}
java.util.concurrent.ExecutionException: org.apache.ratis.thirdparty.io.grpc.StatusRuntimeException: UNAVAILABLE: io exception
	at java.util.concurrent.FutureTask.report(FutureTask.java:122)
	at java.util.concurrent.FutureTask.get(FutureTask.java:192)
	at org.apache.ratis.server.impl.LeaderElection.waitForResults(LeaderElection.java:259)
	at org.apache.ratis.server.impl.LeaderElection.askForVotes(LeaderElection.java:197)
	at org.apache.ratis.server.impl.LeaderElection.run(LeaderElection.java:133)
	at java.lang.Thread.run(Thread.java:748)
Caused by: org.apache.ratis.thirdparty.io.grpc.StatusRuntimeException: UNAVAILABLE: io exception
	at org.apache.ratis.thirdparty.io.grpc.stub.ClientCalls.toStatusRuntimeException(ClientCalls.java:233)
	at org.apache.ratis.thirdparty.io.grpc.stub.ClientCalls.getUnchecked(ClientCalls.java:214)
	at org.apache.ratis.thirdparty.io.grpc.stub.ClientCalls.blockingUnaryCall(ClientCalls.java:139)
	at org.apache.ratis.proto.grpc.RaftServerProtocolServiceGrpc$RaftServerProtocolServiceBlockingStub.requestVote(RaftServerProtocolServiceGrpc.java:265)
	at org.apache.ratis.grpc.server.GrpcServerProtocolClient.requestVote(GrpcServerProtocolClient.java:99)
	at org.apache.ratis.grpc.server.GrpcService.requestVote(GrpcService.java:204)
	at org.apache.ratis.server.impl.LeaderElection.lambda$submitRequests$1(LeaderElection.java:234)
	at java.util.concurrent.FutureTask.run(FutureTask.java:266)
	at java.util.concurrent.Executors$RunnableAdapter.call(Executors.java:511)
	at java.util.concurrent.FutureTask.run(FutureTask.java:266)
	at java.util.concurrent.ThreadPoolExecutor.runWorker(ThreadPoolExecutor.java:1149)
	at java.util.concurrent.ThreadPoolExecutor$Worker.run(ThreadPoolExecutor.java:624)
	... 1 more
Caused by: org.apache.ratis.thirdparty.io.netty.channel.AbstractChannel$AnnotatedConnectException: Connection refused: /192.168.157.203:33208
	at sun.nio.ch.SocketChannelImpl.checkConnect(Native Method)
	at sun.nio.ch.SocketChannelImpl.finishConnect(SocketChannelImpl.java:717)
	at org.apache.ratis.thirdparty.io.netty.channel.socket.nio.NioSocketChannel.doFinishConnect(NioSocketChannel.java:327)
	at org.apache.ratis.thirdparty.io.netty.channel.nio.AbstractNioChannel$AbstractNioUnsafe.finishConnect(AbstractNioChannel.java:340)
	at org.apache.ratis.thirdparty.io.netty.channel.nio.NioEventLoop.processSelectedKey(NioEventLoop.java:632)
	at org.apache.ratis.thirdparty.io.netty.channel.nio.NioEventLoop.processSelectedKeysOptimized(NioEventLoop.java:579)
	at org.apache.ratis.thirdparty.io.netty.channel.nio.NioEventLoop.processSelectedKeys(NioEventLoop.java:496)
	at org.apache.ratis.thirdparty.io.netty.channel.nio.NioEventLoop.run(NioEventLoop.java:458)
	at org.apache.ratis.thirdparty.io.netty.util.concurrent.SingleThreadEventExecutor$5.run(SingleThreadEventExecutor.java:897)
	at org.apache.ratis.thirdparty.io.netty.util.concurrent.FastThreadLocalRunnable.run(FastThreadLocalRunnable.java:30)
	... 1 more
Caused by: java.net.ConnectException: Connection refused
	... 11 more
2019-10-16 11:36:19,019 [a3132885-145f-4a8c-85f4-c10eb874732d@group-2077DD483DC7-LeaderElection489] INFO  impl.RaftServerImpl (RaftServerImpl.java:setRole(184)) - a3132885-145f-4a8c-85f4-c10eb874732d@group-2077DD483DC7: changes role from CANDIDATE to FOLLOWER at term 316 for DISCOVERED_A_NEW_TERM
2019-10-16 11:36:19,019 [a3132885-145f-4a8c-85f4-c10eb874732d@group-2077DD483DC7-LeaderElection489] INFO  impl.RoleInfo (RoleInfo.java:shutdownLeaderElection(134)) - a3132885-145f-4a8c-85f4-c10eb874732d: shutdown LeaderElection
2019-10-16 11:36:19,019 [a3132885-145f-4a8c-85f4-c10eb874732d@group-2077DD483DC7-LeaderElection489] INFO  impl.RoleInfo (RoleInfo.java:updateAndGet(143)) - a3132885-145f-4a8c-85f4-c10eb874732d: start FollowerState
2019-10-16 11:36:19,085 [Thread-3629] INFO  impl.FollowerState (FollowerState.java:run(108)) - a3132885-145f-4a8c-85f4-c10eb874732d@group-2077DD483DC7-FollowerState: change to CANDIDATE, lastRpcTime:65ms, electionTimeout:65ms
2019-10-16 11:36:19,085 [Thread-3629] INFO  impl.RoleInfo (RoleInfo.java:shutdownFollowerState(121)) - a3132885-145f-4a8c-85f4-c10eb874732d: shutdown FollowerState
2019-10-16 11:36:19,085 [Thread-3629] INFO  impl.RaftServerImpl (RaftServerImpl.java:setRole(184)) - a3132885-145f-4a8c-85f4-c10eb874732d@group-2077DD483DC7: changes role from  FOLLOWER to CANDIDATE at term 316 for changeToCandidate
2019-10-16 11:36:19,085 [Thread-3629] INFO  impl.RoleInfo (RoleInfo.java:updateAndGet(143)) - a3132885-145f-4a8c-85f4-c10eb874732d: start LeaderElection
2019-10-16 11:36:19,097 [a3132885-145f-4a8c-85f4-c10eb874732d@group-2077DD483DC7-LeaderElection490] INFO  impl.LeaderElection (LeaderElection.java:askForVotes(178)) - a3132885-145f-4a8c-85f4-c10eb874732d@group-2077DD483DC7-LeaderElection490: begin an election at term 317 for -1: [163587bb-2c3b-4498-b576-18147cf38274:192.168.157.203:33208, a3132885-145f-4a8c-85f4-c10eb874732d:192.168.157.203:46766, 70b633f6-b230-4b9f-87f3-510da88f1e08:192.168.157.203:43163], old=null
2019-10-16 11:36:19,098 [a3132885-145f-4a8c-85f4-c10eb874732d@group-2077DD483DC7-LeaderElection490] INFO  impl.LeaderElection (LogUtils.java:infoOrTrace(149)) - a3132885-145f-4a8c-85f4-c10eb874732d@group-2077DD483DC7-LeaderElection490 got exception when requesting votes: {}
java.util.concurrent.ExecutionException: org.apache.ratis.thirdparty.io.grpc.StatusRuntimeException: UNAVAILABLE: io exception
	at java.util.concurrent.FutureTask.report(FutureTask.java:122)
	at java.util.concurrent.FutureTask.get(FutureTask.java:192)
	at org.apache.ratis.server.impl.LeaderElection.waitForResults(LeaderElection.java:259)
	at org.apache.ratis.server.impl.LeaderElection.askForVotes(LeaderElection.java:197)
	at org.apache.ratis.server.impl.LeaderElection.run(LeaderElection.java:133)
	at java.lang.Thread.run(Thread.java:748)
Caused by: org.apache.ratis.thirdparty.io.grpc.StatusRuntimeException: UNAVAILABLE: io exception
	at org.apache.ratis.thirdparty.io.grpc.stub.ClientCalls.toStatusRuntimeException(ClientCalls.java:233)
	at org.apache.ratis.thirdparty.io.grpc.stub.ClientCalls.getUnchecked(ClientCalls.java:214)
	at org.apache.ratis.thirdparty.io.grpc.stub.ClientCalls.blockingUnaryCall(ClientCalls.java:139)
	at org.apache.ratis.proto.grpc.RaftServerProtocolServiceGrpc$RaftServerProtocolServiceBlockingStub.requestVote(RaftServerProtocolServiceGrpc.java:265)
	at org.apache.ratis.grpc.server.GrpcServerProtocolClient.requestVote(GrpcServerProtocolClient.java:99)
	at org.apache.ratis.grpc.server.GrpcService.requestVote(GrpcService.java:204)
	at org.apache.ratis.server.impl.LeaderElection.lambda$submitRequests$1(LeaderElection.java:234)
	at java.util.concurrent.FutureTask.run(FutureTask.java:266)
	at java.util.concurrent.Executors$RunnableAdapter.call(Executors.java:511)
	at java.util.concurrent.FutureTask.run(FutureTask.java:266)
	at java.util.concurrent.ThreadPoolExecutor.runWorker(ThreadPoolExecutor.java:1149)
	at java.util.concurrent.ThreadPoolExecutor$Worker.run(ThreadPoolExecutor.java:624)
	... 1 more
Caused by: org.apache.ratis.thirdparty.io.netty.channel.AbstractChannel$AnnotatedConnectException: Connection refused: /192.168.157.203:43163
	at sun.nio.ch.SocketChannelImpl.checkConnect(Native Method)
	at sun.nio.ch.SocketChannelImpl.finishConnect(SocketChannelImpl.java:717)
	at org.apache.ratis.thirdparty.io.netty.channel.socket.nio.NioSocketChannel.doFinishConnect(NioSocketChannel.java:327)
	at org.apache.ratis.thirdparty.io.netty.channel.nio.AbstractNioChannel$AbstractNioUnsafe.finishConnect(AbstractNioChannel.java:340)
	at org.apache.ratis.thirdparty.io.netty.channel.nio.NioEventLoop.processSelectedKey(NioEventLoop.java:632)
	at org.apache.ratis.thirdparty.io.netty.channel.nio.NioEventLoop.processSelectedKeysOptimized(NioEventLoop.java:579)
	at org.apache.ratis.thirdparty.io.netty.channel.nio.NioEventLoop.processSelectedKeys(NioEventLoop.java:496)
	at org.apache.ratis.thirdparty.io.netty.channel.nio.NioEventLoop.run(NioEventLoop.java:458)
	at org.apache.ratis.thirdparty.io.netty.util.concurrent.SingleThreadEventExecutor$5.run(SingleThreadEventExecutor.java:897)
	at org.apache.ratis.thirdparty.io.netty.util.concurrent.FastThreadLocalRunnable.run(FastThreadLocalRunnable.java:30)
	... 1 more
Caused by: java.net.ConnectException: Connection refused
	... 11 more
2019-10-16 11:36:19,098 [a3132885-145f-4a8c-85f4-c10eb874732d@group-2077DD483DC7-LeaderElection490] INFO  impl.LeaderElection (LogUtils.java:infoOrTrace(149)) - a3132885-145f-4a8c-85f4-c10eb874732d@group-2077DD483DC7-LeaderElection490 got exception when requesting votes: {}
java.util.concurrent.ExecutionException: org.apache.ratis.thirdparty.io.grpc.StatusRuntimeException: UNAVAILABLE: io exception
	at java.util.concurrent.FutureTask.report(FutureTask.java:122)
	at java.util.concurrent.FutureTask.get(FutureTask.java:192)
	at org.apache.ratis.server.impl.LeaderElection.waitForResults(LeaderElection.java:259)
	at org.apache.ratis.server.impl.LeaderElection.askForVotes(LeaderElection.java:197)
	at org.apache.ratis.server.impl.LeaderElection.run(LeaderElection.java:133)
	at java.lang.Thread.run(Thread.java:748)
Caused by: org.apache.ratis.thirdparty.io.grpc.StatusRuntimeException: UNAVAILABLE: io exception
	at org.apache.ratis.thirdparty.io.grpc.stub.ClientCalls.toStatusRuntimeException(ClientCalls.java:233)
	at org.apache.ratis.thirdparty.io.grpc.stub.ClientCalls.getUnchecked(ClientCalls.java:214)
	at org.apache.ratis.thirdparty.io.grpc.stub.ClientCalls.blockingUnaryCall(ClientCalls.java:139)
	at org.apache.ratis.proto.grpc.RaftServerProtocolServiceGrpc$RaftServerProtocolServiceBlockingStub.requestVote(RaftServerProtocolServiceGrpc.java:265)
	at org.apache.ratis.grpc.server.GrpcServerProtocolClient.requestVote(GrpcServerProtocolClient.java:99)
	at org.apache.ratis.grpc.server.GrpcService.requestVote(GrpcService.java:204)
	at org.apache.ratis.server.impl.LeaderElection.lambda$submitRequests$1(LeaderElection.java:234)
	at java.util.concurrent.FutureTask.run(FutureTask.java:266)
	at java.util.concurrent.Executors$RunnableAdapter.call(Executors.java:511)
	at java.util.concurrent.FutureTask.run(FutureTask.java:266)
	at java.util.concurrent.ThreadPoolExecutor.runWorker(ThreadPoolExecutor.java:1149)
	at java.util.concurrent.ThreadPoolExecutor$Worker.run(ThreadPoolExecutor.java:624)
	... 1 more
Caused by: org.apache.ratis.thirdparty.io.netty.channel.AbstractChannel$AnnotatedConnectException: Connection refused: /192.168.157.203:33208
	at sun.nio.ch.SocketChannelImpl.checkConnect(Native Method)
	at sun.nio.ch.SocketChannelImpl.finishConnect(SocketChannelImpl.java:717)
	at org.apache.ratis.thirdparty.io.netty.channel.socket.nio.NioSocketChannel.doFinishConnect(NioSocketChannel.java:327)
	at org.apache.ratis.thirdparty.io.netty.channel.nio.AbstractNioChannel$AbstractNioUnsafe.finishConnect(AbstractNioChannel.java:340)
	at org.apache.ratis.thirdparty.io.netty.channel.nio.NioEventLoop.processSelectedKey(NioEventLoop.java:632)
	at org.apache.ratis.thirdparty.io.netty.channel.nio.NioEventLoop.processSelectedKeysOptimized(NioEventLoop.java:579)
	at org.apache.ratis.thirdparty.io.netty.channel.nio.NioEventLoop.processSelectedKeys(NioEventLoop.java:496)
	at org.apache.ratis.thirdparty.io.netty.channel.nio.NioEventLoop.run(NioEventLoop.java:458)
	at org.apache.ratis.thirdparty.io.netty.util.concurrent.SingleThreadEventExecutor$5.run(SingleThreadEventExecutor.java:897)
	at org.apache.ratis.thirdparty.io.netty.util.concurrent.FastThreadLocalRunnable.run(FastThreadLocalRunnable.java:30)
	... 1 more
Caused by: java.net.ConnectException: Connection refused
	... 11 more
2019-10-16 11:36:19,099 [a3132885-145f-4a8c-85f4-c10eb874732d@group-2077DD483DC7-LeaderElection490] INFO  impl.LeaderElection (LeaderElection.java:logAndReturn(56)) - a3132885-145f-4a8c-85f4-c10eb874732d@group-2077DD483DC7-LeaderElection490: Election REJECTED; received 0 response(s) [] and 2 exception(s); a3132885-145f-4a8c-85f4-c10eb874732d@group-2077DD483DC7:t317, leader=null, voted=a3132885-145f-4a8c-85f4-c10eb874732d, raftlog=a3132885-145f-4a8c-85f4-c10eb874732d@group-2077DD483DC7-SegmentedRaftLog:OPENED:c-1,f-1,i0, conf=-1: [163587bb-2c3b-4498-b576-18147cf38274:192.168.157.203:33208, a3132885-145f-4a8c-85f4-c10eb874732d:192.168.157.203:46766, 70b633f6-b230-4b9f-87f3-510da88f1e08:192.168.157.203:43163], old=null
2019-10-16 11:36:19,099 [a3132885-145f-4a8c-85f4-c10eb874732d@group-2077DD483DC7-LeaderElection490] INFO  impl.LeaderElection (LogUtils.java:infoOrTrace(149)) -   Exception 0: {}
java.util.concurrent.ExecutionException: org.apache.ratis.thirdparty.io.grpc.StatusRuntimeException: UNAVAILABLE: io exception
	at java.util.concurrent.FutureTask.report(FutureTask.java:122)
	at java.util.concurrent.FutureTask.get(FutureTask.java:192)
	at org.apache.ratis.server.impl.LeaderElection.waitForResults(LeaderElection.java:259)
	at org.apache.ratis.server.impl.LeaderElection.askForVotes(LeaderElection.java:197)
	at org.apache.ratis.server.impl.LeaderElection.run(LeaderElection.java:133)
	at java.lang.Thread.run(Thread.java:748)
Caused by: org.apache.ratis.thirdparty.io.grpc.StatusRuntimeException: UNAVAILABLE: io exception
	at org.apache.ratis.thirdparty.io.grpc.stub.ClientCalls.toStatusRuntimeException(ClientCalls.java:233)
	at org.apache.ratis.thirdparty.io.grpc.stub.ClientCalls.getUnchecked(ClientCalls.java:214)
	at org.apache.ratis.thirdparty.io.grpc.stub.ClientCalls.blockingUnaryCall(ClientCalls.java:139)
	at org.apache.ratis.proto.grpc.RaftServerProtocolServiceGrpc$RaftServerProtocolServiceBlockingStub.requestVote(RaftServerProtocolServiceGrpc.java:265)
	at org.apache.ratis.grpc.server.GrpcServerProtocolClient.requestVote(GrpcServerProtocolClient.java:99)
	at org.apache.ratis.grpc.server.GrpcService.requestVote(GrpcService.java:204)
	at org.apache.ratis.server.impl.LeaderElection.lambda$submitRequests$1(LeaderElection.java:234)
	at java.util.concurrent.FutureTask.run(FutureTask.java:266)
	at java.util.concurrent.Executors$RunnableAdapter.call(Executors.java:511)
	at java.util.concurrent.FutureTask.run(FutureTask.java:266)
	at java.util.concurrent.ThreadPoolExecutor.runWorker(ThreadPoolExecutor.java:1149)
	at java.util.concurrent.ThreadPoolExecutor$Worker.run(ThreadPoolExecutor.java:624)
	... 1 more
Caused by: org.apache.ratis.thirdparty.io.netty.channel.AbstractChannel$AnnotatedConnectException: Connection refused: /192.168.157.203:43163
	at sun.nio.ch.SocketChannelImpl.checkConnect(Native Method)
	at sun.nio.ch.SocketChannelImpl.finishConnect(SocketChannelImpl.java:717)
	at org.apache.ratis.thirdparty.io.netty.channel.socket.nio.NioSocketChannel.doFinishConnect(NioSocketChannel.java:327)
	at org.apache.ratis.thirdparty.io.netty.channel.nio.AbstractNioChannel$AbstractNioUnsafe.finishConnect(AbstractNioChannel.java:340)
	at org.apache.ratis.thirdparty.io.netty.channel.nio.NioEventLoop.processSelectedKey(NioEventLoop.java:632)
	at org.apache.ratis.thirdparty.io.netty.channel.nio.NioEventLoop.processSelectedKeysOptimized(NioEventLoop.java:579)
	at org.apache.ratis.thirdparty.io.netty.channel.nio.NioEventLoop.processSelectedKeys(NioEventLoop.java:496)
	at org.apache.ratis.thirdparty.io.netty.channel.nio.NioEventLoop.run(NioEventLoop.java:458)
	at org.apache.ratis.thirdparty.io.netty.util.concurrent.SingleThreadEventExecutor$5.run(SingleThreadEventExecutor.java:897)
	at org.apache.ratis.thirdparty.io.netty.util.concurrent.FastThreadLocalRunnable.run(FastThreadLocalRunnable.java:30)
	... 1 more
Caused by: java.net.ConnectException: Connection refused
	... 11 more
2019-10-16 11:36:19,099 [a3132885-145f-4a8c-85f4-c10eb874732d@group-2077DD483DC7-LeaderElection490] INFO  impl.LeaderElection (LogUtils.java:infoOrTrace(149)) -   Exception 1: {}
java.util.concurrent.ExecutionException: org.apache.ratis.thirdparty.io.grpc.StatusRuntimeException: UNAVAILABLE: io exception
	at java.util.concurrent.FutureTask.report(FutureTask.java:122)
	at java.util.concurrent.FutureTask.get(FutureTask.java:192)
	at org.apache.ratis.server.impl.LeaderElection.waitForResults(LeaderElection.java:259)
	at org.apache.ratis.server.impl.LeaderElection.askForVotes(LeaderElection.java:197)
	at org.apache.ratis.server.impl.LeaderElection.run(LeaderElection.java:133)
	at java.lang.Thread.run(Thread.java:748)
Caused by: org.apache.ratis.thirdparty.io.grpc.StatusRuntimeException: UNAVAILABLE: io exception
	at org.apache.ratis.thirdparty.io.grpc.stub.ClientCalls.toStatusRuntimeException(ClientCalls.java:233)
	at org.apache.ratis.thirdparty.io.grpc.stub.ClientCalls.getUnchecked(ClientCalls.java:214)
	at org.apache.ratis.thirdparty.io.grpc.stub.ClientCalls.blockingUnaryCall(ClientCalls.java:139)
	at org.apache.ratis.proto.grpc.RaftServerProtocolServiceGrpc$RaftServerProtocolServiceBlockingStub.requestVote(RaftServerProtocolServiceGrpc.java:265)
	at org.apache.ratis.grpc.server.GrpcServerProtocolClient.requestVote(GrpcServerProtocolClient.java:99)
	at org.apache.ratis.grpc.server.GrpcService.requestVote(GrpcService.java:204)
	at org.apache.ratis.server.impl.LeaderElection.lambda$submitRequests$1(LeaderElection.java:234)
	at java.util.concurrent.FutureTask.run(FutureTask.java:266)
	at java.util.concurrent.Executors$RunnableAdapter.call(Executors.java:511)
	at java.util.concurrent.FutureTask.run(FutureTask.java:266)
	at java.util.concurrent.ThreadPoolExecutor.runWorker(ThreadPoolExecutor.java:1149)
	at java.util.concurrent.ThreadPoolExecutor$Worker.run(ThreadPoolExecutor.java:624)
	... 1 more
Caused by: org.apache.ratis.thirdparty.io.netty.channel.AbstractChannel$AnnotatedConnectException: Connection refused: /192.168.157.203:33208
	at sun.nio.ch.SocketChannelImpl.checkConnect(Native Method)
	at sun.nio.ch.SocketChannelImpl.finishConnect(SocketChannelImpl.java:717)
	at org.apache.ratis.thirdparty.io.netty.channel.socket.nio.NioSocketChannel.doFinishConnect(NioSocketChannel.java:327)
	at org.apache.ratis.thirdparty.io.netty.channel.nio.AbstractNioChannel$AbstractNioUnsafe.finishConnect(AbstractNioChannel.java:340)
	at org.apache.ratis.thirdparty.io.netty.channel.nio.NioEventLoop.processSelectedKey(NioEventLoop.java:632)
	at org.apache.ratis.thirdparty.io.netty.channel.nio.NioEventLoop.processSelectedKeysOptimized(NioEventLoop.java:579)
	at org.apache.ratis.thirdparty.io.netty.channel.nio.NioEventLoop.processSelectedKeys(NioEventLoop.java:496)
	at org.apache.ratis.thirdparty.io.netty.channel.nio.NioEventLoop.run(NioEventLoop.java:458)
	at org.apache.ratis.thirdparty.io.netty.util.concurrent.SingleThreadEventExecutor$5.run(SingleThreadEventExecutor.java:897)
	at org.apache.ratis.thirdparty.io.netty.util.concurrent.FastThreadLocalRunnable.run(FastThreadLocalRunnable.java:30)
	... 1 more
Caused by: java.net.ConnectException: Connection refused
	... 11 more
2019-10-16 11:36:19,099 [a3132885-145f-4a8c-85f4-c10eb874732d@group-2077DD483DC7-LeaderElection490] INFO  impl.RaftServerImpl (RaftServerImpl.java:setRole(184)) - a3132885-145f-4a8c-85f4-c10eb874732d@group-2077DD483DC7: changes role from CANDIDATE to FOLLOWER at term 317 for DISCOVERED_A_NEW_TERM
2019-10-16 11:36:19,099 [a3132885-145f-4a8c-85f4-c10eb874732d@group-2077DD483DC7-LeaderElection490] INFO  impl.RoleInfo (RoleInfo.java:shutdownLeaderElection(134)) - a3132885-145f-4a8c-85f4-c10eb874732d: shutdown LeaderElection
2019-10-16 11:36:19,099 [a3132885-145f-4a8c-85f4-c10eb874732d@group-2077DD483DC7-LeaderElection490] INFO  impl.RoleInfo (RoleInfo.java:updateAndGet(143)) - a3132885-145f-4a8c-85f4-c10eb874732d: start FollowerState
2019-10-16 11:36:19,211 [Thread-3633] INFO  impl.FollowerState (FollowerState.java:run(108)) - a3132885-145f-4a8c-85f4-c10eb874732d@group-2077DD483DC7-FollowerState: change to CANDIDATE, lastRpcTime:111ms, electionTimeout:111ms
2019-10-16 11:36:19,211 [Thread-3633] INFO  impl.RoleInfo (RoleInfo.java:shutdownFollowerState(121)) - a3132885-145f-4a8c-85f4-c10eb874732d: shutdown FollowerState
2019-10-16 11:36:19,211 [Thread-3633] INFO  impl.RaftServerImpl (RaftServerImpl.java:setRole(184)) - a3132885-145f-4a8c-85f4-c10eb874732d@group-2077DD483DC7: changes role from  FOLLOWER to CANDIDATE at term 317 for changeToCandidate
2019-10-16 11:36:19,211 [Thread-3633] INFO  impl.RoleInfo (RoleInfo.java:updateAndGet(143)) - a3132885-145f-4a8c-85f4-c10eb874732d: start LeaderElection
2019-10-16 11:36:19,225 [a3132885-145f-4a8c-85f4-c10eb874732d@group-2077DD483DC7-LeaderElection491] INFO  impl.LeaderElection (LeaderElection.java:askForVotes(178)) - a3132885-145f-4a8c-85f4-c10eb874732d@group-2077DD483DC7-LeaderElection491: begin an election at term 318 for -1: [163587bb-2c3b-4498-b576-18147cf38274:192.168.157.203:33208, a3132885-145f-4a8c-85f4-c10eb874732d:192.168.157.203:46766, 70b633f6-b230-4b9f-87f3-510da88f1e08:192.168.157.203:43163], old=null
2019-10-16 11:36:19,226 [a3132885-145f-4a8c-85f4-c10eb874732d@group-2077DD483DC7-LeaderElection491] INFO  impl.LeaderElection (LogUtils.java:infoOrTrace(149)) - a3132885-145f-4a8c-85f4-c10eb874732d@group-2077DD483DC7-LeaderElection491 got exception when requesting votes: {}
java.util.concurrent.ExecutionException: org.apache.ratis.thirdparty.io.grpc.StatusRuntimeException: UNAVAILABLE: io exception
	at java.util.concurrent.FutureTask.report(FutureTask.java:122)
	at java.util.concurrent.FutureTask.get(FutureTask.java:192)
	at org.apache.ratis.server.impl.LeaderElection.waitForResults(LeaderElection.java:259)
	at org.apache.ratis.server.impl.LeaderElection.askForVotes(LeaderElection.java:197)
	at org.apache.ratis.server.impl.LeaderElection.run(LeaderElection.java:133)
	at java.lang.Thread.run(Thread.java:748)
Caused by: org.apache.ratis.thirdparty.io.grpc.StatusRuntimeException: UNAVAILABLE: io exception
	at org.apache.ratis.thirdparty.io.grpc.stub.ClientCalls.toStatusRuntimeException(ClientCalls.java:233)
	at org.apache.ratis.thirdparty.io.grpc.stub.ClientCalls.getUnchecked(ClientCalls.java:214)
	at org.apache.ratis.thirdparty.io.grpc.stub.ClientCalls.blockingUnaryCall(ClientCalls.java:139)
	at org.apache.ratis.proto.grpc.RaftServerProtocolServiceGrpc$RaftServerProtocolServiceBlockingStub.requestVote(RaftServerProtocolServiceGrpc.java:265)
	at org.apache.ratis.grpc.server.GrpcServerProtocolClient.requestVote(GrpcServerProtocolClient.java:99)
	at org.apache.ratis.grpc.server.GrpcService.requestVote(GrpcService.java:204)
	at org.apache.ratis.server.impl.LeaderElection.lambda$submitRequests$1(LeaderElection.java:234)
	at java.util.concurrent.FutureTask.run(FutureTask.java:266)
	at java.util.concurrent.Executors$RunnableAdapter.call(Executors.java:511)
	at java.util.concurrent.FutureTask.run(FutureTask.java:266)
	at java.util.concurrent.ThreadPoolExecutor.runWorker(ThreadPoolExecutor.java:1149)
	at java.util.concurrent.ThreadPoolExecutor$Worker.run(ThreadPoolExecutor.java:624)
	... 1 more
Caused by: org.apache.ratis.thirdparty.io.netty.channel.AbstractChannel$AnnotatedConnectException: Connection refused: /192.168.157.203:33208
	at sun.nio.ch.SocketChannelImpl.checkConnect(Native Method)
	at sun.nio.ch.SocketChannelImpl.finishConnect(SocketChannelImpl.java:717)
	at org.apache.ratis.thirdparty.io.netty.channel.socket.nio.NioSocketChannel.doFinishConnect(NioSocketChannel.java:327)
	at org.apache.ratis.thirdparty.io.netty.channel.nio.AbstractNioChannel$AbstractNioUnsafe.finishConnect(AbstractNioChannel.java:340)
	at org.apache.ratis.thirdparty.io.netty.channel.nio.NioEventLoop.processSelectedKey(NioEventLoop.java:632)
	at org.apache.ratis.thirdparty.io.netty.channel.nio.NioEventLoop.processSelectedKeysOptimized(NioEventLoop.java:579)
	at org.apache.ratis.thirdparty.io.netty.channel.nio.NioEventLoop.processSelectedKeys(NioEventLoop.java:496)
	at org.apache.ratis.thirdparty.io.netty.channel.nio.NioEventLoop.run(NioEventLoop.java:458)
	at org.apache.ratis.thirdparty.io.netty.util.concurrent.SingleThreadEventExecutor$5.run(SingleThreadEventExecutor.java:897)
	at org.apache.ratis.thirdparty.io.netty.util.concurrent.FastThreadLocalRunnable.run(FastThreadLocalRunnable.java:30)
	... 1 more
Caused by: java.net.ConnectException: Connection refused
	... 11 more
2019-10-16 11:36:19,227 [a3132885-145f-4a8c-85f4-c10eb874732d@group-2077DD483DC7-LeaderElection491] INFO  impl.LeaderElection (LogUtils.java:infoOrTrace(149)) - a3132885-145f-4a8c-85f4-c10eb874732d@group-2077DD483DC7-LeaderElection491 got exception when requesting votes: {}
java.util.concurrent.ExecutionException: org.apache.ratis.thirdparty.io.grpc.StatusRuntimeException: UNAVAILABLE: io exception
	at java.util.concurrent.FutureTask.report(FutureTask.java:122)
	at java.util.concurrent.FutureTask.get(FutureTask.java:192)
	at org.apache.ratis.server.impl.LeaderElection.waitForResults(LeaderElection.java:259)
	at org.apache.ratis.server.impl.LeaderElection.askForVotes(LeaderElection.java:197)
	at org.apache.ratis.server.impl.LeaderElection.run(LeaderElection.java:133)
	at java.lang.Thread.run(Thread.java:748)
Caused by: org.apache.ratis.thirdparty.io.grpc.StatusRuntimeException: UNAVAILABLE: io exception
	at org.apache.ratis.thirdparty.io.grpc.stub.ClientCalls.toStatusRuntimeException(ClientCalls.java:233)
	at org.apache.ratis.thirdparty.io.grpc.stub.ClientCalls.getUnchecked(ClientCalls.java:214)
	at org.apache.ratis.thirdparty.io.grpc.stub.ClientCalls.blockingUnaryCall(ClientCalls.java:139)
	at org.apache.ratis.proto.grpc.RaftServerProtocolServiceGrpc$RaftServerProtocolServiceBlockingStub.requestVote(RaftServerProtocolServiceGrpc.java:265)
	at org.apache.ratis.grpc.server.GrpcServerProtocolClient.requestVote(GrpcServerProtocolClient.java:99)
	at org.apache.ratis.grpc.server.GrpcService.requestVote(GrpcService.java:204)
	at org.apache.ratis.server.impl.LeaderElection.lambda$submitRequests$1(LeaderElection.java:234)
	at java.util.concurrent.FutureTask.run(FutureTask.java:266)
	at java.util.concurrent.Executors$RunnableAdapter.call(Executors.java:511)
	at java.util.concurrent.FutureTask.run(FutureTask.java:266)
	at java.util.concurrent.ThreadPoolExecutor.runWorker(ThreadPoolExecutor.java:1149)
	at java.util.concurrent.ThreadPoolExecutor$Worker.run(ThreadPoolExecutor.java:624)
	... 1 more
Caused by: org.apache.ratis.thirdparty.io.netty.channel.AbstractChannel$AnnotatedConnectException: Connection refused: /192.168.157.203:43163
	at sun.nio.ch.SocketChannelImpl.checkConnect(Native Method)
	at sun.nio.ch.SocketChannelImpl.finishConnect(SocketChannelImpl.java:717)
	at org.apache.ratis.thirdparty.io.netty.channel.socket.nio.NioSocketChannel.doFinishConnect(NioSocketChannel.java:327)
	at org.apache.ratis.thirdparty.io.netty.channel.nio.AbstractNioChannel$AbstractNioUnsafe.finishConnect(AbstractNioChannel.java:340)
	at org.apache.ratis.thirdparty.io.netty.channel.nio.NioEventLoop.processSelectedKey(NioEventLoop.java:632)
	at org.apache.ratis.thirdparty.io.netty.channel.nio.NioEventLoop.processSelectedKeysOptimized(NioEventLoop.java:579)
	at org.apache.ratis.thirdparty.io.netty.channel.nio.NioEventLoop.processSelectedKeys(NioEventLoop.java:496)
	at org.apache.ratis.thirdparty.io.netty.channel.nio.NioEventLoop.run(NioEventLoop.java:458)
	at org.apache.ratis.thirdparty.io.netty.util.concurrent.SingleThreadEventExecutor$5.run(SingleThreadEventExecutor.java:897)
	at org.apache.ratis.thirdparty.io.netty.util.concurrent.FastThreadLocalRunnable.run(FastThreadLocalRunnable.java:30)
	... 1 more
Caused by: java.net.ConnectException: Connection refused
	... 11 more
2019-10-16 11:36:19,227 [a3132885-145f-4a8c-85f4-c10eb874732d@group-2077DD483DC7-LeaderElection491] INFO  impl.LeaderElection (LeaderElection.java:logAndReturn(56)) - a3132885-145f-4a8c-85f4-c10eb874732d@group-2077DD483DC7-LeaderElection491: Election REJECTED; received 0 response(s) [] and 2 exception(s); a3132885-145f-4a8c-85f4-c10eb874732d@group-2077DD483DC7:t318, leader=null, voted=a3132885-145f-4a8c-85f4-c10eb874732d, raftlog=a3132885-145f-4a8c-85f4-c10eb874732d@group-2077DD483DC7-SegmentedRaftLog:OPENED:c-1,f-1,i0, conf=-1: [163587bb-2c3b-4498-b576-18147cf38274:192.168.157.203:33208, a3132885-145f-4a8c-85f4-c10eb874732d:192.168.157.203:46766, 70b633f6-b230-4b9f-87f3-510da88f1e08:192.168.157.203:43163], old=null
2019-10-16 11:36:19,227 [a3132885-145f-4a8c-85f4-c10eb874732d@group-2077DD483DC7-LeaderElection491] INFO  impl.LeaderElection (LogUtils.java:infoOrTrace(149)) -   Exception 0: {}
java.util.concurrent.ExecutionException: org.apache.ratis.thirdparty.io.grpc.StatusRuntimeException: UNAVAILABLE: io exception
	at java.util.concurrent.FutureTask.report(FutureTask.java:122)
	at java.util.concurrent.FutureTask.get(FutureTask.java:192)
	at org.apache.ratis.server.impl.LeaderElection.waitForResults(LeaderElection.java:259)
	at org.apache.ratis.server.impl.LeaderElection.askForVotes(LeaderElection.java:197)
	at org.apache.ratis.server.impl.LeaderElection.run(LeaderElection.java:133)
	at java.lang.Thread.run(Thread.java:748)
Caused by: org.apache.ratis.thirdparty.io.grpc.StatusRuntimeException: UNAVAILABLE: io exception
	at org.apache.ratis.thirdparty.io.grpc.stub.ClientCalls.toStatusRuntimeException(ClientCalls.java:233)
	at org.apache.ratis.thirdparty.io.grpc.stub.ClientCalls.getUnchecked(ClientCalls.java:214)
	at org.apache.ratis.thirdparty.io.grpc.stub.ClientCalls.blockingUnaryCall(ClientCalls.java:139)
	at org.apache.ratis.proto.grpc.RaftServerProtocolServiceGrpc$RaftServerProtocolServiceBlockingStub.requestVote(RaftServerProtocolServiceGrpc.java:265)
	at org.apache.ratis.grpc.server.GrpcServerProtocolClient.requestVote(GrpcServerProtocolClient.java:99)
	at org.apache.ratis.grpc.server.GrpcService.requestVote(GrpcService.java:204)
	at org.apache.ratis.server.impl.LeaderElection.lambda$submitRequests$1(LeaderElection.java:234)
	at java.util.concurrent.FutureTask.run(FutureTask.java:266)
	at java.util.concurrent.Executors$RunnableAdapter.call(Executors.java:511)
	at java.util.concurrent.FutureTask.run(FutureTask.java:266)
	at java.util.concurrent.ThreadPoolExecutor.runWorker(ThreadPoolExecutor.java:1149)
	at java.util.concurrent.ThreadPoolExecutor$Worker.run(ThreadPoolExecutor.java:624)
	... 1 more
Caused by: org.apache.ratis.thirdparty.io.netty.channel.AbstractChannel$AnnotatedConnectException: Connection refused: /192.168.157.203:33208
	at sun.nio.ch.SocketChannelImpl.checkConnect(Native Method)
	at sun.nio.ch.SocketChannelImpl.finishConnect(SocketChannelImpl.java:717)
	at org.apache.ratis.thirdparty.io.netty.channel.socket.nio.NioSocketChannel.doFinishConnect(NioSocketChannel.java:327)
	at org.apache.ratis.thirdparty.io.netty.channel.nio.AbstractNioChannel$AbstractNioUnsafe.finishConnect(AbstractNioChannel.java:340)
	at org.apache.ratis.thirdparty.io.netty.channel.nio.NioEventLoop.processSelectedKey(NioEventLoop.java:632)
	at org.apache.ratis.thirdparty.io.netty.channel.nio.NioEventLoop.processSelectedKeysOptimized(NioEventLoop.java:579)
	at org.apache.ratis.thirdparty.io.netty.channel.nio.NioEventLoop.processSelectedKeys(NioEventLoop.java:496)
	at org.apache.ratis.thirdparty.io.netty.channel.nio.NioEventLoop.run(NioEventLoop.java:458)
	at org.apache.ratis.thirdparty.io.netty.util.concurrent.SingleThreadEventExecutor$5.run(SingleThreadEventExecutor.java:897)
	at org.apache.ratis.thirdparty.io.netty.util.concurrent.FastThreadLocalRunnable.run(FastThreadLocalRunnable.java:30)
	... 1 more
Caused by: java.net.ConnectException: Connection refused
	... 11 more
2019-10-16 11:36:19,228 [a3132885-145f-4a8c-85f4-c10eb874732d@group-2077DD483DC7-LeaderElection491] INFO  impl.LeaderElection (LogUtils.java:infoOrTrace(149)) -   Exception 1: {}
java.util.concurrent.ExecutionException: org.apache.ratis.thirdparty.io.grpc.StatusRuntimeException: UNAVAILABLE: io exception
	at java.util.concurrent.FutureTask.report(FutureTask.java:122)
	at java.util.concurrent.FutureTask.get(FutureTask.java:192)
	at org.apache.ratis.server.impl.LeaderElection.waitForResults(LeaderElection.java:259)
	at org.apache.ratis.server.impl.LeaderElection.askForVotes(LeaderElection.java:197)
	at org.apache.ratis.server.impl.LeaderElection.run(LeaderElection.java:133)
	at java.lang.Thread.run(Thread.java:748)
Caused by: org.apache.ratis.thirdparty.io.grpc.StatusRuntimeException: UNAVAILABLE: io exception
	at org.apache.ratis.thirdparty.io.grpc.stub.ClientCalls.toStatusRuntimeException(ClientCalls.java:233)
	at org.apache.ratis.thirdparty.io.grpc.stub.ClientCalls.getUnchecked(ClientCalls.java:214)
	at org.apache.ratis.thirdparty.io.grpc.stub.ClientCalls.blockingUnaryCall(ClientCalls.java:139)
	at org.apache.ratis.proto.grpc.RaftServerProtocolServiceGrpc$RaftServerProtocolServiceBlockingStub.requestVote(RaftServerProtocolServiceGrpc.java:265)
	at org.apache.ratis.grpc.server.GrpcServerProtocolClient.requestVote(GrpcServerProtocolClient.java:99)
	at org.apache.ratis.grpc.server.GrpcService.requestVote(GrpcService.java:204)
	at org.apache.ratis.server.impl.LeaderElection.lambda$submitRequests$1(LeaderElection.java:234)
	at java.util.concurrent.FutureTask.run(FutureTask.java:266)
	at java.util.concurrent.Executors$RunnableAdapter.call(Executors.java:511)
	at java.util.concurrent.FutureTask.run(FutureTask.java:266)
	at java.util.concurrent.ThreadPoolExecutor.runWorker(ThreadPoolExecutor.java:1149)
	at java.util.concurrent.ThreadPoolExecutor$Worker.run(ThreadPoolExecutor.java:624)
	... 1 more
Caused by: org.apache.ratis.thirdparty.io.netty.channel.AbstractChannel$AnnotatedConnectException: Connection refused: /192.168.157.203:43163
	at sun.nio.ch.SocketChannelImpl.checkConnect(Native Method)
	at sun.nio.ch.SocketChannelImpl.finishConnect(SocketChannelImpl.java:717)
	at org.apache.ratis.thirdparty.io.netty.channel.socket.nio.NioSocketChannel.doFinishConnect(NioSocketChannel.java:327)
	at org.apache.ratis.thirdparty.io.netty.channel.nio.AbstractNioChannel$AbstractNioUnsafe.finishConnect(AbstractNioChannel.java:340)
	at org.apache.ratis.thirdparty.io.netty.channel.nio.NioEventLoop.processSelectedKey(NioEventLoop.java:632)
	at org.apache.ratis.thirdparty.io.netty.channel.nio.NioEventLoop.processSelectedKeysOptimized(NioEventLoop.java:579)
	at org.apache.ratis.thirdparty.io.netty.channel.nio.NioEventLoop.processSelectedKeys(NioEventLoop.java:496)
	at org.apache.ratis.thirdparty.io.netty.channel.nio.NioEventLoop.run(NioEventLoop.java:458)
	at org.apache.ratis.thirdparty.io.netty.util.concurrent.SingleThreadEventExecutor$5.run(SingleThreadEventExecutor.java:897)
	at org.apache.ratis.thirdparty.io.netty.util.concurrent.FastThreadLocalRunnable.run(FastThreadLocalRunnable.java:30)
	... 1 more
Caused by: java.net.ConnectException: Connection refused
	... 11 more
2019-10-16 11:36:19,228 [a3132885-145f-4a8c-85f4-c10eb874732d@group-2077DD483DC7-LeaderElection491] INFO  impl.RaftServerImpl (RaftServerImpl.java:setRole(184)) - a3132885-145f-4a8c-85f4-c10eb874732d@group-2077DD483DC7: changes role from CANDIDATE to FOLLOWER at term 318 for DISCOVERED_A_NEW_TERM
2019-10-16 11:36:19,228 [a3132885-145f-4a8c-85f4-c10eb874732d@group-2077DD483DC7-LeaderElection491] INFO  impl.RoleInfo (RoleInfo.java:shutdownLeaderElection(134)) - a3132885-145f-4a8c-85f4-c10eb874732d: shutdown LeaderElection
2019-10-16 11:36:19,228 [a3132885-145f-4a8c-85f4-c10eb874732d@group-2077DD483DC7-LeaderElection491] INFO  impl.RoleInfo (RoleInfo.java:updateAndGet(143)) - a3132885-145f-4a8c-85f4-c10eb874732d: start FollowerState
2019-10-16 11:36:19,288 [Thread-3637] INFO  impl.FollowerState (FollowerState.java:run(108)) - a3132885-145f-4a8c-85f4-c10eb874732d@group-2077DD483DC7-FollowerState: change to CANDIDATE, lastRpcTime:59ms, electionTimeout:59ms
2019-10-16 11:36:19,288 [Thread-3637] INFO  impl.RoleInfo (RoleInfo.java:shutdownFollowerState(121)) - a3132885-145f-4a8c-85f4-c10eb874732d: shutdown FollowerState
2019-10-16 11:36:19,288 [Thread-3637] INFO  impl.RaftServerImpl (RaftServerImpl.java:setRole(184)) - a3132885-145f-4a8c-85f4-c10eb874732d@group-2077DD483DC7: changes role from  FOLLOWER to CANDIDATE at term 318 for changeToCandidate
2019-10-16 11:36:19,288 [Thread-3637] INFO  impl.RoleInfo (RoleInfo.java:updateAndGet(143)) - a3132885-145f-4a8c-85f4-c10eb874732d: start LeaderElection
2019-10-16 11:36:19,302 [a3132885-145f-4a8c-85f4-c10eb874732d@group-2077DD483DC7-LeaderElection492] INFO  impl.LeaderElection (LeaderElection.java:askForVotes(178)) - a3132885-145f-4a8c-85f4-c10eb874732d@group-2077DD483DC7-LeaderElection492: begin an election at term 319 for -1: [163587bb-2c3b-4498-b576-18147cf38274:192.168.157.203:33208, a3132885-145f-4a8c-85f4-c10eb874732d:192.168.157.203:46766, 70b633f6-b230-4b9f-87f3-510da88f1e08:192.168.157.203:43163], old=null
2019-10-16 11:36:19,303 [a3132885-145f-4a8c-85f4-c10eb874732d@group-2077DD483DC7-LeaderElection492] INFO  impl.LeaderElection (LogUtils.java:infoOrTrace(149)) - a3132885-145f-4a8c-85f4-c10eb874732d@group-2077DD483DC7-LeaderElection492 got exception when requesting votes: {}
java.util.concurrent.ExecutionException: org.apache.ratis.thirdparty.io.grpc.StatusRuntimeException: UNAVAILABLE: io exception
	at java.util.concurrent.FutureTask.report(FutureTask.java:122)
	at java.util.concurrent.FutureTask.get(FutureTask.java:192)
	at org.apache.ratis.server.impl.LeaderElection.waitForResults(LeaderElection.java:259)
	at org.apache.ratis.server.impl.LeaderElection.askForVotes(LeaderElection.java:197)
	at org.apache.ratis.server.impl.LeaderElection.run(LeaderElection.java:133)
	at java.lang.Thread.run(Thread.java:748)
Caused by: org.apache.ratis.thirdparty.io.grpc.StatusRuntimeException: UNAVAILABLE: io exception
	at org.apache.ratis.thirdparty.io.grpc.stub.ClientCalls.toStatusRuntimeException(ClientCalls.java:233)
	at org.apache.ratis.thirdparty.io.grpc.stub.ClientCalls.getUnchecked(ClientCalls.java:214)
	at org.apache.ratis.thirdparty.io.grpc.stub.ClientCalls.blockingUnaryCall(ClientCalls.java:139)
	at org.apache.ratis.proto.grpc.RaftServerProtocolServiceGrpc$RaftServerProtocolServiceBlockingStub.requestVote(RaftServerProtocolServiceGrpc.java:265)
	at org.apache.ratis.grpc.server.GrpcServerProtocolClient.requestVote(GrpcServerProtocolClient.java:99)
	at org.apache.ratis.grpc.server.GrpcService.requestVote(GrpcService.java:204)
	at org.apache.ratis.server.impl.LeaderElection.lambda$submitRequests$1(LeaderElection.java:234)
	at java.util.concurrent.FutureTask.run(FutureTask.java:266)
	at java.util.concurrent.Executors$RunnableAdapter.call(Executors.java:511)
	at java.util.concurrent.FutureTask.run(FutureTask.java:266)
	at java.util.concurrent.ThreadPoolExecutor.runWorker(ThreadPoolExecutor.java:1149)
	at java.util.concurrent.ThreadPoolExecutor$Worker.run(ThreadPoolExecutor.java:624)
	... 1 more
Caused by: org.apache.ratis.thirdparty.io.netty.channel.AbstractChannel$AnnotatedConnectException: Connection refused: /192.168.157.203:33208
	at sun.nio.ch.SocketChannelImpl.checkConnect(Native Method)
	at sun.nio.ch.SocketChannelImpl.finishConnect(SocketChannelImpl.java:717)
	at org.apache.ratis.thirdparty.io.netty.channel.socket.nio.NioSocketChannel.doFinishConnect(NioSocketChannel.java:327)
	at org.apache.ratis.thirdparty.io.netty.channel.nio.AbstractNioChannel$AbstractNioUnsafe.finishConnect(AbstractNioChannel.java:340)
	at org.apache.ratis.thirdparty.io.netty.channel.nio.NioEventLoop.processSelectedKey(NioEventLoop.java:632)
	at org.apache.ratis.thirdparty.io.netty.channel.nio.NioEventLoop.processSelectedKeysOptimized(NioEventLoop.java:579)
	at org.apache.ratis.thirdparty.io.netty.channel.nio.NioEventLoop.processSelectedKeys(NioEventLoop.java:496)
	at org.apache.ratis.thirdparty.io.netty.channel.nio.NioEventLoop.run(NioEventLoop.java:458)
	at org.apache.ratis.thirdparty.io.netty.util.concurrent.SingleThreadEventExecutor$5.run(SingleThreadEventExecutor.java:897)
	at org.apache.ratis.thirdparty.io.netty.util.concurrent.FastThreadLocalRunnable.run(FastThreadLocalRunnable.java:30)
	... 1 more
Caused by: java.net.ConnectException: Connection refused
	... 11 more
2019-10-16 11:36:19,303 [a3132885-145f-4a8c-85f4-c10eb874732d@group-2077DD483DC7-LeaderElection492] INFO  impl.LeaderElection (LogUtils.java:infoOrTrace(149)) - a3132885-145f-4a8c-85f4-c10eb874732d@group-2077DD483DC7-LeaderElection492 got exception when requesting votes: {}
java.util.concurrent.ExecutionException: org.apache.ratis.thirdparty.io.grpc.StatusRuntimeException: UNAVAILABLE: io exception
	at java.util.concurrent.FutureTask.report(FutureTask.java:122)
	at java.util.concurrent.FutureTask.get(FutureTask.java:192)
	at org.apache.ratis.server.impl.LeaderElection.waitForResults(LeaderElection.java:259)
	at org.apache.ratis.server.impl.LeaderElection.askForVotes(LeaderElection.java:197)
	at org.apache.ratis.server.impl.LeaderElection.run(LeaderElection.java:133)
	at java.lang.Thread.run(Thread.java:748)
Caused by: org.apache.ratis.thirdparty.io.grpc.StatusRuntimeException: UNAVAILABLE: io exception
	at org.apache.ratis.thirdparty.io.grpc.stub.ClientCalls.toStatusRuntimeException(ClientCalls.java:233)
	at org.apache.ratis.thirdparty.io.grpc.stub.ClientCalls.getUnchecked(ClientCalls.java:214)
	at org.apache.ratis.thirdparty.io.grpc.stub.ClientCalls.blockingUnaryCall(ClientCalls.java:139)
	at org.apache.ratis.proto.grpc.RaftServerProtocolServiceGrpc$RaftServerProtocolServiceBlockingStub.requestVote(RaftServerProtocolServiceGrpc.java:265)
	at org.apache.ratis.grpc.server.GrpcServerProtocolClient.requestVote(GrpcServerProtocolClient.java:99)
	at org.apache.ratis.grpc.server.GrpcService.requestVote(GrpcService.java:204)
	at org.apache.ratis.server.impl.LeaderElection.lambda$submitRequests$1(LeaderElection.java:234)
	at java.util.concurrent.FutureTask.run(FutureTask.java:266)
	at java.util.concurrent.Executors$RunnableAdapter.call(Executors.java:511)
	at java.util.concurrent.FutureTask.run(FutureTask.java:266)
	at java.util.concurrent.ThreadPoolExecutor.runWorker(ThreadPoolExecutor.java:1149)
	at java.util.concurrent.ThreadPoolExecutor$Worker.run(ThreadPoolExecutor.java:624)
	... 1 more
Caused by: org.apache.ratis.thirdparty.io.netty.channel.AbstractChannel$AnnotatedConnectException: Connection refused: /192.168.157.203:43163
	at sun.nio.ch.SocketChannelImpl.checkConnect(Native Method)
	at sun.nio.ch.SocketChannelImpl.finishConnect(SocketChannelImpl.java:717)
	at org.apache.ratis.thirdparty.io.netty.channel.socket.nio.NioSocketChannel.doFinishConnect(NioSocketChannel.java:327)
	at org.apache.ratis.thirdparty.io.netty.channel.nio.AbstractNioChannel$AbstractNioUnsafe.finishConnect(AbstractNioChannel.java:340)
	at org.apache.ratis.thirdparty.io.netty.channel.nio.NioEventLoop.processSelectedKey(NioEventLoop.java:632)
	at org.apache.ratis.thirdparty.io.netty.channel.nio.NioEventLoop.processSelectedKeysOptimized(NioEventLoop.java:579)
	at org.apache.ratis.thirdparty.io.netty.channel.nio.NioEventLoop.processSelectedKeys(NioEventLoop.java:496)
	at org.apache.ratis.thirdparty.io.netty.channel.nio.NioEventLoop.run(NioEventLoop.java:458)
	at org.apache.ratis.thirdparty.io.netty.util.concurrent.SingleThreadEventExecutor$5.run(SingleThreadEventExecutor.java:897)
	at org.apache.ratis.thirdparty.io.netty.util.concurrent.FastThreadLocalRunnable.run(FastThreadLocalRunnable.java:30)
	... 1 more
Caused by: java.net.ConnectException: Connection refused
	... 11 more
2019-10-16 11:36:19,303 [a3132885-145f-4a8c-85f4-c10eb874732d@group-2077DD483DC7-LeaderElection492] INFO  impl.LeaderElection (LeaderElection.java:logAndReturn(56)) - a3132885-145f-4a8c-85f4-c10eb874732d@group-2077DD483DC7-LeaderElection492: Election REJECTED; received 0 response(s) [] and 2 exception(s); a3132885-145f-4a8c-85f4-c10eb874732d@group-2077DD483DC7:t319, leader=null, voted=a3132885-145f-4a8c-85f4-c10eb874732d, raftlog=a3132885-145f-4a8c-85f4-c10eb874732d@group-2077DD483DC7-SegmentedRaftLog:OPENED:c-1,f-1,i0, conf=-1: [163587bb-2c3b-4498-b576-18147cf38274:192.168.157.203:33208, a3132885-145f-4a8c-85f4-c10eb874732d:192.168.157.203:46766, 70b633f6-b230-4b9f-87f3-510da88f1e08:192.168.157.203:43163], old=null
2019-10-16 11:36:19,303 [a3132885-145f-4a8c-85f4-c10eb874732d@group-2077DD483DC7-LeaderElection492] INFO  impl.LeaderElection (LogUtils.java:infoOrTrace(149)) -   Exception 0: {}
java.util.concurrent.ExecutionException: org.apache.ratis.thirdparty.io.grpc.StatusRuntimeException: UNAVAILABLE: io exception
	at java.util.concurrent.FutureTask.report(FutureTask.java:122)
	at java.util.concurrent.FutureTask.get(FutureTask.java:192)
	at org.apache.ratis.server.impl.LeaderElection.waitForResults(LeaderElection.java:259)
	at org.apache.ratis.server.impl.LeaderElection.askForVotes(LeaderElection.java:197)
	at org.apache.ratis.server.impl.LeaderElection.run(LeaderElection.java:133)
	at java.lang.Thread.run(Thread.java:748)
Caused by: org.apache.ratis.thirdparty.io.grpc.StatusRuntimeException: UNAVAILABLE: io exception
	at org.apache.ratis.thirdparty.io.grpc.stub.ClientCalls.toStatusRuntimeException(ClientCalls.java:233)
	at org.apache.ratis.thirdparty.io.grpc.stub.ClientCalls.getUnchecked(ClientCalls.java:214)
	at org.apache.ratis.thirdparty.io.grpc.stub.ClientCalls.blockingUnaryCall(ClientCalls.java:139)
	at org.apache.ratis.proto.grpc.RaftServerProtocolServiceGrpc$RaftServerProtocolServiceBlockingStub.requestVote(RaftServerProtocolServiceGrpc.java:265)
	at org.apache.ratis.grpc.server.GrpcServerProtocolClient.requestVote(GrpcServerProtocolClient.java:99)
	at org.apache.ratis.grpc.server.GrpcService.requestVote(GrpcService.java:204)
	at org.apache.ratis.server.impl.LeaderElection.lambda$submitRequests$1(LeaderElection.java:234)
	at java.util.concurrent.FutureTask.run(FutureTask.java:266)
	at java.util.concurrent.Executors$RunnableAdapter.call(Executors.java:511)
	at java.util.concurrent.FutureTask.run(FutureTask.java:266)
	at java.util.concurrent.ThreadPoolExecutor.runWorker(ThreadPoolExecutor.java:1149)
	at java.util.concurrent.ThreadPoolExecutor$Worker.run(ThreadPoolExecutor.java:624)
	... 1 more
Caused by: org.apache.ratis.thirdparty.io.netty.channel.AbstractChannel$AnnotatedConnectException: Connection refused: /192.168.157.203:33208
	at sun.nio.ch.SocketChannelImpl.checkConnect(Native Method)
	at sun.nio.ch.SocketChannelImpl.finishConnect(SocketChannelImpl.java:717)
	at org.apache.ratis.thirdparty.io.netty.channel.socket.nio.NioSocketChannel.doFinishConnect(NioSocketChannel.java:327)
	at org.apache.ratis.thirdparty.io.netty.channel.nio.AbstractNioChannel$AbstractNioUnsafe.finishConnect(AbstractNioChannel.java:340)
	at org.apache.ratis.thirdparty.io.netty.channel.nio.NioEventLoop.processSelectedKey(NioEventLoop.java:632)
	at org.apache.ratis.thirdparty.io.netty.channel.nio.NioEventLoop.processSelectedKeysOptimized(NioEventLoop.java:579)
	at org.apache.ratis.thirdparty.io.netty.channel.nio.NioEventLoop.processSelectedKeys(NioEventLoop.java:496)
	at org.apache.ratis.thirdparty.io.netty.channel.nio.NioEventLoop.run(NioEventLoop.java:458)
	at org.apache.ratis.thirdparty.io.netty.util.concurrent.SingleThreadEventExecutor$5.run(SingleThreadEventExecutor.java:897)
	at org.apache.ratis.thirdparty.io.netty.util.concurrent.FastThreadLocalRunnable.run(FastThreadLocalRunnable.java:30)
	... 1 more
Caused by: java.net.ConnectException: Connection refused
	... 11 more
2019-10-16 11:36:19,304 [a3132885-145f-4a8c-85f4-c10eb874732d@group-2077DD483DC7-LeaderElection492] INFO  impl.LeaderElection (LogUtils.java:infoOrTrace(149)) -   Exception 1: {}
java.util.concurrent.ExecutionException: org.apache.ratis.thirdparty.io.grpc.StatusRuntimeException: UNAVAILABLE: io exception
	at java.util.concurrent.FutureTask.report(FutureTask.java:122)
	at java.util.concurrent.FutureTask.get(FutureTask.java:192)
	at org.apache.ratis.server.impl.LeaderElection.waitForResults(LeaderElection.java:259)
	at org.apache.ratis.server.impl.LeaderElection.askForVotes(LeaderElection.java:197)
	at org.apache.ratis.server.impl.LeaderElection.run(LeaderElection.java:133)
	at java.lang.Thread.run(Thread.java:748)
Caused by: org.apache.ratis.thirdparty.io.grpc.StatusRuntimeException: UNAVAILABLE: io exception
	at org.apache.ratis.thirdparty.io.grpc.stub.ClientCalls.toStatusRuntimeException(ClientCalls.java:233)
	at org.apache.ratis.thirdparty.io.grpc.stub.ClientCalls.getUnchecked(ClientCalls.java:214)
	at org.apache.ratis.thirdparty.io.grpc.stub.ClientCalls.blockingUnaryCall(ClientCalls.java:139)
	at org.apache.ratis.proto.grpc.RaftServerProtocolServiceGrpc$RaftServerProtocolServiceBlockingStub.requestVote(RaftServerProtocolServiceGrpc.java:265)
	at org.apache.ratis.grpc.server.GrpcServerProtocolClient.requestVote(GrpcServerProtocolClient.java:99)
	at org.apache.ratis.grpc.server.GrpcService.requestVote(GrpcService.java:204)
	at org.apache.ratis.server.impl.LeaderElection.lambda$submitRequests$1(LeaderElection.java:234)
	at java.util.concurrent.FutureTask.run(FutureTask.java:266)
	at java.util.concurrent.Executors$RunnableAdapter.call(Executors.java:511)
	at java.util.concurrent.FutureTask.run(FutureTask.java:266)
	at java.util.concurrent.ThreadPoolExecutor.runWorker(ThreadPoolExecutor.java:1149)
	at java.util.concurrent.ThreadPoolExecutor$Worker.run(ThreadPoolExecutor.java:624)
	... 1 more
Caused by: org.apache.ratis.thirdparty.io.netty.channel.AbstractChannel$AnnotatedConnectException: Connection refused: /192.168.157.203:43163
	at sun.nio.ch.SocketChannelImpl.checkConnect(Native Method)
	at sun.nio.ch.SocketChannelImpl.finishConnect(SocketChannelImpl.java:717)
	at org.apache.ratis.thirdparty.io.netty.channel.socket.nio.NioSocketChannel.doFinishConnect(NioSocketChannel.java:327)
	at org.apache.ratis.thirdparty.io.netty.channel.nio.AbstractNioChannel$AbstractNioUnsafe.finishConnect(AbstractNioChannel.java:340)
	at org.apache.ratis.thirdparty.io.netty.channel.nio.NioEventLoop.processSelectedKey(NioEventLoop.java:632)
	at org.apache.ratis.thirdparty.io.netty.channel.nio.NioEventLoop.processSelectedKeysOptimized(NioEventLoop.java:579)
	at org.apache.ratis.thirdparty.io.netty.channel.nio.NioEventLoop.processSelectedKeys(NioEventLoop.java:496)
	at org.apache.ratis.thirdparty.io.netty.channel.nio.NioEventLoop.run(NioEventLoop.java:458)
	at org.apache.ratis.thirdparty.io.netty.util.concurrent.SingleThreadEventExecutor$5.run(SingleThreadEventExecutor.java:897)
	at org.apache.ratis.thirdparty.io.netty.util.concurrent.FastThreadLocalRunnable.run(FastThreadLocalRunnable.java:30)
	... 1 more
Caused by: java.net.ConnectException: Connection refused
	... 11 more
2019-10-16 11:36:19,304 [a3132885-145f-4a8c-85f4-c10eb874732d@group-2077DD483DC7-LeaderElection492] INFO  impl.RaftServerImpl (RaftServerImpl.java:setRole(184)) - a3132885-145f-4a8c-85f4-c10eb874732d@group-2077DD483DC7: changes role from CANDIDATE to FOLLOWER at term 319 for DISCOVERED_A_NEW_TERM
2019-10-16 11:36:19,304 [a3132885-145f-4a8c-85f4-c10eb874732d@group-2077DD483DC7-LeaderElection492] INFO  impl.RoleInfo (RoleInfo.java:shutdownLeaderElection(134)) - a3132885-145f-4a8c-85f4-c10eb874732d: shutdown LeaderElection
2019-10-16 11:36:19,304 [a3132885-145f-4a8c-85f4-c10eb874732d@group-2077DD483DC7-LeaderElection492] INFO  impl.RoleInfo (RoleInfo.java:updateAndGet(143)) - a3132885-145f-4a8c-85f4-c10eb874732d: start FollowerState
2019-10-16 11:36:19,323 [Datanode State Machine Thread - 0] INFO  statemachine.DatanodeStateMachine (DatanodeStateMachine.java:lambda$startDaemon$0(350)) - Ozone container server started.
2019-10-16 11:36:19,428 [Thread-3641] INFO  impl.FollowerState (FollowerState.java:run(108)) - a3132885-145f-4a8c-85f4-c10eb874732d@group-2077DD483DC7-FollowerState: change to CANDIDATE, lastRpcTime:123ms, electionTimeout:123ms
2019-10-16 11:36:19,428 [Thread-3641] INFO  impl.RoleInfo (RoleInfo.java:shutdownFollowerState(121)) - a3132885-145f-4a8c-85f4-c10eb874732d: shutdown FollowerState
2019-10-16 11:36:19,428 [Thread-3641] INFO  impl.RaftServerImpl (RaftServerImpl.java:setRole(184)) - a3132885-145f-4a8c-85f4-c10eb874732d@group-2077DD483DC7: changes role from  FOLLOWER to CANDIDATE at term 319 for changeToCandidate
2019-10-16 11:36:19,428 [Thread-3641] INFO  impl.RoleInfo (RoleInfo.java:updateAndGet(143)) - a3132885-145f-4a8c-85f4-c10eb874732d: start LeaderElection
2019-10-16 11:36:19,442 [a3132885-145f-4a8c-85f4-c10eb874732d@group-2077DD483DC7-LeaderElection493] INFO  impl.LeaderElection (LeaderElection.java:askForVotes(178)) - a3132885-145f-4a8c-85f4-c10eb874732d@group-2077DD483DC7-LeaderElection493: begin an election at term 320 for -1: [163587bb-2c3b-4498-b576-18147cf38274:192.168.157.203:33208, a3132885-145f-4a8c-85f4-c10eb874732d:192.168.157.203:46766, 70b633f6-b230-4b9f-87f3-510da88f1e08:192.168.157.203:43163], old=null
2019-10-16 11:36:19,443 [a3132885-145f-4a8c-85f4-c10eb874732d@group-2077DD483DC7-LeaderElection493] INFO  impl.LeaderElection (LogUtils.java:infoOrTrace(149)) - a3132885-145f-4a8c-85f4-c10eb874732d@group-2077DD483DC7-LeaderElection493 got exception when requesting votes: {}
java.util.concurrent.ExecutionException: org.apache.ratis.thirdparty.io.grpc.StatusRuntimeException: UNAVAILABLE: io exception
	at java.util.concurrent.FutureTask.report(FutureTask.java:122)
	at java.util.concurrent.FutureTask.get(FutureTask.java:192)
	at org.apache.ratis.server.impl.LeaderElection.waitForResults(LeaderElection.java:259)
	at org.apache.ratis.server.impl.LeaderElection.askForVotes(LeaderElection.java:197)
	at org.apache.ratis.server.impl.LeaderElection.run(LeaderElection.java:133)
	at java.lang.Thread.run(Thread.java:748)
Caused by: org.apache.ratis.thirdparty.io.grpc.StatusRuntimeException: UNAVAILABLE: io exception
	at org.apache.ratis.thirdparty.io.grpc.stub.ClientCalls.toStatusRuntimeException(ClientCalls.java:233)
	at org.apache.ratis.thirdparty.io.grpc.stub.ClientCalls.getUnchecked(ClientCalls.java:214)
	at org.apache.ratis.thirdparty.io.grpc.stub.ClientCalls.blockingUnaryCall(ClientCalls.java:139)
	at org.apache.ratis.proto.grpc.RaftServerProtocolServiceGrpc$RaftServerProtocolServiceBlockingStub.requestVote(RaftServerProtocolServiceGrpc.java:265)
	at org.apache.ratis.grpc.server.GrpcServerProtocolClient.requestVote(GrpcServerProtocolClient.java:99)
	at org.apache.ratis.grpc.server.GrpcService.requestVote(GrpcService.java:204)
	at org.apache.ratis.server.impl.LeaderElection.lambda$submitRequests$1(LeaderElection.java:234)
	at java.util.concurrent.FutureTask.run(FutureTask.java:266)
	at java.util.concurrent.Executors$RunnableAdapter.call(Executors.java:511)
	at java.util.concurrent.FutureTask.run(FutureTask.java:266)
	at java.util.concurrent.ThreadPoolExecutor.runWorker(ThreadPoolExecutor.java:1149)
	at java.util.concurrent.ThreadPoolExecutor$Worker.run(ThreadPoolExecutor.java:624)
	... 1 more
Caused by: org.apache.ratis.thirdparty.io.netty.channel.AbstractChannel$AnnotatedConnectException: Connection refused: /192.168.157.203:33208
	at sun.nio.ch.SocketChannelImpl.checkConnect(Native Method)
	at sun.nio.ch.SocketChannelImpl.finishConnect(SocketChannelImpl.java:717)
	at org.apache.ratis.thirdparty.io.netty.channel.socket.nio.NioSocketChannel.doFinishConnect(NioSocketChannel.java:327)
	at org.apache.ratis.thirdparty.io.netty.channel.nio.AbstractNioChannel$AbstractNioUnsafe.finishConnect(AbstractNioChannel.java:340)
	at org.apache.ratis.thirdparty.io.netty.channel.nio.NioEventLoop.processSelectedKey(NioEventLoop.java:632)
	at org.apache.ratis.thirdparty.io.netty.channel.nio.NioEventLoop.processSelectedKeysOptimized(NioEventLoop.java:579)
	at org.apache.ratis.thirdparty.io.netty.channel.nio.NioEventLoop.processSelectedKeys(NioEventLoop.java:496)
	at org.apache.ratis.thirdparty.io.netty.channel.nio.NioEventLoop.run(NioEventLoop.java:458)
	at org.apache.ratis.thirdparty.io.netty.util.concurrent.SingleThreadEventExecutor$5.run(SingleThreadEventExecutor.java:897)
	at org.apache.ratis.thirdparty.io.netty.util.concurrent.FastThreadLocalRunnable.run(FastThreadLocalRunnable.java:30)
	... 1 more
Caused by: java.net.ConnectException: Connection refused
	... 11 more
2019-10-16 11:36:19,443 [a3132885-145f-4a8c-85f4-c10eb874732d@group-2077DD483DC7-LeaderElection493] INFO  impl.LeaderElection (LogUtils.java:infoOrTrace(149)) - a3132885-145f-4a8c-85f4-c10eb874732d@group-2077DD483DC7-LeaderElection493 got exception when requesting votes: {}
java.util.concurrent.ExecutionException: org.apache.ratis.thirdparty.io.grpc.StatusRuntimeException: UNAVAILABLE: io exception
	at java.util.concurrent.FutureTask.report(FutureTask.java:122)
	at java.util.concurrent.FutureTask.get(FutureTask.java:192)
	at org.apache.ratis.server.impl.LeaderElection.waitForResults(LeaderElection.java:259)
	at org.apache.ratis.server.impl.LeaderElection.askForVotes(LeaderElection.java:197)
	at org.apache.ratis.server.impl.LeaderElection.run(LeaderElection.java:133)
	at java.lang.Thread.run(Thread.java:748)
Caused by: org.apache.ratis.thirdparty.io.grpc.StatusRuntimeException: UNAVAILABLE: io exception
	at org.apache.ratis.thirdparty.io.grpc.stub.ClientCalls.toStatusRuntimeException(ClientCalls.java:233)
	at org.apache.ratis.thirdparty.io.grpc.stub.ClientCalls.getUnchecked(ClientCalls.java:214)
	at org.apache.ratis.thirdparty.io.grpc.stub.ClientCalls.blockingUnaryCall(ClientCalls.java:139)
	at org.apache.ratis.proto.grpc.RaftServerProtocolServiceGrpc$RaftServerProtocolServiceBlockingStub.requestVote(RaftServerProtocolServiceGrpc.java:265)
	at org.apache.ratis.grpc.server.GrpcServerProtocolClient.requestVote(GrpcServerProtocolClient.java:99)
	at org.apache.ratis.grpc.server.GrpcService.requestVote(GrpcService.java:204)
	at org.apache.ratis.server.impl.LeaderElection.lambda$submitRequests$1(LeaderElection.java:234)
	at java.util.concurrent.FutureTask.run(FutureTask.java:266)
	at java.util.concurrent.Executors$RunnableAdapter.call(Executors.java:511)
	at java.util.concurrent.FutureTask.run(FutureTask.java:266)
	at java.util.concurrent.ThreadPoolExecutor.runWorker(ThreadPoolExecutor.java:1149)
	at java.util.concurrent.ThreadPoolExecutor$Worker.run(ThreadPoolExecutor.java:624)
	... 1 more
Caused by: org.apache.ratis.thirdparty.io.netty.channel.AbstractChannel$AnnotatedConnectException: Connection refused: /192.168.157.203:43163
	at sun.nio.ch.SocketChannelImpl.checkConnect(Native Method)
	at sun.nio.ch.SocketChannelImpl.finishConnect(SocketChannelImpl.java:717)
	at org.apache.ratis.thirdparty.io.netty.channel.socket.nio.NioSocketChannel.doFinishConnect(NioSocketChannel.java:327)
	at org.apache.ratis.thirdparty.io.netty.channel.nio.AbstractNioChannel$AbstractNioUnsafe.finishConnect(AbstractNioChannel.java:340)
	at org.apache.ratis.thirdparty.io.netty.channel.nio.NioEventLoop.processSelectedKey(NioEventLoop.java:632)
	at org.apache.ratis.thirdparty.io.netty.channel.nio.NioEventLoop.processSelectedKeysOptimized(NioEventLoop.java:579)
	at org.apache.ratis.thirdparty.io.netty.channel.nio.NioEventLoop.processSelectedKeys(NioEventLoop.java:496)
	at org.apache.ratis.thirdparty.io.netty.channel.nio.NioEventLoop.run(NioEventLoop.java:458)
	at org.apache.ratis.thirdparty.io.netty.util.concurrent.SingleThreadEventExecutor$5.run(SingleThreadEventExecutor.java:897)
	at org.apache.ratis.thirdparty.io.netty.util.concurrent.FastThreadLocalRunnable.run(FastThreadLocalRunnable.java:30)
	... 1 more
Caused by: java.net.ConnectException: Connection refused
	... 11 more
2019-10-16 11:36:19,444 [a3132885-145f-4a8c-85f4-c10eb874732d@group-2077DD483DC7-LeaderElection493] INFO  impl.LeaderElection (LeaderElection.java:logAndReturn(56)) - a3132885-145f-4a8c-85f4-c10eb874732d@group-2077DD483DC7-LeaderElection493: Election REJECTED; received 0 response(s) [] and 2 exception(s); a3132885-145f-4a8c-85f4-c10eb874732d@group-2077DD483DC7:t320, leader=null, voted=a3132885-145f-4a8c-85f4-c10eb874732d, raftlog=a3132885-145f-4a8c-85f4-c10eb874732d@group-2077DD483DC7-SegmentedRaftLog:OPENED:c-1,f-1,i0, conf=-1: [163587bb-2c3b-4498-b576-18147cf38274:192.168.157.203:33208, a3132885-145f-4a8c-85f4-c10eb874732d:192.168.157.203:46766, 70b633f6-b230-4b9f-87f3-510da88f1e08:192.168.157.203:43163], old=null
2019-10-16 11:36:19,444 [a3132885-145f-4a8c-85f4-c10eb874732d@group-2077DD483DC7-LeaderElection493] INFO  impl.LeaderElection (LogUtils.java:infoOrTrace(149)) -   Exception 0: {}
java.util.concurrent.ExecutionException: org.apache.ratis.thirdparty.io.grpc.StatusRuntimeException: UNAVAILABLE: io exception
	at java.util.concurrent.FutureTask.report(FutureTask.java:122)
	at java.util.concurrent.FutureTask.get(FutureTask.java:192)
	at org.apache.ratis.server.impl.LeaderElection.waitForResults(LeaderElection.java:259)
	at org.apache.ratis.server.impl.LeaderElection.askForVotes(LeaderElection.java:197)
	at org.apache.ratis.server.impl.LeaderElection.run(LeaderElection.java:133)
	at java.lang.Thread.run(Thread.java:748)
Caused by: org.apache.ratis.thirdparty.io.grpc.StatusRuntimeException: UNAVAILABLE: io exception
	at org.apache.ratis.thirdparty.io.grpc.stub.ClientCalls.toStatusRuntimeException(ClientCalls.java:233)
	at org.apache.ratis.thirdparty.io.grpc.stub.ClientCalls.getUnchecked(ClientCalls.java:214)
	at org.apache.ratis.thirdparty.io.grpc.stub.ClientCalls.blockingUnaryCall(ClientCalls.java:139)
	at org.apache.ratis.proto.grpc.RaftServerProtocolServiceGrpc$RaftServerProtocolServiceBlockingStub.requestVote(RaftServerProtocolServiceGrpc.java:265)
	at org.apache.ratis.grpc.server.GrpcServerProtocolClient.requestVote(GrpcServerProtocolClient.java:99)
	at org.apache.ratis.grpc.server.GrpcService.requestVote(GrpcService.java:204)
	at org.apache.ratis.server.impl.LeaderElection.lambda$submitRequests$1(LeaderElection.java:234)
	at java.util.concurrent.FutureTask.run(FutureTask.java:266)
	at java.util.concurrent.Executors$RunnableAdapter.call(Executors.java:511)
	at java.util.concurrent.FutureTask.run(FutureTask.java:266)
	at java.util.concurrent.ThreadPoolExecutor.runWorker(ThreadPoolExecutor.java:1149)
	at java.util.concurrent.ThreadPoolExecutor$Worker.run(ThreadPoolExecutor.java:624)
	... 1 more
Caused by: org.apache.ratis.thirdparty.io.netty.channel.AbstractChannel$AnnotatedConnectException: Connection refused: /192.168.157.203:33208
	at sun.nio.ch.SocketChannelImpl.checkConnect(Native Method)
	at sun.nio.ch.SocketChannelImpl.finishConnect(SocketChannelImpl.java:717)
	at org.apache.ratis.thirdparty.io.netty.channel.socket.nio.NioSocketChannel.doFinishConnect(NioSocketChannel.java:327)
	at org.apache.ratis.thirdparty.io.netty.channel.nio.AbstractNioChannel$AbstractNioUnsafe.finishConnect(AbstractNioChannel.java:340)
	at org.apache.ratis.thirdparty.io.netty.channel.nio.NioEventLoop.processSelectedKey(NioEventLoop.java:632)
	at org.apache.ratis.thirdparty.io.netty.channel.nio.NioEventLoop.processSelectedKeysOptimized(NioEventLoop.java:579)
	at org.apache.ratis.thirdparty.io.netty.channel.nio.NioEventLoop.processSelectedKeys(NioEventLoop.java:496)
	at org.apache.ratis.thirdparty.io.netty.channel.nio.NioEventLoop.run(NioEventLoop.java:458)
	at org.apache.ratis.thirdparty.io.netty.util.concurrent.SingleThreadEventExecutor$5.run(SingleThreadEventExecutor.java:897)
	at org.apache.ratis.thirdparty.io.netty.util.concurrent.FastThreadLocalRunnable.run(FastThreadLocalRunnable.java:30)
	... 1 more
Caused by: java.net.ConnectException: Connection refused
	... 11 more
2019-10-16 11:36:19,444 [a3132885-145f-4a8c-85f4-c10eb874732d@group-2077DD483DC7-LeaderElection493] INFO  impl.LeaderElection (LogUtils.java:infoOrTrace(149)) -   Exception 1: {}
java.util.concurrent.ExecutionException: org.apache.ratis.thirdparty.io.grpc.StatusRuntimeException: UNAVAILABLE: io exception
	at java.util.concurrent.FutureTask.report(FutureTask.java:122)
	at java.util.concurrent.FutureTask.get(FutureTask.java:192)
	at org.apache.ratis.server.impl.LeaderElection.waitForResults(LeaderElection.java:259)
	at org.apache.ratis.server.impl.LeaderElection.askForVotes(LeaderElection.java:197)
	at org.apache.ratis.server.impl.LeaderElection.run(LeaderElection.java:133)
	at java.lang.Thread.run(Thread.java:748)
Caused by: org.apache.ratis.thirdparty.io.grpc.StatusRuntimeException: UNAVAILABLE: io exception
	at org.apache.ratis.thirdparty.io.grpc.stub.ClientCalls.toStatusRuntimeException(ClientCalls.java:233)
	at org.apache.ratis.thirdparty.io.grpc.stub.ClientCalls.getUnchecked(ClientCalls.java:214)
	at org.apache.ratis.thirdparty.io.grpc.stub.ClientCalls.blockingUnaryCall(ClientCalls.java:139)
	at org.apache.ratis.proto.grpc.RaftServerProtocolServiceGrpc$RaftServerProtocolServiceBlockingStub.requestVote(RaftServerProtocolServiceGrpc.java:265)
	at org.apache.ratis.grpc.server.GrpcServerProtocolClient.requestVote(GrpcServerProtocolClient.java:99)
	at org.apache.ratis.grpc.server.GrpcService.requestVote(GrpcService.java:204)
	at org.apache.ratis.server.impl.LeaderElection.lambda$submitRequests$1(LeaderElection.java:234)
	at java.util.concurrent.FutureTask.run(FutureTask.java:266)
	at java.util.concurrent.Executors$RunnableAdapter.call(Executors.java:511)
	at java.util.concurrent.FutureTask.run(FutureTask.java:266)
	at java.util.concurrent.ThreadPoolExecutor.runWorker(ThreadPoolExecutor.java:1149)
	at java.util.concurrent.ThreadPoolExecutor$Worker.run(ThreadPoolExecutor.java:624)
	... 1 more
Caused by: org.apache.ratis.thirdparty.io.netty.channel.AbstractChannel$AnnotatedConnectException: Connection refused: /192.168.157.203:43163
	at sun.nio.ch.SocketChannelImpl.checkConnect(Native Method)
	at sun.nio.ch.SocketChannelImpl.finishConnect(SocketChannelImpl.java:717)
	at org.apache.ratis.thirdparty.io.netty.channel.socket.nio.NioSocketChannel.doFinishConnect(NioSocketChannel.java:327)
	at org.apache.ratis.thirdparty.io.netty.channel.nio.AbstractNioChannel$AbstractNioUnsafe.finishConnect(AbstractNioChannel.java:340)
	at org.apache.ratis.thirdparty.io.netty.channel.nio.NioEventLoop.processSelectedKey(NioEventLoop.java:632)
	at org.apache.ratis.thirdparty.io.netty.channel.nio.NioEventLoop.processSelectedKeysOptimized(NioEventLoop.java:579)
	at org.apache.ratis.thirdparty.io.netty.channel.nio.NioEventLoop.processSelectedKeys(NioEventLoop.java:496)
	at org.apache.ratis.thirdparty.io.netty.channel.nio.NioEventLoop.run(NioEventLoop.java:458)
	at org.apache.ratis.thirdparty.io.netty.util.concurrent.SingleThreadEventExecutor$5.run(SingleThreadEventExecutor.java:897)
	at org.apache.ratis.thirdparty.io.netty.util.concurrent.FastThreadLocalRunnable.run(FastThreadLocalRunnable.java:30)
	... 1 more
Caused by: java.net.ConnectException: Connection refused
	... 11 more
2019-10-16 11:36:19,444 [a3132885-145f-4a8c-85f4-c10eb874732d@group-2077DD483DC7-LeaderElection493] INFO  impl.RaftServerImpl (RaftServerImpl.java:setRole(184)) - a3132885-145f-4a8c-85f4-c10eb874732d@group-2077DD483DC7: changes role from CANDIDATE to FOLLOWER at term 320 for DISCOVERED_A_NEW_TERM
2019-10-16 11:36:19,445 [a3132885-145f-4a8c-85f4-c10eb874732d@group-2077DD483DC7-LeaderElection493] INFO  impl.RoleInfo (RoleInfo.java:shutdownLeaderElection(134)) - a3132885-145f-4a8c-85f4-c10eb874732d: shutdown LeaderElection
2019-10-16 11:36:19,445 [a3132885-145f-4a8c-85f4-c10eb874732d@group-2077DD483DC7-LeaderElection493] INFO  impl.RoleInfo (RoleInfo.java:updateAndGet(143)) - a3132885-145f-4a8c-85f4-c10eb874732d: start FollowerState
2019-10-16 11:36:19,495 [java.util.concurrent.ThreadPoolExecutor$Worker@1a001f89[State = -1, empty queue]] WARN  server.GrpcLogAppender (GrpcLogAppender.java:timeoutAppendRequest(209)) - 5c445d34-c031-481c-9d4b-8fbace1f61b8@group-8BBDE5791A04->857fec05-692a-4d09-bf1c-7d167682feae-GrpcLogAppender: appendEntries Timeout, request=5c445d34-c031-481c-9d4b-8fbace1f61b8->857fec05-692a-4d09-bf1c-7d167682feae#94-t6, previous=(t:6, i:21), leaderCommit=21, initializing? false, entries: <empty>
2019-10-16 11:36:19,549 [Thread-3645] INFO  impl.FollowerState (FollowerState.java:run(108)) - a3132885-145f-4a8c-85f4-c10eb874732d@group-2077DD483DC7-FollowerState: change to CANDIDATE, lastRpcTime:104ms, electionTimeout:104ms
2019-10-16 11:36:19,549 [Thread-3645] INFO  impl.RoleInfo (RoleInfo.java:shutdownFollowerState(121)) - a3132885-145f-4a8c-85f4-c10eb874732d: shutdown FollowerState
2019-10-16 11:36:19,549 [Thread-3645] INFO  impl.RaftServerImpl (RaftServerImpl.java:setRole(184)) - a3132885-145f-4a8c-85f4-c10eb874732d@group-2077DD483DC7: changes role from  FOLLOWER to CANDIDATE at term 320 for changeToCandidate
2019-10-16 11:36:19,549 [Thread-3645] INFO  impl.RoleInfo (RoleInfo.java:updateAndGet(143)) - a3132885-145f-4a8c-85f4-c10eb874732d: start LeaderElection
2019-10-16 11:36:19,596 [a3132885-145f-4a8c-85f4-c10eb874732d@group-2077DD483DC7-LeaderElection494] INFO  impl.LeaderElection (LeaderElection.java:askForVotes(178)) - a3132885-145f-4a8c-85f4-c10eb874732d@group-2077DD483DC7-LeaderElection494: begin an election at term 321 for -1: [163587bb-2c3b-4498-b576-18147cf38274:192.168.157.203:33208, a3132885-145f-4a8c-85f4-c10eb874732d:192.168.157.203:46766, 70b633f6-b230-4b9f-87f3-510da88f1e08:192.168.157.203:43163], old=null
2019-10-16 11:36:19,597 [a3132885-145f-4a8c-85f4-c10eb874732d@group-2077DD483DC7-LeaderElection494] INFO  impl.LeaderElection (LogUtils.java:infoOrTrace(149)) - a3132885-145f-4a8c-85f4-c10eb874732d@group-2077DD483DC7-LeaderElection494 got exception when requesting votes: {}
java.util.concurrent.ExecutionException: org.apache.ratis.thirdparty.io.grpc.StatusRuntimeException: UNAVAILABLE: io exception
	at java.util.concurrent.FutureTask.report(FutureTask.java:122)
	at java.util.concurrent.FutureTask.get(FutureTask.java:192)
	at org.apache.ratis.server.impl.LeaderElection.waitForResults(LeaderElection.java:259)
	at org.apache.ratis.server.impl.LeaderElection.askForVotes(LeaderElection.java:197)
	at org.apache.ratis.server.impl.LeaderElection.run(LeaderElection.java:133)
	at java.lang.Thread.run(Thread.java:748)
Caused by: org.apache.ratis.thirdparty.io.grpc.StatusRuntimeException: UNAVAILABLE: io exception
	at org.apache.ratis.thirdparty.io.grpc.stub.ClientCalls.toStatusRuntimeException(ClientCalls.java:233)
	at org.apache.ratis.thirdparty.io.grpc.stub.ClientCalls.getUnchecked(ClientCalls.java:214)
	at org.apache.ratis.thirdparty.io.grpc.stub.ClientCalls.blockingUnaryCall(ClientCalls.java:139)
	at org.apache.ratis.proto.grpc.RaftServerProtocolServiceGrpc$RaftServerProtocolServiceBlockingStub.requestVote(RaftServerProtocolServiceGrpc.java:265)
	at org.apache.ratis.grpc.server.GrpcServerProtocolClient.requestVote(GrpcServerProtocolClient.java:99)
	at org.apache.ratis.grpc.server.GrpcService.requestVote(GrpcService.java:204)
	at org.apache.ratis.server.impl.LeaderElection.lambda$submitRequests$1(LeaderElection.java:234)
	at java.util.concurrent.FutureTask.run(FutureTask.java:266)
	at java.util.concurrent.Executors$RunnableAdapter.call(Executors.java:511)
	at java.util.concurrent.FutureTask.run(FutureTask.java:266)
	at java.util.concurrent.ThreadPoolExecutor.runWorker(ThreadPoolExecutor.java:1149)
	at java.util.concurrent.ThreadPoolExecutor$Worker.run(ThreadPoolExecutor.java:624)
	... 1 more
Caused by: org.apache.ratis.thirdparty.io.netty.channel.AbstractChannel$AnnotatedConnectException: Connection refused: /192.168.157.203:33208
	at sun.nio.ch.SocketChannelImpl.checkConnect(Native Method)
	at sun.nio.ch.SocketChannelImpl.finishConnect(SocketChannelImpl.java:717)
	at org.apache.ratis.thirdparty.io.netty.channel.socket.nio.NioSocketChannel.doFinishConnect(NioSocketChannel.java:327)
	at org.apache.ratis.thirdparty.io.netty.channel.nio.AbstractNioChannel$AbstractNioUnsafe.finishConnect(AbstractNioChannel.java:340)
	at org.apache.ratis.thirdparty.io.netty.channel.nio.NioEventLoop.processSelectedKey(NioEventLoop.java:632)
	at org.apache.ratis.thirdparty.io.netty.channel.nio.NioEventLoop.processSelectedKeysOptimized(NioEventLoop.java:579)
	at org.apache.ratis.thirdparty.io.netty.channel.nio.NioEventLoop.processSelectedKeys(NioEventLoop.java:496)
	at org.apache.ratis.thirdparty.io.netty.channel.nio.NioEventLoop.run(NioEventLoop.java:458)
	at org.apache.ratis.thirdparty.io.netty.util.concurrent.SingleThreadEventExecutor$5.run(SingleThreadEventExecutor.java:897)
	at org.apache.ratis.thirdparty.io.netty.util.concurrent.FastThreadLocalRunnable.run(FastThreadLocalRunnable.java:30)
	... 1 more
Caused by: java.net.ConnectException: Connection refused
	... 11 more
2019-10-16 11:36:19,598 [a3132885-145f-4a8c-85f4-c10eb874732d@group-2077DD483DC7-LeaderElection494] INFO  impl.LeaderElection (LogUtils.java:infoOrTrace(149)) - a3132885-145f-4a8c-85f4-c10eb874732d@group-2077DD483DC7-LeaderElection494 got exception when requesting votes: {}
java.util.concurrent.ExecutionException: org.apache.ratis.thirdparty.io.grpc.StatusRuntimeException: UNAVAILABLE: io exception
	at java.util.concurrent.FutureTask.report(FutureTask.java:122)
	at java.util.concurrent.FutureTask.get(FutureTask.java:192)
	at org.apache.ratis.server.impl.LeaderElection.waitForResults(LeaderElection.java:259)
	at org.apache.ratis.server.impl.LeaderElection.askForVotes(LeaderElection.java:197)
	at org.apache.ratis.server.impl.LeaderElection.run(LeaderElection.java:133)
	at java.lang.Thread.run(Thread.java:748)
Caused by: org.apache.ratis.thirdparty.io.grpc.StatusRuntimeException: UNAVAILABLE: io exception
	at org.apache.ratis.thirdparty.io.grpc.stub.ClientCalls.toStatusRuntimeException(ClientCalls.java:233)
	at org.apache.ratis.thirdparty.io.grpc.stub.ClientCalls.getUnchecked(ClientCalls.java:214)
	at org.apache.ratis.thirdparty.io.grpc.stub.ClientCalls.blockingUnaryCall(ClientCalls.java:139)
	at org.apache.ratis.proto.grpc.RaftServerProtocolServiceGrpc$RaftServerProtocolServiceBlockingStub.requestVote(RaftServerProtocolServiceGrpc.java:265)
	at org.apache.ratis.grpc.server.GrpcServerProtocolClient.requestVote(GrpcServerProtocolClient.java:99)
	at org.apache.ratis.grpc.server.GrpcService.requestVote(GrpcService.java:204)
	at org.apache.ratis.server.impl.LeaderElection.lambda$submitRequests$1(LeaderElection.java:234)
	at java.util.concurrent.FutureTask.run(FutureTask.java:266)
	at java.util.concurrent.Executors$RunnableAdapter.call(Executors.java:511)
	at java.util.concurrent.FutureTask.run(FutureTask.java:266)
	at java.util.concurrent.ThreadPoolExecutor.runWorker(ThreadPoolExecutor.java:1149)
	at java.util.concurrent.ThreadPoolExecutor$Worker.run(ThreadPoolExecutor.java:624)
	... 1 more
Caused by: org.apache.ratis.thirdparty.io.netty.channel.AbstractChannel$AnnotatedConnectException: Connection refused: /192.168.157.203:43163
	at sun.nio.ch.SocketChannelImpl.checkConnect(Native Method)
	at sun.nio.ch.SocketChannelImpl.finishConnect(SocketChannelImpl.java:717)
	at org.apache.ratis.thirdparty.io.netty.channel.socket.nio.NioSocketChannel.doFinishConnect(NioSocketChannel.java:327)
	at org.apache.ratis.thirdparty.io.netty.channel.nio.AbstractNioChannel$AbstractNioUnsafe.finishConnect(AbstractNioChannel.java:340)
	at org.apache.ratis.thirdparty.io.netty.channel.nio.NioEventLoop.processSelectedKey(NioEventLoop.java:632)
	at org.apache.ratis.thirdparty.io.netty.channel.nio.NioEventLoop.processSelectedKeysOptimized(NioEventLoop.java:579)
	at org.apache.ratis.thirdparty.io.netty.channel.nio.NioEventLoop.processSelectedKeys(NioEventLoop.java:496)
	at org.apache.ratis.thirdparty.io.netty.channel.nio.NioEventLoop.run(NioEventLoop.java:458)
	at org.apache.ratis.thirdparty.io.netty.util.concurrent.SingleThreadEventExecutor$5.run(SingleThreadEventExecutor.java:897)
	at org.apache.ratis.thirdparty.io.netty.util.concurrent.FastThreadLocalRunnable.run(FastThreadLocalRunnable.java:30)
	... 1 more
Caused by: java.net.ConnectException: Connection refused
	... 11 more
2019-10-16 11:36:19,598 [a3132885-145f-4a8c-85f4-c10eb874732d@group-2077DD483DC7-LeaderElection494] INFO  impl.LeaderElection (LeaderElection.java:logAndReturn(56)) - a3132885-145f-4a8c-85f4-c10eb874732d@group-2077DD483DC7-LeaderElection494: Election REJECTED; received 0 response(s) [] and 2 exception(s); a3132885-145f-4a8c-85f4-c10eb874732d@group-2077DD483DC7:t321, leader=null, voted=a3132885-145f-4a8c-85f4-c10eb874732d, raftlog=a3132885-145f-4a8c-85f4-c10eb874732d@group-2077DD483DC7-SegmentedRaftLog:OPENED:c-1,f-1,i0, conf=-1: [163587bb-2c3b-4498-b576-18147cf38274:192.168.157.203:33208, a3132885-145f-4a8c-85f4-c10eb874732d:192.168.157.203:46766, 70b633f6-b230-4b9f-87f3-510da88f1e08:192.168.157.203:43163], old=null
2019-10-16 11:36:19,598 [a3132885-145f-4a8c-85f4-c10eb874732d@group-2077DD483DC7-LeaderElection494] INFO  impl.LeaderElection (LogUtils.java:infoOrTrace(149)) -   Exception 0: {}
java.util.concurrent.ExecutionException: org.apache.ratis.thirdparty.io.grpc.StatusRuntimeException: UNAVAILABLE: io exception
	at java.util.concurrent.FutureTask.report(FutureTask.java:122)
	at java.util.concurrent.FutureTask.get(FutureTask.java:192)
	at org.apache.ratis.server.impl.LeaderElection.waitForResults(LeaderElection.java:259)
	at org.apache.ratis.server.impl.LeaderElection.askForVotes(LeaderElection.java:197)
	at org.apache.ratis.server.impl.LeaderElection.run(LeaderElection.java:133)
	at java.lang.Thread.run(Thread.java:748)
Caused by: org.apache.ratis.thirdparty.io.grpc.StatusRuntimeException: UNAVAILABLE: io exception
	at org.apache.ratis.thirdparty.io.grpc.stub.ClientCalls.toStatusRuntimeException(ClientCalls.java:233)
	at org.apache.ratis.thirdparty.io.grpc.stub.ClientCalls.getUnchecked(ClientCalls.java:214)
	at org.apache.ratis.thirdparty.io.grpc.stub.ClientCalls.blockingUnaryCall(ClientCalls.java:139)
	at org.apache.ratis.proto.grpc.RaftServerProtocolServiceGrpc$RaftServerProtocolServiceBlockingStub.requestVote(RaftServerProtocolServiceGrpc.java:265)
	at org.apache.ratis.grpc.server.GrpcServerProtocolClient.requestVote(GrpcServerProtocolClient.java:99)
	at org.apache.ratis.grpc.server.GrpcService.requestVote(GrpcService.java:204)
	at org.apache.ratis.server.impl.LeaderElection.lambda$submitRequests$1(LeaderElection.java:234)
	at java.util.concurrent.FutureTask.run(FutureTask.java:266)
	at java.util.concurrent.Executors$RunnableAdapter.call(Executors.java:511)
	at java.util.concurrent.FutureTask.run(FutureTask.java:266)
	at java.util.concurrent.ThreadPoolExecutor.runWorker(ThreadPoolExecutor.java:1149)
	at java.util.concurrent.ThreadPoolExecutor$Worker.run(ThreadPoolExecutor.java:624)
	... 1 more
Caused by: org.apache.ratis.thirdparty.io.netty.channel.AbstractChannel$AnnotatedConnectException: Connection refused: /192.168.157.203:33208
	at sun.nio.ch.SocketChannelImpl.checkConnect(Native Method)
	at sun.nio.ch.SocketChannelImpl.finishConnect(SocketChannelImpl.java:717)
	at org.apache.ratis.thirdparty.io.netty.channel.socket.nio.NioSocketChannel.doFinishConnect(NioSocketChannel.java:327)
	at org.apache.ratis.thirdparty.io.netty.channel.nio.AbstractNioChannel$AbstractNioUnsafe.finishConnect(AbstractNioChannel.java:340)
	at org.apache.ratis.thirdparty.io.netty.channel.nio.NioEventLoop.processSelectedKey(NioEventLoop.java:632)
	at org.apache.ratis.thirdparty.io.netty.channel.nio.NioEventLoop.processSelectedKeysOptimized(NioEventLoop.java:579)
	at org.apache.ratis.thirdparty.io.netty.channel.nio.NioEventLoop.processSelectedKeys(NioEventLoop.java:496)
	at org.apache.ratis.thirdparty.io.netty.channel.nio.NioEventLoop.run(NioEventLoop.java:458)
	at org.apache.ratis.thirdparty.io.netty.util.concurrent.SingleThreadEventExecutor$5.run(SingleThreadEventExecutor.java:897)
	at org.apache.ratis.thirdparty.io.netty.util.concurrent.FastThreadLocalRunnable.run(FastThreadLocalRunnable.java:30)
	... 1 more
Caused by: java.net.ConnectException: Connection refused
	... 11 more
2019-10-16 11:36:19,598 [a3132885-145f-4a8c-85f4-c10eb874732d@group-2077DD483DC7-LeaderElection494] INFO  impl.LeaderElection (LogUtils.java:infoOrTrace(149)) -   Exception 1: {}
java.util.concurrent.ExecutionException: org.apache.ratis.thirdparty.io.grpc.StatusRuntimeException: UNAVAILABLE: io exception
	at java.util.concurrent.FutureTask.report(FutureTask.java:122)
	at java.util.concurrent.FutureTask.get(FutureTask.java:192)
	at org.apache.ratis.server.impl.LeaderElection.waitForResults(LeaderElection.java:259)
	at org.apache.ratis.server.impl.LeaderElection.askForVotes(LeaderElection.java:197)
	at org.apache.ratis.server.impl.LeaderElection.run(LeaderElection.java:133)
	at java.lang.Thread.run(Thread.java:748)
Caused by: org.apache.ratis.thirdparty.io.grpc.StatusRuntimeException: UNAVAILABLE: io exception
	at org.apache.ratis.thirdparty.io.grpc.stub.ClientCalls.toStatusRuntimeException(ClientCalls.java:233)
	at org.apache.ratis.thirdparty.io.grpc.stub.ClientCalls.getUnchecked(ClientCalls.java:214)
	at org.apache.ratis.thirdparty.io.grpc.stub.ClientCalls.blockingUnaryCall(ClientCalls.java:139)
	at org.apache.ratis.proto.grpc.RaftServerProtocolServiceGrpc$RaftServerProtocolServiceBlockingStub.requestVote(RaftServerProtocolServiceGrpc.java:265)
	at org.apache.ratis.grpc.server.GrpcServerProtocolClient.requestVote(GrpcServerProtocolClient.java:99)
	at org.apache.ratis.grpc.server.GrpcService.requestVote(GrpcService.java:204)
	at org.apache.ratis.server.impl.LeaderElection.lambda$submitRequests$1(LeaderElection.java:234)
	at java.util.concurrent.FutureTask.run(FutureTask.java:266)
	at java.util.concurrent.Executors$RunnableAdapter.call(Executors.java:511)
	at java.util.concurrent.FutureTask.run(FutureTask.java:266)
	at java.util.concurrent.ThreadPoolExecutor.runWorker(ThreadPoolExecutor.java:1149)
	at java.util.concurrent.ThreadPoolExecutor$Worker.run(ThreadPoolExecutor.java:624)
	... 1 more
Caused by: org.apache.ratis.thirdparty.io.netty.channel.AbstractChannel$AnnotatedConnectException: Connection refused: /192.168.157.203:43163
	at sun.nio.ch.SocketChannelImpl.checkConnect(Native Method)
	at sun.nio.ch.SocketChannelImpl.finishConnect(SocketChannelImpl.java:717)
	at org.apache.ratis.thirdparty.io.netty.channel.socket.nio.NioSocketChannel.doFinishConnect(NioSocketChannel.java:327)
	at org.apache.ratis.thirdparty.io.netty.channel.nio.AbstractNioChannel$AbstractNioUnsafe.finishConnect(AbstractNioChannel.java:340)
	at org.apache.ratis.thirdparty.io.netty.channel.nio.NioEventLoop.processSelectedKey(NioEventLoop.java:632)
	at org.apache.ratis.thirdparty.io.netty.channel.nio.NioEventLoop.processSelectedKeysOptimized(NioEventLoop.java:579)
	at org.apache.ratis.thirdparty.io.netty.channel.nio.NioEventLoop.processSelectedKeys(NioEventLoop.java:496)
	at org.apache.ratis.thirdparty.io.netty.channel.nio.NioEventLoop.run(NioEventLoop.java:458)
	at org.apache.ratis.thirdparty.io.netty.util.concurrent.SingleThreadEventExecutor$5.run(SingleThreadEventExecutor.java:897)
	at org.apache.ratis.thirdparty.io.netty.util.concurrent.FastThreadLocalRunnable.run(FastThreadLocalRunnable.java:30)
	... 1 more
Caused by: java.net.ConnectException: Connection refused
	... 11 more
2019-10-16 11:36:19,599 [a3132885-145f-4a8c-85f4-c10eb874732d@group-2077DD483DC7-LeaderElection494] INFO  impl.RaftServerImpl (RaftServerImpl.java:setRole(184)) - a3132885-145f-4a8c-85f4-c10eb874732d@group-2077DD483DC7: changes role from CANDIDATE to FOLLOWER at term 321 for DISCOVERED_A_NEW_TERM
2019-10-16 11:36:19,599 [a3132885-145f-4a8c-85f4-c10eb874732d@group-2077DD483DC7-LeaderElection494] INFO  impl.RoleInfo (RoleInfo.java:shutdownLeaderElection(134)) - a3132885-145f-4a8c-85f4-c10eb874732d: shutdown LeaderElection
2019-10-16 11:36:19,599 [a3132885-145f-4a8c-85f4-c10eb874732d@group-2077DD483DC7-LeaderElection494] INFO  impl.RoleInfo (RoleInfo.java:updateAndGet(143)) - a3132885-145f-4a8c-85f4-c10eb874732d: start FollowerState
2019-10-16 11:36:19,611 [Thread-3649] INFO  impl.FollowerState (FollowerState.java:run(108)) - a3132885-145f-4a8c-85f4-c10eb874732d@group-2077DD483DC7-FollowerState: change to CANDIDATE, lastRpcTime:12ms, electionTimeout:12ms
2019-10-16 11:36:19,611 [Thread-3649] INFO  impl.RoleInfo (RoleInfo.java:shutdownFollowerState(121)) - a3132885-145f-4a8c-85f4-c10eb874732d: shutdown FollowerState
2019-10-16 11:36:19,611 [Thread-3649] INFO  impl.RaftServerImpl (RaftServerImpl.java:setRole(184)) - a3132885-145f-4a8c-85f4-c10eb874732d@group-2077DD483DC7: changes role from  FOLLOWER to CANDIDATE at term 321 for changeToCandidate
2019-10-16 11:36:19,612 [Thread-3649] INFO  impl.RoleInfo (RoleInfo.java:updateAndGet(143)) - a3132885-145f-4a8c-85f4-c10eb874732d: start LeaderElection
2019-10-16 11:36:19,616 [a3132885-145f-4a8c-85f4-c10eb874732d@group-2077DD483DC7-LeaderElection495] INFO  impl.LeaderElection (LeaderElection.java:askForVotes(178)) - a3132885-145f-4a8c-85f4-c10eb874732d@group-2077DD483DC7-LeaderElection495: begin an election at term 322 for -1: [163587bb-2c3b-4498-b576-18147cf38274:192.168.157.203:33208, a3132885-145f-4a8c-85f4-c10eb874732d:192.168.157.203:46766, 70b633f6-b230-4b9f-87f3-510da88f1e08:192.168.157.203:43163], old=null
2019-10-16 11:36:19,617 [a3132885-145f-4a8c-85f4-c10eb874732d@group-2077DD483DC7-LeaderElection495] INFO  impl.LeaderElection (LogUtils.java:infoOrTrace(149)) - a3132885-145f-4a8c-85f4-c10eb874732d@group-2077DD483DC7-LeaderElection495 got exception when requesting votes: {}
java.util.concurrent.ExecutionException: org.apache.ratis.thirdparty.io.grpc.StatusRuntimeException: UNAVAILABLE: io exception
	at java.util.concurrent.FutureTask.report(FutureTask.java:122)
	at java.util.concurrent.FutureTask.get(FutureTask.java:192)
	at org.apache.ratis.server.impl.LeaderElection.waitForResults(LeaderElection.java:259)
	at org.apache.ratis.server.impl.LeaderElection.askForVotes(LeaderElection.java:197)
	at org.apache.ratis.server.impl.LeaderElection.run(LeaderElection.java:133)
	at java.lang.Thread.run(Thread.java:748)
Caused by: org.apache.ratis.thirdparty.io.grpc.StatusRuntimeException: UNAVAILABLE: io exception
	at org.apache.ratis.thirdparty.io.grpc.stub.ClientCalls.toStatusRuntimeException(ClientCalls.java:233)
	at org.apache.ratis.thirdparty.io.grpc.stub.ClientCalls.getUnchecked(ClientCalls.java:214)
	at org.apache.ratis.thirdparty.io.grpc.stub.ClientCalls.blockingUnaryCall(ClientCalls.java:139)
	at org.apache.ratis.proto.grpc.RaftServerProtocolServiceGrpc$RaftServerProtocolServiceBlockingStub.requestVote(RaftServerProtocolServiceGrpc.java:265)
	at org.apache.ratis.grpc.server.GrpcServerProtocolClient.requestVote(GrpcServerProtocolClient.java:99)
	at org.apache.ratis.grpc.server.GrpcService.requestVote(GrpcService.java:204)
	at org.apache.ratis.server.impl.LeaderElection.lambda$submitRequests$1(LeaderElection.java:234)
	at java.util.concurrent.FutureTask.run(FutureTask.java:266)
	at java.util.concurrent.Executors$RunnableAdapter.call(Executors.java:511)
	at java.util.concurrent.FutureTask.run(FutureTask.java:266)
	at java.util.concurrent.ThreadPoolExecutor.runWorker(ThreadPoolExecutor.java:1149)
	at java.util.concurrent.ThreadPoolExecutor$Worker.run(ThreadPoolExecutor.java:624)
	... 1 more
Caused by: org.apache.ratis.thirdparty.io.netty.channel.AbstractChannel$AnnotatedConnectException: Connection refused: /192.168.157.203:33208
	at sun.nio.ch.SocketChannelImpl.checkConnect(Native Method)
	at sun.nio.ch.SocketChannelImpl.finishConnect(SocketChannelImpl.java:717)
	at org.apache.ratis.thirdparty.io.netty.channel.socket.nio.NioSocketChannel.doFinishConnect(NioSocketChannel.java:327)
	at org.apache.ratis.thirdparty.io.netty.channel.nio.AbstractNioChannel$AbstractNioUnsafe.finishConnect(AbstractNioChannel.java:340)
	at org.apache.ratis.thirdparty.io.netty.channel.nio.NioEventLoop.processSelectedKey(NioEventLoop.java:632)
	at org.apache.ratis.thirdparty.io.netty.channel.nio.NioEventLoop.processSelectedKeysOptimized(NioEventLoop.java:579)
	at org.apache.ratis.thirdparty.io.netty.channel.nio.NioEventLoop.processSelectedKeys(NioEventLoop.java:496)
	at org.apache.ratis.thirdparty.io.netty.channel.nio.NioEventLoop.run(NioEventLoop.java:458)
	at org.apache.ratis.thirdparty.io.netty.util.concurrent.SingleThreadEventExecutor$5.run(SingleThreadEventExecutor.java:897)
	at org.apache.ratis.thirdparty.io.netty.util.concurrent.FastThreadLocalRunnable.run(FastThreadLocalRunnable.java:30)
	... 1 more
Caused by: java.net.ConnectException: Connection refused
	... 11 more
2019-10-16 11:36:19,617 [a3132885-145f-4a8c-85f4-c10eb874732d@group-2077DD483DC7-LeaderElection495] INFO  impl.LeaderElection (LogUtils.java:infoOrTrace(149)) - a3132885-145f-4a8c-85f4-c10eb874732d@group-2077DD483DC7-LeaderElection495 got exception when requesting votes: {}
java.util.concurrent.ExecutionException: org.apache.ratis.thirdparty.io.grpc.StatusRuntimeException: UNAVAILABLE: io exception
	at java.util.concurrent.FutureTask.report(FutureTask.java:122)
	at java.util.concurrent.FutureTask.get(FutureTask.java:192)
	at org.apache.ratis.server.impl.LeaderElection.waitForResults(LeaderElection.java:259)
	at org.apache.ratis.server.impl.LeaderElection.askForVotes(LeaderElection.java:197)
	at org.apache.ratis.server.impl.LeaderElection.run(LeaderElection.java:133)
	at java.lang.Thread.run(Thread.java:748)
Caused by: org.apache.ratis.thirdparty.io.grpc.StatusRuntimeException: UNAVAILABLE: io exception
	at org.apache.ratis.thirdparty.io.grpc.stub.ClientCalls.toStatusRuntimeException(ClientCalls.java:233)
	at org.apache.ratis.thirdparty.io.grpc.stub.ClientCalls.getUnchecked(ClientCalls.java:214)
	at org.apache.ratis.thirdparty.io.grpc.stub.ClientCalls.blockingUnaryCall(ClientCalls.java:139)
	at org.apache.ratis.proto.grpc.RaftServerProtocolServiceGrpc$RaftServerProtocolServiceBlockingStub.requestVote(RaftServerProtocolServiceGrpc.java:265)
	at org.apache.ratis.grpc.server.GrpcServerProtocolClient.requestVote(GrpcServerProtocolClient.java:99)
	at org.apache.ratis.grpc.server.GrpcService.requestVote(GrpcService.java:204)
	at org.apache.ratis.server.impl.LeaderElection.lambda$submitRequests$1(LeaderElection.java:234)
	at java.util.concurrent.FutureTask.run(FutureTask.java:266)
	at java.util.concurrent.Executors$RunnableAdapter.call(Executors.java:511)
	at java.util.concurrent.FutureTask.run(FutureTask.java:266)
	at java.util.concurrent.ThreadPoolExecutor.runWorker(ThreadPoolExecutor.java:1149)
	at java.util.concurrent.ThreadPoolExecutor$Worker.run(ThreadPoolExecutor.java:624)
	... 1 more
Caused by: org.apache.ratis.thirdparty.io.netty.channel.AbstractChannel$AnnotatedConnectException: Connection refused: /192.168.157.203:43163
	at sun.nio.ch.SocketChannelImpl.checkConnect(Native Method)
	at sun.nio.ch.SocketChannelImpl.finishConnect(SocketChannelImpl.java:717)
	at org.apache.ratis.thirdparty.io.netty.channel.socket.nio.NioSocketChannel.doFinishConnect(NioSocketChannel.java:327)
	at org.apache.ratis.thirdparty.io.netty.channel.nio.AbstractNioChannel$AbstractNioUnsafe.finishConnect(AbstractNioChannel.java:340)
	at org.apache.ratis.thirdparty.io.netty.channel.nio.NioEventLoop.processSelectedKey(NioEventLoop.java:632)
	at org.apache.ratis.thirdparty.io.netty.channel.nio.NioEventLoop.processSelectedKeysOptimized(NioEventLoop.java:579)
	at org.apache.ratis.thirdparty.io.netty.channel.nio.NioEventLoop.processSelectedKeys(NioEventLoop.java:496)
	at org.apache.ratis.thirdparty.io.netty.channel.nio.NioEventLoop.run(NioEventLoop.java:458)
	at org.apache.ratis.thirdparty.io.netty.util.concurrent.SingleThreadEventExecutor$5.run(SingleThreadEventExecutor.java:897)
	at org.apache.ratis.thirdparty.io.netty.util.concurrent.FastThreadLocalRunnable.run(FastThreadLocalRunnable.java:30)
	... 1 more
Caused by: java.net.ConnectException: Connection refused
	... 11 more
2019-10-16 11:36:19,618 [a3132885-145f-4a8c-85f4-c10eb874732d@group-2077DD483DC7-LeaderElection495] INFO  impl.LeaderElection (LeaderElection.java:logAndReturn(56)) - a3132885-145f-4a8c-85f4-c10eb874732d@group-2077DD483DC7-LeaderElection495: Election REJECTED; received 0 response(s) [] and 2 exception(s); a3132885-145f-4a8c-85f4-c10eb874732d@group-2077DD483DC7:t322, leader=null, voted=a3132885-145f-4a8c-85f4-c10eb874732d, raftlog=a3132885-145f-4a8c-85f4-c10eb874732d@group-2077DD483DC7-SegmentedRaftLog:OPENED:c-1,f-1,i0, conf=-1: [163587bb-2c3b-4498-b576-18147cf38274:192.168.157.203:33208, a3132885-145f-4a8c-85f4-c10eb874732d:192.168.157.203:46766, 70b633f6-b230-4b9f-87f3-510da88f1e08:192.168.157.203:43163], old=null
2019-10-16 11:36:19,618 [a3132885-145f-4a8c-85f4-c10eb874732d@group-2077DD483DC7-LeaderElection495] INFO  impl.LeaderElection (LogUtils.java:infoOrTrace(149)) -   Exception 0: {}
java.util.concurrent.ExecutionException: org.apache.ratis.thirdparty.io.grpc.StatusRuntimeException: UNAVAILABLE: io exception
	at java.util.concurrent.FutureTask.report(FutureTask.java:122)
	at java.util.concurrent.FutureTask.get(FutureTask.java:192)
	at org.apache.ratis.server.impl.LeaderElection.waitForResults(LeaderElection.java:259)
	at org.apache.ratis.server.impl.LeaderElection.askForVotes(LeaderElection.java:197)
	at org.apache.ratis.server.impl.LeaderElection.run(LeaderElection.java:133)
	at java.lang.Thread.run(Thread.java:748)
Caused by: org.apache.ratis.thirdparty.io.grpc.StatusRuntimeException: UNAVAILABLE: io exception
	at org.apache.ratis.thirdparty.io.grpc.stub.ClientCalls.toStatusRuntimeException(ClientCalls.java:233)
	at org.apache.ratis.thirdparty.io.grpc.stub.ClientCalls.getUnchecked(ClientCalls.java:214)
	at org.apache.ratis.thirdparty.io.grpc.stub.ClientCalls.blockingUnaryCall(ClientCalls.java:139)
	at org.apache.ratis.proto.grpc.RaftServerProtocolServiceGrpc$RaftServerProtocolServiceBlockingStub.requestVote(RaftServerProtocolServiceGrpc.java:265)
	at org.apache.ratis.grpc.server.GrpcServerProtocolClient.requestVote(GrpcServerProtocolClient.java:99)
	at org.apache.ratis.grpc.server.GrpcService.requestVote(GrpcService.java:204)
	at org.apache.ratis.server.impl.LeaderElection.lambda$submitRequests$1(LeaderElection.java:234)
	at java.util.concurrent.FutureTask.run(FutureTask.java:266)
	at java.util.concurrent.Executors$RunnableAdapter.call(Executors.java:511)
	at java.util.concurrent.FutureTask.run(FutureTask.java:266)
	at java.util.concurrent.ThreadPoolExecutor.runWorker(ThreadPoolExecutor.java:1149)
	at java.util.concurrent.ThreadPoolExecutor$Worker.run(ThreadPoolExecutor.java:624)
	... 1 more
Caused by: org.apache.ratis.thirdparty.io.netty.channel.AbstractChannel$AnnotatedConnectException: Connection refused: /192.168.157.203:33208
	at sun.nio.ch.SocketChannelImpl.checkConnect(Native Method)
	at sun.nio.ch.SocketChannelImpl.finishConnect(SocketChannelImpl.java:717)
	at org.apache.ratis.thirdparty.io.netty.channel.socket.nio.NioSocketChannel.doFinishConnect(NioSocketChannel.java:327)
	at org.apache.ratis.thirdparty.io.netty.channel.nio.AbstractNioChannel$AbstractNioUnsafe.finishConnect(AbstractNioChannel.java:340)
	at org.apache.ratis.thirdparty.io.netty.channel.nio.NioEventLoop.processSelectedKey(NioEventLoop.java:632)
	at org.apache.ratis.thirdparty.io.netty.channel.nio.NioEventLoop.processSelectedKeysOptimized(NioEventLoop.java:579)
	at org.apache.ratis.thirdparty.io.netty.channel.nio.NioEventLoop.processSelectedKeys(NioEventLoop.java:496)
	at org.apache.ratis.thirdparty.io.netty.channel.nio.NioEventLoop.run(NioEventLoop.java:458)
	at org.apache.ratis.thirdparty.io.netty.util.concurrent.SingleThreadEventExecutor$5.run(SingleThreadEventExecutor.java:897)
	at org.apache.ratis.thirdparty.io.netty.util.concurrent.FastThreadLocalRunnable.run(FastThreadLocalRunnable.java:30)
	... 1 more
Caused by: java.net.ConnectException: Connection refused
	... 11 more
2019-10-16 11:36:19,618 [a3132885-145f-4a8c-85f4-c10eb874732d@group-2077DD483DC7-LeaderElection495] INFO  impl.LeaderElection (LogUtils.java:infoOrTrace(149)) -   Exception 1: {}
java.util.concurrent.ExecutionException: org.apache.ratis.thirdparty.io.grpc.StatusRuntimeException: UNAVAILABLE: io exception
	at java.util.concurrent.FutureTask.report(FutureTask.java:122)
	at java.util.concurrent.FutureTask.get(FutureTask.java:192)
	at org.apache.ratis.server.impl.LeaderElection.waitForResults(LeaderElection.java:259)
	at org.apache.ratis.server.impl.LeaderElection.askForVotes(LeaderElection.java:197)
	at org.apache.ratis.server.impl.LeaderElection.run(LeaderElection.java:133)
	at java.lang.Thread.run(Thread.java:748)
Caused by: org.apache.ratis.thirdparty.io.grpc.StatusRuntimeException: UNAVAILABLE: io exception
	at org.apache.ratis.thirdparty.io.grpc.stub.ClientCalls.toStatusRuntimeException(ClientCalls.java:233)
	at org.apache.ratis.thirdparty.io.grpc.stub.ClientCalls.getUnchecked(ClientCalls.java:214)
	at org.apache.ratis.thirdparty.io.grpc.stub.ClientCalls.blockingUnaryCall(ClientCalls.java:139)
	at org.apache.ratis.proto.grpc.RaftServerProtocolServiceGrpc$RaftServerProtocolServiceBlockingStub.requestVote(RaftServerProtocolServiceGrpc.java:265)
	at org.apache.ratis.grpc.server.GrpcServerProtocolClient.requestVote(GrpcServerProtocolClient.java:99)
	at org.apache.ratis.grpc.server.GrpcService.requestVote(GrpcService.java:204)
	at org.apache.ratis.server.impl.LeaderElection.lambda$submitRequests$1(LeaderElection.java:234)
	at java.util.concurrent.FutureTask.run(FutureTask.java:266)
	at java.util.concurrent.Executors$RunnableAdapter.call(Executors.java:511)
	at java.util.concurrent.FutureTask.run(FutureTask.java:266)
	at java.util.concurrent.ThreadPoolExecutor.runWorker(ThreadPoolExecutor.java:1149)
	at java.util.concurrent.ThreadPoolExecutor$Worker.run(ThreadPoolExecutor.java:624)
	... 1 more
Caused by: org.apache.ratis.thirdparty.io.netty.channel.AbstractChannel$AnnotatedConnectException: Connection refused: /192.168.157.203:43163
	at sun.nio.ch.SocketChannelImpl.checkConnect(Native Method)
	at sun.nio.ch.SocketChannelImpl.finishConnect(SocketChannelImpl.java:717)
	at org.apache.ratis.thirdparty.io.netty.channel.socket.nio.NioSocketChannel.doFinishConnect(NioSocketChannel.java:327)
	at org.apache.ratis.thirdparty.io.netty.channel.nio.AbstractNioChannel$AbstractNioUnsafe.finishConnect(AbstractNioChannel.java:340)
	at org.apache.ratis.thirdparty.io.netty.channel.nio.NioEventLoop.processSelectedKey(NioEventLoop.java:632)
	at org.apache.ratis.thirdparty.io.netty.channel.nio.NioEventLoop.processSelectedKeysOptimized(NioEventLoop.java:579)
	at org.apache.ratis.thirdparty.io.netty.channel.nio.NioEventLoop.processSelectedKeys(NioEventLoop.java:496)
	at org.apache.ratis.thirdparty.io.netty.channel.nio.NioEventLoop.run(NioEventLoop.java:458)
	at org.apache.ratis.thirdparty.io.netty.util.concurrent.SingleThreadEventExecutor$5.run(SingleThreadEventExecutor.java:897)
	at org.apache.ratis.thirdparty.io.netty.util.concurrent.FastThreadLocalRunnable.run(FastThreadLocalRunnable.java:30)
	... 1 more
Caused by: java.net.ConnectException: Connection refused
	... 11 more
2019-10-16 11:36:19,619 [a3132885-145f-4a8c-85f4-c10eb874732d@group-2077DD483DC7-LeaderElection495] INFO  impl.RaftServerImpl (RaftServerImpl.java:setRole(184)) - a3132885-145f-4a8c-85f4-c10eb874732d@group-2077DD483DC7: changes role from CANDIDATE to FOLLOWER at term 322 for DISCOVERED_A_NEW_TERM
2019-10-16 11:36:19,619 [a3132885-145f-4a8c-85f4-c10eb874732d@group-2077DD483DC7-LeaderElection495] INFO  impl.RoleInfo (RoleInfo.java:shutdownLeaderElection(134)) - a3132885-145f-4a8c-85f4-c10eb874732d: shutdown LeaderElection
2019-10-16 11:36:19,619 [a3132885-145f-4a8c-85f4-c10eb874732d@group-2077DD483DC7-LeaderElection495] INFO  impl.RoleInfo (RoleInfo.java:updateAndGet(143)) - a3132885-145f-4a8c-85f4-c10eb874732d: start FollowerState
2019-10-16 11:36:19,653 [Thread-3653] INFO  impl.FollowerState (FollowerState.java:run(108)) - a3132885-145f-4a8c-85f4-c10eb874732d@group-2077DD483DC7-FollowerState: change to CANDIDATE, lastRpcTime:34ms, electionTimeout:34ms
2019-10-16 11:36:19,653 [Thread-3653] INFO  impl.RoleInfo (RoleInfo.java:shutdownFollowerState(121)) - a3132885-145f-4a8c-85f4-c10eb874732d: shutdown FollowerState
2019-10-16 11:36:19,653 [Thread-3653] INFO  impl.RaftServerImpl (RaftServerImpl.java:setRole(184)) - a3132885-145f-4a8c-85f4-c10eb874732d@group-2077DD483DC7: changes role from  FOLLOWER to CANDIDATE at term 322 for changeToCandidate
2019-10-16 11:36:19,653 [Thread-3653] INFO  impl.RoleInfo (RoleInfo.java:updateAndGet(143)) - a3132885-145f-4a8c-85f4-c10eb874732d: start LeaderElection
2019-10-16 11:36:19,667 [a3132885-145f-4a8c-85f4-c10eb874732d@group-2077DD483DC7-LeaderElection496] INFO  impl.LeaderElection (LeaderElection.java:askForVotes(178)) - a3132885-145f-4a8c-85f4-c10eb874732d@group-2077DD483DC7-LeaderElection496: begin an election at term 323 for -1: [163587bb-2c3b-4498-b576-18147cf38274:192.168.157.203:33208, a3132885-145f-4a8c-85f4-c10eb874732d:192.168.157.203:46766, 70b633f6-b230-4b9f-87f3-510da88f1e08:192.168.157.203:43163], old=null
2019-10-16 11:36:19,668 [a3132885-145f-4a8c-85f4-c10eb874732d@group-2077DD483DC7-LeaderElection496] INFO  impl.LeaderElection (LogUtils.java:infoOrTrace(149)) - a3132885-145f-4a8c-85f4-c10eb874732d@group-2077DD483DC7-LeaderElection496 got exception when requesting votes: {}
java.util.concurrent.ExecutionException: org.apache.ratis.thirdparty.io.grpc.StatusRuntimeException: UNAVAILABLE: io exception
	at java.util.concurrent.FutureTask.report(FutureTask.java:122)
	at java.util.concurrent.FutureTask.get(FutureTask.java:192)
	at org.apache.ratis.server.impl.LeaderElection.waitForResults(LeaderElection.java:259)
	at org.apache.ratis.server.impl.LeaderElection.askForVotes(LeaderElection.java:197)
	at org.apache.ratis.server.impl.LeaderElection.run(LeaderElection.java:133)
	at java.lang.Thread.run(Thread.java:748)
Caused by: org.apache.ratis.thirdparty.io.grpc.StatusRuntimeException: UNAVAILABLE: io exception
	at org.apache.ratis.thirdparty.io.grpc.stub.ClientCalls.toStatusRuntimeException(ClientCalls.java:233)
	at org.apache.ratis.thirdparty.io.grpc.stub.ClientCalls.getUnchecked(ClientCalls.java:214)
	at org.apache.ratis.thirdparty.io.grpc.stub.ClientCalls.blockingUnaryCall(ClientCalls.java:139)
	at org.apache.ratis.proto.grpc.RaftServerProtocolServiceGrpc$RaftServerProtocolServiceBlockingStub.requestVote(RaftServerProtocolServiceGrpc.java:265)
	at org.apache.ratis.grpc.server.GrpcServerProtocolClient.requestVote(GrpcServerProtocolClient.java:99)
	at org.apache.ratis.grpc.server.GrpcService.requestVote(GrpcService.java:204)
	at org.apache.ratis.server.impl.LeaderElection.lambda$submitRequests$1(LeaderElection.java:234)
	at java.util.concurrent.FutureTask.run(FutureTask.java:266)
	at java.util.concurrent.Executors$RunnableAdapter.call(Executors.java:511)
	at java.util.concurrent.FutureTask.run(FutureTask.java:266)
	at java.util.concurrent.ThreadPoolExecutor.runWorker(ThreadPoolExecutor.java:1149)
	at java.util.concurrent.ThreadPoolExecutor$Worker.run(ThreadPoolExecutor.java:624)
	... 1 more
Caused by: org.apache.ratis.thirdparty.io.netty.channel.AbstractChannel$AnnotatedConnectException: Connection refused: /192.168.157.203:33208
	at sun.nio.ch.SocketChannelImpl.checkConnect(Native Method)
	at sun.nio.ch.SocketChannelImpl.finishConnect(SocketChannelImpl.java:717)
	at org.apache.ratis.thirdparty.io.netty.channel.socket.nio.NioSocketChannel.doFinishConnect(NioSocketChannel.java:327)
	at org.apache.ratis.thirdparty.io.netty.channel.nio.AbstractNioChannel$AbstractNioUnsafe.finishConnect(AbstractNioChannel.java:340)
	at org.apache.ratis.thirdparty.io.netty.channel.nio.NioEventLoop.processSelectedKey(NioEventLoop.java:632)
	at org.apache.ratis.thirdparty.io.netty.channel.nio.NioEventLoop.processSelectedKeysOptimized(NioEventLoop.java:579)
	at org.apache.ratis.thirdparty.io.netty.channel.nio.NioEventLoop.processSelectedKeys(NioEventLoop.java:496)
	at org.apache.ratis.thirdparty.io.netty.channel.nio.NioEventLoop.run(NioEventLoop.java:458)
	at org.apache.ratis.thirdparty.io.netty.util.concurrent.SingleThreadEventExecutor$5.run(SingleThreadEventExecutor.java:897)
	at org.apache.ratis.thirdparty.io.netty.util.concurrent.FastThreadLocalRunnable.run(FastThreadLocalRunnable.java:30)
	... 1 more
Caused by: java.net.ConnectException: Connection refused
	... 11 more
2019-10-16 11:36:19,669 [a3132885-145f-4a8c-85f4-c10eb874732d@group-2077DD483DC7-LeaderElection496] INFO  impl.LeaderElection (LogUtils.java:infoOrTrace(149)) - a3132885-145f-4a8c-85f4-c10eb874732d@group-2077DD483DC7-LeaderElection496 got exception when requesting votes: {}
java.util.concurrent.ExecutionException: org.apache.ratis.thirdparty.io.grpc.StatusRuntimeException: UNAVAILABLE: io exception
	at java.util.concurrent.FutureTask.report(FutureTask.java:122)
	at java.util.concurrent.FutureTask.get(FutureTask.java:192)
	at org.apache.ratis.server.impl.LeaderElection.waitForResults(LeaderElection.java:259)
	at org.apache.ratis.server.impl.LeaderElection.askForVotes(LeaderElection.java:197)
	at org.apache.ratis.server.impl.LeaderElection.run(LeaderElection.java:133)
	at java.lang.Thread.run(Thread.java:748)
Caused by: org.apache.ratis.thirdparty.io.grpc.StatusRuntimeException: UNAVAILABLE: io exception
	at org.apache.ratis.thirdparty.io.grpc.stub.ClientCalls.toStatusRuntimeException(ClientCalls.java:233)
	at org.apache.ratis.thirdparty.io.grpc.stub.ClientCalls.getUnchecked(ClientCalls.java:214)
	at org.apache.ratis.thirdparty.io.grpc.stub.ClientCalls.blockingUnaryCall(ClientCalls.java:139)
	at org.apache.ratis.proto.grpc.RaftServerProtocolServiceGrpc$RaftServerProtocolServiceBlockingStub.requestVote(RaftServerProtocolServiceGrpc.java:265)
	at org.apache.ratis.grpc.server.GrpcServerProtocolClient.requestVote(GrpcServerProtocolClient.java:99)
	at org.apache.ratis.grpc.server.GrpcService.requestVote(GrpcService.java:204)
	at org.apache.ratis.server.impl.LeaderElection.lambda$submitRequests$1(LeaderElection.java:234)
	at java.util.concurrent.FutureTask.run(FutureTask.java:266)
	at java.util.concurrent.Executors$RunnableAdapter.call(Executors.java:511)
	at java.util.concurrent.FutureTask.run(FutureTask.java:266)
	at java.util.concurrent.ThreadPoolExecutor.runWorker(ThreadPoolExecutor.java:1149)
	at java.util.concurrent.ThreadPoolExecutor$Worker.run(ThreadPoolExecutor.java:624)
	... 1 more
Caused by: org.apache.ratis.thirdparty.io.netty.channel.AbstractChannel$AnnotatedConnectException: Connection refused: /192.168.157.203:43163
	at sun.nio.ch.SocketChannelImpl.checkConnect(Native Method)
	at sun.nio.ch.SocketChannelImpl.finishConnect(SocketChannelImpl.java:717)
	at org.apache.ratis.thirdparty.io.netty.channel.socket.nio.NioSocketChannel.doFinishConnect(NioSocketChannel.java:327)
	at org.apache.ratis.thirdparty.io.netty.channel.nio.AbstractNioChannel$AbstractNioUnsafe.finishConnect(AbstractNioChannel.java:340)
	at org.apache.ratis.thirdparty.io.netty.channel.nio.NioEventLoop.processSelectedKey(NioEventLoop.java:632)
	at org.apache.ratis.thirdparty.io.netty.channel.nio.NioEventLoop.processSelectedKeysOptimized(NioEventLoop.java:579)
	at org.apache.ratis.thirdparty.io.netty.channel.nio.NioEventLoop.processSelectedKeys(NioEventLoop.java:496)
	at org.apache.ratis.thirdparty.io.netty.channel.nio.NioEventLoop.run(NioEventLoop.java:458)
	at org.apache.ratis.thirdparty.io.netty.util.concurrent.SingleThreadEventExecutor$5.run(SingleThreadEventExecutor.java:897)
	at org.apache.ratis.thirdparty.io.netty.util.concurrent.FastThreadLocalRunnable.run(FastThreadLocalRunnable.java:30)
	... 1 more
Caused by: java.net.ConnectException: Connection refused
	... 11 more
2019-10-16 11:36:19,669 [a3132885-145f-4a8c-85f4-c10eb874732d@group-2077DD483DC7-LeaderElection496] INFO  impl.LeaderElection (LeaderElection.java:logAndReturn(56)) - a3132885-145f-4a8c-85f4-c10eb874732d@group-2077DD483DC7-LeaderElection496: Election REJECTED; received 0 response(s) [] and 2 exception(s); a3132885-145f-4a8c-85f4-c10eb874732d@group-2077DD483DC7:t323, leader=null, voted=a3132885-145f-4a8c-85f4-c10eb874732d, raftlog=a3132885-145f-4a8c-85f4-c10eb874732d@group-2077DD483DC7-SegmentedRaftLog:OPENED:c-1,f-1,i0, conf=-1: [163587bb-2c3b-4498-b576-18147cf38274:192.168.157.203:33208, a3132885-145f-4a8c-85f4-c10eb874732d:192.168.157.203:46766, 70b633f6-b230-4b9f-87f3-510da88f1e08:192.168.157.203:43163], old=null
2019-10-16 11:36:19,669 [a3132885-145f-4a8c-85f4-c10eb874732d@group-2077DD483DC7-LeaderElection496] INFO  impl.LeaderElection (LogUtils.java:infoOrTrace(149)) -   Exception 0: {}
java.util.concurrent.ExecutionException: org.apache.ratis.thirdparty.io.grpc.StatusRuntimeException: UNAVAILABLE: io exception
	at java.util.concurrent.FutureTask.report(FutureTask.java:122)
	at java.util.concurrent.FutureTask.get(FutureTask.java:192)
	at org.apache.ratis.server.impl.LeaderElection.waitForResults(LeaderElection.java:259)
	at org.apache.ratis.server.impl.LeaderElection.askForVotes(LeaderElection.java:197)
	at org.apache.ratis.server.impl.LeaderElection.run(LeaderElection.java:133)
	at java.lang.Thread.run(Thread.java:748)
Caused by: org.apache.ratis.thirdparty.io.grpc.StatusRuntimeException: UNAVAILABLE: io exception
	at org.apache.ratis.thirdparty.io.grpc.stub.ClientCalls.toStatusRuntimeException(ClientCalls.java:233)
	at org.apache.ratis.thirdparty.io.grpc.stub.ClientCalls.getUnchecked(ClientCalls.java:214)
	at org.apache.ratis.thirdparty.io.grpc.stub.ClientCalls.blockingUnaryCall(ClientCalls.java:139)
	at org.apache.ratis.proto.grpc.RaftServerProtocolServiceGrpc$RaftServerProtocolServiceBlockingStub.requestVote(RaftServerProtocolServiceGrpc.java:265)
	at org.apache.ratis.grpc.server.GrpcServerProtocolClient.requestVote(GrpcServerProtocolClient.java:99)
	at org.apache.ratis.grpc.server.GrpcService.requestVote(GrpcService.java:204)
	at org.apache.ratis.server.impl.LeaderElection.lambda$submitRequests$1(LeaderElection.java:234)
	at java.util.concurrent.FutureTask.run(FutureTask.java:266)
	at java.util.concurrent.Executors$RunnableAdapter.call(Executors.java:511)
	at java.util.concurrent.FutureTask.run(FutureTask.java:266)
	at java.util.concurrent.ThreadPoolExecutor.runWorker(ThreadPoolExecutor.java:1149)
	at java.util.concurrent.ThreadPoolExecutor$Worker.run(ThreadPoolExecutor.java:624)
	... 1 more
Caused by: org.apache.ratis.thirdparty.io.netty.channel.AbstractChannel$AnnotatedConnectException: Connection refused: /192.168.157.203:33208
	at sun.nio.ch.SocketChannelImpl.checkConnect(Native Method)
	at sun.nio.ch.SocketChannelImpl.finishConnect(SocketChannelImpl.java:717)
	at org.apache.ratis.thirdparty.io.netty.channel.socket.nio.NioSocketChannel.doFinishConnect(NioSocketChannel.java:327)
	at org.apache.ratis.thirdparty.io.netty.channel.nio.AbstractNioChannel$AbstractNioUnsafe.finishConnect(AbstractNioChannel.java:340)
	at org.apache.ratis.thirdparty.io.netty.channel.nio.NioEventLoop.processSelectedKey(NioEventLoop.java:632)
	at org.apache.ratis.thirdparty.io.netty.channel.nio.NioEventLoop.processSelectedKeysOptimized(NioEventLoop.java:579)
	at org.apache.ratis.thirdparty.io.netty.channel.nio.NioEventLoop.processSelectedKeys(NioEventLoop.java:496)
	at org.apache.ratis.thirdparty.io.netty.channel.nio.NioEventLoop.run(NioEventLoop.java:458)
	at org.apache.ratis.thirdparty.io.netty.util.concurrent.SingleThreadEventExecutor$5.run(SingleThreadEventExecutor.java:897)
	at org.apache.ratis.thirdparty.io.netty.util.concurrent.FastThreadLocalRunnable.run(FastThreadLocalRunnable.java:30)
	... 1 more
Caused by: java.net.ConnectException: Connection refused
	... 11 more
2019-10-16 11:36:19,670 [a3132885-145f-4a8c-85f4-c10eb874732d@group-2077DD483DC7-LeaderElection496] INFO  impl.LeaderElection (LogUtils.java:infoOrTrace(149)) -   Exception 1: {}
java.util.concurrent.ExecutionException: org.apache.ratis.thirdparty.io.grpc.StatusRuntimeException: UNAVAILABLE: io exception
	at java.util.concurrent.FutureTask.report(FutureTask.java:122)
	at java.util.concurrent.FutureTask.get(FutureTask.java:192)
	at org.apache.ratis.server.impl.LeaderElection.waitForResults(LeaderElection.java:259)
	at org.apache.ratis.server.impl.LeaderElection.askForVotes(LeaderElection.java:197)
	at org.apache.ratis.server.impl.LeaderElection.run(LeaderElection.java:133)
	at java.lang.Thread.run(Thread.java:748)
Caused by: org.apache.ratis.thirdparty.io.grpc.StatusRuntimeException: UNAVAILABLE: io exception
	at org.apache.ratis.thirdparty.io.grpc.stub.ClientCalls.toStatusRuntimeException(ClientCalls.java:233)
	at org.apache.ratis.thirdparty.io.grpc.stub.ClientCalls.getUnchecked(ClientCalls.java:214)
	at org.apache.ratis.thirdparty.io.grpc.stub.ClientCalls.blockingUnaryCall(ClientCalls.java:139)
	at org.apache.ratis.proto.grpc.RaftServerProtocolServiceGrpc$RaftServerProtocolServiceBlockingStub.requestVote(RaftServerProtocolServiceGrpc.java:265)
	at org.apache.ratis.grpc.server.GrpcServerProtocolClient.requestVote(GrpcServerProtocolClient.java:99)
	at org.apache.ratis.grpc.server.GrpcService.requestVote(GrpcService.java:204)
	at org.apache.ratis.server.impl.LeaderElection.lambda$submitRequests$1(LeaderElection.java:234)
	at java.util.concurrent.FutureTask.run(FutureTask.java:266)
	at java.util.concurrent.Executors$RunnableAdapter.call(Executors.java:511)
	at java.util.concurrent.FutureTask.run(FutureTask.java:266)
	at java.util.concurrent.ThreadPoolExecutor.runWorker(ThreadPoolExecutor.java:1149)
	at java.util.concurrent.ThreadPoolExecutor$Worker.run(ThreadPoolExecutor.java:624)
	... 1 more
Caused by: org.apache.ratis.thirdparty.io.netty.channel.AbstractChannel$AnnotatedConnectException: Connection refused: /192.168.157.203:43163
	at sun.nio.ch.SocketChannelImpl.checkConnect(Native Method)
	at sun.nio.ch.SocketChannelImpl.finishConnect(SocketChannelImpl.java:717)
	at org.apache.ratis.thirdparty.io.netty.channel.socket.nio.NioSocketChannel.doFinishConnect(NioSocketChannel.java:327)
	at org.apache.ratis.thirdparty.io.netty.channel.nio.AbstractNioChannel$AbstractNioUnsafe.finishConnect(AbstractNioChannel.java:340)
	at org.apache.ratis.thirdparty.io.netty.channel.nio.NioEventLoop.processSelectedKey(NioEventLoop.java:632)
	at org.apache.ratis.thirdparty.io.netty.channel.nio.NioEventLoop.processSelectedKeysOptimized(NioEventLoop.java:579)
	at org.apache.ratis.thirdparty.io.netty.channel.nio.NioEventLoop.processSelectedKeys(NioEventLoop.java:496)
	at org.apache.ratis.thirdparty.io.netty.channel.nio.NioEventLoop.run(NioEventLoop.java:458)
	at org.apache.ratis.thirdparty.io.netty.util.concurrent.SingleThreadEventExecutor$5.run(SingleThreadEventExecutor.java:897)
	at org.apache.ratis.thirdparty.io.netty.util.concurrent.FastThreadLocalRunnable.run(FastThreadLocalRunnable.java:30)
	... 1 more
Caused by: java.net.ConnectException: Connection refused
	... 11 more
2019-10-16 11:36:19,670 [a3132885-145f-4a8c-85f4-c10eb874732d@group-2077DD483DC7-LeaderElection496] INFO  impl.RaftServerImpl (RaftServerImpl.java:setRole(184)) - a3132885-145f-4a8c-85f4-c10eb874732d@group-2077DD483DC7: changes role from CANDIDATE to FOLLOWER at term 323 for DISCOVERED_A_NEW_TERM
2019-10-16 11:36:19,670 [a3132885-145f-4a8c-85f4-c10eb874732d@group-2077DD483DC7-LeaderElection496] INFO  impl.RoleInfo (RoleInfo.java:shutdownLeaderElection(134)) - a3132885-145f-4a8c-85f4-c10eb874732d: shutdown LeaderElection
2019-10-16 11:36:19,670 [a3132885-145f-4a8c-85f4-c10eb874732d@group-2077DD483DC7-LeaderElection496] INFO  impl.RoleInfo (RoleInfo.java:updateAndGet(143)) - a3132885-145f-4a8c-85f4-c10eb874732d: start FollowerState
2019-10-16 11:36:19,775 [Thread-3657] INFO  impl.FollowerState (FollowerState.java:run(108)) - a3132885-145f-4a8c-85f4-c10eb874732d@group-2077DD483DC7-FollowerState: change to CANDIDATE, lastRpcTime:105ms, electionTimeout:105ms
2019-10-16 11:36:19,776 [Thread-3657] INFO  impl.RoleInfo (RoleInfo.java:shutdownFollowerState(121)) - a3132885-145f-4a8c-85f4-c10eb874732d: shutdown FollowerState
2019-10-16 11:36:19,776 [Thread-3657] INFO  impl.RaftServerImpl (RaftServerImpl.java:setRole(184)) - a3132885-145f-4a8c-85f4-c10eb874732d@group-2077DD483DC7: changes role from  FOLLOWER to CANDIDATE at term 323 for changeToCandidate
2019-10-16 11:36:19,776 [Thread-3657] INFO  impl.RoleInfo (RoleInfo.java:updateAndGet(143)) - a3132885-145f-4a8c-85f4-c10eb874732d: start LeaderElection
2019-10-16 11:36:19,789 [a3132885-145f-4a8c-85f4-c10eb874732d@group-2077DD483DC7-LeaderElection497] INFO  impl.LeaderElection (LeaderElection.java:askForVotes(178)) - a3132885-145f-4a8c-85f4-c10eb874732d@group-2077DD483DC7-LeaderElection497: begin an election at term 324 for -1: [163587bb-2c3b-4498-b576-18147cf38274:192.168.157.203:33208, a3132885-145f-4a8c-85f4-c10eb874732d:192.168.157.203:46766, 70b633f6-b230-4b9f-87f3-510da88f1e08:192.168.157.203:43163], old=null
2019-10-16 11:36:19,790 [a3132885-145f-4a8c-85f4-c10eb874732d@group-2077DD483DC7-LeaderElection497] INFO  impl.LeaderElection (LogUtils.java:infoOrTrace(149)) - a3132885-145f-4a8c-85f4-c10eb874732d@group-2077DD483DC7-LeaderElection497 got exception when requesting votes: {}
java.util.concurrent.ExecutionException: org.apache.ratis.thirdparty.io.grpc.StatusRuntimeException: UNAVAILABLE: io exception
	at java.util.concurrent.FutureTask.report(FutureTask.java:122)
	at java.util.concurrent.FutureTask.get(FutureTask.java:192)
	at org.apache.ratis.server.impl.LeaderElection.waitForResults(LeaderElection.java:259)
	at org.apache.ratis.server.impl.LeaderElection.askForVotes(LeaderElection.java:197)
	at org.apache.ratis.server.impl.LeaderElection.run(LeaderElection.java:133)
	at java.lang.Thread.run(Thread.java:748)
Caused by: org.apache.ratis.thirdparty.io.grpc.StatusRuntimeException: UNAVAILABLE: io exception
	at org.apache.ratis.thirdparty.io.grpc.stub.ClientCalls.toStatusRuntimeException(ClientCalls.java:233)
	at org.apache.ratis.thirdparty.io.grpc.stub.ClientCalls.getUnchecked(ClientCalls.java:214)
	at org.apache.ratis.thirdparty.io.grpc.stub.ClientCalls.blockingUnaryCall(ClientCalls.java:139)
	at org.apache.ratis.proto.grpc.RaftServerProtocolServiceGrpc$RaftServerProtocolServiceBlockingStub.requestVote(RaftServerProtocolServiceGrpc.java:265)
	at org.apache.ratis.grpc.server.GrpcServerProtocolClient.requestVote(GrpcServerProtocolClient.java:99)
	at org.apache.ratis.grpc.server.GrpcService.requestVote(GrpcService.java:204)
	at org.apache.ratis.server.impl.LeaderElection.lambda$submitRequests$1(LeaderElection.java:234)
	at java.util.concurrent.FutureTask.run(FutureTask.java:266)
	at java.util.concurrent.Executors$RunnableAdapter.call(Executors.java:511)
	at java.util.concurrent.FutureTask.run(FutureTask.java:266)
	at java.util.concurrent.ThreadPoolExecutor.runWorker(ThreadPoolExecutor.java:1149)
	at java.util.concurrent.ThreadPoolExecutor$Worker.run(ThreadPoolExecutor.java:624)
	... 1 more
Caused by: org.apache.ratis.thirdparty.io.netty.channel.AbstractChannel$AnnotatedConnectException: Connection refused: /192.168.157.203:33208
	at sun.nio.ch.SocketChannelImpl.checkConnect(Native Method)
	at sun.nio.ch.SocketChannelImpl.finishConnect(SocketChannelImpl.java:717)
	at org.apache.ratis.thirdparty.io.netty.channel.socket.nio.NioSocketChannel.doFinishConnect(NioSocketChannel.java:327)
	at org.apache.ratis.thirdparty.io.netty.channel.nio.AbstractNioChannel$AbstractNioUnsafe.finishConnect(AbstractNioChannel.java:340)
	at org.apache.ratis.thirdparty.io.netty.channel.nio.NioEventLoop.processSelectedKey(NioEventLoop.java:632)
	at org.apache.ratis.thirdparty.io.netty.channel.nio.NioEventLoop.processSelectedKeysOptimized(NioEventLoop.java:579)
	at org.apache.ratis.thirdparty.io.netty.channel.nio.NioEventLoop.processSelectedKeys(NioEventLoop.java:496)
	at org.apache.ratis.thirdparty.io.netty.channel.nio.NioEventLoop.run(NioEventLoop.java:458)
	at org.apache.ratis.thirdparty.io.netty.util.concurrent.SingleThreadEventExecutor$5.run(SingleThreadEventExecutor.java:897)
	at org.apache.ratis.thirdparty.io.netty.util.concurrent.FastThreadLocalRunnable.run(FastThreadLocalRunnable.java:30)
	... 1 more
Caused by: java.net.ConnectException: Connection refused
	... 11 more
2019-10-16 11:36:19,791 [a3132885-145f-4a8c-85f4-c10eb874732d@group-2077DD483DC7-LeaderElection497] INFO  impl.LeaderElection (LogUtils.java:infoOrTrace(149)) - a3132885-145f-4a8c-85f4-c10eb874732d@group-2077DD483DC7-LeaderElection497 got exception when requesting votes: {}
java.util.concurrent.ExecutionException: org.apache.ratis.thirdparty.io.grpc.StatusRuntimeException: UNAVAILABLE: io exception
	at java.util.concurrent.FutureTask.report(FutureTask.java:122)
	at java.util.concurrent.FutureTask.get(FutureTask.java:192)
	at org.apache.ratis.server.impl.LeaderElection.waitForResults(LeaderElection.java:259)
	at org.apache.ratis.server.impl.LeaderElection.askForVotes(LeaderElection.java:197)
	at org.apache.ratis.server.impl.LeaderElection.run(LeaderElection.java:133)
	at java.lang.Thread.run(Thread.java:748)
Caused by: org.apache.ratis.thirdparty.io.grpc.StatusRuntimeException: UNAVAILABLE: io exception
	at org.apache.ratis.thirdparty.io.grpc.stub.ClientCalls.toStatusRuntimeException(ClientCalls.java:233)
	at org.apache.ratis.thirdparty.io.grpc.stub.ClientCalls.getUnchecked(ClientCalls.java:214)
	at org.apache.ratis.thirdparty.io.grpc.stub.ClientCalls.blockingUnaryCall(ClientCalls.java:139)
	at org.apache.ratis.proto.grpc.RaftServerProtocolServiceGrpc$RaftServerProtocolServiceBlockingStub.requestVote(RaftServerProtocolServiceGrpc.java:265)
	at org.apache.ratis.grpc.server.GrpcServerProtocolClient.requestVote(GrpcServerProtocolClient.java:99)
	at org.apache.ratis.grpc.server.GrpcService.requestVote(GrpcService.java:204)
	at org.apache.ratis.server.impl.LeaderElection.lambda$submitRequests$1(LeaderElection.java:234)
	at java.util.concurrent.FutureTask.run(FutureTask.java:266)
	at java.util.concurrent.Executors$RunnableAdapter.call(Executors.java:511)
	at java.util.concurrent.FutureTask.run(FutureTask.java:266)
	at java.util.concurrent.ThreadPoolExecutor.runWorker(ThreadPoolExecutor.java:1149)
	at java.util.concurrent.ThreadPoolExecutor$Worker.run(ThreadPoolExecutor.java:624)
	... 1 more
Caused by: org.apache.ratis.thirdparty.io.netty.channel.AbstractChannel$AnnotatedConnectException: Connection refused: /192.168.157.203:43163
	at sun.nio.ch.SocketChannelImpl.checkConnect(Native Method)
	at sun.nio.ch.SocketChannelImpl.finishConnect(SocketChannelImpl.java:717)
	at org.apache.ratis.thirdparty.io.netty.channel.socket.nio.NioSocketChannel.doFinishConnect(NioSocketChannel.java:327)
	at org.apache.ratis.thirdparty.io.netty.channel.nio.AbstractNioChannel$AbstractNioUnsafe.finishConnect(AbstractNioChannel.java:340)
	at org.apache.ratis.thirdparty.io.netty.channel.nio.NioEventLoop.processSelectedKey(NioEventLoop.java:632)
	at org.apache.ratis.thirdparty.io.netty.channel.nio.NioEventLoop.processSelectedKeysOptimized(NioEventLoop.java:579)
	at org.apache.ratis.thirdparty.io.netty.channel.nio.NioEventLoop.processSelectedKeys(NioEventLoop.java:496)
	at org.apache.ratis.thirdparty.io.netty.channel.nio.NioEventLoop.run(NioEventLoop.java:458)
	at org.apache.ratis.thirdparty.io.netty.util.concurrent.SingleThreadEventExecutor$5.run(SingleThreadEventExecutor.java:897)
	at org.apache.ratis.thirdparty.io.netty.util.concurrent.FastThreadLocalRunnable.run(FastThreadLocalRunnable.java:30)
	... 1 more
Caused by: java.net.ConnectException: Connection refused
	... 11 more
2019-10-16 11:36:19,791 [a3132885-145f-4a8c-85f4-c10eb874732d@group-2077DD483DC7-LeaderElection497] INFO  impl.LeaderElection (LeaderElection.java:logAndReturn(56)) - a3132885-145f-4a8c-85f4-c10eb874732d@group-2077DD483DC7-LeaderElection497: Election REJECTED; received 0 response(s) [] and 2 exception(s); a3132885-145f-4a8c-85f4-c10eb874732d@group-2077DD483DC7:t324, leader=null, voted=a3132885-145f-4a8c-85f4-c10eb874732d, raftlog=a3132885-145f-4a8c-85f4-c10eb874732d@group-2077DD483DC7-SegmentedRaftLog:OPENED:c-1,f-1,i0, conf=-1: [163587bb-2c3b-4498-b576-18147cf38274:192.168.157.203:33208, a3132885-145f-4a8c-85f4-c10eb874732d:192.168.157.203:46766, 70b633f6-b230-4b9f-87f3-510da88f1e08:192.168.157.203:43163], old=null
2019-10-16 11:36:19,791 [a3132885-145f-4a8c-85f4-c10eb874732d@group-2077DD483DC7-LeaderElection497] INFO  impl.LeaderElection (LogUtils.java:infoOrTrace(149)) -   Exception 0: {}
java.util.concurrent.ExecutionException: org.apache.ratis.thirdparty.io.grpc.StatusRuntimeException: UNAVAILABLE: io exception
	at java.util.concurrent.FutureTask.report(FutureTask.java:122)
	at java.util.concurrent.FutureTask.get(FutureTask.java:192)
	at org.apache.ratis.server.impl.LeaderElection.waitForResults(LeaderElection.java:259)
	at org.apache.ratis.server.impl.LeaderElection.askForVotes(LeaderElection.java:197)
	at org.apache.ratis.server.impl.LeaderElection.run(LeaderElection.java:133)
	at java.lang.Thread.run(Thread.java:748)
Caused by: org.apache.ratis.thirdparty.io.grpc.StatusRuntimeException: UNAVAILABLE: io exception
	at org.apache.ratis.thirdparty.io.grpc.stub.ClientCalls.toStatusRuntimeException(ClientCalls.java:233)
	at org.apache.ratis.thirdparty.io.grpc.stub.ClientCalls.getUnchecked(ClientCalls.java:214)
	at org.apache.ratis.thirdparty.io.grpc.stub.ClientCalls.blockingUnaryCall(ClientCalls.java:139)
	at org.apache.ratis.proto.grpc.RaftServerProtocolServiceGrpc$RaftServerProtocolServiceBlockingStub.requestVote(RaftServerProtocolServiceGrpc.java:265)
	at org.apache.ratis.grpc.server.GrpcServerProtocolClient.requestVote(GrpcServerProtocolClient.java:99)
	at org.apache.ratis.grpc.server.GrpcService.requestVote(GrpcService.java:204)
	at org.apache.ratis.server.impl.LeaderElection.lambda$submitRequests$1(LeaderElection.java:234)
	at java.util.concurrent.FutureTask.run(FutureTask.java:266)
	at java.util.concurrent.Executors$RunnableAdapter.call(Executors.java:511)
	at java.util.concurrent.FutureTask.run(FutureTask.java:266)
	at java.util.concurrent.ThreadPoolExecutor.runWorker(ThreadPoolExecutor.java:1149)
	at java.util.concurrent.ThreadPoolExecutor$Worker.run(ThreadPoolExecutor.java:624)
	... 1 more
Caused by: org.apache.ratis.thirdparty.io.netty.channel.AbstractChannel$AnnotatedConnectException: Connection refused: /192.168.157.203:33208
	at sun.nio.ch.SocketChannelImpl.checkConnect(Native Method)
	at sun.nio.ch.SocketChannelImpl.finishConnect(SocketChannelImpl.java:717)
	at org.apache.ratis.thirdparty.io.netty.channel.socket.nio.NioSocketChannel.doFinishConnect(NioSocketChannel.java:327)
	at org.apache.ratis.thirdparty.io.netty.channel.nio.AbstractNioChannel$AbstractNioUnsafe.finishConnect(AbstractNioChannel.java:340)
	at org.apache.ratis.thirdparty.io.netty.channel.nio.NioEventLoop.processSelectedKey(NioEventLoop.java:632)
	at org.apache.ratis.thirdparty.io.netty.channel.nio.NioEventLoop.processSelectedKeysOptimized(NioEventLoop.java:579)
	at org.apache.ratis.thirdparty.io.netty.channel.nio.NioEventLoop.processSelectedKeys(NioEventLoop.java:496)
	at org.apache.ratis.thirdparty.io.netty.channel.nio.NioEventLoop.run(NioEventLoop.java:458)
	at org.apache.ratis.thirdparty.io.netty.util.concurrent.SingleThreadEventExecutor$5.run(SingleThreadEventExecutor.java:897)
	at org.apache.ratis.thirdparty.io.netty.util.concurrent.FastThreadLocalRunnable.run(FastThreadLocalRunnable.java:30)
	... 1 more
Caused by: java.net.ConnectException: Connection refused
	... 11 more
2019-10-16 11:36:19,791 [a3132885-145f-4a8c-85f4-c10eb874732d@group-2077DD483DC7-LeaderElection497] INFO  impl.LeaderElection (LogUtils.java:infoOrTrace(149)) -   Exception 1: {}
java.util.concurrent.ExecutionException: org.apache.ratis.thirdparty.io.grpc.StatusRuntimeException: UNAVAILABLE: io exception
	at java.util.concurrent.FutureTask.report(FutureTask.java:122)
	at java.util.concurrent.FutureTask.get(FutureTask.java:192)
	at org.apache.ratis.server.impl.LeaderElection.waitForResults(LeaderElection.java:259)
	at org.apache.ratis.server.impl.LeaderElection.askForVotes(LeaderElection.java:197)
	at org.apache.ratis.server.impl.LeaderElection.run(LeaderElection.java:133)
	at java.lang.Thread.run(Thread.java:748)
Caused by: org.apache.ratis.thirdparty.io.grpc.StatusRuntimeException: UNAVAILABLE: io exception
	at org.apache.ratis.thirdparty.io.grpc.stub.ClientCalls.toStatusRuntimeException(ClientCalls.java:233)
	at org.apache.ratis.thirdparty.io.grpc.stub.ClientCalls.getUnchecked(ClientCalls.java:214)
	at org.apache.ratis.thirdparty.io.grpc.stub.ClientCalls.blockingUnaryCall(ClientCalls.java:139)
	at org.apache.ratis.proto.grpc.RaftServerProtocolServiceGrpc$RaftServerProtocolServiceBlockingStub.requestVote(RaftServerProtocolServiceGrpc.java:265)
	at org.apache.ratis.grpc.server.GrpcServerProtocolClient.requestVote(GrpcServerProtocolClient.java:99)
	at org.apache.ratis.grpc.server.GrpcService.requestVote(GrpcService.java:204)
	at org.apache.ratis.server.impl.LeaderElection.lambda$submitRequests$1(LeaderElection.java:234)
	at java.util.concurrent.FutureTask.run(FutureTask.java:266)
	at java.util.concurrent.Executors$RunnableAdapter.call(Executors.java:511)
	at java.util.concurrent.FutureTask.run(FutureTask.java:266)
	at java.util.concurrent.ThreadPoolExecutor.runWorker(ThreadPoolExecutor.java:1149)
	at java.util.concurrent.ThreadPoolExecutor$Worker.run(ThreadPoolExecutor.java:624)
	... 1 more
Caused by: org.apache.ratis.thirdparty.io.netty.channel.AbstractChannel$AnnotatedConnectException: Connection refused: /192.168.157.203:43163
	at sun.nio.ch.SocketChannelImpl.checkConnect(Native Method)
	at sun.nio.ch.SocketChannelImpl.finishConnect(SocketChannelImpl.java:717)
	at org.apache.ratis.thirdparty.io.netty.channel.socket.nio.NioSocketChannel.doFinishConnect(NioSocketChannel.java:327)
	at org.apache.ratis.thirdparty.io.netty.channel.nio.AbstractNioChannel$AbstractNioUnsafe.finishConnect(AbstractNioChannel.java:340)
	at org.apache.ratis.thirdparty.io.netty.channel.nio.NioEventLoop.processSelectedKey(NioEventLoop.java:632)
	at org.apache.ratis.thirdparty.io.netty.channel.nio.NioEventLoop.processSelectedKeysOptimized(NioEventLoop.java:579)
	at org.apache.ratis.thirdparty.io.netty.channel.nio.NioEventLoop.processSelectedKeys(NioEventLoop.java:496)
	at org.apache.ratis.thirdparty.io.netty.channel.nio.NioEventLoop.run(NioEventLoop.java:458)
	at org.apache.ratis.thirdparty.io.netty.util.concurrent.SingleThreadEventExecutor$5.run(SingleThreadEventExecutor.java:897)
	at org.apache.ratis.thirdparty.io.netty.util.concurrent.FastThreadLocalRunnable.run(FastThreadLocalRunnable.java:30)
	... 1 more
Caused by: java.net.ConnectException: Connection refused
	... 11 more
2019-10-16 11:36:19,791 [a3132885-145f-4a8c-85f4-c10eb874732d@group-2077DD483DC7-LeaderElection497] INFO  impl.RaftServerImpl (RaftServerImpl.java:setRole(184)) - a3132885-145f-4a8c-85f4-c10eb874732d@group-2077DD483DC7: changes role from CANDIDATE to FOLLOWER at term 324 for DISCOVERED_A_NEW_TERM
2019-10-16 11:36:19,792 [a3132885-145f-4a8c-85f4-c10eb874732d@group-2077DD483DC7-LeaderElection497] INFO  impl.RoleInfo (RoleInfo.java:shutdownLeaderElection(134)) - a3132885-145f-4a8c-85f4-c10eb874732d: shutdown LeaderElection
2019-10-16 11:36:19,792 [a3132885-145f-4a8c-85f4-c10eb874732d@group-2077DD483DC7-LeaderElection497] INFO  impl.RoleInfo (RoleInfo.java:updateAndGet(143)) - a3132885-145f-4a8c-85f4-c10eb874732d: start FollowerState
2019-10-16 11:36:19,847 [Thread-3661] INFO  impl.FollowerState (FollowerState.java:run(108)) - a3132885-145f-4a8c-85f4-c10eb874732d@group-2077DD483DC7-FollowerState: change to CANDIDATE, lastRpcTime:55ms, electionTimeout:55ms
2019-10-16 11:36:19,847 [Thread-3661] INFO  impl.RoleInfo (RoleInfo.java:shutdownFollowerState(121)) - a3132885-145f-4a8c-85f4-c10eb874732d: shutdown FollowerState
2019-10-16 11:36:19,847 [Thread-3661] INFO  impl.RaftServerImpl (RaftServerImpl.java:setRole(184)) - a3132885-145f-4a8c-85f4-c10eb874732d@group-2077DD483DC7: changes role from  FOLLOWER to CANDIDATE at term 324 for changeToCandidate
2019-10-16 11:36:19,847 [Thread-3661] INFO  impl.RoleInfo (RoleInfo.java:updateAndGet(143)) - a3132885-145f-4a8c-85f4-c10eb874732d: start LeaderElection
2019-10-16 11:36:19,860 [a3132885-145f-4a8c-85f4-c10eb874732d@group-2077DD483DC7-LeaderElection498] INFO  impl.LeaderElection (LeaderElection.java:askForVotes(178)) - a3132885-145f-4a8c-85f4-c10eb874732d@group-2077DD483DC7-LeaderElection498: begin an election at term 325 for -1: [163587bb-2c3b-4498-b576-18147cf38274:192.168.157.203:33208, a3132885-145f-4a8c-85f4-c10eb874732d:192.168.157.203:46766, 70b633f6-b230-4b9f-87f3-510da88f1e08:192.168.157.203:43163], old=null
2019-10-16 11:36:19,861 [a3132885-145f-4a8c-85f4-c10eb874732d@group-2077DD483DC7-LeaderElection498] INFO  impl.LeaderElection (LogUtils.java:infoOrTrace(149)) - a3132885-145f-4a8c-85f4-c10eb874732d@group-2077DD483DC7-LeaderElection498 got exception when requesting votes: {}
java.util.concurrent.ExecutionException: org.apache.ratis.thirdparty.io.grpc.StatusRuntimeException: UNAVAILABLE: io exception
	at java.util.concurrent.FutureTask.report(FutureTask.java:122)
	at java.util.concurrent.FutureTask.get(FutureTask.java:192)
	at org.apache.ratis.server.impl.LeaderElection.waitForResults(LeaderElection.java:259)
	at org.apache.ratis.server.impl.LeaderElection.askForVotes(LeaderElection.java:197)
	at org.apache.ratis.server.impl.LeaderElection.run(LeaderElection.java:133)
	at java.lang.Thread.run(Thread.java:748)
Caused by: org.apache.ratis.thirdparty.io.grpc.StatusRuntimeException: UNAVAILABLE: io exception
	at org.apache.ratis.thirdparty.io.grpc.stub.ClientCalls.toStatusRuntimeException(ClientCalls.java:233)
	at org.apache.ratis.thirdparty.io.grpc.stub.ClientCalls.getUnchecked(ClientCalls.java:214)
	at org.apache.ratis.thirdparty.io.grpc.stub.ClientCalls.blockingUnaryCall(ClientCalls.java:139)
	at org.apache.ratis.proto.grpc.RaftServerProtocolServiceGrpc$RaftServerProtocolServiceBlockingStub.requestVote(RaftServerProtocolServiceGrpc.java:265)
	at org.apache.ratis.grpc.server.GrpcServerProtocolClient.requestVote(GrpcServerProtocolClient.java:99)
	at org.apache.ratis.grpc.server.GrpcService.requestVote(GrpcService.java:204)
	at org.apache.ratis.server.impl.LeaderElection.lambda$submitRequests$1(LeaderElection.java:234)
	at java.util.concurrent.FutureTask.run(FutureTask.java:266)
	at java.util.concurrent.Executors$RunnableAdapter.call(Executors.java:511)
	at java.util.concurrent.FutureTask.run(FutureTask.java:266)
	at java.util.concurrent.ThreadPoolExecutor.runWorker(ThreadPoolExecutor.java:1149)
	at java.util.concurrent.ThreadPoolExecutor$Worker.run(ThreadPoolExecutor.java:624)
	... 1 more
Caused by: org.apache.ratis.thirdparty.io.netty.channel.AbstractChannel$AnnotatedConnectException: Connection refused: /192.168.157.203:43163
	at sun.nio.ch.SocketChannelImpl.checkConnect(Native Method)
	at sun.nio.ch.SocketChannelImpl.finishConnect(SocketChannelImpl.java:717)
	at org.apache.ratis.thirdparty.io.netty.channel.socket.nio.NioSocketChannel.doFinishConnect(NioSocketChannel.java:327)
	at org.apache.ratis.thirdparty.io.netty.channel.nio.AbstractNioChannel$AbstractNioUnsafe.finishConnect(AbstractNioChannel.java:340)
	at org.apache.ratis.thirdparty.io.netty.channel.nio.NioEventLoop.processSelectedKey(NioEventLoop.java:632)
	at org.apache.ratis.thirdparty.io.netty.channel.nio.NioEventLoop.processSelectedKeysOptimized(NioEventLoop.java:579)
	at org.apache.ratis.thirdparty.io.netty.channel.nio.NioEventLoop.processSelectedKeys(NioEventLoop.java:496)
	at org.apache.ratis.thirdparty.io.netty.channel.nio.NioEventLoop.run(NioEventLoop.java:458)
	at org.apache.ratis.thirdparty.io.netty.util.concurrent.SingleThreadEventExecutor$5.run(SingleThreadEventExecutor.java:897)
	at org.apache.ratis.thirdparty.io.netty.util.concurrent.FastThreadLocalRunnable.run(FastThreadLocalRunnable.java:30)
	... 1 more
Caused by: java.net.ConnectException: Connection refused
	... 11 more
2019-10-16 11:36:19,862 [a3132885-145f-4a8c-85f4-c10eb874732d@group-2077DD483DC7-LeaderElection498] INFO  impl.LeaderElection (LogUtils.java:infoOrTrace(149)) - a3132885-145f-4a8c-85f4-c10eb874732d@group-2077DD483DC7-LeaderElection498 got exception when requesting votes: {}
java.util.concurrent.ExecutionException: org.apache.ratis.thirdparty.io.grpc.StatusRuntimeException: UNAVAILABLE: io exception
	at java.util.concurrent.FutureTask.report(FutureTask.java:122)
	at java.util.concurrent.FutureTask.get(FutureTask.java:192)
	at org.apache.ratis.server.impl.LeaderElection.waitForResults(LeaderElection.java:259)
	at org.apache.ratis.server.impl.LeaderElection.askForVotes(LeaderElection.java:197)
	at org.apache.ratis.server.impl.LeaderElection.run(LeaderElection.java:133)
	at java.lang.Thread.run(Thread.java:748)
Caused by: org.apache.ratis.thirdparty.io.grpc.StatusRuntimeException: UNAVAILABLE: io exception
	at org.apache.ratis.thirdparty.io.grpc.stub.ClientCalls.toStatusRuntimeException(ClientCalls.java:233)
	at org.apache.ratis.thirdparty.io.grpc.stub.ClientCalls.getUnchecked(ClientCalls.java:214)
	at org.apache.ratis.thirdparty.io.grpc.stub.ClientCalls.blockingUnaryCall(ClientCalls.java:139)
	at org.apache.ratis.proto.grpc.RaftServerProtocolServiceGrpc$RaftServerProtocolServiceBlockingStub.requestVote(RaftServerProtocolServiceGrpc.java:265)
	at org.apache.ratis.grpc.server.GrpcServerProtocolClient.requestVote(GrpcServerProtocolClient.java:99)
	at org.apache.ratis.grpc.server.GrpcService.requestVote(GrpcService.java:204)
	at org.apache.ratis.server.impl.LeaderElection.lambda$submitRequests$1(LeaderElection.java:234)
	at java.util.concurrent.FutureTask.run(FutureTask.java:266)
	at java.util.concurrent.Executors$RunnableAdapter.call(Executors.java:511)
	at java.util.concurrent.FutureTask.run(FutureTask.java:266)
	at java.util.concurrent.ThreadPoolExecutor.runWorker(ThreadPoolExecutor.java:1149)
	at java.util.concurrent.ThreadPoolExecutor$Worker.run(ThreadPoolExecutor.java:624)
	... 1 more
Caused by: org.apache.ratis.thirdparty.io.netty.channel.AbstractChannel$AnnotatedConnectException: Connection refused: /192.168.157.203:33208
	at sun.nio.ch.SocketChannelImpl.checkConnect(Native Method)
	at sun.nio.ch.SocketChannelImpl.finishConnect(SocketChannelImpl.java:717)
	at org.apache.ratis.thirdparty.io.netty.channel.socket.nio.NioSocketChannel.doFinishConnect(NioSocketChannel.java:327)
	at org.apache.ratis.thirdparty.io.netty.channel.nio.AbstractNioChannel$AbstractNioUnsafe.finishConnect(AbstractNioChannel.java:340)
	at org.apache.ratis.thirdparty.io.netty.channel.nio.NioEventLoop.processSelectedKey(NioEventLoop.java:632)
	at org.apache.ratis.thirdparty.io.netty.channel.nio.NioEventLoop.processSelectedKeysOptimized(NioEventLoop.java:579)
	at org.apache.ratis.thirdparty.io.netty.channel.nio.NioEventLoop.processSelectedKeys(NioEventLoop.java:496)
	at org.apache.ratis.thirdparty.io.netty.channel.nio.NioEventLoop.run(NioEventLoop.java:458)
	at org.apache.ratis.thirdparty.io.netty.util.concurrent.SingleThreadEventExecutor$5.run(SingleThreadEventExecutor.java:897)
	at org.apache.ratis.thirdparty.io.netty.util.concurrent.FastThreadLocalRunnable.run(FastThreadLocalRunnable.java:30)
	... 1 more
Caused by: java.net.ConnectException: Connection refused
	... 11 more
2019-10-16 11:36:19,862 [a3132885-145f-4a8c-85f4-c10eb874732d@group-2077DD483DC7-LeaderElection498] INFO  impl.LeaderElection (LeaderElection.java:logAndReturn(56)) - a3132885-145f-4a8c-85f4-c10eb874732d@group-2077DD483DC7-LeaderElection498: Election REJECTED; received 0 response(s) [] and 2 exception(s); a3132885-145f-4a8c-85f4-c10eb874732d@group-2077DD483DC7:t325, leader=null, voted=a3132885-145f-4a8c-85f4-c10eb874732d, raftlog=a3132885-145f-4a8c-85f4-c10eb874732d@group-2077DD483DC7-SegmentedRaftLog:OPENED:c-1,f-1,i0, conf=-1: [163587bb-2c3b-4498-b576-18147cf38274:192.168.157.203:33208, a3132885-145f-4a8c-85f4-c10eb874732d:192.168.157.203:46766, 70b633f6-b230-4b9f-87f3-510da88f1e08:192.168.157.203:43163], old=null
2019-10-16 11:36:19,862 [a3132885-145f-4a8c-85f4-c10eb874732d@group-2077DD483DC7-LeaderElection498] INFO  impl.LeaderElection (LogUtils.java:infoOrTrace(149)) -   Exception 0: {}
java.util.concurrent.ExecutionException: org.apache.ratis.thirdparty.io.grpc.StatusRuntimeException: UNAVAILABLE: io exception
	at java.util.concurrent.FutureTask.report(FutureTask.java:122)
	at java.util.concurrent.FutureTask.get(FutureTask.java:192)
	at org.apache.ratis.server.impl.LeaderElection.waitForResults(LeaderElection.java:259)
	at org.apache.ratis.server.impl.LeaderElection.askForVotes(LeaderElection.java:197)
	at org.apache.ratis.server.impl.LeaderElection.run(LeaderElection.java:133)
	at java.lang.Thread.run(Thread.java:748)
Caused by: org.apache.ratis.thirdparty.io.grpc.StatusRuntimeException: UNAVAILABLE: io exception
	at org.apache.ratis.thirdparty.io.grpc.stub.ClientCalls.toStatusRuntimeException(ClientCalls.java:233)
	at org.apache.ratis.thirdparty.io.grpc.stub.ClientCalls.getUnchecked(ClientCalls.java:214)
	at org.apache.ratis.thirdparty.io.grpc.stub.ClientCalls.blockingUnaryCall(ClientCalls.java:139)
	at org.apache.ratis.proto.grpc.RaftServerProtocolServiceGrpc$RaftServerProtocolServiceBlockingStub.requestVote(RaftServerProtocolServiceGrpc.java:265)
	at org.apache.ratis.grpc.server.GrpcServerProtocolClient.requestVote(GrpcServerProtocolClient.java:99)
	at org.apache.ratis.grpc.server.GrpcService.requestVote(GrpcService.java:204)
	at org.apache.ratis.server.impl.LeaderElection.lambda$submitRequests$1(LeaderElection.java:234)
	at java.util.concurrent.FutureTask.run(FutureTask.java:266)
	at java.util.concurrent.Executors$RunnableAdapter.call(Executors.java:511)
	at java.util.concurrent.FutureTask.run(FutureTask.java:266)
	at java.util.concurrent.ThreadPoolExecutor.runWorker(ThreadPoolExecutor.java:1149)
	at java.util.concurrent.ThreadPoolExecutor$Worker.run(ThreadPoolExecutor.java:624)
	... 1 more
Caused by: org.apache.ratis.thirdparty.io.netty.channel.AbstractChannel$AnnotatedConnectException: Connection refused: /192.168.157.203:43163
	at sun.nio.ch.SocketChannelImpl.checkConnect(Native Method)
	at sun.nio.ch.SocketChannelImpl.finishConnect(SocketChannelImpl.java:717)
	at org.apache.ratis.thirdparty.io.netty.channel.socket.nio.NioSocketChannel.doFinishConnect(NioSocketChannel.java:327)
	at org.apache.ratis.thirdparty.io.netty.channel.nio.AbstractNioChannel$AbstractNioUnsafe.finishConnect(AbstractNioChannel.java:340)
	at org.apache.ratis.thirdparty.io.netty.channel.nio.NioEventLoop.processSelectedKey(NioEventLoop.java:632)
	at org.apache.ratis.thirdparty.io.netty.channel.nio.NioEventLoop.processSelectedKeysOptimized(NioEventLoop.java:579)
	at org.apache.ratis.thirdparty.io.netty.channel.nio.NioEventLoop.processSelectedKeys(NioEventLoop.java:496)
	at org.apache.ratis.thirdparty.io.netty.channel.nio.NioEventLoop.run(NioEventLoop.java:458)
	at org.apache.ratis.thirdparty.io.netty.util.concurrent.SingleThreadEventExecutor$5.run(SingleThreadEventExecutor.java:897)
	at org.apache.ratis.thirdparty.io.netty.util.concurrent.FastThreadLocalRunnable.run(FastThreadLocalRunnable.java:30)
	... 1 more
Caused by: java.net.ConnectException: Connection refused
	... 11 more
2019-10-16 11:36:19,863 [a3132885-145f-4a8c-85f4-c10eb874732d@group-2077DD483DC7-LeaderElection498] INFO  impl.LeaderElection (LogUtils.java:infoOrTrace(149)) -   Exception 1: {}
java.util.concurrent.ExecutionException: org.apache.ratis.thirdparty.io.grpc.StatusRuntimeException: UNAVAILABLE: io exception
	at java.util.concurrent.FutureTask.report(FutureTask.java:122)
	at java.util.concurrent.FutureTask.get(FutureTask.java:192)
	at org.apache.ratis.server.impl.LeaderElection.waitForResults(LeaderElection.java:259)
	at org.apache.ratis.server.impl.LeaderElection.askForVotes(LeaderElection.java:197)
	at org.apache.ratis.server.impl.LeaderElection.run(LeaderElection.java:133)
	at java.lang.Thread.run(Thread.java:748)
Caused by: org.apache.ratis.thirdparty.io.grpc.StatusRuntimeException: UNAVAILABLE: io exception
	at org.apache.ratis.thirdparty.io.grpc.stub.ClientCalls.toStatusRuntimeException(ClientCalls.java:233)
	at org.apache.ratis.thirdparty.io.grpc.stub.ClientCalls.getUnchecked(ClientCalls.java:214)
	at org.apache.ratis.thirdparty.io.grpc.stub.ClientCalls.blockingUnaryCall(ClientCalls.java:139)
	at org.apache.ratis.proto.grpc.RaftServerProtocolServiceGrpc$RaftServerProtocolServiceBlockingStub.requestVote(RaftServerProtocolServiceGrpc.java:265)
	at org.apache.ratis.grpc.server.GrpcServerProtocolClient.requestVote(GrpcServerProtocolClient.java:99)
	at org.apache.ratis.grpc.server.GrpcService.requestVote(GrpcService.java:204)
	at org.apache.ratis.server.impl.LeaderElection.lambda$submitRequests$1(LeaderElection.java:234)
	at java.util.concurrent.FutureTask.run(FutureTask.java:266)
	at java.util.concurrent.Executors$RunnableAdapter.call(Executors.java:511)
	at java.util.concurrent.FutureTask.run(FutureTask.java:266)
	at java.util.concurrent.ThreadPoolExecutor.runWorker(ThreadPoolExecutor.java:1149)
	at java.util.concurrent.ThreadPoolExecutor$Worker.run(ThreadPoolExecutor.java:624)
	... 1 more
Caused by: org.apache.ratis.thirdparty.io.netty.channel.AbstractChannel$AnnotatedConnectException: Connection refused: /192.168.157.203:33208
	at sun.nio.ch.SocketChannelImpl.checkConnect(Native Method)
	at sun.nio.ch.SocketChannelImpl.finishConnect(SocketChannelImpl.java:717)
	at org.apache.ratis.thirdparty.io.netty.channel.socket.nio.NioSocketChannel.doFinishConnect(NioSocketChannel.java:327)
	at org.apache.ratis.thirdparty.io.netty.channel.nio.AbstractNioChannel$AbstractNioUnsafe.finishConnect(AbstractNioChannel.java:340)
	at org.apache.ratis.thirdparty.io.netty.channel.nio.NioEventLoop.processSelectedKey(NioEventLoop.java:632)
	at org.apache.ratis.thirdparty.io.netty.channel.nio.NioEventLoop.processSelectedKeysOptimized(NioEventLoop.java:579)
	at org.apache.ratis.thirdparty.io.netty.channel.nio.NioEventLoop.processSelectedKeys(NioEventLoop.java:496)
	at org.apache.ratis.thirdparty.io.netty.channel.nio.NioEventLoop.run(NioEventLoop.java:458)
	at org.apache.ratis.thirdparty.io.netty.util.concurrent.SingleThreadEventExecutor$5.run(SingleThreadEventExecutor.java:897)
	at org.apache.ratis.thirdparty.io.netty.util.concurrent.FastThreadLocalRunnable.run(FastThreadLocalRunnable.java:30)
	... 1 more
Caused by: java.net.ConnectException: Connection refused
	... 11 more
2019-10-16 11:36:19,863 [a3132885-145f-4a8c-85f4-c10eb874732d@group-2077DD483DC7-LeaderElection498] INFO  impl.RaftServerImpl (RaftServerImpl.java:setRole(184)) - a3132885-145f-4a8c-85f4-c10eb874732d@group-2077DD483DC7: changes role from CANDIDATE to FOLLOWER at term 325 for DISCOVERED_A_NEW_TERM
2019-10-16 11:36:19,863 [a3132885-145f-4a8c-85f4-c10eb874732d@group-2077DD483DC7-LeaderElection498] INFO  impl.RoleInfo (RoleInfo.java:shutdownLeaderElection(134)) - a3132885-145f-4a8c-85f4-c10eb874732d: shutdown LeaderElection
2019-10-16 11:36:19,864 [a3132885-145f-4a8c-85f4-c10eb874732d@group-2077DD483DC7-LeaderElection498] INFO  impl.RoleInfo (RoleInfo.java:updateAndGet(143)) - a3132885-145f-4a8c-85f4-c10eb874732d: start FollowerState
2019-10-16 11:36:19,890 [Thread-3665] INFO  impl.FollowerState (FollowerState.java:run(108)) - a3132885-145f-4a8c-85f4-c10eb874732d@group-2077DD483DC7-FollowerState: change to CANDIDATE, lastRpcTime:26ms, electionTimeout:26ms
2019-10-16 11:36:19,890 [Thread-3665] INFO  impl.RoleInfo (RoleInfo.java:shutdownFollowerState(121)) - a3132885-145f-4a8c-85f4-c10eb874732d: shutdown FollowerState
2019-10-16 11:36:19,890 [Thread-3665] INFO  impl.RaftServerImpl (RaftServerImpl.java:setRole(184)) - a3132885-145f-4a8c-85f4-c10eb874732d@group-2077DD483DC7: changes role from  FOLLOWER to CANDIDATE at term 325 for changeToCandidate
2019-10-16 11:36:19,890 [Thread-3665] INFO  impl.RoleInfo (RoleInfo.java:updateAndGet(143)) - a3132885-145f-4a8c-85f4-c10eb874732d: start LeaderElection
2019-10-16 11:36:19,903 [a3132885-145f-4a8c-85f4-c10eb874732d@group-2077DD483DC7-LeaderElection499] INFO  impl.LeaderElection (LeaderElection.java:askForVotes(178)) - a3132885-145f-4a8c-85f4-c10eb874732d@group-2077DD483DC7-LeaderElection499: begin an election at term 326 for -1: [163587bb-2c3b-4498-b576-18147cf38274:192.168.157.203:33208, a3132885-145f-4a8c-85f4-c10eb874732d:192.168.157.203:46766, 70b633f6-b230-4b9f-87f3-510da88f1e08:192.168.157.203:43163], old=null
2019-10-16 11:36:19,903 [a3132885-145f-4a8c-85f4-c10eb874732d@group-2077DD483DC7-LeaderElection499] INFO  impl.LeaderElection (LeaderElection.java:logAndReturn(56)) - a3132885-145f-4a8c-85f4-c10eb874732d@group-2077DD483DC7-LeaderElection499: Election TIMEOUT; received 0 response(s) [] and 0 exception(s); a3132885-145f-4a8c-85f4-c10eb874732d@group-2077DD483DC7:t326, leader=null, voted=a3132885-145f-4a8c-85f4-c10eb874732d, raftlog=a3132885-145f-4a8c-85f4-c10eb874732d@group-2077DD483DC7-SegmentedRaftLog:OPENED:c-1,f-1,i0, conf=-1: [163587bb-2c3b-4498-b576-18147cf38274:192.168.157.203:33208, a3132885-145f-4a8c-85f4-c10eb874732d:192.168.157.203:46766, 70b633f6-b230-4b9f-87f3-510da88f1e08:192.168.157.203:43163], old=null
2019-10-16 11:36:19,920 [a3132885-145f-4a8c-85f4-c10eb874732d@group-2077DD483DC7-LeaderElection499] INFO  impl.LeaderElection (LeaderElection.java:askForVotes(178)) - a3132885-145f-4a8c-85f4-c10eb874732d@group-2077DD483DC7-LeaderElection499: begin an election at term 327 for -1: [163587bb-2c3b-4498-b576-18147cf38274:192.168.157.203:33208, a3132885-145f-4a8c-85f4-c10eb874732d:192.168.157.203:46766, 70b633f6-b230-4b9f-87f3-510da88f1e08:192.168.157.203:43163], old=null
2019-10-16 11:36:19,920 [a3132885-145f-4a8c-85f4-c10eb874732d@group-2077DD483DC7-LeaderElection499] INFO  impl.LeaderElection (LogUtils.java:infoOrTrace(149)) - a3132885-145f-4a8c-85f4-c10eb874732d@group-2077DD483DC7-LeaderElection499 got exception when requesting votes: {}
java.util.concurrent.ExecutionException: org.apache.ratis.thirdparty.io.grpc.StatusRuntimeException: UNAVAILABLE: io exception
	at java.util.concurrent.FutureTask.report(FutureTask.java:122)
	at java.util.concurrent.FutureTask.get(FutureTask.java:192)
	at org.apache.ratis.server.impl.LeaderElection.waitForResults(LeaderElection.java:259)
	at org.apache.ratis.server.impl.LeaderElection.askForVotes(LeaderElection.java:197)
	at org.apache.ratis.server.impl.LeaderElection.run(LeaderElection.java:133)
	at java.lang.Thread.run(Thread.java:748)
Caused by: org.apache.ratis.thirdparty.io.grpc.StatusRuntimeException: UNAVAILABLE: io exception
	at org.apache.ratis.thirdparty.io.grpc.stub.ClientCalls.toStatusRuntimeException(ClientCalls.java:233)
	at org.apache.ratis.thirdparty.io.grpc.stub.ClientCalls.getUnchecked(ClientCalls.java:214)
	at org.apache.ratis.thirdparty.io.grpc.stub.ClientCalls.blockingUnaryCall(ClientCalls.java:139)
	at org.apache.ratis.proto.grpc.RaftServerProtocolServiceGrpc$RaftServerProtocolServiceBlockingStub.requestVote(RaftServerProtocolServiceGrpc.java:265)
	at org.apache.ratis.grpc.server.GrpcServerProtocolClient.requestVote(GrpcServerProtocolClient.java:99)
	at org.apache.ratis.grpc.server.GrpcService.requestVote(GrpcService.java:204)
	at org.apache.ratis.server.impl.LeaderElection.lambda$submitRequests$1(LeaderElection.java:234)
	at java.util.concurrent.FutureTask.run(FutureTask.java:266)
	at java.util.concurrent.Executors$RunnableAdapter.call(Executors.java:511)
	at java.util.concurrent.FutureTask.run(FutureTask.java:266)
	at java.util.concurrent.ThreadPoolExecutor.runWorker(ThreadPoolExecutor.java:1149)
	at java.util.concurrent.ThreadPoolExecutor$Worker.run(ThreadPoolExecutor.java:624)
	... 1 more
Caused by: org.apache.ratis.thirdparty.io.netty.channel.AbstractChannel$AnnotatedConnectException: Connection refused: /192.168.157.203:33208
	at sun.nio.ch.SocketChannelImpl.checkConnect(Native Method)
	at sun.nio.ch.SocketChannelImpl.finishConnect(SocketChannelImpl.java:717)
	at org.apache.ratis.thirdparty.io.netty.channel.socket.nio.NioSocketChannel.doFinishConnect(NioSocketChannel.java:327)
	at org.apache.ratis.thirdparty.io.netty.channel.nio.AbstractNioChannel$AbstractNioUnsafe.finishConnect(AbstractNioChannel.java:340)
	at org.apache.ratis.thirdparty.io.netty.channel.nio.NioEventLoop.processSelectedKey(NioEventLoop.java:632)
	at org.apache.ratis.thirdparty.io.netty.channel.nio.NioEventLoop.processSelectedKeysOptimized(NioEventLoop.java:579)
	at org.apache.ratis.thirdparty.io.netty.channel.nio.NioEventLoop.processSelectedKeys(NioEventLoop.java:496)
	at org.apache.ratis.thirdparty.io.netty.channel.nio.NioEventLoop.run(NioEventLoop.java:458)
	at org.apache.ratis.thirdparty.io.netty.util.concurrent.SingleThreadEventExecutor$5.run(SingleThreadEventExecutor.java:897)
	at org.apache.ratis.thirdparty.io.netty.util.concurrent.FastThreadLocalRunnable.run(FastThreadLocalRunnable.java:30)
	... 1 more
Caused by: java.net.ConnectException: Connection refused
	... 11 more
2019-10-16 11:36:19,920 [a3132885-145f-4a8c-85f4-c10eb874732d@group-2077DD483DC7-LeaderElection499] INFO  impl.LeaderElection (LogUtils.java:infoOrTrace(149)) - a3132885-145f-4a8c-85f4-c10eb874732d@group-2077DD483DC7-LeaderElection499 got exception when requesting votes: {}
java.util.concurrent.ExecutionException: org.apache.ratis.thirdparty.io.grpc.StatusRuntimeException: UNAVAILABLE: io exception
	at java.util.concurrent.FutureTask.report(FutureTask.java:122)
	at java.util.concurrent.FutureTask.get(FutureTask.java:192)
	at org.apache.ratis.server.impl.LeaderElection.waitForResults(LeaderElection.java:259)
	at org.apache.ratis.server.impl.LeaderElection.askForVotes(LeaderElection.java:197)
	at org.apache.ratis.server.impl.LeaderElection.run(LeaderElection.java:133)
	at java.lang.Thread.run(Thread.java:748)
Caused by: org.apache.ratis.thirdparty.io.grpc.StatusRuntimeException: UNAVAILABLE: io exception
	at org.apache.ratis.thirdparty.io.grpc.stub.ClientCalls.toStatusRuntimeException(ClientCalls.java:233)
	at org.apache.ratis.thirdparty.io.grpc.stub.ClientCalls.getUnchecked(ClientCalls.java:214)
	at org.apache.ratis.thirdparty.io.grpc.stub.ClientCalls.blockingUnaryCall(ClientCalls.java:139)
	at org.apache.ratis.proto.grpc.RaftServerProtocolServiceGrpc$RaftServerProtocolServiceBlockingStub.requestVote(RaftServerProtocolServiceGrpc.java:265)
	at org.apache.ratis.grpc.server.GrpcServerProtocolClient.requestVote(GrpcServerProtocolClient.java:99)
	at org.apache.ratis.grpc.server.GrpcService.requestVote(GrpcService.java:204)
	at org.apache.ratis.server.impl.LeaderElection.lambda$submitRequests$1(LeaderElection.java:234)
	at java.util.concurrent.FutureTask.run(FutureTask.java:266)
	at java.util.concurrent.Executors$RunnableAdapter.call(Executors.java:511)
	at java.util.concurrent.FutureTask.run(FutureTask.java:266)
	at java.util.concurrent.ThreadPoolExecutor.runWorker(ThreadPoolExecutor.java:1149)
	at java.util.concurrent.ThreadPoolExecutor$Worker.run(ThreadPoolExecutor.java:624)
	... 1 more
Caused by: org.apache.ratis.thirdparty.io.netty.channel.AbstractChannel$AnnotatedConnectException: Connection refused: /192.168.157.203:43163
	at sun.nio.ch.SocketChannelImpl.checkConnect(Native Method)
	at sun.nio.ch.SocketChannelImpl.finishConnect(SocketChannelImpl.java:717)
	at org.apache.ratis.thirdparty.io.netty.channel.socket.nio.NioSocketChannel.doFinishConnect(NioSocketChannel.java:327)
	at org.apache.ratis.thirdparty.io.netty.channel.nio.AbstractNioChannel$AbstractNioUnsafe.finishConnect(AbstractNioChannel.java:340)
	at org.apache.ratis.thirdparty.io.netty.channel.nio.NioEventLoop.processSelectedKey(NioEventLoop.java:632)
	at org.apache.ratis.thirdparty.io.netty.channel.nio.NioEventLoop.processSelectedKeysOptimized(NioEventLoop.java:579)
	at org.apache.ratis.thirdparty.io.netty.channel.nio.NioEventLoop.processSelectedKeys(NioEventLoop.java:496)
	at org.apache.ratis.thirdparty.io.netty.channel.nio.NioEventLoop.run(NioEventLoop.java:458)
	at org.apache.ratis.thirdparty.io.netty.util.concurrent.SingleThreadEventExecutor$5.run(SingleThreadEventExecutor.java:897)
	at org.apache.ratis.thirdparty.io.netty.util.concurrent.FastThreadLocalRunnable.run(FastThreadLocalRunnable.java:30)
	... 1 more
Caused by: java.net.ConnectException: Connection refused
	... 11 more
2019-10-16 11:36:19,921 [a3132885-145f-4a8c-85f4-c10eb874732d@group-2077DD483DC7-LeaderElection499] INFO  impl.LeaderElection (LeaderElection.java:logAndReturn(56)) - a3132885-145f-4a8c-85f4-c10eb874732d@group-2077DD483DC7-LeaderElection499: Election REJECTED; received 0 response(s) [] and 2 exception(s); a3132885-145f-4a8c-85f4-c10eb874732d@group-2077DD483DC7:t327, leader=null, voted=a3132885-145f-4a8c-85f4-c10eb874732d, raftlog=a3132885-145f-4a8c-85f4-c10eb874732d@group-2077DD483DC7-SegmentedRaftLog:OPENED:c-1,f-1,i0, conf=-1: [163587bb-2c3b-4498-b576-18147cf38274:192.168.157.203:33208, a3132885-145f-4a8c-85f4-c10eb874732d:192.168.157.203:46766, 70b633f6-b230-4b9f-87f3-510da88f1e08:192.168.157.203:43163], old=null
2019-10-16 11:36:19,921 [a3132885-145f-4a8c-85f4-c10eb874732d@group-2077DD483DC7-LeaderElection499] INFO  impl.LeaderElection (LogUtils.java:infoOrTrace(149)) -   Exception 0: {}
java.util.concurrent.ExecutionException: org.apache.ratis.thirdparty.io.grpc.StatusRuntimeException: UNAVAILABLE: io exception
	at java.util.concurrent.FutureTask.report(FutureTask.java:122)
	at java.util.concurrent.FutureTask.get(FutureTask.java:192)
	at org.apache.ratis.server.impl.LeaderElection.waitForResults(LeaderElection.java:259)
	at org.apache.ratis.server.impl.LeaderElection.askForVotes(LeaderElection.java:197)
	at org.apache.ratis.server.impl.LeaderElection.run(LeaderElection.java:133)
	at java.lang.Thread.run(Thread.java:748)
Caused by: org.apache.ratis.thirdparty.io.grpc.StatusRuntimeException: UNAVAILABLE: io exception
	at org.apache.ratis.thirdparty.io.grpc.stub.ClientCalls.toStatusRuntimeException(ClientCalls.java:233)
	at org.apache.ratis.thirdparty.io.grpc.stub.ClientCalls.getUnchecked(ClientCalls.java:214)
	at org.apache.ratis.thirdparty.io.grpc.stub.ClientCalls.blockingUnaryCall(ClientCalls.java:139)
	at org.apache.ratis.proto.grpc.RaftServerProtocolServiceGrpc$RaftServerProtocolServiceBlockingStub.requestVote(RaftServerProtocolServiceGrpc.java:265)
	at org.apache.ratis.grpc.server.GrpcServerProtocolClient.requestVote(GrpcServerProtocolClient.java:99)
	at org.apache.ratis.grpc.server.GrpcService.requestVote(GrpcService.java:204)
	at org.apache.ratis.server.impl.LeaderElection.lambda$submitRequests$1(LeaderElection.java:234)
	at java.util.concurrent.FutureTask.run(FutureTask.java:266)
	at java.util.concurrent.Executors$RunnableAdapter.call(Executors.java:511)
	at java.util.concurrent.FutureTask.run(FutureTask.java:266)
	at java.util.concurrent.ThreadPoolExecutor.runWorker(ThreadPoolExecutor.java:1149)
	at java.util.concurrent.ThreadPoolExecutor$Worker.run(ThreadPoolExecutor.java:624)
	... 1 more
Caused by: org.apache.ratis.thirdparty.io.netty.channel.AbstractChannel$AnnotatedConnectException: Connection refused: /192.168.157.203:33208
	at sun.nio.ch.SocketChannelImpl.checkConnect(Native Method)
	at sun.nio.ch.SocketChannelImpl.finishConnect(SocketChannelImpl.java:717)
	at org.apache.ratis.thirdparty.io.netty.channel.socket.nio.NioSocketChannel.doFinishConnect(NioSocketChannel.java:327)
	at org.apache.ratis.thirdparty.io.netty.channel.nio.AbstractNioChannel$AbstractNioUnsafe.finishConnect(AbstractNioChannel.java:340)
	at org.apache.ratis.thirdparty.io.netty.channel.nio.NioEventLoop.processSelectedKey(NioEventLoop.java:632)
	at org.apache.ratis.thirdparty.io.netty.channel.nio.NioEventLoop.processSelectedKeysOptimized(NioEventLoop.java:579)
	at org.apache.ratis.thirdparty.io.netty.channel.nio.NioEventLoop.processSelectedKeys(NioEventLoop.java:496)
	at org.apache.ratis.thirdparty.io.netty.channel.nio.NioEventLoop.run(NioEventLoop.java:458)
	at org.apache.ratis.thirdparty.io.netty.util.concurrent.SingleThreadEventExecutor$5.run(SingleThreadEventExecutor.java:897)
	at org.apache.ratis.thirdparty.io.netty.util.concurrent.FastThreadLocalRunnable.run(FastThreadLocalRunnable.java:30)
	... 1 more
Caused by: java.net.ConnectException: Connection refused
	... 11 more
2019-10-16 11:36:19,921 [a3132885-145f-4a8c-85f4-c10eb874732d@group-2077DD483DC7-LeaderElection499] INFO  impl.LeaderElection (LogUtils.java:infoOrTrace(149)) -   Exception 1: {}
java.util.concurrent.ExecutionException: org.apache.ratis.thirdparty.io.grpc.StatusRuntimeException: UNAVAILABLE: io exception
	at java.util.concurrent.FutureTask.report(FutureTask.java:122)
	at java.util.concurrent.FutureTask.get(FutureTask.java:192)
	at org.apache.ratis.server.impl.LeaderElection.waitForResults(LeaderElection.java:259)
	at org.apache.ratis.server.impl.LeaderElection.askForVotes(LeaderElection.java:197)
	at org.apache.ratis.server.impl.LeaderElection.run(LeaderElection.java:133)
	at java.lang.Thread.run(Thread.java:748)
Caused by: org.apache.ratis.thirdparty.io.grpc.StatusRuntimeException: UNAVAILABLE: io exception
	at org.apache.ratis.thirdparty.io.grpc.stub.ClientCalls.toStatusRuntimeException(ClientCalls.java:233)
	at org.apache.ratis.thirdparty.io.grpc.stub.ClientCalls.getUnchecked(ClientCalls.java:214)
	at org.apache.ratis.thirdparty.io.grpc.stub.ClientCalls.blockingUnaryCall(ClientCalls.java:139)
	at org.apache.ratis.proto.grpc.RaftServerProtocolServiceGrpc$RaftServerProtocolServiceBlockingStub.requestVote(RaftServerProtocolServiceGrpc.java:265)
	at org.apache.ratis.grpc.server.GrpcServerProtocolClient.requestVote(GrpcServerProtocolClient.java:99)
	at org.apache.ratis.grpc.server.GrpcService.requestVote(GrpcService.java:204)
	at org.apache.ratis.server.impl.LeaderElection.lambda$submitRequests$1(LeaderElection.java:234)
	at java.util.concurrent.FutureTask.run(FutureTask.java:266)
	at java.util.concurrent.Executors$RunnableAdapter.call(Executors.java:511)
	at java.util.concurrent.FutureTask.run(FutureTask.java:266)
	at java.util.concurrent.ThreadPoolExecutor.runWorker(ThreadPoolExecutor.java:1149)
	at java.util.concurrent.ThreadPoolExecutor$Worker.run(ThreadPoolExecutor.java:624)
	... 1 more
Caused by: org.apache.ratis.thirdparty.io.netty.channel.AbstractChannel$AnnotatedConnectException: Connection refused: /192.168.157.203:43163
	at sun.nio.ch.SocketChannelImpl.checkConnect(Native Method)
	at sun.nio.ch.SocketChannelImpl.finishConnect(SocketChannelImpl.java:717)
	at org.apache.ratis.thirdparty.io.netty.channel.socket.nio.NioSocketChannel.doFinishConnect(NioSocketChannel.java:327)
	at org.apache.ratis.thirdparty.io.netty.channel.nio.AbstractNioChannel$AbstractNioUnsafe.finishConnect(AbstractNioChannel.java:340)
	at org.apache.ratis.thirdparty.io.netty.channel.nio.NioEventLoop.processSelectedKey(NioEventLoop.java:632)
	at org.apache.ratis.thirdparty.io.netty.channel.nio.NioEventLoop.processSelectedKeysOptimized(NioEventLoop.java:579)
	at org.apache.ratis.thirdparty.io.netty.channel.nio.NioEventLoop.processSelectedKeys(NioEventLoop.java:496)
	at org.apache.ratis.thirdparty.io.netty.channel.nio.NioEventLoop.run(NioEventLoop.java:458)
	at org.apache.ratis.thirdparty.io.netty.util.concurrent.SingleThreadEventExecutor$5.run(SingleThreadEventExecutor.java:897)
	at org.apache.ratis.thirdparty.io.netty.util.concurrent.FastThreadLocalRunnable.run(FastThreadLocalRunnable.java:30)
	... 1 more
Caused by: java.net.ConnectException: Connection refused
	... 11 more
2019-10-16 11:36:19,921 [a3132885-145f-4a8c-85f4-c10eb874732d@group-2077DD483DC7-LeaderElection499] INFO  impl.RaftServerImpl (RaftServerImpl.java:setRole(184)) - a3132885-145f-4a8c-85f4-c10eb874732d@group-2077DD483DC7: changes role from CANDIDATE to FOLLOWER at term 327 for DISCOVERED_A_NEW_TERM
2019-10-16 11:36:19,921 [a3132885-145f-4a8c-85f4-c10eb874732d@group-2077DD483DC7-LeaderElection499] INFO  impl.RoleInfo (RoleInfo.java:shutdownLeaderElection(134)) - a3132885-145f-4a8c-85f4-c10eb874732d: shutdown LeaderElection
2019-10-16 11:36:19,922 [a3132885-145f-4a8c-85f4-c10eb874732d@group-2077DD483DC7-LeaderElection499] INFO  impl.RoleInfo (RoleInfo.java:updateAndGet(143)) - a3132885-145f-4a8c-85f4-c10eb874732d: start FollowerState
2019-10-16 11:36:19,996 [java.util.concurrent.ThreadPoolExecutor$Worker@1a001f89[State = -1, empty queue]] WARN  server.GrpcLogAppender (GrpcLogAppender.java:timeoutAppendRequest(209)) - 5c445d34-c031-481c-9d4b-8fbace1f61b8@group-8BBDE5791A04->857fec05-692a-4d09-bf1c-7d167682feae-GrpcLogAppender: appendEntries Timeout, request=5c445d34-c031-481c-9d4b-8fbace1f61b8->857fec05-692a-4d09-bf1c-7d167682feae#95-t6, previous=(t:6, i:21), leaderCommit=21, initializing? false, entries: <empty>
2019-10-16 11:36:20,092 [Thread-3671] INFO  impl.FollowerState (FollowerState.java:run(108)) - a3132885-145f-4a8c-85f4-c10eb874732d@group-2077DD483DC7-FollowerState: change to CANDIDATE, lastRpcTime:170ms, electionTimeout:170ms
2019-10-16 11:36:20,092 [Thread-3671] INFO  impl.RoleInfo (RoleInfo.java:shutdownFollowerState(121)) - a3132885-145f-4a8c-85f4-c10eb874732d: shutdown FollowerState
2019-10-16 11:36:20,092 [Thread-3671] INFO  impl.RaftServerImpl (RaftServerImpl.java:setRole(184)) - a3132885-145f-4a8c-85f4-c10eb874732d@group-2077DD483DC7: changes role from  FOLLOWER to CANDIDATE at term 327 for changeToCandidate
2019-10-16 11:36:20,092 [Thread-3671] INFO  impl.RoleInfo (RoleInfo.java:updateAndGet(143)) - a3132885-145f-4a8c-85f4-c10eb874732d: start LeaderElection
2019-10-16 11:36:20,398 [a3132885-145f-4a8c-85f4-c10eb874732d@group-2077DD483DC7-LeaderElection500] INFO  impl.LeaderElection (LeaderElection.java:askForVotes(178)) - a3132885-145f-4a8c-85f4-c10eb874732d@group-2077DD483DC7-LeaderElection500: begin an election at term 328 for -1: [163587bb-2c3b-4498-b576-18147cf38274:192.168.157.203:33208, a3132885-145f-4a8c-85f4-c10eb874732d:192.168.157.203:46766, 70b633f6-b230-4b9f-87f3-510da88f1e08:192.168.157.203:43163], old=null
2019-10-16 11:36:20,399 [a3132885-145f-4a8c-85f4-c10eb874732d@group-2077DD483DC7-LeaderElection500] INFO  impl.LeaderElection (LogUtils.java:infoOrTrace(149)) - a3132885-145f-4a8c-85f4-c10eb874732d@group-2077DD483DC7-LeaderElection500 got exception when requesting votes: {}
java.util.concurrent.ExecutionException: org.apache.ratis.thirdparty.io.grpc.StatusRuntimeException: UNAVAILABLE: io exception
	at java.util.concurrent.FutureTask.report(FutureTask.java:122)
	at java.util.concurrent.FutureTask.get(FutureTask.java:192)
	at org.apache.ratis.server.impl.LeaderElection.waitForResults(LeaderElection.java:259)
	at org.apache.ratis.server.impl.LeaderElection.askForVotes(LeaderElection.java:197)
	at org.apache.ratis.server.impl.LeaderElection.run(LeaderElection.java:133)
	at java.lang.Thread.run(Thread.java:748)
Caused by: org.apache.ratis.thirdparty.io.grpc.StatusRuntimeException: UNAVAILABLE: io exception
	at org.apache.ratis.thirdparty.io.grpc.stub.ClientCalls.toStatusRuntimeException(ClientCalls.java:233)
	at org.apache.ratis.thirdparty.io.grpc.stub.ClientCalls.getUnchecked(ClientCalls.java:214)
	at org.apache.ratis.thirdparty.io.grpc.stub.ClientCalls.blockingUnaryCall(ClientCalls.java:139)
	at org.apache.ratis.proto.grpc.RaftServerProtocolServiceGrpc$RaftServerProtocolServiceBlockingStub.requestVote(RaftServerProtocolServiceGrpc.java:265)
	at org.apache.ratis.grpc.server.GrpcServerProtocolClient.requestVote(GrpcServerProtocolClient.java:99)
	at org.apache.ratis.grpc.server.GrpcService.requestVote(GrpcService.java:204)
	at org.apache.ratis.server.impl.LeaderElection.lambda$submitRequests$1(LeaderElection.java:234)
	at java.util.concurrent.FutureTask.run(FutureTask.java:266)
	at java.util.concurrent.Executors$RunnableAdapter.call(Executors.java:511)
	at java.util.concurrent.FutureTask.run(FutureTask.java:266)
	at java.util.concurrent.ThreadPoolExecutor.runWorker(ThreadPoolExecutor.java:1149)
	at java.util.concurrent.ThreadPoolExecutor$Worker.run(ThreadPoolExecutor.java:624)
	... 1 more
Caused by: org.apache.ratis.thirdparty.io.netty.channel.AbstractChannel$AnnotatedConnectException: Connection refused: /192.168.157.203:43163
	at sun.nio.ch.SocketChannelImpl.checkConnect(Native Method)
	at sun.nio.ch.SocketChannelImpl.finishConnect(SocketChannelImpl.java:717)
	at org.apache.ratis.thirdparty.io.netty.channel.socket.nio.NioSocketChannel.doFinishConnect(NioSocketChannel.java:327)
	at org.apache.ratis.thirdparty.io.netty.channel.nio.AbstractNioChannel$AbstractNioUnsafe.finishConnect(AbstractNioChannel.java:340)
	at org.apache.ratis.thirdparty.io.netty.channel.nio.NioEventLoop.processSelectedKey(NioEventLoop.java:632)
	at org.apache.ratis.thirdparty.io.netty.channel.nio.NioEventLoop.processSelectedKeysOptimized(NioEventLoop.java:579)
	at org.apache.ratis.thirdparty.io.netty.channel.nio.NioEventLoop.processSelectedKeys(NioEventLoop.java:496)
	at org.apache.ratis.thirdparty.io.netty.channel.nio.NioEventLoop.run(NioEventLoop.java:458)
	at org.apache.ratis.thirdparty.io.netty.util.concurrent.SingleThreadEventExecutor$5.run(SingleThreadEventExecutor.java:897)
	at org.apache.ratis.thirdparty.io.netty.util.concurrent.FastThreadLocalRunnable.run(FastThreadLocalRunnable.java:30)
	... 1 more
Caused by: java.net.ConnectException: Connection refused
	... 11 more
2019-10-16 11:36:20,399 [a3132885-145f-4a8c-85f4-c10eb874732d@group-2077DD483DC7-LeaderElection500] INFO  impl.LeaderElection (LogUtils.java:infoOrTrace(149)) - a3132885-145f-4a8c-85f4-c10eb874732d@group-2077DD483DC7-LeaderElection500 got exception when requesting votes: {}
java.util.concurrent.ExecutionException: org.apache.ratis.thirdparty.io.grpc.StatusRuntimeException: UNAVAILABLE: io exception
	at java.util.concurrent.FutureTask.report(FutureTask.java:122)
	at java.util.concurrent.FutureTask.get(FutureTask.java:192)
	at org.apache.ratis.server.impl.LeaderElection.waitForResults(LeaderElection.java:259)
	at org.apache.ratis.server.impl.LeaderElection.askForVotes(LeaderElection.java:197)
	at org.apache.ratis.server.impl.LeaderElection.run(LeaderElection.java:133)
	at java.lang.Thread.run(Thread.java:748)
Caused by: org.apache.ratis.thirdparty.io.grpc.StatusRuntimeException: UNAVAILABLE: io exception
	at org.apache.ratis.thirdparty.io.grpc.stub.ClientCalls.toStatusRuntimeException(ClientCalls.java:233)
	at org.apache.ratis.thirdparty.io.grpc.stub.ClientCalls.getUnchecked(ClientCalls.java:214)
	at org.apache.ratis.thirdparty.io.grpc.stub.ClientCalls.blockingUnaryCall(ClientCalls.java:139)
	at org.apache.ratis.proto.grpc.RaftServerProtocolServiceGrpc$RaftServerProtocolServiceBlockingStub.requestVote(RaftServerProtocolServiceGrpc.java:265)
	at org.apache.ratis.grpc.server.GrpcServerProtocolClient.requestVote(GrpcServerProtocolClient.java:99)
	at org.apache.ratis.grpc.server.GrpcService.requestVote(GrpcService.java:204)
	at org.apache.ratis.server.impl.LeaderElection.lambda$submitRequests$1(LeaderElection.java:234)
	at java.util.concurrent.FutureTask.run(FutureTask.java:266)
	at java.util.concurrent.Executors$RunnableAdapter.call(Executors.java:511)
	at java.util.concurrent.FutureTask.run(FutureTask.java:266)
	at java.util.concurrent.ThreadPoolExecutor.runWorker(ThreadPoolExecutor.java:1149)
	at java.util.concurrent.ThreadPoolExecutor$Worker.run(ThreadPoolExecutor.java:624)
	... 1 more
Caused by: org.apache.ratis.thirdparty.io.netty.channel.AbstractChannel$AnnotatedConnectException: Connection refused: /192.168.157.203:33208
	at sun.nio.ch.SocketChannelImpl.checkConnect(Native Method)
	at sun.nio.ch.SocketChannelImpl.finishConnect(SocketChannelImpl.java:717)
	at org.apache.ratis.thirdparty.io.netty.channel.socket.nio.NioSocketChannel.doFinishConnect(NioSocketChannel.java:327)
	at org.apache.ratis.thirdparty.io.netty.channel.nio.AbstractNioChannel$AbstractNioUnsafe.finishConnect(AbstractNioChannel.java:340)
	at org.apache.ratis.thirdparty.io.netty.channel.nio.NioEventLoop.processSelectedKey(NioEventLoop.java:632)
	at org.apache.ratis.thirdparty.io.netty.channel.nio.NioEventLoop.processSelectedKeysOptimized(NioEventLoop.java:579)
	at org.apache.ratis.thirdparty.io.netty.channel.nio.NioEventLoop.processSelectedKeys(NioEventLoop.java:496)
	at org.apache.ratis.thirdparty.io.netty.channel.nio.NioEventLoop.run(NioEventLoop.java:458)
	at org.apache.ratis.thirdparty.io.netty.util.concurrent.SingleThreadEventExecutor$5.run(SingleThreadEventExecutor.java:897)
	at org.apache.ratis.thirdparty.io.netty.util.concurrent.FastThreadLocalRunnable.run(FastThreadLocalRunnable.java:30)
	... 1 more
Caused by: java.net.ConnectException: Connection refused
	... 11 more
2019-10-16 11:36:20,400 [a3132885-145f-4a8c-85f4-c10eb874732d@group-2077DD483DC7-LeaderElection500] INFO  impl.LeaderElection (LeaderElection.java:logAndReturn(56)) - a3132885-145f-4a8c-85f4-c10eb874732d@group-2077DD483DC7-LeaderElection500: Election REJECTED; received 0 response(s) [] and 2 exception(s); a3132885-145f-4a8c-85f4-c10eb874732d@group-2077DD483DC7:t328, leader=null, voted=a3132885-145f-4a8c-85f4-c10eb874732d, raftlog=a3132885-145f-4a8c-85f4-c10eb874732d@group-2077DD483DC7-SegmentedRaftLog:OPENED:c-1,f-1,i0, conf=-1: [163587bb-2c3b-4498-b576-18147cf38274:192.168.157.203:33208, a3132885-145f-4a8c-85f4-c10eb874732d:192.168.157.203:46766, 70b633f6-b230-4b9f-87f3-510da88f1e08:192.168.157.203:43163], old=null
2019-10-16 11:36:20,400 [a3132885-145f-4a8c-85f4-c10eb874732d@group-2077DD483DC7-LeaderElection500] INFO  impl.LeaderElection (LogUtils.java:infoOrTrace(149)) -   Exception 0: {}
java.util.concurrent.ExecutionException: org.apache.ratis.thirdparty.io.grpc.StatusRuntimeException: UNAVAILABLE: io exception
	at java.util.concurrent.FutureTask.report(FutureTask.java:122)
	at java.util.concurrent.FutureTask.get(FutureTask.java:192)
	at org.apache.ratis.server.impl.LeaderElection.waitForResults(LeaderElection.java:259)
	at org.apache.ratis.server.impl.LeaderElection.askForVotes(LeaderElection.java:197)
	at org.apache.ratis.server.impl.LeaderElection.run(LeaderElection.java:133)
	at java.lang.Thread.run(Thread.java:748)
Caused by: org.apache.ratis.thirdparty.io.grpc.StatusRuntimeException: UNAVAILABLE: io exception
	at org.apache.ratis.thirdparty.io.grpc.stub.ClientCalls.toStatusRuntimeException(ClientCalls.java:233)
	at org.apache.ratis.thirdparty.io.grpc.stub.ClientCalls.getUnchecked(ClientCalls.java:214)
	at org.apache.ratis.thirdparty.io.grpc.stub.ClientCalls.blockingUnaryCall(ClientCalls.java:139)
	at org.apache.ratis.proto.grpc.RaftServerProtocolServiceGrpc$RaftServerProtocolServiceBlockingStub.requestVote(RaftServerProtocolServiceGrpc.java:265)
	at org.apache.ratis.grpc.server.GrpcServerProtocolClient.requestVote(GrpcServerProtocolClient.java:99)
	at org.apache.ratis.grpc.server.GrpcService.requestVote(GrpcService.java:204)
	at org.apache.ratis.server.impl.LeaderElection.lambda$submitRequests$1(LeaderElection.java:234)
	at java.util.concurrent.FutureTask.run(FutureTask.java:266)
	at java.util.concurrent.Executors$RunnableAdapter.call(Executors.java:511)
	at java.util.concurrent.FutureTask.run(FutureTask.java:266)
	at java.util.concurrent.ThreadPoolExecutor.runWorker(ThreadPoolExecutor.java:1149)
	at java.util.concurrent.ThreadPoolExecutor$Worker.run(ThreadPoolExecutor.java:624)
	... 1 more
Caused by: org.apache.ratis.thirdparty.io.netty.channel.AbstractChannel$AnnotatedConnectException: Connection refused: /192.168.157.203:43163
	at sun.nio.ch.SocketChannelImpl.checkConnect(Native Method)
	at sun.nio.ch.SocketChannelImpl.finishConnect(SocketChannelImpl.java:717)
	at org.apache.ratis.thirdparty.io.netty.channel.socket.nio.NioSocketChannel.doFinishConnect(NioSocketChannel.java:327)
	at org.apache.ratis.thirdparty.io.netty.channel.nio.AbstractNioChannel$AbstractNioUnsafe.finishConnect(AbstractNioChannel.java:340)
	at org.apache.ratis.thirdparty.io.netty.channel.nio.NioEventLoop.processSelectedKey(NioEventLoop.java:632)
	at org.apache.ratis.thirdparty.io.netty.channel.nio.NioEventLoop.processSelectedKeysOptimized(NioEventLoop.java:579)
	at org.apache.ratis.thirdparty.io.netty.channel.nio.NioEventLoop.processSelectedKeys(NioEventLoop.java:496)
	at org.apache.ratis.thirdparty.io.netty.channel.nio.NioEventLoop.run(NioEventLoop.java:458)
	at org.apache.ratis.thirdparty.io.netty.util.concurrent.SingleThreadEventExecutor$5.run(SingleThreadEventExecutor.java:897)
	at org.apache.ratis.thirdparty.io.netty.util.concurrent.FastThreadLocalRunnable.run(FastThreadLocalRunnable.java:30)
	... 1 more
Caused by: java.net.ConnectException: Connection refused
	... 11 more
2019-10-16 11:36:20,401 [a3132885-145f-4a8c-85f4-c10eb874732d@group-2077DD483DC7-LeaderElection500] INFO  impl.LeaderElection (LogUtils.java:infoOrTrace(149)) -   Exception 1: {}
java.util.concurrent.ExecutionException: org.apache.ratis.thirdparty.io.grpc.StatusRuntimeException: UNAVAILABLE: io exception
	at java.util.concurrent.FutureTask.report(FutureTask.java:122)
	at java.util.concurrent.FutureTask.get(FutureTask.java:192)
	at org.apache.ratis.server.impl.LeaderElection.waitForResults(LeaderElection.java:259)
	at org.apache.ratis.server.impl.LeaderElection.askForVotes(LeaderElection.java:197)
	at org.apache.ratis.server.impl.LeaderElection.run(LeaderElection.java:133)
	at java.lang.Thread.run(Thread.java:748)
Caused by: org.apache.ratis.thirdparty.io.grpc.StatusRuntimeException: UNAVAILABLE: io exception
	at org.apache.ratis.thirdparty.io.grpc.stub.ClientCalls.toStatusRuntimeException(ClientCalls.java:233)
	at org.apache.ratis.thirdparty.io.grpc.stub.ClientCalls.getUnchecked(ClientCalls.java:214)
	at org.apache.ratis.thirdparty.io.grpc.stub.ClientCalls.blockingUnaryCall(ClientCalls.java:139)
	at org.apache.ratis.proto.grpc.RaftServerProtocolServiceGrpc$RaftServerProtocolServiceBlockingStub.requestVote(RaftServerProtocolServiceGrpc.java:265)
	at org.apache.ratis.grpc.server.GrpcServerProtocolClient.requestVote(GrpcServerProtocolClient.java:99)
	at org.apache.ratis.grpc.server.GrpcService.requestVote(GrpcService.java:204)
	at org.apache.ratis.server.impl.LeaderElection.lambda$submitRequests$1(LeaderElection.java:234)
	at java.util.concurrent.FutureTask.run(FutureTask.java:266)
	at java.util.concurrent.Executors$RunnableAdapter.call(Executors.java:511)
	at java.util.concurrent.FutureTask.run(FutureTask.java:266)
	at java.util.concurrent.ThreadPoolExecutor.runWorker(ThreadPoolExecutor.java:1149)
	at java.util.concurrent.ThreadPoolExecutor$Worker.run(ThreadPoolExecutor.java:624)
	... 1 more
Caused by: org.apache.ratis.thirdparty.io.netty.channel.AbstractChannel$AnnotatedConnectException: Connection refused: /192.168.157.203:33208
	at sun.nio.ch.SocketChannelImpl.checkConnect(Native Method)
	at sun.nio.ch.SocketChannelImpl.finishConnect(SocketChannelImpl.java:717)
	at org.apache.ratis.thirdparty.io.netty.channel.socket.nio.NioSocketChannel.doFinishConnect(NioSocketChannel.java:327)
	at org.apache.ratis.thirdparty.io.netty.channel.nio.AbstractNioChannel$AbstractNioUnsafe.finishConnect(AbstractNioChannel.java:340)
	at org.apache.ratis.thirdparty.io.netty.channel.nio.NioEventLoop.processSelectedKey(NioEventLoop.java:632)
	at org.apache.ratis.thirdparty.io.netty.channel.nio.NioEventLoop.processSelectedKeysOptimized(NioEventLoop.java:579)
	at org.apache.ratis.thirdparty.io.netty.channel.nio.NioEventLoop.processSelectedKeys(NioEventLoop.java:496)
	at org.apache.ratis.thirdparty.io.netty.channel.nio.NioEventLoop.run(NioEventLoop.java:458)
	at org.apache.ratis.thirdparty.io.netty.util.concurrent.SingleThreadEventExecutor$5.run(SingleThreadEventExecutor.java:897)
	at org.apache.ratis.thirdparty.io.netty.util.concurrent.FastThreadLocalRunnable.run(FastThreadLocalRunnable.java:30)
	... 1 more
Caused by: java.net.ConnectException: Connection refused
	... 11 more
2019-10-16 11:36:20,401 [a3132885-145f-4a8c-85f4-c10eb874732d@group-2077DD483DC7-LeaderElection500] INFO  impl.RaftServerImpl (RaftServerImpl.java:setRole(184)) - a3132885-145f-4a8c-85f4-c10eb874732d@group-2077DD483DC7: changes role from CANDIDATE to FOLLOWER at term 328 for DISCOVERED_A_NEW_TERM
2019-10-16 11:36:20,401 [a3132885-145f-4a8c-85f4-c10eb874732d@group-2077DD483DC7-LeaderElection500] INFO  impl.RoleInfo (RoleInfo.java:shutdownLeaderElection(134)) - a3132885-145f-4a8c-85f4-c10eb874732d: shutdown LeaderElection
2019-10-16 11:36:20,401 [a3132885-145f-4a8c-85f4-c10eb874732d@group-2077DD483DC7-LeaderElection500] INFO  impl.RoleInfo (RoleInfo.java:updateAndGet(143)) - a3132885-145f-4a8c-85f4-c10eb874732d: start FollowerState
2019-10-16 11:36:20,497 [java.util.concurrent.ThreadPoolExecutor$Worker@1a001f89[State = -1, empty queue]] WARN  server.GrpcLogAppender (GrpcLogAppender.java:timeoutAppendRequest(209)) - 5c445d34-c031-481c-9d4b-8fbace1f61b8@group-8BBDE5791A04->857fec05-692a-4d09-bf1c-7d167682feae-GrpcLogAppender: appendEntries Timeout, request=5c445d34-c031-481c-9d4b-8fbace1f61b8->857fec05-692a-4d09-bf1c-7d167682feae#96-t6, previous=(t:6, i:21), leaderCommit=21, initializing? false, entries: <empty>
2019-10-16 11:36:20,548 [Thread-3675] INFO  impl.FollowerState (FollowerState.java:run(108)) - a3132885-145f-4a8c-85f4-c10eb874732d@group-2077DD483DC7-FollowerState: change to CANDIDATE, lastRpcTime:146ms, electionTimeout:146ms
2019-10-16 11:36:20,548 [Thread-3675] INFO  impl.RoleInfo (RoleInfo.java:shutdownFollowerState(121)) - a3132885-145f-4a8c-85f4-c10eb874732d: shutdown FollowerState
2019-10-16 11:36:20,548 [Thread-3675] INFO  impl.RaftServerImpl (RaftServerImpl.java:setRole(184)) - a3132885-145f-4a8c-85f4-c10eb874732d@group-2077DD483DC7: changes role from  FOLLOWER to CANDIDATE at term 328 for changeToCandidate
2019-10-16 11:36:20,548 [Thread-3675] INFO  impl.RoleInfo (RoleInfo.java:updateAndGet(143)) - a3132885-145f-4a8c-85f4-c10eb874732d: start LeaderElection
2019-10-16 11:36:20,556 [a3132885-145f-4a8c-85f4-c10eb874732d@group-2077DD483DC7-LeaderElection501] INFO  impl.LeaderElection (LeaderElection.java:askForVotes(178)) - a3132885-145f-4a8c-85f4-c10eb874732d@group-2077DD483DC7-LeaderElection501: begin an election at term 329 for -1: [163587bb-2c3b-4498-b576-18147cf38274:192.168.157.203:33208, a3132885-145f-4a8c-85f4-c10eb874732d:192.168.157.203:46766, 70b633f6-b230-4b9f-87f3-510da88f1e08:192.168.157.203:43163], old=null
2019-10-16 11:36:20,557 [a3132885-145f-4a8c-85f4-c10eb874732d@group-2077DD483DC7-LeaderElection501] INFO  impl.LeaderElection (LogUtils.java:infoOrTrace(149)) - a3132885-145f-4a8c-85f4-c10eb874732d@group-2077DD483DC7-LeaderElection501 got exception when requesting votes: {}
java.util.concurrent.ExecutionException: org.apache.ratis.thirdparty.io.grpc.StatusRuntimeException: UNAVAILABLE: io exception
	at java.util.concurrent.FutureTask.report(FutureTask.java:122)
	at java.util.concurrent.FutureTask.get(FutureTask.java:192)
	at org.apache.ratis.server.impl.LeaderElection.waitForResults(LeaderElection.java:259)
	at org.apache.ratis.server.impl.LeaderElection.askForVotes(LeaderElection.java:197)
	at org.apache.ratis.server.impl.LeaderElection.run(LeaderElection.java:133)
	at java.lang.Thread.run(Thread.java:748)
Caused by: org.apache.ratis.thirdparty.io.grpc.StatusRuntimeException: UNAVAILABLE: io exception
	at org.apache.ratis.thirdparty.io.grpc.stub.ClientCalls.toStatusRuntimeException(ClientCalls.java:233)
	at org.apache.ratis.thirdparty.io.grpc.stub.ClientCalls.getUnchecked(ClientCalls.java:214)
	at org.apache.ratis.thirdparty.io.grpc.stub.ClientCalls.blockingUnaryCall(ClientCalls.java:139)
	at org.apache.ratis.proto.grpc.RaftServerProtocolServiceGrpc$RaftServerProtocolServiceBlockingStub.requestVote(RaftServerProtocolServiceGrpc.java:265)
	at org.apache.ratis.grpc.server.GrpcServerProtocolClient.requestVote(GrpcServerProtocolClient.java:99)
	at org.apache.ratis.grpc.server.GrpcService.requestVote(GrpcService.java:204)
	at org.apache.ratis.server.impl.LeaderElection.lambda$submitRequests$1(LeaderElection.java:234)
	at java.util.concurrent.FutureTask.run(FutureTask.java:266)
	at java.util.concurrent.Executors$RunnableAdapter.call(Executors.java:511)
	at java.util.concurrent.FutureTask.run(FutureTask.java:266)
	at java.util.concurrent.ThreadPoolExecutor.runWorker(ThreadPoolExecutor.java:1149)
	at java.util.concurrent.ThreadPoolExecutor$Worker.run(ThreadPoolExecutor.java:624)
	... 1 more
Caused by: org.apache.ratis.thirdparty.io.netty.channel.AbstractChannel$AnnotatedConnectException: Connection refused: /192.168.157.203:43163
	at sun.nio.ch.SocketChannelImpl.checkConnect(Native Method)
	at sun.nio.ch.SocketChannelImpl.finishConnect(SocketChannelImpl.java:717)
	at org.apache.ratis.thirdparty.io.netty.channel.socket.nio.NioSocketChannel.doFinishConnect(NioSocketChannel.java:327)
	at org.apache.ratis.thirdparty.io.netty.channel.nio.AbstractNioChannel$AbstractNioUnsafe.finishConnect(AbstractNioChannel.java:340)
	at org.apache.ratis.thirdparty.io.netty.channel.nio.NioEventLoop.processSelectedKey(NioEventLoop.java:632)
	at org.apache.ratis.thirdparty.io.netty.channel.nio.NioEventLoop.processSelectedKeysOptimized(NioEventLoop.java:579)
	at org.apache.ratis.thirdparty.io.netty.channel.nio.NioEventLoop.processSelectedKeys(NioEventLoop.java:496)
	at org.apache.ratis.thirdparty.io.netty.channel.nio.NioEventLoop.run(NioEventLoop.java:458)
	at org.apache.ratis.thirdparty.io.netty.util.concurrent.SingleThreadEventExecutor$5.run(SingleThreadEventExecutor.java:897)
	at org.apache.ratis.thirdparty.io.netty.util.concurrent.FastThreadLocalRunnable.run(FastThreadLocalRunnable.java:30)
	... 1 more
Caused by: java.net.ConnectException: Connection refused
	... 11 more
2019-10-16 11:36:20,557 [a3132885-145f-4a8c-85f4-c10eb874732d@group-2077DD483DC7-LeaderElection501] INFO  impl.LeaderElection (LogUtils.java:infoOrTrace(149)) - a3132885-145f-4a8c-85f4-c10eb874732d@group-2077DD483DC7-LeaderElection501 got exception when requesting votes: {}
java.util.concurrent.ExecutionException: org.apache.ratis.thirdparty.io.grpc.StatusRuntimeException: UNAVAILABLE: io exception
	at java.util.concurrent.FutureTask.report(FutureTask.java:122)
	at java.util.concurrent.FutureTask.get(FutureTask.java:192)
	at org.apache.ratis.server.impl.LeaderElection.waitForResults(LeaderElection.java:259)
	at org.apache.ratis.server.impl.LeaderElection.askForVotes(LeaderElection.java:197)
	at org.apache.ratis.server.impl.LeaderElection.run(LeaderElection.java:133)
	at java.lang.Thread.run(Thread.java:748)
Caused by: org.apache.ratis.thirdparty.io.grpc.StatusRuntimeException: UNAVAILABLE: io exception
	at org.apache.ratis.thirdparty.io.grpc.stub.ClientCalls.toStatusRuntimeException(ClientCalls.java:233)
	at org.apache.ratis.thirdparty.io.grpc.stub.ClientCalls.getUnchecked(ClientCalls.java:214)
	at org.apache.ratis.thirdparty.io.grpc.stub.ClientCalls.blockingUnaryCall(ClientCalls.java:139)
	at org.apache.ratis.proto.grpc.RaftServerProtocolServiceGrpc$RaftServerProtocolServiceBlockingStub.requestVote(RaftServerProtocolServiceGrpc.java:265)
	at org.apache.ratis.grpc.server.GrpcServerProtocolClient.requestVote(GrpcServerProtocolClient.java:99)
	at org.apache.ratis.grpc.server.GrpcService.requestVote(GrpcService.java:204)
	at org.apache.ratis.server.impl.LeaderElection.lambda$submitRequests$1(LeaderElection.java:234)
	at java.util.concurrent.FutureTask.run(FutureTask.java:266)
	at java.util.concurrent.Executors$RunnableAdapter.call(Executors.java:511)
	at java.util.concurrent.FutureTask.run(FutureTask.java:266)
	at java.util.concurrent.ThreadPoolExecutor.runWorker(ThreadPoolExecutor.java:1149)
	at java.util.concurrent.ThreadPoolExecutor$Worker.run(ThreadPoolExecutor.java:624)
	... 1 more
Caused by: org.apache.ratis.thirdparty.io.netty.channel.AbstractChannel$AnnotatedConnectException: Connection refused: /192.168.157.203:33208
	at sun.nio.ch.SocketChannelImpl.checkConnect(Native Method)
	at sun.nio.ch.SocketChannelImpl.finishConnect(SocketChannelImpl.java:717)
	at org.apache.ratis.thirdparty.io.netty.channel.socket.nio.NioSocketChannel.doFinishConnect(NioSocketChannel.java:327)
	at org.apache.ratis.thirdparty.io.netty.channel.nio.AbstractNioChannel$AbstractNioUnsafe.finishConnect(AbstractNioChannel.java:340)
	at org.apache.ratis.thirdparty.io.netty.channel.nio.NioEventLoop.processSelectedKey(NioEventLoop.java:632)
	at org.apache.ratis.thirdparty.io.netty.channel.nio.NioEventLoop.processSelectedKeysOptimized(NioEventLoop.java:579)
	at org.apache.ratis.thirdparty.io.netty.channel.nio.NioEventLoop.processSelectedKeys(NioEventLoop.java:496)
	at org.apache.ratis.thirdparty.io.netty.channel.nio.NioEventLoop.run(NioEventLoop.java:458)
	at org.apache.ratis.thirdparty.io.netty.util.concurrent.SingleThreadEventExecutor$5.run(SingleThreadEventExecutor.java:897)
	at org.apache.ratis.thirdparty.io.netty.util.concurrent.FastThreadLocalRunnable.run(FastThreadLocalRunnable.java:30)
	... 1 more
Caused by: java.net.ConnectException: Connection refused
	... 11 more
2019-10-16 11:36:20,558 [a3132885-145f-4a8c-85f4-c10eb874732d@group-2077DD483DC7-LeaderElection501] INFO  impl.LeaderElection (LeaderElection.java:logAndReturn(56)) - a3132885-145f-4a8c-85f4-c10eb874732d@group-2077DD483DC7-LeaderElection501: Election REJECTED; received 0 response(s) [] and 2 exception(s); a3132885-145f-4a8c-85f4-c10eb874732d@group-2077DD483DC7:t329, leader=null, voted=a3132885-145f-4a8c-85f4-c10eb874732d, raftlog=a3132885-145f-4a8c-85f4-c10eb874732d@group-2077DD483DC7-SegmentedRaftLog:OPENED:c-1,f-1,i0, conf=-1: [163587bb-2c3b-4498-b576-18147cf38274:192.168.157.203:33208, a3132885-145f-4a8c-85f4-c10eb874732d:192.168.157.203:46766, 70b633f6-b230-4b9f-87f3-510da88f1e08:192.168.157.203:43163], old=null
2019-10-16 11:36:20,558 [a3132885-145f-4a8c-85f4-c10eb874732d@group-2077DD483DC7-LeaderElection501] INFO  impl.LeaderElection (LogUtils.java:infoOrTrace(149)) -   Exception 0: {}
java.util.concurrent.ExecutionException: org.apache.ratis.thirdparty.io.grpc.StatusRuntimeException: UNAVAILABLE: io exception
	at java.util.concurrent.FutureTask.report(FutureTask.java:122)
	at java.util.concurrent.FutureTask.get(FutureTask.java:192)
	at org.apache.ratis.server.impl.LeaderElection.waitForResults(LeaderElection.java:259)
	at org.apache.ratis.server.impl.LeaderElection.askForVotes(LeaderElection.java:197)
	at org.apache.ratis.server.impl.LeaderElection.run(LeaderElection.java:133)
	at java.lang.Thread.run(Thread.java:748)
Caused by: org.apache.ratis.thirdparty.io.grpc.StatusRuntimeException: UNAVAILABLE: io exception
	at org.apache.ratis.thirdparty.io.grpc.stub.ClientCalls.toStatusRuntimeException(ClientCalls.java:233)
	at org.apache.ratis.thirdparty.io.grpc.stub.ClientCalls.getUnchecked(ClientCalls.java:214)
	at org.apache.ratis.thirdparty.io.grpc.stub.ClientCalls.blockingUnaryCall(ClientCalls.java:139)
	at org.apache.ratis.proto.grpc.RaftServerProtocolServiceGrpc$RaftServerProtocolServiceBlockingStub.requestVote(RaftServerProtocolServiceGrpc.java:265)
	at org.apache.ratis.grpc.server.GrpcServerProtocolClient.requestVote(GrpcServerProtocolClient.java:99)
	at org.apache.ratis.grpc.server.GrpcService.requestVote(GrpcService.java:204)
	at org.apache.ratis.server.impl.LeaderElection.lambda$submitRequests$1(LeaderElection.java:234)
	at java.util.concurrent.FutureTask.run(FutureTask.java:266)
	at java.util.concurrent.Executors$RunnableAdapter.call(Executors.java:511)
	at java.util.concurrent.FutureTask.run(FutureTask.java:266)
	at java.util.concurrent.ThreadPoolExecutor.runWorker(ThreadPoolExecutor.java:1149)
	at java.util.concurrent.ThreadPoolExecutor$Worker.run(ThreadPoolExecutor.java:624)
	... 1 more
Caused by: org.apache.ratis.thirdparty.io.netty.channel.AbstractChannel$AnnotatedConnectException: Connection refused: /192.168.157.203:43163
	at sun.nio.ch.SocketChannelImpl.checkConnect(Native Method)
	at sun.nio.ch.SocketChannelImpl.finishConnect(SocketChannelImpl.java:717)
	at org.apache.ratis.thirdparty.io.netty.channel.socket.nio.NioSocketChannel.doFinishConnect(NioSocketChannel.java:327)
	at org.apache.ratis.thirdparty.io.netty.channel.nio.AbstractNioChannel$AbstractNioUnsafe.finishConnect(AbstractNioChannel.java:340)
	at org.apache.ratis.thirdparty.io.netty.channel.nio.NioEventLoop.processSelectedKey(NioEventLoop.java:632)
	at org.apache.ratis.thirdparty.io.netty.channel.nio.NioEventLoop.processSelectedKeysOptimized(NioEventLoop.java:579)
	at org.apache.ratis.thirdparty.io.netty.channel.nio.NioEventLoop.processSelectedKeys(NioEventLoop.java:496)
	at org.apache.ratis.thirdparty.io.netty.channel.nio.NioEventLoop.run(NioEventLoop.java:458)
	at org.apache.ratis.thirdparty.io.netty.util.concurrent.SingleThreadEventExecutor$5.run(SingleThreadEventExecutor.java:897)
	at org.apache.ratis.thirdparty.io.netty.util.concurrent.FastThreadLocalRunnable.run(FastThreadLocalRunnable.java:30)
	... 1 more
Caused by: java.net.ConnectException: Connection refused
	... 11 more
2019-10-16 11:36:20,558 [a3132885-145f-4a8c-85f4-c10eb874732d@group-2077DD483DC7-LeaderElection501] INFO  impl.LeaderElection (LogUtils.java:infoOrTrace(149)) -   Exception 1: {}
java.util.concurrent.ExecutionException: org.apache.ratis.thirdparty.io.grpc.StatusRuntimeException: UNAVAILABLE: io exception
	at java.util.concurrent.FutureTask.report(FutureTask.java:122)
	at java.util.concurrent.FutureTask.get(FutureTask.java:192)
	at org.apache.ratis.server.impl.LeaderElection.waitForResults(LeaderElection.java:259)
	at org.apache.ratis.server.impl.LeaderElection.askForVotes(LeaderElection.java:197)
	at org.apache.ratis.server.impl.LeaderElection.run(LeaderElection.java:133)
	at java.lang.Thread.run(Thread.java:748)
Caused by: org.apache.ratis.thirdparty.io.grpc.StatusRuntimeException: UNAVAILABLE: io exception
	at org.apache.ratis.thirdparty.io.grpc.stub.ClientCalls.toStatusRuntimeException(ClientCalls.java:233)
	at org.apache.ratis.thirdparty.io.grpc.stub.ClientCalls.getUnchecked(ClientCalls.java:214)
	at org.apache.ratis.thirdparty.io.grpc.stub.ClientCalls.blockingUnaryCall(ClientCalls.java:139)
	at org.apache.ratis.proto.grpc.RaftServerProtocolServiceGrpc$RaftServerProtocolServiceBlockingStub.requestVote(RaftServerProtocolServiceGrpc.java:265)
	at org.apache.ratis.grpc.server.GrpcServerProtocolClient.requestVote(GrpcServerProtocolClient.java:99)
	at org.apache.ratis.grpc.server.GrpcService.requestVote(GrpcService.java:204)
	at org.apache.ratis.server.impl.LeaderElection.lambda$submitRequests$1(LeaderElection.java:234)
	at java.util.concurrent.FutureTask.run(FutureTask.java:266)
	at java.util.concurrent.Executors$RunnableAdapter.call(Executors.java:511)
	at java.util.concurrent.FutureTask.run(FutureTask.java:266)
	at java.util.concurrent.ThreadPoolExecutor.runWorker(ThreadPoolExecutor.java:1149)
	at java.util.concurrent.ThreadPoolExecutor$Worker.run(ThreadPoolExecutor.java:624)
	... 1 more
Caused by: org.apache.ratis.thirdparty.io.netty.channel.AbstractChannel$AnnotatedConnectException: Connection refused: /192.168.157.203:33208
	at sun.nio.ch.SocketChannelImpl.checkConnect(Native Method)
	at sun.nio.ch.SocketChannelImpl.finishConnect(SocketChannelImpl.java:717)
	at org.apache.ratis.thirdparty.io.netty.channel.socket.nio.NioSocketChannel.doFinishConnect(NioSocketChannel.java:327)
	at org.apache.ratis.thirdparty.io.netty.channel.nio.AbstractNioChannel$AbstractNioUnsafe.finishConnect(AbstractNioChannel.java:340)
	at org.apache.ratis.thirdparty.io.netty.channel.nio.NioEventLoop.processSelectedKey(NioEventLoop.java:632)
	at org.apache.ratis.thirdparty.io.netty.channel.nio.NioEventLoop.processSelectedKeysOptimized(NioEventLoop.java:579)
	at org.apache.ratis.thirdparty.io.netty.channel.nio.NioEventLoop.processSelectedKeys(NioEventLoop.java:496)
	at org.apache.ratis.thirdparty.io.netty.channel.nio.NioEventLoop.run(NioEventLoop.java:458)
	at org.apache.ratis.thirdparty.io.netty.util.concurrent.SingleThreadEventExecutor$5.run(SingleThreadEventExecutor.java:897)
	at org.apache.ratis.thirdparty.io.netty.util.concurrent.FastThreadLocalRunnable.run(FastThreadLocalRunnable.java:30)
	... 1 more
Caused by: java.net.ConnectException: Connection refused
	... 11 more
2019-10-16 11:36:20,558 [a3132885-145f-4a8c-85f4-c10eb874732d@group-2077DD483DC7-LeaderElection501] INFO  impl.RaftServerImpl (RaftServerImpl.java:setRole(184)) - a3132885-145f-4a8c-85f4-c10eb874732d@group-2077DD483DC7: changes role from CANDIDATE to FOLLOWER at term 329 for DISCOVERED_A_NEW_TERM
2019-10-16 11:36:20,559 [a3132885-145f-4a8c-85f4-c10eb874732d@group-2077DD483DC7-LeaderElection501] INFO  impl.RoleInfo (RoleInfo.java:shutdownLeaderElection(134)) - a3132885-145f-4a8c-85f4-c10eb874732d: shutdown LeaderElection
2019-10-16 11:36:20,559 [a3132885-145f-4a8c-85f4-c10eb874732d@group-2077DD483DC7-LeaderElection501] INFO  impl.RoleInfo (RoleInfo.java:updateAndGet(143)) - a3132885-145f-4a8c-85f4-c10eb874732d: start FollowerState
2019-10-16 11:36:20,608 [Thread-3679] INFO  impl.FollowerState (FollowerState.java:run(108)) - a3132885-145f-4a8c-85f4-c10eb874732d@group-2077DD483DC7-FollowerState: change to CANDIDATE, lastRpcTime:49ms, electionTimeout:49ms
2019-10-16 11:36:20,608 [Thread-3679] INFO  impl.RoleInfo (RoleInfo.java:shutdownFollowerState(121)) - a3132885-145f-4a8c-85f4-c10eb874732d: shutdown FollowerState
2019-10-16 11:36:20,608 [Thread-3679] INFO  impl.RaftServerImpl (RaftServerImpl.java:setRole(184)) - a3132885-145f-4a8c-85f4-c10eb874732d@group-2077DD483DC7: changes role from  FOLLOWER to CANDIDATE at term 329 for changeToCandidate
2019-10-16 11:36:20,609 [Thread-3679] INFO  impl.RoleInfo (RoleInfo.java:updateAndGet(143)) - a3132885-145f-4a8c-85f4-c10eb874732d: start LeaderElection
2019-10-16 11:36:20,615 [a3132885-145f-4a8c-85f4-c10eb874732d@group-2077DD483DC7-LeaderElection502] INFO  impl.LeaderElection (LeaderElection.java:askForVotes(178)) - a3132885-145f-4a8c-85f4-c10eb874732d@group-2077DD483DC7-LeaderElection502: begin an election at term 330 for -1: [163587bb-2c3b-4498-b576-18147cf38274:192.168.157.203:33208, a3132885-145f-4a8c-85f4-c10eb874732d:192.168.157.203:46766, 70b633f6-b230-4b9f-87f3-510da88f1e08:192.168.157.203:43163], old=null
2019-10-16 11:36:20,616 [a3132885-145f-4a8c-85f4-c10eb874732d@group-2077DD483DC7-LeaderElection502] INFO  impl.LeaderElection (LogUtils.java:infoOrTrace(149)) - a3132885-145f-4a8c-85f4-c10eb874732d@group-2077DD483DC7-LeaderElection502 got exception when requesting votes: {}
java.util.concurrent.ExecutionException: org.apache.ratis.thirdparty.io.grpc.StatusRuntimeException: UNAVAILABLE: io exception
	at java.util.concurrent.FutureTask.report(FutureTask.java:122)
	at java.util.concurrent.FutureTask.get(FutureTask.java:192)
	at org.apache.ratis.server.impl.LeaderElection.waitForResults(LeaderElection.java:259)
	at org.apache.ratis.server.impl.LeaderElection.askForVotes(LeaderElection.java:197)
	at org.apache.ratis.server.impl.LeaderElection.run(LeaderElection.java:133)
	at java.lang.Thread.run(Thread.java:748)
Caused by: org.apache.ratis.thirdparty.io.grpc.StatusRuntimeException: UNAVAILABLE: io exception
	at org.apache.ratis.thirdparty.io.grpc.stub.ClientCalls.toStatusRuntimeException(ClientCalls.java:233)
	at org.apache.ratis.thirdparty.io.grpc.stub.ClientCalls.getUnchecked(ClientCalls.java:214)
	at org.apache.ratis.thirdparty.io.grpc.stub.ClientCalls.blockingUnaryCall(ClientCalls.java:139)
	at org.apache.ratis.proto.grpc.RaftServerProtocolServiceGrpc$RaftServerProtocolServiceBlockingStub.requestVote(RaftServerProtocolServiceGrpc.java:265)
	at org.apache.ratis.grpc.server.GrpcServerProtocolClient.requestVote(GrpcServerProtocolClient.java:99)
	at org.apache.ratis.grpc.server.GrpcService.requestVote(GrpcService.java:204)
	at org.apache.ratis.server.impl.LeaderElection.lambda$submitRequests$1(LeaderElection.java:234)
	at java.util.concurrent.FutureTask.run(FutureTask.java:266)
	at java.util.concurrent.Executors$RunnableAdapter.call(Executors.java:511)
	at java.util.concurrent.FutureTask.run(FutureTask.java:266)
	at java.util.concurrent.ThreadPoolExecutor.runWorker(ThreadPoolExecutor.java:1149)
	at java.util.concurrent.ThreadPoolExecutor$Worker.run(ThreadPoolExecutor.java:624)
	... 1 more
Caused by: org.apache.ratis.thirdparty.io.netty.channel.AbstractChannel$AnnotatedConnectException: Connection refused: /192.168.157.203:33208
	at sun.nio.ch.SocketChannelImpl.checkConnect(Native Method)
	at sun.nio.ch.SocketChannelImpl.finishConnect(SocketChannelImpl.java:717)
	at org.apache.ratis.thirdparty.io.netty.channel.socket.nio.NioSocketChannel.doFinishConnect(NioSocketChannel.java:327)
	at org.apache.ratis.thirdparty.io.netty.channel.nio.AbstractNioChannel$AbstractNioUnsafe.finishConnect(AbstractNioChannel.java:340)
	at org.apache.ratis.thirdparty.io.netty.channel.nio.NioEventLoop.processSelectedKey(NioEventLoop.java:632)
	at org.apache.ratis.thirdparty.io.netty.channel.nio.NioEventLoop.processSelectedKeysOptimized(NioEventLoop.java:579)
	at org.apache.ratis.thirdparty.io.netty.channel.nio.NioEventLoop.processSelectedKeys(NioEventLoop.java:496)
	at org.apache.ratis.thirdparty.io.netty.channel.nio.NioEventLoop.run(NioEventLoop.java:458)
	at org.apache.ratis.thirdparty.io.netty.util.concurrent.SingleThreadEventExecutor$5.run(SingleThreadEventExecutor.java:897)
	at org.apache.ratis.thirdparty.io.netty.util.concurrent.FastThreadLocalRunnable.run(FastThreadLocalRunnable.java:30)
	... 1 more
Caused by: java.net.ConnectException: Connection refused
	... 11 more
2019-10-16 11:36:20,617 [a3132885-145f-4a8c-85f4-c10eb874732d@group-2077DD483DC7-LeaderElection502] INFO  impl.LeaderElection (LogUtils.java:infoOrTrace(149)) - a3132885-145f-4a8c-85f4-c10eb874732d@group-2077DD483DC7-LeaderElection502 got exception when requesting votes: {}
java.util.concurrent.ExecutionException: org.apache.ratis.thirdparty.io.grpc.StatusRuntimeException: UNAVAILABLE: io exception
	at java.util.concurrent.FutureTask.report(FutureTask.java:122)
	at java.util.concurrent.FutureTask.get(FutureTask.java:192)
	at org.apache.ratis.server.impl.LeaderElection.waitForResults(LeaderElection.java:259)
	at org.apache.ratis.server.impl.LeaderElection.askForVotes(LeaderElection.java:197)
	at org.apache.ratis.server.impl.LeaderElection.run(LeaderElection.java:133)
	at java.lang.Thread.run(Thread.java:748)
Caused by: org.apache.ratis.thirdparty.io.grpc.StatusRuntimeException: UNAVAILABLE: io exception
	at org.apache.ratis.thirdparty.io.grpc.stub.ClientCalls.toStatusRuntimeException(ClientCalls.java:233)
	at org.apache.ratis.thirdparty.io.grpc.stub.ClientCalls.getUnchecked(ClientCalls.java:214)
	at org.apache.ratis.thirdparty.io.grpc.stub.ClientCalls.blockingUnaryCall(ClientCalls.java:139)
	at org.apache.ratis.proto.grpc.RaftServerProtocolServiceGrpc$RaftServerProtocolServiceBlockingStub.requestVote(RaftServerProtocolServiceGrpc.java:265)
	at org.apache.ratis.grpc.server.GrpcServerProtocolClient.requestVote(GrpcServerProtocolClient.java:99)
	at org.apache.ratis.grpc.server.GrpcService.requestVote(GrpcService.java:204)
	at org.apache.ratis.server.impl.LeaderElection.lambda$submitRequests$1(LeaderElection.java:234)
	at java.util.concurrent.FutureTask.run(FutureTask.java:266)
	at java.util.concurrent.Executors$RunnableAdapter.call(Executors.java:511)
	at java.util.concurrent.FutureTask.run(FutureTask.java:266)
	at java.util.concurrent.ThreadPoolExecutor.runWorker(ThreadPoolExecutor.java:1149)
	at java.util.concurrent.ThreadPoolExecutor$Worker.run(ThreadPoolExecutor.java:624)
	... 1 more
Caused by: org.apache.ratis.thirdparty.io.netty.channel.AbstractChannel$AnnotatedConnectException: Connection refused: /192.168.157.203:43163
	at sun.nio.ch.SocketChannelImpl.checkConnect(Native Method)
	at sun.nio.ch.SocketChannelImpl.finishConnect(SocketChannelImpl.java:717)
	at org.apache.ratis.thirdparty.io.netty.channel.socket.nio.NioSocketChannel.doFinishConnect(NioSocketChannel.java:327)
	at org.apache.ratis.thirdparty.io.netty.channel.nio.AbstractNioChannel$AbstractNioUnsafe.finishConnect(AbstractNioChannel.java:340)
	at org.apache.ratis.thirdparty.io.netty.channel.nio.NioEventLoop.processSelectedKey(NioEventLoop.java:632)
	at org.apache.ratis.thirdparty.io.netty.channel.nio.NioEventLoop.processSelectedKeysOptimized(NioEventLoop.java:579)
	at org.apache.ratis.thirdparty.io.netty.channel.nio.NioEventLoop.processSelectedKeys(NioEventLoop.java:496)
	at org.apache.ratis.thirdparty.io.netty.channel.nio.NioEventLoop.run(NioEventLoop.java:458)
	at org.apache.ratis.thirdparty.io.netty.util.concurrent.SingleThreadEventExecutor$5.run(SingleThreadEventExecutor.java:897)
	at org.apache.ratis.thirdparty.io.netty.util.concurrent.FastThreadLocalRunnable.run(FastThreadLocalRunnable.java:30)
	... 1 more
Caused by: java.net.ConnectException: Connection refused
	... 11 more
2019-10-16 11:36:20,618 [a3132885-145f-4a8c-85f4-c10eb874732d@group-2077DD483DC7-LeaderElection502] INFO  impl.LeaderElection (LeaderElection.java:logAndReturn(56)) - a3132885-145f-4a8c-85f4-c10eb874732d@group-2077DD483DC7-LeaderElection502: Election REJECTED; received 0 response(s) [] and 2 exception(s); a3132885-145f-4a8c-85f4-c10eb874732d@group-2077DD483DC7:t330, leader=null, voted=a3132885-145f-4a8c-85f4-c10eb874732d, raftlog=a3132885-145f-4a8c-85f4-c10eb874732d@group-2077DD483DC7-SegmentedRaftLog:OPENED:c-1,f-1,i0, conf=-1: [163587bb-2c3b-4498-b576-18147cf38274:192.168.157.203:33208, a3132885-145f-4a8c-85f4-c10eb874732d:192.168.157.203:46766, 70b633f6-b230-4b9f-87f3-510da88f1e08:192.168.157.203:43163], old=null
2019-10-16 11:36:20,618 [a3132885-145f-4a8c-85f4-c10eb874732d@group-2077DD483DC7-LeaderElection502] INFO  impl.LeaderElection (LogUtils.java:infoOrTrace(149)) -   Exception 0: {}
java.util.concurrent.ExecutionException: org.apache.ratis.thirdparty.io.grpc.StatusRuntimeException: UNAVAILABLE: io exception
	at java.util.concurrent.FutureTask.report(FutureTask.java:122)
	at java.util.concurrent.FutureTask.get(FutureTask.java:192)
	at org.apache.ratis.server.impl.LeaderElection.waitForResults(LeaderElection.java:259)
	at org.apache.ratis.server.impl.LeaderElection.askForVotes(LeaderElection.java:197)
	at org.apache.ratis.server.impl.LeaderElection.run(LeaderElection.java:133)
	at java.lang.Thread.run(Thread.java:748)
Caused by: org.apache.ratis.thirdparty.io.grpc.StatusRuntimeException: UNAVAILABLE: io exception
	at org.apache.ratis.thirdparty.io.grpc.stub.ClientCalls.toStatusRuntimeException(ClientCalls.java:233)
	at org.apache.ratis.thirdparty.io.grpc.stub.ClientCalls.getUnchecked(ClientCalls.java:214)
	at org.apache.ratis.thirdparty.io.grpc.stub.ClientCalls.blockingUnaryCall(ClientCalls.java:139)
	at org.apache.ratis.proto.grpc.RaftServerProtocolServiceGrpc$RaftServerProtocolServiceBlockingStub.requestVote(RaftServerProtocolServiceGrpc.java:265)
	at org.apache.ratis.grpc.server.GrpcServerProtocolClient.requestVote(GrpcServerProtocolClient.java:99)
	at org.apache.ratis.grpc.server.GrpcService.requestVote(GrpcService.java:204)
	at org.apache.ratis.server.impl.LeaderElection.lambda$submitRequests$1(LeaderElection.java:234)
	at java.util.concurrent.FutureTask.run(FutureTask.java:266)
	at java.util.concurrent.Executors$RunnableAdapter.call(Executors.java:511)
	at java.util.concurrent.FutureTask.run(FutureTask.java:266)
	at java.util.concurrent.ThreadPoolExecutor.runWorker(ThreadPoolExecutor.java:1149)
	at java.util.concurrent.ThreadPoolExecutor$Worker.run(ThreadPoolExecutor.java:624)
	... 1 more
Caused by: org.apache.ratis.thirdparty.io.netty.channel.AbstractChannel$AnnotatedConnectException: Connection refused: /192.168.157.203:33208
	at sun.nio.ch.SocketChannelImpl.checkConnect(Native Method)
	at sun.nio.ch.SocketChannelImpl.finishConnect(SocketChannelImpl.java:717)
	at org.apache.ratis.thirdparty.io.netty.channel.socket.nio.NioSocketChannel.doFinishConnect(NioSocketChannel.java:327)
	at org.apache.ratis.thirdparty.io.netty.channel.nio.AbstractNioChannel$AbstractNioUnsafe.finishConnect(AbstractNioChannel.java:340)
	at org.apache.ratis.thirdparty.io.netty.channel.nio.NioEventLoop.processSelectedKey(NioEventLoop.java:632)
	at org.apache.ratis.thirdparty.io.netty.channel.nio.NioEventLoop.processSelectedKeysOptimized(NioEventLoop.java:579)
	at org.apache.ratis.thirdparty.io.netty.channel.nio.NioEventLoop.processSelectedKeys(NioEventLoop.java:496)
	at org.apache.ratis.thirdparty.io.netty.channel.nio.NioEventLoop.run(NioEventLoop.java:458)
	at org.apache.ratis.thirdparty.io.netty.util.concurrent.SingleThreadEventExecutor$5.run(SingleThreadEventExecutor.java:897)
	at org.apache.ratis.thirdparty.io.netty.util.concurrent.FastThreadLocalRunnable.run(FastThreadLocalRunnable.java:30)
	... 1 more
Caused by: java.net.ConnectException: Connection refused
	... 11 more
2019-10-16 11:36:20,619 [a3132885-145f-4a8c-85f4-c10eb874732d@group-2077DD483DC7-LeaderElection502] INFO  impl.LeaderElection (LogUtils.java:infoOrTrace(149)) -   Exception 1: {}
java.util.concurrent.ExecutionException: org.apache.ratis.thirdparty.io.grpc.StatusRuntimeException: UNAVAILABLE: io exception
	at java.util.concurrent.FutureTask.report(FutureTask.java:122)
	at java.util.concurrent.FutureTask.get(FutureTask.java:192)
	at org.apache.ratis.server.impl.LeaderElection.waitForResults(LeaderElection.java:259)
	at org.apache.ratis.server.impl.LeaderElection.askForVotes(LeaderElection.java:197)
	at org.apache.ratis.server.impl.LeaderElection.run(LeaderElection.java:133)
	at java.lang.Thread.run(Thread.java:748)
Caused by: org.apache.ratis.thirdparty.io.grpc.StatusRuntimeException: UNAVAILABLE: io exception
	at org.apache.ratis.thirdparty.io.grpc.stub.ClientCalls.toStatusRuntimeException(ClientCalls.java:233)
	at org.apache.ratis.thirdparty.io.grpc.stub.ClientCalls.getUnchecked(ClientCalls.java:214)
	at org.apache.ratis.thirdparty.io.grpc.stub.ClientCalls.blockingUnaryCall(ClientCalls.java:139)
	at org.apache.ratis.proto.grpc.RaftServerProtocolServiceGrpc$RaftServerProtocolServiceBlockingStub.requestVote(RaftServerProtocolServiceGrpc.java:265)
	at org.apache.ratis.grpc.server.GrpcServerProtocolClient.requestVote(GrpcServerProtocolClient.java:99)
	at org.apache.ratis.grpc.server.GrpcService.requestVote(GrpcService.java:204)
	at org.apache.ratis.server.impl.LeaderElection.lambda$submitRequests$1(LeaderElection.java:234)
	at java.util.concurrent.FutureTask.run(FutureTask.java:266)
	at java.util.concurrent.Executors$RunnableAdapter.call(Executors.java:511)
	at java.util.concurrent.FutureTask.run(FutureTask.java:266)
	at java.util.concurrent.ThreadPoolExecutor.runWorker(ThreadPoolExecutor.java:1149)
	at java.util.concurrent.ThreadPoolExecutor$Worker.run(ThreadPoolExecutor.java:624)
	... 1 more
Caused by: org.apache.ratis.thirdparty.io.netty.channel.AbstractChannel$AnnotatedConnectException: Connection refused: /192.168.157.203:43163
	at sun.nio.ch.SocketChannelImpl.checkConnect(Native Method)
	at sun.nio.ch.SocketChannelImpl.finishConnect(SocketChannelImpl.java:717)
	at org.apache.ratis.thirdparty.io.netty.channel.socket.nio.NioSocketChannel.doFinishConnect(NioSocketChannel.java:327)
	at org.apache.ratis.thirdparty.io.netty.channel.nio.AbstractNioChannel$AbstractNioUnsafe.finishConnect(AbstractNioChannel.java:340)
	at org.apache.ratis.thirdparty.io.netty.channel.nio.NioEventLoop.processSelectedKey(NioEventLoop.java:632)
	at org.apache.ratis.thirdparty.io.netty.channel.nio.NioEventLoop.processSelectedKeysOptimized(NioEventLoop.java:579)
	at org.apache.ratis.thirdparty.io.netty.channel.nio.NioEventLoop.processSelectedKeys(NioEventLoop.java:496)
	at org.apache.ratis.thirdparty.io.netty.channel.nio.NioEventLoop.run(NioEventLoop.java:458)
	at org.apache.ratis.thirdparty.io.netty.util.concurrent.SingleThreadEventExecutor$5.run(SingleThreadEventExecutor.java:897)
	at org.apache.ratis.thirdparty.io.netty.util.concurrent.FastThreadLocalRunnable.run(FastThreadLocalRunnable.java:30)
	... 1 more
Caused by: java.net.ConnectException: Connection refused
	... 11 more
2019-10-16 11:36:20,619 [a3132885-145f-4a8c-85f4-c10eb874732d@group-2077DD483DC7-LeaderElection502] INFO  impl.RaftServerImpl (RaftServerImpl.java:setRole(184)) - a3132885-145f-4a8c-85f4-c10eb874732d@group-2077DD483DC7: changes role from CANDIDATE to FOLLOWER at term 330 for DISCOVERED_A_NEW_TERM
2019-10-16 11:36:20,619 [a3132885-145f-4a8c-85f4-c10eb874732d@group-2077DD483DC7-LeaderElection502] INFO  impl.RoleInfo (RoleInfo.java:shutdownLeaderElection(134)) - a3132885-145f-4a8c-85f4-c10eb874732d: shutdown LeaderElection
2019-10-16 11:36:20,619 [a3132885-145f-4a8c-85f4-c10eb874732d@group-2077DD483DC7-LeaderElection502] INFO  impl.RoleInfo (RoleInfo.java:updateAndGet(143)) - a3132885-145f-4a8c-85f4-c10eb874732d: start FollowerState
2019-10-16 11:36:20,679 [Thread-3683] INFO  impl.FollowerState (FollowerState.java:run(108)) - a3132885-145f-4a8c-85f4-c10eb874732d@group-2077DD483DC7-FollowerState: change to CANDIDATE, lastRpcTime:59ms, electionTimeout:59ms
2019-10-16 11:36:20,679 [Thread-3683] INFO  impl.RoleInfo (RoleInfo.java:shutdownFollowerState(121)) - a3132885-145f-4a8c-85f4-c10eb874732d: shutdown FollowerState
2019-10-16 11:36:20,679 [Thread-3683] INFO  impl.RaftServerImpl (RaftServerImpl.java:setRole(184)) - a3132885-145f-4a8c-85f4-c10eb874732d@group-2077DD483DC7: changes role from  FOLLOWER to CANDIDATE at term 330 for changeToCandidate
2019-10-16 11:36:20,679 [Thread-3683] INFO  impl.RoleInfo (RoleInfo.java:updateAndGet(143)) - a3132885-145f-4a8c-85f4-c10eb874732d: start LeaderElection
2019-10-16 11:36:20,685 [a3132885-145f-4a8c-85f4-c10eb874732d@group-2077DD483DC7-LeaderElection503] INFO  impl.LeaderElection (LeaderElection.java:askForVotes(178)) - a3132885-145f-4a8c-85f4-c10eb874732d@group-2077DD483DC7-LeaderElection503: begin an election at term 331 for -1: [163587bb-2c3b-4498-b576-18147cf38274:192.168.157.203:33208, a3132885-145f-4a8c-85f4-c10eb874732d:192.168.157.203:46766, 70b633f6-b230-4b9f-87f3-510da88f1e08:192.168.157.203:43163], old=null
2019-10-16 11:36:20,686 [a3132885-145f-4a8c-85f4-c10eb874732d@group-2077DD483DC7-LeaderElection503] INFO  impl.LeaderElection (LogUtils.java:infoOrTrace(149)) - a3132885-145f-4a8c-85f4-c10eb874732d@group-2077DD483DC7-LeaderElection503 got exception when requesting votes: {}
java.util.concurrent.ExecutionException: org.apache.ratis.thirdparty.io.grpc.StatusRuntimeException: UNAVAILABLE: io exception
	at java.util.concurrent.FutureTask.report(FutureTask.java:122)
	at java.util.concurrent.FutureTask.get(FutureTask.java:192)
	at org.apache.ratis.server.impl.LeaderElection.waitForResults(LeaderElection.java:259)
	at org.apache.ratis.server.impl.LeaderElection.askForVotes(LeaderElection.java:197)
	at org.apache.ratis.server.impl.LeaderElection.run(LeaderElection.java:133)
	at java.lang.Thread.run(Thread.java:748)
Caused by: org.apache.ratis.thirdparty.io.grpc.StatusRuntimeException: UNAVAILABLE: io exception
	at org.apache.ratis.thirdparty.io.grpc.stub.ClientCalls.toStatusRuntimeException(ClientCalls.java:233)
	at org.apache.ratis.thirdparty.io.grpc.stub.ClientCalls.getUnchecked(ClientCalls.java:214)
	at org.apache.ratis.thirdparty.io.grpc.stub.ClientCalls.blockingUnaryCall(ClientCalls.java:139)
	at org.apache.ratis.proto.grpc.RaftServerProtocolServiceGrpc$RaftServerProtocolServiceBlockingStub.requestVote(RaftServerProtocolServiceGrpc.java:265)
	at org.apache.ratis.grpc.server.GrpcServerProtocolClient.requestVote(GrpcServerProtocolClient.java:99)
	at org.apache.ratis.grpc.server.GrpcService.requestVote(GrpcService.java:204)
	at org.apache.ratis.server.impl.LeaderElection.lambda$submitRequests$1(LeaderElection.java:234)
	at java.util.concurrent.FutureTask.run(FutureTask.java:266)
	at java.util.concurrent.Executors$RunnableAdapter.call(Executors.java:511)
	at java.util.concurrent.FutureTask.run(FutureTask.java:266)
	at java.util.concurrent.ThreadPoolExecutor.runWorker(ThreadPoolExecutor.java:1149)
	at java.util.concurrent.ThreadPoolExecutor$Worker.run(ThreadPoolExecutor.java:624)
	... 1 more
Caused by: org.apache.ratis.thirdparty.io.netty.channel.AbstractChannel$AnnotatedConnectException: Connection refused: /192.168.157.203:33208
	at sun.nio.ch.SocketChannelImpl.checkConnect(Native Method)
	at sun.nio.ch.SocketChannelImpl.finishConnect(SocketChannelImpl.java:717)
	at org.apache.ratis.thirdparty.io.netty.channel.socket.nio.NioSocketChannel.doFinishConnect(NioSocketChannel.java:327)
	at org.apache.ratis.thirdparty.io.netty.channel.nio.AbstractNioChannel$AbstractNioUnsafe.finishConnect(AbstractNioChannel.java:340)
	at org.apache.ratis.thirdparty.io.netty.channel.nio.NioEventLoop.processSelectedKey(NioEventLoop.java:632)
	at org.apache.ratis.thirdparty.io.netty.channel.nio.NioEventLoop.processSelectedKeysOptimized(NioEventLoop.java:579)
	at org.apache.ratis.thirdparty.io.netty.channel.nio.NioEventLoop.processSelectedKeys(NioEventLoop.java:496)
	at org.apache.ratis.thirdparty.io.netty.channel.nio.NioEventLoop.run(NioEventLoop.java:458)
	at org.apache.ratis.thirdparty.io.netty.util.concurrent.SingleThreadEventExecutor$5.run(SingleThreadEventExecutor.java:897)
	at org.apache.ratis.thirdparty.io.netty.util.concurrent.FastThreadLocalRunnable.run(FastThreadLocalRunnable.java:30)
	... 1 more
Caused by: java.net.ConnectException: Connection refused
	... 11 more
2019-10-16 11:36:20,686 [a3132885-145f-4a8c-85f4-c10eb874732d@group-2077DD483DC7-LeaderElection503] INFO  impl.LeaderElection (LogUtils.java:infoOrTrace(149)) - a3132885-145f-4a8c-85f4-c10eb874732d@group-2077DD483DC7-LeaderElection503 got exception when requesting votes: {}
java.util.concurrent.ExecutionException: org.apache.ratis.thirdparty.io.grpc.StatusRuntimeException: UNAVAILABLE: io exception
	at java.util.concurrent.FutureTask.report(FutureTask.java:122)
	at java.util.concurrent.FutureTask.get(FutureTask.java:192)
	at org.apache.ratis.server.impl.LeaderElection.waitForResults(LeaderElection.java:259)
	at org.apache.ratis.server.impl.LeaderElection.askForVotes(LeaderElection.java:197)
	at org.apache.ratis.server.impl.LeaderElection.run(LeaderElection.java:133)
	at java.lang.Thread.run(Thread.java:748)
Caused by: org.apache.ratis.thirdparty.io.grpc.StatusRuntimeException: UNAVAILABLE: io exception
	at org.apache.ratis.thirdparty.io.grpc.stub.ClientCalls.toStatusRuntimeException(ClientCalls.java:233)
	at org.apache.ratis.thirdparty.io.grpc.stub.ClientCalls.getUnchecked(ClientCalls.java:214)
	at org.apache.ratis.thirdparty.io.grpc.stub.ClientCalls.blockingUnaryCall(ClientCalls.java:139)
	at org.apache.ratis.proto.grpc.RaftServerProtocolServiceGrpc$RaftServerProtocolServiceBlockingStub.requestVote(RaftServerProtocolServiceGrpc.java:265)
	at org.apache.ratis.grpc.server.GrpcServerProtocolClient.requestVote(GrpcServerProtocolClient.java:99)
	at org.apache.ratis.grpc.server.GrpcService.requestVote(GrpcService.java:204)
	at org.apache.ratis.server.impl.LeaderElection.lambda$submitRequests$1(LeaderElection.java:234)
	at java.util.concurrent.FutureTask.run(FutureTask.java:266)
	at java.util.concurrent.Executors$RunnableAdapter.call(Executors.java:511)
	at java.util.concurrent.FutureTask.run(FutureTask.java:266)
	at java.util.concurrent.ThreadPoolExecutor.runWorker(ThreadPoolExecutor.java:1149)
	at java.util.concurrent.ThreadPoolExecutor$Worker.run(ThreadPoolExecutor.java:624)
	... 1 more
Caused by: org.apache.ratis.thirdparty.io.netty.channel.AbstractChannel$AnnotatedConnectException: Connection refused: /192.168.157.203:43163
	at sun.nio.ch.SocketChannelImpl.checkConnect(Native Method)
	at sun.nio.ch.SocketChannelImpl.finishConnect(SocketChannelImpl.java:717)
	at org.apache.ratis.thirdparty.io.netty.channel.socket.nio.NioSocketChannel.doFinishConnect(NioSocketChannel.java:327)
	at org.apache.ratis.thirdparty.io.netty.channel.nio.AbstractNioChannel$AbstractNioUnsafe.finishConnect(AbstractNioChannel.java:340)
	at org.apache.ratis.thirdparty.io.netty.channel.nio.NioEventLoop.processSelectedKey(NioEventLoop.java:632)
	at org.apache.ratis.thirdparty.io.netty.channel.nio.NioEventLoop.processSelectedKeysOptimized(NioEventLoop.java:579)
	at org.apache.ratis.thirdparty.io.netty.channel.nio.NioEventLoop.processSelectedKeys(NioEventLoop.java:496)
	at org.apache.ratis.thirdparty.io.netty.channel.nio.NioEventLoop.run(NioEventLoop.java:458)
	at org.apache.ratis.thirdparty.io.netty.util.concurrent.SingleThreadEventExecutor$5.run(SingleThreadEventExecutor.java:897)
	at org.apache.ratis.thirdparty.io.netty.util.concurrent.FastThreadLocalRunnable.run(FastThreadLocalRunnable.java:30)
	... 1 more
Caused by: java.net.ConnectException: Connection refused
	... 11 more
2019-10-16 11:36:20,687 [a3132885-145f-4a8c-85f4-c10eb874732d@group-2077DD483DC7-LeaderElection503] INFO  impl.LeaderElection (LeaderElection.java:logAndReturn(56)) - a3132885-145f-4a8c-85f4-c10eb874732d@group-2077DD483DC7-LeaderElection503: Election REJECTED; received 0 response(s) [] and 2 exception(s); a3132885-145f-4a8c-85f4-c10eb874732d@group-2077DD483DC7:t331, leader=null, voted=a3132885-145f-4a8c-85f4-c10eb874732d, raftlog=a3132885-145f-4a8c-85f4-c10eb874732d@group-2077DD483DC7-SegmentedRaftLog:OPENED:c-1,f-1,i0, conf=-1: [163587bb-2c3b-4498-b576-18147cf38274:192.168.157.203:33208, a3132885-145f-4a8c-85f4-c10eb874732d:192.168.157.203:46766, 70b633f6-b230-4b9f-87f3-510da88f1e08:192.168.157.203:43163], old=null
2019-10-16 11:36:20,687 [a3132885-145f-4a8c-85f4-c10eb874732d@group-2077DD483DC7-LeaderElection503] INFO  impl.LeaderElection (LogUtils.java:infoOrTrace(149)) -   Exception 0: {}
java.util.concurrent.ExecutionException: org.apache.ratis.thirdparty.io.grpc.StatusRuntimeException: UNAVAILABLE: io exception
	at java.util.concurrent.FutureTask.report(FutureTask.java:122)
	at java.util.concurrent.FutureTask.get(FutureTask.java:192)
	at org.apache.ratis.server.impl.LeaderElection.waitForResults(LeaderElection.java:259)
	at org.apache.ratis.server.impl.LeaderElection.askForVotes(LeaderElection.java:197)
	at org.apache.ratis.server.impl.LeaderElection.run(LeaderElection.java:133)
	at java.lang.Thread.run(Thread.java:748)
Caused by: org.apache.ratis.thirdparty.io.grpc.StatusRuntimeException: UNAVAILABLE: io exception
	at org.apache.ratis.thirdparty.io.grpc.stub.ClientCalls.toStatusRuntimeException(ClientCalls.java:233)
	at org.apache.ratis.thirdparty.io.grpc.stub.ClientCalls.getUnchecked(ClientCalls.java:214)
	at org.apache.ratis.thirdparty.io.grpc.stub.ClientCalls.blockingUnaryCall(ClientCalls.java:139)
	at org.apache.ratis.proto.grpc.RaftServerProtocolServiceGrpc$RaftServerProtocolServiceBlockingStub.requestVote(RaftServerProtocolServiceGrpc.java:265)
	at org.apache.ratis.grpc.server.GrpcServerProtocolClient.requestVote(GrpcServerProtocolClient.java:99)
	at org.apache.ratis.grpc.server.GrpcService.requestVote(GrpcService.java:204)
	at org.apache.ratis.server.impl.LeaderElection.lambda$submitRequests$1(LeaderElection.java:234)
	at java.util.concurrent.FutureTask.run(FutureTask.java:266)
	at java.util.concurrent.Executors$RunnableAdapter.call(Executors.java:511)
	at java.util.concurrent.FutureTask.run(FutureTask.java:266)
	at java.util.concurrent.ThreadPoolExecutor.runWorker(ThreadPoolExecutor.java:1149)
	at java.util.concurrent.ThreadPoolExecutor$Worker.run(ThreadPoolExecutor.java:624)
	... 1 more
Caused by: org.apache.ratis.thirdparty.io.netty.channel.AbstractChannel$AnnotatedConnectException: Connection refused: /192.168.157.203:33208
	at sun.nio.ch.SocketChannelImpl.checkConnect(Native Method)
	at sun.nio.ch.SocketChannelImpl.finishConnect(SocketChannelImpl.java:717)
	at org.apache.ratis.thirdparty.io.netty.channel.socket.nio.NioSocketChannel.doFinishConnect(NioSocketChannel.java:327)
	at org.apache.ratis.thirdparty.io.netty.channel.nio.AbstractNioChannel$AbstractNioUnsafe.finishConnect(AbstractNioChannel.java:340)
	at org.apache.ratis.thirdparty.io.netty.channel.nio.NioEventLoop.processSelectedKey(NioEventLoop.java:632)
	at org.apache.ratis.thirdparty.io.netty.channel.nio.NioEventLoop.processSelectedKeysOptimized(NioEventLoop.java:579)
	at org.apache.ratis.thirdparty.io.netty.channel.nio.NioEventLoop.processSelectedKeys(NioEventLoop.java:496)
	at org.apache.ratis.thirdparty.io.netty.channel.nio.NioEventLoop.run(NioEventLoop.java:458)
	at org.apache.ratis.thirdparty.io.netty.util.concurrent.SingleThreadEventExecutor$5.run(SingleThreadEventExecutor.java:897)
	at org.apache.ratis.thirdparty.io.netty.util.concurrent.FastThreadLocalRunnable.run(FastThreadLocalRunnable.java:30)
	... 1 more
Caused by: java.net.ConnectException: Connection refused
	... 11 more
2019-10-16 11:36:20,687 [a3132885-145f-4a8c-85f4-c10eb874732d@group-2077DD483DC7-LeaderElection503] INFO  impl.LeaderElection (LogUtils.java:infoOrTrace(149)) -   Exception 1: {}
java.util.concurrent.ExecutionException: org.apache.ratis.thirdparty.io.grpc.StatusRuntimeException: UNAVAILABLE: io exception
	at java.util.concurrent.FutureTask.report(FutureTask.java:122)
	at java.util.concurrent.FutureTask.get(FutureTask.java:192)
	at org.apache.ratis.server.impl.LeaderElection.waitForResults(LeaderElection.java:259)
	at org.apache.ratis.server.impl.LeaderElection.askForVotes(LeaderElection.java:197)
	at org.apache.ratis.server.impl.LeaderElection.run(LeaderElection.java:133)
	at java.lang.Thread.run(Thread.java:748)
Caused by: org.apache.ratis.thirdparty.io.grpc.StatusRuntimeException: UNAVAILABLE: io exception
	at org.apache.ratis.thirdparty.io.grpc.stub.ClientCalls.toStatusRuntimeException(ClientCalls.java:233)
	at org.apache.ratis.thirdparty.io.grpc.stub.ClientCalls.getUnchecked(ClientCalls.java:214)
	at org.apache.ratis.thirdparty.io.grpc.stub.ClientCalls.blockingUnaryCall(ClientCalls.java:139)
	at org.apache.ratis.proto.grpc.RaftServerProtocolServiceGrpc$RaftServerProtocolServiceBlockingStub.requestVote(RaftServerProtocolServiceGrpc.java:265)
	at org.apache.ratis.grpc.server.GrpcServerProtocolClient.requestVote(GrpcServerProtocolClient.java:99)
	at org.apache.ratis.grpc.server.GrpcService.requestVote(GrpcService.java:204)
	at org.apache.ratis.server.impl.LeaderElection.lambda$submitRequests$1(LeaderElection.java:234)
	at java.util.concurrent.FutureTask.run(FutureTask.java:266)
	at java.util.concurrent.Executors$RunnableAdapter.call(Executors.java:511)
	at java.util.concurrent.FutureTask.run(FutureTask.java:266)
	at java.util.concurrent.ThreadPoolExecutor.runWorker(ThreadPoolExecutor.java:1149)
	at java.util.concurrent.ThreadPoolExecutor$Worker.run(ThreadPoolExecutor.java:624)
	... 1 more
Caused by: org.apache.ratis.thirdparty.io.netty.channel.AbstractChannel$AnnotatedConnectException: Connection refused: /192.168.157.203:43163
	at sun.nio.ch.SocketChannelImpl.checkConnect(Native Method)
	at sun.nio.ch.SocketChannelImpl.finishConnect(SocketChannelImpl.java:717)
	at org.apache.ratis.thirdparty.io.netty.channel.socket.nio.NioSocketChannel.doFinishConnect(NioSocketChannel.java:327)
	at org.apache.ratis.thirdparty.io.netty.channel.nio.AbstractNioChannel$AbstractNioUnsafe.finishConnect(AbstractNioChannel.java:340)
	at org.apache.ratis.thirdparty.io.netty.channel.nio.NioEventLoop.processSelectedKey(NioEventLoop.java:632)
	at org.apache.ratis.thirdparty.io.netty.channel.nio.NioEventLoop.processSelectedKeysOptimized(NioEventLoop.java:579)
	at org.apache.ratis.thirdparty.io.netty.channel.nio.NioEventLoop.processSelectedKeys(NioEventLoop.java:496)
	at org.apache.ratis.thirdparty.io.netty.channel.nio.NioEventLoop.run(NioEventLoop.java:458)
	at org.apache.ratis.thirdparty.io.netty.util.concurrent.SingleThreadEventExecutor$5.run(SingleThreadEventExecutor.java:897)
	at org.apache.ratis.thirdparty.io.netty.util.concurrent.FastThreadLocalRunnable.run(FastThreadLocalRunnable.java:30)
	... 1 more
Caused by: java.net.ConnectException: Connection refused
	... 11 more
2019-10-16 11:36:20,688 [a3132885-145f-4a8c-85f4-c10eb874732d@group-2077DD483DC7-LeaderElection503] INFO  impl.RaftServerImpl (RaftServerImpl.java:setRole(184)) - a3132885-145f-4a8c-85f4-c10eb874732d@group-2077DD483DC7: changes role from CANDIDATE to FOLLOWER at term 331 for DISCOVERED_A_NEW_TERM
2019-10-16 11:36:20,688 [a3132885-145f-4a8c-85f4-c10eb874732d@group-2077DD483DC7-LeaderElection503] INFO  impl.RoleInfo (RoleInfo.java:shutdownLeaderElection(134)) - a3132885-145f-4a8c-85f4-c10eb874732d: shutdown LeaderElection
2019-10-16 11:36:20,688 [a3132885-145f-4a8c-85f4-c10eb874732d@group-2077DD483DC7-LeaderElection503] INFO  impl.RoleInfo (RoleInfo.java:updateAndGet(143)) - a3132885-145f-4a8c-85f4-c10eb874732d: start FollowerState
2019-10-16 11:36:20,795 [Thread-3687] INFO  impl.FollowerState (FollowerState.java:run(108)) - a3132885-145f-4a8c-85f4-c10eb874732d@group-2077DD483DC7-FollowerState: change to CANDIDATE, lastRpcTime:107ms, electionTimeout:107ms
2019-10-16 11:36:20,795 [Thread-3687] INFO  impl.RoleInfo (RoleInfo.java:shutdownFollowerState(121)) - a3132885-145f-4a8c-85f4-c10eb874732d: shutdown FollowerState
2019-10-16 11:36:20,796 [Thread-3687] INFO  impl.RaftServerImpl (RaftServerImpl.java:setRole(184)) - a3132885-145f-4a8c-85f4-c10eb874732d@group-2077DD483DC7: changes role from  FOLLOWER to CANDIDATE at term 331 for changeToCandidate
2019-10-16 11:36:20,796 [Thread-3687] INFO  impl.RoleInfo (RoleInfo.java:updateAndGet(143)) - a3132885-145f-4a8c-85f4-c10eb874732d: start LeaderElection
2019-10-16 11:36:20,803 [a3132885-145f-4a8c-85f4-c10eb874732d@group-2077DD483DC7-LeaderElection504] INFO  impl.LeaderElection (LeaderElection.java:askForVotes(178)) - a3132885-145f-4a8c-85f4-c10eb874732d@group-2077DD483DC7-LeaderElection504: begin an election at term 332 for -1: [163587bb-2c3b-4498-b576-18147cf38274:192.168.157.203:33208, a3132885-145f-4a8c-85f4-c10eb874732d:192.168.157.203:46766, 70b633f6-b230-4b9f-87f3-510da88f1e08:192.168.157.203:43163], old=null
2019-10-16 11:36:20,804 [a3132885-145f-4a8c-85f4-c10eb874732d@group-2077DD483DC7-LeaderElection504] INFO  impl.LeaderElection (LogUtils.java:infoOrTrace(149)) - a3132885-145f-4a8c-85f4-c10eb874732d@group-2077DD483DC7-LeaderElection504 got exception when requesting votes: {}
java.util.concurrent.ExecutionException: org.apache.ratis.thirdparty.io.grpc.StatusRuntimeException: UNAVAILABLE: io exception
	at java.util.concurrent.FutureTask.report(FutureTask.java:122)
	at java.util.concurrent.FutureTask.get(FutureTask.java:192)
	at org.apache.ratis.server.impl.LeaderElection.waitForResults(LeaderElection.java:259)
	at org.apache.ratis.server.impl.LeaderElection.askForVotes(LeaderElection.java:197)
	at org.apache.ratis.server.impl.LeaderElection.run(LeaderElection.java:133)
	at java.lang.Thread.run(Thread.java:748)
Caused by: org.apache.ratis.thirdparty.io.grpc.StatusRuntimeException: UNAVAILABLE: io exception
	at org.apache.ratis.thirdparty.io.grpc.stub.ClientCalls.toStatusRuntimeException(ClientCalls.java:233)
	at org.apache.ratis.thirdparty.io.grpc.stub.ClientCalls.getUnchecked(ClientCalls.java:214)
	at org.apache.ratis.thirdparty.io.grpc.stub.ClientCalls.blockingUnaryCall(ClientCalls.java:139)
	at org.apache.ratis.proto.grpc.RaftServerProtocolServiceGrpc$RaftServerProtocolServiceBlockingStub.requestVote(RaftServerProtocolServiceGrpc.java:265)
	at org.apache.ratis.grpc.server.GrpcServerProtocolClient.requestVote(GrpcServerProtocolClient.java:99)
	at org.apache.ratis.grpc.server.GrpcService.requestVote(GrpcService.java:204)
	at org.apache.ratis.server.impl.LeaderElection.lambda$submitRequests$1(LeaderElection.java:234)
	at java.util.concurrent.FutureTask.run(FutureTask.java:266)
	at java.util.concurrent.Executors$RunnableAdapter.call(Executors.java:511)
	at java.util.concurrent.FutureTask.run(FutureTask.java:266)
	at java.util.concurrent.ThreadPoolExecutor.runWorker(ThreadPoolExecutor.java:1149)
	at java.util.concurrent.ThreadPoolExecutor$Worker.run(ThreadPoolExecutor.java:624)
	... 1 more
Caused by: org.apache.ratis.thirdparty.io.netty.channel.AbstractChannel$AnnotatedConnectException: Connection refused: /192.168.157.203:33208
	at sun.nio.ch.SocketChannelImpl.checkConnect(Native Method)
	at sun.nio.ch.SocketChannelImpl.finishConnect(SocketChannelImpl.java:717)
	at org.apache.ratis.thirdparty.io.netty.channel.socket.nio.NioSocketChannel.doFinishConnect(NioSocketChannel.java:327)
	at org.apache.ratis.thirdparty.io.netty.channel.nio.AbstractNioChannel$AbstractNioUnsafe.finishConnect(AbstractNioChannel.java:340)
	at org.apache.ratis.thirdparty.io.netty.channel.nio.NioEventLoop.processSelectedKey(NioEventLoop.java:632)
	at org.apache.ratis.thirdparty.io.netty.channel.nio.NioEventLoop.processSelectedKeysOptimized(NioEventLoop.java:579)
	at org.apache.ratis.thirdparty.io.netty.channel.nio.NioEventLoop.processSelectedKeys(NioEventLoop.java:496)
	at org.apache.ratis.thirdparty.io.netty.channel.nio.NioEventLoop.run(NioEventLoop.java:458)
	at org.apache.ratis.thirdparty.io.netty.util.concurrent.SingleThreadEventExecutor$5.run(SingleThreadEventExecutor.java:897)
	at org.apache.ratis.thirdparty.io.netty.util.concurrent.FastThreadLocalRunnable.run(FastThreadLocalRunnable.java:30)
	... 1 more
Caused by: java.net.ConnectException: Connection refused
	... 11 more
2019-10-16 11:36:20,804 [a3132885-145f-4a8c-85f4-c10eb874732d@group-2077DD483DC7-LeaderElection504] INFO  impl.LeaderElection (LogUtils.java:infoOrTrace(149)) - a3132885-145f-4a8c-85f4-c10eb874732d@group-2077DD483DC7-LeaderElection504 got exception when requesting votes: {}
java.util.concurrent.ExecutionException: org.apache.ratis.thirdparty.io.grpc.StatusRuntimeException: UNAVAILABLE: io exception
	at java.util.concurrent.FutureTask.report(FutureTask.java:122)
	at java.util.concurrent.FutureTask.get(FutureTask.java:192)
	at org.apache.ratis.server.impl.LeaderElection.waitForResults(LeaderElection.java:259)
	at org.apache.ratis.server.impl.LeaderElection.askForVotes(LeaderElection.java:197)
	at org.apache.ratis.server.impl.LeaderElection.run(LeaderElection.java:133)
	at java.lang.Thread.run(Thread.java:748)
Caused by: org.apache.ratis.thirdparty.io.grpc.StatusRuntimeException: UNAVAILABLE: io exception
	at org.apache.ratis.thirdparty.io.grpc.stub.ClientCalls.toStatusRuntimeException(ClientCalls.java:233)
	at org.apache.ratis.thirdparty.io.grpc.stub.ClientCalls.getUnchecked(ClientCalls.java:214)
	at org.apache.ratis.thirdparty.io.grpc.stub.ClientCalls.blockingUnaryCall(ClientCalls.java:139)
	at org.apache.ratis.proto.grpc.RaftServerProtocolServiceGrpc$RaftServerProtocolServiceBlockingStub.requestVote(RaftServerProtocolServiceGrpc.java:265)
	at org.apache.ratis.grpc.server.GrpcServerProtocolClient.requestVote(GrpcServerProtocolClient.java:99)
	at org.apache.ratis.grpc.server.GrpcService.requestVote(GrpcService.java:204)
	at org.apache.ratis.server.impl.LeaderElection.lambda$submitRequests$1(LeaderElection.java:234)
	at java.util.concurrent.FutureTask.run(FutureTask.java:266)
	at java.util.concurrent.Executors$RunnableAdapter.call(Executors.java:511)
	at java.util.concurrent.FutureTask.run(FutureTask.java:266)
	at java.util.concurrent.ThreadPoolExecutor.runWorker(ThreadPoolExecutor.java:1149)
	at java.util.concurrent.ThreadPoolExecutor$Worker.run(ThreadPoolExecutor.java:624)
	... 1 more
Caused by: org.apache.ratis.thirdparty.io.netty.channel.AbstractChannel$AnnotatedConnectException: Connection refused: /192.168.157.203:43163
	at sun.nio.ch.SocketChannelImpl.checkConnect(Native Method)
	at sun.nio.ch.SocketChannelImpl.finishConnect(SocketChannelImpl.java:717)
	at org.apache.ratis.thirdparty.io.netty.channel.socket.nio.NioSocketChannel.doFinishConnect(NioSocketChannel.java:327)
	at org.apache.ratis.thirdparty.io.netty.channel.nio.AbstractNioChannel$AbstractNioUnsafe.finishConnect(AbstractNioChannel.java:340)
	at org.apache.ratis.thirdparty.io.netty.channel.nio.NioEventLoop.processSelectedKey(NioEventLoop.java:632)
	at org.apache.ratis.thirdparty.io.netty.channel.nio.NioEventLoop.processSelectedKeysOptimized(NioEventLoop.java:579)
	at org.apache.ratis.thirdparty.io.netty.channel.nio.NioEventLoop.processSelectedKeys(NioEventLoop.java:496)
	at org.apache.ratis.thirdparty.io.netty.channel.nio.NioEventLoop.run(NioEventLoop.java:458)
	at org.apache.ratis.thirdparty.io.netty.util.concurrent.SingleThreadEventExecutor$5.run(SingleThreadEventExecutor.java:897)
	at org.apache.ratis.thirdparty.io.netty.util.concurrent.FastThreadLocalRunnable.run(FastThreadLocalRunnable.java:30)
	... 1 more
Caused by: java.net.ConnectException: Connection refused
	... 11 more
2019-10-16 11:36:20,805 [a3132885-145f-4a8c-85f4-c10eb874732d@group-2077DD483DC7-LeaderElection504] INFO  impl.LeaderElection (LeaderElection.java:logAndReturn(56)) - a3132885-145f-4a8c-85f4-c10eb874732d@group-2077DD483DC7-LeaderElection504: Election REJECTED; received 0 response(s) [] and 2 exception(s); a3132885-145f-4a8c-85f4-c10eb874732d@group-2077DD483DC7:t332, leader=null, voted=a3132885-145f-4a8c-85f4-c10eb874732d, raftlog=a3132885-145f-4a8c-85f4-c10eb874732d@group-2077DD483DC7-SegmentedRaftLog:OPENED:c-1,f-1,i0, conf=-1: [163587bb-2c3b-4498-b576-18147cf38274:192.168.157.203:33208, a3132885-145f-4a8c-85f4-c10eb874732d:192.168.157.203:46766, 70b633f6-b230-4b9f-87f3-510da88f1e08:192.168.157.203:43163], old=null
2019-10-16 11:36:20,805 [a3132885-145f-4a8c-85f4-c10eb874732d@group-2077DD483DC7-LeaderElection504] INFO  impl.LeaderElection (LogUtils.java:infoOrTrace(149)) -   Exception 0: {}
java.util.concurrent.ExecutionException: org.apache.ratis.thirdparty.io.grpc.StatusRuntimeException: UNAVAILABLE: io exception
	at java.util.concurrent.FutureTask.report(FutureTask.java:122)
	at java.util.concurrent.FutureTask.get(FutureTask.java:192)
	at org.apache.ratis.server.impl.LeaderElection.waitForResults(LeaderElection.java:259)
	at org.apache.ratis.server.impl.LeaderElection.askForVotes(LeaderElection.java:197)
	at org.apache.ratis.server.impl.LeaderElection.run(LeaderElection.java:133)
	at java.lang.Thread.run(Thread.java:748)
Caused by: org.apache.ratis.thirdparty.io.grpc.StatusRuntimeException: UNAVAILABLE: io exception
	at org.apache.ratis.thirdparty.io.grpc.stub.ClientCalls.toStatusRuntimeException(ClientCalls.java:233)
	at org.apache.ratis.thirdparty.io.grpc.stub.ClientCalls.getUnchecked(ClientCalls.java:214)
	at org.apache.ratis.thirdparty.io.grpc.stub.ClientCalls.blockingUnaryCall(ClientCalls.java:139)
	at org.apache.ratis.proto.grpc.RaftServerProtocolServiceGrpc$RaftServerProtocolServiceBlockingStub.requestVote(RaftServerProtocolServiceGrpc.java:265)
	at org.apache.ratis.grpc.server.GrpcServerProtocolClient.requestVote(GrpcServerProtocolClient.java:99)
	at org.apache.ratis.grpc.server.GrpcService.requestVote(GrpcService.java:204)
	at org.apache.ratis.server.impl.LeaderElection.lambda$submitRequests$1(LeaderElection.java:234)
	at java.util.concurrent.FutureTask.run(FutureTask.java:266)
	at java.util.concurrent.Executors$RunnableAdapter.call(Executors.java:511)
	at java.util.concurrent.FutureTask.run(FutureTask.java:266)
	at java.util.concurrent.ThreadPoolExecutor.runWorker(ThreadPoolExecutor.java:1149)
	at java.util.concurrent.ThreadPoolExecutor$Worker.run(ThreadPoolExecutor.java:624)
	... 1 more
Caused by: org.apache.ratis.thirdparty.io.netty.channel.AbstractChannel$AnnotatedConnectException: Connection refused: /192.168.157.203:33208
	at sun.nio.ch.SocketChannelImpl.checkConnect(Native Method)
	at sun.nio.ch.SocketChannelImpl.finishConnect(SocketChannelImpl.java:717)
	at org.apache.ratis.thirdparty.io.netty.channel.socket.nio.NioSocketChannel.doFinishConnect(NioSocketChannel.java:327)
	at org.apache.ratis.thirdparty.io.netty.channel.nio.AbstractNioChannel$AbstractNioUnsafe.finishConnect(AbstractNioChannel.java:340)
	at org.apache.ratis.thirdparty.io.netty.channel.nio.NioEventLoop.processSelectedKey(NioEventLoop.java:632)
	at org.apache.ratis.thirdparty.io.netty.channel.nio.NioEventLoop.processSelectedKeysOptimized(NioEventLoop.java:579)
	at org.apache.ratis.thirdparty.io.netty.channel.nio.NioEventLoop.processSelectedKeys(NioEventLoop.java:496)
	at org.apache.ratis.thirdparty.io.netty.channel.nio.NioEventLoop.run(NioEventLoop.java:458)
	at org.apache.ratis.thirdparty.io.netty.util.concurrent.SingleThreadEventExecutor$5.run(SingleThreadEventExecutor.java:897)
	at org.apache.ratis.thirdparty.io.netty.util.concurrent.FastThreadLocalRunnable.run(FastThreadLocalRunnable.java:30)
	... 1 more
Caused by: java.net.ConnectException: Connection refused
	... 11 more
2019-10-16 11:36:20,805 [a3132885-145f-4a8c-85f4-c10eb874732d@group-2077DD483DC7-LeaderElection504] INFO  impl.LeaderElection (LogUtils.java:infoOrTrace(149)) -   Exception 1: {}
java.util.concurrent.ExecutionException: org.apache.ratis.thirdparty.io.grpc.StatusRuntimeException: UNAVAILABLE: io exception
	at java.util.concurrent.FutureTask.report(FutureTask.java:122)
	at java.util.concurrent.FutureTask.get(FutureTask.java:192)
	at org.apache.ratis.server.impl.LeaderElection.waitForResults(LeaderElection.java:259)
	at org.apache.ratis.server.impl.LeaderElection.askForVotes(LeaderElection.java:197)
	at org.apache.ratis.server.impl.LeaderElection.run(LeaderElection.java:133)
	at java.lang.Thread.run(Thread.java:748)
Caused by: org.apache.ratis.thirdparty.io.grpc.StatusRuntimeException: UNAVAILABLE: io exception
	at org.apache.ratis.thirdparty.io.grpc.stub.ClientCalls.toStatusRuntimeException(ClientCalls.java:233)
	at org.apache.ratis.thirdparty.io.grpc.stub.ClientCalls.getUnchecked(ClientCalls.java:214)
	at org.apache.ratis.thirdparty.io.grpc.stub.ClientCalls.blockingUnaryCall(ClientCalls.java:139)
	at org.apache.ratis.proto.grpc.RaftServerProtocolServiceGrpc$RaftServerProtocolServiceBlockingStub.requestVote(RaftServerProtocolServiceGrpc.java:265)
	at org.apache.ratis.grpc.server.GrpcServerProtocolClient.requestVote(GrpcServerProtocolClient.java:99)
	at org.apache.ratis.grpc.server.GrpcService.requestVote(GrpcService.java:204)
	at org.apache.ratis.server.impl.LeaderElection.lambda$submitRequests$1(LeaderElection.java:234)
	at java.util.concurrent.FutureTask.run(FutureTask.java:266)
	at java.util.concurrent.Executors$RunnableAdapter.call(Executors.java:511)
	at java.util.concurrent.FutureTask.run(FutureTask.java:266)
	at java.util.concurrent.ThreadPoolExecutor.runWorker(ThreadPoolExecutor.java:1149)
	at java.util.concurrent.ThreadPoolExecutor$Worker.run(ThreadPoolExecutor.java:624)
	... 1 more
Caused by: org.apache.ratis.thirdparty.io.netty.channel.AbstractChannel$AnnotatedConnectException: Connection refused: /192.168.157.203:43163
	at sun.nio.ch.SocketChannelImpl.checkConnect(Native Method)
	at sun.nio.ch.SocketChannelImpl.finishConnect(SocketChannelImpl.java:717)
	at org.apache.ratis.thirdparty.io.netty.channel.socket.nio.NioSocketChannel.doFinishConnect(NioSocketChannel.java:327)
	at org.apache.ratis.thirdparty.io.netty.channel.nio.AbstractNioChannel$AbstractNioUnsafe.finishConnect(AbstractNioChannel.java:340)
	at org.apache.ratis.thirdparty.io.netty.channel.nio.NioEventLoop.processSelectedKey(NioEventLoop.java:632)
	at org.apache.ratis.thirdparty.io.netty.channel.nio.NioEventLoop.processSelectedKeysOptimized(NioEventLoop.java:579)
	at org.apache.ratis.thirdparty.io.netty.channel.nio.NioEventLoop.processSelectedKeys(NioEventLoop.java:496)
	at org.apache.ratis.thirdparty.io.netty.channel.nio.NioEventLoop.run(NioEventLoop.java:458)
	at org.apache.ratis.thirdparty.io.netty.util.concurrent.SingleThreadEventExecutor$5.run(SingleThreadEventExecutor.java:897)
	at org.apache.ratis.thirdparty.io.netty.util.concurrent.FastThreadLocalRunnable.run(FastThreadLocalRunnable.java:30)
	... 1 more
Caused by: java.net.ConnectException: Connection refused
	... 11 more
2019-10-16 11:36:20,806 [a3132885-145f-4a8c-85f4-c10eb874732d@group-2077DD483DC7-LeaderElection504] INFO  impl.RaftServerImpl (RaftServerImpl.java:setRole(184)) - a3132885-145f-4a8c-85f4-c10eb874732d@group-2077DD483DC7: changes role from CANDIDATE to FOLLOWER at term 332 for DISCOVERED_A_NEW_TERM
2019-10-16 11:36:20,806 [a3132885-145f-4a8c-85f4-c10eb874732d@group-2077DD483DC7-LeaderElection504] INFO  impl.RoleInfo (RoleInfo.java:shutdownLeaderElection(134)) - a3132885-145f-4a8c-85f4-c10eb874732d: shutdown LeaderElection
2019-10-16 11:36:20,806 [a3132885-145f-4a8c-85f4-c10eb874732d@group-2077DD483DC7-LeaderElection504] INFO  impl.RoleInfo (RoleInfo.java:updateAndGet(143)) - a3132885-145f-4a8c-85f4-c10eb874732d: start FollowerState
2019-10-16 11:36:20,945 [Thread-3691] INFO  impl.FollowerState (FollowerState.java:run(108)) - a3132885-145f-4a8c-85f4-c10eb874732d@group-2077DD483DC7-FollowerState: change to CANDIDATE, lastRpcTime:139ms, electionTimeout:139ms
2019-10-16 11:36:20,945 [Thread-3691] INFO  impl.RoleInfo (RoleInfo.java:shutdownFollowerState(121)) - a3132885-145f-4a8c-85f4-c10eb874732d: shutdown FollowerState
2019-10-16 11:36:20,945 [Thread-3691] INFO  impl.RaftServerImpl (RaftServerImpl.java:setRole(184)) - a3132885-145f-4a8c-85f4-c10eb874732d@group-2077DD483DC7: changes role from  FOLLOWER to CANDIDATE at term 332 for changeToCandidate
2019-10-16 11:36:20,945 [Thread-3691] INFO  impl.RoleInfo (RoleInfo.java:updateAndGet(143)) - a3132885-145f-4a8c-85f4-c10eb874732d: start LeaderElection
2019-10-16 11:36:20,951 [a3132885-145f-4a8c-85f4-c10eb874732d@group-2077DD483DC7-LeaderElection505] INFO  impl.LeaderElection (LeaderElection.java:askForVotes(178)) - a3132885-145f-4a8c-85f4-c10eb874732d@group-2077DD483DC7-LeaderElection505: begin an election at term 333 for -1: [163587bb-2c3b-4498-b576-18147cf38274:192.168.157.203:33208, a3132885-145f-4a8c-85f4-c10eb874732d:192.168.157.203:46766, 70b633f6-b230-4b9f-87f3-510da88f1e08:192.168.157.203:43163], old=null
2019-10-16 11:36:20,952 [a3132885-145f-4a8c-85f4-c10eb874732d@group-2077DD483DC7-LeaderElection505] INFO  impl.LeaderElection (LogUtils.java:infoOrTrace(149)) - a3132885-145f-4a8c-85f4-c10eb874732d@group-2077DD483DC7-LeaderElection505 got exception when requesting votes: {}
java.util.concurrent.ExecutionException: org.apache.ratis.thirdparty.io.grpc.StatusRuntimeException: UNAVAILABLE: io exception
	at java.util.concurrent.FutureTask.report(FutureTask.java:122)
	at java.util.concurrent.FutureTask.get(FutureTask.java:192)
	at org.apache.ratis.server.impl.LeaderElection.waitForResults(LeaderElection.java:259)
	at org.apache.ratis.server.impl.LeaderElection.askForVotes(LeaderElection.java:197)
	at org.apache.ratis.server.impl.LeaderElection.run(LeaderElection.java:133)
	at java.lang.Thread.run(Thread.java:748)
Caused by: org.apache.ratis.thirdparty.io.grpc.StatusRuntimeException: UNAVAILABLE: io exception
	at org.apache.ratis.thirdparty.io.grpc.stub.ClientCalls.toStatusRuntimeException(ClientCalls.java:233)
	at org.apache.ratis.thirdparty.io.grpc.stub.ClientCalls.getUnchecked(ClientCalls.java:214)
	at org.apache.ratis.thirdparty.io.grpc.stub.ClientCalls.blockingUnaryCall(ClientCalls.java:139)
	at org.apache.ratis.proto.grpc.RaftServerProtocolServiceGrpc$RaftServerProtocolServiceBlockingStub.requestVote(RaftServerProtocolServiceGrpc.java:265)
	at org.apache.ratis.grpc.server.GrpcServerProtocolClient.requestVote(GrpcServerProtocolClient.java:99)
	at org.apache.ratis.grpc.server.GrpcService.requestVote(GrpcService.java:204)
	at org.apache.ratis.server.impl.LeaderElection.lambda$submitRequests$1(LeaderElection.java:234)
	at java.util.concurrent.FutureTask.run(FutureTask.java:266)
	at java.util.concurrent.Executors$RunnableAdapter.call(Executors.java:511)
	at java.util.concurrent.FutureTask.run(FutureTask.java:266)
	at java.util.concurrent.ThreadPoolExecutor.runWorker(ThreadPoolExecutor.java:1149)
	at java.util.concurrent.ThreadPoolExecutor$Worker.run(ThreadPoolExecutor.java:624)
	... 1 more
Caused by: org.apache.ratis.thirdparty.io.netty.channel.AbstractChannel$AnnotatedConnectException: Connection refused: /192.168.157.203:33208
	at sun.nio.ch.SocketChannelImpl.checkConnect(Native Method)
	at sun.nio.ch.SocketChannelImpl.finishConnect(SocketChannelImpl.java:717)
	at org.apache.ratis.thirdparty.io.netty.channel.socket.nio.NioSocketChannel.doFinishConnect(NioSocketChannel.java:327)
	at org.apache.ratis.thirdparty.io.netty.channel.nio.AbstractNioChannel$AbstractNioUnsafe.finishConnect(AbstractNioChannel.java:340)
	at org.apache.ratis.thirdparty.io.netty.channel.nio.NioEventLoop.processSelectedKey(NioEventLoop.java:632)
	at org.apache.ratis.thirdparty.io.netty.channel.nio.NioEventLoop.processSelectedKeysOptimized(NioEventLoop.java:579)
	at org.apache.ratis.thirdparty.io.netty.channel.nio.NioEventLoop.processSelectedKeys(NioEventLoop.java:496)
	at org.apache.ratis.thirdparty.io.netty.channel.nio.NioEventLoop.run(NioEventLoop.java:458)
	at org.apache.ratis.thirdparty.io.netty.util.concurrent.SingleThreadEventExecutor$5.run(SingleThreadEventExecutor.java:897)
	at org.apache.ratis.thirdparty.io.netty.util.concurrent.FastThreadLocalRunnable.run(FastThreadLocalRunnable.java:30)
	... 1 more
Caused by: java.net.ConnectException: Connection refused
	... 11 more
2019-10-16 11:36:20,953 [a3132885-145f-4a8c-85f4-c10eb874732d@group-2077DD483DC7-LeaderElection505] INFO  impl.LeaderElection (LogUtils.java:infoOrTrace(149)) - a3132885-145f-4a8c-85f4-c10eb874732d@group-2077DD483DC7-LeaderElection505 got exception when requesting votes: {}
java.util.concurrent.ExecutionException: org.apache.ratis.thirdparty.io.grpc.StatusRuntimeException: UNAVAILABLE: io exception
	at java.util.concurrent.FutureTask.report(FutureTask.java:122)
	at java.util.concurrent.FutureTask.get(FutureTask.java:192)
	at org.apache.ratis.server.impl.LeaderElection.waitForResults(LeaderElection.java:259)
	at org.apache.ratis.server.impl.LeaderElection.askForVotes(LeaderElection.java:197)
	at org.apache.ratis.server.impl.LeaderElection.run(LeaderElection.java:133)
	at java.lang.Thread.run(Thread.java:748)
Caused by: org.apache.ratis.thirdparty.io.grpc.StatusRuntimeException: UNAVAILABLE: io exception
	at org.apache.ratis.thirdparty.io.grpc.stub.ClientCalls.toStatusRuntimeException(ClientCalls.java:233)
	at org.apache.ratis.thirdparty.io.grpc.stub.ClientCalls.getUnchecked(ClientCalls.java:214)
	at org.apache.ratis.thirdparty.io.grpc.stub.ClientCalls.blockingUnaryCall(ClientCalls.java:139)
	at org.apache.ratis.proto.grpc.RaftServerProtocolServiceGrpc$RaftServerProtocolServiceBlockingStub.requestVote(RaftServerProtocolServiceGrpc.java:265)
	at org.apache.ratis.grpc.server.GrpcServerProtocolClient.requestVote(GrpcServerProtocolClient.java:99)
	at org.apache.ratis.grpc.server.GrpcService.requestVote(GrpcService.java:204)
	at org.apache.ratis.server.impl.LeaderElection.lambda$submitRequests$1(LeaderElection.java:234)
	at java.util.concurrent.FutureTask.run(FutureTask.java:266)
	at java.util.concurrent.Executors$RunnableAdapter.call(Executors.java:511)
	at java.util.concurrent.FutureTask.run(FutureTask.java:266)
	at java.util.concurrent.ThreadPoolExecutor.runWorker(ThreadPoolExecutor.java:1149)
	at java.util.concurrent.ThreadPoolExecutor$Worker.run(ThreadPoolExecutor.java:624)
	... 1 more
Caused by: org.apache.ratis.thirdparty.io.netty.channel.AbstractChannel$AnnotatedConnectException: Connection refused: /192.168.157.203:43163
	at sun.nio.ch.SocketChannelImpl.checkConnect(Native Method)
	at sun.nio.ch.SocketChannelImpl.finishConnect(SocketChannelImpl.java:717)
	at org.apache.ratis.thirdparty.io.netty.channel.socket.nio.NioSocketChannel.doFinishConnect(NioSocketChannel.java:327)
	at org.apache.ratis.thirdparty.io.netty.channel.nio.AbstractNioChannel$AbstractNioUnsafe.finishConnect(AbstractNioChannel.java:340)
	at org.apache.ratis.thirdparty.io.netty.channel.nio.NioEventLoop.processSelectedKey(NioEventLoop.java:632)
	at org.apache.ratis.thirdparty.io.netty.channel.nio.NioEventLoop.processSelectedKeysOptimized(NioEventLoop.java:579)
	at org.apache.ratis.thirdparty.io.netty.channel.nio.NioEventLoop.processSelectedKeys(NioEventLoop.java:496)
	at org.apache.ratis.thirdparty.io.netty.channel.nio.NioEventLoop.run(NioEventLoop.java:458)
	at org.apache.ratis.thirdparty.io.netty.util.concurrent.SingleThreadEventExecutor$5.run(SingleThreadEventExecutor.java:897)
	at org.apache.ratis.thirdparty.io.netty.util.concurrent.FastThreadLocalRunnable.run(FastThreadLocalRunnable.java:30)
	... 1 more
Caused by: java.net.ConnectException: Connection refused
	... 11 more
2019-10-16 11:36:20,953 [a3132885-145f-4a8c-85f4-c10eb874732d@group-2077DD483DC7-LeaderElection505] INFO  impl.LeaderElection (LeaderElection.java:logAndReturn(56)) - a3132885-145f-4a8c-85f4-c10eb874732d@group-2077DD483DC7-LeaderElection505: Election REJECTED; received 0 response(s) [] and 2 exception(s); a3132885-145f-4a8c-85f4-c10eb874732d@group-2077DD483DC7:t333, leader=null, voted=a3132885-145f-4a8c-85f4-c10eb874732d, raftlog=a3132885-145f-4a8c-85f4-c10eb874732d@group-2077DD483DC7-SegmentedRaftLog:OPENED:c-1,f-1,i0, conf=-1: [163587bb-2c3b-4498-b576-18147cf38274:192.168.157.203:33208, a3132885-145f-4a8c-85f4-c10eb874732d:192.168.157.203:46766, 70b633f6-b230-4b9f-87f3-510da88f1e08:192.168.157.203:43163], old=null
2019-10-16 11:36:20,953 [a3132885-145f-4a8c-85f4-c10eb874732d@group-2077DD483DC7-LeaderElection505] INFO  impl.LeaderElection (LogUtils.java:infoOrTrace(149)) -   Exception 0: {}
java.util.concurrent.ExecutionException: org.apache.ratis.thirdparty.io.grpc.StatusRuntimeException: UNAVAILABLE: io exception
	at java.util.concurrent.FutureTask.report(FutureTask.java:122)
	at java.util.concurrent.FutureTask.get(FutureTask.java:192)
	at org.apache.ratis.server.impl.LeaderElection.waitForResults(LeaderElection.java:259)
	at org.apache.ratis.server.impl.LeaderElection.askForVotes(LeaderElection.java:197)
	at org.apache.ratis.server.impl.LeaderElection.run(LeaderElection.java:133)
	at java.lang.Thread.run(Thread.java:748)
Caused by: org.apache.ratis.thirdparty.io.grpc.StatusRuntimeException: UNAVAILABLE: io exception
	at org.apache.ratis.thirdparty.io.grpc.stub.ClientCalls.toStatusRuntimeException(ClientCalls.java:233)
	at org.apache.ratis.thirdparty.io.grpc.stub.ClientCalls.getUnchecked(ClientCalls.java:214)
	at org.apache.ratis.thirdparty.io.grpc.stub.ClientCalls.blockingUnaryCall(ClientCalls.java:139)
	at org.apache.ratis.proto.grpc.RaftServerProtocolServiceGrpc$RaftServerProtocolServiceBlockingStub.requestVote(RaftServerProtocolServiceGrpc.java:265)
	at org.apache.ratis.grpc.server.GrpcServerProtocolClient.requestVote(GrpcServerProtocolClient.java:99)
	at org.apache.ratis.grpc.server.GrpcService.requestVote(GrpcService.java:204)
	at org.apache.ratis.server.impl.LeaderElection.lambda$submitRequests$1(LeaderElection.java:234)
	at java.util.concurrent.FutureTask.run(FutureTask.java:266)
	at java.util.concurrent.Executors$RunnableAdapter.call(Executors.java:511)
	at java.util.concurrent.FutureTask.run(FutureTask.java:266)
	at java.util.concurrent.ThreadPoolExecutor.runWorker(ThreadPoolExecutor.java:1149)
	at java.util.concurrent.ThreadPoolExecutor$Worker.run(ThreadPoolExecutor.java:624)
	... 1 more
Caused by: org.apache.ratis.thirdparty.io.netty.channel.AbstractChannel$AnnotatedConnectException: Connection refused: /192.168.157.203:33208
	at sun.nio.ch.SocketChannelImpl.checkConnect(Native Method)
	at sun.nio.ch.SocketChannelImpl.finishConnect(SocketChannelImpl.java:717)
	at org.apache.ratis.thirdparty.io.netty.channel.socket.nio.NioSocketChannel.doFinishConnect(NioSocketChannel.java:327)
	at org.apache.ratis.thirdparty.io.netty.channel.nio.AbstractNioChannel$AbstractNioUnsafe.finishConnect(AbstractNioChannel.java:340)
	at org.apache.ratis.thirdparty.io.netty.channel.nio.NioEventLoop.processSelectedKey(NioEventLoop.java:632)
	at org.apache.ratis.thirdparty.io.netty.channel.nio.NioEventLoop.processSelectedKeysOptimized(NioEventLoop.java:579)
	at org.apache.ratis.thirdparty.io.netty.channel.nio.NioEventLoop.processSelectedKeys(NioEventLoop.java:496)
	at org.apache.ratis.thirdparty.io.netty.channel.nio.NioEventLoop.run(NioEventLoop.java:458)
	at org.apache.ratis.thirdparty.io.netty.util.concurrent.SingleThreadEventExecutor$5.run(SingleThreadEventExecutor.java:897)
	at org.apache.ratis.thirdparty.io.netty.util.concurrent.FastThreadLocalRunnable.run(FastThreadLocalRunnable.java:30)
	... 1 more
Caused by: java.net.ConnectException: Connection refused
	... 11 more
2019-10-16 11:36:20,954 [a3132885-145f-4a8c-85f4-c10eb874732d@group-2077DD483DC7-LeaderElection505] INFO  impl.LeaderElection (LogUtils.java:infoOrTrace(149)) -   Exception 1: {}
java.util.concurrent.ExecutionException: org.apache.ratis.thirdparty.io.grpc.StatusRuntimeException: UNAVAILABLE: io exception
	at java.util.concurrent.FutureTask.report(FutureTask.java:122)
	at java.util.concurrent.FutureTask.get(FutureTask.java:192)
	at org.apache.ratis.server.impl.LeaderElection.waitForResults(LeaderElection.java:259)
	at org.apache.ratis.server.impl.LeaderElection.askForVotes(LeaderElection.java:197)
	at org.apache.ratis.server.impl.LeaderElection.run(LeaderElection.java:133)
	at java.lang.Thread.run(Thread.java:748)
Caused by: org.apache.ratis.thirdparty.io.grpc.StatusRuntimeException: UNAVAILABLE: io exception
	at org.apache.ratis.thirdparty.io.grpc.stub.ClientCalls.toStatusRuntimeException(ClientCalls.java:233)
	at org.apache.ratis.thirdparty.io.grpc.stub.ClientCalls.getUnchecked(ClientCalls.java:214)
	at org.apache.ratis.thirdparty.io.grpc.stub.ClientCalls.blockingUnaryCall(ClientCalls.java:139)
	at org.apache.ratis.proto.grpc.RaftServerProtocolServiceGrpc$RaftServerProtocolServiceBlockingStub.requestVote(RaftServerProtocolServiceGrpc.java:265)
	at org.apache.ratis.grpc.server.GrpcServerProtocolClient.requestVote(GrpcServerProtocolClient.java:99)
	at org.apache.ratis.grpc.server.GrpcService.requestVote(GrpcService.java:204)
	at org.apache.ratis.server.impl.LeaderElection.lambda$submitRequests$1(LeaderElection.java:234)
	at java.util.concurrent.FutureTask.run(FutureTask.java:266)
	at java.util.concurrent.Executors$RunnableAdapter.call(Executors.java:511)
	at java.util.concurrent.FutureTask.run(FutureTask.java:266)
	at java.util.concurrent.ThreadPoolExecutor.runWorker(ThreadPoolExecutor.java:1149)
	at java.util.concurrent.ThreadPoolExecutor$Worker.run(ThreadPoolExecutor.java:624)
	... 1 more
Caused by: org.apache.ratis.thirdparty.io.netty.channel.AbstractChannel$AnnotatedConnectException: Connection refused: /192.168.157.203:43163
	at sun.nio.ch.SocketChannelImpl.checkConnect(Native Method)
	at sun.nio.ch.SocketChannelImpl.finishConnect(SocketChannelImpl.java:717)
	at org.apache.ratis.thirdparty.io.netty.channel.socket.nio.NioSocketChannel.doFinishConnect(NioSocketChannel.java:327)
	at org.apache.ratis.thirdparty.io.netty.channel.nio.AbstractNioChannel$AbstractNioUnsafe.finishConnect(AbstractNioChannel.java:340)
	at org.apache.ratis.thirdparty.io.netty.channel.nio.NioEventLoop.processSelectedKey(NioEventLoop.java:632)
	at org.apache.ratis.thirdparty.io.netty.channel.nio.NioEventLoop.processSelectedKeysOptimized(NioEventLoop.java:579)
	at org.apache.ratis.thirdparty.io.netty.channel.nio.NioEventLoop.processSelectedKeys(NioEventLoop.java:496)
	at org.apache.ratis.thirdparty.io.netty.channel.nio.NioEventLoop.run(NioEventLoop.java:458)
	at org.apache.ratis.thirdparty.io.netty.util.concurrent.SingleThreadEventExecutor$5.run(SingleThreadEventExecutor.java:897)
	at org.apache.ratis.thirdparty.io.netty.util.concurrent.FastThreadLocalRunnable.run(FastThreadLocalRunnable.java:30)
	... 1 more
Caused by: java.net.ConnectException: Connection refused
	... 11 more
2019-10-16 11:36:20,954 [a3132885-145f-4a8c-85f4-c10eb874732d@group-2077DD483DC7-LeaderElection505] INFO  impl.RaftServerImpl (RaftServerImpl.java:setRole(184)) - a3132885-145f-4a8c-85f4-c10eb874732d@group-2077DD483DC7: changes role from CANDIDATE to FOLLOWER at term 333 for DISCOVERED_A_NEW_TERM
2019-10-16 11:36:20,954 [a3132885-145f-4a8c-85f4-c10eb874732d@group-2077DD483DC7-LeaderElection505] INFO  impl.RoleInfo (RoleInfo.java:shutdownLeaderElection(134)) - a3132885-145f-4a8c-85f4-c10eb874732d: shutdown LeaderElection
2019-10-16 11:36:20,954 [a3132885-145f-4a8c-85f4-c10eb874732d@group-2077DD483DC7-LeaderElection505] INFO  impl.RoleInfo (RoleInfo.java:updateAndGet(143)) - a3132885-145f-4a8c-85f4-c10eb874732d: start FollowerState
2019-10-16 11:36:20,997 [java.util.concurrent.ThreadPoolExecutor$Worker@1a001f89[State = -1, empty queue]] WARN  server.GrpcLogAppender (GrpcLogAppender.java:timeoutAppendRequest(209)) - 5c445d34-c031-481c-9d4b-8fbace1f61b8@group-8BBDE5791A04->857fec05-692a-4d09-bf1c-7d167682feae-GrpcLogAppender: appendEntries Timeout, request=5c445d34-c031-481c-9d4b-8fbace1f61b8->857fec05-692a-4d09-bf1c-7d167682feae#97-t6, previous=(t:6, i:21), leaderCommit=21, initializing? false, entries: <empty>
2019-10-16 11:36:21,065 [Thread-3695] INFO  impl.FollowerState (FollowerState.java:run(108)) - a3132885-145f-4a8c-85f4-c10eb874732d@group-2077DD483DC7-FollowerState: change to CANDIDATE, lastRpcTime:110ms, electionTimeout:110ms
2019-10-16 11:36:21,065 [Thread-3695] INFO  impl.RoleInfo (RoleInfo.java:shutdownFollowerState(121)) - a3132885-145f-4a8c-85f4-c10eb874732d: shutdown FollowerState
2019-10-16 11:36:21,065 [Thread-3695] INFO  impl.RaftServerImpl (RaftServerImpl.java:setRole(184)) - a3132885-145f-4a8c-85f4-c10eb874732d@group-2077DD483DC7: changes role from  FOLLOWER to CANDIDATE at term 333 for changeToCandidate
2019-10-16 11:36:21,065 [Thread-3695] INFO  impl.RoleInfo (RoleInfo.java:updateAndGet(143)) - a3132885-145f-4a8c-85f4-c10eb874732d: start LeaderElection
2019-10-16 11:36:21,069 [a3132885-145f-4a8c-85f4-c10eb874732d@group-2077DD483DC7-LeaderElection506] INFO  impl.LeaderElection (LeaderElection.java:askForVotes(178)) - a3132885-145f-4a8c-85f4-c10eb874732d@group-2077DD483DC7-LeaderElection506: begin an election at term 334 for -1: [163587bb-2c3b-4498-b576-18147cf38274:192.168.157.203:33208, a3132885-145f-4a8c-85f4-c10eb874732d:192.168.157.203:46766, 70b633f6-b230-4b9f-87f3-510da88f1e08:192.168.157.203:43163], old=null
2019-10-16 11:36:21,071 [a3132885-145f-4a8c-85f4-c10eb874732d@group-2077DD483DC7-LeaderElection506] INFO  impl.LeaderElection (LogUtils.java:infoOrTrace(149)) - a3132885-145f-4a8c-85f4-c10eb874732d@group-2077DD483DC7-LeaderElection506 got exception when requesting votes: {}
java.util.concurrent.ExecutionException: org.apache.ratis.thirdparty.io.grpc.StatusRuntimeException: UNAVAILABLE: io exception
	at java.util.concurrent.FutureTask.report(FutureTask.java:122)
	at java.util.concurrent.FutureTask.get(FutureTask.java:192)
	at org.apache.ratis.server.impl.LeaderElection.waitForResults(LeaderElection.java:259)
	at org.apache.ratis.server.impl.LeaderElection.askForVotes(LeaderElection.java:197)
	at org.apache.ratis.server.impl.LeaderElection.run(LeaderElection.java:133)
	at java.lang.Thread.run(Thread.java:748)
Caused by: org.apache.ratis.thirdparty.io.grpc.StatusRuntimeException: UNAVAILABLE: io exception
	at org.apache.ratis.thirdparty.io.grpc.stub.ClientCalls.toStatusRuntimeException(ClientCalls.java:233)
	at org.apache.ratis.thirdparty.io.grpc.stub.ClientCalls.getUnchecked(ClientCalls.java:214)
	at org.apache.ratis.thirdparty.io.grpc.stub.ClientCalls.blockingUnaryCall(ClientCalls.java:139)
	at org.apache.ratis.proto.grpc.RaftServerProtocolServiceGrpc$RaftServerProtocolServiceBlockingStub.requestVote(RaftServerProtocolServiceGrpc.java:265)
	at org.apache.ratis.grpc.server.GrpcServerProtocolClient.requestVote(GrpcServerProtocolClient.java:99)
	at org.apache.ratis.grpc.server.GrpcService.requestVote(GrpcService.java:204)
	at org.apache.ratis.server.impl.LeaderElection.lambda$submitRequests$1(LeaderElection.java:234)
	at java.util.concurrent.FutureTask.run(FutureTask.java:266)
	at java.util.concurrent.Executors$RunnableAdapter.call(Executors.java:511)
	at java.util.concurrent.FutureTask.run(FutureTask.java:266)
	at java.util.concurrent.ThreadPoolExecutor.runWorker(ThreadPoolExecutor.java:1149)
	at java.util.concurrent.ThreadPoolExecutor$Worker.run(ThreadPoolExecutor.java:624)
	... 1 more
Caused by: org.apache.ratis.thirdparty.io.netty.channel.AbstractChannel$AnnotatedConnectException: Connection refused: /192.168.157.203:33208
	at sun.nio.ch.SocketChannelImpl.checkConnect(Native Method)
	at sun.nio.ch.SocketChannelImpl.finishConnect(SocketChannelImpl.java:717)
	at org.apache.ratis.thirdparty.io.netty.channel.socket.nio.NioSocketChannel.doFinishConnect(NioSocketChannel.java:327)
	at org.apache.ratis.thirdparty.io.netty.channel.nio.AbstractNioChannel$AbstractNioUnsafe.finishConnect(AbstractNioChannel.java:340)
	at org.apache.ratis.thirdparty.io.netty.channel.nio.NioEventLoop.processSelectedKey(NioEventLoop.java:632)
	at org.apache.ratis.thirdparty.io.netty.channel.nio.NioEventLoop.processSelectedKeysOptimized(NioEventLoop.java:579)
	at org.apache.ratis.thirdparty.io.netty.channel.nio.NioEventLoop.processSelectedKeys(NioEventLoop.java:496)
	at org.apache.ratis.thirdparty.io.netty.channel.nio.NioEventLoop.run(NioEventLoop.java:458)
	at org.apache.ratis.thirdparty.io.netty.util.concurrent.SingleThreadEventExecutor$5.run(SingleThreadEventExecutor.java:897)
	at org.apache.ratis.thirdparty.io.netty.util.concurrent.FastThreadLocalRunnable.run(FastThreadLocalRunnable.java:30)
	... 1 more
Caused by: java.net.ConnectException: Connection refused
	... 11 more
2019-10-16 11:36:21,071 [a3132885-145f-4a8c-85f4-c10eb874732d@group-2077DD483DC7-LeaderElection506] INFO  impl.LeaderElection (LogUtils.java:infoOrTrace(149)) - a3132885-145f-4a8c-85f4-c10eb874732d@group-2077DD483DC7-LeaderElection506 got exception when requesting votes: {}
java.util.concurrent.ExecutionException: org.apache.ratis.thirdparty.io.grpc.StatusRuntimeException: UNAVAILABLE: io exception
	at java.util.concurrent.FutureTask.report(FutureTask.java:122)
	at java.util.concurrent.FutureTask.get(FutureTask.java:192)
	at org.apache.ratis.server.impl.LeaderElection.waitForResults(LeaderElection.java:259)
	at org.apache.ratis.server.impl.LeaderElection.askForVotes(LeaderElection.java:197)
	at org.apache.ratis.server.impl.LeaderElection.run(LeaderElection.java:133)
	at java.lang.Thread.run(Thread.java:748)
Caused by: org.apache.ratis.thirdparty.io.grpc.StatusRuntimeException: UNAVAILABLE: io exception
	at org.apache.ratis.thirdparty.io.grpc.stub.ClientCalls.toStatusRuntimeException(ClientCalls.java:233)
	at org.apache.ratis.thirdparty.io.grpc.stub.ClientCalls.getUnchecked(ClientCalls.java:214)
	at org.apache.ratis.thirdparty.io.grpc.stub.ClientCalls.blockingUnaryCall(ClientCalls.java:139)
	at org.apache.ratis.proto.grpc.RaftServerProtocolServiceGrpc$RaftServerProtocolServiceBlockingStub.requestVote(RaftServerProtocolServiceGrpc.java:265)
	at org.apache.ratis.grpc.server.GrpcServerProtocolClient.requestVote(GrpcServerProtocolClient.java:99)
	at org.apache.ratis.grpc.server.GrpcService.requestVote(GrpcService.java:204)
	at org.apache.ratis.server.impl.LeaderElection.lambda$submitRequests$1(LeaderElection.java:234)
	at java.util.concurrent.FutureTask.run(FutureTask.java:266)
	at java.util.concurrent.Executors$RunnableAdapter.call(Executors.java:511)
	at java.util.concurrent.FutureTask.run(FutureTask.java:266)
	at java.util.concurrent.ThreadPoolExecutor.runWorker(ThreadPoolExecutor.java:1149)
	at java.util.concurrent.ThreadPoolExecutor$Worker.run(ThreadPoolExecutor.java:624)
	... 1 more
Caused by: org.apache.ratis.thirdparty.io.netty.channel.AbstractChannel$AnnotatedConnectException: Connection refused: /192.168.157.203:43163
	at sun.nio.ch.SocketChannelImpl.checkConnect(Native Method)
	at sun.nio.ch.SocketChannelImpl.finishConnect(SocketChannelImpl.java:717)
	at org.apache.ratis.thirdparty.io.netty.channel.socket.nio.NioSocketChannel.doFinishConnect(NioSocketChannel.java:327)
	at org.apache.ratis.thirdparty.io.netty.channel.nio.AbstractNioChannel$AbstractNioUnsafe.finishConnect(AbstractNioChannel.java:340)
	at org.apache.ratis.thirdparty.io.netty.channel.nio.NioEventLoop.processSelectedKey(NioEventLoop.java:632)
	at org.apache.ratis.thirdparty.io.netty.channel.nio.NioEventLoop.processSelectedKeysOptimized(NioEventLoop.java:579)
	at org.apache.ratis.thirdparty.io.netty.channel.nio.NioEventLoop.processSelectedKeys(NioEventLoop.java:496)
	at org.apache.ratis.thirdparty.io.netty.channel.nio.NioEventLoop.run(NioEventLoop.java:458)
	at org.apache.ratis.thirdparty.io.netty.util.concurrent.SingleThreadEventExecutor$5.run(SingleThreadEventExecutor.java:897)
	at org.apache.ratis.thirdparty.io.netty.util.concurrent.FastThreadLocalRunnable.run(FastThreadLocalRunnable.java:30)
	... 1 more
Caused by: java.net.ConnectException: Connection refused
	... 11 more
2019-10-16 11:36:21,072 [a3132885-145f-4a8c-85f4-c10eb874732d@group-2077DD483DC7-LeaderElection506] INFO  impl.LeaderElection (LeaderElection.java:logAndReturn(56)) - a3132885-145f-4a8c-85f4-c10eb874732d@group-2077DD483DC7-LeaderElection506: Election REJECTED; received 0 response(s) [] and 2 exception(s); a3132885-145f-4a8c-85f4-c10eb874732d@group-2077DD483DC7:t334, leader=null, voted=a3132885-145f-4a8c-85f4-c10eb874732d, raftlog=a3132885-145f-4a8c-85f4-c10eb874732d@group-2077DD483DC7-SegmentedRaftLog:OPENED:c-1,f-1,i0, conf=-1: [163587bb-2c3b-4498-b576-18147cf38274:192.168.157.203:33208, a3132885-145f-4a8c-85f4-c10eb874732d:192.168.157.203:46766, 70b633f6-b230-4b9f-87f3-510da88f1e08:192.168.157.203:43163], old=null
2019-10-16 11:36:21,072 [a3132885-145f-4a8c-85f4-c10eb874732d@group-2077DD483DC7-LeaderElection506] INFO  impl.LeaderElection (LogUtils.java:infoOrTrace(149)) -   Exception 0: {}
java.util.concurrent.ExecutionException: org.apache.ratis.thirdparty.io.grpc.StatusRuntimeException: UNAVAILABLE: io exception
	at java.util.concurrent.FutureTask.report(FutureTask.java:122)
	at java.util.concurrent.FutureTask.get(FutureTask.java:192)
	at org.apache.ratis.server.impl.LeaderElection.waitForResults(LeaderElection.java:259)
	at org.apache.ratis.server.impl.LeaderElection.askForVotes(LeaderElection.java:197)
	at org.apache.ratis.server.impl.LeaderElection.run(LeaderElection.java:133)
	at java.lang.Thread.run(Thread.java:748)
Caused by: org.apache.ratis.thirdparty.io.grpc.StatusRuntimeException: UNAVAILABLE: io exception
	at org.apache.ratis.thirdparty.io.grpc.stub.ClientCalls.toStatusRuntimeException(ClientCalls.java:233)
	at org.apache.ratis.thirdparty.io.grpc.stub.ClientCalls.getUnchecked(ClientCalls.java:214)
	at org.apache.ratis.thirdparty.io.grpc.stub.ClientCalls.blockingUnaryCall(ClientCalls.java:139)
	at org.apache.ratis.proto.grpc.RaftServerProtocolServiceGrpc$RaftServerProtocolServiceBlockingStub.requestVote(RaftServerProtocolServiceGrpc.java:265)
	at org.apache.ratis.grpc.server.GrpcServerProtocolClient.requestVote(GrpcServerProtocolClient.java:99)
	at org.apache.ratis.grpc.server.GrpcService.requestVote(GrpcService.java:204)
	at org.apache.ratis.server.impl.LeaderElection.lambda$submitRequests$1(LeaderElection.java:234)
	at java.util.concurrent.FutureTask.run(FutureTask.java:266)
	at java.util.concurrent.Executors$RunnableAdapter.call(Executors.java:511)
	at java.util.concurrent.FutureTask.run(FutureTask.java:266)
	at java.util.concurrent.ThreadPoolExecutor.runWorker(ThreadPoolExecutor.java:1149)
	at java.util.concurrent.ThreadPoolExecutor$Worker.run(ThreadPoolExecutor.java:624)
	... 1 more
Caused by: org.apache.ratis.thirdparty.io.netty.channel.AbstractChannel$AnnotatedConnectException: Connection refused: /192.168.157.203:33208
	at sun.nio.ch.SocketChannelImpl.checkConnect(Native Method)
	at sun.nio.ch.SocketChannelImpl.finishConnect(SocketChannelImpl.java:717)
	at org.apache.ratis.thirdparty.io.netty.channel.socket.nio.NioSocketChannel.doFinishConnect(NioSocketChannel.java:327)
	at org.apache.ratis.thirdparty.io.netty.channel.nio.AbstractNioChannel$AbstractNioUnsafe.finishConnect(AbstractNioChannel.java:340)
	at org.apache.ratis.thirdparty.io.netty.channel.nio.NioEventLoop.processSelectedKey(NioEventLoop.java:632)
	at org.apache.ratis.thirdparty.io.netty.channel.nio.NioEventLoop.processSelectedKeysOptimized(NioEventLoop.java:579)
	at org.apache.ratis.thirdparty.io.netty.channel.nio.NioEventLoop.processSelectedKeys(NioEventLoop.java:496)
	at org.apache.ratis.thirdparty.io.netty.channel.nio.NioEventLoop.run(NioEventLoop.java:458)
	at org.apache.ratis.thirdparty.io.netty.util.concurrent.SingleThreadEventExecutor$5.run(SingleThreadEventExecutor.java:897)
	at org.apache.ratis.thirdparty.io.netty.util.concurrent.FastThreadLocalRunnable.run(FastThreadLocalRunnable.java:30)
	... 1 more
Caused by: java.net.ConnectException: Connection refused
	... 11 more
2019-10-16 11:36:21,072 [a3132885-145f-4a8c-85f4-c10eb874732d@group-2077DD483DC7-LeaderElection506] INFO  impl.LeaderElection (LogUtils.java:infoOrTrace(149)) -   Exception 1: {}
java.util.concurrent.ExecutionException: org.apache.ratis.thirdparty.io.grpc.StatusRuntimeException: UNAVAILABLE: io exception
	at java.util.concurrent.FutureTask.report(FutureTask.java:122)
	at java.util.concurrent.FutureTask.get(FutureTask.java:192)
	at org.apache.ratis.server.impl.LeaderElection.waitForResults(LeaderElection.java:259)
	at org.apache.ratis.server.impl.LeaderElection.askForVotes(LeaderElection.java:197)
	at org.apache.ratis.server.impl.LeaderElection.run(LeaderElection.java:133)
	at java.lang.Thread.run(Thread.java:748)
Caused by: org.apache.ratis.thirdparty.io.grpc.StatusRuntimeException: UNAVAILABLE: io exception
	at org.apache.ratis.thirdparty.io.grpc.stub.ClientCalls.toStatusRuntimeException(ClientCalls.java:233)
	at org.apache.ratis.thirdparty.io.grpc.stub.ClientCalls.getUnchecked(ClientCalls.java:214)
	at org.apache.ratis.thirdparty.io.grpc.stub.ClientCalls.blockingUnaryCall(ClientCalls.java:139)
	at org.apache.ratis.proto.grpc.RaftServerProtocolServiceGrpc$RaftServerProtocolServiceBlockingStub.requestVote(RaftServerProtocolServiceGrpc.java:265)
	at org.apache.ratis.grpc.server.GrpcServerProtocolClient.requestVote(GrpcServerProtocolClient.java:99)
	at org.apache.ratis.grpc.server.GrpcService.requestVote(GrpcService.java:204)
	at org.apache.ratis.server.impl.LeaderElection.lambda$submitRequests$1(LeaderElection.java:234)
	at java.util.concurrent.FutureTask.run(FutureTask.java:266)
	at java.util.concurrent.Executors$RunnableAdapter.call(Executors.java:511)
	at java.util.concurrent.FutureTask.run(FutureTask.java:266)
	at java.util.concurrent.ThreadPoolExecutor.runWorker(ThreadPoolExecutor.java:1149)
	at java.util.concurrent.ThreadPoolExecutor$Worker.run(ThreadPoolExecutor.java:624)
	... 1 more
Caused by: org.apache.ratis.thirdparty.io.netty.channel.AbstractChannel$AnnotatedConnectException: Connection refused: /192.168.157.203:43163
	at sun.nio.ch.SocketChannelImpl.checkConnect(Native Method)
	at sun.nio.ch.SocketChannelImpl.finishConnect(SocketChannelImpl.java:717)
	at org.apache.ratis.thirdparty.io.netty.channel.socket.nio.NioSocketChannel.doFinishConnect(NioSocketChannel.java:327)
	at org.apache.ratis.thirdparty.io.netty.channel.nio.AbstractNioChannel$AbstractNioUnsafe.finishConnect(AbstractNioChannel.java:340)
	at org.apache.ratis.thirdparty.io.netty.channel.nio.NioEventLoop.processSelectedKey(NioEventLoop.java:632)
	at org.apache.ratis.thirdparty.io.netty.channel.nio.NioEventLoop.processSelectedKeysOptimized(NioEventLoop.java:579)
	at org.apache.ratis.thirdparty.io.netty.channel.nio.NioEventLoop.processSelectedKeys(NioEventLoop.java:496)
	at org.apache.ratis.thirdparty.io.netty.channel.nio.NioEventLoop.run(NioEventLoop.java:458)
	at org.apache.ratis.thirdparty.io.netty.util.concurrent.SingleThreadEventExecutor$5.run(SingleThreadEventExecutor.java:897)
	at org.apache.ratis.thirdparty.io.netty.util.concurrent.FastThreadLocalRunnable.run(FastThreadLocalRunnable.java:30)
	... 1 more
Caused by: java.net.ConnectException: Connection refused
	... 11 more
2019-10-16 11:36:21,072 [a3132885-145f-4a8c-85f4-c10eb874732d@group-2077DD483DC7-LeaderElection506] INFO  impl.RaftServerImpl (RaftServerImpl.java:setRole(184)) - a3132885-145f-4a8c-85f4-c10eb874732d@group-2077DD483DC7: changes role from CANDIDATE to FOLLOWER at term 334 for DISCOVERED_A_NEW_TERM
2019-10-16 11:36:21,073 [a3132885-145f-4a8c-85f4-c10eb874732d@group-2077DD483DC7-LeaderElection506] INFO  impl.RoleInfo (RoleInfo.java:shutdownLeaderElection(134)) - a3132885-145f-4a8c-85f4-c10eb874732d: shutdown LeaderElection
2019-10-16 11:36:21,073 [a3132885-145f-4a8c-85f4-c10eb874732d@group-2077DD483DC7-LeaderElection506] INFO  impl.RoleInfo (RoleInfo.java:updateAndGet(143)) - a3132885-145f-4a8c-85f4-c10eb874732d: start FollowerState
2019-10-16 11:36:21,162 [Thread-3699] INFO  impl.FollowerState (FollowerState.java:run(108)) - a3132885-145f-4a8c-85f4-c10eb874732d@group-2077DD483DC7-FollowerState: change to CANDIDATE, lastRpcTime:89ms, electionTimeout:89ms
2019-10-16 11:36:21,162 [Thread-3699] INFO  impl.RoleInfo (RoleInfo.java:shutdownFollowerState(121)) - a3132885-145f-4a8c-85f4-c10eb874732d: shutdown FollowerState
2019-10-16 11:36:21,162 [Thread-3699] INFO  impl.RaftServerImpl (RaftServerImpl.java:setRole(184)) - a3132885-145f-4a8c-85f4-c10eb874732d@group-2077DD483DC7: changes role from  FOLLOWER to CANDIDATE at term 334 for changeToCandidate
2019-10-16 11:36:21,163 [Thread-3699] INFO  impl.RoleInfo (RoleInfo.java:updateAndGet(143)) - a3132885-145f-4a8c-85f4-c10eb874732d: start LeaderElection
2019-10-16 11:36:21,170 [a3132885-145f-4a8c-85f4-c10eb874732d@group-2077DD483DC7-LeaderElection507] INFO  impl.LeaderElection (LeaderElection.java:askForVotes(178)) - a3132885-145f-4a8c-85f4-c10eb874732d@group-2077DD483DC7-LeaderElection507: begin an election at term 335 for -1: [163587bb-2c3b-4498-b576-18147cf38274:192.168.157.203:33208, a3132885-145f-4a8c-85f4-c10eb874732d:192.168.157.203:46766, 70b633f6-b230-4b9f-87f3-510da88f1e08:192.168.157.203:43163], old=null
2019-10-16 11:36:21,171 [a3132885-145f-4a8c-85f4-c10eb874732d@group-2077DD483DC7-LeaderElection507] INFO  impl.LeaderElection (LogUtils.java:infoOrTrace(149)) - a3132885-145f-4a8c-85f4-c10eb874732d@group-2077DD483DC7-LeaderElection507 got exception when requesting votes: {}
java.util.concurrent.ExecutionException: org.apache.ratis.thirdparty.io.grpc.StatusRuntimeException: UNAVAILABLE: io exception
	at java.util.concurrent.FutureTask.report(FutureTask.java:122)
	at java.util.concurrent.FutureTask.get(FutureTask.java:192)
	at org.apache.ratis.server.impl.LeaderElection.waitForResults(LeaderElection.java:259)
	at org.apache.ratis.server.impl.LeaderElection.askForVotes(LeaderElection.java:197)
	at org.apache.ratis.server.impl.LeaderElection.run(LeaderElection.java:133)
	at java.lang.Thread.run(Thread.java:748)
Caused by: org.apache.ratis.thirdparty.io.grpc.StatusRuntimeException: UNAVAILABLE: io exception
	at org.apache.ratis.thirdparty.io.grpc.stub.ClientCalls.toStatusRuntimeException(ClientCalls.java:233)
	at org.apache.ratis.thirdparty.io.grpc.stub.ClientCalls.getUnchecked(ClientCalls.java:214)
	at org.apache.ratis.thirdparty.io.grpc.stub.ClientCalls.blockingUnaryCall(ClientCalls.java:139)
	at org.apache.ratis.proto.grpc.RaftServerProtocolServiceGrpc$RaftServerProtocolServiceBlockingStub.requestVote(RaftServerProtocolServiceGrpc.java:265)
	at org.apache.ratis.grpc.server.GrpcServerProtocolClient.requestVote(GrpcServerProtocolClient.java:99)
	at org.apache.ratis.grpc.server.GrpcService.requestVote(GrpcService.java:204)
	at org.apache.ratis.server.impl.LeaderElection.lambda$submitRequests$1(LeaderElection.java:234)
	at java.util.concurrent.FutureTask.run(FutureTask.java:266)
	at java.util.concurrent.Executors$RunnableAdapter.call(Executors.java:511)
	at java.util.concurrent.FutureTask.run(FutureTask.java:266)
	at java.util.concurrent.ThreadPoolExecutor.runWorker(ThreadPoolExecutor.java:1149)
	at java.util.concurrent.ThreadPoolExecutor$Worker.run(ThreadPoolExecutor.java:624)
	... 1 more
Caused by: org.apache.ratis.thirdparty.io.netty.channel.AbstractChannel$AnnotatedConnectException: Connection refused: /192.168.157.203:33208
	at sun.nio.ch.SocketChannelImpl.checkConnect(Native Method)
	at sun.nio.ch.SocketChannelImpl.finishConnect(SocketChannelImpl.java:717)
	at org.apache.ratis.thirdparty.io.netty.channel.socket.nio.NioSocketChannel.doFinishConnect(NioSocketChannel.java:327)
	at org.apache.ratis.thirdparty.io.netty.channel.nio.AbstractNioChannel$AbstractNioUnsafe.finishConnect(AbstractNioChannel.java:340)
	at org.apache.ratis.thirdparty.io.netty.channel.nio.NioEventLoop.processSelectedKey(NioEventLoop.java:632)
	at org.apache.ratis.thirdparty.io.netty.channel.nio.NioEventLoop.processSelectedKeysOptimized(NioEventLoop.java:579)
	at org.apache.ratis.thirdparty.io.netty.channel.nio.NioEventLoop.processSelectedKeys(NioEventLoop.java:496)
	at org.apache.ratis.thirdparty.io.netty.channel.nio.NioEventLoop.run(NioEventLoop.java:458)
	at org.apache.ratis.thirdparty.io.netty.util.concurrent.SingleThreadEventExecutor$5.run(SingleThreadEventExecutor.java:897)
	at org.apache.ratis.thirdparty.io.netty.util.concurrent.FastThreadLocalRunnable.run(FastThreadLocalRunnable.java:30)
	... 1 more
Caused by: java.net.ConnectException: Connection refused
	... 11 more
2019-10-16 11:36:21,171 [a3132885-145f-4a8c-85f4-c10eb874732d@group-2077DD483DC7-LeaderElection507] INFO  impl.LeaderElection (LogUtils.java:infoOrTrace(149)) - a3132885-145f-4a8c-85f4-c10eb874732d@group-2077DD483DC7-LeaderElection507 got exception when requesting votes: {}
java.util.concurrent.ExecutionException: org.apache.ratis.thirdparty.io.grpc.StatusRuntimeException: UNAVAILABLE: io exception
	at java.util.concurrent.FutureTask.report(FutureTask.java:122)
	at java.util.concurrent.FutureTask.get(FutureTask.java:192)
	at org.apache.ratis.server.impl.LeaderElection.waitForResults(LeaderElection.java:259)
	at org.apache.ratis.server.impl.LeaderElection.askForVotes(LeaderElection.java:197)
	at org.apache.ratis.server.impl.LeaderElection.run(LeaderElection.java:133)
	at java.lang.Thread.run(Thread.java:748)
Caused by: org.apache.ratis.thirdparty.io.grpc.StatusRuntimeException: UNAVAILABLE: io exception
	at org.apache.ratis.thirdparty.io.grpc.stub.ClientCalls.toStatusRuntimeException(ClientCalls.java:233)
	at org.apache.ratis.thirdparty.io.grpc.stub.ClientCalls.getUnchecked(ClientCalls.java:214)
	at org.apache.ratis.thirdparty.io.grpc.stub.ClientCalls.blockingUnaryCall(ClientCalls.java:139)
	at org.apache.ratis.proto.grpc.RaftServerProtocolServiceGrpc$RaftServerProtocolServiceBlockingStub.requestVote(RaftServerProtocolServiceGrpc.java:265)
	at org.apache.ratis.grpc.server.GrpcServerProtocolClient.requestVote(GrpcServerProtocolClient.java:99)
	at org.apache.ratis.grpc.server.GrpcService.requestVote(GrpcService.java:204)
	at org.apache.ratis.server.impl.LeaderElection.lambda$submitRequests$1(LeaderElection.java:234)
	at java.util.concurrent.FutureTask.run(FutureTask.java:266)
	at java.util.concurrent.Executors$RunnableAdapter.call(Executors.java:511)
	at java.util.concurrent.FutureTask.run(FutureTask.java:266)
	at java.util.concurrent.ThreadPoolExecutor.runWorker(ThreadPoolExecutor.java:1149)
	at java.util.concurrent.ThreadPoolExecutor$Worker.run(ThreadPoolExecutor.java:624)
	... 1 more
Caused by: org.apache.ratis.thirdparty.io.netty.channel.AbstractChannel$AnnotatedConnectException: Connection refused: /192.168.157.203:43163
	at sun.nio.ch.SocketChannelImpl.checkConnect(Native Method)
	at sun.nio.ch.SocketChannelImpl.finishConnect(SocketChannelImpl.java:717)
	at org.apache.ratis.thirdparty.io.netty.channel.socket.nio.NioSocketChannel.doFinishConnect(NioSocketChannel.java:327)
	at org.apache.ratis.thirdparty.io.netty.channel.nio.AbstractNioChannel$AbstractNioUnsafe.finishConnect(AbstractNioChannel.java:340)
	at org.apache.ratis.thirdparty.io.netty.channel.nio.NioEventLoop.processSelectedKey(NioEventLoop.java:632)
	at org.apache.ratis.thirdparty.io.netty.channel.nio.NioEventLoop.processSelectedKeysOptimized(NioEventLoop.java:579)
	at org.apache.ratis.thirdparty.io.netty.channel.nio.NioEventLoop.processSelectedKeys(NioEventLoop.java:496)
	at org.apache.ratis.thirdparty.io.netty.channel.nio.NioEventLoop.run(NioEventLoop.java:458)
	at org.apache.ratis.thirdparty.io.netty.util.concurrent.SingleThreadEventExecutor$5.run(SingleThreadEventExecutor.java:897)
	at org.apache.ratis.thirdparty.io.netty.util.concurrent.FastThreadLocalRunnable.run(FastThreadLocalRunnable.java:30)
	... 1 more
Caused by: java.net.ConnectException: Connection refused
	... 11 more
2019-10-16 11:36:21,172 [a3132885-145f-4a8c-85f4-c10eb874732d@group-2077DD483DC7-LeaderElection507] INFO  impl.LeaderElection (LeaderElection.java:logAndReturn(56)) - a3132885-145f-4a8c-85f4-c10eb874732d@group-2077DD483DC7-LeaderElection507: Election REJECTED; received 0 response(s) [] and 2 exception(s); a3132885-145f-4a8c-85f4-c10eb874732d@group-2077DD483DC7:t335, leader=null, voted=a3132885-145f-4a8c-85f4-c10eb874732d, raftlog=a3132885-145f-4a8c-85f4-c10eb874732d@group-2077DD483DC7-SegmentedRaftLog:OPENED:c-1,f-1,i0, conf=-1: [163587bb-2c3b-4498-b576-18147cf38274:192.168.157.203:33208, a3132885-145f-4a8c-85f4-c10eb874732d:192.168.157.203:46766, 70b633f6-b230-4b9f-87f3-510da88f1e08:192.168.157.203:43163], old=null
2019-10-16 11:36:21,172 [a3132885-145f-4a8c-85f4-c10eb874732d@group-2077DD483DC7-LeaderElection507] INFO  impl.LeaderElection (LogUtils.java:infoOrTrace(149)) -   Exception 0: {}
java.util.concurrent.ExecutionException: org.apache.ratis.thirdparty.io.grpc.StatusRuntimeException: UNAVAILABLE: io exception
	at java.util.concurrent.FutureTask.report(FutureTask.java:122)
	at java.util.concurrent.FutureTask.get(FutureTask.java:192)
	at org.apache.ratis.server.impl.LeaderElection.waitForResults(LeaderElection.java:259)
	at org.apache.ratis.server.impl.LeaderElection.askForVotes(LeaderElection.java:197)
	at org.apache.ratis.server.impl.LeaderElection.run(LeaderElection.java:133)
	at java.lang.Thread.run(Thread.java:748)
Caused by: org.apache.ratis.thirdparty.io.grpc.StatusRuntimeException: UNAVAILABLE: io exception
	at org.apache.ratis.thirdparty.io.grpc.stub.ClientCalls.toStatusRuntimeException(ClientCalls.java:233)
	at org.apache.ratis.thirdparty.io.grpc.stub.ClientCalls.getUnchecked(ClientCalls.java:214)
	at org.apache.ratis.thirdparty.io.grpc.stub.ClientCalls.blockingUnaryCall(ClientCalls.java:139)
	at org.apache.ratis.proto.grpc.RaftServerProtocolServiceGrpc$RaftServerProtocolServiceBlockingStub.requestVote(RaftServerProtocolServiceGrpc.java:265)
	at org.apache.ratis.grpc.server.GrpcServerProtocolClient.requestVote(GrpcServerProtocolClient.java:99)
	at org.apache.ratis.grpc.server.GrpcService.requestVote(GrpcService.java:204)
	at org.apache.ratis.server.impl.LeaderElection.lambda$submitRequests$1(LeaderElection.java:234)
	at java.util.concurrent.FutureTask.run(FutureTask.java:266)
	at java.util.concurrent.Executors$RunnableAdapter.call(Executors.java:511)
	at java.util.concurrent.FutureTask.run(FutureTask.java:266)
	at java.util.concurrent.ThreadPoolExecutor.runWorker(ThreadPoolExecutor.java:1149)
	at java.util.concurrent.ThreadPoolExecutor$Worker.run(ThreadPoolExecutor.java:624)
	... 1 more
Caused by: org.apache.ratis.thirdparty.io.netty.channel.AbstractChannel$AnnotatedConnectException: Connection refused: /192.168.157.203:33208
	at sun.nio.ch.SocketChannelImpl.checkConnect(Native Method)
	at sun.nio.ch.SocketChannelImpl.finishConnect(SocketChannelImpl.java:717)
	at org.apache.ratis.thirdparty.io.netty.channel.socket.nio.NioSocketChannel.doFinishConnect(NioSocketChannel.java:327)
	at org.apache.ratis.thirdparty.io.netty.channel.nio.AbstractNioChannel$AbstractNioUnsafe.finishConnect(AbstractNioChannel.java:340)
	at org.apache.ratis.thirdparty.io.netty.channel.nio.NioEventLoop.processSelectedKey(NioEventLoop.java:632)
	at org.apache.ratis.thirdparty.io.netty.channel.nio.NioEventLoop.processSelectedKeysOptimized(NioEventLoop.java:579)
	at org.apache.ratis.thirdparty.io.netty.channel.nio.NioEventLoop.processSelectedKeys(NioEventLoop.java:496)
	at org.apache.ratis.thirdparty.io.netty.channel.nio.NioEventLoop.run(NioEventLoop.java:458)
	at org.apache.ratis.thirdparty.io.netty.util.concurrent.SingleThreadEventExecutor$5.run(SingleThreadEventExecutor.java:897)
	at org.apache.ratis.thirdparty.io.netty.util.concurrent.FastThreadLocalRunnable.run(FastThreadLocalRunnable.java:30)
	... 1 more
Caused by: java.net.ConnectException: Connection refused
	... 11 more
2019-10-16 11:36:21,173 [a3132885-145f-4a8c-85f4-c10eb874732d@group-2077DD483DC7-LeaderElection507] INFO  impl.LeaderElection (LogUtils.java:infoOrTrace(149)) -   Exception 1: {}
java.util.concurrent.ExecutionException: org.apache.ratis.thirdparty.io.grpc.StatusRuntimeException: UNAVAILABLE: io exception
	at java.util.concurrent.FutureTask.report(FutureTask.java:122)
	at java.util.concurrent.FutureTask.get(FutureTask.java:192)
	at org.apache.ratis.server.impl.LeaderElection.waitForResults(LeaderElection.java:259)
	at org.apache.ratis.server.impl.LeaderElection.askForVotes(LeaderElection.java:197)
	at org.apache.ratis.server.impl.LeaderElection.run(LeaderElection.java:133)
	at java.lang.Thread.run(Thread.java:748)
Caused by: org.apache.ratis.thirdparty.io.grpc.StatusRuntimeException: UNAVAILABLE: io exception
	at org.apache.ratis.thirdparty.io.grpc.stub.ClientCalls.toStatusRuntimeException(ClientCalls.java:233)
	at org.apache.ratis.thirdparty.io.grpc.stub.ClientCalls.getUnchecked(ClientCalls.java:214)
	at org.apache.ratis.thirdparty.io.grpc.stub.ClientCalls.blockingUnaryCall(ClientCalls.java:139)
	at org.apache.ratis.proto.grpc.RaftServerProtocolServiceGrpc$RaftServerProtocolServiceBlockingStub.requestVote(RaftServerProtocolServiceGrpc.java:265)
	at org.apache.ratis.grpc.server.GrpcServerProtocolClient.requestVote(GrpcServerProtocolClient.java:99)
	at org.apache.ratis.grpc.server.GrpcService.requestVote(GrpcService.java:204)
	at org.apache.ratis.server.impl.LeaderElection.lambda$submitRequests$1(LeaderElection.java:234)
	at java.util.concurrent.FutureTask.run(FutureTask.java:266)
	at java.util.concurrent.Executors$RunnableAdapter.call(Executors.java:511)
	at java.util.concurrent.FutureTask.run(FutureTask.java:266)
	at java.util.concurrent.ThreadPoolExecutor.runWorker(ThreadPoolExecutor.java:1149)
	at java.util.concurrent.ThreadPoolExecutor$Worker.run(ThreadPoolExecutor.java:624)
	... 1 more
Caused by: org.apache.ratis.thirdparty.io.netty.channel.AbstractChannel$AnnotatedConnectException: Connection refused: /192.168.157.203:43163
	at sun.nio.ch.SocketChannelImpl.checkConnect(Native Method)
	at sun.nio.ch.SocketChannelImpl.finishConnect(SocketChannelImpl.java:717)
	at org.apache.ratis.thirdparty.io.netty.channel.socket.nio.NioSocketChannel.doFinishConnect(NioSocketChannel.java:327)
	at org.apache.ratis.thirdparty.io.netty.channel.nio.AbstractNioChannel$AbstractNioUnsafe.finishConnect(AbstractNioChannel.java:340)
	at org.apache.ratis.thirdparty.io.netty.channel.nio.NioEventLoop.processSelectedKey(NioEventLoop.java:632)
	at org.apache.ratis.thirdparty.io.netty.channel.nio.NioEventLoop.processSelectedKeysOptimized(NioEventLoop.java:579)
	at org.apache.ratis.thirdparty.io.netty.channel.nio.NioEventLoop.processSelectedKeys(NioEventLoop.java:496)
	at org.apache.ratis.thirdparty.io.netty.channel.nio.NioEventLoop.run(NioEventLoop.java:458)
	at org.apache.ratis.thirdparty.io.netty.util.concurrent.SingleThreadEventExecutor$5.run(SingleThreadEventExecutor.java:897)
	at org.apache.ratis.thirdparty.io.netty.util.concurrent.FastThreadLocalRunnable.run(FastThreadLocalRunnable.java:30)
	... 1 more
Caused by: java.net.ConnectException: Connection refused
	... 11 more
2019-10-16 11:36:21,173 [a3132885-145f-4a8c-85f4-c10eb874732d@group-2077DD483DC7-LeaderElection507] INFO  impl.RaftServerImpl (RaftServerImpl.java:setRole(184)) - a3132885-145f-4a8c-85f4-c10eb874732d@group-2077DD483DC7: changes role from CANDIDATE to FOLLOWER at term 335 for DISCOVERED_A_NEW_TERM
2019-10-16 11:36:21,173 [a3132885-145f-4a8c-85f4-c10eb874732d@group-2077DD483DC7-LeaderElection507] INFO  impl.RoleInfo (RoleInfo.java:shutdownLeaderElection(134)) - a3132885-145f-4a8c-85f4-c10eb874732d: shutdown LeaderElection
2019-10-16 11:36:21,173 [a3132885-145f-4a8c-85f4-c10eb874732d@group-2077DD483DC7-LeaderElection507] INFO  impl.RoleInfo (RoleInfo.java:updateAndGet(143)) - a3132885-145f-4a8c-85f4-c10eb874732d: start FollowerState
2019-10-16 11:36:21,348 [Thread-3703] INFO  impl.FollowerState (FollowerState.java:run(108)) - a3132885-145f-4a8c-85f4-c10eb874732d@group-2077DD483DC7-FollowerState: change to CANDIDATE, lastRpcTime:174ms, electionTimeout:174ms
2019-10-16 11:36:21,348 [Thread-3703] INFO  impl.RoleInfo (RoleInfo.java:shutdownFollowerState(121)) - a3132885-145f-4a8c-85f4-c10eb874732d: shutdown FollowerState
2019-10-16 11:36:21,348 [Thread-3703] INFO  impl.RaftServerImpl (RaftServerImpl.java:setRole(184)) - a3132885-145f-4a8c-85f4-c10eb874732d@group-2077DD483DC7: changes role from  FOLLOWER to CANDIDATE at term 335 for changeToCandidate
2019-10-16 11:36:21,348 [Thread-3703] INFO  impl.RoleInfo (RoleInfo.java:updateAndGet(143)) - a3132885-145f-4a8c-85f4-c10eb874732d: start LeaderElection
2019-10-16 11:36:21,360 [a3132885-145f-4a8c-85f4-c10eb874732d@group-2077DD483DC7-LeaderElection508] INFO  impl.LeaderElection (LeaderElection.java:askForVotes(178)) - a3132885-145f-4a8c-85f4-c10eb874732d@group-2077DD483DC7-LeaderElection508: begin an election at term 336 for -1: [163587bb-2c3b-4498-b576-18147cf38274:192.168.157.203:33208, a3132885-145f-4a8c-85f4-c10eb874732d:192.168.157.203:46766, 70b633f6-b230-4b9f-87f3-510da88f1e08:192.168.157.203:43163], old=null
2019-10-16 11:36:21,363 [a3132885-145f-4a8c-85f4-c10eb874732d@group-2077DD483DC7-LeaderElection508] INFO  impl.LeaderElection (LogUtils.java:infoOrTrace(149)) - a3132885-145f-4a8c-85f4-c10eb874732d@group-2077DD483DC7-LeaderElection508 got exception when requesting votes: {}
java.util.concurrent.ExecutionException: org.apache.ratis.thirdparty.io.grpc.StatusRuntimeException: UNAVAILABLE: io exception
	at java.util.concurrent.FutureTask.report(FutureTask.java:122)
	at java.util.concurrent.FutureTask.get(FutureTask.java:192)
	at org.apache.ratis.server.impl.LeaderElection.waitForResults(LeaderElection.java:259)
	at org.apache.ratis.server.impl.LeaderElection.askForVotes(LeaderElection.java:197)
	at org.apache.ratis.server.impl.LeaderElection.run(LeaderElection.java:133)
	at java.lang.Thread.run(Thread.java:748)
Caused by: org.apache.ratis.thirdparty.io.grpc.StatusRuntimeException: UNAVAILABLE: io exception
	at org.apache.ratis.thirdparty.io.grpc.stub.ClientCalls.toStatusRuntimeException(ClientCalls.java:233)
	at org.apache.ratis.thirdparty.io.grpc.stub.ClientCalls.getUnchecked(ClientCalls.java:214)
	at org.apache.ratis.thirdparty.io.grpc.stub.ClientCalls.blockingUnaryCall(ClientCalls.java:139)
	at org.apache.ratis.proto.grpc.RaftServerProtocolServiceGrpc$RaftServerProtocolServiceBlockingStub.requestVote(RaftServerProtocolServiceGrpc.java:265)
	at org.apache.ratis.grpc.server.GrpcServerProtocolClient.requestVote(GrpcServerProtocolClient.java:99)
	at org.apache.ratis.grpc.server.GrpcService.requestVote(GrpcService.java:204)
	at org.apache.ratis.server.impl.LeaderElection.lambda$submitRequests$1(LeaderElection.java:234)
	at java.util.concurrent.FutureTask.run(FutureTask.java:266)
	at java.util.concurrent.Executors$RunnableAdapter.call(Executors.java:511)
	at java.util.concurrent.FutureTask.run(FutureTask.java:266)
	at java.util.concurrent.ThreadPoolExecutor.runWorker(ThreadPoolExecutor.java:1149)
	at java.util.concurrent.ThreadPoolExecutor$Worker.run(ThreadPoolExecutor.java:624)
	... 1 more
Caused by: org.apache.ratis.thirdparty.io.netty.channel.AbstractChannel$AnnotatedConnectException: Connection refused: /192.168.157.203:43163
	at sun.nio.ch.SocketChannelImpl.checkConnect(Native Method)
	at sun.nio.ch.SocketChannelImpl.finishConnect(SocketChannelImpl.java:717)
	at org.apache.ratis.thirdparty.io.netty.channel.socket.nio.NioSocketChannel.doFinishConnect(NioSocketChannel.java:327)
	at org.apache.ratis.thirdparty.io.netty.channel.nio.AbstractNioChannel$AbstractNioUnsafe.finishConnect(AbstractNioChannel.java:340)
	at org.apache.ratis.thirdparty.io.netty.channel.nio.NioEventLoop.processSelectedKey(NioEventLoop.java:632)
	at org.apache.ratis.thirdparty.io.netty.channel.nio.NioEventLoop.processSelectedKeysOptimized(NioEventLoop.java:579)
	at org.apache.ratis.thirdparty.io.netty.channel.nio.NioEventLoop.processSelectedKeys(NioEventLoop.java:496)
	at org.apache.ratis.thirdparty.io.netty.channel.nio.NioEventLoop.run(NioEventLoop.java:458)
	at org.apache.ratis.thirdparty.io.netty.util.concurrent.SingleThreadEventExecutor$5.run(SingleThreadEventExecutor.java:897)
	at org.apache.ratis.thirdparty.io.netty.util.concurrent.FastThreadLocalRunnable.run(FastThreadLocalRunnable.java:30)
	... 1 more
Caused by: java.net.ConnectException: Connection refused
	... 11 more
2019-10-16 11:36:21,363 [a3132885-145f-4a8c-85f4-c10eb874732d@group-2077DD483DC7-LeaderElection508] INFO  impl.LeaderElection (LogUtils.java:infoOrTrace(149)) - a3132885-145f-4a8c-85f4-c10eb874732d@group-2077DD483DC7-LeaderElection508 got exception when requesting votes: {}
java.util.concurrent.ExecutionException: org.apache.ratis.thirdparty.io.grpc.StatusRuntimeException: UNAVAILABLE: io exception
	at java.util.concurrent.FutureTask.report(FutureTask.java:122)
	at java.util.concurrent.FutureTask.get(FutureTask.java:192)
	at org.apache.ratis.server.impl.LeaderElection.waitForResults(LeaderElection.java:259)
	at org.apache.ratis.server.impl.LeaderElection.askForVotes(LeaderElection.java:197)
	at org.apache.ratis.server.impl.LeaderElection.run(LeaderElection.java:133)
	at java.lang.Thread.run(Thread.java:748)
Caused by: org.apache.ratis.thirdparty.io.grpc.StatusRuntimeException: UNAVAILABLE: io exception
	at org.apache.ratis.thirdparty.io.grpc.stub.ClientCalls.toStatusRuntimeException(ClientCalls.java:233)
	at org.apache.ratis.thirdparty.io.grpc.stub.ClientCalls.getUnchecked(ClientCalls.java:214)
	at org.apache.ratis.thirdparty.io.grpc.stub.ClientCalls.blockingUnaryCall(ClientCalls.java:139)
	at org.apache.ratis.proto.grpc.RaftServerProtocolServiceGrpc$RaftServerProtocolServiceBlockingStub.requestVote(RaftServerProtocolServiceGrpc.java:265)
	at org.apache.ratis.grpc.server.GrpcServerProtocolClient.requestVote(GrpcServerProtocolClient.java:99)
	at org.apache.ratis.grpc.server.GrpcService.requestVote(GrpcService.java:204)
	at org.apache.ratis.server.impl.LeaderElection.lambda$submitRequests$1(LeaderElection.java:234)
	at java.util.concurrent.FutureTask.run(FutureTask.java:266)
	at java.util.concurrent.Executors$RunnableAdapter.call(Executors.java:511)
	at java.util.concurrent.FutureTask.run(FutureTask.java:266)
	at java.util.concurrent.ThreadPoolExecutor.runWorker(ThreadPoolExecutor.java:1149)
	at java.util.concurrent.ThreadPoolExecutor$Worker.run(ThreadPoolExecutor.java:624)
	... 1 more
Caused by: org.apache.ratis.thirdparty.io.netty.channel.AbstractChannel$AnnotatedConnectException: Connection refused: /192.168.157.203:33208
	at sun.nio.ch.SocketChannelImpl.checkConnect(Native Method)
	at sun.nio.ch.SocketChannelImpl.finishConnect(SocketChannelImpl.java:717)
	at org.apache.ratis.thirdparty.io.netty.channel.socket.nio.NioSocketChannel.doFinishConnect(NioSocketChannel.java:327)
	at org.apache.ratis.thirdparty.io.netty.channel.nio.AbstractNioChannel$AbstractNioUnsafe.finishConnect(AbstractNioChannel.java:340)
	at org.apache.ratis.thirdparty.io.netty.channel.nio.NioEventLoop.processSelectedKey(NioEventLoop.java:632)
	at org.apache.ratis.thirdparty.io.netty.channel.nio.NioEventLoop.processSelectedKeysOptimized(NioEventLoop.java:579)
	at org.apache.ratis.thirdparty.io.netty.channel.nio.NioEventLoop.processSelectedKeys(NioEventLoop.java:496)
	at org.apache.ratis.thirdparty.io.netty.channel.nio.NioEventLoop.run(NioEventLoop.java:458)
	at org.apache.ratis.thirdparty.io.netty.util.concurrent.SingleThreadEventExecutor$5.run(SingleThreadEventExecutor.java:897)
	at org.apache.ratis.thirdparty.io.netty.util.concurrent.FastThreadLocalRunnable.run(FastThreadLocalRunnable.java:30)
	... 1 more
Caused by: java.net.ConnectException: Connection refused
	... 11 more
2019-10-16 11:36:21,364 [a3132885-145f-4a8c-85f4-c10eb874732d@group-2077DD483DC7-LeaderElection508] INFO  impl.LeaderElection (LeaderElection.java:logAndReturn(56)) - a3132885-145f-4a8c-85f4-c10eb874732d@group-2077DD483DC7-LeaderElection508: Election REJECTED; received 0 response(s) [] and 2 exception(s); a3132885-145f-4a8c-85f4-c10eb874732d@group-2077DD483DC7:t336, leader=null, voted=a3132885-145f-4a8c-85f4-c10eb874732d, raftlog=a3132885-145f-4a8c-85f4-c10eb874732d@group-2077DD483DC7-SegmentedRaftLog:OPENED:c-1,f-1,i0, conf=-1: [163587bb-2c3b-4498-b576-18147cf38274:192.168.157.203:33208, a3132885-145f-4a8c-85f4-c10eb874732d:192.168.157.203:46766, 70b633f6-b230-4b9f-87f3-510da88f1e08:192.168.157.203:43163], old=null
2019-10-16 11:36:21,364 [a3132885-145f-4a8c-85f4-c10eb874732d@group-2077DD483DC7-LeaderElection508] INFO  impl.LeaderElection (LogUtils.java:infoOrTrace(149)) -   Exception 0: {}
java.util.concurrent.ExecutionException: org.apache.ratis.thirdparty.io.grpc.StatusRuntimeException: UNAVAILABLE: io exception
	at java.util.concurrent.FutureTask.report(FutureTask.java:122)
	at java.util.concurrent.FutureTask.get(FutureTask.java:192)
	at org.apache.ratis.server.impl.LeaderElection.waitForResults(LeaderElection.java:259)
	at org.apache.ratis.server.impl.LeaderElection.askForVotes(LeaderElection.java:197)
	at org.apache.ratis.server.impl.LeaderElection.run(LeaderElection.java:133)
	at java.lang.Thread.run(Thread.java:748)
Caused by: org.apache.ratis.thirdparty.io.grpc.StatusRuntimeException: UNAVAILABLE: io exception
	at org.apache.ratis.thirdparty.io.grpc.stub.ClientCalls.toStatusRuntimeException(ClientCalls.java:233)
	at org.apache.ratis.thirdparty.io.grpc.stub.ClientCalls.getUnchecked(ClientCalls.java:214)
	at org.apache.ratis.thirdparty.io.grpc.stub.ClientCalls.blockingUnaryCall(ClientCalls.java:139)
	at org.apache.ratis.proto.grpc.RaftServerProtocolServiceGrpc$RaftServerProtocolServiceBlockingStub.requestVote(RaftServerProtocolServiceGrpc.java:265)
	at org.apache.ratis.grpc.server.GrpcServerProtocolClient.requestVote(GrpcServerProtocolClient.java:99)
	at org.apache.ratis.grpc.server.GrpcService.requestVote(GrpcService.java:204)
	at org.apache.ratis.server.impl.LeaderElection.lambda$submitRequests$1(LeaderElection.java:234)
	at java.util.concurrent.FutureTask.run(FutureTask.java:266)
	at java.util.concurrent.Executors$RunnableAdapter.call(Executors.java:511)
	at java.util.concurrent.FutureTask.run(FutureTask.java:266)
	at java.util.concurrent.ThreadPoolExecutor.runWorker(ThreadPoolExecutor.java:1149)
	at java.util.concurrent.ThreadPoolExecutor$Worker.run(ThreadPoolExecutor.java:624)
	... 1 more
Caused by: org.apache.ratis.thirdparty.io.netty.channel.AbstractChannel$AnnotatedConnectException: Connection refused: /192.168.157.203:43163
	at sun.nio.ch.SocketChannelImpl.checkConnect(Native Method)
	at sun.nio.ch.SocketChannelImpl.finishConnect(SocketChannelImpl.java:717)
	at org.apache.ratis.thirdparty.io.netty.channel.socket.nio.NioSocketChannel.doFinishConnect(NioSocketChannel.java:327)
	at org.apache.ratis.thirdparty.io.netty.channel.nio.AbstractNioChannel$AbstractNioUnsafe.finishConnect(AbstractNioChannel.java:340)
	at org.apache.ratis.thirdparty.io.netty.channel.nio.NioEventLoop.processSelectedKey(NioEventLoop.java:632)
	at org.apache.ratis.thirdparty.io.netty.channel.nio.NioEventLoop.processSelectedKeysOptimized(NioEventLoop.java:579)
	at org.apache.ratis.thirdparty.io.netty.channel.nio.NioEventLoop.processSelectedKeys(NioEventLoop.java:496)
	at org.apache.ratis.thirdparty.io.netty.channel.nio.NioEventLoop.run(NioEventLoop.java:458)
	at org.apache.ratis.thirdparty.io.netty.util.concurrent.SingleThreadEventExecutor$5.run(SingleThreadEventExecutor.java:897)
	at org.apache.ratis.thirdparty.io.netty.util.concurrent.FastThreadLocalRunnable.run(FastThreadLocalRunnable.java:30)
	... 1 more
Caused by: java.net.ConnectException: Connection refused
	... 11 more
2019-10-16 11:36:21,365 [a3132885-145f-4a8c-85f4-c10eb874732d@group-2077DD483DC7-LeaderElection508] INFO  impl.LeaderElection (LogUtils.java:infoOrTrace(149)) -   Exception 1: {}
java.util.concurrent.ExecutionException: org.apache.ratis.thirdparty.io.grpc.StatusRuntimeException: UNAVAILABLE: io exception
	at java.util.concurrent.FutureTask.report(FutureTask.java:122)
	at java.util.concurrent.FutureTask.get(FutureTask.java:192)
	at org.apache.ratis.server.impl.LeaderElection.waitForResults(LeaderElection.java:259)
	at org.apache.ratis.server.impl.LeaderElection.askForVotes(LeaderElection.java:197)
	at org.apache.ratis.server.impl.LeaderElection.run(LeaderElection.java:133)
	at java.lang.Thread.run(Thread.java:748)
Caused by: org.apache.ratis.thirdparty.io.grpc.StatusRuntimeException: UNAVAILABLE: io exception
	at org.apache.ratis.thirdparty.io.grpc.stub.ClientCalls.toStatusRuntimeException(ClientCalls.java:233)
	at org.apache.ratis.thirdparty.io.grpc.stub.ClientCalls.getUnchecked(ClientCalls.java:214)
	at org.apache.ratis.thirdparty.io.grpc.stub.ClientCalls.blockingUnaryCall(ClientCalls.java:139)
	at org.apache.ratis.proto.grpc.RaftServerProtocolServiceGrpc$RaftServerProtocolServiceBlockingStub.requestVote(RaftServerProtocolServiceGrpc.java:265)
	at org.apache.ratis.grpc.server.GrpcServerProtocolClient.requestVote(GrpcServerProtocolClient.java:99)
	at org.apache.ratis.grpc.server.GrpcService.requestVote(GrpcService.java:204)
	at org.apache.ratis.server.impl.LeaderElection.lambda$submitRequests$1(LeaderElection.java:234)
	at java.util.concurrent.FutureTask.run(FutureTask.java:266)
	at java.util.concurrent.Executors$RunnableAdapter.call(Executors.java:511)
	at java.util.concurrent.FutureTask.run(FutureTask.java:266)
	at java.util.concurrent.ThreadPoolExecutor.runWorker(ThreadPoolExecutor.java:1149)
	at java.util.concurrent.ThreadPoolExecutor$Worker.run(ThreadPoolExecutor.java:624)
	... 1 more
Caused by: org.apache.ratis.thirdparty.io.netty.channel.AbstractChannel$AnnotatedConnectException: Connection refused: /192.168.157.203:33208
	at sun.nio.ch.SocketChannelImpl.checkConnect(Native Method)
	at sun.nio.ch.SocketChannelImpl.finishConnect(SocketChannelImpl.java:717)
	at org.apache.ratis.thirdparty.io.netty.channel.socket.nio.NioSocketChannel.doFinishConnect(NioSocketChannel.java:327)
	at org.apache.ratis.thirdparty.io.netty.channel.nio.AbstractNioChannel$AbstractNioUnsafe.finishConnect(AbstractNioChannel.java:340)
	at org.apache.ratis.thirdparty.io.netty.channel.nio.NioEventLoop.processSelectedKey(NioEventLoop.java:632)
	at org.apache.ratis.thirdparty.io.netty.channel.nio.NioEventLoop.processSelectedKeysOptimized(NioEventLoop.java:579)
	at org.apache.ratis.thirdparty.io.netty.channel.nio.NioEventLoop.processSelectedKeys(NioEventLoop.java:496)
	at org.apache.ratis.thirdparty.io.netty.channel.nio.NioEventLoop.run(NioEventLoop.java:458)
	at org.apache.ratis.thirdparty.io.netty.util.concurrent.SingleThreadEventExecutor$5.run(SingleThreadEventExecutor.java:897)
	at org.apache.ratis.thirdparty.io.netty.util.concurrent.FastThreadLocalRunnable.run(FastThreadLocalRunnable.java:30)
	... 1 more
Caused by: java.net.ConnectException: Connection refused
	... 11 more
2019-10-16 11:36:21,365 [a3132885-145f-4a8c-85f4-c10eb874732d@group-2077DD483DC7-LeaderElection508] INFO  impl.RaftServerImpl (RaftServerImpl.java:setRole(184)) - a3132885-145f-4a8c-85f4-c10eb874732d@group-2077DD483DC7: changes role from CANDIDATE to FOLLOWER at term 336 for DISCOVERED_A_NEW_TERM
2019-10-16 11:36:21,366 [a3132885-145f-4a8c-85f4-c10eb874732d@group-2077DD483DC7-LeaderElection508] INFO  impl.RoleInfo (RoleInfo.java:shutdownLeaderElection(134)) - a3132885-145f-4a8c-85f4-c10eb874732d: shutdown LeaderElection
2019-10-16 11:36:21,366 [a3132885-145f-4a8c-85f4-c10eb874732d@group-2077DD483DC7-LeaderElection508] INFO  impl.RoleInfo (RoleInfo.java:updateAndGet(143)) - a3132885-145f-4a8c-85f4-c10eb874732d: start FollowerState
2019-10-16 11:36:21,370 [Thread-3707] INFO  impl.FollowerState (FollowerState.java:run(108)) - a3132885-145f-4a8c-85f4-c10eb874732d@group-2077DD483DC7-FollowerState: change to CANDIDATE, lastRpcTime:4ms, electionTimeout:4ms
2019-10-16 11:36:21,370 [Thread-3707] INFO  impl.RoleInfo (RoleInfo.java:shutdownFollowerState(121)) - a3132885-145f-4a8c-85f4-c10eb874732d: shutdown FollowerState
2019-10-16 11:36:21,371 [Thread-3707] INFO  impl.RaftServerImpl (RaftServerImpl.java:setRole(184)) - a3132885-145f-4a8c-85f4-c10eb874732d@group-2077DD483DC7: changes role from  FOLLOWER to CANDIDATE at term 336 for changeToCandidate
2019-10-16 11:36:21,371 [Thread-3707] INFO  impl.RoleInfo (RoleInfo.java:updateAndGet(143)) - a3132885-145f-4a8c-85f4-c10eb874732d: start LeaderElection
2019-10-16 11:36:21,378 [a3132885-145f-4a8c-85f4-c10eb874732d@group-2077DD483DC7-LeaderElection509] INFO  impl.LeaderElection (LeaderElection.java:askForVotes(178)) - a3132885-145f-4a8c-85f4-c10eb874732d@group-2077DD483DC7-LeaderElection509: begin an election at term 337 for -1: [163587bb-2c3b-4498-b576-18147cf38274:192.168.157.203:33208, a3132885-145f-4a8c-85f4-c10eb874732d:192.168.157.203:46766, 70b633f6-b230-4b9f-87f3-510da88f1e08:192.168.157.203:43163], old=null
2019-10-16 11:36:21,379 [a3132885-145f-4a8c-85f4-c10eb874732d@group-2077DD483DC7-LeaderElection509] INFO  impl.LeaderElection (LogUtils.java:infoOrTrace(149)) - a3132885-145f-4a8c-85f4-c10eb874732d@group-2077DD483DC7-LeaderElection509 got exception when requesting votes: {}
java.util.concurrent.ExecutionException: org.apache.ratis.thirdparty.io.grpc.StatusRuntimeException: UNAVAILABLE: io exception
	at java.util.concurrent.FutureTask.report(FutureTask.java:122)
	at java.util.concurrent.FutureTask.get(FutureTask.java:192)
	at org.apache.ratis.server.impl.LeaderElection.waitForResults(LeaderElection.java:259)
	at org.apache.ratis.server.impl.LeaderElection.askForVotes(LeaderElection.java:197)
	at org.apache.ratis.server.impl.LeaderElection.run(LeaderElection.java:133)
	at java.lang.Thread.run(Thread.java:748)
Caused by: org.apache.ratis.thirdparty.io.grpc.StatusRuntimeException: UNAVAILABLE: io exception
	at org.apache.ratis.thirdparty.io.grpc.stub.ClientCalls.toStatusRuntimeException(ClientCalls.java:233)
	at org.apache.ratis.thirdparty.io.grpc.stub.ClientCalls.getUnchecked(ClientCalls.java:214)
	at org.apache.ratis.thirdparty.io.grpc.stub.ClientCalls.blockingUnaryCall(ClientCalls.java:139)
	at org.apache.ratis.proto.grpc.RaftServerProtocolServiceGrpc$RaftServerProtocolServiceBlockingStub.requestVote(RaftServerProtocolServiceGrpc.java:265)
	at org.apache.ratis.grpc.server.GrpcServerProtocolClient.requestVote(GrpcServerProtocolClient.java:99)
	at org.apache.ratis.grpc.server.GrpcService.requestVote(GrpcService.java:204)
	at org.apache.ratis.server.impl.LeaderElection.lambda$submitRequests$1(LeaderElection.java:234)
	at java.util.concurrent.FutureTask.run(FutureTask.java:266)
	at java.util.concurrent.Executors$RunnableAdapter.call(Executors.java:511)
	at java.util.concurrent.FutureTask.run(FutureTask.java:266)
	at java.util.concurrent.ThreadPoolExecutor.runWorker(ThreadPoolExecutor.java:1149)
	at java.util.concurrent.ThreadPoolExecutor$Worker.run(ThreadPoolExecutor.java:624)
	... 1 more
Caused by: org.apache.ratis.thirdparty.io.netty.channel.AbstractChannel$AnnotatedConnectException: Connection refused: /192.168.157.203:33208
	at sun.nio.ch.SocketChannelImpl.checkConnect(Native Method)
	at sun.nio.ch.SocketChannelImpl.finishConnect(SocketChannelImpl.java:717)
	at org.apache.ratis.thirdparty.io.netty.channel.socket.nio.NioSocketChannel.doFinishConnect(NioSocketChannel.java:327)
	at org.apache.ratis.thirdparty.io.netty.channel.nio.AbstractNioChannel$AbstractNioUnsafe.finishConnect(AbstractNioChannel.java:340)
	at org.apache.ratis.thirdparty.io.netty.channel.nio.NioEventLoop.processSelectedKey(NioEventLoop.java:632)
	at org.apache.ratis.thirdparty.io.netty.channel.nio.NioEventLoop.processSelectedKeysOptimized(NioEventLoop.java:579)
	at org.apache.ratis.thirdparty.io.netty.channel.nio.NioEventLoop.processSelectedKeys(NioEventLoop.java:496)
	at org.apache.ratis.thirdparty.io.netty.channel.nio.NioEventLoop.run(NioEventLoop.java:458)
	at org.apache.ratis.thirdparty.io.netty.util.concurrent.SingleThreadEventExecutor$5.run(SingleThreadEventExecutor.java:897)
	at org.apache.ratis.thirdparty.io.netty.util.concurrent.FastThreadLocalRunnable.run(FastThreadLocalRunnable.java:30)
	... 1 more
Caused by: java.net.ConnectException: Connection refused
	... 11 more
2019-10-16 11:36:21,380 [a3132885-145f-4a8c-85f4-c10eb874732d@group-2077DD483DC7-LeaderElection509] INFO  impl.LeaderElection (LogUtils.java:infoOrTrace(149)) - a3132885-145f-4a8c-85f4-c10eb874732d@group-2077DD483DC7-LeaderElection509 got exception when requesting votes: {}
java.util.concurrent.ExecutionException: org.apache.ratis.thirdparty.io.grpc.StatusRuntimeException: UNAVAILABLE: io exception
	at java.util.concurrent.FutureTask.report(FutureTask.java:122)
	at java.util.concurrent.FutureTask.get(FutureTask.java:192)
	at org.apache.ratis.server.impl.LeaderElection.waitForResults(LeaderElection.java:259)
	at org.apache.ratis.server.impl.LeaderElection.askForVotes(LeaderElection.java:197)
	at org.apache.ratis.server.impl.LeaderElection.run(LeaderElection.java:133)
	at java.lang.Thread.run(Thread.java:748)
Caused by: org.apache.ratis.thirdparty.io.grpc.StatusRuntimeException: UNAVAILABLE: io exception
	at org.apache.ratis.thirdparty.io.grpc.stub.ClientCalls.toStatusRuntimeException(ClientCalls.java:233)
	at org.apache.ratis.thirdparty.io.grpc.stub.ClientCalls.getUnchecked(ClientCalls.java:214)
	at org.apache.ratis.thirdparty.io.grpc.stub.ClientCalls.blockingUnaryCall(ClientCalls.java:139)
	at org.apache.ratis.proto.grpc.RaftServerProtocolServiceGrpc$RaftServerProtocolServiceBlockingStub.requestVote(RaftServerProtocolServiceGrpc.java:265)
	at org.apache.ratis.grpc.server.GrpcServerProtocolClient.requestVote(GrpcServerProtocolClient.java:99)
	at org.apache.ratis.grpc.server.GrpcService.requestVote(GrpcService.java:204)
	at org.apache.ratis.server.impl.LeaderElection.lambda$submitRequests$1(LeaderElection.java:234)
	at java.util.concurrent.FutureTask.run(FutureTask.java:266)
	at java.util.concurrent.Executors$RunnableAdapter.call(Executors.java:511)
	at java.util.concurrent.FutureTask.run(FutureTask.java:266)
	at java.util.concurrent.ThreadPoolExecutor.runWorker(ThreadPoolExecutor.java:1149)
	at java.util.concurrent.ThreadPoolExecutor$Worker.run(ThreadPoolExecutor.java:624)
	... 1 more
Caused by: org.apache.ratis.thirdparty.io.netty.channel.AbstractChannel$AnnotatedConnectException: Connection refused: /192.168.157.203:43163
	at sun.nio.ch.SocketChannelImpl.checkConnect(Native Method)
	at sun.nio.ch.SocketChannelImpl.finishConnect(SocketChannelImpl.java:717)
	at org.apache.ratis.thirdparty.io.netty.channel.socket.nio.NioSocketChannel.doFinishConnect(NioSocketChannel.java:327)
	at org.apache.ratis.thirdparty.io.netty.channel.nio.AbstractNioChannel$AbstractNioUnsafe.finishConnect(AbstractNioChannel.java:340)
	at org.apache.ratis.thirdparty.io.netty.channel.nio.NioEventLoop.processSelectedKey(NioEventLoop.java:632)
	at org.apache.ratis.thirdparty.io.netty.channel.nio.NioEventLoop.processSelectedKeysOptimized(NioEventLoop.java:579)
	at org.apache.ratis.thirdparty.io.netty.channel.nio.NioEventLoop.processSelectedKeys(NioEventLoop.java:496)
	at org.apache.ratis.thirdparty.io.netty.channel.nio.NioEventLoop.run(NioEventLoop.java:458)
	at org.apache.ratis.thirdparty.io.netty.util.concurrent.SingleThreadEventExecutor$5.run(SingleThreadEventExecutor.java:897)
	at org.apache.ratis.thirdparty.io.netty.util.concurrent.FastThreadLocalRunnable.run(FastThreadLocalRunnable.java:30)
	... 1 more
Caused by: java.net.ConnectException: Connection refused
	... 11 more
2019-10-16 11:36:21,380 [a3132885-145f-4a8c-85f4-c10eb874732d@group-2077DD483DC7-LeaderElection509] INFO  impl.LeaderElection (LeaderElection.java:logAndReturn(56)) - a3132885-145f-4a8c-85f4-c10eb874732d@group-2077DD483DC7-LeaderElection509: Election REJECTED; received 0 response(s) [] and 2 exception(s); a3132885-145f-4a8c-85f4-c10eb874732d@group-2077DD483DC7:t337, leader=null, voted=a3132885-145f-4a8c-85f4-c10eb874732d, raftlog=a3132885-145f-4a8c-85f4-c10eb874732d@group-2077DD483DC7-SegmentedRaftLog:OPENED:c-1,f-1,i0, conf=-1: [163587bb-2c3b-4498-b576-18147cf38274:192.168.157.203:33208, a3132885-145f-4a8c-85f4-c10eb874732d:192.168.157.203:46766, 70b633f6-b230-4b9f-87f3-510da88f1e08:192.168.157.203:43163], old=null
2019-10-16 11:36:21,380 [a3132885-145f-4a8c-85f4-c10eb874732d@group-2077DD483DC7-LeaderElection509] INFO  impl.LeaderElection (LogUtils.java:infoOrTrace(149)) -   Exception 0: {}
java.util.concurrent.ExecutionException: org.apache.ratis.thirdparty.io.grpc.StatusRuntimeException: UNAVAILABLE: io exception
	at java.util.concurrent.FutureTask.report(FutureTask.java:122)
	at java.util.concurrent.FutureTask.get(FutureTask.java:192)
	at org.apache.ratis.server.impl.LeaderElection.waitForResults(LeaderElection.java:259)
	at org.apache.ratis.server.impl.LeaderElection.askForVotes(LeaderElection.java:197)
	at org.apache.ratis.server.impl.LeaderElection.run(LeaderElection.java:133)
	at java.lang.Thread.run(Thread.java:748)
Caused by: org.apache.ratis.thirdparty.io.grpc.StatusRuntimeException: UNAVAILABLE: io exception
	at org.apache.ratis.thirdparty.io.grpc.stub.ClientCalls.toStatusRuntimeException(ClientCalls.java:233)
	at org.apache.ratis.thirdparty.io.grpc.stub.ClientCalls.getUnchecked(ClientCalls.java:214)
	at org.apache.ratis.thirdparty.io.grpc.stub.ClientCalls.blockingUnaryCall(ClientCalls.java:139)
	at org.apache.ratis.proto.grpc.RaftServerProtocolServiceGrpc$RaftServerProtocolServiceBlockingStub.requestVote(RaftServerProtocolServiceGrpc.java:265)
	at org.apache.ratis.grpc.server.GrpcServerProtocolClient.requestVote(GrpcServerProtocolClient.java:99)
	at org.apache.ratis.grpc.server.GrpcService.requestVote(GrpcService.java:204)
	at org.apache.ratis.server.impl.LeaderElection.lambda$submitRequests$1(LeaderElection.java:234)
	at java.util.concurrent.FutureTask.run(FutureTask.java:266)
	at java.util.concurrent.Executors$RunnableAdapter.call(Executors.java:511)
	at java.util.concurrent.FutureTask.run(FutureTask.java:266)
	at java.util.concurrent.ThreadPoolExecutor.runWorker(ThreadPoolExecutor.java:1149)
	at java.util.concurrent.ThreadPoolExecutor$Worker.run(ThreadPoolExecutor.java:624)
	... 1 more
Caused by: org.apache.ratis.thirdparty.io.netty.channel.AbstractChannel$AnnotatedConnectException: Connection refused: /192.168.157.203:33208
	at sun.nio.ch.SocketChannelImpl.checkConnect(Native Method)
	at sun.nio.ch.SocketChannelImpl.finishConnect(SocketChannelImpl.java:717)
	at org.apache.ratis.thirdparty.io.netty.channel.socket.nio.NioSocketChannel.doFinishConnect(NioSocketChannel.java:327)
	at org.apache.ratis.thirdparty.io.netty.channel.nio.AbstractNioChannel$AbstractNioUnsafe.finishConnect(AbstractNioChannel.java:340)
	at org.apache.ratis.thirdparty.io.netty.channel.nio.NioEventLoop.processSelectedKey(NioEventLoop.java:632)
	at org.apache.ratis.thirdparty.io.netty.channel.nio.NioEventLoop.processSelectedKeysOptimized(NioEventLoop.java:579)
	at org.apache.ratis.thirdparty.io.netty.channel.nio.NioEventLoop.processSelectedKeys(NioEventLoop.java:496)
	at org.apache.ratis.thirdparty.io.netty.channel.nio.NioEventLoop.run(NioEventLoop.java:458)
	at org.apache.ratis.thirdparty.io.netty.util.concurrent.SingleThreadEventExecutor$5.run(SingleThreadEventExecutor.java:897)
	at org.apache.ratis.thirdparty.io.netty.util.concurrent.FastThreadLocalRunnable.run(FastThreadLocalRunnable.java:30)
	... 1 more
Caused by: java.net.ConnectException: Connection refused
	... 11 more
2019-10-16 11:36:21,381 [a3132885-145f-4a8c-85f4-c10eb874732d@group-2077DD483DC7-LeaderElection509] INFO  impl.LeaderElection (LogUtils.java:infoOrTrace(149)) -   Exception 1: {}
java.util.concurrent.ExecutionException: org.apache.ratis.thirdparty.io.grpc.StatusRuntimeException: UNAVAILABLE: io exception
	at java.util.concurrent.FutureTask.report(FutureTask.java:122)
	at java.util.concurrent.FutureTask.get(FutureTask.java:192)
	at org.apache.ratis.server.impl.LeaderElection.waitForResults(LeaderElection.java:259)
	at org.apache.ratis.server.impl.LeaderElection.askForVotes(LeaderElection.java:197)
	at org.apache.ratis.server.impl.LeaderElection.run(LeaderElection.java:133)
	at java.lang.Thread.run(Thread.java:748)
Caused by: org.apache.ratis.thirdparty.io.grpc.StatusRuntimeException: UNAVAILABLE: io exception
	at org.apache.ratis.thirdparty.io.grpc.stub.ClientCalls.toStatusRuntimeException(ClientCalls.java:233)
	at org.apache.ratis.thirdparty.io.grpc.stub.ClientCalls.getUnchecked(ClientCalls.java:214)
	at org.apache.ratis.thirdparty.io.grpc.stub.ClientCalls.blockingUnaryCall(ClientCalls.java:139)
	at org.apache.ratis.proto.grpc.RaftServerProtocolServiceGrpc$RaftServerProtocolServiceBlockingStub.requestVote(RaftServerProtocolServiceGrpc.java:265)
	at org.apache.ratis.grpc.server.GrpcServerProtocolClient.requestVote(GrpcServerProtocolClient.java:99)
	at org.apache.ratis.grpc.server.GrpcService.requestVote(GrpcService.java:204)
	at org.apache.ratis.server.impl.LeaderElection.lambda$submitRequests$1(LeaderElection.java:234)
	at java.util.concurrent.FutureTask.run(FutureTask.java:266)
	at java.util.concurrent.Executors$RunnableAdapter.call(Executors.java:511)
	at java.util.concurrent.FutureTask.run(FutureTask.java:266)
	at java.util.concurrent.ThreadPoolExecutor.runWorker(ThreadPoolExecutor.java:1149)
	at java.util.concurrent.ThreadPoolExecutor$Worker.run(ThreadPoolExecutor.java:624)
	... 1 more
Caused by: org.apache.ratis.thirdparty.io.netty.channel.AbstractChannel$AnnotatedConnectException: Connection refused: /192.168.157.203:43163
	at sun.nio.ch.SocketChannelImpl.checkConnect(Native Method)
	at sun.nio.ch.SocketChannelImpl.finishConnect(SocketChannelImpl.java:717)
	at org.apache.ratis.thirdparty.io.netty.channel.socket.nio.NioSocketChannel.doFinishConnect(NioSocketChannel.java:327)
	at org.apache.ratis.thirdparty.io.netty.channel.nio.AbstractNioChannel$AbstractNioUnsafe.finishConnect(AbstractNioChannel.java:340)
	at org.apache.ratis.thirdparty.io.netty.channel.nio.NioEventLoop.processSelectedKey(NioEventLoop.java:632)
	at org.apache.ratis.thirdparty.io.netty.channel.nio.NioEventLoop.processSelectedKeysOptimized(NioEventLoop.java:579)
	at org.apache.ratis.thirdparty.io.netty.channel.nio.NioEventLoop.processSelectedKeys(NioEventLoop.java:496)
	at org.apache.ratis.thirdparty.io.netty.channel.nio.NioEventLoop.run(NioEventLoop.java:458)
	at org.apache.ratis.thirdparty.io.netty.util.concurrent.SingleThreadEventExecutor$5.run(SingleThreadEventExecutor.java:897)
	at org.apache.ratis.thirdparty.io.netty.util.concurrent.FastThreadLocalRunnable.run(FastThreadLocalRunnable.java:30)
	... 1 more
Caused by: java.net.ConnectException: Connection refused
	... 11 more
2019-10-16 11:36:21,381 [a3132885-145f-4a8c-85f4-c10eb874732d@group-2077DD483DC7-LeaderElection509] INFO  impl.RaftServerImpl (RaftServerImpl.java:setRole(184)) - a3132885-145f-4a8c-85f4-c10eb874732d@group-2077DD483DC7: changes role from CANDIDATE to FOLLOWER at term 337 for DISCOVERED_A_NEW_TERM
2019-10-16 11:36:21,381 [a3132885-145f-4a8c-85f4-c10eb874732d@group-2077DD483DC7-LeaderElection509] INFO  impl.RoleInfo (RoleInfo.java:shutdownLeaderElection(134)) - a3132885-145f-4a8c-85f4-c10eb874732d: shutdown LeaderElection
2019-10-16 11:36:21,381 [a3132885-145f-4a8c-85f4-c10eb874732d@group-2077DD483DC7-LeaderElection509] INFO  impl.RoleInfo (RoleInfo.java:updateAndGet(143)) - a3132885-145f-4a8c-85f4-c10eb874732d: start FollowerState
2019-10-16 11:36:21,386 [Thread-3711] INFO  impl.FollowerState (FollowerState.java:run(108)) - a3132885-145f-4a8c-85f4-c10eb874732d@group-2077DD483DC7-FollowerState: change to CANDIDATE, lastRpcTime:5ms, electionTimeout:5ms
2019-10-16 11:36:21,387 [Thread-3711] INFO  impl.RoleInfo (RoleInfo.java:shutdownFollowerState(121)) - a3132885-145f-4a8c-85f4-c10eb874732d: shutdown FollowerState
2019-10-16 11:36:21,387 [Thread-3711] INFO  impl.RaftServerImpl (RaftServerImpl.java:setRole(184)) - a3132885-145f-4a8c-85f4-c10eb874732d@group-2077DD483DC7: changes role from  FOLLOWER to CANDIDATE at term 337 for changeToCandidate
2019-10-16 11:36:21,387 [Thread-3711] INFO  impl.RoleInfo (RoleInfo.java:updateAndGet(143)) - a3132885-145f-4a8c-85f4-c10eb874732d: start LeaderElection
2019-10-16 11:36:21,392 [a3132885-145f-4a8c-85f4-c10eb874732d@group-2077DD483DC7-LeaderElection510] INFO  impl.LeaderElection (LeaderElection.java:askForVotes(178)) - a3132885-145f-4a8c-85f4-c10eb874732d@group-2077DD483DC7-LeaderElection510: begin an election at term 338 for -1: [163587bb-2c3b-4498-b576-18147cf38274:192.168.157.203:33208, a3132885-145f-4a8c-85f4-c10eb874732d:192.168.157.203:46766, 70b633f6-b230-4b9f-87f3-510da88f1e08:192.168.157.203:43163], old=null
2019-10-16 11:36:21,392 [a3132885-145f-4a8c-85f4-c10eb874732d@group-2077DD483DC7-LeaderElection510] INFO  impl.LeaderElection (LogUtils.java:infoOrTrace(149)) - a3132885-145f-4a8c-85f4-c10eb874732d@group-2077DD483DC7-LeaderElection510 got exception when requesting votes: {}
java.util.concurrent.ExecutionException: org.apache.ratis.thirdparty.io.grpc.StatusRuntimeException: UNAVAILABLE: io exception
	at java.util.concurrent.FutureTask.report(FutureTask.java:122)
	at java.util.concurrent.FutureTask.get(FutureTask.java:192)
	at org.apache.ratis.server.impl.LeaderElection.waitForResults(LeaderElection.java:259)
	at org.apache.ratis.server.impl.LeaderElection.askForVotes(LeaderElection.java:197)
	at org.apache.ratis.server.impl.LeaderElection.run(LeaderElection.java:133)
	at java.lang.Thread.run(Thread.java:748)
Caused by: org.apache.ratis.thirdparty.io.grpc.StatusRuntimeException: UNAVAILABLE: io exception
	at org.apache.ratis.thirdparty.io.grpc.stub.ClientCalls.toStatusRuntimeException(ClientCalls.java:233)
	at org.apache.ratis.thirdparty.io.grpc.stub.ClientCalls.getUnchecked(ClientCalls.java:214)
	at org.apache.ratis.thirdparty.io.grpc.stub.ClientCalls.blockingUnaryCall(ClientCalls.java:139)
	at org.apache.ratis.proto.grpc.RaftServerProtocolServiceGrpc$RaftServerProtocolServiceBlockingStub.requestVote(RaftServerProtocolServiceGrpc.java:265)
	at org.apache.ratis.grpc.server.GrpcServerProtocolClient.requestVote(GrpcServerProtocolClient.java:99)
	at org.apache.ratis.grpc.server.GrpcService.requestVote(GrpcService.java:204)
	at org.apache.ratis.server.impl.LeaderElection.lambda$submitRequests$1(LeaderElection.java:234)
	at java.util.concurrent.FutureTask.run(FutureTask.java:266)
	at java.util.concurrent.Executors$RunnableAdapter.call(Executors.java:511)
	at java.util.concurrent.FutureTask.run(FutureTask.java:266)
	at java.util.concurrent.ThreadPoolExecutor.runWorker(ThreadPoolExecutor.java:1149)
	at java.util.concurrent.ThreadPoolExecutor$Worker.run(ThreadPoolExecutor.java:624)
	... 1 more
Caused by: org.apache.ratis.thirdparty.io.netty.channel.AbstractChannel$AnnotatedConnectException: Connection refused: /192.168.157.203:33208
	at sun.nio.ch.SocketChannelImpl.checkConnect(Native Method)
	at sun.nio.ch.SocketChannelImpl.finishConnect(SocketChannelImpl.java:717)
	at org.apache.ratis.thirdparty.io.netty.channel.socket.nio.NioSocketChannel.doFinishConnect(NioSocketChannel.java:327)
	at org.apache.ratis.thirdparty.io.netty.channel.nio.AbstractNioChannel$AbstractNioUnsafe.finishConnect(AbstractNioChannel.java:340)
	at org.apache.ratis.thirdparty.io.netty.channel.nio.NioEventLoop.processSelectedKey(NioEventLoop.java:632)
	at org.apache.ratis.thirdparty.io.netty.channel.nio.NioEventLoop.processSelectedKeysOptimized(NioEventLoop.java:579)
	at org.apache.ratis.thirdparty.io.netty.channel.nio.NioEventLoop.processSelectedKeys(NioEventLoop.java:496)
	at org.apache.ratis.thirdparty.io.netty.channel.nio.NioEventLoop.run(NioEventLoop.java:458)
	at org.apache.ratis.thirdparty.io.netty.util.concurrent.SingleThreadEventExecutor$5.run(SingleThreadEventExecutor.java:897)
	at org.apache.ratis.thirdparty.io.netty.util.concurrent.FastThreadLocalRunnable.run(FastThreadLocalRunnable.java:30)
	... 1 more
Caused by: java.net.ConnectException: Connection refused
	... 11 more
2019-10-16 11:36:21,393 [a3132885-145f-4a8c-85f4-c10eb874732d@group-2077DD483DC7-LeaderElection510] INFO  impl.LeaderElection (LogUtils.java:infoOrTrace(149)) - a3132885-145f-4a8c-85f4-c10eb874732d@group-2077DD483DC7-LeaderElection510 got exception when requesting votes: {}
java.util.concurrent.ExecutionException: org.apache.ratis.thirdparty.io.grpc.StatusRuntimeException: UNAVAILABLE: io exception
	at java.util.concurrent.FutureTask.report(FutureTask.java:122)
	at java.util.concurrent.FutureTask.get(FutureTask.java:192)
	at org.apache.ratis.server.impl.LeaderElection.waitForResults(LeaderElection.java:259)
	at org.apache.ratis.server.impl.LeaderElection.askForVotes(LeaderElection.java:197)
	at org.apache.ratis.server.impl.LeaderElection.run(LeaderElection.java:133)
	at java.lang.Thread.run(Thread.java:748)
Caused by: org.apache.ratis.thirdparty.io.grpc.StatusRuntimeException: UNAVAILABLE: io exception
	at org.apache.ratis.thirdparty.io.grpc.stub.ClientCalls.toStatusRuntimeException(ClientCalls.java:233)
	at org.apache.ratis.thirdparty.io.grpc.stub.ClientCalls.getUnchecked(ClientCalls.java:214)
	at org.apache.ratis.thirdparty.io.grpc.stub.ClientCalls.blockingUnaryCall(ClientCalls.java:139)
	at org.apache.ratis.proto.grpc.RaftServerProtocolServiceGrpc$RaftServerProtocolServiceBlockingStub.requestVote(RaftServerProtocolServiceGrpc.java:265)
	at org.apache.ratis.grpc.server.GrpcServerProtocolClient.requestVote(GrpcServerProtocolClient.java:99)
	at org.apache.ratis.grpc.server.GrpcService.requestVote(GrpcService.java:204)
	at org.apache.ratis.server.impl.LeaderElection.lambda$submitRequests$1(LeaderElection.java:234)
	at java.util.concurrent.FutureTask.run(FutureTask.java:266)
	at java.util.concurrent.Executors$RunnableAdapter.call(Executors.java:511)
	at java.util.concurrent.FutureTask.run(FutureTask.java:266)
	at java.util.concurrent.ThreadPoolExecutor.runWorker(ThreadPoolExecutor.java:1149)
	at java.util.concurrent.ThreadPoolExecutor$Worker.run(ThreadPoolExecutor.java:624)
	... 1 more
Caused by: org.apache.ratis.thirdparty.io.netty.channel.AbstractChannel$AnnotatedConnectException: Connection refused: /192.168.157.203:43163
	at sun.nio.ch.SocketChannelImpl.checkConnect(Native Method)
	at sun.nio.ch.SocketChannelImpl.finishConnect(SocketChannelImpl.java:717)
	at org.apache.ratis.thirdparty.io.netty.channel.socket.nio.NioSocketChannel.doFinishConnect(NioSocketChannel.java:327)
	at org.apache.ratis.thirdparty.io.netty.channel.nio.AbstractNioChannel$AbstractNioUnsafe.finishConnect(AbstractNioChannel.java:340)
	at org.apache.ratis.thirdparty.io.netty.channel.nio.NioEventLoop.processSelectedKey(NioEventLoop.java:632)
	at org.apache.ratis.thirdparty.io.netty.channel.nio.NioEventLoop.processSelectedKeysOptimized(NioEventLoop.java:579)
	at org.apache.ratis.thirdparty.io.netty.channel.nio.NioEventLoop.processSelectedKeys(NioEventLoop.java:496)
	at org.apache.ratis.thirdparty.io.netty.channel.nio.NioEventLoop.run(NioEventLoop.java:458)
	at org.apache.ratis.thirdparty.io.netty.util.concurrent.SingleThreadEventExecutor$5.run(SingleThreadEventExecutor.java:897)
	at org.apache.ratis.thirdparty.io.netty.util.concurrent.FastThreadLocalRunnable.run(FastThreadLocalRunnable.java:30)
	... 1 more
Caused by: java.net.ConnectException: Connection refused
	... 11 more
2019-10-16 11:36:21,393 [a3132885-145f-4a8c-85f4-c10eb874732d@group-2077DD483DC7-LeaderElection510] INFO  impl.LeaderElection (LeaderElection.java:logAndReturn(56)) - a3132885-145f-4a8c-85f4-c10eb874732d@group-2077DD483DC7-LeaderElection510: Election REJECTED; received 0 response(s) [] and 2 exception(s); a3132885-145f-4a8c-85f4-c10eb874732d@group-2077DD483DC7:t338, leader=null, voted=a3132885-145f-4a8c-85f4-c10eb874732d, raftlog=a3132885-145f-4a8c-85f4-c10eb874732d@group-2077DD483DC7-SegmentedRaftLog:OPENED:c-1,f-1,i0, conf=-1: [163587bb-2c3b-4498-b576-18147cf38274:192.168.157.203:33208, a3132885-145f-4a8c-85f4-c10eb874732d:192.168.157.203:46766, 70b633f6-b230-4b9f-87f3-510da88f1e08:192.168.157.203:43163], old=null
2019-10-16 11:36:21,393 [a3132885-145f-4a8c-85f4-c10eb874732d@group-2077DD483DC7-LeaderElection510] INFO  impl.LeaderElection (LogUtils.java:infoOrTrace(149)) -   Exception 0: {}
java.util.concurrent.ExecutionException: org.apache.ratis.thirdparty.io.grpc.StatusRuntimeException: UNAVAILABLE: io exception
	at java.util.concurrent.FutureTask.report(FutureTask.java:122)
	at java.util.concurrent.FutureTask.get(FutureTask.java:192)
	at org.apache.ratis.server.impl.LeaderElection.waitForResults(LeaderElection.java:259)
	at org.apache.ratis.server.impl.LeaderElection.askForVotes(LeaderElection.java:197)
	at org.apache.ratis.server.impl.LeaderElection.run(LeaderElection.java:133)
	at java.lang.Thread.run(Thread.java:748)
Caused by: org.apache.ratis.thirdparty.io.grpc.StatusRuntimeException: UNAVAILABLE: io exception
	at org.apache.ratis.thirdparty.io.grpc.stub.ClientCalls.toStatusRuntimeException(ClientCalls.java:233)
	at org.apache.ratis.thirdparty.io.grpc.stub.ClientCalls.getUnchecked(ClientCalls.java:214)
	at org.apache.ratis.thirdparty.io.grpc.stub.ClientCalls.blockingUnaryCall(ClientCalls.java:139)
	at org.apache.ratis.proto.grpc.RaftServerProtocolServiceGrpc$RaftServerProtocolServiceBlockingStub.requestVote(RaftServerProtocolServiceGrpc.java:265)
	at org.apache.ratis.grpc.server.GrpcServerProtocolClient.requestVote(GrpcServerProtocolClient.java:99)
	at org.apache.ratis.grpc.server.GrpcService.requestVote(GrpcService.java:204)
	at org.apache.ratis.server.impl.LeaderElection.lambda$submitRequests$1(LeaderElection.java:234)
	at java.util.concurrent.FutureTask.run(FutureTask.java:266)
	at java.util.concurrent.Executors$RunnableAdapter.call(Executors.java:511)
	at java.util.concurrent.FutureTask.run(FutureTask.java:266)
	at java.util.concurrent.ThreadPoolExecutor.runWorker(ThreadPoolExecutor.java:1149)
	at java.util.concurrent.ThreadPoolExecutor$Worker.run(ThreadPoolExecutor.java:624)
	... 1 more
Caused by: org.apache.ratis.thirdparty.io.netty.channel.AbstractChannel$AnnotatedConnectException: Connection refused: /192.168.157.203:33208
	at sun.nio.ch.SocketChannelImpl.checkConnect(Native Method)
	at sun.nio.ch.SocketChannelImpl.finishConnect(SocketChannelImpl.java:717)
	at org.apache.ratis.thirdparty.io.netty.channel.socket.nio.NioSocketChannel.doFinishConnect(NioSocketChannel.java:327)
	at org.apache.ratis.thirdparty.io.netty.channel.nio.AbstractNioChannel$AbstractNioUnsafe.finishConnect(AbstractNioChannel.java:340)
	at org.apache.ratis.thirdparty.io.netty.channel.nio.NioEventLoop.processSelectedKey(NioEventLoop.java:632)
	at org.apache.ratis.thirdparty.io.netty.channel.nio.NioEventLoop.processSelectedKeysOptimized(NioEventLoop.java:579)
	at org.apache.ratis.thirdparty.io.netty.channel.nio.NioEventLoop.processSelectedKeys(NioEventLoop.java:496)
	at org.apache.ratis.thirdparty.io.netty.channel.nio.NioEventLoop.run(NioEventLoop.java:458)
	at org.apache.ratis.thirdparty.io.netty.util.concurrent.SingleThreadEventExecutor$5.run(SingleThreadEventExecutor.java:897)
	at org.apache.ratis.thirdparty.io.netty.util.concurrent.FastThreadLocalRunnable.run(FastThreadLocalRunnable.java:30)
	... 1 more
Caused by: java.net.ConnectException: Connection refused
	... 11 more
2019-10-16 11:36:21,393 [a3132885-145f-4a8c-85f4-c10eb874732d@group-2077DD483DC7-LeaderElection510] INFO  impl.LeaderElection (LogUtils.java:infoOrTrace(149)) -   Exception 1: {}
java.util.concurrent.ExecutionException: org.apache.ratis.thirdparty.io.grpc.StatusRuntimeException: UNAVAILABLE: io exception
	at java.util.concurrent.FutureTask.report(FutureTask.java:122)
	at java.util.concurrent.FutureTask.get(FutureTask.java:192)
	at org.apache.ratis.server.impl.LeaderElection.waitForResults(LeaderElection.java:259)
	at org.apache.ratis.server.impl.LeaderElection.askForVotes(LeaderElection.java:197)
	at org.apache.ratis.server.impl.LeaderElection.run(LeaderElection.java:133)
	at java.lang.Thread.run(Thread.java:748)
Caused by: org.apache.ratis.thirdparty.io.grpc.StatusRuntimeException: UNAVAILABLE: io exception
	at org.apache.ratis.thirdparty.io.grpc.stub.ClientCalls.toStatusRuntimeException(ClientCalls.java:233)
	at org.apache.ratis.thirdparty.io.grpc.stub.ClientCalls.getUnchecked(ClientCalls.java:214)
	at org.apache.ratis.thirdparty.io.grpc.stub.ClientCalls.blockingUnaryCall(ClientCalls.java:139)
	at org.apache.ratis.proto.grpc.RaftServerProtocolServiceGrpc$RaftServerProtocolServiceBlockingStub.requestVote(RaftServerProtocolServiceGrpc.java:265)
	at org.apache.ratis.grpc.server.GrpcServerProtocolClient.requestVote(GrpcServerProtocolClient.java:99)
	at org.apache.ratis.grpc.server.GrpcService.requestVote(GrpcService.java:204)
	at org.apache.ratis.server.impl.LeaderElection.lambda$submitRequests$1(LeaderElection.java:234)
	at java.util.concurrent.FutureTask.run(FutureTask.java:266)
	at java.util.concurrent.Executors$RunnableAdapter.call(Executors.java:511)
	at java.util.concurrent.FutureTask.run(FutureTask.java:266)
	at java.util.concurrent.ThreadPoolExecutor.runWorker(ThreadPoolExecutor.java:1149)
	at java.util.concurrent.ThreadPoolExecutor$Worker.run(ThreadPoolExecutor.java:624)
	... 1 more
Caused by: org.apache.ratis.thirdparty.io.netty.channel.AbstractChannel$AnnotatedConnectException: Connection refused: /192.168.157.203:43163
	at sun.nio.ch.SocketChannelImpl.checkConnect(Native Method)
	at sun.nio.ch.SocketChannelImpl.finishConnect(SocketChannelImpl.java:717)
	at org.apache.ratis.thirdparty.io.netty.channel.socket.nio.NioSocketChannel.doFinishConnect(NioSocketChannel.java:327)
	at org.apache.ratis.thirdparty.io.netty.channel.nio.AbstractNioChannel$AbstractNioUnsafe.finishConnect(AbstractNioChannel.java:340)
	at org.apache.ratis.thirdparty.io.netty.channel.nio.NioEventLoop.processSelectedKey(NioEventLoop.java:632)
	at org.apache.ratis.thirdparty.io.netty.channel.nio.NioEventLoop.processSelectedKeysOptimized(NioEventLoop.java:579)
	at org.apache.ratis.thirdparty.io.netty.channel.nio.NioEventLoop.processSelectedKeys(NioEventLoop.java:496)
	at org.apache.ratis.thirdparty.io.netty.channel.nio.NioEventLoop.run(NioEventLoop.java:458)
	at org.apache.ratis.thirdparty.io.netty.util.concurrent.SingleThreadEventExecutor$5.run(SingleThreadEventExecutor.java:897)
	at org.apache.ratis.thirdparty.io.netty.util.concurrent.FastThreadLocalRunnable.run(FastThreadLocalRunnable.java:30)
	... 1 more
Caused by: java.net.ConnectException: Connection refused
	... 11 more
2019-10-16 11:36:21,394 [a3132885-145f-4a8c-85f4-c10eb874732d@group-2077DD483DC7-LeaderElection510] INFO  impl.RaftServerImpl (RaftServerImpl.java:setRole(184)) - a3132885-145f-4a8c-85f4-c10eb874732d@group-2077DD483DC7: changes role from CANDIDATE to FOLLOWER at term 338 for DISCOVERED_A_NEW_TERM
2019-10-16 11:36:21,394 [a3132885-145f-4a8c-85f4-c10eb874732d@group-2077DD483DC7-LeaderElection510] INFO  impl.RoleInfo (RoleInfo.java:shutdownLeaderElection(134)) - a3132885-145f-4a8c-85f4-c10eb874732d: shutdown LeaderElection
2019-10-16 11:36:21,394 [a3132885-145f-4a8c-85f4-c10eb874732d@group-2077DD483DC7-LeaderElection510] INFO  impl.RoleInfo (RoleInfo.java:updateAndGet(143)) - a3132885-145f-4a8c-85f4-c10eb874732d: start FollowerState
2019-10-16 11:36:21,498 [java.util.concurrent.ThreadPoolExecutor$Worker@1a001f89[State = -1, empty queue]] WARN  server.GrpcLogAppender (GrpcLogAppender.java:timeoutAppendRequest(209)) - 5c445d34-c031-481c-9d4b-8fbace1f61b8@group-8BBDE5791A04->857fec05-692a-4d09-bf1c-7d167682feae-GrpcLogAppender: appendEntries Timeout, request=5c445d34-c031-481c-9d4b-8fbace1f61b8->857fec05-692a-4d09-bf1c-7d167682feae#98-t6, previous=(t:6, i:21), leaderCommit=21, initializing? false, entries: <empty>
2019-10-16 11:36:21,542 [java.util.concurrent.ThreadPoolExecutor$Worker@2268bd8a[State = -1, empty queue]] WARN  server.GrpcLogAppender (GrpcLogAppender.java:timeoutAppendRequest(209)) - 5c445d34-c031-481c-9d4b-8fbace1f61b8@group-8BBDE5791A04->411bb2a3-40ef-4fc0-81ca-4490e6d37035-GrpcLogAppender: appendEntries Timeout, request=5c445d34-c031-481c-9d4b-8fbace1f61b8->411bb2a3-40ef-4fc0-81ca-4490e6d37035#99-t6, previous=(t:6, i:21), leaderCommit=21, initializing? false, entries: <empty>
2019-10-16 11:36:21,592 [Thread-3715] INFO  impl.FollowerState (FollowerState.java:run(108)) - a3132885-145f-4a8c-85f4-c10eb874732d@group-2077DD483DC7-FollowerState: change to CANDIDATE, lastRpcTime:198ms, electionTimeout:198ms
2019-10-16 11:36:21,592 [Thread-3715] INFO  impl.RoleInfo (RoleInfo.java:shutdownFollowerState(121)) - a3132885-145f-4a8c-85f4-c10eb874732d: shutdown FollowerState
2019-10-16 11:36:21,593 [Thread-3715] INFO  impl.RaftServerImpl (RaftServerImpl.java:setRole(184)) - a3132885-145f-4a8c-85f4-c10eb874732d@group-2077DD483DC7: changes role from  FOLLOWER to CANDIDATE at term 338 for changeToCandidate
2019-10-16 11:36:21,593 [Thread-3715] INFO  impl.RoleInfo (RoleInfo.java:updateAndGet(143)) - a3132885-145f-4a8c-85f4-c10eb874732d: start LeaderElection
2019-10-16 11:36:21,618 [a3132885-145f-4a8c-85f4-c10eb874732d@group-2077DD483DC7-LeaderElection511] INFO  impl.LeaderElection (LeaderElection.java:askForVotes(178)) - a3132885-145f-4a8c-85f4-c10eb874732d@group-2077DD483DC7-LeaderElection511: begin an election at term 339 for -1: [163587bb-2c3b-4498-b576-18147cf38274:192.168.157.203:33208, a3132885-145f-4a8c-85f4-c10eb874732d:192.168.157.203:46766, 70b633f6-b230-4b9f-87f3-510da88f1e08:192.168.157.203:43163], old=null
2019-10-16 11:36:21,619 [a3132885-145f-4a8c-85f4-c10eb874732d@group-2077DD483DC7-LeaderElection511] INFO  impl.LeaderElection (LogUtils.java:infoOrTrace(149)) - a3132885-145f-4a8c-85f4-c10eb874732d@group-2077DD483DC7-LeaderElection511 got exception when requesting votes: {}
java.util.concurrent.ExecutionException: org.apache.ratis.thirdparty.io.grpc.StatusRuntimeException: UNAVAILABLE: io exception
	at java.util.concurrent.FutureTask.report(FutureTask.java:122)
	at java.util.concurrent.FutureTask.get(FutureTask.java:192)
	at org.apache.ratis.server.impl.LeaderElection.waitForResults(LeaderElection.java:259)
	at org.apache.ratis.server.impl.LeaderElection.askForVotes(LeaderElection.java:197)
	at org.apache.ratis.server.impl.LeaderElection.run(LeaderElection.java:133)
	at java.lang.Thread.run(Thread.java:748)
Caused by: org.apache.ratis.thirdparty.io.grpc.StatusRuntimeException: UNAVAILABLE: io exception
	at org.apache.ratis.thirdparty.io.grpc.stub.ClientCalls.toStatusRuntimeException(ClientCalls.java:233)
	at org.apache.ratis.thirdparty.io.grpc.stub.ClientCalls.getUnchecked(ClientCalls.java:214)
	at org.apache.ratis.thirdparty.io.grpc.stub.ClientCalls.blockingUnaryCall(ClientCalls.java:139)
	at org.apache.ratis.proto.grpc.RaftServerProtocolServiceGrpc$RaftServerProtocolServiceBlockingStub.requestVote(RaftServerProtocolServiceGrpc.java:265)
	at org.apache.ratis.grpc.server.GrpcServerProtocolClient.requestVote(GrpcServerProtocolClient.java:99)
	at org.apache.ratis.grpc.server.GrpcService.requestVote(GrpcService.java:204)
	at org.apache.ratis.server.impl.LeaderElection.lambda$submitRequests$1(LeaderElection.java:234)
	at java.util.concurrent.FutureTask.run(FutureTask.java:266)
	at java.util.concurrent.Executors$RunnableAdapter.call(Executors.java:511)
	at java.util.concurrent.FutureTask.run(FutureTask.java:266)
	at java.util.concurrent.ThreadPoolExecutor.runWorker(ThreadPoolExecutor.java:1149)
	at java.util.concurrent.ThreadPoolExecutor$Worker.run(ThreadPoolExecutor.java:624)
	... 1 more
Caused by: org.apache.ratis.thirdparty.io.netty.channel.AbstractChannel$AnnotatedConnectException: Connection refused: /192.168.157.203:43163
	at sun.nio.ch.SocketChannelImpl.checkConnect(Native Method)
	at sun.nio.ch.SocketChannelImpl.finishConnect(SocketChannelImpl.java:717)
	at org.apache.ratis.thirdparty.io.netty.channel.socket.nio.NioSocketChannel.doFinishConnect(NioSocketChannel.java:327)
	at org.apache.ratis.thirdparty.io.netty.channel.nio.AbstractNioChannel$AbstractNioUnsafe.finishConnect(AbstractNioChannel.java:340)
	at org.apache.ratis.thirdparty.io.netty.channel.nio.NioEventLoop.processSelectedKey(NioEventLoop.java:632)
	at org.apache.ratis.thirdparty.io.netty.channel.nio.NioEventLoop.processSelectedKeysOptimized(NioEventLoop.java:579)
	at org.apache.ratis.thirdparty.io.netty.channel.nio.NioEventLoop.processSelectedKeys(NioEventLoop.java:496)
	at org.apache.ratis.thirdparty.io.netty.channel.nio.NioEventLoop.run(NioEventLoop.java:458)
	at org.apache.ratis.thirdparty.io.netty.util.concurrent.SingleThreadEventExecutor$5.run(SingleThreadEventExecutor.java:897)
	at org.apache.ratis.thirdparty.io.netty.util.concurrent.FastThreadLocalRunnable.run(FastThreadLocalRunnable.java:30)
	... 1 more
Caused by: java.net.ConnectException: Connection refused
	... 11 more
2019-10-16 11:36:21,620 [a3132885-145f-4a8c-85f4-c10eb874732d@group-2077DD483DC7-LeaderElection511] INFO  impl.LeaderElection (LogUtils.java:infoOrTrace(149)) - a3132885-145f-4a8c-85f4-c10eb874732d@group-2077DD483DC7-LeaderElection511 got exception when requesting votes: {}
java.util.concurrent.ExecutionException: org.apache.ratis.thirdparty.io.grpc.StatusRuntimeException: UNAVAILABLE: io exception
	at java.util.concurrent.FutureTask.report(FutureTask.java:122)
	at java.util.concurrent.FutureTask.get(FutureTask.java:192)
	at org.apache.ratis.server.impl.LeaderElection.waitForResults(LeaderElection.java:259)
	at org.apache.ratis.server.impl.LeaderElection.askForVotes(LeaderElection.java:197)
	at org.apache.ratis.server.impl.LeaderElection.run(LeaderElection.java:133)
	at java.lang.Thread.run(Thread.java:748)
Caused by: org.apache.ratis.thirdparty.io.grpc.StatusRuntimeException: UNAVAILABLE: io exception
	at org.apache.ratis.thirdparty.io.grpc.stub.ClientCalls.toStatusRuntimeException(ClientCalls.java:233)
	at org.apache.ratis.thirdparty.io.grpc.stub.ClientCalls.getUnchecked(ClientCalls.java:214)
	at org.apache.ratis.thirdparty.io.grpc.stub.ClientCalls.blockingUnaryCall(ClientCalls.java:139)
	at org.apache.ratis.proto.grpc.RaftServerProtocolServiceGrpc$RaftServerProtocolServiceBlockingStub.requestVote(RaftServerProtocolServiceGrpc.java:265)
	at org.apache.ratis.grpc.server.GrpcServerProtocolClient.requestVote(GrpcServerProtocolClient.java:99)
	at org.apache.ratis.grpc.server.GrpcService.requestVote(GrpcService.java:204)
	at org.apache.ratis.server.impl.LeaderElection.lambda$submitRequests$1(LeaderElection.java:234)
	at java.util.concurrent.FutureTask.run(FutureTask.java:266)
	at java.util.concurrent.Executors$RunnableAdapter.call(Executors.java:511)
	at java.util.concurrent.FutureTask.run(FutureTask.java:266)
	at java.util.concurrent.ThreadPoolExecutor.runWorker(ThreadPoolExecutor.java:1149)
	at java.util.concurrent.ThreadPoolExecutor$Worker.run(ThreadPoolExecutor.java:624)
	... 1 more
Caused by: org.apache.ratis.thirdparty.io.netty.channel.AbstractChannel$AnnotatedConnectException: Connection refused: /192.168.157.203:33208
	at sun.nio.ch.SocketChannelImpl.checkConnect(Native Method)
	at sun.nio.ch.SocketChannelImpl.finishConnect(SocketChannelImpl.java:717)
	at org.apache.ratis.thirdparty.io.netty.channel.socket.nio.NioSocketChannel.doFinishConnect(NioSocketChannel.java:327)
	at org.apache.ratis.thirdparty.io.netty.channel.nio.AbstractNioChannel$AbstractNioUnsafe.finishConnect(AbstractNioChannel.java:340)
	at org.apache.ratis.thirdparty.io.netty.channel.nio.NioEventLoop.processSelectedKey(NioEventLoop.java:632)
	at org.apache.ratis.thirdparty.io.netty.channel.nio.NioEventLoop.processSelectedKeysOptimized(NioEventLoop.java:579)
	at org.apache.ratis.thirdparty.io.netty.channel.nio.NioEventLoop.processSelectedKeys(NioEventLoop.java:496)
	at org.apache.ratis.thirdparty.io.netty.channel.nio.NioEventLoop.run(NioEventLoop.java:458)
	at org.apache.ratis.thirdparty.io.netty.util.concurrent.SingleThreadEventExecutor$5.run(SingleThreadEventExecutor.java:897)
	at org.apache.ratis.thirdparty.io.netty.util.concurrent.FastThreadLocalRunnable.run(FastThreadLocalRunnable.java:30)
	... 1 more
Caused by: java.net.ConnectException: Connection refused
	... 11 more
2019-10-16 11:36:21,620 [a3132885-145f-4a8c-85f4-c10eb874732d@group-2077DD483DC7-LeaderElection511] INFO  impl.LeaderElection (LeaderElection.java:logAndReturn(56)) - a3132885-145f-4a8c-85f4-c10eb874732d@group-2077DD483DC7-LeaderElection511: Election REJECTED; received 0 response(s) [] and 2 exception(s); a3132885-145f-4a8c-85f4-c10eb874732d@group-2077DD483DC7:t339, leader=null, voted=a3132885-145f-4a8c-85f4-c10eb874732d, raftlog=a3132885-145f-4a8c-85f4-c10eb874732d@group-2077DD483DC7-SegmentedRaftLog:OPENED:c-1,f-1,i0, conf=-1: [163587bb-2c3b-4498-b576-18147cf38274:192.168.157.203:33208, a3132885-145f-4a8c-85f4-c10eb874732d:192.168.157.203:46766, 70b633f6-b230-4b9f-87f3-510da88f1e08:192.168.157.203:43163], old=null
2019-10-16 11:36:21,620 [a3132885-145f-4a8c-85f4-c10eb874732d@group-2077DD483DC7-LeaderElection511] INFO  impl.LeaderElection (LogUtils.java:infoOrTrace(149)) -   Exception 0: {}
java.util.concurrent.ExecutionException: org.apache.ratis.thirdparty.io.grpc.StatusRuntimeException: UNAVAILABLE: io exception
	at java.util.concurrent.FutureTask.report(FutureTask.java:122)
	at java.util.concurrent.FutureTask.get(FutureTask.java:192)
	at org.apache.ratis.server.impl.LeaderElection.waitForResults(LeaderElection.java:259)
	at org.apache.ratis.server.impl.LeaderElection.askForVotes(LeaderElection.java:197)
	at org.apache.ratis.server.impl.LeaderElection.run(LeaderElection.java:133)
	at java.lang.Thread.run(Thread.java:748)
Caused by: org.apache.ratis.thirdparty.io.grpc.StatusRuntimeException: UNAVAILABLE: io exception
	at org.apache.ratis.thirdparty.io.grpc.stub.ClientCalls.toStatusRuntimeException(ClientCalls.java:233)
	at org.apache.ratis.thirdparty.io.grpc.stub.ClientCalls.getUnchecked(ClientCalls.java:214)
	at org.apache.ratis.thirdparty.io.grpc.stub.ClientCalls.blockingUnaryCall(ClientCalls.java:139)
	at org.apache.ratis.proto.grpc.RaftServerProtocolServiceGrpc$RaftServerProtocolServiceBlockingStub.requestVote(RaftServerProtocolServiceGrpc.java:265)
	at org.apache.ratis.grpc.server.GrpcServerProtocolClient.requestVote(GrpcServerProtocolClient.java:99)
	at org.apache.ratis.grpc.server.GrpcService.requestVote(GrpcService.java:204)
	at org.apache.ratis.server.impl.LeaderElection.lambda$submitRequests$1(LeaderElection.java:234)
	at java.util.concurrent.FutureTask.run(FutureTask.java:266)
	at java.util.concurrent.Executors$RunnableAdapter.call(Executors.java:511)
	at java.util.concurrent.FutureTask.run(FutureTask.java:266)
	at java.util.concurrent.ThreadPoolExecutor.runWorker(ThreadPoolExecutor.java:1149)
	at java.util.concurrent.ThreadPoolExecutor$Worker.run(ThreadPoolExecutor.java:624)
	... 1 more
Caused by: org.apache.ratis.thirdparty.io.netty.channel.AbstractChannel$AnnotatedConnectException: Connection refused: /192.168.157.203:43163
	at sun.nio.ch.SocketChannelImpl.checkConnect(Native Method)
	at sun.nio.ch.SocketChannelImpl.finishConnect(SocketChannelImpl.java:717)
	at org.apache.ratis.thirdparty.io.netty.channel.socket.nio.NioSocketChannel.doFinishConnect(NioSocketChannel.java:327)
	at org.apache.ratis.thirdparty.io.netty.channel.nio.AbstractNioChannel$AbstractNioUnsafe.finishConnect(AbstractNioChannel.java:340)
	at org.apache.ratis.thirdparty.io.netty.channel.nio.NioEventLoop.processSelectedKey(NioEventLoop.java:632)
	at org.apache.ratis.thirdparty.io.netty.channel.nio.NioEventLoop.processSelectedKeysOptimized(NioEventLoop.java:579)
	at org.apache.ratis.thirdparty.io.netty.channel.nio.NioEventLoop.processSelectedKeys(NioEventLoop.java:496)
	at org.apache.ratis.thirdparty.io.netty.channel.nio.NioEventLoop.run(NioEventLoop.java:458)
	at org.apache.ratis.thirdparty.io.netty.util.concurrent.SingleThreadEventExecutor$5.run(SingleThreadEventExecutor.java:897)
	at org.apache.ratis.thirdparty.io.netty.util.concurrent.FastThreadLocalRunnable.run(FastThreadLocalRunnable.java:30)
	... 1 more
Caused by: java.net.ConnectException: Connection refused
	... 11 more
2019-10-16 11:36:21,620 [a3132885-145f-4a8c-85f4-c10eb874732d@group-2077DD483DC7-LeaderElection511] INFO  impl.LeaderElection (LogUtils.java:infoOrTrace(149)) -   Exception 1: {}
java.util.concurrent.ExecutionException: org.apache.ratis.thirdparty.io.grpc.StatusRuntimeException: UNAVAILABLE: io exception
	at java.util.concurrent.FutureTask.report(FutureTask.java:122)
	at java.util.concurrent.FutureTask.get(FutureTask.java:192)
	at org.apache.ratis.server.impl.LeaderElection.waitForResults(LeaderElection.java:259)
	at org.apache.ratis.server.impl.LeaderElection.askForVotes(LeaderElection.java:197)
	at org.apache.ratis.server.impl.LeaderElection.run(LeaderElection.java:133)
	at java.lang.Thread.run(Thread.java:748)
Caused by: org.apache.ratis.thirdparty.io.grpc.StatusRuntimeException: UNAVAILABLE: io exception
	at org.apache.ratis.thirdparty.io.grpc.stub.ClientCalls.toStatusRuntimeException(ClientCalls.java:233)
	at org.apache.ratis.thirdparty.io.grpc.stub.ClientCalls.getUnchecked(ClientCalls.java:214)
	at org.apache.ratis.thirdparty.io.grpc.stub.ClientCalls.blockingUnaryCall(ClientCalls.java:139)
	at org.apache.ratis.proto.grpc.RaftServerProtocolServiceGrpc$RaftServerProtocolServiceBlockingStub.requestVote(RaftServerProtocolServiceGrpc.java:265)
	at org.apache.ratis.grpc.server.GrpcServerProtocolClient.requestVote(GrpcServerProtocolClient.java:99)
	at org.apache.ratis.grpc.server.GrpcService.requestVote(GrpcService.java:204)
	at org.apache.ratis.server.impl.LeaderElection.lambda$submitRequests$1(LeaderElection.java:234)
	at java.util.concurrent.FutureTask.run(FutureTask.java:266)
	at java.util.concurrent.Executors$RunnableAdapter.call(Executors.java:511)
	at java.util.concurrent.FutureTask.run(FutureTask.java:266)
	at java.util.concurrent.ThreadPoolExecutor.runWorker(ThreadPoolExecutor.java:1149)
	at java.util.concurrent.ThreadPoolExecutor$Worker.run(ThreadPoolExecutor.java:624)
	... 1 more
Caused by: org.apache.ratis.thirdparty.io.netty.channel.AbstractChannel$AnnotatedConnectException: Connection refused: /192.168.157.203:33208
	at sun.nio.ch.SocketChannelImpl.checkConnect(Native Method)
	at sun.nio.ch.SocketChannelImpl.finishConnect(SocketChannelImpl.java:717)
	at org.apache.ratis.thirdparty.io.netty.channel.socket.nio.NioSocketChannel.doFinishConnect(NioSocketChannel.java:327)
	at org.apache.ratis.thirdparty.io.netty.channel.nio.AbstractNioChannel$AbstractNioUnsafe.finishConnect(AbstractNioChannel.java:340)
	at org.apache.ratis.thirdparty.io.netty.channel.nio.NioEventLoop.processSelectedKey(NioEventLoop.java:632)
	at org.apache.ratis.thirdparty.io.netty.channel.nio.NioEventLoop.processSelectedKeysOptimized(NioEventLoop.java:579)
	at org.apache.ratis.thirdparty.io.netty.channel.nio.NioEventLoop.processSelectedKeys(NioEventLoop.java:496)
	at org.apache.ratis.thirdparty.io.netty.channel.nio.NioEventLoop.run(NioEventLoop.java:458)
	at org.apache.ratis.thirdparty.io.netty.util.concurrent.SingleThreadEventExecutor$5.run(SingleThreadEventExecutor.java:897)
	at org.apache.ratis.thirdparty.io.netty.util.concurrent.FastThreadLocalRunnable.run(FastThreadLocalRunnable.java:30)
	... 1 more
Caused by: java.net.ConnectException: Connection refused
	... 11 more
2019-10-16 11:36:21,620 [a3132885-145f-4a8c-85f4-c10eb874732d@group-2077DD483DC7-LeaderElection511] INFO  impl.RaftServerImpl (RaftServerImpl.java:setRole(184)) - a3132885-145f-4a8c-85f4-c10eb874732d@group-2077DD483DC7: changes role from CANDIDATE to FOLLOWER at term 339 for DISCOVERED_A_NEW_TERM
2019-10-16 11:36:21,620 [a3132885-145f-4a8c-85f4-c10eb874732d@group-2077DD483DC7-LeaderElection511] INFO  impl.RoleInfo (RoleInfo.java:shutdownLeaderElection(134)) - a3132885-145f-4a8c-85f4-c10eb874732d: shutdown LeaderElection
2019-10-16 11:36:21,621 [a3132885-145f-4a8c-85f4-c10eb874732d@group-2077DD483DC7-LeaderElection511] INFO  impl.RoleInfo (RoleInfo.java:updateAndGet(143)) - a3132885-145f-4a8c-85f4-c10eb874732d: start FollowerState
2019-10-16 11:36:21,802 [Thread-3719] INFO  impl.FollowerState (FollowerState.java:run(108)) - a3132885-145f-4a8c-85f4-c10eb874732d@group-2077DD483DC7-FollowerState: change to CANDIDATE, lastRpcTime:181ms, electionTimeout:181ms
2019-10-16 11:36:21,802 [Thread-3719] INFO  impl.RoleInfo (RoleInfo.java:shutdownFollowerState(121)) - a3132885-145f-4a8c-85f4-c10eb874732d: shutdown FollowerState
2019-10-16 11:36:21,802 [Thread-3719] INFO  impl.RaftServerImpl (RaftServerImpl.java:setRole(184)) - a3132885-145f-4a8c-85f4-c10eb874732d@group-2077DD483DC7: changes role from  FOLLOWER to CANDIDATE at term 339 for changeToCandidate
2019-10-16 11:36:21,802 [Thread-3719] INFO  impl.RoleInfo (RoleInfo.java:updateAndGet(143)) - a3132885-145f-4a8c-85f4-c10eb874732d: start LeaderElection
2019-10-16 11:36:21,816 [a3132885-145f-4a8c-85f4-c10eb874732d@group-2077DD483DC7-LeaderElection512] INFO  impl.LeaderElection (LeaderElection.java:askForVotes(178)) - a3132885-145f-4a8c-85f4-c10eb874732d@group-2077DD483DC7-LeaderElection512: begin an election at term 340 for -1: [163587bb-2c3b-4498-b576-18147cf38274:192.168.157.203:33208, a3132885-145f-4a8c-85f4-c10eb874732d:192.168.157.203:46766, 70b633f6-b230-4b9f-87f3-510da88f1e08:192.168.157.203:43163], old=null
2019-10-16 11:36:21,817 [a3132885-145f-4a8c-85f4-c10eb874732d@group-2077DD483DC7-LeaderElection512] INFO  impl.LeaderElection (LogUtils.java:infoOrTrace(149)) - a3132885-145f-4a8c-85f4-c10eb874732d@group-2077DD483DC7-LeaderElection512 got exception when requesting votes: {}
java.util.concurrent.ExecutionException: org.apache.ratis.thirdparty.io.grpc.StatusRuntimeException: UNAVAILABLE: io exception
	at java.util.concurrent.FutureTask.report(FutureTask.java:122)
	at java.util.concurrent.FutureTask.get(FutureTask.java:192)
	at org.apache.ratis.server.impl.LeaderElection.waitForResults(LeaderElection.java:259)
	at org.apache.ratis.server.impl.LeaderElection.askForVotes(LeaderElection.java:197)
	at org.apache.ratis.server.impl.LeaderElection.run(LeaderElection.java:133)
	at java.lang.Thread.run(Thread.java:748)
Caused by: org.apache.ratis.thirdparty.io.grpc.StatusRuntimeException: UNAVAILABLE: io exception
	at org.apache.ratis.thirdparty.io.grpc.stub.ClientCalls.toStatusRuntimeException(ClientCalls.java:233)
	at org.apache.ratis.thirdparty.io.grpc.stub.ClientCalls.getUnchecked(ClientCalls.java:214)
	at org.apache.ratis.thirdparty.io.grpc.stub.ClientCalls.blockingUnaryCall(ClientCalls.java:139)
	at org.apache.ratis.proto.grpc.RaftServerProtocolServiceGrpc$RaftServerProtocolServiceBlockingStub.requestVote(RaftServerProtocolServiceGrpc.java:265)
	at org.apache.ratis.grpc.server.GrpcServerProtocolClient.requestVote(GrpcServerProtocolClient.java:99)
	at org.apache.ratis.grpc.server.GrpcService.requestVote(GrpcService.java:204)
	at org.apache.ratis.server.impl.LeaderElection.lambda$submitRequests$1(LeaderElection.java:234)
	at java.util.concurrent.FutureTask.run(FutureTask.java:266)
	at java.util.concurrent.Executors$RunnableAdapter.call(Executors.java:511)
	at java.util.concurrent.FutureTask.run(FutureTask.java:266)
	at java.util.concurrent.ThreadPoolExecutor.runWorker(ThreadPoolExecutor.java:1149)
	at java.util.concurrent.ThreadPoolExecutor$Worker.run(ThreadPoolExecutor.java:624)
	... 1 more
Caused by: org.apache.ratis.thirdparty.io.netty.channel.AbstractChannel$AnnotatedConnectException: Connection refused: /192.168.157.203:33208
	at sun.nio.ch.SocketChannelImpl.checkConnect(Native Method)
	at sun.nio.ch.SocketChannelImpl.finishConnect(SocketChannelImpl.java:717)
	at org.apache.ratis.thirdparty.io.netty.channel.socket.nio.NioSocketChannel.doFinishConnect(NioSocketChannel.java:327)
	at org.apache.ratis.thirdparty.io.netty.channel.nio.AbstractNioChannel$AbstractNioUnsafe.finishConnect(AbstractNioChannel.java:340)
	at org.apache.ratis.thirdparty.io.netty.channel.nio.NioEventLoop.processSelectedKey(NioEventLoop.java:632)
	at org.apache.ratis.thirdparty.io.netty.channel.nio.NioEventLoop.processSelectedKeysOptimized(NioEventLoop.java:579)
	at org.apache.ratis.thirdparty.io.netty.channel.nio.NioEventLoop.processSelectedKeys(NioEventLoop.java:496)
	at org.apache.ratis.thirdparty.io.netty.channel.nio.NioEventLoop.run(NioEventLoop.java:458)
	at org.apache.ratis.thirdparty.io.netty.util.concurrent.SingleThreadEventExecutor$5.run(SingleThreadEventExecutor.java:897)
	at org.apache.ratis.thirdparty.io.netty.util.concurrent.FastThreadLocalRunnable.run(FastThreadLocalRunnable.java:30)
	... 1 more
Caused by: java.net.ConnectException: Connection refused
	... 11 more
2019-10-16 11:36:21,818 [a3132885-145f-4a8c-85f4-c10eb874732d@group-2077DD483DC7-LeaderElection512] INFO  impl.LeaderElection (LogUtils.java:infoOrTrace(149)) - a3132885-145f-4a8c-85f4-c10eb874732d@group-2077DD483DC7-LeaderElection512 got exception when requesting votes: {}
java.util.concurrent.ExecutionException: org.apache.ratis.thirdparty.io.grpc.StatusRuntimeException: UNAVAILABLE: io exception
	at java.util.concurrent.FutureTask.report(FutureTask.java:122)
	at java.util.concurrent.FutureTask.get(FutureTask.java:192)
	at org.apache.ratis.server.impl.LeaderElection.waitForResults(LeaderElection.java:259)
	at org.apache.ratis.server.impl.LeaderElection.askForVotes(LeaderElection.java:197)
	at org.apache.ratis.server.impl.LeaderElection.run(LeaderElection.java:133)
	at java.lang.Thread.run(Thread.java:748)
Caused by: org.apache.ratis.thirdparty.io.grpc.StatusRuntimeException: UNAVAILABLE: io exception
	at org.apache.ratis.thirdparty.io.grpc.stub.ClientCalls.toStatusRuntimeException(ClientCalls.java:233)
	at org.apache.ratis.thirdparty.io.grpc.stub.ClientCalls.getUnchecked(ClientCalls.java:214)
	at org.apache.ratis.thirdparty.io.grpc.stub.ClientCalls.blockingUnaryCall(ClientCalls.java:139)
	at org.apache.ratis.proto.grpc.RaftServerProtocolServiceGrpc$RaftServerProtocolServiceBlockingStub.requestVote(RaftServerProtocolServiceGrpc.java:265)
	at org.apache.ratis.grpc.server.GrpcServerProtocolClient.requestVote(GrpcServerProtocolClient.java:99)
	at org.apache.ratis.grpc.server.GrpcService.requestVote(GrpcService.java:204)
	at org.apache.ratis.server.impl.LeaderElection.lambda$submitRequests$1(LeaderElection.java:234)
	at java.util.concurrent.FutureTask.run(FutureTask.java:266)
	at java.util.concurrent.Executors$RunnableAdapter.call(Executors.java:511)
	at java.util.concurrent.FutureTask.run(FutureTask.java:266)
	at java.util.concurrent.ThreadPoolExecutor.runWorker(ThreadPoolExecutor.java:1149)
	at java.util.concurrent.ThreadPoolExecutor$Worker.run(ThreadPoolExecutor.java:624)
	... 1 more
Caused by: org.apache.ratis.thirdparty.io.netty.channel.AbstractChannel$AnnotatedConnectException: Connection refused: /192.168.157.203:43163
	at sun.nio.ch.SocketChannelImpl.checkConnect(Native Method)
	at sun.nio.ch.SocketChannelImpl.finishConnect(SocketChannelImpl.java:717)
	at org.apache.ratis.thirdparty.io.netty.channel.socket.nio.NioSocketChannel.doFinishConnect(NioSocketChannel.java:327)
	at org.apache.ratis.thirdparty.io.netty.channel.nio.AbstractNioChannel$AbstractNioUnsafe.finishConnect(AbstractNioChannel.java:340)
	at org.apache.ratis.thirdparty.io.netty.channel.nio.NioEventLoop.processSelectedKey(NioEventLoop.java:632)
	at org.apache.ratis.thirdparty.io.netty.channel.nio.NioEventLoop.processSelectedKeysOptimized(NioEventLoop.java:579)
	at org.apache.ratis.thirdparty.io.netty.channel.nio.NioEventLoop.processSelectedKeys(NioEventLoop.java:496)
	at org.apache.ratis.thirdparty.io.netty.channel.nio.NioEventLoop.run(NioEventLoop.java:458)
	at org.apache.ratis.thirdparty.io.netty.util.concurrent.SingleThreadEventExecutor$5.run(SingleThreadEventExecutor.java:897)
	at org.apache.ratis.thirdparty.io.netty.util.concurrent.FastThreadLocalRunnable.run(FastThreadLocalRunnable.java:30)
	... 1 more
Caused by: java.net.ConnectException: Connection refused
	... 11 more
2019-10-16 11:36:21,818 [a3132885-145f-4a8c-85f4-c10eb874732d@group-2077DD483DC7-LeaderElection512] INFO  impl.LeaderElection (LeaderElection.java:logAndReturn(56)) - a3132885-145f-4a8c-85f4-c10eb874732d@group-2077DD483DC7-LeaderElection512: Election REJECTED; received 0 response(s) [] and 2 exception(s); a3132885-145f-4a8c-85f4-c10eb874732d@group-2077DD483DC7:t340, leader=null, voted=a3132885-145f-4a8c-85f4-c10eb874732d, raftlog=a3132885-145f-4a8c-85f4-c10eb874732d@group-2077DD483DC7-SegmentedRaftLog:OPENED:c-1,f-1,i0, conf=-1: [163587bb-2c3b-4498-b576-18147cf38274:192.168.157.203:33208, a3132885-145f-4a8c-85f4-c10eb874732d:192.168.157.203:46766, 70b633f6-b230-4b9f-87f3-510da88f1e08:192.168.157.203:43163], old=null
2019-10-16 11:36:21,818 [a3132885-145f-4a8c-85f4-c10eb874732d@group-2077DD483DC7-LeaderElection512] INFO  impl.LeaderElection (LogUtils.java:infoOrTrace(149)) -   Exception 0: {}
java.util.concurrent.ExecutionException: org.apache.ratis.thirdparty.io.grpc.StatusRuntimeException: UNAVAILABLE: io exception
	at java.util.concurrent.FutureTask.report(FutureTask.java:122)
	at java.util.concurrent.FutureTask.get(FutureTask.java:192)
	at org.apache.ratis.server.impl.LeaderElection.waitForResults(LeaderElection.java:259)
	at org.apache.ratis.server.impl.LeaderElection.askForVotes(LeaderElection.java:197)
	at org.apache.ratis.server.impl.LeaderElection.run(LeaderElection.java:133)
	at java.lang.Thread.run(Thread.java:748)
Caused by: org.apache.ratis.thirdparty.io.grpc.StatusRuntimeException: UNAVAILABLE: io exception
	at org.apache.ratis.thirdparty.io.grpc.stub.ClientCalls.toStatusRuntimeException(ClientCalls.java:233)
	at org.apache.ratis.thirdparty.io.grpc.stub.ClientCalls.getUnchecked(ClientCalls.java:214)
	at org.apache.ratis.thirdparty.io.grpc.stub.ClientCalls.blockingUnaryCall(ClientCalls.java:139)
	at org.apache.ratis.proto.grpc.RaftServerProtocolServiceGrpc$RaftServerProtocolServiceBlockingStub.requestVote(RaftServerProtocolServiceGrpc.java:265)
	at org.apache.ratis.grpc.server.GrpcServerProtocolClient.requestVote(GrpcServerProtocolClient.java:99)
	at org.apache.ratis.grpc.server.GrpcService.requestVote(GrpcService.java:204)
	at org.apache.ratis.server.impl.LeaderElection.lambda$submitRequests$1(LeaderElection.java:234)
	at java.util.concurrent.FutureTask.run(FutureTask.java:266)
	at java.util.concurrent.Executors$RunnableAdapter.call(Executors.java:511)
	at java.util.concurrent.FutureTask.run(FutureTask.java:266)
	at java.util.concurrent.ThreadPoolExecutor.runWorker(ThreadPoolExecutor.java:1149)
	at java.util.concurrent.ThreadPoolExecutor$Worker.run(ThreadPoolExecutor.java:624)
	... 1 more
Caused by: org.apache.ratis.thirdparty.io.netty.channel.AbstractChannel$AnnotatedConnectException: Connection refused: /192.168.157.203:33208
	at sun.nio.ch.SocketChannelImpl.checkConnect(Native Method)
	at sun.nio.ch.SocketChannelImpl.finishConnect(SocketChannelImpl.java:717)
	at org.apache.ratis.thirdparty.io.netty.channel.socket.nio.NioSocketChannel.doFinishConnect(NioSocketChannel.java:327)
	at org.apache.ratis.thirdparty.io.netty.channel.nio.AbstractNioChannel$AbstractNioUnsafe.finishConnect(AbstractNioChannel.java:340)
	at org.apache.ratis.thirdparty.io.netty.channel.nio.NioEventLoop.processSelectedKey(NioEventLoop.java:632)
	at org.apache.ratis.thirdparty.io.netty.channel.nio.NioEventLoop.processSelectedKeysOptimized(NioEventLoop.java:579)
	at org.apache.ratis.thirdparty.io.netty.channel.nio.NioEventLoop.processSelectedKeys(NioEventLoop.java:496)
	at org.apache.ratis.thirdparty.io.netty.channel.nio.NioEventLoop.run(NioEventLoop.java:458)
	at org.apache.ratis.thirdparty.io.netty.util.concurrent.SingleThreadEventExecutor$5.run(SingleThreadEventExecutor.java:897)
	at org.apache.ratis.thirdparty.io.netty.util.concurrent.FastThreadLocalRunnable.run(FastThreadLocalRunnable.java:30)
	... 1 more
Caused by: java.net.ConnectException: Connection refused
	... 11 more
2019-10-16 11:36:21,819 [a3132885-145f-4a8c-85f4-c10eb874732d@group-2077DD483DC7-LeaderElection512] INFO  impl.LeaderElection (LogUtils.java:infoOrTrace(149)) -   Exception 1: {}
java.util.concurrent.ExecutionException: org.apache.ratis.thirdparty.io.grpc.StatusRuntimeException: UNAVAILABLE: io exception
	at java.util.concurrent.FutureTask.report(FutureTask.java:122)
	at java.util.concurrent.FutureTask.get(FutureTask.java:192)
	at org.apache.ratis.server.impl.LeaderElection.waitForResults(LeaderElection.java:259)
	at org.apache.ratis.server.impl.LeaderElection.askForVotes(LeaderElection.java:197)
	at org.apache.ratis.server.impl.LeaderElection.run(LeaderElection.java:133)
	at java.lang.Thread.run(Thread.java:748)
Caused by: org.apache.ratis.thirdparty.io.grpc.StatusRuntimeException: UNAVAILABLE: io exception
	at org.apache.ratis.thirdparty.io.grpc.stub.ClientCalls.toStatusRuntimeException(ClientCalls.java:233)
	at org.apache.ratis.thirdparty.io.grpc.stub.ClientCalls.getUnchecked(ClientCalls.java:214)
	at org.apache.ratis.thirdparty.io.grpc.stub.ClientCalls.blockingUnaryCall(ClientCalls.java:139)
	at org.apache.ratis.proto.grpc.RaftServerProtocolServiceGrpc$RaftServerProtocolServiceBlockingStub.requestVote(RaftServerProtocolServiceGrpc.java:265)
	at org.apache.ratis.grpc.server.GrpcServerProtocolClient.requestVote(GrpcServerProtocolClient.java:99)
	at org.apache.ratis.grpc.server.GrpcService.requestVote(GrpcService.java:204)
	at org.apache.ratis.server.impl.LeaderElection.lambda$submitRequests$1(LeaderElection.java:234)
	at java.util.concurrent.FutureTask.run(FutureTask.java:266)
	at java.util.concurrent.Executors$RunnableAdapter.call(Executors.java:511)
	at java.util.concurrent.FutureTask.run(FutureTask.java:266)
	at java.util.concurrent.ThreadPoolExecutor.runWorker(ThreadPoolExecutor.java:1149)
	at java.util.concurrent.ThreadPoolExecutor$Worker.run(ThreadPoolExecutor.java:624)
	... 1 more
Caused by: org.apache.ratis.thirdparty.io.netty.channel.AbstractChannel$AnnotatedConnectException: Connection refused: /192.168.157.203:43163
	at sun.nio.ch.SocketChannelImpl.checkConnect(Native Method)
	at sun.nio.ch.SocketChannelImpl.finishConnect(SocketChannelImpl.java:717)
	at org.apache.ratis.thirdparty.io.netty.channel.socket.nio.NioSocketChannel.doFinishConnect(NioSocketChannel.java:327)
	at org.apache.ratis.thirdparty.io.netty.channel.nio.AbstractNioChannel$AbstractNioUnsafe.finishConnect(AbstractNioChannel.java:340)
	at org.apache.ratis.thirdparty.io.netty.channel.nio.NioEventLoop.processSelectedKey(NioEventLoop.java:632)
	at org.apache.ratis.thirdparty.io.netty.channel.nio.NioEventLoop.processSelectedKeysOptimized(NioEventLoop.java:579)
	at org.apache.ratis.thirdparty.io.netty.channel.nio.NioEventLoop.processSelectedKeys(NioEventLoop.java:496)
	at org.apache.ratis.thirdparty.io.netty.channel.nio.NioEventLoop.run(NioEventLoop.java:458)
	at org.apache.ratis.thirdparty.io.netty.util.concurrent.SingleThreadEventExecutor$5.run(SingleThreadEventExecutor.java:897)
	at org.apache.ratis.thirdparty.io.netty.util.concurrent.FastThreadLocalRunnable.run(FastThreadLocalRunnable.java:30)
	... 1 more
Caused by: java.net.ConnectException: Connection refused
	... 11 more
2019-10-16 11:36:21,819 [a3132885-145f-4a8c-85f4-c10eb874732d@group-2077DD483DC7-LeaderElection512] INFO  impl.RaftServerImpl (RaftServerImpl.java:setRole(184)) - a3132885-145f-4a8c-85f4-c10eb874732d@group-2077DD483DC7: changes role from CANDIDATE to FOLLOWER at term 340 for DISCOVERED_A_NEW_TERM
2019-10-16 11:36:21,819 [a3132885-145f-4a8c-85f4-c10eb874732d@group-2077DD483DC7-LeaderElection512] INFO  impl.RoleInfo (RoleInfo.java:shutdownLeaderElection(134)) - a3132885-145f-4a8c-85f4-c10eb874732d: shutdown LeaderElection
2019-10-16 11:36:21,819 [a3132885-145f-4a8c-85f4-c10eb874732d@group-2077DD483DC7-LeaderElection512] INFO  impl.RoleInfo (RoleInfo.java:updateAndGet(143)) - a3132885-145f-4a8c-85f4-c10eb874732d: start FollowerState
2019-10-16 11:36:21,970 [Thread-3723] INFO  impl.FollowerState (FollowerState.java:run(108)) - a3132885-145f-4a8c-85f4-c10eb874732d@group-2077DD483DC7-FollowerState: change to CANDIDATE, lastRpcTime:150ms, electionTimeout:150ms
2019-10-16 11:36:21,970 [Thread-3723] INFO  impl.RoleInfo (RoleInfo.java:shutdownFollowerState(121)) - a3132885-145f-4a8c-85f4-c10eb874732d: shutdown FollowerState
2019-10-16 11:36:21,970 [Thread-3723] INFO  impl.RaftServerImpl (RaftServerImpl.java:setRole(184)) - a3132885-145f-4a8c-85f4-c10eb874732d@group-2077DD483DC7: changes role from  FOLLOWER to CANDIDATE at term 340 for changeToCandidate
2019-10-16 11:36:21,970 [Thread-3723] INFO  impl.RoleInfo (RoleInfo.java:updateAndGet(143)) - a3132885-145f-4a8c-85f4-c10eb874732d: start LeaderElection
2019-10-16 11:36:21,984 [a3132885-145f-4a8c-85f4-c10eb874732d@group-2077DD483DC7-LeaderElection513] INFO  impl.LeaderElection (LeaderElection.java:askForVotes(178)) - a3132885-145f-4a8c-85f4-c10eb874732d@group-2077DD483DC7-LeaderElection513: begin an election at term 341 for -1: [163587bb-2c3b-4498-b576-18147cf38274:192.168.157.203:33208, a3132885-145f-4a8c-85f4-c10eb874732d:192.168.157.203:46766, 70b633f6-b230-4b9f-87f3-510da88f1e08:192.168.157.203:43163], old=null
2019-10-16 11:36:21,985 [a3132885-145f-4a8c-85f4-c10eb874732d@group-2077DD483DC7-LeaderElection513] INFO  impl.LeaderElection (LogUtils.java:infoOrTrace(149)) - a3132885-145f-4a8c-85f4-c10eb874732d@group-2077DD483DC7-LeaderElection513 got exception when requesting votes: {}
java.util.concurrent.ExecutionException: org.apache.ratis.thirdparty.io.grpc.StatusRuntimeException: UNAVAILABLE: io exception
	at java.util.concurrent.FutureTask.report(FutureTask.java:122)
	at java.util.concurrent.FutureTask.get(FutureTask.java:192)
	at org.apache.ratis.server.impl.LeaderElection.waitForResults(LeaderElection.java:259)
	at org.apache.ratis.server.impl.LeaderElection.askForVotes(LeaderElection.java:197)
	at org.apache.ratis.server.impl.LeaderElection.run(LeaderElection.java:133)
	at java.lang.Thread.run(Thread.java:748)
Caused by: org.apache.ratis.thirdparty.io.grpc.StatusRuntimeException: UNAVAILABLE: io exception
	at org.apache.ratis.thirdparty.io.grpc.stub.ClientCalls.toStatusRuntimeException(ClientCalls.java:233)
	at org.apache.ratis.thirdparty.io.grpc.stub.ClientCalls.getUnchecked(ClientCalls.java:214)
	at org.apache.ratis.thirdparty.io.grpc.stub.ClientCalls.blockingUnaryCall(ClientCalls.java:139)
	at org.apache.ratis.proto.grpc.RaftServerProtocolServiceGrpc$RaftServerProtocolServiceBlockingStub.requestVote(RaftServerProtocolServiceGrpc.java:265)
	at org.apache.ratis.grpc.server.GrpcServerProtocolClient.requestVote(GrpcServerProtocolClient.java:99)
	at org.apache.ratis.grpc.server.GrpcService.requestVote(GrpcService.java:204)
	at org.apache.ratis.server.impl.LeaderElection.lambda$submitRequests$1(LeaderElection.java:234)
	at java.util.concurrent.FutureTask.run(FutureTask.java:266)
	at java.util.concurrent.Executors$RunnableAdapter.call(Executors.java:511)
	at java.util.concurrent.FutureTask.run(FutureTask.java:266)
	at java.util.concurrent.ThreadPoolExecutor.runWorker(ThreadPoolExecutor.java:1149)
	at java.util.concurrent.ThreadPoolExecutor$Worker.run(ThreadPoolExecutor.java:624)
	... 1 more
Caused by: org.apache.ratis.thirdparty.io.netty.channel.AbstractChannel$AnnotatedConnectException: Connection refused: /192.168.157.203:43163
	at sun.nio.ch.SocketChannelImpl.checkConnect(Native Method)
	at sun.nio.ch.SocketChannelImpl.finishConnect(SocketChannelImpl.java:717)
	at org.apache.ratis.thirdparty.io.netty.channel.socket.nio.NioSocketChannel.doFinishConnect(NioSocketChannel.java:327)
	at org.apache.ratis.thirdparty.io.netty.channel.nio.AbstractNioChannel$AbstractNioUnsafe.finishConnect(AbstractNioChannel.java:340)
	at org.apache.ratis.thirdparty.io.netty.channel.nio.NioEventLoop.processSelectedKey(NioEventLoop.java:632)
	at org.apache.ratis.thirdparty.io.netty.channel.nio.NioEventLoop.processSelectedKeysOptimized(NioEventLoop.java:579)
	at org.apache.ratis.thirdparty.io.netty.channel.nio.NioEventLoop.processSelectedKeys(NioEventLoop.java:496)
	at org.apache.ratis.thirdparty.io.netty.channel.nio.NioEventLoop.run(NioEventLoop.java:458)
	at org.apache.ratis.thirdparty.io.netty.util.concurrent.SingleThreadEventExecutor$5.run(SingleThreadEventExecutor.java:897)
	at org.apache.ratis.thirdparty.io.netty.util.concurrent.FastThreadLocalRunnable.run(FastThreadLocalRunnable.java:30)
	... 1 more
Caused by: java.net.ConnectException: Connection refused
	... 11 more
2019-10-16 11:36:21,985 [a3132885-145f-4a8c-85f4-c10eb874732d@group-2077DD483DC7-LeaderElection513] INFO  impl.LeaderElection (LogUtils.java:infoOrTrace(149)) - a3132885-145f-4a8c-85f4-c10eb874732d@group-2077DD483DC7-LeaderElection513 got exception when requesting votes: {}
java.util.concurrent.ExecutionException: org.apache.ratis.thirdparty.io.grpc.StatusRuntimeException: UNAVAILABLE: io exception
	at java.util.concurrent.FutureTask.report(FutureTask.java:122)
	at java.util.concurrent.FutureTask.get(FutureTask.java:192)
	at org.apache.ratis.server.impl.LeaderElection.waitForResults(LeaderElection.java:259)
	at org.apache.ratis.server.impl.LeaderElection.askForVotes(LeaderElection.java:197)
	at org.apache.ratis.server.impl.LeaderElection.run(LeaderElection.java:133)
	at java.lang.Thread.run(Thread.java:748)
Caused by: org.apache.ratis.thirdparty.io.grpc.StatusRuntimeException: UNAVAILABLE: io exception
	at org.apache.ratis.thirdparty.io.grpc.stub.ClientCalls.toStatusRuntimeException(ClientCalls.java:233)
	at org.apache.ratis.thirdparty.io.grpc.stub.ClientCalls.getUnchecked(ClientCalls.java:214)
	at org.apache.ratis.thirdparty.io.grpc.stub.ClientCalls.blockingUnaryCall(ClientCalls.java:139)
	at org.apache.ratis.proto.grpc.RaftServerProtocolServiceGrpc$RaftServerProtocolServiceBlockingStub.requestVote(RaftServerProtocolServiceGrpc.java:265)
	at org.apache.ratis.grpc.server.GrpcServerProtocolClient.requestVote(GrpcServerProtocolClient.java:99)
	at org.apache.ratis.grpc.server.GrpcService.requestVote(GrpcService.java:204)
	at org.apache.ratis.server.impl.LeaderElection.lambda$submitRequests$1(LeaderElection.java:234)
	at java.util.concurrent.FutureTask.run(FutureTask.java:266)
	at java.util.concurrent.Executors$RunnableAdapter.call(Executors.java:511)
	at java.util.concurrent.FutureTask.run(FutureTask.java:266)
	at java.util.concurrent.ThreadPoolExecutor.runWorker(ThreadPoolExecutor.java:1149)
	at java.util.concurrent.ThreadPoolExecutor$Worker.run(ThreadPoolExecutor.java:624)
	... 1 more
Caused by: org.apache.ratis.thirdparty.io.netty.channel.AbstractChannel$AnnotatedConnectException: Connection refused: /192.168.157.203:33208
	at sun.nio.ch.SocketChannelImpl.checkConnect(Native Method)
	at sun.nio.ch.SocketChannelImpl.finishConnect(SocketChannelImpl.java:717)
	at org.apache.ratis.thirdparty.io.netty.channel.socket.nio.NioSocketChannel.doFinishConnect(NioSocketChannel.java:327)
	at org.apache.ratis.thirdparty.io.netty.channel.nio.AbstractNioChannel$AbstractNioUnsafe.finishConnect(AbstractNioChannel.java:340)
	at org.apache.ratis.thirdparty.io.netty.channel.nio.NioEventLoop.processSelectedKey(NioEventLoop.java:632)
	at org.apache.ratis.thirdparty.io.netty.channel.nio.NioEventLoop.processSelectedKeysOptimized(NioEventLoop.java:579)
	at org.apache.ratis.thirdparty.io.netty.channel.nio.NioEventLoop.processSelectedKeys(NioEventLoop.java:496)
	at org.apache.ratis.thirdparty.io.netty.channel.nio.NioEventLoop.run(NioEventLoop.java:458)
	at org.apache.ratis.thirdparty.io.netty.util.concurrent.SingleThreadEventExecutor$5.run(SingleThreadEventExecutor.java:897)
	at org.apache.ratis.thirdparty.io.netty.util.concurrent.FastThreadLocalRunnable.run(FastThreadLocalRunnable.java:30)
	... 1 more
Caused by: java.net.ConnectException: Connection refused
	... 11 more
2019-10-16 11:36:21,986 [a3132885-145f-4a8c-85f4-c10eb874732d@group-2077DD483DC7-LeaderElection513] INFO  impl.LeaderElection (LeaderElection.java:logAndReturn(56)) - a3132885-145f-4a8c-85f4-c10eb874732d@group-2077DD483DC7-LeaderElection513: Election REJECTED; received 0 response(s) [] and 2 exception(s); a3132885-145f-4a8c-85f4-c10eb874732d@group-2077DD483DC7:t341, leader=null, voted=a3132885-145f-4a8c-85f4-c10eb874732d, raftlog=a3132885-145f-4a8c-85f4-c10eb874732d@group-2077DD483DC7-SegmentedRaftLog:OPENED:c-1,f-1,i0, conf=-1: [163587bb-2c3b-4498-b576-18147cf38274:192.168.157.203:33208, a3132885-145f-4a8c-85f4-c10eb874732d:192.168.157.203:46766, 70b633f6-b230-4b9f-87f3-510da88f1e08:192.168.157.203:43163], old=null
2019-10-16 11:36:21,986 [a3132885-145f-4a8c-85f4-c10eb874732d@group-2077DD483DC7-LeaderElection513] INFO  impl.LeaderElection (LogUtils.java:infoOrTrace(149)) -   Exception 0: {}
java.util.concurrent.ExecutionException: org.apache.ratis.thirdparty.io.grpc.StatusRuntimeException: UNAVAILABLE: io exception
	at java.util.concurrent.FutureTask.report(FutureTask.java:122)
	at java.util.concurrent.FutureTask.get(FutureTask.java:192)
	at org.apache.ratis.server.impl.LeaderElection.waitForResults(LeaderElection.java:259)
	at org.apache.ratis.server.impl.LeaderElection.askForVotes(LeaderElection.java:197)
	at org.apache.ratis.server.impl.LeaderElection.run(LeaderElection.java:133)
	at java.lang.Thread.run(Thread.java:748)
Caused by: org.apache.ratis.thirdparty.io.grpc.StatusRuntimeException: UNAVAILABLE: io exception
	at org.apache.ratis.thirdparty.io.grpc.stub.ClientCalls.toStatusRuntimeException(ClientCalls.java:233)
	at org.apache.ratis.thirdparty.io.grpc.stub.ClientCalls.getUnchecked(ClientCalls.java:214)
	at org.apache.ratis.thirdparty.io.grpc.stub.ClientCalls.blockingUnaryCall(ClientCalls.java:139)
	at org.apache.ratis.proto.grpc.RaftServerProtocolServiceGrpc$RaftServerProtocolServiceBlockingStub.requestVote(RaftServerProtocolServiceGrpc.java:265)
	at org.apache.ratis.grpc.server.GrpcServerProtocolClient.requestVote(GrpcServerProtocolClient.java:99)
	at org.apache.ratis.grpc.server.GrpcService.requestVote(GrpcService.java:204)
	at org.apache.ratis.server.impl.LeaderElection.lambda$submitRequests$1(LeaderElection.java:234)
	at java.util.concurrent.FutureTask.run(FutureTask.java:266)
	at java.util.concurrent.Executors$RunnableAdapter.call(Executors.java:511)
	at java.util.concurrent.FutureTask.run(FutureTask.java:266)
	at java.util.concurrent.ThreadPoolExecutor.runWorker(ThreadPoolExecutor.java:1149)
	at java.util.concurrent.ThreadPoolExecutor$Worker.run(ThreadPoolExecutor.java:624)
	... 1 more
Caused by: org.apache.ratis.thirdparty.io.netty.channel.AbstractChannel$AnnotatedConnectException: Connection refused: /192.168.157.203:43163
	at sun.nio.ch.SocketChannelImpl.checkConnect(Native Method)
	at sun.nio.ch.SocketChannelImpl.finishConnect(SocketChannelImpl.java:717)
	at org.apache.ratis.thirdparty.io.netty.channel.socket.nio.NioSocketChannel.doFinishConnect(NioSocketChannel.java:327)
	at org.apache.ratis.thirdparty.io.netty.channel.nio.AbstractNioChannel$AbstractNioUnsafe.finishConnect(AbstractNioChannel.java:340)
	at org.apache.ratis.thirdparty.io.netty.channel.nio.NioEventLoop.processSelectedKey(NioEventLoop.java:632)
	at org.apache.ratis.thirdparty.io.netty.channel.nio.NioEventLoop.processSelectedKeysOptimized(NioEventLoop.java:579)
	at org.apache.ratis.thirdparty.io.netty.channel.nio.NioEventLoop.processSelectedKeys(NioEventLoop.java:496)
	at org.apache.ratis.thirdparty.io.netty.channel.nio.NioEventLoop.run(NioEventLoop.java:458)
	at org.apache.ratis.thirdparty.io.netty.util.concurrent.SingleThreadEventExecutor$5.run(SingleThreadEventExecutor.java:897)
	at org.apache.ratis.thirdparty.io.netty.util.concurrent.FastThreadLocalRunnable.run(FastThreadLocalRunnable.java:30)
	... 1 more
Caused by: java.net.ConnectException: Connection refused
	... 11 more
2019-10-16 11:36:21,986 [a3132885-145f-4a8c-85f4-c10eb874732d@group-2077DD483DC7-LeaderElection513] INFO  impl.LeaderElection (LogUtils.java:infoOrTrace(149)) -   Exception 1: {}
java.util.concurrent.ExecutionException: org.apache.ratis.thirdparty.io.grpc.StatusRuntimeException: UNAVAILABLE: io exception
	at java.util.concurrent.FutureTask.report(FutureTask.java:122)
	at java.util.concurrent.FutureTask.get(FutureTask.java:192)
	at org.apache.ratis.server.impl.LeaderElection.waitForResults(LeaderElection.java:259)
	at org.apache.ratis.server.impl.LeaderElection.askForVotes(LeaderElection.java:197)
	at org.apache.ratis.server.impl.LeaderElection.run(LeaderElection.java:133)
	at java.lang.Thread.run(Thread.java:748)
Caused by: org.apache.ratis.thirdparty.io.grpc.StatusRuntimeException: UNAVAILABLE: io exception
	at org.apache.ratis.thirdparty.io.grpc.stub.ClientCalls.toStatusRuntimeException(ClientCalls.java:233)
	at org.apache.ratis.thirdparty.io.grpc.stub.ClientCalls.getUnchecked(ClientCalls.java:214)
	at org.apache.ratis.thirdparty.io.grpc.stub.ClientCalls.blockingUnaryCall(ClientCalls.java:139)
	at org.apache.ratis.proto.grpc.RaftServerProtocolServiceGrpc$RaftServerProtocolServiceBlockingStub.requestVote(RaftServerProtocolServiceGrpc.java:265)
	at org.apache.ratis.grpc.server.GrpcServerProtocolClient.requestVote(GrpcServerProtocolClient.java:99)
	at org.apache.ratis.grpc.server.GrpcService.requestVote(GrpcService.java:204)
	at org.apache.ratis.server.impl.LeaderElection.lambda$submitRequests$1(LeaderElection.java:234)
	at java.util.concurrent.FutureTask.run(FutureTask.java:266)
	at java.util.concurrent.Executors$RunnableAdapter.call(Executors.java:511)
	at java.util.concurrent.FutureTask.run(FutureTask.java:266)
	at java.util.concurrent.ThreadPoolExecutor.runWorker(ThreadPoolExecutor.java:1149)
	at java.util.concurrent.ThreadPoolExecutor$Worker.run(ThreadPoolExecutor.java:624)
	... 1 more
Caused by: org.apache.ratis.thirdparty.io.netty.channel.AbstractChannel$AnnotatedConnectException: Connection refused: /192.168.157.203:33208
	at sun.nio.ch.SocketChannelImpl.checkConnect(Native Method)
	at sun.nio.ch.SocketChannelImpl.finishConnect(SocketChannelImpl.java:717)
	at org.apache.ratis.thirdparty.io.netty.channel.socket.nio.NioSocketChannel.doFinishConnect(NioSocketChannel.java:327)
	at org.apache.ratis.thirdparty.io.netty.channel.nio.AbstractNioChannel$AbstractNioUnsafe.finishConnect(AbstractNioChannel.java:340)
	at org.apache.ratis.thirdparty.io.netty.channel.nio.NioEventLoop.processSelectedKey(NioEventLoop.java:632)
	at org.apache.ratis.thirdparty.io.netty.channel.nio.NioEventLoop.processSelectedKeysOptimized(NioEventLoop.java:579)
	at org.apache.ratis.thirdparty.io.netty.channel.nio.NioEventLoop.processSelectedKeys(NioEventLoop.java:496)
	at org.apache.ratis.thirdparty.io.netty.channel.nio.NioEventLoop.run(NioEventLoop.java:458)
	at org.apache.ratis.thirdparty.io.netty.util.concurrent.SingleThreadEventExecutor$5.run(SingleThreadEventExecutor.java:897)
	at org.apache.ratis.thirdparty.io.netty.util.concurrent.FastThreadLocalRunnable.run(FastThreadLocalRunnable.java:30)
	... 1 more
Caused by: java.net.ConnectException: Connection refused
	... 11 more
2019-10-16 11:36:21,986 [a3132885-145f-4a8c-85f4-c10eb874732d@group-2077DD483DC7-LeaderElection513] INFO  impl.RaftServerImpl (RaftServerImpl.java:setRole(184)) - a3132885-145f-4a8c-85f4-c10eb874732d@group-2077DD483DC7: changes role from CANDIDATE to FOLLOWER at term 341 for DISCOVERED_A_NEW_TERM
2019-10-16 11:36:21,986 [a3132885-145f-4a8c-85f4-c10eb874732d@group-2077DD483DC7-LeaderElection513] INFO  impl.RoleInfo (RoleInfo.java:shutdownLeaderElection(134)) - a3132885-145f-4a8c-85f4-c10eb874732d: shutdown LeaderElection
2019-10-16 11:36:21,986 [a3132885-145f-4a8c-85f4-c10eb874732d@group-2077DD483DC7-LeaderElection513] INFO  impl.RoleInfo (RoleInfo.java:updateAndGet(143)) - a3132885-145f-4a8c-85f4-c10eb874732d: start FollowerState
2019-10-16 11:36:21,998 [java.util.concurrent.ThreadPoolExecutor$Worker@1a001f89[State = -1, empty queue]] WARN  server.GrpcLogAppender (GrpcLogAppender.java:timeoutAppendRequest(209)) - 5c445d34-c031-481c-9d4b-8fbace1f61b8@group-8BBDE5791A04->857fec05-692a-4d09-bf1c-7d167682feae-GrpcLogAppender: appendEntries Timeout, request=5c445d34-c031-481c-9d4b-8fbace1f61b8->857fec05-692a-4d09-bf1c-7d167682feae#99-t6, previous=(t:6, i:21), leaderCommit=21, initializing? false, entries: <empty>
2019-10-16 11:36:22,042 [java.util.concurrent.ThreadPoolExecutor$Worker@2268bd8a[State = -1, empty queue]] WARN  server.GrpcLogAppender (GrpcLogAppender.java:timeoutAppendRequest(209)) - 5c445d34-c031-481c-9d4b-8fbace1f61b8@group-8BBDE5791A04->411bb2a3-40ef-4fc0-81ca-4490e6d37035-GrpcLogAppender: appendEntries Timeout, request=5c445d34-c031-481c-9d4b-8fbace1f61b8->411bb2a3-40ef-4fc0-81ca-4490e6d37035#100-t6, previous=(t:6, i:21), leaderCommit=21, initializing? false, entries: <empty>
2019-10-16 11:36:22,128 [Thread-3727] INFO  impl.FollowerState (FollowerState.java:run(108)) - a3132885-145f-4a8c-85f4-c10eb874732d@group-2077DD483DC7-FollowerState: change to CANDIDATE, lastRpcTime:141ms, electionTimeout:141ms
2019-10-16 11:36:22,128 [Thread-3727] INFO  impl.RoleInfo (RoleInfo.java:shutdownFollowerState(121)) - a3132885-145f-4a8c-85f4-c10eb874732d: shutdown FollowerState
2019-10-16 11:36:22,128 [Thread-3727] INFO  impl.RaftServerImpl (RaftServerImpl.java:setRole(184)) - a3132885-145f-4a8c-85f4-c10eb874732d@group-2077DD483DC7: changes role from  FOLLOWER to CANDIDATE at term 341 for changeToCandidate
2019-10-16 11:36:22,128 [Thread-3727] INFO  impl.RoleInfo (RoleInfo.java:updateAndGet(143)) - a3132885-145f-4a8c-85f4-c10eb874732d: start LeaderElection
2019-10-16 11:36:22,143 [a3132885-145f-4a8c-85f4-c10eb874732d@group-2077DD483DC7-LeaderElection514] INFO  impl.LeaderElection (LeaderElection.java:askForVotes(178)) - a3132885-145f-4a8c-85f4-c10eb874732d@group-2077DD483DC7-LeaderElection514: begin an election at term 342 for -1: [163587bb-2c3b-4498-b576-18147cf38274:192.168.157.203:33208, a3132885-145f-4a8c-85f4-c10eb874732d:192.168.157.203:46766, 70b633f6-b230-4b9f-87f3-510da88f1e08:192.168.157.203:43163], old=null
2019-10-16 11:36:22,145 [a3132885-145f-4a8c-85f4-c10eb874732d@group-2077DD483DC7-LeaderElection514] INFO  impl.LeaderElection (LogUtils.java:infoOrTrace(149)) - a3132885-145f-4a8c-85f4-c10eb874732d@group-2077DD483DC7-LeaderElection514 got exception when requesting votes: {}
java.util.concurrent.ExecutionException: org.apache.ratis.thirdparty.io.grpc.StatusRuntimeException: UNAVAILABLE: io exception
	at java.util.concurrent.FutureTask.report(FutureTask.java:122)
	at java.util.concurrent.FutureTask.get(FutureTask.java:192)
	at org.apache.ratis.server.impl.LeaderElection.waitForResults(LeaderElection.java:259)
	at org.apache.ratis.server.impl.LeaderElection.askForVotes(LeaderElection.java:197)
	at org.apache.ratis.server.impl.LeaderElection.run(LeaderElection.java:133)
	at java.lang.Thread.run(Thread.java:748)
Caused by: org.apache.ratis.thirdparty.io.grpc.StatusRuntimeException: UNAVAILABLE: io exception
	at org.apache.ratis.thirdparty.io.grpc.stub.ClientCalls.toStatusRuntimeException(ClientCalls.java:233)
	at org.apache.ratis.thirdparty.io.grpc.stub.ClientCalls.getUnchecked(ClientCalls.java:214)
	at org.apache.ratis.thirdparty.io.grpc.stub.ClientCalls.blockingUnaryCall(ClientCalls.java:139)
	at org.apache.ratis.proto.grpc.RaftServerProtocolServiceGrpc$RaftServerProtocolServiceBlockingStub.requestVote(RaftServerProtocolServiceGrpc.java:265)
	at org.apache.ratis.grpc.server.GrpcServerProtocolClient.requestVote(GrpcServerProtocolClient.java:99)
	at org.apache.ratis.grpc.server.GrpcService.requestVote(GrpcService.java:204)
	at org.apache.ratis.server.impl.LeaderElection.lambda$submitRequests$1(LeaderElection.java:234)
	at java.util.concurrent.FutureTask.run(FutureTask.java:266)
	at java.util.concurrent.Executors$RunnableAdapter.call(Executors.java:511)
	at java.util.concurrent.FutureTask.run(FutureTask.java:266)
	at java.util.concurrent.ThreadPoolExecutor.runWorker(ThreadPoolExecutor.java:1149)
	at java.util.concurrent.ThreadPoolExecutor$Worker.run(ThreadPoolExecutor.java:624)
	... 1 more
Caused by: org.apache.ratis.thirdparty.io.netty.channel.AbstractChannel$AnnotatedConnectException: Connection refused: /192.168.157.203:33208
	at sun.nio.ch.SocketChannelImpl.checkConnect(Native Method)
	at sun.nio.ch.SocketChannelImpl.finishConnect(SocketChannelImpl.java:717)
	at org.apache.ratis.thirdparty.io.netty.channel.socket.nio.NioSocketChannel.doFinishConnect(NioSocketChannel.java:327)
	at org.apache.ratis.thirdparty.io.netty.channel.nio.AbstractNioChannel$AbstractNioUnsafe.finishConnect(AbstractNioChannel.java:340)
	at org.apache.ratis.thirdparty.io.netty.channel.nio.NioEventLoop.processSelectedKey(NioEventLoop.java:632)
	at org.apache.ratis.thirdparty.io.netty.channel.nio.NioEventLoop.processSelectedKeysOptimized(NioEventLoop.java:579)
	at org.apache.ratis.thirdparty.io.netty.channel.nio.NioEventLoop.processSelectedKeys(NioEventLoop.java:496)
	at org.apache.ratis.thirdparty.io.netty.channel.nio.NioEventLoop.run(NioEventLoop.java:458)
	at org.apache.ratis.thirdparty.io.netty.util.concurrent.SingleThreadEventExecutor$5.run(SingleThreadEventExecutor.java:897)
	at org.apache.ratis.thirdparty.io.netty.util.concurrent.FastThreadLocalRunnable.run(FastThreadLocalRunnable.java:30)
	... 1 more
Caused by: java.net.ConnectException: Connection refused
	... 11 more
2019-10-16 11:36:22,145 [a3132885-145f-4a8c-85f4-c10eb874732d@group-2077DD483DC7-LeaderElection514] INFO  impl.LeaderElection (LogUtils.java:infoOrTrace(149)) - a3132885-145f-4a8c-85f4-c10eb874732d@group-2077DD483DC7-LeaderElection514 got exception when requesting votes: {}
java.util.concurrent.ExecutionException: org.apache.ratis.thirdparty.io.grpc.StatusRuntimeException: UNAVAILABLE: io exception
	at java.util.concurrent.FutureTask.report(FutureTask.java:122)
	at java.util.concurrent.FutureTask.get(FutureTask.java:192)
	at org.apache.ratis.server.impl.LeaderElection.waitForResults(LeaderElection.java:259)
	at org.apache.ratis.server.impl.LeaderElection.askForVotes(LeaderElection.java:197)
	at org.apache.ratis.server.impl.LeaderElection.run(LeaderElection.java:133)
	at java.lang.Thread.run(Thread.java:748)
Caused by: org.apache.ratis.thirdparty.io.grpc.StatusRuntimeException: UNAVAILABLE: io exception
	at org.apache.ratis.thirdparty.io.grpc.stub.ClientCalls.toStatusRuntimeException(ClientCalls.java:233)
	at org.apache.ratis.thirdparty.io.grpc.stub.ClientCalls.getUnchecked(ClientCalls.java:214)
	at org.apache.ratis.thirdparty.io.grpc.stub.ClientCalls.blockingUnaryCall(ClientCalls.java:139)
	at org.apache.ratis.proto.grpc.RaftServerProtocolServiceGrpc$RaftServerProtocolServiceBlockingStub.requestVote(RaftServerProtocolServiceGrpc.java:265)
	at org.apache.ratis.grpc.server.GrpcServerProtocolClient.requestVote(GrpcServerProtocolClient.java:99)
	at org.apache.ratis.grpc.server.GrpcService.requestVote(GrpcService.java:204)
	at org.apache.ratis.server.impl.LeaderElection.lambda$submitRequests$1(LeaderElection.java:234)
	at java.util.concurrent.FutureTask.run(FutureTask.java:266)
	at java.util.concurrent.Executors$RunnableAdapter.call(Executors.java:511)
	at java.util.concurrent.FutureTask.run(FutureTask.java:266)
	at java.util.concurrent.ThreadPoolExecutor.runWorker(ThreadPoolExecutor.java:1149)
	at java.util.concurrent.ThreadPoolExecutor$Worker.run(ThreadPoolExecutor.java:624)
	... 1 more
Caused by: org.apache.ratis.thirdparty.io.netty.channel.AbstractChannel$AnnotatedConnectException: Connection refused: /192.168.157.203:43163
	at sun.nio.ch.SocketChannelImpl.checkConnect(Native Method)
	at sun.nio.ch.SocketChannelImpl.finishConnect(SocketChannelImpl.java:717)
	at org.apache.ratis.thirdparty.io.netty.channel.socket.nio.NioSocketChannel.doFinishConnect(NioSocketChannel.java:327)
	at org.apache.ratis.thirdparty.io.netty.channel.nio.AbstractNioChannel$AbstractNioUnsafe.finishConnect(AbstractNioChannel.java:340)
	at org.apache.ratis.thirdparty.io.netty.channel.nio.NioEventLoop.processSelectedKey(NioEventLoop.java:632)
	at org.apache.ratis.thirdparty.io.netty.channel.nio.NioEventLoop.processSelectedKeysOptimized(NioEventLoop.java:579)
	at org.apache.ratis.thirdparty.io.netty.channel.nio.NioEventLoop.processSelectedKeys(NioEventLoop.java:496)
	at org.apache.ratis.thirdparty.io.netty.channel.nio.NioEventLoop.run(NioEventLoop.java:458)
	at org.apache.ratis.thirdparty.io.netty.util.concurrent.SingleThreadEventExecutor$5.run(SingleThreadEventExecutor.java:897)
	at org.apache.ratis.thirdparty.io.netty.util.concurrent.FastThreadLocalRunnable.run(FastThreadLocalRunnable.java:30)
	... 1 more
Caused by: java.net.ConnectException: Connection refused
	... 11 more
2019-10-16 11:36:22,145 [a3132885-145f-4a8c-85f4-c10eb874732d@group-2077DD483DC7-LeaderElection514] INFO  impl.LeaderElection (LeaderElection.java:logAndReturn(56)) - a3132885-145f-4a8c-85f4-c10eb874732d@group-2077DD483DC7-LeaderElection514: Election REJECTED; received 0 response(s) [] and 2 exception(s); a3132885-145f-4a8c-85f4-c10eb874732d@group-2077DD483DC7:t342, leader=null, voted=a3132885-145f-4a8c-85f4-c10eb874732d, raftlog=a3132885-145f-4a8c-85f4-c10eb874732d@group-2077DD483DC7-SegmentedRaftLog:OPENED:c-1,f-1,i0, conf=-1: [163587bb-2c3b-4498-b576-18147cf38274:192.168.157.203:33208, a3132885-145f-4a8c-85f4-c10eb874732d:192.168.157.203:46766, 70b633f6-b230-4b9f-87f3-510da88f1e08:192.168.157.203:43163], old=null
2019-10-16 11:36:22,146 [a3132885-145f-4a8c-85f4-c10eb874732d@group-2077DD483DC7-LeaderElection514] INFO  impl.LeaderElection (LogUtils.java:infoOrTrace(149)) -   Exception 0: {}
java.util.concurrent.ExecutionException: org.apache.ratis.thirdparty.io.grpc.StatusRuntimeException: UNAVAILABLE: io exception
	at java.util.concurrent.FutureTask.report(FutureTask.java:122)
	at java.util.concurrent.FutureTask.get(FutureTask.java:192)
	at org.apache.ratis.server.impl.LeaderElection.waitForResults(LeaderElection.java:259)
	at org.apache.ratis.server.impl.LeaderElection.askForVotes(LeaderElection.java:197)
	at org.apache.ratis.server.impl.LeaderElection.run(LeaderElection.java:133)
	at java.lang.Thread.run(Thread.java:748)
Caused by: org.apache.ratis.thirdparty.io.grpc.StatusRuntimeException: UNAVAILABLE: io exception
	at org.apache.ratis.thirdparty.io.grpc.stub.ClientCalls.toStatusRuntimeException(ClientCalls.java:233)
	at org.apache.ratis.thirdparty.io.grpc.stub.ClientCalls.getUnchecked(ClientCalls.java:214)
	at org.apache.ratis.thirdparty.io.grpc.stub.ClientCalls.blockingUnaryCall(ClientCalls.java:139)
	at org.apache.ratis.proto.grpc.RaftServerProtocolServiceGrpc$RaftServerProtocolServiceBlockingStub.requestVote(RaftServerProtocolServiceGrpc.java:265)
	at org.apache.ratis.grpc.server.GrpcServerProtocolClient.requestVote(GrpcServerProtocolClient.java:99)
	at org.apache.ratis.grpc.server.GrpcService.requestVote(GrpcService.java:204)
	at org.apache.ratis.server.impl.LeaderElection.lambda$submitRequests$1(LeaderElection.java:234)
	at java.util.concurrent.FutureTask.run(FutureTask.java:266)
	at java.util.concurrent.Executors$RunnableAdapter.call(Executors.java:511)
	at java.util.concurrent.FutureTask.run(FutureTask.java:266)
	at java.util.concurrent.ThreadPoolExecutor.runWorker(ThreadPoolExecutor.java:1149)
	at java.util.concurrent.ThreadPoolExecutor$Worker.run(ThreadPoolExecutor.java:624)
	... 1 more
Caused by: org.apache.ratis.thirdparty.io.netty.channel.AbstractChannel$AnnotatedConnectException: Connection refused: /192.168.157.203:33208
	at sun.nio.ch.SocketChannelImpl.checkConnect(Native Method)
	at sun.nio.ch.SocketChannelImpl.finishConnect(SocketChannelImpl.java:717)
	at org.apache.ratis.thirdparty.io.netty.channel.socket.nio.NioSocketChannel.doFinishConnect(NioSocketChannel.java:327)
	at org.apache.ratis.thirdparty.io.netty.channel.nio.AbstractNioChannel$AbstractNioUnsafe.finishConnect(AbstractNioChannel.java:340)
	at org.apache.ratis.thirdparty.io.netty.channel.nio.NioEventLoop.processSelectedKey(NioEventLoop.java:632)
	at org.apache.ratis.thirdparty.io.netty.channel.nio.NioEventLoop.processSelectedKeysOptimized(NioEventLoop.java:579)
	at org.apache.ratis.thirdparty.io.netty.channel.nio.NioEventLoop.processSelectedKeys(NioEventLoop.java:496)
	at org.apache.ratis.thirdparty.io.netty.channel.nio.NioEventLoop.run(NioEventLoop.java:458)
	at org.apache.ratis.thirdparty.io.netty.util.concurrent.SingleThreadEventExecutor$5.run(SingleThreadEventExecutor.java:897)
	at org.apache.ratis.thirdparty.io.netty.util.concurrent.FastThreadLocalRunnable.run(FastThreadLocalRunnable.java:30)
	... 1 more
Caused by: java.net.ConnectException: Connection refused
	... 11 more
2019-10-16 11:36:22,146 [a3132885-145f-4a8c-85f4-c10eb874732d@group-2077DD483DC7-LeaderElection514] INFO  impl.LeaderElection (LogUtils.java:infoOrTrace(149)) -   Exception 1: {}
java.util.concurrent.ExecutionException: org.apache.ratis.thirdparty.io.grpc.StatusRuntimeException: UNAVAILABLE: io exception
	at java.util.concurrent.FutureTask.report(FutureTask.java:122)
	at java.util.concurrent.FutureTask.get(FutureTask.java:192)
	at org.apache.ratis.server.impl.LeaderElection.waitForResults(LeaderElection.java:259)
	at org.apache.ratis.server.impl.LeaderElection.askForVotes(LeaderElection.java:197)
	at org.apache.ratis.server.impl.LeaderElection.run(LeaderElection.java:133)
	at java.lang.Thread.run(Thread.java:748)
Caused by: org.apache.ratis.thirdparty.io.grpc.StatusRuntimeException: UNAVAILABLE: io exception
	at org.apache.ratis.thirdparty.io.grpc.stub.ClientCalls.toStatusRuntimeException(ClientCalls.java:233)
	at org.apache.ratis.thirdparty.io.grpc.stub.ClientCalls.getUnchecked(ClientCalls.java:214)
	at org.apache.ratis.thirdparty.io.grpc.stub.ClientCalls.blockingUnaryCall(ClientCalls.java:139)
	at org.apache.ratis.proto.grpc.RaftServerProtocolServiceGrpc$RaftServerProtocolServiceBlockingStub.requestVote(RaftServerProtocolServiceGrpc.java:265)
	at org.apache.ratis.grpc.server.GrpcServerProtocolClient.requestVote(GrpcServerProtocolClient.java:99)
	at org.apache.ratis.grpc.server.GrpcService.requestVote(GrpcService.java:204)
	at org.apache.ratis.server.impl.LeaderElection.lambda$submitRequests$1(LeaderElection.java:234)
	at java.util.concurrent.FutureTask.run(FutureTask.java:266)
	at java.util.concurrent.Executors$RunnableAdapter.call(Executors.java:511)
	at java.util.concurrent.FutureTask.run(FutureTask.java:266)
	at java.util.concurrent.ThreadPoolExecutor.runWorker(ThreadPoolExecutor.java:1149)
	at java.util.concurrent.ThreadPoolExecutor$Worker.run(ThreadPoolExecutor.java:624)
	... 1 more
Caused by: org.apache.ratis.thirdparty.io.netty.channel.AbstractChannel$AnnotatedConnectException: Connection refused: /192.168.157.203:43163
	at sun.nio.ch.SocketChannelImpl.checkConnect(Native Method)
	at sun.nio.ch.SocketChannelImpl.finishConnect(SocketChannelImpl.java:717)
	at org.apache.ratis.thirdparty.io.netty.channel.socket.nio.NioSocketChannel.doFinishConnect(NioSocketChannel.java:327)
	at org.apache.ratis.thirdparty.io.netty.channel.nio.AbstractNioChannel$AbstractNioUnsafe.finishConnect(AbstractNioChannel.java:340)
	at org.apache.ratis.thirdparty.io.netty.channel.nio.NioEventLoop.processSelectedKey(NioEventLoop.java:632)
	at org.apache.ratis.thirdparty.io.netty.channel.nio.NioEventLoop.processSelectedKeysOptimized(NioEventLoop.java:579)
	at org.apache.ratis.thirdparty.io.netty.channel.nio.NioEventLoop.processSelectedKeys(NioEventLoop.java:496)
	at org.apache.ratis.thirdparty.io.netty.channel.nio.NioEventLoop.run(NioEventLoop.java:458)
	at org.apache.ratis.thirdparty.io.netty.util.concurrent.SingleThreadEventExecutor$5.run(SingleThreadEventExecutor.java:897)
	at org.apache.ratis.thirdparty.io.netty.util.concurrent.FastThreadLocalRunnable.run(FastThreadLocalRunnable.java:30)
	... 1 more
Caused by: java.net.ConnectException: Connection refused
	... 11 more
2019-10-16 11:36:22,146 [a3132885-145f-4a8c-85f4-c10eb874732d@group-2077DD483DC7-LeaderElection514] INFO  impl.RaftServerImpl (RaftServerImpl.java:setRole(184)) - a3132885-145f-4a8c-85f4-c10eb874732d@group-2077DD483DC7: changes role from CANDIDATE to FOLLOWER at term 342 for DISCOVERED_A_NEW_TERM
2019-10-16 11:36:22,146 [a3132885-145f-4a8c-85f4-c10eb874732d@group-2077DD483DC7-LeaderElection514] INFO  impl.RoleInfo (RoleInfo.java:shutdownLeaderElection(134)) - a3132885-145f-4a8c-85f4-c10eb874732d: shutdown LeaderElection
2019-10-16 11:36:22,146 [a3132885-145f-4a8c-85f4-c10eb874732d@group-2077DD483DC7-LeaderElection514] INFO  impl.RoleInfo (RoleInfo.java:updateAndGet(143)) - a3132885-145f-4a8c-85f4-c10eb874732d: start FollowerState
2019-10-16 11:36:22,322 [Thread-3731] INFO  impl.FollowerState (FollowerState.java:run(108)) - a3132885-145f-4a8c-85f4-c10eb874732d@group-2077DD483DC7-FollowerState: change to CANDIDATE, lastRpcTime:175ms, electionTimeout:175ms
2019-10-16 11:36:22,322 [Thread-3731] INFO  impl.RoleInfo (RoleInfo.java:shutdownFollowerState(121)) - a3132885-145f-4a8c-85f4-c10eb874732d: shutdown FollowerState
2019-10-16 11:36:22,322 [Thread-3731] INFO  impl.RaftServerImpl (RaftServerImpl.java:setRole(184)) - a3132885-145f-4a8c-85f4-c10eb874732d@group-2077DD483DC7: changes role from  FOLLOWER to CANDIDATE at term 342 for changeToCandidate
2019-10-16 11:36:22,322 [Thread-3731] INFO  impl.RoleInfo (RoleInfo.java:updateAndGet(143)) - a3132885-145f-4a8c-85f4-c10eb874732d: start LeaderElection
2019-10-16 11:36:22,337 [a3132885-145f-4a8c-85f4-c10eb874732d@group-2077DD483DC7-LeaderElection515] INFO  impl.LeaderElection (LeaderElection.java:askForVotes(178)) - a3132885-145f-4a8c-85f4-c10eb874732d@group-2077DD483DC7-LeaderElection515: begin an election at term 343 for -1: [163587bb-2c3b-4498-b576-18147cf38274:192.168.157.203:33208, a3132885-145f-4a8c-85f4-c10eb874732d:192.168.157.203:46766, 70b633f6-b230-4b9f-87f3-510da88f1e08:192.168.157.203:43163], old=null
2019-10-16 11:36:22,341 [a3132885-145f-4a8c-85f4-c10eb874732d@group-2077DD483DC7-LeaderElection515] INFO  impl.LeaderElection (LogUtils.java:infoOrTrace(149)) - a3132885-145f-4a8c-85f4-c10eb874732d@group-2077DD483DC7-LeaderElection515 got exception when requesting votes: {}
java.util.concurrent.ExecutionException: org.apache.ratis.thirdparty.io.grpc.StatusRuntimeException: UNAVAILABLE: io exception
	at java.util.concurrent.FutureTask.report(FutureTask.java:122)
	at java.util.concurrent.FutureTask.get(FutureTask.java:192)
	at org.apache.ratis.server.impl.LeaderElection.waitForResults(LeaderElection.java:259)
	at org.apache.ratis.server.impl.LeaderElection.askForVotes(LeaderElection.java:197)
	at org.apache.ratis.server.impl.LeaderElection.run(LeaderElection.java:133)
	at java.lang.Thread.run(Thread.java:748)
Caused by: org.apache.ratis.thirdparty.io.grpc.StatusRuntimeException: UNAVAILABLE: io exception
	at org.apache.ratis.thirdparty.io.grpc.stub.ClientCalls.toStatusRuntimeException(ClientCalls.java:233)
	at org.apache.ratis.thirdparty.io.grpc.stub.ClientCalls.getUnchecked(ClientCalls.java:214)
	at org.apache.ratis.thirdparty.io.grpc.stub.ClientCalls.blockingUnaryCall(ClientCalls.java:139)
	at org.apache.ratis.proto.grpc.RaftServerProtocolServiceGrpc$RaftServerProtocolServiceBlockingStub.requestVote(RaftServerProtocolServiceGrpc.java:265)
	at org.apache.ratis.grpc.server.GrpcServerProtocolClient.requestVote(GrpcServerProtocolClient.java:99)
	at org.apache.ratis.grpc.server.GrpcService.requestVote(GrpcService.java:204)
	at org.apache.ratis.server.impl.LeaderElection.lambda$submitRequests$1(LeaderElection.java:234)
	at java.util.concurrent.FutureTask.run(FutureTask.java:266)
	at java.util.concurrent.Executors$RunnableAdapter.call(Executors.java:511)
	at java.util.concurrent.FutureTask.run(FutureTask.java:266)
	at java.util.concurrent.ThreadPoolExecutor.runWorker(ThreadPoolExecutor.java:1149)
	at java.util.concurrent.ThreadPoolExecutor$Worker.run(ThreadPoolExecutor.java:624)
	... 1 more
Caused by: org.apache.ratis.thirdparty.io.netty.channel.AbstractChannel$AnnotatedConnectException: Connection refused: /192.168.157.203:33208
	at sun.nio.ch.SocketChannelImpl.checkConnect(Native Method)
	at sun.nio.ch.SocketChannelImpl.finishConnect(SocketChannelImpl.java:717)
	at org.apache.ratis.thirdparty.io.netty.channel.socket.nio.NioSocketChannel.doFinishConnect(NioSocketChannel.java:327)
	at org.apache.ratis.thirdparty.io.netty.channel.nio.AbstractNioChannel$AbstractNioUnsafe.finishConnect(AbstractNioChannel.java:340)
	at org.apache.ratis.thirdparty.io.netty.channel.nio.NioEventLoop.processSelectedKey(NioEventLoop.java:632)
	at org.apache.ratis.thirdparty.io.netty.channel.nio.NioEventLoop.processSelectedKeysOptimized(NioEventLoop.java:579)
	at org.apache.ratis.thirdparty.io.netty.channel.nio.NioEventLoop.processSelectedKeys(NioEventLoop.java:496)
	at org.apache.ratis.thirdparty.io.netty.channel.nio.NioEventLoop.run(NioEventLoop.java:458)
	at org.apache.ratis.thirdparty.io.netty.util.concurrent.SingleThreadEventExecutor$5.run(SingleThreadEventExecutor.java:897)
	at org.apache.ratis.thirdparty.io.netty.util.concurrent.FastThreadLocalRunnable.run(FastThreadLocalRunnable.java:30)
	... 1 more
Caused by: java.net.ConnectException: Connection refused
	... 11 more
2019-10-16 11:36:22,342 [a3132885-145f-4a8c-85f4-c10eb874732d@group-2077DD483DC7-LeaderElection515] INFO  impl.LeaderElection (LogUtils.java:infoOrTrace(149)) - a3132885-145f-4a8c-85f4-c10eb874732d@group-2077DD483DC7-LeaderElection515 got exception when requesting votes: {}
java.util.concurrent.ExecutionException: org.apache.ratis.thirdparty.io.grpc.StatusRuntimeException: UNAVAILABLE: io exception
	at java.util.concurrent.FutureTask.report(FutureTask.java:122)
	at java.util.concurrent.FutureTask.get(FutureTask.java:192)
	at org.apache.ratis.server.impl.LeaderElection.waitForResults(LeaderElection.java:259)
	at org.apache.ratis.server.impl.LeaderElection.askForVotes(LeaderElection.java:197)
	at org.apache.ratis.server.impl.LeaderElection.run(LeaderElection.java:133)
	at java.lang.Thread.run(Thread.java:748)
Caused by: org.apache.ratis.thirdparty.io.grpc.StatusRuntimeException: UNAVAILABLE: io exception
	at org.apache.ratis.thirdparty.io.grpc.stub.ClientCalls.toStatusRuntimeException(ClientCalls.java:233)
	at org.apache.ratis.thirdparty.io.grpc.stub.ClientCalls.getUnchecked(ClientCalls.java:214)
	at org.apache.ratis.thirdparty.io.grpc.stub.ClientCalls.blockingUnaryCall(ClientCalls.java:139)
	at org.apache.ratis.proto.grpc.RaftServerProtocolServiceGrpc$RaftServerProtocolServiceBlockingStub.requestVote(RaftServerProtocolServiceGrpc.java:265)
	at org.apache.ratis.grpc.server.GrpcServerProtocolClient.requestVote(GrpcServerProtocolClient.java:99)
	at org.apache.ratis.grpc.server.GrpcService.requestVote(GrpcService.java:204)
	at org.apache.ratis.server.impl.LeaderElection.lambda$submitRequests$1(LeaderElection.java:234)
	at java.util.concurrent.FutureTask.run(FutureTask.java:266)
	at java.util.concurrent.Executors$RunnableAdapter.call(Executors.java:511)
	at java.util.concurrent.FutureTask.run(FutureTask.java:266)
	at java.util.concurrent.ThreadPoolExecutor.runWorker(ThreadPoolExecutor.java:1149)
	at java.util.concurrent.ThreadPoolExecutor$Worker.run(ThreadPoolExecutor.java:624)
	... 1 more
Caused by: org.apache.ratis.thirdparty.io.netty.channel.AbstractChannel$AnnotatedConnectException: Connection refused: /192.168.157.203:43163
	at sun.nio.ch.SocketChannelImpl.checkConnect(Native Method)
	at sun.nio.ch.SocketChannelImpl.finishConnect(SocketChannelImpl.java:717)
	at org.apache.ratis.thirdparty.io.netty.channel.socket.nio.NioSocketChannel.doFinishConnect(NioSocketChannel.java:327)
	at org.apache.ratis.thirdparty.io.netty.channel.nio.AbstractNioChannel$AbstractNioUnsafe.finishConnect(AbstractNioChannel.java:340)
	at org.apache.ratis.thirdparty.io.netty.channel.nio.NioEventLoop.processSelectedKey(NioEventLoop.java:632)
	at org.apache.ratis.thirdparty.io.netty.channel.nio.NioEventLoop.processSelectedKeysOptimized(NioEventLoop.java:579)
	at org.apache.ratis.thirdparty.io.netty.channel.nio.NioEventLoop.processSelectedKeys(NioEventLoop.java:496)
	at org.apache.ratis.thirdparty.io.netty.channel.nio.NioEventLoop.run(NioEventLoop.java:458)
	at org.apache.ratis.thirdparty.io.netty.util.concurrent.SingleThreadEventExecutor$5.run(SingleThreadEventExecutor.java:897)
	at org.apache.ratis.thirdparty.io.netty.util.concurrent.FastThreadLocalRunnable.run(FastThreadLocalRunnable.java:30)
	... 1 more
Caused by: java.net.ConnectException: Connection refused
	... 11 more
2019-10-16 11:36:22,342 [a3132885-145f-4a8c-85f4-c10eb874732d@group-2077DD483DC7-LeaderElection515] INFO  impl.LeaderElection (LeaderElection.java:logAndReturn(56)) - a3132885-145f-4a8c-85f4-c10eb874732d@group-2077DD483DC7-LeaderElection515: Election REJECTED; received 0 response(s) [] and 2 exception(s); a3132885-145f-4a8c-85f4-c10eb874732d@group-2077DD483DC7:t343, leader=null, voted=a3132885-145f-4a8c-85f4-c10eb874732d, raftlog=a3132885-145f-4a8c-85f4-c10eb874732d@group-2077DD483DC7-SegmentedRaftLog:OPENED:c-1,f-1,i0, conf=-1: [163587bb-2c3b-4498-b576-18147cf38274:192.168.157.203:33208, a3132885-145f-4a8c-85f4-c10eb874732d:192.168.157.203:46766, 70b633f6-b230-4b9f-87f3-510da88f1e08:192.168.157.203:43163], old=null
2019-10-16 11:36:22,343 [a3132885-145f-4a8c-85f4-c10eb874732d@group-2077DD483DC7-LeaderElection515] INFO  impl.LeaderElection (LogUtils.java:infoOrTrace(149)) -   Exception 0: {}
java.util.concurrent.ExecutionException: org.apache.ratis.thirdparty.io.grpc.StatusRuntimeException: UNAVAILABLE: io exception
	at java.util.concurrent.FutureTask.report(FutureTask.java:122)
	at java.util.concurrent.FutureTask.get(FutureTask.java:192)
	at org.apache.ratis.server.impl.LeaderElection.waitForResults(LeaderElection.java:259)
	at org.apache.ratis.server.impl.LeaderElection.askForVotes(LeaderElection.java:197)
	at org.apache.ratis.server.impl.LeaderElection.run(LeaderElection.java:133)
	at java.lang.Thread.run(Thread.java:748)
Caused by: org.apache.ratis.thirdparty.io.grpc.StatusRuntimeException: UNAVAILABLE: io exception
	at org.apache.ratis.thirdparty.io.grpc.stub.ClientCalls.toStatusRuntimeException(ClientCalls.java:233)
	at org.apache.ratis.thirdparty.io.grpc.stub.ClientCalls.getUnchecked(ClientCalls.java:214)
	at org.apache.ratis.thirdparty.io.grpc.stub.ClientCalls.blockingUnaryCall(ClientCalls.java:139)
	at org.apache.ratis.proto.grpc.RaftServerProtocolServiceGrpc$RaftServerProtocolServiceBlockingStub.requestVote(RaftServerProtocolServiceGrpc.java:265)
	at org.apache.ratis.grpc.server.GrpcServerProtocolClient.requestVote(GrpcServerProtocolClient.java:99)
	at org.apache.ratis.grpc.server.GrpcService.requestVote(GrpcService.java:204)
	at org.apache.ratis.server.impl.LeaderElection.lambda$submitRequests$1(LeaderElection.java:234)
	at java.util.concurrent.FutureTask.run(FutureTask.java:266)
	at java.util.concurrent.Executors$RunnableAdapter.call(Executors.java:511)
	at java.util.concurrent.FutureTask.run(FutureTask.java:266)
	at java.util.concurrent.ThreadPoolExecutor.runWorker(ThreadPoolExecutor.java:1149)
	at java.util.concurrent.ThreadPoolExecutor$Worker.run(ThreadPoolExecutor.java:624)
	... 1 more
Caused by: org.apache.ratis.thirdparty.io.netty.channel.AbstractChannel$AnnotatedConnectException: Connection refused: /192.168.157.203:33208
	at sun.nio.ch.SocketChannelImpl.checkConnect(Native Method)
	at sun.nio.ch.SocketChannelImpl.finishConnect(SocketChannelImpl.java:717)
	at org.apache.ratis.thirdparty.io.netty.channel.socket.nio.NioSocketChannel.doFinishConnect(NioSocketChannel.java:327)
	at org.apache.ratis.thirdparty.io.netty.channel.nio.AbstractNioChannel$AbstractNioUnsafe.finishConnect(AbstractNioChannel.java:340)
	at org.apache.ratis.thirdparty.io.netty.channel.nio.NioEventLoop.processSelectedKey(NioEventLoop.java:632)
	at org.apache.ratis.thirdparty.io.netty.channel.nio.NioEventLoop.processSelectedKeysOptimized(NioEventLoop.java:579)
	at org.apache.ratis.thirdparty.io.netty.channel.nio.NioEventLoop.processSelectedKeys(NioEventLoop.java:496)
	at org.apache.ratis.thirdparty.io.netty.channel.nio.NioEventLoop.run(NioEventLoop.java:458)
	at org.apache.ratis.thirdparty.io.netty.util.concurrent.SingleThreadEventExecutor$5.run(SingleThreadEventExecutor.java:897)
	at org.apache.ratis.thirdparty.io.netty.util.concurrent.FastThreadLocalRunnable.run(FastThreadLocalRunnable.java:30)
	... 1 more
Caused by: java.net.ConnectException: Connection refused
	... 11 more
2019-10-16 11:36:22,343 [a3132885-145f-4a8c-85f4-c10eb874732d@group-2077DD483DC7-LeaderElection515] INFO  impl.LeaderElection (LogUtils.java:infoOrTrace(149)) -   Exception 1: {}
java.util.concurrent.ExecutionException: org.apache.ratis.thirdparty.io.grpc.StatusRuntimeException: UNAVAILABLE: io exception
	at java.util.concurrent.FutureTask.report(FutureTask.java:122)
	at java.util.concurrent.FutureTask.get(FutureTask.java:192)
	at org.apache.ratis.server.impl.LeaderElection.waitForResults(LeaderElection.java:259)
	at org.apache.ratis.server.impl.LeaderElection.askForVotes(LeaderElection.java:197)
	at org.apache.ratis.server.impl.LeaderElection.run(LeaderElection.java:133)
	at java.lang.Thread.run(Thread.java:748)
Caused by: org.apache.ratis.thirdparty.io.grpc.StatusRuntimeException: UNAVAILABLE: io exception
	at org.apache.ratis.thirdparty.io.grpc.stub.ClientCalls.toStatusRuntimeException(ClientCalls.java:233)
	at org.apache.ratis.thirdparty.io.grpc.stub.ClientCalls.getUnchecked(ClientCalls.java:214)
	at org.apache.ratis.thirdparty.io.grpc.stub.ClientCalls.blockingUnaryCall(ClientCalls.java:139)
	at org.apache.ratis.proto.grpc.RaftServerProtocolServiceGrpc$RaftServerProtocolServiceBlockingStub.requestVote(RaftServerProtocolServiceGrpc.java:265)
	at org.apache.ratis.grpc.server.GrpcServerProtocolClient.requestVote(GrpcServerProtocolClient.java:99)
	at org.apache.ratis.grpc.server.GrpcService.requestVote(GrpcService.java:204)
	at org.apache.ratis.server.impl.LeaderElection.lambda$submitRequests$1(LeaderElection.java:234)
	at java.util.concurrent.FutureTask.run(FutureTask.java:266)
	at java.util.concurrent.Executors$RunnableAdapter.call(Executors.java:511)
	at java.util.concurrent.FutureTask.run(FutureTask.java:266)
	at java.util.concurrent.ThreadPoolExecutor.runWorker(ThreadPoolExecutor.java:1149)
	at java.util.concurrent.ThreadPoolExecutor$Worker.run(ThreadPoolExecutor.java:624)
	... 1 more
Caused by: org.apache.ratis.thirdparty.io.netty.channel.AbstractChannel$AnnotatedConnectException: Connection refused: /192.168.157.203:43163
	at sun.nio.ch.SocketChannelImpl.checkConnect(Native Method)
	at sun.nio.ch.SocketChannelImpl.finishConnect(SocketChannelImpl.java:717)
	at org.apache.ratis.thirdparty.io.netty.channel.socket.nio.NioSocketChannel.doFinishConnect(NioSocketChannel.java:327)
	at org.apache.ratis.thirdparty.io.netty.channel.nio.AbstractNioChannel$AbstractNioUnsafe.finishConnect(AbstractNioChannel.java:340)
	at org.apache.ratis.thirdparty.io.netty.channel.nio.NioEventLoop.processSelectedKey(NioEventLoop.java:632)
	at org.apache.ratis.thirdparty.io.netty.channel.nio.NioEventLoop.processSelectedKeysOptimized(NioEventLoop.java:579)
	at org.apache.ratis.thirdparty.io.netty.channel.nio.NioEventLoop.processSelectedKeys(NioEventLoop.java:496)
	at org.apache.ratis.thirdparty.io.netty.channel.nio.NioEventLoop.run(NioEventLoop.java:458)
	at org.apache.ratis.thirdparty.io.netty.util.concurrent.SingleThreadEventExecutor$5.run(SingleThreadEventExecutor.java:897)
	at org.apache.ratis.thirdparty.io.netty.util.concurrent.FastThreadLocalRunnable.run(FastThreadLocalRunnable.java:30)
	... 1 more
Caused by: java.net.ConnectException: Connection refused
	... 11 more
2019-10-16 11:36:22,344 [a3132885-145f-4a8c-85f4-c10eb874732d@group-2077DD483DC7-LeaderElection515] INFO  impl.RaftServerImpl (RaftServerImpl.java:setRole(184)) - a3132885-145f-4a8c-85f4-c10eb874732d@group-2077DD483DC7: changes role from CANDIDATE to FOLLOWER at term 343 for DISCOVERED_A_NEW_TERM
2019-10-16 11:36:22,344 [a3132885-145f-4a8c-85f4-c10eb874732d@group-2077DD483DC7-LeaderElection515] INFO  impl.RoleInfo (RoleInfo.java:shutdownLeaderElection(134)) - a3132885-145f-4a8c-85f4-c10eb874732d: shutdown LeaderElection
2019-10-16 11:36:22,344 [a3132885-145f-4a8c-85f4-c10eb874732d@group-2077DD483DC7-LeaderElection515] INFO  impl.RoleInfo (RoleInfo.java:updateAndGet(143)) - a3132885-145f-4a8c-85f4-c10eb874732d: start FollowerState
2019-10-16 11:36:22,499 [java.util.concurrent.ThreadPoolExecutor$Worker@1a001f89[State = -1, empty queue]] WARN  server.GrpcLogAppender (GrpcLogAppender.java:timeoutAppendRequest(209)) - 5c445d34-c031-481c-9d4b-8fbace1f61b8@group-8BBDE5791A04->857fec05-692a-4d09-bf1c-7d167682feae-GrpcLogAppender: appendEntries Timeout, request=5c445d34-c031-481c-9d4b-8fbace1f61b8->857fec05-692a-4d09-bf1c-7d167682feae#100-t6, previous=(t:6, i:21), leaderCommit=21, initializing? false, entries: <empty>
2019-10-16 11:36:22,542 [Thread-3735] INFO  impl.FollowerState (FollowerState.java:run(108)) - a3132885-145f-4a8c-85f4-c10eb874732d@group-2077DD483DC7-FollowerState: change to CANDIDATE, lastRpcTime:198ms, electionTimeout:198ms
2019-10-16 11:36:22,543 [Thread-3735] INFO  impl.RoleInfo (RoleInfo.java:shutdownFollowerState(121)) - a3132885-145f-4a8c-85f4-c10eb874732d: shutdown FollowerState
2019-10-16 11:36:22,543 [java.util.concurrent.ThreadPoolExecutor$Worker@2268bd8a[State = -1, empty queue]] WARN  server.GrpcLogAppender (GrpcLogAppender.java:timeoutAppendRequest(209)) - 5c445d34-c031-481c-9d4b-8fbace1f61b8@group-8BBDE5791A04->411bb2a3-40ef-4fc0-81ca-4490e6d37035-GrpcLogAppender: appendEntries Timeout, request=5c445d34-c031-481c-9d4b-8fbace1f61b8->411bb2a3-40ef-4fc0-81ca-4490e6d37035#101-t6, previous=(t:6, i:21), leaderCommit=21, initializing? false, entries: <empty>
2019-10-16 11:36:22,543 [Thread-3735] INFO  impl.RaftServerImpl (RaftServerImpl.java:setRole(184)) - a3132885-145f-4a8c-85f4-c10eb874732d@group-2077DD483DC7: changes role from  FOLLOWER to CANDIDATE at term 343 for changeToCandidate
2019-10-16 11:36:22,543 [Thread-3735] INFO  impl.RoleInfo (RoleInfo.java:updateAndGet(143)) - a3132885-145f-4a8c-85f4-c10eb874732d: start LeaderElection
2019-10-16 11:36:22,569 [a3132885-145f-4a8c-85f4-c10eb874732d@group-2077DD483DC7-LeaderElection516] INFO  impl.LeaderElection (LeaderElection.java:askForVotes(178)) - a3132885-145f-4a8c-85f4-c10eb874732d@group-2077DD483DC7-LeaderElection516: begin an election at term 344 for -1: [163587bb-2c3b-4498-b576-18147cf38274:192.168.157.203:33208, a3132885-145f-4a8c-85f4-c10eb874732d:192.168.157.203:46766, 70b633f6-b230-4b9f-87f3-510da88f1e08:192.168.157.203:43163], old=null
2019-10-16 11:36:22,570 [a3132885-145f-4a8c-85f4-c10eb874732d@group-2077DD483DC7-LeaderElection516] INFO  impl.LeaderElection (LogUtils.java:infoOrTrace(149)) - a3132885-145f-4a8c-85f4-c10eb874732d@group-2077DD483DC7-LeaderElection516 got exception when requesting votes: {}
java.util.concurrent.ExecutionException: org.apache.ratis.thirdparty.io.grpc.StatusRuntimeException: UNAVAILABLE: io exception
	at java.util.concurrent.FutureTask.report(FutureTask.java:122)
	at java.util.concurrent.FutureTask.get(FutureTask.java:192)
	at org.apache.ratis.server.impl.LeaderElection.waitForResults(LeaderElection.java:259)
	at org.apache.ratis.server.impl.LeaderElection.askForVotes(LeaderElection.java:197)
	at org.apache.ratis.server.impl.LeaderElection.run(LeaderElection.java:133)
	at java.lang.Thread.run(Thread.java:748)
Caused by: org.apache.ratis.thirdparty.io.grpc.StatusRuntimeException: UNAVAILABLE: io exception
	at org.apache.ratis.thirdparty.io.grpc.stub.ClientCalls.toStatusRuntimeException(ClientCalls.java:233)
	at org.apache.ratis.thirdparty.io.grpc.stub.ClientCalls.getUnchecked(ClientCalls.java:214)
	at org.apache.ratis.thirdparty.io.grpc.stub.ClientCalls.blockingUnaryCall(ClientCalls.java:139)
	at org.apache.ratis.proto.grpc.RaftServerProtocolServiceGrpc$RaftServerProtocolServiceBlockingStub.requestVote(RaftServerProtocolServiceGrpc.java:265)
	at org.apache.ratis.grpc.server.GrpcServerProtocolClient.requestVote(GrpcServerProtocolClient.java:99)
	at org.apache.ratis.grpc.server.GrpcService.requestVote(GrpcService.java:204)
	at org.apache.ratis.server.impl.LeaderElection.lambda$submitRequests$1(LeaderElection.java:234)
	at java.util.concurrent.FutureTask.run(FutureTask.java:266)
	at java.util.concurrent.Executors$RunnableAdapter.call(Executors.java:511)
	at java.util.concurrent.FutureTask.run(FutureTask.java:266)
	at java.util.concurrent.ThreadPoolExecutor.runWorker(ThreadPoolExecutor.java:1149)
	at java.util.concurrent.ThreadPoolExecutor$Worker.run(ThreadPoolExecutor.java:624)
	... 1 more
Caused by: org.apache.ratis.thirdparty.io.netty.channel.AbstractChannel$AnnotatedConnectException: Connection refused: /192.168.157.203:33208
	at sun.nio.ch.SocketChannelImpl.checkConnect(Native Method)
	at sun.nio.ch.SocketChannelImpl.finishConnect(SocketChannelImpl.java:717)
	at org.apache.ratis.thirdparty.io.netty.channel.socket.nio.NioSocketChannel.doFinishConnect(NioSocketChannel.java:327)
	at org.apache.ratis.thirdparty.io.netty.channel.nio.AbstractNioChannel$AbstractNioUnsafe.finishConnect(AbstractNioChannel.java:340)
	at org.apache.ratis.thirdparty.io.netty.channel.nio.NioEventLoop.processSelectedKey(NioEventLoop.java:632)
	at org.apache.ratis.thirdparty.io.netty.channel.nio.NioEventLoop.processSelectedKeysOptimized(NioEventLoop.java:579)
	at org.apache.ratis.thirdparty.io.netty.channel.nio.NioEventLoop.processSelectedKeys(NioEventLoop.java:496)
	at org.apache.ratis.thirdparty.io.netty.channel.nio.NioEventLoop.run(NioEventLoop.java:458)
	at org.apache.ratis.thirdparty.io.netty.util.concurrent.SingleThreadEventExecutor$5.run(SingleThreadEventExecutor.java:897)
	at org.apache.ratis.thirdparty.io.netty.util.concurrent.FastThreadLocalRunnable.run(FastThreadLocalRunnable.java:30)
	... 1 more
Caused by: java.net.ConnectException: Connection refused
	... 11 more
2019-10-16 11:36:22,571 [a3132885-145f-4a8c-85f4-c10eb874732d@group-2077DD483DC7-LeaderElection516] INFO  impl.LeaderElection (LogUtils.java:infoOrTrace(149)) - a3132885-145f-4a8c-85f4-c10eb874732d@group-2077DD483DC7-LeaderElection516 got exception when requesting votes: {}
java.util.concurrent.ExecutionException: org.apache.ratis.thirdparty.io.grpc.StatusRuntimeException: UNAVAILABLE: io exception
	at java.util.concurrent.FutureTask.report(FutureTask.java:122)
	at java.util.concurrent.FutureTask.get(FutureTask.java:192)
	at org.apache.ratis.server.impl.LeaderElection.waitForResults(LeaderElection.java:259)
	at org.apache.ratis.server.impl.LeaderElection.askForVotes(LeaderElection.java:197)
	at org.apache.ratis.server.impl.LeaderElection.run(LeaderElection.java:133)
	at java.lang.Thread.run(Thread.java:748)
Caused by: org.apache.ratis.thirdparty.io.grpc.StatusRuntimeException: UNAVAILABLE: io exception
	at org.apache.ratis.thirdparty.io.grpc.stub.ClientCalls.toStatusRuntimeException(ClientCalls.java:233)
	at org.apache.ratis.thirdparty.io.grpc.stub.ClientCalls.getUnchecked(ClientCalls.java:214)
	at org.apache.ratis.thirdparty.io.grpc.stub.ClientCalls.blockingUnaryCall(ClientCalls.java:139)
	at org.apache.ratis.proto.grpc.RaftServerProtocolServiceGrpc$RaftServerProtocolServiceBlockingStub.requestVote(RaftServerProtocolServiceGrpc.java:265)
	at org.apache.ratis.grpc.server.GrpcServerProtocolClient.requestVote(GrpcServerProtocolClient.java:99)
	at org.apache.ratis.grpc.server.GrpcService.requestVote(GrpcService.java:204)
	at org.apache.ratis.server.impl.LeaderElection.lambda$submitRequests$1(LeaderElection.java:234)
	at java.util.concurrent.FutureTask.run(FutureTask.java:266)
	at java.util.concurrent.Executors$RunnableAdapter.call(Executors.java:511)
	at java.util.concurrent.FutureTask.run(FutureTask.java:266)
	at java.util.concurrent.ThreadPoolExecutor.runWorker(ThreadPoolExecutor.java:1149)
	at java.util.concurrent.ThreadPoolExecutor$Worker.run(ThreadPoolExecutor.java:624)
	... 1 more
Caused by: org.apache.ratis.thirdparty.io.netty.channel.AbstractChannel$AnnotatedConnectException: Connection refused: /192.168.157.203:43163
	at sun.nio.ch.SocketChannelImpl.checkConnect(Native Method)
	at sun.nio.ch.SocketChannelImpl.finishConnect(SocketChannelImpl.java:717)
	at org.apache.ratis.thirdparty.io.netty.channel.socket.nio.NioSocketChannel.doFinishConnect(NioSocketChannel.java:327)
	at org.apache.ratis.thirdparty.io.netty.channel.nio.AbstractNioChannel$AbstractNioUnsafe.finishConnect(AbstractNioChannel.java:340)
	at org.apache.ratis.thirdparty.io.netty.channel.nio.NioEventLoop.processSelectedKey(NioEventLoop.java:632)
	at org.apache.ratis.thirdparty.io.netty.channel.nio.NioEventLoop.processSelectedKeysOptimized(NioEventLoop.java:579)
	at org.apache.ratis.thirdparty.io.netty.channel.nio.NioEventLoop.processSelectedKeys(NioEventLoop.java:496)
	at org.apache.ratis.thirdparty.io.netty.channel.nio.NioEventLoop.run(NioEventLoop.java:458)
	at org.apache.ratis.thirdparty.io.netty.util.concurrent.SingleThreadEventExecutor$5.run(SingleThreadEventExecutor.java:897)
	at org.apache.ratis.thirdparty.io.netty.util.concurrent.FastThreadLocalRunnable.run(FastThreadLocalRunnable.java:30)
	... 1 more
Caused by: java.net.ConnectException: Connection refused
	... 11 more
2019-10-16 11:36:22,571 [a3132885-145f-4a8c-85f4-c10eb874732d@group-2077DD483DC7-LeaderElection516] INFO  impl.LeaderElection (LeaderElection.java:logAndReturn(56)) - a3132885-145f-4a8c-85f4-c10eb874732d@group-2077DD483DC7-LeaderElection516: Election REJECTED; received 0 response(s) [] and 2 exception(s); a3132885-145f-4a8c-85f4-c10eb874732d@group-2077DD483DC7:t344, leader=null, voted=a3132885-145f-4a8c-85f4-c10eb874732d, raftlog=a3132885-145f-4a8c-85f4-c10eb874732d@group-2077DD483DC7-SegmentedRaftLog:OPENED:c-1,f-1,i0, conf=-1: [163587bb-2c3b-4498-b576-18147cf38274:192.168.157.203:33208, a3132885-145f-4a8c-85f4-c10eb874732d:192.168.157.203:46766, 70b633f6-b230-4b9f-87f3-510da88f1e08:192.168.157.203:43163], old=null
2019-10-16 11:36:22,571 [a3132885-145f-4a8c-85f4-c10eb874732d@group-2077DD483DC7-LeaderElection516] INFO  impl.LeaderElection (LogUtils.java:infoOrTrace(149)) -   Exception 0: {}
java.util.concurrent.ExecutionException: org.apache.ratis.thirdparty.io.grpc.StatusRuntimeException: UNAVAILABLE: io exception
	at java.util.concurrent.FutureTask.report(FutureTask.java:122)
	at java.util.concurrent.FutureTask.get(FutureTask.java:192)
	at org.apache.ratis.server.impl.LeaderElection.waitForResults(LeaderElection.java:259)
	at org.apache.ratis.server.impl.LeaderElection.askForVotes(LeaderElection.java:197)
	at org.apache.ratis.server.impl.LeaderElection.run(LeaderElection.java:133)
	at java.lang.Thread.run(Thread.java:748)
Caused by: org.apache.ratis.thirdparty.io.grpc.StatusRuntimeException: UNAVAILABLE: io exception
	at org.apache.ratis.thirdparty.io.grpc.stub.ClientCalls.toStatusRuntimeException(ClientCalls.java:233)
	at org.apache.ratis.thirdparty.io.grpc.stub.ClientCalls.getUnchecked(ClientCalls.java:214)
	at org.apache.ratis.thirdparty.io.grpc.stub.ClientCalls.blockingUnaryCall(ClientCalls.java:139)
	at org.apache.ratis.proto.grpc.RaftServerProtocolServiceGrpc$RaftServerProtocolServiceBlockingStub.requestVote(RaftServerProtocolServiceGrpc.java:265)
	at org.apache.ratis.grpc.server.GrpcServerProtocolClient.requestVote(GrpcServerProtocolClient.java:99)
	at org.apache.ratis.grpc.server.GrpcService.requestVote(GrpcService.java:204)
	at org.apache.ratis.server.impl.LeaderElection.lambda$submitRequests$1(LeaderElection.java:234)
	at java.util.concurrent.FutureTask.run(FutureTask.java:266)
	at java.util.concurrent.Executors$RunnableAdapter.call(Executors.java:511)
	at java.util.concurrent.FutureTask.run(FutureTask.java:266)
	at java.util.concurrent.ThreadPoolExecutor.runWorker(ThreadPoolExecutor.java:1149)
	at java.util.concurrent.ThreadPoolExecutor$Worker.run(ThreadPoolExecutor.java:624)
	... 1 more
Caused by: org.apache.ratis.thirdparty.io.netty.channel.AbstractChannel$AnnotatedConnectException: Connection refused: /192.168.157.203:33208
	at sun.nio.ch.SocketChannelImpl.checkConnect(Native Method)
	at sun.nio.ch.SocketChannelImpl.finishConnect(SocketChannelImpl.java:717)
	at org.apache.ratis.thirdparty.io.netty.channel.socket.nio.NioSocketChannel.doFinishConnect(NioSocketChannel.java:327)
	at org.apache.ratis.thirdparty.io.netty.channel.nio.AbstractNioChannel$AbstractNioUnsafe.finishConnect(AbstractNioChannel.java:340)
	at org.apache.ratis.thirdparty.io.netty.channel.nio.NioEventLoop.processSelectedKey(NioEventLoop.java:632)
	at org.apache.ratis.thirdparty.io.netty.channel.nio.NioEventLoop.processSelectedKeysOptimized(NioEventLoop.java:579)
	at org.apache.ratis.thirdparty.io.netty.channel.nio.NioEventLoop.processSelectedKeys(NioEventLoop.java:496)
	at org.apache.ratis.thirdparty.io.netty.channel.nio.NioEventLoop.run(NioEventLoop.java:458)
	at org.apache.ratis.thirdparty.io.netty.util.concurrent.SingleThreadEventExecutor$5.run(SingleThreadEventExecutor.java:897)
	at org.apache.ratis.thirdparty.io.netty.util.concurrent.FastThreadLocalRunnable.run(FastThreadLocalRunnable.java:30)
	... 1 more
Caused by: java.net.ConnectException: Connection refused
	... 11 more
2019-10-16 11:36:22,572 [a3132885-145f-4a8c-85f4-c10eb874732d@group-2077DD483DC7-LeaderElection516] INFO  impl.LeaderElection (LogUtils.java:infoOrTrace(149)) -   Exception 1: {}
java.util.concurrent.ExecutionException: org.apache.ratis.thirdparty.io.grpc.StatusRuntimeException: UNAVAILABLE: io exception
	at java.util.concurrent.FutureTask.report(FutureTask.java:122)
	at java.util.concurrent.FutureTask.get(FutureTask.java:192)
	at org.apache.ratis.server.impl.LeaderElection.waitForResults(LeaderElection.java:259)
	at org.apache.ratis.server.impl.LeaderElection.askForVotes(LeaderElection.java:197)
	at org.apache.ratis.server.impl.LeaderElection.run(LeaderElection.java:133)
	at java.lang.Thread.run(Thread.java:748)
Caused by: org.apache.ratis.thirdparty.io.grpc.StatusRuntimeException: UNAVAILABLE: io exception
	at org.apache.ratis.thirdparty.io.grpc.stub.ClientCalls.toStatusRuntimeException(ClientCalls.java:233)
	at org.apache.ratis.thirdparty.io.grpc.stub.ClientCalls.getUnchecked(ClientCalls.java:214)
	at org.apache.ratis.thirdparty.io.grpc.stub.ClientCalls.blockingUnaryCall(ClientCalls.java:139)
	at org.apache.ratis.proto.grpc.RaftServerProtocolServiceGrpc$RaftServerProtocolServiceBlockingStub.requestVote(RaftServerProtocolServiceGrpc.java:265)
	at org.apache.ratis.grpc.server.GrpcServerProtocolClient.requestVote(GrpcServerProtocolClient.java:99)
	at org.apache.ratis.grpc.server.GrpcService.requestVote(GrpcService.java:204)
	at org.apache.ratis.server.impl.LeaderElection.lambda$submitRequests$1(LeaderElection.java:234)
	at java.util.concurrent.FutureTask.run(FutureTask.java:266)
	at java.util.concurrent.Executors$RunnableAdapter.call(Executors.java:511)
	at java.util.concurrent.FutureTask.run(FutureTask.java:266)
	at java.util.concurrent.ThreadPoolExecutor.runWorker(ThreadPoolExecutor.java:1149)
	at java.util.concurrent.ThreadPoolExecutor$Worker.run(ThreadPoolExecutor.java:624)
	... 1 more
Caused by: org.apache.ratis.thirdparty.io.netty.channel.AbstractChannel$AnnotatedConnectException: Connection refused: /192.168.157.203:43163
	at sun.nio.ch.SocketChannelImpl.checkConnect(Native Method)
	at sun.nio.ch.SocketChannelImpl.finishConnect(SocketChannelImpl.java:717)
	at org.apache.ratis.thirdparty.io.netty.channel.socket.nio.NioSocketChannel.doFinishConnect(NioSocketChannel.java:327)
	at org.apache.ratis.thirdparty.io.netty.channel.nio.AbstractNioChannel$AbstractNioUnsafe.finishConnect(AbstractNioChannel.java:340)
	at org.apache.ratis.thirdparty.io.netty.channel.nio.NioEventLoop.processSelectedKey(NioEventLoop.java:632)
	at org.apache.ratis.thirdparty.io.netty.channel.nio.NioEventLoop.processSelectedKeysOptimized(NioEventLoop.java:579)
	at org.apache.ratis.thirdparty.io.netty.channel.nio.NioEventLoop.processSelectedKeys(NioEventLoop.java:496)
	at org.apache.ratis.thirdparty.io.netty.channel.nio.NioEventLoop.run(NioEventLoop.java:458)
	at org.apache.ratis.thirdparty.io.netty.util.concurrent.SingleThreadEventExecutor$5.run(SingleThreadEventExecutor.java:897)
	at org.apache.ratis.thirdparty.io.netty.util.concurrent.FastThreadLocalRunnable.run(FastThreadLocalRunnable.java:30)
	... 1 more
Caused by: java.net.ConnectException: Connection refused
	... 11 more
2019-10-16 11:36:22,572 [a3132885-145f-4a8c-85f4-c10eb874732d@group-2077DD483DC7-LeaderElection516] INFO  impl.RaftServerImpl (RaftServerImpl.java:setRole(184)) - a3132885-145f-4a8c-85f4-c10eb874732d@group-2077DD483DC7: changes role from CANDIDATE to FOLLOWER at term 344 for DISCOVERED_A_NEW_TERM
2019-10-16 11:36:22,572 [a3132885-145f-4a8c-85f4-c10eb874732d@group-2077DD483DC7-LeaderElection516] INFO  impl.RoleInfo (RoleInfo.java:shutdownLeaderElection(134)) - a3132885-145f-4a8c-85f4-c10eb874732d: shutdown LeaderElection
2019-10-16 11:36:22,572 [a3132885-145f-4a8c-85f4-c10eb874732d@group-2077DD483DC7-LeaderElection516] INFO  impl.RoleInfo (RoleInfo.java:updateAndGet(143)) - a3132885-145f-4a8c-85f4-c10eb874732d: start FollowerState
2019-10-16 11:36:22,637 [Thread-3739] INFO  impl.FollowerState (FollowerState.java:run(108)) - a3132885-145f-4a8c-85f4-c10eb874732d@group-2077DD483DC7-FollowerState: change to CANDIDATE, lastRpcTime:64ms, electionTimeout:64ms
2019-10-16 11:36:22,637 [Thread-3739] INFO  impl.RoleInfo (RoleInfo.java:shutdownFollowerState(121)) - a3132885-145f-4a8c-85f4-c10eb874732d: shutdown FollowerState
2019-10-16 11:36:22,637 [Thread-3739] INFO  impl.RaftServerImpl (RaftServerImpl.java:setRole(184)) - a3132885-145f-4a8c-85f4-c10eb874732d@group-2077DD483DC7: changes role from  FOLLOWER to CANDIDATE at term 344 for changeToCandidate
2019-10-16 11:36:22,637 [Thread-3739] INFO  impl.RoleInfo (RoleInfo.java:updateAndGet(143)) - a3132885-145f-4a8c-85f4-c10eb874732d: start LeaderElection
2019-10-16 11:36:22,651 [a3132885-145f-4a8c-85f4-c10eb874732d@group-2077DD483DC7-LeaderElection517] INFO  impl.LeaderElection (LeaderElection.java:askForVotes(178)) - a3132885-145f-4a8c-85f4-c10eb874732d@group-2077DD483DC7-LeaderElection517: begin an election at term 345 for -1: [163587bb-2c3b-4498-b576-18147cf38274:192.168.157.203:33208, a3132885-145f-4a8c-85f4-c10eb874732d:192.168.157.203:46766, 70b633f6-b230-4b9f-87f3-510da88f1e08:192.168.157.203:43163], old=null
2019-10-16 11:36:22,653 [a3132885-145f-4a8c-85f4-c10eb874732d@group-2077DD483DC7-LeaderElection517] INFO  impl.LeaderElection (LogUtils.java:infoOrTrace(149)) - a3132885-145f-4a8c-85f4-c10eb874732d@group-2077DD483DC7-LeaderElection517 got exception when requesting votes: {}
java.util.concurrent.ExecutionException: org.apache.ratis.thirdparty.io.grpc.StatusRuntimeException: UNAVAILABLE: io exception
	at java.util.concurrent.FutureTask.report(FutureTask.java:122)
	at java.util.concurrent.FutureTask.get(FutureTask.java:192)
	at org.apache.ratis.server.impl.LeaderElection.waitForResults(LeaderElection.java:259)
	at org.apache.ratis.server.impl.LeaderElection.askForVotes(LeaderElection.java:197)
	at org.apache.ratis.server.impl.LeaderElection.run(LeaderElection.java:133)
	at java.lang.Thread.run(Thread.java:748)
Caused by: org.apache.ratis.thirdparty.io.grpc.StatusRuntimeException: UNAVAILABLE: io exception
	at org.apache.ratis.thirdparty.io.grpc.stub.ClientCalls.toStatusRuntimeException(ClientCalls.java:233)
	at org.apache.ratis.thirdparty.io.grpc.stub.ClientCalls.getUnchecked(ClientCalls.java:214)
	at org.apache.ratis.thirdparty.io.grpc.stub.ClientCalls.blockingUnaryCall(ClientCalls.java:139)
	at org.apache.ratis.proto.grpc.RaftServerProtocolServiceGrpc$RaftServerProtocolServiceBlockingStub.requestVote(RaftServerProtocolServiceGrpc.java:265)
	at org.apache.ratis.grpc.server.GrpcServerProtocolClient.requestVote(GrpcServerProtocolClient.java:99)
	at org.apache.ratis.grpc.server.GrpcService.requestVote(GrpcService.java:204)
	at org.apache.ratis.server.impl.LeaderElection.lambda$submitRequests$1(LeaderElection.java:234)
	at java.util.concurrent.FutureTask.run(FutureTask.java:266)
	at java.util.concurrent.Executors$RunnableAdapter.call(Executors.java:511)
	at java.util.concurrent.FutureTask.run(FutureTask.java:266)
	at java.util.concurrent.ThreadPoolExecutor.runWorker(ThreadPoolExecutor.java:1149)
	at java.util.concurrent.ThreadPoolExecutor$Worker.run(ThreadPoolExecutor.java:624)
	... 1 more
Caused by: org.apache.ratis.thirdparty.io.netty.channel.AbstractChannel$AnnotatedConnectException: Connection refused: /192.168.157.203:43163
	at sun.nio.ch.SocketChannelImpl.checkConnect(Native Method)
	at sun.nio.ch.SocketChannelImpl.finishConnect(SocketChannelImpl.java:717)
	at org.apache.ratis.thirdparty.io.netty.channel.socket.nio.NioSocketChannel.doFinishConnect(NioSocketChannel.java:327)
	at org.apache.ratis.thirdparty.io.netty.channel.nio.AbstractNioChannel$AbstractNioUnsafe.finishConnect(AbstractNioChannel.java:340)
	at org.apache.ratis.thirdparty.io.netty.channel.nio.NioEventLoop.processSelectedKey(NioEventLoop.java:632)
	at org.apache.ratis.thirdparty.io.netty.channel.nio.NioEventLoop.processSelectedKeysOptimized(NioEventLoop.java:579)
	at org.apache.ratis.thirdparty.io.netty.channel.nio.NioEventLoop.processSelectedKeys(NioEventLoop.java:496)
	at org.apache.ratis.thirdparty.io.netty.channel.nio.NioEventLoop.run(NioEventLoop.java:458)
	at org.apache.ratis.thirdparty.io.netty.util.concurrent.SingleThreadEventExecutor$5.run(SingleThreadEventExecutor.java:897)
	at org.apache.ratis.thirdparty.io.netty.util.concurrent.FastThreadLocalRunnable.run(FastThreadLocalRunnable.java:30)
	... 1 more
Caused by: java.net.ConnectException: Connection refused
	... 11 more
2019-10-16 11:36:22,653 [a3132885-145f-4a8c-85f4-c10eb874732d@group-2077DD483DC7-LeaderElection517] INFO  impl.LeaderElection (LogUtils.java:infoOrTrace(149)) - a3132885-145f-4a8c-85f4-c10eb874732d@group-2077DD483DC7-LeaderElection517 got exception when requesting votes: {}
java.util.concurrent.ExecutionException: org.apache.ratis.thirdparty.io.grpc.StatusRuntimeException: UNAVAILABLE: io exception
	at java.util.concurrent.FutureTask.report(FutureTask.java:122)
	at java.util.concurrent.FutureTask.get(FutureTask.java:192)
	at org.apache.ratis.server.impl.LeaderElection.waitForResults(LeaderElection.java:259)
	at org.apache.ratis.server.impl.LeaderElection.askForVotes(LeaderElection.java:197)
	at org.apache.ratis.server.impl.LeaderElection.run(LeaderElection.java:133)
	at java.lang.Thread.run(Thread.java:748)
Caused by: org.apache.ratis.thirdparty.io.grpc.StatusRuntimeException: UNAVAILABLE: io exception
	at org.apache.ratis.thirdparty.io.grpc.stub.ClientCalls.toStatusRuntimeException(ClientCalls.java:233)
	at org.apache.ratis.thirdparty.io.grpc.stub.ClientCalls.getUnchecked(ClientCalls.java:214)
	at org.apache.ratis.thirdparty.io.grpc.stub.ClientCalls.blockingUnaryCall(ClientCalls.java:139)
	at org.apache.ratis.proto.grpc.RaftServerProtocolServiceGrpc$RaftServerProtocolServiceBlockingStub.requestVote(RaftServerProtocolServiceGrpc.java:265)
	at org.apache.ratis.grpc.server.GrpcServerProtocolClient.requestVote(GrpcServerProtocolClient.java:99)
	at org.apache.ratis.grpc.server.GrpcService.requestVote(GrpcService.java:204)
	at org.apache.ratis.server.impl.LeaderElection.lambda$submitRequests$1(LeaderElection.java:234)
	at java.util.concurrent.FutureTask.run(FutureTask.java:266)
	at java.util.concurrent.Executors$RunnableAdapter.call(Executors.java:511)
	at java.util.concurrent.FutureTask.run(FutureTask.java:266)
	at java.util.concurrent.ThreadPoolExecutor.runWorker(ThreadPoolExecutor.java:1149)
	at java.util.concurrent.ThreadPoolExecutor$Worker.run(ThreadPoolExecutor.java:624)
	... 1 more
Caused by: org.apache.ratis.thirdparty.io.netty.channel.AbstractChannel$AnnotatedConnectException: Connection refused: /192.168.157.203:33208
	at sun.nio.ch.SocketChannelImpl.checkConnect(Native Method)
	at sun.nio.ch.SocketChannelImpl.finishConnect(SocketChannelImpl.java:717)
	at org.apache.ratis.thirdparty.io.netty.channel.socket.nio.NioSocketChannel.doFinishConnect(NioSocketChannel.java:327)
	at org.apache.ratis.thirdparty.io.netty.channel.nio.AbstractNioChannel$AbstractNioUnsafe.finishConnect(AbstractNioChannel.java:340)
	at org.apache.ratis.thirdparty.io.netty.channel.nio.NioEventLoop.processSelectedKey(NioEventLoop.java:632)
	at org.apache.ratis.thirdparty.io.netty.channel.nio.NioEventLoop.processSelectedKeysOptimized(NioEventLoop.java:579)
	at org.apache.ratis.thirdparty.io.netty.channel.nio.NioEventLoop.processSelectedKeys(NioEventLoop.java:496)
	at org.apache.ratis.thirdparty.io.netty.channel.nio.NioEventLoop.run(NioEventLoop.java:458)
	at org.apache.ratis.thirdparty.io.netty.util.concurrent.SingleThreadEventExecutor$5.run(SingleThreadEventExecutor.java:897)
	at org.apache.ratis.thirdparty.io.netty.util.concurrent.FastThreadLocalRunnable.run(FastThreadLocalRunnable.java:30)
	... 1 more
Caused by: java.net.ConnectException: Connection refused
	... 11 more
2019-10-16 11:36:22,654 [a3132885-145f-4a8c-85f4-c10eb874732d@group-2077DD483DC7-LeaderElection517] INFO  impl.LeaderElection (LeaderElection.java:logAndReturn(56)) - a3132885-145f-4a8c-85f4-c10eb874732d@group-2077DD483DC7-LeaderElection517: Election REJECTED; received 0 response(s) [] and 2 exception(s); a3132885-145f-4a8c-85f4-c10eb874732d@group-2077DD483DC7:t345, leader=null, voted=a3132885-145f-4a8c-85f4-c10eb874732d, raftlog=a3132885-145f-4a8c-85f4-c10eb874732d@group-2077DD483DC7-SegmentedRaftLog:OPENED:c-1,f-1,i0, conf=-1: [163587bb-2c3b-4498-b576-18147cf38274:192.168.157.203:33208, a3132885-145f-4a8c-85f4-c10eb874732d:192.168.157.203:46766, 70b633f6-b230-4b9f-87f3-510da88f1e08:192.168.157.203:43163], old=null
2019-10-16 11:36:22,654 [a3132885-145f-4a8c-85f4-c10eb874732d@group-2077DD483DC7-LeaderElection517] INFO  impl.LeaderElection (LogUtils.java:infoOrTrace(149)) -   Exception 0: {}
java.util.concurrent.ExecutionException: org.apache.ratis.thirdparty.io.grpc.StatusRuntimeException: UNAVAILABLE: io exception
	at java.util.concurrent.FutureTask.report(FutureTask.java:122)
	at java.util.concurrent.FutureTask.get(FutureTask.java:192)
	at org.apache.ratis.server.impl.LeaderElection.waitForResults(LeaderElection.java:259)
	at org.apache.ratis.server.impl.LeaderElection.askForVotes(LeaderElection.java:197)
	at org.apache.ratis.server.impl.LeaderElection.run(LeaderElection.java:133)
	at java.lang.Thread.run(Thread.java:748)
Caused by: org.apache.ratis.thirdparty.io.grpc.StatusRuntimeException: UNAVAILABLE: io exception
	at org.apache.ratis.thirdparty.io.grpc.stub.ClientCalls.toStatusRuntimeException(ClientCalls.java:233)
	at org.apache.ratis.thirdparty.io.grpc.stub.ClientCalls.getUnchecked(ClientCalls.java:214)
	at org.apache.ratis.thirdparty.io.grpc.stub.ClientCalls.blockingUnaryCall(ClientCalls.java:139)
	at org.apache.ratis.proto.grpc.RaftServerProtocolServiceGrpc$RaftServerProtocolServiceBlockingStub.requestVote(RaftServerProtocolServiceGrpc.java:265)
	at org.apache.ratis.grpc.server.GrpcServerProtocolClient.requestVote(GrpcServerProtocolClient.java:99)
	at org.apache.ratis.grpc.server.GrpcService.requestVote(GrpcService.java:204)
	at org.apache.ratis.server.impl.LeaderElection.lambda$submitRequests$1(LeaderElection.java:234)
	at java.util.concurrent.FutureTask.run(FutureTask.java:266)
	at java.util.concurrent.Executors$RunnableAdapter.call(Executors.java:511)
	at java.util.concurrent.FutureTask.run(FutureTask.java:266)
	at java.util.concurrent.ThreadPoolExecutor.runWorker(ThreadPoolExecutor.java:1149)
	at java.util.concurrent.ThreadPoolExecutor$Worker.run(ThreadPoolExecutor.java:624)
	... 1 more
Caused by: org.apache.ratis.thirdparty.io.netty.channel.AbstractChannel$AnnotatedConnectException: Connection refused: /192.168.157.203:43163
	at sun.nio.ch.SocketChannelImpl.checkConnect(Native Method)
	at sun.nio.ch.SocketChannelImpl.finishConnect(SocketChannelImpl.java:717)
	at org.apache.ratis.thirdparty.io.netty.channel.socket.nio.NioSocketChannel.doFinishConnect(NioSocketChannel.java:327)
	at org.apache.ratis.thirdparty.io.netty.channel.nio.AbstractNioChannel$AbstractNioUnsafe.finishConnect(AbstractNioChannel.java:340)
	at org.apache.ratis.thirdparty.io.netty.channel.nio.NioEventLoop.processSelectedKey(NioEventLoop.java:632)
	at org.apache.ratis.thirdparty.io.netty.channel.nio.NioEventLoop.processSelectedKeysOptimized(NioEventLoop.java:579)
	at org.apache.ratis.thirdparty.io.netty.channel.nio.NioEventLoop.processSelectedKeys(NioEventLoop.java:496)
	at org.apache.ratis.thirdparty.io.netty.channel.nio.NioEventLoop.run(NioEventLoop.java:458)
	at org.apache.ratis.thirdparty.io.netty.util.concurrent.SingleThreadEventExecutor$5.run(SingleThreadEventExecutor.java:897)
	at org.apache.ratis.thirdparty.io.netty.util.concurrent.FastThreadLocalRunnable.run(FastThreadLocalRunnable.java:30)
	... 1 more
Caused by: java.net.ConnectException: Connection refused
	... 11 more
2019-10-16 11:36:22,654 [a3132885-145f-4a8c-85f4-c10eb874732d@group-2077DD483DC7-LeaderElection517] INFO  impl.LeaderElection (LogUtils.java:infoOrTrace(149)) -   Exception 1: {}
java.util.concurrent.ExecutionException: org.apache.ratis.thirdparty.io.grpc.StatusRuntimeException: UNAVAILABLE: io exception
	at java.util.concurrent.FutureTask.report(FutureTask.java:122)
	at java.util.concurrent.FutureTask.get(FutureTask.java:192)
	at org.apache.ratis.server.impl.LeaderElection.waitForResults(LeaderElection.java:259)
	at org.apache.ratis.server.impl.LeaderElection.askForVotes(LeaderElection.java:197)
	at org.apache.ratis.server.impl.LeaderElection.run(LeaderElection.java:133)
	at java.lang.Thread.run(Thread.java:748)
Caused by: org.apache.ratis.thirdparty.io.grpc.StatusRuntimeException: UNAVAILABLE: io exception
	at org.apache.ratis.thirdparty.io.grpc.stub.ClientCalls.toStatusRuntimeException(ClientCalls.java:233)
	at org.apache.ratis.thirdparty.io.grpc.stub.ClientCalls.getUnchecked(ClientCalls.java:214)
	at org.apache.ratis.thirdparty.io.grpc.stub.ClientCalls.blockingUnaryCall(ClientCalls.java:139)
	at org.apache.ratis.proto.grpc.RaftServerProtocolServiceGrpc$RaftServerProtocolServiceBlockingStub.requestVote(RaftServerProtocolServiceGrpc.java:265)
	at org.apache.ratis.grpc.server.GrpcServerProtocolClient.requestVote(GrpcServerProtocolClient.java:99)
	at org.apache.ratis.grpc.server.GrpcService.requestVote(GrpcService.java:204)
	at org.apache.ratis.server.impl.LeaderElection.lambda$submitRequests$1(LeaderElection.java:234)
	at java.util.concurrent.FutureTask.run(FutureTask.java:266)
	at java.util.concurrent.Executors$RunnableAdapter.call(Executors.java:511)
	at java.util.concurrent.FutureTask.run(FutureTask.java:266)
	at java.util.concurrent.ThreadPoolExecutor.runWorker(ThreadPoolExecutor.java:1149)
	at java.util.concurrent.ThreadPoolExecutor$Worker.run(ThreadPoolExecutor.java:624)
	... 1 more
Caused by: org.apache.ratis.thirdparty.io.netty.channel.AbstractChannel$AnnotatedConnectException: Connection refused: /192.168.157.203:33208
	at sun.nio.ch.SocketChannelImpl.checkConnect(Native Method)
	at sun.nio.ch.SocketChannelImpl.finishConnect(SocketChannelImpl.java:717)
	at org.apache.ratis.thirdparty.io.netty.channel.socket.nio.NioSocketChannel.doFinishConnect(NioSocketChannel.java:327)
	at org.apache.ratis.thirdparty.io.netty.channel.nio.AbstractNioChannel$AbstractNioUnsafe.finishConnect(AbstractNioChannel.java:340)
	at org.apache.ratis.thirdparty.io.netty.channel.nio.NioEventLoop.processSelectedKey(NioEventLoop.java:632)
	at org.apache.ratis.thirdparty.io.netty.channel.nio.NioEventLoop.processSelectedKeysOptimized(NioEventLoop.java:579)
	at org.apache.ratis.thirdparty.io.netty.channel.nio.NioEventLoop.processSelectedKeys(NioEventLoop.java:496)
	at org.apache.ratis.thirdparty.io.netty.channel.nio.NioEventLoop.run(NioEventLoop.java:458)
	at org.apache.ratis.thirdparty.io.netty.util.concurrent.SingleThreadEventExecutor$5.run(SingleThreadEventExecutor.java:897)
	at org.apache.ratis.thirdparty.io.netty.util.concurrent.FastThreadLocalRunnable.run(FastThreadLocalRunnable.java:30)
	... 1 more
Caused by: java.net.ConnectException: Connection refused
	... 11 more
2019-10-16 11:36:22,654 [a3132885-145f-4a8c-85f4-c10eb874732d@group-2077DD483DC7-LeaderElection517] INFO  impl.RaftServerImpl (RaftServerImpl.java:setRole(184)) - a3132885-145f-4a8c-85f4-c10eb874732d@group-2077DD483DC7: changes role from CANDIDATE to FOLLOWER at term 345 for DISCOVERED_A_NEW_TERM
2019-10-16 11:36:22,655 [a3132885-145f-4a8c-85f4-c10eb874732d@group-2077DD483DC7-LeaderElection517] INFO  impl.RoleInfo (RoleInfo.java:shutdownLeaderElection(134)) - a3132885-145f-4a8c-85f4-c10eb874732d: shutdown LeaderElection
2019-10-16 11:36:22,655 [a3132885-145f-4a8c-85f4-c10eb874732d@group-2077DD483DC7-LeaderElection517] INFO  impl.RoleInfo (RoleInfo.java:updateAndGet(143)) - a3132885-145f-4a8c-85f4-c10eb874732d: start FollowerState
2019-10-16 11:36:22,730 [Thread-3743] INFO  impl.FollowerState (FollowerState.java:run(108)) - a3132885-145f-4a8c-85f4-c10eb874732d@group-2077DD483DC7-FollowerState: change to CANDIDATE, lastRpcTime:75ms, electionTimeout:75ms
2019-10-16 11:36:22,730 [Thread-3743] INFO  impl.RoleInfo (RoleInfo.java:shutdownFollowerState(121)) - a3132885-145f-4a8c-85f4-c10eb874732d: shutdown FollowerState
2019-10-16 11:36:22,730 [Thread-3743] INFO  impl.RaftServerImpl (RaftServerImpl.java:setRole(184)) - a3132885-145f-4a8c-85f4-c10eb874732d@group-2077DD483DC7: changes role from  FOLLOWER to CANDIDATE at term 345 for changeToCandidate
2019-10-16 11:36:22,731 [Thread-3743] INFO  impl.RoleInfo (RoleInfo.java:updateAndGet(143)) - a3132885-145f-4a8c-85f4-c10eb874732d: start LeaderElection
2019-10-16 11:36:22,745 [a3132885-145f-4a8c-85f4-c10eb874732d@group-2077DD483DC7-LeaderElection518] INFO  impl.LeaderElection (LeaderElection.java:askForVotes(178)) - a3132885-145f-4a8c-85f4-c10eb874732d@group-2077DD483DC7-LeaderElection518: begin an election at term 346 for -1: [163587bb-2c3b-4498-b576-18147cf38274:192.168.157.203:33208, a3132885-145f-4a8c-85f4-c10eb874732d:192.168.157.203:46766, 70b633f6-b230-4b9f-87f3-510da88f1e08:192.168.157.203:43163], old=null
2019-10-16 11:36:22,746 [a3132885-145f-4a8c-85f4-c10eb874732d@group-2077DD483DC7-LeaderElection518] INFO  impl.LeaderElection (LogUtils.java:infoOrTrace(149)) - a3132885-145f-4a8c-85f4-c10eb874732d@group-2077DD483DC7-LeaderElection518 got exception when requesting votes: {}
java.util.concurrent.ExecutionException: org.apache.ratis.thirdparty.io.grpc.StatusRuntimeException: UNAVAILABLE: io exception
	at java.util.concurrent.FutureTask.report(FutureTask.java:122)
	at java.util.concurrent.FutureTask.get(FutureTask.java:192)
	at org.apache.ratis.server.impl.LeaderElection.waitForResults(LeaderElection.java:259)
	at org.apache.ratis.server.impl.LeaderElection.askForVotes(LeaderElection.java:197)
	at org.apache.ratis.server.impl.LeaderElection.run(LeaderElection.java:133)
	at java.lang.Thread.run(Thread.java:748)
Caused by: org.apache.ratis.thirdparty.io.grpc.StatusRuntimeException: UNAVAILABLE: io exception
	at org.apache.ratis.thirdparty.io.grpc.stub.ClientCalls.toStatusRuntimeException(ClientCalls.java:233)
	at org.apache.ratis.thirdparty.io.grpc.stub.ClientCalls.getUnchecked(ClientCalls.java:214)
	at org.apache.ratis.thirdparty.io.grpc.stub.ClientCalls.blockingUnaryCall(ClientCalls.java:139)
	at org.apache.ratis.proto.grpc.RaftServerProtocolServiceGrpc$RaftServerProtocolServiceBlockingStub.requestVote(RaftServerProtocolServiceGrpc.java:265)
	at org.apache.ratis.grpc.server.GrpcServerProtocolClient.requestVote(GrpcServerProtocolClient.java:99)
	at org.apache.ratis.grpc.server.GrpcService.requestVote(GrpcService.java:204)
	at org.apache.ratis.server.impl.LeaderElection.lambda$submitRequests$1(LeaderElection.java:234)
	at java.util.concurrent.FutureTask.run(FutureTask.java:266)
	at java.util.concurrent.Executors$RunnableAdapter.call(Executors.java:511)
	at java.util.concurrent.FutureTask.run(FutureTask.java:266)
	at java.util.concurrent.ThreadPoolExecutor.runWorker(ThreadPoolExecutor.java:1149)
	at java.util.concurrent.ThreadPoolExecutor$Worker.run(ThreadPoolExecutor.java:624)
	... 1 more
Caused by: org.apache.ratis.thirdparty.io.netty.channel.AbstractChannel$AnnotatedConnectException: Connection refused: /192.168.157.203:33208
	at sun.nio.ch.SocketChannelImpl.checkConnect(Native Method)
	at sun.nio.ch.SocketChannelImpl.finishConnect(SocketChannelImpl.java:717)
	at org.apache.ratis.thirdparty.io.netty.channel.socket.nio.NioSocketChannel.doFinishConnect(NioSocketChannel.java:327)
	at org.apache.ratis.thirdparty.io.netty.channel.nio.AbstractNioChannel$AbstractNioUnsafe.finishConnect(AbstractNioChannel.java:340)
	at org.apache.ratis.thirdparty.io.netty.channel.nio.NioEventLoop.processSelectedKey(NioEventLoop.java:632)
	at org.apache.ratis.thirdparty.io.netty.channel.nio.NioEventLoop.processSelectedKeysOptimized(NioEventLoop.java:579)
	at org.apache.ratis.thirdparty.io.netty.channel.nio.NioEventLoop.processSelectedKeys(NioEventLoop.java:496)
	at org.apache.ratis.thirdparty.io.netty.channel.nio.NioEventLoop.run(NioEventLoop.java:458)
	at org.apache.ratis.thirdparty.io.netty.util.concurrent.SingleThreadEventExecutor$5.run(SingleThreadEventExecutor.java:897)
	at org.apache.ratis.thirdparty.io.netty.util.concurrent.FastThreadLocalRunnable.run(FastThreadLocalRunnable.java:30)
	... 1 more
Caused by: java.net.ConnectException: Connection refused
	... 11 more
2019-10-16 11:36:22,746 [a3132885-145f-4a8c-85f4-c10eb874732d@group-2077DD483DC7-LeaderElection518] INFO  impl.LeaderElection (LogUtils.java:infoOrTrace(149)) - a3132885-145f-4a8c-85f4-c10eb874732d@group-2077DD483DC7-LeaderElection518 got exception when requesting votes: {}
java.util.concurrent.ExecutionException: org.apache.ratis.thirdparty.io.grpc.StatusRuntimeException: UNAVAILABLE: io exception
	at java.util.concurrent.FutureTask.report(FutureTask.java:122)
	at java.util.concurrent.FutureTask.get(FutureTask.java:192)
	at org.apache.ratis.server.impl.LeaderElection.waitForResults(LeaderElection.java:259)
	at org.apache.ratis.server.impl.LeaderElection.askForVotes(LeaderElection.java:197)
	at org.apache.ratis.server.impl.LeaderElection.run(LeaderElection.java:133)
	at java.lang.Thread.run(Thread.java:748)
Caused by: org.apache.ratis.thirdparty.io.grpc.StatusRuntimeException: UNAVAILABLE: io exception
	at org.apache.ratis.thirdparty.io.grpc.stub.ClientCalls.toStatusRuntimeException(ClientCalls.java:233)
	at org.apache.ratis.thirdparty.io.grpc.stub.ClientCalls.getUnchecked(ClientCalls.java:214)
	at org.apache.ratis.thirdparty.io.grpc.stub.ClientCalls.blockingUnaryCall(ClientCalls.java:139)
	at org.apache.ratis.proto.grpc.RaftServerProtocolServiceGrpc$RaftServerProtocolServiceBlockingStub.requestVote(RaftServerProtocolServiceGrpc.java:265)
	at org.apache.ratis.grpc.server.GrpcServerProtocolClient.requestVote(GrpcServerProtocolClient.java:99)
	at org.apache.ratis.grpc.server.GrpcService.requestVote(GrpcService.java:204)
	at org.apache.ratis.server.impl.LeaderElection.lambda$submitRequests$1(LeaderElection.java:234)
	at java.util.concurrent.FutureTask.run(FutureTask.java:266)
	at java.util.concurrent.Executors$RunnableAdapter.call(Executors.java:511)
	at java.util.concurrent.FutureTask.run(FutureTask.java:266)
	at java.util.concurrent.ThreadPoolExecutor.runWorker(ThreadPoolExecutor.java:1149)
	at java.util.concurrent.ThreadPoolExecutor$Worker.run(ThreadPoolExecutor.java:624)
	... 1 more
Caused by: org.apache.ratis.thirdparty.io.netty.channel.AbstractChannel$AnnotatedConnectException: Connection refused: /192.168.157.203:43163
	at sun.nio.ch.SocketChannelImpl.checkConnect(Native Method)
	at sun.nio.ch.SocketChannelImpl.finishConnect(SocketChannelImpl.java:717)
	at org.apache.ratis.thirdparty.io.netty.channel.socket.nio.NioSocketChannel.doFinishConnect(NioSocketChannel.java:327)
	at org.apache.ratis.thirdparty.io.netty.channel.nio.AbstractNioChannel$AbstractNioUnsafe.finishConnect(AbstractNioChannel.java:340)
	at org.apache.ratis.thirdparty.io.netty.channel.nio.NioEventLoop.processSelectedKey(NioEventLoop.java:632)
	at org.apache.ratis.thirdparty.io.netty.channel.nio.NioEventLoop.processSelectedKeysOptimized(NioEventLoop.java:579)
	at org.apache.ratis.thirdparty.io.netty.channel.nio.NioEventLoop.processSelectedKeys(NioEventLoop.java:496)
	at org.apache.ratis.thirdparty.io.netty.channel.nio.NioEventLoop.run(NioEventLoop.java:458)
	at org.apache.ratis.thirdparty.io.netty.util.concurrent.SingleThreadEventExecutor$5.run(SingleThreadEventExecutor.java:897)
	at org.apache.ratis.thirdparty.io.netty.util.concurrent.FastThreadLocalRunnable.run(FastThreadLocalRunnable.java:30)
	... 1 more
Caused by: java.net.ConnectException: Connection refused
	... 11 more
2019-10-16 11:36:22,747 [a3132885-145f-4a8c-85f4-c10eb874732d@group-2077DD483DC7-LeaderElection518] INFO  impl.LeaderElection (LeaderElection.java:logAndReturn(56)) - a3132885-145f-4a8c-85f4-c10eb874732d@group-2077DD483DC7-LeaderElection518: Election REJECTED; received 0 response(s) [] and 2 exception(s); a3132885-145f-4a8c-85f4-c10eb874732d@group-2077DD483DC7:t346, leader=null, voted=a3132885-145f-4a8c-85f4-c10eb874732d, raftlog=a3132885-145f-4a8c-85f4-c10eb874732d@group-2077DD483DC7-SegmentedRaftLog:OPENED:c-1,f-1,i0, conf=-1: [163587bb-2c3b-4498-b576-18147cf38274:192.168.157.203:33208, a3132885-145f-4a8c-85f4-c10eb874732d:192.168.157.203:46766, 70b633f6-b230-4b9f-87f3-510da88f1e08:192.168.157.203:43163], old=null
2019-10-16 11:36:22,747 [a3132885-145f-4a8c-85f4-c10eb874732d@group-2077DD483DC7-LeaderElection518] INFO  impl.LeaderElection (LogUtils.java:infoOrTrace(149)) -   Exception 0: {}
java.util.concurrent.ExecutionException: org.apache.ratis.thirdparty.io.grpc.StatusRuntimeException: UNAVAILABLE: io exception
	at java.util.concurrent.FutureTask.report(FutureTask.java:122)
	at java.util.concurrent.FutureTask.get(FutureTask.java:192)
	at org.apache.ratis.server.impl.LeaderElection.waitForResults(LeaderElection.java:259)
	at org.apache.ratis.server.impl.LeaderElection.askForVotes(LeaderElection.java:197)
	at org.apache.ratis.server.impl.LeaderElection.run(LeaderElection.java:133)
	at java.lang.Thread.run(Thread.java:748)
Caused by: org.apache.ratis.thirdparty.io.grpc.StatusRuntimeException: UNAVAILABLE: io exception
	at org.apache.ratis.thirdparty.io.grpc.stub.ClientCalls.toStatusRuntimeException(ClientCalls.java:233)
	at org.apache.ratis.thirdparty.io.grpc.stub.ClientCalls.getUnchecked(ClientCalls.java:214)
	at org.apache.ratis.thirdparty.io.grpc.stub.ClientCalls.blockingUnaryCall(ClientCalls.java:139)
	at org.apache.ratis.proto.grpc.RaftServerProtocolServiceGrpc$RaftServerProtocolServiceBlockingStub.requestVote(RaftServerProtocolServiceGrpc.java:265)
	at org.apache.ratis.grpc.server.GrpcServerProtocolClient.requestVote(GrpcServerProtocolClient.java:99)
	at org.apache.ratis.grpc.server.GrpcService.requestVote(GrpcService.java:204)
	at org.apache.ratis.server.impl.LeaderElection.lambda$submitRequests$1(LeaderElection.java:234)
	at java.util.concurrent.FutureTask.run(FutureTask.java:266)
	at java.util.concurrent.Executors$RunnableAdapter.call(Executors.java:511)
	at java.util.concurrent.FutureTask.run(FutureTask.java:266)
	at java.util.concurrent.ThreadPoolExecutor.runWorker(ThreadPoolExecutor.java:1149)
	at java.util.concurrent.ThreadPoolExecutor$Worker.run(ThreadPoolExecutor.java:624)
	... 1 more
Caused by: org.apache.ratis.thirdparty.io.netty.channel.AbstractChannel$AnnotatedConnectException: Connection refused: /192.168.157.203:33208
	at sun.nio.ch.SocketChannelImpl.checkConnect(Native Method)
	at sun.nio.ch.SocketChannelImpl.finishConnect(SocketChannelImpl.java:717)
	at org.apache.ratis.thirdparty.io.netty.channel.socket.nio.NioSocketChannel.doFinishConnect(NioSocketChannel.java:327)
	at org.apache.ratis.thirdparty.io.netty.channel.nio.AbstractNioChannel$AbstractNioUnsafe.finishConnect(AbstractNioChannel.java:340)
	at org.apache.ratis.thirdparty.io.netty.channel.nio.NioEventLoop.processSelectedKey(NioEventLoop.java:632)
	at org.apache.ratis.thirdparty.io.netty.channel.nio.NioEventLoop.processSelectedKeysOptimized(NioEventLoop.java:579)
	at org.apache.ratis.thirdparty.io.netty.channel.nio.NioEventLoop.processSelectedKeys(NioEventLoop.java:496)
	at org.apache.ratis.thirdparty.io.netty.channel.nio.NioEventLoop.run(NioEventLoop.java:458)
	at org.apache.ratis.thirdparty.io.netty.util.concurrent.SingleThreadEventExecutor$5.run(SingleThreadEventExecutor.java:897)
	at org.apache.ratis.thirdparty.io.netty.util.concurrent.FastThreadLocalRunnable.run(FastThreadLocalRunnable.java:30)
	... 1 more
Caused by: java.net.ConnectException: Connection refused
	... 11 more
2019-10-16 11:36:22,748 [a3132885-145f-4a8c-85f4-c10eb874732d@group-2077DD483DC7-LeaderElection518] INFO  impl.LeaderElection (LogUtils.java:infoOrTrace(149)) -   Exception 1: {}
java.util.concurrent.ExecutionException: org.apache.ratis.thirdparty.io.grpc.StatusRuntimeException: UNAVAILABLE: io exception
	at java.util.concurrent.FutureTask.report(FutureTask.java:122)
	at java.util.concurrent.FutureTask.get(FutureTask.java:192)
	at org.apache.ratis.server.impl.LeaderElection.waitForResults(LeaderElection.java:259)
	at org.apache.ratis.server.impl.LeaderElection.askForVotes(LeaderElection.java:197)
	at org.apache.ratis.server.impl.LeaderElection.run(LeaderElection.java:133)
	at java.lang.Thread.run(Thread.java:748)
Caused by: org.apache.ratis.thirdparty.io.grpc.StatusRuntimeException: UNAVAILABLE: io exception
	at org.apache.ratis.thirdparty.io.grpc.stub.ClientCalls.toStatusRuntimeException(ClientCalls.java:233)
	at org.apache.ratis.thirdparty.io.grpc.stub.ClientCalls.getUnchecked(ClientCalls.java:214)
	at org.apache.ratis.thirdparty.io.grpc.stub.ClientCalls.blockingUnaryCall(ClientCalls.java:139)
	at org.apache.ratis.proto.grpc.RaftServerProtocolServiceGrpc$RaftServerProtocolServiceBlockingStub.requestVote(RaftServerProtocolServiceGrpc.java:265)
	at org.apache.ratis.grpc.server.GrpcServerProtocolClient.requestVote(GrpcServerProtocolClient.java:99)
	at org.apache.ratis.grpc.server.GrpcService.requestVote(GrpcService.java:204)
	at org.apache.ratis.server.impl.LeaderElection.lambda$submitRequests$1(LeaderElection.java:234)
	at java.util.concurrent.FutureTask.run(FutureTask.java:266)
	at java.util.concurrent.Executors$RunnableAdapter.call(Executors.java:511)
	at java.util.concurrent.FutureTask.run(FutureTask.java:266)
	at java.util.concurrent.ThreadPoolExecutor.runWorker(ThreadPoolExecutor.java:1149)
	at java.util.concurrent.ThreadPoolExecutor$Worker.run(ThreadPoolExecutor.java:624)
	... 1 more
Caused by: org.apache.ratis.thirdparty.io.netty.channel.AbstractChannel$AnnotatedConnectException: Connection refused: /192.168.157.203:43163
	at sun.nio.ch.SocketChannelImpl.checkConnect(Native Method)
	at sun.nio.ch.SocketChannelImpl.finishConnect(SocketChannelImpl.java:717)
	at org.apache.ratis.thirdparty.io.netty.channel.socket.nio.NioSocketChannel.doFinishConnect(NioSocketChannel.java:327)
	at org.apache.ratis.thirdparty.io.netty.channel.nio.AbstractNioChannel$AbstractNioUnsafe.finishConnect(AbstractNioChannel.java:340)
	at org.apache.ratis.thirdparty.io.netty.channel.nio.NioEventLoop.processSelectedKey(NioEventLoop.java:632)
	at org.apache.ratis.thirdparty.io.netty.channel.nio.NioEventLoop.processSelectedKeysOptimized(NioEventLoop.java:579)
	at org.apache.ratis.thirdparty.io.netty.channel.nio.NioEventLoop.processSelectedKeys(NioEventLoop.java:496)
	at org.apache.ratis.thirdparty.io.netty.channel.nio.NioEventLoop.run(NioEventLoop.java:458)
	at org.apache.ratis.thirdparty.io.netty.util.concurrent.SingleThreadEventExecutor$5.run(SingleThreadEventExecutor.java:897)
	at org.apache.ratis.thirdparty.io.netty.util.concurrent.FastThreadLocalRunnable.run(FastThreadLocalRunnable.java:30)
	... 1 more
Caused by: java.net.ConnectException: Connection refused
	... 11 more
2019-10-16 11:36:22,748 [a3132885-145f-4a8c-85f4-c10eb874732d@group-2077DD483DC7-LeaderElection518] INFO  impl.RaftServerImpl (RaftServerImpl.java:setRole(184)) - a3132885-145f-4a8c-85f4-c10eb874732d@group-2077DD483DC7: changes role from CANDIDATE to FOLLOWER at term 346 for DISCOVERED_A_NEW_TERM
2019-10-16 11:36:22,749 [a3132885-145f-4a8c-85f4-c10eb874732d@group-2077DD483DC7-LeaderElection518] INFO  impl.RoleInfo (RoleInfo.java:shutdownLeaderElection(134)) - a3132885-145f-4a8c-85f4-c10eb874732d: shutdown LeaderElection
2019-10-16 11:36:22,749 [a3132885-145f-4a8c-85f4-c10eb874732d@group-2077DD483DC7-LeaderElection518] INFO  impl.RoleInfo (RoleInfo.java:updateAndGet(143)) - a3132885-145f-4a8c-85f4-c10eb874732d: start FollowerState
2019-10-16 11:36:22,892 [Thread-3747] INFO  impl.FollowerState (FollowerState.java:run(108)) - a3132885-145f-4a8c-85f4-c10eb874732d@group-2077DD483DC7-FollowerState: change to CANDIDATE, lastRpcTime:143ms, electionTimeout:143ms
2019-10-16 11:36:22,892 [Thread-3747] INFO  impl.RoleInfo (RoleInfo.java:shutdownFollowerState(121)) - a3132885-145f-4a8c-85f4-c10eb874732d: shutdown FollowerState
2019-10-16 11:36:22,892 [Thread-3747] INFO  impl.RaftServerImpl (RaftServerImpl.java:setRole(184)) - a3132885-145f-4a8c-85f4-c10eb874732d@group-2077DD483DC7: changes role from  FOLLOWER to CANDIDATE at term 346 for changeToCandidate
2019-10-16 11:36:22,892 [Thread-3747] INFO  impl.RoleInfo (RoleInfo.java:updateAndGet(143)) - a3132885-145f-4a8c-85f4-c10eb874732d: start LeaderElection
2019-10-16 11:36:22,906 [a3132885-145f-4a8c-85f4-c10eb874732d@group-2077DD483DC7-LeaderElection519] INFO  impl.LeaderElection (LeaderElection.java:askForVotes(178)) - a3132885-145f-4a8c-85f4-c10eb874732d@group-2077DD483DC7-LeaderElection519: begin an election at term 347 for -1: [163587bb-2c3b-4498-b576-18147cf38274:192.168.157.203:33208, a3132885-145f-4a8c-85f4-c10eb874732d:192.168.157.203:46766, 70b633f6-b230-4b9f-87f3-510da88f1e08:192.168.157.203:43163], old=null
2019-10-16 11:36:22,907 [a3132885-145f-4a8c-85f4-c10eb874732d@group-2077DD483DC7-LeaderElection519] INFO  impl.LeaderElection (LogUtils.java:infoOrTrace(149)) - a3132885-145f-4a8c-85f4-c10eb874732d@group-2077DD483DC7-LeaderElection519 got exception when requesting votes: {}
java.util.concurrent.ExecutionException: org.apache.ratis.thirdparty.io.grpc.StatusRuntimeException: UNAVAILABLE: io exception
	at java.util.concurrent.FutureTask.report(FutureTask.java:122)
	at java.util.concurrent.FutureTask.get(FutureTask.java:192)
	at org.apache.ratis.server.impl.LeaderElection.waitForResults(LeaderElection.java:259)
	at org.apache.ratis.server.impl.LeaderElection.askForVotes(LeaderElection.java:197)
	at org.apache.ratis.server.impl.LeaderElection.run(LeaderElection.java:133)
	at java.lang.Thread.run(Thread.java:748)
Caused by: org.apache.ratis.thirdparty.io.grpc.StatusRuntimeException: UNAVAILABLE: io exception
	at org.apache.ratis.thirdparty.io.grpc.stub.ClientCalls.toStatusRuntimeException(ClientCalls.java:233)
	at org.apache.ratis.thirdparty.io.grpc.stub.ClientCalls.getUnchecked(ClientCalls.java:214)
	at org.apache.ratis.thirdparty.io.grpc.stub.ClientCalls.blockingUnaryCall(ClientCalls.java:139)
	at org.apache.ratis.proto.grpc.RaftServerProtocolServiceGrpc$RaftServerProtocolServiceBlockingStub.requestVote(RaftServerProtocolServiceGrpc.java:265)
	at org.apache.ratis.grpc.server.GrpcServerProtocolClient.requestVote(GrpcServerProtocolClient.java:99)
	at org.apache.ratis.grpc.server.GrpcService.requestVote(GrpcService.java:204)
	at org.apache.ratis.server.impl.LeaderElection.lambda$submitRequests$1(LeaderElection.java:234)
	at java.util.concurrent.FutureTask.run(FutureTask.java:266)
	at java.util.concurrent.Executors$RunnableAdapter.call(Executors.java:511)
	at java.util.concurrent.FutureTask.run(FutureTask.java:266)
	at java.util.concurrent.ThreadPoolExecutor.runWorker(ThreadPoolExecutor.java:1149)
	at java.util.concurrent.ThreadPoolExecutor$Worker.run(ThreadPoolExecutor.java:624)
	... 1 more
Caused by: org.apache.ratis.thirdparty.io.netty.channel.AbstractChannel$AnnotatedConnectException: Connection refused: /192.168.157.203:33208
	at sun.nio.ch.SocketChannelImpl.checkConnect(Native Method)
	at sun.nio.ch.SocketChannelImpl.finishConnect(SocketChannelImpl.java:717)
	at org.apache.ratis.thirdparty.io.netty.channel.socket.nio.NioSocketChannel.doFinishConnect(NioSocketChannel.java:327)
	at org.apache.ratis.thirdparty.io.netty.channel.nio.AbstractNioChannel$AbstractNioUnsafe.finishConnect(AbstractNioChannel.java:340)
	at org.apache.ratis.thirdparty.io.netty.channel.nio.NioEventLoop.processSelectedKey(NioEventLoop.java:632)
	at org.apache.ratis.thirdparty.io.netty.channel.nio.NioEventLoop.processSelectedKeysOptimized(NioEventLoop.java:579)
	at org.apache.ratis.thirdparty.io.netty.channel.nio.NioEventLoop.processSelectedKeys(NioEventLoop.java:496)
	at org.apache.ratis.thirdparty.io.netty.channel.nio.NioEventLoop.run(NioEventLoop.java:458)
	at org.apache.ratis.thirdparty.io.netty.util.concurrent.SingleThreadEventExecutor$5.run(SingleThreadEventExecutor.java:897)
	at org.apache.ratis.thirdparty.io.netty.util.concurrent.FastThreadLocalRunnable.run(FastThreadLocalRunnable.java:30)
	... 1 more
Caused by: java.net.ConnectException: Connection refused
	... 11 more
2019-10-16 11:36:22,908 [a3132885-145f-4a8c-85f4-c10eb874732d@group-2077DD483DC7-LeaderElection519] INFO  impl.LeaderElection (LogUtils.java:infoOrTrace(149)) - a3132885-145f-4a8c-85f4-c10eb874732d@group-2077DD483DC7-LeaderElection519 got exception when requesting votes: {}
java.util.concurrent.ExecutionException: org.apache.ratis.thirdparty.io.grpc.StatusRuntimeException: UNAVAILABLE: io exception
	at java.util.concurrent.FutureTask.report(FutureTask.java:122)
	at java.util.concurrent.FutureTask.get(FutureTask.java:192)
	at org.apache.ratis.server.impl.LeaderElection.waitForResults(LeaderElection.java:259)
	at org.apache.ratis.server.impl.LeaderElection.askForVotes(LeaderElection.java:197)
	at org.apache.ratis.server.impl.LeaderElection.run(LeaderElection.java:133)
	at java.lang.Thread.run(Thread.java:748)
Caused by: org.apache.ratis.thirdparty.io.grpc.StatusRuntimeException: UNAVAILABLE: io exception
	at org.apache.ratis.thirdparty.io.grpc.stub.ClientCalls.toStatusRuntimeException(ClientCalls.java:233)
	at org.apache.ratis.thirdparty.io.grpc.stub.ClientCalls.getUnchecked(ClientCalls.java:214)
	at org.apache.ratis.thirdparty.io.grpc.stub.ClientCalls.blockingUnaryCall(ClientCalls.java:139)
	at org.apache.ratis.proto.grpc.RaftServerProtocolServiceGrpc$RaftServerProtocolServiceBlockingStub.requestVote(RaftServerProtocolServiceGrpc.java:265)
	at org.apache.ratis.grpc.server.GrpcServerProtocolClient.requestVote(GrpcServerProtocolClient.java:99)
	at org.apache.ratis.grpc.server.GrpcService.requestVote(GrpcService.java:204)
	at org.apache.ratis.server.impl.LeaderElection.lambda$submitRequests$1(LeaderElection.java:234)
	at java.util.concurrent.FutureTask.run(FutureTask.java:266)
	at java.util.concurrent.Executors$RunnableAdapter.call(Executors.java:511)
	at java.util.concurrent.FutureTask.run(FutureTask.java:266)
	at java.util.concurrent.ThreadPoolExecutor.runWorker(ThreadPoolExecutor.java:1149)
	at java.util.concurrent.ThreadPoolExecutor$Worker.run(ThreadPoolExecutor.java:624)
	... 1 more
Caused by: org.apache.ratis.thirdparty.io.netty.channel.AbstractChannel$AnnotatedConnectException: Connection refused: /192.168.157.203:43163
	at sun.nio.ch.SocketChannelImpl.checkConnect(Native Method)
	at sun.nio.ch.SocketChannelImpl.finishConnect(SocketChannelImpl.java:717)
	at org.apache.ratis.thirdparty.io.netty.channel.socket.nio.NioSocketChannel.doFinishConnect(NioSocketChannel.java:327)
	at org.apache.ratis.thirdparty.io.netty.channel.nio.AbstractNioChannel$AbstractNioUnsafe.finishConnect(AbstractNioChannel.java:340)
	at org.apache.ratis.thirdparty.io.netty.channel.nio.NioEventLoop.processSelectedKey(NioEventLoop.java:632)
	at org.apache.ratis.thirdparty.io.netty.channel.nio.NioEventLoop.processSelectedKeysOptimized(NioEventLoop.java:579)
	at org.apache.ratis.thirdparty.io.netty.channel.nio.NioEventLoop.processSelectedKeys(NioEventLoop.java:496)
	at org.apache.ratis.thirdparty.io.netty.channel.nio.NioEventLoop.run(NioEventLoop.java:458)
	at org.apache.ratis.thirdparty.io.netty.util.concurrent.SingleThreadEventExecutor$5.run(SingleThreadEventExecutor.java:897)
	at org.apache.ratis.thirdparty.io.netty.util.concurrent.FastThreadLocalRunnable.run(FastThreadLocalRunnable.java:30)
	... 1 more
Caused by: java.net.ConnectException: Connection refused
	... 11 more
2019-10-16 11:36:22,908 [a3132885-145f-4a8c-85f4-c10eb874732d@group-2077DD483DC7-LeaderElection519] INFO  impl.LeaderElection (LeaderElection.java:logAndReturn(56)) - a3132885-145f-4a8c-85f4-c10eb874732d@group-2077DD483DC7-LeaderElection519: Election REJECTED; received 0 response(s) [] and 2 exception(s); a3132885-145f-4a8c-85f4-c10eb874732d@group-2077DD483DC7:t347, leader=null, voted=a3132885-145f-4a8c-85f4-c10eb874732d, raftlog=a3132885-145f-4a8c-85f4-c10eb874732d@group-2077DD483DC7-SegmentedRaftLog:OPENED:c-1,f-1,i0, conf=-1: [163587bb-2c3b-4498-b576-18147cf38274:192.168.157.203:33208, a3132885-145f-4a8c-85f4-c10eb874732d:192.168.157.203:46766, 70b633f6-b230-4b9f-87f3-510da88f1e08:192.168.157.203:43163], old=null
2019-10-16 11:36:22,908 [a3132885-145f-4a8c-85f4-c10eb874732d@group-2077DD483DC7-LeaderElection519] INFO  impl.LeaderElection (LogUtils.java:infoOrTrace(149)) -   Exception 0: {}
java.util.concurrent.ExecutionException: org.apache.ratis.thirdparty.io.grpc.StatusRuntimeException: UNAVAILABLE: io exception
	at java.util.concurrent.FutureTask.report(FutureTask.java:122)
	at java.util.concurrent.FutureTask.get(FutureTask.java:192)
	at org.apache.ratis.server.impl.LeaderElection.waitForResults(LeaderElection.java:259)
	at org.apache.ratis.server.impl.LeaderElection.askForVotes(LeaderElection.java:197)
	at org.apache.ratis.server.impl.LeaderElection.run(LeaderElection.java:133)
	at java.lang.Thread.run(Thread.java:748)
Caused by: org.apache.ratis.thirdparty.io.grpc.StatusRuntimeException: UNAVAILABLE: io exception
	at org.apache.ratis.thirdparty.io.grpc.stub.ClientCalls.toStatusRuntimeException(ClientCalls.java:233)
	at org.apache.ratis.thirdparty.io.grpc.stub.ClientCalls.getUnchecked(ClientCalls.java:214)
	at org.apache.ratis.thirdparty.io.grpc.stub.ClientCalls.blockingUnaryCall(ClientCalls.java:139)
	at org.apache.ratis.proto.grpc.RaftServerProtocolServiceGrpc$RaftServerProtocolServiceBlockingStub.requestVote(RaftServerProtocolServiceGrpc.java:265)
	at org.apache.ratis.grpc.server.GrpcServerProtocolClient.requestVote(GrpcServerProtocolClient.java:99)
	at org.apache.ratis.grpc.server.GrpcService.requestVote(GrpcService.java:204)
	at org.apache.ratis.server.impl.LeaderElection.lambda$submitRequests$1(LeaderElection.java:234)
	at java.util.concurrent.FutureTask.run(FutureTask.java:266)
	at java.util.concurrent.Executors$RunnableAdapter.call(Executors.java:511)
	at java.util.concurrent.FutureTask.run(FutureTask.java:266)
	at java.util.concurrent.ThreadPoolExecutor.runWorker(ThreadPoolExecutor.java:1149)
	at java.util.concurrent.ThreadPoolExecutor$Worker.run(ThreadPoolExecutor.java:624)
	... 1 more
Caused by: org.apache.ratis.thirdparty.io.netty.channel.AbstractChannel$AnnotatedConnectException: Connection refused: /192.168.157.203:33208
	at sun.nio.ch.SocketChannelImpl.checkConnect(Native Method)
	at sun.nio.ch.SocketChannelImpl.finishConnect(SocketChannelImpl.java:717)
	at org.apache.ratis.thirdparty.io.netty.channel.socket.nio.NioSocketChannel.doFinishConnect(NioSocketChannel.java:327)
	at org.apache.ratis.thirdparty.io.netty.channel.nio.AbstractNioChannel$AbstractNioUnsafe.finishConnect(AbstractNioChannel.java:340)
	at org.apache.ratis.thirdparty.io.netty.channel.nio.NioEventLoop.processSelectedKey(NioEventLoop.java:632)
	at org.apache.ratis.thirdparty.io.netty.channel.nio.NioEventLoop.processSelectedKeysOptimized(NioEventLoop.java:579)
	at org.apache.ratis.thirdparty.io.netty.channel.nio.NioEventLoop.processSelectedKeys(NioEventLoop.java:496)
	at org.apache.ratis.thirdparty.io.netty.channel.nio.NioEventLoop.run(NioEventLoop.java:458)
	at org.apache.ratis.thirdparty.io.netty.util.concurrent.SingleThreadEventExecutor$5.run(SingleThreadEventExecutor.java:897)
	at org.apache.ratis.thirdparty.io.netty.util.concurrent.FastThreadLocalRunnable.run(FastThreadLocalRunnable.java:30)
	... 1 more
Caused by: java.net.ConnectException: Connection refused
	... 11 more
2019-10-16 11:36:22,909 [a3132885-145f-4a8c-85f4-c10eb874732d@group-2077DD483DC7-LeaderElection519] INFO  impl.LeaderElection (LogUtils.java:infoOrTrace(149)) -   Exception 1: {}
java.util.concurrent.ExecutionException: org.apache.ratis.thirdparty.io.grpc.StatusRuntimeException: UNAVAILABLE: io exception
	at java.util.concurrent.FutureTask.report(FutureTask.java:122)
	at java.util.concurrent.FutureTask.get(FutureTask.java:192)
	at org.apache.ratis.server.impl.LeaderElection.waitForResults(LeaderElection.java:259)
	at org.apache.ratis.server.impl.LeaderElection.askForVotes(LeaderElection.java:197)
	at org.apache.ratis.server.impl.LeaderElection.run(LeaderElection.java:133)
	at java.lang.Thread.run(Thread.java:748)
Caused by: org.apache.ratis.thirdparty.io.grpc.StatusRuntimeException: UNAVAILABLE: io exception
	at org.apache.ratis.thirdparty.io.grpc.stub.ClientCalls.toStatusRuntimeException(ClientCalls.java:233)
	at org.apache.ratis.thirdparty.io.grpc.stub.ClientCalls.getUnchecked(ClientCalls.java:214)
	at org.apache.ratis.thirdparty.io.grpc.stub.ClientCalls.blockingUnaryCall(ClientCalls.java:139)
	at org.apache.ratis.proto.grpc.RaftServerProtocolServiceGrpc$RaftServerProtocolServiceBlockingStub.requestVote(RaftServerProtocolServiceGrpc.java:265)
	at org.apache.ratis.grpc.server.GrpcServerProtocolClient.requestVote(GrpcServerProtocolClient.java:99)
	at org.apache.ratis.grpc.server.GrpcService.requestVote(GrpcService.java:204)
	at org.apache.ratis.server.impl.LeaderElection.lambda$submitRequests$1(LeaderElection.java:234)
	at java.util.concurrent.FutureTask.run(FutureTask.java:266)
	at java.util.concurrent.Executors$RunnableAdapter.call(Executors.java:511)
	at java.util.concurrent.FutureTask.run(FutureTask.java:266)
	at java.util.concurrent.ThreadPoolExecutor.runWorker(ThreadPoolExecutor.java:1149)
	at java.util.concurrent.ThreadPoolExecutor$Worker.run(ThreadPoolExecutor.java:624)
	... 1 more
Caused by: org.apache.ratis.thirdparty.io.netty.channel.AbstractChannel$AnnotatedConnectException: Connection refused: /192.168.157.203:43163
	at sun.nio.ch.SocketChannelImpl.checkConnect(Native Method)
	at sun.nio.ch.SocketChannelImpl.finishConnect(SocketChannelImpl.java:717)
	at org.apache.ratis.thirdparty.io.netty.channel.socket.nio.NioSocketChannel.doFinishConnect(NioSocketChannel.java:327)
	at org.apache.ratis.thirdparty.io.netty.channel.nio.AbstractNioChannel$AbstractNioUnsafe.finishConnect(AbstractNioChannel.java:340)
	at org.apache.ratis.thirdparty.io.netty.channel.nio.NioEventLoop.processSelectedKey(NioEventLoop.java:632)
	at org.apache.ratis.thirdparty.io.netty.channel.nio.NioEventLoop.processSelectedKeysOptimized(NioEventLoop.java:579)
	at org.apache.ratis.thirdparty.io.netty.channel.nio.NioEventLoop.processSelectedKeys(NioEventLoop.java:496)
	at org.apache.ratis.thirdparty.io.netty.channel.nio.NioEventLoop.run(NioEventLoop.java:458)
	at org.apache.ratis.thirdparty.io.netty.util.concurrent.SingleThreadEventExecutor$5.run(SingleThreadEventExecutor.java:897)
	at org.apache.ratis.thirdparty.io.netty.util.concurrent.FastThreadLocalRunnable.run(FastThreadLocalRunnable.java:30)
	... 1 more
Caused by: java.net.ConnectException: Connection refused
	... 11 more
2019-10-16 11:36:22,909 [a3132885-145f-4a8c-85f4-c10eb874732d@group-2077DD483DC7-LeaderElection519] INFO  impl.RaftServerImpl (RaftServerImpl.java:setRole(184)) - a3132885-145f-4a8c-85f4-c10eb874732d@group-2077DD483DC7: changes role from CANDIDATE to FOLLOWER at term 347 for DISCOVERED_A_NEW_TERM
2019-10-16 11:36:22,909 [a3132885-145f-4a8c-85f4-c10eb874732d@group-2077DD483DC7-LeaderElection519] INFO  impl.RoleInfo (RoleInfo.java:shutdownLeaderElection(134)) - a3132885-145f-4a8c-85f4-c10eb874732d: shutdown LeaderElection
2019-10-16 11:36:22,909 [a3132885-145f-4a8c-85f4-c10eb874732d@group-2077DD483DC7-LeaderElection519] INFO  impl.RoleInfo (RoleInfo.java:updateAndGet(143)) - a3132885-145f-4a8c-85f4-c10eb874732d: start FollowerState
2019-10-16 11:36:22,999 [java.util.concurrent.ThreadPoolExecutor$Worker@1a001f89[State = -1, empty queue]] WARN  server.GrpcLogAppender (GrpcLogAppender.java:timeoutAppendRequest(209)) - 5c445d34-c031-481c-9d4b-8fbace1f61b8@group-8BBDE5791A04->857fec05-692a-4d09-bf1c-7d167682feae-GrpcLogAppender: appendEntries Timeout, request=5c445d34-c031-481c-9d4b-8fbace1f61b8->857fec05-692a-4d09-bf1c-7d167682feae#101-t6, previous=(t:6, i:21), leaderCommit=21, initializing? false, entries: <empty>
2019-10-16 11:36:23,043 [java.util.concurrent.ThreadPoolExecutor$Worker@2268bd8a[State = -1, empty queue]] WARN  server.GrpcLogAppender (GrpcLogAppender.java:timeoutAppendRequest(209)) - 5c445d34-c031-481c-9d4b-8fbace1f61b8@group-8BBDE5791A04->411bb2a3-40ef-4fc0-81ca-4490e6d37035-GrpcLogAppender: appendEntries Timeout, request=5c445d34-c031-481c-9d4b-8fbace1f61b8->411bb2a3-40ef-4fc0-81ca-4490e6d37035#102-t6, previous=(t:6, i:21), leaderCommit=21, initializing? false, entries: <empty>
2019-10-16 11:36:23,089 [Thread-3751] INFO  impl.FollowerState (FollowerState.java:run(108)) - a3132885-145f-4a8c-85f4-c10eb874732d@group-2077DD483DC7-FollowerState: change to CANDIDATE, lastRpcTime:179ms, electionTimeout:179ms
2019-10-16 11:36:23,089 [Thread-3751] INFO  impl.RoleInfo (RoleInfo.java:shutdownFollowerState(121)) - a3132885-145f-4a8c-85f4-c10eb874732d: shutdown FollowerState
2019-10-16 11:36:23,089 [Thread-3751] INFO  impl.RaftServerImpl (RaftServerImpl.java:setRole(184)) - a3132885-145f-4a8c-85f4-c10eb874732d@group-2077DD483DC7: changes role from  FOLLOWER to CANDIDATE at term 347 for changeToCandidate
2019-10-16 11:36:23,089 [Thread-3751] INFO  impl.RoleInfo (RoleInfo.java:updateAndGet(143)) - a3132885-145f-4a8c-85f4-c10eb874732d: start LeaderElection
2019-10-16 11:36:23,103 [a3132885-145f-4a8c-85f4-c10eb874732d@group-2077DD483DC7-LeaderElection520] INFO  impl.LeaderElection (LeaderElection.java:askForVotes(178)) - a3132885-145f-4a8c-85f4-c10eb874732d@group-2077DD483DC7-LeaderElection520: begin an election at term 348 for -1: [163587bb-2c3b-4498-b576-18147cf38274:192.168.157.203:33208, a3132885-145f-4a8c-85f4-c10eb874732d:192.168.157.203:46766, 70b633f6-b230-4b9f-87f3-510da88f1e08:192.168.157.203:43163], old=null
2019-10-16 11:36:23,104 [a3132885-145f-4a8c-85f4-c10eb874732d@group-2077DD483DC7-LeaderElection520] INFO  impl.LeaderElection (LogUtils.java:infoOrTrace(149)) - a3132885-145f-4a8c-85f4-c10eb874732d@group-2077DD483DC7-LeaderElection520 got exception when requesting votes: {}
java.util.concurrent.ExecutionException: org.apache.ratis.thirdparty.io.grpc.StatusRuntimeException: UNAVAILABLE: io exception
	at java.util.concurrent.FutureTask.report(FutureTask.java:122)
	at java.util.concurrent.FutureTask.get(FutureTask.java:192)
	at org.apache.ratis.server.impl.LeaderElection.waitForResults(LeaderElection.java:259)
	at org.apache.ratis.server.impl.LeaderElection.askForVotes(LeaderElection.java:197)
	at org.apache.ratis.server.impl.LeaderElection.run(LeaderElection.java:133)
	at java.lang.Thread.run(Thread.java:748)
Caused by: org.apache.ratis.thirdparty.io.grpc.StatusRuntimeException: UNAVAILABLE: io exception
	at org.apache.ratis.thirdparty.io.grpc.stub.ClientCalls.toStatusRuntimeException(ClientCalls.java:233)
	at org.apache.ratis.thirdparty.io.grpc.stub.ClientCalls.getUnchecked(ClientCalls.java:214)
	at org.apache.ratis.thirdparty.io.grpc.stub.ClientCalls.blockingUnaryCall(ClientCalls.java:139)
	at org.apache.ratis.proto.grpc.RaftServerProtocolServiceGrpc$RaftServerProtocolServiceBlockingStub.requestVote(RaftServerProtocolServiceGrpc.java:265)
	at org.apache.ratis.grpc.server.GrpcServerProtocolClient.requestVote(GrpcServerProtocolClient.java:99)
	at org.apache.ratis.grpc.server.GrpcService.requestVote(GrpcService.java:204)
	at org.apache.ratis.server.impl.LeaderElection.lambda$submitRequests$1(LeaderElection.java:234)
	at java.util.concurrent.FutureTask.run(FutureTask.java:266)
	at java.util.concurrent.Executors$RunnableAdapter.call(Executors.java:511)
	at java.util.concurrent.FutureTask.run(FutureTask.java:266)
	at java.util.concurrent.ThreadPoolExecutor.runWorker(ThreadPoolExecutor.java:1149)
	at java.util.concurrent.ThreadPoolExecutor$Worker.run(ThreadPoolExecutor.java:624)
	... 1 more
Caused by: org.apache.ratis.thirdparty.io.netty.channel.AbstractChannel$AnnotatedConnectException: Connection refused: /192.168.157.203:43163
	at sun.nio.ch.SocketChannelImpl.checkConnect(Native Method)
	at sun.nio.ch.SocketChannelImpl.finishConnect(SocketChannelImpl.java:717)
	at org.apache.ratis.thirdparty.io.netty.channel.socket.nio.NioSocketChannel.doFinishConnect(NioSocketChannel.java:327)
	at org.apache.ratis.thirdparty.io.netty.channel.nio.AbstractNioChannel$AbstractNioUnsafe.finishConnect(AbstractNioChannel.java:340)
	at org.apache.ratis.thirdparty.io.netty.channel.nio.NioEventLoop.processSelectedKey(NioEventLoop.java:632)
	at org.apache.ratis.thirdparty.io.netty.channel.nio.NioEventLoop.processSelectedKeysOptimized(NioEventLoop.java:579)
	at org.apache.ratis.thirdparty.io.netty.channel.nio.NioEventLoop.processSelectedKeys(NioEventLoop.java:496)
	at org.apache.ratis.thirdparty.io.netty.channel.nio.NioEventLoop.run(NioEventLoop.java:458)
	at org.apache.ratis.thirdparty.io.netty.util.concurrent.SingleThreadEventExecutor$5.run(SingleThreadEventExecutor.java:897)
	at org.apache.ratis.thirdparty.io.netty.util.concurrent.FastThreadLocalRunnable.run(FastThreadLocalRunnable.java:30)
	... 1 more
Caused by: java.net.ConnectException: Connection refused
	... 11 more
2019-10-16 11:36:23,104 [a3132885-145f-4a8c-85f4-c10eb874732d@group-2077DD483DC7-LeaderElection520] INFO  impl.LeaderElection (LogUtils.java:infoOrTrace(149)) - a3132885-145f-4a8c-85f4-c10eb874732d@group-2077DD483DC7-LeaderElection520 got exception when requesting votes: {}
java.util.concurrent.ExecutionException: org.apache.ratis.thirdparty.io.grpc.StatusRuntimeException: UNAVAILABLE: io exception
	at java.util.concurrent.FutureTask.report(FutureTask.java:122)
	at java.util.concurrent.FutureTask.get(FutureTask.java:192)
	at org.apache.ratis.server.impl.LeaderElection.waitForResults(LeaderElection.java:259)
	at org.apache.ratis.server.impl.LeaderElection.askForVotes(LeaderElection.java:197)
	at org.apache.ratis.server.impl.LeaderElection.run(LeaderElection.java:133)
	at java.lang.Thread.run(Thread.java:748)
Caused by: org.apache.ratis.thirdparty.io.grpc.StatusRuntimeException: UNAVAILABLE: io exception
	at org.apache.ratis.thirdparty.io.grpc.stub.ClientCalls.toStatusRuntimeException(ClientCalls.java:233)
	at org.apache.ratis.thirdparty.io.grpc.stub.ClientCalls.getUnchecked(ClientCalls.java:214)
	at org.apache.ratis.thirdparty.io.grpc.stub.ClientCalls.blockingUnaryCall(ClientCalls.java:139)
	at org.apache.ratis.proto.grpc.RaftServerProtocolServiceGrpc$RaftServerProtocolServiceBlockingStub.requestVote(RaftServerProtocolServiceGrpc.java:265)
	at org.apache.ratis.grpc.server.GrpcServerProtocolClient.requestVote(GrpcServerProtocolClient.java:99)
	at org.apache.ratis.grpc.server.GrpcService.requestVote(GrpcService.java:204)
	at org.apache.ratis.server.impl.LeaderElection.lambda$submitRequests$1(LeaderElection.java:234)
	at java.util.concurrent.FutureTask.run(FutureTask.java:266)
	at java.util.concurrent.Executors$RunnableAdapter.call(Executors.java:511)
	at java.util.concurrent.FutureTask.run(FutureTask.java:266)
	at java.util.concurrent.ThreadPoolExecutor.runWorker(ThreadPoolExecutor.java:1149)
	at java.util.concurrent.ThreadPoolExecutor$Worker.run(ThreadPoolExecutor.java:624)
	... 1 more
Caused by: org.apache.ratis.thirdparty.io.netty.channel.AbstractChannel$AnnotatedConnectException: Connection refused: /192.168.157.203:33208
	at sun.nio.ch.SocketChannelImpl.checkConnect(Native Method)
	at sun.nio.ch.SocketChannelImpl.finishConnect(SocketChannelImpl.java:717)
	at org.apache.ratis.thirdparty.io.netty.channel.socket.nio.NioSocketChannel.doFinishConnect(NioSocketChannel.java:327)
	at org.apache.ratis.thirdparty.io.netty.channel.nio.AbstractNioChannel$AbstractNioUnsafe.finishConnect(AbstractNioChannel.java:340)
	at org.apache.ratis.thirdparty.io.netty.channel.nio.NioEventLoop.processSelectedKey(NioEventLoop.java:632)
	at org.apache.ratis.thirdparty.io.netty.channel.nio.NioEventLoop.processSelectedKeysOptimized(NioEventLoop.java:579)
	at org.apache.ratis.thirdparty.io.netty.channel.nio.NioEventLoop.processSelectedKeys(NioEventLoop.java:496)
	at org.apache.ratis.thirdparty.io.netty.channel.nio.NioEventLoop.run(NioEventLoop.java:458)
	at org.apache.ratis.thirdparty.io.netty.util.concurrent.SingleThreadEventExecutor$5.run(SingleThreadEventExecutor.java:897)
	at org.apache.ratis.thirdparty.io.netty.util.concurrent.FastThreadLocalRunnable.run(FastThreadLocalRunnable.java:30)
	... 1 more
Caused by: java.net.ConnectException: Connection refused
	... 11 more
2019-10-16 11:36:23,105 [a3132885-145f-4a8c-85f4-c10eb874732d@group-2077DD483DC7-LeaderElection520] INFO  impl.LeaderElection (LeaderElection.java:logAndReturn(56)) - a3132885-145f-4a8c-85f4-c10eb874732d@group-2077DD483DC7-LeaderElection520: Election REJECTED; received 0 response(s) [] and 2 exception(s); a3132885-145f-4a8c-85f4-c10eb874732d@group-2077DD483DC7:t348, leader=null, voted=a3132885-145f-4a8c-85f4-c10eb874732d, raftlog=a3132885-145f-4a8c-85f4-c10eb874732d@group-2077DD483DC7-SegmentedRaftLog:OPENED:c-1,f-1,i0, conf=-1: [163587bb-2c3b-4498-b576-18147cf38274:192.168.157.203:33208, a3132885-145f-4a8c-85f4-c10eb874732d:192.168.157.203:46766, 70b633f6-b230-4b9f-87f3-510da88f1e08:192.168.157.203:43163], old=null
2019-10-16 11:36:23,105 [a3132885-145f-4a8c-85f4-c10eb874732d@group-2077DD483DC7-LeaderElection520] INFO  impl.LeaderElection (LogUtils.java:infoOrTrace(149)) -   Exception 0: {}
java.util.concurrent.ExecutionException: org.apache.ratis.thirdparty.io.grpc.StatusRuntimeException: UNAVAILABLE: io exception
	at java.util.concurrent.FutureTask.report(FutureTask.java:122)
	at java.util.concurrent.FutureTask.get(FutureTask.java:192)
	at org.apache.ratis.server.impl.LeaderElection.waitForResults(LeaderElection.java:259)
	at org.apache.ratis.server.impl.LeaderElection.askForVotes(LeaderElection.java:197)
	at org.apache.ratis.server.impl.LeaderElection.run(LeaderElection.java:133)
	at java.lang.Thread.run(Thread.java:748)
Caused by: org.apache.ratis.thirdparty.io.grpc.StatusRuntimeException: UNAVAILABLE: io exception
	at org.apache.ratis.thirdparty.io.grpc.stub.ClientCalls.toStatusRuntimeException(ClientCalls.java:233)
	at org.apache.ratis.thirdparty.io.grpc.stub.ClientCalls.getUnchecked(ClientCalls.java:214)
	at org.apache.ratis.thirdparty.io.grpc.stub.ClientCalls.blockingUnaryCall(ClientCalls.java:139)
	at org.apache.ratis.proto.grpc.RaftServerProtocolServiceGrpc$RaftServerProtocolServiceBlockingStub.requestVote(RaftServerProtocolServiceGrpc.java:265)
	at org.apache.ratis.grpc.server.GrpcServerProtocolClient.requestVote(GrpcServerProtocolClient.java:99)
	at org.apache.ratis.grpc.server.GrpcService.requestVote(GrpcService.java:204)
	at org.apache.ratis.server.impl.LeaderElection.lambda$submitRequests$1(LeaderElection.java:234)
	at java.util.concurrent.FutureTask.run(FutureTask.java:266)
	at java.util.concurrent.Executors$RunnableAdapter.call(Executors.java:511)
	at java.util.concurrent.FutureTask.run(FutureTask.java:266)
	at java.util.concurrent.ThreadPoolExecutor.runWorker(ThreadPoolExecutor.java:1149)
	at java.util.concurrent.ThreadPoolExecutor$Worker.run(ThreadPoolExecutor.java:624)
	... 1 more
Caused by: org.apache.ratis.thirdparty.io.netty.channel.AbstractChannel$AnnotatedConnectException: Connection refused: /192.168.157.203:43163
	at sun.nio.ch.SocketChannelImpl.checkConnect(Native Method)
	at sun.nio.ch.SocketChannelImpl.finishConnect(SocketChannelImpl.java:717)
	at org.apache.ratis.thirdparty.io.netty.channel.socket.nio.NioSocketChannel.doFinishConnect(NioSocketChannel.java:327)
	at org.apache.ratis.thirdparty.io.netty.channel.nio.AbstractNioChannel$AbstractNioUnsafe.finishConnect(AbstractNioChannel.java:340)
	at org.apache.ratis.thirdparty.io.netty.channel.nio.NioEventLoop.processSelectedKey(NioEventLoop.java:632)
	at org.apache.ratis.thirdparty.io.netty.channel.nio.NioEventLoop.processSelectedKeysOptimized(NioEventLoop.java:579)
	at org.apache.ratis.thirdparty.io.netty.channel.nio.NioEventLoop.processSelectedKeys(NioEventLoop.java:496)
	at org.apache.ratis.thirdparty.io.netty.channel.nio.NioEventLoop.run(NioEventLoop.java:458)
	at org.apache.ratis.thirdparty.io.netty.util.concurrent.SingleThreadEventExecutor$5.run(SingleThreadEventExecutor.java:897)
	at org.apache.ratis.thirdparty.io.netty.util.concurrent.FastThreadLocalRunnable.run(FastThreadLocalRunnable.java:30)
	... 1 more
Caused by: java.net.ConnectException: Connection refused
	... 11 more
2019-10-16 11:36:23,105 [a3132885-145f-4a8c-85f4-c10eb874732d@group-2077DD483DC7-LeaderElection520] INFO  impl.LeaderElection (LogUtils.java:infoOrTrace(149)) -   Exception 1: {}
java.util.concurrent.ExecutionException: org.apache.ratis.thirdparty.io.grpc.StatusRuntimeException: UNAVAILABLE: io exception
	at java.util.concurrent.FutureTask.report(FutureTask.java:122)
	at java.util.concurrent.FutureTask.get(FutureTask.java:192)
	at org.apache.ratis.server.impl.LeaderElection.waitForResults(LeaderElection.java:259)
	at org.apache.ratis.server.impl.LeaderElection.askForVotes(LeaderElection.java:197)
	at org.apache.ratis.server.impl.LeaderElection.run(LeaderElection.java:133)
	at java.lang.Thread.run(Thread.java:748)
Caused by: org.apache.ratis.thirdparty.io.grpc.StatusRuntimeException: UNAVAILABLE: io exception
	at org.apache.ratis.thirdparty.io.grpc.stub.ClientCalls.toStatusRuntimeException(ClientCalls.java:233)
	at org.apache.ratis.thirdparty.io.grpc.stub.ClientCalls.getUnchecked(ClientCalls.java:214)
	at org.apache.ratis.thirdparty.io.grpc.stub.ClientCalls.blockingUnaryCall(ClientCalls.java:139)
	at org.apache.ratis.proto.grpc.RaftServerProtocolServiceGrpc$RaftServerProtocolServiceBlockingStub.requestVote(RaftServerProtocolServiceGrpc.java:265)
	at org.apache.ratis.grpc.server.GrpcServerProtocolClient.requestVote(GrpcServerProtocolClient.java:99)
	at org.apache.ratis.grpc.server.GrpcService.requestVote(GrpcService.java:204)
	at org.apache.ratis.server.impl.LeaderElection.lambda$submitRequests$1(LeaderElection.java:234)
	at java.util.concurrent.FutureTask.run(FutureTask.java:266)
	at java.util.concurrent.Executors$RunnableAdapter.call(Executors.java:511)
	at java.util.concurrent.FutureTask.run(FutureTask.java:266)
	at java.util.concurrent.ThreadPoolExecutor.runWorker(ThreadPoolExecutor.java:1149)
	at java.util.concurrent.ThreadPoolExecutor$Worker.run(ThreadPoolExecutor.java:624)
	... 1 more
Caused by: org.apache.ratis.thirdparty.io.netty.channel.AbstractChannel$AnnotatedConnectException: Connection refused: /192.168.157.203:33208
	at sun.nio.ch.SocketChannelImpl.checkConnect(Native Method)
	at sun.nio.ch.SocketChannelImpl.finishConnect(SocketChannelImpl.java:717)
	at org.apache.ratis.thirdparty.io.netty.channel.socket.nio.NioSocketChannel.doFinishConnect(NioSocketChannel.java:327)
	at org.apache.ratis.thirdparty.io.netty.channel.nio.AbstractNioChannel$AbstractNioUnsafe.finishConnect(AbstractNioChannel.java:340)
	at org.apache.ratis.thirdparty.io.netty.channel.nio.NioEventLoop.processSelectedKey(NioEventLoop.java:632)
	at org.apache.ratis.thirdparty.io.netty.channel.nio.NioEventLoop.processSelectedKeysOptimized(NioEventLoop.java:579)
	at org.apache.ratis.thirdparty.io.netty.channel.nio.NioEventLoop.processSelectedKeys(NioEventLoop.java:496)
	at org.apache.ratis.thirdparty.io.netty.channel.nio.NioEventLoop.run(NioEventLoop.java:458)
	at org.apache.ratis.thirdparty.io.netty.util.concurrent.SingleThreadEventExecutor$5.run(SingleThreadEventExecutor.java:897)
	at org.apache.ratis.thirdparty.io.netty.util.concurrent.FastThreadLocalRunnable.run(FastThreadLocalRunnable.java:30)
	... 1 more
Caused by: java.net.ConnectException: Connection refused
	... 11 more
2019-10-16 11:36:23,105 [a3132885-145f-4a8c-85f4-c10eb874732d@group-2077DD483DC7-LeaderElection520] INFO  impl.RaftServerImpl (RaftServerImpl.java:setRole(184)) - a3132885-145f-4a8c-85f4-c10eb874732d@group-2077DD483DC7: changes role from CANDIDATE to FOLLOWER at term 348 for DISCOVERED_A_NEW_TERM
2019-10-16 11:36:23,105 [a3132885-145f-4a8c-85f4-c10eb874732d@group-2077DD483DC7-LeaderElection520] INFO  impl.RoleInfo (RoleInfo.java:shutdownLeaderElection(134)) - a3132885-145f-4a8c-85f4-c10eb874732d: shutdown LeaderElection
2019-10-16 11:36:23,105 [a3132885-145f-4a8c-85f4-c10eb874732d@group-2077DD483DC7-LeaderElection520] INFO  impl.RoleInfo (RoleInfo.java:updateAndGet(143)) - a3132885-145f-4a8c-85f4-c10eb874732d: start FollowerState
2019-10-16 11:36:23,153 [ForkJoinPool.commonPool-worker-0] INFO  ozoneimpl.OzoneContainer (OzoneContainer.java:stop(227)) - Attempting to stop container services.
2019-10-16 11:36:23,154 [ForkJoinPool.commonPool-worker-0] INFO  impl.RaftServerProxy (RaftServerProxy.java:lambda$close$4(314)) - 5c445d34-c031-481c-9d4b-8fbace1f61b8: close
2019-10-16 11:36:23,155 [ForkJoinPool.commonPool-worker-0] INFO  impl.RaftServerImpl (RaftServerImpl.java:lambda$shutdown$3(261)) - 5c445d34-c031-481c-9d4b-8fbace1f61b8@group-2FD438A1B24D: shutdown
2019-10-16 11:36:23,155 [ForkJoinPool.commonPool-worker-0] INFO  util.JmxRegister (JmxRegister.java:unregister(73)) - Successfully un-registered JMX Bean with object name Ratis:service=RaftServer,group=group-2FD438A1B24D,id=5c445d34-c031-481c-9d4b-8fbace1f61b8
2019-10-16 11:36:23,156 [ForkJoinPool.commonPool-worker-0] INFO  impl.RoleInfo (RoleInfo.java:shutdownLeaderState(104)) - 5c445d34-c031-481c-9d4b-8fbace1f61b8: shutdown LeaderState
2019-10-16 11:36:23,156 [ForkJoinPool.commonPool-worker-0] INFO  impl.PendingRequests (PendingRequests.java:sendNotLeaderResponses(202)) - 5c445d34-c031-481c-9d4b-8fbace1f61b8@group-2FD438A1B24D-PendingRequests: sendNotLeaderResponses
2019-10-16 11:36:23,157 [ForkJoinPool.commonPool-worker-0] INFO  impl.StateMachineUpdater (StateMachineUpdater.java:stopAndJoin(136)) - 5c445d34-c031-481c-9d4b-8fbace1f61b8@group-2FD438A1B24D-StateMachineUpdater: set stopIndex = 0
2019-10-16 11:36:23,158 [ForkJoinPool.commonPool-worker-0] INFO  impl.RaftServerImpl (ServerState.java:close(388)) - 5c445d34-c031-481c-9d4b-8fbace1f61b8@group-2FD438A1B24D: closes. applyIndex: 0
2019-10-16 11:36:23,159 [5c445d34-c031-481c-9d4b-8fbace1f61b8@group-2FD438A1B24D-SegmentedRaftLogWorker] INFO  segmented.SegmentedRaftLogWorker (SegmentedRaftLogWorker.java:run(316)) - 5c445d34-c031-481c-9d4b-8fbace1f61b8@group-2FD438A1B24D-SegmentedRaftLogWorker was interrupted, exiting. There are 0 tasks remaining in the queue.
2019-10-16 11:36:23,159 [ForkJoinPool.commonPool-worker-0] INFO  segmented.SegmentedRaftLogWorker (SegmentedRaftLogWorker.java:close(224)) - 5c445d34-c031-481c-9d4b-8fbace1f61b8@group-2FD438A1B24D-SegmentedRaftLogWorker close()
2019-10-16 11:36:23,161 [ForkJoinPool.commonPool-worker-0] INFO  impl.RaftServerImpl (RaftServerImpl.java:lambda$shutdown$3(261)) - 5c445d34-c031-481c-9d4b-8fbace1f61b8@group-8BBDE5791A04: shutdown
2019-10-16 11:36:23,162 [ForkJoinPool.commonPool-worker-0] INFO  util.JmxRegister (JmxRegister.java:unregister(73)) - Successfully un-registered JMX Bean with object name Ratis:service=RaftServer,group=group-8BBDE5791A04,id=5c445d34-c031-481c-9d4b-8fbace1f61b8
2019-10-16 11:36:23,162 [ForkJoinPool.commonPool-worker-0] INFO  impl.RoleInfo (RoleInfo.java:shutdownLeaderState(104)) - 5c445d34-c031-481c-9d4b-8fbace1f61b8: shutdown LeaderState
2019-10-16 11:36:23,164 [ForkJoinPool.commonPool-worker-0] INFO  impl.PendingRequests (PendingRequests.java:sendNotLeaderResponses(202)) - 5c445d34-c031-481c-9d4b-8fbace1f61b8@group-8BBDE5791A04-PendingRequests: sendNotLeaderResponses
2019-10-16 11:36:23,164 [org.apache.ratis.server.impl.LogAppender$AppenderDaemon$$Lambda$440/538065296@827f41e] WARN  server.GrpcLogAppender (GrpcLogAppender.java:mayWait(149)) - 5c445d34-c031-481c-9d4b-8fbace1f61b8@group-8BBDE5791A04->857fec05-692a-4d09-bf1c-7d167682feae-GrpcLogAppender: Wait interrupted by java.lang.InterruptedException
2019-10-16 11:36:23,164 [org.apache.ratis.server.impl.LogAppender$AppenderDaemon$$Lambda$440/538065296@7088e785] WARN  server.GrpcLogAppender (GrpcLogAppender.java:mayWait(149)) - 5c445d34-c031-481c-9d4b-8fbace1f61b8@group-8BBDE5791A04->411bb2a3-40ef-4fc0-81ca-4490e6d37035-GrpcLogAppender: Wait interrupted by java.lang.InterruptedException
2019-10-16 11:36:23,167 [ForkJoinPool.commonPool-worker-0] INFO  impl.StateMachineUpdater (StateMachineUpdater.java:stopAndJoin(136)) - 5c445d34-c031-481c-9d4b-8fbace1f61b8@group-8BBDE5791A04-StateMachineUpdater: set stopIndex = 21
2019-10-16 11:36:23,167 [5c445d34-c031-481c-9d4b-8fbace1f61b8@group-8BBDE5791A04-StateMachineUpdater] INFO  ratis.ContainerStateMachine (ContainerStateMachine.java:takeSnapshot(294)) - group-8BBDE5791A04: Taking a snapshot at:(t:6, i:21) file /workdir/hadoop-ozone/integration-test/target/test-dir/MiniOzoneClusterImpl-d10f3a9c-4fd6-4949-a3ff-490e135742c9/datanode-1/data/ratis/9ca8b30f-1255-49d0-b954-8bbde5791a04/sm/snapshot.6_21
2019-10-16 11:36:23,182 [5c445d34-c031-481c-9d4b-8fbace1f61b8@group-8BBDE5791A04-StateMachineUpdater] INFO  ratis.ContainerStateMachine (ContainerStateMachine.java:takeSnapshot(305)) - group-8BBDE5791A04: Finished taking a snapshot at:(t:6, i:21) file:/workdir/hadoop-ozone/integration-test/target/test-dir/MiniOzoneClusterImpl-d10f3a9c-4fd6-4949-a3ff-490e135742c9/datanode-1/data/ratis/9ca8b30f-1255-49d0-b954-8bbde5791a04/sm/snapshot.6_21 time:14
2019-10-16 11:36:23,182 [5c445d34-c031-481c-9d4b-8fbace1f61b8@group-8BBDE5791A04-StateMachineUpdater] INFO  impl.StateMachineUpdater (StateMachineUpdater.java:takeSnapshot(269)) - 5c445d34-c031-481c-9d4b-8fbace1f61b8@group-8BBDE5791A04-StateMachineUpdater: Took a snapshot at index 21
2019-10-16 11:36:23,182 [5c445d34-c031-481c-9d4b-8fbace1f61b8@group-8BBDE5791A04-StateMachineUpdater] INFO  impl.StateMachineUpdater (StateMachineUpdater.java:lambda$new$0(84)) - 5c445d34-c031-481c-9d4b-8fbace1f61b8@group-8BBDE5791A04-StateMachineUpdater: snapshotIndex: updateIncreasingly -1 -> 21
2019-10-16 11:36:23,183 [ForkJoinPool.commonPool-worker-0] INFO  impl.RaftServerImpl (ServerState.java:close(388)) - 5c445d34-c031-481c-9d4b-8fbace1f61b8@group-8BBDE5791A04: closes. applyIndex: 21
2019-10-16 11:36:23,183 [5c445d34-c031-481c-9d4b-8fbace1f61b8@group-8BBDE5791A04-SegmentedRaftLogWorker] INFO  segmented.SegmentedRaftLogWorker (SegmentedRaftLogWorker.java:run(316)) - 5c445d34-c031-481c-9d4b-8fbace1f61b8@group-8BBDE5791A04-SegmentedRaftLogWorker was interrupted, exiting. There are 0 tasks remaining in the queue.
2019-10-16 11:36:23,184 [ForkJoinPool.commonPool-worker-0] INFO  segmented.SegmentedRaftLogWorker (SegmentedRaftLogWorker.java:close(224)) - 5c445d34-c031-481c-9d4b-8fbace1f61b8@group-8BBDE5791A04-SegmentedRaftLogWorker close()
2019-10-16 11:36:23,185 [ForkJoinPool.commonPool-worker-0] INFO  server.GrpcService (GrpcService.java:closeImpl(164)) - 5c445d34-c031-481c-9d4b-8fbace1f61b8: shutdown server with port 37070 now
2019-10-16 11:36:23,186 [ForkJoinPool.commonPool-worker-0] INFO  server.GrpcService (GrpcService.java:closeImpl(172)) - 5c445d34-c031-481c-9d4b-8fbace1f61b8: shutdown server with port 37070 successfully
2019-10-16 11:36:23,190 [grpc-default-executor-6] WARN  client.GrpcClientProtocolService (LogUtils.java:warn(134)) - 1-UnorderedRequestStreamObserver1: onError: org.apache.ratis.thirdparty.io.grpc.StatusRuntimeException: CANCELLED: cancelled before receiving half close
2019-10-16 11:36:23,191 [refreshUsed-/workdir/hadoop-ozone/integration-test/target/test-dir/MiniOzoneClusterImpl-d10f3a9c-4fd6-4949-a3ff-490e135742c9/datanode-1/data/containers] WARN  fs.CachingGetSpaceUsed (CachingGetSpaceUsed.java:run(183)) - Thread Interrupted waiting to refresh disk information: sleep interrupted
2019-10-16 11:36:23,201 [Thread-3755] INFO  impl.FollowerState (FollowerState.java:run(108)) - a3132885-145f-4a8c-85f4-c10eb874732d@group-2077DD483DC7-FollowerState: change to CANDIDATE, lastRpcTime:95ms, electionTimeout:95ms
2019-10-16 11:36:23,201 [Thread-3755] INFO  impl.RoleInfo (RoleInfo.java:shutdownFollowerState(121)) - a3132885-145f-4a8c-85f4-c10eb874732d: shutdown FollowerState
2019-10-16 11:36:23,201 [Thread-3755] INFO  impl.RaftServerImpl (RaftServerImpl.java:setRole(184)) - a3132885-145f-4a8c-85f4-c10eb874732d@group-2077DD483DC7: changes role from  FOLLOWER to CANDIDATE at term 348 for changeToCandidate
2019-10-16 11:36:23,201 [Thread-3755] INFO  impl.RoleInfo (RoleInfo.java:updateAndGet(143)) - a3132885-145f-4a8c-85f4-c10eb874732d: start LeaderElection
2019-10-16 11:36:23,205 [a3132885-145f-4a8c-85f4-c10eb874732d@group-2077DD483DC7-LeaderElection521] INFO  impl.LeaderElection (LeaderElection.java:askForVotes(178)) - a3132885-145f-4a8c-85f4-c10eb874732d@group-2077DD483DC7-LeaderElection521: begin an election at term 349 for -1: [163587bb-2c3b-4498-b576-18147cf38274:192.168.157.203:33208, a3132885-145f-4a8c-85f4-c10eb874732d:192.168.157.203:46766, 70b633f6-b230-4b9f-87f3-510da88f1e08:192.168.157.203:43163], old=null
2019-10-16 11:36:23,206 [a3132885-145f-4a8c-85f4-c10eb874732d@group-2077DD483DC7-LeaderElection521] INFO  impl.LeaderElection (LogUtils.java:infoOrTrace(149)) - a3132885-145f-4a8c-85f4-c10eb874732d@group-2077DD483DC7-LeaderElection521 got exception when requesting votes: {}
java.util.concurrent.ExecutionException: org.apache.ratis.thirdparty.io.grpc.StatusRuntimeException: UNAVAILABLE: io exception
	at java.util.concurrent.FutureTask.report(FutureTask.java:122)
	at java.util.concurrent.FutureTask.get(FutureTask.java:192)
	at org.apache.ratis.server.impl.LeaderElection.waitForResults(LeaderElection.java:259)
	at org.apache.ratis.server.impl.LeaderElection.askForVotes(LeaderElection.java:197)
	at org.apache.ratis.server.impl.LeaderElection.run(LeaderElection.java:133)
	at java.lang.Thread.run(Thread.java:748)
Caused by: org.apache.ratis.thirdparty.io.grpc.StatusRuntimeException: UNAVAILABLE: io exception
	at org.apache.ratis.thirdparty.io.grpc.stub.ClientCalls.toStatusRuntimeException(ClientCalls.java:233)
	at org.apache.ratis.thirdparty.io.grpc.stub.ClientCalls.getUnchecked(ClientCalls.java:214)
	at org.apache.ratis.thirdparty.io.grpc.stub.ClientCalls.blockingUnaryCall(ClientCalls.java:139)
	at org.apache.ratis.proto.grpc.RaftServerProtocolServiceGrpc$RaftServerProtocolServiceBlockingStub.requestVote(RaftServerProtocolServiceGrpc.java:265)
	at org.apache.ratis.grpc.server.GrpcServerProtocolClient.requestVote(GrpcServerProtocolClient.java:99)
	at org.apache.ratis.grpc.server.GrpcService.requestVote(GrpcService.java:204)
	at org.apache.ratis.server.impl.LeaderElection.lambda$submitRequests$1(LeaderElection.java:234)
	at java.util.concurrent.FutureTask.run(FutureTask.java:266)
	at java.util.concurrent.Executors$RunnableAdapter.call(Executors.java:511)
	at java.util.concurrent.FutureTask.run(FutureTask.java:266)
	at java.util.concurrent.ThreadPoolExecutor.runWorker(ThreadPoolExecutor.java:1149)
	at java.util.concurrent.ThreadPoolExecutor$Worker.run(ThreadPoolExecutor.java:624)
	... 1 more
Caused by: org.apache.ratis.thirdparty.io.netty.channel.AbstractChannel$AnnotatedConnectException: Connection refused: /192.168.157.203:33208
	at sun.nio.ch.SocketChannelImpl.checkConnect(Native Method)
	at sun.nio.ch.SocketChannelImpl.finishConnect(SocketChannelImpl.java:717)
	at org.apache.ratis.thirdparty.io.netty.channel.socket.nio.NioSocketChannel.doFinishConnect(NioSocketChannel.java:327)
	at org.apache.ratis.thirdparty.io.netty.channel.nio.AbstractNioChannel$AbstractNioUnsafe.finishConnect(AbstractNioChannel.java:340)
	at org.apache.ratis.thirdparty.io.netty.channel.nio.NioEventLoop.processSelectedKey(NioEventLoop.java:632)
	at org.apache.ratis.thirdparty.io.netty.channel.nio.NioEventLoop.processSelectedKeysOptimized(NioEventLoop.java:579)
	at org.apache.ratis.thirdparty.io.netty.channel.nio.NioEventLoop.processSelectedKeys(NioEventLoop.java:496)
	at org.apache.ratis.thirdparty.io.netty.channel.nio.NioEventLoop.run(NioEventLoop.java:458)
	at org.apache.ratis.thirdparty.io.netty.util.concurrent.SingleThreadEventExecutor$5.run(SingleThreadEventExecutor.java:897)
	at org.apache.ratis.thirdparty.io.netty.util.concurrent.FastThreadLocalRunnable.run(FastThreadLocalRunnable.java:30)
	... 1 more
Caused by: java.net.ConnectException: Connection refused
	... 11 more
2019-10-16 11:36:23,207 [a3132885-145f-4a8c-85f4-c10eb874732d@group-2077DD483DC7-LeaderElection521] INFO  impl.LeaderElection (LogUtils.java:infoOrTrace(149)) - a3132885-145f-4a8c-85f4-c10eb874732d@group-2077DD483DC7-LeaderElection521 got exception when requesting votes: {}
java.util.concurrent.ExecutionException: org.apache.ratis.thirdparty.io.grpc.StatusRuntimeException: UNAVAILABLE: io exception
	at java.util.concurrent.FutureTask.report(FutureTask.java:122)
	at java.util.concurrent.FutureTask.get(FutureTask.java:192)
	at org.apache.ratis.server.impl.LeaderElection.waitForResults(LeaderElection.java:259)
	at org.apache.ratis.server.impl.LeaderElection.askForVotes(LeaderElection.java:197)
	at org.apache.ratis.server.impl.LeaderElection.run(LeaderElection.java:133)
	at java.lang.Thread.run(Thread.java:748)
Caused by: org.apache.ratis.thirdparty.io.grpc.StatusRuntimeException: UNAVAILABLE: io exception
	at org.apache.ratis.thirdparty.io.grpc.stub.ClientCalls.toStatusRuntimeException(ClientCalls.java:233)
	at org.apache.ratis.thirdparty.io.grpc.stub.ClientCalls.getUnchecked(ClientCalls.java:214)
	at org.apache.ratis.thirdparty.io.grpc.stub.ClientCalls.blockingUnaryCall(ClientCalls.java:139)
	at org.apache.ratis.proto.grpc.RaftServerProtocolServiceGrpc$RaftServerProtocolServiceBlockingStub.requestVote(RaftServerProtocolServiceGrpc.java:265)
	at org.apache.ratis.grpc.server.GrpcServerProtocolClient.requestVote(GrpcServerProtocolClient.java:99)
	at org.apache.ratis.grpc.server.GrpcService.requestVote(GrpcService.java:204)
	at org.apache.ratis.server.impl.LeaderElection.lambda$submitRequests$1(LeaderElection.java:234)
	at java.util.concurrent.FutureTask.run(FutureTask.java:266)
	at java.util.concurrent.Executors$RunnableAdapter.call(Executors.java:511)
	at java.util.concurrent.FutureTask.run(FutureTask.java:266)
	at java.util.concurrent.ThreadPoolExecutor.runWorker(ThreadPoolExecutor.java:1149)
	at java.util.concurrent.ThreadPoolExecutor$Worker.run(ThreadPoolExecutor.java:624)
	... 1 more
Caused by: org.apache.ratis.thirdparty.io.netty.channel.AbstractChannel$AnnotatedConnectException: Connection refused: /192.168.157.203:43163
	at sun.nio.ch.SocketChannelImpl.checkConnect(Native Method)
	at sun.nio.ch.SocketChannelImpl.finishConnect(SocketChannelImpl.java:717)
	at org.apache.ratis.thirdparty.io.netty.channel.socket.nio.NioSocketChannel.doFinishConnect(NioSocketChannel.java:327)
	at org.apache.ratis.thirdparty.io.netty.channel.nio.AbstractNioChannel$AbstractNioUnsafe.finishConnect(AbstractNioChannel.java:340)
	at org.apache.ratis.thirdparty.io.netty.channel.nio.NioEventLoop.processSelectedKey(NioEventLoop.java:632)
	at org.apache.ratis.thirdparty.io.netty.channel.nio.NioEventLoop.processSelectedKeysOptimized(NioEventLoop.java:579)
	at org.apache.ratis.thirdparty.io.netty.channel.nio.NioEventLoop.processSelectedKeys(NioEventLoop.java:496)
	at org.apache.ratis.thirdparty.io.netty.channel.nio.NioEventLoop.run(NioEventLoop.java:458)
	at org.apache.ratis.thirdparty.io.netty.util.concurrent.SingleThreadEventExecutor$5.run(SingleThreadEventExecutor.java:897)
	at org.apache.ratis.thirdparty.io.netty.util.concurrent.FastThreadLocalRunnable.run(FastThreadLocalRunnable.java:30)
	... 1 more
Caused by: java.net.ConnectException: Connection refused
	... 11 more
2019-10-16 11:36:23,207 [ForkJoinPool.commonPool-worker-0] INFO  utils.BackgroundService (BackgroundService.java:shutdown(151)) - Shutting down service BlockDeletingService
2019-10-16 11:36:23,207 [a3132885-145f-4a8c-85f4-c10eb874732d@group-2077DD483DC7-LeaderElection521] INFO  impl.LeaderElection (LeaderElection.java:logAndReturn(56)) - a3132885-145f-4a8c-85f4-c10eb874732d@group-2077DD483DC7-LeaderElection521: Election REJECTED; received 0 response(s) [] and 2 exception(s); a3132885-145f-4a8c-85f4-c10eb874732d@group-2077DD483DC7:t349, leader=null, voted=a3132885-145f-4a8c-85f4-c10eb874732d, raftlog=a3132885-145f-4a8c-85f4-c10eb874732d@group-2077DD483DC7-SegmentedRaftLog:OPENED:c-1,f-1,i0, conf=-1: [163587bb-2c3b-4498-b576-18147cf38274:192.168.157.203:33208, a3132885-145f-4a8c-85f4-c10eb874732d:192.168.157.203:46766, 70b633f6-b230-4b9f-87f3-510da88f1e08:192.168.157.203:43163], old=null
2019-10-16 11:36:23,208 [a3132885-145f-4a8c-85f4-c10eb874732d@group-2077DD483DC7-LeaderElection521] INFO  impl.LeaderElection (LogUtils.java:infoOrTrace(149)) -   Exception 0: {}
java.util.concurrent.ExecutionException: org.apache.ratis.thirdparty.io.grpc.StatusRuntimeException: UNAVAILABLE: io exception
	at java.util.concurrent.FutureTask.report(FutureTask.java:122)
	at java.util.concurrent.FutureTask.get(FutureTask.java:192)
	at org.apache.ratis.server.impl.LeaderElection.waitForResults(LeaderElection.java:259)
	at org.apache.ratis.server.impl.LeaderElection.askForVotes(LeaderElection.java:197)
	at org.apache.ratis.server.impl.LeaderElection.run(LeaderElection.java:133)
	at java.lang.Thread.run(Thread.java:748)
Caused by: org.apache.ratis.thirdparty.io.grpc.StatusRuntimeException: UNAVAILABLE: io exception
	at org.apache.ratis.thirdparty.io.grpc.stub.ClientCalls.toStatusRuntimeException(ClientCalls.java:233)
	at org.apache.ratis.thirdparty.io.grpc.stub.ClientCalls.getUnchecked(ClientCalls.java:214)
	at org.apache.ratis.thirdparty.io.grpc.stub.ClientCalls.blockingUnaryCall(ClientCalls.java:139)
	at org.apache.ratis.proto.grpc.RaftServerProtocolServiceGrpc$RaftServerProtocolServiceBlockingStub.requestVote(RaftServerProtocolServiceGrpc.java:265)
	at org.apache.ratis.grpc.server.GrpcServerProtocolClient.requestVote(GrpcServerProtocolClient.java:99)
	at org.apache.ratis.grpc.server.GrpcService.requestVote(GrpcService.java:204)
	at org.apache.ratis.server.impl.LeaderElection.lambda$submitRequests$1(LeaderElection.java:234)
	at java.util.concurrent.FutureTask.run(FutureTask.java:266)
	at java.util.concurrent.Executors$RunnableAdapter.call(Executors.java:511)
	at java.util.concurrent.FutureTask.run(FutureTask.java:266)
	at java.util.concurrent.ThreadPoolExecutor.runWorker(ThreadPoolExecutor.java:1149)
	at java.util.concurrent.ThreadPoolExecutor$Worker.run(ThreadPoolExecutor.java:624)
	... 1 more
Caused by: org.apache.ratis.thirdparty.io.netty.channel.AbstractChannel$AnnotatedConnectException: Connection refused: /192.168.157.203:33208
	at sun.nio.ch.SocketChannelImpl.checkConnect(Native Method)
	at sun.nio.ch.SocketChannelImpl.finishConnect(SocketChannelImpl.java:717)
	at org.apache.ratis.thirdparty.io.netty.channel.socket.nio.NioSocketChannel.doFinishConnect(NioSocketChannel.java:327)
	at org.apache.ratis.thirdparty.io.netty.channel.nio.AbstractNioChannel$AbstractNioUnsafe.finishConnect(AbstractNioChannel.java:340)
	at org.apache.ratis.thirdparty.io.netty.channel.nio.NioEventLoop.processSelectedKey(NioEventLoop.java:632)
	at org.apache.ratis.thirdparty.io.netty.channel.nio.NioEventLoop.processSelectedKeysOptimized(NioEventLoop.java:579)
	at org.apache.ratis.thirdparty.io.netty.channel.nio.NioEventLoop.processSelectedKeys(NioEventLoop.java:496)
	at org.apache.ratis.thirdparty.io.netty.channel.nio.NioEventLoop.run(NioEventLoop.java:458)
	at org.apache.ratis.thirdparty.io.netty.util.concurrent.SingleThreadEventExecutor$5.run(SingleThreadEventExecutor.java:897)
	at org.apache.ratis.thirdparty.io.netty.util.concurrent.FastThreadLocalRunnable.run(FastThreadLocalRunnable.java:30)
	... 1 more
Caused by: java.net.ConnectException: Connection refused
	... 11 more
2019-10-16 11:36:23,209 [a3132885-145f-4a8c-85f4-c10eb874732d@group-2077DD483DC7-LeaderElection521] INFO  impl.LeaderElection (LogUtils.java:infoOrTrace(149)) -   Exception 1: {}
java.util.concurrent.ExecutionException: org.apache.ratis.thirdparty.io.grpc.StatusRuntimeException: UNAVAILABLE: io exception
	at java.util.concurrent.FutureTask.report(FutureTask.java:122)
	at java.util.concurrent.FutureTask.get(FutureTask.java:192)
	at org.apache.ratis.server.impl.LeaderElection.waitForResults(LeaderElection.java:259)
	at org.apache.ratis.server.impl.LeaderElection.askForVotes(LeaderElection.java:197)
	at org.apache.ratis.server.impl.LeaderElection.run(LeaderElection.java:133)
	at java.lang.Thread.run(Thread.java:748)
Caused by: org.apache.ratis.thirdparty.io.grpc.StatusRuntimeException: UNAVAILABLE: io exception
	at org.apache.ratis.thirdparty.io.grpc.stub.ClientCalls.toStatusRuntimeException(ClientCalls.java:233)
	at org.apache.ratis.thirdparty.io.grpc.stub.ClientCalls.getUnchecked(ClientCalls.java:214)
	at org.apache.ratis.thirdparty.io.grpc.stub.ClientCalls.blockingUnaryCall(ClientCalls.java:139)
	at org.apache.ratis.proto.grpc.RaftServerProtocolServiceGrpc$RaftServerProtocolServiceBlockingStub.requestVote(RaftServerProtocolServiceGrpc.java:265)
	at org.apache.ratis.grpc.server.GrpcServerProtocolClient.requestVote(GrpcServerProtocolClient.java:99)
	at org.apache.ratis.grpc.server.GrpcService.requestVote(GrpcService.java:204)
	at org.apache.ratis.server.impl.LeaderElection.lambda$submitRequests$1(LeaderElection.java:234)
	at java.util.concurrent.FutureTask.run(FutureTask.java:266)
	at java.util.concurrent.Executors$RunnableAdapter.call(Executors.java:511)
	at java.util.concurrent.FutureTask.run(FutureTask.java:266)
	at java.util.concurrent.ThreadPoolExecutor.runWorker(ThreadPoolExecutor.java:1149)
	at java.util.concurrent.ThreadPoolExecutor$Worker.run(ThreadPoolExecutor.java:624)
	... 1 more
Caused by: org.apache.ratis.thirdparty.io.netty.channel.AbstractChannel$AnnotatedConnectException: Connection refused: /192.168.157.203:43163
	at sun.nio.ch.SocketChannelImpl.checkConnect(Native Method)
	at sun.nio.ch.SocketChannelImpl.finishConnect(SocketChannelImpl.java:717)
	at org.apache.ratis.thirdparty.io.netty.channel.socket.nio.NioSocketChannel.doFinishConnect(NioSocketChannel.java:327)
	at org.apache.ratis.thirdparty.io.netty.channel.nio.AbstractNioChannel$AbstractNioUnsafe.finishConnect(AbstractNioChannel.java:340)
	at org.apache.ratis.thirdparty.io.netty.channel.nio.NioEventLoop.processSelectedKey(NioEventLoop.java:632)
	at org.apache.ratis.thirdparty.io.netty.channel.nio.NioEventLoop.processSelectedKeysOptimized(NioEventLoop.java:579)
	at org.apache.ratis.thirdparty.io.netty.channel.nio.NioEventLoop.processSelectedKeys(NioEventLoop.java:496)
	at org.apache.ratis.thirdparty.io.netty.channel.nio.NioEventLoop.run(NioEventLoop.java:458)
	at org.apache.ratis.thirdparty.io.netty.util.concurrent.SingleThreadEventExecutor$5.run(SingleThreadEventExecutor.java:897)
	at org.apache.ratis.thirdparty.io.netty.util.concurrent.FastThreadLocalRunnable.run(FastThreadLocalRunnable.java:30)
	... 1 more
Caused by: java.net.ConnectException: Connection refused
	... 11 more
2019-10-16 11:36:23,210 [ForkJoinPool.commonPool-worker-0] INFO  statemachine.DatanodeStateMachine (DatanodeStateMachine.java:stopDaemon(395)) - Ozone container server stopped.
2019-10-16 11:36:23,211 [a3132885-145f-4a8c-85f4-c10eb874732d@group-2077DD483DC7-LeaderElection521] INFO  impl.RaftServerImpl (RaftServerImpl.java:setRole(184)) - a3132885-145f-4a8c-85f4-c10eb874732d@group-2077DD483DC7: changes role from CANDIDATE to FOLLOWER at term 349 for DISCOVERED_A_NEW_TERM
2019-10-16 11:36:23,211 [a3132885-145f-4a8c-85f4-c10eb874732d@group-2077DD483DC7-LeaderElection521] INFO  impl.RoleInfo (RoleInfo.java:shutdownLeaderElection(134)) - a3132885-145f-4a8c-85f4-c10eb874732d: shutdown LeaderElection
2019-10-16 11:36:23,211 [a3132885-145f-4a8c-85f4-c10eb874732d@group-2077DD483DC7-LeaderElection521] INFO  impl.RoleInfo (RoleInfo.java:updateAndGet(143)) - a3132885-145f-4a8c-85f4-c10eb874732d: start FollowerState
2019-10-16 11:36:23,214 [ForkJoinPool.commonPool-worker-0] INFO  handler.ContextHandler (ContextHandler.java:doStop(910)) - Stopped o.e.j.w.WebAppContext@1e58512c{/,null,UNAVAILABLE}{/hddsDatanode}
2019-10-16 11:36:23,214 [ForkJoinPool.commonPool-worker-0] INFO  server.AbstractConnector (AbstractConnector.java:doStop(318)) - Stopped ServerConnector@210308d5{HTTP/1.1,[http/1.1]}{0.0.0.0:0}
2019-10-16 11:36:23,215 [ForkJoinPool.commonPool-worker-0] INFO  handler.ContextHandler (ContextHandler.java:doStop(910)) - Stopped o.e.j.s.ServletContextHandler@1dba4e06{/static,jar:file:/home/user/.m2/repository/org/apache/hadoop/hadoop-hdds-container-service/0.5.0-SNAPSHOT/hadoop-hdds-container-service-0.5.0-SNAPSHOT.jar!/webapps/static,UNAVAILABLE}
2019-10-16 11:36:23,216 [ForkJoinPool.commonPool-worker-0] INFO  handler.ContextHandler (ContextHandler.java:doStop(910)) - Stopped o.e.j.s.ServletContextHandler@6a094db2{/logs,file:///workdir/hadoop-ozone/integration-test/target/log,UNAVAILABLE}
2019-10-16 11:36:23,329 [Thread-3759] INFO  impl.FollowerState (FollowerState.java:run(108)) - a3132885-145f-4a8c-85f4-c10eb874732d@group-2077DD483DC7-FollowerState: change to CANDIDATE, lastRpcTime:117ms, electionTimeout:117ms
2019-10-16 11:36:23,329 [Thread-3759] INFO  impl.RoleInfo (RoleInfo.java:shutdownFollowerState(121)) - a3132885-145f-4a8c-85f4-c10eb874732d: shutdown FollowerState
2019-10-16 11:36:23,330 [Thread-3759] INFO  impl.RaftServerImpl (RaftServerImpl.java:setRole(184)) - a3132885-145f-4a8c-85f4-c10eb874732d@group-2077DD483DC7: changes role from  FOLLOWER to CANDIDATE at term 349 for changeToCandidate
2019-10-16 11:36:23,330 [Thread-3759] INFO  impl.RoleInfo (RoleInfo.java:updateAndGet(143)) - a3132885-145f-4a8c-85f4-c10eb874732d: start LeaderElection
2019-10-16 11:36:23,333 [a3132885-145f-4a8c-85f4-c10eb874732d@group-2077DD483DC7-LeaderElection522] INFO  impl.LeaderElection (LeaderElection.java:askForVotes(178)) - a3132885-145f-4a8c-85f4-c10eb874732d@group-2077DD483DC7-LeaderElection522: begin an election at term 350 for -1: [163587bb-2c3b-4498-b576-18147cf38274:192.168.157.203:33208, a3132885-145f-4a8c-85f4-c10eb874732d:192.168.157.203:46766, 70b633f6-b230-4b9f-87f3-510da88f1e08:192.168.157.203:43163], old=null
2019-10-16 11:36:23,334 [a3132885-145f-4a8c-85f4-c10eb874732d@group-2077DD483DC7-LeaderElection522] INFO  impl.LeaderElection (LogUtils.java:infoOrTrace(149)) - a3132885-145f-4a8c-85f4-c10eb874732d@group-2077DD483DC7-LeaderElection522 got exception when requesting votes: {}
java.util.concurrent.ExecutionException: org.apache.ratis.thirdparty.io.grpc.StatusRuntimeException: UNAVAILABLE: io exception
	at java.util.concurrent.FutureTask.report(FutureTask.java:122)
	at java.util.concurrent.FutureTask.get(FutureTask.java:192)
	at org.apache.ratis.server.impl.LeaderElection.waitForResults(LeaderElection.java:259)
	at org.apache.ratis.server.impl.LeaderElection.askForVotes(LeaderElection.java:197)
	at org.apache.ratis.server.impl.LeaderElection.run(LeaderElection.java:133)
	at java.lang.Thread.run(Thread.java:748)
Caused by: org.apache.ratis.thirdparty.io.grpc.StatusRuntimeException: UNAVAILABLE: io exception
	at org.apache.ratis.thirdparty.io.grpc.stub.ClientCalls.toStatusRuntimeException(ClientCalls.java:233)
	at org.apache.ratis.thirdparty.io.grpc.stub.ClientCalls.getUnchecked(ClientCalls.java:214)
	at org.apache.ratis.thirdparty.io.grpc.stub.ClientCalls.blockingUnaryCall(ClientCalls.java:139)
	at org.apache.ratis.proto.grpc.RaftServerProtocolServiceGrpc$RaftServerProtocolServiceBlockingStub.requestVote(RaftServerProtocolServiceGrpc.java:265)
	at org.apache.ratis.grpc.server.GrpcServerProtocolClient.requestVote(GrpcServerProtocolClient.java:99)
	at org.apache.ratis.grpc.server.GrpcService.requestVote(GrpcService.java:204)
	at org.apache.ratis.server.impl.LeaderElection.lambda$submitRequests$1(LeaderElection.java:234)
	at java.util.concurrent.FutureTask.run(FutureTask.java:266)
	at java.util.concurrent.Executors$RunnableAdapter.call(Executors.java:511)
	at java.util.concurrent.FutureTask.run(FutureTask.java:266)
	at java.util.concurrent.ThreadPoolExecutor.runWorker(ThreadPoolExecutor.java:1149)
	at java.util.concurrent.ThreadPoolExecutor$Worker.run(ThreadPoolExecutor.java:624)
	... 1 more
Caused by: org.apache.ratis.thirdparty.io.netty.channel.AbstractChannel$AnnotatedConnectException: Connection refused: /192.168.157.203:33208
	at sun.nio.ch.SocketChannelImpl.checkConnect(Native Method)
	at sun.nio.ch.SocketChannelImpl.finishConnect(SocketChannelImpl.java:717)
	at org.apache.ratis.thirdparty.io.netty.channel.socket.nio.NioSocketChannel.doFinishConnect(NioSocketChannel.java:327)
	at org.apache.ratis.thirdparty.io.netty.channel.nio.AbstractNioChannel$AbstractNioUnsafe.finishConnect(AbstractNioChannel.java:340)
	at org.apache.ratis.thirdparty.io.netty.channel.nio.NioEventLoop.processSelectedKey(NioEventLoop.java:632)
	at org.apache.ratis.thirdparty.io.netty.channel.nio.NioEventLoop.processSelectedKeysOptimized(NioEventLoop.java:579)
	at org.apache.ratis.thirdparty.io.netty.channel.nio.NioEventLoop.processSelectedKeys(NioEventLoop.java:496)
	at org.apache.ratis.thirdparty.io.netty.channel.nio.NioEventLoop.run(NioEventLoop.java:458)
	at org.apache.ratis.thirdparty.io.netty.util.concurrent.SingleThreadEventExecutor$5.run(SingleThreadEventExecutor.java:897)
	at org.apache.ratis.thirdparty.io.netty.util.concurrent.FastThreadLocalRunnable.run(FastThreadLocalRunnable.java:30)
	... 1 more
Caused by: java.net.ConnectException: Connection refused
	... 11 more
2019-10-16 11:36:23,335 [a3132885-145f-4a8c-85f4-c10eb874732d@group-2077DD483DC7-LeaderElection522] INFO  impl.LeaderElection (LogUtils.java:infoOrTrace(149)) - a3132885-145f-4a8c-85f4-c10eb874732d@group-2077DD483DC7-LeaderElection522 got exception when requesting votes: {}
java.util.concurrent.ExecutionException: org.apache.ratis.thirdparty.io.grpc.StatusRuntimeException: UNAVAILABLE: io exception
	at java.util.concurrent.FutureTask.report(FutureTask.java:122)
	at java.util.concurrent.FutureTask.get(FutureTask.java:192)
	at org.apache.ratis.server.impl.LeaderElection.waitForResults(LeaderElection.java:259)
	at org.apache.ratis.server.impl.LeaderElection.askForVotes(LeaderElection.java:197)
	at org.apache.ratis.server.impl.LeaderElection.run(LeaderElection.java:133)
	at java.lang.Thread.run(Thread.java:748)
Caused by: org.apache.ratis.thirdparty.io.grpc.StatusRuntimeException: UNAVAILABLE: io exception
	at org.apache.ratis.thirdparty.io.grpc.stub.ClientCalls.toStatusRuntimeException(ClientCalls.java:233)
	at org.apache.ratis.thirdparty.io.grpc.stub.ClientCalls.getUnchecked(ClientCalls.java:214)
	at org.apache.ratis.thirdparty.io.grpc.stub.ClientCalls.blockingUnaryCall(ClientCalls.java:139)
	at org.apache.ratis.proto.grpc.RaftServerProtocolServiceGrpc$RaftServerProtocolServiceBlockingStub.requestVote(RaftServerProtocolServiceGrpc.java:265)
	at org.apache.ratis.grpc.server.GrpcServerProtocolClient.requestVote(GrpcServerProtocolClient.java:99)
	at org.apache.ratis.grpc.server.GrpcService.requestVote(GrpcService.java:204)
	at org.apache.ratis.server.impl.LeaderElection.lambda$submitRequests$1(LeaderElection.java:234)
	at java.util.concurrent.FutureTask.run(FutureTask.java:266)
	at java.util.concurrent.Executors$RunnableAdapter.call(Executors.java:511)
	at java.util.concurrent.FutureTask.run(FutureTask.java:266)
	at java.util.concurrent.ThreadPoolExecutor.runWorker(ThreadPoolExecutor.java:1149)
	at java.util.concurrent.ThreadPoolExecutor$Worker.run(ThreadPoolExecutor.java:624)
	... 1 more
Caused by: org.apache.ratis.thirdparty.io.netty.channel.AbstractChannel$AnnotatedConnectException: Connection refused: /192.168.157.203:43163
	at sun.nio.ch.SocketChannelImpl.checkConnect(Native Method)
	at sun.nio.ch.SocketChannelImpl.finishConnect(SocketChannelImpl.java:717)
	at org.apache.ratis.thirdparty.io.netty.channel.socket.nio.NioSocketChannel.doFinishConnect(NioSocketChannel.java:327)
	at org.apache.ratis.thirdparty.io.netty.channel.nio.AbstractNioChannel$AbstractNioUnsafe.finishConnect(AbstractNioChannel.java:340)
	at org.apache.ratis.thirdparty.io.netty.channel.nio.NioEventLoop.processSelectedKey(NioEventLoop.java:632)
	at org.apache.ratis.thirdparty.io.netty.channel.nio.NioEventLoop.processSelectedKeysOptimized(NioEventLoop.java:579)
	at org.apache.ratis.thirdparty.io.netty.channel.nio.NioEventLoop.processSelectedKeys(NioEventLoop.java:496)
	at org.apache.ratis.thirdparty.io.netty.channel.nio.NioEventLoop.run(NioEventLoop.java:458)
	at org.apache.ratis.thirdparty.io.netty.util.concurrent.SingleThreadEventExecutor$5.run(SingleThreadEventExecutor.java:897)
	at org.apache.ratis.thirdparty.io.netty.util.concurrent.FastThreadLocalRunnable.run(FastThreadLocalRunnable.java:30)
	... 1 more
Caused by: java.net.ConnectException: Connection refused
	... 11 more
2019-10-16 11:36:23,335 [a3132885-145f-4a8c-85f4-c10eb874732d@group-2077DD483DC7-LeaderElection522] INFO  impl.LeaderElection (LeaderElection.java:logAndReturn(56)) - a3132885-145f-4a8c-85f4-c10eb874732d@group-2077DD483DC7-LeaderElection522: Election REJECTED; received 0 response(s) [] and 2 exception(s); a3132885-145f-4a8c-85f4-c10eb874732d@group-2077DD483DC7:t350, leader=null, voted=a3132885-145f-4a8c-85f4-c10eb874732d, raftlog=a3132885-145f-4a8c-85f4-c10eb874732d@group-2077DD483DC7-SegmentedRaftLog:OPENED:c-1,f-1,i0, conf=-1: [163587bb-2c3b-4498-b576-18147cf38274:192.168.157.203:33208, a3132885-145f-4a8c-85f4-c10eb874732d:192.168.157.203:46766, 70b633f6-b230-4b9f-87f3-510da88f1e08:192.168.157.203:43163], old=null
2019-10-16 11:36:23,335 [a3132885-145f-4a8c-85f4-c10eb874732d@group-2077DD483DC7-LeaderElection522] INFO  impl.LeaderElection (LogUtils.java:infoOrTrace(149)) -   Exception 0: {}
java.util.concurrent.ExecutionException: org.apache.ratis.thirdparty.io.grpc.StatusRuntimeException: UNAVAILABLE: io exception
	at java.util.concurrent.FutureTask.report(FutureTask.java:122)
	at java.util.concurrent.FutureTask.get(FutureTask.java:192)
	at org.apache.ratis.server.impl.LeaderElection.waitForResults(LeaderElection.java:259)
	at org.apache.ratis.server.impl.LeaderElection.askForVotes(LeaderElection.java:197)
	at org.apache.ratis.server.impl.LeaderElection.run(LeaderElection.java:133)
	at java.lang.Thread.run(Thread.java:748)
Caused by: org.apache.ratis.thirdparty.io.grpc.StatusRuntimeException: UNAVAILABLE: io exception
	at org.apache.ratis.thirdparty.io.grpc.stub.ClientCalls.toStatusRuntimeException(ClientCalls.java:233)
	at org.apache.ratis.thirdparty.io.grpc.stub.ClientCalls.getUnchecked(ClientCalls.java:214)
	at org.apache.ratis.thirdparty.io.grpc.stub.ClientCalls.blockingUnaryCall(ClientCalls.java:139)
	at org.apache.ratis.proto.grpc.RaftServerProtocolServiceGrpc$RaftServerProtocolServiceBlockingStub.requestVote(RaftServerProtocolServiceGrpc.java:265)
	at org.apache.ratis.grpc.server.GrpcServerProtocolClient.requestVote(GrpcServerProtocolClient.java:99)
	at org.apache.ratis.grpc.server.GrpcService.requestVote(GrpcService.java:204)
	at org.apache.ratis.server.impl.LeaderElection.lambda$submitRequests$1(LeaderElection.java:234)
	at java.util.concurrent.FutureTask.run(FutureTask.java:266)
	at java.util.concurrent.Executors$RunnableAdapter.call(Executors.java:511)
	at java.util.concurrent.FutureTask.run(FutureTask.java:266)
	at java.util.concurrent.ThreadPoolExecutor.runWorker(ThreadPoolExecutor.java:1149)
	at java.util.concurrent.ThreadPoolExecutor$Worker.run(ThreadPoolExecutor.java:624)
	... 1 more
Caused by: org.apache.ratis.thirdparty.io.netty.channel.AbstractChannel$AnnotatedConnectException: Connection refused: /192.168.157.203:33208
	at sun.nio.ch.SocketChannelImpl.checkConnect(Native Method)
	at sun.nio.ch.SocketChannelImpl.finishConnect(SocketChannelImpl.java:717)
	at org.apache.ratis.thirdparty.io.netty.channel.socket.nio.NioSocketChannel.doFinishConnect(NioSocketChannel.java:327)
	at org.apache.ratis.thirdparty.io.netty.channel.nio.AbstractNioChannel$AbstractNioUnsafe.finishConnect(AbstractNioChannel.java:340)
	at org.apache.ratis.thirdparty.io.netty.channel.nio.NioEventLoop.processSelectedKey(NioEventLoop.java:632)
	at org.apache.ratis.thirdparty.io.netty.channel.nio.NioEventLoop.processSelectedKeysOptimized(NioEventLoop.java:579)
	at org.apache.ratis.thirdparty.io.netty.channel.nio.NioEventLoop.processSelectedKeys(NioEventLoop.java:496)
	at org.apache.ratis.thirdparty.io.netty.channel.nio.NioEventLoop.run(NioEventLoop.java:458)
	at org.apache.ratis.thirdparty.io.netty.util.concurrent.SingleThreadEventExecutor$5.run(SingleThreadEventExecutor.java:897)
	at org.apache.ratis.thirdparty.io.netty.util.concurrent.FastThreadLocalRunnable.run(FastThreadLocalRunnable.java:30)
	... 1 more
Caused by: java.net.ConnectException: Connection refused
	... 11 more
2019-10-16 11:36:23,335 [a3132885-145f-4a8c-85f4-c10eb874732d@group-2077DD483DC7-LeaderElection522] INFO  impl.LeaderElection (LogUtils.java:infoOrTrace(149)) -   Exception 1: {}
java.util.concurrent.ExecutionException: org.apache.ratis.thirdparty.io.grpc.StatusRuntimeException: UNAVAILABLE: io exception
	at java.util.concurrent.FutureTask.report(FutureTask.java:122)
	at java.util.concurrent.FutureTask.get(FutureTask.java:192)
	at org.apache.ratis.server.impl.LeaderElection.waitForResults(LeaderElection.java:259)
	at org.apache.ratis.server.impl.LeaderElection.askForVotes(LeaderElection.java:197)
	at org.apache.ratis.server.impl.LeaderElection.run(LeaderElection.java:133)
	at java.lang.Thread.run(Thread.java:748)
Caused by: org.apache.ratis.thirdparty.io.grpc.StatusRuntimeException: UNAVAILABLE: io exception
	at org.apache.ratis.thirdparty.io.grpc.stub.ClientCalls.toStatusRuntimeException(ClientCalls.java:233)
	at org.apache.ratis.thirdparty.io.grpc.stub.ClientCalls.getUnchecked(ClientCalls.java:214)
	at org.apache.ratis.thirdparty.io.grpc.stub.ClientCalls.blockingUnaryCall(ClientCalls.java:139)
	at org.apache.ratis.proto.grpc.RaftServerProtocolServiceGrpc$RaftServerProtocolServiceBlockingStub.requestVote(RaftServerProtocolServiceGrpc.java:265)
	at org.apache.ratis.grpc.server.GrpcServerProtocolClient.requestVote(GrpcServerProtocolClient.java:99)
	at org.apache.ratis.grpc.server.GrpcService.requestVote(GrpcService.java:204)
	at org.apache.ratis.server.impl.LeaderElection.lambda$submitRequests$1(LeaderElection.java:234)
	at java.util.concurrent.FutureTask.run(FutureTask.java:266)
	at java.util.concurrent.Executors$RunnableAdapter.call(Executors.java:511)
	at java.util.concurrent.FutureTask.run(FutureTask.java:266)
	at java.util.concurrent.ThreadPoolExecutor.runWorker(ThreadPoolExecutor.java:1149)
	at java.util.concurrent.ThreadPoolExecutor$Worker.run(ThreadPoolExecutor.java:624)
	... 1 more
Caused by: org.apache.ratis.thirdparty.io.netty.channel.AbstractChannel$AnnotatedConnectException: Connection refused: /192.168.157.203:43163
	at sun.nio.ch.SocketChannelImpl.checkConnect(Native Method)
	at sun.nio.ch.SocketChannelImpl.finishConnect(SocketChannelImpl.java:717)
	at org.apache.ratis.thirdparty.io.netty.channel.socket.nio.NioSocketChannel.doFinishConnect(NioSocketChannel.java:327)
	at org.apache.ratis.thirdparty.io.netty.channel.nio.AbstractNioChannel$AbstractNioUnsafe.finishConnect(AbstractNioChannel.java:340)
	at org.apache.ratis.thirdparty.io.netty.channel.nio.NioEventLoop.processSelectedKey(NioEventLoop.java:632)
	at org.apache.ratis.thirdparty.io.netty.channel.nio.NioEventLoop.processSelectedKeysOptimized(NioEventLoop.java:579)
	at org.apache.ratis.thirdparty.io.netty.channel.nio.NioEventLoop.processSelectedKeys(NioEventLoop.java:496)
	at org.apache.ratis.thirdparty.io.netty.channel.nio.NioEventLoop.run(NioEventLoop.java:458)
	at org.apache.ratis.thirdparty.io.netty.util.concurrent.SingleThreadEventExecutor$5.run(SingleThreadEventExecutor.java:897)
	at org.apache.ratis.thirdparty.io.netty.util.concurrent.FastThreadLocalRunnable.run(FastThreadLocalRunnable.java:30)
	... 1 more
Caused by: java.net.ConnectException: Connection refused
	... 11 more
2019-10-16 11:36:23,336 [a3132885-145f-4a8c-85f4-c10eb874732d@group-2077DD483DC7-LeaderElection522] INFO  impl.RaftServerImpl (RaftServerImpl.java:setRole(184)) - a3132885-145f-4a8c-85f4-c10eb874732d@group-2077DD483DC7: changes role from CANDIDATE to FOLLOWER at term 350 for DISCOVERED_A_NEW_TERM
2019-10-16 11:36:23,336 [a3132885-145f-4a8c-85f4-c10eb874732d@group-2077DD483DC7-LeaderElection522] INFO  impl.RoleInfo (RoleInfo.java:shutdownLeaderElection(134)) - a3132885-145f-4a8c-85f4-c10eb874732d: shutdown LeaderElection
2019-10-16 11:36:23,336 [a3132885-145f-4a8c-85f4-c10eb874732d@group-2077DD483DC7-LeaderElection522] INFO  impl.RoleInfo (RoleInfo.java:updateAndGet(143)) - a3132885-145f-4a8c-85f4-c10eb874732d: start FollowerState
2019-10-16 11:36:23,394 [Thread-3763] INFO  impl.FollowerState (FollowerState.java:run(108)) - a3132885-145f-4a8c-85f4-c10eb874732d@group-2077DD483DC7-FollowerState: change to CANDIDATE, lastRpcTime:58ms, electionTimeout:58ms
2019-10-16 11:36:23,394 [Thread-3763] INFO  impl.RoleInfo (RoleInfo.java:shutdownFollowerState(121)) - a3132885-145f-4a8c-85f4-c10eb874732d: shutdown FollowerState
2019-10-16 11:36:23,394 [Thread-3763] INFO  impl.RaftServerImpl (RaftServerImpl.java:setRole(184)) - a3132885-145f-4a8c-85f4-c10eb874732d@group-2077DD483DC7: changes role from  FOLLOWER to CANDIDATE at term 350 for changeToCandidate
2019-10-16 11:36:23,395 [Thread-3763] INFO  impl.RoleInfo (RoleInfo.java:updateAndGet(143)) - a3132885-145f-4a8c-85f4-c10eb874732d: start LeaderElection
2019-10-16 11:36:23,400 [a3132885-145f-4a8c-85f4-c10eb874732d@group-2077DD483DC7-LeaderElection523] INFO  impl.LeaderElection (LeaderElection.java:askForVotes(178)) - a3132885-145f-4a8c-85f4-c10eb874732d@group-2077DD483DC7-LeaderElection523: begin an election at term 351 for -1: [163587bb-2c3b-4498-b576-18147cf38274:192.168.157.203:33208, a3132885-145f-4a8c-85f4-c10eb874732d:192.168.157.203:46766, 70b633f6-b230-4b9f-87f3-510da88f1e08:192.168.157.203:43163], old=null
2019-10-16 11:36:23,401 [a3132885-145f-4a8c-85f4-c10eb874732d@group-2077DD483DC7-LeaderElection523] INFO  impl.LeaderElection (LogUtils.java:infoOrTrace(149)) - a3132885-145f-4a8c-85f4-c10eb874732d@group-2077DD483DC7-LeaderElection523 got exception when requesting votes: {}
java.util.concurrent.ExecutionException: org.apache.ratis.thirdparty.io.grpc.StatusRuntimeException: UNAVAILABLE: io exception
	at java.util.concurrent.FutureTask.report(FutureTask.java:122)
	at java.util.concurrent.FutureTask.get(FutureTask.java:192)
	at org.apache.ratis.server.impl.LeaderElection.waitForResults(LeaderElection.java:259)
	at org.apache.ratis.server.impl.LeaderElection.askForVotes(LeaderElection.java:197)
	at org.apache.ratis.server.impl.LeaderElection.run(LeaderElection.java:133)
	at java.lang.Thread.run(Thread.java:748)
Caused by: org.apache.ratis.thirdparty.io.grpc.StatusRuntimeException: UNAVAILABLE: io exception
	at org.apache.ratis.thirdparty.io.grpc.stub.ClientCalls.toStatusRuntimeException(ClientCalls.java:233)
	at org.apache.ratis.thirdparty.io.grpc.stub.ClientCalls.getUnchecked(ClientCalls.java:214)
	at org.apache.ratis.thirdparty.io.grpc.stub.ClientCalls.blockingUnaryCall(ClientCalls.java:139)
	at org.apache.ratis.proto.grpc.RaftServerProtocolServiceGrpc$RaftServerProtocolServiceBlockingStub.requestVote(RaftServerProtocolServiceGrpc.java:265)
	at org.apache.ratis.grpc.server.GrpcServerProtocolClient.requestVote(GrpcServerProtocolClient.java:99)
	at org.apache.ratis.grpc.server.GrpcService.requestVote(GrpcService.java:204)
	at org.apache.ratis.server.impl.LeaderElection.lambda$submitRequests$1(LeaderElection.java:234)
	at java.util.concurrent.FutureTask.run(FutureTask.java:266)
	at java.util.concurrent.Executors$RunnableAdapter.call(Executors.java:511)
	at java.util.concurrent.FutureTask.run(FutureTask.java:266)
	at java.util.concurrent.ThreadPoolExecutor.runWorker(ThreadPoolExecutor.java:1149)
	at java.util.concurrent.ThreadPoolExecutor$Worker.run(ThreadPoolExecutor.java:624)
	... 1 more
Caused by: org.apache.ratis.thirdparty.io.netty.channel.AbstractChannel$AnnotatedConnectException: Connection refused: /192.168.157.203:33208
	at sun.nio.ch.SocketChannelImpl.checkConnect(Native Method)
	at sun.nio.ch.SocketChannelImpl.finishConnect(SocketChannelImpl.java:717)
	at org.apache.ratis.thirdparty.io.netty.channel.socket.nio.NioSocketChannel.doFinishConnect(NioSocketChannel.java:327)
	at org.apache.ratis.thirdparty.io.netty.channel.nio.AbstractNioChannel$AbstractNioUnsafe.finishConnect(AbstractNioChannel.java:340)
	at org.apache.ratis.thirdparty.io.netty.channel.nio.NioEventLoop.processSelectedKey(NioEventLoop.java:632)
	at org.apache.ratis.thirdparty.io.netty.channel.nio.NioEventLoop.processSelectedKeysOptimized(NioEventLoop.java:579)
	at org.apache.ratis.thirdparty.io.netty.channel.nio.NioEventLoop.processSelectedKeys(NioEventLoop.java:496)
	at org.apache.ratis.thirdparty.io.netty.channel.nio.NioEventLoop.run(NioEventLoop.java:458)
	at org.apache.ratis.thirdparty.io.netty.util.concurrent.SingleThreadEventExecutor$5.run(SingleThreadEventExecutor.java:897)
	at org.apache.ratis.thirdparty.io.netty.util.concurrent.FastThreadLocalRunnable.run(FastThreadLocalRunnable.java:30)
	... 1 more
Caused by: java.net.ConnectException: Connection refused
	... 11 more
2019-10-16 11:36:23,401 [a3132885-145f-4a8c-85f4-c10eb874732d@group-2077DD483DC7-LeaderElection523] INFO  impl.LeaderElection (LogUtils.java:infoOrTrace(149)) - a3132885-145f-4a8c-85f4-c10eb874732d@group-2077DD483DC7-LeaderElection523 got exception when requesting votes: {}
java.util.concurrent.ExecutionException: org.apache.ratis.thirdparty.io.grpc.StatusRuntimeException: UNAVAILABLE: io exception
	at java.util.concurrent.FutureTask.report(FutureTask.java:122)
	at java.util.concurrent.FutureTask.get(FutureTask.java:192)
	at org.apache.ratis.server.impl.LeaderElection.waitForResults(LeaderElection.java:259)
	at org.apache.ratis.server.impl.LeaderElection.askForVotes(LeaderElection.java:197)
	at org.apache.ratis.server.impl.LeaderElection.run(LeaderElection.java:133)
	at java.lang.Thread.run(Thread.java:748)
Caused by: org.apache.ratis.thirdparty.io.grpc.StatusRuntimeException: UNAVAILABLE: io exception
	at org.apache.ratis.thirdparty.io.grpc.stub.ClientCalls.toStatusRuntimeException(ClientCalls.java:233)
	at org.apache.ratis.thirdparty.io.grpc.stub.ClientCalls.getUnchecked(ClientCalls.java:214)
	at org.apache.ratis.thirdparty.io.grpc.stub.ClientCalls.blockingUnaryCall(ClientCalls.java:139)
	at org.apache.ratis.proto.grpc.RaftServerProtocolServiceGrpc$RaftServerProtocolServiceBlockingStub.requestVote(RaftServerProtocolServiceGrpc.java:265)
	at org.apache.ratis.grpc.server.GrpcServerProtocolClient.requestVote(GrpcServerProtocolClient.java:99)
	at org.apache.ratis.grpc.server.GrpcService.requestVote(GrpcService.java:204)
	at org.apache.ratis.server.impl.LeaderElection.lambda$submitRequests$1(LeaderElection.java:234)
	at java.util.concurrent.FutureTask.run(FutureTask.java:266)
	at java.util.concurrent.Executors$RunnableAdapter.call(Executors.java:511)
	at java.util.concurrent.FutureTask.run(FutureTask.java:266)
	at java.util.concurrent.ThreadPoolExecutor.runWorker(ThreadPoolExecutor.java:1149)
	at java.util.concurrent.ThreadPoolExecutor$Worker.run(ThreadPoolExecutor.java:624)
	... 1 more
Caused by: org.apache.ratis.thirdparty.io.netty.channel.AbstractChannel$AnnotatedConnectException: Connection refused: /192.168.157.203:43163
	at sun.nio.ch.SocketChannelImpl.checkConnect(Native Method)
	at sun.nio.ch.SocketChannelImpl.finishConnect(SocketChannelImpl.java:717)
	at org.apache.ratis.thirdparty.io.netty.channel.socket.nio.NioSocketChannel.doFinishConnect(NioSocketChannel.java:327)
	at org.apache.ratis.thirdparty.io.netty.channel.nio.AbstractNioChannel$AbstractNioUnsafe.finishConnect(AbstractNioChannel.java:340)
	at org.apache.ratis.thirdparty.io.netty.channel.nio.NioEventLoop.processSelectedKey(NioEventLoop.java:632)
	at org.apache.ratis.thirdparty.io.netty.channel.nio.NioEventLoop.processSelectedKeysOptimized(NioEventLoop.java:579)
	at org.apache.ratis.thirdparty.io.netty.channel.nio.NioEventLoop.processSelectedKeys(NioEventLoop.java:496)
	at org.apache.ratis.thirdparty.io.netty.channel.nio.NioEventLoop.run(NioEventLoop.java:458)
	at org.apache.ratis.thirdparty.io.netty.util.concurrent.SingleThreadEventExecutor$5.run(SingleThreadEventExecutor.java:897)
	at org.apache.ratis.thirdparty.io.netty.util.concurrent.FastThreadLocalRunnable.run(FastThreadLocalRunnable.java:30)
	... 1 more
Caused by: java.net.ConnectException: Connection refused
	... 11 more
2019-10-16 11:36:23,402 [a3132885-145f-4a8c-85f4-c10eb874732d@group-2077DD483DC7-LeaderElection523] INFO  impl.LeaderElection (LeaderElection.java:logAndReturn(56)) - a3132885-145f-4a8c-85f4-c10eb874732d@group-2077DD483DC7-LeaderElection523: Election REJECTED; received 0 response(s) [] and 2 exception(s); a3132885-145f-4a8c-85f4-c10eb874732d@group-2077DD483DC7:t351, leader=null, voted=a3132885-145f-4a8c-85f4-c10eb874732d, raftlog=a3132885-145f-4a8c-85f4-c10eb874732d@group-2077DD483DC7-SegmentedRaftLog:OPENED:c-1,f-1,i0, conf=-1: [163587bb-2c3b-4498-b576-18147cf38274:192.168.157.203:33208, a3132885-145f-4a8c-85f4-c10eb874732d:192.168.157.203:46766, 70b633f6-b230-4b9f-87f3-510da88f1e08:192.168.157.203:43163], old=null
2019-10-16 11:36:23,402 [a3132885-145f-4a8c-85f4-c10eb874732d@group-2077DD483DC7-LeaderElection523] INFO  impl.LeaderElection (LogUtils.java:infoOrTrace(149)) -   Exception 0: {}
java.util.concurrent.ExecutionException: org.apache.ratis.thirdparty.io.grpc.StatusRuntimeException: UNAVAILABLE: io exception
	at java.util.concurrent.FutureTask.report(FutureTask.java:122)
	at java.util.concurrent.FutureTask.get(FutureTask.java:192)
	at org.apache.ratis.server.impl.LeaderElection.waitForResults(LeaderElection.java:259)
	at org.apache.ratis.server.impl.LeaderElection.askForVotes(LeaderElection.java:197)
	at org.apache.ratis.server.impl.LeaderElection.run(LeaderElection.java:133)
	at java.lang.Thread.run(Thread.java:748)
Caused by: org.apache.ratis.thirdparty.io.grpc.StatusRuntimeException: UNAVAILABLE: io exception
	at org.apache.ratis.thirdparty.io.grpc.stub.ClientCalls.toStatusRuntimeException(ClientCalls.java:233)
	at org.apache.ratis.thirdparty.io.grpc.stub.ClientCalls.getUnchecked(ClientCalls.java:214)
	at org.apache.ratis.thirdparty.io.grpc.stub.ClientCalls.blockingUnaryCall(ClientCalls.java:139)
	at org.apache.ratis.proto.grpc.RaftServerProtocolServiceGrpc$RaftServerProtocolServiceBlockingStub.requestVote(RaftServerProtocolServiceGrpc.java:265)
	at org.apache.ratis.grpc.server.GrpcServerProtocolClient.requestVote(GrpcServerProtocolClient.java:99)
	at org.apache.ratis.grpc.server.GrpcService.requestVote(GrpcService.java:204)
	at org.apache.ratis.server.impl.LeaderElection.lambda$submitRequests$1(LeaderElection.java:234)
	at java.util.concurrent.FutureTask.run(FutureTask.java:266)
	at java.util.concurrent.Executors$RunnableAdapter.call(Executors.java:511)
	at java.util.concurrent.FutureTask.run(FutureTask.java:266)
	at java.util.concurrent.ThreadPoolExecutor.runWorker(ThreadPoolExecutor.java:1149)
	at java.util.concurrent.ThreadPoolExecutor$Worker.run(ThreadPoolExecutor.java:624)
	... 1 more
Caused by: org.apache.ratis.thirdparty.io.netty.channel.AbstractChannel$AnnotatedConnectException: Connection refused: /192.168.157.203:33208
	at sun.nio.ch.SocketChannelImpl.checkConnect(Native Method)
	at sun.nio.ch.SocketChannelImpl.finishConnect(SocketChannelImpl.java:717)
	at org.apache.ratis.thirdparty.io.netty.channel.socket.nio.NioSocketChannel.doFinishConnect(NioSocketChannel.java:327)
	at org.apache.ratis.thirdparty.io.netty.channel.nio.AbstractNioChannel$AbstractNioUnsafe.finishConnect(AbstractNioChannel.java:340)
	at org.apache.ratis.thirdparty.io.netty.channel.nio.NioEventLoop.processSelectedKey(NioEventLoop.java:632)
	at org.apache.ratis.thirdparty.io.netty.channel.nio.NioEventLoop.processSelectedKeysOptimized(NioEventLoop.java:579)
	at org.apache.ratis.thirdparty.io.netty.channel.nio.NioEventLoop.processSelectedKeys(NioEventLoop.java:496)
	at org.apache.ratis.thirdparty.io.netty.channel.nio.NioEventLoop.run(NioEventLoop.java:458)
	at org.apache.ratis.thirdparty.io.netty.util.concurrent.SingleThreadEventExecutor$5.run(SingleThreadEventExecutor.java:897)
	at org.apache.ratis.thirdparty.io.netty.util.concurrent.FastThreadLocalRunnable.run(FastThreadLocalRunnable.java:30)
	... 1 more
Caused by: java.net.ConnectException: Connection refused
	... 11 more
2019-10-16 11:36:23,402 [a3132885-145f-4a8c-85f4-c10eb874732d@group-2077DD483DC7-LeaderElection523] INFO  impl.LeaderElection (LogUtils.java:infoOrTrace(149)) -   Exception 1: {}
java.util.concurrent.ExecutionException: org.apache.ratis.thirdparty.io.grpc.StatusRuntimeException: UNAVAILABLE: io exception
	at java.util.concurrent.FutureTask.report(FutureTask.java:122)
	at java.util.concurrent.FutureTask.get(FutureTask.java:192)
	at org.apache.ratis.server.impl.LeaderElection.waitForResults(LeaderElection.java:259)
	at org.apache.ratis.server.impl.LeaderElection.askForVotes(LeaderElection.java:197)
	at org.apache.ratis.server.impl.LeaderElection.run(LeaderElection.java:133)
	at java.lang.Thread.run(Thread.java:748)
Caused by: org.apache.ratis.thirdparty.io.grpc.StatusRuntimeException: UNAVAILABLE: io exception
	at org.apache.ratis.thirdparty.io.grpc.stub.ClientCalls.toStatusRuntimeException(ClientCalls.java:233)
	at org.apache.ratis.thirdparty.io.grpc.stub.ClientCalls.getUnchecked(ClientCalls.java:214)
	at org.apache.ratis.thirdparty.io.grpc.stub.ClientCalls.blockingUnaryCall(ClientCalls.java:139)
	at org.apache.ratis.proto.grpc.RaftServerProtocolServiceGrpc$RaftServerProtocolServiceBlockingStub.requestVote(RaftServerProtocolServiceGrpc.java:265)
	at org.apache.ratis.grpc.server.GrpcServerProtocolClient.requestVote(GrpcServerProtocolClient.java:99)
	at org.apache.ratis.grpc.server.GrpcService.requestVote(GrpcService.java:204)
	at org.apache.ratis.server.impl.LeaderElection.lambda$submitRequests$1(LeaderElection.java:234)
	at java.util.concurrent.FutureTask.run(FutureTask.java:266)
	at java.util.concurrent.Executors$RunnableAdapter.call(Executors.java:511)
	at java.util.concurrent.FutureTask.run(FutureTask.java:266)
	at java.util.concurrent.ThreadPoolExecutor.runWorker(ThreadPoolExecutor.java:1149)
	at java.util.concurrent.ThreadPoolExecutor$Worker.run(ThreadPoolExecutor.java:624)
	... 1 more
Caused by: org.apache.ratis.thirdparty.io.netty.channel.AbstractChannel$AnnotatedConnectException: Connection refused: /192.168.157.203:43163
	at sun.nio.ch.SocketChannelImpl.checkConnect(Native Method)
	at sun.nio.ch.SocketChannelImpl.finishConnect(SocketChannelImpl.java:717)
	at org.apache.ratis.thirdparty.io.netty.channel.socket.nio.NioSocketChannel.doFinishConnect(NioSocketChannel.java:327)
	at org.apache.ratis.thirdparty.io.netty.channel.nio.AbstractNioChannel$AbstractNioUnsafe.finishConnect(AbstractNioChannel.java:340)
	at org.apache.ratis.thirdparty.io.netty.channel.nio.NioEventLoop.processSelectedKey(NioEventLoop.java:632)
	at org.apache.ratis.thirdparty.io.netty.channel.nio.NioEventLoop.processSelectedKeysOptimized(NioEventLoop.java:579)
	at org.apache.ratis.thirdparty.io.netty.channel.nio.NioEventLoop.processSelectedKeys(NioEventLoop.java:496)
	at org.apache.ratis.thirdparty.io.netty.channel.nio.NioEventLoop.run(NioEventLoop.java:458)
	at org.apache.ratis.thirdparty.io.netty.util.concurrent.SingleThreadEventExecutor$5.run(SingleThreadEventExecutor.java:897)
	at org.apache.ratis.thirdparty.io.netty.util.concurrent.FastThreadLocalRunnable.run(FastThreadLocalRunnable.java:30)
	... 1 more
Caused by: java.net.ConnectException: Connection refused
	... 11 more
2019-10-16 11:36:23,403 [a3132885-145f-4a8c-85f4-c10eb874732d@group-2077DD483DC7-LeaderElection523] INFO  impl.RaftServerImpl (RaftServerImpl.java:setRole(184)) - a3132885-145f-4a8c-85f4-c10eb874732d@group-2077DD483DC7: changes role from CANDIDATE to FOLLOWER at term 351 for DISCOVERED_A_NEW_TERM
2019-10-16 11:36:23,403 [a3132885-145f-4a8c-85f4-c10eb874732d@group-2077DD483DC7-LeaderElection523] INFO  impl.RoleInfo (RoleInfo.java:shutdownLeaderElection(134)) - a3132885-145f-4a8c-85f4-c10eb874732d: shutdown LeaderElection
2019-10-16 11:36:23,403 [a3132885-145f-4a8c-85f4-c10eb874732d@group-2077DD483DC7-LeaderElection523] INFO  impl.RoleInfo (RoleInfo.java:updateAndGet(143)) - a3132885-145f-4a8c-85f4-c10eb874732d: start FollowerState
2019-10-16 11:36:23,410 [main] INFO  ozoneimpl.OzoneContainer (OzoneContainer.java:stop(227)) - Attempting to stop container services.
2019-10-16 11:36:23,411 [main] INFO  impl.RaftServerProxy (RaftServerProxy.java:lambda$close$4(314)) - a3132885-145f-4a8c-85f4-c10eb874732d: close
2019-10-16 11:36:23,411 [main] INFO  impl.RaftServerImpl (RaftServerImpl.java:lambda$shutdown$3(261)) - a3132885-145f-4a8c-85f4-c10eb874732d@group-5236A701081D: shutdown
2019-10-16 11:36:23,411 [ForkJoinPool.commonPool-worker-0] INFO  impl.RaftServerImpl (RaftServerImpl.java:lambda$shutdown$3(261)) - a3132885-145f-4a8c-85f4-c10eb874732d@group-2077DD483DC7: shutdown
2019-10-16 11:36:23,411 [main] INFO  util.JmxRegister (JmxRegister.java:unregister(73)) - Successfully un-registered JMX Bean with object name Ratis:service=RaftServer,group=group-5236A701081D,id=a3132885-145f-4a8c-85f4-c10eb874732d
2019-10-16 11:36:23,412 [ForkJoinPool.commonPool-worker-0] INFO  util.JmxRegister (JmxRegister.java:unregister(73)) - Successfully un-registered JMX Bean with object name Ratis:service=RaftServer,group=group-2077DD483DC7,id=a3132885-145f-4a8c-85f4-c10eb874732d
2019-10-16 11:36:23,412 [main] INFO  impl.RoleInfo (RoleInfo.java:shutdownLeaderState(104)) - a3132885-145f-4a8c-85f4-c10eb874732d: shutdown LeaderState
2019-10-16 11:36:23,412 [ForkJoinPool.commonPool-worker-0] INFO  impl.RoleInfo (RoleInfo.java:shutdownFollowerState(121)) - a3132885-145f-4a8c-85f4-c10eb874732d: shutdown FollowerState
2019-10-16 11:36:23,412 [main] INFO  impl.PendingRequests (PendingRequests.java:sendNotLeaderResponses(202)) - a3132885-145f-4a8c-85f4-c10eb874732d@group-5236A701081D-PendingRequests: sendNotLeaderResponses
2019-10-16 11:36:23,413 [Thread-3767] INFO  impl.FollowerState (FollowerState.java:run(117)) - a3132885-145f-4a8c-85f4-c10eb874732d@group-2077DD483DC7-FollowerState was interrupted: java.lang.InterruptedException: sleep interrupted
2019-10-16 11:36:23,412 [ForkJoinPool.commonPool-worker-0] INFO  impl.StateMachineUpdater (StateMachineUpdater.java:stopAndJoin(136)) - a3132885-145f-4a8c-85f4-c10eb874732d@group-2077DD483DC7-StateMachineUpdater: set stopIndex = -1
2019-10-16 11:36:23,413 [main] INFO  impl.StateMachineUpdater (StateMachineUpdater.java:stopAndJoin(136)) - a3132885-145f-4a8c-85f4-c10eb874732d@group-5236A701081D-StateMachineUpdater: set stopIndex = 0
2019-10-16 11:36:23,413 [ForkJoinPool.commonPool-worker-0] INFO  impl.RaftServerImpl (ServerState.java:close(388)) - a3132885-145f-4a8c-85f4-c10eb874732d@group-2077DD483DC7: closes. applyIndex: -1
2019-10-16 11:36:23,414 [main] INFO  impl.RaftServerImpl (ServerState.java:close(388)) - a3132885-145f-4a8c-85f4-c10eb874732d@group-5236A701081D: closes. applyIndex: 0
2019-10-16 11:36:23,414 [a3132885-145f-4a8c-85f4-c10eb874732d@group-2077DD483DC7-SegmentedRaftLogWorker] INFO  segmented.SegmentedRaftLogWorker (SegmentedRaftLogWorker.java:run(316)) - a3132885-145f-4a8c-85f4-c10eb874732d@group-2077DD483DC7-SegmentedRaftLogWorker was interrupted, exiting. There are 0 tasks remaining in the queue.
2019-10-16 11:36:23,414 [ForkJoinPool.commonPool-worker-0] INFO  segmented.SegmentedRaftLogWorker (SegmentedRaftLogWorker.java:close(224)) - a3132885-145f-4a8c-85f4-c10eb874732d@group-2077DD483DC7-SegmentedRaftLogWorker close()
2019-10-16 11:36:23,414 [a3132885-145f-4a8c-85f4-c10eb874732d@group-5236A701081D-SegmentedRaftLogWorker] INFO  segmented.SegmentedRaftLogWorker (SegmentedRaftLogWorker.java:run(316)) - a3132885-145f-4a8c-85f4-c10eb874732d@group-5236A701081D-SegmentedRaftLogWorker was interrupted, exiting. There are 0 tasks remaining in the queue.
2019-10-16 11:36:23,415 [main] INFO  segmented.SegmentedRaftLogWorker (SegmentedRaftLogWorker.java:close(224)) - a3132885-145f-4a8c-85f4-c10eb874732d@group-5236A701081D-SegmentedRaftLogWorker close()
2019-10-16 11:36:23,417 [main] INFO  server.GrpcService (GrpcService.java:closeImpl(164)) - a3132885-145f-4a8c-85f4-c10eb874732d: shutdown server with port 46766 now
2019-10-16 11:36:23,417 [main] INFO  server.GrpcService (GrpcService.java:closeImpl(172)) - a3132885-145f-4a8c-85f4-c10eb874732d: shutdown server with port 46766 successfully
2019-10-16 11:36:23,423 [refreshUsed-/workdir/hadoop-ozone/integration-test/target/test-dir/MiniOzoneClusterImpl-d10f3a9c-4fd6-4949-a3ff-490e135742c9/datanode-7/data/containers] WARN  fs.CachingGetSpaceUsed (CachingGetSpaceUsed.java:run(183)) - Thread Interrupted waiting to refresh disk information: sleep interrupted
2019-10-16 11:36:23,447 [main] INFO  utils.BackgroundService (BackgroundService.java:shutdown(151)) - Shutting down service BlockDeletingService
2019-10-16 11:36:23,450 [main] INFO  statemachine.DatanodeStateMachine (DatanodeStateMachine.java:stopDaemon(395)) - Ozone container server stopped.
2019-10-16 11:36:23,451 [main] INFO  handler.ContextHandler (ContextHandler.java:doStop(910)) - Stopped o.e.j.w.WebAppContext@10f7918f{/,null,UNAVAILABLE}{/hddsDatanode}
2019-10-16 11:36:23,452 [main] INFO  server.AbstractConnector (AbstractConnector.java:doStop(318)) - Stopped ServerConnector@64d4f7c7{HTTP/1.1,[http/1.1]}{0.0.0.0:0}
2019-10-16 11:36:23,452 [main] INFO  handler.ContextHandler (ContextHandler.java:doStop(910)) - Stopped o.e.j.s.ServletContextHandler@1352434e{/static,jar:file:/home/user/.m2/repository/org/apache/hadoop/hadoop-hdds-container-service/0.5.0-SNAPSHOT/hadoop-hdds-container-service-0.5.0-SNAPSHOT.jar!/webapps/static,UNAVAILABLE}
2019-10-16 11:36:23,453 [main] INFO  handler.ContextHandler (ContextHandler.java:doStop(910)) - Stopped o.e.j.s.ServletContextHandler@12eedfee{/logs,file:///workdir/hadoop-ozone/integration-test/target/log,UNAVAILABLE}
2019-10-16 11:36:23,454 [main] INFO  ozone.MiniOzoneClusterImpl (MiniOzoneClusterImpl.java:stopSCM(392)) - Stopping the StorageContainerManager
2019-10-16 11:36:23,455 [main] INFO  server.StorageContainerManager (StorageContainerManager.java:stop(810)) - Stopping Replication Manager Service.
2019-10-16 11:36:23,455 [main] INFO  container.ReplicationManager (ReplicationManager.java:stop(203)) - Stopping Replication Monitor Thread.
2019-10-16 11:36:23,455 [main] INFO  server.StorageContainerManager (StorageContainerManager.java:stop(817)) - Stopping Lease Manager of the command watchers
2019-10-16 11:36:23,456 [main] INFO  server.StorageContainerManager (StorageContainerManager.java:stop(824)) - Stopping datanode service RPC server
2019-10-16 11:36:23,456 [main] INFO  server.SCMDatanodeProtocolServer (SCMDatanodeProtocolServer.java:stop(346)) - Stopping the RPC server for DataNodes
2019-10-16 11:36:23,456 [main] INFO  ipc.Server (Server.java:stop(3082)) - Stopping server on 38947
2019-10-16 11:36:23,457 [IPC Server listener on 38947] INFO  ipc.Server (Server.java:run(1185)) - Stopping IPC Server listener on 38947
2019-10-16 11:36:23,458 [IPC Server Responder] INFO  ipc.Server (Server.java:run(1319)) - Stopping IPC Server Responder
2019-10-16 11:36:23,499 [java.util.concurrent.ThreadPoolExecutor$Worker@1a001f89[State = -1, empty queue]] WARN  server.GrpcLogAppender (GrpcLogAppender.java:timeoutAppendRequest(209)) - 5c445d34-c031-481c-9d4b-8fbace1f61b8@group-8BBDE5791A04->857fec05-692a-4d09-bf1c-7d167682feae-GrpcLogAppender: appendEntries Timeout, request=5c445d34-c031-481c-9d4b-8fbace1f61b8->857fec05-692a-4d09-bf1c-7d167682feae#102-t6, previous=(t:6, i:21), leaderCommit=21, initializing? false, entries: <empty>
2019-10-16 11:36:23,543 [SCM Heartbeat Processing Thread - 0] WARN  node.NodeStateManager (NodeStateManager.java:scheduleNextHealthCheck(646)) - Current Thread is interrupted, shutting down HB processing thread for Node Manager.
2019-10-16 11:36:23,543 [main] INFO  server.StorageContainerManager (StorageContainerManager.java:stop(832)) - Stopping block service RPC server
2019-10-16 11:36:23,543 [main] INFO  server.SCMBlockProtocolServer (SCMBlockProtocolServer.java:stop(155)) - Stopping the RPC server for Block Protocol
2019-10-16 11:36:23,544 [java.util.concurrent.ThreadPoolExecutor$Worker@2268bd8a[State = -1, empty queue]] WARN  server.GrpcLogAppender (GrpcLogAppender.java:timeoutAppendRequest(209)) - 5c445d34-c031-481c-9d4b-8fbace1f61b8@group-8BBDE5791A04->411bb2a3-40ef-4fc0-81ca-4490e6d37035-GrpcLogAppender: appendEntries Timeout, request=5c445d34-c031-481c-9d4b-8fbace1f61b8->411bb2a3-40ef-4fc0-81ca-4490e6d37035#103-t6, previous=(t:6, i:21), leaderCommit=21, initializing? false, entries: <empty>
2019-10-16 11:36:23,544 [main] INFO  ipc.Server (Server.java:stop(3082)) - Stopping server on 35757
2019-10-16 11:36:23,546 [IPC Server listener on 35757] INFO  ipc.Server (Server.java:run(1185)) - Stopping IPC Server listener on 35757
2019-10-16 11:36:23,546 [main] INFO  server.StorageContainerManager (StorageContainerManager.java:stop(839)) - Stopping the StorageContainerLocationProtocol RPC server
2019-10-16 11:36:23,546 [IPC Server Responder] INFO  ipc.Server (Server.java:run(1319)) - Stopping IPC Server Responder
2019-10-16 11:36:23,547 [main] INFO  server.SCMClientProtocolServer (SCMClientProtocolServer.java:stop(168)) - Stopping the RPC server for Client Protocol
2019-10-16 11:36:23,547 [main] INFO  ipc.Server (Server.java:stop(3082)) - Stopping server on 39060
2019-10-16 11:36:23,548 [IPC Server listener on 39060] INFO  ipc.Server (Server.java:run(1185)) - Stopping IPC Server listener on 39060
2019-10-16 11:36:23,549 [main] INFO  server.StorageContainerManager (StorageContainerManager.java:stop(846)) - Stopping Storage Container Manager HTTP server.
2019-10-16 11:36:23,549 [IPC Server Responder] INFO  ipc.Server (Server.java:run(1319)) - Stopping IPC Server Responder
2019-10-16 11:36:23,550 [main] INFO  handler.ContextHandler (ContextHandler.java:doStop(910)) - Stopped o.e.j.w.WebAppContext@3b366632{/,null,UNAVAILABLE}{/scm}
2019-10-16 11:36:23,551 [main] INFO  server.AbstractConnector (AbstractConnector.java:doStop(318)) - Stopped ServerConnector@6815c5f2{HTTP/1.1,[http/1.1]}{0.0.0.0:0}
2019-10-16 11:36:23,551 [main] INFO  handler.ContextHandler (ContextHandler.java:doStop(910)) - Stopped o.e.j.s.ServletContextHandler@37052337{/static,file:///workdir/hadoop-ozone/integration-test/target/test-classes/webapps/static,UNAVAILABLE}
2019-10-16 11:36:23,552 [main] INFO  handler.ContextHandler (ContextHandler.java:doStop(910)) - Stopped o.e.j.s.ServletContextHandler@340da44c{/logs,file:///workdir/hadoop-ozone/integration-test/target/log,UNAVAILABLE}
2019-10-16 11:36:23,552 [main] INFO  server.StorageContainerManager (StorageContainerManager.java:stop(857)) - Stopping Block Manager Service.
2019-10-16 11:36:23,553 [main] INFO  utils.BackgroundService (BackgroundService.java:shutdown(151)) - Shutting down service SCMBlockDeletingService
2019-10-16 11:36:23,553 [main] INFO  utils.BackgroundService (BackgroundService.java:shutdown(151)) - Shutting down service SCMBlockDeletingService
2019-10-16 11:36:23,554 [main] INFO  server.StorageContainerManager (StorageContainerManager.java:stop(879)) - Stopping SCM Event Queue.
2019-10-16 11:36:23,564 [main] INFO  impl.MetricsSystemImpl (MetricsSystemImpl.java:stop(210)) - Stopping XceiverClientMetrics metrics system...
2019-10-16 11:36:23,580 [prometheus] INFO  impl.MetricsSinkAdapter (MetricsSinkAdapter.java:publishMetricsFromQueue(141)) - prometheus thread interrupted.
2019-10-16 11:36:23,580 [main] INFO  impl.MetricsSystemImpl (MetricsSystemImpl.java:stop(216)) - XceiverClientMetrics metrics system stopped.
]]></system-out>
    <system-err><![CDATA[ERROR StatusLogger No Log4j 2 configuration file found. Using default configuration (logging only errors to the console), or user programmatically provided configurations. Set system property 'log4j2.debug' to show Log4j 2 internal initialization logging. See https://logging.apache.org/log4j/2.x/manual/configuration.html for instructions on how to configure Log4j 2
Exception in thread "1ee6da7b-5867-4bad-ba0d-a2cfd13fd72a@group-B3673A53AB6F-LeaderElection361" java.lang.IllegalStateException: ILLEGAL TRANSITION: In 1ee6da7b-5867-4bad-ba0d-a2cfd13fd72a@group-B3673A53AB6F-LeaderElection361, RUNNING -> CLOSED
	at org.apache.ratis.util.Preconditions.assertTrue(Preconditions.java:63)
	at org.apache.ratis.util.LifeCycle$State.validate(LifeCycle.java:123)
	at org.apache.ratis.util.LifeCycle.transition(LifeCycle.java:143)
	at org.apache.ratis.server.impl.LeaderElection.run(LeaderElection.java:151)
	at java.lang.Thread.run(Thread.java:748)
Oct 16, 2019 11:36:08 AM org.apache.ratis.thirdparty.io.grpc.internal.SerializingExecutor run
SEVERE: Exception while executing runnable org.apache.ratis.thirdparty.io.grpc.internal.ServerImpl$JumpToApplicationThreadServerStreamListener$1Closed@421c0f8f
org.apache.ratis.thirdparty.io.grpc.StatusRuntimeException: CANCELLED: call already cancelled
	at org.apache.ratis.thirdparty.io.grpc.Status.asRuntimeException(Status.java:517)
	at org.apache.ratis.thirdparty.io.grpc.stub.ServerCalls$ServerCallStreamObserverImpl.onCompleted(ServerCalls.java:356)
	at org.apache.ratis.grpc.server.GrpcServerProtocolService$ServerRequestStreamObserver.onError(GrpcServerProtocolService.java:121)
	at org.apache.ratis.thirdparty.io.grpc.stub.ServerCalls$StreamingServerCallHandler$StreamingServerCallListener.onCancel(ServerCalls.java:269)
	at org.apache.ratis.thirdparty.io.grpc.internal.ServerCallImpl$ServerStreamListenerImpl.closed(ServerCallImpl.java:293)
	at org.apache.ratis.thirdparty.io.grpc.internal.ServerImpl$JumpToApplicationThreadServerStreamListener$1Closed.runInContext(ServerImpl.java:741)
	at org.apache.ratis.thirdparty.io.grpc.internal.ContextRunnable.run(ContextRunnable.java:37)
	at org.apache.ratis.thirdparty.io.grpc.internal.SerializingExecutor.run(SerializingExecutor.java:123)
	at java.util.concurrent.ThreadPoolExecutor.runWorker(ThreadPoolExecutor.java:1149)
	at java.util.concurrent.ThreadPoolExecutor$Worker.run(ThreadPoolExecutor.java:624)
	at java.lang.Thread.run(Thread.java:748)

Oct 16, 2019 11:36:08 AM org.apache.ratis.thirdparty.io.grpc.internal.SerializingExecutor run
SEVERE: Exception while executing runnable org.apache.ratis.thirdparty.io.grpc.internal.ClientCallImpl$ClientStreamListenerImpl$1StreamClosed@2ffb4f2
java.lang.NullPointerException
	at org.apache.ratis.grpc.server.GrpcLogAppender$AppendLogResponseHandler.onError(GrpcLogAppender.java:303)
	at org.apache.ratis.thirdparty.io.grpc.stub.ClientCalls$StreamObserverToCallListenerAdapter.onClose(ClientCalls.java:434)
	at org.apache.ratis.thirdparty.io.grpc.PartialForwardingClientCallListener.onClose(PartialForwardingClientCallListener.java:39)
	at org.apache.ratis.thirdparty.io.grpc.ForwardingClientCallListener.onClose(ForwardingClientCallListener.java:23)
	at org.apache.ratis.thirdparty.io.grpc.ForwardingClientCallListener$SimpleForwardingClientCallListener.onClose(ForwardingClientCallListener.java:40)
	at org.apache.ratis.thirdparty.io.grpc.internal.CensusStatsModule$StatsClientInterceptor$1$1.onClose(CensusStatsModule.java:678)
	at org.apache.ratis.thirdparty.io.grpc.PartialForwardingClientCallListener.onClose(PartialForwardingClientCallListener.java:39)
	at org.apache.ratis.thirdparty.io.grpc.ForwardingClientCallListener.onClose(ForwardingClientCallListener.java:23)
	at org.apache.ratis.thirdparty.io.grpc.ForwardingClientCallListener$SimpleForwardingClientCallListener.onClose(ForwardingClientCallListener.java:40)
	at org.apache.ratis.thirdparty.io.grpc.internal.CensusTracingModule$TracingClientInterceptor$1$1.onClose(CensusTracingModule.java:397)
	at org.apache.ratis.thirdparty.io.grpc.internal.ClientCallImpl.closeObserver(ClientCallImpl.java:459)
	at org.apache.ratis.thirdparty.io.grpc.internal.ClientCallImpl.access$300(ClientCallImpl.java:63)
	at org.apache.ratis.thirdparty.io.grpc.internal.ClientCallImpl$ClientStreamListenerImpl.close(ClientCallImpl.java:546)
	at org.apache.ratis.thirdparty.io.grpc.internal.ClientCallImpl$ClientStreamListenerImpl.access$600(ClientCallImpl.java:467)
	at org.apache.ratis.thirdparty.io.grpc.internal.ClientCallImpl$ClientStreamListenerImpl$1StreamClosed.runInContext(ClientCallImpl.java:584)
	at org.apache.ratis.thirdparty.io.grpc.internal.ContextRunnable.run(ContextRunnable.java:37)
	at org.apache.ratis.thirdparty.io.grpc.internal.SerializingExecutor.run(SerializingExecutor.java:123)
	at java.util.concurrent.ThreadPoolExecutor.runWorker(ThreadPoolExecutor.java:1149)
	at java.util.concurrent.ThreadPoolExecutor$Worker.run(ThreadPoolExecutor.java:624)
	at java.lang.Thread.run(Thread.java:748)

Oct 16, 2019 11:36:18 AM org.apache.ratis.thirdparty.io.grpc.internal.SerializingExecutor run
SEVERE: Exception while executing runnable org.apache.ratis.thirdparty.io.grpc.internal.ServerImpl$JumpToApplicationThreadServerStreamListener$1Closed@37037e11
org.apache.ratis.thirdparty.io.grpc.StatusRuntimeException: CANCELLED: call already cancelled
	at org.apache.ratis.thirdparty.io.grpc.Status.asRuntimeException(Status.java:517)
	at org.apache.ratis.thirdparty.io.grpc.stub.ServerCalls$ServerCallStreamObserverImpl.onCompleted(ServerCalls.java:356)
	at org.apache.ratis.grpc.server.GrpcServerProtocolService$ServerRequestStreamObserver.onError(GrpcServerProtocolService.java:121)
	at org.apache.ratis.thirdparty.io.grpc.stub.ServerCalls$StreamingServerCallHandler$StreamingServerCallListener.onCancel(ServerCalls.java:269)
	at org.apache.ratis.thirdparty.io.grpc.internal.ServerCallImpl$ServerStreamListenerImpl.closed(ServerCallImpl.java:293)
	at org.apache.ratis.thirdparty.io.grpc.internal.ServerImpl$JumpToApplicationThreadServerStreamListener$1Closed.runInContext(ServerImpl.java:741)
	at org.apache.ratis.thirdparty.io.grpc.internal.ContextRunnable.run(ContextRunnable.java:37)
	at org.apache.ratis.thirdparty.io.grpc.internal.SerializingExecutor.run(SerializingExecutor.java:123)
	at java.util.concurrent.ThreadPoolExecutor.runWorker(ThreadPoolExecutor.java:1149)
	at java.util.concurrent.ThreadPoolExecutor$Worker.run(ThreadPoolExecutor.java:624)
	at java.lang.Thread.run(Thread.java:748)

Oct 16, 2019 11:36:18 AM org.apache.ratis.thirdparty.io.grpc.internal.SerializingExecutor run
SEVERE: Exception while executing runnable org.apache.ratis.thirdparty.io.grpc.internal.ClientCallImpl$ClientStreamListenerImpl$1StreamClosed@3b7aeeb4
java.lang.NullPointerException
	at org.apache.ratis.grpc.server.GrpcLogAppender$AppendLogResponseHandler.onError(GrpcLogAppender.java:303)
	at org.apache.ratis.thirdparty.io.grpc.stub.ClientCalls$StreamObserverToCallListenerAdapter.onClose(ClientCalls.java:434)
	at org.apache.ratis.thirdparty.io.grpc.PartialForwardingClientCallListener.onClose(PartialForwardingClientCallListener.java:39)
	at org.apache.ratis.thirdparty.io.grpc.ForwardingClientCallListener.onClose(ForwardingClientCallListener.java:23)
	at org.apache.ratis.thirdparty.io.grpc.ForwardingClientCallListener$SimpleForwardingClientCallListener.onClose(ForwardingClientCallListener.java:40)
	at org.apache.ratis.thirdparty.io.grpc.internal.CensusStatsModule$StatsClientInterceptor$1$1.onClose(CensusStatsModule.java:678)
	at org.apache.ratis.thirdparty.io.grpc.PartialForwardingClientCallListener.onClose(PartialForwardingClientCallListener.java:39)
	at org.apache.ratis.thirdparty.io.grpc.ForwardingClientCallListener.onClose(ForwardingClientCallListener.java:23)
	at org.apache.ratis.thirdparty.io.grpc.ForwardingClientCallListener$SimpleForwardingClientCallListener.onClose(ForwardingClientCallListener.java:40)
	at org.apache.ratis.thirdparty.io.grpc.internal.CensusTracingModule$TracingClientInterceptor$1$1.onClose(CensusTracingModule.java:397)
	at org.apache.ratis.thirdparty.io.grpc.internal.ClientCallImpl.closeObserver(ClientCallImpl.java:459)
	at org.apache.ratis.thirdparty.io.grpc.internal.ClientCallImpl.access$300(ClientCallImpl.java:63)
	at org.apache.ratis.thirdparty.io.grpc.internal.ClientCallImpl$ClientStreamListenerImpl.close(ClientCallImpl.java:546)
	at org.apache.ratis.thirdparty.io.grpc.internal.ClientCallImpl$ClientStreamListenerImpl.access$600(ClientCallImpl.java:467)
	at org.apache.ratis.thirdparty.io.grpc.internal.ClientCallImpl$ClientStreamListenerImpl$1StreamClosed.runInContext(ClientCallImpl.java:584)
	at org.apache.ratis.thirdparty.io.grpc.internal.ContextRunnable.run(ContextRunnable.java:37)
	at org.apache.ratis.thirdparty.io.grpc.internal.SerializingExecutor.run(SerializingExecutor.java:123)
	at java.util.concurrent.ThreadPoolExecutor.runWorker(ThreadPoolExecutor.java:1149)
	at java.util.concurrent.ThreadPoolExecutor$Worker.run(ThreadPoolExecutor.java:624)
	at java.lang.Thread.run(Thread.java:748)

]]></system-err>
  </testcase>
  <testcase name="testMultiBlockWritesWithDnFailures" classname="org.apache.hadoop.ozone.client.rpc.TestMultiBlockWritesWithDnFailures" time="37.739"/>
</testsuite>