<?xml version="1.0" encoding="UTF-8"?>
<testsuite xmlns:xsi="http://www.w3.org/2001/XMLSchema-instance" xsi:noNamespaceSchemaLocation="https://maven.apache.org/surefire/maven-surefire-plugin/xsd/surefire-test-report.xsd" name="org.apache.hadoop.ozone.client.rpc.TestWatchForCommit" time="228.424" tests="5" errors="1" skipped="0" failures="0">
  <properties>
    <property name="awt.toolkit" value="sun.awt.X11.XToolkit"/>
    <property name="file.encoding.pkg" value="sun.io"/>
    <property name="java.specification.version" value="1.8"/>
    <property name="sun.cpu.isalist" value=""/>
    <property name="sun.jnu.encoding" value="UTF-8"/>
    <property name="java.class.path" value="/workdir/hadoop-ozone/integration-test/target/test-classes:/workdir/hadoop-ozone/integration-test/target/classes:/home/user/.m2/repository/org/apache/hadoop/hadoop-ozone-common/0.5.0-SNAPSHOT/hadoop-ozone-common-0.5.0-SNAPSHOT.jar:/home/user/.m2/repository/org/apache/commons/commons-compress/1.4.1/commons-compress-1.4.1.jar:/home/user/.m2/repository/org/tukaani/xz/1.0/xz-1.0.jar:/home/user/.m2/repository/org/apache/hadoop/hadoop-common/3.2.0/hadoop-common-3.2.0.jar:/home/user/.m2/repository/org/apache/hadoop/hadoop-hdfs/3.2.0/hadoop-hdfs-3.2.0.jar:/home/user/.m2/repository/org/apache/hadoop/hadoop-hdfs-client/3.2.0/hadoop-hdfs-client-3.2.0.jar:/home/user/.m2/repository/com/fasterxml/jackson/core/jackson-annotations/2.9.9/jackson-annotations-2.9.9.jar:/home/user/.m2/repository/org/apache/hadoop/hadoop-hdds-common/0.5.0-SNAPSHOT/hadoop-hdds-common-0.5.0-SNAPSHOT.jar:/home/user/.m2/repository/javax/annotation/javax.annotation-api/1.2/javax.annotation-api-1.2.jar:/home/user/.m2/repository/org/apache/ratis/ratis-server/0.5.0-201fc85-SNAPSHOT/ratis-server-0.5.0-201fc85-SNAPSHOT.jar:/home/user/.m2/repository/org/apache/ratis/ratis-thirdparty-misc/0.2.0/ratis-thirdparty-misc-0.2.0.jar:/home/user/.m2/repository/org/apache/ratis/ratis-proto/0.5.0-201fc85-SNAPSHOT/ratis-proto-0.5.0-201fc85-SNAPSHOT.jar:/home/user/.m2/repository/org/apache/ratis/ratis-common/0.5.0-201fc85-SNAPSHOT/ratis-common-0.5.0-201fc85-SNAPSHOT.jar:/home/user/.m2/repository/org/apache/ratis/ratis-client/0.5.0-201fc85-SNAPSHOT/ratis-client-0.5.0-201fc85-SNAPSHOT.jar:/home/user/.m2/repository/org/apache/ratis/ratis-metrics/0.5.0-201fc85-SNAPSHOT/ratis-metrics-0.5.0-201fc85-SNAPSHOT.jar:/home/user/.m2/repository/com/github/joshelser/dropwizard-metrics-hadoop-metrics2-reporter/0.1.2/dropwizard-metrics-hadoop-metrics2-reporter-0.1.2.jar:/home/user/.m2/repository/io/dropwizard/metrics/metrics-jvm/3.2.5/metrics-jvm-3.2.5.jar:/home/user/.m2/repository/io/dropwizard/metrics/metrics-ganglia/3.2.5/metrics-ganglia-3.2.5.jar:/home/user/.m2/repository/info/ganglia/gmetric4j/gmetric4j/1.0.7/gmetric4j-1.0.7.jar:/home/user/.m2/repository/org/apache/ratis/ratis-netty/0.5.0-201fc85-SNAPSHOT/ratis-netty-0.5.0-201fc85-SNAPSHOT.jar:/home/user/.m2/repository/org/apache/ratis/ratis-grpc/0.5.0-201fc85-SNAPSHOT/ratis-grpc-0.5.0-201fc85-SNAPSHOT.jar:/home/user/.m2/repository/org/rocksdb/rocksdbjni/6.0.1/rocksdbjni-6.0.1.jar:/home/user/.m2/repository/org/apache/logging/log4j/log4j-api/2.11.0/log4j-api-2.11.0.jar:/home/user/.m2/repository/org/apache/logging/log4j/log4j-core/2.11.0/log4j-core-2.11.0.jar:/home/user/.m2/repository/com/lmax/disruptor/3.4.2/disruptor-3.4.2.jar:/home/user/.m2/repository/org/apache/commons/commons-pool2/2.6.0/commons-pool2-2.6.0.jar:/home/user/.m2/repository/org/bouncycastle/bcpkix-jdk15on/1.60/bcpkix-jdk15on-1.60.jar:/home/user/.m2/repository/commons-validator/commons-validator/1.6/commons-validator-1.6.jar:/home/user/.m2/repository/commons-digester/commons-digester/1.8.1/commons-digester-1.8.1.jar:/home/user/.m2/repository/io/jaegertracing/jaeger-client/0.34.0/jaeger-client-0.34.0.jar:/home/user/.m2/repository/io/jaegertracing/jaeger-thrift/0.34.0/jaeger-thrift-0.34.0.jar:/home/user/.m2/repository/org/apache/thrift/libthrift/0.12.0/libthrift-0.12.0.jar:/home/user/.m2/repository/com/squareup/okhttp3/okhttp/3.9.0/okhttp-3.9.0.jar:/home/user/.m2/repository/com/squareup/okio/okio/1.13.0/okio-1.13.0.jar:/home/user/.m2/repository/io/jaegertracing/jaeger-core/0.34.0/jaeger-core-0.34.0.jar:/home/user/.m2/repository/io/jaegertracing/jaeger-tracerresolver/0.34.0/jaeger-tracerresolver-0.34.0.jar:/home/user/.m2/repository/io/opentracing/contrib/opentracing-tracerresolver/0.1.5/opentracing-tracerresolver-0.1.5.jar:/home/user/.m2/repository/io/opentracing/opentracing-util/0.31.0/opentracing-util-0.31.0.jar:/home/user/.m2/repository/io/opentracing/opentracing-api/0.31.0/opentracing-api-0.31.0.jar:/home/user/.m2/repository/io/opentracing/opentracing-noop/0.31.0/opentracing-noop-0.31.0.jar:/home/user/.m2/repository/org/apache/hadoop/hadoop-hdds-server-framework/0.5.0-SNAPSHOT/hadoop-hdds-server-framework-0.5.0-SNAPSHOT.jar:/home/user/.m2/repository/org/apache/hadoop/hadoop-hdds-container-service/0.5.0-SNAPSHOT/hadoop-hdds-container-service-0.5.0-SNAPSHOT.jar:/home/user/.m2/repository/org/apache/hadoop/hadoop-hdds-client/0.5.0-SNAPSHOT/hadoop-hdds-client-0.5.0-SNAPSHOT.jar:/home/user/.m2/repository/org/apache/hadoop/hadoop-hdds-tools/0.5.0-SNAPSHOT/hadoop-hdds-tools-0.5.0-SNAPSHOT.jar:/home/user/.m2/repository/org/apache/hadoop/hadoop-hdds-server-scm/0.5.0-SNAPSHOT/hadoop-hdds-server-scm-0.5.0-SNAPSHOT.jar:/home/user/.m2/repository/org/apache/hadoop/hadoop-hdds-docs/0.5.0-SNAPSHOT/hadoop-hdds-docs-0.5.0-SNAPSHOT.jar:/home/user/.m2/repository/io/dropwizard/metrics/metrics-core/3.2.4/metrics-core-3.2.4.jar:/home/user/.m2/repository/org/hamcrest/hamcrest-all/1.3/hamcrest-all-1.3.jar:/home/user/.m2/repository/org/bouncycastle/bcprov-jdk15on/1.60/bcprov-jdk15on-1.60.jar:/home/user/.m2/repository/info/picocli/picocli/3.9.6/picocli-3.9.6.jar:/home/user/.m2/repository/com/google/protobuf/protobuf-java/2.5.0/protobuf-java-2.5.0.jar:/home/user/.m2/repository/com/google/guava/guava/11.0.2/guava-11.0.2.jar:/home/user/.m2/repository/org/apache/hadoop/hadoop-ozone-ozone-manager/0.5.0-SNAPSHOT/hadoop-ozone-ozone-manager-0.5.0-SNAPSHOT.jar:/home/user/.m2/repository/org/apache/hadoop/hadoop-minikdc/3.2.0/hadoop-minikdc-3.2.0.jar:/home/user/.m2/repository/commons-io/commons-io/2.5/commons-io-2.5.jar:/home/user/.m2/repository/org/apache/kerby/kerb-simplekdc/1.0.1/kerb-simplekdc-1.0.1.jar:/home/user/.m2/repository/org/apache/kerby/kerb-client/1.0.1/kerb-client-1.0.1.jar:/home/user/.m2/repository/org/apache/kerby/kerby-config/1.0.1/kerby-config-1.0.1.jar:/home/user/.m2/repository/org/apache/kerby/kerb-core/1.0.1/kerb-core-1.0.1.jar:/home/user/.m2/repository/org/apache/kerby/kerby-pkix/1.0.1/kerby-pkix-1.0.1.jar:/home/user/.m2/repository/org/apache/kerby/kerby-asn1/1.0.1/kerby-asn1-1.0.1.jar:/home/user/.m2/repository/org/apache/kerby/kerby-util/1.0.1/kerby-util-1.0.1.jar:/home/user/.m2/repository/org/apache/kerby/kerb-common/1.0.1/kerb-common-1.0.1.jar:/home/user/.m2/repository/org/apache/kerby/kerb-crypto/1.0.1/kerb-crypto-1.0.1.jar:/home/user/.m2/repository/org/apache/kerby/kerb-util/1.0.1/kerb-util-1.0.1.jar:/home/user/.m2/repository/org/apache/kerby/token-provider/1.0.1/token-provider-1.0.1.jar:/home/user/.m2/repository/org/apache/kerby/kerb-admin/1.0.1/kerb-admin-1.0.1.jar:/home/user/.m2/repository/org/apache/kerby/kerb-server/1.0.1/kerb-server-1.0.1.jar:/home/user/.m2/repository/org/apache/kerby/kerb-identity/1.0.1/kerb-identity-1.0.1.jar:/home/user/.m2/repository/org/apache/kerby/kerby-xdr/1.0.1/kerby-xdr-1.0.1.jar:/home/user/.m2/repository/org/slf4j/slf4j-log4j12/1.7.25/slf4j-log4j12-1.7.25.jar:/home/user/.m2/repository/org/apache/hadoop/hadoop-ozone-s3gateway/0.5.0-SNAPSHOT/hadoop-ozone-s3gateway-0.5.0-SNAPSHOT.jar:/home/user/.m2/repository/org/jboss/weld/servlet/weld-servlet/2.4.7.Final/weld-servlet-2.4.7.Final.jar:/home/user/.m2/repository/org/glassfish/jersey/containers/jersey-container-servlet-core/2.27/jersey-container-servlet-core-2.27.jar:/home/user/.m2/repository/org/glassfish/hk2/external/javax.inject/2.5.0-b42/javax.inject-2.5.0-b42.jar:/home/user/.m2/repository/org/glassfish/jersey/core/jersey-common/2.27/jersey-common-2.27.jar:/home/user/.m2/repository/org/glassfish/hk2/osgi-resource-locator/1.0.1/osgi-resource-locator-1.0.1.jar:/home/user/.m2/repository/javax/ws/rs/javax.ws.rs-api/2.1/javax.ws.rs-api-2.1.jar:/home/user/.m2/repository/org/glassfish/jersey/ext/cdi/jersey-cdi1x/2.27/jersey-cdi1x-2.27.jar:/home/user/.m2/repository/org/glassfish/jersey/inject/jersey-hk2/2.27/jersey-hk2-2.27.jar:/home/user/.m2/repository/org/glassfish/hk2/hk2-locator/2.5.0-b42/hk2-locator-2.5.0-b42.jar:/home/user/.m2/repository/org/javassist/javassist/3.22.0-CR2/javassist-3.22.0-CR2.jar:/home/user/.m2/repository/org/glassfish/hk2/hk2-api/2.5.0/hk2-api-2.5.0.jar:/home/user/.m2/repository/org/glassfish/hk2/external/jakarta.inject/2.5.0/jakarta.inject-2.5.0.jar:/home/user/.m2/repository/org/glassfish/hk2/hk2-utils/2.5.0/hk2-utils-2.5.0.jar:/home/user/.m2/repository/jakarta/annotation/jakarta.annotation-api/1.3.4/jakarta.annotation-api-1.3.4.jar:/home/user/.m2/repository/org/glassfish/hk2/external/aopalliance-repackaged/2.5.0/aopalliance-repackaged-2.5.0.jar:/home/user/.m2/repository/com/fasterxml/jackson/dataformat/jackson-dataformat-xml/2.9.0/jackson-dataformat-xml-2.9.0.jar:/home/user/.m2/repository/com/fasterxml/jackson/core/jackson-core/2.9.9/jackson-core-2.9.9.jar:/home/user/.m2/repository/com/fasterxml/jackson/module/jackson-module-jaxb-annotations/2.9.9/jackson-module-jaxb-annotations-2.9.9.jar:/home/user/.m2/repository/javax/enterprise/cdi-api/1.2/cdi-api-1.2.jar:/home/user/.m2/repository/javax/el/javax.el-api/3.0.0/javax.el-api-3.0.0.jar:/home/user/.m2/repository/javax/interceptor/javax.interceptor-api/1.2/javax.interceptor-api-1.2.jar:/home/user/.m2/repository/javax/inject/javax.inject/1/javax.inject-1.jar:/home/user/.m2/repository/com/sun/xml/bind/jaxb-impl/2.3.0.1/jaxb-impl-2.3.0.1.jar:/home/user/.m2/repository/com/sun/xml/bind/jaxb-core/2.3.0.1/jaxb-core-2.3.0.1.jar:/home/user/.m2/repository/javax/xml/bind/jaxb-api/2.3.0/jaxb-api-2.3.0.jar:/home/user/.m2/repository/javax/activation/activation/1.1.1/activation-1.1.1.jar:/home/user/.m2/repository/org/apache/hadoop/hadoop-ozone-csi/0.5.0-SNAPSHOT/hadoop-ozone-csi-0.5.0-SNAPSHOT.jar:/home/user/.m2/repository/com/google/protobuf/protobuf-java-util/3.5.1/protobuf-java-util-3.5.1.jar:/home/user/.m2/repository/org/apache/hadoop/hadoop-hdds-config/0.5.0-SNAPSHOT/hadoop-hdds-config-0.5.0-SNAPSHOT.jar:/home/user/.m2/repository/io/grpc/grpc-netty/1.17.1/grpc-netty-1.17.1.jar:/home/user/.m2/repository/io/grpc/grpc-core/1.17.1/grpc-core-1.17.1.jar:/home/user/.m2/repository/io/grpc/grpc-context/1.17.1/grpc-context-1.17.1.jar:/home/user/.m2/repository/com/google/errorprone/error_prone_annotations/2.2.0/error_prone_annotations-2.2.0.jar:/home/user/.m2/repository/org/codehaus/mojo/animal-sniffer-annotations/1.17/animal-sniffer-annotations-1.17.jar:/home/user/.m2/repository/io/opencensus/opencensus-api/0.17.0/opencensus-api-0.17.0.jar:/home/user/.m2/repository/io/opencensus/opencensus-contrib-grpc-metrics/0.17.0/opencensus-contrib-grpc-metrics-0.17.0.jar:/home/user/.m2/repository/io/netty/netty-codec-http2/4.1.30.Final/netty-codec-http2-4.1.30.Final.jar:/home/user/.m2/repository/io/netty/netty-codec-http/4.1.30.Final/netty-codec-http-4.1.30.Final.jar:/home/user/.m2/repository/io/netty/netty-codec/4.1.30.Final/netty-codec-4.1.30.Final.jar:/home/user/.m2/repository/io/netty/netty-handler/4.1.30.Final/netty-handler-4.1.30.Final.jar:/home/user/.m2/repository/io/netty/netty-handler-proxy/4.1.30.Final/netty-handler-proxy-4.1.30.Final.jar:/home/user/.m2/repository/io/netty/netty-codec-socks/4.1.30.Final/netty-codec-socks-4.1.30.Final.jar:/home/user/.m2/repository/io/netty/netty-transport-native-epoll/4.1.30.Final/netty-transport-native-epoll-4.1.30.Final.jar:/home/user/.m2/repository/io/netty/netty-common/4.1.30.Final/netty-common-4.1.30.Final.jar:/home/user/.m2/repository/io/netty/netty-buffer/4.1.30.Final/netty-buffer-4.1.30.Final.jar:/home/user/.m2/repository/io/netty/netty-transport/4.1.30.Final/netty-transport-4.1.30.Final.jar:/home/user/.m2/repository/io/netty/netty-resolver/4.1.30.Final/netty-resolver-4.1.30.Final.jar:/home/user/.m2/repository/io/netty/netty-transport-native-unix-common/4.1.30.Final/netty-transport-native-unix-common-4.1.30.Final.jar:/home/user/.m2/repository/io/grpc/grpc-protobuf/1.17.1/grpc-protobuf-1.17.1.jar:/home/user/.m2/repository/com/google/api/grpc/proto-google-common-protos/1.0.0/proto-google-common-protos-1.0.0.jar:/home/user/.m2/repository/io/grpc/grpc-protobuf-lite/1.17.1/grpc-protobuf-lite-1.17.1.jar:/home/user/.m2/repository/io/grpc/grpc-stub/1.17.1/grpc-stub-1.17.1.jar:/home/user/.m2/repository/org/apache/hadoop/hadoop-ozone-recon/0.5.0-SNAPSHOT/hadoop-ozone-recon-0.5.0-SNAPSHOT.jar:/home/user/.m2/repository/org/apache/hadoop/hadoop-ozone-reconcodegen/0.5.0-SNAPSHOT/hadoop-ozone-reconcodegen-0.5.0-SNAPSHOT.jar:/home/user/.m2/repository/com/google/inject/extensions/guice-multibindings/4.0/guice-multibindings-4.0.jar:/home/user/.m2/repository/com/google/inject/guice/4.0/guice-4.0.jar:/home/user/.m2/repository/aopalliance/aopalliance/1.0/aopalliance-1.0.jar:/home/user/.m2/repository/com/google/inject/extensions/guice-servlet/4.0/guice-servlet-4.0.jar:/home/user/.m2/repository/org/glassfish/jersey/containers/jersey-container-servlet/2.27/jersey-container-servlet-2.27.jar:/home/user/.m2/repository/org/glassfish/hk2/guice-bridge/2.5.0/guice-bridge-2.5.0.jar:/home/user/.m2/repository/org/glassfish/jersey/core/jersey-server/2.27/jersey-server-2.27.jar:/home/user/.m2/repository/org/glassfish/jersey/core/jersey-client/2.27/jersey-client-2.27.jar:/home/user/.m2/repository/org/glassfish/jersey/media/jersey-media-jaxb/2.27/jersey-media-jaxb-2.27.jar:/home/user/.m2/repository/javax/validation/validation-api/1.1.0.Final/validation-api-1.1.0.Final.jar:/home/user/.m2/repository/org/glassfish/jersey/media/jersey-media-json-jackson/2.27/jersey-media-json-jackson-2.27.jar:/home/user/.m2/repository/org/glassfish/jersey/ext/jersey-entity-filtering/2.27/jersey-entity-filtering-2.27.jar:/home/user/.m2/repository/com/google/inject/extensions/guice-assistedinject/4.0/guice-assistedinject-4.0.jar:/home/user/.m2/repository/org/jooq/jooq/3.11.10/jooq-3.11.10.jar:/home/user/.m2/repository/org/jooq/jooq-meta/3.11.10/jooq-meta-3.11.10.jar:/home/user/.m2/repository/org/jooq/jooq-codegen/3.11.10/jooq-codegen-3.11.10.jar:/home/user/.m2/repository/com/jolbox/bonecp/0.8.0.RELEASE/bonecp-0.8.0.RELEASE.jar:/home/user/.m2/repository/org/xerial/sqlite-jdbc/3.25.2/sqlite-jdbc-3.25.2.jar:/home/user/.m2/repository/org/springframework/spring-jdbc/5.1.3.RELEASE/spring-jdbc-5.1.3.RELEASE.jar:/home/user/.m2/repository/org/springframework/spring-beans/5.1.3.RELEASE/spring-beans-5.1.3.RELEASE.jar:/home/user/.m2/repository/org/springframework/spring-core/5.1.3.RELEASE/spring-core-5.1.3.RELEASE.jar:/home/user/.m2/repository/org/springframework/spring-jcl/5.1.3.RELEASE/spring-jcl-5.1.3.RELEASE.jar:/home/user/.m2/repository/org/springframework/spring-tx/5.1.3.RELEASE/spring-tx-5.1.3.RELEASE.jar:/home/user/.m2/repository/org/apache/hadoop/hadoop-ozone-client/0.5.0-SNAPSHOT/hadoop-ozone-client-0.5.0-SNAPSHOT.jar:/home/user/.m2/repository/commons-lang/commons-lang/2.6/commons-lang-2.6.jar:/home/user/.m2/repository/org/apache/hadoop/hadoop-ozone-ozone-manager/0.5.0-SNAPSHOT/hadoop-ozone-ozone-manager-0.5.0-SNAPSHOT-tests.jar:/home/user/.m2/repository/junit/junit/4.11/junit-4.11.jar:/home/user/.m2/repository/org/hamcrest/hamcrest-core/1.3/hamcrest-core-1.3.jar:/home/user/.m2/repository/org/openjdk/jmh/jmh-core/1.19/jmh-core-1.19.jar:/home/user/.m2/repository/net/sf/jopt-simple/jopt-simple/4.6/jopt-simple-4.6.jar:/home/user/.m2/repository/org/apache/commons/commons-math3/3.1.1/commons-math3-3.1.1.jar:/home/user/.m2/repository/org/openjdk/jmh/jmh-generator-annprocess/1.19/jmh-generator-annprocess-1.19.jar:/home/user/.m2/repository/org/mockito/mockito-all/1.8.5/mockito-all-1.8.5.jar:/home/user/.m2/repository/org/apache/hadoop/hadoop-kms/3.2.0/hadoop-kms-3.2.0.jar:/home/user/.m2/repository/org/apache/hadoop/hadoop-auth/3.2.0/hadoop-auth-3.2.0.jar:/home/user/.m2/repository/com/nimbusds/nimbus-jose-jwt/4.41.1/nimbus-jose-jwt-4.41.1.jar:/home/user/.m2/repository/com/github/stephenc/jcip/jcip-annotations/1.0-1/jcip-annotations-1.0-1.jar:/home/user/.m2/repository/net/minidev/json-smart/2.3/json-smart-2.3.jar:/home/user/.m2/repository/net/minidev/accessors-smart/1.2/accessors-smart-1.2.jar:/home/user/.m2/repository/org/ow2/asm/asm/5.0.4/asm-5.0.4.jar:/home/user/.m2/repository/org/apache/curator/curator-framework/2.12.0/curator-framework-2.12.0.jar:/home/user/.m2/repository/com/sun/jersey/jersey-core/1.19/jersey-core-1.19.jar:/home/user/.m2/repository/javax/ws/rs/jsr311-api/1.1.1/jsr311-api-1.1.1.jar:/home/user/.m2/repository/com/sun/jersey/jersey-server/1.19/jersey-server-1.19.jar:/home/user/.m2/repository/javax/servlet/javax.servlet-api/3.1.0/javax.servlet-api-3.1.0.jar:/home/user/.m2/repository/org/eclipse/jetty/jetty-server/9.3.25.v20180904/jetty-server-9.3.25.v20180904.jar:/home/user/.m2/repository/org/eclipse/jetty/jetty-http/9.3.25.v20180904/jetty-http-9.3.25.v20180904.jar:/home/user/.m2/repository/org/eclipse/jetty/jetty-io/9.3.25.v20180904/jetty-io-9.3.25.v20180904.jar:/home/user/.m2/repository/org/eclipse/jetty/jetty-webapp/9.3.25.v20180904/jetty-webapp-9.3.25.v20180904.jar:/home/user/.m2/repository/org/eclipse/jetty/jetty-xml/9.3.25.v20180904/jetty-xml-9.3.25.v20180904.jar:/home/user/.m2/repository/log4j/log4j/1.2.17/log4j-1.2.17.jar:/home/user/.m2/repository/org/slf4j/slf4j-api/1.7.25/slf4j-api-1.7.25.jar:/home/user/.m2/repository/org/slf4j/jul-to-slf4j/1.7.25/jul-to-slf4j-1.7.25.jar:/home/user/.m2/repository/org/eclipse/jetty/jetty-util/9.3.25.v20180904/jetty-util-9.3.25.v20180904.jar:/home/user/.m2/repository/com/fasterxml/jackson/core/jackson-databind/2.9.9/jackson-databind-2.9.9.jar:/home/user/.m2/repository/org/apache/hadoop/hadoop-kms/3.2.0/hadoop-kms-3.2.0-tests.jar:/home/user/.m2/repository/org/apache/hadoop/hadoop-hdds-server-scm/0.5.0-SNAPSHOT/hadoop-hdds-server-scm-0.5.0-SNAPSHOT-tests.jar:/home/user/.m2/repository/org/apache/hadoop/hadoop-hdds-container-service/0.5.0-SNAPSHOT/hadoop-hdds-container-service-0.5.0-SNAPSHOT-tests.jar:/home/user/.m2/repository/org/yaml/snakeyaml/1.16/snakeyaml-1.16.jar:/home/user/.m2/repository/org/apache/hadoop/hadoop-common/3.2.0/hadoop-common-3.2.0-tests.jar:/home/user/.m2/repository/org/apache/hadoop/hadoop-annotations/3.2.0/hadoop-annotations-3.2.0.jar:/usr/lib/jvm/java-1.8-openjdk/jre/../lib/tools.jar:/home/user/.m2/repository/commons-cli/commons-cli/1.2/commons-cli-1.2.jar:/home/user/.m2/repository/org/apache/httpcomponents/httpclient/4.5.2/httpclient-4.5.2.jar:/home/user/.m2/repository/org/apache/httpcomponents/httpcore/4.4.4/httpcore-4.4.4.jar:/home/user/.m2/repository/commons-codec/commons-codec/1.11/commons-codec-1.11.jar:/home/user/.m2/repository/commons-net/commons-net/3.6/commons-net-3.6.jar:/home/user/.m2/repository/commons-collections/commons-collections/3.2.2/commons-collections-3.2.2.jar:/home/user/.m2/repository/org/eclipse/jetty/jetty-servlet/9.3.25.v20180904/jetty-servlet-9.3.25.v20180904.jar:/home/user/.m2/repository/org/eclipse/jetty/jetty-security/9.3.25.v20180904/jetty-security-9.3.25.v20180904.jar:/home/user/.m2/repository/javax/servlet/jsp/jsp-api/2.1/jsp-api-2.1.jar:/home/user/.m2/repository/com/sun/jersey/jersey-servlet/1.19/jersey-servlet-1.19.jar:/home/user/.m2/repository/com/sun/jersey/jersey-json/1.19/jersey-json-1.19.jar:/home/user/.m2/repository/org/codehaus/jettison/jettison/1.1/jettison-1.1.jar:/home/user/.m2/repository/org/codehaus/jackson/jackson-core-asl/1.9.13/jackson-core-asl-1.9.13.jar:/home/user/.m2/repository/org/codehaus/jackson/jackson-mapper-asl/1.9.13/jackson-mapper-asl-1.9.13.jar:/home/user/.m2/repository/org/codehaus/jackson/jackson-jaxrs/1.9.13/jackson-jaxrs-1.9.13.jar:/home/user/.m2/repository/org/codehaus/jackson/jackson-xc/1.9.13/jackson-xc-1.9.13.jar:/home/user/.m2/repository/commons-logging/commons-logging/1.1.3/commons-logging-1.1.3.jar:/home/user/.m2/repository/commons-beanutils/commons-beanutils/1.9.4/commons-beanutils-1.9.4.jar:/home/user/.m2/repository/org/apache/commons/commons-configuration2/2.1.1/commons-configuration2-2.1.1.jar:/home/user/.m2/repository/org/apache/commons/commons-lang3/3.7/commons-lang3-3.7.jar:/home/user/.m2/repository/org/apache/commons/commons-text/1.4/commons-text-1.4.jar:/home/user/.m2/repository/org/apache/avro/avro/1.7.7/avro-1.7.7.jar:/home/user/.m2/repository/com/thoughtworks/paranamer/paranamer/2.3/paranamer-2.3.jar:/home/user/.m2/repository/org/xerial/snappy/snappy-java/1.0.5/snappy-java-1.0.5.jar:/home/user/.m2/repository/com/google/re2j/re2j/1.1/re2j-1.1.jar:/home/user/.m2/repository/com/google/code/gson/gson/2.2.4/gson-2.2.4.jar:/home/user/.m2/repository/com/jcraft/jsch/0.1.54/jsch-0.1.54.jar:/home/user/.m2/repository/org/apache/curator/curator-client/2.12.0/curator-client-2.12.0.jar:/home/user/.m2/repository/org/apache/curator/curator-recipes/2.12.0/curator-recipes-2.12.0.jar:/home/user/.m2/repository/com/google/code/findbugs/jsr305/3.0.0/jsr305-3.0.0.jar:/home/user/.m2/repository/org/apache/htrace/htrace-core4/4.1.0-incubating/htrace-core4-4.1.0-incubating.jar:/home/user/.m2/repository/org/apache/zookeeper/zookeeper/3.4.13/zookeeper-3.4.13.jar:/home/user/.m2/repository/jline/jline/0.9.94/jline-0.9.94.jar:/home/user/.m2/repository/org/apache/yetus/audience-annotations/0.5.0/audience-annotations-0.5.0.jar:/home/user/.m2/repository/org/codehaus/woodstox/stax2-api/3.1.4/stax2-api-3.1.4.jar:/home/user/.m2/repository/com/fasterxml/woodstox/woodstox-core/5.0.3/woodstox-core-5.0.3.jar:/home/user/.m2/repository/dnsjava/dnsjava/2.1.7/dnsjava-2.1.7.jar:/home/user/.m2/repository/org/apache/hadoop/hadoop-hdfs/3.2.0/hadoop-hdfs-3.2.0-tests.jar:/home/user/.m2/repository/org/eclipse/jetty/jetty-util-ajax/9.3.25.v20180904/jetty-util-ajax-9.3.25.v20180904.jar:/home/user/.m2/repository/commons-daemon/commons-daemon/1.0.13/commons-daemon-1.0.13.jar:/home/user/.m2/repository/io/netty/netty/3.10.5.Final/netty-3.10.5.Final.jar:/home/user/.m2/repository/io/netty/netty-all/4.0.52.Final/netty-all-4.0.52.Final.jar:/home/user/.m2/repository/org/fusesource/leveldbjni/leveldbjni-all/1.8/leveldbjni-all-1.8.jar:"/>
    <property name="java.vm.vendor" value="IcedTea"/>
    <property name="sun.arch.data.model" value="64"/>
    <property name="test.build.dir" value="/workdir/hadoop-ozone/integration-test/target/test-dir"/>
    <property name="test.cache.data" value=""/>
    <property name="java.vendor.url" value="https://icedtea.classpath.org"/>
    <property name="user.timezone" value=""/>
    <property name="java.vm.specification.version" value="1.8"/>
    <property name="os.name" value="Linux"/>
    <property name="test.build.data" value="/workdir/hadoop-ozone/integration-test/target/test-dir"/>
    <property name="user.country" value="US"/>
    <property name="sun.java.launcher" value="SUN_STANDARD"/>
    <property name="sun.boot.library.path" value="/usr/lib/jvm/java-1.8-openjdk/jre/lib/amd64"/>
    <property name="sun.java.command" value="/workdir/hadoop-ozone/integration-test/target/surefire/surefirebooter912561753808794667.jar /workdir/hadoop-ozone/integration-test/target/surefire 2019-10-07T12-08-07_333-jvmRun1 surefire27595402189162277tmp surefire_76294308644224426299tmp"/>
    <property name="test" value="!TestMiniChaosOzoneCluster"/>
    <property name="surefire.test.class.path" value="/workdir/hadoop-ozone/integration-test/target/test-classes:/workdir/hadoop-ozone/integration-test/target/classes:/home/user/.m2/repository/org/apache/hadoop/hadoop-ozone-common/0.5.0-SNAPSHOT/hadoop-ozone-common-0.5.0-SNAPSHOT.jar:/home/user/.m2/repository/org/apache/commons/commons-compress/1.4.1/commons-compress-1.4.1.jar:/home/user/.m2/repository/org/tukaani/xz/1.0/xz-1.0.jar:/home/user/.m2/repository/org/apache/hadoop/hadoop-common/3.2.0/hadoop-common-3.2.0.jar:/home/user/.m2/repository/org/apache/hadoop/hadoop-hdfs/3.2.0/hadoop-hdfs-3.2.0.jar:/home/user/.m2/repository/org/apache/hadoop/hadoop-hdfs-client/3.2.0/hadoop-hdfs-client-3.2.0.jar:/home/user/.m2/repository/com/fasterxml/jackson/core/jackson-annotations/2.9.9/jackson-annotations-2.9.9.jar:/home/user/.m2/repository/org/apache/hadoop/hadoop-hdds-common/0.5.0-SNAPSHOT/hadoop-hdds-common-0.5.0-SNAPSHOT.jar:/home/user/.m2/repository/javax/annotation/javax.annotation-api/1.2/javax.annotation-api-1.2.jar:/home/user/.m2/repository/org/apache/ratis/ratis-server/0.5.0-201fc85-SNAPSHOT/ratis-server-0.5.0-201fc85-SNAPSHOT.jar:/home/user/.m2/repository/org/apache/ratis/ratis-thirdparty-misc/0.2.0/ratis-thirdparty-misc-0.2.0.jar:/home/user/.m2/repository/org/apache/ratis/ratis-proto/0.5.0-201fc85-SNAPSHOT/ratis-proto-0.5.0-201fc85-SNAPSHOT.jar:/home/user/.m2/repository/org/apache/ratis/ratis-common/0.5.0-201fc85-SNAPSHOT/ratis-common-0.5.0-201fc85-SNAPSHOT.jar:/home/user/.m2/repository/org/apache/ratis/ratis-client/0.5.0-201fc85-SNAPSHOT/ratis-client-0.5.0-201fc85-SNAPSHOT.jar:/home/user/.m2/repository/org/apache/ratis/ratis-metrics/0.5.0-201fc85-SNAPSHOT/ratis-metrics-0.5.0-201fc85-SNAPSHOT.jar:/home/user/.m2/repository/com/github/joshelser/dropwizard-metrics-hadoop-metrics2-reporter/0.1.2/dropwizard-metrics-hadoop-metrics2-reporter-0.1.2.jar:/home/user/.m2/repository/io/dropwizard/metrics/metrics-jvm/3.2.5/metrics-jvm-3.2.5.jar:/home/user/.m2/repository/io/dropwizard/metrics/metrics-ganglia/3.2.5/metrics-ganglia-3.2.5.jar:/home/user/.m2/repository/info/ganglia/gmetric4j/gmetric4j/1.0.7/gmetric4j-1.0.7.jar:/home/user/.m2/repository/org/apache/ratis/ratis-netty/0.5.0-201fc85-SNAPSHOT/ratis-netty-0.5.0-201fc85-SNAPSHOT.jar:/home/user/.m2/repository/org/apache/ratis/ratis-grpc/0.5.0-201fc85-SNAPSHOT/ratis-grpc-0.5.0-201fc85-SNAPSHOT.jar:/home/user/.m2/repository/org/rocksdb/rocksdbjni/6.0.1/rocksdbjni-6.0.1.jar:/home/user/.m2/repository/org/apache/logging/log4j/log4j-api/2.11.0/log4j-api-2.11.0.jar:/home/user/.m2/repository/org/apache/logging/log4j/log4j-core/2.11.0/log4j-core-2.11.0.jar:/home/user/.m2/repository/com/lmax/disruptor/3.4.2/disruptor-3.4.2.jar:/home/user/.m2/repository/org/apache/commons/commons-pool2/2.6.0/commons-pool2-2.6.0.jar:/home/user/.m2/repository/org/bouncycastle/bcpkix-jdk15on/1.60/bcpkix-jdk15on-1.60.jar:/home/user/.m2/repository/commons-validator/commons-validator/1.6/commons-validator-1.6.jar:/home/user/.m2/repository/commons-digester/commons-digester/1.8.1/commons-digester-1.8.1.jar:/home/user/.m2/repository/io/jaegertracing/jaeger-client/0.34.0/jaeger-client-0.34.0.jar:/home/user/.m2/repository/io/jaegertracing/jaeger-thrift/0.34.0/jaeger-thrift-0.34.0.jar:/home/user/.m2/repository/org/apache/thrift/libthrift/0.12.0/libthrift-0.12.0.jar:/home/user/.m2/repository/com/squareup/okhttp3/okhttp/3.9.0/okhttp-3.9.0.jar:/home/user/.m2/repository/com/squareup/okio/okio/1.13.0/okio-1.13.0.jar:/home/user/.m2/repository/io/jaegertracing/jaeger-core/0.34.0/jaeger-core-0.34.0.jar:/home/user/.m2/repository/io/jaegertracing/jaeger-tracerresolver/0.34.0/jaeger-tracerresolver-0.34.0.jar:/home/user/.m2/repository/io/opentracing/contrib/opentracing-tracerresolver/0.1.5/opentracing-tracerresolver-0.1.5.jar:/home/user/.m2/repository/io/opentracing/opentracing-util/0.31.0/opentracing-util-0.31.0.jar:/home/user/.m2/repository/io/opentracing/opentracing-api/0.31.0/opentracing-api-0.31.0.jar:/home/user/.m2/repository/io/opentracing/opentracing-noop/0.31.0/opentracing-noop-0.31.0.jar:/home/user/.m2/repository/org/apache/hadoop/hadoop-hdds-server-framework/0.5.0-SNAPSHOT/hadoop-hdds-server-framework-0.5.0-SNAPSHOT.jar:/home/user/.m2/repository/org/apache/hadoop/hadoop-hdds-container-service/0.5.0-SNAPSHOT/hadoop-hdds-container-service-0.5.0-SNAPSHOT.jar:/home/user/.m2/repository/org/apache/hadoop/hadoop-hdds-client/0.5.0-SNAPSHOT/hadoop-hdds-client-0.5.0-SNAPSHOT.jar:/home/user/.m2/repository/org/apache/hadoop/hadoop-hdds-tools/0.5.0-SNAPSHOT/hadoop-hdds-tools-0.5.0-SNAPSHOT.jar:/home/user/.m2/repository/org/apache/hadoop/hadoop-hdds-server-scm/0.5.0-SNAPSHOT/hadoop-hdds-server-scm-0.5.0-SNAPSHOT.jar:/home/user/.m2/repository/org/apache/hadoop/hadoop-hdds-docs/0.5.0-SNAPSHOT/hadoop-hdds-docs-0.5.0-SNAPSHOT.jar:/home/user/.m2/repository/io/dropwizard/metrics/metrics-core/3.2.4/metrics-core-3.2.4.jar:/home/user/.m2/repository/org/hamcrest/hamcrest-all/1.3/hamcrest-all-1.3.jar:/home/user/.m2/repository/org/bouncycastle/bcprov-jdk15on/1.60/bcprov-jdk15on-1.60.jar:/home/user/.m2/repository/info/picocli/picocli/3.9.6/picocli-3.9.6.jar:/home/user/.m2/repository/com/google/protobuf/protobuf-java/2.5.0/protobuf-java-2.5.0.jar:/home/user/.m2/repository/com/google/guava/guava/11.0.2/guava-11.0.2.jar:/home/user/.m2/repository/org/apache/hadoop/hadoop-ozone-ozone-manager/0.5.0-SNAPSHOT/hadoop-ozone-ozone-manager-0.5.0-SNAPSHOT.jar:/home/user/.m2/repository/org/apache/hadoop/hadoop-minikdc/3.2.0/hadoop-minikdc-3.2.0.jar:/home/user/.m2/repository/commons-io/commons-io/2.5/commons-io-2.5.jar:/home/user/.m2/repository/org/apache/kerby/kerb-simplekdc/1.0.1/kerb-simplekdc-1.0.1.jar:/home/user/.m2/repository/org/apache/kerby/kerb-client/1.0.1/kerb-client-1.0.1.jar:/home/user/.m2/repository/org/apache/kerby/kerby-config/1.0.1/kerby-config-1.0.1.jar:/home/user/.m2/repository/org/apache/kerby/kerb-core/1.0.1/kerb-core-1.0.1.jar:/home/user/.m2/repository/org/apache/kerby/kerby-pkix/1.0.1/kerby-pkix-1.0.1.jar:/home/user/.m2/repository/org/apache/kerby/kerby-asn1/1.0.1/kerby-asn1-1.0.1.jar:/home/user/.m2/repository/org/apache/kerby/kerby-util/1.0.1/kerby-util-1.0.1.jar:/home/user/.m2/repository/org/apache/kerby/kerb-common/1.0.1/kerb-common-1.0.1.jar:/home/user/.m2/repository/org/apache/kerby/kerb-crypto/1.0.1/kerb-crypto-1.0.1.jar:/home/user/.m2/repository/org/apache/kerby/kerb-util/1.0.1/kerb-util-1.0.1.jar:/home/user/.m2/repository/org/apache/kerby/token-provider/1.0.1/token-provider-1.0.1.jar:/home/user/.m2/repository/org/apache/kerby/kerb-admin/1.0.1/kerb-admin-1.0.1.jar:/home/user/.m2/repository/org/apache/kerby/kerb-server/1.0.1/kerb-server-1.0.1.jar:/home/user/.m2/repository/org/apache/kerby/kerb-identity/1.0.1/kerb-identity-1.0.1.jar:/home/user/.m2/repository/org/apache/kerby/kerby-xdr/1.0.1/kerby-xdr-1.0.1.jar:/home/user/.m2/repository/org/slf4j/slf4j-log4j12/1.7.25/slf4j-log4j12-1.7.25.jar:/home/user/.m2/repository/org/apache/hadoop/hadoop-ozone-s3gateway/0.5.0-SNAPSHOT/hadoop-ozone-s3gateway-0.5.0-SNAPSHOT.jar:/home/user/.m2/repository/org/jboss/weld/servlet/weld-servlet/2.4.7.Final/weld-servlet-2.4.7.Final.jar:/home/user/.m2/repository/org/glassfish/jersey/containers/jersey-container-servlet-core/2.27/jersey-container-servlet-core-2.27.jar:/home/user/.m2/repository/org/glassfish/hk2/external/javax.inject/2.5.0-b42/javax.inject-2.5.0-b42.jar:/home/user/.m2/repository/org/glassfish/jersey/core/jersey-common/2.27/jersey-common-2.27.jar:/home/user/.m2/repository/org/glassfish/hk2/osgi-resource-locator/1.0.1/osgi-resource-locator-1.0.1.jar:/home/user/.m2/repository/javax/ws/rs/javax.ws.rs-api/2.1/javax.ws.rs-api-2.1.jar:/home/user/.m2/repository/org/glassfish/jersey/ext/cdi/jersey-cdi1x/2.27/jersey-cdi1x-2.27.jar:/home/user/.m2/repository/org/glassfish/jersey/inject/jersey-hk2/2.27/jersey-hk2-2.27.jar:/home/user/.m2/repository/org/glassfish/hk2/hk2-locator/2.5.0-b42/hk2-locator-2.5.0-b42.jar:/home/user/.m2/repository/org/javassist/javassist/3.22.0-CR2/javassist-3.22.0-CR2.jar:/home/user/.m2/repository/org/glassfish/hk2/hk2-api/2.5.0/hk2-api-2.5.0.jar:/home/user/.m2/repository/org/glassfish/hk2/external/jakarta.inject/2.5.0/jakarta.inject-2.5.0.jar:/home/user/.m2/repository/org/glassfish/hk2/hk2-utils/2.5.0/hk2-utils-2.5.0.jar:/home/user/.m2/repository/jakarta/annotation/jakarta.annotation-api/1.3.4/jakarta.annotation-api-1.3.4.jar:/home/user/.m2/repository/org/glassfish/hk2/external/aopalliance-repackaged/2.5.0/aopalliance-repackaged-2.5.0.jar:/home/user/.m2/repository/com/fasterxml/jackson/dataformat/jackson-dataformat-xml/2.9.0/jackson-dataformat-xml-2.9.0.jar:/home/user/.m2/repository/com/fasterxml/jackson/core/jackson-core/2.9.9/jackson-core-2.9.9.jar:/home/user/.m2/repository/com/fasterxml/jackson/module/jackson-module-jaxb-annotations/2.9.9/jackson-module-jaxb-annotations-2.9.9.jar:/home/user/.m2/repository/javax/enterprise/cdi-api/1.2/cdi-api-1.2.jar:/home/user/.m2/repository/javax/el/javax.el-api/3.0.0/javax.el-api-3.0.0.jar:/home/user/.m2/repository/javax/interceptor/javax.interceptor-api/1.2/javax.interceptor-api-1.2.jar:/home/user/.m2/repository/javax/inject/javax.inject/1/javax.inject-1.jar:/home/user/.m2/repository/com/sun/xml/bind/jaxb-impl/2.3.0.1/jaxb-impl-2.3.0.1.jar:/home/user/.m2/repository/com/sun/xml/bind/jaxb-core/2.3.0.1/jaxb-core-2.3.0.1.jar:/home/user/.m2/repository/javax/xml/bind/jaxb-api/2.3.0/jaxb-api-2.3.0.jar:/home/user/.m2/repository/javax/activation/activation/1.1.1/activation-1.1.1.jar:/home/user/.m2/repository/org/apache/hadoop/hadoop-ozone-csi/0.5.0-SNAPSHOT/hadoop-ozone-csi-0.5.0-SNAPSHOT.jar:/home/user/.m2/repository/com/google/protobuf/protobuf-java-util/3.5.1/protobuf-java-util-3.5.1.jar:/home/user/.m2/repository/org/apache/hadoop/hadoop-hdds-config/0.5.0-SNAPSHOT/hadoop-hdds-config-0.5.0-SNAPSHOT.jar:/home/user/.m2/repository/io/grpc/grpc-netty/1.17.1/grpc-netty-1.17.1.jar:/home/user/.m2/repository/io/grpc/grpc-core/1.17.1/grpc-core-1.17.1.jar:/home/user/.m2/repository/io/grpc/grpc-context/1.17.1/grpc-context-1.17.1.jar:/home/user/.m2/repository/com/google/errorprone/error_prone_annotations/2.2.0/error_prone_annotations-2.2.0.jar:/home/user/.m2/repository/org/codehaus/mojo/animal-sniffer-annotations/1.17/animal-sniffer-annotations-1.17.jar:/home/user/.m2/repository/io/opencensus/opencensus-api/0.17.0/opencensus-api-0.17.0.jar:/home/user/.m2/repository/io/opencensus/opencensus-contrib-grpc-metrics/0.17.0/opencensus-contrib-grpc-metrics-0.17.0.jar:/home/user/.m2/repository/io/netty/netty-codec-http2/4.1.30.Final/netty-codec-http2-4.1.30.Final.jar:/home/user/.m2/repository/io/netty/netty-codec-http/4.1.30.Final/netty-codec-http-4.1.30.Final.jar:/home/user/.m2/repository/io/netty/netty-codec/4.1.30.Final/netty-codec-4.1.30.Final.jar:/home/user/.m2/repository/io/netty/netty-handler/4.1.30.Final/netty-handler-4.1.30.Final.jar:/home/user/.m2/repository/io/netty/netty-handler-proxy/4.1.30.Final/netty-handler-proxy-4.1.30.Final.jar:/home/user/.m2/repository/io/netty/netty-codec-socks/4.1.30.Final/netty-codec-socks-4.1.30.Final.jar:/home/user/.m2/repository/io/netty/netty-transport-native-epoll/4.1.30.Final/netty-transport-native-epoll-4.1.30.Final.jar:/home/user/.m2/repository/io/netty/netty-common/4.1.30.Final/netty-common-4.1.30.Final.jar:/home/user/.m2/repository/io/netty/netty-buffer/4.1.30.Final/netty-buffer-4.1.30.Final.jar:/home/user/.m2/repository/io/netty/netty-transport/4.1.30.Final/netty-transport-4.1.30.Final.jar:/home/user/.m2/repository/io/netty/netty-resolver/4.1.30.Final/netty-resolver-4.1.30.Final.jar:/home/user/.m2/repository/io/netty/netty-transport-native-unix-common/4.1.30.Final/netty-transport-native-unix-common-4.1.30.Final.jar:/home/user/.m2/repository/io/grpc/grpc-protobuf/1.17.1/grpc-protobuf-1.17.1.jar:/home/user/.m2/repository/com/google/api/grpc/proto-google-common-protos/1.0.0/proto-google-common-protos-1.0.0.jar:/home/user/.m2/repository/io/grpc/grpc-protobuf-lite/1.17.1/grpc-protobuf-lite-1.17.1.jar:/home/user/.m2/repository/io/grpc/grpc-stub/1.17.1/grpc-stub-1.17.1.jar:/home/user/.m2/repository/org/apache/hadoop/hadoop-ozone-recon/0.5.0-SNAPSHOT/hadoop-ozone-recon-0.5.0-SNAPSHOT.jar:/home/user/.m2/repository/org/apache/hadoop/hadoop-ozone-reconcodegen/0.5.0-SNAPSHOT/hadoop-ozone-reconcodegen-0.5.0-SNAPSHOT.jar:/home/user/.m2/repository/com/google/inject/extensions/guice-multibindings/4.0/guice-multibindings-4.0.jar:/home/user/.m2/repository/com/google/inject/guice/4.0/guice-4.0.jar:/home/user/.m2/repository/aopalliance/aopalliance/1.0/aopalliance-1.0.jar:/home/user/.m2/repository/com/google/inject/extensions/guice-servlet/4.0/guice-servlet-4.0.jar:/home/user/.m2/repository/org/glassfish/jersey/containers/jersey-container-servlet/2.27/jersey-container-servlet-2.27.jar:/home/user/.m2/repository/org/glassfish/hk2/guice-bridge/2.5.0/guice-bridge-2.5.0.jar:/home/user/.m2/repository/org/glassfish/jersey/core/jersey-server/2.27/jersey-server-2.27.jar:/home/user/.m2/repository/org/glassfish/jersey/core/jersey-client/2.27/jersey-client-2.27.jar:/home/user/.m2/repository/org/glassfish/jersey/media/jersey-media-jaxb/2.27/jersey-media-jaxb-2.27.jar:/home/user/.m2/repository/javax/validation/validation-api/1.1.0.Final/validation-api-1.1.0.Final.jar:/home/user/.m2/repository/org/glassfish/jersey/media/jersey-media-json-jackson/2.27/jersey-media-json-jackson-2.27.jar:/home/user/.m2/repository/org/glassfish/jersey/ext/jersey-entity-filtering/2.27/jersey-entity-filtering-2.27.jar:/home/user/.m2/repository/com/google/inject/extensions/guice-assistedinject/4.0/guice-assistedinject-4.0.jar:/home/user/.m2/repository/org/jooq/jooq/3.11.10/jooq-3.11.10.jar:/home/user/.m2/repository/org/jooq/jooq-meta/3.11.10/jooq-meta-3.11.10.jar:/home/user/.m2/repository/org/jooq/jooq-codegen/3.11.10/jooq-codegen-3.11.10.jar:/home/user/.m2/repository/com/jolbox/bonecp/0.8.0.RELEASE/bonecp-0.8.0.RELEASE.jar:/home/user/.m2/repository/org/xerial/sqlite-jdbc/3.25.2/sqlite-jdbc-3.25.2.jar:/home/user/.m2/repository/org/springframework/spring-jdbc/5.1.3.RELEASE/spring-jdbc-5.1.3.RELEASE.jar:/home/user/.m2/repository/org/springframework/spring-beans/5.1.3.RELEASE/spring-beans-5.1.3.RELEASE.jar:/home/user/.m2/repository/org/springframework/spring-core/5.1.3.RELEASE/spring-core-5.1.3.RELEASE.jar:/home/user/.m2/repository/org/springframework/spring-jcl/5.1.3.RELEASE/spring-jcl-5.1.3.RELEASE.jar:/home/user/.m2/repository/org/springframework/spring-tx/5.1.3.RELEASE/spring-tx-5.1.3.RELEASE.jar:/home/user/.m2/repository/org/apache/hadoop/hadoop-ozone-client/0.5.0-SNAPSHOT/hadoop-ozone-client-0.5.0-SNAPSHOT.jar:/home/user/.m2/repository/commons-lang/commons-lang/2.6/commons-lang-2.6.jar:/home/user/.m2/repository/org/apache/hadoop/hadoop-ozone-ozone-manager/0.5.0-SNAPSHOT/hadoop-ozone-ozone-manager-0.5.0-SNAPSHOT-tests.jar:/home/user/.m2/repository/junit/junit/4.11/junit-4.11.jar:/home/user/.m2/repository/org/hamcrest/hamcrest-core/1.3/hamcrest-core-1.3.jar:/home/user/.m2/repository/org/openjdk/jmh/jmh-core/1.19/jmh-core-1.19.jar:/home/user/.m2/repository/net/sf/jopt-simple/jopt-simple/4.6/jopt-simple-4.6.jar:/home/user/.m2/repository/org/apache/commons/commons-math3/3.1.1/commons-math3-3.1.1.jar:/home/user/.m2/repository/org/openjdk/jmh/jmh-generator-annprocess/1.19/jmh-generator-annprocess-1.19.jar:/home/user/.m2/repository/org/mockito/mockito-all/1.8.5/mockito-all-1.8.5.jar:/home/user/.m2/repository/org/apache/hadoop/hadoop-kms/3.2.0/hadoop-kms-3.2.0.jar:/home/user/.m2/repository/org/apache/hadoop/hadoop-auth/3.2.0/hadoop-auth-3.2.0.jar:/home/user/.m2/repository/com/nimbusds/nimbus-jose-jwt/4.41.1/nimbus-jose-jwt-4.41.1.jar:/home/user/.m2/repository/com/github/stephenc/jcip/jcip-annotations/1.0-1/jcip-annotations-1.0-1.jar:/home/user/.m2/repository/net/minidev/json-smart/2.3/json-smart-2.3.jar:/home/user/.m2/repository/net/minidev/accessors-smart/1.2/accessors-smart-1.2.jar:/home/user/.m2/repository/org/ow2/asm/asm/5.0.4/asm-5.0.4.jar:/home/user/.m2/repository/org/apache/curator/curator-framework/2.12.0/curator-framework-2.12.0.jar:/home/user/.m2/repository/com/sun/jersey/jersey-core/1.19/jersey-core-1.19.jar:/home/user/.m2/repository/javax/ws/rs/jsr311-api/1.1.1/jsr311-api-1.1.1.jar:/home/user/.m2/repository/com/sun/jersey/jersey-server/1.19/jersey-server-1.19.jar:/home/user/.m2/repository/javax/servlet/javax.servlet-api/3.1.0/javax.servlet-api-3.1.0.jar:/home/user/.m2/repository/org/eclipse/jetty/jetty-server/9.3.25.v20180904/jetty-server-9.3.25.v20180904.jar:/home/user/.m2/repository/org/eclipse/jetty/jetty-http/9.3.25.v20180904/jetty-http-9.3.25.v20180904.jar:/home/user/.m2/repository/org/eclipse/jetty/jetty-io/9.3.25.v20180904/jetty-io-9.3.25.v20180904.jar:/home/user/.m2/repository/org/eclipse/jetty/jetty-webapp/9.3.25.v20180904/jetty-webapp-9.3.25.v20180904.jar:/home/user/.m2/repository/org/eclipse/jetty/jetty-xml/9.3.25.v20180904/jetty-xml-9.3.25.v20180904.jar:/home/user/.m2/repository/log4j/log4j/1.2.17/log4j-1.2.17.jar:/home/user/.m2/repository/org/slf4j/slf4j-api/1.7.25/slf4j-api-1.7.25.jar:/home/user/.m2/repository/org/slf4j/jul-to-slf4j/1.7.25/jul-to-slf4j-1.7.25.jar:/home/user/.m2/repository/org/eclipse/jetty/jetty-util/9.3.25.v20180904/jetty-util-9.3.25.v20180904.jar:/home/user/.m2/repository/com/fasterxml/jackson/core/jackson-databind/2.9.9/jackson-databind-2.9.9.jar:/home/user/.m2/repository/org/apache/hadoop/hadoop-kms/3.2.0/hadoop-kms-3.2.0-tests.jar:/home/user/.m2/repository/org/apache/hadoop/hadoop-hdds-server-scm/0.5.0-SNAPSHOT/hadoop-hdds-server-scm-0.5.0-SNAPSHOT-tests.jar:/home/user/.m2/repository/org/apache/hadoop/hadoop-hdds-container-service/0.5.0-SNAPSHOT/hadoop-hdds-container-service-0.5.0-SNAPSHOT-tests.jar:/home/user/.m2/repository/org/yaml/snakeyaml/1.16/snakeyaml-1.16.jar:/home/user/.m2/repository/org/apache/hadoop/hadoop-common/3.2.0/hadoop-common-3.2.0-tests.jar:/home/user/.m2/repository/org/apache/hadoop/hadoop-annotations/3.2.0/hadoop-annotations-3.2.0.jar:/usr/lib/jvm/java-1.8-openjdk/jre/../lib/tools.jar:/home/user/.m2/repository/commons-cli/commons-cli/1.2/commons-cli-1.2.jar:/home/user/.m2/repository/org/apache/httpcomponents/httpclient/4.5.2/httpclient-4.5.2.jar:/home/user/.m2/repository/org/apache/httpcomponents/httpcore/4.4.4/httpcore-4.4.4.jar:/home/user/.m2/repository/commons-codec/commons-codec/1.11/commons-codec-1.11.jar:/home/user/.m2/repository/commons-net/commons-net/3.6/commons-net-3.6.jar:/home/user/.m2/repository/commons-collections/commons-collections/3.2.2/commons-collections-3.2.2.jar:/home/user/.m2/repository/org/eclipse/jetty/jetty-servlet/9.3.25.v20180904/jetty-servlet-9.3.25.v20180904.jar:/home/user/.m2/repository/org/eclipse/jetty/jetty-security/9.3.25.v20180904/jetty-security-9.3.25.v20180904.jar:/home/user/.m2/repository/javax/servlet/jsp/jsp-api/2.1/jsp-api-2.1.jar:/home/user/.m2/repository/com/sun/jersey/jersey-servlet/1.19/jersey-servlet-1.19.jar:/home/user/.m2/repository/com/sun/jersey/jersey-json/1.19/jersey-json-1.19.jar:/home/user/.m2/repository/org/codehaus/jettison/jettison/1.1/jettison-1.1.jar:/home/user/.m2/repository/org/codehaus/jackson/jackson-core-asl/1.9.13/jackson-core-asl-1.9.13.jar:/home/user/.m2/repository/org/codehaus/jackson/jackson-mapper-asl/1.9.13/jackson-mapper-asl-1.9.13.jar:/home/user/.m2/repository/org/codehaus/jackson/jackson-jaxrs/1.9.13/jackson-jaxrs-1.9.13.jar:/home/user/.m2/repository/org/codehaus/jackson/jackson-xc/1.9.13/jackson-xc-1.9.13.jar:/home/user/.m2/repository/commons-logging/commons-logging/1.1.3/commons-logging-1.1.3.jar:/home/user/.m2/repository/commons-beanutils/commons-beanutils/1.9.4/commons-beanutils-1.9.4.jar:/home/user/.m2/repository/org/apache/commons/commons-configuration2/2.1.1/commons-configuration2-2.1.1.jar:/home/user/.m2/repository/org/apache/commons/commons-lang3/3.7/commons-lang3-3.7.jar:/home/user/.m2/repository/org/apache/commons/commons-text/1.4/commons-text-1.4.jar:/home/user/.m2/repository/org/apache/avro/avro/1.7.7/avro-1.7.7.jar:/home/user/.m2/repository/com/thoughtworks/paranamer/paranamer/2.3/paranamer-2.3.jar:/home/user/.m2/repository/org/xerial/snappy/snappy-java/1.0.5/snappy-java-1.0.5.jar:/home/user/.m2/repository/com/google/re2j/re2j/1.1/re2j-1.1.jar:/home/user/.m2/repository/com/google/code/gson/gson/2.2.4/gson-2.2.4.jar:/home/user/.m2/repository/com/jcraft/jsch/0.1.54/jsch-0.1.54.jar:/home/user/.m2/repository/org/apache/curator/curator-client/2.12.0/curator-client-2.12.0.jar:/home/user/.m2/repository/org/apache/curator/curator-recipes/2.12.0/curator-recipes-2.12.0.jar:/home/user/.m2/repository/com/google/code/findbugs/jsr305/3.0.0/jsr305-3.0.0.jar:/home/user/.m2/repository/org/apache/htrace/htrace-core4/4.1.0-incubating/htrace-core4-4.1.0-incubating.jar:/home/user/.m2/repository/org/apache/zookeeper/zookeeper/3.4.13/zookeeper-3.4.13.jar:/home/user/.m2/repository/jline/jline/0.9.94/jline-0.9.94.jar:/home/user/.m2/repository/org/apache/yetus/audience-annotations/0.5.0/audience-annotations-0.5.0.jar:/home/user/.m2/repository/org/codehaus/woodstox/stax2-api/3.1.4/stax2-api-3.1.4.jar:/home/user/.m2/repository/com/fasterxml/woodstox/woodstox-core/5.0.3/woodstox-core-5.0.3.jar:/home/user/.m2/repository/dnsjava/dnsjava/2.1.7/dnsjava-2.1.7.jar:/home/user/.m2/repository/org/apache/hadoop/hadoop-hdfs/3.2.0/hadoop-hdfs-3.2.0-tests.jar:/home/user/.m2/repository/org/eclipse/jetty/jetty-util-ajax/9.3.25.v20180904/jetty-util-ajax-9.3.25.v20180904.jar:/home/user/.m2/repository/commons-daemon/commons-daemon/1.0.13/commons-daemon-1.0.13.jar:/home/user/.m2/repository/io/netty/netty/3.10.5.Final/netty-3.10.5.Final.jar:/home/user/.m2/repository/io/netty/netty-all/4.0.52.Final/netty-all-4.0.52.Final.jar:/home/user/.m2/repository/org/fusesource/leveldbjni/leveldbjni-all/1.8/leveldbjni-all-1.8.jar:"/>
    <property name="sun.cpu.endian" value="little"/>
    <property name="user.home" value="/home/user"/>
    <property name="user.language" value="en"/>
    <property name="java.specification.vendor" value="Oracle Corporation"/>
    <property name="java.home" value="/usr/lib/jvm/java-1.8-openjdk/jre"/>
    <property name="java.security.krb5.conf" value="/workdir/hadoop-ozone/integration-test/target/test-classes/krb5.conf"/>
    <property name="basedir" value="/workdir/hadoop-ozone/integration-test"/>
    <property name="file.separator" value="/"/>
    <property name="line.separator" value="&#10;"/>
    <property name="java.vm.specification.vendor" value="Oracle Corporation"/>
    <property name="java.specification.name" value="Java Platform API Specification"/>
    <property name="java.awt.graphicsenv" value="sun.awt.X11GraphicsEnvironment"/>
    <property name="surefire.real.class.path" value="/workdir/hadoop-ozone/integration-test/target/surefire/surefirebooter912561753808794667.jar"/>
    <property name="hadoop.log.dir" value="/workdir/hadoop-ozone/integration-test/target/log"/>
    <property name="sun.boot.class.path" value="/usr/lib/jvm/java-1.8-openjdk/jre/lib/resources.jar:/usr/lib/jvm/java-1.8-openjdk/jre/lib/rt.jar:/usr/lib/jvm/java-1.8-openjdk/jre/lib/sunrsasign.jar:/usr/lib/jvm/java-1.8-openjdk/jre/lib/jsse.jar:/usr/lib/jvm/java-1.8-openjdk/jre/lib/jce.jar:/usr/lib/jvm/java-1.8-openjdk/jre/lib/charsets.jar:/usr/lib/jvm/java-1.8-openjdk/jre/lib/jfr.jar:/usr/lib/jvm/java-1.8-openjdk/jre/classes"/>
    <property name="sun.management.compiler" value="HotSpot 64-Bit Tiered Compilers"/>
    <property name="java.runtime.version" value="1.8.0_212-b04"/>
    <property name="java.net.preferIPv4Stack" value="true"/>
    <property name="user.name" value="jenkins1000"/>
    <property name="path.separator" value=":"/>
    <property name="java.security.egd" value="file:///dev/urandom"/>
    <property name="os.version" value="3.10.0-957.12.2.el7.x86_64"/>
    <property name="java.endorsed.dirs" value="/usr/lib/jvm/java-1.8-openjdk/jre/lib/endorsed"/>
    <property name="java.runtime.name" value="OpenJDK Runtime Environment"/>
    <property name="file.encoding" value="UTF-8"/>
    <property name="java.vm.name" value="OpenJDK 64-Bit Server VM"/>
    <property name="test.build.webapps" value=""/>
    <property name="localRepository" value="/home/user/.m2/repository"/>
    <property name="java.vendor.url.bug" value="https://icedtea.classpath.org/bugzilla"/>
    <property name="java.io.tmpdir" value="/tmp"/>
    <property name="require.test.libhadoop" value=""/>
    <property name="java.version" value="1.8.0_212"/>
    <property name="user.dir" value="/workdir/hadoop-ozone/integration-test"/>
    <property name="os.arch" value="amd64"/>
    <property name="java.vm.specification.name" value="Java Virtual Machine Specification"/>
    <property name="test.build.classes" value="/workdir/hadoop-ozone/integration-test/target/test-classes"/>
    <property name="java.awt.printerjob" value="sun.print.PSPrinterJob"/>
    <property name="sun.os.patch.level" value="unknown"/>
    <property name="hadoop.tmp.dir" value="/workdir/hadoop-ozone/integration-test/target/tmp"/>
    <property name="java.library.path" value="/usr/lib/jvm/java-1.8-openjdk/jre/lib/amd64/server:/usr/lib/jvm/java-1.8-openjdk/jre/lib/amd64:/usr/lib/jvm/java-1.8-openjdk/jre/../lib/amd64:/workdir/hadoop-ozone/integration-test/target/native/target/usr/local/lib:/workdir/hadoop-ozone/integration-test/../../hadoop-common-project/hadoop-common/target/native/target/usr/local/lib:/usr/java/packages/lib/amd64:/usr/lib64:/lib64:/lib:/usr/lib"/>
    <property name="java.vm.info" value="mixed mode"/>
    <property name="java.vendor" value="IcedTea"/>
    <property name="java.vm.version" value="25.212-b04"/>
    <property name="java.ext.dirs" value="/usr/lib/jvm/java-1.8-openjdk/jre/lib/ext:/usr/java/packages/lib/ext"/>
    <property name="sun.io.unicode.encoding" value="UnicodeLittle"/>
    <property name="java.class.version" value="52.0"/>
  </properties>
  <testcase name="testWatchForCommitWithKeyWrite" classname="org.apache.hadoop.ozone.client.rpc.TestWatchForCommit" time="59.172"/>
  <testcase name="testWatchForCommitWithSmallerTimeoutValue" classname="org.apache.hadoop.ozone.client.rpc.TestWatchForCommit" time="43.148"/>
  <testcase name="testWatchForCommitForRetryfailure" classname="org.apache.hadoop.ozone.client.rpc.TestWatchForCommit" time="71.059"/>
  <testcase name="testWatchForCommitForGroupMismatchException" classname="org.apache.hadoop.ozone.client.rpc.TestWatchForCommit" time="32.351"/>
  <testcase name="test2WayCommitForTimeoutException" classname="org.apache.hadoop.ozone.client.rpc.TestWatchForCommit" time="22.607">
    <error type="java.util.concurrent.TimeoutException">java.util.concurrent.TimeoutException
	at java.util.concurrent.CompletableFuture.timedGet(CompletableFuture.java:1771)
	at java.util.concurrent.CompletableFuture.get(CompletableFuture.java:1915)
	at org.apache.hadoop.hdds.scm.XceiverClientRatis.watchForCommit(XceiverClientRatis.java:275)
	at org.apache.hadoop.ozone.client.rpc.TestWatchForCommit.test2WayCommitForTimeoutException(TestWatchForCommit.java:391)
	at sun.reflect.NativeMethodAccessorImpl.invoke0(Native Method)
	at sun.reflect.NativeMethodAccessorImpl.invoke(NativeMethodAccessorImpl.java:62)
	at sun.reflect.DelegatingMethodAccessorImpl.invoke(DelegatingMethodAccessorImpl.java:43)
	at java.lang.reflect.Method.invoke(Method.java:498)
	at org.junit.runners.model.FrameworkMethod$1.runReflectiveCall(FrameworkMethod.java:47)
	at org.junit.internal.runners.model.ReflectiveCallable.run(ReflectiveCallable.java:12)
	at org.junit.runners.model.FrameworkMethod.invokeExplosively(FrameworkMethod.java:44)
	at org.junit.internal.runners.statements.InvokeMethod.evaluate(InvokeMethod.java:17)
	at org.junit.runners.ParentRunner.runLeaf(ParentRunner.java:271)
	at org.junit.runners.BlockJUnit4ClassRunner.runChild(BlockJUnit4ClassRunner.java:70)
	at org.junit.runners.BlockJUnit4ClassRunner.runChild(BlockJUnit4ClassRunner.java:50)
	at org.junit.runners.ParentRunner$3.run(ParentRunner.java:238)
	at org.junit.runners.ParentRunner$1.schedule(ParentRunner.java:63)
	at org.junit.runners.ParentRunner.runChildren(ParentRunner.java:236)
	at org.junit.runners.ParentRunner.access$000(ParentRunner.java:53)
	at org.junit.runners.ParentRunner$2.evaluate(ParentRunner.java:229)
	at org.junit.runners.ParentRunner.run(ParentRunner.java:309)
	at org.apache.maven.surefire.junit4.JUnit4Provider.execute(JUnit4Provider.java:365)
	at org.apache.maven.surefire.junit4.JUnit4Provider.executeWithRerun(JUnit4Provider.java:273)
	at org.apache.maven.surefire.junit4.JUnit4Provider.executeTestSet(JUnit4Provider.java:238)
	at org.apache.maven.surefire.junit4.JUnit4Provider.invoke(JUnit4Provider.java:159)
	at org.apache.maven.surefire.booter.ForkedBooter.invokeProviderInSameClassLoader(ForkedBooter.java:384)
	at org.apache.maven.surefire.booter.ForkedBooter.runSuitesInProcess(ForkedBooter.java:345)
	at org.apache.maven.surefire.booter.ForkedBooter.execute(ForkedBooter.java:126)
	at org.apache.maven.surefire.booter.ForkedBooter.main(ForkedBooter.java:418)
</error>
    <system-out><![CDATA[2019-10-07 13:24:46,699 [main] WARN  server.ServerUtils (ServerUtils.java:getScmDbDir(145)) - ozone.scm.db.dirs is not configured. We recommend adding this setting. Falling back to ozone.metadata.dirs instead.
2019-10-07 13:24:46,713 [main] WARN  server.ServerUtils (ServerUtils.java:getScmDbDir(145)) - ozone.scm.db.dirs is not configured. We recommend adding this setting. Falling back to ozone.metadata.dirs instead.
2019-10-07 13:24:46,714 [main] WARN  server.ServerUtils (ServerUtils.java:getScmDbDir(145)) - ozone.scm.db.dirs is not configured. We recommend adding this setting. Falling back to ozone.metadata.dirs instead.
2019-10-07 13:24:46,714 [main] INFO  db.DBStoreBuilder (DBStoreBuilder.java:addTable(117)) - using custom profile for table: deletedBlocks
2019-10-07 13:24:46,714 [main] INFO  db.DBStoreBuilder (DBStoreBuilder.java:processTables(168)) - Using default column profile:DBProfile.DISK for Table:deletedBlocks
2019-10-07 13:24:46,714 [main] INFO  db.DBStoreBuilder (DBStoreBuilder.java:addTable(117)) - using custom profile for table: validCerts
2019-10-07 13:24:46,714 [main] INFO  db.DBStoreBuilder (DBStoreBuilder.java:processTables(168)) - Using default column profile:DBProfile.DISK for Table:validCerts
2019-10-07 13:24:46,715 [main] INFO  db.DBStoreBuilder (DBStoreBuilder.java:addTable(117)) - using custom profile for table: revokedCerts
2019-10-07 13:24:46,715 [main] INFO  db.DBStoreBuilder (DBStoreBuilder.java:processTables(168)) - Using default column profile:DBProfile.DISK for Table:revokedCerts
2019-10-07 13:24:46,715 [main] INFO  db.DBStoreBuilder (DBStoreBuilder.java:addTable(117)) - using custom profile for table: default
2019-10-07 13:24:46,715 [main] INFO  db.DBStoreBuilder (DBStoreBuilder.java:processTables(174)) - Using default column profile:DBProfile.DISK for Table:default
2019-10-07 13:24:46,715 [main] INFO  db.DBStoreBuilder (DBStoreBuilder.java:getDbProfile(205)) - Using default options. DBProfile.DISK
2019-10-07 13:24:46,949 [main] INFO  net.NodeSchemaLoader (NodeSchemaLoader.java:loadSchemaFromFile(125)) - Loading file from sun.misc.CompoundEnumeration@39e53bef
2019-10-07 13:24:46,949 [main] INFO  net.NodeSchemaLoader (NodeSchemaLoader.java:loadSchema(171)) - Loading network topology layer schema file
2019-10-07 13:24:46,953 [main] WARN  server.ServerUtils (ServerUtils.java:sanitizeUserArgs(70)) - ozone.scm.stale.node.interval value = 300000 is larger than max = 100000 based on the key value of ozone.scm.heartbeat.thread.interval, reset to the max value 100000.
2019-10-07 13:24:46,954 [main] WARN  server.ServerUtils (ServerUtils.java:sanitizeUserArgs(70)) - ozone.scm.stale.node.interval value = 300000 is larger than max = 100000 based on the key value of ozone.scm.heartbeat.thread.interval, reset to the max value 100000.
2019-10-07 13:24:46,954 [main] INFO  node.SCMNodeManager (SCMNodeManager.java:<init>(116)) - Entering startup safe mode.
2019-10-07 13:24:46,955 [main] INFO  algorithms.ContainerPlacementPolicyFactory (ContainerPlacementPolicyFactory.java:getPolicy(57)) - Create container placement policy of type org.apache.hadoop.hdds.scm.container.placement.algorithms.SCMContainerPlacementRandom
2019-10-07 13:24:46,955 [main] WARN  server.ServerUtils (ServerUtils.java:getScmDbDir(145)) - ozone.scm.db.dirs is not configured. We recommend adding this setting. Falling back to ozone.metadata.dirs instead.
2019-10-07 13:24:47,048 [main] INFO  pipeline.SCMPipelineManager (SCMPipelineManager.java:initializePipelineState(132)) - No pipeline exists in current db
2019-10-07 13:24:47,048 [main] WARN  server.ServerUtils (ServerUtils.java:getScmDbDir(145)) - ozone.scm.db.dirs is not configured. We recommend adding this setting. Falling back to ozone.metadata.dirs instead.
2019-10-07 13:24:47,132 [main] WARN  events.EventQueue (EventQueue.java:fireEvent(183)) - No event handler registered for event TypedEvent{payloadType=SafeModeStatus, name='SafeModeStatus'}
2019-10-07 13:24:47,133 [main] INFO  ipc.CallQueueManager (CallQueueManager.java:<init>(84)) - Using callQueue: class java.util.concurrent.LinkedBlockingQueue, queueCapacity: 2000, scheduler: class org.apache.hadoop.ipc.DefaultRpcScheduler, ipcBackoff: false.
2019-10-07 13:24:47,134 [Socket Reader #1 for port 44611] INFO  ipc.Server (Server.java:run(1074)) - Starting Socket Reader #1 for port 44611
2019-10-07 13:24:47,136 [main] INFO  ipc.CallQueueManager (CallQueueManager.java:<init>(84)) - Using callQueue: class java.util.concurrent.LinkedBlockingQueue, queueCapacity: 2000, scheduler: class org.apache.hadoop.ipc.DefaultRpcScheduler, ipcBackoff: false.
2019-10-07 13:24:47,136 [Socket Reader #1 for port 36024] INFO  ipc.Server (Server.java:run(1074)) - Starting Socket Reader #1 for port 36024
2019-10-07 13:24:47,138 [main] INFO  ipc.CallQueueManager (CallQueueManager.java:<init>(84)) - Using callQueue: class java.util.concurrent.LinkedBlockingQueue, queueCapacity: 2000, scheduler: class org.apache.hadoop.ipc.DefaultRpcScheduler, ipcBackoff: false.
2019-10-07 13:24:47,139 [Socket Reader #1 for port 34628] INFO  ipc.Server (Server.java:run(1074)) - Starting Socket Reader #1 for port 34628
2019-10-07 13:24:47,142 [main] INFO  hdfs.DFSUtil (DFSUtil.java:httpServerTemplateForNNAndJN(1641)) - Starting Web-server for scm at: http://0.0.0.0:0
2019-10-07 13:24:47,145 [main] INFO  server.AuthenticationFilter (AuthenticationFilter.java:constructSecretProvider(240)) - Unable to initialize FileSignerSecretProvider, falling back to use random secrets.
2019-10-07 13:24:47,146 [main] WARN  http.HttpRequestLog (HttpRequestLog.java:getRequestLog(97)) - Jetty request log can only be enabled using Log4j
2019-10-07 13:24:47,148 [main] INFO  http.HttpServer2 (HttpServer2.java:addGlobalFilter(975)) - Added global filter 'safety' (class=org.apache.hadoop.http.HttpServer2$QuotingInputFilter)
2019-10-07 13:24:47,149 [main] INFO  http.HttpServer2 (HttpServer2.java:addFilter(948)) - Added filter static_user_filter (class=org.apache.hadoop.http.lib.StaticUserWebFilter$StaticUserFilter) to context scm
2019-10-07 13:24:47,149 [main] INFO  http.HttpServer2 (HttpServer2.java:addFilter(958)) - Added filter static_user_filter (class=org.apache.hadoop.http.lib.StaticUserWebFilter$StaticUserFilter) to context logs
2019-10-07 13:24:47,149 [main] INFO  http.HttpServer2 (HttpServer2.java:addFilter(958)) - Added filter static_user_filter (class=org.apache.hadoop.http.lib.StaticUserWebFilter$StaticUserFilter) to context static
2019-10-07 13:24:47,152 [main] INFO  server.StorageContainerManager (StorageContainerManager.java:start(770)) - StorageContainerLocationProtocol RPC server is listening at /0.0.0.0:34628
2019-10-07 13:24:47,155 [main] WARN  impl.MetricsConfig (MetricsConfig.java:loadFirst(134)) - Cannot locate configuration: tried hadoop-metrics2-storagecontainermanager.properties,hadoop-metrics2.properties
2019-10-07 13:24:47,156 [main] INFO  impl.MetricsSystemImpl (MetricsSystemImpl.java:startTimer(374)) - Scheduled Metric snapshot period at 10 second(s).
2019-10-07 13:24:47,156 [main] INFO  impl.MetricsSystemImpl (MetricsSystemImpl.java:start(191)) - StorageContainerManager metrics system started
2019-10-07 13:24:47,207 [main] WARN  impl.MetricsSystemImpl (MetricsSystemImpl.java:register(276)) - Sink prometheus already exists!
2019-10-07 13:24:47,292 [main] INFO  server.SCMClientProtocolServer (SCMClientProtocolServer.java:start(159)) - RPC server for Client  is listening at /0.0.0.0:34628
2019-10-07 13:24:47,293 [IPC Server Responder] INFO  ipc.Server (Server.java:run(1314)) - IPC Server Responder: starting
2019-10-07 13:24:47,293 [IPC Server listener on 34628] INFO  ipc.Server (Server.java:run(1153)) - IPC Server listener on 34628: starting
2019-10-07 13:24:47,300 [main] INFO  server.StorageContainerManager (StorageContainerManager.java:start(780)) - ScmBlockLocationProtocol RPC server is listening at /0.0.0.0:36024
2019-10-07 13:24:47,300 [main] INFO  server.SCMBlockProtocolServer (SCMBlockProtocolServer.java:start(146)) - RPC server for Block Protocol is listening at /0.0.0.0:36024
2019-10-07 13:24:47,300 [IPC Server Responder] INFO  ipc.Server (Server.java:run(1314)) - IPC Server Responder: starting
2019-10-07 13:24:47,300 [IPC Server listener on 36024] INFO  ipc.Server (Server.java:run(1153)) - IPC Server listener on 36024: starting
2019-10-07 13:24:47,304 [main] INFO  server.StorageContainerManager (StorageContainerManager.java:start(784)) - ScmDatanodeProtocl RPC server is listening at /0.0.0.0:44611
2019-10-07 13:24:47,304 [main] INFO  server.SCMDatanodeProtocolServer (SCMDatanodeProtocolServer.java:start(169)) - RPC server for DataNodes is listening at /0.0.0.0:44611
2019-10-07 13:24:47,304 [IPC Server Responder] INFO  ipc.Server (Server.java:run(1314)) - IPC Server Responder: starting
2019-10-07 13:24:47,305 [IPC Server listener on 44611] INFO  ipc.Server (Server.java:run(1153)) - IPC Server listener on 44611: starting
2019-10-07 13:24:47,308 [main] INFO  http.HttpServer2 (HttpServer2.java:bindListener(1191)) - Jetty bound to port 43783
2019-10-07 13:24:47,309 [main] INFO  server.Server (Server.java:doStart(351)) - jetty-9.3.25.v20180904, build timestamp: 2018-09-04T21:11:46Z, git hash: 3ce520221d0240229c862b122d2b06c12a625732
2019-10-07 13:24:47,310 [main] INFO  handler.ContextHandler (ContextHandler.java:doStart(781)) - Started o.e.j.s.ServletContextHandler@6f85ee02{/logs,file:///workdir/hadoop-ozone/integration-test/target/log,AVAILABLE}
2019-10-07 13:24:47,311 [main] INFO  handler.ContextHandler (ContextHandler.java:doStart(781)) - Started o.e.j.s.ServletContextHandler@6c075e9d{/static,file:///workdir/hadoop-ozone/integration-test/target/test-classes/webapps/static,AVAILABLE}
2019-10-07 13:24:47,314 [main] INFO  handler.ContextHandler (ContextHandler.java:doStart(781)) - Started o.e.j.w.WebAppContext@7971c2a9{/,file:///workdir/hadoop-ozone/integration-test/target/test-classes/webapps/scm/,AVAILABLE}{/scm}
2019-10-07 13:24:47,314 [main] INFO  server.AbstractConnector (AbstractConnector.java:doStart(278)) - Started ServerConnector@2fd39436{HTTP/1.1,[http/1.1]}{0.0.0.0:43783}
2019-10-07 13:24:47,315 [main] INFO  server.Server (Server.java:doStart(419)) - Started @206784ms
2019-10-07 13:24:47,316 [main] WARN  impl.MetricsSystemImpl (MetricsSystemImpl.java:register(276)) - Sink prometheus already exists!
2019-10-07 13:24:47,316 [main] INFO  server.BaseHttpServer (BaseHttpServer.java:updateConnectorAddress(215)) - HTTP server of SCM is listening at http://0.0.0.0:43783
2019-10-07 13:24:47,318 [main] WARN  server.ServerUtils (ServerUtils.java:getDBPath(222)) - ozone.om.db.dirs is not configured. We recommend adding this setting. Falling back to ozone.metadata.dirs instead.
2019-10-07 13:24:47,319 [org.apache.hadoop.util.JvmPauseMonitor$Monitor@46394f65] INFO  util.JvmPauseMonitor (JvmPauseMonitor.java:run(188)) - Starting JVM pause monitor
2019-10-07 13:24:47,333 [main] INFO  ha.OMHANodeDetails (OMHANodeDetails.java:loadOMHAConfig(190)) - Configuration either no ozone.om.address set. Falling back to the default OM address /127.0.0.1:0
2019-10-07 13:24:47,333 [main] INFO  ha.OMHANodeDetails (OMHANodeDetails.java:getOMNodeDetails(220)) - OM Service ID is not set. Setting it to the default ID: omServiceIdDefault
2019-10-07 13:24:47,334 [main] WARN  server.ServerUtils (ServerUtils.java:getDBPath(222)) - ozone.om.db.dirs is not configured. We recommend adding this setting. Falling back to ozone.metadata.dirs instead.
2019-10-07 13:24:47,334 [main] WARN  server.ServerUtils (ServerUtils.java:getDBPath(222)) - ozone.om.db.dirs is not configured. We recommend adding this setting. Falling back to ozone.metadata.dirs instead.
2019-10-07 13:24:47,342 [main] WARN  server.ServerUtils (ServerUtils.java:getDBPath(222)) - ozone.om.db.dirs is not configured. We recommend adding this setting. Falling back to ozone.metadata.dirs instead.
2019-10-07 13:24:47,343 [main] INFO  db.DBStoreBuilder (DBStoreBuilder.java:addTable(117)) - using custom profile for table: userTable
2019-10-07 13:24:47,343 [main] INFO  db.DBStoreBuilder (DBStoreBuilder.java:processTables(168)) - Using default column profile:DBProfile.DISK for Table:userTable
2019-10-07 13:24:47,343 [main] INFO  db.DBStoreBuilder (DBStoreBuilder.java:addTable(117)) - using custom profile for table: volumeTable
2019-10-07 13:24:47,344 [main] INFO  db.DBStoreBuilder (DBStoreBuilder.java:processTables(168)) - Using default column profile:DBProfile.DISK for Table:volumeTable
2019-10-07 13:24:47,344 [main] INFO  db.DBStoreBuilder (DBStoreBuilder.java:addTable(117)) - using custom profile for table: bucketTable
2019-10-07 13:24:47,344 [main] INFO  db.DBStoreBuilder (DBStoreBuilder.java:processTables(168)) - Using default column profile:DBProfile.DISK for Table:bucketTable
2019-10-07 13:24:47,345 [main] INFO  db.DBStoreBuilder (DBStoreBuilder.java:addTable(117)) - using custom profile for table: keyTable
2019-10-07 13:24:47,345 [main] INFO  db.DBStoreBuilder (DBStoreBuilder.java:processTables(168)) - Using default column profile:DBProfile.DISK for Table:keyTable
2019-10-07 13:24:47,345 [main] INFO  db.DBStoreBuilder (DBStoreBuilder.java:addTable(117)) - using custom profile for table: deletedTable
2019-10-07 13:24:47,345 [main] INFO  db.DBStoreBuilder (DBStoreBuilder.java:processTables(168)) - Using default column profile:DBProfile.DISK for Table:deletedTable
2019-10-07 13:24:47,346 [main] INFO  db.DBStoreBuilder (DBStoreBuilder.java:addTable(117)) - using custom profile for table: openKeyTable
2019-10-07 13:24:47,346 [main] INFO  db.DBStoreBuilder (DBStoreBuilder.java:processTables(168)) - Using default column profile:DBProfile.DISK for Table:openKeyTable
2019-10-07 13:24:47,346 [main] INFO  db.DBStoreBuilder (DBStoreBuilder.java:addTable(117)) - using custom profile for table: s3Table
2019-10-07 13:24:47,346 [main] INFO  db.DBStoreBuilder (DBStoreBuilder.java:processTables(168)) - Using default column profile:DBProfile.DISK for Table:s3Table
2019-10-07 13:24:47,347 [main] INFO  db.DBStoreBuilder (DBStoreBuilder.java:addTable(117)) - using custom profile for table: multipartInfoTable
2019-10-07 13:24:47,347 [main] INFO  db.DBStoreBuilder (DBStoreBuilder.java:processTables(168)) - Using default column profile:DBProfile.DISK for Table:multipartInfoTable
2019-10-07 13:24:47,347 [main] INFO  db.DBStoreBuilder (DBStoreBuilder.java:addTable(117)) - using custom profile for table: dTokenTable
2019-10-07 13:24:47,347 [main] INFO  db.DBStoreBuilder (DBStoreBuilder.java:processTables(168)) - Using default column profile:DBProfile.DISK for Table:dTokenTable
2019-10-07 13:24:47,348 [main] INFO  db.DBStoreBuilder (DBStoreBuilder.java:addTable(117)) - using custom profile for table: s3SecretTable
2019-10-07 13:24:47,348 [main] INFO  db.DBStoreBuilder (DBStoreBuilder.java:processTables(168)) - Using default column profile:DBProfile.DISK for Table:s3SecretTable
2019-10-07 13:24:47,348 [main] INFO  db.DBStoreBuilder (DBStoreBuilder.java:addTable(117)) - using custom profile for table: prefixTable
2019-10-07 13:24:47,348 [main] INFO  db.DBStoreBuilder (DBStoreBuilder.java:processTables(168)) - Using default column profile:DBProfile.DISK for Table:prefixTable
2019-10-07 13:24:47,349 [main] INFO  db.DBStoreBuilder (DBStoreBuilder.java:addTable(117)) - using custom profile for table: default
2019-10-07 13:24:47,349 [main] INFO  db.DBStoreBuilder (DBStoreBuilder.java:processTables(174)) - Using default column profile:DBProfile.DISK for Table:default
2019-10-07 13:24:47,349 [main] INFO  db.DBStoreBuilder (DBStoreBuilder.java:getDbProfile(205)) - Using default options. DBProfile.DISK
2019-10-07 13:24:47,971 [main] INFO  ipc.CallQueueManager (CallQueueManager.java:<init>(84)) - Using callQueue: class java.util.concurrent.LinkedBlockingQueue, queueCapacity: 2000, scheduler: class org.apache.hadoop.ipc.DefaultRpcScheduler, ipcBackoff: false.
2019-10-07 13:24:47,972 [Socket Reader #1 for port 35295] INFO  ipc.Server (Server.java:run(1074)) - Starting Socket Reader #1 for port 35295
2019-10-07 13:24:47,989 [main] INFO  om.OzoneManager (OzoneManager.java:start(1069)) - OzoneManager RPC server is listening at localhost/127.0.0.1:35295
2019-10-07 13:24:47,989 [main] INFO  impl.MetricsSystemImpl (MetricsSystemImpl.java:init(158)) - OzoneManager metrics system started (again)
2019-10-07 13:24:47,990 [IPC Server Responder] INFO  ipc.Server (Server.java:run(1314)) - IPC Server Responder: starting
2019-10-07 13:24:47,992 [IPC Server listener on 35295] INFO  ipc.Server (Server.java:run(1153)) - IPC Server listener on 35295: starting
2019-10-07 13:24:47,997 [main] INFO  hdfs.DFSUtil (DFSUtil.java:httpServerTemplateForNNAndJN(1641)) - Starting Web-server for ozoneManager at: http://0.0.0.0:0
2019-10-07 13:24:47,998 [main] INFO  server.AuthenticationFilter (AuthenticationFilter.java:constructSecretProvider(240)) - Unable to initialize FileSignerSecretProvider, falling back to use random secrets.
2019-10-07 13:24:47,999 [main] WARN  http.HttpRequestLog (HttpRequestLog.java:getRequestLog(97)) - Jetty request log can only be enabled using Log4j
2019-10-07 13:24:48,000 [main] INFO  http.HttpServer2 (HttpServer2.java:addGlobalFilter(975)) - Added global filter 'safety' (class=org.apache.hadoop.http.HttpServer2$QuotingInputFilter)
2019-10-07 13:24:48,001 [main] INFO  http.HttpServer2 (HttpServer2.java:addFilter(948)) - Added filter static_user_filter (class=org.apache.hadoop.http.lib.StaticUserWebFilter$StaticUserFilter) to context ozoneManager
2019-10-07 13:24:48,001 [main] INFO  http.HttpServer2 (HttpServer2.java:addFilter(958)) - Added filter static_user_filter (class=org.apache.hadoop.http.lib.StaticUserWebFilter$StaticUserFilter) to context static
2019-10-07 13:24:48,001 [main] INFO  http.HttpServer2 (HttpServer2.java:addFilter(958)) - Added filter static_user_filter (class=org.apache.hadoop.http.lib.StaticUserWebFilter$StaticUserFilter) to context logs
2019-10-07 13:24:48,002 [main] INFO  http.HttpServer2 (HttpServer2.java:bindListener(1191)) - Jetty bound to port 46806
2019-10-07 13:24:48,002 [main] INFO  server.Server (Server.java:doStart(351)) - jetty-9.3.25.v20180904, build timestamp: 2018-09-04T21:11:46Z, git hash: 3ce520221d0240229c862b122d2b06c12a625732
2019-10-07 13:24:48,003 [main] INFO  handler.ContextHandler (ContextHandler.java:doStart(781)) - Started o.e.j.s.ServletContextHandler@e62319f{/logs,file:///workdir/hadoop-ozone/integration-test/target/log,AVAILABLE}
2019-10-07 13:24:48,004 [main] INFO  handler.ContextHandler (ContextHandler.java:doStart(781)) - Started o.e.j.s.ServletContextHandler@24a0c58b{/static,file:///workdir/hadoop-ozone/integration-test/target/test-classes/webapps/static,AVAILABLE}
2019-10-07 13:24:48,008 [main] INFO  handler.ContextHandler (ContextHandler.java:doStart(781)) - Started o.e.j.w.WebAppContext@51ba952e{/,file:///workdir/hadoop-ozone/integration-test/target/test-classes/webapps/ozoneManager/,AVAILABLE}{/ozoneManager}
2019-10-07 13:24:48,008 [main] INFO  server.AbstractConnector (AbstractConnector.java:doStart(278)) - Started ServerConnector@2416c658{HTTP/1.1,[http/1.1]}{0.0.0.0:46806}
2019-10-07 13:24:48,009 [main] INFO  server.Server (Server.java:doStart(419)) - Started @207478ms
2019-10-07 13:24:48,009 [main] WARN  impl.MetricsSystemImpl (MetricsSystemImpl.java:register(276)) - Sink prometheus already exists!
2019-10-07 13:24:48,011 [main] INFO  server.BaseHttpServer (BaseHttpServer.java:updateConnectorAddress(215)) - HTTP server of OZONEMANAGER is listening at http://0.0.0.0:46806
2019-10-07 13:24:48,025 [main] INFO  impl.MetricsSystemImpl (MetricsSystemImpl.java:init(158)) - HddsDatanode metrics system started (again)
2019-10-07 13:24:48,029 [main] INFO  ozone.HddsDatanodeService (HddsDatanodeService.java:start(184)) - HddsDatanodeService host:pr-hdds-2265-m6x5s-933689915 ip:192.168.151.66
2019-10-07 13:24:48,035 [main] INFO  volume.HddsVolume (HddsVolume.java:<init>(176)) - Creating Volume: /workdir/hadoop-ozone/integration-test/target/test-dir/MiniOzoneClusterImpl-01368c1a-6328-4066-8a93-de455066d669/datanode-0/data/containers/hdds of  storage type : DISK and capacity : 1482555576320
2019-10-07 13:24:48,035 [main] INFO  volume.VolumeSet (VolumeSet.java:initializeVolumeSet(170)) - Added Volume : /workdir/hadoop-ozone/integration-test/target/test-dir/MiniOzoneClusterImpl-01368c1a-6328-4066-8a93-de455066d669/datanode-0/data/containers/hdds to VolumeSet
2019-10-07 13:24:48,035 [main] INFO  volume.ThrottledAsyncChecker (ThrottledAsyncChecker.java:schedule(139)) - Scheduling a check for org.apache.hadoop.ozone.container.common.volume.HddsVolume@76216830
2019-10-07 13:24:48,036 [main] INFO  volume.HddsVolumeChecker (HddsVolumeChecker.java:checkAllVolumes(202)) - Scheduled health check for volume org.apache.hadoop.ozone.container.common.volume.HddsVolume@76216830
2019-10-07 13:24:48,050 [main] INFO  impl.RaftServerProxy (ConfUtils.java:logGet(43)) - raft.rpc.type = GRPC (default)
2019-10-07 13:24:48,050 [main] INFO  grpc.GrpcFactory (GrpcFactory.java:checkPooledByteBufAllocatorUseCacheForAllThreads(45)) - PERFORMANCE WARNING: useCacheForAllThreads is true that may cause Netty to create a lot garbage objects and, as a result, trigger GC.
	It is recommended to disable useCacheForAllThreads by setting -Dorg.apache.ratis.thirdparty.io.netty.allocator.useCacheForAllThreads=false in command line.
2019-10-07 13:24:48,051 [main] INFO  grpc.GrpcConfigKeys$Server (ConfUtils.java:logGet(43)) - raft.grpc.server.port = 0 (default)
2019-10-07 13:24:48,051 [main] INFO  server.GrpcService (ConfUtils.java:logGet(43)) - raft.grpc.message.size.max = 33570816 (custom)
2019-10-07 13:24:48,051 [main] INFO  server.RaftServerConfigKeys (ConfUtils.java:logGet(43)) - raft.server.log.appender.buffer.byte-limit = 33554432 (custom)
2019-10-07 13:24:48,051 [main] INFO  server.GrpcService (ConfUtils.java:logGet(43)) - raft.grpc.flow.control.window = 1MB (=1048576) (default)
2019-10-07 13:24:48,051 [main] INFO  server.RaftServerConfigKeys (ConfUtils.java:logGet(43)) - raft.server.rpc.request.timeout = 3000ms (default)
2019-10-07 13:24:48,052 [main] INFO  server.RaftServerConfigKeys (ConfUtils.java:logGet(43)) - raft.server.storage.dir = [/workdir/hadoop-ozone/integration-test/target/test-dir/MiniOzoneClusterImpl-01368c1a-6328-4066-8a93-de455066d669/datanode-0/data/ratis] (custom)
2019-10-07 13:24:48,054 [main] INFO  hdfs.DFSUtil (DFSUtil.java:httpServerTemplateForNNAndJN(1641)) - Starting Web-server for hddsDatanode at: http://0.0.0.0:0
2019-10-07 13:24:48,055 [main] INFO  server.AuthenticationFilter (AuthenticationFilter.java:constructSecretProvider(240)) - Unable to initialize FileSignerSecretProvider, falling back to use random secrets.
2019-10-07 13:24:48,056 [main] WARN  http.HttpRequestLog (HttpRequestLog.java:getRequestLog(97)) - Jetty request log can only be enabled using Log4j
2019-10-07 13:24:48,057 [main] INFO  http.HttpServer2 (HttpServer2.java:addGlobalFilter(975)) - Added global filter 'safety' (class=org.apache.hadoop.http.HttpServer2$QuotingInputFilter)
2019-10-07 13:24:48,058 [main] INFO  http.HttpServer2 (HttpServer2.java:addFilter(948)) - Added filter static_user_filter (class=org.apache.hadoop.http.lib.StaticUserWebFilter$StaticUserFilter) to context hddsDatanode
2019-10-07 13:24:48,058 [main] INFO  http.HttpServer2 (HttpServer2.java:addFilter(958)) - Added filter static_user_filter (class=org.apache.hadoop.http.lib.StaticUserWebFilter$StaticUserFilter) to context static
2019-10-07 13:24:48,058 [main] INFO  http.HttpServer2 (HttpServer2.java:addFilter(958)) - Added filter static_user_filter (class=org.apache.hadoop.http.lib.StaticUserWebFilter$StaticUserFilter) to context logs
2019-10-07 13:24:48,059 [main] INFO  http.HttpServer2 (HttpServer2.java:bindListener(1191)) - Jetty bound to port 38917
2019-10-07 13:24:48,060 [main] INFO  server.Server (Server.java:doStart(351)) - jetty-9.3.25.v20180904, build timestamp: 2018-09-04T21:11:46Z, git hash: 3ce520221d0240229c862b122d2b06c12a625732
2019-10-07 13:24:48,064 [main] INFO  handler.ContextHandler (ContextHandler.java:doStart(781)) - Started o.e.j.s.ServletContextHandler@1e226bcd{/logs,file:///workdir/hadoop-ozone/integration-test/target/log,AVAILABLE}
2019-10-07 13:24:48,065 [main] INFO  handler.ContextHandler (ContextHandler.java:doStart(781)) - Started o.e.j.s.ServletContextHandler@2322e56f{/static,jar:file:/home/user/.m2/repository/org/apache/hadoop/hadoop-hdds-container-service/0.5.0-SNAPSHOT/hadoop-hdds-container-service-0.5.0-SNAPSHOT.jar!/webapps/static,AVAILABLE}
2019-10-07 13:24:48,097 [main] INFO  handler.ContextHandler (ContextHandler.java:doStart(781)) - Started o.e.j.w.WebAppContext@65da01f4{/,file:///tmp/jetty-0.0.0.0-38917-hddsDatanode-_-any-6520451613853534357.dir/webapp/,AVAILABLE}{/hddsDatanode}
2019-10-07 13:24:48,097 [main] INFO  server.AbstractConnector (AbstractConnector.java:doStart(278)) - Started ServerConnector@22f02996{HTTP/1.1,[http/1.1]}{0.0.0.0:38917}
2019-10-07 13:24:48,099 [main] INFO  server.Server (Server.java:doStart(419)) - Started @207567ms
2019-10-07 13:24:48,099 [main] WARN  impl.MetricsSystemImpl (MetricsSystemImpl.java:register(276)) - Sink prometheus already exists!
2019-10-07 13:24:48,100 [main] INFO  server.BaseHttpServer (BaseHttpServer.java:updateConnectorAddress(215)) - HTTP server of HDDSDATANODE is listening at http://0.0.0.0:38917
2019-10-07 13:24:48,100 [main] INFO  impl.MetricsSystemImpl (MetricsSystemImpl.java:init(158)) - HddsDatanode metrics system started (again)
2019-10-07 13:24:48,103 [org.apache.hadoop.util.JvmPauseMonitor$Monitor@7966e97d] INFO  util.JvmPauseMonitor (JvmPauseMonitor.java:run(188)) - Starting JVM pause monitor
2019-10-07 13:24:48,104 [main] INFO  ozone.HddsDatanodeService (HddsDatanodeService.java:start(184)) - HddsDatanodeService host:pr-hdds-2265-m6x5s-933689915 ip:192.168.151.66
2019-10-07 13:24:48,106 [Datanode State Machine Thread - 0] INFO  datanode.InitDatanodeState (InitDatanodeState.java:persistContainerDatanodeDetails(140)) - DatanodeDetails is persisted to /workdir/hadoop-ozone/integration-test/target/test-dir/MiniOzoneClusterImpl-01368c1a-6328-4066-8a93-de455066d669/datanode-0/meta/datanode.id
2019-10-07 13:24:48,110 [main] INFO  volume.HddsVolume (HddsVolume.java:<init>(176)) - Creating Volume: /workdir/hadoop-ozone/integration-test/target/test-dir/MiniOzoneClusterImpl-01368c1a-6328-4066-8a93-de455066d669/datanode-1/data/containers/hdds of  storage type : DISK and capacity : 1482555576320
2019-10-07 13:24:48,110 [main] INFO  volume.VolumeSet (VolumeSet.java:initializeVolumeSet(170)) - Added Volume : /workdir/hadoop-ozone/integration-test/target/test-dir/MiniOzoneClusterImpl-01368c1a-6328-4066-8a93-de455066d669/datanode-1/data/containers/hdds to VolumeSet
2019-10-07 13:24:48,110 [main] INFO  volume.ThrottledAsyncChecker (ThrottledAsyncChecker.java:schedule(139)) - Scheduling a check for org.apache.hadoop.ozone.container.common.volume.HddsVolume@5c3d4f05
2019-10-07 13:24:48,111 [main] INFO  volume.HddsVolumeChecker (HddsVolumeChecker.java:checkAllVolumes(202)) - Scheduled health check for volume org.apache.hadoop.ozone.container.common.volume.HddsVolume@5c3d4f05
2019-10-07 13:24:48,124 [main] INFO  impl.RaftServerProxy (ConfUtils.java:logGet(43)) - raft.rpc.type = GRPC (default)
2019-10-07 13:24:48,124 [main] INFO  grpc.GrpcFactory (GrpcFactory.java:checkPooledByteBufAllocatorUseCacheForAllThreads(45)) - PERFORMANCE WARNING: useCacheForAllThreads is true that may cause Netty to create a lot garbage objects and, as a result, trigger GC.
	It is recommended to disable useCacheForAllThreads by setting -Dorg.apache.ratis.thirdparty.io.netty.allocator.useCacheForAllThreads=false in command line.
2019-10-07 13:24:48,125 [main] INFO  grpc.GrpcConfigKeys$Server (ConfUtils.java:logGet(43)) - raft.grpc.server.port = 0 (default)
2019-10-07 13:24:48,125 [main] INFO  server.GrpcService (ConfUtils.java:logGet(43)) - raft.grpc.message.size.max = 33570816 (custom)
2019-10-07 13:24:48,125 [main] INFO  server.RaftServerConfigKeys (ConfUtils.java:logGet(43)) - raft.server.log.appender.buffer.byte-limit = 33554432 (custom)
2019-10-07 13:24:48,125 [main] INFO  server.GrpcService (ConfUtils.java:logGet(43)) - raft.grpc.flow.control.window = 1MB (=1048576) (default)
2019-10-07 13:24:48,125 [main] INFO  server.RaftServerConfigKeys (ConfUtils.java:logGet(43)) - raft.server.rpc.request.timeout = 3000ms (default)
2019-10-07 13:24:48,126 [main] INFO  server.RaftServerConfigKeys (ConfUtils.java:logGet(43)) - raft.server.storage.dir = [/workdir/hadoop-ozone/integration-test/target/test-dir/MiniOzoneClusterImpl-01368c1a-6328-4066-8a93-de455066d669/datanode-1/data/ratis] (custom)
2019-10-07 13:24:48,127 [main] INFO  hdfs.DFSUtil (DFSUtil.java:httpServerTemplateForNNAndJN(1641)) - Starting Web-server for hddsDatanode at: http://0.0.0.0:0
2019-10-07 13:24:48,128 [main] INFO  server.AuthenticationFilter (AuthenticationFilter.java:constructSecretProvider(240)) - Unable to initialize FileSignerSecretProvider, falling back to use random secrets.
2019-10-07 13:24:48,129 [main] WARN  http.HttpRequestLog (HttpRequestLog.java:getRequestLog(97)) - Jetty request log can only be enabled using Log4j
2019-10-07 13:24:48,130 [main] INFO  http.HttpServer2 (HttpServer2.java:addGlobalFilter(975)) - Added global filter 'safety' (class=org.apache.hadoop.http.HttpServer2$QuotingInputFilter)
2019-10-07 13:24:48,131 [main] INFO  http.HttpServer2 (HttpServer2.java:addFilter(948)) - Added filter static_user_filter (class=org.apache.hadoop.http.lib.StaticUserWebFilter$StaticUserFilter) to context hddsDatanode
2019-10-07 13:24:48,131 [main] INFO  http.HttpServer2 (HttpServer2.java:addFilter(958)) - Added filter static_user_filter (class=org.apache.hadoop.http.lib.StaticUserWebFilter$StaticUserFilter) to context logs
2019-10-07 13:24:48,131 [main] INFO  http.HttpServer2 (HttpServer2.java:addFilter(958)) - Added filter static_user_filter (class=org.apache.hadoop.http.lib.StaticUserWebFilter$StaticUserFilter) to context static
2019-10-07 13:24:48,131 [main] INFO  http.HttpServer2 (HttpServer2.java:bindListener(1191)) - Jetty bound to port 34709
2019-10-07 13:24:48,132 [main] INFO  server.Server (Server.java:doStart(351)) - jetty-9.3.25.v20180904, build timestamp: 2018-09-04T21:11:46Z, git hash: 3ce520221d0240229c862b122d2b06c12a625732
2019-10-07 13:24:48,133 [main] INFO  handler.ContextHandler (ContextHandler.java:doStart(781)) - Started o.e.j.s.ServletContextHandler@34a20f16{/logs,file:///workdir/hadoop-ozone/integration-test/target/log,AVAILABLE}
2019-10-07 13:24:48,133 [main] INFO  handler.ContextHandler (ContextHandler.java:doStart(781)) - Started o.e.j.s.ServletContextHandler@1a1c21b4{/static,jar:file:/home/user/.m2/repository/org/apache/hadoop/hadoop-hdds-container-service/0.5.0-SNAPSHOT/hadoop-hdds-container-service-0.5.0-SNAPSHOT.jar!/webapps/static,AVAILABLE}
2019-10-07 13:24:48,161 [main] INFO  handler.ContextHandler (ContextHandler.java:doStart(781)) - Started o.e.j.w.WebAppContext@1788cb61{/,file:///tmp/jetty-0.0.0.0-34709-hddsDatanode-_-any-1577020917178361951.dir/webapp/,AVAILABLE}{/hddsDatanode}
2019-10-07 13:24:48,162 [main] INFO  server.AbstractConnector (AbstractConnector.java:doStart(278)) - Started ServerConnector@16d431b4{HTTP/1.1,[http/1.1]}{0.0.0.0:34709}
2019-10-07 13:24:48,163 [main] INFO  server.Server (Server.java:doStart(419)) - Started @207631ms
2019-10-07 13:24:48,163 [main] WARN  impl.MetricsSystemImpl (MetricsSystemImpl.java:register(276)) - Sink prometheus already exists!
2019-10-07 13:24:48,164 [main] INFO  server.BaseHttpServer (BaseHttpServer.java:updateConnectorAddress(215)) - HTTP server of HDDSDATANODE is listening at http://0.0.0.0:34709
2019-10-07 13:24:48,164 [main] INFO  impl.MetricsSystemImpl (MetricsSystemImpl.java:init(158)) - HddsDatanode metrics system started (again)
2019-10-07 13:24:48,167 [org.apache.hadoop.util.JvmPauseMonitor$Monitor@1631a1] INFO  util.JvmPauseMonitor (JvmPauseMonitor.java:run(188)) - Starting JVM pause monitor
2019-10-07 13:24:48,168 [main] INFO  ozone.HddsDatanodeService (HddsDatanodeService.java:start(184)) - HddsDatanodeService host:pr-hdds-2265-m6x5s-933689915 ip:192.168.151.66
2019-10-07 13:24:48,168 [Datanode State Machine Thread - 0] INFO  datanode.InitDatanodeState (InitDatanodeState.java:persistContainerDatanodeDetails(140)) - DatanodeDetails is persisted to /workdir/hadoop-ozone/integration-test/target/test-dir/MiniOzoneClusterImpl-01368c1a-6328-4066-8a93-de455066d669/datanode-1/meta/datanode.id
2019-10-07 13:24:48,173 [main] INFO  volume.HddsVolume (HddsVolume.java:<init>(176)) - Creating Volume: /workdir/hadoop-ozone/integration-test/target/test-dir/MiniOzoneClusterImpl-01368c1a-6328-4066-8a93-de455066d669/datanode-2/data/containers/hdds of  storage type : DISK and capacity : 1482555576320
2019-10-07 13:24:48,173 [main] INFO  volume.VolumeSet (VolumeSet.java:initializeVolumeSet(170)) - Added Volume : /workdir/hadoop-ozone/integration-test/target/test-dir/MiniOzoneClusterImpl-01368c1a-6328-4066-8a93-de455066d669/datanode-2/data/containers/hdds to VolumeSet
2019-10-07 13:24:48,174 [main] INFO  volume.ThrottledAsyncChecker (ThrottledAsyncChecker.java:schedule(139)) - Scheduling a check for org.apache.hadoop.ozone.container.common.volume.HddsVolume@2f2e4bde
2019-10-07 13:24:48,174 [main] INFO  volume.HddsVolumeChecker (HddsVolumeChecker.java:checkAllVolumes(202)) - Scheduled health check for volume org.apache.hadoop.ozone.container.common.volume.HddsVolume@2f2e4bde
2019-10-07 13:24:48,185 [main] INFO  impl.RaftServerProxy (ConfUtils.java:logGet(43)) - raft.rpc.type = GRPC (default)
2019-10-07 13:24:48,185 [main] INFO  grpc.GrpcFactory (GrpcFactory.java:checkPooledByteBufAllocatorUseCacheForAllThreads(45)) - PERFORMANCE WARNING: useCacheForAllThreads is true that may cause Netty to create a lot garbage objects and, as a result, trigger GC.
	It is recommended to disable useCacheForAllThreads by setting -Dorg.apache.ratis.thirdparty.io.netty.allocator.useCacheForAllThreads=false in command line.
2019-10-07 13:24:48,185 [main] INFO  grpc.GrpcConfigKeys$Server (ConfUtils.java:logGet(43)) - raft.grpc.server.port = 0 (default)
2019-10-07 13:24:48,186 [main] INFO  server.GrpcService (ConfUtils.java:logGet(43)) - raft.grpc.message.size.max = 33570816 (custom)
2019-10-07 13:24:48,186 [main] INFO  server.RaftServerConfigKeys (ConfUtils.java:logGet(43)) - raft.server.log.appender.buffer.byte-limit = 33554432 (custom)
2019-10-07 13:24:48,186 [main] INFO  server.GrpcService (ConfUtils.java:logGet(43)) - raft.grpc.flow.control.window = 1MB (=1048576) (default)
2019-10-07 13:24:48,186 [main] INFO  server.RaftServerConfigKeys (ConfUtils.java:logGet(43)) - raft.server.rpc.request.timeout = 3000ms (default)
2019-10-07 13:24:48,186 [main] INFO  server.RaftServerConfigKeys (ConfUtils.java:logGet(43)) - raft.server.storage.dir = [/workdir/hadoop-ozone/integration-test/target/test-dir/MiniOzoneClusterImpl-01368c1a-6328-4066-8a93-de455066d669/datanode-2/data/ratis] (custom)
2019-10-07 13:24:48,187 [main] INFO  hdfs.DFSUtil (DFSUtil.java:httpServerTemplateForNNAndJN(1641)) - Starting Web-server for hddsDatanode at: http://0.0.0.0:0
2019-10-07 13:24:48,188 [main] INFO  server.AuthenticationFilter (AuthenticationFilter.java:constructSecretProvider(240)) - Unable to initialize FileSignerSecretProvider, falling back to use random secrets.
2019-10-07 13:24:48,189 [main] WARN  http.HttpRequestLog (HttpRequestLog.java:getRequestLog(97)) - Jetty request log can only be enabled using Log4j
2019-10-07 13:24:48,190 [main] INFO  http.HttpServer2 (HttpServer2.java:addGlobalFilter(975)) - Added global filter 'safety' (class=org.apache.hadoop.http.HttpServer2$QuotingInputFilter)
2019-10-07 13:24:48,190 [main] INFO  http.HttpServer2 (HttpServer2.java:addFilter(948)) - Added filter static_user_filter (class=org.apache.hadoop.http.lib.StaticUserWebFilter$StaticUserFilter) to context hddsDatanode
2019-10-07 13:24:48,190 [main] INFO  http.HttpServer2 (HttpServer2.java:addFilter(958)) - Added filter static_user_filter (class=org.apache.hadoop.http.lib.StaticUserWebFilter$StaticUserFilter) to context static
2019-10-07 13:24:48,191 [main] INFO  http.HttpServer2 (HttpServer2.java:addFilter(958)) - Added filter static_user_filter (class=org.apache.hadoop.http.lib.StaticUserWebFilter$StaticUserFilter) to context logs
2019-10-07 13:24:48,191 [main] INFO  http.HttpServer2 (HttpServer2.java:bindListener(1191)) - Jetty bound to port 42077
2019-10-07 13:24:48,191 [main] INFO  server.Server (Server.java:doStart(351)) - jetty-9.3.25.v20180904, build timestamp: 2018-09-04T21:11:46Z, git hash: 3ce520221d0240229c862b122d2b06c12a625732
2019-10-07 13:24:48,192 [main] INFO  handler.ContextHandler (ContextHandler.java:doStart(781)) - Started o.e.j.s.ServletContextHandler@2dbfa972{/logs,file:///workdir/hadoop-ozone/integration-test/target/log,AVAILABLE}
2019-10-07 13:24:48,193 [main] INFO  handler.ContextHandler (ContextHandler.java:doStart(781)) - Started o.e.j.s.ServletContextHandler@41aebbb4{/static,jar:file:/home/user/.m2/repository/org/apache/hadoop/hadoop-hdds-container-service/0.5.0-SNAPSHOT/hadoop-hdds-container-service-0.5.0-SNAPSHOT.jar!/webapps/static,AVAILABLE}
2019-10-07 13:24:48,220 [main] INFO  handler.ContextHandler (ContextHandler.java:doStart(781)) - Started o.e.j.w.WebAppContext@2dd178f3{/,file:///tmp/jetty-0.0.0.0-42077-hddsDatanode-_-any-8274047322519145165.dir/webapp/,AVAILABLE}{/hddsDatanode}
2019-10-07 13:24:48,220 [main] INFO  server.AbstractConnector (AbstractConnector.java:doStart(278)) - Started ServerConnector@64656b9e{HTTP/1.1,[http/1.1]}{0.0.0.0:42077}
2019-10-07 13:24:48,222 [main] INFO  server.Server (Server.java:doStart(419)) - Started @207691ms
2019-10-07 13:24:48,222 [main] WARN  impl.MetricsSystemImpl (MetricsSystemImpl.java:register(276)) - Sink prometheus already exists!
2019-10-07 13:24:48,223 [main] INFO  server.BaseHttpServer (BaseHttpServer.java:updateConnectorAddress(215)) - HTTP server of HDDSDATANODE is listening at http://0.0.0.0:42077
2019-10-07 13:24:48,223 [main] INFO  impl.MetricsSystemImpl (MetricsSystemImpl.java:init(158)) - HddsDatanode metrics system started (again)
2019-10-07 13:24:48,227 [org.apache.hadoop.util.JvmPauseMonitor$Monitor@6877023e] INFO  util.JvmPauseMonitor (JvmPauseMonitor.java:run(188)) - Starting JVM pause monitor
2019-10-07 13:24:48,227 [main] INFO  ozone.HddsDatanodeService (HddsDatanodeService.java:start(184)) - HddsDatanodeService host:pr-hdds-2265-m6x5s-933689915 ip:192.168.151.66
2019-10-07 13:24:48,228 [Datanode State Machine Thread - 0] INFO  datanode.InitDatanodeState (InitDatanodeState.java:persistContainerDatanodeDetails(140)) - DatanodeDetails is persisted to /workdir/hadoop-ozone/integration-test/target/test-dir/MiniOzoneClusterImpl-01368c1a-6328-4066-8a93-de455066d669/datanode-2/meta/datanode.id
2019-10-07 13:24:48,234 [main] INFO  volume.HddsVolume (HddsVolume.java:<init>(176)) - Creating Volume: /workdir/hadoop-ozone/integration-test/target/test-dir/MiniOzoneClusterImpl-01368c1a-6328-4066-8a93-de455066d669/datanode-3/data/containers/hdds of  storage type : DISK and capacity : 1482555576320
2019-10-07 13:24:48,234 [main] INFO  volume.VolumeSet (VolumeSet.java:initializeVolumeSet(170)) - Added Volume : /workdir/hadoop-ozone/integration-test/target/test-dir/MiniOzoneClusterImpl-01368c1a-6328-4066-8a93-de455066d669/datanode-3/data/containers/hdds to VolumeSet
2019-10-07 13:24:48,234 [main] INFO  volume.ThrottledAsyncChecker (ThrottledAsyncChecker.java:schedule(139)) - Scheduling a check for org.apache.hadoop.ozone.container.common.volume.HddsVolume@37d28938
2019-10-07 13:24:48,235 [main] INFO  volume.HddsVolumeChecker (HddsVolumeChecker.java:checkAllVolumes(202)) - Scheduled health check for volume org.apache.hadoop.ozone.container.common.volume.HddsVolume@37d28938
2019-10-07 13:24:48,248 [main] INFO  impl.RaftServerProxy (ConfUtils.java:logGet(43)) - raft.rpc.type = GRPC (default)
2019-10-07 13:24:48,248 [main] INFO  grpc.GrpcFactory (GrpcFactory.java:checkPooledByteBufAllocatorUseCacheForAllThreads(45)) - PERFORMANCE WARNING: useCacheForAllThreads is true that may cause Netty to create a lot garbage objects and, as a result, trigger GC.
	It is recommended to disable useCacheForAllThreads by setting -Dorg.apache.ratis.thirdparty.io.netty.allocator.useCacheForAllThreads=false in command line.
2019-10-07 13:24:48,248 [main] INFO  grpc.GrpcConfigKeys$Server (ConfUtils.java:logGet(43)) - raft.grpc.server.port = 0 (default)
2019-10-07 13:24:48,248 [main] INFO  server.GrpcService (ConfUtils.java:logGet(43)) - raft.grpc.message.size.max = 33570816 (custom)
2019-10-07 13:24:48,249 [main] INFO  server.RaftServerConfigKeys (ConfUtils.java:logGet(43)) - raft.server.log.appender.buffer.byte-limit = 33554432 (custom)
2019-10-07 13:24:48,249 [main] INFO  server.GrpcService (ConfUtils.java:logGet(43)) - raft.grpc.flow.control.window = 1MB (=1048576) (default)
2019-10-07 13:24:48,249 [main] INFO  server.RaftServerConfigKeys (ConfUtils.java:logGet(43)) - raft.server.rpc.request.timeout = 3000ms (default)
2019-10-07 13:24:48,249 [main] INFO  server.RaftServerConfigKeys (ConfUtils.java:logGet(43)) - raft.server.storage.dir = [/workdir/hadoop-ozone/integration-test/target/test-dir/MiniOzoneClusterImpl-01368c1a-6328-4066-8a93-de455066d669/datanode-3/data/ratis] (custom)
2019-10-07 13:24:48,251 [main] INFO  hdfs.DFSUtil (DFSUtil.java:httpServerTemplateForNNAndJN(1641)) - Starting Web-server for hddsDatanode at: http://0.0.0.0:0
2019-10-07 13:24:48,252 [main] INFO  server.AuthenticationFilter (AuthenticationFilter.java:constructSecretProvider(240)) - Unable to initialize FileSignerSecretProvider, falling back to use random secrets.
2019-10-07 13:24:48,252 [main] WARN  http.HttpRequestLog (HttpRequestLog.java:getRequestLog(97)) - Jetty request log can only be enabled using Log4j
2019-10-07 13:24:48,253 [main] INFO  http.HttpServer2 (HttpServer2.java:addGlobalFilter(975)) - Added global filter 'safety' (class=org.apache.hadoop.http.HttpServer2$QuotingInputFilter)
2019-10-07 13:24:48,253 [main] INFO  http.HttpServer2 (HttpServer2.java:addFilter(948)) - Added filter static_user_filter (class=org.apache.hadoop.http.lib.StaticUserWebFilter$StaticUserFilter) to context hddsDatanode
2019-10-07 13:24:48,254 [main] INFO  http.HttpServer2 (HttpServer2.java:addFilter(958)) - Added filter static_user_filter (class=org.apache.hadoop.http.lib.StaticUserWebFilter$StaticUserFilter) to context static
2019-10-07 13:24:48,254 [main] INFO  http.HttpServer2 (HttpServer2.java:addFilter(958)) - Added filter static_user_filter (class=org.apache.hadoop.http.lib.StaticUserWebFilter$StaticUserFilter) to context logs
2019-10-07 13:24:48,254 [main] INFO  http.HttpServer2 (HttpServer2.java:bindListener(1191)) - Jetty bound to port 45832
2019-10-07 13:24:48,255 [main] INFO  server.Server (Server.java:doStart(351)) - jetty-9.3.25.v20180904, build timestamp: 2018-09-04T21:11:46Z, git hash: 3ce520221d0240229c862b122d2b06c12a625732
2019-10-07 13:24:48,256 [main] INFO  handler.ContextHandler (ContextHandler.java:doStart(781)) - Started o.e.j.s.ServletContextHandler@486bd064{/logs,file:///workdir/hadoop-ozone/integration-test/target/log,AVAILABLE}
2019-10-07 13:24:48,256 [main] INFO  handler.ContextHandler (ContextHandler.java:doStart(781)) - Started o.e.j.s.ServletContextHandler@740b9a50{/static,jar:file:/home/user/.m2/repository/org/apache/hadoop/hadoop-hdds-container-service/0.5.0-SNAPSHOT/hadoop-hdds-container-service-0.5.0-SNAPSHOT.jar!/webapps/static,AVAILABLE}
2019-10-07 13:24:48,284 [main] INFO  handler.ContextHandler (ContextHandler.java:doStart(781)) - Started o.e.j.w.WebAppContext@138f0661{/,file:///tmp/jetty-0.0.0.0-45832-hddsDatanode-_-any-4969006890398978592.dir/webapp/,AVAILABLE}{/hddsDatanode}
2019-10-07 13:24:48,284 [main] INFO  server.AbstractConnector (AbstractConnector.java:doStart(278)) - Started ServerConnector@212fafd1{HTTP/1.1,[http/1.1]}{0.0.0.0:45832}
2019-10-07 13:24:48,286 [main] INFO  server.Server (Server.java:doStart(419)) - Started @207755ms
2019-10-07 13:24:48,286 [main] WARN  impl.MetricsSystemImpl (MetricsSystemImpl.java:register(276)) - Sink prometheus already exists!
2019-10-07 13:24:48,287 [main] INFO  server.BaseHttpServer (BaseHttpServer.java:updateConnectorAddress(215)) - HTTP server of HDDSDATANODE is listening at http://0.0.0.0:45832
2019-10-07 13:24:48,287 [main] INFO  impl.MetricsSystemImpl (MetricsSystemImpl.java:init(158)) - HddsDatanode metrics system started (again)
2019-10-07 13:24:48,291 [org.apache.hadoop.util.JvmPauseMonitor$Monitor@4c5c636f] INFO  util.JvmPauseMonitor (JvmPauseMonitor.java:run(188)) - Starting JVM pause monitor
2019-10-07 13:24:48,291 [main] INFO  ozone.HddsDatanodeService (HddsDatanodeService.java:start(184)) - HddsDatanodeService host:pr-hdds-2265-m6x5s-933689915 ip:192.168.151.66
2019-10-07 13:24:48,292 [Datanode State Machine Thread - 0] INFO  datanode.InitDatanodeState (InitDatanodeState.java:persistContainerDatanodeDetails(140)) - DatanodeDetails is persisted to /workdir/hadoop-ozone/integration-test/target/test-dir/MiniOzoneClusterImpl-01368c1a-6328-4066-8a93-de455066d669/datanode-3/meta/datanode.id
2019-10-07 13:24:48,298 [main] INFO  volume.HddsVolume (HddsVolume.java:<init>(176)) - Creating Volume: /workdir/hadoop-ozone/integration-test/target/test-dir/MiniOzoneClusterImpl-01368c1a-6328-4066-8a93-de455066d669/datanode-4/data/containers/hdds of  storage type : DISK and capacity : 1482555576320
2019-10-07 13:24:48,299 [main] INFO  volume.VolumeSet (VolumeSet.java:initializeVolumeSet(170)) - Added Volume : /workdir/hadoop-ozone/integration-test/target/test-dir/MiniOzoneClusterImpl-01368c1a-6328-4066-8a93-de455066d669/datanode-4/data/containers/hdds to VolumeSet
2019-10-07 13:24:48,299 [main] INFO  volume.ThrottledAsyncChecker (ThrottledAsyncChecker.java:schedule(139)) - Scheduling a check for org.apache.hadoop.ozone.container.common.volume.HddsVolume@19b5214b
2019-10-07 13:24:48,299 [main] INFO  volume.HddsVolumeChecker (HddsVolumeChecker.java:checkAllVolumes(202)) - Scheduled health check for volume org.apache.hadoop.ozone.container.common.volume.HddsVolume@19b5214b
2019-10-07 13:24:48,311 [main] INFO  impl.RaftServerProxy (ConfUtils.java:logGet(43)) - raft.rpc.type = GRPC (default)
2019-10-07 13:24:48,311 [main] INFO  grpc.GrpcFactory (GrpcFactory.java:checkPooledByteBufAllocatorUseCacheForAllThreads(45)) - PERFORMANCE WARNING: useCacheForAllThreads is true that may cause Netty to create a lot garbage objects and, as a result, trigger GC.
	It is recommended to disable useCacheForAllThreads by setting -Dorg.apache.ratis.thirdparty.io.netty.allocator.useCacheForAllThreads=false in command line.
2019-10-07 13:24:48,312 [main] INFO  grpc.GrpcConfigKeys$Server (ConfUtils.java:logGet(43)) - raft.grpc.server.port = 0 (default)
2019-10-07 13:24:48,312 [main] INFO  server.GrpcService (ConfUtils.java:logGet(43)) - raft.grpc.message.size.max = 33570816 (custom)
2019-10-07 13:24:48,312 [main] INFO  server.RaftServerConfigKeys (ConfUtils.java:logGet(43)) - raft.server.log.appender.buffer.byte-limit = 33554432 (custom)
2019-10-07 13:24:48,312 [main] INFO  server.GrpcService (ConfUtils.java:logGet(43)) - raft.grpc.flow.control.window = 1MB (=1048576) (default)
2019-10-07 13:24:48,312 [main] INFO  server.RaftServerConfigKeys (ConfUtils.java:logGet(43)) - raft.server.rpc.request.timeout = 3000ms (default)
2019-10-07 13:24:48,313 [main] INFO  server.RaftServerConfigKeys (ConfUtils.java:logGet(43)) - raft.server.storage.dir = [/workdir/hadoop-ozone/integration-test/target/test-dir/MiniOzoneClusterImpl-01368c1a-6328-4066-8a93-de455066d669/datanode-4/data/ratis] (custom)
2019-10-07 13:24:48,314 [main] INFO  hdfs.DFSUtil (DFSUtil.java:httpServerTemplateForNNAndJN(1641)) - Starting Web-server for hddsDatanode at: http://0.0.0.0:0
2019-10-07 13:24:48,315 [main] INFO  server.AuthenticationFilter (AuthenticationFilter.java:constructSecretProvider(240)) - Unable to initialize FileSignerSecretProvider, falling back to use random secrets.
2019-10-07 13:24:48,315 [main] WARN  http.HttpRequestLog (HttpRequestLog.java:getRequestLog(97)) - Jetty request log can only be enabled using Log4j
2019-10-07 13:24:48,316 [main] INFO  http.HttpServer2 (HttpServer2.java:addGlobalFilter(975)) - Added global filter 'safety' (class=org.apache.hadoop.http.HttpServer2$QuotingInputFilter)
2019-10-07 13:24:48,317 [main] INFO  http.HttpServer2 (HttpServer2.java:addFilter(948)) - Added filter static_user_filter (class=org.apache.hadoop.http.lib.StaticUserWebFilter$StaticUserFilter) to context hddsDatanode
2019-10-07 13:24:48,317 [main] INFO  http.HttpServer2 (HttpServer2.java:addFilter(958)) - Added filter static_user_filter (class=org.apache.hadoop.http.lib.StaticUserWebFilter$StaticUserFilter) to context logs
2019-10-07 13:24:48,317 [main] INFO  http.HttpServer2 (HttpServer2.java:addFilter(958)) - Added filter static_user_filter (class=org.apache.hadoop.http.lib.StaticUserWebFilter$StaticUserFilter) to context static
2019-10-07 13:24:48,318 [main] INFO  http.HttpServer2 (HttpServer2.java:bindListener(1191)) - Jetty bound to port 40509
2019-10-07 13:24:48,318 [main] INFO  server.Server (Server.java:doStart(351)) - jetty-9.3.25.v20180904, build timestamp: 2018-09-04T21:11:46Z, git hash: 3ce520221d0240229c862b122d2b06c12a625732
2019-10-07 13:24:48,319 [main] INFO  handler.ContextHandler (ContextHandler.java:doStart(781)) - Started o.e.j.s.ServletContextHandler@5a7b309b{/logs,file:///workdir/hadoop-ozone/integration-test/target/log,AVAILABLE}
2019-10-07 13:24:48,320 [main] INFO  handler.ContextHandler (ContextHandler.java:doStart(781)) - Started o.e.j.s.ServletContextHandler@7739aac4{/static,jar:file:/home/user/.m2/repository/org/apache/hadoop/hadoop-hdds-container-service/0.5.0-SNAPSHOT/hadoop-hdds-container-service-0.5.0-SNAPSHOT.jar!/webapps/static,AVAILABLE}
2019-10-07 13:24:48,347 [main] INFO  handler.ContextHandler (ContextHandler.java:doStart(781)) - Started o.e.j.w.WebAppContext@6812c8cc{/,file:///tmp/jetty-0.0.0.0-40509-hddsDatanode-_-any-7575092527246193836.dir/webapp/,AVAILABLE}{/hddsDatanode}
2019-10-07 13:24:48,348 [main] INFO  server.AbstractConnector (AbstractConnector.java:doStart(278)) - Started ServerConnector@3457cc8d{HTTP/1.1,[http/1.1]}{0.0.0.0:40509}
2019-10-07 13:24:48,349 [main] INFO  server.Server (Server.java:doStart(419)) - Started @207818ms
2019-10-07 13:24:48,349 [main] WARN  impl.MetricsSystemImpl (MetricsSystemImpl.java:register(276)) - Sink prometheus already exists!
2019-10-07 13:24:48,350 [main] INFO  server.BaseHttpServer (BaseHttpServer.java:updateConnectorAddress(215)) - HTTP server of HDDSDATANODE is listening at http://0.0.0.0:40509
2019-10-07 13:24:48,350 [main] INFO  impl.MetricsSystemImpl (MetricsSystemImpl.java:init(158)) - HddsDatanode metrics system started (again)
2019-10-07 13:24:48,355 [main] INFO  ozone.HddsDatanodeService (HddsDatanodeService.java:start(184)) - HddsDatanodeService host:pr-hdds-2265-m6x5s-933689915 ip:192.168.151.66
2019-10-07 13:24:48,355 [org.apache.hadoop.util.JvmPauseMonitor$Monitor@1381613b] INFO  util.JvmPauseMonitor (JvmPauseMonitor.java:run(188)) - Starting JVM pause monitor
2019-10-07 13:24:48,356 [Datanode State Machine Thread - 0] INFO  datanode.InitDatanodeState (InitDatanodeState.java:persistContainerDatanodeDetails(140)) - DatanodeDetails is persisted to /workdir/hadoop-ozone/integration-test/target/test-dir/MiniOzoneClusterImpl-01368c1a-6328-4066-8a93-de455066d669/datanode-4/meta/datanode.id
2019-10-07 13:24:48,361 [main] INFO  volume.HddsVolume (HddsVolume.java:<init>(176)) - Creating Volume: /workdir/hadoop-ozone/integration-test/target/test-dir/MiniOzoneClusterImpl-01368c1a-6328-4066-8a93-de455066d669/datanode-5/data/containers/hdds of  storage type : DISK and capacity : 1482555576320
2019-10-07 13:24:48,361 [main] INFO  volume.VolumeSet (VolumeSet.java:initializeVolumeSet(170)) - Added Volume : /workdir/hadoop-ozone/integration-test/target/test-dir/MiniOzoneClusterImpl-01368c1a-6328-4066-8a93-de455066d669/datanode-5/data/containers/hdds to VolumeSet
2019-10-07 13:24:48,361 [main] INFO  volume.ThrottledAsyncChecker (ThrottledAsyncChecker.java:schedule(139)) - Scheduling a check for org.apache.hadoop.ozone.container.common.volume.HddsVolume@5bfc79cb
2019-10-07 13:24:48,362 [main] INFO  volume.HddsVolumeChecker (HddsVolumeChecker.java:checkAllVolumes(202)) - Scheduled health check for volume org.apache.hadoop.ozone.container.common.volume.HddsVolume@5bfc79cb
2019-10-07 13:24:48,374 [main] INFO  impl.RaftServerProxy (ConfUtils.java:logGet(43)) - raft.rpc.type = GRPC (default)
2019-10-07 13:24:48,375 [main] INFO  grpc.GrpcFactory (GrpcFactory.java:checkPooledByteBufAllocatorUseCacheForAllThreads(45)) - PERFORMANCE WARNING: useCacheForAllThreads is true that may cause Netty to create a lot garbage objects and, as a result, trigger GC.
	It is recommended to disable useCacheForAllThreads by setting -Dorg.apache.ratis.thirdparty.io.netty.allocator.useCacheForAllThreads=false in command line.
2019-10-07 13:24:48,375 [main] INFO  grpc.GrpcConfigKeys$Server (ConfUtils.java:logGet(43)) - raft.grpc.server.port = 0 (default)
2019-10-07 13:24:48,375 [main] INFO  server.GrpcService (ConfUtils.java:logGet(43)) - raft.grpc.message.size.max = 33570816 (custom)
2019-10-07 13:24:48,375 [main] INFO  server.RaftServerConfigKeys (ConfUtils.java:logGet(43)) - raft.server.log.appender.buffer.byte-limit = 33554432 (custom)
2019-10-07 13:24:48,375 [main] INFO  server.GrpcService (ConfUtils.java:logGet(43)) - raft.grpc.flow.control.window = 1MB (=1048576) (default)
2019-10-07 13:24:48,375 [main] INFO  server.RaftServerConfigKeys (ConfUtils.java:logGet(43)) - raft.server.rpc.request.timeout = 3000ms (default)
2019-10-07 13:24:48,376 [main] INFO  server.RaftServerConfigKeys (ConfUtils.java:logGet(43)) - raft.server.storage.dir = [/workdir/hadoop-ozone/integration-test/target/test-dir/MiniOzoneClusterImpl-01368c1a-6328-4066-8a93-de455066d669/datanode-5/data/ratis] (custom)
2019-10-07 13:24:48,377 [main] INFO  hdfs.DFSUtil (DFSUtil.java:httpServerTemplateForNNAndJN(1641)) - Starting Web-server for hddsDatanode at: http://0.0.0.0:0
2019-10-07 13:24:48,378 [main] INFO  server.AuthenticationFilter (AuthenticationFilter.java:constructSecretProvider(240)) - Unable to initialize FileSignerSecretProvider, falling back to use random secrets.
2019-10-07 13:24:48,379 [main] WARN  http.HttpRequestLog (HttpRequestLog.java:getRequestLog(97)) - Jetty request log can only be enabled using Log4j
2019-10-07 13:24:48,380 [main] INFO  http.HttpServer2 (HttpServer2.java:addGlobalFilter(975)) - Added global filter 'safety' (class=org.apache.hadoop.http.HttpServer2$QuotingInputFilter)
2019-10-07 13:24:48,380 [main] INFO  http.HttpServer2 (HttpServer2.java:addFilter(948)) - Added filter static_user_filter (class=org.apache.hadoop.http.lib.StaticUserWebFilter$StaticUserFilter) to context hddsDatanode
2019-10-07 13:24:48,380 [main] INFO  http.HttpServer2 (HttpServer2.java:addFilter(958)) - Added filter static_user_filter (class=org.apache.hadoop.http.lib.StaticUserWebFilter$StaticUserFilter) to context logs
2019-10-07 13:24:48,380 [main] INFO  http.HttpServer2 (HttpServer2.java:addFilter(958)) - Added filter static_user_filter (class=org.apache.hadoop.http.lib.StaticUserWebFilter$StaticUserFilter) to context static
2019-10-07 13:24:48,381 [main] INFO  http.HttpServer2 (HttpServer2.java:bindListener(1191)) - Jetty bound to port 44829
2019-10-07 13:24:48,381 [main] INFO  server.Server (Server.java:doStart(351)) - jetty-9.3.25.v20180904, build timestamp: 2018-09-04T21:11:46Z, git hash: 3ce520221d0240229c862b122d2b06c12a625732
2019-10-07 13:24:48,383 [main] INFO  handler.ContextHandler (ContextHandler.java:doStart(781)) - Started o.e.j.s.ServletContextHandler@18ffca6c{/logs,file:///workdir/hadoop-ozone/integration-test/target/log,AVAILABLE}
2019-10-07 13:24:48,383 [main] INFO  handler.ContextHandler (ContextHandler.java:doStart(781)) - Started o.e.j.s.ServletContextHandler@5f8f1712{/static,jar:file:/home/user/.m2/repository/org/apache/hadoop/hadoop-hdds-container-service/0.5.0-SNAPSHOT/hadoop-hdds-container-service-0.5.0-SNAPSHOT.jar!/webapps/static,AVAILABLE}
2019-10-07 13:24:48,411 [main] INFO  handler.ContextHandler (ContextHandler.java:doStart(781)) - Started o.e.j.w.WebAppContext@4652c74d{/,file:///tmp/jetty-0.0.0.0-44829-hddsDatanode-_-any-4998740817264289943.dir/webapp/,AVAILABLE}{/hddsDatanode}
2019-10-07 13:24:48,411 [main] INFO  server.AbstractConnector (AbstractConnector.java:doStart(278)) - Started ServerConnector@4cc12db2{HTTP/1.1,[http/1.1]}{0.0.0.0:44829}
2019-10-07 13:24:48,412 [main] INFO  server.Server (Server.java:doStart(419)) - Started @207881ms
2019-10-07 13:24:48,413 [main] WARN  impl.MetricsSystemImpl (MetricsSystemImpl.java:register(276)) - Sink prometheus already exists!
2019-10-07 13:24:48,413 [main] INFO  server.BaseHttpServer (BaseHttpServer.java:updateConnectorAddress(215)) - HTTP server of HDDSDATANODE is listening at http://0.0.0.0:44829
2019-10-07 13:24:48,414 [main] INFO  impl.MetricsSystemImpl (MetricsSystemImpl.java:init(158)) - HddsDatanode metrics system started (again)
2019-10-07 13:24:48,418 [org.apache.hadoop.util.JvmPauseMonitor$Monitor@cdc5ca7] INFO  util.JvmPauseMonitor (JvmPauseMonitor.java:run(188)) - Starting JVM pause monitor
2019-10-07 13:24:48,419 [main] INFO  ozone.HddsDatanodeService (HddsDatanodeService.java:start(184)) - HddsDatanodeService host:pr-hdds-2265-m6x5s-933689915 ip:192.168.151.66
2019-10-07 13:24:48,420 [Datanode State Machine Thread - 0] INFO  datanode.InitDatanodeState (InitDatanodeState.java:persistContainerDatanodeDetails(140)) - DatanodeDetails is persisted to /workdir/hadoop-ozone/integration-test/target/test-dir/MiniOzoneClusterImpl-01368c1a-6328-4066-8a93-de455066d669/datanode-5/meta/datanode.id
2019-10-07 13:24:48,424 [main] INFO  volume.HddsVolume (HddsVolume.java:<init>(176)) - Creating Volume: /workdir/hadoop-ozone/integration-test/target/test-dir/MiniOzoneClusterImpl-01368c1a-6328-4066-8a93-de455066d669/datanode-6/data/containers/hdds of  storage type : DISK and capacity : 1482555576320
2019-10-07 13:24:48,425 [main] INFO  volume.VolumeSet (VolumeSet.java:initializeVolumeSet(170)) - Added Volume : /workdir/hadoop-ozone/integration-test/target/test-dir/MiniOzoneClusterImpl-01368c1a-6328-4066-8a93-de455066d669/datanode-6/data/containers/hdds to VolumeSet
2019-10-07 13:24:48,425 [main] INFO  volume.ThrottledAsyncChecker (ThrottledAsyncChecker.java:schedule(139)) - Scheduling a check for org.apache.hadoop.ozone.container.common.volume.HddsVolume@2c48cede
2019-10-07 13:24:48,425 [main] INFO  volume.HddsVolumeChecker (HddsVolumeChecker.java:checkAllVolumes(202)) - Scheduled health check for volume org.apache.hadoop.ozone.container.common.volume.HddsVolume@2c48cede
2019-10-07 13:24:48,438 [main] INFO  impl.RaftServerProxy (ConfUtils.java:logGet(43)) - raft.rpc.type = GRPC (default)
2019-10-07 13:24:48,438 [main] INFO  grpc.GrpcFactory (GrpcFactory.java:checkPooledByteBufAllocatorUseCacheForAllThreads(45)) - PERFORMANCE WARNING: useCacheForAllThreads is true that may cause Netty to create a lot garbage objects and, as a result, trigger GC.
	It is recommended to disable useCacheForAllThreads by setting -Dorg.apache.ratis.thirdparty.io.netty.allocator.useCacheForAllThreads=false in command line.
2019-10-07 13:24:48,438 [main] INFO  grpc.GrpcConfigKeys$Server (ConfUtils.java:logGet(43)) - raft.grpc.server.port = 0 (default)
2019-10-07 13:24:48,439 [main] INFO  server.GrpcService (ConfUtils.java:logGet(43)) - raft.grpc.message.size.max = 33570816 (custom)
2019-10-07 13:24:48,439 [main] INFO  server.RaftServerConfigKeys (ConfUtils.java:logGet(43)) - raft.server.log.appender.buffer.byte-limit = 33554432 (custom)
2019-10-07 13:24:48,439 [main] INFO  server.GrpcService (ConfUtils.java:logGet(43)) - raft.grpc.flow.control.window = 1MB (=1048576) (default)
2019-10-07 13:24:48,439 [main] INFO  server.RaftServerConfigKeys (ConfUtils.java:logGet(43)) - raft.server.rpc.request.timeout = 3000ms (default)
2019-10-07 13:24:48,439 [main] INFO  server.RaftServerConfigKeys (ConfUtils.java:logGet(43)) - raft.server.storage.dir = [/workdir/hadoop-ozone/integration-test/target/test-dir/MiniOzoneClusterImpl-01368c1a-6328-4066-8a93-de455066d669/datanode-6/data/ratis] (custom)
2019-10-07 13:24:48,441 [main] INFO  hdfs.DFSUtil (DFSUtil.java:httpServerTemplateForNNAndJN(1641)) - Starting Web-server for hddsDatanode at: http://0.0.0.0:0
2019-10-07 13:24:48,442 [main] INFO  server.AuthenticationFilter (AuthenticationFilter.java:constructSecretProvider(240)) - Unable to initialize FileSignerSecretProvider, falling back to use random secrets.
2019-10-07 13:24:48,442 [main] WARN  http.HttpRequestLog (HttpRequestLog.java:getRequestLog(97)) - Jetty request log can only be enabled using Log4j
2019-10-07 13:24:48,443 [main] INFO  http.HttpServer2 (HttpServer2.java:addGlobalFilter(975)) - Added global filter 'safety' (class=org.apache.hadoop.http.HttpServer2$QuotingInputFilter)
2019-10-07 13:24:48,444 [main] INFO  http.HttpServer2 (HttpServer2.java:addFilter(948)) - Added filter static_user_filter (class=org.apache.hadoop.http.lib.StaticUserWebFilter$StaticUserFilter) to context hddsDatanode
2019-10-07 13:24:48,444 [main] INFO  http.HttpServer2 (HttpServer2.java:addFilter(958)) - Added filter static_user_filter (class=org.apache.hadoop.http.lib.StaticUserWebFilter$StaticUserFilter) to context logs
2019-10-07 13:24:48,444 [main] INFO  http.HttpServer2 (HttpServer2.java:addFilter(958)) - Added filter static_user_filter (class=org.apache.hadoop.http.lib.StaticUserWebFilter$StaticUserFilter) to context static
2019-10-07 13:24:48,445 [main] INFO  http.HttpServer2 (HttpServer2.java:bindListener(1191)) - Jetty bound to port 39429
2019-10-07 13:24:48,445 [main] INFO  server.Server (Server.java:doStart(351)) - jetty-9.3.25.v20180904, build timestamp: 2018-09-04T21:11:46Z, git hash: 3ce520221d0240229c862b122d2b06c12a625732
2019-10-07 13:24:48,446 [main] INFO  handler.ContextHandler (ContextHandler.java:doStart(781)) - Started o.e.j.s.ServletContextHandler@4fb64a52{/logs,file:///workdir/hadoop-ozone/integration-test/target/log,AVAILABLE}
2019-10-07 13:24:48,447 [main] INFO  handler.ContextHandler (ContextHandler.java:doStart(781)) - Started o.e.j.s.ServletContextHandler@7b8ea1db{/static,jar:file:/home/user/.m2/repository/org/apache/hadoop/hadoop-hdds-container-service/0.5.0-SNAPSHOT/hadoop-hdds-container-service-0.5.0-SNAPSHOT.jar!/webapps/static,AVAILABLE}
2019-10-07 13:24:48,475 [main] INFO  handler.ContextHandler (ContextHandler.java:doStart(781)) - Started o.e.j.w.WebAppContext@5fd43e58{/,file:///tmp/jetty-0.0.0.0-39429-hddsDatanode-_-any-4743919023442538655.dir/webapp/,AVAILABLE}{/hddsDatanode}
2019-10-07 13:24:48,476 [main] INFO  server.AbstractConnector (AbstractConnector.java:doStart(278)) - Started ServerConnector@70d4f672{HTTP/1.1,[http/1.1]}{0.0.0.0:39429}
2019-10-07 13:24:48,479 [main] INFO  server.Server (Server.java:doStart(419)) - Started @207948ms
2019-10-07 13:24:48,480 [main] WARN  impl.MetricsSystemImpl (MetricsSystemImpl.java:register(276)) - Sink prometheus already exists!
2019-10-07 13:24:48,480 [main] INFO  server.BaseHttpServer (BaseHttpServer.java:updateConnectorAddress(215)) - HTTP server of HDDSDATANODE is listening at http://0.0.0.0:39429
2019-10-07 13:24:48,481 [main] INFO  ozone.MiniOzoneClusterImpl (MiniOzoneClusterImpl.java:lambda$waitForClusterToBeReady$0(147)) - Waiting for cluster to be ready. Got 0 of 7 DN Heartbeats.
2019-10-07 13:24:48,482 [org.apache.hadoop.util.JvmPauseMonitor$Monitor@42406af6] INFO  util.JvmPauseMonitor (JvmPauseMonitor.java:run(188)) - Starting JVM pause monitor
2019-10-07 13:24:48,483 [Datanode State Machine Thread - 0] INFO  datanode.InitDatanodeState (InitDatanodeState.java:persistContainerDatanodeDetails(140)) - DatanodeDetails is persisted to /workdir/hadoop-ozone/integration-test/target/test-dir/MiniOzoneClusterImpl-01368c1a-6328-4066-8a93-de455066d669/datanode-6/meta/datanode.id
2019-10-07 13:24:49,481 [main] INFO  ozone.MiniOzoneClusterImpl (MiniOzoneClusterImpl.java:lambda$waitForClusterToBeReady$0(147)) - Waiting for cluster to be ready. Got 0 of 7 DN Heartbeats.
2019-10-07 13:24:50,157 [Datanode State Machine Thread - 0] INFO  ozoneimpl.OzoneContainer (OzoneContainer.java:start(217)) - Attempting to start container services.
2019-10-07 13:24:50,158 [Datanode State Machine Thread - 0] INFO  ozoneimpl.OzoneContainer (OzoneContainer.java:startContainerScrub(179)) - Background container scanner has been disabled.
2019-10-07 13:24:50,158 [Datanode State Machine Thread - 0] INFO  ratis.XceiverServerRatis (XceiverServerRatis.java:start(418)) - Starting XceiverServerRatis 89b7be7e-870d-455a-8963-d7f89673f648 at port 0
2019-10-07 13:24:50,168 [Datanode State Machine Thread - 0] INFO  impl.RaftServerProxy (RaftServerProxy.java:lambda$start$3(299)) - 89b7be7e-870d-455a-8963-d7f89673f648: start RPC server
2019-10-07 13:24:50,177 [Datanode State Machine Thread - 0] INFO  server.GrpcService (GrpcService.java:startImpl(158)) - 89b7be7e-870d-455a-8963-d7f89673f648: GrpcService started, listening on 0.0.0.0/0.0.0.0:43298
2019-10-07 13:24:50,177 [Datanode State Machine Thread - 0] INFO  ratis.XceiverServerRatis (XceiverServerRatis.java:start(428)) - XceiverServerRatis 89b7be7e-870d-455a-8963-d7f89673f648 is started using port 43298
2019-10-07 13:24:50,177 [Datanode State Machine Thread - 0] INFO  server.XceiverServerGrpc (XceiverServerGrpc.java:start(149)) - XceiverServerGrpc 89b7be7e-870d-455a-8963-d7f89673f648 is started using port 42472
2019-10-07 13:24:50,191 [Datanode State Machine Thread - 0] INFO  ozoneimpl.OzoneContainer (OzoneContainer.java:start(217)) - Attempting to start container services.
2019-10-07 13:24:50,192 [Datanode State Machine Thread - 0] INFO  ozoneimpl.OzoneContainer (OzoneContainer.java:startContainerScrub(179)) - Background container scanner has been disabled.
2019-10-07 13:24:50,192 [Datanode State Machine Thread - 0] INFO  ratis.XceiverServerRatis (XceiverServerRatis.java:start(418)) - Starting XceiverServerRatis e3e1c38d-3439-42c6-8ce9-6294e61b27c2 at port 0
2019-10-07 13:24:50,199 [Datanode State Machine Thread - 0] INFO  impl.RaftServerProxy (RaftServerProxy.java:lambda$start$3(299)) - e3e1c38d-3439-42c6-8ce9-6294e61b27c2: start RPC server
2019-10-07 13:24:50,207 [Datanode State Machine Thread - 0] INFO  server.GrpcService (GrpcService.java:startImpl(158)) - e3e1c38d-3439-42c6-8ce9-6294e61b27c2: GrpcService started, listening on 0.0.0.0/0.0.0.0:38385
2019-10-07 13:24:50,207 [Datanode State Machine Thread - 0] INFO  ratis.XceiverServerRatis (XceiverServerRatis.java:start(428)) - XceiverServerRatis e3e1c38d-3439-42c6-8ce9-6294e61b27c2 is started using port 38385
2019-10-07 13:24:50,210 [Datanode State Machine Thread - 0] INFO  server.XceiverServerGrpc (XceiverServerGrpc.java:start(149)) - XceiverServerGrpc e3e1c38d-3439-42c6-8ce9-6294e61b27c2 is started using port 44528
2019-10-07 13:24:50,242 [Datanode State Machine Thread - 0] INFO  ozoneimpl.OzoneContainer (OzoneContainer.java:start(217)) - Attempting to start container services.
2019-10-07 13:24:50,242 [Datanode State Machine Thread - 0] INFO  ozoneimpl.OzoneContainer (OzoneContainer.java:startContainerScrub(179)) - Background container scanner has been disabled.
2019-10-07 13:24:50,242 [Datanode State Machine Thread - 0] INFO  ratis.XceiverServerRatis (XceiverServerRatis.java:start(418)) - Starting XceiverServerRatis 64f73d85-b137-48a7-ba3e-12b9387c5b9d at port 0
2019-10-07 13:24:50,249 [Datanode State Machine Thread - 0] INFO  impl.RaftServerProxy (RaftServerProxy.java:lambda$start$3(299)) - 64f73d85-b137-48a7-ba3e-12b9387c5b9d: start RPC server
2019-10-07 13:24:50,251 [Datanode State Machine Thread - 0] INFO  server.GrpcService (GrpcService.java:startImpl(158)) - 64f73d85-b137-48a7-ba3e-12b9387c5b9d: GrpcService started, listening on 0.0.0.0/0.0.0.0:43959
2019-10-07 13:24:50,251 [Datanode State Machine Thread - 0] INFO  ratis.XceiverServerRatis (XceiverServerRatis.java:start(428)) - XceiverServerRatis 64f73d85-b137-48a7-ba3e-12b9387c5b9d is started using port 43959
2019-10-07 13:24:50,253 [Datanode State Machine Thread - 0] INFO  server.XceiverServerGrpc (XceiverServerGrpc.java:start(149)) - XceiverServerGrpc 64f73d85-b137-48a7-ba3e-12b9387c5b9d is started using port 39349
2019-10-07 13:24:50,305 [Datanode State Machine Thread - 0] INFO  ozoneimpl.OzoneContainer (OzoneContainer.java:start(217)) - Attempting to start container services.
2019-10-07 13:24:50,306 [Datanode State Machine Thread - 0] INFO  ozoneimpl.OzoneContainer (OzoneContainer.java:startContainerScrub(179)) - Background container scanner has been disabled.
2019-10-07 13:24:50,306 [Datanode State Machine Thread - 0] INFO  ratis.XceiverServerRatis (XceiverServerRatis.java:start(418)) - Starting XceiverServerRatis 09175588-d69d-48be-8014-77a75b7bda54 at port 0
2019-10-07 13:24:50,312 [Datanode State Machine Thread - 0] INFO  impl.RaftServerProxy (RaftServerProxy.java:lambda$start$3(299)) - 09175588-d69d-48be-8014-77a75b7bda54: start RPC server
2019-10-07 13:24:50,314 [Datanode State Machine Thread - 0] INFO  server.GrpcService (GrpcService.java:startImpl(158)) - 09175588-d69d-48be-8014-77a75b7bda54: GrpcService started, listening on 0.0.0.0/0.0.0.0:39948
2019-10-07 13:24:50,314 [Datanode State Machine Thread - 0] INFO  ratis.XceiverServerRatis (XceiverServerRatis.java:start(428)) - XceiverServerRatis 09175588-d69d-48be-8014-77a75b7bda54 is started using port 39948
2019-10-07 13:24:50,315 [Datanode State Machine Thread - 0] INFO  server.XceiverServerGrpc (XceiverServerGrpc.java:start(149)) - XceiverServerGrpc 09175588-d69d-48be-8014-77a75b7bda54 is started using port 41147
2019-10-07 13:24:50,368 [Datanode State Machine Thread - 0] INFO  ozoneimpl.OzoneContainer (OzoneContainer.java:start(217)) - Attempting to start container services.
2019-10-07 13:24:50,368 [Datanode State Machine Thread - 0] INFO  ozoneimpl.OzoneContainer (OzoneContainer.java:startContainerScrub(179)) - Background container scanner has been disabled.
2019-10-07 13:24:50,368 [Datanode State Machine Thread - 0] INFO  ratis.XceiverServerRatis (XceiverServerRatis.java:start(418)) - Starting XceiverServerRatis 596bfca2-47ac-4dbb-837e-99dbb35929e1 at port 0
2019-10-07 13:24:50,374 [Datanode State Machine Thread - 0] INFO  impl.RaftServerProxy (RaftServerProxy.java:lambda$start$3(299)) - 596bfca2-47ac-4dbb-837e-99dbb35929e1: start RPC server
2019-10-07 13:24:50,375 [Datanode State Machine Thread - 0] INFO  server.GrpcService (GrpcService.java:startImpl(158)) - 596bfca2-47ac-4dbb-837e-99dbb35929e1: GrpcService started, listening on 0.0.0.0/0.0.0.0:45349
2019-10-07 13:24:50,375 [Datanode State Machine Thread - 0] INFO  ratis.XceiverServerRatis (XceiverServerRatis.java:start(428)) - XceiverServerRatis 596bfca2-47ac-4dbb-837e-99dbb35929e1 is started using port 45349
2019-10-07 13:24:50,375 [Datanode State Machine Thread - 0] INFO  server.XceiverServerGrpc (XceiverServerGrpc.java:start(149)) - XceiverServerGrpc 596bfca2-47ac-4dbb-837e-99dbb35929e1 is started using port 37675
2019-10-07 13:24:50,431 [Datanode State Machine Thread - 0] INFO  ozoneimpl.OzoneContainer (OzoneContainer.java:start(217)) - Attempting to start container services.
2019-10-07 13:24:50,432 [Datanode State Machine Thread - 0] INFO  ozoneimpl.OzoneContainer (OzoneContainer.java:startContainerScrub(179)) - Background container scanner has been disabled.
2019-10-07 13:24:50,432 [Datanode State Machine Thread - 0] INFO  ratis.XceiverServerRatis (XceiverServerRatis.java:start(418)) - Starting XceiverServerRatis ac49e126-8da2-479a-9665-0aa5e05c814e at port 0
2019-10-07 13:24:50,437 [Datanode State Machine Thread - 0] INFO  impl.RaftServerProxy (RaftServerProxy.java:lambda$start$3(299)) - ac49e126-8da2-479a-9665-0aa5e05c814e: start RPC server
2019-10-07 13:24:50,441 [Datanode State Machine Thread - 0] INFO  server.GrpcService (GrpcService.java:startImpl(158)) - ac49e126-8da2-479a-9665-0aa5e05c814e: GrpcService started, listening on 0.0.0.0/0.0.0.0:41229
2019-10-07 13:24:50,441 [Datanode State Machine Thread - 0] INFO  ratis.XceiverServerRatis (XceiverServerRatis.java:start(428)) - XceiverServerRatis ac49e126-8da2-479a-9665-0aa5e05c814e is started using port 41229
2019-10-07 13:24:50,441 [Datanode State Machine Thread - 0] INFO  server.XceiverServerGrpc (XceiverServerGrpc.java:start(149)) - XceiverServerGrpc ac49e126-8da2-479a-9665-0aa5e05c814e is started using port 39400
2019-10-07 13:24:50,482 [main] INFO  ozone.MiniOzoneClusterImpl (MiniOzoneClusterImpl.java:lambda$waitForClusterToBeReady$0(147)) - Waiting for cluster to be ready. Got 0 of 7 DN Heartbeats.
2019-10-07 13:24:50,499 [Datanode State Machine Thread - 0] INFO  ozoneimpl.OzoneContainer (OzoneContainer.java:start(217)) - Attempting to start container services.
2019-10-07 13:24:50,499 [Datanode State Machine Thread - 0] INFO  ozoneimpl.OzoneContainer (OzoneContainer.java:startContainerScrub(179)) - Background container scanner has been disabled.
2019-10-07 13:24:50,500 [Datanode State Machine Thread - 0] INFO  ratis.XceiverServerRatis (XceiverServerRatis.java:start(418)) - Starting XceiverServerRatis 1b792a8d-9b33-4f09-8f6e-d028a56dfb3d at port 0
2019-10-07 13:24:50,507 [Datanode State Machine Thread - 0] INFO  impl.RaftServerProxy (RaftServerProxy.java:lambda$start$3(299)) - 1b792a8d-9b33-4f09-8f6e-d028a56dfb3d: start RPC server
2019-10-07 13:24:50,508 [Datanode State Machine Thread - 0] INFO  server.GrpcService (GrpcService.java:startImpl(158)) - 1b792a8d-9b33-4f09-8f6e-d028a56dfb3d: GrpcService started, listening on 0.0.0.0/0.0.0.0:40695
2019-10-07 13:24:50,508 [Datanode State Machine Thread - 0] INFO  ratis.XceiverServerRatis (XceiverServerRatis.java:start(428)) - XceiverServerRatis 1b792a8d-9b33-4f09-8f6e-d028a56dfb3d is started using port 40695
2019-10-07 13:24:50,508 [Datanode State Machine Thread - 0] INFO  server.XceiverServerGrpc (XceiverServerGrpc.java:start(149)) - XceiverServerGrpc 1b792a8d-9b33-4f09-8f6e-d028a56dfb3d is started using port 34706
2019-10-07 13:24:51,482 [main] INFO  ozone.MiniOzoneClusterImpl (MiniOzoneClusterImpl.java:lambda$waitForClusterToBeReady$0(147)) - Waiting for cluster to be ready. Got 0 of 7 DN Heartbeats.
2019-10-07 13:24:52,110 [IPC Server handler 4 on 44611] INFO  net.NetworkTopology (NetworkTopologyImpl.java:add(111)) - Added a new node: /default-rack/89b7be7e-870d-455a-8963-d7f89673f648
2019-10-07 13:24:52,111 [IPC Server handler 4 on 44611] INFO  node.SCMNodeManager (SCMNodeManager.java:register(268)) - Registered Data node : 89b7be7e-870d-455a-8963-d7f89673f648{ip: 192.168.151.66, host: pr-hdds-2265-m6x5s-933689915, networkLocation: /default-rack, certSerialId: null}
2019-10-07 13:24:52,112 [EventQueue-NodeRegistrationContainerReportForDataNodeSafeModeRule] INFO  safemode.SCMSafeModeManager (DataNodeSafeModeRule.java:process(71)) - SCM in safe mode. 1 DataNodes registered, 1 required.
2019-10-07 13:24:52,114 [EventQueue-NodeRegistrationContainerReportForDataNodeSafeModeRule] INFO  safemode.SCMSafeModeManager (SCMSafeModeManager.java:validateSafeModeExitRules(177)) - ScmSafeModeManager, all rules are successfully validated
2019-10-07 13:24:52,114 [EventQueue-NodeRegistrationContainerReportForDataNodeSafeModeRule] INFO  safemode.SCMSafeModeManager (SCMSafeModeManager.java:exitSafeMode(193)) - SCM exiting safe mode.
2019-10-07 13:24:52,123 [grpc-default-executor-7] INFO  impl.RaftServerProxy (RaftServerProxy.java:addNew(89)) - 89b7be7e-870d-455a-8963-d7f89673f648: addNew group-9F6615440703:[89b7be7e-870d-455a-8963-d7f89673f648:192.168.151.66:43298] returns group-9F6615440703:java.util.concurrent.CompletableFuture@2d7d9aff[Not completed]
2019-10-07 13:24:52,125 [pool-383-thread-1] INFO  impl.RaftServerImpl (RaftServerImpl.java:<init>(95)) - 89b7be7e-870d-455a-8963-d7f89673f648: new RaftServerImpl for group-9F6615440703:[89b7be7e-870d-455a-8963-d7f89673f648:192.168.151.66:43298] with ContainerStateMachine:uninitialized
2019-10-07 13:24:52,126 [pool-383-thread-1] INFO  server.RaftServerConfigKeys (ConfUtils.java:logGet(43)) - raft.server.rpc.timeout.min = 5s (custom)
2019-10-07 13:24:52,126 [pool-383-thread-1] INFO  server.RaftServerConfigKeys (ConfUtils.java:logGet(43)) - raft.server.rpc.timeout.max = 5200ms (custom)
2019-10-07 13:24:52,126 [pool-383-thread-1] INFO  server.RaftServerConfigKeys (ConfUtils.java:logGet(43)) - raft.server.rpcslowness.timeout = 120s (custom)
2019-10-07 13:24:52,126 [pool-383-thread-1] INFO  server.RaftServerConfigKeys (ConfUtils.java:logGet(43)) - raft.server.sleep.deviation.threshold = 300 (default)
2019-10-07 13:24:52,126 [pool-383-thread-1] INFO  server.RaftServerConfigKeys (ConfUtils.java:logGet(43)) - raft.server.log.appender.install.snapshot.enabled = false (custom)
2019-10-07 13:24:52,126 [pool-383-thread-1] INFO  impl.RaftServerImpl (ServerState.java:<init>(103)) - 89b7be7e-870d-455a-8963-d7f89673f648@group-9F6615440703: ConfigurationManager, init=-1: [89b7be7e-870d-455a-8963-d7f89673f648:192.168.151.66:43298], old=null, confs=<EMPTY_MAP>
2019-10-07 13:24:52,127 [pool-383-thread-1] INFO  server.RaftServerConfigKeys (ConfUtils.java:logGet(43)) - raft.server.storage.dir = [/workdir/hadoop-ozone/integration-test/target/test-dir/MiniOzoneClusterImpl-01368c1a-6328-4066-8a93-de455066d669/datanode-0/data/ratis] (custom)
2019-10-07 13:24:52,127 [pool-383-thread-1] INFO  server.RaftServerConfigKeys (ConfUtils.java:logGet(43)) - raft.server.log.corruption.policy = EXCEPTION (default)
2019-10-07 13:24:52,127 [pool-383-thread-1] INFO  storage.RaftStorageDirectory (RaftStorageDirectory.java:analyzeStorage(246)) - The storage directory /workdir/hadoop-ozone/integration-test/target/test-dir/MiniOzoneClusterImpl-01368c1a-6328-4066-8a93-de455066d669/datanode-0/data/ratis/909a3c86-24af-49aa-98df-9f6615440703 does not exist. Creating ...
2019-10-07 13:24:52,140 [pool-383-thread-1] INFO  storage.RaftStorageDirectory (RaftStorageDirectory.java:tryLock(328)) - Lock on /workdir/hadoop-ozone/integration-test/target/test-dir/MiniOzoneClusterImpl-01368c1a-6328-4066-8a93-de455066d669/datanode-0/data/ratis/909a3c86-24af-49aa-98df-9f6615440703/in_use.lock acquired by nodename 23083@pr-hdds-2265-m6x5s-933689915
2019-10-07 13:24:52,153 [pool-383-thread-1] INFO  storage.RaftStorage (RaftStorage.java:format(84)) - Storage directory /workdir/hadoop-ozone/integration-test/target/test-dir/MiniOzoneClusterImpl-01368c1a-6328-4066-8a93-de455066d669/datanode-0/data/ratis/909a3c86-24af-49aa-98df-9f6615440703 has been successfully formatted.
2019-10-07 13:24:52,153 [pool-383-thread-1] INFO  ratis.ContainerStateMachine (ContainerStateMachine.java:loadSnapshot(231)) - group-9F6615440703: The snapshot info is null. Setting the last applied indexto:(t:0, i:~)
2019-10-07 13:24:52,154 [pool-383-thread-1] INFO  server.RaftServerConfigKeys (ConfUtils.java:logGet(43)) - raft.server.notification.no-leader.timeout = 120s (custom)
2019-10-07 13:24:52,154 [pool-383-thread-1] INFO  server.RaftServerConfigKeys (ConfUtils.java:logGet(43)) - raft.server.log.use.memory = false (default)
2019-10-07 13:24:52,154 [pool-383-thread-1] INFO  server.RaftServerConfigKeys (ConfUtils.java:logGet(43)) - raft.server.log.purge.gap = 1000000 (custom)
2019-10-07 13:24:52,154 [pool-383-thread-1] INFO  server.RaftServerConfigKeys (ConfUtils.java:logGet(43)) - raft.server.log.appender.buffer.byte-limit = 33554432 (custom)
2019-10-07 13:24:52,154 [pool-383-thread-1] INFO  server.RaftServerConfigKeys (ConfUtils.java:logGet(43)) - raft.server.log.segment.size.max = 1048576 (custom)
2019-10-07 13:24:52,156 [pool-383-thread-1] INFO  server.RaftServerConfigKeys (ConfUtils.java:logGet(43)) - raft.server.log.segment.cache.num.max = 2 (custom)
2019-10-07 13:24:52,156 [pool-383-thread-1] INFO  segmented.SegmentedRaftLogWorker (SegmentedRaftLogWorker.java:<init>(173)) - new 89b7be7e-870d-455a-8963-d7f89673f648@group-9F6615440703-SegmentedRaftLogWorker for RaftStorage:Storage Directory /workdir/hadoop-ozone/integration-test/target/test-dir/MiniOzoneClusterImpl-01368c1a-6328-4066-8a93-de455066d669/datanode-0/data/ratis/909a3c86-24af-49aa-98df-9f6615440703
2019-10-07 13:24:52,156 [pool-383-thread-1] INFO  server.RaftServerConfigKeys (ConfUtils.java:logGet(43)) - raft.server.log.queue.byte-limit = 2147483647 (custom)
2019-10-07 13:24:52,156 [pool-383-thread-1] INFO  server.RaftServerConfigKeys (ConfUtils.java:logGet(43)) - raft.server.log.queue.element-limit = 1024 (custom)
2019-10-07 13:24:52,156 [pool-383-thread-1] INFO  server.RaftServerConfigKeys (ConfUtils.java:logGet(43)) - raft.server.log.segment.size.max = 1048576 (custom)
2019-10-07 13:24:52,157 [pool-383-thread-1] INFO  server.RaftServerConfigKeys (ConfUtils.java:logGet(43)) - raft.server.log.preallocated.size = 16384 (custom)
2019-10-07 13:24:52,157 [pool-383-thread-1] INFO  server.RaftServerConfigKeys (ConfUtils.java:logGet(43)) - raft.server.log.write.buffer.size = 33554432 (custom)
2019-10-07 13:24:52,157 [pool-383-thread-1] INFO  server.RaftServerConfigKeys (ConfUtils.java:logGet(43)) - raft.server.log.force.sync.num = 128 (default)
2019-10-07 13:24:52,157 [pool-383-thread-1] INFO  server.RaftServerConfigKeys (ConfUtils.java:logGet(43)) - raft.server.log.statemachine.data.sync = true (default)
2019-10-07 13:24:52,157 [pool-383-thread-1] INFO  server.RaftServerConfigKeys (ConfUtils.java:logGet(43)) - raft.server.log.statemachine.data.sync.timeout = 10s (default)
2019-10-07 13:24:52,157 [pool-383-thread-1] INFO  server.RaftServerConfigKeys (ConfUtils.java:logGet(43)) - raft.server.log.statemachine.data.sync.timeout.retry = -1 (default)
2019-10-07 13:24:52,158 [pool-383-thread-1] INFO  server.RaftServerConfigKeys (ConfUtils.java:logGet(43)) - raft.server.log.statemachine.data.caching.enabled = true (custom)
2019-10-07 13:24:52,158 [pool-383-thread-1] INFO  segmented.SegmentedRaftLogWorker (SegmentedRaftLogWorker.java:lambda$new$0(128)) - 89b7be7e-870d-455a-8963-d7f89673f648@group-9F6615440703-SegmentedRaftLogWorker: flushIndex: setUnconditionally 0 -> -1
2019-10-07 13:24:52,159 [pool-383-thread-1] INFO  server.RaftServerConfigKeys (ConfUtils.java:logGet(43)) - raft.server.snapshot.auto.trigger.enabled = true (custom)
2019-10-07 13:24:52,159 [pool-383-thread-1] INFO  server.RaftServerConfigKeys (ConfUtils.java:logGet(43)) - raft.server.snapshot.auto.trigger.threshold = 10000 (custom)
2019-10-07 13:24:52,159 [pool-383-thread-1] INFO  server.RaftServerConfigKeys (ConfUtils.java:logGet(43)) - raft.server.snapshot.retention.file.num = 5 (custom)
2019-10-07 13:24:52,159 [pool-383-thread-1] INFO  server.RaftServerConfigKeys (ConfUtils.java:logGet(43)) - raft.server.retrycache.expirytime = 600000ms (custom)
2019-10-07 13:24:52,161 [pool-383-thread-1] INFO  impl.RaftServerImpl (RaftServerImpl.java:start(181)) - 89b7be7e-870d-455a-8963-d7f89673f648@group-9F6615440703: start as a follower, conf=-1: [89b7be7e-870d-455a-8963-d7f89673f648:192.168.151.66:43298], old=null
2019-10-07 13:24:52,161 [pool-383-thread-1] INFO  impl.RaftServerImpl (RaftServerImpl.java:setRole(170)) - 89b7be7e-870d-455a-8963-d7f89673f648@group-9F6615440703: changes role from      null to FOLLOWER at term 0 for startAsFollower
2019-10-07 13:24:52,161 [pool-383-thread-1] INFO  impl.RoleInfo (RoleInfo.java:updateAndGet(143)) - 89b7be7e-870d-455a-8963-d7f89673f648: start FollowerState
2019-10-07 13:24:52,161 [pool-383-thread-1] INFO  util.JmxRegister (JmxRegister.java:tryRegister(44)) - Successfully registered JMX Bean with object name Ratis:service=RaftServer,group=group-9F6615440703,id=89b7be7e-870d-455a-8963-d7f89673f648
2019-10-07 13:24:52,169 [IPC Server handler 3 on 44611] INFO  net.NetworkTopology (NetworkTopologyImpl.java:add(111)) - Added a new node: /default-rack/e3e1c38d-3439-42c6-8ce9-6294e61b27c2
2019-10-07 13:24:52,169 [IPC Server handler 3 on 44611] INFO  node.SCMNodeManager (SCMNodeManager.java:register(268)) - Registered Data node : e3e1c38d-3439-42c6-8ce9-6294e61b27c2{ip: 192.168.151.66, host: pr-hdds-2265-m6x5s-933689915, networkLocation: /default-rack, certSerialId: null}
2019-10-07 13:24:52,169 [RatisPipelineUtilsThread] INFO  pipeline.PipelineStateManager (PipelineStateManager.java:addPipeline(56)) - Created pipeline Pipeline[ Id: 909a3c86-24af-49aa-98df-9f6615440703, Nodes: 89b7be7e-870d-455a-8963-d7f89673f648{ip: 192.168.151.66, host: pr-hdds-2265-m6x5s-933689915, networkLocation: /default-rack, certSerialId: null}, Type:RATIS, Factor:ONE, State:OPEN]
2019-10-07 13:24:52,176 [grpc-default-executor-7] INFO  impl.RaftServerProxy (RaftServerProxy.java:addNew(89)) - e3e1c38d-3439-42c6-8ce9-6294e61b27c2: addNew group-5B81F6A6434D:[e3e1c38d-3439-42c6-8ce9-6294e61b27c2:192.168.151.66:38385] returns group-5B81F6A6434D:java.util.concurrent.CompletableFuture@66eeb6d[Not completed]
2019-10-07 13:24:52,177 [pool-393-thread-1] INFO  impl.RaftServerImpl (RaftServerImpl.java:<init>(95)) - e3e1c38d-3439-42c6-8ce9-6294e61b27c2: new RaftServerImpl for group-5B81F6A6434D:[e3e1c38d-3439-42c6-8ce9-6294e61b27c2:192.168.151.66:38385] with ContainerStateMachine:uninitialized
2019-10-07 13:24:52,177 [pool-393-thread-1] INFO  server.RaftServerConfigKeys (ConfUtils.java:logGet(43)) - raft.server.rpc.timeout.min = 5s (custom)
2019-10-07 13:24:52,177 [pool-393-thread-1] INFO  server.RaftServerConfigKeys (ConfUtils.java:logGet(43)) - raft.server.rpc.timeout.max = 5200ms (custom)
2019-10-07 13:24:52,177 [pool-393-thread-1] INFO  server.RaftServerConfigKeys (ConfUtils.java:logGet(43)) - raft.server.rpcslowness.timeout = 120s (custom)
2019-10-07 13:24:52,177 [pool-393-thread-1] INFO  server.RaftServerConfigKeys (ConfUtils.java:logGet(43)) - raft.server.sleep.deviation.threshold = 300 (default)
2019-10-07 13:24:52,178 [pool-393-thread-1] INFO  server.RaftServerConfigKeys (ConfUtils.java:logGet(43)) - raft.server.log.appender.install.snapshot.enabled = false (custom)
2019-10-07 13:24:52,178 [pool-393-thread-1] INFO  impl.RaftServerImpl (ServerState.java:<init>(103)) - e3e1c38d-3439-42c6-8ce9-6294e61b27c2@group-5B81F6A6434D: ConfigurationManager, init=-1: [e3e1c38d-3439-42c6-8ce9-6294e61b27c2:192.168.151.66:38385], old=null, confs=<EMPTY_MAP>
2019-10-07 13:24:52,178 [pool-393-thread-1] INFO  server.RaftServerConfigKeys (ConfUtils.java:logGet(43)) - raft.server.storage.dir = [/workdir/hadoop-ozone/integration-test/target/test-dir/MiniOzoneClusterImpl-01368c1a-6328-4066-8a93-de455066d669/datanode-1/data/ratis] (custom)
2019-10-07 13:24:52,178 [pool-393-thread-1] INFO  server.RaftServerConfigKeys (ConfUtils.java:logGet(43)) - raft.server.log.corruption.policy = EXCEPTION (default)
2019-10-07 13:24:52,178 [pool-393-thread-1] INFO  storage.RaftStorageDirectory (RaftStorageDirectory.java:analyzeStorage(246)) - The storage directory /workdir/hadoop-ozone/integration-test/target/test-dir/MiniOzoneClusterImpl-01368c1a-6328-4066-8a93-de455066d669/datanode-1/data/ratis/48a4a4bc-829c-4d60-9903-5b81f6a6434d does not exist. Creating ...
2019-10-07 13:24:52,193 [pool-393-thread-1] INFO  storage.RaftStorageDirectory (RaftStorageDirectory.java:tryLock(328)) - Lock on /workdir/hadoop-ozone/integration-test/target/test-dir/MiniOzoneClusterImpl-01368c1a-6328-4066-8a93-de455066d669/datanode-1/data/ratis/48a4a4bc-829c-4d60-9903-5b81f6a6434d/in_use.lock acquired by nodename 23083@pr-hdds-2265-m6x5s-933689915
2019-10-07 13:24:52,205 [pool-393-thread-1] INFO  storage.RaftStorage (RaftStorage.java:format(84)) - Storage directory /workdir/hadoop-ozone/integration-test/target/test-dir/MiniOzoneClusterImpl-01368c1a-6328-4066-8a93-de455066d669/datanode-1/data/ratis/48a4a4bc-829c-4d60-9903-5b81f6a6434d has been successfully formatted.
2019-10-07 13:24:52,205 [pool-393-thread-1] INFO  ratis.ContainerStateMachine (ContainerStateMachine.java:loadSnapshot(231)) - group-5B81F6A6434D: The snapshot info is null. Setting the last applied indexto:(t:0, i:~)
2019-10-07 13:24:52,205 [pool-393-thread-1] INFO  server.RaftServerConfigKeys (ConfUtils.java:logGet(43)) - raft.server.notification.no-leader.timeout = 120s (custom)
2019-10-07 13:24:52,205 [pool-393-thread-1] INFO  server.RaftServerConfigKeys (ConfUtils.java:logGet(43)) - raft.server.log.use.memory = false (default)
2019-10-07 13:24:52,205 [pool-393-thread-1] INFO  server.RaftServerConfigKeys (ConfUtils.java:logGet(43)) - raft.server.log.purge.gap = 1000000 (custom)
2019-10-07 13:24:52,206 [pool-393-thread-1] INFO  server.RaftServerConfigKeys (ConfUtils.java:logGet(43)) - raft.server.log.appender.buffer.byte-limit = 33554432 (custom)
2019-10-07 13:24:52,206 [pool-393-thread-1] INFO  server.RaftServerConfigKeys (ConfUtils.java:logGet(43)) - raft.server.log.segment.size.max = 1048576 (custom)
2019-10-07 13:24:52,207 [pool-393-thread-1] INFO  server.RaftServerConfigKeys (ConfUtils.java:logGet(43)) - raft.server.log.segment.cache.num.max = 2 (custom)
2019-10-07 13:24:52,207 [pool-393-thread-1] INFO  segmented.SegmentedRaftLogWorker (SegmentedRaftLogWorker.java:<init>(173)) - new e3e1c38d-3439-42c6-8ce9-6294e61b27c2@group-5B81F6A6434D-SegmentedRaftLogWorker for RaftStorage:Storage Directory /workdir/hadoop-ozone/integration-test/target/test-dir/MiniOzoneClusterImpl-01368c1a-6328-4066-8a93-de455066d669/datanode-1/data/ratis/48a4a4bc-829c-4d60-9903-5b81f6a6434d
2019-10-07 13:24:52,207 [pool-393-thread-1] INFO  server.RaftServerConfigKeys (ConfUtils.java:logGet(43)) - raft.server.log.queue.byte-limit = 2147483647 (custom)
2019-10-07 13:24:52,207 [pool-393-thread-1] INFO  server.RaftServerConfigKeys (ConfUtils.java:logGet(43)) - raft.server.log.queue.element-limit = 1024 (custom)
2019-10-07 13:24:52,207 [pool-393-thread-1] INFO  server.RaftServerConfigKeys (ConfUtils.java:logGet(43)) - raft.server.log.segment.size.max = 1048576 (custom)
2019-10-07 13:24:52,207 [pool-393-thread-1] INFO  server.RaftServerConfigKeys (ConfUtils.java:logGet(43)) - raft.server.log.preallocated.size = 16384 (custom)
2019-10-07 13:24:52,208 [pool-393-thread-1] INFO  server.RaftServerConfigKeys (ConfUtils.java:logGet(43)) - raft.server.log.write.buffer.size = 33554432 (custom)
2019-10-07 13:24:52,208 [pool-393-thread-1] INFO  server.RaftServerConfigKeys (ConfUtils.java:logGet(43)) - raft.server.log.force.sync.num = 128 (default)
2019-10-07 13:24:52,208 [pool-393-thread-1] INFO  server.RaftServerConfigKeys (ConfUtils.java:logGet(43)) - raft.server.log.statemachine.data.sync = true (default)
2019-10-07 13:24:52,208 [pool-393-thread-1] INFO  server.RaftServerConfigKeys (ConfUtils.java:logGet(43)) - raft.server.log.statemachine.data.sync.timeout = 10s (default)
2019-10-07 13:24:52,208 [pool-393-thread-1] INFO  server.RaftServerConfigKeys (ConfUtils.java:logGet(43)) - raft.server.log.statemachine.data.sync.timeout.retry = -1 (default)
2019-10-07 13:24:52,208 [pool-393-thread-1] INFO  server.RaftServerConfigKeys (ConfUtils.java:logGet(43)) - raft.server.log.statemachine.data.caching.enabled = true (custom)
2019-10-07 13:24:52,208 [pool-393-thread-1] INFO  segmented.SegmentedRaftLogWorker (SegmentedRaftLogWorker.java:lambda$new$0(128)) - e3e1c38d-3439-42c6-8ce9-6294e61b27c2@group-5B81F6A6434D-SegmentedRaftLogWorker: flushIndex: setUnconditionally 0 -> -1
2019-10-07 13:24:52,209 [pool-393-thread-1] INFO  server.RaftServerConfigKeys (ConfUtils.java:logGet(43)) - raft.server.snapshot.auto.trigger.enabled = true (custom)
2019-10-07 13:24:52,209 [pool-393-thread-1] INFO  server.RaftServerConfigKeys (ConfUtils.java:logGet(43)) - raft.server.snapshot.auto.trigger.threshold = 10000 (custom)
2019-10-07 13:24:52,209 [pool-393-thread-1] INFO  server.RaftServerConfigKeys (ConfUtils.java:logGet(43)) - raft.server.snapshot.retention.file.num = 5 (custom)
2019-10-07 13:24:52,209 [pool-393-thread-1] INFO  server.RaftServerConfigKeys (ConfUtils.java:logGet(43)) - raft.server.retrycache.expirytime = 600000ms (custom)
2019-10-07 13:24:52,210 [pool-393-thread-1] INFO  impl.RaftServerImpl (RaftServerImpl.java:start(181)) - e3e1c38d-3439-42c6-8ce9-6294e61b27c2@group-5B81F6A6434D: start as a follower, conf=-1: [e3e1c38d-3439-42c6-8ce9-6294e61b27c2:192.168.151.66:38385], old=null
2019-10-07 13:24:52,210 [pool-393-thread-1] INFO  impl.RaftServerImpl (RaftServerImpl.java:setRole(170)) - e3e1c38d-3439-42c6-8ce9-6294e61b27c2@group-5B81F6A6434D: changes role from      null to FOLLOWER at term 0 for startAsFollower
2019-10-07 13:24:52,210 [pool-393-thread-1] INFO  impl.RoleInfo (RoleInfo.java:updateAndGet(143)) - e3e1c38d-3439-42c6-8ce9-6294e61b27c2: start FollowerState
2019-10-07 13:24:52,211 [pool-393-thread-1] INFO  util.JmxRegister (JmxRegister.java:tryRegister(44)) - Successfully registered JMX Bean with object name Ratis:service=RaftServer,group=group-5B81F6A6434D,id=e3e1c38d-3439-42c6-8ce9-6294e61b27c2
2019-10-07 13:24:52,217 [RatisPipelineUtilsThread] INFO  pipeline.PipelineStateManager (PipelineStateManager.java:addPipeline(56)) - Created pipeline Pipeline[ Id: 48a4a4bc-829c-4d60-9903-5b81f6a6434d, Nodes: e3e1c38d-3439-42c6-8ce9-6294e61b27c2{ip: 192.168.151.66, host: pr-hdds-2265-m6x5s-933689915, networkLocation: /default-rack, certSerialId: null}, Type:RATIS, Factor:ONE, State:OPEN]
2019-10-07 13:24:52,228 [IPC Server handler 6 on 44611] INFO  net.NetworkTopology (NetworkTopologyImpl.java:add(111)) - Added a new node: /default-rack/64f73d85-b137-48a7-ba3e-12b9387c5b9d
2019-10-07 13:24:52,228 [IPC Server handler 6 on 44611] INFO  node.SCMNodeManager (SCMNodeManager.java:register(268)) - Registered Data node : 64f73d85-b137-48a7-ba3e-12b9387c5b9d{ip: 192.168.151.66, host: pr-hdds-2265-m6x5s-933689915, networkLocation: /default-rack, certSerialId: null}
2019-10-07 13:24:52,235 [grpc-default-executor-7] INFO  impl.RaftServerProxy (RaftServerProxy.java:addNew(89)) - 64f73d85-b137-48a7-ba3e-12b9387c5b9d: addNew group-96CD1AA81F09:[64f73d85-b137-48a7-ba3e-12b9387c5b9d:192.168.151.66:43959] returns group-96CD1AA81F09:java.util.concurrent.CompletableFuture@65dcf49d[Not completed]
2019-10-07 13:24:52,236 [pool-403-thread-1] INFO  impl.RaftServerImpl (RaftServerImpl.java:<init>(95)) - 64f73d85-b137-48a7-ba3e-12b9387c5b9d: new RaftServerImpl for group-96CD1AA81F09:[64f73d85-b137-48a7-ba3e-12b9387c5b9d:192.168.151.66:43959] with ContainerStateMachine:uninitialized
2019-10-07 13:24:52,236 [pool-403-thread-1] INFO  server.RaftServerConfigKeys (ConfUtils.java:logGet(43)) - raft.server.rpc.timeout.min = 5s (custom)
2019-10-07 13:24:52,236 [pool-403-thread-1] INFO  server.RaftServerConfigKeys (ConfUtils.java:logGet(43)) - raft.server.rpc.timeout.max = 5200ms (custom)
2019-10-07 13:24:52,236 [pool-403-thread-1] INFO  server.RaftServerConfigKeys (ConfUtils.java:logGet(43)) - raft.server.rpcslowness.timeout = 120s (custom)
2019-10-07 13:24:52,236 [pool-403-thread-1] INFO  server.RaftServerConfigKeys (ConfUtils.java:logGet(43)) - raft.server.sleep.deviation.threshold = 300 (default)
2019-10-07 13:24:52,236 [pool-403-thread-1] INFO  server.RaftServerConfigKeys (ConfUtils.java:logGet(43)) - raft.server.log.appender.install.snapshot.enabled = false (custom)
2019-10-07 13:24:52,236 [pool-403-thread-1] INFO  impl.RaftServerImpl (ServerState.java:<init>(103)) - 64f73d85-b137-48a7-ba3e-12b9387c5b9d@group-96CD1AA81F09: ConfigurationManager, init=-1: [64f73d85-b137-48a7-ba3e-12b9387c5b9d:192.168.151.66:43959], old=null, confs=<EMPTY_MAP>
2019-10-07 13:24:52,236 [pool-403-thread-1] INFO  server.RaftServerConfigKeys (ConfUtils.java:logGet(43)) - raft.server.storage.dir = [/workdir/hadoop-ozone/integration-test/target/test-dir/MiniOzoneClusterImpl-01368c1a-6328-4066-8a93-de455066d669/datanode-2/data/ratis] (custom)
2019-10-07 13:24:52,237 [pool-403-thread-1] INFO  server.RaftServerConfigKeys (ConfUtils.java:logGet(43)) - raft.server.log.corruption.policy = EXCEPTION (default)
2019-10-07 13:24:52,237 [pool-403-thread-1] INFO  storage.RaftStorageDirectory (RaftStorageDirectory.java:analyzeStorage(246)) - The storage directory /workdir/hadoop-ozone/integration-test/target/test-dir/MiniOzoneClusterImpl-01368c1a-6328-4066-8a93-de455066d669/datanode-2/data/ratis/fceda9ea-22f5-4c77-bb21-96cd1aa81f09 does not exist. Creating ...
2019-10-07 13:24:52,251 [pool-403-thread-1] INFO  storage.RaftStorageDirectory (RaftStorageDirectory.java:tryLock(328)) - Lock on /workdir/hadoop-ozone/integration-test/target/test-dir/MiniOzoneClusterImpl-01368c1a-6328-4066-8a93-de455066d669/datanode-2/data/ratis/fceda9ea-22f5-4c77-bb21-96cd1aa81f09/in_use.lock acquired by nodename 23083@pr-hdds-2265-m6x5s-933689915
2019-10-07 13:24:52,264 [pool-403-thread-1] INFO  storage.RaftStorage (RaftStorage.java:format(84)) - Storage directory /workdir/hadoop-ozone/integration-test/target/test-dir/MiniOzoneClusterImpl-01368c1a-6328-4066-8a93-de455066d669/datanode-2/data/ratis/fceda9ea-22f5-4c77-bb21-96cd1aa81f09 has been successfully formatted.
2019-10-07 13:24:52,264 [pool-403-thread-1] INFO  ratis.ContainerStateMachine (ContainerStateMachine.java:loadSnapshot(231)) - group-96CD1AA81F09: The snapshot info is null. Setting the last applied indexto:(t:0, i:~)
2019-10-07 13:24:52,264 [pool-403-thread-1] INFO  server.RaftServerConfigKeys (ConfUtils.java:logGet(43)) - raft.server.notification.no-leader.timeout = 120s (custom)
2019-10-07 13:24:52,264 [pool-403-thread-1] INFO  server.RaftServerConfigKeys (ConfUtils.java:logGet(43)) - raft.server.log.use.memory = false (default)
2019-10-07 13:24:52,264 [pool-403-thread-1] INFO  server.RaftServerConfigKeys (ConfUtils.java:logGet(43)) - raft.server.log.purge.gap = 1000000 (custom)
2019-10-07 13:24:52,264 [pool-403-thread-1] INFO  server.RaftServerConfigKeys (ConfUtils.java:logGet(43)) - raft.server.log.appender.buffer.byte-limit = 33554432 (custom)
2019-10-07 13:24:52,264 [pool-403-thread-1] INFO  server.RaftServerConfigKeys (ConfUtils.java:logGet(43)) - raft.server.log.segment.size.max = 1048576 (custom)
2019-10-07 13:24:52,266 [pool-403-thread-1] INFO  server.RaftServerConfigKeys (ConfUtils.java:logGet(43)) - raft.server.log.segment.cache.num.max = 2 (custom)
2019-10-07 13:24:52,266 [pool-403-thread-1] INFO  segmented.SegmentedRaftLogWorker (SegmentedRaftLogWorker.java:<init>(173)) - new 64f73d85-b137-48a7-ba3e-12b9387c5b9d@group-96CD1AA81F09-SegmentedRaftLogWorker for RaftStorage:Storage Directory /workdir/hadoop-ozone/integration-test/target/test-dir/MiniOzoneClusterImpl-01368c1a-6328-4066-8a93-de455066d669/datanode-2/data/ratis/fceda9ea-22f5-4c77-bb21-96cd1aa81f09
2019-10-07 13:24:52,266 [pool-403-thread-1] INFO  server.RaftServerConfigKeys (ConfUtils.java:logGet(43)) - raft.server.log.queue.byte-limit = 2147483647 (custom)
2019-10-07 13:24:52,266 [pool-403-thread-1] INFO  server.RaftServerConfigKeys (ConfUtils.java:logGet(43)) - raft.server.log.queue.element-limit = 1024 (custom)
2019-10-07 13:24:52,266 [pool-403-thread-1] INFO  server.RaftServerConfigKeys (ConfUtils.java:logGet(43)) - raft.server.log.segment.size.max = 1048576 (custom)
2019-10-07 13:24:52,266 [pool-403-thread-1] INFO  server.RaftServerConfigKeys (ConfUtils.java:logGet(43)) - raft.server.log.preallocated.size = 16384 (custom)
2019-10-07 13:24:52,266 [pool-403-thread-1] INFO  server.RaftServerConfigKeys (ConfUtils.java:logGet(43)) - raft.server.log.write.buffer.size = 33554432 (custom)
2019-10-07 13:24:52,266 [pool-403-thread-1] INFO  server.RaftServerConfigKeys (ConfUtils.java:logGet(43)) - raft.server.log.force.sync.num = 128 (default)
2019-10-07 13:24:52,266 [pool-403-thread-1] INFO  server.RaftServerConfigKeys (ConfUtils.java:logGet(43)) - raft.server.log.statemachine.data.sync = true (default)
2019-10-07 13:24:52,267 [pool-403-thread-1] INFO  server.RaftServerConfigKeys (ConfUtils.java:logGet(43)) - raft.server.log.statemachine.data.sync.timeout = 10s (default)
2019-10-07 13:24:52,267 [pool-403-thread-1] INFO  server.RaftServerConfigKeys (ConfUtils.java:logGet(43)) - raft.server.log.statemachine.data.sync.timeout.retry = -1 (default)
2019-10-07 13:24:52,267 [pool-403-thread-1] INFO  server.RaftServerConfigKeys (ConfUtils.java:logGet(43)) - raft.server.log.statemachine.data.caching.enabled = true (custom)
2019-10-07 13:24:52,267 [pool-403-thread-1] INFO  segmented.SegmentedRaftLogWorker (SegmentedRaftLogWorker.java:lambda$new$0(128)) - 64f73d85-b137-48a7-ba3e-12b9387c5b9d@group-96CD1AA81F09-SegmentedRaftLogWorker: flushIndex: setUnconditionally 0 -> -1
2019-10-07 13:24:52,267 [pool-403-thread-1] INFO  server.RaftServerConfigKeys (ConfUtils.java:logGet(43)) - raft.server.snapshot.auto.trigger.enabled = true (custom)
2019-10-07 13:24:52,267 [pool-403-thread-1] INFO  server.RaftServerConfigKeys (ConfUtils.java:logGet(43)) - raft.server.snapshot.auto.trigger.threshold = 10000 (custom)
2019-10-07 13:24:52,268 [pool-403-thread-1] INFO  server.RaftServerConfigKeys (ConfUtils.java:logGet(43)) - raft.server.snapshot.retention.file.num = 5 (custom)
2019-10-07 13:24:52,268 [pool-403-thread-1] INFO  server.RaftServerConfigKeys (ConfUtils.java:logGet(43)) - raft.server.retrycache.expirytime = 600000ms (custom)
2019-10-07 13:24:52,269 [pool-403-thread-1] INFO  impl.RaftServerImpl (RaftServerImpl.java:start(181)) - 64f73d85-b137-48a7-ba3e-12b9387c5b9d@group-96CD1AA81F09: start as a follower, conf=-1: [64f73d85-b137-48a7-ba3e-12b9387c5b9d:192.168.151.66:43959], old=null
2019-10-07 13:24:52,269 [pool-403-thread-1] INFO  impl.RaftServerImpl (RaftServerImpl.java:setRole(170)) - 64f73d85-b137-48a7-ba3e-12b9387c5b9d@group-96CD1AA81F09: changes role from      null to FOLLOWER at term 0 for startAsFollower
2019-10-07 13:24:52,269 [pool-403-thread-1] INFO  impl.RoleInfo (RoleInfo.java:updateAndGet(143)) - 64f73d85-b137-48a7-ba3e-12b9387c5b9d: start FollowerState
2019-10-07 13:24:52,269 [pool-403-thread-1] INFO  util.JmxRegister (JmxRegister.java:tryRegister(44)) - Successfully registered JMX Bean with object name Ratis:service=RaftServer,group=group-96CD1AA81F09,id=64f73d85-b137-48a7-ba3e-12b9387c5b9d
2019-10-07 13:24:52,276 [RatisPipelineUtilsThread] INFO  pipeline.PipelineStateManager (PipelineStateManager.java:addPipeline(56)) - Created pipeline Pipeline[ Id: fceda9ea-22f5-4c77-bb21-96cd1aa81f09, Nodes: 64f73d85-b137-48a7-ba3e-12b9387c5b9d{ip: 192.168.151.66, host: pr-hdds-2265-m6x5s-933689915, networkLocation: /default-rack, certSerialId: null}, Type:RATIS, Factor:ONE, State:OPEN]
2019-10-07 13:24:52,288 [grpc-default-executor-3] INFO  impl.RaftServerProxy (RaftServerProxy.java:addNew(89)) - 64f73d85-b137-48a7-ba3e-12b9387c5b9d: addNew group-DA502D367CC2:[64f73d85-b137-48a7-ba3e-12b9387c5b9d:192.168.151.66:43959, e3e1c38d-3439-42c6-8ce9-6294e61b27c2:192.168.151.66:38385, 89b7be7e-870d-455a-8963-d7f89673f648:192.168.151.66:43298] returns group-DA502D367CC2:java.util.concurrent.CompletableFuture@64b5380d[Not completed]
2019-10-07 13:24:52,288 [grpc-default-executor-8] INFO  impl.RaftServerProxy (RaftServerProxy.java:addNew(89)) - e3e1c38d-3439-42c6-8ce9-6294e61b27c2: addNew group-DA502D367CC2:[64f73d85-b137-48a7-ba3e-12b9387c5b9d:192.168.151.66:43959, e3e1c38d-3439-42c6-8ce9-6294e61b27c2:192.168.151.66:38385, 89b7be7e-870d-455a-8963-d7f89673f648:192.168.151.66:43298] returns group-DA502D367CC2:java.util.concurrent.CompletableFuture@483c3280[Not completed]
2019-10-07 13:24:52,288 [grpc-default-executor-3] INFO  impl.RaftServerProxy (RaftServerProxy.java:addNew(89)) - 89b7be7e-870d-455a-8963-d7f89673f648: addNew group-DA502D367CC2:[64f73d85-b137-48a7-ba3e-12b9387c5b9d:192.168.151.66:43959, e3e1c38d-3439-42c6-8ce9-6294e61b27c2:192.168.151.66:38385, 89b7be7e-870d-455a-8963-d7f89673f648:192.168.151.66:43298] returns group-DA502D367CC2:java.util.concurrent.CompletableFuture@7d31fba[Not completed]
2019-10-07 13:24:52,288 [pool-403-thread-1] INFO  impl.RaftServerImpl (RaftServerImpl.java:<init>(95)) - 64f73d85-b137-48a7-ba3e-12b9387c5b9d: new RaftServerImpl for group-DA502D367CC2:[64f73d85-b137-48a7-ba3e-12b9387c5b9d:192.168.151.66:43959, e3e1c38d-3439-42c6-8ce9-6294e61b27c2:192.168.151.66:38385, 89b7be7e-870d-455a-8963-d7f89673f648:192.168.151.66:43298] with ContainerStateMachine:uninitialized
2019-10-07 13:24:52,289 [pool-403-thread-1] INFO  server.RaftServerConfigKeys (ConfUtils.java:logGet(43)) - raft.server.rpc.timeout.min = 5s (custom)
2019-10-07 13:24:52,289 [pool-403-thread-1] INFO  server.RaftServerConfigKeys (ConfUtils.java:logGet(43)) - raft.server.rpc.timeout.max = 5200ms (custom)
2019-10-07 13:24:52,289 [pool-403-thread-1] INFO  server.RaftServerConfigKeys (ConfUtils.java:logGet(43)) - raft.server.rpcslowness.timeout = 120s (custom)
2019-10-07 13:24:52,289 [pool-403-thread-1] INFO  server.RaftServerConfigKeys (ConfUtils.java:logGet(43)) - raft.server.sleep.deviation.threshold = 300 (default)
2019-10-07 13:24:52,289 [pool-403-thread-1] INFO  server.RaftServerConfigKeys (ConfUtils.java:logGet(43)) - raft.server.log.appender.install.snapshot.enabled = false (custom)
2019-10-07 13:24:52,289 [pool-403-thread-1] INFO  impl.RaftServerImpl (ServerState.java:<init>(103)) - 64f73d85-b137-48a7-ba3e-12b9387c5b9d@group-DA502D367CC2: ConfigurationManager, init=-1: [64f73d85-b137-48a7-ba3e-12b9387c5b9d:192.168.151.66:43959, e3e1c38d-3439-42c6-8ce9-6294e61b27c2:192.168.151.66:38385, 89b7be7e-870d-455a-8963-d7f89673f648:192.168.151.66:43298], old=null, confs=<EMPTY_MAP>
2019-10-07 13:24:52,289 [pool-403-thread-1] INFO  server.RaftServerConfigKeys (ConfUtils.java:logGet(43)) - raft.server.storage.dir = [/workdir/hadoop-ozone/integration-test/target/test-dir/MiniOzoneClusterImpl-01368c1a-6328-4066-8a93-de455066d669/datanode-2/data/ratis] (custom)
2019-10-07 13:24:52,289 [pool-393-thread-1] INFO  impl.RaftServerImpl (RaftServerImpl.java:<init>(95)) - e3e1c38d-3439-42c6-8ce9-6294e61b27c2: new RaftServerImpl for group-DA502D367CC2:[64f73d85-b137-48a7-ba3e-12b9387c5b9d:192.168.151.66:43959, e3e1c38d-3439-42c6-8ce9-6294e61b27c2:192.168.151.66:38385, 89b7be7e-870d-455a-8963-d7f89673f648:192.168.151.66:43298] with ContainerStateMachine:uninitialized
2019-10-07 13:24:52,290 [pool-403-thread-1] INFO  server.RaftServerConfigKeys (ConfUtils.java:logGet(43)) - raft.server.log.corruption.policy = EXCEPTION (default)
2019-10-07 13:24:52,290 [pool-393-thread-1] INFO  server.RaftServerConfigKeys (ConfUtils.java:logGet(43)) - raft.server.rpc.timeout.min = 5s (custom)
2019-10-07 13:24:52,290 [pool-403-thread-1] INFO  storage.RaftStorageDirectory (RaftStorageDirectory.java:analyzeStorage(246)) - The storage directory /workdir/hadoop-ozone/integration-test/target/test-dir/MiniOzoneClusterImpl-01368c1a-6328-4066-8a93-de455066d669/datanode-2/data/ratis/163de34f-b7d7-4321-992d-da502d367cc2 does not exist. Creating ...
2019-10-07 13:24:52,290 [pool-393-thread-1] INFO  server.RaftServerConfigKeys (ConfUtils.java:logGet(43)) - raft.server.rpc.timeout.max = 5200ms (custom)
2019-10-07 13:24:52,290 [pool-383-thread-1] INFO  impl.RaftServerImpl (RaftServerImpl.java:<init>(95)) - 89b7be7e-870d-455a-8963-d7f89673f648: new RaftServerImpl for group-DA502D367CC2:[64f73d85-b137-48a7-ba3e-12b9387c5b9d:192.168.151.66:43959, e3e1c38d-3439-42c6-8ce9-6294e61b27c2:192.168.151.66:38385, 89b7be7e-870d-455a-8963-d7f89673f648:192.168.151.66:43298] with ContainerStateMachine:uninitialized
2019-10-07 13:24:52,290 [pool-393-thread-1] INFO  server.RaftServerConfigKeys (ConfUtils.java:logGet(43)) - raft.server.rpcslowness.timeout = 120s (custom)
2019-10-07 13:24:52,290 [pool-383-thread-1] INFO  server.RaftServerConfigKeys (ConfUtils.java:logGet(43)) - raft.server.rpc.timeout.min = 5s (custom)
2019-10-07 13:24:52,290 [pool-393-thread-1] INFO  server.RaftServerConfigKeys (ConfUtils.java:logGet(43)) - raft.server.sleep.deviation.threshold = 300 (default)
2019-10-07 13:24:52,291 [pool-383-thread-1] INFO  server.RaftServerConfigKeys (ConfUtils.java:logGet(43)) - raft.server.rpc.timeout.max = 5200ms (custom)
2019-10-07 13:24:52,291 [pool-393-thread-1] INFO  server.RaftServerConfigKeys (ConfUtils.java:logGet(43)) - raft.server.log.appender.install.snapshot.enabled = false (custom)
2019-10-07 13:24:52,291 [pool-383-thread-1] INFO  server.RaftServerConfigKeys (ConfUtils.java:logGet(43)) - raft.server.rpcslowness.timeout = 120s (custom)
2019-10-07 13:24:52,291 [pool-393-thread-1] INFO  impl.RaftServerImpl (ServerState.java:<init>(103)) - e3e1c38d-3439-42c6-8ce9-6294e61b27c2@group-DA502D367CC2: ConfigurationManager, init=-1: [64f73d85-b137-48a7-ba3e-12b9387c5b9d:192.168.151.66:43959, e3e1c38d-3439-42c6-8ce9-6294e61b27c2:192.168.151.66:38385, 89b7be7e-870d-455a-8963-d7f89673f648:192.168.151.66:43298], old=null, confs=<EMPTY_MAP>
2019-10-07 13:24:52,291 [pool-383-thread-1] INFO  server.RaftServerConfigKeys (ConfUtils.java:logGet(43)) - raft.server.sleep.deviation.threshold = 300 (default)
2019-10-07 13:24:52,291 [pool-393-thread-1] INFO  server.RaftServerConfigKeys (ConfUtils.java:logGet(43)) - raft.server.storage.dir = [/workdir/hadoop-ozone/integration-test/target/test-dir/MiniOzoneClusterImpl-01368c1a-6328-4066-8a93-de455066d669/datanode-1/data/ratis] (custom)
2019-10-07 13:24:52,291 [pool-383-thread-1] INFO  server.RaftServerConfigKeys (ConfUtils.java:logGet(43)) - raft.server.log.appender.install.snapshot.enabled = false (custom)
2019-10-07 13:24:52,292 [pool-393-thread-1] INFO  server.RaftServerConfigKeys (ConfUtils.java:logGet(43)) - raft.server.log.corruption.policy = EXCEPTION (default)
2019-10-07 13:24:52,292 [pool-383-thread-1] INFO  impl.RaftServerImpl (ServerState.java:<init>(103)) - 89b7be7e-870d-455a-8963-d7f89673f648@group-DA502D367CC2: ConfigurationManager, init=-1: [64f73d85-b137-48a7-ba3e-12b9387c5b9d:192.168.151.66:43959, e3e1c38d-3439-42c6-8ce9-6294e61b27c2:192.168.151.66:38385, 89b7be7e-870d-455a-8963-d7f89673f648:192.168.151.66:43298], old=null, confs=<EMPTY_MAP>
2019-10-07 13:24:52,292 [pool-393-thread-1] INFO  storage.RaftStorageDirectory (RaftStorageDirectory.java:analyzeStorage(246)) - The storage directory /workdir/hadoop-ozone/integration-test/target/test-dir/MiniOzoneClusterImpl-01368c1a-6328-4066-8a93-de455066d669/datanode-1/data/ratis/163de34f-b7d7-4321-992d-da502d367cc2 does not exist. Creating ...
2019-10-07 13:24:52,292 [IPC Server handler 5 on 44611] INFO  net.NetworkTopology (NetworkTopologyImpl.java:add(111)) - Added a new node: /default-rack/09175588-d69d-48be-8014-77a75b7bda54
2019-10-07 13:24:52,292 [pool-383-thread-1] INFO  server.RaftServerConfigKeys (ConfUtils.java:logGet(43)) - raft.server.storage.dir = [/workdir/hadoop-ozone/integration-test/target/test-dir/MiniOzoneClusterImpl-01368c1a-6328-4066-8a93-de455066d669/datanode-0/data/ratis] (custom)
2019-10-07 13:24:52,292 [IPC Server handler 5 on 44611] INFO  node.SCMNodeManager (SCMNodeManager.java:register(268)) - Registered Data node : 09175588-d69d-48be-8014-77a75b7bda54{ip: 192.168.151.66, host: pr-hdds-2265-m6x5s-933689915, networkLocation: /default-rack, certSerialId: null}
2019-10-07 13:24:52,292 [pool-383-thread-1] INFO  server.RaftServerConfigKeys (ConfUtils.java:logGet(43)) - raft.server.log.corruption.policy = EXCEPTION (default)
2019-10-07 13:24:52,293 [pool-383-thread-1] INFO  storage.RaftStorageDirectory (RaftStorageDirectory.java:analyzeStorage(246)) - The storage directory /workdir/hadoop-ozone/integration-test/target/test-dir/MiniOzoneClusterImpl-01368c1a-6328-4066-8a93-de455066d669/datanode-0/data/ratis/163de34f-b7d7-4321-992d-da502d367cc2 does not exist. Creating ...
2019-10-07 13:24:52,315 [pool-403-thread-1] INFO  storage.RaftStorageDirectory (RaftStorageDirectory.java:tryLock(328)) - Lock on /workdir/hadoop-ozone/integration-test/target/test-dir/MiniOzoneClusterImpl-01368c1a-6328-4066-8a93-de455066d669/datanode-2/data/ratis/163de34f-b7d7-4321-992d-da502d367cc2/in_use.lock acquired by nodename 23083@pr-hdds-2265-m6x5s-933689915
2019-10-07 13:24:52,315 [pool-393-thread-1] INFO  storage.RaftStorageDirectory (RaftStorageDirectory.java:tryLock(328)) - Lock on /workdir/hadoop-ozone/integration-test/target/test-dir/MiniOzoneClusterImpl-01368c1a-6328-4066-8a93-de455066d669/datanode-1/data/ratis/163de34f-b7d7-4321-992d-da502d367cc2/in_use.lock acquired by nodename 23083@pr-hdds-2265-m6x5s-933689915
2019-10-07 13:24:52,315 [pool-383-thread-1] INFO  storage.RaftStorageDirectory (RaftStorageDirectory.java:tryLock(328)) - Lock on /workdir/hadoop-ozone/integration-test/target/test-dir/MiniOzoneClusterImpl-01368c1a-6328-4066-8a93-de455066d669/datanode-0/data/ratis/163de34f-b7d7-4321-992d-da502d367cc2/in_use.lock acquired by nodename 23083@pr-hdds-2265-m6x5s-933689915
2019-10-07 13:24:52,341 [pool-403-thread-1] INFO  storage.RaftStorage (RaftStorage.java:format(84)) - Storage directory /workdir/hadoop-ozone/integration-test/target/test-dir/MiniOzoneClusterImpl-01368c1a-6328-4066-8a93-de455066d669/datanode-2/data/ratis/163de34f-b7d7-4321-992d-da502d367cc2 has been successfully formatted.
2019-10-07 13:24:52,341 [pool-383-thread-1] INFO  storage.RaftStorage (RaftStorage.java:format(84)) - Storage directory /workdir/hadoop-ozone/integration-test/target/test-dir/MiniOzoneClusterImpl-01368c1a-6328-4066-8a93-de455066d669/datanode-0/data/ratis/163de34f-b7d7-4321-992d-da502d367cc2 has been successfully formatted.
2019-10-07 13:24:52,341 [pool-393-thread-1] INFO  storage.RaftStorage (RaftStorage.java:format(84)) - Storage directory /workdir/hadoop-ozone/integration-test/target/test-dir/MiniOzoneClusterImpl-01368c1a-6328-4066-8a93-de455066d669/datanode-1/data/ratis/163de34f-b7d7-4321-992d-da502d367cc2 has been successfully formatted.
2019-10-07 13:24:52,341 [pool-403-thread-1] INFO  ratis.ContainerStateMachine (ContainerStateMachine.java:loadSnapshot(231)) - group-DA502D367CC2: The snapshot info is null. Setting the last applied indexto:(t:0, i:~)
2019-10-07 13:24:52,341 [pool-393-thread-1] INFO  ratis.ContainerStateMachine (ContainerStateMachine.java:loadSnapshot(231)) - group-DA502D367CC2: The snapshot info is null. Setting the last applied indexto:(t:0, i:~)
2019-10-07 13:24:52,341 [pool-383-thread-1] INFO  ratis.ContainerStateMachine (ContainerStateMachine.java:loadSnapshot(231)) - group-DA502D367CC2: The snapshot info is null. Setting the last applied indexto:(t:0, i:~)
2019-10-07 13:24:52,341 [pool-393-thread-1] INFO  server.RaftServerConfigKeys (ConfUtils.java:logGet(43)) - raft.server.notification.no-leader.timeout = 120s (custom)
2019-10-07 13:24:52,341 [pool-403-thread-1] INFO  server.RaftServerConfigKeys (ConfUtils.java:logGet(43)) - raft.server.notification.no-leader.timeout = 120s (custom)
2019-10-07 13:24:52,342 [pool-393-thread-1] INFO  server.RaftServerConfigKeys (ConfUtils.java:logGet(43)) - raft.server.log.use.memory = false (default)
2019-10-07 13:24:52,341 [pool-383-thread-1] INFO  server.RaftServerConfigKeys (ConfUtils.java:logGet(43)) - raft.server.notification.no-leader.timeout = 120s (custom)
2019-10-07 13:24:52,342 [pool-393-thread-1] INFO  server.RaftServerConfigKeys (ConfUtils.java:logGet(43)) - raft.server.log.purge.gap = 1000000 (custom)
2019-10-07 13:24:52,342 [pool-403-thread-1] INFO  server.RaftServerConfigKeys (ConfUtils.java:logGet(43)) - raft.server.log.use.memory = false (default)
2019-10-07 13:24:52,342 [pool-393-thread-1] INFO  server.RaftServerConfigKeys (ConfUtils.java:logGet(43)) - raft.server.log.appender.buffer.byte-limit = 33554432 (custom)
2019-10-07 13:24:52,342 [pool-383-thread-1] INFO  server.RaftServerConfigKeys (ConfUtils.java:logGet(43)) - raft.server.log.use.memory = false (default)
2019-10-07 13:24:52,342 [pool-393-thread-1] INFO  server.RaftServerConfigKeys (ConfUtils.java:logGet(43)) - raft.server.log.segment.size.max = 1048576 (custom)
2019-10-07 13:24:52,342 [pool-403-thread-1] INFO  server.RaftServerConfigKeys (ConfUtils.java:logGet(43)) - raft.server.log.purge.gap = 1000000 (custom)
2019-10-07 13:24:52,342 [pool-393-thread-1] INFO  server.RaftServerConfigKeys (ConfUtils.java:logGet(43)) - raft.server.log.segment.cache.num.max = 2 (custom)
2019-10-07 13:24:52,342 [pool-383-thread-1] INFO  server.RaftServerConfigKeys (ConfUtils.java:logGet(43)) - raft.server.log.purge.gap = 1000000 (custom)
2019-10-07 13:24:52,343 [pool-393-thread-1] INFO  segmented.SegmentedRaftLogWorker (SegmentedRaftLogWorker.java:<init>(173)) - new e3e1c38d-3439-42c6-8ce9-6294e61b27c2@group-DA502D367CC2-SegmentedRaftLogWorker for RaftStorage:Storage Directory /workdir/hadoop-ozone/integration-test/target/test-dir/MiniOzoneClusterImpl-01368c1a-6328-4066-8a93-de455066d669/datanode-1/data/ratis/163de34f-b7d7-4321-992d-da502d367cc2
2019-10-07 13:24:52,343 [pool-403-thread-1] INFO  server.RaftServerConfigKeys (ConfUtils.java:logGet(43)) - raft.server.log.appender.buffer.byte-limit = 33554432 (custom)
2019-10-07 13:24:52,343 [pool-393-thread-1] INFO  server.RaftServerConfigKeys (ConfUtils.java:logGet(43)) - raft.server.log.queue.byte-limit = 2147483647 (custom)
2019-10-07 13:24:52,343 [pool-383-thread-1] INFO  server.RaftServerConfigKeys (ConfUtils.java:logGet(43)) - raft.server.log.appender.buffer.byte-limit = 33554432 (custom)
2019-10-07 13:24:52,343 [pool-393-thread-1] INFO  server.RaftServerConfigKeys (ConfUtils.java:logGet(43)) - raft.server.log.queue.element-limit = 1024 (custom)
2019-10-07 13:24:52,343 [pool-403-thread-1] INFO  server.RaftServerConfigKeys (ConfUtils.java:logGet(43)) - raft.server.log.segment.size.max = 1048576 (custom)
2019-10-07 13:24:52,343 [pool-393-thread-1] INFO  server.RaftServerConfigKeys (ConfUtils.java:logGet(43)) - raft.server.log.segment.size.max = 1048576 (custom)
2019-10-07 13:24:52,343 [pool-383-thread-1] INFO  server.RaftServerConfigKeys (ConfUtils.java:logGet(43)) - raft.server.log.segment.size.max = 1048576 (custom)
2019-10-07 13:24:52,344 [pool-393-thread-1] INFO  server.RaftServerConfigKeys (ConfUtils.java:logGet(43)) - raft.server.log.preallocated.size = 16384 (custom)
2019-10-07 13:24:52,344 [pool-403-thread-1] INFO  server.RaftServerConfigKeys (ConfUtils.java:logGet(43)) - raft.server.log.segment.cache.num.max = 2 (custom)
2019-10-07 13:24:52,344 [pool-393-thread-1] INFO  server.RaftServerConfigKeys (ConfUtils.java:logGet(43)) - raft.server.log.write.buffer.size = 33554432 (custom)
2019-10-07 13:24:52,344 [pool-383-thread-1] INFO  server.RaftServerConfigKeys (ConfUtils.java:logGet(43)) - raft.server.log.segment.cache.num.max = 2 (custom)
2019-10-07 13:24:52,344 [pool-393-thread-1] INFO  server.RaftServerConfigKeys (ConfUtils.java:logGet(43)) - raft.server.log.force.sync.num = 128 (default)
2019-10-07 13:24:52,344 [pool-403-thread-1] INFO  segmented.SegmentedRaftLogWorker (SegmentedRaftLogWorker.java:<init>(173)) - new 64f73d85-b137-48a7-ba3e-12b9387c5b9d@group-DA502D367CC2-SegmentedRaftLogWorker for RaftStorage:Storage Directory /workdir/hadoop-ozone/integration-test/target/test-dir/MiniOzoneClusterImpl-01368c1a-6328-4066-8a93-de455066d669/datanode-2/data/ratis/163de34f-b7d7-4321-992d-da502d367cc2
2019-10-07 13:24:52,344 [pool-393-thread-1] INFO  server.RaftServerConfigKeys (ConfUtils.java:logGet(43)) - raft.server.log.statemachine.data.sync = true (default)
2019-10-07 13:24:52,344 [pool-383-thread-1] INFO  segmented.SegmentedRaftLogWorker (SegmentedRaftLogWorker.java:<init>(173)) - new 89b7be7e-870d-455a-8963-d7f89673f648@group-DA502D367CC2-SegmentedRaftLogWorker for RaftStorage:Storage Directory /workdir/hadoop-ozone/integration-test/target/test-dir/MiniOzoneClusterImpl-01368c1a-6328-4066-8a93-de455066d669/datanode-0/data/ratis/163de34f-b7d7-4321-992d-da502d367cc2
2019-10-07 13:24:52,344 [pool-393-thread-1] INFO  server.RaftServerConfigKeys (ConfUtils.java:logGet(43)) - raft.server.log.statemachine.data.sync.timeout = 10s (default)
2019-10-07 13:24:52,344 [pool-403-thread-1] INFO  server.RaftServerConfigKeys (ConfUtils.java:logGet(43)) - raft.server.log.queue.byte-limit = 2147483647 (custom)
2019-10-07 13:24:52,345 [pool-393-thread-1] INFO  server.RaftServerConfigKeys (ConfUtils.java:logGet(43)) - raft.server.log.statemachine.data.sync.timeout.retry = -1 (default)
2019-10-07 13:24:52,345 [pool-383-thread-1] INFO  server.RaftServerConfigKeys (ConfUtils.java:logGet(43)) - raft.server.log.queue.byte-limit = 2147483647 (custom)
2019-10-07 13:24:52,345 [pool-393-thread-1] INFO  server.RaftServerConfigKeys (ConfUtils.java:logGet(43)) - raft.server.log.statemachine.data.caching.enabled = true (custom)
2019-10-07 13:24:52,345 [pool-403-thread-1] INFO  server.RaftServerConfigKeys (ConfUtils.java:logGet(43)) - raft.server.log.queue.element-limit = 1024 (custom)
2019-10-07 13:24:52,345 [pool-383-thread-1] INFO  server.RaftServerConfigKeys (ConfUtils.java:logGet(43)) - raft.server.log.queue.element-limit = 1024 (custom)
2019-10-07 13:24:52,345 [pool-393-thread-1] INFO  segmented.SegmentedRaftLogWorker (SegmentedRaftLogWorker.java:lambda$new$0(128)) - e3e1c38d-3439-42c6-8ce9-6294e61b27c2@group-DA502D367CC2-SegmentedRaftLogWorker: flushIndex: setUnconditionally 0 -> -1
2019-10-07 13:24:52,345 [pool-403-thread-1] INFO  server.RaftServerConfigKeys (ConfUtils.java:logGet(43)) - raft.server.log.segment.size.max = 1048576 (custom)
2019-10-07 13:24:52,345 [pool-383-thread-1] INFO  server.RaftServerConfigKeys (ConfUtils.java:logGet(43)) - raft.server.log.segment.size.max = 1048576 (custom)
2019-10-07 13:24:52,346 [pool-393-thread-1] INFO  server.RaftServerConfigKeys (ConfUtils.java:logGet(43)) - raft.server.snapshot.auto.trigger.enabled = true (custom)
2019-10-07 13:24:52,346 [pool-403-thread-1] INFO  server.RaftServerConfigKeys (ConfUtils.java:logGet(43)) - raft.server.log.preallocated.size = 16384 (custom)
2019-10-07 13:24:52,346 [pool-393-thread-1] INFO  server.RaftServerConfigKeys (ConfUtils.java:logGet(43)) - raft.server.snapshot.auto.trigger.threshold = 10000 (custom)
2019-10-07 13:24:52,346 [pool-383-thread-1] INFO  server.RaftServerConfigKeys (ConfUtils.java:logGet(43)) - raft.server.log.preallocated.size = 16384 (custom)
2019-10-07 13:24:52,346 [pool-393-thread-1] INFO  server.RaftServerConfigKeys (ConfUtils.java:logGet(43)) - raft.server.snapshot.retention.file.num = 5 (custom)
2019-10-07 13:24:52,346 [pool-403-thread-1] INFO  server.RaftServerConfigKeys (ConfUtils.java:logGet(43)) - raft.server.log.write.buffer.size = 33554432 (custom)
2019-10-07 13:24:52,347 [pool-393-thread-1] INFO  server.RaftServerConfigKeys (ConfUtils.java:logGet(43)) - raft.server.retrycache.expirytime = 600000ms (custom)
2019-10-07 13:24:52,346 [pool-383-thread-1] INFO  server.RaftServerConfigKeys (ConfUtils.java:logGet(43)) - raft.server.log.write.buffer.size = 33554432 (custom)
2019-10-07 13:24:52,347 [pool-403-thread-1] INFO  server.RaftServerConfigKeys (ConfUtils.java:logGet(43)) - raft.server.log.force.sync.num = 128 (default)
2019-10-07 13:24:52,347 [pool-383-thread-1] INFO  server.RaftServerConfigKeys (ConfUtils.java:logGet(43)) - raft.server.log.force.sync.num = 128 (default)
2019-10-07 13:24:52,347 [pool-403-thread-1] INFO  server.RaftServerConfigKeys (ConfUtils.java:logGet(43)) - raft.server.log.statemachine.data.sync = true (default)
2019-10-07 13:24:52,347 [pool-383-thread-1] INFO  server.RaftServerConfigKeys (ConfUtils.java:logGet(43)) - raft.server.log.statemachine.data.sync = true (default)
2019-10-07 13:24:52,347 [pool-403-thread-1] INFO  server.RaftServerConfigKeys (ConfUtils.java:logGet(43)) - raft.server.log.statemachine.data.sync.timeout = 10s (default)
2019-10-07 13:24:52,348 [pool-383-thread-1] INFO  server.RaftServerConfigKeys (ConfUtils.java:logGet(43)) - raft.server.log.statemachine.data.sync.timeout = 10s (default)
2019-10-07 13:24:52,348 [pool-403-thread-1] INFO  server.RaftServerConfigKeys (ConfUtils.java:logGet(43)) - raft.server.log.statemachine.data.sync.timeout.retry = -1 (default)
2019-10-07 13:24:52,348 [pool-383-thread-1] INFO  server.RaftServerConfigKeys (ConfUtils.java:logGet(43)) - raft.server.log.statemachine.data.sync.timeout.retry = -1 (default)
2019-10-07 13:24:52,348 [pool-403-thread-1] INFO  server.RaftServerConfigKeys (ConfUtils.java:logGet(43)) - raft.server.log.statemachine.data.caching.enabled = true (custom)
2019-10-07 13:24:52,348 [pool-383-thread-1] INFO  server.RaftServerConfigKeys (ConfUtils.java:logGet(43)) - raft.server.log.statemachine.data.caching.enabled = true (custom)
2019-10-07 13:24:52,348 [pool-403-thread-1] INFO  segmented.SegmentedRaftLogWorker (SegmentedRaftLogWorker.java:lambda$new$0(128)) - 64f73d85-b137-48a7-ba3e-12b9387c5b9d@group-DA502D367CC2-SegmentedRaftLogWorker: flushIndex: setUnconditionally 0 -> -1
2019-10-07 13:24:52,349 [pool-383-thread-1] INFO  segmented.SegmentedRaftLogWorker (SegmentedRaftLogWorker.java:lambda$new$0(128)) - 89b7be7e-870d-455a-8963-d7f89673f648@group-DA502D367CC2-SegmentedRaftLogWorker: flushIndex: setUnconditionally 0 -> -1
2019-10-07 13:24:52,349 [pool-403-thread-1] INFO  server.RaftServerConfigKeys (ConfUtils.java:logGet(43)) - raft.server.snapshot.auto.trigger.enabled = true (custom)
2019-10-07 13:24:52,349 [pool-403-thread-1] INFO  server.RaftServerConfigKeys (ConfUtils.java:logGet(43)) - raft.server.snapshot.auto.trigger.threshold = 10000 (custom)
2019-10-07 13:24:52,349 [pool-383-thread-1] INFO  server.RaftServerConfigKeys (ConfUtils.java:logGet(43)) - raft.server.snapshot.auto.trigger.enabled = true (custom)
2019-10-07 13:24:52,349 [pool-393-thread-1] INFO  impl.RaftServerImpl (RaftServerImpl.java:start(181)) - e3e1c38d-3439-42c6-8ce9-6294e61b27c2@group-DA502D367CC2: start as a follower, conf=-1: [64f73d85-b137-48a7-ba3e-12b9387c5b9d:192.168.151.66:43959, e3e1c38d-3439-42c6-8ce9-6294e61b27c2:192.168.151.66:38385, 89b7be7e-870d-455a-8963-d7f89673f648:192.168.151.66:43298], old=null
2019-10-07 13:24:52,349 [pool-403-thread-1] INFO  server.RaftServerConfigKeys (ConfUtils.java:logGet(43)) - raft.server.snapshot.retention.file.num = 5 (custom)
2019-10-07 13:24:52,350 [pool-393-thread-1] INFO  impl.RaftServerImpl (RaftServerImpl.java:setRole(170)) - e3e1c38d-3439-42c6-8ce9-6294e61b27c2@group-DA502D367CC2: changes role from      null to FOLLOWER at term 0 for startAsFollower
2019-10-07 13:24:52,349 [pool-383-thread-1] INFO  server.RaftServerConfigKeys (ConfUtils.java:logGet(43)) - raft.server.snapshot.auto.trigger.threshold = 10000 (custom)
2019-10-07 13:24:52,350 [pool-393-thread-1] INFO  impl.RoleInfo (RoleInfo.java:updateAndGet(143)) - e3e1c38d-3439-42c6-8ce9-6294e61b27c2: start FollowerState
2019-10-07 13:24:52,350 [pool-403-thread-1] INFO  server.RaftServerConfigKeys (ConfUtils.java:logGet(43)) - raft.server.retrycache.expirytime = 600000ms (custom)
2019-10-07 13:24:52,350 [pool-383-thread-1] INFO  server.RaftServerConfigKeys (ConfUtils.java:logGet(43)) - raft.server.snapshot.retention.file.num = 5 (custom)
2019-10-07 13:24:52,350 [pool-393-thread-1] INFO  util.JmxRegister (JmxRegister.java:tryRegister(44)) - Successfully registered JMX Bean with object name Ratis:service=RaftServer,group=group-DA502D367CC2,id=e3e1c38d-3439-42c6-8ce9-6294e61b27c2
2019-10-07 13:24:52,350 [pool-383-thread-1] INFO  server.RaftServerConfigKeys (ConfUtils.java:logGet(43)) - raft.server.retrycache.expirytime = 600000ms (custom)
2019-10-07 13:24:52,353 [pool-403-thread-1] INFO  impl.RaftServerImpl (RaftServerImpl.java:start(181)) - 64f73d85-b137-48a7-ba3e-12b9387c5b9d@group-DA502D367CC2: start as a follower, conf=-1: [64f73d85-b137-48a7-ba3e-12b9387c5b9d:192.168.151.66:43959, e3e1c38d-3439-42c6-8ce9-6294e61b27c2:192.168.151.66:38385, 89b7be7e-870d-455a-8963-d7f89673f648:192.168.151.66:43298], old=null
2019-10-07 13:24:52,353 [pool-403-thread-1] INFO  impl.RaftServerImpl (RaftServerImpl.java:setRole(170)) - 64f73d85-b137-48a7-ba3e-12b9387c5b9d@group-DA502D367CC2: changes role from      null to FOLLOWER at term 0 for startAsFollower
2019-10-07 13:24:52,353 [pool-403-thread-1] INFO  impl.RoleInfo (RoleInfo.java:updateAndGet(143)) - 64f73d85-b137-48a7-ba3e-12b9387c5b9d: start FollowerState
2019-10-07 13:24:52,353 [pool-403-thread-1] INFO  util.JmxRegister (JmxRegister.java:tryRegister(44)) - Successfully registered JMX Bean with object name Ratis:service=RaftServer,group=group-DA502D367CC2,id=64f73d85-b137-48a7-ba3e-12b9387c5b9d
2019-10-07 13:24:52,355 [pool-383-thread-1] INFO  impl.RaftServerImpl (RaftServerImpl.java:start(181)) - 89b7be7e-870d-455a-8963-d7f89673f648@group-DA502D367CC2: start as a follower, conf=-1: [64f73d85-b137-48a7-ba3e-12b9387c5b9d:192.168.151.66:43959, e3e1c38d-3439-42c6-8ce9-6294e61b27c2:192.168.151.66:38385, 89b7be7e-870d-455a-8963-d7f89673f648:192.168.151.66:43298], old=null
2019-10-07 13:24:52,355 [pool-383-thread-1] INFO  impl.RaftServerImpl (RaftServerImpl.java:setRole(170)) - 89b7be7e-870d-455a-8963-d7f89673f648@group-DA502D367CC2: changes role from      null to FOLLOWER at term 0 for startAsFollower
2019-10-07 13:24:52,355 [pool-383-thread-1] INFO  impl.RoleInfo (RoleInfo.java:updateAndGet(143)) - 89b7be7e-870d-455a-8963-d7f89673f648: start FollowerState
2019-10-07 13:24:52,358 [pool-383-thread-1] INFO  util.JmxRegister (JmxRegister.java:tryRegister(44)) - Successfully registered JMX Bean with object name Ratis:service=RaftServer,group=group-DA502D367CC2,id=89b7be7e-870d-455a-8963-d7f89673f648
2019-10-07 13:24:52,359 [IPC Server handler 0 on 44611] INFO  net.NetworkTopology (NetworkTopologyImpl.java:add(111)) - Added a new node: /default-rack/596bfca2-47ac-4dbb-837e-99dbb35929e1
2019-10-07 13:24:52,359 [IPC Server handler 0 on 44611] INFO  node.SCMNodeManager (SCMNodeManager.java:register(268)) - Registered Data node : 596bfca2-47ac-4dbb-837e-99dbb35929e1{ip: 192.168.151.66, host: pr-hdds-2265-m6x5s-933689915, networkLocation: /default-rack, certSerialId: null}
2019-10-07 13:24:52,377 [RatisPipelineUtilsThread] INFO  pipeline.PipelineStateManager (PipelineStateManager.java:addPipeline(56)) - Created pipeline Pipeline[ Id: 163de34f-b7d7-4321-992d-da502d367cc2, Nodes: 64f73d85-b137-48a7-ba3e-12b9387c5b9d{ip: 192.168.151.66, host: pr-hdds-2265-m6x5s-933689915, networkLocation: /default-rack, certSerialId: null}e3e1c38d-3439-42c6-8ce9-6294e61b27c2{ip: 192.168.151.66, host: pr-hdds-2265-m6x5s-933689915, networkLocation: /default-rack, certSerialId: null}89b7be7e-870d-455a-8963-d7f89673f648{ip: 192.168.151.66, host: pr-hdds-2265-m6x5s-933689915, networkLocation: /default-rack, certSerialId: null}, Type:RATIS, Factor:THREE, State:OPEN]
2019-10-07 13:24:52,419 [IPC Server handler 1 on 44611] INFO  net.NetworkTopology (NetworkTopologyImpl.java:add(111)) - Added a new node: /default-rack/ac49e126-8da2-479a-9665-0aa5e05c814e
2019-10-07 13:24:52,419 [IPC Server handler 1 on 44611] INFO  node.SCMNodeManager (SCMNodeManager.java:register(268)) - Registered Data node : ac49e126-8da2-479a-9665-0aa5e05c814e{ip: 192.168.151.66, host: pr-hdds-2265-m6x5s-933689915, networkLocation: /default-rack, certSerialId: null}
2019-10-07 13:24:52,426 [grpc-default-executor-3] INFO  impl.RaftServerProxy (RaftServerProxy.java:addNew(89)) - 09175588-d69d-48be-8014-77a75b7bda54: addNew group-FB435516CA8D:[09175588-d69d-48be-8014-77a75b7bda54:192.168.151.66:39948] returns group-FB435516CA8D:java.util.concurrent.CompletableFuture@2a24a45d[Not completed]
2019-10-07 13:24:52,427 [pool-413-thread-1] INFO  impl.RaftServerImpl (RaftServerImpl.java:<init>(95)) - 09175588-d69d-48be-8014-77a75b7bda54: new RaftServerImpl for group-FB435516CA8D:[09175588-d69d-48be-8014-77a75b7bda54:192.168.151.66:39948] with ContainerStateMachine:uninitialized
2019-10-07 13:24:52,428 [pool-413-thread-1] INFO  server.RaftServerConfigKeys (ConfUtils.java:logGet(43)) - raft.server.rpc.timeout.min = 5s (custom)
2019-10-07 13:24:52,428 [pool-413-thread-1] INFO  server.RaftServerConfigKeys (ConfUtils.java:logGet(43)) - raft.server.rpc.timeout.max = 5200ms (custom)
2019-10-07 13:24:52,428 [pool-413-thread-1] INFO  server.RaftServerConfigKeys (ConfUtils.java:logGet(43)) - raft.server.rpcslowness.timeout = 120s (custom)
2019-10-07 13:24:52,428 [pool-413-thread-1] INFO  server.RaftServerConfigKeys (ConfUtils.java:logGet(43)) - raft.server.sleep.deviation.threshold = 300 (default)
2019-10-07 13:24:52,428 [pool-413-thread-1] INFO  server.RaftServerConfigKeys (ConfUtils.java:logGet(43)) - raft.server.log.appender.install.snapshot.enabled = false (custom)
2019-10-07 13:24:52,428 [pool-413-thread-1] INFO  impl.RaftServerImpl (ServerState.java:<init>(103)) - 09175588-d69d-48be-8014-77a75b7bda54@group-FB435516CA8D: ConfigurationManager, init=-1: [09175588-d69d-48be-8014-77a75b7bda54:192.168.151.66:39948], old=null, confs=<EMPTY_MAP>
2019-10-07 13:24:52,429 [pool-413-thread-1] INFO  server.RaftServerConfigKeys (ConfUtils.java:logGet(43)) - raft.server.storage.dir = [/workdir/hadoop-ozone/integration-test/target/test-dir/MiniOzoneClusterImpl-01368c1a-6328-4066-8a93-de455066d669/datanode-3/data/ratis] (custom)
2019-10-07 13:24:52,429 [pool-413-thread-1] INFO  server.RaftServerConfigKeys (ConfUtils.java:logGet(43)) - raft.server.log.corruption.policy = EXCEPTION (default)
2019-10-07 13:24:52,429 [pool-413-thread-1] INFO  storage.RaftStorageDirectory (RaftStorageDirectory.java:analyzeStorage(246)) - The storage directory /workdir/hadoop-ozone/integration-test/target/test-dir/MiniOzoneClusterImpl-01368c1a-6328-4066-8a93-de455066d669/datanode-3/data/ratis/ba3eca06-058e-49c0-ba73-fb435516ca8d does not exist. Creating ...
2019-10-07 13:24:52,462 [pool-413-thread-1] INFO  storage.RaftStorageDirectory (RaftStorageDirectory.java:tryLock(328)) - Lock on /workdir/hadoop-ozone/integration-test/target/test-dir/MiniOzoneClusterImpl-01368c1a-6328-4066-8a93-de455066d669/datanode-3/data/ratis/ba3eca06-058e-49c0-ba73-fb435516ca8d/in_use.lock acquired by nodename 23083@pr-hdds-2265-m6x5s-933689915
2019-10-07 13:24:52,475 [pool-413-thread-1] INFO  storage.RaftStorage (RaftStorage.java:format(84)) - Storage directory /workdir/hadoop-ozone/integration-test/target/test-dir/MiniOzoneClusterImpl-01368c1a-6328-4066-8a93-de455066d669/datanode-3/data/ratis/ba3eca06-058e-49c0-ba73-fb435516ca8d has been successfully formatted.
2019-10-07 13:24:52,475 [pool-413-thread-1] INFO  ratis.ContainerStateMachine (ContainerStateMachine.java:loadSnapshot(231)) - group-FB435516CA8D: The snapshot info is null. Setting the last applied indexto:(t:0, i:~)
2019-10-07 13:24:52,476 [pool-413-thread-1] INFO  server.RaftServerConfigKeys (ConfUtils.java:logGet(43)) - raft.server.notification.no-leader.timeout = 120s (custom)
2019-10-07 13:24:52,476 [pool-413-thread-1] INFO  server.RaftServerConfigKeys (ConfUtils.java:logGet(43)) - raft.server.log.use.memory = false (default)
2019-10-07 13:24:52,476 [pool-413-thread-1] INFO  server.RaftServerConfigKeys (ConfUtils.java:logGet(43)) - raft.server.log.purge.gap = 1000000 (custom)
2019-10-07 13:24:52,476 [pool-413-thread-1] INFO  server.RaftServerConfigKeys (ConfUtils.java:logGet(43)) - raft.server.log.appender.buffer.byte-limit = 33554432 (custom)
2019-10-07 13:24:52,476 [pool-413-thread-1] INFO  server.RaftServerConfigKeys (ConfUtils.java:logGet(43)) - raft.server.log.segment.size.max = 1048576 (custom)
2019-10-07 13:24:52,478 [pool-413-thread-1] INFO  server.RaftServerConfigKeys (ConfUtils.java:logGet(43)) - raft.server.log.segment.cache.num.max = 2 (custom)
2019-10-07 13:24:52,478 [pool-413-thread-1] INFO  segmented.SegmentedRaftLogWorker (SegmentedRaftLogWorker.java:<init>(173)) - new 09175588-d69d-48be-8014-77a75b7bda54@group-FB435516CA8D-SegmentedRaftLogWorker for RaftStorage:Storage Directory /workdir/hadoop-ozone/integration-test/target/test-dir/MiniOzoneClusterImpl-01368c1a-6328-4066-8a93-de455066d669/datanode-3/data/ratis/ba3eca06-058e-49c0-ba73-fb435516ca8d
2019-10-07 13:24:52,478 [pool-413-thread-1] INFO  server.RaftServerConfigKeys (ConfUtils.java:logGet(43)) - raft.server.log.queue.byte-limit = 2147483647 (custom)
2019-10-07 13:24:52,478 [pool-413-thread-1] INFO  server.RaftServerConfigKeys (ConfUtils.java:logGet(43)) - raft.server.log.queue.element-limit = 1024 (custom)
2019-10-07 13:24:52,478 [pool-413-thread-1] INFO  server.RaftServerConfigKeys (ConfUtils.java:logGet(43)) - raft.server.log.segment.size.max = 1048576 (custom)
2019-10-07 13:24:52,478 [pool-413-thread-1] INFO  server.RaftServerConfigKeys (ConfUtils.java:logGet(43)) - raft.server.log.preallocated.size = 16384 (custom)
2019-10-07 13:24:52,478 [pool-413-thread-1] INFO  server.RaftServerConfigKeys (ConfUtils.java:logGet(43)) - raft.server.log.write.buffer.size = 33554432 (custom)
2019-10-07 13:24:52,479 [pool-413-thread-1] INFO  server.RaftServerConfigKeys (ConfUtils.java:logGet(43)) - raft.server.log.force.sync.num = 128 (default)
2019-10-07 13:24:52,479 [pool-413-thread-1] INFO  server.RaftServerConfigKeys (ConfUtils.java:logGet(43)) - raft.server.log.statemachine.data.sync = true (default)
2019-10-07 13:24:52,479 [pool-413-thread-1] INFO  server.RaftServerConfigKeys (ConfUtils.java:logGet(43)) - raft.server.log.statemachine.data.sync.timeout = 10s (default)
2019-10-07 13:24:52,479 [pool-413-thread-1] INFO  server.RaftServerConfigKeys (ConfUtils.java:logGet(43)) - raft.server.log.statemachine.data.sync.timeout.retry = -1 (default)
2019-10-07 13:24:52,479 [pool-413-thread-1] INFO  server.RaftServerConfigKeys (ConfUtils.java:logGet(43)) - raft.server.log.statemachine.data.caching.enabled = true (custom)
2019-10-07 13:24:52,480 [pool-413-thread-1] INFO  segmented.SegmentedRaftLogWorker (SegmentedRaftLogWorker.java:lambda$new$0(128)) - 09175588-d69d-48be-8014-77a75b7bda54@group-FB435516CA8D-SegmentedRaftLogWorker: flushIndex: setUnconditionally 0 -> -1
2019-10-07 13:24:52,480 [pool-413-thread-1] INFO  server.RaftServerConfigKeys (ConfUtils.java:logGet(43)) - raft.server.snapshot.auto.trigger.enabled = true (custom)
2019-10-07 13:24:52,480 [pool-413-thread-1] INFO  server.RaftServerConfigKeys (ConfUtils.java:logGet(43)) - raft.server.snapshot.auto.trigger.threshold = 10000 (custom)
2019-10-07 13:24:52,480 [pool-413-thread-1] INFO  server.RaftServerConfigKeys (ConfUtils.java:logGet(43)) - raft.server.snapshot.retention.file.num = 5 (custom)
2019-10-07 13:24:52,480 [pool-413-thread-1] INFO  server.RaftServerConfigKeys (ConfUtils.java:logGet(43)) - raft.server.retrycache.expirytime = 600000ms (custom)
2019-10-07 13:24:52,482 [pool-413-thread-1] INFO  impl.RaftServerImpl (RaftServerImpl.java:start(181)) - 09175588-d69d-48be-8014-77a75b7bda54@group-FB435516CA8D: start as a follower, conf=-1: [09175588-d69d-48be-8014-77a75b7bda54:192.168.151.66:39948], old=null
2019-10-07 13:24:52,482 [pool-413-thread-1] INFO  impl.RaftServerImpl (RaftServerImpl.java:setRole(170)) - 09175588-d69d-48be-8014-77a75b7bda54@group-FB435516CA8D: changes role from      null to FOLLOWER at term 0 for startAsFollower
2019-10-07 13:24:52,482 [pool-413-thread-1] INFO  impl.RoleInfo (RoleInfo.java:updateAndGet(143)) - 09175588-d69d-48be-8014-77a75b7bda54: start FollowerState
2019-10-07 13:24:52,483 [pool-413-thread-1] INFO  util.JmxRegister (JmxRegister.java:tryRegister(44)) - Successfully registered JMX Bean with object name Ratis:service=RaftServer,group=group-FB435516CA8D,id=09175588-d69d-48be-8014-77a75b7bda54
2019-10-07 13:24:52,483 [IPC Server handler 2 on 44611] INFO  net.NetworkTopology (NetworkTopologyImpl.java:add(111)) - Added a new node: /default-rack/1b792a8d-9b33-4f09-8f6e-d028a56dfb3d
2019-10-07 13:24:52,484 [main] INFO  ozone.MiniOzoneClusterImpl (MiniOzoneClusterImpl.java:lambda$waitForClusterToBeReady$0(147)) - Cluster is ready. Got 7 of 7 DN Heartbeats.
2019-10-07 13:24:52,484 [IPC Server handler 2 on 44611] INFO  node.SCMNodeManager (SCMNodeManager.java:register(268)) - Registered Data node : 1b792a8d-9b33-4f09-8f6e-d028a56dfb3d{ip: 192.168.151.66, host: pr-hdds-2265-m6x5s-933689915, networkLocation: /default-rack, certSerialId: null}
2019-10-07 13:24:52,494 [RatisPipelineUtilsThread] INFO  pipeline.PipelineStateManager (PipelineStateManager.java:addPipeline(56)) - Created pipeline Pipeline[ Id: ba3eca06-058e-49c0-ba73-fb435516ca8d, Nodes: 09175588-d69d-48be-8014-77a75b7bda54{ip: 192.168.151.66, host: pr-hdds-2265-m6x5s-933689915, networkLocation: /default-rack, certSerialId: null}, Type:RATIS, Factor:ONE, State:OPEN]
2019-10-07 13:24:52,504 [grpc-default-executor-3] INFO  impl.RaftServerProxy (RaftServerProxy.java:addNew(89)) - 596bfca2-47ac-4dbb-837e-99dbb35929e1: addNew group-DE5116BC0CB1:[596bfca2-47ac-4dbb-837e-99dbb35929e1:192.168.151.66:45349] returns group-DE5116BC0CB1:java.util.concurrent.CompletableFuture@492a560c[Not completed]
2019-10-07 13:24:52,526 [pool-423-thread-1] INFO  impl.RaftServerImpl (RaftServerImpl.java:<init>(95)) - 596bfca2-47ac-4dbb-837e-99dbb35929e1: new RaftServerImpl for group-DE5116BC0CB1:[596bfca2-47ac-4dbb-837e-99dbb35929e1:192.168.151.66:45349] with ContainerStateMachine:uninitialized
2019-10-07 13:24:52,527 [pool-423-thread-1] INFO  server.RaftServerConfigKeys (ConfUtils.java:logGet(43)) - raft.server.rpc.timeout.min = 5s (custom)
2019-10-07 13:24:52,527 [pool-423-thread-1] INFO  server.RaftServerConfigKeys (ConfUtils.java:logGet(43)) - raft.server.rpc.timeout.max = 5200ms (custom)
2019-10-07 13:24:52,527 [pool-423-thread-1] INFO  server.RaftServerConfigKeys (ConfUtils.java:logGet(43)) - raft.server.rpcslowness.timeout = 120s (custom)
2019-10-07 13:24:52,527 [pool-423-thread-1] INFO  server.RaftServerConfigKeys (ConfUtils.java:logGet(43)) - raft.server.sleep.deviation.threshold = 300 (default)
2019-10-07 13:24:52,527 [pool-423-thread-1] INFO  server.RaftServerConfigKeys (ConfUtils.java:logGet(43)) - raft.server.log.appender.install.snapshot.enabled = false (custom)
2019-10-07 13:24:52,527 [pool-423-thread-1] INFO  impl.RaftServerImpl (ServerState.java:<init>(103)) - 596bfca2-47ac-4dbb-837e-99dbb35929e1@group-DE5116BC0CB1: ConfigurationManager, init=-1: [596bfca2-47ac-4dbb-837e-99dbb35929e1:192.168.151.66:45349], old=null, confs=<EMPTY_MAP>
2019-10-07 13:24:52,528 [pool-423-thread-1] INFO  server.RaftServerConfigKeys (ConfUtils.java:logGet(43)) - raft.server.storage.dir = [/workdir/hadoop-ozone/integration-test/target/test-dir/MiniOzoneClusterImpl-01368c1a-6328-4066-8a93-de455066d669/datanode-4/data/ratis] (custom)
2019-10-07 13:24:52,528 [pool-423-thread-1] INFO  server.RaftServerConfigKeys (ConfUtils.java:logGet(43)) - raft.server.log.corruption.policy = EXCEPTION (default)
2019-10-07 13:24:52,528 [pool-423-thread-1] INFO  storage.RaftStorageDirectory (RaftStorageDirectory.java:analyzeStorage(246)) - The storage directory /workdir/hadoop-ozone/integration-test/target/test-dir/MiniOzoneClusterImpl-01368c1a-6328-4066-8a93-de455066d669/datanode-4/data/ratis/921ce726-07d7-4559-81d4-de5116bc0cb1 does not exist. Creating ...
2019-10-07 13:24:52,533 [main] INFO  rpc.RpcClient (RpcClient.java:createVolume(277)) - Creating Volume: watchforcommithandlingtest, with jenkins1000 as owner.
2019-10-07 13:24:52,536 [IPC Server handler 1 on 35295] INFO  volume.OMVolumeCreateRequest (OMVolumeCreateRequest.java:validateAndUpdateCache(193)) - created volume:watchforcommithandlingtest for user:jenkins1000
2019-10-07 13:24:52,546 [pool-423-thread-1] INFO  storage.RaftStorageDirectory (RaftStorageDirectory.java:tryLock(328)) - Lock on /workdir/hadoop-ozone/integration-test/target/test-dir/MiniOzoneClusterImpl-01368c1a-6328-4066-8a93-de455066d669/datanode-4/data/ratis/921ce726-07d7-4559-81d4-de5116bc0cb1/in_use.lock acquired by nodename 23083@pr-hdds-2265-m6x5s-933689915
2019-10-07 13:24:52,546 [main] INFO  rpc.RpcClient (RpcClient.java:createBucket(416)) - Creating Bucket: watchforcommithandlingtest/watchforcommithandlingtest, with Versioning false and Storage Type set to DISK and Encryption set to false 
2019-10-07 13:24:52,549 [main] INFO  ozone.MiniOzoneClusterImpl (MiniOzoneClusterImpl.java:getStorageContainerLocationClient(234)) - Creating StorageContainerLocationProtocol RPC client with address /0.0.0.0:34628
2019-10-07 13:24:52,559 [pool-423-thread-1] INFO  storage.RaftStorage (RaftStorage.java:format(84)) - Storage directory /workdir/hadoop-ozone/integration-test/target/test-dir/MiniOzoneClusterImpl-01368c1a-6328-4066-8a93-de455066d669/datanode-4/data/ratis/921ce726-07d7-4559-81d4-de5116bc0cb1 has been successfully formatted.
2019-10-07 13:24:52,559 [pool-423-thread-1] INFO  ratis.ContainerStateMachine (ContainerStateMachine.java:loadSnapshot(231)) - group-DE5116BC0CB1: The snapshot info is null. Setting the last applied indexto:(t:0, i:~)
2019-10-07 13:24:52,560 [pool-423-thread-1] INFO  server.RaftServerConfigKeys (ConfUtils.java:logGet(43)) - raft.server.notification.no-leader.timeout = 120s (custom)
2019-10-07 13:24:52,560 [pool-423-thread-1] INFO  server.RaftServerConfigKeys (ConfUtils.java:logGet(43)) - raft.server.log.use.memory = false (default)
2019-10-07 13:24:52,560 [pool-423-thread-1] INFO  server.RaftServerConfigKeys (ConfUtils.java:logGet(43)) - raft.server.log.purge.gap = 1000000 (custom)
2019-10-07 13:24:52,560 [pool-423-thread-1] INFO  server.RaftServerConfigKeys (ConfUtils.java:logGet(43)) - raft.server.log.appender.buffer.byte-limit = 33554432 (custom)
2019-10-07 13:24:52,560 [pool-423-thread-1] INFO  server.RaftServerConfigKeys (ConfUtils.java:logGet(43)) - raft.server.log.segment.size.max = 1048576 (custom)
2019-10-07 13:24:52,562 [pool-423-thread-1] INFO  server.RaftServerConfigKeys (ConfUtils.java:logGet(43)) - raft.server.log.segment.cache.num.max = 2 (custom)
2019-10-07 13:24:52,562 [pool-423-thread-1] INFO  segmented.SegmentedRaftLogWorker (SegmentedRaftLogWorker.java:<init>(173)) - new 596bfca2-47ac-4dbb-837e-99dbb35929e1@group-DE5116BC0CB1-SegmentedRaftLogWorker for RaftStorage:Storage Directory /workdir/hadoop-ozone/integration-test/target/test-dir/MiniOzoneClusterImpl-01368c1a-6328-4066-8a93-de455066d669/datanode-4/data/ratis/921ce726-07d7-4559-81d4-de5116bc0cb1
2019-10-07 13:24:52,563 [pool-423-thread-1] INFO  server.RaftServerConfigKeys (ConfUtils.java:logGet(43)) - raft.server.log.queue.byte-limit = 2147483647 (custom)
2019-10-07 13:24:52,563 [pool-423-thread-1] INFO  server.RaftServerConfigKeys (ConfUtils.java:logGet(43)) - raft.server.log.queue.element-limit = 1024 (custom)
2019-10-07 13:24:52,563 [pool-423-thread-1] INFO  server.RaftServerConfigKeys (ConfUtils.java:logGet(43)) - raft.server.log.segment.size.max = 1048576 (custom)
2019-10-07 13:24:52,563 [pool-423-thread-1] INFO  server.RaftServerConfigKeys (ConfUtils.java:logGet(43)) - raft.server.log.preallocated.size = 16384 (custom)
2019-10-07 13:24:52,563 [pool-423-thread-1] INFO  server.RaftServerConfigKeys (ConfUtils.java:logGet(43)) - raft.server.log.write.buffer.size = 33554432 (custom)
2019-10-07 13:24:52,563 [pool-423-thread-1] INFO  server.RaftServerConfigKeys (ConfUtils.java:logGet(43)) - raft.server.log.force.sync.num = 128 (default)
2019-10-07 13:24:52,564 [pool-423-thread-1] INFO  server.RaftServerConfigKeys (ConfUtils.java:logGet(43)) - raft.server.log.statemachine.data.sync = true (default)
2019-10-07 13:24:52,564 [pool-423-thread-1] INFO  server.RaftServerConfigKeys (ConfUtils.java:logGet(43)) - raft.server.log.statemachine.data.sync.timeout = 10s (default)
2019-10-07 13:24:52,564 [pool-423-thread-1] INFO  server.RaftServerConfigKeys (ConfUtils.java:logGet(43)) - raft.server.log.statemachine.data.sync.timeout.retry = -1 (default)
2019-10-07 13:24:52,564 [pool-423-thread-1] INFO  server.RaftServerConfigKeys (ConfUtils.java:logGet(43)) - raft.server.log.statemachine.data.caching.enabled = true (custom)
2019-10-07 13:24:52,565 [pool-423-thread-1] INFO  segmented.SegmentedRaftLogWorker (SegmentedRaftLogWorker.java:lambda$new$0(128)) - 596bfca2-47ac-4dbb-837e-99dbb35929e1@group-DE5116BC0CB1-SegmentedRaftLogWorker: flushIndex: setUnconditionally 0 -> -1
2019-10-07 13:24:52,565 [pool-423-thread-1] INFO  server.RaftServerConfigKeys (ConfUtils.java:logGet(43)) - raft.server.snapshot.auto.trigger.enabled = true (custom)
2019-10-07 13:24:52,565 [pool-423-thread-1] INFO  server.RaftServerConfigKeys (ConfUtils.java:logGet(43)) - raft.server.snapshot.auto.trigger.threshold = 10000 (custom)
2019-10-07 13:24:52,565 [pool-423-thread-1] INFO  server.RaftServerConfigKeys (ConfUtils.java:logGet(43)) - raft.server.snapshot.retention.file.num = 5 (custom)
2019-10-07 13:24:52,565 [pool-423-thread-1] INFO  server.RaftServerConfigKeys (ConfUtils.java:logGet(43)) - raft.server.retrycache.expirytime = 600000ms (custom)
2019-10-07 13:24:52,567 [pool-423-thread-1] INFO  impl.RaftServerImpl (RaftServerImpl.java:start(181)) - 596bfca2-47ac-4dbb-837e-99dbb35929e1@group-DE5116BC0CB1: start as a follower, conf=-1: [596bfca2-47ac-4dbb-837e-99dbb35929e1:192.168.151.66:45349], old=null
2019-10-07 13:24:52,567 [pool-423-thread-1] INFO  impl.RaftServerImpl (RaftServerImpl.java:setRole(170)) - 596bfca2-47ac-4dbb-837e-99dbb35929e1@group-DE5116BC0CB1: changes role from      null to FOLLOWER at term 0 for startAsFollower
2019-10-07 13:24:52,567 [pool-423-thread-1] INFO  impl.RoleInfo (RoleInfo.java:updateAndGet(143)) - 596bfca2-47ac-4dbb-837e-99dbb35929e1: start FollowerState
2019-10-07 13:24:52,568 [pool-423-thread-1] INFO  util.JmxRegister (JmxRegister.java:tryRegister(44)) - Successfully registered JMX Bean with object name Ratis:service=RaftServer,group=group-DE5116BC0CB1,id=596bfca2-47ac-4dbb-837e-99dbb35929e1
2019-10-07 13:24:52,573 [RatisPipelineUtilsThread] INFO  pipeline.PipelineStateManager (PipelineStateManager.java:addPipeline(56)) - Created pipeline Pipeline[ Id: 921ce726-07d7-4559-81d4-de5116bc0cb1, Nodes: 596bfca2-47ac-4dbb-837e-99dbb35929e1{ip: 192.168.151.66, host: pr-hdds-2265-m6x5s-933689915, networkLocation: /default-rack, certSerialId: null}, Type:RATIS, Factor:ONE, State:OPEN]
2019-10-07 13:24:52,580 [grpc-default-executor-3] INFO  impl.RaftServerProxy (RaftServerProxy.java:addNew(89)) - ac49e126-8da2-479a-9665-0aa5e05c814e: addNew group-03ADC395D9D8:[ac49e126-8da2-479a-9665-0aa5e05c814e:192.168.151.66:41229] returns group-03ADC395D9D8:java.util.concurrent.CompletableFuture@42260685[Not completed]
2019-10-07 13:24:52,581 [pool-433-thread-1] INFO  impl.RaftServerImpl (RaftServerImpl.java:<init>(95)) - ac49e126-8da2-479a-9665-0aa5e05c814e: new RaftServerImpl for group-03ADC395D9D8:[ac49e126-8da2-479a-9665-0aa5e05c814e:192.168.151.66:41229] with ContainerStateMachine:uninitialized
2019-10-07 13:24:52,581 [pool-433-thread-1] INFO  server.RaftServerConfigKeys (ConfUtils.java:logGet(43)) - raft.server.rpc.timeout.min = 5s (custom)
2019-10-07 13:24:52,582 [pool-433-thread-1] INFO  server.RaftServerConfigKeys (ConfUtils.java:logGet(43)) - raft.server.rpc.timeout.max = 5200ms (custom)
2019-10-07 13:24:52,582 [pool-433-thread-1] INFO  server.RaftServerConfigKeys (ConfUtils.java:logGet(43)) - raft.server.rpcslowness.timeout = 120s (custom)
2019-10-07 13:24:52,582 [pool-433-thread-1] INFO  server.RaftServerConfigKeys (ConfUtils.java:logGet(43)) - raft.server.sleep.deviation.threshold = 300 (default)
2019-10-07 13:24:52,582 [pool-433-thread-1] INFO  server.RaftServerConfigKeys (ConfUtils.java:logGet(43)) - raft.server.log.appender.install.snapshot.enabled = false (custom)
2019-10-07 13:24:52,582 [pool-433-thread-1] INFO  impl.RaftServerImpl (ServerState.java:<init>(103)) - ac49e126-8da2-479a-9665-0aa5e05c814e@group-03ADC395D9D8: ConfigurationManager, init=-1: [ac49e126-8da2-479a-9665-0aa5e05c814e:192.168.151.66:41229], old=null, confs=<EMPTY_MAP>
2019-10-07 13:24:52,582 [pool-433-thread-1] INFO  server.RaftServerConfigKeys (ConfUtils.java:logGet(43)) - raft.server.storage.dir = [/workdir/hadoop-ozone/integration-test/target/test-dir/MiniOzoneClusterImpl-01368c1a-6328-4066-8a93-de455066d669/datanode-5/data/ratis] (custom)
2019-10-07 13:24:52,582 [pool-433-thread-1] INFO  server.RaftServerConfigKeys (ConfUtils.java:logGet(43)) - raft.server.log.corruption.policy = EXCEPTION (default)
2019-10-07 13:24:52,582 [pool-433-thread-1] INFO  storage.RaftStorageDirectory (RaftStorageDirectory.java:analyzeStorage(246)) - The storage directory /workdir/hadoop-ozone/integration-test/target/test-dir/MiniOzoneClusterImpl-01368c1a-6328-4066-8a93-de455066d669/datanode-5/data/ratis/ba704ff8-cd2b-4c1c-aa98-03adc395d9d8 does not exist. Creating ...
2019-10-07 13:24:52,595 [pool-433-thread-1] INFO  storage.RaftStorageDirectory (RaftStorageDirectory.java:tryLock(328)) - Lock on /workdir/hadoop-ozone/integration-test/target/test-dir/MiniOzoneClusterImpl-01368c1a-6328-4066-8a93-de455066d669/datanode-5/data/ratis/ba704ff8-cd2b-4c1c-aa98-03adc395d9d8/in_use.lock acquired by nodename 23083@pr-hdds-2265-m6x5s-933689915
2019-10-07 13:24:52,607 [pool-433-thread-1] INFO  storage.RaftStorage (RaftStorage.java:format(84)) - Storage directory /workdir/hadoop-ozone/integration-test/target/test-dir/MiniOzoneClusterImpl-01368c1a-6328-4066-8a93-de455066d669/datanode-5/data/ratis/ba704ff8-cd2b-4c1c-aa98-03adc395d9d8 has been successfully formatted.
2019-10-07 13:24:52,607 [pool-433-thread-1] INFO  ratis.ContainerStateMachine (ContainerStateMachine.java:loadSnapshot(231)) - group-03ADC395D9D8: The snapshot info is null. Setting the last applied indexto:(t:0, i:~)
2019-10-07 13:24:52,608 [pool-433-thread-1] INFO  server.RaftServerConfigKeys (ConfUtils.java:logGet(43)) - raft.server.notification.no-leader.timeout = 120s (custom)
2019-10-07 13:24:52,608 [pool-433-thread-1] INFO  server.RaftServerConfigKeys (ConfUtils.java:logGet(43)) - raft.server.log.use.memory = false (default)
2019-10-07 13:24:52,608 [pool-433-thread-1] INFO  server.RaftServerConfigKeys (ConfUtils.java:logGet(43)) - raft.server.log.purge.gap = 1000000 (custom)
2019-10-07 13:24:52,608 [pool-433-thread-1] INFO  server.RaftServerConfigKeys (ConfUtils.java:logGet(43)) - raft.server.log.appender.buffer.byte-limit = 33554432 (custom)
2019-10-07 13:24:52,608 [pool-433-thread-1] INFO  server.RaftServerConfigKeys (ConfUtils.java:logGet(43)) - raft.server.log.segment.size.max = 1048576 (custom)
2019-10-07 13:24:52,610 [pool-433-thread-1] INFO  server.RaftServerConfigKeys (ConfUtils.java:logGet(43)) - raft.server.log.segment.cache.num.max = 2 (custom)
2019-10-07 13:24:52,610 [pool-433-thread-1] INFO  segmented.SegmentedRaftLogWorker (SegmentedRaftLogWorker.java:<init>(173)) - new ac49e126-8da2-479a-9665-0aa5e05c814e@group-03ADC395D9D8-SegmentedRaftLogWorker for RaftStorage:Storage Directory /workdir/hadoop-ozone/integration-test/target/test-dir/MiniOzoneClusterImpl-01368c1a-6328-4066-8a93-de455066d669/datanode-5/data/ratis/ba704ff8-cd2b-4c1c-aa98-03adc395d9d8
2019-10-07 13:24:52,610 [pool-433-thread-1] INFO  server.RaftServerConfigKeys (ConfUtils.java:logGet(43)) - raft.server.log.queue.byte-limit = 2147483647 (custom)
2019-10-07 13:24:52,610 [pool-433-thread-1] INFO  server.RaftServerConfigKeys (ConfUtils.java:logGet(43)) - raft.server.log.queue.element-limit = 1024 (custom)
2019-10-07 13:24:52,610 [pool-433-thread-1] INFO  server.RaftServerConfigKeys (ConfUtils.java:logGet(43)) - raft.server.log.segment.size.max = 1048576 (custom)
2019-10-07 13:24:52,610 [pool-433-thread-1] INFO  server.RaftServerConfigKeys (ConfUtils.java:logGet(43)) - raft.server.log.preallocated.size = 16384 (custom)
2019-10-07 13:24:52,610 [pool-433-thread-1] INFO  server.RaftServerConfigKeys (ConfUtils.java:logGet(43)) - raft.server.log.write.buffer.size = 33554432 (custom)
2019-10-07 13:24:52,611 [pool-433-thread-1] INFO  server.RaftServerConfigKeys (ConfUtils.java:logGet(43)) - raft.server.log.force.sync.num = 128 (default)
2019-10-07 13:24:52,611 [pool-433-thread-1] INFO  server.RaftServerConfigKeys (ConfUtils.java:logGet(43)) - raft.server.log.statemachine.data.sync = true (default)
2019-10-07 13:24:52,611 [pool-433-thread-1] INFO  server.RaftServerConfigKeys (ConfUtils.java:logGet(43)) - raft.server.log.statemachine.data.sync.timeout = 10s (default)
2019-10-07 13:24:52,611 [pool-433-thread-1] INFO  server.RaftServerConfigKeys (ConfUtils.java:logGet(43)) - raft.server.log.statemachine.data.sync.timeout.retry = -1 (default)
2019-10-07 13:24:52,611 [pool-433-thread-1] INFO  server.RaftServerConfigKeys (ConfUtils.java:logGet(43)) - raft.server.log.statemachine.data.caching.enabled = true (custom)
2019-10-07 13:24:52,611 [pool-433-thread-1] INFO  segmented.SegmentedRaftLogWorker (SegmentedRaftLogWorker.java:lambda$new$0(128)) - ac49e126-8da2-479a-9665-0aa5e05c814e@group-03ADC395D9D8-SegmentedRaftLogWorker: flushIndex: setUnconditionally 0 -> -1
2019-10-07 13:24:52,612 [pool-433-thread-1] INFO  server.RaftServerConfigKeys (ConfUtils.java:logGet(43)) - raft.server.snapshot.auto.trigger.enabled = true (custom)
2019-10-07 13:24:52,612 [pool-433-thread-1] INFO  server.RaftServerConfigKeys (ConfUtils.java:logGet(43)) - raft.server.snapshot.auto.trigger.threshold = 10000 (custom)
2019-10-07 13:24:52,612 [pool-433-thread-1] INFO  server.RaftServerConfigKeys (ConfUtils.java:logGet(43)) - raft.server.snapshot.retention.file.num = 5 (custom)
2019-10-07 13:24:52,612 [pool-433-thread-1] INFO  server.RaftServerConfigKeys (ConfUtils.java:logGet(43)) - raft.server.retrycache.expirytime = 600000ms (custom)
2019-10-07 13:24:52,614 [pool-433-thread-1] INFO  impl.RaftServerImpl (RaftServerImpl.java:start(181)) - ac49e126-8da2-479a-9665-0aa5e05c814e@group-03ADC395D9D8: start as a follower, conf=-1: [ac49e126-8da2-479a-9665-0aa5e05c814e:192.168.151.66:41229], old=null
2019-10-07 13:24:52,614 [pool-433-thread-1] INFO  impl.RaftServerImpl (RaftServerImpl.java:setRole(170)) - ac49e126-8da2-479a-9665-0aa5e05c814e@group-03ADC395D9D8: changes role from      null to FOLLOWER at term 0 for startAsFollower
2019-10-07 13:24:52,614 [pool-433-thread-1] INFO  impl.RoleInfo (RoleInfo.java:updateAndGet(143)) - ac49e126-8da2-479a-9665-0aa5e05c814e: start FollowerState
2019-10-07 13:24:52,614 [pool-433-thread-1] INFO  util.JmxRegister (JmxRegister.java:tryRegister(44)) - Successfully registered JMX Bean with object name Ratis:service=RaftServer,group=group-03ADC395D9D8,id=ac49e126-8da2-479a-9665-0aa5e05c814e
2019-10-07 13:24:52,620 [RatisPipelineUtilsThread] INFO  pipeline.PipelineStateManager (PipelineStateManager.java:addPipeline(56)) - Created pipeline Pipeline[ Id: ba704ff8-cd2b-4c1c-aa98-03adc395d9d8, Nodes: ac49e126-8da2-479a-9665-0aa5e05c814e{ip: 192.168.151.66, host: pr-hdds-2265-m6x5s-933689915, networkLocation: /default-rack, certSerialId: null}, Type:RATIS, Factor:ONE, State:OPEN]
2019-10-07 13:24:52,627 [grpc-default-executor-3] INFO  impl.RaftServerProxy (RaftServerProxy.java:addNew(89)) - 1b792a8d-9b33-4f09-8f6e-d028a56dfb3d: addNew group-0DD83508AC5E:[1b792a8d-9b33-4f09-8f6e-d028a56dfb3d:192.168.151.66:40695] returns group-0DD83508AC5E:java.util.concurrent.CompletableFuture@f0c2ac7[Not completed]
2019-10-07 13:24:52,628 [pool-443-thread-1] INFO  impl.RaftServerImpl (RaftServerImpl.java:<init>(95)) - 1b792a8d-9b33-4f09-8f6e-d028a56dfb3d: new RaftServerImpl for group-0DD83508AC5E:[1b792a8d-9b33-4f09-8f6e-d028a56dfb3d:192.168.151.66:40695] with ContainerStateMachine:uninitialized
2019-10-07 13:24:52,628 [pool-443-thread-1] INFO  server.RaftServerConfigKeys (ConfUtils.java:logGet(43)) - raft.server.rpc.timeout.min = 5s (custom)
2019-10-07 13:24:52,628 [pool-443-thread-1] INFO  server.RaftServerConfigKeys (ConfUtils.java:logGet(43)) - raft.server.rpc.timeout.max = 5200ms (custom)
2019-10-07 13:24:52,628 [pool-443-thread-1] INFO  server.RaftServerConfigKeys (ConfUtils.java:logGet(43)) - raft.server.rpcslowness.timeout = 120s (custom)
2019-10-07 13:24:52,628 [pool-443-thread-1] INFO  server.RaftServerConfigKeys (ConfUtils.java:logGet(43)) - raft.server.sleep.deviation.threshold = 300 (default)
2019-10-07 13:24:52,628 [pool-443-thread-1] INFO  server.RaftServerConfigKeys (ConfUtils.java:logGet(43)) - raft.server.log.appender.install.snapshot.enabled = false (custom)
2019-10-07 13:24:52,628 [pool-443-thread-1] INFO  impl.RaftServerImpl (ServerState.java:<init>(103)) - 1b792a8d-9b33-4f09-8f6e-d028a56dfb3d@group-0DD83508AC5E: ConfigurationManager, init=-1: [1b792a8d-9b33-4f09-8f6e-d028a56dfb3d:192.168.151.66:40695], old=null, confs=<EMPTY_MAP>
2019-10-07 13:24:52,629 [pool-443-thread-1] INFO  server.RaftServerConfigKeys (ConfUtils.java:logGet(43)) - raft.server.storage.dir = [/workdir/hadoop-ozone/integration-test/target/test-dir/MiniOzoneClusterImpl-01368c1a-6328-4066-8a93-de455066d669/datanode-6/data/ratis] (custom)
2019-10-07 13:24:52,629 [pool-443-thread-1] INFO  server.RaftServerConfigKeys (ConfUtils.java:logGet(43)) - raft.server.log.corruption.policy = EXCEPTION (default)
2019-10-07 13:24:52,629 [pool-443-thread-1] INFO  storage.RaftStorageDirectory (RaftStorageDirectory.java:analyzeStorage(246)) - The storage directory /workdir/hadoop-ozone/integration-test/target/test-dir/MiniOzoneClusterImpl-01368c1a-6328-4066-8a93-de455066d669/datanode-6/data/ratis/b73839bb-096d-45ee-a062-0dd83508ac5e does not exist. Creating ...
2019-10-07 13:24:52,641 [pool-443-thread-1] INFO  storage.RaftStorageDirectory (RaftStorageDirectory.java:tryLock(328)) - Lock on /workdir/hadoop-ozone/integration-test/target/test-dir/MiniOzoneClusterImpl-01368c1a-6328-4066-8a93-de455066d669/datanode-6/data/ratis/b73839bb-096d-45ee-a062-0dd83508ac5e/in_use.lock acquired by nodename 23083@pr-hdds-2265-m6x5s-933689915
2019-10-07 13:24:52,669 [pool-443-thread-1] INFO  storage.RaftStorage (RaftStorage.java:format(84)) - Storage directory /workdir/hadoop-ozone/integration-test/target/test-dir/MiniOzoneClusterImpl-01368c1a-6328-4066-8a93-de455066d669/datanode-6/data/ratis/b73839bb-096d-45ee-a062-0dd83508ac5e has been successfully formatted.
2019-10-07 13:24:52,669 [pool-443-thread-1] INFO  ratis.ContainerStateMachine (ContainerStateMachine.java:loadSnapshot(231)) - group-0DD83508AC5E: The snapshot info is null. Setting the last applied indexto:(t:0, i:~)
2019-10-07 13:24:52,669 [pool-443-thread-1] INFO  server.RaftServerConfigKeys (ConfUtils.java:logGet(43)) - raft.server.notification.no-leader.timeout = 120s (custom)
2019-10-07 13:24:52,669 [pool-443-thread-1] INFO  server.RaftServerConfigKeys (ConfUtils.java:logGet(43)) - raft.server.log.use.memory = false (default)
2019-10-07 13:24:52,669 [pool-443-thread-1] INFO  server.RaftServerConfigKeys (ConfUtils.java:logGet(43)) - raft.server.log.purge.gap = 1000000 (custom)
2019-10-07 13:24:52,670 [pool-443-thread-1] INFO  server.RaftServerConfigKeys (ConfUtils.java:logGet(43)) - raft.server.log.appender.buffer.byte-limit = 33554432 (custom)
2019-10-07 13:24:52,670 [pool-443-thread-1] INFO  server.RaftServerConfigKeys (ConfUtils.java:logGet(43)) - raft.server.log.segment.size.max = 1048576 (custom)
2019-10-07 13:24:52,671 [pool-443-thread-1] INFO  server.RaftServerConfigKeys (ConfUtils.java:logGet(43)) - raft.server.log.segment.cache.num.max = 2 (custom)
2019-10-07 13:24:52,672 [pool-443-thread-1] INFO  segmented.SegmentedRaftLogWorker (SegmentedRaftLogWorker.java:<init>(173)) - new 1b792a8d-9b33-4f09-8f6e-d028a56dfb3d@group-0DD83508AC5E-SegmentedRaftLogWorker for RaftStorage:Storage Directory /workdir/hadoop-ozone/integration-test/target/test-dir/MiniOzoneClusterImpl-01368c1a-6328-4066-8a93-de455066d669/datanode-6/data/ratis/b73839bb-096d-45ee-a062-0dd83508ac5e
2019-10-07 13:24:52,672 [pool-443-thread-1] INFO  server.RaftServerConfigKeys (ConfUtils.java:logGet(43)) - raft.server.log.queue.byte-limit = 2147483647 (custom)
2019-10-07 13:24:52,672 [pool-443-thread-1] INFO  server.RaftServerConfigKeys (ConfUtils.java:logGet(43)) - raft.server.log.queue.element-limit = 1024 (custom)
2019-10-07 13:24:52,672 [pool-443-thread-1] INFO  server.RaftServerConfigKeys (ConfUtils.java:logGet(43)) - raft.server.log.segment.size.max = 1048576 (custom)
2019-10-07 13:24:52,672 [pool-443-thread-1] INFO  server.RaftServerConfigKeys (ConfUtils.java:logGet(43)) - raft.server.log.preallocated.size = 16384 (custom)
2019-10-07 13:24:52,672 [pool-443-thread-1] INFO  server.RaftServerConfigKeys (ConfUtils.java:logGet(43)) - raft.server.log.write.buffer.size = 33554432 (custom)
2019-10-07 13:24:52,672 [pool-443-thread-1] INFO  server.RaftServerConfigKeys (ConfUtils.java:logGet(43)) - raft.server.log.force.sync.num = 128 (default)
2019-10-07 13:24:52,672 [pool-443-thread-1] INFO  server.RaftServerConfigKeys (ConfUtils.java:logGet(43)) - raft.server.log.statemachine.data.sync = true (default)
2019-10-07 13:24:52,673 [pool-443-thread-1] INFO  server.RaftServerConfigKeys (ConfUtils.java:logGet(43)) - raft.server.log.statemachine.data.sync.timeout = 10s (default)
2019-10-07 13:24:52,673 [pool-443-thread-1] INFO  server.RaftServerConfigKeys (ConfUtils.java:logGet(43)) - raft.server.log.statemachine.data.sync.timeout.retry = -1 (default)
2019-10-07 13:24:52,673 [pool-443-thread-1] INFO  server.RaftServerConfigKeys (ConfUtils.java:logGet(43)) - raft.server.log.statemachine.data.caching.enabled = true (custom)
2019-10-07 13:24:52,673 [pool-443-thread-1] INFO  segmented.SegmentedRaftLogWorker (SegmentedRaftLogWorker.java:lambda$new$0(128)) - 1b792a8d-9b33-4f09-8f6e-d028a56dfb3d@group-0DD83508AC5E-SegmentedRaftLogWorker: flushIndex: setUnconditionally 0 -> -1
2019-10-07 13:24:52,674 [pool-443-thread-1] INFO  server.RaftServerConfigKeys (ConfUtils.java:logGet(43)) - raft.server.snapshot.auto.trigger.enabled = true (custom)
2019-10-07 13:24:52,674 [pool-443-thread-1] INFO  server.RaftServerConfigKeys (ConfUtils.java:logGet(43)) - raft.server.snapshot.auto.trigger.threshold = 10000 (custom)
2019-10-07 13:24:52,674 [pool-443-thread-1] INFO  server.RaftServerConfigKeys (ConfUtils.java:logGet(43)) - raft.server.snapshot.retention.file.num = 5 (custom)
2019-10-07 13:24:52,674 [pool-443-thread-1] INFO  server.RaftServerConfigKeys (ConfUtils.java:logGet(43)) - raft.server.retrycache.expirytime = 600000ms (custom)
2019-10-07 13:24:52,676 [pool-443-thread-1] INFO  impl.RaftServerImpl (RaftServerImpl.java:start(181)) - 1b792a8d-9b33-4f09-8f6e-d028a56dfb3d@group-0DD83508AC5E: start as a follower, conf=-1: [1b792a8d-9b33-4f09-8f6e-d028a56dfb3d:192.168.151.66:40695], old=null
2019-10-07 13:24:52,676 [pool-443-thread-1] INFO  impl.RaftServerImpl (RaftServerImpl.java:setRole(170)) - 1b792a8d-9b33-4f09-8f6e-d028a56dfb3d@group-0DD83508AC5E: changes role from      null to FOLLOWER at term 0 for startAsFollower
2019-10-07 13:24:52,676 [pool-443-thread-1] INFO  impl.RoleInfo (RoleInfo.java:updateAndGet(143)) - 1b792a8d-9b33-4f09-8f6e-d028a56dfb3d: start FollowerState
2019-10-07 13:24:52,676 [pool-443-thread-1] INFO  util.JmxRegister (JmxRegister.java:tryRegister(44)) - Successfully registered JMX Bean with object name Ratis:service=RaftServer,group=group-0DD83508AC5E,id=1b792a8d-9b33-4f09-8f6e-d028a56dfb3d
2019-10-07 13:24:52,683 [RatisPipelineUtilsThread] INFO  pipeline.PipelineStateManager (PipelineStateManager.java:addPipeline(56)) - Created pipeline Pipeline[ Id: b73839bb-096d-45ee-a062-0dd83508ac5e, Nodes: 1b792a8d-9b33-4f09-8f6e-d028a56dfb3d{ip: 192.168.151.66, host: pr-hdds-2265-m6x5s-933689915, networkLocation: /default-rack, certSerialId: null}, Type:RATIS, Factor:ONE, State:OPEN]
2019-10-07 13:24:52,700 [grpc-default-executor-8] INFO  impl.RaftServerProxy (RaftServerProxy.java:addNew(89)) - ac49e126-8da2-479a-9665-0aa5e05c814e: addNew group-123E5CBB917A:[09175588-d69d-48be-8014-77a75b7bda54:192.168.151.66:39948, ac49e126-8da2-479a-9665-0aa5e05c814e:192.168.151.66:41229, 596bfca2-47ac-4dbb-837e-99dbb35929e1:192.168.151.66:45349] returns group-123E5CBB917A:java.util.concurrent.CompletableFuture@424971aa[Not completed]
2019-10-07 13:24:52,700 [grpc-default-executor-3] INFO  impl.RaftServerProxy (RaftServerProxy.java:addNew(89)) - 596bfca2-47ac-4dbb-837e-99dbb35929e1: addNew group-123E5CBB917A:[09175588-d69d-48be-8014-77a75b7bda54:192.168.151.66:39948, ac49e126-8da2-479a-9665-0aa5e05c814e:192.168.151.66:41229, 596bfca2-47ac-4dbb-837e-99dbb35929e1:192.168.151.66:45349] returns group-123E5CBB917A:java.util.concurrent.CompletableFuture@19b852a1[Not completed]
2019-10-07 13:24:52,701 [grpc-default-executor-7] INFO  impl.RaftServerProxy (RaftServerProxy.java:addNew(89)) - 09175588-d69d-48be-8014-77a75b7bda54: addNew group-123E5CBB917A:[09175588-d69d-48be-8014-77a75b7bda54:192.168.151.66:39948, ac49e126-8da2-479a-9665-0aa5e05c814e:192.168.151.66:41229, 596bfca2-47ac-4dbb-837e-99dbb35929e1:192.168.151.66:45349] returns group-123E5CBB917A:java.util.concurrent.CompletableFuture@2bac0d66[Not completed]
2019-10-07 13:24:52,702 [pool-433-thread-1] INFO  impl.RaftServerImpl (RaftServerImpl.java:<init>(95)) - ac49e126-8da2-479a-9665-0aa5e05c814e: new RaftServerImpl for group-123E5CBB917A:[09175588-d69d-48be-8014-77a75b7bda54:192.168.151.66:39948, ac49e126-8da2-479a-9665-0aa5e05c814e:192.168.151.66:41229, 596bfca2-47ac-4dbb-837e-99dbb35929e1:192.168.151.66:45349] with ContainerStateMachine:uninitialized
2019-10-07 13:24:52,702 [pool-433-thread-1] INFO  server.RaftServerConfigKeys (ConfUtils.java:logGet(43)) - raft.server.rpc.timeout.min = 5s (custom)
2019-10-07 13:24:52,702 [pool-433-thread-1] INFO  server.RaftServerConfigKeys (ConfUtils.java:logGet(43)) - raft.server.rpc.timeout.max = 5200ms (custom)
2019-10-07 13:24:52,702 [pool-433-thread-1] INFO  server.RaftServerConfigKeys (ConfUtils.java:logGet(43)) - raft.server.rpcslowness.timeout = 120s (custom)
2019-10-07 13:24:52,702 [pool-433-thread-1] INFO  server.RaftServerConfigKeys (ConfUtils.java:logGet(43)) - raft.server.sleep.deviation.threshold = 300 (default)
2019-10-07 13:24:52,702 [pool-413-thread-1] INFO  impl.RaftServerImpl (RaftServerImpl.java:<init>(95)) - 09175588-d69d-48be-8014-77a75b7bda54: new RaftServerImpl for group-123E5CBB917A:[09175588-d69d-48be-8014-77a75b7bda54:192.168.151.66:39948, ac49e126-8da2-479a-9665-0aa5e05c814e:192.168.151.66:41229, 596bfca2-47ac-4dbb-837e-99dbb35929e1:192.168.151.66:45349] with ContainerStateMachine:uninitialized
2019-10-07 13:24:52,702 [pool-433-thread-1] INFO  server.RaftServerConfigKeys (ConfUtils.java:logGet(43)) - raft.server.log.appender.install.snapshot.enabled = false (custom)
2019-10-07 13:24:52,702 [pool-413-thread-1] INFO  server.RaftServerConfigKeys (ConfUtils.java:logGet(43)) - raft.server.rpc.timeout.min = 5s (custom)
2019-10-07 13:24:52,703 [pool-433-thread-1] INFO  impl.RaftServerImpl (ServerState.java:<init>(103)) - ac49e126-8da2-479a-9665-0aa5e05c814e@group-123E5CBB917A: ConfigurationManager, init=-1: [09175588-d69d-48be-8014-77a75b7bda54:192.168.151.66:39948, ac49e126-8da2-479a-9665-0aa5e05c814e:192.168.151.66:41229, 596bfca2-47ac-4dbb-837e-99dbb35929e1:192.168.151.66:45349], old=null, confs=<EMPTY_MAP>
2019-10-07 13:24:52,703 [pool-413-thread-1] INFO  server.RaftServerConfigKeys (ConfUtils.java:logGet(43)) - raft.server.rpc.timeout.max = 5200ms (custom)
2019-10-07 13:24:52,703 [pool-433-thread-1] INFO  server.RaftServerConfigKeys (ConfUtils.java:logGet(43)) - raft.server.storage.dir = [/workdir/hadoop-ozone/integration-test/target/test-dir/MiniOzoneClusterImpl-01368c1a-6328-4066-8a93-de455066d669/datanode-5/data/ratis] (custom)
2019-10-07 13:24:52,703 [pool-413-thread-1] INFO  server.RaftServerConfigKeys (ConfUtils.java:logGet(43)) - raft.server.rpcslowness.timeout = 120s (custom)
2019-10-07 13:24:52,703 [pool-433-thread-1] INFO  server.RaftServerConfigKeys (ConfUtils.java:logGet(43)) - raft.server.log.corruption.policy = EXCEPTION (default)
2019-10-07 13:24:52,703 [pool-423-thread-1] INFO  impl.RaftServerImpl (RaftServerImpl.java:<init>(95)) - 596bfca2-47ac-4dbb-837e-99dbb35929e1: new RaftServerImpl for group-123E5CBB917A:[09175588-d69d-48be-8014-77a75b7bda54:192.168.151.66:39948, ac49e126-8da2-479a-9665-0aa5e05c814e:192.168.151.66:41229, 596bfca2-47ac-4dbb-837e-99dbb35929e1:192.168.151.66:45349] with ContainerStateMachine:uninitialized
2019-10-07 13:24:52,703 [pool-433-thread-1] INFO  storage.RaftStorageDirectory (RaftStorageDirectory.java:analyzeStorage(246)) - The storage directory /workdir/hadoop-ozone/integration-test/target/test-dir/MiniOzoneClusterImpl-01368c1a-6328-4066-8a93-de455066d669/datanode-5/data/ratis/c321313c-f8ec-4231-9120-123e5cbb917a does not exist. Creating ...
2019-10-07 13:24:52,703 [pool-413-thread-1] INFO  server.RaftServerConfigKeys (ConfUtils.java:logGet(43)) - raft.server.sleep.deviation.threshold = 300 (default)
2019-10-07 13:24:52,704 [pool-423-thread-1] INFO  server.RaftServerConfigKeys (ConfUtils.java:logGet(43)) - raft.server.rpc.timeout.min = 5s (custom)
2019-10-07 13:24:52,704 [pool-413-thread-1] INFO  server.RaftServerConfigKeys (ConfUtils.java:logGet(43)) - raft.server.log.appender.install.snapshot.enabled = false (custom)
2019-10-07 13:24:52,704 [pool-423-thread-1] INFO  server.RaftServerConfigKeys (ConfUtils.java:logGet(43)) - raft.server.rpc.timeout.max = 5200ms (custom)
2019-10-07 13:24:52,704 [pool-413-thread-1] INFO  impl.RaftServerImpl (ServerState.java:<init>(103)) - 09175588-d69d-48be-8014-77a75b7bda54@group-123E5CBB917A: ConfigurationManager, init=-1: [09175588-d69d-48be-8014-77a75b7bda54:192.168.151.66:39948, ac49e126-8da2-479a-9665-0aa5e05c814e:192.168.151.66:41229, 596bfca2-47ac-4dbb-837e-99dbb35929e1:192.168.151.66:45349], old=null, confs=<EMPTY_MAP>
2019-10-07 13:24:52,704 [pool-423-thread-1] INFO  server.RaftServerConfigKeys (ConfUtils.java:logGet(43)) - raft.server.rpcslowness.timeout = 120s (custom)
2019-10-07 13:24:52,704 [pool-413-thread-1] INFO  server.RaftServerConfigKeys (ConfUtils.java:logGet(43)) - raft.server.storage.dir = [/workdir/hadoop-ozone/integration-test/target/test-dir/MiniOzoneClusterImpl-01368c1a-6328-4066-8a93-de455066d669/datanode-3/data/ratis] (custom)
2019-10-07 13:24:52,705 [pool-423-thread-1] INFO  server.RaftServerConfigKeys (ConfUtils.java:logGet(43)) - raft.server.sleep.deviation.threshold = 300 (default)
2019-10-07 13:24:52,705 [pool-413-thread-1] INFO  server.RaftServerConfigKeys (ConfUtils.java:logGet(43)) - raft.server.log.corruption.policy = EXCEPTION (default)
2019-10-07 13:24:52,705 [pool-423-thread-1] INFO  server.RaftServerConfigKeys (ConfUtils.java:logGet(43)) - raft.server.log.appender.install.snapshot.enabled = false (custom)
2019-10-07 13:24:52,705 [pool-413-thread-1] INFO  storage.RaftStorageDirectory (RaftStorageDirectory.java:analyzeStorage(246)) - The storage directory /workdir/hadoop-ozone/integration-test/target/test-dir/MiniOzoneClusterImpl-01368c1a-6328-4066-8a93-de455066d669/datanode-3/data/ratis/c321313c-f8ec-4231-9120-123e5cbb917a does not exist. Creating ...
2019-10-07 13:24:52,705 [pool-423-thread-1] INFO  impl.RaftServerImpl (ServerState.java:<init>(103)) - 596bfca2-47ac-4dbb-837e-99dbb35929e1@group-123E5CBB917A: ConfigurationManager, init=-1: [09175588-d69d-48be-8014-77a75b7bda54:192.168.151.66:39948, ac49e126-8da2-479a-9665-0aa5e05c814e:192.168.151.66:41229, 596bfca2-47ac-4dbb-837e-99dbb35929e1:192.168.151.66:45349], old=null, confs=<EMPTY_MAP>
2019-10-07 13:24:52,705 [pool-423-thread-1] INFO  server.RaftServerConfigKeys (ConfUtils.java:logGet(43)) - raft.server.storage.dir = [/workdir/hadoop-ozone/integration-test/target/test-dir/MiniOzoneClusterImpl-01368c1a-6328-4066-8a93-de455066d669/datanode-4/data/ratis] (custom)
2019-10-07 13:24:52,710 [pool-423-thread-1] INFO  server.RaftServerConfigKeys (ConfUtils.java:logGet(43)) - raft.server.log.corruption.policy = EXCEPTION (default)
2019-10-07 13:24:52,710 [pool-423-thread-1] INFO  storage.RaftStorageDirectory (RaftStorageDirectory.java:analyzeStorage(246)) - The storage directory /workdir/hadoop-ozone/integration-test/target/test-dir/MiniOzoneClusterImpl-01368c1a-6328-4066-8a93-de455066d669/datanode-4/data/ratis/c321313c-f8ec-4231-9120-123e5cbb917a does not exist. Creating ...
2019-10-07 13:24:52,711 [pool-433-thread-1] INFO  storage.RaftStorageDirectory (RaftStorageDirectory.java:tryLock(328)) - Lock on /workdir/hadoop-ozone/integration-test/target/test-dir/MiniOzoneClusterImpl-01368c1a-6328-4066-8a93-de455066d669/datanode-5/data/ratis/c321313c-f8ec-4231-9120-123e5cbb917a/in_use.lock acquired by nodename 23083@pr-hdds-2265-m6x5s-933689915
2019-10-07 13:24:52,711 [pool-413-thread-1] INFO  storage.RaftStorageDirectory (RaftStorageDirectory.java:tryLock(328)) - Lock on /workdir/hadoop-ozone/integration-test/target/test-dir/MiniOzoneClusterImpl-01368c1a-6328-4066-8a93-de455066d669/datanode-3/data/ratis/c321313c-f8ec-4231-9120-123e5cbb917a/in_use.lock acquired by nodename 23083@pr-hdds-2265-m6x5s-933689915
2019-10-07 13:24:52,713 [pool-423-thread-1] INFO  storage.RaftStorageDirectory (RaftStorageDirectory.java:tryLock(328)) - Lock on /workdir/hadoop-ozone/integration-test/target/test-dir/MiniOzoneClusterImpl-01368c1a-6328-4066-8a93-de455066d669/datanode-4/data/ratis/c321313c-f8ec-4231-9120-123e5cbb917a/in_use.lock acquired by nodename 23083@pr-hdds-2265-m6x5s-933689915
2019-10-07 13:24:52,714 [pool-433-thread-1] INFO  storage.RaftStorage (RaftStorage.java:format(84)) - Storage directory /workdir/hadoop-ozone/integration-test/target/test-dir/MiniOzoneClusterImpl-01368c1a-6328-4066-8a93-de455066d669/datanode-5/data/ratis/c321313c-f8ec-4231-9120-123e5cbb917a has been successfully formatted.
2019-10-07 13:24:52,714 [pool-413-thread-1] INFO  storage.RaftStorage (RaftStorage.java:format(84)) - Storage directory /workdir/hadoop-ozone/integration-test/target/test-dir/MiniOzoneClusterImpl-01368c1a-6328-4066-8a93-de455066d669/datanode-3/data/ratis/c321313c-f8ec-4231-9120-123e5cbb917a has been successfully formatted.
2019-10-07 13:24:52,715 [pool-433-thread-1] INFO  ratis.ContainerStateMachine (ContainerStateMachine.java:loadSnapshot(231)) - group-123E5CBB917A: The snapshot info is null. Setting the last applied indexto:(t:0, i:~)
2019-10-07 13:24:52,715 [pool-413-thread-1] INFO  ratis.ContainerStateMachine (ContainerStateMachine.java:loadSnapshot(231)) - group-123E5CBB917A: The snapshot info is null. Setting the last applied indexto:(t:0, i:~)
2019-10-07 13:24:52,715 [pool-433-thread-1] INFO  server.RaftServerConfigKeys (ConfUtils.java:logGet(43)) - raft.server.notification.no-leader.timeout = 120s (custom)
2019-10-07 13:24:52,715 [pool-413-thread-1] INFO  server.RaftServerConfigKeys (ConfUtils.java:logGet(43)) - raft.server.notification.no-leader.timeout = 120s (custom)
2019-10-07 13:24:52,715 [pool-433-thread-1] INFO  server.RaftServerConfigKeys (ConfUtils.java:logGet(43)) - raft.server.log.use.memory = false (default)
2019-10-07 13:24:52,715 [pool-413-thread-1] INFO  server.RaftServerConfigKeys (ConfUtils.java:logGet(43)) - raft.server.log.use.memory = false (default)
2019-10-07 13:24:52,715 [pool-433-thread-1] INFO  server.RaftServerConfigKeys (ConfUtils.java:logGet(43)) - raft.server.log.purge.gap = 1000000 (custom)
2019-10-07 13:24:52,715 [pool-413-thread-1] INFO  server.RaftServerConfigKeys (ConfUtils.java:logGet(43)) - raft.server.log.purge.gap = 1000000 (custom)
2019-10-07 13:24:52,715 [pool-433-thread-1] INFO  server.RaftServerConfigKeys (ConfUtils.java:logGet(43)) - raft.server.log.appender.buffer.byte-limit = 33554432 (custom)
2019-10-07 13:24:52,715 [pool-413-thread-1] INFO  server.RaftServerConfigKeys (ConfUtils.java:logGet(43)) - raft.server.log.appender.buffer.byte-limit = 33554432 (custom)
2019-10-07 13:24:52,715 [pool-433-thread-1] INFO  server.RaftServerConfigKeys (ConfUtils.java:logGet(43)) - raft.server.log.segment.size.max = 1048576 (custom)
2019-10-07 13:24:52,716 [pool-413-thread-1] INFO  server.RaftServerConfigKeys (ConfUtils.java:logGet(43)) - raft.server.log.segment.size.max = 1048576 (custom)
2019-10-07 13:24:52,716 [pool-433-thread-1] INFO  server.RaftServerConfigKeys (ConfUtils.java:logGet(43)) - raft.server.log.segment.cache.num.max = 2 (custom)
2019-10-07 13:24:52,716 [pool-413-thread-1] INFO  server.RaftServerConfigKeys (ConfUtils.java:logGet(43)) - raft.server.log.segment.cache.num.max = 2 (custom)
2019-10-07 13:24:52,716 [pool-433-thread-1] INFO  segmented.SegmentedRaftLogWorker (SegmentedRaftLogWorker.java:<init>(173)) - new ac49e126-8da2-479a-9665-0aa5e05c814e@group-123E5CBB917A-SegmentedRaftLogWorker for RaftStorage:Storage Directory /workdir/hadoop-ozone/integration-test/target/test-dir/MiniOzoneClusterImpl-01368c1a-6328-4066-8a93-de455066d669/datanode-5/data/ratis/c321313c-f8ec-4231-9120-123e5cbb917a
2019-10-07 13:24:52,716 [pool-413-thread-1] INFO  segmented.SegmentedRaftLogWorker (SegmentedRaftLogWorker.java:<init>(173)) - new 09175588-d69d-48be-8014-77a75b7bda54@group-123E5CBB917A-SegmentedRaftLogWorker for RaftStorage:Storage Directory /workdir/hadoop-ozone/integration-test/target/test-dir/MiniOzoneClusterImpl-01368c1a-6328-4066-8a93-de455066d669/datanode-3/data/ratis/c321313c-f8ec-4231-9120-123e5cbb917a
2019-10-07 13:24:52,716 [pool-433-thread-1] INFO  server.RaftServerConfigKeys (ConfUtils.java:logGet(43)) - raft.server.log.queue.byte-limit = 2147483647 (custom)
2019-10-07 13:24:52,716 [pool-413-thread-1] INFO  server.RaftServerConfigKeys (ConfUtils.java:logGet(43)) - raft.server.log.queue.byte-limit = 2147483647 (custom)
2019-10-07 13:24:52,716 [pool-433-thread-1] INFO  server.RaftServerConfigKeys (ConfUtils.java:logGet(43)) - raft.server.log.queue.element-limit = 1024 (custom)
2019-10-07 13:24:52,716 [pool-413-thread-1] INFO  server.RaftServerConfigKeys (ConfUtils.java:logGet(43)) - raft.server.log.queue.element-limit = 1024 (custom)
2019-10-07 13:24:52,717 [pool-423-thread-1] INFO  storage.RaftStorage (RaftStorage.java:format(84)) - Storage directory /workdir/hadoop-ozone/integration-test/target/test-dir/MiniOzoneClusterImpl-01368c1a-6328-4066-8a93-de455066d669/datanode-4/data/ratis/c321313c-f8ec-4231-9120-123e5cbb917a has been successfully formatted.
2019-10-07 13:24:52,716 [pool-433-thread-1] INFO  server.RaftServerConfigKeys (ConfUtils.java:logGet(43)) - raft.server.log.segment.size.max = 1048576 (custom)
2019-10-07 13:24:52,717 [pool-423-thread-1] INFO  ratis.ContainerStateMachine (ContainerStateMachine.java:loadSnapshot(231)) - group-123E5CBB917A: The snapshot info is null. Setting the last applied indexto:(t:0, i:~)
2019-10-07 13:24:52,717 [pool-413-thread-1] INFO  server.RaftServerConfigKeys (ConfUtils.java:logGet(43)) - raft.server.log.segment.size.max = 1048576 (custom)
2019-10-07 13:24:52,717 [pool-423-thread-1] INFO  server.RaftServerConfigKeys (ConfUtils.java:logGet(43)) - raft.server.notification.no-leader.timeout = 120s (custom)
2019-10-07 13:24:52,717 [pool-433-thread-1] INFO  server.RaftServerConfigKeys (ConfUtils.java:logGet(43)) - raft.server.log.preallocated.size = 16384 (custom)
2019-10-07 13:24:52,717 [pool-423-thread-1] INFO  server.RaftServerConfigKeys (ConfUtils.java:logGet(43)) - raft.server.log.use.memory = false (default)
2019-10-07 13:24:52,717 [pool-413-thread-1] INFO  server.RaftServerConfigKeys (ConfUtils.java:logGet(43)) - raft.server.log.preallocated.size = 16384 (custom)
2019-10-07 13:24:52,717 [pool-423-thread-1] INFO  server.RaftServerConfigKeys (ConfUtils.java:logGet(43)) - raft.server.log.purge.gap = 1000000 (custom)
2019-10-07 13:24:52,717 [pool-433-thread-1] INFO  server.RaftServerConfigKeys (ConfUtils.java:logGet(43)) - raft.server.log.write.buffer.size = 33554432 (custom)
2019-10-07 13:24:52,718 [pool-423-thread-1] INFO  server.RaftServerConfigKeys (ConfUtils.java:logGet(43)) - raft.server.log.appender.buffer.byte-limit = 33554432 (custom)
2019-10-07 13:24:52,717 [pool-413-thread-1] INFO  server.RaftServerConfigKeys (ConfUtils.java:logGet(43)) - raft.server.log.write.buffer.size = 33554432 (custom)
2019-10-07 13:24:52,718 [pool-423-thread-1] INFO  server.RaftServerConfigKeys (ConfUtils.java:logGet(43)) - raft.server.log.segment.size.max = 1048576 (custom)
2019-10-07 13:24:52,718 [pool-433-thread-1] INFO  server.RaftServerConfigKeys (ConfUtils.java:logGet(43)) - raft.server.log.force.sync.num = 128 (default)
2019-10-07 13:24:52,718 [pool-423-thread-1] INFO  server.RaftServerConfigKeys (ConfUtils.java:logGet(43)) - raft.server.log.segment.cache.num.max = 2 (custom)
2019-10-07 13:24:52,718 [pool-413-thread-1] INFO  server.RaftServerConfigKeys (ConfUtils.java:logGet(43)) - raft.server.log.force.sync.num = 128 (default)
2019-10-07 13:24:52,718 [pool-423-thread-1] INFO  segmented.SegmentedRaftLogWorker (SegmentedRaftLogWorker.java:<init>(173)) - new 596bfca2-47ac-4dbb-837e-99dbb35929e1@group-123E5CBB917A-SegmentedRaftLogWorker for RaftStorage:Storage Directory /workdir/hadoop-ozone/integration-test/target/test-dir/MiniOzoneClusterImpl-01368c1a-6328-4066-8a93-de455066d669/datanode-4/data/ratis/c321313c-f8ec-4231-9120-123e5cbb917a
2019-10-07 13:24:52,718 [pool-433-thread-1] INFO  server.RaftServerConfigKeys (ConfUtils.java:logGet(43)) - raft.server.log.statemachine.data.sync = true (default)
2019-10-07 13:24:52,719 [pool-423-thread-1] INFO  server.RaftServerConfigKeys (ConfUtils.java:logGet(43)) - raft.server.log.queue.byte-limit = 2147483647 (custom)
2019-10-07 13:24:52,718 [pool-413-thread-1] INFO  server.RaftServerConfigKeys (ConfUtils.java:logGet(43)) - raft.server.log.statemachine.data.sync = true (default)
2019-10-07 13:24:52,719 [pool-423-thread-1] INFO  server.RaftServerConfigKeys (ConfUtils.java:logGet(43)) - raft.server.log.queue.element-limit = 1024 (custom)
2019-10-07 13:24:52,719 [pool-433-thread-1] INFO  server.RaftServerConfigKeys (ConfUtils.java:logGet(43)) - raft.server.log.statemachine.data.sync.timeout = 10s (default)
2019-10-07 13:24:52,719 [pool-423-thread-1] INFO  server.RaftServerConfigKeys (ConfUtils.java:logGet(43)) - raft.server.log.segment.size.max = 1048576 (custom)
2019-10-07 13:24:52,719 [pool-413-thread-1] INFO  server.RaftServerConfigKeys (ConfUtils.java:logGet(43)) - raft.server.log.statemachine.data.sync.timeout = 10s (default)
2019-10-07 13:24:52,719 [pool-423-thread-1] INFO  server.RaftServerConfigKeys (ConfUtils.java:logGet(43)) - raft.server.log.preallocated.size = 16384 (custom)
2019-10-07 13:24:52,719 [pool-433-thread-1] INFO  server.RaftServerConfigKeys (ConfUtils.java:logGet(43)) - raft.server.log.statemachine.data.sync.timeout.retry = -1 (default)
2019-10-07 13:24:52,720 [pool-423-thread-1] INFO  server.RaftServerConfigKeys (ConfUtils.java:logGet(43)) - raft.server.log.write.buffer.size = 33554432 (custom)
2019-10-07 13:24:52,719 [pool-413-thread-1] INFO  server.RaftServerConfigKeys (ConfUtils.java:logGet(43)) - raft.server.log.statemachine.data.sync.timeout.retry = -1 (default)
2019-10-07 13:24:52,720 [pool-423-thread-1] INFO  server.RaftServerConfigKeys (ConfUtils.java:logGet(43)) - raft.server.log.force.sync.num = 128 (default)
2019-10-07 13:24:52,720 [pool-433-thread-1] INFO  server.RaftServerConfigKeys (ConfUtils.java:logGet(43)) - raft.server.log.statemachine.data.caching.enabled = true (custom)
2019-10-07 13:24:52,720 [pool-423-thread-1] INFO  server.RaftServerConfigKeys (ConfUtils.java:logGet(43)) - raft.server.log.statemachine.data.sync = true (default)
2019-10-07 13:24:52,720 [pool-433-thread-1] INFO  segmented.SegmentedRaftLogWorker (SegmentedRaftLogWorker.java:lambda$new$0(128)) - ac49e126-8da2-479a-9665-0aa5e05c814e@group-123E5CBB917A-SegmentedRaftLogWorker: flushIndex: setUnconditionally 0 -> -1
2019-10-07 13:24:52,720 [pool-413-thread-1] INFO  server.RaftServerConfigKeys (ConfUtils.java:logGet(43)) - raft.server.log.statemachine.data.caching.enabled = true (custom)
2019-10-07 13:24:52,720 [pool-423-thread-1] INFO  server.RaftServerConfigKeys (ConfUtils.java:logGet(43)) - raft.server.log.statemachine.data.sync.timeout = 10s (default)
2019-10-07 13:24:52,721 [pool-413-thread-1] INFO  segmented.SegmentedRaftLogWorker (SegmentedRaftLogWorker.java:lambda$new$0(128)) - 09175588-d69d-48be-8014-77a75b7bda54@group-123E5CBB917A-SegmentedRaftLogWorker: flushIndex: setUnconditionally 0 -> -1
2019-10-07 13:24:52,721 [pool-433-thread-1] INFO  server.RaftServerConfigKeys (ConfUtils.java:logGet(43)) - raft.server.snapshot.auto.trigger.enabled = true (custom)
2019-10-07 13:24:52,721 [pool-413-thread-1] INFO  server.RaftServerConfigKeys (ConfUtils.java:logGet(43)) - raft.server.snapshot.auto.trigger.enabled = true (custom)
2019-10-07 13:24:52,721 [pool-433-thread-1] INFO  server.RaftServerConfigKeys (ConfUtils.java:logGet(43)) - raft.server.snapshot.auto.trigger.threshold = 10000 (custom)
2019-10-07 13:24:52,721 [pool-423-thread-1] INFO  server.RaftServerConfigKeys (ConfUtils.java:logGet(43)) - raft.server.log.statemachine.data.sync.timeout.retry = -1 (default)
2019-10-07 13:24:52,721 [pool-433-thread-1] INFO  server.RaftServerConfigKeys (ConfUtils.java:logGet(43)) - raft.server.snapshot.retention.file.num = 5 (custom)
2019-10-07 13:24:52,721 [pool-413-thread-1] INFO  server.RaftServerConfigKeys (ConfUtils.java:logGet(43)) - raft.server.snapshot.auto.trigger.threshold = 10000 (custom)
2019-10-07 13:24:52,721 [pool-433-thread-1] INFO  server.RaftServerConfigKeys (ConfUtils.java:logGet(43)) - raft.server.retrycache.expirytime = 600000ms (custom)
2019-10-07 13:24:52,721 [pool-423-thread-1] INFO  server.RaftServerConfigKeys (ConfUtils.java:logGet(43)) - raft.server.log.statemachine.data.caching.enabled = true (custom)
2019-10-07 13:24:52,722 [pool-413-thread-1] INFO  server.RaftServerConfigKeys (ConfUtils.java:logGet(43)) - raft.server.snapshot.retention.file.num = 5 (custom)
2019-10-07 13:24:52,722 [pool-413-thread-1] INFO  server.RaftServerConfigKeys (ConfUtils.java:logGet(43)) - raft.server.retrycache.expirytime = 600000ms (custom)
2019-10-07 13:24:52,722 [pool-423-thread-1] INFO  segmented.SegmentedRaftLogWorker (SegmentedRaftLogWorker.java:lambda$new$0(128)) - 596bfca2-47ac-4dbb-837e-99dbb35929e1@group-123E5CBB917A-SegmentedRaftLogWorker: flushIndex: setUnconditionally 0 -> -1
2019-10-07 13:24:52,722 [pool-423-thread-1] INFO  server.RaftServerConfigKeys (ConfUtils.java:logGet(43)) - raft.server.snapshot.auto.trigger.enabled = true (custom)
2019-10-07 13:24:52,722 [pool-423-thread-1] INFO  server.RaftServerConfigKeys (ConfUtils.java:logGet(43)) - raft.server.snapshot.auto.trigger.threshold = 10000 (custom)
2019-10-07 13:24:52,723 [pool-423-thread-1] INFO  server.RaftServerConfigKeys (ConfUtils.java:logGet(43)) - raft.server.snapshot.retention.file.num = 5 (custom)
2019-10-07 13:24:52,723 [pool-423-thread-1] INFO  server.RaftServerConfigKeys (ConfUtils.java:logGet(43)) - raft.server.retrycache.expirytime = 600000ms (custom)
2019-10-07 13:24:52,724 [pool-433-thread-1] INFO  impl.RaftServerImpl (RaftServerImpl.java:start(181)) - ac49e126-8da2-479a-9665-0aa5e05c814e@group-123E5CBB917A: start as a follower, conf=-1: [09175588-d69d-48be-8014-77a75b7bda54:192.168.151.66:39948, ac49e126-8da2-479a-9665-0aa5e05c814e:192.168.151.66:41229, 596bfca2-47ac-4dbb-837e-99dbb35929e1:192.168.151.66:45349], old=null
2019-10-07 13:24:52,724 [pool-433-thread-1] INFO  impl.RaftServerImpl (RaftServerImpl.java:setRole(170)) - ac49e126-8da2-479a-9665-0aa5e05c814e@group-123E5CBB917A: changes role from      null to FOLLOWER at term 0 for startAsFollower
2019-10-07 13:24:52,724 [pool-433-thread-1] INFO  impl.RoleInfo (RoleInfo.java:updateAndGet(143)) - ac49e126-8da2-479a-9665-0aa5e05c814e: start FollowerState
2019-10-07 13:24:52,724 [pool-413-thread-1] INFO  impl.RaftServerImpl (RaftServerImpl.java:start(181)) - 09175588-d69d-48be-8014-77a75b7bda54@group-123E5CBB917A: start as a follower, conf=-1: [09175588-d69d-48be-8014-77a75b7bda54:192.168.151.66:39948, ac49e126-8da2-479a-9665-0aa5e05c814e:192.168.151.66:41229, 596bfca2-47ac-4dbb-837e-99dbb35929e1:192.168.151.66:45349], old=null
2019-10-07 13:24:52,724 [pool-413-thread-1] INFO  impl.RaftServerImpl (RaftServerImpl.java:setRole(170)) - 09175588-d69d-48be-8014-77a75b7bda54@group-123E5CBB917A: changes role from      null to FOLLOWER at term 0 for startAsFollower
2019-10-07 13:24:52,724 [pool-433-thread-1] INFO  util.JmxRegister (JmxRegister.java:tryRegister(44)) - Successfully registered JMX Bean with object name Ratis:service=RaftServer,group=group-123E5CBB917A,id=ac49e126-8da2-479a-9665-0aa5e05c814e
2019-10-07 13:24:52,724 [pool-413-thread-1] INFO  impl.RoleInfo (RoleInfo.java:updateAndGet(143)) - 09175588-d69d-48be-8014-77a75b7bda54: start FollowerState
2019-10-07 13:24:52,725 [pool-413-thread-1] INFO  util.JmxRegister (JmxRegister.java:tryRegister(44)) - Successfully registered JMX Bean with object name Ratis:service=RaftServer,group=group-123E5CBB917A,id=09175588-d69d-48be-8014-77a75b7bda54
2019-10-07 13:24:52,725 [pool-423-thread-1] INFO  impl.RaftServerImpl (RaftServerImpl.java:start(181)) - 596bfca2-47ac-4dbb-837e-99dbb35929e1@group-123E5CBB917A: start as a follower, conf=-1: [09175588-d69d-48be-8014-77a75b7bda54:192.168.151.66:39948, ac49e126-8da2-479a-9665-0aa5e05c814e:192.168.151.66:41229, 596bfca2-47ac-4dbb-837e-99dbb35929e1:192.168.151.66:45349], old=null
2019-10-07 13:24:52,725 [pool-423-thread-1] INFO  impl.RaftServerImpl (RaftServerImpl.java:setRole(170)) - 596bfca2-47ac-4dbb-837e-99dbb35929e1@group-123E5CBB917A: changes role from      null to FOLLOWER at term 0 for startAsFollower
2019-10-07 13:24:52,725 [pool-423-thread-1] INFO  impl.RoleInfo (RoleInfo.java:updateAndGet(143)) - 596bfca2-47ac-4dbb-837e-99dbb35929e1: start FollowerState
2019-10-07 13:24:52,725 [pool-423-thread-1] INFO  util.JmxRegister (JmxRegister.java:tryRegister(44)) - Successfully registered JMX Bean with object name Ratis:service=RaftServer,group=group-123E5CBB917A,id=596bfca2-47ac-4dbb-837e-99dbb35929e1
2019-10-07 13:24:52,739 [RatisPipelineUtilsThread] INFO  pipeline.PipelineStateManager (PipelineStateManager.java:addPipeline(56)) - Created pipeline Pipeline[ Id: c321313c-f8ec-4231-9120-123e5cbb917a, Nodes: 09175588-d69d-48be-8014-77a75b7bda54{ip: 192.168.151.66, host: pr-hdds-2265-m6x5s-933689915, networkLocation: /default-rack, certSerialId: null}596bfca2-47ac-4dbb-837e-99dbb35929e1{ip: 192.168.151.66, host: pr-hdds-2265-m6x5s-933689915, networkLocation: /default-rack, certSerialId: null}ac49e126-8da2-479a-9665-0aa5e05c814e{ip: 192.168.151.66, host: pr-hdds-2265-m6x5s-933689915, networkLocation: /default-rack, certSerialId: null}, Type:RATIS, Factor:THREE, State:OPEN]
2019-10-07 13:24:55,115 [Thread-2321] INFO  container.ReplicationManager (ReplicationManager.java:start(162)) - Starting Replication Monitor Thread.
2019-10-07 13:24:55,119 [ReplicationMonitor] INFO  container.ReplicationManager (ReplicationManager.java:run(225)) - Replication Monitor Thread took 0 milliseconds for processing 1 containers.
2019-10-07 13:24:57,283 [Thread-2326] INFO  impl.FollowerState (FollowerState.java:run(108)) - e3e1c38d-3439-42c6-8ce9-6294e61b27c2@group-5B81F6A6434D-FollowerState: change to CANDIDATE, lastRpcTime:5072ms, electionTimeout:5072ms
2019-10-07 13:24:57,283 [Thread-2326] INFO  impl.RoleInfo (RoleInfo.java:shutdownFollowerState(121)) - e3e1c38d-3439-42c6-8ce9-6294e61b27c2: shutdown FollowerState
2019-10-07 13:24:57,283 [Thread-2326] INFO  impl.RaftServerImpl (RaftServerImpl.java:setRole(170)) - e3e1c38d-3439-42c6-8ce9-6294e61b27c2@group-5B81F6A6434D: changes role from  FOLLOWER to CANDIDATE at term 0 for changeToCandidate
2019-10-07 13:24:57,283 [Thread-2326] INFO  impl.RoleInfo (RoleInfo.java:updateAndGet(143)) - e3e1c38d-3439-42c6-8ce9-6294e61b27c2: start LeaderElection
2019-10-07 13:24:57,300 [Thread-2323] INFO  impl.FollowerState (FollowerState.java:run(108)) - 89b7be7e-870d-455a-8963-d7f89673f648@group-9F6615440703-FollowerState: change to CANDIDATE, lastRpcTime:5138ms, electionTimeout:5138ms
2019-10-07 13:24:57,300 [Thread-2323] INFO  impl.RoleInfo (RoleInfo.java:shutdownFollowerState(121)) - 89b7be7e-870d-455a-8963-d7f89673f648: shutdown FollowerState
2019-10-07 13:24:57,300 [Thread-2323] INFO  impl.RaftServerImpl (RaftServerImpl.java:setRole(170)) - 89b7be7e-870d-455a-8963-d7f89673f648@group-9F6615440703: changes role from  FOLLOWER to CANDIDATE at term 0 for changeToCandidate
2019-10-07 13:24:57,300 [Thread-2323] INFO  impl.RoleInfo (RoleInfo.java:updateAndGet(143)) - 89b7be7e-870d-455a-8963-d7f89673f648: start LeaderElection
2019-10-07 13:24:57,308 [e3e1c38d-3439-42c6-8ce9-6294e61b27c2@group-5B81F6A6434D-LeaderElection82] INFO  impl.LeaderElection (LeaderElection.java:askForVotes(178)) - e3e1c38d-3439-42c6-8ce9-6294e61b27c2@group-5B81F6A6434D-LeaderElection82: begin an election at term 1 for -1: [e3e1c38d-3439-42c6-8ce9-6294e61b27c2:192.168.151.66:38385], old=null
2019-10-07 13:24:57,309 [e3e1c38d-3439-42c6-8ce9-6294e61b27c2@group-5B81F6A6434D-LeaderElection82] INFO  impl.RoleInfo (RoleInfo.java:shutdownLeaderElection(134)) - e3e1c38d-3439-42c6-8ce9-6294e61b27c2: shutdown LeaderElection
2019-10-07 13:24:57,309 [e3e1c38d-3439-42c6-8ce9-6294e61b27c2@group-5B81F6A6434D-LeaderElection82] INFO  impl.RaftServerImpl (RaftServerImpl.java:setRole(170)) - e3e1c38d-3439-42c6-8ce9-6294e61b27c2@group-5B81F6A6434D: changes role from CANDIDATE to LEADER at term 1 for changeToLeader
2019-10-07 13:24:57,309 [e3e1c38d-3439-42c6-8ce9-6294e61b27c2@group-5B81F6A6434D-LeaderElection82] INFO  impl.RaftServerImpl (ServerState.java:setLeader(255)) - e3e1c38d-3439-42c6-8ce9-6294e61b27c2@group-5B81F6A6434D: change Leader from null to e3e1c38d-3439-42c6-8ce9-6294e61b27c2 at term 1 for becomeLeader, leader elected after 5103ms
2019-10-07 13:24:57,309 [e3e1c38d-3439-42c6-8ce9-6294e61b27c2@group-5B81F6A6434D-LeaderElection82] INFO  server.RaftServerConfigKeys (ConfUtils.java:logGet(43)) - raft.server.staging.catchup.gap = 1000 (default)
2019-10-07 13:24:57,309 [e3e1c38d-3439-42c6-8ce9-6294e61b27c2@group-5B81F6A6434D-LeaderElection82] INFO  server.RaftServerConfigKeys (ConfUtils.java:logGet(43)) - raft.server.rpc.sleep.time = 25ms (default)
2019-10-07 13:24:57,310 [e3e1c38d-3439-42c6-8ce9-6294e61b27c2@group-5B81F6A6434D-LeaderElection82] INFO  server.RaftServerConfigKeys (ConfUtils.java:logGet(43)) - raft.server.write.element-limit = 4096 (default)
2019-10-07 13:24:57,310 [e3e1c38d-3439-42c6-8ce9-6294e61b27c2@group-5B81F6A6434D-LeaderElection82] INFO  server.RaftServerConfigKeys (ConfUtils.java:logGet(43)) - raft.server.watch.timeout = 10s (default)
2019-10-07 13:24:57,310 [e3e1c38d-3439-42c6-8ce9-6294e61b27c2@group-5B81F6A6434D-LeaderElection82] INFO  server.RaftServerConfigKeys (ConfUtils.java:logGet(43)) - raft.server.watch.timeout.denomination = 1s (default)
2019-10-07 13:24:57,310 [e3e1c38d-3439-42c6-8ce9-6294e61b27c2@group-5B81F6A6434D-LeaderElection82] INFO  server.RaftServerConfigKeys (ConfUtils.java:logGet(43)) - raft.server.watch.element-limit = 65536 (default)
2019-10-07 13:24:57,313 [e3e1c38d-3439-42c6-8ce9-6294e61b27c2@group-5B81F6A6434D-LeaderElection82] INFO  impl.RoleInfo (RoleInfo.java:updateAndGet(143)) - e3e1c38d-3439-42c6-8ce9-6294e61b27c2: start LeaderState
2019-10-07 13:24:57,313 [e3e1c38d-3439-42c6-8ce9-6294e61b27c2@group-5B81F6A6434D-LeaderElection82] INFO  segmented.SegmentedRaftLogWorker (SegmentedRaftLogWorker.java:startLogSegment(385)) - e3e1c38d-3439-42c6-8ce9-6294e61b27c2@group-5B81F6A6434D-SegmentedRaftLogWorker: Starting segment from index:0
2019-10-07 13:24:57,314 [e3e1c38d-3439-42c6-8ce9-6294e61b27c2@group-5B81F6A6434D-LeaderElection82] INFO  impl.RaftServerImpl (ServerState.java:setRaftConf(356)) - e3e1c38d-3439-42c6-8ce9-6294e61b27c2@group-5B81F6A6434D: set configuration 0: [e3e1c38d-3439-42c6-8ce9-6294e61b27c2:192.168.151.66:38385], old=null at 0
2019-10-07 13:24:57,321 [89b7be7e-870d-455a-8963-d7f89673f648@group-9F6615440703-LeaderElection83] INFO  impl.LeaderElection (LeaderElection.java:askForVotes(178)) - 89b7be7e-870d-455a-8963-d7f89673f648@group-9F6615440703-LeaderElection83: begin an election at term 1 for -1: [89b7be7e-870d-455a-8963-d7f89673f648:192.168.151.66:43298], old=null
2019-10-07 13:24:57,321 [89b7be7e-870d-455a-8963-d7f89673f648@group-9F6615440703-LeaderElection83] INFO  impl.RoleInfo (RoleInfo.java:shutdownLeaderElection(134)) - 89b7be7e-870d-455a-8963-d7f89673f648: shutdown LeaderElection
2019-10-07 13:24:57,321 [89b7be7e-870d-455a-8963-d7f89673f648@group-9F6615440703-LeaderElection83] INFO  impl.RaftServerImpl (RaftServerImpl.java:setRole(170)) - 89b7be7e-870d-455a-8963-d7f89673f648@group-9F6615440703: changes role from CANDIDATE to LEADER at term 1 for changeToLeader
2019-10-07 13:24:57,321 [89b7be7e-870d-455a-8963-d7f89673f648@group-9F6615440703-LeaderElection83] INFO  impl.RaftServerImpl (ServerState.java:setLeader(255)) - 89b7be7e-870d-455a-8963-d7f89673f648@group-9F6615440703: change Leader from null to 89b7be7e-870d-455a-8963-d7f89673f648 at term 1 for becomeLeader, leader elected after 5167ms
2019-10-07 13:24:57,321 [89b7be7e-870d-455a-8963-d7f89673f648@group-9F6615440703-LeaderElection83] INFO  server.RaftServerConfigKeys (ConfUtils.java:logGet(43)) - raft.server.staging.catchup.gap = 1000 (default)
2019-10-07 13:24:57,321 [89b7be7e-870d-455a-8963-d7f89673f648@group-9F6615440703-LeaderElection83] INFO  server.RaftServerConfigKeys (ConfUtils.java:logGet(43)) - raft.server.rpc.sleep.time = 25ms (default)
2019-10-07 13:24:57,322 [89b7be7e-870d-455a-8963-d7f89673f648@group-9F6615440703-LeaderElection83] INFO  server.RaftServerConfigKeys (ConfUtils.java:logGet(43)) - raft.server.write.element-limit = 4096 (default)
2019-10-07 13:24:57,322 [89b7be7e-870d-455a-8963-d7f89673f648@group-9F6615440703-LeaderElection83] INFO  server.RaftServerConfigKeys (ConfUtils.java:logGet(43)) - raft.server.watch.timeout = 10s (default)
2019-10-07 13:24:57,322 [89b7be7e-870d-455a-8963-d7f89673f648@group-9F6615440703-LeaderElection83] INFO  server.RaftServerConfigKeys (ConfUtils.java:logGet(43)) - raft.server.watch.timeout.denomination = 1s (default)
2019-10-07 13:24:57,322 [89b7be7e-870d-455a-8963-d7f89673f648@group-9F6615440703-LeaderElection83] INFO  server.RaftServerConfigKeys (ConfUtils.java:logGet(43)) - raft.server.watch.element-limit = 65536 (default)
2019-10-07 13:24:57,324 [89b7be7e-870d-455a-8963-d7f89673f648@group-9F6615440703-LeaderElection83] INFO  impl.RoleInfo (RoleInfo.java:updateAndGet(143)) - 89b7be7e-870d-455a-8963-d7f89673f648: start LeaderState
2019-10-07 13:24:57,324 [89b7be7e-870d-455a-8963-d7f89673f648@group-9F6615440703-LeaderElection83] INFO  segmented.SegmentedRaftLogWorker (SegmentedRaftLogWorker.java:startLogSegment(385)) - 89b7be7e-870d-455a-8963-d7f89673f648@group-9F6615440703-SegmentedRaftLogWorker: Starting segment from index:0
2019-10-07 13:24:57,325 [89b7be7e-870d-455a-8963-d7f89673f648@group-9F6615440703-LeaderElection83] INFO  impl.RaftServerImpl (ServerState.java:setRaftConf(356)) - 89b7be7e-870d-455a-8963-d7f89673f648@group-9F6615440703: set configuration 0: [89b7be7e-870d-455a-8963-d7f89673f648:192.168.151.66:43298], old=null at 0
2019-10-07 13:24:57,354 [89b7be7e-870d-455a-8963-d7f89673f648@group-9F6615440703-SegmentedRaftLogWorker] INFO  segmented.SegmentedRaftLogWorker (SegmentedRaftLogWorker.java:execute(574)) - 89b7be7e-870d-455a-8963-d7f89673f648@group-9F6615440703-SegmentedRaftLogWorker: created new log segment /workdir/hadoop-ozone/integration-test/target/test-dir/MiniOzoneClusterImpl-01368c1a-6328-4066-8a93-de455066d669/datanode-0/data/ratis/909a3c86-24af-49aa-98df-9f6615440703/current/log_inprogress_0
2019-10-07 13:24:57,354 [e3e1c38d-3439-42c6-8ce9-6294e61b27c2@group-5B81F6A6434D-SegmentedRaftLogWorker] INFO  segmented.SegmentedRaftLogWorker (SegmentedRaftLogWorker.java:execute(574)) - e3e1c38d-3439-42c6-8ce9-6294e61b27c2@group-5B81F6A6434D-SegmentedRaftLogWorker: created new log segment /workdir/hadoop-ozone/integration-test/target/test-dir/MiniOzoneClusterImpl-01368c1a-6328-4066-8a93-de455066d669/datanode-1/data/ratis/48a4a4bc-829c-4d60-9903-5b81f6a6434d/current/log_inprogress_0
2019-10-07 13:24:57,390 [Thread-2329] INFO  impl.FollowerState (FollowerState.java:run(108)) - 64f73d85-b137-48a7-ba3e-12b9387c5b9d@group-96CD1AA81F09-FollowerState: change to CANDIDATE, lastRpcTime:5120ms, electionTimeout:5120ms
2019-10-07 13:24:57,390 [Thread-2329] INFO  impl.RoleInfo (RoleInfo.java:shutdownFollowerState(121)) - 64f73d85-b137-48a7-ba3e-12b9387c5b9d: shutdown FollowerState
2019-10-07 13:24:57,390 [Thread-2329] INFO  impl.RaftServerImpl (RaftServerImpl.java:setRole(170)) - 64f73d85-b137-48a7-ba3e-12b9387c5b9d@group-96CD1AA81F09: changes role from  FOLLOWER to CANDIDATE at term 0 for changeToCandidate
2019-10-07 13:24:57,390 [Thread-2329] INFO  impl.RoleInfo (RoleInfo.java:updateAndGet(143)) - 64f73d85-b137-48a7-ba3e-12b9387c5b9d: start LeaderElection
2019-10-07 13:24:57,400 [Thread-2333] INFO  impl.FollowerState (FollowerState.java:run(108)) - e3e1c38d-3439-42c6-8ce9-6294e61b27c2@group-DA502D367CC2-FollowerState: change to CANDIDATE, lastRpcTime:5050ms, electionTimeout:5050ms
2019-10-07 13:24:57,401 [Thread-2333] INFO  impl.RoleInfo (RoleInfo.java:shutdownFollowerState(121)) - e3e1c38d-3439-42c6-8ce9-6294e61b27c2: shutdown FollowerState
2019-10-07 13:24:57,401 [Thread-2333] INFO  impl.RaftServerImpl (RaftServerImpl.java:setRole(170)) - e3e1c38d-3439-42c6-8ce9-6294e61b27c2@group-DA502D367CC2: changes role from  FOLLOWER to CANDIDATE at term 0 for changeToCandidate
2019-10-07 13:24:57,401 [Thread-2333] INFO  impl.RoleInfo (RoleInfo.java:updateAndGet(143)) - e3e1c38d-3439-42c6-8ce9-6294e61b27c2: start LeaderElection
2019-10-07 13:24:57,415 [64f73d85-b137-48a7-ba3e-12b9387c5b9d@group-96CD1AA81F09-LeaderElection84] INFO  impl.LeaderElection (LeaderElection.java:askForVotes(178)) - 64f73d85-b137-48a7-ba3e-12b9387c5b9d@group-96CD1AA81F09-LeaderElection84: begin an election at term 1 for -1: [64f73d85-b137-48a7-ba3e-12b9387c5b9d:192.168.151.66:43959], old=null
2019-10-07 13:24:57,415 [e3e1c38d-3439-42c6-8ce9-6294e61b27c2@group-DA502D367CC2-LeaderElection85] INFO  impl.LeaderElection (LeaderElection.java:askForVotes(178)) - e3e1c38d-3439-42c6-8ce9-6294e61b27c2@group-DA502D367CC2-LeaderElection85: begin an election at term 1 for -1: [64f73d85-b137-48a7-ba3e-12b9387c5b9d:192.168.151.66:43959, e3e1c38d-3439-42c6-8ce9-6294e61b27c2:192.168.151.66:38385, 89b7be7e-870d-455a-8963-d7f89673f648:192.168.151.66:43298], old=null
2019-10-07 13:24:57,416 [64f73d85-b137-48a7-ba3e-12b9387c5b9d@group-96CD1AA81F09-LeaderElection84] INFO  impl.RoleInfo (RoleInfo.java:shutdownLeaderElection(134)) - 64f73d85-b137-48a7-ba3e-12b9387c5b9d: shutdown LeaderElection
2019-10-07 13:24:57,416 [64f73d85-b137-48a7-ba3e-12b9387c5b9d@group-96CD1AA81F09-LeaderElection84] INFO  impl.RaftServerImpl (RaftServerImpl.java:setRole(170)) - 64f73d85-b137-48a7-ba3e-12b9387c5b9d@group-96CD1AA81F09: changes role from CANDIDATE to LEADER at term 1 for changeToLeader
2019-10-07 13:24:57,416 [64f73d85-b137-48a7-ba3e-12b9387c5b9d@group-96CD1AA81F09-LeaderElection84] INFO  impl.RaftServerImpl (ServerState.java:setLeader(255)) - 64f73d85-b137-48a7-ba3e-12b9387c5b9d@group-96CD1AA81F09: change Leader from null to 64f73d85-b137-48a7-ba3e-12b9387c5b9d at term 1 for becomeLeader, leader elected after 5152ms
2019-10-07 13:24:57,416 [64f73d85-b137-48a7-ba3e-12b9387c5b9d@group-96CD1AA81F09-LeaderElection84] INFO  server.RaftServerConfigKeys (ConfUtils.java:logGet(43)) - raft.server.staging.catchup.gap = 1000 (default)
2019-10-07 13:24:57,417 [64f73d85-b137-48a7-ba3e-12b9387c5b9d@group-96CD1AA81F09-LeaderElection84] INFO  server.RaftServerConfigKeys (ConfUtils.java:logGet(43)) - raft.server.rpc.sleep.time = 25ms (default)
2019-10-07 13:24:57,417 [64f73d85-b137-48a7-ba3e-12b9387c5b9d@group-96CD1AA81F09-LeaderElection84] INFO  server.RaftServerConfigKeys (ConfUtils.java:logGet(43)) - raft.server.write.element-limit = 4096 (default)
2019-10-07 13:24:57,417 [64f73d85-b137-48a7-ba3e-12b9387c5b9d@group-96CD1AA81F09-LeaderElection84] INFO  server.RaftServerConfigKeys (ConfUtils.java:logGet(43)) - raft.server.watch.timeout = 10s (default)
2019-10-07 13:24:57,417 [64f73d85-b137-48a7-ba3e-12b9387c5b9d@group-96CD1AA81F09-LeaderElection84] INFO  server.RaftServerConfigKeys (ConfUtils.java:logGet(43)) - raft.server.watch.timeout.denomination = 1s (default)
2019-10-07 13:24:57,417 [64f73d85-b137-48a7-ba3e-12b9387c5b9d@group-96CD1AA81F09-LeaderElection84] INFO  server.RaftServerConfigKeys (ConfUtils.java:logGet(43)) - raft.server.watch.element-limit = 65536 (default)
2019-10-07 13:24:57,419 [64f73d85-b137-48a7-ba3e-12b9387c5b9d@group-96CD1AA81F09-LeaderElection84] INFO  impl.RoleInfo (RoleInfo.java:updateAndGet(143)) - 64f73d85-b137-48a7-ba3e-12b9387c5b9d: start LeaderState
2019-10-07 13:24:57,419 [64f73d85-b137-48a7-ba3e-12b9387c5b9d@group-96CD1AA81F09-LeaderElection84] INFO  segmented.SegmentedRaftLogWorker (SegmentedRaftLogWorker.java:startLogSegment(385)) - 64f73d85-b137-48a7-ba3e-12b9387c5b9d@group-96CD1AA81F09-SegmentedRaftLogWorker: Starting segment from index:0
2019-10-07 13:24:57,420 [grpc-default-executor-7] INFO  impl.RaftServerImpl (RaftServerImpl.java:setRole(170)) - 89b7be7e-870d-455a-8963-d7f89673f648@group-DA502D367CC2: changes role from  FOLLOWER to FOLLOWER at term 1 for recognizeCandidate:e3e1c38d-3439-42c6-8ce9-6294e61b27c2
2019-10-07 13:24:57,420 [grpc-default-executor-7] INFO  impl.RoleInfo (RoleInfo.java:shutdownFollowerState(121)) - 89b7be7e-870d-455a-8963-d7f89673f648: shutdown FollowerState
2019-10-07 13:24:57,420 [64f73d85-b137-48a7-ba3e-12b9387c5b9d@group-96CD1AA81F09-LeaderElection84] INFO  impl.RaftServerImpl (ServerState.java:setRaftConf(356)) - 64f73d85-b137-48a7-ba3e-12b9387c5b9d@group-96CD1AA81F09: set configuration 0: [64f73d85-b137-48a7-ba3e-12b9387c5b9d:192.168.151.66:43959], old=null at 0
2019-10-07 13:24:57,420 [Thread-2337] INFO  impl.FollowerState (FollowerState.java:run(117)) - 89b7be7e-870d-455a-8963-d7f89673f648@group-DA502D367CC2-FollowerState was interrupted: java.lang.InterruptedException: sleep interrupted
2019-10-07 13:24:57,420 [grpc-default-executor-7] INFO  impl.RoleInfo (RoleInfo.java:updateAndGet(143)) - 89b7be7e-870d-455a-8963-d7f89673f648: start FollowerState
2019-10-07 13:24:57,421 [grpc-default-executor-3] INFO  impl.RaftServerImpl (RaftServerImpl.java:setRole(170)) - 64f73d85-b137-48a7-ba3e-12b9387c5b9d@group-DA502D367CC2: changes role from  FOLLOWER to FOLLOWER at term 1 for recognizeCandidate:e3e1c38d-3439-42c6-8ce9-6294e61b27c2
2019-10-07 13:24:57,444 [grpc-default-executor-3] INFO  impl.RoleInfo (RoleInfo.java:shutdownFollowerState(121)) - 64f73d85-b137-48a7-ba3e-12b9387c5b9d: shutdown FollowerState
2019-10-07 13:24:57,444 [grpc-default-executor-3] INFO  impl.RoleInfo (RoleInfo.java:updateAndGet(143)) - 64f73d85-b137-48a7-ba3e-12b9387c5b9d: start FollowerState
2019-10-07 13:24:57,444 [Thread-2335] INFO  impl.FollowerState (FollowerState.java:run(117)) - 64f73d85-b137-48a7-ba3e-12b9387c5b9d@group-DA502D367CC2-FollowerState was interrupted: java.lang.InterruptedException: sleep interrupted
2019-10-07 13:24:57,448 [64f73d85-b137-48a7-ba3e-12b9387c5b9d@group-96CD1AA81F09-SegmentedRaftLogWorker] INFO  segmented.SegmentedRaftLogWorker (SegmentedRaftLogWorker.java:execute(574)) - 64f73d85-b137-48a7-ba3e-12b9387c5b9d@group-96CD1AA81F09-SegmentedRaftLogWorker: created new log segment /workdir/hadoop-ozone/integration-test/target/test-dir/MiniOzoneClusterImpl-01368c1a-6328-4066-8a93-de455066d669/datanode-2/data/ratis/fceda9ea-22f5-4c77-bb21-96cd1aa81f09/current/log_inprogress_0
2019-10-07 13:24:57,465 [e3e1c38d-3439-42c6-8ce9-6294e61b27c2@group-DA502D367CC2-LeaderElection85] INFO  impl.LeaderElection (LeaderElection.java:logAndReturn(56)) - e3e1c38d-3439-42c6-8ce9-6294e61b27c2@group-DA502D367CC2-LeaderElection85: Election PASSED; received 1 response(s) [e3e1c38d-3439-42c6-8ce9-6294e61b27c2<-89b7be7e-870d-455a-8963-d7f89673f648#0:OK-t1] and 0 exception(s); e3e1c38d-3439-42c6-8ce9-6294e61b27c2@group-DA502D367CC2:t1, leader=null, voted=e3e1c38d-3439-42c6-8ce9-6294e61b27c2, raftlog=e3e1c38d-3439-42c6-8ce9-6294e61b27c2@group-DA502D367CC2-SegmentedRaftLog:OPENED:c-1,f-1,i0, conf=-1: [64f73d85-b137-48a7-ba3e-12b9387c5b9d:192.168.151.66:43959, e3e1c38d-3439-42c6-8ce9-6294e61b27c2:192.168.151.66:38385, 89b7be7e-870d-455a-8963-d7f89673f648:192.168.151.66:43298], old=null
2019-10-07 13:24:57,465 [e3e1c38d-3439-42c6-8ce9-6294e61b27c2@group-DA502D367CC2-LeaderElection85] INFO  impl.RoleInfo (RoleInfo.java:shutdownLeaderElection(134)) - e3e1c38d-3439-42c6-8ce9-6294e61b27c2: shutdown LeaderElection
2019-10-07 13:24:57,466 [e3e1c38d-3439-42c6-8ce9-6294e61b27c2@group-DA502D367CC2-LeaderElection85] INFO  impl.RaftServerImpl (RaftServerImpl.java:setRole(170)) - e3e1c38d-3439-42c6-8ce9-6294e61b27c2@group-DA502D367CC2: changes role from CANDIDATE to LEADER at term 1 for changeToLeader
2019-10-07 13:24:57,466 [e3e1c38d-3439-42c6-8ce9-6294e61b27c2@group-DA502D367CC2-LeaderElection85] INFO  impl.RaftServerImpl (ServerState.java:setLeader(255)) - e3e1c38d-3439-42c6-8ce9-6294e61b27c2@group-DA502D367CC2: change Leader from null to e3e1c38d-3439-42c6-8ce9-6294e61b27c2 at term 1 for becomeLeader, leader elected after 5124ms
2019-10-07 13:24:57,466 [e3e1c38d-3439-42c6-8ce9-6294e61b27c2@group-DA502D367CC2-LeaderElection85] INFO  server.RaftServerConfigKeys (ConfUtils.java:logGet(43)) - raft.server.staging.catchup.gap = 1000 (default)
2019-10-07 13:24:57,466 [e3e1c38d-3439-42c6-8ce9-6294e61b27c2@group-DA502D367CC2-LeaderElection85] INFO  server.RaftServerConfigKeys (ConfUtils.java:logGet(43)) - raft.server.rpc.sleep.time = 25ms (default)
2019-10-07 13:24:57,466 [e3e1c38d-3439-42c6-8ce9-6294e61b27c2@group-DA502D367CC2-LeaderElection85] INFO  server.RaftServerConfigKeys (ConfUtils.java:logGet(43)) - raft.server.write.element-limit = 4096 (default)
2019-10-07 13:24:57,466 [e3e1c38d-3439-42c6-8ce9-6294e61b27c2@group-DA502D367CC2-LeaderElection85] INFO  server.RaftServerConfigKeys (ConfUtils.java:logGet(43)) - raft.server.watch.timeout = 10s (default)
2019-10-07 13:24:57,466 [e3e1c38d-3439-42c6-8ce9-6294e61b27c2@group-DA502D367CC2-LeaderElection85] INFO  server.RaftServerConfigKeys (ConfUtils.java:logGet(43)) - raft.server.watch.timeout.denomination = 1s (default)
2019-10-07 13:24:57,466 [e3e1c38d-3439-42c6-8ce9-6294e61b27c2@group-DA502D367CC2-LeaderElection85] INFO  server.RaftServerConfigKeys (ConfUtils.java:logGet(43)) - raft.server.watch.element-limit = 65536 (default)
2019-10-07 13:24:57,468 [e3e1c38d-3439-42c6-8ce9-6294e61b27c2@group-DA502D367CC2-LeaderElection85] INFO  server.RaftServerConfigKeys (ConfUtils.java:logGet(43)) - raft.server.log.appender.snapshot.chunk.size.max = 16MB (=16777216) (default)
2019-10-07 13:24:57,468 [e3e1c38d-3439-42c6-8ce9-6294e61b27c2@group-DA502D367CC2-LeaderElection85] INFO  server.RaftServerConfigKeys (ConfUtils.java:logGet(43)) - raft.server.log.appender.buffer.byte-limit = 33554432 (custom)
2019-10-07 13:24:57,468 [e3e1c38d-3439-42c6-8ce9-6294e61b27c2@group-DA502D367CC2-LeaderElection85] INFO  server.RaftServerConfigKeys (ConfUtils.java:logGet(43)) - raft.server.log.appender.buffer.element-limit = 1 (custom)
2019-10-07 13:24:57,468 [e3e1c38d-3439-42c6-8ce9-6294e61b27c2@group-DA502D367CC2-LeaderElection85] INFO  grpc.GrpcConfigKeys$Server (ConfUtils.java:logGet(43)) - raft.grpc.server.leader.outstanding.appends.max = 128 (default)
2019-10-07 13:24:57,469 [e3e1c38d-3439-42c6-8ce9-6294e61b27c2@group-DA502D367CC2-LeaderElection85] INFO  server.RaftServerConfigKeys (ConfUtils.java:logGet(43)) - raft.server.rpc.request.timeout = 3000ms (default)
2019-10-07 13:24:57,469 [e3e1c38d-3439-42c6-8ce9-6294e61b27c2@group-DA502D367CC2-LeaderElection85] INFO  server.RaftServerConfigKeys (ConfUtils.java:logGet(43)) - raft.server.log.appender.install.snapshot.enabled = false (custom)
2019-10-07 13:24:57,469 [e3e1c38d-3439-42c6-8ce9-6294e61b27c2@group-DA502D367CC2-LeaderElection85] INFO  server.RaftServerConfigKeys (ConfUtils.java:logGet(43)) - raft.server.log.appender.snapshot.chunk.size.max = 16MB (=16777216) (default)
2019-10-07 13:24:57,469 [e3e1c38d-3439-42c6-8ce9-6294e61b27c2@group-DA502D367CC2-LeaderElection85] INFO  server.RaftServerConfigKeys (ConfUtils.java:logGet(43)) - raft.server.log.appender.buffer.byte-limit = 33554432 (custom)
2019-10-07 13:24:57,469 [e3e1c38d-3439-42c6-8ce9-6294e61b27c2@group-DA502D367CC2-LeaderElection85] INFO  server.RaftServerConfigKeys (ConfUtils.java:logGet(43)) - raft.server.log.appender.buffer.element-limit = 1 (custom)
2019-10-07 13:24:57,469 [e3e1c38d-3439-42c6-8ce9-6294e61b27c2@group-DA502D367CC2-LeaderElection85] INFO  grpc.GrpcConfigKeys$Server (ConfUtils.java:logGet(43)) - raft.grpc.server.leader.outstanding.appends.max = 128 (default)
2019-10-07 13:24:57,469 [e3e1c38d-3439-42c6-8ce9-6294e61b27c2@group-DA502D367CC2-LeaderElection85] INFO  server.RaftServerConfigKeys (ConfUtils.java:logGet(43)) - raft.server.rpc.request.timeout = 3000ms (default)
2019-10-07 13:24:57,470 [e3e1c38d-3439-42c6-8ce9-6294e61b27c2@group-DA502D367CC2-LeaderElection85] INFO  server.RaftServerConfigKeys (ConfUtils.java:logGet(43)) - raft.server.log.appender.install.snapshot.enabled = false (custom)
2019-10-07 13:24:57,470 [e3e1c38d-3439-42c6-8ce9-6294e61b27c2@group-DA502D367CC2-LeaderElection85] INFO  impl.RoleInfo (RoleInfo.java:updateAndGet(143)) - e3e1c38d-3439-42c6-8ce9-6294e61b27c2: start LeaderState
2019-10-07 13:24:57,470 [e3e1c38d-3439-42c6-8ce9-6294e61b27c2@group-DA502D367CC2-LeaderElection85] INFO  segmented.SegmentedRaftLogWorker (SegmentedRaftLogWorker.java:startLogSegment(385)) - e3e1c38d-3439-42c6-8ce9-6294e61b27c2@group-DA502D367CC2-SegmentedRaftLogWorker: Starting segment from index:0
2019-10-07 13:24:57,470 [e3e1c38d-3439-42c6-8ce9-6294e61b27c2@group-DA502D367CC2-LeaderElection85] INFO  impl.RaftServerImpl (ServerState.java:setRaftConf(356)) - e3e1c38d-3439-42c6-8ce9-6294e61b27c2@group-DA502D367CC2: set configuration 0: [64f73d85-b137-48a7-ba3e-12b9387c5b9d:192.168.151.66:43959, e3e1c38d-3439-42c6-8ce9-6294e61b27c2:192.168.151.66:38385, 89b7be7e-870d-455a-8963-d7f89673f648:192.168.151.66:43298], old=null at 0
2019-10-07 13:24:57,496 [grpc-default-executor-3] INFO  impl.RaftServerImpl (ServerState.java:setLeader(255)) - 89b7be7e-870d-455a-8963-d7f89673f648@group-DA502D367CC2: change Leader from null to e3e1c38d-3439-42c6-8ce9-6294e61b27c2 at term 1 for appendEntries, leader elected after 5154ms
2019-10-07 13:24:57,496 [Thread-2341] INFO  impl.FollowerState (FollowerState.java:run(108)) - 09175588-d69d-48be-8014-77a75b7bda54@group-FB435516CA8D-FollowerState: change to CANDIDATE, lastRpcTime:5013ms, electionTimeout:5008ms
2019-10-07 13:24:57,496 [Thread-2341] INFO  impl.RoleInfo (RoleInfo.java:shutdownFollowerState(121)) - 09175588-d69d-48be-8014-77a75b7bda54: shutdown FollowerState
2019-10-07 13:24:57,497 [Thread-2341] INFO  impl.RaftServerImpl (RaftServerImpl.java:setRole(170)) - 09175588-d69d-48be-8014-77a75b7bda54@group-FB435516CA8D: changes role from  FOLLOWER to CANDIDATE at term 0 for changeToCandidate
2019-10-07 13:24:57,497 [Thread-2341] INFO  impl.RoleInfo (RoleInfo.java:updateAndGet(143)) - 09175588-d69d-48be-8014-77a75b7bda54: start LeaderElection
2019-10-07 13:24:57,507 [grpc-default-executor-7] INFO  impl.RaftServerImpl (ServerState.java:setLeader(255)) - 64f73d85-b137-48a7-ba3e-12b9387c5b9d@group-DA502D367CC2: change Leader from null to e3e1c38d-3439-42c6-8ce9-6294e61b27c2 at term 1 for appendEntries, leader elected after 5165ms
2019-10-07 13:24:57,508 [grpc-default-executor-7] INFO  impl.RaftServerImpl (ServerState.java:setRaftConf(356)) - 89b7be7e-870d-455a-8963-d7f89673f648@group-DA502D367CC2: set configuration 0: [64f73d85-b137-48a7-ba3e-12b9387c5b9d:192.168.151.66:43959, e3e1c38d-3439-42c6-8ce9-6294e61b27c2:192.168.151.66:38385, 89b7be7e-870d-455a-8963-d7f89673f648:192.168.151.66:43298], old=null at 0
2019-10-07 13:24:57,508 [grpc-default-executor-7] INFO  segmented.SegmentedRaftLogWorker (SegmentedRaftLogWorker.java:startLogSegment(385)) - 89b7be7e-870d-455a-8963-d7f89673f648@group-DA502D367CC2-SegmentedRaftLogWorker: Starting segment from index:0
2019-10-07 13:24:57,509 [grpc-default-executor-7] INFO  impl.RaftServerImpl (ServerState.java:setRaftConf(356)) - 64f73d85-b137-48a7-ba3e-12b9387c5b9d@group-DA502D367CC2: set configuration 0: [64f73d85-b137-48a7-ba3e-12b9387c5b9d:192.168.151.66:43959, e3e1c38d-3439-42c6-8ce9-6294e61b27c2:192.168.151.66:38385, 89b7be7e-870d-455a-8963-d7f89673f648:192.168.151.66:43298], old=null at 0
2019-10-07 13:24:57,509 [grpc-default-executor-7] INFO  segmented.SegmentedRaftLogWorker (SegmentedRaftLogWorker.java:startLogSegment(385)) - 64f73d85-b137-48a7-ba3e-12b9387c5b9d@group-DA502D367CC2-SegmentedRaftLogWorker: Starting segment from index:0
2019-10-07 13:24:57,509 [e3e1c38d-3439-42c6-8ce9-6294e61b27c2@group-DA502D367CC2-SegmentedRaftLogWorker] INFO  segmented.SegmentedRaftLogWorker (SegmentedRaftLogWorker.java:execute(574)) - e3e1c38d-3439-42c6-8ce9-6294e61b27c2@group-DA502D367CC2-SegmentedRaftLogWorker: created new log segment /workdir/hadoop-ozone/integration-test/target/test-dir/MiniOzoneClusterImpl-01368c1a-6328-4066-8a93-de455066d669/datanode-1/data/ratis/163de34f-b7d7-4321-992d-da502d367cc2/current/log_inprogress_0
2019-10-07 13:24:57,515 [09175588-d69d-48be-8014-77a75b7bda54@group-FB435516CA8D-LeaderElection86] INFO  impl.LeaderElection (LeaderElection.java:askForVotes(178)) - 09175588-d69d-48be-8014-77a75b7bda54@group-FB435516CA8D-LeaderElection86: begin an election at term 1 for -1: [09175588-d69d-48be-8014-77a75b7bda54:192.168.151.66:39948], old=null
2019-10-07 13:24:57,515 [09175588-d69d-48be-8014-77a75b7bda54@group-FB435516CA8D-LeaderElection86] INFO  impl.RoleInfo (RoleInfo.java:shutdownLeaderElection(134)) - 09175588-d69d-48be-8014-77a75b7bda54: shutdown LeaderElection
2019-10-07 13:24:57,515 [09175588-d69d-48be-8014-77a75b7bda54@group-FB435516CA8D-LeaderElection86] INFO  impl.RaftServerImpl (RaftServerImpl.java:setRole(170)) - 09175588-d69d-48be-8014-77a75b7bda54@group-FB435516CA8D: changes role from CANDIDATE to LEADER at term 1 for changeToLeader
2019-10-07 13:24:57,516 [09175588-d69d-48be-8014-77a75b7bda54@group-FB435516CA8D-LeaderElection86] INFO  impl.RaftServerImpl (ServerState.java:setLeader(255)) - 09175588-d69d-48be-8014-77a75b7bda54@group-FB435516CA8D: change Leader from null to 09175588-d69d-48be-8014-77a75b7bda54 at term 1 for becomeLeader, leader elected after 5039ms
2019-10-07 13:24:57,516 [09175588-d69d-48be-8014-77a75b7bda54@group-FB435516CA8D-LeaderElection86] INFO  server.RaftServerConfigKeys (ConfUtils.java:logGet(43)) - raft.server.staging.catchup.gap = 1000 (default)
2019-10-07 13:24:57,516 [09175588-d69d-48be-8014-77a75b7bda54@group-FB435516CA8D-LeaderElection86] INFO  server.RaftServerConfigKeys (ConfUtils.java:logGet(43)) - raft.server.rpc.sleep.time = 25ms (default)
2019-10-07 13:24:57,516 [09175588-d69d-48be-8014-77a75b7bda54@group-FB435516CA8D-LeaderElection86] INFO  server.RaftServerConfigKeys (ConfUtils.java:logGet(43)) - raft.server.write.element-limit = 4096 (default)
2019-10-07 13:24:57,516 [09175588-d69d-48be-8014-77a75b7bda54@group-FB435516CA8D-LeaderElection86] INFO  server.RaftServerConfigKeys (ConfUtils.java:logGet(43)) - raft.server.watch.timeout = 10s (default)
2019-10-07 13:24:57,516 [09175588-d69d-48be-8014-77a75b7bda54@group-FB435516CA8D-LeaderElection86] INFO  server.RaftServerConfigKeys (ConfUtils.java:logGet(43)) - raft.server.watch.timeout.denomination = 1s (default)
2019-10-07 13:24:57,516 [09175588-d69d-48be-8014-77a75b7bda54@group-FB435516CA8D-LeaderElection86] INFO  server.RaftServerConfigKeys (ConfUtils.java:logGet(43)) - raft.server.watch.element-limit = 65536 (default)
2019-10-07 13:24:57,518 [09175588-d69d-48be-8014-77a75b7bda54@group-FB435516CA8D-LeaderElection86] INFO  impl.RoleInfo (RoleInfo.java:updateAndGet(143)) - 09175588-d69d-48be-8014-77a75b7bda54: start LeaderState
2019-10-07 13:24:57,518 [09175588-d69d-48be-8014-77a75b7bda54@group-FB435516CA8D-LeaderElection86] INFO  segmented.SegmentedRaftLogWorker (SegmentedRaftLogWorker.java:startLogSegment(385)) - 09175588-d69d-48be-8014-77a75b7bda54@group-FB435516CA8D-SegmentedRaftLogWorker: Starting segment from index:0
2019-10-07 13:24:57,519 [09175588-d69d-48be-8014-77a75b7bda54@group-FB435516CA8D-LeaderElection86] INFO  impl.RaftServerImpl (ServerState.java:setRaftConf(356)) - 09175588-d69d-48be-8014-77a75b7bda54@group-FB435516CA8D: set configuration 0: [09175588-d69d-48be-8014-77a75b7bda54:192.168.151.66:39948], old=null at 0
2019-10-07 13:24:57,542 [64f73d85-b137-48a7-ba3e-12b9387c5b9d@group-DA502D367CC2-SegmentedRaftLogWorker] INFO  segmented.SegmentedRaftLogWorker (SegmentedRaftLogWorker.java:execute(574)) - 64f73d85-b137-48a7-ba3e-12b9387c5b9d@group-DA502D367CC2-SegmentedRaftLogWorker: created new log segment /workdir/hadoop-ozone/integration-test/target/test-dir/MiniOzoneClusterImpl-01368c1a-6328-4066-8a93-de455066d669/datanode-2/data/ratis/163de34f-b7d7-4321-992d-da502d367cc2/current/log_inprogress_0
2019-10-07 13:24:57,549 [89b7be7e-870d-455a-8963-d7f89673f648@group-DA502D367CC2-SegmentedRaftLogWorker] INFO  segmented.SegmentedRaftLogWorker (SegmentedRaftLogWorker.java:execute(574)) - 89b7be7e-870d-455a-8963-d7f89673f648@group-DA502D367CC2-SegmentedRaftLogWorker: created new log segment /workdir/hadoop-ozone/integration-test/target/test-dir/MiniOzoneClusterImpl-01368c1a-6328-4066-8a93-de455066d669/datanode-0/data/ratis/163de34f-b7d7-4321-992d-da502d367cc2/current/log_inprogress_0
2019-10-07 13:24:57,551 [09175588-d69d-48be-8014-77a75b7bda54@group-FB435516CA8D-SegmentedRaftLogWorker] INFO  segmented.SegmentedRaftLogWorker (SegmentedRaftLogWorker.java:execute(574)) - 09175588-d69d-48be-8014-77a75b7bda54@group-FB435516CA8D-SegmentedRaftLogWorker: created new log segment /workdir/hadoop-ozone/integration-test/target/test-dir/MiniOzoneClusterImpl-01368c1a-6328-4066-8a93-de455066d669/datanode-3/data/ratis/ba3eca06-058e-49c0-ba73-fb435516ca8d/current/log_inprogress_0
2019-10-07 13:24:57,710 [Thread-2349] INFO  impl.FollowerState (FollowerState.java:run(108)) - ac49e126-8da2-479a-9665-0aa5e05c814e@group-03ADC395D9D8-FollowerState: change to CANDIDATE, lastRpcTime:5096ms, electionTimeout:5096ms
2019-10-07 13:24:57,711 [Thread-2349] INFO  impl.RoleInfo (RoleInfo.java:shutdownFollowerState(121)) - ac49e126-8da2-479a-9665-0aa5e05c814e: shutdown FollowerState
2019-10-07 13:24:57,711 [Thread-2349] INFO  impl.RaftServerImpl (RaftServerImpl.java:setRole(170)) - ac49e126-8da2-479a-9665-0aa5e05c814e@group-03ADC395D9D8: changes role from  FOLLOWER to CANDIDATE at term 0 for changeToCandidate
2019-10-07 13:24:57,711 [Thread-2349] INFO  impl.RoleInfo (RoleInfo.java:updateAndGet(143)) - ac49e126-8da2-479a-9665-0aa5e05c814e: start LeaderElection
2019-10-07 13:24:57,737 [Thread-2346] INFO  impl.FollowerState (FollowerState.java:run(108)) - 596bfca2-47ac-4dbb-837e-99dbb35929e1@group-DE5116BC0CB1-FollowerState: change to CANDIDATE, lastRpcTime:5169ms, electionTimeout:5169ms
2019-10-07 13:24:57,737 [Thread-2346] INFO  impl.RoleInfo (RoleInfo.java:shutdownFollowerState(121)) - 596bfca2-47ac-4dbb-837e-99dbb35929e1: shutdown FollowerState
2019-10-07 13:24:57,737 [Thread-2346] INFO  impl.RaftServerImpl (RaftServerImpl.java:setRole(170)) - 596bfca2-47ac-4dbb-837e-99dbb35929e1@group-DE5116BC0CB1: changes role from  FOLLOWER to CANDIDATE at term 0 for changeToCandidate
2019-10-07 13:24:57,737 [Thread-2346] INFO  impl.RoleInfo (RoleInfo.java:updateAndGet(143)) - 596bfca2-47ac-4dbb-837e-99dbb35929e1: start LeaderElection
2019-10-07 13:24:57,743 [ac49e126-8da2-479a-9665-0aa5e05c814e@group-03ADC395D9D8-LeaderElection87] INFO  impl.LeaderElection (LeaderElection.java:askForVotes(178)) - ac49e126-8da2-479a-9665-0aa5e05c814e@group-03ADC395D9D8-LeaderElection87: begin an election at term 1 for -1: [ac49e126-8da2-479a-9665-0aa5e05c814e:192.168.151.66:41229], old=null
2019-10-07 13:24:57,743 [ac49e126-8da2-479a-9665-0aa5e05c814e@group-03ADC395D9D8-LeaderElection87] INFO  impl.RoleInfo (RoleInfo.java:shutdownLeaderElection(134)) - ac49e126-8da2-479a-9665-0aa5e05c814e: shutdown LeaderElection
2019-10-07 13:24:57,743 [ac49e126-8da2-479a-9665-0aa5e05c814e@group-03ADC395D9D8-LeaderElection87] INFO  impl.RaftServerImpl (RaftServerImpl.java:setRole(170)) - ac49e126-8da2-479a-9665-0aa5e05c814e@group-03ADC395D9D8: changes role from CANDIDATE to LEADER at term 1 for changeToLeader
2019-10-07 13:24:57,744 [ac49e126-8da2-479a-9665-0aa5e05c814e@group-03ADC395D9D8-LeaderElection87] INFO  impl.RaftServerImpl (ServerState.java:setLeader(255)) - ac49e126-8da2-479a-9665-0aa5e05c814e@group-03ADC395D9D8: change Leader from null to ac49e126-8da2-479a-9665-0aa5e05c814e at term 1 for becomeLeader, leader elected after 5135ms
2019-10-07 13:24:57,744 [ac49e126-8da2-479a-9665-0aa5e05c814e@group-03ADC395D9D8-LeaderElection87] INFO  server.RaftServerConfigKeys (ConfUtils.java:logGet(43)) - raft.server.staging.catchup.gap = 1000 (default)
2019-10-07 13:24:57,744 [ac49e126-8da2-479a-9665-0aa5e05c814e@group-03ADC395D9D8-LeaderElection87] INFO  server.RaftServerConfigKeys (ConfUtils.java:logGet(43)) - raft.server.rpc.sleep.time = 25ms (default)
2019-10-07 13:24:57,744 [ac49e126-8da2-479a-9665-0aa5e05c814e@group-03ADC395D9D8-LeaderElection87] INFO  server.RaftServerConfigKeys (ConfUtils.java:logGet(43)) - raft.server.write.element-limit = 4096 (default)
2019-10-07 13:24:57,744 [ac49e126-8da2-479a-9665-0aa5e05c814e@group-03ADC395D9D8-LeaderElection87] INFO  server.RaftServerConfigKeys (ConfUtils.java:logGet(43)) - raft.server.watch.timeout = 10s (default)
2019-10-07 13:24:57,744 [ac49e126-8da2-479a-9665-0aa5e05c814e@group-03ADC395D9D8-LeaderElection87] INFO  server.RaftServerConfigKeys (ConfUtils.java:logGet(43)) - raft.server.watch.timeout.denomination = 1s (default)
2019-10-07 13:24:57,745 [ac49e126-8da2-479a-9665-0aa5e05c814e@group-03ADC395D9D8-LeaderElection87] INFO  server.RaftServerConfigKeys (ConfUtils.java:logGet(43)) - raft.server.watch.element-limit = 65536 (default)
2019-10-07 13:24:57,745 [596bfca2-47ac-4dbb-837e-99dbb35929e1@group-DE5116BC0CB1-LeaderElection88] INFO  impl.LeaderElection (LeaderElection.java:askForVotes(178)) - 596bfca2-47ac-4dbb-837e-99dbb35929e1@group-DE5116BC0CB1-LeaderElection88: begin an election at term 1 for -1: [596bfca2-47ac-4dbb-837e-99dbb35929e1:192.168.151.66:45349], old=null
2019-10-07 13:24:57,745 [596bfca2-47ac-4dbb-837e-99dbb35929e1@group-DE5116BC0CB1-LeaderElection88] INFO  impl.RoleInfo (RoleInfo.java:shutdownLeaderElection(134)) - 596bfca2-47ac-4dbb-837e-99dbb35929e1: shutdown LeaderElection
2019-10-07 13:24:57,746 [596bfca2-47ac-4dbb-837e-99dbb35929e1@group-DE5116BC0CB1-LeaderElection88] INFO  impl.RaftServerImpl (RaftServerImpl.java:setRole(170)) - 596bfca2-47ac-4dbb-837e-99dbb35929e1@group-DE5116BC0CB1: changes role from CANDIDATE to LEADER at term 1 for changeToLeader
2019-10-07 13:24:57,746 [596bfca2-47ac-4dbb-837e-99dbb35929e1@group-DE5116BC0CB1-LeaderElection88] INFO  impl.RaftServerImpl (ServerState.java:setLeader(255)) - 596bfca2-47ac-4dbb-837e-99dbb35929e1@group-DE5116BC0CB1: change Leader from null to 596bfca2-47ac-4dbb-837e-99dbb35929e1 at term 1 for becomeLeader, leader elected after 5186ms
2019-10-07 13:24:57,746 [596bfca2-47ac-4dbb-837e-99dbb35929e1@group-DE5116BC0CB1-LeaderElection88] INFO  server.RaftServerConfigKeys (ConfUtils.java:logGet(43)) - raft.server.staging.catchup.gap = 1000 (default)
2019-10-07 13:24:57,746 [596bfca2-47ac-4dbb-837e-99dbb35929e1@group-DE5116BC0CB1-LeaderElection88] INFO  server.RaftServerConfigKeys (ConfUtils.java:logGet(43)) - raft.server.rpc.sleep.time = 25ms (default)
2019-10-07 13:24:57,746 [596bfca2-47ac-4dbb-837e-99dbb35929e1@group-DE5116BC0CB1-LeaderElection88] INFO  server.RaftServerConfigKeys (ConfUtils.java:logGet(43)) - raft.server.write.element-limit = 4096 (default)
2019-10-07 13:24:57,746 [ac49e126-8da2-479a-9665-0aa5e05c814e@group-03ADC395D9D8-LeaderElection87] INFO  impl.RoleInfo (RoleInfo.java:updateAndGet(143)) - ac49e126-8da2-479a-9665-0aa5e05c814e: start LeaderState
2019-10-07 13:24:57,746 [596bfca2-47ac-4dbb-837e-99dbb35929e1@group-DE5116BC0CB1-LeaderElection88] INFO  server.RaftServerConfigKeys (ConfUtils.java:logGet(43)) - raft.server.watch.timeout = 10s (default)
2019-10-07 13:24:57,747 [ac49e126-8da2-479a-9665-0aa5e05c814e@group-03ADC395D9D8-LeaderElection87] INFO  segmented.SegmentedRaftLogWorker (SegmentedRaftLogWorker.java:startLogSegment(385)) - ac49e126-8da2-479a-9665-0aa5e05c814e@group-03ADC395D9D8-SegmentedRaftLogWorker: Starting segment from index:0
2019-10-07 13:24:57,747 [596bfca2-47ac-4dbb-837e-99dbb35929e1@group-DE5116BC0CB1-LeaderElection88] INFO  server.RaftServerConfigKeys (ConfUtils.java:logGet(43)) - raft.server.watch.timeout.denomination = 1s (default)
2019-10-07 13:24:57,747 [596bfca2-47ac-4dbb-837e-99dbb35929e1@group-DE5116BC0CB1-LeaderElection88] INFO  server.RaftServerConfigKeys (ConfUtils.java:logGet(43)) - raft.server.watch.element-limit = 65536 (default)
2019-10-07 13:24:57,747 [ac49e126-8da2-479a-9665-0aa5e05c814e@group-03ADC395D9D8-LeaderElection87] INFO  impl.RaftServerImpl (ServerState.java:setRaftConf(356)) - ac49e126-8da2-479a-9665-0aa5e05c814e@group-03ADC395D9D8: set configuration 0: [ac49e126-8da2-479a-9665-0aa5e05c814e:192.168.151.66:41229], old=null at 0
2019-10-07 13:24:57,750 [596bfca2-47ac-4dbb-837e-99dbb35929e1@group-DE5116BC0CB1-LeaderElection88] INFO  impl.RoleInfo (RoleInfo.java:updateAndGet(143)) - 596bfca2-47ac-4dbb-837e-99dbb35929e1: start LeaderState
2019-10-07 13:24:57,750 [596bfca2-47ac-4dbb-837e-99dbb35929e1@group-DE5116BC0CB1-LeaderElection88] INFO  segmented.SegmentedRaftLogWorker (SegmentedRaftLogWorker.java:startLogSegment(385)) - 596bfca2-47ac-4dbb-837e-99dbb35929e1@group-DE5116BC0CB1-SegmentedRaftLogWorker: Starting segment from index:0
2019-10-07 13:24:57,751 [596bfca2-47ac-4dbb-837e-99dbb35929e1@group-DE5116BC0CB1-LeaderElection88] INFO  impl.RaftServerImpl (ServerState.java:setRaftConf(356)) - 596bfca2-47ac-4dbb-837e-99dbb35929e1@group-DE5116BC0CB1: set configuration 0: [596bfca2-47ac-4dbb-837e-99dbb35929e1:192.168.151.66:45349], old=null at 0
2019-10-07 13:24:57,791 [Thread-2358] INFO  impl.FollowerState (FollowerState.java:run(108)) - 09175588-d69d-48be-8014-77a75b7bda54@group-123E5CBB917A-FollowerState: change to CANDIDATE, lastRpcTime:5066ms, electionTimeout:5066ms
2019-10-07 13:24:57,791 [Thread-2358] INFO  impl.RoleInfo (RoleInfo.java:shutdownFollowerState(121)) - 09175588-d69d-48be-8014-77a75b7bda54: shutdown FollowerState
2019-10-07 13:24:57,791 [Thread-2358] INFO  impl.RaftServerImpl (RaftServerImpl.java:setRole(170)) - 09175588-d69d-48be-8014-77a75b7bda54@group-123E5CBB917A: changes role from  FOLLOWER to CANDIDATE at term 0 for changeToCandidate
2019-10-07 13:24:57,791 [Thread-2358] INFO  impl.RoleInfo (RoleInfo.java:updateAndGet(143)) - 09175588-d69d-48be-8014-77a75b7bda54: start LeaderElection
2019-10-07 13:24:57,795 [596bfca2-47ac-4dbb-837e-99dbb35929e1@group-DE5116BC0CB1-SegmentedRaftLogWorker] INFO  segmented.SegmentedRaftLogWorker (SegmentedRaftLogWorker.java:execute(574)) - 596bfca2-47ac-4dbb-837e-99dbb35929e1@group-DE5116BC0CB1-SegmentedRaftLogWorker: created new log segment /workdir/hadoop-ozone/integration-test/target/test-dir/MiniOzoneClusterImpl-01368c1a-6328-4066-8a93-de455066d669/datanode-4/data/ratis/921ce726-07d7-4559-81d4-de5116bc0cb1/current/log_inprogress_0
2019-10-07 13:24:57,795 [ac49e126-8da2-479a-9665-0aa5e05c814e@group-03ADC395D9D8-SegmentedRaftLogWorker] INFO  segmented.SegmentedRaftLogWorker (SegmentedRaftLogWorker.java:execute(574)) - ac49e126-8da2-479a-9665-0aa5e05c814e@group-03ADC395D9D8-SegmentedRaftLogWorker: created new log segment /workdir/hadoop-ozone/integration-test/target/test-dir/MiniOzoneClusterImpl-01368c1a-6328-4066-8a93-de455066d669/datanode-5/data/ratis/ba704ff8-cd2b-4c1c-aa98-03adc395d9d8/current/log_inprogress_0
2019-10-07 13:24:57,810 [09175588-d69d-48be-8014-77a75b7bda54@group-123E5CBB917A-LeaderElection89] INFO  impl.LeaderElection (LeaderElection.java:askForVotes(178)) - 09175588-d69d-48be-8014-77a75b7bda54@group-123E5CBB917A-LeaderElection89: begin an election at term 1 for -1: [09175588-d69d-48be-8014-77a75b7bda54:192.168.151.66:39948, ac49e126-8da2-479a-9665-0aa5e05c814e:192.168.151.66:41229, 596bfca2-47ac-4dbb-837e-99dbb35929e1:192.168.151.66:45349], old=null
2019-10-07 13:24:57,818 [grpc-default-executor-3] INFO  impl.RaftServerImpl (RaftServerImpl.java:setRole(170)) - 596bfca2-47ac-4dbb-837e-99dbb35929e1@group-123E5CBB917A: changes role from  FOLLOWER to FOLLOWER at term 1 for recognizeCandidate:09175588-d69d-48be-8014-77a75b7bda54
2019-10-07 13:24:57,818 [grpc-default-executor-7] INFO  impl.RaftServerImpl (RaftServerImpl.java:setRole(170)) - ac49e126-8da2-479a-9665-0aa5e05c814e@group-123E5CBB917A: changes role from  FOLLOWER to FOLLOWER at term 1 for recognizeCandidate:09175588-d69d-48be-8014-77a75b7bda54
2019-10-07 13:24:57,818 [grpc-default-executor-3] INFO  impl.RoleInfo (RoleInfo.java:shutdownFollowerState(121)) - 596bfca2-47ac-4dbb-837e-99dbb35929e1: shutdown FollowerState
2019-10-07 13:24:57,818 [grpc-default-executor-7] INFO  impl.RoleInfo (RoleInfo.java:shutdownFollowerState(121)) - ac49e126-8da2-479a-9665-0aa5e05c814e: shutdown FollowerState
2019-10-07 13:24:57,818 [Thread-2359] INFO  impl.FollowerState (FollowerState.java:run(117)) - 596bfca2-47ac-4dbb-837e-99dbb35929e1@group-123E5CBB917A-FollowerState was interrupted: java.lang.InterruptedException: sleep interrupted
2019-10-07 13:24:57,819 [Thread-2357] INFO  impl.FollowerState (FollowerState.java:run(117)) - ac49e126-8da2-479a-9665-0aa5e05c814e@group-123E5CBB917A-FollowerState was interrupted: java.lang.InterruptedException: sleep interrupted
2019-10-07 13:24:57,818 [grpc-default-executor-3] INFO  impl.RoleInfo (RoleInfo.java:updateAndGet(143)) - 596bfca2-47ac-4dbb-837e-99dbb35929e1: start FollowerState
2019-10-07 13:24:57,819 [grpc-default-executor-7] INFO  impl.RoleInfo (RoleInfo.java:updateAndGet(143)) - ac49e126-8da2-479a-9665-0aa5e05c814e: start FollowerState
2019-10-07 13:24:57,853 [09175588-d69d-48be-8014-77a75b7bda54@group-123E5CBB917A-LeaderElection89] INFO  impl.LeaderElection (LeaderElection.java:logAndReturn(56)) - 09175588-d69d-48be-8014-77a75b7bda54@group-123E5CBB917A-LeaderElection89: Election PASSED; received 1 response(s) [09175588-d69d-48be-8014-77a75b7bda54<-596bfca2-47ac-4dbb-837e-99dbb35929e1#0:OK-t1] and 0 exception(s); 09175588-d69d-48be-8014-77a75b7bda54@group-123E5CBB917A:t1, leader=null, voted=09175588-d69d-48be-8014-77a75b7bda54, raftlog=09175588-d69d-48be-8014-77a75b7bda54@group-123E5CBB917A-SegmentedRaftLog:OPENED:c-1,f-1,i0, conf=-1: [09175588-d69d-48be-8014-77a75b7bda54:192.168.151.66:39948, ac49e126-8da2-479a-9665-0aa5e05c814e:192.168.151.66:41229, 596bfca2-47ac-4dbb-837e-99dbb35929e1:192.168.151.66:45349], old=null
2019-10-07 13:24:57,853 [09175588-d69d-48be-8014-77a75b7bda54@group-123E5CBB917A-LeaderElection89] INFO  impl.RoleInfo (RoleInfo.java:shutdownLeaderElection(134)) - 09175588-d69d-48be-8014-77a75b7bda54: shutdown LeaderElection
2019-10-07 13:24:57,853 [09175588-d69d-48be-8014-77a75b7bda54@group-123E5CBB917A-LeaderElection89] INFO  impl.RaftServerImpl (RaftServerImpl.java:setRole(170)) - 09175588-d69d-48be-8014-77a75b7bda54@group-123E5CBB917A: changes role from CANDIDATE to LEADER at term 1 for changeToLeader
2019-10-07 13:24:57,853 [09175588-d69d-48be-8014-77a75b7bda54@group-123E5CBB917A-LeaderElection89] INFO  impl.RaftServerImpl (ServerState.java:setLeader(255)) - 09175588-d69d-48be-8014-77a75b7bda54@group-123E5CBB917A: change Leader from null to 09175588-d69d-48be-8014-77a75b7bda54 at term 1 for becomeLeader, leader elected after 5138ms
2019-10-07 13:24:57,854 [09175588-d69d-48be-8014-77a75b7bda54@group-123E5CBB917A-LeaderElection89] INFO  server.RaftServerConfigKeys (ConfUtils.java:logGet(43)) - raft.server.staging.catchup.gap = 1000 (default)
2019-10-07 13:24:57,854 [09175588-d69d-48be-8014-77a75b7bda54@group-123E5CBB917A-LeaderElection89] INFO  server.RaftServerConfigKeys (ConfUtils.java:logGet(43)) - raft.server.rpc.sleep.time = 25ms (default)
2019-10-07 13:24:57,854 [09175588-d69d-48be-8014-77a75b7bda54@group-123E5CBB917A-LeaderElection89] INFO  server.RaftServerConfigKeys (ConfUtils.java:logGet(43)) - raft.server.write.element-limit = 4096 (default)
2019-10-07 13:24:57,854 [09175588-d69d-48be-8014-77a75b7bda54@group-123E5CBB917A-LeaderElection89] INFO  server.RaftServerConfigKeys (ConfUtils.java:logGet(43)) - raft.server.watch.timeout = 10s (default)
2019-10-07 13:24:57,854 [09175588-d69d-48be-8014-77a75b7bda54@group-123E5CBB917A-LeaderElection89] INFO  server.RaftServerConfigKeys (ConfUtils.java:logGet(43)) - raft.server.watch.timeout.denomination = 1s (default)
2019-10-07 13:24:57,854 [09175588-d69d-48be-8014-77a75b7bda54@group-123E5CBB917A-LeaderElection89] INFO  server.RaftServerConfigKeys (ConfUtils.java:logGet(43)) - raft.server.watch.element-limit = 65536 (default)
2019-10-07 13:24:57,857 [09175588-d69d-48be-8014-77a75b7bda54@group-123E5CBB917A-LeaderElection89] INFO  server.RaftServerConfigKeys (ConfUtils.java:logGet(43)) - raft.server.log.appender.snapshot.chunk.size.max = 16MB (=16777216) (default)
2019-10-07 13:24:57,857 [09175588-d69d-48be-8014-77a75b7bda54@group-123E5CBB917A-LeaderElection89] INFO  server.RaftServerConfigKeys (ConfUtils.java:logGet(43)) - raft.server.log.appender.buffer.byte-limit = 33554432 (custom)
2019-10-07 13:24:57,857 [09175588-d69d-48be-8014-77a75b7bda54@group-123E5CBB917A-LeaderElection89] INFO  server.RaftServerConfigKeys (ConfUtils.java:logGet(43)) - raft.server.log.appender.buffer.element-limit = 1 (custom)
2019-10-07 13:24:57,859 [09175588-d69d-48be-8014-77a75b7bda54@group-123E5CBB917A-LeaderElection89] INFO  grpc.GrpcConfigKeys$Server (ConfUtils.java:logGet(43)) - raft.grpc.server.leader.outstanding.appends.max = 128 (default)
2019-10-07 13:24:57,860 [09175588-d69d-48be-8014-77a75b7bda54@group-123E5CBB917A-LeaderElection89] INFO  server.RaftServerConfigKeys (ConfUtils.java:logGet(43)) - raft.server.rpc.request.timeout = 3000ms (default)
2019-10-07 13:24:57,862 [Thread-2352] INFO  impl.FollowerState (FollowerState.java:run(108)) - 1b792a8d-9b33-4f09-8f6e-d028a56dfb3d@group-0DD83508AC5E-FollowerState: change to CANDIDATE, lastRpcTime:5185ms, electionTimeout:5184ms
2019-10-07 13:24:57,862 [09175588-d69d-48be-8014-77a75b7bda54@group-123E5CBB917A-LeaderElection89] INFO  server.RaftServerConfigKeys (ConfUtils.java:logGet(43)) - raft.server.log.appender.install.snapshot.enabled = false (custom)
2019-10-07 13:24:57,862 [Thread-2352] INFO  impl.RoleInfo (RoleInfo.java:shutdownFollowerState(121)) - 1b792a8d-9b33-4f09-8f6e-d028a56dfb3d: shutdown FollowerState
2019-10-07 13:24:57,862 [Thread-2352] INFO  impl.RaftServerImpl (RaftServerImpl.java:setRole(170)) - 1b792a8d-9b33-4f09-8f6e-d028a56dfb3d@group-0DD83508AC5E: changes role from  FOLLOWER to CANDIDATE at term 0 for changeToCandidate
2019-10-07 13:24:57,862 [09175588-d69d-48be-8014-77a75b7bda54@group-123E5CBB917A-LeaderElection89] INFO  server.RaftServerConfigKeys (ConfUtils.java:logGet(43)) - raft.server.log.appender.snapshot.chunk.size.max = 16MB (=16777216) (default)
2019-10-07 13:24:57,862 [Thread-2352] INFO  impl.RoleInfo (RoleInfo.java:updateAndGet(143)) - 1b792a8d-9b33-4f09-8f6e-d028a56dfb3d: start LeaderElection
2019-10-07 13:24:57,862 [09175588-d69d-48be-8014-77a75b7bda54@group-123E5CBB917A-LeaderElection89] INFO  server.RaftServerConfigKeys (ConfUtils.java:logGet(43)) - raft.server.log.appender.buffer.byte-limit = 33554432 (custom)
2019-10-07 13:24:57,864 [09175588-d69d-48be-8014-77a75b7bda54@group-123E5CBB917A-LeaderElection89] INFO  server.RaftServerConfigKeys (ConfUtils.java:logGet(43)) - raft.server.log.appender.buffer.element-limit = 1 (custom)
2019-10-07 13:24:57,867 [09175588-d69d-48be-8014-77a75b7bda54@group-123E5CBB917A-LeaderElection89] INFO  grpc.GrpcConfigKeys$Server (ConfUtils.java:logGet(43)) - raft.grpc.server.leader.outstanding.appends.max = 128 (default)
2019-10-07 13:24:57,872 [09175588-d69d-48be-8014-77a75b7bda54@group-123E5CBB917A-LeaderElection89] INFO  server.RaftServerConfigKeys (ConfUtils.java:logGet(43)) - raft.server.rpc.request.timeout = 3000ms (default)
2019-10-07 13:24:57,872 [09175588-d69d-48be-8014-77a75b7bda54@group-123E5CBB917A-LeaderElection89] INFO  server.RaftServerConfigKeys (ConfUtils.java:logGet(43)) - raft.server.log.appender.install.snapshot.enabled = false (custom)
2019-10-07 13:24:57,873 [09175588-d69d-48be-8014-77a75b7bda54@group-123E5CBB917A-LeaderElection89] INFO  impl.RoleInfo (RoleInfo.java:updateAndGet(143)) - 09175588-d69d-48be-8014-77a75b7bda54: start LeaderState
2019-10-07 13:24:57,873 [09175588-d69d-48be-8014-77a75b7bda54@group-123E5CBB917A-LeaderElection89] INFO  segmented.SegmentedRaftLogWorker (SegmentedRaftLogWorker.java:startLogSegment(385)) - 09175588-d69d-48be-8014-77a75b7bda54@group-123E5CBB917A-SegmentedRaftLogWorker: Starting segment from index:0
2019-10-07 13:24:57,874 [09175588-d69d-48be-8014-77a75b7bda54@group-123E5CBB917A-LeaderElection89] INFO  impl.RaftServerImpl (ServerState.java:setRaftConf(356)) - 09175588-d69d-48be-8014-77a75b7bda54@group-123E5CBB917A: set configuration 0: [09175588-d69d-48be-8014-77a75b7bda54:192.168.151.66:39948, ac49e126-8da2-479a-9665-0aa5e05c814e:192.168.151.66:41229, 596bfca2-47ac-4dbb-837e-99dbb35929e1:192.168.151.66:45349], old=null at 0
2019-10-07 13:24:57,899 [grpc-default-executor-7] INFO  impl.RaftServerImpl (ServerState.java:setLeader(255)) - 596bfca2-47ac-4dbb-837e-99dbb35929e1@group-123E5CBB917A: change Leader from null to 09175588-d69d-48be-8014-77a75b7bda54 at term 1 for appendEntries, leader elected after 5182ms
2019-10-07 13:24:57,900 [1b792a8d-9b33-4f09-8f6e-d028a56dfb3d@group-0DD83508AC5E-LeaderElection90] INFO  impl.LeaderElection (LeaderElection.java:askForVotes(178)) - 1b792a8d-9b33-4f09-8f6e-d028a56dfb3d@group-0DD83508AC5E-LeaderElection90: begin an election at term 1 for -1: [1b792a8d-9b33-4f09-8f6e-d028a56dfb3d:192.168.151.66:40695], old=null
2019-10-07 13:24:57,901 [grpc-default-executor-3] INFO  impl.RaftServerImpl (ServerState.java:setLeader(255)) - ac49e126-8da2-479a-9665-0aa5e05c814e@group-123E5CBB917A: change Leader from null to 09175588-d69d-48be-8014-77a75b7bda54 at term 1 for appendEntries, leader elected after 5186ms
2019-10-07 13:24:57,902 [1b792a8d-9b33-4f09-8f6e-d028a56dfb3d@group-0DD83508AC5E-LeaderElection90] INFO  impl.RoleInfo (RoleInfo.java:shutdownLeaderElection(134)) - 1b792a8d-9b33-4f09-8f6e-d028a56dfb3d: shutdown LeaderElection
2019-10-07 13:24:57,902 [1b792a8d-9b33-4f09-8f6e-d028a56dfb3d@group-0DD83508AC5E-LeaderElection90] INFO  impl.RaftServerImpl (RaftServerImpl.java:setRole(170)) - 1b792a8d-9b33-4f09-8f6e-d028a56dfb3d@group-0DD83508AC5E: changes role from CANDIDATE to LEADER at term 1 for changeToLeader
2019-10-07 13:24:57,902 [1b792a8d-9b33-4f09-8f6e-d028a56dfb3d@group-0DD83508AC5E-LeaderElection90] INFO  impl.RaftServerImpl (ServerState.java:setLeader(255)) - 1b792a8d-9b33-4f09-8f6e-d028a56dfb3d@group-0DD83508AC5E: change Leader from null to 1b792a8d-9b33-4f09-8f6e-d028a56dfb3d at term 1 for becomeLeader, leader elected after 5232ms
2019-10-07 13:24:57,902 [1b792a8d-9b33-4f09-8f6e-d028a56dfb3d@group-0DD83508AC5E-LeaderElection90] INFO  server.RaftServerConfigKeys (ConfUtils.java:logGet(43)) - raft.server.staging.catchup.gap = 1000 (default)
2019-10-07 13:24:57,902 [1b792a8d-9b33-4f09-8f6e-d028a56dfb3d@group-0DD83508AC5E-LeaderElection90] INFO  server.RaftServerConfigKeys (ConfUtils.java:logGet(43)) - raft.server.rpc.sleep.time = 25ms (default)
2019-10-07 13:24:57,902 [1b792a8d-9b33-4f09-8f6e-d028a56dfb3d@group-0DD83508AC5E-LeaderElection90] INFO  server.RaftServerConfigKeys (ConfUtils.java:logGet(43)) - raft.server.write.element-limit = 4096 (default)
2019-10-07 13:24:57,903 [1b792a8d-9b33-4f09-8f6e-d028a56dfb3d@group-0DD83508AC5E-LeaderElection90] INFO  server.RaftServerConfigKeys (ConfUtils.java:logGet(43)) - raft.server.watch.timeout = 10s (default)
2019-10-07 13:24:57,903 [1b792a8d-9b33-4f09-8f6e-d028a56dfb3d@group-0DD83508AC5E-LeaderElection90] INFO  server.RaftServerConfigKeys (ConfUtils.java:logGet(43)) - raft.server.watch.timeout.denomination = 1s (default)
2019-10-07 13:24:57,903 [1b792a8d-9b33-4f09-8f6e-d028a56dfb3d@group-0DD83508AC5E-LeaderElection90] INFO  server.RaftServerConfigKeys (ConfUtils.java:logGet(43)) - raft.server.watch.element-limit = 65536 (default)
2019-10-07 13:24:57,903 [grpc-default-executor-8] INFO  impl.RaftServerImpl (ServerState.java:setRaftConf(356)) - ac49e126-8da2-479a-9665-0aa5e05c814e@group-123E5CBB917A: set configuration 0: [09175588-d69d-48be-8014-77a75b7bda54:192.168.151.66:39948, ac49e126-8da2-479a-9665-0aa5e05c814e:192.168.151.66:41229, 596bfca2-47ac-4dbb-837e-99dbb35929e1:192.168.151.66:45349], old=null at 0
2019-10-07 13:24:57,904 [grpc-default-executor-0] INFO  impl.RaftServerImpl (ServerState.java:setRaftConf(356)) - 596bfca2-47ac-4dbb-837e-99dbb35929e1@group-123E5CBB917A: set configuration 0: [09175588-d69d-48be-8014-77a75b7bda54:192.168.151.66:39948, ac49e126-8da2-479a-9665-0aa5e05c814e:192.168.151.66:41229, 596bfca2-47ac-4dbb-837e-99dbb35929e1:192.168.151.66:45349], old=null at 0
2019-10-07 13:24:57,904 [grpc-default-executor-8] INFO  segmented.SegmentedRaftLogWorker (SegmentedRaftLogWorker.java:startLogSegment(385)) - ac49e126-8da2-479a-9665-0aa5e05c814e@group-123E5CBB917A-SegmentedRaftLogWorker: Starting segment from index:0
2019-10-07 13:24:57,904 [1b792a8d-9b33-4f09-8f6e-d028a56dfb3d@group-0DD83508AC5E-LeaderElection90] INFO  impl.RoleInfo (RoleInfo.java:updateAndGet(143)) - 1b792a8d-9b33-4f09-8f6e-d028a56dfb3d: start LeaderState
2019-10-07 13:24:57,904 [grpc-default-executor-0] INFO  segmented.SegmentedRaftLogWorker (SegmentedRaftLogWorker.java:startLogSegment(385)) - 596bfca2-47ac-4dbb-837e-99dbb35929e1@group-123E5CBB917A-SegmentedRaftLogWorker: Starting segment from index:0
2019-10-07 13:24:57,904 [1b792a8d-9b33-4f09-8f6e-d028a56dfb3d@group-0DD83508AC5E-LeaderElection90] INFO  segmented.SegmentedRaftLogWorker (SegmentedRaftLogWorker.java:startLogSegment(385)) - 1b792a8d-9b33-4f09-8f6e-d028a56dfb3d@group-0DD83508AC5E-SegmentedRaftLogWorker: Starting segment from index:0
2019-10-07 13:24:57,905 [1b792a8d-9b33-4f09-8f6e-d028a56dfb3d@group-0DD83508AC5E-LeaderElection90] INFO  impl.RaftServerImpl (ServerState.java:setRaftConf(356)) - 1b792a8d-9b33-4f09-8f6e-d028a56dfb3d@group-0DD83508AC5E: set configuration 0: [1b792a8d-9b33-4f09-8f6e-d028a56dfb3d:192.168.151.66:40695], old=null at 0
2019-10-07 13:24:57,913 [09175588-d69d-48be-8014-77a75b7bda54@group-123E5CBB917A-SegmentedRaftLogWorker] INFO  segmented.SegmentedRaftLogWorker (SegmentedRaftLogWorker.java:execute(574)) - 09175588-d69d-48be-8014-77a75b7bda54@group-123E5CBB917A-SegmentedRaftLogWorker: created new log segment /workdir/hadoop-ozone/integration-test/target/test-dir/MiniOzoneClusterImpl-01368c1a-6328-4066-8a93-de455066d669/datanode-3/data/ratis/c321313c-f8ec-4231-9120-123e5cbb917a/current/log_inprogress_0
2019-10-07 13:24:57,943 [ac49e126-8da2-479a-9665-0aa5e05c814e@group-123E5CBB917A-SegmentedRaftLogWorker] INFO  segmented.SegmentedRaftLogWorker (SegmentedRaftLogWorker.java:execute(574)) - ac49e126-8da2-479a-9665-0aa5e05c814e@group-123E5CBB917A-SegmentedRaftLogWorker: created new log segment /workdir/hadoop-ozone/integration-test/target/test-dir/MiniOzoneClusterImpl-01368c1a-6328-4066-8a93-de455066d669/datanode-5/data/ratis/c321313c-f8ec-4231-9120-123e5cbb917a/current/log_inprogress_0
2019-10-07 13:24:57,943 [1b792a8d-9b33-4f09-8f6e-d028a56dfb3d@group-0DD83508AC5E-SegmentedRaftLogWorker] INFO  segmented.SegmentedRaftLogWorker (SegmentedRaftLogWorker.java:execute(574)) - 1b792a8d-9b33-4f09-8f6e-d028a56dfb3d@group-0DD83508AC5E-SegmentedRaftLogWorker: created new log segment /workdir/hadoop-ozone/integration-test/target/test-dir/MiniOzoneClusterImpl-01368c1a-6328-4066-8a93-de455066d669/datanode-6/data/ratis/b73839bb-096d-45ee-a062-0dd83508ac5e/current/log_inprogress_0
2019-10-07 13:24:57,943 [596bfca2-47ac-4dbb-837e-99dbb35929e1@group-123E5CBB917A-SegmentedRaftLogWorker] INFO  segmented.SegmentedRaftLogWorker (SegmentedRaftLogWorker.java:execute(574)) - 596bfca2-47ac-4dbb-837e-99dbb35929e1@group-123E5CBB917A-SegmentedRaftLogWorker: created new log segment /workdir/hadoop-ozone/integration-test/target/test-dir/MiniOzoneClusterImpl-01368c1a-6328-4066-8a93-de455066d669/datanode-4/data/ratis/c321313c-f8ec-4231-9120-123e5cbb917a/current/log_inprogress_0
2019-10-07 13:24:58,066 [Datanode State Machine Thread - 0] INFO  statemachine.DatanodeStateMachine (DatanodeStateMachine.java:lambda$startDaemon$0(350)) - Ozone container server started.
2019-10-07 13:25:03,063 [main] INFO  ozoneimpl.OzoneContainer (OzoneContainer.java:stop(231)) - Attempting to stop container services.
2019-10-07 13:25:03,064 [main] INFO  impl.RaftServerProxy (RaftServerProxy.java:lambda$close$4(314)) - 64f73d85-b137-48a7-ba3e-12b9387c5b9d: close
2019-10-07 13:25:03,065 [main] INFO  impl.RaftServerImpl (RaftServerImpl.java:lambda$shutdown$3(247)) - 64f73d85-b137-48a7-ba3e-12b9387c5b9d@group-96CD1AA81F09: shutdown
2019-10-07 13:25:03,065 [main] INFO  util.JmxRegister (JmxRegister.java:unregister(73)) - Successfully un-registered JMX Bean with object name Ratis:service=RaftServer,group=group-96CD1AA81F09,id=64f73d85-b137-48a7-ba3e-12b9387c5b9d
2019-10-07 13:25:03,066 [main] INFO  impl.RoleInfo (RoleInfo.java:shutdownLeaderState(104)) - 64f73d85-b137-48a7-ba3e-12b9387c5b9d: shutdown LeaderState
2019-10-07 13:25:03,066 [main] INFO  impl.PendingRequests (PendingRequests.java:sendNotLeaderResponses(202)) - 64f73d85-b137-48a7-ba3e-12b9387c5b9d@group-96CD1AA81F09-PendingRequests: sendNotLeaderResponses
2019-10-07 13:25:03,067 [main] INFO  impl.StateMachineUpdater (StateMachineUpdater.java:stopAndJoin(136)) - 64f73d85-b137-48a7-ba3e-12b9387c5b9d@group-96CD1AA81F09-StateMachineUpdater: set stopIndex = 0
2019-10-07 13:25:03,068 [main] INFO  impl.RaftServerImpl (ServerState.java:close(387)) - 64f73d85-b137-48a7-ba3e-12b9387c5b9d@group-96CD1AA81F09: closes. applyIndex: 0
2019-10-07 13:25:03,069 [64f73d85-b137-48a7-ba3e-12b9387c5b9d@group-96CD1AA81F09-SegmentedRaftLogWorker] INFO  segmented.SegmentedRaftLogWorker (SegmentedRaftLogWorker.java:run(316)) - 64f73d85-b137-48a7-ba3e-12b9387c5b9d@group-96CD1AA81F09-SegmentedRaftLogWorker was interrupted, exiting. There are 0 tasks remaining in the queue.
2019-10-07 13:25:03,081 [main] INFO  segmented.SegmentedRaftLogWorker (SegmentedRaftLogWorker.java:close(224)) - 64f73d85-b137-48a7-ba3e-12b9387c5b9d@group-96CD1AA81F09-SegmentedRaftLogWorker close()
2019-10-07 13:25:03,085 [main] INFO  impl.RaftServerImpl (RaftServerImpl.java:lambda$shutdown$3(247)) - 64f73d85-b137-48a7-ba3e-12b9387c5b9d@group-DA502D367CC2: shutdown
2019-10-07 13:25:03,086 [main] INFO  util.JmxRegister (JmxRegister.java:unregister(73)) - Successfully un-registered JMX Bean with object name Ratis:service=RaftServer,group=group-DA502D367CC2,id=64f73d85-b137-48a7-ba3e-12b9387c5b9d
2019-10-07 13:25:03,086 [main] INFO  impl.RoleInfo (RoleInfo.java:shutdownFollowerState(121)) - 64f73d85-b137-48a7-ba3e-12b9387c5b9d: shutdown FollowerState
2019-10-07 13:25:03,086 [main] INFO  impl.StateMachineUpdater (StateMachineUpdater.java:stopAndJoin(136)) - 64f73d85-b137-48a7-ba3e-12b9387c5b9d@group-DA502D367CC2-StateMachineUpdater: set stopIndex = 2
2019-10-07 13:25:03,086 [Thread-2385] INFO  impl.FollowerState (FollowerState.java:run(117)) - 64f73d85-b137-48a7-ba3e-12b9387c5b9d@group-DA502D367CC2-FollowerState was interrupted: java.lang.InterruptedException: sleep interrupted
2019-10-07 13:25:03,086 [64f73d85-b137-48a7-ba3e-12b9387c5b9d@group-DA502D367CC2-StateMachineUpdater] INFO  ratis.ContainerStateMachine (ContainerStateMachine.java:takeSnapshot(294)) - group-DA502D367CC2: Taking a snapshot at:(t:1, i:1) file /workdir/hadoop-ozone/integration-test/target/test-dir/MiniOzoneClusterImpl-01368c1a-6328-4066-8a93-de455066d669/datanode-2/data/ratis/163de34f-b7d7-4321-992d-da502d367cc2/sm/snapshot.1_1
2019-10-07 13:25:03,102 [64f73d85-b137-48a7-ba3e-12b9387c5b9d@group-DA502D367CC2-StateMachineUpdater] INFO  ratis.ContainerStateMachine (ContainerStateMachine.java:takeSnapshot(305)) - group-DA502D367CC2: Finished taking a snapshot at:(t:1, i:1) file:/workdir/hadoop-ozone/integration-test/target/test-dir/MiniOzoneClusterImpl-01368c1a-6328-4066-8a93-de455066d669/datanode-2/data/ratis/163de34f-b7d7-4321-992d-da502d367cc2/sm/snapshot.1_1 time:16
2019-10-07 13:25:03,102 [64f73d85-b137-48a7-ba3e-12b9387c5b9d@group-DA502D367CC2-StateMachineUpdater] INFO  impl.StateMachineUpdater (StateMachineUpdater.java:takeSnapshot(269)) - 64f73d85-b137-48a7-ba3e-12b9387c5b9d@group-DA502D367CC2-StateMachineUpdater: Took a snapshot at index 1
2019-10-07 13:25:03,102 [64f73d85-b137-48a7-ba3e-12b9387c5b9d@group-DA502D367CC2-StateMachineUpdater] INFO  impl.StateMachineUpdater (StateMachineUpdater.java:lambda$new$0(84)) - 64f73d85-b137-48a7-ba3e-12b9387c5b9d@group-DA502D367CC2-StateMachineUpdater: snapshotIndex: updateIncreasingly -1 -> 1
2019-10-07 13:25:03,103 [64f73d85-b137-48a7-ba3e-12b9387c5b9d@group-DA502D367CC2-StateMachineUpdater] INFO  ratis.ContainerStateMachine (ContainerStateMachine.java:takeSnapshot(294)) - group-DA502D367CC2: Taking a snapshot at:(t:1, i:1) file /workdir/hadoop-ozone/integration-test/target/test-dir/MiniOzoneClusterImpl-01368c1a-6328-4066-8a93-de455066d669/datanode-2/data/ratis/163de34f-b7d7-4321-992d-da502d367cc2/sm/snapshot.1_1
2019-10-07 13:25:03,115 [64f73d85-b137-48a7-ba3e-12b9387c5b9d@group-DA502D367CC2-StateMachineUpdater] INFO  ratis.ContainerStateMachine (ContainerStateMachine.java:takeSnapshot(305)) - group-DA502D367CC2: Finished taking a snapshot at:(t:1, i:1) file:/workdir/hadoop-ozone/integration-test/target/test-dir/MiniOzoneClusterImpl-01368c1a-6328-4066-8a93-de455066d669/datanode-2/data/ratis/163de34f-b7d7-4321-992d-da502d367cc2/sm/snapshot.1_1 time:13
2019-10-07 13:25:03,115 [64f73d85-b137-48a7-ba3e-12b9387c5b9d@group-DA502D367CC2-StateMachineUpdater] INFO  impl.StateMachineUpdater (StateMachineUpdater.java:takeSnapshot(269)) - 64f73d85-b137-48a7-ba3e-12b9387c5b9d@group-DA502D367CC2-StateMachineUpdater: Took a snapshot at index 1
2019-10-07 13:25:03,115 [64f73d85-b137-48a7-ba3e-12b9387c5b9d@group-DA502D367CC2-StateMachineUpdater] INFO  impl.StateMachineUpdater (StateMachineUpdater.java:lambda$new$0(84)) - 64f73d85-b137-48a7-ba3e-12b9387c5b9d@group-DA502D367CC2-StateMachineUpdater: snapshotIndex: updateIncreasingly 1 -> 1
2019-10-07 13:25:03,115 [main] INFO  impl.RaftServerImpl (ServerState.java:close(387)) - 64f73d85-b137-48a7-ba3e-12b9387c5b9d@group-DA502D367CC2: closes. applyIndex: 2
2019-10-07 13:25:03,116 [64f73d85-b137-48a7-ba3e-12b9387c5b9d@group-DA502D367CC2-SegmentedRaftLogWorker] INFO  segmented.SegmentedRaftLogWorker (SegmentedRaftLogWorker.java:run(316)) - 64f73d85-b137-48a7-ba3e-12b9387c5b9d@group-DA502D367CC2-SegmentedRaftLogWorker was interrupted, exiting. There are 0 tasks remaining in the queue.
2019-10-07 13:25:03,116 [main] INFO  segmented.SegmentedRaftLogWorker (SegmentedRaftLogWorker.java:close(224)) - 64f73d85-b137-48a7-ba3e-12b9387c5b9d@group-DA502D367CC2-SegmentedRaftLogWorker close()
2019-10-07 13:25:03,119 [main] INFO  server.GrpcService (GrpcService.java:closeImpl(164)) - 64f73d85-b137-48a7-ba3e-12b9387c5b9d: shutdown server with port 43959 now
2019-10-07 13:25:03,121 [grpc-default-executor-7] WARN  server.GrpcServerProtocolService (LogUtils.java:warn(134)) - 64f73d85-b137-48a7-ba3e-12b9387c5b9d: installSnapshot onError, lastRequest: e3e1c38d-3439-42c6-8ce9-6294e61b27c2->64f73d85-b137-48a7-ba3e-12b9387c5b9d#5-t1, previous=(t:1, i:2), leaderCommit=2, initializing? false, entries: <empty>: org.apache.ratis.thirdparty.io.grpc.StatusRuntimeException: CANCELLED: cancelled before receiving half close
2019-10-07 13:25:03,121 [main] INFO  server.GrpcService (GrpcService.java:closeImpl(172)) - 64f73d85-b137-48a7-ba3e-12b9387c5b9d: shutdown server with port 43959 successfully
2019-10-07 13:25:03,121 [grpc-default-executor-8] WARN  server.GrpcLogAppender (LogUtils.java:warn(134)) - e3e1c38d-3439-42c6-8ce9-6294e61b27c2@group-DA502D367CC2->64f73d85-b137-48a7-ba3e-12b9387c5b9d-AppendLogResponseHandler: Failed appendEntries: org.apache.ratis.thirdparty.io.grpc.StatusRuntimeException: CANCELLED: HTTP/2 error code: CANCEL
Received Rst Stream
2019-10-07 13:25:03,122 [grpc-default-executor-8] INFO  impl.FollowerInfo (FollowerInfo.java:lambda$new$0(51)) - e3e1c38d-3439-42c6-8ce9-6294e61b27c2@group-DA502D367CC2->64f73d85-b137-48a7-ba3e-12b9387c5b9d: nextIndex: updateUnconditionally 3 -> 2
2019-10-07 13:25:03,125 [refreshUsed-/workdir/hadoop-ozone/integration-test/target/test-dir/MiniOzoneClusterImpl-01368c1a-6328-4066-8a93-de455066d669/datanode-2/data/containers] WARN  fs.CachingGetSpaceUsed (CachingGetSpaceUsed.java:run(183)) - Thread Interrupted waiting to refresh disk information: sleep interrupted
2019-10-07 13:25:03,141 [main] INFO  utils.BackgroundService (BackgroundService.java:shutdown(148)) - Shutting down service BlockDeletingService
2019-10-07 13:25:03,147 [main] INFO  statemachine.DatanodeStateMachine (DatanodeStateMachine.java:stopDaemon(395)) - Ozone container server stopped.
2019-10-07 13:25:03,148 [main] INFO  handler.ContextHandler (ContextHandler.java:doStop(910)) - Stopped o.e.j.w.WebAppContext@2dd178f3{/,null,UNAVAILABLE}{/hddsDatanode}
2019-10-07 13:25:03,149 [main] INFO  server.AbstractConnector (AbstractConnector.java:doStop(318)) - Stopped ServerConnector@64656b9e{HTTP/1.1,[http/1.1]}{0.0.0.0:0}
2019-10-07 13:25:03,149 [main] INFO  handler.ContextHandler (ContextHandler.java:doStop(910)) - Stopped o.e.j.s.ServletContextHandler@41aebbb4{/static,jar:file:/home/user/.m2/repository/org/apache/hadoop/hadoop-hdds-container-service/0.5.0-SNAPSHOT/hadoop-hdds-container-service-0.5.0-SNAPSHOT.jar!/webapps/static,UNAVAILABLE}
2019-10-07 13:25:03,150 [main] INFO  handler.ContextHandler (ContextHandler.java:doStop(910)) - Stopped o.e.j.s.ServletContextHandler@2dbfa972{/logs,file:///workdir/hadoop-ozone/integration-test/target/log,UNAVAILABLE}
2019-10-07 13:25:03,162 [grpc-default-executor-0] WARN  server.GrpcLogAppender (LogUtils.java:warn(134)) - e3e1c38d-3439-42c6-8ce9-6294e61b27c2@group-DA502D367CC2->64f73d85-b137-48a7-ba3e-12b9387c5b9d-AppendLogResponseHandler: Failed appendEntries: org.apache.ratis.thirdparty.io.grpc.StatusRuntimeException: UNAVAILABLE: io exception
2019-10-07 13:25:03,162 [grpc-default-executor-0] INFO  impl.FollowerInfo (FollowerInfo.java:lambda$new$0(51)) - e3e1c38d-3439-42c6-8ce9-6294e61b27c2@group-DA502D367CC2->64f73d85-b137-48a7-ba3e-12b9387c5b9d: nextIndex: updateUnconditionally 3 -> 2
2019-10-07 13:25:03,182 [grpc-default-executor-8] WARN  server.GrpcLogAppender (LogUtils.java:warn(134)) - e3e1c38d-3439-42c6-8ce9-6294e61b27c2@group-DA502D367CC2->64f73d85-b137-48a7-ba3e-12b9387c5b9d-AppendLogResponseHandler: Failed appendEntries: org.apache.ratis.thirdparty.io.grpc.StatusRuntimeException: UNAVAILABLE: io exception
2019-10-07 13:25:03,182 [grpc-default-executor-8] INFO  impl.FollowerInfo (FollowerInfo.java:lambda$new$0(51)) - e3e1c38d-3439-42c6-8ce9-6294e61b27c2@group-DA502D367CC2->64f73d85-b137-48a7-ba3e-12b9387c5b9d: nextIndex: updateUnconditionally 3 -> 2
2019-10-07 13:25:03,185 [grpc-default-executor-7] WARN  server.GrpcLogAppender (LogUtils.java:warn(134)) - e3e1c38d-3439-42c6-8ce9-6294e61b27c2@group-DA502D367CC2->64f73d85-b137-48a7-ba3e-12b9387c5b9d-AppendLogResponseHandler: Failed appendEntries: org.apache.ratis.thirdparty.io.grpc.StatusRuntimeException: UNAVAILABLE: io exception
2019-10-07 13:25:03,185 [grpc-default-executor-7] INFO  impl.FollowerInfo (FollowerInfo.java:lambda$new$0(51)) - e3e1c38d-3439-42c6-8ce9-6294e61b27c2@group-DA502D367CC2->64f73d85-b137-48a7-ba3e-12b9387c5b9d: nextIndex: updateUnconditionally 3 -> 2
2019-10-07 13:25:03,190 [EventQueue-IncrementalContainerReportForIncrementalContainerReportHandler] WARN  container.IncrementalContainerReportHandler (AbstractContainerReportHandler.java:updateContainerState(143)) - Container #1 is in OPEN state, but the datanode e3e1c38d-3439-42c6-8ce9-6294e61b27c2{ip: 192.168.151.66, host: pr-hdds-2265-m6x5s-933689915, networkLocation: /default-rack, certSerialId: null} reports an CLOSING replica.
2019-10-07 13:25:03,191 [EventQueue-IncrementalContainerReportForIncrementalContainerReportHandler] WARN  container.IncrementalContainerReportHandler (AbstractContainerReportHandler.java:updateContainerState(143)) - Container #1 is in OPEN state, but the datanode 89b7be7e-870d-455a-8963-d7f89673f648{ip: 192.168.151.66, host: pr-hdds-2265-m6x5s-933689915, networkLocation: /default-rack, certSerialId: null} reports an CLOSING replica.
2019-10-07 13:25:03,221 [RatisApplyTransactionExecutor 1] INFO  interfaces.Container (KeyValueContainer.java:flushAndSyncDB(386)) - Container 1 is synced with bcsId 0.
2019-10-07 13:25:03,247 [RatisApplyTransactionExecutor 1] INFO  interfaces.Container (KeyValueContainer.java:flushAndSyncDB(386)) - Container 1 is synced with bcsId 0.
2019-10-07 13:25:03,249 [RatisApplyTransactionExecutor 1] INFO  interfaces.Container (KeyValueContainer.java:flushAndSyncDB(386)) - Container 1 is synced with bcsId 0.
2019-10-07 13:25:03,250 [RatisApplyTransactionExecutor 1] INFO  interfaces.Container (KeyValueContainer.java:flushAndSyncDB(386)) - Container 1 is synced with bcsId 0.
2019-10-07 13:25:03,256 [RatisApplyTransactionExecutor 1] INFO  interfaces.Container (KeyValueContainer.java:close(335)) - Container 1 is closed with bcsId 0.
2019-10-07 13:25:03,256 [RatisApplyTransactionExecutor 1] INFO  interfaces.Container (KeyValueContainer.java:close(335)) - Container 1 is closed with bcsId 0.
2019-10-07 13:25:03,257 [EventQueue-IncrementalContainerReportForIncrementalContainerReportHandler] WARN  container.IncrementalContainerReportHandler (AbstractContainerReportHandler.java:updateContainerState(143)) - Container #1 is in OPEN state, but the datanode 89b7be7e-870d-455a-8963-d7f89673f648{ip: 192.168.151.66, host: pr-hdds-2265-m6x5s-933689915, networkLocation: /default-rack, certSerialId: null} reports an CLOSED replica.
2019-10-07 13:25:03,257 [EventQueue-IncrementalContainerReportForIncrementalContainerReportHandler] WARN  container.IncrementalContainerReportHandler (AbstractContainerReportHandler.java:updateContainerState(143)) - Container #1 is in OPEN state, but the datanode e3e1c38d-3439-42c6-8ce9-6294e61b27c2{ip: 192.168.151.66, host: pr-hdds-2265-m6x5s-933689915, networkLocation: /default-rack, certSerialId: null} reports an CLOSED replica.
2019-10-07 13:25:05,686 [grpc-default-executor-0] WARN  server.GrpcLogAppender (LogUtils.java:warn(134)) - e3e1c38d-3439-42c6-8ce9-6294e61b27c2@group-DA502D367CC2->64f73d85-b137-48a7-ba3e-12b9387c5b9d-AppendLogResponseHandler: Failed appendEntries: org.apache.ratis.thirdparty.io.grpc.StatusRuntimeException: UNAVAILABLE: io exception
2019-10-07 13:25:05,687 [grpc-default-executor-0] INFO  impl.FollowerInfo (FollowerInfo.java:lambda$new$0(51)) - e3e1c38d-3439-42c6-8ce9-6294e61b27c2@group-DA502D367CC2->64f73d85-b137-48a7-ba3e-12b9387c5b9d: nextIndex: updateUnconditionally 2 -> 1
2019-10-07 13:25:06,262 [main] WARN  scm.XceiverClientRatis (XceiverClientRatis.java:watchForCommit(269)) - 3 way commit failed on pipeline Pipeline[ Id: 163de34f-b7d7-4321-992d-da502d367cc2, Nodes: 64f73d85-b137-48a7-ba3e-12b9387c5b9d{ip: 192.168.151.66, host: pr-hdds-2265-m6x5s-933689915, networkLocation: /default-rack, certSerialId: null}e3e1c38d-3439-42c6-8ce9-6294e61b27c2{ip: 192.168.151.66, host: pr-hdds-2265-m6x5s-933689915, networkLocation: /default-rack, certSerialId: null}89b7be7e-870d-455a-8963-d7f89673f648{ip: 192.168.151.66, host: pr-hdds-2265-m6x5s-933689915, networkLocation: /default-rack, certSerialId: null}, Type:RATIS, Factor:THREE, State:OPEN]
java.util.concurrent.TimeoutException
	at java.util.concurrent.CompletableFuture.timedGet(CompletableFuture.java:1771)
	at java.util.concurrent.CompletableFuture.get(CompletableFuture.java:1915)
	at org.apache.hadoop.hdds.scm.XceiverClientRatis.watchForCommit(XceiverClientRatis.java:266)
	at org.apache.hadoop.ozone.client.rpc.TestWatchForCommit.test2WayCommitForTimeoutException(TestWatchForCommit.java:391)
	at sun.reflect.NativeMethodAccessorImpl.invoke0(Native Method)
	at sun.reflect.NativeMethodAccessorImpl.invoke(NativeMethodAccessorImpl.java:62)
	at sun.reflect.DelegatingMethodAccessorImpl.invoke(DelegatingMethodAccessorImpl.java:43)
	at java.lang.reflect.Method.invoke(Method.java:498)
	at org.junit.runners.model.FrameworkMethod$1.runReflectiveCall(FrameworkMethod.java:47)
	at org.junit.internal.runners.model.ReflectiveCallable.run(ReflectiveCallable.java:12)
	at org.junit.runners.model.FrameworkMethod.invokeExplosively(FrameworkMethod.java:44)
	at org.junit.internal.runners.statements.InvokeMethod.evaluate(InvokeMethod.java:17)
	at org.junit.runners.ParentRunner.runLeaf(ParentRunner.java:271)
	at org.junit.runners.BlockJUnit4ClassRunner.runChild(BlockJUnit4ClassRunner.java:70)
	at org.junit.runners.BlockJUnit4ClassRunner.runChild(BlockJUnit4ClassRunner.java:50)
	at org.junit.runners.ParentRunner$3.run(ParentRunner.java:238)
	at org.junit.runners.ParentRunner$1.schedule(ParentRunner.java:63)
	at org.junit.runners.ParentRunner.runChildren(ParentRunner.java:236)
	at org.junit.runners.ParentRunner.access$000(ParentRunner.java:53)
	at org.junit.runners.ParentRunner$2.evaluate(ParentRunner.java:229)
	at org.junit.runners.ParentRunner.run(ParentRunner.java:309)
	at org.apache.maven.surefire.junit4.JUnit4Provider.execute(JUnit4Provider.java:365)
	at org.apache.maven.surefire.junit4.JUnit4Provider.executeWithRerun(JUnit4Provider.java:273)
	at org.apache.maven.surefire.junit4.JUnit4Provider.executeTestSet(JUnit4Provider.java:238)
	at org.apache.maven.surefire.junit4.JUnit4Provider.invoke(JUnit4Provider.java:159)
	at org.apache.maven.surefire.booter.ForkedBooter.invokeProviderInSameClassLoader(ForkedBooter.java:384)
	at org.apache.maven.surefire.booter.ForkedBooter.runSuitesInProcess(ForkedBooter.java:345)
	at org.apache.maven.surefire.booter.ForkedBooter.execute(ForkedBooter.java:126)
	at org.apache.maven.surefire.booter.ForkedBooter.main(ForkedBooter.java:418)
2019-10-07 13:25:06,282 [Thread-2446] INFO  client.GrpcClientProtocolService (GrpcClientProtocolService.java:lambda$processClientRequest$0(278)) - Failed RaftClientRequest:client-0B754904EAFA->89b7be7e-870d-455a-8963-d7f89673f648@group-DA502D367CC2, cid=105, seq=0, Watch-MAJORITY_COMMITTED(3), Message:<EMPTY>, reply=RaftClientReply:client-0B754904EAFA->89b7be7e-870d-455a-8963-d7f89673f648@group-DA502D367CC2, cid=105, FAILED org.apache.ratis.protocol.NotLeaderException: Server 89b7be7e-870d-455a-8963-d7f89673f648@group-DA502D367CC2 is not the leader e3e1c38d-3439-42c6-8ce9-6294e61b27c2:192.168.151.66:38385, logIndex=0, commits[89b7be7e-870d-455a-8963-d7f89673f648:c4, 64f73d85-b137-48a7-ba3e-12b9387c5b9d:c2, e3e1c38d-3439-42c6-8ce9-6294e61b27c2:c4]
2019-10-07 13:25:08,188 [grpc-default-executor-7] WARN  server.GrpcLogAppender (LogUtils.java:warn(134)) - e3e1c38d-3439-42c6-8ce9-6294e61b27c2@group-DA502D367CC2->64f73d85-b137-48a7-ba3e-12b9387c5b9d-AppendLogResponseHandler: Failed appendEntries: org.apache.ratis.thirdparty.io.grpc.StatusRuntimeException: UNAVAILABLE: io exception
2019-10-07 13:25:08,189 [grpc-default-executor-7] INFO  impl.FollowerInfo (FollowerInfo.java:lambda$new$0(51)) - e3e1c38d-3439-42c6-8ce9-6294e61b27c2@group-DA502D367CC2->64f73d85-b137-48a7-ba3e-12b9387c5b9d: nextIndex: updateUnconditionally 1 -> 0
]]></system-out>
    <system-err><![CDATA[Oct 07, 2019 1:25:03 PM org.apache.ratis.thirdparty.io.grpc.internal.SerializingExecutor run
SEVERE: Exception while executing runnable org.apache.ratis.thirdparty.io.grpc.internal.ServerImpl$JumpToApplicationThreadServerStreamListener$1Closed@210d8ddb
org.apache.ratis.thirdparty.io.grpc.StatusRuntimeException: CANCELLED: call already cancelled
	at org.apache.ratis.thirdparty.io.grpc.Status.asRuntimeException(Status.java:517)
	at org.apache.ratis.thirdparty.io.grpc.stub.ServerCalls$ServerCallStreamObserverImpl.onCompleted(ServerCalls.java:356)
	at org.apache.ratis.grpc.server.GrpcServerProtocolService$ServerRequestStreamObserver.onError(GrpcServerProtocolService.java:121)
	at org.apache.ratis.thirdparty.io.grpc.stub.ServerCalls$StreamingServerCallHandler$StreamingServerCallListener.onCancel(ServerCalls.java:269)
	at org.apache.ratis.thirdparty.io.grpc.internal.ServerCallImpl$ServerStreamListenerImpl.closed(ServerCallImpl.java:293)
	at org.apache.ratis.thirdparty.io.grpc.internal.ServerImpl$JumpToApplicationThreadServerStreamListener$1Closed.runInContext(ServerImpl.java:741)
	at org.apache.ratis.thirdparty.io.grpc.internal.ContextRunnable.run(ContextRunnable.java:37)
	at org.apache.ratis.thirdparty.io.grpc.internal.SerializingExecutor.run(SerializingExecutor.java:123)
	at java.util.concurrent.ThreadPoolExecutor.runWorker(ThreadPoolExecutor.java:1149)
	at java.util.concurrent.ThreadPoolExecutor$Worker.run(ThreadPoolExecutor.java:624)
	at java.lang.Thread.run(Thread.java:748)

]]></system-err>
  </testcase>
</testsuite>