<?xml version="1.0" encoding="UTF-8"?>
<testsuite xmlns:xsi="http://www.w3.org/2001/XMLSchema-instance" xsi:noNamespaceSchemaLocation="https://maven.apache.org/surefire/maven-surefire-plugin/xsd/surefire-test-report.xsd" name="org.apache.hadoop.ozone.client.rpc.TestMultiBlockWritesWithDnFailures" time="128.95" tests="2" errors="0" skipped="0" failures="1">
  <properties>
    <property name="awt.toolkit" value="sun.awt.X11.XToolkit"/>
    <property name="file.encoding.pkg" value="sun.io"/>
    <property name="java.specification.version" value="1.8"/>
    <property name="sun.cpu.isalist" value=""/>
    <property name="sun.jnu.encoding" value="ANSI_X3.4-1968"/>
    <property name="java.class.path" value="/workdir/hadoop-ozone/integration-test/target/test-classes:/workdir/hadoop-ozone/integration-test/target/classes:/home/user/.m2/repository/org/apache/hadoop/hadoop-ozone-common/0.5.0-SNAPSHOT/hadoop-ozone-common-0.5.0-SNAPSHOT.jar:/home/user/.m2/repository/org/apache/commons/commons-compress/1.4.1/commons-compress-1.4.1.jar:/home/user/.m2/repository/org/tukaani/xz/1.0/xz-1.0.jar:/home/user/.m2/repository/org/apache/hadoop/hadoop-common/3.2.0/hadoop-common-3.2.0.jar:/home/user/.m2/repository/org/apache/hadoop/hadoop-hdfs/3.2.0/hadoop-hdfs-3.2.0.jar:/home/user/.m2/repository/org/apache/hadoop/hadoop-hdfs-client/3.2.0/hadoop-hdfs-client-3.2.0.jar:/home/user/.m2/repository/com/fasterxml/jackson/core/jackson-annotations/2.9.9/jackson-annotations-2.9.9.jar:/home/user/.m2/repository/org/apache/hadoop/hadoop-hdds-common/0.5.0-SNAPSHOT/hadoop-hdds-common-0.5.0-SNAPSHOT.jar:/home/user/.m2/repository/javax/annotation/javax.annotation-api/1.2/javax.annotation-api-1.2.jar:/home/user/.m2/repository/org/apache/ratis/ratis-server/0.5.0-3f446aa-SNAPSHOT/ratis-server-0.5.0-3f446aa-SNAPSHOT.jar:/home/user/.m2/repository/org/apache/ratis/ratis-thirdparty-misc/0.2.0/ratis-thirdparty-misc-0.2.0.jar:/home/user/.m2/repository/org/apache/ratis/ratis-proto/0.5.0-3f446aa-SNAPSHOT/ratis-proto-0.5.0-3f446aa-SNAPSHOT.jar:/home/user/.m2/repository/org/apache/ratis/ratis-common/0.5.0-3f446aa-SNAPSHOT/ratis-common-0.5.0-3f446aa-SNAPSHOT.jar:/home/user/.m2/repository/org/apache/ratis/ratis-client/0.5.0-3f446aa-SNAPSHOT/ratis-client-0.5.0-3f446aa-SNAPSHOT.jar:/home/user/.m2/repository/org/apache/ratis/ratis-metrics/0.5.0-3f446aa-SNAPSHOT/ratis-metrics-0.5.0-3f446aa-SNAPSHOT.jar:/home/user/.m2/repository/com/github/joshelser/dropwizard-metrics-hadoop-metrics2-reporter/0.1.2/dropwizard-metrics-hadoop-metrics2-reporter-0.1.2.jar:/home/user/.m2/repository/io/dropwizard/metrics/metrics-jvm/3.2.5/metrics-jvm-3.2.5.jar:/home/user/.m2/repository/io/dropwizard/metrics/metrics-ganglia/3.2.5/metrics-ganglia-3.2.5.jar:/home/user/.m2/repository/info/ganglia/gmetric4j/gmetric4j/1.0.7/gmetric4j-1.0.7.jar:/home/user/.m2/repository/org/apache/ratis/ratis-netty/0.5.0-3f446aa-SNAPSHOT/ratis-netty-0.5.0-3f446aa-SNAPSHOT.jar:/home/user/.m2/repository/org/apache/ratis/ratis-grpc/0.5.0-3f446aa-SNAPSHOT/ratis-grpc-0.5.0-3f446aa-SNAPSHOT.jar:/home/user/.m2/repository/org/rocksdb/rocksdbjni/6.0.1/rocksdbjni-6.0.1.jar:/home/user/.m2/repository/org/apache/logging/log4j/log4j-api/2.11.0/log4j-api-2.11.0.jar:/home/user/.m2/repository/org/apache/logging/log4j/log4j-core/2.11.0/log4j-core-2.11.0.jar:/home/user/.m2/repository/com/lmax/disruptor/3.4.2/disruptor-3.4.2.jar:/home/user/.m2/repository/org/apache/commons/commons-pool2/2.6.0/commons-pool2-2.6.0.jar:/home/user/.m2/repository/org/bouncycastle/bcpkix-jdk15on/1.60/bcpkix-jdk15on-1.60.jar:/home/user/.m2/repository/commons-validator/commons-validator/1.6/commons-validator-1.6.jar:/home/user/.m2/repository/commons-digester/commons-digester/1.8.1/commons-digester-1.8.1.jar:/home/user/.m2/repository/io/jaegertracing/jaeger-client/0.34.0/jaeger-client-0.34.0.jar:/home/user/.m2/repository/io/jaegertracing/jaeger-thrift/0.34.0/jaeger-thrift-0.34.0.jar:/home/user/.m2/repository/org/apache/thrift/libthrift/0.12.0/libthrift-0.12.0.jar:/home/user/.m2/repository/com/squareup/okhttp3/okhttp/3.9.0/okhttp-3.9.0.jar:/home/user/.m2/repository/com/squareup/okio/okio/1.13.0/okio-1.13.0.jar:/home/user/.m2/repository/io/jaegertracing/jaeger-core/0.34.0/jaeger-core-0.34.0.jar:/home/user/.m2/repository/io/jaegertracing/jaeger-tracerresolver/0.34.0/jaeger-tracerresolver-0.34.0.jar:/home/user/.m2/repository/io/opentracing/contrib/opentracing-tracerresolver/0.1.5/opentracing-tracerresolver-0.1.5.jar:/home/user/.m2/repository/io/opentracing/opentracing-util/0.31.0/opentracing-util-0.31.0.jar:/home/user/.m2/repository/io/opentracing/opentracing-api/0.31.0/opentracing-api-0.31.0.jar:/home/user/.m2/repository/io/opentracing/opentracing-noop/0.31.0/opentracing-noop-0.31.0.jar:/home/user/.m2/repository/org/apache/hadoop/hadoop-hdds-server-framework/0.5.0-SNAPSHOT/hadoop-hdds-server-framework-0.5.0-SNAPSHOT.jar:/home/user/.m2/repository/org/apache/hadoop/hadoop-hdds-container-service/0.5.0-SNAPSHOT/hadoop-hdds-container-service-0.5.0-SNAPSHOT.jar:/home/user/.m2/repository/org/apache/hadoop/hadoop-hdds-client/0.5.0-SNAPSHOT/hadoop-hdds-client-0.5.0-SNAPSHOT.jar:/home/user/.m2/repository/org/apache/hadoop/hadoop-hdds-tools/0.5.0-SNAPSHOT/hadoop-hdds-tools-0.5.0-SNAPSHOT.jar:/home/user/.m2/repository/org/apache/hadoop/hadoop-hdds-server-scm/0.5.0-SNAPSHOT/hadoop-hdds-server-scm-0.5.0-SNAPSHOT.jar:/home/user/.m2/repository/org/apache/hadoop/hadoop-hdds-docs/0.5.0-SNAPSHOT/hadoop-hdds-docs-0.5.0-SNAPSHOT.jar:/home/user/.m2/repository/io/dropwizard/metrics/metrics-core/3.2.4/metrics-core-3.2.4.jar:/home/user/.m2/repository/org/hamcrest/hamcrest-all/1.3/hamcrest-all-1.3.jar:/home/user/.m2/repository/org/bouncycastle/bcprov-jdk15on/1.60/bcprov-jdk15on-1.60.jar:/home/user/.m2/repository/info/picocli/picocli/3.9.6/picocli-3.9.6.jar:/home/user/.m2/repository/com/google/protobuf/protobuf-java/2.5.0/protobuf-java-2.5.0.jar:/home/user/.m2/repository/com/google/guava/guava/11.0.2/guava-11.0.2.jar:/home/user/.m2/repository/org/apache/hadoop/hadoop-ozone-ozone-manager/0.5.0-SNAPSHOT/hadoop-ozone-ozone-manager-0.5.0-SNAPSHOT.jar:/home/user/.m2/repository/org/apache/hadoop/hadoop-minikdc/3.2.0/hadoop-minikdc-3.2.0.jar:/home/user/.m2/repository/commons-io/commons-io/2.5/commons-io-2.5.jar:/home/user/.m2/repository/org/apache/kerby/kerb-simplekdc/1.0.1/kerb-simplekdc-1.0.1.jar:/home/user/.m2/repository/org/apache/kerby/kerb-client/1.0.1/kerb-client-1.0.1.jar:/home/user/.m2/repository/org/apache/kerby/kerby-config/1.0.1/kerby-config-1.0.1.jar:/home/user/.m2/repository/org/apache/kerby/kerb-core/1.0.1/kerb-core-1.0.1.jar:/home/user/.m2/repository/org/apache/kerby/kerby-pkix/1.0.1/kerby-pkix-1.0.1.jar:/home/user/.m2/repository/org/apache/kerby/kerby-asn1/1.0.1/kerby-asn1-1.0.1.jar:/home/user/.m2/repository/org/apache/kerby/kerby-util/1.0.1/kerby-util-1.0.1.jar:/home/user/.m2/repository/org/apache/kerby/kerb-common/1.0.1/kerb-common-1.0.1.jar:/home/user/.m2/repository/org/apache/kerby/kerb-crypto/1.0.1/kerb-crypto-1.0.1.jar:/home/user/.m2/repository/org/apache/kerby/kerb-util/1.0.1/kerb-util-1.0.1.jar:/home/user/.m2/repository/org/apache/kerby/token-provider/1.0.1/token-provider-1.0.1.jar:/home/user/.m2/repository/org/apache/kerby/kerb-admin/1.0.1/kerb-admin-1.0.1.jar:/home/user/.m2/repository/org/apache/kerby/kerb-server/1.0.1/kerb-server-1.0.1.jar:/home/user/.m2/repository/org/apache/kerby/kerb-identity/1.0.1/kerb-identity-1.0.1.jar:/home/user/.m2/repository/org/apache/kerby/kerby-xdr/1.0.1/kerby-xdr-1.0.1.jar:/home/user/.m2/repository/org/slf4j/slf4j-log4j12/1.7.25/slf4j-log4j12-1.7.25.jar:/home/user/.m2/repository/org/apache/hadoop/hadoop-ozone-s3gateway/0.5.0-SNAPSHOT/hadoop-ozone-s3gateway-0.5.0-SNAPSHOT.jar:/home/user/.m2/repository/org/jboss/weld/servlet/weld-servlet/2.4.7.Final/weld-servlet-2.4.7.Final.jar:/home/user/.m2/repository/org/glassfish/jersey/containers/jersey-container-servlet-core/2.27/jersey-container-servlet-core-2.27.jar:/home/user/.m2/repository/org/glassfish/hk2/external/javax.inject/2.5.0-b42/javax.inject-2.5.0-b42.jar:/home/user/.m2/repository/org/glassfish/jersey/core/jersey-common/2.27/jersey-common-2.27.jar:/home/user/.m2/repository/org/glassfish/hk2/osgi-resource-locator/1.0.1/osgi-resource-locator-1.0.1.jar:/home/user/.m2/repository/javax/ws/rs/javax.ws.rs-api/2.1/javax.ws.rs-api-2.1.jar:/home/user/.m2/repository/org/glassfish/jersey/ext/cdi/jersey-cdi1x/2.27/jersey-cdi1x-2.27.jar:/home/user/.m2/repository/org/glassfish/jersey/inject/jersey-hk2/2.27/jersey-hk2-2.27.jar:/home/user/.m2/repository/org/glassfish/hk2/hk2-locator/2.5.0-b42/hk2-locator-2.5.0-b42.jar:/home/user/.m2/repository/org/javassist/javassist/3.22.0-CR2/javassist-3.22.0-CR2.jar:/home/user/.m2/repository/org/glassfish/hk2/hk2-api/2.5.0/hk2-api-2.5.0.jar:/home/user/.m2/repository/org/glassfish/hk2/external/jakarta.inject/2.5.0/jakarta.inject-2.5.0.jar:/home/user/.m2/repository/org/glassfish/hk2/hk2-utils/2.5.0/hk2-utils-2.5.0.jar:/home/user/.m2/repository/jakarta/annotation/jakarta.annotation-api/1.3.4/jakarta.annotation-api-1.3.4.jar:/home/user/.m2/repository/org/glassfish/hk2/external/aopalliance-repackaged/2.5.0/aopalliance-repackaged-2.5.0.jar:/home/user/.m2/repository/com/fasterxml/jackson/dataformat/jackson-dataformat-xml/2.9.0/jackson-dataformat-xml-2.9.0.jar:/home/user/.m2/repository/com/fasterxml/jackson/core/jackson-core/2.9.9/jackson-core-2.9.9.jar:/home/user/.m2/repository/com/fasterxml/jackson/module/jackson-module-jaxb-annotations/2.9.9/jackson-module-jaxb-annotations-2.9.9.jar:/home/user/.m2/repository/javax/enterprise/cdi-api/1.2/cdi-api-1.2.jar:/home/user/.m2/repository/javax/el/javax.el-api/3.0.0/javax.el-api-3.0.0.jar:/home/user/.m2/repository/javax/interceptor/javax.interceptor-api/1.2/javax.interceptor-api-1.2.jar:/home/user/.m2/repository/javax/inject/javax.inject/1/javax.inject-1.jar:/home/user/.m2/repository/com/sun/xml/bind/jaxb-impl/2.3.0.1/jaxb-impl-2.3.0.1.jar:/home/user/.m2/repository/com/sun/xml/bind/jaxb-core/2.3.0.1/jaxb-core-2.3.0.1.jar:/home/user/.m2/repository/javax/xml/bind/jaxb-api/2.3.0/jaxb-api-2.3.0.jar:/home/user/.m2/repository/javax/activation/activation/1.1.1/activation-1.1.1.jar:/home/user/.m2/repository/org/apache/hadoop/hadoop-ozone-csi/0.5.0-SNAPSHOT/hadoop-ozone-csi-0.5.0-SNAPSHOT.jar:/home/user/.m2/repository/com/google/protobuf/protobuf-java-util/3.5.1/protobuf-java-util-3.5.1.jar:/home/user/.m2/repository/org/apache/hadoop/hadoop-hdds-config/0.5.0-SNAPSHOT/hadoop-hdds-config-0.5.0-SNAPSHOT.jar:/home/user/.m2/repository/io/grpc/grpc-netty/1.17.1/grpc-netty-1.17.1.jar:/home/user/.m2/repository/io/grpc/grpc-core/1.17.1/grpc-core-1.17.1.jar:/home/user/.m2/repository/io/grpc/grpc-context/1.17.1/grpc-context-1.17.1.jar:/home/user/.m2/repository/com/google/errorprone/error_prone_annotations/2.2.0/error_prone_annotations-2.2.0.jar:/home/user/.m2/repository/org/codehaus/mojo/animal-sniffer-annotations/1.17/animal-sniffer-annotations-1.17.jar:/home/user/.m2/repository/io/opencensus/opencensus-api/0.17.0/opencensus-api-0.17.0.jar:/home/user/.m2/repository/io/opencensus/opencensus-contrib-grpc-metrics/0.17.0/opencensus-contrib-grpc-metrics-0.17.0.jar:/home/user/.m2/repository/io/netty/netty-codec-http2/4.1.30.Final/netty-codec-http2-4.1.30.Final.jar:/home/user/.m2/repository/io/netty/netty-codec-http/4.1.30.Final/netty-codec-http-4.1.30.Final.jar:/home/user/.m2/repository/io/netty/netty-codec/4.1.30.Final/netty-codec-4.1.30.Final.jar:/home/user/.m2/repository/io/netty/netty-handler/4.1.30.Final/netty-handler-4.1.30.Final.jar:/home/user/.m2/repository/io/netty/netty-handler-proxy/4.1.30.Final/netty-handler-proxy-4.1.30.Final.jar:/home/user/.m2/repository/io/netty/netty-codec-socks/4.1.30.Final/netty-codec-socks-4.1.30.Final.jar:/home/user/.m2/repository/io/netty/netty-transport-native-epoll/4.1.30.Final/netty-transport-native-epoll-4.1.30.Final.jar:/home/user/.m2/repository/io/netty/netty-common/4.1.30.Final/netty-common-4.1.30.Final.jar:/home/user/.m2/repository/io/netty/netty-buffer/4.1.30.Final/netty-buffer-4.1.30.Final.jar:/home/user/.m2/repository/io/netty/netty-transport/4.1.30.Final/netty-transport-4.1.30.Final.jar:/home/user/.m2/repository/io/netty/netty-resolver/4.1.30.Final/netty-resolver-4.1.30.Final.jar:/home/user/.m2/repository/io/netty/netty-transport-native-unix-common/4.1.30.Final/netty-transport-native-unix-common-4.1.30.Final.jar:/home/user/.m2/repository/io/grpc/grpc-protobuf/1.17.1/grpc-protobuf-1.17.1.jar:/home/user/.m2/repository/com/google/api/grpc/proto-google-common-protos/1.0.0/proto-google-common-protos-1.0.0.jar:/home/user/.m2/repository/io/grpc/grpc-protobuf-lite/1.17.1/grpc-protobuf-lite-1.17.1.jar:/home/user/.m2/repository/io/grpc/grpc-stub/1.17.1/grpc-stub-1.17.1.jar:/home/user/.m2/repository/org/apache/hadoop/hadoop-ozone-recon/0.5.0-SNAPSHOT/hadoop-ozone-recon-0.5.0-SNAPSHOT.jar:/home/user/.m2/repository/org/apache/hadoop/hadoop-ozone-reconcodegen/0.5.0-SNAPSHOT/hadoop-ozone-reconcodegen-0.5.0-SNAPSHOT.jar:/home/user/.m2/repository/com/google/inject/extensions/guice-multibindings/4.0/guice-multibindings-4.0.jar:/home/user/.m2/repository/com/google/inject/guice/4.0/guice-4.0.jar:/home/user/.m2/repository/aopalliance/aopalliance/1.0/aopalliance-1.0.jar:/home/user/.m2/repository/com/google/inject/extensions/guice-servlet/4.0/guice-servlet-4.0.jar:/home/user/.m2/repository/org/glassfish/jersey/containers/jersey-container-servlet/2.27/jersey-container-servlet-2.27.jar:/home/user/.m2/repository/org/glassfish/hk2/guice-bridge/2.5.0/guice-bridge-2.5.0.jar:/home/user/.m2/repository/org/glassfish/jersey/core/jersey-server/2.27/jersey-server-2.27.jar:/home/user/.m2/repository/org/glassfish/jersey/core/jersey-client/2.27/jersey-client-2.27.jar:/home/user/.m2/repository/org/glassfish/jersey/media/jersey-media-jaxb/2.27/jersey-media-jaxb-2.27.jar:/home/user/.m2/repository/javax/validation/validation-api/1.1.0.Final/validation-api-1.1.0.Final.jar:/home/user/.m2/repository/org/glassfish/jersey/media/jersey-media-json-jackson/2.27/jersey-media-json-jackson-2.27.jar:/home/user/.m2/repository/org/glassfish/jersey/ext/jersey-entity-filtering/2.27/jersey-entity-filtering-2.27.jar:/home/user/.m2/repository/com/google/inject/extensions/guice-assistedinject/4.0/guice-assistedinject-4.0.jar:/home/user/.m2/repository/org/jooq/jooq/3.11.10/jooq-3.11.10.jar:/home/user/.m2/repository/org/jooq/jooq-meta/3.11.10/jooq-meta-3.11.10.jar:/home/user/.m2/repository/org/jooq/jooq-codegen/3.11.10/jooq-codegen-3.11.10.jar:/home/user/.m2/repository/com/jolbox/bonecp/0.8.0.RELEASE/bonecp-0.8.0.RELEASE.jar:/home/user/.m2/repository/org/xerial/sqlite-jdbc/3.25.2/sqlite-jdbc-3.25.2.jar:/home/user/.m2/repository/org/springframework/spring-jdbc/5.1.3.RELEASE/spring-jdbc-5.1.3.RELEASE.jar:/home/user/.m2/repository/org/springframework/spring-beans/5.1.3.RELEASE/spring-beans-5.1.3.RELEASE.jar:/home/user/.m2/repository/org/springframework/spring-core/5.1.3.RELEASE/spring-core-5.1.3.RELEASE.jar:/home/user/.m2/repository/org/springframework/spring-jcl/5.1.3.RELEASE/spring-jcl-5.1.3.RELEASE.jar:/home/user/.m2/repository/org/springframework/spring-tx/5.1.3.RELEASE/spring-tx-5.1.3.RELEASE.jar:/home/user/.m2/repository/org/apache/hadoop/hadoop-ozone-client/0.5.0-SNAPSHOT/hadoop-ozone-client-0.5.0-SNAPSHOT.jar:/home/user/.m2/repository/commons-lang/commons-lang/2.6/commons-lang-2.6.jar:/home/user/.m2/repository/org/apache/hadoop/hadoop-ozone-ozone-manager/0.5.0-SNAPSHOT/hadoop-ozone-ozone-manager-0.5.0-SNAPSHOT-tests.jar:/home/user/.m2/repository/junit/junit/4.11/junit-4.11.jar:/home/user/.m2/repository/org/hamcrest/hamcrest-core/1.3/hamcrest-core-1.3.jar:/home/user/.m2/repository/org/openjdk/jmh/jmh-core/1.19/jmh-core-1.19.jar:/home/user/.m2/repository/net/sf/jopt-simple/jopt-simple/4.6/jopt-simple-4.6.jar:/home/user/.m2/repository/org/apache/commons/commons-math3/3.1.1/commons-math3-3.1.1.jar:/home/user/.m2/repository/org/openjdk/jmh/jmh-generator-annprocess/1.19/jmh-generator-annprocess-1.19.jar:/home/user/.m2/repository/org/mockito/mockito-all/1.8.5/mockito-all-1.8.5.jar:/home/user/.m2/repository/org/apache/hadoop/hadoop-kms/3.2.0/hadoop-kms-3.2.0.jar:/home/user/.m2/repository/org/apache/hadoop/hadoop-auth/3.2.0/hadoop-auth-3.2.0.jar:/home/user/.m2/repository/com/nimbusds/nimbus-jose-jwt/4.41.1/nimbus-jose-jwt-4.41.1.jar:/home/user/.m2/repository/com/github/stephenc/jcip/jcip-annotations/1.0-1/jcip-annotations-1.0-1.jar:/home/user/.m2/repository/net/minidev/json-smart/2.3/json-smart-2.3.jar:/home/user/.m2/repository/net/minidev/accessors-smart/1.2/accessors-smart-1.2.jar:/home/user/.m2/repository/org/ow2/asm/asm/5.0.4/asm-5.0.4.jar:/home/user/.m2/repository/org/apache/curator/curator-framework/2.12.0/curator-framework-2.12.0.jar:/home/user/.m2/repository/com/sun/jersey/jersey-core/1.19/jersey-core-1.19.jar:/home/user/.m2/repository/javax/ws/rs/jsr311-api/1.1.1/jsr311-api-1.1.1.jar:/home/user/.m2/repository/com/sun/jersey/jersey-server/1.19/jersey-server-1.19.jar:/home/user/.m2/repository/javax/servlet/javax.servlet-api/3.1.0/javax.servlet-api-3.1.0.jar:/home/user/.m2/repository/org/eclipse/jetty/jetty-server/9.3.25.v20180904/jetty-server-9.3.25.v20180904.jar:/home/user/.m2/repository/org/eclipse/jetty/jetty-http/9.3.25.v20180904/jetty-http-9.3.25.v20180904.jar:/home/user/.m2/repository/org/eclipse/jetty/jetty-io/9.3.25.v20180904/jetty-io-9.3.25.v20180904.jar:/home/user/.m2/repository/org/eclipse/jetty/jetty-webapp/9.3.25.v20180904/jetty-webapp-9.3.25.v20180904.jar:/home/user/.m2/repository/org/eclipse/jetty/jetty-xml/9.3.25.v20180904/jetty-xml-9.3.25.v20180904.jar:/home/user/.m2/repository/log4j/log4j/1.2.17/log4j-1.2.17.jar:/home/user/.m2/repository/org/slf4j/slf4j-api/1.7.25/slf4j-api-1.7.25.jar:/home/user/.m2/repository/org/slf4j/jul-to-slf4j/1.7.25/jul-to-slf4j-1.7.25.jar:/home/user/.m2/repository/org/eclipse/jetty/jetty-util/9.3.25.v20180904/jetty-util-9.3.25.v20180904.jar:/home/user/.m2/repository/com/fasterxml/jackson/core/jackson-databind/2.9.9/jackson-databind-2.9.9.jar:/home/user/.m2/repository/org/apache/hadoop/hadoop-kms/3.2.0/hadoop-kms-3.2.0-tests.jar:/home/user/.m2/repository/org/apache/hadoop/hadoop-hdds-server-scm/0.5.0-SNAPSHOT/hadoop-hdds-server-scm-0.5.0-SNAPSHOT-tests.jar:/home/user/.m2/repository/org/apache/hadoop/hadoop-hdds-container-service/0.5.0-SNAPSHOT/hadoop-hdds-container-service-0.5.0-SNAPSHOT-tests.jar:/home/user/.m2/repository/org/yaml/snakeyaml/1.16/snakeyaml-1.16.jar:/home/user/.m2/repository/org/apache/hadoop/hadoop-common/3.2.0/hadoop-common-3.2.0-tests.jar:/home/user/.m2/repository/org/apache/hadoop/hadoop-annotations/3.2.0/hadoop-annotations-3.2.0.jar:/usr/lib/jvm/java-1.8.0-openjdk-1.8.0.222.b10-1.el7_7.x86_64/jre/../lib/tools.jar:/home/user/.m2/repository/commons-cli/commons-cli/1.2/commons-cli-1.2.jar:/home/user/.m2/repository/org/apache/httpcomponents/httpclient/4.5.2/httpclient-4.5.2.jar:/home/user/.m2/repository/org/apache/httpcomponents/httpcore/4.4.4/httpcore-4.4.4.jar:/home/user/.m2/repository/commons-codec/commons-codec/1.11/commons-codec-1.11.jar:/home/user/.m2/repository/commons-net/commons-net/3.6/commons-net-3.6.jar:/home/user/.m2/repository/commons-collections/commons-collections/3.2.2/commons-collections-3.2.2.jar:/home/user/.m2/repository/org/eclipse/jetty/jetty-servlet/9.3.25.v20180904/jetty-servlet-9.3.25.v20180904.jar:/home/user/.m2/repository/org/eclipse/jetty/jetty-security/9.3.25.v20180904/jetty-security-9.3.25.v20180904.jar:/home/user/.m2/repository/javax/servlet/jsp/jsp-api/2.1/jsp-api-2.1.jar:/home/user/.m2/repository/com/sun/jersey/jersey-servlet/1.19/jersey-servlet-1.19.jar:/home/user/.m2/repository/com/sun/jersey/jersey-json/1.19/jersey-json-1.19.jar:/home/user/.m2/repository/org/codehaus/jettison/jettison/1.1/jettison-1.1.jar:/home/user/.m2/repository/org/codehaus/jackson/jackson-core-asl/1.9.13/jackson-core-asl-1.9.13.jar:/home/user/.m2/repository/org/codehaus/jackson/jackson-mapper-asl/1.9.13/jackson-mapper-asl-1.9.13.jar:/home/user/.m2/repository/org/codehaus/jackson/jackson-jaxrs/1.9.13/jackson-jaxrs-1.9.13.jar:/home/user/.m2/repository/org/codehaus/jackson/jackson-xc/1.9.13/jackson-xc-1.9.13.jar:/home/user/.m2/repository/commons-logging/commons-logging/1.1.3/commons-logging-1.1.3.jar:/home/user/.m2/repository/commons-beanutils/commons-beanutils/1.9.4/commons-beanutils-1.9.4.jar:/home/user/.m2/repository/org/apache/commons/commons-configuration2/2.1.1/commons-configuration2-2.1.1.jar:/home/user/.m2/repository/org/apache/commons/commons-lang3/3.7/commons-lang3-3.7.jar:/home/user/.m2/repository/org/apache/commons/commons-text/1.4/commons-text-1.4.jar:/home/user/.m2/repository/org/apache/avro/avro/1.7.7/avro-1.7.7.jar:/home/user/.m2/repository/com/thoughtworks/paranamer/paranamer/2.3/paranamer-2.3.jar:/home/user/.m2/repository/org/xerial/snappy/snappy-java/1.0.5/snappy-java-1.0.5.jar:/home/user/.m2/repository/com/google/re2j/re2j/1.1/re2j-1.1.jar:/home/user/.m2/repository/com/google/code/gson/gson/2.2.4/gson-2.2.4.jar:/home/user/.m2/repository/com/jcraft/jsch/0.1.54/jsch-0.1.54.jar:/home/user/.m2/repository/org/apache/curator/curator-client/2.12.0/curator-client-2.12.0.jar:/home/user/.m2/repository/org/apache/curator/curator-recipes/2.12.0/curator-recipes-2.12.0.jar:/home/user/.m2/repository/com/google/code/findbugs/jsr305/3.0.0/jsr305-3.0.0.jar:/home/user/.m2/repository/org/apache/htrace/htrace-core4/4.1.0-incubating/htrace-core4-4.1.0-incubating.jar:/home/user/.m2/repository/org/apache/zookeeper/zookeeper/3.4.13/zookeeper-3.4.13.jar:/home/user/.m2/repository/jline/jline/0.9.94/jline-0.9.94.jar:/home/user/.m2/repository/org/apache/yetus/audience-annotations/0.5.0/audience-annotations-0.5.0.jar:/home/user/.m2/repository/org/codehaus/woodstox/stax2-api/3.1.4/stax2-api-3.1.4.jar:/home/user/.m2/repository/com/fasterxml/woodstox/woodstox-core/5.0.3/woodstox-core-5.0.3.jar:/home/user/.m2/repository/dnsjava/dnsjava/2.1.7/dnsjava-2.1.7.jar:/home/user/.m2/repository/org/apache/hadoop/hadoop-hdfs/3.2.0/hadoop-hdfs-3.2.0-tests.jar:/home/user/.m2/repository/org/eclipse/jetty/jetty-util-ajax/9.3.25.v20180904/jetty-util-ajax-9.3.25.v20180904.jar:/home/user/.m2/repository/commons-daemon/commons-daemon/1.0.13/commons-daemon-1.0.13.jar:/home/user/.m2/repository/io/netty/netty/3.10.5.Final/netty-3.10.5.Final.jar:/home/user/.m2/repository/io/netty/netty-all/4.0.52.Final/netty-all-4.0.52.Final.jar:/home/user/.m2/repository/org/fusesource/leveldbjni/leveldbjni-all/1.8/leveldbjni-all-1.8.jar:"/>
    <property name="java.vm.vendor" value="Oracle Corporation"/>
    <property name="sun.arch.data.model" value="64"/>
    <property name="test.build.dir" value="/workdir/hadoop-ozone/integration-test/target/test-dir"/>
    <property name="test.cache.data" value=""/>
    <property name="java.vendor.url" value="http://java.oracle.com/"/>
    <property name="user.timezone" value=""/>
    <property name="java.vm.specification.version" value="1.8"/>
    <property name="os.name" value="Linux"/>
    <property name="test.build.data" value="/workdir/hadoop-ozone/integration-test/target/test-dir"/>
    <property name="user.country" value="US"/>
    <property name="sun.java.launcher" value="SUN_STANDARD"/>
    <property name="sun.boot.library.path" value="/usr/lib/jvm/java-1.8.0-openjdk-1.8.0.222.b10-1.el7_7.x86_64/jre/lib/amd64"/>
    <property name="sun.java.command" value="/workdir/hadoop-ozone/integration-test/target/surefire/surefirebooter9135397359324500677.jar /workdir/hadoop-ozone/integration-test/target/surefire 2019-10-17T05-31-59_396-jvmRun1 surefire3448765013527183405tmp surefire_211184634807290443076tmp"/>
    <property name="surefire.test.class.path" value="/workdir/hadoop-ozone/integration-test/target/test-classes:/workdir/hadoop-ozone/integration-test/target/classes:/home/user/.m2/repository/org/apache/hadoop/hadoop-ozone-common/0.5.0-SNAPSHOT/hadoop-ozone-common-0.5.0-SNAPSHOT.jar:/home/user/.m2/repository/org/apache/commons/commons-compress/1.4.1/commons-compress-1.4.1.jar:/home/user/.m2/repository/org/tukaani/xz/1.0/xz-1.0.jar:/home/user/.m2/repository/org/apache/hadoop/hadoop-common/3.2.0/hadoop-common-3.2.0.jar:/home/user/.m2/repository/org/apache/hadoop/hadoop-hdfs/3.2.0/hadoop-hdfs-3.2.0.jar:/home/user/.m2/repository/org/apache/hadoop/hadoop-hdfs-client/3.2.0/hadoop-hdfs-client-3.2.0.jar:/home/user/.m2/repository/com/fasterxml/jackson/core/jackson-annotations/2.9.9/jackson-annotations-2.9.9.jar:/home/user/.m2/repository/org/apache/hadoop/hadoop-hdds-common/0.5.0-SNAPSHOT/hadoop-hdds-common-0.5.0-SNAPSHOT.jar:/home/user/.m2/repository/javax/annotation/javax.annotation-api/1.2/javax.annotation-api-1.2.jar:/home/user/.m2/repository/org/apache/ratis/ratis-server/0.5.0-3f446aa-SNAPSHOT/ratis-server-0.5.0-3f446aa-SNAPSHOT.jar:/home/user/.m2/repository/org/apache/ratis/ratis-thirdparty-misc/0.2.0/ratis-thirdparty-misc-0.2.0.jar:/home/user/.m2/repository/org/apache/ratis/ratis-proto/0.5.0-3f446aa-SNAPSHOT/ratis-proto-0.5.0-3f446aa-SNAPSHOT.jar:/home/user/.m2/repository/org/apache/ratis/ratis-common/0.5.0-3f446aa-SNAPSHOT/ratis-common-0.5.0-3f446aa-SNAPSHOT.jar:/home/user/.m2/repository/org/apache/ratis/ratis-client/0.5.0-3f446aa-SNAPSHOT/ratis-client-0.5.0-3f446aa-SNAPSHOT.jar:/home/user/.m2/repository/org/apache/ratis/ratis-metrics/0.5.0-3f446aa-SNAPSHOT/ratis-metrics-0.5.0-3f446aa-SNAPSHOT.jar:/home/user/.m2/repository/com/github/joshelser/dropwizard-metrics-hadoop-metrics2-reporter/0.1.2/dropwizard-metrics-hadoop-metrics2-reporter-0.1.2.jar:/home/user/.m2/repository/io/dropwizard/metrics/metrics-jvm/3.2.5/metrics-jvm-3.2.5.jar:/home/user/.m2/repository/io/dropwizard/metrics/metrics-ganglia/3.2.5/metrics-ganglia-3.2.5.jar:/home/user/.m2/repository/info/ganglia/gmetric4j/gmetric4j/1.0.7/gmetric4j-1.0.7.jar:/home/user/.m2/repository/org/apache/ratis/ratis-netty/0.5.0-3f446aa-SNAPSHOT/ratis-netty-0.5.0-3f446aa-SNAPSHOT.jar:/home/user/.m2/repository/org/apache/ratis/ratis-grpc/0.5.0-3f446aa-SNAPSHOT/ratis-grpc-0.5.0-3f446aa-SNAPSHOT.jar:/home/user/.m2/repository/org/rocksdb/rocksdbjni/6.0.1/rocksdbjni-6.0.1.jar:/home/user/.m2/repository/org/apache/logging/log4j/log4j-api/2.11.0/log4j-api-2.11.0.jar:/home/user/.m2/repository/org/apache/logging/log4j/log4j-core/2.11.0/log4j-core-2.11.0.jar:/home/user/.m2/repository/com/lmax/disruptor/3.4.2/disruptor-3.4.2.jar:/home/user/.m2/repository/org/apache/commons/commons-pool2/2.6.0/commons-pool2-2.6.0.jar:/home/user/.m2/repository/org/bouncycastle/bcpkix-jdk15on/1.60/bcpkix-jdk15on-1.60.jar:/home/user/.m2/repository/commons-validator/commons-validator/1.6/commons-validator-1.6.jar:/home/user/.m2/repository/commons-digester/commons-digester/1.8.1/commons-digester-1.8.1.jar:/home/user/.m2/repository/io/jaegertracing/jaeger-client/0.34.0/jaeger-client-0.34.0.jar:/home/user/.m2/repository/io/jaegertracing/jaeger-thrift/0.34.0/jaeger-thrift-0.34.0.jar:/home/user/.m2/repository/org/apache/thrift/libthrift/0.12.0/libthrift-0.12.0.jar:/home/user/.m2/repository/com/squareup/okhttp3/okhttp/3.9.0/okhttp-3.9.0.jar:/home/user/.m2/repository/com/squareup/okio/okio/1.13.0/okio-1.13.0.jar:/home/user/.m2/repository/io/jaegertracing/jaeger-core/0.34.0/jaeger-core-0.34.0.jar:/home/user/.m2/repository/io/jaegertracing/jaeger-tracerresolver/0.34.0/jaeger-tracerresolver-0.34.0.jar:/home/user/.m2/repository/io/opentracing/contrib/opentracing-tracerresolver/0.1.5/opentracing-tracerresolver-0.1.5.jar:/home/user/.m2/repository/io/opentracing/opentracing-util/0.31.0/opentracing-util-0.31.0.jar:/home/user/.m2/repository/io/opentracing/opentracing-api/0.31.0/opentracing-api-0.31.0.jar:/home/user/.m2/repository/io/opentracing/opentracing-noop/0.31.0/opentracing-noop-0.31.0.jar:/home/user/.m2/repository/org/apache/hadoop/hadoop-hdds-server-framework/0.5.0-SNAPSHOT/hadoop-hdds-server-framework-0.5.0-SNAPSHOT.jar:/home/user/.m2/repository/org/apache/hadoop/hadoop-hdds-container-service/0.5.0-SNAPSHOT/hadoop-hdds-container-service-0.5.0-SNAPSHOT.jar:/home/user/.m2/repository/org/apache/hadoop/hadoop-hdds-client/0.5.0-SNAPSHOT/hadoop-hdds-client-0.5.0-SNAPSHOT.jar:/home/user/.m2/repository/org/apache/hadoop/hadoop-hdds-tools/0.5.0-SNAPSHOT/hadoop-hdds-tools-0.5.0-SNAPSHOT.jar:/home/user/.m2/repository/org/apache/hadoop/hadoop-hdds-server-scm/0.5.0-SNAPSHOT/hadoop-hdds-server-scm-0.5.0-SNAPSHOT.jar:/home/user/.m2/repository/org/apache/hadoop/hadoop-hdds-docs/0.5.0-SNAPSHOT/hadoop-hdds-docs-0.5.0-SNAPSHOT.jar:/home/user/.m2/repository/io/dropwizard/metrics/metrics-core/3.2.4/metrics-core-3.2.4.jar:/home/user/.m2/repository/org/hamcrest/hamcrest-all/1.3/hamcrest-all-1.3.jar:/home/user/.m2/repository/org/bouncycastle/bcprov-jdk15on/1.60/bcprov-jdk15on-1.60.jar:/home/user/.m2/repository/info/picocli/picocli/3.9.6/picocli-3.9.6.jar:/home/user/.m2/repository/com/google/protobuf/protobuf-java/2.5.0/protobuf-java-2.5.0.jar:/home/user/.m2/repository/com/google/guava/guava/11.0.2/guava-11.0.2.jar:/home/user/.m2/repository/org/apache/hadoop/hadoop-ozone-ozone-manager/0.5.0-SNAPSHOT/hadoop-ozone-ozone-manager-0.5.0-SNAPSHOT.jar:/home/user/.m2/repository/org/apache/hadoop/hadoop-minikdc/3.2.0/hadoop-minikdc-3.2.0.jar:/home/user/.m2/repository/commons-io/commons-io/2.5/commons-io-2.5.jar:/home/user/.m2/repository/org/apache/kerby/kerb-simplekdc/1.0.1/kerb-simplekdc-1.0.1.jar:/home/user/.m2/repository/org/apache/kerby/kerb-client/1.0.1/kerb-client-1.0.1.jar:/home/user/.m2/repository/org/apache/kerby/kerby-config/1.0.1/kerby-config-1.0.1.jar:/home/user/.m2/repository/org/apache/kerby/kerb-core/1.0.1/kerb-core-1.0.1.jar:/home/user/.m2/repository/org/apache/kerby/kerby-pkix/1.0.1/kerby-pkix-1.0.1.jar:/home/user/.m2/repository/org/apache/kerby/kerby-asn1/1.0.1/kerby-asn1-1.0.1.jar:/home/user/.m2/repository/org/apache/kerby/kerby-util/1.0.1/kerby-util-1.0.1.jar:/home/user/.m2/repository/org/apache/kerby/kerb-common/1.0.1/kerb-common-1.0.1.jar:/home/user/.m2/repository/org/apache/kerby/kerb-crypto/1.0.1/kerb-crypto-1.0.1.jar:/home/user/.m2/repository/org/apache/kerby/kerb-util/1.0.1/kerb-util-1.0.1.jar:/home/user/.m2/repository/org/apache/kerby/token-provider/1.0.1/token-provider-1.0.1.jar:/home/user/.m2/repository/org/apache/kerby/kerb-admin/1.0.1/kerb-admin-1.0.1.jar:/home/user/.m2/repository/org/apache/kerby/kerb-server/1.0.1/kerb-server-1.0.1.jar:/home/user/.m2/repository/org/apache/kerby/kerb-identity/1.0.1/kerb-identity-1.0.1.jar:/home/user/.m2/repository/org/apache/kerby/kerby-xdr/1.0.1/kerby-xdr-1.0.1.jar:/home/user/.m2/repository/org/slf4j/slf4j-log4j12/1.7.25/slf4j-log4j12-1.7.25.jar:/home/user/.m2/repository/org/apache/hadoop/hadoop-ozone-s3gateway/0.5.0-SNAPSHOT/hadoop-ozone-s3gateway-0.5.0-SNAPSHOT.jar:/home/user/.m2/repository/org/jboss/weld/servlet/weld-servlet/2.4.7.Final/weld-servlet-2.4.7.Final.jar:/home/user/.m2/repository/org/glassfish/jersey/containers/jersey-container-servlet-core/2.27/jersey-container-servlet-core-2.27.jar:/home/user/.m2/repository/org/glassfish/hk2/external/javax.inject/2.5.0-b42/javax.inject-2.5.0-b42.jar:/home/user/.m2/repository/org/glassfish/jersey/core/jersey-common/2.27/jersey-common-2.27.jar:/home/user/.m2/repository/org/glassfish/hk2/osgi-resource-locator/1.0.1/osgi-resource-locator-1.0.1.jar:/home/user/.m2/repository/javax/ws/rs/javax.ws.rs-api/2.1/javax.ws.rs-api-2.1.jar:/home/user/.m2/repository/org/glassfish/jersey/ext/cdi/jersey-cdi1x/2.27/jersey-cdi1x-2.27.jar:/home/user/.m2/repository/org/glassfish/jersey/inject/jersey-hk2/2.27/jersey-hk2-2.27.jar:/home/user/.m2/repository/org/glassfish/hk2/hk2-locator/2.5.0-b42/hk2-locator-2.5.0-b42.jar:/home/user/.m2/repository/org/javassist/javassist/3.22.0-CR2/javassist-3.22.0-CR2.jar:/home/user/.m2/repository/org/glassfish/hk2/hk2-api/2.5.0/hk2-api-2.5.0.jar:/home/user/.m2/repository/org/glassfish/hk2/external/jakarta.inject/2.5.0/jakarta.inject-2.5.0.jar:/home/user/.m2/repository/org/glassfish/hk2/hk2-utils/2.5.0/hk2-utils-2.5.0.jar:/home/user/.m2/repository/jakarta/annotation/jakarta.annotation-api/1.3.4/jakarta.annotation-api-1.3.4.jar:/home/user/.m2/repository/org/glassfish/hk2/external/aopalliance-repackaged/2.5.0/aopalliance-repackaged-2.5.0.jar:/home/user/.m2/repository/com/fasterxml/jackson/dataformat/jackson-dataformat-xml/2.9.0/jackson-dataformat-xml-2.9.0.jar:/home/user/.m2/repository/com/fasterxml/jackson/core/jackson-core/2.9.9/jackson-core-2.9.9.jar:/home/user/.m2/repository/com/fasterxml/jackson/module/jackson-module-jaxb-annotations/2.9.9/jackson-module-jaxb-annotations-2.9.9.jar:/home/user/.m2/repository/javax/enterprise/cdi-api/1.2/cdi-api-1.2.jar:/home/user/.m2/repository/javax/el/javax.el-api/3.0.0/javax.el-api-3.0.0.jar:/home/user/.m2/repository/javax/interceptor/javax.interceptor-api/1.2/javax.interceptor-api-1.2.jar:/home/user/.m2/repository/javax/inject/javax.inject/1/javax.inject-1.jar:/home/user/.m2/repository/com/sun/xml/bind/jaxb-impl/2.3.0.1/jaxb-impl-2.3.0.1.jar:/home/user/.m2/repository/com/sun/xml/bind/jaxb-core/2.3.0.1/jaxb-core-2.3.0.1.jar:/home/user/.m2/repository/javax/xml/bind/jaxb-api/2.3.0/jaxb-api-2.3.0.jar:/home/user/.m2/repository/javax/activation/activation/1.1.1/activation-1.1.1.jar:/home/user/.m2/repository/org/apache/hadoop/hadoop-ozone-csi/0.5.0-SNAPSHOT/hadoop-ozone-csi-0.5.0-SNAPSHOT.jar:/home/user/.m2/repository/com/google/protobuf/protobuf-java-util/3.5.1/protobuf-java-util-3.5.1.jar:/home/user/.m2/repository/org/apache/hadoop/hadoop-hdds-config/0.5.0-SNAPSHOT/hadoop-hdds-config-0.5.0-SNAPSHOT.jar:/home/user/.m2/repository/io/grpc/grpc-netty/1.17.1/grpc-netty-1.17.1.jar:/home/user/.m2/repository/io/grpc/grpc-core/1.17.1/grpc-core-1.17.1.jar:/home/user/.m2/repository/io/grpc/grpc-context/1.17.1/grpc-context-1.17.1.jar:/home/user/.m2/repository/com/google/errorprone/error_prone_annotations/2.2.0/error_prone_annotations-2.2.0.jar:/home/user/.m2/repository/org/codehaus/mojo/animal-sniffer-annotations/1.17/animal-sniffer-annotations-1.17.jar:/home/user/.m2/repository/io/opencensus/opencensus-api/0.17.0/opencensus-api-0.17.0.jar:/home/user/.m2/repository/io/opencensus/opencensus-contrib-grpc-metrics/0.17.0/opencensus-contrib-grpc-metrics-0.17.0.jar:/home/user/.m2/repository/io/netty/netty-codec-http2/4.1.30.Final/netty-codec-http2-4.1.30.Final.jar:/home/user/.m2/repository/io/netty/netty-codec-http/4.1.30.Final/netty-codec-http-4.1.30.Final.jar:/home/user/.m2/repository/io/netty/netty-codec/4.1.30.Final/netty-codec-4.1.30.Final.jar:/home/user/.m2/repository/io/netty/netty-handler/4.1.30.Final/netty-handler-4.1.30.Final.jar:/home/user/.m2/repository/io/netty/netty-handler-proxy/4.1.30.Final/netty-handler-proxy-4.1.30.Final.jar:/home/user/.m2/repository/io/netty/netty-codec-socks/4.1.30.Final/netty-codec-socks-4.1.30.Final.jar:/home/user/.m2/repository/io/netty/netty-transport-native-epoll/4.1.30.Final/netty-transport-native-epoll-4.1.30.Final.jar:/home/user/.m2/repository/io/netty/netty-common/4.1.30.Final/netty-common-4.1.30.Final.jar:/home/user/.m2/repository/io/netty/netty-buffer/4.1.30.Final/netty-buffer-4.1.30.Final.jar:/home/user/.m2/repository/io/netty/netty-transport/4.1.30.Final/netty-transport-4.1.30.Final.jar:/home/user/.m2/repository/io/netty/netty-resolver/4.1.30.Final/netty-resolver-4.1.30.Final.jar:/home/user/.m2/repository/io/netty/netty-transport-native-unix-common/4.1.30.Final/netty-transport-native-unix-common-4.1.30.Final.jar:/home/user/.m2/repository/io/grpc/grpc-protobuf/1.17.1/grpc-protobuf-1.17.1.jar:/home/user/.m2/repository/com/google/api/grpc/proto-google-common-protos/1.0.0/proto-google-common-protos-1.0.0.jar:/home/user/.m2/repository/io/grpc/grpc-protobuf-lite/1.17.1/grpc-protobuf-lite-1.17.1.jar:/home/user/.m2/repository/io/grpc/grpc-stub/1.17.1/grpc-stub-1.17.1.jar:/home/user/.m2/repository/org/apache/hadoop/hadoop-ozone-recon/0.5.0-SNAPSHOT/hadoop-ozone-recon-0.5.0-SNAPSHOT.jar:/home/user/.m2/repository/org/apache/hadoop/hadoop-ozone-reconcodegen/0.5.0-SNAPSHOT/hadoop-ozone-reconcodegen-0.5.0-SNAPSHOT.jar:/home/user/.m2/repository/com/google/inject/extensions/guice-multibindings/4.0/guice-multibindings-4.0.jar:/home/user/.m2/repository/com/google/inject/guice/4.0/guice-4.0.jar:/home/user/.m2/repository/aopalliance/aopalliance/1.0/aopalliance-1.0.jar:/home/user/.m2/repository/com/google/inject/extensions/guice-servlet/4.0/guice-servlet-4.0.jar:/home/user/.m2/repository/org/glassfish/jersey/containers/jersey-container-servlet/2.27/jersey-container-servlet-2.27.jar:/home/user/.m2/repository/org/glassfish/hk2/guice-bridge/2.5.0/guice-bridge-2.5.0.jar:/home/user/.m2/repository/org/glassfish/jersey/core/jersey-server/2.27/jersey-server-2.27.jar:/home/user/.m2/repository/org/glassfish/jersey/core/jersey-client/2.27/jersey-client-2.27.jar:/home/user/.m2/repository/org/glassfish/jersey/media/jersey-media-jaxb/2.27/jersey-media-jaxb-2.27.jar:/home/user/.m2/repository/javax/validation/validation-api/1.1.0.Final/validation-api-1.1.0.Final.jar:/home/user/.m2/repository/org/glassfish/jersey/media/jersey-media-json-jackson/2.27/jersey-media-json-jackson-2.27.jar:/home/user/.m2/repository/org/glassfish/jersey/ext/jersey-entity-filtering/2.27/jersey-entity-filtering-2.27.jar:/home/user/.m2/repository/com/google/inject/extensions/guice-assistedinject/4.0/guice-assistedinject-4.0.jar:/home/user/.m2/repository/org/jooq/jooq/3.11.10/jooq-3.11.10.jar:/home/user/.m2/repository/org/jooq/jooq-meta/3.11.10/jooq-meta-3.11.10.jar:/home/user/.m2/repository/org/jooq/jooq-codegen/3.11.10/jooq-codegen-3.11.10.jar:/home/user/.m2/repository/com/jolbox/bonecp/0.8.0.RELEASE/bonecp-0.8.0.RELEASE.jar:/home/user/.m2/repository/org/xerial/sqlite-jdbc/3.25.2/sqlite-jdbc-3.25.2.jar:/home/user/.m2/repository/org/springframework/spring-jdbc/5.1.3.RELEASE/spring-jdbc-5.1.3.RELEASE.jar:/home/user/.m2/repository/org/springframework/spring-beans/5.1.3.RELEASE/spring-beans-5.1.3.RELEASE.jar:/home/user/.m2/repository/org/springframework/spring-core/5.1.3.RELEASE/spring-core-5.1.3.RELEASE.jar:/home/user/.m2/repository/org/springframework/spring-jcl/5.1.3.RELEASE/spring-jcl-5.1.3.RELEASE.jar:/home/user/.m2/repository/org/springframework/spring-tx/5.1.3.RELEASE/spring-tx-5.1.3.RELEASE.jar:/home/user/.m2/repository/org/apache/hadoop/hadoop-ozone-client/0.5.0-SNAPSHOT/hadoop-ozone-client-0.5.0-SNAPSHOT.jar:/home/user/.m2/repository/commons-lang/commons-lang/2.6/commons-lang-2.6.jar:/home/user/.m2/repository/org/apache/hadoop/hadoop-ozone-ozone-manager/0.5.0-SNAPSHOT/hadoop-ozone-ozone-manager-0.5.0-SNAPSHOT-tests.jar:/home/user/.m2/repository/junit/junit/4.11/junit-4.11.jar:/home/user/.m2/repository/org/hamcrest/hamcrest-core/1.3/hamcrest-core-1.3.jar:/home/user/.m2/repository/org/openjdk/jmh/jmh-core/1.19/jmh-core-1.19.jar:/home/user/.m2/repository/net/sf/jopt-simple/jopt-simple/4.6/jopt-simple-4.6.jar:/home/user/.m2/repository/org/apache/commons/commons-math3/3.1.1/commons-math3-3.1.1.jar:/home/user/.m2/repository/org/openjdk/jmh/jmh-generator-annprocess/1.19/jmh-generator-annprocess-1.19.jar:/home/user/.m2/repository/org/mockito/mockito-all/1.8.5/mockito-all-1.8.5.jar:/home/user/.m2/repository/org/apache/hadoop/hadoop-kms/3.2.0/hadoop-kms-3.2.0.jar:/home/user/.m2/repository/org/apache/hadoop/hadoop-auth/3.2.0/hadoop-auth-3.2.0.jar:/home/user/.m2/repository/com/nimbusds/nimbus-jose-jwt/4.41.1/nimbus-jose-jwt-4.41.1.jar:/home/user/.m2/repository/com/github/stephenc/jcip/jcip-annotations/1.0-1/jcip-annotations-1.0-1.jar:/home/user/.m2/repository/net/minidev/json-smart/2.3/json-smart-2.3.jar:/home/user/.m2/repository/net/minidev/accessors-smart/1.2/accessors-smart-1.2.jar:/home/user/.m2/repository/org/ow2/asm/asm/5.0.4/asm-5.0.4.jar:/home/user/.m2/repository/org/apache/curator/curator-framework/2.12.0/curator-framework-2.12.0.jar:/home/user/.m2/repository/com/sun/jersey/jersey-core/1.19/jersey-core-1.19.jar:/home/user/.m2/repository/javax/ws/rs/jsr311-api/1.1.1/jsr311-api-1.1.1.jar:/home/user/.m2/repository/com/sun/jersey/jersey-server/1.19/jersey-server-1.19.jar:/home/user/.m2/repository/javax/servlet/javax.servlet-api/3.1.0/javax.servlet-api-3.1.0.jar:/home/user/.m2/repository/org/eclipse/jetty/jetty-server/9.3.25.v20180904/jetty-server-9.3.25.v20180904.jar:/home/user/.m2/repository/org/eclipse/jetty/jetty-http/9.3.25.v20180904/jetty-http-9.3.25.v20180904.jar:/home/user/.m2/repository/org/eclipse/jetty/jetty-io/9.3.25.v20180904/jetty-io-9.3.25.v20180904.jar:/home/user/.m2/repository/org/eclipse/jetty/jetty-webapp/9.3.25.v20180904/jetty-webapp-9.3.25.v20180904.jar:/home/user/.m2/repository/org/eclipse/jetty/jetty-xml/9.3.25.v20180904/jetty-xml-9.3.25.v20180904.jar:/home/user/.m2/repository/log4j/log4j/1.2.17/log4j-1.2.17.jar:/home/user/.m2/repository/org/slf4j/slf4j-api/1.7.25/slf4j-api-1.7.25.jar:/home/user/.m2/repository/org/slf4j/jul-to-slf4j/1.7.25/jul-to-slf4j-1.7.25.jar:/home/user/.m2/repository/org/eclipse/jetty/jetty-util/9.3.25.v20180904/jetty-util-9.3.25.v20180904.jar:/home/user/.m2/repository/com/fasterxml/jackson/core/jackson-databind/2.9.9/jackson-databind-2.9.9.jar:/home/user/.m2/repository/org/apache/hadoop/hadoop-kms/3.2.0/hadoop-kms-3.2.0-tests.jar:/home/user/.m2/repository/org/apache/hadoop/hadoop-hdds-server-scm/0.5.0-SNAPSHOT/hadoop-hdds-server-scm-0.5.0-SNAPSHOT-tests.jar:/home/user/.m2/repository/org/apache/hadoop/hadoop-hdds-container-service/0.5.0-SNAPSHOT/hadoop-hdds-container-service-0.5.0-SNAPSHOT-tests.jar:/home/user/.m2/repository/org/yaml/snakeyaml/1.16/snakeyaml-1.16.jar:/home/user/.m2/repository/org/apache/hadoop/hadoop-common/3.2.0/hadoop-common-3.2.0-tests.jar:/home/user/.m2/repository/org/apache/hadoop/hadoop-annotations/3.2.0/hadoop-annotations-3.2.0.jar:/usr/lib/jvm/java-1.8.0-openjdk-1.8.0.222.b10-1.el7_7.x86_64/jre/../lib/tools.jar:/home/user/.m2/repository/commons-cli/commons-cli/1.2/commons-cli-1.2.jar:/home/user/.m2/repository/org/apache/httpcomponents/httpclient/4.5.2/httpclient-4.5.2.jar:/home/user/.m2/repository/org/apache/httpcomponents/httpcore/4.4.4/httpcore-4.4.4.jar:/home/user/.m2/repository/commons-codec/commons-codec/1.11/commons-codec-1.11.jar:/home/user/.m2/repository/commons-net/commons-net/3.6/commons-net-3.6.jar:/home/user/.m2/repository/commons-collections/commons-collections/3.2.2/commons-collections-3.2.2.jar:/home/user/.m2/repository/org/eclipse/jetty/jetty-servlet/9.3.25.v20180904/jetty-servlet-9.3.25.v20180904.jar:/home/user/.m2/repository/org/eclipse/jetty/jetty-security/9.3.25.v20180904/jetty-security-9.3.25.v20180904.jar:/home/user/.m2/repository/javax/servlet/jsp/jsp-api/2.1/jsp-api-2.1.jar:/home/user/.m2/repository/com/sun/jersey/jersey-servlet/1.19/jersey-servlet-1.19.jar:/home/user/.m2/repository/com/sun/jersey/jersey-json/1.19/jersey-json-1.19.jar:/home/user/.m2/repository/org/codehaus/jettison/jettison/1.1/jettison-1.1.jar:/home/user/.m2/repository/org/codehaus/jackson/jackson-core-asl/1.9.13/jackson-core-asl-1.9.13.jar:/home/user/.m2/repository/org/codehaus/jackson/jackson-mapper-asl/1.9.13/jackson-mapper-asl-1.9.13.jar:/home/user/.m2/repository/org/codehaus/jackson/jackson-jaxrs/1.9.13/jackson-jaxrs-1.9.13.jar:/home/user/.m2/repository/org/codehaus/jackson/jackson-xc/1.9.13/jackson-xc-1.9.13.jar:/home/user/.m2/repository/commons-logging/commons-logging/1.1.3/commons-logging-1.1.3.jar:/home/user/.m2/repository/commons-beanutils/commons-beanutils/1.9.4/commons-beanutils-1.9.4.jar:/home/user/.m2/repository/org/apache/commons/commons-configuration2/2.1.1/commons-configuration2-2.1.1.jar:/home/user/.m2/repository/org/apache/commons/commons-lang3/3.7/commons-lang3-3.7.jar:/home/user/.m2/repository/org/apache/commons/commons-text/1.4/commons-text-1.4.jar:/home/user/.m2/repository/org/apache/avro/avro/1.7.7/avro-1.7.7.jar:/home/user/.m2/repository/com/thoughtworks/paranamer/paranamer/2.3/paranamer-2.3.jar:/home/user/.m2/repository/org/xerial/snappy/snappy-java/1.0.5/snappy-java-1.0.5.jar:/home/user/.m2/repository/com/google/re2j/re2j/1.1/re2j-1.1.jar:/home/user/.m2/repository/com/google/code/gson/gson/2.2.4/gson-2.2.4.jar:/home/user/.m2/repository/com/jcraft/jsch/0.1.54/jsch-0.1.54.jar:/home/user/.m2/repository/org/apache/curator/curator-client/2.12.0/curator-client-2.12.0.jar:/home/user/.m2/repository/org/apache/curator/curator-recipes/2.12.0/curator-recipes-2.12.0.jar:/home/user/.m2/repository/com/google/code/findbugs/jsr305/3.0.0/jsr305-3.0.0.jar:/home/user/.m2/repository/org/apache/htrace/htrace-core4/4.1.0-incubating/htrace-core4-4.1.0-incubating.jar:/home/user/.m2/repository/org/apache/zookeeper/zookeeper/3.4.13/zookeeper-3.4.13.jar:/home/user/.m2/repository/jline/jline/0.9.94/jline-0.9.94.jar:/home/user/.m2/repository/org/apache/yetus/audience-annotations/0.5.0/audience-annotations-0.5.0.jar:/home/user/.m2/repository/org/codehaus/woodstox/stax2-api/3.1.4/stax2-api-3.1.4.jar:/home/user/.m2/repository/com/fasterxml/woodstox/woodstox-core/5.0.3/woodstox-core-5.0.3.jar:/home/user/.m2/repository/dnsjava/dnsjava/2.1.7/dnsjava-2.1.7.jar:/home/user/.m2/repository/org/apache/hadoop/hadoop-hdfs/3.2.0/hadoop-hdfs-3.2.0-tests.jar:/home/user/.m2/repository/org/eclipse/jetty/jetty-util-ajax/9.3.25.v20180904/jetty-util-ajax-9.3.25.v20180904.jar:/home/user/.m2/repository/commons-daemon/commons-daemon/1.0.13/commons-daemon-1.0.13.jar:/home/user/.m2/repository/io/netty/netty/3.10.5.Final/netty-3.10.5.Final.jar:/home/user/.m2/repository/io/netty/netty-all/4.0.52.Final/netty-all-4.0.52.Final.jar:/home/user/.m2/repository/org/fusesource/leveldbjni/leveldbjni-all/1.8/leveldbjni-all-1.8.jar:"/>
    <property name="sun.cpu.endian" value="little"/>
    <property name="user.home" value="/home/user"/>
    <property name="user.language" value="en"/>
    <property name="java.specification.vendor" value="Oracle Corporation"/>
    <property name="java.home" value="/usr/lib/jvm/java-1.8.0-openjdk-1.8.0.222.b10-1.el7_7.x86_64/jre"/>
    <property name="surefire.excludesFile" value="/tools/ozone-bad-unit-tests"/>
    <property name="java.security.krb5.conf" value="/workdir/hadoop-ozone/integration-test/target/test-classes/krb5.conf"/>
    <property name="basedir" value="/workdir/hadoop-ozone/integration-test"/>
    <property name="file.separator" value="/"/>
    <property name="line.separator" value="&#10;"/>
    <property name="java.vm.specification.vendor" value="Oracle Corporation"/>
    <property name="java.specification.name" value="Java Platform API Specification"/>
    <property name="java.awt.graphicsenv" value="sun.awt.X11GraphicsEnvironment"/>
    <property name="surefire.real.class.path" value="/workdir/hadoop-ozone/integration-test/target/surefire/surefirebooter9135397359324500677.jar"/>
    <property name="hadoop.log.dir" value="/workdir/hadoop-ozone/integration-test/target/log"/>
    <property name="sun.boot.class.path" value="/usr/lib/jvm/java-1.8.0-openjdk-1.8.0.222.b10-1.el7_7.x86_64/jre/lib/resources.jar:/usr/lib/jvm/java-1.8.0-openjdk-1.8.0.222.b10-1.el7_7.x86_64/jre/lib/rt.jar:/usr/lib/jvm/java-1.8.0-openjdk-1.8.0.222.b10-1.el7_7.x86_64/jre/lib/sunrsasign.jar:/usr/lib/jvm/java-1.8.0-openjdk-1.8.0.222.b10-1.el7_7.x86_64/jre/lib/jsse.jar:/usr/lib/jvm/java-1.8.0-openjdk-1.8.0.222.b10-1.el7_7.x86_64/jre/lib/jce.jar:/usr/lib/jvm/java-1.8.0-openjdk-1.8.0.222.b10-1.el7_7.x86_64/jre/lib/charsets.jar:/usr/lib/jvm/java-1.8.0-openjdk-1.8.0.222.b10-1.el7_7.x86_64/jre/lib/jfr.jar:/usr/lib/jvm/java-1.8.0-openjdk-1.8.0.222.b10-1.el7_7.x86_64/jre/classes"/>
    <property name="sun.management.compiler" value="HotSpot 64-Bit Tiered Compilers"/>
    <property name="java.runtime.version" value="1.8.0_222-b10"/>
    <property name="java.net.preferIPv4Stack" value="true"/>
    <property name="user.name" value="jenkins1000"/>
    <property name="path.separator" value=":"/>
    <property name="java.security.egd" value="file:///dev/urandom"/>
    <property name="os.version" value="3.10.0-957.12.2.el7.x86_64"/>
    <property name="java.endorsed.dirs" value="/usr/lib/jvm/java-1.8.0-openjdk-1.8.0.222.b10-1.el7_7.x86_64/jre/lib/endorsed"/>
    <property name="java.runtime.name" value="OpenJDK Runtime Environment"/>
    <property name="file.encoding" value="ANSI_X3.4-1968"/>
    <property name="java.vm.name" value="OpenJDK 64-Bit Server VM"/>
    <property name="test.build.webapps" value=""/>
    <property name="localRepository" value="/home/user/.m2/repository"/>
    <property name="java.vendor.url.bug" value="http://bugreport.sun.com/bugreport/"/>
    <property name="java.io.tmpdir" value="/tmp"/>
    <property name="require.test.libhadoop" value=""/>
    <property name="java.version" value="1.8.0_222"/>
    <property name="user.dir" value="/workdir/hadoop-ozone/integration-test"/>
    <property name="os.arch" value="amd64"/>
    <property name="java.vm.specification.name" value="Java Virtual Machine Specification"/>
    <property name="test.build.classes" value="/workdir/hadoop-ozone/integration-test/target/test-classes"/>
    <property name="java.awt.printerjob" value="sun.print.PSPrinterJob"/>
    <property name="sun.os.patch.level" value="unknown"/>
    <property name="hadoop.tmp.dir" value="/workdir/hadoop-ozone/integration-test/target/tmp"/>
    <property name="java.library.path" value="/usr/lib:/workdir/hadoop-ozone/integration-test/target/native/target/usr/local/lib:/workdir/hadoop-ozone/integration-test/../../hadoop-common-project/hadoop-common/target/native/target/usr/local/lib:/usr/java/packages/lib/amd64:/usr/lib64:/lib64:/lib:/usr/lib"/>
    <property name="java.vm.info" value="mixed mode"/>
    <property name="java.vendor" value="Oracle Corporation"/>
    <property name="java.vm.version" value="25.222-b10"/>
    <property name="java.ext.dirs" value="/usr/lib/jvm/java-1.8.0-openjdk-1.8.0.222.b10-1.el7_7.x86_64/jre/lib/ext:/usr/java/packages/lib/ext"/>
    <property name="sun.io.unicode.encoding" value="UnicodeLittle"/>
    <property name="java.class.version" value="52.0"/>
  </properties>
  <testcase name="testMultiBlockWritesWithIntermittentDnFailures" classname="org.apache.hadoop.ozone.client.rpc.TestMultiBlockWritesWithDnFailures" time="49.946">
    <failure message="expected:&lt;6&gt; but was:&lt;4&gt;" type="java.lang.AssertionError"><![CDATA[java.lang.AssertionError: expected:<6> but was:<4>
	at org.junit.Assert.fail(Assert.java:88)
	at org.junit.Assert.failNotEquals(Assert.java:743)
	at org.junit.Assert.assertEquals(Assert.java:118)
	at org.junit.Assert.assertEquals(Assert.java:555)
	at org.junit.Assert.assertEquals(Assert.java:542)
	at org.apache.hadoop.ozone.client.rpc.TestMultiBlockWritesWithDnFailures.testMultiBlockWritesWithIntermittentDnFailures(TestMultiBlockWritesWithDnFailures.java:176)
	at sun.reflect.NativeMethodAccessorImpl.invoke0(Native Method)
	at sun.reflect.NativeMethodAccessorImpl.invoke(NativeMethodAccessorImpl.java:62)
	at sun.reflect.DelegatingMethodAccessorImpl.invoke(DelegatingMethodAccessorImpl.java:43)
	at java.lang.reflect.Method.invoke(Method.java:498)
	at org.junit.runners.model.FrameworkMethod$1.runReflectiveCall(FrameworkMethod.java:47)
	at org.junit.internal.runners.model.ReflectiveCallable.run(ReflectiveCallable.java:12)
	at org.junit.runners.model.FrameworkMethod.invokeExplosively(FrameworkMethod.java:44)
	at org.junit.internal.runners.statements.InvokeMethod.evaluate(InvokeMethod.java:17)
	at org.junit.internal.runners.statements.RunAfters.evaluate(RunAfters.java:27)
	at org.junit.runners.ParentRunner.runLeaf(ParentRunner.java:271)
	at org.junit.runners.BlockJUnit4ClassRunner.runChild(BlockJUnit4ClassRunner.java:70)
	at org.junit.runners.BlockJUnit4ClassRunner.runChild(BlockJUnit4ClassRunner.java:50)
	at org.junit.runners.ParentRunner$3.run(ParentRunner.java:238)
	at org.junit.runners.ParentRunner$1.schedule(ParentRunner.java:63)
	at org.junit.runners.ParentRunner.runChildren(ParentRunner.java:236)
	at org.junit.runners.ParentRunner.access$000(ParentRunner.java:53)
	at org.junit.runners.ParentRunner$2.evaluate(ParentRunner.java:229)
	at org.junit.runners.ParentRunner.run(ParentRunner.java:309)
	at org.apache.maven.surefire.junit4.JUnit4Provider.execute(JUnit4Provider.java:365)
	at org.apache.maven.surefire.junit4.JUnit4Provider.executeWithRerun(JUnit4Provider.java:273)
	at org.apache.maven.surefire.junit4.JUnit4Provider.executeTestSet(JUnit4Provider.java:238)
	at org.apache.maven.surefire.junit4.JUnit4Provider.invoke(JUnit4Provider.java:159)
	at org.apache.maven.surefire.booter.ForkedBooter.invokeProviderInSameClassLoader(ForkedBooter.java:384)
	at org.apache.maven.surefire.booter.ForkedBooter.runSuitesInProcess(ForkedBooter.java:345)
	at org.apache.maven.surefire.booter.ForkedBooter.execute(ForkedBooter.java:126)
	at org.apache.maven.surefire.booter.ForkedBooter.main(ForkedBooter.java:418)
]]></failure>
    <system-out><![CDATA[2019-10-17 05:56:44,446 [main] WARN  server.ServerUtils (ServerUtils.java:getScmDbDir(145)) - ozone.scm.db.dirs is not configured. We recommend adding this setting. Falling back to ozone.metadata.dirs instead.
2019-10-17 05:56:44,603 [main] WARN  server.ServerUtils (ServerUtils.java:getScmDbDir(145)) - ozone.scm.db.dirs is not configured. We recommend adding this setting. Falling back to ozone.metadata.dirs instead.
2019-10-17 05:56:44,607 [main] WARN  server.ServerUtils (ServerUtils.java:getScmDbDir(145)) - ozone.scm.db.dirs is not configured. We recommend adding this setting. Falling back to ozone.metadata.dirs instead.
2019-10-17 05:56:44,636 [main] INFO  util.log (Log.java:initialized(192)) - Logging initialized @901ms
2019-10-17 05:56:44,733 [main] INFO  db.DBStoreBuilder (DBStoreBuilder.java:addTable(117)) - using custom profile for table: deletedBlocks
2019-10-17 05:56:44,733 [main] INFO  db.DBStoreBuilder (DBStoreBuilder.java:processTables(168)) - Using default column profile:DBProfile.DISK for Table:deletedBlocks
2019-10-17 05:56:44,734 [main] INFO  db.DBStoreBuilder (DBStoreBuilder.java:addTable(117)) - using custom profile for table: validCerts
2019-10-17 05:56:44,734 [main] INFO  db.DBStoreBuilder (DBStoreBuilder.java:processTables(168)) - Using default column profile:DBProfile.DISK for Table:validCerts
2019-10-17 05:56:44,734 [main] INFO  db.DBStoreBuilder (DBStoreBuilder.java:addTable(117)) - using custom profile for table: revokedCerts
2019-10-17 05:56:44,734 [main] INFO  db.DBStoreBuilder (DBStoreBuilder.java:processTables(168)) - Using default column profile:DBProfile.DISK for Table:revokedCerts
2019-10-17 05:56:44,754 [main] INFO  db.DBStoreBuilder (DBStoreBuilder.java:addTable(117)) - using custom profile for table: default
2019-10-17 05:56:44,755 [main] INFO  db.DBStoreBuilder (DBStoreBuilder.java:processTables(174)) - Using default column profile:DBProfile.DISK for Table:default
2019-10-17 05:56:44,757 [main] INFO  db.DBStoreBuilder (DBStoreBuilder.java:getDbProfile(205)) - Using default options. DBProfile.DISK
2019-10-17 05:56:45,087 [main] INFO  net.NodeSchemaLoader (NodeSchemaLoader.java:loadSchemaFromFile(125)) - Loading file from sun.misc.CompoundEnumeration@6b2ea799
2019-10-17 05:56:45,090 [main] INFO  net.NodeSchemaLoader (NodeSchemaLoader.java:loadSchema(171)) - Loading network topology layer schema file
2019-10-17 05:56:45,148 [main] INFO  node.SCMNodeManager (SCMNodeManager.java:<init>(116)) - Entering startup safe mode.
2019-10-17 05:56:45,210 [main] INFO  algorithms.ContainerPlacementPolicyFactory (ContainerPlacementPolicyFactory.java:getPolicy(57)) - Create container placement policy of type org.apache.hadoop.hdds.scm.container.placement.algorithms.SCMContainerPlacementRandom
2019-10-17 05:56:45,223 [main] WARN  server.ServerUtils (ServerUtils.java:getScmDbDir(145)) - ozone.scm.db.dirs is not configured. We recommend adding this setting. Falling back to ozone.metadata.dirs instead.
2019-10-17 05:56:45,335 [main] INFO  pipeline.SCMPipelineManager (SCMPipelineManager.java:initializePipelineState(132)) - No pipeline exists in current db
2019-10-17 05:56:45,339 [main] WARN  server.ServerUtils (ServerUtils.java:getScmDbDir(145)) - ozone.scm.db.dirs is not configured. We recommend adding this setting. Falling back to ozone.metadata.dirs instead.
2019-10-17 05:56:45,492 [main] WARN  events.EventQueue (EventQueue.java:fireEvent(183)) - No event handler registered for event TypedEvent{payloadType=SafeModeStatus, name='SafeModeStatus'}
2019-10-17 05:56:45,856 [main] INFO  ipc.CallQueueManager (CallQueueManager.java:<init>(84)) - Using callQueue: class java.util.concurrent.LinkedBlockingQueue, queueCapacity: 2000, scheduler: class org.apache.hadoop.ipc.DefaultRpcScheduler, ipcBackoff: false.
2019-10-17 05:56:45,884 [Socket Reader #1 for port 46398] INFO  ipc.Server (Server.java:run(1074)) - Starting Socket Reader #1 for port 46398
2019-10-17 05:56:46,018 [main] INFO  ipc.CallQueueManager (CallQueueManager.java:<init>(84)) - Using callQueue: class java.util.concurrent.LinkedBlockingQueue, queueCapacity: 2000, scheduler: class org.apache.hadoop.ipc.DefaultRpcScheduler, ipcBackoff: false.
2019-10-17 05:56:46,019 [Socket Reader #1 for port 36534] INFO  ipc.Server (Server.java:run(1074)) - Starting Socket Reader #1 for port 36534
2019-10-17 05:56:46,031 [main] INFO  ipc.CallQueueManager (CallQueueManager.java:<init>(84)) - Using callQueue: class java.util.concurrent.LinkedBlockingQueue, queueCapacity: 2000, scheduler: class org.apache.hadoop.ipc.DefaultRpcScheduler, ipcBackoff: false.
2019-10-17 05:56:46,032 [Socket Reader #1 for port 40844] INFO  ipc.Server (Server.java:run(1074)) - Starting Socket Reader #1 for port 40844
2019-10-17 05:56:46,061 [main] INFO  hdfs.DFSUtil (DFSUtil.java:httpServerTemplateForNNAndJN(1641)) - Starting Web-server for scm at: http://0.0.0.0:0
2019-10-17 05:56:46,240 [main] INFO  server.AuthenticationFilter (AuthenticationFilter.java:constructSecretProvider(240)) - Unable to initialize FileSignerSecretProvider, falling back to use random secrets.
2019-10-17 05:56:46,249 [main] WARN  http.HttpRequestLog (HttpRequestLog.java:getRequestLog(97)) - Jetty request log can only be enabled using Log4j
2019-10-17 05:56:46,257 [main] INFO  http.HttpServer2 (HttpServer2.java:addGlobalFilter(975)) - Added global filter 'safety' (class=org.apache.hadoop.http.HttpServer2$QuotingInputFilter)
2019-10-17 05:56:46,261 [main] INFO  http.HttpServer2 (HttpServer2.java:addFilter(948)) - Added filter static_user_filter (class=org.apache.hadoop.http.lib.StaticUserWebFilter$StaticUserFilter) to context scm
2019-10-17 05:56:46,261 [main] INFO  http.HttpServer2 (HttpServer2.java:addFilter(958)) - Added filter static_user_filter (class=org.apache.hadoop.http.lib.StaticUserWebFilter$StaticUserFilter) to context logs
2019-10-17 05:56:46,262 [main] INFO  http.HttpServer2 (HttpServer2.java:addFilter(958)) - Added filter static_user_filter (class=org.apache.hadoop.http.lib.StaticUserWebFilter$StaticUserFilter) to context static
2019-10-17 05:56:46,300 [main] INFO  server.StorageContainerManager (StorageContainerManager.java:start(772)) - StorageContainerLocationProtocol RPC server is listening at /0.0.0.0:40844
2019-10-17 05:56:46,377 [main] WARN  impl.MetricsConfig (MetricsConfig.java:loadFirst(134)) - Cannot locate configuration: tried hadoop-metrics2-storagecontainermanager.properties,hadoop-metrics2.properties
2019-10-17 05:56:46,393 [main] INFO  impl.MetricsSystemImpl (MetricsSystemImpl.java:startTimer(374)) - Scheduled Metric snapshot period at 10 second(s).
2019-10-17 05:56:46,393 [main] INFO  impl.MetricsSystemImpl (MetricsSystemImpl.java:start(191)) - StorageContainerManager metrics system started
2019-10-17 05:56:46,632 [main] INFO  server.SCMClientProtocolServer (SCMClientProtocolServer.java:start(159)) - RPC server for Client  is listening at /0.0.0.0:40844
2019-10-17 05:56:46,633 [IPC Server Responder] INFO  ipc.Server (Server.java:run(1314)) - IPC Server Responder: starting
2019-10-17 05:56:46,633 [IPC Server listener on 40844] INFO  ipc.Server (Server.java:run(1153)) - IPC Server listener on 40844: starting
2019-10-17 05:56:46,636 [main] INFO  server.StorageContainerManager (StorageContainerManager.java:start(782)) - ScmBlockLocationProtocol RPC server is listening at /0.0.0.0:36534
2019-10-17 05:56:46,637 [main] INFO  server.SCMBlockProtocolServer (SCMBlockProtocolServer.java:start(146)) - RPC server for Block Protocol is listening at /0.0.0.0:36534
2019-10-17 05:56:46,637 [IPC Server Responder] INFO  ipc.Server (Server.java:run(1314)) - IPC Server Responder: starting
2019-10-17 05:56:46,637 [IPC Server listener on 36534] INFO  ipc.Server (Server.java:run(1153)) - IPC Server listener on 36534: starting
2019-10-17 05:56:46,640 [main] INFO  server.StorageContainerManager (StorageContainerManager.java:start(786)) - ScmDatanodeProtocl RPC server is listening at /0.0.0.0:46398
2019-10-17 05:56:46,640 [main] INFO  server.SCMDatanodeProtocolServer (SCMDatanodeProtocolServer.java:start(169)) - RPC server for DataNodes is listening at /0.0.0.0:46398
2019-10-17 05:56:46,641 [IPC Server Responder] INFO  ipc.Server (Server.java:run(1314)) - IPC Server Responder: starting
2019-10-17 05:56:46,641 [IPC Server listener on 46398] INFO  ipc.Server (Server.java:run(1153)) - IPC Server listener on 46398: starting
2019-10-17 05:56:46,645 [main] INFO  http.HttpServer2 (HttpServer2.java:bindListener(1191)) - Jetty bound to port 40093
2019-10-17 05:56:46,646 [main] INFO  server.Server (Server.java:doStart(351)) - jetty-9.3.25.v20180904, build timestamp: 2018-09-04T21:11:46Z, git hash: 3ce520221d0240229c862b122d2b06c12a625732
2019-10-17 05:56:46,683 [main] INFO  handler.ContextHandler (ContextHandler.java:doStart(781)) - Started o.e.j.s.ServletContextHandler@340da44c{/logs,file:///workdir/hadoop-ozone/integration-test/target/log,AVAILABLE}
2019-10-17 05:56:46,684 [main] INFO  handler.ContextHandler (ContextHandler.java:doStart(781)) - Started o.e.j.s.ServletContextHandler@37052337{/static,file:///workdir/hadoop-ozone/integration-test/target/test-classes/webapps/static,AVAILABLE}
2019-10-17 05:56:46,716 [main] INFO  handler.ContextHandler (ContextHandler.java:doStart(781)) - Started o.e.j.w.WebAppContext@3b366632{/,file:///workdir/hadoop-ozone/integration-test/target/test-classes/webapps/scm/,AVAILABLE}{/scm}
2019-10-17 05:56:46,721 [main] INFO  server.AbstractConnector (AbstractConnector.java:doStart(278)) - Started ServerConnector@6815c5f2{HTTP/1.1,[http/1.1]}{0.0.0.0:40093}
2019-10-17 05:56:46,721 [main] INFO  server.Server (Server.java:doStart(419)) - Started @2986ms
2019-10-17 05:56:46,723 [main] INFO  impl.MetricsSinkAdapter (MetricsSinkAdapter.java:start(204)) - Sink prometheus started
2019-10-17 05:56:46,724 [main] INFO  impl.MetricsSystemImpl (MetricsSystemImpl.java:registerSink(301)) - Registered sink prometheus
2019-10-17 05:56:46,725 [main] INFO  server.BaseHttpServer (BaseHttpServer.java:updateConnectorAddress(215)) - HTTP server of SCM is listening at http://0.0.0.0:40093
2019-10-17 05:56:46,733 [org.apache.hadoop.util.JvmPauseMonitor$Monitor@4263b080] INFO  util.JvmPauseMonitor (JvmPauseMonitor.java:run(188)) - Starting JVM pause monitor
2019-10-17 05:56:46,738 [main] WARN  server.ServerUtils (ServerUtils.java:getDBPath(222)) - ozone.om.db.dirs is not configured. We recommend adding this setting. Falling back to ozone.metadata.dirs instead.
2019-10-17 05:56:46,861 [main] INFO  ha.OMHANodeDetails (OMHANodeDetails.java:loadOMHAConfig(190)) - Configuration either no ozone.om.address set. Falling back to the default OM address /127.0.0.1:0
2019-10-17 05:56:46,861 [main] INFO  ha.OMHANodeDetails (OMHANodeDetails.java:getOMNodeDetails(220)) - OM Service ID is not set. Setting it to the default ID: omServiceIdDefault
2019-10-17 05:56:46,863 [main] WARN  server.ServerUtils (ServerUtils.java:getDBPath(222)) - ozone.om.db.dirs is not configured. We recommend adding this setting. Falling back to ozone.metadata.dirs instead.
2019-10-17 05:56:46,864 [main] WARN  server.ServerUtils (ServerUtils.java:getDBPath(222)) - ozone.om.db.dirs is not configured. We recommend adding this setting. Falling back to ozone.metadata.dirs instead.
2019-10-17 05:56:47,502 [main] WARN  server.ServerUtils (ServerUtils.java:getDBPath(222)) - ozone.om.db.dirs is not configured. We recommend adding this setting. Falling back to ozone.metadata.dirs instead.
2019-10-17 05:56:47,511 [main] INFO  db.DBStoreBuilder (DBStoreBuilder.java:addTable(117)) - using custom profile for table: userTable
2019-10-17 05:56:47,511 [main] INFO  db.DBStoreBuilder (DBStoreBuilder.java:processTables(168)) - Using default column profile:DBProfile.DISK for Table:userTable
2019-10-17 05:56:47,511 [main] INFO  db.DBStoreBuilder (DBStoreBuilder.java:addTable(117)) - using custom profile for table: volumeTable
2019-10-17 05:56:47,511 [main] INFO  db.DBStoreBuilder (DBStoreBuilder.java:processTables(168)) - Using default column profile:DBProfile.DISK for Table:volumeTable
2019-10-17 05:56:47,512 [main] INFO  db.DBStoreBuilder (DBStoreBuilder.java:addTable(117)) - using custom profile for table: bucketTable
2019-10-17 05:56:47,512 [main] INFO  db.DBStoreBuilder (DBStoreBuilder.java:processTables(168)) - Using default column profile:DBProfile.DISK for Table:bucketTable
2019-10-17 05:56:47,512 [main] INFO  db.DBStoreBuilder (DBStoreBuilder.java:addTable(117)) - using custom profile for table: keyTable
2019-10-17 05:56:47,512 [main] INFO  db.DBStoreBuilder (DBStoreBuilder.java:processTables(168)) - Using default column profile:DBProfile.DISK for Table:keyTable
2019-10-17 05:56:47,513 [main] INFO  db.DBStoreBuilder (DBStoreBuilder.java:addTable(117)) - using custom profile for table: deletedTable
2019-10-17 05:56:47,513 [main] INFO  db.DBStoreBuilder (DBStoreBuilder.java:processTables(168)) - Using default column profile:DBProfile.DISK for Table:deletedTable
2019-10-17 05:56:47,513 [main] INFO  db.DBStoreBuilder (DBStoreBuilder.java:addTable(117)) - using custom profile for table: openKeyTable
2019-10-17 05:56:47,513 [main] INFO  db.DBStoreBuilder (DBStoreBuilder.java:processTables(168)) - Using default column profile:DBProfile.DISK for Table:openKeyTable
2019-10-17 05:56:47,514 [main] INFO  db.DBStoreBuilder (DBStoreBuilder.java:addTable(117)) - using custom profile for table: s3Table
2019-10-17 05:56:47,514 [main] INFO  db.DBStoreBuilder (DBStoreBuilder.java:processTables(168)) - Using default column profile:DBProfile.DISK for Table:s3Table
2019-10-17 05:56:47,514 [main] INFO  db.DBStoreBuilder (DBStoreBuilder.java:addTable(117)) - using custom profile for table: multipartInfoTable
2019-10-17 05:56:47,514 [main] INFO  db.DBStoreBuilder (DBStoreBuilder.java:processTables(168)) - Using default column profile:DBProfile.DISK for Table:multipartInfoTable
2019-10-17 05:56:47,515 [main] INFO  db.DBStoreBuilder (DBStoreBuilder.java:addTable(117)) - using custom profile for table: dTokenTable
2019-10-17 05:56:47,515 [main] INFO  db.DBStoreBuilder (DBStoreBuilder.java:processTables(168)) - Using default column profile:DBProfile.DISK for Table:dTokenTable
2019-10-17 05:56:47,515 [main] INFO  db.DBStoreBuilder (DBStoreBuilder.java:addTable(117)) - using custom profile for table: s3SecretTable
2019-10-17 05:56:47,515 [main] INFO  db.DBStoreBuilder (DBStoreBuilder.java:processTables(168)) - Using default column profile:DBProfile.DISK for Table:s3SecretTable
2019-10-17 05:56:47,516 [main] INFO  db.DBStoreBuilder (DBStoreBuilder.java:addTable(117)) - using custom profile for table: prefixTable
2019-10-17 05:56:47,516 [main] INFO  db.DBStoreBuilder (DBStoreBuilder.java:processTables(168)) - Using default column profile:DBProfile.DISK for Table:prefixTable
2019-10-17 05:56:47,516 [main] INFO  db.DBStoreBuilder (DBStoreBuilder.java:addTable(117)) - using custom profile for table: default
2019-10-17 05:56:47,516 [main] INFO  db.DBStoreBuilder (DBStoreBuilder.java:processTables(174)) - Using default column profile:DBProfile.DISK for Table:default
2019-10-17 05:56:47,517 [main] INFO  db.DBStoreBuilder (DBStoreBuilder.java:getDbProfile(205)) - Using default options. DBProfile.DISK
2019-10-17 05:56:48,153 [main] INFO  ipc.CallQueueManager (CallQueueManager.java:<init>(84)) - Using callQueue: class java.util.concurrent.LinkedBlockingQueue, queueCapacity: 2000, scheduler: class org.apache.hadoop.ipc.DefaultRpcScheduler, ipcBackoff: false.
2019-10-17 05:56:48,154 [Socket Reader #1 for port 45181] INFO  ipc.Server (Server.java:run(1074)) - Starting Socket Reader #1 for port 45181
2019-10-17 05:56:48,178 [main] INFO  om.OzoneManager (OzoneManager.java:start(1071)) - OzoneManager RPC server is listening at localhost/127.0.0.1:45181
2019-10-17 05:56:48,178 [main] INFO  impl.MetricsSystemImpl (MetricsSystemImpl.java:init(158)) - OzoneManager metrics system started (again)
2019-10-17 05:56:48,187 [IPC Server listener on 45181] INFO  ipc.Server (Server.java:run(1153)) - IPC Server listener on 45181: starting
2019-10-17 05:56:48,188 [IPC Server Responder] INFO  ipc.Server (Server.java:run(1314)) - IPC Server Responder: starting
2019-10-17 05:56:48,195 [main] INFO  hdfs.DFSUtil (DFSUtil.java:httpServerTemplateForNNAndJN(1641)) - Starting Web-server for ozoneManager at: http://0.0.0.0:0
2019-10-17 05:56:48,197 [main] INFO  server.AuthenticationFilter (AuthenticationFilter.java:constructSecretProvider(240)) - Unable to initialize FileSignerSecretProvider, falling back to use random secrets.
2019-10-17 05:56:48,198 [main] WARN  http.HttpRequestLog (HttpRequestLog.java:getRequestLog(97)) - Jetty request log can only be enabled using Log4j
2019-10-17 05:56:48,202 [main] INFO  http.HttpServer2 (HttpServer2.java:addGlobalFilter(975)) - Added global filter 'safety' (class=org.apache.hadoop.http.HttpServer2$QuotingInputFilter)
2019-10-17 05:56:48,203 [main] INFO  http.HttpServer2 (HttpServer2.java:addFilter(948)) - Added filter static_user_filter (class=org.apache.hadoop.http.lib.StaticUserWebFilter$StaticUserFilter) to context ozoneManager
2019-10-17 05:56:48,203 [main] INFO  http.HttpServer2 (HttpServer2.java:addFilter(958)) - Added filter static_user_filter (class=org.apache.hadoop.http.lib.StaticUserWebFilter$StaticUserFilter) to context logs
2019-10-17 05:56:48,204 [main] INFO  http.HttpServer2 (HttpServer2.java:addFilter(958)) - Added filter static_user_filter (class=org.apache.hadoop.http.lib.StaticUserWebFilter$StaticUserFilter) to context static
2019-10-17 05:56:48,207 [main] INFO  http.HttpServer2 (HttpServer2.java:bindListener(1191)) - Jetty bound to port 41462
2019-10-17 05:56:48,207 [main] INFO  server.Server (Server.java:doStart(351)) - jetty-9.3.25.v20180904, build timestamp: 2018-09-04T21:11:46Z, git hash: 3ce520221d0240229c862b122d2b06c12a625732
2019-10-17 05:56:48,210 [main] INFO  handler.ContextHandler (ContextHandler.java:doStart(781)) - Started o.e.j.s.ServletContextHandler@6b63d445{/logs,file:///workdir/hadoop-ozone/integration-test/target/log,AVAILABLE}
2019-10-17 05:56:48,211 [main] INFO  handler.ContextHandler (ContextHandler.java:doStart(781)) - Started o.e.j.s.ServletContextHandler@30b2b76f{/static,file:///workdir/hadoop-ozone/integration-test/target/test-classes/webapps/static,AVAILABLE}
2019-10-17 05:56:48,219 [main] INFO  handler.ContextHandler (ContextHandler.java:doStart(781)) - Started o.e.j.w.WebAppContext@12db3386{/,file:///workdir/hadoop-ozone/integration-test/target/test-classes/webapps/ozoneManager/,AVAILABLE}{/ozoneManager}
2019-10-17 05:56:48,220 [main] INFO  server.AbstractConnector (AbstractConnector.java:doStart(278)) - Started ServerConnector@4078695f{HTTP/1.1,[http/1.1]}{0.0.0.0:41462}
2019-10-17 05:56:48,221 [main] INFO  server.Server (Server.java:doStart(419)) - Started @4485ms
2019-10-17 05:56:48,221 [main] WARN  impl.MetricsSystemImpl (MetricsSystemImpl.java:register(276)) - Sink prometheus already exists!
2019-10-17 05:56:48,222 [main] INFO  server.BaseHttpServer (BaseHttpServer.java:updateConnectorAddress(215)) - HTTP server of OZONEMANAGER is listening at http://0.0.0.0:41462
2019-10-17 05:56:48,574 [main] INFO  impl.MetricsSystemImpl (MetricsSystemImpl.java:init(158)) - HddsDatanode metrics system started (again)
2019-10-17 05:56:48,627 [main] INFO  ozone.HddsDatanodeService (HddsDatanodeService.java:start(184)) - HddsDatanodeService host:pr-hdds-2286-c5gnx-3944588690 ip:192.168.69.82
2019-10-17 05:56:48,659 [main] INFO  volume.HddsVolume (HddsVolume.java:<init>(176)) - Creating Volume: /workdir/hadoop-ozone/integration-test/target/test-dir/MiniOzoneClusterImpl-292a2ff3-4780-4182-bb48-82c20e0e309d/datanode-0/data/containers/hdds of  storage type : DISK and capacity : 1482555576320
2019-10-17 05:56:48,661 [main] INFO  volume.VolumeSet (VolumeSet.java:initializeVolumeSet(170)) - Added Volume : /workdir/hadoop-ozone/integration-test/target/test-dir/MiniOzoneClusterImpl-292a2ff3-4780-4182-bb48-82c20e0e309d/datanode-0/data/containers/hdds to VolumeSet
2019-10-17 05:56:48,664 [main] INFO  volume.ThrottledAsyncChecker (ThrottledAsyncChecker.java:schedule(141)) - Scheduling a check for /workdir/hadoop-ozone/integration-test/target/test-dir/MiniOzoneClusterImpl-292a2ff3-4780-4182-bb48-82c20e0e309d/datanode-0/data/containers/hdds
2019-10-17 05:56:48,686 [main] INFO  volume.HddsVolumeChecker (HddsVolumeChecker.java:checkAllVolumes(204)) - Scheduled health check for volume /workdir/hadoop-ozone/integration-test/target/test-dir/MiniOzoneClusterImpl-292a2ff3-4780-4182-bb48-82c20e0e309d/datanode-0/data/containers/hdds
2019-10-17 05:56:48,810 [main] INFO  impl.RaftServerProxy (ConfUtils.java:logGet(43)) - raft.rpc.type = GRPC (default)
2019-10-17 05:56:48,872 [main] INFO  grpc.GrpcFactory (GrpcFactory.java:checkPooledByteBufAllocatorUseCacheForAllThreads(45)) - PERFORMANCE WARNING: useCacheForAllThreads is true that may cause Netty to create a lot garbage objects and, as a result, trigger GC.
	It is recommended to disable useCacheForAllThreads by setting -Dorg.apache.ratis.thirdparty.io.netty.allocator.useCacheForAllThreads=false in command line.
2019-10-17 05:56:48,878 [main] INFO  grpc.GrpcConfigKeys$Server (ConfUtils.java:logGet(43)) - raft.grpc.server.port = 0 (default)
2019-10-17 05:56:48,879 [main] INFO  server.GrpcService (ConfUtils.java:logGet(43)) - raft.grpc.message.size.max = 33570816 (custom)
2019-10-17 05:56:48,880 [main] INFO  server.RaftServerConfigKeys (ConfUtils.java:logGet(43)) - raft.server.log.appender.buffer.byte-limit = 33554432 (custom)
2019-10-17 05:56:48,882 [main] INFO  server.GrpcService (ConfUtils.java:logGet(43)) - raft.grpc.flow.control.window = 1MB (=1048576) (default)
2019-10-17 05:56:48,883 [main] INFO  server.RaftServerConfigKeys (ConfUtils.java:logGet(43)) - raft.server.rpc.request.timeout = 3000ms (default)
2019-10-17 05:56:49,071 [main] INFO  server.RaftServerConfigKeys (ConfUtils.java:logGet(43)) - raft.server.storage.dir = [/workdir/hadoop-ozone/integration-test/target/test-dir/MiniOzoneClusterImpl-292a2ff3-4780-4182-bb48-82c20e0e309d/datanode-0/data/ratis] (custom)
2019-10-17 05:56:49,138 [main] INFO  hdfs.DFSUtil (DFSUtil.java:httpServerTemplateForNNAndJN(1641)) - Starting Web-server for hddsDatanode at: http://0.0.0.0:0
2019-10-17 05:56:49,143 [main] INFO  server.AuthenticationFilter (AuthenticationFilter.java:constructSecretProvider(240)) - Unable to initialize FileSignerSecretProvider, falling back to use random secrets.
2019-10-17 05:56:49,145 [main] WARN  http.HttpRequestLog (HttpRequestLog.java:getRequestLog(97)) - Jetty request log can only be enabled using Log4j
2019-10-17 05:56:49,149 [main] INFO  http.HttpServer2 (HttpServer2.java:addGlobalFilter(975)) - Added global filter 'safety' (class=org.apache.hadoop.http.HttpServer2$QuotingInputFilter)
2019-10-17 05:56:49,150 [main] INFO  http.HttpServer2 (HttpServer2.java:addFilter(948)) - Added filter static_user_filter (class=org.apache.hadoop.http.lib.StaticUserWebFilter$StaticUserFilter) to context hddsDatanode
2019-10-17 05:56:49,150 [main] INFO  http.HttpServer2 (HttpServer2.java:addFilter(958)) - Added filter static_user_filter (class=org.apache.hadoop.http.lib.StaticUserWebFilter$StaticUserFilter) to context static
2019-10-17 05:56:49,151 [main] INFO  http.HttpServer2 (HttpServer2.java:addFilter(958)) - Added filter static_user_filter (class=org.apache.hadoop.http.lib.StaticUserWebFilter$StaticUserFilter) to context logs
2019-10-17 05:56:49,152 [main] INFO  http.HttpServer2 (HttpServer2.java:bindListener(1191)) - Jetty bound to port 39038
2019-10-17 05:56:49,153 [main] INFO  server.Server (Server.java:doStart(351)) - jetty-9.3.25.v20180904, build timestamp: 2018-09-04T21:11:46Z, git hash: 3ce520221d0240229c862b122d2b06c12a625732
2019-10-17 05:56:49,158 [main] INFO  handler.ContextHandler (ContextHandler.java:doStart(781)) - Started o.e.j.s.ServletContextHandler@644ded04{/logs,file:///workdir/hadoop-ozone/integration-test/target/log,AVAILABLE}
2019-10-17 05:56:49,159 [main] INFO  handler.ContextHandler (ContextHandler.java:doStart(781)) - Started o.e.j.s.ServletContextHandler@13d9261f{/static,jar:file:/home/user/.m2/repository/org/apache/hadoop/hadoop-hdds-container-service/0.5.0-SNAPSHOT/hadoop-hdds-container-service-0.5.0-SNAPSHOT.jar!/webapps/static,AVAILABLE}
2019-10-17 05:56:49,216 [main] INFO  handler.ContextHandler (ContextHandler.java:doStart(781)) - Started o.e.j.w.WebAppContext@61cd1c71{/,file:///tmp/jetty-0.0.0.0-39038-hddsDatanode-_-any-4615148237791400321.dir/webapp/,AVAILABLE}{/hddsDatanode}
2019-10-17 05:56:49,217 [main] INFO  server.AbstractConnector (AbstractConnector.java:doStart(278)) - Started ServerConnector@6724cdec{HTTP/1.1,[http/1.1]}{0.0.0.0:39038}
2019-10-17 05:56:49,218 [main] INFO  server.Server (Server.java:doStart(419)) - Started @5482ms
2019-10-17 05:56:49,218 [main] WARN  impl.MetricsSystemImpl (MetricsSystemImpl.java:register(276)) - Sink prometheus already exists!
2019-10-17 05:56:49,219 [main] INFO  server.BaseHttpServer (BaseHttpServer.java:updateConnectorAddress(215)) - HTTP server of HDDSDATANODE is listening at http://0.0.0.0:39038
2019-10-17 05:56:49,220 [main] INFO  impl.MetricsSystemImpl (MetricsSystemImpl.java:init(158)) - HddsDatanode metrics system started (again)
2019-10-17 05:56:49,225 [main] INFO  ozone.HddsDatanodeService (HddsDatanodeService.java:start(184)) - HddsDatanodeService host:pr-hdds-2286-c5gnx-3944588690 ip:192.168.69.82
2019-10-17 05:56:49,228 [org.apache.hadoop.util.JvmPauseMonitor$Monitor@301cc577] INFO  util.JvmPauseMonitor (JvmPauseMonitor.java:run(188)) - Starting JVM pause monitor
2019-10-17 05:56:49,236 [main] INFO  volume.HddsVolume (HddsVolume.java:<init>(176)) - Creating Volume: /workdir/hadoop-ozone/integration-test/target/test-dir/MiniOzoneClusterImpl-292a2ff3-4780-4182-bb48-82c20e0e309d/datanode-1/data/containers/hdds of  storage type : DISK and capacity : 1482555576320
2019-10-17 05:56:49,237 [main] INFO  volume.VolumeSet (VolumeSet.java:initializeVolumeSet(170)) - Added Volume : /workdir/hadoop-ozone/integration-test/target/test-dir/MiniOzoneClusterImpl-292a2ff3-4780-4182-bb48-82c20e0e309d/datanode-1/data/containers/hdds to VolumeSet
2019-10-17 05:56:49,238 [main] INFO  volume.ThrottledAsyncChecker (ThrottledAsyncChecker.java:schedule(141)) - Scheduling a check for /workdir/hadoop-ozone/integration-test/target/test-dir/MiniOzoneClusterImpl-292a2ff3-4780-4182-bb48-82c20e0e309d/datanode-1/data/containers/hdds
2019-10-17 05:56:49,239 [main] INFO  volume.HddsVolumeChecker (HddsVolumeChecker.java:checkAllVolumes(204)) - Scheduled health check for volume /workdir/hadoop-ozone/integration-test/target/test-dir/MiniOzoneClusterImpl-292a2ff3-4780-4182-bb48-82c20e0e309d/datanode-1/data/containers/hdds
2019-10-17 05:56:49,262 [main] INFO  impl.RaftServerProxy (ConfUtils.java:logGet(43)) - raft.rpc.type = GRPC (default)
2019-10-17 05:56:49,263 [main] INFO  grpc.GrpcFactory (GrpcFactory.java:checkPooledByteBufAllocatorUseCacheForAllThreads(45)) - PERFORMANCE WARNING: useCacheForAllThreads is true that may cause Netty to create a lot garbage objects and, as a result, trigger GC.
	It is recommended to disable useCacheForAllThreads by setting -Dorg.apache.ratis.thirdparty.io.netty.allocator.useCacheForAllThreads=false in command line.
2019-10-17 05:56:49,263 [main] INFO  grpc.GrpcConfigKeys$Server (ConfUtils.java:logGet(43)) - raft.grpc.server.port = 0 (default)
2019-10-17 05:56:49,264 [main] INFO  server.GrpcService (ConfUtils.java:logGet(43)) - raft.grpc.message.size.max = 33570816 (custom)
2019-10-17 05:56:49,264 [main] INFO  server.RaftServerConfigKeys (ConfUtils.java:logGet(43)) - raft.server.log.appender.buffer.byte-limit = 33554432 (custom)
2019-10-17 05:56:49,264 [main] INFO  server.GrpcService (ConfUtils.java:logGet(43)) - raft.grpc.flow.control.window = 1MB (=1048576) (default)
2019-10-17 05:56:49,265 [main] INFO  server.RaftServerConfigKeys (ConfUtils.java:logGet(43)) - raft.server.rpc.request.timeout = 3000ms (default)
2019-10-17 05:56:49,266 [main] INFO  server.RaftServerConfigKeys (ConfUtils.java:logGet(43)) - raft.server.storage.dir = [/workdir/hadoop-ozone/integration-test/target/test-dir/MiniOzoneClusterImpl-292a2ff3-4780-4182-bb48-82c20e0e309d/datanode-1/data/ratis] (custom)
2019-10-17 05:56:49,269 [main] INFO  hdfs.DFSUtil (DFSUtil.java:httpServerTemplateForNNAndJN(1641)) - Starting Web-server for hddsDatanode at: http://0.0.0.0:0
2019-10-17 05:56:49,272 [main] INFO  server.AuthenticationFilter (AuthenticationFilter.java:constructSecretProvider(240)) - Unable to initialize FileSignerSecretProvider, falling back to use random secrets.
2019-10-17 05:56:49,273 [main] WARN  http.HttpRequestLog (HttpRequestLog.java:getRequestLog(97)) - Jetty request log can only be enabled using Log4j
2019-10-17 05:56:49,276 [main] INFO  http.HttpServer2 (HttpServer2.java:addGlobalFilter(975)) - Added global filter 'safety' (class=org.apache.hadoop.http.HttpServer2$QuotingInputFilter)
2019-10-17 05:56:49,277 [main] INFO  http.HttpServer2 (HttpServer2.java:addFilter(948)) - Added filter static_user_filter (class=org.apache.hadoop.http.lib.StaticUserWebFilter$StaticUserFilter) to context hddsDatanode
2019-10-17 05:56:49,277 [main] INFO  http.HttpServer2 (HttpServer2.java:addFilter(958)) - Added filter static_user_filter (class=org.apache.hadoop.http.lib.StaticUserWebFilter$StaticUserFilter) to context logs
2019-10-17 05:56:49,278 [main] INFO  http.HttpServer2 (HttpServer2.java:addFilter(958)) - Added filter static_user_filter (class=org.apache.hadoop.http.lib.StaticUserWebFilter$StaticUserFilter) to context static
2019-10-17 05:56:49,279 [main] INFO  http.HttpServer2 (HttpServer2.java:bindListener(1191)) - Jetty bound to port 40279
2019-10-17 05:56:49,280 [main] INFO  server.Server (Server.java:doStart(351)) - jetty-9.3.25.v20180904, build timestamp: 2018-09-04T21:11:46Z, git hash: 3ce520221d0240229c862b122d2b06c12a625732
2019-10-17 05:56:49,285 [main] INFO  handler.ContextHandler (ContextHandler.java:doStart(781)) - Started o.e.j.s.ServletContextHandler@6a094db2{/logs,file:///workdir/hadoop-ozone/integration-test/target/log,AVAILABLE}
2019-10-17 05:56:49,285 [main] INFO  handler.ContextHandler (ContextHandler.java:doStart(781)) - Started o.e.j.s.ServletContextHandler@1dba4e06{/static,jar:file:/home/user/.m2/repository/org/apache/hadoop/hadoop-hdds-container-service/0.5.0-SNAPSHOT/hadoop-hdds-container-service-0.5.0-SNAPSHOT.jar!/webapps/static,AVAILABLE}
2019-10-17 05:56:49,333 [main] INFO  handler.ContextHandler (ContextHandler.java:doStart(781)) - Started o.e.j.w.WebAppContext@1e58512c{/,file:///tmp/jetty-0.0.0.0-40279-hddsDatanode-_-any-6880837447591495922.dir/webapp/,AVAILABLE}{/hddsDatanode}
2019-10-17 05:56:49,334 [main] INFO  server.AbstractConnector (AbstractConnector.java:doStart(278)) - Started ServerConnector@210308d5{HTTP/1.1,[http/1.1]}{0.0.0.0:40279}
2019-10-17 05:56:49,334 [main] INFO  server.Server (Server.java:doStart(419)) - Started @5599ms
2019-10-17 05:56:49,335 [main] WARN  impl.MetricsSystemImpl (MetricsSystemImpl.java:register(276)) - Sink prometheus already exists!
2019-10-17 05:56:49,336 [main] INFO  server.BaseHttpServer (BaseHttpServer.java:updateConnectorAddress(215)) - HTTP server of HDDSDATANODE is listening at http://0.0.0.0:40279
2019-10-17 05:56:49,337 [main] INFO  impl.MetricsSystemImpl (MetricsSystemImpl.java:init(158)) - HddsDatanode metrics system started (again)
2019-10-17 05:56:49,341 [org.apache.hadoop.util.JvmPauseMonitor$Monitor@fc3bd9e] INFO  util.JvmPauseMonitor (JvmPauseMonitor.java:run(188)) - Starting JVM pause monitor
2019-10-17 05:56:49,341 [main] INFO  ozone.HddsDatanodeService (HddsDatanodeService.java:start(184)) - HddsDatanodeService host:pr-hdds-2286-c5gnx-3944588690 ip:192.168.69.82
2019-10-17 05:56:49,352 [main] INFO  volume.HddsVolume (HddsVolume.java:<init>(176)) - Creating Volume: /workdir/hadoop-ozone/integration-test/target/test-dir/MiniOzoneClusterImpl-292a2ff3-4780-4182-bb48-82c20e0e309d/datanode-2/data/containers/hdds of  storage type : DISK and capacity : 1482555576320
2019-10-17 05:56:49,353 [main] INFO  volume.VolumeSet (VolumeSet.java:initializeVolumeSet(170)) - Added Volume : /workdir/hadoop-ozone/integration-test/target/test-dir/MiniOzoneClusterImpl-292a2ff3-4780-4182-bb48-82c20e0e309d/datanode-2/data/containers/hdds to VolumeSet
2019-10-17 05:56:49,353 [main] INFO  volume.ThrottledAsyncChecker (ThrottledAsyncChecker.java:schedule(141)) - Scheduling a check for /workdir/hadoop-ozone/integration-test/target/test-dir/MiniOzoneClusterImpl-292a2ff3-4780-4182-bb48-82c20e0e309d/datanode-2/data/containers/hdds
2019-10-17 05:56:49,354 [main] INFO  volume.HddsVolumeChecker (HddsVolumeChecker.java:checkAllVolumes(204)) - Scheduled health check for volume /workdir/hadoop-ozone/integration-test/target/test-dir/MiniOzoneClusterImpl-292a2ff3-4780-4182-bb48-82c20e0e309d/datanode-2/data/containers/hdds
2019-10-17 05:56:49,370 [Datanode State Machine Thread - 0] INFO  datanode.InitDatanodeState (InitDatanodeState.java:persistContainerDatanodeDetails(140)) - DatanodeDetails is persisted to /workdir/hadoop-ozone/integration-test/target/test-dir/MiniOzoneClusterImpl-292a2ff3-4780-4182-bb48-82c20e0e309d/datanode-0/meta/datanode.id
2019-10-17 05:56:49,375 [Datanode State Machine Thread - 0] INFO  datanode.InitDatanodeState (InitDatanodeState.java:persistContainerDatanodeDetails(140)) - DatanodeDetails is persisted to /workdir/hadoop-ozone/integration-test/target/test-dir/MiniOzoneClusterImpl-292a2ff3-4780-4182-bb48-82c20e0e309d/datanode-1/meta/datanode.id
2019-10-17 05:56:49,380 [main] INFO  impl.RaftServerProxy (ConfUtils.java:logGet(43)) - raft.rpc.type = GRPC (default)
2019-10-17 05:56:49,380 [main] INFO  grpc.GrpcFactory (GrpcFactory.java:checkPooledByteBufAllocatorUseCacheForAllThreads(45)) - PERFORMANCE WARNING: useCacheForAllThreads is true that may cause Netty to create a lot garbage objects and, as a result, trigger GC.
	It is recommended to disable useCacheForAllThreads by setting -Dorg.apache.ratis.thirdparty.io.netty.allocator.useCacheForAllThreads=false in command line.
2019-10-17 05:56:49,381 [main] INFO  grpc.GrpcConfigKeys$Server (ConfUtils.java:logGet(43)) - raft.grpc.server.port = 0 (default)
2019-10-17 05:56:49,381 [main] INFO  server.GrpcService (ConfUtils.java:logGet(43)) - raft.grpc.message.size.max = 33570816 (custom)
2019-10-17 05:56:49,381 [main] INFO  server.RaftServerConfigKeys (ConfUtils.java:logGet(43)) - raft.server.log.appender.buffer.byte-limit = 33554432 (custom)
2019-10-17 05:56:49,382 [main] INFO  server.GrpcService (ConfUtils.java:logGet(43)) - raft.grpc.flow.control.window = 1MB (=1048576) (default)
2019-10-17 05:56:49,382 [main] INFO  server.RaftServerConfigKeys (ConfUtils.java:logGet(43)) - raft.server.rpc.request.timeout = 3000ms (default)
2019-10-17 05:56:49,383 [main] INFO  server.RaftServerConfigKeys (ConfUtils.java:logGet(43)) - raft.server.storage.dir = [/workdir/hadoop-ozone/integration-test/target/test-dir/MiniOzoneClusterImpl-292a2ff3-4780-4182-bb48-82c20e0e309d/datanode-2/data/ratis] (custom)
2019-10-17 05:56:49,386 [main] INFO  hdfs.DFSUtil (DFSUtil.java:httpServerTemplateForNNAndJN(1641)) - Starting Web-server for hddsDatanode at: http://0.0.0.0:0
2019-10-17 05:56:49,388 [main] INFO  server.AuthenticationFilter (AuthenticationFilter.java:constructSecretProvider(240)) - Unable to initialize FileSignerSecretProvider, falling back to use random secrets.
2019-10-17 05:56:49,388 [main] WARN  http.HttpRequestLog (HttpRequestLog.java:getRequestLog(97)) - Jetty request log can only be enabled using Log4j
2019-10-17 05:56:49,391 [main] INFO  http.HttpServer2 (HttpServer2.java:addGlobalFilter(975)) - Added global filter 'safety' (class=org.apache.hadoop.http.HttpServer2$QuotingInputFilter)
2019-10-17 05:56:49,392 [main] INFO  http.HttpServer2 (HttpServer2.java:addFilter(948)) - Added filter static_user_filter (class=org.apache.hadoop.http.lib.StaticUserWebFilter$StaticUserFilter) to context hddsDatanode
2019-10-17 05:56:49,392 [main] INFO  http.HttpServer2 (HttpServer2.java:addFilter(958)) - Added filter static_user_filter (class=org.apache.hadoop.http.lib.StaticUserWebFilter$StaticUserFilter) to context static
2019-10-17 05:56:49,392 [main] INFO  http.HttpServer2 (HttpServer2.java:addFilter(958)) - Added filter static_user_filter (class=org.apache.hadoop.http.lib.StaticUserWebFilter$StaticUserFilter) to context logs
2019-10-17 05:56:49,393 [main] INFO  http.HttpServer2 (HttpServer2.java:bindListener(1191)) - Jetty bound to port 41328
2019-10-17 05:56:49,393 [main] INFO  server.Server (Server.java:doStart(351)) - jetty-9.3.25.v20180904, build timestamp: 2018-09-04T21:11:46Z, git hash: 3ce520221d0240229c862b122d2b06c12a625732
2019-10-17 05:56:49,396 [main] INFO  handler.ContextHandler (ContextHandler.java:doStart(781)) - Started o.e.j.s.ServletContextHandler@d109c4f{/logs,file:///workdir/hadoop-ozone/integration-test/target/log,AVAILABLE}
2019-10-17 05:56:49,397 [main] INFO  handler.ContextHandler (ContextHandler.java:doStart(781)) - Started o.e.j.s.ServletContextHandler@26f46fa6{/static,jar:file:/home/user/.m2/repository/org/apache/hadoop/hadoop-hdds-container-service/0.5.0-SNAPSHOT/hadoop-hdds-container-service-0.5.0-SNAPSHOT.jar!/webapps/static,AVAILABLE}
2019-10-17 05:56:49,436 [main] INFO  handler.ContextHandler (ContextHandler.java:doStart(781)) - Started o.e.j.w.WebAppContext@4c6007fb{/,file:///tmp/jetty-0.0.0.0-41328-hddsDatanode-_-any-5273883860297433314.dir/webapp/,AVAILABLE}{/hddsDatanode}
2019-10-17 05:56:49,437 [main] INFO  server.AbstractConnector (AbstractConnector.java:doStart(278)) - Started ServerConnector@3e33d73e{HTTP/1.1,[http/1.1]}{0.0.0.0:41328}
2019-10-17 05:56:49,438 [main] INFO  server.Server (Server.java:doStart(419)) - Started @5703ms
2019-10-17 05:56:49,439 [main] WARN  impl.MetricsSystemImpl (MetricsSystemImpl.java:register(276)) - Sink prometheus already exists!
2019-10-17 05:56:49,440 [main] INFO  server.BaseHttpServer (BaseHttpServer.java:updateConnectorAddress(215)) - HTTP server of HDDSDATANODE is listening at http://0.0.0.0:41328
2019-10-17 05:56:49,441 [main] INFO  impl.MetricsSystemImpl (MetricsSystemImpl.java:init(158)) - HddsDatanode metrics system started (again)
2019-10-17 05:56:49,445 [org.apache.hadoop.util.JvmPauseMonitor$Monitor@1baa7d1] INFO  util.JvmPauseMonitor (JvmPauseMonitor.java:run(188)) - Starting JVM pause monitor
2019-10-17 05:56:49,445 [main] INFO  ozone.HddsDatanodeService (HddsDatanodeService.java:start(184)) - HddsDatanodeService host:pr-hdds-2286-c5gnx-3944588690 ip:192.168.69.82
2019-10-17 05:56:49,448 [Datanode State Machine Thread - 0] INFO  datanode.InitDatanodeState (InitDatanodeState.java:persistContainerDatanodeDetails(140)) - DatanodeDetails is persisted to /workdir/hadoop-ozone/integration-test/target/test-dir/MiniOzoneClusterImpl-292a2ff3-4780-4182-bb48-82c20e0e309d/datanode-2/meta/datanode.id
2019-10-17 05:56:49,455 [main] INFO  volume.HddsVolume (HddsVolume.java:<init>(176)) - Creating Volume: /workdir/hadoop-ozone/integration-test/target/test-dir/MiniOzoneClusterImpl-292a2ff3-4780-4182-bb48-82c20e0e309d/datanode-3/data/containers/hdds of  storage type : DISK and capacity : 1482555576320
2019-10-17 05:56:49,456 [main] INFO  volume.VolumeSet (VolumeSet.java:initializeVolumeSet(170)) - Added Volume : /workdir/hadoop-ozone/integration-test/target/test-dir/MiniOzoneClusterImpl-292a2ff3-4780-4182-bb48-82c20e0e309d/datanode-3/data/containers/hdds to VolumeSet
2019-10-17 05:56:49,456 [main] INFO  volume.ThrottledAsyncChecker (ThrottledAsyncChecker.java:schedule(141)) - Scheduling a check for /workdir/hadoop-ozone/integration-test/target/test-dir/MiniOzoneClusterImpl-292a2ff3-4780-4182-bb48-82c20e0e309d/datanode-3/data/containers/hdds
2019-10-17 05:56:49,457 [main] INFO  volume.HddsVolumeChecker (HddsVolumeChecker.java:checkAllVolumes(204)) - Scheduled health check for volume /workdir/hadoop-ozone/integration-test/target/test-dir/MiniOzoneClusterImpl-292a2ff3-4780-4182-bb48-82c20e0e309d/datanode-3/data/containers/hdds
2019-10-17 05:56:49,472 [main] INFO  impl.RaftServerProxy (ConfUtils.java:logGet(43)) - raft.rpc.type = GRPC (default)
2019-10-17 05:56:49,472 [main] INFO  grpc.GrpcFactory (GrpcFactory.java:checkPooledByteBufAllocatorUseCacheForAllThreads(45)) - PERFORMANCE WARNING: useCacheForAllThreads is true that may cause Netty to create a lot garbage objects and, as a result, trigger GC.
	It is recommended to disable useCacheForAllThreads by setting -Dorg.apache.ratis.thirdparty.io.netty.allocator.useCacheForAllThreads=false in command line.
2019-10-17 05:56:49,472 [main] INFO  grpc.GrpcConfigKeys$Server (ConfUtils.java:logGet(43)) - raft.grpc.server.port = 0 (default)
2019-10-17 05:56:49,472 [main] INFO  server.GrpcService (ConfUtils.java:logGet(43)) - raft.grpc.message.size.max = 33570816 (custom)
2019-10-17 05:56:49,473 [main] INFO  server.RaftServerConfigKeys (ConfUtils.java:logGet(43)) - raft.server.log.appender.buffer.byte-limit = 33554432 (custom)
2019-10-17 05:56:49,473 [main] INFO  server.GrpcService (ConfUtils.java:logGet(43)) - raft.grpc.flow.control.window = 1MB (=1048576) (default)
2019-10-17 05:56:49,473 [main] INFO  server.RaftServerConfigKeys (ConfUtils.java:logGet(43)) - raft.server.rpc.request.timeout = 3000ms (default)
2019-10-17 05:56:49,474 [main] INFO  server.RaftServerConfigKeys (ConfUtils.java:logGet(43)) - raft.server.storage.dir = [/workdir/hadoop-ozone/integration-test/target/test-dir/MiniOzoneClusterImpl-292a2ff3-4780-4182-bb48-82c20e0e309d/datanode-3/data/ratis] (custom)
2019-10-17 05:56:49,476 [main] INFO  hdfs.DFSUtil (DFSUtil.java:httpServerTemplateForNNAndJN(1641)) - Starting Web-server for hddsDatanode at: http://0.0.0.0:0
2019-10-17 05:56:49,477 [main] INFO  server.AuthenticationFilter (AuthenticationFilter.java:constructSecretProvider(240)) - Unable to initialize FileSignerSecretProvider, falling back to use random secrets.
2019-10-17 05:56:49,477 [main] WARN  http.HttpRequestLog (HttpRequestLog.java:getRequestLog(97)) - Jetty request log can only be enabled using Log4j
2019-10-17 05:56:49,479 [main] INFO  http.HttpServer2 (HttpServer2.java:addGlobalFilter(975)) - Added global filter 'safety' (class=org.apache.hadoop.http.HttpServer2$QuotingInputFilter)
2019-10-17 05:56:49,480 [main] INFO  http.HttpServer2 (HttpServer2.java:addFilter(948)) - Added filter static_user_filter (class=org.apache.hadoop.http.lib.StaticUserWebFilter$StaticUserFilter) to context hddsDatanode
2019-10-17 05:56:49,480 [main] INFO  http.HttpServer2 (HttpServer2.java:addFilter(958)) - Added filter static_user_filter (class=org.apache.hadoop.http.lib.StaticUserWebFilter$StaticUserFilter) to context logs
2019-10-17 05:56:49,480 [main] INFO  http.HttpServer2 (HttpServer2.java:addFilter(958)) - Added filter static_user_filter (class=org.apache.hadoop.http.lib.StaticUserWebFilter$StaticUserFilter) to context static
2019-10-17 05:56:49,481 [main] INFO  http.HttpServer2 (HttpServer2.java:bindListener(1191)) - Jetty bound to port 39523
2019-10-17 05:56:49,481 [main] INFO  server.Server (Server.java:doStart(351)) - jetty-9.3.25.v20180904, build timestamp: 2018-09-04T21:11:46Z, git hash: 3ce520221d0240229c862b122d2b06c12a625732
2019-10-17 05:56:49,485 [main] INFO  handler.ContextHandler (ContextHandler.java:doStart(781)) - Started o.e.j.s.ServletContextHandler@4b200971{/logs,file:///workdir/hadoop-ozone/integration-test/target/log,AVAILABLE}
2019-10-17 05:56:49,486 [main] INFO  handler.ContextHandler (ContextHandler.java:doStart(781)) - Started o.e.j.s.ServletContextHandler@68d7a2df{/static,jar:file:/home/user/.m2/repository/org/apache/hadoop/hadoop-hdds-container-service/0.5.0-SNAPSHOT/hadoop-hdds-container-service-0.5.0-SNAPSHOT.jar!/webapps/static,AVAILABLE}
2019-10-17 05:56:49,515 [main] INFO  handler.ContextHandler (ContextHandler.java:doStart(781)) - Started o.e.j.w.WebAppContext@4da6d664{/,file:///tmp/jetty-0.0.0.0-39523-hddsDatanode-_-any-1207654063830050252.dir/webapp/,AVAILABLE}{/hddsDatanode}
2019-10-17 05:56:49,515 [main] INFO  server.AbstractConnector (AbstractConnector.java:doStart(278)) - Started ServerConnector@5e5af8e1{HTTP/1.1,[http/1.1]}{0.0.0.0:39523}
2019-10-17 05:56:49,516 [main] INFO  server.Server (Server.java:doStart(419)) - Started @5781ms
2019-10-17 05:56:49,516 [main] WARN  impl.MetricsSystemImpl (MetricsSystemImpl.java:register(276)) - Sink prometheus already exists!
2019-10-17 05:56:49,518 [main] INFO  server.BaseHttpServer (BaseHttpServer.java:updateConnectorAddress(215)) - HTTP server of HDDSDATANODE is listening at http://0.0.0.0:39523
2019-10-17 05:56:49,518 [main] INFO  impl.MetricsSystemImpl (MetricsSystemImpl.java:init(158)) - HddsDatanode metrics system started (again)
2019-10-17 05:56:49,521 [main] INFO  ozone.HddsDatanodeService (HddsDatanodeService.java:start(184)) - HddsDatanodeService host:pr-hdds-2286-c5gnx-3944588690 ip:192.168.69.82
2019-10-17 05:56:49,522 [org.apache.hadoop.util.JvmPauseMonitor$Monitor@8d4074b] INFO  util.JvmPauseMonitor (JvmPauseMonitor.java:run(188)) - Starting JVM pause monitor
2019-10-17 05:56:49,525 [Datanode State Machine Thread - 0] INFO  datanode.InitDatanodeState (InitDatanodeState.java:persistContainerDatanodeDetails(140)) - DatanodeDetails is persisted to /workdir/hadoop-ozone/integration-test/target/test-dir/MiniOzoneClusterImpl-292a2ff3-4780-4182-bb48-82c20e0e309d/datanode-3/meta/datanode.id
2019-10-17 05:56:49,530 [main] INFO  volume.HddsVolume (HddsVolume.java:<init>(176)) - Creating Volume: /workdir/hadoop-ozone/integration-test/target/test-dir/MiniOzoneClusterImpl-292a2ff3-4780-4182-bb48-82c20e0e309d/datanode-4/data/containers/hdds of  storage type : DISK and capacity : 1482555576320
2019-10-17 05:56:49,531 [main] INFO  volume.VolumeSet (VolumeSet.java:initializeVolumeSet(170)) - Added Volume : /workdir/hadoop-ozone/integration-test/target/test-dir/MiniOzoneClusterImpl-292a2ff3-4780-4182-bb48-82c20e0e309d/datanode-4/data/containers/hdds to VolumeSet
2019-10-17 05:56:49,531 [main] INFO  volume.ThrottledAsyncChecker (ThrottledAsyncChecker.java:schedule(141)) - Scheduling a check for /workdir/hadoop-ozone/integration-test/target/test-dir/MiniOzoneClusterImpl-292a2ff3-4780-4182-bb48-82c20e0e309d/datanode-4/data/containers/hdds
2019-10-17 05:56:49,532 [main] INFO  volume.HddsVolumeChecker (HddsVolumeChecker.java:checkAllVolumes(204)) - Scheduled health check for volume /workdir/hadoop-ozone/integration-test/target/test-dir/MiniOzoneClusterImpl-292a2ff3-4780-4182-bb48-82c20e0e309d/datanode-4/data/containers/hdds
2019-10-17 05:56:49,544 [main] INFO  impl.RaftServerProxy (ConfUtils.java:logGet(43)) - raft.rpc.type = GRPC (default)
2019-10-17 05:56:49,544 [main] INFO  grpc.GrpcFactory (GrpcFactory.java:checkPooledByteBufAllocatorUseCacheForAllThreads(45)) - PERFORMANCE WARNING: useCacheForAllThreads is true that may cause Netty to create a lot garbage objects and, as a result, trigger GC.
	It is recommended to disable useCacheForAllThreads by setting -Dorg.apache.ratis.thirdparty.io.netty.allocator.useCacheForAllThreads=false in command line.
2019-10-17 05:56:49,545 [main] INFO  grpc.GrpcConfigKeys$Server (ConfUtils.java:logGet(43)) - raft.grpc.server.port = 0 (default)
2019-10-17 05:56:49,545 [main] INFO  server.GrpcService (ConfUtils.java:logGet(43)) - raft.grpc.message.size.max = 33570816 (custom)
2019-10-17 05:56:49,545 [main] INFO  server.RaftServerConfigKeys (ConfUtils.java:logGet(43)) - raft.server.log.appender.buffer.byte-limit = 33554432 (custom)
2019-10-17 05:56:49,545 [main] INFO  server.GrpcService (ConfUtils.java:logGet(43)) - raft.grpc.flow.control.window = 1MB (=1048576) (default)
2019-10-17 05:56:49,545 [main] INFO  server.RaftServerConfigKeys (ConfUtils.java:logGet(43)) - raft.server.rpc.request.timeout = 3000ms (default)
2019-10-17 05:56:49,546 [main] INFO  server.RaftServerConfigKeys (ConfUtils.java:logGet(43)) - raft.server.storage.dir = [/workdir/hadoop-ozone/integration-test/target/test-dir/MiniOzoneClusterImpl-292a2ff3-4780-4182-bb48-82c20e0e309d/datanode-4/data/ratis] (custom)
2019-10-17 05:56:49,548 [main] INFO  hdfs.DFSUtil (DFSUtil.java:httpServerTemplateForNNAndJN(1641)) - Starting Web-server for hddsDatanode at: http://0.0.0.0:0
2019-10-17 05:56:49,550 [main] INFO  server.AuthenticationFilter (AuthenticationFilter.java:constructSecretProvider(240)) - Unable to initialize FileSignerSecretProvider, falling back to use random secrets.
2019-10-17 05:56:49,551 [main] WARN  http.HttpRequestLog (HttpRequestLog.java:getRequestLog(97)) - Jetty request log can only be enabled using Log4j
2019-10-17 05:56:49,554 [main] INFO  http.HttpServer2 (HttpServer2.java:addGlobalFilter(975)) - Added global filter 'safety' (class=org.apache.hadoop.http.HttpServer2$QuotingInputFilter)
2019-10-17 05:56:49,555 [main] INFO  http.HttpServer2 (HttpServer2.java:addFilter(948)) - Added filter static_user_filter (class=org.apache.hadoop.http.lib.StaticUserWebFilter$StaticUserFilter) to context hddsDatanode
2019-10-17 05:56:49,555 [main] INFO  http.HttpServer2 (HttpServer2.java:addFilter(958)) - Added filter static_user_filter (class=org.apache.hadoop.http.lib.StaticUserWebFilter$StaticUserFilter) to context static
2019-10-17 05:56:49,555 [main] INFO  http.HttpServer2 (HttpServer2.java:addFilter(958)) - Added filter static_user_filter (class=org.apache.hadoop.http.lib.StaticUserWebFilter$StaticUserFilter) to context logs
2019-10-17 05:56:49,557 [main] INFO  http.HttpServer2 (HttpServer2.java:bindListener(1191)) - Jetty bound to port 36593
2019-10-17 05:56:49,557 [main] INFO  server.Server (Server.java:doStart(351)) - jetty-9.3.25.v20180904, build timestamp: 2018-09-04T21:11:46Z, git hash: 3ce520221d0240229c862b122d2b06c12a625732
2019-10-17 05:56:49,560 [main] INFO  handler.ContextHandler (ContextHandler.java:doStart(781)) - Started o.e.j.s.ServletContextHandler@7100dea{/logs,file:///workdir/hadoop-ozone/integration-test/target/log,AVAILABLE}
2019-10-17 05:56:49,561 [main] INFO  handler.ContextHandler (ContextHandler.java:doStart(781)) - Started o.e.j.s.ServletContextHandler@32e54a9d{/static,jar:file:/home/user/.m2/repository/org/apache/hadoop/hadoop-hdds-container-service/0.5.0-SNAPSHOT/hadoop-hdds-container-service-0.5.0-SNAPSHOT.jar!/webapps/static,AVAILABLE}
2019-10-17 05:56:49,607 [main] INFO  handler.ContextHandler (ContextHandler.java:doStart(781)) - Started o.e.j.w.WebAppContext@588f63c{/,file:///tmp/jetty-0.0.0.0-36593-hddsDatanode-_-any-8274724213372877986.dir/webapp/,AVAILABLE}{/hddsDatanode}
2019-10-17 05:56:49,609 [main] INFO  server.AbstractConnector (AbstractConnector.java:doStart(278)) - Started ServerConnector@5a6fa56e{HTTP/1.1,[http/1.1]}{0.0.0.0:36593}
2019-10-17 05:56:49,609 [main] INFO  server.Server (Server.java:doStart(419)) - Started @5874ms
2019-10-17 05:56:49,611 [main] WARN  impl.MetricsSystemImpl (MetricsSystemImpl.java:register(276)) - Sink prometheus already exists!
2019-10-17 05:56:49,613 [main] INFO  server.BaseHttpServer (BaseHttpServer.java:updateConnectorAddress(215)) - HTTP server of HDDSDATANODE is listening at http://0.0.0.0:36593
2019-10-17 05:56:49,613 [main] INFO  impl.MetricsSystemImpl (MetricsSystemImpl.java:init(158)) - HddsDatanode metrics system started (again)
2019-10-17 05:56:49,617 [main] INFO  ozone.HddsDatanodeService (HddsDatanodeService.java:start(184)) - HddsDatanodeService host:pr-hdds-2286-c5gnx-3944588690 ip:192.168.69.82
2019-10-17 05:56:49,618 [org.apache.hadoop.util.JvmPauseMonitor$Monitor@1254c6f7] INFO  util.JvmPauseMonitor (JvmPauseMonitor.java:run(188)) - Starting JVM pause monitor
2019-10-17 05:56:49,622 [Datanode State Machine Thread - 0] INFO  datanode.InitDatanodeState (InitDatanodeState.java:persistContainerDatanodeDetails(140)) - DatanodeDetails is persisted to /workdir/hadoop-ozone/integration-test/target/test-dir/MiniOzoneClusterImpl-292a2ff3-4780-4182-bb48-82c20e0e309d/datanode-4/meta/datanode.id
2019-10-17 05:56:49,627 [main] INFO  volume.HddsVolume (HddsVolume.java:<init>(176)) - Creating Volume: /workdir/hadoop-ozone/integration-test/target/test-dir/MiniOzoneClusterImpl-292a2ff3-4780-4182-bb48-82c20e0e309d/datanode-5/data/containers/hdds of  storage type : DISK and capacity : 1482555576320
2019-10-17 05:56:49,627 [main] INFO  volume.VolumeSet (VolumeSet.java:initializeVolumeSet(170)) - Added Volume : /workdir/hadoop-ozone/integration-test/target/test-dir/MiniOzoneClusterImpl-292a2ff3-4780-4182-bb48-82c20e0e309d/datanode-5/data/containers/hdds to VolumeSet
2019-10-17 05:56:49,628 [main] INFO  volume.ThrottledAsyncChecker (ThrottledAsyncChecker.java:schedule(141)) - Scheduling a check for /workdir/hadoop-ozone/integration-test/target/test-dir/MiniOzoneClusterImpl-292a2ff3-4780-4182-bb48-82c20e0e309d/datanode-5/data/containers/hdds
2019-10-17 05:56:49,628 [main] INFO  volume.HddsVolumeChecker (HddsVolumeChecker.java:checkAllVolumes(204)) - Scheduled health check for volume /workdir/hadoop-ozone/integration-test/target/test-dir/MiniOzoneClusterImpl-292a2ff3-4780-4182-bb48-82c20e0e309d/datanode-5/data/containers/hdds
2019-10-17 05:56:49,649 [main] INFO  impl.RaftServerProxy (ConfUtils.java:logGet(43)) - raft.rpc.type = GRPC (default)
2019-10-17 05:56:49,649 [main] INFO  grpc.GrpcFactory (GrpcFactory.java:checkPooledByteBufAllocatorUseCacheForAllThreads(45)) - PERFORMANCE WARNING: useCacheForAllThreads is true that may cause Netty to create a lot garbage objects and, as a result, trigger GC.
	It is recommended to disable useCacheForAllThreads by setting -Dorg.apache.ratis.thirdparty.io.netty.allocator.useCacheForAllThreads=false in command line.
2019-10-17 05:56:49,649 [main] INFO  grpc.GrpcConfigKeys$Server (ConfUtils.java:logGet(43)) - raft.grpc.server.port = 0 (default)
2019-10-17 05:56:49,649 [main] INFO  server.GrpcService (ConfUtils.java:logGet(43)) - raft.grpc.message.size.max = 33570816 (custom)
2019-10-17 05:56:49,650 [main] INFO  server.RaftServerConfigKeys (ConfUtils.java:logGet(43)) - raft.server.log.appender.buffer.byte-limit = 33554432 (custom)
2019-10-17 05:56:49,650 [main] INFO  server.GrpcService (ConfUtils.java:logGet(43)) - raft.grpc.flow.control.window = 1MB (=1048576) (default)
2019-10-17 05:56:49,650 [main] INFO  server.RaftServerConfigKeys (ConfUtils.java:logGet(43)) - raft.server.rpc.request.timeout = 3000ms (default)
2019-10-17 05:56:49,651 [main] INFO  server.RaftServerConfigKeys (ConfUtils.java:logGet(43)) - raft.server.storage.dir = [/workdir/hadoop-ozone/integration-test/target/test-dir/MiniOzoneClusterImpl-292a2ff3-4780-4182-bb48-82c20e0e309d/datanode-5/data/ratis] (custom)
2019-10-17 05:56:49,653 [main] INFO  hdfs.DFSUtil (DFSUtil.java:httpServerTemplateForNNAndJN(1641)) - Starting Web-server for hddsDatanode at: http://0.0.0.0:0
2019-10-17 05:56:49,655 [main] INFO  server.AuthenticationFilter (AuthenticationFilter.java:constructSecretProvider(240)) - Unable to initialize FileSignerSecretProvider, falling back to use random secrets.
2019-10-17 05:56:49,656 [main] WARN  http.HttpRequestLog (HttpRequestLog.java:getRequestLog(97)) - Jetty request log can only be enabled using Log4j
2019-10-17 05:56:49,657 [main] INFO  http.HttpServer2 (HttpServer2.java:addGlobalFilter(975)) - Added global filter 'safety' (class=org.apache.hadoop.http.HttpServer2$QuotingInputFilter)
2019-10-17 05:56:49,658 [main] INFO  http.HttpServer2 (HttpServer2.java:addFilter(948)) - Added filter static_user_filter (class=org.apache.hadoop.http.lib.StaticUserWebFilter$StaticUserFilter) to context hddsDatanode
2019-10-17 05:56:49,659 [main] INFO  http.HttpServer2 (HttpServer2.java:addFilter(958)) - Added filter static_user_filter (class=org.apache.hadoop.http.lib.StaticUserWebFilter$StaticUserFilter) to context logs
2019-10-17 05:56:49,659 [main] INFO  http.HttpServer2 (HttpServer2.java:addFilter(958)) - Added filter static_user_filter (class=org.apache.hadoop.http.lib.StaticUserWebFilter$StaticUserFilter) to context static
2019-10-17 05:56:49,660 [main] INFO  http.HttpServer2 (HttpServer2.java:bindListener(1191)) - Jetty bound to port 38687
2019-10-17 05:56:49,660 [main] INFO  server.Server (Server.java:doStart(351)) - jetty-9.3.25.v20180904, build timestamp: 2018-09-04T21:11:46Z, git hash: 3ce520221d0240229c862b122d2b06c12a625732
2019-10-17 05:56:49,662 [main] INFO  handler.ContextHandler (ContextHandler.java:doStart(781)) - Started o.e.j.s.ServletContextHandler@1305c126{/logs,file:///workdir/hadoop-ozone/integration-test/target/log,AVAILABLE}
2019-10-17 05:56:49,663 [main] INFO  handler.ContextHandler (ContextHandler.java:doStart(781)) - Started o.e.j.s.ServletContextHandler@4c1bdcc2{/static,jar:file:/home/user/.m2/repository/org/apache/hadoop/hadoop-hdds-container-service/0.5.0-SNAPSHOT/hadoop-hdds-container-service-0.5.0-SNAPSHOT.jar!/webapps/static,AVAILABLE}
2019-10-17 05:56:49,699 [main] INFO  handler.ContextHandler (ContextHandler.java:doStart(781)) - Started o.e.j.w.WebAppContext@715b886f{/,file:///tmp/jetty-0.0.0.0-38687-hddsDatanode-_-any-3480249998864242924.dir/webapp/,AVAILABLE}{/hddsDatanode}
2019-10-17 05:56:49,700 [main] INFO  server.AbstractConnector (AbstractConnector.java:doStart(278)) - Started ServerConnector@7fb29ca9{HTTP/1.1,[http/1.1]}{0.0.0.0:38687}
2019-10-17 05:56:49,700 [main] INFO  server.Server (Server.java:doStart(419)) - Started @5965ms
2019-10-17 05:56:49,701 [main] WARN  impl.MetricsSystemImpl (MetricsSystemImpl.java:register(276)) - Sink prometheus already exists!
2019-10-17 05:56:49,702 [main] INFO  server.BaseHttpServer (BaseHttpServer.java:updateConnectorAddress(215)) - HTTP server of HDDSDATANODE is listening at http://0.0.0.0:38687
2019-10-17 05:56:49,702 [main] INFO  impl.MetricsSystemImpl (MetricsSystemImpl.java:init(158)) - HddsDatanode metrics system started (again)
2019-10-17 05:56:49,707 [org.apache.hadoop.util.JvmPauseMonitor$Monitor@4ef5f3ad] INFO  util.JvmPauseMonitor (JvmPauseMonitor.java:run(188)) - Starting JVM pause monitor
2019-10-17 05:56:49,708 [main] INFO  ozone.HddsDatanodeService (HddsDatanodeService.java:start(184)) - HddsDatanodeService host:pr-hdds-2286-c5gnx-3944588690 ip:192.168.69.82
2019-10-17 05:56:49,711 [Datanode State Machine Thread - 0] INFO  datanode.InitDatanodeState (InitDatanodeState.java:persistContainerDatanodeDetails(140)) - DatanodeDetails is persisted to /workdir/hadoop-ozone/integration-test/target/test-dir/MiniOzoneClusterImpl-292a2ff3-4780-4182-bb48-82c20e0e309d/datanode-5/meta/datanode.id
2019-10-17 05:56:49,719 [main] INFO  volume.HddsVolume (HddsVolume.java:<init>(176)) - Creating Volume: /workdir/hadoop-ozone/integration-test/target/test-dir/MiniOzoneClusterImpl-292a2ff3-4780-4182-bb48-82c20e0e309d/datanode-6/data/containers/hdds of  storage type : DISK and capacity : 1482555576320
2019-10-17 05:56:49,719 [main] INFO  volume.VolumeSet (VolumeSet.java:initializeVolumeSet(170)) - Added Volume : /workdir/hadoop-ozone/integration-test/target/test-dir/MiniOzoneClusterImpl-292a2ff3-4780-4182-bb48-82c20e0e309d/datanode-6/data/containers/hdds to VolumeSet
2019-10-17 05:56:49,720 [main] INFO  volume.ThrottledAsyncChecker (ThrottledAsyncChecker.java:schedule(141)) - Scheduling a check for /workdir/hadoop-ozone/integration-test/target/test-dir/MiniOzoneClusterImpl-292a2ff3-4780-4182-bb48-82c20e0e309d/datanode-6/data/containers/hdds
2019-10-17 05:56:49,721 [main] INFO  volume.HddsVolumeChecker (HddsVolumeChecker.java:checkAllVolumes(204)) - Scheduled health check for volume /workdir/hadoop-ozone/integration-test/target/test-dir/MiniOzoneClusterImpl-292a2ff3-4780-4182-bb48-82c20e0e309d/datanode-6/data/containers/hdds
2019-10-17 05:56:49,743 [main] INFO  impl.RaftServerProxy (ConfUtils.java:logGet(43)) - raft.rpc.type = GRPC (default)
2019-10-17 05:56:49,743 [main] INFO  grpc.GrpcFactory (GrpcFactory.java:checkPooledByteBufAllocatorUseCacheForAllThreads(45)) - PERFORMANCE WARNING: useCacheForAllThreads is true that may cause Netty to create a lot garbage objects and, as a result, trigger GC.
	It is recommended to disable useCacheForAllThreads by setting -Dorg.apache.ratis.thirdparty.io.netty.allocator.useCacheForAllThreads=false in command line.
2019-10-17 05:56:49,743 [main] INFO  grpc.GrpcConfigKeys$Server (ConfUtils.java:logGet(43)) - raft.grpc.server.port = 0 (default)
2019-10-17 05:56:49,744 [main] INFO  server.GrpcService (ConfUtils.java:logGet(43)) - raft.grpc.message.size.max = 33570816 (custom)
2019-10-17 05:56:49,744 [main] INFO  server.RaftServerConfigKeys (ConfUtils.java:logGet(43)) - raft.server.log.appender.buffer.byte-limit = 33554432 (custom)
2019-10-17 05:56:49,744 [main] INFO  server.GrpcService (ConfUtils.java:logGet(43)) - raft.grpc.flow.control.window = 1MB (=1048576) (default)
2019-10-17 05:56:49,745 [main] INFO  server.RaftServerConfigKeys (ConfUtils.java:logGet(43)) - raft.server.rpc.request.timeout = 3000ms (default)
2019-10-17 05:56:49,745 [main] INFO  server.RaftServerConfigKeys (ConfUtils.java:logGet(43)) - raft.server.storage.dir = [/workdir/hadoop-ozone/integration-test/target/test-dir/MiniOzoneClusterImpl-292a2ff3-4780-4182-bb48-82c20e0e309d/datanode-6/data/ratis] (custom)
2019-10-17 05:56:49,748 [main] INFO  hdfs.DFSUtil (DFSUtil.java:httpServerTemplateForNNAndJN(1641)) - Starting Web-server for hddsDatanode at: http://0.0.0.0:0
2019-10-17 05:56:49,750 [main] INFO  server.AuthenticationFilter (AuthenticationFilter.java:constructSecretProvider(240)) - Unable to initialize FileSignerSecretProvider, falling back to use random secrets.
2019-10-17 05:56:49,751 [main] WARN  http.HttpRequestLog (HttpRequestLog.java:getRequestLog(97)) - Jetty request log can only be enabled using Log4j
2019-10-17 05:56:49,753 [main] INFO  http.HttpServer2 (HttpServer2.java:addGlobalFilter(975)) - Added global filter 'safety' (class=org.apache.hadoop.http.HttpServer2$QuotingInputFilter)
2019-10-17 05:56:49,755 [main] INFO  http.HttpServer2 (HttpServer2.java:addFilter(948)) - Added filter static_user_filter (class=org.apache.hadoop.http.lib.StaticUserWebFilter$StaticUserFilter) to context hddsDatanode
2019-10-17 05:56:49,755 [main] INFO  http.HttpServer2 (HttpServer2.java:addFilter(958)) - Added filter static_user_filter (class=org.apache.hadoop.http.lib.StaticUserWebFilter$StaticUserFilter) to context static
2019-10-17 05:56:49,755 [main] INFO  http.HttpServer2 (HttpServer2.java:addFilter(958)) - Added filter static_user_filter (class=org.apache.hadoop.http.lib.StaticUserWebFilter$StaticUserFilter) to context logs
2019-10-17 05:56:49,757 [main] INFO  http.HttpServer2 (HttpServer2.java:bindListener(1191)) - Jetty bound to port 40303
2019-10-17 05:56:49,757 [main] INFO  server.Server (Server.java:doStart(351)) - jetty-9.3.25.v20180904, build timestamp: 2018-09-04T21:11:46Z, git hash: 3ce520221d0240229c862b122d2b06c12a625732
2019-10-17 05:56:49,760 [main] INFO  handler.ContextHandler (ContextHandler.java:doStart(781)) - Started o.e.j.s.ServletContextHandler@17fa1336{/logs,file:///workdir/hadoop-ozone/integration-test/target/log,AVAILABLE}
2019-10-17 05:56:49,761 [main] INFO  handler.ContextHandler (ContextHandler.java:doStart(781)) - Started o.e.j.s.ServletContextHandler@68b9834c{/static,jar:file:/home/user/.m2/repository/org/apache/hadoop/hadoop-hdds-container-service/0.5.0-SNAPSHOT/hadoop-hdds-container-service-0.5.0-SNAPSHOT.jar!/webapps/static,AVAILABLE}
2019-10-17 05:56:49,808 [main] INFO  handler.ContextHandler (ContextHandler.java:doStart(781)) - Started o.e.j.w.WebAppContext@2630dbc4{/,file:///tmp/jetty-0.0.0.0-40303-hddsDatanode-_-any-9053487855723502672.dir/webapp/,AVAILABLE}{/hddsDatanode}
2019-10-17 05:56:49,809 [main] INFO  server.AbstractConnector (AbstractConnector.java:doStart(278)) - Started ServerConnector@5ea4300e{HTTP/1.1,[http/1.1]}{0.0.0.0:40303}
2019-10-17 05:56:49,809 [main] INFO  server.Server (Server.java:doStart(419)) - Started @6074ms
2019-10-17 05:56:49,809 [main] WARN  impl.MetricsSystemImpl (MetricsSystemImpl.java:register(276)) - Sink prometheus already exists!
2019-10-17 05:56:49,811 [main] INFO  server.BaseHttpServer (BaseHttpServer.java:updateConnectorAddress(215)) - HTTP server of HDDSDATANODE is listening at http://0.0.0.0:40303
2019-10-17 05:56:49,811 [main] INFO  impl.MetricsSystemImpl (MetricsSystemImpl.java:init(158)) - HddsDatanode metrics system started (again)
2019-10-17 05:56:49,817 [org.apache.hadoop.util.JvmPauseMonitor$Monitor@79624140] INFO  util.JvmPauseMonitor (JvmPauseMonitor.java:run(188)) - Starting JVM pause monitor
2019-10-17 05:56:49,817 [main] INFO  ozone.HddsDatanodeService (HddsDatanodeService.java:start(184)) - HddsDatanodeService host:pr-hdds-2286-c5gnx-3944588690 ip:192.168.69.82
2019-10-17 05:56:49,820 [Datanode State Machine Thread - 0] INFO  datanode.InitDatanodeState (InitDatanodeState.java:persistContainerDatanodeDetails(140)) - DatanodeDetails is persisted to /workdir/hadoop-ozone/integration-test/target/test-dir/MiniOzoneClusterImpl-292a2ff3-4780-4182-bb48-82c20e0e309d/datanode-6/meta/datanode.id
2019-10-17 05:56:49,827 [main] INFO  volume.HddsVolume (HddsVolume.java:<init>(176)) - Creating Volume: /workdir/hadoop-ozone/integration-test/target/test-dir/MiniOzoneClusterImpl-292a2ff3-4780-4182-bb48-82c20e0e309d/datanode-7/data/containers/hdds of  storage type : DISK and capacity : 1482555576320
2019-10-17 05:56:49,827 [main] INFO  volume.VolumeSet (VolumeSet.java:initializeVolumeSet(170)) - Added Volume : /workdir/hadoop-ozone/integration-test/target/test-dir/MiniOzoneClusterImpl-292a2ff3-4780-4182-bb48-82c20e0e309d/datanode-7/data/containers/hdds to VolumeSet
2019-10-17 05:56:49,828 [main] INFO  volume.ThrottledAsyncChecker (ThrottledAsyncChecker.java:schedule(141)) - Scheduling a check for /workdir/hadoop-ozone/integration-test/target/test-dir/MiniOzoneClusterImpl-292a2ff3-4780-4182-bb48-82c20e0e309d/datanode-7/data/containers/hdds
2019-10-17 05:56:49,828 [main] INFO  volume.HddsVolumeChecker (HddsVolumeChecker.java:checkAllVolumes(204)) - Scheduled health check for volume /workdir/hadoop-ozone/integration-test/target/test-dir/MiniOzoneClusterImpl-292a2ff3-4780-4182-bb48-82c20e0e309d/datanode-7/data/containers/hdds
2019-10-17 05:56:49,846 [main] INFO  impl.RaftServerProxy (ConfUtils.java:logGet(43)) - raft.rpc.type = GRPC (default)
2019-10-17 05:56:49,846 [main] INFO  grpc.GrpcFactory (GrpcFactory.java:checkPooledByteBufAllocatorUseCacheForAllThreads(45)) - PERFORMANCE WARNING: useCacheForAllThreads is true that may cause Netty to create a lot garbage objects and, as a result, trigger GC.
	It is recommended to disable useCacheForAllThreads by setting -Dorg.apache.ratis.thirdparty.io.netty.allocator.useCacheForAllThreads=false in command line.
2019-10-17 05:56:49,847 [main] INFO  grpc.GrpcConfigKeys$Server (ConfUtils.java:logGet(43)) - raft.grpc.server.port = 0 (default)
2019-10-17 05:56:49,847 [main] INFO  server.GrpcService (ConfUtils.java:logGet(43)) - raft.grpc.message.size.max = 33570816 (custom)
2019-10-17 05:56:49,847 [main] INFO  server.RaftServerConfigKeys (ConfUtils.java:logGet(43)) - raft.server.log.appender.buffer.byte-limit = 33554432 (custom)
2019-10-17 05:56:49,847 [main] INFO  server.GrpcService (ConfUtils.java:logGet(43)) - raft.grpc.flow.control.window = 1MB (=1048576) (default)
2019-10-17 05:56:49,848 [main] INFO  server.RaftServerConfigKeys (ConfUtils.java:logGet(43)) - raft.server.rpc.request.timeout = 3000ms (default)
2019-10-17 05:56:49,848 [main] INFO  server.RaftServerConfigKeys (ConfUtils.java:logGet(43)) - raft.server.storage.dir = [/workdir/hadoop-ozone/integration-test/target/test-dir/MiniOzoneClusterImpl-292a2ff3-4780-4182-bb48-82c20e0e309d/datanode-7/data/ratis] (custom)
2019-10-17 05:56:49,850 [main] INFO  hdfs.DFSUtil (DFSUtil.java:httpServerTemplateForNNAndJN(1641)) - Starting Web-server for hddsDatanode at: http://0.0.0.0:0
2019-10-17 05:56:49,852 [main] INFO  server.AuthenticationFilter (AuthenticationFilter.java:constructSecretProvider(240)) - Unable to initialize FileSignerSecretProvider, falling back to use random secrets.
2019-10-17 05:56:49,852 [main] WARN  http.HttpRequestLog (HttpRequestLog.java:getRequestLog(97)) - Jetty request log can only be enabled using Log4j
2019-10-17 05:56:49,854 [main] INFO  http.HttpServer2 (HttpServer2.java:addGlobalFilter(975)) - Added global filter 'safety' (class=org.apache.hadoop.http.HttpServer2$QuotingInputFilter)
2019-10-17 05:56:49,855 [main] INFO  http.HttpServer2 (HttpServer2.java:addFilter(948)) - Added filter static_user_filter (class=org.apache.hadoop.http.lib.StaticUserWebFilter$StaticUserFilter) to context hddsDatanode
2019-10-17 05:56:49,855 [main] INFO  http.HttpServer2 (HttpServer2.java:addFilter(958)) - Added filter static_user_filter (class=org.apache.hadoop.http.lib.StaticUserWebFilter$StaticUserFilter) to context logs
2019-10-17 05:56:49,855 [main] INFO  http.HttpServer2 (HttpServer2.java:addFilter(958)) - Added filter static_user_filter (class=org.apache.hadoop.http.lib.StaticUserWebFilter$StaticUserFilter) to context static
2019-10-17 05:56:49,856 [main] INFO  http.HttpServer2 (HttpServer2.java:bindListener(1191)) - Jetty bound to port 43201
2019-10-17 05:56:49,856 [main] INFO  server.Server (Server.java:doStart(351)) - jetty-9.3.25.v20180904, build timestamp: 2018-09-04T21:11:46Z, git hash: 3ce520221d0240229c862b122d2b06c12a625732
2019-10-17 05:56:49,859 [main] INFO  handler.ContextHandler (ContextHandler.java:doStart(781)) - Started o.e.j.s.ServletContextHandler@12eedfee{/logs,file:///workdir/hadoop-ozone/integration-test/target/log,AVAILABLE}
2019-10-17 05:56:49,859 [main] INFO  handler.ContextHandler (ContextHandler.java:doStart(781)) - Started o.e.j.s.ServletContextHandler@1352434e{/static,jar:file:/home/user/.m2/repository/org/apache/hadoop/hadoop-hdds-container-service/0.5.0-SNAPSHOT/hadoop-hdds-container-service-0.5.0-SNAPSHOT.jar!/webapps/static,AVAILABLE}
2019-10-17 05:56:49,892 [main] INFO  handler.ContextHandler (ContextHandler.java:doStart(781)) - Started o.e.j.w.WebAppContext@10f7918f{/,file:///tmp/jetty-0.0.0.0-43201-hddsDatanode-_-any-1180468505967096025.dir/webapp/,AVAILABLE}{/hddsDatanode}
2019-10-17 05:56:49,893 [main] INFO  server.AbstractConnector (AbstractConnector.java:doStart(278)) - Started ServerConnector@64d4f7c7{HTTP/1.1,[http/1.1]}{0.0.0.0:43201}
2019-10-17 05:56:49,893 [main] INFO  server.Server (Server.java:doStart(419)) - Started @6158ms
2019-10-17 05:56:49,894 [main] WARN  impl.MetricsSystemImpl (MetricsSystemImpl.java:register(276)) - Sink prometheus already exists!
2019-10-17 05:56:49,895 [main] INFO  server.BaseHttpServer (BaseHttpServer.java:updateConnectorAddress(215)) - HTTP server of HDDSDATANODE is listening at http://0.0.0.0:43201
2019-10-17 05:56:49,895 [main] INFO  impl.MetricsSystemImpl (MetricsSystemImpl.java:init(158)) - HddsDatanode metrics system started (again)
2019-10-17 05:56:49,901 [org.apache.hadoop.util.JvmPauseMonitor$Monitor@6506169c] INFO  util.JvmPauseMonitor (JvmPauseMonitor.java:run(188)) - Starting JVM pause monitor
2019-10-17 05:56:49,903 [main] INFO  ozone.HddsDatanodeService (HddsDatanodeService.java:start(184)) - HddsDatanodeService host:pr-hdds-2286-c5gnx-3944588690 ip:192.168.69.82
2019-10-17 05:56:49,905 [Datanode State Machine Thread - 0] INFO  datanode.InitDatanodeState (InitDatanodeState.java:persistContainerDatanodeDetails(140)) - DatanodeDetails is persisted to /workdir/hadoop-ozone/integration-test/target/test-dir/MiniOzoneClusterImpl-292a2ff3-4780-4182-bb48-82c20e0e309d/datanode-7/meta/datanode.id
2019-10-17 05:56:49,914 [main] INFO  volume.HddsVolume (HddsVolume.java:<init>(176)) - Creating Volume: /workdir/hadoop-ozone/integration-test/target/test-dir/MiniOzoneClusterImpl-292a2ff3-4780-4182-bb48-82c20e0e309d/datanode-8/data/containers/hdds of  storage type : DISK and capacity : 1482555576320
2019-10-17 05:56:49,914 [main] INFO  volume.VolumeSet (VolumeSet.java:initializeVolumeSet(170)) - Added Volume : /workdir/hadoop-ozone/integration-test/target/test-dir/MiniOzoneClusterImpl-292a2ff3-4780-4182-bb48-82c20e0e309d/datanode-8/data/containers/hdds to VolumeSet
2019-10-17 05:56:49,914 [main] INFO  volume.ThrottledAsyncChecker (ThrottledAsyncChecker.java:schedule(141)) - Scheduling a check for /workdir/hadoop-ozone/integration-test/target/test-dir/MiniOzoneClusterImpl-292a2ff3-4780-4182-bb48-82c20e0e309d/datanode-8/data/containers/hdds
2019-10-17 05:56:49,915 [main] INFO  volume.HddsVolumeChecker (HddsVolumeChecker.java:checkAllVolumes(204)) - Scheduled health check for volume /workdir/hadoop-ozone/integration-test/target/test-dir/MiniOzoneClusterImpl-292a2ff3-4780-4182-bb48-82c20e0e309d/datanode-8/data/containers/hdds
2019-10-17 05:56:49,941 [main] INFO  impl.RaftServerProxy (ConfUtils.java:logGet(43)) - raft.rpc.type = GRPC (default)
2019-10-17 05:56:49,942 [main] INFO  grpc.GrpcFactory (GrpcFactory.java:checkPooledByteBufAllocatorUseCacheForAllThreads(45)) - PERFORMANCE WARNING: useCacheForAllThreads is true that may cause Netty to create a lot garbage objects and, as a result, trigger GC.
	It is recommended to disable useCacheForAllThreads by setting -Dorg.apache.ratis.thirdparty.io.netty.allocator.useCacheForAllThreads=false in command line.
2019-10-17 05:56:49,942 [main] INFO  grpc.GrpcConfigKeys$Server (ConfUtils.java:logGet(43)) - raft.grpc.server.port = 0 (default)
2019-10-17 05:56:49,942 [main] INFO  server.GrpcService (ConfUtils.java:logGet(43)) - raft.grpc.message.size.max = 33570816 (custom)
2019-10-17 05:56:49,943 [main] INFO  server.RaftServerConfigKeys (ConfUtils.java:logGet(43)) - raft.server.log.appender.buffer.byte-limit = 33554432 (custom)
2019-10-17 05:56:49,943 [main] INFO  server.GrpcService (ConfUtils.java:logGet(43)) - raft.grpc.flow.control.window = 1MB (=1048576) (default)
2019-10-17 05:56:49,943 [main] INFO  server.RaftServerConfigKeys (ConfUtils.java:logGet(43)) - raft.server.rpc.request.timeout = 3000ms (default)
2019-10-17 05:56:49,944 [main] INFO  server.RaftServerConfigKeys (ConfUtils.java:logGet(43)) - raft.server.storage.dir = [/workdir/hadoop-ozone/integration-test/target/test-dir/MiniOzoneClusterImpl-292a2ff3-4780-4182-bb48-82c20e0e309d/datanode-8/data/ratis] (custom)
2019-10-17 05:56:49,947 [main] INFO  hdfs.DFSUtil (DFSUtil.java:httpServerTemplateForNNAndJN(1641)) - Starting Web-server for hddsDatanode at: http://0.0.0.0:0
2019-10-17 05:56:49,949 [main] INFO  server.AuthenticationFilter (AuthenticationFilter.java:constructSecretProvider(240)) - Unable to initialize FileSignerSecretProvider, falling back to use random secrets.
2019-10-17 05:56:49,950 [main] WARN  http.HttpRequestLog (HttpRequestLog.java:getRequestLog(97)) - Jetty request log can only be enabled using Log4j
2019-10-17 05:56:49,953 [main] INFO  http.HttpServer2 (HttpServer2.java:addGlobalFilter(975)) - Added global filter 'safety' (class=org.apache.hadoop.http.HttpServer2$QuotingInputFilter)
2019-10-17 05:56:49,954 [main] INFO  http.HttpServer2 (HttpServer2.java:addFilter(948)) - Added filter static_user_filter (class=org.apache.hadoop.http.lib.StaticUserWebFilter$StaticUserFilter) to context hddsDatanode
2019-10-17 05:56:49,954 [main] INFO  http.HttpServer2 (HttpServer2.java:addFilter(958)) - Added filter static_user_filter (class=org.apache.hadoop.http.lib.StaticUserWebFilter$StaticUserFilter) to context static
2019-10-17 05:56:49,954 [main] INFO  http.HttpServer2 (HttpServer2.java:addFilter(958)) - Added filter static_user_filter (class=org.apache.hadoop.http.lib.StaticUserWebFilter$StaticUserFilter) to context logs
2019-10-17 05:56:49,955 [main] INFO  http.HttpServer2 (HttpServer2.java:bindListener(1191)) - Jetty bound to port 35065
2019-10-17 05:56:49,956 [main] INFO  server.Server (Server.java:doStart(351)) - jetty-9.3.25.v20180904, build timestamp: 2018-09-04T21:11:46Z, git hash: 3ce520221d0240229c862b122d2b06c12a625732
2019-10-17 05:56:49,958 [main] INFO  handler.ContextHandler (ContextHandler.java:doStart(781)) - Started o.e.j.s.ServletContextHandler@79a04e5f{/logs,file:///workdir/hadoop-ozone/integration-test/target/log,AVAILABLE}
2019-10-17 05:56:49,959 [main] INFO  handler.ContextHandler (ContextHandler.java:doStart(781)) - Started o.e.j.s.ServletContextHandler@53311681{/static,jar:file:/home/user/.m2/repository/org/apache/hadoop/hadoop-hdds-container-service/0.5.0-SNAPSHOT/hadoop-hdds-container-service-0.5.0-SNAPSHOT.jar!/webapps/static,AVAILABLE}
2019-10-17 05:56:50,004 [main] INFO  handler.ContextHandler (ContextHandler.java:doStart(781)) - Started o.e.j.w.WebAppContext@59696551{/,file:///tmp/jetty-0.0.0.0-35065-hddsDatanode-_-any-3925758495587933093.dir/webapp/,AVAILABLE}{/hddsDatanode}
2019-10-17 05:56:50,005 [main] INFO  server.AbstractConnector (AbstractConnector.java:doStart(278)) - Started ServerConnector@648d0e6d{HTTP/1.1,[http/1.1]}{0.0.0.0:35065}
2019-10-17 05:56:50,006 [main] INFO  server.Server (Server.java:doStart(419)) - Started @6271ms
2019-10-17 05:56:50,006 [main] WARN  impl.MetricsSystemImpl (MetricsSystemImpl.java:register(276)) - Sink prometheus already exists!
2019-10-17 05:56:50,008 [main] INFO  server.BaseHttpServer (BaseHttpServer.java:updateConnectorAddress(215)) - HTTP server of HDDSDATANODE is listening at http://0.0.0.0:35065
2019-10-17 05:56:50,008 [main] INFO  impl.MetricsSystemImpl (MetricsSystemImpl.java:init(158)) - HddsDatanode metrics system started (again)
2019-10-17 05:56:50,015 [org.apache.hadoop.util.JvmPauseMonitor$Monitor@233453ad] INFO  util.JvmPauseMonitor (JvmPauseMonitor.java:run(188)) - Starting JVM pause monitor
2019-10-17 05:56:50,017 [main] INFO  ozone.HddsDatanodeService (HddsDatanodeService.java:start(184)) - HddsDatanodeService host:pr-hdds-2286-c5gnx-3944588690 ip:192.168.69.82
2019-10-17 05:56:50,019 [Datanode State Machine Thread - 0] INFO  datanode.InitDatanodeState (InitDatanodeState.java:persistContainerDatanodeDetails(140)) - DatanodeDetails is persisted to /workdir/hadoop-ozone/integration-test/target/test-dir/MiniOzoneClusterImpl-292a2ff3-4780-4182-bb48-82c20e0e309d/datanode-8/meta/datanode.id
2019-10-17 05:56:50,027 [main] INFO  volume.HddsVolume (HddsVolume.java:<init>(176)) - Creating Volume: /workdir/hadoop-ozone/integration-test/target/test-dir/MiniOzoneClusterImpl-292a2ff3-4780-4182-bb48-82c20e0e309d/datanode-9/data/containers/hdds of  storage type : DISK and capacity : 1482555576320
2019-10-17 05:56:50,028 [main] INFO  volume.VolumeSet (VolumeSet.java:initializeVolumeSet(170)) - Added Volume : /workdir/hadoop-ozone/integration-test/target/test-dir/MiniOzoneClusterImpl-292a2ff3-4780-4182-bb48-82c20e0e309d/datanode-9/data/containers/hdds to VolumeSet
2019-10-17 05:56:50,028 [main] INFO  volume.ThrottledAsyncChecker (ThrottledAsyncChecker.java:schedule(141)) - Scheduling a check for /workdir/hadoop-ozone/integration-test/target/test-dir/MiniOzoneClusterImpl-292a2ff3-4780-4182-bb48-82c20e0e309d/datanode-9/data/containers/hdds
2019-10-17 05:56:50,029 [main] INFO  volume.HddsVolumeChecker (HddsVolumeChecker.java:checkAllVolumes(204)) - Scheduled health check for volume /workdir/hadoop-ozone/integration-test/target/test-dir/MiniOzoneClusterImpl-292a2ff3-4780-4182-bb48-82c20e0e309d/datanode-9/data/containers/hdds
2019-10-17 05:56:50,051 [main] INFO  impl.RaftServerProxy (ConfUtils.java:logGet(43)) - raft.rpc.type = GRPC (default)
2019-10-17 05:56:50,051 [main] INFO  grpc.GrpcFactory (GrpcFactory.java:checkPooledByteBufAllocatorUseCacheForAllThreads(45)) - PERFORMANCE WARNING: useCacheForAllThreads is true that may cause Netty to create a lot garbage objects and, as a result, trigger GC.
	It is recommended to disable useCacheForAllThreads by setting -Dorg.apache.ratis.thirdparty.io.netty.allocator.useCacheForAllThreads=false in command line.
2019-10-17 05:56:50,052 [main] INFO  grpc.GrpcConfigKeys$Server (ConfUtils.java:logGet(43)) - raft.grpc.server.port = 0 (default)
2019-10-17 05:56:50,052 [main] INFO  server.GrpcService (ConfUtils.java:logGet(43)) - raft.grpc.message.size.max = 33570816 (custom)
2019-10-17 05:56:50,052 [main] INFO  server.RaftServerConfigKeys (ConfUtils.java:logGet(43)) - raft.server.log.appender.buffer.byte-limit = 33554432 (custom)
2019-10-17 05:56:50,053 [main] INFO  server.GrpcService (ConfUtils.java:logGet(43)) - raft.grpc.flow.control.window = 1MB (=1048576) (default)
2019-10-17 05:56:50,053 [main] INFO  server.RaftServerConfigKeys (ConfUtils.java:logGet(43)) - raft.server.rpc.request.timeout = 3000ms (default)
2019-10-17 05:56:50,054 [main] INFO  server.RaftServerConfigKeys (ConfUtils.java:logGet(43)) - raft.server.storage.dir = [/workdir/hadoop-ozone/integration-test/target/test-dir/MiniOzoneClusterImpl-292a2ff3-4780-4182-bb48-82c20e0e309d/datanode-9/data/ratis] (custom)
2019-10-17 05:56:50,056 [main] INFO  hdfs.DFSUtil (DFSUtil.java:httpServerTemplateForNNAndJN(1641)) - Starting Web-server for hddsDatanode at: http://0.0.0.0:0
2019-10-17 05:56:50,058 [main] INFO  server.AuthenticationFilter (AuthenticationFilter.java:constructSecretProvider(240)) - Unable to initialize FileSignerSecretProvider, falling back to use random secrets.
2019-10-17 05:56:50,058 [main] WARN  http.HttpRequestLog (HttpRequestLog.java:getRequestLog(97)) - Jetty request log can only be enabled using Log4j
2019-10-17 05:56:50,060 [main] INFO  http.HttpServer2 (HttpServer2.java:addGlobalFilter(975)) - Added global filter 'safety' (class=org.apache.hadoop.http.HttpServer2$QuotingInputFilter)
2019-10-17 05:56:50,061 [main] INFO  http.HttpServer2 (HttpServer2.java:addFilter(948)) - Added filter static_user_filter (class=org.apache.hadoop.http.lib.StaticUserWebFilter$StaticUserFilter) to context hddsDatanode
2019-10-17 05:56:50,061 [main] INFO  http.HttpServer2 (HttpServer2.java:addFilter(958)) - Added filter static_user_filter (class=org.apache.hadoop.http.lib.StaticUserWebFilter$StaticUserFilter) to context static
2019-10-17 05:56:50,062 [main] INFO  http.HttpServer2 (HttpServer2.java:addFilter(958)) - Added filter static_user_filter (class=org.apache.hadoop.http.lib.StaticUserWebFilter$StaticUserFilter) to context logs
2019-10-17 05:56:50,063 [main] INFO  http.HttpServer2 (HttpServer2.java:bindListener(1191)) - Jetty bound to port 46519
2019-10-17 05:56:50,063 [main] INFO  server.Server (Server.java:doStart(351)) - jetty-9.3.25.v20180904, build timestamp: 2018-09-04T21:11:46Z, git hash: 3ce520221d0240229c862b122d2b06c12a625732
2019-10-17 05:56:50,066 [main] INFO  handler.ContextHandler (ContextHandler.java:doStart(781)) - Started o.e.j.s.ServletContextHandler@6cbd0674{/logs,file:///workdir/hadoop-ozone/integration-test/target/log,AVAILABLE}
2019-10-17 05:56:50,066 [main] INFO  handler.ContextHandler (ContextHandler.java:doStart(781)) - Started o.e.j.s.ServletContextHandler@19a64eae{/static,jar:file:/home/user/.m2/repository/org/apache/hadoop/hadoop-hdds-container-service/0.5.0-SNAPSHOT/hadoop-hdds-container-service-0.5.0-SNAPSHOT.jar!/webapps/static,AVAILABLE}
2019-10-17 05:56:50,104 [main] INFO  handler.ContextHandler (ContextHandler.java:doStart(781)) - Started o.e.j.w.WebAppContext@10c72a6f{/,file:///tmp/jetty-0.0.0.0-46519-hddsDatanode-_-any-8194725909019820350.dir/webapp/,AVAILABLE}{/hddsDatanode}
2019-10-17 05:56:50,104 [main] INFO  server.AbstractConnector (AbstractConnector.java:doStart(278)) - Started ServerConnector@70e94ecb{HTTP/1.1,[http/1.1]}{0.0.0.0:46519}
2019-10-17 05:56:50,105 [main] INFO  server.Server (Server.java:doStart(419)) - Started @6370ms
2019-10-17 05:56:50,105 [main] WARN  impl.MetricsSystemImpl (MetricsSystemImpl.java:register(276)) - Sink prometheus already exists!
2019-10-17 05:56:50,106 [main] INFO  server.BaseHttpServer (BaseHttpServer.java:updateConnectorAddress(215)) - HTTP server of HDDSDATANODE is listening at http://0.0.0.0:46519
2019-10-17 05:56:50,111 [main] INFO  ozone.MiniOzoneClusterImpl (MiniOzoneClusterImpl.java:lambda$waitForClusterToBeReady$0(147)) - Waiting for cluster to be ready. Got 0 of 10 DN Heartbeats.
2019-10-17 05:56:50,112 [org.apache.hadoop.util.JvmPauseMonitor$Monitor@5f1b35b0] INFO  util.JvmPauseMonitor (JvmPauseMonitor.java:run(188)) - Starting JVM pause monitor
2019-10-17 05:56:50,116 [Datanode State Machine Thread - 0] INFO  datanode.InitDatanodeState (InitDatanodeState.java:persistContainerDatanodeDetails(140)) - DatanodeDetails is persisted to /workdir/hadoop-ozone/integration-test/target/test-dir/MiniOzoneClusterImpl-292a2ff3-4780-4182-bb48-82c20e0e309d/datanode-9/meta/datanode.id
2019-10-17 05:56:51,112 [main] INFO  ozone.MiniOzoneClusterImpl (MiniOzoneClusterImpl.java:lambda$waitForClusterToBeReady$0(147)) - Waiting for cluster to be ready. Got 0 of 10 DN Heartbeats.
2019-10-17 05:56:51,343 [Datanode State Machine Thread - 0] INFO  ozoneimpl.OzoneContainer (OzoneContainer.java:start(213)) - Attempting to start container services.
2019-10-17 05:56:51,346 [Datanode State Machine Thread - 0] INFO  ozoneimpl.OzoneContainer (OzoneContainer.java:startContainerScrub(177)) - Background container scanner has been disabled.
2019-10-17 05:56:51,346 [Datanode State Machine Thread - 0] INFO  ratis.XceiverServerRatis (XceiverServerRatis.java:start(418)) - Starting XceiverServerRatis 3583ecf1-427c-4dcd-8d70-ec9fb58a3d28 at port 0
2019-10-17 05:56:51,360 [Datanode State Machine Thread - 0] INFO  ozoneimpl.OzoneContainer (OzoneContainer.java:start(213)) - Attempting to start container services.
2019-10-17 05:56:51,370 [Datanode State Machine Thread - 0] INFO  ozoneimpl.OzoneContainer (OzoneContainer.java:startContainerScrub(177)) - Background container scanner has been disabled.
2019-10-17 05:56:51,370 [Datanode State Machine Thread - 0] INFO  ratis.XceiverServerRatis (XceiverServerRatis.java:start(418)) - Starting XceiverServerRatis 0716e483-2373-428e-a917-ee7c73d3521d at port 0
2019-10-17 05:56:51,377 [Datanode State Machine Thread - 0] INFO  impl.RaftServerProxy (RaftServerProxy.java:lambda$start$3(299)) - 3583ecf1-427c-4dcd-8d70-ec9fb58a3d28: start RPC server
2019-10-17 05:56:51,385 [Datanode State Machine Thread - 0] INFO  impl.RaftServerProxy (RaftServerProxy.java:lambda$start$3(299)) - 0716e483-2373-428e-a917-ee7c73d3521d: start RPC server
2019-10-17 05:56:51,463 [Datanode State Machine Thread - 0] INFO  ozoneimpl.OzoneContainer (OzoneContainer.java:start(213)) - Attempting to start container services.
2019-10-17 05:56:51,464 [Datanode State Machine Thread - 0] INFO  ozoneimpl.OzoneContainer (OzoneContainer.java:startContainerScrub(177)) - Background container scanner has been disabled.
2019-10-17 05:56:51,464 [Datanode State Machine Thread - 0] INFO  ratis.XceiverServerRatis (XceiverServerRatis.java:start(418)) - Starting XceiverServerRatis 596a1247-d4fb-4568-97fb-3ff1ce43250d at port 0
2019-10-17 05:56:51,471 [Datanode State Machine Thread - 0] INFO  impl.RaftServerProxy (RaftServerProxy.java:lambda$start$3(299)) - 596a1247-d4fb-4568-97fb-3ff1ce43250d: start RPC server
2019-10-17 05:56:51,518 [Datanode State Machine Thread - 0] INFO  server.GrpcService (GrpcService.java:startImpl(158)) - 0716e483-2373-428e-a917-ee7c73d3521d: GrpcService started, listening on 0.0.0.0/0.0.0.0:39524
2019-10-17 05:56:51,519 [Datanode State Machine Thread - 0] INFO  server.GrpcService (GrpcService.java:startImpl(158)) - 3583ecf1-427c-4dcd-8d70-ec9fb58a3d28: GrpcService started, listening on 0.0.0.0/0.0.0.0:33910
2019-10-17 05:56:51,518 [Datanode State Machine Thread - 0] INFO  server.GrpcService (GrpcService.java:startImpl(158)) - 596a1247-d4fb-4568-97fb-3ff1ce43250d: GrpcService started, listening on 0.0.0.0/0.0.0.0:37061
2019-10-17 05:56:51,519 [Datanode State Machine Thread - 0] INFO  ratis.XceiverServerRatis (XceiverServerRatis.java:start(428)) - XceiverServerRatis 3583ecf1-427c-4dcd-8d70-ec9fb58a3d28 is started using port 33910
2019-10-17 05:56:51,519 [Datanode State Machine Thread - 0] INFO  ratis.XceiverServerRatis (XceiverServerRatis.java:start(428)) - XceiverServerRatis 0716e483-2373-428e-a917-ee7c73d3521d is started using port 39524
2019-10-17 05:56:51,519 [Datanode State Machine Thread - 0] INFO  ratis.XceiverServerRatis (XceiverServerRatis.java:start(428)) - XceiverServerRatis 596a1247-d4fb-4568-97fb-3ff1ce43250d is started using port 37061
2019-10-17 05:56:51,533 [Datanode State Machine Thread - 0] INFO  server.XceiverServerGrpc (XceiverServerGrpc.java:start(149)) - XceiverServerGrpc 596a1247-d4fb-4568-97fb-3ff1ce43250d is started using port 41185
2019-10-17 05:56:51,533 [Datanode State Machine Thread - 0] INFO  server.XceiverServerGrpc (XceiverServerGrpc.java:start(149)) - XceiverServerGrpc 0716e483-2373-428e-a917-ee7c73d3521d is started using port 33445
2019-10-17 05:56:51,533 [Datanode State Machine Thread - 0] INFO  server.XceiverServerGrpc (XceiverServerGrpc.java:start(149)) - XceiverServerGrpc 3583ecf1-427c-4dcd-8d70-ec9fb58a3d28 is started using port 38694
2019-10-17 05:56:51,548 [Datanode State Machine Thread - 0] INFO  ozoneimpl.OzoneContainer (OzoneContainer.java:start(213)) - Attempting to start container services.
2019-10-17 05:56:51,548 [Datanode State Machine Thread - 0] INFO  ozoneimpl.OzoneContainer (OzoneContainer.java:startContainerScrub(177)) - Background container scanner has been disabled.
2019-10-17 05:56:51,549 [Datanode State Machine Thread - 0] INFO  ratis.XceiverServerRatis (XceiverServerRatis.java:start(418)) - Starting XceiverServerRatis 3ce2c7b7-3df7-42de-af28-9ba1d65ea84e at port 0
2019-10-17 05:56:51,559 [Datanode State Machine Thread - 0] INFO  impl.RaftServerProxy (RaftServerProxy.java:lambda$start$3(299)) - 3ce2c7b7-3df7-42de-af28-9ba1d65ea84e: start RPC server
2019-10-17 05:56:51,561 [Datanode State Machine Thread - 0] INFO  server.GrpcService (GrpcService.java:startImpl(158)) - 3ce2c7b7-3df7-42de-af28-9ba1d65ea84e: GrpcService started, listening on 0.0.0.0/0.0.0.0:35388
2019-10-17 05:56:51,561 [Datanode State Machine Thread - 0] INFO  ratis.XceiverServerRatis (XceiverServerRatis.java:start(428)) - XceiverServerRatis 3ce2c7b7-3df7-42de-af28-9ba1d65ea84e is started using port 35388
2019-10-17 05:56:51,563 [Datanode State Machine Thread - 0] INFO  server.XceiverServerGrpc (XceiverServerGrpc.java:start(149)) - XceiverServerGrpc 3ce2c7b7-3df7-42de-af28-9ba1d65ea84e is started using port 35308
2019-10-17 05:56:51,636 [Datanode State Machine Thread - 0] INFO  ozoneimpl.OzoneContainer (OzoneContainer.java:start(213)) - Attempting to start container services.
2019-10-17 05:56:51,636 [Datanode State Machine Thread - 0] INFO  ozoneimpl.OzoneContainer (OzoneContainer.java:startContainerScrub(177)) - Background container scanner has been disabled.
2019-10-17 05:56:51,637 [Datanode State Machine Thread - 0] INFO  ratis.XceiverServerRatis (XceiverServerRatis.java:start(418)) - Starting XceiverServerRatis 8c36b79a-da60-43d4-9d42-baae689ad199 at port 0
2019-10-17 05:56:51,643 [Datanode State Machine Thread - 0] INFO  impl.RaftServerProxy (RaftServerProxy.java:lambda$start$3(299)) - 8c36b79a-da60-43d4-9d42-baae689ad199: start RPC server
2019-10-17 05:56:51,646 [Datanode State Machine Thread - 0] INFO  server.GrpcService (GrpcService.java:startImpl(158)) - 8c36b79a-da60-43d4-9d42-baae689ad199: GrpcService started, listening on 0.0.0.0/0.0.0.0:45199
2019-10-17 05:56:51,646 [Datanode State Machine Thread - 0] INFO  ratis.XceiverServerRatis (XceiverServerRatis.java:start(428)) - XceiverServerRatis 8c36b79a-da60-43d4-9d42-baae689ad199 is started using port 45199
2019-10-17 05:56:51,648 [Datanode State Machine Thread - 0] INFO  server.XceiverServerGrpc (XceiverServerGrpc.java:start(149)) - XceiverServerGrpc 8c36b79a-da60-43d4-9d42-baae689ad199 is started using port 34903
2019-10-17 05:56:51,725 [Datanode State Machine Thread - 0] INFO  ozoneimpl.OzoneContainer (OzoneContainer.java:start(213)) - Attempting to start container services.
2019-10-17 05:56:51,725 [Datanode State Machine Thread - 0] INFO  ozoneimpl.OzoneContainer (OzoneContainer.java:startContainerScrub(177)) - Background container scanner has been disabled.
2019-10-17 05:56:51,725 [Datanode State Machine Thread - 0] INFO  ratis.XceiverServerRatis (XceiverServerRatis.java:start(418)) - Starting XceiverServerRatis d4bb136b-e602-4c0a-8f86-2462710659b1 at port 0
2019-10-17 05:56:51,733 [Datanode State Machine Thread - 0] INFO  impl.RaftServerProxy (RaftServerProxy.java:lambda$start$3(299)) - d4bb136b-e602-4c0a-8f86-2462710659b1: start RPC server
2019-10-17 05:56:51,737 [Datanode State Machine Thread - 0] INFO  server.GrpcService (GrpcService.java:startImpl(158)) - d4bb136b-e602-4c0a-8f86-2462710659b1: GrpcService started, listening on 0.0.0.0/0.0.0.0:42071
2019-10-17 05:56:51,737 [Datanode State Machine Thread - 0] INFO  ratis.XceiverServerRatis (XceiverServerRatis.java:start(428)) - XceiverServerRatis d4bb136b-e602-4c0a-8f86-2462710659b1 is started using port 42071
2019-10-17 05:56:51,739 [Datanode State Machine Thread - 0] INFO  server.XceiverServerGrpc (XceiverServerGrpc.java:start(149)) - XceiverServerGrpc d4bb136b-e602-4c0a-8f86-2462710659b1 is started using port 37826
2019-10-17 05:56:51,834 [Datanode State Machine Thread - 0] INFO  ozoneimpl.OzoneContainer (OzoneContainer.java:start(213)) - Attempting to start container services.
2019-10-17 05:56:51,835 [Datanode State Machine Thread - 0] INFO  ozoneimpl.OzoneContainer (OzoneContainer.java:startContainerScrub(177)) - Background container scanner has been disabled.
2019-10-17 05:56:51,835 [Datanode State Machine Thread - 0] INFO  ratis.XceiverServerRatis (XceiverServerRatis.java:start(418)) - Starting XceiverServerRatis b282f9e2-3bd4-452e-9c35-1adeacc39134 at port 0
2019-10-17 05:56:51,846 [Datanode State Machine Thread - 0] INFO  impl.RaftServerProxy (RaftServerProxy.java:lambda$start$3(299)) - b282f9e2-3bd4-452e-9c35-1adeacc39134: start RPC server
2019-10-17 05:56:51,850 [Datanode State Machine Thread - 0] INFO  server.GrpcService (GrpcService.java:startImpl(158)) - b282f9e2-3bd4-452e-9c35-1adeacc39134: GrpcService started, listening on 0.0.0.0/0.0.0.0:42567
2019-10-17 05:56:51,850 [Datanode State Machine Thread - 0] INFO  ratis.XceiverServerRatis (XceiverServerRatis.java:start(428)) - XceiverServerRatis b282f9e2-3bd4-452e-9c35-1adeacc39134 is started using port 42567
2019-10-17 05:56:51,854 [Datanode State Machine Thread - 0] INFO  server.XceiverServerGrpc (XceiverServerGrpc.java:start(149)) - XceiverServerGrpc b282f9e2-3bd4-452e-9c35-1adeacc39134 is started using port 34337
2019-10-17 05:56:51,919 [Datanode State Machine Thread - 0] INFO  ozoneimpl.OzoneContainer (OzoneContainer.java:start(213)) - Attempting to start container services.
2019-10-17 05:56:51,919 [Datanode State Machine Thread - 0] INFO  ozoneimpl.OzoneContainer (OzoneContainer.java:startContainerScrub(177)) - Background container scanner has been disabled.
2019-10-17 05:56:51,920 [Datanode State Machine Thread - 0] INFO  ratis.XceiverServerRatis (XceiverServerRatis.java:start(418)) - Starting XceiverServerRatis b5f12832-4a97-45e3-9503-a5cba48636cf at port 0
2019-10-17 05:56:51,931 [Datanode State Machine Thread - 0] INFO  impl.RaftServerProxy (RaftServerProxy.java:lambda$start$3(299)) - b5f12832-4a97-45e3-9503-a5cba48636cf: start RPC server
2019-10-17 05:56:51,935 [Datanode State Machine Thread - 0] INFO  server.GrpcService (GrpcService.java:startImpl(158)) - b5f12832-4a97-45e3-9503-a5cba48636cf: GrpcService started, listening on 0.0.0.0/0.0.0.0:34934
2019-10-17 05:56:51,935 [Datanode State Machine Thread - 0] INFO  ratis.XceiverServerRatis (XceiverServerRatis.java:start(428)) - XceiverServerRatis b5f12832-4a97-45e3-9503-a5cba48636cf is started using port 34934
2019-10-17 05:56:51,939 [Datanode State Machine Thread - 0] INFO  server.XceiverServerGrpc (XceiverServerGrpc.java:start(149)) - XceiverServerGrpc b5f12832-4a97-45e3-9503-a5cba48636cf is started using port 37388
2019-10-17 05:56:52,031 [Datanode State Machine Thread - 0] INFO  ozoneimpl.OzoneContainer (OzoneContainer.java:start(213)) - Attempting to start container services.
2019-10-17 05:56:52,031 [Datanode State Machine Thread - 0] INFO  ozoneimpl.OzoneContainer (OzoneContainer.java:startContainerScrub(177)) - Background container scanner has been disabled.
2019-10-17 05:56:52,032 [Datanode State Machine Thread - 0] INFO  ratis.XceiverServerRatis (XceiverServerRatis.java:start(418)) - Starting XceiverServerRatis 9f06b4c9-079f-4989-8935-c6be59ddc82e at port 0
2019-10-17 05:56:52,043 [Datanode State Machine Thread - 0] INFO  impl.RaftServerProxy (RaftServerProxy.java:lambda$start$3(299)) - 9f06b4c9-079f-4989-8935-c6be59ddc82e: start RPC server
2019-10-17 05:56:52,048 [Datanode State Machine Thread - 0] INFO  server.GrpcService (GrpcService.java:startImpl(158)) - 9f06b4c9-079f-4989-8935-c6be59ddc82e: GrpcService started, listening on 0.0.0.0/0.0.0.0:36391
2019-10-17 05:56:52,048 [Datanode State Machine Thread - 0] INFO  ratis.XceiverServerRatis (XceiverServerRatis.java:start(428)) - XceiverServerRatis 9f06b4c9-079f-4989-8935-c6be59ddc82e is started using port 36391
2019-10-17 05:56:52,052 [Datanode State Machine Thread - 0] INFO  server.XceiverServerGrpc (XceiverServerGrpc.java:start(149)) - XceiverServerGrpc 9f06b4c9-079f-4989-8935-c6be59ddc82e is started using port 36218
2019-10-17 05:56:52,113 [main] INFO  ozone.MiniOzoneClusterImpl (MiniOzoneClusterImpl.java:lambda$waitForClusterToBeReady$0(147)) - Waiting for cluster to be ready. Got 0 of 10 DN Heartbeats.
2019-10-17 05:56:52,130 [Datanode State Machine Thread - 0] INFO  ozoneimpl.OzoneContainer (OzoneContainer.java:start(213)) - Attempting to start container services.
2019-10-17 05:56:52,132 [Datanode State Machine Thread - 0] INFO  ozoneimpl.OzoneContainer (OzoneContainer.java:startContainerScrub(177)) - Background container scanner has been disabled.
2019-10-17 05:56:52,132 [Datanode State Machine Thread - 0] INFO  ratis.XceiverServerRatis (XceiverServerRatis.java:start(418)) - Starting XceiverServerRatis 194f2ff6-41c6-4f9d-98fd-e63bb60a2475 at port 0
2019-10-17 05:56:52,144 [Datanode State Machine Thread - 0] INFO  impl.RaftServerProxy (RaftServerProxy.java:lambda$start$3(299)) - 194f2ff6-41c6-4f9d-98fd-e63bb60a2475: start RPC server
2019-10-17 05:56:52,165 [Datanode State Machine Thread - 0] INFO  server.GrpcService (GrpcService.java:startImpl(158)) - 194f2ff6-41c6-4f9d-98fd-e63bb60a2475: GrpcService started, listening on 0.0.0.0/0.0.0.0:43645
2019-10-17 05:56:52,166 [Datanode State Machine Thread - 0] INFO  ratis.XceiverServerRatis (XceiverServerRatis.java:start(428)) - XceiverServerRatis 194f2ff6-41c6-4f9d-98fd-e63bb60a2475 is started using port 43645
2019-10-17 05:56:52,185 [Datanode State Machine Thread - 0] INFO  server.XceiverServerGrpc (XceiverServerGrpc.java:start(149)) - XceiverServerGrpc 194f2ff6-41c6-4f9d-98fd-e63bb60a2475 is started using port 38637
2019-10-17 05:56:53,113 [main] INFO  ozone.MiniOzoneClusterImpl (MiniOzoneClusterImpl.java:lambda$waitForClusterToBeReady$0(147)) - Waiting for cluster to be ready. Got 0 of 10 DN Heartbeats.
2019-10-17 05:56:53,286 [IPC Server handler 4 on 46398] INFO  net.NetworkTopology (NetworkTopologyImpl.java:add(111)) - Added a new node: /default-rack/3583ecf1-427c-4dcd-8d70-ec9fb58a3d28
2019-10-17 05:56:53,286 [IPC Server handler 4 on 46398] INFO  node.SCMNodeManager (SCMNodeManager.java:register(268)) - Registered Data node : 3583ecf1-427c-4dcd-8d70-ec9fb58a3d28{ip: 192.168.69.82, host: pr-hdds-2286-c5gnx-3944588690, networkLocation: /default-rack, certSerialId: null}
2019-10-17 05:56:53,292 [EventQueue-NodeRegistrationContainerReportForDataNodeSafeModeRule] INFO  safemode.SCMSafeModeManager (DataNodeSafeModeRule.java:process(71)) - SCM in safe mode. 1 DataNodes registered, 1 required.
2019-10-17 05:56:53,292 [EventQueue-NodeRegistrationContainerReportForDataNodeSafeModeRule] INFO  safemode.SCMSafeModeManager (SCMSafeModeManager.java:validateSafeModeExitRules(177)) - ScmSafeModeManager, all rules are successfully validated
2019-10-17 05:56:53,292 [EventQueue-NodeRegistrationContainerReportForDataNodeSafeModeRule] INFO  safemode.SCMSafeModeManager (SCMSafeModeManager.java:exitSafeMode(193)) - SCM exiting safe mode.
2019-10-17 05:56:53,347 [IPC Server handler 6 on 46398] INFO  net.NetworkTopology (NetworkTopologyImpl.java:add(111)) - Added a new node: /default-rack/0716e483-2373-428e-a917-ee7c73d3521d
2019-10-17 05:56:53,348 [IPC Server handler 6 on 46398] INFO  node.SCMNodeManager (SCMNodeManager.java:register(268)) - Registered Data node : 0716e483-2373-428e-a917-ee7c73d3521d{ip: 192.168.69.82, host: pr-hdds-2286-c5gnx-3944588690, networkLocation: /default-rack, certSerialId: null}
2019-10-17 05:56:53,450 [IPC Server handler 7 on 46398] INFO  net.NetworkTopology (NetworkTopologyImpl.java:add(111)) - Added a new node: /default-rack/596a1247-d4fb-4568-97fb-3ff1ce43250d
2019-10-17 05:56:53,450 [IPC Server handler 7 on 46398] INFO  node.SCMNodeManager (SCMNodeManager.java:register(268)) - Registered Data node : 596a1247-d4fb-4568-97fb-3ff1ce43250d{ip: 192.168.69.82, host: pr-hdds-2286-c5gnx-3944588690, networkLocation: /default-rack, certSerialId: null}
2019-10-17 05:56:53,529 [IPC Server handler 9 on 46398] INFO  net.NetworkTopology (NetworkTopologyImpl.java:add(111)) - Added a new node: /default-rack/3ce2c7b7-3df7-42de-af28-9ba1d65ea84e
2019-10-17 05:56:53,530 [IPC Server handler 9 on 46398] INFO  node.SCMNodeManager (SCMNodeManager.java:register(268)) - Registered Data node : 3ce2c7b7-3df7-42de-af28-9ba1d65ea84e{ip: 192.168.69.82, host: pr-hdds-2286-c5gnx-3944588690, networkLocation: /default-rack, certSerialId: null}
2019-10-17 05:56:53,623 [IPC Server handler 8 on 46398] INFO  net.NetworkTopology (NetworkTopologyImpl.java:add(111)) - Added a new node: /default-rack/8c36b79a-da60-43d4-9d42-baae689ad199
2019-10-17 05:56:53,624 [IPC Server handler 8 on 46398] INFO  node.SCMNodeManager (SCMNodeManager.java:register(268)) - Registered Data node : 8c36b79a-da60-43d4-9d42-baae689ad199{ip: 192.168.69.82, host: pr-hdds-2286-c5gnx-3944588690, networkLocation: /default-rack, certSerialId: null}
2019-10-17 05:56:53,724 [IPC Server handler 2 on 46398] INFO  net.NetworkTopology (NetworkTopologyImpl.java:add(111)) - Added a new node: /default-rack/d4bb136b-e602-4c0a-8f86-2462710659b1
2019-10-17 05:56:53,725 [IPC Server handler 2 on 46398] INFO  node.SCMNodeManager (SCMNodeManager.java:register(268)) - Registered Data node : d4bb136b-e602-4c0a-8f86-2462710659b1{ip: 192.168.69.82, host: pr-hdds-2286-c5gnx-3944588690, networkLocation: /default-rack, certSerialId: null}
2019-10-17 05:56:53,821 [IPC Server handler 3 on 46398] INFO  net.NetworkTopology (NetworkTopologyImpl.java:add(111)) - Added a new node: /default-rack/b282f9e2-3bd4-452e-9c35-1adeacc39134
2019-10-17 05:56:53,821 [IPC Server handler 3 on 46398] INFO  node.SCMNodeManager (SCMNodeManager.java:register(268)) - Registered Data node : b282f9e2-3bd4-452e-9c35-1adeacc39134{ip: 192.168.69.82, host: pr-hdds-2286-c5gnx-3944588690, networkLocation: /default-rack, certSerialId: null}
2019-10-17 05:56:53,900 [grpc-default-executor-0] INFO  impl.RaftServerProxy (RaftServerProxy.java:addNew(89)) - 3583ecf1-427c-4dcd-8d70-ec9fb58a3d28: addNew group-D08209215A54:[3583ecf1-427c-4dcd-8d70-ec9fb58a3d28:192.168.69.82:33910] returns group-D08209215A54:java.util.concurrent.CompletableFuture@34cafcde[Not completed]
2019-10-17 05:56:53,909 [IPC Server handler 1 on 46398] INFO  net.NetworkTopology (NetworkTopologyImpl.java:add(111)) - Added a new node: /default-rack/b5f12832-4a97-45e3-9503-a5cba48636cf
2019-10-17 05:56:53,909 [IPC Server handler 1 on 46398] INFO  node.SCMNodeManager (SCMNodeManager.java:register(268)) - Registered Data node : b5f12832-4a97-45e3-9503-a5cba48636cf{ip: 192.168.69.82, host: pr-hdds-2286-c5gnx-3944588690, networkLocation: /default-rack, certSerialId: null}
2019-10-17 05:56:53,919 [pool-27-thread-1] INFO  impl.RaftServerImpl (RaftServerImpl.java:<init>(104)) - 3583ecf1-427c-4dcd-8d70-ec9fb58a3d28: new RaftServerImpl for group-D08209215A54:[3583ecf1-427c-4dcd-8d70-ec9fb58a3d28:192.168.69.82:33910] with ContainerStateMachine:uninitialized
2019-10-17 05:56:53,921 [pool-27-thread-1] INFO  server.RaftServerConfigKeys (ConfUtils.java:logGet(43)) - raft.server.rpc.timeout.min = 1s (custom)
2019-10-17 05:56:53,923 [pool-27-thread-1] INFO  server.RaftServerConfigKeys (ConfUtils.java:logGet(43)) - raft.server.rpc.timeout.max = 1200ms (custom)
2019-10-17 05:56:53,923 [pool-27-thread-1] INFO  server.RaftServerConfigKeys (ConfUtils.java:logGet(43)) - raft.server.rpcslowness.timeout = 120s (custom)
2019-10-17 05:56:53,924 [pool-27-thread-1] INFO  server.RaftServerConfigKeys (ConfUtils.java:logGet(43)) - raft.server.sleep.deviation.threshold = 300 (default)
2019-10-17 05:56:53,925 [pool-27-thread-1] INFO  server.RaftServerConfigKeys (ConfUtils.java:logGet(43)) - raft.server.log.appender.install.snapshot.enabled = false (custom)
2019-10-17 05:56:53,935 [pool-27-thread-1] INFO  impl.RaftServerImpl (ServerState.java:<init>(103)) - 3583ecf1-427c-4dcd-8d70-ec9fb58a3d28@group-D08209215A54: ConfigurationManager, init=-1: [3583ecf1-427c-4dcd-8d70-ec9fb58a3d28:192.168.69.82:33910], old=null, confs=<EMPTY_MAP>
2019-10-17 05:56:53,935 [pool-27-thread-1] INFO  server.RaftServerConfigKeys (ConfUtils.java:logGet(43)) - raft.server.storage.dir = [/workdir/hadoop-ozone/integration-test/target/test-dir/MiniOzoneClusterImpl-292a2ff3-4780-4182-bb48-82c20e0e309d/datanode-0/data/ratis] (custom)
2019-10-17 05:56:53,944 [pool-27-thread-1] INFO  server.RaftServerConfigKeys (ConfUtils.java:logGet(43)) - raft.server.log.corruption.policy = EXCEPTION (default)
2019-10-17 05:56:53,946 [pool-27-thread-1] INFO  storage.RaftStorageDirectory (RaftStorageDirectory.java:analyzeStorage(246)) - The storage directory /workdir/hadoop-ozone/integration-test/target/test-dir/MiniOzoneClusterImpl-292a2ff3-4780-4182-bb48-82c20e0e309d/datanode-0/data/ratis/72753c70-8498-4f2d-b0a3-d08209215a54 does not exist. Creating ...
2019-10-17 05:56:53,963 [pool-27-thread-1] INFO  storage.RaftStorageDirectory (RaftStorageDirectory.java:tryLock(328)) - Lock on /workdir/hadoop-ozone/integration-test/target/test-dir/MiniOzoneClusterImpl-292a2ff3-4780-4182-bb48-82c20e0e309d/datanode-0/data/ratis/72753c70-8498-4f2d-b0a3-d08209215a54/in_use.lock acquired by nodename 14099@pr-hdds-2286-c5gnx-3944588690
2019-10-17 05:56:53,979 [pool-27-thread-1] INFO  storage.RaftStorage (RaftStorage.java:format(84)) - Storage directory /workdir/hadoop-ozone/integration-test/target/test-dir/MiniOzoneClusterImpl-292a2ff3-4780-4182-bb48-82c20e0e309d/datanode-0/data/ratis/72753c70-8498-4f2d-b0a3-d08209215a54 has been successfully formatted.
2019-10-17 05:56:53,981 [pool-27-thread-1] INFO  ratis.ContainerStateMachine (ContainerStateMachine.java:loadSnapshot(231)) - group-D08209215A54: The snapshot info is null. Setting the last applied indexto:(t:0, i:~)
2019-10-17 05:56:53,982 [pool-27-thread-1] INFO  server.RaftServerConfigKeys (ConfUtils.java:logGet(43)) - raft.server.notification.no-leader.timeout = 120s (custom)
2019-10-17 05:56:53,984 [pool-27-thread-1] INFO  server.RaftServerConfigKeys (ConfUtils.java:logGet(43)) - raft.server.log.use.memory = false (default)
2019-10-17 05:56:53,991 [pool-27-thread-1] INFO  server.RaftServerConfigKeys (ConfUtils.java:logGet(43)) - raft.server.log.purge.gap = 1000000 (custom)
2019-10-17 05:56:53,991 [pool-27-thread-1] INFO  server.RaftServerConfigKeys (ConfUtils.java:logGet(43)) - raft.server.log.appender.buffer.byte-limit = 33554432 (custom)
2019-10-17 05:56:53,994 [pool-27-thread-1] INFO  server.RaftServerConfigKeys (ConfUtils.java:logGet(43)) - raft.server.log.segment.size.max = 1048576 (custom)
2019-10-17 05:56:53,995 [pool-27-thread-1] INFO  impl.MetricsSystemImpl (MetricsSystemImpl.java:init(158)) - ratis metrics system started (again)
2019-10-17 05:56:54,001 [pool-27-thread-1] INFO  metrics.MetricRegistries (MetricRegistriesLoader.java:load(64)) - Loaded MetricRegistries class org.apache.ratis.metrics.impl.MetricRegistriesImpl
2019-10-17 05:56:54,020 [IPC Server handler 5 on 46398] INFO  net.NetworkTopology (NetworkTopologyImpl.java:add(111)) - Added a new node: /default-rack/9f06b4c9-079f-4989-8935-c6be59ddc82e
2019-10-17 05:56:54,020 [IPC Server handler 5 on 46398] INFO  node.SCMNodeManager (SCMNodeManager.java:register(268)) - Registered Data node : 9f06b4c9-079f-4989-8935-c6be59ddc82e{ip: 192.168.69.82, host: pr-hdds-2286-c5gnx-3944588690, networkLocation: /default-rack, certSerialId: null}
2019-10-17 05:56:54,039 [pool-27-thread-1] INFO  server.RaftServerConfigKeys (ConfUtils.java:logGet(43)) - raft.server.log.segment.cache.num.max = 2 (custom)
2019-10-17 05:56:54,044 [pool-27-thread-1] INFO  segmented.SegmentedRaftLogWorker (SegmentedRaftLogWorker.java:<init>(173)) - new 3583ecf1-427c-4dcd-8d70-ec9fb58a3d28@group-D08209215A54-SegmentedRaftLogWorker for RaftStorage:Storage Directory /workdir/hadoop-ozone/integration-test/target/test-dir/MiniOzoneClusterImpl-292a2ff3-4780-4182-bb48-82c20e0e309d/datanode-0/data/ratis/72753c70-8498-4f2d-b0a3-d08209215a54
2019-10-17 05:56:54,045 [pool-27-thread-1] INFO  server.RaftServerConfigKeys (ConfUtils.java:logGet(43)) - raft.server.log.queue.byte-limit = 2147483647 (custom)
2019-10-17 05:56:54,045 [pool-27-thread-1] INFO  server.RaftServerConfigKeys (ConfUtils.java:logGet(43)) - raft.server.log.queue.element-limit = 1024 (custom)
2019-10-17 05:56:54,047 [pool-27-thread-1] INFO  server.RaftServerConfigKeys (ConfUtils.java:logGet(43)) - raft.server.log.segment.size.max = 1048576 (custom)
2019-10-17 05:56:54,047 [pool-27-thread-1] INFO  server.RaftServerConfigKeys (ConfUtils.java:logGet(43)) - raft.server.log.preallocated.size = 16384 (custom)
2019-10-17 05:56:54,047 [pool-27-thread-1] INFO  server.RaftServerConfigKeys (ConfUtils.java:logGet(43)) - raft.server.log.write.buffer.size = 33554432 (custom)
2019-10-17 05:56:54,048 [pool-27-thread-1] INFO  server.RaftServerConfigKeys (ConfUtils.java:logGet(43)) - raft.server.log.force.sync.num = 128 (default)
2019-10-17 05:56:54,049 [pool-27-thread-1] INFO  server.RaftServerConfigKeys (ConfUtils.java:logGet(43)) - raft.server.log.statemachine.data.sync = true (default)
2019-10-17 05:56:54,049 [pool-27-thread-1] INFO  server.RaftServerConfigKeys (ConfUtils.java:logGet(43)) - raft.server.log.statemachine.data.sync.timeout = 10s (default)
2019-10-17 05:56:54,049 [pool-27-thread-1] INFO  server.RaftServerConfigKeys (ConfUtils.java:logGet(43)) - raft.server.log.statemachine.data.sync.timeout.retry = -1 (default)
2019-10-17 05:56:54,060 [pool-27-thread-1] INFO  server.RaftServerConfigKeys (ConfUtils.java:logGet(43)) - raft.server.log.statemachine.data.caching.enabled = true (custom)
2019-10-17 05:56:54,065 [pool-27-thread-1] INFO  segmented.SegmentedRaftLogWorker (SegmentedRaftLogWorker.java:lambda$new$0(128)) - 3583ecf1-427c-4dcd-8d70-ec9fb58a3d28@group-D08209215A54-SegmentedRaftLogWorker: flushIndex: setUnconditionally 0 -> -1
2019-10-17 05:56:54,068 [pool-27-thread-1] INFO  server.RaftServerConfigKeys (ConfUtils.java:logGet(43)) - raft.server.snapshot.auto.trigger.enabled = true (custom)
2019-10-17 05:56:54,069 [pool-27-thread-1] INFO  server.RaftServerConfigKeys (ConfUtils.java:logGet(43)) - raft.server.snapshot.auto.trigger.threshold = 10000 (custom)
2019-10-17 05:56:54,070 [pool-27-thread-1] INFO  server.RaftServerConfigKeys (ConfUtils.java:logGet(43)) - raft.server.snapshot.retention.file.num = 5 (custom)
2019-10-17 05:56:54,070 [pool-27-thread-1] INFO  server.RaftServerConfigKeys (ConfUtils.java:logGet(43)) - raft.server.retrycache.expirytime = 600000ms (custom)
2019-10-17 05:56:54,098 [pool-27-thread-1] INFO  impl.RaftServerImpl (RaftServerImpl.java:start(195)) - 3583ecf1-427c-4dcd-8d70-ec9fb58a3d28@group-D08209215A54: start as a follower, conf=-1: [3583ecf1-427c-4dcd-8d70-ec9fb58a3d28:192.168.69.82:33910], old=null
2019-10-17 05:56:54,099 [pool-27-thread-1] INFO  impl.RaftServerImpl (RaftServerImpl.java:setRole(184)) - 3583ecf1-427c-4dcd-8d70-ec9fb58a3d28@group-D08209215A54: changes role from      null to FOLLOWER at term 0 for startAsFollower
2019-10-17 05:56:54,100 [pool-27-thread-1] INFO  impl.RoleInfo (RoleInfo.java:updateAndGet(143)) - 3583ecf1-427c-4dcd-8d70-ec9fb58a3d28: start FollowerState
2019-10-17 05:56:54,102 [pool-27-thread-1] INFO  util.JmxRegister (JmxRegister.java:tryRegister(44)) - Successfully registered JMX Bean with object name Ratis:service=RaftServer,group=group-D08209215A54,id=3583ecf1-427c-4dcd-8d70-ec9fb58a3d28
2019-10-17 05:56:54,123 [main] INFO  ozone.MiniOzoneClusterImpl (MiniOzoneClusterImpl.java:lambda$waitForClusterToBeReady$0(147)) - Waiting for cluster to be ready. Got 9 of 10 DN Heartbeats.
2019-10-17 05:56:54,131 [IPC Server handler 4 on 46398] INFO  net.NetworkTopology (NetworkTopologyImpl.java:add(111)) - Added a new node: /default-rack/194f2ff6-41c6-4f9d-98fd-e63bb60a2475
2019-10-17 05:56:54,131 [IPC Server handler 4 on 46398] INFO  node.SCMNodeManager (SCMNodeManager.java:register(268)) - Registered Data node : 194f2ff6-41c6-4f9d-98fd-e63bb60a2475{ip: 192.168.69.82, host: pr-hdds-2286-c5gnx-3944588690, networkLocation: /default-rack, certSerialId: null}
2019-10-17 05:56:54,195 [RatisPipelineUtilsThread] INFO  pipeline.PipelineStateManager (PipelineStateManager.java:addPipeline(56)) - Created pipeline Pipeline[ Id: 72753c70-8498-4f2d-b0a3-d08209215a54, Nodes: 3583ecf1-427c-4dcd-8d70-ec9fb58a3d28{ip: 192.168.69.82, host: pr-hdds-2286-c5gnx-3944588690, networkLocation: /default-rack, certSerialId: null}, Type:RATIS, Factor:ONE, State:OPEN]
2019-10-17 05:56:54,220 [grpc-default-executor-0] INFO  impl.RaftServerProxy (RaftServerProxy.java:addNew(89)) - 9f06b4c9-079f-4989-8935-c6be59ddc82e: addNew group-29A8954181A4:[9f06b4c9-079f-4989-8935-c6be59ddc82e:192.168.69.82:36391] returns group-29A8954181A4:java.util.concurrent.CompletableFuture@56416b85[Not completed]
2019-10-17 05:56:54,271 [pool-107-thread-1] INFO  impl.RaftServerImpl (RaftServerImpl.java:<init>(104)) - 9f06b4c9-079f-4989-8935-c6be59ddc82e: new RaftServerImpl for group-29A8954181A4:[9f06b4c9-079f-4989-8935-c6be59ddc82e:192.168.69.82:36391] with ContainerStateMachine:uninitialized
2019-10-17 05:56:54,272 [pool-107-thread-1] INFO  server.RaftServerConfigKeys (ConfUtils.java:logGet(43)) - raft.server.rpc.timeout.min = 1s (custom)
2019-10-17 05:56:54,272 [pool-107-thread-1] INFO  server.RaftServerConfigKeys (ConfUtils.java:logGet(43)) - raft.server.rpc.timeout.max = 1200ms (custom)
2019-10-17 05:56:54,273 [pool-107-thread-1] INFO  server.RaftServerConfigKeys (ConfUtils.java:logGet(43)) - raft.server.rpcslowness.timeout = 120s (custom)
2019-10-17 05:56:54,273 [pool-107-thread-1] INFO  server.RaftServerConfigKeys (ConfUtils.java:logGet(43)) - raft.server.sleep.deviation.threshold = 300 (default)
2019-10-17 05:56:54,273 [pool-107-thread-1] INFO  server.RaftServerConfigKeys (ConfUtils.java:logGet(43)) - raft.server.log.appender.install.snapshot.enabled = false (custom)
2019-10-17 05:56:54,273 [pool-107-thread-1] INFO  impl.RaftServerImpl (ServerState.java:<init>(103)) - 9f06b4c9-079f-4989-8935-c6be59ddc82e@group-29A8954181A4: ConfigurationManager, init=-1: [9f06b4c9-079f-4989-8935-c6be59ddc82e:192.168.69.82:36391], old=null, confs=<EMPTY_MAP>
2019-10-17 05:56:54,273 [pool-107-thread-1] INFO  server.RaftServerConfigKeys (ConfUtils.java:logGet(43)) - raft.server.storage.dir = [/workdir/hadoop-ozone/integration-test/target/test-dir/MiniOzoneClusterImpl-292a2ff3-4780-4182-bb48-82c20e0e309d/datanode-8/data/ratis] (custom)
2019-10-17 05:56:54,274 [pool-107-thread-1] INFO  server.RaftServerConfigKeys (ConfUtils.java:logGet(43)) - raft.server.log.corruption.policy = EXCEPTION (default)
2019-10-17 05:56:54,274 [pool-107-thread-1] INFO  storage.RaftStorageDirectory (RaftStorageDirectory.java:analyzeStorage(246)) - The storage directory /workdir/hadoop-ozone/integration-test/target/test-dir/MiniOzoneClusterImpl-292a2ff3-4780-4182-bb48-82c20e0e309d/datanode-8/data/ratis/4ac21c6c-5cff-4990-8fdd-29a8954181a4 does not exist. Creating ...
2019-10-17 05:56:54,288 [pool-107-thread-1] INFO  storage.RaftStorageDirectory (RaftStorageDirectory.java:tryLock(328)) - Lock on /workdir/hadoop-ozone/integration-test/target/test-dir/MiniOzoneClusterImpl-292a2ff3-4780-4182-bb48-82c20e0e309d/datanode-8/data/ratis/4ac21c6c-5cff-4990-8fdd-29a8954181a4/in_use.lock acquired by nodename 14099@pr-hdds-2286-c5gnx-3944588690
2019-10-17 05:56:54,295 [Thread-285] INFO  impl.FollowerState (FollowerState.java:run(108)) - 3583ecf1-427c-4dcd-8d70-ec9fb58a3d28@group-D08209215A54-FollowerState: change to CANDIDATE, lastRpcTime:195ms, electionTimeout:195ms
2019-10-17 05:56:54,298 [Thread-285] INFO  impl.RoleInfo (RoleInfo.java:shutdownFollowerState(121)) - 3583ecf1-427c-4dcd-8d70-ec9fb58a3d28: shutdown FollowerState
2019-10-17 05:56:54,300 [Thread-285] INFO  impl.RaftServerImpl (RaftServerImpl.java:setRole(184)) - 3583ecf1-427c-4dcd-8d70-ec9fb58a3d28@group-D08209215A54: changes role from  FOLLOWER to CANDIDATE at term 0 for changeToCandidate
2019-10-17 05:56:54,302 [pool-107-thread-1] INFO  storage.RaftStorage (RaftStorage.java:format(84)) - Storage directory /workdir/hadoop-ozone/integration-test/target/test-dir/MiniOzoneClusterImpl-292a2ff3-4780-4182-bb48-82c20e0e309d/datanode-8/data/ratis/4ac21c6c-5cff-4990-8fdd-29a8954181a4 has been successfully formatted.
2019-10-17 05:56:54,306 [Thread-285] INFO  impl.RoleInfo (RoleInfo.java:updateAndGet(143)) - 3583ecf1-427c-4dcd-8d70-ec9fb58a3d28: start LeaderElection
2019-10-17 05:56:54,306 [pool-107-thread-1] INFO  ratis.ContainerStateMachine (ContainerStateMachine.java:loadSnapshot(231)) - group-29A8954181A4: The snapshot info is null. Setting the last applied indexto:(t:0, i:~)
2019-10-17 05:56:54,310 [pool-107-thread-1] INFO  server.RaftServerConfigKeys (ConfUtils.java:logGet(43)) - raft.server.notification.no-leader.timeout = 120s (custom)
2019-10-17 05:56:54,310 [pool-107-thread-1] INFO  server.RaftServerConfigKeys (ConfUtils.java:logGet(43)) - raft.server.log.use.memory = false (default)
2019-10-17 05:56:54,311 [pool-107-thread-1] INFO  server.RaftServerConfigKeys (ConfUtils.java:logGet(43)) - raft.server.log.purge.gap = 1000000 (custom)
2019-10-17 05:56:54,311 [pool-107-thread-1] INFO  server.RaftServerConfigKeys (ConfUtils.java:logGet(43)) - raft.server.log.appender.buffer.byte-limit = 33554432 (custom)
2019-10-17 05:56:54,311 [pool-107-thread-1] INFO  server.RaftServerConfigKeys (ConfUtils.java:logGet(43)) - raft.server.log.segment.size.max = 1048576 (custom)
2019-10-17 05:56:54,317 [pool-107-thread-1] INFO  server.RaftServerConfigKeys (ConfUtils.java:logGet(43)) - raft.server.log.segment.cache.num.max = 2 (custom)
2019-10-17 05:56:54,317 [pool-107-thread-1] INFO  segmented.SegmentedRaftLogWorker (SegmentedRaftLogWorker.java:<init>(173)) - new 9f06b4c9-079f-4989-8935-c6be59ddc82e@group-29A8954181A4-SegmentedRaftLogWorker for RaftStorage:Storage Directory /workdir/hadoop-ozone/integration-test/target/test-dir/MiniOzoneClusterImpl-292a2ff3-4780-4182-bb48-82c20e0e309d/datanode-8/data/ratis/4ac21c6c-5cff-4990-8fdd-29a8954181a4
2019-10-17 05:56:54,318 [pool-107-thread-1] INFO  server.RaftServerConfigKeys (ConfUtils.java:logGet(43)) - raft.server.log.queue.byte-limit = 2147483647 (custom)
2019-10-17 05:56:54,319 [pool-107-thread-1] INFO  server.RaftServerConfigKeys (ConfUtils.java:logGet(43)) - raft.server.log.queue.element-limit = 1024 (custom)
2019-10-17 05:56:54,319 [pool-107-thread-1] INFO  server.RaftServerConfigKeys (ConfUtils.java:logGet(43)) - raft.server.log.segment.size.max = 1048576 (custom)
2019-10-17 05:56:54,319 [pool-107-thread-1] INFO  server.RaftServerConfigKeys (ConfUtils.java:logGet(43)) - raft.server.log.preallocated.size = 16384 (custom)
2019-10-17 05:56:54,319 [pool-107-thread-1] INFO  server.RaftServerConfigKeys (ConfUtils.java:logGet(43)) - raft.server.log.write.buffer.size = 33554432 (custom)
2019-10-17 05:56:54,319 [pool-107-thread-1] INFO  server.RaftServerConfigKeys (ConfUtils.java:logGet(43)) - raft.server.log.force.sync.num = 128 (default)
2019-10-17 05:56:54,319 [pool-107-thread-1] INFO  server.RaftServerConfigKeys (ConfUtils.java:logGet(43)) - raft.server.log.statemachine.data.sync = true (default)
2019-10-17 05:56:54,320 [pool-107-thread-1] INFO  server.RaftServerConfigKeys (ConfUtils.java:logGet(43)) - raft.server.log.statemachine.data.sync.timeout = 10s (default)
2019-10-17 05:56:54,320 [pool-107-thread-1] INFO  server.RaftServerConfigKeys (ConfUtils.java:logGet(43)) - raft.server.log.statemachine.data.sync.timeout.retry = -1 (default)
2019-10-17 05:56:54,321 [pool-107-thread-1] INFO  server.RaftServerConfigKeys (ConfUtils.java:logGet(43)) - raft.server.log.statemachine.data.caching.enabled = true (custom)
2019-10-17 05:56:54,321 [pool-107-thread-1] INFO  segmented.SegmentedRaftLogWorker (SegmentedRaftLogWorker.java:lambda$new$0(128)) - 9f06b4c9-079f-4989-8935-c6be59ddc82e@group-29A8954181A4-SegmentedRaftLogWorker: flushIndex: setUnconditionally 0 -> -1
2019-10-17 05:56:54,321 [pool-107-thread-1] INFO  server.RaftServerConfigKeys (ConfUtils.java:logGet(43)) - raft.server.snapshot.auto.trigger.enabled = true (custom)
2019-10-17 05:56:54,322 [pool-107-thread-1] INFO  server.RaftServerConfigKeys (ConfUtils.java:logGet(43)) - raft.server.snapshot.auto.trigger.threshold = 10000 (custom)
2019-10-17 05:56:54,322 [pool-107-thread-1] INFO  server.RaftServerConfigKeys (ConfUtils.java:logGet(43)) - raft.server.snapshot.retention.file.num = 5 (custom)
2019-10-17 05:56:54,322 [pool-107-thread-1] INFO  server.RaftServerConfigKeys (ConfUtils.java:logGet(43)) - raft.server.retrycache.expirytime = 600000ms (custom)
2019-10-17 05:56:54,323 [3583ecf1-427c-4dcd-8d70-ec9fb58a3d28@group-D08209215A54-LeaderElection1] INFO  impl.LeaderElection (LeaderElection.java:askForVotes(178)) - 3583ecf1-427c-4dcd-8d70-ec9fb58a3d28@group-D08209215A54-LeaderElection1: begin an election at term 1 for -1: [3583ecf1-427c-4dcd-8d70-ec9fb58a3d28:192.168.69.82:33910], old=null
2019-10-17 05:56:54,324 [3583ecf1-427c-4dcd-8d70-ec9fb58a3d28@group-D08209215A54-LeaderElection1] INFO  impl.RoleInfo (RoleInfo.java:shutdownLeaderElection(134)) - 3583ecf1-427c-4dcd-8d70-ec9fb58a3d28: shutdown LeaderElection
2019-10-17 05:56:54,325 [3583ecf1-427c-4dcd-8d70-ec9fb58a3d28@group-D08209215A54-LeaderElection1] INFO  impl.RaftServerImpl (RaftServerImpl.java:setRole(184)) - 3583ecf1-427c-4dcd-8d70-ec9fb58a3d28@group-D08209215A54: changes role from CANDIDATE to LEADER at term 1 for changeToLeader
2019-10-17 05:56:54,325 [3583ecf1-427c-4dcd-8d70-ec9fb58a3d28@group-D08209215A54-LeaderElection1] INFO  impl.RaftServerImpl (ServerState.java:setLeader(256)) - 3583ecf1-427c-4dcd-8d70-ec9fb58a3d28@group-D08209215A54: change Leader from null to 3583ecf1-427c-4dcd-8d70-ec9fb58a3d28 at term 1 for becomeLeader, leader elected after 343ms
2019-10-17 05:56:54,330 [3583ecf1-427c-4dcd-8d70-ec9fb58a3d28@group-D08209215A54-LeaderElection1] INFO  server.RaftServerConfigKeys (ConfUtils.java:logGet(43)) - raft.server.staging.catchup.gap = 1000 (default)
2019-10-17 05:56:54,331 [3583ecf1-427c-4dcd-8d70-ec9fb58a3d28@group-D08209215A54-LeaderElection1] INFO  server.RaftServerConfigKeys (ConfUtils.java:logGet(43)) - raft.server.rpc.sleep.time = 25ms (default)
2019-10-17 05:56:54,334 [pool-107-thread-1] INFO  impl.RaftServerImpl (RaftServerImpl.java:start(195)) - 9f06b4c9-079f-4989-8935-c6be59ddc82e@group-29A8954181A4: start as a follower, conf=-1: [9f06b4c9-079f-4989-8935-c6be59ddc82e:192.168.69.82:36391], old=null
2019-10-17 05:56:54,334 [pool-107-thread-1] INFO  impl.RaftServerImpl (RaftServerImpl.java:setRole(184)) - 9f06b4c9-079f-4989-8935-c6be59ddc82e@group-29A8954181A4: changes role from      null to FOLLOWER at term 0 for startAsFollower
2019-10-17 05:56:54,334 [3583ecf1-427c-4dcd-8d70-ec9fb58a3d28@group-D08209215A54-LeaderElection1] INFO  server.RaftServerConfigKeys (ConfUtils.java:logGet(43)) - raft.server.write.element-limit = 4096 (default)
2019-10-17 05:56:54,334 [pool-107-thread-1] INFO  impl.RoleInfo (RoleInfo.java:updateAndGet(143)) - 9f06b4c9-079f-4989-8935-c6be59ddc82e: start FollowerState
2019-10-17 05:56:54,335 [pool-107-thread-1] INFO  util.JmxRegister (JmxRegister.java:tryRegister(44)) - Successfully registered JMX Bean with object name Ratis:service=RaftServer,group=group-29A8954181A4,id=9f06b4c9-079f-4989-8935-c6be59ddc82e
2019-10-17 05:56:54,338 [3583ecf1-427c-4dcd-8d70-ec9fb58a3d28@group-D08209215A54-LeaderElection1] INFO  server.RaftServerConfigKeys (ConfUtils.java:logGet(43)) - raft.server.watch.timeout = 10s (default)
2019-10-17 05:56:54,338 [3583ecf1-427c-4dcd-8d70-ec9fb58a3d28@group-D08209215A54-LeaderElection1] INFO  server.RaftServerConfigKeys (ConfUtils.java:logGet(43)) - raft.server.watch.timeout.denomination = 1s (default)
2019-10-17 05:56:54,339 [3583ecf1-427c-4dcd-8d70-ec9fb58a3d28@group-D08209215A54-LeaderElection1] INFO  server.RaftServerConfigKeys (ConfUtils.java:logGet(43)) - raft.server.watch.element-limit = 65536 (default)
2019-10-17 05:56:54,394 [Thread-290] INFO  impl.FollowerState (FollowerState.java:run(108)) - 9f06b4c9-079f-4989-8935-c6be59ddc82e@group-29A8954181A4-FollowerState: change to CANDIDATE, lastRpcTime:59ms, electionTimeout:58ms
2019-10-17 05:56:54,395 [Thread-290] INFO  impl.RoleInfo (RoleInfo.java:shutdownFollowerState(121)) - 9f06b4c9-079f-4989-8935-c6be59ddc82e: shutdown FollowerState
2019-10-17 05:56:54,396 [Thread-290] INFO  impl.RaftServerImpl (RaftServerImpl.java:setRole(184)) - 9f06b4c9-079f-4989-8935-c6be59ddc82e@group-29A8954181A4: changes role from  FOLLOWER to CANDIDATE at term 0 for changeToCandidate
2019-10-17 05:56:54,397 [Thread-290] INFO  impl.RoleInfo (RoleInfo.java:updateAndGet(143)) - 9f06b4c9-079f-4989-8935-c6be59ddc82e: start LeaderElection
2019-10-17 05:56:54,403 [RatisPipelineUtilsThread] INFO  pipeline.PipelineStateManager (PipelineStateManager.java:addPipeline(56)) - Created pipeline Pipeline[ Id: 4ac21c6c-5cff-4990-8fdd-29a8954181a4, Nodes: 9f06b4c9-079f-4989-8935-c6be59ddc82e{ip: 192.168.69.82, host: pr-hdds-2286-c5gnx-3944588690, networkLocation: /default-rack, certSerialId: null}, Type:RATIS, Factor:ONE, State:OPEN]
2019-10-17 05:56:54,404 [3583ecf1-427c-4dcd-8d70-ec9fb58a3d28@group-D08209215A54-LeaderElection1] INFO  impl.RoleInfo (RoleInfo.java:updateAndGet(143)) - 3583ecf1-427c-4dcd-8d70-ec9fb58a3d28: start LeaderState
2019-10-17 05:56:54,413 [9f06b4c9-079f-4989-8935-c6be59ddc82e@group-29A8954181A4-LeaderElection2] INFO  impl.LeaderElection (LeaderElection.java:askForVotes(178)) - 9f06b4c9-079f-4989-8935-c6be59ddc82e@group-29A8954181A4-LeaderElection2: begin an election at term 1 for -1: [9f06b4c9-079f-4989-8935-c6be59ddc82e:192.168.69.82:36391], old=null
2019-10-17 05:56:54,414 [9f06b4c9-079f-4989-8935-c6be59ddc82e@group-29A8954181A4-LeaderElection2] INFO  impl.RoleInfo (RoleInfo.java:shutdownLeaderElection(134)) - 9f06b4c9-079f-4989-8935-c6be59ddc82e: shutdown LeaderElection
2019-10-17 05:56:54,414 [9f06b4c9-079f-4989-8935-c6be59ddc82e@group-29A8954181A4-LeaderElection2] INFO  impl.RaftServerImpl (RaftServerImpl.java:setRole(184)) - 9f06b4c9-079f-4989-8935-c6be59ddc82e@group-29A8954181A4: changes role from CANDIDATE to LEADER at term 1 for changeToLeader
2019-10-17 05:56:54,416 [9f06b4c9-079f-4989-8935-c6be59ddc82e@group-29A8954181A4-LeaderElection2] INFO  impl.RaftServerImpl (ServerState.java:setLeader(256)) - 9f06b4c9-079f-4989-8935-c6be59ddc82e@group-29A8954181A4: change Leader from null to 9f06b4c9-079f-4989-8935-c6be59ddc82e at term 1 for becomeLeader, leader elected after 108ms
2019-10-17 05:56:54,417 [9f06b4c9-079f-4989-8935-c6be59ddc82e@group-29A8954181A4-LeaderElection2] INFO  server.RaftServerConfigKeys (ConfUtils.java:logGet(43)) - raft.server.staging.catchup.gap = 1000 (default)
2019-10-17 05:56:54,417 [9f06b4c9-079f-4989-8935-c6be59ddc82e@group-29A8954181A4-LeaderElection2] INFO  server.RaftServerConfigKeys (ConfUtils.java:logGet(43)) - raft.server.rpc.sleep.time = 25ms (default)
2019-10-17 05:56:54,417 [9f06b4c9-079f-4989-8935-c6be59ddc82e@group-29A8954181A4-LeaderElection2] INFO  server.RaftServerConfigKeys (ConfUtils.java:logGet(43)) - raft.server.write.element-limit = 4096 (default)
2019-10-17 05:56:54,418 [9f06b4c9-079f-4989-8935-c6be59ddc82e@group-29A8954181A4-LeaderElection2] INFO  server.RaftServerConfigKeys (ConfUtils.java:logGet(43)) - raft.server.watch.timeout = 10s (default)
2019-10-17 05:56:54,418 [9f06b4c9-079f-4989-8935-c6be59ddc82e@group-29A8954181A4-LeaderElection2] INFO  server.RaftServerConfigKeys (ConfUtils.java:logGet(43)) - raft.server.watch.timeout.denomination = 1s (default)
2019-10-17 05:56:54,418 [9f06b4c9-079f-4989-8935-c6be59ddc82e@group-29A8954181A4-LeaderElection2] INFO  server.RaftServerConfigKeys (ConfUtils.java:logGet(43)) - raft.server.watch.element-limit = 65536 (default)
2019-10-17 05:56:54,480 [grpc-default-executor-0] INFO  impl.RaftServerProxy (RaftServerProxy.java:addNew(89)) - 3ce2c7b7-3df7-42de-af28-9ba1d65ea84e: addNew group-150980CC792A:[3ce2c7b7-3df7-42de-af28-9ba1d65ea84e:192.168.69.82:35388] returns group-150980CC792A:java.util.concurrent.CompletableFuture@2079ae10[Not completed]
2019-10-17 05:56:54,484 [pool-57-thread-1] INFO  impl.RaftServerImpl (RaftServerImpl.java:<init>(104)) - 3ce2c7b7-3df7-42de-af28-9ba1d65ea84e: new RaftServerImpl for group-150980CC792A:[3ce2c7b7-3df7-42de-af28-9ba1d65ea84e:192.168.69.82:35388] with ContainerStateMachine:uninitialized
2019-10-17 05:56:54,484 [pool-57-thread-1] INFO  server.RaftServerConfigKeys (ConfUtils.java:logGet(43)) - raft.server.rpc.timeout.min = 1s (custom)
2019-10-17 05:56:54,485 [pool-57-thread-1] INFO  server.RaftServerConfigKeys (ConfUtils.java:logGet(43)) - raft.server.rpc.timeout.max = 1200ms (custom)
2019-10-17 05:56:54,485 [pool-57-thread-1] INFO  server.RaftServerConfigKeys (ConfUtils.java:logGet(43)) - raft.server.rpcslowness.timeout = 120s (custom)
2019-10-17 05:56:54,485 [pool-57-thread-1] INFO  server.RaftServerConfigKeys (ConfUtils.java:logGet(43)) - raft.server.sleep.deviation.threshold = 300 (default)
2019-10-17 05:56:54,485 [pool-57-thread-1] INFO  server.RaftServerConfigKeys (ConfUtils.java:logGet(43)) - raft.server.log.appender.install.snapshot.enabled = false (custom)
2019-10-17 05:56:54,485 [pool-57-thread-1] INFO  impl.RaftServerImpl (ServerState.java:<init>(103)) - 3ce2c7b7-3df7-42de-af28-9ba1d65ea84e@group-150980CC792A: ConfigurationManager, init=-1: [3ce2c7b7-3df7-42de-af28-9ba1d65ea84e:192.168.69.82:35388], old=null, confs=<EMPTY_MAP>
2019-10-17 05:56:54,495 [pool-57-thread-1] INFO  server.RaftServerConfigKeys (ConfUtils.java:logGet(43)) - raft.server.storage.dir = [/workdir/hadoop-ozone/integration-test/target/test-dir/MiniOzoneClusterImpl-292a2ff3-4780-4182-bb48-82c20e0e309d/datanode-3/data/ratis] (custom)
2019-10-17 05:56:54,499 [pool-57-thread-1] INFO  server.RaftServerConfigKeys (ConfUtils.java:logGet(43)) - raft.server.log.corruption.policy = EXCEPTION (default)
2019-10-17 05:56:54,521 [pool-57-thread-1] INFO  storage.RaftStorageDirectory (RaftStorageDirectory.java:analyzeStorage(246)) - The storage directory /workdir/hadoop-ozone/integration-test/target/test-dir/MiniOzoneClusterImpl-292a2ff3-4780-4182-bb48-82c20e0e309d/datanode-3/data/ratis/2e6c2303-cb4f-438a-9b34-150980cc792a does not exist. Creating ...
2019-10-17 05:56:54,522 [9f06b4c9-079f-4989-8935-c6be59ddc82e@group-29A8954181A4-LeaderElection2] INFO  impl.RoleInfo (RoleInfo.java:updateAndGet(143)) - 9f06b4c9-079f-4989-8935-c6be59ddc82e: start LeaderState
2019-10-17 05:56:54,522 [3583ecf1-427c-4dcd-8d70-ec9fb58a3d28@group-D08209215A54-LeaderElection1] INFO  segmented.SegmentedRaftLogWorker (SegmentedRaftLogWorker.java:startLogSegment(385)) - 3583ecf1-427c-4dcd-8d70-ec9fb58a3d28@group-D08209215A54-SegmentedRaftLogWorker: Starting segment from index:0
2019-10-17 05:56:54,522 [9f06b4c9-079f-4989-8935-c6be59ddc82e@group-29A8954181A4-LeaderElection2] INFO  segmented.SegmentedRaftLogWorker (SegmentedRaftLogWorker.java:startLogSegment(385)) - 9f06b4c9-079f-4989-8935-c6be59ddc82e@group-29A8954181A4-SegmentedRaftLogWorker: Starting segment from index:0
2019-10-17 05:56:54,532 [3583ecf1-427c-4dcd-8d70-ec9fb58a3d28@group-D08209215A54-LeaderElection1] INFO  impl.RaftServerImpl (ServerState.java:setRaftConf(357)) - 3583ecf1-427c-4dcd-8d70-ec9fb58a3d28@group-D08209215A54: set configuration 0: [3583ecf1-427c-4dcd-8d70-ec9fb58a3d28:192.168.69.82:33910], old=null at 0
2019-10-17 05:56:54,532 [9f06b4c9-079f-4989-8935-c6be59ddc82e@group-29A8954181A4-LeaderElection2] INFO  impl.RaftServerImpl (ServerState.java:setRaftConf(357)) - 9f06b4c9-079f-4989-8935-c6be59ddc82e@group-29A8954181A4: set configuration 0: [9f06b4c9-079f-4989-8935-c6be59ddc82e:192.168.69.82:36391], old=null at 0
2019-10-17 05:56:54,535 [pool-57-thread-1] INFO  storage.RaftStorageDirectory (RaftStorageDirectory.java:tryLock(328)) - Lock on /workdir/hadoop-ozone/integration-test/target/test-dir/MiniOzoneClusterImpl-292a2ff3-4780-4182-bb48-82c20e0e309d/datanode-3/data/ratis/2e6c2303-cb4f-438a-9b34-150980cc792a/in_use.lock acquired by nodename 14099@pr-hdds-2286-c5gnx-3944588690
2019-10-17 05:56:54,548 [pool-57-thread-1] INFO  storage.RaftStorage (RaftStorage.java:format(84)) - Storage directory /workdir/hadoop-ozone/integration-test/target/test-dir/MiniOzoneClusterImpl-292a2ff3-4780-4182-bb48-82c20e0e309d/datanode-3/data/ratis/2e6c2303-cb4f-438a-9b34-150980cc792a has been successfully formatted.
2019-10-17 05:56:54,548 [pool-57-thread-1] INFO  ratis.ContainerStateMachine (ContainerStateMachine.java:loadSnapshot(231)) - group-150980CC792A: The snapshot info is null. Setting the last applied indexto:(t:0, i:~)
2019-10-17 05:56:54,549 [pool-57-thread-1] INFO  server.RaftServerConfigKeys (ConfUtils.java:logGet(43)) - raft.server.notification.no-leader.timeout = 120s (custom)
2019-10-17 05:56:54,549 [pool-57-thread-1] INFO  server.RaftServerConfigKeys (ConfUtils.java:logGet(43)) - raft.server.log.use.memory = false (default)
2019-10-17 05:56:54,549 [pool-57-thread-1] INFO  server.RaftServerConfigKeys (ConfUtils.java:logGet(43)) - raft.server.log.purge.gap = 1000000 (custom)
2019-10-17 05:56:54,549 [pool-57-thread-1] INFO  server.RaftServerConfigKeys (ConfUtils.java:logGet(43)) - raft.server.log.appender.buffer.byte-limit = 33554432 (custom)
2019-10-17 05:56:54,549 [pool-57-thread-1] INFO  server.RaftServerConfigKeys (ConfUtils.java:logGet(43)) - raft.server.log.segment.size.max = 1048576 (custom)
2019-10-17 05:56:54,553 [pool-57-thread-1] INFO  server.RaftServerConfigKeys (ConfUtils.java:logGet(43)) - raft.server.log.segment.cache.num.max = 2 (custom)
2019-10-17 05:56:54,553 [pool-57-thread-1] INFO  segmented.SegmentedRaftLogWorker (SegmentedRaftLogWorker.java:<init>(173)) - new 3ce2c7b7-3df7-42de-af28-9ba1d65ea84e@group-150980CC792A-SegmentedRaftLogWorker for RaftStorage:Storage Directory /workdir/hadoop-ozone/integration-test/target/test-dir/MiniOzoneClusterImpl-292a2ff3-4780-4182-bb48-82c20e0e309d/datanode-3/data/ratis/2e6c2303-cb4f-438a-9b34-150980cc792a
2019-10-17 05:56:54,554 [pool-57-thread-1] INFO  server.RaftServerConfigKeys (ConfUtils.java:logGet(43)) - raft.server.log.queue.byte-limit = 2147483647 (custom)
2019-10-17 05:56:54,554 [pool-57-thread-1] INFO  server.RaftServerConfigKeys (ConfUtils.java:logGet(43)) - raft.server.log.queue.element-limit = 1024 (custom)
2019-10-17 05:56:54,554 [pool-57-thread-1] INFO  server.RaftServerConfigKeys (ConfUtils.java:logGet(43)) - raft.server.log.segment.size.max = 1048576 (custom)
2019-10-17 05:56:54,554 [pool-57-thread-1] INFO  server.RaftServerConfigKeys (ConfUtils.java:logGet(43)) - raft.server.log.preallocated.size = 16384 (custom)
2019-10-17 05:56:54,554 [pool-57-thread-1] INFO  server.RaftServerConfigKeys (ConfUtils.java:logGet(43)) - raft.server.log.write.buffer.size = 33554432 (custom)
2019-10-17 05:56:54,554 [pool-57-thread-1] INFO  server.RaftServerConfigKeys (ConfUtils.java:logGet(43)) - raft.server.log.force.sync.num = 128 (default)
2019-10-17 05:56:54,554 [pool-57-thread-1] INFO  server.RaftServerConfigKeys (ConfUtils.java:logGet(43)) - raft.server.log.statemachine.data.sync = true (default)
2019-10-17 05:56:54,555 [pool-57-thread-1] INFO  server.RaftServerConfigKeys (ConfUtils.java:logGet(43)) - raft.server.log.statemachine.data.sync.timeout = 10s (default)
2019-10-17 05:56:54,555 [pool-57-thread-1] INFO  server.RaftServerConfigKeys (ConfUtils.java:logGet(43)) - raft.server.log.statemachine.data.sync.timeout.retry = -1 (default)
2019-10-17 05:56:54,555 [pool-57-thread-1] INFO  server.RaftServerConfigKeys (ConfUtils.java:logGet(43)) - raft.server.log.statemachine.data.caching.enabled = true (custom)
2019-10-17 05:56:54,556 [pool-57-thread-1] INFO  segmented.SegmentedRaftLogWorker (SegmentedRaftLogWorker.java:lambda$new$0(128)) - 3ce2c7b7-3df7-42de-af28-9ba1d65ea84e@group-150980CC792A-SegmentedRaftLogWorker: flushIndex: setUnconditionally 0 -> -1
2019-10-17 05:56:54,556 [pool-57-thread-1] INFO  server.RaftServerConfigKeys (ConfUtils.java:logGet(43)) - raft.server.snapshot.auto.trigger.enabled = true (custom)
2019-10-17 05:56:54,556 [pool-57-thread-1] INFO  server.RaftServerConfigKeys (ConfUtils.java:logGet(43)) - raft.server.snapshot.auto.trigger.threshold = 10000 (custom)
2019-10-17 05:56:54,556 [pool-57-thread-1] INFO  server.RaftServerConfigKeys (ConfUtils.java:logGet(43)) - raft.server.snapshot.retention.file.num = 5 (custom)
2019-10-17 05:56:54,557 [pool-57-thread-1] INFO  server.RaftServerConfigKeys (ConfUtils.java:logGet(43)) - raft.server.retrycache.expirytime = 600000ms (custom)
2019-10-17 05:56:54,563 [pool-57-thread-1] INFO  impl.RaftServerImpl (RaftServerImpl.java:start(195)) - 3ce2c7b7-3df7-42de-af28-9ba1d65ea84e@group-150980CC792A: start as a follower, conf=-1: [3ce2c7b7-3df7-42de-af28-9ba1d65ea84e:192.168.69.82:35388], old=null
2019-10-17 05:56:54,564 [pool-57-thread-1] INFO  impl.RaftServerImpl (RaftServerImpl.java:setRole(184)) - 3ce2c7b7-3df7-42de-af28-9ba1d65ea84e@group-150980CC792A: changes role from      null to FOLLOWER at term 0 for startAsFollower
2019-10-17 05:56:54,564 [pool-57-thread-1] INFO  impl.RoleInfo (RoleInfo.java:updateAndGet(143)) - 3ce2c7b7-3df7-42de-af28-9ba1d65ea84e: start FollowerState
2019-10-17 05:56:54,564 [pool-57-thread-1] INFO  util.JmxRegister (JmxRegister.java:tryRegister(44)) - Successfully registered JMX Bean with object name Ratis:service=RaftServer,group=group-150980CC792A,id=3ce2c7b7-3df7-42de-af28-9ba1d65ea84e
2019-10-17 05:56:54,581 [RatisPipelineUtilsThread] INFO  pipeline.PipelineStateManager (PipelineStateManager.java:addPipeline(56)) - Created pipeline Pipeline[ Id: 2e6c2303-cb4f-438a-9b34-150980cc792a, Nodes: 3ce2c7b7-3df7-42de-af28-9ba1d65ea84e{ip: 192.168.69.82, host: pr-hdds-2286-c5gnx-3944588690, networkLocation: /default-rack, certSerialId: null}, Type:RATIS, Factor:ONE, State:OPEN]
2019-10-17 05:56:54,606 [grpc-default-executor-0] INFO  impl.RaftServerProxy (RaftServerProxy.java:addNew(89)) - b282f9e2-3bd4-452e-9c35-1adeacc39134: addNew group-1CB6B5041B3F:[b282f9e2-3bd4-452e-9c35-1adeacc39134:192.168.69.82:42567] returns group-1CB6B5041B3F:java.util.concurrent.CompletableFuture@1f701947[Not completed]
2019-10-17 05:56:54,611 [pool-87-thread-1] INFO  impl.RaftServerImpl (RaftServerImpl.java:<init>(104)) - b282f9e2-3bd4-452e-9c35-1adeacc39134: new RaftServerImpl for group-1CB6B5041B3F:[b282f9e2-3bd4-452e-9c35-1adeacc39134:192.168.69.82:42567] with ContainerStateMachine:uninitialized
2019-10-17 05:56:54,612 [pool-87-thread-1] INFO  server.RaftServerConfigKeys (ConfUtils.java:logGet(43)) - raft.server.rpc.timeout.min = 1s (custom)
2019-10-17 05:56:54,612 [pool-87-thread-1] INFO  server.RaftServerConfigKeys (ConfUtils.java:logGet(43)) - raft.server.rpc.timeout.max = 1200ms (custom)
2019-10-17 05:56:54,612 [pool-87-thread-1] INFO  server.RaftServerConfigKeys (ConfUtils.java:logGet(43)) - raft.server.rpcslowness.timeout = 120s (custom)
2019-10-17 05:56:54,612 [pool-87-thread-1] INFO  server.RaftServerConfigKeys (ConfUtils.java:logGet(43)) - raft.server.sleep.deviation.threshold = 300 (default)
2019-10-17 05:56:54,612 [pool-87-thread-1] INFO  server.RaftServerConfigKeys (ConfUtils.java:logGet(43)) - raft.server.log.appender.install.snapshot.enabled = false (custom)
2019-10-17 05:56:54,612 [pool-87-thread-1] INFO  impl.RaftServerImpl (ServerState.java:<init>(103)) - b282f9e2-3bd4-452e-9c35-1adeacc39134@group-1CB6B5041B3F: ConfigurationManager, init=-1: [b282f9e2-3bd4-452e-9c35-1adeacc39134:192.168.69.82:42567], old=null, confs=<EMPTY_MAP>
2019-10-17 05:56:54,613 [pool-87-thread-1] INFO  server.RaftServerConfigKeys (ConfUtils.java:logGet(43)) - raft.server.storage.dir = [/workdir/hadoop-ozone/integration-test/target/test-dir/MiniOzoneClusterImpl-292a2ff3-4780-4182-bb48-82c20e0e309d/datanode-6/data/ratis] (custom)
2019-10-17 05:56:54,613 [pool-87-thread-1] INFO  server.RaftServerConfigKeys (ConfUtils.java:logGet(43)) - raft.server.log.corruption.policy = EXCEPTION (default)
2019-10-17 05:56:54,613 [pool-87-thread-1] INFO  storage.RaftStorageDirectory (RaftStorageDirectory.java:analyzeStorage(246)) - The storage directory /workdir/hadoop-ozone/integration-test/target/test-dir/MiniOzoneClusterImpl-292a2ff3-4780-4182-bb48-82c20e0e309d/datanode-6/data/ratis/28b20c19-4af8-4be8-acb1-1cb6b5041b3f does not exist. Creating ...
2019-10-17 05:56:54,626 [pool-87-thread-1] INFO  storage.RaftStorageDirectory (RaftStorageDirectory.java:tryLock(328)) - Lock on /workdir/hadoop-ozone/integration-test/target/test-dir/MiniOzoneClusterImpl-292a2ff3-4780-4182-bb48-82c20e0e309d/datanode-6/data/ratis/28b20c19-4af8-4be8-acb1-1cb6b5041b3f/in_use.lock acquired by nodename 14099@pr-hdds-2286-c5gnx-3944588690
2019-10-17 05:56:54,640 [pool-87-thread-1] INFO  storage.RaftStorage (RaftStorage.java:format(84)) - Storage directory /workdir/hadoop-ozone/integration-test/target/test-dir/MiniOzoneClusterImpl-292a2ff3-4780-4182-bb48-82c20e0e309d/datanode-6/data/ratis/28b20c19-4af8-4be8-acb1-1cb6b5041b3f has been successfully formatted.
2019-10-17 05:56:54,641 [pool-87-thread-1] INFO  ratis.ContainerStateMachine (ContainerStateMachine.java:loadSnapshot(231)) - group-1CB6B5041B3F: The snapshot info is null. Setting the last applied indexto:(t:0, i:~)
2019-10-17 05:56:54,641 [pool-87-thread-1] INFO  server.RaftServerConfigKeys (ConfUtils.java:logGet(43)) - raft.server.notification.no-leader.timeout = 120s (custom)
2019-10-17 05:56:54,641 [pool-87-thread-1] INFO  server.RaftServerConfigKeys (ConfUtils.java:logGet(43)) - raft.server.log.use.memory = false (default)
2019-10-17 05:56:54,641 [pool-87-thread-1] INFO  server.RaftServerConfigKeys (ConfUtils.java:logGet(43)) - raft.server.log.purge.gap = 1000000 (custom)
2019-10-17 05:56:54,642 [pool-87-thread-1] INFO  server.RaftServerConfigKeys (ConfUtils.java:logGet(43)) - raft.server.log.appender.buffer.byte-limit = 33554432 (custom)
2019-10-17 05:56:54,642 [pool-87-thread-1] INFO  server.RaftServerConfigKeys (ConfUtils.java:logGet(43)) - raft.server.log.segment.size.max = 1048576 (custom)
2019-10-17 05:56:54,645 [pool-87-thread-1] INFO  server.RaftServerConfigKeys (ConfUtils.java:logGet(43)) - raft.server.log.segment.cache.num.max = 2 (custom)
2019-10-17 05:56:54,645 [pool-87-thread-1] INFO  segmented.SegmentedRaftLogWorker (SegmentedRaftLogWorker.java:<init>(173)) - new b282f9e2-3bd4-452e-9c35-1adeacc39134@group-1CB6B5041B3F-SegmentedRaftLogWorker for RaftStorage:Storage Directory /workdir/hadoop-ozone/integration-test/target/test-dir/MiniOzoneClusterImpl-292a2ff3-4780-4182-bb48-82c20e0e309d/datanode-6/data/ratis/28b20c19-4af8-4be8-acb1-1cb6b5041b3f
2019-10-17 05:56:54,646 [pool-87-thread-1] INFO  server.RaftServerConfigKeys (ConfUtils.java:logGet(43)) - raft.server.log.queue.byte-limit = 2147483647 (custom)
2019-10-17 05:56:54,646 [pool-87-thread-1] INFO  server.RaftServerConfigKeys (ConfUtils.java:logGet(43)) - raft.server.log.queue.element-limit = 1024 (custom)
2019-10-17 05:56:54,646 [pool-87-thread-1] INFO  server.RaftServerConfigKeys (ConfUtils.java:logGet(43)) - raft.server.log.segment.size.max = 1048576 (custom)
2019-10-17 05:56:54,646 [pool-87-thread-1] INFO  server.RaftServerConfigKeys (ConfUtils.java:logGet(43)) - raft.server.log.preallocated.size = 16384 (custom)
2019-10-17 05:56:54,646 [pool-87-thread-1] INFO  server.RaftServerConfigKeys (ConfUtils.java:logGet(43)) - raft.server.log.write.buffer.size = 33554432 (custom)
2019-10-17 05:56:54,646 [pool-87-thread-1] INFO  server.RaftServerConfigKeys (ConfUtils.java:logGet(43)) - raft.server.log.force.sync.num = 128 (default)
2019-10-17 05:56:54,647 [pool-87-thread-1] INFO  server.RaftServerConfigKeys (ConfUtils.java:logGet(43)) - raft.server.log.statemachine.data.sync = true (default)
2019-10-17 05:56:54,647 [pool-87-thread-1] INFO  server.RaftServerConfigKeys (ConfUtils.java:logGet(43)) - raft.server.log.statemachine.data.sync.timeout = 10s (default)
2019-10-17 05:56:54,647 [pool-87-thread-1] INFO  server.RaftServerConfigKeys (ConfUtils.java:logGet(43)) - raft.server.log.statemachine.data.sync.timeout.retry = -1 (default)
2019-10-17 05:56:54,648 [pool-87-thread-1] INFO  server.RaftServerConfigKeys (ConfUtils.java:logGet(43)) - raft.server.log.statemachine.data.caching.enabled = true (custom)
2019-10-17 05:56:54,648 [pool-87-thread-1] INFO  segmented.SegmentedRaftLogWorker (SegmentedRaftLogWorker.java:lambda$new$0(128)) - b282f9e2-3bd4-452e-9c35-1adeacc39134@group-1CB6B5041B3F-SegmentedRaftLogWorker: flushIndex: setUnconditionally 0 -> -1
2019-10-17 05:56:54,649 [pool-87-thread-1] INFO  server.RaftServerConfigKeys (ConfUtils.java:logGet(43)) - raft.server.snapshot.auto.trigger.enabled = true (custom)
2019-10-17 05:56:54,649 [pool-87-thread-1] INFO  server.RaftServerConfigKeys (ConfUtils.java:logGet(43)) - raft.server.snapshot.auto.trigger.threshold = 10000 (custom)
2019-10-17 05:56:54,649 [pool-87-thread-1] INFO  server.RaftServerConfigKeys (ConfUtils.java:logGet(43)) - raft.server.snapshot.retention.file.num = 5 (custom)
2019-10-17 05:56:54,649 [pool-87-thread-1] INFO  server.RaftServerConfigKeys (ConfUtils.java:logGet(43)) - raft.server.retrycache.expirytime = 600000ms (custom)
2019-10-17 05:56:54,655 [pool-87-thread-1] INFO  impl.RaftServerImpl (RaftServerImpl.java:start(195)) - b282f9e2-3bd4-452e-9c35-1adeacc39134@group-1CB6B5041B3F: start as a follower, conf=-1: [b282f9e2-3bd4-452e-9c35-1adeacc39134:192.168.69.82:42567], old=null
2019-10-17 05:56:54,655 [pool-87-thread-1] INFO  impl.RaftServerImpl (RaftServerImpl.java:setRole(184)) - b282f9e2-3bd4-452e-9c35-1adeacc39134@group-1CB6B5041B3F: changes role from      null to FOLLOWER at term 0 for startAsFollower
2019-10-17 05:56:54,655 [pool-87-thread-1] INFO  impl.RoleInfo (RoleInfo.java:updateAndGet(143)) - b282f9e2-3bd4-452e-9c35-1adeacc39134: start FollowerState
2019-10-17 05:56:54,656 [pool-87-thread-1] INFO  util.JmxRegister (JmxRegister.java:tryRegister(44)) - Successfully registered JMX Bean with object name Ratis:service=RaftServer,group=group-1CB6B5041B3F,id=b282f9e2-3bd4-452e-9c35-1adeacc39134
2019-10-17 05:56:54,681 [RatisPipelineUtilsThread] INFO  pipeline.PipelineStateManager (PipelineStateManager.java:addPipeline(56)) - Created pipeline Pipeline[ Id: 28b20c19-4af8-4be8-acb1-1cb6b5041b3f, Nodes: b282f9e2-3bd4-452e-9c35-1adeacc39134{ip: 192.168.69.82, host: pr-hdds-2286-c5gnx-3944588690, networkLocation: /default-rack, certSerialId: null}, Type:RATIS, Factor:ONE, State:OPEN]
2019-10-17 05:56:54,691 [Thread-298] INFO  impl.FollowerState (FollowerState.java:run(108)) - b282f9e2-3bd4-452e-9c35-1adeacc39134@group-1CB6B5041B3F-FollowerState: change to CANDIDATE, lastRpcTime:35ms, electionTimeout:35ms
2019-10-17 05:56:54,691 [Thread-298] INFO  impl.RoleInfo (RoleInfo.java:shutdownFollowerState(121)) - b282f9e2-3bd4-452e-9c35-1adeacc39134: shutdown FollowerState
2019-10-17 05:56:54,692 [Thread-298] INFO  impl.RaftServerImpl (RaftServerImpl.java:setRole(184)) - b282f9e2-3bd4-452e-9c35-1adeacc39134@group-1CB6B5041B3F: changes role from  FOLLOWER to CANDIDATE at term 0 for changeToCandidate
2019-10-17 05:56:54,692 [Thread-298] INFO  impl.RoleInfo (RoleInfo.java:updateAndGet(143)) - b282f9e2-3bd4-452e-9c35-1adeacc39134: start LeaderElection
2019-10-17 05:56:54,703 [grpc-default-executor-0] INFO  impl.RaftServerProxy (RaftServerProxy.java:addNew(89)) - b5f12832-4a97-45e3-9503-a5cba48636cf: addNew group-61B21088962C:[b5f12832-4a97-45e3-9503-a5cba48636cf:192.168.69.82:34934] returns group-61B21088962C:java.util.concurrent.CompletableFuture@92f016a[Not completed]
2019-10-17 05:56:54,709 [pool-97-thread-1] INFO  impl.RaftServerImpl (RaftServerImpl.java:<init>(104)) - b5f12832-4a97-45e3-9503-a5cba48636cf: new RaftServerImpl for group-61B21088962C:[b5f12832-4a97-45e3-9503-a5cba48636cf:192.168.69.82:34934] with ContainerStateMachine:uninitialized
2019-10-17 05:56:54,709 [pool-97-thread-1] INFO  server.RaftServerConfigKeys (ConfUtils.java:logGet(43)) - raft.server.rpc.timeout.min = 1s (custom)
2019-10-17 05:56:54,709 [pool-97-thread-1] INFO  server.RaftServerConfigKeys (ConfUtils.java:logGet(43)) - raft.server.rpc.timeout.max = 1200ms (custom)
2019-10-17 05:56:54,709 [pool-97-thread-1] INFO  server.RaftServerConfigKeys (ConfUtils.java:logGet(43)) - raft.server.rpcslowness.timeout = 120s (custom)
2019-10-17 05:56:54,709 [pool-97-thread-1] INFO  server.RaftServerConfigKeys (ConfUtils.java:logGet(43)) - raft.server.sleep.deviation.threshold = 300 (default)
2019-10-17 05:56:54,710 [pool-97-thread-1] INFO  server.RaftServerConfigKeys (ConfUtils.java:logGet(43)) - raft.server.log.appender.install.snapshot.enabled = false (custom)
2019-10-17 05:56:54,710 [pool-97-thread-1] INFO  impl.RaftServerImpl (ServerState.java:<init>(103)) - b5f12832-4a97-45e3-9503-a5cba48636cf@group-61B21088962C: ConfigurationManager, init=-1: [b5f12832-4a97-45e3-9503-a5cba48636cf:192.168.69.82:34934], old=null, confs=<EMPTY_MAP>
2019-10-17 05:56:54,710 [pool-97-thread-1] INFO  server.RaftServerConfigKeys (ConfUtils.java:logGet(43)) - raft.server.storage.dir = [/workdir/hadoop-ozone/integration-test/target/test-dir/MiniOzoneClusterImpl-292a2ff3-4780-4182-bb48-82c20e0e309d/datanode-7/data/ratis] (custom)
2019-10-17 05:56:54,710 [b282f9e2-3bd4-452e-9c35-1adeacc39134@group-1CB6B5041B3F-LeaderElection3] INFO  impl.LeaderElection (LeaderElection.java:askForVotes(178)) - b282f9e2-3bd4-452e-9c35-1adeacc39134@group-1CB6B5041B3F-LeaderElection3: begin an election at term 1 for -1: [b282f9e2-3bd4-452e-9c35-1adeacc39134:192.168.69.82:42567], old=null
2019-10-17 05:56:54,710 [b282f9e2-3bd4-452e-9c35-1adeacc39134@group-1CB6B5041B3F-LeaderElection3] INFO  impl.RoleInfo (RoleInfo.java:shutdownLeaderElection(134)) - b282f9e2-3bd4-452e-9c35-1adeacc39134: shutdown LeaderElection
2019-10-17 05:56:54,711 [b282f9e2-3bd4-452e-9c35-1adeacc39134@group-1CB6B5041B3F-LeaderElection3] INFO  impl.RaftServerImpl (RaftServerImpl.java:setRole(184)) - b282f9e2-3bd4-452e-9c35-1adeacc39134@group-1CB6B5041B3F: changes role from CANDIDATE to LEADER at term 1 for changeToLeader
2019-10-17 05:56:54,711 [pool-97-thread-1] INFO  server.RaftServerConfigKeys (ConfUtils.java:logGet(43)) - raft.server.log.corruption.policy = EXCEPTION (default)
2019-10-17 05:56:54,711 [b282f9e2-3bd4-452e-9c35-1adeacc39134@group-1CB6B5041B3F-LeaderElection3] INFO  impl.RaftServerImpl (ServerState.java:setLeader(256)) - b282f9e2-3bd4-452e-9c35-1adeacc39134@group-1CB6B5041B3F: change Leader from null to b282f9e2-3bd4-452e-9c35-1adeacc39134 at term 1 for becomeLeader, leader elected after 69ms
2019-10-17 05:56:54,712 [b282f9e2-3bd4-452e-9c35-1adeacc39134@group-1CB6B5041B3F-LeaderElection3] INFO  server.RaftServerConfigKeys (ConfUtils.java:logGet(43)) - raft.server.staging.catchup.gap = 1000 (default)
2019-10-17 05:56:54,713 [pool-97-thread-1] INFO  storage.RaftStorageDirectory (RaftStorageDirectory.java:analyzeStorage(246)) - The storage directory /workdir/hadoop-ozone/integration-test/target/test-dir/MiniOzoneClusterImpl-292a2ff3-4780-4182-bb48-82c20e0e309d/datanode-7/data/ratis/63146afb-8f39-4cab-9b78-61b21088962c does not exist. Creating ...
2019-10-17 05:56:54,713 [b282f9e2-3bd4-452e-9c35-1adeacc39134@group-1CB6B5041B3F-LeaderElection3] INFO  server.RaftServerConfigKeys (ConfUtils.java:logGet(43)) - raft.server.rpc.sleep.time = 25ms (default)
2019-10-17 05:56:54,713 [b282f9e2-3bd4-452e-9c35-1adeacc39134@group-1CB6B5041B3F-LeaderElection3] INFO  server.RaftServerConfigKeys (ConfUtils.java:logGet(43)) - raft.server.write.element-limit = 4096 (default)
2019-10-17 05:56:54,713 [b282f9e2-3bd4-452e-9c35-1adeacc39134@group-1CB6B5041B3F-LeaderElection3] INFO  server.RaftServerConfigKeys (ConfUtils.java:logGet(43)) - raft.server.watch.timeout = 10s (default)
2019-10-17 05:56:54,713 [b282f9e2-3bd4-452e-9c35-1adeacc39134@group-1CB6B5041B3F-LeaderElection3] INFO  server.RaftServerConfigKeys (ConfUtils.java:logGet(43)) - raft.server.watch.timeout.denomination = 1s (default)
2019-10-17 05:56:54,713 [b282f9e2-3bd4-452e-9c35-1adeacc39134@group-1CB6B5041B3F-LeaderElection3] INFO  server.RaftServerConfigKeys (ConfUtils.java:logGet(43)) - raft.server.watch.element-limit = 65536 (default)
2019-10-17 05:56:54,716 [b282f9e2-3bd4-452e-9c35-1adeacc39134@group-1CB6B5041B3F-LeaderElection3] INFO  impl.RoleInfo (RoleInfo.java:updateAndGet(143)) - b282f9e2-3bd4-452e-9c35-1adeacc39134: start LeaderState
2019-10-17 05:56:54,717 [b282f9e2-3bd4-452e-9c35-1adeacc39134@group-1CB6B5041B3F-LeaderElection3] INFO  segmented.SegmentedRaftLogWorker (SegmentedRaftLogWorker.java:startLogSegment(385)) - b282f9e2-3bd4-452e-9c35-1adeacc39134@group-1CB6B5041B3F-SegmentedRaftLogWorker: Starting segment from index:0
2019-10-17 05:56:54,718 [b282f9e2-3bd4-452e-9c35-1adeacc39134@group-1CB6B5041B3F-LeaderElection3] INFO  impl.RaftServerImpl (ServerState.java:setRaftConf(357)) - b282f9e2-3bd4-452e-9c35-1adeacc39134@group-1CB6B5041B3F: set configuration 0: [b282f9e2-3bd4-452e-9c35-1adeacc39134:192.168.69.82:42567], old=null at 0
2019-10-17 05:56:54,726 [pool-97-thread-1] INFO  storage.RaftStorageDirectory (RaftStorageDirectory.java:tryLock(328)) - Lock on /workdir/hadoop-ozone/integration-test/target/test-dir/MiniOzoneClusterImpl-292a2ff3-4780-4182-bb48-82c20e0e309d/datanode-7/data/ratis/63146afb-8f39-4cab-9b78-61b21088962c/in_use.lock acquired by nodename 14099@pr-hdds-2286-c5gnx-3944588690
2019-10-17 05:56:54,739 [pool-97-thread-1] INFO  storage.RaftStorage (RaftStorage.java:format(84)) - Storage directory /workdir/hadoop-ozone/integration-test/target/test-dir/MiniOzoneClusterImpl-292a2ff3-4780-4182-bb48-82c20e0e309d/datanode-7/data/ratis/63146afb-8f39-4cab-9b78-61b21088962c has been successfully formatted.
2019-10-17 05:56:54,740 [pool-97-thread-1] INFO  ratis.ContainerStateMachine (ContainerStateMachine.java:loadSnapshot(231)) - group-61B21088962C: The snapshot info is null. Setting the last applied indexto:(t:0, i:~)
2019-10-17 05:56:54,740 [pool-97-thread-1] INFO  server.RaftServerConfigKeys (ConfUtils.java:logGet(43)) - raft.server.notification.no-leader.timeout = 120s (custom)
2019-10-17 05:56:54,740 [pool-97-thread-1] INFO  server.RaftServerConfigKeys (ConfUtils.java:logGet(43)) - raft.server.log.use.memory = false (default)
2019-10-17 05:56:54,740 [pool-97-thread-1] INFO  server.RaftServerConfigKeys (ConfUtils.java:logGet(43)) - raft.server.log.purge.gap = 1000000 (custom)
2019-10-17 05:56:54,740 [Thread-295] INFO  impl.FollowerState (FollowerState.java:run(108)) - 3ce2c7b7-3df7-42de-af28-9ba1d65ea84e@group-150980CC792A-FollowerState: change to CANDIDATE, lastRpcTime:176ms, electionTimeout:176ms
2019-10-17 05:56:54,740 [pool-97-thread-1] INFO  server.RaftServerConfigKeys (ConfUtils.java:logGet(43)) - raft.server.log.appender.buffer.byte-limit = 33554432 (custom)
2019-10-17 05:56:54,741 [Thread-295] INFO  impl.RoleInfo (RoleInfo.java:shutdownFollowerState(121)) - 3ce2c7b7-3df7-42de-af28-9ba1d65ea84e: shutdown FollowerState
2019-10-17 05:56:54,741 [pool-97-thread-1] INFO  server.RaftServerConfigKeys (ConfUtils.java:logGet(43)) - raft.server.log.segment.size.max = 1048576 (custom)
2019-10-17 05:56:54,741 [Thread-295] INFO  impl.RaftServerImpl (RaftServerImpl.java:setRole(184)) - 3ce2c7b7-3df7-42de-af28-9ba1d65ea84e@group-150980CC792A: changes role from  FOLLOWER to CANDIDATE at term 0 for changeToCandidate
2019-10-17 05:56:54,741 [Thread-295] INFO  impl.RoleInfo (RoleInfo.java:updateAndGet(143)) - 3ce2c7b7-3df7-42de-af28-9ba1d65ea84e: start LeaderElection
2019-10-17 05:56:54,777 [pool-97-thread-1] INFO  server.RaftServerConfigKeys (ConfUtils.java:logGet(43)) - raft.server.log.segment.cache.num.max = 2 (custom)
2019-10-17 05:56:54,777 [pool-97-thread-1] INFO  segmented.SegmentedRaftLogWorker (SegmentedRaftLogWorker.java:<init>(173)) - new b5f12832-4a97-45e3-9503-a5cba48636cf@group-61B21088962C-SegmentedRaftLogWorker for RaftStorage:Storage Directory /workdir/hadoop-ozone/integration-test/target/test-dir/MiniOzoneClusterImpl-292a2ff3-4780-4182-bb48-82c20e0e309d/datanode-7/data/ratis/63146afb-8f39-4cab-9b78-61b21088962c
2019-10-17 05:56:54,777 [pool-97-thread-1] INFO  server.RaftServerConfigKeys (ConfUtils.java:logGet(43)) - raft.server.log.queue.byte-limit = 2147483647 (custom)
2019-10-17 05:56:54,778 [pool-97-thread-1] INFO  server.RaftServerConfigKeys (ConfUtils.java:logGet(43)) - raft.server.log.queue.element-limit = 1024 (custom)
2019-10-17 05:56:54,778 [pool-97-thread-1] INFO  server.RaftServerConfigKeys (ConfUtils.java:logGet(43)) - raft.server.log.segment.size.max = 1048576 (custom)
2019-10-17 05:56:54,778 [pool-97-thread-1] INFO  server.RaftServerConfigKeys (ConfUtils.java:logGet(43)) - raft.server.log.preallocated.size = 16384 (custom)
2019-10-17 05:56:54,778 [pool-97-thread-1] INFO  server.RaftServerConfigKeys (ConfUtils.java:logGet(43)) - raft.server.log.write.buffer.size = 33554432 (custom)
2019-10-17 05:56:54,778 [pool-97-thread-1] INFO  server.RaftServerConfigKeys (ConfUtils.java:logGet(43)) - raft.server.log.force.sync.num = 128 (default)
2019-10-17 05:56:54,779 [pool-97-thread-1] INFO  server.RaftServerConfigKeys (ConfUtils.java:logGet(43)) - raft.server.log.statemachine.data.sync = true (default)
2019-10-17 05:56:54,779 [pool-97-thread-1] INFO  server.RaftServerConfigKeys (ConfUtils.java:logGet(43)) - raft.server.log.statemachine.data.sync.timeout = 10s (default)
2019-10-17 05:56:54,779 [pool-97-thread-1] INFO  server.RaftServerConfigKeys (ConfUtils.java:logGet(43)) - raft.server.log.statemachine.data.sync.timeout.retry = -1 (default)
2019-10-17 05:56:54,780 [pool-97-thread-1] INFO  server.RaftServerConfigKeys (ConfUtils.java:logGet(43)) - raft.server.log.statemachine.data.caching.enabled = true (custom)
2019-10-17 05:56:54,780 [pool-97-thread-1] INFO  segmented.SegmentedRaftLogWorker (SegmentedRaftLogWorker.java:lambda$new$0(128)) - b5f12832-4a97-45e3-9503-a5cba48636cf@group-61B21088962C-SegmentedRaftLogWorker: flushIndex: setUnconditionally 0 -> -1
2019-10-17 05:56:54,781 [pool-97-thread-1] INFO  server.RaftServerConfigKeys (ConfUtils.java:logGet(43)) - raft.server.snapshot.auto.trigger.enabled = true (custom)
2019-10-17 05:56:54,781 [pool-97-thread-1] INFO  server.RaftServerConfigKeys (ConfUtils.java:logGet(43)) - raft.server.snapshot.auto.trigger.threshold = 10000 (custom)
2019-10-17 05:56:54,781 [pool-97-thread-1] INFO  server.RaftServerConfigKeys (ConfUtils.java:logGet(43)) - raft.server.snapshot.retention.file.num = 5 (custom)
2019-10-17 05:56:54,781 [pool-97-thread-1] INFO  server.RaftServerConfigKeys (ConfUtils.java:logGet(43)) - raft.server.retrycache.expirytime = 600000ms (custom)
2019-10-17 05:56:54,787 [pool-97-thread-1] INFO  impl.RaftServerImpl (RaftServerImpl.java:start(195)) - b5f12832-4a97-45e3-9503-a5cba48636cf@group-61B21088962C: start as a follower, conf=-1: [b5f12832-4a97-45e3-9503-a5cba48636cf:192.168.69.82:34934], old=null
2019-10-17 05:56:54,787 [pool-97-thread-1] INFO  impl.RaftServerImpl (RaftServerImpl.java:setRole(184)) - b5f12832-4a97-45e3-9503-a5cba48636cf@group-61B21088962C: changes role from      null to FOLLOWER at term 0 for startAsFollower
2019-10-17 05:56:54,788 [pool-97-thread-1] INFO  impl.RoleInfo (RoleInfo.java:updateAndGet(143)) - b5f12832-4a97-45e3-9503-a5cba48636cf: start FollowerState
2019-10-17 05:56:54,788 [pool-97-thread-1] INFO  util.JmxRegister (JmxRegister.java:tryRegister(44)) - Successfully registered JMX Bean with object name Ratis:service=RaftServer,group=group-61B21088962C,id=b5f12832-4a97-45e3-9503-a5cba48636cf
2019-10-17 05:56:54,789 [b282f9e2-3bd4-452e-9c35-1adeacc39134@group-1CB6B5041B3F-SegmentedRaftLogWorker] INFO  segmented.SegmentedRaftLogWorker (SegmentedRaftLogWorker.java:execute(576)) - b282f9e2-3bd4-452e-9c35-1adeacc39134@group-1CB6B5041B3F-SegmentedRaftLogWorker: created new log segment /workdir/hadoop-ozone/integration-test/target/test-dir/MiniOzoneClusterImpl-292a2ff3-4780-4182-bb48-82c20e0e309d/datanode-6/data/ratis/28b20c19-4af8-4be8-acb1-1cb6b5041b3f/current/log_inprogress_0
2019-10-17 05:56:54,789 [3ce2c7b7-3df7-42de-af28-9ba1d65ea84e@group-150980CC792A-LeaderElection4] INFO  impl.LeaderElection (LeaderElection.java:askForVotes(178)) - 3ce2c7b7-3df7-42de-af28-9ba1d65ea84e@group-150980CC792A-LeaderElection4: begin an election at term 1 for -1: [3ce2c7b7-3df7-42de-af28-9ba1d65ea84e:192.168.69.82:35388], old=null
2019-10-17 05:56:54,789 [3583ecf1-427c-4dcd-8d70-ec9fb58a3d28@group-D08209215A54-SegmentedRaftLogWorker] INFO  segmented.SegmentedRaftLogWorker (SegmentedRaftLogWorker.java:execute(576)) - 3583ecf1-427c-4dcd-8d70-ec9fb58a3d28@group-D08209215A54-SegmentedRaftLogWorker: created new log segment /workdir/hadoop-ozone/integration-test/target/test-dir/MiniOzoneClusterImpl-292a2ff3-4780-4182-bb48-82c20e0e309d/datanode-0/data/ratis/72753c70-8498-4f2d-b0a3-d08209215a54/current/log_inprogress_0
2019-10-17 05:56:54,789 [9f06b4c9-079f-4989-8935-c6be59ddc82e@group-29A8954181A4-SegmentedRaftLogWorker] INFO  segmented.SegmentedRaftLogWorker (SegmentedRaftLogWorker.java:execute(576)) - 9f06b4c9-079f-4989-8935-c6be59ddc82e@group-29A8954181A4-SegmentedRaftLogWorker: created new log segment /workdir/hadoop-ozone/integration-test/target/test-dir/MiniOzoneClusterImpl-292a2ff3-4780-4182-bb48-82c20e0e309d/datanode-8/data/ratis/4ac21c6c-5cff-4990-8fdd-29a8954181a4/current/log_inprogress_0
2019-10-17 05:56:54,789 [3ce2c7b7-3df7-42de-af28-9ba1d65ea84e@group-150980CC792A-LeaderElection4] INFO  impl.RoleInfo (RoleInfo.java:shutdownLeaderElection(134)) - 3ce2c7b7-3df7-42de-af28-9ba1d65ea84e: shutdown LeaderElection
2019-10-17 05:56:54,790 [3ce2c7b7-3df7-42de-af28-9ba1d65ea84e@group-150980CC792A-LeaderElection4] INFO  impl.RaftServerImpl (RaftServerImpl.java:setRole(184)) - 3ce2c7b7-3df7-42de-af28-9ba1d65ea84e@group-150980CC792A: changes role from CANDIDATE to LEADER at term 1 for changeToLeader
2019-10-17 05:56:54,790 [3ce2c7b7-3df7-42de-af28-9ba1d65ea84e@group-150980CC792A-LeaderElection4] INFO  impl.RaftServerImpl (ServerState.java:setLeader(256)) - 3ce2c7b7-3df7-42de-af28-9ba1d65ea84e@group-150980CC792A: change Leader from null to 3ce2c7b7-3df7-42de-af28-9ba1d65ea84e at term 1 for becomeLeader, leader elected after 241ms
2019-10-17 05:56:54,792 [3ce2c7b7-3df7-42de-af28-9ba1d65ea84e@group-150980CC792A-LeaderElection4] INFO  server.RaftServerConfigKeys (ConfUtils.java:logGet(43)) - raft.server.staging.catchup.gap = 1000 (default)
2019-10-17 05:56:54,792 [3ce2c7b7-3df7-42de-af28-9ba1d65ea84e@group-150980CC792A-LeaderElection4] INFO  server.RaftServerConfigKeys (ConfUtils.java:logGet(43)) - raft.server.rpc.sleep.time = 25ms (default)
2019-10-17 05:56:54,792 [3ce2c7b7-3df7-42de-af28-9ba1d65ea84e@group-150980CC792A-LeaderElection4] INFO  server.RaftServerConfigKeys (ConfUtils.java:logGet(43)) - raft.server.write.element-limit = 4096 (default)
2019-10-17 05:56:54,793 [3ce2c7b7-3df7-42de-af28-9ba1d65ea84e@group-150980CC792A-LeaderElection4] INFO  server.RaftServerConfigKeys (ConfUtils.java:logGet(43)) - raft.server.watch.timeout = 10s (default)
2019-10-17 05:56:54,793 [3ce2c7b7-3df7-42de-af28-9ba1d65ea84e@group-150980CC792A-LeaderElection4] INFO  server.RaftServerConfigKeys (ConfUtils.java:logGet(43)) - raft.server.watch.timeout.denomination = 1s (default)
2019-10-17 05:56:54,793 [3ce2c7b7-3df7-42de-af28-9ba1d65ea84e@group-150980CC792A-LeaderElection4] INFO  server.RaftServerConfigKeys (ConfUtils.java:logGet(43)) - raft.server.watch.element-limit = 65536 (default)
2019-10-17 05:56:54,798 [3ce2c7b7-3df7-42de-af28-9ba1d65ea84e@group-150980CC792A-LeaderElection4] INFO  impl.RoleInfo (RoleInfo.java:updateAndGet(143)) - 3ce2c7b7-3df7-42de-af28-9ba1d65ea84e: start LeaderState
2019-10-17 05:56:54,800 [3ce2c7b7-3df7-42de-af28-9ba1d65ea84e@group-150980CC792A-LeaderElection4] INFO  segmented.SegmentedRaftLogWorker (SegmentedRaftLogWorker.java:startLogSegment(385)) - 3ce2c7b7-3df7-42de-af28-9ba1d65ea84e@group-150980CC792A-SegmentedRaftLogWorker: Starting segment from index:0
2019-10-17 05:56:54,802 [3ce2c7b7-3df7-42de-af28-9ba1d65ea84e@group-150980CC792A-LeaderElection4] INFO  impl.RaftServerImpl (ServerState.java:setRaftConf(357)) - 3ce2c7b7-3df7-42de-af28-9ba1d65ea84e@group-150980CC792A: set configuration 0: [3ce2c7b7-3df7-42de-af28-9ba1d65ea84e:192.168.69.82:35388], old=null at 0
2019-10-17 05:56:54,847 [RatisPipelineUtilsThread] INFO  pipeline.PipelineStateManager (PipelineStateManager.java:addPipeline(56)) - Created pipeline Pipeline[ Id: 63146afb-8f39-4cab-9b78-61b21088962c, Nodes: b5f12832-4a97-45e3-9503-a5cba48636cf{ip: 192.168.69.82, host: pr-hdds-2286-c5gnx-3944588690, networkLocation: /default-rack, certSerialId: null}, Type:RATIS, Factor:ONE, State:OPEN]
2019-10-17 05:56:54,854 [3ce2c7b7-3df7-42de-af28-9ba1d65ea84e@group-150980CC792A-SegmentedRaftLogWorker] INFO  segmented.SegmentedRaftLogWorker (SegmentedRaftLogWorker.java:execute(576)) - 3ce2c7b7-3df7-42de-af28-9ba1d65ea84e@group-150980CC792A-SegmentedRaftLogWorker: created new log segment /workdir/hadoop-ozone/integration-test/target/test-dir/MiniOzoneClusterImpl-292a2ff3-4780-4182-bb48-82c20e0e309d/datanode-3/data/ratis/2e6c2303-cb4f-438a-9b34-150980cc792a/current/log_inprogress_0
2019-10-17 05:56:54,867 [grpc-default-executor-0] INFO  impl.RaftServerProxy (RaftServerProxy.java:addNew(89)) - 8c36b79a-da60-43d4-9d42-baae689ad199: addNew group-3A6C6EE58852:[8c36b79a-da60-43d4-9d42-baae689ad199:192.168.69.82:45199] returns group-3A6C6EE58852:java.util.concurrent.CompletableFuture@4915d4ee[Not completed]
2019-10-17 05:56:54,872 [pool-67-thread-1] INFO  impl.RaftServerImpl (RaftServerImpl.java:<init>(104)) - 8c36b79a-da60-43d4-9d42-baae689ad199: new RaftServerImpl for group-3A6C6EE58852:[8c36b79a-da60-43d4-9d42-baae689ad199:192.168.69.82:45199] with ContainerStateMachine:uninitialized
2019-10-17 05:56:54,873 [pool-67-thread-1] INFO  server.RaftServerConfigKeys (ConfUtils.java:logGet(43)) - raft.server.rpc.timeout.min = 1s (custom)
2019-10-17 05:56:54,873 [pool-67-thread-1] INFO  server.RaftServerConfigKeys (ConfUtils.java:logGet(43)) - raft.server.rpc.timeout.max = 1200ms (custom)
2019-10-17 05:56:54,873 [pool-67-thread-1] INFO  server.RaftServerConfigKeys (ConfUtils.java:logGet(43)) - raft.server.rpcslowness.timeout = 120s (custom)
2019-10-17 05:56:54,873 [pool-67-thread-1] INFO  server.RaftServerConfigKeys (ConfUtils.java:logGet(43)) - raft.server.sleep.deviation.threshold = 300 (default)
2019-10-17 05:56:54,873 [pool-67-thread-1] INFO  server.RaftServerConfigKeys (ConfUtils.java:logGet(43)) - raft.server.log.appender.install.snapshot.enabled = false (custom)
2019-10-17 05:56:54,873 [pool-67-thread-1] INFO  impl.RaftServerImpl (ServerState.java:<init>(103)) - 8c36b79a-da60-43d4-9d42-baae689ad199@group-3A6C6EE58852: ConfigurationManager, init=-1: [8c36b79a-da60-43d4-9d42-baae689ad199:192.168.69.82:45199], old=null, confs=<EMPTY_MAP>
2019-10-17 05:56:54,874 [pool-67-thread-1] INFO  server.RaftServerConfigKeys (ConfUtils.java:logGet(43)) - raft.server.storage.dir = [/workdir/hadoop-ozone/integration-test/target/test-dir/MiniOzoneClusterImpl-292a2ff3-4780-4182-bb48-82c20e0e309d/datanode-4/data/ratis] (custom)
2019-10-17 05:56:54,874 [pool-67-thread-1] INFO  server.RaftServerConfigKeys (ConfUtils.java:logGet(43)) - raft.server.log.corruption.policy = EXCEPTION (default)
2019-10-17 05:56:54,875 [pool-67-thread-1] INFO  storage.RaftStorageDirectory (RaftStorageDirectory.java:analyzeStorage(246)) - The storage directory /workdir/hadoop-ozone/integration-test/target/test-dir/MiniOzoneClusterImpl-292a2ff3-4780-4182-bb48-82c20e0e309d/datanode-4/data/ratis/8791807e-6cc5-4354-a485-3a6c6ee58852 does not exist. Creating ...
2019-10-17 05:56:54,882 [Thread-304] INFO  impl.FollowerState (FollowerState.java:run(108)) - b5f12832-4a97-45e3-9503-a5cba48636cf@group-61B21088962C-FollowerState: change to CANDIDATE, lastRpcTime:94ms, electionTimeout:94ms
2019-10-17 05:56:54,882 [Thread-304] INFO  impl.RoleInfo (RoleInfo.java:shutdownFollowerState(121)) - b5f12832-4a97-45e3-9503-a5cba48636cf: shutdown FollowerState
2019-10-17 05:56:54,883 [Thread-304] INFO  impl.RaftServerImpl (RaftServerImpl.java:setRole(184)) - b5f12832-4a97-45e3-9503-a5cba48636cf@group-61B21088962C: changes role from  FOLLOWER to CANDIDATE at term 0 for changeToCandidate
2019-10-17 05:56:54,883 [Thread-304] INFO  impl.RoleInfo (RoleInfo.java:updateAndGet(143)) - b5f12832-4a97-45e3-9503-a5cba48636cf: start LeaderElection
2019-10-17 05:56:54,887 [pool-67-thread-1] INFO  storage.RaftStorageDirectory (RaftStorageDirectory.java:tryLock(328)) - Lock on /workdir/hadoop-ozone/integration-test/target/test-dir/MiniOzoneClusterImpl-292a2ff3-4780-4182-bb48-82c20e0e309d/datanode-4/data/ratis/8791807e-6cc5-4354-a485-3a6c6ee58852/in_use.lock acquired by nodename 14099@pr-hdds-2286-c5gnx-3944588690
2019-10-17 05:56:54,891 [b5f12832-4a97-45e3-9503-a5cba48636cf@group-61B21088962C-LeaderElection5] INFO  impl.LeaderElection (LeaderElection.java:askForVotes(178)) - b5f12832-4a97-45e3-9503-a5cba48636cf@group-61B21088962C-LeaderElection5: begin an election at term 1 for -1: [b5f12832-4a97-45e3-9503-a5cba48636cf:192.168.69.82:34934], old=null
2019-10-17 05:56:54,892 [b5f12832-4a97-45e3-9503-a5cba48636cf@group-61B21088962C-LeaderElection5] INFO  impl.RoleInfo (RoleInfo.java:shutdownLeaderElection(134)) - b5f12832-4a97-45e3-9503-a5cba48636cf: shutdown LeaderElection
2019-10-17 05:56:54,892 [b5f12832-4a97-45e3-9503-a5cba48636cf@group-61B21088962C-LeaderElection5] INFO  impl.RaftServerImpl (RaftServerImpl.java:setRole(184)) - b5f12832-4a97-45e3-9503-a5cba48636cf@group-61B21088962C: changes role from CANDIDATE to LEADER at term 1 for changeToLeader
2019-10-17 05:56:54,892 [b5f12832-4a97-45e3-9503-a5cba48636cf@group-61B21088962C-LeaderElection5] INFO  impl.RaftServerImpl (ServerState.java:setLeader(256)) - b5f12832-4a97-45e3-9503-a5cba48636cf@group-61B21088962C: change Leader from null to b5f12832-4a97-45e3-9503-a5cba48636cf at term 1 for becomeLeader, leader elected after 152ms
2019-10-17 05:56:54,892 [pool-67-thread-1] INFO  storage.RaftStorage (RaftStorage.java:format(84)) - Storage directory /workdir/hadoop-ozone/integration-test/target/test-dir/MiniOzoneClusterImpl-292a2ff3-4780-4182-bb48-82c20e0e309d/datanode-4/data/ratis/8791807e-6cc5-4354-a485-3a6c6ee58852 has been successfully formatted.
2019-10-17 05:56:54,894 [b5f12832-4a97-45e3-9503-a5cba48636cf@group-61B21088962C-LeaderElection5] INFO  server.RaftServerConfigKeys (ConfUtils.java:logGet(43)) - raft.server.staging.catchup.gap = 1000 (default)
2019-10-17 05:56:54,894 [b5f12832-4a97-45e3-9503-a5cba48636cf@group-61B21088962C-LeaderElection5] INFO  server.RaftServerConfigKeys (ConfUtils.java:logGet(43)) - raft.server.rpc.sleep.time = 25ms (default)
2019-10-17 05:56:54,894 [pool-67-thread-1] INFO  ratis.ContainerStateMachine (ContainerStateMachine.java:loadSnapshot(231)) - group-3A6C6EE58852: The snapshot info is null. Setting the last applied indexto:(t:0, i:~)
2019-10-17 05:56:54,894 [b5f12832-4a97-45e3-9503-a5cba48636cf@group-61B21088962C-LeaderElection5] INFO  server.RaftServerConfigKeys (ConfUtils.java:logGet(43)) - raft.server.write.element-limit = 4096 (default)
2019-10-17 05:56:54,894 [pool-67-thread-1] INFO  server.RaftServerConfigKeys (ConfUtils.java:logGet(43)) - raft.server.notification.no-leader.timeout = 120s (custom)
2019-10-17 05:56:54,894 [b5f12832-4a97-45e3-9503-a5cba48636cf@group-61B21088962C-LeaderElection5] INFO  server.RaftServerConfigKeys (ConfUtils.java:logGet(43)) - raft.server.watch.timeout = 10s (default)
2019-10-17 05:56:54,894 [pool-67-thread-1] INFO  server.RaftServerConfigKeys (ConfUtils.java:logGet(43)) - raft.server.log.use.memory = false (default)
2019-10-17 05:56:54,895 [b5f12832-4a97-45e3-9503-a5cba48636cf@group-61B21088962C-LeaderElection5] INFO  server.RaftServerConfigKeys (ConfUtils.java:logGet(43)) - raft.server.watch.timeout.denomination = 1s (default)
2019-10-17 05:56:54,895 [pool-67-thread-1] INFO  server.RaftServerConfigKeys (ConfUtils.java:logGet(43)) - raft.server.log.purge.gap = 1000000 (custom)
2019-10-17 05:56:54,895 [b5f12832-4a97-45e3-9503-a5cba48636cf@group-61B21088962C-LeaderElection5] INFO  server.RaftServerConfigKeys (ConfUtils.java:logGet(43)) - raft.server.watch.element-limit = 65536 (default)
2019-10-17 05:56:54,895 [pool-67-thread-1] INFO  server.RaftServerConfigKeys (ConfUtils.java:logGet(43)) - raft.server.log.appender.buffer.byte-limit = 33554432 (custom)
2019-10-17 05:56:54,895 [pool-67-thread-1] INFO  server.RaftServerConfigKeys (ConfUtils.java:logGet(43)) - raft.server.log.segment.size.max = 1048576 (custom)
2019-10-17 05:56:54,898 [b5f12832-4a97-45e3-9503-a5cba48636cf@group-61B21088962C-LeaderElection5] INFO  impl.RoleInfo (RoleInfo.java:updateAndGet(143)) - b5f12832-4a97-45e3-9503-a5cba48636cf: start LeaderState
2019-10-17 05:56:54,898 [b5f12832-4a97-45e3-9503-a5cba48636cf@group-61B21088962C-LeaderElection5] INFO  segmented.SegmentedRaftLogWorker (SegmentedRaftLogWorker.java:startLogSegment(385)) - b5f12832-4a97-45e3-9503-a5cba48636cf@group-61B21088962C-SegmentedRaftLogWorker: Starting segment from index:0
2019-10-17 05:56:54,899 [pool-67-thread-1] INFO  server.RaftServerConfigKeys (ConfUtils.java:logGet(43)) - raft.server.log.segment.cache.num.max = 2 (custom)
2019-10-17 05:56:54,899 [pool-67-thread-1] INFO  segmented.SegmentedRaftLogWorker (SegmentedRaftLogWorker.java:<init>(173)) - new 8c36b79a-da60-43d4-9d42-baae689ad199@group-3A6C6EE58852-SegmentedRaftLogWorker for RaftStorage:Storage Directory /workdir/hadoop-ozone/integration-test/target/test-dir/MiniOzoneClusterImpl-292a2ff3-4780-4182-bb48-82c20e0e309d/datanode-4/data/ratis/8791807e-6cc5-4354-a485-3a6c6ee58852
2019-10-17 05:56:54,899 [pool-67-thread-1] INFO  server.RaftServerConfigKeys (ConfUtils.java:logGet(43)) - raft.server.log.queue.byte-limit = 2147483647 (custom)
2019-10-17 05:56:54,899 [b5f12832-4a97-45e3-9503-a5cba48636cf@group-61B21088962C-LeaderElection5] INFO  impl.RaftServerImpl (ServerState.java:setRaftConf(357)) - b5f12832-4a97-45e3-9503-a5cba48636cf@group-61B21088962C: set configuration 0: [b5f12832-4a97-45e3-9503-a5cba48636cf:192.168.69.82:34934], old=null at 0
2019-10-17 05:56:54,899 [pool-67-thread-1] INFO  server.RaftServerConfigKeys (ConfUtils.java:logGet(43)) - raft.server.log.queue.element-limit = 1024 (custom)
2019-10-17 05:56:54,945 [pool-67-thread-1] INFO  server.RaftServerConfigKeys (ConfUtils.java:logGet(43)) - raft.server.log.segment.size.max = 1048576 (custom)
2019-10-17 05:56:54,945 [pool-67-thread-1] INFO  server.RaftServerConfigKeys (ConfUtils.java:logGet(43)) - raft.server.log.preallocated.size = 16384 (custom)
2019-10-17 05:56:54,945 [pool-67-thread-1] INFO  server.RaftServerConfigKeys (ConfUtils.java:logGet(43)) - raft.server.log.write.buffer.size = 33554432 (custom)
2019-10-17 05:56:54,946 [pool-67-thread-1] INFO  server.RaftServerConfigKeys (ConfUtils.java:logGet(43)) - raft.server.log.force.sync.num = 128 (default)
2019-10-17 05:56:54,946 [pool-67-thread-1] INFO  server.RaftServerConfigKeys (ConfUtils.java:logGet(43)) - raft.server.log.statemachine.data.sync = true (default)
2019-10-17 05:56:54,946 [pool-67-thread-1] INFO  server.RaftServerConfigKeys (ConfUtils.java:logGet(43)) - raft.server.log.statemachine.data.sync.timeout = 10s (default)
2019-10-17 05:56:54,946 [pool-67-thread-1] INFO  server.RaftServerConfigKeys (ConfUtils.java:logGet(43)) - raft.server.log.statemachine.data.sync.timeout.retry = -1 (default)
2019-10-17 05:56:54,947 [pool-67-thread-1] INFO  server.RaftServerConfigKeys (ConfUtils.java:logGet(43)) - raft.server.log.statemachine.data.caching.enabled = true (custom)
2019-10-17 05:56:54,947 [pool-67-thread-1] INFO  segmented.SegmentedRaftLogWorker (SegmentedRaftLogWorker.java:lambda$new$0(128)) - 8c36b79a-da60-43d4-9d42-baae689ad199@group-3A6C6EE58852-SegmentedRaftLogWorker: flushIndex: setUnconditionally 0 -> -1
2019-10-17 05:56:54,948 [pool-67-thread-1] INFO  server.RaftServerConfigKeys (ConfUtils.java:logGet(43)) - raft.server.snapshot.auto.trigger.enabled = true (custom)
2019-10-17 05:56:54,948 [pool-67-thread-1] INFO  server.RaftServerConfigKeys (ConfUtils.java:logGet(43)) - raft.server.snapshot.auto.trigger.threshold = 10000 (custom)
2019-10-17 05:56:54,948 [pool-67-thread-1] INFO  server.RaftServerConfigKeys (ConfUtils.java:logGet(43)) - raft.server.snapshot.retention.file.num = 5 (custom)
2019-10-17 05:56:54,948 [pool-67-thread-1] INFO  server.RaftServerConfigKeys (ConfUtils.java:logGet(43)) - raft.server.retrycache.expirytime = 600000ms (custom)
2019-10-17 05:56:54,954 [pool-67-thread-1] INFO  impl.RaftServerImpl (RaftServerImpl.java:start(195)) - 8c36b79a-da60-43d4-9d42-baae689ad199@group-3A6C6EE58852: start as a follower, conf=-1: [8c36b79a-da60-43d4-9d42-baae689ad199:192.168.69.82:45199], old=null
2019-10-17 05:56:54,954 [pool-67-thread-1] INFO  impl.RaftServerImpl (RaftServerImpl.java:setRole(184)) - 8c36b79a-da60-43d4-9d42-baae689ad199@group-3A6C6EE58852: changes role from      null to FOLLOWER at term 0 for startAsFollower
2019-10-17 05:56:54,954 [pool-67-thread-1] INFO  impl.RoleInfo (RoleInfo.java:updateAndGet(143)) - 8c36b79a-da60-43d4-9d42-baae689ad199: start FollowerState
2019-10-17 05:56:54,955 [pool-67-thread-1] INFO  util.JmxRegister (JmxRegister.java:tryRegister(44)) - Successfully registered JMX Bean with object name Ratis:service=RaftServer,group=group-3A6C6EE58852,id=8c36b79a-da60-43d4-9d42-baae689ad199
2019-10-17 05:56:54,958 [b5f12832-4a97-45e3-9503-a5cba48636cf@group-61B21088962C-SegmentedRaftLogWorker] INFO  segmented.SegmentedRaftLogWorker (SegmentedRaftLogWorker.java:execute(576)) - b5f12832-4a97-45e3-9503-a5cba48636cf@group-61B21088962C-SegmentedRaftLogWorker: created new log segment /workdir/hadoop-ozone/integration-test/target/test-dir/MiniOzoneClusterImpl-292a2ff3-4780-4182-bb48-82c20e0e309d/datanode-7/data/ratis/63146afb-8f39-4cab-9b78-61b21088962c/current/log_inprogress_0
2019-10-17 05:56:54,972 [Thread-310] INFO  impl.FollowerState (FollowerState.java:run(108)) - 8c36b79a-da60-43d4-9d42-baae689ad199@group-3A6C6EE58852-FollowerState: change to CANDIDATE, lastRpcTime:17ms, electionTimeout:17ms
2019-10-17 05:56:54,972 [Thread-310] INFO  impl.RoleInfo (RoleInfo.java:shutdownFollowerState(121)) - 8c36b79a-da60-43d4-9d42-baae689ad199: shutdown FollowerState
2019-10-17 05:56:54,972 [Thread-310] INFO  impl.RaftServerImpl (RaftServerImpl.java:setRole(184)) - 8c36b79a-da60-43d4-9d42-baae689ad199@group-3A6C6EE58852: changes role from  FOLLOWER to CANDIDATE at term 0 for changeToCandidate
2019-10-17 05:56:54,972 [Thread-310] INFO  impl.RoleInfo (RoleInfo.java:updateAndGet(143)) - 8c36b79a-da60-43d4-9d42-baae689ad199: start LeaderElection
2019-10-17 05:56:54,972 [RatisPipelineUtilsThread] INFO  pipeline.PipelineStateManager (PipelineStateManager.java:addPipeline(56)) - Created pipeline Pipeline[ Id: 8791807e-6cc5-4354-a485-3a6c6ee58852, Nodes: 8c36b79a-da60-43d4-9d42-baae689ad199{ip: 192.168.69.82, host: pr-hdds-2286-c5gnx-3944588690, networkLocation: /default-rack, certSerialId: null}, Type:RATIS, Factor:ONE, State:OPEN]
2019-10-17 05:56:54,990 [8c36b79a-da60-43d4-9d42-baae689ad199@group-3A6C6EE58852-LeaderElection6] INFO  impl.LeaderElection (LeaderElection.java:askForVotes(178)) - 8c36b79a-da60-43d4-9d42-baae689ad199@group-3A6C6EE58852-LeaderElection6: begin an election at term 1 for -1: [8c36b79a-da60-43d4-9d42-baae689ad199:192.168.69.82:45199], old=null
2019-10-17 05:56:54,990 [8c36b79a-da60-43d4-9d42-baae689ad199@group-3A6C6EE58852-LeaderElection6] INFO  impl.RoleInfo (RoleInfo.java:shutdownLeaderElection(134)) - 8c36b79a-da60-43d4-9d42-baae689ad199: shutdown LeaderElection
2019-10-17 05:56:54,990 [8c36b79a-da60-43d4-9d42-baae689ad199@group-3A6C6EE58852-LeaderElection6] INFO  impl.RaftServerImpl (RaftServerImpl.java:setRole(184)) - 8c36b79a-da60-43d4-9d42-baae689ad199@group-3A6C6EE58852: changes role from CANDIDATE to LEADER at term 1 for changeToLeader
2019-10-17 05:56:54,990 [8c36b79a-da60-43d4-9d42-baae689ad199@group-3A6C6EE58852-LeaderElection6] INFO  impl.RaftServerImpl (ServerState.java:setLeader(256)) - 8c36b79a-da60-43d4-9d42-baae689ad199@group-3A6C6EE58852: change Leader from null to 8c36b79a-da60-43d4-9d42-baae689ad199 at term 1 for becomeLeader, leader elected after 96ms
2019-10-17 05:56:54,994 [8c36b79a-da60-43d4-9d42-baae689ad199@group-3A6C6EE58852-LeaderElection6] INFO  server.RaftServerConfigKeys (ConfUtils.java:logGet(43)) - raft.server.staging.catchup.gap = 1000 (default)
2019-10-17 05:56:54,994 [8c36b79a-da60-43d4-9d42-baae689ad199@group-3A6C6EE58852-LeaderElection6] INFO  server.RaftServerConfigKeys (ConfUtils.java:logGet(43)) - raft.server.rpc.sleep.time = 25ms (default)
2019-10-17 05:56:54,994 [8c36b79a-da60-43d4-9d42-baae689ad199@group-3A6C6EE58852-LeaderElection6] INFO  server.RaftServerConfigKeys (ConfUtils.java:logGet(43)) - raft.server.write.element-limit = 4096 (default)
2019-10-17 05:56:54,996 [8c36b79a-da60-43d4-9d42-baae689ad199@group-3A6C6EE58852-LeaderElection6] INFO  server.RaftServerConfigKeys (ConfUtils.java:logGet(43)) - raft.server.watch.timeout = 10s (default)
2019-10-17 05:56:54,996 [grpc-default-executor-0] INFO  impl.RaftServerProxy (RaftServerProxy.java:addNew(89)) - 596a1247-d4fb-4568-97fb-3ff1ce43250d: addNew group-221612B82C11:[596a1247-d4fb-4568-97fb-3ff1ce43250d:192.168.69.82:37061] returns group-221612B82C11:java.util.concurrent.CompletableFuture@34190201[Not completed]
2019-10-17 05:56:54,996 [8c36b79a-da60-43d4-9d42-baae689ad199@group-3A6C6EE58852-LeaderElection6] INFO  server.RaftServerConfigKeys (ConfUtils.java:logGet(43)) - raft.server.watch.timeout.denomination = 1s (default)
2019-10-17 05:56:54,996 [8c36b79a-da60-43d4-9d42-baae689ad199@group-3A6C6EE58852-LeaderElection6] INFO  server.RaftServerConfigKeys (ConfUtils.java:logGet(43)) - raft.server.watch.element-limit = 65536 (default)
2019-10-17 05:56:55,008 [pool-47-thread-1] INFO  impl.RaftServerImpl (RaftServerImpl.java:<init>(104)) - 596a1247-d4fb-4568-97fb-3ff1ce43250d: new RaftServerImpl for group-221612B82C11:[596a1247-d4fb-4568-97fb-3ff1ce43250d:192.168.69.82:37061] with ContainerStateMachine:uninitialized
2019-10-17 05:56:55,008 [pool-47-thread-1] INFO  server.RaftServerConfigKeys (ConfUtils.java:logGet(43)) - raft.server.rpc.timeout.min = 1s (custom)
2019-10-17 05:56:55,008 [8c36b79a-da60-43d4-9d42-baae689ad199@group-3A6C6EE58852-LeaderElection6] INFO  impl.RoleInfo (RoleInfo.java:updateAndGet(143)) - 8c36b79a-da60-43d4-9d42-baae689ad199: start LeaderState
2019-10-17 05:56:55,008 [pool-47-thread-1] INFO  server.RaftServerConfigKeys (ConfUtils.java:logGet(43)) - raft.server.rpc.timeout.max = 1200ms (custom)
2019-10-17 05:56:55,009 [pool-47-thread-1] INFO  server.RaftServerConfigKeys (ConfUtils.java:logGet(43)) - raft.server.rpcslowness.timeout = 120s (custom)
2019-10-17 05:56:55,009 [pool-47-thread-1] INFO  server.RaftServerConfigKeys (ConfUtils.java:logGet(43)) - raft.server.sleep.deviation.threshold = 300 (default)
2019-10-17 05:56:55,009 [8c36b79a-da60-43d4-9d42-baae689ad199@group-3A6C6EE58852-LeaderElection6] INFO  segmented.SegmentedRaftLogWorker (SegmentedRaftLogWorker.java:startLogSegment(385)) - 8c36b79a-da60-43d4-9d42-baae689ad199@group-3A6C6EE58852-SegmentedRaftLogWorker: Starting segment from index:0
2019-10-17 05:56:55,009 [pool-47-thread-1] INFO  server.RaftServerConfigKeys (ConfUtils.java:logGet(43)) - raft.server.log.appender.install.snapshot.enabled = false (custom)
2019-10-17 05:56:55,009 [pool-47-thread-1] INFO  impl.RaftServerImpl (ServerState.java:<init>(103)) - 596a1247-d4fb-4568-97fb-3ff1ce43250d@group-221612B82C11: ConfigurationManager, init=-1: [596a1247-d4fb-4568-97fb-3ff1ce43250d:192.168.69.82:37061], old=null, confs=<EMPTY_MAP>
2019-10-17 05:56:55,010 [pool-47-thread-1] INFO  server.RaftServerConfigKeys (ConfUtils.java:logGet(43)) - raft.server.storage.dir = [/workdir/hadoop-ozone/integration-test/target/test-dir/MiniOzoneClusterImpl-292a2ff3-4780-4182-bb48-82c20e0e309d/datanode-2/data/ratis] (custom)
2019-10-17 05:56:55,010 [8c36b79a-da60-43d4-9d42-baae689ad199@group-3A6C6EE58852-LeaderElection6] INFO  impl.RaftServerImpl (ServerState.java:setRaftConf(357)) - 8c36b79a-da60-43d4-9d42-baae689ad199@group-3A6C6EE58852: set configuration 0: [8c36b79a-da60-43d4-9d42-baae689ad199:192.168.69.82:45199], old=null at 0
2019-10-17 05:56:55,010 [pool-47-thread-1] INFO  server.RaftServerConfigKeys (ConfUtils.java:logGet(43)) - raft.server.log.corruption.policy = EXCEPTION (default)
2019-10-17 05:56:55,053 [pool-47-thread-1] INFO  storage.RaftStorageDirectory (RaftStorageDirectory.java:analyzeStorage(246)) - The storage directory /workdir/hadoop-ozone/integration-test/target/test-dir/MiniOzoneClusterImpl-292a2ff3-4780-4182-bb48-82c20e0e309d/datanode-2/data/ratis/e3cb20a3-189b-403e-b1ef-221612b82c11 does not exist. Creating ...
2019-10-17 05:56:55,067 [pool-47-thread-1] INFO  storage.RaftStorageDirectory (RaftStorageDirectory.java:tryLock(328)) - Lock on /workdir/hadoop-ozone/integration-test/target/test-dir/MiniOzoneClusterImpl-292a2ff3-4780-4182-bb48-82c20e0e309d/datanode-2/data/ratis/e3cb20a3-189b-403e-b1ef-221612b82c11/in_use.lock acquired by nodename 14099@pr-hdds-2286-c5gnx-3944588690
2019-10-17 05:56:55,067 [8c36b79a-da60-43d4-9d42-baae689ad199@group-3A6C6EE58852-SegmentedRaftLogWorker] INFO  segmented.SegmentedRaftLogWorker (SegmentedRaftLogWorker.java:execute(576)) - 8c36b79a-da60-43d4-9d42-baae689ad199@group-3A6C6EE58852-SegmentedRaftLogWorker: created new log segment /workdir/hadoop-ozone/integration-test/target/test-dir/MiniOzoneClusterImpl-292a2ff3-4780-4182-bb48-82c20e0e309d/datanode-4/data/ratis/8791807e-6cc5-4354-a485-3a6c6ee58852/current/log_inprogress_0
2019-10-17 05:56:55,088 [pool-47-thread-1] INFO  storage.RaftStorage (RaftStorage.java:format(84)) - Storage directory /workdir/hadoop-ozone/integration-test/target/test-dir/MiniOzoneClusterImpl-292a2ff3-4780-4182-bb48-82c20e0e309d/datanode-2/data/ratis/e3cb20a3-189b-403e-b1ef-221612b82c11 has been successfully formatted.
2019-10-17 05:56:55,089 [pool-47-thread-1] INFO  ratis.ContainerStateMachine (ContainerStateMachine.java:loadSnapshot(231)) - group-221612B82C11: The snapshot info is null. Setting the last applied indexto:(t:0, i:~)
2019-10-17 05:56:55,089 [pool-47-thread-1] INFO  server.RaftServerConfigKeys (ConfUtils.java:logGet(43)) - raft.server.notification.no-leader.timeout = 120s (custom)
2019-10-17 05:56:55,089 [pool-47-thread-1] INFO  server.RaftServerConfigKeys (ConfUtils.java:logGet(43)) - raft.server.log.use.memory = false (default)
2019-10-17 05:56:55,089 [pool-47-thread-1] INFO  server.RaftServerConfigKeys (ConfUtils.java:logGet(43)) - raft.server.log.purge.gap = 1000000 (custom)
2019-10-17 05:56:55,089 [pool-47-thread-1] INFO  server.RaftServerConfigKeys (ConfUtils.java:logGet(43)) - raft.server.log.appender.buffer.byte-limit = 33554432 (custom)
2019-10-17 05:56:55,090 [pool-47-thread-1] INFO  server.RaftServerConfigKeys (ConfUtils.java:logGet(43)) - raft.server.log.segment.size.max = 1048576 (custom)
2019-10-17 05:56:55,093 [pool-47-thread-1] INFO  server.RaftServerConfigKeys (ConfUtils.java:logGet(43)) - raft.server.log.segment.cache.num.max = 2 (custom)
2019-10-17 05:56:55,093 [pool-47-thread-1] INFO  segmented.SegmentedRaftLogWorker (SegmentedRaftLogWorker.java:<init>(173)) - new 596a1247-d4fb-4568-97fb-3ff1ce43250d@group-221612B82C11-SegmentedRaftLogWorker for RaftStorage:Storage Directory /workdir/hadoop-ozone/integration-test/target/test-dir/MiniOzoneClusterImpl-292a2ff3-4780-4182-bb48-82c20e0e309d/datanode-2/data/ratis/e3cb20a3-189b-403e-b1ef-221612b82c11
2019-10-17 05:56:55,093 [pool-47-thread-1] INFO  server.RaftServerConfigKeys (ConfUtils.java:logGet(43)) - raft.server.log.queue.byte-limit = 2147483647 (custom)
2019-10-17 05:56:55,093 [pool-47-thread-1] INFO  server.RaftServerConfigKeys (ConfUtils.java:logGet(43)) - raft.server.log.queue.element-limit = 1024 (custom)
2019-10-17 05:56:55,093 [pool-47-thread-1] INFO  server.RaftServerConfigKeys (ConfUtils.java:logGet(43)) - raft.server.log.segment.size.max = 1048576 (custom)
2019-10-17 05:56:55,093 [pool-47-thread-1] INFO  server.RaftServerConfigKeys (ConfUtils.java:logGet(43)) - raft.server.log.preallocated.size = 16384 (custom)
2019-10-17 05:56:55,094 [pool-47-thread-1] INFO  server.RaftServerConfigKeys (ConfUtils.java:logGet(43)) - raft.server.log.write.buffer.size = 33554432 (custom)
2019-10-17 05:56:55,094 [pool-47-thread-1] INFO  server.RaftServerConfigKeys (ConfUtils.java:logGet(43)) - raft.server.log.force.sync.num = 128 (default)
2019-10-17 05:56:55,094 [pool-47-thread-1] INFO  server.RaftServerConfigKeys (ConfUtils.java:logGet(43)) - raft.server.log.statemachine.data.sync = true (default)
2019-10-17 05:56:55,094 [pool-47-thread-1] INFO  server.RaftServerConfigKeys (ConfUtils.java:logGet(43)) - raft.server.log.statemachine.data.sync.timeout = 10s (default)
2019-10-17 05:56:55,094 [pool-47-thread-1] INFO  server.RaftServerConfigKeys (ConfUtils.java:logGet(43)) - raft.server.log.statemachine.data.sync.timeout.retry = -1 (default)
2019-10-17 05:56:55,095 [pool-47-thread-1] INFO  server.RaftServerConfigKeys (ConfUtils.java:logGet(43)) - raft.server.log.statemachine.data.caching.enabled = true (custom)
2019-10-17 05:56:55,095 [pool-47-thread-1] INFO  segmented.SegmentedRaftLogWorker (SegmentedRaftLogWorker.java:lambda$new$0(128)) - 596a1247-d4fb-4568-97fb-3ff1ce43250d@group-221612B82C11-SegmentedRaftLogWorker: flushIndex: setUnconditionally 0 -> -1
2019-10-17 05:56:55,096 [pool-47-thread-1] INFO  server.RaftServerConfigKeys (ConfUtils.java:logGet(43)) - raft.server.snapshot.auto.trigger.enabled = true (custom)
2019-10-17 05:56:55,096 [pool-47-thread-1] INFO  server.RaftServerConfigKeys (ConfUtils.java:logGet(43)) - raft.server.snapshot.auto.trigger.threshold = 10000 (custom)
2019-10-17 05:56:55,096 [pool-47-thread-1] INFO  server.RaftServerConfigKeys (ConfUtils.java:logGet(43)) - raft.server.snapshot.retention.file.num = 5 (custom)
2019-10-17 05:56:55,096 [pool-47-thread-1] INFO  server.RaftServerConfigKeys (ConfUtils.java:logGet(43)) - raft.server.retrycache.expirytime = 600000ms (custom)
2019-10-17 05:56:55,101 [pool-47-thread-1] INFO  impl.RaftServerImpl (RaftServerImpl.java:start(195)) - 596a1247-d4fb-4568-97fb-3ff1ce43250d@group-221612B82C11: start as a follower, conf=-1: [596a1247-d4fb-4568-97fb-3ff1ce43250d:192.168.69.82:37061], old=null
2019-10-17 05:56:55,101 [pool-47-thread-1] INFO  impl.RaftServerImpl (RaftServerImpl.java:setRole(184)) - 596a1247-d4fb-4568-97fb-3ff1ce43250d@group-221612B82C11: changes role from      null to FOLLOWER at term 0 for startAsFollower
2019-10-17 05:56:55,102 [pool-47-thread-1] INFO  impl.RoleInfo (RoleInfo.java:updateAndGet(143)) - 596a1247-d4fb-4568-97fb-3ff1ce43250d: start FollowerState
2019-10-17 05:56:55,102 [pool-47-thread-1] INFO  util.JmxRegister (JmxRegister.java:tryRegister(44)) - Successfully registered JMX Bean with object name Ratis:service=RaftServer,group=group-221612B82C11,id=596a1247-d4fb-4568-97fb-3ff1ce43250d
2019-10-17 05:56:55,126 [RatisPipelineUtilsThread] INFO  pipeline.PipelineStateManager (PipelineStateManager.java:addPipeline(56)) - Created pipeline Pipeline[ Id: e3cb20a3-189b-403e-b1ef-221612b82c11, Nodes: 596a1247-d4fb-4568-97fb-3ff1ce43250d{ip: 192.168.69.82, host: pr-hdds-2286-c5gnx-3944588690, networkLocation: /default-rack, certSerialId: null}, Type:RATIS, Factor:ONE, State:OPEN]
2019-10-17 05:56:55,131 [main] INFO  ozone.MiniOzoneClusterImpl (MiniOzoneClusterImpl.java:lambda$waitForClusterToBeReady$0(147)) - Cluster is ready. Got 10 of 10 DN Heartbeats.
2019-10-17 05:56:55,148 [grpc-default-executor-0] INFO  impl.RaftServerProxy (RaftServerProxy.java:addNew(89)) - d4bb136b-e602-4c0a-8f86-2462710659b1: addNew group-22EF5332602B:[d4bb136b-e602-4c0a-8f86-2462710659b1:192.168.69.82:42071] returns group-22EF5332602B:java.util.concurrent.CompletableFuture@1928ac0a[Not completed]
2019-10-17 05:56:55,150 [pool-77-thread-1] INFO  impl.RaftServerImpl (RaftServerImpl.java:<init>(104)) - d4bb136b-e602-4c0a-8f86-2462710659b1: new RaftServerImpl for group-22EF5332602B:[d4bb136b-e602-4c0a-8f86-2462710659b1:192.168.69.82:42071] with ContainerStateMachine:uninitialized
2019-10-17 05:56:55,152 [pool-77-thread-1] INFO  server.RaftServerConfigKeys (ConfUtils.java:logGet(43)) - raft.server.rpc.timeout.min = 1s (custom)
2019-10-17 05:56:55,152 [pool-77-thread-1] INFO  server.RaftServerConfigKeys (ConfUtils.java:logGet(43)) - raft.server.rpc.timeout.max = 1200ms (custom)
2019-10-17 05:56:55,153 [pool-77-thread-1] INFO  server.RaftServerConfigKeys (ConfUtils.java:logGet(43)) - raft.server.rpcslowness.timeout = 120s (custom)
2019-10-17 05:56:55,153 [pool-77-thread-1] INFO  server.RaftServerConfigKeys (ConfUtils.java:logGet(43)) - raft.server.sleep.deviation.threshold = 300 (default)
2019-10-17 05:56:55,153 [pool-77-thread-1] INFO  server.RaftServerConfigKeys (ConfUtils.java:logGet(43)) - raft.server.log.appender.install.snapshot.enabled = false (custom)
2019-10-17 05:56:55,155 [pool-77-thread-1] INFO  impl.RaftServerImpl (ServerState.java:<init>(103)) - d4bb136b-e602-4c0a-8f86-2462710659b1@group-22EF5332602B: ConfigurationManager, init=-1: [d4bb136b-e602-4c0a-8f86-2462710659b1:192.168.69.82:42071], old=null, confs=<EMPTY_MAP>
2019-10-17 05:56:55,155 [pool-77-thread-1] INFO  server.RaftServerConfigKeys (ConfUtils.java:logGet(43)) - raft.server.storage.dir = [/workdir/hadoop-ozone/integration-test/target/test-dir/MiniOzoneClusterImpl-292a2ff3-4780-4182-bb48-82c20e0e309d/datanode-5/data/ratis] (custom)
2019-10-17 05:56:55,156 [pool-77-thread-1] INFO  server.RaftServerConfigKeys (ConfUtils.java:logGet(43)) - raft.server.log.corruption.policy = EXCEPTION (default)
2019-10-17 05:56:55,156 [pool-77-thread-1] INFO  storage.RaftStorageDirectory (RaftStorageDirectory.java:analyzeStorage(246)) - The storage directory /workdir/hadoop-ozone/integration-test/target/test-dir/MiniOzoneClusterImpl-292a2ff3-4780-4182-bb48-82c20e0e309d/datanode-5/data/ratis/9edee6f7-9b5d-40a8-a933-22ef5332602b does not exist. Creating ...
2019-10-17 05:56:55,172 [pool-77-thread-1] INFO  storage.RaftStorageDirectory (RaftStorageDirectory.java:tryLock(328)) - Lock on /workdir/hadoop-ozone/integration-test/target/test-dir/MiniOzoneClusterImpl-292a2ff3-4780-4182-bb48-82c20e0e309d/datanode-5/data/ratis/9edee6f7-9b5d-40a8-a933-22ef5332602b/in_use.lock acquired by nodename 14099@pr-hdds-2286-c5gnx-3944588690
2019-10-17 05:56:55,182 [Thread-315] INFO  impl.FollowerState (FollowerState.java:run(108)) - 596a1247-d4fb-4568-97fb-3ff1ce43250d@group-221612B82C11-FollowerState: change to CANDIDATE, lastRpcTime:80ms, electionTimeout:80ms
2019-10-17 05:56:55,182 [Thread-315] INFO  impl.RoleInfo (RoleInfo.java:shutdownFollowerState(121)) - 596a1247-d4fb-4568-97fb-3ff1ce43250d: shutdown FollowerState
2019-10-17 05:56:55,183 [Thread-315] INFO  impl.RaftServerImpl (RaftServerImpl.java:setRole(184)) - 596a1247-d4fb-4568-97fb-3ff1ce43250d@group-221612B82C11: changes role from  FOLLOWER to CANDIDATE at term 0 for changeToCandidate
2019-10-17 05:56:55,183 [Thread-315] INFO  impl.RoleInfo (RoleInfo.java:updateAndGet(143)) - 596a1247-d4fb-4568-97fb-3ff1ce43250d: start LeaderElection
2019-10-17 05:56:55,185 [pool-77-thread-1] INFO  storage.RaftStorage (RaftStorage.java:format(84)) - Storage directory /workdir/hadoop-ozone/integration-test/target/test-dir/MiniOzoneClusterImpl-292a2ff3-4780-4182-bb48-82c20e0e309d/datanode-5/data/ratis/9edee6f7-9b5d-40a8-a933-22ef5332602b has been successfully formatted.
2019-10-17 05:56:55,188 [pool-77-thread-1] INFO  ratis.ContainerStateMachine (ContainerStateMachine.java:loadSnapshot(231)) - group-22EF5332602B: The snapshot info is null. Setting the last applied indexto:(t:0, i:~)
2019-10-17 05:56:55,188 [pool-77-thread-1] INFO  server.RaftServerConfigKeys (ConfUtils.java:logGet(43)) - raft.server.notification.no-leader.timeout = 120s (custom)
2019-10-17 05:56:55,188 [pool-77-thread-1] INFO  server.RaftServerConfigKeys (ConfUtils.java:logGet(43)) - raft.server.log.use.memory = false (default)
2019-10-17 05:56:55,188 [pool-77-thread-1] INFO  server.RaftServerConfigKeys (ConfUtils.java:logGet(43)) - raft.server.log.purge.gap = 1000000 (custom)
2019-10-17 05:56:55,189 [pool-77-thread-1] INFO  server.RaftServerConfigKeys (ConfUtils.java:logGet(43)) - raft.server.log.appender.buffer.byte-limit = 33554432 (custom)
2019-10-17 05:56:55,189 [pool-77-thread-1] INFO  server.RaftServerConfigKeys (ConfUtils.java:logGet(43)) - raft.server.log.segment.size.max = 1048576 (custom)
2019-10-17 05:56:55,192 [pool-77-thread-1] INFO  server.RaftServerConfigKeys (ConfUtils.java:logGet(43)) - raft.server.log.segment.cache.num.max = 2 (custom)
2019-10-17 05:56:55,192 [pool-77-thread-1] INFO  segmented.SegmentedRaftLogWorker (SegmentedRaftLogWorker.java:<init>(173)) - new d4bb136b-e602-4c0a-8f86-2462710659b1@group-22EF5332602B-SegmentedRaftLogWorker for RaftStorage:Storage Directory /workdir/hadoop-ozone/integration-test/target/test-dir/MiniOzoneClusterImpl-292a2ff3-4780-4182-bb48-82c20e0e309d/datanode-5/data/ratis/9edee6f7-9b5d-40a8-a933-22ef5332602b
2019-10-17 05:56:55,192 [pool-77-thread-1] INFO  server.RaftServerConfigKeys (ConfUtils.java:logGet(43)) - raft.server.log.queue.byte-limit = 2147483647 (custom)
2019-10-17 05:56:55,192 [pool-77-thread-1] INFO  server.RaftServerConfigKeys (ConfUtils.java:logGet(43)) - raft.server.log.queue.element-limit = 1024 (custom)
2019-10-17 05:56:55,193 [pool-77-thread-1] INFO  server.RaftServerConfigKeys (ConfUtils.java:logGet(43)) - raft.server.log.segment.size.max = 1048576 (custom)
2019-10-17 05:56:55,193 [pool-77-thread-1] INFO  server.RaftServerConfigKeys (ConfUtils.java:logGet(43)) - raft.server.log.preallocated.size = 16384 (custom)
2019-10-17 05:56:55,193 [pool-77-thread-1] INFO  server.RaftServerConfigKeys (ConfUtils.java:logGet(43)) - raft.server.log.write.buffer.size = 33554432 (custom)
2019-10-17 05:56:55,193 [pool-77-thread-1] INFO  server.RaftServerConfigKeys (ConfUtils.java:logGet(43)) - raft.server.log.force.sync.num = 128 (default)
2019-10-17 05:56:55,193 [pool-77-thread-1] INFO  server.RaftServerConfigKeys (ConfUtils.java:logGet(43)) - raft.server.log.statemachine.data.sync = true (default)
2019-10-17 05:56:55,193 [pool-77-thread-1] INFO  server.RaftServerConfigKeys (ConfUtils.java:logGet(43)) - raft.server.log.statemachine.data.sync.timeout = 10s (default)
2019-10-17 05:56:55,194 [pool-77-thread-1] INFO  server.RaftServerConfigKeys (ConfUtils.java:logGet(43)) - raft.server.log.statemachine.data.sync.timeout.retry = -1 (default)
2019-10-17 05:56:55,194 [pool-77-thread-1] INFO  server.RaftServerConfigKeys (ConfUtils.java:logGet(43)) - raft.server.log.statemachine.data.caching.enabled = true (custom)
2019-10-17 05:56:55,195 [pool-77-thread-1] INFO  segmented.SegmentedRaftLogWorker (SegmentedRaftLogWorker.java:lambda$new$0(128)) - d4bb136b-e602-4c0a-8f86-2462710659b1@group-22EF5332602B-SegmentedRaftLogWorker: flushIndex: setUnconditionally 0 -> -1
2019-10-17 05:56:55,195 [pool-77-thread-1] INFO  server.RaftServerConfigKeys (ConfUtils.java:logGet(43)) - raft.server.snapshot.auto.trigger.enabled = true (custom)
2019-10-17 05:56:55,195 [pool-77-thread-1] INFO  server.RaftServerConfigKeys (ConfUtils.java:logGet(43)) - raft.server.snapshot.auto.trigger.threshold = 10000 (custom)
2019-10-17 05:56:55,195 [pool-77-thread-1] INFO  server.RaftServerConfigKeys (ConfUtils.java:logGet(43)) - raft.server.snapshot.retention.file.num = 5 (custom)
2019-10-17 05:56:55,196 [pool-77-thread-1] INFO  server.RaftServerConfigKeys (ConfUtils.java:logGet(43)) - raft.server.retrycache.expirytime = 600000ms (custom)
2019-10-17 05:56:55,201 [pool-77-thread-1] INFO  impl.RaftServerImpl (RaftServerImpl.java:start(195)) - d4bb136b-e602-4c0a-8f86-2462710659b1@group-22EF5332602B: start as a follower, conf=-1: [d4bb136b-e602-4c0a-8f86-2462710659b1:192.168.69.82:42071], old=null
2019-10-17 05:56:55,201 [pool-77-thread-1] INFO  impl.RaftServerImpl (RaftServerImpl.java:setRole(184)) - d4bb136b-e602-4c0a-8f86-2462710659b1@group-22EF5332602B: changes role from      null to FOLLOWER at term 0 for startAsFollower
2019-10-17 05:56:55,201 [596a1247-d4fb-4568-97fb-3ff1ce43250d@group-221612B82C11-LeaderElection7] INFO  impl.LeaderElection (LeaderElection.java:askForVotes(178)) - 596a1247-d4fb-4568-97fb-3ff1ce43250d@group-221612B82C11-LeaderElection7: begin an election at term 1 for -1: [596a1247-d4fb-4568-97fb-3ff1ce43250d:192.168.69.82:37061], old=null
2019-10-17 05:56:55,201 [pool-77-thread-1] INFO  impl.RoleInfo (RoleInfo.java:updateAndGet(143)) - d4bb136b-e602-4c0a-8f86-2462710659b1: start FollowerState
2019-10-17 05:56:55,201 [596a1247-d4fb-4568-97fb-3ff1ce43250d@group-221612B82C11-LeaderElection7] INFO  impl.RoleInfo (RoleInfo.java:shutdownLeaderElection(134)) - 596a1247-d4fb-4568-97fb-3ff1ce43250d: shutdown LeaderElection
2019-10-17 05:56:55,201 [596a1247-d4fb-4568-97fb-3ff1ce43250d@group-221612B82C11-LeaderElection7] INFO  impl.RaftServerImpl (RaftServerImpl.java:setRole(184)) - 596a1247-d4fb-4568-97fb-3ff1ce43250d@group-221612B82C11: changes role from CANDIDATE to LEADER at term 1 for changeToLeader
2019-10-17 05:56:55,201 [596a1247-d4fb-4568-97fb-3ff1ce43250d@group-221612B82C11-LeaderElection7] INFO  impl.RaftServerImpl (ServerState.java:setLeader(256)) - 596a1247-d4fb-4568-97fb-3ff1ce43250d@group-221612B82C11: change Leader from null to 596a1247-d4fb-4568-97fb-3ff1ce43250d at term 1 for becomeLeader, leader elected after 112ms
2019-10-17 05:56:55,202 [pool-77-thread-1] INFO  util.JmxRegister (JmxRegister.java:tryRegister(44)) - Successfully registered JMX Bean with object name Ratis:service=RaftServer,group=group-22EF5332602B,id=d4bb136b-e602-4c0a-8f86-2462710659b1
2019-10-17 05:56:55,202 [596a1247-d4fb-4568-97fb-3ff1ce43250d@group-221612B82C11-LeaderElection7] INFO  server.RaftServerConfigKeys (ConfUtils.java:logGet(43)) - raft.server.staging.catchup.gap = 1000 (default)
2019-10-17 05:56:55,202 [596a1247-d4fb-4568-97fb-3ff1ce43250d@group-221612B82C11-LeaderElection7] INFO  server.RaftServerConfigKeys (ConfUtils.java:logGet(43)) - raft.server.rpc.sleep.time = 25ms (default)
2019-10-17 05:56:55,202 [596a1247-d4fb-4568-97fb-3ff1ce43250d@group-221612B82C11-LeaderElection7] INFO  server.RaftServerConfigKeys (ConfUtils.java:logGet(43)) - raft.server.write.element-limit = 4096 (default)
2019-10-17 05:56:55,202 [596a1247-d4fb-4568-97fb-3ff1ce43250d@group-221612B82C11-LeaderElection7] INFO  server.RaftServerConfigKeys (ConfUtils.java:logGet(43)) - raft.server.watch.timeout = 10s (default)
2019-10-17 05:56:55,203 [596a1247-d4fb-4568-97fb-3ff1ce43250d@group-221612B82C11-LeaderElection7] INFO  server.RaftServerConfigKeys (ConfUtils.java:logGet(43)) - raft.server.watch.timeout.denomination = 1s (default)
2019-10-17 05:56:55,203 [596a1247-d4fb-4568-97fb-3ff1ce43250d@group-221612B82C11-LeaderElection7] INFO  server.RaftServerConfigKeys (ConfUtils.java:logGet(43)) - raft.server.watch.element-limit = 65536 (default)
2019-10-17 05:56:55,208 [596a1247-d4fb-4568-97fb-3ff1ce43250d@group-221612B82C11-LeaderElection7] INFO  impl.RoleInfo (RoleInfo.java:updateAndGet(143)) - 596a1247-d4fb-4568-97fb-3ff1ce43250d: start LeaderState
2019-10-17 05:56:55,208 [596a1247-d4fb-4568-97fb-3ff1ce43250d@group-221612B82C11-LeaderElection7] INFO  segmented.SegmentedRaftLogWorker (SegmentedRaftLogWorker.java:startLogSegment(385)) - 596a1247-d4fb-4568-97fb-3ff1ce43250d@group-221612B82C11-SegmentedRaftLogWorker: Starting segment from index:0
2019-10-17 05:56:55,209 [596a1247-d4fb-4568-97fb-3ff1ce43250d@group-221612B82C11-LeaderElection7] INFO  impl.RaftServerImpl (ServerState.java:setRaftConf(357)) - 596a1247-d4fb-4568-97fb-3ff1ce43250d@group-221612B82C11: set configuration 0: [596a1247-d4fb-4568-97fb-3ff1ce43250d:192.168.69.82:37061], old=null at 0
2019-10-17 05:56:55,276 [596a1247-d4fb-4568-97fb-3ff1ce43250d@group-221612B82C11-SegmentedRaftLogWorker] INFO  segmented.SegmentedRaftLogWorker (SegmentedRaftLogWorker.java:execute(576)) - 596a1247-d4fb-4568-97fb-3ff1ce43250d@group-221612B82C11-SegmentedRaftLogWorker: created new log segment /workdir/hadoop-ozone/integration-test/target/test-dir/MiniOzoneClusterImpl-292a2ff3-4780-4182-bb48-82c20e0e309d/datanode-2/data/ratis/e3cb20a3-189b-403e-b1ef-221612b82c11/current/log_inprogress_0
2019-10-17 05:56:55,277 [RatisPipelineUtilsThread] INFO  pipeline.PipelineStateManager (PipelineStateManager.java:addPipeline(56)) - Created pipeline Pipeline[ Id: 9edee6f7-9b5d-40a8-a933-22ef5332602b, Nodes: d4bb136b-e602-4c0a-8f86-2462710659b1{ip: 192.168.69.82, host: pr-hdds-2286-c5gnx-3944588690, networkLocation: /default-rack, certSerialId: null}, Type:RATIS, Factor:ONE, State:OPEN]
2019-10-17 05:56:55,300 [grpc-default-executor-0] INFO  impl.RaftServerProxy (RaftServerProxy.java:addNew(89)) - 194f2ff6-41c6-4f9d-98fd-e63bb60a2475: addNew group-9F881B6253BB:[194f2ff6-41c6-4f9d-98fd-e63bb60a2475:192.168.69.82:43645] returns group-9F881B6253BB:java.util.concurrent.CompletableFuture@ce2912a[Not completed]
2019-10-17 05:56:55,308 [pool-117-thread-1] INFO  impl.RaftServerImpl (RaftServerImpl.java:<init>(104)) - 194f2ff6-41c6-4f9d-98fd-e63bb60a2475: new RaftServerImpl for group-9F881B6253BB:[194f2ff6-41c6-4f9d-98fd-e63bb60a2475:192.168.69.82:43645] with ContainerStateMachine:uninitialized
2019-10-17 05:56:55,309 [pool-117-thread-1] INFO  server.RaftServerConfigKeys (ConfUtils.java:logGet(43)) - raft.server.rpc.timeout.min = 1s (custom)
2019-10-17 05:56:55,309 [pool-117-thread-1] INFO  server.RaftServerConfigKeys (ConfUtils.java:logGet(43)) - raft.server.rpc.timeout.max = 1200ms (custom)
2019-10-17 05:56:55,309 [pool-117-thread-1] INFO  server.RaftServerConfigKeys (ConfUtils.java:logGet(43)) - raft.server.rpcslowness.timeout = 120s (custom)
2019-10-17 05:56:55,309 [pool-117-thread-1] INFO  server.RaftServerConfigKeys (ConfUtils.java:logGet(43)) - raft.server.sleep.deviation.threshold = 300 (default)
2019-10-17 05:56:55,309 [pool-117-thread-1] INFO  server.RaftServerConfigKeys (ConfUtils.java:logGet(43)) - raft.server.log.appender.install.snapshot.enabled = false (custom)
2019-10-17 05:56:55,309 [pool-117-thread-1] INFO  impl.RaftServerImpl (ServerState.java:<init>(103)) - 194f2ff6-41c6-4f9d-98fd-e63bb60a2475@group-9F881B6253BB: ConfigurationManager, init=-1: [194f2ff6-41c6-4f9d-98fd-e63bb60a2475:192.168.69.82:43645], old=null, confs=<EMPTY_MAP>
2019-10-17 05:56:55,310 [pool-117-thread-1] INFO  server.RaftServerConfigKeys (ConfUtils.java:logGet(43)) - raft.server.storage.dir = [/workdir/hadoop-ozone/integration-test/target/test-dir/MiniOzoneClusterImpl-292a2ff3-4780-4182-bb48-82c20e0e309d/datanode-9/data/ratis] (custom)
2019-10-17 05:56:55,310 [pool-117-thread-1] INFO  server.RaftServerConfigKeys (ConfUtils.java:logGet(43)) - raft.server.log.corruption.policy = EXCEPTION (default)
2019-10-17 05:56:55,310 [pool-117-thread-1] INFO  storage.RaftStorageDirectory (RaftStorageDirectory.java:analyzeStorage(246)) - The storage directory /workdir/hadoop-ozone/integration-test/target/test-dir/MiniOzoneClusterImpl-292a2ff3-4780-4182-bb48-82c20e0e309d/datanode-9/data/ratis/c1a2016f-2be7-4a97-9b89-9f881b6253bb does not exist. Creating ...
2019-10-17 05:56:55,324 [pool-117-thread-1] INFO  storage.RaftStorageDirectory (RaftStorageDirectory.java:tryLock(328)) - Lock on /workdir/hadoop-ozone/integration-test/target/test-dir/MiniOzoneClusterImpl-292a2ff3-4780-4182-bb48-82c20e0e309d/datanode-9/data/ratis/c1a2016f-2be7-4a97-9b89-9f881b6253bb/in_use.lock acquired by nodename 14099@pr-hdds-2286-c5gnx-3944588690
2019-10-17 05:56:55,340 [pool-117-thread-1] INFO  storage.RaftStorage (RaftStorage.java:format(84)) - Storage directory /workdir/hadoop-ozone/integration-test/target/test-dir/MiniOzoneClusterImpl-292a2ff3-4780-4182-bb48-82c20e0e309d/datanode-9/data/ratis/c1a2016f-2be7-4a97-9b89-9f881b6253bb has been successfully formatted.
2019-10-17 05:56:55,341 [pool-117-thread-1] INFO  ratis.ContainerStateMachine (ContainerStateMachine.java:loadSnapshot(231)) - group-9F881B6253BB: The snapshot info is null. Setting the last applied indexto:(t:0, i:~)
2019-10-17 05:56:55,341 [pool-117-thread-1] INFO  server.RaftServerConfigKeys (ConfUtils.java:logGet(43)) - raft.server.notification.no-leader.timeout = 120s (custom)
2019-10-17 05:56:55,341 [pool-117-thread-1] INFO  server.RaftServerConfigKeys (ConfUtils.java:logGet(43)) - raft.server.log.use.memory = false (default)
2019-10-17 05:56:55,341 [pool-117-thread-1] INFO  server.RaftServerConfigKeys (ConfUtils.java:logGet(43)) - raft.server.log.purge.gap = 1000000 (custom)
2019-10-17 05:56:55,342 [pool-117-thread-1] INFO  server.RaftServerConfigKeys (ConfUtils.java:logGet(43)) - raft.server.log.appender.buffer.byte-limit = 33554432 (custom)
2019-10-17 05:56:55,342 [pool-117-thread-1] INFO  server.RaftServerConfigKeys (ConfUtils.java:logGet(43)) - raft.server.log.segment.size.max = 1048576 (custom)
2019-10-17 05:56:55,344 [Thread-319] INFO  impl.FollowerState (FollowerState.java:run(108)) - d4bb136b-e602-4c0a-8f86-2462710659b1@group-22EF5332602B-FollowerState: change to CANDIDATE, lastRpcTime:143ms, electionTimeout:141ms
2019-10-17 05:56:55,345 [Thread-319] INFO  impl.RoleInfo (RoleInfo.java:shutdownFollowerState(121)) - d4bb136b-e602-4c0a-8f86-2462710659b1: shutdown FollowerState
2019-10-17 05:56:55,345 [Thread-319] INFO  impl.RaftServerImpl (RaftServerImpl.java:setRole(184)) - d4bb136b-e602-4c0a-8f86-2462710659b1@group-22EF5332602B: changes role from  FOLLOWER to CANDIDATE at term 0 for changeToCandidate
2019-10-17 05:56:55,345 [Thread-319] INFO  impl.RoleInfo (RoleInfo.java:updateAndGet(143)) - d4bb136b-e602-4c0a-8f86-2462710659b1: start LeaderElection
2019-10-17 05:56:55,352 [pool-117-thread-1] INFO  server.RaftServerConfigKeys (ConfUtils.java:logGet(43)) - raft.server.log.segment.cache.num.max = 2 (custom)
2019-10-17 05:56:55,352 [pool-117-thread-1] INFO  segmented.SegmentedRaftLogWorker (SegmentedRaftLogWorker.java:<init>(173)) - new 194f2ff6-41c6-4f9d-98fd-e63bb60a2475@group-9F881B6253BB-SegmentedRaftLogWorker for RaftStorage:Storage Directory /workdir/hadoop-ozone/integration-test/target/test-dir/MiniOzoneClusterImpl-292a2ff3-4780-4182-bb48-82c20e0e309d/datanode-9/data/ratis/c1a2016f-2be7-4a97-9b89-9f881b6253bb
2019-10-17 05:56:55,352 [pool-117-thread-1] INFO  server.RaftServerConfigKeys (ConfUtils.java:logGet(43)) - raft.server.log.queue.byte-limit = 2147483647 (custom)
2019-10-17 05:56:55,352 [pool-117-thread-1] INFO  server.RaftServerConfigKeys (ConfUtils.java:logGet(43)) - raft.server.log.queue.element-limit = 1024 (custom)
2019-10-17 05:56:55,353 [pool-117-thread-1] INFO  server.RaftServerConfigKeys (ConfUtils.java:logGet(43)) - raft.server.log.segment.size.max = 1048576 (custom)
2019-10-17 05:56:55,353 [pool-117-thread-1] INFO  server.RaftServerConfigKeys (ConfUtils.java:logGet(43)) - raft.server.log.preallocated.size = 16384 (custom)
2019-10-17 05:56:55,353 [pool-117-thread-1] INFO  server.RaftServerConfigKeys (ConfUtils.java:logGet(43)) - raft.server.log.write.buffer.size = 33554432 (custom)
2019-10-17 05:56:55,353 [pool-117-thread-1] INFO  server.RaftServerConfigKeys (ConfUtils.java:logGet(43)) - raft.server.log.force.sync.num = 128 (default)
2019-10-17 05:56:55,353 [pool-117-thread-1] INFO  server.RaftServerConfigKeys (ConfUtils.java:logGet(43)) - raft.server.log.statemachine.data.sync = true (default)
2019-10-17 05:56:55,354 [pool-117-thread-1] INFO  server.RaftServerConfigKeys (ConfUtils.java:logGet(43)) - raft.server.log.statemachine.data.sync.timeout = 10s (default)
2019-10-17 05:56:55,354 [pool-117-thread-1] INFO  server.RaftServerConfigKeys (ConfUtils.java:logGet(43)) - raft.server.log.statemachine.data.sync.timeout.retry = -1 (default)
2019-10-17 05:56:55,354 [pool-117-thread-1] INFO  server.RaftServerConfigKeys (ConfUtils.java:logGet(43)) - raft.server.log.statemachine.data.caching.enabled = true (custom)
2019-10-17 05:56:55,355 [pool-117-thread-1] INFO  segmented.SegmentedRaftLogWorker (SegmentedRaftLogWorker.java:lambda$new$0(128)) - 194f2ff6-41c6-4f9d-98fd-e63bb60a2475@group-9F881B6253BB-SegmentedRaftLogWorker: flushIndex: setUnconditionally 0 -> -1
2019-10-17 05:56:55,355 [pool-117-thread-1] INFO  server.RaftServerConfigKeys (ConfUtils.java:logGet(43)) - raft.server.snapshot.auto.trigger.enabled = true (custom)
2019-10-17 05:56:55,355 [pool-117-thread-1] INFO  server.RaftServerConfigKeys (ConfUtils.java:logGet(43)) - raft.server.snapshot.auto.trigger.threshold = 10000 (custom)
2019-10-17 05:56:55,356 [pool-117-thread-1] INFO  server.RaftServerConfigKeys (ConfUtils.java:logGet(43)) - raft.server.snapshot.retention.file.num = 5 (custom)
2019-10-17 05:56:55,356 [pool-117-thread-1] INFO  server.RaftServerConfigKeys (ConfUtils.java:logGet(43)) - raft.server.retrycache.expirytime = 600000ms (custom)
2019-10-17 05:56:55,361 [pool-117-thread-1] INFO  impl.RaftServerImpl (RaftServerImpl.java:start(195)) - 194f2ff6-41c6-4f9d-98fd-e63bb60a2475@group-9F881B6253BB: start as a follower, conf=-1: [194f2ff6-41c6-4f9d-98fd-e63bb60a2475:192.168.69.82:43645], old=null
2019-10-17 05:56:55,361 [pool-117-thread-1] INFO  impl.RaftServerImpl (RaftServerImpl.java:setRole(184)) - 194f2ff6-41c6-4f9d-98fd-e63bb60a2475@group-9F881B6253BB: changes role from      null to FOLLOWER at term 0 for startAsFollower
2019-10-17 05:56:55,361 [pool-117-thread-1] INFO  impl.RoleInfo (RoleInfo.java:updateAndGet(143)) - 194f2ff6-41c6-4f9d-98fd-e63bb60a2475: start FollowerState
2019-10-17 05:56:55,362 [pool-117-thread-1] INFO  util.JmxRegister (JmxRegister.java:tryRegister(44)) - Successfully registered JMX Bean with object name Ratis:service=RaftServer,group=group-9F881B6253BB,id=194f2ff6-41c6-4f9d-98fd-e63bb60a2475
2019-10-17 05:56:55,363 [d4bb136b-e602-4c0a-8f86-2462710659b1@group-22EF5332602B-LeaderElection8] INFO  impl.LeaderElection (LeaderElection.java:askForVotes(178)) - d4bb136b-e602-4c0a-8f86-2462710659b1@group-22EF5332602B-LeaderElection8: begin an election at term 1 for -1: [d4bb136b-e602-4c0a-8f86-2462710659b1:192.168.69.82:42071], old=null
2019-10-17 05:56:55,363 [d4bb136b-e602-4c0a-8f86-2462710659b1@group-22EF5332602B-LeaderElection8] INFO  impl.RoleInfo (RoleInfo.java:shutdownLeaderElection(134)) - d4bb136b-e602-4c0a-8f86-2462710659b1: shutdown LeaderElection
2019-10-17 05:56:55,364 [d4bb136b-e602-4c0a-8f86-2462710659b1@group-22EF5332602B-LeaderElection8] INFO  impl.RaftServerImpl (RaftServerImpl.java:setRole(184)) - d4bb136b-e602-4c0a-8f86-2462710659b1@group-22EF5332602B: changes role from CANDIDATE to LEADER at term 1 for changeToLeader
2019-10-17 05:56:55,364 [d4bb136b-e602-4c0a-8f86-2462710659b1@group-22EF5332602B-LeaderElection8] INFO  impl.RaftServerImpl (ServerState.java:setLeader(256)) - d4bb136b-e602-4c0a-8f86-2462710659b1@group-22EF5332602B: change Leader from null to d4bb136b-e602-4c0a-8f86-2462710659b1 at term 1 for becomeLeader, leader elected after 175ms
2019-10-17 05:56:55,364 [d4bb136b-e602-4c0a-8f86-2462710659b1@group-22EF5332602B-LeaderElection8] INFO  server.RaftServerConfigKeys (ConfUtils.java:logGet(43)) - raft.server.staging.catchup.gap = 1000 (default)
2019-10-17 05:56:55,364 [d4bb136b-e602-4c0a-8f86-2462710659b1@group-22EF5332602B-LeaderElection8] INFO  server.RaftServerConfigKeys (ConfUtils.java:logGet(43)) - raft.server.rpc.sleep.time = 25ms (default)
2019-10-17 05:56:55,364 [d4bb136b-e602-4c0a-8f86-2462710659b1@group-22EF5332602B-LeaderElection8] INFO  server.RaftServerConfigKeys (ConfUtils.java:logGet(43)) - raft.server.write.element-limit = 4096 (default)
2019-10-17 05:56:55,365 [d4bb136b-e602-4c0a-8f86-2462710659b1@group-22EF5332602B-LeaderElection8] INFO  server.RaftServerConfigKeys (ConfUtils.java:logGet(43)) - raft.server.watch.timeout = 10s (default)
2019-10-17 05:56:55,365 [d4bb136b-e602-4c0a-8f86-2462710659b1@group-22EF5332602B-LeaderElection8] INFO  server.RaftServerConfigKeys (ConfUtils.java:logGet(43)) - raft.server.watch.timeout.denomination = 1s (default)
2019-10-17 05:56:55,365 [d4bb136b-e602-4c0a-8f86-2462710659b1@group-22EF5332602B-LeaderElection8] INFO  server.RaftServerConfigKeys (ConfUtils.java:logGet(43)) - raft.server.watch.element-limit = 65536 (default)
2019-10-17 05:56:55,372 [d4bb136b-e602-4c0a-8f86-2462710659b1@group-22EF5332602B-LeaderElection8] INFO  impl.RoleInfo (RoleInfo.java:updateAndGet(143)) - d4bb136b-e602-4c0a-8f86-2462710659b1: start LeaderState
2019-10-17 05:56:55,375 [d4bb136b-e602-4c0a-8f86-2462710659b1@group-22EF5332602B-LeaderElection8] INFO  segmented.SegmentedRaftLogWorker (SegmentedRaftLogWorker.java:startLogSegment(385)) - d4bb136b-e602-4c0a-8f86-2462710659b1@group-22EF5332602B-SegmentedRaftLogWorker: Starting segment from index:0
2019-10-17 05:56:55,380 [d4bb136b-e602-4c0a-8f86-2462710659b1@group-22EF5332602B-LeaderElection8] INFO  impl.RaftServerImpl (ServerState.java:setRaftConf(357)) - d4bb136b-e602-4c0a-8f86-2462710659b1@group-22EF5332602B: set configuration 0: [d4bb136b-e602-4c0a-8f86-2462710659b1:192.168.69.82:42071], old=null at 0
2019-10-17 05:56:55,382 [RatisPipelineUtilsThread] INFO  pipeline.PipelineStateManager (PipelineStateManager.java:addPipeline(56)) - Created pipeline Pipeline[ Id: c1a2016f-2be7-4a97-9b89-9f881b6253bb, Nodes: 194f2ff6-41c6-4f9d-98fd-e63bb60a2475{ip: 192.168.69.82, host: pr-hdds-2286-c5gnx-3944588690, networkLocation: /default-rack, certSerialId: null}, Type:RATIS, Factor:ONE, State:OPEN]
2019-10-17 05:56:55,415 [Thread-324] INFO  impl.FollowerState (FollowerState.java:run(108)) - 194f2ff6-41c6-4f9d-98fd-e63bb60a2475@group-9F881B6253BB-FollowerState: change to CANDIDATE, lastRpcTime:54ms, electionTimeout:37ms
2019-10-17 05:56:55,416 [Thread-324] INFO  impl.RoleInfo (RoleInfo.java:shutdownFollowerState(121)) - 194f2ff6-41c6-4f9d-98fd-e63bb60a2475: shutdown FollowerState
2019-10-17 05:56:55,416 [Thread-324] INFO  impl.RaftServerImpl (RaftServerImpl.java:setRole(184)) - 194f2ff6-41c6-4f9d-98fd-e63bb60a2475@group-9F881B6253BB: changes role from  FOLLOWER to CANDIDATE at term 0 for changeToCandidate
2019-10-17 05:56:55,416 [Thread-324] INFO  impl.RoleInfo (RoleInfo.java:updateAndGet(143)) - 194f2ff6-41c6-4f9d-98fd-e63bb60a2475: start LeaderElection
2019-10-17 05:56:55,429 [d4bb136b-e602-4c0a-8f86-2462710659b1@group-22EF5332602B-SegmentedRaftLogWorker] INFO  segmented.SegmentedRaftLogWorker (SegmentedRaftLogWorker.java:execute(576)) - d4bb136b-e602-4c0a-8f86-2462710659b1@group-22EF5332602B-SegmentedRaftLogWorker: created new log segment /workdir/hadoop-ozone/integration-test/target/test-dir/MiniOzoneClusterImpl-292a2ff3-4780-4182-bb48-82c20e0e309d/datanode-5/data/ratis/9edee6f7-9b5d-40a8-a933-22ef5332602b/current/log_inprogress_0
2019-10-17 05:56:55,429 [194f2ff6-41c6-4f9d-98fd-e63bb60a2475@group-9F881B6253BB-LeaderElection9] INFO  impl.LeaderElection (LeaderElection.java:askForVotes(178)) - 194f2ff6-41c6-4f9d-98fd-e63bb60a2475@group-9F881B6253BB-LeaderElection9: begin an election at term 1 for -1: [194f2ff6-41c6-4f9d-98fd-e63bb60a2475:192.168.69.82:43645], old=null
2019-10-17 05:56:55,429 [194f2ff6-41c6-4f9d-98fd-e63bb60a2475@group-9F881B6253BB-LeaderElection9] INFO  impl.RoleInfo (RoleInfo.java:shutdownLeaderElection(134)) - 194f2ff6-41c6-4f9d-98fd-e63bb60a2475: shutdown LeaderElection
2019-10-17 05:56:55,438 [194f2ff6-41c6-4f9d-98fd-e63bb60a2475@group-9F881B6253BB-LeaderElection9] INFO  impl.RaftServerImpl (RaftServerImpl.java:setRole(184)) - 194f2ff6-41c6-4f9d-98fd-e63bb60a2475@group-9F881B6253BB: changes role from CANDIDATE to LEADER at term 1 for changeToLeader
2019-10-17 05:56:55,438 [194f2ff6-41c6-4f9d-98fd-e63bb60a2475@group-9F881B6253BB-LeaderElection9] INFO  impl.RaftServerImpl (ServerState.java:setLeader(256)) - 194f2ff6-41c6-4f9d-98fd-e63bb60a2475@group-9F881B6253BB: change Leader from null to 194f2ff6-41c6-4f9d-98fd-e63bb60a2475 at term 1 for becomeLeader, leader elected after 97ms
2019-10-17 05:56:55,439 [194f2ff6-41c6-4f9d-98fd-e63bb60a2475@group-9F881B6253BB-LeaderElection9] INFO  server.RaftServerConfigKeys (ConfUtils.java:logGet(43)) - raft.server.staging.catchup.gap = 1000 (default)
2019-10-17 05:56:55,439 [194f2ff6-41c6-4f9d-98fd-e63bb60a2475@group-9F881B6253BB-LeaderElection9] INFO  server.RaftServerConfigKeys (ConfUtils.java:logGet(43)) - raft.server.rpc.sleep.time = 25ms (default)
2019-10-17 05:56:55,439 [194f2ff6-41c6-4f9d-98fd-e63bb60a2475@group-9F881B6253BB-LeaderElection9] INFO  server.RaftServerConfigKeys (ConfUtils.java:logGet(43)) - raft.server.write.element-limit = 4096 (default)
2019-10-17 05:56:55,439 [194f2ff6-41c6-4f9d-98fd-e63bb60a2475@group-9F881B6253BB-LeaderElection9] INFO  server.RaftServerConfigKeys (ConfUtils.java:logGet(43)) - raft.server.watch.timeout = 10s (default)
2019-10-17 05:56:55,439 [194f2ff6-41c6-4f9d-98fd-e63bb60a2475@group-9F881B6253BB-LeaderElection9] INFO  server.RaftServerConfigKeys (ConfUtils.java:logGet(43)) - raft.server.watch.timeout.denomination = 1s (default)
2019-10-17 05:56:55,439 [194f2ff6-41c6-4f9d-98fd-e63bb60a2475@group-9F881B6253BB-LeaderElection9] INFO  server.RaftServerConfigKeys (ConfUtils.java:logGet(43)) - raft.server.watch.element-limit = 65536 (default)
2019-10-17 05:56:55,441 [194f2ff6-41c6-4f9d-98fd-e63bb60a2475@group-9F881B6253BB-LeaderElection9] INFO  impl.RoleInfo (RoleInfo.java:updateAndGet(143)) - 194f2ff6-41c6-4f9d-98fd-e63bb60a2475: start LeaderState
2019-10-17 05:56:55,442 [194f2ff6-41c6-4f9d-98fd-e63bb60a2475@group-9F881B6253BB-LeaderElection9] INFO  segmented.SegmentedRaftLogWorker (SegmentedRaftLogWorker.java:startLogSegment(385)) - 194f2ff6-41c6-4f9d-98fd-e63bb60a2475@group-9F881B6253BB-SegmentedRaftLogWorker: Starting segment from index:0
2019-10-17 05:56:55,442 [194f2ff6-41c6-4f9d-98fd-e63bb60a2475@group-9F881B6253BB-LeaderElection9] INFO  impl.RaftServerImpl (ServerState.java:setRaftConf(357)) - 194f2ff6-41c6-4f9d-98fd-e63bb60a2475@group-9F881B6253BB: set configuration 0: [194f2ff6-41c6-4f9d-98fd-e63bb60a2475:192.168.69.82:43645], old=null at 0
2019-10-17 05:56:55,487 [grpc-default-executor-0] INFO  impl.RaftServerProxy (RaftServerProxy.java:addNew(89)) - 0716e483-2373-428e-a917-ee7c73d3521d: addNew group-96A0C3869B0A:[0716e483-2373-428e-a917-ee7c73d3521d:192.168.69.82:39524] returns group-96A0C3869B0A:java.util.concurrent.CompletableFuture@2b45e16b[Not completed]
2019-10-17 05:56:55,491 [pool-37-thread-1] INFO  impl.RaftServerImpl (RaftServerImpl.java:<init>(104)) - 0716e483-2373-428e-a917-ee7c73d3521d: new RaftServerImpl for group-96A0C3869B0A:[0716e483-2373-428e-a917-ee7c73d3521d:192.168.69.82:39524] with ContainerStateMachine:uninitialized
2019-10-17 05:56:55,492 [pool-37-thread-1] INFO  server.RaftServerConfigKeys (ConfUtils.java:logGet(43)) - raft.server.rpc.timeout.min = 1s (custom)
2019-10-17 05:56:55,492 [pool-37-thread-1] INFO  server.RaftServerConfigKeys (ConfUtils.java:logGet(43)) - raft.server.rpc.timeout.max = 1200ms (custom)
2019-10-17 05:56:55,492 [pool-37-thread-1] INFO  server.RaftServerConfigKeys (ConfUtils.java:logGet(43)) - raft.server.rpcslowness.timeout = 120s (custom)
2019-10-17 05:56:55,492 [pool-37-thread-1] INFO  server.RaftServerConfigKeys (ConfUtils.java:logGet(43)) - raft.server.sleep.deviation.threshold = 300 (default)
2019-10-17 05:56:55,492 [pool-37-thread-1] INFO  server.RaftServerConfigKeys (ConfUtils.java:logGet(43)) - raft.server.log.appender.install.snapshot.enabled = false (custom)
2019-10-17 05:56:55,492 [pool-37-thread-1] INFO  impl.RaftServerImpl (ServerState.java:<init>(103)) - 0716e483-2373-428e-a917-ee7c73d3521d@group-96A0C3869B0A: ConfigurationManager, init=-1: [0716e483-2373-428e-a917-ee7c73d3521d:192.168.69.82:39524], old=null, confs=<EMPTY_MAP>
2019-10-17 05:56:55,493 [pool-37-thread-1] INFO  server.RaftServerConfigKeys (ConfUtils.java:logGet(43)) - raft.server.storage.dir = [/workdir/hadoop-ozone/integration-test/target/test-dir/MiniOzoneClusterImpl-292a2ff3-4780-4182-bb48-82c20e0e309d/datanode-1/data/ratis] (custom)
2019-10-17 05:56:55,493 [pool-37-thread-1] INFO  server.RaftServerConfigKeys (ConfUtils.java:logGet(43)) - raft.server.log.corruption.policy = EXCEPTION (default)
2019-10-17 05:56:55,493 [pool-37-thread-1] INFO  storage.RaftStorageDirectory (RaftStorageDirectory.java:analyzeStorage(246)) - The storage directory /workdir/hadoop-ozone/integration-test/target/test-dir/MiniOzoneClusterImpl-292a2ff3-4780-4182-bb48-82c20e0e309d/datanode-1/data/ratis/4ed0886c-f8d8-429b-8759-96a0c3869b0a does not exist. Creating ...
2019-10-17 05:56:55,500 [pool-37-thread-1] INFO  storage.RaftStorageDirectory (RaftStorageDirectory.java:tryLock(328)) - Lock on /workdir/hadoop-ozone/integration-test/target/test-dir/MiniOzoneClusterImpl-292a2ff3-4780-4182-bb48-82c20e0e309d/datanode-1/data/ratis/4ed0886c-f8d8-429b-8759-96a0c3869b0a/in_use.lock acquired by nodename 14099@pr-hdds-2286-c5gnx-3944588690
2019-10-17 05:56:55,500 [194f2ff6-41c6-4f9d-98fd-e63bb60a2475@group-9F881B6253BB-SegmentedRaftLogWorker] INFO  segmented.SegmentedRaftLogWorker (SegmentedRaftLogWorker.java:execute(576)) - 194f2ff6-41c6-4f9d-98fd-e63bb60a2475@group-9F881B6253BB-SegmentedRaftLogWorker: created new log segment /workdir/hadoop-ozone/integration-test/target/test-dir/MiniOzoneClusterImpl-292a2ff3-4780-4182-bb48-82c20e0e309d/datanode-9/data/ratis/c1a2016f-2be7-4a97-9b89-9f881b6253bb/current/log_inprogress_0
2019-10-17 05:56:55,514 [pool-37-thread-1] INFO  storage.RaftStorage (RaftStorage.java:format(84)) - Storage directory /workdir/hadoop-ozone/integration-test/target/test-dir/MiniOzoneClusterImpl-292a2ff3-4780-4182-bb48-82c20e0e309d/datanode-1/data/ratis/4ed0886c-f8d8-429b-8759-96a0c3869b0a has been successfully formatted.
2019-10-17 05:56:55,514 [pool-37-thread-1] INFO  ratis.ContainerStateMachine (ContainerStateMachine.java:loadSnapshot(231)) - group-96A0C3869B0A: The snapshot info is null. Setting the last applied indexto:(t:0, i:~)
2019-10-17 05:56:55,514 [pool-37-thread-1] INFO  server.RaftServerConfigKeys (ConfUtils.java:logGet(43)) - raft.server.notification.no-leader.timeout = 120s (custom)
2019-10-17 05:56:55,514 [pool-37-thread-1] INFO  server.RaftServerConfigKeys (ConfUtils.java:logGet(43)) - raft.server.log.use.memory = false (default)
2019-10-17 05:56:55,515 [pool-37-thread-1] INFO  server.RaftServerConfigKeys (ConfUtils.java:logGet(43)) - raft.server.log.purge.gap = 1000000 (custom)
2019-10-17 05:56:55,515 [pool-37-thread-1] INFO  server.RaftServerConfigKeys (ConfUtils.java:logGet(43)) - raft.server.log.appender.buffer.byte-limit = 33554432 (custom)
2019-10-17 05:56:55,515 [pool-37-thread-1] INFO  server.RaftServerConfigKeys (ConfUtils.java:logGet(43)) - raft.server.log.segment.size.max = 1048576 (custom)
2019-10-17 05:56:55,518 [pool-37-thread-1] INFO  server.RaftServerConfigKeys (ConfUtils.java:logGet(43)) - raft.server.log.segment.cache.num.max = 2 (custom)
2019-10-17 05:56:55,518 [pool-37-thread-1] INFO  segmented.SegmentedRaftLogWorker (SegmentedRaftLogWorker.java:<init>(173)) - new 0716e483-2373-428e-a917-ee7c73d3521d@group-96A0C3869B0A-SegmentedRaftLogWorker for RaftStorage:Storage Directory /workdir/hadoop-ozone/integration-test/target/test-dir/MiniOzoneClusterImpl-292a2ff3-4780-4182-bb48-82c20e0e309d/datanode-1/data/ratis/4ed0886c-f8d8-429b-8759-96a0c3869b0a
2019-10-17 05:56:55,518 [pool-37-thread-1] INFO  server.RaftServerConfigKeys (ConfUtils.java:logGet(43)) - raft.server.log.queue.byte-limit = 2147483647 (custom)
2019-10-17 05:56:55,518 [pool-37-thread-1] INFO  server.RaftServerConfigKeys (ConfUtils.java:logGet(43)) - raft.server.log.queue.element-limit = 1024 (custom)
2019-10-17 05:56:55,518 [pool-37-thread-1] INFO  server.RaftServerConfigKeys (ConfUtils.java:logGet(43)) - raft.server.log.segment.size.max = 1048576 (custom)
2019-10-17 05:56:55,518 [pool-37-thread-1] INFO  server.RaftServerConfigKeys (ConfUtils.java:logGet(43)) - raft.server.log.preallocated.size = 16384 (custom)
2019-10-17 05:56:55,519 [pool-37-thread-1] INFO  server.RaftServerConfigKeys (ConfUtils.java:logGet(43)) - raft.server.log.write.buffer.size = 33554432 (custom)
2019-10-17 05:56:55,519 [pool-37-thread-1] INFO  server.RaftServerConfigKeys (ConfUtils.java:logGet(43)) - raft.server.log.force.sync.num = 128 (default)
2019-10-17 05:56:55,519 [pool-37-thread-1] INFO  server.RaftServerConfigKeys (ConfUtils.java:logGet(43)) - raft.server.log.statemachine.data.sync = true (default)
2019-10-17 05:56:55,519 [pool-37-thread-1] INFO  server.RaftServerConfigKeys (ConfUtils.java:logGet(43)) - raft.server.log.statemachine.data.sync.timeout = 10s (default)
2019-10-17 05:56:55,519 [pool-37-thread-1] INFO  server.RaftServerConfigKeys (ConfUtils.java:logGet(43)) - raft.server.log.statemachine.data.sync.timeout.retry = -1 (default)
2019-10-17 05:56:55,520 [pool-37-thread-1] INFO  server.RaftServerConfigKeys (ConfUtils.java:logGet(43)) - raft.server.log.statemachine.data.caching.enabled = true (custom)
2019-10-17 05:56:55,520 [pool-37-thread-1] INFO  segmented.SegmentedRaftLogWorker (SegmentedRaftLogWorker.java:lambda$new$0(128)) - 0716e483-2373-428e-a917-ee7c73d3521d@group-96A0C3869B0A-SegmentedRaftLogWorker: flushIndex: setUnconditionally 0 -> -1
2019-10-17 05:56:55,521 [pool-37-thread-1] INFO  server.RaftServerConfigKeys (ConfUtils.java:logGet(43)) - raft.server.snapshot.auto.trigger.enabled = true (custom)
2019-10-17 05:56:55,521 [pool-37-thread-1] INFO  server.RaftServerConfigKeys (ConfUtils.java:logGet(43)) - raft.server.snapshot.auto.trigger.threshold = 10000 (custom)
2019-10-17 05:56:55,521 [pool-37-thread-1] INFO  server.RaftServerConfigKeys (ConfUtils.java:logGet(43)) - raft.server.snapshot.retention.file.num = 5 (custom)
2019-10-17 05:56:55,521 [pool-37-thread-1] INFO  server.RaftServerConfigKeys (ConfUtils.java:logGet(43)) - raft.server.retrycache.expirytime = 600000ms (custom)
2019-10-17 05:56:55,525 [pool-37-thread-1] INFO  impl.RaftServerImpl (RaftServerImpl.java:start(195)) - 0716e483-2373-428e-a917-ee7c73d3521d@group-96A0C3869B0A: start as a follower, conf=-1: [0716e483-2373-428e-a917-ee7c73d3521d:192.168.69.82:39524], old=null
2019-10-17 05:56:55,526 [pool-37-thread-1] INFO  impl.RaftServerImpl (RaftServerImpl.java:setRole(184)) - 0716e483-2373-428e-a917-ee7c73d3521d@group-96A0C3869B0A: changes role from      null to FOLLOWER at term 0 for startAsFollower
2019-10-17 05:56:55,526 [pool-37-thread-1] INFO  impl.RoleInfo (RoleInfo.java:updateAndGet(143)) - 0716e483-2373-428e-a917-ee7c73d3521d: start FollowerState
2019-10-17 05:56:55,526 [pool-37-thread-1] INFO  util.JmxRegister (JmxRegister.java:tryRegister(44)) - Successfully registered JMX Bean with object name Ratis:service=RaftServer,group=group-96A0C3869B0A,id=0716e483-2373-428e-a917-ee7c73d3521d
2019-10-17 05:56:55,542 [RatisPipelineUtilsThread] INFO  pipeline.PipelineStateManager (PipelineStateManager.java:addPipeline(56)) - Created pipeline Pipeline[ Id: 4ed0886c-f8d8-429b-8759-96a0c3869b0a, Nodes: 0716e483-2373-428e-a917-ee7c73d3521d{ip: 192.168.69.82, host: pr-hdds-2286-c5gnx-3944588690, networkLocation: /default-rack, certSerialId: null}, Type:RATIS, Factor:ONE, State:OPEN]
2019-10-17 05:56:55,564 [grpc-default-executor-2] INFO  impl.RaftServerProxy (RaftServerProxy.java:addNew(89)) - 3ce2c7b7-3df7-42de-af28-9ba1d65ea84e: addNew group-0D1055093416:[9f06b4c9-079f-4989-8935-c6be59ddc82e:192.168.69.82:36391, b282f9e2-3bd4-452e-9c35-1adeacc39134:192.168.69.82:42567, 3ce2c7b7-3df7-42de-af28-9ba1d65ea84e:192.168.69.82:35388] returns group-0D1055093416:java.util.concurrent.CompletableFuture@80b29e[Not completed]
2019-10-17 05:56:55,567 [pool-57-thread-1] INFO  impl.RaftServerImpl (RaftServerImpl.java:<init>(104)) - 3ce2c7b7-3df7-42de-af28-9ba1d65ea84e: new RaftServerImpl for group-0D1055093416:[9f06b4c9-079f-4989-8935-c6be59ddc82e:192.168.69.82:36391, b282f9e2-3bd4-452e-9c35-1adeacc39134:192.168.69.82:42567, 3ce2c7b7-3df7-42de-af28-9ba1d65ea84e:192.168.69.82:35388] with ContainerStateMachine:uninitialized
2019-10-17 05:56:55,567 [pool-57-thread-1] INFO  server.RaftServerConfigKeys (ConfUtils.java:logGet(43)) - raft.server.rpc.timeout.min = 1s (custom)
2019-10-17 05:56:55,567 [grpc-default-executor-2] INFO  impl.RaftServerProxy (RaftServerProxy.java:addNew(89)) - b282f9e2-3bd4-452e-9c35-1adeacc39134: addNew group-0D1055093416:[9f06b4c9-079f-4989-8935-c6be59ddc82e:192.168.69.82:36391, b282f9e2-3bd4-452e-9c35-1adeacc39134:192.168.69.82:42567, 3ce2c7b7-3df7-42de-af28-9ba1d65ea84e:192.168.69.82:35388] returns group-0D1055093416:java.util.concurrent.CompletableFuture@45823cea[Not completed]
2019-10-17 05:56:55,568 [pool-57-thread-1] INFO  server.RaftServerConfigKeys (ConfUtils.java:logGet(43)) - raft.server.rpc.timeout.max = 1200ms (custom)
2019-10-17 05:56:55,569 [pool-57-thread-1] INFO  server.RaftServerConfigKeys (ConfUtils.java:logGet(43)) - raft.server.rpcslowness.timeout = 120s (custom)
2019-10-17 05:56:55,569 [pool-57-thread-1] INFO  server.RaftServerConfigKeys (ConfUtils.java:logGet(43)) - raft.server.sleep.deviation.threshold = 300 (default)
2019-10-17 05:56:55,569 [pool-57-thread-1] INFO  server.RaftServerConfigKeys (ConfUtils.java:logGet(43)) - raft.server.log.appender.install.snapshot.enabled = false (custom)
2019-10-17 05:56:55,569 [grpc-default-executor-1] INFO  impl.RaftServerProxy (RaftServerProxy.java:addNew(89)) - 9f06b4c9-079f-4989-8935-c6be59ddc82e: addNew group-0D1055093416:[9f06b4c9-079f-4989-8935-c6be59ddc82e:192.168.69.82:36391, b282f9e2-3bd4-452e-9c35-1adeacc39134:192.168.69.82:42567, 3ce2c7b7-3df7-42de-af28-9ba1d65ea84e:192.168.69.82:35388] returns group-0D1055093416:java.util.concurrent.CompletableFuture@603bd715[Not completed]
2019-10-17 05:56:55,569 [pool-57-thread-1] INFO  impl.RaftServerImpl (ServerState.java:<init>(103)) - 3ce2c7b7-3df7-42de-af28-9ba1d65ea84e@group-0D1055093416: ConfigurationManager, init=-1: [9f06b4c9-079f-4989-8935-c6be59ddc82e:192.168.69.82:36391, b282f9e2-3bd4-452e-9c35-1adeacc39134:192.168.69.82:42567, 3ce2c7b7-3df7-42de-af28-9ba1d65ea84e:192.168.69.82:35388], old=null, confs=<EMPTY_MAP>
2019-10-17 05:56:55,570 [pool-57-thread-1] INFO  server.RaftServerConfigKeys (ConfUtils.java:logGet(43)) - raft.server.storage.dir = [/workdir/hadoop-ozone/integration-test/target/test-dir/MiniOzoneClusterImpl-292a2ff3-4780-4182-bb48-82c20e0e309d/datanode-3/data/ratis] (custom)
2019-10-17 05:56:55,570 [pool-87-thread-1] INFO  impl.RaftServerImpl (RaftServerImpl.java:<init>(104)) - b282f9e2-3bd4-452e-9c35-1adeacc39134: new RaftServerImpl for group-0D1055093416:[9f06b4c9-079f-4989-8935-c6be59ddc82e:192.168.69.82:36391, b282f9e2-3bd4-452e-9c35-1adeacc39134:192.168.69.82:42567, 3ce2c7b7-3df7-42de-af28-9ba1d65ea84e:192.168.69.82:35388] with ContainerStateMachine:uninitialized
2019-10-17 05:56:55,570 [pool-87-thread-1] INFO  server.RaftServerConfigKeys (ConfUtils.java:logGet(43)) - raft.server.rpc.timeout.min = 1s (custom)
2019-10-17 05:56:55,570 [pool-57-thread-1] INFO  server.RaftServerConfigKeys (ConfUtils.java:logGet(43)) - raft.server.log.corruption.policy = EXCEPTION (default)
2019-10-17 05:56:55,570 [pool-87-thread-1] INFO  server.RaftServerConfigKeys (ConfUtils.java:logGet(43)) - raft.server.rpc.timeout.max = 1200ms (custom)
2019-10-17 05:56:55,570 [pool-87-thread-1] INFO  server.RaftServerConfigKeys (ConfUtils.java:logGet(43)) - raft.server.rpcslowness.timeout = 120s (custom)
2019-10-17 05:56:55,571 [pool-57-thread-1] INFO  storage.RaftStorageDirectory (RaftStorageDirectory.java:analyzeStorage(246)) - The storage directory /workdir/hadoop-ozone/integration-test/target/test-dir/MiniOzoneClusterImpl-292a2ff3-4780-4182-bb48-82c20e0e309d/datanode-3/data/ratis/7064a63e-fc8a-4441-ad59-0d1055093416 does not exist. Creating ...
2019-10-17 05:56:55,571 [pool-87-thread-1] INFO  server.RaftServerConfigKeys (ConfUtils.java:logGet(43)) - raft.server.sleep.deviation.threshold = 300 (default)
2019-10-17 05:56:55,571 [pool-87-thread-1] INFO  server.RaftServerConfigKeys (ConfUtils.java:logGet(43)) - raft.server.log.appender.install.snapshot.enabled = false (custom)
2019-10-17 05:56:55,571 [pool-87-thread-1] INFO  impl.RaftServerImpl (ServerState.java:<init>(103)) - b282f9e2-3bd4-452e-9c35-1adeacc39134@group-0D1055093416: ConfigurationManager, init=-1: [9f06b4c9-079f-4989-8935-c6be59ddc82e:192.168.69.82:36391, b282f9e2-3bd4-452e-9c35-1adeacc39134:192.168.69.82:42567, 3ce2c7b7-3df7-42de-af28-9ba1d65ea84e:192.168.69.82:35388], old=null, confs=<EMPTY_MAP>
2019-10-17 05:56:55,571 [pool-87-thread-1] INFO  server.RaftServerConfigKeys (ConfUtils.java:logGet(43)) - raft.server.storage.dir = [/workdir/hadoop-ozone/integration-test/target/test-dir/MiniOzoneClusterImpl-292a2ff3-4780-4182-bb48-82c20e0e309d/datanode-6/data/ratis] (custom)
2019-10-17 05:56:55,571 [pool-107-thread-1] INFO  impl.RaftServerImpl (RaftServerImpl.java:<init>(104)) - 9f06b4c9-079f-4989-8935-c6be59ddc82e: new RaftServerImpl for group-0D1055093416:[9f06b4c9-079f-4989-8935-c6be59ddc82e:192.168.69.82:36391, b282f9e2-3bd4-452e-9c35-1adeacc39134:192.168.69.82:42567, 3ce2c7b7-3df7-42de-af28-9ba1d65ea84e:192.168.69.82:35388] with ContainerStateMachine:uninitialized
2019-10-17 05:56:55,571 [pool-87-thread-1] INFO  server.RaftServerConfigKeys (ConfUtils.java:logGet(43)) - raft.server.log.corruption.policy = EXCEPTION (default)
2019-10-17 05:56:55,571 [pool-107-thread-1] INFO  server.RaftServerConfigKeys (ConfUtils.java:logGet(43)) - raft.server.rpc.timeout.min = 1s (custom)
2019-10-17 05:56:55,571 [pool-87-thread-1] INFO  storage.RaftStorageDirectory (RaftStorageDirectory.java:analyzeStorage(246)) - The storage directory /workdir/hadoop-ozone/integration-test/target/test-dir/MiniOzoneClusterImpl-292a2ff3-4780-4182-bb48-82c20e0e309d/datanode-6/data/ratis/7064a63e-fc8a-4441-ad59-0d1055093416 does not exist. Creating ...
2019-10-17 05:56:55,572 [pool-107-thread-1] INFO  server.RaftServerConfigKeys (ConfUtils.java:logGet(43)) - raft.server.rpc.timeout.max = 1200ms (custom)
2019-10-17 05:56:55,572 [pool-107-thread-1] INFO  server.RaftServerConfigKeys (ConfUtils.java:logGet(43)) - raft.server.rpcslowness.timeout = 120s (custom)
2019-10-17 05:56:55,572 [pool-107-thread-1] INFO  server.RaftServerConfigKeys (ConfUtils.java:logGet(43)) - raft.server.sleep.deviation.threshold = 300 (default)
2019-10-17 05:56:55,572 [pool-107-thread-1] INFO  server.RaftServerConfigKeys (ConfUtils.java:logGet(43)) - raft.server.log.appender.install.snapshot.enabled = false (custom)
2019-10-17 05:56:55,572 [pool-107-thread-1] INFO  impl.RaftServerImpl (ServerState.java:<init>(103)) - 9f06b4c9-079f-4989-8935-c6be59ddc82e@group-0D1055093416: ConfigurationManager, init=-1: [9f06b4c9-079f-4989-8935-c6be59ddc82e:192.168.69.82:36391, b282f9e2-3bd4-452e-9c35-1adeacc39134:192.168.69.82:42567, 3ce2c7b7-3df7-42de-af28-9ba1d65ea84e:192.168.69.82:35388], old=null, confs=<EMPTY_MAP>
2019-10-17 05:56:55,572 [pool-107-thread-1] INFO  server.RaftServerConfigKeys (ConfUtils.java:logGet(43)) - raft.server.storage.dir = [/workdir/hadoop-ozone/integration-test/target/test-dir/MiniOzoneClusterImpl-292a2ff3-4780-4182-bb48-82c20e0e309d/datanode-8/data/ratis] (custom)
2019-10-17 05:56:55,573 [pool-107-thread-1] INFO  server.RaftServerConfigKeys (ConfUtils.java:logGet(43)) - raft.server.log.corruption.policy = EXCEPTION (default)
2019-10-17 05:56:55,573 [pool-107-thread-1] INFO  storage.RaftStorageDirectory (RaftStorageDirectory.java:analyzeStorage(246)) - The storage directory /workdir/hadoop-ozone/integration-test/target/test-dir/MiniOzoneClusterImpl-292a2ff3-4780-4182-bb48-82c20e0e309d/datanode-8/data/ratis/7064a63e-fc8a-4441-ad59-0d1055093416 does not exist. Creating ...
2019-10-17 05:56:55,584 [pool-107-thread-1] INFO  storage.RaftStorageDirectory (RaftStorageDirectory.java:tryLock(328)) - Lock on /workdir/hadoop-ozone/integration-test/target/test-dir/MiniOzoneClusterImpl-292a2ff3-4780-4182-bb48-82c20e0e309d/datanode-8/data/ratis/7064a63e-fc8a-4441-ad59-0d1055093416/in_use.lock acquired by nodename 14099@pr-hdds-2286-c5gnx-3944588690
2019-10-17 05:56:55,584 [pool-57-thread-1] INFO  storage.RaftStorageDirectory (RaftStorageDirectory.java:tryLock(328)) - Lock on /workdir/hadoop-ozone/integration-test/target/test-dir/MiniOzoneClusterImpl-292a2ff3-4780-4182-bb48-82c20e0e309d/datanode-3/data/ratis/7064a63e-fc8a-4441-ad59-0d1055093416/in_use.lock acquired by nodename 14099@pr-hdds-2286-c5gnx-3944588690
2019-10-17 05:56:55,584 [pool-87-thread-1] INFO  storage.RaftStorageDirectory (RaftStorageDirectory.java:tryLock(328)) - Lock on /workdir/hadoop-ozone/integration-test/target/test-dir/MiniOzoneClusterImpl-292a2ff3-4780-4182-bb48-82c20e0e309d/datanode-6/data/ratis/7064a63e-fc8a-4441-ad59-0d1055093416/in_use.lock acquired by nodename 14099@pr-hdds-2286-c5gnx-3944588690
2019-10-17 05:56:55,602 [Thread-330] INFO  impl.FollowerState (FollowerState.java:run(108)) - 0716e483-2373-428e-a917-ee7c73d3521d@group-96A0C3869B0A-FollowerState: change to CANDIDATE, lastRpcTime:76ms, electionTimeout:76ms
2019-10-17 05:56:55,602 [Thread-330] INFO  impl.RoleInfo (RoleInfo.java:shutdownFollowerState(121)) - 0716e483-2373-428e-a917-ee7c73d3521d: shutdown FollowerState
2019-10-17 05:56:55,603 [Thread-330] INFO  impl.RaftServerImpl (RaftServerImpl.java:setRole(184)) - 0716e483-2373-428e-a917-ee7c73d3521d@group-96A0C3869B0A: changes role from  FOLLOWER to CANDIDATE at term 0 for changeToCandidate
2019-10-17 05:56:55,603 [Thread-330] INFO  impl.RoleInfo (RoleInfo.java:updateAndGet(143)) - 0716e483-2373-428e-a917-ee7c73d3521d: start LeaderElection
2019-10-17 05:56:55,606 [pool-107-thread-1] INFO  storage.RaftStorage (RaftStorage.java:format(84)) - Storage directory /workdir/hadoop-ozone/integration-test/target/test-dir/MiniOzoneClusterImpl-292a2ff3-4780-4182-bb48-82c20e0e309d/datanode-8/data/ratis/7064a63e-fc8a-4441-ad59-0d1055093416 has been successfully formatted.
2019-10-17 05:56:55,608 [pool-57-thread-1] INFO  storage.RaftStorage (RaftStorage.java:format(84)) - Storage directory /workdir/hadoop-ozone/integration-test/target/test-dir/MiniOzoneClusterImpl-292a2ff3-4780-4182-bb48-82c20e0e309d/datanode-3/data/ratis/7064a63e-fc8a-4441-ad59-0d1055093416 has been successfully formatted.
2019-10-17 05:56:55,608 [pool-87-thread-1] INFO  storage.RaftStorage (RaftStorage.java:format(84)) - Storage directory /workdir/hadoop-ozone/integration-test/target/test-dir/MiniOzoneClusterImpl-292a2ff3-4780-4182-bb48-82c20e0e309d/datanode-6/data/ratis/7064a63e-fc8a-4441-ad59-0d1055093416 has been successfully formatted.
2019-10-17 05:56:55,608 [pool-107-thread-1] INFO  ratis.ContainerStateMachine (ContainerStateMachine.java:loadSnapshot(231)) - group-0D1055093416: The snapshot info is null. Setting the last applied indexto:(t:0, i:~)
2019-10-17 05:56:55,608 [pool-87-thread-1] INFO  ratis.ContainerStateMachine (ContainerStateMachine.java:loadSnapshot(231)) - group-0D1055093416: The snapshot info is null. Setting the last applied indexto:(t:0, i:~)
2019-10-17 05:56:55,608 [pool-57-thread-1] INFO  ratis.ContainerStateMachine (ContainerStateMachine.java:loadSnapshot(231)) - group-0D1055093416: The snapshot info is null. Setting the last applied indexto:(t:0, i:~)
2019-10-17 05:56:55,609 [pool-87-thread-1] INFO  server.RaftServerConfigKeys (ConfUtils.java:logGet(43)) - raft.server.notification.no-leader.timeout = 120s (custom)
2019-10-17 05:56:55,609 [pool-107-thread-1] INFO  server.RaftServerConfigKeys (ConfUtils.java:logGet(43)) - raft.server.notification.no-leader.timeout = 120s (custom)
2019-10-17 05:56:55,609 [pool-87-thread-1] INFO  server.RaftServerConfigKeys (ConfUtils.java:logGet(43)) - raft.server.log.use.memory = false (default)
2019-10-17 05:56:55,609 [pool-57-thread-1] INFO  server.RaftServerConfigKeys (ConfUtils.java:logGet(43)) - raft.server.notification.no-leader.timeout = 120s (custom)
2019-10-17 05:56:55,609 [pool-87-thread-1] INFO  server.RaftServerConfigKeys (ConfUtils.java:logGet(43)) - raft.server.log.purge.gap = 1000000 (custom)
2019-10-17 05:56:55,609 [pool-107-thread-1] INFO  server.RaftServerConfigKeys (ConfUtils.java:logGet(43)) - raft.server.log.use.memory = false (default)
2019-10-17 05:56:55,609 [pool-87-thread-1] INFO  server.RaftServerConfigKeys (ConfUtils.java:logGet(43)) - raft.server.log.appender.buffer.byte-limit = 33554432 (custom)
2019-10-17 05:56:55,609 [pool-57-thread-1] INFO  server.RaftServerConfigKeys (ConfUtils.java:logGet(43)) - raft.server.log.use.memory = false (default)
2019-10-17 05:56:55,610 [pool-87-thread-1] INFO  server.RaftServerConfigKeys (ConfUtils.java:logGet(43)) - raft.server.log.segment.size.max = 1048576 (custom)
2019-10-17 05:56:55,610 [pool-107-thread-1] INFO  server.RaftServerConfigKeys (ConfUtils.java:logGet(43)) - raft.server.log.purge.gap = 1000000 (custom)
2019-10-17 05:56:55,610 [pool-87-thread-1] INFO  server.RaftServerConfigKeys (ConfUtils.java:logGet(43)) - raft.server.log.segment.cache.num.max = 2 (custom)
2019-10-17 05:56:55,610 [pool-57-thread-1] INFO  server.RaftServerConfigKeys (ConfUtils.java:logGet(43)) - raft.server.log.purge.gap = 1000000 (custom)
2019-10-17 05:56:55,610 [pool-87-thread-1] INFO  segmented.SegmentedRaftLogWorker (SegmentedRaftLogWorker.java:<init>(173)) - new b282f9e2-3bd4-452e-9c35-1adeacc39134@group-0D1055093416-SegmentedRaftLogWorker for RaftStorage:Storage Directory /workdir/hadoop-ozone/integration-test/target/test-dir/MiniOzoneClusterImpl-292a2ff3-4780-4182-bb48-82c20e0e309d/datanode-6/data/ratis/7064a63e-fc8a-4441-ad59-0d1055093416
2019-10-17 05:56:55,610 [pool-107-thread-1] INFO  server.RaftServerConfigKeys (ConfUtils.java:logGet(43)) - raft.server.log.appender.buffer.byte-limit = 33554432 (custom)
2019-10-17 05:56:55,611 [pool-87-thread-1] INFO  server.RaftServerConfigKeys (ConfUtils.java:logGet(43)) - raft.server.log.queue.byte-limit = 2147483647 (custom)
2019-10-17 05:56:55,610 [pool-57-thread-1] INFO  server.RaftServerConfigKeys (ConfUtils.java:logGet(43)) - raft.server.log.appender.buffer.byte-limit = 33554432 (custom)
2019-10-17 05:56:55,611 [pool-87-thread-1] INFO  server.RaftServerConfigKeys (ConfUtils.java:logGet(43)) - raft.server.log.queue.element-limit = 1024 (custom)
2019-10-17 05:56:55,611 [pool-107-thread-1] INFO  server.RaftServerConfigKeys (ConfUtils.java:logGet(43)) - raft.server.log.segment.size.max = 1048576 (custom)
2019-10-17 05:56:55,611 [pool-87-thread-1] INFO  server.RaftServerConfigKeys (ConfUtils.java:logGet(43)) - raft.server.log.segment.size.max = 1048576 (custom)
2019-10-17 05:56:55,611 [pool-57-thread-1] INFO  server.RaftServerConfigKeys (ConfUtils.java:logGet(43)) - raft.server.log.segment.size.max = 1048576 (custom)
2019-10-17 05:56:55,611 [pool-87-thread-1] INFO  server.RaftServerConfigKeys (ConfUtils.java:logGet(43)) - raft.server.log.preallocated.size = 16384 (custom)
2019-10-17 05:56:55,611 [pool-107-thread-1] INFO  server.RaftServerConfigKeys (ConfUtils.java:logGet(43)) - raft.server.log.segment.cache.num.max = 2 (custom)
2019-10-17 05:56:55,612 [pool-87-thread-1] INFO  server.RaftServerConfigKeys (ConfUtils.java:logGet(43)) - raft.server.log.write.buffer.size = 33554432 (custom)
2019-10-17 05:56:55,612 [pool-57-thread-1] INFO  server.RaftServerConfigKeys (ConfUtils.java:logGet(43)) - raft.server.log.segment.cache.num.max = 2 (custom)
2019-10-17 05:56:55,612 [pool-87-thread-1] INFO  server.RaftServerConfigKeys (ConfUtils.java:logGet(43)) - raft.server.log.force.sync.num = 128 (default)
2019-10-17 05:56:55,612 [pool-87-thread-1] INFO  server.RaftServerConfigKeys (ConfUtils.java:logGet(43)) - raft.server.log.statemachine.data.sync = true (default)
2019-10-17 05:56:55,612 [pool-107-thread-1] INFO  segmented.SegmentedRaftLogWorker (SegmentedRaftLogWorker.java:<init>(173)) - new 9f06b4c9-079f-4989-8935-c6be59ddc82e@group-0D1055093416-SegmentedRaftLogWorker for RaftStorage:Storage Directory /workdir/hadoop-ozone/integration-test/target/test-dir/MiniOzoneClusterImpl-292a2ff3-4780-4182-bb48-82c20e0e309d/datanode-8/data/ratis/7064a63e-fc8a-4441-ad59-0d1055093416
2019-10-17 05:56:55,612 [pool-87-thread-1] INFO  server.RaftServerConfigKeys (ConfUtils.java:logGet(43)) - raft.server.log.statemachine.data.sync.timeout = 10s (default)
2019-10-17 05:56:55,612 [pool-57-thread-1] INFO  segmented.SegmentedRaftLogWorker (SegmentedRaftLogWorker.java:<init>(173)) - new 3ce2c7b7-3df7-42de-af28-9ba1d65ea84e@group-0D1055093416-SegmentedRaftLogWorker for RaftStorage:Storage Directory /workdir/hadoop-ozone/integration-test/target/test-dir/MiniOzoneClusterImpl-292a2ff3-4780-4182-bb48-82c20e0e309d/datanode-3/data/ratis/7064a63e-fc8a-4441-ad59-0d1055093416
2019-10-17 05:56:55,613 [pool-87-thread-1] INFO  server.RaftServerConfigKeys (ConfUtils.java:logGet(43)) - raft.server.log.statemachine.data.sync.timeout.retry = -1 (default)
2019-10-17 05:56:55,612 [pool-107-thread-1] INFO  server.RaftServerConfigKeys (ConfUtils.java:logGet(43)) - raft.server.log.queue.byte-limit = 2147483647 (custom)
2019-10-17 05:56:55,613 [pool-87-thread-1] INFO  server.RaftServerConfigKeys (ConfUtils.java:logGet(43)) - raft.server.log.statemachine.data.caching.enabled = true (custom)
2019-10-17 05:56:55,613 [pool-57-thread-1] INFO  server.RaftServerConfigKeys (ConfUtils.java:logGet(43)) - raft.server.log.queue.byte-limit = 2147483647 (custom)
2019-10-17 05:56:55,613 [pool-107-thread-1] INFO  server.RaftServerConfigKeys (ConfUtils.java:logGet(43)) - raft.server.log.queue.element-limit = 1024 (custom)
2019-10-17 05:56:55,613 [pool-87-thread-1] INFO  segmented.SegmentedRaftLogWorker (SegmentedRaftLogWorker.java:lambda$new$0(128)) - b282f9e2-3bd4-452e-9c35-1adeacc39134@group-0D1055093416-SegmentedRaftLogWorker: flushIndex: setUnconditionally 0 -> -1
2019-10-17 05:56:55,613 [pool-57-thread-1] INFO  server.RaftServerConfigKeys (ConfUtils.java:logGet(43)) - raft.server.log.queue.element-limit = 1024 (custom)
2019-10-17 05:56:55,613 [pool-107-thread-1] INFO  server.RaftServerConfigKeys (ConfUtils.java:logGet(43)) - raft.server.log.segment.size.max = 1048576 (custom)
2019-10-17 05:56:55,614 [pool-87-thread-1] INFO  server.RaftServerConfigKeys (ConfUtils.java:logGet(43)) - raft.server.snapshot.auto.trigger.enabled = true (custom)
2019-10-17 05:56:55,614 [0716e483-2373-428e-a917-ee7c73d3521d@group-96A0C3869B0A-LeaderElection10] INFO  impl.LeaderElection (LeaderElection.java:askForVotes(178)) - 0716e483-2373-428e-a917-ee7c73d3521d@group-96A0C3869B0A-LeaderElection10: begin an election at term 1 for -1: [0716e483-2373-428e-a917-ee7c73d3521d:192.168.69.82:39524], old=null
2019-10-17 05:56:55,614 [pool-57-thread-1] INFO  server.RaftServerConfigKeys (ConfUtils.java:logGet(43)) - raft.server.log.segment.size.max = 1048576 (custom)
2019-10-17 05:56:55,614 [0716e483-2373-428e-a917-ee7c73d3521d@group-96A0C3869B0A-LeaderElection10] INFO  impl.RoleInfo (RoleInfo.java:shutdownLeaderElection(134)) - 0716e483-2373-428e-a917-ee7c73d3521d: shutdown LeaderElection
2019-10-17 05:56:55,614 [pool-87-thread-1] INFO  server.RaftServerConfigKeys (ConfUtils.java:logGet(43)) - raft.server.snapshot.auto.trigger.threshold = 10000 (custom)
2019-10-17 05:56:55,614 [pool-107-thread-1] INFO  server.RaftServerConfigKeys (ConfUtils.java:logGet(43)) - raft.server.log.preallocated.size = 16384 (custom)
2019-10-17 05:56:55,614 [pool-87-thread-1] INFO  server.RaftServerConfigKeys (ConfUtils.java:logGet(43)) - raft.server.snapshot.retention.file.num = 5 (custom)
2019-10-17 05:56:55,614 [0716e483-2373-428e-a917-ee7c73d3521d@group-96A0C3869B0A-LeaderElection10] INFO  impl.RaftServerImpl (RaftServerImpl.java:setRole(184)) - 0716e483-2373-428e-a917-ee7c73d3521d@group-96A0C3869B0A: changes role from CANDIDATE to LEADER at term 1 for changeToLeader
2019-10-17 05:56:55,615 [pool-87-thread-1] INFO  server.RaftServerConfigKeys (ConfUtils.java:logGet(43)) - raft.server.retrycache.expirytime = 600000ms (custom)
2019-10-17 05:56:55,614 [pool-57-thread-1] INFO  server.RaftServerConfigKeys (ConfUtils.java:logGet(43)) - raft.server.log.preallocated.size = 16384 (custom)
2019-10-17 05:56:55,615 [0716e483-2373-428e-a917-ee7c73d3521d@group-96A0C3869B0A-LeaderElection10] INFO  impl.RaftServerImpl (ServerState.java:setLeader(256)) - 0716e483-2373-428e-a917-ee7c73d3521d@group-96A0C3869B0A: change Leader from null to 0716e483-2373-428e-a917-ee7c73d3521d at term 1 for becomeLeader, leader elected after 100ms
2019-10-17 05:56:55,615 [pool-107-thread-1] INFO  server.RaftServerConfigKeys (ConfUtils.java:logGet(43)) - raft.server.log.write.buffer.size = 33554432 (custom)
2019-10-17 05:56:55,615 [0716e483-2373-428e-a917-ee7c73d3521d@group-96A0C3869B0A-LeaderElection10] INFO  server.RaftServerConfigKeys (ConfUtils.java:logGet(43)) - raft.server.staging.catchup.gap = 1000 (default)
2019-10-17 05:56:55,615 [pool-57-thread-1] INFO  server.RaftServerConfigKeys (ConfUtils.java:logGet(43)) - raft.server.log.write.buffer.size = 33554432 (custom)
2019-10-17 05:56:55,616 [0716e483-2373-428e-a917-ee7c73d3521d@group-96A0C3869B0A-LeaderElection10] INFO  server.RaftServerConfigKeys (ConfUtils.java:logGet(43)) - raft.server.rpc.sleep.time = 25ms (default)
2019-10-17 05:56:55,615 [pool-107-thread-1] INFO  server.RaftServerConfigKeys (ConfUtils.java:logGet(43)) - raft.server.log.force.sync.num = 128 (default)
2019-10-17 05:56:55,616 [0716e483-2373-428e-a917-ee7c73d3521d@group-96A0C3869B0A-LeaderElection10] INFO  server.RaftServerConfigKeys (ConfUtils.java:logGet(43)) - raft.server.write.element-limit = 4096 (default)
2019-10-17 05:56:55,616 [pool-57-thread-1] INFO  server.RaftServerConfigKeys (ConfUtils.java:logGet(43)) - raft.server.log.force.sync.num = 128 (default)
2019-10-17 05:56:55,616 [0716e483-2373-428e-a917-ee7c73d3521d@group-96A0C3869B0A-LeaderElection10] INFO  server.RaftServerConfigKeys (ConfUtils.java:logGet(43)) - raft.server.watch.timeout = 10s (default)
2019-10-17 05:56:55,616 [pool-107-thread-1] INFO  server.RaftServerConfigKeys (ConfUtils.java:logGet(43)) - raft.server.log.statemachine.data.sync = true (default)
2019-10-17 05:56:55,616 [0716e483-2373-428e-a917-ee7c73d3521d@group-96A0C3869B0A-LeaderElection10] INFO  server.RaftServerConfigKeys (ConfUtils.java:logGet(43)) - raft.server.watch.timeout.denomination = 1s (default)
2019-10-17 05:56:55,616 [pool-57-thread-1] INFO  server.RaftServerConfigKeys (ConfUtils.java:logGet(43)) - raft.server.log.statemachine.data.sync = true (default)
2019-10-17 05:56:55,617 [0716e483-2373-428e-a917-ee7c73d3521d@group-96A0C3869B0A-LeaderElection10] INFO  server.RaftServerConfigKeys (ConfUtils.java:logGet(43)) - raft.server.watch.element-limit = 65536 (default)
2019-10-17 05:56:55,616 [pool-107-thread-1] INFO  server.RaftServerConfigKeys (ConfUtils.java:logGet(43)) - raft.server.log.statemachine.data.sync.timeout = 10s (default)
2019-10-17 05:56:55,617 [pool-57-thread-1] INFO  server.RaftServerConfigKeys (ConfUtils.java:logGet(43)) - raft.server.log.statemachine.data.sync.timeout = 10s (default)
2019-10-17 05:56:55,617 [pool-107-thread-1] INFO  server.RaftServerConfigKeys (ConfUtils.java:logGet(43)) - raft.server.log.statemachine.data.sync.timeout.retry = -1 (default)
2019-10-17 05:56:55,617 [pool-57-thread-1] INFO  server.RaftServerConfigKeys (ConfUtils.java:logGet(43)) - raft.server.log.statemachine.data.sync.timeout.retry = -1 (default)
2019-10-17 05:56:55,617 [pool-107-thread-1] INFO  server.RaftServerConfigKeys (ConfUtils.java:logGet(43)) - raft.server.log.statemachine.data.caching.enabled = true (custom)
2019-10-17 05:56:55,617 [pool-57-thread-1] INFO  server.RaftServerConfigKeys (ConfUtils.java:logGet(43)) - raft.server.log.statemachine.data.caching.enabled = true (custom)
2019-10-17 05:56:55,618 [pool-107-thread-1] INFO  segmented.SegmentedRaftLogWorker (SegmentedRaftLogWorker.java:lambda$new$0(128)) - 9f06b4c9-079f-4989-8935-c6be59ddc82e@group-0D1055093416-SegmentedRaftLogWorker: flushIndex: setUnconditionally 0 -> -1
2019-10-17 05:56:55,618 [pool-57-thread-1] INFO  segmented.SegmentedRaftLogWorker (SegmentedRaftLogWorker.java:lambda$new$0(128)) - 3ce2c7b7-3df7-42de-af28-9ba1d65ea84e@group-0D1055093416-SegmentedRaftLogWorker: flushIndex: setUnconditionally 0 -> -1
2019-10-17 05:56:55,618 [pool-87-thread-1] INFO  impl.RaftServerImpl (RaftServerImpl.java:start(195)) - b282f9e2-3bd4-452e-9c35-1adeacc39134@group-0D1055093416: start as a follower, conf=-1: [9f06b4c9-079f-4989-8935-c6be59ddc82e:192.168.69.82:36391, b282f9e2-3bd4-452e-9c35-1adeacc39134:192.168.69.82:42567, 3ce2c7b7-3df7-42de-af28-9ba1d65ea84e:192.168.69.82:35388], old=null
2019-10-17 05:56:55,618 [pool-107-thread-1] INFO  server.RaftServerConfigKeys (ConfUtils.java:logGet(43)) - raft.server.snapshot.auto.trigger.enabled = true (custom)
2019-10-17 05:56:55,618 [pool-87-thread-1] INFO  impl.RaftServerImpl (RaftServerImpl.java:setRole(184)) - b282f9e2-3bd4-452e-9c35-1adeacc39134@group-0D1055093416: changes role from      null to FOLLOWER at term 0 for startAsFollower
2019-10-17 05:56:55,618 [pool-107-thread-1] INFO  server.RaftServerConfigKeys (ConfUtils.java:logGet(43)) - raft.server.snapshot.auto.trigger.threshold = 10000 (custom)
2019-10-17 05:56:55,618 [pool-57-thread-1] INFO  server.RaftServerConfigKeys (ConfUtils.java:logGet(43)) - raft.server.snapshot.auto.trigger.enabled = true (custom)
2019-10-17 05:56:55,618 [pool-107-thread-1] INFO  server.RaftServerConfigKeys (ConfUtils.java:logGet(43)) - raft.server.snapshot.retention.file.num = 5 (custom)
2019-10-17 05:56:55,618 [pool-87-thread-1] INFO  impl.RoleInfo (RoleInfo.java:updateAndGet(143)) - b282f9e2-3bd4-452e-9c35-1adeacc39134: start FollowerState
2019-10-17 05:56:55,619 [pool-57-thread-1] INFO  server.RaftServerConfigKeys (ConfUtils.java:logGet(43)) - raft.server.snapshot.auto.trigger.threshold = 10000 (custom)
2019-10-17 05:56:55,619 [pool-107-thread-1] INFO  server.RaftServerConfigKeys (ConfUtils.java:logGet(43)) - raft.server.retrycache.expirytime = 600000ms (custom)
2019-10-17 05:56:55,621 [pool-57-thread-1] INFO  server.RaftServerConfigKeys (ConfUtils.java:logGet(43)) - raft.server.snapshot.retention.file.num = 5 (custom)
2019-10-17 05:56:55,621 [pool-87-thread-1] INFO  util.JmxRegister (JmxRegister.java:tryRegister(44)) - Successfully registered JMX Bean with object name Ratis:service=RaftServer,group=group-0D1055093416,id=b282f9e2-3bd4-452e-9c35-1adeacc39134
2019-10-17 05:56:55,621 [pool-57-thread-1] INFO  server.RaftServerConfigKeys (ConfUtils.java:logGet(43)) - raft.server.retrycache.expirytime = 600000ms (custom)
2019-10-17 05:56:55,621 [0716e483-2373-428e-a917-ee7c73d3521d@group-96A0C3869B0A-LeaderElection10] INFO  impl.RoleInfo (RoleInfo.java:updateAndGet(143)) - 0716e483-2373-428e-a917-ee7c73d3521d: start LeaderState
2019-10-17 05:56:55,621 [0716e483-2373-428e-a917-ee7c73d3521d@group-96A0C3869B0A-LeaderElection10] INFO  segmented.SegmentedRaftLogWorker (SegmentedRaftLogWorker.java:startLogSegment(385)) - 0716e483-2373-428e-a917-ee7c73d3521d@group-96A0C3869B0A-SegmentedRaftLogWorker: Starting segment from index:0
2019-10-17 05:56:55,622 [0716e483-2373-428e-a917-ee7c73d3521d@group-96A0C3869B0A-LeaderElection10] INFO  impl.RaftServerImpl (ServerState.java:setRaftConf(357)) - 0716e483-2373-428e-a917-ee7c73d3521d@group-96A0C3869B0A: set configuration 0: [0716e483-2373-428e-a917-ee7c73d3521d:192.168.69.82:39524], old=null at 0
2019-10-17 05:56:55,662 [pool-107-thread-1] INFO  impl.RaftServerImpl (RaftServerImpl.java:start(195)) - 9f06b4c9-079f-4989-8935-c6be59ddc82e@group-0D1055093416: start as a follower, conf=-1: [9f06b4c9-079f-4989-8935-c6be59ddc82e:192.168.69.82:36391, b282f9e2-3bd4-452e-9c35-1adeacc39134:192.168.69.82:42567, 3ce2c7b7-3df7-42de-af28-9ba1d65ea84e:192.168.69.82:35388], old=null
2019-10-17 05:56:55,662 [pool-107-thread-1] INFO  impl.RaftServerImpl (RaftServerImpl.java:setRole(184)) - 9f06b4c9-079f-4989-8935-c6be59ddc82e@group-0D1055093416: changes role from      null to FOLLOWER at term 0 for startAsFollower
2019-10-17 05:56:55,662 [pool-107-thread-1] INFO  impl.RoleInfo (RoleInfo.java:updateAndGet(143)) - 9f06b4c9-079f-4989-8935-c6be59ddc82e: start FollowerState
2019-10-17 05:56:55,663 [pool-57-thread-1] INFO  impl.RaftServerImpl (RaftServerImpl.java:start(195)) - 3ce2c7b7-3df7-42de-af28-9ba1d65ea84e@group-0D1055093416: start as a follower, conf=-1: [9f06b4c9-079f-4989-8935-c6be59ddc82e:192.168.69.82:36391, b282f9e2-3bd4-452e-9c35-1adeacc39134:192.168.69.82:42567, 3ce2c7b7-3df7-42de-af28-9ba1d65ea84e:192.168.69.82:35388], old=null
2019-10-17 05:56:55,663 [pool-57-thread-1] INFO  impl.RaftServerImpl (RaftServerImpl.java:setRole(184)) - 3ce2c7b7-3df7-42de-af28-9ba1d65ea84e@group-0D1055093416: changes role from      null to FOLLOWER at term 0 for startAsFollower
2019-10-17 05:56:55,663 [pool-107-thread-1] INFO  util.JmxRegister (JmxRegister.java:tryRegister(44)) - Successfully registered JMX Bean with object name Ratis:service=RaftServer,group=group-0D1055093416,id=9f06b4c9-079f-4989-8935-c6be59ddc82e
2019-10-17 05:56:55,663 [pool-57-thread-1] INFO  impl.RoleInfo (RoleInfo.java:updateAndGet(143)) - 3ce2c7b7-3df7-42de-af28-9ba1d65ea84e: start FollowerState
2019-10-17 05:56:55,664 [pool-57-thread-1] INFO  util.JmxRegister (JmxRegister.java:tryRegister(44)) - Successfully registered JMX Bean with object name Ratis:service=RaftServer,group=group-0D1055093416,id=3ce2c7b7-3df7-42de-af28-9ba1d65ea84e
2019-10-17 05:56:55,671 [0716e483-2373-428e-a917-ee7c73d3521d@group-96A0C3869B0A-SegmentedRaftLogWorker] INFO  segmented.SegmentedRaftLogWorker (SegmentedRaftLogWorker.java:execute(576)) - 0716e483-2373-428e-a917-ee7c73d3521d@group-96A0C3869B0A-SegmentedRaftLogWorker: created new log segment /workdir/hadoop-ozone/integration-test/target/test-dir/MiniOzoneClusterImpl-292a2ff3-4780-4182-bb48-82c20e0e309d/datanode-1/data/ratis/4ed0886c-f8d8-429b-8759-96a0c3869b0a/current/log_inprogress_0
2019-10-17 05:56:55,690 [RatisPipelineUtilsThread] INFO  pipeline.PipelineStateManager (PipelineStateManager.java:addPipeline(56)) - Created pipeline Pipeline[ Id: 7064a63e-fc8a-4441-ad59-0d1055093416, Nodes: 9f06b4c9-079f-4989-8935-c6be59ddc82e{ip: 192.168.69.82, host: pr-hdds-2286-c5gnx-3944588690, networkLocation: /default-rack, certSerialId: null}3ce2c7b7-3df7-42de-af28-9ba1d65ea84e{ip: 192.168.69.82, host: pr-hdds-2286-c5gnx-3944588690, networkLocation: /default-rack, certSerialId: null}b282f9e2-3bd4-452e-9c35-1adeacc39134{ip: 192.168.69.82, host: pr-hdds-2286-c5gnx-3944588690, networkLocation: /default-rack, certSerialId: null}, Type:RATIS, Factor:THREE, State:OPEN]
2019-10-17 05:56:55,692 [Thread-340] INFO  impl.FollowerState (FollowerState.java:run(108)) - 3ce2c7b7-3df7-42de-af28-9ba1d65ea84e@group-0D1055093416-FollowerState: change to CANDIDATE, lastRpcTime:28ms, electionTimeout:28ms
2019-10-17 05:56:55,692 [Thread-340] INFO  impl.RoleInfo (RoleInfo.java:shutdownFollowerState(121)) - 3ce2c7b7-3df7-42de-af28-9ba1d65ea84e: shutdown FollowerState
2019-10-17 05:56:55,692 [Thread-340] INFO  impl.RaftServerImpl (RaftServerImpl.java:setRole(184)) - 3ce2c7b7-3df7-42de-af28-9ba1d65ea84e@group-0D1055093416: changes role from  FOLLOWER to CANDIDATE at term 0 for changeToCandidate
2019-10-17 05:56:55,692 [Thread-340] INFO  impl.RoleInfo (RoleInfo.java:updateAndGet(143)) - 3ce2c7b7-3df7-42de-af28-9ba1d65ea84e: start LeaderElection
2019-10-17 05:56:55,710 [grpc-default-executor-0] INFO  impl.RaftServerProxy (RaftServerProxy.java:addNew(89)) - 8c36b79a-da60-43d4-9d42-baae689ad199: addNew group-74E9893F5999:[b5f12832-4a97-45e3-9503-a5cba48636cf:192.168.69.82:34934, 596a1247-d4fb-4568-97fb-3ff1ce43250d:192.168.69.82:37061, 8c36b79a-da60-43d4-9d42-baae689ad199:192.168.69.82:45199] returns group-74E9893F5999:java.util.concurrent.CompletableFuture@1bf081cf[Not completed]
2019-10-17 05:56:55,712 [3ce2c7b7-3df7-42de-af28-9ba1d65ea84e@group-0D1055093416-LeaderElection11] INFO  impl.LeaderElection (LeaderElection.java:askForVotes(178)) - 3ce2c7b7-3df7-42de-af28-9ba1d65ea84e@group-0D1055093416-LeaderElection11: begin an election at term 1 for -1: [9f06b4c9-079f-4989-8935-c6be59ddc82e:192.168.69.82:36391, b282f9e2-3bd4-452e-9c35-1adeacc39134:192.168.69.82:42567, 3ce2c7b7-3df7-42de-af28-9ba1d65ea84e:192.168.69.82:35388], old=null
2019-10-17 05:56:55,712 [grpc-default-executor-1] INFO  impl.RaftServerProxy (RaftServerProxy.java:addNew(89)) - b5f12832-4a97-45e3-9503-a5cba48636cf: addNew group-74E9893F5999:[b5f12832-4a97-45e3-9503-a5cba48636cf:192.168.69.82:34934, 596a1247-d4fb-4568-97fb-3ff1ce43250d:192.168.69.82:37061, 8c36b79a-da60-43d4-9d42-baae689ad199:192.168.69.82:45199] returns group-74E9893F5999:java.util.concurrent.CompletableFuture@2106dd2e[Not completed]
2019-10-17 05:56:55,712 [grpc-default-executor-2] INFO  impl.RaftServerProxy (RaftServerProxy.java:addNew(89)) - 596a1247-d4fb-4568-97fb-3ff1ce43250d: addNew group-74E9893F5999:[b5f12832-4a97-45e3-9503-a5cba48636cf:192.168.69.82:34934, 596a1247-d4fb-4568-97fb-3ff1ce43250d:192.168.69.82:37061, 8c36b79a-da60-43d4-9d42-baae689ad199:192.168.69.82:45199] returns group-74E9893F5999:java.util.concurrent.CompletableFuture@748d9c5d[Not completed]
2019-10-17 05:56:55,713 [pool-67-thread-1] INFO  impl.RaftServerImpl (RaftServerImpl.java:<init>(104)) - 8c36b79a-da60-43d4-9d42-baae689ad199: new RaftServerImpl for group-74E9893F5999:[b5f12832-4a97-45e3-9503-a5cba48636cf:192.168.69.82:34934, 596a1247-d4fb-4568-97fb-3ff1ce43250d:192.168.69.82:37061, 8c36b79a-da60-43d4-9d42-baae689ad199:192.168.69.82:45199] with ContainerStateMachine:uninitialized
2019-10-17 05:56:55,713 [pool-67-thread-1] INFO  server.RaftServerConfigKeys (ConfUtils.java:logGet(43)) - raft.server.rpc.timeout.min = 1s (custom)
2019-10-17 05:56:55,713 [pool-67-thread-1] INFO  server.RaftServerConfigKeys (ConfUtils.java:logGet(43)) - raft.server.rpc.timeout.max = 1200ms (custom)
2019-10-17 05:56:55,713 [pool-67-thread-1] INFO  server.RaftServerConfigKeys (ConfUtils.java:logGet(43)) - raft.server.rpcslowness.timeout = 120s (custom)
2019-10-17 05:56:55,713 [pool-67-thread-1] INFO  server.RaftServerConfigKeys (ConfUtils.java:logGet(43)) - raft.server.sleep.deviation.threshold = 300 (default)
2019-10-17 05:56:55,714 [pool-67-thread-1] INFO  server.RaftServerConfigKeys (ConfUtils.java:logGet(43)) - raft.server.log.appender.install.snapshot.enabled = false (custom)
2019-10-17 05:56:55,714 [pool-67-thread-1] INFO  impl.RaftServerImpl (ServerState.java:<init>(103)) - 8c36b79a-da60-43d4-9d42-baae689ad199@group-74E9893F5999: ConfigurationManager, init=-1: [b5f12832-4a97-45e3-9503-a5cba48636cf:192.168.69.82:34934, 596a1247-d4fb-4568-97fb-3ff1ce43250d:192.168.69.82:37061, 8c36b79a-da60-43d4-9d42-baae689ad199:192.168.69.82:45199], old=null, confs=<EMPTY_MAP>
2019-10-17 05:56:55,714 [pool-67-thread-1] INFO  server.RaftServerConfigKeys (ConfUtils.java:logGet(43)) - raft.server.storage.dir = [/workdir/hadoop-ozone/integration-test/target/test-dir/MiniOzoneClusterImpl-292a2ff3-4780-4182-bb48-82c20e0e309d/datanode-4/data/ratis] (custom)
2019-10-17 05:56:55,714 [pool-47-thread-1] INFO  impl.RaftServerImpl (RaftServerImpl.java:<init>(104)) - 596a1247-d4fb-4568-97fb-3ff1ce43250d: new RaftServerImpl for group-74E9893F5999:[b5f12832-4a97-45e3-9503-a5cba48636cf:192.168.69.82:34934, 596a1247-d4fb-4568-97fb-3ff1ce43250d:192.168.69.82:37061, 8c36b79a-da60-43d4-9d42-baae689ad199:192.168.69.82:45199] with ContainerStateMachine:uninitialized
2019-10-17 05:56:55,714 [pool-67-thread-1] INFO  server.RaftServerConfigKeys (ConfUtils.java:logGet(43)) - raft.server.log.corruption.policy = EXCEPTION (default)
2019-10-17 05:56:55,714 [pool-47-thread-1] INFO  server.RaftServerConfigKeys (ConfUtils.java:logGet(43)) - raft.server.rpc.timeout.min = 1s (custom)
2019-10-17 05:56:55,714 [pool-67-thread-1] INFO  storage.RaftStorageDirectory (RaftStorageDirectory.java:analyzeStorage(246)) - The storage directory /workdir/hadoop-ozone/integration-test/target/test-dir/MiniOzoneClusterImpl-292a2ff3-4780-4182-bb48-82c20e0e309d/datanode-4/data/ratis/78e6814e-8f4b-48e6-8bf0-74e9893f5999 does not exist. Creating ...
2019-10-17 05:56:55,714 [pool-47-thread-1] INFO  server.RaftServerConfigKeys (ConfUtils.java:logGet(43)) - raft.server.rpc.timeout.max = 1200ms (custom)
2019-10-17 05:56:55,715 [pool-47-thread-1] INFO  server.RaftServerConfigKeys (ConfUtils.java:logGet(43)) - raft.server.rpcslowness.timeout = 120s (custom)
2019-10-17 05:56:55,715 [pool-47-thread-1] INFO  server.RaftServerConfigKeys (ConfUtils.java:logGet(43)) - raft.server.sleep.deviation.threshold = 300 (default)
2019-10-17 05:56:55,715 [pool-97-thread-1] INFO  impl.RaftServerImpl (RaftServerImpl.java:<init>(104)) - b5f12832-4a97-45e3-9503-a5cba48636cf: new RaftServerImpl for group-74E9893F5999:[b5f12832-4a97-45e3-9503-a5cba48636cf:192.168.69.82:34934, 596a1247-d4fb-4568-97fb-3ff1ce43250d:192.168.69.82:37061, 8c36b79a-da60-43d4-9d42-baae689ad199:192.168.69.82:45199] with ContainerStateMachine:uninitialized
2019-10-17 05:56:55,715 [pool-47-thread-1] INFO  server.RaftServerConfigKeys (ConfUtils.java:logGet(43)) - raft.server.log.appender.install.snapshot.enabled = false (custom)
2019-10-17 05:56:55,715 [pool-97-thread-1] INFO  server.RaftServerConfigKeys (ConfUtils.java:logGet(43)) - raft.server.rpc.timeout.min = 1s (custom)
2019-10-17 05:56:55,715 [pool-47-thread-1] INFO  impl.RaftServerImpl (ServerState.java:<init>(103)) - 596a1247-d4fb-4568-97fb-3ff1ce43250d@group-74E9893F5999: ConfigurationManager, init=-1: [b5f12832-4a97-45e3-9503-a5cba48636cf:192.168.69.82:34934, 596a1247-d4fb-4568-97fb-3ff1ce43250d:192.168.69.82:37061, 8c36b79a-da60-43d4-9d42-baae689ad199:192.168.69.82:45199], old=null, confs=<EMPTY_MAP>
2019-10-17 05:56:55,715 [pool-97-thread-1] INFO  server.RaftServerConfigKeys (ConfUtils.java:logGet(43)) - raft.server.rpc.timeout.max = 1200ms (custom)
2019-10-17 05:56:55,715 [pool-47-thread-1] INFO  server.RaftServerConfigKeys (ConfUtils.java:logGet(43)) - raft.server.storage.dir = [/workdir/hadoop-ozone/integration-test/target/test-dir/MiniOzoneClusterImpl-292a2ff3-4780-4182-bb48-82c20e0e309d/datanode-2/data/ratis] (custom)
2019-10-17 05:56:55,715 [pool-97-thread-1] INFO  server.RaftServerConfigKeys (ConfUtils.java:logGet(43)) - raft.server.rpcslowness.timeout = 120s (custom)
2019-10-17 05:56:55,716 [pool-97-thread-1] INFO  server.RaftServerConfigKeys (ConfUtils.java:logGet(43)) - raft.server.sleep.deviation.threshold = 300 (default)
2019-10-17 05:56:55,716 [pool-47-thread-1] INFO  server.RaftServerConfigKeys (ConfUtils.java:logGet(43)) - raft.server.log.corruption.policy = EXCEPTION (default)
2019-10-17 05:56:55,716 [pool-97-thread-1] INFO  server.RaftServerConfigKeys (ConfUtils.java:logGet(43)) - raft.server.log.appender.install.snapshot.enabled = false (custom)
2019-10-17 05:56:55,716 [pool-47-thread-1] INFO  storage.RaftStorageDirectory (RaftStorageDirectory.java:analyzeStorage(246)) - The storage directory /workdir/hadoop-ozone/integration-test/target/test-dir/MiniOzoneClusterImpl-292a2ff3-4780-4182-bb48-82c20e0e309d/datanode-2/data/ratis/78e6814e-8f4b-48e6-8bf0-74e9893f5999 does not exist. Creating ...
2019-10-17 05:56:55,716 [pool-97-thread-1] INFO  impl.RaftServerImpl (ServerState.java:<init>(103)) - b5f12832-4a97-45e3-9503-a5cba48636cf@group-74E9893F5999: ConfigurationManager, init=-1: [b5f12832-4a97-45e3-9503-a5cba48636cf:192.168.69.82:34934, 596a1247-d4fb-4568-97fb-3ff1ce43250d:192.168.69.82:37061, 8c36b79a-da60-43d4-9d42-baae689ad199:192.168.69.82:45199], old=null, confs=<EMPTY_MAP>
2019-10-17 05:56:55,716 [pool-97-thread-1] INFO  server.RaftServerConfigKeys (ConfUtils.java:logGet(43)) - raft.server.storage.dir = [/workdir/hadoop-ozone/integration-test/target/test-dir/MiniOzoneClusterImpl-292a2ff3-4780-4182-bb48-82c20e0e309d/datanode-7/data/ratis] (custom)
2019-10-17 05:56:55,717 [pool-97-thread-1] INFO  server.RaftServerConfigKeys (ConfUtils.java:logGet(43)) - raft.server.log.corruption.policy = EXCEPTION (default)
2019-10-17 05:56:55,717 [pool-97-thread-1] INFO  storage.RaftStorageDirectory (RaftStorageDirectory.java:analyzeStorage(246)) - The storage directory /workdir/hadoop-ozone/integration-test/target/test-dir/MiniOzoneClusterImpl-292a2ff3-4780-4182-bb48-82c20e0e309d/datanode-7/data/ratis/78e6814e-8f4b-48e6-8bf0-74e9893f5999 does not exist. Creating ...
2019-10-17 05:56:55,729 [pool-67-thread-1] INFO  storage.RaftStorageDirectory (RaftStorageDirectory.java:tryLock(328)) - Lock on /workdir/hadoop-ozone/integration-test/target/test-dir/MiniOzoneClusterImpl-292a2ff3-4780-4182-bb48-82c20e0e309d/datanode-4/data/ratis/78e6814e-8f4b-48e6-8bf0-74e9893f5999/in_use.lock acquired by nodename 14099@pr-hdds-2286-c5gnx-3944588690
2019-10-17 05:56:55,729 [pool-97-thread-1] INFO  storage.RaftStorageDirectory (RaftStorageDirectory.java:tryLock(328)) - Lock on /workdir/hadoop-ozone/integration-test/target/test-dir/MiniOzoneClusterImpl-292a2ff3-4780-4182-bb48-82c20e0e309d/datanode-7/data/ratis/78e6814e-8f4b-48e6-8bf0-74e9893f5999/in_use.lock acquired by nodename 14099@pr-hdds-2286-c5gnx-3944588690
2019-10-17 05:56:55,729 [pool-47-thread-1] INFO  storage.RaftStorageDirectory (RaftStorageDirectory.java:tryLock(328)) - Lock on /workdir/hadoop-ozone/integration-test/target/test-dir/MiniOzoneClusterImpl-292a2ff3-4780-4182-bb48-82c20e0e309d/datanode-2/data/ratis/78e6814e-8f4b-48e6-8bf0-74e9893f5999/in_use.lock acquired by nodename 14099@pr-hdds-2286-c5gnx-3944588690
2019-10-17 05:56:55,738 [grpc-default-executor-1] INFO  impl.RaftServerImpl (RaftServerImpl.java:setRole(184)) - b282f9e2-3bd4-452e-9c35-1adeacc39134@group-0D1055093416: changes role from  FOLLOWER to FOLLOWER at term 1 for recognizeCandidate:3ce2c7b7-3df7-42de-af28-9ba1d65ea84e
2019-10-17 05:56:55,738 [grpc-default-executor-2] INFO  impl.RaftServerImpl (RaftServerImpl.java:setRole(184)) - 9f06b4c9-079f-4989-8935-c6be59ddc82e@group-0D1055093416: changes role from  FOLLOWER to FOLLOWER at term 1 for recognizeCandidate:3ce2c7b7-3df7-42de-af28-9ba1d65ea84e
2019-10-17 05:56:55,738 [grpc-default-executor-1] INFO  impl.RoleInfo (RoleInfo.java:shutdownFollowerState(121)) - b282f9e2-3bd4-452e-9c35-1adeacc39134: shutdown FollowerState
2019-10-17 05:56:55,738 [grpc-default-executor-2] INFO  impl.RoleInfo (RoleInfo.java:shutdownFollowerState(121)) - 9f06b4c9-079f-4989-8935-c6be59ddc82e: shutdown FollowerState
2019-10-17 05:56:55,738 [Thread-336] INFO  impl.FollowerState (FollowerState.java:run(117)) - b282f9e2-3bd4-452e-9c35-1adeacc39134@group-0D1055093416-FollowerState was interrupted: java.lang.InterruptedException: sleep interrupted
2019-10-17 05:56:55,738 [grpc-default-executor-2] INFO  impl.RoleInfo (RoleInfo.java:updateAndGet(143)) - 9f06b4c9-079f-4989-8935-c6be59ddc82e: start FollowerState
2019-10-17 05:56:55,738 [grpc-default-executor-1] INFO  impl.RoleInfo (RoleInfo.java:updateAndGet(143)) - b282f9e2-3bd4-452e-9c35-1adeacc39134: start FollowerState
2019-10-17 05:56:55,738 [Thread-339] INFO  impl.FollowerState (FollowerState.java:run(117)) - 9f06b4c9-079f-4989-8935-c6be59ddc82e@group-0D1055093416-FollowerState was interrupted: java.lang.InterruptedException: sleep interrupted
2019-10-17 05:56:55,746 [pool-67-thread-1] INFO  storage.RaftStorage (RaftStorage.java:format(84)) - Storage directory /workdir/hadoop-ozone/integration-test/target/test-dir/MiniOzoneClusterImpl-292a2ff3-4780-4182-bb48-82c20e0e309d/datanode-4/data/ratis/78e6814e-8f4b-48e6-8bf0-74e9893f5999 has been successfully formatted.
2019-10-17 05:56:55,746 [pool-47-thread-1] INFO  storage.RaftStorage (RaftStorage.java:format(84)) - Storage directory /workdir/hadoop-ozone/integration-test/target/test-dir/MiniOzoneClusterImpl-292a2ff3-4780-4182-bb48-82c20e0e309d/datanode-2/data/ratis/78e6814e-8f4b-48e6-8bf0-74e9893f5999 has been successfully formatted.
2019-10-17 05:56:55,746 [pool-97-thread-1] INFO  storage.RaftStorage (RaftStorage.java:format(84)) - Storage directory /workdir/hadoop-ozone/integration-test/target/test-dir/MiniOzoneClusterImpl-292a2ff3-4780-4182-bb48-82c20e0e309d/datanode-7/data/ratis/78e6814e-8f4b-48e6-8bf0-74e9893f5999 has been successfully formatted.
2019-10-17 05:56:55,746 [pool-67-thread-1] INFO  ratis.ContainerStateMachine (ContainerStateMachine.java:loadSnapshot(231)) - group-74E9893F5999: The snapshot info is null. Setting the last applied indexto:(t:0, i:~)
2019-10-17 05:56:55,746 [pool-47-thread-1] INFO  ratis.ContainerStateMachine (ContainerStateMachine.java:loadSnapshot(231)) - group-74E9893F5999: The snapshot info is null. Setting the last applied indexto:(t:0, i:~)
2019-10-17 05:56:55,746 [pool-97-thread-1] INFO  ratis.ContainerStateMachine (ContainerStateMachine.java:loadSnapshot(231)) - group-74E9893F5999: The snapshot info is null. Setting the last applied indexto:(t:0, i:~)
2019-10-17 05:56:55,746 [pool-67-thread-1] INFO  server.RaftServerConfigKeys (ConfUtils.java:logGet(43)) - raft.server.notification.no-leader.timeout = 120s (custom)
2019-10-17 05:56:55,747 [pool-97-thread-1] INFO  server.RaftServerConfigKeys (ConfUtils.java:logGet(43)) - raft.server.notification.no-leader.timeout = 120s (custom)
2019-10-17 05:56:55,747 [pool-47-thread-1] INFO  server.RaftServerConfigKeys (ConfUtils.java:logGet(43)) - raft.server.notification.no-leader.timeout = 120s (custom)
2019-10-17 05:56:55,747 [pool-97-thread-1] INFO  server.RaftServerConfigKeys (ConfUtils.java:logGet(43)) - raft.server.log.use.memory = false (default)
2019-10-17 05:56:55,747 [pool-67-thread-1] INFO  server.RaftServerConfigKeys (ConfUtils.java:logGet(43)) - raft.server.log.use.memory = false (default)
2019-10-17 05:56:55,747 [pool-97-thread-1] INFO  server.RaftServerConfigKeys (ConfUtils.java:logGet(43)) - raft.server.log.purge.gap = 1000000 (custom)
2019-10-17 05:56:55,747 [pool-47-thread-1] INFO  server.RaftServerConfigKeys (ConfUtils.java:logGet(43)) - raft.server.log.use.memory = false (default)
2019-10-17 05:56:55,747 [pool-97-thread-1] INFO  server.RaftServerConfigKeys (ConfUtils.java:logGet(43)) - raft.server.log.appender.buffer.byte-limit = 33554432 (custom)
2019-10-17 05:56:55,747 [pool-67-thread-1] INFO  server.RaftServerConfigKeys (ConfUtils.java:logGet(43)) - raft.server.log.purge.gap = 1000000 (custom)
2019-10-17 05:56:55,748 [pool-97-thread-1] INFO  server.RaftServerConfigKeys (ConfUtils.java:logGet(43)) - raft.server.log.segment.size.max = 1048576 (custom)
2019-10-17 05:56:55,747 [pool-47-thread-1] INFO  server.RaftServerConfigKeys (ConfUtils.java:logGet(43)) - raft.server.log.purge.gap = 1000000 (custom)
2019-10-17 05:56:55,748 [pool-97-thread-1] INFO  server.RaftServerConfigKeys (ConfUtils.java:logGet(43)) - raft.server.log.segment.cache.num.max = 2 (custom)
2019-10-17 05:56:55,748 [pool-67-thread-1] INFO  server.RaftServerConfigKeys (ConfUtils.java:logGet(43)) - raft.server.log.appender.buffer.byte-limit = 33554432 (custom)
2019-10-17 05:56:55,748 [pool-97-thread-1] INFO  segmented.SegmentedRaftLogWorker (SegmentedRaftLogWorker.java:<init>(173)) - new b5f12832-4a97-45e3-9503-a5cba48636cf@group-74E9893F5999-SegmentedRaftLogWorker for RaftStorage:Storage Directory /workdir/hadoop-ozone/integration-test/target/test-dir/MiniOzoneClusterImpl-292a2ff3-4780-4182-bb48-82c20e0e309d/datanode-7/data/ratis/78e6814e-8f4b-48e6-8bf0-74e9893f5999
2019-10-17 05:56:55,748 [pool-47-thread-1] INFO  server.RaftServerConfigKeys (ConfUtils.java:logGet(43)) - raft.server.log.appender.buffer.byte-limit = 33554432 (custom)
2019-10-17 05:56:55,748 [pool-97-thread-1] INFO  server.RaftServerConfigKeys (ConfUtils.java:logGet(43)) - raft.server.log.queue.byte-limit = 2147483647 (custom)
2019-10-17 05:56:55,748 [pool-67-thread-1] INFO  server.RaftServerConfigKeys (ConfUtils.java:logGet(43)) - raft.server.log.segment.size.max = 1048576 (custom)
2019-10-17 05:56:55,749 [pool-97-thread-1] INFO  server.RaftServerConfigKeys (ConfUtils.java:logGet(43)) - raft.server.log.queue.element-limit = 1024 (custom)
2019-10-17 05:56:55,748 [pool-47-thread-1] INFO  server.RaftServerConfigKeys (ConfUtils.java:logGet(43)) - raft.server.log.segment.size.max = 1048576 (custom)
2019-10-17 05:56:55,749 [pool-97-thread-1] INFO  server.RaftServerConfigKeys (ConfUtils.java:logGet(43)) - raft.server.log.segment.size.max = 1048576 (custom)
2019-10-17 05:56:55,749 [pool-67-thread-1] INFO  server.RaftServerConfigKeys (ConfUtils.java:logGet(43)) - raft.server.log.segment.cache.num.max = 2 (custom)
2019-10-17 05:56:55,749 [pool-97-thread-1] INFO  server.RaftServerConfigKeys (ConfUtils.java:logGet(43)) - raft.server.log.preallocated.size = 16384 (custom)
2019-10-17 05:56:55,749 [pool-47-thread-1] INFO  server.RaftServerConfigKeys (ConfUtils.java:logGet(43)) - raft.server.log.segment.cache.num.max = 2 (custom)
2019-10-17 05:56:55,749 [pool-97-thread-1] INFO  server.RaftServerConfigKeys (ConfUtils.java:logGet(43)) - raft.server.log.write.buffer.size = 33554432 (custom)
2019-10-17 05:56:55,749 [pool-67-thread-1] INFO  segmented.SegmentedRaftLogWorker (SegmentedRaftLogWorker.java:<init>(173)) - new 8c36b79a-da60-43d4-9d42-baae689ad199@group-74E9893F5999-SegmentedRaftLogWorker for RaftStorage:Storage Directory /workdir/hadoop-ozone/integration-test/target/test-dir/MiniOzoneClusterImpl-292a2ff3-4780-4182-bb48-82c20e0e309d/datanode-4/data/ratis/78e6814e-8f4b-48e6-8bf0-74e9893f5999
2019-10-17 05:56:55,749 [pool-97-thread-1] INFO  server.RaftServerConfigKeys (ConfUtils.java:logGet(43)) - raft.server.log.force.sync.num = 128 (default)
2019-10-17 05:56:55,749 [pool-47-thread-1] INFO  segmented.SegmentedRaftLogWorker (SegmentedRaftLogWorker.java:<init>(173)) - new 596a1247-d4fb-4568-97fb-3ff1ce43250d@group-74E9893F5999-SegmentedRaftLogWorker for RaftStorage:Storage Directory /workdir/hadoop-ozone/integration-test/target/test-dir/MiniOzoneClusterImpl-292a2ff3-4780-4182-bb48-82c20e0e309d/datanode-2/data/ratis/78e6814e-8f4b-48e6-8bf0-74e9893f5999
2019-10-17 05:56:55,750 [pool-97-thread-1] INFO  server.RaftServerConfigKeys (ConfUtils.java:logGet(43)) - raft.server.log.statemachine.data.sync = true (default)
2019-10-17 05:56:55,750 [pool-67-thread-1] INFO  server.RaftServerConfigKeys (ConfUtils.java:logGet(43)) - raft.server.log.queue.byte-limit = 2147483647 (custom)
2019-10-17 05:56:55,750 [pool-97-thread-1] INFO  server.RaftServerConfigKeys (ConfUtils.java:logGet(43)) - raft.server.log.statemachine.data.sync.timeout = 10s (default)
2019-10-17 05:56:55,750 [pool-47-thread-1] INFO  server.RaftServerConfigKeys (ConfUtils.java:logGet(43)) - raft.server.log.queue.byte-limit = 2147483647 (custom)
2019-10-17 05:56:55,750 [pool-97-thread-1] INFO  server.RaftServerConfigKeys (ConfUtils.java:logGet(43)) - raft.server.log.statemachine.data.sync.timeout.retry = -1 (default)
2019-10-17 05:56:55,750 [pool-67-thread-1] INFO  server.RaftServerConfigKeys (ConfUtils.java:logGet(43)) - raft.server.log.queue.element-limit = 1024 (custom)
2019-10-17 05:56:55,750 [pool-47-thread-1] INFO  server.RaftServerConfigKeys (ConfUtils.java:logGet(43)) - raft.server.log.queue.element-limit = 1024 (custom)
2019-10-17 05:56:55,750 [pool-97-thread-1] INFO  server.RaftServerConfigKeys (ConfUtils.java:logGet(43)) - raft.server.log.statemachine.data.caching.enabled = true (custom)
2019-10-17 05:56:55,750 [pool-67-thread-1] INFO  server.RaftServerConfigKeys (ConfUtils.java:logGet(43)) - raft.server.log.segment.size.max = 1048576 (custom)
2019-10-17 05:56:55,751 [pool-47-thread-1] INFO  server.RaftServerConfigKeys (ConfUtils.java:logGet(43)) - raft.server.log.segment.size.max = 1048576 (custom)
2019-10-17 05:56:55,751 [pool-97-thread-1] INFO  segmented.SegmentedRaftLogWorker (SegmentedRaftLogWorker.java:lambda$new$0(128)) - b5f12832-4a97-45e3-9503-a5cba48636cf@group-74E9893F5999-SegmentedRaftLogWorker: flushIndex: setUnconditionally 0 -> -1
2019-10-17 05:56:55,751 [pool-67-thread-1] INFO  server.RaftServerConfigKeys (ConfUtils.java:logGet(43)) - raft.server.log.preallocated.size = 16384 (custom)
2019-10-17 05:56:55,751 [pool-47-thread-1] INFO  server.RaftServerConfigKeys (ConfUtils.java:logGet(43)) - raft.server.log.preallocated.size = 16384 (custom)
2019-10-17 05:56:55,751 [pool-97-thread-1] INFO  server.RaftServerConfigKeys (ConfUtils.java:logGet(43)) - raft.server.snapshot.auto.trigger.enabled = true (custom)
2019-10-17 05:56:55,751 [pool-67-thread-1] INFO  server.RaftServerConfigKeys (ConfUtils.java:logGet(43)) - raft.server.log.write.buffer.size = 33554432 (custom)
2019-10-17 05:56:55,751 [pool-97-thread-1] INFO  server.RaftServerConfigKeys (ConfUtils.java:logGet(43)) - raft.server.snapshot.auto.trigger.threshold = 10000 (custom)
2019-10-17 05:56:55,751 [pool-47-thread-1] INFO  server.RaftServerConfigKeys (ConfUtils.java:logGet(43)) - raft.server.log.write.buffer.size = 33554432 (custom)
2019-10-17 05:56:55,752 [pool-97-thread-1] INFO  server.RaftServerConfigKeys (ConfUtils.java:logGet(43)) - raft.server.snapshot.retention.file.num = 5 (custom)
2019-10-17 05:56:55,752 [pool-67-thread-1] INFO  server.RaftServerConfigKeys (ConfUtils.java:logGet(43)) - raft.server.log.force.sync.num = 128 (default)
2019-10-17 05:56:55,764 [pool-97-thread-1] INFO  server.RaftServerConfigKeys (ConfUtils.java:logGet(43)) - raft.server.retrycache.expirytime = 600000ms (custom)
2019-10-17 05:56:55,760 [pool-47-thread-1] INFO  server.RaftServerConfigKeys (ConfUtils.java:logGet(43)) - raft.server.log.force.sync.num = 128 (default)
2019-10-17 05:56:55,762 [Thread-347] INFO  impl.FollowerState (FollowerState.java:run(108)) - b282f9e2-3bd4-452e-9c35-1adeacc39134@group-0D1055093416-FollowerState: change to CANDIDATE, lastRpcTime:23ms, electionTimeout:10ms
2019-10-17 05:56:55,764 [pool-47-thread-1] INFO  server.RaftServerConfigKeys (ConfUtils.java:logGet(43)) - raft.server.log.statemachine.data.sync = true (default)
2019-10-17 05:56:55,764 [pool-67-thread-1] INFO  server.RaftServerConfigKeys (ConfUtils.java:logGet(43)) - raft.server.log.statemachine.data.sync = true (default)
2019-10-17 05:56:55,765 [Thread-347] INFO  impl.RoleInfo (RoleInfo.java:shutdownFollowerState(121)) - b282f9e2-3bd4-452e-9c35-1adeacc39134: shutdown FollowerState
2019-10-17 05:56:55,765 [pool-47-thread-1] INFO  server.RaftServerConfigKeys (ConfUtils.java:logGet(43)) - raft.server.log.statemachine.data.sync.timeout = 10s (default)
2019-10-17 05:56:55,765 [Thread-347] INFO  impl.RaftServerImpl (RaftServerImpl.java:setRole(184)) - b282f9e2-3bd4-452e-9c35-1adeacc39134@group-0D1055093416: changes role from  FOLLOWER to CANDIDATE at term 1 for changeToCandidate
2019-10-17 05:56:55,765 [pool-67-thread-1] INFO  server.RaftServerConfigKeys (ConfUtils.java:logGet(43)) - raft.server.log.statemachine.data.sync.timeout = 10s (default)
2019-10-17 05:56:55,765 [Thread-347] INFO  impl.RoleInfo (RoleInfo.java:updateAndGet(143)) - b282f9e2-3bd4-452e-9c35-1adeacc39134: start LeaderElection
2019-10-17 05:56:55,765 [pool-67-thread-1] INFO  server.RaftServerConfigKeys (ConfUtils.java:logGet(43)) - raft.server.log.statemachine.data.sync.timeout.retry = -1 (default)
2019-10-17 05:56:55,765 [pool-47-thread-1] INFO  server.RaftServerConfigKeys (ConfUtils.java:logGet(43)) - raft.server.log.statemachine.data.sync.timeout.retry = -1 (default)
2019-10-17 05:56:55,766 [pool-67-thread-1] INFO  server.RaftServerConfigKeys (ConfUtils.java:logGet(43)) - raft.server.log.statemachine.data.caching.enabled = true (custom)
2019-10-17 05:56:55,767 [pool-47-thread-1] INFO  server.RaftServerConfigKeys (ConfUtils.java:logGet(43)) - raft.server.log.statemachine.data.caching.enabled = true (custom)
2019-10-17 05:56:55,768 [pool-67-thread-1] INFO  segmented.SegmentedRaftLogWorker (SegmentedRaftLogWorker.java:lambda$new$0(128)) - 8c36b79a-da60-43d4-9d42-baae689ad199@group-74E9893F5999-SegmentedRaftLogWorker: flushIndex: setUnconditionally 0 -> -1
2019-10-17 05:56:55,768 [3ce2c7b7-3df7-42de-af28-9ba1d65ea84e@group-0D1055093416-LeaderElection11] INFO  impl.LeaderElection (LeaderElection.java:logAndReturn(56)) - 3ce2c7b7-3df7-42de-af28-9ba1d65ea84e@group-0D1055093416-LeaderElection11: Election PASSED; received 1 response(s) [3ce2c7b7-3df7-42de-af28-9ba1d65ea84e<-b282f9e2-3bd4-452e-9c35-1adeacc39134#0:OK-t1] and 0 exception(s); 3ce2c7b7-3df7-42de-af28-9ba1d65ea84e@group-0D1055093416:t1, leader=null, voted=3ce2c7b7-3df7-42de-af28-9ba1d65ea84e, raftlog=3ce2c7b7-3df7-42de-af28-9ba1d65ea84e@group-0D1055093416-SegmentedRaftLog:OPENED:c-1,f-1,i0, conf=-1: [9f06b4c9-079f-4989-8935-c6be59ddc82e:192.168.69.82:36391, b282f9e2-3bd4-452e-9c35-1adeacc39134:192.168.69.82:42567, 3ce2c7b7-3df7-42de-af28-9ba1d65ea84e:192.168.69.82:35388], old=null
2019-10-17 05:56:55,768 [pool-47-thread-1] INFO  segmented.SegmentedRaftLogWorker (SegmentedRaftLogWorker.java:lambda$new$0(128)) - 596a1247-d4fb-4568-97fb-3ff1ce43250d@group-74E9893F5999-SegmentedRaftLogWorker: flushIndex: setUnconditionally 0 -> -1
2019-10-17 05:56:55,768 [pool-67-thread-1] INFO  server.RaftServerConfigKeys (ConfUtils.java:logGet(43)) - raft.server.snapshot.auto.trigger.enabled = true (custom)
2019-10-17 05:56:55,768 [3ce2c7b7-3df7-42de-af28-9ba1d65ea84e@group-0D1055093416-LeaderElection11] INFO  impl.RoleInfo (RoleInfo.java:shutdownLeaderElection(134)) - 3ce2c7b7-3df7-42de-af28-9ba1d65ea84e: shutdown LeaderElection
2019-10-17 05:56:55,772 [pool-47-thread-1] INFO  server.RaftServerConfigKeys (ConfUtils.java:logGet(43)) - raft.server.snapshot.auto.trigger.enabled = true (custom)
2019-10-17 05:56:55,774 [3ce2c7b7-3df7-42de-af28-9ba1d65ea84e@group-0D1055093416-LeaderElection11] INFO  impl.RaftServerImpl (RaftServerImpl.java:setRole(184)) - 3ce2c7b7-3df7-42de-af28-9ba1d65ea84e@group-0D1055093416: changes role from CANDIDATE to LEADER at term 1 for changeToLeader
2019-10-17 05:56:55,774 [pool-67-thread-1] INFO  server.RaftServerConfigKeys (ConfUtils.java:logGet(43)) - raft.server.snapshot.auto.trigger.threshold = 10000 (custom)
2019-10-17 05:56:55,774 [pool-97-thread-1] INFO  impl.RaftServerImpl (RaftServerImpl.java:start(195)) - b5f12832-4a97-45e3-9503-a5cba48636cf@group-74E9893F5999: start as a follower, conf=-1: [b5f12832-4a97-45e3-9503-a5cba48636cf:192.168.69.82:34934, 596a1247-d4fb-4568-97fb-3ff1ce43250d:192.168.69.82:37061, 8c36b79a-da60-43d4-9d42-baae689ad199:192.168.69.82:45199], old=null
2019-10-17 05:56:55,774 [3ce2c7b7-3df7-42de-af28-9ba1d65ea84e@group-0D1055093416-LeaderElection11] INFO  impl.RaftServerImpl (ServerState.java:setLeader(256)) - 3ce2c7b7-3df7-42de-af28-9ba1d65ea84e@group-0D1055093416: change Leader from null to 3ce2c7b7-3df7-42de-af28-9ba1d65ea84e at term 1 for becomeLeader, leader elected after 165ms
2019-10-17 05:56:55,774 [pool-47-thread-1] INFO  server.RaftServerConfigKeys (ConfUtils.java:logGet(43)) - raft.server.snapshot.auto.trigger.threshold = 10000 (custom)
2019-10-17 05:56:55,775 [3ce2c7b7-3df7-42de-af28-9ba1d65ea84e@group-0D1055093416-LeaderElection11] INFO  server.RaftServerConfigKeys (ConfUtils.java:logGet(43)) - raft.server.staging.catchup.gap = 1000 (default)
2019-10-17 05:56:55,775 [3ce2c7b7-3df7-42de-af28-9ba1d65ea84e@group-0D1055093416-LeaderElection11] INFO  server.RaftServerConfigKeys (ConfUtils.java:logGet(43)) - raft.server.rpc.sleep.time = 25ms (default)
2019-10-17 05:56:55,774 [pool-97-thread-1] INFO  impl.RaftServerImpl (RaftServerImpl.java:setRole(184)) - b5f12832-4a97-45e3-9503-a5cba48636cf@group-74E9893F5999: changes role from      null to FOLLOWER at term 0 for startAsFollower
2019-10-17 05:56:55,775 [3ce2c7b7-3df7-42de-af28-9ba1d65ea84e@group-0D1055093416-LeaderElection11] INFO  server.RaftServerConfigKeys (ConfUtils.java:logGet(43)) - raft.server.write.element-limit = 4096 (default)
2019-10-17 05:56:55,774 [pool-67-thread-1] INFO  server.RaftServerConfigKeys (ConfUtils.java:logGet(43)) - raft.server.snapshot.retention.file.num = 5 (custom)
2019-10-17 05:56:55,775 [3ce2c7b7-3df7-42de-af28-9ba1d65ea84e@group-0D1055093416-LeaderElection11] INFO  server.RaftServerConfigKeys (ConfUtils.java:logGet(43)) - raft.server.watch.timeout = 10s (default)
2019-10-17 05:56:55,775 [pool-97-thread-1] INFO  impl.RoleInfo (RoleInfo.java:updateAndGet(143)) - b5f12832-4a97-45e3-9503-a5cba48636cf: start FollowerState
2019-10-17 05:56:55,775 [pool-47-thread-1] INFO  server.RaftServerConfigKeys (ConfUtils.java:logGet(43)) - raft.server.snapshot.retention.file.num = 5 (custom)
2019-10-17 05:56:55,775 [pool-67-thread-1] INFO  server.RaftServerConfigKeys (ConfUtils.java:logGet(43)) - raft.server.retrycache.expirytime = 600000ms (custom)
2019-10-17 05:56:55,775 [3ce2c7b7-3df7-42de-af28-9ba1d65ea84e@group-0D1055093416-LeaderElection11] INFO  server.RaftServerConfigKeys (ConfUtils.java:logGet(43)) - raft.server.watch.timeout.denomination = 1s (default)
2019-10-17 05:56:55,776 [pool-97-thread-1] INFO  util.JmxRegister (JmxRegister.java:tryRegister(44)) - Successfully registered JMX Bean with object name Ratis:service=RaftServer,group=group-74E9893F5999,id=b5f12832-4a97-45e3-9503-a5cba48636cf
2019-10-17 05:56:55,776 [pool-47-thread-1] INFO  server.RaftServerConfigKeys (ConfUtils.java:logGet(43)) - raft.server.retrycache.expirytime = 600000ms (custom)
2019-10-17 05:56:55,776 [3ce2c7b7-3df7-42de-af28-9ba1d65ea84e@group-0D1055093416-LeaderElection11] INFO  server.RaftServerConfigKeys (ConfUtils.java:logGet(43)) - raft.server.watch.element-limit = 65536 (default)
2019-10-17 05:56:55,781 [pool-67-thread-1] INFO  impl.RaftServerImpl (RaftServerImpl.java:start(195)) - 8c36b79a-da60-43d4-9d42-baae689ad199@group-74E9893F5999: start as a follower, conf=-1: [b5f12832-4a97-45e3-9503-a5cba48636cf:192.168.69.82:34934, 596a1247-d4fb-4568-97fb-3ff1ce43250d:192.168.69.82:37061, 8c36b79a-da60-43d4-9d42-baae689ad199:192.168.69.82:45199], old=null
2019-10-17 05:56:55,781 [pool-67-thread-1] INFO  impl.RaftServerImpl (RaftServerImpl.java:setRole(184)) - 8c36b79a-da60-43d4-9d42-baae689ad199@group-74E9893F5999: changes role from      null to FOLLOWER at term 0 for startAsFollower
2019-10-17 05:56:55,782 [pool-67-thread-1] INFO  impl.RoleInfo (RoleInfo.java:updateAndGet(143)) - 8c36b79a-da60-43d4-9d42-baae689ad199: start FollowerState
2019-10-17 05:56:55,782 [pool-67-thread-1] INFO  util.JmxRegister (JmxRegister.java:tryRegister(44)) - Successfully registered JMX Bean with object name Ratis:service=RaftServer,group=group-74E9893F5999,id=8c36b79a-da60-43d4-9d42-baae689ad199
2019-10-17 05:56:55,783 [pool-47-thread-1] INFO  impl.RaftServerImpl (RaftServerImpl.java:start(195)) - 596a1247-d4fb-4568-97fb-3ff1ce43250d@group-74E9893F5999: start as a follower, conf=-1: [b5f12832-4a97-45e3-9503-a5cba48636cf:192.168.69.82:34934, 596a1247-d4fb-4568-97fb-3ff1ce43250d:192.168.69.82:37061, 8c36b79a-da60-43d4-9d42-baae689ad199:192.168.69.82:45199], old=null
2019-10-17 05:56:55,783 [pool-47-thread-1] INFO  impl.RaftServerImpl (RaftServerImpl.java:setRole(184)) - 596a1247-d4fb-4568-97fb-3ff1ce43250d@group-74E9893F5999: changes role from      null to FOLLOWER at term 0 for startAsFollower
2019-10-17 05:56:55,783 [pool-47-thread-1] INFO  impl.RoleInfo (RoleInfo.java:updateAndGet(143)) - 596a1247-d4fb-4568-97fb-3ff1ce43250d: start FollowerState
2019-10-17 05:56:55,784 [pool-47-thread-1] INFO  util.JmxRegister (JmxRegister.java:tryRegister(44)) - Successfully registered JMX Bean with object name Ratis:service=RaftServer,group=group-74E9893F5999,id=596a1247-d4fb-4568-97fb-3ff1ce43250d
2019-10-17 05:56:55,786 [b282f9e2-3bd4-452e-9c35-1adeacc39134@group-0D1055093416-LeaderElection12] INFO  impl.LeaderElection (LeaderElection.java:askForVotes(178)) - b282f9e2-3bd4-452e-9c35-1adeacc39134@group-0D1055093416-LeaderElection12: begin an election at term 2 for -1: [9f06b4c9-079f-4989-8935-c6be59ddc82e:192.168.69.82:36391, b282f9e2-3bd4-452e-9c35-1adeacc39134:192.168.69.82:42567, 3ce2c7b7-3df7-42de-af28-9ba1d65ea84e:192.168.69.82:35388], old=null
2019-10-17 05:56:55,786 [3ce2c7b7-3df7-42de-af28-9ba1d65ea84e@group-0D1055093416-LeaderElection11] INFO  server.RaftServerConfigKeys (ConfUtils.java:logGet(43)) - raft.server.log.appender.snapshot.chunk.size.max = 16MB (=16777216) (default)
2019-10-17 05:56:55,786 [3ce2c7b7-3df7-42de-af28-9ba1d65ea84e@group-0D1055093416-LeaderElection11] INFO  server.RaftServerConfigKeys (ConfUtils.java:logGet(43)) - raft.server.log.appender.buffer.byte-limit = 33554432 (custom)
2019-10-17 05:56:55,788 [3ce2c7b7-3df7-42de-af28-9ba1d65ea84e@group-0D1055093416-LeaderElection11] INFO  server.RaftServerConfigKeys (ConfUtils.java:logGet(43)) - raft.server.log.appender.buffer.element-limit = 1 (custom)
2019-10-17 05:56:55,804 [3ce2c7b7-3df7-42de-af28-9ba1d65ea84e@group-0D1055093416-LeaderElection11] INFO  grpc.GrpcConfigKeys$Server (ConfUtils.java:logGet(43)) - raft.grpc.server.leader.outstanding.appends.max = 128 (default)
2019-10-17 05:56:55,805 [3ce2c7b7-3df7-42de-af28-9ba1d65ea84e@group-0D1055093416-LeaderElection11] INFO  server.RaftServerConfigKeys (ConfUtils.java:logGet(43)) - raft.server.rpc.request.timeout = 3000ms (default)
2019-10-17 05:56:55,805 [3ce2c7b7-3df7-42de-af28-9ba1d65ea84e@group-0D1055093416-LeaderElection11] INFO  server.RaftServerConfigKeys (ConfUtils.java:logGet(43)) - raft.server.log.appender.install.snapshot.enabled = false (custom)
2019-10-17 05:56:55,819 [3ce2c7b7-3df7-42de-af28-9ba1d65ea84e@group-0D1055093416-LeaderElection11] INFO  server.RaftServerConfigKeys (ConfUtils.java:logGet(43)) - raft.server.log.appender.snapshot.chunk.size.max = 16MB (=16777216) (default)
2019-10-17 05:56:55,819 [3ce2c7b7-3df7-42de-af28-9ba1d65ea84e@group-0D1055093416-LeaderElection11] INFO  server.RaftServerConfigKeys (ConfUtils.java:logGet(43)) - raft.server.log.appender.buffer.byte-limit = 33554432 (custom)
2019-10-17 05:56:55,819 [3ce2c7b7-3df7-42de-af28-9ba1d65ea84e@group-0D1055093416-LeaderElection11] INFO  server.RaftServerConfigKeys (ConfUtils.java:logGet(43)) - raft.server.log.appender.buffer.element-limit = 1 (custom)
2019-10-17 05:56:55,819 [RatisPipelineUtilsThread] INFO  pipeline.PipelineStateManager (PipelineStateManager.java:addPipeline(56)) - Created pipeline Pipeline[ Id: 78e6814e-8f4b-48e6-8bf0-74e9893f5999, Nodes: b5f12832-4a97-45e3-9503-a5cba48636cf{ip: 192.168.69.82, host: pr-hdds-2286-c5gnx-3944588690, networkLocation: /default-rack, certSerialId: null}8c36b79a-da60-43d4-9d42-baae689ad199{ip: 192.168.69.82, host: pr-hdds-2286-c5gnx-3944588690, networkLocation: /default-rack, certSerialId: null}596a1247-d4fb-4568-97fb-3ff1ce43250d{ip: 192.168.69.82, host: pr-hdds-2286-c5gnx-3944588690, networkLocation: /default-rack, certSerialId: null}, Type:RATIS, Factor:THREE, State:OPEN]
2019-10-17 05:56:55,821 [3ce2c7b7-3df7-42de-af28-9ba1d65ea84e@group-0D1055093416-LeaderElection11] INFO  grpc.GrpcConfigKeys$Server (ConfUtils.java:logGet(43)) - raft.grpc.server.leader.outstanding.appends.max = 128 (default)
2019-10-17 05:56:55,821 [grpc-default-executor-2] INFO  impl.RaftServerImpl (RaftServerImpl.java:setRole(184)) - 9f06b4c9-079f-4989-8935-c6be59ddc82e@group-0D1055093416: changes role from  FOLLOWER to FOLLOWER at term 2 for recognizeCandidate:b282f9e2-3bd4-452e-9c35-1adeacc39134
2019-10-17 05:56:55,821 [3ce2c7b7-3df7-42de-af28-9ba1d65ea84e@group-0D1055093416-LeaderElection11] INFO  server.RaftServerConfigKeys (ConfUtils.java:logGet(43)) - raft.server.rpc.request.timeout = 3000ms (default)
2019-10-17 05:56:55,823 [grpc-default-executor-2] INFO  impl.RoleInfo (RoleInfo.java:shutdownFollowerState(121)) - 9f06b4c9-079f-4989-8935-c6be59ddc82e: shutdown FollowerState
2019-10-17 05:56:55,823 [3ce2c7b7-3df7-42de-af28-9ba1d65ea84e@group-0D1055093416-LeaderElection11] INFO  server.RaftServerConfigKeys (ConfUtils.java:logGet(43)) - raft.server.log.appender.install.snapshot.enabled = false (custom)
2019-10-17 05:56:55,823 [Thread-348] INFO  impl.FollowerState (FollowerState.java:run(117)) - 9f06b4c9-079f-4989-8935-c6be59ddc82e@group-0D1055093416-FollowerState was interrupted: java.lang.InterruptedException: sleep interrupted
2019-10-17 05:56:55,823 [grpc-default-executor-2] INFO  impl.RoleInfo (RoleInfo.java:updateAndGet(143)) - 9f06b4c9-079f-4989-8935-c6be59ddc82e: start FollowerState
2019-10-17 05:56:55,839 [Thread-355] INFO  impl.FollowerState (FollowerState.java:run(108)) - 8c36b79a-da60-43d4-9d42-baae689ad199@group-74E9893F5999-FollowerState: change to CANDIDATE, lastRpcTime:57ms, electionTimeout:57ms
2019-10-17 05:56:55,839 [Thread-355] INFO  impl.RoleInfo (RoleInfo.java:shutdownFollowerState(121)) - 8c36b79a-da60-43d4-9d42-baae689ad199: shutdown FollowerState
2019-10-17 05:56:55,839 [Thread-355] INFO  impl.RaftServerImpl (RaftServerImpl.java:setRole(184)) - 8c36b79a-da60-43d4-9d42-baae689ad199@group-74E9893F5999: changes role from  FOLLOWER to CANDIDATE at term 0 for changeToCandidate
2019-10-17 05:56:55,840 [Thread-355] INFO  impl.RoleInfo (RoleInfo.java:updateAndGet(143)) - 8c36b79a-da60-43d4-9d42-baae689ad199: start LeaderElection
2019-10-17 05:56:55,840 [3ce2c7b7-3df7-42de-af28-9ba1d65ea84e@group-0D1055093416-LeaderElection11] INFO  impl.RoleInfo (RoleInfo.java:updateAndGet(143)) - 3ce2c7b7-3df7-42de-af28-9ba1d65ea84e: start LeaderState
2019-10-17 05:56:55,843 [Thread-364] INFO  impl.FollowerState (FollowerState.java:run(108)) - 9f06b4c9-079f-4989-8935-c6be59ddc82e@group-0D1055093416-FollowerState: change to CANDIDATE, lastRpcTime:19ms, electionTimeout:2ms
2019-10-17 05:56:55,843 [3ce2c7b7-3df7-42de-af28-9ba1d65ea84e@group-0D1055093416-LeaderElection11] INFO  segmented.SegmentedRaftLogWorker (SegmentedRaftLogWorker.java:startLogSegment(385)) - 3ce2c7b7-3df7-42de-af28-9ba1d65ea84e@group-0D1055093416-SegmentedRaftLogWorker: Starting segment from index:0
2019-10-17 05:56:55,843 [Thread-364] INFO  impl.RoleInfo (RoleInfo.java:shutdownFollowerState(121)) - 9f06b4c9-079f-4989-8935-c6be59ddc82e: shutdown FollowerState
2019-10-17 05:56:55,843 [Thread-364] INFO  impl.RaftServerImpl (RaftServerImpl.java:setRole(184)) - 9f06b4c9-079f-4989-8935-c6be59ddc82e@group-0D1055093416: changes role from  FOLLOWER to CANDIDATE at term 2 for changeToCandidate
2019-10-17 05:56:55,843 [Thread-364] INFO  impl.RoleInfo (RoleInfo.java:updateAndGet(143)) - 9f06b4c9-079f-4989-8935-c6be59ddc82e: start LeaderElection
2019-10-17 05:56:55,844 [3ce2c7b7-3df7-42de-af28-9ba1d65ea84e@group-0D1055093416-LeaderElection11] INFO  impl.RaftServerImpl (ServerState.java:setRaftConf(357)) - 3ce2c7b7-3df7-42de-af28-9ba1d65ea84e@group-0D1055093416: set configuration 0: [9f06b4c9-079f-4989-8935-c6be59ddc82e:192.168.69.82:36391, b282f9e2-3bd4-452e-9c35-1adeacc39134:192.168.69.82:42567, 3ce2c7b7-3df7-42de-af28-9ba1d65ea84e:192.168.69.82:35388], old=null at 0
2019-10-17 05:56:55,876 [grpc-default-executor-1] INFO  impl.RaftServerImpl (ServerState.java:setLeader(256)) - 3ce2c7b7-3df7-42de-af28-9ba1d65ea84e@group-0D1055093416: change Leader from 3ce2c7b7-3df7-42de-af28-9ba1d65ea84e to null at term 2 for updateCurrentTerm
2019-10-17 05:56:55,879 [grpc-default-executor-1] INFO  impl.RaftServerImpl (RaftServerImpl.java:setRole(184)) - 3ce2c7b7-3df7-42de-af28-9ba1d65ea84e@group-0D1055093416: changes role from    LEADER to FOLLOWER at term 2 for recognizeCandidate:b282f9e2-3bd4-452e-9c35-1adeacc39134
2019-10-17 05:56:55,881 [grpc-default-executor-1] INFO  impl.RoleInfo (RoleInfo.java:shutdownLeaderState(104)) - 3ce2c7b7-3df7-42de-af28-9ba1d65ea84e: shutdown LeaderState
2019-10-17 05:56:55,881 [8c36b79a-da60-43d4-9d42-baae689ad199@group-74E9893F5999-LeaderElection13] INFO  impl.LeaderElection (LeaderElection.java:askForVotes(178)) - 8c36b79a-da60-43d4-9d42-baae689ad199@group-74E9893F5999-LeaderElection13: begin an election at term 1 for -1: [b5f12832-4a97-45e3-9503-a5cba48636cf:192.168.69.82:34934, 596a1247-d4fb-4568-97fb-3ff1ce43250d:192.168.69.82:37061, 8c36b79a-da60-43d4-9d42-baae689ad199:192.168.69.82:45199], old=null
2019-10-17 05:56:55,888 [b282f9e2-3bd4-452e-9c35-1adeacc39134@group-0D1055093416-LeaderElection12] INFO  impl.LeaderElection (LeaderElection.java:logAndReturn(56)) - b282f9e2-3bd4-452e-9c35-1adeacc39134@group-0D1055093416-LeaderElection12: Election PASSED; received 1 response(s) [b282f9e2-3bd4-452e-9c35-1adeacc39134<-9f06b4c9-079f-4989-8935-c6be59ddc82e#0:OK-t2] and 0 exception(s); b282f9e2-3bd4-452e-9c35-1adeacc39134@group-0D1055093416:t2, leader=null, voted=b282f9e2-3bd4-452e-9c35-1adeacc39134, raftlog=b282f9e2-3bd4-452e-9c35-1adeacc39134@group-0D1055093416-SegmentedRaftLog:OPENED:c-1,f-1,i0, conf=-1: [9f06b4c9-079f-4989-8935-c6be59ddc82e:192.168.69.82:36391, b282f9e2-3bd4-452e-9c35-1adeacc39134:192.168.69.82:42567, 3ce2c7b7-3df7-42de-af28-9ba1d65ea84e:192.168.69.82:35388], old=null
2019-10-17 05:56:55,899 [grpc-default-executor-2] INFO  impl.RaftServerProxy (RaftServerProxy.java:addNew(89)) - 194f2ff6-41c6-4f9d-98fd-e63bb60a2475: addNew group-7066FE0FC203:[0716e483-2373-428e-a917-ee7c73d3521d:192.168.69.82:39524, d4bb136b-e602-4c0a-8f86-2462710659b1:192.168.69.82:42071, 194f2ff6-41c6-4f9d-98fd-e63bb60a2475:192.168.69.82:43645] returns group-7066FE0FC203:java.util.concurrent.CompletableFuture@6def4e3f[Not completed]
2019-10-17 05:56:55,901 [3ce2c7b7-3df7-42de-af28-9ba1d65ea84e@group-0D1055093416-SegmentedRaftLogWorker] INFO  segmented.SegmentedRaftLogWorker (SegmentedRaftLogWorker.java:execute(576)) - 3ce2c7b7-3df7-42de-af28-9ba1d65ea84e@group-0D1055093416-SegmentedRaftLogWorker: created new log segment /workdir/hadoop-ozone/integration-test/target/test-dir/MiniOzoneClusterImpl-292a2ff3-4780-4182-bb48-82c20e0e309d/datanode-3/data/ratis/7064a63e-fc8a-4441-ad59-0d1055093416/current/log_inprogress_0
2019-10-17 05:56:55,899 [b282f9e2-3bd4-452e-9c35-1adeacc39134@group-0D1055093416-LeaderElection12] INFO  impl.RoleInfo (RoleInfo.java:shutdownLeaderElection(134)) - b282f9e2-3bd4-452e-9c35-1adeacc39134: shutdown LeaderElection
2019-10-17 05:56:55,901 [9f06b4c9-079f-4989-8935-c6be59ddc82e@group-0D1055093416-LeaderElection14] INFO  impl.LeaderElection (LeaderElection.java:askForVotes(178)) - 9f06b4c9-079f-4989-8935-c6be59ddc82e@group-0D1055093416-LeaderElection14: begin an election at term 3 for -1: [9f06b4c9-079f-4989-8935-c6be59ddc82e:192.168.69.82:36391, b282f9e2-3bd4-452e-9c35-1adeacc39134:192.168.69.82:42567, 3ce2c7b7-3df7-42de-af28-9ba1d65ea84e:192.168.69.82:35388], old=null
2019-10-17 05:56:55,905 [b282f9e2-3bd4-452e-9c35-1adeacc39134@group-0D1055093416-LeaderElection12] INFO  impl.RaftServerImpl (RaftServerImpl.java:setRole(184)) - b282f9e2-3bd4-452e-9c35-1adeacc39134@group-0D1055093416: changes role from CANDIDATE to LEADER at term 2 for changeToLeader
2019-10-17 05:56:55,907 [b282f9e2-3bd4-452e-9c35-1adeacc39134@group-0D1055093416-LeaderElection12] INFO  impl.RaftServerImpl (ServerState.java:setLeader(256)) - b282f9e2-3bd4-452e-9c35-1adeacc39134@group-0D1055093416: change Leader from null to b282f9e2-3bd4-452e-9c35-1adeacc39134 at term 2 for becomeLeader, leader elected after 298ms
2019-10-17 05:56:55,907 [grpc-default-executor-1] INFO  impl.PendingRequests (PendingRequests.java:sendNotLeaderResponses(202)) - 3ce2c7b7-3df7-42de-af28-9ba1d65ea84e@group-0D1055093416-PendingRequests: sendNotLeaderResponses
2019-10-17 05:56:55,907 [b282f9e2-3bd4-452e-9c35-1adeacc39134@group-0D1055093416-LeaderElection12] INFO  server.RaftServerConfigKeys (ConfUtils.java:logGet(43)) - raft.server.staging.catchup.gap = 1000 (default)
2019-10-17 05:56:55,912 [grpc-default-executor-2] INFO  impl.RaftServerProxy (RaftServerProxy.java:addNew(89)) - d4bb136b-e602-4c0a-8f86-2462710659b1: addNew group-7066FE0FC203:[0716e483-2373-428e-a917-ee7c73d3521d:192.168.69.82:39524, d4bb136b-e602-4c0a-8f86-2462710659b1:192.168.69.82:42071, 194f2ff6-41c6-4f9d-98fd-e63bb60a2475:192.168.69.82:43645] returns group-7066FE0FC203:java.util.concurrent.CompletableFuture@82f8a27[Not completed]
2019-10-17 05:56:55,912 [b282f9e2-3bd4-452e-9c35-1adeacc39134@group-0D1055093416-LeaderElection12] INFO  server.RaftServerConfigKeys (ConfUtils.java:logGet(43)) - raft.server.rpc.sleep.time = 25ms (default)
2019-10-17 05:56:55,917 [pool-117-thread-1] INFO  impl.RaftServerImpl (RaftServerImpl.java:<init>(104)) - 194f2ff6-41c6-4f9d-98fd-e63bb60a2475: new RaftServerImpl for group-7066FE0FC203:[0716e483-2373-428e-a917-ee7c73d3521d:192.168.69.82:39524, d4bb136b-e602-4c0a-8f86-2462710659b1:192.168.69.82:42071, 194f2ff6-41c6-4f9d-98fd-e63bb60a2475:192.168.69.82:43645] with ContainerStateMachine:uninitialized
2019-10-17 05:56:55,920 [grpc-default-executor-0] INFO  impl.RaftServerProxy (RaftServerProxy.java:addNew(89)) - 0716e483-2373-428e-a917-ee7c73d3521d: addNew group-7066FE0FC203:[0716e483-2373-428e-a917-ee7c73d3521d:192.168.69.82:39524, d4bb136b-e602-4c0a-8f86-2462710659b1:192.168.69.82:42071, 194f2ff6-41c6-4f9d-98fd-e63bb60a2475:192.168.69.82:43645] returns group-7066FE0FC203:java.util.concurrent.CompletableFuture@742515d[Not completed]
2019-10-17 05:56:55,920 [pool-117-thread-1] INFO  server.RaftServerConfigKeys (ConfUtils.java:logGet(43)) - raft.server.rpc.timeout.min = 1s (custom)
2019-10-17 05:56:55,923 [grpc-default-executor-1] INFO  impl.RoleInfo (RoleInfo.java:updateAndGet(143)) - 3ce2c7b7-3df7-42de-af28-9ba1d65ea84e: start FollowerState
2019-10-17 05:56:55,920 [b282f9e2-3bd4-452e-9c35-1adeacc39134@group-0D1055093416-LeaderElection12] INFO  server.RaftServerConfigKeys (ConfUtils.java:logGet(43)) - raft.server.write.element-limit = 4096 (default)
2019-10-17 05:56:55,923 [pool-117-thread-1] INFO  server.RaftServerConfigKeys (ConfUtils.java:logGet(43)) - raft.server.rpc.timeout.max = 1200ms (custom)
2019-10-17 05:56:55,924 [b282f9e2-3bd4-452e-9c35-1adeacc39134@group-0D1055093416-LeaderElection12] INFO  server.RaftServerConfigKeys (ConfUtils.java:logGet(43)) - raft.server.watch.timeout = 10s (default)
2019-10-17 05:56:55,924 [pool-117-thread-1] INFO  server.RaftServerConfigKeys (ConfUtils.java:logGet(43)) - raft.server.rpcslowness.timeout = 120s (custom)
2019-10-17 05:56:55,924 [pool-77-thread-1] INFO  impl.RaftServerImpl (RaftServerImpl.java:<init>(104)) - d4bb136b-e602-4c0a-8f86-2462710659b1: new RaftServerImpl for group-7066FE0FC203:[0716e483-2373-428e-a917-ee7c73d3521d:192.168.69.82:39524, d4bb136b-e602-4c0a-8f86-2462710659b1:192.168.69.82:42071, 194f2ff6-41c6-4f9d-98fd-e63bb60a2475:192.168.69.82:43645] with ContainerStateMachine:uninitialized
2019-10-17 05:56:55,924 [b282f9e2-3bd4-452e-9c35-1adeacc39134@group-0D1055093416-LeaderElection12] INFO  server.RaftServerConfigKeys (ConfUtils.java:logGet(43)) - raft.server.watch.timeout.denomination = 1s (default)
2019-10-17 05:56:55,924 [pool-77-thread-1] INFO  server.RaftServerConfigKeys (ConfUtils.java:logGet(43)) - raft.server.rpc.timeout.min = 1s (custom)
2019-10-17 05:56:55,924 [pool-117-thread-1] INFO  server.RaftServerConfigKeys (ConfUtils.java:logGet(43)) - raft.server.sleep.deviation.threshold = 300 (default)
2019-10-17 05:56:55,925 [pool-77-thread-1] INFO  server.RaftServerConfigKeys (ConfUtils.java:logGet(43)) - raft.server.rpc.timeout.max = 1200ms (custom)
2019-10-17 05:56:55,924 [b282f9e2-3bd4-452e-9c35-1adeacc39134@group-0D1055093416-LeaderElection12] INFO  server.RaftServerConfigKeys (ConfUtils.java:logGet(43)) - raft.server.watch.element-limit = 65536 (default)
2019-10-17 05:56:55,925 [pool-77-thread-1] INFO  server.RaftServerConfigKeys (ConfUtils.java:logGet(43)) - raft.server.rpcslowness.timeout = 120s (custom)
2019-10-17 05:56:55,925 [pool-117-thread-1] INFO  server.RaftServerConfigKeys (ConfUtils.java:logGet(43)) - raft.server.log.appender.install.snapshot.enabled = false (custom)
2019-10-17 05:56:55,925 [pool-77-thread-1] INFO  server.RaftServerConfigKeys (ConfUtils.java:logGet(43)) - raft.server.sleep.deviation.threshold = 300 (default)
2019-10-17 05:56:55,925 [pool-117-thread-1] INFO  impl.RaftServerImpl (ServerState.java:<init>(103)) - 194f2ff6-41c6-4f9d-98fd-e63bb60a2475@group-7066FE0FC203: ConfigurationManager, init=-1: [0716e483-2373-428e-a917-ee7c73d3521d:192.168.69.82:39524, d4bb136b-e602-4c0a-8f86-2462710659b1:192.168.69.82:42071, 194f2ff6-41c6-4f9d-98fd-e63bb60a2475:192.168.69.82:43645], old=null, confs=<EMPTY_MAP>
2019-10-17 05:56:55,925 [pool-77-thread-1] INFO  server.RaftServerConfigKeys (ConfUtils.java:logGet(43)) - raft.server.log.appender.install.snapshot.enabled = false (custom)
2019-10-17 05:56:55,925 [pool-77-thread-1] INFO  impl.RaftServerImpl (ServerState.java:<init>(103)) - d4bb136b-e602-4c0a-8f86-2462710659b1@group-7066FE0FC203: ConfigurationManager, init=-1: [0716e483-2373-428e-a917-ee7c73d3521d:192.168.69.82:39524, d4bb136b-e602-4c0a-8f86-2462710659b1:192.168.69.82:42071, 194f2ff6-41c6-4f9d-98fd-e63bb60a2475:192.168.69.82:43645], old=null, confs=<EMPTY_MAP>
2019-10-17 05:56:55,925 [pool-117-thread-1] INFO  server.RaftServerConfigKeys (ConfUtils.java:logGet(43)) - raft.server.storage.dir = [/workdir/hadoop-ozone/integration-test/target/test-dir/MiniOzoneClusterImpl-292a2ff3-4780-4182-bb48-82c20e0e309d/datanode-9/data/ratis] (custom)
2019-10-17 05:56:55,926 [pool-77-thread-1] INFO  server.RaftServerConfigKeys (ConfUtils.java:logGet(43)) - raft.server.storage.dir = [/workdir/hadoop-ozone/integration-test/target/test-dir/MiniOzoneClusterImpl-292a2ff3-4780-4182-bb48-82c20e0e309d/datanode-5/data/ratis] (custom)
2019-10-17 05:56:55,926 [pool-37-thread-1] INFO  impl.RaftServerImpl (RaftServerImpl.java:<init>(104)) - 0716e483-2373-428e-a917-ee7c73d3521d: new RaftServerImpl for group-7066FE0FC203:[0716e483-2373-428e-a917-ee7c73d3521d:192.168.69.82:39524, d4bb136b-e602-4c0a-8f86-2462710659b1:192.168.69.82:42071, 194f2ff6-41c6-4f9d-98fd-e63bb60a2475:192.168.69.82:43645] with ContainerStateMachine:uninitialized
2019-10-17 05:56:55,926 [pool-77-thread-1] INFO  server.RaftServerConfigKeys (ConfUtils.java:logGet(43)) - raft.server.log.corruption.policy = EXCEPTION (default)
2019-10-17 05:56:55,926 [pool-37-thread-1] INFO  server.RaftServerConfigKeys (ConfUtils.java:logGet(43)) - raft.server.rpc.timeout.min = 1s (custom)
2019-10-17 05:56:55,926 [pool-117-thread-1] INFO  server.RaftServerConfigKeys (ConfUtils.java:logGet(43)) - raft.server.log.corruption.policy = EXCEPTION (default)
2019-10-17 05:56:55,926 [pool-37-thread-1] INFO  server.RaftServerConfigKeys (ConfUtils.java:logGet(43)) - raft.server.rpc.timeout.max = 1200ms (custom)
2019-10-17 05:56:55,926 [pool-117-thread-1] INFO  storage.RaftStorageDirectory (RaftStorageDirectory.java:analyzeStorage(246)) - The storage directory /workdir/hadoop-ozone/integration-test/target/test-dir/MiniOzoneClusterImpl-292a2ff3-4780-4182-bb48-82c20e0e309d/datanode-9/data/ratis/41395877-a154-41d7-8da2-7066fe0fc203 does not exist. Creating ...
2019-10-17 05:56:55,926 [pool-77-thread-1] INFO  storage.RaftStorageDirectory (RaftStorageDirectory.java:analyzeStorage(246)) - The storage directory /workdir/hadoop-ozone/integration-test/target/test-dir/MiniOzoneClusterImpl-292a2ff3-4780-4182-bb48-82c20e0e309d/datanode-5/data/ratis/41395877-a154-41d7-8da2-7066fe0fc203 does not exist. Creating ...
2019-10-17 05:56:55,926 [pool-37-thread-1] INFO  server.RaftServerConfigKeys (ConfUtils.java:logGet(43)) - raft.server.rpcslowness.timeout = 120s (custom)
2019-10-17 05:56:55,927 [pool-37-thread-1] INFO  server.RaftServerConfigKeys (ConfUtils.java:logGet(43)) - raft.server.sleep.deviation.threshold = 300 (default)
2019-10-17 05:56:55,927 [pool-37-thread-1] INFO  server.RaftServerConfigKeys (ConfUtils.java:logGet(43)) - raft.server.log.appender.install.snapshot.enabled = false (custom)
2019-10-17 05:56:55,927 [pool-37-thread-1] INFO  impl.RaftServerImpl (ServerState.java:<init>(103)) - 0716e483-2373-428e-a917-ee7c73d3521d@group-7066FE0FC203: ConfigurationManager, init=-1: [0716e483-2373-428e-a917-ee7c73d3521d:192.168.69.82:39524, d4bb136b-e602-4c0a-8f86-2462710659b1:192.168.69.82:42071, 194f2ff6-41c6-4f9d-98fd-e63bb60a2475:192.168.69.82:43645], old=null, confs=<EMPTY_MAP>
2019-10-17 05:56:55,927 [pool-37-thread-1] INFO  server.RaftServerConfigKeys (ConfUtils.java:logGet(43)) - raft.server.storage.dir = [/workdir/hadoop-ozone/integration-test/target/test-dir/MiniOzoneClusterImpl-292a2ff3-4780-4182-bb48-82c20e0e309d/datanode-1/data/ratis] (custom)
2019-10-17 05:56:55,928 [pool-37-thread-1] INFO  server.RaftServerConfigKeys (ConfUtils.java:logGet(43)) - raft.server.log.corruption.policy = EXCEPTION (default)
2019-10-17 05:56:55,930 [Thread-356] INFO  impl.FollowerState (FollowerState.java:run(108)) - 596a1247-d4fb-4568-97fb-3ff1ce43250d@group-74E9893F5999-FollowerState: change to CANDIDATE, lastRpcTime:146ms, electionTimeout:145ms
2019-10-17 05:56:55,932 [Thread-352] INFO  impl.FollowerState (FollowerState.java:run(108)) - b5f12832-4a97-45e3-9503-a5cba48636cf@group-74E9893F5999-FollowerState: change to CANDIDATE, lastRpcTime:156ms, electionTimeout:156ms
2019-10-17 05:56:55,932 [Thread-356] INFO  impl.RoleInfo (RoleInfo.java:shutdownFollowerState(121)) - 596a1247-d4fb-4568-97fb-3ff1ce43250d: shutdown FollowerState
2019-10-17 05:56:55,932 [Thread-356] INFO  impl.RaftServerImpl (RaftServerImpl.java:setRole(184)) - 596a1247-d4fb-4568-97fb-3ff1ce43250d@group-74E9893F5999: changes role from  FOLLOWER to CANDIDATE at term 0 for changeToCandidate
2019-10-17 05:56:55,932 [Thread-352] INFO  impl.RoleInfo (RoleInfo.java:shutdownFollowerState(121)) - b5f12832-4a97-45e3-9503-a5cba48636cf: shutdown FollowerState
2019-10-17 05:56:55,932 [Thread-356] INFO  impl.RoleInfo (RoleInfo.java:updateAndGet(143)) - 596a1247-d4fb-4568-97fb-3ff1ce43250d: start LeaderElection
2019-10-17 05:56:55,932 [pool-37-thread-1] INFO  storage.RaftStorageDirectory (RaftStorageDirectory.java:analyzeStorage(246)) - The storage directory /workdir/hadoop-ozone/integration-test/target/test-dir/MiniOzoneClusterImpl-292a2ff3-4780-4182-bb48-82c20e0e309d/datanode-1/data/ratis/41395877-a154-41d7-8da2-7066fe0fc203 does not exist. Creating ...
2019-10-17 05:56:55,934 [Thread-352] INFO  impl.RaftServerImpl (RaftServerImpl.java:setRole(184)) - b5f12832-4a97-45e3-9503-a5cba48636cf@group-74E9893F5999: changes role from  FOLLOWER to CANDIDATE at term 0 for changeToCandidate
2019-10-17 05:56:55,936 [Thread-352] INFO  impl.RoleInfo (RoleInfo.java:updateAndGet(143)) - b5f12832-4a97-45e3-9503-a5cba48636cf: start LeaderElection
2019-10-17 05:56:55,940 [pool-77-thread-1] INFO  storage.RaftStorageDirectory (RaftStorageDirectory.java:tryLock(328)) - Lock on /workdir/hadoop-ozone/integration-test/target/test-dir/MiniOzoneClusterImpl-292a2ff3-4780-4182-bb48-82c20e0e309d/datanode-5/data/ratis/41395877-a154-41d7-8da2-7066fe0fc203/in_use.lock acquired by nodename 14099@pr-hdds-2286-c5gnx-3944588690
2019-10-17 05:56:55,940 [b282f9e2-3bd4-452e-9c35-1adeacc39134@group-0D1055093416-LeaderElection12] INFO  server.RaftServerConfigKeys (ConfUtils.java:logGet(43)) - raft.server.log.appender.snapshot.chunk.size.max = 16MB (=16777216) (default)
2019-10-17 05:56:55,940 [pool-117-thread-1] INFO  storage.RaftStorageDirectory (RaftStorageDirectory.java:tryLock(328)) - Lock on /workdir/hadoop-ozone/integration-test/target/test-dir/MiniOzoneClusterImpl-292a2ff3-4780-4182-bb48-82c20e0e309d/datanode-9/data/ratis/41395877-a154-41d7-8da2-7066fe0fc203/in_use.lock acquired by nodename 14099@pr-hdds-2286-c5gnx-3944588690
2019-10-17 05:56:55,944 [org.apache.ratis.server.impl.LogAppender$AppenderDaemon$$Lambda$447/1550530268@7fd86a5] WARN  server.GrpcLogAppender (GrpcLogAppender.java:mayWait(149)) - 3ce2c7b7-3df7-42de-af28-9ba1d65ea84e@group-0D1055093416->9f06b4c9-079f-4989-8935-c6be59ddc82e-GrpcLogAppender: Wait interrupted by java.lang.InterruptedException
2019-10-17 05:56:55,944 [b282f9e2-3bd4-452e-9c35-1adeacc39134@group-0D1055093416-LeaderElection12] INFO  server.RaftServerConfigKeys (ConfUtils.java:logGet(43)) - raft.server.log.appender.buffer.byte-limit = 33554432 (custom)
2019-10-17 05:56:55,942 [grpc-default-executor-0] INFO  impl.RaftServerImpl (RaftServerImpl.java:setRole(184)) - b5f12832-4a97-45e3-9503-a5cba48636cf@group-74E9893F5999: changes role from CANDIDATE to FOLLOWER at term 1 for recognizeCandidate:8c36b79a-da60-43d4-9d42-baae689ad199
2019-10-17 05:56:55,940 [grpc-default-executor-2] INFO  impl.RaftServerImpl (RaftServerImpl.java:setRole(184)) - 3ce2c7b7-3df7-42de-af28-9ba1d65ea84e@group-0D1055093416: changes role from  FOLLOWER to FOLLOWER at term 3 for recognizeCandidate:9f06b4c9-079f-4989-8935-c6be59ddc82e
2019-10-17 05:56:55,956 [grpc-default-executor-0] INFO  impl.RoleInfo (RoleInfo.java:shutdownLeaderElection(134)) - b5f12832-4a97-45e3-9503-a5cba48636cf: shutdown LeaderElection
2019-10-17 05:56:55,956 [b282f9e2-3bd4-452e-9c35-1adeacc39134@group-0D1055093416-LeaderElection12] INFO  server.RaftServerConfigKeys (ConfUtils.java:logGet(43)) - raft.server.log.appender.buffer.element-limit = 1 (custom)
2019-10-17 05:56:55,953 [596a1247-d4fb-4568-97fb-3ff1ce43250d@group-74E9893F5999-LeaderElection15] INFO  impl.LeaderElection (LeaderElection.java:askForVotes(178)) - 596a1247-d4fb-4568-97fb-3ff1ce43250d@group-74E9893F5999-LeaderElection15: begin an election at term 1 for -1: [b5f12832-4a97-45e3-9503-a5cba48636cf:192.168.69.82:34934, 596a1247-d4fb-4568-97fb-3ff1ce43250d:192.168.69.82:37061, 8c36b79a-da60-43d4-9d42-baae689ad199:192.168.69.82:45199], old=null
2019-10-17 05:56:55,944 [org.apache.ratis.server.impl.LogAppender$AppenderDaemon$$Lambda$447/1550530268@11b5b983] WARN  server.GrpcLogAppender (GrpcLogAppender.java:mayWait(149)) - 3ce2c7b7-3df7-42de-af28-9ba1d65ea84e@group-0D1055093416->b282f9e2-3bd4-452e-9c35-1adeacc39134-GrpcLogAppender: Wait interrupted by java.lang.InterruptedException
2019-10-17 05:56:55,966 [pool-117-thread-1] INFO  storage.RaftStorage (RaftStorage.java:format(84)) - Storage directory /workdir/hadoop-ozone/integration-test/target/test-dir/MiniOzoneClusterImpl-292a2ff3-4780-4182-bb48-82c20e0e309d/datanode-9/data/ratis/41395877-a154-41d7-8da2-7066fe0fc203 has been successfully formatted.
2019-10-17 05:56:55,966 [pool-77-thread-1] INFO  storage.RaftStorage (RaftStorage.java:format(84)) - Storage directory /workdir/hadoop-ozone/integration-test/target/test-dir/MiniOzoneClusterImpl-292a2ff3-4780-4182-bb48-82c20e0e309d/datanode-5/data/ratis/41395877-a154-41d7-8da2-7066fe0fc203 has been successfully formatted.
2019-10-17 05:56:55,966 [pool-37-thread-1] INFO  storage.RaftStorageDirectory (RaftStorageDirectory.java:tryLock(328)) - Lock on /workdir/hadoop-ozone/integration-test/target/test-dir/MiniOzoneClusterImpl-292a2ff3-4780-4182-bb48-82c20e0e309d/datanode-1/data/ratis/41395877-a154-41d7-8da2-7066fe0fc203/in_use.lock acquired by nodename 14099@pr-hdds-2286-c5gnx-3944588690
2019-10-17 05:56:55,956 [grpc-default-executor-0] INFO  impl.RoleInfo (RoleInfo.java:updateAndGet(143)) - b5f12832-4a97-45e3-9503-a5cba48636cf: start FollowerState
2019-10-17 05:56:55,956 [9f06b4c9-079f-4989-8935-c6be59ddc82e@group-0D1055093416-LeaderElection14] INFO  impl.LeaderElection (LeaderElection.java:logAndReturn(56)) - 9f06b4c9-079f-4989-8935-c6be59ddc82e@group-0D1055093416-LeaderElection14: Election TIMEOUT; received 0 response(s) [] and 0 exception(s); 9f06b4c9-079f-4989-8935-c6be59ddc82e@group-0D1055093416:t3, leader=null, voted=9f06b4c9-079f-4989-8935-c6be59ddc82e, raftlog=9f06b4c9-079f-4989-8935-c6be59ddc82e@group-0D1055093416-SegmentedRaftLog:OPENED:c-1,f-1,i0, conf=-1: [9f06b4c9-079f-4989-8935-c6be59ddc82e:192.168.69.82:36391, b282f9e2-3bd4-452e-9c35-1adeacc39134:192.168.69.82:42567, 3ce2c7b7-3df7-42de-af28-9ba1d65ea84e:192.168.69.82:35388], old=null
2019-10-17 05:56:55,956 [grpc-default-executor-2] INFO  impl.RoleInfo (RoleInfo.java:shutdownFollowerState(121)) - 3ce2c7b7-3df7-42de-af28-9ba1d65ea84e: shutdown FollowerState
2019-10-17 05:56:55,969 [pool-77-thread-1] INFO  ratis.ContainerStateMachine (ContainerStateMachine.java:loadSnapshot(231)) - group-7066FE0FC203: The snapshot info is null. Setting the last applied indexto:(t:0, i:~)
2019-10-17 05:56:55,969 [pool-117-thread-1] INFO  ratis.ContainerStateMachine (ContainerStateMachine.java:loadSnapshot(231)) - group-7066FE0FC203: The snapshot info is null. Setting the last applied indexto:(t:0, i:~)
2019-10-17 05:56:55,964 [b282f9e2-3bd4-452e-9c35-1adeacc39134@group-0D1055093416-LeaderElection12] INFO  grpc.GrpcConfigKeys$Server (ConfUtils.java:logGet(43)) - raft.grpc.server.leader.outstanding.appends.max = 128 (default)
2019-10-17 05:56:55,973 [pool-117-thread-1] INFO  server.RaftServerConfigKeys (ConfUtils.java:logGet(43)) - raft.server.notification.no-leader.timeout = 120s (custom)
2019-10-17 05:56:55,973 [pool-77-thread-1] INFO  server.RaftServerConfigKeys (ConfUtils.java:logGet(43)) - raft.server.notification.no-leader.timeout = 120s (custom)
2019-10-17 05:56:55,973 [grpc-default-executor-2] INFO  impl.RoleInfo (RoleInfo.java:updateAndGet(143)) - 3ce2c7b7-3df7-42de-af28-9ba1d65ea84e: start FollowerState
2019-10-17 05:56:55,973 [Thread-372] INFO  impl.FollowerState (FollowerState.java:run(117)) - 3ce2c7b7-3df7-42de-af28-9ba1d65ea84e@group-0D1055093416-FollowerState was interrupted: java.lang.InterruptedException: sleep interrupted
2019-10-17 05:56:55,975 [pool-77-thread-1] INFO  server.RaftServerConfigKeys (ConfUtils.java:logGet(43)) - raft.server.log.use.memory = false (default)
2019-10-17 05:56:55,975 [pool-117-thread-1] INFO  server.RaftServerConfigKeys (ConfUtils.java:logGet(43)) - raft.server.log.use.memory = false (default)
2019-10-17 05:56:55,975 [b282f9e2-3bd4-452e-9c35-1adeacc39134@group-0D1055093416-LeaderElection12] INFO  server.RaftServerConfigKeys (ConfUtils.java:logGet(43)) - raft.server.rpc.request.timeout = 3000ms (default)
2019-10-17 05:56:55,984 [pool-117-thread-1] INFO  server.RaftServerConfigKeys (ConfUtils.java:logGet(43)) - raft.server.log.purge.gap = 1000000 (custom)
2019-10-17 05:56:55,984 [pool-77-thread-1] INFO  server.RaftServerConfigKeys (ConfUtils.java:logGet(43)) - raft.server.log.purge.gap = 1000000 (custom)
2019-10-17 05:56:55,987 [pool-117-thread-1] INFO  server.RaftServerConfigKeys (ConfUtils.java:logGet(43)) - raft.server.log.appender.buffer.byte-limit = 33554432 (custom)
2019-10-17 05:56:55,986 [b282f9e2-3bd4-452e-9c35-1adeacc39134@group-0D1055093416-LeaderElection12] INFO  server.RaftServerConfigKeys (ConfUtils.java:logGet(43)) - raft.server.log.appender.install.snapshot.enabled = false (custom)
2019-10-17 05:56:55,987 [pool-117-thread-1] INFO  server.RaftServerConfigKeys (ConfUtils.java:logGet(43)) - raft.server.log.segment.size.max = 1048576 (custom)
2019-10-17 05:56:55,987 [pool-77-thread-1] INFO  server.RaftServerConfigKeys (ConfUtils.java:logGet(43)) - raft.server.log.appender.buffer.byte-limit = 33554432 (custom)
2019-10-17 05:56:55,987 [pool-117-thread-1] INFO  server.RaftServerConfigKeys (ConfUtils.java:logGet(43)) - raft.server.log.segment.cache.num.max = 2 (custom)
2019-10-17 05:56:55,988 [pool-77-thread-1] INFO  server.RaftServerConfigKeys (ConfUtils.java:logGet(43)) - raft.server.log.segment.size.max = 1048576 (custom)
2019-10-17 05:56:55,988 [pool-117-thread-1] INFO  segmented.SegmentedRaftLogWorker (SegmentedRaftLogWorker.java:<init>(173)) - new 194f2ff6-41c6-4f9d-98fd-e63bb60a2475@group-7066FE0FC203-SegmentedRaftLogWorker for RaftStorage:Storage Directory /workdir/hadoop-ozone/integration-test/target/test-dir/MiniOzoneClusterImpl-292a2ff3-4780-4182-bb48-82c20e0e309d/datanode-9/data/ratis/41395877-a154-41d7-8da2-7066fe0fc203
2019-10-17 05:56:55,988 [pool-77-thread-1] INFO  server.RaftServerConfigKeys (ConfUtils.java:logGet(43)) - raft.server.log.segment.cache.num.max = 2 (custom)
2019-10-17 05:56:55,988 [pool-117-thread-1] INFO  server.RaftServerConfigKeys (ConfUtils.java:logGet(43)) - raft.server.log.queue.byte-limit = 2147483647 (custom)
2019-10-17 05:56:55,988 [pool-37-thread-1] INFO  storage.RaftStorage (RaftStorage.java:format(84)) - Storage directory /workdir/hadoop-ozone/integration-test/target/test-dir/MiniOzoneClusterImpl-292a2ff3-4780-4182-bb48-82c20e0e309d/datanode-1/data/ratis/41395877-a154-41d7-8da2-7066fe0fc203 has been successfully formatted.
2019-10-17 05:56:55,988 [pool-77-thread-1] INFO  segmented.SegmentedRaftLogWorker (SegmentedRaftLogWorker.java:<init>(173)) - new d4bb136b-e602-4c0a-8f86-2462710659b1@group-7066FE0FC203-SegmentedRaftLogWorker for RaftStorage:Storage Directory /workdir/hadoop-ozone/integration-test/target/test-dir/MiniOzoneClusterImpl-292a2ff3-4780-4182-bb48-82c20e0e309d/datanode-5/data/ratis/41395877-a154-41d7-8da2-7066fe0fc203
2019-10-17 05:56:55,988 [pool-117-thread-1] INFO  server.RaftServerConfigKeys (ConfUtils.java:logGet(43)) - raft.server.log.queue.element-limit = 1024 (custom)
2019-10-17 05:56:55,989 [pool-37-thread-1] INFO  ratis.ContainerStateMachine (ContainerStateMachine.java:loadSnapshot(231)) - group-7066FE0FC203: The snapshot info is null. Setting the last applied indexto:(t:0, i:~)
2019-10-17 05:56:55,989 [grpc-default-executor-3] INFO  server.GrpcServerProtocolService (GrpcServerProtocolService.java:onCompleted(113)) - 9f06b4c9-079f-4989-8935-c6be59ddc82e: Completed APPEND_ENTRIES, lastRequest: null
2019-10-17 05:56:55,989 [pool-77-thread-1] INFO  server.RaftServerConfigKeys (ConfUtils.java:logGet(43)) - raft.server.log.queue.byte-limit = 2147483647 (custom)
2019-10-17 05:56:55,991 [9f06b4c9-079f-4989-8935-c6be59ddc82e@group-0D1055093416-LeaderElection14] INFO  impl.LeaderElection (LeaderElection.java:askForVotes(178)) - 9f06b4c9-079f-4989-8935-c6be59ddc82e@group-0D1055093416-LeaderElection14: begin an election at term 4 for -1: [9f06b4c9-079f-4989-8935-c6be59ddc82e:192.168.69.82:36391, b282f9e2-3bd4-452e-9c35-1adeacc39134:192.168.69.82:42567, 3ce2c7b7-3df7-42de-af28-9ba1d65ea84e:192.168.69.82:35388], old=null
2019-10-17 05:56:55,991 [pool-37-thread-1] INFO  server.RaftServerConfigKeys (ConfUtils.java:logGet(43)) - raft.server.notification.no-leader.timeout = 120s (custom)
2019-10-17 05:56:55,991 [pool-117-thread-1] INFO  server.RaftServerConfigKeys (ConfUtils.java:logGet(43)) - raft.server.log.segment.size.max = 1048576 (custom)
2019-10-17 05:56:55,989 [grpc-default-executor-5] INFO  server.GrpcServerProtocolService (GrpcServerProtocolService.java:onCompleted(113)) - b282f9e2-3bd4-452e-9c35-1adeacc39134: Completed APPEND_ENTRIES, lastRequest: null
2019-10-17 05:56:55,992 [pool-117-thread-1] INFO  server.RaftServerConfigKeys (ConfUtils.java:logGet(43)) - raft.server.log.preallocated.size = 16384 (custom)
2019-10-17 05:56:55,992 [pool-37-thread-1] INFO  server.RaftServerConfigKeys (ConfUtils.java:logGet(43)) - raft.server.log.use.memory = false (default)
2019-10-17 05:56:55,992 [b282f9e2-3bd4-452e-9c35-1adeacc39134@group-0D1055093416-LeaderElection12] INFO  server.RaftServerConfigKeys (ConfUtils.java:logGet(43)) - raft.server.log.appender.snapshot.chunk.size.max = 16MB (=16777216) (default)
2019-10-17 05:56:55,991 [pool-77-thread-1] INFO  server.RaftServerConfigKeys (ConfUtils.java:logGet(43)) - raft.server.log.queue.element-limit = 1024 (custom)
2019-10-17 05:56:55,993 [8c36b79a-da60-43d4-9d42-baae689ad199@group-74E9893F5999-LeaderElection13] INFO  impl.LeaderElection (LeaderElection.java:logAndReturn(56)) - 8c36b79a-da60-43d4-9d42-baae689ad199@group-74E9893F5999-LeaderElection13: Election REJECTED; received 2 response(s) [8c36b79a-da60-43d4-9d42-baae689ad199<-b5f12832-4a97-45e3-9503-a5cba48636cf#0:FAIL-t1, 8c36b79a-da60-43d4-9d42-baae689ad199<-596a1247-d4fb-4568-97fb-3ff1ce43250d#0:FAIL-t1] and 0 exception(s); 8c36b79a-da60-43d4-9d42-baae689ad199@group-74E9893F5999:t1, leader=null, voted=8c36b79a-da60-43d4-9d42-baae689ad199, raftlog=8c36b79a-da60-43d4-9d42-baae689ad199@group-74E9893F5999-SegmentedRaftLog:OPENED:c-1,f-1,i0, conf=-1: [b5f12832-4a97-45e3-9503-a5cba48636cf:192.168.69.82:34934, 596a1247-d4fb-4568-97fb-3ff1ce43250d:192.168.69.82:37061, 8c36b79a-da60-43d4-9d42-baae689ad199:192.168.69.82:45199], old=null
2019-10-17 05:56:55,992 [b282f9e2-3bd4-452e-9c35-1adeacc39134@group-0D1055093416-LeaderElection12] INFO  server.RaftServerConfigKeys (ConfUtils.java:logGet(43)) - raft.server.log.appender.buffer.byte-limit = 33554432 (custom)
2019-10-17 05:56:55,992 [pool-37-thread-1] INFO  server.RaftServerConfigKeys (ConfUtils.java:logGet(43)) - raft.server.log.purge.gap = 1000000 (custom)
2019-10-17 05:56:55,992 [pool-117-thread-1] INFO  server.RaftServerConfigKeys (ConfUtils.java:logGet(43)) - raft.server.log.write.buffer.size = 33554432 (custom)
2019-10-17 05:56:55,996 [pool-37-thread-1] INFO  server.RaftServerConfigKeys (ConfUtils.java:logGet(43)) - raft.server.log.appender.buffer.byte-limit = 33554432 (custom)
2019-10-17 05:56:55,994 [b282f9e2-3bd4-452e-9c35-1adeacc39134@group-0D1055093416-LeaderElection12] INFO  server.RaftServerConfigKeys (ConfUtils.java:logGet(43)) - raft.server.log.appender.buffer.element-limit = 1 (custom)
2019-10-17 05:56:55,993 [grpc-default-executor-2] INFO  server.GrpcLogAppender (GrpcLogAppender.java:onCompleted(308)) - 3ce2c7b7-3df7-42de-af28-9ba1d65ea84e@group-0D1055093416->b282f9e2-3bd4-452e-9c35-1adeacc39134-AppendLogResponseHandler: follower responses appendEntries COMPLETED
2019-10-17 05:56:55,993 [8c36b79a-da60-43d4-9d42-baae689ad199@group-74E9893F5999-LeaderElection13] INFO  impl.RaftServerImpl (RaftServerImpl.java:setRole(184)) - 8c36b79a-da60-43d4-9d42-baae689ad199@group-74E9893F5999: changes role from CANDIDATE to FOLLOWER at term 1 for DISCOVERED_A_NEW_TERM
2019-10-17 05:56:55,993 [pool-77-thread-1] INFO  server.RaftServerConfigKeys (ConfUtils.java:logGet(43)) - raft.server.log.segment.size.max = 1048576 (custom)
2019-10-17 05:56:56,002 [8c36b79a-da60-43d4-9d42-baae689ad199@group-74E9893F5999-LeaderElection13] INFO  impl.RoleInfo (RoleInfo.java:shutdownLeaderElection(134)) - 8c36b79a-da60-43d4-9d42-baae689ad199: shutdown LeaderElection
2019-10-17 05:56:56,002 [grpc-default-executor-5] INFO  server.GrpcLogAppender (GrpcLogAppender.java:onCompleted(308)) - 3ce2c7b7-3df7-42de-af28-9ba1d65ea84e@group-0D1055093416->9f06b4c9-079f-4989-8935-c6be59ddc82e-AppendLogResponseHandler: follower responses appendEntries COMPLETED
2019-10-17 05:56:56,000 [b282f9e2-3bd4-452e-9c35-1adeacc39134@group-0D1055093416-LeaderElection12] INFO  grpc.GrpcConfigKeys$Server (ConfUtils.java:logGet(43)) - raft.grpc.server.leader.outstanding.appends.max = 128 (default)
2019-10-17 05:56:56,000 [pool-37-thread-1] INFO  server.RaftServerConfigKeys (ConfUtils.java:logGet(43)) - raft.server.log.segment.size.max = 1048576 (custom)
2019-10-17 05:56:55,998 [pool-117-thread-1] INFO  server.RaftServerConfigKeys (ConfUtils.java:logGet(43)) - raft.server.log.force.sync.num = 128 (default)
2019-10-17 05:56:55,998 [b5f12832-4a97-45e3-9503-a5cba48636cf@group-74E9893F5999-LeaderElection16] INFO  impl.LeaderElection (LeaderElection.java:askForVotes(178)) - b5f12832-4a97-45e3-9503-a5cba48636cf@group-74E9893F5999-LeaderElection16: begin an election at term 2 for -1: [b5f12832-4a97-45e3-9503-a5cba48636cf:192.168.69.82:34934, 596a1247-d4fb-4568-97fb-3ff1ce43250d:192.168.69.82:37061, 8c36b79a-da60-43d4-9d42-baae689ad199:192.168.69.82:45199], old=null
2019-10-17 05:56:56,007 [pool-117-thread-1] INFO  server.RaftServerConfigKeys (ConfUtils.java:logGet(43)) - raft.server.log.statemachine.data.sync = true (default)
2019-10-17 05:56:56,006 [pool-37-thread-1] INFO  server.RaftServerConfigKeys (ConfUtils.java:logGet(43)) - raft.server.log.segment.cache.num.max = 2 (custom)
2019-10-17 05:56:56,005 [b282f9e2-3bd4-452e-9c35-1adeacc39134@group-0D1055093416-LeaderElection12] INFO  server.RaftServerConfigKeys (ConfUtils.java:logGet(43)) - raft.server.rpc.request.timeout = 3000ms (default)
2019-10-17 05:56:56,002 [8c36b79a-da60-43d4-9d42-baae689ad199@group-74E9893F5999-LeaderElection13] INFO  impl.RoleInfo (RoleInfo.java:updateAndGet(143)) - 8c36b79a-da60-43d4-9d42-baae689ad199: start FollowerState
2019-10-17 05:56:56,002 [pool-77-thread-1] INFO  server.RaftServerConfigKeys (ConfUtils.java:logGet(43)) - raft.server.log.preallocated.size = 16384 (custom)
2019-10-17 05:56:56,014 [b5f12832-4a97-45e3-9503-a5cba48636cf@group-74E9893F5999-LeaderElection16] INFO  impl.LeaderElection (LeaderElection.java:logAndReturn(56)) - b5f12832-4a97-45e3-9503-a5cba48636cf@group-74E9893F5999-LeaderElection16: Election REJECTED; received 0 response(s) [] and 0 exception(s); b5f12832-4a97-45e3-9503-a5cba48636cf@group-74E9893F5999:t2, leader=null, voted=b5f12832-4a97-45e3-9503-a5cba48636cf, raftlog=b5f12832-4a97-45e3-9503-a5cba48636cf@group-74E9893F5999-SegmentedRaftLog:OPENED:c-1,f-1,i0, conf=-1: [b5f12832-4a97-45e3-9503-a5cba48636cf:192.168.69.82:34934, 596a1247-d4fb-4568-97fb-3ff1ce43250d:192.168.69.82:37061, 8c36b79a-da60-43d4-9d42-baae689ad199:192.168.69.82:45199], old=null
2019-10-17 05:56:56,011 [b282f9e2-3bd4-452e-9c35-1adeacc39134@group-0D1055093416-LeaderElection12] INFO  server.RaftServerConfigKeys (ConfUtils.java:logGet(43)) - raft.server.log.appender.install.snapshot.enabled = false (custom)
2019-10-17 05:56:56,011 [pool-37-thread-1] INFO  segmented.SegmentedRaftLogWorker (SegmentedRaftLogWorker.java:<init>(173)) - new 0716e483-2373-428e-a917-ee7c73d3521d@group-7066FE0FC203-SegmentedRaftLogWorker for RaftStorage:Storage Directory /workdir/hadoop-ozone/integration-test/target/test-dir/MiniOzoneClusterImpl-292a2ff3-4780-4182-bb48-82c20e0e309d/datanode-1/data/ratis/41395877-a154-41d7-8da2-7066fe0fc203
2019-10-17 05:56:56,009 [pool-117-thread-1] INFO  server.RaftServerConfigKeys (ConfUtils.java:logGet(43)) - raft.server.log.statemachine.data.sync.timeout = 10s (default)
2019-10-17 05:56:56,009 [grpc-default-executor-5] INFO  impl.FollowerInfo (FollowerInfo.java:lambda$new$0(51)) - 3ce2c7b7-3df7-42de-af28-9ba1d65ea84e@group-0D1055093416->9f06b4c9-079f-4989-8935-c6be59ddc82e: nextIndex: updateUnconditionally 0 -> 0
2019-10-17 05:56:56,009 [grpc-default-executor-2] INFO  impl.FollowerInfo (FollowerInfo.java:lambda$new$0(51)) - 3ce2c7b7-3df7-42de-af28-9ba1d65ea84e@group-0D1055093416->b282f9e2-3bd4-452e-9c35-1adeacc39134: nextIndex: updateUnconditionally 0 -> 0
2019-10-17 05:56:56,031 [pool-117-thread-1] INFO  server.RaftServerConfigKeys (ConfUtils.java:logGet(43)) - raft.server.log.statemachine.data.sync.timeout.retry = -1 (default)
2019-10-17 05:56:56,029 [pool-37-thread-1] INFO  server.RaftServerConfigKeys (ConfUtils.java:logGet(43)) - raft.server.log.queue.byte-limit = 2147483647 (custom)
2019-10-17 05:56:56,014 [pool-77-thread-1] INFO  server.RaftServerConfigKeys (ConfUtils.java:logGet(43)) - raft.server.log.write.buffer.size = 33554432 (custom)
2019-10-17 05:56:56,033 [pool-37-thread-1] INFO  server.RaftServerConfigKeys (ConfUtils.java:logGet(43)) - raft.server.log.queue.element-limit = 1024 (custom)
2019-10-17 05:56:56,033 [pool-117-thread-1] INFO  server.RaftServerConfigKeys (ConfUtils.java:logGet(43)) - raft.server.log.statemachine.data.caching.enabled = true (custom)
2019-10-17 05:56:56,033 [b282f9e2-3bd4-452e-9c35-1adeacc39134@group-0D1055093416-LeaderElection12] INFO  impl.RoleInfo (RoleInfo.java:updateAndGet(143)) - b282f9e2-3bd4-452e-9c35-1adeacc39134: start LeaderState
2019-10-17 05:56:56,033 [pool-37-thread-1] INFO  server.RaftServerConfigKeys (ConfUtils.java:logGet(43)) - raft.server.log.segment.size.max = 1048576 (custom)
2019-10-17 05:56:56,033 [pool-77-thread-1] INFO  server.RaftServerConfigKeys (ConfUtils.java:logGet(43)) - raft.server.log.force.sync.num = 128 (default)
2019-10-17 05:56:56,034 [pool-117-thread-1] INFO  segmented.SegmentedRaftLogWorker (SegmentedRaftLogWorker.java:lambda$new$0(128)) - 194f2ff6-41c6-4f9d-98fd-e63bb60a2475@group-7066FE0FC203-SegmentedRaftLogWorker: flushIndex: setUnconditionally 0 -> -1
2019-10-17 05:56:56,034 [b282f9e2-3bd4-452e-9c35-1adeacc39134@group-0D1055093416-LeaderElection12] INFO  segmented.SegmentedRaftLogWorker (SegmentedRaftLogWorker.java:startLogSegment(385)) - b282f9e2-3bd4-452e-9c35-1adeacc39134@group-0D1055093416-SegmentedRaftLogWorker: Starting segment from index:0
2019-10-17 05:56:56,034 [pool-37-thread-1] INFO  server.RaftServerConfigKeys (ConfUtils.java:logGet(43)) - raft.server.log.preallocated.size = 16384 (custom)
2019-10-17 05:56:56,034 [grpc-default-executor-3] INFO  impl.RaftServerImpl (RaftServerImpl.java:setRole(184)) - 3ce2c7b7-3df7-42de-af28-9ba1d65ea84e@group-0D1055093416: changes role from  FOLLOWER to FOLLOWER at term 4 for recognizeCandidate:9f06b4c9-079f-4989-8935-c6be59ddc82e
2019-10-17 05:56:56,035 [pool-37-thread-1] INFO  server.RaftServerConfigKeys (ConfUtils.java:logGet(43)) - raft.server.log.write.buffer.size = 33554432 (custom)
2019-10-17 05:56:56,034 [pool-117-thread-1] INFO  server.RaftServerConfigKeys (ConfUtils.java:logGet(43)) - raft.server.snapshot.auto.trigger.enabled = true (custom)
2019-10-17 05:56:56,034 [pool-77-thread-1] INFO  server.RaftServerConfigKeys (ConfUtils.java:logGet(43)) - raft.server.log.statemachine.data.sync = true (default)
2019-10-17 05:56:56,037 [pool-117-thread-1] INFO  server.RaftServerConfigKeys (ConfUtils.java:logGet(43)) - raft.server.snapshot.auto.trigger.threshold = 10000 (custom)
2019-10-17 05:56:56,036 [pool-37-thread-1] INFO  server.RaftServerConfigKeys (ConfUtils.java:logGet(43)) - raft.server.log.force.sync.num = 128 (default)
2019-10-17 05:56:56,036 [grpc-default-executor-3] INFO  impl.RoleInfo (RoleInfo.java:shutdownFollowerState(121)) - 3ce2c7b7-3df7-42de-af28-9ba1d65ea84e: shutdown FollowerState
2019-10-17 05:56:56,067 [pool-37-thread-1] INFO  server.RaftServerConfigKeys (ConfUtils.java:logGet(43)) - raft.server.log.statemachine.data.sync = true (default)
2019-10-17 05:56:56,067 [596a1247-d4fb-4568-97fb-3ff1ce43250d@group-74E9893F5999-LeaderElection15] INFO  impl.LeaderElection (LeaderElection.java:logAndReturn(56)) - 596a1247-d4fb-4568-97fb-3ff1ce43250d@group-74E9893F5999-LeaderElection15: Election DISCOVERED_A_NEW_TERM; received 2 response(s) [596a1247-d4fb-4568-97fb-3ff1ce43250d<-b5f12832-4a97-45e3-9503-a5cba48636cf#0:FAIL-t2, 596a1247-d4fb-4568-97fb-3ff1ce43250d<-8c36b79a-da60-43d4-9d42-baae689ad199#0:FAIL-t1] and 0 exception(s); 596a1247-d4fb-4568-97fb-3ff1ce43250d@group-74E9893F5999:t1, leader=null, voted=596a1247-d4fb-4568-97fb-3ff1ce43250d, raftlog=596a1247-d4fb-4568-97fb-3ff1ce43250d@group-74E9893F5999-SegmentedRaftLog:OPENED:c-1,f-1,i0, conf=-1: [b5f12832-4a97-45e3-9503-a5cba48636cf:192.168.69.82:34934, 596a1247-d4fb-4568-97fb-3ff1ce43250d:192.168.69.82:37061, 8c36b79a-da60-43d4-9d42-baae689ad199:192.168.69.82:45199], old=null
2019-10-17 05:56:56,067 [pool-117-thread-1] INFO  server.RaftServerConfigKeys (ConfUtils.java:logGet(43)) - raft.server.snapshot.retention.file.num = 5 (custom)
2019-10-17 05:56:56,067 [b282f9e2-3bd4-452e-9c35-1adeacc39134@group-0D1055093416-LeaderElection12] INFO  impl.RaftServerImpl (ServerState.java:setRaftConf(357)) - b282f9e2-3bd4-452e-9c35-1adeacc39134@group-0D1055093416: set configuration 0: [9f06b4c9-079f-4989-8935-c6be59ddc82e:192.168.69.82:36391, b282f9e2-3bd4-452e-9c35-1adeacc39134:192.168.69.82:42567, 3ce2c7b7-3df7-42de-af28-9ba1d65ea84e:192.168.69.82:35388], old=null at 0
2019-10-17 05:56:56,067 [pool-77-thread-1] INFO  server.RaftServerConfigKeys (ConfUtils.java:logGet(43)) - raft.server.log.statemachine.data.sync.timeout = 10s (default)
2019-10-17 05:56:56,066 [9f06b4c9-079f-4989-8935-c6be59ddc82e@group-0D1055093416-LeaderElection14] INFO  impl.LeaderElection (LeaderElection.java:logAndReturn(56)) - 9f06b4c9-079f-4989-8935-c6be59ddc82e@group-0D1055093416-LeaderElection14: Election TIMEOUT; received 0 response(s) [] and 0 exception(s); 9f06b4c9-079f-4989-8935-c6be59ddc82e@group-0D1055093416:t4, leader=null, voted=9f06b4c9-079f-4989-8935-c6be59ddc82e, raftlog=9f06b4c9-079f-4989-8935-c6be59ddc82e@group-0D1055093416-SegmentedRaftLog:OPENED:c-1,f-1,i0, conf=-1: [9f06b4c9-079f-4989-8935-c6be59ddc82e:192.168.69.82:36391, b282f9e2-3bd4-452e-9c35-1adeacc39134:192.168.69.82:42567, 3ce2c7b7-3df7-42de-af28-9ba1d65ea84e:192.168.69.82:35388], old=null
2019-10-17 05:56:56,072 [pool-77-thread-1] INFO  server.RaftServerConfigKeys (ConfUtils.java:logGet(43)) - raft.server.log.statemachine.data.sync.timeout.retry = -1 (default)
2019-10-17 05:56:56,071 [grpc-default-executor-7] INFO  impl.RaftServerImpl (ServerState.java:setLeader(256)) - b282f9e2-3bd4-452e-9c35-1adeacc39134@group-0D1055093416: change Leader from b282f9e2-3bd4-452e-9c35-1adeacc39134 to null at term 4 for updateCurrentTerm
2019-10-17 05:56:56,071 [pool-117-thread-1] INFO  server.RaftServerConfigKeys (ConfUtils.java:logGet(43)) - raft.server.retrycache.expirytime = 600000ms (custom)
2019-10-17 05:56:56,070 [596a1247-d4fb-4568-97fb-3ff1ce43250d@group-74E9893F5999-LeaderElection15] INFO  impl.RaftServerImpl (RaftServerImpl.java:setRole(184)) - 596a1247-d4fb-4568-97fb-3ff1ce43250d@group-74E9893F5999: changes role from CANDIDATE to FOLLOWER at term 2 for DISCOVERED_A_NEW_TERM
2019-10-17 05:56:56,069 [pool-37-thread-1] INFO  server.RaftServerConfigKeys (ConfUtils.java:logGet(43)) - raft.server.log.statemachine.data.sync.timeout = 10s (default)
2019-10-17 05:56:56,068 [grpc-default-executor-3] INFO  impl.RoleInfo (RoleInfo.java:updateAndGet(143)) - 3ce2c7b7-3df7-42de-af28-9ba1d65ea84e: start FollowerState
2019-10-17 05:56:56,068 [Thread-379] INFO  impl.FollowerState (FollowerState.java:run(117)) - 3ce2c7b7-3df7-42de-af28-9ba1d65ea84e@group-0D1055093416-FollowerState was interrupted: java.lang.InterruptedException: sleep interrupted
2019-10-17 05:56:56,074 [pool-37-thread-1] INFO  server.RaftServerConfigKeys (ConfUtils.java:logGet(43)) - raft.server.log.statemachine.data.sync.timeout.retry = -1 (default)
2019-10-17 05:56:56,074 [596a1247-d4fb-4568-97fb-3ff1ce43250d@group-74E9893F5999-LeaderElection15] INFO  impl.RoleInfo (RoleInfo.java:shutdownLeaderElection(134)) - 596a1247-d4fb-4568-97fb-3ff1ce43250d: shutdown LeaderElection
2019-10-17 05:56:56,073 [grpc-default-executor-7] INFO  impl.RaftServerImpl (RaftServerImpl.java:setRole(184)) - b282f9e2-3bd4-452e-9c35-1adeacc39134@group-0D1055093416: changes role from    LEADER to FOLLOWER at term 4 for recognizeCandidate:9f06b4c9-079f-4989-8935-c6be59ddc82e
2019-10-17 05:56:56,075 [grpc-default-executor-7] INFO  impl.RoleInfo (RoleInfo.java:shutdownLeaderState(104)) - b282f9e2-3bd4-452e-9c35-1adeacc39134: shutdown LeaderState
2019-10-17 05:56:56,073 [pool-77-thread-1] INFO  server.RaftServerConfigKeys (ConfUtils.java:logGet(43)) - raft.server.log.statemachine.data.caching.enabled = true (custom)
2019-10-17 05:56:56,078 [grpc-default-executor-7] INFO  impl.PendingRequests (PendingRequests.java:sendNotLeaderResponses(202)) - b282f9e2-3bd4-452e-9c35-1adeacc39134@group-0D1055093416-PendingRequests: sendNotLeaderResponses
2019-10-17 05:56:56,075 [596a1247-d4fb-4568-97fb-3ff1ce43250d@group-74E9893F5999-LeaderElection15] INFO  impl.RoleInfo (RoleInfo.java:updateAndGet(143)) - 596a1247-d4fb-4568-97fb-3ff1ce43250d: start FollowerState
2019-10-17 05:56:56,075 [pool-37-thread-1] INFO  server.RaftServerConfigKeys (ConfUtils.java:logGet(43)) - raft.server.log.statemachine.data.caching.enabled = true (custom)
2019-10-17 05:56:56,079 [grpc-default-executor-7] INFO  impl.RoleInfo (RoleInfo.java:updateAndGet(143)) - b282f9e2-3bd4-452e-9c35-1adeacc39134: start FollowerState
2019-10-17 05:56:56,078 [pool-77-thread-1] INFO  segmented.SegmentedRaftLogWorker (SegmentedRaftLogWorker.java:lambda$new$0(128)) - d4bb136b-e602-4c0a-8f86-2462710659b1@group-7066FE0FC203-SegmentedRaftLogWorker: flushIndex: setUnconditionally 0 -> -1
2019-10-17 05:56:56,079 [pool-37-thread-1] INFO  segmented.SegmentedRaftLogWorker (SegmentedRaftLogWorker.java:lambda$new$0(128)) - 0716e483-2373-428e-a917-ee7c73d3521d@group-7066FE0FC203-SegmentedRaftLogWorker: flushIndex: setUnconditionally 0 -> -1
2019-10-17 05:56:56,079 [9f06b4c9-079f-4989-8935-c6be59ddc82e@group-0D1055093416-LeaderElection14] INFO  impl.LeaderElection (LeaderElection.java:askForVotes(178)) - 9f06b4c9-079f-4989-8935-c6be59ddc82e@group-0D1055093416-LeaderElection14: begin an election at term 5 for -1: [9f06b4c9-079f-4989-8935-c6be59ddc82e:192.168.69.82:36391, b282f9e2-3bd4-452e-9c35-1adeacc39134:192.168.69.82:42567, 3ce2c7b7-3df7-42de-af28-9ba1d65ea84e:192.168.69.82:35388], old=null
2019-10-17 05:56:56,079 [pool-77-thread-1] INFO  server.RaftServerConfigKeys (ConfUtils.java:logGet(43)) - raft.server.snapshot.auto.trigger.enabled = true (custom)
2019-10-17 05:56:56,079 [b282f9e2-3bd4-452e-9c35-1adeacc39134@group-0D1055093416-SegmentedRaftLogWorker] INFO  segmented.SegmentedRaftLogWorker (SegmentedRaftLogWorker.java:execute(576)) - b282f9e2-3bd4-452e-9c35-1adeacc39134@group-0D1055093416-SegmentedRaftLogWorker: created new log segment /workdir/hadoop-ozone/integration-test/target/test-dir/MiniOzoneClusterImpl-292a2ff3-4780-4182-bb48-82c20e0e309d/datanode-6/data/ratis/7064a63e-fc8a-4441-ad59-0d1055093416/current/log_inprogress_0
2019-10-17 05:56:56,080 [pool-77-thread-1] INFO  server.RaftServerConfigKeys (ConfUtils.java:logGet(43)) - raft.server.snapshot.auto.trigger.threshold = 10000 (custom)
2019-10-17 05:56:56,081 [pool-37-thread-1] INFO  server.RaftServerConfigKeys (ConfUtils.java:logGet(43)) - raft.server.snapshot.auto.trigger.enabled = true (custom)
2019-10-17 05:56:56,081 [pool-77-thread-1] INFO  server.RaftServerConfigKeys (ConfUtils.java:logGet(43)) - raft.server.snapshot.retention.file.num = 5 (custom)
2019-10-17 05:56:56,081 [pool-37-thread-1] INFO  server.RaftServerConfigKeys (ConfUtils.java:logGet(43)) - raft.server.snapshot.auto.trigger.threshold = 10000 (custom)
2019-10-17 05:56:56,081 [pool-77-thread-1] INFO  server.RaftServerConfigKeys (ConfUtils.java:logGet(43)) - raft.server.retrycache.expirytime = 600000ms (custom)
2019-10-17 05:56:56,082 [pool-37-thread-1] INFO  server.RaftServerConfigKeys (ConfUtils.java:logGet(43)) - raft.server.snapshot.retention.file.num = 5 (custom)
2019-10-17 05:56:56,082 [grpc-default-executor-5] INFO  impl.RaftServerImpl (RaftServerImpl.java:setRole(184)) - 8c36b79a-da60-43d4-9d42-baae689ad199@group-74E9893F5999: changes role from  FOLLOWER to FOLLOWER at term 2 for recognizeCandidate:b5f12832-4a97-45e3-9503-a5cba48636cf
2019-10-17 05:56:56,082 [org.apache.ratis.server.impl.LogAppender$AppenderDaemon$$Lambda$447/1550530268@4c3b5e97] WARN  server.GrpcLogAppender (GrpcLogAppender.java:mayWait(149)) - b282f9e2-3bd4-452e-9c35-1adeacc39134@group-0D1055093416->3ce2c7b7-3df7-42de-af28-9ba1d65ea84e-GrpcLogAppender: Wait interrupted by java.lang.InterruptedException
2019-10-17 05:56:56,082 [org.apache.ratis.server.impl.LogAppender$AppenderDaemon$$Lambda$447/1550530268@7d8c404d] WARN  server.GrpcLogAppender (GrpcLogAppender.java:mayWait(149)) - b282f9e2-3bd4-452e-9c35-1adeacc39134@group-0D1055093416->9f06b4c9-079f-4989-8935-c6be59ddc82e-GrpcLogAppender: Wait interrupted by java.lang.InterruptedException
2019-10-17 05:56:56,082 [pool-37-thread-1] INFO  server.RaftServerConfigKeys (ConfUtils.java:logGet(43)) - raft.server.retrycache.expirytime = 600000ms (custom)
2019-10-17 05:56:56,082 [grpc-default-executor-5] INFO  impl.RoleInfo (RoleInfo.java:shutdownFollowerState(121)) - 8c36b79a-da60-43d4-9d42-baae689ad199: shutdown FollowerState
2019-10-17 05:56:56,082 [grpc-default-executor-2] INFO  impl.RaftServerImpl (RaftServerImpl.java:setRole(184)) - 596a1247-d4fb-4568-97fb-3ff1ce43250d@group-74E9893F5999: changes role from  FOLLOWER to FOLLOWER at term 2 for recognizeCandidate:b5f12832-4a97-45e3-9503-a5cba48636cf
2019-10-17 05:56:56,086 [Thread-383] INFO  impl.FollowerState (FollowerState.java:run(117)) - 8c36b79a-da60-43d4-9d42-baae689ad199@group-74E9893F5999-FollowerState was interrupted: java.lang.InterruptedException: sleep interrupted
2019-10-17 05:56:56,086 [grpc-default-executor-5] INFO  impl.RoleInfo (RoleInfo.java:updateAndGet(143)) - 8c36b79a-da60-43d4-9d42-baae689ad199: start FollowerState
2019-10-17 05:56:56,088 [Thread-375] INFO  impl.FollowerState (FollowerState.java:run(108)) - b5f12832-4a97-45e3-9503-a5cba48636cf@group-74E9893F5999-FollowerState: change to CANDIDATE, lastRpcTime:131ms, electionTimeout:116ms
2019-10-17 05:56:56,086 [grpc-default-executor-2] INFO  impl.RoleInfo (RoleInfo.java:shutdownFollowerState(121)) - 596a1247-d4fb-4568-97fb-3ff1ce43250d: shutdown FollowerState
2019-10-17 05:56:56,088 [Thread-375] INFO  impl.RoleInfo (RoleInfo.java:shutdownFollowerState(121)) - b5f12832-4a97-45e3-9503-a5cba48636cf: shutdown FollowerState
2019-10-17 05:56:56,088 [Thread-388] INFO  impl.FollowerState (FollowerState.java:run(117)) - 596a1247-d4fb-4568-97fb-3ff1ce43250d@group-74E9893F5999-FollowerState was interrupted: java.lang.InterruptedException: sleep interrupted
2019-10-17 05:56:56,088 [pool-117-thread-1] INFO  impl.RaftServerImpl (RaftServerImpl.java:start(195)) - 194f2ff6-41c6-4f9d-98fd-e63bb60a2475@group-7066FE0FC203: start as a follower, conf=-1: [0716e483-2373-428e-a917-ee7c73d3521d:192.168.69.82:39524, d4bb136b-e602-4c0a-8f86-2462710659b1:192.168.69.82:42071, 194f2ff6-41c6-4f9d-98fd-e63bb60a2475:192.168.69.82:43645], old=null
2019-10-17 05:56:56,088 [grpc-default-executor-2] INFO  impl.RoleInfo (RoleInfo.java:updateAndGet(143)) - 596a1247-d4fb-4568-97fb-3ff1ce43250d: start FollowerState
2019-10-17 05:56:56,089 [pool-117-thread-1] INFO  impl.RaftServerImpl (RaftServerImpl.java:setRole(184)) - 194f2ff6-41c6-4f9d-98fd-e63bb60a2475@group-7066FE0FC203: changes role from      null to FOLLOWER at term 0 for startAsFollower
2019-10-17 05:56:56,089 [pool-77-thread-1] INFO  impl.RaftServerImpl (RaftServerImpl.java:start(195)) - d4bb136b-e602-4c0a-8f86-2462710659b1@group-7066FE0FC203: start as a follower, conf=-1: [0716e483-2373-428e-a917-ee7c73d3521d:192.168.69.82:39524, d4bb136b-e602-4c0a-8f86-2462710659b1:192.168.69.82:42071, 194f2ff6-41c6-4f9d-98fd-e63bb60a2475:192.168.69.82:43645], old=null
2019-10-17 05:56:56,088 [Thread-375] INFO  impl.RaftServerImpl (RaftServerImpl.java:setRole(184)) - b5f12832-4a97-45e3-9503-a5cba48636cf@group-74E9893F5999: changes role from  FOLLOWER to CANDIDATE at term 2 for changeToCandidate
2019-10-17 05:56:56,093 [pool-117-thread-1] INFO  impl.RoleInfo (RoleInfo.java:updateAndGet(143)) - 194f2ff6-41c6-4f9d-98fd-e63bb60a2475: start FollowerState
2019-10-17 05:56:56,093 [pool-77-thread-1] INFO  impl.RaftServerImpl (RaftServerImpl.java:setRole(184)) - d4bb136b-e602-4c0a-8f86-2462710659b1@group-7066FE0FC203: changes role from      null to FOLLOWER at term 0 for startAsFollower
2019-10-17 05:56:56,094 [Thread-375] INFO  impl.RoleInfo (RoleInfo.java:updateAndGet(143)) - b5f12832-4a97-45e3-9503-a5cba48636cf: start LeaderElection
2019-10-17 05:56:56,094 [pool-77-thread-1] INFO  impl.RoleInfo (RoleInfo.java:updateAndGet(143)) - d4bb136b-e602-4c0a-8f86-2462710659b1: start FollowerState
2019-10-17 05:56:56,094 [pool-117-thread-1] INFO  util.JmxRegister (JmxRegister.java:tryRegister(44)) - Successfully registered JMX Bean with object name Ratis:service=RaftServer,group=group-7066FE0FC203,id=194f2ff6-41c6-4f9d-98fd-e63bb60a2475
2019-10-17 05:56:56,094 [pool-77-thread-1] INFO  util.JmxRegister (JmxRegister.java:tryRegister(44)) - Successfully registered JMX Bean with object name Ratis:service=RaftServer,group=group-7066FE0FC203,id=d4bb136b-e602-4c0a-8f86-2462710659b1
2019-10-17 05:56:56,104 [grpc-default-executor-2] INFO  impl.RaftServerImpl (RaftServerImpl.java:setRole(184)) - b282f9e2-3bd4-452e-9c35-1adeacc39134@group-0D1055093416: changes role from  FOLLOWER to FOLLOWER at term 5 for recognizeCandidate:9f06b4c9-079f-4989-8935-c6be59ddc82e
2019-10-17 05:56:56,104 [grpc-default-executor-2] INFO  impl.RoleInfo (RoleInfo.java:shutdownFollowerState(121)) - b282f9e2-3bd4-452e-9c35-1adeacc39134: shutdown FollowerState
2019-10-17 05:56:56,104 [grpc-default-executor-2] INFO  impl.RoleInfo (RoleInfo.java:updateAndGet(143)) - b282f9e2-3bd4-452e-9c35-1adeacc39134: start FollowerState
2019-10-17 05:56:56,104 [Thread-389] INFO  impl.FollowerState (FollowerState.java:run(117)) - b282f9e2-3bd4-452e-9c35-1adeacc39134@group-0D1055093416-FollowerState was interrupted: java.lang.InterruptedException: sleep interrupted
2019-10-17 05:56:56,108 [Thread-398] INFO  impl.FollowerState (FollowerState.java:run(108)) - 194f2ff6-41c6-4f9d-98fd-e63bb60a2475@group-7066FE0FC203-FollowerState: change to CANDIDATE, lastRpcTime:14ms, electionTimeout:14ms
2019-10-17 05:56:56,108 [pool-37-thread-1] INFO  impl.RaftServerImpl (RaftServerImpl.java:start(195)) - 0716e483-2373-428e-a917-ee7c73d3521d@group-7066FE0FC203: start as a follower, conf=-1: [0716e483-2373-428e-a917-ee7c73d3521d:192.168.69.82:39524, d4bb136b-e602-4c0a-8f86-2462710659b1:192.168.69.82:42071, 194f2ff6-41c6-4f9d-98fd-e63bb60a2475:192.168.69.82:43645], old=null
2019-10-17 05:56:56,108 [pool-37-thread-1] INFO  impl.RaftServerImpl (RaftServerImpl.java:setRole(184)) - 0716e483-2373-428e-a917-ee7c73d3521d@group-7066FE0FC203: changes role from      null to FOLLOWER at term 0 for startAsFollower
2019-10-17 05:56:56,108 [Thread-398] INFO  impl.RoleInfo (RoleInfo.java:shutdownFollowerState(121)) - 194f2ff6-41c6-4f9d-98fd-e63bb60a2475: shutdown FollowerState
2019-10-17 05:56:56,110 [Thread-398] INFO  impl.RaftServerImpl (RaftServerImpl.java:setRole(184)) - 194f2ff6-41c6-4f9d-98fd-e63bb60a2475@group-7066FE0FC203: changes role from  FOLLOWER to CANDIDATE at term 0 for changeToCandidate
2019-10-17 05:56:56,110 [pool-37-thread-1] INFO  impl.RoleInfo (RoleInfo.java:updateAndGet(143)) - 0716e483-2373-428e-a917-ee7c73d3521d: start FollowerState
2019-10-17 05:56:56,111 [Thread-398] INFO  impl.RoleInfo (RoleInfo.java:updateAndGet(143)) - 194f2ff6-41c6-4f9d-98fd-e63bb60a2475: start LeaderElection
2019-10-17 05:56:56,111 [pool-37-thread-1] INFO  util.JmxRegister (JmxRegister.java:tryRegister(44)) - Successfully registered JMX Bean with object name Ratis:service=RaftServer,group=group-7066FE0FC203,id=0716e483-2373-428e-a917-ee7c73d3521d
2019-10-17 05:56:56,117 [b5f12832-4a97-45e3-9503-a5cba48636cf@group-74E9893F5999-LeaderElection17] INFO  impl.LeaderElection (LeaderElection.java:askForVotes(178)) - b5f12832-4a97-45e3-9503-a5cba48636cf@group-74E9893F5999-LeaderElection17: begin an election at term 3 for -1: [b5f12832-4a97-45e3-9503-a5cba48636cf:192.168.69.82:34934, 596a1247-d4fb-4568-97fb-3ff1ce43250d:192.168.69.82:37061, 8c36b79a-da60-43d4-9d42-baae689ad199:192.168.69.82:45199], old=null
2019-10-17 05:56:56,119 [grpc-default-executor-5] INFO  impl.RaftServerImpl (RaftServerImpl.java:setRole(184)) - 3ce2c7b7-3df7-42de-af28-9ba1d65ea84e@group-0D1055093416: changes role from  FOLLOWER to FOLLOWER at term 5 for recognizeCandidate:9f06b4c9-079f-4989-8935-c6be59ddc82e
2019-10-17 05:56:56,126 [grpc-default-executor-5] INFO  impl.RoleInfo (RoleInfo.java:shutdownFollowerState(121)) - 3ce2c7b7-3df7-42de-af28-9ba1d65ea84e: shutdown FollowerState
2019-10-17 05:56:56,126 [grpc-default-executor-0] INFO  server.GrpcServerProtocolService (GrpcServerProtocolService.java:onCompleted(113)) - 9f06b4c9-079f-4989-8935-c6be59ddc82e: Completed APPEND_ENTRIES, lastRequest: b282f9e2-3bd4-452e-9c35-1adeacc39134->9f06b4c9-079f-4989-8935-c6be59ddc82e#0-t2, previous=(t:0, i:0), leaderCommit=-1, initializing? false, entries: <empty>
2019-10-17 05:56:56,126 [Thread-386] INFO  impl.FollowerState (FollowerState.java:run(117)) - 3ce2c7b7-3df7-42de-af28-9ba1d65ea84e@group-0D1055093416-FollowerState was interrupted: java.lang.InterruptedException: sleep interrupted
2019-10-17 05:56:56,126 [grpc-default-executor-1] INFO  server.GrpcServerProtocolService (GrpcServerProtocolService.java:onCompleted(113)) - 3ce2c7b7-3df7-42de-af28-9ba1d65ea84e: Completed APPEND_ENTRIES, lastRequest: b282f9e2-3bd4-452e-9c35-1adeacc39134->3ce2c7b7-3df7-42de-af28-9ba1d65ea84e#0-t2, previous=(t:0, i:0), leaderCommit=-1, initializing? false, entries: <empty>
2019-10-17 05:56:56,126 [grpc-default-executor-5] INFO  impl.RoleInfo (RoleInfo.java:updateAndGet(143)) - 3ce2c7b7-3df7-42de-af28-9ba1d65ea84e: start FollowerState
2019-10-17 05:56:56,131 [194f2ff6-41c6-4f9d-98fd-e63bb60a2475@group-7066FE0FC203-LeaderElection18] INFO  impl.LeaderElection (LeaderElection.java:askForVotes(178)) - 194f2ff6-41c6-4f9d-98fd-e63bb60a2475@group-7066FE0FC203-LeaderElection18: begin an election at term 1 for -1: [0716e483-2373-428e-a917-ee7c73d3521d:192.168.69.82:39524, d4bb136b-e602-4c0a-8f86-2462710659b1:192.168.69.82:42071, 194f2ff6-41c6-4f9d-98fd-e63bb60a2475:192.168.69.82:43645], old=null
2019-10-17 05:56:56,153 [grpc-default-executor-2] INFO  impl.RaftServerImpl (RaftServerImpl.java:setRole(184)) - 596a1247-d4fb-4568-97fb-3ff1ce43250d@group-74E9893F5999: changes role from  FOLLOWER to FOLLOWER at term 3 for recognizeCandidate:b5f12832-4a97-45e3-9503-a5cba48636cf
2019-10-17 05:56:56,154 [grpc-default-executor-2] INFO  impl.RoleInfo (RoleInfo.java:shutdownFollowerState(121)) - 596a1247-d4fb-4568-97fb-3ff1ce43250d: shutdown FollowerState
2019-10-17 05:56:56,154 [grpc-default-executor-5] INFO  impl.RaftServerImpl (RaftServerImpl.java:setRole(184)) - 8c36b79a-da60-43d4-9d42-baae689ad199@group-74E9893F5999: changes role from  FOLLOWER to FOLLOWER at term 3 for recognizeCandidate:b5f12832-4a97-45e3-9503-a5cba48636cf
2019-10-17 05:56:56,154 [grpc-default-executor-2] INFO  impl.RoleInfo (RoleInfo.java:updateAndGet(143)) - 596a1247-d4fb-4568-97fb-3ff1ce43250d: start FollowerState
2019-10-17 05:56:56,154 [grpc-default-executor-1] INFO  server.GrpcLogAppender (GrpcLogAppender.java:onCompleted(308)) - b282f9e2-3bd4-452e-9c35-1adeacc39134@group-0D1055093416->3ce2c7b7-3df7-42de-af28-9ba1d65ea84e-AppendLogResponseHandler: follower responses appendEntries COMPLETED
2019-10-17 05:56:56,154 [grpc-default-executor-0] INFO  server.GrpcLogAppender (GrpcLogAppender.java:onCompleted(308)) - b282f9e2-3bd4-452e-9c35-1adeacc39134@group-0D1055093416->9f06b4c9-079f-4989-8935-c6be59ddc82e-AppendLogResponseHandler: follower responses appendEntries COMPLETED
2019-10-17 05:56:56,154 [Thread-397] INFO  impl.FollowerState (FollowerState.java:run(117)) - 596a1247-d4fb-4568-97fb-3ff1ce43250d@group-74E9893F5999-FollowerState was interrupted: java.lang.InterruptedException: sleep interrupted
2019-10-17 05:56:56,154 [grpc-default-executor-5] INFO  impl.RoleInfo (RoleInfo.java:shutdownFollowerState(121)) - 8c36b79a-da60-43d4-9d42-baae689ad199: shutdown FollowerState
2019-10-17 05:56:56,163 [Thread-396] INFO  impl.FollowerState (FollowerState.java:run(117)) - 8c36b79a-da60-43d4-9d42-baae689ad199@group-74E9893F5999-FollowerState was interrupted: java.lang.InterruptedException: sleep interrupted
2019-10-17 05:56:56,163 [grpc-default-executor-5] INFO  impl.RoleInfo (RoleInfo.java:updateAndGet(143)) - 8c36b79a-da60-43d4-9d42-baae689ad199: start FollowerState
2019-10-17 05:56:56,167 [grpc-default-executor-1] INFO  impl.FollowerInfo (FollowerInfo.java:lambda$new$0(51)) - b282f9e2-3bd4-452e-9c35-1adeacc39134@group-0D1055093416->3ce2c7b7-3df7-42de-af28-9ba1d65ea84e: nextIndex: updateUnconditionally 0 -> 0
2019-10-17 05:56:56,169 [Thread-400] INFO  impl.FollowerState (FollowerState.java:run(108)) - d4bb136b-e602-4c0a-8f86-2462710659b1@group-7066FE0FC203-FollowerState: change to CANDIDATE, lastRpcTime:72ms, electionTimeout:71ms
2019-10-17 05:56:56,169 [Thread-400] INFO  impl.RoleInfo (RoleInfo.java:shutdownFollowerState(121)) - d4bb136b-e602-4c0a-8f86-2462710659b1: shutdown FollowerState
2019-10-17 05:56:56,170 [Thread-400] INFO  impl.RaftServerImpl (RaftServerImpl.java:setRole(184)) - d4bb136b-e602-4c0a-8f86-2462710659b1@group-7066FE0FC203: changes role from  FOLLOWER to CANDIDATE at term 0 for changeToCandidate
2019-10-17 05:56:56,170 [Thread-400] INFO  impl.RoleInfo (RoleInfo.java:updateAndGet(143)) - d4bb136b-e602-4c0a-8f86-2462710659b1: start LeaderElection
2019-10-17 05:56:56,170 [grpc-default-executor-0] INFO  impl.FollowerInfo (FollowerInfo.java:lambda$new$0(51)) - b282f9e2-3bd4-452e-9c35-1adeacc39134@group-0D1055093416->9f06b4c9-079f-4989-8935-c6be59ddc82e: nextIndex: updateUnconditionally 0 -> 0
2019-10-17 05:56:56,175 [9f06b4c9-079f-4989-8935-c6be59ddc82e@group-0D1055093416-LeaderElection14] INFO  impl.LeaderElection (LeaderElection.java:logAndReturn(56)) - 9f06b4c9-079f-4989-8935-c6be59ddc82e@group-0D1055093416-LeaderElection14: Election REJECTED; received 2 response(s) [9f06b4c9-079f-4989-8935-c6be59ddc82e<-b282f9e2-3bd4-452e-9c35-1adeacc39134#0:FAIL-t5, 9f06b4c9-079f-4989-8935-c6be59ddc82e<-3ce2c7b7-3df7-42de-af28-9ba1d65ea84e#0:FAIL-t5] and 0 exception(s); 9f06b4c9-079f-4989-8935-c6be59ddc82e@group-0D1055093416:t5, leader=null, voted=9f06b4c9-079f-4989-8935-c6be59ddc82e, raftlog=9f06b4c9-079f-4989-8935-c6be59ddc82e@group-0D1055093416-SegmentedRaftLog:OPENED:c-1,f-1,i0, conf=-1: [9f06b4c9-079f-4989-8935-c6be59ddc82e:192.168.69.82:36391, b282f9e2-3bd4-452e-9c35-1adeacc39134:192.168.69.82:42567, 3ce2c7b7-3df7-42de-af28-9ba1d65ea84e:192.168.69.82:35388], old=null
2019-10-17 05:56:56,175 [9f06b4c9-079f-4989-8935-c6be59ddc82e@group-0D1055093416-LeaderElection14] INFO  impl.RaftServerImpl (RaftServerImpl.java:setRole(184)) - 9f06b4c9-079f-4989-8935-c6be59ddc82e@group-0D1055093416: changes role from CANDIDATE to FOLLOWER at term 5 for DISCOVERED_A_NEW_TERM
2019-10-17 05:56:56,175 [9f06b4c9-079f-4989-8935-c6be59ddc82e@group-0D1055093416-LeaderElection14] INFO  impl.RoleInfo (RoleInfo.java:shutdownLeaderElection(134)) - 9f06b4c9-079f-4989-8935-c6be59ddc82e: shutdown LeaderElection
2019-10-17 05:56:56,179 [9f06b4c9-079f-4989-8935-c6be59ddc82e@group-0D1055093416-LeaderElection14] INFO  impl.RoleInfo (RoleInfo.java:updateAndGet(143)) - 9f06b4c9-079f-4989-8935-c6be59ddc82e: start FollowerState
2019-10-17 05:56:56,182 [b5f12832-4a97-45e3-9503-a5cba48636cf@group-74E9893F5999-LeaderElection17] INFO  impl.LeaderElection (LeaderElection.java:logAndReturn(56)) - b5f12832-4a97-45e3-9503-a5cba48636cf@group-74E9893F5999-LeaderElection17: Election PASSED; received 1 response(s) [b5f12832-4a97-45e3-9503-a5cba48636cf<-8c36b79a-da60-43d4-9d42-baae689ad199#0:OK-t3] and 0 exception(s); b5f12832-4a97-45e3-9503-a5cba48636cf@group-74E9893F5999:t3, leader=null, voted=b5f12832-4a97-45e3-9503-a5cba48636cf, raftlog=b5f12832-4a97-45e3-9503-a5cba48636cf@group-74E9893F5999-SegmentedRaftLog:OPENED:c-1,f-1,i0, conf=-1: [b5f12832-4a97-45e3-9503-a5cba48636cf:192.168.69.82:34934, 596a1247-d4fb-4568-97fb-3ff1ce43250d:192.168.69.82:37061, 8c36b79a-da60-43d4-9d42-baae689ad199:192.168.69.82:45199], old=null
2019-10-17 05:56:56,184 [Thread-413] INFO  impl.FollowerState (FollowerState.java:run(108)) - 596a1247-d4fb-4568-97fb-3ff1ce43250d@group-74E9893F5999-FollowerState: change to CANDIDATE, lastRpcTime:29ms, electionTimeout:29ms
2019-10-17 05:56:56,184 [b5f12832-4a97-45e3-9503-a5cba48636cf@group-74E9893F5999-LeaderElection17] INFO  impl.RoleInfo (RoleInfo.java:shutdownLeaderElection(134)) - b5f12832-4a97-45e3-9503-a5cba48636cf: shutdown LeaderElection
2019-10-17 05:56:56,184 [Thread-413] INFO  impl.RoleInfo (RoleInfo.java:shutdownFollowerState(121)) - 596a1247-d4fb-4568-97fb-3ff1ce43250d: shutdown FollowerState
2019-10-17 05:56:56,188 [b5f12832-4a97-45e3-9503-a5cba48636cf@group-74E9893F5999-LeaderElection17] INFO  impl.RaftServerImpl (RaftServerImpl.java:setRole(184)) - b5f12832-4a97-45e3-9503-a5cba48636cf@group-74E9893F5999: changes role from CANDIDATE to LEADER at term 3 for changeToLeader
2019-10-17 05:56:56,189 [b5f12832-4a97-45e3-9503-a5cba48636cf@group-74E9893F5999-LeaderElection17] INFO  impl.RaftServerImpl (ServerState.java:setLeader(256)) - b5f12832-4a97-45e3-9503-a5cba48636cf@group-74E9893F5999: change Leader from null to b5f12832-4a97-45e3-9503-a5cba48636cf at term 3 for becomeLeader, leader elected after 442ms
2019-10-17 05:56:56,189 [Thread-413] INFO  impl.RaftServerImpl (RaftServerImpl.java:setRole(184)) - 596a1247-d4fb-4568-97fb-3ff1ce43250d@group-74E9893F5999: changes role from  FOLLOWER to CANDIDATE at term 3 for changeToCandidate
2019-10-17 05:56:56,189 [RatisPipelineUtilsThread] INFO  pipeline.PipelineStateManager (PipelineStateManager.java:addPipeline(56)) - Created pipeline Pipeline[ Id: 41395877-a154-41d7-8da2-7066fe0fc203, Nodes: d4bb136b-e602-4c0a-8f86-2462710659b1{ip: 192.168.69.82, host: pr-hdds-2286-c5gnx-3944588690, networkLocation: /default-rack, certSerialId: null}194f2ff6-41c6-4f9d-98fd-e63bb60a2475{ip: 192.168.69.82, host: pr-hdds-2286-c5gnx-3944588690, networkLocation: /default-rack, certSerialId: null}0716e483-2373-428e-a917-ee7c73d3521d{ip: 192.168.69.82, host: pr-hdds-2286-c5gnx-3944588690, networkLocation: /default-rack, certSerialId: null}, Type:RATIS, Factor:THREE, State:OPEN]
2019-10-17 05:56:56,189 [b5f12832-4a97-45e3-9503-a5cba48636cf@group-74E9893F5999-LeaderElection17] INFO  server.RaftServerConfigKeys (ConfUtils.java:logGet(43)) - raft.server.staging.catchup.gap = 1000 (default)
2019-10-17 05:56:56,199 [Thread-413] INFO  impl.RoleInfo (RoleInfo.java:updateAndGet(143)) - 596a1247-d4fb-4568-97fb-3ff1ce43250d: start LeaderElection
2019-10-17 05:56:56,199 [d4bb136b-e602-4c0a-8f86-2462710659b1@group-7066FE0FC203-LeaderElection19] INFO  impl.LeaderElection (LeaderElection.java:askForVotes(178)) - d4bb136b-e602-4c0a-8f86-2462710659b1@group-7066FE0FC203-LeaderElection19: begin an election at term 1 for -1: [0716e483-2373-428e-a917-ee7c73d3521d:192.168.69.82:39524, d4bb136b-e602-4c0a-8f86-2462710659b1:192.168.69.82:42071, 194f2ff6-41c6-4f9d-98fd-e63bb60a2475:192.168.69.82:43645], old=null
2019-10-17 05:56:56,201 [b5f12832-4a97-45e3-9503-a5cba48636cf@group-74E9893F5999-LeaderElection17] INFO  server.RaftServerConfigKeys (ConfUtils.java:logGet(43)) - raft.server.rpc.sleep.time = 25ms (default)
2019-10-17 05:56:56,204 [b5f12832-4a97-45e3-9503-a5cba48636cf@group-74E9893F5999-LeaderElection17] INFO  server.RaftServerConfigKeys (ConfUtils.java:logGet(43)) - raft.server.write.element-limit = 4096 (default)
2019-10-17 05:56:56,204 [b5f12832-4a97-45e3-9503-a5cba48636cf@group-74E9893F5999-LeaderElection17] INFO  server.RaftServerConfigKeys (ConfUtils.java:logGet(43)) - raft.server.watch.timeout = 10s (default)
2019-10-17 05:56:56,205 [Thread-416] INFO  impl.FollowerState (FollowerState.java:run(108)) - 9f06b4c9-079f-4989-8935-c6be59ddc82e@group-0D1055093416-FollowerState: change to CANDIDATE, lastRpcTime:26ms, electionTimeout:26ms
2019-10-17 05:56:56,209 [grpc-default-executor-5] INFO  impl.RaftServerImpl (RaftServerImpl.java:setRole(184)) - 0716e483-2373-428e-a917-ee7c73d3521d@group-7066FE0FC203: changes role from  FOLLOWER to FOLLOWER at term 1 for recognizeCandidate:194f2ff6-41c6-4f9d-98fd-e63bb60a2475
2019-10-17 05:56:56,206 [b5f12832-4a97-45e3-9503-a5cba48636cf@group-74E9893F5999-LeaderElection17] INFO  server.RaftServerConfigKeys (ConfUtils.java:logGet(43)) - raft.server.watch.timeout.denomination = 1s (default)
2019-10-17 05:56:56,209 [grpc-default-executor-5] INFO  impl.RoleInfo (RoleInfo.java:shutdownFollowerState(121)) - 0716e483-2373-428e-a917-ee7c73d3521d: shutdown FollowerState
2019-10-17 05:56:56,209 [Thread-416] INFO  impl.RoleInfo (RoleInfo.java:shutdownFollowerState(121)) - 9f06b4c9-079f-4989-8935-c6be59ddc82e: shutdown FollowerState
2019-10-17 05:56:56,211 [Thread-402] INFO  impl.FollowerState (FollowerState.java:run(117)) - 0716e483-2373-428e-a917-ee7c73d3521d@group-7066FE0FC203-FollowerState was interrupted: java.lang.InterruptedException: sleep interrupted
2019-10-17 05:56:56,211 [grpc-default-executor-5] INFO  impl.RoleInfo (RoleInfo.java:updateAndGet(143)) - 0716e483-2373-428e-a917-ee7c73d3521d: start FollowerState
2019-10-17 05:56:56,209 [b5f12832-4a97-45e3-9503-a5cba48636cf@group-74E9893F5999-LeaderElection17] INFO  server.RaftServerConfigKeys (ConfUtils.java:logGet(43)) - raft.server.watch.element-limit = 65536 (default)
2019-10-17 05:56:56,211 [Thread-416] INFO  impl.RaftServerImpl (RaftServerImpl.java:setRole(184)) - 9f06b4c9-079f-4989-8935-c6be59ddc82e@group-0D1055093416: changes role from  FOLLOWER to CANDIDATE at term 5 for changeToCandidate
2019-10-17 05:56:56,214 [Thread-416] INFO  impl.RoleInfo (RoleInfo.java:updateAndGet(143)) - 9f06b4c9-079f-4989-8935-c6be59ddc82e: start LeaderElection
2019-10-17 05:56:56,221 [b5f12832-4a97-45e3-9503-a5cba48636cf@group-74E9893F5999-LeaderElection17] INFO  server.RaftServerConfigKeys (ConfUtils.java:logGet(43)) - raft.server.log.appender.snapshot.chunk.size.max = 16MB (=16777216) (default)
2019-10-17 05:56:56,221 [b5f12832-4a97-45e3-9503-a5cba48636cf@group-74E9893F5999-LeaderElection17] INFO  server.RaftServerConfigKeys (ConfUtils.java:logGet(43)) - raft.server.log.appender.buffer.byte-limit = 33554432 (custom)
2019-10-17 05:56:56,221 [b5f12832-4a97-45e3-9503-a5cba48636cf@group-74E9893F5999-LeaderElection17] INFO  server.RaftServerConfigKeys (ConfUtils.java:logGet(43)) - raft.server.log.appender.buffer.element-limit = 1 (custom)
2019-10-17 05:56:56,221 [b5f12832-4a97-45e3-9503-a5cba48636cf@group-74E9893F5999-LeaderElection17] INFO  grpc.GrpcConfigKeys$Server (ConfUtils.java:logGet(43)) - raft.grpc.server.leader.outstanding.appends.max = 128 (default)
2019-10-17 05:56:56,221 [b5f12832-4a97-45e3-9503-a5cba48636cf@group-74E9893F5999-LeaderElection17] INFO  server.RaftServerConfigKeys (ConfUtils.java:logGet(43)) - raft.server.rpc.request.timeout = 3000ms (default)
2019-10-17 05:56:56,221 [b5f12832-4a97-45e3-9503-a5cba48636cf@group-74E9893F5999-LeaderElection17] INFO  server.RaftServerConfigKeys (ConfUtils.java:logGet(43)) - raft.server.log.appender.install.snapshot.enabled = false (custom)
2019-10-17 05:56:56,226 [9f06b4c9-079f-4989-8935-c6be59ddc82e@group-0D1055093416-LeaderElection21] INFO  impl.LeaderElection (LeaderElection.java:askForVotes(178)) - 9f06b4c9-079f-4989-8935-c6be59ddc82e@group-0D1055093416-LeaderElection21: begin an election at term 6 for -1: [9f06b4c9-079f-4989-8935-c6be59ddc82e:192.168.69.82:36391, b282f9e2-3bd4-452e-9c35-1adeacc39134:192.168.69.82:42567, 3ce2c7b7-3df7-42de-af28-9ba1d65ea84e:192.168.69.82:35388], old=null
2019-10-17 05:56:56,226 [596a1247-d4fb-4568-97fb-3ff1ce43250d@group-74E9893F5999-LeaderElection20] INFO  impl.LeaderElection (LeaderElection.java:askForVotes(178)) - 596a1247-d4fb-4568-97fb-3ff1ce43250d@group-74E9893F5999-LeaderElection20: begin an election at term 4 for -1: [b5f12832-4a97-45e3-9503-a5cba48636cf:192.168.69.82:34934, 596a1247-d4fb-4568-97fb-3ff1ce43250d:192.168.69.82:37061, 8c36b79a-da60-43d4-9d42-baae689ad199:192.168.69.82:45199], old=null
2019-10-17 05:56:56,226 [b5f12832-4a97-45e3-9503-a5cba48636cf@group-74E9893F5999-LeaderElection17] INFO  server.RaftServerConfigKeys (ConfUtils.java:logGet(43)) - raft.server.log.appender.snapshot.chunk.size.max = 16MB (=16777216) (default)
2019-10-17 05:56:56,226 [b5f12832-4a97-45e3-9503-a5cba48636cf@group-74E9893F5999-LeaderElection17] INFO  server.RaftServerConfigKeys (ConfUtils.java:logGet(43)) - raft.server.log.appender.buffer.byte-limit = 33554432 (custom)
2019-10-17 05:56:56,226 [b5f12832-4a97-45e3-9503-a5cba48636cf@group-74E9893F5999-LeaderElection17] INFO  server.RaftServerConfigKeys (ConfUtils.java:logGet(43)) - raft.server.log.appender.buffer.element-limit = 1 (custom)
2019-10-17 05:56:56,226 [b5f12832-4a97-45e3-9503-a5cba48636cf@group-74E9893F5999-LeaderElection17] INFO  grpc.GrpcConfigKeys$Server (ConfUtils.java:logGet(43)) - raft.grpc.server.leader.outstanding.appends.max = 128 (default)
2019-10-17 05:56:56,227 [b5f12832-4a97-45e3-9503-a5cba48636cf@group-74E9893F5999-LeaderElection17] INFO  server.RaftServerConfigKeys (ConfUtils.java:logGet(43)) - raft.server.rpc.request.timeout = 3000ms (default)
2019-10-17 05:56:56,230 [b5f12832-4a97-45e3-9503-a5cba48636cf@group-74E9893F5999-LeaderElection17] INFO  server.RaftServerConfigKeys (ConfUtils.java:logGet(43)) - raft.server.log.appender.install.snapshot.enabled = false (custom)
2019-10-17 05:56:56,231 [194f2ff6-41c6-4f9d-98fd-e63bb60a2475@group-7066FE0FC203-LeaderElection18] INFO  impl.LeaderElection (LeaderElection.java:logAndReturn(56)) - 194f2ff6-41c6-4f9d-98fd-e63bb60a2475@group-7066FE0FC203-LeaderElection18: Election PASSED; received 2 response(s) [194f2ff6-41c6-4f9d-98fd-e63bb60a2475<-0716e483-2373-428e-a917-ee7c73d3521d#0:OK-t1, 194f2ff6-41c6-4f9d-98fd-e63bb60a2475<-d4bb136b-e602-4c0a-8f86-2462710659b1#0:FAIL-t1] and 0 exception(s); 194f2ff6-41c6-4f9d-98fd-e63bb60a2475@group-7066FE0FC203:t1, leader=null, voted=194f2ff6-41c6-4f9d-98fd-e63bb60a2475, raftlog=194f2ff6-41c6-4f9d-98fd-e63bb60a2475@group-7066FE0FC203-SegmentedRaftLog:OPENED:c-1,f-1,i0, conf=-1: [0716e483-2373-428e-a917-ee7c73d3521d:192.168.69.82:39524, d4bb136b-e602-4c0a-8f86-2462710659b1:192.168.69.82:42071, 194f2ff6-41c6-4f9d-98fd-e63bb60a2475:192.168.69.82:43645], old=null
2019-10-17 05:56:56,231 [194f2ff6-41c6-4f9d-98fd-e63bb60a2475@group-7066FE0FC203-LeaderElection18] INFO  impl.RoleInfo (RoleInfo.java:shutdownLeaderElection(134)) - 194f2ff6-41c6-4f9d-98fd-e63bb60a2475: shutdown LeaderElection
2019-10-17 05:56:56,233 [194f2ff6-41c6-4f9d-98fd-e63bb60a2475@group-7066FE0FC203-LeaderElection18] INFO  impl.RaftServerImpl (RaftServerImpl.java:setRole(184)) - 194f2ff6-41c6-4f9d-98fd-e63bb60a2475@group-7066FE0FC203: changes role from CANDIDATE to LEADER at term 1 for changeToLeader
2019-10-17 05:56:56,233 [194f2ff6-41c6-4f9d-98fd-e63bb60a2475@group-7066FE0FC203-LeaderElection18] INFO  impl.RaftServerImpl (ServerState.java:setLeader(256)) - 194f2ff6-41c6-4f9d-98fd-e63bb60a2475@group-7066FE0FC203: change Leader from null to 194f2ff6-41c6-4f9d-98fd-e63bb60a2475 at term 1 for becomeLeader, leader elected after 259ms
2019-10-17 05:56:56,233 [194f2ff6-41c6-4f9d-98fd-e63bb60a2475@group-7066FE0FC203-LeaderElection18] INFO  server.RaftServerConfigKeys (ConfUtils.java:logGet(43)) - raft.server.staging.catchup.gap = 1000 (default)
2019-10-17 05:56:56,233 [194f2ff6-41c6-4f9d-98fd-e63bb60a2475@group-7066FE0FC203-LeaderElection18] INFO  server.RaftServerConfigKeys (ConfUtils.java:logGet(43)) - raft.server.rpc.sleep.time = 25ms (default)
2019-10-17 05:56:56,233 [194f2ff6-41c6-4f9d-98fd-e63bb60a2475@group-7066FE0FC203-LeaderElection18] INFO  server.RaftServerConfigKeys (ConfUtils.java:logGet(43)) - raft.server.write.element-limit = 4096 (default)
2019-10-17 05:56:56,233 [194f2ff6-41c6-4f9d-98fd-e63bb60a2475@group-7066FE0FC203-LeaderElection18] INFO  server.RaftServerConfigKeys (ConfUtils.java:logGet(43)) - raft.server.watch.timeout = 10s (default)
2019-10-17 05:56:56,233 [194f2ff6-41c6-4f9d-98fd-e63bb60a2475@group-7066FE0FC203-LeaderElection18] INFO  server.RaftServerConfigKeys (ConfUtils.java:logGet(43)) - raft.server.watch.timeout.denomination = 1s (default)
2019-10-17 05:56:56,234 [grpc-default-executor-5] INFO  impl.RaftServerImpl (RaftServerImpl.java:setRole(184)) - b282f9e2-3bd4-452e-9c35-1adeacc39134@group-0D1055093416: changes role from  FOLLOWER to FOLLOWER at term 6 for recognizeCandidate:9f06b4c9-079f-4989-8935-c6be59ddc82e
2019-10-17 05:56:56,235 [grpc-default-executor-5] INFO  impl.RoleInfo (RoleInfo.java:shutdownFollowerState(121)) - b282f9e2-3bd4-452e-9c35-1adeacc39134: shutdown FollowerState
2019-10-17 05:56:56,234 [194f2ff6-41c6-4f9d-98fd-e63bb60a2475@group-7066FE0FC203-LeaderElection18] INFO  server.RaftServerConfigKeys (ConfUtils.java:logGet(43)) - raft.server.watch.element-limit = 65536 (default)
2019-10-17 05:56:56,235 [grpc-default-executor-5] INFO  impl.RoleInfo (RoleInfo.java:updateAndGet(143)) - b282f9e2-3bd4-452e-9c35-1adeacc39134: start FollowerState
2019-10-17 05:56:56,235 [Thread-401] INFO  impl.FollowerState (FollowerState.java:run(117)) - b282f9e2-3bd4-452e-9c35-1adeacc39134@group-0D1055093416-FollowerState was interrupted: java.lang.InterruptedException: sleep interrupted
2019-10-17 05:56:56,240 [b5f12832-4a97-45e3-9503-a5cba48636cf@group-74E9893F5999-LeaderElection17] INFO  impl.RoleInfo (RoleInfo.java:updateAndGet(143)) - b5f12832-4a97-45e3-9503-a5cba48636cf: start LeaderState
2019-10-17 05:56:56,242 [b5f12832-4a97-45e3-9503-a5cba48636cf@group-74E9893F5999-LeaderElection17] INFO  segmented.SegmentedRaftLogWorker (SegmentedRaftLogWorker.java:startLogSegment(385)) - b5f12832-4a97-45e3-9503-a5cba48636cf@group-74E9893F5999-SegmentedRaftLogWorker: Starting segment from index:0
2019-10-17 05:56:56,243 [194f2ff6-41c6-4f9d-98fd-e63bb60a2475@group-7066FE0FC203-LeaderElection18] INFO  server.RaftServerConfigKeys (ConfUtils.java:logGet(43)) - raft.server.log.appender.snapshot.chunk.size.max = 16MB (=16777216) (default)
2019-10-17 05:56:56,243 [194f2ff6-41c6-4f9d-98fd-e63bb60a2475@group-7066FE0FC203-LeaderElection18] INFO  server.RaftServerConfigKeys (ConfUtils.java:logGet(43)) - raft.server.log.appender.buffer.byte-limit = 33554432 (custom)
2019-10-17 05:56:56,243 [d4bb136b-e602-4c0a-8f86-2462710659b1@group-7066FE0FC203-LeaderElection19] INFO  impl.LeaderElection (LeaderElection.java:logAndReturn(56)) - d4bb136b-e602-4c0a-8f86-2462710659b1@group-7066FE0FC203-LeaderElection19: Election REJECTED; received 2 response(s) [d4bb136b-e602-4c0a-8f86-2462710659b1<-0716e483-2373-428e-a917-ee7c73d3521d#0:FAIL-t1, d4bb136b-e602-4c0a-8f86-2462710659b1<-194f2ff6-41c6-4f9d-98fd-e63bb60a2475#0:FAIL-t1] and 0 exception(s); d4bb136b-e602-4c0a-8f86-2462710659b1@group-7066FE0FC203:t1, leader=null, voted=d4bb136b-e602-4c0a-8f86-2462710659b1, raftlog=d4bb136b-e602-4c0a-8f86-2462710659b1@group-7066FE0FC203-SegmentedRaftLog:OPENED:c-1,f-1,i0, conf=-1: [0716e483-2373-428e-a917-ee7c73d3521d:192.168.69.82:39524, d4bb136b-e602-4c0a-8f86-2462710659b1:192.168.69.82:42071, 194f2ff6-41c6-4f9d-98fd-e63bb60a2475:192.168.69.82:43645], old=null
2019-10-17 05:56:56,243 [grpc-default-executor-0] INFO  impl.RaftServerImpl (RaftServerImpl.java:setRole(184)) - 3ce2c7b7-3df7-42de-af28-9ba1d65ea84e@group-0D1055093416: changes role from  FOLLOWER to FOLLOWER at term 6 for recognizeCandidate:9f06b4c9-079f-4989-8935-c6be59ddc82e
2019-10-17 05:56:56,243 [194f2ff6-41c6-4f9d-98fd-e63bb60a2475@group-7066FE0FC203-LeaderElection18] INFO  server.RaftServerConfigKeys (ConfUtils.java:logGet(43)) - raft.server.log.appender.buffer.element-limit = 1 (custom)
2019-10-17 05:56:56,283 [d4bb136b-e602-4c0a-8f86-2462710659b1@group-7066FE0FC203-LeaderElection19] INFO  impl.RaftServerImpl (RaftServerImpl.java:setRole(184)) - d4bb136b-e602-4c0a-8f86-2462710659b1@group-7066FE0FC203: changes role from CANDIDATE to FOLLOWER at term 1 for DISCOVERED_A_NEW_TERM
2019-10-17 05:56:56,311 [d4bb136b-e602-4c0a-8f86-2462710659b1@group-7066FE0FC203-LeaderElection19] INFO  impl.RoleInfo (RoleInfo.java:shutdownLeaderElection(134)) - d4bb136b-e602-4c0a-8f86-2462710659b1: shutdown LeaderElection
2019-10-17 05:56:56,287 [b5f12832-4a97-45e3-9503-a5cba48636cf@group-74E9893F5999-LeaderElection17] INFO  impl.RaftServerImpl (ServerState.java:setRaftConf(357)) - b5f12832-4a97-45e3-9503-a5cba48636cf@group-74E9893F5999: set configuration 0: [b5f12832-4a97-45e3-9503-a5cba48636cf:192.168.69.82:34934, 596a1247-d4fb-4568-97fb-3ff1ce43250d:192.168.69.82:37061, 8c36b79a-da60-43d4-9d42-baae689ad199:192.168.69.82:45199], old=null at 0
2019-10-17 05:56:56,287 [596a1247-d4fb-4568-97fb-3ff1ce43250d@group-74E9893F5999-LeaderElection20] INFO  impl.LeaderElection (LeaderElection.java:logAndReturn(56)) - 596a1247-d4fb-4568-97fb-3ff1ce43250d@group-74E9893F5999-LeaderElection20: Election TIMEOUT; received 0 response(s) [] and 0 exception(s); 596a1247-d4fb-4568-97fb-3ff1ce43250d@group-74E9893F5999:t4, leader=null, voted=596a1247-d4fb-4568-97fb-3ff1ce43250d, raftlog=596a1247-d4fb-4568-97fb-3ff1ce43250d@group-74E9893F5999-SegmentedRaftLog:OPENED:c-1,f-1,i0, conf=-1: [b5f12832-4a97-45e3-9503-a5cba48636cf:192.168.69.82:34934, 596a1247-d4fb-4568-97fb-3ff1ce43250d:192.168.69.82:37061, 8c36b79a-da60-43d4-9d42-baae689ad199:192.168.69.82:45199], old=null
2019-10-17 05:56:56,287 [Thread-414] INFO  impl.FollowerState (FollowerState.java:run(108)) - 8c36b79a-da60-43d4-9d42-baae689ad199@group-74E9893F5999-FollowerState: change to CANDIDATE, lastRpcTime:124ms, electionTimeout:88ms
2019-10-17 05:56:56,243 [grpc-default-executor-0] INFO  impl.RoleInfo (RoleInfo.java:shutdownFollowerState(121)) - 3ce2c7b7-3df7-42de-af28-9ba1d65ea84e: shutdown FollowerState
2019-10-17 05:56:56,316 [Thread-414] INFO  impl.RoleInfo (RoleInfo.java:shutdownFollowerState(121)) - 8c36b79a-da60-43d4-9d42-baae689ad199: shutdown FollowerState
2019-10-17 05:56:56,319 [grpc-default-executor-0] INFO  impl.RoleInfo (RoleInfo.java:updateAndGet(143)) - 3ce2c7b7-3df7-42de-af28-9ba1d65ea84e: start FollowerState
2019-10-17 05:56:56,316 [b5f12832-4a97-45e3-9503-a5cba48636cf@group-74E9893F5999-SegmentedRaftLogWorker] INFO  segmented.SegmentedRaftLogWorker (SegmentedRaftLogWorker.java:execute(576)) - b5f12832-4a97-45e3-9503-a5cba48636cf@group-74E9893F5999-SegmentedRaftLogWorker: created new log segment /workdir/hadoop-ozone/integration-test/target/test-dir/MiniOzoneClusterImpl-292a2ff3-4780-4182-bb48-82c20e0e309d/datanode-7/data/ratis/78e6814e-8f4b-48e6-8bf0-74e9893f5999/current/log_inprogress_0
2019-10-17 05:56:56,316 [grpc-default-executor-2] INFO  impl.RaftServerImpl (ServerState.java:setLeader(256)) - b5f12832-4a97-45e3-9503-a5cba48636cf@group-74E9893F5999: change Leader from b5f12832-4a97-45e3-9503-a5cba48636cf to null at term 4 for updateCurrentTerm
2019-10-17 05:56:56,314 [d4bb136b-e602-4c0a-8f86-2462710659b1@group-7066FE0FC203-LeaderElection19] INFO  impl.RoleInfo (RoleInfo.java:updateAndGet(143)) - d4bb136b-e602-4c0a-8f86-2462710659b1: start FollowerState
2019-10-17 05:56:56,313 [Thread-421] INFO  impl.FollowerState (FollowerState.java:run(108)) - 0716e483-2373-428e-a917-ee7c73d3521d@group-7066FE0FC203-FollowerState: change to CANDIDATE, lastRpcTime:102ms, electionTimeout:93ms
2019-10-17 05:56:56,311 [194f2ff6-41c6-4f9d-98fd-e63bb60a2475@group-7066FE0FC203-LeaderElection18] INFO  grpc.GrpcConfigKeys$Server (ConfUtils.java:logGet(43)) - raft.grpc.server.leader.outstanding.appends.max = 128 (default)
2019-10-17 05:56:56,320 [Thread-421] INFO  impl.RoleInfo (RoleInfo.java:shutdownFollowerState(121)) - 0716e483-2373-428e-a917-ee7c73d3521d: shutdown FollowerState
2019-10-17 05:56:56,323 [194f2ff6-41c6-4f9d-98fd-e63bb60a2475@group-7066FE0FC203-LeaderElection18] INFO  server.RaftServerConfigKeys (ConfUtils.java:logGet(43)) - raft.server.rpc.request.timeout = 3000ms (default)
2019-10-17 05:56:56,320 [grpc-default-executor-2] INFO  impl.RaftServerImpl (RaftServerImpl.java:setRole(184)) - b5f12832-4a97-45e3-9503-a5cba48636cf@group-74E9893F5999: changes role from    LEADER to FOLLOWER at term 4 for recognizeCandidate:596a1247-d4fb-4568-97fb-3ff1ce43250d
2019-10-17 05:56:56,319 [Thread-414] INFO  impl.RaftServerImpl (RaftServerImpl.java:setRole(184)) - 8c36b79a-da60-43d4-9d42-baae689ad199@group-74E9893F5999: changes role from  FOLLOWER to CANDIDATE at term 3 for changeToCandidate
2019-10-17 05:56:56,319 [Thread-407] INFO  impl.FollowerState (FollowerState.java:run(117)) - 3ce2c7b7-3df7-42de-af28-9ba1d65ea84e@group-0D1055093416-FollowerState was interrupted: java.lang.InterruptedException: sleep interrupted
2019-10-17 05:56:56,324 [Thread-414] INFO  impl.RoleInfo (RoleInfo.java:updateAndGet(143)) - 8c36b79a-da60-43d4-9d42-baae689ad199: start LeaderElection
2019-10-17 05:56:56,323 [grpc-default-executor-2] INFO  impl.RoleInfo (RoleInfo.java:shutdownLeaderState(104)) - b5f12832-4a97-45e3-9503-a5cba48636cf: shutdown LeaderState
2019-10-17 05:56:56,323 [194f2ff6-41c6-4f9d-98fd-e63bb60a2475@group-7066FE0FC203-LeaderElection18] INFO  server.RaftServerConfigKeys (ConfUtils.java:logGet(43)) - raft.server.log.appender.install.snapshot.enabled = false (custom)
2019-10-17 05:56:56,323 [Thread-421] INFO  impl.RaftServerImpl (RaftServerImpl.java:setRole(184)) - 0716e483-2373-428e-a917-ee7c73d3521d@group-7066FE0FC203: changes role from  FOLLOWER to CANDIDATE at term 1 for changeToCandidate
2019-10-17 05:56:56,331 [org.apache.ratis.server.impl.LogAppender$AppenderDaemon$$Lambda$447/1550530268@1b10a665] WARN  server.GrpcLogAppender (GrpcLogAppender.java:mayWait(149)) - b5f12832-4a97-45e3-9503-a5cba48636cf@group-74E9893F5999->596a1247-d4fb-4568-97fb-3ff1ce43250d-GrpcLogAppender: Wait interrupted by java.lang.InterruptedException
2019-10-17 05:56:56,331 [grpc-default-executor-2] INFO  impl.PendingRequests (PendingRequests.java:sendNotLeaderResponses(202)) - b5f12832-4a97-45e3-9503-a5cba48636cf@group-74E9893F5999-PendingRequests: sendNotLeaderResponses
2019-10-17 05:56:56,331 [org.apache.ratis.server.impl.LogAppender$AppenderDaemon$$Lambda$447/1550530268@2a41dac1] WARN  server.GrpcLogAppender (GrpcLogAppender.java:mayWait(149)) - b5f12832-4a97-45e3-9503-a5cba48636cf@group-74E9893F5999->8c36b79a-da60-43d4-9d42-baae689ad199-GrpcLogAppender: Wait interrupted by java.lang.InterruptedException
2019-10-17 05:56:56,331 [grpc-default-executor-5] INFO  impl.RaftServerImpl (RaftServerImpl.java:setRole(184)) - 8c36b79a-da60-43d4-9d42-baae689ad199@group-74E9893F5999: changes role from CANDIDATE to FOLLOWER at term 3 for appendEntries
2019-10-17 05:56:56,689 [grpc-default-executor-5] INFO  impl.RoleInfo (RoleInfo.java:shutdownLeaderElection(134)) - 8c36b79a-da60-43d4-9d42-baae689ad199: shutdown LeaderElection
2019-10-17 05:56:56,686 [grpc-default-executor-2] INFO  impl.RoleInfo (RoleInfo.java:updateAndGet(143)) - b5f12832-4a97-45e3-9503-a5cba48636cf: start FollowerState
2019-10-17 05:56:56,686 [Thread-283] INFO  container.ReplicationManager (ReplicationManager.java:start(162)) - Starting Replication Monitor Thread.
2019-10-17 05:56:56,670 [9f06b4c9-079f-4989-8935-c6be59ddc82e@group-0D1055093416-LeaderElection21] INFO  impl.LeaderElection (LeaderElection.java:logAndReturn(56)) - 9f06b4c9-079f-4989-8935-c6be59ddc82e@group-0D1055093416-LeaderElection21: Election TIMEOUT; received 1 response(s) [9f06b4c9-079f-4989-8935-c6be59ddc82e<-b282f9e2-3bd4-452e-9c35-1adeacc39134#0:FAIL-t6] and 0 exception(s); 9f06b4c9-079f-4989-8935-c6be59ddc82e@group-0D1055093416:t6, leader=null, voted=9f06b4c9-079f-4989-8935-c6be59ddc82e, raftlog=9f06b4c9-079f-4989-8935-c6be59ddc82e@group-0D1055093416-SegmentedRaftLog:OPENED:c-1,f-1,i0, conf=-1: [9f06b4c9-079f-4989-8935-c6be59ddc82e:192.168.69.82:36391, b282f9e2-3bd4-452e-9c35-1adeacc39134:192.168.69.82:42567, 3ce2c7b7-3df7-42de-af28-9ba1d65ea84e:192.168.69.82:35388], old=null
2019-10-17 05:56:56,668 [Thread-432] INFO  impl.FollowerState (FollowerState.java:run(108)) - d4bb136b-e602-4c0a-8f86-2462710659b1@group-7066FE0FC203-FollowerState: change to CANDIDATE, lastRpcTime:353ms, electionTimeout:135ms
2019-10-17 05:56:56,334 [Thread-421] INFO  impl.RoleInfo (RoleInfo.java:updateAndGet(143)) - 0716e483-2373-428e-a917-ee7c73d3521d: start LeaderElection
2019-10-17 05:56:56,334 [596a1247-d4fb-4568-97fb-3ff1ce43250d@group-74E9893F5999-LeaderElection20] INFO  impl.LeaderElection (LeaderElection.java:askForVotes(178)) - 596a1247-d4fb-4568-97fb-3ff1ce43250d@group-74E9893F5999-LeaderElection20: begin an election at term 5 for -1: [b5f12832-4a97-45e3-9503-a5cba48636cf:192.168.69.82:34934, 596a1247-d4fb-4568-97fb-3ff1ce43250d:192.168.69.82:37061, 8c36b79a-da60-43d4-9d42-baae689ad199:192.168.69.82:45199], old=null
2019-10-17 05:56:56,692 [grpc-default-executor-0] INFO  server.GrpcServerProtocolService (GrpcServerProtocolService.java:onCompleted(113)) - 596a1247-d4fb-4568-97fb-3ff1ce43250d: Completed APPEND_ENTRIES, lastRequest: b5f12832-4a97-45e3-9503-a5cba48636cf->596a1247-d4fb-4568-97fb-3ff1ce43250d#0-t3, previous=(t:0, i:0), leaderCommit=-1, initializing? false, entries: <empty>
2019-10-17 05:56:56,692 [Thread-432] INFO  impl.RoleInfo (RoleInfo.java:shutdownFollowerState(121)) - d4bb136b-e602-4c0a-8f86-2462710659b1: shutdown FollowerState
2019-10-17 05:56:56,689 [grpc-default-executor-5] INFO  impl.RoleInfo (RoleInfo.java:updateAndGet(143)) - 8c36b79a-da60-43d4-9d42-baae689ad199: start FollowerState
2019-10-17 05:56:56,699 [Thread-432] INFO  impl.RaftServerImpl (RaftServerImpl.java:setRole(184)) - d4bb136b-e602-4c0a-8f86-2462710659b1@group-7066FE0FC203: changes role from  FOLLOWER to CANDIDATE at term 1 for changeToCandidate
2019-10-17 05:56:56,699 [grpc-default-executor-5] INFO  impl.RaftServerImpl (ServerState.java:setLeader(256)) - 8c36b79a-da60-43d4-9d42-baae689ad199@group-74E9893F5999: change Leader from null to b5f12832-4a97-45e3-9503-a5cba48636cf at term 3 for appendEntries, leader elected after 952ms
2019-10-17 05:56:56,701 [Thread-432] INFO  impl.RoleInfo (RoleInfo.java:updateAndGet(143)) - d4bb136b-e602-4c0a-8f86-2462710659b1: start LeaderElection
2019-10-17 05:56:56,702 [grpc-default-executor-7] INFO  impl.RaftServerImpl (ServerState.java:setLeader(256)) - 8c36b79a-da60-43d4-9d42-baae689ad199@group-74E9893F5999: change Leader from b5f12832-4a97-45e3-9503-a5cba48636cf to null at term 4 for updateCurrentTerm
2019-10-17 05:56:56,704 [grpc-default-executor-7] INFO  impl.RaftServerImpl (RaftServerImpl.java:setRole(184)) - 8c36b79a-da60-43d4-9d42-baae689ad199@group-74E9893F5999: changes role from  FOLLOWER to FOLLOWER at term 4 for recognizeCandidate:596a1247-d4fb-4568-97fb-3ff1ce43250d
2019-10-17 05:56:56,704 [grpc-default-executor-7] INFO  impl.RoleInfo (RoleInfo.java:shutdownFollowerState(121)) - 8c36b79a-da60-43d4-9d42-baae689ad199: shutdown FollowerState
2019-10-17 05:56:56,704 [grpc-default-executor-7] INFO  impl.RoleInfo (RoleInfo.java:updateAndGet(143)) - 8c36b79a-da60-43d4-9d42-baae689ad199: start FollowerState
2019-10-17 05:56:56,704 [Thread-439] INFO  impl.FollowerState (FollowerState.java:run(117)) - 8c36b79a-da60-43d4-9d42-baae689ad199@group-74E9893F5999-FollowerState was interrupted: java.lang.InterruptedException: sleep interrupted
2019-10-17 05:56:56,707 [ReplicationMonitor] INFO  container.ReplicationManager (ReplicationManager.java:run(225)) - Replication Monitor Thread took 3 milliseconds for processing 0 containers.
2019-10-17 05:56:56,720 [9f06b4c9-079f-4989-8935-c6be59ddc82e@group-0D1055093416-LeaderElection21] INFO  impl.LeaderElection (LeaderElection.java:askForVotes(178)) - 9f06b4c9-079f-4989-8935-c6be59ddc82e@group-0D1055093416-LeaderElection21: begin an election at term 7 for -1: [9f06b4c9-079f-4989-8935-c6be59ddc82e:192.168.69.82:36391, b282f9e2-3bd4-452e-9c35-1adeacc39134:192.168.69.82:42567, 3ce2c7b7-3df7-42de-af28-9ba1d65ea84e:192.168.69.82:35388], old=null
2019-10-17 05:56:56,734 [grpc-default-executor-0] INFO  impl.RaftServerImpl (RaftServerImpl.java:setRole(184)) - b5f12832-4a97-45e3-9503-a5cba48636cf@group-74E9893F5999: changes role from  FOLLOWER to FOLLOWER at term 5 for recognizeCandidate:596a1247-d4fb-4568-97fb-3ff1ce43250d
2019-10-17 05:56:56,735 [grpc-default-executor-0] INFO  impl.RoleInfo (RoleInfo.java:shutdownFollowerState(121)) - b5f12832-4a97-45e3-9503-a5cba48636cf: shutdown FollowerState
2019-10-17 05:56:56,735 [grpc-default-executor-6] INFO  impl.RaftServerImpl (RaftServerImpl.java:setRole(184)) - 8c36b79a-da60-43d4-9d42-baae689ad199@group-74E9893F5999: changes role from  FOLLOWER to FOLLOWER at term 5 for recognizeCandidate:596a1247-d4fb-4568-97fb-3ff1ce43250d
2019-10-17 05:56:56,735 [Thread-438] INFO  impl.FollowerState (FollowerState.java:run(117)) - b5f12832-4a97-45e3-9503-a5cba48636cf@group-74E9893F5999-FollowerState was interrupted: java.lang.InterruptedException: sleep interrupted
2019-10-17 05:56:56,735 [d4bb136b-e602-4c0a-8f86-2462710659b1@group-7066FE0FC203-LeaderElection24] INFO  impl.LeaderElection (LeaderElection.java:askForVotes(178)) - d4bb136b-e602-4c0a-8f86-2462710659b1@group-7066FE0FC203-LeaderElection24: begin an election at term 2 for -1: [0716e483-2373-428e-a917-ee7c73d3521d:192.168.69.82:39524, d4bb136b-e602-4c0a-8f86-2462710659b1:192.168.69.82:42071, 194f2ff6-41c6-4f9d-98fd-e63bb60a2475:192.168.69.82:43645], old=null
2019-10-17 05:56:56,735 [grpc-default-executor-6] INFO  impl.RoleInfo (RoleInfo.java:shutdownFollowerState(121)) - 8c36b79a-da60-43d4-9d42-baae689ad199: shutdown FollowerState
2019-10-17 05:56:56,735 [0716e483-2373-428e-a917-ee7c73d3521d@group-7066FE0FC203-LeaderElection23] INFO  impl.LeaderElection (LeaderElection.java:askForVotes(178)) - 0716e483-2373-428e-a917-ee7c73d3521d@group-7066FE0FC203-LeaderElection23: begin an election at term 2 for -1: [0716e483-2373-428e-a917-ee7c73d3521d:192.168.69.82:39524, d4bb136b-e602-4c0a-8f86-2462710659b1:192.168.69.82:42071, 194f2ff6-41c6-4f9d-98fd-e63bb60a2475:192.168.69.82:43645], old=null
2019-10-17 05:56:56,735 [grpc-default-executor-0] INFO  impl.RoleInfo (RoleInfo.java:updateAndGet(143)) - b5f12832-4a97-45e3-9503-a5cba48636cf: start FollowerState
2019-10-17 05:56:56,741 [grpc-default-executor-6] INFO  impl.RoleInfo (RoleInfo.java:updateAndGet(143)) - 8c36b79a-da60-43d4-9d42-baae689ad199: start FollowerState
2019-10-17 05:56:56,741 [Thread-444] INFO  impl.FollowerState (FollowerState.java:run(117)) - 8c36b79a-da60-43d4-9d42-baae689ad199@group-74E9893F5999-FollowerState was interrupted: java.lang.InterruptedException: sleep interrupted
2019-10-17 05:56:56,738 [grpc-default-executor-5] INFO  server.GrpcServerProtocolService (GrpcServerProtocolService.java:onCompleted(113)) - 8c36b79a-da60-43d4-9d42-baae689ad199: Completed APPEND_ENTRIES, lastRequest: b5f12832-4a97-45e3-9503-a5cba48636cf->8c36b79a-da60-43d4-9d42-baae689ad199#0-t3, previous=(t:0, i:0), leaderCommit=-1, initializing? false, entries: <empty>
2019-10-17 05:56:56,751 [grpc-default-executor-4] INFO  impl.RaftServerImpl (RaftServerImpl.java:setRole(184)) - b282f9e2-3bd4-452e-9c35-1adeacc39134@group-0D1055093416: changes role from  FOLLOWER to FOLLOWER at term 7 for recognizeCandidate:9f06b4c9-079f-4989-8935-c6be59ddc82e
2019-10-17 05:56:56,751 [grpc-default-executor-4] INFO  impl.RoleInfo (RoleInfo.java:shutdownFollowerState(121)) - b282f9e2-3bd4-452e-9c35-1adeacc39134: shutdown FollowerState
2019-10-17 05:56:56,752 [grpc-default-executor-4] INFO  impl.RoleInfo (RoleInfo.java:updateAndGet(143)) - b282f9e2-3bd4-452e-9c35-1adeacc39134: start FollowerState
2019-10-17 05:56:56,752 [Thread-430] INFO  impl.FollowerState (FollowerState.java:run(117)) - b282f9e2-3bd4-452e-9c35-1adeacc39134@group-0D1055093416-FollowerState was interrupted: java.lang.InterruptedException: sleep interrupted
2019-10-17 05:56:56,754 [grpc-default-executor-7] INFO  impl.RaftServerImpl (RaftServerImpl.java:setRole(184)) - 3ce2c7b7-3df7-42de-af28-9ba1d65ea84e@group-0D1055093416: changes role from  FOLLOWER to FOLLOWER at term 7 for recognizeCandidate:9f06b4c9-079f-4989-8935-c6be59ddc82e
2019-10-17 05:56:56,754 [grpc-default-executor-3] INFO  server.GrpcLogAppender (GrpcLogAppender.java:onCompleted(308)) - b5f12832-4a97-45e3-9503-a5cba48636cf@group-74E9893F5999->8c36b79a-da60-43d4-9d42-baae689ad199-AppendLogResponseHandler: follower responses appendEntries COMPLETED
2019-10-17 05:56:56,754 [grpc-default-executor-7] INFO  impl.RoleInfo (RoleInfo.java:shutdownFollowerState(121)) - 3ce2c7b7-3df7-42de-af28-9ba1d65ea84e: shutdown FollowerState
2019-10-17 05:56:56,758 [grpc-default-executor-1] INFO  server.GrpcLogAppender (GrpcLogAppender.java:onCompleted(308)) - b5f12832-4a97-45e3-9503-a5cba48636cf@group-74E9893F5999->596a1247-d4fb-4568-97fb-3ff1ce43250d-AppendLogResponseHandler: follower responses appendEntries COMPLETED
2019-10-17 05:56:56,768 [596a1247-d4fb-4568-97fb-3ff1ce43250d@group-74E9893F5999-LeaderElection20] INFO  impl.LeaderElection (LeaderElection.java:logAndReturn(56)) - 596a1247-d4fb-4568-97fb-3ff1ce43250d@group-74E9893F5999-LeaderElection20: Election TIMEOUT; received 1 response(s) [596a1247-d4fb-4568-97fb-3ff1ce43250d<-b5f12832-4a97-45e3-9503-a5cba48636cf#0:FAIL-t5] and 0 exception(s); 596a1247-d4fb-4568-97fb-3ff1ce43250d@group-74E9893F5999:t5, leader=null, voted=596a1247-d4fb-4568-97fb-3ff1ce43250d, raftlog=596a1247-d4fb-4568-97fb-3ff1ce43250d@group-74E9893F5999-SegmentedRaftLog:OPENED:c-1,f-1,i0, conf=-1: [b5f12832-4a97-45e3-9503-a5cba48636cf:192.168.69.82:34934, 596a1247-d4fb-4568-97fb-3ff1ce43250d:192.168.69.82:37061, 8c36b79a-da60-43d4-9d42-baae689ad199:192.168.69.82:45199], old=null
2019-10-17 05:56:56,771 [8c36b79a-da60-43d4-9d42-baae689ad199@group-74E9893F5999-LeaderElection22] INFO  impl.LeaderElection (LeaderElection.java:askForVotes(178)) - 8c36b79a-da60-43d4-9d42-baae689ad199@group-74E9893F5999-LeaderElection22: begin an election at term 6 for -1: [b5f12832-4a97-45e3-9503-a5cba48636cf:192.168.69.82:34934, 596a1247-d4fb-4568-97fb-3ff1ce43250d:192.168.69.82:37061, 8c36b79a-da60-43d4-9d42-baae689ad199:192.168.69.82:45199], old=null
2019-10-17 05:56:56,788 [Thread-434] INFO  impl.FollowerState (FollowerState.java:run(117)) - 3ce2c7b7-3df7-42de-af28-9ba1d65ea84e@group-0D1055093416-FollowerState was interrupted: java.lang.InterruptedException: sleep interrupted
2019-10-17 05:56:56,798 [8c36b79a-da60-43d4-9d42-baae689ad199@group-74E9893F5999-LeaderElection22] INFO  impl.LeaderElection (LeaderElection.java:logAndReturn(56)) - 8c36b79a-da60-43d4-9d42-baae689ad199@group-74E9893F5999-LeaderElection22: Election REJECTED; received 0 response(s) [] and 0 exception(s); 8c36b79a-da60-43d4-9d42-baae689ad199@group-74E9893F5999:t6, leader=null, voted=8c36b79a-da60-43d4-9d42-baae689ad199, raftlog=8c36b79a-da60-43d4-9d42-baae689ad199@group-74E9893F5999-SegmentedRaftLog:OPENED:c-1,f-1,i0, conf=-1: [b5f12832-4a97-45e3-9503-a5cba48636cf:192.168.69.82:34934, 596a1247-d4fb-4568-97fb-3ff1ce43250d:192.168.69.82:37061, 8c36b79a-da60-43d4-9d42-baae689ad199:192.168.69.82:45199], old=null
2019-10-17 05:56:56,801 [grpc-default-executor-7] INFO  impl.RoleInfo (RoleInfo.java:updateAndGet(143)) - 3ce2c7b7-3df7-42de-af28-9ba1d65ea84e: start FollowerState
2019-10-17 05:56:56,809 [grpc-default-executor-3] INFO  impl.FollowerInfo (FollowerInfo.java:lambda$new$0(51)) - b5f12832-4a97-45e3-9503-a5cba48636cf@group-74E9893F5999->8c36b79a-da60-43d4-9d42-baae689ad199: nextIndex: updateUnconditionally 0 -> 0
2019-10-17 05:56:56,822 [596a1247-d4fb-4568-97fb-3ff1ce43250d@group-74E9893F5999-LeaderElection20] INFO  impl.LeaderElection (LeaderElection.java:askForVotes(178)) - 596a1247-d4fb-4568-97fb-3ff1ce43250d@group-74E9893F5999-LeaderElection20: begin an election at term 6 for -1: [b5f12832-4a97-45e3-9503-a5cba48636cf:192.168.69.82:34934, 596a1247-d4fb-4568-97fb-3ff1ce43250d:192.168.69.82:37061, 8c36b79a-da60-43d4-9d42-baae689ad199:192.168.69.82:45199], old=null
2019-10-17 05:56:56,822 [grpc-default-executor-1] INFO  impl.FollowerInfo (FollowerInfo.java:lambda$new$0(51)) - b5f12832-4a97-45e3-9503-a5cba48636cf@group-74E9893F5999->596a1247-d4fb-4568-97fb-3ff1ce43250d: nextIndex: updateUnconditionally 0 -> 0
2019-10-17 05:56:56,842 [grpc-default-executor-7] INFO  impl.RaftServerImpl (RaftServerImpl.java:setRole(184)) - b5f12832-4a97-45e3-9503-a5cba48636cf@group-74E9893F5999: changes role from  FOLLOWER to FOLLOWER at term 6 for recognizeCandidate:596a1247-d4fb-4568-97fb-3ff1ce43250d
2019-10-17 05:56:56,843 [grpc-default-executor-7] INFO  impl.RoleInfo (RoleInfo.java:shutdownFollowerState(121)) - b5f12832-4a97-45e3-9503-a5cba48636cf: shutdown FollowerState
2019-10-17 05:56:56,866 [Thread-448] INFO  impl.FollowerState (FollowerState.java:run(117)) - b5f12832-4a97-45e3-9503-a5cba48636cf@group-74E9893F5999-FollowerState was interrupted: java.lang.InterruptedException: sleep interrupted
2019-10-17 05:56:56,867 [grpc-default-executor-7] INFO  impl.RoleInfo (RoleInfo.java:updateAndGet(143)) - b5f12832-4a97-45e3-9503-a5cba48636cf: start FollowerState
2019-10-17 05:56:56,895 [grpc-default-executor-6] INFO  impl.RaftServerImpl (RaftServerImpl.java:setRole(184)) - b5f12832-4a97-45e3-9503-a5cba48636cf@group-74E9893F5999: changes role from  FOLLOWER to FOLLOWER at term 6 for recognizeCandidate:8c36b79a-da60-43d4-9d42-baae689ad199
2019-10-17 05:56:56,896 [grpc-default-executor-6] INFO  impl.RoleInfo (RoleInfo.java:shutdownFollowerState(121)) - b5f12832-4a97-45e3-9503-a5cba48636cf: shutdown FollowerState
2019-10-17 05:56:56,897 [9f06b4c9-079f-4989-8935-c6be59ddc82e@group-0D1055093416-LeaderElection21] INFO  impl.LeaderElection (LeaderElection.java:logAndReturn(56)) - 9f06b4c9-079f-4989-8935-c6be59ddc82e@group-0D1055093416-LeaderElection21: Election REJECTED; received 2 response(s) [9f06b4c9-079f-4989-8935-c6be59ddc82e<-b282f9e2-3bd4-452e-9c35-1adeacc39134#0:FAIL-t7, 9f06b4c9-079f-4989-8935-c6be59ddc82e<-3ce2c7b7-3df7-42de-af28-9ba1d65ea84e#0:FAIL-t7] and 0 exception(s); 9f06b4c9-079f-4989-8935-c6be59ddc82e@group-0D1055093416:t7, leader=null, voted=9f06b4c9-079f-4989-8935-c6be59ddc82e, raftlog=9f06b4c9-079f-4989-8935-c6be59ddc82e@group-0D1055093416-SegmentedRaftLog:OPENED:c-1,f-1,i0, conf=-1: [9f06b4c9-079f-4989-8935-c6be59ddc82e:192.168.69.82:36391, b282f9e2-3bd4-452e-9c35-1adeacc39134:192.168.69.82:42567, 3ce2c7b7-3df7-42de-af28-9ba1d65ea84e:192.168.69.82:35388], old=null
2019-10-17 05:56:56,900 [0716e483-2373-428e-a917-ee7c73d3521d@group-7066FE0FC203-LeaderElection23] INFO  impl.LeaderElection (LeaderElection.java:logAndReturn(56)) - 0716e483-2373-428e-a917-ee7c73d3521d@group-7066FE0FC203-LeaderElection23: Election TIMEOUT; received 0 response(s) [] and 0 exception(s); 0716e483-2373-428e-a917-ee7c73d3521d@group-7066FE0FC203:t2, leader=null, voted=0716e483-2373-428e-a917-ee7c73d3521d, raftlog=0716e483-2373-428e-a917-ee7c73d3521d@group-7066FE0FC203-SegmentedRaftLog:OPENED:c-1,f-1,i0, conf=-1: [0716e483-2373-428e-a917-ee7c73d3521d:192.168.69.82:39524, d4bb136b-e602-4c0a-8f86-2462710659b1:192.168.69.82:42071, 194f2ff6-41c6-4f9d-98fd-e63bb60a2475:192.168.69.82:43645], old=null
2019-10-17 05:56:56,901 [596a1247-d4fb-4568-97fb-3ff1ce43250d@group-74E9893F5999-LeaderElection20] INFO  impl.LeaderElection (LeaderElection.java:logAndReturn(56)) - 596a1247-d4fb-4568-97fb-3ff1ce43250d@group-74E9893F5999-LeaderElection20: Election REJECTED; received 2 response(s) [596a1247-d4fb-4568-97fb-3ff1ce43250d<-b5f12832-4a97-45e3-9503-a5cba48636cf#0:FAIL-t6, 596a1247-d4fb-4568-97fb-3ff1ce43250d<-8c36b79a-da60-43d4-9d42-baae689ad199#0:FAIL-t6] and 0 exception(s); 596a1247-d4fb-4568-97fb-3ff1ce43250d@group-74E9893F5999:t6, leader=null, voted=596a1247-d4fb-4568-97fb-3ff1ce43250d, raftlog=596a1247-d4fb-4568-97fb-3ff1ce43250d@group-74E9893F5999-SegmentedRaftLog:OPENED:c-1,f-1,i0, conf=-1: [b5f12832-4a97-45e3-9503-a5cba48636cf:192.168.69.82:34934, 596a1247-d4fb-4568-97fb-3ff1ce43250d:192.168.69.82:37061, 8c36b79a-da60-43d4-9d42-baae689ad199:192.168.69.82:45199], old=null
2019-10-17 05:56:56,930 [grpc-default-executor-6] INFO  impl.RoleInfo (RoleInfo.java:updateAndGet(143)) - b5f12832-4a97-45e3-9503-a5cba48636cf: start FollowerState
2019-10-17 05:56:56,930 [9f06b4c9-079f-4989-8935-c6be59ddc82e@group-0D1055093416-LeaderElection21] INFO  impl.RaftServerImpl (RaftServerImpl.java:setRole(184)) - 9f06b4c9-079f-4989-8935-c6be59ddc82e@group-0D1055093416: changes role from CANDIDATE to FOLLOWER at term 7 for DISCOVERED_A_NEW_TERM
2019-10-17 05:56:56,939 [9f06b4c9-079f-4989-8935-c6be59ddc82e@group-0D1055093416-LeaderElection21] INFO  impl.RoleInfo (RoleInfo.java:shutdownLeaderElection(134)) - 9f06b4c9-079f-4989-8935-c6be59ddc82e: shutdown LeaderElection
2019-10-17 05:56:56,930 [Thread-460] INFO  impl.FollowerState (FollowerState.java:run(117)) - b5f12832-4a97-45e3-9503-a5cba48636cf@group-74E9893F5999-FollowerState was interrupted: java.lang.InterruptedException: sleep interrupted
2019-10-17 05:56:56,939 [9f06b4c9-079f-4989-8935-c6be59ddc82e@group-0D1055093416-LeaderElection21] INFO  impl.RoleInfo (RoleInfo.java:updateAndGet(143)) - 9f06b4c9-079f-4989-8935-c6be59ddc82e: start FollowerState
2019-10-17 05:56:56,937 [596a1247-d4fb-4568-97fb-3ff1ce43250d@group-74E9893F5999-LeaderElection20] INFO  impl.RaftServerImpl (RaftServerImpl.java:setRole(184)) - 596a1247-d4fb-4568-97fb-3ff1ce43250d@group-74E9893F5999: changes role from CANDIDATE to FOLLOWER at term 6 for DISCOVERED_A_NEW_TERM
2019-10-17 05:56:56,940 [596a1247-d4fb-4568-97fb-3ff1ce43250d@group-74E9893F5999-LeaderElection20] INFO  impl.RoleInfo (RoleInfo.java:shutdownLeaderElection(134)) - 596a1247-d4fb-4568-97fb-3ff1ce43250d: shutdown LeaderElection
2019-10-17 05:56:56,940 [596a1247-d4fb-4568-97fb-3ff1ce43250d@group-74E9893F5999-LeaderElection20] INFO  impl.RoleInfo (RoleInfo.java:updateAndGet(143)) - 596a1247-d4fb-4568-97fb-3ff1ce43250d: start FollowerState
2019-10-17 05:56:56,949 [d4bb136b-e602-4c0a-8f86-2462710659b1@group-7066FE0FC203-LeaderElection24] INFO  impl.LeaderElection (LeaderElection.java:logAndReturn(56)) - d4bb136b-e602-4c0a-8f86-2462710659b1@group-7066FE0FC203-LeaderElection24: Election TIMEOUT; received 1 response(s) [d4bb136b-e602-4c0a-8f86-2462710659b1<-0716e483-2373-428e-a917-ee7c73d3521d#0:FAIL-t2] and 0 exception(s); d4bb136b-e602-4c0a-8f86-2462710659b1@group-7066FE0FC203:t2, leader=null, voted=d4bb136b-e602-4c0a-8f86-2462710659b1, raftlog=d4bb136b-e602-4c0a-8f86-2462710659b1@group-7066FE0FC203-SegmentedRaftLog:OPENED:c-1,f-1,i0, conf=-1: [0716e483-2373-428e-a917-ee7c73d3521d:192.168.69.82:39524, d4bb136b-e602-4c0a-8f86-2462710659b1:192.168.69.82:42071, 194f2ff6-41c6-4f9d-98fd-e63bb60a2475:192.168.69.82:43645], old=null
2019-10-17 05:56:56,953 [0716e483-2373-428e-a917-ee7c73d3521d@group-7066FE0FC203-LeaderElection23] INFO  impl.LeaderElection (LeaderElection.java:askForVotes(178)) - 0716e483-2373-428e-a917-ee7c73d3521d@group-7066FE0FC203-LeaderElection23: begin an election at term 3 for -1: [0716e483-2373-428e-a917-ee7c73d3521d:192.168.69.82:39524, d4bb136b-e602-4c0a-8f86-2462710659b1:192.168.69.82:42071, 194f2ff6-41c6-4f9d-98fd-e63bb60a2475:192.168.69.82:43645], old=null
2019-10-17 05:56:56,985 [Thread-463] INFO  impl.FollowerState (FollowerState.java:run(108)) - 9f06b4c9-079f-4989-8935-c6be59ddc82e@group-0D1055093416-FollowerState: change to CANDIDATE, lastRpcTime:45ms, electionTimeout:44ms
2019-10-17 05:56:56,986 [Thread-463] INFO  impl.RoleInfo (RoleInfo.java:shutdownFollowerState(121)) - 9f06b4c9-079f-4989-8935-c6be59ddc82e: shutdown FollowerState
2019-10-17 05:56:56,986 [Thread-463] INFO  impl.RaftServerImpl (RaftServerImpl.java:setRole(184)) - 9f06b4c9-079f-4989-8935-c6be59ddc82e@group-0D1055093416: changes role from  FOLLOWER to CANDIDATE at term 7 for changeToCandidate
2019-10-17 05:56:56,987 [Thread-463] INFO  impl.RoleInfo (RoleInfo.java:updateAndGet(143)) - 9f06b4c9-079f-4989-8935-c6be59ddc82e: start LeaderElection
2019-10-17 05:56:56,994 [main] INFO  rpc.RpcClient (RpcClient.java:createVolume(272)) - Creating Volume: datanodefailurehandlingtest, with jenkins1000 as owner.
2019-10-17 05:56:57,000 [9f06b4c9-079f-4989-8935-c6be59ddc82e@group-0D1055093416-LeaderElection25] INFO  impl.LeaderElection (LeaderElection.java:askForVotes(178)) - 9f06b4c9-079f-4989-8935-c6be59ddc82e@group-0D1055093416-LeaderElection25: begin an election at term 8 for -1: [9f06b4c9-079f-4989-8935-c6be59ddc82e:192.168.69.82:36391, b282f9e2-3bd4-452e-9c35-1adeacc39134:192.168.69.82:42567, 3ce2c7b7-3df7-42de-af28-9ba1d65ea84e:192.168.69.82:35388], old=null
2019-10-17 05:56:57,000 [d4bb136b-e602-4c0a-8f86-2462710659b1@group-7066FE0FC203-LeaderElection24] INFO  impl.LeaderElection (LeaderElection.java:askForVotes(178)) - d4bb136b-e602-4c0a-8f86-2462710659b1@group-7066FE0FC203-LeaderElection24: begin an election at term 3 for -1: [0716e483-2373-428e-a917-ee7c73d3521d:192.168.69.82:39524, d4bb136b-e602-4c0a-8f86-2462710659b1:192.168.69.82:42071, 194f2ff6-41c6-4f9d-98fd-e63bb60a2475:192.168.69.82:43645], old=null
2019-10-17 05:56:57,022 [grpc-default-executor-3] INFO  impl.RaftServerImpl (RaftServerImpl.java:setRole(184)) - b282f9e2-3bd4-452e-9c35-1adeacc39134@group-0D1055093416: changes role from  FOLLOWER to FOLLOWER at term 8 for recognizeCandidate:9f06b4c9-079f-4989-8935-c6be59ddc82e
2019-10-17 05:56:57,022 [grpc-default-executor-3] INFO  impl.RoleInfo (RoleInfo.java:shutdownFollowerState(121)) - b282f9e2-3bd4-452e-9c35-1adeacc39134: shutdown FollowerState
2019-10-17 05:56:57,046 [Thread-454] INFO  impl.FollowerState (FollowerState.java:run(117)) - b282f9e2-3bd4-452e-9c35-1adeacc39134@group-0D1055093416-FollowerState was interrupted: java.lang.InterruptedException: sleep interrupted
2019-10-17 05:56:57,046 [grpc-default-executor-3] INFO  impl.RoleInfo (RoleInfo.java:updateAndGet(143)) - b282f9e2-3bd4-452e-9c35-1adeacc39134: start FollowerState
2019-10-17 05:56:57,051 [grpc-default-executor-4] INFO  impl.RaftServerImpl (RaftServerImpl.java:setRole(184)) - 3ce2c7b7-3df7-42de-af28-9ba1d65ea84e@group-0D1055093416: changes role from  FOLLOWER to FOLLOWER at term 8 for recognizeCandidate:9f06b4c9-079f-4989-8935-c6be59ddc82e
2019-10-17 05:56:57,051 [grpc-default-executor-4] INFO  impl.RoleInfo (RoleInfo.java:shutdownFollowerState(121)) - 3ce2c7b7-3df7-42de-af28-9ba1d65ea84e: shutdown FollowerState
2019-10-17 05:56:57,056 [Thread-464] INFO  impl.FollowerState (FollowerState.java:run(108)) - 596a1247-d4fb-4568-97fb-3ff1ce43250d@group-74E9893F5999-FollowerState: change to CANDIDATE, lastRpcTime:115ms, electionTimeout:115ms
2019-10-17 05:56:57,056 [Thread-464] INFO  impl.RoleInfo (RoleInfo.java:shutdownFollowerState(121)) - 596a1247-d4fb-4568-97fb-3ff1ce43250d: shutdown FollowerState
2019-10-17 05:56:57,056 [Thread-464] INFO  impl.RaftServerImpl (RaftServerImpl.java:setRole(184)) - 596a1247-d4fb-4568-97fb-3ff1ce43250d@group-74E9893F5999: changes role from  FOLLOWER to CANDIDATE at term 6 for changeToCandidate
2019-10-17 05:56:57,064 [0716e483-2373-428e-a917-ee7c73d3521d@group-7066FE0FC203-LeaderElection23] INFO  impl.LeaderElection (LeaderElection.java:logAndReturn(56)) - 0716e483-2373-428e-a917-ee7c73d3521d@group-7066FE0FC203-LeaderElection23: Election TIMEOUT; received 1 response(s) [0716e483-2373-428e-a917-ee7c73d3521d<-d4bb136b-e602-4c0a-8f86-2462710659b1#0:FAIL-t3] and 0 exception(s); 0716e483-2373-428e-a917-ee7c73d3521d@group-7066FE0FC203:t3, leader=null, voted=0716e483-2373-428e-a917-ee7c73d3521d, raftlog=0716e483-2373-428e-a917-ee7c73d3521d@group-7066FE0FC203-SegmentedRaftLog:OPENED:c-1,f-1,i0, conf=-1: [0716e483-2373-428e-a917-ee7c73d3521d:192.168.69.82:39524, d4bb136b-e602-4c0a-8f86-2462710659b1:192.168.69.82:42071, 194f2ff6-41c6-4f9d-98fd-e63bb60a2475:192.168.69.82:43645], old=null
2019-10-17 05:56:57,083 [Thread-464] INFO  impl.RoleInfo (RoleInfo.java:updateAndGet(143)) - 596a1247-d4fb-4568-97fb-3ff1ce43250d: start LeaderElection
2019-10-17 05:56:57,083 [Thread-457] INFO  impl.FollowerState (FollowerState.java:run(117)) - 3ce2c7b7-3df7-42de-af28-9ba1d65ea84e@group-0D1055093416-FollowerState was interrupted: java.lang.InterruptedException: sleep interrupted
2019-10-17 05:56:57,085 [grpc-default-executor-4] INFO  impl.RoleInfo (RoleInfo.java:updateAndGet(143)) - 3ce2c7b7-3df7-42de-af28-9ba1d65ea84e: start FollowerState
2019-10-17 05:56:57,099 [0716e483-2373-428e-a917-ee7c73d3521d@group-7066FE0FC203-LeaderElection23] INFO  impl.LeaderElection (LeaderElection.java:askForVotes(178)) - 0716e483-2373-428e-a917-ee7c73d3521d@group-7066FE0FC203-LeaderElection23: begin an election at term 4 for -1: [0716e483-2373-428e-a917-ee7c73d3521d:192.168.69.82:39524, d4bb136b-e602-4c0a-8f86-2462710659b1:192.168.69.82:42071, 194f2ff6-41c6-4f9d-98fd-e63bb60a2475:192.168.69.82:43645], old=null
2019-10-17 05:56:57,100 [596a1247-d4fb-4568-97fb-3ff1ce43250d@group-74E9893F5999-LeaderElection26] INFO  impl.LeaderElection (LeaderElection.java:askForVotes(178)) - 596a1247-d4fb-4568-97fb-3ff1ce43250d@group-74E9893F5999-LeaderElection26: begin an election at term 7 for -1: [b5f12832-4a97-45e3-9503-a5cba48636cf:192.168.69.82:34934, 596a1247-d4fb-4568-97fb-3ff1ce43250d:192.168.69.82:37061, 8c36b79a-da60-43d4-9d42-baae689ad199:192.168.69.82:45199], old=null
2019-10-17 05:56:57,102 [9f06b4c9-079f-4989-8935-c6be59ddc82e@group-0D1055093416-LeaderElection25] INFO  impl.LeaderElection (LeaderElection.java:logAndReturn(56)) - 9f06b4c9-079f-4989-8935-c6be59ddc82e@group-0D1055093416-LeaderElection25: Election REJECTED; received 2 response(s) [9f06b4c9-079f-4989-8935-c6be59ddc82e<-b282f9e2-3bd4-452e-9c35-1adeacc39134#0:FAIL-t8, 9f06b4c9-079f-4989-8935-c6be59ddc82e<-3ce2c7b7-3df7-42de-af28-9ba1d65ea84e#0:FAIL-t8] and 0 exception(s); 9f06b4c9-079f-4989-8935-c6be59ddc82e@group-0D1055093416:t8, leader=null, voted=9f06b4c9-079f-4989-8935-c6be59ddc82e, raftlog=9f06b4c9-079f-4989-8935-c6be59ddc82e@group-0D1055093416-SegmentedRaftLog:OPENED:c-1,f-1,i0, conf=-1: [9f06b4c9-079f-4989-8935-c6be59ddc82e:192.168.69.82:36391, b282f9e2-3bd4-452e-9c35-1adeacc39134:192.168.69.82:42567, 3ce2c7b7-3df7-42de-af28-9ba1d65ea84e:192.168.69.82:35388], old=null
2019-10-17 05:56:57,105 [d4bb136b-e602-4c0a-8f86-2462710659b1@group-7066FE0FC203-LeaderElection24] INFO  impl.LeaderElection (LeaderElection.java:logAndReturn(56)) - d4bb136b-e602-4c0a-8f86-2462710659b1@group-7066FE0FC203-LeaderElection24: Election TIMEOUT; received 1 response(s) [d4bb136b-e602-4c0a-8f86-2462710659b1<-0716e483-2373-428e-a917-ee7c73d3521d#0:FAIL-t3] and 0 exception(s); d4bb136b-e602-4c0a-8f86-2462710659b1@group-7066FE0FC203:t3, leader=null, voted=d4bb136b-e602-4c0a-8f86-2462710659b1, raftlog=d4bb136b-e602-4c0a-8f86-2462710659b1@group-7066FE0FC203-SegmentedRaftLog:OPENED:c-1,f-1,i0, conf=-1: [0716e483-2373-428e-a917-ee7c73d3521d:192.168.69.82:39524, d4bb136b-e602-4c0a-8f86-2462710659b1:192.168.69.82:42071, 194f2ff6-41c6-4f9d-98fd-e63bb60a2475:192.168.69.82:43645], old=null
2019-10-17 05:56:57,114 [IPC Server handler 15 on 45181] INFO  volume.OMVolumeCreateRequest (OMVolumeCreateRequest.java:validateAndUpdateCache(193)) - created volume:datanodefailurehandlingtest for user:jenkins1000
2019-10-17 05:56:57,121 [9f06b4c9-079f-4989-8935-c6be59ddc82e@group-0D1055093416-LeaderElection25] INFO  impl.RaftServerImpl (RaftServerImpl.java:setRole(184)) - 9f06b4c9-079f-4989-8935-c6be59ddc82e@group-0D1055093416: changes role from CANDIDATE to FOLLOWER at term 8 for DISCOVERED_A_NEW_TERM
2019-10-17 05:56:57,123 [9f06b4c9-079f-4989-8935-c6be59ddc82e@group-0D1055093416-LeaderElection25] INFO  impl.RoleInfo (RoleInfo.java:shutdownLeaderElection(134)) - 9f06b4c9-079f-4989-8935-c6be59ddc82e: shutdown LeaderElection
2019-10-17 05:56:57,123 [9f06b4c9-079f-4989-8935-c6be59ddc82e@group-0D1055093416-LeaderElection25] INFO  impl.RoleInfo (RoleInfo.java:updateAndGet(143)) - 9f06b4c9-079f-4989-8935-c6be59ddc82e: start FollowerState
2019-10-17 05:56:57,124 [596a1247-d4fb-4568-97fb-3ff1ce43250d@group-74E9893F5999-LeaderElection26] INFO  impl.LeaderElection (LeaderElection.java:logAndReturn(56)) - 596a1247-d4fb-4568-97fb-3ff1ce43250d@group-74E9893F5999-LeaderElection26: Election TIMEOUT; received 0 response(s) [] and 0 exception(s); 596a1247-d4fb-4568-97fb-3ff1ce43250d@group-74E9893F5999:t7, leader=null, voted=596a1247-d4fb-4568-97fb-3ff1ce43250d, raftlog=596a1247-d4fb-4568-97fb-3ff1ce43250d@group-74E9893F5999-SegmentedRaftLog:OPENED:c-1,f-1,i0, conf=-1: [b5f12832-4a97-45e3-9503-a5cba48636cf:192.168.69.82:34934, 596a1247-d4fb-4568-97fb-3ff1ce43250d:192.168.69.82:37061, 8c36b79a-da60-43d4-9d42-baae689ad199:192.168.69.82:45199], old=null
2019-10-17 05:56:57,128 [grpc-default-executor-4] INFO  impl.RaftServerImpl (RaftServerImpl.java:setRole(184)) - b5f12832-4a97-45e3-9503-a5cba48636cf@group-74E9893F5999: changes role from  FOLLOWER to FOLLOWER at term 7 for recognizeCandidate:596a1247-d4fb-4568-97fb-3ff1ce43250d
2019-10-17 05:56:57,128 [grpc-default-executor-4] INFO  impl.RoleInfo (RoleInfo.java:shutdownFollowerState(121)) - b5f12832-4a97-45e3-9503-a5cba48636cf: shutdown FollowerState
2019-10-17 05:56:57,137 [596a1247-d4fb-4568-97fb-3ff1ce43250d@group-74E9893F5999-LeaderElection26] INFO  impl.LeaderElection (LeaderElection.java:askForVotes(178)) - 596a1247-d4fb-4568-97fb-3ff1ce43250d@group-74E9893F5999-LeaderElection26: begin an election at term 8 for -1: [b5f12832-4a97-45e3-9503-a5cba48636cf:192.168.69.82:34934, 596a1247-d4fb-4568-97fb-3ff1ce43250d:192.168.69.82:37061, 8c36b79a-da60-43d4-9d42-baae689ad199:192.168.69.82:45199], old=null
2019-10-17 05:56:57,154 [grpc-default-executor-4] INFO  impl.RoleInfo (RoleInfo.java:updateAndGet(143)) - b5f12832-4a97-45e3-9503-a5cba48636cf: start FollowerState
2019-10-17 05:56:57,137 [d4bb136b-e602-4c0a-8f86-2462710659b1@group-7066FE0FC203-LeaderElection24] INFO  impl.LeaderElection (LeaderElection.java:askForVotes(178)) - d4bb136b-e602-4c0a-8f86-2462710659b1@group-7066FE0FC203-LeaderElection24: begin an election at term 4 for -1: [0716e483-2373-428e-a917-ee7c73d3521d:192.168.69.82:39524, d4bb136b-e602-4c0a-8f86-2462710659b1:192.168.69.82:42071, 194f2ff6-41c6-4f9d-98fd-e63bb60a2475:192.168.69.82:43645], old=null
2019-10-17 05:56:57,154 [Thread-461] INFO  impl.FollowerState (FollowerState.java:run(117)) - b5f12832-4a97-45e3-9503-a5cba48636cf@group-74E9893F5999-FollowerState was interrupted: java.lang.InterruptedException: sleep interrupted
2019-10-17 05:56:57,159 [grpc-default-executor-0] INFO  impl.RaftServerImpl (RaftServerImpl.java:setRole(184)) - 8c36b79a-da60-43d4-9d42-baae689ad199@group-74E9893F5999: changes role from  FOLLOWER to FOLLOWER at term 7 for recognizeCandidate:596a1247-d4fb-4568-97fb-3ff1ce43250d
2019-10-17 05:56:57,159 [grpc-default-executor-0] INFO  impl.RoleInfo (RoleInfo.java:shutdownFollowerState(121)) - 8c36b79a-da60-43d4-9d42-baae689ad199: shutdown FollowerState
2019-10-17 05:56:57,187 [Thread-450] INFO  impl.FollowerState (FollowerState.java:run(117)) - 8c36b79a-da60-43d4-9d42-baae689ad199@group-74E9893F5999-FollowerState was interrupted: java.lang.InterruptedException: sleep interrupted
2019-10-17 05:56:57,187 [grpc-default-executor-0] INFO  impl.RoleInfo (RoleInfo.java:updateAndGet(143)) - 8c36b79a-da60-43d4-9d42-baae689ad199: start FollowerState
2019-10-17 05:56:57,187 [596a1247-d4fb-4568-97fb-3ff1ce43250d@group-74E9893F5999-LeaderElection26] INFO  impl.LeaderElection (LeaderElection.java:logAndReturn(56)) - 596a1247-d4fb-4568-97fb-3ff1ce43250d@group-74E9893F5999-LeaderElection26: Election TIMEOUT; received 0 response(s) [] and 0 exception(s); 596a1247-d4fb-4568-97fb-3ff1ce43250d@group-74E9893F5999:t8, leader=null, voted=596a1247-d4fb-4568-97fb-3ff1ce43250d, raftlog=596a1247-d4fb-4568-97fb-3ff1ce43250d@group-74E9893F5999-SegmentedRaftLog:OPENED:c-1,f-1,i0, conf=-1: [b5f12832-4a97-45e3-9503-a5cba48636cf:192.168.69.82:34934, 596a1247-d4fb-4568-97fb-3ff1ce43250d:192.168.69.82:37061, 8c36b79a-da60-43d4-9d42-baae689ad199:192.168.69.82:45199], old=null
2019-10-17 05:56:57,202 [596a1247-d4fb-4568-97fb-3ff1ce43250d@group-74E9893F5999-LeaderElection26] INFO  impl.LeaderElection (LeaderElection.java:askForVotes(178)) - 596a1247-d4fb-4568-97fb-3ff1ce43250d@group-74E9893F5999-LeaderElection26: begin an election at term 9 for -1: [b5f12832-4a97-45e3-9503-a5cba48636cf:192.168.69.82:34934, 596a1247-d4fb-4568-97fb-3ff1ce43250d:192.168.69.82:37061, 8c36b79a-da60-43d4-9d42-baae689ad199:192.168.69.82:45199], old=null
2019-10-17 05:56:57,222 [grpc-default-executor-8] INFO  impl.RaftServerImpl (RaftServerImpl.java:setRole(184)) - b5f12832-4a97-45e3-9503-a5cba48636cf@group-74E9893F5999: changes role from  FOLLOWER to FOLLOWER at term 8 for recognizeCandidate:596a1247-d4fb-4568-97fb-3ff1ce43250d
2019-10-17 05:56:57,224 [grpc-default-executor-8] INFO  impl.RoleInfo (RoleInfo.java:shutdownFollowerState(121)) - b5f12832-4a97-45e3-9503-a5cba48636cf: shutdown FollowerState
2019-10-17 05:56:57,224 [grpc-default-executor-8] INFO  impl.RoleInfo (RoleInfo.java:updateAndGet(143)) - b5f12832-4a97-45e3-9503-a5cba48636cf: start FollowerState
2019-10-17 05:56:57,224 [Thread-480] INFO  impl.FollowerState (FollowerState.java:run(117)) - b5f12832-4a97-45e3-9503-a5cba48636cf@group-74E9893F5999-FollowerState was interrupted: java.lang.InterruptedException: sleep interrupted
2019-10-17 05:56:57,225 [grpc-default-executor-9] INFO  impl.RaftServerImpl (RaftServerImpl.java:setRole(184)) - 8c36b79a-da60-43d4-9d42-baae689ad199@group-74E9893F5999: changes role from  FOLLOWER to FOLLOWER at term 8 for recognizeCandidate:596a1247-d4fb-4568-97fb-3ff1ce43250d
2019-10-17 05:56:57,225 [grpc-default-executor-9] INFO  impl.RoleInfo (RoleInfo.java:shutdownFollowerState(121)) - 8c36b79a-da60-43d4-9d42-baae689ad199: shutdown FollowerState
2019-10-17 05:56:57,229 [grpc-default-executor-9] INFO  impl.RoleInfo (RoleInfo.java:updateAndGet(143)) - 8c36b79a-da60-43d4-9d42-baae689ad199: start FollowerState
2019-10-17 05:56:57,229 [Thread-485] INFO  impl.FollowerState (FollowerState.java:run(117)) - 8c36b79a-da60-43d4-9d42-baae689ad199@group-74E9893F5999-FollowerState was interrupted: java.lang.InterruptedException: sleep interrupted
2019-10-17 05:56:57,244 [d4bb136b-e602-4c0a-8f86-2462710659b1@group-7066FE0FC203-LeaderElection24] INFO  impl.LeaderElection (LeaderElection.java:logAndReturn(56)) - d4bb136b-e602-4c0a-8f86-2462710659b1@group-7066FE0FC203-LeaderElection24: Election TIMEOUT; received 0 response(s) [] and 0 exception(s); d4bb136b-e602-4c0a-8f86-2462710659b1@group-7066FE0FC203:t4, leader=null, voted=d4bb136b-e602-4c0a-8f86-2462710659b1, raftlog=d4bb136b-e602-4c0a-8f86-2462710659b1@group-7066FE0FC203-SegmentedRaftLog:OPENED:c-1,f-1,i0, conf=-1: [0716e483-2373-428e-a917-ee7c73d3521d:192.168.69.82:39524, d4bb136b-e602-4c0a-8f86-2462710659b1:192.168.69.82:42071, 194f2ff6-41c6-4f9d-98fd-e63bb60a2475:192.168.69.82:43645], old=null
2019-10-17 05:56:57,245 [grpc-default-executor-8] INFO  impl.RaftServerImpl (RaftServerImpl.java:setRole(184)) - b5f12832-4a97-45e3-9503-a5cba48636cf@group-74E9893F5999: changes role from  FOLLOWER to FOLLOWER at term 9 for recognizeCandidate:596a1247-d4fb-4568-97fb-3ff1ce43250d
2019-10-17 05:56:57,245 [grpc-default-executor-8] INFO  impl.RoleInfo (RoleInfo.java:shutdownFollowerState(121)) - b5f12832-4a97-45e3-9503-a5cba48636cf: shutdown FollowerState
2019-10-17 05:56:57,245 [Thread-488] INFO  impl.FollowerState (FollowerState.java:run(117)) - b5f12832-4a97-45e3-9503-a5cba48636cf@group-74E9893F5999-FollowerState was interrupted: java.lang.InterruptedException: sleep interrupted
2019-10-17 05:56:57,245 [grpc-default-executor-8] INFO  impl.RoleInfo (RoleInfo.java:updateAndGet(143)) - b5f12832-4a97-45e3-9503-a5cba48636cf: start FollowerState
2019-10-17 05:56:57,250 [Timer for 'StorageContainerManager' metrics system] INFO  lib.Interns (Interns.java:removeEldestEntry(50)) - Metrics intern cache overflow at 2011 for MetricsSystem={MetricsSystem=MetricsInfoImpl{name=MetricsSystem, description=MetricsSystem}, MetricsSystem record=MetricsInfoImpl{name=MetricsSystem, description=MetricsSystem record}}
2019-10-17 05:56:57,250 [main] INFO  rpc.RpcClient (RpcClient.java:createBucket(411)) - Creating Bucket: datanodefailurehandlingtest/datanodefailurehandlingtest, with Versioning false and Storage Type set to DISK and Encryption set to false 
2019-10-17 05:56:57,256 [194f2ff6-41c6-4f9d-98fd-e63bb60a2475@group-7066FE0FC203-LeaderElection18] INFO  server.RaftServerConfigKeys (ConfUtils.java:logGet(43)) - raft.server.log.appender.snapshot.chunk.size.max = 16MB (=16777216) (default)
2019-10-17 05:56:57,256 [194f2ff6-41c6-4f9d-98fd-e63bb60a2475@group-7066FE0FC203-LeaderElection18] INFO  server.RaftServerConfigKeys (ConfUtils.java:logGet(43)) - raft.server.log.appender.buffer.byte-limit = 33554432 (custom)
2019-10-17 05:56:57,256 [194f2ff6-41c6-4f9d-98fd-e63bb60a2475@group-7066FE0FC203-LeaderElection18] INFO  server.RaftServerConfigKeys (ConfUtils.java:logGet(43)) - raft.server.log.appender.buffer.element-limit = 1 (custom)
2019-10-17 05:56:57,256 [194f2ff6-41c6-4f9d-98fd-e63bb60a2475@group-7066FE0FC203-LeaderElection18] INFO  grpc.GrpcConfigKeys$Server (ConfUtils.java:logGet(43)) - raft.grpc.server.leader.outstanding.appends.max = 128 (default)
2019-10-17 05:56:57,257 [194f2ff6-41c6-4f9d-98fd-e63bb60a2475@group-7066FE0FC203-LeaderElection18] INFO  server.RaftServerConfigKeys (ConfUtils.java:logGet(43)) - raft.server.rpc.request.timeout = 3000ms (default)
2019-10-17 05:56:57,257 [194f2ff6-41c6-4f9d-98fd-e63bb60a2475@group-7066FE0FC203-LeaderElection18] INFO  server.RaftServerConfigKeys (ConfUtils.java:logGet(43)) - raft.server.log.appender.install.snapshot.enabled = false (custom)
2019-10-17 05:56:57,257 [d4bb136b-e602-4c0a-8f86-2462710659b1@group-7066FE0FC203-LeaderElection24] INFO  impl.LeaderElection (LeaderElection.java:askForVotes(178)) - d4bb136b-e602-4c0a-8f86-2462710659b1@group-7066FE0FC203-LeaderElection24: begin an election at term 5 for -1: [0716e483-2373-428e-a917-ee7c73d3521d:192.168.69.82:39524, d4bb136b-e602-4c0a-8f86-2462710659b1:192.168.69.82:42071, 194f2ff6-41c6-4f9d-98fd-e63bb60a2475:192.168.69.82:43645], old=null
2019-10-17 05:56:57,257 [grpc-default-executor-0] INFO  impl.RaftServerImpl (RaftServerImpl.java:setRole(184)) - 8c36b79a-da60-43d4-9d42-baae689ad199@group-74E9893F5999: changes role from  FOLLOWER to FOLLOWER at term 9 for recognizeCandidate:596a1247-d4fb-4568-97fb-3ff1ce43250d
2019-10-17 05:56:57,257 [grpc-default-executor-0] INFO  impl.RoleInfo (RoleInfo.java:shutdownFollowerState(121)) - 8c36b79a-da60-43d4-9d42-baae689ad199: shutdown FollowerState
2019-10-17 05:56:57,257 [Thread-489] INFO  impl.FollowerState (FollowerState.java:run(117)) - 8c36b79a-da60-43d4-9d42-baae689ad199@group-74E9893F5999-FollowerState was interrupted: java.lang.InterruptedException: sleep interrupted
2019-10-17 05:56:57,257 [grpc-default-executor-0] INFO  impl.RoleInfo (RoleInfo.java:updateAndGet(143)) - 8c36b79a-da60-43d4-9d42-baae689ad199: start FollowerState
2019-10-17 05:56:57,260 [194f2ff6-41c6-4f9d-98fd-e63bb60a2475@group-7066FE0FC203-LeaderElection18] INFO  impl.RoleInfo (RoleInfo.java:updateAndGet(143)) - 194f2ff6-41c6-4f9d-98fd-e63bb60a2475: start LeaderState
2019-10-17 05:56:57,260 [grpc-default-executor-8] INFO  impl.RaftServerImpl (RaftServerImpl.java:setRole(184)) - 0716e483-2373-428e-a917-ee7c73d3521d@group-7066FE0FC203: changes role from CANDIDATE to FOLLOWER at term 5 for recognizeCandidate:d4bb136b-e602-4c0a-8f86-2462710659b1
2019-10-17 05:56:57,260 [194f2ff6-41c6-4f9d-98fd-e63bb60a2475@group-7066FE0FC203-LeaderElection18] INFO  segmented.SegmentedRaftLogWorker (SegmentedRaftLogWorker.java:startLogSegment(385)) - 194f2ff6-41c6-4f9d-98fd-e63bb60a2475@group-7066FE0FC203-SegmentedRaftLogWorker: Starting segment from index:0
2019-10-17 05:56:57,260 [grpc-default-executor-8] INFO  impl.RoleInfo (RoleInfo.java:shutdownLeaderElection(134)) - 0716e483-2373-428e-a917-ee7c73d3521d: shutdown LeaderElection
2019-10-17 05:56:57,263 [grpc-default-executor-8] INFO  impl.RoleInfo (RoleInfo.java:updateAndGet(143)) - 0716e483-2373-428e-a917-ee7c73d3521d: start FollowerState
2019-10-17 05:56:57,263 [194f2ff6-41c6-4f9d-98fd-e63bb60a2475@group-7066FE0FC203-LeaderElection18] INFO  impl.RaftServerImpl (ServerState.java:setRaftConf(357)) - 194f2ff6-41c6-4f9d-98fd-e63bb60a2475@group-7066FE0FC203: set configuration 0: [0716e483-2373-428e-a917-ee7c73d3521d:192.168.69.82:39524, d4bb136b-e602-4c0a-8f86-2462710659b1:192.168.69.82:42071, 194f2ff6-41c6-4f9d-98fd-e63bb60a2475:192.168.69.82:43645], old=null at 0
2019-10-17 05:56:57,264 [grpc-default-executor-9] INFO  impl.RaftServerImpl (ServerState.java:setLeader(256)) - 194f2ff6-41c6-4f9d-98fd-e63bb60a2475@group-7066FE0FC203: change Leader from 194f2ff6-41c6-4f9d-98fd-e63bb60a2475 to null at term 5 for updateCurrentTerm
2019-10-17 05:56:57,264 [grpc-default-executor-9] INFO  impl.RaftServerImpl (RaftServerImpl.java:setRole(184)) - 194f2ff6-41c6-4f9d-98fd-e63bb60a2475@group-7066FE0FC203: changes role from    LEADER to FOLLOWER at term 5 for recognizeCandidate:d4bb136b-e602-4c0a-8f86-2462710659b1
2019-10-17 05:56:57,264 [grpc-default-executor-9] INFO  impl.RoleInfo (RoleInfo.java:shutdownLeaderState(104)) - 194f2ff6-41c6-4f9d-98fd-e63bb60a2475: shutdown LeaderState
2019-10-17 05:56:57,294 [grpc-default-executor-9] INFO  impl.PendingRequests (PendingRequests.java:sendNotLeaderResponses(202)) - 194f2ff6-41c6-4f9d-98fd-e63bb60a2475@group-7066FE0FC203-PendingRequests: sendNotLeaderResponses
2019-10-17 05:56:57,294 [0716e483-2373-428e-a917-ee7c73d3521d@group-7066FE0FC203-LeaderElection23] INFO  impl.LeaderElection (LeaderElection.java:logAndReturn(56)) - 0716e483-2373-428e-a917-ee7c73d3521d@group-7066FE0FC203-LeaderElection23: Election REJECTED; received 1 response(s) [0716e483-2373-428e-a917-ee7c73d3521d<-d4bb136b-e602-4c0a-8f86-2462710659b1#0:FAIL-t4] and 0 exception(s); 0716e483-2373-428e-a917-ee7c73d3521d@group-7066FE0FC203:t5, leader=null, voted=null, raftlog=0716e483-2373-428e-a917-ee7c73d3521d@group-7066FE0FC203-SegmentedRaftLog:OPENED:c-1,f-1,i0, conf=-1: [0716e483-2373-428e-a917-ee7c73d3521d:192.168.69.82:39524, d4bb136b-e602-4c0a-8f86-2462710659b1:192.168.69.82:42071, 194f2ff6-41c6-4f9d-98fd-e63bb60a2475:192.168.69.82:43645], old=null
2019-10-17 05:56:57,297 [grpc-default-executor-9] INFO  impl.RoleInfo (RoleInfo.java:updateAndGet(143)) - 194f2ff6-41c6-4f9d-98fd-e63bb60a2475: start FollowerState
2019-10-17 05:56:57,297 [Thread-495] INFO  impl.FollowerState (FollowerState.java:run(108)) - 0716e483-2373-428e-a917-ee7c73d3521d@group-7066FE0FC203-FollowerState: change to CANDIDATE, lastRpcTime:33ms, electionTimeout:20ms
2019-10-17 05:56:57,297 [org.apache.ratis.server.impl.LogAppender$AppenderDaemon$$Lambda$447/1550530268@61aee63e] WARN  server.GrpcLogAppender (GrpcLogAppender.java:mayWait(149)) - 194f2ff6-41c6-4f9d-98fd-e63bb60a2475@group-7066FE0FC203->d4bb136b-e602-4c0a-8f86-2462710659b1-GrpcLogAppender: Wait interrupted by java.lang.InterruptedException
2019-10-17 05:56:57,300 [Thread-495] INFO  impl.RoleInfo (RoleInfo.java:shutdownFollowerState(121)) - 0716e483-2373-428e-a917-ee7c73d3521d: shutdown FollowerState
2019-10-17 05:56:57,300 [org.apache.ratis.server.impl.LogAppender$AppenderDaemon$$Lambda$447/1550530268@50b475e4] WARN  server.GrpcLogAppender (GrpcLogAppender.java:mayWait(149)) - 194f2ff6-41c6-4f9d-98fd-e63bb60a2475@group-7066FE0FC203->0716e483-2373-428e-a917-ee7c73d3521d-GrpcLogAppender: Wait interrupted by java.lang.InterruptedException
2019-10-17 05:56:57,300 [Thread-495] INFO  impl.RaftServerImpl (RaftServerImpl.java:setRole(184)) - 0716e483-2373-428e-a917-ee7c73d3521d@group-7066FE0FC203: changes role from  FOLLOWER to CANDIDATE at term 5 for changeToCandidate
2019-10-17 05:56:57,300 [Thread-495] INFO  impl.RoleInfo (RoleInfo.java:updateAndGet(143)) - 0716e483-2373-428e-a917-ee7c73d3521d: start LeaderElection
2019-10-17 05:56:57,302 [d4bb136b-e602-4c0a-8f86-2462710659b1@group-7066FE0FC203-LeaderElection24] INFO  impl.LeaderElection (LeaderElection.java:logAndReturn(56)) - d4bb136b-e602-4c0a-8f86-2462710659b1@group-7066FE0FC203-LeaderElection24: Election TIMEOUT; received 1 response(s) [d4bb136b-e602-4c0a-8f86-2462710659b1<-0716e483-2373-428e-a917-ee7c73d3521d#0:FAIL-t5] and 0 exception(s); d4bb136b-e602-4c0a-8f86-2462710659b1@group-7066FE0FC203:t5, leader=null, voted=d4bb136b-e602-4c0a-8f86-2462710659b1, raftlog=d4bb136b-e602-4c0a-8f86-2462710659b1@group-7066FE0FC203-SegmentedRaftLog:OPENED:c-1,f-1,i0, conf=-1: [0716e483-2373-428e-a917-ee7c73d3521d:192.168.69.82:39524, d4bb136b-e602-4c0a-8f86-2462710659b1:192.168.69.82:42071, 194f2ff6-41c6-4f9d-98fd-e63bb60a2475:192.168.69.82:43645], old=null
2019-10-17 05:56:57,302 [596a1247-d4fb-4568-97fb-3ff1ce43250d@group-74E9893F5999-LeaderElection26] INFO  impl.LeaderElection (LeaderElection.java:logAndReturn(56)) - 596a1247-d4fb-4568-97fb-3ff1ce43250d@group-74E9893F5999-LeaderElection26: Election PASSED; received 2 response(s) [596a1247-d4fb-4568-97fb-3ff1ce43250d<-b5f12832-4a97-45e3-9503-a5cba48636cf#0:FAIL-t9, 596a1247-d4fb-4568-97fb-3ff1ce43250d<-8c36b79a-da60-43d4-9d42-baae689ad199#0:OK-t9] and 0 exception(s); 596a1247-d4fb-4568-97fb-3ff1ce43250d@group-74E9893F5999:t9, leader=null, voted=596a1247-d4fb-4568-97fb-3ff1ce43250d, raftlog=596a1247-d4fb-4568-97fb-3ff1ce43250d@group-74E9893F5999-SegmentedRaftLog:OPENED:c-1,f-1,i0, conf=-1: [b5f12832-4a97-45e3-9503-a5cba48636cf:192.168.69.82:34934, 596a1247-d4fb-4568-97fb-3ff1ce43250d:192.168.69.82:37061, 8c36b79a-da60-43d4-9d42-baae689ad199:192.168.69.82:45199], old=null
2019-10-17 05:56:57,302 [grpc-default-executor-0] INFO  server.GrpcServerProtocolService (GrpcServerProtocolService.java:onCompleted(113)) - d4bb136b-e602-4c0a-8f86-2462710659b1: Completed APPEND_ENTRIES, lastRequest: null
2019-10-17 05:56:57,305 [596a1247-d4fb-4568-97fb-3ff1ce43250d@group-74E9893F5999-LeaderElection26] INFO  impl.RoleInfo (RoleInfo.java:shutdownLeaderElection(134)) - 596a1247-d4fb-4568-97fb-3ff1ce43250d: shutdown LeaderElection
2019-10-17 05:56:57,307 [596a1247-d4fb-4568-97fb-3ff1ce43250d@group-74E9893F5999-LeaderElection26] INFO  impl.RaftServerImpl (RaftServerImpl.java:setRole(184)) - 596a1247-d4fb-4568-97fb-3ff1ce43250d@group-74E9893F5999: changes role from CANDIDATE to LEADER at term 9 for changeToLeader
2019-10-17 05:56:57,309 [596a1247-d4fb-4568-97fb-3ff1ce43250d@group-74E9893F5999-LeaderElection26] INFO  impl.RaftServerImpl (ServerState.java:setLeader(256)) - 596a1247-d4fb-4568-97fb-3ff1ce43250d@group-74E9893F5999: change Leader from null to 596a1247-d4fb-4568-97fb-3ff1ce43250d at term 9 for becomeLeader, leader elected after 1562ms
2019-10-17 05:56:57,309 [194f2ff6-41c6-4f9d-98fd-e63bb60a2475@group-7066FE0FC203-SegmentedRaftLogWorker] INFO  segmented.SegmentedRaftLogWorker (SegmentedRaftLogWorker.java:execute(576)) - 194f2ff6-41c6-4f9d-98fd-e63bb60a2475@group-7066FE0FC203-SegmentedRaftLogWorker: created new log segment /workdir/hadoop-ozone/integration-test/target/test-dir/MiniOzoneClusterImpl-292a2ff3-4780-4182-bb48-82c20e0e309d/datanode-9/data/ratis/41395877-a154-41d7-8da2-7066fe0fc203/current/log_inprogress_0
2019-10-17 05:56:57,310 [596a1247-d4fb-4568-97fb-3ff1ce43250d@group-74E9893F5999-LeaderElection26] INFO  server.RaftServerConfigKeys (ConfUtils.java:logGet(43)) - raft.server.staging.catchup.gap = 1000 (default)
2019-10-17 05:56:57,310 [d4bb136b-e602-4c0a-8f86-2462710659b1@group-7066FE0FC203-LeaderElection24] INFO  impl.LeaderElection (LeaderElection.java:askForVotes(178)) - d4bb136b-e602-4c0a-8f86-2462710659b1@group-7066FE0FC203-LeaderElection24: begin an election at term 6 for -1: [0716e483-2373-428e-a917-ee7c73d3521d:192.168.69.82:39524, d4bb136b-e602-4c0a-8f86-2462710659b1:192.168.69.82:42071, 194f2ff6-41c6-4f9d-98fd-e63bb60a2475:192.168.69.82:43645], old=null
2019-10-17 05:56:57,310 [0716e483-2373-428e-a917-ee7c73d3521d@group-7066FE0FC203-LeaderElection27] INFO  impl.LeaderElection (LeaderElection.java:askForVotes(178)) - 0716e483-2373-428e-a917-ee7c73d3521d@group-7066FE0FC203-LeaderElection27: begin an election at term 6 for -1: [0716e483-2373-428e-a917-ee7c73d3521d:192.168.69.82:39524, d4bb136b-e602-4c0a-8f86-2462710659b1:192.168.69.82:42071, 194f2ff6-41c6-4f9d-98fd-e63bb60a2475:192.168.69.82:43645], old=null
2019-10-17 05:56:57,310 [grpc-default-executor-0] INFO  server.GrpcLogAppender (GrpcLogAppender.java:onCompleted(308)) - 194f2ff6-41c6-4f9d-98fd-e63bb60a2475@group-7066FE0FC203->d4bb136b-e602-4c0a-8f86-2462710659b1-AppendLogResponseHandler: follower responses appendEntries COMPLETED
2019-10-17 05:56:57,310 [grpc-default-executor-8] INFO  server.GrpcServerProtocolService (GrpcServerProtocolService.java:onCompleted(113)) - 0716e483-2373-428e-a917-ee7c73d3521d: Completed APPEND_ENTRIES, lastRequest: 194f2ff6-41c6-4f9d-98fd-e63bb60a2475->0716e483-2373-428e-a917-ee7c73d3521d#0-t1, previous=(t:0, i:0), leaderCommit=-1, initializing? false, entries: <empty>
2019-10-17 05:56:57,310 [596a1247-d4fb-4568-97fb-3ff1ce43250d@group-74E9893F5999-LeaderElection26] INFO  server.RaftServerConfigKeys (ConfUtils.java:logGet(43)) - raft.server.rpc.sleep.time = 25ms (default)
2019-10-17 05:56:57,312 [Thread-478] INFO  impl.FollowerState (FollowerState.java:run(108)) - 9f06b4c9-079f-4989-8935-c6be59ddc82e@group-0D1055093416-FollowerState: change to CANDIDATE, lastRpcTime:189ms, electionTimeout:188ms
2019-10-17 05:56:57,313 [Thread-478] INFO  impl.RoleInfo (RoleInfo.java:shutdownFollowerState(121)) - 9f06b4c9-079f-4989-8935-c6be59ddc82e: shutdown FollowerState
2019-10-17 05:56:57,313 [596a1247-d4fb-4568-97fb-3ff1ce43250d@group-74E9893F5999-LeaderElection26] INFO  server.RaftServerConfigKeys (ConfUtils.java:logGet(43)) - raft.server.write.element-limit = 4096 (default)
2019-10-17 05:56:57,313 [Thread-478] INFO  impl.RaftServerImpl (RaftServerImpl.java:setRole(184)) - 9f06b4c9-079f-4989-8935-c6be59ddc82e@group-0D1055093416: changes role from  FOLLOWER to CANDIDATE at term 8 for changeToCandidate
2019-10-17 05:56:57,313 [596a1247-d4fb-4568-97fb-3ff1ce43250d@group-74E9893F5999-LeaderElection26] INFO  server.RaftServerConfigKeys (ConfUtils.java:logGet(43)) - raft.server.watch.timeout = 10s (default)
2019-10-17 05:56:57,313 [grpc-default-executor-0] INFO  impl.FollowerInfo (FollowerInfo.java:lambda$new$0(51)) - 194f2ff6-41c6-4f9d-98fd-e63bb60a2475@group-7066FE0FC203->d4bb136b-e602-4c0a-8f86-2462710659b1: nextIndex: updateUnconditionally 0 -> 0
2019-10-17 05:56:57,314 [596a1247-d4fb-4568-97fb-3ff1ce43250d@group-74E9893F5999-LeaderElection26] INFO  server.RaftServerConfigKeys (ConfUtils.java:logGet(43)) - raft.server.watch.timeout.denomination = 1s (default)
2019-10-17 05:56:57,313 [Thread-478] INFO  impl.RoleInfo (RoleInfo.java:updateAndGet(143)) - 9f06b4c9-079f-4989-8935-c6be59ddc82e: start LeaderElection
2019-10-17 05:56:57,314 [596a1247-d4fb-4568-97fb-3ff1ce43250d@group-74E9893F5999-LeaderElection26] INFO  server.RaftServerConfigKeys (ConfUtils.java:logGet(43)) - raft.server.watch.element-limit = 65536 (default)
2019-10-17 05:56:57,318 [grpc-default-executor-8] INFO  impl.RaftServerImpl (RaftServerImpl.java:setRole(184)) - 194f2ff6-41c6-4f9d-98fd-e63bb60a2475@group-7066FE0FC203: changes role from  FOLLOWER to FOLLOWER at term 6 for recognizeCandidate:0716e483-2373-428e-a917-ee7c73d3521d
2019-10-17 05:56:57,318 [grpc-default-executor-8] INFO  impl.RoleInfo (RoleInfo.java:shutdownFollowerState(121)) - 194f2ff6-41c6-4f9d-98fd-e63bb60a2475: shutdown FollowerState
2019-10-17 05:56:57,318 [Thread-496] INFO  impl.FollowerState (FollowerState.java:run(117)) - 194f2ff6-41c6-4f9d-98fd-e63bb60a2475@group-7066FE0FC203-FollowerState was interrupted: java.lang.InterruptedException: sleep interrupted
2019-10-17 05:56:57,318 [grpc-default-executor-8] INFO  impl.RoleInfo (RoleInfo.java:updateAndGet(143)) - 194f2ff6-41c6-4f9d-98fd-e63bb60a2475: start FollowerState
2019-10-17 05:56:57,321 [596a1247-d4fb-4568-97fb-3ff1ce43250d@group-74E9893F5999-LeaderElection26] INFO  server.RaftServerConfigKeys (ConfUtils.java:logGet(43)) - raft.server.log.appender.snapshot.chunk.size.max = 16MB (=16777216) (default)
2019-10-17 05:56:57,321 [596a1247-d4fb-4568-97fb-3ff1ce43250d@group-74E9893F5999-LeaderElection26] INFO  server.RaftServerConfigKeys (ConfUtils.java:logGet(43)) - raft.server.log.appender.buffer.byte-limit = 33554432 (custom)
2019-10-17 05:56:57,322 [596a1247-d4fb-4568-97fb-3ff1ce43250d@group-74E9893F5999-LeaderElection26] INFO  server.RaftServerConfigKeys (ConfUtils.java:logGet(43)) - raft.server.log.appender.buffer.element-limit = 1 (custom)
2019-10-17 05:56:57,322 [596a1247-d4fb-4568-97fb-3ff1ce43250d@group-74E9893F5999-LeaderElection26] INFO  grpc.GrpcConfigKeys$Server (ConfUtils.java:logGet(43)) - raft.grpc.server.leader.outstanding.appends.max = 128 (default)
2019-10-17 05:56:57,322 [596a1247-d4fb-4568-97fb-3ff1ce43250d@group-74E9893F5999-LeaderElection26] INFO  server.RaftServerConfigKeys (ConfUtils.java:logGet(43)) - raft.server.rpc.request.timeout = 3000ms (default)
2019-10-17 05:56:57,322 [596a1247-d4fb-4568-97fb-3ff1ce43250d@group-74E9893F5999-LeaderElection26] INFO  server.RaftServerConfigKeys (ConfUtils.java:logGet(43)) - raft.server.log.appender.install.snapshot.enabled = false (custom)
2019-10-17 05:56:57,323 [9f06b4c9-079f-4989-8935-c6be59ddc82e@group-0D1055093416-LeaderElection28] INFO  impl.LeaderElection (LeaderElection.java:askForVotes(178)) - 9f06b4c9-079f-4989-8935-c6be59ddc82e@group-0D1055093416-LeaderElection28: begin an election at term 9 for -1: [9f06b4c9-079f-4989-8935-c6be59ddc82e:192.168.69.82:36391, b282f9e2-3bd4-452e-9c35-1adeacc39134:192.168.69.82:42567, 3ce2c7b7-3df7-42de-af28-9ba1d65ea84e:192.168.69.82:35388], old=null
2019-10-17 05:56:57,323 [grpc-default-executor-5] INFO  impl.RaftServerImpl (RaftServerImpl.java:setRole(184)) - 194f2ff6-41c6-4f9d-98fd-e63bb60a2475@group-7066FE0FC203: changes role from  FOLLOWER to FOLLOWER at term 6 for recognizeCandidate:d4bb136b-e602-4c0a-8f86-2462710659b1
2019-10-17 05:56:57,323 [grpc-default-executor-5] INFO  impl.RoleInfo (RoleInfo.java:shutdownFollowerState(121)) - 194f2ff6-41c6-4f9d-98fd-e63bb60a2475: shutdown FollowerState
2019-10-17 05:56:57,324 [Thread-505] INFO  impl.FollowerState (FollowerState.java:run(117)) - 194f2ff6-41c6-4f9d-98fd-e63bb60a2475@group-7066FE0FC203-FollowerState was interrupted: java.lang.InterruptedException: sleep interrupted
2019-10-17 05:56:57,324 [grpc-default-executor-5] INFO  impl.RoleInfo (RoleInfo.java:updateAndGet(143)) - 194f2ff6-41c6-4f9d-98fd-e63bb60a2475: start FollowerState
2019-10-17 05:56:57,324 [grpc-default-executor-0] INFO  server.GrpcLogAppender (GrpcLogAppender.java:onCompleted(308)) - 194f2ff6-41c6-4f9d-98fd-e63bb60a2475@group-7066FE0FC203->0716e483-2373-428e-a917-ee7c73d3521d-AppendLogResponseHandler: follower responses appendEntries COMPLETED
2019-10-17 05:56:57,327 [0716e483-2373-428e-a917-ee7c73d3521d@group-7066FE0FC203-LeaderElection27] INFO  impl.LeaderElection (LeaderElection.java:logAndReturn(56)) - 0716e483-2373-428e-a917-ee7c73d3521d@group-7066FE0FC203-LeaderElection27: Election REJECTED; received 2 response(s) [0716e483-2373-428e-a917-ee7c73d3521d<-d4bb136b-e602-4c0a-8f86-2462710659b1#0:FAIL-t6, 0716e483-2373-428e-a917-ee7c73d3521d<-194f2ff6-41c6-4f9d-98fd-e63bb60a2475#0:FAIL-t6] and 0 exception(s); 0716e483-2373-428e-a917-ee7c73d3521d@group-7066FE0FC203:t6, leader=null, voted=0716e483-2373-428e-a917-ee7c73d3521d, raftlog=0716e483-2373-428e-a917-ee7c73d3521d@group-7066FE0FC203-SegmentedRaftLog:OPENED:c-1,f-1,i0, conf=-1: [0716e483-2373-428e-a917-ee7c73d3521d:192.168.69.82:39524, d4bb136b-e602-4c0a-8f86-2462710659b1:192.168.69.82:42071, 194f2ff6-41c6-4f9d-98fd-e63bb60a2475:192.168.69.82:43645], old=null
2019-10-17 05:56:57,328 [0716e483-2373-428e-a917-ee7c73d3521d@group-7066FE0FC203-LeaderElection27] INFO  impl.RaftServerImpl (RaftServerImpl.java:setRole(184)) - 0716e483-2373-428e-a917-ee7c73d3521d@group-7066FE0FC203: changes role from CANDIDATE to FOLLOWER at term 6 for DISCOVERED_A_NEW_TERM
2019-10-17 05:56:57,328 [0716e483-2373-428e-a917-ee7c73d3521d@group-7066FE0FC203-LeaderElection27] INFO  impl.RoleInfo (RoleInfo.java:shutdownLeaderElection(134)) - 0716e483-2373-428e-a917-ee7c73d3521d: shutdown LeaderElection
2019-10-17 05:56:57,328 [0716e483-2373-428e-a917-ee7c73d3521d@group-7066FE0FC203-LeaderElection27] INFO  impl.RoleInfo (RoleInfo.java:updateAndGet(143)) - 0716e483-2373-428e-a917-ee7c73d3521d: start FollowerState
2019-10-17 05:56:57,329 [grpc-default-executor-0] INFO  impl.FollowerInfo (FollowerInfo.java:lambda$new$0(51)) - 194f2ff6-41c6-4f9d-98fd-e63bb60a2475@group-7066FE0FC203->0716e483-2373-428e-a917-ee7c73d3521d: nextIndex: updateUnconditionally 0 -> 0
2019-10-17 05:56:57,331 [596a1247-d4fb-4568-97fb-3ff1ce43250d@group-74E9893F5999-LeaderElection26] INFO  server.RaftServerConfigKeys (ConfUtils.java:logGet(43)) - raft.server.log.appender.snapshot.chunk.size.max = 16MB (=16777216) (default)
2019-10-17 05:56:57,331 [grpc-default-executor-5] INFO  impl.RaftServerImpl (RaftServerImpl.java:setRole(184)) - b282f9e2-3bd4-452e-9c35-1adeacc39134@group-0D1055093416: changes role from  FOLLOWER to FOLLOWER at term 9 for recognizeCandidate:9f06b4c9-079f-4989-8935-c6be59ddc82e
2019-10-17 05:56:57,331 [grpc-default-executor-8] INFO  impl.RaftServerImpl (RaftServerImpl.java:setRole(184)) - 3ce2c7b7-3df7-42de-af28-9ba1d65ea84e@group-0D1055093416: changes role from  FOLLOWER to FOLLOWER at term 9 for recognizeCandidate:9f06b4c9-079f-4989-8935-c6be59ddc82e
2019-10-17 05:56:57,331 [596a1247-d4fb-4568-97fb-3ff1ce43250d@group-74E9893F5999-LeaderElection26] INFO  server.RaftServerConfigKeys (ConfUtils.java:logGet(43)) - raft.server.log.appender.buffer.byte-limit = 33554432 (custom)
2019-10-17 05:56:57,331 [grpc-default-executor-8] INFO  impl.RoleInfo (RoleInfo.java:shutdownFollowerState(121)) - 3ce2c7b7-3df7-42de-af28-9ba1d65ea84e: shutdown FollowerState
2019-10-17 05:56:57,331 [d4bb136b-e602-4c0a-8f86-2462710659b1@group-7066FE0FC203-LeaderElection24] INFO  impl.LeaderElection (LeaderElection.java:logAndReturn(56)) - d4bb136b-e602-4c0a-8f86-2462710659b1@group-7066FE0FC203-LeaderElection24: Election REJECTED; received 2 response(s) [d4bb136b-e602-4c0a-8f86-2462710659b1<-0716e483-2373-428e-a917-ee7c73d3521d#0:FAIL-t6, d4bb136b-e602-4c0a-8f86-2462710659b1<-194f2ff6-41c6-4f9d-98fd-e63bb60a2475#0:FAIL-t6] and 0 exception(s); d4bb136b-e602-4c0a-8f86-2462710659b1@group-7066FE0FC203:t6, leader=null, voted=d4bb136b-e602-4c0a-8f86-2462710659b1, raftlog=d4bb136b-e602-4c0a-8f86-2462710659b1@group-7066FE0FC203-SegmentedRaftLog:OPENED:c-1,f-1,i0, conf=-1: [0716e483-2373-428e-a917-ee7c73d3521d:192.168.69.82:39524, d4bb136b-e602-4c0a-8f86-2462710659b1:192.168.69.82:42071, 194f2ff6-41c6-4f9d-98fd-e63bb60a2475:192.168.69.82:43645], old=null
2019-10-17 05:56:57,331 [grpc-default-executor-5] INFO  impl.RoleInfo (RoleInfo.java:shutdownFollowerState(121)) - b282f9e2-3bd4-452e-9c35-1adeacc39134: shutdown FollowerState
2019-10-17 05:56:57,332 [d4bb136b-e602-4c0a-8f86-2462710659b1@group-7066FE0FC203-LeaderElection24] INFO  impl.RaftServerImpl (RaftServerImpl.java:setRole(184)) - d4bb136b-e602-4c0a-8f86-2462710659b1@group-7066FE0FC203: changes role from CANDIDATE to FOLLOWER at term 6 for DISCOVERED_A_NEW_TERM
2019-10-17 05:56:57,332 [grpc-default-executor-8] INFO  impl.RoleInfo (RoleInfo.java:updateAndGet(143)) - 3ce2c7b7-3df7-42de-af28-9ba1d65ea84e: start FollowerState
2019-10-17 05:56:57,332 [Thread-474] INFO  impl.FollowerState (FollowerState.java:run(117)) - 3ce2c7b7-3df7-42de-af28-9ba1d65ea84e@group-0D1055093416-FollowerState was interrupted: java.lang.InterruptedException: sleep interrupted
2019-10-17 05:56:57,332 [596a1247-d4fb-4568-97fb-3ff1ce43250d@group-74E9893F5999-LeaderElection26] INFO  server.RaftServerConfigKeys (ConfUtils.java:logGet(43)) - raft.server.log.appender.buffer.element-limit = 1 (custom)
2019-10-17 05:56:57,334 [d4bb136b-e602-4c0a-8f86-2462710659b1@group-7066FE0FC203-LeaderElection24] INFO  impl.RoleInfo (RoleInfo.java:shutdownLeaderElection(134)) - d4bb136b-e602-4c0a-8f86-2462710659b1: shutdown LeaderElection
2019-10-17 05:56:57,334 [Thread-472] INFO  impl.FollowerState (FollowerState.java:run(117)) - b282f9e2-3bd4-452e-9c35-1adeacc39134@group-0D1055093416-FollowerState was interrupted: java.lang.InterruptedException: sleep interrupted
2019-10-17 05:56:57,334 [grpc-default-executor-5] INFO  impl.RoleInfo (RoleInfo.java:updateAndGet(143)) - b282f9e2-3bd4-452e-9c35-1adeacc39134: start FollowerState
2019-10-17 05:56:57,335 [d4bb136b-e602-4c0a-8f86-2462710659b1@group-7066FE0FC203-LeaderElection24] INFO  impl.RoleInfo (RoleInfo.java:updateAndGet(143)) - d4bb136b-e602-4c0a-8f86-2462710659b1: start FollowerState
2019-10-17 05:56:57,335 [596a1247-d4fb-4568-97fb-3ff1ce43250d@group-74E9893F5999-LeaderElection26] INFO  grpc.GrpcConfigKeys$Server (ConfUtils.java:logGet(43)) - raft.grpc.server.leader.outstanding.appends.max = 128 (default)
2019-10-17 05:56:57,335 [596a1247-d4fb-4568-97fb-3ff1ce43250d@group-74E9893F5999-LeaderElection26] INFO  server.RaftServerConfigKeys (ConfUtils.java:logGet(43)) - raft.server.rpc.request.timeout = 3000ms (default)
2019-10-17 05:56:57,336 [596a1247-d4fb-4568-97fb-3ff1ce43250d@group-74E9893F5999-LeaderElection26] INFO  server.RaftServerConfigKeys (ConfUtils.java:logGet(43)) - raft.server.log.appender.install.snapshot.enabled = false (custom)
2019-10-17 05:56:57,339 [596a1247-d4fb-4568-97fb-3ff1ce43250d@group-74E9893F5999-LeaderElection26] INFO  impl.RoleInfo (RoleInfo.java:updateAndGet(143)) - 596a1247-d4fb-4568-97fb-3ff1ce43250d: start LeaderState
2019-10-17 05:56:57,340 [596a1247-d4fb-4568-97fb-3ff1ce43250d@group-74E9893F5999-LeaderElection26] INFO  segmented.SegmentedRaftLogWorker (SegmentedRaftLogWorker.java:startLogSegment(385)) - 596a1247-d4fb-4568-97fb-3ff1ce43250d@group-74E9893F5999-SegmentedRaftLogWorker: Starting segment from index:0
2019-10-17 05:56:57,341 [596a1247-d4fb-4568-97fb-3ff1ce43250d@group-74E9893F5999-LeaderElection26] INFO  impl.RaftServerImpl (ServerState.java:setRaftConf(357)) - 596a1247-d4fb-4568-97fb-3ff1ce43250d@group-74E9893F5999: set configuration 0: [b5f12832-4a97-45e3-9503-a5cba48636cf:192.168.69.82:34934, 596a1247-d4fb-4568-97fb-3ff1ce43250d:192.168.69.82:37061, 8c36b79a-da60-43d4-9d42-baae689ad199:192.168.69.82:45199], old=null at 0
2019-10-17 05:56:57,377 [Thread-510] INFO  impl.FollowerState (FollowerState.java:run(108)) - 0716e483-2373-428e-a917-ee7c73d3521d@group-7066FE0FC203-FollowerState: change to CANDIDATE, lastRpcTime:49ms, electionTimeout:29ms
2019-10-17 05:56:57,378 [Thread-510] INFO  impl.RoleInfo (RoleInfo.java:shutdownFollowerState(121)) - 0716e483-2373-428e-a917-ee7c73d3521d: shutdown FollowerState
2019-10-17 05:56:57,378 [Thread-510] INFO  impl.RaftServerImpl (RaftServerImpl.java:setRole(184)) - 0716e483-2373-428e-a917-ee7c73d3521d@group-7066FE0FC203: changes role from  FOLLOWER to CANDIDATE at term 6 for changeToCandidate
2019-10-17 05:56:57,378 [Thread-510] INFO  impl.RoleInfo (RoleInfo.java:updateAndGet(143)) - 0716e483-2373-428e-a917-ee7c73d3521d: start LeaderElection
2019-10-17 05:56:57,378 [Thread-514] INFO  impl.FollowerState (FollowerState.java:run(108)) - d4bb136b-e602-4c0a-8f86-2462710659b1@group-7066FE0FC203-FollowerState: change to CANDIDATE, lastRpcTime:43ms, electionTimeout:43ms
2019-10-17 05:56:57,378 [Thread-514] INFO  impl.RoleInfo (RoleInfo.java:shutdownFollowerState(121)) - d4bb136b-e602-4c0a-8f86-2462710659b1: shutdown FollowerState
2019-10-17 05:56:57,379 [Thread-514] INFO  impl.RaftServerImpl (RaftServerImpl.java:setRole(184)) - d4bb136b-e602-4c0a-8f86-2462710659b1@group-7066FE0FC203: changes role from  FOLLOWER to CANDIDATE at term 6 for changeToCandidate
2019-10-17 05:56:57,379 [Thread-514] INFO  impl.RoleInfo (RoleInfo.java:updateAndGet(143)) - d4bb136b-e602-4c0a-8f86-2462710659b1: start LeaderElection
2019-10-17 05:56:57,380 [grpc-default-executor-1] INFO  impl.RaftServerImpl (ServerState.java:setLeader(256)) - 8c36b79a-da60-43d4-9d42-baae689ad199@group-74E9893F5999: change Leader from null to 596a1247-d4fb-4568-97fb-3ff1ce43250d at term 9 for appendEntries, leader elected after 680ms
2019-10-17 05:56:57,380 [grpc-default-executor-8] INFO  impl.RaftServerImpl (ServerState.java:setLeader(256)) - b5f12832-4a97-45e3-9503-a5cba48636cf@group-74E9893F5999: change Leader from null to 596a1247-d4fb-4568-97fb-3ff1ce43250d at term 9 for appendEntries, leader elected after 1064ms
2019-10-17 05:56:57,380 [9f06b4c9-079f-4989-8935-c6be59ddc82e@group-0D1055093416-LeaderElection28] INFO  impl.LeaderElection (LeaderElection.java:logAndReturn(56)) - 9f06b4c9-079f-4989-8935-c6be59ddc82e@group-0D1055093416-LeaderElection28: Election REJECTED; received 2 response(s) [9f06b4c9-079f-4989-8935-c6be59ddc82e<-b282f9e2-3bd4-452e-9c35-1adeacc39134#0:FAIL-t9, 9f06b4c9-079f-4989-8935-c6be59ddc82e<-3ce2c7b7-3df7-42de-af28-9ba1d65ea84e#0:FAIL-t9] and 0 exception(s); 9f06b4c9-079f-4989-8935-c6be59ddc82e@group-0D1055093416:t9, leader=null, voted=9f06b4c9-079f-4989-8935-c6be59ddc82e, raftlog=9f06b4c9-079f-4989-8935-c6be59ddc82e@group-0D1055093416-SegmentedRaftLog:OPENED:c-1,f-1,i0, conf=-1: [9f06b4c9-079f-4989-8935-c6be59ddc82e:192.168.69.82:36391, b282f9e2-3bd4-452e-9c35-1adeacc39134:192.168.69.82:42567, 3ce2c7b7-3df7-42de-af28-9ba1d65ea84e:192.168.69.82:35388], old=null
2019-10-17 05:56:57,381 [9f06b4c9-079f-4989-8935-c6be59ddc82e@group-0D1055093416-LeaderElection28] INFO  impl.RaftServerImpl (RaftServerImpl.java:setRole(184)) - 9f06b4c9-079f-4989-8935-c6be59ddc82e@group-0D1055093416: changes role from CANDIDATE to FOLLOWER at term 9 for DISCOVERED_A_NEW_TERM
2019-10-17 05:56:57,381 [9f06b4c9-079f-4989-8935-c6be59ddc82e@group-0D1055093416-LeaderElection28] INFO  impl.RoleInfo (RoleInfo.java:shutdownLeaderElection(134)) - 9f06b4c9-079f-4989-8935-c6be59ddc82e: shutdown LeaderElection
2019-10-17 05:56:57,381 [9f06b4c9-079f-4989-8935-c6be59ddc82e@group-0D1055093416-LeaderElection28] INFO  impl.RoleInfo (RoleInfo.java:updateAndGet(143)) - 9f06b4c9-079f-4989-8935-c6be59ddc82e: start FollowerState
2019-10-17 05:56:57,382 [Thread-521] INFO  impl.FollowerState (FollowerState.java:run(108)) - 9f06b4c9-079f-4989-8935-c6be59ddc82e@group-0D1055093416-FollowerState: change to CANDIDATE, lastRpcTime:1ms, electionTimeout:1ms
2019-10-17 05:56:57,387 [Thread-521] INFO  impl.RoleInfo (RoleInfo.java:shutdownFollowerState(121)) - 9f06b4c9-079f-4989-8935-c6be59ddc82e: shutdown FollowerState
2019-10-17 05:56:57,387 [Thread-521] INFO  impl.RaftServerImpl (RaftServerImpl.java:setRole(184)) - 9f06b4c9-079f-4989-8935-c6be59ddc82e@group-0D1055093416: changes role from  FOLLOWER to CANDIDATE at term 9 for changeToCandidate
2019-10-17 05:56:57,387 [Thread-521] INFO  impl.RoleInfo (RoleInfo.java:updateAndGet(143)) - 9f06b4c9-079f-4989-8935-c6be59ddc82e: start LeaderElection
2019-10-17 05:56:57,390 [596a1247-d4fb-4568-97fb-3ff1ce43250d@group-74E9893F5999-SegmentedRaftLogWorker] INFO  segmented.SegmentedRaftLogWorker (SegmentedRaftLogWorker.java:execute(576)) - 596a1247-d4fb-4568-97fb-3ff1ce43250d@group-74E9893F5999-SegmentedRaftLogWorker: created new log segment /workdir/hadoop-ozone/integration-test/target/test-dir/MiniOzoneClusterImpl-292a2ff3-4780-4182-bb48-82c20e0e309d/datanode-2/data/ratis/78e6814e-8f4b-48e6-8bf0-74e9893f5999/current/log_inprogress_0
2019-10-17 05:56:57,390 [0716e483-2373-428e-a917-ee7c73d3521d@group-7066FE0FC203-LeaderElection29] INFO  impl.LeaderElection (LeaderElection.java:askForVotes(178)) - 0716e483-2373-428e-a917-ee7c73d3521d@group-7066FE0FC203-LeaderElection29: begin an election at term 7 for -1: [0716e483-2373-428e-a917-ee7c73d3521d:192.168.69.82:39524, d4bb136b-e602-4c0a-8f86-2462710659b1:192.168.69.82:42071, 194f2ff6-41c6-4f9d-98fd-e63bb60a2475:192.168.69.82:43645], old=null
2019-10-17 05:56:57,390 [d4bb136b-e602-4c0a-8f86-2462710659b1@group-7066FE0FC203-LeaderElection30] INFO  impl.LeaderElection (LeaderElection.java:askForVotes(178)) - d4bb136b-e602-4c0a-8f86-2462710659b1@group-7066FE0FC203-LeaderElection30: begin an election at term 7 for -1: [0716e483-2373-428e-a917-ee7c73d3521d:192.168.69.82:39524, d4bb136b-e602-4c0a-8f86-2462710659b1:192.168.69.82:42071, 194f2ff6-41c6-4f9d-98fd-e63bb60a2475:192.168.69.82:43645], old=null
2019-10-17 05:56:57,395 [9f06b4c9-079f-4989-8935-c6be59ddc82e@group-0D1055093416-LeaderElection31] INFO  impl.LeaderElection (LeaderElection.java:askForVotes(178)) - 9f06b4c9-079f-4989-8935-c6be59ddc82e@group-0D1055093416-LeaderElection31: begin an election at term 10 for -1: [9f06b4c9-079f-4989-8935-c6be59ddc82e:192.168.69.82:36391, b282f9e2-3bd4-452e-9c35-1adeacc39134:192.168.69.82:42567, 3ce2c7b7-3df7-42de-af28-9ba1d65ea84e:192.168.69.82:35388], old=null
2019-10-17 05:56:57,397 [grpc-default-executor-5] INFO  impl.RaftServerImpl (RaftServerImpl.java:setRole(184)) - 194f2ff6-41c6-4f9d-98fd-e63bb60a2475@group-7066FE0FC203: changes role from  FOLLOWER to FOLLOWER at term 7 for recognizeCandidate:0716e483-2373-428e-a917-ee7c73d3521d
2019-10-17 05:56:57,397 [grpc-default-executor-5] INFO  impl.RoleInfo (RoleInfo.java:shutdownFollowerState(121)) - 194f2ff6-41c6-4f9d-98fd-e63bb60a2475: shutdown FollowerState
2019-10-17 05:56:57,397 [Thread-509] INFO  impl.FollowerState (FollowerState.java:run(117)) - 194f2ff6-41c6-4f9d-98fd-e63bb60a2475@group-7066FE0FC203-FollowerState was interrupted: java.lang.InterruptedException: sleep interrupted
2019-10-17 05:56:57,397 [grpc-default-executor-5] INFO  impl.RoleInfo (RoleInfo.java:updateAndGet(143)) - 194f2ff6-41c6-4f9d-98fd-e63bb60a2475: start FollowerState
2019-10-17 05:56:57,398 [grpc-default-executor-7] INFO  impl.RaftServerImpl (RaftServerImpl.java:setRole(184)) - b282f9e2-3bd4-452e-9c35-1adeacc39134@group-0D1055093416: changes role from  FOLLOWER to FOLLOWER at term 10 for recognizeCandidate:9f06b4c9-079f-4989-8935-c6be59ddc82e
2019-10-17 05:56:57,398 [grpc-default-executor-7] INFO  impl.RoleInfo (RoleInfo.java:shutdownFollowerState(121)) - b282f9e2-3bd4-452e-9c35-1adeacc39134: shutdown FollowerState
2019-10-17 05:56:57,398 [grpc-default-executor-8] INFO  impl.RaftServerImpl (ServerState.java:setRaftConf(357)) - 8c36b79a-da60-43d4-9d42-baae689ad199@group-74E9893F5999: set configuration 0: [b5f12832-4a97-45e3-9503-a5cba48636cf:192.168.69.82:34934, 596a1247-d4fb-4568-97fb-3ff1ce43250d:192.168.69.82:37061, 8c36b79a-da60-43d4-9d42-baae689ad199:192.168.69.82:45199], old=null at 0
2019-10-17 05:56:57,398 [grpc-default-executor-7] INFO  impl.RoleInfo (RoleInfo.java:updateAndGet(143)) - b282f9e2-3bd4-452e-9c35-1adeacc39134: start FollowerState
2019-10-17 05:56:57,398 [Thread-512] INFO  impl.FollowerState (FollowerState.java:run(117)) - b282f9e2-3bd4-452e-9c35-1adeacc39134@group-0D1055093416-FollowerState was interrupted: java.lang.InterruptedException: sleep interrupted
2019-10-17 05:56:57,399 [grpc-default-executor-0] INFO  impl.RaftServerImpl (RaftServerImpl.java:setRole(184)) - 3ce2c7b7-3df7-42de-af28-9ba1d65ea84e@group-0D1055093416: changes role from  FOLLOWER to FOLLOWER at term 10 for recognizeCandidate:9f06b4c9-079f-4989-8935-c6be59ddc82e
2019-10-17 05:56:57,399 [grpc-default-executor-0] INFO  impl.RoleInfo (RoleInfo.java:shutdownFollowerState(121)) - 3ce2c7b7-3df7-42de-af28-9ba1d65ea84e: shutdown FollowerState
2019-10-17 05:56:57,399 [grpc-default-executor-8] INFO  segmented.SegmentedRaftLogWorker (SegmentedRaftLogWorker.java:startLogSegment(385)) - 8c36b79a-da60-43d4-9d42-baae689ad199@group-74E9893F5999-SegmentedRaftLogWorker: Starting segment from index:0
2019-10-17 05:56:57,399 [grpc-default-executor-1] INFO  impl.RaftServerImpl (ServerState.java:setRaftConf(357)) - b5f12832-4a97-45e3-9503-a5cba48636cf@group-74E9893F5999: set configuration 0: [b5f12832-4a97-45e3-9503-a5cba48636cf:192.168.69.82:34934, 596a1247-d4fb-4568-97fb-3ff1ce43250d:192.168.69.82:37061, 8c36b79a-da60-43d4-9d42-baae689ad199:192.168.69.82:45199], old=null at 0
2019-10-17 05:56:57,399 [Thread-511] INFO  impl.FollowerState (FollowerState.java:run(117)) - 3ce2c7b7-3df7-42de-af28-9ba1d65ea84e@group-0D1055093416-FollowerState was interrupted: java.lang.InterruptedException: sleep interrupted
2019-10-17 05:56:57,399 [grpc-default-executor-0] INFO  impl.RoleInfo (RoleInfo.java:updateAndGet(143)) - 3ce2c7b7-3df7-42de-af28-9ba1d65ea84e: start FollowerState
2019-10-17 05:56:57,403 [grpc-default-executor-1] INFO  segmented.SegmentedRaftLogWorker (SegmentedRaftLogWorker.java:truncate(401)) - b5f12832-4a97-45e3-9503-a5cba48636cf@group-74E9893F5999-SegmentedRaftLogWorker: Truncating segments toTruncate: null
  toDelete: [(0, 0) isOpen? true, length=0, newEndIndex=-1], start index 0
2019-10-17 05:56:57,404 [grpc-default-executor-1] INFO  segmented.SegmentedRaftLogWorker (SegmentedRaftLogWorker.java:startLogSegment(385)) - b5f12832-4a97-45e3-9503-a5cba48636cf@group-74E9893F5999-SegmentedRaftLogWorker: Starting segment from index:0
2019-10-17 05:56:57,405 [b5f12832-4a97-45e3-9503-a5cba48636cf@group-74E9893F5999-SegmentedRaftLogWorker] INFO  segmented.SegmentedRaftLogWorker (SegmentedRaftLogWorker.java:execute(640)) - b5f12832-4a97-45e3-9503-a5cba48636cf@group-74E9893F5999-SegmentedRaftLogWorker: Deleted log file /workdir/hadoop-ozone/integration-test/target/test-dir/MiniOzoneClusterImpl-292a2ff3-4780-4182-bb48-82c20e0e309d/datanode-7/data/ratis/78e6814e-8f4b-48e6-8bf0-74e9893f5999/current/log_inprogress_0
2019-10-17 05:56:57,406 [b5f12832-4a97-45e3-9503-a5cba48636cf@group-74E9893F5999-SegmentedRaftLogWorker] INFO  segmented.SegmentedRaftLogWorker (SegmentedRaftLogWorker.java:lambda$new$0(128)) - b5f12832-4a97-45e3-9503-a5cba48636cf@group-74E9893F5999-SegmentedRaftLogWorker: flushIndex: setUnconditionally 0 -> -1
2019-10-17 05:56:57,410 [d4bb136b-e602-4c0a-8f86-2462710659b1@group-7066FE0FC203-LeaderElection30] INFO  impl.LeaderElection (LeaderElection.java:logAndReturn(56)) - d4bb136b-e602-4c0a-8f86-2462710659b1@group-7066FE0FC203-LeaderElection30: Election TIMEOUT; received 1 response(s) [d4bb136b-e602-4c0a-8f86-2462710659b1<-0716e483-2373-428e-a917-ee7c73d3521d#0:FAIL-t7] and 0 exception(s); d4bb136b-e602-4c0a-8f86-2462710659b1@group-7066FE0FC203:t7, leader=null, voted=d4bb136b-e602-4c0a-8f86-2462710659b1, raftlog=d4bb136b-e602-4c0a-8f86-2462710659b1@group-7066FE0FC203-SegmentedRaftLog:OPENED:c-1,f-1,i0, conf=-1: [0716e483-2373-428e-a917-ee7c73d3521d:192.168.69.82:39524, d4bb136b-e602-4c0a-8f86-2462710659b1:192.168.69.82:42071, 194f2ff6-41c6-4f9d-98fd-e63bb60a2475:192.168.69.82:43645], old=null
2019-10-17 05:56:57,414 [d4bb136b-e602-4c0a-8f86-2462710659b1@group-7066FE0FC203-LeaderElection30] INFO  impl.LeaderElection (LeaderElection.java:askForVotes(178)) - d4bb136b-e602-4c0a-8f86-2462710659b1@group-7066FE0FC203-LeaderElection30: begin an election at term 8 for -1: [0716e483-2373-428e-a917-ee7c73d3521d:192.168.69.82:39524, d4bb136b-e602-4c0a-8f86-2462710659b1:192.168.69.82:42071, 194f2ff6-41c6-4f9d-98fd-e63bb60a2475:192.168.69.82:43645], old=null
2019-10-17 05:56:57,414 [grpc-default-executor-6] INFO  impl.RaftServerImpl (RaftServerImpl.java:setRole(184)) - 194f2ff6-41c6-4f9d-98fd-e63bb60a2475@group-7066FE0FC203: changes role from  FOLLOWER to FOLLOWER at term 7 for recognizeCandidate:d4bb136b-e602-4c0a-8f86-2462710659b1
2019-10-17 05:56:57,443 [grpc-default-executor-6] INFO  impl.RoleInfo (RoleInfo.java:shutdownFollowerState(121)) - 194f2ff6-41c6-4f9d-98fd-e63bb60a2475: shutdown FollowerState
2019-10-17 05:56:57,443 [Thread-529] INFO  impl.FollowerState (FollowerState.java:run(117)) - 194f2ff6-41c6-4f9d-98fd-e63bb60a2475@group-7066FE0FC203-FollowerState was interrupted: java.lang.InterruptedException: sleep interrupted
2019-10-17 05:56:57,443 [grpc-default-executor-6] INFO  impl.RoleInfo (RoleInfo.java:updateAndGet(143)) - 194f2ff6-41c6-4f9d-98fd-e63bb60a2475: start FollowerState
2019-10-17 05:56:57,445 [0716e483-2373-428e-a917-ee7c73d3521d@group-7066FE0FC203-LeaderElection29] INFO  impl.LeaderElection (LeaderElection.java:logAndReturn(56)) - 0716e483-2373-428e-a917-ee7c73d3521d@group-7066FE0FC203-LeaderElection29: Election REJECTED; received 2 response(s) [0716e483-2373-428e-a917-ee7c73d3521d<-d4bb136b-e602-4c0a-8f86-2462710659b1#0:FAIL-t7, 0716e483-2373-428e-a917-ee7c73d3521d<-194f2ff6-41c6-4f9d-98fd-e63bb60a2475#0:FAIL-t7] and 0 exception(s); 0716e483-2373-428e-a917-ee7c73d3521d@group-7066FE0FC203:t7, leader=null, voted=0716e483-2373-428e-a917-ee7c73d3521d, raftlog=0716e483-2373-428e-a917-ee7c73d3521d@group-7066FE0FC203-SegmentedRaftLog:OPENED:c-1,f-1,i0, conf=-1: [0716e483-2373-428e-a917-ee7c73d3521d:192.168.69.82:39524, d4bb136b-e602-4c0a-8f86-2462710659b1:192.168.69.82:42071, 194f2ff6-41c6-4f9d-98fd-e63bb60a2475:192.168.69.82:43645], old=null
2019-10-17 05:56:57,445 [0716e483-2373-428e-a917-ee7c73d3521d@group-7066FE0FC203-LeaderElection29] INFO  impl.RaftServerImpl (RaftServerImpl.java:setRole(184)) - 0716e483-2373-428e-a917-ee7c73d3521d@group-7066FE0FC203: changes role from CANDIDATE to FOLLOWER at term 7 for DISCOVERED_A_NEW_TERM
2019-10-17 05:56:57,445 [0716e483-2373-428e-a917-ee7c73d3521d@group-7066FE0FC203-LeaderElection29] INFO  impl.RoleInfo (RoleInfo.java:shutdownLeaderElection(134)) - 0716e483-2373-428e-a917-ee7c73d3521d: shutdown LeaderElection
2019-10-17 05:56:57,445 [9f06b4c9-079f-4989-8935-c6be59ddc82e@group-0D1055093416-LeaderElection31] INFO  impl.LeaderElection (LeaderElection.java:logAndReturn(56)) - 9f06b4c9-079f-4989-8935-c6be59ddc82e@group-0D1055093416-LeaderElection31: Election REJECTED; received 2 response(s) [9f06b4c9-079f-4989-8935-c6be59ddc82e<-b282f9e2-3bd4-452e-9c35-1adeacc39134#0:FAIL-t10, 9f06b4c9-079f-4989-8935-c6be59ddc82e<-3ce2c7b7-3df7-42de-af28-9ba1d65ea84e#0:FAIL-t10] and 0 exception(s); 9f06b4c9-079f-4989-8935-c6be59ddc82e@group-0D1055093416:t10, leader=null, voted=9f06b4c9-079f-4989-8935-c6be59ddc82e, raftlog=9f06b4c9-079f-4989-8935-c6be59ddc82e@group-0D1055093416-SegmentedRaftLog:OPENED:c-1,f-1,i0, conf=-1: [9f06b4c9-079f-4989-8935-c6be59ddc82e:192.168.69.82:36391, b282f9e2-3bd4-452e-9c35-1adeacc39134:192.168.69.82:42567, 3ce2c7b7-3df7-42de-af28-9ba1d65ea84e:192.168.69.82:35388], old=null
2019-10-17 05:56:57,448 [0716e483-2373-428e-a917-ee7c73d3521d@group-7066FE0FC203-LeaderElection29] INFO  impl.RoleInfo (RoleInfo.java:updateAndGet(143)) - 0716e483-2373-428e-a917-ee7c73d3521d: start FollowerState
2019-10-17 05:56:57,448 [9f06b4c9-079f-4989-8935-c6be59ddc82e@group-0D1055093416-LeaderElection31] INFO  impl.RaftServerImpl (RaftServerImpl.java:setRole(184)) - 9f06b4c9-079f-4989-8935-c6be59ddc82e@group-0D1055093416: changes role from CANDIDATE to FOLLOWER at term 10 for DISCOVERED_A_NEW_TERM
2019-10-17 05:56:57,450 [9f06b4c9-079f-4989-8935-c6be59ddc82e@group-0D1055093416-LeaderElection31] INFO  impl.RoleInfo (RoleInfo.java:shutdownLeaderElection(134)) - 9f06b4c9-079f-4989-8935-c6be59ddc82e: shutdown LeaderElection
2019-10-17 05:56:57,450 [9f06b4c9-079f-4989-8935-c6be59ddc82e@group-0D1055093416-LeaderElection31] INFO  impl.RoleInfo (RoleInfo.java:updateAndGet(143)) - 9f06b4c9-079f-4989-8935-c6be59ddc82e: start FollowerState
2019-10-17 05:56:57,450 [grpc-default-executor-6] INFO  impl.RaftServerImpl (RaftServerImpl.java:setRole(184)) - 0716e483-2373-428e-a917-ee7c73d3521d@group-7066FE0FC203: changes role from  FOLLOWER to FOLLOWER at term 8 for recognizeCandidate:d4bb136b-e602-4c0a-8f86-2462710659b1
2019-10-17 05:56:57,451 [grpc-default-executor-6] INFO  impl.RoleInfo (RoleInfo.java:shutdownFollowerState(121)) - 0716e483-2373-428e-a917-ee7c73d3521d: shutdown FollowerState
2019-10-17 05:56:57,451 [Thread-536] INFO  impl.FollowerState (FollowerState.java:run(117)) - 0716e483-2373-428e-a917-ee7c73d3521d@group-7066FE0FC203-FollowerState was interrupted: java.lang.InterruptedException: sleep interrupted
2019-10-17 05:56:57,451 [grpc-default-executor-6] INFO  impl.RoleInfo (RoleInfo.java:updateAndGet(143)) - 0716e483-2373-428e-a917-ee7c73d3521d: start FollowerState
2019-10-17 05:56:57,457 [b5f12832-4a97-45e3-9503-a5cba48636cf@group-74E9893F5999-SegmentedRaftLogWorker] INFO  segmented.SegmentedRaftLogWorker (SegmentedRaftLogWorker.java:execute(576)) - b5f12832-4a97-45e3-9503-a5cba48636cf@group-74E9893F5999-SegmentedRaftLogWorker: created new log segment /workdir/hadoop-ozone/integration-test/target/test-dir/MiniOzoneClusterImpl-292a2ff3-4780-4182-bb48-82c20e0e309d/datanode-7/data/ratis/78e6814e-8f4b-48e6-8bf0-74e9893f5999/current/log_inprogress_0
2019-10-17 05:56:57,457 [8c36b79a-da60-43d4-9d42-baae689ad199@group-74E9893F5999-SegmentedRaftLogWorker] INFO  segmented.SegmentedRaftLogWorker (SegmentedRaftLogWorker.java:execute(576)) - 8c36b79a-da60-43d4-9d42-baae689ad199@group-74E9893F5999-SegmentedRaftLogWorker: created new log segment /workdir/hadoop-ozone/integration-test/target/test-dir/MiniOzoneClusterImpl-292a2ff3-4780-4182-bb48-82c20e0e309d/datanode-4/data/ratis/78e6814e-8f4b-48e6-8bf0-74e9893f5999/current/log_inprogress_0
2019-10-17 05:56:57,458 [grpc-default-executor-5] INFO  impl.RaftServerImpl (RaftServerImpl.java:setRole(184)) - 194f2ff6-41c6-4f9d-98fd-e63bb60a2475@group-7066FE0FC203: changes role from  FOLLOWER to FOLLOWER at term 8 for recognizeCandidate:d4bb136b-e602-4c0a-8f86-2462710659b1
2019-10-17 05:56:57,458 [grpc-default-executor-5] INFO  impl.RoleInfo (RoleInfo.java:shutdownFollowerState(121)) - 194f2ff6-41c6-4f9d-98fd-e63bb60a2475: shutdown FollowerState
2019-10-17 05:56:57,458 [grpc-default-executor-5] INFO  impl.RoleInfo (RoleInfo.java:updateAndGet(143)) - 194f2ff6-41c6-4f9d-98fd-e63bb60a2475: start FollowerState
2019-10-17 05:56:57,458 [Thread-533] INFO  impl.FollowerState (FollowerState.java:run(117)) - 194f2ff6-41c6-4f9d-98fd-e63bb60a2475@group-7066FE0FC203-FollowerState was interrupted: java.lang.InterruptedException: sleep interrupted
2019-10-17 05:56:57,459 [d4bb136b-e602-4c0a-8f86-2462710659b1@group-7066FE0FC203-LeaderElection30] INFO  impl.LeaderElection (LeaderElection.java:logAndReturn(56)) - d4bb136b-e602-4c0a-8f86-2462710659b1@group-7066FE0FC203-LeaderElection30: Election PASSED; received 1 response(s) [d4bb136b-e602-4c0a-8f86-2462710659b1<-0716e483-2373-428e-a917-ee7c73d3521d#0:OK-t8] and 0 exception(s); d4bb136b-e602-4c0a-8f86-2462710659b1@group-7066FE0FC203:t8, leader=null, voted=d4bb136b-e602-4c0a-8f86-2462710659b1, raftlog=d4bb136b-e602-4c0a-8f86-2462710659b1@group-7066FE0FC203-SegmentedRaftLog:OPENED:c-1,f-1,i0, conf=-1: [0716e483-2373-428e-a917-ee7c73d3521d:192.168.69.82:39524, d4bb136b-e602-4c0a-8f86-2462710659b1:192.168.69.82:42071, 194f2ff6-41c6-4f9d-98fd-e63bb60a2475:192.168.69.82:43645], old=null
2019-10-17 05:56:57,459 [d4bb136b-e602-4c0a-8f86-2462710659b1@group-7066FE0FC203-LeaderElection30] INFO  impl.RoleInfo (RoleInfo.java:shutdownLeaderElection(134)) - d4bb136b-e602-4c0a-8f86-2462710659b1: shutdown LeaderElection
2019-10-17 05:56:57,459 [d4bb136b-e602-4c0a-8f86-2462710659b1@group-7066FE0FC203-LeaderElection30] INFO  impl.RaftServerImpl (RaftServerImpl.java:setRole(184)) - d4bb136b-e602-4c0a-8f86-2462710659b1@group-7066FE0FC203: changes role from CANDIDATE to LEADER at term 8 for changeToLeader
2019-10-17 05:56:57,459 [d4bb136b-e602-4c0a-8f86-2462710659b1@group-7066FE0FC203-LeaderElection30] INFO  impl.RaftServerImpl (ServerState.java:setLeader(256)) - d4bb136b-e602-4c0a-8f86-2462710659b1@group-7066FE0FC203: change Leader from null to d4bb136b-e602-4c0a-8f86-2462710659b1 at term 8 for becomeLeader, leader elected after 1486ms
2019-10-17 05:56:57,459 [d4bb136b-e602-4c0a-8f86-2462710659b1@group-7066FE0FC203-LeaderElection30] INFO  server.RaftServerConfigKeys (ConfUtils.java:logGet(43)) - raft.server.staging.catchup.gap = 1000 (default)
2019-10-17 05:56:57,460 [d4bb136b-e602-4c0a-8f86-2462710659b1@group-7066FE0FC203-LeaderElection30] INFO  server.RaftServerConfigKeys (ConfUtils.java:logGet(43)) - raft.server.rpc.sleep.time = 25ms (default)
2019-10-17 05:56:57,460 [d4bb136b-e602-4c0a-8f86-2462710659b1@group-7066FE0FC203-LeaderElection30] INFO  server.RaftServerConfigKeys (ConfUtils.java:logGet(43)) - raft.server.write.element-limit = 4096 (default)
2019-10-17 05:56:57,460 [d4bb136b-e602-4c0a-8f86-2462710659b1@group-7066FE0FC203-LeaderElection30] INFO  server.RaftServerConfigKeys (ConfUtils.java:logGet(43)) - raft.server.watch.timeout = 10s (default)
2019-10-17 05:56:57,460 [d4bb136b-e602-4c0a-8f86-2462710659b1@group-7066FE0FC203-LeaderElection30] INFO  server.RaftServerConfigKeys (ConfUtils.java:logGet(43)) - raft.server.watch.timeout.denomination = 1s (default)
2019-10-17 05:56:57,460 [d4bb136b-e602-4c0a-8f86-2462710659b1@group-7066FE0FC203-LeaderElection30] INFO  server.RaftServerConfigKeys (ConfUtils.java:logGet(43)) - raft.server.watch.element-limit = 65536 (default)
2019-10-17 05:56:57,461 [IPC Server handler 9 on 36534] INFO  server.SCMBlockProtocolServer (SCMBlockProtocolServer.java:allocateBlock(179)) - Allocating blocks [] of size [], with excludeList: datanodes = [], pipelines = {}, containers = {}
2019-10-17 05:56:57,464 [Thread-537] INFO  impl.FollowerState (FollowerState.java:run(108)) - 9f06b4c9-079f-4989-8935-c6be59ddc82e@group-0D1055093416-FollowerState: change to CANDIDATE, lastRpcTime:13ms, electionTimeout:13ms
2019-10-17 05:56:57,464 [Thread-537] INFO  impl.RoleInfo (RoleInfo.java:shutdownFollowerState(121)) - 9f06b4c9-079f-4989-8935-c6be59ddc82e: shutdown FollowerState
2019-10-17 05:56:57,464 [Thread-537] INFO  impl.RaftServerImpl (RaftServerImpl.java:setRole(184)) - 9f06b4c9-079f-4989-8935-c6be59ddc82e@group-0D1055093416: changes role from  FOLLOWER to CANDIDATE at term 10 for changeToCandidate
2019-10-17 05:56:57,464 [Thread-537] INFO  impl.RoleInfo (RoleInfo.java:updateAndGet(143)) - 9f06b4c9-079f-4989-8935-c6be59ddc82e: start LeaderElection
2019-10-17 05:56:57,465 [d4bb136b-e602-4c0a-8f86-2462710659b1@group-7066FE0FC203-LeaderElection30] INFO  server.RaftServerConfigKeys (ConfUtils.java:logGet(43)) - raft.server.log.appender.snapshot.chunk.size.max = 16MB (=16777216) (default)
2019-10-17 05:56:57,465 [d4bb136b-e602-4c0a-8f86-2462710659b1@group-7066FE0FC203-LeaderElection30] INFO  server.RaftServerConfigKeys (ConfUtils.java:logGet(43)) - raft.server.log.appender.buffer.byte-limit = 33554432 (custom)
2019-10-17 05:56:57,465 [d4bb136b-e602-4c0a-8f86-2462710659b1@group-7066FE0FC203-LeaderElection30] INFO  server.RaftServerConfigKeys (ConfUtils.java:logGet(43)) - raft.server.log.appender.buffer.element-limit = 1 (custom)
2019-10-17 05:56:57,466 [d4bb136b-e602-4c0a-8f86-2462710659b1@group-7066FE0FC203-LeaderElection30] INFO  grpc.GrpcConfigKeys$Server (ConfUtils.java:logGet(43)) - raft.grpc.server.leader.outstanding.appends.max = 128 (default)
2019-10-17 05:56:57,466 [d4bb136b-e602-4c0a-8f86-2462710659b1@group-7066FE0FC203-LeaderElection30] INFO  server.RaftServerConfigKeys (ConfUtils.java:logGet(43)) - raft.server.rpc.request.timeout = 3000ms (default)
2019-10-17 05:56:57,466 [d4bb136b-e602-4c0a-8f86-2462710659b1@group-7066FE0FC203-LeaderElection30] INFO  server.RaftServerConfigKeys (ConfUtils.java:logGet(43)) - raft.server.log.appender.install.snapshot.enabled = false (custom)
2019-10-17 05:56:57,469 [d4bb136b-e602-4c0a-8f86-2462710659b1@group-7066FE0FC203-LeaderElection30] INFO  server.RaftServerConfigKeys (ConfUtils.java:logGet(43)) - raft.server.log.appender.snapshot.chunk.size.max = 16MB (=16777216) (default)
2019-10-17 05:56:57,469 [d4bb136b-e602-4c0a-8f86-2462710659b1@group-7066FE0FC203-LeaderElection30] INFO  server.RaftServerConfigKeys (ConfUtils.java:logGet(43)) - raft.server.log.appender.buffer.byte-limit = 33554432 (custom)
2019-10-17 05:56:57,469 [d4bb136b-e602-4c0a-8f86-2462710659b1@group-7066FE0FC203-LeaderElection30] INFO  server.RaftServerConfigKeys (ConfUtils.java:logGet(43)) - raft.server.log.appender.buffer.element-limit = 1 (custom)
2019-10-17 05:56:57,469 [d4bb136b-e602-4c0a-8f86-2462710659b1@group-7066FE0FC203-LeaderElection30] INFO  grpc.GrpcConfigKeys$Server (ConfUtils.java:logGet(43)) - raft.grpc.server.leader.outstanding.appends.max = 128 (default)
2019-10-17 05:56:57,469 [d4bb136b-e602-4c0a-8f86-2462710659b1@group-7066FE0FC203-LeaderElection30] INFO  server.RaftServerConfigKeys (ConfUtils.java:logGet(43)) - raft.server.rpc.request.timeout = 3000ms (default)
2019-10-17 05:56:57,470 [d4bb136b-e602-4c0a-8f86-2462710659b1@group-7066FE0FC203-LeaderElection30] INFO  server.RaftServerConfigKeys (ConfUtils.java:logGet(43)) - raft.server.log.appender.install.snapshot.enabled = false (custom)
2019-10-17 05:56:57,471 [9f06b4c9-079f-4989-8935-c6be59ddc82e@group-0D1055093416-LeaderElection32] INFO  impl.LeaderElection (LeaderElection.java:askForVotes(178)) - 9f06b4c9-079f-4989-8935-c6be59ddc82e@group-0D1055093416-LeaderElection32: begin an election at term 11 for -1: [9f06b4c9-079f-4989-8935-c6be59ddc82e:192.168.69.82:36391, b282f9e2-3bd4-452e-9c35-1adeacc39134:192.168.69.82:42567, 3ce2c7b7-3df7-42de-af28-9ba1d65ea84e:192.168.69.82:35388], old=null
2019-10-17 05:56:57,472 [d4bb136b-e602-4c0a-8f86-2462710659b1@group-7066FE0FC203-LeaderElection30] INFO  impl.RoleInfo (RoleInfo.java:updateAndGet(143)) - d4bb136b-e602-4c0a-8f86-2462710659b1: start LeaderState
2019-10-17 05:56:57,472 [d4bb136b-e602-4c0a-8f86-2462710659b1@group-7066FE0FC203-LeaderElection30] INFO  segmented.SegmentedRaftLogWorker (SegmentedRaftLogWorker.java:startLogSegment(385)) - d4bb136b-e602-4c0a-8f86-2462710659b1@group-7066FE0FC203-SegmentedRaftLogWorker: Starting segment from index:0
2019-10-17 05:56:57,474 [d4bb136b-e602-4c0a-8f86-2462710659b1@group-7066FE0FC203-LeaderElection30] INFO  impl.RaftServerImpl (ServerState.java:setRaftConf(357)) - d4bb136b-e602-4c0a-8f86-2462710659b1@group-7066FE0FC203: set configuration 0: [0716e483-2373-428e-a917-ee7c73d3521d:192.168.69.82:39524, d4bb136b-e602-4c0a-8f86-2462710659b1:192.168.69.82:42071, 194f2ff6-41c6-4f9d-98fd-e63bb60a2475:192.168.69.82:43645], old=null at 0
2019-10-17 05:56:57,474 [grpc-default-executor-7] INFO  impl.RaftServerImpl (RaftServerImpl.java:setRole(184)) - 3ce2c7b7-3df7-42de-af28-9ba1d65ea84e@group-0D1055093416: changes role from  FOLLOWER to FOLLOWER at term 11 for recognizeCandidate:9f06b4c9-079f-4989-8935-c6be59ddc82e
2019-10-17 05:56:57,474 [grpc-default-executor-5] INFO  impl.RaftServerImpl (RaftServerImpl.java:setRole(184)) - b282f9e2-3bd4-452e-9c35-1adeacc39134@group-0D1055093416: changes role from  FOLLOWER to FOLLOWER at term 11 for recognizeCandidate:9f06b4c9-079f-4989-8935-c6be59ddc82e
2019-10-17 05:56:57,474 [grpc-default-executor-7] INFO  impl.RoleInfo (RoleInfo.java:shutdownFollowerState(121)) - 3ce2c7b7-3df7-42de-af28-9ba1d65ea84e: shutdown FollowerState
2019-10-17 05:56:57,474 [grpc-default-executor-5] INFO  impl.RoleInfo (RoleInfo.java:shutdownFollowerState(121)) - b282f9e2-3bd4-452e-9c35-1adeacc39134: shutdown FollowerState
2019-10-17 05:56:57,474 [grpc-default-executor-7] INFO  impl.RoleInfo (RoleInfo.java:updateAndGet(143)) - 3ce2c7b7-3df7-42de-af28-9ba1d65ea84e: start FollowerState
2019-10-17 05:56:57,474 [Thread-530] INFO  impl.FollowerState (FollowerState.java:run(117)) - b282f9e2-3bd4-452e-9c35-1adeacc39134@group-0D1055093416-FollowerState was interrupted: java.lang.InterruptedException: sleep interrupted
2019-10-17 05:56:57,474 [grpc-default-executor-5] INFO  impl.RoleInfo (RoleInfo.java:updateAndGet(143)) - b282f9e2-3bd4-452e-9c35-1adeacc39134: start FollowerState
2019-10-17 05:56:57,474 [Thread-531] INFO  impl.FollowerState (FollowerState.java:run(117)) - 3ce2c7b7-3df7-42de-af28-9ba1d65ea84e@group-0D1055093416-FollowerState was interrupted: java.lang.InterruptedException: sleep interrupted
2019-10-17 05:56:57,475 [grpc-default-executor-0] INFO  impl.RaftServerImpl (ServerState.java:setLeader(256)) - 0716e483-2373-428e-a917-ee7c73d3521d@group-7066FE0FC203: change Leader from null to d4bb136b-e602-4c0a-8f86-2462710659b1 at term 8 for appendEntries, leader elected after 1484ms
2019-10-17 05:56:57,476 [grpc-default-executor-6] INFO  impl.RaftServerImpl (ServerState.java:setLeader(256)) - 194f2ff6-41c6-4f9d-98fd-e63bb60a2475@group-7066FE0FC203: change Leader from null to d4bb136b-e602-4c0a-8f86-2462710659b1 at term 8 for appendEntries, leader elected after 212ms
2019-10-17 05:56:57,479 [grpc-default-executor-0] INFO  impl.RaftServerImpl (ServerState.java:setRaftConf(357)) - 0716e483-2373-428e-a917-ee7c73d3521d@group-7066FE0FC203: set configuration 0: [0716e483-2373-428e-a917-ee7c73d3521d:192.168.69.82:39524, d4bb136b-e602-4c0a-8f86-2462710659b1:192.168.69.82:42071, 194f2ff6-41c6-4f9d-98fd-e63bb60a2475:192.168.69.82:43645], old=null at 0
2019-10-17 05:56:57,479 [grpc-default-executor-0] INFO  segmented.SegmentedRaftLogWorker (SegmentedRaftLogWorker.java:startLogSegment(385)) - 0716e483-2373-428e-a917-ee7c73d3521d@group-7066FE0FC203-SegmentedRaftLogWorker: Starting segment from index:0
2019-10-17 05:56:57,479 [9f06b4c9-079f-4989-8935-c6be59ddc82e@group-0D1055093416-LeaderElection32] INFO  impl.LeaderElection (LeaderElection.java:logAndReturn(56)) - 9f06b4c9-079f-4989-8935-c6be59ddc82e@group-0D1055093416-LeaderElection32: Election TIMEOUT; received 0 response(s) [] and 0 exception(s); 9f06b4c9-079f-4989-8935-c6be59ddc82e@group-0D1055093416:t11, leader=null, voted=9f06b4c9-079f-4989-8935-c6be59ddc82e, raftlog=9f06b4c9-079f-4989-8935-c6be59ddc82e@group-0D1055093416-SegmentedRaftLog:OPENED:c-1,f-1,i0, conf=-1: [9f06b4c9-079f-4989-8935-c6be59ddc82e:192.168.69.82:36391, b282f9e2-3bd4-452e-9c35-1adeacc39134:192.168.69.82:42567, 3ce2c7b7-3df7-42de-af28-9ba1d65ea84e:192.168.69.82:35388], old=null
2019-10-17 05:56:57,480 [grpc-default-executor-0] INFO  impl.RaftServerImpl (ServerState.java:setRaftConf(357)) - 194f2ff6-41c6-4f9d-98fd-e63bb60a2475@group-7066FE0FC203: set configuration 0: [0716e483-2373-428e-a917-ee7c73d3521d:192.168.69.82:39524, d4bb136b-e602-4c0a-8f86-2462710659b1:192.168.69.82:42071, 194f2ff6-41c6-4f9d-98fd-e63bb60a2475:192.168.69.82:43645], old=null at 0
2019-10-17 05:56:57,480 [grpc-default-executor-0] INFO  segmented.SegmentedRaftLogWorker (SegmentedRaftLogWorker.java:truncate(401)) - 194f2ff6-41c6-4f9d-98fd-e63bb60a2475@group-7066FE0FC203-SegmentedRaftLogWorker: Truncating segments toTruncate: null
  toDelete: [(0, 0) isOpen? true, length=0, newEndIndex=-1], start index 0
2019-10-17 05:56:57,480 [grpc-default-executor-0] INFO  segmented.SegmentedRaftLogWorker (SegmentedRaftLogWorker.java:startLogSegment(385)) - 194f2ff6-41c6-4f9d-98fd-e63bb60a2475@group-7066FE0FC203-SegmentedRaftLogWorker: Starting segment from index:0
2019-10-17 05:56:57,481 [194f2ff6-41c6-4f9d-98fd-e63bb60a2475@group-7066FE0FC203-SegmentedRaftLogWorker] INFO  segmented.SegmentedRaftLogWorker (SegmentedRaftLogWorker.java:execute(640)) - 194f2ff6-41c6-4f9d-98fd-e63bb60a2475@group-7066FE0FC203-SegmentedRaftLogWorker: Deleted log file /workdir/hadoop-ozone/integration-test/target/test-dir/MiniOzoneClusterImpl-292a2ff3-4780-4182-bb48-82c20e0e309d/datanode-9/data/ratis/41395877-a154-41d7-8da2-7066fe0fc203/current/log_inprogress_0
2019-10-17 05:56:57,519 [194f2ff6-41c6-4f9d-98fd-e63bb60a2475@group-7066FE0FC203-SegmentedRaftLogWorker] INFO  segmented.SegmentedRaftLogWorker (SegmentedRaftLogWorker.java:lambda$new$0(128)) - 194f2ff6-41c6-4f9d-98fd-e63bb60a2475@group-7066FE0FC203-SegmentedRaftLogWorker: flushIndex: setUnconditionally 0 -> -1
2019-10-17 05:56:57,521 [9f06b4c9-079f-4989-8935-c6be59ddc82e@group-0D1055093416-LeaderElection32] INFO  impl.LeaderElection (LeaderElection.java:askForVotes(178)) - 9f06b4c9-079f-4989-8935-c6be59ddc82e@group-0D1055093416-LeaderElection32: begin an election at term 12 for -1: [9f06b4c9-079f-4989-8935-c6be59ddc82e:192.168.69.82:36391, b282f9e2-3bd4-452e-9c35-1adeacc39134:192.168.69.82:42567, 3ce2c7b7-3df7-42de-af28-9ba1d65ea84e:192.168.69.82:35388], old=null
2019-10-17 05:56:57,524 [grpc-default-executor-7] INFO  impl.RaftServerImpl (RaftServerImpl.java:setRole(184)) - 3ce2c7b7-3df7-42de-af28-9ba1d65ea84e@group-0D1055093416: changes role from  FOLLOWER to FOLLOWER at term 12 for recognizeCandidate:9f06b4c9-079f-4989-8935-c6be59ddc82e
2019-10-17 05:56:57,525 [grpc-default-executor-5] INFO  impl.RaftServerImpl (RaftServerImpl.java:setRole(184)) - b282f9e2-3bd4-452e-9c35-1adeacc39134@group-0D1055093416: changes role from  FOLLOWER to FOLLOWER at term 12 for recognizeCandidate:9f06b4c9-079f-4989-8935-c6be59ddc82e
2019-10-17 05:56:57,525 [grpc-default-executor-7] INFO  impl.RoleInfo (RoleInfo.java:shutdownFollowerState(121)) - 3ce2c7b7-3df7-42de-af28-9ba1d65ea84e: shutdown FollowerState
2019-10-17 05:56:57,525 [grpc-default-executor-5] INFO  impl.RoleInfo (RoleInfo.java:shutdownFollowerState(121)) - b282f9e2-3bd4-452e-9c35-1adeacc39134: shutdown FollowerState
2019-10-17 05:56:57,525 [Thread-548] INFO  impl.FollowerState (FollowerState.java:run(117)) - 3ce2c7b7-3df7-42de-af28-9ba1d65ea84e@group-0D1055093416-FollowerState was interrupted: java.lang.InterruptedException: sleep interrupted
2019-10-17 05:56:57,525 [grpc-default-executor-7] INFO  impl.RoleInfo (RoleInfo.java:updateAndGet(143)) - 3ce2c7b7-3df7-42de-af28-9ba1d65ea84e: start FollowerState
2019-10-17 05:56:57,525 [grpc-default-executor-5] INFO  impl.RoleInfo (RoleInfo.java:updateAndGet(143)) - b282f9e2-3bd4-452e-9c35-1adeacc39134: start FollowerState
2019-10-17 05:56:57,525 [Thread-549] INFO  impl.FollowerState (FollowerState.java:run(117)) - b282f9e2-3bd4-452e-9c35-1adeacc39134@group-0D1055093416-FollowerState was interrupted: java.lang.InterruptedException: sleep interrupted
2019-10-17 05:56:57,548 [d4bb136b-e602-4c0a-8f86-2462710659b1@group-7066FE0FC203-SegmentedRaftLogWorker] INFO  segmented.SegmentedRaftLogWorker (SegmentedRaftLogWorker.java:execute(576)) - d4bb136b-e602-4c0a-8f86-2462710659b1@group-7066FE0FC203-SegmentedRaftLogWorker: created new log segment /workdir/hadoop-ozone/integration-test/target/test-dir/MiniOzoneClusterImpl-292a2ff3-4780-4182-bb48-82c20e0e309d/datanode-5/data/ratis/41395877-a154-41d7-8da2-7066fe0fc203/current/log_inprogress_0
2019-10-17 05:56:57,548 [0716e483-2373-428e-a917-ee7c73d3521d@group-7066FE0FC203-SegmentedRaftLogWorker] INFO  segmented.SegmentedRaftLogWorker (SegmentedRaftLogWorker.java:execute(576)) - 0716e483-2373-428e-a917-ee7c73d3521d@group-7066FE0FC203-SegmentedRaftLogWorker: created new log segment /workdir/hadoop-ozone/integration-test/target/test-dir/MiniOzoneClusterImpl-292a2ff3-4780-4182-bb48-82c20e0e309d/datanode-1/data/ratis/41395877-a154-41d7-8da2-7066fe0fc203/current/log_inprogress_0
2019-10-17 05:56:57,563 [9f06b4c9-079f-4989-8935-c6be59ddc82e@group-0D1055093416-LeaderElection32] INFO  impl.LeaderElection (LeaderElection.java:logAndReturn(56)) - 9f06b4c9-079f-4989-8935-c6be59ddc82e@group-0D1055093416-LeaderElection32: Election TIMEOUT; received 0 response(s) [] and 0 exception(s); 9f06b4c9-079f-4989-8935-c6be59ddc82e@group-0D1055093416:t12, leader=null, voted=9f06b4c9-079f-4989-8935-c6be59ddc82e, raftlog=9f06b4c9-079f-4989-8935-c6be59ddc82e@group-0D1055093416-SegmentedRaftLog:OPENED:c-1,f-1,i0, conf=-1: [9f06b4c9-079f-4989-8935-c6be59ddc82e:192.168.69.82:36391, b282f9e2-3bd4-452e-9c35-1adeacc39134:192.168.69.82:42567, 3ce2c7b7-3df7-42de-af28-9ba1d65ea84e:192.168.69.82:35388], old=null
2019-10-17 05:56:57,576 [194f2ff6-41c6-4f9d-98fd-e63bb60a2475@group-7066FE0FC203-SegmentedRaftLogWorker] INFO  segmented.SegmentedRaftLogWorker (SegmentedRaftLogWorker.java:execute(576)) - 194f2ff6-41c6-4f9d-98fd-e63bb60a2475@group-7066FE0FC203-SegmentedRaftLogWorker: created new log segment /workdir/hadoop-ozone/integration-test/target/test-dir/MiniOzoneClusterImpl-292a2ff3-4780-4182-bb48-82c20e0e309d/datanode-9/data/ratis/41395877-a154-41d7-8da2-7066fe0fc203/current/log_inprogress_0
2019-10-17 05:56:57,576 [9f06b4c9-079f-4989-8935-c6be59ddc82e@group-0D1055093416-LeaderElection32] INFO  impl.LeaderElection (LeaderElection.java:askForVotes(178)) - 9f06b4c9-079f-4989-8935-c6be59ddc82e@group-0D1055093416-LeaderElection32: begin an election at term 13 for -1: [9f06b4c9-079f-4989-8935-c6be59ddc82e:192.168.69.82:36391, b282f9e2-3bd4-452e-9c35-1adeacc39134:192.168.69.82:42567, 3ce2c7b7-3df7-42de-af28-9ba1d65ea84e:192.168.69.82:35388], old=null
2019-10-17 05:56:57,590 [grpc-default-executor-7] INFO  impl.RaftServerImpl (RaftServerImpl.java:setRole(184)) - b282f9e2-3bd4-452e-9c35-1adeacc39134@group-0D1055093416: changes role from  FOLLOWER to FOLLOWER at term 13 for recognizeCandidate:9f06b4c9-079f-4989-8935-c6be59ddc82e
2019-10-17 05:56:57,590 [grpc-default-executor-7] INFO  impl.RoleInfo (RoleInfo.java:shutdownFollowerState(121)) - b282f9e2-3bd4-452e-9c35-1adeacc39134: shutdown FollowerState
2019-10-17 05:56:57,590 [grpc-default-executor-5] INFO  impl.RaftServerImpl (RaftServerImpl.java:setRole(184)) - 3ce2c7b7-3df7-42de-af28-9ba1d65ea84e@group-0D1055093416: changes role from  FOLLOWER to FOLLOWER at term 13 for recognizeCandidate:9f06b4c9-079f-4989-8935-c6be59ddc82e
2019-10-17 05:56:57,590 [Thread-557] INFO  impl.FollowerState (FollowerState.java:run(117)) - b282f9e2-3bd4-452e-9c35-1adeacc39134@group-0D1055093416-FollowerState was interrupted: java.lang.InterruptedException: sleep interrupted
2019-10-17 05:56:57,590 [grpc-default-executor-5] INFO  impl.RoleInfo (RoleInfo.java:shutdownFollowerState(121)) - 3ce2c7b7-3df7-42de-af28-9ba1d65ea84e: shutdown FollowerState
2019-10-17 05:56:57,590 [grpc-default-executor-7] INFO  impl.RoleInfo (RoleInfo.java:updateAndGet(143)) - b282f9e2-3bd4-452e-9c35-1adeacc39134: start FollowerState
2019-10-17 05:56:57,591 [grpc-default-executor-5] INFO  impl.RoleInfo (RoleInfo.java:updateAndGet(143)) - 3ce2c7b7-3df7-42de-af28-9ba1d65ea84e: start FollowerState
2019-10-17 05:56:57,591 [Thread-556] INFO  impl.FollowerState (FollowerState.java:run(117)) - 3ce2c7b7-3df7-42de-af28-9ba1d65ea84e@group-0D1055093416-FollowerState was interrupted: java.lang.InterruptedException: sleep interrupted
2019-10-17 05:56:57,601 [9f06b4c9-079f-4989-8935-c6be59ddc82e@group-0D1055093416-LeaderElection32] INFO  impl.LeaderElection (LeaderElection.java:logAndReturn(56)) - 9f06b4c9-079f-4989-8935-c6be59ddc82e@group-0D1055093416-LeaderElection32: Election REJECTED; received 2 response(s) [9f06b4c9-079f-4989-8935-c6be59ddc82e<-b282f9e2-3bd4-452e-9c35-1adeacc39134#0:FAIL-t13, 9f06b4c9-079f-4989-8935-c6be59ddc82e<-3ce2c7b7-3df7-42de-af28-9ba1d65ea84e#0:FAIL-t13] and 0 exception(s); 9f06b4c9-079f-4989-8935-c6be59ddc82e@group-0D1055093416:t13, leader=null, voted=9f06b4c9-079f-4989-8935-c6be59ddc82e, raftlog=9f06b4c9-079f-4989-8935-c6be59ddc82e@group-0D1055093416-SegmentedRaftLog:OPENED:c-1,f-1,i0, conf=-1: [9f06b4c9-079f-4989-8935-c6be59ddc82e:192.168.69.82:36391, b282f9e2-3bd4-452e-9c35-1adeacc39134:192.168.69.82:42567, 3ce2c7b7-3df7-42de-af28-9ba1d65ea84e:192.168.69.82:35388], old=null
2019-10-17 05:56:57,601 [9f06b4c9-079f-4989-8935-c6be59ddc82e@group-0D1055093416-LeaderElection32] INFO  impl.RaftServerImpl (RaftServerImpl.java:setRole(184)) - 9f06b4c9-079f-4989-8935-c6be59ddc82e@group-0D1055093416: changes role from CANDIDATE to FOLLOWER at term 13 for DISCOVERED_A_NEW_TERM
2019-10-17 05:56:57,601 [9f06b4c9-079f-4989-8935-c6be59ddc82e@group-0D1055093416-LeaderElection32] INFO  impl.RoleInfo (RoleInfo.java:shutdownLeaderElection(134)) - 9f06b4c9-079f-4989-8935-c6be59ddc82e: shutdown LeaderElection
2019-10-17 05:56:57,602 [9f06b4c9-079f-4989-8935-c6be59ddc82e@group-0D1055093416-LeaderElection32] INFO  impl.RoleInfo (RoleInfo.java:updateAndGet(143)) - 9f06b4c9-079f-4989-8935-c6be59ddc82e: start FollowerState
2019-10-17 05:56:57,716 [Thread-564] INFO  impl.FollowerState (FollowerState.java:run(108)) - 9f06b4c9-079f-4989-8935-c6be59ddc82e@group-0D1055093416-FollowerState: change to CANDIDATE, lastRpcTime:114ms, electionTimeout:114ms
2019-10-17 05:56:57,716 [Thread-564] INFO  impl.RoleInfo (RoleInfo.java:shutdownFollowerState(121)) - 9f06b4c9-079f-4989-8935-c6be59ddc82e: shutdown FollowerState
2019-10-17 05:56:57,716 [Thread-564] INFO  impl.RaftServerImpl (RaftServerImpl.java:setRole(184)) - 9f06b4c9-079f-4989-8935-c6be59ddc82e@group-0D1055093416: changes role from  FOLLOWER to CANDIDATE at term 13 for changeToCandidate
2019-10-17 05:56:57,717 [Thread-564] INFO  impl.RoleInfo (RoleInfo.java:updateAndGet(143)) - 9f06b4c9-079f-4989-8935-c6be59ddc82e: start LeaderElection
2019-10-17 05:56:57,734 [9f06b4c9-079f-4989-8935-c6be59ddc82e@group-0D1055093416-LeaderElection33] INFO  impl.LeaderElection (LeaderElection.java:askForVotes(178)) - 9f06b4c9-079f-4989-8935-c6be59ddc82e@group-0D1055093416-LeaderElection33: begin an election at term 14 for -1: [9f06b4c9-079f-4989-8935-c6be59ddc82e:192.168.69.82:36391, b282f9e2-3bd4-452e-9c35-1adeacc39134:192.168.69.82:42567, 3ce2c7b7-3df7-42de-af28-9ba1d65ea84e:192.168.69.82:35388], old=null
2019-10-17 05:56:57,738 [grpc-default-executor-7] INFO  impl.RaftServerImpl (RaftServerImpl.java:setRole(184)) - b282f9e2-3bd4-452e-9c35-1adeacc39134@group-0D1055093416: changes role from  FOLLOWER to FOLLOWER at term 14 for recognizeCandidate:9f06b4c9-079f-4989-8935-c6be59ddc82e
2019-10-17 05:56:57,738 [grpc-default-executor-7] INFO  impl.RoleInfo (RoleInfo.java:shutdownFollowerState(121)) - b282f9e2-3bd4-452e-9c35-1adeacc39134: shutdown FollowerState
2019-10-17 05:56:57,739 [grpc-default-executor-7] INFO  impl.RoleInfo (RoleInfo.java:updateAndGet(143)) - b282f9e2-3bd4-452e-9c35-1adeacc39134: start FollowerState
2019-10-17 05:56:57,739 [Thread-561] INFO  impl.FollowerState (FollowerState.java:run(117)) - b282f9e2-3bd4-452e-9c35-1adeacc39134@group-0D1055093416-FollowerState was interrupted: java.lang.InterruptedException: sleep interrupted
2019-10-17 05:56:57,739 [grpc-default-executor-5] INFO  impl.RaftServerImpl (RaftServerImpl.java:setRole(184)) - 3ce2c7b7-3df7-42de-af28-9ba1d65ea84e@group-0D1055093416: changes role from  FOLLOWER to FOLLOWER at term 14 for recognizeCandidate:9f06b4c9-079f-4989-8935-c6be59ddc82e
2019-10-17 05:56:57,739 [grpc-default-executor-5] INFO  impl.RoleInfo (RoleInfo.java:shutdownFollowerState(121)) - 3ce2c7b7-3df7-42de-af28-9ba1d65ea84e: shutdown FollowerState
2019-10-17 05:56:57,739 [grpc-default-executor-5] INFO  impl.RoleInfo (RoleInfo.java:updateAndGet(143)) - 3ce2c7b7-3df7-42de-af28-9ba1d65ea84e: start FollowerState
2019-10-17 05:56:57,739 [Thread-562] INFO  impl.FollowerState (FollowerState.java:run(117)) - 3ce2c7b7-3df7-42de-af28-9ba1d65ea84e@group-0D1055093416-FollowerState was interrupted: java.lang.InterruptedException: sleep interrupted
2019-10-17 05:56:57,755 [9f06b4c9-079f-4989-8935-c6be59ddc82e@group-0D1055093416-LeaderElection33] INFO  impl.LeaderElection (LeaderElection.java:logAndReturn(56)) - 9f06b4c9-079f-4989-8935-c6be59ddc82e@group-0D1055093416-LeaderElection33: Election REJECTED; received 2 response(s) [9f06b4c9-079f-4989-8935-c6be59ddc82e<-b282f9e2-3bd4-452e-9c35-1adeacc39134#0:FAIL-t14, 9f06b4c9-079f-4989-8935-c6be59ddc82e<-3ce2c7b7-3df7-42de-af28-9ba1d65ea84e#0:FAIL-t14] and 0 exception(s); 9f06b4c9-079f-4989-8935-c6be59ddc82e@group-0D1055093416:t14, leader=null, voted=9f06b4c9-079f-4989-8935-c6be59ddc82e, raftlog=9f06b4c9-079f-4989-8935-c6be59ddc82e@group-0D1055093416-SegmentedRaftLog:OPENED:c-1,f-1,i0, conf=-1: [9f06b4c9-079f-4989-8935-c6be59ddc82e:192.168.69.82:36391, b282f9e2-3bd4-452e-9c35-1adeacc39134:192.168.69.82:42567, 3ce2c7b7-3df7-42de-af28-9ba1d65ea84e:192.168.69.82:35388], old=null
2019-10-17 05:56:57,755 [9f06b4c9-079f-4989-8935-c6be59ddc82e@group-0D1055093416-LeaderElection33] INFO  impl.RaftServerImpl (RaftServerImpl.java:setRole(184)) - 9f06b4c9-079f-4989-8935-c6be59ddc82e@group-0D1055093416: changes role from CANDIDATE to FOLLOWER at term 14 for DISCOVERED_A_NEW_TERM
2019-10-17 05:56:57,755 [9f06b4c9-079f-4989-8935-c6be59ddc82e@group-0D1055093416-LeaderElection33] INFO  impl.RoleInfo (RoleInfo.java:shutdownLeaderElection(134)) - 9f06b4c9-079f-4989-8935-c6be59ddc82e: shutdown LeaderElection
2019-10-17 05:56:57,755 [9f06b4c9-079f-4989-8935-c6be59ddc82e@group-0D1055093416-LeaderElection33] INFO  impl.RoleInfo (RoleInfo.java:updateAndGet(143)) - 9f06b4c9-079f-4989-8935-c6be59ddc82e: start FollowerState
2019-10-17 05:56:57,802 [main] INFO  impl.MetricsSystemImpl (MetricsSystemImpl.java:init(158)) - XceiverClientMetrics metrics system started (again)
2019-10-17 05:56:57,807 [Thread-570] INFO  impl.FollowerState (FollowerState.java:run(108)) - 9f06b4c9-079f-4989-8935-c6be59ddc82e@group-0D1055093416-FollowerState: change to CANDIDATE, lastRpcTime:51ms, electionTimeout:50ms
2019-10-17 05:56:57,807 [Thread-570] INFO  impl.RoleInfo (RoleInfo.java:shutdownFollowerState(121)) - 9f06b4c9-079f-4989-8935-c6be59ddc82e: shutdown FollowerState
2019-10-17 05:56:57,807 [Thread-570] INFO  impl.RaftServerImpl (RaftServerImpl.java:setRole(184)) - 9f06b4c9-079f-4989-8935-c6be59ddc82e@group-0D1055093416: changes role from  FOLLOWER to CANDIDATE at term 14 for changeToCandidate
2019-10-17 05:56:57,808 [Thread-570] INFO  impl.RoleInfo (RoleInfo.java:updateAndGet(143)) - 9f06b4c9-079f-4989-8935-c6be59ddc82e: start LeaderElection
2019-10-17 05:56:57,822 [9f06b4c9-079f-4989-8935-c6be59ddc82e@group-0D1055093416-LeaderElection34] INFO  impl.LeaderElection (LeaderElection.java:askForVotes(178)) - 9f06b4c9-079f-4989-8935-c6be59ddc82e@group-0D1055093416-LeaderElection34: begin an election at term 15 for -1: [9f06b4c9-079f-4989-8935-c6be59ddc82e:192.168.69.82:36391, b282f9e2-3bd4-452e-9c35-1adeacc39134:192.168.69.82:42567, 3ce2c7b7-3df7-42de-af28-9ba1d65ea84e:192.168.69.82:35388], old=null
2019-10-17 05:56:57,825 [grpc-default-executor-7] INFO  impl.RaftServerImpl (RaftServerImpl.java:setRole(184)) - b282f9e2-3bd4-452e-9c35-1adeacc39134@group-0D1055093416: changes role from  FOLLOWER to FOLLOWER at term 15 for recognizeCandidate:9f06b4c9-079f-4989-8935-c6be59ddc82e
2019-10-17 05:56:57,825 [grpc-default-executor-7] INFO  impl.RoleInfo (RoleInfo.java:shutdownFollowerState(121)) - b282f9e2-3bd4-452e-9c35-1adeacc39134: shutdown FollowerState
2019-10-17 05:56:57,825 [grpc-default-executor-5] INFO  impl.RaftServerImpl (RaftServerImpl.java:setRole(184)) - 3ce2c7b7-3df7-42de-af28-9ba1d65ea84e@group-0D1055093416: changes role from  FOLLOWER to FOLLOWER at term 15 for recognizeCandidate:9f06b4c9-079f-4989-8935-c6be59ddc82e
2019-10-17 05:56:57,826 [grpc-default-executor-7] INFO  impl.RoleInfo (RoleInfo.java:updateAndGet(143)) - b282f9e2-3bd4-452e-9c35-1adeacc39134: start FollowerState
2019-10-17 05:56:57,826 [grpc-default-executor-5] INFO  impl.RoleInfo (RoleInfo.java:shutdownFollowerState(121)) - 3ce2c7b7-3df7-42de-af28-9ba1d65ea84e: shutdown FollowerState
2019-10-17 05:56:57,826 [Thread-568] INFO  impl.FollowerState (FollowerState.java:run(117)) - b282f9e2-3bd4-452e-9c35-1adeacc39134@group-0D1055093416-FollowerState was interrupted: java.lang.InterruptedException: sleep interrupted
2019-10-17 05:56:57,826 [grpc-default-executor-5] INFO  impl.RoleInfo (RoleInfo.java:updateAndGet(143)) - 3ce2c7b7-3df7-42de-af28-9ba1d65ea84e: start FollowerState
2019-10-17 05:56:57,826 [Thread-569] INFO  impl.FollowerState (FollowerState.java:run(117)) - 3ce2c7b7-3df7-42de-af28-9ba1d65ea84e@group-0D1055093416-FollowerState was interrupted: java.lang.InterruptedException: sleep interrupted
2019-10-17 05:56:57,842 [9f06b4c9-079f-4989-8935-c6be59ddc82e@group-0D1055093416-LeaderElection34] INFO  impl.LeaderElection (LeaderElection.java:logAndReturn(56)) - 9f06b4c9-079f-4989-8935-c6be59ddc82e@group-0D1055093416-LeaderElection34: Election REJECTED; received 2 response(s) [9f06b4c9-079f-4989-8935-c6be59ddc82e<-b282f9e2-3bd4-452e-9c35-1adeacc39134#0:FAIL-t15, 9f06b4c9-079f-4989-8935-c6be59ddc82e<-3ce2c7b7-3df7-42de-af28-9ba1d65ea84e#0:FAIL-t15] and 0 exception(s); 9f06b4c9-079f-4989-8935-c6be59ddc82e@group-0D1055093416:t15, leader=null, voted=9f06b4c9-079f-4989-8935-c6be59ddc82e, raftlog=9f06b4c9-079f-4989-8935-c6be59ddc82e@group-0D1055093416-SegmentedRaftLog:OPENED:c-1,f-1,i0, conf=-1: [9f06b4c9-079f-4989-8935-c6be59ddc82e:192.168.69.82:36391, b282f9e2-3bd4-452e-9c35-1adeacc39134:192.168.69.82:42567, 3ce2c7b7-3df7-42de-af28-9ba1d65ea84e:192.168.69.82:35388], old=null
2019-10-17 05:56:57,842 [9f06b4c9-079f-4989-8935-c6be59ddc82e@group-0D1055093416-LeaderElection34] INFO  impl.RaftServerImpl (RaftServerImpl.java:setRole(184)) - 9f06b4c9-079f-4989-8935-c6be59ddc82e@group-0D1055093416: changes role from CANDIDATE to FOLLOWER at term 15 for DISCOVERED_A_NEW_TERM
2019-10-17 05:56:57,842 [9f06b4c9-079f-4989-8935-c6be59ddc82e@group-0D1055093416-LeaderElection34] INFO  impl.RoleInfo (RoleInfo.java:shutdownLeaderElection(134)) - 9f06b4c9-079f-4989-8935-c6be59ddc82e: shutdown LeaderElection
2019-10-17 05:56:57,842 [9f06b4c9-079f-4989-8935-c6be59ddc82e@group-0D1055093416-LeaderElection34] INFO  impl.RoleInfo (RoleInfo.java:updateAndGet(143)) - 9f06b4c9-079f-4989-8935-c6be59ddc82e: start FollowerState
2019-10-17 05:56:57,894 [Thread-576] INFO  impl.FollowerState (FollowerState.java:run(108)) - 9f06b4c9-079f-4989-8935-c6be59ddc82e@group-0D1055093416-FollowerState: change to CANDIDATE, lastRpcTime:51ms, electionTimeout:51ms
2019-10-17 05:56:57,894 [Thread-576] INFO  impl.RoleInfo (RoleInfo.java:shutdownFollowerState(121)) - 9f06b4c9-079f-4989-8935-c6be59ddc82e: shutdown FollowerState
2019-10-17 05:56:57,901 [Thread-576] INFO  impl.RaftServerImpl (RaftServerImpl.java:setRole(184)) - 9f06b4c9-079f-4989-8935-c6be59ddc82e@group-0D1055093416: changes role from  FOLLOWER to CANDIDATE at term 15 for changeToCandidate
2019-10-17 05:56:57,902 [Thread-576] INFO  impl.RoleInfo (RoleInfo.java:updateAndGet(143)) - 9f06b4c9-079f-4989-8935-c6be59ddc82e: start LeaderElection
2019-10-17 05:56:57,916 [9f06b4c9-079f-4989-8935-c6be59ddc82e@group-0D1055093416-LeaderElection35] INFO  impl.LeaderElection (LeaderElection.java:askForVotes(178)) - 9f06b4c9-079f-4989-8935-c6be59ddc82e@group-0D1055093416-LeaderElection35: begin an election at term 16 for -1: [9f06b4c9-079f-4989-8935-c6be59ddc82e:192.168.69.82:36391, b282f9e2-3bd4-452e-9c35-1adeacc39134:192.168.69.82:42567, 3ce2c7b7-3df7-42de-af28-9ba1d65ea84e:192.168.69.82:35388], old=null
2019-10-17 05:56:57,920 [grpc-default-executor-7] INFO  impl.RaftServerImpl (RaftServerImpl.java:setRole(184)) - 3ce2c7b7-3df7-42de-af28-9ba1d65ea84e@group-0D1055093416: changes role from  FOLLOWER to FOLLOWER at term 16 for recognizeCandidate:9f06b4c9-079f-4989-8935-c6be59ddc82e
2019-10-17 05:56:57,921 [grpc-default-executor-7] INFO  impl.RoleInfo (RoleInfo.java:shutdownFollowerState(121)) - 3ce2c7b7-3df7-42de-af28-9ba1d65ea84e: shutdown FollowerState
2019-10-17 05:56:57,921 [grpc-default-executor-7] INFO  impl.RoleInfo (RoleInfo.java:updateAndGet(143)) - 3ce2c7b7-3df7-42de-af28-9ba1d65ea84e: start FollowerState
2019-10-17 05:56:57,921 [Thread-575] INFO  impl.FollowerState (FollowerState.java:run(117)) - 3ce2c7b7-3df7-42de-af28-9ba1d65ea84e@group-0D1055093416-FollowerState was interrupted: java.lang.InterruptedException: sleep interrupted
2019-10-17 05:56:57,922 [grpc-default-executor-0] INFO  impl.RaftServerImpl (RaftServerImpl.java:setRole(184)) - b282f9e2-3bd4-452e-9c35-1adeacc39134@group-0D1055093416: changes role from  FOLLOWER to FOLLOWER at term 16 for recognizeCandidate:9f06b4c9-079f-4989-8935-c6be59ddc82e
2019-10-17 05:56:57,923 [grpc-default-executor-0] INFO  impl.RoleInfo (RoleInfo.java:shutdownFollowerState(121)) - b282f9e2-3bd4-452e-9c35-1adeacc39134: shutdown FollowerState
2019-10-17 05:56:57,923 [grpc-default-executor-0] INFO  impl.RoleInfo (RoleInfo.java:updateAndGet(143)) - b282f9e2-3bd4-452e-9c35-1adeacc39134: start FollowerState
2019-10-17 05:56:57,923 [Thread-574] INFO  impl.FollowerState (FollowerState.java:run(117)) - b282f9e2-3bd4-452e-9c35-1adeacc39134@group-0D1055093416-FollowerState was interrupted: java.lang.InterruptedException: sleep interrupted
2019-10-17 05:56:57,936 [9f06b4c9-079f-4989-8935-c6be59ddc82e@group-0D1055093416-LeaderElection35] INFO  impl.LeaderElection (LeaderElection.java:logAndReturn(56)) - 9f06b4c9-079f-4989-8935-c6be59ddc82e@group-0D1055093416-LeaderElection35: Election REJECTED; received 2 response(s) [9f06b4c9-079f-4989-8935-c6be59ddc82e<-b282f9e2-3bd4-452e-9c35-1adeacc39134#0:FAIL-t16, 9f06b4c9-079f-4989-8935-c6be59ddc82e<-3ce2c7b7-3df7-42de-af28-9ba1d65ea84e#0:FAIL-t16] and 0 exception(s); 9f06b4c9-079f-4989-8935-c6be59ddc82e@group-0D1055093416:t16, leader=null, voted=9f06b4c9-079f-4989-8935-c6be59ddc82e, raftlog=9f06b4c9-079f-4989-8935-c6be59ddc82e@group-0D1055093416-SegmentedRaftLog:OPENED:c-1,f-1,i0, conf=-1: [9f06b4c9-079f-4989-8935-c6be59ddc82e:192.168.69.82:36391, b282f9e2-3bd4-452e-9c35-1adeacc39134:192.168.69.82:42567, 3ce2c7b7-3df7-42de-af28-9ba1d65ea84e:192.168.69.82:35388], old=null
2019-10-17 05:56:57,936 [9f06b4c9-079f-4989-8935-c6be59ddc82e@group-0D1055093416-LeaderElection35] INFO  impl.RaftServerImpl (RaftServerImpl.java:setRole(184)) - 9f06b4c9-079f-4989-8935-c6be59ddc82e@group-0D1055093416: changes role from CANDIDATE to FOLLOWER at term 16 for DISCOVERED_A_NEW_TERM
2019-10-17 05:56:57,936 [9f06b4c9-079f-4989-8935-c6be59ddc82e@group-0D1055093416-LeaderElection35] INFO  impl.RoleInfo (RoleInfo.java:shutdownLeaderElection(134)) - 9f06b4c9-079f-4989-8935-c6be59ddc82e: shutdown LeaderElection
2019-10-17 05:56:57,937 [9f06b4c9-079f-4989-8935-c6be59ddc82e@group-0D1055093416-LeaderElection35] INFO  impl.RoleInfo (RoleInfo.java:updateAndGet(143)) - 9f06b4c9-079f-4989-8935-c6be59ddc82e: start FollowerState
2019-10-17 05:56:58,000 [Thread-584] INFO  impl.FollowerState (FollowerState.java:run(108)) - 9f06b4c9-079f-4989-8935-c6be59ddc82e@group-0D1055093416-FollowerState: change to CANDIDATE, lastRpcTime:63ms, electionTimeout:63ms
2019-10-17 05:56:58,001 [Thread-584] INFO  impl.RoleInfo (RoleInfo.java:shutdownFollowerState(121)) - 9f06b4c9-079f-4989-8935-c6be59ddc82e: shutdown FollowerState
2019-10-17 05:56:58,001 [Thread-584] INFO  impl.RaftServerImpl (RaftServerImpl.java:setRole(184)) - 9f06b4c9-079f-4989-8935-c6be59ddc82e@group-0D1055093416: changes role from  FOLLOWER to CANDIDATE at term 16 for changeToCandidate
2019-10-17 05:56:58,001 [Thread-584] INFO  impl.RoleInfo (RoleInfo.java:updateAndGet(143)) - 9f06b4c9-079f-4989-8935-c6be59ddc82e: start LeaderElection
2019-10-17 05:56:58,015 [9f06b4c9-079f-4989-8935-c6be59ddc82e@group-0D1055093416-LeaderElection36] INFO  impl.LeaderElection (LeaderElection.java:askForVotes(178)) - 9f06b4c9-079f-4989-8935-c6be59ddc82e@group-0D1055093416-LeaderElection36: begin an election at term 17 for -1: [9f06b4c9-079f-4989-8935-c6be59ddc82e:192.168.69.82:36391, b282f9e2-3bd4-452e-9c35-1adeacc39134:192.168.69.82:42567, 3ce2c7b7-3df7-42de-af28-9ba1d65ea84e:192.168.69.82:35388], old=null
2019-10-17 05:56:58,018 [grpc-default-executor-0] INFO  impl.RaftServerImpl (RaftServerImpl.java:setRole(184)) - b282f9e2-3bd4-452e-9c35-1adeacc39134@group-0D1055093416: changes role from  FOLLOWER to FOLLOWER at term 17 for recognizeCandidate:9f06b4c9-079f-4989-8935-c6be59ddc82e
2019-10-17 05:56:58,018 [grpc-default-executor-0] INFO  impl.RoleInfo (RoleInfo.java:shutdownFollowerState(121)) - b282f9e2-3bd4-452e-9c35-1adeacc39134: shutdown FollowerState
2019-10-17 05:56:58,018 [grpc-default-executor-7] INFO  impl.RaftServerImpl (RaftServerImpl.java:setRole(184)) - 3ce2c7b7-3df7-42de-af28-9ba1d65ea84e@group-0D1055093416: changes role from  FOLLOWER to FOLLOWER at term 17 for recognizeCandidate:9f06b4c9-079f-4989-8935-c6be59ddc82e
2019-10-17 05:56:58,018 [grpc-default-executor-0] INFO  impl.RoleInfo (RoleInfo.java:updateAndGet(143)) - b282f9e2-3bd4-452e-9c35-1adeacc39134: start FollowerState
2019-10-17 05:56:58,018 [Thread-582] INFO  impl.FollowerState (FollowerState.java:run(117)) - b282f9e2-3bd4-452e-9c35-1adeacc39134@group-0D1055093416-FollowerState was interrupted: java.lang.InterruptedException: sleep interrupted
2019-10-17 05:56:58,018 [grpc-default-executor-7] INFO  impl.RoleInfo (RoleInfo.java:shutdownFollowerState(121)) - 3ce2c7b7-3df7-42de-af28-9ba1d65ea84e: shutdown FollowerState
2019-10-17 05:56:58,019 [Thread-581] INFO  impl.FollowerState (FollowerState.java:run(117)) - 3ce2c7b7-3df7-42de-af28-9ba1d65ea84e@group-0D1055093416-FollowerState was interrupted: java.lang.InterruptedException: sleep interrupted
2019-10-17 05:56:58,019 [grpc-default-executor-7] INFO  impl.RoleInfo (RoleInfo.java:updateAndGet(143)) - 3ce2c7b7-3df7-42de-af28-9ba1d65ea84e: start FollowerState
2019-10-17 05:56:58,034 [9f06b4c9-079f-4989-8935-c6be59ddc82e@group-0D1055093416-LeaderElection36] INFO  impl.LeaderElection (LeaderElection.java:logAndReturn(56)) - 9f06b4c9-079f-4989-8935-c6be59ddc82e@group-0D1055093416-LeaderElection36: Election REJECTED; received 2 response(s) [9f06b4c9-079f-4989-8935-c6be59ddc82e<-b282f9e2-3bd4-452e-9c35-1adeacc39134#0:FAIL-t17, 9f06b4c9-079f-4989-8935-c6be59ddc82e<-3ce2c7b7-3df7-42de-af28-9ba1d65ea84e#0:FAIL-t17] and 0 exception(s); 9f06b4c9-079f-4989-8935-c6be59ddc82e@group-0D1055093416:t17, leader=null, voted=9f06b4c9-079f-4989-8935-c6be59ddc82e, raftlog=9f06b4c9-079f-4989-8935-c6be59ddc82e@group-0D1055093416-SegmentedRaftLog:OPENED:c-1,f-1,i0, conf=-1: [9f06b4c9-079f-4989-8935-c6be59ddc82e:192.168.69.82:36391, b282f9e2-3bd4-452e-9c35-1adeacc39134:192.168.69.82:42567, 3ce2c7b7-3df7-42de-af28-9ba1d65ea84e:192.168.69.82:35388], old=null
2019-10-17 05:56:58,034 [9f06b4c9-079f-4989-8935-c6be59ddc82e@group-0D1055093416-LeaderElection36] INFO  impl.RaftServerImpl (RaftServerImpl.java:setRole(184)) - 9f06b4c9-079f-4989-8935-c6be59ddc82e@group-0D1055093416: changes role from CANDIDATE to FOLLOWER at term 17 for DISCOVERED_A_NEW_TERM
2019-10-17 05:56:58,034 [9f06b4c9-079f-4989-8935-c6be59ddc82e@group-0D1055093416-LeaderElection36] INFO  impl.RoleInfo (RoleInfo.java:shutdownLeaderElection(134)) - 9f06b4c9-079f-4989-8935-c6be59ddc82e: shutdown LeaderElection
2019-10-17 05:56:58,035 [9f06b4c9-079f-4989-8935-c6be59ddc82e@group-0D1055093416-LeaderElection36] INFO  impl.RoleInfo (RoleInfo.java:updateAndGet(143)) - 9f06b4c9-079f-4989-8935-c6be59ddc82e: start FollowerState
2019-10-17 05:56:58,063 [Thread-593] INFO  impl.FollowerState (FollowerState.java:run(108)) - 9f06b4c9-079f-4989-8935-c6be59ddc82e@group-0D1055093416-FollowerState: change to CANDIDATE, lastRpcTime:28ms, electionTimeout:28ms
2019-10-17 05:56:58,063 [Thread-593] INFO  impl.RoleInfo (RoleInfo.java:shutdownFollowerState(121)) - 9f06b4c9-079f-4989-8935-c6be59ddc82e: shutdown FollowerState
2019-10-17 05:56:58,063 [Thread-593] INFO  impl.RaftServerImpl (RaftServerImpl.java:setRole(184)) - 9f06b4c9-079f-4989-8935-c6be59ddc82e@group-0D1055093416: changes role from  FOLLOWER to CANDIDATE at term 17 for changeToCandidate
2019-10-17 05:56:58,063 [Thread-593] INFO  impl.RoleInfo (RoleInfo.java:updateAndGet(143)) - 9f06b4c9-079f-4989-8935-c6be59ddc82e: start LeaderElection
2019-10-17 05:56:58,077 [9f06b4c9-079f-4989-8935-c6be59ddc82e@group-0D1055093416-LeaderElection37] INFO  impl.LeaderElection (LeaderElection.java:askForVotes(178)) - 9f06b4c9-079f-4989-8935-c6be59ddc82e@group-0D1055093416-LeaderElection37: begin an election at term 18 for -1: [9f06b4c9-079f-4989-8935-c6be59ddc82e:192.168.69.82:36391, b282f9e2-3bd4-452e-9c35-1adeacc39134:192.168.69.82:42567, 3ce2c7b7-3df7-42de-af28-9ba1d65ea84e:192.168.69.82:35388], old=null
2019-10-17 05:56:58,080 [grpc-default-executor-0] INFO  impl.RaftServerImpl (RaftServerImpl.java:setRole(184)) - b282f9e2-3bd4-452e-9c35-1adeacc39134@group-0D1055093416: changes role from  FOLLOWER to FOLLOWER at term 18 for recognizeCandidate:9f06b4c9-079f-4989-8935-c6be59ddc82e
2019-10-17 05:56:58,080 [grpc-default-executor-0] INFO  impl.RoleInfo (RoleInfo.java:shutdownFollowerState(121)) - b282f9e2-3bd4-452e-9c35-1adeacc39134: shutdown FollowerState
2019-10-17 05:56:58,080 [Thread-591] INFO  impl.FollowerState (FollowerState.java:run(117)) - b282f9e2-3bd4-452e-9c35-1adeacc39134@group-0D1055093416-FollowerState was interrupted: java.lang.InterruptedException: sleep interrupted
2019-10-17 05:56:58,080 [grpc-default-executor-0] INFO  impl.RoleInfo (RoleInfo.java:updateAndGet(143)) - b282f9e2-3bd4-452e-9c35-1adeacc39134: start FollowerState
2019-10-17 05:56:58,081 [grpc-default-executor-7] INFO  impl.RaftServerImpl (RaftServerImpl.java:setRole(184)) - 3ce2c7b7-3df7-42de-af28-9ba1d65ea84e@group-0D1055093416: changes role from  FOLLOWER to FOLLOWER at term 18 for recognizeCandidate:9f06b4c9-079f-4989-8935-c6be59ddc82e
2019-10-17 05:56:58,081 [grpc-default-executor-7] INFO  impl.RoleInfo (RoleInfo.java:shutdownFollowerState(121)) - 3ce2c7b7-3df7-42de-af28-9ba1d65ea84e: shutdown FollowerState
2019-10-17 05:56:58,081 [Thread-592] INFO  impl.FollowerState (FollowerState.java:run(117)) - 3ce2c7b7-3df7-42de-af28-9ba1d65ea84e@group-0D1055093416-FollowerState was interrupted: java.lang.InterruptedException: sleep interrupted
2019-10-17 05:56:58,081 [grpc-default-executor-7] INFO  impl.RoleInfo (RoleInfo.java:updateAndGet(143)) - 3ce2c7b7-3df7-42de-af28-9ba1d65ea84e: start FollowerState
2019-10-17 05:56:58,095 [9f06b4c9-079f-4989-8935-c6be59ddc82e@group-0D1055093416-LeaderElection37] INFO  impl.LeaderElection (LeaderElection.java:logAndReturn(56)) - 9f06b4c9-079f-4989-8935-c6be59ddc82e@group-0D1055093416-LeaderElection37: Election REJECTED; received 2 response(s) [9f06b4c9-079f-4989-8935-c6be59ddc82e<-b282f9e2-3bd4-452e-9c35-1adeacc39134#0:FAIL-t18, 9f06b4c9-079f-4989-8935-c6be59ddc82e<-3ce2c7b7-3df7-42de-af28-9ba1d65ea84e#0:FAIL-t18] and 0 exception(s); 9f06b4c9-079f-4989-8935-c6be59ddc82e@group-0D1055093416:t18, leader=null, voted=9f06b4c9-079f-4989-8935-c6be59ddc82e, raftlog=9f06b4c9-079f-4989-8935-c6be59ddc82e@group-0D1055093416-SegmentedRaftLog:OPENED:c-1,f-1,i0, conf=-1: [9f06b4c9-079f-4989-8935-c6be59ddc82e:192.168.69.82:36391, b282f9e2-3bd4-452e-9c35-1adeacc39134:192.168.69.82:42567, 3ce2c7b7-3df7-42de-af28-9ba1d65ea84e:192.168.69.82:35388], old=null
2019-10-17 05:56:58,095 [9f06b4c9-079f-4989-8935-c6be59ddc82e@group-0D1055093416-LeaderElection37] INFO  impl.RaftServerImpl (RaftServerImpl.java:setRole(184)) - 9f06b4c9-079f-4989-8935-c6be59ddc82e@group-0D1055093416: changes role from CANDIDATE to FOLLOWER at term 18 for DISCOVERED_A_NEW_TERM
2019-10-17 05:56:58,096 [9f06b4c9-079f-4989-8935-c6be59ddc82e@group-0D1055093416-LeaderElection37] INFO  impl.RoleInfo (RoleInfo.java:shutdownLeaderElection(134)) - 9f06b4c9-079f-4989-8935-c6be59ddc82e: shutdown LeaderElection
2019-10-17 05:56:58,096 [9f06b4c9-079f-4989-8935-c6be59ddc82e@group-0D1055093416-LeaderElection37] INFO  impl.RoleInfo (RoleInfo.java:updateAndGet(143)) - 9f06b4c9-079f-4989-8935-c6be59ddc82e: start FollowerState
2019-10-17 05:56:58,167 [Thread-600] INFO  impl.FollowerState (FollowerState.java:run(108)) - 9f06b4c9-079f-4989-8935-c6be59ddc82e@group-0D1055093416-FollowerState: change to CANDIDATE, lastRpcTime:71ms, electionTimeout:71ms
2019-10-17 05:56:58,167 [Thread-600] INFO  impl.RoleInfo (RoleInfo.java:shutdownFollowerState(121)) - 9f06b4c9-079f-4989-8935-c6be59ddc82e: shutdown FollowerState
2019-10-17 05:56:58,167 [Thread-600] INFO  impl.RaftServerImpl (RaftServerImpl.java:setRole(184)) - 9f06b4c9-079f-4989-8935-c6be59ddc82e@group-0D1055093416: changes role from  FOLLOWER to CANDIDATE at term 18 for changeToCandidate
2019-10-17 05:56:58,168 [Thread-600] INFO  impl.RoleInfo (RoleInfo.java:updateAndGet(143)) - 9f06b4c9-079f-4989-8935-c6be59ddc82e: start LeaderElection
2019-10-17 05:56:58,182 [9f06b4c9-079f-4989-8935-c6be59ddc82e@group-0D1055093416-LeaderElection38] INFO  impl.LeaderElection (LeaderElection.java:askForVotes(178)) - 9f06b4c9-079f-4989-8935-c6be59ddc82e@group-0D1055093416-LeaderElection38: begin an election at term 19 for -1: [9f06b4c9-079f-4989-8935-c6be59ddc82e:192.168.69.82:36391, b282f9e2-3bd4-452e-9c35-1adeacc39134:192.168.69.82:42567, 3ce2c7b7-3df7-42de-af28-9ba1d65ea84e:192.168.69.82:35388], old=null
2019-10-17 05:56:58,189 [grpc-default-executor-7] INFO  impl.RaftServerImpl (RaftServerImpl.java:setRole(184)) - b282f9e2-3bd4-452e-9c35-1adeacc39134@group-0D1055093416: changes role from  FOLLOWER to FOLLOWER at term 19 for recognizeCandidate:9f06b4c9-079f-4989-8935-c6be59ddc82e
2019-10-17 05:56:58,189 [grpc-default-executor-7] INFO  impl.RoleInfo (RoleInfo.java:shutdownFollowerState(121)) - b282f9e2-3bd4-452e-9c35-1adeacc39134: shutdown FollowerState
2019-10-17 05:56:58,189 [grpc-default-executor-7] INFO  impl.RoleInfo (RoleInfo.java:updateAndGet(143)) - b282f9e2-3bd4-452e-9c35-1adeacc39134: start FollowerState
2019-10-17 05:56:58,189 [Thread-598] INFO  impl.FollowerState (FollowerState.java:run(117)) - b282f9e2-3bd4-452e-9c35-1adeacc39134@group-0D1055093416-FollowerState was interrupted: java.lang.InterruptedException: sleep interrupted
2019-10-17 05:56:58,189 [grpc-default-executor-0] INFO  impl.RaftServerImpl (RaftServerImpl.java:setRole(184)) - 3ce2c7b7-3df7-42de-af28-9ba1d65ea84e@group-0D1055093416: changes role from  FOLLOWER to FOLLOWER at term 19 for recognizeCandidate:9f06b4c9-079f-4989-8935-c6be59ddc82e
2019-10-17 05:56:58,189 [grpc-default-executor-0] INFO  impl.RoleInfo (RoleInfo.java:shutdownFollowerState(121)) - 3ce2c7b7-3df7-42de-af28-9ba1d65ea84e: shutdown FollowerState
2019-10-17 05:56:58,189 [Thread-599] INFO  impl.FollowerState (FollowerState.java:run(117)) - 3ce2c7b7-3df7-42de-af28-9ba1d65ea84e@group-0D1055093416-FollowerState was interrupted: java.lang.InterruptedException: sleep interrupted
2019-10-17 05:56:58,190 [grpc-default-executor-0] INFO  impl.RoleInfo (RoleInfo.java:updateAndGet(143)) - 3ce2c7b7-3df7-42de-af28-9ba1d65ea84e: start FollowerState
2019-10-17 05:56:58,204 [9f06b4c9-079f-4989-8935-c6be59ddc82e@group-0D1055093416-LeaderElection38] INFO  impl.LeaderElection (LeaderElection.java:logAndReturn(56)) - 9f06b4c9-079f-4989-8935-c6be59ddc82e@group-0D1055093416-LeaderElection38: Election REJECTED; received 2 response(s) [9f06b4c9-079f-4989-8935-c6be59ddc82e<-b282f9e2-3bd4-452e-9c35-1adeacc39134#0:FAIL-t19, 9f06b4c9-079f-4989-8935-c6be59ddc82e<-3ce2c7b7-3df7-42de-af28-9ba1d65ea84e#0:FAIL-t19] and 0 exception(s); 9f06b4c9-079f-4989-8935-c6be59ddc82e@group-0D1055093416:t19, leader=null, voted=9f06b4c9-079f-4989-8935-c6be59ddc82e, raftlog=9f06b4c9-079f-4989-8935-c6be59ddc82e@group-0D1055093416-SegmentedRaftLog:OPENED:c-1,f-1,i0, conf=-1: [9f06b4c9-079f-4989-8935-c6be59ddc82e:192.168.69.82:36391, b282f9e2-3bd4-452e-9c35-1adeacc39134:192.168.69.82:42567, 3ce2c7b7-3df7-42de-af28-9ba1d65ea84e:192.168.69.82:35388], old=null
2019-10-17 05:56:58,204 [9f06b4c9-079f-4989-8935-c6be59ddc82e@group-0D1055093416-LeaderElection38] INFO  impl.RaftServerImpl (RaftServerImpl.java:setRole(184)) - 9f06b4c9-079f-4989-8935-c6be59ddc82e@group-0D1055093416: changes role from CANDIDATE to FOLLOWER at term 19 for DISCOVERED_A_NEW_TERM
2019-10-17 05:56:58,205 [9f06b4c9-079f-4989-8935-c6be59ddc82e@group-0D1055093416-LeaderElection38] INFO  impl.RoleInfo (RoleInfo.java:shutdownLeaderElection(134)) - 9f06b4c9-079f-4989-8935-c6be59ddc82e: shutdown LeaderElection
2019-10-17 05:56:58,205 [9f06b4c9-079f-4989-8935-c6be59ddc82e@group-0D1055093416-LeaderElection38] INFO  impl.RoleInfo (RoleInfo.java:updateAndGet(143)) - 9f06b4c9-079f-4989-8935-c6be59ddc82e: start FollowerState
2019-10-17 05:56:58,237 [Thread-607] INFO  impl.FollowerState (FollowerState.java:run(108)) - 9f06b4c9-079f-4989-8935-c6be59ddc82e@group-0D1055093416-FollowerState: change to CANDIDATE, lastRpcTime:32ms, electionTimeout:32ms
2019-10-17 05:56:58,237 [Thread-607] INFO  impl.RoleInfo (RoleInfo.java:shutdownFollowerState(121)) - 9f06b4c9-079f-4989-8935-c6be59ddc82e: shutdown FollowerState
2019-10-17 05:56:58,237 [Thread-607] INFO  impl.RaftServerImpl (RaftServerImpl.java:setRole(184)) - 9f06b4c9-079f-4989-8935-c6be59ddc82e@group-0D1055093416: changes role from  FOLLOWER to CANDIDATE at term 19 for changeToCandidate
2019-10-17 05:56:58,238 [Thread-607] INFO  impl.RoleInfo (RoleInfo.java:updateAndGet(143)) - 9f06b4c9-079f-4989-8935-c6be59ddc82e: start LeaderElection
2019-10-17 05:56:58,251 [9f06b4c9-079f-4989-8935-c6be59ddc82e@group-0D1055093416-LeaderElection39] INFO  impl.LeaderElection (LeaderElection.java:askForVotes(178)) - 9f06b4c9-079f-4989-8935-c6be59ddc82e@group-0D1055093416-LeaderElection39: begin an election at term 20 for -1: [9f06b4c9-079f-4989-8935-c6be59ddc82e:192.168.69.82:36391, b282f9e2-3bd4-452e-9c35-1adeacc39134:192.168.69.82:42567, 3ce2c7b7-3df7-42de-af28-9ba1d65ea84e:192.168.69.82:35388], old=null
2019-10-17 05:56:58,254 [grpc-default-executor-0] INFO  impl.RaftServerImpl (RaftServerImpl.java:setRole(184)) - b282f9e2-3bd4-452e-9c35-1adeacc39134@group-0D1055093416: changes role from  FOLLOWER to FOLLOWER at term 20 for recognizeCandidate:9f06b4c9-079f-4989-8935-c6be59ddc82e
2019-10-17 05:56:58,254 [grpc-default-executor-0] INFO  impl.RoleInfo (RoleInfo.java:shutdownFollowerState(121)) - b282f9e2-3bd4-452e-9c35-1adeacc39134: shutdown FollowerState
2019-10-17 05:56:58,255 [grpc-default-executor-7] INFO  impl.RaftServerImpl (RaftServerImpl.java:setRole(184)) - 3ce2c7b7-3df7-42de-af28-9ba1d65ea84e@group-0D1055093416: changes role from  FOLLOWER to FOLLOWER at term 20 for recognizeCandidate:9f06b4c9-079f-4989-8935-c6be59ddc82e
2019-10-17 05:56:58,255 [Thread-605] INFO  impl.FollowerState (FollowerState.java:run(117)) - b282f9e2-3bd4-452e-9c35-1adeacc39134@group-0D1055093416-FollowerState was interrupted: java.lang.InterruptedException: sleep interrupted
2019-10-17 05:56:58,255 [grpc-default-executor-7] INFO  impl.RoleInfo (RoleInfo.java:shutdownFollowerState(121)) - 3ce2c7b7-3df7-42de-af28-9ba1d65ea84e: shutdown FollowerState
2019-10-17 05:56:58,255 [grpc-default-executor-0] INFO  impl.RoleInfo (RoleInfo.java:updateAndGet(143)) - b282f9e2-3bd4-452e-9c35-1adeacc39134: start FollowerState
2019-10-17 05:56:58,255 [grpc-default-executor-7] INFO  impl.RoleInfo (RoleInfo.java:updateAndGet(143)) - 3ce2c7b7-3df7-42de-af28-9ba1d65ea84e: start FollowerState
2019-10-17 05:56:58,255 [Thread-606] INFO  impl.FollowerState (FollowerState.java:run(117)) - 3ce2c7b7-3df7-42de-af28-9ba1d65ea84e@group-0D1055093416-FollowerState was interrupted: java.lang.InterruptedException: sleep interrupted
2019-10-17 05:56:58,270 [9f06b4c9-079f-4989-8935-c6be59ddc82e@group-0D1055093416-LeaderElection39] INFO  impl.LeaderElection (LeaderElection.java:logAndReturn(56)) - 9f06b4c9-079f-4989-8935-c6be59ddc82e@group-0D1055093416-LeaderElection39: Election REJECTED; received 2 response(s) [9f06b4c9-079f-4989-8935-c6be59ddc82e<-b282f9e2-3bd4-452e-9c35-1adeacc39134#0:FAIL-t20, 9f06b4c9-079f-4989-8935-c6be59ddc82e<-3ce2c7b7-3df7-42de-af28-9ba1d65ea84e#0:FAIL-t20] and 0 exception(s); 9f06b4c9-079f-4989-8935-c6be59ddc82e@group-0D1055093416:t20, leader=null, voted=9f06b4c9-079f-4989-8935-c6be59ddc82e, raftlog=9f06b4c9-079f-4989-8935-c6be59ddc82e@group-0D1055093416-SegmentedRaftLog:OPENED:c-1,f-1,i0, conf=-1: [9f06b4c9-079f-4989-8935-c6be59ddc82e:192.168.69.82:36391, b282f9e2-3bd4-452e-9c35-1adeacc39134:192.168.69.82:42567, 3ce2c7b7-3df7-42de-af28-9ba1d65ea84e:192.168.69.82:35388], old=null
2019-10-17 05:56:58,271 [9f06b4c9-079f-4989-8935-c6be59ddc82e@group-0D1055093416-LeaderElection39] INFO  impl.RaftServerImpl (RaftServerImpl.java:setRole(184)) - 9f06b4c9-079f-4989-8935-c6be59ddc82e@group-0D1055093416: changes role from CANDIDATE to FOLLOWER at term 20 for DISCOVERED_A_NEW_TERM
2019-10-17 05:56:58,271 [9f06b4c9-079f-4989-8935-c6be59ddc82e@group-0D1055093416-LeaderElection39] INFO  impl.RoleInfo (RoleInfo.java:shutdownLeaderElection(134)) - 9f06b4c9-079f-4989-8935-c6be59ddc82e: shutdown LeaderElection
2019-10-17 05:56:58,271 [9f06b4c9-079f-4989-8935-c6be59ddc82e@group-0D1055093416-LeaderElection39] INFO  impl.RoleInfo (RoleInfo.java:updateAndGet(143)) - 9f06b4c9-079f-4989-8935-c6be59ddc82e: start FollowerState
2019-10-17 05:56:58,439 [Thread-613] INFO  impl.FollowerState (FollowerState.java:run(108)) - 9f06b4c9-079f-4989-8935-c6be59ddc82e@group-0D1055093416-FollowerState: change to CANDIDATE, lastRpcTime:168ms, electionTimeout:168ms
2019-10-17 05:56:58,439 [Thread-613] INFO  impl.RoleInfo (RoleInfo.java:shutdownFollowerState(121)) - 9f06b4c9-079f-4989-8935-c6be59ddc82e: shutdown FollowerState
2019-10-17 05:56:58,439 [Thread-613] INFO  impl.RaftServerImpl (RaftServerImpl.java:setRole(184)) - 9f06b4c9-079f-4989-8935-c6be59ddc82e@group-0D1055093416: changes role from  FOLLOWER to CANDIDATE at term 20 for changeToCandidate
2019-10-17 05:56:58,440 [Thread-613] INFO  impl.RoleInfo (RoleInfo.java:updateAndGet(143)) - 9f06b4c9-079f-4989-8935-c6be59ddc82e: start LeaderElection
2019-10-17 05:56:58,454 [9f06b4c9-079f-4989-8935-c6be59ddc82e@group-0D1055093416-LeaderElection40] INFO  impl.LeaderElection (LeaderElection.java:askForVotes(178)) - 9f06b4c9-079f-4989-8935-c6be59ddc82e@group-0D1055093416-LeaderElection40: begin an election at term 21 for -1: [9f06b4c9-079f-4989-8935-c6be59ddc82e:192.168.69.82:36391, b282f9e2-3bd4-452e-9c35-1adeacc39134:192.168.69.82:42567, 3ce2c7b7-3df7-42de-af28-9ba1d65ea84e:192.168.69.82:35388], old=null
2019-10-17 05:56:58,458 [grpc-default-executor-0] INFO  impl.RaftServerImpl (RaftServerImpl.java:setRole(184)) - b282f9e2-3bd4-452e-9c35-1adeacc39134@group-0D1055093416: changes role from  FOLLOWER to FOLLOWER at term 21 for recognizeCandidate:9f06b4c9-079f-4989-8935-c6be59ddc82e
2019-10-17 05:56:58,458 [grpc-default-executor-0] INFO  impl.RoleInfo (RoleInfo.java:shutdownFollowerState(121)) - b282f9e2-3bd4-452e-9c35-1adeacc39134: shutdown FollowerState
2019-10-17 05:56:58,458 [grpc-default-executor-7] INFO  impl.RaftServerImpl (RaftServerImpl.java:setRole(184)) - 3ce2c7b7-3df7-42de-af28-9ba1d65ea84e@group-0D1055093416: changes role from  FOLLOWER to FOLLOWER at term 21 for recognizeCandidate:9f06b4c9-079f-4989-8935-c6be59ddc82e
2019-10-17 05:56:58,458 [Thread-611] INFO  impl.FollowerState (FollowerState.java:run(117)) - b282f9e2-3bd4-452e-9c35-1adeacc39134@group-0D1055093416-FollowerState was interrupted: java.lang.InterruptedException: sleep interrupted
2019-10-17 05:56:58,458 [grpc-default-executor-0] INFO  impl.RoleInfo (RoleInfo.java:updateAndGet(143)) - b282f9e2-3bd4-452e-9c35-1adeacc39134: start FollowerState
2019-10-17 05:56:58,458 [grpc-default-executor-7] INFO  impl.RoleInfo (RoleInfo.java:shutdownFollowerState(121)) - 3ce2c7b7-3df7-42de-af28-9ba1d65ea84e: shutdown FollowerState
2019-10-17 05:56:58,459 [Thread-612] INFO  impl.FollowerState (FollowerState.java:run(117)) - 3ce2c7b7-3df7-42de-af28-9ba1d65ea84e@group-0D1055093416-FollowerState was interrupted: java.lang.InterruptedException: sleep interrupted
2019-10-17 05:56:58,459 [grpc-default-executor-7] INFO  impl.RoleInfo (RoleInfo.java:updateAndGet(143)) - 3ce2c7b7-3df7-42de-af28-9ba1d65ea84e: start FollowerState
2019-10-17 05:56:58,471 [9f06b4c9-079f-4989-8935-c6be59ddc82e@group-0D1055093416-LeaderElection40] INFO  impl.LeaderElection (LeaderElection.java:logAndReturn(56)) - 9f06b4c9-079f-4989-8935-c6be59ddc82e@group-0D1055093416-LeaderElection40: Election REJECTED; received 2 response(s) [9f06b4c9-079f-4989-8935-c6be59ddc82e<-b282f9e2-3bd4-452e-9c35-1adeacc39134#0:FAIL-t21, 9f06b4c9-079f-4989-8935-c6be59ddc82e<-3ce2c7b7-3df7-42de-af28-9ba1d65ea84e#0:FAIL-t21] and 0 exception(s); 9f06b4c9-079f-4989-8935-c6be59ddc82e@group-0D1055093416:t21, leader=null, voted=9f06b4c9-079f-4989-8935-c6be59ddc82e, raftlog=9f06b4c9-079f-4989-8935-c6be59ddc82e@group-0D1055093416-SegmentedRaftLog:OPENED:c-1,f-1,i0, conf=-1: [9f06b4c9-079f-4989-8935-c6be59ddc82e:192.168.69.82:36391, b282f9e2-3bd4-452e-9c35-1adeacc39134:192.168.69.82:42567, 3ce2c7b7-3df7-42de-af28-9ba1d65ea84e:192.168.69.82:35388], old=null
2019-10-17 05:56:58,472 [9f06b4c9-079f-4989-8935-c6be59ddc82e@group-0D1055093416-LeaderElection40] INFO  impl.RaftServerImpl (RaftServerImpl.java:setRole(184)) - 9f06b4c9-079f-4989-8935-c6be59ddc82e@group-0D1055093416: changes role from CANDIDATE to FOLLOWER at term 21 for DISCOVERED_A_NEW_TERM
2019-10-17 05:56:58,472 [9f06b4c9-079f-4989-8935-c6be59ddc82e@group-0D1055093416-LeaderElection40] INFO  impl.RoleInfo (RoleInfo.java:shutdownLeaderElection(134)) - 9f06b4c9-079f-4989-8935-c6be59ddc82e: shutdown LeaderElection
2019-10-17 05:56:58,472 [9f06b4c9-079f-4989-8935-c6be59ddc82e@group-0D1055093416-LeaderElection40] INFO  impl.RoleInfo (RoleInfo.java:updateAndGet(143)) - 9f06b4c9-079f-4989-8935-c6be59ddc82e: start FollowerState
2019-10-17 05:56:58,494 [Thread-619] INFO  impl.FollowerState (FollowerState.java:run(108)) - 9f06b4c9-079f-4989-8935-c6be59ddc82e@group-0D1055093416-FollowerState: change to CANDIDATE, lastRpcTime:21ms, electionTimeout:21ms
2019-10-17 05:56:58,494 [Thread-619] INFO  impl.RoleInfo (RoleInfo.java:shutdownFollowerState(121)) - 9f06b4c9-079f-4989-8935-c6be59ddc82e: shutdown FollowerState
2019-10-17 05:56:58,494 [Thread-619] INFO  impl.RaftServerImpl (RaftServerImpl.java:setRole(184)) - 9f06b4c9-079f-4989-8935-c6be59ddc82e@group-0D1055093416: changes role from  FOLLOWER to CANDIDATE at term 21 for changeToCandidate
2019-10-17 05:56:58,494 [Thread-619] INFO  impl.RoleInfo (RoleInfo.java:updateAndGet(143)) - 9f06b4c9-079f-4989-8935-c6be59ddc82e: start LeaderElection
2019-10-17 05:56:58,508 [9f06b4c9-079f-4989-8935-c6be59ddc82e@group-0D1055093416-LeaderElection41] INFO  impl.LeaderElection (LeaderElection.java:askForVotes(178)) - 9f06b4c9-079f-4989-8935-c6be59ddc82e@group-0D1055093416-LeaderElection41: begin an election at term 22 for -1: [9f06b4c9-079f-4989-8935-c6be59ddc82e:192.168.69.82:36391, b282f9e2-3bd4-452e-9c35-1adeacc39134:192.168.69.82:42567, 3ce2c7b7-3df7-42de-af28-9ba1d65ea84e:192.168.69.82:35388], old=null
2019-10-17 05:56:58,511 [grpc-default-executor-0] INFO  impl.RaftServerImpl (RaftServerImpl.java:setRole(184)) - 3ce2c7b7-3df7-42de-af28-9ba1d65ea84e@group-0D1055093416: changes role from  FOLLOWER to FOLLOWER at term 22 for recognizeCandidate:9f06b4c9-079f-4989-8935-c6be59ddc82e
2019-10-17 05:56:58,511 [grpc-default-executor-7] INFO  impl.RaftServerImpl (RaftServerImpl.java:setRole(184)) - b282f9e2-3bd4-452e-9c35-1adeacc39134@group-0D1055093416: changes role from  FOLLOWER to FOLLOWER at term 22 for recognizeCandidate:9f06b4c9-079f-4989-8935-c6be59ddc82e
2019-10-17 05:56:58,511 [grpc-default-executor-0] INFO  impl.RoleInfo (RoleInfo.java:shutdownFollowerState(121)) - 3ce2c7b7-3df7-42de-af28-9ba1d65ea84e: shutdown FollowerState
2019-10-17 05:56:58,511 [grpc-default-executor-7] INFO  impl.RoleInfo (RoleInfo.java:shutdownFollowerState(121)) - b282f9e2-3bd4-452e-9c35-1adeacc39134: shutdown FollowerState
2019-10-17 05:56:58,511 [Thread-618] INFO  impl.FollowerState (FollowerState.java:run(117)) - 3ce2c7b7-3df7-42de-af28-9ba1d65ea84e@group-0D1055093416-FollowerState was interrupted: java.lang.InterruptedException: sleep interrupted
2019-10-17 05:56:58,511 [grpc-default-executor-0] INFO  impl.RoleInfo (RoleInfo.java:updateAndGet(143)) - 3ce2c7b7-3df7-42de-af28-9ba1d65ea84e: start FollowerState
2019-10-17 05:56:58,511 [grpc-default-executor-7] INFO  impl.RoleInfo (RoleInfo.java:updateAndGet(143)) - b282f9e2-3bd4-452e-9c35-1adeacc39134: start FollowerState
2019-10-17 05:56:58,511 [Thread-617] INFO  impl.FollowerState (FollowerState.java:run(117)) - b282f9e2-3bd4-452e-9c35-1adeacc39134@group-0D1055093416-FollowerState was interrupted: java.lang.InterruptedException: sleep interrupted
2019-10-17 05:56:58,527 [9f06b4c9-079f-4989-8935-c6be59ddc82e@group-0D1055093416-LeaderElection41] INFO  impl.LeaderElection (LeaderElection.java:logAndReturn(56)) - 9f06b4c9-079f-4989-8935-c6be59ddc82e@group-0D1055093416-LeaderElection41: Election REJECTED; received 2 response(s) [9f06b4c9-079f-4989-8935-c6be59ddc82e<-b282f9e2-3bd4-452e-9c35-1adeacc39134#0:FAIL-t22, 9f06b4c9-079f-4989-8935-c6be59ddc82e<-3ce2c7b7-3df7-42de-af28-9ba1d65ea84e#0:FAIL-t22] and 0 exception(s); 9f06b4c9-079f-4989-8935-c6be59ddc82e@group-0D1055093416:t22, leader=null, voted=9f06b4c9-079f-4989-8935-c6be59ddc82e, raftlog=9f06b4c9-079f-4989-8935-c6be59ddc82e@group-0D1055093416-SegmentedRaftLog:OPENED:c-1,f-1,i0, conf=-1: [9f06b4c9-079f-4989-8935-c6be59ddc82e:192.168.69.82:36391, b282f9e2-3bd4-452e-9c35-1adeacc39134:192.168.69.82:42567, 3ce2c7b7-3df7-42de-af28-9ba1d65ea84e:192.168.69.82:35388], old=null
2019-10-17 05:56:58,527 [9f06b4c9-079f-4989-8935-c6be59ddc82e@group-0D1055093416-LeaderElection41] INFO  impl.RaftServerImpl (RaftServerImpl.java:setRole(184)) - 9f06b4c9-079f-4989-8935-c6be59ddc82e@group-0D1055093416: changes role from CANDIDATE to FOLLOWER at term 22 for DISCOVERED_A_NEW_TERM
2019-10-17 05:56:58,527 [9f06b4c9-079f-4989-8935-c6be59ddc82e@group-0D1055093416-LeaderElection41] INFO  impl.RoleInfo (RoleInfo.java:shutdownLeaderElection(134)) - 9f06b4c9-079f-4989-8935-c6be59ddc82e: shutdown LeaderElection
2019-10-17 05:56:58,527 [9f06b4c9-079f-4989-8935-c6be59ddc82e@group-0D1055093416-LeaderElection41] INFO  impl.RoleInfo (RoleInfo.java:updateAndGet(143)) - 9f06b4c9-079f-4989-8935-c6be59ddc82e: start FollowerState
2019-10-17 05:56:58,575 [Thread-627] INFO  impl.FollowerState (FollowerState.java:run(108)) - 9f06b4c9-079f-4989-8935-c6be59ddc82e@group-0D1055093416-FollowerState: change to CANDIDATE, lastRpcTime:47ms, electionTimeout:47ms
2019-10-17 05:56:58,575 [Thread-627] INFO  impl.RoleInfo (RoleInfo.java:shutdownFollowerState(121)) - 9f06b4c9-079f-4989-8935-c6be59ddc82e: shutdown FollowerState
2019-10-17 05:56:58,575 [Thread-627] INFO  impl.RaftServerImpl (RaftServerImpl.java:setRole(184)) - 9f06b4c9-079f-4989-8935-c6be59ddc82e@group-0D1055093416: changes role from  FOLLOWER to CANDIDATE at term 22 for changeToCandidate
2019-10-17 05:56:58,575 [Thread-627] INFO  impl.RoleInfo (RoleInfo.java:updateAndGet(143)) - 9f06b4c9-079f-4989-8935-c6be59ddc82e: start LeaderElection
2019-10-17 05:56:58,589 [9f06b4c9-079f-4989-8935-c6be59ddc82e@group-0D1055093416-LeaderElection42] INFO  impl.LeaderElection (LeaderElection.java:askForVotes(178)) - 9f06b4c9-079f-4989-8935-c6be59ddc82e@group-0D1055093416-LeaderElection42: begin an election at term 23 for -1: [9f06b4c9-079f-4989-8935-c6be59ddc82e:192.168.69.82:36391, b282f9e2-3bd4-452e-9c35-1adeacc39134:192.168.69.82:42567, 3ce2c7b7-3df7-42de-af28-9ba1d65ea84e:192.168.69.82:35388], old=null
2019-10-17 05:56:58,592 [grpc-default-executor-0] INFO  impl.RaftServerImpl (RaftServerImpl.java:setRole(184)) - b282f9e2-3bd4-452e-9c35-1adeacc39134@group-0D1055093416: changes role from  FOLLOWER to FOLLOWER at term 23 for recognizeCandidate:9f06b4c9-079f-4989-8935-c6be59ddc82e
2019-10-17 05:56:58,592 [grpc-default-executor-0] INFO  impl.RoleInfo (RoleInfo.java:shutdownFollowerState(121)) - b282f9e2-3bd4-452e-9c35-1adeacc39134: shutdown FollowerState
2019-10-17 05:56:58,592 [Thread-626] INFO  impl.FollowerState (FollowerState.java:run(117)) - b282f9e2-3bd4-452e-9c35-1adeacc39134@group-0D1055093416-FollowerState was interrupted: java.lang.InterruptedException: sleep interrupted
2019-10-17 05:56:58,592 [grpc-default-executor-0] INFO  impl.RoleInfo (RoleInfo.java:updateAndGet(143)) - b282f9e2-3bd4-452e-9c35-1adeacc39134: start FollowerState
2019-10-17 05:56:58,593 [grpc-default-executor-7] INFO  impl.RaftServerImpl (RaftServerImpl.java:setRole(184)) - 3ce2c7b7-3df7-42de-af28-9ba1d65ea84e@group-0D1055093416: changes role from  FOLLOWER to FOLLOWER at term 23 for recognizeCandidate:9f06b4c9-079f-4989-8935-c6be59ddc82e
2019-10-17 05:56:58,593 [grpc-default-executor-7] INFO  impl.RoleInfo (RoleInfo.java:shutdownFollowerState(121)) - 3ce2c7b7-3df7-42de-af28-9ba1d65ea84e: shutdown FollowerState
2019-10-17 05:56:58,593 [Thread-625] INFO  impl.FollowerState (FollowerState.java:run(117)) - 3ce2c7b7-3df7-42de-af28-9ba1d65ea84e@group-0D1055093416-FollowerState was interrupted: java.lang.InterruptedException: sleep interrupted
2019-10-17 05:56:58,593 [grpc-default-executor-7] INFO  impl.RoleInfo (RoleInfo.java:updateAndGet(143)) - 3ce2c7b7-3df7-42de-af28-9ba1d65ea84e: start FollowerState
2019-10-17 05:56:58,608 [9f06b4c9-079f-4989-8935-c6be59ddc82e@group-0D1055093416-LeaderElection42] INFO  impl.LeaderElection (LeaderElection.java:logAndReturn(56)) - 9f06b4c9-079f-4989-8935-c6be59ddc82e@group-0D1055093416-LeaderElection42: Election REJECTED; received 2 response(s) [9f06b4c9-079f-4989-8935-c6be59ddc82e<-b282f9e2-3bd4-452e-9c35-1adeacc39134#0:FAIL-t23, 9f06b4c9-079f-4989-8935-c6be59ddc82e<-3ce2c7b7-3df7-42de-af28-9ba1d65ea84e#0:FAIL-t23] and 0 exception(s); 9f06b4c9-079f-4989-8935-c6be59ddc82e@group-0D1055093416:t23, leader=null, voted=9f06b4c9-079f-4989-8935-c6be59ddc82e, raftlog=9f06b4c9-079f-4989-8935-c6be59ddc82e@group-0D1055093416-SegmentedRaftLog:OPENED:c-1,f-1,i0, conf=-1: [9f06b4c9-079f-4989-8935-c6be59ddc82e:192.168.69.82:36391, b282f9e2-3bd4-452e-9c35-1adeacc39134:192.168.69.82:42567, 3ce2c7b7-3df7-42de-af28-9ba1d65ea84e:192.168.69.82:35388], old=null
2019-10-17 05:56:58,608 [9f06b4c9-079f-4989-8935-c6be59ddc82e@group-0D1055093416-LeaderElection42] INFO  impl.RaftServerImpl (RaftServerImpl.java:setRole(184)) - 9f06b4c9-079f-4989-8935-c6be59ddc82e@group-0D1055093416: changes role from CANDIDATE to FOLLOWER at term 23 for DISCOVERED_A_NEW_TERM
2019-10-17 05:56:58,609 [9f06b4c9-079f-4989-8935-c6be59ddc82e@group-0D1055093416-LeaderElection42] INFO  impl.RoleInfo (RoleInfo.java:shutdownLeaderElection(134)) - 9f06b4c9-079f-4989-8935-c6be59ddc82e: shutdown LeaderElection
2019-10-17 05:56:58,609 [9f06b4c9-079f-4989-8935-c6be59ddc82e@group-0D1055093416-LeaderElection42] INFO  impl.RoleInfo (RoleInfo.java:updateAndGet(143)) - 9f06b4c9-079f-4989-8935-c6be59ddc82e: start FollowerState
2019-10-17 05:56:58,795 [Thread-635] INFO  impl.FollowerState (FollowerState.java:run(108)) - 9f06b4c9-079f-4989-8935-c6be59ddc82e@group-0D1055093416-FollowerState: change to CANDIDATE, lastRpcTime:186ms, electionTimeout:186ms
2019-10-17 05:56:58,795 [Thread-635] INFO  impl.RoleInfo (RoleInfo.java:shutdownFollowerState(121)) - 9f06b4c9-079f-4989-8935-c6be59ddc82e: shutdown FollowerState
2019-10-17 05:56:58,795 [Thread-635] INFO  impl.RaftServerImpl (RaftServerImpl.java:setRole(184)) - 9f06b4c9-079f-4989-8935-c6be59ddc82e@group-0D1055093416: changes role from  FOLLOWER to CANDIDATE at term 23 for changeToCandidate
2019-10-17 05:56:58,796 [Thread-635] INFO  impl.RoleInfo (RoleInfo.java:updateAndGet(143)) - 9f06b4c9-079f-4989-8935-c6be59ddc82e: start LeaderElection
2019-10-17 05:56:58,810 [9f06b4c9-079f-4989-8935-c6be59ddc82e@group-0D1055093416-LeaderElection43] INFO  impl.LeaderElection (LeaderElection.java:askForVotes(178)) - 9f06b4c9-079f-4989-8935-c6be59ddc82e@group-0D1055093416-LeaderElection43: begin an election at term 24 for -1: [9f06b4c9-079f-4989-8935-c6be59ddc82e:192.168.69.82:36391, b282f9e2-3bd4-452e-9c35-1adeacc39134:192.168.69.82:42567, 3ce2c7b7-3df7-42de-af28-9ba1d65ea84e:192.168.69.82:35388], old=null
2019-10-17 05:56:58,813 [grpc-default-executor-0] INFO  impl.RaftServerImpl (RaftServerImpl.java:setRole(184)) - b282f9e2-3bd4-452e-9c35-1adeacc39134@group-0D1055093416: changes role from  FOLLOWER to FOLLOWER at term 24 for recognizeCandidate:9f06b4c9-079f-4989-8935-c6be59ddc82e
2019-10-17 05:56:58,814 [grpc-default-executor-0] INFO  impl.RoleInfo (RoleInfo.java:shutdownFollowerState(121)) - b282f9e2-3bd4-452e-9c35-1adeacc39134: shutdown FollowerState
2019-10-17 05:56:58,814 [grpc-default-executor-7] INFO  impl.RaftServerImpl (RaftServerImpl.java:setRole(184)) - 3ce2c7b7-3df7-42de-af28-9ba1d65ea84e@group-0D1055093416: changes role from  FOLLOWER to FOLLOWER at term 24 for recognizeCandidate:9f06b4c9-079f-4989-8935-c6be59ddc82e
2019-10-17 05:56:58,814 [Thread-632] INFO  impl.FollowerState (FollowerState.java:run(117)) - b282f9e2-3bd4-452e-9c35-1adeacc39134@group-0D1055093416-FollowerState was interrupted: java.lang.InterruptedException: sleep interrupted
2019-10-17 05:56:58,814 [grpc-default-executor-0] INFO  impl.RoleInfo (RoleInfo.java:updateAndGet(143)) - b282f9e2-3bd4-452e-9c35-1adeacc39134: start FollowerState
2019-10-17 05:56:58,814 [grpc-default-executor-7] INFO  impl.RoleInfo (RoleInfo.java:shutdownFollowerState(121)) - 3ce2c7b7-3df7-42de-af28-9ba1d65ea84e: shutdown FollowerState
2019-10-17 05:56:58,815 [Thread-633] INFO  impl.FollowerState (FollowerState.java:run(117)) - 3ce2c7b7-3df7-42de-af28-9ba1d65ea84e@group-0D1055093416-FollowerState was interrupted: java.lang.InterruptedException: sleep interrupted
2019-10-17 05:56:58,815 [grpc-default-executor-7] INFO  impl.RoleInfo (RoleInfo.java:updateAndGet(143)) - 3ce2c7b7-3df7-42de-af28-9ba1d65ea84e: start FollowerState
2019-10-17 05:56:58,830 [9f06b4c9-079f-4989-8935-c6be59ddc82e@group-0D1055093416-LeaderElection43] INFO  impl.LeaderElection (LeaderElection.java:logAndReturn(56)) - 9f06b4c9-079f-4989-8935-c6be59ddc82e@group-0D1055093416-LeaderElection43: Election REJECTED; received 2 response(s) [9f06b4c9-079f-4989-8935-c6be59ddc82e<-b282f9e2-3bd4-452e-9c35-1adeacc39134#0:FAIL-t24, 9f06b4c9-079f-4989-8935-c6be59ddc82e<-3ce2c7b7-3df7-42de-af28-9ba1d65ea84e#0:FAIL-t24] and 0 exception(s); 9f06b4c9-079f-4989-8935-c6be59ddc82e@group-0D1055093416:t24, leader=null, voted=9f06b4c9-079f-4989-8935-c6be59ddc82e, raftlog=9f06b4c9-079f-4989-8935-c6be59ddc82e@group-0D1055093416-SegmentedRaftLog:OPENED:c-1,f-1,i0, conf=-1: [9f06b4c9-079f-4989-8935-c6be59ddc82e:192.168.69.82:36391, b282f9e2-3bd4-452e-9c35-1adeacc39134:192.168.69.82:42567, 3ce2c7b7-3df7-42de-af28-9ba1d65ea84e:192.168.69.82:35388], old=null
2019-10-17 05:56:58,830 [9f06b4c9-079f-4989-8935-c6be59ddc82e@group-0D1055093416-LeaderElection43] INFO  impl.RaftServerImpl (RaftServerImpl.java:setRole(184)) - 9f06b4c9-079f-4989-8935-c6be59ddc82e@group-0D1055093416: changes role from CANDIDATE to FOLLOWER at term 24 for DISCOVERED_A_NEW_TERM
2019-10-17 05:56:58,830 [9f06b4c9-079f-4989-8935-c6be59ddc82e@group-0D1055093416-LeaderElection43] INFO  impl.RoleInfo (RoleInfo.java:shutdownLeaderElection(134)) - 9f06b4c9-079f-4989-8935-c6be59ddc82e: shutdown LeaderElection
2019-10-17 05:56:58,830 [9f06b4c9-079f-4989-8935-c6be59ddc82e@group-0D1055093416-LeaderElection43] INFO  impl.RoleInfo (RoleInfo.java:updateAndGet(143)) - 9f06b4c9-079f-4989-8935-c6be59ddc82e: start FollowerState
2019-10-17 05:56:58,972 [Thread-641] INFO  impl.FollowerState (FollowerState.java:run(108)) - 9f06b4c9-079f-4989-8935-c6be59ddc82e@group-0D1055093416-FollowerState: change to CANDIDATE, lastRpcTime:141ms, electionTimeout:141ms
2019-10-17 05:56:58,972 [Thread-641] INFO  impl.RoleInfo (RoleInfo.java:shutdownFollowerState(121)) - 9f06b4c9-079f-4989-8935-c6be59ddc82e: shutdown FollowerState
2019-10-17 05:56:58,972 [Thread-641] INFO  impl.RaftServerImpl (RaftServerImpl.java:setRole(184)) - 9f06b4c9-079f-4989-8935-c6be59ddc82e@group-0D1055093416: changes role from  FOLLOWER to CANDIDATE at term 24 for changeToCandidate
2019-10-17 05:56:58,972 [Thread-641] INFO  impl.RoleInfo (RoleInfo.java:updateAndGet(143)) - 9f06b4c9-079f-4989-8935-c6be59ddc82e: start LeaderElection
2019-10-17 05:56:58,987 [9f06b4c9-079f-4989-8935-c6be59ddc82e@group-0D1055093416-LeaderElection44] INFO  impl.LeaderElection (LeaderElection.java:askForVotes(178)) - 9f06b4c9-079f-4989-8935-c6be59ddc82e@group-0D1055093416-LeaderElection44: begin an election at term 25 for -1: [9f06b4c9-079f-4989-8935-c6be59ddc82e:192.168.69.82:36391, b282f9e2-3bd4-452e-9c35-1adeacc39134:192.168.69.82:42567, 3ce2c7b7-3df7-42de-af28-9ba1d65ea84e:192.168.69.82:35388], old=null
2019-10-17 05:56:58,997 [grpc-default-executor-0] INFO  impl.RaftServerImpl (RaftServerImpl.java:setRole(184)) - b282f9e2-3bd4-452e-9c35-1adeacc39134@group-0D1055093416: changes role from  FOLLOWER to FOLLOWER at term 25 for recognizeCandidate:9f06b4c9-079f-4989-8935-c6be59ddc82e
2019-10-17 05:56:58,997 [grpc-default-executor-0] INFO  impl.RoleInfo (RoleInfo.java:shutdownFollowerState(121)) - b282f9e2-3bd4-452e-9c35-1adeacc39134: shutdown FollowerState
2019-10-17 05:56:58,998 [Thread-639] INFO  impl.FollowerState (FollowerState.java:run(117)) - b282f9e2-3bd4-452e-9c35-1adeacc39134@group-0D1055093416-FollowerState was interrupted: java.lang.InterruptedException: sleep interrupted
2019-10-17 05:56:58,998 [grpc-default-executor-0] INFO  impl.RoleInfo (RoleInfo.java:updateAndGet(143)) - b282f9e2-3bd4-452e-9c35-1adeacc39134: start FollowerState
2019-10-17 05:56:58,998 [grpc-default-executor-5] INFO  impl.RaftServerImpl (RaftServerImpl.java:setRole(184)) - 3ce2c7b7-3df7-42de-af28-9ba1d65ea84e@group-0D1055093416: changes role from  FOLLOWER to FOLLOWER at term 25 for recognizeCandidate:9f06b4c9-079f-4989-8935-c6be59ddc82e
2019-10-17 05:56:58,998 [grpc-default-executor-5] INFO  impl.RoleInfo (RoleInfo.java:shutdownFollowerState(121)) - 3ce2c7b7-3df7-42de-af28-9ba1d65ea84e: shutdown FollowerState
2019-10-17 05:56:58,998 [grpc-default-executor-5] INFO  impl.RoleInfo (RoleInfo.java:updateAndGet(143)) - 3ce2c7b7-3df7-42de-af28-9ba1d65ea84e: start FollowerState
2019-10-17 05:56:58,998 [Thread-640] INFO  impl.FollowerState (FollowerState.java:run(117)) - 3ce2c7b7-3df7-42de-af28-9ba1d65ea84e@group-0D1055093416-FollowerState was interrupted: java.lang.InterruptedException: sleep interrupted
2019-10-17 05:56:59,000 [9f06b4c9-079f-4989-8935-c6be59ddc82e@group-0D1055093416-LeaderElection44] INFO  impl.LeaderElection (LeaderElection.java:logAndReturn(56)) - 9f06b4c9-079f-4989-8935-c6be59ddc82e@group-0D1055093416-LeaderElection44: Election TIMEOUT; received 0 response(s) [] and 0 exception(s); 9f06b4c9-079f-4989-8935-c6be59ddc82e@group-0D1055093416:t25, leader=null, voted=9f06b4c9-079f-4989-8935-c6be59ddc82e, raftlog=9f06b4c9-079f-4989-8935-c6be59ddc82e@group-0D1055093416-SegmentedRaftLog:OPENED:c-1,f-1,i0, conf=-1: [9f06b4c9-079f-4989-8935-c6be59ddc82e:192.168.69.82:36391, b282f9e2-3bd4-452e-9c35-1adeacc39134:192.168.69.82:42567, 3ce2c7b7-3df7-42de-af28-9ba1d65ea84e:192.168.69.82:35388], old=null
2019-10-17 05:56:59,004 [9f06b4c9-079f-4989-8935-c6be59ddc82e@group-0D1055093416-LeaderElection44] INFO  impl.LeaderElection (LeaderElection.java:askForVotes(178)) - 9f06b4c9-079f-4989-8935-c6be59ddc82e@group-0D1055093416-LeaderElection44: begin an election at term 26 for -1: [9f06b4c9-079f-4989-8935-c6be59ddc82e:192.168.69.82:36391, b282f9e2-3bd4-452e-9c35-1adeacc39134:192.168.69.82:42567, 3ce2c7b7-3df7-42de-af28-9ba1d65ea84e:192.168.69.82:35388], old=null
2019-10-17 05:56:59,007 [grpc-default-executor-5] INFO  impl.RaftServerImpl (RaftServerImpl.java:setRole(184)) - b282f9e2-3bd4-452e-9c35-1adeacc39134@group-0D1055093416: changes role from  FOLLOWER to FOLLOWER at term 26 for recognizeCandidate:9f06b4c9-079f-4989-8935-c6be59ddc82e
2019-10-17 05:56:59,007 [grpc-default-executor-0] INFO  impl.RaftServerImpl (RaftServerImpl.java:setRole(184)) - 3ce2c7b7-3df7-42de-af28-9ba1d65ea84e@group-0D1055093416: changes role from  FOLLOWER to FOLLOWER at term 26 for recognizeCandidate:9f06b4c9-079f-4989-8935-c6be59ddc82e
2019-10-17 05:56:59,007 [grpc-default-executor-5] INFO  impl.RoleInfo (RoleInfo.java:shutdownFollowerState(121)) - b282f9e2-3bd4-452e-9c35-1adeacc39134: shutdown FollowerState
2019-10-17 05:56:59,007 [grpc-default-executor-0] INFO  impl.RoleInfo (RoleInfo.java:shutdownFollowerState(121)) - 3ce2c7b7-3df7-42de-af28-9ba1d65ea84e: shutdown FollowerState
2019-10-17 05:56:59,007 [grpc-default-executor-5] INFO  impl.RoleInfo (RoleInfo.java:updateAndGet(143)) - b282f9e2-3bd4-452e-9c35-1adeacc39134: start FollowerState
2019-10-17 05:56:59,007 [Thread-649] INFO  impl.FollowerState (FollowerState.java:run(117)) - b282f9e2-3bd4-452e-9c35-1adeacc39134@group-0D1055093416-FollowerState was interrupted: java.lang.InterruptedException: sleep interrupted
2019-10-17 05:56:59,008 [Thread-650] INFO  impl.FollowerState (FollowerState.java:run(117)) - 3ce2c7b7-3df7-42de-af28-9ba1d65ea84e@group-0D1055093416-FollowerState was interrupted: java.lang.InterruptedException: sleep interrupted
2019-10-17 05:56:59,008 [grpc-default-executor-0] INFO  impl.RoleInfo (RoleInfo.java:updateAndGet(143)) - 3ce2c7b7-3df7-42de-af28-9ba1d65ea84e: start FollowerState
2019-10-17 05:56:59,023 [9f06b4c9-079f-4989-8935-c6be59ddc82e@group-0D1055093416-LeaderElection44] INFO  impl.LeaderElection (LeaderElection.java:logAndReturn(56)) - 9f06b4c9-079f-4989-8935-c6be59ddc82e@group-0D1055093416-LeaderElection44: Election REJECTED; received 2 response(s) [9f06b4c9-079f-4989-8935-c6be59ddc82e<-b282f9e2-3bd4-452e-9c35-1adeacc39134#0:FAIL-t26, 9f06b4c9-079f-4989-8935-c6be59ddc82e<-3ce2c7b7-3df7-42de-af28-9ba1d65ea84e#0:FAIL-t26] and 0 exception(s); 9f06b4c9-079f-4989-8935-c6be59ddc82e@group-0D1055093416:t26, leader=null, voted=9f06b4c9-079f-4989-8935-c6be59ddc82e, raftlog=9f06b4c9-079f-4989-8935-c6be59ddc82e@group-0D1055093416-SegmentedRaftLog:OPENED:c-1,f-1,i0, conf=-1: [9f06b4c9-079f-4989-8935-c6be59ddc82e:192.168.69.82:36391, b282f9e2-3bd4-452e-9c35-1adeacc39134:192.168.69.82:42567, 3ce2c7b7-3df7-42de-af28-9ba1d65ea84e:192.168.69.82:35388], old=null
2019-10-17 05:56:59,023 [9f06b4c9-079f-4989-8935-c6be59ddc82e@group-0D1055093416-LeaderElection44] INFO  impl.RaftServerImpl (RaftServerImpl.java:setRole(184)) - 9f06b4c9-079f-4989-8935-c6be59ddc82e@group-0D1055093416: changes role from CANDIDATE to FOLLOWER at term 26 for DISCOVERED_A_NEW_TERM
2019-10-17 05:56:59,023 [9f06b4c9-079f-4989-8935-c6be59ddc82e@group-0D1055093416-LeaderElection44] INFO  impl.RoleInfo (RoleInfo.java:shutdownLeaderElection(134)) - 9f06b4c9-079f-4989-8935-c6be59ddc82e: shutdown LeaderElection
2019-10-17 05:56:59,023 [9f06b4c9-079f-4989-8935-c6be59ddc82e@group-0D1055093416-LeaderElection44] INFO  impl.RoleInfo (RoleInfo.java:updateAndGet(143)) - 9f06b4c9-079f-4989-8935-c6be59ddc82e: start FollowerState
2019-10-17 05:56:59,211 [Thread-655] INFO  impl.FollowerState (FollowerState.java:run(108)) - 9f06b4c9-079f-4989-8935-c6be59ddc82e@group-0D1055093416-FollowerState: change to CANDIDATE, lastRpcTime:187ms, electionTimeout:187ms
2019-10-17 05:56:59,211 [Thread-655] INFO  impl.RoleInfo (RoleInfo.java:shutdownFollowerState(121)) - 9f06b4c9-079f-4989-8935-c6be59ddc82e: shutdown FollowerState
2019-10-17 05:56:59,211 [Thread-655] INFO  impl.RaftServerImpl (RaftServerImpl.java:setRole(184)) - 9f06b4c9-079f-4989-8935-c6be59ddc82e@group-0D1055093416: changes role from  FOLLOWER to CANDIDATE at term 26 for changeToCandidate
2019-10-17 05:56:59,211 [Thread-655] INFO  impl.RoleInfo (RoleInfo.java:updateAndGet(143)) - 9f06b4c9-079f-4989-8935-c6be59ddc82e: start LeaderElection
2019-10-17 05:56:59,225 [9f06b4c9-079f-4989-8935-c6be59ddc82e@group-0D1055093416-LeaderElection45] INFO  impl.LeaderElection (LeaderElection.java:askForVotes(178)) - 9f06b4c9-079f-4989-8935-c6be59ddc82e@group-0D1055093416-LeaderElection45: begin an election at term 27 for -1: [9f06b4c9-079f-4989-8935-c6be59ddc82e:192.168.69.82:36391, b282f9e2-3bd4-452e-9c35-1adeacc39134:192.168.69.82:42567, 3ce2c7b7-3df7-42de-af28-9ba1d65ea84e:192.168.69.82:35388], old=null
2019-10-17 05:56:59,228 [grpc-default-executor-5] INFO  impl.RaftServerImpl (RaftServerImpl.java:setRole(184)) - b282f9e2-3bd4-452e-9c35-1adeacc39134@group-0D1055093416: changes role from  FOLLOWER to FOLLOWER at term 27 for recognizeCandidate:9f06b4c9-079f-4989-8935-c6be59ddc82e
2019-10-17 05:56:59,229 [grpc-default-executor-5] INFO  impl.RoleInfo (RoleInfo.java:shutdownFollowerState(121)) - b282f9e2-3bd4-452e-9c35-1adeacc39134: shutdown FollowerState
2019-10-17 05:56:59,228 [grpc-default-executor-0] INFO  impl.RaftServerImpl (RaftServerImpl.java:setRole(184)) - 3ce2c7b7-3df7-42de-af28-9ba1d65ea84e@group-0D1055093416: changes role from  FOLLOWER to FOLLOWER at term 27 for recognizeCandidate:9f06b4c9-079f-4989-8935-c6be59ddc82e
2019-10-17 05:56:59,229 [Thread-653] INFO  impl.FollowerState (FollowerState.java:run(117)) - b282f9e2-3bd4-452e-9c35-1adeacc39134@group-0D1055093416-FollowerState was interrupted: java.lang.InterruptedException: sleep interrupted
2019-10-17 05:56:59,229 [grpc-default-executor-5] INFO  impl.RoleInfo (RoleInfo.java:updateAndGet(143)) - b282f9e2-3bd4-452e-9c35-1adeacc39134: start FollowerState
2019-10-17 05:56:59,229 [grpc-default-executor-0] INFO  impl.RoleInfo (RoleInfo.java:shutdownFollowerState(121)) - 3ce2c7b7-3df7-42de-af28-9ba1d65ea84e: shutdown FollowerState
2019-10-17 05:56:59,229 [Thread-654] INFO  impl.FollowerState (FollowerState.java:run(117)) - 3ce2c7b7-3df7-42de-af28-9ba1d65ea84e@group-0D1055093416-FollowerState was interrupted: java.lang.InterruptedException: sleep interrupted
2019-10-17 05:56:59,229 [grpc-default-executor-0] INFO  impl.RoleInfo (RoleInfo.java:updateAndGet(143)) - 3ce2c7b7-3df7-42de-af28-9ba1d65ea84e: start FollowerState
2019-10-17 05:56:59,234 [9f06b4c9-079f-4989-8935-c6be59ddc82e@group-0D1055093416-LeaderElection45] INFO  impl.LeaderElection (LeaderElection.java:logAndReturn(56)) - 9f06b4c9-079f-4989-8935-c6be59ddc82e@group-0D1055093416-LeaderElection45: Election TIMEOUT; received 0 response(s) [] and 0 exception(s); 9f06b4c9-079f-4989-8935-c6be59ddc82e@group-0D1055093416:t27, leader=null, voted=9f06b4c9-079f-4989-8935-c6be59ddc82e, raftlog=9f06b4c9-079f-4989-8935-c6be59ddc82e@group-0D1055093416-SegmentedRaftLog:OPENED:c-1,f-1,i0, conf=-1: [9f06b4c9-079f-4989-8935-c6be59ddc82e:192.168.69.82:36391, b282f9e2-3bd4-452e-9c35-1adeacc39134:192.168.69.82:42567, 3ce2c7b7-3df7-42de-af28-9ba1d65ea84e:192.168.69.82:35388], old=null
2019-10-17 05:56:59,243 [9f06b4c9-079f-4989-8935-c6be59ddc82e@group-0D1055093416-LeaderElection45] INFO  impl.LeaderElection (LeaderElection.java:askForVotes(178)) - 9f06b4c9-079f-4989-8935-c6be59ddc82e@group-0D1055093416-LeaderElection45: begin an election at term 28 for -1: [9f06b4c9-079f-4989-8935-c6be59ddc82e:192.168.69.82:36391, b282f9e2-3bd4-452e-9c35-1adeacc39134:192.168.69.82:42567, 3ce2c7b7-3df7-42de-af28-9ba1d65ea84e:192.168.69.82:35388], old=null
2019-10-17 05:56:59,245 [grpc-default-executor-0] INFO  impl.RaftServerImpl (RaftServerImpl.java:setRole(184)) - 3ce2c7b7-3df7-42de-af28-9ba1d65ea84e@group-0D1055093416: changes role from  FOLLOWER to FOLLOWER at term 28 for recognizeCandidate:9f06b4c9-079f-4989-8935-c6be59ddc82e
2019-10-17 05:56:59,245 [grpc-default-executor-0] INFO  impl.RoleInfo (RoleInfo.java:shutdownFollowerState(121)) - 3ce2c7b7-3df7-42de-af28-9ba1d65ea84e: shutdown FollowerState
2019-10-17 05:56:59,245 [grpc-default-executor-5] INFO  impl.RaftServerImpl (RaftServerImpl.java:setRole(184)) - b282f9e2-3bd4-452e-9c35-1adeacc39134@group-0D1055093416: changes role from  FOLLOWER to FOLLOWER at term 28 for recognizeCandidate:9f06b4c9-079f-4989-8935-c6be59ddc82e
2019-10-17 05:56:59,245 [Thread-662] INFO  impl.FollowerState (FollowerState.java:run(117)) - 3ce2c7b7-3df7-42de-af28-9ba1d65ea84e@group-0D1055093416-FollowerState was interrupted: java.lang.InterruptedException: sleep interrupted
2019-10-17 05:56:59,245 [grpc-default-executor-0] INFO  impl.RoleInfo (RoleInfo.java:updateAndGet(143)) - 3ce2c7b7-3df7-42de-af28-9ba1d65ea84e: start FollowerState
2019-10-17 05:56:59,245 [grpc-default-executor-5] INFO  impl.RoleInfo (RoleInfo.java:shutdownFollowerState(121)) - b282f9e2-3bd4-452e-9c35-1adeacc39134: shutdown FollowerState
2019-10-17 05:56:59,246 [Thread-661] INFO  impl.FollowerState (FollowerState.java:run(117)) - b282f9e2-3bd4-452e-9c35-1adeacc39134@group-0D1055093416-FollowerState was interrupted: java.lang.InterruptedException: sleep interrupted
2019-10-17 05:56:59,246 [grpc-default-executor-5] INFO  impl.RoleInfo (RoleInfo.java:updateAndGet(143)) - b282f9e2-3bd4-452e-9c35-1adeacc39134: start FollowerState
2019-10-17 05:56:59,273 [9f06b4c9-079f-4989-8935-c6be59ddc82e@group-0D1055093416-LeaderElection45] INFO  impl.LeaderElection (LeaderElection.java:logAndReturn(56)) - 9f06b4c9-079f-4989-8935-c6be59ddc82e@group-0D1055093416-LeaderElection45: Election REJECTED; received 2 response(s) [9f06b4c9-079f-4989-8935-c6be59ddc82e<-b282f9e2-3bd4-452e-9c35-1adeacc39134#0:FAIL-t28, 9f06b4c9-079f-4989-8935-c6be59ddc82e<-3ce2c7b7-3df7-42de-af28-9ba1d65ea84e#0:FAIL-t28] and 0 exception(s); 9f06b4c9-079f-4989-8935-c6be59ddc82e@group-0D1055093416:t28, leader=null, voted=9f06b4c9-079f-4989-8935-c6be59ddc82e, raftlog=9f06b4c9-079f-4989-8935-c6be59ddc82e@group-0D1055093416-SegmentedRaftLog:OPENED:c-1,f-1,i0, conf=-1: [9f06b4c9-079f-4989-8935-c6be59ddc82e:192.168.69.82:36391, b282f9e2-3bd4-452e-9c35-1adeacc39134:192.168.69.82:42567, 3ce2c7b7-3df7-42de-af28-9ba1d65ea84e:192.168.69.82:35388], old=null
2019-10-17 05:56:59,273 [9f06b4c9-079f-4989-8935-c6be59ddc82e@group-0D1055093416-LeaderElection45] INFO  impl.RaftServerImpl (RaftServerImpl.java:setRole(184)) - 9f06b4c9-079f-4989-8935-c6be59ddc82e@group-0D1055093416: changes role from CANDIDATE to FOLLOWER at term 28 for DISCOVERED_A_NEW_TERM
2019-10-17 05:56:59,273 [9f06b4c9-079f-4989-8935-c6be59ddc82e@group-0D1055093416-LeaderElection45] INFO  impl.RoleInfo (RoleInfo.java:shutdownLeaderElection(134)) - 9f06b4c9-079f-4989-8935-c6be59ddc82e: shutdown LeaderElection
2019-10-17 05:56:59,273 [9f06b4c9-079f-4989-8935-c6be59ddc82e@group-0D1055093416-LeaderElection45] INFO  impl.RoleInfo (RoleInfo.java:updateAndGet(143)) - 9f06b4c9-079f-4989-8935-c6be59ddc82e: start FollowerState
2019-10-17 05:56:59,292 [Thread-667] INFO  impl.FollowerState (FollowerState.java:run(108)) - 9f06b4c9-079f-4989-8935-c6be59ddc82e@group-0D1055093416-FollowerState: change to CANDIDATE, lastRpcTime:18ms, electionTimeout:18ms
2019-10-17 05:56:59,292 [Thread-667] INFO  impl.RoleInfo (RoleInfo.java:shutdownFollowerState(121)) - 9f06b4c9-079f-4989-8935-c6be59ddc82e: shutdown FollowerState
2019-10-17 05:56:59,292 [Thread-667] INFO  impl.RaftServerImpl (RaftServerImpl.java:setRole(184)) - 9f06b4c9-079f-4989-8935-c6be59ddc82e@group-0D1055093416: changes role from  FOLLOWER to CANDIDATE at term 28 for changeToCandidate
2019-10-17 05:56:59,292 [Thread-667] INFO  impl.RoleInfo (RoleInfo.java:updateAndGet(143)) - 9f06b4c9-079f-4989-8935-c6be59ddc82e: start LeaderElection
2019-10-17 05:56:59,305 [9f06b4c9-079f-4989-8935-c6be59ddc82e@group-0D1055093416-LeaderElection46] INFO  impl.LeaderElection (LeaderElection.java:askForVotes(178)) - 9f06b4c9-079f-4989-8935-c6be59ddc82e@group-0D1055093416-LeaderElection46: begin an election at term 29 for -1: [9f06b4c9-079f-4989-8935-c6be59ddc82e:192.168.69.82:36391, b282f9e2-3bd4-452e-9c35-1adeacc39134:192.168.69.82:42567, 3ce2c7b7-3df7-42de-af28-9ba1d65ea84e:192.168.69.82:35388], old=null
2019-10-17 05:56:59,307 [grpc-default-executor-5] INFO  impl.RaftServerImpl (RaftServerImpl.java:setRole(184)) - b282f9e2-3bd4-452e-9c35-1adeacc39134@group-0D1055093416: changes role from  FOLLOWER to FOLLOWER at term 29 for recognizeCandidate:9f06b4c9-079f-4989-8935-c6be59ddc82e
2019-10-17 05:56:59,307 [grpc-default-executor-5] INFO  impl.RoleInfo (RoleInfo.java:shutdownFollowerState(121)) - b282f9e2-3bd4-452e-9c35-1adeacc39134: shutdown FollowerState
2019-10-17 05:56:59,307 [grpc-default-executor-0] INFO  impl.RaftServerImpl (RaftServerImpl.java:setRole(184)) - 3ce2c7b7-3df7-42de-af28-9ba1d65ea84e@group-0D1055093416: changes role from  FOLLOWER to FOLLOWER at term 29 for recognizeCandidate:9f06b4c9-079f-4989-8935-c6be59ddc82e
2019-10-17 05:56:59,307 [grpc-default-executor-5] INFO  impl.RoleInfo (RoleInfo.java:updateAndGet(143)) - b282f9e2-3bd4-452e-9c35-1adeacc39134: start FollowerState
2019-10-17 05:56:59,307 [Thread-666] INFO  impl.FollowerState (FollowerState.java:run(117)) - b282f9e2-3bd4-452e-9c35-1adeacc39134@group-0D1055093416-FollowerState was interrupted: java.lang.InterruptedException: sleep interrupted
2019-10-17 05:56:59,307 [grpc-default-executor-0] INFO  impl.RoleInfo (RoleInfo.java:shutdownFollowerState(121)) - 3ce2c7b7-3df7-42de-af28-9ba1d65ea84e: shutdown FollowerState
2019-10-17 05:56:59,308 [grpc-default-executor-0] INFO  impl.RoleInfo (RoleInfo.java:updateAndGet(143)) - 3ce2c7b7-3df7-42de-af28-9ba1d65ea84e: start FollowerState
2019-10-17 05:56:59,308 [Thread-665] INFO  impl.FollowerState (FollowerState.java:run(117)) - 3ce2c7b7-3df7-42de-af28-9ba1d65ea84e@group-0D1055093416-FollowerState was interrupted: java.lang.InterruptedException: sleep interrupted
2019-10-17 05:56:59,322 [9f06b4c9-079f-4989-8935-c6be59ddc82e@group-0D1055093416-LeaderElection46] INFO  impl.LeaderElection (LeaderElection.java:logAndReturn(56)) - 9f06b4c9-079f-4989-8935-c6be59ddc82e@group-0D1055093416-LeaderElection46: Election REJECTED; received 2 response(s) [9f06b4c9-079f-4989-8935-c6be59ddc82e<-b282f9e2-3bd4-452e-9c35-1adeacc39134#0:FAIL-t29, 9f06b4c9-079f-4989-8935-c6be59ddc82e<-3ce2c7b7-3df7-42de-af28-9ba1d65ea84e#0:FAIL-t29] and 0 exception(s); 9f06b4c9-079f-4989-8935-c6be59ddc82e@group-0D1055093416:t29, leader=null, voted=9f06b4c9-079f-4989-8935-c6be59ddc82e, raftlog=9f06b4c9-079f-4989-8935-c6be59ddc82e@group-0D1055093416-SegmentedRaftLog:OPENED:c-1,f-1,i0, conf=-1: [9f06b4c9-079f-4989-8935-c6be59ddc82e:192.168.69.82:36391, b282f9e2-3bd4-452e-9c35-1adeacc39134:192.168.69.82:42567, 3ce2c7b7-3df7-42de-af28-9ba1d65ea84e:192.168.69.82:35388], old=null
2019-10-17 05:56:59,322 [9f06b4c9-079f-4989-8935-c6be59ddc82e@group-0D1055093416-LeaderElection46] INFO  impl.RaftServerImpl (RaftServerImpl.java:setRole(184)) - 9f06b4c9-079f-4989-8935-c6be59ddc82e@group-0D1055093416: changes role from CANDIDATE to FOLLOWER at term 29 for DISCOVERED_A_NEW_TERM
2019-10-17 05:56:59,322 [9f06b4c9-079f-4989-8935-c6be59ddc82e@group-0D1055093416-LeaderElection46] INFO  impl.RoleInfo (RoleInfo.java:shutdownLeaderElection(134)) - 9f06b4c9-079f-4989-8935-c6be59ddc82e: shutdown LeaderElection
2019-10-17 05:56:59,322 [9f06b4c9-079f-4989-8935-c6be59ddc82e@group-0D1055093416-LeaderElection46] INFO  impl.RoleInfo (RoleInfo.java:updateAndGet(143)) - 9f06b4c9-079f-4989-8935-c6be59ddc82e: start FollowerState
2019-10-17 05:56:59,522 [Thread-673] INFO  impl.FollowerState (FollowerState.java:run(108)) - 9f06b4c9-079f-4989-8935-c6be59ddc82e@group-0D1055093416-FollowerState: change to CANDIDATE, lastRpcTime:199ms, electionTimeout:199ms
2019-10-17 05:56:59,522 [Thread-673] INFO  impl.RoleInfo (RoleInfo.java:shutdownFollowerState(121)) - 9f06b4c9-079f-4989-8935-c6be59ddc82e: shutdown FollowerState
2019-10-17 05:56:59,522 [Thread-673] INFO  impl.RaftServerImpl (RaftServerImpl.java:setRole(184)) - 9f06b4c9-079f-4989-8935-c6be59ddc82e@group-0D1055093416: changes role from  FOLLOWER to CANDIDATE at term 29 for changeToCandidate
2019-10-17 05:56:59,522 [Thread-673] INFO  impl.RoleInfo (RoleInfo.java:updateAndGet(143)) - 9f06b4c9-079f-4989-8935-c6be59ddc82e: start LeaderElection
2019-10-17 05:56:59,536 [9f06b4c9-079f-4989-8935-c6be59ddc82e@group-0D1055093416-LeaderElection47] INFO  impl.LeaderElection (LeaderElection.java:askForVotes(178)) - 9f06b4c9-079f-4989-8935-c6be59ddc82e@group-0D1055093416-LeaderElection47: begin an election at term 30 for -1: [9f06b4c9-079f-4989-8935-c6be59ddc82e:192.168.69.82:36391, b282f9e2-3bd4-452e-9c35-1adeacc39134:192.168.69.82:42567, 3ce2c7b7-3df7-42de-af28-9ba1d65ea84e:192.168.69.82:35388], old=null
2019-10-17 05:56:59,539 [grpc-default-executor-5] INFO  impl.RaftServerImpl (RaftServerImpl.java:setRole(184)) - 3ce2c7b7-3df7-42de-af28-9ba1d65ea84e@group-0D1055093416: changes role from  FOLLOWER to FOLLOWER at term 30 for recognizeCandidate:9f06b4c9-079f-4989-8935-c6be59ddc82e
2019-10-17 05:56:59,539 [grpc-default-executor-0] INFO  impl.RaftServerImpl (RaftServerImpl.java:setRole(184)) - b282f9e2-3bd4-452e-9c35-1adeacc39134@group-0D1055093416: changes role from  FOLLOWER to FOLLOWER at term 30 for recognizeCandidate:9f06b4c9-079f-4989-8935-c6be59ddc82e
2019-10-17 05:56:59,539 [grpc-default-executor-5] INFO  impl.RoleInfo (RoleInfo.java:shutdownFollowerState(121)) - 3ce2c7b7-3df7-42de-af28-9ba1d65ea84e: shutdown FollowerState
2019-10-17 05:56:59,540 [grpc-default-executor-0] INFO  impl.RoleInfo (RoleInfo.java:shutdownFollowerState(121)) - b282f9e2-3bd4-452e-9c35-1adeacc39134: shutdown FollowerState
2019-10-17 05:56:59,540 [Thread-672] INFO  impl.FollowerState (FollowerState.java:run(117)) - 3ce2c7b7-3df7-42de-af28-9ba1d65ea84e@group-0D1055093416-FollowerState was interrupted: java.lang.InterruptedException: sleep interrupted
2019-10-17 05:56:59,540 [grpc-default-executor-0] INFO  impl.RoleInfo (RoleInfo.java:updateAndGet(143)) - b282f9e2-3bd4-452e-9c35-1adeacc39134: start FollowerState
2019-10-17 05:56:59,540 [Thread-671] INFO  impl.FollowerState (FollowerState.java:run(117)) - b282f9e2-3bd4-452e-9c35-1adeacc39134@group-0D1055093416-FollowerState was interrupted: java.lang.InterruptedException: sleep interrupted
2019-10-17 05:56:59,540 [grpc-default-executor-5] INFO  impl.RoleInfo (RoleInfo.java:updateAndGet(143)) - 3ce2c7b7-3df7-42de-af28-9ba1d65ea84e: start FollowerState
2019-10-17 05:56:59,563 [9f06b4c9-079f-4989-8935-c6be59ddc82e@group-0D1055093416-LeaderElection47] INFO  impl.LeaderElection (LeaderElection.java:logAndReturn(56)) - 9f06b4c9-079f-4989-8935-c6be59ddc82e@group-0D1055093416-LeaderElection47: Election REJECTED; received 2 response(s) [9f06b4c9-079f-4989-8935-c6be59ddc82e<-b282f9e2-3bd4-452e-9c35-1adeacc39134#0:FAIL-t30, 9f06b4c9-079f-4989-8935-c6be59ddc82e<-3ce2c7b7-3df7-42de-af28-9ba1d65ea84e#0:FAIL-t30] and 0 exception(s); 9f06b4c9-079f-4989-8935-c6be59ddc82e@group-0D1055093416:t30, leader=null, voted=9f06b4c9-079f-4989-8935-c6be59ddc82e, raftlog=9f06b4c9-079f-4989-8935-c6be59ddc82e@group-0D1055093416-SegmentedRaftLog:OPENED:c-1,f-1,i0, conf=-1: [9f06b4c9-079f-4989-8935-c6be59ddc82e:192.168.69.82:36391, b282f9e2-3bd4-452e-9c35-1adeacc39134:192.168.69.82:42567, 3ce2c7b7-3df7-42de-af28-9ba1d65ea84e:192.168.69.82:35388], old=null
2019-10-17 05:56:59,564 [9f06b4c9-079f-4989-8935-c6be59ddc82e@group-0D1055093416-LeaderElection47] INFO  impl.RaftServerImpl (RaftServerImpl.java:setRole(184)) - 9f06b4c9-079f-4989-8935-c6be59ddc82e@group-0D1055093416: changes role from CANDIDATE to FOLLOWER at term 30 for DISCOVERED_A_NEW_TERM
2019-10-17 05:56:59,564 [9f06b4c9-079f-4989-8935-c6be59ddc82e@group-0D1055093416-LeaderElection47] INFO  impl.RoleInfo (RoleInfo.java:shutdownLeaderElection(134)) - 9f06b4c9-079f-4989-8935-c6be59ddc82e: shutdown LeaderElection
2019-10-17 05:56:59,564 [9f06b4c9-079f-4989-8935-c6be59ddc82e@group-0D1055093416-LeaderElection47] INFO  impl.RoleInfo (RoleInfo.java:updateAndGet(143)) - 9f06b4c9-079f-4989-8935-c6be59ddc82e: start FollowerState
2019-10-17 05:56:59,743 [Thread-681] INFO  impl.FollowerState (FollowerState.java:run(108)) - 9f06b4c9-079f-4989-8935-c6be59ddc82e@group-0D1055093416-FollowerState: change to CANDIDATE, lastRpcTime:179ms, electionTimeout:179ms
2019-10-17 05:56:59,746 [Thread-681] INFO  impl.RoleInfo (RoleInfo.java:shutdownFollowerState(121)) - 9f06b4c9-079f-4989-8935-c6be59ddc82e: shutdown FollowerState
2019-10-17 05:56:59,750 [Thread-681] INFO  impl.RaftServerImpl (RaftServerImpl.java:setRole(184)) - 9f06b4c9-079f-4989-8935-c6be59ddc82e@group-0D1055093416: changes role from  FOLLOWER to CANDIDATE at term 30 for changeToCandidate
2019-10-17 05:56:59,750 [Thread-681] INFO  impl.RoleInfo (RoleInfo.java:updateAndGet(143)) - 9f06b4c9-079f-4989-8935-c6be59ddc82e: start LeaderElection
2019-10-17 05:56:59,763 [9f06b4c9-079f-4989-8935-c6be59ddc82e@group-0D1055093416-LeaderElection48] INFO  impl.LeaderElection (LeaderElection.java:askForVotes(178)) - 9f06b4c9-079f-4989-8935-c6be59ddc82e@group-0D1055093416-LeaderElection48: begin an election at term 31 for -1: [9f06b4c9-079f-4989-8935-c6be59ddc82e:192.168.69.82:36391, b282f9e2-3bd4-452e-9c35-1adeacc39134:192.168.69.82:42567, 3ce2c7b7-3df7-42de-af28-9ba1d65ea84e:192.168.69.82:35388], old=null
2019-10-17 05:56:59,766 [grpc-default-executor-0] INFO  impl.RaftServerImpl (RaftServerImpl.java:setRole(184)) - b282f9e2-3bd4-452e-9c35-1adeacc39134@group-0D1055093416: changes role from  FOLLOWER to FOLLOWER at term 31 for recognizeCandidate:9f06b4c9-079f-4989-8935-c6be59ddc82e
2019-10-17 05:56:59,766 [grpc-default-executor-5] INFO  impl.RaftServerImpl (RaftServerImpl.java:setRole(184)) - 3ce2c7b7-3df7-42de-af28-9ba1d65ea84e@group-0D1055093416: changes role from  FOLLOWER to FOLLOWER at term 31 for recognizeCandidate:9f06b4c9-079f-4989-8935-c6be59ddc82e
2019-10-17 05:56:59,766 [grpc-default-executor-0] INFO  impl.RoleInfo (RoleInfo.java:shutdownFollowerState(121)) - b282f9e2-3bd4-452e-9c35-1adeacc39134: shutdown FollowerState
2019-10-17 05:56:59,767 [grpc-default-executor-5] INFO  impl.RoleInfo (RoleInfo.java:shutdownFollowerState(121)) - 3ce2c7b7-3df7-42de-af28-9ba1d65ea84e: shutdown FollowerState
2019-10-17 05:56:59,767 [grpc-default-executor-0] INFO  impl.RoleInfo (RoleInfo.java:updateAndGet(143)) - b282f9e2-3bd4-452e-9c35-1adeacc39134: start FollowerState
2019-10-17 05:56:59,767 [Thread-680] INFO  impl.FollowerState (FollowerState.java:run(117)) - b282f9e2-3bd4-452e-9c35-1adeacc39134@group-0D1055093416-FollowerState was interrupted: java.lang.InterruptedException: sleep interrupted
2019-10-17 05:56:59,767 [Thread-679] INFO  impl.FollowerState (FollowerState.java:run(117)) - 3ce2c7b7-3df7-42de-af28-9ba1d65ea84e@group-0D1055093416-FollowerState was interrupted: java.lang.InterruptedException: sleep interrupted
2019-10-17 05:56:59,767 [grpc-default-executor-5] INFO  impl.RoleInfo (RoleInfo.java:updateAndGet(143)) - 3ce2c7b7-3df7-42de-af28-9ba1d65ea84e: start FollowerState
2019-10-17 05:56:59,782 [9f06b4c9-079f-4989-8935-c6be59ddc82e@group-0D1055093416-LeaderElection48] INFO  impl.LeaderElection (LeaderElection.java:logAndReturn(56)) - 9f06b4c9-079f-4989-8935-c6be59ddc82e@group-0D1055093416-LeaderElection48: Election REJECTED; received 2 response(s) [9f06b4c9-079f-4989-8935-c6be59ddc82e<-b282f9e2-3bd4-452e-9c35-1adeacc39134#0:FAIL-t31, 9f06b4c9-079f-4989-8935-c6be59ddc82e<-3ce2c7b7-3df7-42de-af28-9ba1d65ea84e#0:FAIL-t31] and 0 exception(s); 9f06b4c9-079f-4989-8935-c6be59ddc82e@group-0D1055093416:t31, leader=null, voted=9f06b4c9-079f-4989-8935-c6be59ddc82e, raftlog=9f06b4c9-079f-4989-8935-c6be59ddc82e@group-0D1055093416-SegmentedRaftLog:OPENED:c-1,f-1,i0, conf=-1: [9f06b4c9-079f-4989-8935-c6be59ddc82e:192.168.69.82:36391, b282f9e2-3bd4-452e-9c35-1adeacc39134:192.168.69.82:42567, 3ce2c7b7-3df7-42de-af28-9ba1d65ea84e:192.168.69.82:35388], old=null
2019-10-17 05:56:59,783 [9f06b4c9-079f-4989-8935-c6be59ddc82e@group-0D1055093416-LeaderElection48] INFO  impl.RaftServerImpl (RaftServerImpl.java:setRole(184)) - 9f06b4c9-079f-4989-8935-c6be59ddc82e@group-0D1055093416: changes role from CANDIDATE to FOLLOWER at term 31 for DISCOVERED_A_NEW_TERM
2019-10-17 05:56:59,783 [9f06b4c9-079f-4989-8935-c6be59ddc82e@group-0D1055093416-LeaderElection48] INFO  impl.RoleInfo (RoleInfo.java:shutdownLeaderElection(134)) - 9f06b4c9-079f-4989-8935-c6be59ddc82e: shutdown LeaderElection
2019-10-17 05:56:59,783 [9f06b4c9-079f-4989-8935-c6be59ddc82e@group-0D1055093416-LeaderElection48] INFO  impl.RoleInfo (RoleInfo.java:updateAndGet(143)) - 9f06b4c9-079f-4989-8935-c6be59ddc82e: start FollowerState
2019-10-17 05:56:59,906 [Thread-689] INFO  impl.FollowerState (FollowerState.java:run(108)) - 9f06b4c9-079f-4989-8935-c6be59ddc82e@group-0D1055093416-FollowerState: change to CANDIDATE, lastRpcTime:123ms, electionTimeout:123ms
2019-10-17 05:56:59,906 [Thread-689] INFO  impl.RoleInfo (RoleInfo.java:shutdownFollowerState(121)) - 9f06b4c9-079f-4989-8935-c6be59ddc82e: shutdown FollowerState
2019-10-17 05:56:59,906 [Thread-689] INFO  impl.RaftServerImpl (RaftServerImpl.java:setRole(184)) - 9f06b4c9-079f-4989-8935-c6be59ddc82e@group-0D1055093416: changes role from  FOLLOWER to CANDIDATE at term 31 for changeToCandidate
2019-10-17 05:56:59,907 [Thread-689] INFO  impl.RoleInfo (RoleInfo.java:updateAndGet(143)) - 9f06b4c9-079f-4989-8935-c6be59ddc82e: start LeaderElection
2019-10-17 05:56:59,921 [9f06b4c9-079f-4989-8935-c6be59ddc82e@group-0D1055093416-LeaderElection49] INFO  impl.LeaderElection (LeaderElection.java:askForVotes(178)) - 9f06b4c9-079f-4989-8935-c6be59ddc82e@group-0D1055093416-LeaderElection49: begin an election at term 32 for -1: [9f06b4c9-079f-4989-8935-c6be59ddc82e:192.168.69.82:36391, b282f9e2-3bd4-452e-9c35-1adeacc39134:192.168.69.82:42567, 3ce2c7b7-3df7-42de-af28-9ba1d65ea84e:192.168.69.82:35388], old=null
2019-10-17 05:56:59,923 [grpc-default-executor-5] INFO  impl.RaftServerImpl (RaftServerImpl.java:setRole(184)) - b282f9e2-3bd4-452e-9c35-1adeacc39134@group-0D1055093416: changes role from  FOLLOWER to FOLLOWER at term 32 for recognizeCandidate:9f06b4c9-079f-4989-8935-c6be59ddc82e
2019-10-17 05:56:59,923 [grpc-default-executor-0] INFO  impl.RaftServerImpl (RaftServerImpl.java:setRole(184)) - 3ce2c7b7-3df7-42de-af28-9ba1d65ea84e@group-0D1055093416: changes role from  FOLLOWER to FOLLOWER at term 32 for recognizeCandidate:9f06b4c9-079f-4989-8935-c6be59ddc82e
2019-10-17 05:56:59,923 [grpc-default-executor-5] INFO  impl.RoleInfo (RoleInfo.java:shutdownFollowerState(121)) - b282f9e2-3bd4-452e-9c35-1adeacc39134: shutdown FollowerState
2019-10-17 05:56:59,923 [grpc-default-executor-0] INFO  impl.RoleInfo (RoleInfo.java:shutdownFollowerState(121)) - 3ce2c7b7-3df7-42de-af28-9ba1d65ea84e: shutdown FollowerState
2019-10-17 05:56:59,924 [Thread-687] INFO  impl.FollowerState (FollowerState.java:run(117)) - b282f9e2-3bd4-452e-9c35-1adeacc39134@group-0D1055093416-FollowerState was interrupted: java.lang.InterruptedException: sleep interrupted
2019-10-17 05:56:59,924 [grpc-default-executor-5] INFO  impl.RoleInfo (RoleInfo.java:updateAndGet(143)) - b282f9e2-3bd4-452e-9c35-1adeacc39134: start FollowerState
2019-10-17 05:56:59,924 [Thread-688] INFO  impl.FollowerState (FollowerState.java:run(117)) - 3ce2c7b7-3df7-42de-af28-9ba1d65ea84e@group-0D1055093416-FollowerState was interrupted: java.lang.InterruptedException: sleep interrupted
2019-10-17 05:56:59,924 [grpc-default-executor-0] INFO  impl.RoleInfo (RoleInfo.java:updateAndGet(143)) - 3ce2c7b7-3df7-42de-af28-9ba1d65ea84e: start FollowerState
2019-10-17 05:56:59,939 [9f06b4c9-079f-4989-8935-c6be59ddc82e@group-0D1055093416-LeaderElection49] INFO  impl.LeaderElection (LeaderElection.java:logAndReturn(56)) - 9f06b4c9-079f-4989-8935-c6be59ddc82e@group-0D1055093416-LeaderElection49: Election REJECTED; received 2 response(s) [9f06b4c9-079f-4989-8935-c6be59ddc82e<-b282f9e2-3bd4-452e-9c35-1adeacc39134#0:FAIL-t32, 9f06b4c9-079f-4989-8935-c6be59ddc82e<-3ce2c7b7-3df7-42de-af28-9ba1d65ea84e#0:FAIL-t32] and 0 exception(s); 9f06b4c9-079f-4989-8935-c6be59ddc82e@group-0D1055093416:t32, leader=null, voted=9f06b4c9-079f-4989-8935-c6be59ddc82e, raftlog=9f06b4c9-079f-4989-8935-c6be59ddc82e@group-0D1055093416-SegmentedRaftLog:OPENED:c-1,f-1,i0, conf=-1: [9f06b4c9-079f-4989-8935-c6be59ddc82e:192.168.69.82:36391, b282f9e2-3bd4-452e-9c35-1adeacc39134:192.168.69.82:42567, 3ce2c7b7-3df7-42de-af28-9ba1d65ea84e:192.168.69.82:35388], old=null
2019-10-17 05:56:59,939 [9f06b4c9-079f-4989-8935-c6be59ddc82e@group-0D1055093416-LeaderElection49] INFO  impl.RaftServerImpl (RaftServerImpl.java:setRole(184)) - 9f06b4c9-079f-4989-8935-c6be59ddc82e@group-0D1055093416: changes role from CANDIDATE to FOLLOWER at term 32 for DISCOVERED_A_NEW_TERM
2019-10-17 05:56:59,939 [9f06b4c9-079f-4989-8935-c6be59ddc82e@group-0D1055093416-LeaderElection49] INFO  impl.RoleInfo (RoleInfo.java:shutdownLeaderElection(134)) - 9f06b4c9-079f-4989-8935-c6be59ddc82e: shutdown LeaderElection
2019-10-17 05:56:59,939 [9f06b4c9-079f-4989-8935-c6be59ddc82e@group-0D1055093416-LeaderElection49] INFO  impl.RoleInfo (RoleInfo.java:updateAndGet(143)) - 9f06b4c9-079f-4989-8935-c6be59ddc82e: start FollowerState
2019-10-17 05:57:00,073 [Thread-695] INFO  impl.FollowerState (FollowerState.java:run(108)) - 9f06b4c9-079f-4989-8935-c6be59ddc82e@group-0D1055093416-FollowerState: change to CANDIDATE, lastRpcTime:133ms, electionTimeout:133ms
2019-10-17 05:57:00,073 [Thread-695] INFO  impl.RoleInfo (RoleInfo.java:shutdownFollowerState(121)) - 9f06b4c9-079f-4989-8935-c6be59ddc82e: shutdown FollowerState
2019-10-17 05:57:00,073 [Thread-695] INFO  impl.RaftServerImpl (RaftServerImpl.java:setRole(184)) - 9f06b4c9-079f-4989-8935-c6be59ddc82e@group-0D1055093416: changes role from  FOLLOWER to CANDIDATE at term 32 for changeToCandidate
2019-10-17 05:57:00,073 [Thread-695] INFO  impl.RoleInfo (RoleInfo.java:updateAndGet(143)) - 9f06b4c9-079f-4989-8935-c6be59ddc82e: start LeaderElection
2019-10-17 05:57:00,087 [9f06b4c9-079f-4989-8935-c6be59ddc82e@group-0D1055093416-LeaderElection50] INFO  impl.LeaderElection (LeaderElection.java:askForVotes(178)) - 9f06b4c9-079f-4989-8935-c6be59ddc82e@group-0D1055093416-LeaderElection50: begin an election at term 33 for -1: [9f06b4c9-079f-4989-8935-c6be59ddc82e:192.168.69.82:36391, b282f9e2-3bd4-452e-9c35-1adeacc39134:192.168.69.82:42567, 3ce2c7b7-3df7-42de-af28-9ba1d65ea84e:192.168.69.82:35388], old=null
2019-10-17 05:57:00,090 [grpc-default-executor-5] INFO  impl.RaftServerImpl (RaftServerImpl.java:setRole(184)) - b282f9e2-3bd4-452e-9c35-1adeacc39134@group-0D1055093416: changes role from  FOLLOWER to FOLLOWER at term 33 for recognizeCandidate:9f06b4c9-079f-4989-8935-c6be59ddc82e
2019-10-17 05:57:00,090 [grpc-default-executor-0] INFO  impl.RaftServerImpl (RaftServerImpl.java:setRole(184)) - 3ce2c7b7-3df7-42de-af28-9ba1d65ea84e@group-0D1055093416: changes role from  FOLLOWER to FOLLOWER at term 33 for recognizeCandidate:9f06b4c9-079f-4989-8935-c6be59ddc82e
2019-10-17 05:57:00,090 [grpc-default-executor-5] INFO  impl.RoleInfo (RoleInfo.java:shutdownFollowerState(121)) - b282f9e2-3bd4-452e-9c35-1adeacc39134: shutdown FollowerState
2019-10-17 05:57:00,090 [grpc-default-executor-0] INFO  impl.RoleInfo (RoleInfo.java:shutdownFollowerState(121)) - 3ce2c7b7-3df7-42de-af28-9ba1d65ea84e: shutdown FollowerState
2019-10-17 05:57:00,090 [Thread-693] INFO  impl.FollowerState (FollowerState.java:run(117)) - b282f9e2-3bd4-452e-9c35-1adeacc39134@group-0D1055093416-FollowerState was interrupted: java.lang.InterruptedException: sleep interrupted
2019-10-17 05:57:00,091 [Thread-694] INFO  impl.FollowerState (FollowerState.java:run(117)) - 3ce2c7b7-3df7-42de-af28-9ba1d65ea84e@group-0D1055093416-FollowerState was interrupted: java.lang.InterruptedException: sleep interrupted
2019-10-17 05:57:00,090 [grpc-default-executor-5] INFO  impl.RoleInfo (RoleInfo.java:updateAndGet(143)) - b282f9e2-3bd4-452e-9c35-1adeacc39134: start FollowerState
2019-10-17 05:57:00,090 [grpc-default-executor-0] INFO  impl.RoleInfo (RoleInfo.java:updateAndGet(143)) - 3ce2c7b7-3df7-42de-af28-9ba1d65ea84e: start FollowerState
2019-10-17 05:57:00,101 [9f06b4c9-079f-4989-8935-c6be59ddc82e@group-0D1055093416-LeaderElection50] INFO  impl.LeaderElection (LeaderElection.java:logAndReturn(56)) - 9f06b4c9-079f-4989-8935-c6be59ddc82e@group-0D1055093416-LeaderElection50: Election REJECTED; received 2 response(s) [9f06b4c9-079f-4989-8935-c6be59ddc82e<-b282f9e2-3bd4-452e-9c35-1adeacc39134#0:FAIL-t33, 9f06b4c9-079f-4989-8935-c6be59ddc82e<-3ce2c7b7-3df7-42de-af28-9ba1d65ea84e#0:FAIL-t33] and 0 exception(s); 9f06b4c9-079f-4989-8935-c6be59ddc82e@group-0D1055093416:t33, leader=null, voted=9f06b4c9-079f-4989-8935-c6be59ddc82e, raftlog=9f06b4c9-079f-4989-8935-c6be59ddc82e@group-0D1055093416-SegmentedRaftLog:OPENED:c-1,f-1,i0, conf=-1: [9f06b4c9-079f-4989-8935-c6be59ddc82e:192.168.69.82:36391, b282f9e2-3bd4-452e-9c35-1adeacc39134:192.168.69.82:42567, 3ce2c7b7-3df7-42de-af28-9ba1d65ea84e:192.168.69.82:35388], old=null
2019-10-17 05:57:00,101 [9f06b4c9-079f-4989-8935-c6be59ddc82e@group-0D1055093416-LeaderElection50] INFO  impl.RaftServerImpl (RaftServerImpl.java:setRole(184)) - 9f06b4c9-079f-4989-8935-c6be59ddc82e@group-0D1055093416: changes role from CANDIDATE to FOLLOWER at term 33 for DISCOVERED_A_NEW_TERM
2019-10-17 05:57:00,101 [9f06b4c9-079f-4989-8935-c6be59ddc82e@group-0D1055093416-LeaderElection50] INFO  impl.RoleInfo (RoleInfo.java:shutdownLeaderElection(134)) - 9f06b4c9-079f-4989-8935-c6be59ddc82e: shutdown LeaderElection
2019-10-17 05:57:00,101 [9f06b4c9-079f-4989-8935-c6be59ddc82e@group-0D1055093416-LeaderElection50] INFO  impl.RoleInfo (RoleInfo.java:updateAndGet(143)) - 9f06b4c9-079f-4989-8935-c6be59ddc82e: start FollowerState
2019-10-17 05:57:00,191 [Thread-706] INFO  impl.FollowerState (FollowerState.java:run(108)) - 9f06b4c9-079f-4989-8935-c6be59ddc82e@group-0D1055093416-FollowerState: change to CANDIDATE, lastRpcTime:90ms, electionTimeout:90ms
2019-10-17 05:57:00,192 [Thread-706] INFO  impl.RoleInfo (RoleInfo.java:shutdownFollowerState(121)) - 9f06b4c9-079f-4989-8935-c6be59ddc82e: shutdown FollowerState
2019-10-17 05:57:00,192 [Thread-706] INFO  impl.RaftServerImpl (RaftServerImpl.java:setRole(184)) - 9f06b4c9-079f-4989-8935-c6be59ddc82e@group-0D1055093416: changes role from  FOLLOWER to CANDIDATE at term 33 for changeToCandidate
2019-10-17 05:57:00,192 [Thread-706] INFO  impl.RoleInfo (RoleInfo.java:updateAndGet(143)) - 9f06b4c9-079f-4989-8935-c6be59ddc82e: start LeaderElection
2019-10-17 05:57:00,206 [9f06b4c9-079f-4989-8935-c6be59ddc82e@group-0D1055093416-LeaderElection51] INFO  impl.LeaderElection (LeaderElection.java:askForVotes(178)) - 9f06b4c9-079f-4989-8935-c6be59ddc82e@group-0D1055093416-LeaderElection51: begin an election at term 34 for -1: [9f06b4c9-079f-4989-8935-c6be59ddc82e:192.168.69.82:36391, b282f9e2-3bd4-452e-9c35-1adeacc39134:192.168.69.82:42567, 3ce2c7b7-3df7-42de-af28-9ba1d65ea84e:192.168.69.82:35388], old=null
2019-10-17 05:57:00,209 [grpc-default-executor-5] INFO  impl.RaftServerImpl (RaftServerImpl.java:setRole(184)) - b282f9e2-3bd4-452e-9c35-1adeacc39134@group-0D1055093416: changes role from  FOLLOWER to FOLLOWER at term 34 for recognizeCandidate:9f06b4c9-079f-4989-8935-c6be59ddc82e
2019-10-17 05:57:00,209 [grpc-default-executor-5] INFO  impl.RoleInfo (RoleInfo.java:shutdownFollowerState(121)) - b282f9e2-3bd4-452e-9c35-1adeacc39134: shutdown FollowerState
2019-10-17 05:57:00,209 [Thread-704] INFO  impl.FollowerState (FollowerState.java:run(117)) - b282f9e2-3bd4-452e-9c35-1adeacc39134@group-0D1055093416-FollowerState was interrupted: java.lang.InterruptedException: sleep interrupted
2019-10-17 05:57:00,209 [grpc-default-executor-5] INFO  impl.RoleInfo (RoleInfo.java:updateAndGet(143)) - b282f9e2-3bd4-452e-9c35-1adeacc39134: start FollowerState
2019-10-17 05:57:00,210 [grpc-default-executor-0] INFO  impl.RaftServerImpl (RaftServerImpl.java:setRole(184)) - 3ce2c7b7-3df7-42de-af28-9ba1d65ea84e@group-0D1055093416: changes role from  FOLLOWER to FOLLOWER at term 34 for recognizeCandidate:9f06b4c9-079f-4989-8935-c6be59ddc82e
2019-10-17 05:57:00,210 [grpc-default-executor-0] INFO  impl.RoleInfo (RoleInfo.java:shutdownFollowerState(121)) - 3ce2c7b7-3df7-42de-af28-9ba1d65ea84e: shutdown FollowerState
2019-10-17 05:57:00,210 [grpc-default-executor-0] INFO  impl.RoleInfo (RoleInfo.java:updateAndGet(143)) - 3ce2c7b7-3df7-42de-af28-9ba1d65ea84e: start FollowerState
2019-10-17 05:57:00,210 [Thread-705] INFO  impl.FollowerState (FollowerState.java:run(117)) - 3ce2c7b7-3df7-42de-af28-9ba1d65ea84e@group-0D1055093416-FollowerState was interrupted: java.lang.InterruptedException: sleep interrupted
2019-10-17 05:57:00,225 [9f06b4c9-079f-4989-8935-c6be59ddc82e@group-0D1055093416-LeaderElection51] INFO  impl.LeaderElection (LeaderElection.java:logAndReturn(56)) - 9f06b4c9-079f-4989-8935-c6be59ddc82e@group-0D1055093416-LeaderElection51: Election REJECTED; received 2 response(s) [9f06b4c9-079f-4989-8935-c6be59ddc82e<-b282f9e2-3bd4-452e-9c35-1adeacc39134#0:FAIL-t34, 9f06b4c9-079f-4989-8935-c6be59ddc82e<-3ce2c7b7-3df7-42de-af28-9ba1d65ea84e#0:FAIL-t34] and 0 exception(s); 9f06b4c9-079f-4989-8935-c6be59ddc82e@group-0D1055093416:t34, leader=null, voted=9f06b4c9-079f-4989-8935-c6be59ddc82e, raftlog=9f06b4c9-079f-4989-8935-c6be59ddc82e@group-0D1055093416-SegmentedRaftLog:OPENED:c-1,f-1,i0, conf=-1: [9f06b4c9-079f-4989-8935-c6be59ddc82e:192.168.69.82:36391, b282f9e2-3bd4-452e-9c35-1adeacc39134:192.168.69.82:42567, 3ce2c7b7-3df7-42de-af28-9ba1d65ea84e:192.168.69.82:35388], old=null
2019-10-17 05:57:00,225 [9f06b4c9-079f-4989-8935-c6be59ddc82e@group-0D1055093416-LeaderElection51] INFO  impl.RaftServerImpl (RaftServerImpl.java:setRole(184)) - 9f06b4c9-079f-4989-8935-c6be59ddc82e@group-0D1055093416: changes role from CANDIDATE to FOLLOWER at term 34 for DISCOVERED_A_NEW_TERM
2019-10-17 05:57:00,225 [9f06b4c9-079f-4989-8935-c6be59ddc82e@group-0D1055093416-LeaderElection51] INFO  impl.RoleInfo (RoleInfo.java:shutdownLeaderElection(134)) - 9f06b4c9-079f-4989-8935-c6be59ddc82e: shutdown LeaderElection
2019-10-17 05:57:00,226 [9f06b4c9-079f-4989-8935-c6be59ddc82e@group-0D1055093416-LeaderElection51] INFO  impl.RoleInfo (RoleInfo.java:updateAndGet(143)) - 9f06b4c9-079f-4989-8935-c6be59ddc82e: start FollowerState
2019-10-17 05:57:00,238 [Thread-713] INFO  impl.FollowerState (FollowerState.java:run(108)) - 9f06b4c9-079f-4989-8935-c6be59ddc82e@group-0D1055093416-FollowerState: change to CANDIDATE, lastRpcTime:12ms, electionTimeout:12ms
2019-10-17 05:57:00,238 [Thread-713] INFO  impl.RoleInfo (RoleInfo.java:shutdownFollowerState(121)) - 9f06b4c9-079f-4989-8935-c6be59ddc82e: shutdown FollowerState
2019-10-17 05:57:00,238 [Thread-713] INFO  impl.RaftServerImpl (RaftServerImpl.java:setRole(184)) - 9f06b4c9-079f-4989-8935-c6be59ddc82e@group-0D1055093416: changes role from  FOLLOWER to CANDIDATE at term 34 for changeToCandidate
2019-10-17 05:57:00,239 [Thread-713] INFO  impl.RoleInfo (RoleInfo.java:updateAndGet(143)) - 9f06b4c9-079f-4989-8935-c6be59ddc82e: start LeaderElection
2019-10-17 05:57:00,253 [9f06b4c9-079f-4989-8935-c6be59ddc82e@group-0D1055093416-LeaderElection52] INFO  impl.LeaderElection (LeaderElection.java:askForVotes(178)) - 9f06b4c9-079f-4989-8935-c6be59ddc82e@group-0D1055093416-LeaderElection52: begin an election at term 35 for -1: [9f06b4c9-079f-4989-8935-c6be59ddc82e:192.168.69.82:36391, b282f9e2-3bd4-452e-9c35-1adeacc39134:192.168.69.82:42567, 3ce2c7b7-3df7-42de-af28-9ba1d65ea84e:192.168.69.82:35388], old=null
2019-10-17 05:57:00,256 [grpc-default-executor-0] INFO  impl.RaftServerImpl (RaftServerImpl.java:setRole(184)) - 3ce2c7b7-3df7-42de-af28-9ba1d65ea84e@group-0D1055093416: changes role from  FOLLOWER to FOLLOWER at term 35 for recognizeCandidate:9f06b4c9-079f-4989-8935-c6be59ddc82e
2019-10-17 05:57:00,256 [grpc-default-executor-0] INFO  impl.RoleInfo (RoleInfo.java:shutdownFollowerState(121)) - 3ce2c7b7-3df7-42de-af28-9ba1d65ea84e: shutdown FollowerState
2019-10-17 05:57:00,256 [grpc-default-executor-5] INFO  impl.RaftServerImpl (RaftServerImpl.java:setRole(184)) - b282f9e2-3bd4-452e-9c35-1adeacc39134@group-0D1055093416: changes role from  FOLLOWER to FOLLOWER at term 35 for recognizeCandidate:9f06b4c9-079f-4989-8935-c6be59ddc82e
2019-10-17 05:57:00,256 [grpc-default-executor-5] INFO  impl.RoleInfo (RoleInfo.java:shutdownFollowerState(121)) - b282f9e2-3bd4-452e-9c35-1adeacc39134: shutdown FollowerState
2019-10-17 05:57:00,256 [Thread-712] INFO  impl.FollowerState (FollowerState.java:run(117)) - 3ce2c7b7-3df7-42de-af28-9ba1d65ea84e@group-0D1055093416-FollowerState was interrupted: java.lang.InterruptedException: sleep interrupted
2019-10-17 05:57:00,256 [grpc-default-executor-0] INFO  impl.RoleInfo (RoleInfo.java:updateAndGet(143)) - 3ce2c7b7-3df7-42de-af28-9ba1d65ea84e: start FollowerState
2019-10-17 05:57:00,256 [Thread-711] INFO  impl.FollowerState (FollowerState.java:run(117)) - b282f9e2-3bd4-452e-9c35-1adeacc39134@group-0D1055093416-FollowerState was interrupted: java.lang.InterruptedException: sleep interrupted
2019-10-17 05:57:00,256 [grpc-default-executor-5] INFO  impl.RoleInfo (RoleInfo.java:updateAndGet(143)) - b282f9e2-3bd4-452e-9c35-1adeacc39134: start FollowerState
2019-10-17 05:57:00,272 [9f06b4c9-079f-4989-8935-c6be59ddc82e@group-0D1055093416-LeaderElection52] INFO  impl.LeaderElection (LeaderElection.java:logAndReturn(56)) - 9f06b4c9-079f-4989-8935-c6be59ddc82e@group-0D1055093416-LeaderElection52: Election REJECTED; received 2 response(s) [9f06b4c9-079f-4989-8935-c6be59ddc82e<-b282f9e2-3bd4-452e-9c35-1adeacc39134#0:FAIL-t35, 9f06b4c9-079f-4989-8935-c6be59ddc82e<-3ce2c7b7-3df7-42de-af28-9ba1d65ea84e#0:FAIL-t35] and 0 exception(s); 9f06b4c9-079f-4989-8935-c6be59ddc82e@group-0D1055093416:t35, leader=null, voted=9f06b4c9-079f-4989-8935-c6be59ddc82e, raftlog=9f06b4c9-079f-4989-8935-c6be59ddc82e@group-0D1055093416-SegmentedRaftLog:OPENED:c-1,f-1,i0, conf=-1: [9f06b4c9-079f-4989-8935-c6be59ddc82e:192.168.69.82:36391, b282f9e2-3bd4-452e-9c35-1adeacc39134:192.168.69.82:42567, 3ce2c7b7-3df7-42de-af28-9ba1d65ea84e:192.168.69.82:35388], old=null
2019-10-17 05:57:00,272 [9f06b4c9-079f-4989-8935-c6be59ddc82e@group-0D1055093416-LeaderElection52] INFO  impl.RaftServerImpl (RaftServerImpl.java:setRole(184)) - 9f06b4c9-079f-4989-8935-c6be59ddc82e@group-0D1055093416: changes role from CANDIDATE to FOLLOWER at term 35 for DISCOVERED_A_NEW_TERM
2019-10-17 05:57:00,272 [9f06b4c9-079f-4989-8935-c6be59ddc82e@group-0D1055093416-LeaderElection52] INFO  impl.RoleInfo (RoleInfo.java:shutdownLeaderElection(134)) - 9f06b4c9-079f-4989-8935-c6be59ddc82e: shutdown LeaderElection
2019-10-17 05:57:00,272 [9f06b4c9-079f-4989-8935-c6be59ddc82e@group-0D1055093416-LeaderElection52] INFO  impl.RoleInfo (RoleInfo.java:updateAndGet(143)) - 9f06b4c9-079f-4989-8935-c6be59ddc82e: start FollowerState
2019-10-17 05:57:00,438 [Thread-719] INFO  impl.FollowerState (FollowerState.java:run(108)) - 9f06b4c9-079f-4989-8935-c6be59ddc82e@group-0D1055093416-FollowerState: change to CANDIDATE, lastRpcTime:165ms, electionTimeout:165ms
2019-10-17 05:57:00,438 [Thread-719] INFO  impl.RoleInfo (RoleInfo.java:shutdownFollowerState(121)) - 9f06b4c9-079f-4989-8935-c6be59ddc82e: shutdown FollowerState
2019-10-17 05:57:00,438 [Thread-719] INFO  impl.RaftServerImpl (RaftServerImpl.java:setRole(184)) - 9f06b4c9-079f-4989-8935-c6be59ddc82e@group-0D1055093416: changes role from  FOLLOWER to CANDIDATE at term 35 for changeToCandidate
2019-10-17 05:57:00,438 [Thread-719] INFO  impl.RoleInfo (RoleInfo.java:updateAndGet(143)) - 9f06b4c9-079f-4989-8935-c6be59ddc82e: start LeaderElection
2019-10-17 05:57:00,453 [9f06b4c9-079f-4989-8935-c6be59ddc82e@group-0D1055093416-LeaderElection53] INFO  impl.LeaderElection (LeaderElection.java:askForVotes(178)) - 9f06b4c9-079f-4989-8935-c6be59ddc82e@group-0D1055093416-LeaderElection53: begin an election at term 36 for -1: [9f06b4c9-079f-4989-8935-c6be59ddc82e:192.168.69.82:36391, b282f9e2-3bd4-452e-9c35-1adeacc39134:192.168.69.82:42567, 3ce2c7b7-3df7-42de-af28-9ba1d65ea84e:192.168.69.82:35388], old=null
2019-10-17 05:57:00,457 [grpc-default-executor-5] INFO  impl.RaftServerImpl (RaftServerImpl.java:setRole(184)) - b282f9e2-3bd4-452e-9c35-1adeacc39134@group-0D1055093416: changes role from  FOLLOWER to FOLLOWER at term 36 for recognizeCandidate:9f06b4c9-079f-4989-8935-c6be59ddc82e
2019-10-17 05:57:00,457 [grpc-default-executor-0] INFO  impl.RaftServerImpl (RaftServerImpl.java:setRole(184)) - 3ce2c7b7-3df7-42de-af28-9ba1d65ea84e@group-0D1055093416: changes role from  FOLLOWER to FOLLOWER at term 36 for recognizeCandidate:9f06b4c9-079f-4989-8935-c6be59ddc82e
2019-10-17 05:57:00,457 [grpc-default-executor-5] INFO  impl.RoleInfo (RoleInfo.java:shutdownFollowerState(121)) - b282f9e2-3bd4-452e-9c35-1adeacc39134: shutdown FollowerState
2019-10-17 05:57:00,457 [grpc-default-executor-0] INFO  impl.RoleInfo (RoleInfo.java:shutdownFollowerState(121)) - 3ce2c7b7-3df7-42de-af28-9ba1d65ea84e: shutdown FollowerState
2019-10-17 05:57:00,457 [Thread-718] INFO  impl.FollowerState (FollowerState.java:run(117)) - b282f9e2-3bd4-452e-9c35-1adeacc39134@group-0D1055093416-FollowerState was interrupted: java.lang.InterruptedException: sleep interrupted
2019-10-17 05:57:00,458 [Thread-717] INFO  impl.FollowerState (FollowerState.java:run(117)) - 3ce2c7b7-3df7-42de-af28-9ba1d65ea84e@group-0D1055093416-FollowerState was interrupted: java.lang.InterruptedException: sleep interrupted
2019-10-17 05:57:00,457 [grpc-default-executor-5] INFO  impl.RoleInfo (RoleInfo.java:updateAndGet(143)) - b282f9e2-3bd4-452e-9c35-1adeacc39134: start FollowerState
2019-10-17 05:57:00,458 [grpc-default-executor-0] INFO  impl.RoleInfo (RoleInfo.java:updateAndGet(143)) - 3ce2c7b7-3df7-42de-af28-9ba1d65ea84e: start FollowerState
2019-10-17 05:57:00,473 [9f06b4c9-079f-4989-8935-c6be59ddc82e@group-0D1055093416-LeaderElection53] INFO  impl.LeaderElection (LeaderElection.java:logAndReturn(56)) - 9f06b4c9-079f-4989-8935-c6be59ddc82e@group-0D1055093416-LeaderElection53: Election REJECTED; received 2 response(s) [9f06b4c9-079f-4989-8935-c6be59ddc82e<-b282f9e2-3bd4-452e-9c35-1adeacc39134#0:FAIL-t36, 9f06b4c9-079f-4989-8935-c6be59ddc82e<-3ce2c7b7-3df7-42de-af28-9ba1d65ea84e#0:FAIL-t36] and 0 exception(s); 9f06b4c9-079f-4989-8935-c6be59ddc82e@group-0D1055093416:t36, leader=null, voted=9f06b4c9-079f-4989-8935-c6be59ddc82e, raftlog=9f06b4c9-079f-4989-8935-c6be59ddc82e@group-0D1055093416-SegmentedRaftLog:OPENED:c-1,f-1,i0, conf=-1: [9f06b4c9-079f-4989-8935-c6be59ddc82e:192.168.69.82:36391, b282f9e2-3bd4-452e-9c35-1adeacc39134:192.168.69.82:42567, 3ce2c7b7-3df7-42de-af28-9ba1d65ea84e:192.168.69.82:35388], old=null
2019-10-17 05:57:00,474 [9f06b4c9-079f-4989-8935-c6be59ddc82e@group-0D1055093416-LeaderElection53] INFO  impl.RaftServerImpl (RaftServerImpl.java:setRole(184)) - 9f06b4c9-079f-4989-8935-c6be59ddc82e@group-0D1055093416: changes role from CANDIDATE to FOLLOWER at term 36 for DISCOVERED_A_NEW_TERM
2019-10-17 05:57:00,474 [9f06b4c9-079f-4989-8935-c6be59ddc82e@group-0D1055093416-LeaderElection53] INFO  impl.RoleInfo (RoleInfo.java:shutdownLeaderElection(134)) - 9f06b4c9-079f-4989-8935-c6be59ddc82e: shutdown LeaderElection
2019-10-17 05:57:00,474 [9f06b4c9-079f-4989-8935-c6be59ddc82e@group-0D1055093416-LeaderElection53] INFO  impl.RoleInfo (RoleInfo.java:updateAndGet(143)) - 9f06b4c9-079f-4989-8935-c6be59ddc82e: start FollowerState
2019-10-17 05:57:00,587 [Thread-725] INFO  impl.FollowerState (FollowerState.java:run(108)) - 9f06b4c9-079f-4989-8935-c6be59ddc82e@group-0D1055093416-FollowerState: change to CANDIDATE, lastRpcTime:113ms, electionTimeout:113ms
2019-10-17 05:57:00,587 [Thread-725] INFO  impl.RoleInfo (RoleInfo.java:shutdownFollowerState(121)) - 9f06b4c9-079f-4989-8935-c6be59ddc82e: shutdown FollowerState
2019-10-17 05:57:00,588 [Thread-725] INFO  impl.RaftServerImpl (RaftServerImpl.java:setRole(184)) - 9f06b4c9-079f-4989-8935-c6be59ddc82e@group-0D1055093416: changes role from  FOLLOWER to CANDIDATE at term 36 for changeToCandidate
2019-10-17 05:57:00,588 [Thread-725] INFO  impl.RoleInfo (RoleInfo.java:updateAndGet(143)) - 9f06b4c9-079f-4989-8935-c6be59ddc82e: start LeaderElection
2019-10-17 05:57:00,602 [9f06b4c9-079f-4989-8935-c6be59ddc82e@group-0D1055093416-LeaderElection54] INFO  impl.LeaderElection (LeaderElection.java:askForVotes(178)) - 9f06b4c9-079f-4989-8935-c6be59ddc82e@group-0D1055093416-LeaderElection54: begin an election at term 37 for -1: [9f06b4c9-079f-4989-8935-c6be59ddc82e:192.168.69.82:36391, b282f9e2-3bd4-452e-9c35-1adeacc39134:192.168.69.82:42567, 3ce2c7b7-3df7-42de-af28-9ba1d65ea84e:192.168.69.82:35388], old=null
2019-10-17 05:57:00,604 [grpc-default-executor-0] INFO  impl.RaftServerImpl (RaftServerImpl.java:setRole(184)) - b282f9e2-3bd4-452e-9c35-1adeacc39134@group-0D1055093416: changes role from  FOLLOWER to FOLLOWER at term 37 for recognizeCandidate:9f06b4c9-079f-4989-8935-c6be59ddc82e
2019-10-17 05:57:00,604 [grpc-default-executor-0] INFO  impl.RoleInfo (RoleInfo.java:shutdownFollowerState(121)) - b282f9e2-3bd4-452e-9c35-1adeacc39134: shutdown FollowerState
2019-10-17 05:57:00,604 [grpc-default-executor-0] INFO  impl.RoleInfo (RoleInfo.java:updateAndGet(143)) - b282f9e2-3bd4-452e-9c35-1adeacc39134: start FollowerState
2019-10-17 05:57:00,604 [Thread-723] INFO  impl.FollowerState (FollowerState.java:run(117)) - b282f9e2-3bd4-452e-9c35-1adeacc39134@group-0D1055093416-FollowerState was interrupted: java.lang.InterruptedException: sleep interrupted
2019-10-17 05:57:00,604 [grpc-default-executor-5] INFO  impl.RaftServerImpl (RaftServerImpl.java:setRole(184)) - 3ce2c7b7-3df7-42de-af28-9ba1d65ea84e@group-0D1055093416: changes role from  FOLLOWER to FOLLOWER at term 37 for recognizeCandidate:9f06b4c9-079f-4989-8935-c6be59ddc82e
2019-10-17 05:57:00,605 [grpc-default-executor-5] INFO  impl.RoleInfo (RoleInfo.java:shutdownFollowerState(121)) - 3ce2c7b7-3df7-42de-af28-9ba1d65ea84e: shutdown FollowerState
2019-10-17 05:57:00,605 [grpc-default-executor-5] INFO  impl.RoleInfo (RoleInfo.java:updateAndGet(143)) - 3ce2c7b7-3df7-42de-af28-9ba1d65ea84e: start FollowerState
2019-10-17 05:57:00,605 [Thread-724] INFO  impl.FollowerState (FollowerState.java:run(117)) - 3ce2c7b7-3df7-42de-af28-9ba1d65ea84e@group-0D1055093416-FollowerState was interrupted: java.lang.InterruptedException: sleep interrupted
2019-10-17 05:57:00,616 [9f06b4c9-079f-4989-8935-c6be59ddc82e@group-0D1055093416-LeaderElection54] INFO  impl.LeaderElection (LeaderElection.java:logAndReturn(56)) - 9f06b4c9-079f-4989-8935-c6be59ddc82e@group-0D1055093416-LeaderElection54: Election REJECTED; received 2 response(s) [9f06b4c9-079f-4989-8935-c6be59ddc82e<-b282f9e2-3bd4-452e-9c35-1adeacc39134#0:FAIL-t37, 9f06b4c9-079f-4989-8935-c6be59ddc82e<-3ce2c7b7-3df7-42de-af28-9ba1d65ea84e#0:FAIL-t37] and 0 exception(s); 9f06b4c9-079f-4989-8935-c6be59ddc82e@group-0D1055093416:t37, leader=null, voted=9f06b4c9-079f-4989-8935-c6be59ddc82e, raftlog=9f06b4c9-079f-4989-8935-c6be59ddc82e@group-0D1055093416-SegmentedRaftLog:OPENED:c-1,f-1,i0, conf=-1: [9f06b4c9-079f-4989-8935-c6be59ddc82e:192.168.69.82:36391, b282f9e2-3bd4-452e-9c35-1adeacc39134:192.168.69.82:42567, 3ce2c7b7-3df7-42de-af28-9ba1d65ea84e:192.168.69.82:35388], old=null
2019-10-17 05:57:00,617 [9f06b4c9-079f-4989-8935-c6be59ddc82e@group-0D1055093416-LeaderElection54] INFO  impl.RaftServerImpl (RaftServerImpl.java:setRole(184)) - 9f06b4c9-079f-4989-8935-c6be59ddc82e@group-0D1055093416: changes role from CANDIDATE to FOLLOWER at term 37 for DISCOVERED_A_NEW_TERM
2019-10-17 05:57:00,617 [9f06b4c9-079f-4989-8935-c6be59ddc82e@group-0D1055093416-LeaderElection54] INFO  impl.RoleInfo (RoleInfo.java:shutdownLeaderElection(134)) - 9f06b4c9-079f-4989-8935-c6be59ddc82e: shutdown LeaderElection
2019-10-17 05:57:00,617 [9f06b4c9-079f-4989-8935-c6be59ddc82e@group-0D1055093416-LeaderElection54] INFO  impl.RoleInfo (RoleInfo.java:updateAndGet(143)) - 9f06b4c9-079f-4989-8935-c6be59ddc82e: start FollowerState
2019-10-17 05:57:00,646 [Thread-735] INFO  impl.FollowerState (FollowerState.java:run(108)) - 9f06b4c9-079f-4989-8935-c6be59ddc82e@group-0D1055093416-FollowerState: change to CANDIDATE, lastRpcTime:29ms, electionTimeout:29ms
2019-10-17 05:57:00,647 [Thread-735] INFO  impl.RoleInfo (RoleInfo.java:shutdownFollowerState(121)) - 9f06b4c9-079f-4989-8935-c6be59ddc82e: shutdown FollowerState
2019-10-17 05:57:00,647 [Thread-735] INFO  impl.RaftServerImpl (RaftServerImpl.java:setRole(184)) - 9f06b4c9-079f-4989-8935-c6be59ddc82e@group-0D1055093416: changes role from  FOLLOWER to CANDIDATE at term 37 for changeToCandidate
2019-10-17 05:57:00,647 [Thread-735] INFO  impl.RoleInfo (RoleInfo.java:updateAndGet(143)) - 9f06b4c9-079f-4989-8935-c6be59ddc82e: start LeaderElection
2019-10-17 05:57:00,661 [9f06b4c9-079f-4989-8935-c6be59ddc82e@group-0D1055093416-LeaderElection55] INFO  impl.LeaderElection (LeaderElection.java:askForVotes(178)) - 9f06b4c9-079f-4989-8935-c6be59ddc82e@group-0D1055093416-LeaderElection55: begin an election at term 38 for -1: [9f06b4c9-079f-4989-8935-c6be59ddc82e:192.168.69.82:36391, b282f9e2-3bd4-452e-9c35-1adeacc39134:192.168.69.82:42567, 3ce2c7b7-3df7-42de-af28-9ba1d65ea84e:192.168.69.82:35388], old=null
2019-10-17 05:57:00,664 [grpc-default-executor-0] INFO  impl.RaftServerImpl (RaftServerImpl.java:setRole(184)) - b282f9e2-3bd4-452e-9c35-1adeacc39134@group-0D1055093416: changes role from  FOLLOWER to FOLLOWER at term 38 for recognizeCandidate:9f06b4c9-079f-4989-8935-c6be59ddc82e
2019-10-17 05:57:00,665 [grpc-default-executor-0] INFO  impl.RoleInfo (RoleInfo.java:shutdownFollowerState(121)) - b282f9e2-3bd4-452e-9c35-1adeacc39134: shutdown FollowerState
2019-10-17 05:57:00,665 [grpc-default-executor-5] INFO  impl.RaftServerImpl (RaftServerImpl.java:setRole(184)) - 3ce2c7b7-3df7-42de-af28-9ba1d65ea84e@group-0D1055093416: changes role from  FOLLOWER to FOLLOWER at term 38 for recognizeCandidate:9f06b4c9-079f-4989-8935-c6be59ddc82e
2019-10-17 05:57:00,665 [Thread-732] INFO  impl.FollowerState (FollowerState.java:run(117)) - b282f9e2-3bd4-452e-9c35-1adeacc39134@group-0D1055093416-FollowerState was interrupted: java.lang.InterruptedException: sleep interrupted
2019-10-17 05:57:00,665 [grpc-default-executor-0] INFO  impl.RoleInfo (RoleInfo.java:updateAndGet(143)) - b282f9e2-3bd4-452e-9c35-1adeacc39134: start FollowerState
2019-10-17 05:57:00,665 [grpc-default-executor-5] INFO  impl.RoleInfo (RoleInfo.java:shutdownFollowerState(121)) - 3ce2c7b7-3df7-42de-af28-9ba1d65ea84e: shutdown FollowerState
2019-10-17 05:57:00,666 [grpc-default-executor-5] INFO  impl.RoleInfo (RoleInfo.java:updateAndGet(143)) - 3ce2c7b7-3df7-42de-af28-9ba1d65ea84e: start FollowerState
2019-10-17 05:57:00,666 [Thread-733] INFO  impl.FollowerState (FollowerState.java:run(117)) - 3ce2c7b7-3df7-42de-af28-9ba1d65ea84e@group-0D1055093416-FollowerState was interrupted: java.lang.InterruptedException: sleep interrupted
2019-10-17 05:57:00,681 [9f06b4c9-079f-4989-8935-c6be59ddc82e@group-0D1055093416-LeaderElection55] INFO  impl.LeaderElection (LeaderElection.java:logAndReturn(56)) - 9f06b4c9-079f-4989-8935-c6be59ddc82e@group-0D1055093416-LeaderElection55: Election REJECTED; received 2 response(s) [9f06b4c9-079f-4989-8935-c6be59ddc82e<-b282f9e2-3bd4-452e-9c35-1adeacc39134#0:FAIL-t38, 9f06b4c9-079f-4989-8935-c6be59ddc82e<-3ce2c7b7-3df7-42de-af28-9ba1d65ea84e#0:FAIL-t38] and 0 exception(s); 9f06b4c9-079f-4989-8935-c6be59ddc82e@group-0D1055093416:t38, leader=null, voted=9f06b4c9-079f-4989-8935-c6be59ddc82e, raftlog=9f06b4c9-079f-4989-8935-c6be59ddc82e@group-0D1055093416-SegmentedRaftLog:OPENED:c-1,f-1,i0, conf=-1: [9f06b4c9-079f-4989-8935-c6be59ddc82e:192.168.69.82:36391, b282f9e2-3bd4-452e-9c35-1adeacc39134:192.168.69.82:42567, 3ce2c7b7-3df7-42de-af28-9ba1d65ea84e:192.168.69.82:35388], old=null
2019-10-17 05:57:00,681 [9f06b4c9-079f-4989-8935-c6be59ddc82e@group-0D1055093416-LeaderElection55] INFO  impl.RaftServerImpl (RaftServerImpl.java:setRole(184)) - 9f06b4c9-079f-4989-8935-c6be59ddc82e@group-0D1055093416: changes role from CANDIDATE to FOLLOWER at term 38 for DISCOVERED_A_NEW_TERM
2019-10-17 05:57:00,681 [9f06b4c9-079f-4989-8935-c6be59ddc82e@group-0D1055093416-LeaderElection55] INFO  impl.RoleInfo (RoleInfo.java:shutdownLeaderElection(134)) - 9f06b4c9-079f-4989-8935-c6be59ddc82e: shutdown LeaderElection
2019-10-17 05:57:00,682 [9f06b4c9-079f-4989-8935-c6be59ddc82e@group-0D1055093416-LeaderElection55] INFO  impl.RoleInfo (RoleInfo.java:updateAndGet(143)) - 9f06b4c9-079f-4989-8935-c6be59ddc82e: start FollowerState
2019-10-17 05:57:00,739 [Thread-741] INFO  impl.FollowerState (FollowerState.java:run(108)) - 9f06b4c9-079f-4989-8935-c6be59ddc82e@group-0D1055093416-FollowerState: change to CANDIDATE, lastRpcTime:57ms, electionTimeout:57ms
2019-10-17 05:57:00,739 [Thread-741] INFO  impl.RoleInfo (RoleInfo.java:shutdownFollowerState(121)) - 9f06b4c9-079f-4989-8935-c6be59ddc82e: shutdown FollowerState
2019-10-17 05:57:00,739 [Thread-741] INFO  impl.RaftServerImpl (RaftServerImpl.java:setRole(184)) - 9f06b4c9-079f-4989-8935-c6be59ddc82e@group-0D1055093416: changes role from  FOLLOWER to CANDIDATE at term 38 for changeToCandidate
2019-10-17 05:57:00,740 [Thread-741] INFO  impl.RoleInfo (RoleInfo.java:updateAndGet(143)) - 9f06b4c9-079f-4989-8935-c6be59ddc82e: start LeaderElection
2019-10-17 05:57:00,754 [9f06b4c9-079f-4989-8935-c6be59ddc82e@group-0D1055093416-LeaderElection56] INFO  impl.LeaderElection (LeaderElection.java:askForVotes(178)) - 9f06b4c9-079f-4989-8935-c6be59ddc82e@group-0D1055093416-LeaderElection56: begin an election at term 39 for -1: [9f06b4c9-079f-4989-8935-c6be59ddc82e:192.168.69.82:36391, b282f9e2-3bd4-452e-9c35-1adeacc39134:192.168.69.82:42567, 3ce2c7b7-3df7-42de-af28-9ba1d65ea84e:192.168.69.82:35388], old=null
2019-10-17 05:57:00,757 [grpc-default-executor-5] INFO  impl.RaftServerImpl (RaftServerImpl.java:setRole(184)) - b282f9e2-3bd4-452e-9c35-1adeacc39134@group-0D1055093416: changes role from  FOLLOWER to FOLLOWER at term 39 for recognizeCandidate:9f06b4c9-079f-4989-8935-c6be59ddc82e
2019-10-17 05:57:00,757 [grpc-default-executor-0] INFO  impl.RaftServerImpl (RaftServerImpl.java:setRole(184)) - 3ce2c7b7-3df7-42de-af28-9ba1d65ea84e@group-0D1055093416: changes role from  FOLLOWER to FOLLOWER at term 39 for recognizeCandidate:9f06b4c9-079f-4989-8935-c6be59ddc82e
2019-10-17 05:57:00,757 [grpc-default-executor-5] INFO  impl.RoleInfo (RoleInfo.java:shutdownFollowerState(121)) - b282f9e2-3bd4-452e-9c35-1adeacc39134: shutdown FollowerState
2019-10-17 05:57:00,757 [grpc-default-executor-0] INFO  impl.RoleInfo (RoleInfo.java:shutdownFollowerState(121)) - 3ce2c7b7-3df7-42de-af28-9ba1d65ea84e: shutdown FollowerState
2019-10-17 05:57:00,758 [Thread-739] INFO  impl.FollowerState (FollowerState.java:run(117)) - b282f9e2-3bd4-452e-9c35-1adeacc39134@group-0D1055093416-FollowerState was interrupted: java.lang.InterruptedException: sleep interrupted
2019-10-17 05:57:00,757 [grpc-default-executor-5] INFO  impl.RoleInfo (RoleInfo.java:updateAndGet(143)) - b282f9e2-3bd4-452e-9c35-1adeacc39134: start FollowerState
2019-10-17 05:57:00,758 [Thread-740] INFO  impl.FollowerState (FollowerState.java:run(117)) - 3ce2c7b7-3df7-42de-af28-9ba1d65ea84e@group-0D1055093416-FollowerState was interrupted: java.lang.InterruptedException: sleep interrupted
2019-10-17 05:57:00,758 [grpc-default-executor-0] INFO  impl.RoleInfo (RoleInfo.java:updateAndGet(143)) - 3ce2c7b7-3df7-42de-af28-9ba1d65ea84e: start FollowerState
2019-10-17 05:57:00,774 [9f06b4c9-079f-4989-8935-c6be59ddc82e@group-0D1055093416-LeaderElection56] INFO  impl.LeaderElection (LeaderElection.java:logAndReturn(56)) - 9f06b4c9-079f-4989-8935-c6be59ddc82e@group-0D1055093416-LeaderElection56: Election REJECTED; received 2 response(s) [9f06b4c9-079f-4989-8935-c6be59ddc82e<-b282f9e2-3bd4-452e-9c35-1adeacc39134#0:FAIL-t39, 9f06b4c9-079f-4989-8935-c6be59ddc82e<-3ce2c7b7-3df7-42de-af28-9ba1d65ea84e#0:FAIL-t39] and 0 exception(s); 9f06b4c9-079f-4989-8935-c6be59ddc82e@group-0D1055093416:t39, leader=null, voted=9f06b4c9-079f-4989-8935-c6be59ddc82e, raftlog=9f06b4c9-079f-4989-8935-c6be59ddc82e@group-0D1055093416-SegmentedRaftLog:OPENED:c-1,f-1,i0, conf=-1: [9f06b4c9-079f-4989-8935-c6be59ddc82e:192.168.69.82:36391, b282f9e2-3bd4-452e-9c35-1adeacc39134:192.168.69.82:42567, 3ce2c7b7-3df7-42de-af28-9ba1d65ea84e:192.168.69.82:35388], old=null
2019-10-17 05:57:00,774 [9f06b4c9-079f-4989-8935-c6be59ddc82e@group-0D1055093416-LeaderElection56] INFO  impl.RaftServerImpl (RaftServerImpl.java:setRole(184)) - 9f06b4c9-079f-4989-8935-c6be59ddc82e@group-0D1055093416: changes role from CANDIDATE to FOLLOWER at term 39 for DISCOVERED_A_NEW_TERM
2019-10-17 05:57:00,774 [9f06b4c9-079f-4989-8935-c6be59ddc82e@group-0D1055093416-LeaderElection56] INFO  impl.RoleInfo (RoleInfo.java:shutdownLeaderElection(134)) - 9f06b4c9-079f-4989-8935-c6be59ddc82e: shutdown LeaderElection
2019-10-17 05:57:00,774 [9f06b4c9-079f-4989-8935-c6be59ddc82e@group-0D1055093416-LeaderElection56] INFO  impl.RoleInfo (RoleInfo.java:updateAndGet(143)) - 9f06b4c9-079f-4989-8935-c6be59ddc82e: start FollowerState
2019-10-17 05:57:00,895 [Thread-747] INFO  impl.FollowerState (FollowerState.java:run(108)) - 9f06b4c9-079f-4989-8935-c6be59ddc82e@group-0D1055093416-FollowerState: change to CANDIDATE, lastRpcTime:120ms, electionTimeout:120ms
2019-10-17 05:57:00,895 [Thread-747] INFO  impl.RoleInfo (RoleInfo.java:shutdownFollowerState(121)) - 9f06b4c9-079f-4989-8935-c6be59ddc82e: shutdown FollowerState
2019-10-17 05:57:00,895 [Thread-747] INFO  impl.RaftServerImpl (RaftServerImpl.java:setRole(184)) - 9f06b4c9-079f-4989-8935-c6be59ddc82e@group-0D1055093416: changes role from  FOLLOWER to CANDIDATE at term 39 for changeToCandidate
2019-10-17 05:57:00,895 [Thread-747] INFO  impl.RoleInfo (RoleInfo.java:updateAndGet(143)) - 9f06b4c9-079f-4989-8935-c6be59ddc82e: start LeaderElection
2019-10-17 05:57:00,909 [9f06b4c9-079f-4989-8935-c6be59ddc82e@group-0D1055093416-LeaderElection57] INFO  impl.LeaderElection (LeaderElection.java:askForVotes(178)) - 9f06b4c9-079f-4989-8935-c6be59ddc82e@group-0D1055093416-LeaderElection57: begin an election at term 40 for -1: [9f06b4c9-079f-4989-8935-c6be59ddc82e:192.168.69.82:36391, b282f9e2-3bd4-452e-9c35-1adeacc39134:192.168.69.82:42567, 3ce2c7b7-3df7-42de-af28-9ba1d65ea84e:192.168.69.82:35388], old=null
2019-10-17 05:57:00,911 [grpc-default-executor-0] INFO  impl.RaftServerImpl (RaftServerImpl.java:setRole(184)) - b282f9e2-3bd4-452e-9c35-1adeacc39134@group-0D1055093416: changes role from  FOLLOWER to FOLLOWER at term 40 for recognizeCandidate:9f06b4c9-079f-4989-8935-c6be59ddc82e
2019-10-17 05:57:00,912 [grpc-default-executor-0] INFO  impl.RoleInfo (RoleInfo.java:shutdownFollowerState(121)) - b282f9e2-3bd4-452e-9c35-1adeacc39134: shutdown FollowerState
2019-10-17 05:57:00,912 [grpc-default-executor-0] INFO  impl.RoleInfo (RoleInfo.java:updateAndGet(143)) - b282f9e2-3bd4-452e-9c35-1adeacc39134: start FollowerState
2019-10-17 05:57:00,912 [grpc-default-executor-5] INFO  impl.RaftServerImpl (RaftServerImpl.java:setRole(184)) - 3ce2c7b7-3df7-42de-af28-9ba1d65ea84e@group-0D1055093416: changes role from  FOLLOWER to FOLLOWER at term 40 for recognizeCandidate:9f06b4c9-079f-4989-8935-c6be59ddc82e
2019-10-17 05:57:00,912 [Thread-745] INFO  impl.FollowerState (FollowerState.java:run(117)) - b282f9e2-3bd4-452e-9c35-1adeacc39134@group-0D1055093416-FollowerState was interrupted: java.lang.InterruptedException: sleep interrupted
2019-10-17 05:57:00,912 [grpc-default-executor-5] INFO  impl.RoleInfo (RoleInfo.java:shutdownFollowerState(121)) - 3ce2c7b7-3df7-42de-af28-9ba1d65ea84e: shutdown FollowerState
2019-10-17 05:57:00,913 [grpc-default-executor-5] INFO  impl.RoleInfo (RoleInfo.java:updateAndGet(143)) - 3ce2c7b7-3df7-42de-af28-9ba1d65ea84e: start FollowerState
2019-10-17 05:57:00,913 [Thread-746] INFO  impl.FollowerState (FollowerState.java:run(117)) - 3ce2c7b7-3df7-42de-af28-9ba1d65ea84e@group-0D1055093416-FollowerState was interrupted: java.lang.InterruptedException: sleep interrupted
2019-10-17 05:57:00,927 [9f06b4c9-079f-4989-8935-c6be59ddc82e@group-0D1055093416-LeaderElection57] INFO  impl.LeaderElection (LeaderElection.java:logAndReturn(56)) - 9f06b4c9-079f-4989-8935-c6be59ddc82e@group-0D1055093416-LeaderElection57: Election REJECTED; received 2 response(s) [9f06b4c9-079f-4989-8935-c6be59ddc82e<-b282f9e2-3bd4-452e-9c35-1adeacc39134#0:FAIL-t40, 9f06b4c9-079f-4989-8935-c6be59ddc82e<-3ce2c7b7-3df7-42de-af28-9ba1d65ea84e#0:FAIL-t40] and 0 exception(s); 9f06b4c9-079f-4989-8935-c6be59ddc82e@group-0D1055093416:t40, leader=null, voted=9f06b4c9-079f-4989-8935-c6be59ddc82e, raftlog=9f06b4c9-079f-4989-8935-c6be59ddc82e@group-0D1055093416-SegmentedRaftLog:OPENED:c-1,f-1,i0, conf=-1: [9f06b4c9-079f-4989-8935-c6be59ddc82e:192.168.69.82:36391, b282f9e2-3bd4-452e-9c35-1adeacc39134:192.168.69.82:42567, 3ce2c7b7-3df7-42de-af28-9ba1d65ea84e:192.168.69.82:35388], old=null
2019-10-17 05:57:00,928 [9f06b4c9-079f-4989-8935-c6be59ddc82e@group-0D1055093416-LeaderElection57] INFO  impl.RaftServerImpl (RaftServerImpl.java:setRole(184)) - 9f06b4c9-079f-4989-8935-c6be59ddc82e@group-0D1055093416: changes role from CANDIDATE to FOLLOWER at term 40 for DISCOVERED_A_NEW_TERM
2019-10-17 05:57:00,928 [9f06b4c9-079f-4989-8935-c6be59ddc82e@group-0D1055093416-LeaderElection57] INFO  impl.RoleInfo (RoleInfo.java:shutdownLeaderElection(134)) - 9f06b4c9-079f-4989-8935-c6be59ddc82e: shutdown LeaderElection
2019-10-17 05:57:00,928 [9f06b4c9-079f-4989-8935-c6be59ddc82e@group-0D1055093416-LeaderElection57] INFO  impl.RoleInfo (RoleInfo.java:updateAndGet(143)) - 9f06b4c9-079f-4989-8935-c6be59ddc82e: start FollowerState
2019-10-17 05:57:01,033 [Thread-753] INFO  impl.FollowerState (FollowerState.java:run(108)) - 9f06b4c9-079f-4989-8935-c6be59ddc82e@group-0D1055093416-FollowerState: change to CANDIDATE, lastRpcTime:105ms, electionTimeout:105ms
2019-10-17 05:57:01,034 [Thread-753] INFO  impl.RoleInfo (RoleInfo.java:shutdownFollowerState(121)) - 9f06b4c9-079f-4989-8935-c6be59ddc82e: shutdown FollowerState
2019-10-17 05:57:01,034 [Thread-753] INFO  impl.RaftServerImpl (RaftServerImpl.java:setRole(184)) - 9f06b4c9-079f-4989-8935-c6be59ddc82e@group-0D1055093416: changes role from  FOLLOWER to CANDIDATE at term 40 for changeToCandidate
2019-10-17 05:57:01,034 [Thread-753] INFO  impl.RoleInfo (RoleInfo.java:updateAndGet(143)) - 9f06b4c9-079f-4989-8935-c6be59ddc82e: start LeaderElection
2019-10-17 05:57:01,047 [9f06b4c9-079f-4989-8935-c6be59ddc82e@group-0D1055093416-LeaderElection58] INFO  impl.LeaderElection (LeaderElection.java:askForVotes(178)) - 9f06b4c9-079f-4989-8935-c6be59ddc82e@group-0D1055093416-LeaderElection58: begin an election at term 41 for -1: [9f06b4c9-079f-4989-8935-c6be59ddc82e:192.168.69.82:36391, b282f9e2-3bd4-452e-9c35-1adeacc39134:192.168.69.82:42567, 3ce2c7b7-3df7-42de-af28-9ba1d65ea84e:192.168.69.82:35388], old=null
2019-10-17 05:57:01,050 [grpc-default-executor-0] INFO  impl.RaftServerImpl (RaftServerImpl.java:setRole(184)) - b282f9e2-3bd4-452e-9c35-1adeacc39134@group-0D1055093416: changes role from  FOLLOWER to FOLLOWER at term 41 for recognizeCandidate:9f06b4c9-079f-4989-8935-c6be59ddc82e
2019-10-17 05:57:01,050 [grpc-default-executor-0] INFO  impl.RoleInfo (RoleInfo.java:shutdownFollowerState(121)) - b282f9e2-3bd4-452e-9c35-1adeacc39134: shutdown FollowerState
2019-10-17 05:57:01,050 [grpc-default-executor-7] INFO  impl.RaftServerImpl (RaftServerImpl.java:setRole(184)) - 3ce2c7b7-3df7-42de-af28-9ba1d65ea84e@group-0D1055093416: changes role from  FOLLOWER to FOLLOWER at term 41 for recognizeCandidate:9f06b4c9-079f-4989-8935-c6be59ddc82e
2019-10-17 05:57:01,050 [Thread-751] INFO  impl.FollowerState (FollowerState.java:run(117)) - b282f9e2-3bd4-452e-9c35-1adeacc39134@group-0D1055093416-FollowerState was interrupted: java.lang.InterruptedException: sleep interrupted
2019-10-17 05:57:01,050 [grpc-default-executor-0] INFO  impl.RoleInfo (RoleInfo.java:updateAndGet(143)) - b282f9e2-3bd4-452e-9c35-1adeacc39134: start FollowerState
2019-10-17 05:57:01,050 [grpc-default-executor-7] INFO  impl.RoleInfo (RoleInfo.java:shutdownFollowerState(121)) - 3ce2c7b7-3df7-42de-af28-9ba1d65ea84e: shutdown FollowerState
2019-10-17 05:57:01,051 [Thread-752] INFO  impl.FollowerState (FollowerState.java:run(117)) - 3ce2c7b7-3df7-42de-af28-9ba1d65ea84e@group-0D1055093416-FollowerState was interrupted: java.lang.InterruptedException: sleep interrupted
2019-10-17 05:57:01,051 [grpc-default-executor-7] INFO  impl.RoleInfo (RoleInfo.java:updateAndGet(143)) - 3ce2c7b7-3df7-42de-af28-9ba1d65ea84e: start FollowerState
2019-10-17 05:57:01,070 [9f06b4c9-079f-4989-8935-c6be59ddc82e@group-0D1055093416-LeaderElection58] INFO  impl.LeaderElection (LeaderElection.java:logAndReturn(56)) - 9f06b4c9-079f-4989-8935-c6be59ddc82e@group-0D1055093416-LeaderElection58: Election REJECTED; received 2 response(s) [9f06b4c9-079f-4989-8935-c6be59ddc82e<-b282f9e2-3bd4-452e-9c35-1adeacc39134#0:FAIL-t41, 9f06b4c9-079f-4989-8935-c6be59ddc82e<-3ce2c7b7-3df7-42de-af28-9ba1d65ea84e#0:FAIL-t41] and 0 exception(s); 9f06b4c9-079f-4989-8935-c6be59ddc82e@group-0D1055093416:t41, leader=null, voted=9f06b4c9-079f-4989-8935-c6be59ddc82e, raftlog=9f06b4c9-079f-4989-8935-c6be59ddc82e@group-0D1055093416-SegmentedRaftLog:OPENED:c-1,f-1,i0, conf=-1: [9f06b4c9-079f-4989-8935-c6be59ddc82e:192.168.69.82:36391, b282f9e2-3bd4-452e-9c35-1adeacc39134:192.168.69.82:42567, 3ce2c7b7-3df7-42de-af28-9ba1d65ea84e:192.168.69.82:35388], old=null
2019-10-17 05:57:01,070 [9f06b4c9-079f-4989-8935-c6be59ddc82e@group-0D1055093416-LeaderElection58] INFO  impl.RaftServerImpl (RaftServerImpl.java:setRole(184)) - 9f06b4c9-079f-4989-8935-c6be59ddc82e@group-0D1055093416: changes role from CANDIDATE to FOLLOWER at term 41 for DISCOVERED_A_NEW_TERM
2019-10-17 05:57:01,070 [9f06b4c9-079f-4989-8935-c6be59ddc82e@group-0D1055093416-LeaderElection58] INFO  impl.RoleInfo (RoleInfo.java:shutdownLeaderElection(134)) - 9f06b4c9-079f-4989-8935-c6be59ddc82e: shutdown LeaderElection
2019-10-17 05:57:01,070 [9f06b4c9-079f-4989-8935-c6be59ddc82e@group-0D1055093416-LeaderElection58] INFO  impl.RoleInfo (RoleInfo.java:updateAndGet(143)) - 9f06b4c9-079f-4989-8935-c6be59ddc82e: start FollowerState
2019-10-17 05:57:01,266 [Thread-763] INFO  impl.FollowerState (FollowerState.java:run(108)) - 9f06b4c9-079f-4989-8935-c6be59ddc82e@group-0D1055093416-FollowerState: change to CANDIDATE, lastRpcTime:195ms, electionTimeout:195ms
2019-10-17 05:57:01,266 [Thread-763] INFO  impl.RoleInfo (RoleInfo.java:shutdownFollowerState(121)) - 9f06b4c9-079f-4989-8935-c6be59ddc82e: shutdown FollowerState
2019-10-17 05:57:01,266 [Thread-763] INFO  impl.RaftServerImpl (RaftServerImpl.java:setRole(184)) - 9f06b4c9-079f-4989-8935-c6be59ddc82e@group-0D1055093416: changes role from  FOLLOWER to CANDIDATE at term 41 for changeToCandidate
2019-10-17 05:57:01,266 [Thread-763] INFO  impl.RoleInfo (RoleInfo.java:updateAndGet(143)) - 9f06b4c9-079f-4989-8935-c6be59ddc82e: start LeaderElection
2019-10-17 05:57:01,280 [9f06b4c9-079f-4989-8935-c6be59ddc82e@group-0D1055093416-LeaderElection59] INFO  impl.LeaderElection (LeaderElection.java:askForVotes(178)) - 9f06b4c9-079f-4989-8935-c6be59ddc82e@group-0D1055093416-LeaderElection59: begin an election at term 42 for -1: [9f06b4c9-079f-4989-8935-c6be59ddc82e:192.168.69.82:36391, b282f9e2-3bd4-452e-9c35-1adeacc39134:192.168.69.82:42567, 3ce2c7b7-3df7-42de-af28-9ba1d65ea84e:192.168.69.82:35388], old=null
2019-10-17 05:57:01,283 [grpc-default-executor-5] INFO  impl.RaftServerImpl (RaftServerImpl.java:setRole(184)) - b282f9e2-3bd4-452e-9c35-1adeacc39134@group-0D1055093416: changes role from  FOLLOWER to FOLLOWER at term 42 for recognizeCandidate:9f06b4c9-079f-4989-8935-c6be59ddc82e
2019-10-17 05:57:01,283 [grpc-default-executor-5] INFO  impl.RoleInfo (RoleInfo.java:shutdownFollowerState(121)) - b282f9e2-3bd4-452e-9c35-1adeacc39134: shutdown FollowerState
2019-10-17 05:57:01,284 [grpc-default-executor-5] INFO  impl.RoleInfo (RoleInfo.java:updateAndGet(143)) - b282f9e2-3bd4-452e-9c35-1adeacc39134: start FollowerState
2019-10-17 05:57:01,284 [Thread-760] INFO  impl.FollowerState (FollowerState.java:run(117)) - b282f9e2-3bd4-452e-9c35-1adeacc39134@group-0D1055093416-FollowerState was interrupted: java.lang.InterruptedException: sleep interrupted
2019-10-17 05:57:01,284 [grpc-default-executor-7] INFO  impl.RaftServerImpl (RaftServerImpl.java:setRole(184)) - 3ce2c7b7-3df7-42de-af28-9ba1d65ea84e@group-0D1055093416: changes role from  FOLLOWER to FOLLOWER at term 42 for recognizeCandidate:9f06b4c9-079f-4989-8935-c6be59ddc82e
2019-10-17 05:57:01,284 [grpc-default-executor-7] INFO  impl.RoleInfo (RoleInfo.java:shutdownFollowerState(121)) - 3ce2c7b7-3df7-42de-af28-9ba1d65ea84e: shutdown FollowerState
2019-10-17 05:57:01,284 [grpc-default-executor-7] INFO  impl.RoleInfo (RoleInfo.java:updateAndGet(143)) - 3ce2c7b7-3df7-42de-af28-9ba1d65ea84e: start FollowerState
2019-10-17 05:57:01,284 [Thread-761] INFO  impl.FollowerState (FollowerState.java:run(117)) - 3ce2c7b7-3df7-42de-af28-9ba1d65ea84e@group-0D1055093416-FollowerState was interrupted: java.lang.InterruptedException: sleep interrupted
2019-10-17 05:57:01,299 [9f06b4c9-079f-4989-8935-c6be59ddc82e@group-0D1055093416-LeaderElection59] INFO  impl.LeaderElection (LeaderElection.java:logAndReturn(56)) - 9f06b4c9-079f-4989-8935-c6be59ddc82e@group-0D1055093416-LeaderElection59: Election REJECTED; received 2 response(s) [9f06b4c9-079f-4989-8935-c6be59ddc82e<-b282f9e2-3bd4-452e-9c35-1adeacc39134#0:FAIL-t42, 9f06b4c9-079f-4989-8935-c6be59ddc82e<-3ce2c7b7-3df7-42de-af28-9ba1d65ea84e#0:FAIL-t42] and 0 exception(s); 9f06b4c9-079f-4989-8935-c6be59ddc82e@group-0D1055093416:t42, leader=null, voted=9f06b4c9-079f-4989-8935-c6be59ddc82e, raftlog=9f06b4c9-079f-4989-8935-c6be59ddc82e@group-0D1055093416-SegmentedRaftLog:OPENED:c-1,f-1,i0, conf=-1: [9f06b4c9-079f-4989-8935-c6be59ddc82e:192.168.69.82:36391, b282f9e2-3bd4-452e-9c35-1adeacc39134:192.168.69.82:42567, 3ce2c7b7-3df7-42de-af28-9ba1d65ea84e:192.168.69.82:35388], old=null
2019-10-17 05:57:01,299 [9f06b4c9-079f-4989-8935-c6be59ddc82e@group-0D1055093416-LeaderElection59] INFO  impl.RaftServerImpl (RaftServerImpl.java:setRole(184)) - 9f06b4c9-079f-4989-8935-c6be59ddc82e@group-0D1055093416: changes role from CANDIDATE to FOLLOWER at term 42 for DISCOVERED_A_NEW_TERM
2019-10-17 05:57:01,299 [9f06b4c9-079f-4989-8935-c6be59ddc82e@group-0D1055093416-LeaderElection59] INFO  impl.RoleInfo (RoleInfo.java:shutdownLeaderElection(134)) - 9f06b4c9-079f-4989-8935-c6be59ddc82e: shutdown LeaderElection
2019-10-17 05:57:01,300 [9f06b4c9-079f-4989-8935-c6be59ddc82e@group-0D1055093416-LeaderElection59] INFO  impl.RoleInfo (RoleInfo.java:updateAndGet(143)) - 9f06b4c9-079f-4989-8935-c6be59ddc82e: start FollowerState
2019-10-17 05:57:01,491 [Thread-771] INFO  impl.FollowerState (FollowerState.java:run(108)) - 9f06b4c9-079f-4989-8935-c6be59ddc82e@group-0D1055093416-FollowerState: change to CANDIDATE, lastRpcTime:191ms, electionTimeout:191ms
2019-10-17 05:57:01,491 [Thread-771] INFO  impl.RoleInfo (RoleInfo.java:shutdownFollowerState(121)) - 9f06b4c9-079f-4989-8935-c6be59ddc82e: shutdown FollowerState
2019-10-17 05:57:01,491 [Thread-771] INFO  impl.RaftServerImpl (RaftServerImpl.java:setRole(184)) - 9f06b4c9-079f-4989-8935-c6be59ddc82e@group-0D1055093416: changes role from  FOLLOWER to CANDIDATE at term 42 for changeToCandidate
2019-10-17 05:57:01,492 [Thread-771] INFO  impl.RoleInfo (RoleInfo.java:updateAndGet(143)) - 9f06b4c9-079f-4989-8935-c6be59ddc82e: start LeaderElection
2019-10-17 05:57:01,506 [9f06b4c9-079f-4989-8935-c6be59ddc82e@group-0D1055093416-LeaderElection60] INFO  impl.LeaderElection (LeaderElection.java:askForVotes(178)) - 9f06b4c9-079f-4989-8935-c6be59ddc82e@group-0D1055093416-LeaderElection60: begin an election at term 43 for -1: [9f06b4c9-079f-4989-8935-c6be59ddc82e:192.168.69.82:36391, b282f9e2-3bd4-452e-9c35-1adeacc39134:192.168.69.82:42567, 3ce2c7b7-3df7-42de-af28-9ba1d65ea84e:192.168.69.82:35388], old=null
2019-10-17 05:57:01,509 [grpc-default-executor-7] INFO  impl.RaftServerImpl (RaftServerImpl.java:setRole(184)) - 3ce2c7b7-3df7-42de-af28-9ba1d65ea84e@group-0D1055093416: changes role from  FOLLOWER to FOLLOWER at term 43 for recognizeCandidate:9f06b4c9-079f-4989-8935-c6be59ddc82e
2019-10-17 05:57:01,509 [grpc-default-executor-7] INFO  impl.RoleInfo (RoleInfo.java:shutdownFollowerState(121)) - 3ce2c7b7-3df7-42de-af28-9ba1d65ea84e: shutdown FollowerState
2019-10-17 05:57:01,509 [grpc-default-executor-7] INFO  impl.RoleInfo (RoleInfo.java:updateAndGet(143)) - 3ce2c7b7-3df7-42de-af28-9ba1d65ea84e: start FollowerState
2019-10-17 05:57:01,510 [Thread-770] INFO  impl.FollowerState (FollowerState.java:run(117)) - 3ce2c7b7-3df7-42de-af28-9ba1d65ea84e@group-0D1055093416-FollowerState was interrupted: java.lang.InterruptedException: sleep interrupted
2019-10-17 05:57:01,510 [grpc-default-executor-5] INFO  impl.RaftServerImpl (RaftServerImpl.java:setRole(184)) - b282f9e2-3bd4-452e-9c35-1adeacc39134@group-0D1055093416: changes role from  FOLLOWER to FOLLOWER at term 43 for recognizeCandidate:9f06b4c9-079f-4989-8935-c6be59ddc82e
2019-10-17 05:57:01,510 [grpc-default-executor-5] INFO  impl.RoleInfo (RoleInfo.java:shutdownFollowerState(121)) - b282f9e2-3bd4-452e-9c35-1adeacc39134: shutdown FollowerState
2019-10-17 05:57:01,510 [Thread-769] INFO  impl.FollowerState (FollowerState.java:run(117)) - b282f9e2-3bd4-452e-9c35-1adeacc39134@group-0D1055093416-FollowerState was interrupted: java.lang.InterruptedException: sleep interrupted
2019-10-17 05:57:01,510 [grpc-default-executor-5] INFO  impl.RoleInfo (RoleInfo.java:updateAndGet(143)) - b282f9e2-3bd4-452e-9c35-1adeacc39134: start FollowerState
2019-10-17 05:57:01,543 [9f06b4c9-079f-4989-8935-c6be59ddc82e@group-0D1055093416-LeaderElection60] INFO  impl.LeaderElection (LeaderElection.java:logAndReturn(56)) - 9f06b4c9-079f-4989-8935-c6be59ddc82e@group-0D1055093416-LeaderElection60: Election REJECTED; received 2 response(s) [9f06b4c9-079f-4989-8935-c6be59ddc82e<-b282f9e2-3bd4-452e-9c35-1adeacc39134#0:FAIL-t43, 9f06b4c9-079f-4989-8935-c6be59ddc82e<-3ce2c7b7-3df7-42de-af28-9ba1d65ea84e#0:FAIL-t43] and 0 exception(s); 9f06b4c9-079f-4989-8935-c6be59ddc82e@group-0D1055093416:t43, leader=null, voted=9f06b4c9-079f-4989-8935-c6be59ddc82e, raftlog=9f06b4c9-079f-4989-8935-c6be59ddc82e@group-0D1055093416-SegmentedRaftLog:OPENED:c-1,f-1,i0, conf=-1: [9f06b4c9-079f-4989-8935-c6be59ddc82e:192.168.69.82:36391, b282f9e2-3bd4-452e-9c35-1adeacc39134:192.168.69.82:42567, 3ce2c7b7-3df7-42de-af28-9ba1d65ea84e:192.168.69.82:35388], old=null
2019-10-17 05:57:01,543 [9f06b4c9-079f-4989-8935-c6be59ddc82e@group-0D1055093416-LeaderElection60] INFO  impl.RaftServerImpl (RaftServerImpl.java:setRole(184)) - 9f06b4c9-079f-4989-8935-c6be59ddc82e@group-0D1055093416: changes role from CANDIDATE to FOLLOWER at term 43 for DISCOVERED_A_NEW_TERM
2019-10-17 05:57:01,543 [9f06b4c9-079f-4989-8935-c6be59ddc82e@group-0D1055093416-LeaderElection60] INFO  impl.RoleInfo (RoleInfo.java:shutdownLeaderElection(134)) - 9f06b4c9-079f-4989-8935-c6be59ddc82e: shutdown LeaderElection
2019-10-17 05:57:01,544 [9f06b4c9-079f-4989-8935-c6be59ddc82e@group-0D1055093416-LeaderElection60] INFO  impl.RoleInfo (RoleInfo.java:updateAndGet(143)) - 9f06b4c9-079f-4989-8935-c6be59ddc82e: start FollowerState
2019-10-17 05:57:01,707 [Thread-779] INFO  impl.FollowerState (FollowerState.java:run(108)) - 9f06b4c9-079f-4989-8935-c6be59ddc82e@group-0D1055093416-FollowerState: change to CANDIDATE, lastRpcTime:163ms, electionTimeout:163ms
2019-10-17 05:57:01,707 [Thread-779] INFO  impl.RoleInfo (RoleInfo.java:shutdownFollowerState(121)) - 9f06b4c9-079f-4989-8935-c6be59ddc82e: shutdown FollowerState
2019-10-17 05:57:01,708 [Thread-779] INFO  impl.RaftServerImpl (RaftServerImpl.java:setRole(184)) - 9f06b4c9-079f-4989-8935-c6be59ddc82e@group-0D1055093416: changes role from  FOLLOWER to CANDIDATE at term 43 for changeToCandidate
2019-10-17 05:57:01,708 [Thread-779] INFO  impl.RoleInfo (RoleInfo.java:updateAndGet(143)) - 9f06b4c9-079f-4989-8935-c6be59ddc82e: start LeaderElection
2019-10-17 05:57:01,721 [9f06b4c9-079f-4989-8935-c6be59ddc82e@group-0D1055093416-LeaderElection61] INFO  impl.LeaderElection (LeaderElection.java:askForVotes(178)) - 9f06b4c9-079f-4989-8935-c6be59ddc82e@group-0D1055093416-LeaderElection61: begin an election at term 44 for -1: [9f06b4c9-079f-4989-8935-c6be59ddc82e:192.168.69.82:36391, b282f9e2-3bd4-452e-9c35-1adeacc39134:192.168.69.82:42567, 3ce2c7b7-3df7-42de-af28-9ba1d65ea84e:192.168.69.82:35388], old=null
2019-10-17 05:57:01,725 [grpc-default-executor-6] INFO  impl.RaftServerImpl (RaftServerImpl.java:setRole(184)) - 3ce2c7b7-3df7-42de-af28-9ba1d65ea84e@group-0D1055093416: changes role from  FOLLOWER to FOLLOWER at term 44 for recognizeCandidate:9f06b4c9-079f-4989-8935-c6be59ddc82e
2019-10-17 05:57:01,725 [grpc-default-executor-6] INFO  impl.RoleInfo (RoleInfo.java:shutdownFollowerState(121)) - 3ce2c7b7-3df7-42de-af28-9ba1d65ea84e: shutdown FollowerState
2019-10-17 05:57:01,725 [grpc-default-executor-5] INFO  impl.RaftServerImpl (RaftServerImpl.java:setRole(184)) - b282f9e2-3bd4-452e-9c35-1adeacc39134@group-0D1055093416: changes role from  FOLLOWER to FOLLOWER at term 44 for recognizeCandidate:9f06b4c9-079f-4989-8935-c6be59ddc82e
2019-10-17 05:57:01,725 [Thread-775] INFO  impl.FollowerState (FollowerState.java:run(117)) - 3ce2c7b7-3df7-42de-af28-9ba1d65ea84e@group-0D1055093416-FollowerState was interrupted: java.lang.InterruptedException: sleep interrupted
2019-10-17 05:57:01,725 [grpc-default-executor-6] INFO  impl.RoleInfo (RoleInfo.java:updateAndGet(143)) - 3ce2c7b7-3df7-42de-af28-9ba1d65ea84e: start FollowerState
2019-10-17 05:57:01,725 [grpc-default-executor-5] INFO  impl.RoleInfo (RoleInfo.java:shutdownFollowerState(121)) - b282f9e2-3bd4-452e-9c35-1adeacc39134: shutdown FollowerState
2019-10-17 05:57:01,726 [grpc-default-executor-5] INFO  impl.RoleInfo (RoleInfo.java:updateAndGet(143)) - b282f9e2-3bd4-452e-9c35-1adeacc39134: start FollowerState
2019-10-17 05:57:01,726 [Thread-776] INFO  impl.FollowerState (FollowerState.java:run(117)) - b282f9e2-3bd4-452e-9c35-1adeacc39134@group-0D1055093416-FollowerState was interrupted: java.lang.InterruptedException: sleep interrupted
2019-10-17 05:57:01,741 [9f06b4c9-079f-4989-8935-c6be59ddc82e@group-0D1055093416-LeaderElection61] INFO  impl.LeaderElection (LeaderElection.java:logAndReturn(56)) - 9f06b4c9-079f-4989-8935-c6be59ddc82e@group-0D1055093416-LeaderElection61: Election REJECTED; received 2 response(s) [9f06b4c9-079f-4989-8935-c6be59ddc82e<-b282f9e2-3bd4-452e-9c35-1adeacc39134#0:FAIL-t44, 9f06b4c9-079f-4989-8935-c6be59ddc82e<-3ce2c7b7-3df7-42de-af28-9ba1d65ea84e#0:FAIL-t44] and 0 exception(s); 9f06b4c9-079f-4989-8935-c6be59ddc82e@group-0D1055093416:t44, leader=null, voted=9f06b4c9-079f-4989-8935-c6be59ddc82e, raftlog=9f06b4c9-079f-4989-8935-c6be59ddc82e@group-0D1055093416-SegmentedRaftLog:OPENED:c-1,f-1,i0, conf=-1: [9f06b4c9-079f-4989-8935-c6be59ddc82e:192.168.69.82:36391, b282f9e2-3bd4-452e-9c35-1adeacc39134:192.168.69.82:42567, 3ce2c7b7-3df7-42de-af28-9ba1d65ea84e:192.168.69.82:35388], old=null
2019-10-17 05:57:01,741 [9f06b4c9-079f-4989-8935-c6be59ddc82e@group-0D1055093416-LeaderElection61] INFO  impl.RaftServerImpl (RaftServerImpl.java:setRole(184)) - 9f06b4c9-079f-4989-8935-c6be59ddc82e@group-0D1055093416: changes role from CANDIDATE to FOLLOWER at term 44 for DISCOVERED_A_NEW_TERM
2019-10-17 05:57:01,741 [9f06b4c9-079f-4989-8935-c6be59ddc82e@group-0D1055093416-LeaderElection61] INFO  impl.RoleInfo (RoleInfo.java:shutdownLeaderElection(134)) - 9f06b4c9-079f-4989-8935-c6be59ddc82e: shutdown LeaderElection
2019-10-17 05:57:01,741 [9f06b4c9-079f-4989-8935-c6be59ddc82e@group-0D1055093416-LeaderElection61] INFO  impl.RoleInfo (RoleInfo.java:updateAndGet(143)) - 9f06b4c9-079f-4989-8935-c6be59ddc82e: start FollowerState
2019-10-17 05:57:01,826 [Thread-787] INFO  impl.FollowerState (FollowerState.java:run(108)) - 9f06b4c9-079f-4989-8935-c6be59ddc82e@group-0D1055093416-FollowerState: change to CANDIDATE, lastRpcTime:84ms, electionTimeout:84ms
2019-10-17 05:57:01,826 [Thread-787] INFO  impl.RoleInfo (RoleInfo.java:shutdownFollowerState(121)) - 9f06b4c9-079f-4989-8935-c6be59ddc82e: shutdown FollowerState
2019-10-17 05:57:01,826 [Thread-787] INFO  impl.RaftServerImpl (RaftServerImpl.java:setRole(184)) - 9f06b4c9-079f-4989-8935-c6be59ddc82e@group-0D1055093416: changes role from  FOLLOWER to CANDIDATE at term 44 for changeToCandidate
2019-10-17 05:57:01,826 [Thread-787] INFO  impl.RoleInfo (RoleInfo.java:updateAndGet(143)) - 9f06b4c9-079f-4989-8935-c6be59ddc82e: start LeaderElection
2019-10-17 05:57:01,840 [9f06b4c9-079f-4989-8935-c6be59ddc82e@group-0D1055093416-LeaderElection62] INFO  impl.LeaderElection (LeaderElection.java:askForVotes(178)) - 9f06b4c9-079f-4989-8935-c6be59ddc82e@group-0D1055093416-LeaderElection62: begin an election at term 45 for -1: [9f06b4c9-079f-4989-8935-c6be59ddc82e:192.168.69.82:36391, b282f9e2-3bd4-452e-9c35-1adeacc39134:192.168.69.82:42567, 3ce2c7b7-3df7-42de-af28-9ba1d65ea84e:192.168.69.82:35388], old=null
2019-10-17 05:57:01,844 [grpc-default-executor-6] INFO  impl.RaftServerImpl (RaftServerImpl.java:setRole(184)) - 3ce2c7b7-3df7-42de-af28-9ba1d65ea84e@group-0D1055093416: changes role from  FOLLOWER to FOLLOWER at term 45 for recognizeCandidate:9f06b4c9-079f-4989-8935-c6be59ddc82e
2019-10-17 05:57:01,844 [grpc-default-executor-6] INFO  impl.RoleInfo (RoleInfo.java:shutdownFollowerState(121)) - 3ce2c7b7-3df7-42de-af28-9ba1d65ea84e: shutdown FollowerState
2019-10-17 05:57:01,844 [grpc-default-executor-6] INFO  impl.RoleInfo (RoleInfo.java:updateAndGet(143)) - 3ce2c7b7-3df7-42de-af28-9ba1d65ea84e: start FollowerState
2019-10-17 05:57:01,844 [Thread-785] INFO  impl.FollowerState (FollowerState.java:run(117)) - 3ce2c7b7-3df7-42de-af28-9ba1d65ea84e@group-0D1055093416-FollowerState was interrupted: java.lang.InterruptedException: sleep interrupted
2019-10-17 05:57:01,844 [grpc-default-executor-5] INFO  impl.RaftServerImpl (RaftServerImpl.java:setRole(184)) - b282f9e2-3bd4-452e-9c35-1adeacc39134@group-0D1055093416: changes role from  FOLLOWER to FOLLOWER at term 45 for recognizeCandidate:9f06b4c9-079f-4989-8935-c6be59ddc82e
2019-10-17 05:57:01,845 [grpc-default-executor-5] INFO  impl.RoleInfo (RoleInfo.java:shutdownFollowerState(121)) - b282f9e2-3bd4-452e-9c35-1adeacc39134: shutdown FollowerState
2019-10-17 05:57:01,845 [grpc-default-executor-5] INFO  impl.RoleInfo (RoleInfo.java:updateAndGet(143)) - b282f9e2-3bd4-452e-9c35-1adeacc39134: start FollowerState
2019-10-17 05:57:01,845 [Thread-786] INFO  impl.FollowerState (FollowerState.java:run(117)) - b282f9e2-3bd4-452e-9c35-1adeacc39134@group-0D1055093416-FollowerState was interrupted: java.lang.InterruptedException: sleep interrupted
2019-10-17 05:57:01,860 [9f06b4c9-079f-4989-8935-c6be59ddc82e@group-0D1055093416-LeaderElection62] INFO  impl.LeaderElection (LeaderElection.java:logAndReturn(56)) - 9f06b4c9-079f-4989-8935-c6be59ddc82e@group-0D1055093416-LeaderElection62: Election REJECTED; received 2 response(s) [9f06b4c9-079f-4989-8935-c6be59ddc82e<-b282f9e2-3bd4-452e-9c35-1adeacc39134#0:FAIL-t45, 9f06b4c9-079f-4989-8935-c6be59ddc82e<-3ce2c7b7-3df7-42de-af28-9ba1d65ea84e#0:FAIL-t45] and 0 exception(s); 9f06b4c9-079f-4989-8935-c6be59ddc82e@group-0D1055093416:t45, leader=null, voted=9f06b4c9-079f-4989-8935-c6be59ddc82e, raftlog=9f06b4c9-079f-4989-8935-c6be59ddc82e@group-0D1055093416-SegmentedRaftLog:OPENED:c-1,f-1,i0, conf=-1: [9f06b4c9-079f-4989-8935-c6be59ddc82e:192.168.69.82:36391, b282f9e2-3bd4-452e-9c35-1adeacc39134:192.168.69.82:42567, 3ce2c7b7-3df7-42de-af28-9ba1d65ea84e:192.168.69.82:35388], old=null
2019-10-17 05:57:01,860 [9f06b4c9-079f-4989-8935-c6be59ddc82e@group-0D1055093416-LeaderElection62] INFO  impl.RaftServerImpl (RaftServerImpl.java:setRole(184)) - 9f06b4c9-079f-4989-8935-c6be59ddc82e@group-0D1055093416: changes role from CANDIDATE to FOLLOWER at term 45 for DISCOVERED_A_NEW_TERM
2019-10-17 05:57:01,860 [9f06b4c9-079f-4989-8935-c6be59ddc82e@group-0D1055093416-LeaderElection62] INFO  impl.RoleInfo (RoleInfo.java:shutdownLeaderElection(134)) - 9f06b4c9-079f-4989-8935-c6be59ddc82e: shutdown LeaderElection
2019-10-17 05:57:01,860 [9f06b4c9-079f-4989-8935-c6be59ddc82e@group-0D1055093416-LeaderElection62] INFO  impl.RoleInfo (RoleInfo.java:updateAndGet(143)) - 9f06b4c9-079f-4989-8935-c6be59ddc82e: start FollowerState
2019-10-17 05:57:01,917 [Thread-793] INFO  impl.FollowerState (FollowerState.java:run(108)) - 9f06b4c9-079f-4989-8935-c6be59ddc82e@group-0D1055093416-FollowerState: change to CANDIDATE, lastRpcTime:56ms, electionTimeout:56ms
2019-10-17 05:57:01,917 [Thread-793] INFO  impl.RoleInfo (RoleInfo.java:shutdownFollowerState(121)) - 9f06b4c9-079f-4989-8935-c6be59ddc82e: shutdown FollowerState
2019-10-17 05:57:01,917 [Thread-793] INFO  impl.RaftServerImpl (RaftServerImpl.java:setRole(184)) - 9f06b4c9-079f-4989-8935-c6be59ddc82e@group-0D1055093416: changes role from  FOLLOWER to CANDIDATE at term 45 for changeToCandidate
2019-10-17 05:57:01,918 [Thread-793] INFO  impl.RoleInfo (RoleInfo.java:updateAndGet(143)) - 9f06b4c9-079f-4989-8935-c6be59ddc82e: start LeaderElection
2019-10-17 05:57:01,931 [9f06b4c9-079f-4989-8935-c6be59ddc82e@group-0D1055093416-LeaderElection63] INFO  impl.LeaderElection (LeaderElection.java:askForVotes(178)) - 9f06b4c9-079f-4989-8935-c6be59ddc82e@group-0D1055093416-LeaderElection63: begin an election at term 46 for -1: [9f06b4c9-079f-4989-8935-c6be59ddc82e:192.168.69.82:36391, b282f9e2-3bd4-452e-9c35-1adeacc39134:192.168.69.82:42567, 3ce2c7b7-3df7-42de-af28-9ba1d65ea84e:192.168.69.82:35388], old=null
2019-10-17 05:57:01,934 [grpc-default-executor-5] INFO  impl.RaftServerImpl (RaftServerImpl.java:setRole(184)) - 3ce2c7b7-3df7-42de-af28-9ba1d65ea84e@group-0D1055093416: changes role from  FOLLOWER to FOLLOWER at term 46 for recognizeCandidate:9f06b4c9-079f-4989-8935-c6be59ddc82e
2019-10-17 05:57:01,934 [grpc-default-executor-6] INFO  impl.RaftServerImpl (RaftServerImpl.java:setRole(184)) - b282f9e2-3bd4-452e-9c35-1adeacc39134@group-0D1055093416: changes role from  FOLLOWER to FOLLOWER at term 46 for recognizeCandidate:9f06b4c9-079f-4989-8935-c6be59ddc82e
2019-10-17 05:57:01,935 [grpc-default-executor-5] INFO  impl.RoleInfo (RoleInfo.java:shutdownFollowerState(121)) - 3ce2c7b7-3df7-42de-af28-9ba1d65ea84e: shutdown FollowerState
2019-10-17 05:57:01,935 [grpc-default-executor-6] INFO  impl.RoleInfo (RoleInfo.java:shutdownFollowerState(121)) - b282f9e2-3bd4-452e-9c35-1adeacc39134: shutdown FollowerState
2019-10-17 05:57:01,935 [Thread-791] INFO  impl.FollowerState (FollowerState.java:run(117)) - 3ce2c7b7-3df7-42de-af28-9ba1d65ea84e@group-0D1055093416-FollowerState was interrupted: java.lang.InterruptedException: sleep interrupted
2019-10-17 05:57:01,935 [Thread-792] INFO  impl.FollowerState (FollowerState.java:run(117)) - b282f9e2-3bd4-452e-9c35-1adeacc39134@group-0D1055093416-FollowerState was interrupted: java.lang.InterruptedException: sleep interrupted
2019-10-17 05:57:01,935 [grpc-default-executor-5] INFO  impl.RoleInfo (RoleInfo.java:updateAndGet(143)) - 3ce2c7b7-3df7-42de-af28-9ba1d65ea84e: start FollowerState
2019-10-17 05:57:01,935 [grpc-default-executor-6] INFO  impl.RoleInfo (RoleInfo.java:updateAndGet(143)) - b282f9e2-3bd4-452e-9c35-1adeacc39134: start FollowerState
2019-10-17 05:57:01,951 [9f06b4c9-079f-4989-8935-c6be59ddc82e@group-0D1055093416-LeaderElection63] INFO  impl.LeaderElection (LeaderElection.java:logAndReturn(56)) - 9f06b4c9-079f-4989-8935-c6be59ddc82e@group-0D1055093416-LeaderElection63: Election REJECTED; received 2 response(s) [9f06b4c9-079f-4989-8935-c6be59ddc82e<-b282f9e2-3bd4-452e-9c35-1adeacc39134#0:FAIL-t46, 9f06b4c9-079f-4989-8935-c6be59ddc82e<-3ce2c7b7-3df7-42de-af28-9ba1d65ea84e#0:FAIL-t46] and 0 exception(s); 9f06b4c9-079f-4989-8935-c6be59ddc82e@group-0D1055093416:t46, leader=null, voted=9f06b4c9-079f-4989-8935-c6be59ddc82e, raftlog=9f06b4c9-079f-4989-8935-c6be59ddc82e@group-0D1055093416-SegmentedRaftLog:OPENED:c-1,f-1,i0, conf=-1: [9f06b4c9-079f-4989-8935-c6be59ddc82e:192.168.69.82:36391, b282f9e2-3bd4-452e-9c35-1adeacc39134:192.168.69.82:42567, 3ce2c7b7-3df7-42de-af28-9ba1d65ea84e:192.168.69.82:35388], old=null
2019-10-17 05:57:01,951 [9f06b4c9-079f-4989-8935-c6be59ddc82e@group-0D1055093416-LeaderElection63] INFO  impl.RaftServerImpl (RaftServerImpl.java:setRole(184)) - 9f06b4c9-079f-4989-8935-c6be59ddc82e@group-0D1055093416: changes role from CANDIDATE to FOLLOWER at term 46 for DISCOVERED_A_NEW_TERM
2019-10-17 05:57:01,951 [9f06b4c9-079f-4989-8935-c6be59ddc82e@group-0D1055093416-LeaderElection63] INFO  impl.RoleInfo (RoleInfo.java:shutdownLeaderElection(134)) - 9f06b4c9-079f-4989-8935-c6be59ddc82e: shutdown LeaderElection
2019-10-17 05:57:01,951 [9f06b4c9-079f-4989-8935-c6be59ddc82e@group-0D1055093416-LeaderElection63] INFO  impl.RoleInfo (RoleInfo.java:updateAndGet(143)) - 9f06b4c9-079f-4989-8935-c6be59ddc82e: start FollowerState
2019-10-17 05:57:01,996 [Thread-799] INFO  impl.FollowerState (FollowerState.java:run(108)) - 9f06b4c9-079f-4989-8935-c6be59ddc82e@group-0D1055093416-FollowerState: change to CANDIDATE, lastRpcTime:44ms, electionTimeout:44ms
2019-10-17 05:57:01,996 [Thread-799] INFO  impl.RoleInfo (RoleInfo.java:shutdownFollowerState(121)) - 9f06b4c9-079f-4989-8935-c6be59ddc82e: shutdown FollowerState
2019-10-17 05:57:01,996 [Thread-799] INFO  impl.RaftServerImpl (RaftServerImpl.java:setRole(184)) - 9f06b4c9-079f-4989-8935-c6be59ddc82e@group-0D1055093416: changes role from  FOLLOWER to CANDIDATE at term 46 for changeToCandidate
2019-10-17 05:57:01,996 [Thread-799] INFO  impl.RoleInfo (RoleInfo.java:updateAndGet(143)) - 9f06b4c9-079f-4989-8935-c6be59ddc82e: start LeaderElection
2019-10-17 05:57:02,016 [9f06b4c9-079f-4989-8935-c6be59ddc82e@group-0D1055093416-LeaderElection64] INFO  impl.LeaderElection (LeaderElection.java:askForVotes(178)) - 9f06b4c9-079f-4989-8935-c6be59ddc82e@group-0D1055093416-LeaderElection64: begin an election at term 47 for -1: [9f06b4c9-079f-4989-8935-c6be59ddc82e:192.168.69.82:36391, b282f9e2-3bd4-452e-9c35-1adeacc39134:192.168.69.82:42567, 3ce2c7b7-3df7-42de-af28-9ba1d65ea84e:192.168.69.82:35388], old=null
2019-10-17 05:57:02,019 [grpc-default-executor-5] INFO  impl.RaftServerImpl (RaftServerImpl.java:setRole(184)) - b282f9e2-3bd4-452e-9c35-1adeacc39134@group-0D1055093416: changes role from  FOLLOWER to FOLLOWER at term 47 for recognizeCandidate:9f06b4c9-079f-4989-8935-c6be59ddc82e
2019-10-17 05:57:02,019 [grpc-default-executor-5] INFO  impl.RoleInfo (RoleInfo.java:shutdownFollowerState(121)) - b282f9e2-3bd4-452e-9c35-1adeacc39134: shutdown FollowerState
2019-10-17 05:57:02,019 [grpc-default-executor-5] INFO  impl.RoleInfo (RoleInfo.java:updateAndGet(143)) - b282f9e2-3bd4-452e-9c35-1adeacc39134: start FollowerState
2019-10-17 05:57:02,019 [Thread-798] INFO  impl.FollowerState (FollowerState.java:run(117)) - b282f9e2-3bd4-452e-9c35-1adeacc39134@group-0D1055093416-FollowerState was interrupted: java.lang.InterruptedException: sleep interrupted
2019-10-17 05:57:02,019 [grpc-default-executor-6] INFO  impl.RaftServerImpl (RaftServerImpl.java:setRole(184)) - 3ce2c7b7-3df7-42de-af28-9ba1d65ea84e@group-0D1055093416: changes role from  FOLLOWER to FOLLOWER at term 47 for recognizeCandidate:9f06b4c9-079f-4989-8935-c6be59ddc82e
2019-10-17 05:57:02,020 [grpc-default-executor-6] INFO  impl.RoleInfo (RoleInfo.java:shutdownFollowerState(121)) - 3ce2c7b7-3df7-42de-af28-9ba1d65ea84e: shutdown FollowerState
2019-10-17 05:57:02,020 [grpc-default-executor-6] INFO  impl.RoleInfo (RoleInfo.java:updateAndGet(143)) - 3ce2c7b7-3df7-42de-af28-9ba1d65ea84e: start FollowerState
2019-10-17 05:57:02,020 [Thread-797] INFO  impl.FollowerState (FollowerState.java:run(117)) - 3ce2c7b7-3df7-42de-af28-9ba1d65ea84e@group-0D1055093416-FollowerState was interrupted: java.lang.InterruptedException: sleep interrupted
2019-10-17 05:57:02,033 [9f06b4c9-079f-4989-8935-c6be59ddc82e@group-0D1055093416-LeaderElection64] INFO  impl.LeaderElection (LeaderElection.java:logAndReturn(56)) - 9f06b4c9-079f-4989-8935-c6be59ddc82e@group-0D1055093416-LeaderElection64: Election REJECTED; received 2 response(s) [9f06b4c9-079f-4989-8935-c6be59ddc82e<-b282f9e2-3bd4-452e-9c35-1adeacc39134#0:FAIL-t47, 9f06b4c9-079f-4989-8935-c6be59ddc82e<-3ce2c7b7-3df7-42de-af28-9ba1d65ea84e#0:FAIL-t47] and 0 exception(s); 9f06b4c9-079f-4989-8935-c6be59ddc82e@group-0D1055093416:t47, leader=null, voted=9f06b4c9-079f-4989-8935-c6be59ddc82e, raftlog=9f06b4c9-079f-4989-8935-c6be59ddc82e@group-0D1055093416-SegmentedRaftLog:OPENED:c-1,f-1,i0, conf=-1: [9f06b4c9-079f-4989-8935-c6be59ddc82e:192.168.69.82:36391, b282f9e2-3bd4-452e-9c35-1adeacc39134:192.168.69.82:42567, 3ce2c7b7-3df7-42de-af28-9ba1d65ea84e:192.168.69.82:35388], old=null
2019-10-17 05:57:02,033 [9f06b4c9-079f-4989-8935-c6be59ddc82e@group-0D1055093416-LeaderElection64] INFO  impl.RaftServerImpl (RaftServerImpl.java:setRole(184)) - 9f06b4c9-079f-4989-8935-c6be59ddc82e@group-0D1055093416: changes role from CANDIDATE to FOLLOWER at term 47 for DISCOVERED_A_NEW_TERM
2019-10-17 05:57:02,033 [9f06b4c9-079f-4989-8935-c6be59ddc82e@group-0D1055093416-LeaderElection64] INFO  impl.RoleInfo (RoleInfo.java:shutdownLeaderElection(134)) - 9f06b4c9-079f-4989-8935-c6be59ddc82e: shutdown LeaderElection
2019-10-17 05:57:02,033 [9f06b4c9-079f-4989-8935-c6be59ddc82e@group-0D1055093416-LeaderElection64] INFO  impl.RoleInfo (RoleInfo.java:updateAndGet(143)) - 9f06b4c9-079f-4989-8935-c6be59ddc82e: start FollowerState
2019-10-17 05:57:02,117 [Thread-805] INFO  impl.FollowerState (FollowerState.java:run(108)) - 9f06b4c9-079f-4989-8935-c6be59ddc82e@group-0D1055093416-FollowerState: change to CANDIDATE, lastRpcTime:83ms, electionTimeout:83ms
2019-10-17 05:57:02,117 [Thread-805] INFO  impl.RoleInfo (RoleInfo.java:shutdownFollowerState(121)) - 9f06b4c9-079f-4989-8935-c6be59ddc82e: shutdown FollowerState
2019-10-17 05:57:02,117 [Thread-805] INFO  impl.RaftServerImpl (RaftServerImpl.java:setRole(184)) - 9f06b4c9-079f-4989-8935-c6be59ddc82e@group-0D1055093416: changes role from  FOLLOWER to CANDIDATE at term 47 for changeToCandidate
2019-10-17 05:57:02,117 [Thread-805] INFO  impl.RoleInfo (RoleInfo.java:updateAndGet(143)) - 9f06b4c9-079f-4989-8935-c6be59ddc82e: start LeaderElection
2019-10-17 05:57:02,131 [9f06b4c9-079f-4989-8935-c6be59ddc82e@group-0D1055093416-LeaderElection65] INFO  impl.LeaderElection (LeaderElection.java:askForVotes(178)) - 9f06b4c9-079f-4989-8935-c6be59ddc82e@group-0D1055093416-LeaderElection65: begin an election at term 48 for -1: [9f06b4c9-079f-4989-8935-c6be59ddc82e:192.168.69.82:36391, b282f9e2-3bd4-452e-9c35-1adeacc39134:192.168.69.82:42567, 3ce2c7b7-3df7-42de-af28-9ba1d65ea84e:192.168.69.82:35388], old=null
2019-10-17 05:57:02,134 [grpc-default-executor-6] INFO  impl.RaftServerImpl (RaftServerImpl.java:setRole(184)) - b282f9e2-3bd4-452e-9c35-1adeacc39134@group-0D1055093416: changes role from  FOLLOWER to FOLLOWER at term 48 for recognizeCandidate:9f06b4c9-079f-4989-8935-c6be59ddc82e
2019-10-17 05:57:02,134 [grpc-default-executor-6] INFO  impl.RoleInfo (RoleInfo.java:shutdownFollowerState(121)) - b282f9e2-3bd4-452e-9c35-1adeacc39134: shutdown FollowerState
2019-10-17 05:57:02,135 [grpc-default-executor-6] INFO  impl.RoleInfo (RoleInfo.java:updateAndGet(143)) - b282f9e2-3bd4-452e-9c35-1adeacc39134: start FollowerState
2019-10-17 05:57:02,135 [Thread-803] INFO  impl.FollowerState (FollowerState.java:run(117)) - b282f9e2-3bd4-452e-9c35-1adeacc39134@group-0D1055093416-FollowerState was interrupted: java.lang.InterruptedException: sleep interrupted
2019-10-17 05:57:02,135 [grpc-default-executor-5] INFO  impl.RaftServerImpl (RaftServerImpl.java:setRole(184)) - 3ce2c7b7-3df7-42de-af28-9ba1d65ea84e@group-0D1055093416: changes role from  FOLLOWER to FOLLOWER at term 48 for recognizeCandidate:9f06b4c9-079f-4989-8935-c6be59ddc82e
2019-10-17 05:57:02,135 [grpc-default-executor-5] INFO  impl.RoleInfo (RoleInfo.java:shutdownFollowerState(121)) - 3ce2c7b7-3df7-42de-af28-9ba1d65ea84e: shutdown FollowerState
2019-10-17 05:57:02,135 [grpc-default-executor-5] INFO  impl.RoleInfo (RoleInfo.java:updateAndGet(143)) - 3ce2c7b7-3df7-42de-af28-9ba1d65ea84e: start FollowerState
2019-10-17 05:57:02,135 [Thread-804] INFO  impl.FollowerState (FollowerState.java:run(117)) - 3ce2c7b7-3df7-42de-af28-9ba1d65ea84e@group-0D1055093416-FollowerState was interrupted: java.lang.InterruptedException: sleep interrupted
2019-10-17 05:57:02,150 [9f06b4c9-079f-4989-8935-c6be59ddc82e@group-0D1055093416-LeaderElection65] INFO  impl.LeaderElection (LeaderElection.java:logAndReturn(56)) - 9f06b4c9-079f-4989-8935-c6be59ddc82e@group-0D1055093416-LeaderElection65: Election REJECTED; received 2 response(s) [9f06b4c9-079f-4989-8935-c6be59ddc82e<-b282f9e2-3bd4-452e-9c35-1adeacc39134#0:FAIL-t48, 9f06b4c9-079f-4989-8935-c6be59ddc82e<-3ce2c7b7-3df7-42de-af28-9ba1d65ea84e#0:FAIL-t48] and 0 exception(s); 9f06b4c9-079f-4989-8935-c6be59ddc82e@group-0D1055093416:t48, leader=null, voted=9f06b4c9-079f-4989-8935-c6be59ddc82e, raftlog=9f06b4c9-079f-4989-8935-c6be59ddc82e@group-0D1055093416-SegmentedRaftLog:OPENED:c-1,f-1,i0, conf=-1: [9f06b4c9-079f-4989-8935-c6be59ddc82e:192.168.69.82:36391, b282f9e2-3bd4-452e-9c35-1adeacc39134:192.168.69.82:42567, 3ce2c7b7-3df7-42de-af28-9ba1d65ea84e:192.168.69.82:35388], old=null
2019-10-17 05:57:02,150 [9f06b4c9-079f-4989-8935-c6be59ddc82e@group-0D1055093416-LeaderElection65] INFO  impl.RaftServerImpl (RaftServerImpl.java:setRole(184)) - 9f06b4c9-079f-4989-8935-c6be59ddc82e@group-0D1055093416: changes role from CANDIDATE to FOLLOWER at term 48 for DISCOVERED_A_NEW_TERM
2019-10-17 05:57:02,150 [9f06b4c9-079f-4989-8935-c6be59ddc82e@group-0D1055093416-LeaderElection65] INFO  impl.RoleInfo (RoleInfo.java:shutdownLeaderElection(134)) - 9f06b4c9-079f-4989-8935-c6be59ddc82e: shutdown LeaderElection
2019-10-17 05:57:02,150 [9f06b4c9-079f-4989-8935-c6be59ddc82e@group-0D1055093416-LeaderElection65] INFO  impl.RoleInfo (RoleInfo.java:updateAndGet(143)) - 9f06b4c9-079f-4989-8935-c6be59ddc82e: start FollowerState
2019-10-17 05:57:02,307 [Thread-817] INFO  impl.FollowerState (FollowerState.java:run(108)) - 9f06b4c9-079f-4989-8935-c6be59ddc82e@group-0D1055093416-FollowerState: change to CANDIDATE, lastRpcTime:156ms, electionTimeout:156ms
2019-10-17 05:57:02,307 [Thread-817] INFO  impl.RoleInfo (RoleInfo.java:shutdownFollowerState(121)) - 9f06b4c9-079f-4989-8935-c6be59ddc82e: shutdown FollowerState
2019-10-17 05:57:02,307 [Thread-817] INFO  impl.RaftServerImpl (RaftServerImpl.java:setRole(184)) - 9f06b4c9-079f-4989-8935-c6be59ddc82e@group-0D1055093416: changes role from  FOLLOWER to CANDIDATE at term 48 for changeToCandidate
2019-10-17 05:57:02,307 [Thread-817] INFO  impl.RoleInfo (RoleInfo.java:updateAndGet(143)) - 9f06b4c9-079f-4989-8935-c6be59ddc82e: start LeaderElection
2019-10-17 05:57:02,322 [9f06b4c9-079f-4989-8935-c6be59ddc82e@group-0D1055093416-LeaderElection66] INFO  impl.LeaderElection (LeaderElection.java:askForVotes(178)) - 9f06b4c9-079f-4989-8935-c6be59ddc82e@group-0D1055093416-LeaderElection66: begin an election at term 49 for -1: [9f06b4c9-079f-4989-8935-c6be59ddc82e:192.168.69.82:36391, b282f9e2-3bd4-452e-9c35-1adeacc39134:192.168.69.82:42567, 3ce2c7b7-3df7-42de-af28-9ba1d65ea84e:192.168.69.82:35388], old=null
2019-10-17 05:57:02,325 [grpc-default-executor-6] INFO  impl.RaftServerImpl (RaftServerImpl.java:setRole(184)) - b282f9e2-3bd4-452e-9c35-1adeacc39134@group-0D1055093416: changes role from  FOLLOWER to FOLLOWER at term 49 for recognizeCandidate:9f06b4c9-079f-4989-8935-c6be59ddc82e
2019-10-17 05:57:02,325 [grpc-default-executor-6] INFO  impl.RoleInfo (RoleInfo.java:shutdownFollowerState(121)) - b282f9e2-3bd4-452e-9c35-1adeacc39134: shutdown FollowerState
2019-10-17 05:57:02,325 [grpc-default-executor-6] INFO  impl.RoleInfo (RoleInfo.java:updateAndGet(143)) - b282f9e2-3bd4-452e-9c35-1adeacc39134: start FollowerState
2019-10-17 05:57:02,326 [grpc-default-executor-5] INFO  impl.RaftServerImpl (RaftServerImpl.java:setRole(184)) - 3ce2c7b7-3df7-42de-af28-9ba1d65ea84e@group-0D1055093416: changes role from  FOLLOWER to FOLLOWER at term 49 for recognizeCandidate:9f06b4c9-079f-4989-8935-c6be59ddc82e
2019-10-17 05:57:02,325 [Thread-815] INFO  impl.FollowerState (FollowerState.java:run(117)) - b282f9e2-3bd4-452e-9c35-1adeacc39134@group-0D1055093416-FollowerState was interrupted: java.lang.InterruptedException: sleep interrupted
2019-10-17 05:57:02,326 [grpc-default-executor-5] INFO  impl.RoleInfo (RoleInfo.java:shutdownFollowerState(121)) - 3ce2c7b7-3df7-42de-af28-9ba1d65ea84e: shutdown FollowerState
2019-10-17 05:57:02,326 [grpc-default-executor-5] INFO  impl.RoleInfo (RoleInfo.java:updateAndGet(143)) - 3ce2c7b7-3df7-42de-af28-9ba1d65ea84e: start FollowerState
2019-10-17 05:57:02,326 [Thread-816] INFO  impl.FollowerState (FollowerState.java:run(117)) - 3ce2c7b7-3df7-42de-af28-9ba1d65ea84e@group-0D1055093416-FollowerState was interrupted: java.lang.InterruptedException: sleep interrupted
2019-10-17 05:57:02,342 [9f06b4c9-079f-4989-8935-c6be59ddc82e@group-0D1055093416-LeaderElection66] INFO  impl.LeaderElection (LeaderElection.java:logAndReturn(56)) - 9f06b4c9-079f-4989-8935-c6be59ddc82e@group-0D1055093416-LeaderElection66: Election REJECTED; received 2 response(s) [9f06b4c9-079f-4989-8935-c6be59ddc82e<-b282f9e2-3bd4-452e-9c35-1adeacc39134#0:FAIL-t49, 9f06b4c9-079f-4989-8935-c6be59ddc82e<-3ce2c7b7-3df7-42de-af28-9ba1d65ea84e#0:FAIL-t49] and 0 exception(s); 9f06b4c9-079f-4989-8935-c6be59ddc82e@group-0D1055093416:t49, leader=null, voted=9f06b4c9-079f-4989-8935-c6be59ddc82e, raftlog=9f06b4c9-079f-4989-8935-c6be59ddc82e@group-0D1055093416-SegmentedRaftLog:OPENED:c-1,f-1,i0, conf=-1: [9f06b4c9-079f-4989-8935-c6be59ddc82e:192.168.69.82:36391, b282f9e2-3bd4-452e-9c35-1adeacc39134:192.168.69.82:42567, 3ce2c7b7-3df7-42de-af28-9ba1d65ea84e:192.168.69.82:35388], old=null
2019-10-17 05:57:02,342 [9f06b4c9-079f-4989-8935-c6be59ddc82e@group-0D1055093416-LeaderElection66] INFO  impl.RaftServerImpl (RaftServerImpl.java:setRole(184)) - 9f06b4c9-079f-4989-8935-c6be59ddc82e@group-0D1055093416: changes role from CANDIDATE to FOLLOWER at term 49 for DISCOVERED_A_NEW_TERM
2019-10-17 05:57:02,342 [9f06b4c9-079f-4989-8935-c6be59ddc82e@group-0D1055093416-LeaderElection66] INFO  impl.RoleInfo (RoleInfo.java:shutdownLeaderElection(134)) - 9f06b4c9-079f-4989-8935-c6be59ddc82e: shutdown LeaderElection
2019-10-17 05:57:02,342 [9f06b4c9-079f-4989-8935-c6be59ddc82e@group-0D1055093416-LeaderElection66] INFO  impl.RoleInfo (RoleInfo.java:updateAndGet(143)) - 9f06b4c9-079f-4989-8935-c6be59ddc82e: start FollowerState
2019-10-17 05:57:02,384 [Thread-823] INFO  impl.FollowerState (FollowerState.java:run(108)) - 9f06b4c9-079f-4989-8935-c6be59ddc82e@group-0D1055093416-FollowerState: change to CANDIDATE, lastRpcTime:41ms, electionTimeout:41ms
2019-10-17 05:57:02,384 [Thread-823] INFO  impl.RoleInfo (RoleInfo.java:shutdownFollowerState(121)) - 9f06b4c9-079f-4989-8935-c6be59ddc82e: shutdown FollowerState
2019-10-17 05:57:02,384 [Thread-823] INFO  impl.RaftServerImpl (RaftServerImpl.java:setRole(184)) - 9f06b4c9-079f-4989-8935-c6be59ddc82e@group-0D1055093416: changes role from  FOLLOWER to CANDIDATE at term 49 for changeToCandidate
2019-10-17 05:57:02,384 [Thread-823] INFO  impl.RoleInfo (RoleInfo.java:updateAndGet(143)) - 9f06b4c9-079f-4989-8935-c6be59ddc82e: start LeaderElection
2019-10-17 05:57:02,398 [9f06b4c9-079f-4989-8935-c6be59ddc82e@group-0D1055093416-LeaderElection67] INFO  impl.LeaderElection (LeaderElection.java:askForVotes(178)) - 9f06b4c9-079f-4989-8935-c6be59ddc82e@group-0D1055093416-LeaderElection67: begin an election at term 50 for -1: [9f06b4c9-079f-4989-8935-c6be59ddc82e:192.168.69.82:36391, b282f9e2-3bd4-452e-9c35-1adeacc39134:192.168.69.82:42567, 3ce2c7b7-3df7-42de-af28-9ba1d65ea84e:192.168.69.82:35388], old=null
2019-10-17 05:57:02,399 [9f06b4c9-079f-4989-8935-c6be59ddc82e@group-0D1055093416-LeaderElection67] INFO  impl.LeaderElection (LeaderElection.java:logAndReturn(56)) - 9f06b4c9-079f-4989-8935-c6be59ddc82e@group-0D1055093416-LeaderElection67: Election TIMEOUT; received 0 response(s) [] and 0 exception(s); 9f06b4c9-079f-4989-8935-c6be59ddc82e@group-0D1055093416:t50, leader=null, voted=9f06b4c9-079f-4989-8935-c6be59ddc82e, raftlog=9f06b4c9-079f-4989-8935-c6be59ddc82e@group-0D1055093416-SegmentedRaftLog:OPENED:c-1,f-1,i0, conf=-1: [9f06b4c9-079f-4989-8935-c6be59ddc82e:192.168.69.82:36391, b282f9e2-3bd4-452e-9c35-1adeacc39134:192.168.69.82:42567, 3ce2c7b7-3df7-42de-af28-9ba1d65ea84e:192.168.69.82:35388], old=null
2019-10-17 05:57:02,401 [grpc-default-executor-5] INFO  impl.RaftServerImpl (RaftServerImpl.java:setRole(184)) - b282f9e2-3bd4-452e-9c35-1adeacc39134@group-0D1055093416: changes role from  FOLLOWER to FOLLOWER at term 50 for recognizeCandidate:9f06b4c9-079f-4989-8935-c6be59ddc82e
2019-10-17 05:57:02,401 [grpc-default-executor-5] INFO  impl.RoleInfo (RoleInfo.java:shutdownFollowerState(121)) - b282f9e2-3bd4-452e-9c35-1adeacc39134: shutdown FollowerState
2019-10-17 05:57:02,401 [grpc-default-executor-5] INFO  impl.RoleInfo (RoleInfo.java:updateAndGet(143)) - b282f9e2-3bd4-452e-9c35-1adeacc39134: start FollowerState
2019-10-17 05:57:02,401 [Thread-821] INFO  impl.FollowerState (FollowerState.java:run(117)) - b282f9e2-3bd4-452e-9c35-1adeacc39134@group-0D1055093416-FollowerState was interrupted: java.lang.InterruptedException: sleep interrupted
2019-10-17 05:57:02,402 [grpc-default-executor-6] INFO  impl.RaftServerImpl (RaftServerImpl.java:setRole(184)) - 3ce2c7b7-3df7-42de-af28-9ba1d65ea84e@group-0D1055093416: changes role from  FOLLOWER to FOLLOWER at term 50 for recognizeCandidate:9f06b4c9-079f-4989-8935-c6be59ddc82e
2019-10-17 05:57:02,402 [grpc-default-executor-6] INFO  impl.RoleInfo (RoleInfo.java:shutdownFollowerState(121)) - 3ce2c7b7-3df7-42de-af28-9ba1d65ea84e: shutdown FollowerState
2019-10-17 05:57:02,402 [grpc-default-executor-6] INFO  impl.RoleInfo (RoleInfo.java:updateAndGet(143)) - 3ce2c7b7-3df7-42de-af28-9ba1d65ea84e: start FollowerState
2019-10-17 05:57:02,402 [Thread-822] INFO  impl.FollowerState (FollowerState.java:run(117)) - 3ce2c7b7-3df7-42de-af28-9ba1d65ea84e@group-0D1055093416-FollowerState was interrupted: java.lang.InterruptedException: sleep interrupted
2019-10-17 05:57:02,413 [9f06b4c9-079f-4989-8935-c6be59ddc82e@group-0D1055093416-LeaderElection67] INFO  impl.LeaderElection (LeaderElection.java:askForVotes(178)) - 9f06b4c9-079f-4989-8935-c6be59ddc82e@group-0D1055093416-LeaderElection67: begin an election at term 51 for -1: [9f06b4c9-079f-4989-8935-c6be59ddc82e:192.168.69.82:36391, b282f9e2-3bd4-452e-9c35-1adeacc39134:192.168.69.82:42567, 3ce2c7b7-3df7-42de-af28-9ba1d65ea84e:192.168.69.82:35388], old=null
2019-10-17 05:57:02,415 [grpc-default-executor-5] INFO  impl.RaftServerImpl (RaftServerImpl.java:setRole(184)) - b282f9e2-3bd4-452e-9c35-1adeacc39134@group-0D1055093416: changes role from  FOLLOWER to FOLLOWER at term 51 for recognizeCandidate:9f06b4c9-079f-4989-8935-c6be59ddc82e
2019-10-17 05:57:02,416 [grpc-default-executor-5] INFO  impl.RoleInfo (RoleInfo.java:shutdownFollowerState(121)) - b282f9e2-3bd4-452e-9c35-1adeacc39134: shutdown FollowerState
2019-10-17 05:57:02,416 [grpc-default-executor-5] INFO  impl.RoleInfo (RoleInfo.java:updateAndGet(143)) - b282f9e2-3bd4-452e-9c35-1adeacc39134: start FollowerState
2019-10-17 05:57:02,416 [Thread-827] INFO  impl.FollowerState (FollowerState.java:run(117)) - b282f9e2-3bd4-452e-9c35-1adeacc39134@group-0D1055093416-FollowerState was interrupted: java.lang.InterruptedException: sleep interrupted
2019-10-17 05:57:02,416 [grpc-default-executor-6] INFO  impl.RaftServerImpl (RaftServerImpl.java:setRole(184)) - 3ce2c7b7-3df7-42de-af28-9ba1d65ea84e@group-0D1055093416: changes role from  FOLLOWER to FOLLOWER at term 51 for recognizeCandidate:9f06b4c9-079f-4989-8935-c6be59ddc82e
2019-10-17 05:57:02,416 [grpc-default-executor-6] INFO  impl.RoleInfo (RoleInfo.java:shutdownFollowerState(121)) - 3ce2c7b7-3df7-42de-af28-9ba1d65ea84e: shutdown FollowerState
2019-10-17 05:57:02,417 [grpc-default-executor-6] INFO  impl.RoleInfo (RoleInfo.java:updateAndGet(143)) - 3ce2c7b7-3df7-42de-af28-9ba1d65ea84e: start FollowerState
2019-10-17 05:57:02,417 [Thread-828] INFO  impl.FollowerState (FollowerState.java:run(117)) - 3ce2c7b7-3df7-42de-af28-9ba1d65ea84e@group-0D1055093416-FollowerState was interrupted: java.lang.InterruptedException: sleep interrupted
2019-10-17 05:57:02,431 [9f06b4c9-079f-4989-8935-c6be59ddc82e@group-0D1055093416-LeaderElection67] INFO  impl.LeaderElection (LeaderElection.java:logAndReturn(56)) - 9f06b4c9-079f-4989-8935-c6be59ddc82e@group-0D1055093416-LeaderElection67: Election REJECTED; received 2 response(s) [9f06b4c9-079f-4989-8935-c6be59ddc82e<-b282f9e2-3bd4-452e-9c35-1adeacc39134#0:FAIL-t51, 9f06b4c9-079f-4989-8935-c6be59ddc82e<-3ce2c7b7-3df7-42de-af28-9ba1d65ea84e#0:FAIL-t51] and 0 exception(s); 9f06b4c9-079f-4989-8935-c6be59ddc82e@group-0D1055093416:t51, leader=null, voted=9f06b4c9-079f-4989-8935-c6be59ddc82e, raftlog=9f06b4c9-079f-4989-8935-c6be59ddc82e@group-0D1055093416-SegmentedRaftLog:OPENED:c-1,f-1,i0, conf=-1: [9f06b4c9-079f-4989-8935-c6be59ddc82e:192.168.69.82:36391, b282f9e2-3bd4-452e-9c35-1adeacc39134:192.168.69.82:42567, 3ce2c7b7-3df7-42de-af28-9ba1d65ea84e:192.168.69.82:35388], old=null
2019-10-17 05:57:02,432 [9f06b4c9-079f-4989-8935-c6be59ddc82e@group-0D1055093416-LeaderElection67] INFO  impl.RaftServerImpl (RaftServerImpl.java:setRole(184)) - 9f06b4c9-079f-4989-8935-c6be59ddc82e@group-0D1055093416: changes role from CANDIDATE to FOLLOWER at term 51 for DISCOVERED_A_NEW_TERM
2019-10-17 05:57:02,432 [9f06b4c9-079f-4989-8935-c6be59ddc82e@group-0D1055093416-LeaderElection67] INFO  impl.RoleInfo (RoleInfo.java:shutdownLeaderElection(134)) - 9f06b4c9-079f-4989-8935-c6be59ddc82e: shutdown LeaderElection
2019-10-17 05:57:02,432 [9f06b4c9-079f-4989-8935-c6be59ddc82e@group-0D1055093416-LeaderElection67] INFO  impl.RoleInfo (RoleInfo.java:updateAndGet(143)) - 9f06b4c9-079f-4989-8935-c6be59ddc82e: start FollowerState
2019-10-17 05:57:02,620 [Thread-833] INFO  impl.FollowerState (FollowerState.java:run(108)) - 9f06b4c9-079f-4989-8935-c6be59ddc82e@group-0D1055093416-FollowerState: change to CANDIDATE, lastRpcTime:188ms, electionTimeout:188ms
2019-10-17 05:57:02,621 [Thread-833] INFO  impl.RoleInfo (RoleInfo.java:shutdownFollowerState(121)) - 9f06b4c9-079f-4989-8935-c6be59ddc82e: shutdown FollowerState
2019-10-17 05:57:02,621 [Thread-833] INFO  impl.RaftServerImpl (RaftServerImpl.java:setRole(184)) - 9f06b4c9-079f-4989-8935-c6be59ddc82e@group-0D1055093416: changes role from  FOLLOWER to CANDIDATE at term 51 for changeToCandidate
2019-10-17 05:57:02,621 [Thread-833] INFO  impl.RoleInfo (RoleInfo.java:updateAndGet(143)) - 9f06b4c9-079f-4989-8935-c6be59ddc82e: start LeaderElection
2019-10-17 05:57:02,635 [9f06b4c9-079f-4989-8935-c6be59ddc82e@group-0D1055093416-LeaderElection68] INFO  impl.LeaderElection (LeaderElection.java:askForVotes(178)) - 9f06b4c9-079f-4989-8935-c6be59ddc82e@group-0D1055093416-LeaderElection68: begin an election at term 52 for -1: [9f06b4c9-079f-4989-8935-c6be59ddc82e:192.168.69.82:36391, b282f9e2-3bd4-452e-9c35-1adeacc39134:192.168.69.82:42567, 3ce2c7b7-3df7-42de-af28-9ba1d65ea84e:192.168.69.82:35388], old=null
2019-10-17 05:57:02,639 [grpc-default-executor-6] INFO  impl.RaftServerImpl (RaftServerImpl.java:setRole(184)) - b282f9e2-3bd4-452e-9c35-1adeacc39134@group-0D1055093416: changes role from  FOLLOWER to FOLLOWER at term 52 for recognizeCandidate:9f06b4c9-079f-4989-8935-c6be59ddc82e
2019-10-17 05:57:02,639 [grpc-default-executor-6] INFO  impl.RoleInfo (RoleInfo.java:shutdownFollowerState(121)) - b282f9e2-3bd4-452e-9c35-1adeacc39134: shutdown FollowerState
2019-10-17 05:57:02,639 [grpc-default-executor-5] INFO  impl.RaftServerImpl (RaftServerImpl.java:setRole(184)) - 3ce2c7b7-3df7-42de-af28-9ba1d65ea84e@group-0D1055093416: changes role from  FOLLOWER to FOLLOWER at term 52 for recognizeCandidate:9f06b4c9-079f-4989-8935-c6be59ddc82e
2019-10-17 05:57:02,639 [Thread-831] INFO  impl.FollowerState (FollowerState.java:run(117)) - b282f9e2-3bd4-452e-9c35-1adeacc39134@group-0D1055093416-FollowerState was interrupted: java.lang.InterruptedException: sleep interrupted
2019-10-17 05:57:02,639 [grpc-default-executor-6] INFO  impl.RoleInfo (RoleInfo.java:updateAndGet(143)) - b282f9e2-3bd4-452e-9c35-1adeacc39134: start FollowerState
2019-10-17 05:57:02,639 [grpc-default-executor-5] INFO  impl.RoleInfo (RoleInfo.java:shutdownFollowerState(121)) - 3ce2c7b7-3df7-42de-af28-9ba1d65ea84e: shutdown FollowerState
2019-10-17 05:57:02,640 [grpc-default-executor-5] INFO  impl.RoleInfo (RoleInfo.java:updateAndGet(143)) - 3ce2c7b7-3df7-42de-af28-9ba1d65ea84e: start FollowerState
2019-10-17 05:57:02,640 [Thread-832] INFO  impl.FollowerState (FollowerState.java:run(117)) - 3ce2c7b7-3df7-42de-af28-9ba1d65ea84e@group-0D1055093416-FollowerState was interrupted: java.lang.InterruptedException: sleep interrupted
2019-10-17 05:57:02,655 [9f06b4c9-079f-4989-8935-c6be59ddc82e@group-0D1055093416-LeaderElection68] INFO  impl.LeaderElection (LeaderElection.java:logAndReturn(56)) - 9f06b4c9-079f-4989-8935-c6be59ddc82e@group-0D1055093416-LeaderElection68: Election REJECTED; received 2 response(s) [9f06b4c9-079f-4989-8935-c6be59ddc82e<-b282f9e2-3bd4-452e-9c35-1adeacc39134#0:FAIL-t52, 9f06b4c9-079f-4989-8935-c6be59ddc82e<-3ce2c7b7-3df7-42de-af28-9ba1d65ea84e#0:FAIL-t52] and 0 exception(s); 9f06b4c9-079f-4989-8935-c6be59ddc82e@group-0D1055093416:t52, leader=null, voted=9f06b4c9-079f-4989-8935-c6be59ddc82e, raftlog=9f06b4c9-079f-4989-8935-c6be59ddc82e@group-0D1055093416-SegmentedRaftLog:OPENED:c-1,f-1,i0, conf=-1: [9f06b4c9-079f-4989-8935-c6be59ddc82e:192.168.69.82:36391, b282f9e2-3bd4-452e-9c35-1adeacc39134:192.168.69.82:42567, 3ce2c7b7-3df7-42de-af28-9ba1d65ea84e:192.168.69.82:35388], old=null
2019-10-17 05:57:02,655 [9f06b4c9-079f-4989-8935-c6be59ddc82e@group-0D1055093416-LeaderElection68] INFO  impl.RaftServerImpl (RaftServerImpl.java:setRole(184)) - 9f06b4c9-079f-4989-8935-c6be59ddc82e@group-0D1055093416: changes role from CANDIDATE to FOLLOWER at term 52 for DISCOVERED_A_NEW_TERM
2019-10-17 05:57:02,655 [9f06b4c9-079f-4989-8935-c6be59ddc82e@group-0D1055093416-LeaderElection68] INFO  impl.RoleInfo (RoleInfo.java:shutdownLeaderElection(134)) - 9f06b4c9-079f-4989-8935-c6be59ddc82e: shutdown LeaderElection
2019-10-17 05:57:02,655 [9f06b4c9-079f-4989-8935-c6be59ddc82e@group-0D1055093416-LeaderElection68] INFO  impl.RoleInfo (RoleInfo.java:updateAndGet(143)) - 9f06b4c9-079f-4989-8935-c6be59ddc82e: start FollowerState
2019-10-17 05:57:02,741 [Thread-843] INFO  impl.FollowerState (FollowerState.java:run(108)) - 9f06b4c9-079f-4989-8935-c6be59ddc82e@group-0D1055093416-FollowerState: change to CANDIDATE, lastRpcTime:85ms, electionTimeout:85ms
2019-10-17 05:57:02,741 [Thread-843] INFO  impl.RoleInfo (RoleInfo.java:shutdownFollowerState(121)) - 9f06b4c9-079f-4989-8935-c6be59ddc82e: shutdown FollowerState
2019-10-17 05:57:02,741 [Thread-843] INFO  impl.RaftServerImpl (RaftServerImpl.java:setRole(184)) - 9f06b4c9-079f-4989-8935-c6be59ddc82e@group-0D1055093416: changes role from  FOLLOWER to CANDIDATE at term 52 for changeToCandidate
2019-10-17 05:57:02,741 [Thread-843] INFO  impl.RoleInfo (RoleInfo.java:updateAndGet(143)) - 9f06b4c9-079f-4989-8935-c6be59ddc82e: start LeaderElection
2019-10-17 05:57:02,755 [9f06b4c9-079f-4989-8935-c6be59ddc82e@group-0D1055093416-LeaderElection69] INFO  impl.LeaderElection (LeaderElection.java:askForVotes(178)) - 9f06b4c9-079f-4989-8935-c6be59ddc82e@group-0D1055093416-LeaderElection69: begin an election at term 53 for -1: [9f06b4c9-079f-4989-8935-c6be59ddc82e:192.168.69.82:36391, b282f9e2-3bd4-452e-9c35-1adeacc39134:192.168.69.82:42567, 3ce2c7b7-3df7-42de-af28-9ba1d65ea84e:192.168.69.82:35388], old=null
2019-10-17 05:57:02,758 [grpc-default-executor-6] INFO  impl.RaftServerImpl (RaftServerImpl.java:setRole(184)) - b282f9e2-3bd4-452e-9c35-1adeacc39134@group-0D1055093416: changes role from  FOLLOWER to FOLLOWER at term 53 for recognizeCandidate:9f06b4c9-079f-4989-8935-c6be59ddc82e
2019-10-17 05:57:02,758 [grpc-default-executor-6] INFO  impl.RoleInfo (RoleInfo.java:shutdownFollowerState(121)) - b282f9e2-3bd4-452e-9c35-1adeacc39134: shutdown FollowerState
2019-10-17 05:57:02,759 [grpc-default-executor-6] INFO  impl.RoleInfo (RoleInfo.java:updateAndGet(143)) - b282f9e2-3bd4-452e-9c35-1adeacc39134: start FollowerState
2019-10-17 05:57:02,759 [Thread-841] INFO  impl.FollowerState (FollowerState.java:run(117)) - b282f9e2-3bd4-452e-9c35-1adeacc39134@group-0D1055093416-FollowerState was interrupted: java.lang.InterruptedException: sleep interrupted
2019-10-17 05:57:02,759 [grpc-default-executor-5] INFO  impl.RaftServerImpl (RaftServerImpl.java:setRole(184)) - 3ce2c7b7-3df7-42de-af28-9ba1d65ea84e@group-0D1055093416: changes role from  FOLLOWER to FOLLOWER at term 53 for recognizeCandidate:9f06b4c9-079f-4989-8935-c6be59ddc82e
2019-10-17 05:57:02,759 [grpc-default-executor-5] INFO  impl.RoleInfo (RoleInfo.java:shutdownFollowerState(121)) - 3ce2c7b7-3df7-42de-af28-9ba1d65ea84e: shutdown FollowerState
2019-10-17 05:57:02,759 [Thread-842] INFO  impl.FollowerState (FollowerState.java:run(117)) - 3ce2c7b7-3df7-42de-af28-9ba1d65ea84e@group-0D1055093416-FollowerState was interrupted: java.lang.InterruptedException: sleep interrupted
2019-10-17 05:57:02,759 [grpc-default-executor-5] INFO  impl.RoleInfo (RoleInfo.java:updateAndGet(143)) - 3ce2c7b7-3df7-42de-af28-9ba1d65ea84e: start FollowerState
2019-10-17 05:57:02,774 [9f06b4c9-079f-4989-8935-c6be59ddc82e@group-0D1055093416-LeaderElection69] INFO  impl.LeaderElection (LeaderElection.java:logAndReturn(56)) - 9f06b4c9-079f-4989-8935-c6be59ddc82e@group-0D1055093416-LeaderElection69: Election REJECTED; received 2 response(s) [9f06b4c9-079f-4989-8935-c6be59ddc82e<-b282f9e2-3bd4-452e-9c35-1adeacc39134#0:FAIL-t53, 9f06b4c9-079f-4989-8935-c6be59ddc82e<-3ce2c7b7-3df7-42de-af28-9ba1d65ea84e#0:FAIL-t53] and 0 exception(s); 9f06b4c9-079f-4989-8935-c6be59ddc82e@group-0D1055093416:t53, leader=null, voted=9f06b4c9-079f-4989-8935-c6be59ddc82e, raftlog=9f06b4c9-079f-4989-8935-c6be59ddc82e@group-0D1055093416-SegmentedRaftLog:OPENED:c-1,f-1,i0, conf=-1: [9f06b4c9-079f-4989-8935-c6be59ddc82e:192.168.69.82:36391, b282f9e2-3bd4-452e-9c35-1adeacc39134:192.168.69.82:42567, 3ce2c7b7-3df7-42de-af28-9ba1d65ea84e:192.168.69.82:35388], old=null
2019-10-17 05:57:02,774 [9f06b4c9-079f-4989-8935-c6be59ddc82e@group-0D1055093416-LeaderElection69] INFO  impl.RaftServerImpl (RaftServerImpl.java:setRole(184)) - 9f06b4c9-079f-4989-8935-c6be59ddc82e@group-0D1055093416: changes role from CANDIDATE to FOLLOWER at term 53 for DISCOVERED_A_NEW_TERM
2019-10-17 05:57:02,774 [9f06b4c9-079f-4989-8935-c6be59ddc82e@group-0D1055093416-LeaderElection69] INFO  impl.RoleInfo (RoleInfo.java:shutdownLeaderElection(134)) - 9f06b4c9-079f-4989-8935-c6be59ddc82e: shutdown LeaderElection
2019-10-17 05:57:02,774 [9f06b4c9-079f-4989-8935-c6be59ddc82e@group-0D1055093416-LeaderElection69] INFO  impl.RoleInfo (RoleInfo.java:updateAndGet(143)) - 9f06b4c9-079f-4989-8935-c6be59ddc82e: start FollowerState
2019-10-17 05:57:02,871 [Thread-849] INFO  impl.FollowerState (FollowerState.java:run(108)) - 9f06b4c9-079f-4989-8935-c6be59ddc82e@group-0D1055093416-FollowerState: change to CANDIDATE, lastRpcTime:96ms, electionTimeout:96ms
2019-10-17 05:57:02,871 [Thread-849] INFO  impl.RoleInfo (RoleInfo.java:shutdownFollowerState(121)) - 9f06b4c9-079f-4989-8935-c6be59ddc82e: shutdown FollowerState
2019-10-17 05:57:02,871 [Thread-849] INFO  impl.RaftServerImpl (RaftServerImpl.java:setRole(184)) - 9f06b4c9-079f-4989-8935-c6be59ddc82e@group-0D1055093416: changes role from  FOLLOWER to CANDIDATE at term 53 for changeToCandidate
2019-10-17 05:57:02,871 [Thread-849] INFO  impl.RoleInfo (RoleInfo.java:updateAndGet(143)) - 9f06b4c9-079f-4989-8935-c6be59ddc82e: start LeaderElection
2019-10-17 05:57:02,886 [9f06b4c9-079f-4989-8935-c6be59ddc82e@group-0D1055093416-LeaderElection70] INFO  impl.LeaderElection (LeaderElection.java:askForVotes(178)) - 9f06b4c9-079f-4989-8935-c6be59ddc82e@group-0D1055093416-LeaderElection70: begin an election at term 54 for -1: [9f06b4c9-079f-4989-8935-c6be59ddc82e:192.168.69.82:36391, b282f9e2-3bd4-452e-9c35-1adeacc39134:192.168.69.82:42567, 3ce2c7b7-3df7-42de-af28-9ba1d65ea84e:192.168.69.82:35388], old=null
2019-10-17 05:57:02,889 [grpc-default-executor-6] INFO  impl.RaftServerImpl (RaftServerImpl.java:setRole(184)) - b282f9e2-3bd4-452e-9c35-1adeacc39134@group-0D1055093416: changes role from  FOLLOWER to FOLLOWER at term 54 for recognizeCandidate:9f06b4c9-079f-4989-8935-c6be59ddc82e
2019-10-17 05:57:02,889 [grpc-default-executor-6] INFO  impl.RoleInfo (RoleInfo.java:shutdownFollowerState(121)) - b282f9e2-3bd4-452e-9c35-1adeacc39134: shutdown FollowerState
2019-10-17 05:57:02,890 [grpc-default-executor-6] INFO  impl.RoleInfo (RoleInfo.java:updateAndGet(143)) - b282f9e2-3bd4-452e-9c35-1adeacc39134: start FollowerState
2019-10-17 05:57:02,890 [Thread-847] INFO  impl.FollowerState (FollowerState.java:run(117)) - b282f9e2-3bd4-452e-9c35-1adeacc39134@group-0D1055093416-FollowerState was interrupted: java.lang.InterruptedException: sleep interrupted
2019-10-17 05:57:02,890 [grpc-default-executor-5] INFO  impl.RaftServerImpl (RaftServerImpl.java:setRole(184)) - 3ce2c7b7-3df7-42de-af28-9ba1d65ea84e@group-0D1055093416: changes role from  FOLLOWER to FOLLOWER at term 54 for recognizeCandidate:9f06b4c9-079f-4989-8935-c6be59ddc82e
2019-10-17 05:57:02,890 [grpc-default-executor-5] INFO  impl.RoleInfo (RoleInfo.java:shutdownFollowerState(121)) - 3ce2c7b7-3df7-42de-af28-9ba1d65ea84e: shutdown FollowerState
2019-10-17 05:57:02,890 [Thread-848] INFO  impl.FollowerState (FollowerState.java:run(117)) - 3ce2c7b7-3df7-42de-af28-9ba1d65ea84e@group-0D1055093416-FollowerState was interrupted: java.lang.InterruptedException: sleep interrupted
2019-10-17 05:57:02,890 [grpc-default-executor-5] INFO  impl.RoleInfo (RoleInfo.java:updateAndGet(143)) - 3ce2c7b7-3df7-42de-af28-9ba1d65ea84e: start FollowerState
2019-10-17 05:57:02,902 [9f06b4c9-079f-4989-8935-c6be59ddc82e@group-0D1055093416-LeaderElection70] INFO  impl.LeaderElection (LeaderElection.java:logAndReturn(56)) - 9f06b4c9-079f-4989-8935-c6be59ddc82e@group-0D1055093416-LeaderElection70: Election REJECTED; received 2 response(s) [9f06b4c9-079f-4989-8935-c6be59ddc82e<-b282f9e2-3bd4-452e-9c35-1adeacc39134#0:FAIL-t54, 9f06b4c9-079f-4989-8935-c6be59ddc82e<-3ce2c7b7-3df7-42de-af28-9ba1d65ea84e#0:FAIL-t54] and 0 exception(s); 9f06b4c9-079f-4989-8935-c6be59ddc82e@group-0D1055093416:t54, leader=null, voted=9f06b4c9-079f-4989-8935-c6be59ddc82e, raftlog=9f06b4c9-079f-4989-8935-c6be59ddc82e@group-0D1055093416-SegmentedRaftLog:OPENED:c-1,f-1,i0, conf=-1: [9f06b4c9-079f-4989-8935-c6be59ddc82e:192.168.69.82:36391, b282f9e2-3bd4-452e-9c35-1adeacc39134:192.168.69.82:42567, 3ce2c7b7-3df7-42de-af28-9ba1d65ea84e:192.168.69.82:35388], old=null
2019-10-17 05:57:02,903 [9f06b4c9-079f-4989-8935-c6be59ddc82e@group-0D1055093416-LeaderElection70] INFO  impl.RaftServerImpl (RaftServerImpl.java:setRole(184)) - 9f06b4c9-079f-4989-8935-c6be59ddc82e@group-0D1055093416: changes role from CANDIDATE to FOLLOWER at term 54 for DISCOVERED_A_NEW_TERM
2019-10-17 05:57:02,903 [9f06b4c9-079f-4989-8935-c6be59ddc82e@group-0D1055093416-LeaderElection70] INFO  impl.RoleInfo (RoleInfo.java:shutdownLeaderElection(134)) - 9f06b4c9-079f-4989-8935-c6be59ddc82e: shutdown LeaderElection
2019-10-17 05:57:02,903 [9f06b4c9-079f-4989-8935-c6be59ddc82e@group-0D1055093416-LeaderElection70] INFO  impl.RoleInfo (RoleInfo.java:updateAndGet(143)) - 9f06b4c9-079f-4989-8935-c6be59ddc82e: start FollowerState
2019-10-17 05:57:02,951 [Thread-855] INFO  impl.FollowerState (FollowerState.java:run(108)) - 9f06b4c9-079f-4989-8935-c6be59ddc82e@group-0D1055093416-FollowerState: change to CANDIDATE, lastRpcTime:47ms, electionTimeout:47ms
2019-10-17 05:57:02,951 [Thread-855] INFO  impl.RoleInfo (RoleInfo.java:shutdownFollowerState(121)) - 9f06b4c9-079f-4989-8935-c6be59ddc82e: shutdown FollowerState
2019-10-17 05:57:02,951 [Thread-855] INFO  impl.RaftServerImpl (RaftServerImpl.java:setRole(184)) - 9f06b4c9-079f-4989-8935-c6be59ddc82e@group-0D1055093416: changes role from  FOLLOWER to CANDIDATE at term 54 for changeToCandidate
2019-10-17 05:57:02,951 [Thread-855] INFO  impl.RoleInfo (RoleInfo.java:updateAndGet(143)) - 9f06b4c9-079f-4989-8935-c6be59ddc82e: start LeaderElection
2019-10-17 05:57:02,965 [9f06b4c9-079f-4989-8935-c6be59ddc82e@group-0D1055093416-LeaderElection71] INFO  impl.LeaderElection (LeaderElection.java:askForVotes(178)) - 9f06b4c9-079f-4989-8935-c6be59ddc82e@group-0D1055093416-LeaderElection71: begin an election at term 55 for -1: [9f06b4c9-079f-4989-8935-c6be59ddc82e:192.168.69.82:36391, b282f9e2-3bd4-452e-9c35-1adeacc39134:192.168.69.82:42567, 3ce2c7b7-3df7-42de-af28-9ba1d65ea84e:192.168.69.82:35388], old=null
2019-10-17 05:57:02,968 [grpc-default-executor-5] INFO  impl.RaftServerImpl (RaftServerImpl.java:setRole(184)) - b282f9e2-3bd4-452e-9c35-1adeacc39134@group-0D1055093416: changes role from  FOLLOWER to FOLLOWER at term 55 for recognizeCandidate:9f06b4c9-079f-4989-8935-c6be59ddc82e
2019-10-17 05:57:02,968 [grpc-default-executor-5] INFO  impl.RoleInfo (RoleInfo.java:shutdownFollowerState(121)) - b282f9e2-3bd4-452e-9c35-1adeacc39134: shutdown FollowerState
2019-10-17 05:57:02,968 [grpc-default-executor-5] INFO  impl.RoleInfo (RoleInfo.java:updateAndGet(143)) - b282f9e2-3bd4-452e-9c35-1adeacc39134: start FollowerState
2019-10-17 05:57:02,968 [Thread-853] INFO  impl.FollowerState (FollowerState.java:run(117)) - b282f9e2-3bd4-452e-9c35-1adeacc39134@group-0D1055093416-FollowerState was interrupted: java.lang.InterruptedException: sleep interrupted
2019-10-17 05:57:02,969 [grpc-default-executor-6] INFO  impl.RaftServerImpl (RaftServerImpl.java:setRole(184)) - 3ce2c7b7-3df7-42de-af28-9ba1d65ea84e@group-0D1055093416: changes role from  FOLLOWER to FOLLOWER at term 55 for recognizeCandidate:9f06b4c9-079f-4989-8935-c6be59ddc82e
2019-10-17 05:57:02,969 [grpc-default-executor-6] INFO  impl.RoleInfo (RoleInfo.java:shutdownFollowerState(121)) - 3ce2c7b7-3df7-42de-af28-9ba1d65ea84e: shutdown FollowerState
2019-10-17 05:57:02,969 [grpc-default-executor-6] INFO  impl.RoleInfo (RoleInfo.java:updateAndGet(143)) - 3ce2c7b7-3df7-42de-af28-9ba1d65ea84e: start FollowerState
2019-10-17 05:57:02,969 [Thread-854] INFO  impl.FollowerState (FollowerState.java:run(117)) - 3ce2c7b7-3df7-42de-af28-9ba1d65ea84e@group-0D1055093416-FollowerState was interrupted: java.lang.InterruptedException: sleep interrupted
2019-10-17 05:57:02,984 [9f06b4c9-079f-4989-8935-c6be59ddc82e@group-0D1055093416-LeaderElection71] INFO  impl.LeaderElection (LeaderElection.java:logAndReturn(56)) - 9f06b4c9-079f-4989-8935-c6be59ddc82e@group-0D1055093416-LeaderElection71: Election REJECTED; received 2 response(s) [9f06b4c9-079f-4989-8935-c6be59ddc82e<-b282f9e2-3bd4-452e-9c35-1adeacc39134#0:FAIL-t55, 9f06b4c9-079f-4989-8935-c6be59ddc82e<-3ce2c7b7-3df7-42de-af28-9ba1d65ea84e#0:FAIL-t55] and 0 exception(s); 9f06b4c9-079f-4989-8935-c6be59ddc82e@group-0D1055093416:t55, leader=null, voted=9f06b4c9-079f-4989-8935-c6be59ddc82e, raftlog=9f06b4c9-079f-4989-8935-c6be59ddc82e@group-0D1055093416-SegmentedRaftLog:OPENED:c-1,f-1,i0, conf=-1: [9f06b4c9-079f-4989-8935-c6be59ddc82e:192.168.69.82:36391, b282f9e2-3bd4-452e-9c35-1adeacc39134:192.168.69.82:42567, 3ce2c7b7-3df7-42de-af28-9ba1d65ea84e:192.168.69.82:35388], old=null
2019-10-17 05:57:02,984 [9f06b4c9-079f-4989-8935-c6be59ddc82e@group-0D1055093416-LeaderElection71] INFO  impl.RaftServerImpl (RaftServerImpl.java:setRole(184)) - 9f06b4c9-079f-4989-8935-c6be59ddc82e@group-0D1055093416: changes role from CANDIDATE to FOLLOWER at term 55 for DISCOVERED_A_NEW_TERM
2019-10-17 05:57:02,985 [9f06b4c9-079f-4989-8935-c6be59ddc82e@group-0D1055093416-LeaderElection71] INFO  impl.RoleInfo (RoleInfo.java:shutdownLeaderElection(134)) - 9f06b4c9-079f-4989-8935-c6be59ddc82e: shutdown LeaderElection
2019-10-17 05:57:02,985 [9f06b4c9-079f-4989-8935-c6be59ddc82e@group-0D1055093416-LeaderElection71] INFO  impl.RoleInfo (RoleInfo.java:updateAndGet(143)) - 9f06b4c9-079f-4989-8935-c6be59ddc82e: start FollowerState
2019-10-17 05:57:03,069 [Thread-861] INFO  impl.FollowerState (FollowerState.java:run(108)) - 9f06b4c9-079f-4989-8935-c6be59ddc82e@group-0D1055093416-FollowerState: change to CANDIDATE, lastRpcTime:84ms, electionTimeout:84ms
2019-10-17 05:57:03,069 [Thread-861] INFO  impl.RoleInfo (RoleInfo.java:shutdownFollowerState(121)) - 9f06b4c9-079f-4989-8935-c6be59ddc82e: shutdown FollowerState
2019-10-17 05:57:03,070 [Thread-861] INFO  impl.RaftServerImpl (RaftServerImpl.java:setRole(184)) - 9f06b4c9-079f-4989-8935-c6be59ddc82e@group-0D1055093416: changes role from  FOLLOWER to CANDIDATE at term 55 for changeToCandidate
2019-10-17 05:57:03,070 [Thread-861] INFO  impl.RoleInfo (RoleInfo.java:updateAndGet(143)) - 9f06b4c9-079f-4989-8935-c6be59ddc82e: start LeaderElection
2019-10-17 05:57:03,084 [9f06b4c9-079f-4989-8935-c6be59ddc82e@group-0D1055093416-LeaderElection72] INFO  impl.LeaderElection (LeaderElection.java:askForVotes(178)) - 9f06b4c9-079f-4989-8935-c6be59ddc82e@group-0D1055093416-LeaderElection72: begin an election at term 56 for -1: [9f06b4c9-079f-4989-8935-c6be59ddc82e:192.168.69.82:36391, b282f9e2-3bd4-452e-9c35-1adeacc39134:192.168.69.82:42567, 3ce2c7b7-3df7-42de-af28-9ba1d65ea84e:192.168.69.82:35388], old=null
2019-10-17 05:57:03,087 [grpc-default-executor-6] INFO  impl.RaftServerImpl (RaftServerImpl.java:setRole(184)) - b282f9e2-3bd4-452e-9c35-1adeacc39134@group-0D1055093416: changes role from  FOLLOWER to FOLLOWER at term 56 for recognizeCandidate:9f06b4c9-079f-4989-8935-c6be59ddc82e
2019-10-17 05:57:03,087 [grpc-default-executor-6] INFO  impl.RoleInfo (RoleInfo.java:shutdownFollowerState(121)) - b282f9e2-3bd4-452e-9c35-1adeacc39134: shutdown FollowerState
2019-10-17 05:57:03,087 [grpc-default-executor-6] INFO  impl.RoleInfo (RoleInfo.java:updateAndGet(143)) - b282f9e2-3bd4-452e-9c35-1adeacc39134: start FollowerState
2019-10-17 05:57:03,088 [Thread-859] INFO  impl.FollowerState (FollowerState.java:run(117)) - b282f9e2-3bd4-452e-9c35-1adeacc39134@group-0D1055093416-FollowerState was interrupted: java.lang.InterruptedException: sleep interrupted
2019-10-17 05:57:03,088 [grpc-default-executor-5] INFO  impl.RaftServerImpl (RaftServerImpl.java:setRole(184)) - 3ce2c7b7-3df7-42de-af28-9ba1d65ea84e@group-0D1055093416: changes role from  FOLLOWER to FOLLOWER at term 56 for recognizeCandidate:9f06b4c9-079f-4989-8935-c6be59ddc82e
2019-10-17 05:57:03,088 [grpc-default-executor-5] INFO  impl.RoleInfo (RoleInfo.java:shutdownFollowerState(121)) - 3ce2c7b7-3df7-42de-af28-9ba1d65ea84e: shutdown FollowerState
2019-10-17 05:57:03,088 [grpc-default-executor-5] INFO  impl.RoleInfo (RoleInfo.java:updateAndGet(143)) - 3ce2c7b7-3df7-42de-af28-9ba1d65ea84e: start FollowerState
2019-10-17 05:57:03,088 [Thread-860] INFO  impl.FollowerState (FollowerState.java:run(117)) - 3ce2c7b7-3df7-42de-af28-9ba1d65ea84e@group-0D1055093416-FollowerState was interrupted: java.lang.InterruptedException: sleep interrupted
2019-10-17 05:57:03,103 [9f06b4c9-079f-4989-8935-c6be59ddc82e@group-0D1055093416-LeaderElection72] INFO  impl.LeaderElection (LeaderElection.java:logAndReturn(56)) - 9f06b4c9-079f-4989-8935-c6be59ddc82e@group-0D1055093416-LeaderElection72: Election REJECTED; received 2 response(s) [9f06b4c9-079f-4989-8935-c6be59ddc82e<-b282f9e2-3bd4-452e-9c35-1adeacc39134#0:FAIL-t56, 9f06b4c9-079f-4989-8935-c6be59ddc82e<-3ce2c7b7-3df7-42de-af28-9ba1d65ea84e#0:FAIL-t56] and 0 exception(s); 9f06b4c9-079f-4989-8935-c6be59ddc82e@group-0D1055093416:t56, leader=null, voted=9f06b4c9-079f-4989-8935-c6be59ddc82e, raftlog=9f06b4c9-079f-4989-8935-c6be59ddc82e@group-0D1055093416-SegmentedRaftLog:OPENED:c-1,f-1,i0, conf=-1: [9f06b4c9-079f-4989-8935-c6be59ddc82e:192.168.69.82:36391, b282f9e2-3bd4-452e-9c35-1adeacc39134:192.168.69.82:42567, 3ce2c7b7-3df7-42de-af28-9ba1d65ea84e:192.168.69.82:35388], old=null
2019-10-17 05:57:03,103 [9f06b4c9-079f-4989-8935-c6be59ddc82e@group-0D1055093416-LeaderElection72] INFO  impl.RaftServerImpl (RaftServerImpl.java:setRole(184)) - 9f06b4c9-079f-4989-8935-c6be59ddc82e@group-0D1055093416: changes role from CANDIDATE to FOLLOWER at term 56 for DISCOVERED_A_NEW_TERM
2019-10-17 05:57:03,103 [9f06b4c9-079f-4989-8935-c6be59ddc82e@group-0D1055093416-LeaderElection72] INFO  impl.RoleInfo (RoleInfo.java:shutdownLeaderElection(134)) - 9f06b4c9-079f-4989-8935-c6be59ddc82e: shutdown LeaderElection
2019-10-17 05:57:03,103 [9f06b4c9-079f-4989-8935-c6be59ddc82e@group-0D1055093416-LeaderElection72] INFO  impl.RoleInfo (RoleInfo.java:updateAndGet(143)) - 9f06b4c9-079f-4989-8935-c6be59ddc82e: start FollowerState
2019-10-17 05:57:03,117 [Thread-869] INFO  impl.FollowerState (FollowerState.java:run(108)) - 9f06b4c9-079f-4989-8935-c6be59ddc82e@group-0D1055093416-FollowerState: change to CANDIDATE, lastRpcTime:13ms, electionTimeout:13ms
2019-10-17 05:57:03,117 [Thread-869] INFO  impl.RoleInfo (RoleInfo.java:shutdownFollowerState(121)) - 9f06b4c9-079f-4989-8935-c6be59ddc82e: shutdown FollowerState
2019-10-17 05:57:03,117 [Thread-869] INFO  impl.RaftServerImpl (RaftServerImpl.java:setRole(184)) - 9f06b4c9-079f-4989-8935-c6be59ddc82e@group-0D1055093416: changes role from  FOLLOWER to CANDIDATE at term 56 for changeToCandidate
2019-10-17 05:57:03,117 [Thread-869] INFO  impl.RoleInfo (RoleInfo.java:updateAndGet(143)) - 9f06b4c9-079f-4989-8935-c6be59ddc82e: start LeaderElection
2019-10-17 05:57:03,134 [9f06b4c9-079f-4989-8935-c6be59ddc82e@group-0D1055093416-LeaderElection73] INFO  impl.LeaderElection (LeaderElection.java:askForVotes(178)) - 9f06b4c9-079f-4989-8935-c6be59ddc82e@group-0D1055093416-LeaderElection73: begin an election at term 57 for -1: [9f06b4c9-079f-4989-8935-c6be59ddc82e:192.168.69.82:36391, b282f9e2-3bd4-452e-9c35-1adeacc39134:192.168.69.82:42567, 3ce2c7b7-3df7-42de-af28-9ba1d65ea84e:192.168.69.82:35388], old=null
2019-10-17 05:57:03,136 [grpc-default-executor-6] INFO  impl.RaftServerImpl (RaftServerImpl.java:setRole(184)) - b282f9e2-3bd4-452e-9c35-1adeacc39134@group-0D1055093416: changes role from  FOLLOWER to FOLLOWER at term 57 for recognizeCandidate:9f06b4c9-079f-4989-8935-c6be59ddc82e
2019-10-17 05:57:03,136 [grpc-default-executor-6] INFO  impl.RoleInfo (RoleInfo.java:shutdownFollowerState(121)) - b282f9e2-3bd4-452e-9c35-1adeacc39134: shutdown FollowerState
2019-10-17 05:57:03,137 [grpc-default-executor-5] INFO  impl.RaftServerImpl (RaftServerImpl.java:setRole(184)) - 3ce2c7b7-3df7-42de-af28-9ba1d65ea84e@group-0D1055093416: changes role from  FOLLOWER to FOLLOWER at term 57 for recognizeCandidate:9f06b4c9-079f-4989-8935-c6be59ddc82e
2019-10-17 05:57:03,137 [grpc-default-executor-6] INFO  impl.RoleInfo (RoleInfo.java:updateAndGet(143)) - b282f9e2-3bd4-452e-9c35-1adeacc39134: start FollowerState
2019-10-17 05:57:03,137 [grpc-default-executor-5] INFO  impl.RoleInfo (RoleInfo.java:shutdownFollowerState(121)) - 3ce2c7b7-3df7-42de-af28-9ba1d65ea84e: shutdown FollowerState
2019-10-17 05:57:03,137 [Thread-867] INFO  impl.FollowerState (FollowerState.java:run(117)) - b282f9e2-3bd4-452e-9c35-1adeacc39134@group-0D1055093416-FollowerState was interrupted: java.lang.InterruptedException: sleep interrupted
2019-10-17 05:57:03,137 [Thread-868] INFO  impl.FollowerState (FollowerState.java:run(117)) - 3ce2c7b7-3df7-42de-af28-9ba1d65ea84e@group-0D1055093416-FollowerState was interrupted: java.lang.InterruptedException: sleep interrupted
2019-10-17 05:57:03,137 [grpc-default-executor-5] INFO  impl.RoleInfo (RoleInfo.java:updateAndGet(143)) - 3ce2c7b7-3df7-42de-af28-9ba1d65ea84e: start FollowerState
2019-10-17 05:57:03,151 [9f06b4c9-079f-4989-8935-c6be59ddc82e@group-0D1055093416-LeaderElection73] INFO  impl.LeaderElection (LeaderElection.java:logAndReturn(56)) - 9f06b4c9-079f-4989-8935-c6be59ddc82e@group-0D1055093416-LeaderElection73: Election REJECTED; received 2 response(s) [9f06b4c9-079f-4989-8935-c6be59ddc82e<-b282f9e2-3bd4-452e-9c35-1adeacc39134#0:FAIL-t57, 9f06b4c9-079f-4989-8935-c6be59ddc82e<-3ce2c7b7-3df7-42de-af28-9ba1d65ea84e#0:FAIL-t57] and 0 exception(s); 9f06b4c9-079f-4989-8935-c6be59ddc82e@group-0D1055093416:t57, leader=null, voted=9f06b4c9-079f-4989-8935-c6be59ddc82e, raftlog=9f06b4c9-079f-4989-8935-c6be59ddc82e@group-0D1055093416-SegmentedRaftLog:OPENED:c-1,f-1,i0, conf=-1: [9f06b4c9-079f-4989-8935-c6be59ddc82e:192.168.69.82:36391, b282f9e2-3bd4-452e-9c35-1adeacc39134:192.168.69.82:42567, 3ce2c7b7-3df7-42de-af28-9ba1d65ea84e:192.168.69.82:35388], old=null
2019-10-17 05:57:03,151 [9f06b4c9-079f-4989-8935-c6be59ddc82e@group-0D1055093416-LeaderElection73] INFO  impl.RaftServerImpl (RaftServerImpl.java:setRole(184)) - 9f06b4c9-079f-4989-8935-c6be59ddc82e@group-0D1055093416: changes role from CANDIDATE to FOLLOWER at term 57 for DISCOVERED_A_NEW_TERM
2019-10-17 05:57:03,151 [9f06b4c9-079f-4989-8935-c6be59ddc82e@group-0D1055093416-LeaderElection73] INFO  impl.RoleInfo (RoleInfo.java:shutdownLeaderElection(134)) - 9f06b4c9-079f-4989-8935-c6be59ddc82e: shutdown LeaderElection
2019-10-17 05:57:03,151 [9f06b4c9-079f-4989-8935-c6be59ddc82e@group-0D1055093416-LeaderElection73] INFO  impl.RoleInfo (RoleInfo.java:updateAndGet(143)) - 9f06b4c9-079f-4989-8935-c6be59ddc82e: start FollowerState
2019-10-17 05:57:03,291 [Thread-879] INFO  impl.FollowerState (FollowerState.java:run(108)) - 9f06b4c9-079f-4989-8935-c6be59ddc82e@group-0D1055093416-FollowerState: change to CANDIDATE, lastRpcTime:139ms, electionTimeout:139ms
2019-10-17 05:57:03,291 [Thread-879] INFO  impl.RoleInfo (RoleInfo.java:shutdownFollowerState(121)) - 9f06b4c9-079f-4989-8935-c6be59ddc82e: shutdown FollowerState
2019-10-17 05:57:03,291 [Thread-879] INFO  impl.RaftServerImpl (RaftServerImpl.java:setRole(184)) - 9f06b4c9-079f-4989-8935-c6be59ddc82e@group-0D1055093416: changes role from  FOLLOWER to CANDIDATE at term 57 for changeToCandidate
2019-10-17 05:57:03,291 [Thread-879] INFO  impl.RoleInfo (RoleInfo.java:updateAndGet(143)) - 9f06b4c9-079f-4989-8935-c6be59ddc82e: start LeaderElection
2019-10-17 05:57:03,305 [9f06b4c9-079f-4989-8935-c6be59ddc82e@group-0D1055093416-LeaderElection74] INFO  impl.LeaderElection (LeaderElection.java:askForVotes(178)) - 9f06b4c9-079f-4989-8935-c6be59ddc82e@group-0D1055093416-LeaderElection74: begin an election at term 58 for -1: [9f06b4c9-079f-4989-8935-c6be59ddc82e:192.168.69.82:36391, b282f9e2-3bd4-452e-9c35-1adeacc39134:192.168.69.82:42567, 3ce2c7b7-3df7-42de-af28-9ba1d65ea84e:192.168.69.82:35388], old=null
2019-10-17 05:57:03,308 [grpc-default-executor-5] INFO  impl.RaftServerImpl (RaftServerImpl.java:setRole(184)) - b282f9e2-3bd4-452e-9c35-1adeacc39134@group-0D1055093416: changes role from  FOLLOWER to FOLLOWER at term 58 for recognizeCandidate:9f06b4c9-079f-4989-8935-c6be59ddc82e
2019-10-17 05:57:03,309 [grpc-default-executor-5] INFO  impl.RoleInfo (RoleInfo.java:shutdownFollowerState(121)) - b282f9e2-3bd4-452e-9c35-1adeacc39134: shutdown FollowerState
2019-10-17 05:57:03,309 [grpc-default-executor-6] INFO  impl.RaftServerImpl (RaftServerImpl.java:setRole(184)) - 3ce2c7b7-3df7-42de-af28-9ba1d65ea84e@group-0D1055093416: changes role from  FOLLOWER to FOLLOWER at term 58 for recognizeCandidate:9f06b4c9-079f-4989-8935-c6be59ddc82e
2019-10-17 05:57:03,309 [grpc-default-executor-6] INFO  impl.RoleInfo (RoleInfo.java:shutdownFollowerState(121)) - 3ce2c7b7-3df7-42de-af28-9ba1d65ea84e: shutdown FollowerState
2019-10-17 05:57:03,309 [Thread-877] INFO  impl.FollowerState (FollowerState.java:run(117)) - b282f9e2-3bd4-452e-9c35-1adeacc39134@group-0D1055093416-FollowerState was interrupted: java.lang.InterruptedException: sleep interrupted
2019-10-17 05:57:03,309 [grpc-default-executor-5] INFO  impl.RoleInfo (RoleInfo.java:updateAndGet(143)) - b282f9e2-3bd4-452e-9c35-1adeacc39134: start FollowerState
2019-10-17 05:57:03,309 [Thread-878] INFO  impl.FollowerState (FollowerState.java:run(117)) - 3ce2c7b7-3df7-42de-af28-9ba1d65ea84e@group-0D1055093416-FollowerState was interrupted: java.lang.InterruptedException: sleep interrupted
2019-10-17 05:57:03,309 [grpc-default-executor-6] INFO  impl.RoleInfo (RoleInfo.java:updateAndGet(143)) - 3ce2c7b7-3df7-42de-af28-9ba1d65ea84e: start FollowerState
2019-10-17 05:57:03,325 [9f06b4c9-079f-4989-8935-c6be59ddc82e@group-0D1055093416-LeaderElection74] INFO  impl.LeaderElection (LeaderElection.java:logAndReturn(56)) - 9f06b4c9-079f-4989-8935-c6be59ddc82e@group-0D1055093416-LeaderElection74: Election REJECTED; received 2 response(s) [9f06b4c9-079f-4989-8935-c6be59ddc82e<-b282f9e2-3bd4-452e-9c35-1adeacc39134#0:FAIL-t58, 9f06b4c9-079f-4989-8935-c6be59ddc82e<-3ce2c7b7-3df7-42de-af28-9ba1d65ea84e#0:FAIL-t58] and 0 exception(s); 9f06b4c9-079f-4989-8935-c6be59ddc82e@group-0D1055093416:t58, leader=null, voted=9f06b4c9-079f-4989-8935-c6be59ddc82e, raftlog=9f06b4c9-079f-4989-8935-c6be59ddc82e@group-0D1055093416-SegmentedRaftLog:OPENED:c-1,f-1,i0, conf=-1: [9f06b4c9-079f-4989-8935-c6be59ddc82e:192.168.69.82:36391, b282f9e2-3bd4-452e-9c35-1adeacc39134:192.168.69.82:42567, 3ce2c7b7-3df7-42de-af28-9ba1d65ea84e:192.168.69.82:35388], old=null
2019-10-17 05:57:03,325 [9f06b4c9-079f-4989-8935-c6be59ddc82e@group-0D1055093416-LeaderElection74] INFO  impl.RaftServerImpl (RaftServerImpl.java:setRole(184)) - 9f06b4c9-079f-4989-8935-c6be59ddc82e@group-0D1055093416: changes role from CANDIDATE to FOLLOWER at term 58 for DISCOVERED_A_NEW_TERM
2019-10-17 05:57:03,326 [9f06b4c9-079f-4989-8935-c6be59ddc82e@group-0D1055093416-LeaderElection74] INFO  impl.RoleInfo (RoleInfo.java:shutdownLeaderElection(134)) - 9f06b4c9-079f-4989-8935-c6be59ddc82e: shutdown LeaderElection
2019-10-17 05:57:03,326 [9f06b4c9-079f-4989-8935-c6be59ddc82e@group-0D1055093416-LeaderElection74] INFO  impl.RoleInfo (RoleInfo.java:updateAndGet(143)) - 9f06b4c9-079f-4989-8935-c6be59ddc82e: start FollowerState
2019-10-17 05:57:03,458 [Thread-885] INFO  impl.FollowerState (FollowerState.java:run(108)) - 9f06b4c9-079f-4989-8935-c6be59ddc82e@group-0D1055093416-FollowerState: change to CANDIDATE, lastRpcTime:132ms, electionTimeout:132ms
2019-10-17 05:57:03,459 [Thread-885] INFO  impl.RoleInfo (RoleInfo.java:shutdownFollowerState(121)) - 9f06b4c9-079f-4989-8935-c6be59ddc82e: shutdown FollowerState
2019-10-17 05:57:03,459 [Thread-885] INFO  impl.RaftServerImpl (RaftServerImpl.java:setRole(184)) - 9f06b4c9-079f-4989-8935-c6be59ddc82e@group-0D1055093416: changes role from  FOLLOWER to CANDIDATE at term 58 for changeToCandidate
2019-10-17 05:57:03,459 [Thread-885] INFO  impl.RoleInfo (RoleInfo.java:updateAndGet(143)) - 9f06b4c9-079f-4989-8935-c6be59ddc82e: start LeaderElection
2019-10-17 05:57:03,474 [9f06b4c9-079f-4989-8935-c6be59ddc82e@group-0D1055093416-LeaderElection75] INFO  impl.LeaderElection (LeaderElection.java:askForVotes(178)) - 9f06b4c9-079f-4989-8935-c6be59ddc82e@group-0D1055093416-LeaderElection75: begin an election at term 59 for -1: [9f06b4c9-079f-4989-8935-c6be59ddc82e:192.168.69.82:36391, b282f9e2-3bd4-452e-9c35-1adeacc39134:192.168.69.82:42567, 3ce2c7b7-3df7-42de-af28-9ba1d65ea84e:192.168.69.82:35388], old=null
2019-10-17 05:57:03,477 [grpc-default-executor-5] INFO  impl.RaftServerImpl (RaftServerImpl.java:setRole(184)) - 3ce2c7b7-3df7-42de-af28-9ba1d65ea84e@group-0D1055093416: changes role from  FOLLOWER to FOLLOWER at term 59 for recognizeCandidate:9f06b4c9-079f-4989-8935-c6be59ddc82e
2019-10-17 05:57:03,478 [grpc-default-executor-6] INFO  impl.RaftServerImpl (RaftServerImpl.java:setRole(184)) - b282f9e2-3bd4-452e-9c35-1adeacc39134@group-0D1055093416: changes role from  FOLLOWER to FOLLOWER at term 59 for recognizeCandidate:9f06b4c9-079f-4989-8935-c6be59ddc82e
2019-10-17 05:57:03,478 [grpc-default-executor-5] INFO  impl.RoleInfo (RoleInfo.java:shutdownFollowerState(121)) - 3ce2c7b7-3df7-42de-af28-9ba1d65ea84e: shutdown FollowerState
2019-10-17 05:57:03,478 [grpc-default-executor-6] INFO  impl.RoleInfo (RoleInfo.java:shutdownFollowerState(121)) - b282f9e2-3bd4-452e-9c35-1adeacc39134: shutdown FollowerState
2019-10-17 05:57:03,478 [grpc-default-executor-5] INFO  impl.RoleInfo (RoleInfo.java:updateAndGet(143)) - 3ce2c7b7-3df7-42de-af28-9ba1d65ea84e: start FollowerState
2019-10-17 05:57:03,478 [Thread-884] INFO  impl.FollowerState (FollowerState.java:run(117)) - 3ce2c7b7-3df7-42de-af28-9ba1d65ea84e@group-0D1055093416-FollowerState was interrupted: java.lang.InterruptedException: sleep interrupted
2019-10-17 05:57:03,478 [Thread-883] INFO  impl.FollowerState (FollowerState.java:run(117)) - b282f9e2-3bd4-452e-9c35-1adeacc39134@group-0D1055093416-FollowerState was interrupted: java.lang.InterruptedException: sleep interrupted
2019-10-17 05:57:03,478 [grpc-default-executor-6] INFO  impl.RoleInfo (RoleInfo.java:updateAndGet(143)) - b282f9e2-3bd4-452e-9c35-1adeacc39134: start FollowerState
2019-10-17 05:57:03,494 [9f06b4c9-079f-4989-8935-c6be59ddc82e@group-0D1055093416-LeaderElection75] INFO  impl.LeaderElection (LeaderElection.java:logAndReturn(56)) - 9f06b4c9-079f-4989-8935-c6be59ddc82e@group-0D1055093416-LeaderElection75: Election REJECTED; received 2 response(s) [9f06b4c9-079f-4989-8935-c6be59ddc82e<-b282f9e2-3bd4-452e-9c35-1adeacc39134#0:FAIL-t59, 9f06b4c9-079f-4989-8935-c6be59ddc82e<-3ce2c7b7-3df7-42de-af28-9ba1d65ea84e#0:FAIL-t59] and 0 exception(s); 9f06b4c9-079f-4989-8935-c6be59ddc82e@group-0D1055093416:t59, leader=null, voted=9f06b4c9-079f-4989-8935-c6be59ddc82e, raftlog=9f06b4c9-079f-4989-8935-c6be59ddc82e@group-0D1055093416-SegmentedRaftLog:OPENED:c-1,f-1,i0, conf=-1: [9f06b4c9-079f-4989-8935-c6be59ddc82e:192.168.69.82:36391, b282f9e2-3bd4-452e-9c35-1adeacc39134:192.168.69.82:42567, 3ce2c7b7-3df7-42de-af28-9ba1d65ea84e:192.168.69.82:35388], old=null
2019-10-17 05:57:03,494 [9f06b4c9-079f-4989-8935-c6be59ddc82e@group-0D1055093416-LeaderElection75] INFO  impl.RaftServerImpl (RaftServerImpl.java:setRole(184)) - 9f06b4c9-079f-4989-8935-c6be59ddc82e@group-0D1055093416: changes role from CANDIDATE to FOLLOWER at term 59 for DISCOVERED_A_NEW_TERM
2019-10-17 05:57:03,494 [9f06b4c9-079f-4989-8935-c6be59ddc82e@group-0D1055093416-LeaderElection75] INFO  impl.RoleInfo (RoleInfo.java:shutdownLeaderElection(134)) - 9f06b4c9-079f-4989-8935-c6be59ddc82e: shutdown LeaderElection
2019-10-17 05:57:03,494 [9f06b4c9-079f-4989-8935-c6be59ddc82e@group-0D1055093416-LeaderElection75] INFO  impl.RoleInfo (RoleInfo.java:updateAndGet(143)) - 9f06b4c9-079f-4989-8935-c6be59ddc82e: start FollowerState
2019-10-17 05:57:03,511 [Thread-891] INFO  impl.FollowerState (FollowerState.java:run(108)) - 9f06b4c9-079f-4989-8935-c6be59ddc82e@group-0D1055093416-FollowerState: change to CANDIDATE, lastRpcTime:16ms, electionTimeout:16ms
2019-10-17 05:57:03,511 [Thread-891] INFO  impl.RoleInfo (RoleInfo.java:shutdownFollowerState(121)) - 9f06b4c9-079f-4989-8935-c6be59ddc82e: shutdown FollowerState
2019-10-17 05:57:03,511 [Thread-891] INFO  impl.RaftServerImpl (RaftServerImpl.java:setRole(184)) - 9f06b4c9-079f-4989-8935-c6be59ddc82e@group-0D1055093416: changes role from  FOLLOWER to CANDIDATE at term 59 for changeToCandidate
2019-10-17 05:57:03,511 [Thread-891] INFO  impl.RoleInfo (RoleInfo.java:updateAndGet(143)) - 9f06b4c9-079f-4989-8935-c6be59ddc82e: start LeaderElection
2019-10-17 05:57:03,525 [9f06b4c9-079f-4989-8935-c6be59ddc82e@group-0D1055093416-LeaderElection76] INFO  impl.LeaderElection (LeaderElection.java:askForVotes(178)) - 9f06b4c9-079f-4989-8935-c6be59ddc82e@group-0D1055093416-LeaderElection76: begin an election at term 60 for -1: [9f06b4c9-079f-4989-8935-c6be59ddc82e:192.168.69.82:36391, b282f9e2-3bd4-452e-9c35-1adeacc39134:192.168.69.82:42567, 3ce2c7b7-3df7-42de-af28-9ba1d65ea84e:192.168.69.82:35388], old=null
2019-10-17 05:57:03,527 [grpc-default-executor-5] INFO  impl.RaftServerImpl (RaftServerImpl.java:setRole(184)) - b282f9e2-3bd4-452e-9c35-1adeacc39134@group-0D1055093416: changes role from  FOLLOWER to FOLLOWER at term 60 for recognizeCandidate:9f06b4c9-079f-4989-8935-c6be59ddc82e
2019-10-17 05:57:03,527 [grpc-default-executor-5] INFO  impl.RoleInfo (RoleInfo.java:shutdownFollowerState(121)) - b282f9e2-3bd4-452e-9c35-1adeacc39134: shutdown FollowerState
2019-10-17 05:57:03,528 [grpc-default-executor-5] INFO  impl.RoleInfo (RoleInfo.java:updateAndGet(143)) - b282f9e2-3bd4-452e-9c35-1adeacc39134: start FollowerState
2019-10-17 05:57:03,528 [Thread-890] INFO  impl.FollowerState (FollowerState.java:run(117)) - b282f9e2-3bd4-452e-9c35-1adeacc39134@group-0D1055093416-FollowerState was interrupted: java.lang.InterruptedException: sleep interrupted
2019-10-17 05:57:03,528 [grpc-default-executor-6] INFO  impl.RaftServerImpl (RaftServerImpl.java:setRole(184)) - 3ce2c7b7-3df7-42de-af28-9ba1d65ea84e@group-0D1055093416: changes role from  FOLLOWER to FOLLOWER at term 60 for recognizeCandidate:9f06b4c9-079f-4989-8935-c6be59ddc82e
2019-10-17 05:57:03,528 [grpc-default-executor-6] INFO  impl.RoleInfo (RoleInfo.java:shutdownFollowerState(121)) - 3ce2c7b7-3df7-42de-af28-9ba1d65ea84e: shutdown FollowerState
2019-10-17 05:57:03,528 [grpc-default-executor-6] INFO  impl.RoleInfo (RoleInfo.java:updateAndGet(143)) - 3ce2c7b7-3df7-42de-af28-9ba1d65ea84e: start FollowerState
2019-10-17 05:57:03,528 [Thread-889] INFO  impl.FollowerState (FollowerState.java:run(117)) - 3ce2c7b7-3df7-42de-af28-9ba1d65ea84e@group-0D1055093416-FollowerState was interrupted: java.lang.InterruptedException: sleep interrupted
2019-10-17 05:57:03,542 [9f06b4c9-079f-4989-8935-c6be59ddc82e@group-0D1055093416-LeaderElection76] INFO  impl.LeaderElection (LeaderElection.java:logAndReturn(56)) - 9f06b4c9-079f-4989-8935-c6be59ddc82e@group-0D1055093416-LeaderElection76: Election REJECTED; received 2 response(s) [9f06b4c9-079f-4989-8935-c6be59ddc82e<-b282f9e2-3bd4-452e-9c35-1adeacc39134#0:FAIL-t60, 9f06b4c9-079f-4989-8935-c6be59ddc82e<-3ce2c7b7-3df7-42de-af28-9ba1d65ea84e#0:FAIL-t60] and 0 exception(s); 9f06b4c9-079f-4989-8935-c6be59ddc82e@group-0D1055093416:t60, leader=null, voted=9f06b4c9-079f-4989-8935-c6be59ddc82e, raftlog=9f06b4c9-079f-4989-8935-c6be59ddc82e@group-0D1055093416-SegmentedRaftLog:OPENED:c-1,f-1,i0, conf=-1: [9f06b4c9-079f-4989-8935-c6be59ddc82e:192.168.69.82:36391, b282f9e2-3bd4-452e-9c35-1adeacc39134:192.168.69.82:42567, 3ce2c7b7-3df7-42de-af28-9ba1d65ea84e:192.168.69.82:35388], old=null
2019-10-17 05:57:03,543 [9f06b4c9-079f-4989-8935-c6be59ddc82e@group-0D1055093416-LeaderElection76] INFO  impl.RaftServerImpl (RaftServerImpl.java:setRole(184)) - 9f06b4c9-079f-4989-8935-c6be59ddc82e@group-0D1055093416: changes role from CANDIDATE to FOLLOWER at term 60 for DISCOVERED_A_NEW_TERM
2019-10-17 05:57:03,543 [9f06b4c9-079f-4989-8935-c6be59ddc82e@group-0D1055093416-LeaderElection76] INFO  impl.RoleInfo (RoleInfo.java:shutdownLeaderElection(134)) - 9f06b4c9-079f-4989-8935-c6be59ddc82e: shutdown LeaderElection
2019-10-17 05:57:03,543 [9f06b4c9-079f-4989-8935-c6be59ddc82e@group-0D1055093416-LeaderElection76] INFO  impl.RoleInfo (RoleInfo.java:updateAndGet(143)) - 9f06b4c9-079f-4989-8935-c6be59ddc82e: start FollowerState
2019-10-17 05:57:03,547 [Thread-897] INFO  impl.FollowerState (FollowerState.java:run(108)) - 9f06b4c9-079f-4989-8935-c6be59ddc82e@group-0D1055093416-FollowerState: change to CANDIDATE, lastRpcTime:4ms, electionTimeout:4ms
2019-10-17 05:57:03,547 [Thread-897] INFO  impl.RoleInfo (RoleInfo.java:shutdownFollowerState(121)) - 9f06b4c9-079f-4989-8935-c6be59ddc82e: shutdown FollowerState
2019-10-17 05:57:03,547 [Thread-897] INFO  impl.RaftServerImpl (RaftServerImpl.java:setRole(184)) - 9f06b4c9-079f-4989-8935-c6be59ddc82e@group-0D1055093416: changes role from  FOLLOWER to CANDIDATE at term 60 for changeToCandidate
2019-10-17 05:57:03,547 [Thread-897] INFO  impl.RoleInfo (RoleInfo.java:updateAndGet(143)) - 9f06b4c9-079f-4989-8935-c6be59ddc82e: start LeaderElection
2019-10-17 05:57:03,560 [9f06b4c9-079f-4989-8935-c6be59ddc82e@group-0D1055093416-LeaderElection77] INFO  impl.LeaderElection (LeaderElection.java:askForVotes(178)) - 9f06b4c9-079f-4989-8935-c6be59ddc82e@group-0D1055093416-LeaderElection77: begin an election at term 61 for -1: [9f06b4c9-079f-4989-8935-c6be59ddc82e:192.168.69.82:36391, b282f9e2-3bd4-452e-9c35-1adeacc39134:192.168.69.82:42567, 3ce2c7b7-3df7-42de-af28-9ba1d65ea84e:192.168.69.82:35388], old=null
2019-10-17 05:57:03,563 [grpc-default-executor-6] INFO  impl.RaftServerImpl (RaftServerImpl.java:setRole(184)) - b282f9e2-3bd4-452e-9c35-1adeacc39134@group-0D1055093416: changes role from  FOLLOWER to FOLLOWER at term 61 for recognizeCandidate:9f06b4c9-079f-4989-8935-c6be59ddc82e
2019-10-17 05:57:03,563 [grpc-default-executor-6] INFO  impl.RoleInfo (RoleInfo.java:shutdownFollowerState(121)) - b282f9e2-3bd4-452e-9c35-1adeacc39134: shutdown FollowerState
2019-10-17 05:57:03,563 [grpc-default-executor-6] INFO  impl.RoleInfo (RoleInfo.java:updateAndGet(143)) - b282f9e2-3bd4-452e-9c35-1adeacc39134: start FollowerState
2019-10-17 05:57:03,563 [Thread-895] INFO  impl.FollowerState (FollowerState.java:run(117)) - b282f9e2-3bd4-452e-9c35-1adeacc39134@group-0D1055093416-FollowerState was interrupted: java.lang.InterruptedException: sleep interrupted
2019-10-17 05:57:03,563 [grpc-default-executor-5] INFO  impl.RaftServerImpl (RaftServerImpl.java:setRole(184)) - 3ce2c7b7-3df7-42de-af28-9ba1d65ea84e@group-0D1055093416: changes role from  FOLLOWER to FOLLOWER at term 61 for recognizeCandidate:9f06b4c9-079f-4989-8935-c6be59ddc82e
2019-10-17 05:57:03,564 [grpc-default-executor-5] INFO  impl.RoleInfo (RoleInfo.java:shutdownFollowerState(121)) - 3ce2c7b7-3df7-42de-af28-9ba1d65ea84e: shutdown FollowerState
2019-10-17 05:57:03,564 [Thread-896] INFO  impl.FollowerState (FollowerState.java:run(117)) - 3ce2c7b7-3df7-42de-af28-9ba1d65ea84e@group-0D1055093416-FollowerState was interrupted: java.lang.InterruptedException: sleep interrupted
2019-10-17 05:57:03,564 [grpc-default-executor-5] INFO  impl.RoleInfo (RoleInfo.java:updateAndGet(143)) - 3ce2c7b7-3df7-42de-af28-9ba1d65ea84e: start FollowerState
2019-10-17 05:57:03,570 [9f06b4c9-079f-4989-8935-c6be59ddc82e@group-0D1055093416-LeaderElection77] INFO  impl.LeaderElection (LeaderElection.java:logAndReturn(56)) - 9f06b4c9-079f-4989-8935-c6be59ddc82e@group-0D1055093416-LeaderElection77: Election REJECTED; received 2 response(s) [9f06b4c9-079f-4989-8935-c6be59ddc82e<-b282f9e2-3bd4-452e-9c35-1adeacc39134#0:FAIL-t61, 9f06b4c9-079f-4989-8935-c6be59ddc82e<-3ce2c7b7-3df7-42de-af28-9ba1d65ea84e#0:FAIL-t61] and 0 exception(s); 9f06b4c9-079f-4989-8935-c6be59ddc82e@group-0D1055093416:t61, leader=null, voted=9f06b4c9-079f-4989-8935-c6be59ddc82e, raftlog=9f06b4c9-079f-4989-8935-c6be59ddc82e@group-0D1055093416-SegmentedRaftLog:OPENED:c-1,f-1,i0, conf=-1: [9f06b4c9-079f-4989-8935-c6be59ddc82e:192.168.69.82:36391, b282f9e2-3bd4-452e-9c35-1adeacc39134:192.168.69.82:42567, 3ce2c7b7-3df7-42de-af28-9ba1d65ea84e:192.168.69.82:35388], old=null
2019-10-17 05:57:03,570 [9f06b4c9-079f-4989-8935-c6be59ddc82e@group-0D1055093416-LeaderElection77] INFO  impl.RaftServerImpl (RaftServerImpl.java:setRole(184)) - 9f06b4c9-079f-4989-8935-c6be59ddc82e@group-0D1055093416: changes role from CANDIDATE to FOLLOWER at term 61 for DISCOVERED_A_NEW_TERM
2019-10-17 05:57:03,570 [9f06b4c9-079f-4989-8935-c6be59ddc82e@group-0D1055093416-LeaderElection77] INFO  impl.RoleInfo (RoleInfo.java:shutdownLeaderElection(134)) - 9f06b4c9-079f-4989-8935-c6be59ddc82e: shutdown LeaderElection
2019-10-17 05:57:03,570 [9f06b4c9-079f-4989-8935-c6be59ddc82e@group-0D1055093416-LeaderElection77] INFO  impl.RoleInfo (RoleInfo.java:updateAndGet(143)) - 9f06b4c9-079f-4989-8935-c6be59ddc82e: start FollowerState
2019-10-17 05:57:03,763 [Thread-905] INFO  impl.FollowerState (FollowerState.java:run(108)) - 9f06b4c9-079f-4989-8935-c6be59ddc82e@group-0D1055093416-FollowerState: change to CANDIDATE, lastRpcTime:192ms, electionTimeout:192ms
2019-10-17 05:57:03,763 [Thread-905] INFO  impl.RoleInfo (RoleInfo.java:shutdownFollowerState(121)) - 9f06b4c9-079f-4989-8935-c6be59ddc82e: shutdown FollowerState
2019-10-17 05:57:03,763 [Thread-905] INFO  impl.RaftServerImpl (RaftServerImpl.java:setRole(184)) - 9f06b4c9-079f-4989-8935-c6be59ddc82e@group-0D1055093416: changes role from  FOLLOWER to CANDIDATE at term 61 for changeToCandidate
2019-10-17 05:57:03,763 [Thread-905] INFO  impl.RoleInfo (RoleInfo.java:updateAndGet(143)) - 9f06b4c9-079f-4989-8935-c6be59ddc82e: start LeaderElection
2019-10-17 05:57:03,777 [9f06b4c9-079f-4989-8935-c6be59ddc82e@group-0D1055093416-LeaderElection78] INFO  impl.LeaderElection (LeaderElection.java:askForVotes(178)) - 9f06b4c9-079f-4989-8935-c6be59ddc82e@group-0D1055093416-LeaderElection78: begin an election at term 62 for -1: [9f06b4c9-079f-4989-8935-c6be59ddc82e:192.168.69.82:36391, b282f9e2-3bd4-452e-9c35-1adeacc39134:192.168.69.82:42567, 3ce2c7b7-3df7-42de-af28-9ba1d65ea84e:192.168.69.82:35388], old=null
2019-10-17 05:57:03,780 [grpc-default-executor-5] INFO  impl.RaftServerImpl (RaftServerImpl.java:setRole(184)) - b282f9e2-3bd4-452e-9c35-1adeacc39134@group-0D1055093416: changes role from  FOLLOWER to FOLLOWER at term 62 for recognizeCandidate:9f06b4c9-079f-4989-8935-c6be59ddc82e
2019-10-17 05:57:03,780 [grpc-default-executor-5] INFO  impl.RoleInfo (RoleInfo.java:shutdownFollowerState(121)) - b282f9e2-3bd4-452e-9c35-1adeacc39134: shutdown FollowerState
2019-10-17 05:57:03,780 [grpc-default-executor-6] INFO  impl.RaftServerImpl (RaftServerImpl.java:setRole(184)) - 3ce2c7b7-3df7-42de-af28-9ba1d65ea84e@group-0D1055093416: changes role from  FOLLOWER to FOLLOWER at term 62 for recognizeCandidate:9f06b4c9-079f-4989-8935-c6be59ddc82e
2019-10-17 05:57:03,780 [grpc-default-executor-6] INFO  impl.RoleInfo (RoleInfo.java:shutdownFollowerState(121)) - 3ce2c7b7-3df7-42de-af28-9ba1d65ea84e: shutdown FollowerState
2019-10-17 05:57:03,780 [Thread-903] INFO  impl.FollowerState (FollowerState.java:run(117)) - b282f9e2-3bd4-452e-9c35-1adeacc39134@group-0D1055093416-FollowerState was interrupted: java.lang.InterruptedException: sleep interrupted
2019-10-17 05:57:03,780 [grpc-default-executor-5] INFO  impl.RoleInfo (RoleInfo.java:updateAndGet(143)) - b282f9e2-3bd4-452e-9c35-1adeacc39134: start FollowerState
2019-10-17 05:57:03,780 [Thread-904] INFO  impl.FollowerState (FollowerState.java:run(117)) - 3ce2c7b7-3df7-42de-af28-9ba1d65ea84e@group-0D1055093416-FollowerState was interrupted: java.lang.InterruptedException: sleep interrupted
2019-10-17 05:57:03,780 [grpc-default-executor-6] INFO  impl.RoleInfo (RoleInfo.java:updateAndGet(143)) - 3ce2c7b7-3df7-42de-af28-9ba1d65ea84e: start FollowerState
2019-10-17 05:57:03,796 [9f06b4c9-079f-4989-8935-c6be59ddc82e@group-0D1055093416-LeaderElection78] INFO  impl.LeaderElection (LeaderElection.java:logAndReturn(56)) - 9f06b4c9-079f-4989-8935-c6be59ddc82e@group-0D1055093416-LeaderElection78: Election REJECTED; received 2 response(s) [9f06b4c9-079f-4989-8935-c6be59ddc82e<-b282f9e2-3bd4-452e-9c35-1adeacc39134#0:FAIL-t62, 9f06b4c9-079f-4989-8935-c6be59ddc82e<-3ce2c7b7-3df7-42de-af28-9ba1d65ea84e#0:FAIL-t62] and 0 exception(s); 9f06b4c9-079f-4989-8935-c6be59ddc82e@group-0D1055093416:t62, leader=null, voted=9f06b4c9-079f-4989-8935-c6be59ddc82e, raftlog=9f06b4c9-079f-4989-8935-c6be59ddc82e@group-0D1055093416-SegmentedRaftLog:OPENED:c-1,f-1,i0, conf=-1: [9f06b4c9-079f-4989-8935-c6be59ddc82e:192.168.69.82:36391, b282f9e2-3bd4-452e-9c35-1adeacc39134:192.168.69.82:42567, 3ce2c7b7-3df7-42de-af28-9ba1d65ea84e:192.168.69.82:35388], old=null
2019-10-17 05:57:03,796 [9f06b4c9-079f-4989-8935-c6be59ddc82e@group-0D1055093416-LeaderElection78] INFO  impl.RaftServerImpl (RaftServerImpl.java:setRole(184)) - 9f06b4c9-079f-4989-8935-c6be59ddc82e@group-0D1055093416: changes role from CANDIDATE to FOLLOWER at term 62 for DISCOVERED_A_NEW_TERM
2019-10-17 05:57:03,796 [9f06b4c9-079f-4989-8935-c6be59ddc82e@group-0D1055093416-LeaderElection78] INFO  impl.RoleInfo (RoleInfo.java:shutdownLeaderElection(134)) - 9f06b4c9-079f-4989-8935-c6be59ddc82e: shutdown LeaderElection
2019-10-17 05:57:03,796 [9f06b4c9-079f-4989-8935-c6be59ddc82e@group-0D1055093416-LeaderElection78] INFO  impl.RoleInfo (RoleInfo.java:updateAndGet(143)) - 9f06b4c9-079f-4989-8935-c6be59ddc82e: start FollowerState
2019-10-17 05:57:03,841 [Thread-913] INFO  impl.FollowerState (FollowerState.java:run(108)) - 9f06b4c9-079f-4989-8935-c6be59ddc82e@group-0D1055093416-FollowerState: change to CANDIDATE, lastRpcTime:44ms, electionTimeout:44ms
2019-10-17 05:57:03,841 [Thread-913] INFO  impl.RoleInfo (RoleInfo.java:shutdownFollowerState(121)) - 9f06b4c9-079f-4989-8935-c6be59ddc82e: shutdown FollowerState
2019-10-17 05:57:03,841 [Thread-913] INFO  impl.RaftServerImpl (RaftServerImpl.java:setRole(184)) - 9f06b4c9-079f-4989-8935-c6be59ddc82e@group-0D1055093416: changes role from  FOLLOWER to CANDIDATE at term 62 for changeToCandidate
2019-10-17 05:57:03,841 [Thread-913] INFO  impl.RoleInfo (RoleInfo.java:updateAndGet(143)) - 9f06b4c9-079f-4989-8935-c6be59ddc82e: start LeaderElection
2019-10-17 05:57:03,855 [9f06b4c9-079f-4989-8935-c6be59ddc82e@group-0D1055093416-LeaderElection79] INFO  impl.LeaderElection (LeaderElection.java:askForVotes(178)) - 9f06b4c9-079f-4989-8935-c6be59ddc82e@group-0D1055093416-LeaderElection79: begin an election at term 63 for -1: [9f06b4c9-079f-4989-8935-c6be59ddc82e:192.168.69.82:36391, b282f9e2-3bd4-452e-9c35-1adeacc39134:192.168.69.82:42567, 3ce2c7b7-3df7-42de-af28-9ba1d65ea84e:192.168.69.82:35388], old=null
2019-10-17 05:57:03,857 [grpc-default-executor-5] INFO  impl.RaftServerImpl (RaftServerImpl.java:setRole(184)) - b282f9e2-3bd4-452e-9c35-1adeacc39134@group-0D1055093416: changes role from  FOLLOWER to FOLLOWER at term 63 for recognizeCandidate:9f06b4c9-079f-4989-8935-c6be59ddc82e
2019-10-17 05:57:03,857 [grpc-default-executor-5] INFO  impl.RoleInfo (RoleInfo.java:shutdownFollowerState(121)) - b282f9e2-3bd4-452e-9c35-1adeacc39134: shutdown FollowerState
2019-10-17 05:57:03,858 [grpc-default-executor-5] INFO  impl.RoleInfo (RoleInfo.java:updateAndGet(143)) - b282f9e2-3bd4-452e-9c35-1adeacc39134: start FollowerState
2019-10-17 05:57:03,858 [Thread-911] INFO  impl.FollowerState (FollowerState.java:run(117)) - b282f9e2-3bd4-452e-9c35-1adeacc39134@group-0D1055093416-FollowerState was interrupted: java.lang.InterruptedException: sleep interrupted
2019-10-17 05:57:03,858 [grpc-default-executor-6] INFO  impl.RaftServerImpl (RaftServerImpl.java:setRole(184)) - 3ce2c7b7-3df7-42de-af28-9ba1d65ea84e@group-0D1055093416: changes role from  FOLLOWER to FOLLOWER at term 63 for recognizeCandidate:9f06b4c9-079f-4989-8935-c6be59ddc82e
2019-10-17 05:57:03,858 [grpc-default-executor-6] INFO  impl.RoleInfo (RoleInfo.java:shutdownFollowerState(121)) - 3ce2c7b7-3df7-42de-af28-9ba1d65ea84e: shutdown FollowerState
2019-10-17 05:57:03,858 [grpc-default-executor-6] INFO  impl.RoleInfo (RoleInfo.java:updateAndGet(143)) - 3ce2c7b7-3df7-42de-af28-9ba1d65ea84e: start FollowerState
2019-10-17 05:57:03,858 [Thread-912] INFO  impl.FollowerState (FollowerState.java:run(117)) - 3ce2c7b7-3df7-42de-af28-9ba1d65ea84e@group-0D1055093416-FollowerState was interrupted: java.lang.InterruptedException: sleep interrupted
2019-10-17 05:57:03,873 [9f06b4c9-079f-4989-8935-c6be59ddc82e@group-0D1055093416-LeaderElection79] INFO  impl.LeaderElection (LeaderElection.java:logAndReturn(56)) - 9f06b4c9-079f-4989-8935-c6be59ddc82e@group-0D1055093416-LeaderElection79: Election REJECTED; received 2 response(s) [9f06b4c9-079f-4989-8935-c6be59ddc82e<-b282f9e2-3bd4-452e-9c35-1adeacc39134#0:FAIL-t63, 9f06b4c9-079f-4989-8935-c6be59ddc82e<-3ce2c7b7-3df7-42de-af28-9ba1d65ea84e#0:FAIL-t63] and 0 exception(s); 9f06b4c9-079f-4989-8935-c6be59ddc82e@group-0D1055093416:t63, leader=null, voted=9f06b4c9-079f-4989-8935-c6be59ddc82e, raftlog=9f06b4c9-079f-4989-8935-c6be59ddc82e@group-0D1055093416-SegmentedRaftLog:OPENED:c-1,f-1,i0, conf=-1: [9f06b4c9-079f-4989-8935-c6be59ddc82e:192.168.69.82:36391, b282f9e2-3bd4-452e-9c35-1adeacc39134:192.168.69.82:42567, 3ce2c7b7-3df7-42de-af28-9ba1d65ea84e:192.168.69.82:35388], old=null
2019-10-17 05:57:03,873 [9f06b4c9-079f-4989-8935-c6be59ddc82e@group-0D1055093416-LeaderElection79] INFO  impl.RaftServerImpl (RaftServerImpl.java:setRole(184)) - 9f06b4c9-079f-4989-8935-c6be59ddc82e@group-0D1055093416: changes role from CANDIDATE to FOLLOWER at term 63 for DISCOVERED_A_NEW_TERM
2019-10-17 05:57:03,873 [9f06b4c9-079f-4989-8935-c6be59ddc82e@group-0D1055093416-LeaderElection79] INFO  impl.RoleInfo (RoleInfo.java:shutdownLeaderElection(134)) - 9f06b4c9-079f-4989-8935-c6be59ddc82e: shutdown LeaderElection
2019-10-17 05:57:03,873 [9f06b4c9-079f-4989-8935-c6be59ddc82e@group-0D1055093416-LeaderElection79] INFO  impl.RoleInfo (RoleInfo.java:updateAndGet(143)) - 9f06b4c9-079f-4989-8935-c6be59ddc82e: start FollowerState
2019-10-17 05:57:04,047 [Thread-919] INFO  impl.FollowerState (FollowerState.java:run(108)) - 9f06b4c9-079f-4989-8935-c6be59ddc82e@group-0D1055093416-FollowerState: change to CANDIDATE, lastRpcTime:173ms, electionTimeout:173ms
2019-10-17 05:57:04,047 [Thread-919] INFO  impl.RoleInfo (RoleInfo.java:shutdownFollowerState(121)) - 9f06b4c9-079f-4989-8935-c6be59ddc82e: shutdown FollowerState
2019-10-17 05:57:04,047 [Thread-919] INFO  impl.RaftServerImpl (RaftServerImpl.java:setRole(184)) - 9f06b4c9-079f-4989-8935-c6be59ddc82e@group-0D1055093416: changes role from  FOLLOWER to CANDIDATE at term 63 for changeToCandidate
2019-10-17 05:57:04,047 [Thread-919] INFO  impl.RoleInfo (RoleInfo.java:updateAndGet(143)) - 9f06b4c9-079f-4989-8935-c6be59ddc82e: start LeaderElection
2019-10-17 05:57:04,061 [9f06b4c9-079f-4989-8935-c6be59ddc82e@group-0D1055093416-LeaderElection80] INFO  impl.LeaderElection (LeaderElection.java:askForVotes(178)) - 9f06b4c9-079f-4989-8935-c6be59ddc82e@group-0D1055093416-LeaderElection80: begin an election at term 64 for -1: [9f06b4c9-079f-4989-8935-c6be59ddc82e:192.168.69.82:36391, b282f9e2-3bd4-452e-9c35-1adeacc39134:192.168.69.82:42567, 3ce2c7b7-3df7-42de-af28-9ba1d65ea84e:192.168.69.82:35388], old=null
2019-10-17 05:57:04,064 [grpc-default-executor-6] INFO  impl.RaftServerImpl (RaftServerImpl.java:setRole(184)) - b282f9e2-3bd4-452e-9c35-1adeacc39134@group-0D1055093416: changes role from  FOLLOWER to FOLLOWER at term 64 for recognizeCandidate:9f06b4c9-079f-4989-8935-c6be59ddc82e
2019-10-17 05:57:04,065 [grpc-default-executor-6] INFO  impl.RoleInfo (RoleInfo.java:shutdownFollowerState(121)) - b282f9e2-3bd4-452e-9c35-1adeacc39134: shutdown FollowerState
2019-10-17 05:57:04,065 [grpc-default-executor-6] INFO  impl.RoleInfo (RoleInfo.java:updateAndGet(143)) - b282f9e2-3bd4-452e-9c35-1adeacc39134: start FollowerState
2019-10-17 05:57:04,065 [Thread-917] INFO  impl.FollowerState (FollowerState.java:run(117)) - b282f9e2-3bd4-452e-9c35-1adeacc39134@group-0D1055093416-FollowerState was interrupted: java.lang.InterruptedException: sleep interrupted
2019-10-17 05:57:04,065 [grpc-default-executor-5] INFO  impl.RaftServerImpl (RaftServerImpl.java:setRole(184)) - 3ce2c7b7-3df7-42de-af28-9ba1d65ea84e@group-0D1055093416: changes role from  FOLLOWER to FOLLOWER at term 64 for recognizeCandidate:9f06b4c9-079f-4989-8935-c6be59ddc82e
2019-10-17 05:57:04,065 [grpc-default-executor-5] INFO  impl.RoleInfo (RoleInfo.java:shutdownFollowerState(121)) - 3ce2c7b7-3df7-42de-af28-9ba1d65ea84e: shutdown FollowerState
2019-10-17 05:57:04,066 [grpc-default-executor-5] INFO  impl.RoleInfo (RoleInfo.java:updateAndGet(143)) - 3ce2c7b7-3df7-42de-af28-9ba1d65ea84e: start FollowerState
2019-10-17 05:57:04,066 [Thread-918] INFO  impl.FollowerState (FollowerState.java:run(117)) - 3ce2c7b7-3df7-42de-af28-9ba1d65ea84e@group-0D1055093416-FollowerState was interrupted: java.lang.InterruptedException: sleep interrupted
2019-10-17 05:57:04,080 [9f06b4c9-079f-4989-8935-c6be59ddc82e@group-0D1055093416-LeaderElection80] INFO  impl.LeaderElection (LeaderElection.java:logAndReturn(56)) - 9f06b4c9-079f-4989-8935-c6be59ddc82e@group-0D1055093416-LeaderElection80: Election REJECTED; received 2 response(s) [9f06b4c9-079f-4989-8935-c6be59ddc82e<-b282f9e2-3bd4-452e-9c35-1adeacc39134#0:FAIL-t64, 9f06b4c9-079f-4989-8935-c6be59ddc82e<-3ce2c7b7-3df7-42de-af28-9ba1d65ea84e#0:FAIL-t64] and 0 exception(s); 9f06b4c9-079f-4989-8935-c6be59ddc82e@group-0D1055093416:t64, leader=null, voted=9f06b4c9-079f-4989-8935-c6be59ddc82e, raftlog=9f06b4c9-079f-4989-8935-c6be59ddc82e@group-0D1055093416-SegmentedRaftLog:OPENED:c-1,f-1,i0, conf=-1: [9f06b4c9-079f-4989-8935-c6be59ddc82e:192.168.69.82:36391, b282f9e2-3bd4-452e-9c35-1adeacc39134:192.168.69.82:42567, 3ce2c7b7-3df7-42de-af28-9ba1d65ea84e:192.168.69.82:35388], old=null
2019-10-17 05:57:04,081 [9f06b4c9-079f-4989-8935-c6be59ddc82e@group-0D1055093416-LeaderElection80] INFO  impl.RaftServerImpl (RaftServerImpl.java:setRole(184)) - 9f06b4c9-079f-4989-8935-c6be59ddc82e@group-0D1055093416: changes role from CANDIDATE to FOLLOWER at term 64 for DISCOVERED_A_NEW_TERM
2019-10-17 05:57:04,081 [9f06b4c9-079f-4989-8935-c6be59ddc82e@group-0D1055093416-LeaderElection80] INFO  impl.RoleInfo (RoleInfo.java:shutdownLeaderElection(134)) - 9f06b4c9-079f-4989-8935-c6be59ddc82e: shutdown LeaderElection
2019-10-17 05:57:04,081 [9f06b4c9-079f-4989-8935-c6be59ddc82e@group-0D1055093416-LeaderElection80] INFO  impl.RoleInfo (RoleInfo.java:updateAndGet(143)) - 9f06b4c9-079f-4989-8935-c6be59ddc82e: start FollowerState
2019-10-17 05:57:04,121 [Thread-927] INFO  impl.FollowerState (FollowerState.java:run(108)) - 9f06b4c9-079f-4989-8935-c6be59ddc82e@group-0D1055093416-FollowerState: change to CANDIDATE, lastRpcTime:39ms, electionTimeout:39ms
2019-10-17 05:57:04,121 [Thread-927] INFO  impl.RoleInfo (RoleInfo.java:shutdownFollowerState(121)) - 9f06b4c9-079f-4989-8935-c6be59ddc82e: shutdown FollowerState
2019-10-17 05:57:04,121 [Thread-927] INFO  impl.RaftServerImpl (RaftServerImpl.java:setRole(184)) - 9f06b4c9-079f-4989-8935-c6be59ddc82e@group-0D1055093416: changes role from  FOLLOWER to CANDIDATE at term 64 for changeToCandidate
2019-10-17 05:57:04,121 [Thread-927] INFO  impl.RoleInfo (RoleInfo.java:updateAndGet(143)) - 9f06b4c9-079f-4989-8935-c6be59ddc82e: start LeaderElection
2019-10-17 05:57:04,135 [9f06b4c9-079f-4989-8935-c6be59ddc82e@group-0D1055093416-LeaderElection81] INFO  impl.LeaderElection (LeaderElection.java:askForVotes(178)) - 9f06b4c9-079f-4989-8935-c6be59ddc82e@group-0D1055093416-LeaderElection81: begin an election at term 65 for -1: [9f06b4c9-079f-4989-8935-c6be59ddc82e:192.168.69.82:36391, b282f9e2-3bd4-452e-9c35-1adeacc39134:192.168.69.82:42567, 3ce2c7b7-3df7-42de-af28-9ba1d65ea84e:192.168.69.82:35388], old=null
2019-10-17 05:57:04,141 [grpc-default-executor-5] INFO  impl.RaftServerImpl (RaftServerImpl.java:setRole(184)) - b282f9e2-3bd4-452e-9c35-1adeacc39134@group-0D1055093416: changes role from  FOLLOWER to FOLLOWER at term 65 for recognizeCandidate:9f06b4c9-079f-4989-8935-c6be59ddc82e
2019-10-17 05:57:04,141 [grpc-default-executor-5] INFO  impl.RoleInfo (RoleInfo.java:shutdownFollowerState(121)) - b282f9e2-3bd4-452e-9c35-1adeacc39134: shutdown FollowerState
2019-10-17 05:57:04,142 [grpc-default-executor-5] INFO  impl.RoleInfo (RoleInfo.java:updateAndGet(143)) - b282f9e2-3bd4-452e-9c35-1adeacc39134: start FollowerState
2019-10-17 05:57:04,142 [Thread-925] INFO  impl.FollowerState (FollowerState.java:run(117)) - b282f9e2-3bd4-452e-9c35-1adeacc39134@group-0D1055093416-FollowerState was interrupted: java.lang.InterruptedException: sleep interrupted
2019-10-17 05:57:04,144 [grpc-default-executor-7] INFO  impl.RaftServerImpl (RaftServerImpl.java:setRole(184)) - 3ce2c7b7-3df7-42de-af28-9ba1d65ea84e@group-0D1055093416: changes role from  FOLLOWER to FOLLOWER at term 65 for recognizeCandidate:9f06b4c9-079f-4989-8935-c6be59ddc82e
2019-10-17 05:57:04,144 [grpc-default-executor-7] INFO  impl.RoleInfo (RoleInfo.java:shutdownFollowerState(121)) - 3ce2c7b7-3df7-42de-af28-9ba1d65ea84e: shutdown FollowerState
2019-10-17 05:57:04,144 [grpc-default-executor-7] INFO  impl.RoleInfo (RoleInfo.java:updateAndGet(143)) - 3ce2c7b7-3df7-42de-af28-9ba1d65ea84e: start FollowerState
2019-10-17 05:57:04,144 [Thread-926] INFO  impl.FollowerState (FollowerState.java:run(117)) - 3ce2c7b7-3df7-42de-af28-9ba1d65ea84e@group-0D1055093416-FollowerState was interrupted: java.lang.InterruptedException: sleep interrupted
2019-10-17 05:57:04,166 [9f06b4c9-079f-4989-8935-c6be59ddc82e@group-0D1055093416-LeaderElection81] INFO  impl.LeaderElection (LeaderElection.java:logAndReturn(56)) - 9f06b4c9-079f-4989-8935-c6be59ddc82e@group-0D1055093416-LeaderElection81: Election REJECTED; received 2 response(s) [9f06b4c9-079f-4989-8935-c6be59ddc82e<-b282f9e2-3bd4-452e-9c35-1adeacc39134#0:FAIL-t65, 9f06b4c9-079f-4989-8935-c6be59ddc82e<-3ce2c7b7-3df7-42de-af28-9ba1d65ea84e#0:FAIL-t65] and 0 exception(s); 9f06b4c9-079f-4989-8935-c6be59ddc82e@group-0D1055093416:t65, leader=null, voted=9f06b4c9-079f-4989-8935-c6be59ddc82e, raftlog=9f06b4c9-079f-4989-8935-c6be59ddc82e@group-0D1055093416-SegmentedRaftLog:OPENED:c-1,f-1,i0, conf=-1: [9f06b4c9-079f-4989-8935-c6be59ddc82e:192.168.69.82:36391, b282f9e2-3bd4-452e-9c35-1adeacc39134:192.168.69.82:42567, 3ce2c7b7-3df7-42de-af28-9ba1d65ea84e:192.168.69.82:35388], old=null
2019-10-17 05:57:04,166 [9f06b4c9-079f-4989-8935-c6be59ddc82e@group-0D1055093416-LeaderElection81] INFO  impl.RaftServerImpl (RaftServerImpl.java:setRole(184)) - 9f06b4c9-079f-4989-8935-c6be59ddc82e@group-0D1055093416: changes role from CANDIDATE to FOLLOWER at term 65 for DISCOVERED_A_NEW_TERM
2019-10-17 05:57:04,166 [9f06b4c9-079f-4989-8935-c6be59ddc82e@group-0D1055093416-LeaderElection81] INFO  impl.RoleInfo (RoleInfo.java:shutdownLeaderElection(134)) - 9f06b4c9-079f-4989-8935-c6be59ddc82e: shutdown LeaderElection
2019-10-17 05:57:04,166 [9f06b4c9-079f-4989-8935-c6be59ddc82e@group-0D1055093416-LeaderElection81] INFO  impl.RoleInfo (RoleInfo.java:updateAndGet(143)) - 9f06b4c9-079f-4989-8935-c6be59ddc82e: start FollowerState
2019-10-17 05:57:04,317 [Thread-937] INFO  impl.FollowerState (FollowerState.java:run(108)) - 9f06b4c9-079f-4989-8935-c6be59ddc82e@group-0D1055093416-FollowerState: change to CANDIDATE, lastRpcTime:151ms, electionTimeout:151ms
2019-10-17 05:57:04,318 [Thread-937] INFO  impl.RoleInfo (RoleInfo.java:shutdownFollowerState(121)) - 9f06b4c9-079f-4989-8935-c6be59ddc82e: shutdown FollowerState
2019-10-17 05:57:04,318 [Thread-937] INFO  impl.RaftServerImpl (RaftServerImpl.java:setRole(184)) - 9f06b4c9-079f-4989-8935-c6be59ddc82e@group-0D1055093416: changes role from  FOLLOWER to CANDIDATE at term 65 for changeToCandidate
2019-10-17 05:57:04,318 [Thread-937] INFO  impl.RoleInfo (RoleInfo.java:updateAndGet(143)) - 9f06b4c9-079f-4989-8935-c6be59ddc82e: start LeaderElection
2019-10-17 05:57:04,333 [9f06b4c9-079f-4989-8935-c6be59ddc82e@group-0D1055093416-LeaderElection82] INFO  impl.LeaderElection (LeaderElection.java:askForVotes(178)) - 9f06b4c9-079f-4989-8935-c6be59ddc82e@group-0D1055093416-LeaderElection82: begin an election at term 66 for -1: [9f06b4c9-079f-4989-8935-c6be59ddc82e:192.168.69.82:36391, b282f9e2-3bd4-452e-9c35-1adeacc39134:192.168.69.82:42567, 3ce2c7b7-3df7-42de-af28-9ba1d65ea84e:192.168.69.82:35388], old=null
2019-10-17 05:57:04,336 [grpc-default-executor-0] INFO  impl.RaftServerImpl (RaftServerImpl.java:setRole(184)) - b282f9e2-3bd4-452e-9c35-1adeacc39134@group-0D1055093416: changes role from  FOLLOWER to FOLLOWER at term 66 for recognizeCandidate:9f06b4c9-079f-4989-8935-c6be59ddc82e
2019-10-17 05:57:04,336 [grpc-default-executor-0] INFO  impl.RoleInfo (RoleInfo.java:shutdownFollowerState(121)) - b282f9e2-3bd4-452e-9c35-1adeacc39134: shutdown FollowerState
2019-10-17 05:57:04,337 [grpc-default-executor-0] INFO  impl.RoleInfo (RoleInfo.java:updateAndGet(143)) - b282f9e2-3bd4-452e-9c35-1adeacc39134: start FollowerState
2019-10-17 05:57:04,337 [Thread-933] INFO  impl.FollowerState (FollowerState.java:run(117)) - b282f9e2-3bd4-452e-9c35-1adeacc39134@group-0D1055093416-FollowerState was interrupted: java.lang.InterruptedException: sleep interrupted
2019-10-17 05:57:04,337 [grpc-default-executor-7] INFO  impl.RaftServerImpl (RaftServerImpl.java:setRole(184)) - 3ce2c7b7-3df7-42de-af28-9ba1d65ea84e@group-0D1055093416: changes role from  FOLLOWER to FOLLOWER at term 66 for recognizeCandidate:9f06b4c9-079f-4989-8935-c6be59ddc82e
2019-10-17 05:57:04,337 [grpc-default-executor-7] INFO  impl.RoleInfo (RoleInfo.java:shutdownFollowerState(121)) - 3ce2c7b7-3df7-42de-af28-9ba1d65ea84e: shutdown FollowerState
2019-10-17 05:57:04,337 [grpc-default-executor-7] INFO  impl.RoleInfo (RoleInfo.java:updateAndGet(143)) - 3ce2c7b7-3df7-42de-af28-9ba1d65ea84e: start FollowerState
2019-10-17 05:57:04,337 [Thread-935] INFO  impl.FollowerState (FollowerState.java:run(117)) - 3ce2c7b7-3df7-42de-af28-9ba1d65ea84e@group-0D1055093416-FollowerState was interrupted: java.lang.InterruptedException: sleep interrupted
2019-10-17 05:57:04,345 [9f06b4c9-079f-4989-8935-c6be59ddc82e@group-0D1055093416-LeaderElection82] INFO  impl.LeaderElection (LeaderElection.java:logAndReturn(56)) - 9f06b4c9-079f-4989-8935-c6be59ddc82e@group-0D1055093416-LeaderElection82: Election REJECTED; received 2 response(s) [9f06b4c9-079f-4989-8935-c6be59ddc82e<-b282f9e2-3bd4-452e-9c35-1adeacc39134#0:FAIL-t66, 9f06b4c9-079f-4989-8935-c6be59ddc82e<-3ce2c7b7-3df7-42de-af28-9ba1d65ea84e#0:FAIL-t66] and 0 exception(s); 9f06b4c9-079f-4989-8935-c6be59ddc82e@group-0D1055093416:t66, leader=null, voted=9f06b4c9-079f-4989-8935-c6be59ddc82e, raftlog=9f06b4c9-079f-4989-8935-c6be59ddc82e@group-0D1055093416-SegmentedRaftLog:OPENED:c-1,f-1,i0, conf=-1: [9f06b4c9-079f-4989-8935-c6be59ddc82e:192.168.69.82:36391, b282f9e2-3bd4-452e-9c35-1adeacc39134:192.168.69.82:42567, 3ce2c7b7-3df7-42de-af28-9ba1d65ea84e:192.168.69.82:35388], old=null
2019-10-17 05:57:04,345 [9f06b4c9-079f-4989-8935-c6be59ddc82e@group-0D1055093416-LeaderElection82] INFO  impl.RaftServerImpl (RaftServerImpl.java:setRole(184)) - 9f06b4c9-079f-4989-8935-c6be59ddc82e@group-0D1055093416: changes role from CANDIDATE to FOLLOWER at term 66 for DISCOVERED_A_NEW_TERM
2019-10-17 05:57:04,345 [9f06b4c9-079f-4989-8935-c6be59ddc82e@group-0D1055093416-LeaderElection82] INFO  impl.RoleInfo (RoleInfo.java:shutdownLeaderElection(134)) - 9f06b4c9-079f-4989-8935-c6be59ddc82e: shutdown LeaderElection
2019-10-17 05:57:04,345 [9f06b4c9-079f-4989-8935-c6be59ddc82e@group-0D1055093416-LeaderElection82] INFO  impl.RoleInfo (RoleInfo.java:updateAndGet(143)) - 9f06b4c9-079f-4989-8935-c6be59ddc82e: start FollowerState
2019-10-17 05:57:04,499 [Thread-943] INFO  impl.FollowerState (FollowerState.java:run(108)) - 9f06b4c9-079f-4989-8935-c6be59ddc82e@group-0D1055093416-FollowerState: change to CANDIDATE, lastRpcTime:153ms, electionTimeout:153ms
2019-10-17 05:57:04,499 [Thread-943] INFO  impl.RoleInfo (RoleInfo.java:shutdownFollowerState(121)) - 9f06b4c9-079f-4989-8935-c6be59ddc82e: shutdown FollowerState
2019-10-17 05:57:04,499 [Thread-943] INFO  impl.RaftServerImpl (RaftServerImpl.java:setRole(184)) - 9f06b4c9-079f-4989-8935-c6be59ddc82e@group-0D1055093416: changes role from  FOLLOWER to CANDIDATE at term 66 for changeToCandidate
2019-10-17 05:57:04,500 [Thread-943] INFO  impl.RoleInfo (RoleInfo.java:updateAndGet(143)) - 9f06b4c9-079f-4989-8935-c6be59ddc82e: start LeaderElection
2019-10-17 05:57:04,514 [9f06b4c9-079f-4989-8935-c6be59ddc82e@group-0D1055093416-LeaderElection83] INFO  impl.LeaderElection (LeaderElection.java:askForVotes(178)) - 9f06b4c9-079f-4989-8935-c6be59ddc82e@group-0D1055093416-LeaderElection83: begin an election at term 67 for -1: [9f06b4c9-079f-4989-8935-c6be59ddc82e:192.168.69.82:36391, b282f9e2-3bd4-452e-9c35-1adeacc39134:192.168.69.82:42567, 3ce2c7b7-3df7-42de-af28-9ba1d65ea84e:192.168.69.82:35388], old=null
2019-10-17 05:57:04,520 [grpc-default-executor-0] INFO  impl.RaftServerImpl (RaftServerImpl.java:setRole(184)) - 3ce2c7b7-3df7-42de-af28-9ba1d65ea84e@group-0D1055093416: changes role from  FOLLOWER to FOLLOWER at term 67 for recognizeCandidate:9f06b4c9-079f-4989-8935-c6be59ddc82e
2019-10-17 05:57:04,520 [grpc-default-executor-0] INFO  impl.RoleInfo (RoleInfo.java:shutdownFollowerState(121)) - 3ce2c7b7-3df7-42de-af28-9ba1d65ea84e: shutdown FollowerState
2019-10-17 05:57:04,520 [grpc-default-executor-7] INFO  impl.RaftServerImpl (RaftServerImpl.java:setRole(184)) - b282f9e2-3bd4-452e-9c35-1adeacc39134@group-0D1055093416: changes role from  FOLLOWER to FOLLOWER at term 67 for recognizeCandidate:9f06b4c9-079f-4989-8935-c6be59ddc82e
2019-10-17 05:57:04,521 [grpc-default-executor-0] INFO  impl.RoleInfo (RoleInfo.java:updateAndGet(143)) - 3ce2c7b7-3df7-42de-af28-9ba1d65ea84e: start FollowerState
2019-10-17 05:57:04,521 [Thread-942] INFO  impl.FollowerState (FollowerState.java:run(117)) - 3ce2c7b7-3df7-42de-af28-9ba1d65ea84e@group-0D1055093416-FollowerState was interrupted: java.lang.InterruptedException: sleep interrupted
2019-10-17 05:57:04,521 [grpc-default-executor-7] INFO  impl.RoleInfo (RoleInfo.java:shutdownFollowerState(121)) - b282f9e2-3bd4-452e-9c35-1adeacc39134: shutdown FollowerState
2019-10-17 05:57:04,521 [grpc-default-executor-7] INFO  impl.RoleInfo (RoleInfo.java:updateAndGet(143)) - b282f9e2-3bd4-452e-9c35-1adeacc39134: start FollowerState
2019-10-17 05:57:04,521 [Thread-941] INFO  impl.FollowerState (FollowerState.java:run(117)) - b282f9e2-3bd4-452e-9c35-1adeacc39134@group-0D1055093416-FollowerState was interrupted: java.lang.InterruptedException: sleep interrupted
2019-10-17 05:57:04,536 [9f06b4c9-079f-4989-8935-c6be59ddc82e@group-0D1055093416-LeaderElection83] INFO  impl.LeaderElection (LeaderElection.java:logAndReturn(56)) - 9f06b4c9-079f-4989-8935-c6be59ddc82e@group-0D1055093416-LeaderElection83: Election REJECTED; received 2 response(s) [9f06b4c9-079f-4989-8935-c6be59ddc82e<-b282f9e2-3bd4-452e-9c35-1adeacc39134#0:FAIL-t67, 9f06b4c9-079f-4989-8935-c6be59ddc82e<-3ce2c7b7-3df7-42de-af28-9ba1d65ea84e#0:FAIL-t67] and 0 exception(s); 9f06b4c9-079f-4989-8935-c6be59ddc82e@group-0D1055093416:t67, leader=null, voted=9f06b4c9-079f-4989-8935-c6be59ddc82e, raftlog=9f06b4c9-079f-4989-8935-c6be59ddc82e@group-0D1055093416-SegmentedRaftLog:OPENED:c-1,f-1,i0, conf=-1: [9f06b4c9-079f-4989-8935-c6be59ddc82e:192.168.69.82:36391, b282f9e2-3bd4-452e-9c35-1adeacc39134:192.168.69.82:42567, 3ce2c7b7-3df7-42de-af28-9ba1d65ea84e:192.168.69.82:35388], old=null
2019-10-17 05:57:04,536 [9f06b4c9-079f-4989-8935-c6be59ddc82e@group-0D1055093416-LeaderElection83] INFO  impl.RaftServerImpl (RaftServerImpl.java:setRole(184)) - 9f06b4c9-079f-4989-8935-c6be59ddc82e@group-0D1055093416: changes role from CANDIDATE to FOLLOWER at term 67 for DISCOVERED_A_NEW_TERM
2019-10-17 05:57:04,536 [9f06b4c9-079f-4989-8935-c6be59ddc82e@group-0D1055093416-LeaderElection83] INFO  impl.RoleInfo (RoleInfo.java:shutdownLeaderElection(134)) - 9f06b4c9-079f-4989-8935-c6be59ddc82e: shutdown LeaderElection
2019-10-17 05:57:04,536 [9f06b4c9-079f-4989-8935-c6be59ddc82e@group-0D1055093416-LeaderElection83] INFO  impl.RoleInfo (RoleInfo.java:updateAndGet(143)) - 9f06b4c9-079f-4989-8935-c6be59ddc82e: start FollowerState
2019-10-17 05:57:04,707 [Thread-949] INFO  impl.FollowerState (FollowerState.java:run(108)) - 9f06b4c9-079f-4989-8935-c6be59ddc82e@group-0D1055093416-FollowerState: change to CANDIDATE, lastRpcTime:170ms, electionTimeout:170ms
2019-10-17 05:57:04,707 [Thread-949] INFO  impl.RoleInfo (RoleInfo.java:shutdownFollowerState(121)) - 9f06b4c9-079f-4989-8935-c6be59ddc82e: shutdown FollowerState
2019-10-17 05:57:04,707 [Thread-949] INFO  impl.RaftServerImpl (RaftServerImpl.java:setRole(184)) - 9f06b4c9-079f-4989-8935-c6be59ddc82e@group-0D1055093416: changes role from  FOLLOWER to CANDIDATE at term 67 for changeToCandidate
2019-10-17 05:57:04,708 [Thread-949] INFO  impl.RoleInfo (RoleInfo.java:updateAndGet(143)) - 9f06b4c9-079f-4989-8935-c6be59ddc82e: start LeaderElection
2019-10-17 05:57:04,721 [9f06b4c9-079f-4989-8935-c6be59ddc82e@group-0D1055093416-LeaderElection84] INFO  impl.LeaderElection (LeaderElection.java:askForVotes(178)) - 9f06b4c9-079f-4989-8935-c6be59ddc82e@group-0D1055093416-LeaderElection84: begin an election at term 68 for -1: [9f06b4c9-079f-4989-8935-c6be59ddc82e:192.168.69.82:36391, b282f9e2-3bd4-452e-9c35-1adeacc39134:192.168.69.82:42567, 3ce2c7b7-3df7-42de-af28-9ba1d65ea84e:192.168.69.82:35388], old=null
2019-10-17 05:57:04,727 [grpc-default-executor-0] INFO  impl.RaftServerImpl (RaftServerImpl.java:setRole(184)) - 3ce2c7b7-3df7-42de-af28-9ba1d65ea84e@group-0D1055093416: changes role from  FOLLOWER to FOLLOWER at term 68 for recognizeCandidate:9f06b4c9-079f-4989-8935-c6be59ddc82e
2019-10-17 05:57:04,727 [grpc-default-executor-7] INFO  impl.RaftServerImpl (RaftServerImpl.java:setRole(184)) - b282f9e2-3bd4-452e-9c35-1adeacc39134@group-0D1055093416: changes role from  FOLLOWER to FOLLOWER at term 68 for recognizeCandidate:9f06b4c9-079f-4989-8935-c6be59ddc82e
2019-10-17 05:57:04,727 [grpc-default-executor-0] INFO  impl.RoleInfo (RoleInfo.java:shutdownFollowerState(121)) - 3ce2c7b7-3df7-42de-af28-9ba1d65ea84e: shutdown FollowerState
2019-10-17 05:57:04,727 [grpc-default-executor-7] INFO  impl.RoleInfo (RoleInfo.java:shutdownFollowerState(121)) - b282f9e2-3bd4-452e-9c35-1adeacc39134: shutdown FollowerState
2019-10-17 05:57:04,727 [grpc-default-executor-0] INFO  impl.RoleInfo (RoleInfo.java:updateAndGet(143)) - 3ce2c7b7-3df7-42de-af28-9ba1d65ea84e: start FollowerState
2019-10-17 05:57:04,728 [Thread-948] INFO  impl.FollowerState (FollowerState.java:run(117)) - b282f9e2-3bd4-452e-9c35-1adeacc39134@group-0D1055093416-FollowerState was interrupted: java.lang.InterruptedException: sleep interrupted
2019-10-17 05:57:04,728 [grpc-default-executor-7] INFO  impl.RoleInfo (RoleInfo.java:updateAndGet(143)) - b282f9e2-3bd4-452e-9c35-1adeacc39134: start FollowerState
2019-10-17 05:57:04,727 [Thread-947] INFO  impl.FollowerState (FollowerState.java:run(117)) - 3ce2c7b7-3df7-42de-af28-9ba1d65ea84e@group-0D1055093416-FollowerState was interrupted: java.lang.InterruptedException: sleep interrupted
2019-10-17 05:57:04,743 [9f06b4c9-079f-4989-8935-c6be59ddc82e@group-0D1055093416-LeaderElection84] INFO  impl.LeaderElection (LeaderElection.java:logAndReturn(56)) - 9f06b4c9-079f-4989-8935-c6be59ddc82e@group-0D1055093416-LeaderElection84: Election REJECTED; received 2 response(s) [9f06b4c9-079f-4989-8935-c6be59ddc82e<-b282f9e2-3bd4-452e-9c35-1adeacc39134#0:FAIL-t68, 9f06b4c9-079f-4989-8935-c6be59ddc82e<-3ce2c7b7-3df7-42de-af28-9ba1d65ea84e#0:FAIL-t68] and 0 exception(s); 9f06b4c9-079f-4989-8935-c6be59ddc82e@group-0D1055093416:t68, leader=null, voted=9f06b4c9-079f-4989-8935-c6be59ddc82e, raftlog=9f06b4c9-079f-4989-8935-c6be59ddc82e@group-0D1055093416-SegmentedRaftLog:OPENED:c-1,f-1,i0, conf=-1: [9f06b4c9-079f-4989-8935-c6be59ddc82e:192.168.69.82:36391, b282f9e2-3bd4-452e-9c35-1adeacc39134:192.168.69.82:42567, 3ce2c7b7-3df7-42de-af28-9ba1d65ea84e:192.168.69.82:35388], old=null
2019-10-17 05:57:04,743 [9f06b4c9-079f-4989-8935-c6be59ddc82e@group-0D1055093416-LeaderElection84] INFO  impl.RaftServerImpl (RaftServerImpl.java:setRole(184)) - 9f06b4c9-079f-4989-8935-c6be59ddc82e@group-0D1055093416: changes role from CANDIDATE to FOLLOWER at term 68 for DISCOVERED_A_NEW_TERM
2019-10-17 05:57:04,743 [9f06b4c9-079f-4989-8935-c6be59ddc82e@group-0D1055093416-LeaderElection84] INFO  impl.RoleInfo (RoleInfo.java:shutdownLeaderElection(134)) - 9f06b4c9-079f-4989-8935-c6be59ddc82e: shutdown LeaderElection
2019-10-17 05:57:04,743 [9f06b4c9-079f-4989-8935-c6be59ddc82e@group-0D1055093416-LeaderElection84] INFO  impl.RoleInfo (RoleInfo.java:updateAndGet(143)) - 9f06b4c9-079f-4989-8935-c6be59ddc82e: start FollowerState
2019-10-17 05:57:04,928 [Thread-959] INFO  impl.FollowerState (FollowerState.java:run(108)) - 9f06b4c9-079f-4989-8935-c6be59ddc82e@group-0D1055093416-FollowerState: change to CANDIDATE, lastRpcTime:184ms, electionTimeout:184ms
2019-10-17 05:57:04,928 [Thread-959] INFO  impl.RoleInfo (RoleInfo.java:shutdownFollowerState(121)) - 9f06b4c9-079f-4989-8935-c6be59ddc82e: shutdown FollowerState
2019-10-17 05:57:04,928 [Thread-959] INFO  impl.RaftServerImpl (RaftServerImpl.java:setRole(184)) - 9f06b4c9-079f-4989-8935-c6be59ddc82e@group-0D1055093416: changes role from  FOLLOWER to CANDIDATE at term 68 for changeToCandidate
2019-10-17 05:57:04,928 [Thread-959] INFO  impl.RoleInfo (RoleInfo.java:updateAndGet(143)) - 9f06b4c9-079f-4989-8935-c6be59ddc82e: start LeaderElection
2019-10-17 05:57:04,942 [9f06b4c9-079f-4989-8935-c6be59ddc82e@group-0D1055093416-LeaderElection85] INFO  impl.LeaderElection (LeaderElection.java:askForVotes(178)) - 9f06b4c9-079f-4989-8935-c6be59ddc82e@group-0D1055093416-LeaderElection85: begin an election at term 69 for -1: [9f06b4c9-079f-4989-8935-c6be59ddc82e:192.168.69.82:36391, b282f9e2-3bd4-452e-9c35-1adeacc39134:192.168.69.82:42567, 3ce2c7b7-3df7-42de-af28-9ba1d65ea84e:192.168.69.82:35388], old=null
2019-10-17 05:57:04,945 [grpc-default-executor-7] INFO  impl.RaftServerImpl (RaftServerImpl.java:setRole(184)) - b282f9e2-3bd4-452e-9c35-1adeacc39134@group-0D1055093416: changes role from  FOLLOWER to FOLLOWER at term 69 for recognizeCandidate:9f06b4c9-079f-4989-8935-c6be59ddc82e
2019-10-17 05:57:04,945 [grpc-default-executor-7] INFO  impl.RoleInfo (RoleInfo.java:shutdownFollowerState(121)) - b282f9e2-3bd4-452e-9c35-1adeacc39134: shutdown FollowerState
2019-10-17 05:57:04,946 [grpc-default-executor-0] INFO  impl.RaftServerImpl (RaftServerImpl.java:setRole(184)) - 3ce2c7b7-3df7-42de-af28-9ba1d65ea84e@group-0D1055093416: changes role from  FOLLOWER to FOLLOWER at term 69 for recognizeCandidate:9f06b4c9-079f-4989-8935-c6be59ddc82e
2019-10-17 05:57:04,946 [grpc-default-executor-0] INFO  impl.RoleInfo (RoleInfo.java:shutdownFollowerState(121)) - 3ce2c7b7-3df7-42de-af28-9ba1d65ea84e: shutdown FollowerState
2019-10-17 05:57:04,946 [Thread-958] INFO  impl.FollowerState (FollowerState.java:run(117)) - b282f9e2-3bd4-452e-9c35-1adeacc39134@group-0D1055093416-FollowerState was interrupted: java.lang.InterruptedException: sleep interrupted
2019-10-17 05:57:04,946 [grpc-default-executor-7] INFO  impl.RoleInfo (RoleInfo.java:updateAndGet(143)) - b282f9e2-3bd4-452e-9c35-1adeacc39134: start FollowerState
2019-10-17 05:57:04,946 [Thread-957] INFO  impl.FollowerState (FollowerState.java:run(117)) - 3ce2c7b7-3df7-42de-af28-9ba1d65ea84e@group-0D1055093416-FollowerState was interrupted: java.lang.InterruptedException: sleep interrupted
2019-10-17 05:57:04,946 [grpc-default-executor-0] INFO  impl.RoleInfo (RoleInfo.java:updateAndGet(143)) - 3ce2c7b7-3df7-42de-af28-9ba1d65ea84e: start FollowerState
2019-10-17 05:57:04,962 [9f06b4c9-079f-4989-8935-c6be59ddc82e@group-0D1055093416-LeaderElection85] INFO  impl.LeaderElection (LeaderElection.java:logAndReturn(56)) - 9f06b4c9-079f-4989-8935-c6be59ddc82e@group-0D1055093416-LeaderElection85: Election REJECTED; received 2 response(s) [9f06b4c9-079f-4989-8935-c6be59ddc82e<-b282f9e2-3bd4-452e-9c35-1adeacc39134#0:FAIL-t69, 9f06b4c9-079f-4989-8935-c6be59ddc82e<-3ce2c7b7-3df7-42de-af28-9ba1d65ea84e#0:FAIL-t69] and 0 exception(s); 9f06b4c9-079f-4989-8935-c6be59ddc82e@group-0D1055093416:t69, leader=null, voted=9f06b4c9-079f-4989-8935-c6be59ddc82e, raftlog=9f06b4c9-079f-4989-8935-c6be59ddc82e@group-0D1055093416-SegmentedRaftLog:OPENED:c-1,f-1,i0, conf=-1: [9f06b4c9-079f-4989-8935-c6be59ddc82e:192.168.69.82:36391, b282f9e2-3bd4-452e-9c35-1adeacc39134:192.168.69.82:42567, 3ce2c7b7-3df7-42de-af28-9ba1d65ea84e:192.168.69.82:35388], old=null
2019-10-17 05:57:04,962 [9f06b4c9-079f-4989-8935-c6be59ddc82e@group-0D1055093416-LeaderElection85] INFO  impl.RaftServerImpl (RaftServerImpl.java:setRole(184)) - 9f06b4c9-079f-4989-8935-c6be59ddc82e@group-0D1055093416: changes role from CANDIDATE to FOLLOWER at term 69 for DISCOVERED_A_NEW_TERM
2019-10-17 05:57:04,962 [9f06b4c9-079f-4989-8935-c6be59ddc82e@group-0D1055093416-LeaderElection85] INFO  impl.RoleInfo (RoleInfo.java:shutdownLeaderElection(134)) - 9f06b4c9-079f-4989-8935-c6be59ddc82e: shutdown LeaderElection
2019-10-17 05:57:04,962 [9f06b4c9-079f-4989-8935-c6be59ddc82e@group-0D1055093416-LeaderElection85] INFO  impl.RoleInfo (RoleInfo.java:updateAndGet(143)) - 9f06b4c9-079f-4989-8935-c6be59ddc82e: start FollowerState
2019-10-17 05:57:05,111 [Thread-965] INFO  impl.FollowerState (FollowerState.java:run(108)) - 9f06b4c9-079f-4989-8935-c6be59ddc82e@group-0D1055093416-FollowerState: change to CANDIDATE, lastRpcTime:148ms, electionTimeout:148ms
2019-10-17 05:57:05,111 [Thread-965] INFO  impl.RoleInfo (RoleInfo.java:shutdownFollowerState(121)) - 9f06b4c9-079f-4989-8935-c6be59ddc82e: shutdown FollowerState
2019-10-17 05:57:05,111 [Thread-965] INFO  impl.RaftServerImpl (RaftServerImpl.java:setRole(184)) - 9f06b4c9-079f-4989-8935-c6be59ddc82e@group-0D1055093416: changes role from  FOLLOWER to CANDIDATE at term 69 for changeToCandidate
2019-10-17 05:57:05,111 [Thread-965] INFO  impl.RoleInfo (RoleInfo.java:updateAndGet(143)) - 9f06b4c9-079f-4989-8935-c6be59ddc82e: start LeaderElection
2019-10-17 05:57:05,125 [9f06b4c9-079f-4989-8935-c6be59ddc82e@group-0D1055093416-LeaderElection86] INFO  impl.LeaderElection (LeaderElection.java:askForVotes(178)) - 9f06b4c9-079f-4989-8935-c6be59ddc82e@group-0D1055093416-LeaderElection86: begin an election at term 70 for -1: [9f06b4c9-079f-4989-8935-c6be59ddc82e:192.168.69.82:36391, b282f9e2-3bd4-452e-9c35-1adeacc39134:192.168.69.82:42567, 3ce2c7b7-3df7-42de-af28-9ba1d65ea84e:192.168.69.82:35388], old=null
2019-10-17 05:57:05,128 [grpc-default-executor-0] INFO  impl.RaftServerImpl (RaftServerImpl.java:setRole(184)) - b282f9e2-3bd4-452e-9c35-1adeacc39134@group-0D1055093416: changes role from  FOLLOWER to FOLLOWER at term 70 for recognizeCandidate:9f06b4c9-079f-4989-8935-c6be59ddc82e
2019-10-17 05:57:05,128 [grpc-default-executor-0] INFO  impl.RoleInfo (RoleInfo.java:shutdownFollowerState(121)) - b282f9e2-3bd4-452e-9c35-1adeacc39134: shutdown FollowerState
2019-10-17 05:57:05,128 [grpc-default-executor-0] INFO  impl.RoleInfo (RoleInfo.java:updateAndGet(143)) - b282f9e2-3bd4-452e-9c35-1adeacc39134: start FollowerState
2019-10-17 05:57:05,128 [Thread-963] INFO  impl.FollowerState (FollowerState.java:run(117)) - b282f9e2-3bd4-452e-9c35-1adeacc39134@group-0D1055093416-FollowerState was interrupted: java.lang.InterruptedException: sleep interrupted
2019-10-17 05:57:05,129 [grpc-default-executor-7] INFO  impl.RaftServerImpl (RaftServerImpl.java:setRole(184)) - 3ce2c7b7-3df7-42de-af28-9ba1d65ea84e@group-0D1055093416: changes role from  FOLLOWER to FOLLOWER at term 70 for recognizeCandidate:9f06b4c9-079f-4989-8935-c6be59ddc82e
2019-10-17 05:57:05,130 [grpc-default-executor-7] INFO  impl.RoleInfo (RoleInfo.java:shutdownFollowerState(121)) - 3ce2c7b7-3df7-42de-af28-9ba1d65ea84e: shutdown FollowerState
2019-10-17 05:57:05,130 [grpc-default-executor-7] INFO  impl.RoleInfo (RoleInfo.java:updateAndGet(143)) - 3ce2c7b7-3df7-42de-af28-9ba1d65ea84e: start FollowerState
2019-10-17 05:57:05,130 [Thread-964] INFO  impl.FollowerState (FollowerState.java:run(117)) - 3ce2c7b7-3df7-42de-af28-9ba1d65ea84e@group-0D1055093416-FollowerState was interrupted: java.lang.InterruptedException: sleep interrupted
2019-10-17 05:57:05,143 [9f06b4c9-079f-4989-8935-c6be59ddc82e@group-0D1055093416-LeaderElection86] INFO  impl.LeaderElection (LeaderElection.java:logAndReturn(56)) - 9f06b4c9-079f-4989-8935-c6be59ddc82e@group-0D1055093416-LeaderElection86: Election REJECTED; received 2 response(s) [9f06b4c9-079f-4989-8935-c6be59ddc82e<-b282f9e2-3bd4-452e-9c35-1adeacc39134#0:FAIL-t70, 9f06b4c9-079f-4989-8935-c6be59ddc82e<-3ce2c7b7-3df7-42de-af28-9ba1d65ea84e#0:FAIL-t70] and 0 exception(s); 9f06b4c9-079f-4989-8935-c6be59ddc82e@group-0D1055093416:t70, leader=null, voted=9f06b4c9-079f-4989-8935-c6be59ddc82e, raftlog=9f06b4c9-079f-4989-8935-c6be59ddc82e@group-0D1055093416-SegmentedRaftLog:OPENED:c-1,f-1,i0, conf=-1: [9f06b4c9-079f-4989-8935-c6be59ddc82e:192.168.69.82:36391, b282f9e2-3bd4-452e-9c35-1adeacc39134:192.168.69.82:42567, 3ce2c7b7-3df7-42de-af28-9ba1d65ea84e:192.168.69.82:35388], old=null
2019-10-17 05:57:05,143 [9f06b4c9-079f-4989-8935-c6be59ddc82e@group-0D1055093416-LeaderElection86] INFO  impl.RaftServerImpl (RaftServerImpl.java:setRole(184)) - 9f06b4c9-079f-4989-8935-c6be59ddc82e@group-0D1055093416: changes role from CANDIDATE to FOLLOWER at term 70 for DISCOVERED_A_NEW_TERM
2019-10-17 05:57:05,143 [9f06b4c9-079f-4989-8935-c6be59ddc82e@group-0D1055093416-LeaderElection86] INFO  impl.RoleInfo (RoleInfo.java:shutdownLeaderElection(134)) - 9f06b4c9-079f-4989-8935-c6be59ddc82e: shutdown LeaderElection
2019-10-17 05:57:05,143 [9f06b4c9-079f-4989-8935-c6be59ddc82e@group-0D1055093416-LeaderElection86] INFO  impl.RoleInfo (RoleInfo.java:updateAndGet(143)) - 9f06b4c9-079f-4989-8935-c6be59ddc82e: start FollowerState
2019-10-17 05:57:05,256 [Thread-974] INFO  impl.FollowerState (FollowerState.java:run(108)) - 9f06b4c9-079f-4989-8935-c6be59ddc82e@group-0D1055093416-FollowerState: change to CANDIDATE, lastRpcTime:112ms, electionTimeout:112ms
2019-10-17 05:57:05,256 [Thread-974] INFO  impl.RoleInfo (RoleInfo.java:shutdownFollowerState(121)) - 9f06b4c9-079f-4989-8935-c6be59ddc82e: shutdown FollowerState
2019-10-17 05:57:05,256 [Thread-974] INFO  impl.RaftServerImpl (RaftServerImpl.java:setRole(184)) - 9f06b4c9-079f-4989-8935-c6be59ddc82e@group-0D1055093416: changes role from  FOLLOWER to CANDIDATE at term 70 for changeToCandidate
2019-10-17 05:57:05,256 [Thread-974] INFO  impl.RoleInfo (RoleInfo.java:updateAndGet(143)) - 9f06b4c9-079f-4989-8935-c6be59ddc82e: start LeaderElection
2019-10-17 05:57:05,271 [9f06b4c9-079f-4989-8935-c6be59ddc82e@group-0D1055093416-LeaderElection87] INFO  impl.LeaderElection (LeaderElection.java:askForVotes(178)) - 9f06b4c9-079f-4989-8935-c6be59ddc82e@group-0D1055093416-LeaderElection87: begin an election at term 71 for -1: [9f06b4c9-079f-4989-8935-c6be59ddc82e:192.168.69.82:36391, b282f9e2-3bd4-452e-9c35-1adeacc39134:192.168.69.82:42567, 3ce2c7b7-3df7-42de-af28-9ba1d65ea84e:192.168.69.82:35388], old=null
2019-10-17 05:57:05,274 [grpc-default-executor-0] INFO  impl.RaftServerImpl (RaftServerImpl.java:setRole(184)) - b282f9e2-3bd4-452e-9c35-1adeacc39134@group-0D1055093416: changes role from  FOLLOWER to FOLLOWER at term 71 for recognizeCandidate:9f06b4c9-079f-4989-8935-c6be59ddc82e
2019-10-17 05:57:05,274 [grpc-default-executor-0] INFO  impl.RoleInfo (RoleInfo.java:shutdownFollowerState(121)) - b282f9e2-3bd4-452e-9c35-1adeacc39134: shutdown FollowerState
2019-10-17 05:57:05,274 [grpc-default-executor-0] INFO  impl.RoleInfo (RoleInfo.java:updateAndGet(143)) - b282f9e2-3bd4-452e-9c35-1adeacc39134: start FollowerState
2019-10-17 05:57:05,275 [grpc-default-executor-5] INFO  impl.RaftServerImpl (RaftServerImpl.java:setRole(184)) - 3ce2c7b7-3df7-42de-af28-9ba1d65ea84e@group-0D1055093416: changes role from  FOLLOWER to FOLLOWER at term 71 for recognizeCandidate:9f06b4c9-079f-4989-8935-c6be59ddc82e
2019-10-17 05:57:05,275 [Thread-972] INFO  impl.FollowerState (FollowerState.java:run(117)) - b282f9e2-3bd4-452e-9c35-1adeacc39134@group-0D1055093416-FollowerState was interrupted: java.lang.InterruptedException: sleep interrupted
2019-10-17 05:57:05,275 [grpc-default-executor-5] INFO  impl.RoleInfo (RoleInfo.java:shutdownFollowerState(121)) - 3ce2c7b7-3df7-42de-af28-9ba1d65ea84e: shutdown FollowerState
2019-10-17 05:57:05,275 [grpc-default-executor-5] INFO  impl.RoleInfo (RoleInfo.java:updateAndGet(143)) - 3ce2c7b7-3df7-42de-af28-9ba1d65ea84e: start FollowerState
2019-10-17 05:57:05,275 [Thread-973] INFO  impl.FollowerState (FollowerState.java:run(117)) - 3ce2c7b7-3df7-42de-af28-9ba1d65ea84e@group-0D1055093416-FollowerState was interrupted: java.lang.InterruptedException: sleep interrupted
2019-10-17 05:57:05,290 [9f06b4c9-079f-4989-8935-c6be59ddc82e@group-0D1055093416-LeaderElection87] INFO  impl.LeaderElection (LeaderElection.java:logAndReturn(56)) - 9f06b4c9-079f-4989-8935-c6be59ddc82e@group-0D1055093416-LeaderElection87: Election REJECTED; received 2 response(s) [9f06b4c9-079f-4989-8935-c6be59ddc82e<-b282f9e2-3bd4-452e-9c35-1adeacc39134#0:FAIL-t71, 9f06b4c9-079f-4989-8935-c6be59ddc82e<-3ce2c7b7-3df7-42de-af28-9ba1d65ea84e#0:FAIL-t71] and 0 exception(s); 9f06b4c9-079f-4989-8935-c6be59ddc82e@group-0D1055093416:t71, leader=null, voted=9f06b4c9-079f-4989-8935-c6be59ddc82e, raftlog=9f06b4c9-079f-4989-8935-c6be59ddc82e@group-0D1055093416-SegmentedRaftLog:OPENED:c-1,f-1,i0, conf=-1: [9f06b4c9-079f-4989-8935-c6be59ddc82e:192.168.69.82:36391, b282f9e2-3bd4-452e-9c35-1adeacc39134:192.168.69.82:42567, 3ce2c7b7-3df7-42de-af28-9ba1d65ea84e:192.168.69.82:35388], old=null
2019-10-17 05:57:05,290 [9f06b4c9-079f-4989-8935-c6be59ddc82e@group-0D1055093416-LeaderElection87] INFO  impl.RaftServerImpl (RaftServerImpl.java:setRole(184)) - 9f06b4c9-079f-4989-8935-c6be59ddc82e@group-0D1055093416: changes role from CANDIDATE to FOLLOWER at term 71 for DISCOVERED_A_NEW_TERM
2019-10-17 05:57:05,290 [9f06b4c9-079f-4989-8935-c6be59ddc82e@group-0D1055093416-LeaderElection87] INFO  impl.RoleInfo (RoleInfo.java:shutdownLeaderElection(134)) - 9f06b4c9-079f-4989-8935-c6be59ddc82e: shutdown LeaderElection
2019-10-17 05:57:05,290 [9f06b4c9-079f-4989-8935-c6be59ddc82e@group-0D1055093416-LeaderElection87] INFO  impl.RoleInfo (RoleInfo.java:updateAndGet(143)) - 9f06b4c9-079f-4989-8935-c6be59ddc82e: start FollowerState
2019-10-17 05:57:05,359 [Thread-983] INFO  impl.FollowerState (FollowerState.java:run(108)) - 9f06b4c9-079f-4989-8935-c6be59ddc82e@group-0D1055093416-FollowerState: change to CANDIDATE, lastRpcTime:68ms, electionTimeout:68ms
2019-10-17 05:57:05,359 [Thread-983] INFO  impl.RoleInfo (RoleInfo.java:shutdownFollowerState(121)) - 9f06b4c9-079f-4989-8935-c6be59ddc82e: shutdown FollowerState
2019-10-17 05:57:05,359 [Thread-983] INFO  impl.RaftServerImpl (RaftServerImpl.java:setRole(184)) - 9f06b4c9-079f-4989-8935-c6be59ddc82e@group-0D1055093416: changes role from  FOLLOWER to CANDIDATE at term 71 for changeToCandidate
2019-10-17 05:57:05,359 [Thread-983] INFO  impl.RoleInfo (RoleInfo.java:updateAndGet(143)) - 9f06b4c9-079f-4989-8935-c6be59ddc82e: start LeaderElection
2019-10-17 05:57:05,374 [9f06b4c9-079f-4989-8935-c6be59ddc82e@group-0D1055093416-LeaderElection88] INFO  impl.LeaderElection (LeaderElection.java:askForVotes(178)) - 9f06b4c9-079f-4989-8935-c6be59ddc82e@group-0D1055093416-LeaderElection88: begin an election at term 72 for -1: [9f06b4c9-079f-4989-8935-c6be59ddc82e:192.168.69.82:36391, b282f9e2-3bd4-452e-9c35-1adeacc39134:192.168.69.82:42567, 3ce2c7b7-3df7-42de-af28-9ba1d65ea84e:192.168.69.82:35388], old=null
2019-10-17 05:57:05,377 [grpc-default-executor-5] INFO  impl.RaftServerImpl (RaftServerImpl.java:setRole(184)) - b282f9e2-3bd4-452e-9c35-1adeacc39134@group-0D1055093416: changes role from  FOLLOWER to FOLLOWER at term 72 for recognizeCandidate:9f06b4c9-079f-4989-8935-c6be59ddc82e
2019-10-17 05:57:05,377 [grpc-default-executor-0] INFO  impl.RaftServerImpl (RaftServerImpl.java:setRole(184)) - 3ce2c7b7-3df7-42de-af28-9ba1d65ea84e@group-0D1055093416: changes role from  FOLLOWER to FOLLOWER at term 72 for recognizeCandidate:9f06b4c9-079f-4989-8935-c6be59ddc82e
2019-10-17 05:57:05,377 [grpc-default-executor-5] INFO  impl.RoleInfo (RoleInfo.java:shutdownFollowerState(121)) - b282f9e2-3bd4-452e-9c35-1adeacc39134: shutdown FollowerState
2019-10-17 05:57:05,377 [grpc-default-executor-0] INFO  impl.RoleInfo (RoleInfo.java:shutdownFollowerState(121)) - 3ce2c7b7-3df7-42de-af28-9ba1d65ea84e: shutdown FollowerState
2019-10-17 05:57:05,378 [Thread-981] INFO  impl.FollowerState (FollowerState.java:run(117)) - b282f9e2-3bd4-452e-9c35-1adeacc39134@group-0D1055093416-FollowerState was interrupted: java.lang.InterruptedException: sleep interrupted
2019-10-17 05:57:05,378 [grpc-default-executor-5] INFO  impl.RoleInfo (RoleInfo.java:updateAndGet(143)) - b282f9e2-3bd4-452e-9c35-1adeacc39134: start FollowerState
2019-10-17 05:57:05,378 [Thread-982] INFO  impl.FollowerState (FollowerState.java:run(117)) - 3ce2c7b7-3df7-42de-af28-9ba1d65ea84e@group-0D1055093416-FollowerState was interrupted: java.lang.InterruptedException: sleep interrupted
2019-10-17 05:57:05,378 [grpc-default-executor-0] INFO  impl.RoleInfo (RoleInfo.java:updateAndGet(143)) - 3ce2c7b7-3df7-42de-af28-9ba1d65ea84e: start FollowerState
2019-10-17 05:57:05,390 [9f06b4c9-079f-4989-8935-c6be59ddc82e@group-0D1055093416-LeaderElection88] INFO  impl.LeaderElection (LeaderElection.java:logAndReturn(56)) - 9f06b4c9-079f-4989-8935-c6be59ddc82e@group-0D1055093416-LeaderElection88: Election REJECTED; received 2 response(s) [9f06b4c9-079f-4989-8935-c6be59ddc82e<-b282f9e2-3bd4-452e-9c35-1adeacc39134#0:FAIL-t72, 9f06b4c9-079f-4989-8935-c6be59ddc82e<-3ce2c7b7-3df7-42de-af28-9ba1d65ea84e#0:FAIL-t72] and 0 exception(s); 9f06b4c9-079f-4989-8935-c6be59ddc82e@group-0D1055093416:t72, leader=null, voted=9f06b4c9-079f-4989-8935-c6be59ddc82e, raftlog=9f06b4c9-079f-4989-8935-c6be59ddc82e@group-0D1055093416-SegmentedRaftLog:OPENED:c-1,f-1,i0, conf=-1: [9f06b4c9-079f-4989-8935-c6be59ddc82e:192.168.69.82:36391, b282f9e2-3bd4-452e-9c35-1adeacc39134:192.168.69.82:42567, 3ce2c7b7-3df7-42de-af28-9ba1d65ea84e:192.168.69.82:35388], old=null
2019-10-17 05:57:05,391 [9f06b4c9-079f-4989-8935-c6be59ddc82e@group-0D1055093416-LeaderElection88] INFO  impl.RaftServerImpl (RaftServerImpl.java:setRole(184)) - 9f06b4c9-079f-4989-8935-c6be59ddc82e@group-0D1055093416: changes role from CANDIDATE to FOLLOWER at term 72 for DISCOVERED_A_NEW_TERM
2019-10-17 05:57:05,391 [9f06b4c9-079f-4989-8935-c6be59ddc82e@group-0D1055093416-LeaderElection88] INFO  impl.RoleInfo (RoleInfo.java:shutdownLeaderElection(134)) - 9f06b4c9-079f-4989-8935-c6be59ddc82e: shutdown LeaderElection
2019-10-17 05:57:05,391 [9f06b4c9-079f-4989-8935-c6be59ddc82e@group-0D1055093416-LeaderElection88] INFO  impl.RoleInfo (RoleInfo.java:updateAndGet(143)) - 9f06b4c9-079f-4989-8935-c6be59ddc82e: start FollowerState
2019-10-17 05:57:05,488 [Thread-989] INFO  impl.FollowerState (FollowerState.java:run(108)) - 9f06b4c9-079f-4989-8935-c6be59ddc82e@group-0D1055093416-FollowerState: change to CANDIDATE, lastRpcTime:97ms, electionTimeout:97ms
2019-10-17 05:57:05,489 [Thread-989] INFO  impl.RoleInfo (RoleInfo.java:shutdownFollowerState(121)) - 9f06b4c9-079f-4989-8935-c6be59ddc82e: shutdown FollowerState
2019-10-17 05:57:05,489 [Thread-989] INFO  impl.RaftServerImpl (RaftServerImpl.java:setRole(184)) - 9f06b4c9-079f-4989-8935-c6be59ddc82e@group-0D1055093416: changes role from  FOLLOWER to CANDIDATE at term 72 for changeToCandidate
2019-10-17 05:57:05,489 [Thread-989] INFO  impl.RoleInfo (RoleInfo.java:updateAndGet(143)) - 9f06b4c9-079f-4989-8935-c6be59ddc82e: start LeaderElection
2019-10-17 05:57:05,502 [9f06b4c9-079f-4989-8935-c6be59ddc82e@group-0D1055093416-LeaderElection89] INFO  impl.LeaderElection (LeaderElection.java:askForVotes(178)) - 9f06b4c9-079f-4989-8935-c6be59ddc82e@group-0D1055093416-LeaderElection89: begin an election at term 73 for -1: [9f06b4c9-079f-4989-8935-c6be59ddc82e:192.168.69.82:36391, b282f9e2-3bd4-452e-9c35-1adeacc39134:192.168.69.82:42567, 3ce2c7b7-3df7-42de-af28-9ba1d65ea84e:192.168.69.82:35388], old=null
2019-10-17 05:57:05,505 [grpc-default-executor-0] INFO  impl.RaftServerImpl (RaftServerImpl.java:setRole(184)) - b282f9e2-3bd4-452e-9c35-1adeacc39134@group-0D1055093416: changes role from  FOLLOWER to FOLLOWER at term 73 for recognizeCandidate:9f06b4c9-079f-4989-8935-c6be59ddc82e
2019-10-17 05:57:05,505 [grpc-default-executor-0] INFO  impl.RoleInfo (RoleInfo.java:shutdownFollowerState(121)) - b282f9e2-3bd4-452e-9c35-1adeacc39134: shutdown FollowerState
2019-10-17 05:57:05,505 [grpc-default-executor-5] INFO  impl.RaftServerImpl (RaftServerImpl.java:setRole(184)) - 3ce2c7b7-3df7-42de-af28-9ba1d65ea84e@group-0D1055093416: changes role from  FOLLOWER to FOLLOWER at term 73 for recognizeCandidate:9f06b4c9-079f-4989-8935-c6be59ddc82e
2019-10-17 05:57:05,505 [Thread-987] INFO  impl.FollowerState (FollowerState.java:run(117)) - b282f9e2-3bd4-452e-9c35-1adeacc39134@group-0D1055093416-FollowerState was interrupted: java.lang.InterruptedException: sleep interrupted
2019-10-17 05:57:05,505 [grpc-default-executor-0] INFO  impl.RoleInfo (RoleInfo.java:updateAndGet(143)) - b282f9e2-3bd4-452e-9c35-1adeacc39134: start FollowerState
2019-10-17 05:57:05,505 [grpc-default-executor-5] INFO  impl.RoleInfo (RoleInfo.java:shutdownFollowerState(121)) - 3ce2c7b7-3df7-42de-af28-9ba1d65ea84e: shutdown FollowerState
2019-10-17 05:57:05,506 [grpc-default-executor-5] INFO  impl.RoleInfo (RoleInfo.java:updateAndGet(143)) - 3ce2c7b7-3df7-42de-af28-9ba1d65ea84e: start FollowerState
2019-10-17 05:57:05,506 [Thread-988] INFO  impl.FollowerState (FollowerState.java:run(117)) - 3ce2c7b7-3df7-42de-af28-9ba1d65ea84e@group-0D1055093416-FollowerState was interrupted: java.lang.InterruptedException: sleep interrupted
2019-10-17 05:57:05,521 [9f06b4c9-079f-4989-8935-c6be59ddc82e@group-0D1055093416-LeaderElection89] INFO  impl.LeaderElection (LeaderElection.java:logAndReturn(56)) - 9f06b4c9-079f-4989-8935-c6be59ddc82e@group-0D1055093416-LeaderElection89: Election REJECTED; received 2 response(s) [9f06b4c9-079f-4989-8935-c6be59ddc82e<-b282f9e2-3bd4-452e-9c35-1adeacc39134#0:FAIL-t73, 9f06b4c9-079f-4989-8935-c6be59ddc82e<-3ce2c7b7-3df7-42de-af28-9ba1d65ea84e#0:FAIL-t73] and 0 exception(s); 9f06b4c9-079f-4989-8935-c6be59ddc82e@group-0D1055093416:t73, leader=null, voted=9f06b4c9-079f-4989-8935-c6be59ddc82e, raftlog=9f06b4c9-079f-4989-8935-c6be59ddc82e@group-0D1055093416-SegmentedRaftLog:OPENED:c-1,f-1,i0, conf=-1: [9f06b4c9-079f-4989-8935-c6be59ddc82e:192.168.69.82:36391, b282f9e2-3bd4-452e-9c35-1adeacc39134:192.168.69.82:42567, 3ce2c7b7-3df7-42de-af28-9ba1d65ea84e:192.168.69.82:35388], old=null
2019-10-17 05:57:05,521 [9f06b4c9-079f-4989-8935-c6be59ddc82e@group-0D1055093416-LeaderElection89] INFO  impl.RaftServerImpl (RaftServerImpl.java:setRole(184)) - 9f06b4c9-079f-4989-8935-c6be59ddc82e@group-0D1055093416: changes role from CANDIDATE to FOLLOWER at term 73 for DISCOVERED_A_NEW_TERM
2019-10-17 05:57:05,522 [9f06b4c9-079f-4989-8935-c6be59ddc82e@group-0D1055093416-LeaderElection89] INFO  impl.RoleInfo (RoleInfo.java:shutdownLeaderElection(134)) - 9f06b4c9-079f-4989-8935-c6be59ddc82e: shutdown LeaderElection
2019-10-17 05:57:05,522 [9f06b4c9-079f-4989-8935-c6be59ddc82e@group-0D1055093416-LeaderElection89] INFO  impl.RoleInfo (RoleInfo.java:updateAndGet(143)) - 9f06b4c9-079f-4989-8935-c6be59ddc82e: start FollowerState
2019-10-17 05:57:05,698 [Thread-995] INFO  impl.FollowerState (FollowerState.java:run(108)) - 9f06b4c9-079f-4989-8935-c6be59ddc82e@group-0D1055093416-FollowerState: change to CANDIDATE, lastRpcTime:176ms, electionTimeout:176ms
2019-10-17 05:57:05,698 [Thread-995] INFO  impl.RoleInfo (RoleInfo.java:shutdownFollowerState(121)) - 9f06b4c9-079f-4989-8935-c6be59ddc82e: shutdown FollowerState
2019-10-17 05:57:05,699 [Thread-995] INFO  impl.RaftServerImpl (RaftServerImpl.java:setRole(184)) - 9f06b4c9-079f-4989-8935-c6be59ddc82e@group-0D1055093416: changes role from  FOLLOWER to CANDIDATE at term 73 for changeToCandidate
2019-10-17 05:57:05,699 [Thread-995] INFO  impl.RoleInfo (RoleInfo.java:updateAndGet(143)) - 9f06b4c9-079f-4989-8935-c6be59ddc82e: start LeaderElection
2019-10-17 05:57:05,713 [9f06b4c9-079f-4989-8935-c6be59ddc82e@group-0D1055093416-LeaderElection90] INFO  impl.LeaderElection (LeaderElection.java:askForVotes(178)) - 9f06b4c9-079f-4989-8935-c6be59ddc82e@group-0D1055093416-LeaderElection90: begin an election at term 74 for -1: [9f06b4c9-079f-4989-8935-c6be59ddc82e:192.168.69.82:36391, b282f9e2-3bd4-452e-9c35-1adeacc39134:192.168.69.82:42567, 3ce2c7b7-3df7-42de-af28-9ba1d65ea84e:192.168.69.82:35388], old=null
2019-10-17 05:57:05,716 [grpc-default-executor-5] INFO  impl.RaftServerImpl (RaftServerImpl.java:setRole(184)) - b282f9e2-3bd4-452e-9c35-1adeacc39134@group-0D1055093416: changes role from  FOLLOWER to FOLLOWER at term 74 for recognizeCandidate:9f06b4c9-079f-4989-8935-c6be59ddc82e
2019-10-17 05:57:05,716 [grpc-default-executor-0] INFO  impl.RaftServerImpl (RaftServerImpl.java:setRole(184)) - 3ce2c7b7-3df7-42de-af28-9ba1d65ea84e@group-0D1055093416: changes role from  FOLLOWER to FOLLOWER at term 74 for recognizeCandidate:9f06b4c9-079f-4989-8935-c6be59ddc82e
2019-10-17 05:57:05,716 [grpc-default-executor-5] INFO  impl.RoleInfo (RoleInfo.java:shutdownFollowerState(121)) - b282f9e2-3bd4-452e-9c35-1adeacc39134: shutdown FollowerState
2019-10-17 05:57:05,716 [grpc-default-executor-0] INFO  impl.RoleInfo (RoleInfo.java:shutdownFollowerState(121)) - 3ce2c7b7-3df7-42de-af28-9ba1d65ea84e: shutdown FollowerState
2019-10-17 05:57:05,716 [grpc-default-executor-5] INFO  impl.RoleInfo (RoleInfo.java:updateAndGet(143)) - b282f9e2-3bd4-452e-9c35-1adeacc39134: start FollowerState
2019-10-17 05:57:05,716 [Thread-993] INFO  impl.FollowerState (FollowerState.java:run(117)) - b282f9e2-3bd4-452e-9c35-1adeacc39134@group-0D1055093416-FollowerState was interrupted: java.lang.InterruptedException: sleep interrupted
2019-10-17 05:57:05,716 [grpc-default-executor-0] INFO  impl.RoleInfo (RoleInfo.java:updateAndGet(143)) - 3ce2c7b7-3df7-42de-af28-9ba1d65ea84e: start FollowerState
2019-10-17 05:57:05,716 [Thread-994] INFO  impl.FollowerState (FollowerState.java:run(117)) - 3ce2c7b7-3df7-42de-af28-9ba1d65ea84e@group-0D1055093416-FollowerState was interrupted: java.lang.InterruptedException: sleep interrupted
2019-10-17 05:57:05,731 [9f06b4c9-079f-4989-8935-c6be59ddc82e@group-0D1055093416-LeaderElection90] INFO  impl.LeaderElection (LeaderElection.java:logAndReturn(56)) - 9f06b4c9-079f-4989-8935-c6be59ddc82e@group-0D1055093416-LeaderElection90: Election REJECTED; received 2 response(s) [9f06b4c9-079f-4989-8935-c6be59ddc82e<-b282f9e2-3bd4-452e-9c35-1adeacc39134#0:FAIL-t74, 9f06b4c9-079f-4989-8935-c6be59ddc82e<-3ce2c7b7-3df7-42de-af28-9ba1d65ea84e#0:FAIL-t74] and 0 exception(s); 9f06b4c9-079f-4989-8935-c6be59ddc82e@group-0D1055093416:t74, leader=null, voted=9f06b4c9-079f-4989-8935-c6be59ddc82e, raftlog=9f06b4c9-079f-4989-8935-c6be59ddc82e@group-0D1055093416-SegmentedRaftLog:OPENED:c-1,f-1,i0, conf=-1: [9f06b4c9-079f-4989-8935-c6be59ddc82e:192.168.69.82:36391, b282f9e2-3bd4-452e-9c35-1adeacc39134:192.168.69.82:42567, 3ce2c7b7-3df7-42de-af28-9ba1d65ea84e:192.168.69.82:35388], old=null
2019-10-17 05:57:05,732 [9f06b4c9-079f-4989-8935-c6be59ddc82e@group-0D1055093416-LeaderElection90] INFO  impl.RaftServerImpl (RaftServerImpl.java:setRole(184)) - 9f06b4c9-079f-4989-8935-c6be59ddc82e@group-0D1055093416: changes role from CANDIDATE to FOLLOWER at term 74 for DISCOVERED_A_NEW_TERM
2019-10-17 05:57:05,732 [9f06b4c9-079f-4989-8935-c6be59ddc82e@group-0D1055093416-LeaderElection90] INFO  impl.RoleInfo (RoleInfo.java:shutdownLeaderElection(134)) - 9f06b4c9-079f-4989-8935-c6be59ddc82e: shutdown LeaderElection
2019-10-17 05:57:05,732 [9f06b4c9-079f-4989-8935-c6be59ddc82e@group-0D1055093416-LeaderElection90] INFO  impl.RoleInfo (RoleInfo.java:updateAndGet(143)) - 9f06b4c9-079f-4989-8935-c6be59ddc82e: start FollowerState
2019-10-17 05:57:05,873 [Thread-1005] INFO  impl.FollowerState (FollowerState.java:run(108)) - 9f06b4c9-079f-4989-8935-c6be59ddc82e@group-0D1055093416-FollowerState: change to CANDIDATE, lastRpcTime:140ms, electionTimeout:140ms
2019-10-17 05:57:05,875 [Thread-1005] INFO  impl.RoleInfo (RoleInfo.java:shutdownFollowerState(121)) - 9f06b4c9-079f-4989-8935-c6be59ddc82e: shutdown FollowerState
2019-10-17 05:57:05,875 [Thread-1005] INFO  impl.RaftServerImpl (RaftServerImpl.java:setRole(184)) - 9f06b4c9-079f-4989-8935-c6be59ddc82e@group-0D1055093416: changes role from  FOLLOWER to CANDIDATE at term 74 for changeToCandidate
2019-10-17 05:57:05,875 [Thread-1005] INFO  impl.RoleInfo (RoleInfo.java:updateAndGet(143)) - 9f06b4c9-079f-4989-8935-c6be59ddc82e: start LeaderElection
2019-10-17 05:57:05,889 [9f06b4c9-079f-4989-8935-c6be59ddc82e@group-0D1055093416-LeaderElection91] INFO  impl.LeaderElection (LeaderElection.java:askForVotes(178)) - 9f06b4c9-079f-4989-8935-c6be59ddc82e@group-0D1055093416-LeaderElection91: begin an election at term 75 for -1: [9f06b4c9-079f-4989-8935-c6be59ddc82e:192.168.69.82:36391, b282f9e2-3bd4-452e-9c35-1adeacc39134:192.168.69.82:42567, 3ce2c7b7-3df7-42de-af28-9ba1d65ea84e:192.168.69.82:35388], old=null
2019-10-17 05:57:05,892 [grpc-default-executor-0] INFO  impl.RaftServerImpl (RaftServerImpl.java:setRole(184)) - b282f9e2-3bd4-452e-9c35-1adeacc39134@group-0D1055093416: changes role from  FOLLOWER to FOLLOWER at term 75 for recognizeCandidate:9f06b4c9-079f-4989-8935-c6be59ddc82e
2019-10-17 05:57:05,892 [grpc-default-executor-0] INFO  impl.RoleInfo (RoleInfo.java:shutdownFollowerState(121)) - b282f9e2-3bd4-452e-9c35-1adeacc39134: shutdown FollowerState
2019-10-17 05:57:05,892 [grpc-default-executor-0] INFO  impl.RoleInfo (RoleInfo.java:updateAndGet(143)) - b282f9e2-3bd4-452e-9c35-1adeacc39134: start FollowerState
2019-10-17 05:57:05,892 [Thread-1003] INFO  impl.FollowerState (FollowerState.java:run(117)) - b282f9e2-3bd4-452e-9c35-1adeacc39134@group-0D1055093416-FollowerState was interrupted: java.lang.InterruptedException: sleep interrupted
2019-10-17 05:57:05,892 [grpc-default-executor-5] INFO  impl.RaftServerImpl (RaftServerImpl.java:setRole(184)) - 3ce2c7b7-3df7-42de-af28-9ba1d65ea84e@group-0D1055093416: changes role from  FOLLOWER to FOLLOWER at term 75 for recognizeCandidate:9f06b4c9-079f-4989-8935-c6be59ddc82e
2019-10-17 05:57:05,893 [grpc-default-executor-5] INFO  impl.RoleInfo (RoleInfo.java:shutdownFollowerState(121)) - 3ce2c7b7-3df7-42de-af28-9ba1d65ea84e: shutdown FollowerState
2019-10-17 05:57:05,893 [grpc-default-executor-5] INFO  impl.RoleInfo (RoleInfo.java:updateAndGet(143)) - 3ce2c7b7-3df7-42de-af28-9ba1d65ea84e: start FollowerState
2019-10-17 05:57:05,893 [Thread-1004] INFO  impl.FollowerState (FollowerState.java:run(117)) - 3ce2c7b7-3df7-42de-af28-9ba1d65ea84e@group-0D1055093416-FollowerState was interrupted: java.lang.InterruptedException: sleep interrupted
2019-10-17 05:57:05,904 [9f06b4c9-079f-4989-8935-c6be59ddc82e@group-0D1055093416-LeaderElection91] INFO  impl.LeaderElection (LeaderElection.java:logAndReturn(56)) - 9f06b4c9-079f-4989-8935-c6be59ddc82e@group-0D1055093416-LeaderElection91: Election REJECTED; received 2 response(s) [9f06b4c9-079f-4989-8935-c6be59ddc82e<-b282f9e2-3bd4-452e-9c35-1adeacc39134#0:FAIL-t75, 9f06b4c9-079f-4989-8935-c6be59ddc82e<-3ce2c7b7-3df7-42de-af28-9ba1d65ea84e#0:FAIL-t75] and 0 exception(s); 9f06b4c9-079f-4989-8935-c6be59ddc82e@group-0D1055093416:t75, leader=null, voted=9f06b4c9-079f-4989-8935-c6be59ddc82e, raftlog=9f06b4c9-079f-4989-8935-c6be59ddc82e@group-0D1055093416-SegmentedRaftLog:OPENED:c-1,f-1,i0, conf=-1: [9f06b4c9-079f-4989-8935-c6be59ddc82e:192.168.69.82:36391, b282f9e2-3bd4-452e-9c35-1adeacc39134:192.168.69.82:42567, 3ce2c7b7-3df7-42de-af28-9ba1d65ea84e:192.168.69.82:35388], old=null
2019-10-17 05:57:05,905 [9f06b4c9-079f-4989-8935-c6be59ddc82e@group-0D1055093416-LeaderElection91] INFO  impl.RaftServerImpl (RaftServerImpl.java:setRole(184)) - 9f06b4c9-079f-4989-8935-c6be59ddc82e@group-0D1055093416: changes role from CANDIDATE to FOLLOWER at term 75 for DISCOVERED_A_NEW_TERM
2019-10-17 05:57:05,905 [9f06b4c9-079f-4989-8935-c6be59ddc82e@group-0D1055093416-LeaderElection91] INFO  impl.RoleInfo (RoleInfo.java:shutdownLeaderElection(134)) - 9f06b4c9-079f-4989-8935-c6be59ddc82e: shutdown LeaderElection
2019-10-17 05:57:05,905 [9f06b4c9-079f-4989-8935-c6be59ddc82e@group-0D1055093416-LeaderElection91] INFO  impl.RoleInfo (RoleInfo.java:updateAndGet(143)) - 9f06b4c9-079f-4989-8935-c6be59ddc82e: start FollowerState
2019-10-17 05:57:05,943 [Thread-1011] INFO  impl.FollowerState (FollowerState.java:run(108)) - 9f06b4c9-079f-4989-8935-c6be59ddc82e@group-0D1055093416-FollowerState: change to CANDIDATE, lastRpcTime:38ms, electionTimeout:38ms
2019-10-17 05:57:05,944 [Thread-1011] INFO  impl.RoleInfo (RoleInfo.java:shutdownFollowerState(121)) - 9f06b4c9-079f-4989-8935-c6be59ddc82e: shutdown FollowerState
2019-10-17 05:57:05,944 [Thread-1011] INFO  impl.RaftServerImpl (RaftServerImpl.java:setRole(184)) - 9f06b4c9-079f-4989-8935-c6be59ddc82e@group-0D1055093416: changes role from  FOLLOWER to CANDIDATE at term 75 for changeToCandidate
2019-10-17 05:57:05,944 [Thread-1011] INFO  impl.RoleInfo (RoleInfo.java:updateAndGet(143)) - 9f06b4c9-079f-4989-8935-c6be59ddc82e: start LeaderElection
2019-10-17 05:57:05,957 [9f06b4c9-079f-4989-8935-c6be59ddc82e@group-0D1055093416-LeaderElection92] INFO  impl.LeaderElection (LeaderElection.java:askForVotes(178)) - 9f06b4c9-079f-4989-8935-c6be59ddc82e@group-0D1055093416-LeaderElection92: begin an election at term 76 for -1: [9f06b4c9-079f-4989-8935-c6be59ddc82e:192.168.69.82:36391, b282f9e2-3bd4-452e-9c35-1adeacc39134:192.168.69.82:42567, 3ce2c7b7-3df7-42de-af28-9ba1d65ea84e:192.168.69.82:35388], old=null
2019-10-17 05:57:05,959 [grpc-default-executor-5] INFO  impl.RaftServerImpl (RaftServerImpl.java:setRole(184)) - b282f9e2-3bd4-452e-9c35-1adeacc39134@group-0D1055093416: changes role from  FOLLOWER to FOLLOWER at term 76 for recognizeCandidate:9f06b4c9-079f-4989-8935-c6be59ddc82e
2019-10-17 05:57:05,959 [grpc-default-executor-5] INFO  impl.RoleInfo (RoleInfo.java:shutdownFollowerState(121)) - b282f9e2-3bd4-452e-9c35-1adeacc39134: shutdown FollowerState
2019-10-17 05:57:05,960 [grpc-default-executor-5] INFO  impl.RoleInfo (RoleInfo.java:updateAndGet(143)) - b282f9e2-3bd4-452e-9c35-1adeacc39134: start FollowerState
2019-10-17 05:57:05,960 [grpc-default-executor-0] INFO  impl.RaftServerImpl (RaftServerImpl.java:setRole(184)) - 3ce2c7b7-3df7-42de-af28-9ba1d65ea84e@group-0D1055093416: changes role from  FOLLOWER to FOLLOWER at term 76 for recognizeCandidate:9f06b4c9-079f-4989-8935-c6be59ddc82e
2019-10-17 05:57:05,960 [grpc-default-executor-0] INFO  impl.RoleInfo (RoleInfo.java:shutdownFollowerState(121)) - 3ce2c7b7-3df7-42de-af28-9ba1d65ea84e: shutdown FollowerState
2019-10-17 05:57:05,960 [Thread-1009] INFO  impl.FollowerState (FollowerState.java:run(117)) - b282f9e2-3bd4-452e-9c35-1adeacc39134@group-0D1055093416-FollowerState was interrupted: java.lang.InterruptedException: sleep interrupted
2019-10-17 05:57:05,960 [grpc-default-executor-0] INFO  impl.RoleInfo (RoleInfo.java:updateAndGet(143)) - 3ce2c7b7-3df7-42de-af28-9ba1d65ea84e: start FollowerState
2019-10-17 05:57:05,960 [Thread-1010] INFO  impl.FollowerState (FollowerState.java:run(117)) - 3ce2c7b7-3df7-42de-af28-9ba1d65ea84e@group-0D1055093416-FollowerState was interrupted: java.lang.InterruptedException: sleep interrupted
2019-10-17 05:57:05,975 [9f06b4c9-079f-4989-8935-c6be59ddc82e@group-0D1055093416-LeaderElection92] INFO  impl.LeaderElection (LeaderElection.java:logAndReturn(56)) - 9f06b4c9-079f-4989-8935-c6be59ddc82e@group-0D1055093416-LeaderElection92: Election REJECTED; received 2 response(s) [9f06b4c9-079f-4989-8935-c6be59ddc82e<-b282f9e2-3bd4-452e-9c35-1adeacc39134#0:FAIL-t76, 9f06b4c9-079f-4989-8935-c6be59ddc82e<-3ce2c7b7-3df7-42de-af28-9ba1d65ea84e#0:FAIL-t76] and 0 exception(s); 9f06b4c9-079f-4989-8935-c6be59ddc82e@group-0D1055093416:t76, leader=null, voted=9f06b4c9-079f-4989-8935-c6be59ddc82e, raftlog=9f06b4c9-079f-4989-8935-c6be59ddc82e@group-0D1055093416-SegmentedRaftLog:OPENED:c-1,f-1,i0, conf=-1: [9f06b4c9-079f-4989-8935-c6be59ddc82e:192.168.69.82:36391, b282f9e2-3bd4-452e-9c35-1adeacc39134:192.168.69.82:42567, 3ce2c7b7-3df7-42de-af28-9ba1d65ea84e:192.168.69.82:35388], old=null
2019-10-17 05:57:05,975 [9f06b4c9-079f-4989-8935-c6be59ddc82e@group-0D1055093416-LeaderElection92] INFO  impl.RaftServerImpl (RaftServerImpl.java:setRole(184)) - 9f06b4c9-079f-4989-8935-c6be59ddc82e@group-0D1055093416: changes role from CANDIDATE to FOLLOWER at term 76 for DISCOVERED_A_NEW_TERM
2019-10-17 05:57:05,975 [9f06b4c9-079f-4989-8935-c6be59ddc82e@group-0D1055093416-LeaderElection92] INFO  impl.RoleInfo (RoleInfo.java:shutdownLeaderElection(134)) - 9f06b4c9-079f-4989-8935-c6be59ddc82e: shutdown LeaderElection
2019-10-17 05:57:05,975 [9f06b4c9-079f-4989-8935-c6be59ddc82e@group-0D1055093416-LeaderElection92] INFO  impl.RoleInfo (RoleInfo.java:updateAndGet(143)) - 9f06b4c9-079f-4989-8935-c6be59ddc82e: start FollowerState
2019-10-17 05:57:06,126 [Thread-1017] INFO  impl.FollowerState (FollowerState.java:run(108)) - 9f06b4c9-079f-4989-8935-c6be59ddc82e@group-0D1055093416-FollowerState: change to CANDIDATE, lastRpcTime:151ms, electionTimeout:151ms
2019-10-17 05:57:06,127 [Thread-1017] INFO  impl.RoleInfo (RoleInfo.java:shutdownFollowerState(121)) - 9f06b4c9-079f-4989-8935-c6be59ddc82e: shutdown FollowerState
2019-10-17 05:57:06,127 [Thread-1017] INFO  impl.RaftServerImpl (RaftServerImpl.java:setRole(184)) - 9f06b4c9-079f-4989-8935-c6be59ddc82e@group-0D1055093416: changes role from  FOLLOWER to CANDIDATE at term 76 for changeToCandidate
2019-10-17 05:57:06,127 [Thread-1017] INFO  impl.RoleInfo (RoleInfo.java:updateAndGet(143)) - 9f06b4c9-079f-4989-8935-c6be59ddc82e: start LeaderElection
2019-10-17 05:57:06,140 [9f06b4c9-079f-4989-8935-c6be59ddc82e@group-0D1055093416-LeaderElection93] INFO  impl.LeaderElection (LeaderElection.java:askForVotes(178)) - 9f06b4c9-079f-4989-8935-c6be59ddc82e@group-0D1055093416-LeaderElection93: begin an election at term 77 for -1: [9f06b4c9-079f-4989-8935-c6be59ddc82e:192.168.69.82:36391, b282f9e2-3bd4-452e-9c35-1adeacc39134:192.168.69.82:42567, 3ce2c7b7-3df7-42de-af28-9ba1d65ea84e:192.168.69.82:35388], old=null
2019-10-17 05:57:06,143 [grpc-default-executor-5] INFO  impl.RaftServerImpl (RaftServerImpl.java:setRole(184)) - b282f9e2-3bd4-452e-9c35-1adeacc39134@group-0D1055093416: changes role from  FOLLOWER to FOLLOWER at term 77 for recognizeCandidate:9f06b4c9-079f-4989-8935-c6be59ddc82e
2019-10-17 05:57:06,143 [grpc-default-executor-5] INFO  impl.RoleInfo (RoleInfo.java:shutdownFollowerState(121)) - b282f9e2-3bd4-452e-9c35-1adeacc39134: shutdown FollowerState
2019-10-17 05:57:06,143 [grpc-default-executor-5] INFO  impl.RoleInfo (RoleInfo.java:updateAndGet(143)) - b282f9e2-3bd4-452e-9c35-1adeacc39134: start FollowerState
2019-10-17 05:57:06,143 [Thread-1015] INFO  impl.FollowerState (FollowerState.java:run(117)) - b282f9e2-3bd4-452e-9c35-1adeacc39134@group-0D1055093416-FollowerState was interrupted: java.lang.InterruptedException: sleep interrupted
2019-10-17 05:57:06,144 [grpc-default-executor-0] INFO  impl.RaftServerImpl (RaftServerImpl.java:setRole(184)) - 3ce2c7b7-3df7-42de-af28-9ba1d65ea84e@group-0D1055093416: changes role from  FOLLOWER to FOLLOWER at term 77 for recognizeCandidate:9f06b4c9-079f-4989-8935-c6be59ddc82e
2019-10-17 05:57:06,144 [grpc-default-executor-0] INFO  impl.RoleInfo (RoleInfo.java:shutdownFollowerState(121)) - 3ce2c7b7-3df7-42de-af28-9ba1d65ea84e: shutdown FollowerState
2019-10-17 05:57:06,144 [grpc-default-executor-0] INFO  impl.RoleInfo (RoleInfo.java:updateAndGet(143)) - 3ce2c7b7-3df7-42de-af28-9ba1d65ea84e: start FollowerState
2019-10-17 05:57:06,144 [Thread-1016] INFO  impl.FollowerState (FollowerState.java:run(117)) - 3ce2c7b7-3df7-42de-af28-9ba1d65ea84e@group-0D1055093416-FollowerState was interrupted: java.lang.InterruptedException: sleep interrupted
2019-10-17 05:57:06,155 [9f06b4c9-079f-4989-8935-c6be59ddc82e@group-0D1055093416-LeaderElection93] INFO  impl.LeaderElection (LeaderElection.java:logAndReturn(56)) - 9f06b4c9-079f-4989-8935-c6be59ddc82e@group-0D1055093416-LeaderElection93: Election REJECTED; received 2 response(s) [9f06b4c9-079f-4989-8935-c6be59ddc82e<-b282f9e2-3bd4-452e-9c35-1adeacc39134#0:FAIL-t77, 9f06b4c9-079f-4989-8935-c6be59ddc82e<-3ce2c7b7-3df7-42de-af28-9ba1d65ea84e#0:FAIL-t77] and 0 exception(s); 9f06b4c9-079f-4989-8935-c6be59ddc82e@group-0D1055093416:t77, leader=null, voted=9f06b4c9-079f-4989-8935-c6be59ddc82e, raftlog=9f06b4c9-079f-4989-8935-c6be59ddc82e@group-0D1055093416-SegmentedRaftLog:OPENED:c-1,f-1,i0, conf=-1: [9f06b4c9-079f-4989-8935-c6be59ddc82e:192.168.69.82:36391, b282f9e2-3bd4-452e-9c35-1adeacc39134:192.168.69.82:42567, 3ce2c7b7-3df7-42de-af28-9ba1d65ea84e:192.168.69.82:35388], old=null
2019-10-17 05:57:06,156 [9f06b4c9-079f-4989-8935-c6be59ddc82e@group-0D1055093416-LeaderElection93] INFO  impl.RaftServerImpl (RaftServerImpl.java:setRole(184)) - 9f06b4c9-079f-4989-8935-c6be59ddc82e@group-0D1055093416: changes role from CANDIDATE to FOLLOWER at term 77 for DISCOVERED_A_NEW_TERM
2019-10-17 05:57:06,156 [9f06b4c9-079f-4989-8935-c6be59ddc82e@group-0D1055093416-LeaderElection93] INFO  impl.RoleInfo (RoleInfo.java:shutdownLeaderElection(134)) - 9f06b4c9-079f-4989-8935-c6be59ddc82e: shutdown LeaderElection
2019-10-17 05:57:06,156 [9f06b4c9-079f-4989-8935-c6be59ddc82e@group-0D1055093416-LeaderElection93] INFO  impl.RoleInfo (RoleInfo.java:updateAndGet(143)) - 9f06b4c9-079f-4989-8935-c6be59ddc82e: start FollowerState
2019-10-17 05:57:06,175 [Thread-1026] INFO  impl.FollowerState (FollowerState.java:run(108)) - 9f06b4c9-079f-4989-8935-c6be59ddc82e@group-0D1055093416-FollowerState: change to CANDIDATE, lastRpcTime:19ms, electionTimeout:19ms
2019-10-17 05:57:06,176 [Thread-1026] INFO  impl.RoleInfo (RoleInfo.java:shutdownFollowerState(121)) - 9f06b4c9-079f-4989-8935-c6be59ddc82e: shutdown FollowerState
2019-10-17 05:57:06,176 [Thread-1026] INFO  impl.RaftServerImpl (RaftServerImpl.java:setRole(184)) - 9f06b4c9-079f-4989-8935-c6be59ddc82e@group-0D1055093416: changes role from  FOLLOWER to CANDIDATE at term 77 for changeToCandidate
2019-10-17 05:57:06,176 [Thread-1026] INFO  impl.RoleInfo (RoleInfo.java:updateAndGet(143)) - 9f06b4c9-079f-4989-8935-c6be59ddc82e: start LeaderElection
2019-10-17 05:57:06,189 [9f06b4c9-079f-4989-8935-c6be59ddc82e@group-0D1055093416-LeaderElection94] INFO  impl.LeaderElection (LeaderElection.java:askForVotes(178)) - 9f06b4c9-079f-4989-8935-c6be59ddc82e@group-0D1055093416-LeaderElection94: begin an election at term 78 for -1: [9f06b4c9-079f-4989-8935-c6be59ddc82e:192.168.69.82:36391, b282f9e2-3bd4-452e-9c35-1adeacc39134:192.168.69.82:42567, 3ce2c7b7-3df7-42de-af28-9ba1d65ea84e:192.168.69.82:35388], old=null
2019-10-17 05:57:06,192 [grpc-default-executor-0] INFO  impl.RaftServerImpl (RaftServerImpl.java:setRole(184)) - b282f9e2-3bd4-452e-9c35-1adeacc39134@group-0D1055093416: changes role from  FOLLOWER to FOLLOWER at term 78 for recognizeCandidate:9f06b4c9-079f-4989-8935-c6be59ddc82e
2019-10-17 05:57:06,192 [grpc-default-executor-0] INFO  impl.RoleInfo (RoleInfo.java:shutdownFollowerState(121)) - b282f9e2-3bd4-452e-9c35-1adeacc39134: shutdown FollowerState
2019-10-17 05:57:06,192 [grpc-default-executor-0] INFO  impl.RoleInfo (RoleInfo.java:updateAndGet(143)) - b282f9e2-3bd4-452e-9c35-1adeacc39134: start FollowerState
2019-10-17 05:57:06,193 [Thread-1024] INFO  impl.FollowerState (FollowerState.java:run(117)) - b282f9e2-3bd4-452e-9c35-1adeacc39134@group-0D1055093416-FollowerState was interrupted: java.lang.InterruptedException: sleep interrupted
2019-10-17 05:57:06,193 [grpc-default-executor-5] INFO  impl.RaftServerImpl (RaftServerImpl.java:setRole(184)) - 3ce2c7b7-3df7-42de-af28-9ba1d65ea84e@group-0D1055093416: changes role from  FOLLOWER to FOLLOWER at term 78 for recognizeCandidate:9f06b4c9-079f-4989-8935-c6be59ddc82e
2019-10-17 05:57:06,193 [grpc-default-executor-5] INFO  impl.RoleInfo (RoleInfo.java:shutdownFollowerState(121)) - 3ce2c7b7-3df7-42de-af28-9ba1d65ea84e: shutdown FollowerState
2019-10-17 05:57:06,193 [grpc-default-executor-5] INFO  impl.RoleInfo (RoleInfo.java:updateAndGet(143)) - 3ce2c7b7-3df7-42de-af28-9ba1d65ea84e: start FollowerState
2019-10-17 05:57:06,193 [Thread-1025] INFO  impl.FollowerState (FollowerState.java:run(117)) - 3ce2c7b7-3df7-42de-af28-9ba1d65ea84e@group-0D1055093416-FollowerState was interrupted: java.lang.InterruptedException: sleep interrupted
2019-10-17 05:57:06,208 [9f06b4c9-079f-4989-8935-c6be59ddc82e@group-0D1055093416-LeaderElection94] INFO  impl.LeaderElection (LeaderElection.java:logAndReturn(56)) - 9f06b4c9-079f-4989-8935-c6be59ddc82e@group-0D1055093416-LeaderElection94: Election REJECTED; received 2 response(s) [9f06b4c9-079f-4989-8935-c6be59ddc82e<-b282f9e2-3bd4-452e-9c35-1adeacc39134#0:FAIL-t78, 9f06b4c9-079f-4989-8935-c6be59ddc82e<-3ce2c7b7-3df7-42de-af28-9ba1d65ea84e#0:FAIL-t78] and 0 exception(s); 9f06b4c9-079f-4989-8935-c6be59ddc82e@group-0D1055093416:t78, leader=null, voted=9f06b4c9-079f-4989-8935-c6be59ddc82e, raftlog=9f06b4c9-079f-4989-8935-c6be59ddc82e@group-0D1055093416-SegmentedRaftLog:OPENED:c-1,f-1,i0, conf=-1: [9f06b4c9-079f-4989-8935-c6be59ddc82e:192.168.69.82:36391, b282f9e2-3bd4-452e-9c35-1adeacc39134:192.168.69.82:42567, 3ce2c7b7-3df7-42de-af28-9ba1d65ea84e:192.168.69.82:35388], old=null
2019-10-17 05:57:06,209 [9f06b4c9-079f-4989-8935-c6be59ddc82e@group-0D1055093416-LeaderElection94] INFO  impl.RaftServerImpl (RaftServerImpl.java:setRole(184)) - 9f06b4c9-079f-4989-8935-c6be59ddc82e@group-0D1055093416: changes role from CANDIDATE to FOLLOWER at term 78 for DISCOVERED_A_NEW_TERM
2019-10-17 05:57:06,209 [9f06b4c9-079f-4989-8935-c6be59ddc82e@group-0D1055093416-LeaderElection94] INFO  impl.RoleInfo (RoleInfo.java:shutdownLeaderElection(134)) - 9f06b4c9-079f-4989-8935-c6be59ddc82e: shutdown LeaderElection
2019-10-17 05:57:06,209 [9f06b4c9-079f-4989-8935-c6be59ddc82e@group-0D1055093416-LeaderElection94] INFO  impl.RoleInfo (RoleInfo.java:updateAndGet(143)) - 9f06b4c9-079f-4989-8935-c6be59ddc82e: start FollowerState
2019-10-17 05:57:06,332 [Thread-1034] INFO  impl.FollowerState (FollowerState.java:run(108)) - 9f06b4c9-079f-4989-8935-c6be59ddc82e@group-0D1055093416-FollowerState: change to CANDIDATE, lastRpcTime:123ms, electionTimeout:123ms
2019-10-17 05:57:06,333 [Thread-1034] INFO  impl.RoleInfo (RoleInfo.java:shutdownFollowerState(121)) - 9f06b4c9-079f-4989-8935-c6be59ddc82e: shutdown FollowerState
2019-10-17 05:57:06,333 [Thread-1034] INFO  impl.RaftServerImpl (RaftServerImpl.java:setRole(184)) - 9f06b4c9-079f-4989-8935-c6be59ddc82e@group-0D1055093416: changes role from  FOLLOWER to CANDIDATE at term 78 for changeToCandidate
2019-10-17 05:57:06,333 [Thread-1034] INFO  impl.RoleInfo (RoleInfo.java:updateAndGet(143)) - 9f06b4c9-079f-4989-8935-c6be59ddc82e: start LeaderElection
2019-10-17 05:57:06,346 [9f06b4c9-079f-4989-8935-c6be59ddc82e@group-0D1055093416-LeaderElection95] INFO  impl.LeaderElection (LeaderElection.java:askForVotes(178)) - 9f06b4c9-079f-4989-8935-c6be59ddc82e@group-0D1055093416-LeaderElection95: begin an election at term 79 for -1: [9f06b4c9-079f-4989-8935-c6be59ddc82e:192.168.69.82:36391, b282f9e2-3bd4-452e-9c35-1adeacc39134:192.168.69.82:42567, 3ce2c7b7-3df7-42de-af28-9ba1d65ea84e:192.168.69.82:35388], old=null
2019-10-17 05:57:06,349 [grpc-default-executor-6] INFO  impl.RaftServerImpl (RaftServerImpl.java:setRole(184)) - b282f9e2-3bd4-452e-9c35-1adeacc39134@group-0D1055093416: changes role from  FOLLOWER to FOLLOWER at term 79 for recognizeCandidate:9f06b4c9-079f-4989-8935-c6be59ddc82e
2019-10-17 05:57:06,350 [grpc-default-executor-6] INFO  impl.RoleInfo (RoleInfo.java:shutdownFollowerState(121)) - b282f9e2-3bd4-452e-9c35-1adeacc39134: shutdown FollowerState
2019-10-17 05:57:06,350 [grpc-default-executor-0] INFO  impl.RaftServerImpl (RaftServerImpl.java:setRole(184)) - 3ce2c7b7-3df7-42de-af28-9ba1d65ea84e@group-0D1055093416: changes role from  FOLLOWER to FOLLOWER at term 79 for recognizeCandidate:9f06b4c9-079f-4989-8935-c6be59ddc82e
2019-10-17 05:57:06,350 [grpc-default-executor-0] INFO  impl.RoleInfo (RoleInfo.java:shutdownFollowerState(121)) - 3ce2c7b7-3df7-42de-af28-9ba1d65ea84e: shutdown FollowerState
2019-10-17 05:57:06,350 [Thread-1031] INFO  impl.FollowerState (FollowerState.java:run(117)) - b282f9e2-3bd4-452e-9c35-1adeacc39134@group-0D1055093416-FollowerState was interrupted: java.lang.InterruptedException: sleep interrupted
2019-10-17 05:57:06,350 [grpc-default-executor-6] INFO  impl.RoleInfo (RoleInfo.java:updateAndGet(143)) - b282f9e2-3bd4-452e-9c35-1adeacc39134: start FollowerState
2019-10-17 05:57:06,350 [Thread-1032] INFO  impl.FollowerState (FollowerState.java:run(117)) - 3ce2c7b7-3df7-42de-af28-9ba1d65ea84e@group-0D1055093416-FollowerState was interrupted: java.lang.InterruptedException: sleep interrupted
2019-10-17 05:57:06,350 [grpc-default-executor-0] INFO  impl.RoleInfo (RoleInfo.java:updateAndGet(143)) - 3ce2c7b7-3df7-42de-af28-9ba1d65ea84e: start FollowerState
2019-10-17 05:57:06,365 [9f06b4c9-079f-4989-8935-c6be59ddc82e@group-0D1055093416-LeaderElection95] INFO  impl.LeaderElection (LeaderElection.java:logAndReturn(56)) - 9f06b4c9-079f-4989-8935-c6be59ddc82e@group-0D1055093416-LeaderElection95: Election REJECTED; received 2 response(s) [9f06b4c9-079f-4989-8935-c6be59ddc82e<-b282f9e2-3bd4-452e-9c35-1adeacc39134#0:FAIL-t79, 9f06b4c9-079f-4989-8935-c6be59ddc82e<-3ce2c7b7-3df7-42de-af28-9ba1d65ea84e#0:FAIL-t79] and 0 exception(s); 9f06b4c9-079f-4989-8935-c6be59ddc82e@group-0D1055093416:t79, leader=null, voted=9f06b4c9-079f-4989-8935-c6be59ddc82e, raftlog=9f06b4c9-079f-4989-8935-c6be59ddc82e@group-0D1055093416-SegmentedRaftLog:OPENED:c-1,f-1,i0, conf=-1: [9f06b4c9-079f-4989-8935-c6be59ddc82e:192.168.69.82:36391, b282f9e2-3bd4-452e-9c35-1adeacc39134:192.168.69.82:42567, 3ce2c7b7-3df7-42de-af28-9ba1d65ea84e:192.168.69.82:35388], old=null
2019-10-17 05:57:06,366 [9f06b4c9-079f-4989-8935-c6be59ddc82e@group-0D1055093416-LeaderElection95] INFO  impl.RaftServerImpl (RaftServerImpl.java:setRole(184)) - 9f06b4c9-079f-4989-8935-c6be59ddc82e@group-0D1055093416: changes role from CANDIDATE to FOLLOWER at term 79 for DISCOVERED_A_NEW_TERM
2019-10-17 05:57:06,366 [9f06b4c9-079f-4989-8935-c6be59ddc82e@group-0D1055093416-LeaderElection95] INFO  impl.RoleInfo (RoleInfo.java:shutdownLeaderElection(134)) - 9f06b4c9-079f-4989-8935-c6be59ddc82e: shutdown LeaderElection
2019-10-17 05:57:06,366 [9f06b4c9-079f-4989-8935-c6be59ddc82e@group-0D1055093416-LeaderElection95] INFO  impl.RoleInfo (RoleInfo.java:updateAndGet(143)) - 9f06b4c9-079f-4989-8935-c6be59ddc82e: start FollowerState
2019-10-17 05:57:06,473 [Thread-1041] INFO  impl.FollowerState (FollowerState.java:run(108)) - 9f06b4c9-079f-4989-8935-c6be59ddc82e@group-0D1055093416-FollowerState: change to CANDIDATE, lastRpcTime:107ms, electionTimeout:107ms
2019-10-17 05:57:06,474 [Thread-1041] INFO  impl.RoleInfo (RoleInfo.java:shutdownFollowerState(121)) - 9f06b4c9-079f-4989-8935-c6be59ddc82e: shutdown FollowerState
2019-10-17 05:57:06,474 [Thread-1041] INFO  impl.RaftServerImpl (RaftServerImpl.java:setRole(184)) - 9f06b4c9-079f-4989-8935-c6be59ddc82e@group-0D1055093416: changes role from  FOLLOWER to CANDIDATE at term 79 for changeToCandidate
2019-10-17 05:57:06,492 [Thread-1041] INFO  impl.RoleInfo (RoleInfo.java:updateAndGet(143)) - 9f06b4c9-079f-4989-8935-c6be59ddc82e: start LeaderElection
2019-10-17 05:57:06,507 [9f06b4c9-079f-4989-8935-c6be59ddc82e@group-0D1055093416-LeaderElection96] INFO  impl.LeaderElection (LeaderElection.java:askForVotes(178)) - 9f06b4c9-079f-4989-8935-c6be59ddc82e@group-0D1055093416-LeaderElection96: begin an election at term 80 for -1: [9f06b4c9-079f-4989-8935-c6be59ddc82e:192.168.69.82:36391, b282f9e2-3bd4-452e-9c35-1adeacc39134:192.168.69.82:42567, 3ce2c7b7-3df7-42de-af28-9ba1d65ea84e:192.168.69.82:35388], old=null
2019-10-17 05:57:06,524 [grpc-default-executor-0] INFO  impl.RaftServerImpl (RaftServerImpl.java:setRole(184)) - b282f9e2-3bd4-452e-9c35-1adeacc39134@group-0D1055093416: changes role from  FOLLOWER to FOLLOWER at term 80 for recognizeCandidate:9f06b4c9-079f-4989-8935-c6be59ddc82e
2019-10-17 05:57:06,524 [grpc-default-executor-6] INFO  impl.RaftServerImpl (RaftServerImpl.java:setRole(184)) - 3ce2c7b7-3df7-42de-af28-9ba1d65ea84e@group-0D1055093416: changes role from  FOLLOWER to FOLLOWER at term 80 for recognizeCandidate:9f06b4c9-079f-4989-8935-c6be59ddc82e
2019-10-17 05:57:06,524 [grpc-default-executor-0] INFO  impl.RoleInfo (RoleInfo.java:shutdownFollowerState(121)) - b282f9e2-3bd4-452e-9c35-1adeacc39134: shutdown FollowerState
2019-10-17 05:57:06,524 [grpc-default-executor-6] INFO  impl.RoleInfo (RoleInfo.java:shutdownFollowerState(121)) - 3ce2c7b7-3df7-42de-af28-9ba1d65ea84e: shutdown FollowerState
2019-10-17 05:57:06,547 [grpc-default-executor-6] INFO  impl.RoleInfo (RoleInfo.java:updateAndGet(143)) - 3ce2c7b7-3df7-42de-af28-9ba1d65ea84e: start FollowerState
2019-10-17 05:57:06,548 [Thread-1040] INFO  impl.FollowerState (FollowerState.java:run(117)) - 3ce2c7b7-3df7-42de-af28-9ba1d65ea84e@group-0D1055093416-FollowerState was interrupted: java.lang.InterruptedException: sleep interrupted
2019-10-17 05:57:06,548 [grpc-default-executor-0] INFO  impl.RoleInfo (RoleInfo.java:updateAndGet(143)) - b282f9e2-3bd4-452e-9c35-1adeacc39134: start FollowerState
2019-10-17 05:57:06,548 [Thread-1039] INFO  impl.FollowerState (FollowerState.java:run(117)) - b282f9e2-3bd4-452e-9c35-1adeacc39134@group-0D1055093416-FollowerState was interrupted: java.lang.InterruptedException: sleep interrupted
2019-10-17 05:57:06,573 [9f06b4c9-079f-4989-8935-c6be59ddc82e@group-0D1055093416-LeaderElection96] INFO  impl.LeaderElection (LeaderElection.java:logAndReturn(56)) - 9f06b4c9-079f-4989-8935-c6be59ddc82e@group-0D1055093416-LeaderElection96: Election REJECTED; received 2 response(s) [9f06b4c9-079f-4989-8935-c6be59ddc82e<-b282f9e2-3bd4-452e-9c35-1adeacc39134#0:FAIL-t80, 9f06b4c9-079f-4989-8935-c6be59ddc82e<-3ce2c7b7-3df7-42de-af28-9ba1d65ea84e#0:FAIL-t80] and 0 exception(s); 9f06b4c9-079f-4989-8935-c6be59ddc82e@group-0D1055093416:t80, leader=null, voted=9f06b4c9-079f-4989-8935-c6be59ddc82e, raftlog=9f06b4c9-079f-4989-8935-c6be59ddc82e@group-0D1055093416-SegmentedRaftLog:OPENED:c-1,f-1,i0, conf=-1: [9f06b4c9-079f-4989-8935-c6be59ddc82e:192.168.69.82:36391, b282f9e2-3bd4-452e-9c35-1adeacc39134:192.168.69.82:42567, 3ce2c7b7-3df7-42de-af28-9ba1d65ea84e:192.168.69.82:35388], old=null
2019-10-17 05:57:06,573 [9f06b4c9-079f-4989-8935-c6be59ddc82e@group-0D1055093416-LeaderElection96] INFO  impl.RaftServerImpl (RaftServerImpl.java:setRole(184)) - 9f06b4c9-079f-4989-8935-c6be59ddc82e@group-0D1055093416: changes role from CANDIDATE to FOLLOWER at term 80 for DISCOVERED_A_NEW_TERM
2019-10-17 05:57:06,574 [9f06b4c9-079f-4989-8935-c6be59ddc82e@group-0D1055093416-LeaderElection96] INFO  impl.RoleInfo (RoleInfo.java:shutdownLeaderElection(134)) - 9f06b4c9-079f-4989-8935-c6be59ddc82e: shutdown LeaderElection
2019-10-17 05:57:06,574 [9f06b4c9-079f-4989-8935-c6be59ddc82e@group-0D1055093416-LeaderElection96] INFO  impl.RoleInfo (RoleInfo.java:updateAndGet(143)) - 9f06b4c9-079f-4989-8935-c6be59ddc82e: start FollowerState
2019-10-17 05:57:06,662 [Thread-1048] INFO  impl.FollowerState (FollowerState.java:run(108)) - 9f06b4c9-079f-4989-8935-c6be59ddc82e@group-0D1055093416-FollowerState: change to CANDIDATE, lastRpcTime:88ms, electionTimeout:88ms
2019-10-17 05:57:06,663 [Thread-1048] INFO  impl.RoleInfo (RoleInfo.java:shutdownFollowerState(121)) - 9f06b4c9-079f-4989-8935-c6be59ddc82e: shutdown FollowerState
2019-10-17 05:57:06,663 [Thread-1048] INFO  impl.RaftServerImpl (RaftServerImpl.java:setRole(184)) - 9f06b4c9-079f-4989-8935-c6be59ddc82e@group-0D1055093416: changes role from  FOLLOWER to CANDIDATE at term 80 for changeToCandidate
2019-10-17 05:57:06,673 [Thread-1048] INFO  impl.RoleInfo (RoleInfo.java:updateAndGet(143)) - 9f06b4c9-079f-4989-8935-c6be59ddc82e: start LeaderElection
2019-10-17 05:57:06,687 [9f06b4c9-079f-4989-8935-c6be59ddc82e@group-0D1055093416-LeaderElection97] INFO  impl.LeaderElection (LeaderElection.java:askForVotes(178)) - 9f06b4c9-079f-4989-8935-c6be59ddc82e@group-0D1055093416-LeaderElection97: begin an election at term 81 for -1: [9f06b4c9-079f-4989-8935-c6be59ddc82e:192.168.69.82:36391, b282f9e2-3bd4-452e-9c35-1adeacc39134:192.168.69.82:42567, 3ce2c7b7-3df7-42de-af28-9ba1d65ea84e:192.168.69.82:35388], old=null
2019-10-17 05:57:06,700 [grpc-default-executor-0] INFO  impl.RaftServerImpl (RaftServerImpl.java:setRole(184)) - b282f9e2-3bd4-452e-9c35-1adeacc39134@group-0D1055093416: changes role from  FOLLOWER to FOLLOWER at term 81 for recognizeCandidate:9f06b4c9-079f-4989-8935-c6be59ddc82e
2019-10-17 05:57:06,700 [grpc-default-executor-0] INFO  impl.RoleInfo (RoleInfo.java:shutdownFollowerState(121)) - b282f9e2-3bd4-452e-9c35-1adeacc39134: shutdown FollowerState
2019-10-17 05:57:06,701 [grpc-default-executor-6] INFO  impl.RaftServerImpl (RaftServerImpl.java:setRole(184)) - 3ce2c7b7-3df7-42de-af28-9ba1d65ea84e@group-0D1055093416: changes role from  FOLLOWER to FOLLOWER at term 81 for recognizeCandidate:9f06b4c9-079f-4989-8935-c6be59ddc82e
2019-10-17 05:57:06,701 [grpc-default-executor-6] INFO  impl.RoleInfo (RoleInfo.java:shutdownFollowerState(121)) - 3ce2c7b7-3df7-42de-af28-9ba1d65ea84e: shutdown FollowerState
2019-10-17 05:57:06,722 [grpc-default-executor-6] INFO  impl.RoleInfo (RoleInfo.java:updateAndGet(143)) - 3ce2c7b7-3df7-42de-af28-9ba1d65ea84e: start FollowerState
2019-10-17 05:57:06,722 [Thread-1046] INFO  impl.FollowerState (FollowerState.java:run(117)) - b282f9e2-3bd4-452e-9c35-1adeacc39134@group-0D1055093416-FollowerState was interrupted: java.lang.InterruptedException: sleep interrupted
2019-10-17 05:57:06,722 [Thread-1045] INFO  impl.FollowerState (FollowerState.java:run(117)) - 3ce2c7b7-3df7-42de-af28-9ba1d65ea84e@group-0D1055093416-FollowerState was interrupted: java.lang.InterruptedException: sleep interrupted
2019-10-17 05:57:06,722 [grpc-default-executor-0] INFO  impl.RoleInfo (RoleInfo.java:updateAndGet(143)) - b282f9e2-3bd4-452e-9c35-1adeacc39134: start FollowerState
2019-10-17 05:57:06,786 [9f06b4c9-079f-4989-8935-c6be59ddc82e@group-0D1055093416-LeaderElection97] INFO  impl.LeaderElection (LeaderElection.java:logAndReturn(56)) - 9f06b4c9-079f-4989-8935-c6be59ddc82e@group-0D1055093416-LeaderElection97: Election REJECTED; received 2 response(s) [9f06b4c9-079f-4989-8935-c6be59ddc82e<-b282f9e2-3bd4-452e-9c35-1adeacc39134#0:FAIL-t81, 9f06b4c9-079f-4989-8935-c6be59ddc82e<-3ce2c7b7-3df7-42de-af28-9ba1d65ea84e#0:FAIL-t81] and 0 exception(s); 9f06b4c9-079f-4989-8935-c6be59ddc82e@group-0D1055093416:t81, leader=null, voted=9f06b4c9-079f-4989-8935-c6be59ddc82e, raftlog=9f06b4c9-079f-4989-8935-c6be59ddc82e@group-0D1055093416-SegmentedRaftLog:OPENED:c-1,f-1,i0, conf=-1: [9f06b4c9-079f-4989-8935-c6be59ddc82e:192.168.69.82:36391, b282f9e2-3bd4-452e-9c35-1adeacc39134:192.168.69.82:42567, 3ce2c7b7-3df7-42de-af28-9ba1d65ea84e:192.168.69.82:35388], old=null
2019-10-17 05:57:06,786 [9f06b4c9-079f-4989-8935-c6be59ddc82e@group-0D1055093416-LeaderElection97] INFO  impl.RaftServerImpl (RaftServerImpl.java:setRole(184)) - 9f06b4c9-079f-4989-8935-c6be59ddc82e@group-0D1055093416: changes role from CANDIDATE to FOLLOWER at term 81 for DISCOVERED_A_NEW_TERM
2019-10-17 05:57:06,786 [9f06b4c9-079f-4989-8935-c6be59ddc82e@group-0D1055093416-LeaderElection97] INFO  impl.RoleInfo (RoleInfo.java:shutdownLeaderElection(134)) - 9f06b4c9-079f-4989-8935-c6be59ddc82e: shutdown LeaderElection
2019-10-17 05:57:06,786 [9f06b4c9-079f-4989-8935-c6be59ddc82e@group-0D1055093416-LeaderElection97] INFO  impl.RoleInfo (RoleInfo.java:updateAndGet(143)) - 9f06b4c9-079f-4989-8935-c6be59ddc82e: start FollowerState
2019-10-17 05:57:06,957 [Thread-1057] INFO  impl.FollowerState (FollowerState.java:run(108)) - 9f06b4c9-079f-4989-8935-c6be59ddc82e@group-0D1055093416-FollowerState: change to CANDIDATE, lastRpcTime:170ms, electionTimeout:170ms
2019-10-17 05:57:06,957 [Thread-1057] INFO  impl.RoleInfo (RoleInfo.java:shutdownFollowerState(121)) - 9f06b4c9-079f-4989-8935-c6be59ddc82e: shutdown FollowerState
2019-10-17 05:57:06,957 [Thread-1057] INFO  impl.RaftServerImpl (RaftServerImpl.java:setRole(184)) - 9f06b4c9-079f-4989-8935-c6be59ddc82e@group-0D1055093416: changes role from  FOLLOWER to CANDIDATE at term 81 for changeToCandidate
2019-10-17 05:57:06,957 [Thread-1057] INFO  impl.RoleInfo (RoleInfo.java:updateAndGet(143)) - 9f06b4c9-079f-4989-8935-c6be59ddc82e: start LeaderElection
2019-10-17 05:57:06,972 [9f06b4c9-079f-4989-8935-c6be59ddc82e@group-0D1055093416-LeaderElection98] INFO  impl.LeaderElection (LeaderElection.java:askForVotes(178)) - 9f06b4c9-079f-4989-8935-c6be59ddc82e@group-0D1055093416-LeaderElection98: begin an election at term 82 for -1: [9f06b4c9-079f-4989-8935-c6be59ddc82e:192.168.69.82:36391, b282f9e2-3bd4-452e-9c35-1adeacc39134:192.168.69.82:42567, 3ce2c7b7-3df7-42de-af28-9ba1d65ea84e:192.168.69.82:35388], old=null
2019-10-17 05:57:06,975 [grpc-default-executor-0] INFO  impl.RaftServerImpl (RaftServerImpl.java:setRole(184)) - b282f9e2-3bd4-452e-9c35-1adeacc39134@group-0D1055093416: changes role from  FOLLOWER to FOLLOWER at term 82 for recognizeCandidate:9f06b4c9-079f-4989-8935-c6be59ddc82e
2019-10-17 05:57:06,975 [grpc-default-executor-6] INFO  impl.RaftServerImpl (RaftServerImpl.java:setRole(184)) - 3ce2c7b7-3df7-42de-af28-9ba1d65ea84e@group-0D1055093416: changes role from  FOLLOWER to FOLLOWER at term 82 for recognizeCandidate:9f06b4c9-079f-4989-8935-c6be59ddc82e
2019-10-17 05:57:06,975 [grpc-default-executor-0] INFO  impl.RoleInfo (RoleInfo.java:shutdownFollowerState(121)) - b282f9e2-3bd4-452e-9c35-1adeacc39134: shutdown FollowerState
2019-10-17 05:57:06,975 [grpc-default-executor-6] INFO  impl.RoleInfo (RoleInfo.java:shutdownFollowerState(121)) - 3ce2c7b7-3df7-42de-af28-9ba1d65ea84e: shutdown FollowerState
2019-10-17 05:57:06,975 [grpc-default-executor-0] INFO  impl.RoleInfo (RoleInfo.java:updateAndGet(143)) - b282f9e2-3bd4-452e-9c35-1adeacc39134: start FollowerState
2019-10-17 05:57:06,976 [Thread-1055] INFO  impl.FollowerState (FollowerState.java:run(117)) - 3ce2c7b7-3df7-42de-af28-9ba1d65ea84e@group-0D1055093416-FollowerState was interrupted: java.lang.InterruptedException: sleep interrupted
2019-10-17 05:57:06,975 [grpc-default-executor-6] INFO  impl.RoleInfo (RoleInfo.java:updateAndGet(143)) - 3ce2c7b7-3df7-42de-af28-9ba1d65ea84e: start FollowerState
2019-10-17 05:57:06,975 [Thread-1056] INFO  impl.FollowerState (FollowerState.java:run(117)) - b282f9e2-3bd4-452e-9c35-1adeacc39134@group-0D1055093416-FollowerState was interrupted: java.lang.InterruptedException: sleep interrupted
2019-10-17 05:57:06,986 [9f06b4c9-079f-4989-8935-c6be59ddc82e@group-0D1055093416-LeaderElection98] INFO  impl.LeaderElection (LeaderElection.java:logAndReturn(56)) - 9f06b4c9-079f-4989-8935-c6be59ddc82e@group-0D1055093416-LeaderElection98: Election REJECTED; received 2 response(s) [9f06b4c9-079f-4989-8935-c6be59ddc82e<-b282f9e2-3bd4-452e-9c35-1adeacc39134#0:FAIL-t82, 9f06b4c9-079f-4989-8935-c6be59ddc82e<-3ce2c7b7-3df7-42de-af28-9ba1d65ea84e#0:FAIL-t82] and 0 exception(s); 9f06b4c9-079f-4989-8935-c6be59ddc82e@group-0D1055093416:t82, leader=null, voted=9f06b4c9-079f-4989-8935-c6be59ddc82e, raftlog=9f06b4c9-079f-4989-8935-c6be59ddc82e@group-0D1055093416-SegmentedRaftLog:OPENED:c-1,f-1,i0, conf=-1: [9f06b4c9-079f-4989-8935-c6be59ddc82e:192.168.69.82:36391, b282f9e2-3bd4-452e-9c35-1adeacc39134:192.168.69.82:42567, 3ce2c7b7-3df7-42de-af28-9ba1d65ea84e:192.168.69.82:35388], old=null
2019-10-17 05:57:06,986 [9f06b4c9-079f-4989-8935-c6be59ddc82e@group-0D1055093416-LeaderElection98] INFO  impl.RaftServerImpl (RaftServerImpl.java:setRole(184)) - 9f06b4c9-079f-4989-8935-c6be59ddc82e@group-0D1055093416: changes role from CANDIDATE to FOLLOWER at term 82 for DISCOVERED_A_NEW_TERM
2019-10-17 05:57:06,986 [9f06b4c9-079f-4989-8935-c6be59ddc82e@group-0D1055093416-LeaderElection98] INFO  impl.RoleInfo (RoleInfo.java:shutdownLeaderElection(134)) - 9f06b4c9-079f-4989-8935-c6be59ddc82e: shutdown LeaderElection
2019-10-17 05:57:06,986 [9f06b4c9-079f-4989-8935-c6be59ddc82e@group-0D1055093416-LeaderElection98] INFO  impl.RoleInfo (RoleInfo.java:updateAndGet(143)) - 9f06b4c9-079f-4989-8935-c6be59ddc82e: start FollowerState
2019-10-17 05:57:07,158 [Thread-1063] INFO  impl.FollowerState (FollowerState.java:run(108)) - 9f06b4c9-079f-4989-8935-c6be59ddc82e@group-0D1055093416-FollowerState: change to CANDIDATE, lastRpcTime:171ms, electionTimeout:171ms
2019-10-17 05:57:07,158 [Thread-1063] INFO  impl.RoleInfo (RoleInfo.java:shutdownFollowerState(121)) - 9f06b4c9-079f-4989-8935-c6be59ddc82e: shutdown FollowerState
2019-10-17 05:57:07,158 [Thread-1063] INFO  impl.RaftServerImpl (RaftServerImpl.java:setRole(184)) - 9f06b4c9-079f-4989-8935-c6be59ddc82e@group-0D1055093416: changes role from  FOLLOWER to CANDIDATE at term 82 for changeToCandidate
2019-10-17 05:57:07,158 [Thread-1063] INFO  impl.RoleInfo (RoleInfo.java:updateAndGet(143)) - 9f06b4c9-079f-4989-8935-c6be59ddc82e: start LeaderElection
2019-10-17 05:57:07,172 [9f06b4c9-079f-4989-8935-c6be59ddc82e@group-0D1055093416-LeaderElection99] INFO  impl.LeaderElection (LeaderElection.java:askForVotes(178)) - 9f06b4c9-079f-4989-8935-c6be59ddc82e@group-0D1055093416-LeaderElection99: begin an election at term 83 for -1: [9f06b4c9-079f-4989-8935-c6be59ddc82e:192.168.69.82:36391, b282f9e2-3bd4-452e-9c35-1adeacc39134:192.168.69.82:42567, 3ce2c7b7-3df7-42de-af28-9ba1d65ea84e:192.168.69.82:35388], old=null
2019-10-17 05:57:07,174 [grpc-default-executor-6] INFO  impl.RaftServerImpl (RaftServerImpl.java:setRole(184)) - b282f9e2-3bd4-452e-9c35-1adeacc39134@group-0D1055093416: changes role from  FOLLOWER to FOLLOWER at term 83 for recognizeCandidate:9f06b4c9-079f-4989-8935-c6be59ddc82e
2019-10-17 05:57:07,175 [grpc-default-executor-6] INFO  impl.RoleInfo (RoleInfo.java:shutdownFollowerState(121)) - b282f9e2-3bd4-452e-9c35-1adeacc39134: shutdown FollowerState
2019-10-17 05:57:07,175 [grpc-default-executor-6] INFO  impl.RoleInfo (RoleInfo.java:updateAndGet(143)) - b282f9e2-3bd4-452e-9c35-1adeacc39134: start FollowerState
2019-10-17 05:57:07,175 [Thread-1061] INFO  impl.FollowerState (FollowerState.java:run(117)) - b282f9e2-3bd4-452e-9c35-1adeacc39134@group-0D1055093416-FollowerState was interrupted: java.lang.InterruptedException: sleep interrupted
2019-10-17 05:57:07,175 [grpc-default-executor-0] INFO  impl.RaftServerImpl (RaftServerImpl.java:setRole(184)) - 3ce2c7b7-3df7-42de-af28-9ba1d65ea84e@group-0D1055093416: changes role from  FOLLOWER to FOLLOWER at term 83 for recognizeCandidate:9f06b4c9-079f-4989-8935-c6be59ddc82e
2019-10-17 05:57:07,175 [grpc-default-executor-0] INFO  impl.RoleInfo (RoleInfo.java:shutdownFollowerState(121)) - 3ce2c7b7-3df7-42de-af28-9ba1d65ea84e: shutdown FollowerState
2019-10-17 05:57:07,176 [grpc-default-executor-0] INFO  impl.RoleInfo (RoleInfo.java:updateAndGet(143)) - 3ce2c7b7-3df7-42de-af28-9ba1d65ea84e: start FollowerState
2019-10-17 05:57:07,176 [Thread-1062] INFO  impl.FollowerState (FollowerState.java:run(117)) - 3ce2c7b7-3df7-42de-af28-9ba1d65ea84e@group-0D1055093416-FollowerState was interrupted: java.lang.InterruptedException: sleep interrupted
2019-10-17 05:57:07,191 [9f06b4c9-079f-4989-8935-c6be59ddc82e@group-0D1055093416-LeaderElection99] INFO  impl.LeaderElection (LeaderElection.java:logAndReturn(56)) - 9f06b4c9-079f-4989-8935-c6be59ddc82e@group-0D1055093416-LeaderElection99: Election REJECTED; received 2 response(s) [9f06b4c9-079f-4989-8935-c6be59ddc82e<-b282f9e2-3bd4-452e-9c35-1adeacc39134#0:FAIL-t83, 9f06b4c9-079f-4989-8935-c6be59ddc82e<-3ce2c7b7-3df7-42de-af28-9ba1d65ea84e#0:FAIL-t83] and 0 exception(s); 9f06b4c9-079f-4989-8935-c6be59ddc82e@group-0D1055093416:t83, leader=null, voted=9f06b4c9-079f-4989-8935-c6be59ddc82e, raftlog=9f06b4c9-079f-4989-8935-c6be59ddc82e@group-0D1055093416-SegmentedRaftLog:OPENED:c-1,f-1,i0, conf=-1: [9f06b4c9-079f-4989-8935-c6be59ddc82e:192.168.69.82:36391, b282f9e2-3bd4-452e-9c35-1adeacc39134:192.168.69.82:42567, 3ce2c7b7-3df7-42de-af28-9ba1d65ea84e:192.168.69.82:35388], old=null
2019-10-17 05:57:07,191 [9f06b4c9-079f-4989-8935-c6be59ddc82e@group-0D1055093416-LeaderElection99] INFO  impl.RaftServerImpl (RaftServerImpl.java:setRole(184)) - 9f06b4c9-079f-4989-8935-c6be59ddc82e@group-0D1055093416: changes role from CANDIDATE to FOLLOWER at term 83 for DISCOVERED_A_NEW_TERM
2019-10-17 05:57:07,191 [9f06b4c9-079f-4989-8935-c6be59ddc82e@group-0D1055093416-LeaderElection99] INFO  impl.RoleInfo (RoleInfo.java:shutdownLeaderElection(134)) - 9f06b4c9-079f-4989-8935-c6be59ddc82e: shutdown LeaderElection
2019-10-17 05:57:07,191 [9f06b4c9-079f-4989-8935-c6be59ddc82e@group-0D1055093416-LeaderElection99] INFO  impl.RoleInfo (RoleInfo.java:updateAndGet(143)) - 9f06b4c9-079f-4989-8935-c6be59ddc82e: start FollowerState
2019-10-17 05:57:07,347 [Thread-1073] INFO  impl.FollowerState (FollowerState.java:run(108)) - 9f06b4c9-079f-4989-8935-c6be59ddc82e@group-0D1055093416-FollowerState: change to CANDIDATE, lastRpcTime:155ms, electionTimeout:155ms
2019-10-17 05:57:07,347 [Thread-1073] INFO  impl.RoleInfo (RoleInfo.java:shutdownFollowerState(121)) - 9f06b4c9-079f-4989-8935-c6be59ddc82e: shutdown FollowerState
2019-10-17 05:57:07,347 [Thread-1073] INFO  impl.RaftServerImpl (RaftServerImpl.java:setRole(184)) - 9f06b4c9-079f-4989-8935-c6be59ddc82e@group-0D1055093416: changes role from  FOLLOWER to CANDIDATE at term 83 for changeToCandidate
2019-10-17 05:57:07,347 [Thread-1073] INFO  impl.RoleInfo (RoleInfo.java:updateAndGet(143)) - 9f06b4c9-079f-4989-8935-c6be59ddc82e: start LeaderElection
2019-10-17 05:57:07,361 [9f06b4c9-079f-4989-8935-c6be59ddc82e@group-0D1055093416-LeaderElection100] INFO  impl.LeaderElection (LeaderElection.java:askForVotes(178)) - 9f06b4c9-079f-4989-8935-c6be59ddc82e@group-0D1055093416-LeaderElection100: begin an election at term 84 for -1: [9f06b4c9-079f-4989-8935-c6be59ddc82e:192.168.69.82:36391, b282f9e2-3bd4-452e-9c35-1adeacc39134:192.168.69.82:42567, 3ce2c7b7-3df7-42de-af28-9ba1d65ea84e:192.168.69.82:35388], old=null
2019-10-17 05:57:07,364 [grpc-default-executor-5] INFO  impl.RaftServerImpl (RaftServerImpl.java:setRole(184)) - 3ce2c7b7-3df7-42de-af28-9ba1d65ea84e@group-0D1055093416: changes role from  FOLLOWER to FOLLOWER at term 84 for recognizeCandidate:9f06b4c9-079f-4989-8935-c6be59ddc82e
2019-10-17 05:57:07,365 [grpc-default-executor-0] INFO  impl.RaftServerImpl (RaftServerImpl.java:setRole(184)) - b282f9e2-3bd4-452e-9c35-1adeacc39134@group-0D1055093416: changes role from  FOLLOWER to FOLLOWER at term 84 for recognizeCandidate:9f06b4c9-079f-4989-8935-c6be59ddc82e
2019-10-17 05:57:07,365 [grpc-default-executor-5] INFO  impl.RoleInfo (RoleInfo.java:shutdownFollowerState(121)) - 3ce2c7b7-3df7-42de-af28-9ba1d65ea84e: shutdown FollowerState
2019-10-17 05:57:07,365 [grpc-default-executor-0] INFO  impl.RoleInfo (RoleInfo.java:shutdownFollowerState(121)) - b282f9e2-3bd4-452e-9c35-1adeacc39134: shutdown FollowerState
2019-10-17 05:57:07,365 [grpc-default-executor-5] INFO  impl.RoleInfo (RoleInfo.java:updateAndGet(143)) - 3ce2c7b7-3df7-42de-af28-9ba1d65ea84e: start FollowerState
2019-10-17 05:57:07,365 [Thread-1070] INFO  impl.FollowerState (FollowerState.java:run(117)) - b282f9e2-3bd4-452e-9c35-1adeacc39134@group-0D1055093416-FollowerState was interrupted: java.lang.InterruptedException: sleep interrupted
2019-10-17 05:57:07,365 [grpc-default-executor-0] INFO  impl.RoleInfo (RoleInfo.java:updateAndGet(143)) - b282f9e2-3bd4-452e-9c35-1adeacc39134: start FollowerState
2019-10-17 05:57:07,365 [Thread-1071] INFO  impl.FollowerState (FollowerState.java:run(117)) - 3ce2c7b7-3df7-42de-af28-9ba1d65ea84e@group-0D1055093416-FollowerState was interrupted: java.lang.InterruptedException: sleep interrupted
2019-10-17 05:57:07,383 [9f06b4c9-079f-4989-8935-c6be59ddc82e@group-0D1055093416-LeaderElection100] INFO  impl.LeaderElection (LeaderElection.java:logAndReturn(56)) - 9f06b4c9-079f-4989-8935-c6be59ddc82e@group-0D1055093416-LeaderElection100: Election REJECTED; received 2 response(s) [9f06b4c9-079f-4989-8935-c6be59ddc82e<-b282f9e2-3bd4-452e-9c35-1adeacc39134#0:FAIL-t84, 9f06b4c9-079f-4989-8935-c6be59ddc82e<-3ce2c7b7-3df7-42de-af28-9ba1d65ea84e#0:FAIL-t84] and 0 exception(s); 9f06b4c9-079f-4989-8935-c6be59ddc82e@group-0D1055093416:t84, leader=null, voted=9f06b4c9-079f-4989-8935-c6be59ddc82e, raftlog=9f06b4c9-079f-4989-8935-c6be59ddc82e@group-0D1055093416-SegmentedRaftLog:OPENED:c-1,f-1,i0, conf=-1: [9f06b4c9-079f-4989-8935-c6be59ddc82e:192.168.69.82:36391, b282f9e2-3bd4-452e-9c35-1adeacc39134:192.168.69.82:42567, 3ce2c7b7-3df7-42de-af28-9ba1d65ea84e:192.168.69.82:35388], old=null
2019-10-17 05:57:07,383 [9f06b4c9-079f-4989-8935-c6be59ddc82e@group-0D1055093416-LeaderElection100] INFO  impl.RaftServerImpl (RaftServerImpl.java:setRole(184)) - 9f06b4c9-079f-4989-8935-c6be59ddc82e@group-0D1055093416: changes role from CANDIDATE to FOLLOWER at term 84 for DISCOVERED_A_NEW_TERM
2019-10-17 05:57:07,383 [9f06b4c9-079f-4989-8935-c6be59ddc82e@group-0D1055093416-LeaderElection100] INFO  impl.RoleInfo (RoleInfo.java:shutdownLeaderElection(134)) - 9f06b4c9-079f-4989-8935-c6be59ddc82e: shutdown LeaderElection
2019-10-17 05:57:07,383 [9f06b4c9-079f-4989-8935-c6be59ddc82e@group-0D1055093416-LeaderElection100] INFO  impl.RoleInfo (RoleInfo.java:updateAndGet(143)) - 9f06b4c9-079f-4989-8935-c6be59ddc82e: start FollowerState
2019-10-17 05:57:07,393 [main] WARN  io.KeyOutputStream (KeyOutputStream.java:handleException(274)) - Encountered exception java.io.IOException: Unexpected Storage Container Exception: java.util.concurrent.CompletionException: java.util.concurrent.CompletionException: org.apache.ratis.protocol.RaftRetryFailureException: Failed RaftClientRequest:client-104DCA0E177E->9f06b4c9-079f-4989-8935-c6be59ddc82e@group-0D1055093416, cid=19, seq=1*, RW, cmdType: WriteChunk
traceID: "747ae85750d35e36:747ae85750d35e36:0:0"
containerID: 1
datanodeUuid: "9f06b4c9-079f-4989-8935-c6be59ddc82e"
writeChunk {
  blockID {
    containerID: 1
    localID: 102976180550107136
    blockCommitSequenceId: 0
  }
  chunkData {
    chunkName: "102976180550107136_chunk_1"
    offset: 0
    len: 1048576
    checksumData {
      type: CRC32
      bytesPerChecksum: 1048576
      checksums: "\361\003\002\247"
    }
  }
}
, data.size=1048576 for 10 attempts with RetryLimited(maxAttempts=10, sleepTime=1000ms) on the pipeline Pipeline[ Id: 7064a63e-fc8a-4441-ad59-0d1055093416, Nodes: 9f06b4c9-079f-4989-8935-c6be59ddc82e{ip: 192.168.69.82, host: pr-hdds-2286-c5gnx-3944588690, networkLocation: /default-rack, certSerialId: null}3ce2c7b7-3df7-42de-af28-9ba1d65ea84e{ip: 192.168.69.82, host: pr-hdds-2286-c5gnx-3944588690, networkLocation: /default-rack, certSerialId: null}b282f9e2-3bd4-452e-9c35-1adeacc39134{ip: 192.168.69.82, host: pr-hdds-2286-c5gnx-3944588690, networkLocation: /default-rack, certSerialId: null}, Type:RATIS, Factor:THREE, State:OPEN]. The last committed block length is 0, uncommitted data length is 2097152 retry count 0
2019-10-17 05:57:07,531 [Thread-1081] INFO  impl.FollowerState (FollowerState.java:run(108)) - 9f06b4c9-079f-4989-8935-c6be59ddc82e@group-0D1055093416-FollowerState: change to CANDIDATE, lastRpcTime:147ms, electionTimeout:147ms
2019-10-17 05:57:07,531 [Thread-1081] INFO  impl.RoleInfo (RoleInfo.java:shutdownFollowerState(121)) - 9f06b4c9-079f-4989-8935-c6be59ddc82e: shutdown FollowerState
2019-10-17 05:57:07,531 [Thread-1081] INFO  impl.RaftServerImpl (RaftServerImpl.java:setRole(184)) - 9f06b4c9-079f-4989-8935-c6be59ddc82e@group-0D1055093416: changes role from  FOLLOWER to CANDIDATE at term 84 for changeToCandidate
2019-10-17 05:57:07,532 [Thread-1081] INFO  impl.RoleInfo (RoleInfo.java:updateAndGet(143)) - 9f06b4c9-079f-4989-8935-c6be59ddc82e: start LeaderElection
2019-10-17 05:57:07,577 [9f06b4c9-079f-4989-8935-c6be59ddc82e@group-0D1055093416-LeaderElection101] INFO  impl.LeaderElection (LeaderElection.java:askForVotes(178)) - 9f06b4c9-079f-4989-8935-c6be59ddc82e@group-0D1055093416-LeaderElection101: begin an election at term 85 for -1: [9f06b4c9-079f-4989-8935-c6be59ddc82e:192.168.69.82:36391, b282f9e2-3bd4-452e-9c35-1adeacc39134:192.168.69.82:42567, 3ce2c7b7-3df7-42de-af28-9ba1d65ea84e:192.168.69.82:35388], old=null
2019-10-17 05:57:07,579 [grpc-default-executor-0] INFO  impl.RaftServerImpl (RaftServerImpl.java:setRole(184)) - b282f9e2-3bd4-452e-9c35-1adeacc39134@group-0D1055093416: changes role from  FOLLOWER to FOLLOWER at term 85 for recognizeCandidate:9f06b4c9-079f-4989-8935-c6be59ddc82e
2019-10-17 05:57:07,580 [grpc-default-executor-5] INFO  impl.RaftServerImpl (RaftServerImpl.java:setRole(184)) - 3ce2c7b7-3df7-42de-af28-9ba1d65ea84e@group-0D1055093416: changes role from  FOLLOWER to FOLLOWER at term 85 for recognizeCandidate:9f06b4c9-079f-4989-8935-c6be59ddc82e
2019-10-17 05:57:07,580 [grpc-default-executor-0] INFO  impl.RoleInfo (RoleInfo.java:shutdownFollowerState(121)) - b282f9e2-3bd4-452e-9c35-1adeacc39134: shutdown FollowerState
2019-10-17 05:57:07,580 [grpc-default-executor-5] INFO  impl.RoleInfo (RoleInfo.java:shutdownFollowerState(121)) - 3ce2c7b7-3df7-42de-af28-9ba1d65ea84e: shutdown FollowerState
2019-10-17 05:57:07,580 [grpc-default-executor-0] INFO  impl.RoleInfo (RoleInfo.java:updateAndGet(143)) - b282f9e2-3bd4-452e-9c35-1adeacc39134: start FollowerState
2019-10-17 05:57:07,580 [Thread-1079] INFO  impl.FollowerState (FollowerState.java:run(117)) - 3ce2c7b7-3df7-42de-af28-9ba1d65ea84e@group-0D1055093416-FollowerState was interrupted: java.lang.InterruptedException: sleep interrupted
2019-10-17 05:57:07,580 [grpc-default-executor-5] INFO  impl.RoleInfo (RoleInfo.java:updateAndGet(143)) - 3ce2c7b7-3df7-42de-af28-9ba1d65ea84e: start FollowerState
2019-10-17 05:57:07,580 [Thread-1080] INFO  impl.FollowerState (FollowerState.java:run(117)) - b282f9e2-3bd4-452e-9c35-1adeacc39134@group-0D1055093416-FollowerState was interrupted: java.lang.InterruptedException: sleep interrupted
2019-10-17 05:57:07,588 [9f06b4c9-079f-4989-8935-c6be59ddc82e@group-0D1055093416-LeaderElection101] INFO  impl.LeaderElection (LeaderElection.java:logAndReturn(56)) - 9f06b4c9-079f-4989-8935-c6be59ddc82e@group-0D1055093416-LeaderElection101: Election REJECTED; received 2 response(s) [9f06b4c9-079f-4989-8935-c6be59ddc82e<-b282f9e2-3bd4-452e-9c35-1adeacc39134#0:FAIL-t85, 9f06b4c9-079f-4989-8935-c6be59ddc82e<-3ce2c7b7-3df7-42de-af28-9ba1d65ea84e#0:FAIL-t85] and 0 exception(s); 9f06b4c9-079f-4989-8935-c6be59ddc82e@group-0D1055093416:t85, leader=null, voted=9f06b4c9-079f-4989-8935-c6be59ddc82e, raftlog=9f06b4c9-079f-4989-8935-c6be59ddc82e@group-0D1055093416-SegmentedRaftLog:OPENED:c-1,f-1,i0, conf=-1: [9f06b4c9-079f-4989-8935-c6be59ddc82e:192.168.69.82:36391, b282f9e2-3bd4-452e-9c35-1adeacc39134:192.168.69.82:42567, 3ce2c7b7-3df7-42de-af28-9ba1d65ea84e:192.168.69.82:35388], old=null
2019-10-17 05:57:07,588 [9f06b4c9-079f-4989-8935-c6be59ddc82e@group-0D1055093416-LeaderElection101] INFO  impl.RaftServerImpl (RaftServerImpl.java:setRole(184)) - 9f06b4c9-079f-4989-8935-c6be59ddc82e@group-0D1055093416: changes role from CANDIDATE to FOLLOWER at term 85 for DISCOVERED_A_NEW_TERM
2019-10-17 05:57:07,588 [9f06b4c9-079f-4989-8935-c6be59ddc82e@group-0D1055093416-LeaderElection101] INFO  impl.RoleInfo (RoleInfo.java:shutdownLeaderElection(134)) - 9f06b4c9-079f-4989-8935-c6be59ddc82e: shutdown LeaderElection
2019-10-17 05:57:07,588 [9f06b4c9-079f-4989-8935-c6be59ddc82e@group-0D1055093416-LeaderElection101] INFO  impl.RoleInfo (RoleInfo.java:updateAndGet(143)) - 9f06b4c9-079f-4989-8935-c6be59ddc82e: start FollowerState
2019-10-17 05:57:07,744 [Thread-1091] INFO  impl.FollowerState (FollowerState.java:run(108)) - 9f06b4c9-079f-4989-8935-c6be59ddc82e@group-0D1055093416-FollowerState: change to CANDIDATE, lastRpcTime:155ms, electionTimeout:155ms
2019-10-17 05:57:07,744 [Thread-1091] INFO  impl.RoleInfo (RoleInfo.java:shutdownFollowerState(121)) - 9f06b4c9-079f-4989-8935-c6be59ddc82e: shutdown FollowerState
2019-10-17 05:57:07,744 [Thread-1091] INFO  impl.RaftServerImpl (RaftServerImpl.java:setRole(184)) - 9f06b4c9-079f-4989-8935-c6be59ddc82e@group-0D1055093416: changes role from  FOLLOWER to CANDIDATE at term 85 for changeToCandidate
2019-10-17 05:57:07,744 [Thread-1091] INFO  impl.RoleInfo (RoleInfo.java:updateAndGet(143)) - 9f06b4c9-079f-4989-8935-c6be59ddc82e: start LeaderElection
2019-10-17 05:57:07,761 [9f06b4c9-079f-4989-8935-c6be59ddc82e@group-0D1055093416-LeaderElection102] INFO  impl.LeaderElection (LeaderElection.java:askForVotes(178)) - 9f06b4c9-079f-4989-8935-c6be59ddc82e@group-0D1055093416-LeaderElection102: begin an election at term 86 for -1: [9f06b4c9-079f-4989-8935-c6be59ddc82e:192.168.69.82:36391, b282f9e2-3bd4-452e-9c35-1adeacc39134:192.168.69.82:42567, 3ce2c7b7-3df7-42de-af28-9ba1d65ea84e:192.168.69.82:35388], old=null
2019-10-17 05:57:07,763 [grpc-default-executor-5] INFO  impl.RaftServerImpl (RaftServerImpl.java:setRole(184)) - b282f9e2-3bd4-452e-9c35-1adeacc39134@group-0D1055093416: changes role from  FOLLOWER to FOLLOWER at term 86 for recognizeCandidate:9f06b4c9-079f-4989-8935-c6be59ddc82e
2019-10-17 05:57:07,763 [grpc-default-executor-6] INFO  impl.RaftServerImpl (RaftServerImpl.java:setRole(184)) - 3ce2c7b7-3df7-42de-af28-9ba1d65ea84e@group-0D1055093416: changes role from  FOLLOWER to FOLLOWER at term 86 for recognizeCandidate:9f06b4c9-079f-4989-8935-c6be59ddc82e
2019-10-17 05:57:07,763 [grpc-default-executor-5] INFO  impl.RoleInfo (RoleInfo.java:shutdownFollowerState(121)) - b282f9e2-3bd4-452e-9c35-1adeacc39134: shutdown FollowerState
2019-10-17 05:57:07,764 [grpc-default-executor-6] INFO  impl.RoleInfo (RoleInfo.java:shutdownFollowerState(121)) - 3ce2c7b7-3df7-42de-af28-9ba1d65ea84e: shutdown FollowerState
2019-10-17 05:57:07,764 [grpc-default-executor-5] INFO  impl.RoleInfo (RoleInfo.java:updateAndGet(143)) - b282f9e2-3bd4-452e-9c35-1adeacc39134: start FollowerState
2019-10-17 05:57:07,764 [Thread-1089] INFO  impl.FollowerState (FollowerState.java:run(117)) - b282f9e2-3bd4-452e-9c35-1adeacc39134@group-0D1055093416-FollowerState was interrupted: java.lang.InterruptedException: sleep interrupted
2019-10-17 05:57:07,764 [Thread-1090] INFO  impl.FollowerState (FollowerState.java:run(117)) - 3ce2c7b7-3df7-42de-af28-9ba1d65ea84e@group-0D1055093416-FollowerState was interrupted: java.lang.InterruptedException: sleep interrupted
2019-10-17 05:57:07,764 [grpc-default-executor-6] INFO  impl.RoleInfo (RoleInfo.java:updateAndGet(143)) - 3ce2c7b7-3df7-42de-af28-9ba1d65ea84e: start FollowerState
2019-10-17 05:57:07,775 [9f06b4c9-079f-4989-8935-c6be59ddc82e@group-0D1055093416-LeaderElection102] INFO  impl.LeaderElection (LeaderElection.java:logAndReturn(56)) - 9f06b4c9-079f-4989-8935-c6be59ddc82e@group-0D1055093416-LeaderElection102: Election TIMEOUT; received 0 response(s) [] and 0 exception(s); 9f06b4c9-079f-4989-8935-c6be59ddc82e@group-0D1055093416:t86, leader=null, voted=9f06b4c9-079f-4989-8935-c6be59ddc82e, raftlog=9f06b4c9-079f-4989-8935-c6be59ddc82e@group-0D1055093416-SegmentedRaftLog:OPENED:c-1,f-1,i0, conf=-1: [9f06b4c9-079f-4989-8935-c6be59ddc82e:192.168.69.82:36391, b282f9e2-3bd4-452e-9c35-1adeacc39134:192.168.69.82:42567, 3ce2c7b7-3df7-42de-af28-9ba1d65ea84e:192.168.69.82:35388], old=null
2019-10-17 05:57:07,783 [9f06b4c9-079f-4989-8935-c6be59ddc82e@group-0D1055093416-LeaderElection102] INFO  impl.LeaderElection (LeaderElection.java:askForVotes(178)) - 9f06b4c9-079f-4989-8935-c6be59ddc82e@group-0D1055093416-LeaderElection102: begin an election at term 87 for -1: [9f06b4c9-079f-4989-8935-c6be59ddc82e:192.168.69.82:36391, b282f9e2-3bd4-452e-9c35-1adeacc39134:192.168.69.82:42567, 3ce2c7b7-3df7-42de-af28-9ba1d65ea84e:192.168.69.82:35388], old=null
2019-10-17 05:57:07,795 [grpc-default-executor-6] INFO  impl.RaftServerImpl (RaftServerImpl.java:setRole(184)) - b282f9e2-3bd4-452e-9c35-1adeacc39134@group-0D1055093416: changes role from  FOLLOWER to FOLLOWER at term 87 for recognizeCandidate:9f06b4c9-079f-4989-8935-c6be59ddc82e
2019-10-17 05:57:07,795 [grpc-default-executor-6] INFO  impl.RoleInfo (RoleInfo.java:shutdownFollowerState(121)) - b282f9e2-3bd4-452e-9c35-1adeacc39134: shutdown FollowerState
2019-10-17 05:57:07,796 [grpc-default-executor-6] INFO  impl.RoleInfo (RoleInfo.java:updateAndGet(143)) - b282f9e2-3bd4-452e-9c35-1adeacc39134: start FollowerState
2019-10-17 05:57:07,796 [Thread-1106] INFO  impl.FollowerState (FollowerState.java:run(117)) - b282f9e2-3bd4-452e-9c35-1adeacc39134@group-0D1055093416-FollowerState was interrupted: java.lang.InterruptedException: sleep interrupted
2019-10-17 05:57:07,796 [grpc-default-executor-1] INFO  impl.RaftServerImpl (RaftServerImpl.java:setRole(184)) - 3ce2c7b7-3df7-42de-af28-9ba1d65ea84e@group-0D1055093416: changes role from  FOLLOWER to FOLLOWER at term 87 for recognizeCandidate:9f06b4c9-079f-4989-8935-c6be59ddc82e
2019-10-17 05:57:07,797 [grpc-default-executor-1] INFO  impl.RoleInfo (RoleInfo.java:shutdownFollowerState(121)) - 3ce2c7b7-3df7-42de-af28-9ba1d65ea84e: shutdown FollowerState
2019-10-17 05:57:07,797 [grpc-default-executor-1] INFO  impl.RoleInfo (RoleInfo.java:updateAndGet(143)) - 3ce2c7b7-3df7-42de-af28-9ba1d65ea84e: start FollowerState
2019-10-17 05:57:07,797 [Thread-1107] INFO  impl.FollowerState (FollowerState.java:run(117)) - 3ce2c7b7-3df7-42de-af28-9ba1d65ea84e@group-0D1055093416-FollowerState was interrupted: java.lang.InterruptedException: sleep interrupted
2019-10-17 05:57:07,812 [9f06b4c9-079f-4989-8935-c6be59ddc82e@group-0D1055093416-LeaderElection102] INFO  impl.LeaderElection (LeaderElection.java:logAndReturn(56)) - 9f06b4c9-079f-4989-8935-c6be59ddc82e@group-0D1055093416-LeaderElection102: Election REJECTED; received 2 response(s) [9f06b4c9-079f-4989-8935-c6be59ddc82e<-b282f9e2-3bd4-452e-9c35-1adeacc39134#0:FAIL-t87, 9f06b4c9-079f-4989-8935-c6be59ddc82e<-3ce2c7b7-3df7-42de-af28-9ba1d65ea84e#0:FAIL-t87] and 0 exception(s); 9f06b4c9-079f-4989-8935-c6be59ddc82e@group-0D1055093416:t87, leader=null, voted=9f06b4c9-079f-4989-8935-c6be59ddc82e, raftlog=9f06b4c9-079f-4989-8935-c6be59ddc82e@group-0D1055093416-SegmentedRaftLog:OPENED:c-1,f-1,i0, conf=-1: [9f06b4c9-079f-4989-8935-c6be59ddc82e:192.168.69.82:36391, b282f9e2-3bd4-452e-9c35-1adeacc39134:192.168.69.82:42567, 3ce2c7b7-3df7-42de-af28-9ba1d65ea84e:192.168.69.82:35388], old=null
2019-10-17 05:57:07,812 [9f06b4c9-079f-4989-8935-c6be59ddc82e@group-0D1055093416-LeaderElection102] INFO  impl.RaftServerImpl (RaftServerImpl.java:setRole(184)) - 9f06b4c9-079f-4989-8935-c6be59ddc82e@group-0D1055093416: changes role from CANDIDATE to FOLLOWER at term 87 for DISCOVERED_A_NEW_TERM
2019-10-17 05:57:07,812 [9f06b4c9-079f-4989-8935-c6be59ddc82e@group-0D1055093416-LeaderElection102] INFO  impl.RoleInfo (RoleInfo.java:shutdownLeaderElection(134)) - 9f06b4c9-079f-4989-8935-c6be59ddc82e: shutdown LeaderElection
2019-10-17 05:57:07,813 [9f06b4c9-079f-4989-8935-c6be59ddc82e@group-0D1055093416-LeaderElection102] INFO  impl.RoleInfo (RoleInfo.java:updateAndGet(143)) - 9f06b4c9-079f-4989-8935-c6be59ddc82e: start FollowerState
2019-10-17 05:57:07,832 [Thread-1120] INFO  impl.FollowerState (FollowerState.java:run(108)) - 9f06b4c9-079f-4989-8935-c6be59ddc82e@group-0D1055093416-FollowerState: change to CANDIDATE, lastRpcTime:19ms, electionTimeout:19ms
2019-10-17 05:57:07,832 [Thread-1120] INFO  impl.RoleInfo (RoleInfo.java:shutdownFollowerState(121)) - 9f06b4c9-079f-4989-8935-c6be59ddc82e: shutdown FollowerState
2019-10-17 05:57:07,832 [Thread-1120] INFO  impl.RaftServerImpl (RaftServerImpl.java:setRole(184)) - 9f06b4c9-079f-4989-8935-c6be59ddc82e@group-0D1055093416: changes role from  FOLLOWER to CANDIDATE at term 87 for changeToCandidate
2019-10-17 05:57:07,832 [Thread-1120] INFO  impl.RoleInfo (RoleInfo.java:updateAndGet(143)) - 9f06b4c9-079f-4989-8935-c6be59ddc82e: start LeaderElection
2019-10-17 05:57:07,838 [9f06b4c9-079f-4989-8935-c6be59ddc82e@group-0D1055093416-LeaderElection103] INFO  impl.LeaderElection (LeaderElection.java:askForVotes(178)) - 9f06b4c9-079f-4989-8935-c6be59ddc82e@group-0D1055093416-LeaderElection103: begin an election at term 88 for -1: [9f06b4c9-079f-4989-8935-c6be59ddc82e:192.168.69.82:36391, b282f9e2-3bd4-452e-9c35-1adeacc39134:192.168.69.82:42567, 3ce2c7b7-3df7-42de-af28-9ba1d65ea84e:192.168.69.82:35388], old=null
2019-10-17 05:57:07,840 [grpc-default-executor-6] INFO  impl.RaftServerImpl (RaftServerImpl.java:setRole(184)) - b282f9e2-3bd4-452e-9c35-1adeacc39134@group-0D1055093416: changes role from  FOLLOWER to FOLLOWER at term 88 for recognizeCandidate:9f06b4c9-079f-4989-8935-c6be59ddc82e
2019-10-17 05:57:07,840 [grpc-default-executor-6] INFO  impl.RoleInfo (RoleInfo.java:shutdownFollowerState(121)) - b282f9e2-3bd4-452e-9c35-1adeacc39134: shutdown FollowerState
2019-10-17 05:57:07,840 [grpc-default-executor-6] INFO  impl.RoleInfo (RoleInfo.java:updateAndGet(143)) - b282f9e2-3bd4-452e-9c35-1adeacc39134: start FollowerState
2019-10-17 05:57:07,840 [grpc-default-executor-1] INFO  impl.RaftServerImpl (RaftServerImpl.java:setRole(184)) - 3ce2c7b7-3df7-42de-af28-9ba1d65ea84e@group-0D1055093416: changes role from  FOLLOWER to FOLLOWER at term 88 for recognizeCandidate:9f06b4c9-079f-4989-8935-c6be59ddc82e
2019-10-17 05:57:07,840 [Thread-1112] INFO  impl.FollowerState (FollowerState.java:run(117)) - b282f9e2-3bd4-452e-9c35-1adeacc39134@group-0D1055093416-FollowerState was interrupted: java.lang.InterruptedException: sleep interrupted
2019-10-17 05:57:07,841 [grpc-default-executor-1] INFO  impl.RoleInfo (RoleInfo.java:shutdownFollowerState(121)) - 3ce2c7b7-3df7-42de-af28-9ba1d65ea84e: shutdown FollowerState
2019-10-17 05:57:07,841 [grpc-default-executor-1] INFO  impl.RoleInfo (RoleInfo.java:updateAndGet(143)) - 3ce2c7b7-3df7-42de-af28-9ba1d65ea84e: start FollowerState
2019-10-17 05:57:07,841 [Thread-1113] INFO  impl.FollowerState (FollowerState.java:run(117)) - 3ce2c7b7-3df7-42de-af28-9ba1d65ea84e@group-0D1055093416-FollowerState was interrupted: java.lang.InterruptedException: sleep interrupted
2019-10-17 05:57:07,866 [9f06b4c9-079f-4989-8935-c6be59ddc82e@group-0D1055093416-LeaderElection103] INFO  impl.LeaderElection (LeaderElection.java:logAndReturn(56)) - 9f06b4c9-079f-4989-8935-c6be59ddc82e@group-0D1055093416-LeaderElection103: Election REJECTED; received 2 response(s) [9f06b4c9-079f-4989-8935-c6be59ddc82e<-b282f9e2-3bd4-452e-9c35-1adeacc39134#0:FAIL-t88, 9f06b4c9-079f-4989-8935-c6be59ddc82e<-3ce2c7b7-3df7-42de-af28-9ba1d65ea84e#0:FAIL-t88] and 0 exception(s); 9f06b4c9-079f-4989-8935-c6be59ddc82e@group-0D1055093416:t88, leader=null, voted=9f06b4c9-079f-4989-8935-c6be59ddc82e, raftlog=9f06b4c9-079f-4989-8935-c6be59ddc82e@group-0D1055093416-SegmentedRaftLog:OPENED:c-1,f-1,i0, conf=-1: [9f06b4c9-079f-4989-8935-c6be59ddc82e:192.168.69.82:36391, b282f9e2-3bd4-452e-9c35-1adeacc39134:192.168.69.82:42567, 3ce2c7b7-3df7-42de-af28-9ba1d65ea84e:192.168.69.82:35388], old=null
2019-10-17 05:57:07,867 [9f06b4c9-079f-4989-8935-c6be59ddc82e@group-0D1055093416-LeaderElection103] INFO  impl.RaftServerImpl (RaftServerImpl.java:setRole(184)) - 9f06b4c9-079f-4989-8935-c6be59ddc82e@group-0D1055093416: changes role from CANDIDATE to FOLLOWER at term 88 for DISCOVERED_A_NEW_TERM
2019-10-17 05:57:07,867 [9f06b4c9-079f-4989-8935-c6be59ddc82e@group-0D1055093416-LeaderElection103] INFO  impl.RoleInfo (RoleInfo.java:shutdownLeaderElection(134)) - 9f06b4c9-079f-4989-8935-c6be59ddc82e: shutdown LeaderElection
2019-10-17 05:57:07,867 [9f06b4c9-079f-4989-8935-c6be59ddc82e@group-0D1055093416-LeaderElection103] INFO  impl.RoleInfo (RoleInfo.java:updateAndGet(143)) - 9f06b4c9-079f-4989-8935-c6be59ddc82e: start FollowerState
2019-10-17 05:57:07,926 [Thread-1132] INFO  impl.FollowerState (FollowerState.java:run(108)) - 9f06b4c9-079f-4989-8935-c6be59ddc82e@group-0D1055093416-FollowerState: change to CANDIDATE, lastRpcTime:59ms, electionTimeout:59ms
2019-10-17 05:57:07,926 [Thread-1132] INFO  impl.RoleInfo (RoleInfo.java:shutdownFollowerState(121)) - 9f06b4c9-079f-4989-8935-c6be59ddc82e: shutdown FollowerState
2019-10-17 05:57:07,926 [Thread-1132] INFO  impl.RaftServerImpl (RaftServerImpl.java:setRole(184)) - 9f06b4c9-079f-4989-8935-c6be59ddc82e@group-0D1055093416: changes role from  FOLLOWER to CANDIDATE at term 88 for changeToCandidate
2019-10-17 05:57:07,927 [Thread-1132] INFO  impl.RoleInfo (RoleInfo.java:updateAndGet(143)) - 9f06b4c9-079f-4989-8935-c6be59ddc82e: start LeaderElection
2019-10-17 05:57:07,933 [9f06b4c9-079f-4989-8935-c6be59ddc82e@group-0D1055093416-LeaderElection104] INFO  impl.LeaderElection (LeaderElection.java:askForVotes(178)) - 9f06b4c9-079f-4989-8935-c6be59ddc82e@group-0D1055093416-LeaderElection104: begin an election at term 89 for -1: [9f06b4c9-079f-4989-8935-c6be59ddc82e:192.168.69.82:36391, b282f9e2-3bd4-452e-9c35-1adeacc39134:192.168.69.82:42567, 3ce2c7b7-3df7-42de-af28-9ba1d65ea84e:192.168.69.82:35388], old=null
2019-10-17 05:57:07,936 [grpc-default-executor-1] INFO  impl.RaftServerImpl (RaftServerImpl.java:setRole(184)) - b282f9e2-3bd4-452e-9c35-1adeacc39134@group-0D1055093416: changes role from  FOLLOWER to FOLLOWER at term 89 for recognizeCandidate:9f06b4c9-079f-4989-8935-c6be59ddc82e
2019-10-17 05:57:07,936 [grpc-default-executor-6] INFO  impl.RaftServerImpl (RaftServerImpl.java:setRole(184)) - 3ce2c7b7-3df7-42de-af28-9ba1d65ea84e@group-0D1055093416: changes role from  FOLLOWER to FOLLOWER at term 89 for recognizeCandidate:9f06b4c9-079f-4989-8935-c6be59ddc82e
2019-10-17 05:57:07,936 [grpc-default-executor-1] INFO  impl.RoleInfo (RoleInfo.java:shutdownFollowerState(121)) - b282f9e2-3bd4-452e-9c35-1adeacc39134: shutdown FollowerState
2019-10-17 05:57:07,936 [grpc-default-executor-6] INFO  impl.RoleInfo (RoleInfo.java:shutdownFollowerState(121)) - 3ce2c7b7-3df7-42de-af28-9ba1d65ea84e: shutdown FollowerState
2019-10-17 05:57:07,936 [grpc-default-executor-1] INFO  impl.RoleInfo (RoleInfo.java:updateAndGet(143)) - b282f9e2-3bd4-452e-9c35-1adeacc39134: start FollowerState
2019-10-17 05:57:07,937 [Thread-1129] INFO  impl.FollowerState (FollowerState.java:run(117)) - 3ce2c7b7-3df7-42de-af28-9ba1d65ea84e@group-0D1055093416-FollowerState was interrupted: java.lang.InterruptedException: sleep interrupted
2019-10-17 05:57:07,937 [grpc-default-executor-6] INFO  impl.RoleInfo (RoleInfo.java:updateAndGet(143)) - 3ce2c7b7-3df7-42de-af28-9ba1d65ea84e: start FollowerState
2019-10-17 05:57:07,936 [Thread-1128] INFO  impl.FollowerState (FollowerState.java:run(117)) - b282f9e2-3bd4-452e-9c35-1adeacc39134@group-0D1055093416-FollowerState was interrupted: java.lang.InterruptedException: sleep interrupted
2019-10-17 05:57:07,948 [9f06b4c9-079f-4989-8935-c6be59ddc82e@group-0D1055093416-LeaderElection104] INFO  impl.LeaderElection (LeaderElection.java:logAndReturn(56)) - 9f06b4c9-079f-4989-8935-c6be59ddc82e@group-0D1055093416-LeaderElection104: Election REJECTED; received 2 response(s) [9f06b4c9-079f-4989-8935-c6be59ddc82e<-b282f9e2-3bd4-452e-9c35-1adeacc39134#0:FAIL-t89, 9f06b4c9-079f-4989-8935-c6be59ddc82e<-3ce2c7b7-3df7-42de-af28-9ba1d65ea84e#0:FAIL-t89] and 0 exception(s); 9f06b4c9-079f-4989-8935-c6be59ddc82e@group-0D1055093416:t89, leader=null, voted=9f06b4c9-079f-4989-8935-c6be59ddc82e, raftlog=9f06b4c9-079f-4989-8935-c6be59ddc82e@group-0D1055093416-SegmentedRaftLog:OPENED:c-1,f-1,i0, conf=-1: [9f06b4c9-079f-4989-8935-c6be59ddc82e:192.168.69.82:36391, b282f9e2-3bd4-452e-9c35-1adeacc39134:192.168.69.82:42567, 3ce2c7b7-3df7-42de-af28-9ba1d65ea84e:192.168.69.82:35388], old=null
2019-10-17 05:57:07,949 [9f06b4c9-079f-4989-8935-c6be59ddc82e@group-0D1055093416-LeaderElection104] INFO  impl.RaftServerImpl (RaftServerImpl.java:setRole(184)) - 9f06b4c9-079f-4989-8935-c6be59ddc82e@group-0D1055093416: changes role from CANDIDATE to FOLLOWER at term 89 for DISCOVERED_A_NEW_TERM
2019-10-17 05:57:07,949 [9f06b4c9-079f-4989-8935-c6be59ddc82e@group-0D1055093416-LeaderElection104] INFO  impl.RoleInfo (RoleInfo.java:shutdownLeaderElection(134)) - 9f06b4c9-079f-4989-8935-c6be59ddc82e: shutdown LeaderElection
2019-10-17 05:57:07,949 [9f06b4c9-079f-4989-8935-c6be59ddc82e@group-0D1055093416-LeaderElection104] INFO  impl.RoleInfo (RoleInfo.java:updateAndGet(143)) - 9f06b4c9-079f-4989-8935-c6be59ddc82e: start FollowerState
2019-10-17 05:57:07,963 [Thread-1138] INFO  impl.FollowerState (FollowerState.java:run(108)) - 9f06b4c9-079f-4989-8935-c6be59ddc82e@group-0D1055093416-FollowerState: change to CANDIDATE, lastRpcTime:13ms, electionTimeout:13ms
2019-10-17 05:57:07,963 [Thread-1138] INFO  impl.RoleInfo (RoleInfo.java:shutdownFollowerState(121)) - 9f06b4c9-079f-4989-8935-c6be59ddc82e: shutdown FollowerState
2019-10-17 05:57:07,963 [Thread-1138] INFO  impl.RaftServerImpl (RaftServerImpl.java:setRole(184)) - 9f06b4c9-079f-4989-8935-c6be59ddc82e@group-0D1055093416: changes role from  FOLLOWER to CANDIDATE at term 89 for changeToCandidate
2019-10-17 05:57:07,963 [Thread-1138] INFO  impl.RoleInfo (RoleInfo.java:updateAndGet(143)) - 9f06b4c9-079f-4989-8935-c6be59ddc82e: start LeaderElection
2019-10-17 05:57:07,977 [9f06b4c9-079f-4989-8935-c6be59ddc82e@group-0D1055093416-LeaderElection105] INFO  impl.LeaderElection (LeaderElection.java:askForVotes(178)) - 9f06b4c9-079f-4989-8935-c6be59ddc82e@group-0D1055093416-LeaderElection105: begin an election at term 90 for -1: [9f06b4c9-079f-4989-8935-c6be59ddc82e:192.168.69.82:36391, b282f9e2-3bd4-452e-9c35-1adeacc39134:192.168.69.82:42567, 3ce2c7b7-3df7-42de-af28-9ba1d65ea84e:192.168.69.82:35388], old=null
2019-10-17 05:57:07,981 [grpc-default-executor-0] INFO  impl.RaftServerImpl (RaftServerImpl.java:setRole(184)) - b282f9e2-3bd4-452e-9c35-1adeacc39134@group-0D1055093416: changes role from  FOLLOWER to FOLLOWER at term 90 for recognizeCandidate:9f06b4c9-079f-4989-8935-c6be59ddc82e
2019-10-17 05:57:07,981 [grpc-default-executor-0] INFO  impl.RoleInfo (RoleInfo.java:shutdownFollowerState(121)) - b282f9e2-3bd4-452e-9c35-1adeacc39134: shutdown FollowerState
2019-10-17 05:57:07,982 [grpc-default-executor-0] INFO  impl.RoleInfo (RoleInfo.java:updateAndGet(143)) - b282f9e2-3bd4-452e-9c35-1adeacc39134: start FollowerState
2019-10-17 05:57:07,982 [Thread-1136] INFO  impl.FollowerState (FollowerState.java:run(117)) - b282f9e2-3bd4-452e-9c35-1adeacc39134@group-0D1055093416-FollowerState was interrupted: java.lang.InterruptedException: sleep interrupted
2019-10-17 05:57:07,983 [grpc-default-executor-8] INFO  impl.RaftServerImpl (RaftServerImpl.java:setRole(184)) - 3ce2c7b7-3df7-42de-af28-9ba1d65ea84e@group-0D1055093416: changes role from  FOLLOWER to FOLLOWER at term 90 for recognizeCandidate:9f06b4c9-079f-4989-8935-c6be59ddc82e
2019-10-17 05:57:07,983 [grpc-default-executor-8] INFO  impl.RoleInfo (RoleInfo.java:shutdownFollowerState(121)) - 3ce2c7b7-3df7-42de-af28-9ba1d65ea84e: shutdown FollowerState
2019-10-17 05:57:07,983 [grpc-default-executor-8] INFO  impl.RoleInfo (RoleInfo.java:updateAndGet(143)) - 3ce2c7b7-3df7-42de-af28-9ba1d65ea84e: start FollowerState
2019-10-17 05:57:07,984 [Thread-1137] INFO  impl.FollowerState (FollowerState.java:run(117)) - 3ce2c7b7-3df7-42de-af28-9ba1d65ea84e@group-0D1055093416-FollowerState was interrupted: java.lang.InterruptedException: sleep interrupted
2019-10-17 05:57:07,998 [9f06b4c9-079f-4989-8935-c6be59ddc82e@group-0D1055093416-LeaderElection105] INFO  impl.LeaderElection (LeaderElection.java:logAndReturn(56)) - 9f06b4c9-079f-4989-8935-c6be59ddc82e@group-0D1055093416-LeaderElection105: Election REJECTED; received 2 response(s) [9f06b4c9-079f-4989-8935-c6be59ddc82e<-b282f9e2-3bd4-452e-9c35-1adeacc39134#0:FAIL-t90, 9f06b4c9-079f-4989-8935-c6be59ddc82e<-3ce2c7b7-3df7-42de-af28-9ba1d65ea84e#0:FAIL-t90] and 0 exception(s); 9f06b4c9-079f-4989-8935-c6be59ddc82e@group-0D1055093416:t90, leader=null, voted=9f06b4c9-079f-4989-8935-c6be59ddc82e, raftlog=9f06b4c9-079f-4989-8935-c6be59ddc82e@group-0D1055093416-SegmentedRaftLog:OPENED:c-1,f-1,i0, conf=-1: [9f06b4c9-079f-4989-8935-c6be59ddc82e:192.168.69.82:36391, b282f9e2-3bd4-452e-9c35-1adeacc39134:192.168.69.82:42567, 3ce2c7b7-3df7-42de-af28-9ba1d65ea84e:192.168.69.82:35388], old=null
2019-10-17 05:57:07,998 [9f06b4c9-079f-4989-8935-c6be59ddc82e@group-0D1055093416-LeaderElection105] INFO  impl.RaftServerImpl (RaftServerImpl.java:setRole(184)) - 9f06b4c9-079f-4989-8935-c6be59ddc82e@group-0D1055093416: changes role from CANDIDATE to FOLLOWER at term 90 for DISCOVERED_A_NEW_TERM
2019-10-17 05:57:07,998 [9f06b4c9-079f-4989-8935-c6be59ddc82e@group-0D1055093416-LeaderElection105] INFO  impl.RoleInfo (RoleInfo.java:shutdownLeaderElection(134)) - 9f06b4c9-079f-4989-8935-c6be59ddc82e: shutdown LeaderElection
2019-10-17 05:57:07,998 [9f06b4c9-079f-4989-8935-c6be59ddc82e@group-0D1055093416-LeaderElection105] INFO  impl.RoleInfo (RoleInfo.java:updateAndGet(143)) - 9f06b4c9-079f-4989-8935-c6be59ddc82e: start FollowerState
2019-10-17 05:57:08,156 [Thread-1147] INFO  impl.FollowerState (FollowerState.java:run(108)) - 9f06b4c9-079f-4989-8935-c6be59ddc82e@group-0D1055093416-FollowerState: change to CANDIDATE, lastRpcTime:157ms, electionTimeout:157ms
2019-10-17 05:57:08,156 [Thread-1147] INFO  impl.RoleInfo (RoleInfo.java:shutdownFollowerState(121)) - 9f06b4c9-079f-4989-8935-c6be59ddc82e: shutdown FollowerState
2019-10-17 05:57:08,157 [Thread-1147] INFO  impl.RaftServerImpl (RaftServerImpl.java:setRole(184)) - 9f06b4c9-079f-4989-8935-c6be59ddc82e@group-0D1055093416: changes role from  FOLLOWER to CANDIDATE at term 90 for changeToCandidate
2019-10-17 05:57:08,157 [Thread-1147] INFO  impl.RoleInfo (RoleInfo.java:updateAndGet(143)) - 9f06b4c9-079f-4989-8935-c6be59ddc82e: start LeaderElection
2019-10-17 05:57:08,179 [9f06b4c9-079f-4989-8935-c6be59ddc82e@group-0D1055093416-LeaderElection106] INFO  impl.LeaderElection (LeaderElection.java:askForVotes(178)) - 9f06b4c9-079f-4989-8935-c6be59ddc82e@group-0D1055093416-LeaderElection106: begin an election at term 91 for -1: [9f06b4c9-079f-4989-8935-c6be59ddc82e:192.168.69.82:36391, b282f9e2-3bd4-452e-9c35-1adeacc39134:192.168.69.82:42567, 3ce2c7b7-3df7-42de-af28-9ba1d65ea84e:192.168.69.82:35388], old=null
2019-10-17 05:57:08,181 [grpc-default-executor-0] INFO  impl.RaftServerImpl (RaftServerImpl.java:setRole(184)) - b282f9e2-3bd4-452e-9c35-1adeacc39134@group-0D1055093416: changes role from  FOLLOWER to FOLLOWER at term 91 for recognizeCandidate:9f06b4c9-079f-4989-8935-c6be59ddc82e
2019-10-17 05:57:08,182 [grpc-default-executor-0] INFO  impl.RoleInfo (RoleInfo.java:shutdownFollowerState(121)) - b282f9e2-3bd4-452e-9c35-1adeacc39134: shutdown FollowerState
2019-10-17 05:57:08,182 [grpc-default-executor-8] INFO  impl.RaftServerImpl (RaftServerImpl.java:setRole(184)) - 3ce2c7b7-3df7-42de-af28-9ba1d65ea84e@group-0D1055093416: changes role from  FOLLOWER to FOLLOWER at term 91 for recognizeCandidate:9f06b4c9-079f-4989-8935-c6be59ddc82e
2019-10-17 05:57:08,182 [Thread-1143] INFO  impl.FollowerState (FollowerState.java:run(117)) - b282f9e2-3bd4-452e-9c35-1adeacc39134@group-0D1055093416-FollowerState was interrupted: java.lang.InterruptedException: sleep interrupted
2019-10-17 05:57:08,182 [grpc-default-executor-0] INFO  impl.RoleInfo (RoleInfo.java:updateAndGet(143)) - b282f9e2-3bd4-452e-9c35-1adeacc39134: start FollowerState
2019-10-17 05:57:08,182 [grpc-default-executor-8] INFO  impl.RoleInfo (RoleInfo.java:shutdownFollowerState(121)) - 3ce2c7b7-3df7-42de-af28-9ba1d65ea84e: shutdown FollowerState
2019-10-17 05:57:08,182 [grpc-default-executor-8] INFO  impl.RoleInfo (RoleInfo.java:updateAndGet(143)) - 3ce2c7b7-3df7-42de-af28-9ba1d65ea84e: start FollowerState
2019-10-17 05:57:08,182 [Thread-1144] INFO  impl.FollowerState (FollowerState.java:run(117)) - 3ce2c7b7-3df7-42de-af28-9ba1d65ea84e@group-0D1055093416-FollowerState was interrupted: java.lang.InterruptedException: sleep interrupted
2019-10-17 05:57:08,197 [9f06b4c9-079f-4989-8935-c6be59ddc82e@group-0D1055093416-LeaderElection106] INFO  impl.LeaderElection (LeaderElection.java:logAndReturn(56)) - 9f06b4c9-079f-4989-8935-c6be59ddc82e@group-0D1055093416-LeaderElection106: Election REJECTED; received 2 response(s) [9f06b4c9-079f-4989-8935-c6be59ddc82e<-b282f9e2-3bd4-452e-9c35-1adeacc39134#0:FAIL-t91, 9f06b4c9-079f-4989-8935-c6be59ddc82e<-3ce2c7b7-3df7-42de-af28-9ba1d65ea84e#0:FAIL-t91] and 0 exception(s); 9f06b4c9-079f-4989-8935-c6be59ddc82e@group-0D1055093416:t91, leader=null, voted=9f06b4c9-079f-4989-8935-c6be59ddc82e, raftlog=9f06b4c9-079f-4989-8935-c6be59ddc82e@group-0D1055093416-SegmentedRaftLog:OPENED:c-1,f-1,i0, conf=-1: [9f06b4c9-079f-4989-8935-c6be59ddc82e:192.168.69.82:36391, b282f9e2-3bd4-452e-9c35-1adeacc39134:192.168.69.82:42567, 3ce2c7b7-3df7-42de-af28-9ba1d65ea84e:192.168.69.82:35388], old=null
2019-10-17 05:57:08,197 [9f06b4c9-079f-4989-8935-c6be59ddc82e@group-0D1055093416-LeaderElection106] INFO  impl.RaftServerImpl (RaftServerImpl.java:setRole(184)) - 9f06b4c9-079f-4989-8935-c6be59ddc82e@group-0D1055093416: changes role from CANDIDATE to FOLLOWER at term 91 for DISCOVERED_A_NEW_TERM
2019-10-17 05:57:08,197 [9f06b4c9-079f-4989-8935-c6be59ddc82e@group-0D1055093416-LeaderElection106] INFO  impl.RoleInfo (RoleInfo.java:shutdownLeaderElection(134)) - 9f06b4c9-079f-4989-8935-c6be59ddc82e: shutdown LeaderElection
2019-10-17 05:57:08,197 [9f06b4c9-079f-4989-8935-c6be59ddc82e@group-0D1055093416-LeaderElection106] INFO  impl.RoleInfo (RoleInfo.java:updateAndGet(143)) - 9f06b4c9-079f-4989-8935-c6be59ddc82e: start FollowerState
2019-10-17 05:57:08,330 [Thread-1174] INFO  impl.FollowerState (FollowerState.java:run(108)) - 9f06b4c9-079f-4989-8935-c6be59ddc82e@group-0D1055093416-FollowerState: change to CANDIDATE, lastRpcTime:132ms, electionTimeout:132ms
2019-10-17 05:57:08,330 [Thread-1174] INFO  impl.RoleInfo (RoleInfo.java:shutdownFollowerState(121)) - 9f06b4c9-079f-4989-8935-c6be59ddc82e: shutdown FollowerState
2019-10-17 05:57:08,330 [Thread-1174] INFO  impl.RaftServerImpl (RaftServerImpl.java:setRole(184)) - 9f06b4c9-079f-4989-8935-c6be59ddc82e@group-0D1055093416: changes role from  FOLLOWER to CANDIDATE at term 91 for changeToCandidate
2019-10-17 05:57:08,330 [Thread-1174] INFO  impl.RoleInfo (RoleInfo.java:updateAndGet(143)) - 9f06b4c9-079f-4989-8935-c6be59ddc82e: start LeaderElection
2019-10-17 05:57:08,343 [9f06b4c9-079f-4989-8935-c6be59ddc82e@group-0D1055093416-LeaderElection107] INFO  impl.LeaderElection (LeaderElection.java:askForVotes(178)) - 9f06b4c9-079f-4989-8935-c6be59ddc82e@group-0D1055093416-LeaderElection107: begin an election at term 92 for -1: [9f06b4c9-079f-4989-8935-c6be59ddc82e:192.168.69.82:36391, b282f9e2-3bd4-452e-9c35-1adeacc39134:192.168.69.82:42567, 3ce2c7b7-3df7-42de-af28-9ba1d65ea84e:192.168.69.82:35388], old=null
2019-10-17 05:57:08,345 [grpc-default-executor-0] INFO  impl.RaftServerImpl (RaftServerImpl.java:setRole(184)) - b282f9e2-3bd4-452e-9c35-1adeacc39134@group-0D1055093416: changes role from  FOLLOWER to FOLLOWER at term 92 for recognizeCandidate:9f06b4c9-079f-4989-8935-c6be59ddc82e
2019-10-17 05:57:08,345 [grpc-default-executor-0] INFO  impl.RoleInfo (RoleInfo.java:shutdownFollowerState(121)) - b282f9e2-3bd4-452e-9c35-1adeacc39134: shutdown FollowerState
2019-10-17 05:57:08,345 [grpc-default-executor-8] INFO  impl.RaftServerImpl (RaftServerImpl.java:setRole(184)) - 3ce2c7b7-3df7-42de-af28-9ba1d65ea84e@group-0D1055093416: changes role from  FOLLOWER to FOLLOWER at term 92 for recognizeCandidate:9f06b4c9-079f-4989-8935-c6be59ddc82e
2019-10-17 05:57:08,346 [Thread-1171] INFO  impl.FollowerState (FollowerState.java:run(117)) - b282f9e2-3bd4-452e-9c35-1adeacc39134@group-0D1055093416-FollowerState was interrupted: java.lang.InterruptedException: sleep interrupted
2019-10-17 05:57:08,346 [grpc-default-executor-0] INFO  impl.RoleInfo (RoleInfo.java:updateAndGet(143)) - b282f9e2-3bd4-452e-9c35-1adeacc39134: start FollowerState
2019-10-17 05:57:08,346 [grpc-default-executor-8] INFO  impl.RoleInfo (RoleInfo.java:shutdownFollowerState(121)) - 3ce2c7b7-3df7-42de-af28-9ba1d65ea84e: shutdown FollowerState
2019-10-17 05:57:08,347 [grpc-default-executor-8] INFO  impl.RoleInfo (RoleInfo.java:updateAndGet(143)) - 3ce2c7b7-3df7-42de-af28-9ba1d65ea84e: start FollowerState
2019-10-17 05:57:08,347 [Thread-1172] INFO  impl.FollowerState (FollowerState.java:run(117)) - 3ce2c7b7-3df7-42de-af28-9ba1d65ea84e@group-0D1055093416-FollowerState was interrupted: java.lang.InterruptedException: sleep interrupted
2019-10-17 05:57:08,357 [9f06b4c9-079f-4989-8935-c6be59ddc82e@group-0D1055093416-LeaderElection107] INFO  impl.LeaderElection (LeaderElection.java:logAndReturn(56)) - 9f06b4c9-079f-4989-8935-c6be59ddc82e@group-0D1055093416-LeaderElection107: Election REJECTED; received 2 response(s) [9f06b4c9-079f-4989-8935-c6be59ddc82e<-b282f9e2-3bd4-452e-9c35-1adeacc39134#0:FAIL-t92, 9f06b4c9-079f-4989-8935-c6be59ddc82e<-3ce2c7b7-3df7-42de-af28-9ba1d65ea84e#0:FAIL-t92] and 0 exception(s); 9f06b4c9-079f-4989-8935-c6be59ddc82e@group-0D1055093416:t92, leader=null, voted=9f06b4c9-079f-4989-8935-c6be59ddc82e, raftlog=9f06b4c9-079f-4989-8935-c6be59ddc82e@group-0D1055093416-SegmentedRaftLog:OPENED:c-1,f-1,i0, conf=-1: [9f06b4c9-079f-4989-8935-c6be59ddc82e:192.168.69.82:36391, b282f9e2-3bd4-452e-9c35-1adeacc39134:192.168.69.82:42567, 3ce2c7b7-3df7-42de-af28-9ba1d65ea84e:192.168.69.82:35388], old=null
2019-10-17 05:57:08,357 [9f06b4c9-079f-4989-8935-c6be59ddc82e@group-0D1055093416-LeaderElection107] INFO  impl.RaftServerImpl (RaftServerImpl.java:setRole(184)) - 9f06b4c9-079f-4989-8935-c6be59ddc82e@group-0D1055093416: changes role from CANDIDATE to FOLLOWER at term 92 for DISCOVERED_A_NEW_TERM
2019-10-17 05:57:08,357 [9f06b4c9-079f-4989-8935-c6be59ddc82e@group-0D1055093416-LeaderElection107] INFO  impl.RoleInfo (RoleInfo.java:shutdownLeaderElection(134)) - 9f06b4c9-079f-4989-8935-c6be59ddc82e: shutdown LeaderElection
2019-10-17 05:57:08,357 [9f06b4c9-079f-4989-8935-c6be59ddc82e@group-0D1055093416-LeaderElection107] INFO  impl.RoleInfo (RoleInfo.java:updateAndGet(143)) - 9f06b4c9-079f-4989-8935-c6be59ddc82e: start FollowerState
2019-10-17 05:57:08,504 [Thread-1180] INFO  impl.FollowerState (FollowerState.java:run(108)) - 9f06b4c9-079f-4989-8935-c6be59ddc82e@group-0D1055093416-FollowerState: change to CANDIDATE, lastRpcTime:147ms, electionTimeout:147ms
2019-10-17 05:57:08,505 [Thread-1180] INFO  impl.RoleInfo (RoleInfo.java:shutdownFollowerState(121)) - 9f06b4c9-079f-4989-8935-c6be59ddc82e: shutdown FollowerState
2019-10-17 05:57:08,505 [Thread-1180] INFO  impl.RaftServerImpl (RaftServerImpl.java:setRole(184)) - 9f06b4c9-079f-4989-8935-c6be59ddc82e@group-0D1055093416: changes role from  FOLLOWER to CANDIDATE at term 92 for changeToCandidate
2019-10-17 05:57:08,505 [Thread-1180] INFO  impl.RoleInfo (RoleInfo.java:updateAndGet(143)) - 9f06b4c9-079f-4989-8935-c6be59ddc82e: start LeaderElection
2019-10-17 05:57:08,519 [9f06b4c9-079f-4989-8935-c6be59ddc82e@group-0D1055093416-LeaderElection108] INFO  impl.LeaderElection (LeaderElection.java:askForVotes(178)) - 9f06b4c9-079f-4989-8935-c6be59ddc82e@group-0D1055093416-LeaderElection108: begin an election at term 93 for -1: [9f06b4c9-079f-4989-8935-c6be59ddc82e:192.168.69.82:36391, b282f9e2-3bd4-452e-9c35-1adeacc39134:192.168.69.82:42567, 3ce2c7b7-3df7-42de-af28-9ba1d65ea84e:192.168.69.82:35388], old=null
2019-10-17 05:57:08,521 [grpc-default-executor-0] INFO  impl.RaftServerImpl (RaftServerImpl.java:setRole(184)) - b282f9e2-3bd4-452e-9c35-1adeacc39134@group-0D1055093416: changes role from  FOLLOWER to FOLLOWER at term 93 for recognizeCandidate:9f06b4c9-079f-4989-8935-c6be59ddc82e
2019-10-17 05:57:08,521 [grpc-default-executor-0] INFO  impl.RoleInfo (RoleInfo.java:shutdownFollowerState(121)) - b282f9e2-3bd4-452e-9c35-1adeacc39134: shutdown FollowerState
2019-10-17 05:57:08,521 [grpc-default-executor-0] INFO  impl.RoleInfo (RoleInfo.java:updateAndGet(143)) - b282f9e2-3bd4-452e-9c35-1adeacc39134: start FollowerState
2019-10-17 05:57:08,521 [Thread-1178] INFO  impl.FollowerState (FollowerState.java:run(117)) - b282f9e2-3bd4-452e-9c35-1adeacc39134@group-0D1055093416-FollowerState was interrupted: java.lang.InterruptedException: sleep interrupted
2019-10-17 05:57:08,522 [grpc-default-executor-8] INFO  impl.RaftServerImpl (RaftServerImpl.java:setRole(184)) - 3ce2c7b7-3df7-42de-af28-9ba1d65ea84e@group-0D1055093416: changes role from  FOLLOWER to FOLLOWER at term 93 for recognizeCandidate:9f06b4c9-079f-4989-8935-c6be59ddc82e
2019-10-17 05:57:08,522 [grpc-default-executor-8] INFO  impl.RoleInfo (RoleInfo.java:shutdownFollowerState(121)) - 3ce2c7b7-3df7-42de-af28-9ba1d65ea84e: shutdown FollowerState
2019-10-17 05:57:08,522 [grpc-default-executor-8] INFO  impl.RoleInfo (RoleInfo.java:updateAndGet(143)) - 3ce2c7b7-3df7-42de-af28-9ba1d65ea84e: start FollowerState
2019-10-17 05:57:08,522 [Thread-1179] INFO  impl.FollowerState (FollowerState.java:run(117)) - 3ce2c7b7-3df7-42de-af28-9ba1d65ea84e@group-0D1055093416-FollowerState was interrupted: java.lang.InterruptedException: sleep interrupted
2019-10-17 05:57:08,536 [9f06b4c9-079f-4989-8935-c6be59ddc82e@group-0D1055093416-LeaderElection108] INFO  impl.LeaderElection (LeaderElection.java:logAndReturn(56)) - 9f06b4c9-079f-4989-8935-c6be59ddc82e@group-0D1055093416-LeaderElection108: Election REJECTED; received 2 response(s) [9f06b4c9-079f-4989-8935-c6be59ddc82e<-b282f9e2-3bd4-452e-9c35-1adeacc39134#0:FAIL-t93, 9f06b4c9-079f-4989-8935-c6be59ddc82e<-3ce2c7b7-3df7-42de-af28-9ba1d65ea84e#0:FAIL-t93] and 0 exception(s); 9f06b4c9-079f-4989-8935-c6be59ddc82e@group-0D1055093416:t93, leader=null, voted=9f06b4c9-079f-4989-8935-c6be59ddc82e, raftlog=9f06b4c9-079f-4989-8935-c6be59ddc82e@group-0D1055093416-SegmentedRaftLog:OPENED:c-1,f-1,i0, conf=-1: [9f06b4c9-079f-4989-8935-c6be59ddc82e:192.168.69.82:36391, b282f9e2-3bd4-452e-9c35-1adeacc39134:192.168.69.82:42567, 3ce2c7b7-3df7-42de-af28-9ba1d65ea84e:192.168.69.82:35388], old=null
2019-10-17 05:57:08,537 [9f06b4c9-079f-4989-8935-c6be59ddc82e@group-0D1055093416-LeaderElection108] INFO  impl.RaftServerImpl (RaftServerImpl.java:setRole(184)) - 9f06b4c9-079f-4989-8935-c6be59ddc82e@group-0D1055093416: changes role from CANDIDATE to FOLLOWER at term 93 for DISCOVERED_A_NEW_TERM
2019-10-17 05:57:08,537 [9f06b4c9-079f-4989-8935-c6be59ddc82e@group-0D1055093416-LeaderElection108] INFO  impl.RoleInfo (RoleInfo.java:shutdownLeaderElection(134)) - 9f06b4c9-079f-4989-8935-c6be59ddc82e: shutdown LeaderElection
2019-10-17 05:57:08,537 [9f06b4c9-079f-4989-8935-c6be59ddc82e@group-0D1055093416-LeaderElection108] INFO  impl.RoleInfo (RoleInfo.java:updateAndGet(143)) - 9f06b4c9-079f-4989-8935-c6be59ddc82e: start FollowerState
2019-10-17 05:57:08,541 [main] INFO  ozone.MiniOzoneClusterImpl (MiniOzoneClusterImpl.java:shutdown(314)) - Shutting down the Mini Ozone Cluster
2019-10-17 05:57:08,541 [main] INFO  ozone.MiniOzoneClusterImpl (MiniOzoneClusterImpl.java:stop(330)) - Stopping the Mini Ozone Cluster
2019-10-17 05:57:08,541 [main] INFO  ozone.MiniOzoneClusterImpl (MiniOzoneClusterImpl.java:stopOM(400)) - Stopping the OzoneManager
2019-10-17 05:57:08,541 [main] INFO  ipc.Server (Server.java:stop(3082)) - Stopping server on 45181
2019-10-17 05:57:08,560 [IPC Server listener on 45181] INFO  ipc.Server (Server.java:run(1185)) - Stopping IPC Server listener on 45181
2019-10-17 05:57:08,563 [main] INFO  ratis.OzoneManagerDoubleBuffer (OzoneManagerDoubleBuffer.java:stop(250)) - Stopping OMDoubleBuffer flush thread
2019-10-17 05:57:08,569 [OMDoubleBufferFlushThread] INFO  ratis.OzoneManagerDoubleBuffer (OzoneManagerDoubleBuffer.java:flushTransactions(193)) - OMDoubleBuffer flush thread OMDoubleBufferFlushThread is interrupted and will exit. OMDoubleBufferFlushThread
2019-10-17 05:57:08,573 [IPC Server Responder] INFO  ipc.Server (Server.java:run(1319)) - Stopping IPC Server Responder
2019-10-17 05:57:08,575 [Thread-1190] INFO  impl.FollowerState (FollowerState.java:run(108)) - 9f06b4c9-079f-4989-8935-c6be59ddc82e@group-0D1055093416-FollowerState: change to CANDIDATE, lastRpcTime:38ms, electionTimeout:38ms
2019-10-17 05:57:08,576 [Thread-1190] INFO  impl.RoleInfo (RoleInfo.java:shutdownFollowerState(121)) - 9f06b4c9-079f-4989-8935-c6be59ddc82e: shutdown FollowerState
2019-10-17 05:57:08,576 [Thread-1190] INFO  impl.RaftServerImpl (RaftServerImpl.java:setRole(184)) - 9f06b4c9-079f-4989-8935-c6be59ddc82e@group-0D1055093416: changes role from  FOLLOWER to CANDIDATE at term 93 for changeToCandidate
2019-10-17 05:57:08,586 [main] INFO  utils.BackgroundService (BackgroundService.java:shutdown(151)) - Shutting down service KeyDeletingService
2019-10-17 05:57:08,586 [Thread-1190] INFO  impl.RoleInfo (RoleInfo.java:updateAndGet(143)) - 9f06b4c9-079f-4989-8935-c6be59ddc82e: start LeaderElection
2019-10-17 05:57:08,591 [main] INFO  handler.ContextHandler (ContextHandler.java:doStop(910)) - Stopped o.e.j.w.WebAppContext@12db3386{/,null,UNAVAILABLE}{/ozoneManager}
2019-10-17 05:57:08,600 [main] INFO  server.AbstractConnector (AbstractConnector.java:doStop(318)) - Stopped ServerConnector@4078695f{HTTP/1.1,[http/1.1]}{0.0.0.0:0}
2019-10-17 05:57:08,601 [main] INFO  handler.ContextHandler (ContextHandler.java:doStop(910)) - Stopped o.e.j.s.ServletContextHandler@30b2b76f{/static,file:///workdir/hadoop-ozone/integration-test/target/test-classes/webapps/static,UNAVAILABLE}
2019-10-17 05:57:08,601 [main] INFO  handler.ContextHandler (ContextHandler.java:doStop(910)) - Stopped o.e.j.s.ServletContextHandler@6b63d445{/logs,file:///workdir/hadoop-ozone/integration-test/target/log,UNAVAILABLE}
2019-10-17 05:57:08,607 [main] INFO  ozone.MiniOzoneClusterImpl (MiniOzoneClusterImpl.java:stopDatanodes(377)) - Stopping the HddsDatanodes
2019-10-17 05:57:08,616 [9f06b4c9-079f-4989-8935-c6be59ddc82e@group-0D1055093416-LeaderElection109] INFO  impl.LeaderElection (LeaderElection.java:askForVotes(178)) - 9f06b4c9-079f-4989-8935-c6be59ddc82e@group-0D1055093416-LeaderElection109: begin an election at term 94 for -1: [9f06b4c9-079f-4989-8935-c6be59ddc82e:192.168.69.82:36391, b282f9e2-3bd4-452e-9c35-1adeacc39134:192.168.69.82:42567, 3ce2c7b7-3df7-42de-af28-9ba1d65ea84e:192.168.69.82:35388], old=null
2019-10-17 05:57:08,618 [grpc-default-executor-0] INFO  impl.RaftServerImpl (RaftServerImpl.java:setRole(184)) - b282f9e2-3bd4-452e-9c35-1adeacc39134@group-0D1055093416: changes role from  FOLLOWER to FOLLOWER at term 94 for recognizeCandidate:9f06b4c9-079f-4989-8935-c6be59ddc82e
2019-10-17 05:57:08,618 [grpc-default-executor-8] INFO  impl.RaftServerImpl (RaftServerImpl.java:setRole(184)) - 3ce2c7b7-3df7-42de-af28-9ba1d65ea84e@group-0D1055093416: changes role from  FOLLOWER to FOLLOWER at term 94 for recognizeCandidate:9f06b4c9-079f-4989-8935-c6be59ddc82e
2019-10-17 05:57:08,618 [grpc-default-executor-0] INFO  impl.RoleInfo (RoleInfo.java:shutdownFollowerState(121)) - b282f9e2-3bd4-452e-9c35-1adeacc39134: shutdown FollowerState
2019-10-17 05:57:08,618 [grpc-default-executor-8] INFO  impl.RoleInfo (RoleInfo.java:shutdownFollowerState(121)) - 3ce2c7b7-3df7-42de-af28-9ba1d65ea84e: shutdown FollowerState
2019-10-17 05:57:08,619 [Thread-1184] INFO  impl.FollowerState (FollowerState.java:run(117)) - b282f9e2-3bd4-452e-9c35-1adeacc39134@group-0D1055093416-FollowerState was interrupted: java.lang.InterruptedException: sleep interrupted
2019-10-17 05:57:08,619 [grpc-default-executor-0] INFO  impl.RoleInfo (RoleInfo.java:updateAndGet(143)) - b282f9e2-3bd4-452e-9c35-1adeacc39134: start FollowerState
2019-10-17 05:57:08,619 [Thread-1185] INFO  impl.FollowerState (FollowerState.java:run(117)) - 3ce2c7b7-3df7-42de-af28-9ba1d65ea84e@group-0D1055093416-FollowerState was interrupted: java.lang.InterruptedException: sleep interrupted
2019-10-17 05:57:08,619 [grpc-default-executor-8] INFO  impl.RoleInfo (RoleInfo.java:updateAndGet(143)) - 3ce2c7b7-3df7-42de-af28-9ba1d65ea84e: start FollowerState
2019-10-17 05:57:08,654 [9f06b4c9-079f-4989-8935-c6be59ddc82e@group-0D1055093416-LeaderElection109] INFO  impl.LeaderElection (LeaderElection.java:logAndReturn(56)) - 9f06b4c9-079f-4989-8935-c6be59ddc82e@group-0D1055093416-LeaderElection109: Election REJECTED; received 2 response(s) [9f06b4c9-079f-4989-8935-c6be59ddc82e<-b282f9e2-3bd4-452e-9c35-1adeacc39134#0:FAIL-t94, 9f06b4c9-079f-4989-8935-c6be59ddc82e<-3ce2c7b7-3df7-42de-af28-9ba1d65ea84e#0:FAIL-t94] and 0 exception(s); 9f06b4c9-079f-4989-8935-c6be59ddc82e@group-0D1055093416:t94, leader=null, voted=9f06b4c9-079f-4989-8935-c6be59ddc82e, raftlog=9f06b4c9-079f-4989-8935-c6be59ddc82e@group-0D1055093416-SegmentedRaftLog:OPENED:c-1,f-1,i0, conf=-1: [9f06b4c9-079f-4989-8935-c6be59ddc82e:192.168.69.82:36391, b282f9e2-3bd4-452e-9c35-1adeacc39134:192.168.69.82:42567, 3ce2c7b7-3df7-42de-af28-9ba1d65ea84e:192.168.69.82:35388], old=null
2019-10-17 05:57:08,654 [9f06b4c9-079f-4989-8935-c6be59ddc82e@group-0D1055093416-LeaderElection109] INFO  impl.RaftServerImpl (RaftServerImpl.java:setRole(184)) - 9f06b4c9-079f-4989-8935-c6be59ddc82e@group-0D1055093416: changes role from CANDIDATE to FOLLOWER at term 94 for DISCOVERED_A_NEW_TERM
2019-10-17 05:57:08,654 [9f06b4c9-079f-4989-8935-c6be59ddc82e@group-0D1055093416-LeaderElection109] INFO  impl.RoleInfo (RoleInfo.java:shutdownLeaderElection(134)) - 9f06b4c9-079f-4989-8935-c6be59ddc82e: shutdown LeaderElection
2019-10-17 05:57:08,654 [9f06b4c9-079f-4989-8935-c6be59ddc82e@group-0D1055093416-LeaderElection109] INFO  impl.RoleInfo (RoleInfo.java:updateAndGet(143)) - 9f06b4c9-079f-4989-8935-c6be59ddc82e: start FollowerState
2019-10-17 05:57:08,678 [Datanode State Machine Thread - 0] INFO  statemachine.DatanodeStateMachine (DatanodeStateMachine.java:lambda$startDaemon$0(350)) - Ozone container server started.
2019-10-17 05:57:08,732 [Datanode State Machine Thread - 0] INFO  statemachine.DatanodeStateMachine (DatanodeStateMachine.java:lambda$startDaemon$0(350)) - Ozone container server started.
2019-10-17 05:57:08,757 [Thread-1196] INFO  impl.FollowerState (FollowerState.java:run(108)) - 9f06b4c9-079f-4989-8935-c6be59ddc82e@group-0D1055093416-FollowerState: change to CANDIDATE, lastRpcTime:102ms, electionTimeout:102ms
2019-10-17 05:57:08,757 [Thread-1196] INFO  impl.RoleInfo (RoleInfo.java:shutdownFollowerState(121)) - 9f06b4c9-079f-4989-8935-c6be59ddc82e: shutdown FollowerState
2019-10-17 05:57:08,757 [Thread-1196] INFO  impl.RaftServerImpl (RaftServerImpl.java:setRole(184)) - 9f06b4c9-079f-4989-8935-c6be59ddc82e@group-0D1055093416: changes role from  FOLLOWER to CANDIDATE at term 94 for changeToCandidate
2019-10-17 05:57:08,757 [Thread-1196] INFO  impl.RoleInfo (RoleInfo.java:updateAndGet(143)) - 9f06b4c9-079f-4989-8935-c6be59ddc82e: start LeaderElection
2019-10-17 05:57:08,771 [9f06b4c9-079f-4989-8935-c6be59ddc82e@group-0D1055093416-LeaderElection110] INFO  impl.LeaderElection (LeaderElection.java:askForVotes(178)) - 9f06b4c9-079f-4989-8935-c6be59ddc82e@group-0D1055093416-LeaderElection110: begin an election at term 95 for -1: [9f06b4c9-079f-4989-8935-c6be59ddc82e:192.168.69.82:36391, b282f9e2-3bd4-452e-9c35-1adeacc39134:192.168.69.82:42567, 3ce2c7b7-3df7-42de-af28-9ba1d65ea84e:192.168.69.82:35388], old=null
2019-10-17 05:57:08,774 [grpc-default-executor-0] INFO  impl.RaftServerImpl (RaftServerImpl.java:setRole(184)) - b282f9e2-3bd4-452e-9c35-1adeacc39134@group-0D1055093416: changes role from  FOLLOWER to FOLLOWER at term 95 for recognizeCandidate:9f06b4c9-079f-4989-8935-c6be59ddc82e
2019-10-17 05:57:08,774 [grpc-default-executor-0] INFO  impl.RoleInfo (RoleInfo.java:shutdownFollowerState(121)) - b282f9e2-3bd4-452e-9c35-1adeacc39134: shutdown FollowerState
2019-10-17 05:57:08,774 [grpc-default-executor-0] INFO  impl.RoleInfo (RoleInfo.java:updateAndGet(143)) - b282f9e2-3bd4-452e-9c35-1adeacc39134: start FollowerState
2019-10-17 05:57:08,774 [Thread-1194] INFO  impl.FollowerState (FollowerState.java:run(117)) - b282f9e2-3bd4-452e-9c35-1adeacc39134@group-0D1055093416-FollowerState was interrupted: java.lang.InterruptedException: sleep interrupted
2019-10-17 05:57:08,774 [grpc-default-executor-8] INFO  impl.RaftServerImpl (RaftServerImpl.java:setRole(184)) - 3ce2c7b7-3df7-42de-af28-9ba1d65ea84e@group-0D1055093416: changes role from  FOLLOWER to FOLLOWER at term 95 for recognizeCandidate:9f06b4c9-079f-4989-8935-c6be59ddc82e
2019-10-17 05:57:08,775 [grpc-default-executor-8] INFO  impl.RoleInfo (RoleInfo.java:shutdownFollowerState(121)) - 3ce2c7b7-3df7-42de-af28-9ba1d65ea84e: shutdown FollowerState
2019-10-17 05:57:08,775 [grpc-default-executor-8] INFO  impl.RoleInfo (RoleInfo.java:updateAndGet(143)) - 3ce2c7b7-3df7-42de-af28-9ba1d65ea84e: start FollowerState
2019-10-17 05:57:08,775 [Thread-1195] INFO  impl.FollowerState (FollowerState.java:run(117)) - 3ce2c7b7-3df7-42de-af28-9ba1d65ea84e@group-0D1055093416-FollowerState was interrupted: java.lang.InterruptedException: sleep interrupted
2019-10-17 05:57:08,793 [9f06b4c9-079f-4989-8935-c6be59ddc82e@group-0D1055093416-LeaderElection110] INFO  impl.LeaderElection (LeaderElection.java:logAndReturn(56)) - 9f06b4c9-079f-4989-8935-c6be59ddc82e@group-0D1055093416-LeaderElection110: Election REJECTED; received 2 response(s) [9f06b4c9-079f-4989-8935-c6be59ddc82e<-b282f9e2-3bd4-452e-9c35-1adeacc39134#0:FAIL-t95, 9f06b4c9-079f-4989-8935-c6be59ddc82e<-3ce2c7b7-3df7-42de-af28-9ba1d65ea84e#0:FAIL-t95] and 0 exception(s); 9f06b4c9-079f-4989-8935-c6be59ddc82e@group-0D1055093416:t95, leader=null, voted=9f06b4c9-079f-4989-8935-c6be59ddc82e, raftlog=9f06b4c9-079f-4989-8935-c6be59ddc82e@group-0D1055093416-SegmentedRaftLog:OPENED:c-1,f-1,i0, conf=-1: [9f06b4c9-079f-4989-8935-c6be59ddc82e:192.168.69.82:36391, b282f9e2-3bd4-452e-9c35-1adeacc39134:192.168.69.82:42567, 3ce2c7b7-3df7-42de-af28-9ba1d65ea84e:192.168.69.82:35388], old=null
2019-10-17 05:57:08,793 [9f06b4c9-079f-4989-8935-c6be59ddc82e@group-0D1055093416-LeaderElection110] INFO  impl.RaftServerImpl (RaftServerImpl.java:setRole(184)) - 9f06b4c9-079f-4989-8935-c6be59ddc82e@group-0D1055093416: changes role from CANDIDATE to FOLLOWER at term 95 for DISCOVERED_A_NEW_TERM
2019-10-17 05:57:08,793 [9f06b4c9-079f-4989-8935-c6be59ddc82e@group-0D1055093416-LeaderElection110] INFO  impl.RoleInfo (RoleInfo.java:shutdownLeaderElection(134)) - 9f06b4c9-079f-4989-8935-c6be59ddc82e: shutdown LeaderElection
2019-10-17 05:57:08,793 [9f06b4c9-079f-4989-8935-c6be59ddc82e@group-0D1055093416-LeaderElection110] INFO  impl.RoleInfo (RoleInfo.java:updateAndGet(143)) - 9f06b4c9-079f-4989-8935-c6be59ddc82e: start FollowerState
2019-10-17 05:57:08,798 [Thread-1215] INFO  impl.FollowerState (FollowerState.java:run(108)) - 9f06b4c9-079f-4989-8935-c6be59ddc82e@group-0D1055093416-FollowerState: change to CANDIDATE, lastRpcTime:5ms, electionTimeout:5ms
2019-10-17 05:57:08,798 [Thread-1215] INFO  impl.RoleInfo (RoleInfo.java:shutdownFollowerState(121)) - 9f06b4c9-079f-4989-8935-c6be59ddc82e: shutdown FollowerState
2019-10-17 05:57:08,798 [Thread-1215] INFO  impl.RaftServerImpl (RaftServerImpl.java:setRole(184)) - 9f06b4c9-079f-4989-8935-c6be59ddc82e@group-0D1055093416: changes role from  FOLLOWER to CANDIDATE at term 95 for changeToCandidate
2019-10-17 05:57:08,799 [Thread-1215] INFO  impl.RoleInfo (RoleInfo.java:updateAndGet(143)) - 9f06b4c9-079f-4989-8935-c6be59ddc82e: start LeaderElection
2019-10-17 05:57:08,809 [9f06b4c9-079f-4989-8935-c6be59ddc82e@group-0D1055093416-LeaderElection111] INFO  impl.LeaderElection (LeaderElection.java:askForVotes(178)) - 9f06b4c9-079f-4989-8935-c6be59ddc82e@group-0D1055093416-LeaderElection111: begin an election at term 96 for -1: [9f06b4c9-079f-4989-8935-c6be59ddc82e:192.168.69.82:36391, b282f9e2-3bd4-452e-9c35-1adeacc39134:192.168.69.82:42567, 3ce2c7b7-3df7-42de-af28-9ba1d65ea84e:192.168.69.82:35388], old=null
2019-10-17 05:57:08,811 [grpc-default-executor-0] INFO  impl.RaftServerImpl (RaftServerImpl.java:setRole(184)) - b282f9e2-3bd4-452e-9c35-1adeacc39134@group-0D1055093416: changes role from  FOLLOWER to FOLLOWER at term 96 for recognizeCandidate:9f06b4c9-079f-4989-8935-c6be59ddc82e
2019-10-17 05:57:08,811 [grpc-default-executor-0] INFO  impl.RoleInfo (RoleInfo.java:shutdownFollowerState(121)) - b282f9e2-3bd4-452e-9c35-1adeacc39134: shutdown FollowerState
2019-10-17 05:57:08,811 [grpc-default-executor-8] INFO  impl.RaftServerImpl (RaftServerImpl.java:setRole(184)) - 3ce2c7b7-3df7-42de-af28-9ba1d65ea84e@group-0D1055093416: changes role from  FOLLOWER to FOLLOWER at term 96 for recognizeCandidate:9f06b4c9-079f-4989-8935-c6be59ddc82e
2019-10-17 05:57:08,811 [grpc-default-executor-0] INFO  impl.RoleInfo (RoleInfo.java:updateAndGet(143)) - b282f9e2-3bd4-452e-9c35-1adeacc39134: start FollowerState
2019-10-17 05:57:08,811 [Thread-1212] INFO  impl.FollowerState (FollowerState.java:run(117)) - b282f9e2-3bd4-452e-9c35-1adeacc39134@group-0D1055093416-FollowerState was interrupted: java.lang.InterruptedException: sleep interrupted
2019-10-17 05:57:08,811 [grpc-default-executor-8] INFO  impl.RoleInfo (RoleInfo.java:shutdownFollowerState(121)) - 3ce2c7b7-3df7-42de-af28-9ba1d65ea84e: shutdown FollowerState
2019-10-17 05:57:08,812 [grpc-default-executor-8] INFO  impl.RoleInfo (RoleInfo.java:updateAndGet(143)) - 3ce2c7b7-3df7-42de-af28-9ba1d65ea84e: start FollowerState
2019-10-17 05:57:08,812 [Thread-1213] INFO  impl.FollowerState (FollowerState.java:run(117)) - 3ce2c7b7-3df7-42de-af28-9ba1d65ea84e@group-0D1055093416-FollowerState was interrupted: java.lang.InterruptedException: sleep interrupted
2019-10-17 05:57:08,827 [9f06b4c9-079f-4989-8935-c6be59ddc82e@group-0D1055093416-LeaderElection111] INFO  impl.LeaderElection (LeaderElection.java:logAndReturn(56)) - 9f06b4c9-079f-4989-8935-c6be59ddc82e@group-0D1055093416-LeaderElection111: Election REJECTED; received 2 response(s) [9f06b4c9-079f-4989-8935-c6be59ddc82e<-b282f9e2-3bd4-452e-9c35-1adeacc39134#0:FAIL-t96, 9f06b4c9-079f-4989-8935-c6be59ddc82e<-3ce2c7b7-3df7-42de-af28-9ba1d65ea84e#0:FAIL-t96] and 0 exception(s); 9f06b4c9-079f-4989-8935-c6be59ddc82e@group-0D1055093416:t96, leader=null, voted=9f06b4c9-079f-4989-8935-c6be59ddc82e, raftlog=9f06b4c9-079f-4989-8935-c6be59ddc82e@group-0D1055093416-SegmentedRaftLog:OPENED:c-1,f-1,i0, conf=-1: [9f06b4c9-079f-4989-8935-c6be59ddc82e:192.168.69.82:36391, b282f9e2-3bd4-452e-9c35-1adeacc39134:192.168.69.82:42567, 3ce2c7b7-3df7-42de-af28-9ba1d65ea84e:192.168.69.82:35388], old=null
2019-10-17 05:57:08,827 [9f06b4c9-079f-4989-8935-c6be59ddc82e@group-0D1055093416-LeaderElection111] INFO  impl.RaftServerImpl (RaftServerImpl.java:setRole(184)) - 9f06b4c9-079f-4989-8935-c6be59ddc82e@group-0D1055093416: changes role from CANDIDATE to FOLLOWER at term 96 for DISCOVERED_A_NEW_TERM
2019-10-17 05:57:08,827 [9f06b4c9-079f-4989-8935-c6be59ddc82e@group-0D1055093416-LeaderElection111] INFO  impl.RoleInfo (RoleInfo.java:shutdownLeaderElection(134)) - 9f06b4c9-079f-4989-8935-c6be59ddc82e: shutdown LeaderElection
2019-10-17 05:57:08,827 [9f06b4c9-079f-4989-8935-c6be59ddc82e@group-0D1055093416-LeaderElection111] INFO  impl.RoleInfo (RoleInfo.java:updateAndGet(143)) - 9f06b4c9-079f-4989-8935-c6be59ddc82e: start FollowerState
2019-10-17 05:57:08,835 [Thread-1221] INFO  impl.FollowerState (FollowerState.java:run(108)) - 9f06b4c9-079f-4989-8935-c6be59ddc82e@group-0D1055093416-FollowerState: change to CANDIDATE, lastRpcTime:7ms, electionTimeout:7ms
2019-10-17 05:57:08,835 [Thread-1221] INFO  impl.RoleInfo (RoleInfo.java:shutdownFollowerState(121)) - 9f06b4c9-079f-4989-8935-c6be59ddc82e: shutdown FollowerState
2019-10-17 05:57:08,835 [Thread-1221] INFO  impl.RaftServerImpl (RaftServerImpl.java:setRole(184)) - 9f06b4c9-079f-4989-8935-c6be59ddc82e@group-0D1055093416: changes role from  FOLLOWER to CANDIDATE at term 96 for changeToCandidate
2019-10-17 05:57:08,835 [Thread-1221] INFO  impl.RoleInfo (RoleInfo.java:updateAndGet(143)) - 9f06b4c9-079f-4989-8935-c6be59ddc82e: start LeaderElection
2019-10-17 05:57:08,843 [9f06b4c9-079f-4989-8935-c6be59ddc82e@group-0D1055093416-LeaderElection112] INFO  impl.LeaderElection (LeaderElection.java:askForVotes(178)) - 9f06b4c9-079f-4989-8935-c6be59ddc82e@group-0D1055093416-LeaderElection112: begin an election at term 97 for -1: [9f06b4c9-079f-4989-8935-c6be59ddc82e:192.168.69.82:36391, b282f9e2-3bd4-452e-9c35-1adeacc39134:192.168.69.82:42567, 3ce2c7b7-3df7-42de-af28-9ba1d65ea84e:192.168.69.82:35388], old=null
2019-10-17 05:57:08,845 [grpc-default-executor-0] INFO  impl.RaftServerImpl (RaftServerImpl.java:setRole(184)) - b282f9e2-3bd4-452e-9c35-1adeacc39134@group-0D1055093416: changes role from  FOLLOWER to FOLLOWER at term 97 for recognizeCandidate:9f06b4c9-079f-4989-8935-c6be59ddc82e
2019-10-17 05:57:08,845 [grpc-default-executor-0] INFO  impl.RoleInfo (RoleInfo.java:shutdownFollowerState(121)) - b282f9e2-3bd4-452e-9c35-1adeacc39134: shutdown FollowerState
2019-10-17 05:57:08,845 [grpc-default-executor-0] INFO  impl.RoleInfo (RoleInfo.java:updateAndGet(143)) - b282f9e2-3bd4-452e-9c35-1adeacc39134: start FollowerState
2019-10-17 05:57:08,845 [Thread-1219] INFO  impl.FollowerState (FollowerState.java:run(117)) - b282f9e2-3bd4-452e-9c35-1adeacc39134@group-0D1055093416-FollowerState was interrupted: java.lang.InterruptedException: sleep interrupted
2019-10-17 05:57:08,845 [grpc-default-executor-8] INFO  impl.RaftServerImpl (RaftServerImpl.java:setRole(184)) - 3ce2c7b7-3df7-42de-af28-9ba1d65ea84e@group-0D1055093416: changes role from  FOLLOWER to FOLLOWER at term 97 for recognizeCandidate:9f06b4c9-079f-4989-8935-c6be59ddc82e
2019-10-17 05:57:08,846 [grpc-default-executor-8] INFO  impl.RoleInfo (RoleInfo.java:shutdownFollowerState(121)) - 3ce2c7b7-3df7-42de-af28-9ba1d65ea84e: shutdown FollowerState
2019-10-17 05:57:08,846 [grpc-default-executor-8] INFO  impl.RoleInfo (RoleInfo.java:updateAndGet(143)) - 3ce2c7b7-3df7-42de-af28-9ba1d65ea84e: start FollowerState
2019-10-17 05:57:08,846 [Thread-1220] INFO  impl.FollowerState (FollowerState.java:run(117)) - 3ce2c7b7-3df7-42de-af28-9ba1d65ea84e@group-0D1055093416-FollowerState was interrupted: java.lang.InterruptedException: sleep interrupted
2019-10-17 05:57:08,860 [9f06b4c9-079f-4989-8935-c6be59ddc82e@group-0D1055093416-LeaderElection112] INFO  impl.LeaderElection (LeaderElection.java:logAndReturn(56)) - 9f06b4c9-079f-4989-8935-c6be59ddc82e@group-0D1055093416-LeaderElection112: Election REJECTED; received 2 response(s) [9f06b4c9-079f-4989-8935-c6be59ddc82e<-b282f9e2-3bd4-452e-9c35-1adeacc39134#0:FAIL-t97, 9f06b4c9-079f-4989-8935-c6be59ddc82e<-3ce2c7b7-3df7-42de-af28-9ba1d65ea84e#0:FAIL-t97] and 0 exception(s); 9f06b4c9-079f-4989-8935-c6be59ddc82e@group-0D1055093416:t97, leader=null, voted=9f06b4c9-079f-4989-8935-c6be59ddc82e, raftlog=9f06b4c9-079f-4989-8935-c6be59ddc82e@group-0D1055093416-SegmentedRaftLog:OPENED:c-1,f-1,i0, conf=-1: [9f06b4c9-079f-4989-8935-c6be59ddc82e:192.168.69.82:36391, b282f9e2-3bd4-452e-9c35-1adeacc39134:192.168.69.82:42567, 3ce2c7b7-3df7-42de-af28-9ba1d65ea84e:192.168.69.82:35388], old=null
2019-10-17 05:57:08,860 [9f06b4c9-079f-4989-8935-c6be59ddc82e@group-0D1055093416-LeaderElection112] INFO  impl.RaftServerImpl (RaftServerImpl.java:setRole(184)) - 9f06b4c9-079f-4989-8935-c6be59ddc82e@group-0D1055093416: changes role from CANDIDATE to FOLLOWER at term 97 for DISCOVERED_A_NEW_TERM
2019-10-17 05:57:08,860 [9f06b4c9-079f-4989-8935-c6be59ddc82e@group-0D1055093416-LeaderElection112] INFO  impl.RoleInfo (RoleInfo.java:shutdownLeaderElection(134)) - 9f06b4c9-079f-4989-8935-c6be59ddc82e: shutdown LeaderElection
2019-10-17 05:57:08,861 [9f06b4c9-079f-4989-8935-c6be59ddc82e@group-0D1055093416-LeaderElection112] INFO  impl.RoleInfo (RoleInfo.java:updateAndGet(143)) - 9f06b4c9-079f-4989-8935-c6be59ddc82e: start FollowerState
2019-10-17 05:57:09,026 [Thread-1227] INFO  impl.FollowerState (FollowerState.java:run(108)) - 9f06b4c9-079f-4989-8935-c6be59ddc82e@group-0D1055093416-FollowerState: change to CANDIDATE, lastRpcTime:165ms, electionTimeout:165ms
2019-10-17 05:57:09,026 [Thread-1227] INFO  impl.RoleInfo (RoleInfo.java:shutdownFollowerState(121)) - 9f06b4c9-079f-4989-8935-c6be59ddc82e: shutdown FollowerState
2019-10-17 05:57:09,027 [Thread-1227] INFO  impl.RaftServerImpl (RaftServerImpl.java:setRole(184)) - 9f06b4c9-079f-4989-8935-c6be59ddc82e@group-0D1055093416: changes role from  FOLLOWER to CANDIDATE at term 97 for changeToCandidate
2019-10-17 05:57:09,027 [Thread-1227] INFO  impl.RoleInfo (RoleInfo.java:updateAndGet(143)) - 9f06b4c9-079f-4989-8935-c6be59ddc82e: start LeaderElection
2019-10-17 05:57:09,041 [9f06b4c9-079f-4989-8935-c6be59ddc82e@group-0D1055093416-LeaderElection113] INFO  impl.LeaderElection (LeaderElection.java:askForVotes(178)) - 9f06b4c9-079f-4989-8935-c6be59ddc82e@group-0D1055093416-LeaderElection113: begin an election at term 98 for -1: [9f06b4c9-079f-4989-8935-c6be59ddc82e:192.168.69.82:36391, b282f9e2-3bd4-452e-9c35-1adeacc39134:192.168.69.82:42567, 3ce2c7b7-3df7-42de-af28-9ba1d65ea84e:192.168.69.82:35388], old=null
2019-10-17 05:57:09,044 [grpc-default-executor-8] INFO  impl.RaftServerImpl (RaftServerImpl.java:setRole(184)) - b282f9e2-3bd4-452e-9c35-1adeacc39134@group-0D1055093416: changes role from  FOLLOWER to FOLLOWER at term 98 for recognizeCandidate:9f06b4c9-079f-4989-8935-c6be59ddc82e
2019-10-17 05:57:09,044 [grpc-default-executor-0] INFO  impl.RaftServerImpl (RaftServerImpl.java:setRole(184)) - 3ce2c7b7-3df7-42de-af28-9ba1d65ea84e@group-0D1055093416: changes role from  FOLLOWER to FOLLOWER at term 98 for recognizeCandidate:9f06b4c9-079f-4989-8935-c6be59ddc82e
2019-10-17 05:57:09,044 [grpc-default-executor-8] INFO  impl.RoleInfo (RoleInfo.java:shutdownFollowerState(121)) - b282f9e2-3bd4-452e-9c35-1adeacc39134: shutdown FollowerState
2019-10-17 05:57:09,044 [grpc-default-executor-0] INFO  impl.RoleInfo (RoleInfo.java:shutdownFollowerState(121)) - 3ce2c7b7-3df7-42de-af28-9ba1d65ea84e: shutdown FollowerState
2019-10-17 05:57:09,044 [grpc-default-executor-8] INFO  impl.RoleInfo (RoleInfo.java:updateAndGet(143)) - b282f9e2-3bd4-452e-9c35-1adeacc39134: start FollowerState
2019-10-17 05:57:09,044 [Thread-1225] INFO  impl.FollowerState (FollowerState.java:run(117)) - b282f9e2-3bd4-452e-9c35-1adeacc39134@group-0D1055093416-FollowerState was interrupted: java.lang.InterruptedException: sleep interrupted
2019-10-17 05:57:09,044 [grpc-default-executor-0] INFO  impl.RoleInfo (RoleInfo.java:updateAndGet(143)) - 3ce2c7b7-3df7-42de-af28-9ba1d65ea84e: start FollowerState
2019-10-17 05:57:09,044 [Thread-1226] INFO  impl.FollowerState (FollowerState.java:run(117)) - 3ce2c7b7-3df7-42de-af28-9ba1d65ea84e@group-0D1055093416-FollowerState was interrupted: java.lang.InterruptedException: sleep interrupted
2019-10-17 05:57:09,060 [9f06b4c9-079f-4989-8935-c6be59ddc82e@group-0D1055093416-LeaderElection113] INFO  impl.LeaderElection (LeaderElection.java:logAndReturn(56)) - 9f06b4c9-079f-4989-8935-c6be59ddc82e@group-0D1055093416-LeaderElection113: Election REJECTED; received 2 response(s) [9f06b4c9-079f-4989-8935-c6be59ddc82e<-b282f9e2-3bd4-452e-9c35-1adeacc39134#0:FAIL-t98, 9f06b4c9-079f-4989-8935-c6be59ddc82e<-3ce2c7b7-3df7-42de-af28-9ba1d65ea84e#0:FAIL-t98] and 0 exception(s); 9f06b4c9-079f-4989-8935-c6be59ddc82e@group-0D1055093416:t98, leader=null, voted=9f06b4c9-079f-4989-8935-c6be59ddc82e, raftlog=9f06b4c9-079f-4989-8935-c6be59ddc82e@group-0D1055093416-SegmentedRaftLog:OPENED:c-1,f-1,i0, conf=-1: [9f06b4c9-079f-4989-8935-c6be59ddc82e:192.168.69.82:36391, b282f9e2-3bd4-452e-9c35-1adeacc39134:192.168.69.82:42567, 3ce2c7b7-3df7-42de-af28-9ba1d65ea84e:192.168.69.82:35388], old=null
2019-10-17 05:57:09,060 [9f06b4c9-079f-4989-8935-c6be59ddc82e@group-0D1055093416-LeaderElection113] INFO  impl.RaftServerImpl (RaftServerImpl.java:setRole(184)) - 9f06b4c9-079f-4989-8935-c6be59ddc82e@group-0D1055093416: changes role from CANDIDATE to FOLLOWER at term 98 for DISCOVERED_A_NEW_TERM
2019-10-17 05:57:09,060 [9f06b4c9-079f-4989-8935-c6be59ddc82e@group-0D1055093416-LeaderElection113] INFO  impl.RoleInfo (RoleInfo.java:shutdownLeaderElection(134)) - 9f06b4c9-079f-4989-8935-c6be59ddc82e: shutdown LeaderElection
2019-10-17 05:57:09,060 [9f06b4c9-079f-4989-8935-c6be59ddc82e@group-0D1055093416-LeaderElection113] INFO  impl.RoleInfo (RoleInfo.java:updateAndGet(143)) - 9f06b4c9-079f-4989-8935-c6be59ddc82e: start FollowerState
2019-10-17 05:57:09,156 [Thread-1233] INFO  impl.FollowerState (FollowerState.java:run(108)) - 9f06b4c9-079f-4989-8935-c6be59ddc82e@group-0D1055093416-FollowerState: change to CANDIDATE, lastRpcTime:95ms, electionTimeout:95ms
2019-10-17 05:57:09,156 [Thread-1233] INFO  impl.RoleInfo (RoleInfo.java:shutdownFollowerState(121)) - 9f06b4c9-079f-4989-8935-c6be59ddc82e: shutdown FollowerState
2019-10-17 05:57:09,156 [Thread-1233] INFO  impl.RaftServerImpl (RaftServerImpl.java:setRole(184)) - 9f06b4c9-079f-4989-8935-c6be59ddc82e@group-0D1055093416: changes role from  FOLLOWER to CANDIDATE at term 98 for changeToCandidate
2019-10-17 05:57:09,156 [Thread-1233] INFO  impl.RoleInfo (RoleInfo.java:updateAndGet(143)) - 9f06b4c9-079f-4989-8935-c6be59ddc82e: start LeaderElection
2019-10-17 05:57:09,170 [9f06b4c9-079f-4989-8935-c6be59ddc82e@group-0D1055093416-LeaderElection114] INFO  impl.LeaderElection (LeaderElection.java:askForVotes(178)) - 9f06b4c9-079f-4989-8935-c6be59ddc82e@group-0D1055093416-LeaderElection114: begin an election at term 99 for -1: [9f06b4c9-079f-4989-8935-c6be59ddc82e:192.168.69.82:36391, b282f9e2-3bd4-452e-9c35-1adeacc39134:192.168.69.82:42567, 3ce2c7b7-3df7-42de-af28-9ba1d65ea84e:192.168.69.82:35388], old=null
2019-10-17 05:57:09,172 [grpc-default-executor-8] INFO  impl.RaftServerImpl (RaftServerImpl.java:setRole(184)) - b282f9e2-3bd4-452e-9c35-1adeacc39134@group-0D1055093416: changes role from  FOLLOWER to FOLLOWER at term 99 for recognizeCandidate:9f06b4c9-079f-4989-8935-c6be59ddc82e
2019-10-17 05:57:09,172 [grpc-default-executor-8] INFO  impl.RoleInfo (RoleInfo.java:shutdownFollowerState(121)) - b282f9e2-3bd4-452e-9c35-1adeacc39134: shutdown FollowerState
2019-10-17 05:57:09,172 [grpc-default-executor-0] INFO  impl.RaftServerImpl (RaftServerImpl.java:setRole(184)) - 3ce2c7b7-3df7-42de-af28-9ba1d65ea84e@group-0D1055093416: changes role from  FOLLOWER to FOLLOWER at term 99 for recognizeCandidate:9f06b4c9-079f-4989-8935-c6be59ddc82e
2019-10-17 05:57:09,173 [Thread-1231] INFO  impl.FollowerState (FollowerState.java:run(117)) - b282f9e2-3bd4-452e-9c35-1adeacc39134@group-0D1055093416-FollowerState was interrupted: java.lang.InterruptedException: sleep interrupted
2019-10-17 05:57:09,172 [grpc-default-executor-8] INFO  impl.RoleInfo (RoleInfo.java:updateAndGet(143)) - b282f9e2-3bd4-452e-9c35-1adeacc39134: start FollowerState
2019-10-17 05:57:09,173 [grpc-default-executor-0] INFO  impl.RoleInfo (RoleInfo.java:shutdownFollowerState(121)) - 3ce2c7b7-3df7-42de-af28-9ba1d65ea84e: shutdown FollowerState
2019-10-17 05:57:09,173 [grpc-default-executor-0] INFO  impl.RoleInfo (RoleInfo.java:updateAndGet(143)) - 3ce2c7b7-3df7-42de-af28-9ba1d65ea84e: start FollowerState
2019-10-17 05:57:09,173 [Thread-1232] INFO  impl.FollowerState (FollowerState.java:run(117)) - 3ce2c7b7-3df7-42de-af28-9ba1d65ea84e@group-0D1055093416-FollowerState was interrupted: java.lang.InterruptedException: sleep interrupted
2019-10-17 05:57:09,229 [9f06b4c9-079f-4989-8935-c6be59ddc82e@group-0D1055093416-LeaderElection114] INFO  impl.LeaderElection (LeaderElection.java:logAndReturn(56)) - 9f06b4c9-079f-4989-8935-c6be59ddc82e@group-0D1055093416-LeaderElection114: Election REJECTED; received 2 response(s) [9f06b4c9-079f-4989-8935-c6be59ddc82e<-b282f9e2-3bd4-452e-9c35-1adeacc39134#0:FAIL-t99, 9f06b4c9-079f-4989-8935-c6be59ddc82e<-3ce2c7b7-3df7-42de-af28-9ba1d65ea84e#0:FAIL-t99] and 0 exception(s); 9f06b4c9-079f-4989-8935-c6be59ddc82e@group-0D1055093416:t99, leader=null, voted=9f06b4c9-079f-4989-8935-c6be59ddc82e, raftlog=9f06b4c9-079f-4989-8935-c6be59ddc82e@group-0D1055093416-SegmentedRaftLog:OPENED:c-1,f-1,i0, conf=-1: [9f06b4c9-079f-4989-8935-c6be59ddc82e:192.168.69.82:36391, b282f9e2-3bd4-452e-9c35-1adeacc39134:192.168.69.82:42567, 3ce2c7b7-3df7-42de-af28-9ba1d65ea84e:192.168.69.82:35388], old=null
2019-10-17 05:57:09,230 [9f06b4c9-079f-4989-8935-c6be59ddc82e@group-0D1055093416-LeaderElection114] INFO  impl.RaftServerImpl (RaftServerImpl.java:setRole(184)) - 9f06b4c9-079f-4989-8935-c6be59ddc82e@group-0D1055093416: changes role from CANDIDATE to FOLLOWER at term 99 for DISCOVERED_A_NEW_TERM
2019-10-17 05:57:09,230 [9f06b4c9-079f-4989-8935-c6be59ddc82e@group-0D1055093416-LeaderElection114] INFO  impl.RoleInfo (RoleInfo.java:shutdownLeaderElection(134)) - 9f06b4c9-079f-4989-8935-c6be59ddc82e: shutdown LeaderElection
2019-10-17 05:57:09,230 [9f06b4c9-079f-4989-8935-c6be59ddc82e@group-0D1055093416-LeaderElection114] INFO  impl.RoleInfo (RoleInfo.java:updateAndGet(143)) - 9f06b4c9-079f-4989-8935-c6be59ddc82e: start FollowerState
2019-10-17 05:57:09,417 [Thread-1241] INFO  impl.FollowerState (FollowerState.java:run(108)) - 9f06b4c9-079f-4989-8935-c6be59ddc82e@group-0D1055093416-FollowerState: change to CANDIDATE, lastRpcTime:187ms, electionTimeout:187ms
2019-10-17 05:57:09,418 [Thread-1241] INFO  impl.RoleInfo (RoleInfo.java:shutdownFollowerState(121)) - 9f06b4c9-079f-4989-8935-c6be59ddc82e: shutdown FollowerState
2019-10-17 05:57:09,418 [Thread-1241] INFO  impl.RaftServerImpl (RaftServerImpl.java:setRole(184)) - 9f06b4c9-079f-4989-8935-c6be59ddc82e@group-0D1055093416: changes role from  FOLLOWER to CANDIDATE at term 99 for changeToCandidate
2019-10-17 05:57:09,418 [Thread-1241] INFO  impl.RoleInfo (RoleInfo.java:updateAndGet(143)) - 9f06b4c9-079f-4989-8935-c6be59ddc82e: start LeaderElection
2019-10-17 05:57:09,440 [9f06b4c9-079f-4989-8935-c6be59ddc82e@group-0D1055093416-LeaderElection115] INFO  impl.LeaderElection (LeaderElection.java:askForVotes(178)) - 9f06b4c9-079f-4989-8935-c6be59ddc82e@group-0D1055093416-LeaderElection115: begin an election at term 100 for -1: [9f06b4c9-079f-4989-8935-c6be59ddc82e:192.168.69.82:36391, b282f9e2-3bd4-452e-9c35-1adeacc39134:192.168.69.82:42567, 3ce2c7b7-3df7-42de-af28-9ba1d65ea84e:192.168.69.82:35388], old=null
2019-10-17 05:57:09,443 [grpc-default-executor-8] INFO  impl.RaftServerImpl (RaftServerImpl.java:setRole(184)) - b282f9e2-3bd4-452e-9c35-1adeacc39134@group-0D1055093416: changes role from  FOLLOWER to FOLLOWER at term 100 for recognizeCandidate:9f06b4c9-079f-4989-8935-c6be59ddc82e
2019-10-17 05:57:09,443 [grpc-default-executor-8] INFO  impl.RoleInfo (RoleInfo.java:shutdownFollowerState(121)) - b282f9e2-3bd4-452e-9c35-1adeacc39134: shutdown FollowerState
2019-10-17 05:57:09,444 [Thread-1238] INFO  impl.FollowerState (FollowerState.java:run(117)) - b282f9e2-3bd4-452e-9c35-1adeacc39134@group-0D1055093416-FollowerState was interrupted: java.lang.InterruptedException: sleep interrupted
2019-10-17 05:57:09,444 [grpc-default-executor-8] INFO  impl.RoleInfo (RoleInfo.java:updateAndGet(143)) - b282f9e2-3bd4-452e-9c35-1adeacc39134: start FollowerState
2019-10-17 05:57:09,444 [grpc-default-executor-0] INFO  impl.RaftServerImpl (RaftServerImpl.java:setRole(184)) - 3ce2c7b7-3df7-42de-af28-9ba1d65ea84e@group-0D1055093416: changes role from  FOLLOWER to FOLLOWER at term 100 for recognizeCandidate:9f06b4c9-079f-4989-8935-c6be59ddc82e
2019-10-17 05:57:09,444 [grpc-default-executor-0] INFO  impl.RoleInfo (RoleInfo.java:shutdownFollowerState(121)) - 3ce2c7b7-3df7-42de-af28-9ba1d65ea84e: shutdown FollowerState
2019-10-17 05:57:09,444 [grpc-default-executor-0] INFO  impl.RoleInfo (RoleInfo.java:updateAndGet(143)) - 3ce2c7b7-3df7-42de-af28-9ba1d65ea84e: start FollowerState
2019-10-17 05:57:09,444 [Thread-1239] INFO  impl.FollowerState (FollowerState.java:run(117)) - 3ce2c7b7-3df7-42de-af28-9ba1d65ea84e@group-0D1055093416-FollowerState was interrupted: java.lang.InterruptedException: sleep interrupted
2019-10-17 05:57:09,453 [9f06b4c9-079f-4989-8935-c6be59ddc82e@group-0D1055093416-LeaderElection115] INFO  impl.LeaderElection (LeaderElection.java:logAndReturn(56)) - 9f06b4c9-079f-4989-8935-c6be59ddc82e@group-0D1055093416-LeaderElection115: Election REJECTED; received 2 response(s) [9f06b4c9-079f-4989-8935-c6be59ddc82e<-b282f9e2-3bd4-452e-9c35-1adeacc39134#0:FAIL-t100, 9f06b4c9-079f-4989-8935-c6be59ddc82e<-3ce2c7b7-3df7-42de-af28-9ba1d65ea84e#0:FAIL-t100] and 0 exception(s); 9f06b4c9-079f-4989-8935-c6be59ddc82e@group-0D1055093416:t100, leader=null, voted=9f06b4c9-079f-4989-8935-c6be59ddc82e, raftlog=9f06b4c9-079f-4989-8935-c6be59ddc82e@group-0D1055093416-SegmentedRaftLog:OPENED:c-1,f-1,i0, conf=-1: [9f06b4c9-079f-4989-8935-c6be59ddc82e:192.168.69.82:36391, b282f9e2-3bd4-452e-9c35-1adeacc39134:192.168.69.82:42567, 3ce2c7b7-3df7-42de-af28-9ba1d65ea84e:192.168.69.82:35388], old=null
2019-10-17 05:57:09,454 [9f06b4c9-079f-4989-8935-c6be59ddc82e@group-0D1055093416-LeaderElection115] INFO  impl.RaftServerImpl (RaftServerImpl.java:setRole(184)) - 9f06b4c9-079f-4989-8935-c6be59ddc82e@group-0D1055093416: changes role from CANDIDATE to FOLLOWER at term 100 for DISCOVERED_A_NEW_TERM
2019-10-17 05:57:09,454 [9f06b4c9-079f-4989-8935-c6be59ddc82e@group-0D1055093416-LeaderElection115] INFO  impl.RoleInfo (RoleInfo.java:shutdownLeaderElection(134)) - 9f06b4c9-079f-4989-8935-c6be59ddc82e: shutdown LeaderElection
2019-10-17 05:57:09,454 [9f06b4c9-079f-4989-8935-c6be59ddc82e@group-0D1055093416-LeaderElection115] INFO  impl.RoleInfo (RoleInfo.java:updateAndGet(143)) - 9f06b4c9-079f-4989-8935-c6be59ddc82e: start FollowerState
2019-10-17 05:57:09,506 [Thread-1249] INFO  impl.FollowerState (FollowerState.java:run(108)) - 9f06b4c9-079f-4989-8935-c6be59ddc82e@group-0D1055093416-FollowerState: change to CANDIDATE, lastRpcTime:52ms, electionTimeout:52ms
2019-10-17 05:57:09,506 [Thread-1249] INFO  impl.RoleInfo (RoleInfo.java:shutdownFollowerState(121)) - 9f06b4c9-079f-4989-8935-c6be59ddc82e: shutdown FollowerState
2019-10-17 05:57:09,507 [Thread-1249] INFO  impl.RaftServerImpl (RaftServerImpl.java:setRole(184)) - 9f06b4c9-079f-4989-8935-c6be59ddc82e@group-0D1055093416: changes role from  FOLLOWER to CANDIDATE at term 100 for changeToCandidate
2019-10-17 05:57:09,507 [Thread-1249] INFO  impl.RoleInfo (RoleInfo.java:updateAndGet(143)) - 9f06b4c9-079f-4989-8935-c6be59ddc82e: start LeaderElection
2019-10-17 05:57:09,523 [9f06b4c9-079f-4989-8935-c6be59ddc82e@group-0D1055093416-LeaderElection116] INFO  impl.LeaderElection (LeaderElection.java:askForVotes(178)) - 9f06b4c9-079f-4989-8935-c6be59ddc82e@group-0D1055093416-LeaderElection116: begin an election at term 101 for -1: [9f06b4c9-079f-4989-8935-c6be59ddc82e:192.168.69.82:36391, b282f9e2-3bd4-452e-9c35-1adeacc39134:192.168.69.82:42567, 3ce2c7b7-3df7-42de-af28-9ba1d65ea84e:192.168.69.82:35388], old=null
2019-10-17 05:57:09,525 [grpc-default-executor-0] INFO  impl.RaftServerImpl (RaftServerImpl.java:setRole(184)) - b282f9e2-3bd4-452e-9c35-1adeacc39134@group-0D1055093416: changes role from  FOLLOWER to FOLLOWER at term 101 for recognizeCandidate:9f06b4c9-079f-4989-8935-c6be59ddc82e
2019-10-17 05:57:09,526 [grpc-default-executor-0] INFO  impl.RoleInfo (RoleInfo.java:shutdownFollowerState(121)) - b282f9e2-3bd4-452e-9c35-1adeacc39134: shutdown FollowerState
2019-10-17 05:57:09,526 [grpc-default-executor-0] INFO  impl.RoleInfo (RoleInfo.java:updateAndGet(143)) - b282f9e2-3bd4-452e-9c35-1adeacc39134: start FollowerState
2019-10-17 05:57:09,526 [Thread-1247] INFO  impl.FollowerState (FollowerState.java:run(117)) - b282f9e2-3bd4-452e-9c35-1adeacc39134@group-0D1055093416-FollowerState was interrupted: java.lang.InterruptedException: sleep interrupted
2019-10-17 05:57:09,526 [grpc-default-executor-8] INFO  impl.RaftServerImpl (RaftServerImpl.java:setRole(184)) - 3ce2c7b7-3df7-42de-af28-9ba1d65ea84e@group-0D1055093416: changes role from  FOLLOWER to FOLLOWER at term 101 for recognizeCandidate:9f06b4c9-079f-4989-8935-c6be59ddc82e
2019-10-17 05:57:09,526 [grpc-default-executor-8] INFO  impl.RoleInfo (RoleInfo.java:shutdownFollowerState(121)) - 3ce2c7b7-3df7-42de-af28-9ba1d65ea84e: shutdown FollowerState
2019-10-17 05:57:09,526 [grpc-default-executor-8] INFO  impl.RoleInfo (RoleInfo.java:updateAndGet(143)) - 3ce2c7b7-3df7-42de-af28-9ba1d65ea84e: start FollowerState
2019-10-17 05:57:09,527 [Thread-1248] INFO  impl.FollowerState (FollowerState.java:run(117)) - 3ce2c7b7-3df7-42de-af28-9ba1d65ea84e@group-0D1055093416-FollowerState was interrupted: java.lang.InterruptedException: sleep interrupted
2019-10-17 05:57:09,559 [9f06b4c9-079f-4989-8935-c6be59ddc82e@group-0D1055093416-LeaderElection116] INFO  impl.LeaderElection (LeaderElection.java:logAndReturn(56)) - 9f06b4c9-079f-4989-8935-c6be59ddc82e@group-0D1055093416-LeaderElection116: Election REJECTED; received 2 response(s) [9f06b4c9-079f-4989-8935-c6be59ddc82e<-b282f9e2-3bd4-452e-9c35-1adeacc39134#0:FAIL-t101, 9f06b4c9-079f-4989-8935-c6be59ddc82e<-3ce2c7b7-3df7-42de-af28-9ba1d65ea84e#0:FAIL-t101] and 0 exception(s); 9f06b4c9-079f-4989-8935-c6be59ddc82e@group-0D1055093416:t101, leader=null, voted=9f06b4c9-079f-4989-8935-c6be59ddc82e, raftlog=9f06b4c9-079f-4989-8935-c6be59ddc82e@group-0D1055093416-SegmentedRaftLog:OPENED:c-1,f-1,i0, conf=-1: [9f06b4c9-079f-4989-8935-c6be59ddc82e:192.168.69.82:36391, b282f9e2-3bd4-452e-9c35-1adeacc39134:192.168.69.82:42567, 3ce2c7b7-3df7-42de-af28-9ba1d65ea84e:192.168.69.82:35388], old=null
2019-10-17 05:57:09,559 [9f06b4c9-079f-4989-8935-c6be59ddc82e@group-0D1055093416-LeaderElection116] INFO  impl.RaftServerImpl (RaftServerImpl.java:setRole(184)) - 9f06b4c9-079f-4989-8935-c6be59ddc82e@group-0D1055093416: changes role from CANDIDATE to FOLLOWER at term 101 for DISCOVERED_A_NEW_TERM
2019-10-17 05:57:09,560 [9f06b4c9-079f-4989-8935-c6be59ddc82e@group-0D1055093416-LeaderElection116] INFO  impl.RoleInfo (RoleInfo.java:shutdownLeaderElection(134)) - 9f06b4c9-079f-4989-8935-c6be59ddc82e: shutdown LeaderElection
2019-10-17 05:57:09,560 [9f06b4c9-079f-4989-8935-c6be59ddc82e@group-0D1055093416-LeaderElection116] INFO  impl.RoleInfo (RoleInfo.java:updateAndGet(143)) - 9f06b4c9-079f-4989-8935-c6be59ddc82e: start FollowerState
2019-10-17 05:57:09,688 [Thread-1255] INFO  impl.FollowerState (FollowerState.java:run(108)) - 9f06b4c9-079f-4989-8935-c6be59ddc82e@group-0D1055093416-FollowerState: change to CANDIDATE, lastRpcTime:128ms, electionTimeout:128ms
2019-10-17 05:57:09,689 [Thread-1255] INFO  impl.RoleInfo (RoleInfo.java:shutdownFollowerState(121)) - 9f06b4c9-079f-4989-8935-c6be59ddc82e: shutdown FollowerState
2019-10-17 05:57:09,689 [Thread-1255] INFO  impl.RaftServerImpl (RaftServerImpl.java:setRole(184)) - 9f06b4c9-079f-4989-8935-c6be59ddc82e@group-0D1055093416: changes role from  FOLLOWER to CANDIDATE at term 101 for changeToCandidate
2019-10-17 05:57:09,689 [Thread-1255] INFO  impl.RoleInfo (RoleInfo.java:updateAndGet(143)) - 9f06b4c9-079f-4989-8935-c6be59ddc82e: start LeaderElection
2019-10-17 05:57:09,710 [9f06b4c9-079f-4989-8935-c6be59ddc82e@group-0D1055093416-LeaderElection117] INFO  impl.LeaderElection (LeaderElection.java:askForVotes(178)) - 9f06b4c9-079f-4989-8935-c6be59ddc82e@group-0D1055093416-LeaderElection117: begin an election at term 102 for -1: [9f06b4c9-079f-4989-8935-c6be59ddc82e:192.168.69.82:36391, b282f9e2-3bd4-452e-9c35-1adeacc39134:192.168.69.82:42567, 3ce2c7b7-3df7-42de-af28-9ba1d65ea84e:192.168.69.82:35388], old=null
2019-10-17 05:57:09,712 [grpc-default-executor-0] INFO  impl.RaftServerImpl (RaftServerImpl.java:setRole(184)) - b282f9e2-3bd4-452e-9c35-1adeacc39134@group-0D1055093416: changes role from  FOLLOWER to FOLLOWER at term 102 for recognizeCandidate:9f06b4c9-079f-4989-8935-c6be59ddc82e
2019-10-17 05:57:09,712 [grpc-default-executor-0] INFO  impl.RoleInfo (RoleInfo.java:shutdownFollowerState(121)) - b282f9e2-3bd4-452e-9c35-1adeacc39134: shutdown FollowerState
2019-10-17 05:57:09,713 [grpc-default-executor-0] INFO  impl.RoleInfo (RoleInfo.java:updateAndGet(143)) - b282f9e2-3bd4-452e-9c35-1adeacc39134: start FollowerState
2019-10-17 05:57:09,713 [Thread-1253] INFO  impl.FollowerState (FollowerState.java:run(117)) - b282f9e2-3bd4-452e-9c35-1adeacc39134@group-0D1055093416-FollowerState was interrupted: java.lang.InterruptedException: sleep interrupted
2019-10-17 05:57:09,713 [grpc-default-executor-8] INFO  impl.RaftServerImpl (RaftServerImpl.java:setRole(184)) - 3ce2c7b7-3df7-42de-af28-9ba1d65ea84e@group-0D1055093416: changes role from  FOLLOWER to FOLLOWER at term 102 for recognizeCandidate:9f06b4c9-079f-4989-8935-c6be59ddc82e
2019-10-17 05:57:09,713 [grpc-default-executor-8] INFO  impl.RoleInfo (RoleInfo.java:shutdownFollowerState(121)) - 3ce2c7b7-3df7-42de-af28-9ba1d65ea84e: shutdown FollowerState
2019-10-17 05:57:09,713 [grpc-default-executor-8] INFO  impl.RoleInfo (RoleInfo.java:updateAndGet(143)) - 3ce2c7b7-3df7-42de-af28-9ba1d65ea84e: start FollowerState
2019-10-17 05:57:09,713 [Thread-1254] INFO  impl.FollowerState (FollowerState.java:run(117)) - 3ce2c7b7-3df7-42de-af28-9ba1d65ea84e@group-0D1055093416-FollowerState was interrupted: java.lang.InterruptedException: sleep interrupted
2019-10-17 05:57:09,727 [9f06b4c9-079f-4989-8935-c6be59ddc82e@group-0D1055093416-LeaderElection117] INFO  impl.LeaderElection (LeaderElection.java:logAndReturn(56)) - 9f06b4c9-079f-4989-8935-c6be59ddc82e@group-0D1055093416-LeaderElection117: Election REJECTED; received 2 response(s) [9f06b4c9-079f-4989-8935-c6be59ddc82e<-b282f9e2-3bd4-452e-9c35-1adeacc39134#0:FAIL-t102, 9f06b4c9-079f-4989-8935-c6be59ddc82e<-3ce2c7b7-3df7-42de-af28-9ba1d65ea84e#0:FAIL-t102] and 0 exception(s); 9f06b4c9-079f-4989-8935-c6be59ddc82e@group-0D1055093416:t102, leader=null, voted=9f06b4c9-079f-4989-8935-c6be59ddc82e, raftlog=9f06b4c9-079f-4989-8935-c6be59ddc82e@group-0D1055093416-SegmentedRaftLog:OPENED:c-1,f-1,i0, conf=-1: [9f06b4c9-079f-4989-8935-c6be59ddc82e:192.168.69.82:36391, b282f9e2-3bd4-452e-9c35-1adeacc39134:192.168.69.82:42567, 3ce2c7b7-3df7-42de-af28-9ba1d65ea84e:192.168.69.82:35388], old=null
2019-10-17 05:57:09,728 [9f06b4c9-079f-4989-8935-c6be59ddc82e@group-0D1055093416-LeaderElection117] INFO  impl.RaftServerImpl (RaftServerImpl.java:setRole(184)) - 9f06b4c9-079f-4989-8935-c6be59ddc82e@group-0D1055093416: changes role from CANDIDATE to FOLLOWER at term 102 for DISCOVERED_A_NEW_TERM
2019-10-17 05:57:09,728 [9f06b4c9-079f-4989-8935-c6be59ddc82e@group-0D1055093416-LeaderElection117] INFO  impl.RoleInfo (RoleInfo.java:shutdownLeaderElection(134)) - 9f06b4c9-079f-4989-8935-c6be59ddc82e: shutdown LeaderElection
2019-10-17 05:57:09,728 [9f06b4c9-079f-4989-8935-c6be59ddc82e@group-0D1055093416-LeaderElection117] INFO  impl.RoleInfo (RoleInfo.java:updateAndGet(143)) - 9f06b4c9-079f-4989-8935-c6be59ddc82e: start FollowerState
2019-10-17 05:57:09,731 [Thread-1263] INFO  impl.FollowerState (FollowerState.java:run(108)) - 9f06b4c9-079f-4989-8935-c6be59ddc82e@group-0D1055093416-FollowerState: change to CANDIDATE, lastRpcTime:3ms, electionTimeout:3ms
2019-10-17 05:57:09,731 [Thread-1263] INFO  impl.RoleInfo (RoleInfo.java:shutdownFollowerState(121)) - 9f06b4c9-079f-4989-8935-c6be59ddc82e: shutdown FollowerState
2019-10-17 05:57:09,731 [Thread-1263] INFO  impl.RaftServerImpl (RaftServerImpl.java:setRole(184)) - 9f06b4c9-079f-4989-8935-c6be59ddc82e@group-0D1055093416: changes role from  FOLLOWER to CANDIDATE at term 102 for changeToCandidate
2019-10-17 05:57:09,732 [Thread-1263] INFO  impl.RoleInfo (RoleInfo.java:updateAndGet(143)) - 9f06b4c9-079f-4989-8935-c6be59ddc82e: start LeaderElection
2019-10-17 05:57:09,741 [9f06b4c9-079f-4989-8935-c6be59ddc82e@group-0D1055093416-LeaderElection118] INFO  impl.LeaderElection (LeaderElection.java:askForVotes(178)) - 9f06b4c9-079f-4989-8935-c6be59ddc82e@group-0D1055093416-LeaderElection118: begin an election at term 103 for -1: [9f06b4c9-079f-4989-8935-c6be59ddc82e:192.168.69.82:36391, b282f9e2-3bd4-452e-9c35-1adeacc39134:192.168.69.82:42567, 3ce2c7b7-3df7-42de-af28-9ba1d65ea84e:192.168.69.82:35388], old=null
2019-10-17 05:57:09,743 [grpc-default-executor-0] INFO  impl.RaftServerImpl (RaftServerImpl.java:setRole(184)) - b282f9e2-3bd4-452e-9c35-1adeacc39134@group-0D1055093416: changes role from  FOLLOWER to FOLLOWER at term 103 for recognizeCandidate:9f06b4c9-079f-4989-8935-c6be59ddc82e
2019-10-17 05:57:09,743 [grpc-default-executor-0] INFO  impl.RoleInfo (RoleInfo.java:shutdownFollowerState(121)) - b282f9e2-3bd4-452e-9c35-1adeacc39134: shutdown FollowerState
2019-10-17 05:57:09,743 [grpc-default-executor-8] INFO  impl.RaftServerImpl (RaftServerImpl.java:setRole(184)) - 3ce2c7b7-3df7-42de-af28-9ba1d65ea84e@group-0D1055093416: changes role from  FOLLOWER to FOLLOWER at term 103 for recognizeCandidate:9f06b4c9-079f-4989-8935-c6be59ddc82e
2019-10-17 05:57:09,743 [Thread-1261] INFO  impl.FollowerState (FollowerState.java:run(117)) - b282f9e2-3bd4-452e-9c35-1adeacc39134@group-0D1055093416-FollowerState was interrupted: java.lang.InterruptedException: sleep interrupted
2019-10-17 05:57:09,743 [grpc-default-executor-0] INFO  impl.RoleInfo (RoleInfo.java:updateAndGet(143)) - b282f9e2-3bd4-452e-9c35-1adeacc39134: start FollowerState
2019-10-17 05:57:09,743 [grpc-default-executor-8] INFO  impl.RoleInfo (RoleInfo.java:shutdownFollowerState(121)) - 3ce2c7b7-3df7-42de-af28-9ba1d65ea84e: shutdown FollowerState
2019-10-17 05:57:09,744 [grpc-default-executor-8] INFO  impl.RoleInfo (RoleInfo.java:updateAndGet(143)) - 3ce2c7b7-3df7-42de-af28-9ba1d65ea84e: start FollowerState
2019-10-17 05:57:09,744 [Thread-1262] INFO  impl.FollowerState (FollowerState.java:run(117)) - 3ce2c7b7-3df7-42de-af28-9ba1d65ea84e@group-0D1055093416-FollowerState was interrupted: java.lang.InterruptedException: sleep interrupted
2019-10-17 05:57:09,758 [9f06b4c9-079f-4989-8935-c6be59ddc82e@group-0D1055093416-LeaderElection118] INFO  impl.LeaderElection (LeaderElection.java:logAndReturn(56)) - 9f06b4c9-079f-4989-8935-c6be59ddc82e@group-0D1055093416-LeaderElection118: Election REJECTED; received 2 response(s) [9f06b4c9-079f-4989-8935-c6be59ddc82e<-b282f9e2-3bd4-452e-9c35-1adeacc39134#0:FAIL-t103, 9f06b4c9-079f-4989-8935-c6be59ddc82e<-3ce2c7b7-3df7-42de-af28-9ba1d65ea84e#0:FAIL-t103] and 0 exception(s); 9f06b4c9-079f-4989-8935-c6be59ddc82e@group-0D1055093416:t103, leader=null, voted=9f06b4c9-079f-4989-8935-c6be59ddc82e, raftlog=9f06b4c9-079f-4989-8935-c6be59ddc82e@group-0D1055093416-SegmentedRaftLog:OPENED:c-1,f-1,i0, conf=-1: [9f06b4c9-079f-4989-8935-c6be59ddc82e:192.168.69.82:36391, b282f9e2-3bd4-452e-9c35-1adeacc39134:192.168.69.82:42567, 3ce2c7b7-3df7-42de-af28-9ba1d65ea84e:192.168.69.82:35388], old=null
2019-10-17 05:57:09,758 [9f06b4c9-079f-4989-8935-c6be59ddc82e@group-0D1055093416-LeaderElection118] INFO  impl.RaftServerImpl (RaftServerImpl.java:setRole(184)) - 9f06b4c9-079f-4989-8935-c6be59ddc82e@group-0D1055093416: changes role from CANDIDATE to FOLLOWER at term 103 for DISCOVERED_A_NEW_TERM
2019-10-17 05:57:09,758 [9f06b4c9-079f-4989-8935-c6be59ddc82e@group-0D1055093416-LeaderElection118] INFO  impl.RoleInfo (RoleInfo.java:shutdownLeaderElection(134)) - 9f06b4c9-079f-4989-8935-c6be59ddc82e: shutdown LeaderElection
2019-10-17 05:57:09,758 [9f06b4c9-079f-4989-8935-c6be59ddc82e@group-0D1055093416-LeaderElection118] INFO  impl.RoleInfo (RoleInfo.java:updateAndGet(143)) - 9f06b4c9-079f-4989-8935-c6be59ddc82e: start FollowerState
2019-10-17 05:57:09,909 [Thread-1271] INFO  impl.FollowerState (FollowerState.java:run(108)) - 9f06b4c9-079f-4989-8935-c6be59ddc82e@group-0D1055093416-FollowerState: change to CANDIDATE, lastRpcTime:151ms, electionTimeout:151ms
2019-10-17 05:57:09,909 [Thread-1271] INFO  impl.RoleInfo (RoleInfo.java:shutdownFollowerState(121)) - 9f06b4c9-079f-4989-8935-c6be59ddc82e: shutdown FollowerState
2019-10-17 05:57:09,910 [Thread-1271] INFO  impl.RaftServerImpl (RaftServerImpl.java:setRole(184)) - 9f06b4c9-079f-4989-8935-c6be59ddc82e@group-0D1055093416: changes role from  FOLLOWER to CANDIDATE at term 103 for changeToCandidate
2019-10-17 05:57:09,910 [Thread-1271] INFO  impl.RoleInfo (RoleInfo.java:updateAndGet(143)) - 9f06b4c9-079f-4989-8935-c6be59ddc82e: start LeaderElection
2019-10-17 05:57:09,923 [9f06b4c9-079f-4989-8935-c6be59ddc82e@group-0D1055093416-LeaderElection119] INFO  impl.LeaderElection (LeaderElection.java:askForVotes(178)) - 9f06b4c9-079f-4989-8935-c6be59ddc82e@group-0D1055093416-LeaderElection119: begin an election at term 104 for -1: [9f06b4c9-079f-4989-8935-c6be59ddc82e:192.168.69.82:36391, b282f9e2-3bd4-452e-9c35-1adeacc39134:192.168.69.82:42567, 3ce2c7b7-3df7-42de-af28-9ba1d65ea84e:192.168.69.82:35388], old=null
2019-10-17 05:57:09,926 [grpc-default-executor-0] INFO  impl.RaftServerImpl (RaftServerImpl.java:setRole(184)) - b282f9e2-3bd4-452e-9c35-1adeacc39134@group-0D1055093416: changes role from  FOLLOWER to FOLLOWER at term 104 for recognizeCandidate:9f06b4c9-079f-4989-8935-c6be59ddc82e
2019-10-17 05:57:09,926 [grpc-default-executor-0] INFO  impl.RoleInfo (RoleInfo.java:shutdownFollowerState(121)) - b282f9e2-3bd4-452e-9c35-1adeacc39134: shutdown FollowerState
2019-10-17 05:57:09,926 [grpc-default-executor-0] INFO  impl.RoleInfo (RoleInfo.java:updateAndGet(143)) - b282f9e2-3bd4-452e-9c35-1adeacc39134: start FollowerState
2019-10-17 05:57:09,926 [grpc-default-executor-8] INFO  impl.RaftServerImpl (RaftServerImpl.java:setRole(184)) - 3ce2c7b7-3df7-42de-af28-9ba1d65ea84e@group-0D1055093416: changes role from  FOLLOWER to FOLLOWER at term 104 for recognizeCandidate:9f06b4c9-079f-4989-8935-c6be59ddc82e
2019-10-17 05:57:09,926 [grpc-default-executor-8] INFO  impl.RoleInfo (RoleInfo.java:shutdownFollowerState(121)) - 3ce2c7b7-3df7-42de-af28-9ba1d65ea84e: shutdown FollowerState
2019-10-17 05:57:09,926 [Thread-1267] INFO  impl.FollowerState (FollowerState.java:run(117)) - b282f9e2-3bd4-452e-9c35-1adeacc39134@group-0D1055093416-FollowerState was interrupted: java.lang.InterruptedException: sleep interrupted
2019-10-17 05:57:09,927 [Thread-1268] INFO  impl.FollowerState (FollowerState.java:run(117)) - 3ce2c7b7-3df7-42de-af28-9ba1d65ea84e@group-0D1055093416-FollowerState was interrupted: java.lang.InterruptedException: sleep interrupted
2019-10-17 05:57:09,927 [grpc-default-executor-8] INFO  impl.RoleInfo (RoleInfo.java:updateAndGet(143)) - 3ce2c7b7-3df7-42de-af28-9ba1d65ea84e: start FollowerState
2019-10-17 05:57:09,941 [9f06b4c9-079f-4989-8935-c6be59ddc82e@group-0D1055093416-LeaderElection119] INFO  impl.LeaderElection (LeaderElection.java:logAndReturn(56)) - 9f06b4c9-079f-4989-8935-c6be59ddc82e@group-0D1055093416-LeaderElection119: Election REJECTED; received 2 response(s) [9f06b4c9-079f-4989-8935-c6be59ddc82e<-b282f9e2-3bd4-452e-9c35-1adeacc39134#0:FAIL-t104, 9f06b4c9-079f-4989-8935-c6be59ddc82e<-3ce2c7b7-3df7-42de-af28-9ba1d65ea84e#0:FAIL-t104] and 0 exception(s); 9f06b4c9-079f-4989-8935-c6be59ddc82e@group-0D1055093416:t104, leader=null, voted=9f06b4c9-079f-4989-8935-c6be59ddc82e, raftlog=9f06b4c9-079f-4989-8935-c6be59ddc82e@group-0D1055093416-SegmentedRaftLog:OPENED:c-1,f-1,i0, conf=-1: [9f06b4c9-079f-4989-8935-c6be59ddc82e:192.168.69.82:36391, b282f9e2-3bd4-452e-9c35-1adeacc39134:192.168.69.82:42567, 3ce2c7b7-3df7-42de-af28-9ba1d65ea84e:192.168.69.82:35388], old=null
2019-10-17 05:57:09,943 [9f06b4c9-079f-4989-8935-c6be59ddc82e@group-0D1055093416-LeaderElection119] INFO  impl.RaftServerImpl (RaftServerImpl.java:setRole(184)) - 9f06b4c9-079f-4989-8935-c6be59ddc82e@group-0D1055093416: changes role from CANDIDATE to FOLLOWER at term 104 for DISCOVERED_A_NEW_TERM
2019-10-17 05:57:09,943 [9f06b4c9-079f-4989-8935-c6be59ddc82e@group-0D1055093416-LeaderElection119] INFO  impl.RoleInfo (RoleInfo.java:shutdownLeaderElection(134)) - 9f06b4c9-079f-4989-8935-c6be59ddc82e: shutdown LeaderElection
2019-10-17 05:57:09,944 [9f06b4c9-079f-4989-8935-c6be59ddc82e@group-0D1055093416-LeaderElection119] INFO  impl.RoleInfo (RoleInfo.java:updateAndGet(143)) - 9f06b4c9-079f-4989-8935-c6be59ddc82e: start FollowerState
2019-10-17 05:57:09,958 [Thread-1277] INFO  impl.FollowerState (FollowerState.java:run(108)) - 9f06b4c9-079f-4989-8935-c6be59ddc82e@group-0D1055093416-FollowerState: change to CANDIDATE, lastRpcTime:14ms, electionTimeout:14ms
2019-10-17 05:57:09,958 [Thread-1277] INFO  impl.RoleInfo (RoleInfo.java:shutdownFollowerState(121)) - 9f06b4c9-079f-4989-8935-c6be59ddc82e: shutdown FollowerState
2019-10-17 05:57:09,958 [Thread-1277] INFO  impl.RaftServerImpl (RaftServerImpl.java:setRole(184)) - 9f06b4c9-079f-4989-8935-c6be59ddc82e@group-0D1055093416: changes role from  FOLLOWER to CANDIDATE at term 104 for changeToCandidate
2019-10-17 05:57:09,958 [Thread-1277] INFO  impl.RoleInfo (RoleInfo.java:updateAndGet(143)) - 9f06b4c9-079f-4989-8935-c6be59ddc82e: start LeaderElection
2019-10-17 05:57:09,972 [9f06b4c9-079f-4989-8935-c6be59ddc82e@group-0D1055093416-LeaderElection120] INFO  impl.LeaderElection (LeaderElection.java:askForVotes(178)) - 9f06b4c9-079f-4989-8935-c6be59ddc82e@group-0D1055093416-LeaderElection120: begin an election at term 105 for -1: [9f06b4c9-079f-4989-8935-c6be59ddc82e:192.168.69.82:36391, b282f9e2-3bd4-452e-9c35-1adeacc39134:192.168.69.82:42567, 3ce2c7b7-3df7-42de-af28-9ba1d65ea84e:192.168.69.82:35388], old=null
2019-10-17 05:57:09,974 [grpc-default-executor-0] INFO  impl.RaftServerImpl (RaftServerImpl.java:setRole(184)) - b282f9e2-3bd4-452e-9c35-1adeacc39134@group-0D1055093416: changes role from  FOLLOWER to FOLLOWER at term 105 for recognizeCandidate:9f06b4c9-079f-4989-8935-c6be59ddc82e
2019-10-17 05:57:09,974 [grpc-default-executor-0] INFO  impl.RoleInfo (RoleInfo.java:shutdownFollowerState(121)) - b282f9e2-3bd4-452e-9c35-1adeacc39134: shutdown FollowerState
2019-10-17 05:57:09,974 [grpc-default-executor-0] INFO  impl.RoleInfo (RoleInfo.java:updateAndGet(143)) - b282f9e2-3bd4-452e-9c35-1adeacc39134: start FollowerState
2019-10-17 05:57:09,974 [Thread-1275] INFO  impl.FollowerState (FollowerState.java:run(117)) - b282f9e2-3bd4-452e-9c35-1adeacc39134@group-0D1055093416-FollowerState was interrupted: java.lang.InterruptedException: sleep interrupted
2019-10-17 05:57:09,975 [grpc-default-executor-8] INFO  impl.RaftServerImpl (RaftServerImpl.java:setRole(184)) - 3ce2c7b7-3df7-42de-af28-9ba1d65ea84e@group-0D1055093416: changes role from  FOLLOWER to FOLLOWER at term 105 for recognizeCandidate:9f06b4c9-079f-4989-8935-c6be59ddc82e
2019-10-17 05:57:09,975 [grpc-default-executor-8] INFO  impl.RoleInfo (RoleInfo.java:shutdownFollowerState(121)) - 3ce2c7b7-3df7-42de-af28-9ba1d65ea84e: shutdown FollowerState
2019-10-17 05:57:09,975 [grpc-default-executor-8] INFO  impl.RoleInfo (RoleInfo.java:updateAndGet(143)) - 3ce2c7b7-3df7-42de-af28-9ba1d65ea84e: start FollowerState
2019-10-17 05:57:09,975 [Thread-1276] INFO  impl.FollowerState (FollowerState.java:run(117)) - 3ce2c7b7-3df7-42de-af28-9ba1d65ea84e@group-0D1055093416-FollowerState was interrupted: java.lang.InterruptedException: sleep interrupted
2019-10-17 05:57:09,989 [9f06b4c9-079f-4989-8935-c6be59ddc82e@group-0D1055093416-LeaderElection120] INFO  impl.LeaderElection (LeaderElection.java:logAndReturn(56)) - 9f06b4c9-079f-4989-8935-c6be59ddc82e@group-0D1055093416-LeaderElection120: Election REJECTED; received 2 response(s) [9f06b4c9-079f-4989-8935-c6be59ddc82e<-b282f9e2-3bd4-452e-9c35-1adeacc39134#0:FAIL-t105, 9f06b4c9-079f-4989-8935-c6be59ddc82e<-3ce2c7b7-3df7-42de-af28-9ba1d65ea84e#0:FAIL-t105] and 0 exception(s); 9f06b4c9-079f-4989-8935-c6be59ddc82e@group-0D1055093416:t105, leader=null, voted=9f06b4c9-079f-4989-8935-c6be59ddc82e, raftlog=9f06b4c9-079f-4989-8935-c6be59ddc82e@group-0D1055093416-SegmentedRaftLog:OPENED:c-1,f-1,i0, conf=-1: [9f06b4c9-079f-4989-8935-c6be59ddc82e:192.168.69.82:36391, b282f9e2-3bd4-452e-9c35-1adeacc39134:192.168.69.82:42567, 3ce2c7b7-3df7-42de-af28-9ba1d65ea84e:192.168.69.82:35388], old=null
2019-10-17 05:57:09,989 [9f06b4c9-079f-4989-8935-c6be59ddc82e@group-0D1055093416-LeaderElection120] INFO  impl.RaftServerImpl (RaftServerImpl.java:setRole(184)) - 9f06b4c9-079f-4989-8935-c6be59ddc82e@group-0D1055093416: changes role from CANDIDATE to FOLLOWER at term 105 for DISCOVERED_A_NEW_TERM
2019-10-17 05:57:09,989 [9f06b4c9-079f-4989-8935-c6be59ddc82e@group-0D1055093416-LeaderElection120] INFO  impl.RoleInfo (RoleInfo.java:shutdownLeaderElection(134)) - 9f06b4c9-079f-4989-8935-c6be59ddc82e: shutdown LeaderElection
2019-10-17 05:57:09,989 [9f06b4c9-079f-4989-8935-c6be59ddc82e@group-0D1055093416-LeaderElection120] INFO  impl.RoleInfo (RoleInfo.java:updateAndGet(143)) - 9f06b4c9-079f-4989-8935-c6be59ddc82e: start FollowerState
2019-10-17 05:57:10,092 [Thread-1283] INFO  impl.FollowerState (FollowerState.java:run(108)) - 9f06b4c9-079f-4989-8935-c6be59ddc82e@group-0D1055093416-FollowerState: change to CANDIDATE, lastRpcTime:102ms, electionTimeout:102ms
2019-10-17 05:57:10,092 [Thread-1283] INFO  impl.RoleInfo (RoleInfo.java:shutdownFollowerState(121)) - 9f06b4c9-079f-4989-8935-c6be59ddc82e: shutdown FollowerState
2019-10-17 05:57:10,092 [Thread-1283] INFO  impl.RaftServerImpl (RaftServerImpl.java:setRole(184)) - 9f06b4c9-079f-4989-8935-c6be59ddc82e@group-0D1055093416: changes role from  FOLLOWER to CANDIDATE at term 105 for changeToCandidate
2019-10-17 05:57:10,093 [Thread-1283] INFO  impl.RoleInfo (RoleInfo.java:updateAndGet(143)) - 9f06b4c9-079f-4989-8935-c6be59ddc82e: start LeaderElection
2019-10-17 05:57:10,106 [9f06b4c9-079f-4989-8935-c6be59ddc82e@group-0D1055093416-LeaderElection121] INFO  impl.LeaderElection (LeaderElection.java:askForVotes(178)) - 9f06b4c9-079f-4989-8935-c6be59ddc82e@group-0D1055093416-LeaderElection121: begin an election at term 106 for -1: [9f06b4c9-079f-4989-8935-c6be59ddc82e:192.168.69.82:36391, b282f9e2-3bd4-452e-9c35-1adeacc39134:192.168.69.82:42567, 3ce2c7b7-3df7-42de-af28-9ba1d65ea84e:192.168.69.82:35388], old=null
2019-10-17 05:57:10,109 [grpc-default-executor-8] INFO  impl.RaftServerImpl (RaftServerImpl.java:setRole(184)) - 3ce2c7b7-3df7-42de-af28-9ba1d65ea84e@group-0D1055093416: changes role from  FOLLOWER to FOLLOWER at term 106 for recognizeCandidate:9f06b4c9-079f-4989-8935-c6be59ddc82e
2019-10-17 05:57:10,109 [grpc-default-executor-8] INFO  impl.RoleInfo (RoleInfo.java:shutdownFollowerState(121)) - 3ce2c7b7-3df7-42de-af28-9ba1d65ea84e: shutdown FollowerState
2019-10-17 05:57:10,109 [grpc-default-executor-8] INFO  impl.RoleInfo (RoleInfo.java:updateAndGet(143)) - 3ce2c7b7-3df7-42de-af28-9ba1d65ea84e: start FollowerState
2019-10-17 05:57:10,109 [Thread-1282] INFO  impl.FollowerState (FollowerState.java:run(117)) - 3ce2c7b7-3df7-42de-af28-9ba1d65ea84e@group-0D1055093416-FollowerState was interrupted: java.lang.InterruptedException: sleep interrupted
2019-10-17 05:57:10,109 [grpc-default-executor-0] INFO  impl.RaftServerImpl (RaftServerImpl.java:setRole(184)) - b282f9e2-3bd4-452e-9c35-1adeacc39134@group-0D1055093416: changes role from  FOLLOWER to FOLLOWER at term 106 for recognizeCandidate:9f06b4c9-079f-4989-8935-c6be59ddc82e
2019-10-17 05:57:10,110 [grpc-default-executor-0] INFO  impl.RoleInfo (RoleInfo.java:shutdownFollowerState(121)) - b282f9e2-3bd4-452e-9c35-1adeacc39134: shutdown FollowerState
2019-10-17 05:57:10,110 [grpc-default-executor-0] INFO  impl.RoleInfo (RoleInfo.java:updateAndGet(143)) - b282f9e2-3bd4-452e-9c35-1adeacc39134: start FollowerState
2019-10-17 05:57:10,110 [Thread-1281] INFO  impl.FollowerState (FollowerState.java:run(117)) - b282f9e2-3bd4-452e-9c35-1adeacc39134@group-0D1055093416-FollowerState was interrupted: java.lang.InterruptedException: sleep interrupted
2019-10-17 05:57:10,125 [9f06b4c9-079f-4989-8935-c6be59ddc82e@group-0D1055093416-LeaderElection121] INFO  impl.LeaderElection (LeaderElection.java:logAndReturn(56)) - 9f06b4c9-079f-4989-8935-c6be59ddc82e@group-0D1055093416-LeaderElection121: Election REJECTED; received 2 response(s) [9f06b4c9-079f-4989-8935-c6be59ddc82e<-b282f9e2-3bd4-452e-9c35-1adeacc39134#0:FAIL-t106, 9f06b4c9-079f-4989-8935-c6be59ddc82e<-3ce2c7b7-3df7-42de-af28-9ba1d65ea84e#0:FAIL-t106] and 0 exception(s); 9f06b4c9-079f-4989-8935-c6be59ddc82e@group-0D1055093416:t106, leader=null, voted=9f06b4c9-079f-4989-8935-c6be59ddc82e, raftlog=9f06b4c9-079f-4989-8935-c6be59ddc82e@group-0D1055093416-SegmentedRaftLog:OPENED:c-1,f-1,i0, conf=-1: [9f06b4c9-079f-4989-8935-c6be59ddc82e:192.168.69.82:36391, b282f9e2-3bd4-452e-9c35-1adeacc39134:192.168.69.82:42567, 3ce2c7b7-3df7-42de-af28-9ba1d65ea84e:192.168.69.82:35388], old=null
2019-10-17 05:57:10,125 [9f06b4c9-079f-4989-8935-c6be59ddc82e@group-0D1055093416-LeaderElection121] INFO  impl.RaftServerImpl (RaftServerImpl.java:setRole(184)) - 9f06b4c9-079f-4989-8935-c6be59ddc82e@group-0D1055093416: changes role from CANDIDATE to FOLLOWER at term 106 for DISCOVERED_A_NEW_TERM
2019-10-17 05:57:10,125 [9f06b4c9-079f-4989-8935-c6be59ddc82e@group-0D1055093416-LeaderElection121] INFO  impl.RoleInfo (RoleInfo.java:shutdownLeaderElection(134)) - 9f06b4c9-079f-4989-8935-c6be59ddc82e: shutdown LeaderElection
2019-10-17 05:57:10,126 [9f06b4c9-079f-4989-8935-c6be59ddc82e@group-0D1055093416-LeaderElection121] INFO  impl.RoleInfo (RoleInfo.java:updateAndGet(143)) - 9f06b4c9-079f-4989-8935-c6be59ddc82e: start FollowerState
2019-10-17 05:57:10,264 [Thread-1289] INFO  impl.FollowerState (FollowerState.java:run(108)) - 9f06b4c9-079f-4989-8935-c6be59ddc82e@group-0D1055093416-FollowerState: change to CANDIDATE, lastRpcTime:138ms, electionTimeout:138ms
2019-10-17 05:57:10,265 [Thread-1289] INFO  impl.RoleInfo (RoleInfo.java:shutdownFollowerState(121)) - 9f06b4c9-079f-4989-8935-c6be59ddc82e: shutdown FollowerState
2019-10-17 05:57:10,265 [Thread-1289] INFO  impl.RaftServerImpl (RaftServerImpl.java:setRole(184)) - 9f06b4c9-079f-4989-8935-c6be59ddc82e@group-0D1055093416: changes role from  FOLLOWER to CANDIDATE at term 106 for changeToCandidate
2019-10-17 05:57:10,265 [Thread-1289] INFO  impl.RoleInfo (RoleInfo.java:updateAndGet(143)) - 9f06b4c9-079f-4989-8935-c6be59ddc82e: start LeaderElection
2019-10-17 05:57:10,278 [9f06b4c9-079f-4989-8935-c6be59ddc82e@group-0D1055093416-LeaderElection122] INFO  impl.LeaderElection (LeaderElection.java:askForVotes(178)) - 9f06b4c9-079f-4989-8935-c6be59ddc82e@group-0D1055093416-LeaderElection122: begin an election at term 107 for -1: [9f06b4c9-079f-4989-8935-c6be59ddc82e:192.168.69.82:36391, b282f9e2-3bd4-452e-9c35-1adeacc39134:192.168.69.82:42567, 3ce2c7b7-3df7-42de-af28-9ba1d65ea84e:192.168.69.82:35388], old=null
2019-10-17 05:57:10,280 [grpc-default-executor-8] INFO  impl.RaftServerImpl (RaftServerImpl.java:setRole(184)) - b282f9e2-3bd4-452e-9c35-1adeacc39134@group-0D1055093416: changes role from  FOLLOWER to FOLLOWER at term 107 for recognizeCandidate:9f06b4c9-079f-4989-8935-c6be59ddc82e
2019-10-17 05:57:10,280 [grpc-default-executor-8] INFO  impl.RoleInfo (RoleInfo.java:shutdownFollowerState(121)) - b282f9e2-3bd4-452e-9c35-1adeacc39134: shutdown FollowerState
2019-10-17 05:57:10,280 [grpc-default-executor-0] INFO  impl.RaftServerImpl (RaftServerImpl.java:setRole(184)) - 3ce2c7b7-3df7-42de-af28-9ba1d65ea84e@group-0D1055093416: changes role from  FOLLOWER to FOLLOWER at term 107 for recognizeCandidate:9f06b4c9-079f-4989-8935-c6be59ddc82e
2019-10-17 05:57:10,281 [Thread-1288] INFO  impl.FollowerState (FollowerState.java:run(117)) - b282f9e2-3bd4-452e-9c35-1adeacc39134@group-0D1055093416-FollowerState was interrupted: java.lang.InterruptedException: sleep interrupted
2019-10-17 05:57:10,281 [grpc-default-executor-8] INFO  impl.RoleInfo (RoleInfo.java:updateAndGet(143)) - b282f9e2-3bd4-452e-9c35-1adeacc39134: start FollowerState
2019-10-17 05:57:10,281 [grpc-default-executor-0] INFO  impl.RoleInfo (RoleInfo.java:shutdownFollowerState(121)) - 3ce2c7b7-3df7-42de-af28-9ba1d65ea84e: shutdown FollowerState
2019-10-17 05:57:10,281 [grpc-default-executor-0] INFO  impl.RoleInfo (RoleInfo.java:updateAndGet(143)) - 3ce2c7b7-3df7-42de-af28-9ba1d65ea84e: start FollowerState
2019-10-17 05:57:10,281 [Thread-1287] INFO  impl.FollowerState (FollowerState.java:run(117)) - 3ce2c7b7-3df7-42de-af28-9ba1d65ea84e@group-0D1055093416-FollowerState was interrupted: java.lang.InterruptedException: sleep interrupted
2019-10-17 05:57:10,304 [9f06b4c9-079f-4989-8935-c6be59ddc82e@group-0D1055093416-LeaderElection122] INFO  impl.LeaderElection (LeaderElection.java:logAndReturn(56)) - 9f06b4c9-079f-4989-8935-c6be59ddc82e@group-0D1055093416-LeaderElection122: Election REJECTED; received 2 response(s) [9f06b4c9-079f-4989-8935-c6be59ddc82e<-b282f9e2-3bd4-452e-9c35-1adeacc39134#0:FAIL-t107, 9f06b4c9-079f-4989-8935-c6be59ddc82e<-3ce2c7b7-3df7-42de-af28-9ba1d65ea84e#0:FAIL-t107] and 0 exception(s); 9f06b4c9-079f-4989-8935-c6be59ddc82e@group-0D1055093416:t107, leader=null, voted=9f06b4c9-079f-4989-8935-c6be59ddc82e, raftlog=9f06b4c9-079f-4989-8935-c6be59ddc82e@group-0D1055093416-SegmentedRaftLog:OPENED:c-1,f-1,i0, conf=-1: [9f06b4c9-079f-4989-8935-c6be59ddc82e:192.168.69.82:36391, b282f9e2-3bd4-452e-9c35-1adeacc39134:192.168.69.82:42567, 3ce2c7b7-3df7-42de-af28-9ba1d65ea84e:192.168.69.82:35388], old=null
2019-10-17 05:57:10,305 [9f06b4c9-079f-4989-8935-c6be59ddc82e@group-0D1055093416-LeaderElection122] INFO  impl.RaftServerImpl (RaftServerImpl.java:setRole(184)) - 9f06b4c9-079f-4989-8935-c6be59ddc82e@group-0D1055093416: changes role from CANDIDATE to FOLLOWER at term 107 for DISCOVERED_A_NEW_TERM
2019-10-17 05:57:10,305 [9f06b4c9-079f-4989-8935-c6be59ddc82e@group-0D1055093416-LeaderElection122] INFO  impl.RoleInfo (RoleInfo.java:shutdownLeaderElection(134)) - 9f06b4c9-079f-4989-8935-c6be59ddc82e: shutdown LeaderElection
2019-10-17 05:57:10,305 [9f06b4c9-079f-4989-8935-c6be59ddc82e@group-0D1055093416-LeaderElection122] INFO  impl.RoleInfo (RoleInfo.java:updateAndGet(143)) - 9f06b4c9-079f-4989-8935-c6be59ddc82e: start FollowerState
2019-10-17 05:57:10,504 [Thread-1299] INFO  impl.FollowerState (FollowerState.java:run(108)) - 9f06b4c9-079f-4989-8935-c6be59ddc82e@group-0D1055093416-FollowerState: change to CANDIDATE, lastRpcTime:199ms, electionTimeout:199ms
2019-10-17 05:57:10,505 [Thread-1299] INFO  impl.RoleInfo (RoleInfo.java:shutdownFollowerState(121)) - 9f06b4c9-079f-4989-8935-c6be59ddc82e: shutdown FollowerState
2019-10-17 05:57:10,505 [Thread-1299] INFO  impl.RaftServerImpl (RaftServerImpl.java:setRole(184)) - 9f06b4c9-079f-4989-8935-c6be59ddc82e@group-0D1055093416: changes role from  FOLLOWER to CANDIDATE at term 107 for changeToCandidate
2019-10-17 05:57:10,505 [Thread-1299] INFO  impl.RoleInfo (RoleInfo.java:updateAndGet(143)) - 9f06b4c9-079f-4989-8935-c6be59ddc82e: start LeaderElection
2019-10-17 05:57:10,518 [9f06b4c9-079f-4989-8935-c6be59ddc82e@group-0D1055093416-LeaderElection123] INFO  impl.LeaderElection (LeaderElection.java:askForVotes(178)) - 9f06b4c9-079f-4989-8935-c6be59ddc82e@group-0D1055093416-LeaderElection123: begin an election at term 108 for -1: [9f06b4c9-079f-4989-8935-c6be59ddc82e:192.168.69.82:36391, b282f9e2-3bd4-452e-9c35-1adeacc39134:192.168.69.82:42567, 3ce2c7b7-3df7-42de-af28-9ba1d65ea84e:192.168.69.82:35388], old=null
2019-10-17 05:57:10,521 [grpc-default-executor-0] INFO  impl.RaftServerImpl (RaftServerImpl.java:setRole(184)) - 3ce2c7b7-3df7-42de-af28-9ba1d65ea84e@group-0D1055093416: changes role from  FOLLOWER to FOLLOWER at term 108 for recognizeCandidate:9f06b4c9-079f-4989-8935-c6be59ddc82e
2019-10-17 05:57:10,521 [grpc-default-executor-0] INFO  impl.RoleInfo (RoleInfo.java:shutdownFollowerState(121)) - 3ce2c7b7-3df7-42de-af28-9ba1d65ea84e: shutdown FollowerState
2019-10-17 05:57:10,522 [grpc-default-executor-0] INFO  impl.RoleInfo (RoleInfo.java:updateAndGet(143)) - 3ce2c7b7-3df7-42de-af28-9ba1d65ea84e: start FollowerState
2019-10-17 05:57:10,522 [Thread-1298] INFO  impl.FollowerState (FollowerState.java:run(117)) - 3ce2c7b7-3df7-42de-af28-9ba1d65ea84e@group-0D1055093416-FollowerState was interrupted: java.lang.InterruptedException: sleep interrupted
2019-10-17 05:57:10,522 [grpc-default-executor-8] INFO  impl.RaftServerImpl (RaftServerImpl.java:setRole(184)) - b282f9e2-3bd4-452e-9c35-1adeacc39134@group-0D1055093416: changes role from  FOLLOWER to FOLLOWER at term 108 for recognizeCandidate:9f06b4c9-079f-4989-8935-c6be59ddc82e
2019-10-17 05:57:10,522 [grpc-default-executor-8] INFO  impl.RoleInfo (RoleInfo.java:shutdownFollowerState(121)) - b282f9e2-3bd4-452e-9c35-1adeacc39134: shutdown FollowerState
2019-10-17 05:57:10,523 [grpc-default-executor-8] INFO  impl.RoleInfo (RoleInfo.java:updateAndGet(143)) - b282f9e2-3bd4-452e-9c35-1adeacc39134: start FollowerState
2019-10-17 05:57:10,523 [Thread-1297] INFO  impl.FollowerState (FollowerState.java:run(117)) - b282f9e2-3bd4-452e-9c35-1adeacc39134@group-0D1055093416-FollowerState was interrupted: java.lang.InterruptedException: sleep interrupted
2019-10-17 05:57:10,539 [9f06b4c9-079f-4989-8935-c6be59ddc82e@group-0D1055093416-LeaderElection123] INFO  impl.LeaderElection (LeaderElection.java:logAndReturn(56)) - 9f06b4c9-079f-4989-8935-c6be59ddc82e@group-0D1055093416-LeaderElection123: Election REJECTED; received 2 response(s) [9f06b4c9-079f-4989-8935-c6be59ddc82e<-b282f9e2-3bd4-452e-9c35-1adeacc39134#0:FAIL-t108, 9f06b4c9-079f-4989-8935-c6be59ddc82e<-3ce2c7b7-3df7-42de-af28-9ba1d65ea84e#0:FAIL-t108] and 0 exception(s); 9f06b4c9-079f-4989-8935-c6be59ddc82e@group-0D1055093416:t108, leader=null, voted=9f06b4c9-079f-4989-8935-c6be59ddc82e, raftlog=9f06b4c9-079f-4989-8935-c6be59ddc82e@group-0D1055093416-SegmentedRaftLog:OPENED:c-1,f-1,i0, conf=-1: [9f06b4c9-079f-4989-8935-c6be59ddc82e:192.168.69.82:36391, b282f9e2-3bd4-452e-9c35-1adeacc39134:192.168.69.82:42567, 3ce2c7b7-3df7-42de-af28-9ba1d65ea84e:192.168.69.82:35388], old=null
2019-10-17 05:57:10,539 [9f06b4c9-079f-4989-8935-c6be59ddc82e@group-0D1055093416-LeaderElection123] INFO  impl.RaftServerImpl (RaftServerImpl.java:setRole(184)) - 9f06b4c9-079f-4989-8935-c6be59ddc82e@group-0D1055093416: changes role from CANDIDATE to FOLLOWER at term 108 for DISCOVERED_A_NEW_TERM
2019-10-17 05:57:10,539 [9f06b4c9-079f-4989-8935-c6be59ddc82e@group-0D1055093416-LeaderElection123] INFO  impl.RoleInfo (RoleInfo.java:shutdownLeaderElection(134)) - 9f06b4c9-079f-4989-8935-c6be59ddc82e: shutdown LeaderElection
2019-10-17 05:57:10,539 [9f06b4c9-079f-4989-8935-c6be59ddc82e@group-0D1055093416-LeaderElection123] INFO  impl.RoleInfo (RoleInfo.java:updateAndGet(143)) - 9f06b4c9-079f-4989-8935-c6be59ddc82e: start FollowerState
2019-10-17 05:57:10,643 [Thread-1305] INFO  impl.FollowerState (FollowerState.java:run(108)) - 9f06b4c9-079f-4989-8935-c6be59ddc82e@group-0D1055093416-FollowerState: change to CANDIDATE, lastRpcTime:103ms, electionTimeout:103ms
2019-10-17 05:57:10,643 [Thread-1305] INFO  impl.RoleInfo (RoleInfo.java:shutdownFollowerState(121)) - 9f06b4c9-079f-4989-8935-c6be59ddc82e: shutdown FollowerState
2019-10-17 05:57:10,643 [Thread-1305] INFO  impl.RaftServerImpl (RaftServerImpl.java:setRole(184)) - 9f06b4c9-079f-4989-8935-c6be59ddc82e@group-0D1055093416: changes role from  FOLLOWER to CANDIDATE at term 108 for changeToCandidate
2019-10-17 05:57:10,643 [Thread-1305] INFO  impl.RoleInfo (RoleInfo.java:updateAndGet(143)) - 9f06b4c9-079f-4989-8935-c6be59ddc82e: start LeaderElection
2019-10-17 05:57:10,657 [9f06b4c9-079f-4989-8935-c6be59ddc82e@group-0D1055093416-LeaderElection124] INFO  impl.LeaderElection (LeaderElection.java:askForVotes(178)) - 9f06b4c9-079f-4989-8935-c6be59ddc82e@group-0D1055093416-LeaderElection124: begin an election at term 109 for -1: [9f06b4c9-079f-4989-8935-c6be59ddc82e:192.168.69.82:36391, b282f9e2-3bd4-452e-9c35-1adeacc39134:192.168.69.82:42567, 3ce2c7b7-3df7-42de-af28-9ba1d65ea84e:192.168.69.82:35388], old=null
2019-10-17 05:57:10,659 [grpc-default-executor-8] INFO  impl.RaftServerImpl (RaftServerImpl.java:setRole(184)) - b282f9e2-3bd4-452e-9c35-1adeacc39134@group-0D1055093416: changes role from  FOLLOWER to FOLLOWER at term 109 for recognizeCandidate:9f06b4c9-079f-4989-8935-c6be59ddc82e
2019-10-17 05:57:10,659 [grpc-default-executor-8] INFO  impl.RoleInfo (RoleInfo.java:shutdownFollowerState(121)) - b282f9e2-3bd4-452e-9c35-1adeacc39134: shutdown FollowerState
2019-10-17 05:57:10,659 [grpc-default-executor-8] INFO  impl.RoleInfo (RoleInfo.java:updateAndGet(143)) - b282f9e2-3bd4-452e-9c35-1adeacc39134: start FollowerState
2019-10-17 05:57:10,659 [Thread-1304] INFO  impl.FollowerState (FollowerState.java:run(117)) - b282f9e2-3bd4-452e-9c35-1adeacc39134@group-0D1055093416-FollowerState was interrupted: java.lang.InterruptedException: sleep interrupted
2019-10-17 05:57:10,659 [grpc-default-executor-0] INFO  impl.RaftServerImpl (RaftServerImpl.java:setRole(184)) - 3ce2c7b7-3df7-42de-af28-9ba1d65ea84e@group-0D1055093416: changes role from  FOLLOWER to FOLLOWER at term 109 for recognizeCandidate:9f06b4c9-079f-4989-8935-c6be59ddc82e
2019-10-17 05:57:10,660 [grpc-default-executor-0] INFO  impl.RoleInfo (RoleInfo.java:shutdownFollowerState(121)) - 3ce2c7b7-3df7-42de-af28-9ba1d65ea84e: shutdown FollowerState
2019-10-17 05:57:10,660 [grpc-default-executor-0] INFO  impl.RoleInfo (RoleInfo.java:updateAndGet(143)) - 3ce2c7b7-3df7-42de-af28-9ba1d65ea84e: start FollowerState
2019-10-17 05:57:10,660 [Thread-1303] INFO  impl.FollowerState (FollowerState.java:run(117)) - 3ce2c7b7-3df7-42de-af28-9ba1d65ea84e@group-0D1055093416-FollowerState was interrupted: java.lang.InterruptedException: sleep interrupted
2019-10-17 05:57:10,664 [9f06b4c9-079f-4989-8935-c6be59ddc82e@group-0D1055093416-LeaderElection124] INFO  impl.LeaderElection (LeaderElection.java:logAndReturn(56)) - 9f06b4c9-079f-4989-8935-c6be59ddc82e@group-0D1055093416-LeaderElection124: Election TIMEOUT; received 0 response(s) [] and 0 exception(s); 9f06b4c9-079f-4989-8935-c6be59ddc82e@group-0D1055093416:t109, leader=null, voted=9f06b4c9-079f-4989-8935-c6be59ddc82e, raftlog=9f06b4c9-079f-4989-8935-c6be59ddc82e@group-0D1055093416-SegmentedRaftLog:OPENED:c-1,f-1,i0, conf=-1: [9f06b4c9-079f-4989-8935-c6be59ddc82e:192.168.69.82:36391, b282f9e2-3bd4-452e-9c35-1adeacc39134:192.168.69.82:42567, 3ce2c7b7-3df7-42de-af28-9ba1d65ea84e:192.168.69.82:35388], old=null
2019-10-17 05:57:10,673 [9f06b4c9-079f-4989-8935-c6be59ddc82e@group-0D1055093416-LeaderElection124] INFO  impl.LeaderElection (LeaderElection.java:askForVotes(178)) - 9f06b4c9-079f-4989-8935-c6be59ddc82e@group-0D1055093416-LeaderElection124: begin an election at term 110 for -1: [9f06b4c9-079f-4989-8935-c6be59ddc82e:192.168.69.82:36391, b282f9e2-3bd4-452e-9c35-1adeacc39134:192.168.69.82:42567, 3ce2c7b7-3df7-42de-af28-9ba1d65ea84e:192.168.69.82:35388], old=null
2019-10-17 05:57:10,866 [9f06b4c9-079f-4989-8935-c6be59ddc82e@group-0D1055093416-LeaderElection124] INFO  impl.LeaderElection (LeaderElection.java:logAndReturn(56)) - 9f06b4c9-079f-4989-8935-c6be59ddc82e@group-0D1055093416-LeaderElection124: Election TIMEOUT; received 0 response(s) [] and 0 exception(s); 9f06b4c9-079f-4989-8935-c6be59ddc82e@group-0D1055093416:t110, leader=null, voted=9f06b4c9-079f-4989-8935-c6be59ddc82e, raftlog=9f06b4c9-079f-4989-8935-c6be59ddc82e@group-0D1055093416-SegmentedRaftLog:OPENED:c-1,f-1,i0, conf=-1: [9f06b4c9-079f-4989-8935-c6be59ddc82e:192.168.69.82:36391, b282f9e2-3bd4-452e-9c35-1adeacc39134:192.168.69.82:42567, 3ce2c7b7-3df7-42de-af28-9ba1d65ea84e:192.168.69.82:35388], old=null
2019-10-17 05:57:10,869 [grpc-default-executor-8] INFO  impl.RaftServerImpl (RaftServerImpl.java:setRole(184)) - 3ce2c7b7-3df7-42de-af28-9ba1d65ea84e@group-0D1055093416: changes role from  FOLLOWER to FOLLOWER at term 110 for recognizeCandidate:9f06b4c9-079f-4989-8935-c6be59ddc82e
2019-10-17 05:57:10,869 [grpc-default-executor-8] INFO  impl.RoleInfo (RoleInfo.java:shutdownFollowerState(121)) - 3ce2c7b7-3df7-42de-af28-9ba1d65ea84e: shutdown FollowerState
2019-10-17 05:57:10,870 [grpc-default-executor-8] INFO  impl.RoleInfo (RoleInfo.java:updateAndGet(143)) - 3ce2c7b7-3df7-42de-af28-9ba1d65ea84e: start FollowerState
2019-10-17 05:57:10,870 [Thread-1310] INFO  impl.FollowerState (FollowerState.java:run(117)) - 3ce2c7b7-3df7-42de-af28-9ba1d65ea84e@group-0D1055093416-FollowerState was interrupted: java.lang.InterruptedException: sleep interrupted
2019-10-17 05:57:10,874 [grpc-default-executor-0] INFO  impl.RaftServerImpl (RaftServerImpl.java:setRole(184)) - b282f9e2-3bd4-452e-9c35-1adeacc39134@group-0D1055093416: changes role from  FOLLOWER to FOLLOWER at term 110 for recognizeCandidate:9f06b4c9-079f-4989-8935-c6be59ddc82e
2019-10-17 05:57:10,875 [grpc-default-executor-0] INFO  impl.RoleInfo (RoleInfo.java:shutdownFollowerState(121)) - b282f9e2-3bd4-452e-9c35-1adeacc39134: shutdown FollowerState
2019-10-17 05:57:10,875 [grpc-default-executor-0] INFO  impl.RoleInfo (RoleInfo.java:updateAndGet(143)) - b282f9e2-3bd4-452e-9c35-1adeacc39134: start FollowerState
2019-10-17 05:57:10,875 [Thread-1309] INFO  impl.FollowerState (FollowerState.java:run(117)) - b282f9e2-3bd4-452e-9c35-1adeacc39134@group-0D1055093416-FollowerState was interrupted: java.lang.InterruptedException: sleep interrupted
2019-10-17 05:57:10,880 [9f06b4c9-079f-4989-8935-c6be59ddc82e@group-0D1055093416-LeaderElection124] INFO  impl.LeaderElection (LeaderElection.java:askForVotes(178)) - 9f06b4c9-079f-4989-8935-c6be59ddc82e@group-0D1055093416-LeaderElection124: begin an election at term 111 for -1: [9f06b4c9-079f-4989-8935-c6be59ddc82e:192.168.69.82:36391, b282f9e2-3bd4-452e-9c35-1adeacc39134:192.168.69.82:42567, 3ce2c7b7-3df7-42de-af28-9ba1d65ea84e:192.168.69.82:35388], old=null
2019-10-17 05:57:10,882 [grpc-default-executor-8] INFO  impl.RaftServerImpl (RaftServerImpl.java:setRole(184)) - b282f9e2-3bd4-452e-9c35-1adeacc39134@group-0D1055093416: changes role from  FOLLOWER to FOLLOWER at term 111 for recognizeCandidate:9f06b4c9-079f-4989-8935-c6be59ddc82e
2019-10-17 05:57:10,882 [grpc-default-executor-8] INFO  impl.RoleInfo (RoleInfo.java:shutdownFollowerState(121)) - b282f9e2-3bd4-452e-9c35-1adeacc39134: shutdown FollowerState
2019-10-17 05:57:10,883 [grpc-default-executor-0] INFO  impl.RaftServerImpl (RaftServerImpl.java:setRole(184)) - 3ce2c7b7-3df7-42de-af28-9ba1d65ea84e@group-0D1055093416: changes role from  FOLLOWER to FOLLOWER at term 111 for recognizeCandidate:9f06b4c9-079f-4989-8935-c6be59ddc82e
2019-10-17 05:57:10,883 [grpc-default-executor-0] INFO  impl.RoleInfo (RoleInfo.java:shutdownFollowerState(121)) - 3ce2c7b7-3df7-42de-af28-9ba1d65ea84e: shutdown FollowerState
2019-10-17 05:57:10,883 [Thread-1318] INFO  impl.FollowerState (FollowerState.java:run(117)) - b282f9e2-3bd4-452e-9c35-1adeacc39134@group-0D1055093416-FollowerState was interrupted: java.lang.InterruptedException: sleep interrupted
2019-10-17 05:57:10,883 [grpc-default-executor-8] INFO  impl.RoleInfo (RoleInfo.java:updateAndGet(143)) - b282f9e2-3bd4-452e-9c35-1adeacc39134: start FollowerState
2019-10-17 05:57:10,883 [grpc-default-executor-0] INFO  impl.RoleInfo (RoleInfo.java:updateAndGet(143)) - 3ce2c7b7-3df7-42de-af28-9ba1d65ea84e: start FollowerState
2019-10-17 05:57:10,883 [Thread-1316] INFO  impl.FollowerState (FollowerState.java:run(117)) - 3ce2c7b7-3df7-42de-af28-9ba1d65ea84e@group-0D1055093416-FollowerState was interrupted: java.lang.InterruptedException: sleep interrupted
2019-10-17 05:57:10,898 [9f06b4c9-079f-4989-8935-c6be59ddc82e@group-0D1055093416-LeaderElection124] INFO  impl.LeaderElection (LeaderElection.java:logAndReturn(56)) - 9f06b4c9-079f-4989-8935-c6be59ddc82e@group-0D1055093416-LeaderElection124: Election REJECTED; received 2 response(s) [9f06b4c9-079f-4989-8935-c6be59ddc82e<-b282f9e2-3bd4-452e-9c35-1adeacc39134#0:FAIL-t111, 9f06b4c9-079f-4989-8935-c6be59ddc82e<-3ce2c7b7-3df7-42de-af28-9ba1d65ea84e#0:FAIL-t111] and 0 exception(s); 9f06b4c9-079f-4989-8935-c6be59ddc82e@group-0D1055093416:t111, leader=null, voted=9f06b4c9-079f-4989-8935-c6be59ddc82e, raftlog=9f06b4c9-079f-4989-8935-c6be59ddc82e@group-0D1055093416-SegmentedRaftLog:OPENED:c-1,f-1,i0, conf=-1: [9f06b4c9-079f-4989-8935-c6be59ddc82e:192.168.69.82:36391, b282f9e2-3bd4-452e-9c35-1adeacc39134:192.168.69.82:42567, 3ce2c7b7-3df7-42de-af28-9ba1d65ea84e:192.168.69.82:35388], old=null
2019-10-17 05:57:10,898 [9f06b4c9-079f-4989-8935-c6be59ddc82e@group-0D1055093416-LeaderElection124] INFO  impl.RaftServerImpl (RaftServerImpl.java:setRole(184)) - 9f06b4c9-079f-4989-8935-c6be59ddc82e@group-0D1055093416: changes role from CANDIDATE to FOLLOWER at term 111 for DISCOVERED_A_NEW_TERM
2019-10-17 05:57:10,898 [9f06b4c9-079f-4989-8935-c6be59ddc82e@group-0D1055093416-LeaderElection124] INFO  impl.RoleInfo (RoleInfo.java:shutdownLeaderElection(134)) - 9f06b4c9-079f-4989-8935-c6be59ddc82e: shutdown LeaderElection
2019-10-17 05:57:10,899 [9f06b4c9-079f-4989-8935-c6be59ddc82e@group-0D1055093416-LeaderElection124] INFO  impl.RoleInfo (RoleInfo.java:updateAndGet(143)) - 9f06b4c9-079f-4989-8935-c6be59ddc82e: start FollowerState
2019-10-17 05:57:10,971 [Thread-1323] INFO  impl.FollowerState (FollowerState.java:run(108)) - 9f06b4c9-079f-4989-8935-c6be59ddc82e@group-0D1055093416-FollowerState: change to CANDIDATE, lastRpcTime:72ms, electionTimeout:72ms
2019-10-17 05:57:10,972 [Thread-1323] INFO  impl.RoleInfo (RoleInfo.java:shutdownFollowerState(121)) - 9f06b4c9-079f-4989-8935-c6be59ddc82e: shutdown FollowerState
2019-10-17 05:57:10,973 [Thread-1323] INFO  impl.RaftServerImpl (RaftServerImpl.java:setRole(184)) - 9f06b4c9-079f-4989-8935-c6be59ddc82e@group-0D1055093416: changes role from  FOLLOWER to CANDIDATE at term 111 for changeToCandidate
2019-10-17 05:57:10,973 [Thread-1323] INFO  impl.RoleInfo (RoleInfo.java:updateAndGet(143)) - 9f06b4c9-079f-4989-8935-c6be59ddc82e: start LeaderElection
2019-10-17 05:57:10,987 [9f06b4c9-079f-4989-8935-c6be59ddc82e@group-0D1055093416-LeaderElection125] INFO  impl.LeaderElection (LeaderElection.java:askForVotes(178)) - 9f06b4c9-079f-4989-8935-c6be59ddc82e@group-0D1055093416-LeaderElection125: begin an election at term 112 for -1: [9f06b4c9-079f-4989-8935-c6be59ddc82e:192.168.69.82:36391, b282f9e2-3bd4-452e-9c35-1adeacc39134:192.168.69.82:42567, 3ce2c7b7-3df7-42de-af28-9ba1d65ea84e:192.168.69.82:35388], old=null
2019-10-17 05:57:10,996 [grpc-default-executor-0] INFO  impl.RaftServerImpl (RaftServerImpl.java:setRole(184)) - 3ce2c7b7-3df7-42de-af28-9ba1d65ea84e@group-0D1055093416: changes role from  FOLLOWER to FOLLOWER at term 112 for recognizeCandidate:9f06b4c9-079f-4989-8935-c6be59ddc82e
2019-10-17 05:57:10,996 [grpc-default-executor-0] INFO  impl.RoleInfo (RoleInfo.java:shutdownFollowerState(121)) - 3ce2c7b7-3df7-42de-af28-9ba1d65ea84e: shutdown FollowerState
2019-10-17 05:57:10,996 [grpc-default-executor-8] INFO  impl.RaftServerImpl (RaftServerImpl.java:setRole(184)) - b282f9e2-3bd4-452e-9c35-1adeacc39134@group-0D1055093416: changes role from  FOLLOWER to FOLLOWER at term 112 for recognizeCandidate:9f06b4c9-079f-4989-8935-c6be59ddc82e
2019-10-17 05:57:10,996 [grpc-default-executor-0] INFO  impl.RoleInfo (RoleInfo.java:updateAndGet(143)) - 3ce2c7b7-3df7-42de-af28-9ba1d65ea84e: start FollowerState
2019-10-17 05:57:10,996 [Thread-1322] INFO  impl.FollowerState (FollowerState.java:run(117)) - 3ce2c7b7-3df7-42de-af28-9ba1d65ea84e@group-0D1055093416-FollowerState was interrupted: java.lang.InterruptedException: sleep interrupted
2019-10-17 05:57:10,996 [grpc-default-executor-8] INFO  impl.RoleInfo (RoleInfo.java:shutdownFollowerState(121)) - b282f9e2-3bd4-452e-9c35-1adeacc39134: shutdown FollowerState
2019-10-17 05:57:10,997 [grpc-default-executor-8] INFO  impl.RoleInfo (RoleInfo.java:updateAndGet(143)) - b282f9e2-3bd4-452e-9c35-1adeacc39134: start FollowerState
2019-10-17 05:57:10,997 [Thread-1321] INFO  impl.FollowerState (FollowerState.java:run(117)) - b282f9e2-3bd4-452e-9c35-1adeacc39134@group-0D1055093416-FollowerState was interrupted: java.lang.InterruptedException: sleep interrupted
2019-10-17 05:57:11,009 [9f06b4c9-079f-4989-8935-c6be59ddc82e@group-0D1055093416-LeaderElection125] INFO  impl.LeaderElection (LeaderElection.java:logAndReturn(56)) - 9f06b4c9-079f-4989-8935-c6be59ddc82e@group-0D1055093416-LeaderElection125: Election TIMEOUT; received 0 response(s) [] and 0 exception(s); 9f06b4c9-079f-4989-8935-c6be59ddc82e@group-0D1055093416:t112, leader=null, voted=9f06b4c9-079f-4989-8935-c6be59ddc82e, raftlog=9f06b4c9-079f-4989-8935-c6be59ddc82e@group-0D1055093416-SegmentedRaftLog:OPENED:c-1,f-1,i0, conf=-1: [9f06b4c9-079f-4989-8935-c6be59ddc82e:192.168.69.82:36391, b282f9e2-3bd4-452e-9c35-1adeacc39134:192.168.69.82:42567, 3ce2c7b7-3df7-42de-af28-9ba1d65ea84e:192.168.69.82:35388], old=null
2019-10-17 05:57:11,012 [9f06b4c9-079f-4989-8935-c6be59ddc82e@group-0D1055093416-LeaderElection125] INFO  impl.LeaderElection (LeaderElection.java:askForVotes(178)) - 9f06b4c9-079f-4989-8935-c6be59ddc82e@group-0D1055093416-LeaderElection125: begin an election at term 113 for -1: [9f06b4c9-079f-4989-8935-c6be59ddc82e:192.168.69.82:36391, b282f9e2-3bd4-452e-9c35-1adeacc39134:192.168.69.82:42567, 3ce2c7b7-3df7-42de-af28-9ba1d65ea84e:192.168.69.82:35388], old=null
2019-10-17 05:57:11,014 [grpc-default-executor-0] INFO  impl.RaftServerImpl (RaftServerImpl.java:setRole(184)) - b282f9e2-3bd4-452e-9c35-1adeacc39134@group-0D1055093416: changes role from  FOLLOWER to FOLLOWER at term 113 for recognizeCandidate:9f06b4c9-079f-4989-8935-c6be59ddc82e
2019-10-17 05:57:11,014 [grpc-default-executor-0] INFO  impl.RoleInfo (RoleInfo.java:shutdownFollowerState(121)) - b282f9e2-3bd4-452e-9c35-1adeacc39134: shutdown FollowerState
2019-10-17 05:57:11,014 [grpc-default-executor-8] INFO  impl.RaftServerImpl (RaftServerImpl.java:setRole(184)) - 3ce2c7b7-3df7-42de-af28-9ba1d65ea84e@group-0D1055093416: changes role from  FOLLOWER to FOLLOWER at term 113 for recognizeCandidate:9f06b4c9-079f-4989-8935-c6be59ddc82e
2019-10-17 05:57:11,014 [Thread-1328] INFO  impl.FollowerState (FollowerState.java:run(117)) - b282f9e2-3bd4-452e-9c35-1adeacc39134@group-0D1055093416-FollowerState was interrupted: java.lang.InterruptedException: sleep interrupted
2019-10-17 05:57:11,014 [grpc-default-executor-0] INFO  impl.RoleInfo (RoleInfo.java:updateAndGet(143)) - b282f9e2-3bd4-452e-9c35-1adeacc39134: start FollowerState
2019-10-17 05:57:11,014 [grpc-default-executor-8] INFO  impl.RoleInfo (RoleInfo.java:shutdownFollowerState(121)) - 3ce2c7b7-3df7-42de-af28-9ba1d65ea84e: shutdown FollowerState
2019-10-17 05:57:11,015 [grpc-default-executor-8] INFO  impl.RoleInfo (RoleInfo.java:updateAndGet(143)) - 3ce2c7b7-3df7-42de-af28-9ba1d65ea84e: start FollowerState
2019-10-17 05:57:11,015 [Thread-1327] INFO  impl.FollowerState (FollowerState.java:run(117)) - 3ce2c7b7-3df7-42de-af28-9ba1d65ea84e@group-0D1055093416-FollowerState was interrupted: java.lang.InterruptedException: sleep interrupted
2019-10-17 05:57:11,030 [9f06b4c9-079f-4989-8935-c6be59ddc82e@group-0D1055093416-LeaderElection125] INFO  impl.LeaderElection (LeaderElection.java:logAndReturn(56)) - 9f06b4c9-079f-4989-8935-c6be59ddc82e@group-0D1055093416-LeaderElection125: Election REJECTED; received 2 response(s) [9f06b4c9-079f-4989-8935-c6be59ddc82e<-b282f9e2-3bd4-452e-9c35-1adeacc39134#0:FAIL-t113, 9f06b4c9-079f-4989-8935-c6be59ddc82e<-3ce2c7b7-3df7-42de-af28-9ba1d65ea84e#0:FAIL-t113] and 0 exception(s); 9f06b4c9-079f-4989-8935-c6be59ddc82e@group-0D1055093416:t113, leader=null, voted=9f06b4c9-079f-4989-8935-c6be59ddc82e, raftlog=9f06b4c9-079f-4989-8935-c6be59ddc82e@group-0D1055093416-SegmentedRaftLog:OPENED:c-1,f-1,i0, conf=-1: [9f06b4c9-079f-4989-8935-c6be59ddc82e:192.168.69.82:36391, b282f9e2-3bd4-452e-9c35-1adeacc39134:192.168.69.82:42567, 3ce2c7b7-3df7-42de-af28-9ba1d65ea84e:192.168.69.82:35388], old=null
2019-10-17 05:57:11,030 [9f06b4c9-079f-4989-8935-c6be59ddc82e@group-0D1055093416-LeaderElection125] INFO  impl.RaftServerImpl (RaftServerImpl.java:setRole(184)) - 9f06b4c9-079f-4989-8935-c6be59ddc82e@group-0D1055093416: changes role from CANDIDATE to FOLLOWER at term 113 for DISCOVERED_A_NEW_TERM
2019-10-17 05:57:11,030 [9f06b4c9-079f-4989-8935-c6be59ddc82e@group-0D1055093416-LeaderElection125] INFO  impl.RoleInfo (RoleInfo.java:shutdownLeaderElection(134)) - 9f06b4c9-079f-4989-8935-c6be59ddc82e: shutdown LeaderElection
2019-10-17 05:57:11,030 [9f06b4c9-079f-4989-8935-c6be59ddc82e@group-0D1055093416-LeaderElection125] INFO  impl.RoleInfo (RoleInfo.java:updateAndGet(143)) - 9f06b4c9-079f-4989-8935-c6be59ddc82e: start FollowerState
2019-10-17 05:57:11,186 [Thread-1333] INFO  impl.FollowerState (FollowerState.java:run(108)) - 9f06b4c9-079f-4989-8935-c6be59ddc82e@group-0D1055093416-FollowerState: change to CANDIDATE, lastRpcTime:155ms, electionTimeout:155ms
2019-10-17 05:57:11,186 [Thread-1333] INFO  impl.RoleInfo (RoleInfo.java:shutdownFollowerState(121)) - 9f06b4c9-079f-4989-8935-c6be59ddc82e: shutdown FollowerState
2019-10-17 05:57:11,186 [Thread-1333] INFO  impl.RaftServerImpl (RaftServerImpl.java:setRole(184)) - 9f06b4c9-079f-4989-8935-c6be59ddc82e@group-0D1055093416: changes role from  FOLLOWER to CANDIDATE at term 113 for changeToCandidate
2019-10-17 05:57:11,186 [Thread-1333] INFO  impl.RoleInfo (RoleInfo.java:updateAndGet(143)) - 9f06b4c9-079f-4989-8935-c6be59ddc82e: start LeaderElection
2019-10-17 05:57:11,199 [9f06b4c9-079f-4989-8935-c6be59ddc82e@group-0D1055093416-LeaderElection126] INFO  impl.LeaderElection (LeaderElection.java:askForVotes(178)) - 9f06b4c9-079f-4989-8935-c6be59ddc82e@group-0D1055093416-LeaderElection126: begin an election at term 114 for -1: [9f06b4c9-079f-4989-8935-c6be59ddc82e:192.168.69.82:36391, b282f9e2-3bd4-452e-9c35-1adeacc39134:192.168.69.82:42567, 3ce2c7b7-3df7-42de-af28-9ba1d65ea84e:192.168.69.82:35388], old=null
2019-10-17 05:57:11,202 [grpc-default-executor-8] INFO  impl.RaftServerImpl (RaftServerImpl.java:setRole(184)) - b282f9e2-3bd4-452e-9c35-1adeacc39134@group-0D1055093416: changes role from  FOLLOWER to FOLLOWER at term 114 for recognizeCandidate:9f06b4c9-079f-4989-8935-c6be59ddc82e
2019-10-17 05:57:11,203 [grpc-default-executor-8] INFO  impl.RoleInfo (RoleInfo.java:shutdownFollowerState(121)) - b282f9e2-3bd4-452e-9c35-1adeacc39134: shutdown FollowerState
2019-10-17 05:57:11,202 [grpc-default-executor-0] INFO  impl.RaftServerImpl (RaftServerImpl.java:setRole(184)) - 3ce2c7b7-3df7-42de-af28-9ba1d65ea84e@group-0D1055093416: changes role from  FOLLOWER to FOLLOWER at term 114 for recognizeCandidate:9f06b4c9-079f-4989-8935-c6be59ddc82e
2019-10-17 05:57:11,203 [Thread-1331] INFO  impl.FollowerState (FollowerState.java:run(117)) - b282f9e2-3bd4-452e-9c35-1adeacc39134@group-0D1055093416-FollowerState was interrupted: java.lang.InterruptedException: sleep interrupted
2019-10-17 05:57:11,203 [grpc-default-executor-8] INFO  impl.RoleInfo (RoleInfo.java:updateAndGet(143)) - b282f9e2-3bd4-452e-9c35-1adeacc39134: start FollowerState
2019-10-17 05:57:11,203 [grpc-default-executor-0] INFO  impl.RoleInfo (RoleInfo.java:shutdownFollowerState(121)) - 3ce2c7b7-3df7-42de-af28-9ba1d65ea84e: shutdown FollowerState
2019-10-17 05:57:11,204 [grpc-default-executor-0] INFO  impl.RoleInfo (RoleInfo.java:updateAndGet(143)) - 3ce2c7b7-3df7-42de-af28-9ba1d65ea84e: start FollowerState
2019-10-17 05:57:11,204 [Thread-1332] INFO  impl.FollowerState (FollowerState.java:run(117)) - 3ce2c7b7-3df7-42de-af28-9ba1d65ea84e@group-0D1055093416-FollowerState was interrupted: java.lang.InterruptedException: sleep interrupted
2019-10-17 05:57:11,218 [9f06b4c9-079f-4989-8935-c6be59ddc82e@group-0D1055093416-LeaderElection126] INFO  impl.LeaderElection (LeaderElection.java:logAndReturn(56)) - 9f06b4c9-079f-4989-8935-c6be59ddc82e@group-0D1055093416-LeaderElection126: Election REJECTED; received 2 response(s) [9f06b4c9-079f-4989-8935-c6be59ddc82e<-b282f9e2-3bd4-452e-9c35-1adeacc39134#0:FAIL-t114, 9f06b4c9-079f-4989-8935-c6be59ddc82e<-3ce2c7b7-3df7-42de-af28-9ba1d65ea84e#0:FAIL-t114] and 0 exception(s); 9f06b4c9-079f-4989-8935-c6be59ddc82e@group-0D1055093416:t114, leader=null, voted=9f06b4c9-079f-4989-8935-c6be59ddc82e, raftlog=9f06b4c9-079f-4989-8935-c6be59ddc82e@group-0D1055093416-SegmentedRaftLog:OPENED:c-1,f-1,i0, conf=-1: [9f06b4c9-079f-4989-8935-c6be59ddc82e:192.168.69.82:36391, b282f9e2-3bd4-452e-9c35-1adeacc39134:192.168.69.82:42567, 3ce2c7b7-3df7-42de-af28-9ba1d65ea84e:192.168.69.82:35388], old=null
2019-10-17 05:57:11,218 [9f06b4c9-079f-4989-8935-c6be59ddc82e@group-0D1055093416-LeaderElection126] INFO  impl.RaftServerImpl (RaftServerImpl.java:setRole(184)) - 9f06b4c9-079f-4989-8935-c6be59ddc82e@group-0D1055093416: changes role from CANDIDATE to FOLLOWER at term 114 for DISCOVERED_A_NEW_TERM
2019-10-17 05:57:11,218 [9f06b4c9-079f-4989-8935-c6be59ddc82e@group-0D1055093416-LeaderElection126] INFO  impl.RoleInfo (RoleInfo.java:shutdownLeaderElection(134)) - 9f06b4c9-079f-4989-8935-c6be59ddc82e: shutdown LeaderElection
2019-10-17 05:57:11,218 [9f06b4c9-079f-4989-8935-c6be59ddc82e@group-0D1055093416-LeaderElection126] INFO  impl.RoleInfo (RoleInfo.java:updateAndGet(143)) - 9f06b4c9-079f-4989-8935-c6be59ddc82e: start FollowerState
2019-10-17 05:57:11,272 [Thread-1340] INFO  impl.FollowerState (FollowerState.java:run(108)) - 9f06b4c9-079f-4989-8935-c6be59ddc82e@group-0D1055093416-FollowerState: change to CANDIDATE, lastRpcTime:53ms, electionTimeout:53ms
2019-10-17 05:57:11,272 [Thread-1340] INFO  impl.RoleInfo (RoleInfo.java:shutdownFollowerState(121)) - 9f06b4c9-079f-4989-8935-c6be59ddc82e: shutdown FollowerState
2019-10-17 05:57:11,272 [Thread-1340] INFO  impl.RaftServerImpl (RaftServerImpl.java:setRole(184)) - 9f06b4c9-079f-4989-8935-c6be59ddc82e@group-0D1055093416: changes role from  FOLLOWER to CANDIDATE at term 114 for changeToCandidate
2019-10-17 05:57:11,272 [Thread-1340] INFO  impl.RoleInfo (RoleInfo.java:updateAndGet(143)) - 9f06b4c9-079f-4989-8935-c6be59ddc82e: start LeaderElection
2019-10-17 05:57:11,286 [9f06b4c9-079f-4989-8935-c6be59ddc82e@group-0D1055093416-LeaderElection127] INFO  impl.LeaderElection (LeaderElection.java:askForVotes(178)) - 9f06b4c9-079f-4989-8935-c6be59ddc82e@group-0D1055093416-LeaderElection127: begin an election at term 115 for -1: [9f06b4c9-079f-4989-8935-c6be59ddc82e:192.168.69.82:36391, b282f9e2-3bd4-452e-9c35-1adeacc39134:192.168.69.82:42567, 3ce2c7b7-3df7-42de-af28-9ba1d65ea84e:192.168.69.82:35388], old=null
2019-10-17 05:57:11,288 [grpc-default-executor-0] INFO  impl.RaftServerImpl (RaftServerImpl.java:setRole(184)) - b282f9e2-3bd4-452e-9c35-1adeacc39134@group-0D1055093416: changes role from  FOLLOWER to FOLLOWER at term 115 for recognizeCandidate:9f06b4c9-079f-4989-8935-c6be59ddc82e
2019-10-17 05:57:11,288 [grpc-default-executor-8] INFO  impl.RaftServerImpl (RaftServerImpl.java:setRole(184)) - 3ce2c7b7-3df7-42de-af28-9ba1d65ea84e@group-0D1055093416: changes role from  FOLLOWER to FOLLOWER at term 115 for recognizeCandidate:9f06b4c9-079f-4989-8935-c6be59ddc82e
2019-10-17 05:57:11,288 [grpc-default-executor-0] INFO  impl.RoleInfo (RoleInfo.java:shutdownFollowerState(121)) - b282f9e2-3bd4-452e-9c35-1adeacc39134: shutdown FollowerState
2019-10-17 05:57:11,288 [grpc-default-executor-8] INFO  impl.RoleInfo (RoleInfo.java:shutdownFollowerState(121)) - 3ce2c7b7-3df7-42de-af28-9ba1d65ea84e: shutdown FollowerState
2019-10-17 05:57:11,288 [Thread-1338] INFO  impl.FollowerState (FollowerState.java:run(117)) - b282f9e2-3bd4-452e-9c35-1adeacc39134@group-0D1055093416-FollowerState was interrupted: java.lang.InterruptedException: sleep interrupted
2019-10-17 05:57:11,288 [grpc-default-executor-0] INFO  impl.RoleInfo (RoleInfo.java:updateAndGet(143)) - b282f9e2-3bd4-452e-9c35-1adeacc39134: start FollowerState
2019-10-17 05:57:11,289 [Thread-1339] INFO  impl.FollowerState (FollowerState.java:run(117)) - 3ce2c7b7-3df7-42de-af28-9ba1d65ea84e@group-0D1055093416-FollowerState was interrupted: java.lang.InterruptedException: sleep interrupted
2019-10-17 05:57:11,289 [grpc-default-executor-8] INFO  impl.RoleInfo (RoleInfo.java:updateAndGet(143)) - 3ce2c7b7-3df7-42de-af28-9ba1d65ea84e: start FollowerState
2019-10-17 05:57:11,305 [9f06b4c9-079f-4989-8935-c6be59ddc82e@group-0D1055093416-LeaderElection127] INFO  impl.LeaderElection (LeaderElection.java:logAndReturn(56)) - 9f06b4c9-079f-4989-8935-c6be59ddc82e@group-0D1055093416-LeaderElection127: Election REJECTED; received 2 response(s) [9f06b4c9-079f-4989-8935-c6be59ddc82e<-b282f9e2-3bd4-452e-9c35-1adeacc39134#0:FAIL-t115, 9f06b4c9-079f-4989-8935-c6be59ddc82e<-3ce2c7b7-3df7-42de-af28-9ba1d65ea84e#0:FAIL-t115] and 0 exception(s); 9f06b4c9-079f-4989-8935-c6be59ddc82e@group-0D1055093416:t115, leader=null, voted=9f06b4c9-079f-4989-8935-c6be59ddc82e, raftlog=9f06b4c9-079f-4989-8935-c6be59ddc82e@group-0D1055093416-SegmentedRaftLog:OPENED:c-1,f-1,i0, conf=-1: [9f06b4c9-079f-4989-8935-c6be59ddc82e:192.168.69.82:36391, b282f9e2-3bd4-452e-9c35-1adeacc39134:192.168.69.82:42567, 3ce2c7b7-3df7-42de-af28-9ba1d65ea84e:192.168.69.82:35388], old=null
2019-10-17 05:57:11,305 [9f06b4c9-079f-4989-8935-c6be59ddc82e@group-0D1055093416-LeaderElection127] INFO  impl.RaftServerImpl (RaftServerImpl.java:setRole(184)) - 9f06b4c9-079f-4989-8935-c6be59ddc82e@group-0D1055093416: changes role from CANDIDATE to FOLLOWER at term 115 for DISCOVERED_A_NEW_TERM
2019-10-17 05:57:11,306 [9f06b4c9-079f-4989-8935-c6be59ddc82e@group-0D1055093416-LeaderElection127] INFO  impl.RoleInfo (RoleInfo.java:shutdownLeaderElection(134)) - 9f06b4c9-079f-4989-8935-c6be59ddc82e: shutdown LeaderElection
2019-10-17 05:57:11,306 [9f06b4c9-079f-4989-8935-c6be59ddc82e@group-0D1055093416-LeaderElection127] INFO  impl.RoleInfo (RoleInfo.java:updateAndGet(143)) - 9f06b4c9-079f-4989-8935-c6be59ddc82e: start FollowerState
2019-10-17 05:57:11,503 [Thread-1346] INFO  impl.FollowerState (FollowerState.java:run(108)) - 9f06b4c9-079f-4989-8935-c6be59ddc82e@group-0D1055093416-FollowerState: change to CANDIDATE, lastRpcTime:197ms, electionTimeout:197ms
2019-10-17 05:57:11,503 [Thread-1346] INFO  impl.RoleInfo (RoleInfo.java:shutdownFollowerState(121)) - 9f06b4c9-079f-4989-8935-c6be59ddc82e: shutdown FollowerState
2019-10-17 05:57:11,504 [Thread-1346] INFO  impl.RaftServerImpl (RaftServerImpl.java:setRole(184)) - 9f06b4c9-079f-4989-8935-c6be59ddc82e@group-0D1055093416: changes role from  FOLLOWER to CANDIDATE at term 115 for changeToCandidate
2019-10-17 05:57:11,504 [Thread-1346] INFO  impl.RoleInfo (RoleInfo.java:updateAndGet(143)) - 9f06b4c9-079f-4989-8935-c6be59ddc82e: start LeaderElection
2019-10-17 05:57:11,518 [9f06b4c9-079f-4989-8935-c6be59ddc82e@group-0D1055093416-LeaderElection128] INFO  impl.LeaderElection (LeaderElection.java:askForVotes(178)) - 9f06b4c9-079f-4989-8935-c6be59ddc82e@group-0D1055093416-LeaderElection128: begin an election at term 116 for -1: [9f06b4c9-079f-4989-8935-c6be59ddc82e:192.168.69.82:36391, b282f9e2-3bd4-452e-9c35-1adeacc39134:192.168.69.82:42567, 3ce2c7b7-3df7-42de-af28-9ba1d65ea84e:192.168.69.82:35388], old=null
2019-10-17 05:57:11,520 [grpc-default-executor-8] INFO  impl.RaftServerImpl (RaftServerImpl.java:setRole(184)) - b282f9e2-3bd4-452e-9c35-1adeacc39134@group-0D1055093416: changes role from  FOLLOWER to FOLLOWER at term 116 for recognizeCandidate:9f06b4c9-079f-4989-8935-c6be59ddc82e
2019-10-17 05:57:11,520 [grpc-default-executor-0] INFO  impl.RaftServerImpl (RaftServerImpl.java:setRole(184)) - 3ce2c7b7-3df7-42de-af28-9ba1d65ea84e@group-0D1055093416: changes role from  FOLLOWER to FOLLOWER at term 116 for recognizeCandidate:9f06b4c9-079f-4989-8935-c6be59ddc82e
2019-10-17 05:57:11,520 [grpc-default-executor-8] INFO  impl.RoleInfo (RoleInfo.java:shutdownFollowerState(121)) - b282f9e2-3bd4-452e-9c35-1adeacc39134: shutdown FollowerState
2019-10-17 05:57:11,521 [grpc-default-executor-0] INFO  impl.RoleInfo (RoleInfo.java:shutdownFollowerState(121)) - 3ce2c7b7-3df7-42de-af28-9ba1d65ea84e: shutdown FollowerState
2019-10-17 05:57:11,521 [Thread-1344] INFO  impl.FollowerState (FollowerState.java:run(117)) - b282f9e2-3bd4-452e-9c35-1adeacc39134@group-0D1055093416-FollowerState was interrupted: java.lang.InterruptedException: sleep interrupted
2019-10-17 05:57:11,521 [grpc-default-executor-8] INFO  impl.RoleInfo (RoleInfo.java:updateAndGet(143)) - b282f9e2-3bd4-452e-9c35-1adeacc39134: start FollowerState
2019-10-17 05:57:11,521 [Thread-1345] INFO  impl.FollowerState (FollowerState.java:run(117)) - 3ce2c7b7-3df7-42de-af28-9ba1d65ea84e@group-0D1055093416-FollowerState was interrupted: java.lang.InterruptedException: sleep interrupted
2019-10-17 05:57:11,521 [grpc-default-executor-0] INFO  impl.RoleInfo (RoleInfo.java:updateAndGet(143)) - 3ce2c7b7-3df7-42de-af28-9ba1d65ea84e: start FollowerState
2019-10-17 05:57:11,536 [9f06b4c9-079f-4989-8935-c6be59ddc82e@group-0D1055093416-LeaderElection128] INFO  impl.LeaderElection (LeaderElection.java:logAndReturn(56)) - 9f06b4c9-079f-4989-8935-c6be59ddc82e@group-0D1055093416-LeaderElection128: Election REJECTED; received 2 response(s) [9f06b4c9-079f-4989-8935-c6be59ddc82e<-b282f9e2-3bd4-452e-9c35-1adeacc39134#0:FAIL-t116, 9f06b4c9-079f-4989-8935-c6be59ddc82e<-3ce2c7b7-3df7-42de-af28-9ba1d65ea84e#0:FAIL-t116] and 0 exception(s); 9f06b4c9-079f-4989-8935-c6be59ddc82e@group-0D1055093416:t116, leader=null, voted=9f06b4c9-079f-4989-8935-c6be59ddc82e, raftlog=9f06b4c9-079f-4989-8935-c6be59ddc82e@group-0D1055093416-SegmentedRaftLog:OPENED:c-1,f-1,i0, conf=-1: [9f06b4c9-079f-4989-8935-c6be59ddc82e:192.168.69.82:36391, b282f9e2-3bd4-452e-9c35-1adeacc39134:192.168.69.82:42567, 3ce2c7b7-3df7-42de-af28-9ba1d65ea84e:192.168.69.82:35388], old=null
2019-10-17 05:57:11,536 [9f06b4c9-079f-4989-8935-c6be59ddc82e@group-0D1055093416-LeaderElection128] INFO  impl.RaftServerImpl (RaftServerImpl.java:setRole(184)) - 9f06b4c9-079f-4989-8935-c6be59ddc82e@group-0D1055093416: changes role from CANDIDATE to FOLLOWER at term 116 for DISCOVERED_A_NEW_TERM
2019-10-17 05:57:11,537 [9f06b4c9-079f-4989-8935-c6be59ddc82e@group-0D1055093416-LeaderElection128] INFO  impl.RoleInfo (RoleInfo.java:shutdownLeaderElection(134)) - 9f06b4c9-079f-4989-8935-c6be59ddc82e: shutdown LeaderElection
2019-10-17 05:57:11,537 [9f06b4c9-079f-4989-8935-c6be59ddc82e@group-0D1055093416-LeaderElection128] INFO  impl.RoleInfo (RoleInfo.java:updateAndGet(143)) - 9f06b4c9-079f-4989-8935-c6be59ddc82e: start FollowerState
2019-10-17 05:57:11,680 [Thread-1355] INFO  impl.FollowerState (FollowerState.java:run(108)) - 9f06b4c9-079f-4989-8935-c6be59ddc82e@group-0D1055093416-FollowerState: change to CANDIDATE, lastRpcTime:143ms, electionTimeout:143ms
2019-10-17 05:57:11,680 [Thread-1355] INFO  impl.RoleInfo (RoleInfo.java:shutdownFollowerState(121)) - 9f06b4c9-079f-4989-8935-c6be59ddc82e: shutdown FollowerState
2019-10-17 05:57:11,681 [Thread-1355] INFO  impl.RaftServerImpl (RaftServerImpl.java:setRole(184)) - 9f06b4c9-079f-4989-8935-c6be59ddc82e@group-0D1055093416: changes role from  FOLLOWER to CANDIDATE at term 116 for changeToCandidate
2019-10-17 05:57:11,681 [Thread-1355] INFO  impl.RoleInfo (RoleInfo.java:updateAndGet(143)) - 9f06b4c9-079f-4989-8935-c6be59ddc82e: start LeaderElection
2019-10-17 05:57:11,694 [9f06b4c9-079f-4989-8935-c6be59ddc82e@group-0D1055093416-LeaderElection129] INFO  impl.LeaderElection (LeaderElection.java:askForVotes(178)) - 9f06b4c9-079f-4989-8935-c6be59ddc82e@group-0D1055093416-LeaderElection129: begin an election at term 117 for -1: [9f06b4c9-079f-4989-8935-c6be59ddc82e:192.168.69.82:36391, b282f9e2-3bd4-452e-9c35-1adeacc39134:192.168.69.82:42567, 3ce2c7b7-3df7-42de-af28-9ba1d65ea84e:192.168.69.82:35388], old=null
2019-10-17 05:57:11,696 [grpc-default-executor-0] INFO  impl.RaftServerImpl (RaftServerImpl.java:setRole(184)) - b282f9e2-3bd4-452e-9c35-1adeacc39134@group-0D1055093416: changes role from  FOLLOWER to FOLLOWER at term 117 for recognizeCandidate:9f06b4c9-079f-4989-8935-c6be59ddc82e
2019-10-17 05:57:11,696 [grpc-default-executor-0] INFO  impl.RoleInfo (RoleInfo.java:shutdownFollowerState(121)) - b282f9e2-3bd4-452e-9c35-1adeacc39134: shutdown FollowerState
2019-10-17 05:57:11,696 [grpc-default-executor-8] INFO  impl.RaftServerImpl (RaftServerImpl.java:setRole(184)) - 3ce2c7b7-3df7-42de-af28-9ba1d65ea84e@group-0D1055093416: changes role from  FOLLOWER to FOLLOWER at term 117 for recognizeCandidate:9f06b4c9-079f-4989-8935-c6be59ddc82e
2019-10-17 05:57:11,697 [Thread-1353] INFO  impl.FollowerState (FollowerState.java:run(117)) - b282f9e2-3bd4-452e-9c35-1adeacc39134@group-0D1055093416-FollowerState was interrupted: java.lang.InterruptedException: sleep interrupted
2019-10-17 05:57:11,697 [grpc-default-executor-0] INFO  impl.RoleInfo (RoleInfo.java:updateAndGet(143)) - b282f9e2-3bd4-452e-9c35-1adeacc39134: start FollowerState
2019-10-17 05:57:11,697 [grpc-default-executor-8] INFO  impl.RoleInfo (RoleInfo.java:shutdownFollowerState(121)) - 3ce2c7b7-3df7-42de-af28-9ba1d65ea84e: shutdown FollowerState
2019-10-17 05:57:11,697 [grpc-default-executor-8] INFO  impl.RoleInfo (RoleInfo.java:updateAndGet(143)) - 3ce2c7b7-3df7-42de-af28-9ba1d65ea84e: start FollowerState
2019-10-17 05:57:11,697 [Thread-1354] INFO  impl.FollowerState (FollowerState.java:run(117)) - 3ce2c7b7-3df7-42de-af28-9ba1d65ea84e@group-0D1055093416-FollowerState was interrupted: java.lang.InterruptedException: sleep interrupted
2019-10-17 05:57:11,712 [9f06b4c9-079f-4989-8935-c6be59ddc82e@group-0D1055093416-LeaderElection129] INFO  impl.LeaderElection (LeaderElection.java:logAndReturn(56)) - 9f06b4c9-079f-4989-8935-c6be59ddc82e@group-0D1055093416-LeaderElection129: Election REJECTED; received 2 response(s) [9f06b4c9-079f-4989-8935-c6be59ddc82e<-b282f9e2-3bd4-452e-9c35-1adeacc39134#0:FAIL-t117, 9f06b4c9-079f-4989-8935-c6be59ddc82e<-3ce2c7b7-3df7-42de-af28-9ba1d65ea84e#0:FAIL-t117] and 0 exception(s); 9f06b4c9-079f-4989-8935-c6be59ddc82e@group-0D1055093416:t117, leader=null, voted=9f06b4c9-079f-4989-8935-c6be59ddc82e, raftlog=9f06b4c9-079f-4989-8935-c6be59ddc82e@group-0D1055093416-SegmentedRaftLog:OPENED:c-1,f-1,i0, conf=-1: [9f06b4c9-079f-4989-8935-c6be59ddc82e:192.168.69.82:36391, b282f9e2-3bd4-452e-9c35-1adeacc39134:192.168.69.82:42567, 3ce2c7b7-3df7-42de-af28-9ba1d65ea84e:192.168.69.82:35388], old=null
2019-10-17 05:57:11,712 [9f06b4c9-079f-4989-8935-c6be59ddc82e@group-0D1055093416-LeaderElection129] INFO  impl.RaftServerImpl (RaftServerImpl.java:setRole(184)) - 9f06b4c9-079f-4989-8935-c6be59ddc82e@group-0D1055093416: changes role from CANDIDATE to FOLLOWER at term 117 for DISCOVERED_A_NEW_TERM
2019-10-17 05:57:11,712 [9f06b4c9-079f-4989-8935-c6be59ddc82e@group-0D1055093416-LeaderElection129] INFO  impl.RoleInfo (RoleInfo.java:shutdownLeaderElection(134)) - 9f06b4c9-079f-4989-8935-c6be59ddc82e: shutdown LeaderElection
2019-10-17 05:57:11,712 [9f06b4c9-079f-4989-8935-c6be59ddc82e@group-0D1055093416-LeaderElection129] INFO  impl.RoleInfo (RoleInfo.java:updateAndGet(143)) - 9f06b4c9-079f-4989-8935-c6be59ddc82e: start FollowerState
2019-10-17 05:57:11,752 [Thread-1362] INFO  impl.FollowerState (FollowerState.java:run(108)) - 9f06b4c9-079f-4989-8935-c6be59ddc82e@group-0D1055093416-FollowerState: change to CANDIDATE, lastRpcTime:39ms, electionTimeout:39ms
2019-10-17 05:57:11,752 [Thread-1362] INFO  impl.RoleInfo (RoleInfo.java:shutdownFollowerState(121)) - 9f06b4c9-079f-4989-8935-c6be59ddc82e: shutdown FollowerState
2019-10-17 05:57:11,752 [Thread-1362] INFO  impl.RaftServerImpl (RaftServerImpl.java:setRole(184)) - 9f06b4c9-079f-4989-8935-c6be59ddc82e@group-0D1055093416: changes role from  FOLLOWER to CANDIDATE at term 117 for changeToCandidate
2019-10-17 05:57:11,752 [Thread-1362] INFO  impl.RoleInfo (RoleInfo.java:updateAndGet(143)) - 9f06b4c9-079f-4989-8935-c6be59ddc82e: start LeaderElection
2019-10-17 05:57:11,765 [9f06b4c9-079f-4989-8935-c6be59ddc82e@group-0D1055093416-LeaderElection130] INFO  impl.LeaderElection (LeaderElection.java:askForVotes(178)) - 9f06b4c9-079f-4989-8935-c6be59ddc82e@group-0D1055093416-LeaderElection130: begin an election at term 118 for -1: [9f06b4c9-079f-4989-8935-c6be59ddc82e:192.168.69.82:36391, b282f9e2-3bd4-452e-9c35-1adeacc39134:192.168.69.82:42567, 3ce2c7b7-3df7-42de-af28-9ba1d65ea84e:192.168.69.82:35388], old=null
2019-10-17 05:57:11,767 [grpc-default-executor-0] INFO  impl.RaftServerImpl (RaftServerImpl.java:setRole(184)) - b282f9e2-3bd4-452e-9c35-1adeacc39134@group-0D1055093416: changes role from  FOLLOWER to FOLLOWER at term 118 for recognizeCandidate:9f06b4c9-079f-4989-8935-c6be59ddc82e
2019-10-17 05:57:11,767 [grpc-default-executor-8] INFO  impl.RaftServerImpl (RaftServerImpl.java:setRole(184)) - 3ce2c7b7-3df7-42de-af28-9ba1d65ea84e@group-0D1055093416: changes role from  FOLLOWER to FOLLOWER at term 118 for recognizeCandidate:9f06b4c9-079f-4989-8935-c6be59ddc82e
2019-10-17 05:57:11,768 [grpc-default-executor-8] INFO  impl.RoleInfo (RoleInfo.java:shutdownFollowerState(121)) - 3ce2c7b7-3df7-42de-af28-9ba1d65ea84e: shutdown FollowerState
2019-10-17 05:57:11,768 [grpc-default-executor-0] INFO  impl.RoleInfo (RoleInfo.java:shutdownFollowerState(121)) - b282f9e2-3bd4-452e-9c35-1adeacc39134: shutdown FollowerState
2019-10-17 05:57:11,768 [Thread-1361] INFO  impl.FollowerState (FollowerState.java:run(117)) - 3ce2c7b7-3df7-42de-af28-9ba1d65ea84e@group-0D1055093416-FollowerState was interrupted: java.lang.InterruptedException: sleep interrupted
2019-10-17 05:57:11,768 [grpc-default-executor-0] INFO  impl.RoleInfo (RoleInfo.java:updateAndGet(143)) - b282f9e2-3bd4-452e-9c35-1adeacc39134: start FollowerState
2019-10-17 05:57:11,768 [grpc-default-executor-8] INFO  impl.RoleInfo (RoleInfo.java:updateAndGet(143)) - 3ce2c7b7-3df7-42de-af28-9ba1d65ea84e: start FollowerState
2019-10-17 05:57:11,768 [Thread-1360] INFO  impl.FollowerState (FollowerState.java:run(117)) - b282f9e2-3bd4-452e-9c35-1adeacc39134@group-0D1055093416-FollowerState was interrupted: java.lang.InterruptedException: sleep interrupted
2019-10-17 05:57:11,783 [9f06b4c9-079f-4989-8935-c6be59ddc82e@group-0D1055093416-LeaderElection130] INFO  impl.LeaderElection (LeaderElection.java:logAndReturn(56)) - 9f06b4c9-079f-4989-8935-c6be59ddc82e@group-0D1055093416-LeaderElection130: Election REJECTED; received 2 response(s) [9f06b4c9-079f-4989-8935-c6be59ddc82e<-b282f9e2-3bd4-452e-9c35-1adeacc39134#0:FAIL-t118, 9f06b4c9-079f-4989-8935-c6be59ddc82e<-3ce2c7b7-3df7-42de-af28-9ba1d65ea84e#0:FAIL-t118] and 0 exception(s); 9f06b4c9-079f-4989-8935-c6be59ddc82e@group-0D1055093416:t118, leader=null, voted=9f06b4c9-079f-4989-8935-c6be59ddc82e, raftlog=9f06b4c9-079f-4989-8935-c6be59ddc82e@group-0D1055093416-SegmentedRaftLog:OPENED:c-1,f-1,i0, conf=-1: [9f06b4c9-079f-4989-8935-c6be59ddc82e:192.168.69.82:36391, b282f9e2-3bd4-452e-9c35-1adeacc39134:192.168.69.82:42567, 3ce2c7b7-3df7-42de-af28-9ba1d65ea84e:192.168.69.82:35388], old=null
2019-10-17 05:57:11,783 [9f06b4c9-079f-4989-8935-c6be59ddc82e@group-0D1055093416-LeaderElection130] INFO  impl.RaftServerImpl (RaftServerImpl.java:setRole(184)) - 9f06b4c9-079f-4989-8935-c6be59ddc82e@group-0D1055093416: changes role from CANDIDATE to FOLLOWER at term 118 for DISCOVERED_A_NEW_TERM
2019-10-17 05:57:11,783 [9f06b4c9-079f-4989-8935-c6be59ddc82e@group-0D1055093416-LeaderElection130] INFO  impl.RoleInfo (RoleInfo.java:shutdownLeaderElection(134)) - 9f06b4c9-079f-4989-8935-c6be59ddc82e: shutdown LeaderElection
2019-10-17 05:57:11,783 [9f06b4c9-079f-4989-8935-c6be59ddc82e@group-0D1055093416-LeaderElection130] INFO  impl.RoleInfo (RoleInfo.java:updateAndGet(143)) - 9f06b4c9-079f-4989-8935-c6be59ddc82e: start FollowerState
2019-10-17 05:57:11,972 [Thread-1368] INFO  impl.FollowerState (FollowerState.java:run(108)) - 9f06b4c9-079f-4989-8935-c6be59ddc82e@group-0D1055093416-FollowerState: change to CANDIDATE, lastRpcTime:188ms, electionTimeout:188ms
2019-10-17 05:57:11,972 [Thread-1368] INFO  impl.RoleInfo (RoleInfo.java:shutdownFollowerState(121)) - 9f06b4c9-079f-4989-8935-c6be59ddc82e: shutdown FollowerState
2019-10-17 05:57:11,972 [Thread-1368] INFO  impl.RaftServerImpl (RaftServerImpl.java:setRole(184)) - 9f06b4c9-079f-4989-8935-c6be59ddc82e@group-0D1055093416: changes role from  FOLLOWER to CANDIDATE at term 118 for changeToCandidate
2019-10-17 05:57:11,972 [Thread-1368] INFO  impl.RoleInfo (RoleInfo.java:updateAndGet(143)) - 9f06b4c9-079f-4989-8935-c6be59ddc82e: start LeaderElection
2019-10-17 05:57:11,986 [9f06b4c9-079f-4989-8935-c6be59ddc82e@group-0D1055093416-LeaderElection131] INFO  impl.LeaderElection (LeaderElection.java:askForVotes(178)) - 9f06b4c9-079f-4989-8935-c6be59ddc82e@group-0D1055093416-LeaderElection131: begin an election at term 119 for -1: [9f06b4c9-079f-4989-8935-c6be59ddc82e:192.168.69.82:36391, b282f9e2-3bd4-452e-9c35-1adeacc39134:192.168.69.82:42567, 3ce2c7b7-3df7-42de-af28-9ba1d65ea84e:192.168.69.82:35388], old=null
2019-10-17 05:57:11,988 [grpc-default-executor-0] INFO  impl.RaftServerImpl (RaftServerImpl.java:setRole(184)) - b282f9e2-3bd4-452e-9c35-1adeacc39134@group-0D1055093416: changes role from  FOLLOWER to FOLLOWER at term 119 for recognizeCandidate:9f06b4c9-079f-4989-8935-c6be59ddc82e
2019-10-17 05:57:11,988 [grpc-default-executor-5] INFO  impl.RaftServerImpl (RaftServerImpl.java:setRole(184)) - 3ce2c7b7-3df7-42de-af28-9ba1d65ea84e@group-0D1055093416: changes role from  FOLLOWER to FOLLOWER at term 119 for recognizeCandidate:9f06b4c9-079f-4989-8935-c6be59ddc82e
2019-10-17 05:57:11,988 [grpc-default-executor-0] INFO  impl.RoleInfo (RoleInfo.java:shutdownFollowerState(121)) - b282f9e2-3bd4-452e-9c35-1adeacc39134: shutdown FollowerState
2019-10-17 05:57:11,988 [grpc-default-executor-5] INFO  impl.RoleInfo (RoleInfo.java:shutdownFollowerState(121)) - 3ce2c7b7-3df7-42de-af28-9ba1d65ea84e: shutdown FollowerState
2019-10-17 05:57:11,988 [Thread-1367] INFO  impl.FollowerState (FollowerState.java:run(117)) - b282f9e2-3bd4-452e-9c35-1adeacc39134@group-0D1055093416-FollowerState was interrupted: java.lang.InterruptedException: sleep interrupted
2019-10-17 05:57:11,988 [grpc-default-executor-0] INFO  impl.RoleInfo (RoleInfo.java:updateAndGet(143)) - b282f9e2-3bd4-452e-9c35-1adeacc39134: start FollowerState
2019-10-17 05:57:11,988 [Thread-1366] INFO  impl.FollowerState (FollowerState.java:run(117)) - 3ce2c7b7-3df7-42de-af28-9ba1d65ea84e@group-0D1055093416-FollowerState was interrupted: java.lang.InterruptedException: sleep interrupted
2019-10-17 05:57:11,988 [grpc-default-executor-5] INFO  impl.RoleInfo (RoleInfo.java:updateAndGet(143)) - 3ce2c7b7-3df7-42de-af28-9ba1d65ea84e: start FollowerState
2019-10-17 05:57:12,004 [9f06b4c9-079f-4989-8935-c6be59ddc82e@group-0D1055093416-LeaderElection131] INFO  impl.LeaderElection (LeaderElection.java:logAndReturn(56)) - 9f06b4c9-079f-4989-8935-c6be59ddc82e@group-0D1055093416-LeaderElection131: Election REJECTED; received 2 response(s) [9f06b4c9-079f-4989-8935-c6be59ddc82e<-b282f9e2-3bd4-452e-9c35-1adeacc39134#0:FAIL-t119, 9f06b4c9-079f-4989-8935-c6be59ddc82e<-3ce2c7b7-3df7-42de-af28-9ba1d65ea84e#0:FAIL-t119] and 0 exception(s); 9f06b4c9-079f-4989-8935-c6be59ddc82e@group-0D1055093416:t119, leader=null, voted=9f06b4c9-079f-4989-8935-c6be59ddc82e, raftlog=9f06b4c9-079f-4989-8935-c6be59ddc82e@group-0D1055093416-SegmentedRaftLog:OPENED:c-1,f-1,i0, conf=-1: [9f06b4c9-079f-4989-8935-c6be59ddc82e:192.168.69.82:36391, b282f9e2-3bd4-452e-9c35-1adeacc39134:192.168.69.82:42567, 3ce2c7b7-3df7-42de-af28-9ba1d65ea84e:192.168.69.82:35388], old=null
2019-10-17 05:57:12,004 [9f06b4c9-079f-4989-8935-c6be59ddc82e@group-0D1055093416-LeaderElection131] INFO  impl.RaftServerImpl (RaftServerImpl.java:setRole(184)) - 9f06b4c9-079f-4989-8935-c6be59ddc82e@group-0D1055093416: changes role from CANDIDATE to FOLLOWER at term 119 for DISCOVERED_A_NEW_TERM
2019-10-17 05:57:12,004 [9f06b4c9-079f-4989-8935-c6be59ddc82e@group-0D1055093416-LeaderElection131] INFO  impl.RoleInfo (RoleInfo.java:shutdownLeaderElection(134)) - 9f06b4c9-079f-4989-8935-c6be59ddc82e: shutdown LeaderElection
2019-10-17 05:57:12,004 [9f06b4c9-079f-4989-8935-c6be59ddc82e@group-0D1055093416-LeaderElection131] INFO  impl.RoleInfo (RoleInfo.java:updateAndGet(143)) - 9f06b4c9-079f-4989-8935-c6be59ddc82e: start FollowerState
2019-10-17 05:57:12,036 [Thread-1377] INFO  impl.FollowerState (FollowerState.java:run(108)) - 9f06b4c9-079f-4989-8935-c6be59ddc82e@group-0D1055093416-FollowerState: change to CANDIDATE, lastRpcTime:32ms, electionTimeout:32ms
2019-10-17 05:57:12,037 [Thread-1377] INFO  impl.RoleInfo (RoleInfo.java:shutdownFollowerState(121)) - 9f06b4c9-079f-4989-8935-c6be59ddc82e: shutdown FollowerState
2019-10-17 05:57:12,037 [Thread-1377] INFO  impl.RaftServerImpl (RaftServerImpl.java:setRole(184)) - 9f06b4c9-079f-4989-8935-c6be59ddc82e@group-0D1055093416: changes role from  FOLLOWER to CANDIDATE at term 119 for changeToCandidate
2019-10-17 05:57:12,037 [Thread-1377] INFO  impl.RoleInfo (RoleInfo.java:updateAndGet(143)) - 9f06b4c9-079f-4989-8935-c6be59ddc82e: start LeaderElection
2019-10-17 05:57:12,050 [9f06b4c9-079f-4989-8935-c6be59ddc82e@group-0D1055093416-LeaderElection132] INFO  impl.LeaderElection (LeaderElection.java:askForVotes(178)) - 9f06b4c9-079f-4989-8935-c6be59ddc82e@group-0D1055093416-LeaderElection132: begin an election at term 120 for -1: [9f06b4c9-079f-4989-8935-c6be59ddc82e:192.168.69.82:36391, b282f9e2-3bd4-452e-9c35-1adeacc39134:192.168.69.82:42567, 3ce2c7b7-3df7-42de-af28-9ba1d65ea84e:192.168.69.82:35388], old=null
2019-10-17 05:57:12,052 [grpc-default-executor-0] INFO  impl.RaftServerImpl (RaftServerImpl.java:setRole(184)) - b282f9e2-3bd4-452e-9c35-1adeacc39134@group-0D1055093416: changes role from  FOLLOWER to FOLLOWER at term 120 for recognizeCandidate:9f06b4c9-079f-4989-8935-c6be59ddc82e
2019-10-17 05:57:12,052 [grpc-default-executor-5] INFO  impl.RaftServerImpl (RaftServerImpl.java:setRole(184)) - 3ce2c7b7-3df7-42de-af28-9ba1d65ea84e@group-0D1055093416: changes role from  FOLLOWER to FOLLOWER at term 120 for recognizeCandidate:9f06b4c9-079f-4989-8935-c6be59ddc82e
2019-10-17 05:57:12,052 [grpc-default-executor-0] INFO  impl.RoleInfo (RoleInfo.java:shutdownFollowerState(121)) - b282f9e2-3bd4-452e-9c35-1adeacc39134: shutdown FollowerState
2019-10-17 05:57:12,052 [grpc-default-executor-5] INFO  impl.RoleInfo (RoleInfo.java:shutdownFollowerState(121)) - 3ce2c7b7-3df7-42de-af28-9ba1d65ea84e: shutdown FollowerState
2019-10-17 05:57:12,053 [Thread-1375] INFO  impl.FollowerState (FollowerState.java:run(117)) - b282f9e2-3bd4-452e-9c35-1adeacc39134@group-0D1055093416-FollowerState was interrupted: java.lang.InterruptedException: sleep interrupted
2019-10-17 05:57:12,053 [grpc-default-executor-0] INFO  impl.RoleInfo (RoleInfo.java:updateAndGet(143)) - b282f9e2-3bd4-452e-9c35-1adeacc39134: start FollowerState
2019-10-17 05:57:12,053 [Thread-1376] INFO  impl.FollowerState (FollowerState.java:run(117)) - 3ce2c7b7-3df7-42de-af28-9ba1d65ea84e@group-0D1055093416-FollowerState was interrupted: java.lang.InterruptedException: sleep interrupted
2019-10-17 05:57:12,053 [grpc-default-executor-5] INFO  impl.RoleInfo (RoleInfo.java:updateAndGet(143)) - 3ce2c7b7-3df7-42de-af28-9ba1d65ea84e: start FollowerState
2019-10-17 05:57:12,067 [9f06b4c9-079f-4989-8935-c6be59ddc82e@group-0D1055093416-LeaderElection132] INFO  impl.LeaderElection (LeaderElection.java:logAndReturn(56)) - 9f06b4c9-079f-4989-8935-c6be59ddc82e@group-0D1055093416-LeaderElection132: Election REJECTED; received 2 response(s) [9f06b4c9-079f-4989-8935-c6be59ddc82e<-b282f9e2-3bd4-452e-9c35-1adeacc39134#0:FAIL-t120, 9f06b4c9-079f-4989-8935-c6be59ddc82e<-3ce2c7b7-3df7-42de-af28-9ba1d65ea84e#0:FAIL-t120] and 0 exception(s); 9f06b4c9-079f-4989-8935-c6be59ddc82e@group-0D1055093416:t120, leader=null, voted=9f06b4c9-079f-4989-8935-c6be59ddc82e, raftlog=9f06b4c9-079f-4989-8935-c6be59ddc82e@group-0D1055093416-SegmentedRaftLog:OPENED:c-1,f-1,i0, conf=-1: [9f06b4c9-079f-4989-8935-c6be59ddc82e:192.168.69.82:36391, b282f9e2-3bd4-452e-9c35-1adeacc39134:192.168.69.82:42567, 3ce2c7b7-3df7-42de-af28-9ba1d65ea84e:192.168.69.82:35388], old=null
2019-10-17 05:57:12,067 [9f06b4c9-079f-4989-8935-c6be59ddc82e@group-0D1055093416-LeaderElection132] INFO  impl.RaftServerImpl (RaftServerImpl.java:setRole(184)) - 9f06b4c9-079f-4989-8935-c6be59ddc82e@group-0D1055093416: changes role from CANDIDATE to FOLLOWER at term 120 for DISCOVERED_A_NEW_TERM
2019-10-17 05:57:12,067 [9f06b4c9-079f-4989-8935-c6be59ddc82e@group-0D1055093416-LeaderElection132] INFO  impl.RoleInfo (RoleInfo.java:shutdownLeaderElection(134)) - 9f06b4c9-079f-4989-8935-c6be59ddc82e: shutdown LeaderElection
2019-10-17 05:57:12,068 [9f06b4c9-079f-4989-8935-c6be59ddc82e@group-0D1055093416-LeaderElection132] INFO  impl.RoleInfo (RoleInfo.java:updateAndGet(143)) - 9f06b4c9-079f-4989-8935-c6be59ddc82e: start FollowerState
2019-10-17 05:57:12,130 [Thread-1383] INFO  impl.FollowerState (FollowerState.java:run(108)) - 9f06b4c9-079f-4989-8935-c6be59ddc82e@group-0D1055093416-FollowerState: change to CANDIDATE, lastRpcTime:62ms, electionTimeout:62ms
2019-10-17 05:57:12,130 [Thread-1383] INFO  impl.RoleInfo (RoleInfo.java:shutdownFollowerState(121)) - 9f06b4c9-079f-4989-8935-c6be59ddc82e: shutdown FollowerState
2019-10-17 05:57:12,130 [Thread-1383] INFO  impl.RaftServerImpl (RaftServerImpl.java:setRole(184)) - 9f06b4c9-079f-4989-8935-c6be59ddc82e@group-0D1055093416: changes role from  FOLLOWER to CANDIDATE at term 120 for changeToCandidate
2019-10-17 05:57:12,130 [Thread-1383] INFO  impl.RoleInfo (RoleInfo.java:updateAndGet(143)) - 9f06b4c9-079f-4989-8935-c6be59ddc82e: start LeaderElection
2019-10-17 05:57:12,144 [9f06b4c9-079f-4989-8935-c6be59ddc82e@group-0D1055093416-LeaderElection133] INFO  impl.LeaderElection (LeaderElection.java:askForVotes(178)) - 9f06b4c9-079f-4989-8935-c6be59ddc82e@group-0D1055093416-LeaderElection133: begin an election at term 121 for -1: [9f06b4c9-079f-4989-8935-c6be59ddc82e:192.168.69.82:36391, b282f9e2-3bd4-452e-9c35-1adeacc39134:192.168.69.82:42567, 3ce2c7b7-3df7-42de-af28-9ba1d65ea84e:192.168.69.82:35388], old=null
2019-10-17 05:57:12,145 [grpc-default-executor-0] INFO  impl.RaftServerImpl (RaftServerImpl.java:setRole(184)) - b282f9e2-3bd4-452e-9c35-1adeacc39134@group-0D1055093416: changes role from  FOLLOWER to FOLLOWER at term 121 for recognizeCandidate:9f06b4c9-079f-4989-8935-c6be59ddc82e
2019-10-17 05:57:12,145 [grpc-default-executor-5] INFO  impl.RaftServerImpl (RaftServerImpl.java:setRole(184)) - 3ce2c7b7-3df7-42de-af28-9ba1d65ea84e@group-0D1055093416: changes role from  FOLLOWER to FOLLOWER at term 121 for recognizeCandidate:9f06b4c9-079f-4989-8935-c6be59ddc82e
2019-10-17 05:57:12,145 [grpc-default-executor-0] INFO  impl.RoleInfo (RoleInfo.java:shutdownFollowerState(121)) - b282f9e2-3bd4-452e-9c35-1adeacc39134: shutdown FollowerState
2019-10-17 05:57:12,145 [grpc-default-executor-5] INFO  impl.RoleInfo (RoleInfo.java:shutdownFollowerState(121)) - 3ce2c7b7-3df7-42de-af28-9ba1d65ea84e: shutdown FollowerState
2019-10-17 05:57:12,146 [grpc-default-executor-0] INFO  impl.RoleInfo (RoleInfo.java:updateAndGet(143)) - b282f9e2-3bd4-452e-9c35-1adeacc39134: start FollowerState
2019-10-17 05:57:12,146 [Thread-1381] INFO  impl.FollowerState (FollowerState.java:run(117)) - b282f9e2-3bd4-452e-9c35-1adeacc39134@group-0D1055093416-FollowerState was interrupted: java.lang.InterruptedException: sleep interrupted
2019-10-17 05:57:12,146 [Thread-1382] INFO  impl.FollowerState (FollowerState.java:run(117)) - 3ce2c7b7-3df7-42de-af28-9ba1d65ea84e@group-0D1055093416-FollowerState was interrupted: java.lang.InterruptedException: sleep interrupted
2019-10-17 05:57:12,146 [grpc-default-executor-5] INFO  impl.RoleInfo (RoleInfo.java:updateAndGet(143)) - 3ce2c7b7-3df7-42de-af28-9ba1d65ea84e: start FollowerState
2019-10-17 05:57:12,160 [9f06b4c9-079f-4989-8935-c6be59ddc82e@group-0D1055093416-LeaderElection133] INFO  impl.LeaderElection (LeaderElection.java:logAndReturn(56)) - 9f06b4c9-079f-4989-8935-c6be59ddc82e@group-0D1055093416-LeaderElection133: Election REJECTED; received 2 response(s) [9f06b4c9-079f-4989-8935-c6be59ddc82e<-b282f9e2-3bd4-452e-9c35-1adeacc39134#0:FAIL-t121, 9f06b4c9-079f-4989-8935-c6be59ddc82e<-3ce2c7b7-3df7-42de-af28-9ba1d65ea84e#0:FAIL-t121] and 0 exception(s); 9f06b4c9-079f-4989-8935-c6be59ddc82e@group-0D1055093416:t121, leader=null, voted=9f06b4c9-079f-4989-8935-c6be59ddc82e, raftlog=9f06b4c9-079f-4989-8935-c6be59ddc82e@group-0D1055093416-SegmentedRaftLog:OPENED:c-1,f-1,i0, conf=-1: [9f06b4c9-079f-4989-8935-c6be59ddc82e:192.168.69.82:36391, b282f9e2-3bd4-452e-9c35-1adeacc39134:192.168.69.82:42567, 3ce2c7b7-3df7-42de-af28-9ba1d65ea84e:192.168.69.82:35388], old=null
2019-10-17 05:57:12,160 [9f06b4c9-079f-4989-8935-c6be59ddc82e@group-0D1055093416-LeaderElection133] INFO  impl.RaftServerImpl (RaftServerImpl.java:setRole(184)) - 9f06b4c9-079f-4989-8935-c6be59ddc82e@group-0D1055093416: changes role from CANDIDATE to FOLLOWER at term 121 for DISCOVERED_A_NEW_TERM
2019-10-17 05:57:12,160 [9f06b4c9-079f-4989-8935-c6be59ddc82e@group-0D1055093416-LeaderElection133] INFO  impl.RoleInfo (RoleInfo.java:shutdownLeaderElection(134)) - 9f06b4c9-079f-4989-8935-c6be59ddc82e: shutdown LeaderElection
2019-10-17 05:57:12,161 [9f06b4c9-079f-4989-8935-c6be59ddc82e@group-0D1055093416-LeaderElection133] INFO  impl.RoleInfo (RoleInfo.java:updateAndGet(143)) - 9f06b4c9-079f-4989-8935-c6be59ddc82e: start FollowerState
2019-10-17 05:57:12,302 [Thread-1389] INFO  impl.FollowerState (FollowerState.java:run(108)) - 9f06b4c9-079f-4989-8935-c6be59ddc82e@group-0D1055093416-FollowerState: change to CANDIDATE, lastRpcTime:141ms, electionTimeout:141ms
2019-10-17 05:57:12,302 [Thread-1389] INFO  impl.RoleInfo (RoleInfo.java:shutdownFollowerState(121)) - 9f06b4c9-079f-4989-8935-c6be59ddc82e: shutdown FollowerState
2019-10-17 05:57:12,302 [Thread-1389] INFO  impl.RaftServerImpl (RaftServerImpl.java:setRole(184)) - 9f06b4c9-079f-4989-8935-c6be59ddc82e@group-0D1055093416: changes role from  FOLLOWER to CANDIDATE at term 121 for changeToCandidate
2019-10-17 05:57:12,302 [Thread-1389] INFO  impl.RoleInfo (RoleInfo.java:updateAndGet(143)) - 9f06b4c9-079f-4989-8935-c6be59ddc82e: start LeaderElection
2019-10-17 05:57:12,316 [9f06b4c9-079f-4989-8935-c6be59ddc82e@group-0D1055093416-LeaderElection134] INFO  impl.LeaderElection (LeaderElection.java:askForVotes(178)) - 9f06b4c9-079f-4989-8935-c6be59ddc82e@group-0D1055093416-LeaderElection134: begin an election at term 122 for -1: [9f06b4c9-079f-4989-8935-c6be59ddc82e:192.168.69.82:36391, b282f9e2-3bd4-452e-9c35-1adeacc39134:192.168.69.82:42567, 3ce2c7b7-3df7-42de-af28-9ba1d65ea84e:192.168.69.82:35388], old=null
2019-10-17 05:57:12,318 [grpc-default-executor-0] INFO  impl.RaftServerImpl (RaftServerImpl.java:setRole(184)) - b282f9e2-3bd4-452e-9c35-1adeacc39134@group-0D1055093416: changes role from  FOLLOWER to FOLLOWER at term 122 for recognizeCandidate:9f06b4c9-079f-4989-8935-c6be59ddc82e
2019-10-17 05:57:12,318 [grpc-default-executor-0] INFO  impl.RoleInfo (RoleInfo.java:shutdownFollowerState(121)) - b282f9e2-3bd4-452e-9c35-1adeacc39134: shutdown FollowerState
2019-10-17 05:57:12,319 [grpc-default-executor-5] INFO  impl.RaftServerImpl (RaftServerImpl.java:setRole(184)) - 3ce2c7b7-3df7-42de-af28-9ba1d65ea84e@group-0D1055093416: changes role from  FOLLOWER to FOLLOWER at term 122 for recognizeCandidate:9f06b4c9-079f-4989-8935-c6be59ddc82e
2019-10-17 05:57:12,319 [grpc-default-executor-5] INFO  impl.RoleInfo (RoleInfo.java:shutdownFollowerState(121)) - 3ce2c7b7-3df7-42de-af28-9ba1d65ea84e: shutdown FollowerState
2019-10-17 05:57:12,319 [Thread-1387] INFO  impl.FollowerState (FollowerState.java:run(117)) - b282f9e2-3bd4-452e-9c35-1adeacc39134@group-0D1055093416-FollowerState was interrupted: java.lang.InterruptedException: sleep interrupted
2019-10-17 05:57:12,319 [grpc-default-executor-0] INFO  impl.RoleInfo (RoleInfo.java:updateAndGet(143)) - b282f9e2-3bd4-452e-9c35-1adeacc39134: start FollowerState
2019-10-17 05:57:12,319 [Thread-1388] INFO  impl.FollowerState (FollowerState.java:run(117)) - 3ce2c7b7-3df7-42de-af28-9ba1d65ea84e@group-0D1055093416-FollowerState was interrupted: java.lang.InterruptedException: sleep interrupted
2019-10-17 05:57:12,319 [grpc-default-executor-5] INFO  impl.RoleInfo (RoleInfo.java:updateAndGet(143)) - 3ce2c7b7-3df7-42de-af28-9ba1d65ea84e: start FollowerState
2019-10-17 05:57:12,334 [9f06b4c9-079f-4989-8935-c6be59ddc82e@group-0D1055093416-LeaderElection134] INFO  impl.LeaderElection (LeaderElection.java:logAndReturn(56)) - 9f06b4c9-079f-4989-8935-c6be59ddc82e@group-0D1055093416-LeaderElection134: Election REJECTED; received 2 response(s) [9f06b4c9-079f-4989-8935-c6be59ddc82e<-b282f9e2-3bd4-452e-9c35-1adeacc39134#0:FAIL-t122, 9f06b4c9-079f-4989-8935-c6be59ddc82e<-3ce2c7b7-3df7-42de-af28-9ba1d65ea84e#0:FAIL-t122] and 0 exception(s); 9f06b4c9-079f-4989-8935-c6be59ddc82e@group-0D1055093416:t122, leader=null, voted=9f06b4c9-079f-4989-8935-c6be59ddc82e, raftlog=9f06b4c9-079f-4989-8935-c6be59ddc82e@group-0D1055093416-SegmentedRaftLog:OPENED:c-1,f-1,i0, conf=-1: [9f06b4c9-079f-4989-8935-c6be59ddc82e:192.168.69.82:36391, b282f9e2-3bd4-452e-9c35-1adeacc39134:192.168.69.82:42567, 3ce2c7b7-3df7-42de-af28-9ba1d65ea84e:192.168.69.82:35388], old=null
2019-10-17 05:57:12,334 [9f06b4c9-079f-4989-8935-c6be59ddc82e@group-0D1055093416-LeaderElection134] INFO  impl.RaftServerImpl (RaftServerImpl.java:setRole(184)) - 9f06b4c9-079f-4989-8935-c6be59ddc82e@group-0D1055093416: changes role from CANDIDATE to FOLLOWER at term 122 for DISCOVERED_A_NEW_TERM
2019-10-17 05:57:12,334 [9f06b4c9-079f-4989-8935-c6be59ddc82e@group-0D1055093416-LeaderElection134] INFO  impl.RoleInfo (RoleInfo.java:shutdownLeaderElection(134)) - 9f06b4c9-079f-4989-8935-c6be59ddc82e: shutdown LeaderElection
2019-10-17 05:57:12,335 [9f06b4c9-079f-4989-8935-c6be59ddc82e@group-0D1055093416-LeaderElection134] INFO  impl.RoleInfo (RoleInfo.java:updateAndGet(143)) - 9f06b4c9-079f-4989-8935-c6be59ddc82e: start FollowerState
2019-10-17 05:57:12,525 [Thread-1396] INFO  impl.FollowerState (FollowerState.java:run(108)) - 9f06b4c9-079f-4989-8935-c6be59ddc82e@group-0D1055093416-FollowerState: change to CANDIDATE, lastRpcTime:190ms, electionTimeout:190ms
2019-10-17 05:57:12,525 [Thread-1396] INFO  impl.RoleInfo (RoleInfo.java:shutdownFollowerState(121)) - 9f06b4c9-079f-4989-8935-c6be59ddc82e: shutdown FollowerState
2019-10-17 05:57:12,525 [Thread-1396] INFO  impl.RaftServerImpl (RaftServerImpl.java:setRole(184)) - 9f06b4c9-079f-4989-8935-c6be59ddc82e@group-0D1055093416: changes role from  FOLLOWER to CANDIDATE at term 122 for changeToCandidate
2019-10-17 05:57:12,525 [Thread-1396] INFO  impl.RoleInfo (RoleInfo.java:updateAndGet(143)) - 9f06b4c9-079f-4989-8935-c6be59ddc82e: start LeaderElection
2019-10-17 05:57:12,539 [9f06b4c9-079f-4989-8935-c6be59ddc82e@group-0D1055093416-LeaderElection135] INFO  impl.LeaderElection (LeaderElection.java:askForVotes(178)) - 9f06b4c9-079f-4989-8935-c6be59ddc82e@group-0D1055093416-LeaderElection135: begin an election at term 123 for -1: [9f06b4c9-079f-4989-8935-c6be59ddc82e:192.168.69.82:36391, b282f9e2-3bd4-452e-9c35-1adeacc39134:192.168.69.82:42567, 3ce2c7b7-3df7-42de-af28-9ba1d65ea84e:192.168.69.82:35388], old=null
2019-10-17 05:57:12,541 [grpc-default-executor-8] INFO  impl.RaftServerImpl (RaftServerImpl.java:setRole(184)) - b282f9e2-3bd4-452e-9c35-1adeacc39134@group-0D1055093416: changes role from  FOLLOWER to FOLLOWER at term 123 for recognizeCandidate:9f06b4c9-079f-4989-8935-c6be59ddc82e
2019-10-17 05:57:12,541 [grpc-default-executor-8] INFO  impl.RoleInfo (RoleInfo.java:shutdownFollowerState(121)) - b282f9e2-3bd4-452e-9c35-1adeacc39134: shutdown FollowerState
2019-10-17 05:57:12,542 [grpc-default-executor-8] INFO  impl.RoleInfo (RoleInfo.java:updateAndGet(143)) - b282f9e2-3bd4-452e-9c35-1adeacc39134: start FollowerState
2019-10-17 05:57:12,542 [Thread-1394] INFO  impl.FollowerState (FollowerState.java:run(117)) - b282f9e2-3bd4-452e-9c35-1adeacc39134@group-0D1055093416-FollowerState was interrupted: java.lang.InterruptedException: sleep interrupted
2019-10-17 05:57:12,542 [grpc-default-executor-5] INFO  impl.RaftServerImpl (RaftServerImpl.java:setRole(184)) - 3ce2c7b7-3df7-42de-af28-9ba1d65ea84e@group-0D1055093416: changes role from  FOLLOWER to FOLLOWER at term 123 for recognizeCandidate:9f06b4c9-079f-4989-8935-c6be59ddc82e
2019-10-17 05:57:12,542 [grpc-default-executor-5] INFO  impl.RoleInfo (RoleInfo.java:shutdownFollowerState(121)) - 3ce2c7b7-3df7-42de-af28-9ba1d65ea84e: shutdown FollowerState
2019-10-17 05:57:12,543 [grpc-default-executor-5] INFO  impl.RoleInfo (RoleInfo.java:updateAndGet(143)) - 3ce2c7b7-3df7-42de-af28-9ba1d65ea84e: start FollowerState
2019-10-17 05:57:12,543 [Thread-1395] INFO  impl.FollowerState (FollowerState.java:run(117)) - 3ce2c7b7-3df7-42de-af28-9ba1d65ea84e@group-0D1055093416-FollowerState was interrupted: java.lang.InterruptedException: sleep interrupted
2019-10-17 05:57:12,556 [9f06b4c9-079f-4989-8935-c6be59ddc82e@group-0D1055093416-LeaderElection135] INFO  impl.LeaderElection (LeaderElection.java:logAndReturn(56)) - 9f06b4c9-079f-4989-8935-c6be59ddc82e@group-0D1055093416-LeaderElection135: Election REJECTED; received 2 response(s) [9f06b4c9-079f-4989-8935-c6be59ddc82e<-b282f9e2-3bd4-452e-9c35-1adeacc39134#0:FAIL-t123, 9f06b4c9-079f-4989-8935-c6be59ddc82e<-3ce2c7b7-3df7-42de-af28-9ba1d65ea84e#0:FAIL-t123] and 0 exception(s); 9f06b4c9-079f-4989-8935-c6be59ddc82e@group-0D1055093416:t123, leader=null, voted=9f06b4c9-079f-4989-8935-c6be59ddc82e, raftlog=9f06b4c9-079f-4989-8935-c6be59ddc82e@group-0D1055093416-SegmentedRaftLog:OPENED:c-1,f-1,i0, conf=-1: [9f06b4c9-079f-4989-8935-c6be59ddc82e:192.168.69.82:36391, b282f9e2-3bd4-452e-9c35-1adeacc39134:192.168.69.82:42567, 3ce2c7b7-3df7-42de-af28-9ba1d65ea84e:192.168.69.82:35388], old=null
2019-10-17 05:57:12,557 [9f06b4c9-079f-4989-8935-c6be59ddc82e@group-0D1055093416-LeaderElection135] INFO  impl.RaftServerImpl (RaftServerImpl.java:setRole(184)) - 9f06b4c9-079f-4989-8935-c6be59ddc82e@group-0D1055093416: changes role from CANDIDATE to FOLLOWER at term 123 for DISCOVERED_A_NEW_TERM
2019-10-17 05:57:12,557 [9f06b4c9-079f-4989-8935-c6be59ddc82e@group-0D1055093416-LeaderElection135] INFO  impl.RoleInfo (RoleInfo.java:shutdownLeaderElection(134)) - 9f06b4c9-079f-4989-8935-c6be59ddc82e: shutdown LeaderElection
2019-10-17 05:57:12,557 [9f06b4c9-079f-4989-8935-c6be59ddc82e@group-0D1055093416-LeaderElection135] INFO  impl.RoleInfo (RoleInfo.java:updateAndGet(143)) - 9f06b4c9-079f-4989-8935-c6be59ddc82e: start FollowerState
2019-10-17 05:57:12,730 [Thread-1405] INFO  impl.FollowerState (FollowerState.java:run(108)) - 9f06b4c9-079f-4989-8935-c6be59ddc82e@group-0D1055093416-FollowerState: change to CANDIDATE, lastRpcTime:173ms, electionTimeout:173ms
2019-10-17 05:57:12,731 [Thread-1405] INFO  impl.RoleInfo (RoleInfo.java:shutdownFollowerState(121)) - 9f06b4c9-079f-4989-8935-c6be59ddc82e: shutdown FollowerState
2019-10-17 05:57:12,731 [Thread-1405] INFO  impl.RaftServerImpl (RaftServerImpl.java:setRole(184)) - 9f06b4c9-079f-4989-8935-c6be59ddc82e@group-0D1055093416: changes role from  FOLLOWER to CANDIDATE at term 123 for changeToCandidate
2019-10-17 05:57:12,731 [Thread-1405] INFO  impl.RoleInfo (RoleInfo.java:updateAndGet(143)) - 9f06b4c9-079f-4989-8935-c6be59ddc82e: start LeaderElection
2019-10-17 05:57:12,757 [9f06b4c9-079f-4989-8935-c6be59ddc82e@group-0D1055093416-LeaderElection136] INFO  impl.LeaderElection (LeaderElection.java:askForVotes(178)) - 9f06b4c9-079f-4989-8935-c6be59ddc82e@group-0D1055093416-LeaderElection136: begin an election at term 124 for -1: [9f06b4c9-079f-4989-8935-c6be59ddc82e:192.168.69.82:36391, b282f9e2-3bd4-452e-9c35-1adeacc39134:192.168.69.82:42567, 3ce2c7b7-3df7-42de-af28-9ba1d65ea84e:192.168.69.82:35388], old=null
2019-10-17 05:57:12,760 [grpc-default-executor-5] INFO  impl.RaftServerImpl (RaftServerImpl.java:setRole(184)) - b282f9e2-3bd4-452e-9c35-1adeacc39134@group-0D1055093416: changes role from  FOLLOWER to FOLLOWER at term 124 for recognizeCandidate:9f06b4c9-079f-4989-8935-c6be59ddc82e
2019-10-17 05:57:12,760 [grpc-default-executor-5] INFO  impl.RoleInfo (RoleInfo.java:shutdownFollowerState(121)) - b282f9e2-3bd4-452e-9c35-1adeacc39134: shutdown FollowerState
2019-10-17 05:57:12,760 [grpc-default-executor-5] INFO  impl.RoleInfo (RoleInfo.java:updateAndGet(143)) - b282f9e2-3bd4-452e-9c35-1adeacc39134: start FollowerState
2019-10-17 05:57:12,760 [Thread-1403] INFO  impl.FollowerState (FollowerState.java:run(117)) - b282f9e2-3bd4-452e-9c35-1adeacc39134@group-0D1055093416-FollowerState was interrupted: java.lang.InterruptedException: sleep interrupted
2019-10-17 05:57:12,760 [grpc-default-executor-8] INFO  impl.RaftServerImpl (RaftServerImpl.java:setRole(184)) - 3ce2c7b7-3df7-42de-af28-9ba1d65ea84e@group-0D1055093416: changes role from  FOLLOWER to FOLLOWER at term 124 for recognizeCandidate:9f06b4c9-079f-4989-8935-c6be59ddc82e
2019-10-17 05:57:12,761 [grpc-default-executor-8] INFO  impl.RoleInfo (RoleInfo.java:shutdownFollowerState(121)) - 3ce2c7b7-3df7-42de-af28-9ba1d65ea84e: shutdown FollowerState
2019-10-17 05:57:12,761 [grpc-default-executor-8] INFO  impl.RoleInfo (RoleInfo.java:updateAndGet(143)) - 3ce2c7b7-3df7-42de-af28-9ba1d65ea84e: start FollowerState
2019-10-17 05:57:12,761 [Thread-1404] INFO  impl.FollowerState (FollowerState.java:run(117)) - 3ce2c7b7-3df7-42de-af28-9ba1d65ea84e@group-0D1055093416-FollowerState was interrupted: java.lang.InterruptedException: sleep interrupted
2019-10-17 05:57:12,775 [9f06b4c9-079f-4989-8935-c6be59ddc82e@group-0D1055093416-LeaderElection136] INFO  impl.LeaderElection (LeaderElection.java:logAndReturn(56)) - 9f06b4c9-079f-4989-8935-c6be59ddc82e@group-0D1055093416-LeaderElection136: Election REJECTED; received 2 response(s) [9f06b4c9-079f-4989-8935-c6be59ddc82e<-b282f9e2-3bd4-452e-9c35-1adeacc39134#0:FAIL-t124, 9f06b4c9-079f-4989-8935-c6be59ddc82e<-3ce2c7b7-3df7-42de-af28-9ba1d65ea84e#0:FAIL-t124] and 0 exception(s); 9f06b4c9-079f-4989-8935-c6be59ddc82e@group-0D1055093416:t124, leader=null, voted=9f06b4c9-079f-4989-8935-c6be59ddc82e, raftlog=9f06b4c9-079f-4989-8935-c6be59ddc82e@group-0D1055093416-SegmentedRaftLog:OPENED:c-1,f-1,i0, conf=-1: [9f06b4c9-079f-4989-8935-c6be59ddc82e:192.168.69.82:36391, b282f9e2-3bd4-452e-9c35-1adeacc39134:192.168.69.82:42567, 3ce2c7b7-3df7-42de-af28-9ba1d65ea84e:192.168.69.82:35388], old=null
2019-10-17 05:57:12,775 [9f06b4c9-079f-4989-8935-c6be59ddc82e@group-0D1055093416-LeaderElection136] INFO  impl.RaftServerImpl (RaftServerImpl.java:setRole(184)) - 9f06b4c9-079f-4989-8935-c6be59ddc82e@group-0D1055093416: changes role from CANDIDATE to FOLLOWER at term 124 for DISCOVERED_A_NEW_TERM
2019-10-17 05:57:12,775 [9f06b4c9-079f-4989-8935-c6be59ddc82e@group-0D1055093416-LeaderElection136] INFO  impl.RoleInfo (RoleInfo.java:shutdownLeaderElection(134)) - 9f06b4c9-079f-4989-8935-c6be59ddc82e: shutdown LeaderElection
2019-10-17 05:57:12,775 [9f06b4c9-079f-4989-8935-c6be59ddc82e@group-0D1055093416-LeaderElection136] INFO  impl.RoleInfo (RoleInfo.java:updateAndGet(143)) - 9f06b4c9-079f-4989-8935-c6be59ddc82e: start FollowerState
2019-10-17 05:57:12,837 [Thread-1412] INFO  impl.FollowerState (FollowerState.java:run(108)) - 9f06b4c9-079f-4989-8935-c6be59ddc82e@group-0D1055093416-FollowerState: change to CANDIDATE, lastRpcTime:61ms, electionTimeout:61ms
2019-10-17 05:57:12,837 [Thread-1412] INFO  impl.RoleInfo (RoleInfo.java:shutdownFollowerState(121)) - 9f06b4c9-079f-4989-8935-c6be59ddc82e: shutdown FollowerState
2019-10-17 05:57:12,837 [Thread-1412] INFO  impl.RaftServerImpl (RaftServerImpl.java:setRole(184)) - 9f06b4c9-079f-4989-8935-c6be59ddc82e@group-0D1055093416: changes role from  FOLLOWER to CANDIDATE at term 124 for changeToCandidate
2019-10-17 05:57:12,837 [Thread-1412] INFO  impl.RoleInfo (RoleInfo.java:updateAndGet(143)) - 9f06b4c9-079f-4989-8935-c6be59ddc82e: start LeaderElection
2019-10-17 05:57:12,859 [9f06b4c9-079f-4989-8935-c6be59ddc82e@group-0D1055093416-LeaderElection137] INFO  impl.LeaderElection (LeaderElection.java:askForVotes(178)) - 9f06b4c9-079f-4989-8935-c6be59ddc82e@group-0D1055093416-LeaderElection137: begin an election at term 125 for -1: [9f06b4c9-079f-4989-8935-c6be59ddc82e:192.168.69.82:36391, b282f9e2-3bd4-452e-9c35-1adeacc39134:192.168.69.82:42567, 3ce2c7b7-3df7-42de-af28-9ba1d65ea84e:192.168.69.82:35388], old=null
2019-10-17 05:57:12,861 [grpc-default-executor-8] INFO  impl.RaftServerImpl (RaftServerImpl.java:setRole(184)) - b282f9e2-3bd4-452e-9c35-1adeacc39134@group-0D1055093416: changes role from  FOLLOWER to FOLLOWER at term 125 for recognizeCandidate:9f06b4c9-079f-4989-8935-c6be59ddc82e
2019-10-17 05:57:12,861 [grpc-default-executor-8] INFO  impl.RoleInfo (RoleInfo.java:shutdownFollowerState(121)) - b282f9e2-3bd4-452e-9c35-1adeacc39134: shutdown FollowerState
2019-10-17 05:57:12,862 [grpc-default-executor-8] INFO  impl.RoleInfo (RoleInfo.java:updateAndGet(143)) - b282f9e2-3bd4-452e-9c35-1adeacc39134: start FollowerState
2019-10-17 05:57:12,862 [Thread-1410] INFO  impl.FollowerState (FollowerState.java:run(117)) - b282f9e2-3bd4-452e-9c35-1adeacc39134@group-0D1055093416-FollowerState was interrupted: java.lang.InterruptedException: sleep interrupted
2019-10-17 05:57:12,862 [grpc-default-executor-5] INFO  impl.RaftServerImpl (RaftServerImpl.java:setRole(184)) - 3ce2c7b7-3df7-42de-af28-9ba1d65ea84e@group-0D1055093416: changes role from  FOLLOWER to FOLLOWER at term 125 for recognizeCandidate:9f06b4c9-079f-4989-8935-c6be59ddc82e
2019-10-17 05:57:12,862 [grpc-default-executor-5] INFO  impl.RoleInfo (RoleInfo.java:shutdownFollowerState(121)) - 3ce2c7b7-3df7-42de-af28-9ba1d65ea84e: shutdown FollowerState
2019-10-17 05:57:12,862 [grpc-default-executor-5] INFO  impl.RoleInfo (RoleInfo.java:updateAndGet(143)) - 3ce2c7b7-3df7-42de-af28-9ba1d65ea84e: start FollowerState
2019-10-17 05:57:12,862 [Thread-1411] INFO  impl.FollowerState (FollowerState.java:run(117)) - 3ce2c7b7-3df7-42de-af28-9ba1d65ea84e@group-0D1055093416-FollowerState was interrupted: java.lang.InterruptedException: sleep interrupted
2019-10-17 05:57:12,876 [9f06b4c9-079f-4989-8935-c6be59ddc82e@group-0D1055093416-LeaderElection137] INFO  impl.LeaderElection (LeaderElection.java:logAndReturn(56)) - 9f06b4c9-079f-4989-8935-c6be59ddc82e@group-0D1055093416-LeaderElection137: Election REJECTED; received 2 response(s) [9f06b4c9-079f-4989-8935-c6be59ddc82e<-b282f9e2-3bd4-452e-9c35-1adeacc39134#0:FAIL-t125, 9f06b4c9-079f-4989-8935-c6be59ddc82e<-3ce2c7b7-3df7-42de-af28-9ba1d65ea84e#0:FAIL-t125] and 0 exception(s); 9f06b4c9-079f-4989-8935-c6be59ddc82e@group-0D1055093416:t125, leader=null, voted=9f06b4c9-079f-4989-8935-c6be59ddc82e, raftlog=9f06b4c9-079f-4989-8935-c6be59ddc82e@group-0D1055093416-SegmentedRaftLog:OPENED:c-1,f-1,i0, conf=-1: [9f06b4c9-079f-4989-8935-c6be59ddc82e:192.168.69.82:36391, b282f9e2-3bd4-452e-9c35-1adeacc39134:192.168.69.82:42567, 3ce2c7b7-3df7-42de-af28-9ba1d65ea84e:192.168.69.82:35388], old=null
2019-10-17 05:57:12,876 [9f06b4c9-079f-4989-8935-c6be59ddc82e@group-0D1055093416-LeaderElection137] INFO  impl.RaftServerImpl (RaftServerImpl.java:setRole(184)) - 9f06b4c9-079f-4989-8935-c6be59ddc82e@group-0D1055093416: changes role from CANDIDATE to FOLLOWER at term 125 for DISCOVERED_A_NEW_TERM
2019-10-17 05:57:12,876 [9f06b4c9-079f-4989-8935-c6be59ddc82e@group-0D1055093416-LeaderElection137] INFO  impl.RoleInfo (RoleInfo.java:shutdownLeaderElection(134)) - 9f06b4c9-079f-4989-8935-c6be59ddc82e: shutdown LeaderElection
2019-10-17 05:57:12,877 [9f06b4c9-079f-4989-8935-c6be59ddc82e@group-0D1055093416-LeaderElection137] INFO  impl.RoleInfo (RoleInfo.java:updateAndGet(143)) - 9f06b4c9-079f-4989-8935-c6be59ddc82e: start FollowerState
2019-10-17 05:57:12,923 [Thread-1418] INFO  impl.FollowerState (FollowerState.java:run(108)) - 9f06b4c9-079f-4989-8935-c6be59ddc82e@group-0D1055093416-FollowerState: change to CANDIDATE, lastRpcTime:46ms, electionTimeout:46ms
2019-10-17 05:57:12,923 [Thread-1418] INFO  impl.RoleInfo (RoleInfo.java:shutdownFollowerState(121)) - 9f06b4c9-079f-4989-8935-c6be59ddc82e: shutdown FollowerState
2019-10-17 05:57:12,923 [Thread-1418] INFO  impl.RaftServerImpl (RaftServerImpl.java:setRole(184)) - 9f06b4c9-079f-4989-8935-c6be59ddc82e@group-0D1055093416: changes role from  FOLLOWER to CANDIDATE at term 125 for changeToCandidate
2019-10-17 05:57:12,923 [Thread-1418] INFO  impl.RoleInfo (RoleInfo.java:updateAndGet(143)) - 9f06b4c9-079f-4989-8935-c6be59ddc82e: start LeaderElection
2019-10-17 05:57:12,937 [9f06b4c9-079f-4989-8935-c6be59ddc82e@group-0D1055093416-LeaderElection138] INFO  impl.LeaderElection (LeaderElection.java:askForVotes(178)) - 9f06b4c9-079f-4989-8935-c6be59ddc82e@group-0D1055093416-LeaderElection138: begin an election at term 126 for -1: [9f06b4c9-079f-4989-8935-c6be59ddc82e:192.168.69.82:36391, b282f9e2-3bd4-452e-9c35-1adeacc39134:192.168.69.82:42567, 3ce2c7b7-3df7-42de-af28-9ba1d65ea84e:192.168.69.82:35388], old=null
2019-10-17 05:57:12,939 [grpc-default-executor-0] INFO  impl.RaftServerImpl (RaftServerImpl.java:setRole(184)) - b282f9e2-3bd4-452e-9c35-1adeacc39134@group-0D1055093416: changes role from  FOLLOWER to FOLLOWER at term 126 for recognizeCandidate:9f06b4c9-079f-4989-8935-c6be59ddc82e
2019-10-17 05:57:12,939 [grpc-default-executor-0] INFO  impl.RoleInfo (RoleInfo.java:shutdownFollowerState(121)) - b282f9e2-3bd4-452e-9c35-1adeacc39134: shutdown FollowerState
2019-10-17 05:57:12,939 [grpc-default-executor-0] INFO  impl.RoleInfo (RoleInfo.java:updateAndGet(143)) - b282f9e2-3bd4-452e-9c35-1adeacc39134: start FollowerState
2019-10-17 05:57:12,940 [Thread-1416] INFO  impl.FollowerState (FollowerState.java:run(117)) - b282f9e2-3bd4-452e-9c35-1adeacc39134@group-0D1055093416-FollowerState was interrupted: java.lang.InterruptedException: sleep interrupted
2019-10-17 05:57:12,940 [grpc-default-executor-8] INFO  impl.RaftServerImpl (RaftServerImpl.java:setRole(184)) - 3ce2c7b7-3df7-42de-af28-9ba1d65ea84e@group-0D1055093416: changes role from  FOLLOWER to FOLLOWER at term 126 for recognizeCandidate:9f06b4c9-079f-4989-8935-c6be59ddc82e
2019-10-17 05:57:12,940 [grpc-default-executor-8] INFO  impl.RoleInfo (RoleInfo.java:shutdownFollowerState(121)) - 3ce2c7b7-3df7-42de-af28-9ba1d65ea84e: shutdown FollowerState
2019-10-17 05:57:12,940 [grpc-default-executor-8] INFO  impl.RoleInfo (RoleInfo.java:updateAndGet(143)) - 3ce2c7b7-3df7-42de-af28-9ba1d65ea84e: start FollowerState
2019-10-17 05:57:12,940 [Thread-1417] INFO  impl.FollowerState (FollowerState.java:run(117)) - 3ce2c7b7-3df7-42de-af28-9ba1d65ea84e@group-0D1055093416-FollowerState was interrupted: java.lang.InterruptedException: sleep interrupted
2019-10-17 05:57:12,953 [9f06b4c9-079f-4989-8935-c6be59ddc82e@group-0D1055093416-LeaderElection138] INFO  impl.LeaderElection (LeaderElection.java:logAndReturn(56)) - 9f06b4c9-079f-4989-8935-c6be59ddc82e@group-0D1055093416-LeaderElection138: Election REJECTED; received 2 response(s) [9f06b4c9-079f-4989-8935-c6be59ddc82e<-b282f9e2-3bd4-452e-9c35-1adeacc39134#0:FAIL-t126, 9f06b4c9-079f-4989-8935-c6be59ddc82e<-3ce2c7b7-3df7-42de-af28-9ba1d65ea84e#0:FAIL-t126] and 0 exception(s); 9f06b4c9-079f-4989-8935-c6be59ddc82e@group-0D1055093416:t126, leader=null, voted=9f06b4c9-079f-4989-8935-c6be59ddc82e, raftlog=9f06b4c9-079f-4989-8935-c6be59ddc82e@group-0D1055093416-SegmentedRaftLog:OPENED:c-1,f-1,i0, conf=-1: [9f06b4c9-079f-4989-8935-c6be59ddc82e:192.168.69.82:36391, b282f9e2-3bd4-452e-9c35-1adeacc39134:192.168.69.82:42567, 3ce2c7b7-3df7-42de-af28-9ba1d65ea84e:192.168.69.82:35388], old=null
2019-10-17 05:57:12,953 [9f06b4c9-079f-4989-8935-c6be59ddc82e@group-0D1055093416-LeaderElection138] INFO  impl.RaftServerImpl (RaftServerImpl.java:setRole(184)) - 9f06b4c9-079f-4989-8935-c6be59ddc82e@group-0D1055093416: changes role from CANDIDATE to FOLLOWER at term 126 for DISCOVERED_A_NEW_TERM
2019-10-17 05:57:12,953 [9f06b4c9-079f-4989-8935-c6be59ddc82e@group-0D1055093416-LeaderElection138] INFO  impl.RoleInfo (RoleInfo.java:shutdownLeaderElection(134)) - 9f06b4c9-079f-4989-8935-c6be59ddc82e: shutdown LeaderElection
2019-10-17 05:57:12,954 [9f06b4c9-079f-4989-8935-c6be59ddc82e@group-0D1055093416-LeaderElection138] INFO  impl.RoleInfo (RoleInfo.java:updateAndGet(143)) - 9f06b4c9-079f-4989-8935-c6be59ddc82e: start FollowerState
2019-10-17 05:57:13,024 [Thread-1427] INFO  impl.FollowerState (FollowerState.java:run(108)) - 9f06b4c9-079f-4989-8935-c6be59ddc82e@group-0D1055093416-FollowerState: change to CANDIDATE, lastRpcTime:70ms, electionTimeout:70ms
2019-10-17 05:57:13,024 [Thread-1427] INFO  impl.RoleInfo (RoleInfo.java:shutdownFollowerState(121)) - 9f06b4c9-079f-4989-8935-c6be59ddc82e: shutdown FollowerState
2019-10-17 05:57:13,024 [Thread-1427] INFO  impl.RaftServerImpl (RaftServerImpl.java:setRole(184)) - 9f06b4c9-079f-4989-8935-c6be59ddc82e@group-0D1055093416: changes role from  FOLLOWER to CANDIDATE at term 126 for changeToCandidate
2019-10-17 05:57:13,025 [Thread-1427] INFO  impl.RoleInfo (RoleInfo.java:updateAndGet(143)) - 9f06b4c9-079f-4989-8935-c6be59ddc82e: start LeaderElection
2019-10-17 05:57:13,038 [9f06b4c9-079f-4989-8935-c6be59ddc82e@group-0D1055093416-LeaderElection139] INFO  impl.LeaderElection (LeaderElection.java:askForVotes(178)) - 9f06b4c9-079f-4989-8935-c6be59ddc82e@group-0D1055093416-LeaderElection139: begin an election at term 127 for -1: [9f06b4c9-079f-4989-8935-c6be59ddc82e:192.168.69.82:36391, b282f9e2-3bd4-452e-9c35-1adeacc39134:192.168.69.82:42567, 3ce2c7b7-3df7-42de-af28-9ba1d65ea84e:192.168.69.82:35388], old=null
2019-10-17 05:57:13,041 [grpc-default-executor-0] INFO  impl.RaftServerImpl (RaftServerImpl.java:setRole(184)) - b282f9e2-3bd4-452e-9c35-1adeacc39134@group-0D1055093416: changes role from  FOLLOWER to FOLLOWER at term 127 for recognizeCandidate:9f06b4c9-079f-4989-8935-c6be59ddc82e
2019-10-17 05:57:13,041 [grpc-default-executor-0] INFO  impl.RoleInfo (RoleInfo.java:shutdownFollowerState(121)) - b282f9e2-3bd4-452e-9c35-1adeacc39134: shutdown FollowerState
2019-10-17 05:57:13,041 [grpc-default-executor-8] INFO  impl.RaftServerImpl (RaftServerImpl.java:setRole(184)) - 3ce2c7b7-3df7-42de-af28-9ba1d65ea84e@group-0D1055093416: changes role from  FOLLOWER to FOLLOWER at term 127 for recognizeCandidate:9f06b4c9-079f-4989-8935-c6be59ddc82e
2019-10-17 05:57:13,041 [Thread-1425] INFO  impl.FollowerState (FollowerState.java:run(117)) - b282f9e2-3bd4-452e-9c35-1adeacc39134@group-0D1055093416-FollowerState was interrupted: java.lang.InterruptedException: sleep interrupted
2019-10-17 05:57:13,041 [grpc-default-executor-0] INFO  impl.RoleInfo (RoleInfo.java:updateAndGet(143)) - b282f9e2-3bd4-452e-9c35-1adeacc39134: start FollowerState
2019-10-17 05:57:13,041 [grpc-default-executor-8] INFO  impl.RoleInfo (RoleInfo.java:shutdownFollowerState(121)) - 3ce2c7b7-3df7-42de-af28-9ba1d65ea84e: shutdown FollowerState
2019-10-17 05:57:13,042 [grpc-default-executor-8] INFO  impl.RoleInfo (RoleInfo.java:updateAndGet(143)) - 3ce2c7b7-3df7-42de-af28-9ba1d65ea84e: start FollowerState
2019-10-17 05:57:13,042 [Thread-1426] INFO  impl.FollowerState (FollowerState.java:run(117)) - 3ce2c7b7-3df7-42de-af28-9ba1d65ea84e@group-0D1055093416-FollowerState was interrupted: java.lang.InterruptedException: sleep interrupted
2019-10-17 05:57:13,055 [9f06b4c9-079f-4989-8935-c6be59ddc82e@group-0D1055093416-LeaderElection139] INFO  impl.LeaderElection (LeaderElection.java:logAndReturn(56)) - 9f06b4c9-079f-4989-8935-c6be59ddc82e@group-0D1055093416-LeaderElection139: Election REJECTED; received 2 response(s) [9f06b4c9-079f-4989-8935-c6be59ddc82e<-b282f9e2-3bd4-452e-9c35-1adeacc39134#0:FAIL-t127, 9f06b4c9-079f-4989-8935-c6be59ddc82e<-3ce2c7b7-3df7-42de-af28-9ba1d65ea84e#0:FAIL-t127] and 0 exception(s); 9f06b4c9-079f-4989-8935-c6be59ddc82e@group-0D1055093416:t127, leader=null, voted=9f06b4c9-079f-4989-8935-c6be59ddc82e, raftlog=9f06b4c9-079f-4989-8935-c6be59ddc82e@group-0D1055093416-SegmentedRaftLog:OPENED:c-1,f-1,i0, conf=-1: [9f06b4c9-079f-4989-8935-c6be59ddc82e:192.168.69.82:36391, b282f9e2-3bd4-452e-9c35-1adeacc39134:192.168.69.82:42567, 3ce2c7b7-3df7-42de-af28-9ba1d65ea84e:192.168.69.82:35388], old=null
2019-10-17 05:57:13,055 [9f06b4c9-079f-4989-8935-c6be59ddc82e@group-0D1055093416-LeaderElection139] INFO  impl.RaftServerImpl (RaftServerImpl.java:setRole(184)) - 9f06b4c9-079f-4989-8935-c6be59ddc82e@group-0D1055093416: changes role from CANDIDATE to FOLLOWER at term 127 for DISCOVERED_A_NEW_TERM
2019-10-17 05:57:13,055 [9f06b4c9-079f-4989-8935-c6be59ddc82e@group-0D1055093416-LeaderElection139] INFO  impl.RoleInfo (RoleInfo.java:shutdownLeaderElection(134)) - 9f06b4c9-079f-4989-8935-c6be59ddc82e: shutdown LeaderElection
2019-10-17 05:57:13,056 [9f06b4c9-079f-4989-8935-c6be59ddc82e@group-0D1055093416-LeaderElection139] INFO  impl.RoleInfo (RoleInfo.java:updateAndGet(143)) - 9f06b4c9-079f-4989-8935-c6be59ddc82e: start FollowerState
2019-10-17 05:57:13,211 [Thread-1433] INFO  impl.FollowerState (FollowerState.java:run(108)) - 9f06b4c9-079f-4989-8935-c6be59ddc82e@group-0D1055093416-FollowerState: change to CANDIDATE, lastRpcTime:155ms, electionTimeout:155ms
2019-10-17 05:57:13,211 [Thread-1433] INFO  impl.RoleInfo (RoleInfo.java:shutdownFollowerState(121)) - 9f06b4c9-079f-4989-8935-c6be59ddc82e: shutdown FollowerState
2019-10-17 05:57:13,211 [Thread-1433] INFO  impl.RaftServerImpl (RaftServerImpl.java:setRole(184)) - 9f06b4c9-079f-4989-8935-c6be59ddc82e@group-0D1055093416: changes role from  FOLLOWER to CANDIDATE at term 127 for changeToCandidate
2019-10-17 05:57:13,212 [Thread-1433] INFO  impl.RoleInfo (RoleInfo.java:updateAndGet(143)) - 9f06b4c9-079f-4989-8935-c6be59ddc82e: start LeaderElection
2019-10-17 05:57:13,225 [9f06b4c9-079f-4989-8935-c6be59ddc82e@group-0D1055093416-LeaderElection140] INFO  impl.LeaderElection (LeaderElection.java:askForVotes(178)) - 9f06b4c9-079f-4989-8935-c6be59ddc82e@group-0D1055093416-LeaderElection140: begin an election at term 128 for -1: [9f06b4c9-079f-4989-8935-c6be59ddc82e:192.168.69.82:36391, b282f9e2-3bd4-452e-9c35-1adeacc39134:192.168.69.82:42567, 3ce2c7b7-3df7-42de-af28-9ba1d65ea84e:192.168.69.82:35388], old=null
2019-10-17 05:57:13,228 [grpc-default-executor-0] INFO  impl.RaftServerImpl (RaftServerImpl.java:setRole(184)) - b282f9e2-3bd4-452e-9c35-1adeacc39134@group-0D1055093416: changes role from  FOLLOWER to FOLLOWER at term 128 for recognizeCandidate:9f06b4c9-079f-4989-8935-c6be59ddc82e
2019-10-17 05:57:13,228 [grpc-default-executor-0] INFO  impl.RoleInfo (RoleInfo.java:shutdownFollowerState(121)) - b282f9e2-3bd4-452e-9c35-1adeacc39134: shutdown FollowerState
2019-10-17 05:57:13,228 [grpc-default-executor-8] INFO  impl.RaftServerImpl (RaftServerImpl.java:setRole(184)) - 3ce2c7b7-3df7-42de-af28-9ba1d65ea84e@group-0D1055093416: changes role from  FOLLOWER to FOLLOWER at term 128 for recognizeCandidate:9f06b4c9-079f-4989-8935-c6be59ddc82e
2019-10-17 05:57:13,228 [grpc-default-executor-0] INFO  impl.RoleInfo (RoleInfo.java:updateAndGet(143)) - b282f9e2-3bd4-452e-9c35-1adeacc39134: start FollowerState
2019-10-17 05:57:13,228 [Thread-1431] INFO  impl.FollowerState (FollowerState.java:run(117)) - b282f9e2-3bd4-452e-9c35-1adeacc39134@group-0D1055093416-FollowerState was interrupted: java.lang.InterruptedException: sleep interrupted
2019-10-17 05:57:13,228 [grpc-default-executor-8] INFO  impl.RoleInfo (RoleInfo.java:shutdownFollowerState(121)) - 3ce2c7b7-3df7-42de-af28-9ba1d65ea84e: shutdown FollowerState
2019-10-17 05:57:13,228 [grpc-default-executor-8] INFO  impl.RoleInfo (RoleInfo.java:updateAndGet(143)) - 3ce2c7b7-3df7-42de-af28-9ba1d65ea84e: start FollowerState
2019-10-17 05:57:13,229 [Thread-1432] INFO  impl.FollowerState (FollowerState.java:run(117)) - 3ce2c7b7-3df7-42de-af28-9ba1d65ea84e@group-0D1055093416-FollowerState was interrupted: java.lang.InterruptedException: sleep interrupted
2019-10-17 05:57:13,244 [9f06b4c9-079f-4989-8935-c6be59ddc82e@group-0D1055093416-LeaderElection140] INFO  impl.LeaderElection (LeaderElection.java:logAndReturn(56)) - 9f06b4c9-079f-4989-8935-c6be59ddc82e@group-0D1055093416-LeaderElection140: Election REJECTED; received 2 response(s) [9f06b4c9-079f-4989-8935-c6be59ddc82e<-b282f9e2-3bd4-452e-9c35-1adeacc39134#0:FAIL-t128, 9f06b4c9-079f-4989-8935-c6be59ddc82e<-3ce2c7b7-3df7-42de-af28-9ba1d65ea84e#0:FAIL-t128] and 0 exception(s); 9f06b4c9-079f-4989-8935-c6be59ddc82e@group-0D1055093416:t128, leader=null, voted=9f06b4c9-079f-4989-8935-c6be59ddc82e, raftlog=9f06b4c9-079f-4989-8935-c6be59ddc82e@group-0D1055093416-SegmentedRaftLog:OPENED:c-1,f-1,i0, conf=-1: [9f06b4c9-079f-4989-8935-c6be59ddc82e:192.168.69.82:36391, b282f9e2-3bd4-452e-9c35-1adeacc39134:192.168.69.82:42567, 3ce2c7b7-3df7-42de-af28-9ba1d65ea84e:192.168.69.82:35388], old=null
2019-10-17 05:57:13,245 [9f06b4c9-079f-4989-8935-c6be59ddc82e@group-0D1055093416-LeaderElection140] INFO  impl.RaftServerImpl (RaftServerImpl.java:setRole(184)) - 9f06b4c9-079f-4989-8935-c6be59ddc82e@group-0D1055093416: changes role from CANDIDATE to FOLLOWER at term 128 for DISCOVERED_A_NEW_TERM
2019-10-17 05:57:13,245 [9f06b4c9-079f-4989-8935-c6be59ddc82e@group-0D1055093416-LeaderElection140] INFO  impl.RoleInfo (RoleInfo.java:shutdownLeaderElection(134)) - 9f06b4c9-079f-4989-8935-c6be59ddc82e: shutdown LeaderElection
2019-10-17 05:57:13,245 [9f06b4c9-079f-4989-8935-c6be59ddc82e@group-0D1055093416-LeaderElection140] INFO  impl.RoleInfo (RoleInfo.java:updateAndGet(143)) - 9f06b4c9-079f-4989-8935-c6be59ddc82e: start FollowerState
2019-10-17 05:57:13,251 [Thread-1440] INFO  impl.FollowerState (FollowerState.java:run(108)) - 9f06b4c9-079f-4989-8935-c6be59ddc82e@group-0D1055093416-FollowerState: change to CANDIDATE, lastRpcTime:6ms, electionTimeout:6ms
2019-10-17 05:57:13,251 [Thread-1440] INFO  impl.RoleInfo (RoleInfo.java:shutdownFollowerState(121)) - 9f06b4c9-079f-4989-8935-c6be59ddc82e: shutdown FollowerState
2019-10-17 05:57:13,252 [Thread-1440] INFO  impl.RaftServerImpl (RaftServerImpl.java:setRole(184)) - 9f06b4c9-079f-4989-8935-c6be59ddc82e@group-0D1055093416: changes role from  FOLLOWER to CANDIDATE at term 128 for changeToCandidate
2019-10-17 05:57:13,252 [Thread-1440] INFO  impl.RoleInfo (RoleInfo.java:updateAndGet(143)) - 9f06b4c9-079f-4989-8935-c6be59ddc82e: start LeaderElection
2019-10-17 05:57:13,265 [9f06b4c9-079f-4989-8935-c6be59ddc82e@group-0D1055093416-LeaderElection141] INFO  impl.LeaderElection (LeaderElection.java:askForVotes(178)) - 9f06b4c9-079f-4989-8935-c6be59ddc82e@group-0D1055093416-LeaderElection141: begin an election at term 129 for -1: [9f06b4c9-079f-4989-8935-c6be59ddc82e:192.168.69.82:36391, b282f9e2-3bd4-452e-9c35-1adeacc39134:192.168.69.82:42567, 3ce2c7b7-3df7-42de-af28-9ba1d65ea84e:192.168.69.82:35388], old=null
2019-10-17 05:57:13,267 [grpc-default-executor-0] INFO  impl.RaftServerImpl (RaftServerImpl.java:setRole(184)) - 3ce2c7b7-3df7-42de-af28-9ba1d65ea84e@group-0D1055093416: changes role from  FOLLOWER to FOLLOWER at term 129 for recognizeCandidate:9f06b4c9-079f-4989-8935-c6be59ddc82e
2019-10-17 05:57:13,267 [grpc-default-executor-0] INFO  impl.RoleInfo (RoleInfo.java:shutdownFollowerState(121)) - 3ce2c7b7-3df7-42de-af28-9ba1d65ea84e: shutdown FollowerState
2019-10-17 05:57:13,267 [grpc-default-executor-0] INFO  impl.RoleInfo (RoleInfo.java:updateAndGet(143)) - 3ce2c7b7-3df7-42de-af28-9ba1d65ea84e: start FollowerState
2019-10-17 05:57:13,267 [Thread-1439] INFO  impl.FollowerState (FollowerState.java:run(117)) - 3ce2c7b7-3df7-42de-af28-9ba1d65ea84e@group-0D1055093416-FollowerState was interrupted: java.lang.InterruptedException: sleep interrupted
2019-10-17 05:57:13,267 [grpc-default-executor-8] INFO  impl.RaftServerImpl (RaftServerImpl.java:setRole(184)) - b282f9e2-3bd4-452e-9c35-1adeacc39134@group-0D1055093416: changes role from  FOLLOWER to FOLLOWER at term 129 for recognizeCandidate:9f06b4c9-079f-4989-8935-c6be59ddc82e
2019-10-17 05:57:13,268 [grpc-default-executor-8] INFO  impl.RoleInfo (RoleInfo.java:shutdownFollowerState(121)) - b282f9e2-3bd4-452e-9c35-1adeacc39134: shutdown FollowerState
2019-10-17 05:57:13,268 [grpc-default-executor-8] INFO  impl.RoleInfo (RoleInfo.java:updateAndGet(143)) - b282f9e2-3bd4-452e-9c35-1adeacc39134: start FollowerState
2019-10-17 05:57:13,268 [Thread-1438] INFO  impl.FollowerState (FollowerState.java:run(117)) - b282f9e2-3bd4-452e-9c35-1adeacc39134@group-0D1055093416-FollowerState was interrupted: java.lang.InterruptedException: sleep interrupted
2019-10-17 05:57:13,283 [9f06b4c9-079f-4989-8935-c6be59ddc82e@group-0D1055093416-LeaderElection141] INFO  impl.LeaderElection (LeaderElection.java:logAndReturn(56)) - 9f06b4c9-079f-4989-8935-c6be59ddc82e@group-0D1055093416-LeaderElection141: Election REJECTED; received 2 response(s) [9f06b4c9-079f-4989-8935-c6be59ddc82e<-b282f9e2-3bd4-452e-9c35-1adeacc39134#0:FAIL-t129, 9f06b4c9-079f-4989-8935-c6be59ddc82e<-3ce2c7b7-3df7-42de-af28-9ba1d65ea84e#0:FAIL-t129] and 0 exception(s); 9f06b4c9-079f-4989-8935-c6be59ddc82e@group-0D1055093416:t129, leader=null, voted=9f06b4c9-079f-4989-8935-c6be59ddc82e, raftlog=9f06b4c9-079f-4989-8935-c6be59ddc82e@group-0D1055093416-SegmentedRaftLog:OPENED:c-1,f-1,i0, conf=-1: [9f06b4c9-079f-4989-8935-c6be59ddc82e:192.168.69.82:36391, b282f9e2-3bd4-452e-9c35-1adeacc39134:192.168.69.82:42567, 3ce2c7b7-3df7-42de-af28-9ba1d65ea84e:192.168.69.82:35388], old=null
2019-10-17 05:57:13,283 [9f06b4c9-079f-4989-8935-c6be59ddc82e@group-0D1055093416-LeaderElection141] INFO  impl.RaftServerImpl (RaftServerImpl.java:setRole(184)) - 9f06b4c9-079f-4989-8935-c6be59ddc82e@group-0D1055093416: changes role from CANDIDATE to FOLLOWER at term 129 for DISCOVERED_A_NEW_TERM
2019-10-17 05:57:13,283 [9f06b4c9-079f-4989-8935-c6be59ddc82e@group-0D1055093416-LeaderElection141] INFO  impl.RoleInfo (RoleInfo.java:shutdownLeaderElection(134)) - 9f06b4c9-079f-4989-8935-c6be59ddc82e: shutdown LeaderElection
2019-10-17 05:57:13,283 [9f06b4c9-079f-4989-8935-c6be59ddc82e@group-0D1055093416-LeaderElection141] INFO  impl.RoleInfo (RoleInfo.java:updateAndGet(143)) - 9f06b4c9-079f-4989-8935-c6be59ddc82e: start FollowerState
2019-10-17 05:57:13,357 [Thread-1446] INFO  impl.FollowerState (FollowerState.java:run(108)) - 9f06b4c9-079f-4989-8935-c6be59ddc82e@group-0D1055093416-FollowerState: change to CANDIDATE, lastRpcTime:73ms, electionTimeout:73ms
2019-10-17 05:57:13,357 [Thread-1446] INFO  impl.RoleInfo (RoleInfo.java:shutdownFollowerState(121)) - 9f06b4c9-079f-4989-8935-c6be59ddc82e: shutdown FollowerState
2019-10-17 05:57:13,357 [Thread-1446] INFO  impl.RaftServerImpl (RaftServerImpl.java:setRole(184)) - 9f06b4c9-079f-4989-8935-c6be59ddc82e@group-0D1055093416: changes role from  FOLLOWER to CANDIDATE at term 129 for changeToCandidate
2019-10-17 05:57:13,357 [Thread-1446] INFO  impl.RoleInfo (RoleInfo.java:updateAndGet(143)) - 9f06b4c9-079f-4989-8935-c6be59ddc82e: start LeaderElection
2019-10-17 05:57:13,371 [9f06b4c9-079f-4989-8935-c6be59ddc82e@group-0D1055093416-LeaderElection142] INFO  impl.LeaderElection (LeaderElection.java:askForVotes(178)) - 9f06b4c9-079f-4989-8935-c6be59ddc82e@group-0D1055093416-LeaderElection142: begin an election at term 130 for -1: [9f06b4c9-079f-4989-8935-c6be59ddc82e:192.168.69.82:36391, b282f9e2-3bd4-452e-9c35-1adeacc39134:192.168.69.82:42567, 3ce2c7b7-3df7-42de-af28-9ba1d65ea84e:192.168.69.82:35388], old=null
2019-10-17 05:57:13,374 [grpc-default-executor-8] INFO  impl.RaftServerImpl (RaftServerImpl.java:setRole(184)) - b282f9e2-3bd4-452e-9c35-1adeacc39134@group-0D1055093416: changes role from  FOLLOWER to FOLLOWER at term 130 for recognizeCandidate:9f06b4c9-079f-4989-8935-c6be59ddc82e
2019-10-17 05:57:13,374 [grpc-default-executor-8] INFO  impl.RoleInfo (RoleInfo.java:shutdownFollowerState(121)) - b282f9e2-3bd4-452e-9c35-1adeacc39134: shutdown FollowerState
2019-10-17 05:57:13,374 [grpc-default-executor-8] INFO  impl.RoleInfo (RoleInfo.java:updateAndGet(143)) - b282f9e2-3bd4-452e-9c35-1adeacc39134: start FollowerState
2019-10-17 05:57:13,374 [Thread-1445] INFO  impl.FollowerState (FollowerState.java:run(117)) - b282f9e2-3bd4-452e-9c35-1adeacc39134@group-0D1055093416-FollowerState was interrupted: java.lang.InterruptedException: sleep interrupted
2019-10-17 05:57:13,374 [grpc-default-executor-0] INFO  impl.RaftServerImpl (RaftServerImpl.java:setRole(184)) - 3ce2c7b7-3df7-42de-af28-9ba1d65ea84e@group-0D1055093416: changes role from  FOLLOWER to FOLLOWER at term 130 for recognizeCandidate:9f06b4c9-079f-4989-8935-c6be59ddc82e
2019-10-17 05:57:13,375 [grpc-default-executor-0] INFO  impl.RoleInfo (RoleInfo.java:shutdownFollowerState(121)) - 3ce2c7b7-3df7-42de-af28-9ba1d65ea84e: shutdown FollowerState
2019-10-17 05:57:13,375 [grpc-default-executor-0] INFO  impl.RoleInfo (RoleInfo.java:updateAndGet(143)) - 3ce2c7b7-3df7-42de-af28-9ba1d65ea84e: start FollowerState
2019-10-17 05:57:13,375 [Thread-1444] INFO  impl.FollowerState (FollowerState.java:run(117)) - 3ce2c7b7-3df7-42de-af28-9ba1d65ea84e@group-0D1055093416-FollowerState was interrupted: java.lang.InterruptedException: sleep interrupted
2019-10-17 05:57:13,389 [9f06b4c9-079f-4989-8935-c6be59ddc82e@group-0D1055093416-LeaderElection142] INFO  impl.LeaderElection (LeaderElection.java:logAndReturn(56)) - 9f06b4c9-079f-4989-8935-c6be59ddc82e@group-0D1055093416-LeaderElection142: Election REJECTED; received 2 response(s) [9f06b4c9-079f-4989-8935-c6be59ddc82e<-b282f9e2-3bd4-452e-9c35-1adeacc39134#0:FAIL-t130, 9f06b4c9-079f-4989-8935-c6be59ddc82e<-3ce2c7b7-3df7-42de-af28-9ba1d65ea84e#0:FAIL-t130] and 0 exception(s); 9f06b4c9-079f-4989-8935-c6be59ddc82e@group-0D1055093416:t130, leader=null, voted=9f06b4c9-079f-4989-8935-c6be59ddc82e, raftlog=9f06b4c9-079f-4989-8935-c6be59ddc82e@group-0D1055093416-SegmentedRaftLog:OPENED:c-1,f-1,i0, conf=-1: [9f06b4c9-079f-4989-8935-c6be59ddc82e:192.168.69.82:36391, b282f9e2-3bd4-452e-9c35-1adeacc39134:192.168.69.82:42567, 3ce2c7b7-3df7-42de-af28-9ba1d65ea84e:192.168.69.82:35388], old=null
2019-10-17 05:57:13,390 [9f06b4c9-079f-4989-8935-c6be59ddc82e@group-0D1055093416-LeaderElection142] INFO  impl.RaftServerImpl (RaftServerImpl.java:setRole(184)) - 9f06b4c9-079f-4989-8935-c6be59ddc82e@group-0D1055093416: changes role from CANDIDATE to FOLLOWER at term 130 for DISCOVERED_A_NEW_TERM
2019-10-17 05:57:13,390 [9f06b4c9-079f-4989-8935-c6be59ddc82e@group-0D1055093416-LeaderElection142] INFO  impl.RoleInfo (RoleInfo.java:shutdownLeaderElection(134)) - 9f06b4c9-079f-4989-8935-c6be59ddc82e: shutdown LeaderElection
2019-10-17 05:57:13,390 [9f06b4c9-079f-4989-8935-c6be59ddc82e@group-0D1055093416-LeaderElection142] INFO  impl.RoleInfo (RoleInfo.java:updateAndGet(143)) - 9f06b4c9-079f-4989-8935-c6be59ddc82e: start FollowerState
2019-10-17 05:57:13,454 [Thread-1455] INFO  impl.FollowerState (FollowerState.java:run(108)) - 9f06b4c9-079f-4989-8935-c6be59ddc82e@group-0D1055093416-FollowerState: change to CANDIDATE, lastRpcTime:64ms, electionTimeout:64ms
2019-10-17 05:57:13,454 [Thread-1455] INFO  impl.RoleInfo (RoleInfo.java:shutdownFollowerState(121)) - 9f06b4c9-079f-4989-8935-c6be59ddc82e: shutdown FollowerState
2019-10-17 05:57:13,455 [Thread-1455] INFO  impl.RaftServerImpl (RaftServerImpl.java:setRole(184)) - 9f06b4c9-079f-4989-8935-c6be59ddc82e@group-0D1055093416: changes role from  FOLLOWER to CANDIDATE at term 130 for changeToCandidate
2019-10-17 05:57:13,455 [Thread-1455] INFO  impl.RoleInfo (RoleInfo.java:updateAndGet(143)) - 9f06b4c9-079f-4989-8935-c6be59ddc82e: start LeaderElection
2019-10-17 05:57:13,468 [9f06b4c9-079f-4989-8935-c6be59ddc82e@group-0D1055093416-LeaderElection143] INFO  impl.LeaderElection (LeaderElection.java:askForVotes(178)) - 9f06b4c9-079f-4989-8935-c6be59ddc82e@group-0D1055093416-LeaderElection143: begin an election at term 131 for -1: [9f06b4c9-079f-4989-8935-c6be59ddc82e:192.168.69.82:36391, b282f9e2-3bd4-452e-9c35-1adeacc39134:192.168.69.82:42567, 3ce2c7b7-3df7-42de-af28-9ba1d65ea84e:192.168.69.82:35388], old=null
2019-10-17 05:57:13,471 [grpc-default-executor-0] INFO  impl.RaftServerImpl (RaftServerImpl.java:setRole(184)) - b282f9e2-3bd4-452e-9c35-1adeacc39134@group-0D1055093416: changes role from  FOLLOWER to FOLLOWER at term 131 for recognizeCandidate:9f06b4c9-079f-4989-8935-c6be59ddc82e
2019-10-17 05:57:13,471 [grpc-default-executor-0] INFO  impl.RoleInfo (RoleInfo.java:shutdownFollowerState(121)) - b282f9e2-3bd4-452e-9c35-1adeacc39134: shutdown FollowerState
2019-10-17 05:57:13,471 [grpc-default-executor-0] INFO  impl.RoleInfo (RoleInfo.java:updateAndGet(143)) - b282f9e2-3bd4-452e-9c35-1adeacc39134: start FollowerState
2019-10-17 05:57:13,472 [grpc-default-executor-8] INFO  impl.RaftServerImpl (RaftServerImpl.java:setRole(184)) - 3ce2c7b7-3df7-42de-af28-9ba1d65ea84e@group-0D1055093416: changes role from  FOLLOWER to FOLLOWER at term 131 for recognizeCandidate:9f06b4c9-079f-4989-8935-c6be59ddc82e
2019-10-17 05:57:13,472 [Thread-1450] INFO  impl.FollowerState (FollowerState.java:run(117)) - b282f9e2-3bd4-452e-9c35-1adeacc39134@group-0D1055093416-FollowerState was interrupted: java.lang.InterruptedException: sleep interrupted
2019-10-17 05:57:13,472 [grpc-default-executor-8] INFO  impl.RoleInfo (RoleInfo.java:shutdownFollowerState(121)) - 3ce2c7b7-3df7-42de-af28-9ba1d65ea84e: shutdown FollowerState
2019-10-17 05:57:13,472 [grpc-default-executor-8] INFO  impl.RoleInfo (RoleInfo.java:updateAndGet(143)) - 3ce2c7b7-3df7-42de-af28-9ba1d65ea84e: start FollowerState
2019-10-17 05:57:13,472 [Thread-1451] INFO  impl.FollowerState (FollowerState.java:run(117)) - 3ce2c7b7-3df7-42de-af28-9ba1d65ea84e@group-0D1055093416-FollowerState was interrupted: java.lang.InterruptedException: sleep interrupted
2019-10-17 05:57:13,486 [9f06b4c9-079f-4989-8935-c6be59ddc82e@group-0D1055093416-LeaderElection143] INFO  impl.LeaderElection (LeaderElection.java:logAndReturn(56)) - 9f06b4c9-079f-4989-8935-c6be59ddc82e@group-0D1055093416-LeaderElection143: Election REJECTED; received 2 response(s) [9f06b4c9-079f-4989-8935-c6be59ddc82e<-b282f9e2-3bd4-452e-9c35-1adeacc39134#0:FAIL-t131, 9f06b4c9-079f-4989-8935-c6be59ddc82e<-3ce2c7b7-3df7-42de-af28-9ba1d65ea84e#0:FAIL-t131] and 0 exception(s); 9f06b4c9-079f-4989-8935-c6be59ddc82e@group-0D1055093416:t131, leader=null, voted=9f06b4c9-079f-4989-8935-c6be59ddc82e, raftlog=9f06b4c9-079f-4989-8935-c6be59ddc82e@group-0D1055093416-SegmentedRaftLog:OPENED:c-1,f-1,i0, conf=-1: [9f06b4c9-079f-4989-8935-c6be59ddc82e:192.168.69.82:36391, b282f9e2-3bd4-452e-9c35-1adeacc39134:192.168.69.82:42567, 3ce2c7b7-3df7-42de-af28-9ba1d65ea84e:192.168.69.82:35388], old=null
2019-10-17 05:57:13,487 [9f06b4c9-079f-4989-8935-c6be59ddc82e@group-0D1055093416-LeaderElection143] INFO  impl.RaftServerImpl (RaftServerImpl.java:setRole(184)) - 9f06b4c9-079f-4989-8935-c6be59ddc82e@group-0D1055093416: changes role from CANDIDATE to FOLLOWER at term 131 for DISCOVERED_A_NEW_TERM
2019-10-17 05:57:13,487 [9f06b4c9-079f-4989-8935-c6be59ddc82e@group-0D1055093416-LeaderElection143] INFO  impl.RoleInfo (RoleInfo.java:shutdownLeaderElection(134)) - 9f06b4c9-079f-4989-8935-c6be59ddc82e: shutdown LeaderElection
2019-10-17 05:57:13,487 [9f06b4c9-079f-4989-8935-c6be59ddc82e@group-0D1055093416-LeaderElection143] INFO  impl.RoleInfo (RoleInfo.java:updateAndGet(143)) - 9f06b4c9-079f-4989-8935-c6be59ddc82e: start FollowerState
2019-10-17 05:57:13,585 [Thread-1461] INFO  impl.FollowerState (FollowerState.java:run(108)) - 9f06b4c9-079f-4989-8935-c6be59ddc82e@group-0D1055093416-FollowerState: change to CANDIDATE, lastRpcTime:98ms, electionTimeout:98ms
2019-10-17 05:57:13,585 [Thread-1461] INFO  impl.RoleInfo (RoleInfo.java:shutdownFollowerState(121)) - 9f06b4c9-079f-4989-8935-c6be59ddc82e: shutdown FollowerState
2019-10-17 05:57:13,586 [Thread-1461] INFO  impl.RaftServerImpl (RaftServerImpl.java:setRole(184)) - 9f06b4c9-079f-4989-8935-c6be59ddc82e@group-0D1055093416: changes role from  FOLLOWER to CANDIDATE at term 131 for changeToCandidate
2019-10-17 05:57:13,586 [Thread-1461] INFO  impl.RoleInfo (RoleInfo.java:updateAndGet(143)) - 9f06b4c9-079f-4989-8935-c6be59ddc82e: start LeaderElection
2019-10-17 05:57:13,610 [main] INFO  ozoneimpl.OzoneContainer (OzoneContainer.java:stop(227)) - Attempting to stop container services.
2019-10-17 05:57:13,610 [ForkJoinPool.commonPool-worker-0] INFO  ozoneimpl.OzoneContainer (OzoneContainer.java:stop(227)) - Attempting to stop container services.
2019-10-17 05:57:13,612 [main] INFO  impl.RaftServerProxy (RaftServerProxy.java:lambda$close$4(314)) - d4bb136b-e602-4c0a-8f86-2462710659b1: close
2019-10-17 05:57:13,612 [ForkJoinPool.commonPool-worker-0] INFO  impl.RaftServerProxy (RaftServerProxy.java:lambda$close$4(314)) - 596a1247-d4fb-4568-97fb-3ff1ce43250d: close
2019-10-17 05:57:13,614 [main] INFO  impl.RaftServerImpl (RaftServerImpl.java:lambda$shutdown$3(261)) - d4bb136b-e602-4c0a-8f86-2462710659b1@group-7066FE0FC203: shutdown
2019-10-17 05:57:13,614 [ForkJoinPool.commonPool-worker-0] INFO  impl.RaftServerImpl (RaftServerImpl.java:lambda$shutdown$3(261)) - 596a1247-d4fb-4568-97fb-3ff1ce43250d@group-74E9893F5999: shutdown
2019-10-17 05:57:13,614 [main] INFO  util.JmxRegister (JmxRegister.java:unregister(73)) - Successfully un-registered JMX Bean with object name Ratis:service=RaftServer,group=group-7066FE0FC203,id=d4bb136b-e602-4c0a-8f86-2462710659b1
2019-10-17 05:57:13,614 [ForkJoinPool.commonPool-worker-0] INFO  util.JmxRegister (JmxRegister.java:unregister(73)) - Successfully un-registered JMX Bean with object name Ratis:service=RaftServer,group=group-74E9893F5999,id=596a1247-d4fb-4568-97fb-3ff1ce43250d
2019-10-17 05:57:13,615 [main] INFO  impl.RoleInfo (RoleInfo.java:shutdownLeaderState(104)) - d4bb136b-e602-4c0a-8f86-2462710659b1: shutdown LeaderState
2019-10-17 05:57:13,615 [ForkJoinPool.commonPool-worker-0] INFO  impl.RoleInfo (RoleInfo.java:shutdownLeaderState(104)) - 596a1247-d4fb-4568-97fb-3ff1ce43250d: shutdown LeaderState
2019-10-17 05:57:13,621 [org.apache.ratis.server.impl.LogAppender$AppenderDaemon$$Lambda$447/1550530268@e22d3d8] WARN  server.GrpcLogAppender (GrpcLogAppender.java:mayWait(149)) - d4bb136b-e602-4c0a-8f86-2462710659b1@group-7066FE0FC203->0716e483-2373-428e-a917-ee7c73d3521d-GrpcLogAppender: Wait interrupted by java.lang.InterruptedException
2019-10-17 05:57:13,621 [9f06b4c9-079f-4989-8935-c6be59ddc82e@group-0D1055093416-LeaderElection144] INFO  impl.LeaderElection (LeaderElection.java:askForVotes(178)) - 9f06b4c9-079f-4989-8935-c6be59ddc82e@group-0D1055093416-LeaderElection144: begin an election at term 132 for -1: [9f06b4c9-079f-4989-8935-c6be59ddc82e:192.168.69.82:36391, b282f9e2-3bd4-452e-9c35-1adeacc39134:192.168.69.82:42567, 3ce2c7b7-3df7-42de-af28-9ba1d65ea84e:192.168.69.82:35388], old=null
2019-10-17 05:57:13,621 [main] INFO  impl.PendingRequests (PendingRequests.java:sendNotLeaderResponses(202)) - d4bb136b-e602-4c0a-8f86-2462710659b1@group-7066FE0FC203-PendingRequests: sendNotLeaderResponses
2019-10-17 05:57:13,621 [org.apache.ratis.server.impl.LogAppender$AppenderDaemon$$Lambda$447/1550530268@5f78331a] WARN  server.GrpcLogAppender (GrpcLogAppender.java:mayWait(149)) - d4bb136b-e602-4c0a-8f86-2462710659b1@group-7066FE0FC203->194f2ff6-41c6-4f9d-98fd-e63bb60a2475-GrpcLogAppender: Wait interrupted by java.lang.InterruptedException
2019-10-17 05:57:13,627 [grpc-default-executor-8] INFO  server.GrpcServerProtocolService (GrpcServerProtocolService.java:onCompleted(113)) - 0716e483-2373-428e-a917-ee7c73d3521d: Completed APPEND_ENTRIES, lastRequest: d4bb136b-e602-4c0a-8f86-2462710659b1->0716e483-2373-428e-a917-ee7c73d3521d#32-t8, previous=(t:8, i:0), leaderCommit=0, initializing? false, entries: <empty>
2019-10-17 05:57:13,627 [main] INFO  impl.StateMachineUpdater (StateMachineUpdater.java:stopAndJoin(136)) - d4bb136b-e602-4c0a-8f86-2462710659b1@group-7066FE0FC203-StateMachineUpdater: set stopIndex = 0
2019-10-17 05:57:13,626 [org.apache.ratis.server.impl.LogAppender$AppenderDaemon$$Lambda$447/1550530268@32ec2489] WARN  server.GrpcLogAppender (GrpcLogAppender.java:mayWait(149)) - 596a1247-d4fb-4568-97fb-3ff1ce43250d@group-74E9893F5999->b5f12832-4a97-45e3-9503-a5cba48636cf-GrpcLogAppender: Wait interrupted by java.lang.InterruptedException
2019-10-17 05:57:13,626 [org.apache.ratis.server.impl.LogAppender$AppenderDaemon$$Lambda$447/1550530268@757fdf07] WARN  server.GrpcLogAppender (GrpcLogAppender.java:mayWait(149)) - 596a1247-d4fb-4568-97fb-3ff1ce43250d@group-74E9893F5999->8c36b79a-da60-43d4-9d42-baae689ad199-GrpcLogAppender: Wait interrupted by java.lang.InterruptedException
2019-10-17 05:57:13,626 [ForkJoinPool.commonPool-worker-0] INFO  impl.PendingRequests (PendingRequests.java:sendNotLeaderResponses(202)) - 596a1247-d4fb-4568-97fb-3ff1ce43250d@group-74E9893F5999-PendingRequests: sendNotLeaderResponses
2019-10-17 05:57:13,627 [grpc-default-executor-0] INFO  server.GrpcLogAppender (GrpcLogAppender.java:onCompleted(308)) - d4bb136b-e602-4c0a-8f86-2462710659b1@group-7066FE0FC203->0716e483-2373-428e-a917-ee7c73d3521d-AppendLogResponseHandler: follower responses appendEntries COMPLETED
2019-10-17 05:57:13,627 [grpc-default-executor-8] INFO  server.GrpcServerProtocolService (GrpcServerProtocolService.java:onCompleted(113)) - 194f2ff6-41c6-4f9d-98fd-e63bb60a2475: Completed APPEND_ENTRIES, lastRequest: d4bb136b-e602-4c0a-8f86-2462710659b1->194f2ff6-41c6-4f9d-98fd-e63bb60a2475#32-t8, previous=(t:8, i:0), leaderCommit=0, initializing? false, entries: <empty>
2019-10-17 05:57:13,646 [ForkJoinPool.commonPool-worker-0] INFO  impl.StateMachineUpdater (StateMachineUpdater.java:stopAndJoin(136)) - 596a1247-d4fb-4568-97fb-3ff1ce43250d@group-74E9893F5999-StateMachineUpdater: set stopIndex = 18
2019-10-17 05:57:13,648 [596a1247-d4fb-4568-97fb-3ff1ce43250d@group-74E9893F5999-StateMachineUpdater] INFO  ratis.ContainerStateMachine (ContainerStateMachine.java:takeSnapshot(294)) - group-74E9893F5999: Taking a snapshot at:(t:9, i:18) file /workdir/hadoop-ozone/integration-test/target/test-dir/MiniOzoneClusterImpl-292a2ff3-4780-4182-bb48-82c20e0e309d/datanode-2/data/ratis/78e6814e-8f4b-48e6-8bf0-74e9893f5999/sm/snapshot.9_18
2019-10-17 05:57:13,632 [grpc-default-executor-6] INFO  server.GrpcServerProtocolService (GrpcServerProtocolService.java:onCompleted(113)) - 8c36b79a-da60-43d4-9d42-baae689ad199: Completed APPEND_ENTRIES, lastRequest: 596a1247-d4fb-4568-97fb-3ff1ce43250d->8c36b79a-da60-43d4-9d42-baae689ad199#48-t9, previous=(t:9, i:18), leaderCommit=18, initializing? false, entries: <empty>
2019-10-17 05:57:13,628 [main] INFO  impl.RaftServerImpl (ServerState.java:close(388)) - d4bb136b-e602-4c0a-8f86-2462710659b1@group-7066FE0FC203: closes. applyIndex: 0
2019-10-17 05:57:13,628 [grpc-default-executor-1] INFO  impl.RaftServerImpl (RaftServerImpl.java:setRole(184)) - b282f9e2-3bd4-452e-9c35-1adeacc39134@group-0D1055093416: changes role from  FOLLOWER to FOLLOWER at term 132 for recognizeCandidate:9f06b4c9-079f-4989-8935-c6be59ddc82e
2019-10-17 05:57:13,649 [grpc-default-executor-1] INFO  impl.RoleInfo (RoleInfo.java:shutdownFollowerState(121)) - b282f9e2-3bd4-452e-9c35-1adeacc39134: shutdown FollowerState
2019-10-17 05:57:13,628 [grpc-default-executor-5] INFO  server.GrpcServerProtocolService (GrpcServerProtocolService.java:onCompleted(113)) - b5f12832-4a97-45e3-9503-a5cba48636cf: Completed APPEND_ENTRIES, lastRequest: 596a1247-d4fb-4568-97fb-3ff1ce43250d->b5f12832-4a97-45e3-9503-a5cba48636cf#48-t9, previous=(t:9, i:18), leaderCommit=18, initializing? false, entries: <empty>
2019-10-17 05:57:13,649 [Thread-1459] INFO  impl.FollowerState (FollowerState.java:run(117)) - b282f9e2-3bd4-452e-9c35-1adeacc39134@group-0D1055093416-FollowerState was interrupted: java.lang.InterruptedException: sleep interrupted
2019-10-17 05:57:13,649 [grpc-default-executor-1] INFO  impl.RoleInfo (RoleInfo.java:updateAndGet(143)) - b282f9e2-3bd4-452e-9c35-1adeacc39134: start FollowerState
2019-10-17 05:57:13,648 [grpc-default-executor-8] INFO  server.GrpcLogAppender (GrpcLogAppender.java:onCompleted(308)) - d4bb136b-e602-4c0a-8f86-2462710659b1@group-7066FE0FC203->194f2ff6-41c6-4f9d-98fd-e63bb60a2475-AppendLogResponseHandler: follower responses appendEntries COMPLETED
2019-10-17 05:57:13,650 [grpc-default-executor-6] INFO  impl.RaftServerImpl (RaftServerImpl.java:setRole(184)) - 3ce2c7b7-3df7-42de-af28-9ba1d65ea84e@group-0D1055093416: changes role from  FOLLOWER to FOLLOWER at term 132 for recognizeCandidate:9f06b4c9-079f-4989-8935-c6be59ddc82e
2019-10-17 05:57:13,650 [grpc-default-executor-6] INFO  impl.RoleInfo (RoleInfo.java:shutdownFollowerState(121)) - 3ce2c7b7-3df7-42de-af28-9ba1d65ea84e: shutdown FollowerState
2019-10-17 05:57:13,650 [grpc-default-executor-5] INFO  server.GrpcLogAppender (GrpcLogAppender.java:onCompleted(308)) - 596a1247-d4fb-4568-97fb-3ff1ce43250d@group-74E9893F5999->8c36b79a-da60-43d4-9d42-baae689ad199-AppendLogResponseHandler: follower responses appendEntries COMPLETED
2019-10-17 05:57:13,650 [grpc-default-executor-0] INFO  impl.FollowerInfo (FollowerInfo.java:lambda$new$0(51)) - d4bb136b-e602-4c0a-8f86-2462710659b1@group-7066FE0FC203->0716e483-2373-428e-a917-ee7c73d3521d: nextIndex: updateUnconditionally 1 -> 0
2019-10-17 05:57:13,651 [d4bb136b-e602-4c0a-8f86-2462710659b1@group-7066FE0FC203-SegmentedRaftLogWorker] INFO  segmented.SegmentedRaftLogWorker (SegmentedRaftLogWorker.java:run(316)) - d4bb136b-e602-4c0a-8f86-2462710659b1@group-7066FE0FC203-SegmentedRaftLogWorker was interrupted, exiting. There are 0 tasks remaining in the queue.
2019-10-17 05:57:13,650 [grpc-default-executor-7] INFO  server.GrpcLogAppender (GrpcLogAppender.java:onCompleted(308)) - 596a1247-d4fb-4568-97fb-3ff1ce43250d@group-74E9893F5999->b5f12832-4a97-45e3-9503-a5cba48636cf-AppendLogResponseHandler: follower responses appendEntries COMPLETED
2019-10-17 05:57:13,650 [grpc-default-executor-8] INFO  impl.FollowerInfo (FollowerInfo.java:lambda$new$0(51)) - d4bb136b-e602-4c0a-8f86-2462710659b1@group-7066FE0FC203->194f2ff6-41c6-4f9d-98fd-e63bb60a2475: nextIndex: updateUnconditionally 1 -> 0
2019-10-17 05:57:13,650 [grpc-default-executor-6] INFO  impl.RoleInfo (RoleInfo.java:updateAndGet(143)) - 3ce2c7b7-3df7-42de-af28-9ba1d65ea84e: start FollowerState
2019-10-17 05:57:13,650 [Thread-1460] INFO  impl.FollowerState (FollowerState.java:run(117)) - 3ce2c7b7-3df7-42de-af28-9ba1d65ea84e@group-0D1055093416-FollowerState was interrupted: java.lang.InterruptedException: sleep interrupted
2019-10-17 05:57:13,653 [main] INFO  segmented.SegmentedRaftLogWorker (SegmentedRaftLogWorker.java:close(224)) - d4bb136b-e602-4c0a-8f86-2462710659b1@group-7066FE0FC203-SegmentedRaftLogWorker close()
2019-10-17 05:57:13,651 [grpc-default-executor-5] INFO  impl.FollowerInfo (FollowerInfo.java:lambda$new$0(51)) - 596a1247-d4fb-4568-97fb-3ff1ce43250d@group-74E9893F5999->8c36b79a-da60-43d4-9d42-baae689ad199: nextIndex: updateUnconditionally 19 -> 18
2019-10-17 05:57:13,658 [main] INFO  impl.RaftServerImpl (RaftServerImpl.java:lambda$shutdown$3(261)) - d4bb136b-e602-4c0a-8f86-2462710659b1@group-22EF5332602B: shutdown
2019-10-17 05:57:13,653 [grpc-default-executor-7] INFO  impl.FollowerInfo (FollowerInfo.java:lambda$new$0(51)) - 596a1247-d4fb-4568-97fb-3ff1ce43250d@group-74E9893F5999->b5f12832-4a97-45e3-9503-a5cba48636cf: nextIndex: updateUnconditionally 19 -> 18
2019-10-17 05:57:13,658 [main] INFO  util.JmxRegister (JmxRegister.java:unregister(73)) - Successfully un-registered JMX Bean with object name Ratis:service=RaftServer,group=group-22EF5332602B,id=d4bb136b-e602-4c0a-8f86-2462710659b1
2019-10-17 05:57:13,659 [main] INFO  impl.RoleInfo (RoleInfo.java:shutdownLeaderState(104)) - d4bb136b-e602-4c0a-8f86-2462710659b1: shutdown LeaderState
2019-10-17 05:57:13,659 [main] INFO  impl.PendingRequests (PendingRequests.java:sendNotLeaderResponses(202)) - d4bb136b-e602-4c0a-8f86-2462710659b1@group-22EF5332602B-PendingRequests: sendNotLeaderResponses
2019-10-17 05:57:13,660 [main] INFO  impl.StateMachineUpdater (StateMachineUpdater.java:stopAndJoin(136)) - d4bb136b-e602-4c0a-8f86-2462710659b1@group-22EF5332602B-StateMachineUpdater: set stopIndex = 0
2019-10-17 05:57:13,660 [main] INFO  impl.RaftServerImpl (ServerState.java:close(388)) - d4bb136b-e602-4c0a-8f86-2462710659b1@group-22EF5332602B: closes. applyIndex: 0
2019-10-17 05:57:13,660 [d4bb136b-e602-4c0a-8f86-2462710659b1@group-22EF5332602B-SegmentedRaftLogWorker] INFO  segmented.SegmentedRaftLogWorker (SegmentedRaftLogWorker.java:run(316)) - d4bb136b-e602-4c0a-8f86-2462710659b1@group-22EF5332602B-SegmentedRaftLogWorker was interrupted, exiting. There are 0 tasks remaining in the queue.
2019-10-17 05:57:13,664 [main] INFO  segmented.SegmentedRaftLogWorker (SegmentedRaftLogWorker.java:close(224)) - d4bb136b-e602-4c0a-8f86-2462710659b1@group-22EF5332602B-SegmentedRaftLogWorker close()
2019-10-17 05:57:13,668 [main] INFO  server.GrpcService (GrpcService.java:closeImpl(164)) - d4bb136b-e602-4c0a-8f86-2462710659b1: shutdown server with port 42071 now
2019-10-17 05:57:13,671 [main] INFO  server.GrpcService (GrpcService.java:closeImpl(172)) - d4bb136b-e602-4c0a-8f86-2462710659b1: shutdown server with port 42071 successfully
2019-10-17 05:57:13,674 [refreshUsed-/workdir/hadoop-ozone/integration-test/target/test-dir/MiniOzoneClusterImpl-292a2ff3-4780-4182-bb48-82c20e0e309d/datanode-5/data/containers] WARN  fs.CachingGetSpaceUsed (CachingGetSpaceUsed.java:run(183)) - Thread Interrupted waiting to refresh disk information: sleep interrupted
2019-10-17 05:57:13,676 [9f06b4c9-079f-4989-8935-c6be59ddc82e@group-0D1055093416-LeaderElection144] INFO  impl.LeaderElection (LeaderElection.java:logAndReturn(56)) - 9f06b4c9-079f-4989-8935-c6be59ddc82e@group-0D1055093416-LeaderElection144: Election REJECTED; received 2 response(s) [9f06b4c9-079f-4989-8935-c6be59ddc82e<-b282f9e2-3bd4-452e-9c35-1adeacc39134#0:FAIL-t132, 9f06b4c9-079f-4989-8935-c6be59ddc82e<-3ce2c7b7-3df7-42de-af28-9ba1d65ea84e#0:FAIL-t132] and 0 exception(s); 9f06b4c9-079f-4989-8935-c6be59ddc82e@group-0D1055093416:t132, leader=null, voted=9f06b4c9-079f-4989-8935-c6be59ddc82e, raftlog=9f06b4c9-079f-4989-8935-c6be59ddc82e@group-0D1055093416-SegmentedRaftLog:OPENED:c-1,f-1,i0, conf=-1: [9f06b4c9-079f-4989-8935-c6be59ddc82e:192.168.69.82:36391, b282f9e2-3bd4-452e-9c35-1adeacc39134:192.168.69.82:42567, 3ce2c7b7-3df7-42de-af28-9ba1d65ea84e:192.168.69.82:35388], old=null
2019-10-17 05:57:13,676 [9f06b4c9-079f-4989-8935-c6be59ddc82e@group-0D1055093416-LeaderElection144] INFO  impl.RaftServerImpl (RaftServerImpl.java:setRole(184)) - 9f06b4c9-079f-4989-8935-c6be59ddc82e@group-0D1055093416: changes role from CANDIDATE to FOLLOWER at term 132 for DISCOVERED_A_NEW_TERM
2019-10-17 05:57:13,677 [9f06b4c9-079f-4989-8935-c6be59ddc82e@group-0D1055093416-LeaderElection144] INFO  impl.RoleInfo (RoleInfo.java:shutdownLeaderElection(134)) - 9f06b4c9-079f-4989-8935-c6be59ddc82e: shutdown LeaderElection
2019-10-17 05:57:13,677 [9f06b4c9-079f-4989-8935-c6be59ddc82e@group-0D1055093416-LeaderElection144] INFO  impl.RoleInfo (RoleInfo.java:updateAndGet(143)) - 9f06b4c9-079f-4989-8935-c6be59ddc82e: start FollowerState
2019-10-17 05:57:13,696 [main] INFO  utils.BackgroundService (BackgroundService.java:shutdown(151)) - Shutting down service BlockDeletingService
2019-10-17 05:57:13,696 [596a1247-d4fb-4568-97fb-3ff1ce43250d@group-74E9893F5999-StateMachineUpdater] INFO  ratis.ContainerStateMachine (ContainerStateMachine.java:takeSnapshot(305)) - group-74E9893F5999: Finished taking a snapshot at:(t:9, i:18) file:/workdir/hadoop-ozone/integration-test/target/test-dir/MiniOzoneClusterImpl-292a2ff3-4780-4182-bb48-82c20e0e309d/datanode-2/data/ratis/78e6814e-8f4b-48e6-8bf0-74e9893f5999/sm/snapshot.9_18 time:49
2019-10-17 05:57:13,701 [main] INFO  statemachine.DatanodeStateMachine (DatanodeStateMachine.java:stopDaemon(395)) - Ozone container server stopped.
2019-10-17 05:57:13,705 [596a1247-d4fb-4568-97fb-3ff1ce43250d@group-74E9893F5999-StateMachineUpdater] INFO  impl.StateMachineUpdater (StateMachineUpdater.java:takeSnapshot(269)) - 596a1247-d4fb-4568-97fb-3ff1ce43250d@group-74E9893F5999-StateMachineUpdater: Took a snapshot at index 18
2019-10-17 05:57:13,705 [596a1247-d4fb-4568-97fb-3ff1ce43250d@group-74E9893F5999-StateMachineUpdater] INFO  impl.StateMachineUpdater (StateMachineUpdater.java:lambda$new$0(84)) - 596a1247-d4fb-4568-97fb-3ff1ce43250d@group-74E9893F5999-StateMachineUpdater: snapshotIndex: updateIncreasingly -1 -> 18
2019-10-17 05:57:13,705 [main] INFO  handler.ContextHandler (ContextHandler.java:doStop(910)) - Stopped o.e.j.w.WebAppContext@715b886f{/,null,UNAVAILABLE}{/hddsDatanode}
2019-10-17 05:57:13,706 [main] INFO  server.AbstractConnector (AbstractConnector.java:doStop(318)) - Stopped ServerConnector@7fb29ca9{HTTP/1.1,[http/1.1]}{0.0.0.0:0}
2019-10-17 05:57:13,706 [main] INFO  handler.ContextHandler (ContextHandler.java:doStop(910)) - Stopped o.e.j.s.ServletContextHandler@4c1bdcc2{/static,jar:file:/home/user/.m2/repository/org/apache/hadoop/hadoop-hdds-container-service/0.5.0-SNAPSHOT/hadoop-hdds-container-service-0.5.0-SNAPSHOT.jar!/webapps/static,UNAVAILABLE}
2019-10-17 05:57:13,707 [main] INFO  handler.ContextHandler (ContextHandler.java:doStop(910)) - Stopped o.e.j.s.ServletContextHandler@1305c126{/logs,file:///workdir/hadoop-ozone/integration-test/target/log,UNAVAILABLE}
2019-10-17 05:57:13,710 [ForkJoinPool.commonPool-worker-0] INFO  impl.RaftServerImpl (ServerState.java:close(388)) - 596a1247-d4fb-4568-97fb-3ff1ce43250d@group-74E9893F5999: closes. applyIndex: 18
2019-10-17 05:57:13,711 [596a1247-d4fb-4568-97fb-3ff1ce43250d@group-74E9893F5999-SegmentedRaftLogWorker] INFO  segmented.SegmentedRaftLogWorker (SegmentedRaftLogWorker.java:run(316)) - 596a1247-d4fb-4568-97fb-3ff1ce43250d@group-74E9893F5999-SegmentedRaftLogWorker was interrupted, exiting. There are 0 tasks remaining in the queue.
2019-10-17 05:57:13,712 [ForkJoinPool.commonPool-worker-0] INFO  segmented.SegmentedRaftLogWorker (SegmentedRaftLogWorker.java:close(224)) - 596a1247-d4fb-4568-97fb-3ff1ce43250d@group-74E9893F5999-SegmentedRaftLogWorker close()
2019-10-17 05:57:13,714 [ForkJoinPool.commonPool-worker-0] INFO  impl.RaftServerImpl (RaftServerImpl.java:lambda$shutdown$3(261)) - 596a1247-d4fb-4568-97fb-3ff1ce43250d@group-221612B82C11: shutdown
2019-10-17 05:57:13,714 [ForkJoinPool.commonPool-worker-0] INFO  util.JmxRegister (JmxRegister.java:unregister(73)) - Successfully un-registered JMX Bean with object name Ratis:service=RaftServer,group=group-221612B82C11,id=596a1247-d4fb-4568-97fb-3ff1ce43250d
2019-10-17 05:57:13,715 [ForkJoinPool.commonPool-worker-0] INFO  impl.RoleInfo (RoleInfo.java:shutdownLeaderState(104)) - 596a1247-d4fb-4568-97fb-3ff1ce43250d: shutdown LeaderState
2019-10-17 05:57:13,715 [ForkJoinPool.commonPool-worker-0] INFO  impl.PendingRequests (PendingRequests.java:sendNotLeaderResponses(202)) - 596a1247-d4fb-4568-97fb-3ff1ce43250d@group-221612B82C11-PendingRequests: sendNotLeaderResponses
2019-10-17 05:57:13,715 [ForkJoinPool.commonPool-worker-0] INFO  impl.StateMachineUpdater (StateMachineUpdater.java:stopAndJoin(136)) - 596a1247-d4fb-4568-97fb-3ff1ce43250d@group-221612B82C11-StateMachineUpdater: set stopIndex = 0
2019-10-17 05:57:13,715 [ForkJoinPool.commonPool-worker-0] INFO  impl.RaftServerImpl (ServerState.java:close(388)) - 596a1247-d4fb-4568-97fb-3ff1ce43250d@group-221612B82C11: closes. applyIndex: 0
2019-10-17 05:57:13,716 [596a1247-d4fb-4568-97fb-3ff1ce43250d@group-221612B82C11-SegmentedRaftLogWorker] INFO  segmented.SegmentedRaftLogWorker (SegmentedRaftLogWorker.java:run(316)) - 596a1247-d4fb-4568-97fb-3ff1ce43250d@group-221612B82C11-SegmentedRaftLogWorker was interrupted, exiting. There are 0 tasks remaining in the queue.
2019-10-17 05:57:13,717 [ForkJoinPool.commonPool-worker-0] INFO  segmented.SegmentedRaftLogWorker (SegmentedRaftLogWorker.java:close(224)) - 596a1247-d4fb-4568-97fb-3ff1ce43250d@group-221612B82C11-SegmentedRaftLogWorker close()
2019-10-17 05:57:13,719 [ForkJoinPool.commonPool-worker-0] INFO  server.GrpcService (GrpcService.java:closeImpl(164)) - 596a1247-d4fb-4568-97fb-3ff1ce43250d: shutdown server with port 37061 now
2019-10-17 05:57:13,723 [grpc-default-executor-1] WARN  client.GrpcClientProtocolService (LogUtils.java:warn(134)) - 1-UnorderedRequestStreamObserver1: onError: org.apache.ratis.thirdparty.io.grpc.StatusRuntimeException: CANCELLED: cancelled before receiving half close
2019-10-17 05:57:13,723 [ForkJoinPool.commonPool-worker-0] INFO  server.GrpcService (GrpcService.java:closeImpl(172)) - 596a1247-d4fb-4568-97fb-3ff1ce43250d: shutdown server with port 37061 successfully
2019-10-17 05:57:13,726 [refreshUsed-/workdir/hadoop-ozone/integration-test/target/test-dir/MiniOzoneClusterImpl-292a2ff3-4780-4182-bb48-82c20e0e309d/datanode-2/data/containers] WARN  fs.CachingGetSpaceUsed (CachingGetSpaceUsed.java:run(183)) - Thread Interrupted waiting to refresh disk information: sleep interrupted
2019-10-17 05:57:13,745 [ForkJoinPool.commonPool-worker-0] INFO  utils.BackgroundService (BackgroundService.java:shutdown(151)) - Shutting down service BlockDeletingService
2019-10-17 05:57:13,748 [ForkJoinPool.commonPool-worker-0] INFO  statemachine.DatanodeStateMachine (DatanodeStateMachine.java:stopDaemon(395)) - Ozone container server stopped.
2019-10-17 05:57:13,752 [ForkJoinPool.commonPool-worker-0] INFO  handler.ContextHandler (ContextHandler.java:doStop(910)) - Stopped o.e.j.w.WebAppContext@4c6007fb{/,null,UNAVAILABLE}{/hddsDatanode}
2019-10-17 05:57:13,753 [ForkJoinPool.commonPool-worker-0] INFO  server.AbstractConnector (AbstractConnector.java:doStop(318)) - Stopped ServerConnector@3e33d73e{HTTP/1.1,[http/1.1]}{0.0.0.0:0}
2019-10-17 05:57:13,754 [ForkJoinPool.commonPool-worker-0] INFO  handler.ContextHandler (ContextHandler.java:doStop(910)) - Stopped o.e.j.s.ServletContextHandler@26f46fa6{/static,jar:file:/home/user/.m2/repository/org/apache/hadoop/hadoop-hdds-container-service/0.5.0-SNAPSHOT/hadoop-hdds-container-service-0.5.0-SNAPSHOT.jar!/webapps/static,UNAVAILABLE}
2019-10-17 05:57:13,756 [ForkJoinPool.commonPool-worker-0] INFO  handler.ContextHandler (ContextHandler.java:doStop(910)) - Stopped o.e.j.s.ServletContextHandler@d109c4f{/logs,file:///workdir/hadoop-ozone/integration-test/target/log,UNAVAILABLE}
2019-10-17 05:57:13,770 [Thread-1467] INFO  impl.FollowerState (FollowerState.java:run(108)) - 9f06b4c9-079f-4989-8935-c6be59ddc82e@group-0D1055093416-FollowerState: change to CANDIDATE, lastRpcTime:93ms, electionTimeout:92ms
2019-10-17 05:57:13,771 [Thread-1467] INFO  impl.RoleInfo (RoleInfo.java:shutdownFollowerState(121)) - 9f06b4c9-079f-4989-8935-c6be59ddc82e: shutdown FollowerState
2019-10-17 05:57:13,771 [Thread-1467] INFO  impl.RaftServerImpl (RaftServerImpl.java:setRole(184)) - 9f06b4c9-079f-4989-8935-c6be59ddc82e@group-0D1055093416: changes role from  FOLLOWER to CANDIDATE at term 132 for changeToCandidate
2019-10-17 05:57:13,771 [Thread-1467] INFO  impl.RoleInfo (RoleInfo.java:updateAndGet(143)) - 9f06b4c9-079f-4989-8935-c6be59ddc82e: start LeaderElection
2019-10-17 05:57:13,784 [9f06b4c9-079f-4989-8935-c6be59ddc82e@group-0D1055093416-LeaderElection145] INFO  impl.LeaderElection (LeaderElection.java:askForVotes(178)) - 9f06b4c9-079f-4989-8935-c6be59ddc82e@group-0D1055093416-LeaderElection145: begin an election at term 133 for -1: [9f06b4c9-079f-4989-8935-c6be59ddc82e:192.168.69.82:36391, b282f9e2-3bd4-452e-9c35-1adeacc39134:192.168.69.82:42567, 3ce2c7b7-3df7-42de-af28-9ba1d65ea84e:192.168.69.82:35388], old=null
2019-10-17 05:57:13,786 [grpc-default-executor-1] INFO  impl.RaftServerImpl (RaftServerImpl.java:setRole(184)) - 3ce2c7b7-3df7-42de-af28-9ba1d65ea84e@group-0D1055093416: changes role from  FOLLOWER to FOLLOWER at term 133 for recognizeCandidate:9f06b4c9-079f-4989-8935-c6be59ddc82e
2019-10-17 05:57:13,786 [grpc-default-executor-1] INFO  impl.RoleInfo (RoleInfo.java:shutdownFollowerState(121)) - 3ce2c7b7-3df7-42de-af28-9ba1d65ea84e: shutdown FollowerState
2019-10-17 05:57:13,787 [grpc-default-executor-1] INFO  impl.RoleInfo (RoleInfo.java:updateAndGet(143)) - 3ce2c7b7-3df7-42de-af28-9ba1d65ea84e: start FollowerState
2019-10-17 05:57:13,787 [Thread-1466] INFO  impl.FollowerState (FollowerState.java:run(117)) - 3ce2c7b7-3df7-42de-af28-9ba1d65ea84e@group-0D1055093416-FollowerState was interrupted: java.lang.InterruptedException: sleep interrupted
2019-10-17 05:57:13,787 [grpc-default-executor-6] INFO  impl.RaftServerImpl (RaftServerImpl.java:setRole(184)) - b282f9e2-3bd4-452e-9c35-1adeacc39134@group-0D1055093416: changes role from  FOLLOWER to FOLLOWER at term 133 for recognizeCandidate:9f06b4c9-079f-4989-8935-c6be59ddc82e
2019-10-17 05:57:13,787 [grpc-default-executor-6] INFO  impl.RoleInfo (RoleInfo.java:shutdownFollowerState(121)) - b282f9e2-3bd4-452e-9c35-1adeacc39134: shutdown FollowerState
2019-10-17 05:57:13,787 [grpc-default-executor-6] INFO  impl.RoleInfo (RoleInfo.java:updateAndGet(143)) - b282f9e2-3bd4-452e-9c35-1adeacc39134: start FollowerState
2019-10-17 05:57:13,787 [Thread-1465] INFO  impl.FollowerState (FollowerState.java:run(117)) - b282f9e2-3bd4-452e-9c35-1adeacc39134@group-0D1055093416-FollowerState was interrupted: java.lang.InterruptedException: sleep interrupted
2019-10-17 05:57:13,801 [9f06b4c9-079f-4989-8935-c6be59ddc82e@group-0D1055093416-LeaderElection145] INFO  impl.LeaderElection (LeaderElection.java:logAndReturn(56)) - 9f06b4c9-079f-4989-8935-c6be59ddc82e@group-0D1055093416-LeaderElection145: Election REJECTED; received 2 response(s) [9f06b4c9-079f-4989-8935-c6be59ddc82e<-b282f9e2-3bd4-452e-9c35-1adeacc39134#0:FAIL-t133, 9f06b4c9-079f-4989-8935-c6be59ddc82e<-3ce2c7b7-3df7-42de-af28-9ba1d65ea84e#0:FAIL-t133] and 0 exception(s); 9f06b4c9-079f-4989-8935-c6be59ddc82e@group-0D1055093416:t133, leader=null, voted=9f06b4c9-079f-4989-8935-c6be59ddc82e, raftlog=9f06b4c9-079f-4989-8935-c6be59ddc82e@group-0D1055093416-SegmentedRaftLog:OPENED:c-1,f-1,i0, conf=-1: [9f06b4c9-079f-4989-8935-c6be59ddc82e:192.168.69.82:36391, b282f9e2-3bd4-452e-9c35-1adeacc39134:192.168.69.82:42567, 3ce2c7b7-3df7-42de-af28-9ba1d65ea84e:192.168.69.82:35388], old=null
2019-10-17 05:57:13,801 [9f06b4c9-079f-4989-8935-c6be59ddc82e@group-0D1055093416-LeaderElection145] INFO  impl.RaftServerImpl (RaftServerImpl.java:setRole(184)) - 9f06b4c9-079f-4989-8935-c6be59ddc82e@group-0D1055093416: changes role from CANDIDATE to FOLLOWER at term 133 for DISCOVERED_A_NEW_TERM
2019-10-17 05:57:13,802 [9f06b4c9-079f-4989-8935-c6be59ddc82e@group-0D1055093416-LeaderElection145] INFO  impl.RoleInfo (RoleInfo.java:shutdownLeaderElection(134)) - 9f06b4c9-079f-4989-8935-c6be59ddc82e: shutdown LeaderElection
2019-10-17 05:57:13,802 [9f06b4c9-079f-4989-8935-c6be59ddc82e@group-0D1055093416-LeaderElection145] INFO  impl.RoleInfo (RoleInfo.java:updateAndGet(143)) - 9f06b4c9-079f-4989-8935-c6be59ddc82e: start FollowerState
2019-10-17 05:57:13,866 [Datanode State Machine Thread - 0] INFO  statemachine.DatanodeStateMachine (DatanodeStateMachine.java:lambda$startDaemon$0(350)) - Ozone container server started.
2019-10-17 05:57:13,878 [Thread-1473] INFO  impl.FollowerState (FollowerState.java:run(108)) - 9f06b4c9-079f-4989-8935-c6be59ddc82e@group-0D1055093416-FollowerState: change to CANDIDATE, lastRpcTime:76ms, electionTimeout:76ms
2019-10-17 05:57:13,878 [Thread-1473] INFO  impl.RoleInfo (RoleInfo.java:shutdownFollowerState(121)) - 9f06b4c9-079f-4989-8935-c6be59ddc82e: shutdown FollowerState
2019-10-17 05:57:13,878 [Thread-1473] INFO  impl.RaftServerImpl (RaftServerImpl.java:setRole(184)) - 9f06b4c9-079f-4989-8935-c6be59ddc82e@group-0D1055093416: changes role from  FOLLOWER to CANDIDATE at term 133 for changeToCandidate
2019-10-17 05:57:13,878 [Thread-1473] INFO  impl.RoleInfo (RoleInfo.java:updateAndGet(143)) - 9f06b4c9-079f-4989-8935-c6be59ddc82e: start LeaderElection
2019-10-17 05:57:13,908 [9f06b4c9-079f-4989-8935-c6be59ddc82e@group-0D1055093416-LeaderElection146] INFO  impl.LeaderElection (LeaderElection.java:askForVotes(178)) - 9f06b4c9-079f-4989-8935-c6be59ddc82e@group-0D1055093416-LeaderElection146: begin an election at term 134 for -1: [9f06b4c9-079f-4989-8935-c6be59ddc82e:192.168.69.82:36391, b282f9e2-3bd4-452e-9c35-1adeacc39134:192.168.69.82:42567, 3ce2c7b7-3df7-42de-af28-9ba1d65ea84e:192.168.69.82:35388], old=null
2019-10-17 05:57:13,910 [grpc-default-executor-6] INFO  impl.RaftServerImpl (RaftServerImpl.java:setRole(184)) - b282f9e2-3bd4-452e-9c35-1adeacc39134@group-0D1055093416: changes role from  FOLLOWER to FOLLOWER at term 134 for recognizeCandidate:9f06b4c9-079f-4989-8935-c6be59ddc82e
2019-10-17 05:57:13,910 [grpc-default-executor-6] INFO  impl.RoleInfo (RoleInfo.java:shutdownFollowerState(121)) - b282f9e2-3bd4-452e-9c35-1adeacc39134: shutdown FollowerState
2019-10-17 05:57:13,910 [grpc-default-executor-1] INFO  impl.RaftServerImpl (RaftServerImpl.java:setRole(184)) - 3ce2c7b7-3df7-42de-af28-9ba1d65ea84e@group-0D1055093416: changes role from  FOLLOWER to FOLLOWER at term 134 for recognizeCandidate:9f06b4c9-079f-4989-8935-c6be59ddc82e
2019-10-17 05:57:13,910 [grpc-default-executor-6] INFO  impl.RoleInfo (RoleInfo.java:updateAndGet(143)) - b282f9e2-3bd4-452e-9c35-1adeacc39134: start FollowerState
2019-10-17 05:57:13,910 [Thread-1472] INFO  impl.FollowerState (FollowerState.java:run(117)) - b282f9e2-3bd4-452e-9c35-1adeacc39134@group-0D1055093416-FollowerState was interrupted: java.lang.InterruptedException: sleep interrupted
2019-10-17 05:57:13,910 [grpc-default-executor-1] INFO  impl.RoleInfo (RoleInfo.java:shutdownFollowerState(121)) - 3ce2c7b7-3df7-42de-af28-9ba1d65ea84e: shutdown FollowerState
2019-10-17 05:57:13,911 [Thread-1471] INFO  impl.FollowerState (FollowerState.java:run(117)) - 3ce2c7b7-3df7-42de-af28-9ba1d65ea84e@group-0D1055093416-FollowerState was interrupted: java.lang.InterruptedException: sleep interrupted
2019-10-17 05:57:13,911 [grpc-default-executor-1] INFO  impl.RoleInfo (RoleInfo.java:updateAndGet(143)) - 3ce2c7b7-3df7-42de-af28-9ba1d65ea84e: start FollowerState
2019-10-17 05:57:13,925 [9f06b4c9-079f-4989-8935-c6be59ddc82e@group-0D1055093416-LeaderElection146] INFO  impl.LeaderElection (LeaderElection.java:logAndReturn(56)) - 9f06b4c9-079f-4989-8935-c6be59ddc82e@group-0D1055093416-LeaderElection146: Election REJECTED; received 2 response(s) [9f06b4c9-079f-4989-8935-c6be59ddc82e<-b282f9e2-3bd4-452e-9c35-1adeacc39134#0:FAIL-t134, 9f06b4c9-079f-4989-8935-c6be59ddc82e<-3ce2c7b7-3df7-42de-af28-9ba1d65ea84e#0:FAIL-t134] and 0 exception(s); 9f06b4c9-079f-4989-8935-c6be59ddc82e@group-0D1055093416:t134, leader=null, voted=9f06b4c9-079f-4989-8935-c6be59ddc82e, raftlog=9f06b4c9-079f-4989-8935-c6be59ddc82e@group-0D1055093416-SegmentedRaftLog:OPENED:c-1,f-1,i0, conf=-1: [9f06b4c9-079f-4989-8935-c6be59ddc82e:192.168.69.82:36391, b282f9e2-3bd4-452e-9c35-1adeacc39134:192.168.69.82:42567, 3ce2c7b7-3df7-42de-af28-9ba1d65ea84e:192.168.69.82:35388], old=null
2019-10-17 05:57:13,925 [9f06b4c9-079f-4989-8935-c6be59ddc82e@group-0D1055093416-LeaderElection146] INFO  impl.RaftServerImpl (RaftServerImpl.java:setRole(184)) - 9f06b4c9-079f-4989-8935-c6be59ddc82e@group-0D1055093416: changes role from CANDIDATE to FOLLOWER at term 134 for DISCOVERED_A_NEW_TERM
2019-10-17 05:57:13,925 [9f06b4c9-079f-4989-8935-c6be59ddc82e@group-0D1055093416-LeaderElection146] INFO  impl.RoleInfo (RoleInfo.java:shutdownLeaderElection(134)) - 9f06b4c9-079f-4989-8935-c6be59ddc82e: shutdown LeaderElection
2019-10-17 05:57:13,926 [9f06b4c9-079f-4989-8935-c6be59ddc82e@group-0D1055093416-LeaderElection146] INFO  impl.RoleInfo (RoleInfo.java:updateAndGet(143)) - 9f06b4c9-079f-4989-8935-c6be59ddc82e: start FollowerState
2019-10-17 05:57:13,961 [Thread-1479] INFO  impl.FollowerState (FollowerState.java:run(108)) - 9f06b4c9-079f-4989-8935-c6be59ddc82e@group-0D1055093416-FollowerState: change to CANDIDATE, lastRpcTime:35ms, electionTimeout:35ms
2019-10-17 05:57:13,961 [Thread-1479] INFO  impl.RoleInfo (RoleInfo.java:shutdownFollowerState(121)) - 9f06b4c9-079f-4989-8935-c6be59ddc82e: shutdown FollowerState
2019-10-17 05:57:13,961 [Thread-1479] INFO  impl.RaftServerImpl (RaftServerImpl.java:setRole(184)) - 9f06b4c9-079f-4989-8935-c6be59ddc82e@group-0D1055093416: changes role from  FOLLOWER to CANDIDATE at term 134 for changeToCandidate
2019-10-17 05:57:13,961 [Thread-1479] INFO  impl.RoleInfo (RoleInfo.java:updateAndGet(143)) - 9f06b4c9-079f-4989-8935-c6be59ddc82e: start LeaderElection
2019-10-17 05:57:13,983 [9f06b4c9-079f-4989-8935-c6be59ddc82e@group-0D1055093416-LeaderElection147] INFO  impl.LeaderElection (LeaderElection.java:askForVotes(178)) - 9f06b4c9-079f-4989-8935-c6be59ddc82e@group-0D1055093416-LeaderElection147: begin an election at term 135 for -1: [9f06b4c9-079f-4989-8935-c6be59ddc82e:192.168.69.82:36391, b282f9e2-3bd4-452e-9c35-1adeacc39134:192.168.69.82:42567, 3ce2c7b7-3df7-42de-af28-9ba1d65ea84e:192.168.69.82:35388], old=null
2019-10-17 05:57:13,985 [grpc-default-executor-1] INFO  impl.RaftServerImpl (RaftServerImpl.java:setRole(184)) - 3ce2c7b7-3df7-42de-af28-9ba1d65ea84e@group-0D1055093416: changes role from  FOLLOWER to FOLLOWER at term 135 for recognizeCandidate:9f06b4c9-079f-4989-8935-c6be59ddc82e
2019-10-17 05:57:13,985 [grpc-default-executor-6] INFO  impl.RaftServerImpl (RaftServerImpl.java:setRole(184)) - b282f9e2-3bd4-452e-9c35-1adeacc39134@group-0D1055093416: changes role from  FOLLOWER to FOLLOWER at term 135 for recognizeCandidate:9f06b4c9-079f-4989-8935-c6be59ddc82e
2019-10-17 05:57:13,986 [grpc-default-executor-6] INFO  impl.RoleInfo (RoleInfo.java:shutdownFollowerState(121)) - b282f9e2-3bd4-452e-9c35-1adeacc39134: shutdown FollowerState
2019-10-17 05:57:13,986 [grpc-default-executor-1] INFO  impl.RoleInfo (RoleInfo.java:shutdownFollowerState(121)) - 3ce2c7b7-3df7-42de-af28-9ba1d65ea84e: shutdown FollowerState
2019-10-17 05:57:13,986 [Thread-1477] INFO  impl.FollowerState (FollowerState.java:run(117)) - b282f9e2-3bd4-452e-9c35-1adeacc39134@group-0D1055093416-FollowerState was interrupted: java.lang.InterruptedException: sleep interrupted
2019-10-17 05:57:13,986 [grpc-default-executor-6] INFO  impl.RoleInfo (RoleInfo.java:updateAndGet(143)) - b282f9e2-3bd4-452e-9c35-1adeacc39134: start FollowerState
2019-10-17 05:57:13,986 [Thread-1478] INFO  impl.FollowerState (FollowerState.java:run(117)) - 3ce2c7b7-3df7-42de-af28-9ba1d65ea84e@group-0D1055093416-FollowerState was interrupted: java.lang.InterruptedException: sleep interrupted
2019-10-17 05:57:13,986 [grpc-default-executor-1] INFO  impl.RoleInfo (RoleInfo.java:updateAndGet(143)) - 3ce2c7b7-3df7-42de-af28-9ba1d65ea84e: start FollowerState
2019-10-17 05:57:14,001 [9f06b4c9-079f-4989-8935-c6be59ddc82e@group-0D1055093416-LeaderElection147] INFO  impl.LeaderElection (LeaderElection.java:logAndReturn(56)) - 9f06b4c9-079f-4989-8935-c6be59ddc82e@group-0D1055093416-LeaderElection147: Election REJECTED; received 2 response(s) [9f06b4c9-079f-4989-8935-c6be59ddc82e<-b282f9e2-3bd4-452e-9c35-1adeacc39134#0:FAIL-t135, 9f06b4c9-079f-4989-8935-c6be59ddc82e<-3ce2c7b7-3df7-42de-af28-9ba1d65ea84e#0:FAIL-t135] and 0 exception(s); 9f06b4c9-079f-4989-8935-c6be59ddc82e@group-0D1055093416:t135, leader=null, voted=9f06b4c9-079f-4989-8935-c6be59ddc82e, raftlog=9f06b4c9-079f-4989-8935-c6be59ddc82e@group-0D1055093416-SegmentedRaftLog:OPENED:c-1,f-1,i0, conf=-1: [9f06b4c9-079f-4989-8935-c6be59ddc82e:192.168.69.82:36391, b282f9e2-3bd4-452e-9c35-1adeacc39134:192.168.69.82:42567, 3ce2c7b7-3df7-42de-af28-9ba1d65ea84e:192.168.69.82:35388], old=null
2019-10-17 05:57:14,001 [9f06b4c9-079f-4989-8935-c6be59ddc82e@group-0D1055093416-LeaderElection147] INFO  impl.RaftServerImpl (RaftServerImpl.java:setRole(184)) - 9f06b4c9-079f-4989-8935-c6be59ddc82e@group-0D1055093416: changes role from CANDIDATE to FOLLOWER at term 135 for DISCOVERED_A_NEW_TERM
2019-10-17 05:57:14,001 [9f06b4c9-079f-4989-8935-c6be59ddc82e@group-0D1055093416-LeaderElection147] INFO  impl.RoleInfo (RoleInfo.java:shutdownLeaderElection(134)) - 9f06b4c9-079f-4989-8935-c6be59ddc82e: shutdown LeaderElection
2019-10-17 05:57:14,001 [9f06b4c9-079f-4989-8935-c6be59ddc82e@group-0D1055093416-LeaderElection147] INFO  impl.RoleInfo (RoleInfo.java:updateAndGet(143)) - 9f06b4c9-079f-4989-8935-c6be59ddc82e: start FollowerState
2019-10-17 05:57:14,144 [Thread-1485] INFO  impl.FollowerState (FollowerState.java:run(108)) - 9f06b4c9-079f-4989-8935-c6be59ddc82e@group-0D1055093416-FollowerState: change to CANDIDATE, lastRpcTime:143ms, electionTimeout:143ms
2019-10-17 05:57:14,145 [Thread-1485] INFO  impl.RoleInfo (RoleInfo.java:shutdownFollowerState(121)) - 9f06b4c9-079f-4989-8935-c6be59ddc82e: shutdown FollowerState
2019-10-17 05:57:14,145 [Thread-1485] INFO  impl.RaftServerImpl (RaftServerImpl.java:setRole(184)) - 9f06b4c9-079f-4989-8935-c6be59ddc82e@group-0D1055093416: changes role from  FOLLOWER to CANDIDATE at term 135 for changeToCandidate
2019-10-17 05:57:14,145 [Thread-1485] INFO  impl.RoleInfo (RoleInfo.java:updateAndGet(143)) - 9f06b4c9-079f-4989-8935-c6be59ddc82e: start LeaderElection
2019-10-17 05:57:14,160 [9f06b4c9-079f-4989-8935-c6be59ddc82e@group-0D1055093416-LeaderElection148] INFO  impl.LeaderElection (LeaderElection.java:askForVotes(178)) - 9f06b4c9-079f-4989-8935-c6be59ddc82e@group-0D1055093416-LeaderElection148: begin an election at term 136 for -1: [9f06b4c9-079f-4989-8935-c6be59ddc82e:192.168.69.82:36391, b282f9e2-3bd4-452e-9c35-1adeacc39134:192.168.69.82:42567, 3ce2c7b7-3df7-42de-af28-9ba1d65ea84e:192.168.69.82:35388], old=null
2019-10-17 05:57:14,162 [grpc-default-executor-1] INFO  impl.RaftServerImpl (RaftServerImpl.java:setRole(184)) - b282f9e2-3bd4-452e-9c35-1adeacc39134@group-0D1055093416: changes role from  FOLLOWER to FOLLOWER at term 136 for recognizeCandidate:9f06b4c9-079f-4989-8935-c6be59ddc82e
2019-10-17 05:57:14,162 [grpc-default-executor-1] INFO  impl.RoleInfo (RoleInfo.java:shutdownFollowerState(121)) - b282f9e2-3bd4-452e-9c35-1adeacc39134: shutdown FollowerState
2019-10-17 05:57:14,162 [grpc-default-executor-6] INFO  impl.RaftServerImpl (RaftServerImpl.java:setRole(184)) - 3ce2c7b7-3df7-42de-af28-9ba1d65ea84e@group-0D1055093416: changes role from  FOLLOWER to FOLLOWER at term 136 for recognizeCandidate:9f06b4c9-079f-4989-8935-c6be59ddc82e
2019-10-17 05:57:14,162 [Thread-1483] INFO  impl.FollowerState (FollowerState.java:run(117)) - b282f9e2-3bd4-452e-9c35-1adeacc39134@group-0D1055093416-FollowerState was interrupted: java.lang.InterruptedException: sleep interrupted
2019-10-17 05:57:14,162 [grpc-default-executor-1] INFO  impl.RoleInfo (RoleInfo.java:updateAndGet(143)) - b282f9e2-3bd4-452e-9c35-1adeacc39134: start FollowerState
2019-10-17 05:57:14,162 [grpc-default-executor-6] INFO  impl.RoleInfo (RoleInfo.java:shutdownFollowerState(121)) - 3ce2c7b7-3df7-42de-af28-9ba1d65ea84e: shutdown FollowerState
2019-10-17 05:57:14,163 [grpc-default-executor-6] INFO  impl.RoleInfo (RoleInfo.java:updateAndGet(143)) - 3ce2c7b7-3df7-42de-af28-9ba1d65ea84e: start FollowerState
2019-10-17 05:57:14,163 [Thread-1484] INFO  impl.FollowerState (FollowerState.java:run(117)) - 3ce2c7b7-3df7-42de-af28-9ba1d65ea84e@group-0D1055093416-FollowerState was interrupted: java.lang.InterruptedException: sleep interrupted
2019-10-17 05:57:14,176 [9f06b4c9-079f-4989-8935-c6be59ddc82e@group-0D1055093416-LeaderElection148] INFO  impl.LeaderElection (LeaderElection.java:logAndReturn(56)) - 9f06b4c9-079f-4989-8935-c6be59ddc82e@group-0D1055093416-LeaderElection148: Election REJECTED; received 2 response(s) [9f06b4c9-079f-4989-8935-c6be59ddc82e<-b282f9e2-3bd4-452e-9c35-1adeacc39134#0:FAIL-t136, 9f06b4c9-079f-4989-8935-c6be59ddc82e<-3ce2c7b7-3df7-42de-af28-9ba1d65ea84e#0:FAIL-t136] and 0 exception(s); 9f06b4c9-079f-4989-8935-c6be59ddc82e@group-0D1055093416:t136, leader=null, voted=9f06b4c9-079f-4989-8935-c6be59ddc82e, raftlog=9f06b4c9-079f-4989-8935-c6be59ddc82e@group-0D1055093416-SegmentedRaftLog:OPENED:c-1,f-1,i0, conf=-1: [9f06b4c9-079f-4989-8935-c6be59ddc82e:192.168.69.82:36391, b282f9e2-3bd4-452e-9c35-1adeacc39134:192.168.69.82:42567, 3ce2c7b7-3df7-42de-af28-9ba1d65ea84e:192.168.69.82:35388], old=null
2019-10-17 05:57:14,176 [9f06b4c9-079f-4989-8935-c6be59ddc82e@group-0D1055093416-LeaderElection148] INFO  impl.RaftServerImpl (RaftServerImpl.java:setRole(184)) - 9f06b4c9-079f-4989-8935-c6be59ddc82e@group-0D1055093416: changes role from CANDIDATE to FOLLOWER at term 136 for DISCOVERED_A_NEW_TERM
2019-10-17 05:57:14,176 [9f06b4c9-079f-4989-8935-c6be59ddc82e@group-0D1055093416-LeaderElection148] INFO  impl.RoleInfo (RoleInfo.java:shutdownLeaderElection(134)) - 9f06b4c9-079f-4989-8935-c6be59ddc82e: shutdown LeaderElection
2019-10-17 05:57:14,176 [9f06b4c9-079f-4989-8935-c6be59ddc82e@group-0D1055093416-LeaderElection148] INFO  impl.RoleInfo (RoleInfo.java:updateAndGet(143)) - 9f06b4c9-079f-4989-8935-c6be59ddc82e: start FollowerState
2019-10-17 05:57:14,304 [Thread-1491] INFO  impl.FollowerState (FollowerState.java:run(108)) - 9f06b4c9-079f-4989-8935-c6be59ddc82e@group-0D1055093416-FollowerState: change to CANDIDATE, lastRpcTime:127ms, electionTimeout:127ms
2019-10-17 05:57:14,304 [Thread-1491] INFO  impl.RoleInfo (RoleInfo.java:shutdownFollowerState(121)) - 9f06b4c9-079f-4989-8935-c6be59ddc82e: shutdown FollowerState
2019-10-17 05:57:14,304 [Thread-1491] INFO  impl.RaftServerImpl (RaftServerImpl.java:setRole(184)) - 9f06b4c9-079f-4989-8935-c6be59ddc82e@group-0D1055093416: changes role from  FOLLOWER to CANDIDATE at term 136 for changeToCandidate
2019-10-17 05:57:14,304 [Thread-1491] INFO  impl.RoleInfo (RoleInfo.java:updateAndGet(143)) - 9f06b4c9-079f-4989-8935-c6be59ddc82e: start LeaderElection
2019-10-17 05:57:14,319 [9f06b4c9-079f-4989-8935-c6be59ddc82e@group-0D1055093416-LeaderElection149] INFO  impl.LeaderElection (LeaderElection.java:askForVotes(178)) - 9f06b4c9-079f-4989-8935-c6be59ddc82e@group-0D1055093416-LeaderElection149: begin an election at term 137 for -1: [9f06b4c9-079f-4989-8935-c6be59ddc82e:192.168.69.82:36391, b282f9e2-3bd4-452e-9c35-1adeacc39134:192.168.69.82:42567, 3ce2c7b7-3df7-42de-af28-9ba1d65ea84e:192.168.69.82:35388], old=null
2019-10-17 05:57:14,321 [grpc-default-executor-1] INFO  impl.RaftServerImpl (RaftServerImpl.java:setRole(184)) - b282f9e2-3bd4-452e-9c35-1adeacc39134@group-0D1055093416: changes role from  FOLLOWER to FOLLOWER at term 137 for recognizeCandidate:9f06b4c9-079f-4989-8935-c6be59ddc82e
2019-10-17 05:57:14,321 [grpc-default-executor-1] INFO  impl.RoleInfo (RoleInfo.java:shutdownFollowerState(121)) - b282f9e2-3bd4-452e-9c35-1adeacc39134: shutdown FollowerState
2019-10-17 05:57:14,321 [grpc-default-executor-1] INFO  impl.RoleInfo (RoleInfo.java:updateAndGet(143)) - b282f9e2-3bd4-452e-9c35-1adeacc39134: start FollowerState
2019-10-17 05:57:14,321 [grpc-default-executor-6] INFO  impl.RaftServerImpl (RaftServerImpl.java:setRole(184)) - 3ce2c7b7-3df7-42de-af28-9ba1d65ea84e@group-0D1055093416: changes role from  FOLLOWER to FOLLOWER at term 137 for recognizeCandidate:9f06b4c9-079f-4989-8935-c6be59ddc82e
2019-10-17 05:57:14,321 [Thread-1489] INFO  impl.FollowerState (FollowerState.java:run(117)) - b282f9e2-3bd4-452e-9c35-1adeacc39134@group-0D1055093416-FollowerState was interrupted: java.lang.InterruptedException: sleep interrupted
2019-10-17 05:57:14,322 [grpc-default-executor-6] INFO  impl.RoleInfo (RoleInfo.java:shutdownFollowerState(121)) - 3ce2c7b7-3df7-42de-af28-9ba1d65ea84e: shutdown FollowerState
2019-10-17 05:57:14,322 [grpc-default-executor-6] INFO  impl.RoleInfo (RoleInfo.java:updateAndGet(143)) - 3ce2c7b7-3df7-42de-af28-9ba1d65ea84e: start FollowerState
2019-10-17 05:57:14,322 [Thread-1490] INFO  impl.FollowerState (FollowerState.java:run(117)) - 3ce2c7b7-3df7-42de-af28-9ba1d65ea84e@group-0D1055093416-FollowerState was interrupted: java.lang.InterruptedException: sleep interrupted
2019-10-17 05:57:14,336 [9f06b4c9-079f-4989-8935-c6be59ddc82e@group-0D1055093416-LeaderElection149] INFO  impl.LeaderElection (LeaderElection.java:logAndReturn(56)) - 9f06b4c9-079f-4989-8935-c6be59ddc82e@group-0D1055093416-LeaderElection149: Election REJECTED; received 2 response(s) [9f06b4c9-079f-4989-8935-c6be59ddc82e<-b282f9e2-3bd4-452e-9c35-1adeacc39134#0:FAIL-t137, 9f06b4c9-079f-4989-8935-c6be59ddc82e<-3ce2c7b7-3df7-42de-af28-9ba1d65ea84e#0:FAIL-t137] and 0 exception(s); 9f06b4c9-079f-4989-8935-c6be59ddc82e@group-0D1055093416:t137, leader=null, voted=9f06b4c9-079f-4989-8935-c6be59ddc82e, raftlog=9f06b4c9-079f-4989-8935-c6be59ddc82e@group-0D1055093416-SegmentedRaftLog:OPENED:c-1,f-1,i0, conf=-1: [9f06b4c9-079f-4989-8935-c6be59ddc82e:192.168.69.82:36391, b282f9e2-3bd4-452e-9c35-1adeacc39134:192.168.69.82:42567, 3ce2c7b7-3df7-42de-af28-9ba1d65ea84e:192.168.69.82:35388], old=null
2019-10-17 05:57:14,336 [9f06b4c9-079f-4989-8935-c6be59ddc82e@group-0D1055093416-LeaderElection149] INFO  impl.RaftServerImpl (RaftServerImpl.java:setRole(184)) - 9f06b4c9-079f-4989-8935-c6be59ddc82e@group-0D1055093416: changes role from CANDIDATE to FOLLOWER at term 137 for DISCOVERED_A_NEW_TERM
2019-10-17 05:57:14,336 [9f06b4c9-079f-4989-8935-c6be59ddc82e@group-0D1055093416-LeaderElection149] INFO  impl.RoleInfo (RoleInfo.java:shutdownLeaderElection(134)) - 9f06b4c9-079f-4989-8935-c6be59ddc82e: shutdown LeaderElection
2019-10-17 05:57:14,336 [9f06b4c9-079f-4989-8935-c6be59ddc82e@group-0D1055093416-LeaderElection149] INFO  impl.RoleInfo (RoleInfo.java:updateAndGet(143)) - 9f06b4c9-079f-4989-8935-c6be59ddc82e: start FollowerState
2019-10-17 05:57:14,489 [Thread-1497] INFO  impl.FollowerState (FollowerState.java:run(108)) - 9f06b4c9-079f-4989-8935-c6be59ddc82e@group-0D1055093416-FollowerState: change to CANDIDATE, lastRpcTime:152ms, electionTimeout:152ms
2019-10-17 05:57:14,489 [Thread-1497] INFO  impl.RoleInfo (RoleInfo.java:shutdownFollowerState(121)) - 9f06b4c9-079f-4989-8935-c6be59ddc82e: shutdown FollowerState
2019-10-17 05:57:14,489 [Thread-1497] INFO  impl.RaftServerImpl (RaftServerImpl.java:setRole(184)) - 9f06b4c9-079f-4989-8935-c6be59ddc82e@group-0D1055093416: changes role from  FOLLOWER to CANDIDATE at term 137 for changeToCandidate
2019-10-17 05:57:14,489 [Thread-1497] INFO  impl.RoleInfo (RoleInfo.java:updateAndGet(143)) - 9f06b4c9-079f-4989-8935-c6be59ddc82e: start LeaderElection
2019-10-17 05:57:14,504 [9f06b4c9-079f-4989-8935-c6be59ddc82e@group-0D1055093416-LeaderElection150] INFO  impl.LeaderElection (LeaderElection.java:askForVotes(178)) - 9f06b4c9-079f-4989-8935-c6be59ddc82e@group-0D1055093416-LeaderElection150: begin an election at term 138 for -1: [9f06b4c9-079f-4989-8935-c6be59ddc82e:192.168.69.82:36391, b282f9e2-3bd4-452e-9c35-1adeacc39134:192.168.69.82:42567, 3ce2c7b7-3df7-42de-af28-9ba1d65ea84e:192.168.69.82:35388], old=null
2019-10-17 05:57:14,506 [grpc-default-executor-6] INFO  impl.RaftServerImpl (RaftServerImpl.java:setRole(184)) - b282f9e2-3bd4-452e-9c35-1adeacc39134@group-0D1055093416: changes role from  FOLLOWER to FOLLOWER at term 138 for recognizeCandidate:9f06b4c9-079f-4989-8935-c6be59ddc82e
2019-10-17 05:57:14,506 [grpc-default-executor-6] INFO  impl.RoleInfo (RoleInfo.java:shutdownFollowerState(121)) - b282f9e2-3bd4-452e-9c35-1adeacc39134: shutdown FollowerState
2019-10-17 05:57:14,506 [grpc-default-executor-6] INFO  impl.RoleInfo (RoleInfo.java:updateAndGet(143)) - b282f9e2-3bd4-452e-9c35-1adeacc39134: start FollowerState
2019-10-17 05:57:14,506 [Thread-1495] INFO  impl.FollowerState (FollowerState.java:run(117)) - b282f9e2-3bd4-452e-9c35-1adeacc39134@group-0D1055093416-FollowerState was interrupted: java.lang.InterruptedException: sleep interrupted
2019-10-17 05:57:14,506 [grpc-default-executor-1] INFO  impl.RaftServerImpl (RaftServerImpl.java:setRole(184)) - 3ce2c7b7-3df7-42de-af28-9ba1d65ea84e@group-0D1055093416: changes role from  FOLLOWER to FOLLOWER at term 138 for recognizeCandidate:9f06b4c9-079f-4989-8935-c6be59ddc82e
2019-10-17 05:57:14,507 [grpc-default-executor-1] INFO  impl.RoleInfo (RoleInfo.java:shutdownFollowerState(121)) - 3ce2c7b7-3df7-42de-af28-9ba1d65ea84e: shutdown FollowerState
2019-10-17 05:57:14,507 [grpc-default-executor-1] INFO  impl.RoleInfo (RoleInfo.java:updateAndGet(143)) - 3ce2c7b7-3df7-42de-af28-9ba1d65ea84e: start FollowerState
2019-10-17 05:57:14,507 [Thread-1496] INFO  impl.FollowerState (FollowerState.java:run(117)) - 3ce2c7b7-3df7-42de-af28-9ba1d65ea84e@group-0D1055093416-FollowerState was interrupted: java.lang.InterruptedException: sleep interrupted
2019-10-17 05:57:14,521 [9f06b4c9-079f-4989-8935-c6be59ddc82e@group-0D1055093416-LeaderElection150] INFO  impl.LeaderElection (LeaderElection.java:logAndReturn(56)) - 9f06b4c9-079f-4989-8935-c6be59ddc82e@group-0D1055093416-LeaderElection150: Election REJECTED; received 2 response(s) [9f06b4c9-079f-4989-8935-c6be59ddc82e<-b282f9e2-3bd4-452e-9c35-1adeacc39134#0:FAIL-t138, 9f06b4c9-079f-4989-8935-c6be59ddc82e<-3ce2c7b7-3df7-42de-af28-9ba1d65ea84e#0:FAIL-t138] and 0 exception(s); 9f06b4c9-079f-4989-8935-c6be59ddc82e@group-0D1055093416:t138, leader=null, voted=9f06b4c9-079f-4989-8935-c6be59ddc82e, raftlog=9f06b4c9-079f-4989-8935-c6be59ddc82e@group-0D1055093416-SegmentedRaftLog:OPENED:c-1,f-1,i0, conf=-1: [9f06b4c9-079f-4989-8935-c6be59ddc82e:192.168.69.82:36391, b282f9e2-3bd4-452e-9c35-1adeacc39134:192.168.69.82:42567, 3ce2c7b7-3df7-42de-af28-9ba1d65ea84e:192.168.69.82:35388], old=null
2019-10-17 05:57:14,521 [9f06b4c9-079f-4989-8935-c6be59ddc82e@group-0D1055093416-LeaderElection150] INFO  impl.RaftServerImpl (RaftServerImpl.java:setRole(184)) - 9f06b4c9-079f-4989-8935-c6be59ddc82e@group-0D1055093416: changes role from CANDIDATE to FOLLOWER at term 138 for DISCOVERED_A_NEW_TERM
2019-10-17 05:57:14,521 [9f06b4c9-079f-4989-8935-c6be59ddc82e@group-0D1055093416-LeaderElection150] INFO  impl.RoleInfo (RoleInfo.java:shutdownLeaderElection(134)) - 9f06b4c9-079f-4989-8935-c6be59ddc82e: shutdown LeaderElection
2019-10-17 05:57:14,522 [9f06b4c9-079f-4989-8935-c6be59ddc82e@group-0D1055093416-LeaderElection150] INFO  impl.RoleInfo (RoleInfo.java:updateAndGet(143)) - 9f06b4c9-079f-4989-8935-c6be59ddc82e: start FollowerState
2019-10-17 05:57:14,632 [Thread-490] INFO  impl.FollowerState (FollowerState.java:run(108)) - b5f12832-4a97-45e3-9503-a5cba48636cf@group-74E9893F5999-FollowerState: change to CANDIDATE, lastRpcTime:1245ms, electionTimeout:1112ms
2019-10-17 05:57:14,632 [Thread-490] INFO  impl.RoleInfo (RoleInfo.java:shutdownFollowerState(121)) - b5f12832-4a97-45e3-9503-a5cba48636cf: shutdown FollowerState
2019-10-17 05:57:14,632 [Thread-490] INFO  impl.RaftServerImpl (RaftServerImpl.java:setRole(184)) - b5f12832-4a97-45e3-9503-a5cba48636cf@group-74E9893F5999: changes role from  FOLLOWER to CANDIDATE at term 9 for changeToCandidate
2019-10-17 05:57:14,633 [Thread-490] INFO  impl.RoleInfo (RoleInfo.java:updateAndGet(143)) - b5f12832-4a97-45e3-9503-a5cba48636cf: start LeaderElection
2019-10-17 05:57:14,633 [b5f12832-4a97-45e3-9503-a5cba48636cf@group-74E9893F5999-LeaderElection151] INFO  impl.RaftServerImpl (ServerState.java:setLeader(256)) - b5f12832-4a97-45e3-9503-a5cba48636cf@group-74E9893F5999: change Leader from 596a1247-d4fb-4568-97fb-3ff1ce43250d to null at term 9 for initElection
2019-10-17 05:57:14,637 [Thread-1503] INFO  impl.FollowerState (FollowerState.java:run(108)) - 9f06b4c9-079f-4989-8935-c6be59ddc82e@group-0D1055093416-FollowerState: change to CANDIDATE, lastRpcTime:115ms, electionTimeout:115ms
2019-10-17 05:57:14,637 [Thread-1503] INFO  impl.RoleInfo (RoleInfo.java:shutdownFollowerState(121)) - 9f06b4c9-079f-4989-8935-c6be59ddc82e: shutdown FollowerState
2019-10-17 05:57:14,637 [Thread-1503] INFO  impl.RaftServerImpl (RaftServerImpl.java:setRole(184)) - 9f06b4c9-079f-4989-8935-c6be59ddc82e@group-0D1055093416: changes role from  FOLLOWER to CANDIDATE at term 138 for changeToCandidate
2019-10-17 05:57:14,637 [Thread-1503] INFO  impl.RoleInfo (RoleInfo.java:updateAndGet(143)) - 9f06b4c9-079f-4989-8935-c6be59ddc82e: start LeaderElection
2019-10-17 05:57:14,647 [b5f12832-4a97-45e3-9503-a5cba48636cf@group-74E9893F5999-LeaderElection151] INFO  impl.LeaderElection (LeaderElection.java:askForVotes(178)) - b5f12832-4a97-45e3-9503-a5cba48636cf@group-74E9893F5999-LeaderElection151: begin an election at term 10 for 0: [b5f12832-4a97-45e3-9503-a5cba48636cf:192.168.69.82:34934, 596a1247-d4fb-4568-97fb-3ff1ce43250d:192.168.69.82:37061, 8c36b79a-da60-43d4-9d42-baae689ad199:192.168.69.82:45199], old=null
2019-10-17 05:57:14,647 [9f06b4c9-079f-4989-8935-c6be59ddc82e@group-0D1055093416-LeaderElection152] INFO  impl.LeaderElection (LeaderElection.java:askForVotes(178)) - 9f06b4c9-079f-4989-8935-c6be59ddc82e@group-0D1055093416-LeaderElection152: begin an election at term 139 for -1: [9f06b4c9-079f-4989-8935-c6be59ddc82e:192.168.69.82:36391, b282f9e2-3bd4-452e-9c35-1adeacc39134:192.168.69.82:42567, 3ce2c7b7-3df7-42de-af28-9ba1d65ea84e:192.168.69.82:35388], old=null
2019-10-17 05:57:14,649 [grpc-default-executor-7] INFO  impl.RaftServerImpl (RaftServerImpl.java:setRole(184)) - b282f9e2-3bd4-452e-9c35-1adeacc39134@group-0D1055093416: changes role from  FOLLOWER to FOLLOWER at term 139 for recognizeCandidate:9f06b4c9-079f-4989-8935-c6be59ddc82e
2019-10-17 05:57:14,649 [grpc-default-executor-7] INFO  impl.RoleInfo (RoleInfo.java:shutdownFollowerState(121)) - b282f9e2-3bd4-452e-9c35-1adeacc39134: shutdown FollowerState
2019-10-17 05:57:14,649 [grpc-default-executor-7] INFO  impl.RoleInfo (RoleInfo.java:updateAndGet(143)) - b282f9e2-3bd4-452e-9c35-1adeacc39134: start FollowerState
2019-10-17 05:57:14,650 [grpc-default-executor-5] INFO  impl.RaftServerImpl (RaftServerImpl.java:setRole(184)) - 3ce2c7b7-3df7-42de-af28-9ba1d65ea84e@group-0D1055093416: changes role from  FOLLOWER to FOLLOWER at term 139 for recognizeCandidate:9f06b4c9-079f-4989-8935-c6be59ddc82e
2019-10-17 05:57:14,649 [Thread-1501] INFO  impl.FollowerState (FollowerState.java:run(117)) - b282f9e2-3bd4-452e-9c35-1adeacc39134@group-0D1055093416-FollowerState was interrupted: java.lang.InterruptedException: sleep interrupted
2019-10-17 05:57:14,650 [grpc-default-executor-5] INFO  impl.RoleInfo (RoleInfo.java:shutdownFollowerState(121)) - 3ce2c7b7-3df7-42de-af28-9ba1d65ea84e: shutdown FollowerState
2019-10-17 05:57:14,653 [grpc-default-executor-5] INFO  impl.RoleInfo (RoleInfo.java:updateAndGet(143)) - 3ce2c7b7-3df7-42de-af28-9ba1d65ea84e: start FollowerState
2019-10-17 05:57:14,653 [Thread-1502] INFO  impl.FollowerState (FollowerState.java:run(117)) - 3ce2c7b7-3df7-42de-af28-9ba1d65ea84e@group-0D1055093416-FollowerState was interrupted: java.lang.InterruptedException: sleep interrupted
2019-10-17 05:57:14,656 [grpc-default-executor-1] INFO  impl.RaftServerImpl (ServerState.java:setLeader(256)) - 8c36b79a-da60-43d4-9d42-baae689ad199@group-74E9893F5999: change Leader from 596a1247-d4fb-4568-97fb-3ff1ce43250d to null at term 10 for updateCurrentTerm
2019-10-17 05:57:14,656 [grpc-default-executor-1] INFO  impl.RaftServerImpl (RaftServerImpl.java:setRole(184)) - 8c36b79a-da60-43d4-9d42-baae689ad199@group-74E9893F5999: changes role from  FOLLOWER to FOLLOWER at term 10 for recognizeCandidate:b5f12832-4a97-45e3-9503-a5cba48636cf
2019-10-17 05:57:14,656 [grpc-default-executor-1] INFO  impl.RoleInfo (RoleInfo.java:shutdownFollowerState(121)) - 8c36b79a-da60-43d4-9d42-baae689ad199: shutdown FollowerState
2019-10-17 05:57:14,656 [grpc-default-executor-1] INFO  impl.RoleInfo (RoleInfo.java:updateAndGet(143)) - 8c36b79a-da60-43d4-9d42-baae689ad199: start FollowerState
2019-10-17 05:57:14,656 [Thread-493] INFO  impl.FollowerState (FollowerState.java:run(117)) - 8c36b79a-da60-43d4-9d42-baae689ad199@group-74E9893F5999-FollowerState was interrupted: java.lang.InterruptedException: sleep interrupted
2019-10-17 05:57:14,666 [b5f12832-4a97-45e3-9503-a5cba48636cf@group-74E9893F5999-LeaderElection151] INFO  impl.LeaderElection (LogUtils.java:infoOrTrace(149)) - b5f12832-4a97-45e3-9503-a5cba48636cf@group-74E9893F5999-LeaderElection151 got exception when requesting votes: {}
java.util.concurrent.ExecutionException: org.apache.ratis.thirdparty.io.grpc.StatusRuntimeException: UNAVAILABLE: io exception
	at java.util.concurrent.FutureTask.report(FutureTask.java:122)
	at java.util.concurrent.FutureTask.get(FutureTask.java:192)
	at org.apache.ratis.server.impl.LeaderElection.waitForResults(LeaderElection.java:259)
	at org.apache.ratis.server.impl.LeaderElection.askForVotes(LeaderElection.java:197)
	at org.apache.ratis.server.impl.LeaderElection.run(LeaderElection.java:133)
	at java.lang.Thread.run(Thread.java:748)
Caused by: org.apache.ratis.thirdparty.io.grpc.StatusRuntimeException: UNAVAILABLE: io exception
	at org.apache.ratis.thirdparty.io.grpc.stub.ClientCalls.toStatusRuntimeException(ClientCalls.java:233)
	at org.apache.ratis.thirdparty.io.grpc.stub.ClientCalls.getUnchecked(ClientCalls.java:214)
	at org.apache.ratis.thirdparty.io.grpc.stub.ClientCalls.blockingUnaryCall(ClientCalls.java:139)
	at org.apache.ratis.proto.grpc.RaftServerProtocolServiceGrpc$RaftServerProtocolServiceBlockingStub.requestVote(RaftServerProtocolServiceGrpc.java:265)
	at org.apache.ratis.grpc.server.GrpcServerProtocolClient.requestVote(GrpcServerProtocolClient.java:99)
	at org.apache.ratis.grpc.server.GrpcService.requestVote(GrpcService.java:204)
	at org.apache.ratis.server.impl.LeaderElection.lambda$submitRequests$1(LeaderElection.java:234)
	at java.util.concurrent.FutureTask.run(FutureTask.java:266)
	at java.util.concurrent.Executors$RunnableAdapter.call(Executors.java:511)
	at java.util.concurrent.FutureTask.run(FutureTask.java:266)
	at java.util.concurrent.ThreadPoolExecutor.runWorker(ThreadPoolExecutor.java:1149)
	at java.util.concurrent.ThreadPoolExecutor$Worker.run(ThreadPoolExecutor.java:624)
	... 1 more
Caused by: org.apache.ratis.thirdparty.io.netty.channel.AbstractChannel$AnnotatedConnectException: Connection refused: /192.168.69.82:37061
	at sun.nio.ch.SocketChannelImpl.checkConnect(Native Method)
	at sun.nio.ch.SocketChannelImpl.finishConnect(SocketChannelImpl.java:717)
	at org.apache.ratis.thirdparty.io.netty.channel.socket.nio.NioSocketChannel.doFinishConnect(NioSocketChannel.java:327)
	at org.apache.ratis.thirdparty.io.netty.channel.nio.AbstractNioChannel$AbstractNioUnsafe.finishConnect(AbstractNioChannel.java:340)
	at org.apache.ratis.thirdparty.io.netty.channel.nio.NioEventLoop.processSelectedKey(NioEventLoop.java:632)
	at org.apache.ratis.thirdparty.io.netty.channel.nio.NioEventLoop.processSelectedKeysOptimized(NioEventLoop.java:579)
	at org.apache.ratis.thirdparty.io.netty.channel.nio.NioEventLoop.processSelectedKeys(NioEventLoop.java:496)
	at org.apache.ratis.thirdparty.io.netty.channel.nio.NioEventLoop.run(NioEventLoop.java:458)
	at org.apache.ratis.thirdparty.io.netty.util.concurrent.SingleThreadEventExecutor$5.run(SingleThreadEventExecutor.java:897)
	at org.apache.ratis.thirdparty.io.netty.util.concurrent.FastThreadLocalRunnable.run(FastThreadLocalRunnable.java:30)
	... 1 more
Caused by: java.net.ConnectException: Connection refused
	... 11 more
2019-10-17 05:57:14,672 [Datanode State Machine Thread - 0] INFO  statemachine.DatanodeStateMachine (DatanodeStateMachine.java:lambda$startDaemon$0(350)) - Ozone container server started.
2019-10-17 05:57:14,672 [9f06b4c9-079f-4989-8935-c6be59ddc82e@group-0D1055093416-LeaderElection152] INFO  impl.LeaderElection (LeaderElection.java:logAndReturn(56)) - 9f06b4c9-079f-4989-8935-c6be59ddc82e@group-0D1055093416-LeaderElection152: Election REJECTED; received 2 response(s) [9f06b4c9-079f-4989-8935-c6be59ddc82e<-b282f9e2-3bd4-452e-9c35-1adeacc39134#0:FAIL-t139, 9f06b4c9-079f-4989-8935-c6be59ddc82e<-3ce2c7b7-3df7-42de-af28-9ba1d65ea84e#0:FAIL-t139] and 0 exception(s); 9f06b4c9-079f-4989-8935-c6be59ddc82e@group-0D1055093416:t139, leader=null, voted=9f06b4c9-079f-4989-8935-c6be59ddc82e, raftlog=9f06b4c9-079f-4989-8935-c6be59ddc82e@group-0D1055093416-SegmentedRaftLog:OPENED:c-1,f-1,i0, conf=-1: [9f06b4c9-079f-4989-8935-c6be59ddc82e:192.168.69.82:36391, b282f9e2-3bd4-452e-9c35-1adeacc39134:192.168.69.82:42567, 3ce2c7b7-3df7-42de-af28-9ba1d65ea84e:192.168.69.82:35388], old=null
2019-10-17 05:57:14,673 [b5f12832-4a97-45e3-9503-a5cba48636cf@group-74E9893F5999-LeaderElection151] INFO  impl.LeaderElection (LeaderElection.java:logAndReturn(56)) - b5f12832-4a97-45e3-9503-a5cba48636cf@group-74E9893F5999-LeaderElection151: Election PASSED; received 1 response(s) [b5f12832-4a97-45e3-9503-a5cba48636cf<-8c36b79a-da60-43d4-9d42-baae689ad199#0:OK-t10] and 1 exception(s); b5f12832-4a97-45e3-9503-a5cba48636cf@group-74E9893F5999:t10, leader=null, voted=b5f12832-4a97-45e3-9503-a5cba48636cf, raftlog=b5f12832-4a97-45e3-9503-a5cba48636cf@group-74E9893F5999-SegmentedRaftLog:OPENED:c18,f18,i18, conf=0: [b5f12832-4a97-45e3-9503-a5cba48636cf:192.168.69.82:34934, 596a1247-d4fb-4568-97fb-3ff1ce43250d:192.168.69.82:37061, 8c36b79a-da60-43d4-9d42-baae689ad199:192.168.69.82:45199], old=null
2019-10-17 05:57:14,673 [9f06b4c9-079f-4989-8935-c6be59ddc82e@group-0D1055093416-LeaderElection152] INFO  impl.RaftServerImpl (RaftServerImpl.java:setRole(184)) - 9f06b4c9-079f-4989-8935-c6be59ddc82e@group-0D1055093416: changes role from CANDIDATE to FOLLOWER at term 139 for DISCOVERED_A_NEW_TERM
2019-10-17 05:57:14,673 [9f06b4c9-079f-4989-8935-c6be59ddc82e@group-0D1055093416-LeaderElection152] INFO  impl.RoleInfo (RoleInfo.java:shutdownLeaderElection(134)) - 9f06b4c9-079f-4989-8935-c6be59ddc82e: shutdown LeaderElection
2019-10-17 05:57:14,673 [9f06b4c9-079f-4989-8935-c6be59ddc82e@group-0D1055093416-LeaderElection152] INFO  impl.RoleInfo (RoleInfo.java:updateAndGet(143)) - 9f06b4c9-079f-4989-8935-c6be59ddc82e: start FollowerState
2019-10-17 05:57:14,673 [b5f12832-4a97-45e3-9503-a5cba48636cf@group-74E9893F5999-LeaderElection151] INFO  impl.LeaderElection (LogUtils.java:infoOrTrace(149)) -   Exception 0: {}
java.util.concurrent.ExecutionException: org.apache.ratis.thirdparty.io.grpc.StatusRuntimeException: UNAVAILABLE: io exception
	at java.util.concurrent.FutureTask.report(FutureTask.java:122)
	at java.util.concurrent.FutureTask.get(FutureTask.java:192)
	at org.apache.ratis.server.impl.LeaderElection.waitForResults(LeaderElection.java:259)
	at org.apache.ratis.server.impl.LeaderElection.askForVotes(LeaderElection.java:197)
	at org.apache.ratis.server.impl.LeaderElection.run(LeaderElection.java:133)
	at java.lang.Thread.run(Thread.java:748)
Caused by: org.apache.ratis.thirdparty.io.grpc.StatusRuntimeException: UNAVAILABLE: io exception
	at org.apache.ratis.thirdparty.io.grpc.stub.ClientCalls.toStatusRuntimeException(ClientCalls.java:233)
	at org.apache.ratis.thirdparty.io.grpc.stub.ClientCalls.getUnchecked(ClientCalls.java:214)
	at org.apache.ratis.thirdparty.io.grpc.stub.ClientCalls.blockingUnaryCall(ClientCalls.java:139)
	at org.apache.ratis.proto.grpc.RaftServerProtocolServiceGrpc$RaftServerProtocolServiceBlockingStub.requestVote(RaftServerProtocolServiceGrpc.java:265)
	at org.apache.ratis.grpc.server.GrpcServerProtocolClient.requestVote(GrpcServerProtocolClient.java:99)
	at org.apache.ratis.grpc.server.GrpcService.requestVote(GrpcService.java:204)
	at org.apache.ratis.server.impl.LeaderElection.lambda$submitRequests$1(LeaderElection.java:234)
	at java.util.concurrent.FutureTask.run(FutureTask.java:266)
	at java.util.concurrent.Executors$RunnableAdapter.call(Executors.java:511)
	at java.util.concurrent.FutureTask.run(FutureTask.java:266)
	at java.util.concurrent.ThreadPoolExecutor.runWorker(ThreadPoolExecutor.java:1149)
	at java.util.concurrent.ThreadPoolExecutor$Worker.run(ThreadPoolExecutor.java:624)
	... 1 more
Caused by: org.apache.ratis.thirdparty.io.netty.channel.AbstractChannel$AnnotatedConnectException: Connection refused: /192.168.69.82:37061
	at sun.nio.ch.SocketChannelImpl.checkConnect(Native Method)
	at sun.nio.ch.SocketChannelImpl.finishConnect(SocketChannelImpl.java:717)
	at org.apache.ratis.thirdparty.io.netty.channel.socket.nio.NioSocketChannel.doFinishConnect(NioSocketChannel.java:327)
	at org.apache.ratis.thirdparty.io.netty.channel.nio.AbstractNioChannel$AbstractNioUnsafe.finishConnect(AbstractNioChannel.java:340)
	at org.apache.ratis.thirdparty.io.netty.channel.nio.NioEventLoop.processSelectedKey(NioEventLoop.java:632)
	at org.apache.ratis.thirdparty.io.netty.channel.nio.NioEventLoop.processSelectedKeysOptimized(NioEventLoop.java:579)
	at org.apache.ratis.thirdparty.io.netty.channel.nio.NioEventLoop.processSelectedKeys(NioEventLoop.java:496)
	at org.apache.ratis.thirdparty.io.netty.channel.nio.NioEventLoop.run(NioEventLoop.java:458)
	at org.apache.ratis.thirdparty.io.netty.util.concurrent.SingleThreadEventExecutor$5.run(SingleThreadEventExecutor.java:897)
	at org.apache.ratis.thirdparty.io.netty.util.concurrent.FastThreadLocalRunnable.run(FastThreadLocalRunnable.java:30)
	... 1 more
Caused by: java.net.ConnectException: Connection refused
	... 11 more
2019-10-17 05:57:14,674 [b5f12832-4a97-45e3-9503-a5cba48636cf@group-74E9893F5999-LeaderElection151] INFO  impl.RoleInfo (RoleInfo.java:shutdownLeaderElection(134)) - b5f12832-4a97-45e3-9503-a5cba48636cf: shutdown LeaderElection
2019-10-17 05:57:14,674 [b5f12832-4a97-45e3-9503-a5cba48636cf@group-74E9893F5999-LeaderElection151] INFO  impl.RaftServerImpl (RaftServerImpl.java:setRole(184)) - b5f12832-4a97-45e3-9503-a5cba48636cf@group-74E9893F5999: changes role from CANDIDATE to LEADER at term 10 for changeToLeader
2019-10-17 05:57:14,675 [b5f12832-4a97-45e3-9503-a5cba48636cf@group-74E9893F5999-LeaderElection151] INFO  impl.RaftServerImpl (ServerState.java:setLeader(256)) - b5f12832-4a97-45e3-9503-a5cba48636cf@group-74E9893F5999: change Leader from null to b5f12832-4a97-45e3-9503-a5cba48636cf at term 10 for becomeLeader, leader elected after 41ms
2019-10-17 05:57:14,675 [b5f12832-4a97-45e3-9503-a5cba48636cf@group-74E9893F5999-LeaderElection151] INFO  server.RaftServerConfigKeys (ConfUtils.java:logGet(43)) - raft.server.staging.catchup.gap = 1000 (default)
2019-10-17 05:57:14,675 [b5f12832-4a97-45e3-9503-a5cba48636cf@group-74E9893F5999-LeaderElection151] INFO  server.RaftServerConfigKeys (ConfUtils.java:logGet(43)) - raft.server.rpc.sleep.time = 25ms (default)
2019-10-17 05:57:14,675 [b5f12832-4a97-45e3-9503-a5cba48636cf@group-74E9893F5999-LeaderElection151] INFO  server.RaftServerConfigKeys (ConfUtils.java:logGet(43)) - raft.server.write.element-limit = 4096 (default)
2019-10-17 05:57:14,675 [b5f12832-4a97-45e3-9503-a5cba48636cf@group-74E9893F5999-LeaderElection151] INFO  server.RaftServerConfigKeys (ConfUtils.java:logGet(43)) - raft.server.watch.timeout = 10s (default)
2019-10-17 05:57:14,676 [b5f12832-4a97-45e3-9503-a5cba48636cf@group-74E9893F5999-LeaderElection151] INFO  server.RaftServerConfigKeys (ConfUtils.java:logGet(43)) - raft.server.watch.timeout.denomination = 1s (default)
2019-10-17 05:57:14,676 [b5f12832-4a97-45e3-9503-a5cba48636cf@group-74E9893F5999-LeaderElection151] INFO  server.RaftServerConfigKeys (ConfUtils.java:logGet(43)) - raft.server.watch.element-limit = 65536 (default)
2019-10-17 05:57:14,676 [b5f12832-4a97-45e3-9503-a5cba48636cf@group-74E9893F5999-LeaderElection151] INFO  server.RaftServerConfigKeys (ConfUtils.java:logGet(43)) - raft.server.log.appender.snapshot.chunk.size.max = 16MB (=16777216) (default)
2019-10-17 05:57:14,676 [b5f12832-4a97-45e3-9503-a5cba48636cf@group-74E9893F5999-LeaderElection151] INFO  server.RaftServerConfigKeys (ConfUtils.java:logGet(43)) - raft.server.log.appender.buffer.byte-limit = 33554432 (custom)
2019-10-17 05:57:14,676 [b5f12832-4a97-45e3-9503-a5cba48636cf@group-74E9893F5999-LeaderElection151] INFO  server.RaftServerConfigKeys (ConfUtils.java:logGet(43)) - raft.server.log.appender.buffer.element-limit = 1 (custom)
2019-10-17 05:57:14,677 [b5f12832-4a97-45e3-9503-a5cba48636cf@group-74E9893F5999-LeaderElection151] INFO  grpc.GrpcConfigKeys$Server (ConfUtils.java:logGet(43)) - raft.grpc.server.leader.outstanding.appends.max = 128 (default)
2019-10-17 05:57:14,677 [b5f12832-4a97-45e3-9503-a5cba48636cf@group-74E9893F5999-LeaderElection151] INFO  server.RaftServerConfigKeys (ConfUtils.java:logGet(43)) - raft.server.rpc.request.timeout = 3000ms (default)
2019-10-17 05:57:14,677 [b5f12832-4a97-45e3-9503-a5cba48636cf@group-74E9893F5999-LeaderElection151] INFO  server.RaftServerConfigKeys (ConfUtils.java:logGet(43)) - raft.server.log.appender.install.snapshot.enabled = false (custom)
2019-10-17 05:57:14,681 [b5f12832-4a97-45e3-9503-a5cba48636cf@group-74E9893F5999-LeaderElection151] INFO  server.RaftServerConfigKeys (ConfUtils.java:logGet(43)) - raft.server.log.appender.snapshot.chunk.size.max = 16MB (=16777216) (default)
2019-10-17 05:57:14,681 [b5f12832-4a97-45e3-9503-a5cba48636cf@group-74E9893F5999-LeaderElection151] INFO  server.RaftServerConfigKeys (ConfUtils.java:logGet(43)) - raft.server.log.appender.buffer.byte-limit = 33554432 (custom)
2019-10-17 05:57:14,681 [b5f12832-4a97-45e3-9503-a5cba48636cf@group-74E9893F5999-LeaderElection151] INFO  server.RaftServerConfigKeys (ConfUtils.java:logGet(43)) - raft.server.log.appender.buffer.element-limit = 1 (custom)
2019-10-17 05:57:14,682 [b5f12832-4a97-45e3-9503-a5cba48636cf@group-74E9893F5999-LeaderElection151] INFO  grpc.GrpcConfigKeys$Server (ConfUtils.java:logGet(43)) - raft.grpc.server.leader.outstanding.appends.max = 128 (default)
2019-10-17 05:57:14,682 [b5f12832-4a97-45e3-9503-a5cba48636cf@group-74E9893F5999-LeaderElection151] INFO  server.RaftServerConfigKeys (ConfUtils.java:logGet(43)) - raft.server.rpc.request.timeout = 3000ms (default)
2019-10-17 05:57:14,682 [b5f12832-4a97-45e3-9503-a5cba48636cf@group-74E9893F5999-LeaderElection151] INFO  server.RaftServerConfigKeys (ConfUtils.java:logGet(43)) - raft.server.log.appender.install.snapshot.enabled = false (custom)
2019-10-17 05:57:14,682 [Thread-1513] INFO  impl.FollowerState (FollowerState.java:run(108)) - 9f06b4c9-079f-4989-8935-c6be59ddc82e@group-0D1055093416-FollowerState: change to CANDIDATE, lastRpcTime:8ms, electionTimeout:8ms
2019-10-17 05:57:14,682 [Thread-1513] INFO  impl.RoleInfo (RoleInfo.java:shutdownFollowerState(121)) - 9f06b4c9-079f-4989-8935-c6be59ddc82e: shutdown FollowerState
2019-10-17 05:57:14,682 [Thread-1513] INFO  impl.RaftServerImpl (RaftServerImpl.java:setRole(184)) - 9f06b4c9-079f-4989-8935-c6be59ddc82e@group-0D1055093416: changes role from  FOLLOWER to CANDIDATE at term 139 for changeToCandidate
2019-10-17 05:57:14,682 [Thread-1513] INFO  impl.RoleInfo (RoleInfo.java:updateAndGet(143)) - 9f06b4c9-079f-4989-8935-c6be59ddc82e: start LeaderElection
2019-10-17 05:57:14,685 [b5f12832-4a97-45e3-9503-a5cba48636cf@group-74E9893F5999-LeaderElection151] INFO  impl.RoleInfo (RoleInfo.java:updateAndGet(143)) - b5f12832-4a97-45e3-9503-a5cba48636cf: start LeaderState
2019-10-17 05:57:14,685 [b5f12832-4a97-45e3-9503-a5cba48636cf@group-74E9893F5999-LeaderElection151] INFO  segmented.SegmentedRaftLogWorker (SegmentedRaftLogWorker.java:rollLogSegment(390)) - b5f12832-4a97-45e3-9503-a5cba48636cf@group-74E9893F5999-SegmentedRaftLogWorker: Rolling segment log-0_18 to index:18
2019-10-17 05:57:14,687 [b5f12832-4a97-45e3-9503-a5cba48636cf@group-74E9893F5999-LeaderElection151] INFO  impl.RaftServerImpl (ServerState.java:setRaftConf(357)) - b5f12832-4a97-45e3-9503-a5cba48636cf@group-74E9893F5999: set configuration 19: [b5f12832-4a97-45e3-9503-a5cba48636cf:192.168.69.82:34934, 596a1247-d4fb-4568-97fb-3ff1ce43250d:192.168.69.82:37061, 8c36b79a-da60-43d4-9d42-baae689ad199:192.168.69.82:45199], old=null at 19
2019-10-17 05:57:14,688 [b5f12832-4a97-45e3-9503-a5cba48636cf@group-74E9893F5999-SegmentedRaftLogWorker] INFO  segmented.SegmentedRaftLogWorker (SegmentedRaftLogWorker.java:execute(533)) - b5f12832-4a97-45e3-9503-a5cba48636cf@group-74E9893F5999-SegmentedRaftLogWorker: Rolled log segment from /workdir/hadoop-ozone/integration-test/target/test-dir/MiniOzoneClusterImpl-292a2ff3-4780-4182-bb48-82c20e0e309d/datanode-7/data/ratis/78e6814e-8f4b-48e6-8bf0-74e9893f5999/current/log_inprogress_0 to /workdir/hadoop-ozone/integration-test/target/test-dir/MiniOzoneClusterImpl-292a2ff3-4780-4182-bb48-82c20e0e309d/datanode-7/data/ratis/78e6814e-8f4b-48e6-8bf0-74e9893f5999/current/log_0-18
2019-10-17 05:57:14,688 [grpc-default-executor-7] WARN  server.GrpcLogAppender (LogUtils.java:warn(134)) - b5f12832-4a97-45e3-9503-a5cba48636cf@group-74E9893F5999->596a1247-d4fb-4568-97fb-3ff1ce43250d-AppendLogResponseHandler: Failed appendEntries: org.apache.ratis.thirdparty.io.grpc.StatusRuntimeException: UNAVAILABLE: io exception
2019-10-17 05:57:14,688 [grpc-default-executor-1] INFO  impl.RaftServerImpl (ServerState.java:setLeader(256)) - 8c36b79a-da60-43d4-9d42-baae689ad199@group-74E9893F5999: change Leader from null to b5f12832-4a97-45e3-9503-a5cba48636cf at term 10 for appendEntries, leader elected after 32ms
2019-10-17 05:57:14,726 [9f06b4c9-079f-4989-8935-c6be59ddc82e@group-0D1055093416-LeaderElection153] INFO  impl.LeaderElection (LeaderElection.java:askForVotes(178)) - 9f06b4c9-079f-4989-8935-c6be59ddc82e@group-0D1055093416-LeaderElection153: begin an election at term 140 for -1: [9f06b4c9-079f-4989-8935-c6be59ddc82e:192.168.69.82:36391, b282f9e2-3bd4-452e-9c35-1adeacc39134:192.168.69.82:42567, 3ce2c7b7-3df7-42de-af28-9ba1d65ea84e:192.168.69.82:35388], old=null
2019-10-17 05:57:14,728 [grpc-default-executor-1] INFO  impl.RaftServerImpl (RaftServerImpl.java:setRole(184)) - b282f9e2-3bd4-452e-9c35-1adeacc39134@group-0D1055093416: changes role from  FOLLOWER to FOLLOWER at term 140 for recognizeCandidate:9f06b4c9-079f-4989-8935-c6be59ddc82e
2019-10-17 05:57:14,729 [grpc-default-executor-1] INFO  impl.RoleInfo (RoleInfo.java:shutdownFollowerState(121)) - b282f9e2-3bd4-452e-9c35-1adeacc39134: shutdown FollowerState
2019-10-17 05:57:14,729 [grpc-default-executor-6] INFO  impl.RaftServerImpl (RaftServerImpl.java:setRole(184)) - 3ce2c7b7-3df7-42de-af28-9ba1d65ea84e@group-0D1055093416: changes role from  FOLLOWER to FOLLOWER at term 140 for recognizeCandidate:9f06b4c9-079f-4989-8935-c6be59ddc82e
2019-10-17 05:57:14,729 [Thread-1510] INFO  impl.FollowerState (FollowerState.java:run(117)) - b282f9e2-3bd4-452e-9c35-1adeacc39134@group-0D1055093416-FollowerState was interrupted: java.lang.InterruptedException: sleep interrupted
2019-10-17 05:57:14,729 [grpc-default-executor-1] INFO  impl.RoleInfo (RoleInfo.java:updateAndGet(143)) - b282f9e2-3bd4-452e-9c35-1adeacc39134: start FollowerState
2019-10-17 05:57:14,729 [grpc-default-executor-5] INFO  impl.RaftServerImpl (ServerState.java:setRaftConf(357)) - 8c36b79a-da60-43d4-9d42-baae689ad199@group-74E9893F5999: set configuration 19: [b5f12832-4a97-45e3-9503-a5cba48636cf:192.168.69.82:34934, 596a1247-d4fb-4568-97fb-3ff1ce43250d:192.168.69.82:37061, 8c36b79a-da60-43d4-9d42-baae689ad199:192.168.69.82:45199], old=null at 19
2019-10-17 05:57:14,729 [grpc-default-executor-6] INFO  impl.RoleInfo (RoleInfo.java:shutdownFollowerState(121)) - 3ce2c7b7-3df7-42de-af28-9ba1d65ea84e: shutdown FollowerState
2019-10-17 05:57:14,730 [grpc-default-executor-5] INFO  segmented.SegmentedRaftLogWorker (SegmentedRaftLogWorker.java:rollLogSegment(390)) - 8c36b79a-da60-43d4-9d42-baae689ad199@group-74E9893F5999-SegmentedRaftLogWorker: Rolling segment log-0_18 to index:18
2019-10-17 05:57:14,730 [Thread-1511] INFO  impl.FollowerState (FollowerState.java:run(117)) - 3ce2c7b7-3df7-42de-af28-9ba1d65ea84e@group-0D1055093416-FollowerState was interrupted: java.lang.InterruptedException: sleep interrupted
2019-10-17 05:57:14,730 [grpc-default-executor-6] INFO  impl.RoleInfo (RoleInfo.java:updateAndGet(143)) - 3ce2c7b7-3df7-42de-af28-9ba1d65ea84e: start FollowerState
2019-10-17 05:57:14,732 [8c36b79a-da60-43d4-9d42-baae689ad199@group-74E9893F5999-SegmentedRaftLogWorker] INFO  segmented.SegmentedRaftLogWorker (SegmentedRaftLogWorker.java:execute(533)) - 8c36b79a-da60-43d4-9d42-baae689ad199@group-74E9893F5999-SegmentedRaftLogWorker: Rolled log segment from /workdir/hadoop-ozone/integration-test/target/test-dir/MiniOzoneClusterImpl-292a2ff3-4780-4182-bb48-82c20e0e309d/datanode-4/data/ratis/78e6814e-8f4b-48e6-8bf0-74e9893f5999/current/log_inprogress_0 to /workdir/hadoop-ozone/integration-test/target/test-dir/MiniOzoneClusterImpl-292a2ff3-4780-4182-bb48-82c20e0e309d/datanode-4/data/ratis/78e6814e-8f4b-48e6-8bf0-74e9893f5999/current/log_0-18
2019-10-17 05:57:14,737 [b5f12832-4a97-45e3-9503-a5cba48636cf@group-74E9893F5999-SegmentedRaftLogWorker] INFO  segmented.SegmentedRaftLogWorker (SegmentedRaftLogWorker.java:execute(576)) - b5f12832-4a97-45e3-9503-a5cba48636cf@group-74E9893F5999-SegmentedRaftLogWorker: created new log segment /workdir/hadoop-ozone/integration-test/target/test-dir/MiniOzoneClusterImpl-292a2ff3-4780-4182-bb48-82c20e0e309d/datanode-7/data/ratis/78e6814e-8f4b-48e6-8bf0-74e9893f5999/current/log_inprogress_19
2019-10-17 05:57:14,738 [9f06b4c9-079f-4989-8935-c6be59ddc82e@group-0D1055093416-LeaderElection153] INFO  impl.LeaderElection (LeaderElection.java:logAndReturn(56)) - 9f06b4c9-079f-4989-8935-c6be59ddc82e@group-0D1055093416-LeaderElection153: Election REJECTED; received 2 response(s) [9f06b4c9-079f-4989-8935-c6be59ddc82e<-b282f9e2-3bd4-452e-9c35-1adeacc39134#0:FAIL-t140, 9f06b4c9-079f-4989-8935-c6be59ddc82e<-3ce2c7b7-3df7-42de-af28-9ba1d65ea84e#0:FAIL-t140] and 0 exception(s); 9f06b4c9-079f-4989-8935-c6be59ddc82e@group-0D1055093416:t140, leader=null, voted=9f06b4c9-079f-4989-8935-c6be59ddc82e, raftlog=9f06b4c9-079f-4989-8935-c6be59ddc82e@group-0D1055093416-SegmentedRaftLog:OPENED:c-1,f-1,i0, conf=-1: [9f06b4c9-079f-4989-8935-c6be59ddc82e:192.168.69.82:36391, b282f9e2-3bd4-452e-9c35-1adeacc39134:192.168.69.82:42567, 3ce2c7b7-3df7-42de-af28-9ba1d65ea84e:192.168.69.82:35388], old=null
2019-10-17 05:57:14,738 [9f06b4c9-079f-4989-8935-c6be59ddc82e@group-0D1055093416-LeaderElection153] INFO  impl.RaftServerImpl (RaftServerImpl.java:setRole(184)) - 9f06b4c9-079f-4989-8935-c6be59ddc82e@group-0D1055093416: changes role from CANDIDATE to FOLLOWER at term 140 for DISCOVERED_A_NEW_TERM
2019-10-17 05:57:14,738 [9f06b4c9-079f-4989-8935-c6be59ddc82e@group-0D1055093416-LeaderElection153] INFO  impl.RoleInfo (RoleInfo.java:shutdownLeaderElection(134)) - 9f06b4c9-079f-4989-8935-c6be59ddc82e: shutdown LeaderElection
2019-10-17 05:57:14,738 [9f06b4c9-079f-4989-8935-c6be59ddc82e@group-0D1055093416-LeaderElection153] INFO  impl.RoleInfo (RoleInfo.java:updateAndGet(143)) - 9f06b4c9-079f-4989-8935-c6be59ddc82e: start FollowerState
2019-10-17 05:57:14,768 [Thread-539] INFO  impl.FollowerState (FollowerState.java:run(108)) - 194f2ff6-41c6-4f9d-98fd-e63bb60a2475@group-7066FE0FC203-FollowerState: change to CANDIDATE, lastRpcTime:1380ms, electionTimeout:1004ms
2019-10-17 05:57:14,768 [Thread-539] INFO  impl.RoleInfo (RoleInfo.java:shutdownFollowerState(121)) - 194f2ff6-41c6-4f9d-98fd-e63bb60a2475: shutdown FollowerState
2019-10-17 05:57:14,768 [Thread-539] INFO  impl.RaftServerImpl (RaftServerImpl.java:setRole(184)) - 194f2ff6-41c6-4f9d-98fd-e63bb60a2475@group-7066FE0FC203: changes role from  FOLLOWER to CANDIDATE at term 8 for changeToCandidate
2019-10-17 05:57:14,768 [Thread-539] INFO  impl.RoleInfo (RoleInfo.java:updateAndGet(143)) - 194f2ff6-41c6-4f9d-98fd-e63bb60a2475: start LeaderElection
2019-10-17 05:57:14,769 [194f2ff6-41c6-4f9d-98fd-e63bb60a2475@group-7066FE0FC203-LeaderElection154] INFO  impl.RaftServerImpl (ServerState.java:setLeader(256)) - 194f2ff6-41c6-4f9d-98fd-e63bb60a2475@group-7066FE0FC203: change Leader from d4bb136b-e602-4c0a-8f86-2462710659b1 to null at term 8 for initElection
2019-10-17 05:57:14,781 [8c36b79a-da60-43d4-9d42-baae689ad199@group-74E9893F5999-SegmentedRaftLogWorker] INFO  segmented.SegmentedRaftLogWorker (SegmentedRaftLogWorker.java:execute(576)) - 8c36b79a-da60-43d4-9d42-baae689ad199@group-74E9893F5999-SegmentedRaftLogWorker: created new log segment /workdir/hadoop-ozone/integration-test/target/test-dir/MiniOzoneClusterImpl-292a2ff3-4780-4182-bb48-82c20e0e309d/datanode-4/data/ratis/78e6814e-8f4b-48e6-8bf0-74e9893f5999/current/log_inprogress_19
2019-10-17 05:57:14,781 [194f2ff6-41c6-4f9d-98fd-e63bb60a2475@group-7066FE0FC203-LeaderElection154] INFO  impl.LeaderElection (LeaderElection.java:askForVotes(178)) - 194f2ff6-41c6-4f9d-98fd-e63bb60a2475@group-7066FE0FC203-LeaderElection154: begin an election at term 9 for 0: [0716e483-2373-428e-a917-ee7c73d3521d:192.168.69.82:39524, d4bb136b-e602-4c0a-8f86-2462710659b1:192.168.69.82:42071, 194f2ff6-41c6-4f9d-98fd-e63bb60a2475:192.168.69.82:43645], old=null
2019-10-17 05:57:14,784 [194f2ff6-41c6-4f9d-98fd-e63bb60a2475@group-7066FE0FC203-LeaderElection154] INFO  impl.LeaderElection (LogUtils.java:infoOrTrace(149)) - 194f2ff6-41c6-4f9d-98fd-e63bb60a2475@group-7066FE0FC203-LeaderElection154 got exception when requesting votes: {}
java.util.concurrent.ExecutionException: org.apache.ratis.thirdparty.io.grpc.StatusRuntimeException: UNAVAILABLE: io exception
	at java.util.concurrent.FutureTask.report(FutureTask.java:122)
	at java.util.concurrent.FutureTask.get(FutureTask.java:192)
	at org.apache.ratis.server.impl.LeaderElection.waitForResults(LeaderElection.java:259)
	at org.apache.ratis.server.impl.LeaderElection.askForVotes(LeaderElection.java:197)
	at org.apache.ratis.server.impl.LeaderElection.run(LeaderElection.java:133)
	at java.lang.Thread.run(Thread.java:748)
Caused by: org.apache.ratis.thirdparty.io.grpc.StatusRuntimeException: UNAVAILABLE: io exception
	at org.apache.ratis.thirdparty.io.grpc.stub.ClientCalls.toStatusRuntimeException(ClientCalls.java:233)
	at org.apache.ratis.thirdparty.io.grpc.stub.ClientCalls.getUnchecked(ClientCalls.java:214)
	at org.apache.ratis.thirdparty.io.grpc.stub.ClientCalls.blockingUnaryCall(ClientCalls.java:139)
	at org.apache.ratis.proto.grpc.RaftServerProtocolServiceGrpc$RaftServerProtocolServiceBlockingStub.requestVote(RaftServerProtocolServiceGrpc.java:265)
	at org.apache.ratis.grpc.server.GrpcServerProtocolClient.requestVote(GrpcServerProtocolClient.java:99)
	at org.apache.ratis.grpc.server.GrpcService.requestVote(GrpcService.java:204)
	at org.apache.ratis.server.impl.LeaderElection.lambda$submitRequests$1(LeaderElection.java:234)
	at java.util.concurrent.FutureTask.run(FutureTask.java:266)
	at java.util.concurrent.Executors$RunnableAdapter.call(Executors.java:511)
	at java.util.concurrent.FutureTask.run(FutureTask.java:266)
	at java.util.concurrent.ThreadPoolExecutor.runWorker(ThreadPoolExecutor.java:1149)
	at java.util.concurrent.ThreadPoolExecutor$Worker.run(ThreadPoolExecutor.java:624)
	... 1 more
Caused by: org.apache.ratis.thirdparty.io.netty.channel.AbstractChannel$AnnotatedConnectException: Connection refused: /192.168.69.82:42071
	at sun.nio.ch.SocketChannelImpl.checkConnect(Native Method)
	at sun.nio.ch.SocketChannelImpl.finishConnect(SocketChannelImpl.java:717)
	at org.apache.ratis.thirdparty.io.netty.channel.socket.nio.NioSocketChannel.doFinishConnect(NioSocketChannel.java:327)
	at org.apache.ratis.thirdparty.io.netty.channel.nio.AbstractNioChannel$AbstractNioUnsafe.finishConnect(AbstractNioChannel.java:340)
	at org.apache.ratis.thirdparty.io.netty.channel.nio.NioEventLoop.processSelectedKey(NioEventLoop.java:632)
	at org.apache.ratis.thirdparty.io.netty.channel.nio.NioEventLoop.processSelectedKeysOptimized(NioEventLoop.java:579)
	at org.apache.ratis.thirdparty.io.netty.channel.nio.NioEventLoop.processSelectedKeys(NioEventLoop.java:496)
	at org.apache.ratis.thirdparty.io.netty.channel.nio.NioEventLoop.run(NioEventLoop.java:458)
	at org.apache.ratis.thirdparty.io.netty.util.concurrent.SingleThreadEventExecutor$5.run(SingleThreadEventExecutor.java:897)
	at org.apache.ratis.thirdparty.io.netty.util.concurrent.FastThreadLocalRunnable.run(FastThreadLocalRunnable.java:30)
	... 1 more
Caused by: java.net.ConnectException: Connection refused
	... 11 more
2019-10-17 05:57:14,787 [Thread-1525] INFO  impl.FollowerState (FollowerState.java:run(108)) - 9f06b4c9-079f-4989-8935-c6be59ddc82e@group-0D1055093416-FollowerState: change to CANDIDATE, lastRpcTime:48ms, electionTimeout:48ms
2019-10-17 05:57:14,787 [Thread-1525] INFO  impl.RoleInfo (RoleInfo.java:shutdownFollowerState(121)) - 9f06b4c9-079f-4989-8935-c6be59ddc82e: shutdown FollowerState
2019-10-17 05:57:14,787 [Thread-1525] INFO  impl.RaftServerImpl (RaftServerImpl.java:setRole(184)) - 9f06b4c9-079f-4989-8935-c6be59ddc82e@group-0D1055093416: changes role from  FOLLOWER to CANDIDATE at term 140 for changeToCandidate
2019-10-17 05:57:14,787 [Thread-1525] INFO  impl.RoleInfo (RoleInfo.java:updateAndGet(143)) - 9f06b4c9-079f-4989-8935-c6be59ddc82e: start LeaderElection
2019-10-17 05:57:14,787 [grpc-default-executor-1] INFO  impl.RaftServerImpl (ServerState.java:setLeader(256)) - 0716e483-2373-428e-a917-ee7c73d3521d@group-7066FE0FC203: change Leader from d4bb136b-e602-4c0a-8f86-2462710659b1 to null at term 9 for updateCurrentTerm
2019-10-17 05:57:14,788 [grpc-default-executor-1] INFO  impl.RaftServerImpl (RaftServerImpl.java:setRole(184)) - 0716e483-2373-428e-a917-ee7c73d3521d@group-7066FE0FC203: changes role from  FOLLOWER to FOLLOWER at term 9 for recognizeCandidate:194f2ff6-41c6-4f9d-98fd-e63bb60a2475
2019-10-17 05:57:14,788 [grpc-default-executor-1] INFO  impl.RoleInfo (RoleInfo.java:shutdownFollowerState(121)) - 0716e483-2373-428e-a917-ee7c73d3521d: shutdown FollowerState
2019-10-17 05:57:14,788 [grpc-default-executor-1] INFO  impl.RoleInfo (RoleInfo.java:updateAndGet(143)) - 0716e483-2373-428e-a917-ee7c73d3521d: start FollowerState
2019-10-17 05:57:14,788 [Thread-538] INFO  impl.FollowerState (FollowerState.java:run(117)) - 0716e483-2373-428e-a917-ee7c73d3521d@group-7066FE0FC203-FollowerState was interrupted: java.lang.InterruptedException: sleep interrupted
2019-10-17 05:57:14,794 [9f06b4c9-079f-4989-8935-c6be59ddc82e@group-0D1055093416-LeaderElection155] INFO  impl.LeaderElection (LeaderElection.java:askForVotes(178)) - 9f06b4c9-079f-4989-8935-c6be59ddc82e@group-0D1055093416-LeaderElection155: begin an election at term 141 for -1: [9f06b4c9-079f-4989-8935-c6be59ddc82e:192.168.69.82:36391, b282f9e2-3bd4-452e-9c35-1adeacc39134:192.168.69.82:42567, 3ce2c7b7-3df7-42de-af28-9ba1d65ea84e:192.168.69.82:35388], old=null
2019-10-17 05:57:14,795 [194f2ff6-41c6-4f9d-98fd-e63bb60a2475@group-7066FE0FC203-LeaderElection154] INFO  impl.LeaderElection (LeaderElection.java:logAndReturn(56)) - 194f2ff6-41c6-4f9d-98fd-e63bb60a2475@group-7066FE0FC203-LeaderElection154: Election PASSED; received 1 response(s) [194f2ff6-41c6-4f9d-98fd-e63bb60a2475<-0716e483-2373-428e-a917-ee7c73d3521d#0:OK-t9] and 1 exception(s); 194f2ff6-41c6-4f9d-98fd-e63bb60a2475@group-7066FE0FC203:t9, leader=null, voted=194f2ff6-41c6-4f9d-98fd-e63bb60a2475, raftlog=194f2ff6-41c6-4f9d-98fd-e63bb60a2475@group-7066FE0FC203-SegmentedRaftLog:OPENED:c0,f0,i0, conf=0: [0716e483-2373-428e-a917-ee7c73d3521d:192.168.69.82:39524, d4bb136b-e602-4c0a-8f86-2462710659b1:192.168.69.82:42071, 194f2ff6-41c6-4f9d-98fd-e63bb60a2475:192.168.69.82:43645], old=null
2019-10-17 05:57:14,795 [194f2ff6-41c6-4f9d-98fd-e63bb60a2475@group-7066FE0FC203-LeaderElection154] INFO  impl.LeaderElection (LogUtils.java:infoOrTrace(149)) -   Exception 0: {}
java.util.concurrent.ExecutionException: org.apache.ratis.thirdparty.io.grpc.StatusRuntimeException: UNAVAILABLE: io exception
	at java.util.concurrent.FutureTask.report(FutureTask.java:122)
	at java.util.concurrent.FutureTask.get(FutureTask.java:192)
	at org.apache.ratis.server.impl.LeaderElection.waitForResults(LeaderElection.java:259)
	at org.apache.ratis.server.impl.LeaderElection.askForVotes(LeaderElection.java:197)
	at org.apache.ratis.server.impl.LeaderElection.run(LeaderElection.java:133)
	at java.lang.Thread.run(Thread.java:748)
Caused by: org.apache.ratis.thirdparty.io.grpc.StatusRuntimeException: UNAVAILABLE: io exception
	at org.apache.ratis.thirdparty.io.grpc.stub.ClientCalls.toStatusRuntimeException(ClientCalls.java:233)
	at org.apache.ratis.thirdparty.io.grpc.stub.ClientCalls.getUnchecked(ClientCalls.java:214)
	at org.apache.ratis.thirdparty.io.grpc.stub.ClientCalls.blockingUnaryCall(ClientCalls.java:139)
	at org.apache.ratis.proto.grpc.RaftServerProtocolServiceGrpc$RaftServerProtocolServiceBlockingStub.requestVote(RaftServerProtocolServiceGrpc.java:265)
	at org.apache.ratis.grpc.server.GrpcServerProtocolClient.requestVote(GrpcServerProtocolClient.java:99)
	at org.apache.ratis.grpc.server.GrpcService.requestVote(GrpcService.java:204)
	at org.apache.ratis.server.impl.LeaderElection.lambda$submitRequests$1(LeaderElection.java:234)
	at java.util.concurrent.FutureTask.run(FutureTask.java:266)
	at java.util.concurrent.Executors$RunnableAdapter.call(Executors.java:511)
	at java.util.concurrent.FutureTask.run(FutureTask.java:266)
	at java.util.concurrent.ThreadPoolExecutor.runWorker(ThreadPoolExecutor.java:1149)
	at java.util.concurrent.ThreadPoolExecutor$Worker.run(ThreadPoolExecutor.java:624)
	... 1 more
Caused by: org.apache.ratis.thirdparty.io.netty.channel.AbstractChannel$AnnotatedConnectException: Connection refused: /192.168.69.82:42071
	at sun.nio.ch.SocketChannelImpl.checkConnect(Native Method)
	at sun.nio.ch.SocketChannelImpl.finishConnect(SocketChannelImpl.java:717)
	at org.apache.ratis.thirdparty.io.netty.channel.socket.nio.NioSocketChannel.doFinishConnect(NioSocketChannel.java:327)
	at org.apache.ratis.thirdparty.io.netty.channel.nio.AbstractNioChannel$AbstractNioUnsafe.finishConnect(AbstractNioChannel.java:340)
	at org.apache.ratis.thirdparty.io.netty.channel.nio.NioEventLoop.processSelectedKey(NioEventLoop.java:632)
	at org.apache.ratis.thirdparty.io.netty.channel.nio.NioEventLoop.processSelectedKeysOptimized(NioEventLoop.java:579)
	at org.apache.ratis.thirdparty.io.netty.channel.nio.NioEventLoop.processSelectedKeys(NioEventLoop.java:496)
	at org.apache.ratis.thirdparty.io.netty.channel.nio.NioEventLoop.run(NioEventLoop.java:458)
	at org.apache.ratis.thirdparty.io.netty.util.concurrent.SingleThreadEventExecutor$5.run(SingleThreadEventExecutor.java:897)
	at org.apache.ratis.thirdparty.io.netty.util.concurrent.FastThreadLocalRunnable.run(FastThreadLocalRunnable.java:30)
	... 1 more
Caused by: java.net.ConnectException: Connection refused
	... 11 more
2019-10-17 05:57:14,796 [194f2ff6-41c6-4f9d-98fd-e63bb60a2475@group-7066FE0FC203-LeaderElection154] INFO  impl.RoleInfo (RoleInfo.java:shutdownLeaderElection(134)) - 194f2ff6-41c6-4f9d-98fd-e63bb60a2475: shutdown LeaderElection
2019-10-17 05:57:14,796 [194f2ff6-41c6-4f9d-98fd-e63bb60a2475@group-7066FE0FC203-LeaderElection154] INFO  impl.RaftServerImpl (RaftServerImpl.java:setRole(184)) - 194f2ff6-41c6-4f9d-98fd-e63bb60a2475@group-7066FE0FC203: changes role from CANDIDATE to LEADER at term 9 for changeToLeader
2019-10-17 05:57:14,796 [194f2ff6-41c6-4f9d-98fd-e63bb60a2475@group-7066FE0FC203-LeaderElection154] INFO  impl.RaftServerImpl (ServerState.java:setLeader(256)) - 194f2ff6-41c6-4f9d-98fd-e63bb60a2475@group-7066FE0FC203: change Leader from null to 194f2ff6-41c6-4f9d-98fd-e63bb60a2475 at term 9 for becomeLeader, leader elected after 27ms
2019-10-17 05:57:14,796 [194f2ff6-41c6-4f9d-98fd-e63bb60a2475@group-7066FE0FC203-LeaderElection154] INFO  server.RaftServerConfigKeys (ConfUtils.java:logGet(43)) - raft.server.staging.catchup.gap = 1000 (default)
2019-10-17 05:57:14,797 [194f2ff6-41c6-4f9d-98fd-e63bb60a2475@group-7066FE0FC203-LeaderElection154] INFO  server.RaftServerConfigKeys (ConfUtils.java:logGet(43)) - raft.server.rpc.sleep.time = 25ms (default)
2019-10-17 05:57:14,797 [grpc-default-executor-1] INFO  impl.RaftServerImpl (RaftServerImpl.java:setRole(184)) - b282f9e2-3bd4-452e-9c35-1adeacc39134@group-0D1055093416: changes role from  FOLLOWER to FOLLOWER at term 141 for recognizeCandidate:9f06b4c9-079f-4989-8935-c6be59ddc82e
2019-10-17 05:57:14,797 [194f2ff6-41c6-4f9d-98fd-e63bb60a2475@group-7066FE0FC203-LeaderElection154] INFO  server.RaftServerConfigKeys (ConfUtils.java:logGet(43)) - raft.server.write.element-limit = 4096 (default)
2019-10-17 05:57:14,797 [grpc-default-executor-1] INFO  impl.RoleInfo (RoleInfo.java:shutdownFollowerState(121)) - b282f9e2-3bd4-452e-9c35-1adeacc39134: shutdown FollowerState
2019-10-17 05:57:14,797 [194f2ff6-41c6-4f9d-98fd-e63bb60a2475@group-7066FE0FC203-LeaderElection154] INFO  server.RaftServerConfigKeys (ConfUtils.java:logGet(43)) - raft.server.watch.timeout = 10s (default)
2019-10-17 05:57:14,797 [Thread-1523] INFO  impl.FollowerState (FollowerState.java:run(117)) - b282f9e2-3bd4-452e-9c35-1adeacc39134@group-0D1055093416-FollowerState was interrupted: java.lang.InterruptedException: sleep interrupted
2019-10-17 05:57:14,797 [grpc-default-executor-6] INFO  impl.RaftServerImpl (RaftServerImpl.java:setRole(184)) - 3ce2c7b7-3df7-42de-af28-9ba1d65ea84e@group-0D1055093416: changes role from  FOLLOWER to FOLLOWER at term 141 for recognizeCandidate:9f06b4c9-079f-4989-8935-c6be59ddc82e
2019-10-17 05:57:14,797 [grpc-default-executor-1] INFO  impl.RoleInfo (RoleInfo.java:updateAndGet(143)) - b282f9e2-3bd4-452e-9c35-1adeacc39134: start FollowerState
2019-10-17 05:57:14,798 [grpc-default-executor-6] INFO  impl.RoleInfo (RoleInfo.java:shutdownFollowerState(121)) - 3ce2c7b7-3df7-42de-af28-9ba1d65ea84e: shutdown FollowerState
2019-10-17 05:57:14,797 [194f2ff6-41c6-4f9d-98fd-e63bb60a2475@group-7066FE0FC203-LeaderElection154] INFO  server.RaftServerConfigKeys (ConfUtils.java:logGet(43)) - raft.server.watch.timeout.denomination = 1s (default)
2019-10-17 05:57:14,798 [Thread-1524] INFO  impl.FollowerState (FollowerState.java:run(117)) - 3ce2c7b7-3df7-42de-af28-9ba1d65ea84e@group-0D1055093416-FollowerState was interrupted: java.lang.InterruptedException: sleep interrupted
2019-10-17 05:57:14,798 [grpc-default-executor-6] INFO  impl.RoleInfo (RoleInfo.java:updateAndGet(143)) - 3ce2c7b7-3df7-42de-af28-9ba1d65ea84e: start FollowerState
2019-10-17 05:57:14,798 [194f2ff6-41c6-4f9d-98fd-e63bb60a2475@group-7066FE0FC203-LeaderElection154] INFO  server.RaftServerConfigKeys (ConfUtils.java:logGet(43)) - raft.server.watch.element-limit = 65536 (default)
2019-10-17 05:57:14,799 [194f2ff6-41c6-4f9d-98fd-e63bb60a2475@group-7066FE0FC203-LeaderElection154] INFO  server.RaftServerConfigKeys (ConfUtils.java:logGet(43)) - raft.server.log.appender.snapshot.chunk.size.max = 16MB (=16777216) (default)
2019-10-17 05:57:14,799 [194f2ff6-41c6-4f9d-98fd-e63bb60a2475@group-7066FE0FC203-LeaderElection154] INFO  server.RaftServerConfigKeys (ConfUtils.java:logGet(43)) - raft.server.log.appender.buffer.byte-limit = 33554432 (custom)
2019-10-17 05:57:14,799 [194f2ff6-41c6-4f9d-98fd-e63bb60a2475@group-7066FE0FC203-LeaderElection154] INFO  server.RaftServerConfigKeys (ConfUtils.java:logGet(43)) - raft.server.log.appender.buffer.element-limit = 1 (custom)
2019-10-17 05:57:14,799 [194f2ff6-41c6-4f9d-98fd-e63bb60a2475@group-7066FE0FC203-LeaderElection154] INFO  grpc.GrpcConfigKeys$Server (ConfUtils.java:logGet(43)) - raft.grpc.server.leader.outstanding.appends.max = 128 (default)
2019-10-17 05:57:14,799 [194f2ff6-41c6-4f9d-98fd-e63bb60a2475@group-7066FE0FC203-LeaderElection154] INFO  server.RaftServerConfigKeys (ConfUtils.java:logGet(43)) - raft.server.rpc.request.timeout = 3000ms (default)
2019-10-17 05:57:14,800 [194f2ff6-41c6-4f9d-98fd-e63bb60a2475@group-7066FE0FC203-LeaderElection154] INFO  server.RaftServerConfigKeys (ConfUtils.java:logGet(43)) - raft.server.log.appender.install.snapshot.enabled = false (custom)
2019-10-17 05:57:14,803 [194f2ff6-41c6-4f9d-98fd-e63bb60a2475@group-7066FE0FC203-LeaderElection154] INFO  server.RaftServerConfigKeys (ConfUtils.java:logGet(43)) - raft.server.log.appender.snapshot.chunk.size.max = 16MB (=16777216) (default)
2019-10-17 05:57:14,803 [194f2ff6-41c6-4f9d-98fd-e63bb60a2475@group-7066FE0FC203-LeaderElection154] INFO  server.RaftServerConfigKeys (ConfUtils.java:logGet(43)) - raft.server.log.appender.buffer.byte-limit = 33554432 (custom)
2019-10-17 05:57:14,803 [194f2ff6-41c6-4f9d-98fd-e63bb60a2475@group-7066FE0FC203-LeaderElection154] INFO  server.RaftServerConfigKeys (ConfUtils.java:logGet(43)) - raft.server.log.appender.buffer.element-limit = 1 (custom)
2019-10-17 05:57:14,803 [194f2ff6-41c6-4f9d-98fd-e63bb60a2475@group-7066FE0FC203-LeaderElection154] INFO  grpc.GrpcConfigKeys$Server (ConfUtils.java:logGet(43)) - raft.grpc.server.leader.outstanding.appends.max = 128 (default)
2019-10-17 05:57:14,803 [194f2ff6-41c6-4f9d-98fd-e63bb60a2475@group-7066FE0FC203-LeaderElection154] INFO  server.RaftServerConfigKeys (ConfUtils.java:logGet(43)) - raft.server.rpc.request.timeout = 3000ms (default)
2019-10-17 05:57:14,804 [194f2ff6-41c6-4f9d-98fd-e63bb60a2475@group-7066FE0FC203-LeaderElection154] INFO  server.RaftServerConfigKeys (ConfUtils.java:logGet(43)) - raft.server.log.appender.install.snapshot.enabled = false (custom)
2019-10-17 05:57:14,806 [194f2ff6-41c6-4f9d-98fd-e63bb60a2475@group-7066FE0FC203-LeaderElection154] INFO  impl.RoleInfo (RoleInfo.java:updateAndGet(143)) - 194f2ff6-41c6-4f9d-98fd-e63bb60a2475: start LeaderState
2019-10-17 05:57:14,806 [194f2ff6-41c6-4f9d-98fd-e63bb60a2475@group-7066FE0FC203-LeaderElection154] INFO  segmented.SegmentedRaftLogWorker (SegmentedRaftLogWorker.java:rollLogSegment(390)) - 194f2ff6-41c6-4f9d-98fd-e63bb60a2475@group-7066FE0FC203-SegmentedRaftLogWorker: Rolling segment log-0_0 to index:0
2019-10-17 05:57:14,808 [194f2ff6-41c6-4f9d-98fd-e63bb60a2475@group-7066FE0FC203-LeaderElection154] INFO  impl.RaftServerImpl (ServerState.java:setRaftConf(357)) - 194f2ff6-41c6-4f9d-98fd-e63bb60a2475@group-7066FE0FC203: set configuration 1: [0716e483-2373-428e-a917-ee7c73d3521d:192.168.69.82:39524, d4bb136b-e602-4c0a-8f86-2462710659b1:192.168.69.82:42071, 194f2ff6-41c6-4f9d-98fd-e63bb60a2475:192.168.69.82:43645], old=null at 1
2019-10-17 05:57:14,809 [194f2ff6-41c6-4f9d-98fd-e63bb60a2475@group-7066FE0FC203-SegmentedRaftLogWorker] INFO  segmented.SegmentedRaftLogWorker (SegmentedRaftLogWorker.java:execute(533)) - 194f2ff6-41c6-4f9d-98fd-e63bb60a2475@group-7066FE0FC203-SegmentedRaftLogWorker: Rolled log segment from /workdir/hadoop-ozone/integration-test/target/test-dir/MiniOzoneClusterImpl-292a2ff3-4780-4182-bb48-82c20e0e309d/datanode-9/data/ratis/41395877-a154-41d7-8da2-7066fe0fc203/current/log_inprogress_0 to /workdir/hadoop-ozone/integration-test/target/test-dir/MiniOzoneClusterImpl-292a2ff3-4780-4182-bb48-82c20e0e309d/datanode-9/data/ratis/41395877-a154-41d7-8da2-7066fe0fc203/current/log_0-0
2019-10-17 05:57:14,809 [grpc-default-executor-6] WARN  server.GrpcLogAppender (LogUtils.java:warn(134)) - 194f2ff6-41c6-4f9d-98fd-e63bb60a2475@group-7066FE0FC203->d4bb136b-e602-4c0a-8f86-2462710659b1-AppendLogResponseHandler: Failed appendEntries: org.apache.ratis.thirdparty.io.grpc.StatusRuntimeException: UNAVAILABLE: io exception
2019-10-17 05:57:14,809 [grpc-default-executor-1] INFO  impl.RaftServerImpl (ServerState.java:setLeader(256)) - 0716e483-2373-428e-a917-ee7c73d3521d@group-7066FE0FC203: change Leader from null to 194f2ff6-41c6-4f9d-98fd-e63bb60a2475 at term 9 for appendEntries, leader elected after 21ms
2019-10-17 05:57:14,809 [9f06b4c9-079f-4989-8935-c6be59ddc82e@group-0D1055093416-LeaderElection155] INFO  impl.LeaderElection (LeaderElection.java:logAndReturn(56)) - 9f06b4c9-079f-4989-8935-c6be59ddc82e@group-0D1055093416-LeaderElection155: Election REJECTED; received 2 response(s) [9f06b4c9-079f-4989-8935-c6be59ddc82e<-b282f9e2-3bd4-452e-9c35-1adeacc39134#0:FAIL-t141, 9f06b4c9-079f-4989-8935-c6be59ddc82e<-3ce2c7b7-3df7-42de-af28-9ba1d65ea84e#0:FAIL-t141] and 0 exception(s); 9f06b4c9-079f-4989-8935-c6be59ddc82e@group-0D1055093416:t141, leader=null, voted=9f06b4c9-079f-4989-8935-c6be59ddc82e, raftlog=9f06b4c9-079f-4989-8935-c6be59ddc82e@group-0D1055093416-SegmentedRaftLog:OPENED:c-1,f-1,i0, conf=-1: [9f06b4c9-079f-4989-8935-c6be59ddc82e:192.168.69.82:36391, b282f9e2-3bd4-452e-9c35-1adeacc39134:192.168.69.82:42567, 3ce2c7b7-3df7-42de-af28-9ba1d65ea84e:192.168.69.82:35388], old=null
2019-10-17 05:57:14,842 [9f06b4c9-079f-4989-8935-c6be59ddc82e@group-0D1055093416-LeaderElection155] INFO  impl.RaftServerImpl (RaftServerImpl.java:setRole(184)) - 9f06b4c9-079f-4989-8935-c6be59ddc82e@group-0D1055093416: changes role from CANDIDATE to FOLLOWER at term 141 for DISCOVERED_A_NEW_TERM
2019-10-17 05:57:14,843 [9f06b4c9-079f-4989-8935-c6be59ddc82e@group-0D1055093416-LeaderElection155] INFO  impl.RoleInfo (RoleInfo.java:shutdownLeaderElection(134)) - 9f06b4c9-079f-4989-8935-c6be59ddc82e: shutdown LeaderElection
2019-10-17 05:57:14,843 [9f06b4c9-079f-4989-8935-c6be59ddc82e@group-0D1055093416-LeaderElection155] INFO  impl.RoleInfo (RoleInfo.java:updateAndGet(143)) - 9f06b4c9-079f-4989-8935-c6be59ddc82e: start FollowerState
2019-10-17 05:57:14,845 [grpc-default-executor-6] INFO  impl.RaftServerImpl (ServerState.java:setRaftConf(357)) - 0716e483-2373-428e-a917-ee7c73d3521d@group-7066FE0FC203: set configuration 1: [0716e483-2373-428e-a917-ee7c73d3521d:192.168.69.82:39524, d4bb136b-e602-4c0a-8f86-2462710659b1:192.168.69.82:42071, 194f2ff6-41c6-4f9d-98fd-e63bb60a2475:192.168.69.82:43645], old=null at 1
2019-10-17 05:57:14,845 [grpc-default-executor-6] INFO  segmented.SegmentedRaftLogWorker (SegmentedRaftLogWorker.java:rollLogSegment(390)) - 0716e483-2373-428e-a917-ee7c73d3521d@group-7066FE0FC203-SegmentedRaftLogWorker: Rolling segment log-0_0 to index:0
2019-10-17 05:57:14,846 [0716e483-2373-428e-a917-ee7c73d3521d@group-7066FE0FC203-SegmentedRaftLogWorker] INFO  segmented.SegmentedRaftLogWorker (SegmentedRaftLogWorker.java:execute(533)) - 0716e483-2373-428e-a917-ee7c73d3521d@group-7066FE0FC203-SegmentedRaftLogWorker: Rolled log segment from /workdir/hadoop-ozone/integration-test/target/test-dir/MiniOzoneClusterImpl-292a2ff3-4780-4182-bb48-82c20e0e309d/datanode-1/data/ratis/41395877-a154-41d7-8da2-7066fe0fc203/current/log_inprogress_0 to /workdir/hadoop-ozone/integration-test/target/test-dir/MiniOzoneClusterImpl-292a2ff3-4780-4182-bb48-82c20e0e309d/datanode-1/data/ratis/41395877-a154-41d7-8da2-7066fe0fc203/current/log_0-0
2019-10-17 05:57:14,867 [194f2ff6-41c6-4f9d-98fd-e63bb60a2475@group-7066FE0FC203-SegmentedRaftLogWorker] INFO  segmented.SegmentedRaftLogWorker (SegmentedRaftLogWorker.java:execute(576)) - 194f2ff6-41c6-4f9d-98fd-e63bb60a2475@group-7066FE0FC203-SegmentedRaftLogWorker: created new log segment /workdir/hadoop-ozone/integration-test/target/test-dir/MiniOzoneClusterImpl-292a2ff3-4780-4182-bb48-82c20e0e309d/datanode-9/data/ratis/41395877-a154-41d7-8da2-7066fe0fc203/current/log_inprogress_1
2019-10-17 05:57:14,894 [0716e483-2373-428e-a917-ee7c73d3521d@group-7066FE0FC203-SegmentedRaftLogWorker] INFO  segmented.SegmentedRaftLogWorker (SegmentedRaftLogWorker.java:execute(576)) - 0716e483-2373-428e-a917-ee7c73d3521d@group-7066FE0FC203-SegmentedRaftLogWorker: created new log segment /workdir/hadoop-ozone/integration-test/target/test-dir/MiniOzoneClusterImpl-292a2ff3-4780-4182-bb48-82c20e0e309d/datanode-1/data/ratis/41395877-a154-41d7-8da2-7066fe0fc203/current/log_inprogress_1
2019-10-17 05:57:15,040 [Thread-1543] INFO  impl.FollowerState (FollowerState.java:run(108)) - 9f06b4c9-079f-4989-8935-c6be59ddc82e@group-0D1055093416-FollowerState: change to CANDIDATE, lastRpcTime:197ms, electionTimeout:197ms
2019-10-17 05:57:15,040 [Thread-1543] INFO  impl.RoleInfo (RoleInfo.java:shutdownFollowerState(121)) - 9f06b4c9-079f-4989-8935-c6be59ddc82e: shutdown FollowerState
2019-10-17 05:57:15,041 [Thread-1543] INFO  impl.RaftServerImpl (RaftServerImpl.java:setRole(184)) - 9f06b4c9-079f-4989-8935-c6be59ddc82e@group-0D1055093416: changes role from  FOLLOWER to CANDIDATE at term 141 for changeToCandidate
2019-10-17 05:57:15,041 [Thread-1543] INFO  impl.RoleInfo (RoleInfo.java:updateAndGet(143)) - 9f06b4c9-079f-4989-8935-c6be59ddc82e: start LeaderElection
2019-10-17 05:57:15,055 [9f06b4c9-079f-4989-8935-c6be59ddc82e@group-0D1055093416-LeaderElection156] INFO  impl.LeaderElection (LeaderElection.java:askForVotes(178)) - 9f06b4c9-079f-4989-8935-c6be59ddc82e@group-0D1055093416-LeaderElection156: begin an election at term 142 for -1: [9f06b4c9-079f-4989-8935-c6be59ddc82e:192.168.69.82:36391, b282f9e2-3bd4-452e-9c35-1adeacc39134:192.168.69.82:42567, 3ce2c7b7-3df7-42de-af28-9ba1d65ea84e:192.168.69.82:35388], old=null
2019-10-17 05:57:15,057 [grpc-default-executor-1] INFO  impl.RaftServerImpl (RaftServerImpl.java:setRole(184)) - 3ce2c7b7-3df7-42de-af28-9ba1d65ea84e@group-0D1055093416: changes role from  FOLLOWER to FOLLOWER at term 142 for recognizeCandidate:9f06b4c9-079f-4989-8935-c6be59ddc82e
2019-10-17 05:57:15,057 [grpc-default-executor-6] INFO  impl.RaftServerImpl (RaftServerImpl.java:setRole(184)) - b282f9e2-3bd4-452e-9c35-1adeacc39134@group-0D1055093416: changes role from  FOLLOWER to FOLLOWER at term 142 for recognizeCandidate:9f06b4c9-079f-4989-8935-c6be59ddc82e
2019-10-17 05:57:15,057 [grpc-default-executor-1] INFO  impl.RoleInfo (RoleInfo.java:shutdownFollowerState(121)) - 3ce2c7b7-3df7-42de-af28-9ba1d65ea84e: shutdown FollowerState
2019-10-17 05:57:15,058 [grpc-default-executor-6] INFO  impl.RoleInfo (RoleInfo.java:shutdownFollowerState(121)) - b282f9e2-3bd4-452e-9c35-1adeacc39134: shutdown FollowerState
2019-10-17 05:57:15,058 [Thread-1536] INFO  impl.FollowerState (FollowerState.java:run(117)) - 3ce2c7b7-3df7-42de-af28-9ba1d65ea84e@group-0D1055093416-FollowerState was interrupted: java.lang.InterruptedException: sleep interrupted
2019-10-17 05:57:15,058 [grpc-default-executor-1] INFO  impl.RoleInfo (RoleInfo.java:updateAndGet(143)) - 3ce2c7b7-3df7-42de-af28-9ba1d65ea84e: start FollowerState
2019-10-17 05:57:15,058 [Thread-1535] INFO  impl.FollowerState (FollowerState.java:run(117)) - b282f9e2-3bd4-452e-9c35-1adeacc39134@group-0D1055093416-FollowerState was interrupted: java.lang.InterruptedException: sleep interrupted
2019-10-17 05:57:15,058 [grpc-default-executor-6] INFO  impl.RoleInfo (RoleInfo.java:updateAndGet(143)) - b282f9e2-3bd4-452e-9c35-1adeacc39134: start FollowerState
2019-10-17 05:57:15,073 [9f06b4c9-079f-4989-8935-c6be59ddc82e@group-0D1055093416-LeaderElection156] INFO  impl.LeaderElection (LeaderElection.java:logAndReturn(56)) - 9f06b4c9-079f-4989-8935-c6be59ddc82e@group-0D1055093416-LeaderElection156: Election REJECTED; received 2 response(s) [9f06b4c9-079f-4989-8935-c6be59ddc82e<-b282f9e2-3bd4-452e-9c35-1adeacc39134#0:FAIL-t142, 9f06b4c9-079f-4989-8935-c6be59ddc82e<-3ce2c7b7-3df7-42de-af28-9ba1d65ea84e#0:FAIL-t142] and 0 exception(s); 9f06b4c9-079f-4989-8935-c6be59ddc82e@group-0D1055093416:t142, leader=null, voted=9f06b4c9-079f-4989-8935-c6be59ddc82e, raftlog=9f06b4c9-079f-4989-8935-c6be59ddc82e@group-0D1055093416-SegmentedRaftLog:OPENED:c-1,f-1,i0, conf=-1: [9f06b4c9-079f-4989-8935-c6be59ddc82e:192.168.69.82:36391, b282f9e2-3bd4-452e-9c35-1adeacc39134:192.168.69.82:42567, 3ce2c7b7-3df7-42de-af28-9ba1d65ea84e:192.168.69.82:35388], old=null
2019-10-17 05:57:15,073 [9f06b4c9-079f-4989-8935-c6be59ddc82e@group-0D1055093416-LeaderElection156] INFO  impl.RaftServerImpl (RaftServerImpl.java:setRole(184)) - 9f06b4c9-079f-4989-8935-c6be59ddc82e@group-0D1055093416: changes role from CANDIDATE to FOLLOWER at term 142 for DISCOVERED_A_NEW_TERM
2019-10-17 05:57:15,074 [9f06b4c9-079f-4989-8935-c6be59ddc82e@group-0D1055093416-LeaderElection156] INFO  impl.RoleInfo (RoleInfo.java:shutdownLeaderElection(134)) - 9f06b4c9-079f-4989-8935-c6be59ddc82e: shutdown LeaderElection
2019-10-17 05:57:15,074 [9f06b4c9-079f-4989-8935-c6be59ddc82e@group-0D1055093416-LeaderElection156] INFO  impl.RoleInfo (RoleInfo.java:updateAndGet(143)) - 9f06b4c9-079f-4989-8935-c6be59ddc82e: start FollowerState
2019-10-17 05:57:15,083 [Thread-1551] INFO  impl.FollowerState (FollowerState.java:run(108)) - 9f06b4c9-079f-4989-8935-c6be59ddc82e@group-0D1055093416-FollowerState: change to CANDIDATE, lastRpcTime:9ms, electionTimeout:9ms
2019-10-17 05:57:15,083 [Thread-1551] INFO  impl.RoleInfo (RoleInfo.java:shutdownFollowerState(121)) - 9f06b4c9-079f-4989-8935-c6be59ddc82e: shutdown FollowerState
2019-10-17 05:57:15,083 [Thread-1551] INFO  impl.RaftServerImpl (RaftServerImpl.java:setRole(184)) - 9f06b4c9-079f-4989-8935-c6be59ddc82e@group-0D1055093416: changes role from  FOLLOWER to CANDIDATE at term 142 for changeToCandidate
2019-10-17 05:57:15,084 [Thread-1551] INFO  impl.RoleInfo (RoleInfo.java:updateAndGet(143)) - 9f06b4c9-079f-4989-8935-c6be59ddc82e: start LeaderElection
2019-10-17 05:57:15,096 [9f06b4c9-079f-4989-8935-c6be59ddc82e@group-0D1055093416-LeaderElection157] INFO  impl.LeaderElection (LeaderElection.java:askForVotes(178)) - 9f06b4c9-079f-4989-8935-c6be59ddc82e@group-0D1055093416-LeaderElection157: begin an election at term 143 for -1: [9f06b4c9-079f-4989-8935-c6be59ddc82e:192.168.69.82:36391, b282f9e2-3bd4-452e-9c35-1adeacc39134:192.168.69.82:42567, 3ce2c7b7-3df7-42de-af28-9ba1d65ea84e:192.168.69.82:35388], old=null
2019-10-17 05:57:15,098 [grpc-default-executor-6] INFO  impl.RaftServerImpl (RaftServerImpl.java:setRole(184)) - b282f9e2-3bd4-452e-9c35-1adeacc39134@group-0D1055093416: changes role from  FOLLOWER to FOLLOWER at term 143 for recognizeCandidate:9f06b4c9-079f-4989-8935-c6be59ddc82e
2019-10-17 05:57:15,099 [grpc-default-executor-6] INFO  impl.RoleInfo (RoleInfo.java:shutdownFollowerState(121)) - b282f9e2-3bd4-452e-9c35-1adeacc39134: shutdown FollowerState
2019-10-17 05:57:15,099 [grpc-default-executor-1] INFO  impl.RaftServerImpl (RaftServerImpl.java:setRole(184)) - 3ce2c7b7-3df7-42de-af28-9ba1d65ea84e@group-0D1055093416: changes role from  FOLLOWER to FOLLOWER at term 143 for recognizeCandidate:9f06b4c9-079f-4989-8935-c6be59ddc82e
2019-10-17 05:57:15,099 [Thread-1550] INFO  impl.FollowerState (FollowerState.java:run(117)) - b282f9e2-3bd4-452e-9c35-1adeacc39134@group-0D1055093416-FollowerState was interrupted: java.lang.InterruptedException: sleep interrupted
2019-10-17 05:57:15,099 [grpc-default-executor-6] INFO  impl.RoleInfo (RoleInfo.java:updateAndGet(143)) - b282f9e2-3bd4-452e-9c35-1adeacc39134: start FollowerState
2019-10-17 05:57:15,099 [grpc-default-executor-1] INFO  impl.RoleInfo (RoleInfo.java:shutdownFollowerState(121)) - 3ce2c7b7-3df7-42de-af28-9ba1d65ea84e: shutdown FollowerState
2019-10-17 05:57:15,099 [grpc-default-executor-1] INFO  impl.RoleInfo (RoleInfo.java:updateAndGet(143)) - 3ce2c7b7-3df7-42de-af28-9ba1d65ea84e: start FollowerState
2019-10-17 05:57:15,099 [Thread-1549] INFO  impl.FollowerState (FollowerState.java:run(117)) - 3ce2c7b7-3df7-42de-af28-9ba1d65ea84e@group-0D1055093416-FollowerState was interrupted: java.lang.InterruptedException: sleep interrupted
2019-10-17 05:57:15,114 [9f06b4c9-079f-4989-8935-c6be59ddc82e@group-0D1055093416-LeaderElection157] INFO  impl.LeaderElection (LeaderElection.java:logAndReturn(56)) - 9f06b4c9-079f-4989-8935-c6be59ddc82e@group-0D1055093416-LeaderElection157: Election REJECTED; received 2 response(s) [9f06b4c9-079f-4989-8935-c6be59ddc82e<-b282f9e2-3bd4-452e-9c35-1adeacc39134#0:FAIL-t143, 9f06b4c9-079f-4989-8935-c6be59ddc82e<-3ce2c7b7-3df7-42de-af28-9ba1d65ea84e#0:FAIL-t143] and 0 exception(s); 9f06b4c9-079f-4989-8935-c6be59ddc82e@group-0D1055093416:t143, leader=null, voted=9f06b4c9-079f-4989-8935-c6be59ddc82e, raftlog=9f06b4c9-079f-4989-8935-c6be59ddc82e@group-0D1055093416-SegmentedRaftLog:OPENED:c-1,f-1,i0, conf=-1: [9f06b4c9-079f-4989-8935-c6be59ddc82e:192.168.69.82:36391, b282f9e2-3bd4-452e-9c35-1adeacc39134:192.168.69.82:42567, 3ce2c7b7-3df7-42de-af28-9ba1d65ea84e:192.168.69.82:35388], old=null
2019-10-17 05:57:15,114 [9f06b4c9-079f-4989-8935-c6be59ddc82e@group-0D1055093416-LeaderElection157] INFO  impl.RaftServerImpl (RaftServerImpl.java:setRole(184)) - 9f06b4c9-079f-4989-8935-c6be59ddc82e@group-0D1055093416: changes role from CANDIDATE to FOLLOWER at term 143 for DISCOVERED_A_NEW_TERM
2019-10-17 05:57:15,114 [9f06b4c9-079f-4989-8935-c6be59ddc82e@group-0D1055093416-LeaderElection157] INFO  impl.RoleInfo (RoleInfo.java:shutdownLeaderElection(134)) - 9f06b4c9-079f-4989-8935-c6be59ddc82e: shutdown LeaderElection
2019-10-17 05:57:15,114 [9f06b4c9-079f-4989-8935-c6be59ddc82e@group-0D1055093416-LeaderElection157] INFO  impl.RoleInfo (RoleInfo.java:updateAndGet(143)) - 9f06b4c9-079f-4989-8935-c6be59ddc82e: start FollowerState
2019-10-17 05:57:15,203 [Thread-1557] INFO  impl.FollowerState (FollowerState.java:run(108)) - 9f06b4c9-079f-4989-8935-c6be59ddc82e@group-0D1055093416-FollowerState: change to CANDIDATE, lastRpcTime:89ms, electionTimeout:89ms
2019-10-17 05:57:15,204 [Thread-1557] INFO  impl.RoleInfo (RoleInfo.java:shutdownFollowerState(121)) - 9f06b4c9-079f-4989-8935-c6be59ddc82e: shutdown FollowerState
2019-10-17 05:57:15,204 [Thread-1557] INFO  impl.RaftServerImpl (RaftServerImpl.java:setRole(184)) - 9f06b4c9-079f-4989-8935-c6be59ddc82e@group-0D1055093416: changes role from  FOLLOWER to CANDIDATE at term 143 for changeToCandidate
2019-10-17 05:57:15,204 [Thread-1557] INFO  impl.RoleInfo (RoleInfo.java:updateAndGet(143)) - 9f06b4c9-079f-4989-8935-c6be59ddc82e: start LeaderElection
2019-10-17 05:57:15,217 [9f06b4c9-079f-4989-8935-c6be59ddc82e@group-0D1055093416-LeaderElection158] INFO  impl.LeaderElection (LeaderElection.java:askForVotes(178)) - 9f06b4c9-079f-4989-8935-c6be59ddc82e@group-0D1055093416-LeaderElection158: begin an election at term 144 for -1: [9f06b4c9-079f-4989-8935-c6be59ddc82e:192.168.69.82:36391, b282f9e2-3bd4-452e-9c35-1adeacc39134:192.168.69.82:42567, 3ce2c7b7-3df7-42de-af28-9ba1d65ea84e:192.168.69.82:35388], old=null
2019-10-17 05:57:15,220 [grpc-default-executor-1] INFO  impl.RaftServerImpl (RaftServerImpl.java:setRole(184)) - b282f9e2-3bd4-452e-9c35-1adeacc39134@group-0D1055093416: changes role from  FOLLOWER to FOLLOWER at term 144 for recognizeCandidate:9f06b4c9-079f-4989-8935-c6be59ddc82e
2019-10-17 05:57:15,221 [grpc-default-executor-1] INFO  impl.RoleInfo (RoleInfo.java:shutdownFollowerState(121)) - b282f9e2-3bd4-452e-9c35-1adeacc39134: shutdown FollowerState
2019-10-17 05:57:15,221 [grpc-default-executor-1] INFO  impl.RoleInfo (RoleInfo.java:updateAndGet(143)) - b282f9e2-3bd4-452e-9c35-1adeacc39134: start FollowerState
2019-10-17 05:57:15,221 [grpc-default-executor-6] INFO  impl.RaftServerImpl (RaftServerImpl.java:setRole(184)) - 3ce2c7b7-3df7-42de-af28-9ba1d65ea84e@group-0D1055093416: changes role from  FOLLOWER to FOLLOWER at term 144 for recognizeCandidate:9f06b4c9-079f-4989-8935-c6be59ddc82e
2019-10-17 05:57:15,221 [Thread-1555] INFO  impl.FollowerState (FollowerState.java:run(117)) - b282f9e2-3bd4-452e-9c35-1adeacc39134@group-0D1055093416-FollowerState was interrupted: java.lang.InterruptedException: sleep interrupted
2019-10-17 05:57:15,221 [grpc-default-executor-6] INFO  impl.RoleInfo (RoleInfo.java:shutdownFollowerState(121)) - 3ce2c7b7-3df7-42de-af28-9ba1d65ea84e: shutdown FollowerState
2019-10-17 05:57:15,221 [grpc-default-executor-6] INFO  impl.RoleInfo (RoleInfo.java:updateAndGet(143)) - 3ce2c7b7-3df7-42de-af28-9ba1d65ea84e: start FollowerState
2019-10-17 05:57:15,222 [Thread-1556] INFO  impl.FollowerState (FollowerState.java:run(117)) - 3ce2c7b7-3df7-42de-af28-9ba1d65ea84e@group-0D1055093416-FollowerState was interrupted: java.lang.InterruptedException: sleep interrupted
2019-10-17 05:57:15,236 [9f06b4c9-079f-4989-8935-c6be59ddc82e@group-0D1055093416-LeaderElection158] INFO  impl.LeaderElection (LeaderElection.java:logAndReturn(56)) - 9f06b4c9-079f-4989-8935-c6be59ddc82e@group-0D1055093416-LeaderElection158: Election REJECTED; received 2 response(s) [9f06b4c9-079f-4989-8935-c6be59ddc82e<-b282f9e2-3bd4-452e-9c35-1adeacc39134#0:FAIL-t144, 9f06b4c9-079f-4989-8935-c6be59ddc82e<-3ce2c7b7-3df7-42de-af28-9ba1d65ea84e#0:FAIL-t144] and 0 exception(s); 9f06b4c9-079f-4989-8935-c6be59ddc82e@group-0D1055093416:t144, leader=null, voted=9f06b4c9-079f-4989-8935-c6be59ddc82e, raftlog=9f06b4c9-079f-4989-8935-c6be59ddc82e@group-0D1055093416-SegmentedRaftLog:OPENED:c-1,f-1,i0, conf=-1: [9f06b4c9-079f-4989-8935-c6be59ddc82e:192.168.69.82:36391, b282f9e2-3bd4-452e-9c35-1adeacc39134:192.168.69.82:42567, 3ce2c7b7-3df7-42de-af28-9ba1d65ea84e:192.168.69.82:35388], old=null
2019-10-17 05:57:15,236 [9f06b4c9-079f-4989-8935-c6be59ddc82e@group-0D1055093416-LeaderElection158] INFO  impl.RaftServerImpl (RaftServerImpl.java:setRole(184)) - 9f06b4c9-079f-4989-8935-c6be59ddc82e@group-0D1055093416: changes role from CANDIDATE to FOLLOWER at term 144 for DISCOVERED_A_NEW_TERM
2019-10-17 05:57:15,236 [9f06b4c9-079f-4989-8935-c6be59ddc82e@group-0D1055093416-LeaderElection158] INFO  impl.RoleInfo (RoleInfo.java:shutdownLeaderElection(134)) - 9f06b4c9-079f-4989-8935-c6be59ddc82e: shutdown LeaderElection
2019-10-17 05:57:15,236 [9f06b4c9-079f-4989-8935-c6be59ddc82e@group-0D1055093416-LeaderElection158] INFO  impl.RoleInfo (RoleInfo.java:updateAndGet(143)) - 9f06b4c9-079f-4989-8935-c6be59ddc82e: start FollowerState
2019-10-17 05:57:15,373 [Thread-1563] INFO  impl.FollowerState (FollowerState.java:run(108)) - 9f06b4c9-079f-4989-8935-c6be59ddc82e@group-0D1055093416-FollowerState: change to CANDIDATE, lastRpcTime:136ms, electionTimeout:136ms
2019-10-17 05:57:15,373 [Thread-1563] INFO  impl.RoleInfo (RoleInfo.java:shutdownFollowerState(121)) - 9f06b4c9-079f-4989-8935-c6be59ddc82e: shutdown FollowerState
2019-10-17 05:57:15,373 [Thread-1563] INFO  impl.RaftServerImpl (RaftServerImpl.java:setRole(184)) - 9f06b4c9-079f-4989-8935-c6be59ddc82e@group-0D1055093416: changes role from  FOLLOWER to CANDIDATE at term 144 for changeToCandidate
2019-10-17 05:57:15,373 [Thread-1563] INFO  impl.RoleInfo (RoleInfo.java:updateAndGet(143)) - 9f06b4c9-079f-4989-8935-c6be59ddc82e: start LeaderElection
2019-10-17 05:57:15,387 [9f06b4c9-079f-4989-8935-c6be59ddc82e@group-0D1055093416-LeaderElection159] INFO  impl.LeaderElection (LeaderElection.java:askForVotes(178)) - 9f06b4c9-079f-4989-8935-c6be59ddc82e@group-0D1055093416-LeaderElection159: begin an election at term 145 for -1: [9f06b4c9-079f-4989-8935-c6be59ddc82e:192.168.69.82:36391, b282f9e2-3bd4-452e-9c35-1adeacc39134:192.168.69.82:42567, 3ce2c7b7-3df7-42de-af28-9ba1d65ea84e:192.168.69.82:35388], old=null
2019-10-17 05:57:15,390 [grpc-default-executor-1] INFO  impl.RaftServerImpl (RaftServerImpl.java:setRole(184)) - 3ce2c7b7-3df7-42de-af28-9ba1d65ea84e@group-0D1055093416: changes role from  FOLLOWER to FOLLOWER at term 145 for recognizeCandidate:9f06b4c9-079f-4989-8935-c6be59ddc82e
2019-10-17 05:57:15,390 [grpc-default-executor-6] INFO  impl.RaftServerImpl (RaftServerImpl.java:setRole(184)) - b282f9e2-3bd4-452e-9c35-1adeacc39134@group-0D1055093416: changes role from  FOLLOWER to FOLLOWER at term 145 for recognizeCandidate:9f06b4c9-079f-4989-8935-c6be59ddc82e
2019-10-17 05:57:15,390 [grpc-default-executor-1] INFO  impl.RoleInfo (RoleInfo.java:shutdownFollowerState(121)) - 3ce2c7b7-3df7-42de-af28-9ba1d65ea84e: shutdown FollowerState
2019-10-17 05:57:15,390 [grpc-default-executor-6] INFO  impl.RoleInfo (RoleInfo.java:shutdownFollowerState(121)) - b282f9e2-3bd4-452e-9c35-1adeacc39134: shutdown FollowerState
2019-10-17 05:57:15,391 [grpc-default-executor-6] INFO  impl.RoleInfo (RoleInfo.java:updateAndGet(143)) - b282f9e2-3bd4-452e-9c35-1adeacc39134: start FollowerState
2019-10-17 05:57:15,391 [Thread-1562] INFO  impl.FollowerState (FollowerState.java:run(117)) - 3ce2c7b7-3df7-42de-af28-9ba1d65ea84e@group-0D1055093416-FollowerState was interrupted: java.lang.InterruptedException: sleep interrupted
2019-10-17 05:57:15,391 [grpc-default-executor-1] INFO  impl.RoleInfo (RoleInfo.java:updateAndGet(143)) - 3ce2c7b7-3df7-42de-af28-9ba1d65ea84e: start FollowerState
2019-10-17 05:57:15,391 [Thread-1561] INFO  impl.FollowerState (FollowerState.java:run(117)) - b282f9e2-3bd4-452e-9c35-1adeacc39134@group-0D1055093416-FollowerState was interrupted: java.lang.InterruptedException: sleep interrupted
2019-10-17 05:57:15,406 [9f06b4c9-079f-4989-8935-c6be59ddc82e@group-0D1055093416-LeaderElection159] INFO  impl.LeaderElection (LeaderElection.java:logAndReturn(56)) - 9f06b4c9-079f-4989-8935-c6be59ddc82e@group-0D1055093416-LeaderElection159: Election REJECTED; received 2 response(s) [9f06b4c9-079f-4989-8935-c6be59ddc82e<-b282f9e2-3bd4-452e-9c35-1adeacc39134#0:FAIL-t145, 9f06b4c9-079f-4989-8935-c6be59ddc82e<-3ce2c7b7-3df7-42de-af28-9ba1d65ea84e#0:FAIL-t145] and 0 exception(s); 9f06b4c9-079f-4989-8935-c6be59ddc82e@group-0D1055093416:t145, leader=null, voted=9f06b4c9-079f-4989-8935-c6be59ddc82e, raftlog=9f06b4c9-079f-4989-8935-c6be59ddc82e@group-0D1055093416-SegmentedRaftLog:OPENED:c-1,f-1,i0, conf=-1: [9f06b4c9-079f-4989-8935-c6be59ddc82e:192.168.69.82:36391, b282f9e2-3bd4-452e-9c35-1adeacc39134:192.168.69.82:42567, 3ce2c7b7-3df7-42de-af28-9ba1d65ea84e:192.168.69.82:35388], old=null
2019-10-17 05:57:15,406 [9f06b4c9-079f-4989-8935-c6be59ddc82e@group-0D1055093416-LeaderElection159] INFO  impl.RaftServerImpl (RaftServerImpl.java:setRole(184)) - 9f06b4c9-079f-4989-8935-c6be59ddc82e@group-0D1055093416: changes role from CANDIDATE to FOLLOWER at term 145 for DISCOVERED_A_NEW_TERM
2019-10-17 05:57:15,406 [9f06b4c9-079f-4989-8935-c6be59ddc82e@group-0D1055093416-LeaderElection159] INFO  impl.RoleInfo (RoleInfo.java:shutdownLeaderElection(134)) - 9f06b4c9-079f-4989-8935-c6be59ddc82e: shutdown LeaderElection
2019-10-17 05:57:15,406 [9f06b4c9-079f-4989-8935-c6be59ddc82e@group-0D1055093416-LeaderElection159] INFO  impl.RoleInfo (RoleInfo.java:updateAndGet(143)) - 9f06b4c9-079f-4989-8935-c6be59ddc82e: start FollowerState
2019-10-17 05:57:15,501 [Thread-1570] INFO  impl.FollowerState (FollowerState.java:run(108)) - 9f06b4c9-079f-4989-8935-c6be59ddc82e@group-0D1055093416-FollowerState: change to CANDIDATE, lastRpcTime:94ms, electionTimeout:94ms
2019-10-17 05:57:15,501 [Thread-1570] INFO  impl.RoleInfo (RoleInfo.java:shutdownFollowerState(121)) - 9f06b4c9-079f-4989-8935-c6be59ddc82e: shutdown FollowerState
2019-10-17 05:57:15,501 [Thread-1570] INFO  impl.RaftServerImpl (RaftServerImpl.java:setRole(184)) - 9f06b4c9-079f-4989-8935-c6be59ddc82e@group-0D1055093416: changes role from  FOLLOWER to CANDIDATE at term 145 for changeToCandidate
2019-10-17 05:57:15,501 [Thread-1570] INFO  impl.RoleInfo (RoleInfo.java:updateAndGet(143)) - 9f06b4c9-079f-4989-8935-c6be59ddc82e: start LeaderElection
2019-10-17 05:57:15,515 [9f06b4c9-079f-4989-8935-c6be59ddc82e@group-0D1055093416-LeaderElection160] INFO  impl.LeaderElection (LeaderElection.java:askForVotes(178)) - 9f06b4c9-079f-4989-8935-c6be59ddc82e@group-0D1055093416-LeaderElection160: begin an election at term 146 for -1: [9f06b4c9-079f-4989-8935-c6be59ddc82e:192.168.69.82:36391, b282f9e2-3bd4-452e-9c35-1adeacc39134:192.168.69.82:42567, 3ce2c7b7-3df7-42de-af28-9ba1d65ea84e:192.168.69.82:35388], old=null
2019-10-17 05:57:15,516 [grpc-default-executor-1] INFO  impl.RaftServerImpl (RaftServerImpl.java:setRole(184)) - b282f9e2-3bd4-452e-9c35-1adeacc39134@group-0D1055093416: changes role from  FOLLOWER to FOLLOWER at term 146 for recognizeCandidate:9f06b4c9-079f-4989-8935-c6be59ddc82e
2019-10-17 05:57:15,517 [grpc-default-executor-1] INFO  impl.RoleInfo (RoleInfo.java:shutdownFollowerState(121)) - b282f9e2-3bd4-452e-9c35-1adeacc39134: shutdown FollowerState
2019-10-17 05:57:15,517 [grpc-default-executor-1] INFO  impl.RoleInfo (RoleInfo.java:updateAndGet(143)) - b282f9e2-3bd4-452e-9c35-1adeacc39134: start FollowerState
2019-10-17 05:57:15,517 [grpc-default-executor-6] INFO  impl.RaftServerImpl (RaftServerImpl.java:setRole(184)) - 3ce2c7b7-3df7-42de-af28-9ba1d65ea84e@group-0D1055093416: changes role from  FOLLOWER to FOLLOWER at term 146 for recognizeCandidate:9f06b4c9-079f-4989-8935-c6be59ddc82e
2019-10-17 05:57:15,517 [grpc-default-executor-6] INFO  impl.RoleInfo (RoleInfo.java:shutdownFollowerState(121)) - 3ce2c7b7-3df7-42de-af28-9ba1d65ea84e: shutdown FollowerState
2019-10-17 05:57:15,517 [Thread-1569] INFO  impl.FollowerState (FollowerState.java:run(117)) - b282f9e2-3bd4-452e-9c35-1adeacc39134@group-0D1055093416-FollowerState was interrupted: java.lang.InterruptedException: sleep interrupted
2019-10-17 05:57:15,517 [Thread-1568] INFO  impl.FollowerState (FollowerState.java:run(117)) - 3ce2c7b7-3df7-42de-af28-9ba1d65ea84e@group-0D1055093416-FollowerState was interrupted: java.lang.InterruptedException: sleep interrupted
2019-10-17 05:57:15,517 [grpc-default-executor-6] INFO  impl.RoleInfo (RoleInfo.java:updateAndGet(143)) - 3ce2c7b7-3df7-42de-af28-9ba1d65ea84e: start FollowerState
2019-10-17 05:57:15,532 [9f06b4c9-079f-4989-8935-c6be59ddc82e@group-0D1055093416-LeaderElection160] INFO  impl.LeaderElection (LeaderElection.java:logAndReturn(56)) - 9f06b4c9-079f-4989-8935-c6be59ddc82e@group-0D1055093416-LeaderElection160: Election REJECTED; received 2 response(s) [9f06b4c9-079f-4989-8935-c6be59ddc82e<-b282f9e2-3bd4-452e-9c35-1adeacc39134#0:FAIL-t146, 9f06b4c9-079f-4989-8935-c6be59ddc82e<-3ce2c7b7-3df7-42de-af28-9ba1d65ea84e#0:FAIL-t146] and 0 exception(s); 9f06b4c9-079f-4989-8935-c6be59ddc82e@group-0D1055093416:t146, leader=null, voted=9f06b4c9-079f-4989-8935-c6be59ddc82e, raftlog=9f06b4c9-079f-4989-8935-c6be59ddc82e@group-0D1055093416-SegmentedRaftLog:OPENED:c-1,f-1,i0, conf=-1: [9f06b4c9-079f-4989-8935-c6be59ddc82e:192.168.69.82:36391, b282f9e2-3bd4-452e-9c35-1adeacc39134:192.168.69.82:42567, 3ce2c7b7-3df7-42de-af28-9ba1d65ea84e:192.168.69.82:35388], old=null
2019-10-17 05:57:15,532 [9f06b4c9-079f-4989-8935-c6be59ddc82e@group-0D1055093416-LeaderElection160] INFO  impl.RaftServerImpl (RaftServerImpl.java:setRole(184)) - 9f06b4c9-079f-4989-8935-c6be59ddc82e@group-0D1055093416: changes role from CANDIDATE to FOLLOWER at term 146 for DISCOVERED_A_NEW_TERM
2019-10-17 05:57:15,532 [9f06b4c9-079f-4989-8935-c6be59ddc82e@group-0D1055093416-LeaderElection160] INFO  impl.RoleInfo (RoleInfo.java:shutdownLeaderElection(134)) - 9f06b4c9-079f-4989-8935-c6be59ddc82e: shutdown LeaderElection
2019-10-17 05:57:15,532 [9f06b4c9-079f-4989-8935-c6be59ddc82e@group-0D1055093416-LeaderElection160] INFO  impl.RoleInfo (RoleInfo.java:updateAndGet(143)) - 9f06b4c9-079f-4989-8935-c6be59ddc82e: start FollowerState
2019-10-17 05:57:15,675 [Thread-1577] INFO  impl.FollowerState (FollowerState.java:run(108)) - 9f06b4c9-079f-4989-8935-c6be59ddc82e@group-0D1055093416-FollowerState: change to CANDIDATE, lastRpcTime:142ms, electionTimeout:142ms
2019-10-17 05:57:15,675 [Thread-1577] INFO  impl.RoleInfo (RoleInfo.java:shutdownFollowerState(121)) - 9f06b4c9-079f-4989-8935-c6be59ddc82e: shutdown FollowerState
2019-10-17 05:57:15,675 [Thread-1577] INFO  impl.RaftServerImpl (RaftServerImpl.java:setRole(184)) - 9f06b4c9-079f-4989-8935-c6be59ddc82e@group-0D1055093416: changes role from  FOLLOWER to CANDIDATE at term 146 for changeToCandidate
2019-10-17 05:57:15,675 [Thread-1577] INFO  impl.RoleInfo (RoleInfo.java:updateAndGet(143)) - 9f06b4c9-079f-4989-8935-c6be59ddc82e: start LeaderElection
2019-10-17 05:57:15,689 [9f06b4c9-079f-4989-8935-c6be59ddc82e@group-0D1055093416-LeaderElection161] INFO  impl.LeaderElection (LeaderElection.java:askForVotes(178)) - 9f06b4c9-079f-4989-8935-c6be59ddc82e@group-0D1055093416-LeaderElection161: begin an election at term 147 for -1: [9f06b4c9-079f-4989-8935-c6be59ddc82e:192.168.69.82:36391, b282f9e2-3bd4-452e-9c35-1adeacc39134:192.168.69.82:42567, 3ce2c7b7-3df7-42de-af28-9ba1d65ea84e:192.168.69.82:35388], old=null
2019-10-17 05:57:15,691 [grpc-default-executor-6] INFO  impl.RaftServerImpl (RaftServerImpl.java:setRole(184)) - b282f9e2-3bd4-452e-9c35-1adeacc39134@group-0D1055093416: changes role from  FOLLOWER to FOLLOWER at term 147 for recognizeCandidate:9f06b4c9-079f-4989-8935-c6be59ddc82e
2019-10-17 05:57:15,691 [grpc-default-executor-6] INFO  impl.RoleInfo (RoleInfo.java:shutdownFollowerState(121)) - b282f9e2-3bd4-452e-9c35-1adeacc39134: shutdown FollowerState
2019-10-17 05:57:15,691 [grpc-default-executor-6] INFO  impl.RoleInfo (RoleInfo.java:updateAndGet(143)) - b282f9e2-3bd4-452e-9c35-1adeacc39134: start FollowerState
2019-10-17 05:57:15,691 [grpc-default-executor-1] INFO  impl.RaftServerImpl (RaftServerImpl.java:setRole(184)) - 3ce2c7b7-3df7-42de-af28-9ba1d65ea84e@group-0D1055093416: changes role from  FOLLOWER to FOLLOWER at term 147 for recognizeCandidate:9f06b4c9-079f-4989-8935-c6be59ddc82e
2019-10-17 05:57:15,691 [Thread-1575] INFO  impl.FollowerState (FollowerState.java:run(117)) - b282f9e2-3bd4-452e-9c35-1adeacc39134@group-0D1055093416-FollowerState was interrupted: java.lang.InterruptedException: sleep interrupted
2019-10-17 05:57:15,691 [grpc-default-executor-1] INFO  impl.RoleInfo (RoleInfo.java:shutdownFollowerState(121)) - 3ce2c7b7-3df7-42de-af28-9ba1d65ea84e: shutdown FollowerState
2019-10-17 05:57:15,692 [grpc-default-executor-1] INFO  impl.RoleInfo (RoleInfo.java:updateAndGet(143)) - 3ce2c7b7-3df7-42de-af28-9ba1d65ea84e: start FollowerState
2019-10-17 05:57:15,692 [Thread-1576] INFO  impl.FollowerState (FollowerState.java:run(117)) - 3ce2c7b7-3df7-42de-af28-9ba1d65ea84e@group-0D1055093416-FollowerState was interrupted: java.lang.InterruptedException: sleep interrupted
2019-10-17 05:57:15,706 [9f06b4c9-079f-4989-8935-c6be59ddc82e@group-0D1055093416-LeaderElection161] INFO  impl.LeaderElection (LeaderElection.java:logAndReturn(56)) - 9f06b4c9-079f-4989-8935-c6be59ddc82e@group-0D1055093416-LeaderElection161: Election REJECTED; received 2 response(s) [9f06b4c9-079f-4989-8935-c6be59ddc82e<-b282f9e2-3bd4-452e-9c35-1adeacc39134#0:FAIL-t147, 9f06b4c9-079f-4989-8935-c6be59ddc82e<-3ce2c7b7-3df7-42de-af28-9ba1d65ea84e#0:FAIL-t147] and 0 exception(s); 9f06b4c9-079f-4989-8935-c6be59ddc82e@group-0D1055093416:t147, leader=null, voted=9f06b4c9-079f-4989-8935-c6be59ddc82e, raftlog=9f06b4c9-079f-4989-8935-c6be59ddc82e@group-0D1055093416-SegmentedRaftLog:OPENED:c-1,f-1,i0, conf=-1: [9f06b4c9-079f-4989-8935-c6be59ddc82e:192.168.69.82:36391, b282f9e2-3bd4-452e-9c35-1adeacc39134:192.168.69.82:42567, 3ce2c7b7-3df7-42de-af28-9ba1d65ea84e:192.168.69.82:35388], old=null
2019-10-17 05:57:15,706 [9f06b4c9-079f-4989-8935-c6be59ddc82e@group-0D1055093416-LeaderElection161] INFO  impl.RaftServerImpl (RaftServerImpl.java:setRole(184)) - 9f06b4c9-079f-4989-8935-c6be59ddc82e@group-0D1055093416: changes role from CANDIDATE to FOLLOWER at term 147 for DISCOVERED_A_NEW_TERM
2019-10-17 05:57:15,706 [9f06b4c9-079f-4989-8935-c6be59ddc82e@group-0D1055093416-LeaderElection161] INFO  impl.RoleInfo (RoleInfo.java:shutdownLeaderElection(134)) - 9f06b4c9-079f-4989-8935-c6be59ddc82e: shutdown LeaderElection
2019-10-17 05:57:15,706 [9f06b4c9-079f-4989-8935-c6be59ddc82e@group-0D1055093416-LeaderElection161] INFO  impl.RoleInfo (RoleInfo.java:updateAndGet(143)) - 9f06b4c9-079f-4989-8935-c6be59ddc82e: start FollowerState
2019-10-17 05:57:15,726 [Thread-1583] INFO  impl.FollowerState (FollowerState.java:run(108)) - 9f06b4c9-079f-4989-8935-c6be59ddc82e@group-0D1055093416-FollowerState: change to CANDIDATE, lastRpcTime:19ms, electionTimeout:19ms
2019-10-17 05:57:15,726 [Thread-1583] INFO  impl.RoleInfo (RoleInfo.java:shutdownFollowerState(121)) - 9f06b4c9-079f-4989-8935-c6be59ddc82e: shutdown FollowerState
2019-10-17 05:57:15,726 [Thread-1583] INFO  impl.RaftServerImpl (RaftServerImpl.java:setRole(184)) - 9f06b4c9-079f-4989-8935-c6be59ddc82e@group-0D1055093416: changes role from  FOLLOWER to CANDIDATE at term 147 for changeToCandidate
2019-10-17 05:57:15,726 [Thread-1583] INFO  impl.RoleInfo (RoleInfo.java:updateAndGet(143)) - 9f06b4c9-079f-4989-8935-c6be59ddc82e: start LeaderElection
2019-10-17 05:57:15,740 [9f06b4c9-079f-4989-8935-c6be59ddc82e@group-0D1055093416-LeaderElection162] INFO  impl.LeaderElection (LeaderElection.java:askForVotes(178)) - 9f06b4c9-079f-4989-8935-c6be59ddc82e@group-0D1055093416-LeaderElection162: begin an election at term 148 for -1: [9f06b4c9-079f-4989-8935-c6be59ddc82e:192.168.69.82:36391, b282f9e2-3bd4-452e-9c35-1adeacc39134:192.168.69.82:42567, 3ce2c7b7-3df7-42de-af28-9ba1d65ea84e:192.168.69.82:35388], old=null
2019-10-17 05:57:15,741 [grpc-default-executor-1] INFO  impl.RaftServerImpl (RaftServerImpl.java:setRole(184)) - b282f9e2-3bd4-452e-9c35-1adeacc39134@group-0D1055093416: changes role from  FOLLOWER to FOLLOWER at term 148 for recognizeCandidate:9f06b4c9-079f-4989-8935-c6be59ddc82e
2019-10-17 05:57:15,741 [grpc-default-executor-1] INFO  impl.RoleInfo (RoleInfo.java:shutdownFollowerState(121)) - b282f9e2-3bd4-452e-9c35-1adeacc39134: shutdown FollowerState
2019-10-17 05:57:15,742 [grpc-default-executor-6] INFO  impl.RaftServerImpl (RaftServerImpl.java:setRole(184)) - 3ce2c7b7-3df7-42de-af28-9ba1d65ea84e@group-0D1055093416: changes role from  FOLLOWER to FOLLOWER at term 148 for recognizeCandidate:9f06b4c9-079f-4989-8935-c6be59ddc82e
2019-10-17 05:57:15,742 [Thread-1581] INFO  impl.FollowerState (FollowerState.java:run(117)) - b282f9e2-3bd4-452e-9c35-1adeacc39134@group-0D1055093416-FollowerState was interrupted: java.lang.InterruptedException: sleep interrupted
2019-10-17 05:57:15,742 [grpc-default-executor-1] INFO  impl.RoleInfo (RoleInfo.java:updateAndGet(143)) - b282f9e2-3bd4-452e-9c35-1adeacc39134: start FollowerState
2019-10-17 05:57:15,742 [grpc-default-executor-6] INFO  impl.RoleInfo (RoleInfo.java:shutdownFollowerState(121)) - 3ce2c7b7-3df7-42de-af28-9ba1d65ea84e: shutdown FollowerState
2019-10-17 05:57:15,742 [grpc-default-executor-6] INFO  impl.RoleInfo (RoleInfo.java:updateAndGet(143)) - 3ce2c7b7-3df7-42de-af28-9ba1d65ea84e: start FollowerState
2019-10-17 05:57:15,742 [Thread-1582] INFO  impl.FollowerState (FollowerState.java:run(117)) - 3ce2c7b7-3df7-42de-af28-9ba1d65ea84e@group-0D1055093416-FollowerState was interrupted: java.lang.InterruptedException: sleep interrupted
2019-10-17 05:57:15,756 [9f06b4c9-079f-4989-8935-c6be59ddc82e@group-0D1055093416-LeaderElection162] INFO  impl.LeaderElection (LeaderElection.java:logAndReturn(56)) - 9f06b4c9-079f-4989-8935-c6be59ddc82e@group-0D1055093416-LeaderElection162: Election REJECTED; received 2 response(s) [9f06b4c9-079f-4989-8935-c6be59ddc82e<-b282f9e2-3bd4-452e-9c35-1adeacc39134#0:FAIL-t148, 9f06b4c9-079f-4989-8935-c6be59ddc82e<-3ce2c7b7-3df7-42de-af28-9ba1d65ea84e#0:FAIL-t148] and 0 exception(s); 9f06b4c9-079f-4989-8935-c6be59ddc82e@group-0D1055093416:t148, leader=null, voted=9f06b4c9-079f-4989-8935-c6be59ddc82e, raftlog=9f06b4c9-079f-4989-8935-c6be59ddc82e@group-0D1055093416-SegmentedRaftLog:OPENED:c-1,f-1,i0, conf=-1: [9f06b4c9-079f-4989-8935-c6be59ddc82e:192.168.69.82:36391, b282f9e2-3bd4-452e-9c35-1adeacc39134:192.168.69.82:42567, 3ce2c7b7-3df7-42de-af28-9ba1d65ea84e:192.168.69.82:35388], old=null
2019-10-17 05:57:15,756 [9f06b4c9-079f-4989-8935-c6be59ddc82e@group-0D1055093416-LeaderElection162] INFO  impl.RaftServerImpl (RaftServerImpl.java:setRole(184)) - 9f06b4c9-079f-4989-8935-c6be59ddc82e@group-0D1055093416: changes role from CANDIDATE to FOLLOWER at term 148 for DISCOVERED_A_NEW_TERM
2019-10-17 05:57:15,756 [9f06b4c9-079f-4989-8935-c6be59ddc82e@group-0D1055093416-LeaderElection162] INFO  impl.RoleInfo (RoleInfo.java:shutdownLeaderElection(134)) - 9f06b4c9-079f-4989-8935-c6be59ddc82e: shutdown LeaderElection
2019-10-17 05:57:15,757 [9f06b4c9-079f-4989-8935-c6be59ddc82e@group-0D1055093416-LeaderElection162] INFO  impl.RoleInfo (RoleInfo.java:updateAndGet(143)) - 9f06b4c9-079f-4989-8935-c6be59ddc82e: start FollowerState
2019-10-17 05:57:15,893 [Thread-1589] INFO  impl.FollowerState (FollowerState.java:run(108)) - 9f06b4c9-079f-4989-8935-c6be59ddc82e@group-0D1055093416-FollowerState: change to CANDIDATE, lastRpcTime:136ms, electionTimeout:136ms
2019-10-17 05:57:15,893 [Thread-1589] INFO  impl.RoleInfo (RoleInfo.java:shutdownFollowerState(121)) - 9f06b4c9-079f-4989-8935-c6be59ddc82e: shutdown FollowerState
2019-10-17 05:57:15,893 [Thread-1589] INFO  impl.RaftServerImpl (RaftServerImpl.java:setRole(184)) - 9f06b4c9-079f-4989-8935-c6be59ddc82e@group-0D1055093416: changes role from  FOLLOWER to CANDIDATE at term 148 for changeToCandidate
2019-10-17 05:57:15,894 [Thread-1589] INFO  impl.RoleInfo (RoleInfo.java:updateAndGet(143)) - 9f06b4c9-079f-4989-8935-c6be59ddc82e: start LeaderElection
2019-10-17 05:57:15,907 [9f06b4c9-079f-4989-8935-c6be59ddc82e@group-0D1055093416-LeaderElection163] INFO  impl.LeaderElection (LeaderElection.java:askForVotes(178)) - 9f06b4c9-079f-4989-8935-c6be59ddc82e@group-0D1055093416-LeaderElection163: begin an election at term 149 for -1: [9f06b4c9-079f-4989-8935-c6be59ddc82e:192.168.69.82:36391, b282f9e2-3bd4-452e-9c35-1adeacc39134:192.168.69.82:42567, 3ce2c7b7-3df7-42de-af28-9ba1d65ea84e:192.168.69.82:35388], old=null
2019-10-17 05:57:15,910 [grpc-default-executor-1] INFO  impl.RaftServerImpl (RaftServerImpl.java:setRole(184)) - b282f9e2-3bd4-452e-9c35-1adeacc39134@group-0D1055093416: changes role from  FOLLOWER to FOLLOWER at term 149 for recognizeCandidate:9f06b4c9-079f-4989-8935-c6be59ddc82e
2019-10-17 05:57:15,910 [grpc-default-executor-1] INFO  impl.RoleInfo (RoleInfo.java:shutdownFollowerState(121)) - b282f9e2-3bd4-452e-9c35-1adeacc39134: shutdown FollowerState
2019-10-17 05:57:15,910 [grpc-default-executor-1] INFO  impl.RoleInfo (RoleInfo.java:updateAndGet(143)) - b282f9e2-3bd4-452e-9c35-1adeacc39134: start FollowerState
2019-10-17 05:57:15,910 [grpc-default-executor-6] INFO  impl.RaftServerImpl (RaftServerImpl.java:setRole(184)) - 3ce2c7b7-3df7-42de-af28-9ba1d65ea84e@group-0D1055093416: changes role from  FOLLOWER to FOLLOWER at term 149 for recognizeCandidate:9f06b4c9-079f-4989-8935-c6be59ddc82e
2019-10-17 05:57:15,911 [grpc-default-executor-6] INFO  impl.RoleInfo (RoleInfo.java:shutdownFollowerState(121)) - 3ce2c7b7-3df7-42de-af28-9ba1d65ea84e: shutdown FollowerState
2019-10-17 05:57:15,910 [Thread-1587] INFO  impl.FollowerState (FollowerState.java:run(117)) - b282f9e2-3bd4-452e-9c35-1adeacc39134@group-0D1055093416-FollowerState was interrupted: java.lang.InterruptedException: sleep interrupted
2019-10-17 05:57:15,911 [Thread-1588] INFO  impl.FollowerState (FollowerState.java:run(117)) - 3ce2c7b7-3df7-42de-af28-9ba1d65ea84e@group-0D1055093416-FollowerState was interrupted: java.lang.InterruptedException: sleep interrupted
2019-10-17 05:57:15,911 [grpc-default-executor-6] INFO  impl.RoleInfo (RoleInfo.java:updateAndGet(143)) - 3ce2c7b7-3df7-42de-af28-9ba1d65ea84e: start FollowerState
2019-10-17 05:57:15,915 [9f06b4c9-079f-4989-8935-c6be59ddc82e@group-0D1055093416-LeaderElection163] INFO  impl.LeaderElection (LeaderElection.java:logAndReturn(56)) - 9f06b4c9-079f-4989-8935-c6be59ddc82e@group-0D1055093416-LeaderElection163: Election TIMEOUT; received 0 response(s) [] and 0 exception(s); 9f06b4c9-079f-4989-8935-c6be59ddc82e@group-0D1055093416:t149, leader=null, voted=9f06b4c9-079f-4989-8935-c6be59ddc82e, raftlog=9f06b4c9-079f-4989-8935-c6be59ddc82e@group-0D1055093416-SegmentedRaftLog:OPENED:c-1,f-1,i0, conf=-1: [9f06b4c9-079f-4989-8935-c6be59ddc82e:192.168.69.82:36391, b282f9e2-3bd4-452e-9c35-1adeacc39134:192.168.69.82:42567, 3ce2c7b7-3df7-42de-af28-9ba1d65ea84e:192.168.69.82:35388], old=null
2019-10-17 05:57:15,924 [9f06b4c9-079f-4989-8935-c6be59ddc82e@group-0D1055093416-LeaderElection163] INFO  impl.LeaderElection (LeaderElection.java:askForVotes(178)) - 9f06b4c9-079f-4989-8935-c6be59ddc82e@group-0D1055093416-LeaderElection163: begin an election at term 150 for -1: [9f06b4c9-079f-4989-8935-c6be59ddc82e:192.168.69.82:36391, b282f9e2-3bd4-452e-9c35-1adeacc39134:192.168.69.82:42567, 3ce2c7b7-3df7-42de-af28-9ba1d65ea84e:192.168.69.82:35388], old=null
2019-10-17 05:57:15,926 [grpc-default-executor-1] INFO  impl.RaftServerImpl (RaftServerImpl.java:setRole(184)) - b282f9e2-3bd4-452e-9c35-1adeacc39134@group-0D1055093416: changes role from  FOLLOWER to FOLLOWER at term 150 for recognizeCandidate:9f06b4c9-079f-4989-8935-c6be59ddc82e
2019-10-17 05:57:15,926 [grpc-default-executor-1] INFO  impl.RoleInfo (RoleInfo.java:shutdownFollowerState(121)) - b282f9e2-3bd4-452e-9c35-1adeacc39134: shutdown FollowerState
2019-10-17 05:57:15,927 [grpc-default-executor-6] INFO  impl.RaftServerImpl (RaftServerImpl.java:setRole(184)) - 3ce2c7b7-3df7-42de-af28-9ba1d65ea84e@group-0D1055093416: changes role from  FOLLOWER to FOLLOWER at term 150 for recognizeCandidate:9f06b4c9-079f-4989-8935-c6be59ddc82e
2019-10-17 05:57:15,927 [Thread-1594] INFO  impl.FollowerState (FollowerState.java:run(117)) - b282f9e2-3bd4-452e-9c35-1adeacc39134@group-0D1055093416-FollowerState was interrupted: java.lang.InterruptedException: sleep interrupted
2019-10-17 05:57:15,927 [grpc-default-executor-1] INFO  impl.RoleInfo (RoleInfo.java:updateAndGet(143)) - b282f9e2-3bd4-452e-9c35-1adeacc39134: start FollowerState
2019-10-17 05:57:15,927 [grpc-default-executor-6] INFO  impl.RoleInfo (RoleInfo.java:shutdownFollowerState(121)) - 3ce2c7b7-3df7-42de-af28-9ba1d65ea84e: shutdown FollowerState
2019-10-17 05:57:15,927 [grpc-default-executor-6] INFO  impl.RoleInfo (RoleInfo.java:updateAndGet(143)) - 3ce2c7b7-3df7-42de-af28-9ba1d65ea84e: start FollowerState
2019-10-17 05:57:15,927 [Thread-1595] INFO  impl.FollowerState (FollowerState.java:run(117)) - 3ce2c7b7-3df7-42de-af28-9ba1d65ea84e@group-0D1055093416-FollowerState was interrupted: java.lang.InterruptedException: sleep interrupted
2019-10-17 05:57:15,941 [9f06b4c9-079f-4989-8935-c6be59ddc82e@group-0D1055093416-LeaderElection163] INFO  impl.LeaderElection (LeaderElection.java:logAndReturn(56)) - 9f06b4c9-079f-4989-8935-c6be59ddc82e@group-0D1055093416-LeaderElection163: Election REJECTED; received 2 response(s) [9f06b4c9-079f-4989-8935-c6be59ddc82e<-b282f9e2-3bd4-452e-9c35-1adeacc39134#0:FAIL-t150, 9f06b4c9-079f-4989-8935-c6be59ddc82e<-3ce2c7b7-3df7-42de-af28-9ba1d65ea84e#0:FAIL-t150] and 0 exception(s); 9f06b4c9-079f-4989-8935-c6be59ddc82e@group-0D1055093416:t150, leader=null, voted=9f06b4c9-079f-4989-8935-c6be59ddc82e, raftlog=9f06b4c9-079f-4989-8935-c6be59ddc82e@group-0D1055093416-SegmentedRaftLog:OPENED:c-1,f-1,i0, conf=-1: [9f06b4c9-079f-4989-8935-c6be59ddc82e:192.168.69.82:36391, b282f9e2-3bd4-452e-9c35-1adeacc39134:192.168.69.82:42567, 3ce2c7b7-3df7-42de-af28-9ba1d65ea84e:192.168.69.82:35388], old=null
2019-10-17 05:57:15,942 [9f06b4c9-079f-4989-8935-c6be59ddc82e@group-0D1055093416-LeaderElection163] INFO  impl.RaftServerImpl (RaftServerImpl.java:setRole(184)) - 9f06b4c9-079f-4989-8935-c6be59ddc82e@group-0D1055093416: changes role from CANDIDATE to FOLLOWER at term 150 for DISCOVERED_A_NEW_TERM
2019-10-17 05:57:15,942 [9f06b4c9-079f-4989-8935-c6be59ddc82e@group-0D1055093416-LeaderElection163] INFO  impl.RoleInfo (RoleInfo.java:shutdownLeaderElection(134)) - 9f06b4c9-079f-4989-8935-c6be59ddc82e: shutdown LeaderElection
2019-10-17 05:57:15,942 [9f06b4c9-079f-4989-8935-c6be59ddc82e@group-0D1055093416-LeaderElection163] INFO  impl.RoleInfo (RoleInfo.java:updateAndGet(143)) - 9f06b4c9-079f-4989-8935-c6be59ddc82e: start FollowerState
2019-10-17 05:57:16,053 [Thread-1601] INFO  impl.FollowerState (FollowerState.java:run(108)) - 9f06b4c9-079f-4989-8935-c6be59ddc82e@group-0D1055093416-FollowerState: change to CANDIDATE, lastRpcTime:111ms, electionTimeout:111ms
2019-10-17 05:57:16,054 [Thread-1601] INFO  impl.RoleInfo (RoleInfo.java:shutdownFollowerState(121)) - 9f06b4c9-079f-4989-8935-c6be59ddc82e: shutdown FollowerState
2019-10-17 05:57:16,054 [Thread-1601] INFO  impl.RaftServerImpl (RaftServerImpl.java:setRole(184)) - 9f06b4c9-079f-4989-8935-c6be59ddc82e@group-0D1055093416: changes role from  FOLLOWER to CANDIDATE at term 150 for changeToCandidate
2019-10-17 05:57:16,054 [Thread-1601] INFO  impl.RoleInfo (RoleInfo.java:updateAndGet(143)) - 9f06b4c9-079f-4989-8935-c6be59ddc82e: start LeaderElection
2019-10-17 05:57:16,074 [9f06b4c9-079f-4989-8935-c6be59ddc82e@group-0D1055093416-LeaderElection164] INFO  impl.LeaderElection (LeaderElection.java:askForVotes(178)) - 9f06b4c9-079f-4989-8935-c6be59ddc82e@group-0D1055093416-LeaderElection164: begin an election at term 151 for -1: [9f06b4c9-079f-4989-8935-c6be59ddc82e:192.168.69.82:36391, b282f9e2-3bd4-452e-9c35-1adeacc39134:192.168.69.82:42567, 3ce2c7b7-3df7-42de-af28-9ba1d65ea84e:192.168.69.82:35388], old=null
2019-10-17 05:57:16,076 [grpc-default-executor-1] INFO  impl.RaftServerImpl (RaftServerImpl.java:setRole(184)) - b282f9e2-3bd4-452e-9c35-1adeacc39134@group-0D1055093416: changes role from  FOLLOWER to FOLLOWER at term 151 for recognizeCandidate:9f06b4c9-079f-4989-8935-c6be59ddc82e
2019-10-17 05:57:16,076 [grpc-default-executor-1] INFO  impl.RoleInfo (RoleInfo.java:shutdownFollowerState(121)) - b282f9e2-3bd4-452e-9c35-1adeacc39134: shutdown FollowerState
2019-10-17 05:57:16,076 [grpc-default-executor-1] INFO  impl.RoleInfo (RoleInfo.java:updateAndGet(143)) - b282f9e2-3bd4-452e-9c35-1adeacc39134: start FollowerState
2019-10-17 05:57:16,076 [Thread-1599] INFO  impl.FollowerState (FollowerState.java:run(117)) - b282f9e2-3bd4-452e-9c35-1adeacc39134@group-0D1055093416-FollowerState was interrupted: java.lang.InterruptedException: sleep interrupted
2019-10-17 05:57:16,077 [grpc-default-executor-6] INFO  impl.RaftServerImpl (RaftServerImpl.java:setRole(184)) - 3ce2c7b7-3df7-42de-af28-9ba1d65ea84e@group-0D1055093416: changes role from  FOLLOWER to FOLLOWER at term 151 for recognizeCandidate:9f06b4c9-079f-4989-8935-c6be59ddc82e
2019-10-17 05:57:16,077 [grpc-default-executor-6] INFO  impl.RoleInfo (RoleInfo.java:shutdownFollowerState(121)) - 3ce2c7b7-3df7-42de-af28-9ba1d65ea84e: shutdown FollowerState
2019-10-17 05:57:16,077 [grpc-default-executor-6] INFO  impl.RoleInfo (RoleInfo.java:updateAndGet(143)) - 3ce2c7b7-3df7-42de-af28-9ba1d65ea84e: start FollowerState
2019-10-17 05:57:16,077 [Thread-1600] INFO  impl.FollowerState (FollowerState.java:run(117)) - 3ce2c7b7-3df7-42de-af28-9ba1d65ea84e@group-0D1055093416-FollowerState was interrupted: java.lang.InterruptedException: sleep interrupted
2019-10-17 05:57:16,091 [9f06b4c9-079f-4989-8935-c6be59ddc82e@group-0D1055093416-LeaderElection164] INFO  impl.LeaderElection (LeaderElection.java:logAndReturn(56)) - 9f06b4c9-079f-4989-8935-c6be59ddc82e@group-0D1055093416-LeaderElection164: Election REJECTED; received 2 response(s) [9f06b4c9-079f-4989-8935-c6be59ddc82e<-b282f9e2-3bd4-452e-9c35-1adeacc39134#0:FAIL-t151, 9f06b4c9-079f-4989-8935-c6be59ddc82e<-3ce2c7b7-3df7-42de-af28-9ba1d65ea84e#0:FAIL-t151] and 0 exception(s); 9f06b4c9-079f-4989-8935-c6be59ddc82e@group-0D1055093416:t151, leader=null, voted=9f06b4c9-079f-4989-8935-c6be59ddc82e, raftlog=9f06b4c9-079f-4989-8935-c6be59ddc82e@group-0D1055093416-SegmentedRaftLog:OPENED:c-1,f-1,i0, conf=-1: [9f06b4c9-079f-4989-8935-c6be59ddc82e:192.168.69.82:36391, b282f9e2-3bd4-452e-9c35-1adeacc39134:192.168.69.82:42567, 3ce2c7b7-3df7-42de-af28-9ba1d65ea84e:192.168.69.82:35388], old=null
2019-10-17 05:57:16,091 [9f06b4c9-079f-4989-8935-c6be59ddc82e@group-0D1055093416-LeaderElection164] INFO  impl.RaftServerImpl (RaftServerImpl.java:setRole(184)) - 9f06b4c9-079f-4989-8935-c6be59ddc82e@group-0D1055093416: changes role from CANDIDATE to FOLLOWER at term 151 for DISCOVERED_A_NEW_TERM
2019-10-17 05:57:16,091 [9f06b4c9-079f-4989-8935-c6be59ddc82e@group-0D1055093416-LeaderElection164] INFO  impl.RoleInfo (RoleInfo.java:shutdownLeaderElection(134)) - 9f06b4c9-079f-4989-8935-c6be59ddc82e: shutdown LeaderElection
2019-10-17 05:57:16,091 [9f06b4c9-079f-4989-8935-c6be59ddc82e@group-0D1055093416-LeaderElection164] INFO  impl.RoleInfo (RoleInfo.java:updateAndGet(143)) - 9f06b4c9-079f-4989-8935-c6be59ddc82e: start FollowerState
2019-10-17 05:57:16,178 [Thread-1607] INFO  impl.FollowerState (FollowerState.java:run(108)) - 9f06b4c9-079f-4989-8935-c6be59ddc82e@group-0D1055093416-FollowerState: change to CANDIDATE, lastRpcTime:86ms, electionTimeout:86ms
2019-10-17 05:57:16,178 [Thread-1607] INFO  impl.RoleInfo (RoleInfo.java:shutdownFollowerState(121)) - 9f06b4c9-079f-4989-8935-c6be59ddc82e: shutdown FollowerState
2019-10-17 05:57:16,178 [Thread-1607] INFO  impl.RaftServerImpl (RaftServerImpl.java:setRole(184)) - 9f06b4c9-079f-4989-8935-c6be59ddc82e@group-0D1055093416: changes role from  FOLLOWER to CANDIDATE at term 151 for changeToCandidate
2019-10-17 05:57:16,178 [Thread-1607] INFO  impl.RoleInfo (RoleInfo.java:updateAndGet(143)) - 9f06b4c9-079f-4989-8935-c6be59ddc82e: start LeaderElection
2019-10-17 05:57:16,192 [9f06b4c9-079f-4989-8935-c6be59ddc82e@group-0D1055093416-LeaderElection165] INFO  impl.LeaderElection (LeaderElection.java:askForVotes(178)) - 9f06b4c9-079f-4989-8935-c6be59ddc82e@group-0D1055093416-LeaderElection165: begin an election at term 152 for -1: [9f06b4c9-079f-4989-8935-c6be59ddc82e:192.168.69.82:36391, b282f9e2-3bd4-452e-9c35-1adeacc39134:192.168.69.82:42567, 3ce2c7b7-3df7-42de-af28-9ba1d65ea84e:192.168.69.82:35388], old=null
2019-10-17 05:57:16,194 [grpc-default-executor-1] INFO  impl.RaftServerImpl (RaftServerImpl.java:setRole(184)) - b282f9e2-3bd4-452e-9c35-1adeacc39134@group-0D1055093416: changes role from  FOLLOWER to FOLLOWER at term 152 for recognizeCandidate:9f06b4c9-079f-4989-8935-c6be59ddc82e
2019-10-17 05:57:16,194 [grpc-default-executor-1] INFO  impl.RoleInfo (RoleInfo.java:shutdownFollowerState(121)) - b282f9e2-3bd4-452e-9c35-1adeacc39134: shutdown FollowerState
2019-10-17 05:57:16,194 [Thread-1605] INFO  impl.FollowerState (FollowerState.java:run(117)) - b282f9e2-3bd4-452e-9c35-1adeacc39134@group-0D1055093416-FollowerState was interrupted: java.lang.InterruptedException: sleep interrupted
2019-10-17 05:57:16,194 [grpc-default-executor-1] INFO  impl.RoleInfo (RoleInfo.java:updateAndGet(143)) - b282f9e2-3bd4-452e-9c35-1adeacc39134: start FollowerState
2019-10-17 05:57:16,194 [grpc-default-executor-6] INFO  impl.RaftServerImpl (RaftServerImpl.java:setRole(184)) - 3ce2c7b7-3df7-42de-af28-9ba1d65ea84e@group-0D1055093416: changes role from  FOLLOWER to FOLLOWER at term 152 for recognizeCandidate:9f06b4c9-079f-4989-8935-c6be59ddc82e
2019-10-17 05:57:16,195 [grpc-default-executor-6] INFO  impl.RoleInfo (RoleInfo.java:shutdownFollowerState(121)) - 3ce2c7b7-3df7-42de-af28-9ba1d65ea84e: shutdown FollowerState
2019-10-17 05:57:16,195 [grpc-default-executor-6] INFO  impl.RoleInfo (RoleInfo.java:updateAndGet(143)) - 3ce2c7b7-3df7-42de-af28-9ba1d65ea84e: start FollowerState
2019-10-17 05:57:16,195 [Thread-1606] INFO  impl.FollowerState (FollowerState.java:run(117)) - 3ce2c7b7-3df7-42de-af28-9ba1d65ea84e@group-0D1055093416-FollowerState was interrupted: java.lang.InterruptedException: sleep interrupted
2019-10-17 05:57:16,210 [9f06b4c9-079f-4989-8935-c6be59ddc82e@group-0D1055093416-LeaderElection165] INFO  impl.LeaderElection (LeaderElection.java:logAndReturn(56)) - 9f06b4c9-079f-4989-8935-c6be59ddc82e@group-0D1055093416-LeaderElection165: Election REJECTED; received 2 response(s) [9f06b4c9-079f-4989-8935-c6be59ddc82e<-b282f9e2-3bd4-452e-9c35-1adeacc39134#0:FAIL-t152, 9f06b4c9-079f-4989-8935-c6be59ddc82e<-3ce2c7b7-3df7-42de-af28-9ba1d65ea84e#0:FAIL-t152] and 0 exception(s); 9f06b4c9-079f-4989-8935-c6be59ddc82e@group-0D1055093416:t152, leader=null, voted=9f06b4c9-079f-4989-8935-c6be59ddc82e, raftlog=9f06b4c9-079f-4989-8935-c6be59ddc82e@group-0D1055093416-SegmentedRaftLog:OPENED:c-1,f-1,i0, conf=-1: [9f06b4c9-079f-4989-8935-c6be59ddc82e:192.168.69.82:36391, b282f9e2-3bd4-452e-9c35-1adeacc39134:192.168.69.82:42567, 3ce2c7b7-3df7-42de-af28-9ba1d65ea84e:192.168.69.82:35388], old=null
2019-10-17 05:57:16,210 [9f06b4c9-079f-4989-8935-c6be59ddc82e@group-0D1055093416-LeaderElection165] INFO  impl.RaftServerImpl (RaftServerImpl.java:setRole(184)) - 9f06b4c9-079f-4989-8935-c6be59ddc82e@group-0D1055093416: changes role from CANDIDATE to FOLLOWER at term 152 for DISCOVERED_A_NEW_TERM
2019-10-17 05:57:16,210 [9f06b4c9-079f-4989-8935-c6be59ddc82e@group-0D1055093416-LeaderElection165] INFO  impl.RoleInfo (RoleInfo.java:shutdownLeaderElection(134)) - 9f06b4c9-079f-4989-8935-c6be59ddc82e: shutdown LeaderElection
2019-10-17 05:57:16,210 [9f06b4c9-079f-4989-8935-c6be59ddc82e@group-0D1055093416-LeaderElection165] INFO  impl.RoleInfo (RoleInfo.java:updateAndGet(143)) - 9f06b4c9-079f-4989-8935-c6be59ddc82e: start FollowerState
2019-10-17 05:57:16,286 [Thread-1613] INFO  impl.FollowerState (FollowerState.java:run(108)) - 9f06b4c9-079f-4989-8935-c6be59ddc82e@group-0D1055093416-FollowerState: change to CANDIDATE, lastRpcTime:75ms, electionTimeout:75ms
2019-10-17 05:57:16,286 [Thread-1613] INFO  impl.RoleInfo (RoleInfo.java:shutdownFollowerState(121)) - 9f06b4c9-079f-4989-8935-c6be59ddc82e: shutdown FollowerState
2019-10-17 05:57:16,286 [Thread-1613] INFO  impl.RaftServerImpl (RaftServerImpl.java:setRole(184)) - 9f06b4c9-079f-4989-8935-c6be59ddc82e@group-0D1055093416: changes role from  FOLLOWER to CANDIDATE at term 152 for changeToCandidate
2019-10-17 05:57:16,286 [Thread-1613] INFO  impl.RoleInfo (RoleInfo.java:updateAndGet(143)) - 9f06b4c9-079f-4989-8935-c6be59ddc82e: start LeaderElection
2019-10-17 05:57:16,300 [9f06b4c9-079f-4989-8935-c6be59ddc82e@group-0D1055093416-LeaderElection166] INFO  impl.LeaderElection (LeaderElection.java:askForVotes(178)) - 9f06b4c9-079f-4989-8935-c6be59ddc82e@group-0D1055093416-LeaderElection166: begin an election at term 153 for -1: [9f06b4c9-079f-4989-8935-c6be59ddc82e:192.168.69.82:36391, b282f9e2-3bd4-452e-9c35-1adeacc39134:192.168.69.82:42567, 3ce2c7b7-3df7-42de-af28-9ba1d65ea84e:192.168.69.82:35388], old=null
2019-10-17 05:57:16,302 [grpc-default-executor-1] INFO  impl.RaftServerImpl (RaftServerImpl.java:setRole(184)) - b282f9e2-3bd4-452e-9c35-1adeacc39134@group-0D1055093416: changes role from  FOLLOWER to FOLLOWER at term 153 for recognizeCandidate:9f06b4c9-079f-4989-8935-c6be59ddc82e
2019-10-17 05:57:16,302 [grpc-default-executor-1] INFO  impl.RoleInfo (RoleInfo.java:shutdownFollowerState(121)) - b282f9e2-3bd4-452e-9c35-1adeacc39134: shutdown FollowerState
2019-10-17 05:57:16,302 [grpc-default-executor-1] INFO  impl.RoleInfo (RoleInfo.java:updateAndGet(143)) - b282f9e2-3bd4-452e-9c35-1adeacc39134: start FollowerState
2019-10-17 05:57:16,302 [Thread-1611] INFO  impl.FollowerState (FollowerState.java:run(117)) - b282f9e2-3bd4-452e-9c35-1adeacc39134@group-0D1055093416-FollowerState was interrupted: java.lang.InterruptedException: sleep interrupted
2019-10-17 05:57:16,303 [grpc-default-executor-6] INFO  impl.RaftServerImpl (RaftServerImpl.java:setRole(184)) - 3ce2c7b7-3df7-42de-af28-9ba1d65ea84e@group-0D1055093416: changes role from  FOLLOWER to FOLLOWER at term 153 for recognizeCandidate:9f06b4c9-079f-4989-8935-c6be59ddc82e
2019-10-17 05:57:16,303 [grpc-default-executor-6] INFO  impl.RoleInfo (RoleInfo.java:shutdownFollowerState(121)) - 3ce2c7b7-3df7-42de-af28-9ba1d65ea84e: shutdown FollowerState
2019-10-17 05:57:16,303 [grpc-default-executor-6] INFO  impl.RoleInfo (RoleInfo.java:updateAndGet(143)) - 3ce2c7b7-3df7-42de-af28-9ba1d65ea84e: start FollowerState
2019-10-17 05:57:16,303 [Thread-1612] INFO  impl.FollowerState (FollowerState.java:run(117)) - 3ce2c7b7-3df7-42de-af28-9ba1d65ea84e@group-0D1055093416-FollowerState was interrupted: java.lang.InterruptedException: sleep interrupted
2019-10-17 05:57:16,320 [9f06b4c9-079f-4989-8935-c6be59ddc82e@group-0D1055093416-LeaderElection166] INFO  impl.LeaderElection (LeaderElection.java:logAndReturn(56)) - 9f06b4c9-079f-4989-8935-c6be59ddc82e@group-0D1055093416-LeaderElection166: Election REJECTED; received 2 response(s) [9f06b4c9-079f-4989-8935-c6be59ddc82e<-b282f9e2-3bd4-452e-9c35-1adeacc39134#0:FAIL-t153, 9f06b4c9-079f-4989-8935-c6be59ddc82e<-3ce2c7b7-3df7-42de-af28-9ba1d65ea84e#0:FAIL-t153] and 0 exception(s); 9f06b4c9-079f-4989-8935-c6be59ddc82e@group-0D1055093416:t153, leader=null, voted=9f06b4c9-079f-4989-8935-c6be59ddc82e, raftlog=9f06b4c9-079f-4989-8935-c6be59ddc82e@group-0D1055093416-SegmentedRaftLog:OPENED:c-1,f-1,i0, conf=-1: [9f06b4c9-079f-4989-8935-c6be59ddc82e:192.168.69.82:36391, b282f9e2-3bd4-452e-9c35-1adeacc39134:192.168.69.82:42567, 3ce2c7b7-3df7-42de-af28-9ba1d65ea84e:192.168.69.82:35388], old=null
2019-10-17 05:57:16,320 [9f06b4c9-079f-4989-8935-c6be59ddc82e@group-0D1055093416-LeaderElection166] INFO  impl.RaftServerImpl (RaftServerImpl.java:setRole(184)) - 9f06b4c9-079f-4989-8935-c6be59ddc82e@group-0D1055093416: changes role from CANDIDATE to FOLLOWER at term 153 for DISCOVERED_A_NEW_TERM
2019-10-17 05:57:16,320 [9f06b4c9-079f-4989-8935-c6be59ddc82e@group-0D1055093416-LeaderElection166] INFO  impl.RoleInfo (RoleInfo.java:shutdownLeaderElection(134)) - 9f06b4c9-079f-4989-8935-c6be59ddc82e: shutdown LeaderElection
2019-10-17 05:57:16,321 [9f06b4c9-079f-4989-8935-c6be59ddc82e@group-0D1055093416-LeaderElection166] INFO  impl.RoleInfo (RoleInfo.java:updateAndGet(143)) - 9f06b4c9-079f-4989-8935-c6be59ddc82e: start FollowerState
2019-10-17 05:57:16,503 [Thread-1620] INFO  impl.FollowerState (FollowerState.java:run(108)) - 9f06b4c9-079f-4989-8935-c6be59ddc82e@group-0D1055093416-FollowerState: change to CANDIDATE, lastRpcTime:182ms, electionTimeout:182ms
2019-10-17 05:57:16,503 [Thread-1620] INFO  impl.RoleInfo (RoleInfo.java:shutdownFollowerState(121)) - 9f06b4c9-079f-4989-8935-c6be59ddc82e: shutdown FollowerState
2019-10-17 05:57:16,503 [Thread-1620] INFO  impl.RaftServerImpl (RaftServerImpl.java:setRole(184)) - 9f06b4c9-079f-4989-8935-c6be59ddc82e@group-0D1055093416: changes role from  FOLLOWER to CANDIDATE at term 153 for changeToCandidate
2019-10-17 05:57:16,513 [Thread-1620] INFO  impl.RoleInfo (RoleInfo.java:updateAndGet(143)) - 9f06b4c9-079f-4989-8935-c6be59ddc82e: start LeaderElection
2019-10-17 05:57:16,528 [9f06b4c9-079f-4989-8935-c6be59ddc82e@group-0D1055093416-LeaderElection167] INFO  impl.LeaderElection (LeaderElection.java:askForVotes(178)) - 9f06b4c9-079f-4989-8935-c6be59ddc82e@group-0D1055093416-LeaderElection167: begin an election at term 154 for -1: [9f06b4c9-079f-4989-8935-c6be59ddc82e:192.168.69.82:36391, b282f9e2-3bd4-452e-9c35-1adeacc39134:192.168.69.82:42567, 3ce2c7b7-3df7-42de-af28-9ba1d65ea84e:192.168.69.82:35388], old=null
2019-10-17 05:57:16,530 [grpc-default-executor-1] INFO  impl.RaftServerImpl (RaftServerImpl.java:setRole(184)) - b282f9e2-3bd4-452e-9c35-1adeacc39134@group-0D1055093416: changes role from  FOLLOWER to FOLLOWER at term 154 for recognizeCandidate:9f06b4c9-079f-4989-8935-c6be59ddc82e
2019-10-17 05:57:16,530 [grpc-default-executor-1] INFO  impl.RoleInfo (RoleInfo.java:shutdownFollowerState(121)) - b282f9e2-3bd4-452e-9c35-1adeacc39134: shutdown FollowerState
2019-10-17 05:57:16,530 [grpc-default-executor-6] INFO  impl.RaftServerImpl (RaftServerImpl.java:setRole(184)) - 3ce2c7b7-3df7-42de-af28-9ba1d65ea84e@group-0D1055093416: changes role from  FOLLOWER to FOLLOWER at term 154 for recognizeCandidate:9f06b4c9-079f-4989-8935-c6be59ddc82e
2019-10-17 05:57:16,530 [grpc-default-executor-6] INFO  impl.RoleInfo (RoleInfo.java:shutdownFollowerState(121)) - 3ce2c7b7-3df7-42de-af28-9ba1d65ea84e: shutdown FollowerState
2019-10-17 05:57:16,543 [grpc-default-executor-6] INFO  impl.RoleInfo (RoleInfo.java:updateAndGet(143)) - 3ce2c7b7-3df7-42de-af28-9ba1d65ea84e: start FollowerState
2019-10-17 05:57:16,543 [Thread-1617] INFO  impl.FollowerState (FollowerState.java:run(117)) - b282f9e2-3bd4-452e-9c35-1adeacc39134@group-0D1055093416-FollowerState was interrupted: java.lang.InterruptedException: sleep interrupted
2019-10-17 05:57:16,543 [grpc-default-executor-1] INFO  impl.RoleInfo (RoleInfo.java:updateAndGet(143)) - b282f9e2-3bd4-452e-9c35-1adeacc39134: start FollowerState
2019-10-17 05:57:16,543 [Thread-1618] INFO  impl.FollowerState (FollowerState.java:run(117)) - 3ce2c7b7-3df7-42de-af28-9ba1d65ea84e@group-0D1055093416-FollowerState was interrupted: java.lang.InterruptedException: sleep interrupted
2019-10-17 05:57:16,558 [9f06b4c9-079f-4989-8935-c6be59ddc82e@group-0D1055093416-LeaderElection167] INFO  impl.LeaderElection (LeaderElection.java:logAndReturn(56)) - 9f06b4c9-079f-4989-8935-c6be59ddc82e@group-0D1055093416-LeaderElection167: Election REJECTED; received 2 response(s) [9f06b4c9-079f-4989-8935-c6be59ddc82e<-b282f9e2-3bd4-452e-9c35-1adeacc39134#0:FAIL-t154, 9f06b4c9-079f-4989-8935-c6be59ddc82e<-3ce2c7b7-3df7-42de-af28-9ba1d65ea84e#0:FAIL-t154] and 0 exception(s); 9f06b4c9-079f-4989-8935-c6be59ddc82e@group-0D1055093416:t154, leader=null, voted=9f06b4c9-079f-4989-8935-c6be59ddc82e, raftlog=9f06b4c9-079f-4989-8935-c6be59ddc82e@group-0D1055093416-SegmentedRaftLog:OPENED:c-1,f-1,i0, conf=-1: [9f06b4c9-079f-4989-8935-c6be59ddc82e:192.168.69.82:36391, b282f9e2-3bd4-452e-9c35-1adeacc39134:192.168.69.82:42567, 3ce2c7b7-3df7-42de-af28-9ba1d65ea84e:192.168.69.82:35388], old=null
2019-10-17 05:57:16,559 [9f06b4c9-079f-4989-8935-c6be59ddc82e@group-0D1055093416-LeaderElection167] INFO  impl.RaftServerImpl (RaftServerImpl.java:setRole(184)) - 9f06b4c9-079f-4989-8935-c6be59ddc82e@group-0D1055093416: changes role from CANDIDATE to FOLLOWER at term 154 for DISCOVERED_A_NEW_TERM
2019-10-17 05:57:16,559 [9f06b4c9-079f-4989-8935-c6be59ddc82e@group-0D1055093416-LeaderElection167] INFO  impl.RoleInfo (RoleInfo.java:shutdownLeaderElection(134)) - 9f06b4c9-079f-4989-8935-c6be59ddc82e: shutdown LeaderElection
2019-10-17 05:57:16,559 [9f06b4c9-079f-4989-8935-c6be59ddc82e@group-0D1055093416-LeaderElection167] INFO  impl.RoleInfo (RoleInfo.java:updateAndGet(143)) - 9f06b4c9-079f-4989-8935-c6be59ddc82e: start FollowerState
2019-10-17 05:57:16,582 [Thread-1627] INFO  impl.FollowerState (FollowerState.java:run(108)) - 9f06b4c9-079f-4989-8935-c6be59ddc82e@group-0D1055093416-FollowerState: change to CANDIDATE, lastRpcTime:22ms, electionTimeout:22ms
2019-10-17 05:57:16,582 [Thread-1627] INFO  impl.RoleInfo (RoleInfo.java:shutdownFollowerState(121)) - 9f06b4c9-079f-4989-8935-c6be59ddc82e: shutdown FollowerState
2019-10-17 05:57:16,582 [Thread-1627] INFO  impl.RaftServerImpl (RaftServerImpl.java:setRole(184)) - 9f06b4c9-079f-4989-8935-c6be59ddc82e@group-0D1055093416: changes role from  FOLLOWER to CANDIDATE at term 154 for changeToCandidate
2019-10-17 05:57:16,588 [Thread-1627] INFO  impl.RoleInfo (RoleInfo.java:updateAndGet(143)) - 9f06b4c9-079f-4989-8935-c6be59ddc82e: start LeaderElection
2019-10-17 05:57:16,605 [9f06b4c9-079f-4989-8935-c6be59ddc82e@group-0D1055093416-LeaderElection168] INFO  impl.LeaderElection (LeaderElection.java:askForVotes(178)) - 9f06b4c9-079f-4989-8935-c6be59ddc82e@group-0D1055093416-LeaderElection168: begin an election at term 155 for -1: [9f06b4c9-079f-4989-8935-c6be59ddc82e:192.168.69.82:36391, b282f9e2-3bd4-452e-9c35-1adeacc39134:192.168.69.82:42567, 3ce2c7b7-3df7-42de-af28-9ba1d65ea84e:192.168.69.82:35388], old=null
2019-10-17 05:57:16,607 [grpc-default-executor-6] INFO  impl.RaftServerImpl (RaftServerImpl.java:setRole(184)) - b282f9e2-3bd4-452e-9c35-1adeacc39134@group-0D1055093416: changes role from  FOLLOWER to FOLLOWER at term 155 for recognizeCandidate:9f06b4c9-079f-4989-8935-c6be59ddc82e
2019-10-17 05:57:16,607 [grpc-default-executor-6] INFO  impl.RoleInfo (RoleInfo.java:shutdownFollowerState(121)) - b282f9e2-3bd4-452e-9c35-1adeacc39134: shutdown FollowerState
2019-10-17 05:57:16,608 [grpc-default-executor-1] INFO  impl.RaftServerImpl (RaftServerImpl.java:setRole(184)) - 3ce2c7b7-3df7-42de-af28-9ba1d65ea84e@group-0D1055093416: changes role from  FOLLOWER to FOLLOWER at term 155 for recognizeCandidate:9f06b4c9-079f-4989-8935-c6be59ddc82e
2019-10-17 05:57:16,608 [Thread-1626] INFO  impl.FollowerState (FollowerState.java:run(117)) - b282f9e2-3bd4-452e-9c35-1adeacc39134@group-0D1055093416-FollowerState was interrupted: java.lang.InterruptedException: sleep interrupted
2019-10-17 05:57:16,608 [grpc-default-executor-6] INFO  impl.RoleInfo (RoleInfo.java:updateAndGet(143)) - b282f9e2-3bd4-452e-9c35-1adeacc39134: start FollowerState
2019-10-17 05:57:16,608 [grpc-default-executor-1] INFO  impl.RoleInfo (RoleInfo.java:shutdownFollowerState(121)) - 3ce2c7b7-3df7-42de-af28-9ba1d65ea84e: shutdown FollowerState
2019-10-17 05:57:16,608 [grpc-default-executor-1] INFO  impl.RoleInfo (RoleInfo.java:updateAndGet(143)) - 3ce2c7b7-3df7-42de-af28-9ba1d65ea84e: start FollowerState
2019-10-17 05:57:16,609 [Thread-1625] INFO  impl.FollowerState (FollowerState.java:run(117)) - 3ce2c7b7-3df7-42de-af28-9ba1d65ea84e@group-0D1055093416-FollowerState was interrupted: java.lang.InterruptedException: sleep interrupted
2019-10-17 05:57:16,623 [9f06b4c9-079f-4989-8935-c6be59ddc82e@group-0D1055093416-LeaderElection168] INFO  impl.LeaderElection (LeaderElection.java:logAndReturn(56)) - 9f06b4c9-079f-4989-8935-c6be59ddc82e@group-0D1055093416-LeaderElection168: Election REJECTED; received 2 response(s) [9f06b4c9-079f-4989-8935-c6be59ddc82e<-b282f9e2-3bd4-452e-9c35-1adeacc39134#0:FAIL-t155, 9f06b4c9-079f-4989-8935-c6be59ddc82e<-3ce2c7b7-3df7-42de-af28-9ba1d65ea84e#0:FAIL-t155] and 0 exception(s); 9f06b4c9-079f-4989-8935-c6be59ddc82e@group-0D1055093416:t155, leader=null, voted=9f06b4c9-079f-4989-8935-c6be59ddc82e, raftlog=9f06b4c9-079f-4989-8935-c6be59ddc82e@group-0D1055093416-SegmentedRaftLog:OPENED:c-1,f-1,i0, conf=-1: [9f06b4c9-079f-4989-8935-c6be59ddc82e:192.168.69.82:36391, b282f9e2-3bd4-452e-9c35-1adeacc39134:192.168.69.82:42567, 3ce2c7b7-3df7-42de-af28-9ba1d65ea84e:192.168.69.82:35388], old=null
2019-10-17 05:57:16,623 [9f06b4c9-079f-4989-8935-c6be59ddc82e@group-0D1055093416-LeaderElection168] INFO  impl.RaftServerImpl (RaftServerImpl.java:setRole(184)) - 9f06b4c9-079f-4989-8935-c6be59ddc82e@group-0D1055093416: changes role from CANDIDATE to FOLLOWER at term 155 for DISCOVERED_A_NEW_TERM
2019-10-17 05:57:16,623 [9f06b4c9-079f-4989-8935-c6be59ddc82e@group-0D1055093416-LeaderElection168] INFO  impl.RoleInfo (RoleInfo.java:shutdownLeaderElection(134)) - 9f06b4c9-079f-4989-8935-c6be59ddc82e: shutdown LeaderElection
2019-10-17 05:57:16,623 [9f06b4c9-079f-4989-8935-c6be59ddc82e@group-0D1055093416-LeaderElection168] INFO  impl.RoleInfo (RoleInfo.java:updateAndGet(143)) - 9f06b4c9-079f-4989-8935-c6be59ddc82e: start FollowerState
2019-10-17 05:57:16,709 [Thread-1633] INFO  impl.FollowerState (FollowerState.java:run(108)) - 9f06b4c9-079f-4989-8935-c6be59ddc82e@group-0D1055093416-FollowerState: change to CANDIDATE, lastRpcTime:85ms, electionTimeout:85ms
2019-10-17 05:57:16,709 [Thread-1633] INFO  impl.RoleInfo (RoleInfo.java:shutdownFollowerState(121)) - 9f06b4c9-079f-4989-8935-c6be59ddc82e: shutdown FollowerState
2019-10-17 05:57:16,709 [Thread-1633] INFO  impl.RaftServerImpl (RaftServerImpl.java:setRole(184)) - 9f06b4c9-079f-4989-8935-c6be59ddc82e@group-0D1055093416: changes role from  FOLLOWER to CANDIDATE at term 155 for changeToCandidate
2019-10-17 05:57:16,709 [Thread-1633] INFO  impl.RoleInfo (RoleInfo.java:updateAndGet(143)) - 9f06b4c9-079f-4989-8935-c6be59ddc82e: start LeaderElection
2019-10-17 05:57:16,723 [9f06b4c9-079f-4989-8935-c6be59ddc82e@group-0D1055093416-LeaderElection169] INFO  impl.LeaderElection (LeaderElection.java:askForVotes(178)) - 9f06b4c9-079f-4989-8935-c6be59ddc82e@group-0D1055093416-LeaderElection169: begin an election at term 156 for -1: [9f06b4c9-079f-4989-8935-c6be59ddc82e:192.168.69.82:36391, b282f9e2-3bd4-452e-9c35-1adeacc39134:192.168.69.82:42567, 3ce2c7b7-3df7-42de-af28-9ba1d65ea84e:192.168.69.82:35388], old=null
2019-10-17 05:57:16,724 [grpc-default-executor-1] INFO  impl.RaftServerImpl (RaftServerImpl.java:setRole(184)) - b282f9e2-3bd4-452e-9c35-1adeacc39134@group-0D1055093416: changes role from  FOLLOWER to FOLLOWER at term 156 for recognizeCandidate:9f06b4c9-079f-4989-8935-c6be59ddc82e
2019-10-17 05:57:16,724 [grpc-default-executor-6] INFO  impl.RaftServerImpl (RaftServerImpl.java:setRole(184)) - 3ce2c7b7-3df7-42de-af28-9ba1d65ea84e@group-0D1055093416: changes role from  FOLLOWER to FOLLOWER at term 156 for recognizeCandidate:9f06b4c9-079f-4989-8935-c6be59ddc82e
2019-10-17 05:57:16,725 [grpc-default-executor-1] INFO  impl.RoleInfo (RoleInfo.java:shutdownFollowerState(121)) - b282f9e2-3bd4-452e-9c35-1adeacc39134: shutdown FollowerState
2019-10-17 05:57:16,725 [grpc-default-executor-6] INFO  impl.RoleInfo (RoleInfo.java:shutdownFollowerState(121)) - 3ce2c7b7-3df7-42de-af28-9ba1d65ea84e: shutdown FollowerState
2019-10-17 05:57:16,725 [Thread-1631] INFO  impl.FollowerState (FollowerState.java:run(117)) - b282f9e2-3bd4-452e-9c35-1adeacc39134@group-0D1055093416-FollowerState was interrupted: java.lang.InterruptedException: sleep interrupted
2019-10-17 05:57:16,725 [grpc-default-executor-1] INFO  impl.RoleInfo (RoleInfo.java:updateAndGet(143)) - b282f9e2-3bd4-452e-9c35-1adeacc39134: start FollowerState
2019-10-17 05:57:16,725 [Thread-1632] INFO  impl.FollowerState (FollowerState.java:run(117)) - 3ce2c7b7-3df7-42de-af28-9ba1d65ea84e@group-0D1055093416-FollowerState was interrupted: java.lang.InterruptedException: sleep interrupted
2019-10-17 05:57:16,725 [grpc-default-executor-6] INFO  impl.RoleInfo (RoleInfo.java:updateAndGet(143)) - 3ce2c7b7-3df7-42de-af28-9ba1d65ea84e: start FollowerState
2019-10-17 05:57:16,740 [9f06b4c9-079f-4989-8935-c6be59ddc82e@group-0D1055093416-LeaderElection169] INFO  impl.LeaderElection (LeaderElection.java:logAndReturn(56)) - 9f06b4c9-079f-4989-8935-c6be59ddc82e@group-0D1055093416-LeaderElection169: Election REJECTED; received 2 response(s) [9f06b4c9-079f-4989-8935-c6be59ddc82e<-b282f9e2-3bd4-452e-9c35-1adeacc39134#0:FAIL-t156, 9f06b4c9-079f-4989-8935-c6be59ddc82e<-3ce2c7b7-3df7-42de-af28-9ba1d65ea84e#0:FAIL-t156] and 0 exception(s); 9f06b4c9-079f-4989-8935-c6be59ddc82e@group-0D1055093416:t156, leader=null, voted=9f06b4c9-079f-4989-8935-c6be59ddc82e, raftlog=9f06b4c9-079f-4989-8935-c6be59ddc82e@group-0D1055093416-SegmentedRaftLog:OPENED:c-1,f-1,i0, conf=-1: [9f06b4c9-079f-4989-8935-c6be59ddc82e:192.168.69.82:36391, b282f9e2-3bd4-452e-9c35-1adeacc39134:192.168.69.82:42567, 3ce2c7b7-3df7-42de-af28-9ba1d65ea84e:192.168.69.82:35388], old=null
2019-10-17 05:57:16,740 [9f06b4c9-079f-4989-8935-c6be59ddc82e@group-0D1055093416-LeaderElection169] INFO  impl.RaftServerImpl (RaftServerImpl.java:setRole(184)) - 9f06b4c9-079f-4989-8935-c6be59ddc82e@group-0D1055093416: changes role from CANDIDATE to FOLLOWER at term 156 for DISCOVERED_A_NEW_TERM
2019-10-17 05:57:16,740 [9f06b4c9-079f-4989-8935-c6be59ddc82e@group-0D1055093416-LeaderElection169] INFO  impl.RoleInfo (RoleInfo.java:shutdownLeaderElection(134)) - 9f06b4c9-079f-4989-8935-c6be59ddc82e: shutdown LeaderElection
2019-10-17 05:57:16,740 [9f06b4c9-079f-4989-8935-c6be59ddc82e@group-0D1055093416-LeaderElection169] INFO  impl.RoleInfo (RoleInfo.java:updateAndGet(143)) - 9f06b4c9-079f-4989-8935-c6be59ddc82e: start FollowerState
2019-10-17 05:57:16,750 [Thread-1639] INFO  impl.FollowerState (FollowerState.java:run(108)) - 9f06b4c9-079f-4989-8935-c6be59ddc82e@group-0D1055093416-FollowerState: change to CANDIDATE, lastRpcTime:10ms, electionTimeout:10ms
2019-10-17 05:57:16,751 [Thread-1639] INFO  impl.RoleInfo (RoleInfo.java:shutdownFollowerState(121)) - 9f06b4c9-079f-4989-8935-c6be59ddc82e: shutdown FollowerState
2019-10-17 05:57:16,751 [Thread-1639] INFO  impl.RaftServerImpl (RaftServerImpl.java:setRole(184)) - 9f06b4c9-079f-4989-8935-c6be59ddc82e@group-0D1055093416: changes role from  FOLLOWER to CANDIDATE at term 156 for changeToCandidate
2019-10-17 05:57:16,751 [Thread-1639] INFO  impl.RoleInfo (RoleInfo.java:updateAndGet(143)) - 9f06b4c9-079f-4989-8935-c6be59ddc82e: start LeaderElection
2019-10-17 05:57:16,764 [9f06b4c9-079f-4989-8935-c6be59ddc82e@group-0D1055093416-LeaderElection170] INFO  impl.LeaderElection (LeaderElection.java:askForVotes(178)) - 9f06b4c9-079f-4989-8935-c6be59ddc82e@group-0D1055093416-LeaderElection170: begin an election at term 157 for -1: [9f06b4c9-079f-4989-8935-c6be59ddc82e:192.168.69.82:36391, b282f9e2-3bd4-452e-9c35-1adeacc39134:192.168.69.82:42567, 3ce2c7b7-3df7-42de-af28-9ba1d65ea84e:192.168.69.82:35388], old=null
2019-10-17 05:57:16,766 [grpc-default-executor-6] INFO  impl.RaftServerImpl (RaftServerImpl.java:setRole(184)) - 3ce2c7b7-3df7-42de-af28-9ba1d65ea84e@group-0D1055093416: changes role from  FOLLOWER to FOLLOWER at term 157 for recognizeCandidate:9f06b4c9-079f-4989-8935-c6be59ddc82e
2019-10-17 05:57:16,766 [grpc-default-executor-6] INFO  impl.RoleInfo (RoleInfo.java:shutdownFollowerState(121)) - 3ce2c7b7-3df7-42de-af28-9ba1d65ea84e: shutdown FollowerState
2019-10-17 05:57:16,766 [grpc-default-executor-1] INFO  impl.RaftServerImpl (RaftServerImpl.java:setRole(184)) - b282f9e2-3bd4-452e-9c35-1adeacc39134@group-0D1055093416: changes role from  FOLLOWER to FOLLOWER at term 157 for recognizeCandidate:9f06b4c9-079f-4989-8935-c6be59ddc82e
2019-10-17 05:57:16,767 [Thread-1638] INFO  impl.FollowerState (FollowerState.java:run(117)) - 3ce2c7b7-3df7-42de-af28-9ba1d65ea84e@group-0D1055093416-FollowerState was interrupted: java.lang.InterruptedException: sleep interrupted
2019-10-17 05:57:16,767 [grpc-default-executor-6] INFO  impl.RoleInfo (RoleInfo.java:updateAndGet(143)) - 3ce2c7b7-3df7-42de-af28-9ba1d65ea84e: start FollowerState
2019-10-17 05:57:16,767 [grpc-default-executor-1] INFO  impl.RoleInfo (RoleInfo.java:shutdownFollowerState(121)) - b282f9e2-3bd4-452e-9c35-1adeacc39134: shutdown FollowerState
2019-10-17 05:57:16,767 [Thread-1637] INFO  impl.FollowerState (FollowerState.java:run(117)) - b282f9e2-3bd4-452e-9c35-1adeacc39134@group-0D1055093416-FollowerState was interrupted: java.lang.InterruptedException: sleep interrupted
2019-10-17 05:57:16,767 [grpc-default-executor-1] INFO  impl.RoleInfo (RoleInfo.java:updateAndGet(143)) - b282f9e2-3bd4-452e-9c35-1adeacc39134: start FollowerState
2019-10-17 05:57:16,781 [9f06b4c9-079f-4989-8935-c6be59ddc82e@group-0D1055093416-LeaderElection170] INFO  impl.LeaderElection (LeaderElection.java:logAndReturn(56)) - 9f06b4c9-079f-4989-8935-c6be59ddc82e@group-0D1055093416-LeaderElection170: Election REJECTED; received 2 response(s) [9f06b4c9-079f-4989-8935-c6be59ddc82e<-b282f9e2-3bd4-452e-9c35-1adeacc39134#0:FAIL-t157, 9f06b4c9-079f-4989-8935-c6be59ddc82e<-3ce2c7b7-3df7-42de-af28-9ba1d65ea84e#0:FAIL-t157] and 0 exception(s); 9f06b4c9-079f-4989-8935-c6be59ddc82e@group-0D1055093416:t157, leader=null, voted=9f06b4c9-079f-4989-8935-c6be59ddc82e, raftlog=9f06b4c9-079f-4989-8935-c6be59ddc82e@group-0D1055093416-SegmentedRaftLog:OPENED:c-1,f-1,i0, conf=-1: [9f06b4c9-079f-4989-8935-c6be59ddc82e:192.168.69.82:36391, b282f9e2-3bd4-452e-9c35-1adeacc39134:192.168.69.82:42567, 3ce2c7b7-3df7-42de-af28-9ba1d65ea84e:192.168.69.82:35388], old=null
2019-10-17 05:57:16,782 [9f06b4c9-079f-4989-8935-c6be59ddc82e@group-0D1055093416-LeaderElection170] INFO  impl.RaftServerImpl (RaftServerImpl.java:setRole(184)) - 9f06b4c9-079f-4989-8935-c6be59ddc82e@group-0D1055093416: changes role from CANDIDATE to FOLLOWER at term 157 for DISCOVERED_A_NEW_TERM
2019-10-17 05:57:16,782 [9f06b4c9-079f-4989-8935-c6be59ddc82e@group-0D1055093416-LeaderElection170] INFO  impl.RoleInfo (RoleInfo.java:shutdownLeaderElection(134)) - 9f06b4c9-079f-4989-8935-c6be59ddc82e: shutdown LeaderElection
2019-10-17 05:57:16,782 [9f06b4c9-079f-4989-8935-c6be59ddc82e@group-0D1055093416-LeaderElection170] INFO  impl.RoleInfo (RoleInfo.java:updateAndGet(143)) - 9f06b4c9-079f-4989-8935-c6be59ddc82e: start FollowerState
2019-10-17 05:57:16,968 [Thread-1645] INFO  impl.FollowerState (FollowerState.java:run(108)) - 9f06b4c9-079f-4989-8935-c6be59ddc82e@group-0D1055093416-FollowerState: change to CANDIDATE, lastRpcTime:186ms, electionTimeout:186ms
2019-10-17 05:57:16,968 [Thread-1645] INFO  impl.RoleInfo (RoleInfo.java:shutdownFollowerState(121)) - 9f06b4c9-079f-4989-8935-c6be59ddc82e: shutdown FollowerState
2019-10-17 05:57:16,968 [Thread-1645] INFO  impl.RaftServerImpl (RaftServerImpl.java:setRole(184)) - 9f06b4c9-079f-4989-8935-c6be59ddc82e@group-0D1055093416: changes role from  FOLLOWER to CANDIDATE at term 157 for changeToCandidate
2019-10-17 05:57:16,969 [Thread-1645] INFO  impl.RoleInfo (RoleInfo.java:updateAndGet(143)) - 9f06b4c9-079f-4989-8935-c6be59ddc82e: start LeaderElection
2019-10-17 05:57:16,982 [9f06b4c9-079f-4989-8935-c6be59ddc82e@group-0D1055093416-LeaderElection171] INFO  impl.LeaderElection (LeaderElection.java:askForVotes(178)) - 9f06b4c9-079f-4989-8935-c6be59ddc82e@group-0D1055093416-LeaderElection171: begin an election at term 158 for -1: [9f06b4c9-079f-4989-8935-c6be59ddc82e:192.168.69.82:36391, b282f9e2-3bd4-452e-9c35-1adeacc39134:192.168.69.82:42567, 3ce2c7b7-3df7-42de-af28-9ba1d65ea84e:192.168.69.82:35388], old=null
2019-10-17 05:57:16,984 [grpc-default-executor-6] INFO  impl.RaftServerImpl (RaftServerImpl.java:setRole(184)) - b282f9e2-3bd4-452e-9c35-1adeacc39134@group-0D1055093416: changes role from  FOLLOWER to FOLLOWER at term 158 for recognizeCandidate:9f06b4c9-079f-4989-8935-c6be59ddc82e
2019-10-17 05:57:16,984 [grpc-default-executor-6] INFO  impl.RoleInfo (RoleInfo.java:shutdownFollowerState(121)) - b282f9e2-3bd4-452e-9c35-1adeacc39134: shutdown FollowerState
2019-10-17 05:57:16,984 [grpc-default-executor-1] INFO  impl.RaftServerImpl (RaftServerImpl.java:setRole(184)) - 3ce2c7b7-3df7-42de-af28-9ba1d65ea84e@group-0D1055093416: changes role from  FOLLOWER to FOLLOWER at term 158 for recognizeCandidate:9f06b4c9-079f-4989-8935-c6be59ddc82e
2019-10-17 05:57:16,985 [Thread-1644] INFO  impl.FollowerState (FollowerState.java:run(117)) - b282f9e2-3bd4-452e-9c35-1adeacc39134@group-0D1055093416-FollowerState was interrupted: java.lang.InterruptedException: sleep interrupted
2019-10-17 05:57:16,985 [grpc-default-executor-6] INFO  impl.RoleInfo (RoleInfo.java:updateAndGet(143)) - b282f9e2-3bd4-452e-9c35-1adeacc39134: start FollowerState
2019-10-17 05:57:16,985 [grpc-default-executor-1] INFO  impl.RoleInfo (RoleInfo.java:shutdownFollowerState(121)) - 3ce2c7b7-3df7-42de-af28-9ba1d65ea84e: shutdown FollowerState
2019-10-17 05:57:16,985 [grpc-default-executor-1] INFO  impl.RoleInfo (RoleInfo.java:updateAndGet(143)) - 3ce2c7b7-3df7-42de-af28-9ba1d65ea84e: start FollowerState
2019-10-17 05:57:16,985 [Thread-1643] INFO  impl.FollowerState (FollowerState.java:run(117)) - 3ce2c7b7-3df7-42de-af28-9ba1d65ea84e@group-0D1055093416-FollowerState was interrupted: java.lang.InterruptedException: sleep interrupted
2019-10-17 05:57:17,000 [9f06b4c9-079f-4989-8935-c6be59ddc82e@group-0D1055093416-LeaderElection171] INFO  impl.LeaderElection (LeaderElection.java:logAndReturn(56)) - 9f06b4c9-079f-4989-8935-c6be59ddc82e@group-0D1055093416-LeaderElection171: Election REJECTED; received 2 response(s) [9f06b4c9-079f-4989-8935-c6be59ddc82e<-b282f9e2-3bd4-452e-9c35-1adeacc39134#0:FAIL-t158, 9f06b4c9-079f-4989-8935-c6be59ddc82e<-3ce2c7b7-3df7-42de-af28-9ba1d65ea84e#0:FAIL-t158] and 0 exception(s); 9f06b4c9-079f-4989-8935-c6be59ddc82e@group-0D1055093416:t158, leader=null, voted=9f06b4c9-079f-4989-8935-c6be59ddc82e, raftlog=9f06b4c9-079f-4989-8935-c6be59ddc82e@group-0D1055093416-SegmentedRaftLog:OPENED:c-1,f-1,i0, conf=-1: [9f06b4c9-079f-4989-8935-c6be59ddc82e:192.168.69.82:36391, b282f9e2-3bd4-452e-9c35-1adeacc39134:192.168.69.82:42567, 3ce2c7b7-3df7-42de-af28-9ba1d65ea84e:192.168.69.82:35388], old=null
2019-10-17 05:57:17,000 [9f06b4c9-079f-4989-8935-c6be59ddc82e@group-0D1055093416-LeaderElection171] INFO  impl.RaftServerImpl (RaftServerImpl.java:setRole(184)) - 9f06b4c9-079f-4989-8935-c6be59ddc82e@group-0D1055093416: changes role from CANDIDATE to FOLLOWER at term 158 for DISCOVERED_A_NEW_TERM
2019-10-17 05:57:17,000 [9f06b4c9-079f-4989-8935-c6be59ddc82e@group-0D1055093416-LeaderElection171] INFO  impl.RoleInfo (RoleInfo.java:shutdownLeaderElection(134)) - 9f06b4c9-079f-4989-8935-c6be59ddc82e: shutdown LeaderElection
2019-10-17 05:57:17,000 [9f06b4c9-079f-4989-8935-c6be59ddc82e@group-0D1055093416-LeaderElection171] INFO  impl.RoleInfo (RoleInfo.java:updateAndGet(143)) - 9f06b4c9-079f-4989-8935-c6be59ddc82e: start FollowerState
2019-10-17 05:57:17,133 [Thread-1653] INFO  impl.FollowerState (FollowerState.java:run(108)) - 9f06b4c9-079f-4989-8935-c6be59ddc82e@group-0D1055093416-FollowerState: change to CANDIDATE, lastRpcTime:133ms, electionTimeout:133ms
2019-10-17 05:57:17,134 [Thread-1653] INFO  impl.RoleInfo (RoleInfo.java:shutdownFollowerState(121)) - 9f06b4c9-079f-4989-8935-c6be59ddc82e: shutdown FollowerState
2019-10-17 05:57:17,134 [Thread-1653] INFO  impl.RaftServerImpl (RaftServerImpl.java:setRole(184)) - 9f06b4c9-079f-4989-8935-c6be59ddc82e@group-0D1055093416: changes role from  FOLLOWER to CANDIDATE at term 158 for changeToCandidate
2019-10-17 05:57:17,134 [Thread-1653] INFO  impl.RoleInfo (RoleInfo.java:updateAndGet(143)) - 9f06b4c9-079f-4989-8935-c6be59ddc82e: start LeaderElection
2019-10-17 05:57:17,141 [9f06b4c9-079f-4989-8935-c6be59ddc82e@group-0D1055093416-LeaderElection172] INFO  impl.LeaderElection (LeaderElection.java:askForVotes(178)) - 9f06b4c9-079f-4989-8935-c6be59ddc82e@group-0D1055093416-LeaderElection172: begin an election at term 159 for -1: [9f06b4c9-079f-4989-8935-c6be59ddc82e:192.168.69.82:36391, b282f9e2-3bd4-452e-9c35-1adeacc39134:192.168.69.82:42567, 3ce2c7b7-3df7-42de-af28-9ba1d65ea84e:192.168.69.82:35388], old=null
2019-10-17 05:57:17,143 [grpc-default-executor-1] INFO  impl.RaftServerImpl (RaftServerImpl.java:setRole(184)) - b282f9e2-3bd4-452e-9c35-1adeacc39134@group-0D1055093416: changes role from  FOLLOWER to FOLLOWER at term 159 for recognizeCandidate:9f06b4c9-079f-4989-8935-c6be59ddc82e
2019-10-17 05:57:17,143 [grpc-default-executor-1] INFO  impl.RoleInfo (RoleInfo.java:shutdownFollowerState(121)) - b282f9e2-3bd4-452e-9c35-1adeacc39134: shutdown FollowerState
2019-10-17 05:57:17,144 [grpc-default-executor-6] INFO  impl.RaftServerImpl (RaftServerImpl.java:setRole(184)) - 3ce2c7b7-3df7-42de-af28-9ba1d65ea84e@group-0D1055093416: changes role from  FOLLOWER to FOLLOWER at term 159 for recognizeCandidate:9f06b4c9-079f-4989-8935-c6be59ddc82e
2019-10-17 05:57:17,144 [Thread-1651] INFO  impl.FollowerState (FollowerState.java:run(117)) - b282f9e2-3bd4-452e-9c35-1adeacc39134@group-0D1055093416-FollowerState was interrupted: java.lang.InterruptedException: sleep interrupted
2019-10-17 05:57:17,144 [grpc-default-executor-1] INFO  impl.RoleInfo (RoleInfo.java:updateAndGet(143)) - b282f9e2-3bd4-452e-9c35-1adeacc39134: start FollowerState
2019-10-17 05:57:17,144 [grpc-default-executor-6] INFO  impl.RoleInfo (RoleInfo.java:shutdownFollowerState(121)) - 3ce2c7b7-3df7-42de-af28-9ba1d65ea84e: shutdown FollowerState
2019-10-17 05:57:17,144 [grpc-default-executor-6] INFO  impl.RoleInfo (RoleInfo.java:updateAndGet(143)) - 3ce2c7b7-3df7-42de-af28-9ba1d65ea84e: start FollowerState
2019-10-17 05:57:17,144 [Thread-1652] INFO  impl.FollowerState (FollowerState.java:run(117)) - 3ce2c7b7-3df7-42de-af28-9ba1d65ea84e@group-0D1055093416-FollowerState was interrupted: java.lang.InterruptedException: sleep interrupted
2019-10-17 05:57:17,150 [9f06b4c9-079f-4989-8935-c6be59ddc82e@group-0D1055093416-LeaderElection172] INFO  impl.LeaderElection (LeaderElection.java:logAndReturn(56)) - 9f06b4c9-079f-4989-8935-c6be59ddc82e@group-0D1055093416-LeaderElection172: Election TIMEOUT; received 0 response(s) [] and 0 exception(s); 9f06b4c9-079f-4989-8935-c6be59ddc82e@group-0D1055093416:t159, leader=null, voted=9f06b4c9-079f-4989-8935-c6be59ddc82e, raftlog=9f06b4c9-079f-4989-8935-c6be59ddc82e@group-0D1055093416-SegmentedRaftLog:OPENED:c-1,f-1,i0, conf=-1: [9f06b4c9-079f-4989-8935-c6be59ddc82e:192.168.69.82:36391, b282f9e2-3bd4-452e-9c35-1adeacc39134:192.168.69.82:42567, 3ce2c7b7-3df7-42de-af28-9ba1d65ea84e:192.168.69.82:35388], old=null
2019-10-17 05:57:17,158 [9f06b4c9-079f-4989-8935-c6be59ddc82e@group-0D1055093416-LeaderElection172] INFO  impl.LeaderElection (LeaderElection.java:askForVotes(178)) - 9f06b4c9-079f-4989-8935-c6be59ddc82e@group-0D1055093416-LeaderElection172: begin an election at term 160 for -1: [9f06b4c9-079f-4989-8935-c6be59ddc82e:192.168.69.82:36391, b282f9e2-3bd4-452e-9c35-1adeacc39134:192.168.69.82:42567, 3ce2c7b7-3df7-42de-af28-9ba1d65ea84e:192.168.69.82:35388], old=null
2019-10-17 05:57:17,159 [grpc-default-executor-6] INFO  impl.RaftServerImpl (RaftServerImpl.java:setRole(184)) - b282f9e2-3bd4-452e-9c35-1adeacc39134@group-0D1055093416: changes role from  FOLLOWER to FOLLOWER at term 160 for recognizeCandidate:9f06b4c9-079f-4989-8935-c6be59ddc82e
2019-10-17 05:57:17,160 [grpc-default-executor-6] INFO  impl.RoleInfo (RoleInfo.java:shutdownFollowerState(121)) - b282f9e2-3bd4-452e-9c35-1adeacc39134: shutdown FollowerState
2019-10-17 05:57:17,160 [grpc-default-executor-1] INFO  impl.RaftServerImpl (RaftServerImpl.java:setRole(184)) - 3ce2c7b7-3df7-42de-af28-9ba1d65ea84e@group-0D1055093416: changes role from  FOLLOWER to FOLLOWER at term 160 for recognizeCandidate:9f06b4c9-079f-4989-8935-c6be59ddc82e
2019-10-17 05:57:17,160 [grpc-default-executor-1] INFO  impl.RoleInfo (RoleInfo.java:shutdownFollowerState(121)) - 3ce2c7b7-3df7-42de-af28-9ba1d65ea84e: shutdown FollowerState
2019-10-17 05:57:17,160 [Thread-1657] INFO  impl.FollowerState (FollowerState.java:run(117)) - b282f9e2-3bd4-452e-9c35-1adeacc39134@group-0D1055093416-FollowerState was interrupted: java.lang.InterruptedException: sleep interrupted
2019-10-17 05:57:17,160 [grpc-default-executor-6] INFO  impl.RoleInfo (RoleInfo.java:updateAndGet(143)) - b282f9e2-3bd4-452e-9c35-1adeacc39134: start FollowerState
2019-10-17 05:57:17,160 [Thread-1658] INFO  impl.FollowerState (FollowerState.java:run(117)) - 3ce2c7b7-3df7-42de-af28-9ba1d65ea84e@group-0D1055093416-FollowerState was interrupted: java.lang.InterruptedException: sleep interrupted
2019-10-17 05:57:17,160 [grpc-default-executor-1] INFO  impl.RoleInfo (RoleInfo.java:updateAndGet(143)) - 3ce2c7b7-3df7-42de-af28-9ba1d65ea84e: start FollowerState
2019-10-17 05:57:17,175 [9f06b4c9-079f-4989-8935-c6be59ddc82e@group-0D1055093416-LeaderElection172] INFO  impl.LeaderElection (LeaderElection.java:logAndReturn(56)) - 9f06b4c9-079f-4989-8935-c6be59ddc82e@group-0D1055093416-LeaderElection172: Election REJECTED; received 2 response(s) [9f06b4c9-079f-4989-8935-c6be59ddc82e<-b282f9e2-3bd4-452e-9c35-1adeacc39134#0:FAIL-t160, 9f06b4c9-079f-4989-8935-c6be59ddc82e<-3ce2c7b7-3df7-42de-af28-9ba1d65ea84e#0:FAIL-t160] and 0 exception(s); 9f06b4c9-079f-4989-8935-c6be59ddc82e@group-0D1055093416:t160, leader=null, voted=9f06b4c9-079f-4989-8935-c6be59ddc82e, raftlog=9f06b4c9-079f-4989-8935-c6be59ddc82e@group-0D1055093416-SegmentedRaftLog:OPENED:c-1,f-1,i0, conf=-1: [9f06b4c9-079f-4989-8935-c6be59ddc82e:192.168.69.82:36391, b282f9e2-3bd4-452e-9c35-1adeacc39134:192.168.69.82:42567, 3ce2c7b7-3df7-42de-af28-9ba1d65ea84e:192.168.69.82:35388], old=null
2019-10-17 05:57:17,175 [9f06b4c9-079f-4989-8935-c6be59ddc82e@group-0D1055093416-LeaderElection172] INFO  impl.RaftServerImpl (RaftServerImpl.java:setRole(184)) - 9f06b4c9-079f-4989-8935-c6be59ddc82e@group-0D1055093416: changes role from CANDIDATE to FOLLOWER at term 160 for DISCOVERED_A_NEW_TERM
2019-10-17 05:57:17,175 [9f06b4c9-079f-4989-8935-c6be59ddc82e@group-0D1055093416-LeaderElection172] INFO  impl.RoleInfo (RoleInfo.java:shutdownLeaderElection(134)) - 9f06b4c9-079f-4989-8935-c6be59ddc82e: shutdown LeaderElection
2019-10-17 05:57:17,175 [9f06b4c9-079f-4989-8935-c6be59ddc82e@group-0D1055093416-LeaderElection172] INFO  impl.RoleInfo (RoleInfo.java:updateAndGet(143)) - 9f06b4c9-079f-4989-8935-c6be59ddc82e: start FollowerState
2019-10-17 05:57:17,230 [Thread-1663] INFO  impl.FollowerState (FollowerState.java:run(108)) - 9f06b4c9-079f-4989-8935-c6be59ddc82e@group-0D1055093416-FollowerState: change to CANDIDATE, lastRpcTime:54ms, electionTimeout:54ms
2019-10-17 05:57:17,230 [Thread-1663] INFO  impl.RoleInfo (RoleInfo.java:shutdownFollowerState(121)) - 9f06b4c9-079f-4989-8935-c6be59ddc82e: shutdown FollowerState
2019-10-17 05:57:17,230 [Thread-1663] INFO  impl.RaftServerImpl (RaftServerImpl.java:setRole(184)) - 9f06b4c9-079f-4989-8935-c6be59ddc82e@group-0D1055093416: changes role from  FOLLOWER to CANDIDATE at term 160 for changeToCandidate
2019-10-17 05:57:17,230 [Thread-1663] INFO  impl.RoleInfo (RoleInfo.java:updateAndGet(143)) - 9f06b4c9-079f-4989-8935-c6be59ddc82e: start LeaderElection
2019-10-17 05:57:17,243 [9f06b4c9-079f-4989-8935-c6be59ddc82e@group-0D1055093416-LeaderElection173] INFO  impl.LeaderElection (LeaderElection.java:askForVotes(178)) - 9f06b4c9-079f-4989-8935-c6be59ddc82e@group-0D1055093416-LeaderElection173: begin an election at term 161 for -1: [9f06b4c9-079f-4989-8935-c6be59ddc82e:192.168.69.82:36391, b282f9e2-3bd4-452e-9c35-1adeacc39134:192.168.69.82:42567, 3ce2c7b7-3df7-42de-af28-9ba1d65ea84e:192.168.69.82:35388], old=null
2019-10-17 05:57:17,245 [grpc-default-executor-6] INFO  impl.RaftServerImpl (RaftServerImpl.java:setRole(184)) - b282f9e2-3bd4-452e-9c35-1adeacc39134@group-0D1055093416: changes role from  FOLLOWER to FOLLOWER at term 161 for recognizeCandidate:9f06b4c9-079f-4989-8935-c6be59ddc82e
2019-10-17 05:57:17,245 [grpc-default-executor-6] INFO  impl.RoleInfo (RoleInfo.java:shutdownFollowerState(121)) - b282f9e2-3bd4-452e-9c35-1adeacc39134: shutdown FollowerState
2019-10-17 05:57:17,245 [grpc-default-executor-1] INFO  impl.RaftServerImpl (RaftServerImpl.java:setRole(184)) - 3ce2c7b7-3df7-42de-af28-9ba1d65ea84e@group-0D1055093416: changes role from  FOLLOWER to FOLLOWER at term 161 for recognizeCandidate:9f06b4c9-079f-4989-8935-c6be59ddc82e
2019-10-17 05:57:17,245 [Thread-1661] INFO  impl.FollowerState (FollowerState.java:run(117)) - b282f9e2-3bd4-452e-9c35-1adeacc39134@group-0D1055093416-FollowerState was interrupted: java.lang.InterruptedException: sleep interrupted
2019-10-17 05:57:17,245 [grpc-default-executor-6] INFO  impl.RoleInfo (RoleInfo.java:updateAndGet(143)) - b282f9e2-3bd4-452e-9c35-1adeacc39134: start FollowerState
2019-10-17 05:57:17,245 [grpc-default-executor-1] INFO  impl.RoleInfo (RoleInfo.java:shutdownFollowerState(121)) - 3ce2c7b7-3df7-42de-af28-9ba1d65ea84e: shutdown FollowerState
2019-10-17 05:57:17,246 [Thread-1662] INFO  impl.FollowerState (FollowerState.java:run(117)) - 3ce2c7b7-3df7-42de-af28-9ba1d65ea84e@group-0D1055093416-FollowerState was interrupted: java.lang.InterruptedException: sleep interrupted
2019-10-17 05:57:17,246 [grpc-default-executor-1] INFO  impl.RoleInfo (RoleInfo.java:updateAndGet(143)) - 3ce2c7b7-3df7-42de-af28-9ba1d65ea84e: start FollowerState
2019-10-17 05:57:17,260 [9f06b4c9-079f-4989-8935-c6be59ddc82e@group-0D1055093416-LeaderElection173] INFO  impl.LeaderElection (LeaderElection.java:logAndReturn(56)) - 9f06b4c9-079f-4989-8935-c6be59ddc82e@group-0D1055093416-LeaderElection173: Election REJECTED; received 2 response(s) [9f06b4c9-079f-4989-8935-c6be59ddc82e<-b282f9e2-3bd4-452e-9c35-1adeacc39134#0:FAIL-t161, 9f06b4c9-079f-4989-8935-c6be59ddc82e<-3ce2c7b7-3df7-42de-af28-9ba1d65ea84e#0:FAIL-t161] and 0 exception(s); 9f06b4c9-079f-4989-8935-c6be59ddc82e@group-0D1055093416:t161, leader=null, voted=9f06b4c9-079f-4989-8935-c6be59ddc82e, raftlog=9f06b4c9-079f-4989-8935-c6be59ddc82e@group-0D1055093416-SegmentedRaftLog:OPENED:c-1,f-1,i0, conf=-1: [9f06b4c9-079f-4989-8935-c6be59ddc82e:192.168.69.82:36391, b282f9e2-3bd4-452e-9c35-1adeacc39134:192.168.69.82:42567, 3ce2c7b7-3df7-42de-af28-9ba1d65ea84e:192.168.69.82:35388], old=null
2019-10-17 05:57:17,260 [9f06b4c9-079f-4989-8935-c6be59ddc82e@group-0D1055093416-LeaderElection173] INFO  impl.RaftServerImpl (RaftServerImpl.java:setRole(184)) - 9f06b4c9-079f-4989-8935-c6be59ddc82e@group-0D1055093416: changes role from CANDIDATE to FOLLOWER at term 161 for DISCOVERED_A_NEW_TERM
2019-10-17 05:57:17,260 [9f06b4c9-079f-4989-8935-c6be59ddc82e@group-0D1055093416-LeaderElection173] INFO  impl.RoleInfo (RoleInfo.java:shutdownLeaderElection(134)) - 9f06b4c9-079f-4989-8935-c6be59ddc82e: shutdown LeaderElection
2019-10-17 05:57:17,260 [9f06b4c9-079f-4989-8935-c6be59ddc82e@group-0D1055093416-LeaderElection173] INFO  impl.RoleInfo (RoleInfo.java:updateAndGet(143)) - 9f06b4c9-079f-4989-8935-c6be59ddc82e: start FollowerState
2019-10-17 05:57:17,404 [Thread-1669] INFO  impl.FollowerState (FollowerState.java:run(108)) - 9f06b4c9-079f-4989-8935-c6be59ddc82e@group-0D1055093416-FollowerState: change to CANDIDATE, lastRpcTime:144ms, electionTimeout:144ms
2019-10-17 05:57:17,405 [Thread-1669] INFO  impl.RoleInfo (RoleInfo.java:shutdownFollowerState(121)) - 9f06b4c9-079f-4989-8935-c6be59ddc82e: shutdown FollowerState
2019-10-17 05:57:17,405 [Thread-1669] INFO  impl.RaftServerImpl (RaftServerImpl.java:setRole(184)) - 9f06b4c9-079f-4989-8935-c6be59ddc82e@group-0D1055093416: changes role from  FOLLOWER to CANDIDATE at term 161 for changeToCandidate
2019-10-17 05:57:17,405 [Thread-1669] INFO  impl.RoleInfo (RoleInfo.java:updateAndGet(143)) - 9f06b4c9-079f-4989-8935-c6be59ddc82e: start LeaderElection
2019-10-17 05:57:17,418 [9f06b4c9-079f-4989-8935-c6be59ddc82e@group-0D1055093416-LeaderElection174] INFO  impl.LeaderElection (LeaderElection.java:askForVotes(178)) - 9f06b4c9-079f-4989-8935-c6be59ddc82e@group-0D1055093416-LeaderElection174: begin an election at term 162 for -1: [9f06b4c9-079f-4989-8935-c6be59ddc82e:192.168.69.82:36391, b282f9e2-3bd4-452e-9c35-1adeacc39134:192.168.69.82:42567, 3ce2c7b7-3df7-42de-af28-9ba1d65ea84e:192.168.69.82:35388], old=null
2019-10-17 05:57:17,420 [grpc-default-executor-6] INFO  impl.RaftServerImpl (RaftServerImpl.java:setRole(184)) - b282f9e2-3bd4-452e-9c35-1adeacc39134@group-0D1055093416: changes role from  FOLLOWER to FOLLOWER at term 162 for recognizeCandidate:9f06b4c9-079f-4989-8935-c6be59ddc82e
2019-10-17 05:57:17,420 [grpc-default-executor-6] INFO  impl.RoleInfo (RoleInfo.java:shutdownFollowerState(121)) - b282f9e2-3bd4-452e-9c35-1adeacc39134: shutdown FollowerState
2019-10-17 05:57:17,420 [grpc-default-executor-1] INFO  impl.RaftServerImpl (RaftServerImpl.java:setRole(184)) - 3ce2c7b7-3df7-42de-af28-9ba1d65ea84e@group-0D1055093416: changes role from  FOLLOWER to FOLLOWER at term 162 for recognizeCandidate:9f06b4c9-079f-4989-8935-c6be59ddc82e
2019-10-17 05:57:17,421 [grpc-default-executor-1] INFO  impl.RoleInfo (RoleInfo.java:shutdownFollowerState(121)) - 3ce2c7b7-3df7-42de-af28-9ba1d65ea84e: shutdown FollowerState
2019-10-17 05:57:17,421 [Thread-1667] INFO  impl.FollowerState (FollowerState.java:run(117)) - b282f9e2-3bd4-452e-9c35-1adeacc39134@group-0D1055093416-FollowerState was interrupted: java.lang.InterruptedException: sleep interrupted
2019-10-17 05:57:17,421 [grpc-default-executor-6] INFO  impl.RoleInfo (RoleInfo.java:updateAndGet(143)) - b282f9e2-3bd4-452e-9c35-1adeacc39134: start FollowerState
2019-10-17 05:57:17,421 [Thread-1668] INFO  impl.FollowerState (FollowerState.java:run(117)) - 3ce2c7b7-3df7-42de-af28-9ba1d65ea84e@group-0D1055093416-FollowerState was interrupted: java.lang.InterruptedException: sleep interrupted
2019-10-17 05:57:17,421 [grpc-default-executor-1] INFO  impl.RoleInfo (RoleInfo.java:updateAndGet(143)) - 3ce2c7b7-3df7-42de-af28-9ba1d65ea84e: start FollowerState
2019-10-17 05:57:17,442 [9f06b4c9-079f-4989-8935-c6be59ddc82e@group-0D1055093416-LeaderElection174] INFO  impl.LeaderElection (LeaderElection.java:logAndReturn(56)) - 9f06b4c9-079f-4989-8935-c6be59ddc82e@group-0D1055093416-LeaderElection174: Election REJECTED; received 2 response(s) [9f06b4c9-079f-4989-8935-c6be59ddc82e<-b282f9e2-3bd4-452e-9c35-1adeacc39134#0:FAIL-t162, 9f06b4c9-079f-4989-8935-c6be59ddc82e<-3ce2c7b7-3df7-42de-af28-9ba1d65ea84e#0:FAIL-t162] and 0 exception(s); 9f06b4c9-079f-4989-8935-c6be59ddc82e@group-0D1055093416:t162, leader=null, voted=9f06b4c9-079f-4989-8935-c6be59ddc82e, raftlog=9f06b4c9-079f-4989-8935-c6be59ddc82e@group-0D1055093416-SegmentedRaftLog:OPENED:c-1,f-1,i0, conf=-1: [9f06b4c9-079f-4989-8935-c6be59ddc82e:192.168.69.82:36391, b282f9e2-3bd4-452e-9c35-1adeacc39134:192.168.69.82:42567, 3ce2c7b7-3df7-42de-af28-9ba1d65ea84e:192.168.69.82:35388], old=null
2019-10-17 05:57:17,442 [9f06b4c9-079f-4989-8935-c6be59ddc82e@group-0D1055093416-LeaderElection174] INFO  impl.RaftServerImpl (RaftServerImpl.java:setRole(184)) - 9f06b4c9-079f-4989-8935-c6be59ddc82e@group-0D1055093416: changes role from CANDIDATE to FOLLOWER at term 162 for DISCOVERED_A_NEW_TERM
2019-10-17 05:57:17,442 [9f06b4c9-079f-4989-8935-c6be59ddc82e@group-0D1055093416-LeaderElection174] INFO  impl.RoleInfo (RoleInfo.java:shutdownLeaderElection(134)) - 9f06b4c9-079f-4989-8935-c6be59ddc82e: shutdown LeaderElection
2019-10-17 05:57:17,442 [9f06b4c9-079f-4989-8935-c6be59ddc82e@group-0D1055093416-LeaderElection174] INFO  impl.RoleInfo (RoleInfo.java:updateAndGet(143)) - 9f06b4c9-079f-4989-8935-c6be59ddc82e: start FollowerState
2019-10-17 05:57:17,639 [Thread-1677] INFO  impl.FollowerState (FollowerState.java:run(108)) - 9f06b4c9-079f-4989-8935-c6be59ddc82e@group-0D1055093416-FollowerState: change to CANDIDATE, lastRpcTime:196ms, electionTimeout:196ms
2019-10-17 05:57:17,639 [Thread-1677] INFO  impl.RoleInfo (RoleInfo.java:shutdownFollowerState(121)) - 9f06b4c9-079f-4989-8935-c6be59ddc82e: shutdown FollowerState
2019-10-17 05:57:17,639 [Thread-1677] INFO  impl.RaftServerImpl (RaftServerImpl.java:setRole(184)) - 9f06b4c9-079f-4989-8935-c6be59ddc82e@group-0D1055093416: changes role from  FOLLOWER to CANDIDATE at term 162 for changeToCandidate
2019-10-17 05:57:17,639 [Thread-1677] INFO  impl.RoleInfo (RoleInfo.java:updateAndGet(143)) - 9f06b4c9-079f-4989-8935-c6be59ddc82e: start LeaderElection
2019-10-17 05:57:17,653 [9f06b4c9-079f-4989-8935-c6be59ddc82e@group-0D1055093416-LeaderElection175] INFO  impl.LeaderElection (LeaderElection.java:askForVotes(178)) - 9f06b4c9-079f-4989-8935-c6be59ddc82e@group-0D1055093416-LeaderElection175: begin an election at term 163 for -1: [9f06b4c9-079f-4989-8935-c6be59ddc82e:192.168.69.82:36391, b282f9e2-3bd4-452e-9c35-1adeacc39134:192.168.69.82:42567, 3ce2c7b7-3df7-42de-af28-9ba1d65ea84e:192.168.69.82:35388], old=null
2019-10-17 05:57:17,656 [grpc-default-executor-1] INFO  impl.RaftServerImpl (RaftServerImpl.java:setRole(184)) - 3ce2c7b7-3df7-42de-af28-9ba1d65ea84e@group-0D1055093416: changes role from  FOLLOWER to FOLLOWER at term 163 for recognizeCandidate:9f06b4c9-079f-4989-8935-c6be59ddc82e
2019-10-17 05:57:17,656 [grpc-default-executor-6] INFO  impl.RaftServerImpl (RaftServerImpl.java:setRole(184)) - b282f9e2-3bd4-452e-9c35-1adeacc39134@group-0D1055093416: changes role from  FOLLOWER to FOLLOWER at term 163 for recognizeCandidate:9f06b4c9-079f-4989-8935-c6be59ddc82e
2019-10-17 05:57:17,656 [grpc-default-executor-6] INFO  impl.RoleInfo (RoleInfo.java:shutdownFollowerState(121)) - b282f9e2-3bd4-452e-9c35-1adeacc39134: shutdown FollowerState
2019-10-17 05:57:17,656 [grpc-default-executor-1] INFO  impl.RoleInfo (RoleInfo.java:shutdownFollowerState(121)) - 3ce2c7b7-3df7-42de-af28-9ba1d65ea84e: shutdown FollowerState
2019-10-17 05:57:17,656 [Thread-1674] INFO  impl.FollowerState (FollowerState.java:run(117)) - b282f9e2-3bd4-452e-9c35-1adeacc39134@group-0D1055093416-FollowerState was interrupted: java.lang.InterruptedException: sleep interrupted
2019-10-17 05:57:17,656 [Thread-1675] INFO  impl.FollowerState (FollowerState.java:run(117)) - 3ce2c7b7-3df7-42de-af28-9ba1d65ea84e@group-0D1055093416-FollowerState was interrupted: java.lang.InterruptedException: sleep interrupted
2019-10-17 05:57:17,656 [grpc-default-executor-6] INFO  impl.RoleInfo (RoleInfo.java:updateAndGet(143)) - b282f9e2-3bd4-452e-9c35-1adeacc39134: start FollowerState
2019-10-17 05:57:17,656 [grpc-default-executor-1] INFO  impl.RoleInfo (RoleInfo.java:updateAndGet(143)) - 3ce2c7b7-3df7-42de-af28-9ba1d65ea84e: start FollowerState
2019-10-17 05:57:17,688 [java.util.concurrent.ThreadPoolExecutor$Worker@65b35bbb[State = -1, empty queue]] WARN  server.GrpcLogAppender (GrpcLogAppender.java:timeoutAppendRequest(209)) - b5f12832-4a97-45e3-9503-a5cba48636cf@group-74E9893F5999->596a1247-d4fb-4568-97fb-3ff1ce43250d-GrpcLogAppender: appendEntries Timeout, request=b5f12832-4a97-45e3-9503-a5cba48636cf->596a1247-d4fb-4568-97fb-3ff1ce43250d#0-t10, previous=(t:9, i:18), leaderCommit=18, initializing? false, entries: <empty>
2019-10-17 05:57:17,695 [9f06b4c9-079f-4989-8935-c6be59ddc82e@group-0D1055093416-LeaderElection175] INFO  impl.LeaderElection (LeaderElection.java:logAndReturn(56)) - 9f06b4c9-079f-4989-8935-c6be59ddc82e@group-0D1055093416-LeaderElection175: Election REJECTED; received 2 response(s) [9f06b4c9-079f-4989-8935-c6be59ddc82e<-b282f9e2-3bd4-452e-9c35-1adeacc39134#0:FAIL-t163, 9f06b4c9-079f-4989-8935-c6be59ddc82e<-3ce2c7b7-3df7-42de-af28-9ba1d65ea84e#0:FAIL-t163] and 0 exception(s); 9f06b4c9-079f-4989-8935-c6be59ddc82e@group-0D1055093416:t163, leader=null, voted=9f06b4c9-079f-4989-8935-c6be59ddc82e, raftlog=9f06b4c9-079f-4989-8935-c6be59ddc82e@group-0D1055093416-SegmentedRaftLog:OPENED:c-1,f-1,i0, conf=-1: [9f06b4c9-079f-4989-8935-c6be59ddc82e:192.168.69.82:36391, b282f9e2-3bd4-452e-9c35-1adeacc39134:192.168.69.82:42567, 3ce2c7b7-3df7-42de-af28-9ba1d65ea84e:192.168.69.82:35388], old=null
2019-10-17 05:57:17,695 [9f06b4c9-079f-4989-8935-c6be59ddc82e@group-0D1055093416-LeaderElection175] INFO  impl.RaftServerImpl (RaftServerImpl.java:setRole(184)) - 9f06b4c9-079f-4989-8935-c6be59ddc82e@group-0D1055093416: changes role from CANDIDATE to FOLLOWER at term 163 for DISCOVERED_A_NEW_TERM
2019-10-17 05:57:17,695 [9f06b4c9-079f-4989-8935-c6be59ddc82e@group-0D1055093416-LeaderElection175] INFO  impl.RoleInfo (RoleInfo.java:shutdownLeaderElection(134)) - 9f06b4c9-079f-4989-8935-c6be59ddc82e: shutdown LeaderElection
2019-10-17 05:57:17,695 [9f06b4c9-079f-4989-8935-c6be59ddc82e@group-0D1055093416-LeaderElection175] INFO  impl.RoleInfo (RoleInfo.java:updateAndGet(143)) - 9f06b4c9-079f-4989-8935-c6be59ddc82e: start FollowerState
2019-10-17 05:57:17,788 [Thread-1683] INFO  impl.FollowerState (FollowerState.java:run(108)) - 9f06b4c9-079f-4989-8935-c6be59ddc82e@group-0D1055093416-FollowerState: change to CANDIDATE, lastRpcTime:92ms, electionTimeout:92ms
2019-10-17 05:57:17,788 [Thread-1683] INFO  impl.RoleInfo (RoleInfo.java:shutdownFollowerState(121)) - 9f06b4c9-079f-4989-8935-c6be59ddc82e: shutdown FollowerState
2019-10-17 05:57:17,788 [Thread-1683] INFO  impl.RaftServerImpl (RaftServerImpl.java:setRole(184)) - 9f06b4c9-079f-4989-8935-c6be59ddc82e@group-0D1055093416: changes role from  FOLLOWER to CANDIDATE at term 163 for changeToCandidate
2019-10-17 05:57:17,788 [Thread-1683] INFO  impl.RoleInfo (RoleInfo.java:updateAndGet(143)) - 9f06b4c9-079f-4989-8935-c6be59ddc82e: start LeaderElection
2019-10-17 05:57:17,802 [9f06b4c9-079f-4989-8935-c6be59ddc82e@group-0D1055093416-LeaderElection176] INFO  impl.LeaderElection (LeaderElection.java:askForVotes(178)) - 9f06b4c9-079f-4989-8935-c6be59ddc82e@group-0D1055093416-LeaderElection176: begin an election at term 164 for -1: [9f06b4c9-079f-4989-8935-c6be59ddc82e:192.168.69.82:36391, b282f9e2-3bd4-452e-9c35-1adeacc39134:192.168.69.82:42567, 3ce2c7b7-3df7-42de-af28-9ba1d65ea84e:192.168.69.82:35388], old=null
2019-10-17 05:57:17,803 [grpc-default-executor-6] INFO  impl.RaftServerImpl (RaftServerImpl.java:setRole(184)) - b282f9e2-3bd4-452e-9c35-1adeacc39134@group-0D1055093416: changes role from  FOLLOWER to FOLLOWER at term 164 for recognizeCandidate:9f06b4c9-079f-4989-8935-c6be59ddc82e
2019-10-17 05:57:17,803 [grpc-default-executor-6] INFO  impl.RoleInfo (RoleInfo.java:shutdownFollowerState(121)) - b282f9e2-3bd4-452e-9c35-1adeacc39134: shutdown FollowerState
2019-10-17 05:57:17,803 [grpc-default-executor-6] INFO  impl.RoleInfo (RoleInfo.java:updateAndGet(143)) - b282f9e2-3bd4-452e-9c35-1adeacc39134: start FollowerState
2019-10-17 05:57:17,803 [grpc-default-executor-1] INFO  impl.RaftServerImpl (RaftServerImpl.java:setRole(184)) - 3ce2c7b7-3df7-42de-af28-9ba1d65ea84e@group-0D1055093416: changes role from  FOLLOWER to FOLLOWER at term 164 for recognizeCandidate:9f06b4c9-079f-4989-8935-c6be59ddc82e
2019-10-17 05:57:17,803 [Thread-1681] INFO  impl.FollowerState (FollowerState.java:run(117)) - b282f9e2-3bd4-452e-9c35-1adeacc39134@group-0D1055093416-FollowerState was interrupted: java.lang.InterruptedException: sleep interrupted
2019-10-17 05:57:17,804 [grpc-default-executor-1] INFO  impl.RoleInfo (RoleInfo.java:shutdownFollowerState(121)) - 3ce2c7b7-3df7-42de-af28-9ba1d65ea84e: shutdown FollowerState
2019-10-17 05:57:17,804 [grpc-default-executor-1] INFO  impl.RoleInfo (RoleInfo.java:updateAndGet(143)) - 3ce2c7b7-3df7-42de-af28-9ba1d65ea84e: start FollowerState
2019-10-17 05:57:17,804 [Thread-1682] INFO  impl.FollowerState (FollowerState.java:run(117)) - 3ce2c7b7-3df7-42de-af28-9ba1d65ea84e@group-0D1055093416-FollowerState was interrupted: java.lang.InterruptedException: sleep interrupted
2019-10-17 05:57:17,809 [java.util.concurrent.ThreadPoolExecutor$Worker@7f6128f[State = -1, empty queue]] WARN  server.GrpcLogAppender (GrpcLogAppender.java:timeoutAppendRequest(209)) - 194f2ff6-41c6-4f9d-98fd-e63bb60a2475@group-7066FE0FC203->d4bb136b-e602-4c0a-8f86-2462710659b1-GrpcLogAppender: appendEntries Timeout, request=194f2ff6-41c6-4f9d-98fd-e63bb60a2475->d4bb136b-e602-4c0a-8f86-2462710659b1#0-t9, previous=(t:8, i:0), leaderCommit=0, initializing? false, entries: <empty>
2019-10-17 05:57:17,818 [9f06b4c9-079f-4989-8935-c6be59ddc82e@group-0D1055093416-LeaderElection176] INFO  impl.LeaderElection (LeaderElection.java:logAndReturn(56)) - 9f06b4c9-079f-4989-8935-c6be59ddc82e@group-0D1055093416-LeaderElection176: Election REJECTED; received 2 response(s) [9f06b4c9-079f-4989-8935-c6be59ddc82e<-b282f9e2-3bd4-452e-9c35-1adeacc39134#0:FAIL-t164, 9f06b4c9-079f-4989-8935-c6be59ddc82e<-3ce2c7b7-3df7-42de-af28-9ba1d65ea84e#0:FAIL-t164] and 0 exception(s); 9f06b4c9-079f-4989-8935-c6be59ddc82e@group-0D1055093416:t164, leader=null, voted=9f06b4c9-079f-4989-8935-c6be59ddc82e, raftlog=9f06b4c9-079f-4989-8935-c6be59ddc82e@group-0D1055093416-SegmentedRaftLog:OPENED:c-1,f-1,i0, conf=-1: [9f06b4c9-079f-4989-8935-c6be59ddc82e:192.168.69.82:36391, b282f9e2-3bd4-452e-9c35-1adeacc39134:192.168.69.82:42567, 3ce2c7b7-3df7-42de-af28-9ba1d65ea84e:192.168.69.82:35388], old=null
2019-10-17 05:57:17,818 [9f06b4c9-079f-4989-8935-c6be59ddc82e@group-0D1055093416-LeaderElection176] INFO  impl.RaftServerImpl (RaftServerImpl.java:setRole(184)) - 9f06b4c9-079f-4989-8935-c6be59ddc82e@group-0D1055093416: changes role from CANDIDATE to FOLLOWER at term 164 for DISCOVERED_A_NEW_TERM
2019-10-17 05:57:17,818 [9f06b4c9-079f-4989-8935-c6be59ddc82e@group-0D1055093416-LeaderElection176] INFO  impl.RoleInfo (RoleInfo.java:shutdownLeaderElection(134)) - 9f06b4c9-079f-4989-8935-c6be59ddc82e: shutdown LeaderElection
2019-10-17 05:57:17,818 [9f06b4c9-079f-4989-8935-c6be59ddc82e@group-0D1055093416-LeaderElection176] INFO  impl.RoleInfo (RoleInfo.java:updateAndGet(143)) - 9f06b4c9-079f-4989-8935-c6be59ddc82e: start FollowerState
2019-10-17 05:57:17,956 [Thread-1689] INFO  impl.FollowerState (FollowerState.java:run(108)) - 9f06b4c9-079f-4989-8935-c6be59ddc82e@group-0D1055093416-FollowerState: change to CANDIDATE, lastRpcTime:137ms, electionTimeout:137ms
2019-10-17 05:57:17,956 [Thread-1689] INFO  impl.RoleInfo (RoleInfo.java:shutdownFollowerState(121)) - 9f06b4c9-079f-4989-8935-c6be59ddc82e: shutdown FollowerState
2019-10-17 05:57:17,956 [Thread-1689] INFO  impl.RaftServerImpl (RaftServerImpl.java:setRole(184)) - 9f06b4c9-079f-4989-8935-c6be59ddc82e@group-0D1055093416: changes role from  FOLLOWER to CANDIDATE at term 164 for changeToCandidate
2019-10-17 05:57:17,956 [Thread-1689] INFO  impl.RoleInfo (RoleInfo.java:updateAndGet(143)) - 9f06b4c9-079f-4989-8935-c6be59ddc82e: start LeaderElection
2019-10-17 05:57:17,970 [9f06b4c9-079f-4989-8935-c6be59ddc82e@group-0D1055093416-LeaderElection177] INFO  impl.LeaderElection (LeaderElection.java:askForVotes(178)) - 9f06b4c9-079f-4989-8935-c6be59ddc82e@group-0D1055093416-LeaderElection177: begin an election at term 165 for -1: [9f06b4c9-079f-4989-8935-c6be59ddc82e:192.168.69.82:36391, b282f9e2-3bd4-452e-9c35-1adeacc39134:192.168.69.82:42567, 3ce2c7b7-3df7-42de-af28-9ba1d65ea84e:192.168.69.82:35388], old=null
2019-10-17 05:57:17,971 [grpc-default-executor-1] INFO  impl.RaftServerImpl (RaftServerImpl.java:setRole(184)) - b282f9e2-3bd4-452e-9c35-1adeacc39134@group-0D1055093416: changes role from  FOLLOWER to FOLLOWER at term 165 for recognizeCandidate:9f06b4c9-079f-4989-8935-c6be59ddc82e
2019-10-17 05:57:17,971 [grpc-default-executor-1] INFO  impl.RoleInfo (RoleInfo.java:shutdownFollowerState(121)) - b282f9e2-3bd4-452e-9c35-1adeacc39134: shutdown FollowerState
2019-10-17 05:57:17,972 [grpc-default-executor-6] INFO  impl.RaftServerImpl (RaftServerImpl.java:setRole(184)) - 3ce2c7b7-3df7-42de-af28-9ba1d65ea84e@group-0D1055093416: changes role from  FOLLOWER to FOLLOWER at term 165 for recognizeCandidate:9f06b4c9-079f-4989-8935-c6be59ddc82e
2019-10-17 05:57:17,972 [Thread-1687] INFO  impl.FollowerState (FollowerState.java:run(117)) - b282f9e2-3bd4-452e-9c35-1adeacc39134@group-0D1055093416-FollowerState was interrupted: java.lang.InterruptedException: sleep interrupted
2019-10-17 05:57:17,972 [grpc-default-executor-1] INFO  impl.RoleInfo (RoleInfo.java:updateAndGet(143)) - b282f9e2-3bd4-452e-9c35-1adeacc39134: start FollowerState
2019-10-17 05:57:17,972 [grpc-default-executor-6] INFO  impl.RoleInfo (RoleInfo.java:shutdownFollowerState(121)) - 3ce2c7b7-3df7-42de-af28-9ba1d65ea84e: shutdown FollowerState
2019-10-17 05:57:17,972 [grpc-default-executor-6] INFO  impl.RoleInfo (RoleInfo.java:updateAndGet(143)) - 3ce2c7b7-3df7-42de-af28-9ba1d65ea84e: start FollowerState
2019-10-17 05:57:17,972 [Thread-1688] INFO  impl.FollowerState (FollowerState.java:run(117)) - 3ce2c7b7-3df7-42de-af28-9ba1d65ea84e@group-0D1055093416-FollowerState was interrupted: java.lang.InterruptedException: sleep interrupted
2019-10-17 05:57:17,987 [9f06b4c9-079f-4989-8935-c6be59ddc82e@group-0D1055093416-LeaderElection177] INFO  impl.LeaderElection (LeaderElection.java:logAndReturn(56)) - 9f06b4c9-079f-4989-8935-c6be59ddc82e@group-0D1055093416-LeaderElection177: Election REJECTED; received 2 response(s) [9f06b4c9-079f-4989-8935-c6be59ddc82e<-b282f9e2-3bd4-452e-9c35-1adeacc39134#0:FAIL-t165, 9f06b4c9-079f-4989-8935-c6be59ddc82e<-3ce2c7b7-3df7-42de-af28-9ba1d65ea84e#0:FAIL-t165] and 0 exception(s); 9f06b4c9-079f-4989-8935-c6be59ddc82e@group-0D1055093416:t165, leader=null, voted=9f06b4c9-079f-4989-8935-c6be59ddc82e, raftlog=9f06b4c9-079f-4989-8935-c6be59ddc82e@group-0D1055093416-SegmentedRaftLog:OPENED:c-1,f-1,i0, conf=-1: [9f06b4c9-079f-4989-8935-c6be59ddc82e:192.168.69.82:36391, b282f9e2-3bd4-452e-9c35-1adeacc39134:192.168.69.82:42567, 3ce2c7b7-3df7-42de-af28-9ba1d65ea84e:192.168.69.82:35388], old=null
2019-10-17 05:57:17,987 [9f06b4c9-079f-4989-8935-c6be59ddc82e@group-0D1055093416-LeaderElection177] INFO  impl.RaftServerImpl (RaftServerImpl.java:setRole(184)) - 9f06b4c9-079f-4989-8935-c6be59ddc82e@group-0D1055093416: changes role from CANDIDATE to FOLLOWER at term 165 for DISCOVERED_A_NEW_TERM
2019-10-17 05:57:17,987 [9f06b4c9-079f-4989-8935-c6be59ddc82e@group-0D1055093416-LeaderElection177] INFO  impl.RoleInfo (RoleInfo.java:shutdownLeaderElection(134)) - 9f06b4c9-079f-4989-8935-c6be59ddc82e: shutdown LeaderElection
2019-10-17 05:57:17,987 [9f06b4c9-079f-4989-8935-c6be59ddc82e@group-0D1055093416-LeaderElection177] INFO  impl.RoleInfo (RoleInfo.java:updateAndGet(143)) - 9f06b4c9-079f-4989-8935-c6be59ddc82e: start FollowerState
2019-10-17 05:57:18,064 [Thread-1697] INFO  impl.FollowerState (FollowerState.java:run(108)) - 9f06b4c9-079f-4989-8935-c6be59ddc82e@group-0D1055093416-FollowerState: change to CANDIDATE, lastRpcTime:77ms, electionTimeout:77ms
2019-10-17 05:57:18,065 [Thread-1697] INFO  impl.RoleInfo (RoleInfo.java:shutdownFollowerState(121)) - 9f06b4c9-079f-4989-8935-c6be59ddc82e: shutdown FollowerState
2019-10-17 05:57:18,065 [Thread-1697] INFO  impl.RaftServerImpl (RaftServerImpl.java:setRole(184)) - 9f06b4c9-079f-4989-8935-c6be59ddc82e@group-0D1055093416: changes role from  FOLLOWER to CANDIDATE at term 165 for changeToCandidate
2019-10-17 05:57:18,065 [Thread-1697] INFO  impl.RoleInfo (RoleInfo.java:updateAndGet(143)) - 9f06b4c9-079f-4989-8935-c6be59ddc82e: start LeaderElection
2019-10-17 05:57:18,078 [9f06b4c9-079f-4989-8935-c6be59ddc82e@group-0D1055093416-LeaderElection178] INFO  impl.LeaderElection (LeaderElection.java:askForVotes(178)) - 9f06b4c9-079f-4989-8935-c6be59ddc82e@group-0D1055093416-LeaderElection178: begin an election at term 166 for -1: [9f06b4c9-079f-4989-8935-c6be59ddc82e:192.168.69.82:36391, b282f9e2-3bd4-452e-9c35-1adeacc39134:192.168.69.82:42567, 3ce2c7b7-3df7-42de-af28-9ba1d65ea84e:192.168.69.82:35388], old=null
2019-10-17 05:57:18,081 [grpc-default-executor-6] INFO  impl.RaftServerImpl (RaftServerImpl.java:setRole(184)) - 3ce2c7b7-3df7-42de-af28-9ba1d65ea84e@group-0D1055093416: changes role from  FOLLOWER to FOLLOWER at term 166 for recognizeCandidate:9f06b4c9-079f-4989-8935-c6be59ddc82e
2019-10-17 05:57:18,081 [grpc-default-executor-6] INFO  impl.RoleInfo (RoleInfo.java:shutdownFollowerState(121)) - 3ce2c7b7-3df7-42de-af28-9ba1d65ea84e: shutdown FollowerState
2019-10-17 05:57:18,081 [Thread-1696] INFO  impl.FollowerState (FollowerState.java:run(117)) - 3ce2c7b7-3df7-42de-af28-9ba1d65ea84e@group-0D1055093416-FollowerState was interrupted: java.lang.InterruptedException: sleep interrupted
2019-10-17 05:57:18,081 [grpc-default-executor-6] INFO  impl.RoleInfo (RoleInfo.java:updateAndGet(143)) - 3ce2c7b7-3df7-42de-af28-9ba1d65ea84e: start FollowerState
2019-10-17 05:57:18,081 [grpc-default-executor-1] INFO  impl.RaftServerImpl (RaftServerImpl.java:setRole(184)) - b282f9e2-3bd4-452e-9c35-1adeacc39134@group-0D1055093416: changes role from  FOLLOWER to FOLLOWER at term 166 for recognizeCandidate:9f06b4c9-079f-4989-8935-c6be59ddc82e
2019-10-17 05:57:18,082 [grpc-default-executor-1] INFO  impl.RoleInfo (RoleInfo.java:shutdownFollowerState(121)) - b282f9e2-3bd4-452e-9c35-1adeacc39134: shutdown FollowerState
2019-10-17 05:57:18,082 [grpc-default-executor-1] INFO  impl.RoleInfo (RoleInfo.java:updateAndGet(143)) - b282f9e2-3bd4-452e-9c35-1adeacc39134: start FollowerState
2019-10-17 05:57:18,082 [Thread-1695] INFO  impl.FollowerState (FollowerState.java:run(117)) - b282f9e2-3bd4-452e-9c35-1adeacc39134@group-0D1055093416-FollowerState was interrupted: java.lang.InterruptedException: sleep interrupted
2019-10-17 05:57:18,095 [9f06b4c9-079f-4989-8935-c6be59ddc82e@group-0D1055093416-LeaderElection178] INFO  impl.LeaderElection (LeaderElection.java:logAndReturn(56)) - 9f06b4c9-079f-4989-8935-c6be59ddc82e@group-0D1055093416-LeaderElection178: Election REJECTED; received 2 response(s) [9f06b4c9-079f-4989-8935-c6be59ddc82e<-b282f9e2-3bd4-452e-9c35-1adeacc39134#0:FAIL-t166, 9f06b4c9-079f-4989-8935-c6be59ddc82e<-3ce2c7b7-3df7-42de-af28-9ba1d65ea84e#0:FAIL-t166] and 0 exception(s); 9f06b4c9-079f-4989-8935-c6be59ddc82e@group-0D1055093416:t166, leader=null, voted=9f06b4c9-079f-4989-8935-c6be59ddc82e, raftlog=9f06b4c9-079f-4989-8935-c6be59ddc82e@group-0D1055093416-SegmentedRaftLog:OPENED:c-1,f-1,i0, conf=-1: [9f06b4c9-079f-4989-8935-c6be59ddc82e:192.168.69.82:36391, b282f9e2-3bd4-452e-9c35-1adeacc39134:192.168.69.82:42567, 3ce2c7b7-3df7-42de-af28-9ba1d65ea84e:192.168.69.82:35388], old=null
2019-10-17 05:57:18,095 [9f06b4c9-079f-4989-8935-c6be59ddc82e@group-0D1055093416-LeaderElection178] INFO  impl.RaftServerImpl (RaftServerImpl.java:setRole(184)) - 9f06b4c9-079f-4989-8935-c6be59ddc82e@group-0D1055093416: changes role from CANDIDATE to FOLLOWER at term 166 for DISCOVERED_A_NEW_TERM
2019-10-17 05:57:18,096 [9f06b4c9-079f-4989-8935-c6be59ddc82e@group-0D1055093416-LeaderElection178] INFO  impl.RoleInfo (RoleInfo.java:shutdownLeaderElection(134)) - 9f06b4c9-079f-4989-8935-c6be59ddc82e: shutdown LeaderElection
2019-10-17 05:57:18,096 [9f06b4c9-079f-4989-8935-c6be59ddc82e@group-0D1055093416-LeaderElection178] INFO  impl.RoleInfo (RoleInfo.java:updateAndGet(143)) - 9f06b4c9-079f-4989-8935-c6be59ddc82e: start FollowerState
2019-10-17 05:57:18,175 [Thread-1703] INFO  impl.FollowerState (FollowerState.java:run(108)) - 9f06b4c9-079f-4989-8935-c6be59ddc82e@group-0D1055093416-FollowerState: change to CANDIDATE, lastRpcTime:79ms, electionTimeout:79ms
2019-10-17 05:57:18,175 [Thread-1703] INFO  impl.RoleInfo (RoleInfo.java:shutdownFollowerState(121)) - 9f06b4c9-079f-4989-8935-c6be59ddc82e: shutdown FollowerState
2019-10-17 05:57:18,175 [Thread-1703] INFO  impl.RaftServerImpl (RaftServerImpl.java:setRole(184)) - 9f06b4c9-079f-4989-8935-c6be59ddc82e@group-0D1055093416: changes role from  FOLLOWER to CANDIDATE at term 166 for changeToCandidate
2019-10-17 05:57:18,176 [Thread-1703] INFO  impl.RoleInfo (RoleInfo.java:updateAndGet(143)) - 9f06b4c9-079f-4989-8935-c6be59ddc82e: start LeaderElection
2019-10-17 05:57:18,189 [9f06b4c9-079f-4989-8935-c6be59ddc82e@group-0D1055093416-LeaderElection179] INFO  impl.LeaderElection (LeaderElection.java:askForVotes(178)) - 9f06b4c9-079f-4989-8935-c6be59ddc82e@group-0D1055093416-LeaderElection179: begin an election at term 167 for -1: [9f06b4c9-079f-4989-8935-c6be59ddc82e:192.168.69.82:36391, b282f9e2-3bd4-452e-9c35-1adeacc39134:192.168.69.82:42567, 3ce2c7b7-3df7-42de-af28-9ba1d65ea84e:192.168.69.82:35388], old=null
2019-10-17 05:57:18,192 [grpc-default-executor-1] INFO  impl.RaftServerImpl (RaftServerImpl.java:setRole(184)) - b282f9e2-3bd4-452e-9c35-1adeacc39134@group-0D1055093416: changes role from  FOLLOWER to FOLLOWER at term 167 for recognizeCandidate:9f06b4c9-079f-4989-8935-c6be59ddc82e
2019-10-17 05:57:18,192 [grpc-default-executor-1] INFO  impl.RoleInfo (RoleInfo.java:shutdownFollowerState(121)) - b282f9e2-3bd4-452e-9c35-1adeacc39134: shutdown FollowerState
2019-10-17 05:57:18,192 [grpc-default-executor-6] INFO  impl.RaftServerImpl (RaftServerImpl.java:setRole(184)) - 3ce2c7b7-3df7-42de-af28-9ba1d65ea84e@group-0D1055093416: changes role from  FOLLOWER to FOLLOWER at term 167 for recognizeCandidate:9f06b4c9-079f-4989-8935-c6be59ddc82e
2019-10-17 05:57:18,192 [grpc-default-executor-6] INFO  impl.RoleInfo (RoleInfo.java:shutdownFollowerState(121)) - 3ce2c7b7-3df7-42de-af28-9ba1d65ea84e: shutdown FollowerState
2019-10-17 05:57:18,192 [Thread-1702] INFO  impl.FollowerState (FollowerState.java:run(117)) - b282f9e2-3bd4-452e-9c35-1adeacc39134@group-0D1055093416-FollowerState was interrupted: java.lang.InterruptedException: sleep interrupted
2019-10-17 05:57:18,192 [grpc-default-executor-1] INFO  impl.RoleInfo (RoleInfo.java:updateAndGet(143)) - b282f9e2-3bd4-452e-9c35-1adeacc39134: start FollowerState
2019-10-17 05:57:18,192 [Thread-1701] INFO  impl.FollowerState (FollowerState.java:run(117)) - 3ce2c7b7-3df7-42de-af28-9ba1d65ea84e@group-0D1055093416-FollowerState was interrupted: java.lang.InterruptedException: sleep interrupted
2019-10-17 05:57:18,192 [grpc-default-executor-6] INFO  impl.RoleInfo (RoleInfo.java:updateAndGet(143)) - 3ce2c7b7-3df7-42de-af28-9ba1d65ea84e: start FollowerState
2019-10-17 05:57:18,205 [9f06b4c9-079f-4989-8935-c6be59ddc82e@group-0D1055093416-LeaderElection179] INFO  impl.LeaderElection (LeaderElection.java:logAndReturn(56)) - 9f06b4c9-079f-4989-8935-c6be59ddc82e@group-0D1055093416-LeaderElection179: Election REJECTED; received 2 response(s) [9f06b4c9-079f-4989-8935-c6be59ddc82e<-b282f9e2-3bd4-452e-9c35-1adeacc39134#0:FAIL-t167, 9f06b4c9-079f-4989-8935-c6be59ddc82e<-3ce2c7b7-3df7-42de-af28-9ba1d65ea84e#0:FAIL-t167] and 0 exception(s); 9f06b4c9-079f-4989-8935-c6be59ddc82e@group-0D1055093416:t167, leader=null, voted=9f06b4c9-079f-4989-8935-c6be59ddc82e, raftlog=9f06b4c9-079f-4989-8935-c6be59ddc82e@group-0D1055093416-SegmentedRaftLog:OPENED:c-1,f-1,i0, conf=-1: [9f06b4c9-079f-4989-8935-c6be59ddc82e:192.168.69.82:36391, b282f9e2-3bd4-452e-9c35-1adeacc39134:192.168.69.82:42567, 3ce2c7b7-3df7-42de-af28-9ba1d65ea84e:192.168.69.82:35388], old=null
2019-10-17 05:57:18,205 [9f06b4c9-079f-4989-8935-c6be59ddc82e@group-0D1055093416-LeaderElection179] INFO  impl.RaftServerImpl (RaftServerImpl.java:setRole(184)) - 9f06b4c9-079f-4989-8935-c6be59ddc82e@group-0D1055093416: changes role from CANDIDATE to FOLLOWER at term 167 for DISCOVERED_A_NEW_TERM
2019-10-17 05:57:18,205 [9f06b4c9-079f-4989-8935-c6be59ddc82e@group-0D1055093416-LeaderElection179] INFO  impl.RoleInfo (RoleInfo.java:shutdownLeaderElection(134)) - 9f06b4c9-079f-4989-8935-c6be59ddc82e: shutdown LeaderElection
2019-10-17 05:57:18,205 [9f06b4c9-079f-4989-8935-c6be59ddc82e@group-0D1055093416-LeaderElection179] INFO  impl.RoleInfo (RoleInfo.java:updateAndGet(143)) - 9f06b4c9-079f-4989-8935-c6be59ddc82e: start FollowerState
2019-10-17 05:57:18,303 [Thread-1709] INFO  impl.FollowerState (FollowerState.java:run(108)) - 9f06b4c9-079f-4989-8935-c6be59ddc82e@group-0D1055093416-FollowerState: change to CANDIDATE, lastRpcTime:97ms, electionTimeout:97ms
2019-10-17 05:57:18,303 [Thread-1709] INFO  impl.RoleInfo (RoleInfo.java:shutdownFollowerState(121)) - 9f06b4c9-079f-4989-8935-c6be59ddc82e: shutdown FollowerState
2019-10-17 05:57:18,303 [Thread-1709] INFO  impl.RaftServerImpl (RaftServerImpl.java:setRole(184)) - 9f06b4c9-079f-4989-8935-c6be59ddc82e@group-0D1055093416: changes role from  FOLLOWER to CANDIDATE at term 167 for changeToCandidate
2019-10-17 05:57:18,303 [Thread-1709] INFO  impl.RoleInfo (RoleInfo.java:updateAndGet(143)) - 9f06b4c9-079f-4989-8935-c6be59ddc82e: start LeaderElection
2019-10-17 05:57:18,317 [9f06b4c9-079f-4989-8935-c6be59ddc82e@group-0D1055093416-LeaderElection180] INFO  impl.LeaderElection (LeaderElection.java:askForVotes(178)) - 9f06b4c9-079f-4989-8935-c6be59ddc82e@group-0D1055093416-LeaderElection180: begin an election at term 168 for -1: [9f06b4c9-079f-4989-8935-c6be59ddc82e:192.168.69.82:36391, b282f9e2-3bd4-452e-9c35-1adeacc39134:192.168.69.82:42567, 3ce2c7b7-3df7-42de-af28-9ba1d65ea84e:192.168.69.82:35388], old=null
2019-10-17 05:57:18,319 [grpc-default-executor-1] INFO  impl.RaftServerImpl (RaftServerImpl.java:setRole(184)) - b282f9e2-3bd4-452e-9c35-1adeacc39134@group-0D1055093416: changes role from  FOLLOWER to FOLLOWER at term 168 for recognizeCandidate:9f06b4c9-079f-4989-8935-c6be59ddc82e
2019-10-17 05:57:18,320 [grpc-default-executor-1] INFO  impl.RoleInfo (RoleInfo.java:shutdownFollowerState(121)) - b282f9e2-3bd4-452e-9c35-1adeacc39134: shutdown FollowerState
2019-10-17 05:57:18,320 [grpc-default-executor-1] INFO  impl.RoleInfo (RoleInfo.java:updateAndGet(143)) - b282f9e2-3bd4-452e-9c35-1adeacc39134: start FollowerState
2019-10-17 05:57:18,320 [Thread-1707] INFO  impl.FollowerState (FollowerState.java:run(117)) - b282f9e2-3bd4-452e-9c35-1adeacc39134@group-0D1055093416-FollowerState was interrupted: java.lang.InterruptedException: sleep interrupted
2019-10-17 05:57:18,320 [grpc-default-executor-6] INFO  impl.RaftServerImpl (RaftServerImpl.java:setRole(184)) - 3ce2c7b7-3df7-42de-af28-9ba1d65ea84e@group-0D1055093416: changes role from  FOLLOWER to FOLLOWER at term 168 for recognizeCandidate:9f06b4c9-079f-4989-8935-c6be59ddc82e
2019-10-17 05:57:18,320 [grpc-default-executor-6] INFO  impl.RoleInfo (RoleInfo.java:shutdownFollowerState(121)) - 3ce2c7b7-3df7-42de-af28-9ba1d65ea84e: shutdown FollowerState
2019-10-17 05:57:18,320 [grpc-default-executor-6] INFO  impl.RoleInfo (RoleInfo.java:updateAndGet(143)) - 3ce2c7b7-3df7-42de-af28-9ba1d65ea84e: start FollowerState
2019-10-17 05:57:18,320 [Thread-1708] INFO  impl.FollowerState (FollowerState.java:run(117)) - 3ce2c7b7-3df7-42de-af28-9ba1d65ea84e@group-0D1055093416-FollowerState was interrupted: java.lang.InterruptedException: sleep interrupted
2019-10-17 05:57:18,335 [9f06b4c9-079f-4989-8935-c6be59ddc82e@group-0D1055093416-LeaderElection180] INFO  impl.LeaderElection (LeaderElection.java:logAndReturn(56)) - 9f06b4c9-079f-4989-8935-c6be59ddc82e@group-0D1055093416-LeaderElection180: Election REJECTED; received 2 response(s) [9f06b4c9-079f-4989-8935-c6be59ddc82e<-b282f9e2-3bd4-452e-9c35-1adeacc39134#0:FAIL-t168, 9f06b4c9-079f-4989-8935-c6be59ddc82e<-3ce2c7b7-3df7-42de-af28-9ba1d65ea84e#0:FAIL-t168] and 0 exception(s); 9f06b4c9-079f-4989-8935-c6be59ddc82e@group-0D1055093416:t168, leader=null, voted=9f06b4c9-079f-4989-8935-c6be59ddc82e, raftlog=9f06b4c9-079f-4989-8935-c6be59ddc82e@group-0D1055093416-SegmentedRaftLog:OPENED:c-1,f-1,i0, conf=-1: [9f06b4c9-079f-4989-8935-c6be59ddc82e:192.168.69.82:36391, b282f9e2-3bd4-452e-9c35-1adeacc39134:192.168.69.82:42567, 3ce2c7b7-3df7-42de-af28-9ba1d65ea84e:192.168.69.82:35388], old=null
2019-10-17 05:57:18,335 [9f06b4c9-079f-4989-8935-c6be59ddc82e@group-0D1055093416-LeaderElection180] INFO  impl.RaftServerImpl (RaftServerImpl.java:setRole(184)) - 9f06b4c9-079f-4989-8935-c6be59ddc82e@group-0D1055093416: changes role from CANDIDATE to FOLLOWER at term 168 for DISCOVERED_A_NEW_TERM
2019-10-17 05:57:18,335 [9f06b4c9-079f-4989-8935-c6be59ddc82e@group-0D1055093416-LeaderElection180] INFO  impl.RoleInfo (RoleInfo.java:shutdownLeaderElection(134)) - 9f06b4c9-079f-4989-8935-c6be59ddc82e: shutdown LeaderElection
2019-10-17 05:57:18,335 [9f06b4c9-079f-4989-8935-c6be59ddc82e@group-0D1055093416-LeaderElection180] INFO  impl.RoleInfo (RoleInfo.java:updateAndGet(143)) - 9f06b4c9-079f-4989-8935-c6be59ddc82e: start FollowerState
2019-10-17 05:57:18,411 [Thread-1716] INFO  impl.FollowerState (FollowerState.java:run(108)) - 9f06b4c9-079f-4989-8935-c6be59ddc82e@group-0D1055093416-FollowerState: change to CANDIDATE, lastRpcTime:75ms, electionTimeout:75ms
2019-10-17 05:57:18,411 [Thread-1716] INFO  impl.RoleInfo (RoleInfo.java:shutdownFollowerState(121)) - 9f06b4c9-079f-4989-8935-c6be59ddc82e: shutdown FollowerState
2019-10-17 05:57:18,411 [Thread-1716] INFO  impl.RaftServerImpl (RaftServerImpl.java:setRole(184)) - 9f06b4c9-079f-4989-8935-c6be59ddc82e@group-0D1055093416: changes role from  FOLLOWER to CANDIDATE at term 168 for changeToCandidate
2019-10-17 05:57:18,411 [Thread-1716] INFO  impl.RoleInfo (RoleInfo.java:updateAndGet(143)) - 9f06b4c9-079f-4989-8935-c6be59ddc82e: start LeaderElection
2019-10-17 05:57:18,425 [9f06b4c9-079f-4989-8935-c6be59ddc82e@group-0D1055093416-LeaderElection181] INFO  impl.LeaderElection (LeaderElection.java:askForVotes(178)) - 9f06b4c9-079f-4989-8935-c6be59ddc82e@group-0D1055093416-LeaderElection181: begin an election at term 169 for -1: [9f06b4c9-079f-4989-8935-c6be59ddc82e:192.168.69.82:36391, b282f9e2-3bd4-452e-9c35-1adeacc39134:192.168.69.82:42567, 3ce2c7b7-3df7-42de-af28-9ba1d65ea84e:192.168.69.82:35388], old=null
2019-10-17 05:57:18,427 [grpc-default-executor-6] INFO  impl.RaftServerImpl (RaftServerImpl.java:setRole(184)) - b282f9e2-3bd4-452e-9c35-1adeacc39134@group-0D1055093416: changes role from  FOLLOWER to FOLLOWER at term 169 for recognizeCandidate:9f06b4c9-079f-4989-8935-c6be59ddc82e
2019-10-17 05:57:18,427 [grpc-default-executor-6] INFO  impl.RoleInfo (RoleInfo.java:shutdownFollowerState(121)) - b282f9e2-3bd4-452e-9c35-1adeacc39134: shutdown FollowerState
2019-10-17 05:57:18,427 [grpc-default-executor-6] INFO  impl.RoleInfo (RoleInfo.java:updateAndGet(143)) - b282f9e2-3bd4-452e-9c35-1adeacc39134: start FollowerState
2019-10-17 05:57:18,427 [Thread-1713] INFO  impl.FollowerState (FollowerState.java:run(117)) - b282f9e2-3bd4-452e-9c35-1adeacc39134@group-0D1055093416-FollowerState was interrupted: java.lang.InterruptedException: sleep interrupted
2019-10-17 05:57:18,427 [grpc-default-executor-1] INFO  impl.RaftServerImpl (RaftServerImpl.java:setRole(184)) - 3ce2c7b7-3df7-42de-af28-9ba1d65ea84e@group-0D1055093416: changes role from  FOLLOWER to FOLLOWER at term 169 for recognizeCandidate:9f06b4c9-079f-4989-8935-c6be59ddc82e
2019-10-17 05:57:18,428 [grpc-default-executor-1] INFO  impl.RoleInfo (RoleInfo.java:shutdownFollowerState(121)) - 3ce2c7b7-3df7-42de-af28-9ba1d65ea84e: shutdown FollowerState
2019-10-17 05:57:18,428 [grpc-default-executor-1] INFO  impl.RoleInfo (RoleInfo.java:updateAndGet(143)) - 3ce2c7b7-3df7-42de-af28-9ba1d65ea84e: start FollowerState
2019-10-17 05:57:18,428 [Thread-1714] INFO  impl.FollowerState (FollowerState.java:run(117)) - 3ce2c7b7-3df7-42de-af28-9ba1d65ea84e@group-0D1055093416-FollowerState was interrupted: java.lang.InterruptedException: sleep interrupted
2019-10-17 05:57:18,442 [9f06b4c9-079f-4989-8935-c6be59ddc82e@group-0D1055093416-LeaderElection181] INFO  impl.LeaderElection (LeaderElection.java:logAndReturn(56)) - 9f06b4c9-079f-4989-8935-c6be59ddc82e@group-0D1055093416-LeaderElection181: Election REJECTED; received 2 response(s) [9f06b4c9-079f-4989-8935-c6be59ddc82e<-b282f9e2-3bd4-452e-9c35-1adeacc39134#0:FAIL-t169, 9f06b4c9-079f-4989-8935-c6be59ddc82e<-3ce2c7b7-3df7-42de-af28-9ba1d65ea84e#0:FAIL-t169] and 0 exception(s); 9f06b4c9-079f-4989-8935-c6be59ddc82e@group-0D1055093416:t169, leader=null, voted=9f06b4c9-079f-4989-8935-c6be59ddc82e, raftlog=9f06b4c9-079f-4989-8935-c6be59ddc82e@group-0D1055093416-SegmentedRaftLog:OPENED:c-1,f-1,i0, conf=-1: [9f06b4c9-079f-4989-8935-c6be59ddc82e:192.168.69.82:36391, b282f9e2-3bd4-452e-9c35-1adeacc39134:192.168.69.82:42567, 3ce2c7b7-3df7-42de-af28-9ba1d65ea84e:192.168.69.82:35388], old=null
2019-10-17 05:57:18,442 [9f06b4c9-079f-4989-8935-c6be59ddc82e@group-0D1055093416-LeaderElection181] INFO  impl.RaftServerImpl (RaftServerImpl.java:setRole(184)) - 9f06b4c9-079f-4989-8935-c6be59ddc82e@group-0D1055093416: changes role from CANDIDATE to FOLLOWER at term 169 for DISCOVERED_A_NEW_TERM
2019-10-17 05:57:18,442 [9f06b4c9-079f-4989-8935-c6be59ddc82e@group-0D1055093416-LeaderElection181] INFO  impl.RoleInfo (RoleInfo.java:shutdownLeaderElection(134)) - 9f06b4c9-079f-4989-8935-c6be59ddc82e: shutdown LeaderElection
2019-10-17 05:57:18,442 [9f06b4c9-079f-4989-8935-c6be59ddc82e@group-0D1055093416-LeaderElection181] INFO  impl.RoleInfo (RoleInfo.java:updateAndGet(143)) - 9f06b4c9-079f-4989-8935-c6be59ddc82e: start FollowerState
2019-10-17 05:57:18,593 [Thread-1723] INFO  impl.FollowerState (FollowerState.java:run(108)) - 9f06b4c9-079f-4989-8935-c6be59ddc82e@group-0D1055093416-FollowerState: change to CANDIDATE, lastRpcTime:150ms, electionTimeout:150ms
2019-10-17 05:57:18,593 [Thread-1723] INFO  impl.RoleInfo (RoleInfo.java:shutdownFollowerState(121)) - 9f06b4c9-079f-4989-8935-c6be59ddc82e: shutdown FollowerState
2019-10-17 05:57:18,593 [Thread-1723] INFO  impl.RaftServerImpl (RaftServerImpl.java:setRole(184)) - 9f06b4c9-079f-4989-8935-c6be59ddc82e@group-0D1055093416: changes role from  FOLLOWER to CANDIDATE at term 169 for changeToCandidate
2019-10-17 05:57:18,593 [Thread-1723] INFO  impl.RoleInfo (RoleInfo.java:updateAndGet(143)) - 9f06b4c9-079f-4989-8935-c6be59ddc82e: start LeaderElection
2019-10-17 05:57:18,607 [9f06b4c9-079f-4989-8935-c6be59ddc82e@group-0D1055093416-LeaderElection182] INFO  impl.LeaderElection (LeaderElection.java:askForVotes(178)) - 9f06b4c9-079f-4989-8935-c6be59ddc82e@group-0D1055093416-LeaderElection182: begin an election at term 170 for -1: [9f06b4c9-079f-4989-8935-c6be59ddc82e:192.168.69.82:36391, b282f9e2-3bd4-452e-9c35-1adeacc39134:192.168.69.82:42567, 3ce2c7b7-3df7-42de-af28-9ba1d65ea84e:192.168.69.82:35388], old=null
2019-10-17 05:57:18,610 [grpc-default-executor-1] INFO  impl.RaftServerImpl (RaftServerImpl.java:setRole(184)) - b282f9e2-3bd4-452e-9c35-1adeacc39134@group-0D1055093416: changes role from  FOLLOWER to FOLLOWER at term 170 for recognizeCandidate:9f06b4c9-079f-4989-8935-c6be59ddc82e
2019-10-17 05:57:18,610 [grpc-default-executor-1] INFO  impl.RoleInfo (RoleInfo.java:shutdownFollowerState(121)) - b282f9e2-3bd4-452e-9c35-1adeacc39134: shutdown FollowerState
2019-10-17 05:57:18,610 [grpc-default-executor-1] INFO  impl.RoleInfo (RoleInfo.java:updateAndGet(143)) - b282f9e2-3bd4-452e-9c35-1adeacc39134: start FollowerState
2019-10-17 05:57:18,610 [Thread-1720] INFO  impl.FollowerState (FollowerState.java:run(117)) - b282f9e2-3bd4-452e-9c35-1adeacc39134@group-0D1055093416-FollowerState was interrupted: java.lang.InterruptedException: sleep interrupted
2019-10-17 05:57:18,610 [grpc-default-executor-6] INFO  impl.RaftServerImpl (RaftServerImpl.java:setRole(184)) - 3ce2c7b7-3df7-42de-af28-9ba1d65ea84e@group-0D1055093416: changes role from  FOLLOWER to FOLLOWER at term 170 for recognizeCandidate:9f06b4c9-079f-4989-8935-c6be59ddc82e
2019-10-17 05:57:18,611 [grpc-default-executor-6] INFO  impl.RoleInfo (RoleInfo.java:shutdownFollowerState(121)) - 3ce2c7b7-3df7-42de-af28-9ba1d65ea84e: shutdown FollowerState
2019-10-17 05:57:18,611 [grpc-default-executor-6] INFO  impl.RoleInfo (RoleInfo.java:updateAndGet(143)) - 3ce2c7b7-3df7-42de-af28-9ba1d65ea84e: start FollowerState
2019-10-17 05:57:18,611 [Thread-1721] INFO  impl.FollowerState (FollowerState.java:run(117)) - 3ce2c7b7-3df7-42de-af28-9ba1d65ea84e@group-0D1055093416-FollowerState was interrupted: java.lang.InterruptedException: sleep interrupted
2019-10-17 05:57:18,624 [9f06b4c9-079f-4989-8935-c6be59ddc82e@group-0D1055093416-LeaderElection182] INFO  impl.LeaderElection (LeaderElection.java:logAndReturn(56)) - 9f06b4c9-079f-4989-8935-c6be59ddc82e@group-0D1055093416-LeaderElection182: Election REJECTED; received 2 response(s) [9f06b4c9-079f-4989-8935-c6be59ddc82e<-b282f9e2-3bd4-452e-9c35-1adeacc39134#0:FAIL-t170, 9f06b4c9-079f-4989-8935-c6be59ddc82e<-3ce2c7b7-3df7-42de-af28-9ba1d65ea84e#0:FAIL-t170] and 0 exception(s); 9f06b4c9-079f-4989-8935-c6be59ddc82e@group-0D1055093416:t170, leader=null, voted=9f06b4c9-079f-4989-8935-c6be59ddc82e, raftlog=9f06b4c9-079f-4989-8935-c6be59ddc82e@group-0D1055093416-SegmentedRaftLog:OPENED:c-1,f-1,i0, conf=-1: [9f06b4c9-079f-4989-8935-c6be59ddc82e:192.168.69.82:36391, b282f9e2-3bd4-452e-9c35-1adeacc39134:192.168.69.82:42567, 3ce2c7b7-3df7-42de-af28-9ba1d65ea84e:192.168.69.82:35388], old=null
2019-10-17 05:57:18,625 [9f06b4c9-079f-4989-8935-c6be59ddc82e@group-0D1055093416-LeaderElection182] INFO  impl.RaftServerImpl (RaftServerImpl.java:setRole(184)) - 9f06b4c9-079f-4989-8935-c6be59ddc82e@group-0D1055093416: changes role from CANDIDATE to FOLLOWER at term 170 for DISCOVERED_A_NEW_TERM
2019-10-17 05:57:18,625 [9f06b4c9-079f-4989-8935-c6be59ddc82e@group-0D1055093416-LeaderElection182] INFO  impl.RoleInfo (RoleInfo.java:shutdownLeaderElection(134)) - 9f06b4c9-079f-4989-8935-c6be59ddc82e: shutdown LeaderElection
2019-10-17 05:57:18,625 [9f06b4c9-079f-4989-8935-c6be59ddc82e@group-0D1055093416-LeaderElection182] INFO  impl.RoleInfo (RoleInfo.java:updateAndGet(143)) - 9f06b4c9-079f-4989-8935-c6be59ddc82e: start FollowerState
2019-10-17 05:57:18,708 [main] INFO  ozoneimpl.OzoneContainer (OzoneContainer.java:stop(227)) - Attempting to stop container services.
2019-10-17 05:57:18,709 [main] INFO  impl.RaftServerProxy (RaftServerProxy.java:lambda$close$4(314)) - b282f9e2-3bd4-452e-9c35-1adeacc39134: close
2019-10-17 05:57:18,709 [main] INFO  impl.RaftServerImpl (RaftServerImpl.java:lambda$shutdown$3(261)) - b282f9e2-3bd4-452e-9c35-1adeacc39134@group-1CB6B5041B3F: shutdown
2019-10-17 05:57:18,710 [main] INFO  util.JmxRegister (JmxRegister.java:unregister(73)) - Successfully un-registered JMX Bean with object name Ratis:service=RaftServer,group=group-1CB6B5041B3F,id=b282f9e2-3bd4-452e-9c35-1adeacc39134
2019-10-17 05:57:18,710 [main] INFO  impl.RoleInfo (RoleInfo.java:shutdownLeaderState(104)) - b282f9e2-3bd4-452e-9c35-1adeacc39134: shutdown LeaderState
2019-10-17 05:57:18,711 [main] INFO  impl.PendingRequests (PendingRequests.java:sendNotLeaderResponses(202)) - b282f9e2-3bd4-452e-9c35-1adeacc39134@group-1CB6B5041B3F-PendingRequests: sendNotLeaderResponses
2019-10-17 05:57:18,711 [main] INFO  impl.StateMachineUpdater (StateMachineUpdater.java:stopAndJoin(136)) - b282f9e2-3bd4-452e-9c35-1adeacc39134@group-1CB6B5041B3F-StateMachineUpdater: set stopIndex = 0
2019-10-17 05:57:18,711 [main] INFO  impl.RaftServerImpl (ServerState.java:close(388)) - b282f9e2-3bd4-452e-9c35-1adeacc39134@group-1CB6B5041B3F: closes. applyIndex: 0
2019-10-17 05:57:18,712 [b282f9e2-3bd4-452e-9c35-1adeacc39134@group-1CB6B5041B3F-SegmentedRaftLogWorker] INFO  segmented.SegmentedRaftLogWorker (SegmentedRaftLogWorker.java:run(316)) - b282f9e2-3bd4-452e-9c35-1adeacc39134@group-1CB6B5041B3F-SegmentedRaftLogWorker was interrupted, exiting. There are 0 tasks remaining in the queue.
2019-10-17 05:57:18,715 [Thread-1729] INFO  impl.FollowerState (FollowerState.java:run(108)) - 9f06b4c9-079f-4989-8935-c6be59ddc82e@group-0D1055093416-FollowerState: change to CANDIDATE, lastRpcTime:90ms, electionTimeout:88ms
2019-10-17 05:57:18,715 [main] INFO  segmented.SegmentedRaftLogWorker (SegmentedRaftLogWorker.java:close(224)) - b282f9e2-3bd4-452e-9c35-1adeacc39134@group-1CB6B5041B3F-SegmentedRaftLogWorker close()
2019-10-17 05:57:18,715 [Thread-1729] INFO  impl.RoleInfo (RoleInfo.java:shutdownFollowerState(121)) - 9f06b4c9-079f-4989-8935-c6be59ddc82e: shutdown FollowerState
2019-10-17 05:57:18,719 [main] INFO  impl.RaftServerImpl (RaftServerImpl.java:lambda$shutdown$3(261)) - b282f9e2-3bd4-452e-9c35-1adeacc39134@group-0D1055093416: shutdown
2019-10-17 05:57:18,719 [Thread-1729] INFO  impl.RaftServerImpl (RaftServerImpl.java:setRole(184)) - 9f06b4c9-079f-4989-8935-c6be59ddc82e@group-0D1055093416: changes role from  FOLLOWER to CANDIDATE at term 170 for changeToCandidate
2019-10-17 05:57:18,719 [main] INFO  util.JmxRegister (JmxRegister.java:unregister(73)) - Successfully un-registered JMX Bean with object name Ratis:service=RaftServer,group=group-0D1055093416,id=b282f9e2-3bd4-452e-9c35-1adeacc39134
2019-10-17 05:57:18,719 [Thread-1729] INFO  impl.RoleInfo (RoleInfo.java:updateAndGet(143)) - 9f06b4c9-079f-4989-8935-c6be59ddc82e: start LeaderElection
2019-10-17 05:57:18,720 [main] INFO  impl.RoleInfo (RoleInfo.java:shutdownFollowerState(121)) - b282f9e2-3bd4-452e-9c35-1adeacc39134: shutdown FollowerState
2019-10-17 05:57:18,720 [main] INFO  impl.StateMachineUpdater (StateMachineUpdater.java:stopAndJoin(136)) - b282f9e2-3bd4-452e-9c35-1adeacc39134@group-0D1055093416-StateMachineUpdater: set stopIndex = -1
2019-10-17 05:57:18,720 [Thread-1727] INFO  impl.FollowerState (FollowerState.java:run(117)) - b282f9e2-3bd4-452e-9c35-1adeacc39134@group-0D1055093416-FollowerState was interrupted: java.lang.InterruptedException: sleep interrupted
2019-10-17 05:57:18,720 [main] INFO  impl.RaftServerImpl (ServerState.java:close(388)) - b282f9e2-3bd4-452e-9c35-1adeacc39134@group-0D1055093416: closes. applyIndex: -1
2019-10-17 05:57:18,721 [b282f9e2-3bd4-452e-9c35-1adeacc39134@group-0D1055093416-SegmentedRaftLogWorker] INFO  segmented.SegmentedRaftLogWorker (SegmentedRaftLogWorker.java:run(316)) - b282f9e2-3bd4-452e-9c35-1adeacc39134@group-0D1055093416-SegmentedRaftLogWorker was interrupted, exiting. There are 0 tasks remaining in the queue.
2019-10-17 05:57:18,723 [main] INFO  segmented.SegmentedRaftLogWorker (SegmentedRaftLogWorker.java:close(224)) - b282f9e2-3bd4-452e-9c35-1adeacc39134@group-0D1055093416-SegmentedRaftLogWorker close()
2019-10-17 05:57:18,726 [main] INFO  server.GrpcService (GrpcService.java:closeImpl(164)) - b282f9e2-3bd4-452e-9c35-1adeacc39134: shutdown server with port 42567 now
2019-10-17 05:57:18,727 [main] INFO  server.GrpcService (GrpcService.java:closeImpl(172)) - b282f9e2-3bd4-452e-9c35-1adeacc39134: shutdown server with port 42567 successfully
2019-10-17 05:57:18,729 [refreshUsed-/workdir/hadoop-ozone/integration-test/target/test-dir/MiniOzoneClusterImpl-292a2ff3-4780-4182-bb48-82c20e0e309d/datanode-6/data/containers] WARN  fs.CachingGetSpaceUsed (CachingGetSpaceUsed.java:run(183)) - Thread Interrupted waiting to refresh disk information: sleep interrupted
2019-10-17 05:57:18,734 [9f06b4c9-079f-4989-8935-c6be59ddc82e@group-0D1055093416-LeaderElection183] INFO  impl.LeaderElection (LeaderElection.java:askForVotes(178)) - 9f06b4c9-079f-4989-8935-c6be59ddc82e@group-0D1055093416-LeaderElection183: begin an election at term 171 for -1: [9f06b4c9-079f-4989-8935-c6be59ddc82e:192.168.69.82:36391, b282f9e2-3bd4-452e-9c35-1adeacc39134:192.168.69.82:42567, 3ce2c7b7-3df7-42de-af28-9ba1d65ea84e:192.168.69.82:35388], old=null
2019-10-17 05:57:18,738 [9f06b4c9-079f-4989-8935-c6be59ddc82e@group-0D1055093416-LeaderElection183] INFO  impl.LeaderElection (LogUtils.java:infoOrTrace(149)) - 9f06b4c9-079f-4989-8935-c6be59ddc82e@group-0D1055093416-LeaderElection183 got exception when requesting votes: {}
java.util.concurrent.ExecutionException: org.apache.ratis.thirdparty.io.grpc.StatusRuntimeException: UNAVAILABLE: io exception
	at java.util.concurrent.FutureTask.report(FutureTask.java:122)
	at java.util.concurrent.FutureTask.get(FutureTask.java:192)
	at org.apache.ratis.server.impl.LeaderElection.waitForResults(LeaderElection.java:259)
	at org.apache.ratis.server.impl.LeaderElection.askForVotes(LeaderElection.java:197)
	at org.apache.ratis.server.impl.LeaderElection.run(LeaderElection.java:133)
	at java.lang.Thread.run(Thread.java:748)
Caused by: org.apache.ratis.thirdparty.io.grpc.StatusRuntimeException: UNAVAILABLE: io exception
	at org.apache.ratis.thirdparty.io.grpc.stub.ClientCalls.toStatusRuntimeException(ClientCalls.java:233)
	at org.apache.ratis.thirdparty.io.grpc.stub.ClientCalls.getUnchecked(ClientCalls.java:214)
	at org.apache.ratis.thirdparty.io.grpc.stub.ClientCalls.blockingUnaryCall(ClientCalls.java:139)
	at org.apache.ratis.proto.grpc.RaftServerProtocolServiceGrpc$RaftServerProtocolServiceBlockingStub.requestVote(RaftServerProtocolServiceGrpc.java:265)
	at org.apache.ratis.grpc.server.GrpcServerProtocolClient.requestVote(GrpcServerProtocolClient.java:99)
	at org.apache.ratis.grpc.server.GrpcService.requestVote(GrpcService.java:204)
	at org.apache.ratis.server.impl.LeaderElection.lambda$submitRequests$1(LeaderElection.java:234)
	at java.util.concurrent.FutureTask.run(FutureTask.java:266)
	at java.util.concurrent.Executors$RunnableAdapter.call(Executors.java:511)
	at java.util.concurrent.FutureTask.run(FutureTask.java:266)
	at java.util.concurrent.ThreadPoolExecutor.runWorker(ThreadPoolExecutor.java:1149)
	at java.util.concurrent.ThreadPoolExecutor$Worker.run(ThreadPoolExecutor.java:624)
	... 1 more
Caused by: org.apache.ratis.thirdparty.io.netty.channel.AbstractChannel$AnnotatedConnectException: Connection refused: /192.168.69.82:42567
	at sun.nio.ch.SocketChannelImpl.checkConnect(Native Method)
	at sun.nio.ch.SocketChannelImpl.finishConnect(SocketChannelImpl.java:717)
	at org.apache.ratis.thirdparty.io.netty.channel.socket.nio.NioSocketChannel.doFinishConnect(NioSocketChannel.java:327)
	at org.apache.ratis.thirdparty.io.netty.channel.nio.AbstractNioChannel$AbstractNioUnsafe.finishConnect(AbstractNioChannel.java:340)
	at org.apache.ratis.thirdparty.io.netty.channel.nio.NioEventLoop.processSelectedKey(NioEventLoop.java:632)
	at org.apache.ratis.thirdparty.io.netty.channel.nio.NioEventLoop.processSelectedKeysOptimized(NioEventLoop.java:579)
	at org.apache.ratis.thirdparty.io.netty.channel.nio.NioEventLoop.processSelectedKeys(NioEventLoop.java:496)
	at org.apache.ratis.thirdparty.io.netty.channel.nio.NioEventLoop.run(NioEventLoop.java:458)
	at org.apache.ratis.thirdparty.io.netty.util.concurrent.SingleThreadEventExecutor$5.run(SingleThreadEventExecutor.java:897)
	at org.apache.ratis.thirdparty.io.netty.util.concurrent.FastThreadLocalRunnable.run(FastThreadLocalRunnable.java:30)
	... 1 more
Caused by: java.net.ConnectException: Connection refused
	... 11 more
2019-10-17 05:57:18,738 [grpc-default-executor-6] INFO  impl.RaftServerImpl (RaftServerImpl.java:setRole(184)) - 3ce2c7b7-3df7-42de-af28-9ba1d65ea84e@group-0D1055093416: changes role from  FOLLOWER to FOLLOWER at term 171 for recognizeCandidate:9f06b4c9-079f-4989-8935-c6be59ddc82e
2019-10-17 05:57:18,740 [grpc-default-executor-6] INFO  impl.RoleInfo (RoleInfo.java:shutdownFollowerState(121)) - 3ce2c7b7-3df7-42de-af28-9ba1d65ea84e: shutdown FollowerState
2019-10-17 05:57:18,740 [grpc-default-executor-6] INFO  impl.RoleInfo (RoleInfo.java:updateAndGet(143)) - 3ce2c7b7-3df7-42de-af28-9ba1d65ea84e: start FollowerState
2019-10-17 05:57:18,740 [Thread-1728] INFO  impl.FollowerState (FollowerState.java:run(117)) - 3ce2c7b7-3df7-42de-af28-9ba1d65ea84e@group-0D1055093416-FollowerState was interrupted: java.lang.InterruptedException: sleep interrupted
2019-10-17 05:57:18,749 [9f06b4c9-079f-4989-8935-c6be59ddc82e@group-0D1055093416-LeaderElection183] INFO  impl.LeaderElection (LeaderElection.java:logAndReturn(56)) - 9f06b4c9-079f-4989-8935-c6be59ddc82e@group-0D1055093416-LeaderElection183: Election REJECTED; received 1 response(s) [9f06b4c9-079f-4989-8935-c6be59ddc82e<-3ce2c7b7-3df7-42de-af28-9ba1d65ea84e#0:FAIL-t171] and 1 exception(s); 9f06b4c9-079f-4989-8935-c6be59ddc82e@group-0D1055093416:t171, leader=null, voted=9f06b4c9-079f-4989-8935-c6be59ddc82e, raftlog=9f06b4c9-079f-4989-8935-c6be59ddc82e@group-0D1055093416-SegmentedRaftLog:OPENED:c-1,f-1,i0, conf=-1: [9f06b4c9-079f-4989-8935-c6be59ddc82e:192.168.69.82:36391, b282f9e2-3bd4-452e-9c35-1adeacc39134:192.168.69.82:42567, 3ce2c7b7-3df7-42de-af28-9ba1d65ea84e:192.168.69.82:35388], old=null
2019-10-17 05:57:18,749 [9f06b4c9-079f-4989-8935-c6be59ddc82e@group-0D1055093416-LeaderElection183] INFO  impl.LeaderElection (LogUtils.java:infoOrTrace(149)) -   Exception 0: {}
java.util.concurrent.ExecutionException: org.apache.ratis.thirdparty.io.grpc.StatusRuntimeException: UNAVAILABLE: io exception
	at java.util.concurrent.FutureTask.report(FutureTask.java:122)
	at java.util.concurrent.FutureTask.get(FutureTask.java:192)
	at org.apache.ratis.server.impl.LeaderElection.waitForResults(LeaderElection.java:259)
	at org.apache.ratis.server.impl.LeaderElection.askForVotes(LeaderElection.java:197)
	at org.apache.ratis.server.impl.LeaderElection.run(LeaderElection.java:133)
	at java.lang.Thread.run(Thread.java:748)
Caused by: org.apache.ratis.thirdparty.io.grpc.StatusRuntimeException: UNAVAILABLE: io exception
	at org.apache.ratis.thirdparty.io.grpc.stub.ClientCalls.toStatusRuntimeException(ClientCalls.java:233)
	at org.apache.ratis.thirdparty.io.grpc.stub.ClientCalls.getUnchecked(ClientCalls.java:214)
	at org.apache.ratis.thirdparty.io.grpc.stub.ClientCalls.blockingUnaryCall(ClientCalls.java:139)
	at org.apache.ratis.proto.grpc.RaftServerProtocolServiceGrpc$RaftServerProtocolServiceBlockingStub.requestVote(RaftServerProtocolServiceGrpc.java:265)
	at org.apache.ratis.grpc.server.GrpcServerProtocolClient.requestVote(GrpcServerProtocolClient.java:99)
	at org.apache.ratis.grpc.server.GrpcService.requestVote(GrpcService.java:204)
	at org.apache.ratis.server.impl.LeaderElection.lambda$submitRequests$1(LeaderElection.java:234)
	at java.util.concurrent.FutureTask.run(FutureTask.java:266)
	at java.util.concurrent.Executors$RunnableAdapter.call(Executors.java:511)
	at java.util.concurrent.FutureTask.run(FutureTask.java:266)
	at java.util.concurrent.ThreadPoolExecutor.runWorker(ThreadPoolExecutor.java:1149)
	at java.util.concurrent.ThreadPoolExecutor$Worker.run(ThreadPoolExecutor.java:624)
	... 1 more
Caused by: org.apache.ratis.thirdparty.io.netty.channel.AbstractChannel$AnnotatedConnectException: Connection refused: /192.168.69.82:42567
	at sun.nio.ch.SocketChannelImpl.checkConnect(Native Method)
	at sun.nio.ch.SocketChannelImpl.finishConnect(SocketChannelImpl.java:717)
	at org.apache.ratis.thirdparty.io.netty.channel.socket.nio.NioSocketChannel.doFinishConnect(NioSocketChannel.java:327)
	at org.apache.ratis.thirdparty.io.netty.channel.nio.AbstractNioChannel$AbstractNioUnsafe.finishConnect(AbstractNioChannel.java:340)
	at org.apache.ratis.thirdparty.io.netty.channel.nio.NioEventLoop.processSelectedKey(NioEventLoop.java:632)
	at org.apache.ratis.thirdparty.io.netty.channel.nio.NioEventLoop.processSelectedKeysOptimized(NioEventLoop.java:579)
	at org.apache.ratis.thirdparty.io.netty.channel.nio.NioEventLoop.processSelectedKeys(NioEventLoop.java:496)
	at org.apache.ratis.thirdparty.io.netty.channel.nio.NioEventLoop.run(NioEventLoop.java:458)
	at org.apache.ratis.thirdparty.io.netty.util.concurrent.SingleThreadEventExecutor$5.run(SingleThreadEventExecutor.java:897)
	at org.apache.ratis.thirdparty.io.netty.util.concurrent.FastThreadLocalRunnable.run(FastThreadLocalRunnable.java:30)
	... 1 more
Caused by: java.net.ConnectException: Connection refused
	... 11 more
2019-10-17 05:57:18,749 [main] INFO  utils.BackgroundService (BackgroundService.java:shutdown(151)) - Shutting down service BlockDeletingService
2019-10-17 05:57:18,750 [9f06b4c9-079f-4989-8935-c6be59ddc82e@group-0D1055093416-LeaderElection183] INFO  impl.RaftServerImpl (RaftServerImpl.java:setRole(184)) - 9f06b4c9-079f-4989-8935-c6be59ddc82e@group-0D1055093416: changes role from CANDIDATE to FOLLOWER at term 171 for DISCOVERED_A_NEW_TERM
2019-10-17 05:57:18,750 [9f06b4c9-079f-4989-8935-c6be59ddc82e@group-0D1055093416-LeaderElection183] INFO  impl.RoleInfo (RoleInfo.java:shutdownLeaderElection(134)) - 9f06b4c9-079f-4989-8935-c6be59ddc82e: shutdown LeaderElection
2019-10-17 05:57:18,750 [9f06b4c9-079f-4989-8935-c6be59ddc82e@group-0D1055093416-LeaderElection183] INFO  impl.RoleInfo (RoleInfo.java:updateAndGet(143)) - 9f06b4c9-079f-4989-8935-c6be59ddc82e: start FollowerState
2019-10-17 05:57:18,756 [main] INFO  statemachine.DatanodeStateMachine (DatanodeStateMachine.java:stopDaemon(395)) - Ozone container server stopped.
2019-10-17 05:57:18,757 [main] INFO  handler.ContextHandler (ContextHandler.java:doStop(910)) - Stopped o.e.j.w.WebAppContext@2630dbc4{/,null,UNAVAILABLE}{/hddsDatanode}
2019-10-17 05:57:18,757 [ForkJoinPool.commonPool-worker-0] INFO  ozoneimpl.OzoneContainer (OzoneContainer.java:stop(227)) - Attempting to stop container services.
2019-10-17 05:57:18,758 [main] INFO  server.AbstractConnector (AbstractConnector.java:doStop(318)) - Stopped ServerConnector@5ea4300e{HTTP/1.1,[http/1.1]}{0.0.0.0:0}
2019-10-17 05:57:18,758 [ForkJoinPool.commonPool-worker-0] INFO  impl.RaftServerProxy (RaftServerProxy.java:lambda$close$4(314)) - 3ce2c7b7-3df7-42de-af28-9ba1d65ea84e: close
2019-10-17 05:57:18,758 [main] INFO  handler.ContextHandler (ContextHandler.java:doStop(910)) - Stopped o.e.j.s.ServletContextHandler@68b9834c{/static,jar:file:/home/user/.m2/repository/org/apache/hadoop/hadoop-hdds-container-service/0.5.0-SNAPSHOT/hadoop-hdds-container-service-0.5.0-SNAPSHOT.jar!/webapps/static,UNAVAILABLE}
2019-10-17 05:57:18,758 [ForkJoinPool.commonPool-worker-0] INFO  impl.RaftServerImpl (RaftServerImpl.java:lambda$shutdown$3(261)) - 3ce2c7b7-3df7-42de-af28-9ba1d65ea84e@group-150980CC792A: shutdown
2019-10-17 05:57:18,758 [main] INFO  handler.ContextHandler (ContextHandler.java:doStop(910)) - Stopped o.e.j.s.ServletContextHandler@17fa1336{/logs,file:///workdir/hadoop-ozone/integration-test/target/log,UNAVAILABLE}
2019-10-17 05:57:18,759 [ForkJoinPool.commonPool-worker-0] INFO  util.JmxRegister (JmxRegister.java:unregister(73)) - Successfully un-registered JMX Bean with object name Ratis:service=RaftServer,group=group-150980CC792A,id=3ce2c7b7-3df7-42de-af28-9ba1d65ea84e
2019-10-17 05:57:18,759 [ForkJoinPool.commonPool-worker-0] INFO  impl.RoleInfo (RoleInfo.java:shutdownLeaderState(104)) - 3ce2c7b7-3df7-42de-af28-9ba1d65ea84e: shutdown LeaderState
2019-10-17 05:57:18,760 [ForkJoinPool.commonPool-worker-0] INFO  impl.PendingRequests (PendingRequests.java:sendNotLeaderResponses(202)) - 3ce2c7b7-3df7-42de-af28-9ba1d65ea84e@group-150980CC792A-PendingRequests: sendNotLeaderResponses
2019-10-17 05:57:18,760 [ForkJoinPool.commonPool-worker-0] INFO  impl.StateMachineUpdater (StateMachineUpdater.java:stopAndJoin(136)) - 3ce2c7b7-3df7-42de-af28-9ba1d65ea84e@group-150980CC792A-StateMachineUpdater: set stopIndex = 0
2019-10-17 05:57:18,760 [ForkJoinPool.commonPool-worker-0] INFO  impl.RaftServerImpl (ServerState.java:close(388)) - 3ce2c7b7-3df7-42de-af28-9ba1d65ea84e@group-150980CC792A: closes. applyIndex: 0
2019-10-17 05:57:18,761 [3ce2c7b7-3df7-42de-af28-9ba1d65ea84e@group-150980CC792A-SegmentedRaftLogWorker] INFO  segmented.SegmentedRaftLogWorker (SegmentedRaftLogWorker.java:run(316)) - 3ce2c7b7-3df7-42de-af28-9ba1d65ea84e@group-150980CC792A-SegmentedRaftLogWorker was interrupted, exiting. There are 0 tasks remaining in the queue.
2019-10-17 05:57:18,762 [ForkJoinPool.commonPool-worker-0] INFO  segmented.SegmentedRaftLogWorker (SegmentedRaftLogWorker.java:close(224)) - 3ce2c7b7-3df7-42de-af28-9ba1d65ea84e@group-150980CC792A-SegmentedRaftLogWorker close()
2019-10-17 05:57:18,765 [ForkJoinPool.commonPool-worker-0] INFO  impl.RaftServerImpl (RaftServerImpl.java:lambda$shutdown$3(261)) - 3ce2c7b7-3df7-42de-af28-9ba1d65ea84e@group-0D1055093416: shutdown
2019-10-17 05:57:18,765 [ForkJoinPool.commonPool-worker-0] INFO  util.JmxRegister (JmxRegister.java:unregister(73)) - Successfully un-registered JMX Bean with object name Ratis:service=RaftServer,group=group-0D1055093416,id=3ce2c7b7-3df7-42de-af28-9ba1d65ea84e
2019-10-17 05:57:18,765 [ForkJoinPool.commonPool-worker-0] INFO  impl.RoleInfo (RoleInfo.java:shutdownFollowerState(121)) - 3ce2c7b7-3df7-42de-af28-9ba1d65ea84e: shutdown FollowerState
2019-10-17 05:57:18,765 [ForkJoinPool.commonPool-worker-0] INFO  impl.StateMachineUpdater (StateMachineUpdater.java:stopAndJoin(136)) - 3ce2c7b7-3df7-42de-af28-9ba1d65ea84e@group-0D1055093416-StateMachineUpdater: set stopIndex = -1
2019-10-17 05:57:18,766 [ForkJoinPool.commonPool-worker-0] INFO  impl.RaftServerImpl (ServerState.java:close(388)) - 3ce2c7b7-3df7-42de-af28-9ba1d65ea84e@group-0D1055093416: closes. applyIndex: -1
2019-10-17 05:57:18,765 [Thread-1733] INFO  impl.FollowerState (FollowerState.java:run(117)) - 3ce2c7b7-3df7-42de-af28-9ba1d65ea84e@group-0D1055093416-FollowerState was interrupted: java.lang.InterruptedException: sleep interrupted
2019-10-17 05:57:18,766 [3ce2c7b7-3df7-42de-af28-9ba1d65ea84e@group-0D1055093416-SegmentedRaftLogWorker] INFO  segmented.SegmentedRaftLogWorker (SegmentedRaftLogWorker.java:run(316)) - 3ce2c7b7-3df7-42de-af28-9ba1d65ea84e@group-0D1055093416-SegmentedRaftLogWorker was interrupted, exiting. There are 0 tasks remaining in the queue.
2019-10-17 05:57:18,767 [ForkJoinPool.commonPool-worker-0] INFO  segmented.SegmentedRaftLogWorker (SegmentedRaftLogWorker.java:close(224)) - 3ce2c7b7-3df7-42de-af28-9ba1d65ea84e@group-0D1055093416-SegmentedRaftLogWorker close()
2019-10-17 05:57:18,770 [ForkJoinPool.commonPool-worker-0] INFO  server.GrpcService (GrpcService.java:closeImpl(164)) - 3ce2c7b7-3df7-42de-af28-9ba1d65ea84e: shutdown server with port 35388 now
2019-10-17 05:57:18,771 [ForkJoinPool.commonPool-worker-0] INFO  server.GrpcService (GrpcService.java:closeImpl(172)) - 3ce2c7b7-3df7-42de-af28-9ba1d65ea84e: shutdown server with port 35388 successfully
2019-10-17 05:57:18,773 [refreshUsed-/workdir/hadoop-ozone/integration-test/target/test-dir/MiniOzoneClusterImpl-292a2ff3-4780-4182-bb48-82c20e0e309d/datanode-3/data/containers] WARN  fs.CachingGetSpaceUsed (CachingGetSpaceUsed.java:run(183)) - Thread Interrupted waiting to refresh disk information: sleep interrupted
2019-10-17 05:57:18,790 [ForkJoinPool.commonPool-worker-0] INFO  utils.BackgroundService (BackgroundService.java:shutdown(151)) - Shutting down service BlockDeletingService
2019-10-17 05:57:18,794 [ForkJoinPool.commonPool-worker-0] INFO  statemachine.DatanodeStateMachine (DatanodeStateMachine.java:stopDaemon(395)) - Ozone container server stopped.
2019-10-17 05:57:18,798 [ForkJoinPool.commonPool-worker-0] INFO  handler.ContextHandler (ContextHandler.java:doStop(910)) - Stopped o.e.j.w.WebAppContext@4da6d664{/,null,UNAVAILABLE}{/hddsDatanode}
2019-10-17 05:57:18,799 [ForkJoinPool.commonPool-worker-0] INFO  server.AbstractConnector (AbstractConnector.java:doStop(318)) - Stopped ServerConnector@5e5af8e1{HTTP/1.1,[http/1.1]}{0.0.0.0:0}
2019-10-17 05:57:18,800 [ForkJoinPool.commonPool-worker-0] INFO  handler.ContextHandler (ContextHandler.java:doStop(910)) - Stopped o.e.j.s.ServletContextHandler@68d7a2df{/static,jar:file:/home/user/.m2/repository/org/apache/hadoop/hadoop-hdds-container-service/0.5.0-SNAPSHOT/hadoop-hdds-container-service-0.5.0-SNAPSHOT.jar!/webapps/static,UNAVAILABLE}
2019-10-17 05:57:18,802 [ForkJoinPool.commonPool-worker-0] INFO  handler.ContextHandler (ContextHandler.java:doStop(910)) - Stopped o.e.j.s.ServletContextHandler@4b200971{/logs,file:///workdir/hadoop-ozone/integration-test/target/log,UNAVAILABLE}
2019-10-17 05:57:18,870 [Datanode State Machine Thread - 0] INFO  statemachine.DatanodeStateMachine (DatanodeStateMachine.java:lambda$startDaemon$0(350)) - Ozone container server started.
2019-10-17 05:57:18,939 [Thread-1734] INFO  impl.FollowerState (FollowerState.java:run(108)) - 9f06b4c9-079f-4989-8935-c6be59ddc82e@group-0D1055093416-FollowerState: change to CANDIDATE, lastRpcTime:188ms, electionTimeout:185ms
2019-10-17 05:57:18,939 [Thread-1734] INFO  impl.RoleInfo (RoleInfo.java:shutdownFollowerState(121)) - 9f06b4c9-079f-4989-8935-c6be59ddc82e: shutdown FollowerState
2019-10-17 05:57:18,939 [Thread-1734] INFO  impl.RaftServerImpl (RaftServerImpl.java:setRole(184)) - 9f06b4c9-079f-4989-8935-c6be59ddc82e@group-0D1055093416: changes role from  FOLLOWER to CANDIDATE at term 171 for changeToCandidate
2019-10-17 05:57:18,940 [Thread-1734] INFO  impl.RoleInfo (RoleInfo.java:updateAndGet(143)) - 9f06b4c9-079f-4989-8935-c6be59ddc82e: start LeaderElection
2019-10-17 05:57:18,955 [9f06b4c9-079f-4989-8935-c6be59ddc82e@group-0D1055093416-LeaderElection184] INFO  impl.LeaderElection (LeaderElection.java:askForVotes(178)) - 9f06b4c9-079f-4989-8935-c6be59ddc82e@group-0D1055093416-LeaderElection184: begin an election at term 172 for -1: [9f06b4c9-079f-4989-8935-c6be59ddc82e:192.168.69.82:36391, b282f9e2-3bd4-452e-9c35-1adeacc39134:192.168.69.82:42567, 3ce2c7b7-3df7-42de-af28-9ba1d65ea84e:192.168.69.82:35388], old=null
2019-10-17 05:57:18,956 [9f06b4c9-079f-4989-8935-c6be59ddc82e@group-0D1055093416-LeaderElection184] INFO  impl.LeaderElection (LogUtils.java:infoOrTrace(149)) - 9f06b4c9-079f-4989-8935-c6be59ddc82e@group-0D1055093416-LeaderElection184 got exception when requesting votes: {}
java.util.concurrent.ExecutionException: org.apache.ratis.thirdparty.io.grpc.StatusRuntimeException: UNAVAILABLE: io exception
	at java.util.concurrent.FutureTask.report(FutureTask.java:122)
	at java.util.concurrent.FutureTask.get(FutureTask.java:192)
	at org.apache.ratis.server.impl.LeaderElection.waitForResults(LeaderElection.java:259)
	at org.apache.ratis.server.impl.LeaderElection.askForVotes(LeaderElection.java:197)
	at org.apache.ratis.server.impl.LeaderElection.run(LeaderElection.java:133)
	at java.lang.Thread.run(Thread.java:748)
Caused by: org.apache.ratis.thirdparty.io.grpc.StatusRuntimeException: UNAVAILABLE: io exception
	at org.apache.ratis.thirdparty.io.grpc.stub.ClientCalls.toStatusRuntimeException(ClientCalls.java:233)
	at org.apache.ratis.thirdparty.io.grpc.stub.ClientCalls.getUnchecked(ClientCalls.java:214)
	at org.apache.ratis.thirdparty.io.grpc.stub.ClientCalls.blockingUnaryCall(ClientCalls.java:139)
	at org.apache.ratis.proto.grpc.RaftServerProtocolServiceGrpc$RaftServerProtocolServiceBlockingStub.requestVote(RaftServerProtocolServiceGrpc.java:265)
	at org.apache.ratis.grpc.server.GrpcServerProtocolClient.requestVote(GrpcServerProtocolClient.java:99)
	at org.apache.ratis.grpc.server.GrpcService.requestVote(GrpcService.java:204)
	at org.apache.ratis.server.impl.LeaderElection.lambda$submitRequests$1(LeaderElection.java:234)
	at java.util.concurrent.FutureTask.run(FutureTask.java:266)
	at java.util.concurrent.Executors$RunnableAdapter.call(Executors.java:511)
	at java.util.concurrent.FutureTask.run(FutureTask.java:266)
	at java.util.concurrent.ThreadPoolExecutor.runWorker(ThreadPoolExecutor.java:1149)
	at java.util.concurrent.ThreadPoolExecutor$Worker.run(ThreadPoolExecutor.java:624)
	... 1 more
Caused by: org.apache.ratis.thirdparty.io.netty.channel.AbstractChannel$AnnotatedConnectException: Connection refused: /192.168.69.82:42567
	at sun.nio.ch.SocketChannelImpl.checkConnect(Native Method)
	at sun.nio.ch.SocketChannelImpl.finishConnect(SocketChannelImpl.java:717)
	at org.apache.ratis.thirdparty.io.netty.channel.socket.nio.NioSocketChannel.doFinishConnect(NioSocketChannel.java:327)
	at org.apache.ratis.thirdparty.io.netty.channel.nio.AbstractNioChannel$AbstractNioUnsafe.finishConnect(AbstractNioChannel.java:340)
	at org.apache.ratis.thirdparty.io.netty.channel.nio.NioEventLoop.processSelectedKey(NioEventLoop.java:632)
	at org.apache.ratis.thirdparty.io.netty.channel.nio.NioEventLoop.processSelectedKeysOptimized(NioEventLoop.java:579)
	at org.apache.ratis.thirdparty.io.netty.channel.nio.NioEventLoop.processSelectedKeys(NioEventLoop.java:496)
	at org.apache.ratis.thirdparty.io.netty.channel.nio.NioEventLoop.run(NioEventLoop.java:458)
	at org.apache.ratis.thirdparty.io.netty.util.concurrent.SingleThreadEventExecutor$5.run(SingleThreadEventExecutor.java:897)
	at org.apache.ratis.thirdparty.io.netty.util.concurrent.FastThreadLocalRunnable.run(FastThreadLocalRunnable.java:30)
	... 1 more
Caused by: java.net.ConnectException: Connection refused
	... 11 more
2019-10-17 05:57:18,959 [9f06b4c9-079f-4989-8935-c6be59ddc82e@group-0D1055093416-LeaderElection184] INFO  impl.LeaderElection (LogUtils.java:infoOrTrace(149)) - 9f06b4c9-079f-4989-8935-c6be59ddc82e@group-0D1055093416-LeaderElection184 got exception when requesting votes: {}
java.util.concurrent.ExecutionException: org.apache.ratis.thirdparty.io.grpc.StatusRuntimeException: UNAVAILABLE: io exception
	at java.util.concurrent.FutureTask.report(FutureTask.java:122)
	at java.util.concurrent.FutureTask.get(FutureTask.java:192)
	at org.apache.ratis.server.impl.LeaderElection.waitForResults(LeaderElection.java:259)
	at org.apache.ratis.server.impl.LeaderElection.askForVotes(LeaderElection.java:197)
	at org.apache.ratis.server.impl.LeaderElection.run(LeaderElection.java:133)
	at java.lang.Thread.run(Thread.java:748)
Caused by: org.apache.ratis.thirdparty.io.grpc.StatusRuntimeException: UNAVAILABLE: io exception
	at org.apache.ratis.thirdparty.io.grpc.stub.ClientCalls.toStatusRuntimeException(ClientCalls.java:233)
	at org.apache.ratis.thirdparty.io.grpc.stub.ClientCalls.getUnchecked(ClientCalls.java:214)
	at org.apache.ratis.thirdparty.io.grpc.stub.ClientCalls.blockingUnaryCall(ClientCalls.java:139)
	at org.apache.ratis.proto.grpc.RaftServerProtocolServiceGrpc$RaftServerProtocolServiceBlockingStub.requestVote(RaftServerProtocolServiceGrpc.java:265)
	at org.apache.ratis.grpc.server.GrpcServerProtocolClient.requestVote(GrpcServerProtocolClient.java:99)
	at org.apache.ratis.grpc.server.GrpcService.requestVote(GrpcService.java:204)
	at org.apache.ratis.server.impl.LeaderElection.lambda$submitRequests$1(LeaderElection.java:234)
	at java.util.concurrent.FutureTask.run(FutureTask.java:266)
	at java.util.concurrent.Executors$RunnableAdapter.call(Executors.java:511)
	at java.util.concurrent.FutureTask.run(FutureTask.java:266)
	at java.util.concurrent.ThreadPoolExecutor.runWorker(ThreadPoolExecutor.java:1149)
	at java.util.concurrent.ThreadPoolExecutor$Worker.run(ThreadPoolExecutor.java:624)
	... 1 more
Caused by: org.apache.ratis.thirdparty.io.netty.channel.AbstractChannel$AnnotatedConnectException: Connection refused: /192.168.69.82:35388
	at sun.nio.ch.SocketChannelImpl.checkConnect(Native Method)
	at sun.nio.ch.SocketChannelImpl.finishConnect(SocketChannelImpl.java:717)
	at org.apache.ratis.thirdparty.io.netty.channel.socket.nio.NioSocketChannel.doFinishConnect(NioSocketChannel.java:327)
	at org.apache.ratis.thirdparty.io.netty.channel.nio.AbstractNioChannel$AbstractNioUnsafe.finishConnect(AbstractNioChannel.java:340)
	at org.apache.ratis.thirdparty.io.netty.channel.nio.NioEventLoop.processSelectedKey(NioEventLoop.java:632)
	at org.apache.ratis.thirdparty.io.netty.channel.nio.NioEventLoop.processSelectedKeysOptimized(NioEventLoop.java:579)
	at org.apache.ratis.thirdparty.io.netty.channel.nio.NioEventLoop.processSelectedKeys(NioEventLoop.java:496)
	at org.apache.ratis.thirdparty.io.netty.channel.nio.NioEventLoop.run(NioEventLoop.java:458)
	at org.apache.ratis.thirdparty.io.netty.util.concurrent.SingleThreadEventExecutor$5.run(SingleThreadEventExecutor.java:897)
	at org.apache.ratis.thirdparty.io.netty.util.concurrent.FastThreadLocalRunnable.run(FastThreadLocalRunnable.java:30)
	... 1 more
Caused by: java.net.ConnectException: Connection refused
	... 11 more
2019-10-17 05:57:18,961 [9f06b4c9-079f-4989-8935-c6be59ddc82e@group-0D1055093416-LeaderElection184] INFO  impl.LeaderElection (LeaderElection.java:logAndReturn(56)) - 9f06b4c9-079f-4989-8935-c6be59ddc82e@group-0D1055093416-LeaderElection184: Election REJECTED; received 0 response(s) [] and 2 exception(s); 9f06b4c9-079f-4989-8935-c6be59ddc82e@group-0D1055093416:t172, leader=null, voted=9f06b4c9-079f-4989-8935-c6be59ddc82e, raftlog=9f06b4c9-079f-4989-8935-c6be59ddc82e@group-0D1055093416-SegmentedRaftLog:OPENED:c-1,f-1,i0, conf=-1: [9f06b4c9-079f-4989-8935-c6be59ddc82e:192.168.69.82:36391, b282f9e2-3bd4-452e-9c35-1adeacc39134:192.168.69.82:42567, 3ce2c7b7-3df7-42de-af28-9ba1d65ea84e:192.168.69.82:35388], old=null
2019-10-17 05:57:18,961 [9f06b4c9-079f-4989-8935-c6be59ddc82e@group-0D1055093416-LeaderElection184] INFO  impl.LeaderElection (LogUtils.java:infoOrTrace(149)) -   Exception 0: {}
java.util.concurrent.ExecutionException: org.apache.ratis.thirdparty.io.grpc.StatusRuntimeException: UNAVAILABLE: io exception
	at java.util.concurrent.FutureTask.report(FutureTask.java:122)
	at java.util.concurrent.FutureTask.get(FutureTask.java:192)
	at org.apache.ratis.server.impl.LeaderElection.waitForResults(LeaderElection.java:259)
	at org.apache.ratis.server.impl.LeaderElection.askForVotes(LeaderElection.java:197)
	at org.apache.ratis.server.impl.LeaderElection.run(LeaderElection.java:133)
	at java.lang.Thread.run(Thread.java:748)
Caused by: org.apache.ratis.thirdparty.io.grpc.StatusRuntimeException: UNAVAILABLE: io exception
	at org.apache.ratis.thirdparty.io.grpc.stub.ClientCalls.toStatusRuntimeException(ClientCalls.java:233)
	at org.apache.ratis.thirdparty.io.grpc.stub.ClientCalls.getUnchecked(ClientCalls.java:214)
	at org.apache.ratis.thirdparty.io.grpc.stub.ClientCalls.blockingUnaryCall(ClientCalls.java:139)
	at org.apache.ratis.proto.grpc.RaftServerProtocolServiceGrpc$RaftServerProtocolServiceBlockingStub.requestVote(RaftServerProtocolServiceGrpc.java:265)
	at org.apache.ratis.grpc.server.GrpcServerProtocolClient.requestVote(GrpcServerProtocolClient.java:99)
	at org.apache.ratis.grpc.server.GrpcService.requestVote(GrpcService.java:204)
	at org.apache.ratis.server.impl.LeaderElection.lambda$submitRequests$1(LeaderElection.java:234)
	at java.util.concurrent.FutureTask.run(FutureTask.java:266)
	at java.util.concurrent.Executors$RunnableAdapter.call(Executors.java:511)
	at java.util.concurrent.FutureTask.run(FutureTask.java:266)
	at java.util.concurrent.ThreadPoolExecutor.runWorker(ThreadPoolExecutor.java:1149)
	at java.util.concurrent.ThreadPoolExecutor$Worker.run(ThreadPoolExecutor.java:624)
	... 1 more
Caused by: org.apache.ratis.thirdparty.io.netty.channel.AbstractChannel$AnnotatedConnectException: Connection refused: /192.168.69.82:42567
	at sun.nio.ch.SocketChannelImpl.checkConnect(Native Method)
	at sun.nio.ch.SocketChannelImpl.finishConnect(SocketChannelImpl.java:717)
	at org.apache.ratis.thirdparty.io.netty.channel.socket.nio.NioSocketChannel.doFinishConnect(NioSocketChannel.java:327)
	at org.apache.ratis.thirdparty.io.netty.channel.nio.AbstractNioChannel$AbstractNioUnsafe.finishConnect(AbstractNioChannel.java:340)
	at org.apache.ratis.thirdparty.io.netty.channel.nio.NioEventLoop.processSelectedKey(NioEventLoop.java:632)
	at org.apache.ratis.thirdparty.io.netty.channel.nio.NioEventLoop.processSelectedKeysOptimized(NioEventLoop.java:579)
	at org.apache.ratis.thirdparty.io.netty.channel.nio.NioEventLoop.processSelectedKeys(NioEventLoop.java:496)
	at org.apache.ratis.thirdparty.io.netty.channel.nio.NioEventLoop.run(NioEventLoop.java:458)
	at org.apache.ratis.thirdparty.io.netty.util.concurrent.SingleThreadEventExecutor$5.run(SingleThreadEventExecutor.java:897)
	at org.apache.ratis.thirdparty.io.netty.util.concurrent.FastThreadLocalRunnable.run(FastThreadLocalRunnable.java:30)
	... 1 more
Caused by: java.net.ConnectException: Connection refused
	... 11 more
2019-10-17 05:57:18,961 [9f06b4c9-079f-4989-8935-c6be59ddc82e@group-0D1055093416-LeaderElection184] INFO  impl.LeaderElection (LogUtils.java:infoOrTrace(149)) -   Exception 1: {}
java.util.concurrent.ExecutionException: org.apache.ratis.thirdparty.io.grpc.StatusRuntimeException: UNAVAILABLE: io exception
	at java.util.concurrent.FutureTask.report(FutureTask.java:122)
	at java.util.concurrent.FutureTask.get(FutureTask.java:192)
	at org.apache.ratis.server.impl.LeaderElection.waitForResults(LeaderElection.java:259)
	at org.apache.ratis.server.impl.LeaderElection.askForVotes(LeaderElection.java:197)
	at org.apache.ratis.server.impl.LeaderElection.run(LeaderElection.java:133)
	at java.lang.Thread.run(Thread.java:748)
Caused by: org.apache.ratis.thirdparty.io.grpc.StatusRuntimeException: UNAVAILABLE: io exception
	at org.apache.ratis.thirdparty.io.grpc.stub.ClientCalls.toStatusRuntimeException(ClientCalls.java:233)
	at org.apache.ratis.thirdparty.io.grpc.stub.ClientCalls.getUnchecked(ClientCalls.java:214)
	at org.apache.ratis.thirdparty.io.grpc.stub.ClientCalls.blockingUnaryCall(ClientCalls.java:139)
	at org.apache.ratis.proto.grpc.RaftServerProtocolServiceGrpc$RaftServerProtocolServiceBlockingStub.requestVote(RaftServerProtocolServiceGrpc.java:265)
	at org.apache.ratis.grpc.server.GrpcServerProtocolClient.requestVote(GrpcServerProtocolClient.java:99)
	at org.apache.ratis.grpc.server.GrpcService.requestVote(GrpcService.java:204)
	at org.apache.ratis.server.impl.LeaderElection.lambda$submitRequests$1(LeaderElection.java:234)
	at java.util.concurrent.FutureTask.run(FutureTask.java:266)
	at java.util.concurrent.Executors$RunnableAdapter.call(Executors.java:511)
	at java.util.concurrent.FutureTask.run(FutureTask.java:266)
	at java.util.concurrent.ThreadPoolExecutor.runWorker(ThreadPoolExecutor.java:1149)
	at java.util.concurrent.ThreadPoolExecutor$Worker.run(ThreadPoolExecutor.java:624)
	... 1 more
Caused by: org.apache.ratis.thirdparty.io.netty.channel.AbstractChannel$AnnotatedConnectException: Connection refused: /192.168.69.82:35388
	at sun.nio.ch.SocketChannelImpl.checkConnect(Native Method)
	at sun.nio.ch.SocketChannelImpl.finishConnect(SocketChannelImpl.java:717)
	at org.apache.ratis.thirdparty.io.netty.channel.socket.nio.NioSocketChannel.doFinishConnect(NioSocketChannel.java:327)
	at org.apache.ratis.thirdparty.io.netty.channel.nio.AbstractNioChannel$AbstractNioUnsafe.finishConnect(AbstractNioChannel.java:340)
	at org.apache.ratis.thirdparty.io.netty.channel.nio.NioEventLoop.processSelectedKey(NioEventLoop.java:632)
	at org.apache.ratis.thirdparty.io.netty.channel.nio.NioEventLoop.processSelectedKeysOptimized(NioEventLoop.java:579)
	at org.apache.ratis.thirdparty.io.netty.channel.nio.NioEventLoop.processSelectedKeys(NioEventLoop.java:496)
	at org.apache.ratis.thirdparty.io.netty.channel.nio.NioEventLoop.run(NioEventLoop.java:458)
	at org.apache.ratis.thirdparty.io.netty.util.concurrent.SingleThreadEventExecutor$5.run(SingleThreadEventExecutor.java:897)
	at org.apache.ratis.thirdparty.io.netty.util.concurrent.FastThreadLocalRunnable.run(FastThreadLocalRunnable.java:30)
	... 1 more
Caused by: java.net.ConnectException: Connection refused
	... 11 more
2019-10-17 05:57:18,962 [9f06b4c9-079f-4989-8935-c6be59ddc82e@group-0D1055093416-LeaderElection184] INFO  impl.RaftServerImpl (RaftServerImpl.java:setRole(184)) - 9f06b4c9-079f-4989-8935-c6be59ddc82e@group-0D1055093416: changes role from CANDIDATE to FOLLOWER at term 172 for DISCOVERED_A_NEW_TERM
2019-10-17 05:57:18,962 [9f06b4c9-079f-4989-8935-c6be59ddc82e@group-0D1055093416-LeaderElection184] INFO  impl.RoleInfo (RoleInfo.java:shutdownLeaderElection(134)) - 9f06b4c9-079f-4989-8935-c6be59ddc82e: shutdown LeaderElection
2019-10-17 05:57:18,962 [9f06b4c9-079f-4989-8935-c6be59ddc82e@group-0D1055093416-LeaderElection184] INFO  impl.RoleInfo (RoleInfo.java:updateAndGet(143)) - 9f06b4c9-079f-4989-8935-c6be59ddc82e: start FollowerState
2019-10-17 05:57:19,028 [Datanode State Machine Thread - 0] INFO  statemachine.DatanodeStateMachine (DatanodeStateMachine.java:lambda$startDaemon$0(350)) - Ozone container server started.
2019-10-17 05:57:19,146 [Thread-1740] INFO  impl.FollowerState (FollowerState.java:run(108)) - 9f06b4c9-079f-4989-8935-c6be59ddc82e@group-0D1055093416-FollowerState: change to CANDIDATE, lastRpcTime:184ms, electionTimeout:184ms
2019-10-17 05:57:19,147 [Thread-1740] INFO  impl.RoleInfo (RoleInfo.java:shutdownFollowerState(121)) - 9f06b4c9-079f-4989-8935-c6be59ddc82e: shutdown FollowerState
2019-10-17 05:57:19,147 [Thread-1740] INFO  impl.RaftServerImpl (RaftServerImpl.java:setRole(184)) - 9f06b4c9-079f-4989-8935-c6be59ddc82e@group-0D1055093416: changes role from  FOLLOWER to CANDIDATE at term 172 for changeToCandidate
2019-10-17 05:57:19,147 [Thread-1740] INFO  impl.RoleInfo (RoleInfo.java:updateAndGet(143)) - 9f06b4c9-079f-4989-8935-c6be59ddc82e: start LeaderElection
2019-10-17 05:57:19,160 [9f06b4c9-079f-4989-8935-c6be59ddc82e@group-0D1055093416-LeaderElection185] INFO  impl.LeaderElection (LeaderElection.java:askForVotes(178)) - 9f06b4c9-079f-4989-8935-c6be59ddc82e@group-0D1055093416-LeaderElection185: begin an election at term 173 for -1: [9f06b4c9-079f-4989-8935-c6be59ddc82e:192.168.69.82:36391, b282f9e2-3bd4-452e-9c35-1adeacc39134:192.168.69.82:42567, 3ce2c7b7-3df7-42de-af28-9ba1d65ea84e:192.168.69.82:35388], old=null
2019-10-17 05:57:19,161 [9f06b4c9-079f-4989-8935-c6be59ddc82e@group-0D1055093416-LeaderElection185] INFO  impl.LeaderElection (LogUtils.java:infoOrTrace(149)) - 9f06b4c9-079f-4989-8935-c6be59ddc82e@group-0D1055093416-LeaderElection185 got exception when requesting votes: {}
java.util.concurrent.ExecutionException: org.apache.ratis.thirdparty.io.grpc.StatusRuntimeException: UNAVAILABLE: io exception
	at java.util.concurrent.FutureTask.report(FutureTask.java:122)
	at java.util.concurrent.FutureTask.get(FutureTask.java:192)
	at org.apache.ratis.server.impl.LeaderElection.waitForResults(LeaderElection.java:259)
	at org.apache.ratis.server.impl.LeaderElection.askForVotes(LeaderElection.java:197)
	at org.apache.ratis.server.impl.LeaderElection.run(LeaderElection.java:133)
	at java.lang.Thread.run(Thread.java:748)
Caused by: org.apache.ratis.thirdparty.io.grpc.StatusRuntimeException: UNAVAILABLE: io exception
	at org.apache.ratis.thirdparty.io.grpc.stub.ClientCalls.toStatusRuntimeException(ClientCalls.java:233)
	at org.apache.ratis.thirdparty.io.grpc.stub.ClientCalls.getUnchecked(ClientCalls.java:214)
	at org.apache.ratis.thirdparty.io.grpc.stub.ClientCalls.blockingUnaryCall(ClientCalls.java:139)
	at org.apache.ratis.proto.grpc.RaftServerProtocolServiceGrpc$RaftServerProtocolServiceBlockingStub.requestVote(RaftServerProtocolServiceGrpc.java:265)
	at org.apache.ratis.grpc.server.GrpcServerProtocolClient.requestVote(GrpcServerProtocolClient.java:99)
	at org.apache.ratis.grpc.server.GrpcService.requestVote(GrpcService.java:204)
	at org.apache.ratis.server.impl.LeaderElection.lambda$submitRequests$1(LeaderElection.java:234)
	at java.util.concurrent.FutureTask.run(FutureTask.java:266)
	at java.util.concurrent.Executors$RunnableAdapter.call(Executors.java:511)
	at java.util.concurrent.FutureTask.run(FutureTask.java:266)
	at java.util.concurrent.ThreadPoolExecutor.runWorker(ThreadPoolExecutor.java:1149)
	at java.util.concurrent.ThreadPoolExecutor$Worker.run(ThreadPoolExecutor.java:624)
	... 1 more
Caused by: org.apache.ratis.thirdparty.io.netty.channel.AbstractChannel$AnnotatedConnectException: Connection refused: /192.168.69.82:42567
	at sun.nio.ch.SocketChannelImpl.checkConnect(Native Method)
	at sun.nio.ch.SocketChannelImpl.finishConnect(SocketChannelImpl.java:717)
	at org.apache.ratis.thirdparty.io.netty.channel.socket.nio.NioSocketChannel.doFinishConnect(NioSocketChannel.java:327)
	at org.apache.ratis.thirdparty.io.netty.channel.nio.AbstractNioChannel$AbstractNioUnsafe.finishConnect(AbstractNioChannel.java:340)
	at org.apache.ratis.thirdparty.io.netty.channel.nio.NioEventLoop.processSelectedKey(NioEventLoop.java:632)
	at org.apache.ratis.thirdparty.io.netty.channel.nio.NioEventLoop.processSelectedKeysOptimized(NioEventLoop.java:579)
	at org.apache.ratis.thirdparty.io.netty.channel.nio.NioEventLoop.processSelectedKeys(NioEventLoop.java:496)
	at org.apache.ratis.thirdparty.io.netty.channel.nio.NioEventLoop.run(NioEventLoop.java:458)
	at org.apache.ratis.thirdparty.io.netty.util.concurrent.SingleThreadEventExecutor$5.run(SingleThreadEventExecutor.java:897)
	at org.apache.ratis.thirdparty.io.netty.util.concurrent.FastThreadLocalRunnable.run(FastThreadLocalRunnable.java:30)
	... 1 more
Caused by: java.net.ConnectException: Connection refused
	... 11 more
2019-10-17 05:57:19,163 [9f06b4c9-079f-4989-8935-c6be59ddc82e@group-0D1055093416-LeaderElection185] INFO  impl.LeaderElection (LogUtils.java:infoOrTrace(149)) - 9f06b4c9-079f-4989-8935-c6be59ddc82e@group-0D1055093416-LeaderElection185 got exception when requesting votes: {}
java.util.concurrent.ExecutionException: org.apache.ratis.thirdparty.io.grpc.StatusRuntimeException: UNAVAILABLE: io exception
	at java.util.concurrent.FutureTask.report(FutureTask.java:122)
	at java.util.concurrent.FutureTask.get(FutureTask.java:192)
	at org.apache.ratis.server.impl.LeaderElection.waitForResults(LeaderElection.java:259)
	at org.apache.ratis.server.impl.LeaderElection.askForVotes(LeaderElection.java:197)
	at org.apache.ratis.server.impl.LeaderElection.run(LeaderElection.java:133)
	at java.lang.Thread.run(Thread.java:748)
Caused by: org.apache.ratis.thirdparty.io.grpc.StatusRuntimeException: UNAVAILABLE: io exception
	at org.apache.ratis.thirdparty.io.grpc.stub.ClientCalls.toStatusRuntimeException(ClientCalls.java:233)
	at org.apache.ratis.thirdparty.io.grpc.stub.ClientCalls.getUnchecked(ClientCalls.java:214)
	at org.apache.ratis.thirdparty.io.grpc.stub.ClientCalls.blockingUnaryCall(ClientCalls.java:139)
	at org.apache.ratis.proto.grpc.RaftServerProtocolServiceGrpc$RaftServerProtocolServiceBlockingStub.requestVote(RaftServerProtocolServiceGrpc.java:265)
	at org.apache.ratis.grpc.server.GrpcServerProtocolClient.requestVote(GrpcServerProtocolClient.java:99)
	at org.apache.ratis.grpc.server.GrpcService.requestVote(GrpcService.java:204)
	at org.apache.ratis.server.impl.LeaderElection.lambda$submitRequests$1(LeaderElection.java:234)
	at java.util.concurrent.FutureTask.run(FutureTask.java:266)
	at java.util.concurrent.Executors$RunnableAdapter.call(Executors.java:511)
	at java.util.concurrent.FutureTask.run(FutureTask.java:266)
	at java.util.concurrent.ThreadPoolExecutor.runWorker(ThreadPoolExecutor.java:1149)
	at java.util.concurrent.ThreadPoolExecutor$Worker.run(ThreadPoolExecutor.java:624)
	... 1 more
Caused by: org.apache.ratis.thirdparty.io.netty.channel.AbstractChannel$AnnotatedConnectException: Connection refused: /192.168.69.82:35388
	at sun.nio.ch.SocketChannelImpl.checkConnect(Native Method)
	at sun.nio.ch.SocketChannelImpl.finishConnect(SocketChannelImpl.java:717)
	at org.apache.ratis.thirdparty.io.netty.channel.socket.nio.NioSocketChannel.doFinishConnect(NioSocketChannel.java:327)
	at org.apache.ratis.thirdparty.io.netty.channel.nio.AbstractNioChannel$AbstractNioUnsafe.finishConnect(AbstractNioChannel.java:340)
	at org.apache.ratis.thirdparty.io.netty.channel.nio.NioEventLoop.processSelectedKey(NioEventLoop.java:632)
	at org.apache.ratis.thirdparty.io.netty.channel.nio.NioEventLoop.processSelectedKeysOptimized(NioEventLoop.java:579)
	at org.apache.ratis.thirdparty.io.netty.channel.nio.NioEventLoop.processSelectedKeys(NioEventLoop.java:496)
	at org.apache.ratis.thirdparty.io.netty.channel.nio.NioEventLoop.run(NioEventLoop.java:458)
	at org.apache.ratis.thirdparty.io.netty.util.concurrent.SingleThreadEventExecutor$5.run(SingleThreadEventExecutor.java:897)
	at org.apache.ratis.thirdparty.io.netty.util.concurrent.FastThreadLocalRunnable.run(FastThreadLocalRunnable.java:30)
	... 1 more
Caused by: java.net.ConnectException: Connection refused
	... 11 more
2019-10-17 05:57:19,165 [9f06b4c9-079f-4989-8935-c6be59ddc82e@group-0D1055093416-LeaderElection185] INFO  impl.LeaderElection (LeaderElection.java:logAndReturn(56)) - 9f06b4c9-079f-4989-8935-c6be59ddc82e@group-0D1055093416-LeaderElection185: Election REJECTED; received 0 response(s) [] and 2 exception(s); 9f06b4c9-079f-4989-8935-c6be59ddc82e@group-0D1055093416:t173, leader=null, voted=9f06b4c9-079f-4989-8935-c6be59ddc82e, raftlog=9f06b4c9-079f-4989-8935-c6be59ddc82e@group-0D1055093416-SegmentedRaftLog:OPENED:c-1,f-1,i0, conf=-1: [9f06b4c9-079f-4989-8935-c6be59ddc82e:192.168.69.82:36391, b282f9e2-3bd4-452e-9c35-1adeacc39134:192.168.69.82:42567, 3ce2c7b7-3df7-42de-af28-9ba1d65ea84e:192.168.69.82:35388], old=null
2019-10-17 05:57:19,165 [9f06b4c9-079f-4989-8935-c6be59ddc82e@group-0D1055093416-LeaderElection185] INFO  impl.LeaderElection (LogUtils.java:infoOrTrace(149)) -   Exception 0: {}
java.util.concurrent.ExecutionException: org.apache.ratis.thirdparty.io.grpc.StatusRuntimeException: UNAVAILABLE: io exception
	at java.util.concurrent.FutureTask.report(FutureTask.java:122)
	at java.util.concurrent.FutureTask.get(FutureTask.java:192)
	at org.apache.ratis.server.impl.LeaderElection.waitForResults(LeaderElection.java:259)
	at org.apache.ratis.server.impl.LeaderElection.askForVotes(LeaderElection.java:197)
	at org.apache.ratis.server.impl.LeaderElection.run(LeaderElection.java:133)
	at java.lang.Thread.run(Thread.java:748)
Caused by: org.apache.ratis.thirdparty.io.grpc.StatusRuntimeException: UNAVAILABLE: io exception
	at org.apache.ratis.thirdparty.io.grpc.stub.ClientCalls.toStatusRuntimeException(ClientCalls.java:233)
	at org.apache.ratis.thirdparty.io.grpc.stub.ClientCalls.getUnchecked(ClientCalls.java:214)
	at org.apache.ratis.thirdparty.io.grpc.stub.ClientCalls.blockingUnaryCall(ClientCalls.java:139)
	at org.apache.ratis.proto.grpc.RaftServerProtocolServiceGrpc$RaftServerProtocolServiceBlockingStub.requestVote(RaftServerProtocolServiceGrpc.java:265)
	at org.apache.ratis.grpc.server.GrpcServerProtocolClient.requestVote(GrpcServerProtocolClient.java:99)
	at org.apache.ratis.grpc.server.GrpcService.requestVote(GrpcService.java:204)
	at org.apache.ratis.server.impl.LeaderElection.lambda$submitRequests$1(LeaderElection.java:234)
	at java.util.concurrent.FutureTask.run(FutureTask.java:266)
	at java.util.concurrent.Executors$RunnableAdapter.call(Executors.java:511)
	at java.util.concurrent.FutureTask.run(FutureTask.java:266)
	at java.util.concurrent.ThreadPoolExecutor.runWorker(ThreadPoolExecutor.java:1149)
	at java.util.concurrent.ThreadPoolExecutor$Worker.run(ThreadPoolExecutor.java:624)
	... 1 more
Caused by: org.apache.ratis.thirdparty.io.netty.channel.AbstractChannel$AnnotatedConnectException: Connection refused: /192.168.69.82:42567
	at sun.nio.ch.SocketChannelImpl.checkConnect(Native Method)
	at sun.nio.ch.SocketChannelImpl.finishConnect(SocketChannelImpl.java:717)
	at org.apache.ratis.thirdparty.io.netty.channel.socket.nio.NioSocketChannel.doFinishConnect(NioSocketChannel.java:327)
	at org.apache.ratis.thirdparty.io.netty.channel.nio.AbstractNioChannel$AbstractNioUnsafe.finishConnect(AbstractNioChannel.java:340)
	at org.apache.ratis.thirdparty.io.netty.channel.nio.NioEventLoop.processSelectedKey(NioEventLoop.java:632)
	at org.apache.ratis.thirdparty.io.netty.channel.nio.NioEventLoop.processSelectedKeysOptimized(NioEventLoop.java:579)
	at org.apache.ratis.thirdparty.io.netty.channel.nio.NioEventLoop.processSelectedKeys(NioEventLoop.java:496)
	at org.apache.ratis.thirdparty.io.netty.channel.nio.NioEventLoop.run(NioEventLoop.java:458)
	at org.apache.ratis.thirdparty.io.netty.util.concurrent.SingleThreadEventExecutor$5.run(SingleThreadEventExecutor.java:897)
	at org.apache.ratis.thirdparty.io.netty.util.concurrent.FastThreadLocalRunnable.run(FastThreadLocalRunnable.java:30)
	... 1 more
Caused by: java.net.ConnectException: Connection refused
	... 11 more
2019-10-17 05:57:19,166 [9f06b4c9-079f-4989-8935-c6be59ddc82e@group-0D1055093416-LeaderElection185] INFO  impl.LeaderElection (LogUtils.java:infoOrTrace(149)) -   Exception 1: {}
java.util.concurrent.ExecutionException: org.apache.ratis.thirdparty.io.grpc.StatusRuntimeException: UNAVAILABLE: io exception
	at java.util.concurrent.FutureTask.report(FutureTask.java:122)
	at java.util.concurrent.FutureTask.get(FutureTask.java:192)
	at org.apache.ratis.server.impl.LeaderElection.waitForResults(LeaderElection.java:259)
	at org.apache.ratis.server.impl.LeaderElection.askForVotes(LeaderElection.java:197)
	at org.apache.ratis.server.impl.LeaderElection.run(LeaderElection.java:133)
	at java.lang.Thread.run(Thread.java:748)
Caused by: org.apache.ratis.thirdparty.io.grpc.StatusRuntimeException: UNAVAILABLE: io exception
	at org.apache.ratis.thirdparty.io.grpc.stub.ClientCalls.toStatusRuntimeException(ClientCalls.java:233)
	at org.apache.ratis.thirdparty.io.grpc.stub.ClientCalls.getUnchecked(ClientCalls.java:214)
	at org.apache.ratis.thirdparty.io.grpc.stub.ClientCalls.blockingUnaryCall(ClientCalls.java:139)
	at org.apache.ratis.proto.grpc.RaftServerProtocolServiceGrpc$RaftServerProtocolServiceBlockingStub.requestVote(RaftServerProtocolServiceGrpc.java:265)
	at org.apache.ratis.grpc.server.GrpcServerProtocolClient.requestVote(GrpcServerProtocolClient.java:99)
	at org.apache.ratis.grpc.server.GrpcService.requestVote(GrpcService.java:204)
	at org.apache.ratis.server.impl.LeaderElection.lambda$submitRequests$1(LeaderElection.java:234)
	at java.util.concurrent.FutureTask.run(FutureTask.java:266)
	at java.util.concurrent.Executors$RunnableAdapter.call(Executors.java:511)
	at java.util.concurrent.FutureTask.run(FutureTask.java:266)
	at java.util.concurrent.ThreadPoolExecutor.runWorker(ThreadPoolExecutor.java:1149)
	at java.util.concurrent.ThreadPoolExecutor$Worker.run(ThreadPoolExecutor.java:624)
	... 1 more
Caused by: org.apache.ratis.thirdparty.io.netty.channel.AbstractChannel$AnnotatedConnectException: Connection refused: /192.168.69.82:35388
	at sun.nio.ch.SocketChannelImpl.checkConnect(Native Method)
	at sun.nio.ch.SocketChannelImpl.finishConnect(SocketChannelImpl.java:717)
	at org.apache.ratis.thirdparty.io.netty.channel.socket.nio.NioSocketChannel.doFinishConnect(NioSocketChannel.java:327)
	at org.apache.ratis.thirdparty.io.netty.channel.nio.AbstractNioChannel$AbstractNioUnsafe.finishConnect(AbstractNioChannel.java:340)
	at org.apache.ratis.thirdparty.io.netty.channel.nio.NioEventLoop.processSelectedKey(NioEventLoop.java:632)
	at org.apache.ratis.thirdparty.io.netty.channel.nio.NioEventLoop.processSelectedKeysOptimized(NioEventLoop.java:579)
	at org.apache.ratis.thirdparty.io.netty.channel.nio.NioEventLoop.processSelectedKeys(NioEventLoop.java:496)
	at org.apache.ratis.thirdparty.io.netty.channel.nio.NioEventLoop.run(NioEventLoop.java:458)
	at org.apache.ratis.thirdparty.io.netty.util.concurrent.SingleThreadEventExecutor$5.run(SingleThreadEventExecutor.java:897)
	at org.apache.ratis.thirdparty.io.netty.util.concurrent.FastThreadLocalRunnable.run(FastThreadLocalRunnable.java:30)
	... 1 more
Caused by: java.net.ConnectException: Connection refused
	... 11 more
2019-10-17 05:57:19,166 [9f06b4c9-079f-4989-8935-c6be59ddc82e@group-0D1055093416-LeaderElection185] INFO  impl.RaftServerImpl (RaftServerImpl.java:setRole(184)) - 9f06b4c9-079f-4989-8935-c6be59ddc82e@group-0D1055093416: changes role from CANDIDATE to FOLLOWER at term 173 for DISCOVERED_A_NEW_TERM
2019-10-17 05:57:19,166 [9f06b4c9-079f-4989-8935-c6be59ddc82e@group-0D1055093416-LeaderElection185] INFO  impl.RoleInfo (RoleInfo.java:shutdownLeaderElection(134)) - 9f06b4c9-079f-4989-8935-c6be59ddc82e: shutdown LeaderElection
2019-10-17 05:57:19,167 [9f06b4c9-079f-4989-8935-c6be59ddc82e@group-0D1055093416-LeaderElection185] INFO  impl.RoleInfo (RoleInfo.java:updateAndGet(143)) - 9f06b4c9-079f-4989-8935-c6be59ddc82e: start FollowerState
2019-10-17 05:57:19,299 [Thread-1744] INFO  impl.FollowerState (FollowerState.java:run(108)) - 9f06b4c9-079f-4989-8935-c6be59ddc82e@group-0D1055093416-FollowerState: change to CANDIDATE, lastRpcTime:132ms, electionTimeout:132ms
2019-10-17 05:57:19,299 [Thread-1744] INFO  impl.RoleInfo (RoleInfo.java:shutdownFollowerState(121)) - 9f06b4c9-079f-4989-8935-c6be59ddc82e: shutdown FollowerState
2019-10-17 05:57:19,299 [Thread-1744] INFO  impl.RaftServerImpl (RaftServerImpl.java:setRole(184)) - 9f06b4c9-079f-4989-8935-c6be59ddc82e@group-0D1055093416: changes role from  FOLLOWER to CANDIDATE at term 173 for changeToCandidate
2019-10-17 05:57:19,299 [Thread-1744] INFO  impl.RoleInfo (RoleInfo.java:updateAndGet(143)) - 9f06b4c9-079f-4989-8935-c6be59ddc82e: start LeaderElection
2019-10-17 05:57:19,313 [9f06b4c9-079f-4989-8935-c6be59ddc82e@group-0D1055093416-LeaderElection186] INFO  impl.LeaderElection (LeaderElection.java:askForVotes(178)) - 9f06b4c9-079f-4989-8935-c6be59ddc82e@group-0D1055093416-LeaderElection186: begin an election at term 174 for -1: [9f06b4c9-079f-4989-8935-c6be59ddc82e:192.168.69.82:36391, b282f9e2-3bd4-452e-9c35-1adeacc39134:192.168.69.82:42567, 3ce2c7b7-3df7-42de-af28-9ba1d65ea84e:192.168.69.82:35388], old=null
2019-10-17 05:57:19,314 [9f06b4c9-079f-4989-8935-c6be59ddc82e@group-0D1055093416-LeaderElection186] INFO  impl.LeaderElection (LogUtils.java:infoOrTrace(149)) - 9f06b4c9-079f-4989-8935-c6be59ddc82e@group-0D1055093416-LeaderElection186 got exception when requesting votes: {}
java.util.concurrent.ExecutionException: org.apache.ratis.thirdparty.io.grpc.StatusRuntimeException: UNAVAILABLE: io exception
	at java.util.concurrent.FutureTask.report(FutureTask.java:122)
	at java.util.concurrent.FutureTask.get(FutureTask.java:192)
	at org.apache.ratis.server.impl.LeaderElection.waitForResults(LeaderElection.java:259)
	at org.apache.ratis.server.impl.LeaderElection.askForVotes(LeaderElection.java:197)
	at org.apache.ratis.server.impl.LeaderElection.run(LeaderElection.java:133)
	at java.lang.Thread.run(Thread.java:748)
Caused by: org.apache.ratis.thirdparty.io.grpc.StatusRuntimeException: UNAVAILABLE: io exception
	at org.apache.ratis.thirdparty.io.grpc.stub.ClientCalls.toStatusRuntimeException(ClientCalls.java:233)
	at org.apache.ratis.thirdparty.io.grpc.stub.ClientCalls.getUnchecked(ClientCalls.java:214)
	at org.apache.ratis.thirdparty.io.grpc.stub.ClientCalls.blockingUnaryCall(ClientCalls.java:139)
	at org.apache.ratis.proto.grpc.RaftServerProtocolServiceGrpc$RaftServerProtocolServiceBlockingStub.requestVote(RaftServerProtocolServiceGrpc.java:265)
	at org.apache.ratis.grpc.server.GrpcServerProtocolClient.requestVote(GrpcServerProtocolClient.java:99)
	at org.apache.ratis.grpc.server.GrpcService.requestVote(GrpcService.java:204)
	at org.apache.ratis.server.impl.LeaderElection.lambda$submitRequests$1(LeaderElection.java:234)
	at java.util.concurrent.FutureTask.run(FutureTask.java:266)
	at java.util.concurrent.Executors$RunnableAdapter.call(Executors.java:511)
	at java.util.concurrent.FutureTask.run(FutureTask.java:266)
	at java.util.concurrent.ThreadPoolExecutor.runWorker(ThreadPoolExecutor.java:1149)
	at java.util.concurrent.ThreadPoolExecutor$Worker.run(ThreadPoolExecutor.java:624)
	... 1 more
Caused by: org.apache.ratis.thirdparty.io.netty.channel.AbstractChannel$AnnotatedConnectException: Connection refused: /192.168.69.82:42567
	at sun.nio.ch.SocketChannelImpl.checkConnect(Native Method)
	at sun.nio.ch.SocketChannelImpl.finishConnect(SocketChannelImpl.java:717)
	at org.apache.ratis.thirdparty.io.netty.channel.socket.nio.NioSocketChannel.doFinishConnect(NioSocketChannel.java:327)
	at org.apache.ratis.thirdparty.io.netty.channel.nio.AbstractNioChannel$AbstractNioUnsafe.finishConnect(AbstractNioChannel.java:340)
	at org.apache.ratis.thirdparty.io.netty.channel.nio.NioEventLoop.processSelectedKey(NioEventLoop.java:632)
	at org.apache.ratis.thirdparty.io.netty.channel.nio.NioEventLoop.processSelectedKeysOptimized(NioEventLoop.java:579)
	at org.apache.ratis.thirdparty.io.netty.channel.nio.NioEventLoop.processSelectedKeys(NioEventLoop.java:496)
	at org.apache.ratis.thirdparty.io.netty.channel.nio.NioEventLoop.run(NioEventLoop.java:458)
	at org.apache.ratis.thirdparty.io.netty.util.concurrent.SingleThreadEventExecutor$5.run(SingleThreadEventExecutor.java:897)
	at org.apache.ratis.thirdparty.io.netty.util.concurrent.FastThreadLocalRunnable.run(FastThreadLocalRunnable.java:30)
	... 1 more
Caused by: java.net.ConnectException: Connection refused
	... 11 more
2019-10-17 05:57:19,316 [9f06b4c9-079f-4989-8935-c6be59ddc82e@group-0D1055093416-LeaderElection186] INFO  impl.LeaderElection (LogUtils.java:infoOrTrace(149)) - 9f06b4c9-079f-4989-8935-c6be59ddc82e@group-0D1055093416-LeaderElection186 got exception when requesting votes: {}
java.util.concurrent.ExecutionException: org.apache.ratis.thirdparty.io.grpc.StatusRuntimeException: UNAVAILABLE: io exception
	at java.util.concurrent.FutureTask.report(FutureTask.java:122)
	at java.util.concurrent.FutureTask.get(FutureTask.java:192)
	at org.apache.ratis.server.impl.LeaderElection.waitForResults(LeaderElection.java:259)
	at org.apache.ratis.server.impl.LeaderElection.askForVotes(LeaderElection.java:197)
	at org.apache.ratis.server.impl.LeaderElection.run(LeaderElection.java:133)
	at java.lang.Thread.run(Thread.java:748)
Caused by: org.apache.ratis.thirdparty.io.grpc.StatusRuntimeException: UNAVAILABLE: io exception
	at org.apache.ratis.thirdparty.io.grpc.stub.ClientCalls.toStatusRuntimeException(ClientCalls.java:233)
	at org.apache.ratis.thirdparty.io.grpc.stub.ClientCalls.getUnchecked(ClientCalls.java:214)
	at org.apache.ratis.thirdparty.io.grpc.stub.ClientCalls.blockingUnaryCall(ClientCalls.java:139)
	at org.apache.ratis.proto.grpc.RaftServerProtocolServiceGrpc$RaftServerProtocolServiceBlockingStub.requestVote(RaftServerProtocolServiceGrpc.java:265)
	at org.apache.ratis.grpc.server.GrpcServerProtocolClient.requestVote(GrpcServerProtocolClient.java:99)
	at org.apache.ratis.grpc.server.GrpcService.requestVote(GrpcService.java:204)
	at org.apache.ratis.server.impl.LeaderElection.lambda$submitRequests$1(LeaderElection.java:234)
	at java.util.concurrent.FutureTask.run(FutureTask.java:266)
	at java.util.concurrent.Executors$RunnableAdapter.call(Executors.java:511)
	at java.util.concurrent.FutureTask.run(FutureTask.java:266)
	at java.util.concurrent.ThreadPoolExecutor.runWorker(ThreadPoolExecutor.java:1149)
	at java.util.concurrent.ThreadPoolExecutor$Worker.run(ThreadPoolExecutor.java:624)
	... 1 more
Caused by: org.apache.ratis.thirdparty.io.netty.channel.AbstractChannel$AnnotatedConnectException: Connection refused: /192.168.69.82:35388
	at sun.nio.ch.SocketChannelImpl.checkConnect(Native Method)
	at sun.nio.ch.SocketChannelImpl.finishConnect(SocketChannelImpl.java:717)
	at org.apache.ratis.thirdparty.io.netty.channel.socket.nio.NioSocketChannel.doFinishConnect(NioSocketChannel.java:327)
	at org.apache.ratis.thirdparty.io.netty.channel.nio.AbstractNioChannel$AbstractNioUnsafe.finishConnect(AbstractNioChannel.java:340)
	at org.apache.ratis.thirdparty.io.netty.channel.nio.NioEventLoop.processSelectedKey(NioEventLoop.java:632)
	at org.apache.ratis.thirdparty.io.netty.channel.nio.NioEventLoop.processSelectedKeysOptimized(NioEventLoop.java:579)
	at org.apache.ratis.thirdparty.io.netty.channel.nio.NioEventLoop.processSelectedKeys(NioEventLoop.java:496)
	at org.apache.ratis.thirdparty.io.netty.channel.nio.NioEventLoop.run(NioEventLoop.java:458)
	at org.apache.ratis.thirdparty.io.netty.util.concurrent.SingleThreadEventExecutor$5.run(SingleThreadEventExecutor.java:897)
	at org.apache.ratis.thirdparty.io.netty.util.concurrent.FastThreadLocalRunnable.run(FastThreadLocalRunnable.java:30)
	... 1 more
Caused by: java.net.ConnectException: Connection refused
	... 11 more
2019-10-17 05:57:19,318 [9f06b4c9-079f-4989-8935-c6be59ddc82e@group-0D1055093416-LeaderElection186] INFO  impl.LeaderElection (LeaderElection.java:logAndReturn(56)) - 9f06b4c9-079f-4989-8935-c6be59ddc82e@group-0D1055093416-LeaderElection186: Election REJECTED; received 0 response(s) [] and 2 exception(s); 9f06b4c9-079f-4989-8935-c6be59ddc82e@group-0D1055093416:t174, leader=null, voted=9f06b4c9-079f-4989-8935-c6be59ddc82e, raftlog=9f06b4c9-079f-4989-8935-c6be59ddc82e@group-0D1055093416-SegmentedRaftLog:OPENED:c-1,f-1,i0, conf=-1: [9f06b4c9-079f-4989-8935-c6be59ddc82e:192.168.69.82:36391, b282f9e2-3bd4-452e-9c35-1adeacc39134:192.168.69.82:42567, 3ce2c7b7-3df7-42de-af28-9ba1d65ea84e:192.168.69.82:35388], old=null
2019-10-17 05:57:19,318 [9f06b4c9-079f-4989-8935-c6be59ddc82e@group-0D1055093416-LeaderElection186] INFO  impl.LeaderElection (LogUtils.java:infoOrTrace(149)) -   Exception 0: {}
java.util.concurrent.ExecutionException: org.apache.ratis.thirdparty.io.grpc.StatusRuntimeException: UNAVAILABLE: io exception
	at java.util.concurrent.FutureTask.report(FutureTask.java:122)
	at java.util.concurrent.FutureTask.get(FutureTask.java:192)
	at org.apache.ratis.server.impl.LeaderElection.waitForResults(LeaderElection.java:259)
	at org.apache.ratis.server.impl.LeaderElection.askForVotes(LeaderElection.java:197)
	at org.apache.ratis.server.impl.LeaderElection.run(LeaderElection.java:133)
	at java.lang.Thread.run(Thread.java:748)
Caused by: org.apache.ratis.thirdparty.io.grpc.StatusRuntimeException: UNAVAILABLE: io exception
	at org.apache.ratis.thirdparty.io.grpc.stub.ClientCalls.toStatusRuntimeException(ClientCalls.java:233)
	at org.apache.ratis.thirdparty.io.grpc.stub.ClientCalls.getUnchecked(ClientCalls.java:214)
	at org.apache.ratis.thirdparty.io.grpc.stub.ClientCalls.blockingUnaryCall(ClientCalls.java:139)
	at org.apache.ratis.proto.grpc.RaftServerProtocolServiceGrpc$RaftServerProtocolServiceBlockingStub.requestVote(RaftServerProtocolServiceGrpc.java:265)
	at org.apache.ratis.grpc.server.GrpcServerProtocolClient.requestVote(GrpcServerProtocolClient.java:99)
	at org.apache.ratis.grpc.server.GrpcService.requestVote(GrpcService.java:204)
	at org.apache.ratis.server.impl.LeaderElection.lambda$submitRequests$1(LeaderElection.java:234)
	at java.util.concurrent.FutureTask.run(FutureTask.java:266)
	at java.util.concurrent.Executors$RunnableAdapter.call(Executors.java:511)
	at java.util.concurrent.FutureTask.run(FutureTask.java:266)
	at java.util.concurrent.ThreadPoolExecutor.runWorker(ThreadPoolExecutor.java:1149)
	at java.util.concurrent.ThreadPoolExecutor$Worker.run(ThreadPoolExecutor.java:624)
	... 1 more
Caused by: org.apache.ratis.thirdparty.io.netty.channel.AbstractChannel$AnnotatedConnectException: Connection refused: /192.168.69.82:42567
	at sun.nio.ch.SocketChannelImpl.checkConnect(Native Method)
	at sun.nio.ch.SocketChannelImpl.finishConnect(SocketChannelImpl.java:717)
	at org.apache.ratis.thirdparty.io.netty.channel.socket.nio.NioSocketChannel.doFinishConnect(NioSocketChannel.java:327)
	at org.apache.ratis.thirdparty.io.netty.channel.nio.AbstractNioChannel$AbstractNioUnsafe.finishConnect(AbstractNioChannel.java:340)
	at org.apache.ratis.thirdparty.io.netty.channel.nio.NioEventLoop.processSelectedKey(NioEventLoop.java:632)
	at org.apache.ratis.thirdparty.io.netty.channel.nio.NioEventLoop.processSelectedKeysOptimized(NioEventLoop.java:579)
	at org.apache.ratis.thirdparty.io.netty.channel.nio.NioEventLoop.processSelectedKeys(NioEventLoop.java:496)
	at org.apache.ratis.thirdparty.io.netty.channel.nio.NioEventLoop.run(NioEventLoop.java:458)
	at org.apache.ratis.thirdparty.io.netty.util.concurrent.SingleThreadEventExecutor$5.run(SingleThreadEventExecutor.java:897)
	at org.apache.ratis.thirdparty.io.netty.util.concurrent.FastThreadLocalRunnable.run(FastThreadLocalRunnable.java:30)
	... 1 more
Caused by: java.net.ConnectException: Connection refused
	... 11 more
2019-10-17 05:57:19,319 [9f06b4c9-079f-4989-8935-c6be59ddc82e@group-0D1055093416-LeaderElection186] INFO  impl.LeaderElection (LogUtils.java:infoOrTrace(149)) -   Exception 1: {}
java.util.concurrent.ExecutionException: org.apache.ratis.thirdparty.io.grpc.StatusRuntimeException: UNAVAILABLE: io exception
	at java.util.concurrent.FutureTask.report(FutureTask.java:122)
	at java.util.concurrent.FutureTask.get(FutureTask.java:192)
	at org.apache.ratis.server.impl.LeaderElection.waitForResults(LeaderElection.java:259)
	at org.apache.ratis.server.impl.LeaderElection.askForVotes(LeaderElection.java:197)
	at org.apache.ratis.server.impl.LeaderElection.run(LeaderElection.java:133)
	at java.lang.Thread.run(Thread.java:748)
Caused by: org.apache.ratis.thirdparty.io.grpc.StatusRuntimeException: UNAVAILABLE: io exception
	at org.apache.ratis.thirdparty.io.grpc.stub.ClientCalls.toStatusRuntimeException(ClientCalls.java:233)
	at org.apache.ratis.thirdparty.io.grpc.stub.ClientCalls.getUnchecked(ClientCalls.java:214)
	at org.apache.ratis.thirdparty.io.grpc.stub.ClientCalls.blockingUnaryCall(ClientCalls.java:139)
	at org.apache.ratis.proto.grpc.RaftServerProtocolServiceGrpc$RaftServerProtocolServiceBlockingStub.requestVote(RaftServerProtocolServiceGrpc.java:265)
	at org.apache.ratis.grpc.server.GrpcServerProtocolClient.requestVote(GrpcServerProtocolClient.java:99)
	at org.apache.ratis.grpc.server.GrpcService.requestVote(GrpcService.java:204)
	at org.apache.ratis.server.impl.LeaderElection.lambda$submitRequests$1(LeaderElection.java:234)
	at java.util.concurrent.FutureTask.run(FutureTask.java:266)
	at java.util.concurrent.Executors$RunnableAdapter.call(Executors.java:511)
	at java.util.concurrent.FutureTask.run(FutureTask.java:266)
	at java.util.concurrent.ThreadPoolExecutor.runWorker(ThreadPoolExecutor.java:1149)
	at java.util.concurrent.ThreadPoolExecutor$Worker.run(ThreadPoolExecutor.java:624)
	... 1 more
Caused by: org.apache.ratis.thirdparty.io.netty.channel.AbstractChannel$AnnotatedConnectException: Connection refused: /192.168.69.82:35388
	at sun.nio.ch.SocketChannelImpl.checkConnect(Native Method)
	at sun.nio.ch.SocketChannelImpl.finishConnect(SocketChannelImpl.java:717)
	at org.apache.ratis.thirdparty.io.netty.channel.socket.nio.NioSocketChannel.doFinishConnect(NioSocketChannel.java:327)
	at org.apache.ratis.thirdparty.io.netty.channel.nio.AbstractNioChannel$AbstractNioUnsafe.finishConnect(AbstractNioChannel.java:340)
	at org.apache.ratis.thirdparty.io.netty.channel.nio.NioEventLoop.processSelectedKey(NioEventLoop.java:632)
	at org.apache.ratis.thirdparty.io.netty.channel.nio.NioEventLoop.processSelectedKeysOptimized(NioEventLoop.java:579)
	at org.apache.ratis.thirdparty.io.netty.channel.nio.NioEventLoop.processSelectedKeys(NioEventLoop.java:496)
	at org.apache.ratis.thirdparty.io.netty.channel.nio.NioEventLoop.run(NioEventLoop.java:458)
	at org.apache.ratis.thirdparty.io.netty.util.concurrent.SingleThreadEventExecutor$5.run(SingleThreadEventExecutor.java:897)
	at org.apache.ratis.thirdparty.io.netty.util.concurrent.FastThreadLocalRunnable.run(FastThreadLocalRunnable.java:30)
	... 1 more
Caused by: java.net.ConnectException: Connection refused
	... 11 more
2019-10-17 05:57:19,319 [9f06b4c9-079f-4989-8935-c6be59ddc82e@group-0D1055093416-LeaderElection186] INFO  impl.RaftServerImpl (RaftServerImpl.java:setRole(184)) - 9f06b4c9-079f-4989-8935-c6be59ddc82e@group-0D1055093416: changes role from CANDIDATE to FOLLOWER at term 174 for DISCOVERED_A_NEW_TERM
2019-10-17 05:57:19,319 [9f06b4c9-079f-4989-8935-c6be59ddc82e@group-0D1055093416-LeaderElection186] INFO  impl.RoleInfo (RoleInfo.java:shutdownLeaderElection(134)) - 9f06b4c9-079f-4989-8935-c6be59ddc82e: shutdown LeaderElection
2019-10-17 05:57:19,319 [9f06b4c9-079f-4989-8935-c6be59ddc82e@group-0D1055093416-LeaderElection186] INFO  impl.RoleInfo (RoleInfo.java:updateAndGet(143)) - 9f06b4c9-079f-4989-8935-c6be59ddc82e: start FollowerState
2019-10-17 05:57:19,395 [Thread-1748] INFO  impl.FollowerState (FollowerState.java:run(108)) - 9f06b4c9-079f-4989-8935-c6be59ddc82e@group-0D1055093416-FollowerState: change to CANDIDATE, lastRpcTime:75ms, electionTimeout:75ms
2019-10-17 05:57:19,395 [Thread-1748] INFO  impl.RoleInfo (RoleInfo.java:shutdownFollowerState(121)) - 9f06b4c9-079f-4989-8935-c6be59ddc82e: shutdown FollowerState
2019-10-17 05:57:19,395 [Thread-1748] INFO  impl.RaftServerImpl (RaftServerImpl.java:setRole(184)) - 9f06b4c9-079f-4989-8935-c6be59ddc82e@group-0D1055093416: changes role from  FOLLOWER to CANDIDATE at term 174 for changeToCandidate
2019-10-17 05:57:19,395 [Thread-1748] INFO  impl.RoleInfo (RoleInfo.java:updateAndGet(143)) - 9f06b4c9-079f-4989-8935-c6be59ddc82e: start LeaderElection
2019-10-17 05:57:19,408 [9f06b4c9-079f-4989-8935-c6be59ddc82e@group-0D1055093416-LeaderElection187] INFO  impl.LeaderElection (LeaderElection.java:askForVotes(178)) - 9f06b4c9-079f-4989-8935-c6be59ddc82e@group-0D1055093416-LeaderElection187: begin an election at term 175 for -1: [9f06b4c9-079f-4989-8935-c6be59ddc82e:192.168.69.82:36391, b282f9e2-3bd4-452e-9c35-1adeacc39134:192.168.69.82:42567, 3ce2c7b7-3df7-42de-af28-9ba1d65ea84e:192.168.69.82:35388], old=null
2019-10-17 05:57:19,409 [9f06b4c9-079f-4989-8935-c6be59ddc82e@group-0D1055093416-LeaderElection187] INFO  impl.LeaderElection (LogUtils.java:infoOrTrace(149)) - 9f06b4c9-079f-4989-8935-c6be59ddc82e@group-0D1055093416-LeaderElection187 got exception when requesting votes: {}
java.util.concurrent.ExecutionException: org.apache.ratis.thirdparty.io.grpc.StatusRuntimeException: UNAVAILABLE: io exception
	at java.util.concurrent.FutureTask.report(FutureTask.java:122)
	at java.util.concurrent.FutureTask.get(FutureTask.java:192)
	at org.apache.ratis.server.impl.LeaderElection.waitForResults(LeaderElection.java:259)
	at org.apache.ratis.server.impl.LeaderElection.askForVotes(LeaderElection.java:197)
	at org.apache.ratis.server.impl.LeaderElection.run(LeaderElection.java:133)
	at java.lang.Thread.run(Thread.java:748)
Caused by: org.apache.ratis.thirdparty.io.grpc.StatusRuntimeException: UNAVAILABLE: io exception
	at org.apache.ratis.thirdparty.io.grpc.stub.ClientCalls.toStatusRuntimeException(ClientCalls.java:233)
	at org.apache.ratis.thirdparty.io.grpc.stub.ClientCalls.getUnchecked(ClientCalls.java:214)
	at org.apache.ratis.thirdparty.io.grpc.stub.ClientCalls.blockingUnaryCall(ClientCalls.java:139)
	at org.apache.ratis.proto.grpc.RaftServerProtocolServiceGrpc$RaftServerProtocolServiceBlockingStub.requestVote(RaftServerProtocolServiceGrpc.java:265)
	at org.apache.ratis.grpc.server.GrpcServerProtocolClient.requestVote(GrpcServerProtocolClient.java:99)
	at org.apache.ratis.grpc.server.GrpcService.requestVote(GrpcService.java:204)
	at org.apache.ratis.server.impl.LeaderElection.lambda$submitRequests$1(LeaderElection.java:234)
	at java.util.concurrent.FutureTask.run(FutureTask.java:266)
	at java.util.concurrent.Executors$RunnableAdapter.call(Executors.java:511)
	at java.util.concurrent.FutureTask.run(FutureTask.java:266)
	at java.util.concurrent.ThreadPoolExecutor.runWorker(ThreadPoolExecutor.java:1149)
	at java.util.concurrent.ThreadPoolExecutor$Worker.run(ThreadPoolExecutor.java:624)
	... 1 more
Caused by: org.apache.ratis.thirdparty.io.netty.channel.AbstractChannel$AnnotatedConnectException: Connection refused: /192.168.69.82:42567
	at sun.nio.ch.SocketChannelImpl.checkConnect(Native Method)
	at sun.nio.ch.SocketChannelImpl.finishConnect(SocketChannelImpl.java:717)
	at org.apache.ratis.thirdparty.io.netty.channel.socket.nio.NioSocketChannel.doFinishConnect(NioSocketChannel.java:327)
	at org.apache.ratis.thirdparty.io.netty.channel.nio.AbstractNioChannel$AbstractNioUnsafe.finishConnect(AbstractNioChannel.java:340)
	at org.apache.ratis.thirdparty.io.netty.channel.nio.NioEventLoop.processSelectedKey(NioEventLoop.java:632)
	at org.apache.ratis.thirdparty.io.netty.channel.nio.NioEventLoop.processSelectedKeysOptimized(NioEventLoop.java:579)
	at org.apache.ratis.thirdparty.io.netty.channel.nio.NioEventLoop.processSelectedKeys(NioEventLoop.java:496)
	at org.apache.ratis.thirdparty.io.netty.channel.nio.NioEventLoop.run(NioEventLoop.java:458)
	at org.apache.ratis.thirdparty.io.netty.util.concurrent.SingleThreadEventExecutor$5.run(SingleThreadEventExecutor.java:897)
	at org.apache.ratis.thirdparty.io.netty.util.concurrent.FastThreadLocalRunnable.run(FastThreadLocalRunnable.java:30)
	... 1 more
Caused by: java.net.ConnectException: Connection refused
	... 11 more
2019-10-17 05:57:19,413 [9f06b4c9-079f-4989-8935-c6be59ddc82e@group-0D1055093416-LeaderElection187] INFO  impl.LeaderElection (LogUtils.java:infoOrTrace(149)) - 9f06b4c9-079f-4989-8935-c6be59ddc82e@group-0D1055093416-LeaderElection187 got exception when requesting votes: {}
java.util.concurrent.ExecutionException: org.apache.ratis.thirdparty.io.grpc.StatusRuntimeException: UNAVAILABLE: io exception
	at java.util.concurrent.FutureTask.report(FutureTask.java:122)
	at java.util.concurrent.FutureTask.get(FutureTask.java:192)
	at org.apache.ratis.server.impl.LeaderElection.waitForResults(LeaderElection.java:259)
	at org.apache.ratis.server.impl.LeaderElection.askForVotes(LeaderElection.java:197)
	at org.apache.ratis.server.impl.LeaderElection.run(LeaderElection.java:133)
	at java.lang.Thread.run(Thread.java:748)
Caused by: org.apache.ratis.thirdparty.io.grpc.StatusRuntimeException: UNAVAILABLE: io exception
	at org.apache.ratis.thirdparty.io.grpc.stub.ClientCalls.toStatusRuntimeException(ClientCalls.java:233)
	at org.apache.ratis.thirdparty.io.grpc.stub.ClientCalls.getUnchecked(ClientCalls.java:214)
	at org.apache.ratis.thirdparty.io.grpc.stub.ClientCalls.blockingUnaryCall(ClientCalls.java:139)
	at org.apache.ratis.proto.grpc.RaftServerProtocolServiceGrpc$RaftServerProtocolServiceBlockingStub.requestVote(RaftServerProtocolServiceGrpc.java:265)
	at org.apache.ratis.grpc.server.GrpcServerProtocolClient.requestVote(GrpcServerProtocolClient.java:99)
	at org.apache.ratis.grpc.server.GrpcService.requestVote(GrpcService.java:204)
	at org.apache.ratis.server.impl.LeaderElection.lambda$submitRequests$1(LeaderElection.java:234)
	at java.util.concurrent.FutureTask.run(FutureTask.java:266)
	at java.util.concurrent.Executors$RunnableAdapter.call(Executors.java:511)
	at java.util.concurrent.FutureTask.run(FutureTask.java:266)
	at java.util.concurrent.ThreadPoolExecutor.runWorker(ThreadPoolExecutor.java:1149)
	at java.util.concurrent.ThreadPoolExecutor$Worker.run(ThreadPoolExecutor.java:624)
	... 1 more
Caused by: org.apache.ratis.thirdparty.io.netty.channel.AbstractChannel$AnnotatedConnectException: Connection refused: /192.168.69.82:35388
	at sun.nio.ch.SocketChannelImpl.checkConnect(Native Method)
	at sun.nio.ch.SocketChannelImpl.finishConnect(SocketChannelImpl.java:717)
	at org.apache.ratis.thirdparty.io.netty.channel.socket.nio.NioSocketChannel.doFinishConnect(NioSocketChannel.java:327)
	at org.apache.ratis.thirdparty.io.netty.channel.nio.AbstractNioChannel$AbstractNioUnsafe.finishConnect(AbstractNioChannel.java:340)
	at org.apache.ratis.thirdparty.io.netty.channel.nio.NioEventLoop.processSelectedKey(NioEventLoop.java:632)
	at org.apache.ratis.thirdparty.io.netty.channel.nio.NioEventLoop.processSelectedKeysOptimized(NioEventLoop.java:579)
	at org.apache.ratis.thirdparty.io.netty.channel.nio.NioEventLoop.processSelectedKeys(NioEventLoop.java:496)
	at org.apache.ratis.thirdparty.io.netty.channel.nio.NioEventLoop.run(NioEventLoop.java:458)
	at org.apache.ratis.thirdparty.io.netty.util.concurrent.SingleThreadEventExecutor$5.run(SingleThreadEventExecutor.java:897)
	at org.apache.ratis.thirdparty.io.netty.util.concurrent.FastThreadLocalRunnable.run(FastThreadLocalRunnable.java:30)
	... 1 more
Caused by: java.net.ConnectException: Connection refused
	... 11 more
2019-10-17 05:57:19,415 [9f06b4c9-079f-4989-8935-c6be59ddc82e@group-0D1055093416-LeaderElection187] INFO  impl.LeaderElection (LeaderElection.java:logAndReturn(56)) - 9f06b4c9-079f-4989-8935-c6be59ddc82e@group-0D1055093416-LeaderElection187: Election REJECTED; received 0 response(s) [] and 2 exception(s); 9f06b4c9-079f-4989-8935-c6be59ddc82e@group-0D1055093416:t175, leader=null, voted=9f06b4c9-079f-4989-8935-c6be59ddc82e, raftlog=9f06b4c9-079f-4989-8935-c6be59ddc82e@group-0D1055093416-SegmentedRaftLog:OPENED:c-1,f-1,i0, conf=-1: [9f06b4c9-079f-4989-8935-c6be59ddc82e:192.168.69.82:36391, b282f9e2-3bd4-452e-9c35-1adeacc39134:192.168.69.82:42567, 3ce2c7b7-3df7-42de-af28-9ba1d65ea84e:192.168.69.82:35388], old=null
2019-10-17 05:57:19,415 [9f06b4c9-079f-4989-8935-c6be59ddc82e@group-0D1055093416-LeaderElection187] INFO  impl.LeaderElection (LogUtils.java:infoOrTrace(149)) -   Exception 0: {}
java.util.concurrent.ExecutionException: org.apache.ratis.thirdparty.io.grpc.StatusRuntimeException: UNAVAILABLE: io exception
	at java.util.concurrent.FutureTask.report(FutureTask.java:122)
	at java.util.concurrent.FutureTask.get(FutureTask.java:192)
	at org.apache.ratis.server.impl.LeaderElection.waitForResults(LeaderElection.java:259)
	at org.apache.ratis.server.impl.LeaderElection.askForVotes(LeaderElection.java:197)
	at org.apache.ratis.server.impl.LeaderElection.run(LeaderElection.java:133)
	at java.lang.Thread.run(Thread.java:748)
Caused by: org.apache.ratis.thirdparty.io.grpc.StatusRuntimeException: UNAVAILABLE: io exception
	at org.apache.ratis.thirdparty.io.grpc.stub.ClientCalls.toStatusRuntimeException(ClientCalls.java:233)
	at org.apache.ratis.thirdparty.io.grpc.stub.ClientCalls.getUnchecked(ClientCalls.java:214)
	at org.apache.ratis.thirdparty.io.grpc.stub.ClientCalls.blockingUnaryCall(ClientCalls.java:139)
	at org.apache.ratis.proto.grpc.RaftServerProtocolServiceGrpc$RaftServerProtocolServiceBlockingStub.requestVote(RaftServerProtocolServiceGrpc.java:265)
	at org.apache.ratis.grpc.server.GrpcServerProtocolClient.requestVote(GrpcServerProtocolClient.java:99)
	at org.apache.ratis.grpc.server.GrpcService.requestVote(GrpcService.java:204)
	at org.apache.ratis.server.impl.LeaderElection.lambda$submitRequests$1(LeaderElection.java:234)
	at java.util.concurrent.FutureTask.run(FutureTask.java:266)
	at java.util.concurrent.Executors$RunnableAdapter.call(Executors.java:511)
	at java.util.concurrent.FutureTask.run(FutureTask.java:266)
	at java.util.concurrent.ThreadPoolExecutor.runWorker(ThreadPoolExecutor.java:1149)
	at java.util.concurrent.ThreadPoolExecutor$Worker.run(ThreadPoolExecutor.java:624)
	... 1 more
Caused by: org.apache.ratis.thirdparty.io.netty.channel.AbstractChannel$AnnotatedConnectException: Connection refused: /192.168.69.82:42567
	at sun.nio.ch.SocketChannelImpl.checkConnect(Native Method)
	at sun.nio.ch.SocketChannelImpl.finishConnect(SocketChannelImpl.java:717)
	at org.apache.ratis.thirdparty.io.netty.channel.socket.nio.NioSocketChannel.doFinishConnect(NioSocketChannel.java:327)
	at org.apache.ratis.thirdparty.io.netty.channel.nio.AbstractNioChannel$AbstractNioUnsafe.finishConnect(AbstractNioChannel.java:340)
	at org.apache.ratis.thirdparty.io.netty.channel.nio.NioEventLoop.processSelectedKey(NioEventLoop.java:632)
	at org.apache.ratis.thirdparty.io.netty.channel.nio.NioEventLoop.processSelectedKeysOptimized(NioEventLoop.java:579)
	at org.apache.ratis.thirdparty.io.netty.channel.nio.NioEventLoop.processSelectedKeys(NioEventLoop.java:496)
	at org.apache.ratis.thirdparty.io.netty.channel.nio.NioEventLoop.run(NioEventLoop.java:458)
	at org.apache.ratis.thirdparty.io.netty.util.concurrent.SingleThreadEventExecutor$5.run(SingleThreadEventExecutor.java:897)
	at org.apache.ratis.thirdparty.io.netty.util.concurrent.FastThreadLocalRunnable.run(FastThreadLocalRunnable.java:30)
	... 1 more
Caused by: java.net.ConnectException: Connection refused
	... 11 more
2019-10-17 05:57:19,415 [9f06b4c9-079f-4989-8935-c6be59ddc82e@group-0D1055093416-LeaderElection187] INFO  impl.LeaderElection (LogUtils.java:infoOrTrace(149)) -   Exception 1: {}
java.util.concurrent.ExecutionException: org.apache.ratis.thirdparty.io.grpc.StatusRuntimeException: UNAVAILABLE: io exception
	at java.util.concurrent.FutureTask.report(FutureTask.java:122)
	at java.util.concurrent.FutureTask.get(FutureTask.java:192)
	at org.apache.ratis.server.impl.LeaderElection.waitForResults(LeaderElection.java:259)
	at org.apache.ratis.server.impl.LeaderElection.askForVotes(LeaderElection.java:197)
	at org.apache.ratis.server.impl.LeaderElection.run(LeaderElection.java:133)
	at java.lang.Thread.run(Thread.java:748)
Caused by: org.apache.ratis.thirdparty.io.grpc.StatusRuntimeException: UNAVAILABLE: io exception
	at org.apache.ratis.thirdparty.io.grpc.stub.ClientCalls.toStatusRuntimeException(ClientCalls.java:233)
	at org.apache.ratis.thirdparty.io.grpc.stub.ClientCalls.getUnchecked(ClientCalls.java:214)
	at org.apache.ratis.thirdparty.io.grpc.stub.ClientCalls.blockingUnaryCall(ClientCalls.java:139)
	at org.apache.ratis.proto.grpc.RaftServerProtocolServiceGrpc$RaftServerProtocolServiceBlockingStub.requestVote(RaftServerProtocolServiceGrpc.java:265)
	at org.apache.ratis.grpc.server.GrpcServerProtocolClient.requestVote(GrpcServerProtocolClient.java:99)
	at org.apache.ratis.grpc.server.GrpcService.requestVote(GrpcService.java:204)
	at org.apache.ratis.server.impl.LeaderElection.lambda$submitRequests$1(LeaderElection.java:234)
	at java.util.concurrent.FutureTask.run(FutureTask.java:266)
	at java.util.concurrent.Executors$RunnableAdapter.call(Executors.java:511)
	at java.util.concurrent.FutureTask.run(FutureTask.java:266)
	at java.util.concurrent.ThreadPoolExecutor.runWorker(ThreadPoolExecutor.java:1149)
	at java.util.concurrent.ThreadPoolExecutor$Worker.run(ThreadPoolExecutor.java:624)
	... 1 more
Caused by: org.apache.ratis.thirdparty.io.netty.channel.AbstractChannel$AnnotatedConnectException: Connection refused: /192.168.69.82:35388
	at sun.nio.ch.SocketChannelImpl.checkConnect(Native Method)
	at sun.nio.ch.SocketChannelImpl.finishConnect(SocketChannelImpl.java:717)
	at org.apache.ratis.thirdparty.io.netty.channel.socket.nio.NioSocketChannel.doFinishConnect(NioSocketChannel.java:327)
	at org.apache.ratis.thirdparty.io.netty.channel.nio.AbstractNioChannel$AbstractNioUnsafe.finishConnect(AbstractNioChannel.java:340)
	at org.apache.ratis.thirdparty.io.netty.channel.nio.NioEventLoop.processSelectedKey(NioEventLoop.java:632)
	at org.apache.ratis.thirdparty.io.netty.channel.nio.NioEventLoop.processSelectedKeysOptimized(NioEventLoop.java:579)
	at org.apache.ratis.thirdparty.io.netty.channel.nio.NioEventLoop.processSelectedKeys(NioEventLoop.java:496)
	at org.apache.ratis.thirdparty.io.netty.channel.nio.NioEventLoop.run(NioEventLoop.java:458)
	at org.apache.ratis.thirdparty.io.netty.util.concurrent.SingleThreadEventExecutor$5.run(SingleThreadEventExecutor.java:897)
	at org.apache.ratis.thirdparty.io.netty.util.concurrent.FastThreadLocalRunnable.run(FastThreadLocalRunnable.java:30)
	... 1 more
Caused by: java.net.ConnectException: Connection refused
	... 11 more
2019-10-17 05:57:19,415 [9f06b4c9-079f-4989-8935-c6be59ddc82e@group-0D1055093416-LeaderElection187] INFO  impl.RaftServerImpl (RaftServerImpl.java:setRole(184)) - 9f06b4c9-079f-4989-8935-c6be59ddc82e@group-0D1055093416: changes role from CANDIDATE to FOLLOWER at term 175 for DISCOVERED_A_NEW_TERM
2019-10-17 05:57:19,416 [9f06b4c9-079f-4989-8935-c6be59ddc82e@group-0D1055093416-LeaderElection187] INFO  impl.RoleInfo (RoleInfo.java:shutdownLeaderElection(134)) - 9f06b4c9-079f-4989-8935-c6be59ddc82e: shutdown LeaderElection
2019-10-17 05:57:19,416 [9f06b4c9-079f-4989-8935-c6be59ddc82e@group-0D1055093416-LeaderElection187] INFO  impl.RoleInfo (RoleInfo.java:updateAndGet(143)) - 9f06b4c9-079f-4989-8935-c6be59ddc82e: start FollowerState
2019-10-17 05:57:19,602 [Thread-1753] INFO  impl.FollowerState (FollowerState.java:run(108)) - 9f06b4c9-079f-4989-8935-c6be59ddc82e@group-0D1055093416-FollowerState: change to CANDIDATE, lastRpcTime:186ms, electionTimeout:186ms
2019-10-17 05:57:19,602 [Thread-1753] INFO  impl.RoleInfo (RoleInfo.java:shutdownFollowerState(121)) - 9f06b4c9-079f-4989-8935-c6be59ddc82e: shutdown FollowerState
2019-10-17 05:57:19,603 [Thread-1753] INFO  impl.RaftServerImpl (RaftServerImpl.java:setRole(184)) - 9f06b4c9-079f-4989-8935-c6be59ddc82e@group-0D1055093416: changes role from  FOLLOWER to CANDIDATE at term 175 for changeToCandidate
2019-10-17 05:57:19,603 [Thread-1753] INFO  impl.RoleInfo (RoleInfo.java:updateAndGet(143)) - 9f06b4c9-079f-4989-8935-c6be59ddc82e: start LeaderElection
2019-10-17 05:57:19,616 [9f06b4c9-079f-4989-8935-c6be59ddc82e@group-0D1055093416-LeaderElection188] INFO  impl.LeaderElection (LeaderElection.java:askForVotes(178)) - 9f06b4c9-079f-4989-8935-c6be59ddc82e@group-0D1055093416-LeaderElection188: begin an election at term 176 for -1: [9f06b4c9-079f-4989-8935-c6be59ddc82e:192.168.69.82:36391, b282f9e2-3bd4-452e-9c35-1adeacc39134:192.168.69.82:42567, 3ce2c7b7-3df7-42de-af28-9ba1d65ea84e:192.168.69.82:35388], old=null
2019-10-17 05:57:19,617 [9f06b4c9-079f-4989-8935-c6be59ddc82e@group-0D1055093416-LeaderElection188] INFO  impl.LeaderElection (LogUtils.java:infoOrTrace(149)) - 9f06b4c9-079f-4989-8935-c6be59ddc82e@group-0D1055093416-LeaderElection188 got exception when requesting votes: {}
java.util.concurrent.ExecutionException: org.apache.ratis.thirdparty.io.grpc.StatusRuntimeException: UNAVAILABLE: io exception
	at java.util.concurrent.FutureTask.report(FutureTask.java:122)
	at java.util.concurrent.FutureTask.get(FutureTask.java:192)
	at org.apache.ratis.server.impl.LeaderElection.waitForResults(LeaderElection.java:259)
	at org.apache.ratis.server.impl.LeaderElection.askForVotes(LeaderElection.java:197)
	at org.apache.ratis.server.impl.LeaderElection.run(LeaderElection.java:133)
	at java.lang.Thread.run(Thread.java:748)
Caused by: org.apache.ratis.thirdparty.io.grpc.StatusRuntimeException: UNAVAILABLE: io exception
	at org.apache.ratis.thirdparty.io.grpc.stub.ClientCalls.toStatusRuntimeException(ClientCalls.java:233)
	at org.apache.ratis.thirdparty.io.grpc.stub.ClientCalls.getUnchecked(ClientCalls.java:214)
	at org.apache.ratis.thirdparty.io.grpc.stub.ClientCalls.blockingUnaryCall(ClientCalls.java:139)
	at org.apache.ratis.proto.grpc.RaftServerProtocolServiceGrpc$RaftServerProtocolServiceBlockingStub.requestVote(RaftServerProtocolServiceGrpc.java:265)
	at org.apache.ratis.grpc.server.GrpcServerProtocolClient.requestVote(GrpcServerProtocolClient.java:99)
	at org.apache.ratis.grpc.server.GrpcService.requestVote(GrpcService.java:204)
	at org.apache.ratis.server.impl.LeaderElection.lambda$submitRequests$1(LeaderElection.java:234)
	at java.util.concurrent.FutureTask.run(FutureTask.java:266)
	at java.util.concurrent.Executors$RunnableAdapter.call(Executors.java:511)
	at java.util.concurrent.FutureTask.run(FutureTask.java:266)
	at java.util.concurrent.ThreadPoolExecutor.runWorker(ThreadPoolExecutor.java:1149)
	at java.util.concurrent.ThreadPoolExecutor$Worker.run(ThreadPoolExecutor.java:624)
	... 1 more
Caused by: org.apache.ratis.thirdparty.io.netty.channel.AbstractChannel$AnnotatedConnectException: Connection refused: /192.168.69.82:42567
	at sun.nio.ch.SocketChannelImpl.checkConnect(Native Method)
	at sun.nio.ch.SocketChannelImpl.finishConnect(SocketChannelImpl.java:717)
	at org.apache.ratis.thirdparty.io.netty.channel.socket.nio.NioSocketChannel.doFinishConnect(NioSocketChannel.java:327)
	at org.apache.ratis.thirdparty.io.netty.channel.nio.AbstractNioChannel$AbstractNioUnsafe.finishConnect(AbstractNioChannel.java:340)
	at org.apache.ratis.thirdparty.io.netty.channel.nio.NioEventLoop.processSelectedKey(NioEventLoop.java:632)
	at org.apache.ratis.thirdparty.io.netty.channel.nio.NioEventLoop.processSelectedKeysOptimized(NioEventLoop.java:579)
	at org.apache.ratis.thirdparty.io.netty.channel.nio.NioEventLoop.processSelectedKeys(NioEventLoop.java:496)
	at org.apache.ratis.thirdparty.io.netty.channel.nio.NioEventLoop.run(NioEventLoop.java:458)
	at org.apache.ratis.thirdparty.io.netty.util.concurrent.SingleThreadEventExecutor$5.run(SingleThreadEventExecutor.java:897)
	at org.apache.ratis.thirdparty.io.netty.util.concurrent.FastThreadLocalRunnable.run(FastThreadLocalRunnable.java:30)
	... 1 more
Caused by: java.net.ConnectException: Connection refused
	... 11 more
2019-10-17 05:57:19,619 [9f06b4c9-079f-4989-8935-c6be59ddc82e@group-0D1055093416-LeaderElection188] INFO  impl.LeaderElection (LogUtils.java:infoOrTrace(149)) - 9f06b4c9-079f-4989-8935-c6be59ddc82e@group-0D1055093416-LeaderElection188 got exception when requesting votes: {}
java.util.concurrent.ExecutionException: org.apache.ratis.thirdparty.io.grpc.StatusRuntimeException: UNAVAILABLE: io exception
	at java.util.concurrent.FutureTask.report(FutureTask.java:122)
	at java.util.concurrent.FutureTask.get(FutureTask.java:192)
	at org.apache.ratis.server.impl.LeaderElection.waitForResults(LeaderElection.java:259)
	at org.apache.ratis.server.impl.LeaderElection.askForVotes(LeaderElection.java:197)
	at org.apache.ratis.server.impl.LeaderElection.run(LeaderElection.java:133)
	at java.lang.Thread.run(Thread.java:748)
Caused by: org.apache.ratis.thirdparty.io.grpc.StatusRuntimeException: UNAVAILABLE: io exception
	at org.apache.ratis.thirdparty.io.grpc.stub.ClientCalls.toStatusRuntimeException(ClientCalls.java:233)
	at org.apache.ratis.thirdparty.io.grpc.stub.ClientCalls.getUnchecked(ClientCalls.java:214)
	at org.apache.ratis.thirdparty.io.grpc.stub.ClientCalls.blockingUnaryCall(ClientCalls.java:139)
	at org.apache.ratis.proto.grpc.RaftServerProtocolServiceGrpc$RaftServerProtocolServiceBlockingStub.requestVote(RaftServerProtocolServiceGrpc.java:265)
	at org.apache.ratis.grpc.server.GrpcServerProtocolClient.requestVote(GrpcServerProtocolClient.java:99)
	at org.apache.ratis.grpc.server.GrpcService.requestVote(GrpcService.java:204)
	at org.apache.ratis.server.impl.LeaderElection.lambda$submitRequests$1(LeaderElection.java:234)
	at java.util.concurrent.FutureTask.run(FutureTask.java:266)
	at java.util.concurrent.Executors$RunnableAdapter.call(Executors.java:511)
	at java.util.concurrent.FutureTask.run(FutureTask.java:266)
	at java.util.concurrent.ThreadPoolExecutor.runWorker(ThreadPoolExecutor.java:1149)
	at java.util.concurrent.ThreadPoolExecutor$Worker.run(ThreadPoolExecutor.java:624)
	... 1 more
Caused by: org.apache.ratis.thirdparty.io.netty.channel.AbstractChannel$AnnotatedConnectException: Connection refused: /192.168.69.82:35388
	at sun.nio.ch.SocketChannelImpl.checkConnect(Native Method)
	at sun.nio.ch.SocketChannelImpl.finishConnect(SocketChannelImpl.java:717)
	at org.apache.ratis.thirdparty.io.netty.channel.socket.nio.NioSocketChannel.doFinishConnect(NioSocketChannel.java:327)
	at org.apache.ratis.thirdparty.io.netty.channel.nio.AbstractNioChannel$AbstractNioUnsafe.finishConnect(AbstractNioChannel.java:340)
	at org.apache.ratis.thirdparty.io.netty.channel.nio.NioEventLoop.processSelectedKey(NioEventLoop.java:632)
	at org.apache.ratis.thirdparty.io.netty.channel.nio.NioEventLoop.processSelectedKeysOptimized(NioEventLoop.java:579)
	at org.apache.ratis.thirdparty.io.netty.channel.nio.NioEventLoop.processSelectedKeys(NioEventLoop.java:496)
	at org.apache.ratis.thirdparty.io.netty.channel.nio.NioEventLoop.run(NioEventLoop.java:458)
	at org.apache.ratis.thirdparty.io.netty.util.concurrent.SingleThreadEventExecutor$5.run(SingleThreadEventExecutor.java:897)
	at org.apache.ratis.thirdparty.io.netty.util.concurrent.FastThreadLocalRunnable.run(FastThreadLocalRunnable.java:30)
	... 1 more
Caused by: java.net.ConnectException: Connection refused
	... 11 more
2019-10-17 05:57:19,621 [9f06b4c9-079f-4989-8935-c6be59ddc82e@group-0D1055093416-LeaderElection188] INFO  impl.LeaderElection (LeaderElection.java:logAndReturn(56)) - 9f06b4c9-079f-4989-8935-c6be59ddc82e@group-0D1055093416-LeaderElection188: Election REJECTED; received 0 response(s) [] and 2 exception(s); 9f06b4c9-079f-4989-8935-c6be59ddc82e@group-0D1055093416:t176, leader=null, voted=9f06b4c9-079f-4989-8935-c6be59ddc82e, raftlog=9f06b4c9-079f-4989-8935-c6be59ddc82e@group-0D1055093416-SegmentedRaftLog:OPENED:c-1,f-1,i0, conf=-1: [9f06b4c9-079f-4989-8935-c6be59ddc82e:192.168.69.82:36391, b282f9e2-3bd4-452e-9c35-1adeacc39134:192.168.69.82:42567, 3ce2c7b7-3df7-42de-af28-9ba1d65ea84e:192.168.69.82:35388], old=null
2019-10-17 05:57:19,622 [9f06b4c9-079f-4989-8935-c6be59ddc82e@group-0D1055093416-LeaderElection188] INFO  impl.LeaderElection (LogUtils.java:infoOrTrace(149)) -   Exception 0: {}
java.util.concurrent.ExecutionException: org.apache.ratis.thirdparty.io.grpc.StatusRuntimeException: UNAVAILABLE: io exception
	at java.util.concurrent.FutureTask.report(FutureTask.java:122)
	at java.util.concurrent.FutureTask.get(FutureTask.java:192)
	at org.apache.ratis.server.impl.LeaderElection.waitForResults(LeaderElection.java:259)
	at org.apache.ratis.server.impl.LeaderElection.askForVotes(LeaderElection.java:197)
	at org.apache.ratis.server.impl.LeaderElection.run(LeaderElection.java:133)
	at java.lang.Thread.run(Thread.java:748)
Caused by: org.apache.ratis.thirdparty.io.grpc.StatusRuntimeException: UNAVAILABLE: io exception
	at org.apache.ratis.thirdparty.io.grpc.stub.ClientCalls.toStatusRuntimeException(ClientCalls.java:233)
	at org.apache.ratis.thirdparty.io.grpc.stub.ClientCalls.getUnchecked(ClientCalls.java:214)
	at org.apache.ratis.thirdparty.io.grpc.stub.ClientCalls.blockingUnaryCall(ClientCalls.java:139)
	at org.apache.ratis.proto.grpc.RaftServerProtocolServiceGrpc$RaftServerProtocolServiceBlockingStub.requestVote(RaftServerProtocolServiceGrpc.java:265)
	at org.apache.ratis.grpc.server.GrpcServerProtocolClient.requestVote(GrpcServerProtocolClient.java:99)
	at org.apache.ratis.grpc.server.GrpcService.requestVote(GrpcService.java:204)
	at org.apache.ratis.server.impl.LeaderElection.lambda$submitRequests$1(LeaderElection.java:234)
	at java.util.concurrent.FutureTask.run(FutureTask.java:266)
	at java.util.concurrent.Executors$RunnableAdapter.call(Executors.java:511)
	at java.util.concurrent.FutureTask.run(FutureTask.java:266)
	at java.util.concurrent.ThreadPoolExecutor.runWorker(ThreadPoolExecutor.java:1149)
	at java.util.concurrent.ThreadPoolExecutor$Worker.run(ThreadPoolExecutor.java:624)
	... 1 more
Caused by: org.apache.ratis.thirdparty.io.netty.channel.AbstractChannel$AnnotatedConnectException: Connection refused: /192.168.69.82:42567
	at sun.nio.ch.SocketChannelImpl.checkConnect(Native Method)
	at sun.nio.ch.SocketChannelImpl.finishConnect(SocketChannelImpl.java:717)
	at org.apache.ratis.thirdparty.io.netty.channel.socket.nio.NioSocketChannel.doFinishConnect(NioSocketChannel.java:327)
	at org.apache.ratis.thirdparty.io.netty.channel.nio.AbstractNioChannel$AbstractNioUnsafe.finishConnect(AbstractNioChannel.java:340)
	at org.apache.ratis.thirdparty.io.netty.channel.nio.NioEventLoop.processSelectedKey(NioEventLoop.java:632)
	at org.apache.ratis.thirdparty.io.netty.channel.nio.NioEventLoop.processSelectedKeysOptimized(NioEventLoop.java:579)
	at org.apache.ratis.thirdparty.io.netty.channel.nio.NioEventLoop.processSelectedKeys(NioEventLoop.java:496)
	at org.apache.ratis.thirdparty.io.netty.channel.nio.NioEventLoop.run(NioEventLoop.java:458)
	at org.apache.ratis.thirdparty.io.netty.util.concurrent.SingleThreadEventExecutor$5.run(SingleThreadEventExecutor.java:897)
	at org.apache.ratis.thirdparty.io.netty.util.concurrent.FastThreadLocalRunnable.run(FastThreadLocalRunnable.java:30)
	... 1 more
Caused by: java.net.ConnectException: Connection refused
	... 11 more
2019-10-17 05:57:19,622 [9f06b4c9-079f-4989-8935-c6be59ddc82e@group-0D1055093416-LeaderElection188] INFO  impl.LeaderElection (LogUtils.java:infoOrTrace(149)) -   Exception 1: {}
java.util.concurrent.ExecutionException: org.apache.ratis.thirdparty.io.grpc.StatusRuntimeException: UNAVAILABLE: io exception
	at java.util.concurrent.FutureTask.report(FutureTask.java:122)
	at java.util.concurrent.FutureTask.get(FutureTask.java:192)
	at org.apache.ratis.server.impl.LeaderElection.waitForResults(LeaderElection.java:259)
	at org.apache.ratis.server.impl.LeaderElection.askForVotes(LeaderElection.java:197)
	at org.apache.ratis.server.impl.LeaderElection.run(LeaderElection.java:133)
	at java.lang.Thread.run(Thread.java:748)
Caused by: org.apache.ratis.thirdparty.io.grpc.StatusRuntimeException: UNAVAILABLE: io exception
	at org.apache.ratis.thirdparty.io.grpc.stub.ClientCalls.toStatusRuntimeException(ClientCalls.java:233)
	at org.apache.ratis.thirdparty.io.grpc.stub.ClientCalls.getUnchecked(ClientCalls.java:214)
	at org.apache.ratis.thirdparty.io.grpc.stub.ClientCalls.blockingUnaryCall(ClientCalls.java:139)
	at org.apache.ratis.proto.grpc.RaftServerProtocolServiceGrpc$RaftServerProtocolServiceBlockingStub.requestVote(RaftServerProtocolServiceGrpc.java:265)
	at org.apache.ratis.grpc.server.GrpcServerProtocolClient.requestVote(GrpcServerProtocolClient.java:99)
	at org.apache.ratis.grpc.server.GrpcService.requestVote(GrpcService.java:204)
	at org.apache.ratis.server.impl.LeaderElection.lambda$submitRequests$1(LeaderElection.java:234)
	at java.util.concurrent.FutureTask.run(FutureTask.java:266)
	at java.util.concurrent.Executors$RunnableAdapter.call(Executors.java:511)
	at java.util.concurrent.FutureTask.run(FutureTask.java:266)
	at java.util.concurrent.ThreadPoolExecutor.runWorker(ThreadPoolExecutor.java:1149)
	at java.util.concurrent.ThreadPoolExecutor$Worker.run(ThreadPoolExecutor.java:624)
	... 1 more
Caused by: org.apache.ratis.thirdparty.io.netty.channel.AbstractChannel$AnnotatedConnectException: Connection refused: /192.168.69.82:35388
	at sun.nio.ch.SocketChannelImpl.checkConnect(Native Method)
	at sun.nio.ch.SocketChannelImpl.finishConnect(SocketChannelImpl.java:717)
	at org.apache.ratis.thirdparty.io.netty.channel.socket.nio.NioSocketChannel.doFinishConnect(NioSocketChannel.java:327)
	at org.apache.ratis.thirdparty.io.netty.channel.nio.AbstractNioChannel$AbstractNioUnsafe.finishConnect(AbstractNioChannel.java:340)
	at org.apache.ratis.thirdparty.io.netty.channel.nio.NioEventLoop.processSelectedKey(NioEventLoop.java:632)
	at org.apache.ratis.thirdparty.io.netty.channel.nio.NioEventLoop.processSelectedKeysOptimized(NioEventLoop.java:579)
	at org.apache.ratis.thirdparty.io.netty.channel.nio.NioEventLoop.processSelectedKeys(NioEventLoop.java:496)
	at org.apache.ratis.thirdparty.io.netty.channel.nio.NioEventLoop.run(NioEventLoop.java:458)
	at org.apache.ratis.thirdparty.io.netty.util.concurrent.SingleThreadEventExecutor$5.run(SingleThreadEventExecutor.java:897)
	at org.apache.ratis.thirdparty.io.netty.util.concurrent.FastThreadLocalRunnable.run(FastThreadLocalRunnable.java:30)
	... 1 more
Caused by: java.net.ConnectException: Connection refused
	... 11 more
2019-10-17 05:57:19,622 [9f06b4c9-079f-4989-8935-c6be59ddc82e@group-0D1055093416-LeaderElection188] INFO  impl.RaftServerImpl (RaftServerImpl.java:setRole(184)) - 9f06b4c9-079f-4989-8935-c6be59ddc82e@group-0D1055093416: changes role from CANDIDATE to FOLLOWER at term 176 for DISCOVERED_A_NEW_TERM
2019-10-17 05:57:19,622 [9f06b4c9-079f-4989-8935-c6be59ddc82e@group-0D1055093416-LeaderElection188] INFO  impl.RoleInfo (RoleInfo.java:shutdownLeaderElection(134)) - 9f06b4c9-079f-4989-8935-c6be59ddc82e: shutdown LeaderElection
2019-10-17 05:57:19,623 [9f06b4c9-079f-4989-8935-c6be59ddc82e@group-0D1055093416-LeaderElection188] INFO  impl.RoleInfo (RoleInfo.java:updateAndGet(143)) - 9f06b4c9-079f-4989-8935-c6be59ddc82e: start FollowerState
2019-10-17 05:57:19,786 [Thread-1758] INFO  impl.FollowerState (FollowerState.java:run(108)) - 9f06b4c9-079f-4989-8935-c6be59ddc82e@group-0D1055093416-FollowerState: change to CANDIDATE, lastRpcTime:163ms, electionTimeout:163ms
2019-10-17 05:57:19,786 [Thread-1758] INFO  impl.RoleInfo (RoleInfo.java:shutdownFollowerState(121)) - 9f06b4c9-079f-4989-8935-c6be59ddc82e: shutdown FollowerState
2019-10-17 05:57:19,787 [Thread-1758] INFO  impl.RaftServerImpl (RaftServerImpl.java:setRole(184)) - 9f06b4c9-079f-4989-8935-c6be59ddc82e@group-0D1055093416: changes role from  FOLLOWER to CANDIDATE at term 176 for changeToCandidate
2019-10-17 05:57:19,787 [Thread-1758] INFO  impl.RoleInfo (RoleInfo.java:updateAndGet(143)) - 9f06b4c9-079f-4989-8935-c6be59ddc82e: start LeaderElection
2019-10-17 05:57:19,800 [9f06b4c9-079f-4989-8935-c6be59ddc82e@group-0D1055093416-LeaderElection189] INFO  impl.LeaderElection (LeaderElection.java:askForVotes(178)) - 9f06b4c9-079f-4989-8935-c6be59ddc82e@group-0D1055093416-LeaderElection189: begin an election at term 177 for -1: [9f06b4c9-079f-4989-8935-c6be59ddc82e:192.168.69.82:36391, b282f9e2-3bd4-452e-9c35-1adeacc39134:192.168.69.82:42567, 3ce2c7b7-3df7-42de-af28-9ba1d65ea84e:192.168.69.82:35388], old=null
2019-10-17 05:57:19,801 [9f06b4c9-079f-4989-8935-c6be59ddc82e@group-0D1055093416-LeaderElection189] INFO  impl.LeaderElection (LogUtils.java:infoOrTrace(149)) - 9f06b4c9-079f-4989-8935-c6be59ddc82e@group-0D1055093416-LeaderElection189 got exception when requesting votes: {}
java.util.concurrent.ExecutionException: org.apache.ratis.thirdparty.io.grpc.StatusRuntimeException: UNAVAILABLE: io exception
	at java.util.concurrent.FutureTask.report(FutureTask.java:122)
	at java.util.concurrent.FutureTask.get(FutureTask.java:192)
	at org.apache.ratis.server.impl.LeaderElection.waitForResults(LeaderElection.java:259)
	at org.apache.ratis.server.impl.LeaderElection.askForVotes(LeaderElection.java:197)
	at org.apache.ratis.server.impl.LeaderElection.run(LeaderElection.java:133)
	at java.lang.Thread.run(Thread.java:748)
Caused by: org.apache.ratis.thirdparty.io.grpc.StatusRuntimeException: UNAVAILABLE: io exception
	at org.apache.ratis.thirdparty.io.grpc.stub.ClientCalls.toStatusRuntimeException(ClientCalls.java:233)
	at org.apache.ratis.thirdparty.io.grpc.stub.ClientCalls.getUnchecked(ClientCalls.java:214)
	at org.apache.ratis.thirdparty.io.grpc.stub.ClientCalls.blockingUnaryCall(ClientCalls.java:139)
	at org.apache.ratis.proto.grpc.RaftServerProtocolServiceGrpc$RaftServerProtocolServiceBlockingStub.requestVote(RaftServerProtocolServiceGrpc.java:265)
	at org.apache.ratis.grpc.server.GrpcServerProtocolClient.requestVote(GrpcServerProtocolClient.java:99)
	at org.apache.ratis.grpc.server.GrpcService.requestVote(GrpcService.java:204)
	at org.apache.ratis.server.impl.LeaderElection.lambda$submitRequests$1(LeaderElection.java:234)
	at java.util.concurrent.FutureTask.run(FutureTask.java:266)
	at java.util.concurrent.Executors$RunnableAdapter.call(Executors.java:511)
	at java.util.concurrent.FutureTask.run(FutureTask.java:266)
	at java.util.concurrent.ThreadPoolExecutor.runWorker(ThreadPoolExecutor.java:1149)
	at java.util.concurrent.ThreadPoolExecutor$Worker.run(ThreadPoolExecutor.java:624)
	... 1 more
Caused by: org.apache.ratis.thirdparty.io.netty.channel.AbstractChannel$AnnotatedConnectException: Connection refused: /192.168.69.82:42567
	at sun.nio.ch.SocketChannelImpl.checkConnect(Native Method)
	at sun.nio.ch.SocketChannelImpl.finishConnect(SocketChannelImpl.java:717)
	at org.apache.ratis.thirdparty.io.netty.channel.socket.nio.NioSocketChannel.doFinishConnect(NioSocketChannel.java:327)
	at org.apache.ratis.thirdparty.io.netty.channel.nio.AbstractNioChannel$AbstractNioUnsafe.finishConnect(AbstractNioChannel.java:340)
	at org.apache.ratis.thirdparty.io.netty.channel.nio.NioEventLoop.processSelectedKey(NioEventLoop.java:632)
	at org.apache.ratis.thirdparty.io.netty.channel.nio.NioEventLoop.processSelectedKeysOptimized(NioEventLoop.java:579)
	at org.apache.ratis.thirdparty.io.netty.channel.nio.NioEventLoop.processSelectedKeys(NioEventLoop.java:496)
	at org.apache.ratis.thirdparty.io.netty.channel.nio.NioEventLoop.run(NioEventLoop.java:458)
	at org.apache.ratis.thirdparty.io.netty.util.concurrent.SingleThreadEventExecutor$5.run(SingleThreadEventExecutor.java:897)
	at org.apache.ratis.thirdparty.io.netty.util.concurrent.FastThreadLocalRunnable.run(FastThreadLocalRunnable.java:30)
	... 1 more
Caused by: java.net.ConnectException: Connection refused
	... 11 more
2019-10-17 05:57:19,803 [9f06b4c9-079f-4989-8935-c6be59ddc82e@group-0D1055093416-LeaderElection189] INFO  impl.LeaderElection (LogUtils.java:infoOrTrace(149)) - 9f06b4c9-079f-4989-8935-c6be59ddc82e@group-0D1055093416-LeaderElection189 got exception when requesting votes: {}
java.util.concurrent.ExecutionException: org.apache.ratis.thirdparty.io.grpc.StatusRuntimeException: UNAVAILABLE: io exception
	at java.util.concurrent.FutureTask.report(FutureTask.java:122)
	at java.util.concurrent.FutureTask.get(FutureTask.java:192)
	at org.apache.ratis.server.impl.LeaderElection.waitForResults(LeaderElection.java:259)
	at org.apache.ratis.server.impl.LeaderElection.askForVotes(LeaderElection.java:197)
	at org.apache.ratis.server.impl.LeaderElection.run(LeaderElection.java:133)
	at java.lang.Thread.run(Thread.java:748)
Caused by: org.apache.ratis.thirdparty.io.grpc.StatusRuntimeException: UNAVAILABLE: io exception
	at org.apache.ratis.thirdparty.io.grpc.stub.ClientCalls.toStatusRuntimeException(ClientCalls.java:233)
	at org.apache.ratis.thirdparty.io.grpc.stub.ClientCalls.getUnchecked(ClientCalls.java:214)
	at org.apache.ratis.thirdparty.io.grpc.stub.ClientCalls.blockingUnaryCall(ClientCalls.java:139)
	at org.apache.ratis.proto.grpc.RaftServerProtocolServiceGrpc$RaftServerProtocolServiceBlockingStub.requestVote(RaftServerProtocolServiceGrpc.java:265)
	at org.apache.ratis.grpc.server.GrpcServerProtocolClient.requestVote(GrpcServerProtocolClient.java:99)
	at org.apache.ratis.grpc.server.GrpcService.requestVote(GrpcService.java:204)
	at org.apache.ratis.server.impl.LeaderElection.lambda$submitRequests$1(LeaderElection.java:234)
	at java.util.concurrent.FutureTask.run(FutureTask.java:266)
	at java.util.concurrent.Executors$RunnableAdapter.call(Executors.java:511)
	at java.util.concurrent.FutureTask.run(FutureTask.java:266)
	at java.util.concurrent.ThreadPoolExecutor.runWorker(ThreadPoolExecutor.java:1149)
	at java.util.concurrent.ThreadPoolExecutor$Worker.run(ThreadPoolExecutor.java:624)
	... 1 more
Caused by: org.apache.ratis.thirdparty.io.netty.channel.AbstractChannel$AnnotatedConnectException: Connection refused: /192.168.69.82:35388
	at sun.nio.ch.SocketChannelImpl.checkConnect(Native Method)
	at sun.nio.ch.SocketChannelImpl.finishConnect(SocketChannelImpl.java:717)
	at org.apache.ratis.thirdparty.io.netty.channel.socket.nio.NioSocketChannel.doFinishConnect(NioSocketChannel.java:327)
	at org.apache.ratis.thirdparty.io.netty.channel.nio.AbstractNioChannel$AbstractNioUnsafe.finishConnect(AbstractNioChannel.java:340)
	at org.apache.ratis.thirdparty.io.netty.channel.nio.NioEventLoop.processSelectedKey(NioEventLoop.java:632)
	at org.apache.ratis.thirdparty.io.netty.channel.nio.NioEventLoop.processSelectedKeysOptimized(NioEventLoop.java:579)
	at org.apache.ratis.thirdparty.io.netty.channel.nio.NioEventLoop.processSelectedKeys(NioEventLoop.java:496)
	at org.apache.ratis.thirdparty.io.netty.channel.nio.NioEventLoop.run(NioEventLoop.java:458)
	at org.apache.ratis.thirdparty.io.netty.util.concurrent.SingleThreadEventExecutor$5.run(SingleThreadEventExecutor.java:897)
	at org.apache.ratis.thirdparty.io.netty.util.concurrent.FastThreadLocalRunnable.run(FastThreadLocalRunnable.java:30)
	... 1 more
Caused by: java.net.ConnectException: Connection refused
	... 11 more
2019-10-17 05:57:19,805 [9f06b4c9-079f-4989-8935-c6be59ddc82e@group-0D1055093416-LeaderElection189] INFO  impl.LeaderElection (LeaderElection.java:logAndReturn(56)) - 9f06b4c9-079f-4989-8935-c6be59ddc82e@group-0D1055093416-LeaderElection189: Election REJECTED; received 0 response(s) [] and 2 exception(s); 9f06b4c9-079f-4989-8935-c6be59ddc82e@group-0D1055093416:t177, leader=null, voted=9f06b4c9-079f-4989-8935-c6be59ddc82e, raftlog=9f06b4c9-079f-4989-8935-c6be59ddc82e@group-0D1055093416-SegmentedRaftLog:OPENED:c-1,f-1,i0, conf=-1: [9f06b4c9-079f-4989-8935-c6be59ddc82e:192.168.69.82:36391, b282f9e2-3bd4-452e-9c35-1adeacc39134:192.168.69.82:42567, 3ce2c7b7-3df7-42de-af28-9ba1d65ea84e:192.168.69.82:35388], old=null
2019-10-17 05:57:19,805 [9f06b4c9-079f-4989-8935-c6be59ddc82e@group-0D1055093416-LeaderElection189] INFO  impl.LeaderElection (LogUtils.java:infoOrTrace(149)) -   Exception 0: {}
java.util.concurrent.ExecutionException: org.apache.ratis.thirdparty.io.grpc.StatusRuntimeException: UNAVAILABLE: io exception
	at java.util.concurrent.FutureTask.report(FutureTask.java:122)
	at java.util.concurrent.FutureTask.get(FutureTask.java:192)
	at org.apache.ratis.server.impl.LeaderElection.waitForResults(LeaderElection.java:259)
	at org.apache.ratis.server.impl.LeaderElection.askForVotes(LeaderElection.java:197)
	at org.apache.ratis.server.impl.LeaderElection.run(LeaderElection.java:133)
	at java.lang.Thread.run(Thread.java:748)
Caused by: org.apache.ratis.thirdparty.io.grpc.StatusRuntimeException: UNAVAILABLE: io exception
	at org.apache.ratis.thirdparty.io.grpc.stub.ClientCalls.toStatusRuntimeException(ClientCalls.java:233)
	at org.apache.ratis.thirdparty.io.grpc.stub.ClientCalls.getUnchecked(ClientCalls.java:214)
	at org.apache.ratis.thirdparty.io.grpc.stub.ClientCalls.blockingUnaryCall(ClientCalls.java:139)
	at org.apache.ratis.proto.grpc.RaftServerProtocolServiceGrpc$RaftServerProtocolServiceBlockingStub.requestVote(RaftServerProtocolServiceGrpc.java:265)
	at org.apache.ratis.grpc.server.GrpcServerProtocolClient.requestVote(GrpcServerProtocolClient.java:99)
	at org.apache.ratis.grpc.server.GrpcService.requestVote(GrpcService.java:204)
	at org.apache.ratis.server.impl.LeaderElection.lambda$submitRequests$1(LeaderElection.java:234)
	at java.util.concurrent.FutureTask.run(FutureTask.java:266)
	at java.util.concurrent.Executors$RunnableAdapter.call(Executors.java:511)
	at java.util.concurrent.FutureTask.run(FutureTask.java:266)
	at java.util.concurrent.ThreadPoolExecutor.runWorker(ThreadPoolExecutor.java:1149)
	at java.util.concurrent.ThreadPoolExecutor$Worker.run(ThreadPoolExecutor.java:624)
	... 1 more
Caused by: org.apache.ratis.thirdparty.io.netty.channel.AbstractChannel$AnnotatedConnectException: Connection refused: /192.168.69.82:42567
	at sun.nio.ch.SocketChannelImpl.checkConnect(Native Method)
	at sun.nio.ch.SocketChannelImpl.finishConnect(SocketChannelImpl.java:717)
	at org.apache.ratis.thirdparty.io.netty.channel.socket.nio.NioSocketChannel.doFinishConnect(NioSocketChannel.java:327)
	at org.apache.ratis.thirdparty.io.netty.channel.nio.AbstractNioChannel$AbstractNioUnsafe.finishConnect(AbstractNioChannel.java:340)
	at org.apache.ratis.thirdparty.io.netty.channel.nio.NioEventLoop.processSelectedKey(NioEventLoop.java:632)
	at org.apache.ratis.thirdparty.io.netty.channel.nio.NioEventLoop.processSelectedKeysOptimized(NioEventLoop.java:579)
	at org.apache.ratis.thirdparty.io.netty.channel.nio.NioEventLoop.processSelectedKeys(NioEventLoop.java:496)
	at org.apache.ratis.thirdparty.io.netty.channel.nio.NioEventLoop.run(NioEventLoop.java:458)
	at org.apache.ratis.thirdparty.io.netty.util.concurrent.SingleThreadEventExecutor$5.run(SingleThreadEventExecutor.java:897)
	at org.apache.ratis.thirdparty.io.netty.util.concurrent.FastThreadLocalRunnable.run(FastThreadLocalRunnable.java:30)
	... 1 more
Caused by: java.net.ConnectException: Connection refused
	... 11 more
2019-10-17 05:57:19,805 [9f06b4c9-079f-4989-8935-c6be59ddc82e@group-0D1055093416-LeaderElection189] INFO  impl.LeaderElection (LogUtils.java:infoOrTrace(149)) -   Exception 1: {}
java.util.concurrent.ExecutionException: org.apache.ratis.thirdparty.io.grpc.StatusRuntimeException: UNAVAILABLE: io exception
	at java.util.concurrent.FutureTask.report(FutureTask.java:122)
	at java.util.concurrent.FutureTask.get(FutureTask.java:192)
	at org.apache.ratis.server.impl.LeaderElection.waitForResults(LeaderElection.java:259)
	at org.apache.ratis.server.impl.LeaderElection.askForVotes(LeaderElection.java:197)
	at org.apache.ratis.server.impl.LeaderElection.run(LeaderElection.java:133)
	at java.lang.Thread.run(Thread.java:748)
Caused by: org.apache.ratis.thirdparty.io.grpc.StatusRuntimeException: UNAVAILABLE: io exception
	at org.apache.ratis.thirdparty.io.grpc.stub.ClientCalls.toStatusRuntimeException(ClientCalls.java:233)
	at org.apache.ratis.thirdparty.io.grpc.stub.ClientCalls.getUnchecked(ClientCalls.java:214)
	at org.apache.ratis.thirdparty.io.grpc.stub.ClientCalls.blockingUnaryCall(ClientCalls.java:139)
	at org.apache.ratis.proto.grpc.RaftServerProtocolServiceGrpc$RaftServerProtocolServiceBlockingStub.requestVote(RaftServerProtocolServiceGrpc.java:265)
	at org.apache.ratis.grpc.server.GrpcServerProtocolClient.requestVote(GrpcServerProtocolClient.java:99)
	at org.apache.ratis.grpc.server.GrpcService.requestVote(GrpcService.java:204)
	at org.apache.ratis.server.impl.LeaderElection.lambda$submitRequests$1(LeaderElection.java:234)
	at java.util.concurrent.FutureTask.run(FutureTask.java:266)
	at java.util.concurrent.Executors$RunnableAdapter.call(Executors.java:511)
	at java.util.concurrent.FutureTask.run(FutureTask.java:266)
	at java.util.concurrent.ThreadPoolExecutor.runWorker(ThreadPoolExecutor.java:1149)
	at java.util.concurrent.ThreadPoolExecutor$Worker.run(ThreadPoolExecutor.java:624)
	... 1 more
Caused by: org.apache.ratis.thirdparty.io.netty.channel.AbstractChannel$AnnotatedConnectException: Connection refused: /192.168.69.82:35388
	at sun.nio.ch.SocketChannelImpl.checkConnect(Native Method)
	at sun.nio.ch.SocketChannelImpl.finishConnect(SocketChannelImpl.java:717)
	at org.apache.ratis.thirdparty.io.netty.channel.socket.nio.NioSocketChannel.doFinishConnect(NioSocketChannel.java:327)
	at org.apache.ratis.thirdparty.io.netty.channel.nio.AbstractNioChannel$AbstractNioUnsafe.finishConnect(AbstractNioChannel.java:340)
	at org.apache.ratis.thirdparty.io.netty.channel.nio.NioEventLoop.processSelectedKey(NioEventLoop.java:632)
	at org.apache.ratis.thirdparty.io.netty.channel.nio.NioEventLoop.processSelectedKeysOptimized(NioEventLoop.java:579)
	at org.apache.ratis.thirdparty.io.netty.channel.nio.NioEventLoop.processSelectedKeys(NioEventLoop.java:496)
	at org.apache.ratis.thirdparty.io.netty.channel.nio.NioEventLoop.run(NioEventLoop.java:458)
	at org.apache.ratis.thirdparty.io.netty.util.concurrent.SingleThreadEventExecutor$5.run(SingleThreadEventExecutor.java:897)
	at org.apache.ratis.thirdparty.io.netty.util.concurrent.FastThreadLocalRunnable.run(FastThreadLocalRunnable.java:30)
	... 1 more
Caused by: java.net.ConnectException: Connection refused
	... 11 more
2019-10-17 05:57:19,806 [9f06b4c9-079f-4989-8935-c6be59ddc82e@group-0D1055093416-LeaderElection189] INFO  impl.RaftServerImpl (RaftServerImpl.java:setRole(184)) - 9f06b4c9-079f-4989-8935-c6be59ddc82e@group-0D1055093416: changes role from CANDIDATE to FOLLOWER at term 177 for DISCOVERED_A_NEW_TERM
2019-10-17 05:57:19,806 [9f06b4c9-079f-4989-8935-c6be59ddc82e@group-0D1055093416-LeaderElection189] INFO  impl.RoleInfo (RoleInfo.java:shutdownLeaderElection(134)) - 9f06b4c9-079f-4989-8935-c6be59ddc82e: shutdown LeaderElection
2019-10-17 05:57:19,806 [9f06b4c9-079f-4989-8935-c6be59ddc82e@group-0D1055093416-LeaderElection189] INFO  impl.RoleInfo (RoleInfo.java:updateAndGet(143)) - 9f06b4c9-079f-4989-8935-c6be59ddc82e: start FollowerState
2019-10-17 05:57:19,986 [Thread-1762] INFO  impl.FollowerState (FollowerState.java:run(108)) - 9f06b4c9-079f-4989-8935-c6be59ddc82e@group-0D1055093416-FollowerState: change to CANDIDATE, lastRpcTime:180ms, electionTimeout:180ms
2019-10-17 05:57:19,987 [Thread-1762] INFO  impl.RoleInfo (RoleInfo.java:shutdownFollowerState(121)) - 9f06b4c9-079f-4989-8935-c6be59ddc82e: shutdown FollowerState
2019-10-17 05:57:19,987 [Thread-1762] INFO  impl.RaftServerImpl (RaftServerImpl.java:setRole(184)) - 9f06b4c9-079f-4989-8935-c6be59ddc82e@group-0D1055093416: changes role from  FOLLOWER to CANDIDATE at term 177 for changeToCandidate
2019-10-17 05:57:19,987 [Thread-1762] INFO  impl.RoleInfo (RoleInfo.java:updateAndGet(143)) - 9f06b4c9-079f-4989-8935-c6be59ddc82e: start LeaderElection
2019-10-17 05:57:20,001 [9f06b4c9-079f-4989-8935-c6be59ddc82e@group-0D1055093416-LeaderElection190] INFO  impl.LeaderElection (LeaderElection.java:askForVotes(178)) - 9f06b4c9-079f-4989-8935-c6be59ddc82e@group-0D1055093416-LeaderElection190: begin an election at term 178 for -1: [9f06b4c9-079f-4989-8935-c6be59ddc82e:192.168.69.82:36391, b282f9e2-3bd4-452e-9c35-1adeacc39134:192.168.69.82:42567, 3ce2c7b7-3df7-42de-af28-9ba1d65ea84e:192.168.69.82:35388], old=null
2019-10-17 05:57:20,002 [9f06b4c9-079f-4989-8935-c6be59ddc82e@group-0D1055093416-LeaderElection190] INFO  impl.LeaderElection (LogUtils.java:infoOrTrace(149)) - 9f06b4c9-079f-4989-8935-c6be59ddc82e@group-0D1055093416-LeaderElection190 got exception when requesting votes: {}
java.util.concurrent.ExecutionException: org.apache.ratis.thirdparty.io.grpc.StatusRuntimeException: UNAVAILABLE: io exception
	at java.util.concurrent.FutureTask.report(FutureTask.java:122)
	at java.util.concurrent.FutureTask.get(FutureTask.java:192)
	at org.apache.ratis.server.impl.LeaderElection.waitForResults(LeaderElection.java:259)
	at org.apache.ratis.server.impl.LeaderElection.askForVotes(LeaderElection.java:197)
	at org.apache.ratis.server.impl.LeaderElection.run(LeaderElection.java:133)
	at java.lang.Thread.run(Thread.java:748)
Caused by: org.apache.ratis.thirdparty.io.grpc.StatusRuntimeException: UNAVAILABLE: io exception
	at org.apache.ratis.thirdparty.io.grpc.stub.ClientCalls.toStatusRuntimeException(ClientCalls.java:233)
	at org.apache.ratis.thirdparty.io.grpc.stub.ClientCalls.getUnchecked(ClientCalls.java:214)
	at org.apache.ratis.thirdparty.io.grpc.stub.ClientCalls.blockingUnaryCall(ClientCalls.java:139)
	at org.apache.ratis.proto.grpc.RaftServerProtocolServiceGrpc$RaftServerProtocolServiceBlockingStub.requestVote(RaftServerProtocolServiceGrpc.java:265)
	at org.apache.ratis.grpc.server.GrpcServerProtocolClient.requestVote(GrpcServerProtocolClient.java:99)
	at org.apache.ratis.grpc.server.GrpcService.requestVote(GrpcService.java:204)
	at org.apache.ratis.server.impl.LeaderElection.lambda$submitRequests$1(LeaderElection.java:234)
	at java.util.concurrent.FutureTask.run(FutureTask.java:266)
	at java.util.concurrent.Executors$RunnableAdapter.call(Executors.java:511)
	at java.util.concurrent.FutureTask.run(FutureTask.java:266)
	at java.util.concurrent.ThreadPoolExecutor.runWorker(ThreadPoolExecutor.java:1149)
	at java.util.concurrent.ThreadPoolExecutor$Worker.run(ThreadPoolExecutor.java:624)
	... 1 more
Caused by: org.apache.ratis.thirdparty.io.netty.channel.AbstractChannel$AnnotatedConnectException: Connection refused: /192.168.69.82:42567
	at sun.nio.ch.SocketChannelImpl.checkConnect(Native Method)
	at sun.nio.ch.SocketChannelImpl.finishConnect(SocketChannelImpl.java:717)
	at org.apache.ratis.thirdparty.io.netty.channel.socket.nio.NioSocketChannel.doFinishConnect(NioSocketChannel.java:327)
	at org.apache.ratis.thirdparty.io.netty.channel.nio.AbstractNioChannel$AbstractNioUnsafe.finishConnect(AbstractNioChannel.java:340)
	at org.apache.ratis.thirdparty.io.netty.channel.nio.NioEventLoop.processSelectedKey(NioEventLoop.java:632)
	at org.apache.ratis.thirdparty.io.netty.channel.nio.NioEventLoop.processSelectedKeysOptimized(NioEventLoop.java:579)
	at org.apache.ratis.thirdparty.io.netty.channel.nio.NioEventLoop.processSelectedKeys(NioEventLoop.java:496)
	at org.apache.ratis.thirdparty.io.netty.channel.nio.NioEventLoop.run(NioEventLoop.java:458)
	at org.apache.ratis.thirdparty.io.netty.util.concurrent.SingleThreadEventExecutor$5.run(SingleThreadEventExecutor.java:897)
	at org.apache.ratis.thirdparty.io.netty.util.concurrent.FastThreadLocalRunnable.run(FastThreadLocalRunnable.java:30)
	... 1 more
Caused by: java.net.ConnectException: Connection refused
	... 11 more
2019-10-17 05:57:20,004 [9f06b4c9-079f-4989-8935-c6be59ddc82e@group-0D1055093416-LeaderElection190] INFO  impl.LeaderElection (LogUtils.java:infoOrTrace(149)) - 9f06b4c9-079f-4989-8935-c6be59ddc82e@group-0D1055093416-LeaderElection190 got exception when requesting votes: {}
java.util.concurrent.ExecutionException: org.apache.ratis.thirdparty.io.grpc.StatusRuntimeException: UNAVAILABLE: io exception
	at java.util.concurrent.FutureTask.report(FutureTask.java:122)
	at java.util.concurrent.FutureTask.get(FutureTask.java:192)
	at org.apache.ratis.server.impl.LeaderElection.waitForResults(LeaderElection.java:259)
	at org.apache.ratis.server.impl.LeaderElection.askForVotes(LeaderElection.java:197)
	at org.apache.ratis.server.impl.LeaderElection.run(LeaderElection.java:133)
	at java.lang.Thread.run(Thread.java:748)
Caused by: org.apache.ratis.thirdparty.io.grpc.StatusRuntimeException: UNAVAILABLE: io exception
	at org.apache.ratis.thirdparty.io.grpc.stub.ClientCalls.toStatusRuntimeException(ClientCalls.java:233)
	at org.apache.ratis.thirdparty.io.grpc.stub.ClientCalls.getUnchecked(ClientCalls.java:214)
	at org.apache.ratis.thirdparty.io.grpc.stub.ClientCalls.blockingUnaryCall(ClientCalls.java:139)
	at org.apache.ratis.proto.grpc.RaftServerProtocolServiceGrpc$RaftServerProtocolServiceBlockingStub.requestVote(RaftServerProtocolServiceGrpc.java:265)
	at org.apache.ratis.grpc.server.GrpcServerProtocolClient.requestVote(GrpcServerProtocolClient.java:99)
	at org.apache.ratis.grpc.server.GrpcService.requestVote(GrpcService.java:204)
	at org.apache.ratis.server.impl.LeaderElection.lambda$submitRequests$1(LeaderElection.java:234)
	at java.util.concurrent.FutureTask.run(FutureTask.java:266)
	at java.util.concurrent.Executors$RunnableAdapter.call(Executors.java:511)
	at java.util.concurrent.FutureTask.run(FutureTask.java:266)
	at java.util.concurrent.ThreadPoolExecutor.runWorker(ThreadPoolExecutor.java:1149)
	at java.util.concurrent.ThreadPoolExecutor$Worker.run(ThreadPoolExecutor.java:624)
	... 1 more
Caused by: org.apache.ratis.thirdparty.io.netty.channel.AbstractChannel$AnnotatedConnectException: Connection refused: /192.168.69.82:35388
	at sun.nio.ch.SocketChannelImpl.checkConnect(Native Method)
	at sun.nio.ch.SocketChannelImpl.finishConnect(SocketChannelImpl.java:717)
	at org.apache.ratis.thirdparty.io.netty.channel.socket.nio.NioSocketChannel.doFinishConnect(NioSocketChannel.java:327)
	at org.apache.ratis.thirdparty.io.netty.channel.nio.AbstractNioChannel$AbstractNioUnsafe.finishConnect(AbstractNioChannel.java:340)
	at org.apache.ratis.thirdparty.io.netty.channel.nio.NioEventLoop.processSelectedKey(NioEventLoop.java:632)
	at org.apache.ratis.thirdparty.io.netty.channel.nio.NioEventLoop.processSelectedKeysOptimized(NioEventLoop.java:579)
	at org.apache.ratis.thirdparty.io.netty.channel.nio.NioEventLoop.processSelectedKeys(NioEventLoop.java:496)
	at org.apache.ratis.thirdparty.io.netty.channel.nio.NioEventLoop.run(NioEventLoop.java:458)
	at org.apache.ratis.thirdparty.io.netty.util.concurrent.SingleThreadEventExecutor$5.run(SingleThreadEventExecutor.java:897)
	at org.apache.ratis.thirdparty.io.netty.util.concurrent.FastThreadLocalRunnable.run(FastThreadLocalRunnable.java:30)
	... 1 more
Caused by: java.net.ConnectException: Connection refused
	... 11 more
2019-10-17 05:57:20,006 [9f06b4c9-079f-4989-8935-c6be59ddc82e@group-0D1055093416-LeaderElection190] INFO  impl.LeaderElection (LeaderElection.java:logAndReturn(56)) - 9f06b4c9-079f-4989-8935-c6be59ddc82e@group-0D1055093416-LeaderElection190: Election REJECTED; received 0 response(s) [] and 2 exception(s); 9f06b4c9-079f-4989-8935-c6be59ddc82e@group-0D1055093416:t178, leader=null, voted=9f06b4c9-079f-4989-8935-c6be59ddc82e, raftlog=9f06b4c9-079f-4989-8935-c6be59ddc82e@group-0D1055093416-SegmentedRaftLog:OPENED:c-1,f-1,i0, conf=-1: [9f06b4c9-079f-4989-8935-c6be59ddc82e:192.168.69.82:36391, b282f9e2-3bd4-452e-9c35-1adeacc39134:192.168.69.82:42567, 3ce2c7b7-3df7-42de-af28-9ba1d65ea84e:192.168.69.82:35388], old=null
2019-10-17 05:57:20,006 [9f06b4c9-079f-4989-8935-c6be59ddc82e@group-0D1055093416-LeaderElection190] INFO  impl.LeaderElection (LogUtils.java:infoOrTrace(149)) -   Exception 0: {}
java.util.concurrent.ExecutionException: org.apache.ratis.thirdparty.io.grpc.StatusRuntimeException: UNAVAILABLE: io exception
	at java.util.concurrent.FutureTask.report(FutureTask.java:122)
	at java.util.concurrent.FutureTask.get(FutureTask.java:192)
	at org.apache.ratis.server.impl.LeaderElection.waitForResults(LeaderElection.java:259)
	at org.apache.ratis.server.impl.LeaderElection.askForVotes(LeaderElection.java:197)
	at org.apache.ratis.server.impl.LeaderElection.run(LeaderElection.java:133)
	at java.lang.Thread.run(Thread.java:748)
Caused by: org.apache.ratis.thirdparty.io.grpc.StatusRuntimeException: UNAVAILABLE: io exception
	at org.apache.ratis.thirdparty.io.grpc.stub.ClientCalls.toStatusRuntimeException(ClientCalls.java:233)
	at org.apache.ratis.thirdparty.io.grpc.stub.ClientCalls.getUnchecked(ClientCalls.java:214)
	at org.apache.ratis.thirdparty.io.grpc.stub.ClientCalls.blockingUnaryCall(ClientCalls.java:139)
	at org.apache.ratis.proto.grpc.RaftServerProtocolServiceGrpc$RaftServerProtocolServiceBlockingStub.requestVote(RaftServerProtocolServiceGrpc.java:265)
	at org.apache.ratis.grpc.server.GrpcServerProtocolClient.requestVote(GrpcServerProtocolClient.java:99)
	at org.apache.ratis.grpc.server.GrpcService.requestVote(GrpcService.java:204)
	at org.apache.ratis.server.impl.LeaderElection.lambda$submitRequests$1(LeaderElection.java:234)
	at java.util.concurrent.FutureTask.run(FutureTask.java:266)
	at java.util.concurrent.Executors$RunnableAdapter.call(Executors.java:511)
	at java.util.concurrent.FutureTask.run(FutureTask.java:266)
	at java.util.concurrent.ThreadPoolExecutor.runWorker(ThreadPoolExecutor.java:1149)
	at java.util.concurrent.ThreadPoolExecutor$Worker.run(ThreadPoolExecutor.java:624)
	... 1 more
Caused by: org.apache.ratis.thirdparty.io.netty.channel.AbstractChannel$AnnotatedConnectException: Connection refused: /192.168.69.82:42567
	at sun.nio.ch.SocketChannelImpl.checkConnect(Native Method)
	at sun.nio.ch.SocketChannelImpl.finishConnect(SocketChannelImpl.java:717)
	at org.apache.ratis.thirdparty.io.netty.channel.socket.nio.NioSocketChannel.doFinishConnect(NioSocketChannel.java:327)
	at org.apache.ratis.thirdparty.io.netty.channel.nio.AbstractNioChannel$AbstractNioUnsafe.finishConnect(AbstractNioChannel.java:340)
	at org.apache.ratis.thirdparty.io.netty.channel.nio.NioEventLoop.processSelectedKey(NioEventLoop.java:632)
	at org.apache.ratis.thirdparty.io.netty.channel.nio.NioEventLoop.processSelectedKeysOptimized(NioEventLoop.java:579)
	at org.apache.ratis.thirdparty.io.netty.channel.nio.NioEventLoop.processSelectedKeys(NioEventLoop.java:496)
	at org.apache.ratis.thirdparty.io.netty.channel.nio.NioEventLoop.run(NioEventLoop.java:458)
	at org.apache.ratis.thirdparty.io.netty.util.concurrent.SingleThreadEventExecutor$5.run(SingleThreadEventExecutor.java:897)
	at org.apache.ratis.thirdparty.io.netty.util.concurrent.FastThreadLocalRunnable.run(FastThreadLocalRunnable.java:30)
	... 1 more
Caused by: java.net.ConnectException: Connection refused
	... 11 more
2019-10-17 05:57:20,007 [9f06b4c9-079f-4989-8935-c6be59ddc82e@group-0D1055093416-LeaderElection190] INFO  impl.LeaderElection (LogUtils.java:infoOrTrace(149)) -   Exception 1: {}
java.util.concurrent.ExecutionException: org.apache.ratis.thirdparty.io.grpc.StatusRuntimeException: UNAVAILABLE: io exception
	at java.util.concurrent.FutureTask.report(FutureTask.java:122)
	at java.util.concurrent.FutureTask.get(FutureTask.java:192)
	at org.apache.ratis.server.impl.LeaderElection.waitForResults(LeaderElection.java:259)
	at org.apache.ratis.server.impl.LeaderElection.askForVotes(LeaderElection.java:197)
	at org.apache.ratis.server.impl.LeaderElection.run(LeaderElection.java:133)
	at java.lang.Thread.run(Thread.java:748)
Caused by: org.apache.ratis.thirdparty.io.grpc.StatusRuntimeException: UNAVAILABLE: io exception
	at org.apache.ratis.thirdparty.io.grpc.stub.ClientCalls.toStatusRuntimeException(ClientCalls.java:233)
	at org.apache.ratis.thirdparty.io.grpc.stub.ClientCalls.getUnchecked(ClientCalls.java:214)
	at org.apache.ratis.thirdparty.io.grpc.stub.ClientCalls.blockingUnaryCall(ClientCalls.java:139)
	at org.apache.ratis.proto.grpc.RaftServerProtocolServiceGrpc$RaftServerProtocolServiceBlockingStub.requestVote(RaftServerProtocolServiceGrpc.java:265)
	at org.apache.ratis.grpc.server.GrpcServerProtocolClient.requestVote(GrpcServerProtocolClient.java:99)
	at org.apache.ratis.grpc.server.GrpcService.requestVote(GrpcService.java:204)
	at org.apache.ratis.server.impl.LeaderElection.lambda$submitRequests$1(LeaderElection.java:234)
	at java.util.concurrent.FutureTask.run(FutureTask.java:266)
	at java.util.concurrent.Executors$RunnableAdapter.call(Executors.java:511)
	at java.util.concurrent.FutureTask.run(FutureTask.java:266)
	at java.util.concurrent.ThreadPoolExecutor.runWorker(ThreadPoolExecutor.java:1149)
	at java.util.concurrent.ThreadPoolExecutor$Worker.run(ThreadPoolExecutor.java:624)
	... 1 more
Caused by: org.apache.ratis.thirdparty.io.netty.channel.AbstractChannel$AnnotatedConnectException: Connection refused: /192.168.69.82:35388
	at sun.nio.ch.SocketChannelImpl.checkConnect(Native Method)
	at sun.nio.ch.SocketChannelImpl.finishConnect(SocketChannelImpl.java:717)
	at org.apache.ratis.thirdparty.io.netty.channel.socket.nio.NioSocketChannel.doFinishConnect(NioSocketChannel.java:327)
	at org.apache.ratis.thirdparty.io.netty.channel.nio.AbstractNioChannel$AbstractNioUnsafe.finishConnect(AbstractNioChannel.java:340)
	at org.apache.ratis.thirdparty.io.netty.channel.nio.NioEventLoop.processSelectedKey(NioEventLoop.java:632)
	at org.apache.ratis.thirdparty.io.netty.channel.nio.NioEventLoop.processSelectedKeysOptimized(NioEventLoop.java:579)
	at org.apache.ratis.thirdparty.io.netty.channel.nio.NioEventLoop.processSelectedKeys(NioEventLoop.java:496)
	at org.apache.ratis.thirdparty.io.netty.channel.nio.NioEventLoop.run(NioEventLoop.java:458)
	at org.apache.ratis.thirdparty.io.netty.util.concurrent.SingleThreadEventExecutor$5.run(SingleThreadEventExecutor.java:897)
	at org.apache.ratis.thirdparty.io.netty.util.concurrent.FastThreadLocalRunnable.run(FastThreadLocalRunnable.java:30)
	... 1 more
Caused by: java.net.ConnectException: Connection refused
	... 11 more
2019-10-17 05:57:20,007 [9f06b4c9-079f-4989-8935-c6be59ddc82e@group-0D1055093416-LeaderElection190] INFO  impl.RaftServerImpl (RaftServerImpl.java:setRole(184)) - 9f06b4c9-079f-4989-8935-c6be59ddc82e@group-0D1055093416: changes role from CANDIDATE to FOLLOWER at term 178 for DISCOVERED_A_NEW_TERM
2019-10-17 05:57:20,007 [9f06b4c9-079f-4989-8935-c6be59ddc82e@group-0D1055093416-LeaderElection190] INFO  impl.RoleInfo (RoleInfo.java:shutdownLeaderElection(134)) - 9f06b4c9-079f-4989-8935-c6be59ddc82e: shutdown LeaderElection
2019-10-17 05:57:20,007 [9f06b4c9-079f-4989-8935-c6be59ddc82e@group-0D1055093416-LeaderElection190] INFO  impl.RoleInfo (RoleInfo.java:updateAndGet(143)) - 9f06b4c9-079f-4989-8935-c6be59ddc82e: start FollowerState
2019-10-17 05:57:20,086 [Thread-1768] INFO  impl.FollowerState (FollowerState.java:run(108)) - 9f06b4c9-079f-4989-8935-c6be59ddc82e@group-0D1055093416-FollowerState: change to CANDIDATE, lastRpcTime:78ms, electionTimeout:78ms
2019-10-17 05:57:20,086 [Thread-1768] INFO  impl.RoleInfo (RoleInfo.java:shutdownFollowerState(121)) - 9f06b4c9-079f-4989-8935-c6be59ddc82e: shutdown FollowerState
2019-10-17 05:57:20,086 [Thread-1768] INFO  impl.RaftServerImpl (RaftServerImpl.java:setRole(184)) - 9f06b4c9-079f-4989-8935-c6be59ddc82e@group-0D1055093416: changes role from  FOLLOWER to CANDIDATE at term 178 for changeToCandidate
2019-10-17 05:57:20,086 [Thread-1768] INFO  impl.RoleInfo (RoleInfo.java:updateAndGet(143)) - 9f06b4c9-079f-4989-8935-c6be59ddc82e: start LeaderElection
2019-10-17 05:57:20,100 [9f06b4c9-079f-4989-8935-c6be59ddc82e@group-0D1055093416-LeaderElection191] INFO  impl.LeaderElection (LeaderElection.java:askForVotes(178)) - 9f06b4c9-079f-4989-8935-c6be59ddc82e@group-0D1055093416-LeaderElection191: begin an election at term 179 for -1: [9f06b4c9-079f-4989-8935-c6be59ddc82e:192.168.69.82:36391, b282f9e2-3bd4-452e-9c35-1adeacc39134:192.168.69.82:42567, 3ce2c7b7-3df7-42de-af28-9ba1d65ea84e:192.168.69.82:35388], old=null
2019-10-17 05:57:20,100 [9f06b4c9-079f-4989-8935-c6be59ddc82e@group-0D1055093416-LeaderElection191] INFO  impl.LeaderElection (LogUtils.java:infoOrTrace(149)) - 9f06b4c9-079f-4989-8935-c6be59ddc82e@group-0D1055093416-LeaderElection191 got exception when requesting votes: {}
java.util.concurrent.ExecutionException: org.apache.ratis.thirdparty.io.grpc.StatusRuntimeException: UNAVAILABLE: io exception
	at java.util.concurrent.FutureTask.report(FutureTask.java:122)
	at java.util.concurrent.FutureTask.get(FutureTask.java:192)
	at org.apache.ratis.server.impl.LeaderElection.waitForResults(LeaderElection.java:259)
	at org.apache.ratis.server.impl.LeaderElection.askForVotes(LeaderElection.java:197)
	at org.apache.ratis.server.impl.LeaderElection.run(LeaderElection.java:133)
	at java.lang.Thread.run(Thread.java:748)
Caused by: org.apache.ratis.thirdparty.io.grpc.StatusRuntimeException: UNAVAILABLE: io exception
	at org.apache.ratis.thirdparty.io.grpc.stub.ClientCalls.toStatusRuntimeException(ClientCalls.java:233)
	at org.apache.ratis.thirdparty.io.grpc.stub.ClientCalls.getUnchecked(ClientCalls.java:214)
	at org.apache.ratis.thirdparty.io.grpc.stub.ClientCalls.blockingUnaryCall(ClientCalls.java:139)
	at org.apache.ratis.proto.grpc.RaftServerProtocolServiceGrpc$RaftServerProtocolServiceBlockingStub.requestVote(RaftServerProtocolServiceGrpc.java:265)
	at org.apache.ratis.grpc.server.GrpcServerProtocolClient.requestVote(GrpcServerProtocolClient.java:99)
	at org.apache.ratis.grpc.server.GrpcService.requestVote(GrpcService.java:204)
	at org.apache.ratis.server.impl.LeaderElection.lambda$submitRequests$1(LeaderElection.java:234)
	at java.util.concurrent.FutureTask.run(FutureTask.java:266)
	at java.util.concurrent.Executors$RunnableAdapter.call(Executors.java:511)
	at java.util.concurrent.FutureTask.run(FutureTask.java:266)
	at java.util.concurrent.ThreadPoolExecutor.runWorker(ThreadPoolExecutor.java:1149)
	at java.util.concurrent.ThreadPoolExecutor$Worker.run(ThreadPoolExecutor.java:624)
	... 1 more
Caused by: org.apache.ratis.thirdparty.io.netty.channel.AbstractChannel$AnnotatedConnectException: Connection refused: /192.168.69.82:42567
	at sun.nio.ch.SocketChannelImpl.checkConnect(Native Method)
	at sun.nio.ch.SocketChannelImpl.finishConnect(SocketChannelImpl.java:717)
	at org.apache.ratis.thirdparty.io.netty.channel.socket.nio.NioSocketChannel.doFinishConnect(NioSocketChannel.java:327)
	at org.apache.ratis.thirdparty.io.netty.channel.nio.AbstractNioChannel$AbstractNioUnsafe.finishConnect(AbstractNioChannel.java:340)
	at org.apache.ratis.thirdparty.io.netty.channel.nio.NioEventLoop.processSelectedKey(NioEventLoop.java:632)
	at org.apache.ratis.thirdparty.io.netty.channel.nio.NioEventLoop.processSelectedKeysOptimized(NioEventLoop.java:579)
	at org.apache.ratis.thirdparty.io.netty.channel.nio.NioEventLoop.processSelectedKeys(NioEventLoop.java:496)
	at org.apache.ratis.thirdparty.io.netty.channel.nio.NioEventLoop.run(NioEventLoop.java:458)
	at org.apache.ratis.thirdparty.io.netty.util.concurrent.SingleThreadEventExecutor$5.run(SingleThreadEventExecutor.java:897)
	at org.apache.ratis.thirdparty.io.netty.util.concurrent.FastThreadLocalRunnable.run(FastThreadLocalRunnable.java:30)
	... 1 more
Caused by: java.net.ConnectException: Connection refused
	... 11 more
2019-10-17 05:57:20,103 [9f06b4c9-079f-4989-8935-c6be59ddc82e@group-0D1055093416-LeaderElection191] INFO  impl.LeaderElection (LogUtils.java:infoOrTrace(149)) - 9f06b4c9-079f-4989-8935-c6be59ddc82e@group-0D1055093416-LeaderElection191 got exception when requesting votes: {}
java.util.concurrent.ExecutionException: org.apache.ratis.thirdparty.io.grpc.StatusRuntimeException: UNAVAILABLE: io exception
	at java.util.concurrent.FutureTask.report(FutureTask.java:122)
	at java.util.concurrent.FutureTask.get(FutureTask.java:192)
	at org.apache.ratis.server.impl.LeaderElection.waitForResults(LeaderElection.java:259)
	at org.apache.ratis.server.impl.LeaderElection.askForVotes(LeaderElection.java:197)
	at org.apache.ratis.server.impl.LeaderElection.run(LeaderElection.java:133)
	at java.lang.Thread.run(Thread.java:748)
Caused by: org.apache.ratis.thirdparty.io.grpc.StatusRuntimeException: UNAVAILABLE: io exception
	at org.apache.ratis.thirdparty.io.grpc.stub.ClientCalls.toStatusRuntimeException(ClientCalls.java:233)
	at org.apache.ratis.thirdparty.io.grpc.stub.ClientCalls.getUnchecked(ClientCalls.java:214)
	at org.apache.ratis.thirdparty.io.grpc.stub.ClientCalls.blockingUnaryCall(ClientCalls.java:139)
	at org.apache.ratis.proto.grpc.RaftServerProtocolServiceGrpc$RaftServerProtocolServiceBlockingStub.requestVote(RaftServerProtocolServiceGrpc.java:265)
	at org.apache.ratis.grpc.server.GrpcServerProtocolClient.requestVote(GrpcServerProtocolClient.java:99)
	at org.apache.ratis.grpc.server.GrpcService.requestVote(GrpcService.java:204)
	at org.apache.ratis.server.impl.LeaderElection.lambda$submitRequests$1(LeaderElection.java:234)
	at java.util.concurrent.FutureTask.run(FutureTask.java:266)
	at java.util.concurrent.Executors$RunnableAdapter.call(Executors.java:511)
	at java.util.concurrent.FutureTask.run(FutureTask.java:266)
	at java.util.concurrent.ThreadPoolExecutor.runWorker(ThreadPoolExecutor.java:1149)
	at java.util.concurrent.ThreadPoolExecutor$Worker.run(ThreadPoolExecutor.java:624)
	... 1 more
Caused by: org.apache.ratis.thirdparty.io.netty.channel.AbstractChannel$AnnotatedConnectException: Connection refused: /192.168.69.82:35388
	at sun.nio.ch.SocketChannelImpl.checkConnect(Native Method)
	at sun.nio.ch.SocketChannelImpl.finishConnect(SocketChannelImpl.java:717)
	at org.apache.ratis.thirdparty.io.netty.channel.socket.nio.NioSocketChannel.doFinishConnect(NioSocketChannel.java:327)
	at org.apache.ratis.thirdparty.io.netty.channel.nio.AbstractNioChannel$AbstractNioUnsafe.finishConnect(AbstractNioChannel.java:340)
	at org.apache.ratis.thirdparty.io.netty.channel.nio.NioEventLoop.processSelectedKey(NioEventLoop.java:632)
	at org.apache.ratis.thirdparty.io.netty.channel.nio.NioEventLoop.processSelectedKeysOptimized(NioEventLoop.java:579)
	at org.apache.ratis.thirdparty.io.netty.channel.nio.NioEventLoop.processSelectedKeys(NioEventLoop.java:496)
	at org.apache.ratis.thirdparty.io.netty.channel.nio.NioEventLoop.run(NioEventLoop.java:458)
	at org.apache.ratis.thirdparty.io.netty.util.concurrent.SingleThreadEventExecutor$5.run(SingleThreadEventExecutor.java:897)
	at org.apache.ratis.thirdparty.io.netty.util.concurrent.FastThreadLocalRunnable.run(FastThreadLocalRunnable.java:30)
	... 1 more
Caused by: java.net.ConnectException: Connection refused
	... 11 more
2019-10-17 05:57:20,105 [9f06b4c9-079f-4989-8935-c6be59ddc82e@group-0D1055093416-LeaderElection191] INFO  impl.LeaderElection (LeaderElection.java:logAndReturn(56)) - 9f06b4c9-079f-4989-8935-c6be59ddc82e@group-0D1055093416-LeaderElection191: Election REJECTED; received 0 response(s) [] and 2 exception(s); 9f06b4c9-079f-4989-8935-c6be59ddc82e@group-0D1055093416:t179, leader=null, voted=9f06b4c9-079f-4989-8935-c6be59ddc82e, raftlog=9f06b4c9-079f-4989-8935-c6be59ddc82e@group-0D1055093416-SegmentedRaftLog:OPENED:c-1,f-1,i0, conf=-1: [9f06b4c9-079f-4989-8935-c6be59ddc82e:192.168.69.82:36391, b282f9e2-3bd4-452e-9c35-1adeacc39134:192.168.69.82:42567, 3ce2c7b7-3df7-42de-af28-9ba1d65ea84e:192.168.69.82:35388], old=null
2019-10-17 05:57:20,105 [9f06b4c9-079f-4989-8935-c6be59ddc82e@group-0D1055093416-LeaderElection191] INFO  impl.LeaderElection (LogUtils.java:infoOrTrace(149)) -   Exception 0: {}
java.util.concurrent.ExecutionException: org.apache.ratis.thirdparty.io.grpc.StatusRuntimeException: UNAVAILABLE: io exception
	at java.util.concurrent.FutureTask.report(FutureTask.java:122)
	at java.util.concurrent.FutureTask.get(FutureTask.java:192)
	at org.apache.ratis.server.impl.LeaderElection.waitForResults(LeaderElection.java:259)
	at org.apache.ratis.server.impl.LeaderElection.askForVotes(LeaderElection.java:197)
	at org.apache.ratis.server.impl.LeaderElection.run(LeaderElection.java:133)
	at java.lang.Thread.run(Thread.java:748)
Caused by: org.apache.ratis.thirdparty.io.grpc.StatusRuntimeException: UNAVAILABLE: io exception
	at org.apache.ratis.thirdparty.io.grpc.stub.ClientCalls.toStatusRuntimeException(ClientCalls.java:233)
	at org.apache.ratis.thirdparty.io.grpc.stub.ClientCalls.getUnchecked(ClientCalls.java:214)
	at org.apache.ratis.thirdparty.io.grpc.stub.ClientCalls.blockingUnaryCall(ClientCalls.java:139)
	at org.apache.ratis.proto.grpc.RaftServerProtocolServiceGrpc$RaftServerProtocolServiceBlockingStub.requestVote(RaftServerProtocolServiceGrpc.java:265)
	at org.apache.ratis.grpc.server.GrpcServerProtocolClient.requestVote(GrpcServerProtocolClient.java:99)
	at org.apache.ratis.grpc.server.GrpcService.requestVote(GrpcService.java:204)
	at org.apache.ratis.server.impl.LeaderElection.lambda$submitRequests$1(LeaderElection.java:234)
	at java.util.concurrent.FutureTask.run(FutureTask.java:266)
	at java.util.concurrent.Executors$RunnableAdapter.call(Executors.java:511)
	at java.util.concurrent.FutureTask.run(FutureTask.java:266)
	at java.util.concurrent.ThreadPoolExecutor.runWorker(ThreadPoolExecutor.java:1149)
	at java.util.concurrent.ThreadPoolExecutor$Worker.run(ThreadPoolExecutor.java:624)
	... 1 more
Caused by: org.apache.ratis.thirdparty.io.netty.channel.AbstractChannel$AnnotatedConnectException: Connection refused: /192.168.69.82:42567
	at sun.nio.ch.SocketChannelImpl.checkConnect(Native Method)
	at sun.nio.ch.SocketChannelImpl.finishConnect(SocketChannelImpl.java:717)
	at org.apache.ratis.thirdparty.io.netty.channel.socket.nio.NioSocketChannel.doFinishConnect(NioSocketChannel.java:327)
	at org.apache.ratis.thirdparty.io.netty.channel.nio.AbstractNioChannel$AbstractNioUnsafe.finishConnect(AbstractNioChannel.java:340)
	at org.apache.ratis.thirdparty.io.netty.channel.nio.NioEventLoop.processSelectedKey(NioEventLoop.java:632)
	at org.apache.ratis.thirdparty.io.netty.channel.nio.NioEventLoop.processSelectedKeysOptimized(NioEventLoop.java:579)
	at org.apache.ratis.thirdparty.io.netty.channel.nio.NioEventLoop.processSelectedKeys(NioEventLoop.java:496)
	at org.apache.ratis.thirdparty.io.netty.channel.nio.NioEventLoop.run(NioEventLoop.java:458)
	at org.apache.ratis.thirdparty.io.netty.util.concurrent.SingleThreadEventExecutor$5.run(SingleThreadEventExecutor.java:897)
	at org.apache.ratis.thirdparty.io.netty.util.concurrent.FastThreadLocalRunnable.run(FastThreadLocalRunnable.java:30)
	... 1 more
Caused by: java.net.ConnectException: Connection refused
	... 11 more
2019-10-17 05:57:20,105 [9f06b4c9-079f-4989-8935-c6be59ddc82e@group-0D1055093416-LeaderElection191] INFO  impl.LeaderElection (LogUtils.java:infoOrTrace(149)) -   Exception 1: {}
java.util.concurrent.ExecutionException: org.apache.ratis.thirdparty.io.grpc.StatusRuntimeException: UNAVAILABLE: io exception
	at java.util.concurrent.FutureTask.report(FutureTask.java:122)
	at java.util.concurrent.FutureTask.get(FutureTask.java:192)
	at org.apache.ratis.server.impl.LeaderElection.waitForResults(LeaderElection.java:259)
	at org.apache.ratis.server.impl.LeaderElection.askForVotes(LeaderElection.java:197)
	at org.apache.ratis.server.impl.LeaderElection.run(LeaderElection.java:133)
	at java.lang.Thread.run(Thread.java:748)
Caused by: org.apache.ratis.thirdparty.io.grpc.StatusRuntimeException: UNAVAILABLE: io exception
	at org.apache.ratis.thirdparty.io.grpc.stub.ClientCalls.toStatusRuntimeException(ClientCalls.java:233)
	at org.apache.ratis.thirdparty.io.grpc.stub.ClientCalls.getUnchecked(ClientCalls.java:214)
	at org.apache.ratis.thirdparty.io.grpc.stub.ClientCalls.blockingUnaryCall(ClientCalls.java:139)
	at org.apache.ratis.proto.grpc.RaftServerProtocolServiceGrpc$RaftServerProtocolServiceBlockingStub.requestVote(RaftServerProtocolServiceGrpc.java:265)
	at org.apache.ratis.grpc.server.GrpcServerProtocolClient.requestVote(GrpcServerProtocolClient.java:99)
	at org.apache.ratis.grpc.server.GrpcService.requestVote(GrpcService.java:204)
	at org.apache.ratis.server.impl.LeaderElection.lambda$submitRequests$1(LeaderElection.java:234)
	at java.util.concurrent.FutureTask.run(FutureTask.java:266)
	at java.util.concurrent.Executors$RunnableAdapter.call(Executors.java:511)
	at java.util.concurrent.FutureTask.run(FutureTask.java:266)
	at java.util.concurrent.ThreadPoolExecutor.runWorker(ThreadPoolExecutor.java:1149)
	at java.util.concurrent.ThreadPoolExecutor$Worker.run(ThreadPoolExecutor.java:624)
	... 1 more
Caused by: org.apache.ratis.thirdparty.io.netty.channel.AbstractChannel$AnnotatedConnectException: Connection refused: /192.168.69.82:35388
	at sun.nio.ch.SocketChannelImpl.checkConnect(Native Method)
	at sun.nio.ch.SocketChannelImpl.finishConnect(SocketChannelImpl.java:717)
	at org.apache.ratis.thirdparty.io.netty.channel.socket.nio.NioSocketChannel.doFinishConnect(NioSocketChannel.java:327)
	at org.apache.ratis.thirdparty.io.netty.channel.nio.AbstractNioChannel$AbstractNioUnsafe.finishConnect(AbstractNioChannel.java:340)
	at org.apache.ratis.thirdparty.io.netty.channel.nio.NioEventLoop.processSelectedKey(NioEventLoop.java:632)
	at org.apache.ratis.thirdparty.io.netty.channel.nio.NioEventLoop.processSelectedKeysOptimized(NioEventLoop.java:579)
	at org.apache.ratis.thirdparty.io.netty.channel.nio.NioEventLoop.processSelectedKeys(NioEventLoop.java:496)
	at org.apache.ratis.thirdparty.io.netty.channel.nio.NioEventLoop.run(NioEventLoop.java:458)
	at org.apache.ratis.thirdparty.io.netty.util.concurrent.SingleThreadEventExecutor$5.run(SingleThreadEventExecutor.java:897)
	at org.apache.ratis.thirdparty.io.netty.util.concurrent.FastThreadLocalRunnable.run(FastThreadLocalRunnable.java:30)
	... 1 more
Caused by: java.net.ConnectException: Connection refused
	... 11 more
2019-10-17 05:57:20,106 [9f06b4c9-079f-4989-8935-c6be59ddc82e@group-0D1055093416-LeaderElection191] INFO  impl.RaftServerImpl (RaftServerImpl.java:setRole(184)) - 9f06b4c9-079f-4989-8935-c6be59ddc82e@group-0D1055093416: changes role from CANDIDATE to FOLLOWER at term 179 for DISCOVERED_A_NEW_TERM
2019-10-17 05:57:20,106 [9f06b4c9-079f-4989-8935-c6be59ddc82e@group-0D1055093416-LeaderElection191] INFO  impl.RoleInfo (RoleInfo.java:shutdownLeaderElection(134)) - 9f06b4c9-079f-4989-8935-c6be59ddc82e: shutdown LeaderElection
2019-10-17 05:57:20,106 [9f06b4c9-079f-4989-8935-c6be59ddc82e@group-0D1055093416-LeaderElection191] INFO  impl.RoleInfo (RoleInfo.java:updateAndGet(143)) - 9f06b4c9-079f-4989-8935-c6be59ddc82e: start FollowerState
2019-10-17 05:57:20,184 [Thread-1772] INFO  impl.FollowerState (FollowerState.java:run(108)) - 9f06b4c9-079f-4989-8935-c6be59ddc82e@group-0D1055093416-FollowerState: change to CANDIDATE, lastRpcTime:78ms, electionTimeout:78ms
2019-10-17 05:57:20,184 [Thread-1772] INFO  impl.RoleInfo (RoleInfo.java:shutdownFollowerState(121)) - 9f06b4c9-079f-4989-8935-c6be59ddc82e: shutdown FollowerState
2019-10-17 05:57:20,185 [Thread-1772] INFO  impl.RaftServerImpl (RaftServerImpl.java:setRole(184)) - 9f06b4c9-079f-4989-8935-c6be59ddc82e@group-0D1055093416: changes role from  FOLLOWER to CANDIDATE at term 179 for changeToCandidate
2019-10-17 05:57:20,185 [Thread-1772] INFO  impl.RoleInfo (RoleInfo.java:updateAndGet(143)) - 9f06b4c9-079f-4989-8935-c6be59ddc82e: start LeaderElection
2019-10-17 05:57:20,200 [9f06b4c9-079f-4989-8935-c6be59ddc82e@group-0D1055093416-LeaderElection192] INFO  impl.LeaderElection (LeaderElection.java:askForVotes(178)) - 9f06b4c9-079f-4989-8935-c6be59ddc82e@group-0D1055093416-LeaderElection192: begin an election at term 180 for -1: [9f06b4c9-079f-4989-8935-c6be59ddc82e:192.168.69.82:36391, b282f9e2-3bd4-452e-9c35-1adeacc39134:192.168.69.82:42567, 3ce2c7b7-3df7-42de-af28-9ba1d65ea84e:192.168.69.82:35388], old=null
2019-10-17 05:57:20,201 [9f06b4c9-079f-4989-8935-c6be59ddc82e@group-0D1055093416-LeaderElection192] INFO  impl.LeaderElection (LogUtils.java:infoOrTrace(149)) - 9f06b4c9-079f-4989-8935-c6be59ddc82e@group-0D1055093416-LeaderElection192 got exception when requesting votes: {}
java.util.concurrent.ExecutionException: org.apache.ratis.thirdparty.io.grpc.StatusRuntimeException: UNAVAILABLE: io exception
	at java.util.concurrent.FutureTask.report(FutureTask.java:122)
	at java.util.concurrent.FutureTask.get(FutureTask.java:192)
	at org.apache.ratis.server.impl.LeaderElection.waitForResults(LeaderElection.java:259)
	at org.apache.ratis.server.impl.LeaderElection.askForVotes(LeaderElection.java:197)
	at org.apache.ratis.server.impl.LeaderElection.run(LeaderElection.java:133)
	at java.lang.Thread.run(Thread.java:748)
Caused by: org.apache.ratis.thirdparty.io.grpc.StatusRuntimeException: UNAVAILABLE: io exception
	at org.apache.ratis.thirdparty.io.grpc.stub.ClientCalls.toStatusRuntimeException(ClientCalls.java:233)
	at org.apache.ratis.thirdparty.io.grpc.stub.ClientCalls.getUnchecked(ClientCalls.java:214)
	at org.apache.ratis.thirdparty.io.grpc.stub.ClientCalls.blockingUnaryCall(ClientCalls.java:139)
	at org.apache.ratis.proto.grpc.RaftServerProtocolServiceGrpc$RaftServerProtocolServiceBlockingStub.requestVote(RaftServerProtocolServiceGrpc.java:265)
	at org.apache.ratis.grpc.server.GrpcServerProtocolClient.requestVote(GrpcServerProtocolClient.java:99)
	at org.apache.ratis.grpc.server.GrpcService.requestVote(GrpcService.java:204)
	at org.apache.ratis.server.impl.LeaderElection.lambda$submitRequests$1(LeaderElection.java:234)
	at java.util.concurrent.FutureTask.run(FutureTask.java:266)
	at java.util.concurrent.Executors$RunnableAdapter.call(Executors.java:511)
	at java.util.concurrent.FutureTask.run(FutureTask.java:266)
	at java.util.concurrent.ThreadPoolExecutor.runWorker(ThreadPoolExecutor.java:1149)
	at java.util.concurrent.ThreadPoolExecutor$Worker.run(ThreadPoolExecutor.java:624)
	... 1 more
Caused by: org.apache.ratis.thirdparty.io.netty.channel.AbstractChannel$AnnotatedConnectException: Connection refused: /192.168.69.82:42567
	at sun.nio.ch.SocketChannelImpl.checkConnect(Native Method)
	at sun.nio.ch.SocketChannelImpl.finishConnect(SocketChannelImpl.java:717)
	at org.apache.ratis.thirdparty.io.netty.channel.socket.nio.NioSocketChannel.doFinishConnect(NioSocketChannel.java:327)
	at org.apache.ratis.thirdparty.io.netty.channel.nio.AbstractNioChannel$AbstractNioUnsafe.finishConnect(AbstractNioChannel.java:340)
	at org.apache.ratis.thirdparty.io.netty.channel.nio.NioEventLoop.processSelectedKey(NioEventLoop.java:632)
	at org.apache.ratis.thirdparty.io.netty.channel.nio.NioEventLoop.processSelectedKeysOptimized(NioEventLoop.java:579)
	at org.apache.ratis.thirdparty.io.netty.channel.nio.NioEventLoop.processSelectedKeys(NioEventLoop.java:496)
	at org.apache.ratis.thirdparty.io.netty.channel.nio.NioEventLoop.run(NioEventLoop.java:458)
	at org.apache.ratis.thirdparty.io.netty.util.concurrent.SingleThreadEventExecutor$5.run(SingleThreadEventExecutor.java:897)
	at org.apache.ratis.thirdparty.io.netty.util.concurrent.FastThreadLocalRunnable.run(FastThreadLocalRunnable.java:30)
	... 1 more
Caused by: java.net.ConnectException: Connection refused
	... 11 more
2019-10-17 05:57:20,214 [9f06b4c9-079f-4989-8935-c6be59ddc82e@group-0D1055093416-LeaderElection192] INFO  impl.LeaderElection (LogUtils.java:infoOrTrace(149)) - 9f06b4c9-079f-4989-8935-c6be59ddc82e@group-0D1055093416-LeaderElection192 got exception when requesting votes: {}
java.util.concurrent.ExecutionException: org.apache.ratis.thirdparty.io.grpc.StatusRuntimeException: UNAVAILABLE: io exception
	at java.util.concurrent.FutureTask.report(FutureTask.java:122)
	at java.util.concurrent.FutureTask.get(FutureTask.java:192)
	at org.apache.ratis.server.impl.LeaderElection.waitForResults(LeaderElection.java:259)
	at org.apache.ratis.server.impl.LeaderElection.askForVotes(LeaderElection.java:197)
	at org.apache.ratis.server.impl.LeaderElection.run(LeaderElection.java:133)
	at java.lang.Thread.run(Thread.java:748)
Caused by: org.apache.ratis.thirdparty.io.grpc.StatusRuntimeException: UNAVAILABLE: io exception
	at org.apache.ratis.thirdparty.io.grpc.stub.ClientCalls.toStatusRuntimeException(ClientCalls.java:233)
	at org.apache.ratis.thirdparty.io.grpc.stub.ClientCalls.getUnchecked(ClientCalls.java:214)
	at org.apache.ratis.thirdparty.io.grpc.stub.ClientCalls.blockingUnaryCall(ClientCalls.java:139)
	at org.apache.ratis.proto.grpc.RaftServerProtocolServiceGrpc$RaftServerProtocolServiceBlockingStub.requestVote(RaftServerProtocolServiceGrpc.java:265)
	at org.apache.ratis.grpc.server.GrpcServerProtocolClient.requestVote(GrpcServerProtocolClient.java:99)
	at org.apache.ratis.grpc.server.GrpcService.requestVote(GrpcService.java:204)
	at org.apache.ratis.server.impl.LeaderElection.lambda$submitRequests$1(LeaderElection.java:234)
	at java.util.concurrent.FutureTask.run(FutureTask.java:266)
	at java.util.concurrent.Executors$RunnableAdapter.call(Executors.java:511)
	at java.util.concurrent.FutureTask.run(FutureTask.java:266)
	at java.util.concurrent.ThreadPoolExecutor.runWorker(ThreadPoolExecutor.java:1149)
	at java.util.concurrent.ThreadPoolExecutor$Worker.run(ThreadPoolExecutor.java:624)
	... 1 more
Caused by: org.apache.ratis.thirdparty.io.netty.channel.AbstractChannel$AnnotatedConnectException: Connection refused: /192.168.69.82:35388
	at sun.nio.ch.SocketChannelImpl.checkConnect(Native Method)
	at sun.nio.ch.SocketChannelImpl.finishConnect(SocketChannelImpl.java:717)
	at org.apache.ratis.thirdparty.io.netty.channel.socket.nio.NioSocketChannel.doFinishConnect(NioSocketChannel.java:327)
	at org.apache.ratis.thirdparty.io.netty.channel.nio.AbstractNioChannel$AbstractNioUnsafe.finishConnect(AbstractNioChannel.java:340)
	at org.apache.ratis.thirdparty.io.netty.channel.nio.NioEventLoop.processSelectedKey(NioEventLoop.java:632)
	at org.apache.ratis.thirdparty.io.netty.channel.nio.NioEventLoop.processSelectedKeysOptimized(NioEventLoop.java:579)
	at org.apache.ratis.thirdparty.io.netty.channel.nio.NioEventLoop.processSelectedKeys(NioEventLoop.java:496)
	at org.apache.ratis.thirdparty.io.netty.channel.nio.NioEventLoop.run(NioEventLoop.java:458)
	at org.apache.ratis.thirdparty.io.netty.util.concurrent.SingleThreadEventExecutor$5.run(SingleThreadEventExecutor.java:897)
	at org.apache.ratis.thirdparty.io.netty.util.concurrent.FastThreadLocalRunnable.run(FastThreadLocalRunnable.java:30)
	... 1 more
Caused by: java.net.ConnectException: Connection refused
	... 11 more
2019-10-17 05:57:20,215 [9f06b4c9-079f-4989-8935-c6be59ddc82e@group-0D1055093416-LeaderElection192] INFO  impl.LeaderElection (LeaderElection.java:logAndReturn(56)) - 9f06b4c9-079f-4989-8935-c6be59ddc82e@group-0D1055093416-LeaderElection192: Election REJECTED; received 0 response(s) [] and 2 exception(s); 9f06b4c9-079f-4989-8935-c6be59ddc82e@group-0D1055093416:t180, leader=null, voted=9f06b4c9-079f-4989-8935-c6be59ddc82e, raftlog=9f06b4c9-079f-4989-8935-c6be59ddc82e@group-0D1055093416-SegmentedRaftLog:OPENED:c-1,f-1,i0, conf=-1: [9f06b4c9-079f-4989-8935-c6be59ddc82e:192.168.69.82:36391, b282f9e2-3bd4-452e-9c35-1adeacc39134:192.168.69.82:42567, 3ce2c7b7-3df7-42de-af28-9ba1d65ea84e:192.168.69.82:35388], old=null
2019-10-17 05:57:20,215 [9f06b4c9-079f-4989-8935-c6be59ddc82e@group-0D1055093416-LeaderElection192] INFO  impl.LeaderElection (LogUtils.java:infoOrTrace(149)) -   Exception 0: {}
java.util.concurrent.ExecutionException: org.apache.ratis.thirdparty.io.grpc.StatusRuntimeException: UNAVAILABLE: io exception
	at java.util.concurrent.FutureTask.report(FutureTask.java:122)
	at java.util.concurrent.FutureTask.get(FutureTask.java:192)
	at org.apache.ratis.server.impl.LeaderElection.waitForResults(LeaderElection.java:259)
	at org.apache.ratis.server.impl.LeaderElection.askForVotes(LeaderElection.java:197)
	at org.apache.ratis.server.impl.LeaderElection.run(LeaderElection.java:133)
	at java.lang.Thread.run(Thread.java:748)
Caused by: org.apache.ratis.thirdparty.io.grpc.StatusRuntimeException: UNAVAILABLE: io exception
	at org.apache.ratis.thirdparty.io.grpc.stub.ClientCalls.toStatusRuntimeException(ClientCalls.java:233)
	at org.apache.ratis.thirdparty.io.grpc.stub.ClientCalls.getUnchecked(ClientCalls.java:214)
	at org.apache.ratis.thirdparty.io.grpc.stub.ClientCalls.blockingUnaryCall(ClientCalls.java:139)
	at org.apache.ratis.proto.grpc.RaftServerProtocolServiceGrpc$RaftServerProtocolServiceBlockingStub.requestVote(RaftServerProtocolServiceGrpc.java:265)
	at org.apache.ratis.grpc.server.GrpcServerProtocolClient.requestVote(GrpcServerProtocolClient.java:99)
	at org.apache.ratis.grpc.server.GrpcService.requestVote(GrpcService.java:204)
	at org.apache.ratis.server.impl.LeaderElection.lambda$submitRequests$1(LeaderElection.java:234)
	at java.util.concurrent.FutureTask.run(FutureTask.java:266)
	at java.util.concurrent.Executors$RunnableAdapter.call(Executors.java:511)
	at java.util.concurrent.FutureTask.run(FutureTask.java:266)
	at java.util.concurrent.ThreadPoolExecutor.runWorker(ThreadPoolExecutor.java:1149)
	at java.util.concurrent.ThreadPoolExecutor$Worker.run(ThreadPoolExecutor.java:624)
	... 1 more
Caused by: org.apache.ratis.thirdparty.io.netty.channel.AbstractChannel$AnnotatedConnectException: Connection refused: /192.168.69.82:42567
	at sun.nio.ch.SocketChannelImpl.checkConnect(Native Method)
	at sun.nio.ch.SocketChannelImpl.finishConnect(SocketChannelImpl.java:717)
	at org.apache.ratis.thirdparty.io.netty.channel.socket.nio.NioSocketChannel.doFinishConnect(NioSocketChannel.java:327)
	at org.apache.ratis.thirdparty.io.netty.channel.nio.AbstractNioChannel$AbstractNioUnsafe.finishConnect(AbstractNioChannel.java:340)
	at org.apache.ratis.thirdparty.io.netty.channel.nio.NioEventLoop.processSelectedKey(NioEventLoop.java:632)
	at org.apache.ratis.thirdparty.io.netty.channel.nio.NioEventLoop.processSelectedKeysOptimized(NioEventLoop.java:579)
	at org.apache.ratis.thirdparty.io.netty.channel.nio.NioEventLoop.processSelectedKeys(NioEventLoop.java:496)
	at org.apache.ratis.thirdparty.io.netty.channel.nio.NioEventLoop.run(NioEventLoop.java:458)
	at org.apache.ratis.thirdparty.io.netty.util.concurrent.SingleThreadEventExecutor$5.run(SingleThreadEventExecutor.java:897)
	at org.apache.ratis.thirdparty.io.netty.util.concurrent.FastThreadLocalRunnable.run(FastThreadLocalRunnable.java:30)
	... 1 more
Caused by: java.net.ConnectException: Connection refused
	... 11 more
2019-10-17 05:57:20,215 [9f06b4c9-079f-4989-8935-c6be59ddc82e@group-0D1055093416-LeaderElection192] INFO  impl.LeaderElection (LogUtils.java:infoOrTrace(149)) -   Exception 1: {}
java.util.concurrent.ExecutionException: org.apache.ratis.thirdparty.io.grpc.StatusRuntimeException: UNAVAILABLE: io exception
	at java.util.concurrent.FutureTask.report(FutureTask.java:122)
	at java.util.concurrent.FutureTask.get(FutureTask.java:192)
	at org.apache.ratis.server.impl.LeaderElection.waitForResults(LeaderElection.java:259)
	at org.apache.ratis.server.impl.LeaderElection.askForVotes(LeaderElection.java:197)
	at org.apache.ratis.server.impl.LeaderElection.run(LeaderElection.java:133)
	at java.lang.Thread.run(Thread.java:748)
Caused by: org.apache.ratis.thirdparty.io.grpc.StatusRuntimeException: UNAVAILABLE: io exception
	at org.apache.ratis.thirdparty.io.grpc.stub.ClientCalls.toStatusRuntimeException(ClientCalls.java:233)
	at org.apache.ratis.thirdparty.io.grpc.stub.ClientCalls.getUnchecked(ClientCalls.java:214)
	at org.apache.ratis.thirdparty.io.grpc.stub.ClientCalls.blockingUnaryCall(ClientCalls.java:139)
	at org.apache.ratis.proto.grpc.RaftServerProtocolServiceGrpc$RaftServerProtocolServiceBlockingStub.requestVote(RaftServerProtocolServiceGrpc.java:265)
	at org.apache.ratis.grpc.server.GrpcServerProtocolClient.requestVote(GrpcServerProtocolClient.java:99)
	at org.apache.ratis.grpc.server.GrpcService.requestVote(GrpcService.java:204)
	at org.apache.ratis.server.impl.LeaderElection.lambda$submitRequests$1(LeaderElection.java:234)
	at java.util.concurrent.FutureTask.run(FutureTask.java:266)
	at java.util.concurrent.Executors$RunnableAdapter.call(Executors.java:511)
	at java.util.concurrent.FutureTask.run(FutureTask.java:266)
	at java.util.concurrent.ThreadPoolExecutor.runWorker(ThreadPoolExecutor.java:1149)
	at java.util.concurrent.ThreadPoolExecutor$Worker.run(ThreadPoolExecutor.java:624)
	... 1 more
Caused by: org.apache.ratis.thirdparty.io.netty.channel.AbstractChannel$AnnotatedConnectException: Connection refused: /192.168.69.82:35388
	at sun.nio.ch.SocketChannelImpl.checkConnect(Native Method)
	at sun.nio.ch.SocketChannelImpl.finishConnect(SocketChannelImpl.java:717)
	at org.apache.ratis.thirdparty.io.netty.channel.socket.nio.NioSocketChannel.doFinishConnect(NioSocketChannel.java:327)
	at org.apache.ratis.thirdparty.io.netty.channel.nio.AbstractNioChannel$AbstractNioUnsafe.finishConnect(AbstractNioChannel.java:340)
	at org.apache.ratis.thirdparty.io.netty.channel.nio.NioEventLoop.processSelectedKey(NioEventLoop.java:632)
	at org.apache.ratis.thirdparty.io.netty.channel.nio.NioEventLoop.processSelectedKeysOptimized(NioEventLoop.java:579)
	at org.apache.ratis.thirdparty.io.netty.channel.nio.NioEventLoop.processSelectedKeys(NioEventLoop.java:496)
	at org.apache.ratis.thirdparty.io.netty.channel.nio.NioEventLoop.run(NioEventLoop.java:458)
	at org.apache.ratis.thirdparty.io.netty.util.concurrent.SingleThreadEventExecutor$5.run(SingleThreadEventExecutor.java:897)
	at org.apache.ratis.thirdparty.io.netty.util.concurrent.FastThreadLocalRunnable.run(FastThreadLocalRunnable.java:30)
	... 1 more
Caused by: java.net.ConnectException: Connection refused
	... 11 more
2019-10-17 05:57:20,215 [9f06b4c9-079f-4989-8935-c6be59ddc82e@group-0D1055093416-LeaderElection192] INFO  impl.RaftServerImpl (RaftServerImpl.java:setRole(184)) - 9f06b4c9-079f-4989-8935-c6be59ddc82e@group-0D1055093416: changes role from CANDIDATE to FOLLOWER at term 180 for DISCOVERED_A_NEW_TERM
2019-10-17 05:57:20,216 [9f06b4c9-079f-4989-8935-c6be59ddc82e@group-0D1055093416-LeaderElection192] INFO  impl.RoleInfo (RoleInfo.java:shutdownLeaderElection(134)) - 9f06b4c9-079f-4989-8935-c6be59ddc82e: shutdown LeaderElection
2019-10-17 05:57:20,216 [9f06b4c9-079f-4989-8935-c6be59ddc82e@group-0D1055093416-LeaderElection192] INFO  impl.RoleInfo (RoleInfo.java:updateAndGet(143)) - 9f06b4c9-079f-4989-8935-c6be59ddc82e: start FollowerState
2019-10-17 05:57:20,297 [Thread-1776] INFO  impl.FollowerState (FollowerState.java:run(108)) - 9f06b4c9-079f-4989-8935-c6be59ddc82e@group-0D1055093416-FollowerState: change to CANDIDATE, lastRpcTime:81ms, electionTimeout:81ms
2019-10-17 05:57:20,297 [Thread-1776] INFO  impl.RoleInfo (RoleInfo.java:shutdownFollowerState(121)) - 9f06b4c9-079f-4989-8935-c6be59ddc82e: shutdown FollowerState
2019-10-17 05:57:20,297 [Thread-1776] INFO  impl.RaftServerImpl (RaftServerImpl.java:setRole(184)) - 9f06b4c9-079f-4989-8935-c6be59ddc82e@group-0D1055093416: changes role from  FOLLOWER to CANDIDATE at term 180 for changeToCandidate
2019-10-17 05:57:20,298 [Thread-1776] INFO  impl.RoleInfo (RoleInfo.java:updateAndGet(143)) - 9f06b4c9-079f-4989-8935-c6be59ddc82e: start LeaderElection
2019-10-17 05:57:20,311 [9f06b4c9-079f-4989-8935-c6be59ddc82e@group-0D1055093416-LeaderElection193] INFO  impl.LeaderElection (LeaderElection.java:askForVotes(178)) - 9f06b4c9-079f-4989-8935-c6be59ddc82e@group-0D1055093416-LeaderElection193: begin an election at term 181 for -1: [9f06b4c9-079f-4989-8935-c6be59ddc82e:192.168.69.82:36391, b282f9e2-3bd4-452e-9c35-1adeacc39134:192.168.69.82:42567, 3ce2c7b7-3df7-42de-af28-9ba1d65ea84e:192.168.69.82:35388], old=null
2019-10-17 05:57:20,312 [9f06b4c9-079f-4989-8935-c6be59ddc82e@group-0D1055093416-LeaderElection193] INFO  impl.LeaderElection (LogUtils.java:infoOrTrace(149)) - 9f06b4c9-079f-4989-8935-c6be59ddc82e@group-0D1055093416-LeaderElection193 got exception when requesting votes: {}
java.util.concurrent.ExecutionException: org.apache.ratis.thirdparty.io.grpc.StatusRuntimeException: UNAVAILABLE: io exception
	at java.util.concurrent.FutureTask.report(FutureTask.java:122)
	at java.util.concurrent.FutureTask.get(FutureTask.java:192)
	at org.apache.ratis.server.impl.LeaderElection.waitForResults(LeaderElection.java:259)
	at org.apache.ratis.server.impl.LeaderElection.askForVotes(LeaderElection.java:197)
	at org.apache.ratis.server.impl.LeaderElection.run(LeaderElection.java:133)
	at java.lang.Thread.run(Thread.java:748)
Caused by: org.apache.ratis.thirdparty.io.grpc.StatusRuntimeException: UNAVAILABLE: io exception
	at org.apache.ratis.thirdparty.io.grpc.stub.ClientCalls.toStatusRuntimeException(ClientCalls.java:233)
	at org.apache.ratis.thirdparty.io.grpc.stub.ClientCalls.getUnchecked(ClientCalls.java:214)
	at org.apache.ratis.thirdparty.io.grpc.stub.ClientCalls.blockingUnaryCall(ClientCalls.java:139)
	at org.apache.ratis.proto.grpc.RaftServerProtocolServiceGrpc$RaftServerProtocolServiceBlockingStub.requestVote(RaftServerProtocolServiceGrpc.java:265)
	at org.apache.ratis.grpc.server.GrpcServerProtocolClient.requestVote(GrpcServerProtocolClient.java:99)
	at org.apache.ratis.grpc.server.GrpcService.requestVote(GrpcService.java:204)
	at org.apache.ratis.server.impl.LeaderElection.lambda$submitRequests$1(LeaderElection.java:234)
	at java.util.concurrent.FutureTask.run(FutureTask.java:266)
	at java.util.concurrent.Executors$RunnableAdapter.call(Executors.java:511)
	at java.util.concurrent.FutureTask.run(FutureTask.java:266)
	at java.util.concurrent.ThreadPoolExecutor.runWorker(ThreadPoolExecutor.java:1149)
	at java.util.concurrent.ThreadPoolExecutor$Worker.run(ThreadPoolExecutor.java:624)
	... 1 more
Caused by: org.apache.ratis.thirdparty.io.netty.channel.AbstractChannel$AnnotatedConnectException: Connection refused: /192.168.69.82:42567
	at sun.nio.ch.SocketChannelImpl.checkConnect(Native Method)
	at sun.nio.ch.SocketChannelImpl.finishConnect(SocketChannelImpl.java:717)
	at org.apache.ratis.thirdparty.io.netty.channel.socket.nio.NioSocketChannel.doFinishConnect(NioSocketChannel.java:327)
	at org.apache.ratis.thirdparty.io.netty.channel.nio.AbstractNioChannel$AbstractNioUnsafe.finishConnect(AbstractNioChannel.java:340)
	at org.apache.ratis.thirdparty.io.netty.channel.nio.NioEventLoop.processSelectedKey(NioEventLoop.java:632)
	at org.apache.ratis.thirdparty.io.netty.channel.nio.NioEventLoop.processSelectedKeysOptimized(NioEventLoop.java:579)
	at org.apache.ratis.thirdparty.io.netty.channel.nio.NioEventLoop.processSelectedKeys(NioEventLoop.java:496)
	at org.apache.ratis.thirdparty.io.netty.channel.nio.NioEventLoop.run(NioEventLoop.java:458)
	at org.apache.ratis.thirdparty.io.netty.util.concurrent.SingleThreadEventExecutor$5.run(SingleThreadEventExecutor.java:897)
	at org.apache.ratis.thirdparty.io.netty.util.concurrent.FastThreadLocalRunnable.run(FastThreadLocalRunnable.java:30)
	... 1 more
Caused by: java.net.ConnectException: Connection refused
	... 11 more
2019-10-17 05:57:20,314 [9f06b4c9-079f-4989-8935-c6be59ddc82e@group-0D1055093416-LeaderElection193] INFO  impl.LeaderElection (LogUtils.java:infoOrTrace(149)) - 9f06b4c9-079f-4989-8935-c6be59ddc82e@group-0D1055093416-LeaderElection193 got exception when requesting votes: {}
java.util.concurrent.ExecutionException: org.apache.ratis.thirdparty.io.grpc.StatusRuntimeException: UNAVAILABLE: io exception
	at java.util.concurrent.FutureTask.report(FutureTask.java:122)
	at java.util.concurrent.FutureTask.get(FutureTask.java:192)
	at org.apache.ratis.server.impl.LeaderElection.waitForResults(LeaderElection.java:259)
	at org.apache.ratis.server.impl.LeaderElection.askForVotes(LeaderElection.java:197)
	at org.apache.ratis.server.impl.LeaderElection.run(LeaderElection.java:133)
	at java.lang.Thread.run(Thread.java:748)
Caused by: org.apache.ratis.thirdparty.io.grpc.StatusRuntimeException: UNAVAILABLE: io exception
	at org.apache.ratis.thirdparty.io.grpc.stub.ClientCalls.toStatusRuntimeException(ClientCalls.java:233)
	at org.apache.ratis.thirdparty.io.grpc.stub.ClientCalls.getUnchecked(ClientCalls.java:214)
	at org.apache.ratis.thirdparty.io.grpc.stub.ClientCalls.blockingUnaryCall(ClientCalls.java:139)
	at org.apache.ratis.proto.grpc.RaftServerProtocolServiceGrpc$RaftServerProtocolServiceBlockingStub.requestVote(RaftServerProtocolServiceGrpc.java:265)
	at org.apache.ratis.grpc.server.GrpcServerProtocolClient.requestVote(GrpcServerProtocolClient.java:99)
	at org.apache.ratis.grpc.server.GrpcService.requestVote(GrpcService.java:204)
	at org.apache.ratis.server.impl.LeaderElection.lambda$submitRequests$1(LeaderElection.java:234)
	at java.util.concurrent.FutureTask.run(FutureTask.java:266)
	at java.util.concurrent.Executors$RunnableAdapter.call(Executors.java:511)
	at java.util.concurrent.FutureTask.run(FutureTask.java:266)
	at java.util.concurrent.ThreadPoolExecutor.runWorker(ThreadPoolExecutor.java:1149)
	at java.util.concurrent.ThreadPoolExecutor$Worker.run(ThreadPoolExecutor.java:624)
	... 1 more
Caused by: org.apache.ratis.thirdparty.io.netty.channel.AbstractChannel$AnnotatedConnectException: Connection refused: /192.168.69.82:35388
	at sun.nio.ch.SocketChannelImpl.checkConnect(Native Method)
	at sun.nio.ch.SocketChannelImpl.finishConnect(SocketChannelImpl.java:717)
	at org.apache.ratis.thirdparty.io.netty.channel.socket.nio.NioSocketChannel.doFinishConnect(NioSocketChannel.java:327)
	at org.apache.ratis.thirdparty.io.netty.channel.nio.AbstractNioChannel$AbstractNioUnsafe.finishConnect(AbstractNioChannel.java:340)
	at org.apache.ratis.thirdparty.io.netty.channel.nio.NioEventLoop.processSelectedKey(NioEventLoop.java:632)
	at org.apache.ratis.thirdparty.io.netty.channel.nio.NioEventLoop.processSelectedKeysOptimized(NioEventLoop.java:579)
	at org.apache.ratis.thirdparty.io.netty.channel.nio.NioEventLoop.processSelectedKeys(NioEventLoop.java:496)
	at org.apache.ratis.thirdparty.io.netty.channel.nio.NioEventLoop.run(NioEventLoop.java:458)
	at org.apache.ratis.thirdparty.io.netty.util.concurrent.SingleThreadEventExecutor$5.run(SingleThreadEventExecutor.java:897)
	at org.apache.ratis.thirdparty.io.netty.util.concurrent.FastThreadLocalRunnable.run(FastThreadLocalRunnable.java:30)
	... 1 more
Caused by: java.net.ConnectException: Connection refused
	... 11 more
2019-10-17 05:57:20,316 [9f06b4c9-079f-4989-8935-c6be59ddc82e@group-0D1055093416-LeaderElection193] INFO  impl.LeaderElection (LeaderElection.java:logAndReturn(56)) - 9f06b4c9-079f-4989-8935-c6be59ddc82e@group-0D1055093416-LeaderElection193: Election REJECTED; received 0 response(s) [] and 2 exception(s); 9f06b4c9-079f-4989-8935-c6be59ddc82e@group-0D1055093416:t181, leader=null, voted=9f06b4c9-079f-4989-8935-c6be59ddc82e, raftlog=9f06b4c9-079f-4989-8935-c6be59ddc82e@group-0D1055093416-SegmentedRaftLog:OPENED:c-1,f-1,i0, conf=-1: [9f06b4c9-079f-4989-8935-c6be59ddc82e:192.168.69.82:36391, b282f9e2-3bd4-452e-9c35-1adeacc39134:192.168.69.82:42567, 3ce2c7b7-3df7-42de-af28-9ba1d65ea84e:192.168.69.82:35388], old=null
2019-10-17 05:57:20,316 [9f06b4c9-079f-4989-8935-c6be59ddc82e@group-0D1055093416-LeaderElection193] INFO  impl.LeaderElection (LogUtils.java:infoOrTrace(149)) -   Exception 0: {}
java.util.concurrent.ExecutionException: org.apache.ratis.thirdparty.io.grpc.StatusRuntimeException: UNAVAILABLE: io exception
	at java.util.concurrent.FutureTask.report(FutureTask.java:122)
	at java.util.concurrent.FutureTask.get(FutureTask.java:192)
	at org.apache.ratis.server.impl.LeaderElection.waitForResults(LeaderElection.java:259)
	at org.apache.ratis.server.impl.LeaderElection.askForVotes(LeaderElection.java:197)
	at org.apache.ratis.server.impl.LeaderElection.run(LeaderElection.java:133)
	at java.lang.Thread.run(Thread.java:748)
Caused by: org.apache.ratis.thirdparty.io.grpc.StatusRuntimeException: UNAVAILABLE: io exception
	at org.apache.ratis.thirdparty.io.grpc.stub.ClientCalls.toStatusRuntimeException(ClientCalls.java:233)
	at org.apache.ratis.thirdparty.io.grpc.stub.ClientCalls.getUnchecked(ClientCalls.java:214)
	at org.apache.ratis.thirdparty.io.grpc.stub.ClientCalls.blockingUnaryCall(ClientCalls.java:139)
	at org.apache.ratis.proto.grpc.RaftServerProtocolServiceGrpc$RaftServerProtocolServiceBlockingStub.requestVote(RaftServerProtocolServiceGrpc.java:265)
	at org.apache.ratis.grpc.server.GrpcServerProtocolClient.requestVote(GrpcServerProtocolClient.java:99)
	at org.apache.ratis.grpc.server.GrpcService.requestVote(GrpcService.java:204)
	at org.apache.ratis.server.impl.LeaderElection.lambda$submitRequests$1(LeaderElection.java:234)
	at java.util.concurrent.FutureTask.run(FutureTask.java:266)
	at java.util.concurrent.Executors$RunnableAdapter.call(Executors.java:511)
	at java.util.concurrent.FutureTask.run(FutureTask.java:266)
	at java.util.concurrent.ThreadPoolExecutor.runWorker(ThreadPoolExecutor.java:1149)
	at java.util.concurrent.ThreadPoolExecutor$Worker.run(ThreadPoolExecutor.java:624)
	... 1 more
Caused by: org.apache.ratis.thirdparty.io.netty.channel.AbstractChannel$AnnotatedConnectException: Connection refused: /192.168.69.82:42567
	at sun.nio.ch.SocketChannelImpl.checkConnect(Native Method)
	at sun.nio.ch.SocketChannelImpl.finishConnect(SocketChannelImpl.java:717)
	at org.apache.ratis.thirdparty.io.netty.channel.socket.nio.NioSocketChannel.doFinishConnect(NioSocketChannel.java:327)
	at org.apache.ratis.thirdparty.io.netty.channel.nio.AbstractNioChannel$AbstractNioUnsafe.finishConnect(AbstractNioChannel.java:340)
	at org.apache.ratis.thirdparty.io.netty.channel.nio.NioEventLoop.processSelectedKey(NioEventLoop.java:632)
	at org.apache.ratis.thirdparty.io.netty.channel.nio.NioEventLoop.processSelectedKeysOptimized(NioEventLoop.java:579)
	at org.apache.ratis.thirdparty.io.netty.channel.nio.NioEventLoop.processSelectedKeys(NioEventLoop.java:496)
	at org.apache.ratis.thirdparty.io.netty.channel.nio.NioEventLoop.run(NioEventLoop.java:458)
	at org.apache.ratis.thirdparty.io.netty.util.concurrent.SingleThreadEventExecutor$5.run(SingleThreadEventExecutor.java:897)
	at org.apache.ratis.thirdparty.io.netty.util.concurrent.FastThreadLocalRunnable.run(FastThreadLocalRunnable.java:30)
	... 1 more
Caused by: java.net.ConnectException: Connection refused
	... 11 more
2019-10-17 05:57:20,316 [9f06b4c9-079f-4989-8935-c6be59ddc82e@group-0D1055093416-LeaderElection193] INFO  impl.LeaderElection (LogUtils.java:infoOrTrace(149)) -   Exception 1: {}
java.util.concurrent.ExecutionException: org.apache.ratis.thirdparty.io.grpc.StatusRuntimeException: UNAVAILABLE: io exception
	at java.util.concurrent.FutureTask.report(FutureTask.java:122)
	at java.util.concurrent.FutureTask.get(FutureTask.java:192)
	at org.apache.ratis.server.impl.LeaderElection.waitForResults(LeaderElection.java:259)
	at org.apache.ratis.server.impl.LeaderElection.askForVotes(LeaderElection.java:197)
	at org.apache.ratis.server.impl.LeaderElection.run(LeaderElection.java:133)
	at java.lang.Thread.run(Thread.java:748)
Caused by: org.apache.ratis.thirdparty.io.grpc.StatusRuntimeException: UNAVAILABLE: io exception
	at org.apache.ratis.thirdparty.io.grpc.stub.ClientCalls.toStatusRuntimeException(ClientCalls.java:233)
	at org.apache.ratis.thirdparty.io.grpc.stub.ClientCalls.getUnchecked(ClientCalls.java:214)
	at org.apache.ratis.thirdparty.io.grpc.stub.ClientCalls.blockingUnaryCall(ClientCalls.java:139)
	at org.apache.ratis.proto.grpc.RaftServerProtocolServiceGrpc$RaftServerProtocolServiceBlockingStub.requestVote(RaftServerProtocolServiceGrpc.java:265)
	at org.apache.ratis.grpc.server.GrpcServerProtocolClient.requestVote(GrpcServerProtocolClient.java:99)
	at org.apache.ratis.grpc.server.GrpcService.requestVote(GrpcService.java:204)
	at org.apache.ratis.server.impl.LeaderElection.lambda$submitRequests$1(LeaderElection.java:234)
	at java.util.concurrent.FutureTask.run(FutureTask.java:266)
	at java.util.concurrent.Executors$RunnableAdapter.call(Executors.java:511)
	at java.util.concurrent.FutureTask.run(FutureTask.java:266)
	at java.util.concurrent.ThreadPoolExecutor.runWorker(ThreadPoolExecutor.java:1149)
	at java.util.concurrent.ThreadPoolExecutor$Worker.run(ThreadPoolExecutor.java:624)
	... 1 more
Caused by: org.apache.ratis.thirdparty.io.netty.channel.AbstractChannel$AnnotatedConnectException: Connection refused: /192.168.69.82:35388
	at sun.nio.ch.SocketChannelImpl.checkConnect(Native Method)
	at sun.nio.ch.SocketChannelImpl.finishConnect(SocketChannelImpl.java:717)
	at org.apache.ratis.thirdparty.io.netty.channel.socket.nio.NioSocketChannel.doFinishConnect(NioSocketChannel.java:327)
	at org.apache.ratis.thirdparty.io.netty.channel.nio.AbstractNioChannel$AbstractNioUnsafe.finishConnect(AbstractNioChannel.java:340)
	at org.apache.ratis.thirdparty.io.netty.channel.nio.NioEventLoop.processSelectedKey(NioEventLoop.java:632)
	at org.apache.ratis.thirdparty.io.netty.channel.nio.NioEventLoop.processSelectedKeysOptimized(NioEventLoop.java:579)
	at org.apache.ratis.thirdparty.io.netty.channel.nio.NioEventLoop.processSelectedKeys(NioEventLoop.java:496)
	at org.apache.ratis.thirdparty.io.netty.channel.nio.NioEventLoop.run(NioEventLoop.java:458)
	at org.apache.ratis.thirdparty.io.netty.util.concurrent.SingleThreadEventExecutor$5.run(SingleThreadEventExecutor.java:897)
	at org.apache.ratis.thirdparty.io.netty.util.concurrent.FastThreadLocalRunnable.run(FastThreadLocalRunnable.java:30)
	... 1 more
Caused by: java.net.ConnectException: Connection refused
	... 11 more
2019-10-17 05:57:20,316 [9f06b4c9-079f-4989-8935-c6be59ddc82e@group-0D1055093416-LeaderElection193] INFO  impl.RaftServerImpl (RaftServerImpl.java:setRole(184)) - 9f06b4c9-079f-4989-8935-c6be59ddc82e@group-0D1055093416: changes role from CANDIDATE to FOLLOWER at term 181 for DISCOVERED_A_NEW_TERM
2019-10-17 05:57:20,316 [9f06b4c9-079f-4989-8935-c6be59ddc82e@group-0D1055093416-LeaderElection193] INFO  impl.RoleInfo (RoleInfo.java:shutdownLeaderElection(134)) - 9f06b4c9-079f-4989-8935-c6be59ddc82e: shutdown LeaderElection
2019-10-17 05:57:20,317 [9f06b4c9-079f-4989-8935-c6be59ddc82e@group-0D1055093416-LeaderElection193] INFO  impl.RoleInfo (RoleInfo.java:updateAndGet(143)) - 9f06b4c9-079f-4989-8935-c6be59ddc82e: start FollowerState
2019-10-17 05:57:20,403 [Thread-1780] INFO  impl.FollowerState (FollowerState.java:run(108)) - 9f06b4c9-079f-4989-8935-c6be59ddc82e@group-0D1055093416-FollowerState: change to CANDIDATE, lastRpcTime:86ms, electionTimeout:86ms
2019-10-17 05:57:20,403 [Thread-1780] INFO  impl.RoleInfo (RoleInfo.java:shutdownFollowerState(121)) - 9f06b4c9-079f-4989-8935-c6be59ddc82e: shutdown FollowerState
2019-10-17 05:57:20,403 [Thread-1780] INFO  impl.RaftServerImpl (RaftServerImpl.java:setRole(184)) - 9f06b4c9-079f-4989-8935-c6be59ddc82e@group-0D1055093416: changes role from  FOLLOWER to CANDIDATE at term 181 for changeToCandidate
2019-10-17 05:57:20,403 [Thread-1780] INFO  impl.RoleInfo (RoleInfo.java:updateAndGet(143)) - 9f06b4c9-079f-4989-8935-c6be59ddc82e: start LeaderElection
2019-10-17 05:57:20,416 [9f06b4c9-079f-4989-8935-c6be59ddc82e@group-0D1055093416-LeaderElection194] INFO  impl.LeaderElection (LeaderElection.java:askForVotes(178)) - 9f06b4c9-079f-4989-8935-c6be59ddc82e@group-0D1055093416-LeaderElection194: begin an election at term 182 for -1: [9f06b4c9-079f-4989-8935-c6be59ddc82e:192.168.69.82:36391, b282f9e2-3bd4-452e-9c35-1adeacc39134:192.168.69.82:42567, 3ce2c7b7-3df7-42de-af28-9ba1d65ea84e:192.168.69.82:35388], old=null
2019-10-17 05:57:20,417 [9f06b4c9-079f-4989-8935-c6be59ddc82e@group-0D1055093416-LeaderElection194] INFO  impl.LeaderElection (LogUtils.java:infoOrTrace(149)) - 9f06b4c9-079f-4989-8935-c6be59ddc82e@group-0D1055093416-LeaderElection194 got exception when requesting votes: {}
java.util.concurrent.ExecutionException: org.apache.ratis.thirdparty.io.grpc.StatusRuntimeException: UNAVAILABLE: io exception
	at java.util.concurrent.FutureTask.report(FutureTask.java:122)
	at java.util.concurrent.FutureTask.get(FutureTask.java:192)
	at org.apache.ratis.server.impl.LeaderElection.waitForResults(LeaderElection.java:259)
	at org.apache.ratis.server.impl.LeaderElection.askForVotes(LeaderElection.java:197)
	at org.apache.ratis.server.impl.LeaderElection.run(LeaderElection.java:133)
	at java.lang.Thread.run(Thread.java:748)
Caused by: org.apache.ratis.thirdparty.io.grpc.StatusRuntimeException: UNAVAILABLE: io exception
	at org.apache.ratis.thirdparty.io.grpc.stub.ClientCalls.toStatusRuntimeException(ClientCalls.java:233)
	at org.apache.ratis.thirdparty.io.grpc.stub.ClientCalls.getUnchecked(ClientCalls.java:214)
	at org.apache.ratis.thirdparty.io.grpc.stub.ClientCalls.blockingUnaryCall(ClientCalls.java:139)
	at org.apache.ratis.proto.grpc.RaftServerProtocolServiceGrpc$RaftServerProtocolServiceBlockingStub.requestVote(RaftServerProtocolServiceGrpc.java:265)
	at org.apache.ratis.grpc.server.GrpcServerProtocolClient.requestVote(GrpcServerProtocolClient.java:99)
	at org.apache.ratis.grpc.server.GrpcService.requestVote(GrpcService.java:204)
	at org.apache.ratis.server.impl.LeaderElection.lambda$submitRequests$1(LeaderElection.java:234)
	at java.util.concurrent.FutureTask.run(FutureTask.java:266)
	at java.util.concurrent.Executors$RunnableAdapter.call(Executors.java:511)
	at java.util.concurrent.FutureTask.run(FutureTask.java:266)
	at java.util.concurrent.ThreadPoolExecutor.runWorker(ThreadPoolExecutor.java:1149)
	at java.util.concurrent.ThreadPoolExecutor$Worker.run(ThreadPoolExecutor.java:624)
	... 1 more
Caused by: org.apache.ratis.thirdparty.io.netty.channel.AbstractChannel$AnnotatedConnectException: Connection refused: /192.168.69.82:42567
	at sun.nio.ch.SocketChannelImpl.checkConnect(Native Method)
	at sun.nio.ch.SocketChannelImpl.finishConnect(SocketChannelImpl.java:717)
	at org.apache.ratis.thirdparty.io.netty.channel.socket.nio.NioSocketChannel.doFinishConnect(NioSocketChannel.java:327)
	at org.apache.ratis.thirdparty.io.netty.channel.nio.AbstractNioChannel$AbstractNioUnsafe.finishConnect(AbstractNioChannel.java:340)
	at org.apache.ratis.thirdparty.io.netty.channel.nio.NioEventLoop.processSelectedKey(NioEventLoop.java:632)
	at org.apache.ratis.thirdparty.io.netty.channel.nio.NioEventLoop.processSelectedKeysOptimized(NioEventLoop.java:579)
	at org.apache.ratis.thirdparty.io.netty.channel.nio.NioEventLoop.processSelectedKeys(NioEventLoop.java:496)
	at org.apache.ratis.thirdparty.io.netty.channel.nio.NioEventLoop.run(NioEventLoop.java:458)
	at org.apache.ratis.thirdparty.io.netty.util.concurrent.SingleThreadEventExecutor$5.run(SingleThreadEventExecutor.java:897)
	at org.apache.ratis.thirdparty.io.netty.util.concurrent.FastThreadLocalRunnable.run(FastThreadLocalRunnable.java:30)
	... 1 more
Caused by: java.net.ConnectException: Connection refused
	... 11 more
2019-10-17 05:57:20,419 [9f06b4c9-079f-4989-8935-c6be59ddc82e@group-0D1055093416-LeaderElection194] INFO  impl.LeaderElection (LogUtils.java:infoOrTrace(149)) - 9f06b4c9-079f-4989-8935-c6be59ddc82e@group-0D1055093416-LeaderElection194 got exception when requesting votes: {}
java.util.concurrent.ExecutionException: org.apache.ratis.thirdparty.io.grpc.StatusRuntimeException: UNAVAILABLE: io exception
	at java.util.concurrent.FutureTask.report(FutureTask.java:122)
	at java.util.concurrent.FutureTask.get(FutureTask.java:192)
	at org.apache.ratis.server.impl.LeaderElection.waitForResults(LeaderElection.java:259)
	at org.apache.ratis.server.impl.LeaderElection.askForVotes(LeaderElection.java:197)
	at org.apache.ratis.server.impl.LeaderElection.run(LeaderElection.java:133)
	at java.lang.Thread.run(Thread.java:748)
Caused by: org.apache.ratis.thirdparty.io.grpc.StatusRuntimeException: UNAVAILABLE: io exception
	at org.apache.ratis.thirdparty.io.grpc.stub.ClientCalls.toStatusRuntimeException(ClientCalls.java:233)
	at org.apache.ratis.thirdparty.io.grpc.stub.ClientCalls.getUnchecked(ClientCalls.java:214)
	at org.apache.ratis.thirdparty.io.grpc.stub.ClientCalls.blockingUnaryCall(ClientCalls.java:139)
	at org.apache.ratis.proto.grpc.RaftServerProtocolServiceGrpc$RaftServerProtocolServiceBlockingStub.requestVote(RaftServerProtocolServiceGrpc.java:265)
	at org.apache.ratis.grpc.server.GrpcServerProtocolClient.requestVote(GrpcServerProtocolClient.java:99)
	at org.apache.ratis.grpc.server.GrpcService.requestVote(GrpcService.java:204)
	at org.apache.ratis.server.impl.LeaderElection.lambda$submitRequests$1(LeaderElection.java:234)
	at java.util.concurrent.FutureTask.run(FutureTask.java:266)
	at java.util.concurrent.Executors$RunnableAdapter.call(Executors.java:511)
	at java.util.concurrent.FutureTask.run(FutureTask.java:266)
	at java.util.concurrent.ThreadPoolExecutor.runWorker(ThreadPoolExecutor.java:1149)
	at java.util.concurrent.ThreadPoolExecutor$Worker.run(ThreadPoolExecutor.java:624)
	... 1 more
Caused by: org.apache.ratis.thirdparty.io.netty.channel.AbstractChannel$AnnotatedConnectException: Connection refused: /192.168.69.82:35388
	at sun.nio.ch.SocketChannelImpl.checkConnect(Native Method)
	at sun.nio.ch.SocketChannelImpl.finishConnect(SocketChannelImpl.java:717)
	at org.apache.ratis.thirdparty.io.netty.channel.socket.nio.NioSocketChannel.doFinishConnect(NioSocketChannel.java:327)
	at org.apache.ratis.thirdparty.io.netty.channel.nio.AbstractNioChannel$AbstractNioUnsafe.finishConnect(AbstractNioChannel.java:340)
	at org.apache.ratis.thirdparty.io.netty.channel.nio.NioEventLoop.processSelectedKey(NioEventLoop.java:632)
	at org.apache.ratis.thirdparty.io.netty.channel.nio.NioEventLoop.processSelectedKeysOptimized(NioEventLoop.java:579)
	at org.apache.ratis.thirdparty.io.netty.channel.nio.NioEventLoop.processSelectedKeys(NioEventLoop.java:496)
	at org.apache.ratis.thirdparty.io.netty.channel.nio.NioEventLoop.run(NioEventLoop.java:458)
	at org.apache.ratis.thirdparty.io.netty.util.concurrent.SingleThreadEventExecutor$5.run(SingleThreadEventExecutor.java:897)
	at org.apache.ratis.thirdparty.io.netty.util.concurrent.FastThreadLocalRunnable.run(FastThreadLocalRunnable.java:30)
	... 1 more
Caused by: java.net.ConnectException: Connection refused
	... 11 more
2019-10-17 05:57:20,421 [9f06b4c9-079f-4989-8935-c6be59ddc82e@group-0D1055093416-LeaderElection194] INFO  impl.LeaderElection (LeaderElection.java:logAndReturn(56)) - 9f06b4c9-079f-4989-8935-c6be59ddc82e@group-0D1055093416-LeaderElection194: Election REJECTED; received 0 response(s) [] and 2 exception(s); 9f06b4c9-079f-4989-8935-c6be59ddc82e@group-0D1055093416:t182, leader=null, voted=9f06b4c9-079f-4989-8935-c6be59ddc82e, raftlog=9f06b4c9-079f-4989-8935-c6be59ddc82e@group-0D1055093416-SegmentedRaftLog:OPENED:c-1,f-1,i0, conf=-1: [9f06b4c9-079f-4989-8935-c6be59ddc82e:192.168.69.82:36391, b282f9e2-3bd4-452e-9c35-1adeacc39134:192.168.69.82:42567, 3ce2c7b7-3df7-42de-af28-9ba1d65ea84e:192.168.69.82:35388], old=null
2019-10-17 05:57:20,421 [9f06b4c9-079f-4989-8935-c6be59ddc82e@group-0D1055093416-LeaderElection194] INFO  impl.LeaderElection (LogUtils.java:infoOrTrace(149)) -   Exception 0: {}
java.util.concurrent.ExecutionException: org.apache.ratis.thirdparty.io.grpc.StatusRuntimeException: UNAVAILABLE: io exception
	at java.util.concurrent.FutureTask.report(FutureTask.java:122)
	at java.util.concurrent.FutureTask.get(FutureTask.java:192)
	at org.apache.ratis.server.impl.LeaderElection.waitForResults(LeaderElection.java:259)
	at org.apache.ratis.server.impl.LeaderElection.askForVotes(LeaderElection.java:197)
	at org.apache.ratis.server.impl.LeaderElection.run(LeaderElection.java:133)
	at java.lang.Thread.run(Thread.java:748)
Caused by: org.apache.ratis.thirdparty.io.grpc.StatusRuntimeException: UNAVAILABLE: io exception
	at org.apache.ratis.thirdparty.io.grpc.stub.ClientCalls.toStatusRuntimeException(ClientCalls.java:233)
	at org.apache.ratis.thirdparty.io.grpc.stub.ClientCalls.getUnchecked(ClientCalls.java:214)
	at org.apache.ratis.thirdparty.io.grpc.stub.ClientCalls.blockingUnaryCall(ClientCalls.java:139)
	at org.apache.ratis.proto.grpc.RaftServerProtocolServiceGrpc$RaftServerProtocolServiceBlockingStub.requestVote(RaftServerProtocolServiceGrpc.java:265)
	at org.apache.ratis.grpc.server.GrpcServerProtocolClient.requestVote(GrpcServerProtocolClient.java:99)
	at org.apache.ratis.grpc.server.GrpcService.requestVote(GrpcService.java:204)
	at org.apache.ratis.server.impl.LeaderElection.lambda$submitRequests$1(LeaderElection.java:234)
	at java.util.concurrent.FutureTask.run(FutureTask.java:266)
	at java.util.concurrent.Executors$RunnableAdapter.call(Executors.java:511)
	at java.util.concurrent.FutureTask.run(FutureTask.java:266)
	at java.util.concurrent.ThreadPoolExecutor.runWorker(ThreadPoolExecutor.java:1149)
	at java.util.concurrent.ThreadPoolExecutor$Worker.run(ThreadPoolExecutor.java:624)
	... 1 more
Caused by: org.apache.ratis.thirdparty.io.netty.channel.AbstractChannel$AnnotatedConnectException: Connection refused: /192.168.69.82:42567
	at sun.nio.ch.SocketChannelImpl.checkConnect(Native Method)
	at sun.nio.ch.SocketChannelImpl.finishConnect(SocketChannelImpl.java:717)
	at org.apache.ratis.thirdparty.io.netty.channel.socket.nio.NioSocketChannel.doFinishConnect(NioSocketChannel.java:327)
	at org.apache.ratis.thirdparty.io.netty.channel.nio.AbstractNioChannel$AbstractNioUnsafe.finishConnect(AbstractNioChannel.java:340)
	at org.apache.ratis.thirdparty.io.netty.channel.nio.NioEventLoop.processSelectedKey(NioEventLoop.java:632)
	at org.apache.ratis.thirdparty.io.netty.channel.nio.NioEventLoop.processSelectedKeysOptimized(NioEventLoop.java:579)
	at org.apache.ratis.thirdparty.io.netty.channel.nio.NioEventLoop.processSelectedKeys(NioEventLoop.java:496)
	at org.apache.ratis.thirdparty.io.netty.channel.nio.NioEventLoop.run(NioEventLoop.java:458)
	at org.apache.ratis.thirdparty.io.netty.util.concurrent.SingleThreadEventExecutor$5.run(SingleThreadEventExecutor.java:897)
	at org.apache.ratis.thirdparty.io.netty.util.concurrent.FastThreadLocalRunnable.run(FastThreadLocalRunnable.java:30)
	... 1 more
Caused by: java.net.ConnectException: Connection refused
	... 11 more
2019-10-17 05:57:20,422 [9f06b4c9-079f-4989-8935-c6be59ddc82e@group-0D1055093416-LeaderElection194] INFO  impl.LeaderElection (LogUtils.java:infoOrTrace(149)) -   Exception 1: {}
java.util.concurrent.ExecutionException: org.apache.ratis.thirdparty.io.grpc.StatusRuntimeException: UNAVAILABLE: io exception
	at java.util.concurrent.FutureTask.report(FutureTask.java:122)
	at java.util.concurrent.FutureTask.get(FutureTask.java:192)
	at org.apache.ratis.server.impl.LeaderElection.waitForResults(LeaderElection.java:259)
	at org.apache.ratis.server.impl.LeaderElection.askForVotes(LeaderElection.java:197)
	at org.apache.ratis.server.impl.LeaderElection.run(LeaderElection.java:133)
	at java.lang.Thread.run(Thread.java:748)
Caused by: org.apache.ratis.thirdparty.io.grpc.StatusRuntimeException: UNAVAILABLE: io exception
	at org.apache.ratis.thirdparty.io.grpc.stub.ClientCalls.toStatusRuntimeException(ClientCalls.java:233)
	at org.apache.ratis.thirdparty.io.grpc.stub.ClientCalls.getUnchecked(ClientCalls.java:214)
	at org.apache.ratis.thirdparty.io.grpc.stub.ClientCalls.blockingUnaryCall(ClientCalls.java:139)
	at org.apache.ratis.proto.grpc.RaftServerProtocolServiceGrpc$RaftServerProtocolServiceBlockingStub.requestVote(RaftServerProtocolServiceGrpc.java:265)
	at org.apache.ratis.grpc.server.GrpcServerProtocolClient.requestVote(GrpcServerProtocolClient.java:99)
	at org.apache.ratis.grpc.server.GrpcService.requestVote(GrpcService.java:204)
	at org.apache.ratis.server.impl.LeaderElection.lambda$submitRequests$1(LeaderElection.java:234)
	at java.util.concurrent.FutureTask.run(FutureTask.java:266)
	at java.util.concurrent.Executors$RunnableAdapter.call(Executors.java:511)
	at java.util.concurrent.FutureTask.run(FutureTask.java:266)
	at java.util.concurrent.ThreadPoolExecutor.runWorker(ThreadPoolExecutor.java:1149)
	at java.util.concurrent.ThreadPoolExecutor$Worker.run(ThreadPoolExecutor.java:624)
	... 1 more
Caused by: org.apache.ratis.thirdparty.io.netty.channel.AbstractChannel$AnnotatedConnectException: Connection refused: /192.168.69.82:35388
	at sun.nio.ch.SocketChannelImpl.checkConnect(Native Method)
	at sun.nio.ch.SocketChannelImpl.finishConnect(SocketChannelImpl.java:717)
	at org.apache.ratis.thirdparty.io.netty.channel.socket.nio.NioSocketChannel.doFinishConnect(NioSocketChannel.java:327)
	at org.apache.ratis.thirdparty.io.netty.channel.nio.AbstractNioChannel$AbstractNioUnsafe.finishConnect(AbstractNioChannel.java:340)
	at org.apache.ratis.thirdparty.io.netty.channel.nio.NioEventLoop.processSelectedKey(NioEventLoop.java:632)
	at org.apache.ratis.thirdparty.io.netty.channel.nio.NioEventLoop.processSelectedKeysOptimized(NioEventLoop.java:579)
	at org.apache.ratis.thirdparty.io.netty.channel.nio.NioEventLoop.processSelectedKeys(NioEventLoop.java:496)
	at org.apache.ratis.thirdparty.io.netty.channel.nio.NioEventLoop.run(NioEventLoop.java:458)
	at org.apache.ratis.thirdparty.io.netty.util.concurrent.SingleThreadEventExecutor$5.run(SingleThreadEventExecutor.java:897)
	at org.apache.ratis.thirdparty.io.netty.util.concurrent.FastThreadLocalRunnable.run(FastThreadLocalRunnable.java:30)
	... 1 more
Caused by: java.net.ConnectException: Connection refused
	... 11 more
2019-10-17 05:57:20,422 [9f06b4c9-079f-4989-8935-c6be59ddc82e@group-0D1055093416-LeaderElection194] INFO  impl.RaftServerImpl (RaftServerImpl.java:setRole(184)) - 9f06b4c9-079f-4989-8935-c6be59ddc82e@group-0D1055093416: changes role from CANDIDATE to FOLLOWER at term 182 for DISCOVERED_A_NEW_TERM
2019-10-17 05:57:20,422 [9f06b4c9-079f-4989-8935-c6be59ddc82e@group-0D1055093416-LeaderElection194] INFO  impl.RoleInfo (RoleInfo.java:shutdownLeaderElection(134)) - 9f06b4c9-079f-4989-8935-c6be59ddc82e: shutdown LeaderElection
2019-10-17 05:57:20,422 [9f06b4c9-079f-4989-8935-c6be59ddc82e@group-0D1055093416-LeaderElection194] INFO  impl.RoleInfo (RoleInfo.java:updateAndGet(143)) - 9f06b4c9-079f-4989-8935-c6be59ddc82e: start FollowerState
2019-10-17 05:57:20,545 [Thread-1785] INFO  impl.FollowerState (FollowerState.java:run(108)) - 9f06b4c9-079f-4989-8935-c6be59ddc82e@group-0D1055093416-FollowerState: change to CANDIDATE, lastRpcTime:122ms, electionTimeout:122ms
2019-10-17 05:57:20,545 [Thread-1785] INFO  impl.RoleInfo (RoleInfo.java:shutdownFollowerState(121)) - 9f06b4c9-079f-4989-8935-c6be59ddc82e: shutdown FollowerState
2019-10-17 05:57:20,545 [Thread-1785] INFO  impl.RaftServerImpl (RaftServerImpl.java:setRole(184)) - 9f06b4c9-079f-4989-8935-c6be59ddc82e@group-0D1055093416: changes role from  FOLLOWER to CANDIDATE at term 182 for changeToCandidate
2019-10-17 05:57:20,545 [Thread-1785] INFO  impl.RoleInfo (RoleInfo.java:updateAndGet(143)) - 9f06b4c9-079f-4989-8935-c6be59ddc82e: start LeaderElection
2019-10-17 05:57:20,559 [9f06b4c9-079f-4989-8935-c6be59ddc82e@group-0D1055093416-LeaderElection195] INFO  impl.LeaderElection (LeaderElection.java:askForVotes(178)) - 9f06b4c9-079f-4989-8935-c6be59ddc82e@group-0D1055093416-LeaderElection195: begin an election at term 183 for -1: [9f06b4c9-079f-4989-8935-c6be59ddc82e:192.168.69.82:36391, b282f9e2-3bd4-452e-9c35-1adeacc39134:192.168.69.82:42567, 3ce2c7b7-3df7-42de-af28-9ba1d65ea84e:192.168.69.82:35388], old=null
2019-10-17 05:57:20,560 [9f06b4c9-079f-4989-8935-c6be59ddc82e@group-0D1055093416-LeaderElection195] INFO  impl.LeaderElection (LogUtils.java:infoOrTrace(149)) - 9f06b4c9-079f-4989-8935-c6be59ddc82e@group-0D1055093416-LeaderElection195 got exception when requesting votes: {}
java.util.concurrent.ExecutionException: org.apache.ratis.thirdparty.io.grpc.StatusRuntimeException: UNAVAILABLE: io exception
	at java.util.concurrent.FutureTask.report(FutureTask.java:122)
	at java.util.concurrent.FutureTask.get(FutureTask.java:192)
	at org.apache.ratis.server.impl.LeaderElection.waitForResults(LeaderElection.java:259)
	at org.apache.ratis.server.impl.LeaderElection.askForVotes(LeaderElection.java:197)
	at org.apache.ratis.server.impl.LeaderElection.run(LeaderElection.java:133)
	at java.lang.Thread.run(Thread.java:748)
Caused by: org.apache.ratis.thirdparty.io.grpc.StatusRuntimeException: UNAVAILABLE: io exception
	at org.apache.ratis.thirdparty.io.grpc.stub.ClientCalls.toStatusRuntimeException(ClientCalls.java:233)
	at org.apache.ratis.thirdparty.io.grpc.stub.ClientCalls.getUnchecked(ClientCalls.java:214)
	at org.apache.ratis.thirdparty.io.grpc.stub.ClientCalls.blockingUnaryCall(ClientCalls.java:139)
	at org.apache.ratis.proto.grpc.RaftServerProtocolServiceGrpc$RaftServerProtocolServiceBlockingStub.requestVote(RaftServerProtocolServiceGrpc.java:265)
	at org.apache.ratis.grpc.server.GrpcServerProtocolClient.requestVote(GrpcServerProtocolClient.java:99)
	at org.apache.ratis.grpc.server.GrpcService.requestVote(GrpcService.java:204)
	at org.apache.ratis.server.impl.LeaderElection.lambda$submitRequests$1(LeaderElection.java:234)
	at java.util.concurrent.FutureTask.run(FutureTask.java:266)
	at java.util.concurrent.Executors$RunnableAdapter.call(Executors.java:511)
	at java.util.concurrent.FutureTask.run(FutureTask.java:266)
	at java.util.concurrent.ThreadPoolExecutor.runWorker(ThreadPoolExecutor.java:1149)
	at java.util.concurrent.ThreadPoolExecutor$Worker.run(ThreadPoolExecutor.java:624)
	... 1 more
Caused by: org.apache.ratis.thirdparty.io.netty.channel.AbstractChannel$AnnotatedConnectException: Connection refused: /192.168.69.82:42567
	at sun.nio.ch.SocketChannelImpl.checkConnect(Native Method)
	at sun.nio.ch.SocketChannelImpl.finishConnect(SocketChannelImpl.java:717)
	at org.apache.ratis.thirdparty.io.netty.channel.socket.nio.NioSocketChannel.doFinishConnect(NioSocketChannel.java:327)
	at org.apache.ratis.thirdparty.io.netty.channel.nio.AbstractNioChannel$AbstractNioUnsafe.finishConnect(AbstractNioChannel.java:340)
	at org.apache.ratis.thirdparty.io.netty.channel.nio.NioEventLoop.processSelectedKey(NioEventLoop.java:632)
	at org.apache.ratis.thirdparty.io.netty.channel.nio.NioEventLoop.processSelectedKeysOptimized(NioEventLoop.java:579)
	at org.apache.ratis.thirdparty.io.netty.channel.nio.NioEventLoop.processSelectedKeys(NioEventLoop.java:496)
	at org.apache.ratis.thirdparty.io.netty.channel.nio.NioEventLoop.run(NioEventLoop.java:458)
	at org.apache.ratis.thirdparty.io.netty.util.concurrent.SingleThreadEventExecutor$5.run(SingleThreadEventExecutor.java:897)
	at org.apache.ratis.thirdparty.io.netty.util.concurrent.FastThreadLocalRunnable.run(FastThreadLocalRunnable.java:30)
	... 1 more
Caused by: java.net.ConnectException: Connection refused
	... 11 more
2019-10-17 05:57:20,562 [9f06b4c9-079f-4989-8935-c6be59ddc82e@group-0D1055093416-LeaderElection195] INFO  impl.LeaderElection (LeaderElection.java:logAndReturn(56)) - 9f06b4c9-079f-4989-8935-c6be59ddc82e@group-0D1055093416-LeaderElection195: Election TIMEOUT; received 0 response(s) [] and 1 exception(s); 9f06b4c9-079f-4989-8935-c6be59ddc82e@group-0D1055093416:t183, leader=null, voted=9f06b4c9-079f-4989-8935-c6be59ddc82e, raftlog=9f06b4c9-079f-4989-8935-c6be59ddc82e@group-0D1055093416-SegmentedRaftLog:OPENED:c-1,f-1,i0, conf=-1: [9f06b4c9-079f-4989-8935-c6be59ddc82e:192.168.69.82:36391, b282f9e2-3bd4-452e-9c35-1adeacc39134:192.168.69.82:42567, 3ce2c7b7-3df7-42de-af28-9ba1d65ea84e:192.168.69.82:35388], old=null
2019-10-17 05:57:20,562 [9f06b4c9-079f-4989-8935-c6be59ddc82e@group-0D1055093416-LeaderElection195] INFO  impl.LeaderElection (LogUtils.java:infoOrTrace(149)) -   Exception 0: {}
java.util.concurrent.ExecutionException: org.apache.ratis.thirdparty.io.grpc.StatusRuntimeException: UNAVAILABLE: io exception
	at java.util.concurrent.FutureTask.report(FutureTask.java:122)
	at java.util.concurrent.FutureTask.get(FutureTask.java:192)
	at org.apache.ratis.server.impl.LeaderElection.waitForResults(LeaderElection.java:259)
	at org.apache.ratis.server.impl.LeaderElection.askForVotes(LeaderElection.java:197)
	at org.apache.ratis.server.impl.LeaderElection.run(LeaderElection.java:133)
	at java.lang.Thread.run(Thread.java:748)
Caused by: org.apache.ratis.thirdparty.io.grpc.StatusRuntimeException: UNAVAILABLE: io exception
	at org.apache.ratis.thirdparty.io.grpc.stub.ClientCalls.toStatusRuntimeException(ClientCalls.java:233)
	at org.apache.ratis.thirdparty.io.grpc.stub.ClientCalls.getUnchecked(ClientCalls.java:214)
	at org.apache.ratis.thirdparty.io.grpc.stub.ClientCalls.blockingUnaryCall(ClientCalls.java:139)
	at org.apache.ratis.proto.grpc.RaftServerProtocolServiceGrpc$RaftServerProtocolServiceBlockingStub.requestVote(RaftServerProtocolServiceGrpc.java:265)
	at org.apache.ratis.grpc.server.GrpcServerProtocolClient.requestVote(GrpcServerProtocolClient.java:99)
	at org.apache.ratis.grpc.server.GrpcService.requestVote(GrpcService.java:204)
	at org.apache.ratis.server.impl.LeaderElection.lambda$submitRequests$1(LeaderElection.java:234)
	at java.util.concurrent.FutureTask.run(FutureTask.java:266)
	at java.util.concurrent.Executors$RunnableAdapter.call(Executors.java:511)
	at java.util.concurrent.FutureTask.run(FutureTask.java:266)
	at java.util.concurrent.ThreadPoolExecutor.runWorker(ThreadPoolExecutor.java:1149)
	at java.util.concurrent.ThreadPoolExecutor$Worker.run(ThreadPoolExecutor.java:624)
	... 1 more
Caused by: org.apache.ratis.thirdparty.io.netty.channel.AbstractChannel$AnnotatedConnectException: Connection refused: /192.168.69.82:42567
	at sun.nio.ch.SocketChannelImpl.checkConnect(Native Method)
	at sun.nio.ch.SocketChannelImpl.finishConnect(SocketChannelImpl.java:717)
	at org.apache.ratis.thirdparty.io.netty.channel.socket.nio.NioSocketChannel.doFinishConnect(NioSocketChannel.java:327)
	at org.apache.ratis.thirdparty.io.netty.channel.nio.AbstractNioChannel$AbstractNioUnsafe.finishConnect(AbstractNioChannel.java:340)
	at org.apache.ratis.thirdparty.io.netty.channel.nio.NioEventLoop.processSelectedKey(NioEventLoop.java:632)
	at org.apache.ratis.thirdparty.io.netty.channel.nio.NioEventLoop.processSelectedKeysOptimized(NioEventLoop.java:579)
	at org.apache.ratis.thirdparty.io.netty.channel.nio.NioEventLoop.processSelectedKeys(NioEventLoop.java:496)
	at org.apache.ratis.thirdparty.io.netty.channel.nio.NioEventLoop.run(NioEventLoop.java:458)
	at org.apache.ratis.thirdparty.io.netty.util.concurrent.SingleThreadEventExecutor$5.run(SingleThreadEventExecutor.java:897)
	at org.apache.ratis.thirdparty.io.netty.util.concurrent.FastThreadLocalRunnable.run(FastThreadLocalRunnable.java:30)
	... 1 more
Caused by: java.net.ConnectException: Connection refused
	... 11 more
2019-10-17 05:57:20,575 [9f06b4c9-079f-4989-8935-c6be59ddc82e@group-0D1055093416-LeaderElection195] INFO  impl.LeaderElection (LeaderElection.java:askForVotes(178)) - 9f06b4c9-079f-4989-8935-c6be59ddc82e@group-0D1055093416-LeaderElection195: begin an election at term 184 for -1: [9f06b4c9-079f-4989-8935-c6be59ddc82e:192.168.69.82:36391, b282f9e2-3bd4-452e-9c35-1adeacc39134:192.168.69.82:42567, 3ce2c7b7-3df7-42de-af28-9ba1d65ea84e:192.168.69.82:35388], old=null
2019-10-17 05:57:20,576 [9f06b4c9-079f-4989-8935-c6be59ddc82e@group-0D1055093416-LeaderElection195] INFO  impl.LeaderElection (LogUtils.java:infoOrTrace(149)) - 9f06b4c9-079f-4989-8935-c6be59ddc82e@group-0D1055093416-LeaderElection195 got exception when requesting votes: {}
java.util.concurrent.ExecutionException: org.apache.ratis.thirdparty.io.grpc.StatusRuntimeException: UNAVAILABLE: io exception
	at java.util.concurrent.FutureTask.report(FutureTask.java:122)
	at java.util.concurrent.FutureTask.get(FutureTask.java:192)
	at org.apache.ratis.server.impl.LeaderElection.waitForResults(LeaderElection.java:259)
	at org.apache.ratis.server.impl.LeaderElection.askForVotes(LeaderElection.java:197)
	at org.apache.ratis.server.impl.LeaderElection.run(LeaderElection.java:133)
	at java.lang.Thread.run(Thread.java:748)
Caused by: org.apache.ratis.thirdparty.io.grpc.StatusRuntimeException: UNAVAILABLE: io exception
	at org.apache.ratis.thirdparty.io.grpc.stub.ClientCalls.toStatusRuntimeException(ClientCalls.java:233)
	at org.apache.ratis.thirdparty.io.grpc.stub.ClientCalls.getUnchecked(ClientCalls.java:214)
	at org.apache.ratis.thirdparty.io.grpc.stub.ClientCalls.blockingUnaryCall(ClientCalls.java:139)
	at org.apache.ratis.proto.grpc.RaftServerProtocolServiceGrpc$RaftServerProtocolServiceBlockingStub.requestVote(RaftServerProtocolServiceGrpc.java:265)
	at org.apache.ratis.grpc.server.GrpcServerProtocolClient.requestVote(GrpcServerProtocolClient.java:99)
	at org.apache.ratis.grpc.server.GrpcService.requestVote(GrpcService.java:204)
	at org.apache.ratis.server.impl.LeaderElection.lambda$submitRequests$1(LeaderElection.java:234)
	at java.util.concurrent.FutureTask.run(FutureTask.java:266)
	at java.util.concurrent.Executors$RunnableAdapter.call(Executors.java:511)
	at java.util.concurrent.FutureTask.run(FutureTask.java:266)
	at java.util.concurrent.ThreadPoolExecutor.runWorker(ThreadPoolExecutor.java:1149)
	at java.util.concurrent.ThreadPoolExecutor$Worker.run(ThreadPoolExecutor.java:624)
	... 1 more
Caused by: org.apache.ratis.thirdparty.io.netty.channel.AbstractChannel$AnnotatedConnectException: Connection refused: /192.168.69.82:42567
	at sun.nio.ch.SocketChannelImpl.checkConnect(Native Method)
	at sun.nio.ch.SocketChannelImpl.finishConnect(SocketChannelImpl.java:717)
	at org.apache.ratis.thirdparty.io.netty.channel.socket.nio.NioSocketChannel.doFinishConnect(NioSocketChannel.java:327)
	at org.apache.ratis.thirdparty.io.netty.channel.nio.AbstractNioChannel$AbstractNioUnsafe.finishConnect(AbstractNioChannel.java:340)
	at org.apache.ratis.thirdparty.io.netty.channel.nio.NioEventLoop.processSelectedKey(NioEventLoop.java:632)
	at org.apache.ratis.thirdparty.io.netty.channel.nio.NioEventLoop.processSelectedKeysOptimized(NioEventLoop.java:579)
	at org.apache.ratis.thirdparty.io.netty.channel.nio.NioEventLoop.processSelectedKeys(NioEventLoop.java:496)
	at org.apache.ratis.thirdparty.io.netty.channel.nio.NioEventLoop.run(NioEventLoop.java:458)
	at org.apache.ratis.thirdparty.io.netty.util.concurrent.SingleThreadEventExecutor$5.run(SingleThreadEventExecutor.java:897)
	at org.apache.ratis.thirdparty.io.netty.util.concurrent.FastThreadLocalRunnable.run(FastThreadLocalRunnable.java:30)
	... 1 more
Caused by: java.net.ConnectException: Connection refused
	... 11 more
2019-10-17 05:57:20,578 [9f06b4c9-079f-4989-8935-c6be59ddc82e@group-0D1055093416-LeaderElection195] INFO  impl.LeaderElection (LogUtils.java:infoOrTrace(149)) - 9f06b4c9-079f-4989-8935-c6be59ddc82e@group-0D1055093416-LeaderElection195 got exception when requesting votes: {}
java.util.concurrent.ExecutionException: org.apache.ratis.thirdparty.io.grpc.StatusRuntimeException: UNAVAILABLE: io exception
	at java.util.concurrent.FutureTask.report(FutureTask.java:122)
	at java.util.concurrent.FutureTask.get(FutureTask.java:192)
	at org.apache.ratis.server.impl.LeaderElection.waitForResults(LeaderElection.java:259)
	at org.apache.ratis.server.impl.LeaderElection.askForVotes(LeaderElection.java:197)
	at org.apache.ratis.server.impl.LeaderElection.run(LeaderElection.java:133)
	at java.lang.Thread.run(Thread.java:748)
Caused by: org.apache.ratis.thirdparty.io.grpc.StatusRuntimeException: UNAVAILABLE: io exception
	at org.apache.ratis.thirdparty.io.grpc.stub.ClientCalls.toStatusRuntimeException(ClientCalls.java:233)
	at org.apache.ratis.thirdparty.io.grpc.stub.ClientCalls.getUnchecked(ClientCalls.java:214)
	at org.apache.ratis.thirdparty.io.grpc.stub.ClientCalls.blockingUnaryCall(ClientCalls.java:139)
	at org.apache.ratis.proto.grpc.RaftServerProtocolServiceGrpc$RaftServerProtocolServiceBlockingStub.requestVote(RaftServerProtocolServiceGrpc.java:265)
	at org.apache.ratis.grpc.server.GrpcServerProtocolClient.requestVote(GrpcServerProtocolClient.java:99)
	at org.apache.ratis.grpc.server.GrpcService.requestVote(GrpcService.java:204)
	at org.apache.ratis.server.impl.LeaderElection.lambda$submitRequests$1(LeaderElection.java:234)
	at java.util.concurrent.FutureTask.run(FutureTask.java:266)
	at java.util.concurrent.Executors$RunnableAdapter.call(Executors.java:511)
	at java.util.concurrent.FutureTask.run(FutureTask.java:266)
	at java.util.concurrent.ThreadPoolExecutor.runWorker(ThreadPoolExecutor.java:1149)
	at java.util.concurrent.ThreadPoolExecutor$Worker.run(ThreadPoolExecutor.java:624)
	... 1 more
Caused by: org.apache.ratis.thirdparty.io.netty.channel.AbstractChannel$AnnotatedConnectException: Connection refused: /192.168.69.82:35388
	at sun.nio.ch.SocketChannelImpl.checkConnect(Native Method)
	at sun.nio.ch.SocketChannelImpl.finishConnect(SocketChannelImpl.java:717)
	at org.apache.ratis.thirdparty.io.netty.channel.socket.nio.NioSocketChannel.doFinishConnect(NioSocketChannel.java:327)
	at org.apache.ratis.thirdparty.io.netty.channel.nio.AbstractNioChannel$AbstractNioUnsafe.finishConnect(AbstractNioChannel.java:340)
	at org.apache.ratis.thirdparty.io.netty.channel.nio.NioEventLoop.processSelectedKey(NioEventLoop.java:632)
	at org.apache.ratis.thirdparty.io.netty.channel.nio.NioEventLoop.processSelectedKeysOptimized(NioEventLoop.java:579)
	at org.apache.ratis.thirdparty.io.netty.channel.nio.NioEventLoop.processSelectedKeys(NioEventLoop.java:496)
	at org.apache.ratis.thirdparty.io.netty.channel.nio.NioEventLoop.run(NioEventLoop.java:458)
	at org.apache.ratis.thirdparty.io.netty.util.concurrent.SingleThreadEventExecutor$5.run(SingleThreadEventExecutor.java:897)
	at org.apache.ratis.thirdparty.io.netty.util.concurrent.FastThreadLocalRunnable.run(FastThreadLocalRunnable.java:30)
	... 1 more
Caused by: java.net.ConnectException: Connection refused
	... 11 more
2019-10-17 05:57:20,580 [9f06b4c9-079f-4989-8935-c6be59ddc82e@group-0D1055093416-LeaderElection195] INFO  impl.LeaderElection (LeaderElection.java:logAndReturn(56)) - 9f06b4c9-079f-4989-8935-c6be59ddc82e@group-0D1055093416-LeaderElection195: Election REJECTED; received 0 response(s) [] and 2 exception(s); 9f06b4c9-079f-4989-8935-c6be59ddc82e@group-0D1055093416:t184, leader=null, voted=9f06b4c9-079f-4989-8935-c6be59ddc82e, raftlog=9f06b4c9-079f-4989-8935-c6be59ddc82e@group-0D1055093416-SegmentedRaftLog:OPENED:c-1,f-1,i0, conf=-1: [9f06b4c9-079f-4989-8935-c6be59ddc82e:192.168.69.82:36391, b282f9e2-3bd4-452e-9c35-1adeacc39134:192.168.69.82:42567, 3ce2c7b7-3df7-42de-af28-9ba1d65ea84e:192.168.69.82:35388], old=null
2019-10-17 05:57:20,580 [9f06b4c9-079f-4989-8935-c6be59ddc82e@group-0D1055093416-LeaderElection195] INFO  impl.LeaderElection (LogUtils.java:infoOrTrace(149)) -   Exception 0: {}
java.util.concurrent.ExecutionException: org.apache.ratis.thirdparty.io.grpc.StatusRuntimeException: UNAVAILABLE: io exception
	at java.util.concurrent.FutureTask.report(FutureTask.java:122)
	at java.util.concurrent.FutureTask.get(FutureTask.java:192)
	at org.apache.ratis.server.impl.LeaderElection.waitForResults(LeaderElection.java:259)
	at org.apache.ratis.server.impl.LeaderElection.askForVotes(LeaderElection.java:197)
	at org.apache.ratis.server.impl.LeaderElection.run(LeaderElection.java:133)
	at java.lang.Thread.run(Thread.java:748)
Caused by: org.apache.ratis.thirdparty.io.grpc.StatusRuntimeException: UNAVAILABLE: io exception
	at org.apache.ratis.thirdparty.io.grpc.stub.ClientCalls.toStatusRuntimeException(ClientCalls.java:233)
	at org.apache.ratis.thirdparty.io.grpc.stub.ClientCalls.getUnchecked(ClientCalls.java:214)
	at org.apache.ratis.thirdparty.io.grpc.stub.ClientCalls.blockingUnaryCall(ClientCalls.java:139)
	at org.apache.ratis.proto.grpc.RaftServerProtocolServiceGrpc$RaftServerProtocolServiceBlockingStub.requestVote(RaftServerProtocolServiceGrpc.java:265)
	at org.apache.ratis.grpc.server.GrpcServerProtocolClient.requestVote(GrpcServerProtocolClient.java:99)
	at org.apache.ratis.grpc.server.GrpcService.requestVote(GrpcService.java:204)
	at org.apache.ratis.server.impl.LeaderElection.lambda$submitRequests$1(LeaderElection.java:234)
	at java.util.concurrent.FutureTask.run(FutureTask.java:266)
	at java.util.concurrent.Executors$RunnableAdapter.call(Executors.java:511)
	at java.util.concurrent.FutureTask.run(FutureTask.java:266)
	at java.util.concurrent.ThreadPoolExecutor.runWorker(ThreadPoolExecutor.java:1149)
	at java.util.concurrent.ThreadPoolExecutor$Worker.run(ThreadPoolExecutor.java:624)
	... 1 more
Caused by: org.apache.ratis.thirdparty.io.netty.channel.AbstractChannel$AnnotatedConnectException: Connection refused: /192.168.69.82:42567
	at sun.nio.ch.SocketChannelImpl.checkConnect(Native Method)
	at sun.nio.ch.SocketChannelImpl.finishConnect(SocketChannelImpl.java:717)
	at org.apache.ratis.thirdparty.io.netty.channel.socket.nio.NioSocketChannel.doFinishConnect(NioSocketChannel.java:327)
	at org.apache.ratis.thirdparty.io.netty.channel.nio.AbstractNioChannel$AbstractNioUnsafe.finishConnect(AbstractNioChannel.java:340)
	at org.apache.ratis.thirdparty.io.netty.channel.nio.NioEventLoop.processSelectedKey(NioEventLoop.java:632)
	at org.apache.ratis.thirdparty.io.netty.channel.nio.NioEventLoop.processSelectedKeysOptimized(NioEventLoop.java:579)
	at org.apache.ratis.thirdparty.io.netty.channel.nio.NioEventLoop.processSelectedKeys(NioEventLoop.java:496)
	at org.apache.ratis.thirdparty.io.netty.channel.nio.NioEventLoop.run(NioEventLoop.java:458)
	at org.apache.ratis.thirdparty.io.netty.util.concurrent.SingleThreadEventExecutor$5.run(SingleThreadEventExecutor.java:897)
	at org.apache.ratis.thirdparty.io.netty.util.concurrent.FastThreadLocalRunnable.run(FastThreadLocalRunnable.java:30)
	... 1 more
Caused by: java.net.ConnectException: Connection refused
	... 11 more
2019-10-17 05:57:20,580 [9f06b4c9-079f-4989-8935-c6be59ddc82e@group-0D1055093416-LeaderElection195] INFO  impl.LeaderElection (LogUtils.java:infoOrTrace(149)) -   Exception 1: {}
java.util.concurrent.ExecutionException: org.apache.ratis.thirdparty.io.grpc.StatusRuntimeException: UNAVAILABLE: io exception
	at java.util.concurrent.FutureTask.report(FutureTask.java:122)
	at java.util.concurrent.FutureTask.get(FutureTask.java:192)
	at org.apache.ratis.server.impl.LeaderElection.waitForResults(LeaderElection.java:259)
	at org.apache.ratis.server.impl.LeaderElection.askForVotes(LeaderElection.java:197)
	at org.apache.ratis.server.impl.LeaderElection.run(LeaderElection.java:133)
	at java.lang.Thread.run(Thread.java:748)
Caused by: org.apache.ratis.thirdparty.io.grpc.StatusRuntimeException: UNAVAILABLE: io exception
	at org.apache.ratis.thirdparty.io.grpc.stub.ClientCalls.toStatusRuntimeException(ClientCalls.java:233)
	at org.apache.ratis.thirdparty.io.grpc.stub.ClientCalls.getUnchecked(ClientCalls.java:214)
	at org.apache.ratis.thirdparty.io.grpc.stub.ClientCalls.blockingUnaryCall(ClientCalls.java:139)
	at org.apache.ratis.proto.grpc.RaftServerProtocolServiceGrpc$RaftServerProtocolServiceBlockingStub.requestVote(RaftServerProtocolServiceGrpc.java:265)
	at org.apache.ratis.grpc.server.GrpcServerProtocolClient.requestVote(GrpcServerProtocolClient.java:99)
	at org.apache.ratis.grpc.server.GrpcService.requestVote(GrpcService.java:204)
	at org.apache.ratis.server.impl.LeaderElection.lambda$submitRequests$1(LeaderElection.java:234)
	at java.util.concurrent.FutureTask.run(FutureTask.java:266)
	at java.util.concurrent.Executors$RunnableAdapter.call(Executors.java:511)
	at java.util.concurrent.FutureTask.run(FutureTask.java:266)
	at java.util.concurrent.ThreadPoolExecutor.runWorker(ThreadPoolExecutor.java:1149)
	at java.util.concurrent.ThreadPoolExecutor$Worker.run(ThreadPoolExecutor.java:624)
	... 1 more
Caused by: org.apache.ratis.thirdparty.io.netty.channel.AbstractChannel$AnnotatedConnectException: Connection refused: /192.168.69.82:35388
	at sun.nio.ch.SocketChannelImpl.checkConnect(Native Method)
	at sun.nio.ch.SocketChannelImpl.finishConnect(SocketChannelImpl.java:717)
	at org.apache.ratis.thirdparty.io.netty.channel.socket.nio.NioSocketChannel.doFinishConnect(NioSocketChannel.java:327)
	at org.apache.ratis.thirdparty.io.netty.channel.nio.AbstractNioChannel$AbstractNioUnsafe.finishConnect(AbstractNioChannel.java:340)
	at org.apache.ratis.thirdparty.io.netty.channel.nio.NioEventLoop.processSelectedKey(NioEventLoop.java:632)
	at org.apache.ratis.thirdparty.io.netty.channel.nio.NioEventLoop.processSelectedKeysOptimized(NioEventLoop.java:579)
	at org.apache.ratis.thirdparty.io.netty.channel.nio.NioEventLoop.processSelectedKeys(NioEventLoop.java:496)
	at org.apache.ratis.thirdparty.io.netty.channel.nio.NioEventLoop.run(NioEventLoop.java:458)
	at org.apache.ratis.thirdparty.io.netty.util.concurrent.SingleThreadEventExecutor$5.run(SingleThreadEventExecutor.java:897)
	at org.apache.ratis.thirdparty.io.netty.util.concurrent.FastThreadLocalRunnable.run(FastThreadLocalRunnable.java:30)
	... 1 more
Caused by: java.net.ConnectException: Connection refused
	... 11 more
2019-10-17 05:57:20,581 [9f06b4c9-079f-4989-8935-c6be59ddc82e@group-0D1055093416-LeaderElection195] INFO  impl.RaftServerImpl (RaftServerImpl.java:setRole(184)) - 9f06b4c9-079f-4989-8935-c6be59ddc82e@group-0D1055093416: changes role from CANDIDATE to FOLLOWER at term 184 for DISCOVERED_A_NEW_TERM
2019-10-17 05:57:20,581 [9f06b4c9-079f-4989-8935-c6be59ddc82e@group-0D1055093416-LeaderElection195] INFO  impl.RoleInfo (RoleInfo.java:shutdownLeaderElection(134)) - 9f06b4c9-079f-4989-8935-c6be59ddc82e: shutdown LeaderElection
2019-10-17 05:57:20,581 [9f06b4c9-079f-4989-8935-c6be59ddc82e@group-0D1055093416-LeaderElection195] INFO  impl.RoleInfo (RoleInfo.java:updateAndGet(143)) - 9f06b4c9-079f-4989-8935-c6be59ddc82e: start FollowerState
2019-10-17 05:57:20,766 [Thread-1792] INFO  impl.FollowerState (FollowerState.java:run(108)) - 9f06b4c9-079f-4989-8935-c6be59ddc82e@group-0D1055093416-FollowerState: change to CANDIDATE, lastRpcTime:185ms, electionTimeout:185ms
2019-10-17 05:57:20,766 [Thread-1792] INFO  impl.RoleInfo (RoleInfo.java:shutdownFollowerState(121)) - 9f06b4c9-079f-4989-8935-c6be59ddc82e: shutdown FollowerState
2019-10-17 05:57:20,766 [Thread-1792] INFO  impl.RaftServerImpl (RaftServerImpl.java:setRole(184)) - 9f06b4c9-079f-4989-8935-c6be59ddc82e@group-0D1055093416: changes role from  FOLLOWER to CANDIDATE at term 184 for changeToCandidate
2019-10-17 05:57:20,767 [Thread-1792] INFO  impl.RoleInfo (RoleInfo.java:updateAndGet(143)) - 9f06b4c9-079f-4989-8935-c6be59ddc82e: start LeaderElection
2019-10-17 05:57:20,780 [9f06b4c9-079f-4989-8935-c6be59ddc82e@group-0D1055093416-LeaderElection196] INFO  impl.LeaderElection (LeaderElection.java:askForVotes(178)) - 9f06b4c9-079f-4989-8935-c6be59ddc82e@group-0D1055093416-LeaderElection196: begin an election at term 185 for -1: [9f06b4c9-079f-4989-8935-c6be59ddc82e:192.168.69.82:36391, b282f9e2-3bd4-452e-9c35-1adeacc39134:192.168.69.82:42567, 3ce2c7b7-3df7-42de-af28-9ba1d65ea84e:192.168.69.82:35388], old=null
2019-10-17 05:57:20,781 [9f06b4c9-079f-4989-8935-c6be59ddc82e@group-0D1055093416-LeaderElection196] INFO  impl.LeaderElection (LogUtils.java:infoOrTrace(149)) - 9f06b4c9-079f-4989-8935-c6be59ddc82e@group-0D1055093416-LeaderElection196 got exception when requesting votes: {}
java.util.concurrent.ExecutionException: org.apache.ratis.thirdparty.io.grpc.StatusRuntimeException: UNAVAILABLE: io exception
	at java.util.concurrent.FutureTask.report(FutureTask.java:122)
	at java.util.concurrent.FutureTask.get(FutureTask.java:192)
	at org.apache.ratis.server.impl.LeaderElection.waitForResults(LeaderElection.java:259)
	at org.apache.ratis.server.impl.LeaderElection.askForVotes(LeaderElection.java:197)
	at org.apache.ratis.server.impl.LeaderElection.run(LeaderElection.java:133)
	at java.lang.Thread.run(Thread.java:748)
Caused by: org.apache.ratis.thirdparty.io.grpc.StatusRuntimeException: UNAVAILABLE: io exception
	at org.apache.ratis.thirdparty.io.grpc.stub.ClientCalls.toStatusRuntimeException(ClientCalls.java:233)
	at org.apache.ratis.thirdparty.io.grpc.stub.ClientCalls.getUnchecked(ClientCalls.java:214)
	at org.apache.ratis.thirdparty.io.grpc.stub.ClientCalls.blockingUnaryCall(ClientCalls.java:139)
	at org.apache.ratis.proto.grpc.RaftServerProtocolServiceGrpc$RaftServerProtocolServiceBlockingStub.requestVote(RaftServerProtocolServiceGrpc.java:265)
	at org.apache.ratis.grpc.server.GrpcServerProtocolClient.requestVote(GrpcServerProtocolClient.java:99)
	at org.apache.ratis.grpc.server.GrpcService.requestVote(GrpcService.java:204)
	at org.apache.ratis.server.impl.LeaderElection.lambda$submitRequests$1(LeaderElection.java:234)
	at java.util.concurrent.FutureTask.run(FutureTask.java:266)
	at java.util.concurrent.Executors$RunnableAdapter.call(Executors.java:511)
	at java.util.concurrent.FutureTask.run(FutureTask.java:266)
	at java.util.concurrent.ThreadPoolExecutor.runWorker(ThreadPoolExecutor.java:1149)
	at java.util.concurrent.ThreadPoolExecutor$Worker.run(ThreadPoolExecutor.java:624)
	... 1 more
Caused by: org.apache.ratis.thirdparty.io.netty.channel.AbstractChannel$AnnotatedConnectException: Connection refused: /192.168.69.82:42567
	at sun.nio.ch.SocketChannelImpl.checkConnect(Native Method)
	at sun.nio.ch.SocketChannelImpl.finishConnect(SocketChannelImpl.java:717)
	at org.apache.ratis.thirdparty.io.netty.channel.socket.nio.NioSocketChannel.doFinishConnect(NioSocketChannel.java:327)
	at org.apache.ratis.thirdparty.io.netty.channel.nio.AbstractNioChannel$AbstractNioUnsafe.finishConnect(AbstractNioChannel.java:340)
	at org.apache.ratis.thirdparty.io.netty.channel.nio.NioEventLoop.processSelectedKey(NioEventLoop.java:632)
	at org.apache.ratis.thirdparty.io.netty.channel.nio.NioEventLoop.processSelectedKeysOptimized(NioEventLoop.java:579)
	at org.apache.ratis.thirdparty.io.netty.channel.nio.NioEventLoop.processSelectedKeys(NioEventLoop.java:496)
	at org.apache.ratis.thirdparty.io.netty.channel.nio.NioEventLoop.run(NioEventLoop.java:458)
	at org.apache.ratis.thirdparty.io.netty.util.concurrent.SingleThreadEventExecutor$5.run(SingleThreadEventExecutor.java:897)
	at org.apache.ratis.thirdparty.io.netty.util.concurrent.FastThreadLocalRunnable.run(FastThreadLocalRunnable.java:30)
	... 1 more
Caused by: java.net.ConnectException: Connection refused
	... 11 more
2019-10-17 05:57:20,783 [9f06b4c9-079f-4989-8935-c6be59ddc82e@group-0D1055093416-LeaderElection196] INFO  impl.LeaderElection (LogUtils.java:infoOrTrace(149)) - 9f06b4c9-079f-4989-8935-c6be59ddc82e@group-0D1055093416-LeaderElection196 got exception when requesting votes: {}
java.util.concurrent.ExecutionException: org.apache.ratis.thirdparty.io.grpc.StatusRuntimeException: UNAVAILABLE: io exception
	at java.util.concurrent.FutureTask.report(FutureTask.java:122)
	at java.util.concurrent.FutureTask.get(FutureTask.java:192)
	at org.apache.ratis.server.impl.LeaderElection.waitForResults(LeaderElection.java:259)
	at org.apache.ratis.server.impl.LeaderElection.askForVotes(LeaderElection.java:197)
	at org.apache.ratis.server.impl.LeaderElection.run(LeaderElection.java:133)
	at java.lang.Thread.run(Thread.java:748)
Caused by: org.apache.ratis.thirdparty.io.grpc.StatusRuntimeException: UNAVAILABLE: io exception
	at org.apache.ratis.thirdparty.io.grpc.stub.ClientCalls.toStatusRuntimeException(ClientCalls.java:233)
	at org.apache.ratis.thirdparty.io.grpc.stub.ClientCalls.getUnchecked(ClientCalls.java:214)
	at org.apache.ratis.thirdparty.io.grpc.stub.ClientCalls.blockingUnaryCall(ClientCalls.java:139)
	at org.apache.ratis.proto.grpc.RaftServerProtocolServiceGrpc$RaftServerProtocolServiceBlockingStub.requestVote(RaftServerProtocolServiceGrpc.java:265)
	at org.apache.ratis.grpc.server.GrpcServerProtocolClient.requestVote(GrpcServerProtocolClient.java:99)
	at org.apache.ratis.grpc.server.GrpcService.requestVote(GrpcService.java:204)
	at org.apache.ratis.server.impl.LeaderElection.lambda$submitRequests$1(LeaderElection.java:234)
	at java.util.concurrent.FutureTask.run(FutureTask.java:266)
	at java.util.concurrent.Executors$RunnableAdapter.call(Executors.java:511)
	at java.util.concurrent.FutureTask.run(FutureTask.java:266)
	at java.util.concurrent.ThreadPoolExecutor.runWorker(ThreadPoolExecutor.java:1149)
	at java.util.concurrent.ThreadPoolExecutor$Worker.run(ThreadPoolExecutor.java:624)
	... 1 more
Caused by: org.apache.ratis.thirdparty.io.netty.channel.AbstractChannel$AnnotatedConnectException: Connection refused: /192.168.69.82:35388
	at sun.nio.ch.SocketChannelImpl.checkConnect(Native Method)
	at sun.nio.ch.SocketChannelImpl.finishConnect(SocketChannelImpl.java:717)
	at org.apache.ratis.thirdparty.io.netty.channel.socket.nio.NioSocketChannel.doFinishConnect(NioSocketChannel.java:327)
	at org.apache.ratis.thirdparty.io.netty.channel.nio.AbstractNioChannel$AbstractNioUnsafe.finishConnect(AbstractNioChannel.java:340)
	at org.apache.ratis.thirdparty.io.netty.channel.nio.NioEventLoop.processSelectedKey(NioEventLoop.java:632)
	at org.apache.ratis.thirdparty.io.netty.channel.nio.NioEventLoop.processSelectedKeysOptimized(NioEventLoop.java:579)
	at org.apache.ratis.thirdparty.io.netty.channel.nio.NioEventLoop.processSelectedKeys(NioEventLoop.java:496)
	at org.apache.ratis.thirdparty.io.netty.channel.nio.NioEventLoop.run(NioEventLoop.java:458)
	at org.apache.ratis.thirdparty.io.netty.util.concurrent.SingleThreadEventExecutor$5.run(SingleThreadEventExecutor.java:897)
	at org.apache.ratis.thirdparty.io.netty.util.concurrent.FastThreadLocalRunnable.run(FastThreadLocalRunnable.java:30)
	... 1 more
Caused by: java.net.ConnectException: Connection refused
	... 11 more
2019-10-17 05:57:20,785 [9f06b4c9-079f-4989-8935-c6be59ddc82e@group-0D1055093416-LeaderElection196] INFO  impl.LeaderElection (LeaderElection.java:logAndReturn(56)) - 9f06b4c9-079f-4989-8935-c6be59ddc82e@group-0D1055093416-LeaderElection196: Election REJECTED; received 0 response(s) [] and 2 exception(s); 9f06b4c9-079f-4989-8935-c6be59ddc82e@group-0D1055093416:t185, leader=null, voted=9f06b4c9-079f-4989-8935-c6be59ddc82e, raftlog=9f06b4c9-079f-4989-8935-c6be59ddc82e@group-0D1055093416-SegmentedRaftLog:OPENED:c-1,f-1,i0, conf=-1: [9f06b4c9-079f-4989-8935-c6be59ddc82e:192.168.69.82:36391, b282f9e2-3bd4-452e-9c35-1adeacc39134:192.168.69.82:42567, 3ce2c7b7-3df7-42de-af28-9ba1d65ea84e:192.168.69.82:35388], old=null
2019-10-17 05:57:20,785 [9f06b4c9-079f-4989-8935-c6be59ddc82e@group-0D1055093416-LeaderElection196] INFO  impl.LeaderElection (LogUtils.java:infoOrTrace(149)) -   Exception 0: {}
java.util.concurrent.ExecutionException: org.apache.ratis.thirdparty.io.grpc.StatusRuntimeException: UNAVAILABLE: io exception
	at java.util.concurrent.FutureTask.report(FutureTask.java:122)
	at java.util.concurrent.FutureTask.get(FutureTask.java:192)
	at org.apache.ratis.server.impl.LeaderElection.waitForResults(LeaderElection.java:259)
	at org.apache.ratis.server.impl.LeaderElection.askForVotes(LeaderElection.java:197)
	at org.apache.ratis.server.impl.LeaderElection.run(LeaderElection.java:133)
	at java.lang.Thread.run(Thread.java:748)
Caused by: org.apache.ratis.thirdparty.io.grpc.StatusRuntimeException: UNAVAILABLE: io exception
	at org.apache.ratis.thirdparty.io.grpc.stub.ClientCalls.toStatusRuntimeException(ClientCalls.java:233)
	at org.apache.ratis.thirdparty.io.grpc.stub.ClientCalls.getUnchecked(ClientCalls.java:214)
	at org.apache.ratis.thirdparty.io.grpc.stub.ClientCalls.blockingUnaryCall(ClientCalls.java:139)
	at org.apache.ratis.proto.grpc.RaftServerProtocolServiceGrpc$RaftServerProtocolServiceBlockingStub.requestVote(RaftServerProtocolServiceGrpc.java:265)
	at org.apache.ratis.grpc.server.GrpcServerProtocolClient.requestVote(GrpcServerProtocolClient.java:99)
	at org.apache.ratis.grpc.server.GrpcService.requestVote(GrpcService.java:204)
	at org.apache.ratis.server.impl.LeaderElection.lambda$submitRequests$1(LeaderElection.java:234)
	at java.util.concurrent.FutureTask.run(FutureTask.java:266)
	at java.util.concurrent.Executors$RunnableAdapter.call(Executors.java:511)
	at java.util.concurrent.FutureTask.run(FutureTask.java:266)
	at java.util.concurrent.ThreadPoolExecutor.runWorker(ThreadPoolExecutor.java:1149)
	at java.util.concurrent.ThreadPoolExecutor$Worker.run(ThreadPoolExecutor.java:624)
	... 1 more
Caused by: org.apache.ratis.thirdparty.io.netty.channel.AbstractChannel$AnnotatedConnectException: Connection refused: /192.168.69.82:42567
	at sun.nio.ch.SocketChannelImpl.checkConnect(Native Method)
	at sun.nio.ch.SocketChannelImpl.finishConnect(SocketChannelImpl.java:717)
	at org.apache.ratis.thirdparty.io.netty.channel.socket.nio.NioSocketChannel.doFinishConnect(NioSocketChannel.java:327)
	at org.apache.ratis.thirdparty.io.netty.channel.nio.AbstractNioChannel$AbstractNioUnsafe.finishConnect(AbstractNioChannel.java:340)
	at org.apache.ratis.thirdparty.io.netty.channel.nio.NioEventLoop.processSelectedKey(NioEventLoop.java:632)
	at org.apache.ratis.thirdparty.io.netty.channel.nio.NioEventLoop.processSelectedKeysOptimized(NioEventLoop.java:579)
	at org.apache.ratis.thirdparty.io.netty.channel.nio.NioEventLoop.processSelectedKeys(NioEventLoop.java:496)
	at org.apache.ratis.thirdparty.io.netty.channel.nio.NioEventLoop.run(NioEventLoop.java:458)
	at org.apache.ratis.thirdparty.io.netty.util.concurrent.SingleThreadEventExecutor$5.run(SingleThreadEventExecutor.java:897)
	at org.apache.ratis.thirdparty.io.netty.util.concurrent.FastThreadLocalRunnable.run(FastThreadLocalRunnable.java:30)
	... 1 more
Caused by: java.net.ConnectException: Connection refused
	... 11 more
2019-10-17 05:57:20,785 [9f06b4c9-079f-4989-8935-c6be59ddc82e@group-0D1055093416-LeaderElection196] INFO  impl.LeaderElection (LogUtils.java:infoOrTrace(149)) -   Exception 1: {}
java.util.concurrent.ExecutionException: org.apache.ratis.thirdparty.io.grpc.StatusRuntimeException: UNAVAILABLE: io exception
	at java.util.concurrent.FutureTask.report(FutureTask.java:122)
	at java.util.concurrent.FutureTask.get(FutureTask.java:192)
	at org.apache.ratis.server.impl.LeaderElection.waitForResults(LeaderElection.java:259)
	at org.apache.ratis.server.impl.LeaderElection.askForVotes(LeaderElection.java:197)
	at org.apache.ratis.server.impl.LeaderElection.run(LeaderElection.java:133)
	at java.lang.Thread.run(Thread.java:748)
Caused by: org.apache.ratis.thirdparty.io.grpc.StatusRuntimeException: UNAVAILABLE: io exception
	at org.apache.ratis.thirdparty.io.grpc.stub.ClientCalls.toStatusRuntimeException(ClientCalls.java:233)
	at org.apache.ratis.thirdparty.io.grpc.stub.ClientCalls.getUnchecked(ClientCalls.java:214)
	at org.apache.ratis.thirdparty.io.grpc.stub.ClientCalls.blockingUnaryCall(ClientCalls.java:139)
	at org.apache.ratis.proto.grpc.RaftServerProtocolServiceGrpc$RaftServerProtocolServiceBlockingStub.requestVote(RaftServerProtocolServiceGrpc.java:265)
	at org.apache.ratis.grpc.server.GrpcServerProtocolClient.requestVote(GrpcServerProtocolClient.java:99)
	at org.apache.ratis.grpc.server.GrpcService.requestVote(GrpcService.java:204)
	at org.apache.ratis.server.impl.LeaderElection.lambda$submitRequests$1(LeaderElection.java:234)
	at java.util.concurrent.FutureTask.run(FutureTask.java:266)
	at java.util.concurrent.Executors$RunnableAdapter.call(Executors.java:511)
	at java.util.concurrent.FutureTask.run(FutureTask.java:266)
	at java.util.concurrent.ThreadPoolExecutor.runWorker(ThreadPoolExecutor.java:1149)
	at java.util.concurrent.ThreadPoolExecutor$Worker.run(ThreadPoolExecutor.java:624)
	... 1 more
Caused by: org.apache.ratis.thirdparty.io.netty.channel.AbstractChannel$AnnotatedConnectException: Connection refused: /192.168.69.82:35388
	at sun.nio.ch.SocketChannelImpl.checkConnect(Native Method)
	at sun.nio.ch.SocketChannelImpl.finishConnect(SocketChannelImpl.java:717)
	at org.apache.ratis.thirdparty.io.netty.channel.socket.nio.NioSocketChannel.doFinishConnect(NioSocketChannel.java:327)
	at org.apache.ratis.thirdparty.io.netty.channel.nio.AbstractNioChannel$AbstractNioUnsafe.finishConnect(AbstractNioChannel.java:340)
	at org.apache.ratis.thirdparty.io.netty.channel.nio.NioEventLoop.processSelectedKey(NioEventLoop.java:632)
	at org.apache.ratis.thirdparty.io.netty.channel.nio.NioEventLoop.processSelectedKeysOptimized(NioEventLoop.java:579)
	at org.apache.ratis.thirdparty.io.netty.channel.nio.NioEventLoop.processSelectedKeys(NioEventLoop.java:496)
	at org.apache.ratis.thirdparty.io.netty.channel.nio.NioEventLoop.run(NioEventLoop.java:458)
	at org.apache.ratis.thirdparty.io.netty.util.concurrent.SingleThreadEventExecutor$5.run(SingleThreadEventExecutor.java:897)
	at org.apache.ratis.thirdparty.io.netty.util.concurrent.FastThreadLocalRunnable.run(FastThreadLocalRunnable.java:30)
	... 1 more
Caused by: java.net.ConnectException: Connection refused
	... 11 more
2019-10-17 05:57:20,786 [9f06b4c9-079f-4989-8935-c6be59ddc82e@group-0D1055093416-LeaderElection196] INFO  impl.RaftServerImpl (RaftServerImpl.java:setRole(184)) - 9f06b4c9-079f-4989-8935-c6be59ddc82e@group-0D1055093416: changes role from CANDIDATE to FOLLOWER at term 185 for DISCOVERED_A_NEW_TERM
2019-10-17 05:57:20,786 [9f06b4c9-079f-4989-8935-c6be59ddc82e@group-0D1055093416-LeaderElection196] INFO  impl.RoleInfo (RoleInfo.java:shutdownLeaderElection(134)) - 9f06b4c9-079f-4989-8935-c6be59ddc82e: shutdown LeaderElection
2019-10-17 05:57:20,786 [9f06b4c9-079f-4989-8935-c6be59ddc82e@group-0D1055093416-LeaderElection196] INFO  impl.RoleInfo (RoleInfo.java:updateAndGet(143)) - 9f06b4c9-079f-4989-8935-c6be59ddc82e: start FollowerState
2019-10-17 05:57:20,812 [java.util.concurrent.ThreadPoolExecutor$Worker@65b35bbb[State = -1, empty queue]] WARN  server.GrpcLogAppender (GrpcLogAppender.java:timeoutAppendRequest(209)) - b5f12832-4a97-45e3-9503-a5cba48636cf@group-74E9893F5999->596a1247-d4fb-4568-97fb-3ff1ce43250d-GrpcLogAppender: appendEntries Timeout, request=b5f12832-4a97-45e3-9503-a5cba48636cf->596a1247-d4fb-4568-97fb-3ff1ce43250d#1-t10, previous=(t:9, i:18), leaderCommit=20, initializing? false, entries: <empty>
2019-10-17 05:57:20,920 [java.util.concurrent.ThreadPoolExecutor$Worker@7f6128f[State = -1, empty queue]] WARN  server.GrpcLogAppender (GrpcLogAppender.java:timeoutAppendRequest(209)) - 194f2ff6-41c6-4f9d-98fd-e63bb60a2475@group-7066FE0FC203->d4bb136b-e602-4c0a-8f86-2462710659b1-GrpcLogAppender: appendEntries Timeout, request=194f2ff6-41c6-4f9d-98fd-e63bb60a2475->d4bb136b-e602-4c0a-8f86-2462710659b1#1-t9, previous=(t:8, i:0), leaderCommit=2, initializing? false, entries: <empty>
2019-10-17 05:57:20,964 [Thread-1796] INFO  impl.FollowerState (FollowerState.java:run(108)) - 9f06b4c9-079f-4989-8935-c6be59ddc82e@group-0D1055093416-FollowerState: change to CANDIDATE, lastRpcTime:178ms, electionTimeout:178ms
2019-10-17 05:57:20,965 [Thread-1796] INFO  impl.RoleInfo (RoleInfo.java:shutdownFollowerState(121)) - 9f06b4c9-079f-4989-8935-c6be59ddc82e: shutdown FollowerState
2019-10-17 05:57:20,965 [Thread-1796] INFO  impl.RaftServerImpl (RaftServerImpl.java:setRole(184)) - 9f06b4c9-079f-4989-8935-c6be59ddc82e@group-0D1055093416: changes role from  FOLLOWER to CANDIDATE at term 185 for changeToCandidate
2019-10-17 05:57:20,965 [Thread-1796] INFO  impl.RoleInfo (RoleInfo.java:updateAndGet(143)) - 9f06b4c9-079f-4989-8935-c6be59ddc82e: start LeaderElection
2019-10-17 05:57:20,979 [9f06b4c9-079f-4989-8935-c6be59ddc82e@group-0D1055093416-LeaderElection197] INFO  impl.LeaderElection (LeaderElection.java:askForVotes(178)) - 9f06b4c9-079f-4989-8935-c6be59ddc82e@group-0D1055093416-LeaderElection197: begin an election at term 186 for -1: [9f06b4c9-079f-4989-8935-c6be59ddc82e:192.168.69.82:36391, b282f9e2-3bd4-452e-9c35-1adeacc39134:192.168.69.82:42567, 3ce2c7b7-3df7-42de-af28-9ba1d65ea84e:192.168.69.82:35388], old=null
2019-10-17 05:57:20,979 [9f06b4c9-079f-4989-8935-c6be59ddc82e@group-0D1055093416-LeaderElection197] INFO  impl.LeaderElection (LogUtils.java:infoOrTrace(149)) - 9f06b4c9-079f-4989-8935-c6be59ddc82e@group-0D1055093416-LeaderElection197 got exception when requesting votes: {}
java.util.concurrent.ExecutionException: org.apache.ratis.thirdparty.io.grpc.StatusRuntimeException: UNAVAILABLE: io exception
	at java.util.concurrent.FutureTask.report(FutureTask.java:122)
	at java.util.concurrent.FutureTask.get(FutureTask.java:192)
	at org.apache.ratis.server.impl.LeaderElection.waitForResults(LeaderElection.java:259)
	at org.apache.ratis.server.impl.LeaderElection.askForVotes(LeaderElection.java:197)
	at org.apache.ratis.server.impl.LeaderElection.run(LeaderElection.java:133)
	at java.lang.Thread.run(Thread.java:748)
Caused by: org.apache.ratis.thirdparty.io.grpc.StatusRuntimeException: UNAVAILABLE: io exception
	at org.apache.ratis.thirdparty.io.grpc.stub.ClientCalls.toStatusRuntimeException(ClientCalls.java:233)
	at org.apache.ratis.thirdparty.io.grpc.stub.ClientCalls.getUnchecked(ClientCalls.java:214)
	at org.apache.ratis.thirdparty.io.grpc.stub.ClientCalls.blockingUnaryCall(ClientCalls.java:139)
	at org.apache.ratis.proto.grpc.RaftServerProtocolServiceGrpc$RaftServerProtocolServiceBlockingStub.requestVote(RaftServerProtocolServiceGrpc.java:265)
	at org.apache.ratis.grpc.server.GrpcServerProtocolClient.requestVote(GrpcServerProtocolClient.java:99)
	at org.apache.ratis.grpc.server.GrpcService.requestVote(GrpcService.java:204)
	at org.apache.ratis.server.impl.LeaderElection.lambda$submitRequests$1(LeaderElection.java:234)
	at java.util.concurrent.FutureTask.run(FutureTask.java:266)
	at java.util.concurrent.Executors$RunnableAdapter.call(Executors.java:511)
	at java.util.concurrent.FutureTask.run(FutureTask.java:266)
	at java.util.concurrent.ThreadPoolExecutor.runWorker(ThreadPoolExecutor.java:1149)
	at java.util.concurrent.ThreadPoolExecutor$Worker.run(ThreadPoolExecutor.java:624)
	... 1 more
Caused by: org.apache.ratis.thirdparty.io.netty.channel.AbstractChannel$AnnotatedConnectException: Connection refused: /192.168.69.82:42567
	at sun.nio.ch.SocketChannelImpl.checkConnect(Native Method)
	at sun.nio.ch.SocketChannelImpl.finishConnect(SocketChannelImpl.java:717)
	at org.apache.ratis.thirdparty.io.netty.channel.socket.nio.NioSocketChannel.doFinishConnect(NioSocketChannel.java:327)
	at org.apache.ratis.thirdparty.io.netty.channel.nio.AbstractNioChannel$AbstractNioUnsafe.finishConnect(AbstractNioChannel.java:340)
	at org.apache.ratis.thirdparty.io.netty.channel.nio.NioEventLoop.processSelectedKey(NioEventLoop.java:632)
	at org.apache.ratis.thirdparty.io.netty.channel.nio.NioEventLoop.processSelectedKeysOptimized(NioEventLoop.java:579)
	at org.apache.ratis.thirdparty.io.netty.channel.nio.NioEventLoop.processSelectedKeys(NioEventLoop.java:496)
	at org.apache.ratis.thirdparty.io.netty.channel.nio.NioEventLoop.run(NioEventLoop.java:458)
	at org.apache.ratis.thirdparty.io.netty.util.concurrent.SingleThreadEventExecutor$5.run(SingleThreadEventExecutor.java:897)
	at org.apache.ratis.thirdparty.io.netty.util.concurrent.FastThreadLocalRunnable.run(FastThreadLocalRunnable.java:30)
	... 1 more
Caused by: java.net.ConnectException: Connection refused
	... 11 more
2019-10-17 05:57:20,982 [9f06b4c9-079f-4989-8935-c6be59ddc82e@group-0D1055093416-LeaderElection197] INFO  impl.LeaderElection (LogUtils.java:infoOrTrace(149)) - 9f06b4c9-079f-4989-8935-c6be59ddc82e@group-0D1055093416-LeaderElection197 got exception when requesting votes: {}
java.util.concurrent.ExecutionException: org.apache.ratis.thirdparty.io.grpc.StatusRuntimeException: UNAVAILABLE: io exception
	at java.util.concurrent.FutureTask.report(FutureTask.java:122)
	at java.util.concurrent.FutureTask.get(FutureTask.java:192)
	at org.apache.ratis.server.impl.LeaderElection.waitForResults(LeaderElection.java:259)
	at org.apache.ratis.server.impl.LeaderElection.askForVotes(LeaderElection.java:197)
	at org.apache.ratis.server.impl.LeaderElection.run(LeaderElection.java:133)
	at java.lang.Thread.run(Thread.java:748)
Caused by: org.apache.ratis.thirdparty.io.grpc.StatusRuntimeException: UNAVAILABLE: io exception
	at org.apache.ratis.thirdparty.io.grpc.stub.ClientCalls.toStatusRuntimeException(ClientCalls.java:233)
	at org.apache.ratis.thirdparty.io.grpc.stub.ClientCalls.getUnchecked(ClientCalls.java:214)
	at org.apache.ratis.thirdparty.io.grpc.stub.ClientCalls.blockingUnaryCall(ClientCalls.java:139)
	at org.apache.ratis.proto.grpc.RaftServerProtocolServiceGrpc$RaftServerProtocolServiceBlockingStub.requestVote(RaftServerProtocolServiceGrpc.java:265)
	at org.apache.ratis.grpc.server.GrpcServerProtocolClient.requestVote(GrpcServerProtocolClient.java:99)
	at org.apache.ratis.grpc.server.GrpcService.requestVote(GrpcService.java:204)
	at org.apache.ratis.server.impl.LeaderElection.lambda$submitRequests$1(LeaderElection.java:234)
	at java.util.concurrent.FutureTask.run(FutureTask.java:266)
	at java.util.concurrent.Executors$RunnableAdapter.call(Executors.java:511)
	at java.util.concurrent.FutureTask.run(FutureTask.java:266)
	at java.util.concurrent.ThreadPoolExecutor.runWorker(ThreadPoolExecutor.java:1149)
	at java.util.concurrent.ThreadPoolExecutor$Worker.run(ThreadPoolExecutor.java:624)
	... 1 more
Caused by: org.apache.ratis.thirdparty.io.netty.channel.AbstractChannel$AnnotatedConnectException: Connection refused: /192.168.69.82:35388
	at sun.nio.ch.SocketChannelImpl.checkConnect(Native Method)
	at sun.nio.ch.SocketChannelImpl.finishConnect(SocketChannelImpl.java:717)
	at org.apache.ratis.thirdparty.io.netty.channel.socket.nio.NioSocketChannel.doFinishConnect(NioSocketChannel.java:327)
	at org.apache.ratis.thirdparty.io.netty.channel.nio.AbstractNioChannel$AbstractNioUnsafe.finishConnect(AbstractNioChannel.java:340)
	at org.apache.ratis.thirdparty.io.netty.channel.nio.NioEventLoop.processSelectedKey(NioEventLoop.java:632)
	at org.apache.ratis.thirdparty.io.netty.channel.nio.NioEventLoop.processSelectedKeysOptimized(NioEventLoop.java:579)
	at org.apache.ratis.thirdparty.io.netty.channel.nio.NioEventLoop.processSelectedKeys(NioEventLoop.java:496)
	at org.apache.ratis.thirdparty.io.netty.channel.nio.NioEventLoop.run(NioEventLoop.java:458)
	at org.apache.ratis.thirdparty.io.netty.util.concurrent.SingleThreadEventExecutor$5.run(SingleThreadEventExecutor.java:897)
	at org.apache.ratis.thirdparty.io.netty.util.concurrent.FastThreadLocalRunnable.run(FastThreadLocalRunnable.java:30)
	... 1 more
Caused by: java.net.ConnectException: Connection refused
	... 11 more
2019-10-17 05:57:20,984 [9f06b4c9-079f-4989-8935-c6be59ddc82e@group-0D1055093416-LeaderElection197] INFO  impl.LeaderElection (LeaderElection.java:logAndReturn(56)) - 9f06b4c9-079f-4989-8935-c6be59ddc82e@group-0D1055093416-LeaderElection197: Election REJECTED; received 0 response(s) [] and 2 exception(s); 9f06b4c9-079f-4989-8935-c6be59ddc82e@group-0D1055093416:t186, leader=null, voted=9f06b4c9-079f-4989-8935-c6be59ddc82e, raftlog=9f06b4c9-079f-4989-8935-c6be59ddc82e@group-0D1055093416-SegmentedRaftLog:OPENED:c-1,f-1,i0, conf=-1: [9f06b4c9-079f-4989-8935-c6be59ddc82e:192.168.69.82:36391, b282f9e2-3bd4-452e-9c35-1adeacc39134:192.168.69.82:42567, 3ce2c7b7-3df7-42de-af28-9ba1d65ea84e:192.168.69.82:35388], old=null
2019-10-17 05:57:20,984 [9f06b4c9-079f-4989-8935-c6be59ddc82e@group-0D1055093416-LeaderElection197] INFO  impl.LeaderElection (LogUtils.java:infoOrTrace(149)) -   Exception 0: {}
java.util.concurrent.ExecutionException: org.apache.ratis.thirdparty.io.grpc.StatusRuntimeException: UNAVAILABLE: io exception
	at java.util.concurrent.FutureTask.report(FutureTask.java:122)
	at java.util.concurrent.FutureTask.get(FutureTask.java:192)
	at org.apache.ratis.server.impl.LeaderElection.waitForResults(LeaderElection.java:259)
	at org.apache.ratis.server.impl.LeaderElection.askForVotes(LeaderElection.java:197)
	at org.apache.ratis.server.impl.LeaderElection.run(LeaderElection.java:133)
	at java.lang.Thread.run(Thread.java:748)
Caused by: org.apache.ratis.thirdparty.io.grpc.StatusRuntimeException: UNAVAILABLE: io exception
	at org.apache.ratis.thirdparty.io.grpc.stub.ClientCalls.toStatusRuntimeException(ClientCalls.java:233)
	at org.apache.ratis.thirdparty.io.grpc.stub.ClientCalls.getUnchecked(ClientCalls.java:214)
	at org.apache.ratis.thirdparty.io.grpc.stub.ClientCalls.blockingUnaryCall(ClientCalls.java:139)
	at org.apache.ratis.proto.grpc.RaftServerProtocolServiceGrpc$RaftServerProtocolServiceBlockingStub.requestVote(RaftServerProtocolServiceGrpc.java:265)
	at org.apache.ratis.grpc.server.GrpcServerProtocolClient.requestVote(GrpcServerProtocolClient.java:99)
	at org.apache.ratis.grpc.server.GrpcService.requestVote(GrpcService.java:204)
	at org.apache.ratis.server.impl.LeaderElection.lambda$submitRequests$1(LeaderElection.java:234)
	at java.util.concurrent.FutureTask.run(FutureTask.java:266)
	at java.util.concurrent.Executors$RunnableAdapter.call(Executors.java:511)
	at java.util.concurrent.FutureTask.run(FutureTask.java:266)
	at java.util.concurrent.ThreadPoolExecutor.runWorker(ThreadPoolExecutor.java:1149)
	at java.util.concurrent.ThreadPoolExecutor$Worker.run(ThreadPoolExecutor.java:624)
	... 1 more
Caused by: org.apache.ratis.thirdparty.io.netty.channel.AbstractChannel$AnnotatedConnectException: Connection refused: /192.168.69.82:42567
	at sun.nio.ch.SocketChannelImpl.checkConnect(Native Method)
	at sun.nio.ch.SocketChannelImpl.finishConnect(SocketChannelImpl.java:717)
	at org.apache.ratis.thirdparty.io.netty.channel.socket.nio.NioSocketChannel.doFinishConnect(NioSocketChannel.java:327)
	at org.apache.ratis.thirdparty.io.netty.channel.nio.AbstractNioChannel$AbstractNioUnsafe.finishConnect(AbstractNioChannel.java:340)
	at org.apache.ratis.thirdparty.io.netty.channel.nio.NioEventLoop.processSelectedKey(NioEventLoop.java:632)
	at org.apache.ratis.thirdparty.io.netty.channel.nio.NioEventLoop.processSelectedKeysOptimized(NioEventLoop.java:579)
	at org.apache.ratis.thirdparty.io.netty.channel.nio.NioEventLoop.processSelectedKeys(NioEventLoop.java:496)
	at org.apache.ratis.thirdparty.io.netty.channel.nio.NioEventLoop.run(NioEventLoop.java:458)
	at org.apache.ratis.thirdparty.io.netty.util.concurrent.SingleThreadEventExecutor$5.run(SingleThreadEventExecutor.java:897)
	at org.apache.ratis.thirdparty.io.netty.util.concurrent.FastThreadLocalRunnable.run(FastThreadLocalRunnable.java:30)
	... 1 more
Caused by: java.net.ConnectException: Connection refused
	... 11 more
2019-10-17 05:57:20,985 [9f06b4c9-079f-4989-8935-c6be59ddc82e@group-0D1055093416-LeaderElection197] INFO  impl.LeaderElection (LogUtils.java:infoOrTrace(149)) -   Exception 1: {}
java.util.concurrent.ExecutionException: org.apache.ratis.thirdparty.io.grpc.StatusRuntimeException: UNAVAILABLE: io exception
	at java.util.concurrent.FutureTask.report(FutureTask.java:122)
	at java.util.concurrent.FutureTask.get(FutureTask.java:192)
	at org.apache.ratis.server.impl.LeaderElection.waitForResults(LeaderElection.java:259)
	at org.apache.ratis.server.impl.LeaderElection.askForVotes(LeaderElection.java:197)
	at org.apache.ratis.server.impl.LeaderElection.run(LeaderElection.java:133)
	at java.lang.Thread.run(Thread.java:748)
Caused by: org.apache.ratis.thirdparty.io.grpc.StatusRuntimeException: UNAVAILABLE: io exception
	at org.apache.ratis.thirdparty.io.grpc.stub.ClientCalls.toStatusRuntimeException(ClientCalls.java:233)
	at org.apache.ratis.thirdparty.io.grpc.stub.ClientCalls.getUnchecked(ClientCalls.java:214)
	at org.apache.ratis.thirdparty.io.grpc.stub.ClientCalls.blockingUnaryCall(ClientCalls.java:139)
	at org.apache.ratis.proto.grpc.RaftServerProtocolServiceGrpc$RaftServerProtocolServiceBlockingStub.requestVote(RaftServerProtocolServiceGrpc.java:265)
	at org.apache.ratis.grpc.server.GrpcServerProtocolClient.requestVote(GrpcServerProtocolClient.java:99)
	at org.apache.ratis.grpc.server.GrpcService.requestVote(GrpcService.java:204)
	at org.apache.ratis.server.impl.LeaderElection.lambda$submitRequests$1(LeaderElection.java:234)
	at java.util.concurrent.FutureTask.run(FutureTask.java:266)
	at java.util.concurrent.Executors$RunnableAdapter.call(Executors.java:511)
	at java.util.concurrent.FutureTask.run(FutureTask.java:266)
	at java.util.concurrent.ThreadPoolExecutor.runWorker(ThreadPoolExecutor.java:1149)
	at java.util.concurrent.ThreadPoolExecutor$Worker.run(ThreadPoolExecutor.java:624)
	... 1 more
Caused by: org.apache.ratis.thirdparty.io.netty.channel.AbstractChannel$AnnotatedConnectException: Connection refused: /192.168.69.82:35388
	at sun.nio.ch.SocketChannelImpl.checkConnect(Native Method)
	at sun.nio.ch.SocketChannelImpl.finishConnect(SocketChannelImpl.java:717)
	at org.apache.ratis.thirdparty.io.netty.channel.socket.nio.NioSocketChannel.doFinishConnect(NioSocketChannel.java:327)
	at org.apache.ratis.thirdparty.io.netty.channel.nio.AbstractNioChannel$AbstractNioUnsafe.finishConnect(AbstractNioChannel.java:340)
	at org.apache.ratis.thirdparty.io.netty.channel.nio.NioEventLoop.processSelectedKey(NioEventLoop.java:632)
	at org.apache.ratis.thirdparty.io.netty.channel.nio.NioEventLoop.processSelectedKeysOptimized(NioEventLoop.java:579)
	at org.apache.ratis.thirdparty.io.netty.channel.nio.NioEventLoop.processSelectedKeys(NioEventLoop.java:496)
	at org.apache.ratis.thirdparty.io.netty.channel.nio.NioEventLoop.run(NioEventLoop.java:458)
	at org.apache.ratis.thirdparty.io.netty.util.concurrent.SingleThreadEventExecutor$5.run(SingleThreadEventExecutor.java:897)
	at org.apache.ratis.thirdparty.io.netty.util.concurrent.FastThreadLocalRunnable.run(FastThreadLocalRunnable.java:30)
	... 1 more
Caused by: java.net.ConnectException: Connection refused
	... 11 more
2019-10-17 05:57:20,985 [9f06b4c9-079f-4989-8935-c6be59ddc82e@group-0D1055093416-LeaderElection197] INFO  impl.RaftServerImpl (RaftServerImpl.java:setRole(184)) - 9f06b4c9-079f-4989-8935-c6be59ddc82e@group-0D1055093416: changes role from CANDIDATE to FOLLOWER at term 186 for DISCOVERED_A_NEW_TERM
2019-10-17 05:57:20,985 [9f06b4c9-079f-4989-8935-c6be59ddc82e@group-0D1055093416-LeaderElection197] INFO  impl.RoleInfo (RoleInfo.java:shutdownLeaderElection(134)) - 9f06b4c9-079f-4989-8935-c6be59ddc82e: shutdown LeaderElection
2019-10-17 05:57:20,986 [9f06b4c9-079f-4989-8935-c6be59ddc82e@group-0D1055093416-LeaderElection197] INFO  impl.RoleInfo (RoleInfo.java:updateAndGet(143)) - 9f06b4c9-079f-4989-8935-c6be59ddc82e: start FollowerState
2019-10-17 05:57:21,050 [Thread-1802] INFO  impl.FollowerState (FollowerState.java:run(108)) - 9f06b4c9-079f-4989-8935-c6be59ddc82e@group-0D1055093416-FollowerState: change to CANDIDATE, lastRpcTime:64ms, electionTimeout:64ms
2019-10-17 05:57:21,050 [Thread-1802] INFO  impl.RoleInfo (RoleInfo.java:shutdownFollowerState(121)) - 9f06b4c9-079f-4989-8935-c6be59ddc82e: shutdown FollowerState
2019-10-17 05:57:21,050 [Thread-1802] INFO  impl.RaftServerImpl (RaftServerImpl.java:setRole(184)) - 9f06b4c9-079f-4989-8935-c6be59ddc82e@group-0D1055093416: changes role from  FOLLOWER to CANDIDATE at term 186 for changeToCandidate
2019-10-17 05:57:21,050 [Thread-1802] INFO  impl.RoleInfo (RoleInfo.java:updateAndGet(143)) - 9f06b4c9-079f-4989-8935-c6be59ddc82e: start LeaderElection
2019-10-17 05:57:21,064 [9f06b4c9-079f-4989-8935-c6be59ddc82e@group-0D1055093416-LeaderElection198] INFO  impl.LeaderElection (LeaderElection.java:askForVotes(178)) - 9f06b4c9-079f-4989-8935-c6be59ddc82e@group-0D1055093416-LeaderElection198: begin an election at term 187 for -1: [9f06b4c9-079f-4989-8935-c6be59ddc82e:192.168.69.82:36391, b282f9e2-3bd4-452e-9c35-1adeacc39134:192.168.69.82:42567, 3ce2c7b7-3df7-42de-af28-9ba1d65ea84e:192.168.69.82:35388], old=null
2019-10-17 05:57:21,065 [9f06b4c9-079f-4989-8935-c6be59ddc82e@group-0D1055093416-LeaderElection198] INFO  impl.LeaderElection (LogUtils.java:infoOrTrace(149)) - 9f06b4c9-079f-4989-8935-c6be59ddc82e@group-0D1055093416-LeaderElection198 got exception when requesting votes: {}
java.util.concurrent.ExecutionException: org.apache.ratis.thirdparty.io.grpc.StatusRuntimeException: UNAVAILABLE: io exception
	at java.util.concurrent.FutureTask.report(FutureTask.java:122)
	at java.util.concurrent.FutureTask.get(FutureTask.java:192)
	at org.apache.ratis.server.impl.LeaderElection.waitForResults(LeaderElection.java:259)
	at org.apache.ratis.server.impl.LeaderElection.askForVotes(LeaderElection.java:197)
	at org.apache.ratis.server.impl.LeaderElection.run(LeaderElection.java:133)
	at java.lang.Thread.run(Thread.java:748)
Caused by: org.apache.ratis.thirdparty.io.grpc.StatusRuntimeException: UNAVAILABLE: io exception
	at org.apache.ratis.thirdparty.io.grpc.stub.ClientCalls.toStatusRuntimeException(ClientCalls.java:233)
	at org.apache.ratis.thirdparty.io.grpc.stub.ClientCalls.getUnchecked(ClientCalls.java:214)
	at org.apache.ratis.thirdparty.io.grpc.stub.ClientCalls.blockingUnaryCall(ClientCalls.java:139)
	at org.apache.ratis.proto.grpc.RaftServerProtocolServiceGrpc$RaftServerProtocolServiceBlockingStub.requestVote(RaftServerProtocolServiceGrpc.java:265)
	at org.apache.ratis.grpc.server.GrpcServerProtocolClient.requestVote(GrpcServerProtocolClient.java:99)
	at org.apache.ratis.grpc.server.GrpcService.requestVote(GrpcService.java:204)
	at org.apache.ratis.server.impl.LeaderElection.lambda$submitRequests$1(LeaderElection.java:234)
	at java.util.concurrent.FutureTask.run(FutureTask.java:266)
	at java.util.concurrent.Executors$RunnableAdapter.call(Executors.java:511)
	at java.util.concurrent.FutureTask.run(FutureTask.java:266)
	at java.util.concurrent.ThreadPoolExecutor.runWorker(ThreadPoolExecutor.java:1149)
	at java.util.concurrent.ThreadPoolExecutor$Worker.run(ThreadPoolExecutor.java:624)
	... 1 more
Caused by: org.apache.ratis.thirdparty.io.netty.channel.AbstractChannel$AnnotatedConnectException: Connection refused: /192.168.69.82:42567
	at sun.nio.ch.SocketChannelImpl.checkConnect(Native Method)
	at sun.nio.ch.SocketChannelImpl.finishConnect(SocketChannelImpl.java:717)
	at org.apache.ratis.thirdparty.io.netty.channel.socket.nio.NioSocketChannel.doFinishConnect(NioSocketChannel.java:327)
	at org.apache.ratis.thirdparty.io.netty.channel.nio.AbstractNioChannel$AbstractNioUnsafe.finishConnect(AbstractNioChannel.java:340)
	at org.apache.ratis.thirdparty.io.netty.channel.nio.NioEventLoop.processSelectedKey(NioEventLoop.java:632)
	at org.apache.ratis.thirdparty.io.netty.channel.nio.NioEventLoop.processSelectedKeysOptimized(NioEventLoop.java:579)
	at org.apache.ratis.thirdparty.io.netty.channel.nio.NioEventLoop.processSelectedKeys(NioEventLoop.java:496)
	at org.apache.ratis.thirdparty.io.netty.channel.nio.NioEventLoop.run(NioEventLoop.java:458)
	at org.apache.ratis.thirdparty.io.netty.util.concurrent.SingleThreadEventExecutor$5.run(SingleThreadEventExecutor.java:897)
	at org.apache.ratis.thirdparty.io.netty.util.concurrent.FastThreadLocalRunnable.run(FastThreadLocalRunnable.java:30)
	... 1 more
Caused by: java.net.ConnectException: Connection refused
	... 11 more
2019-10-17 05:57:21,067 [9f06b4c9-079f-4989-8935-c6be59ddc82e@group-0D1055093416-LeaderElection198] INFO  impl.LeaderElection (LogUtils.java:infoOrTrace(149)) - 9f06b4c9-079f-4989-8935-c6be59ddc82e@group-0D1055093416-LeaderElection198 got exception when requesting votes: {}
java.util.concurrent.ExecutionException: org.apache.ratis.thirdparty.io.grpc.StatusRuntimeException: UNAVAILABLE: io exception
	at java.util.concurrent.FutureTask.report(FutureTask.java:122)
	at java.util.concurrent.FutureTask.get(FutureTask.java:192)
	at org.apache.ratis.server.impl.LeaderElection.waitForResults(LeaderElection.java:259)
	at org.apache.ratis.server.impl.LeaderElection.askForVotes(LeaderElection.java:197)
	at org.apache.ratis.server.impl.LeaderElection.run(LeaderElection.java:133)
	at java.lang.Thread.run(Thread.java:748)
Caused by: org.apache.ratis.thirdparty.io.grpc.StatusRuntimeException: UNAVAILABLE: io exception
	at org.apache.ratis.thirdparty.io.grpc.stub.ClientCalls.toStatusRuntimeException(ClientCalls.java:233)
	at org.apache.ratis.thirdparty.io.grpc.stub.ClientCalls.getUnchecked(ClientCalls.java:214)
	at org.apache.ratis.thirdparty.io.grpc.stub.ClientCalls.blockingUnaryCall(ClientCalls.java:139)
	at org.apache.ratis.proto.grpc.RaftServerProtocolServiceGrpc$RaftServerProtocolServiceBlockingStub.requestVote(RaftServerProtocolServiceGrpc.java:265)
	at org.apache.ratis.grpc.server.GrpcServerProtocolClient.requestVote(GrpcServerProtocolClient.java:99)
	at org.apache.ratis.grpc.server.GrpcService.requestVote(GrpcService.java:204)
	at org.apache.ratis.server.impl.LeaderElection.lambda$submitRequests$1(LeaderElection.java:234)
	at java.util.concurrent.FutureTask.run(FutureTask.java:266)
	at java.util.concurrent.Executors$RunnableAdapter.call(Executors.java:511)
	at java.util.concurrent.FutureTask.run(FutureTask.java:266)
	at java.util.concurrent.ThreadPoolExecutor.runWorker(ThreadPoolExecutor.java:1149)
	at java.util.concurrent.ThreadPoolExecutor$Worker.run(ThreadPoolExecutor.java:624)
	... 1 more
Caused by: org.apache.ratis.thirdparty.io.netty.channel.AbstractChannel$AnnotatedConnectException: Connection refused: /192.168.69.82:35388
	at sun.nio.ch.SocketChannelImpl.checkConnect(Native Method)
	at sun.nio.ch.SocketChannelImpl.finishConnect(SocketChannelImpl.java:717)
	at org.apache.ratis.thirdparty.io.netty.channel.socket.nio.NioSocketChannel.doFinishConnect(NioSocketChannel.java:327)
	at org.apache.ratis.thirdparty.io.netty.channel.nio.AbstractNioChannel$AbstractNioUnsafe.finishConnect(AbstractNioChannel.java:340)
	at org.apache.ratis.thirdparty.io.netty.channel.nio.NioEventLoop.processSelectedKey(NioEventLoop.java:632)
	at org.apache.ratis.thirdparty.io.netty.channel.nio.NioEventLoop.processSelectedKeysOptimized(NioEventLoop.java:579)
	at org.apache.ratis.thirdparty.io.netty.channel.nio.NioEventLoop.processSelectedKeys(NioEventLoop.java:496)
	at org.apache.ratis.thirdparty.io.netty.channel.nio.NioEventLoop.run(NioEventLoop.java:458)
	at org.apache.ratis.thirdparty.io.netty.util.concurrent.SingleThreadEventExecutor$5.run(SingleThreadEventExecutor.java:897)
	at org.apache.ratis.thirdparty.io.netty.util.concurrent.FastThreadLocalRunnable.run(FastThreadLocalRunnable.java:30)
	... 1 more
Caused by: java.net.ConnectException: Connection refused
	... 11 more
2019-10-17 05:57:21,069 [9f06b4c9-079f-4989-8935-c6be59ddc82e@group-0D1055093416-LeaderElection198] INFO  impl.LeaderElection (LeaderElection.java:logAndReturn(56)) - 9f06b4c9-079f-4989-8935-c6be59ddc82e@group-0D1055093416-LeaderElection198: Election REJECTED; received 0 response(s) [] and 2 exception(s); 9f06b4c9-079f-4989-8935-c6be59ddc82e@group-0D1055093416:t187, leader=null, voted=9f06b4c9-079f-4989-8935-c6be59ddc82e, raftlog=9f06b4c9-079f-4989-8935-c6be59ddc82e@group-0D1055093416-SegmentedRaftLog:OPENED:c-1,f-1,i0, conf=-1: [9f06b4c9-079f-4989-8935-c6be59ddc82e:192.168.69.82:36391, b282f9e2-3bd4-452e-9c35-1adeacc39134:192.168.69.82:42567, 3ce2c7b7-3df7-42de-af28-9ba1d65ea84e:192.168.69.82:35388], old=null
2019-10-17 05:57:21,069 [9f06b4c9-079f-4989-8935-c6be59ddc82e@group-0D1055093416-LeaderElection198] INFO  impl.LeaderElection (LogUtils.java:infoOrTrace(149)) -   Exception 0: {}
java.util.concurrent.ExecutionException: org.apache.ratis.thirdparty.io.grpc.StatusRuntimeException: UNAVAILABLE: io exception
	at java.util.concurrent.FutureTask.report(FutureTask.java:122)
	at java.util.concurrent.FutureTask.get(FutureTask.java:192)
	at org.apache.ratis.server.impl.LeaderElection.waitForResults(LeaderElection.java:259)
	at org.apache.ratis.server.impl.LeaderElection.askForVotes(LeaderElection.java:197)
	at org.apache.ratis.server.impl.LeaderElection.run(LeaderElection.java:133)
	at java.lang.Thread.run(Thread.java:748)
Caused by: org.apache.ratis.thirdparty.io.grpc.StatusRuntimeException: UNAVAILABLE: io exception
	at org.apache.ratis.thirdparty.io.grpc.stub.ClientCalls.toStatusRuntimeException(ClientCalls.java:233)
	at org.apache.ratis.thirdparty.io.grpc.stub.ClientCalls.getUnchecked(ClientCalls.java:214)
	at org.apache.ratis.thirdparty.io.grpc.stub.ClientCalls.blockingUnaryCall(ClientCalls.java:139)
	at org.apache.ratis.proto.grpc.RaftServerProtocolServiceGrpc$RaftServerProtocolServiceBlockingStub.requestVote(RaftServerProtocolServiceGrpc.java:265)
	at org.apache.ratis.grpc.server.GrpcServerProtocolClient.requestVote(GrpcServerProtocolClient.java:99)
	at org.apache.ratis.grpc.server.GrpcService.requestVote(GrpcService.java:204)
	at org.apache.ratis.server.impl.LeaderElection.lambda$submitRequests$1(LeaderElection.java:234)
	at java.util.concurrent.FutureTask.run(FutureTask.java:266)
	at java.util.concurrent.Executors$RunnableAdapter.call(Executors.java:511)
	at java.util.concurrent.FutureTask.run(FutureTask.java:266)
	at java.util.concurrent.ThreadPoolExecutor.runWorker(ThreadPoolExecutor.java:1149)
	at java.util.concurrent.ThreadPoolExecutor$Worker.run(ThreadPoolExecutor.java:624)
	... 1 more
Caused by: org.apache.ratis.thirdparty.io.netty.channel.AbstractChannel$AnnotatedConnectException: Connection refused: /192.168.69.82:42567
	at sun.nio.ch.SocketChannelImpl.checkConnect(Native Method)
	at sun.nio.ch.SocketChannelImpl.finishConnect(SocketChannelImpl.java:717)
	at org.apache.ratis.thirdparty.io.netty.channel.socket.nio.NioSocketChannel.doFinishConnect(NioSocketChannel.java:327)
	at org.apache.ratis.thirdparty.io.netty.channel.nio.AbstractNioChannel$AbstractNioUnsafe.finishConnect(AbstractNioChannel.java:340)
	at org.apache.ratis.thirdparty.io.netty.channel.nio.NioEventLoop.processSelectedKey(NioEventLoop.java:632)
	at org.apache.ratis.thirdparty.io.netty.channel.nio.NioEventLoop.processSelectedKeysOptimized(NioEventLoop.java:579)
	at org.apache.ratis.thirdparty.io.netty.channel.nio.NioEventLoop.processSelectedKeys(NioEventLoop.java:496)
	at org.apache.ratis.thirdparty.io.netty.channel.nio.NioEventLoop.run(NioEventLoop.java:458)
	at org.apache.ratis.thirdparty.io.netty.util.concurrent.SingleThreadEventExecutor$5.run(SingleThreadEventExecutor.java:897)
	at org.apache.ratis.thirdparty.io.netty.util.concurrent.FastThreadLocalRunnable.run(FastThreadLocalRunnable.java:30)
	... 1 more
Caused by: java.net.ConnectException: Connection refused
	... 11 more
2019-10-17 05:57:21,069 [9f06b4c9-079f-4989-8935-c6be59ddc82e@group-0D1055093416-LeaderElection198] INFO  impl.LeaderElection (LogUtils.java:infoOrTrace(149)) -   Exception 1: {}
java.util.concurrent.ExecutionException: org.apache.ratis.thirdparty.io.grpc.StatusRuntimeException: UNAVAILABLE: io exception
	at java.util.concurrent.FutureTask.report(FutureTask.java:122)
	at java.util.concurrent.FutureTask.get(FutureTask.java:192)
	at org.apache.ratis.server.impl.LeaderElection.waitForResults(LeaderElection.java:259)
	at org.apache.ratis.server.impl.LeaderElection.askForVotes(LeaderElection.java:197)
	at org.apache.ratis.server.impl.LeaderElection.run(LeaderElection.java:133)
	at java.lang.Thread.run(Thread.java:748)
Caused by: org.apache.ratis.thirdparty.io.grpc.StatusRuntimeException: UNAVAILABLE: io exception
	at org.apache.ratis.thirdparty.io.grpc.stub.ClientCalls.toStatusRuntimeException(ClientCalls.java:233)
	at org.apache.ratis.thirdparty.io.grpc.stub.ClientCalls.getUnchecked(ClientCalls.java:214)
	at org.apache.ratis.thirdparty.io.grpc.stub.ClientCalls.blockingUnaryCall(ClientCalls.java:139)
	at org.apache.ratis.proto.grpc.RaftServerProtocolServiceGrpc$RaftServerProtocolServiceBlockingStub.requestVote(RaftServerProtocolServiceGrpc.java:265)
	at org.apache.ratis.grpc.server.GrpcServerProtocolClient.requestVote(GrpcServerProtocolClient.java:99)
	at org.apache.ratis.grpc.server.GrpcService.requestVote(GrpcService.java:204)
	at org.apache.ratis.server.impl.LeaderElection.lambda$submitRequests$1(LeaderElection.java:234)
	at java.util.concurrent.FutureTask.run(FutureTask.java:266)
	at java.util.concurrent.Executors$RunnableAdapter.call(Executors.java:511)
	at java.util.concurrent.FutureTask.run(FutureTask.java:266)
	at java.util.concurrent.ThreadPoolExecutor.runWorker(ThreadPoolExecutor.java:1149)
	at java.util.concurrent.ThreadPoolExecutor$Worker.run(ThreadPoolExecutor.java:624)
	... 1 more
Caused by: org.apache.ratis.thirdparty.io.netty.channel.AbstractChannel$AnnotatedConnectException: Connection refused: /192.168.69.82:35388
	at sun.nio.ch.SocketChannelImpl.checkConnect(Native Method)
	at sun.nio.ch.SocketChannelImpl.finishConnect(SocketChannelImpl.java:717)
	at org.apache.ratis.thirdparty.io.netty.channel.socket.nio.NioSocketChannel.doFinishConnect(NioSocketChannel.java:327)
	at org.apache.ratis.thirdparty.io.netty.channel.nio.AbstractNioChannel$AbstractNioUnsafe.finishConnect(AbstractNioChannel.java:340)
	at org.apache.ratis.thirdparty.io.netty.channel.nio.NioEventLoop.processSelectedKey(NioEventLoop.java:632)
	at org.apache.ratis.thirdparty.io.netty.channel.nio.NioEventLoop.processSelectedKeysOptimized(NioEventLoop.java:579)
	at org.apache.ratis.thirdparty.io.netty.channel.nio.NioEventLoop.processSelectedKeys(NioEventLoop.java:496)
	at org.apache.ratis.thirdparty.io.netty.channel.nio.NioEventLoop.run(NioEventLoop.java:458)
	at org.apache.ratis.thirdparty.io.netty.util.concurrent.SingleThreadEventExecutor$5.run(SingleThreadEventExecutor.java:897)
	at org.apache.ratis.thirdparty.io.netty.util.concurrent.FastThreadLocalRunnable.run(FastThreadLocalRunnable.java:30)
	... 1 more
Caused by: java.net.ConnectException: Connection refused
	... 11 more
2019-10-17 05:57:21,070 [9f06b4c9-079f-4989-8935-c6be59ddc82e@group-0D1055093416-LeaderElection198] INFO  impl.RaftServerImpl (RaftServerImpl.java:setRole(184)) - 9f06b4c9-079f-4989-8935-c6be59ddc82e@group-0D1055093416: changes role from CANDIDATE to FOLLOWER at term 187 for DISCOVERED_A_NEW_TERM
2019-10-17 05:57:21,070 [9f06b4c9-079f-4989-8935-c6be59ddc82e@group-0D1055093416-LeaderElection198] INFO  impl.RoleInfo (RoleInfo.java:shutdownLeaderElection(134)) - 9f06b4c9-079f-4989-8935-c6be59ddc82e: shutdown LeaderElection
2019-10-17 05:57:21,070 [9f06b4c9-079f-4989-8935-c6be59ddc82e@group-0D1055093416-LeaderElection198] INFO  impl.RoleInfo (RoleInfo.java:updateAndGet(143)) - 9f06b4c9-079f-4989-8935-c6be59ddc82e: start FollowerState
2019-10-17 05:57:21,073 [Thread-1806] INFO  impl.FollowerState (FollowerState.java:run(108)) - 9f06b4c9-079f-4989-8935-c6be59ddc82e@group-0D1055093416-FollowerState: change to CANDIDATE, lastRpcTime:3ms, electionTimeout:3ms
2019-10-17 05:57:21,073 [Thread-1806] INFO  impl.RoleInfo (RoleInfo.java:shutdownFollowerState(121)) - 9f06b4c9-079f-4989-8935-c6be59ddc82e: shutdown FollowerState
2019-10-17 05:57:21,073 [Thread-1806] INFO  impl.RaftServerImpl (RaftServerImpl.java:setRole(184)) - 9f06b4c9-079f-4989-8935-c6be59ddc82e@group-0D1055093416: changes role from  FOLLOWER to CANDIDATE at term 187 for changeToCandidate
2019-10-17 05:57:21,074 [Thread-1806] INFO  impl.RoleInfo (RoleInfo.java:updateAndGet(143)) - 9f06b4c9-079f-4989-8935-c6be59ddc82e: start LeaderElection
2019-10-17 05:57:21,087 [9f06b4c9-079f-4989-8935-c6be59ddc82e@group-0D1055093416-LeaderElection199] INFO  impl.LeaderElection (LeaderElection.java:askForVotes(178)) - 9f06b4c9-079f-4989-8935-c6be59ddc82e@group-0D1055093416-LeaderElection199: begin an election at term 188 for -1: [9f06b4c9-079f-4989-8935-c6be59ddc82e:192.168.69.82:36391, b282f9e2-3bd4-452e-9c35-1adeacc39134:192.168.69.82:42567, 3ce2c7b7-3df7-42de-af28-9ba1d65ea84e:192.168.69.82:35388], old=null
2019-10-17 05:57:21,088 [9f06b4c9-079f-4989-8935-c6be59ddc82e@group-0D1055093416-LeaderElection199] INFO  impl.LeaderElection (LogUtils.java:infoOrTrace(149)) - 9f06b4c9-079f-4989-8935-c6be59ddc82e@group-0D1055093416-LeaderElection199 got exception when requesting votes: {}
java.util.concurrent.ExecutionException: org.apache.ratis.thirdparty.io.grpc.StatusRuntimeException: UNAVAILABLE: io exception
	at java.util.concurrent.FutureTask.report(FutureTask.java:122)
	at java.util.concurrent.FutureTask.get(FutureTask.java:192)
	at org.apache.ratis.server.impl.LeaderElection.waitForResults(LeaderElection.java:259)
	at org.apache.ratis.server.impl.LeaderElection.askForVotes(LeaderElection.java:197)
	at org.apache.ratis.server.impl.LeaderElection.run(LeaderElection.java:133)
	at java.lang.Thread.run(Thread.java:748)
Caused by: org.apache.ratis.thirdparty.io.grpc.StatusRuntimeException: UNAVAILABLE: io exception
	at org.apache.ratis.thirdparty.io.grpc.stub.ClientCalls.toStatusRuntimeException(ClientCalls.java:233)
	at org.apache.ratis.thirdparty.io.grpc.stub.ClientCalls.getUnchecked(ClientCalls.java:214)
	at org.apache.ratis.thirdparty.io.grpc.stub.ClientCalls.blockingUnaryCall(ClientCalls.java:139)
	at org.apache.ratis.proto.grpc.RaftServerProtocolServiceGrpc$RaftServerProtocolServiceBlockingStub.requestVote(RaftServerProtocolServiceGrpc.java:265)
	at org.apache.ratis.grpc.server.GrpcServerProtocolClient.requestVote(GrpcServerProtocolClient.java:99)
	at org.apache.ratis.grpc.server.GrpcService.requestVote(GrpcService.java:204)
	at org.apache.ratis.server.impl.LeaderElection.lambda$submitRequests$1(LeaderElection.java:234)
	at java.util.concurrent.FutureTask.run(FutureTask.java:266)
	at java.util.concurrent.Executors$RunnableAdapter.call(Executors.java:511)
	at java.util.concurrent.FutureTask.run(FutureTask.java:266)
	at java.util.concurrent.ThreadPoolExecutor.runWorker(ThreadPoolExecutor.java:1149)
	at java.util.concurrent.ThreadPoolExecutor$Worker.run(ThreadPoolExecutor.java:624)
	... 1 more
Caused by: org.apache.ratis.thirdparty.io.netty.channel.AbstractChannel$AnnotatedConnectException: Connection refused: /192.168.69.82:42567
	at sun.nio.ch.SocketChannelImpl.checkConnect(Native Method)
	at sun.nio.ch.SocketChannelImpl.finishConnect(SocketChannelImpl.java:717)
	at org.apache.ratis.thirdparty.io.netty.channel.socket.nio.NioSocketChannel.doFinishConnect(NioSocketChannel.java:327)
	at org.apache.ratis.thirdparty.io.netty.channel.nio.AbstractNioChannel$AbstractNioUnsafe.finishConnect(AbstractNioChannel.java:340)
	at org.apache.ratis.thirdparty.io.netty.channel.nio.NioEventLoop.processSelectedKey(NioEventLoop.java:632)
	at org.apache.ratis.thirdparty.io.netty.channel.nio.NioEventLoop.processSelectedKeysOptimized(NioEventLoop.java:579)
	at org.apache.ratis.thirdparty.io.netty.channel.nio.NioEventLoop.processSelectedKeys(NioEventLoop.java:496)
	at org.apache.ratis.thirdparty.io.netty.channel.nio.NioEventLoop.run(NioEventLoop.java:458)
	at org.apache.ratis.thirdparty.io.netty.util.concurrent.SingleThreadEventExecutor$5.run(SingleThreadEventExecutor.java:897)
	at org.apache.ratis.thirdparty.io.netty.util.concurrent.FastThreadLocalRunnable.run(FastThreadLocalRunnable.java:30)
	... 1 more
Caused by: java.net.ConnectException: Connection refused
	... 11 more
2019-10-17 05:57:21,090 [9f06b4c9-079f-4989-8935-c6be59ddc82e@group-0D1055093416-LeaderElection199] INFO  impl.LeaderElection (LogUtils.java:infoOrTrace(149)) - 9f06b4c9-079f-4989-8935-c6be59ddc82e@group-0D1055093416-LeaderElection199 got exception when requesting votes: {}
java.util.concurrent.ExecutionException: org.apache.ratis.thirdparty.io.grpc.StatusRuntimeException: UNAVAILABLE: io exception
	at java.util.concurrent.FutureTask.report(FutureTask.java:122)
	at java.util.concurrent.FutureTask.get(FutureTask.java:192)
	at org.apache.ratis.server.impl.LeaderElection.waitForResults(LeaderElection.java:259)
	at org.apache.ratis.server.impl.LeaderElection.askForVotes(LeaderElection.java:197)
	at org.apache.ratis.server.impl.LeaderElection.run(LeaderElection.java:133)
	at java.lang.Thread.run(Thread.java:748)
Caused by: org.apache.ratis.thirdparty.io.grpc.StatusRuntimeException: UNAVAILABLE: io exception
	at org.apache.ratis.thirdparty.io.grpc.stub.ClientCalls.toStatusRuntimeException(ClientCalls.java:233)
	at org.apache.ratis.thirdparty.io.grpc.stub.ClientCalls.getUnchecked(ClientCalls.java:214)
	at org.apache.ratis.thirdparty.io.grpc.stub.ClientCalls.blockingUnaryCall(ClientCalls.java:139)
	at org.apache.ratis.proto.grpc.RaftServerProtocolServiceGrpc$RaftServerProtocolServiceBlockingStub.requestVote(RaftServerProtocolServiceGrpc.java:265)
	at org.apache.ratis.grpc.server.GrpcServerProtocolClient.requestVote(GrpcServerProtocolClient.java:99)
	at org.apache.ratis.grpc.server.GrpcService.requestVote(GrpcService.java:204)
	at org.apache.ratis.server.impl.LeaderElection.lambda$submitRequests$1(LeaderElection.java:234)
	at java.util.concurrent.FutureTask.run(FutureTask.java:266)
	at java.util.concurrent.Executors$RunnableAdapter.call(Executors.java:511)
	at java.util.concurrent.FutureTask.run(FutureTask.java:266)
	at java.util.concurrent.ThreadPoolExecutor.runWorker(ThreadPoolExecutor.java:1149)
	at java.util.concurrent.ThreadPoolExecutor$Worker.run(ThreadPoolExecutor.java:624)
	... 1 more
Caused by: org.apache.ratis.thirdparty.io.netty.channel.AbstractChannel$AnnotatedConnectException: Connection refused: /192.168.69.82:35388
	at sun.nio.ch.SocketChannelImpl.checkConnect(Native Method)
	at sun.nio.ch.SocketChannelImpl.finishConnect(SocketChannelImpl.java:717)
	at org.apache.ratis.thirdparty.io.netty.channel.socket.nio.NioSocketChannel.doFinishConnect(NioSocketChannel.java:327)
	at org.apache.ratis.thirdparty.io.netty.channel.nio.AbstractNioChannel$AbstractNioUnsafe.finishConnect(AbstractNioChannel.java:340)
	at org.apache.ratis.thirdparty.io.netty.channel.nio.NioEventLoop.processSelectedKey(NioEventLoop.java:632)
	at org.apache.ratis.thirdparty.io.netty.channel.nio.NioEventLoop.processSelectedKeysOptimized(NioEventLoop.java:579)
	at org.apache.ratis.thirdparty.io.netty.channel.nio.NioEventLoop.processSelectedKeys(NioEventLoop.java:496)
	at org.apache.ratis.thirdparty.io.netty.channel.nio.NioEventLoop.run(NioEventLoop.java:458)
	at org.apache.ratis.thirdparty.io.netty.util.concurrent.SingleThreadEventExecutor$5.run(SingleThreadEventExecutor.java:897)
	at org.apache.ratis.thirdparty.io.netty.util.concurrent.FastThreadLocalRunnable.run(FastThreadLocalRunnable.java:30)
	... 1 more
Caused by: java.net.ConnectException: Connection refused
	... 11 more
2019-10-17 05:57:21,092 [9f06b4c9-079f-4989-8935-c6be59ddc82e@group-0D1055093416-LeaderElection199] INFO  impl.LeaderElection (LeaderElection.java:logAndReturn(56)) - 9f06b4c9-079f-4989-8935-c6be59ddc82e@group-0D1055093416-LeaderElection199: Election REJECTED; received 0 response(s) [] and 2 exception(s); 9f06b4c9-079f-4989-8935-c6be59ddc82e@group-0D1055093416:t188, leader=null, voted=9f06b4c9-079f-4989-8935-c6be59ddc82e, raftlog=9f06b4c9-079f-4989-8935-c6be59ddc82e@group-0D1055093416-SegmentedRaftLog:OPENED:c-1,f-1,i0, conf=-1: [9f06b4c9-079f-4989-8935-c6be59ddc82e:192.168.69.82:36391, b282f9e2-3bd4-452e-9c35-1adeacc39134:192.168.69.82:42567, 3ce2c7b7-3df7-42de-af28-9ba1d65ea84e:192.168.69.82:35388], old=null
2019-10-17 05:57:21,092 [9f06b4c9-079f-4989-8935-c6be59ddc82e@group-0D1055093416-LeaderElection199] INFO  impl.LeaderElection (LogUtils.java:infoOrTrace(149)) -   Exception 0: {}
java.util.concurrent.ExecutionException: org.apache.ratis.thirdparty.io.grpc.StatusRuntimeException: UNAVAILABLE: io exception
	at java.util.concurrent.FutureTask.report(FutureTask.java:122)
	at java.util.concurrent.FutureTask.get(FutureTask.java:192)
	at org.apache.ratis.server.impl.LeaderElection.waitForResults(LeaderElection.java:259)
	at org.apache.ratis.server.impl.LeaderElection.askForVotes(LeaderElection.java:197)
	at org.apache.ratis.server.impl.LeaderElection.run(LeaderElection.java:133)
	at java.lang.Thread.run(Thread.java:748)
Caused by: org.apache.ratis.thirdparty.io.grpc.StatusRuntimeException: UNAVAILABLE: io exception
	at org.apache.ratis.thirdparty.io.grpc.stub.ClientCalls.toStatusRuntimeException(ClientCalls.java:233)
	at org.apache.ratis.thirdparty.io.grpc.stub.ClientCalls.getUnchecked(ClientCalls.java:214)
	at org.apache.ratis.thirdparty.io.grpc.stub.ClientCalls.blockingUnaryCall(ClientCalls.java:139)
	at org.apache.ratis.proto.grpc.RaftServerProtocolServiceGrpc$RaftServerProtocolServiceBlockingStub.requestVote(RaftServerProtocolServiceGrpc.java:265)
	at org.apache.ratis.grpc.server.GrpcServerProtocolClient.requestVote(GrpcServerProtocolClient.java:99)
	at org.apache.ratis.grpc.server.GrpcService.requestVote(GrpcService.java:204)
	at org.apache.ratis.server.impl.LeaderElection.lambda$submitRequests$1(LeaderElection.java:234)
	at java.util.concurrent.FutureTask.run(FutureTask.java:266)
	at java.util.concurrent.Executors$RunnableAdapter.call(Executors.java:511)
	at java.util.concurrent.FutureTask.run(FutureTask.java:266)
	at java.util.concurrent.ThreadPoolExecutor.runWorker(ThreadPoolExecutor.java:1149)
	at java.util.concurrent.ThreadPoolExecutor$Worker.run(ThreadPoolExecutor.java:624)
	... 1 more
Caused by: org.apache.ratis.thirdparty.io.netty.channel.AbstractChannel$AnnotatedConnectException: Connection refused: /192.168.69.82:42567
	at sun.nio.ch.SocketChannelImpl.checkConnect(Native Method)
	at sun.nio.ch.SocketChannelImpl.finishConnect(SocketChannelImpl.java:717)
	at org.apache.ratis.thirdparty.io.netty.channel.socket.nio.NioSocketChannel.doFinishConnect(NioSocketChannel.java:327)
	at org.apache.ratis.thirdparty.io.netty.channel.nio.AbstractNioChannel$AbstractNioUnsafe.finishConnect(AbstractNioChannel.java:340)
	at org.apache.ratis.thirdparty.io.netty.channel.nio.NioEventLoop.processSelectedKey(NioEventLoop.java:632)
	at org.apache.ratis.thirdparty.io.netty.channel.nio.NioEventLoop.processSelectedKeysOptimized(NioEventLoop.java:579)
	at org.apache.ratis.thirdparty.io.netty.channel.nio.NioEventLoop.processSelectedKeys(NioEventLoop.java:496)
	at org.apache.ratis.thirdparty.io.netty.channel.nio.NioEventLoop.run(NioEventLoop.java:458)
	at org.apache.ratis.thirdparty.io.netty.util.concurrent.SingleThreadEventExecutor$5.run(SingleThreadEventExecutor.java:897)
	at org.apache.ratis.thirdparty.io.netty.util.concurrent.FastThreadLocalRunnable.run(FastThreadLocalRunnable.java:30)
	... 1 more
Caused by: java.net.ConnectException: Connection refused
	... 11 more
2019-10-17 05:57:21,092 [9f06b4c9-079f-4989-8935-c6be59ddc82e@group-0D1055093416-LeaderElection199] INFO  impl.LeaderElection (LogUtils.java:infoOrTrace(149)) -   Exception 1: {}
java.util.concurrent.ExecutionException: org.apache.ratis.thirdparty.io.grpc.StatusRuntimeException: UNAVAILABLE: io exception
	at java.util.concurrent.FutureTask.report(FutureTask.java:122)
	at java.util.concurrent.FutureTask.get(FutureTask.java:192)
	at org.apache.ratis.server.impl.LeaderElection.waitForResults(LeaderElection.java:259)
	at org.apache.ratis.server.impl.LeaderElection.askForVotes(LeaderElection.java:197)
	at org.apache.ratis.server.impl.LeaderElection.run(LeaderElection.java:133)
	at java.lang.Thread.run(Thread.java:748)
Caused by: org.apache.ratis.thirdparty.io.grpc.StatusRuntimeException: UNAVAILABLE: io exception
	at org.apache.ratis.thirdparty.io.grpc.stub.ClientCalls.toStatusRuntimeException(ClientCalls.java:233)
	at org.apache.ratis.thirdparty.io.grpc.stub.ClientCalls.getUnchecked(ClientCalls.java:214)
	at org.apache.ratis.thirdparty.io.grpc.stub.ClientCalls.blockingUnaryCall(ClientCalls.java:139)
	at org.apache.ratis.proto.grpc.RaftServerProtocolServiceGrpc$RaftServerProtocolServiceBlockingStub.requestVote(RaftServerProtocolServiceGrpc.java:265)
	at org.apache.ratis.grpc.server.GrpcServerProtocolClient.requestVote(GrpcServerProtocolClient.java:99)
	at org.apache.ratis.grpc.server.GrpcService.requestVote(GrpcService.java:204)
	at org.apache.ratis.server.impl.LeaderElection.lambda$submitRequests$1(LeaderElection.java:234)
	at java.util.concurrent.FutureTask.run(FutureTask.java:266)
	at java.util.concurrent.Executors$RunnableAdapter.call(Executors.java:511)
	at java.util.concurrent.FutureTask.run(FutureTask.java:266)
	at java.util.concurrent.ThreadPoolExecutor.runWorker(ThreadPoolExecutor.java:1149)
	at java.util.concurrent.ThreadPoolExecutor$Worker.run(ThreadPoolExecutor.java:624)
	... 1 more
Caused by: org.apache.ratis.thirdparty.io.netty.channel.AbstractChannel$AnnotatedConnectException: Connection refused: /192.168.69.82:35388
	at sun.nio.ch.SocketChannelImpl.checkConnect(Native Method)
	at sun.nio.ch.SocketChannelImpl.finishConnect(SocketChannelImpl.java:717)
	at org.apache.ratis.thirdparty.io.netty.channel.socket.nio.NioSocketChannel.doFinishConnect(NioSocketChannel.java:327)
	at org.apache.ratis.thirdparty.io.netty.channel.nio.AbstractNioChannel$AbstractNioUnsafe.finishConnect(AbstractNioChannel.java:340)
	at org.apache.ratis.thirdparty.io.netty.channel.nio.NioEventLoop.processSelectedKey(NioEventLoop.java:632)
	at org.apache.ratis.thirdparty.io.netty.channel.nio.NioEventLoop.processSelectedKeysOptimized(NioEventLoop.java:579)
	at org.apache.ratis.thirdparty.io.netty.channel.nio.NioEventLoop.processSelectedKeys(NioEventLoop.java:496)
	at org.apache.ratis.thirdparty.io.netty.channel.nio.NioEventLoop.run(NioEventLoop.java:458)
	at org.apache.ratis.thirdparty.io.netty.util.concurrent.SingleThreadEventExecutor$5.run(SingleThreadEventExecutor.java:897)
	at org.apache.ratis.thirdparty.io.netty.util.concurrent.FastThreadLocalRunnable.run(FastThreadLocalRunnable.java:30)
	... 1 more
Caused by: java.net.ConnectException: Connection refused
	... 11 more
2019-10-17 05:57:21,092 [9f06b4c9-079f-4989-8935-c6be59ddc82e@group-0D1055093416-LeaderElection199] INFO  impl.RaftServerImpl (RaftServerImpl.java:setRole(184)) - 9f06b4c9-079f-4989-8935-c6be59ddc82e@group-0D1055093416: changes role from CANDIDATE to FOLLOWER at term 188 for DISCOVERED_A_NEW_TERM
2019-10-17 05:57:21,092 [9f06b4c9-079f-4989-8935-c6be59ddc82e@group-0D1055093416-LeaderElection199] INFO  impl.RoleInfo (RoleInfo.java:shutdownLeaderElection(134)) - 9f06b4c9-079f-4989-8935-c6be59ddc82e: shutdown LeaderElection
2019-10-17 05:57:21,093 [9f06b4c9-079f-4989-8935-c6be59ddc82e@group-0D1055093416-LeaderElection199] INFO  impl.RoleInfo (RoleInfo.java:updateAndGet(143)) - 9f06b4c9-079f-4989-8935-c6be59ddc82e: start FollowerState
2019-10-17 05:57:21,137 [Thread-1810] INFO  impl.FollowerState (FollowerState.java:run(108)) - 9f06b4c9-079f-4989-8935-c6be59ddc82e@group-0D1055093416-FollowerState: change to CANDIDATE, lastRpcTime:44ms, electionTimeout:44ms
2019-10-17 05:57:21,137 [Thread-1810] INFO  impl.RoleInfo (RoleInfo.java:shutdownFollowerState(121)) - 9f06b4c9-079f-4989-8935-c6be59ddc82e: shutdown FollowerState
2019-10-17 05:57:21,137 [Thread-1810] INFO  impl.RaftServerImpl (RaftServerImpl.java:setRole(184)) - 9f06b4c9-079f-4989-8935-c6be59ddc82e@group-0D1055093416: changes role from  FOLLOWER to CANDIDATE at term 188 for changeToCandidate
2019-10-17 05:57:21,138 [Thread-1810] INFO  impl.RoleInfo (RoleInfo.java:updateAndGet(143)) - 9f06b4c9-079f-4989-8935-c6be59ddc82e: start LeaderElection
2019-10-17 05:57:21,151 [9f06b4c9-079f-4989-8935-c6be59ddc82e@group-0D1055093416-LeaderElection200] INFO  impl.LeaderElection (LeaderElection.java:askForVotes(178)) - 9f06b4c9-079f-4989-8935-c6be59ddc82e@group-0D1055093416-LeaderElection200: begin an election at term 189 for -1: [9f06b4c9-079f-4989-8935-c6be59ddc82e:192.168.69.82:36391, b282f9e2-3bd4-452e-9c35-1adeacc39134:192.168.69.82:42567, 3ce2c7b7-3df7-42de-af28-9ba1d65ea84e:192.168.69.82:35388], old=null
2019-10-17 05:57:21,152 [9f06b4c9-079f-4989-8935-c6be59ddc82e@group-0D1055093416-LeaderElection200] INFO  impl.LeaderElection (LogUtils.java:infoOrTrace(149)) - 9f06b4c9-079f-4989-8935-c6be59ddc82e@group-0D1055093416-LeaderElection200 got exception when requesting votes: {}
java.util.concurrent.ExecutionException: org.apache.ratis.thirdparty.io.grpc.StatusRuntimeException: UNAVAILABLE: io exception
	at java.util.concurrent.FutureTask.report(FutureTask.java:122)
	at java.util.concurrent.FutureTask.get(FutureTask.java:192)
	at org.apache.ratis.server.impl.LeaderElection.waitForResults(LeaderElection.java:259)
	at org.apache.ratis.server.impl.LeaderElection.askForVotes(LeaderElection.java:197)
	at org.apache.ratis.server.impl.LeaderElection.run(LeaderElection.java:133)
	at java.lang.Thread.run(Thread.java:748)
Caused by: org.apache.ratis.thirdparty.io.grpc.StatusRuntimeException: UNAVAILABLE: io exception
	at org.apache.ratis.thirdparty.io.grpc.stub.ClientCalls.toStatusRuntimeException(ClientCalls.java:233)
	at org.apache.ratis.thirdparty.io.grpc.stub.ClientCalls.getUnchecked(ClientCalls.java:214)
	at org.apache.ratis.thirdparty.io.grpc.stub.ClientCalls.blockingUnaryCall(ClientCalls.java:139)
	at org.apache.ratis.proto.grpc.RaftServerProtocolServiceGrpc$RaftServerProtocolServiceBlockingStub.requestVote(RaftServerProtocolServiceGrpc.java:265)
	at org.apache.ratis.grpc.server.GrpcServerProtocolClient.requestVote(GrpcServerProtocolClient.java:99)
	at org.apache.ratis.grpc.server.GrpcService.requestVote(GrpcService.java:204)
	at org.apache.ratis.server.impl.LeaderElection.lambda$submitRequests$1(LeaderElection.java:234)
	at java.util.concurrent.FutureTask.run(FutureTask.java:266)
	at java.util.concurrent.Executors$RunnableAdapter.call(Executors.java:511)
	at java.util.concurrent.FutureTask.run(FutureTask.java:266)
	at java.util.concurrent.ThreadPoolExecutor.runWorker(ThreadPoolExecutor.java:1149)
	at java.util.concurrent.ThreadPoolExecutor$Worker.run(ThreadPoolExecutor.java:624)
	... 1 more
Caused by: org.apache.ratis.thirdparty.io.netty.channel.AbstractChannel$AnnotatedConnectException: Connection refused: /192.168.69.82:42567
	at sun.nio.ch.SocketChannelImpl.checkConnect(Native Method)
	at sun.nio.ch.SocketChannelImpl.finishConnect(SocketChannelImpl.java:717)
	at org.apache.ratis.thirdparty.io.netty.channel.socket.nio.NioSocketChannel.doFinishConnect(NioSocketChannel.java:327)
	at org.apache.ratis.thirdparty.io.netty.channel.nio.AbstractNioChannel$AbstractNioUnsafe.finishConnect(AbstractNioChannel.java:340)
	at org.apache.ratis.thirdparty.io.netty.channel.nio.NioEventLoop.processSelectedKey(NioEventLoop.java:632)
	at org.apache.ratis.thirdparty.io.netty.channel.nio.NioEventLoop.processSelectedKeysOptimized(NioEventLoop.java:579)
	at org.apache.ratis.thirdparty.io.netty.channel.nio.NioEventLoop.processSelectedKeys(NioEventLoop.java:496)
	at org.apache.ratis.thirdparty.io.netty.channel.nio.NioEventLoop.run(NioEventLoop.java:458)
	at org.apache.ratis.thirdparty.io.netty.util.concurrent.SingleThreadEventExecutor$5.run(SingleThreadEventExecutor.java:897)
	at org.apache.ratis.thirdparty.io.netty.util.concurrent.FastThreadLocalRunnable.run(FastThreadLocalRunnable.java:30)
	... 1 more
Caused by: java.net.ConnectException: Connection refused
	... 11 more
2019-10-17 05:57:21,154 [9f06b4c9-079f-4989-8935-c6be59ddc82e@group-0D1055093416-LeaderElection200] INFO  impl.LeaderElection (LogUtils.java:infoOrTrace(149)) - 9f06b4c9-079f-4989-8935-c6be59ddc82e@group-0D1055093416-LeaderElection200 got exception when requesting votes: {}
java.util.concurrent.ExecutionException: org.apache.ratis.thirdparty.io.grpc.StatusRuntimeException: UNAVAILABLE: io exception
	at java.util.concurrent.FutureTask.report(FutureTask.java:122)
	at java.util.concurrent.FutureTask.get(FutureTask.java:192)
	at org.apache.ratis.server.impl.LeaderElection.waitForResults(LeaderElection.java:259)
	at org.apache.ratis.server.impl.LeaderElection.askForVotes(LeaderElection.java:197)
	at org.apache.ratis.server.impl.LeaderElection.run(LeaderElection.java:133)
	at java.lang.Thread.run(Thread.java:748)
Caused by: org.apache.ratis.thirdparty.io.grpc.StatusRuntimeException: UNAVAILABLE: io exception
	at org.apache.ratis.thirdparty.io.grpc.stub.ClientCalls.toStatusRuntimeException(ClientCalls.java:233)
	at org.apache.ratis.thirdparty.io.grpc.stub.ClientCalls.getUnchecked(ClientCalls.java:214)
	at org.apache.ratis.thirdparty.io.grpc.stub.ClientCalls.blockingUnaryCall(ClientCalls.java:139)
	at org.apache.ratis.proto.grpc.RaftServerProtocolServiceGrpc$RaftServerProtocolServiceBlockingStub.requestVote(RaftServerProtocolServiceGrpc.java:265)
	at org.apache.ratis.grpc.server.GrpcServerProtocolClient.requestVote(GrpcServerProtocolClient.java:99)
	at org.apache.ratis.grpc.server.GrpcService.requestVote(GrpcService.java:204)
	at org.apache.ratis.server.impl.LeaderElection.lambda$submitRequests$1(LeaderElection.java:234)
	at java.util.concurrent.FutureTask.run(FutureTask.java:266)
	at java.util.concurrent.Executors$RunnableAdapter.call(Executors.java:511)
	at java.util.concurrent.FutureTask.run(FutureTask.java:266)
	at java.util.concurrent.ThreadPoolExecutor.runWorker(ThreadPoolExecutor.java:1149)
	at java.util.concurrent.ThreadPoolExecutor$Worker.run(ThreadPoolExecutor.java:624)
	... 1 more
Caused by: org.apache.ratis.thirdparty.io.netty.channel.AbstractChannel$AnnotatedConnectException: Connection refused: /192.168.69.82:35388
	at sun.nio.ch.SocketChannelImpl.checkConnect(Native Method)
	at sun.nio.ch.SocketChannelImpl.finishConnect(SocketChannelImpl.java:717)
	at org.apache.ratis.thirdparty.io.netty.channel.socket.nio.NioSocketChannel.doFinishConnect(NioSocketChannel.java:327)
	at org.apache.ratis.thirdparty.io.netty.channel.nio.AbstractNioChannel$AbstractNioUnsafe.finishConnect(AbstractNioChannel.java:340)
	at org.apache.ratis.thirdparty.io.netty.channel.nio.NioEventLoop.processSelectedKey(NioEventLoop.java:632)
	at org.apache.ratis.thirdparty.io.netty.channel.nio.NioEventLoop.processSelectedKeysOptimized(NioEventLoop.java:579)
	at org.apache.ratis.thirdparty.io.netty.channel.nio.NioEventLoop.processSelectedKeys(NioEventLoop.java:496)
	at org.apache.ratis.thirdparty.io.netty.channel.nio.NioEventLoop.run(NioEventLoop.java:458)
	at org.apache.ratis.thirdparty.io.netty.util.concurrent.SingleThreadEventExecutor$5.run(SingleThreadEventExecutor.java:897)
	at org.apache.ratis.thirdparty.io.netty.util.concurrent.FastThreadLocalRunnable.run(FastThreadLocalRunnable.java:30)
	... 1 more
Caused by: java.net.ConnectException: Connection refused
	... 11 more
2019-10-17 05:57:21,156 [9f06b4c9-079f-4989-8935-c6be59ddc82e@group-0D1055093416-LeaderElection200] INFO  impl.LeaderElection (LeaderElection.java:logAndReturn(56)) - 9f06b4c9-079f-4989-8935-c6be59ddc82e@group-0D1055093416-LeaderElection200: Election REJECTED; received 0 response(s) [] and 2 exception(s); 9f06b4c9-079f-4989-8935-c6be59ddc82e@group-0D1055093416:t189, leader=null, voted=9f06b4c9-079f-4989-8935-c6be59ddc82e, raftlog=9f06b4c9-079f-4989-8935-c6be59ddc82e@group-0D1055093416-SegmentedRaftLog:OPENED:c-1,f-1,i0, conf=-1: [9f06b4c9-079f-4989-8935-c6be59ddc82e:192.168.69.82:36391, b282f9e2-3bd4-452e-9c35-1adeacc39134:192.168.69.82:42567, 3ce2c7b7-3df7-42de-af28-9ba1d65ea84e:192.168.69.82:35388], old=null
2019-10-17 05:57:21,157 [9f06b4c9-079f-4989-8935-c6be59ddc82e@group-0D1055093416-LeaderElection200] INFO  impl.LeaderElection (LogUtils.java:infoOrTrace(149)) -   Exception 0: {}
java.util.concurrent.ExecutionException: org.apache.ratis.thirdparty.io.grpc.StatusRuntimeException: UNAVAILABLE: io exception
	at java.util.concurrent.FutureTask.report(FutureTask.java:122)
	at java.util.concurrent.FutureTask.get(FutureTask.java:192)
	at org.apache.ratis.server.impl.LeaderElection.waitForResults(LeaderElection.java:259)
	at org.apache.ratis.server.impl.LeaderElection.askForVotes(LeaderElection.java:197)
	at org.apache.ratis.server.impl.LeaderElection.run(LeaderElection.java:133)
	at java.lang.Thread.run(Thread.java:748)
Caused by: org.apache.ratis.thirdparty.io.grpc.StatusRuntimeException: UNAVAILABLE: io exception
	at org.apache.ratis.thirdparty.io.grpc.stub.ClientCalls.toStatusRuntimeException(ClientCalls.java:233)
	at org.apache.ratis.thirdparty.io.grpc.stub.ClientCalls.getUnchecked(ClientCalls.java:214)
	at org.apache.ratis.thirdparty.io.grpc.stub.ClientCalls.blockingUnaryCall(ClientCalls.java:139)
	at org.apache.ratis.proto.grpc.RaftServerProtocolServiceGrpc$RaftServerProtocolServiceBlockingStub.requestVote(RaftServerProtocolServiceGrpc.java:265)
	at org.apache.ratis.grpc.server.GrpcServerProtocolClient.requestVote(GrpcServerProtocolClient.java:99)
	at org.apache.ratis.grpc.server.GrpcService.requestVote(GrpcService.java:204)
	at org.apache.ratis.server.impl.LeaderElection.lambda$submitRequests$1(LeaderElection.java:234)
	at java.util.concurrent.FutureTask.run(FutureTask.java:266)
	at java.util.concurrent.Executors$RunnableAdapter.call(Executors.java:511)
	at java.util.concurrent.FutureTask.run(FutureTask.java:266)
	at java.util.concurrent.ThreadPoolExecutor.runWorker(ThreadPoolExecutor.java:1149)
	at java.util.concurrent.ThreadPoolExecutor$Worker.run(ThreadPoolExecutor.java:624)
	... 1 more
Caused by: org.apache.ratis.thirdparty.io.netty.channel.AbstractChannel$AnnotatedConnectException: Connection refused: /192.168.69.82:42567
	at sun.nio.ch.SocketChannelImpl.checkConnect(Native Method)
	at sun.nio.ch.SocketChannelImpl.finishConnect(SocketChannelImpl.java:717)
	at org.apache.ratis.thirdparty.io.netty.channel.socket.nio.NioSocketChannel.doFinishConnect(NioSocketChannel.java:327)
	at org.apache.ratis.thirdparty.io.netty.channel.nio.AbstractNioChannel$AbstractNioUnsafe.finishConnect(AbstractNioChannel.java:340)
	at org.apache.ratis.thirdparty.io.netty.channel.nio.NioEventLoop.processSelectedKey(NioEventLoop.java:632)
	at org.apache.ratis.thirdparty.io.netty.channel.nio.NioEventLoop.processSelectedKeysOptimized(NioEventLoop.java:579)
	at org.apache.ratis.thirdparty.io.netty.channel.nio.NioEventLoop.processSelectedKeys(NioEventLoop.java:496)
	at org.apache.ratis.thirdparty.io.netty.channel.nio.NioEventLoop.run(NioEventLoop.java:458)
	at org.apache.ratis.thirdparty.io.netty.util.concurrent.SingleThreadEventExecutor$5.run(SingleThreadEventExecutor.java:897)
	at org.apache.ratis.thirdparty.io.netty.util.concurrent.FastThreadLocalRunnable.run(FastThreadLocalRunnable.java:30)
	... 1 more
Caused by: java.net.ConnectException: Connection refused
	... 11 more
2019-10-17 05:57:21,157 [9f06b4c9-079f-4989-8935-c6be59ddc82e@group-0D1055093416-LeaderElection200] INFO  impl.LeaderElection (LogUtils.java:infoOrTrace(149)) -   Exception 1: {}
java.util.concurrent.ExecutionException: org.apache.ratis.thirdparty.io.grpc.StatusRuntimeException: UNAVAILABLE: io exception
	at java.util.concurrent.FutureTask.report(FutureTask.java:122)
	at java.util.concurrent.FutureTask.get(FutureTask.java:192)
	at org.apache.ratis.server.impl.LeaderElection.waitForResults(LeaderElection.java:259)
	at org.apache.ratis.server.impl.LeaderElection.askForVotes(LeaderElection.java:197)
	at org.apache.ratis.server.impl.LeaderElection.run(LeaderElection.java:133)
	at java.lang.Thread.run(Thread.java:748)
Caused by: org.apache.ratis.thirdparty.io.grpc.StatusRuntimeException: UNAVAILABLE: io exception
	at org.apache.ratis.thirdparty.io.grpc.stub.ClientCalls.toStatusRuntimeException(ClientCalls.java:233)
	at org.apache.ratis.thirdparty.io.grpc.stub.ClientCalls.getUnchecked(ClientCalls.java:214)
	at org.apache.ratis.thirdparty.io.grpc.stub.ClientCalls.blockingUnaryCall(ClientCalls.java:139)
	at org.apache.ratis.proto.grpc.RaftServerProtocolServiceGrpc$RaftServerProtocolServiceBlockingStub.requestVote(RaftServerProtocolServiceGrpc.java:265)
	at org.apache.ratis.grpc.server.GrpcServerProtocolClient.requestVote(GrpcServerProtocolClient.java:99)
	at org.apache.ratis.grpc.server.GrpcService.requestVote(GrpcService.java:204)
	at org.apache.ratis.server.impl.LeaderElection.lambda$submitRequests$1(LeaderElection.java:234)
	at java.util.concurrent.FutureTask.run(FutureTask.java:266)
	at java.util.concurrent.Executors$RunnableAdapter.call(Executors.java:511)
	at java.util.concurrent.FutureTask.run(FutureTask.java:266)
	at java.util.concurrent.ThreadPoolExecutor.runWorker(ThreadPoolExecutor.java:1149)
	at java.util.concurrent.ThreadPoolExecutor$Worker.run(ThreadPoolExecutor.java:624)
	... 1 more
Caused by: org.apache.ratis.thirdparty.io.netty.channel.AbstractChannel$AnnotatedConnectException: Connection refused: /192.168.69.82:35388
	at sun.nio.ch.SocketChannelImpl.checkConnect(Native Method)
	at sun.nio.ch.SocketChannelImpl.finishConnect(SocketChannelImpl.java:717)
	at org.apache.ratis.thirdparty.io.netty.channel.socket.nio.NioSocketChannel.doFinishConnect(NioSocketChannel.java:327)
	at org.apache.ratis.thirdparty.io.netty.channel.nio.AbstractNioChannel$AbstractNioUnsafe.finishConnect(AbstractNioChannel.java:340)
	at org.apache.ratis.thirdparty.io.netty.channel.nio.NioEventLoop.processSelectedKey(NioEventLoop.java:632)
	at org.apache.ratis.thirdparty.io.netty.channel.nio.NioEventLoop.processSelectedKeysOptimized(NioEventLoop.java:579)
	at org.apache.ratis.thirdparty.io.netty.channel.nio.NioEventLoop.processSelectedKeys(NioEventLoop.java:496)
	at org.apache.ratis.thirdparty.io.netty.channel.nio.NioEventLoop.run(NioEventLoop.java:458)
	at org.apache.ratis.thirdparty.io.netty.util.concurrent.SingleThreadEventExecutor$5.run(SingleThreadEventExecutor.java:897)
	at org.apache.ratis.thirdparty.io.netty.util.concurrent.FastThreadLocalRunnable.run(FastThreadLocalRunnable.java:30)
	... 1 more
Caused by: java.net.ConnectException: Connection refused
	... 11 more
2019-10-17 05:57:21,158 [9f06b4c9-079f-4989-8935-c6be59ddc82e@group-0D1055093416-LeaderElection200] INFO  impl.RaftServerImpl (RaftServerImpl.java:setRole(184)) - 9f06b4c9-079f-4989-8935-c6be59ddc82e@group-0D1055093416: changes role from CANDIDATE to FOLLOWER at term 189 for DISCOVERED_A_NEW_TERM
2019-10-17 05:57:21,158 [9f06b4c9-079f-4989-8935-c6be59ddc82e@group-0D1055093416-LeaderElection200] INFO  impl.RoleInfo (RoleInfo.java:shutdownLeaderElection(134)) - 9f06b4c9-079f-4989-8935-c6be59ddc82e: shutdown LeaderElection
2019-10-17 05:57:21,158 [9f06b4c9-079f-4989-8935-c6be59ddc82e@group-0D1055093416-LeaderElection200] INFO  impl.RoleInfo (RoleInfo.java:updateAndGet(143)) - 9f06b4c9-079f-4989-8935-c6be59ddc82e: start FollowerState
2019-10-17 05:57:21,242 [Thread-1814] INFO  impl.FollowerState (FollowerState.java:run(108)) - 9f06b4c9-079f-4989-8935-c6be59ddc82e@group-0D1055093416-FollowerState: change to CANDIDATE, lastRpcTime:83ms, electionTimeout:83ms
2019-10-17 05:57:21,242 [Thread-1814] INFO  impl.RoleInfo (RoleInfo.java:shutdownFollowerState(121)) - 9f06b4c9-079f-4989-8935-c6be59ddc82e: shutdown FollowerState
2019-10-17 05:57:21,242 [Thread-1814] INFO  impl.RaftServerImpl (RaftServerImpl.java:setRole(184)) - 9f06b4c9-079f-4989-8935-c6be59ddc82e@group-0D1055093416: changes role from  FOLLOWER to CANDIDATE at term 189 for changeToCandidate
2019-10-17 05:57:21,242 [Thread-1814] INFO  impl.RoleInfo (RoleInfo.java:updateAndGet(143)) - 9f06b4c9-079f-4989-8935-c6be59ddc82e: start LeaderElection
2019-10-17 05:57:21,256 [9f06b4c9-079f-4989-8935-c6be59ddc82e@group-0D1055093416-LeaderElection201] INFO  impl.LeaderElection (LeaderElection.java:askForVotes(178)) - 9f06b4c9-079f-4989-8935-c6be59ddc82e@group-0D1055093416-LeaderElection201: begin an election at term 190 for -1: [9f06b4c9-079f-4989-8935-c6be59ddc82e:192.168.69.82:36391, b282f9e2-3bd4-452e-9c35-1adeacc39134:192.168.69.82:42567, 3ce2c7b7-3df7-42de-af28-9ba1d65ea84e:192.168.69.82:35388], old=null
2019-10-17 05:57:21,257 [9f06b4c9-079f-4989-8935-c6be59ddc82e@group-0D1055093416-LeaderElection201] INFO  impl.LeaderElection (LogUtils.java:infoOrTrace(149)) - 9f06b4c9-079f-4989-8935-c6be59ddc82e@group-0D1055093416-LeaderElection201 got exception when requesting votes: {}
java.util.concurrent.ExecutionException: org.apache.ratis.thirdparty.io.grpc.StatusRuntimeException: UNAVAILABLE: io exception
	at java.util.concurrent.FutureTask.report(FutureTask.java:122)
	at java.util.concurrent.FutureTask.get(FutureTask.java:192)
	at org.apache.ratis.server.impl.LeaderElection.waitForResults(LeaderElection.java:259)
	at org.apache.ratis.server.impl.LeaderElection.askForVotes(LeaderElection.java:197)
	at org.apache.ratis.server.impl.LeaderElection.run(LeaderElection.java:133)
	at java.lang.Thread.run(Thread.java:748)
Caused by: org.apache.ratis.thirdparty.io.grpc.StatusRuntimeException: UNAVAILABLE: io exception
	at org.apache.ratis.thirdparty.io.grpc.stub.ClientCalls.toStatusRuntimeException(ClientCalls.java:233)
	at org.apache.ratis.thirdparty.io.grpc.stub.ClientCalls.getUnchecked(ClientCalls.java:214)
	at org.apache.ratis.thirdparty.io.grpc.stub.ClientCalls.blockingUnaryCall(ClientCalls.java:139)
	at org.apache.ratis.proto.grpc.RaftServerProtocolServiceGrpc$RaftServerProtocolServiceBlockingStub.requestVote(RaftServerProtocolServiceGrpc.java:265)
	at org.apache.ratis.grpc.server.GrpcServerProtocolClient.requestVote(GrpcServerProtocolClient.java:99)
	at org.apache.ratis.grpc.server.GrpcService.requestVote(GrpcService.java:204)
	at org.apache.ratis.server.impl.LeaderElection.lambda$submitRequests$1(LeaderElection.java:234)
	at java.util.concurrent.FutureTask.run(FutureTask.java:266)
	at java.util.concurrent.Executors$RunnableAdapter.call(Executors.java:511)
	at java.util.concurrent.FutureTask.run(FutureTask.java:266)
	at java.util.concurrent.ThreadPoolExecutor.runWorker(ThreadPoolExecutor.java:1149)
	at java.util.concurrent.ThreadPoolExecutor$Worker.run(ThreadPoolExecutor.java:624)
	... 1 more
Caused by: org.apache.ratis.thirdparty.io.netty.channel.AbstractChannel$AnnotatedConnectException: Connection refused: /192.168.69.82:42567
	at sun.nio.ch.SocketChannelImpl.checkConnect(Native Method)
	at sun.nio.ch.SocketChannelImpl.finishConnect(SocketChannelImpl.java:717)
	at org.apache.ratis.thirdparty.io.netty.channel.socket.nio.NioSocketChannel.doFinishConnect(NioSocketChannel.java:327)
	at org.apache.ratis.thirdparty.io.netty.channel.nio.AbstractNioChannel$AbstractNioUnsafe.finishConnect(AbstractNioChannel.java:340)
	at org.apache.ratis.thirdparty.io.netty.channel.nio.NioEventLoop.processSelectedKey(NioEventLoop.java:632)
	at org.apache.ratis.thirdparty.io.netty.channel.nio.NioEventLoop.processSelectedKeysOptimized(NioEventLoop.java:579)
	at org.apache.ratis.thirdparty.io.netty.channel.nio.NioEventLoop.processSelectedKeys(NioEventLoop.java:496)
	at org.apache.ratis.thirdparty.io.netty.channel.nio.NioEventLoop.run(NioEventLoop.java:458)
	at org.apache.ratis.thirdparty.io.netty.util.concurrent.SingleThreadEventExecutor$5.run(SingleThreadEventExecutor.java:897)
	at org.apache.ratis.thirdparty.io.netty.util.concurrent.FastThreadLocalRunnable.run(FastThreadLocalRunnable.java:30)
	... 1 more
Caused by: java.net.ConnectException: Connection refused
	... 11 more
2019-10-17 05:57:21,259 [9f06b4c9-079f-4989-8935-c6be59ddc82e@group-0D1055093416-LeaderElection201] INFO  impl.LeaderElection (LogUtils.java:infoOrTrace(149)) - 9f06b4c9-079f-4989-8935-c6be59ddc82e@group-0D1055093416-LeaderElection201 got exception when requesting votes: {}
java.util.concurrent.ExecutionException: org.apache.ratis.thirdparty.io.grpc.StatusRuntimeException: UNAVAILABLE: io exception
	at java.util.concurrent.FutureTask.report(FutureTask.java:122)
	at java.util.concurrent.FutureTask.get(FutureTask.java:192)
	at org.apache.ratis.server.impl.LeaderElection.waitForResults(LeaderElection.java:259)
	at org.apache.ratis.server.impl.LeaderElection.askForVotes(LeaderElection.java:197)
	at org.apache.ratis.server.impl.LeaderElection.run(LeaderElection.java:133)
	at java.lang.Thread.run(Thread.java:748)
Caused by: org.apache.ratis.thirdparty.io.grpc.StatusRuntimeException: UNAVAILABLE: io exception
	at org.apache.ratis.thirdparty.io.grpc.stub.ClientCalls.toStatusRuntimeException(ClientCalls.java:233)
	at org.apache.ratis.thirdparty.io.grpc.stub.ClientCalls.getUnchecked(ClientCalls.java:214)
	at org.apache.ratis.thirdparty.io.grpc.stub.ClientCalls.blockingUnaryCall(ClientCalls.java:139)
	at org.apache.ratis.proto.grpc.RaftServerProtocolServiceGrpc$RaftServerProtocolServiceBlockingStub.requestVote(RaftServerProtocolServiceGrpc.java:265)
	at org.apache.ratis.grpc.server.GrpcServerProtocolClient.requestVote(GrpcServerProtocolClient.java:99)
	at org.apache.ratis.grpc.server.GrpcService.requestVote(GrpcService.java:204)
	at org.apache.ratis.server.impl.LeaderElection.lambda$submitRequests$1(LeaderElection.java:234)
	at java.util.concurrent.FutureTask.run(FutureTask.java:266)
	at java.util.concurrent.Executors$RunnableAdapter.call(Executors.java:511)
	at java.util.concurrent.FutureTask.run(FutureTask.java:266)
	at java.util.concurrent.ThreadPoolExecutor.runWorker(ThreadPoolExecutor.java:1149)
	at java.util.concurrent.ThreadPoolExecutor$Worker.run(ThreadPoolExecutor.java:624)
	... 1 more
Caused by: org.apache.ratis.thirdparty.io.netty.channel.AbstractChannel$AnnotatedConnectException: Connection refused: /192.168.69.82:35388
	at sun.nio.ch.SocketChannelImpl.checkConnect(Native Method)
	at sun.nio.ch.SocketChannelImpl.finishConnect(SocketChannelImpl.java:717)
	at org.apache.ratis.thirdparty.io.netty.channel.socket.nio.NioSocketChannel.doFinishConnect(NioSocketChannel.java:327)
	at org.apache.ratis.thirdparty.io.netty.channel.nio.AbstractNioChannel$AbstractNioUnsafe.finishConnect(AbstractNioChannel.java:340)
	at org.apache.ratis.thirdparty.io.netty.channel.nio.NioEventLoop.processSelectedKey(NioEventLoop.java:632)
	at org.apache.ratis.thirdparty.io.netty.channel.nio.NioEventLoop.processSelectedKeysOptimized(NioEventLoop.java:579)
	at org.apache.ratis.thirdparty.io.netty.channel.nio.NioEventLoop.processSelectedKeys(NioEventLoop.java:496)
	at org.apache.ratis.thirdparty.io.netty.channel.nio.NioEventLoop.run(NioEventLoop.java:458)
	at org.apache.ratis.thirdparty.io.netty.util.concurrent.SingleThreadEventExecutor$5.run(SingleThreadEventExecutor.java:897)
	at org.apache.ratis.thirdparty.io.netty.util.concurrent.FastThreadLocalRunnable.run(FastThreadLocalRunnable.java:30)
	... 1 more
Caused by: java.net.ConnectException: Connection refused
	... 11 more
2019-10-17 05:57:21,268 [9f06b4c9-079f-4989-8935-c6be59ddc82e@group-0D1055093416-LeaderElection201] INFO  impl.LeaderElection (LeaderElection.java:logAndReturn(56)) - 9f06b4c9-079f-4989-8935-c6be59ddc82e@group-0D1055093416-LeaderElection201: Election REJECTED; received 0 response(s) [] and 2 exception(s); 9f06b4c9-079f-4989-8935-c6be59ddc82e@group-0D1055093416:t190, leader=null, voted=9f06b4c9-079f-4989-8935-c6be59ddc82e, raftlog=9f06b4c9-079f-4989-8935-c6be59ddc82e@group-0D1055093416-SegmentedRaftLog:OPENED:c-1,f-1,i0, conf=-1: [9f06b4c9-079f-4989-8935-c6be59ddc82e:192.168.69.82:36391, b282f9e2-3bd4-452e-9c35-1adeacc39134:192.168.69.82:42567, 3ce2c7b7-3df7-42de-af28-9ba1d65ea84e:192.168.69.82:35388], old=null
2019-10-17 05:57:21,268 [9f06b4c9-079f-4989-8935-c6be59ddc82e@group-0D1055093416-LeaderElection201] INFO  impl.LeaderElection (LogUtils.java:infoOrTrace(149)) -   Exception 0: {}
java.util.concurrent.ExecutionException: org.apache.ratis.thirdparty.io.grpc.StatusRuntimeException: UNAVAILABLE: io exception
	at java.util.concurrent.FutureTask.report(FutureTask.java:122)
	at java.util.concurrent.FutureTask.get(FutureTask.java:192)
	at org.apache.ratis.server.impl.LeaderElection.waitForResults(LeaderElection.java:259)
	at org.apache.ratis.server.impl.LeaderElection.askForVotes(LeaderElection.java:197)
	at org.apache.ratis.server.impl.LeaderElection.run(LeaderElection.java:133)
	at java.lang.Thread.run(Thread.java:748)
Caused by: org.apache.ratis.thirdparty.io.grpc.StatusRuntimeException: UNAVAILABLE: io exception
	at org.apache.ratis.thirdparty.io.grpc.stub.ClientCalls.toStatusRuntimeException(ClientCalls.java:233)
	at org.apache.ratis.thirdparty.io.grpc.stub.ClientCalls.getUnchecked(ClientCalls.java:214)
	at org.apache.ratis.thirdparty.io.grpc.stub.ClientCalls.blockingUnaryCall(ClientCalls.java:139)
	at org.apache.ratis.proto.grpc.RaftServerProtocolServiceGrpc$RaftServerProtocolServiceBlockingStub.requestVote(RaftServerProtocolServiceGrpc.java:265)
	at org.apache.ratis.grpc.server.GrpcServerProtocolClient.requestVote(GrpcServerProtocolClient.java:99)
	at org.apache.ratis.grpc.server.GrpcService.requestVote(GrpcService.java:204)
	at org.apache.ratis.server.impl.LeaderElection.lambda$submitRequests$1(LeaderElection.java:234)
	at java.util.concurrent.FutureTask.run(FutureTask.java:266)
	at java.util.concurrent.Executors$RunnableAdapter.call(Executors.java:511)
	at java.util.concurrent.FutureTask.run(FutureTask.java:266)
	at java.util.concurrent.ThreadPoolExecutor.runWorker(ThreadPoolExecutor.java:1149)
	at java.util.concurrent.ThreadPoolExecutor$Worker.run(ThreadPoolExecutor.java:624)
	... 1 more
Caused by: org.apache.ratis.thirdparty.io.netty.channel.AbstractChannel$AnnotatedConnectException: Connection refused: /192.168.69.82:42567
	at sun.nio.ch.SocketChannelImpl.checkConnect(Native Method)
	at sun.nio.ch.SocketChannelImpl.finishConnect(SocketChannelImpl.java:717)
	at org.apache.ratis.thirdparty.io.netty.channel.socket.nio.NioSocketChannel.doFinishConnect(NioSocketChannel.java:327)
	at org.apache.ratis.thirdparty.io.netty.channel.nio.AbstractNioChannel$AbstractNioUnsafe.finishConnect(AbstractNioChannel.java:340)
	at org.apache.ratis.thirdparty.io.netty.channel.nio.NioEventLoop.processSelectedKey(NioEventLoop.java:632)
	at org.apache.ratis.thirdparty.io.netty.channel.nio.NioEventLoop.processSelectedKeysOptimized(NioEventLoop.java:579)
	at org.apache.ratis.thirdparty.io.netty.channel.nio.NioEventLoop.processSelectedKeys(NioEventLoop.java:496)
	at org.apache.ratis.thirdparty.io.netty.channel.nio.NioEventLoop.run(NioEventLoop.java:458)
	at org.apache.ratis.thirdparty.io.netty.util.concurrent.SingleThreadEventExecutor$5.run(SingleThreadEventExecutor.java:897)
	at org.apache.ratis.thirdparty.io.netty.util.concurrent.FastThreadLocalRunnable.run(FastThreadLocalRunnable.java:30)
	... 1 more
Caused by: java.net.ConnectException: Connection refused
	... 11 more
2019-10-17 05:57:21,269 [9f06b4c9-079f-4989-8935-c6be59ddc82e@group-0D1055093416-LeaderElection201] INFO  impl.LeaderElection (LogUtils.java:infoOrTrace(149)) -   Exception 1: {}
java.util.concurrent.ExecutionException: org.apache.ratis.thirdparty.io.grpc.StatusRuntimeException: UNAVAILABLE: io exception
	at java.util.concurrent.FutureTask.report(FutureTask.java:122)
	at java.util.concurrent.FutureTask.get(FutureTask.java:192)
	at org.apache.ratis.server.impl.LeaderElection.waitForResults(LeaderElection.java:259)
	at org.apache.ratis.server.impl.LeaderElection.askForVotes(LeaderElection.java:197)
	at org.apache.ratis.server.impl.LeaderElection.run(LeaderElection.java:133)
	at java.lang.Thread.run(Thread.java:748)
Caused by: org.apache.ratis.thirdparty.io.grpc.StatusRuntimeException: UNAVAILABLE: io exception
	at org.apache.ratis.thirdparty.io.grpc.stub.ClientCalls.toStatusRuntimeException(ClientCalls.java:233)
	at org.apache.ratis.thirdparty.io.grpc.stub.ClientCalls.getUnchecked(ClientCalls.java:214)
	at org.apache.ratis.thirdparty.io.grpc.stub.ClientCalls.blockingUnaryCall(ClientCalls.java:139)
	at org.apache.ratis.proto.grpc.RaftServerProtocolServiceGrpc$RaftServerProtocolServiceBlockingStub.requestVote(RaftServerProtocolServiceGrpc.java:265)
	at org.apache.ratis.grpc.server.GrpcServerProtocolClient.requestVote(GrpcServerProtocolClient.java:99)
	at org.apache.ratis.grpc.server.GrpcService.requestVote(GrpcService.java:204)
	at org.apache.ratis.server.impl.LeaderElection.lambda$submitRequests$1(LeaderElection.java:234)
	at java.util.concurrent.FutureTask.run(FutureTask.java:266)
	at java.util.concurrent.Executors$RunnableAdapter.call(Executors.java:511)
	at java.util.concurrent.FutureTask.run(FutureTask.java:266)
	at java.util.concurrent.ThreadPoolExecutor.runWorker(ThreadPoolExecutor.java:1149)
	at java.util.concurrent.ThreadPoolExecutor$Worker.run(ThreadPoolExecutor.java:624)
	... 1 more
Caused by: org.apache.ratis.thirdparty.io.netty.channel.AbstractChannel$AnnotatedConnectException: Connection refused: /192.168.69.82:35388
	at sun.nio.ch.SocketChannelImpl.checkConnect(Native Method)
	at sun.nio.ch.SocketChannelImpl.finishConnect(SocketChannelImpl.java:717)
	at org.apache.ratis.thirdparty.io.netty.channel.socket.nio.NioSocketChannel.doFinishConnect(NioSocketChannel.java:327)
	at org.apache.ratis.thirdparty.io.netty.channel.nio.AbstractNioChannel$AbstractNioUnsafe.finishConnect(AbstractNioChannel.java:340)
	at org.apache.ratis.thirdparty.io.netty.channel.nio.NioEventLoop.processSelectedKey(NioEventLoop.java:632)
	at org.apache.ratis.thirdparty.io.netty.channel.nio.NioEventLoop.processSelectedKeysOptimized(NioEventLoop.java:579)
	at org.apache.ratis.thirdparty.io.netty.channel.nio.NioEventLoop.processSelectedKeys(NioEventLoop.java:496)
	at org.apache.ratis.thirdparty.io.netty.channel.nio.NioEventLoop.run(NioEventLoop.java:458)
	at org.apache.ratis.thirdparty.io.netty.util.concurrent.SingleThreadEventExecutor$5.run(SingleThreadEventExecutor.java:897)
	at org.apache.ratis.thirdparty.io.netty.util.concurrent.FastThreadLocalRunnable.run(FastThreadLocalRunnable.java:30)
	... 1 more
Caused by: java.net.ConnectException: Connection refused
	... 11 more
2019-10-17 05:57:21,269 [9f06b4c9-079f-4989-8935-c6be59ddc82e@group-0D1055093416-LeaderElection201] INFO  impl.RaftServerImpl (RaftServerImpl.java:setRole(184)) - 9f06b4c9-079f-4989-8935-c6be59ddc82e@group-0D1055093416: changes role from CANDIDATE to FOLLOWER at term 190 for DISCOVERED_A_NEW_TERM
2019-10-17 05:57:21,269 [9f06b4c9-079f-4989-8935-c6be59ddc82e@group-0D1055093416-LeaderElection201] INFO  impl.RoleInfo (RoleInfo.java:shutdownLeaderElection(134)) - 9f06b4c9-079f-4989-8935-c6be59ddc82e: shutdown LeaderElection
2019-10-17 05:57:21,270 [9f06b4c9-079f-4989-8935-c6be59ddc82e@group-0D1055093416-LeaderElection201] INFO  impl.RoleInfo (RoleInfo.java:updateAndGet(143)) - 9f06b4c9-079f-4989-8935-c6be59ddc82e: start FollowerState
2019-10-17 05:57:21,360 [Thread-1818] INFO  impl.FollowerState (FollowerState.java:run(108)) - 9f06b4c9-079f-4989-8935-c6be59ddc82e@group-0D1055093416-FollowerState: change to CANDIDATE, lastRpcTime:90ms, electionTimeout:90ms
2019-10-17 05:57:21,360 [Thread-1818] INFO  impl.RoleInfo (RoleInfo.java:shutdownFollowerState(121)) - 9f06b4c9-079f-4989-8935-c6be59ddc82e: shutdown FollowerState
2019-10-17 05:57:21,361 [Thread-1818] INFO  impl.RaftServerImpl (RaftServerImpl.java:setRole(184)) - 9f06b4c9-079f-4989-8935-c6be59ddc82e@group-0D1055093416: changes role from  FOLLOWER to CANDIDATE at term 190 for changeToCandidate
2019-10-17 05:57:21,361 [Thread-1818] INFO  impl.RoleInfo (RoleInfo.java:updateAndGet(143)) - 9f06b4c9-079f-4989-8935-c6be59ddc82e: start LeaderElection
2019-10-17 05:57:21,376 [9f06b4c9-079f-4989-8935-c6be59ddc82e@group-0D1055093416-LeaderElection202] INFO  impl.LeaderElection (LeaderElection.java:askForVotes(178)) - 9f06b4c9-079f-4989-8935-c6be59ddc82e@group-0D1055093416-LeaderElection202: begin an election at term 191 for -1: [9f06b4c9-079f-4989-8935-c6be59ddc82e:192.168.69.82:36391, b282f9e2-3bd4-452e-9c35-1adeacc39134:192.168.69.82:42567, 3ce2c7b7-3df7-42de-af28-9ba1d65ea84e:192.168.69.82:35388], old=null
2019-10-17 05:57:21,377 [9f06b4c9-079f-4989-8935-c6be59ddc82e@group-0D1055093416-LeaderElection202] INFO  impl.LeaderElection (LogUtils.java:infoOrTrace(149)) - 9f06b4c9-079f-4989-8935-c6be59ddc82e@group-0D1055093416-LeaderElection202 got exception when requesting votes: {}
java.util.concurrent.ExecutionException: org.apache.ratis.thirdparty.io.grpc.StatusRuntimeException: UNAVAILABLE: io exception
	at java.util.concurrent.FutureTask.report(FutureTask.java:122)
	at java.util.concurrent.FutureTask.get(FutureTask.java:192)
	at org.apache.ratis.server.impl.LeaderElection.waitForResults(LeaderElection.java:259)
	at org.apache.ratis.server.impl.LeaderElection.askForVotes(LeaderElection.java:197)
	at org.apache.ratis.server.impl.LeaderElection.run(LeaderElection.java:133)
	at java.lang.Thread.run(Thread.java:748)
Caused by: org.apache.ratis.thirdparty.io.grpc.StatusRuntimeException: UNAVAILABLE: io exception
	at org.apache.ratis.thirdparty.io.grpc.stub.ClientCalls.toStatusRuntimeException(ClientCalls.java:233)
	at org.apache.ratis.thirdparty.io.grpc.stub.ClientCalls.getUnchecked(ClientCalls.java:214)
	at org.apache.ratis.thirdparty.io.grpc.stub.ClientCalls.blockingUnaryCall(ClientCalls.java:139)
	at org.apache.ratis.proto.grpc.RaftServerProtocolServiceGrpc$RaftServerProtocolServiceBlockingStub.requestVote(RaftServerProtocolServiceGrpc.java:265)
	at org.apache.ratis.grpc.server.GrpcServerProtocolClient.requestVote(GrpcServerProtocolClient.java:99)
	at org.apache.ratis.grpc.server.GrpcService.requestVote(GrpcService.java:204)
	at org.apache.ratis.server.impl.LeaderElection.lambda$submitRequests$1(LeaderElection.java:234)
	at java.util.concurrent.FutureTask.run(FutureTask.java:266)
	at java.util.concurrent.Executors$RunnableAdapter.call(Executors.java:511)
	at java.util.concurrent.FutureTask.run(FutureTask.java:266)
	at java.util.concurrent.ThreadPoolExecutor.runWorker(ThreadPoolExecutor.java:1149)
	at java.util.concurrent.ThreadPoolExecutor$Worker.run(ThreadPoolExecutor.java:624)
	... 1 more
Caused by: org.apache.ratis.thirdparty.io.netty.channel.AbstractChannel$AnnotatedConnectException: Connection refused: /192.168.69.82:42567
	at sun.nio.ch.SocketChannelImpl.checkConnect(Native Method)
	at sun.nio.ch.SocketChannelImpl.finishConnect(SocketChannelImpl.java:717)
	at org.apache.ratis.thirdparty.io.netty.channel.socket.nio.NioSocketChannel.doFinishConnect(NioSocketChannel.java:327)
	at org.apache.ratis.thirdparty.io.netty.channel.nio.AbstractNioChannel$AbstractNioUnsafe.finishConnect(AbstractNioChannel.java:340)
	at org.apache.ratis.thirdparty.io.netty.channel.nio.NioEventLoop.processSelectedKey(NioEventLoop.java:632)
	at org.apache.ratis.thirdparty.io.netty.channel.nio.NioEventLoop.processSelectedKeysOptimized(NioEventLoop.java:579)
	at org.apache.ratis.thirdparty.io.netty.channel.nio.NioEventLoop.processSelectedKeys(NioEventLoop.java:496)
	at org.apache.ratis.thirdparty.io.netty.channel.nio.NioEventLoop.run(NioEventLoop.java:458)
	at org.apache.ratis.thirdparty.io.netty.util.concurrent.SingleThreadEventExecutor$5.run(SingleThreadEventExecutor.java:897)
	at org.apache.ratis.thirdparty.io.netty.util.concurrent.FastThreadLocalRunnable.run(FastThreadLocalRunnable.java:30)
	... 1 more
Caused by: java.net.ConnectException: Connection refused
	... 11 more
2019-10-17 05:57:21,386 [9f06b4c9-079f-4989-8935-c6be59ddc82e@group-0D1055093416-LeaderElection202] INFO  impl.LeaderElection (LogUtils.java:infoOrTrace(149)) - 9f06b4c9-079f-4989-8935-c6be59ddc82e@group-0D1055093416-LeaderElection202 got exception when requesting votes: {}
java.util.concurrent.ExecutionException: org.apache.ratis.thirdparty.io.grpc.StatusRuntimeException: UNAVAILABLE: io exception
	at java.util.concurrent.FutureTask.report(FutureTask.java:122)
	at java.util.concurrent.FutureTask.get(FutureTask.java:192)
	at org.apache.ratis.server.impl.LeaderElection.waitForResults(LeaderElection.java:259)
	at org.apache.ratis.server.impl.LeaderElection.askForVotes(LeaderElection.java:197)
	at org.apache.ratis.server.impl.LeaderElection.run(LeaderElection.java:133)
	at java.lang.Thread.run(Thread.java:748)
Caused by: org.apache.ratis.thirdparty.io.grpc.StatusRuntimeException: UNAVAILABLE: io exception
	at org.apache.ratis.thirdparty.io.grpc.stub.ClientCalls.toStatusRuntimeException(ClientCalls.java:233)
	at org.apache.ratis.thirdparty.io.grpc.stub.ClientCalls.getUnchecked(ClientCalls.java:214)
	at org.apache.ratis.thirdparty.io.grpc.stub.ClientCalls.blockingUnaryCall(ClientCalls.java:139)
	at org.apache.ratis.proto.grpc.RaftServerProtocolServiceGrpc$RaftServerProtocolServiceBlockingStub.requestVote(RaftServerProtocolServiceGrpc.java:265)
	at org.apache.ratis.grpc.server.GrpcServerProtocolClient.requestVote(GrpcServerProtocolClient.java:99)
	at org.apache.ratis.grpc.server.GrpcService.requestVote(GrpcService.java:204)
	at org.apache.ratis.server.impl.LeaderElection.lambda$submitRequests$1(LeaderElection.java:234)
	at java.util.concurrent.FutureTask.run(FutureTask.java:266)
	at java.util.concurrent.Executors$RunnableAdapter.call(Executors.java:511)
	at java.util.concurrent.FutureTask.run(FutureTask.java:266)
	at java.util.concurrent.ThreadPoolExecutor.runWorker(ThreadPoolExecutor.java:1149)
	at java.util.concurrent.ThreadPoolExecutor$Worker.run(ThreadPoolExecutor.java:624)
	... 1 more
Caused by: org.apache.ratis.thirdparty.io.netty.channel.AbstractChannel$AnnotatedConnectException: Connection refused: /192.168.69.82:35388
	at sun.nio.ch.SocketChannelImpl.checkConnect(Native Method)
	at sun.nio.ch.SocketChannelImpl.finishConnect(SocketChannelImpl.java:717)
	at org.apache.ratis.thirdparty.io.netty.channel.socket.nio.NioSocketChannel.doFinishConnect(NioSocketChannel.java:327)
	at org.apache.ratis.thirdparty.io.netty.channel.nio.AbstractNioChannel$AbstractNioUnsafe.finishConnect(AbstractNioChannel.java:340)
	at org.apache.ratis.thirdparty.io.netty.channel.nio.NioEventLoop.processSelectedKey(NioEventLoop.java:632)
	at org.apache.ratis.thirdparty.io.netty.channel.nio.NioEventLoop.processSelectedKeysOptimized(NioEventLoop.java:579)
	at org.apache.ratis.thirdparty.io.netty.channel.nio.NioEventLoop.processSelectedKeys(NioEventLoop.java:496)
	at org.apache.ratis.thirdparty.io.netty.channel.nio.NioEventLoop.run(NioEventLoop.java:458)
	at org.apache.ratis.thirdparty.io.netty.util.concurrent.SingleThreadEventExecutor$5.run(SingleThreadEventExecutor.java:897)
	at org.apache.ratis.thirdparty.io.netty.util.concurrent.FastThreadLocalRunnable.run(FastThreadLocalRunnable.java:30)
	... 1 more
Caused by: java.net.ConnectException: Connection refused
	... 11 more
2019-10-17 05:57:21,387 [9f06b4c9-079f-4989-8935-c6be59ddc82e@group-0D1055093416-LeaderElection202] INFO  impl.LeaderElection (LeaderElection.java:logAndReturn(56)) - 9f06b4c9-079f-4989-8935-c6be59ddc82e@group-0D1055093416-LeaderElection202: Election REJECTED; received 0 response(s) [] and 2 exception(s); 9f06b4c9-079f-4989-8935-c6be59ddc82e@group-0D1055093416:t191, leader=null, voted=9f06b4c9-079f-4989-8935-c6be59ddc82e, raftlog=9f06b4c9-079f-4989-8935-c6be59ddc82e@group-0D1055093416-SegmentedRaftLog:OPENED:c-1,f-1,i0, conf=-1: [9f06b4c9-079f-4989-8935-c6be59ddc82e:192.168.69.82:36391, b282f9e2-3bd4-452e-9c35-1adeacc39134:192.168.69.82:42567, 3ce2c7b7-3df7-42de-af28-9ba1d65ea84e:192.168.69.82:35388], old=null
2019-10-17 05:57:21,387 [9f06b4c9-079f-4989-8935-c6be59ddc82e@group-0D1055093416-LeaderElection202] INFO  impl.LeaderElection (LogUtils.java:infoOrTrace(149)) -   Exception 0: {}
java.util.concurrent.ExecutionException: org.apache.ratis.thirdparty.io.grpc.StatusRuntimeException: UNAVAILABLE: io exception
	at java.util.concurrent.FutureTask.report(FutureTask.java:122)
	at java.util.concurrent.FutureTask.get(FutureTask.java:192)
	at org.apache.ratis.server.impl.LeaderElection.waitForResults(LeaderElection.java:259)
	at org.apache.ratis.server.impl.LeaderElection.askForVotes(LeaderElection.java:197)
	at org.apache.ratis.server.impl.LeaderElection.run(LeaderElection.java:133)
	at java.lang.Thread.run(Thread.java:748)
Caused by: org.apache.ratis.thirdparty.io.grpc.StatusRuntimeException: UNAVAILABLE: io exception
	at org.apache.ratis.thirdparty.io.grpc.stub.ClientCalls.toStatusRuntimeException(ClientCalls.java:233)
	at org.apache.ratis.thirdparty.io.grpc.stub.ClientCalls.getUnchecked(ClientCalls.java:214)
	at org.apache.ratis.thirdparty.io.grpc.stub.ClientCalls.blockingUnaryCall(ClientCalls.java:139)
	at org.apache.ratis.proto.grpc.RaftServerProtocolServiceGrpc$RaftServerProtocolServiceBlockingStub.requestVote(RaftServerProtocolServiceGrpc.java:265)
	at org.apache.ratis.grpc.server.GrpcServerProtocolClient.requestVote(GrpcServerProtocolClient.java:99)
	at org.apache.ratis.grpc.server.GrpcService.requestVote(GrpcService.java:204)
	at org.apache.ratis.server.impl.LeaderElection.lambda$submitRequests$1(LeaderElection.java:234)
	at java.util.concurrent.FutureTask.run(FutureTask.java:266)
	at java.util.concurrent.Executors$RunnableAdapter.call(Executors.java:511)
	at java.util.concurrent.FutureTask.run(FutureTask.java:266)
	at java.util.concurrent.ThreadPoolExecutor.runWorker(ThreadPoolExecutor.java:1149)
	at java.util.concurrent.ThreadPoolExecutor$Worker.run(ThreadPoolExecutor.java:624)
	... 1 more
Caused by: org.apache.ratis.thirdparty.io.netty.channel.AbstractChannel$AnnotatedConnectException: Connection refused: /192.168.69.82:42567
	at sun.nio.ch.SocketChannelImpl.checkConnect(Native Method)
	at sun.nio.ch.SocketChannelImpl.finishConnect(SocketChannelImpl.java:717)
	at org.apache.ratis.thirdparty.io.netty.channel.socket.nio.NioSocketChannel.doFinishConnect(NioSocketChannel.java:327)
	at org.apache.ratis.thirdparty.io.netty.channel.nio.AbstractNioChannel$AbstractNioUnsafe.finishConnect(AbstractNioChannel.java:340)
	at org.apache.ratis.thirdparty.io.netty.channel.nio.NioEventLoop.processSelectedKey(NioEventLoop.java:632)
	at org.apache.ratis.thirdparty.io.netty.channel.nio.NioEventLoop.processSelectedKeysOptimized(NioEventLoop.java:579)
	at org.apache.ratis.thirdparty.io.netty.channel.nio.NioEventLoop.processSelectedKeys(NioEventLoop.java:496)
	at org.apache.ratis.thirdparty.io.netty.channel.nio.NioEventLoop.run(NioEventLoop.java:458)
	at org.apache.ratis.thirdparty.io.netty.util.concurrent.SingleThreadEventExecutor$5.run(SingleThreadEventExecutor.java:897)
	at org.apache.ratis.thirdparty.io.netty.util.concurrent.FastThreadLocalRunnable.run(FastThreadLocalRunnable.java:30)
	... 1 more
Caused by: java.net.ConnectException: Connection refused
	... 11 more
2019-10-17 05:57:21,388 [9f06b4c9-079f-4989-8935-c6be59ddc82e@group-0D1055093416-LeaderElection202] INFO  impl.LeaderElection (LogUtils.java:infoOrTrace(149)) -   Exception 1: {}
java.util.concurrent.ExecutionException: org.apache.ratis.thirdparty.io.grpc.StatusRuntimeException: UNAVAILABLE: io exception
	at java.util.concurrent.FutureTask.report(FutureTask.java:122)
	at java.util.concurrent.FutureTask.get(FutureTask.java:192)
	at org.apache.ratis.server.impl.LeaderElection.waitForResults(LeaderElection.java:259)
	at org.apache.ratis.server.impl.LeaderElection.askForVotes(LeaderElection.java:197)
	at org.apache.ratis.server.impl.LeaderElection.run(LeaderElection.java:133)
	at java.lang.Thread.run(Thread.java:748)
Caused by: org.apache.ratis.thirdparty.io.grpc.StatusRuntimeException: UNAVAILABLE: io exception
	at org.apache.ratis.thirdparty.io.grpc.stub.ClientCalls.toStatusRuntimeException(ClientCalls.java:233)
	at org.apache.ratis.thirdparty.io.grpc.stub.ClientCalls.getUnchecked(ClientCalls.java:214)
	at org.apache.ratis.thirdparty.io.grpc.stub.ClientCalls.blockingUnaryCall(ClientCalls.java:139)
	at org.apache.ratis.proto.grpc.RaftServerProtocolServiceGrpc$RaftServerProtocolServiceBlockingStub.requestVote(RaftServerProtocolServiceGrpc.java:265)
	at org.apache.ratis.grpc.server.GrpcServerProtocolClient.requestVote(GrpcServerProtocolClient.java:99)
	at org.apache.ratis.grpc.server.GrpcService.requestVote(GrpcService.java:204)
	at org.apache.ratis.server.impl.LeaderElection.lambda$submitRequests$1(LeaderElection.java:234)
	at java.util.concurrent.FutureTask.run(FutureTask.java:266)
	at java.util.concurrent.Executors$RunnableAdapter.call(Executors.java:511)
	at java.util.concurrent.FutureTask.run(FutureTask.java:266)
	at java.util.concurrent.ThreadPoolExecutor.runWorker(ThreadPoolExecutor.java:1149)
	at java.util.concurrent.ThreadPoolExecutor$Worker.run(ThreadPoolExecutor.java:624)
	... 1 more
Caused by: org.apache.ratis.thirdparty.io.netty.channel.AbstractChannel$AnnotatedConnectException: Connection refused: /192.168.69.82:35388
	at sun.nio.ch.SocketChannelImpl.checkConnect(Native Method)
	at sun.nio.ch.SocketChannelImpl.finishConnect(SocketChannelImpl.java:717)
	at org.apache.ratis.thirdparty.io.netty.channel.socket.nio.NioSocketChannel.doFinishConnect(NioSocketChannel.java:327)
	at org.apache.ratis.thirdparty.io.netty.channel.nio.AbstractNioChannel$AbstractNioUnsafe.finishConnect(AbstractNioChannel.java:340)
	at org.apache.ratis.thirdparty.io.netty.channel.nio.NioEventLoop.processSelectedKey(NioEventLoop.java:632)
	at org.apache.ratis.thirdparty.io.netty.channel.nio.NioEventLoop.processSelectedKeysOptimized(NioEventLoop.java:579)
	at org.apache.ratis.thirdparty.io.netty.channel.nio.NioEventLoop.processSelectedKeys(NioEventLoop.java:496)
	at org.apache.ratis.thirdparty.io.netty.channel.nio.NioEventLoop.run(NioEventLoop.java:458)
	at org.apache.ratis.thirdparty.io.netty.util.concurrent.SingleThreadEventExecutor$5.run(SingleThreadEventExecutor.java:897)
	at org.apache.ratis.thirdparty.io.netty.util.concurrent.FastThreadLocalRunnable.run(FastThreadLocalRunnable.java:30)
	... 1 more
Caused by: java.net.ConnectException: Connection refused
	... 11 more
2019-10-17 05:57:21,388 [9f06b4c9-079f-4989-8935-c6be59ddc82e@group-0D1055093416-LeaderElection202] INFO  impl.RaftServerImpl (RaftServerImpl.java:setRole(184)) - 9f06b4c9-079f-4989-8935-c6be59ddc82e@group-0D1055093416: changes role from CANDIDATE to FOLLOWER at term 191 for DISCOVERED_A_NEW_TERM
2019-10-17 05:57:21,389 [9f06b4c9-079f-4989-8935-c6be59ddc82e@group-0D1055093416-LeaderElection202] INFO  impl.RoleInfo (RoleInfo.java:shutdownLeaderElection(134)) - 9f06b4c9-079f-4989-8935-c6be59ddc82e: shutdown LeaderElection
2019-10-17 05:57:21,389 [9f06b4c9-079f-4989-8935-c6be59ddc82e@group-0D1055093416-LeaderElection202] INFO  impl.RoleInfo (RoleInfo.java:updateAndGet(143)) - 9f06b4c9-079f-4989-8935-c6be59ddc82e: start FollowerState
2019-10-17 05:57:21,449 [Thread-1823] INFO  impl.FollowerState (FollowerState.java:run(108)) - 9f06b4c9-079f-4989-8935-c6be59ddc82e@group-0D1055093416-FollowerState: change to CANDIDATE, lastRpcTime:60ms, electionTimeout:60ms
2019-10-17 05:57:21,449 [Thread-1823] INFO  impl.RoleInfo (RoleInfo.java:shutdownFollowerState(121)) - 9f06b4c9-079f-4989-8935-c6be59ddc82e: shutdown FollowerState
2019-10-17 05:57:21,449 [Thread-1823] INFO  impl.RaftServerImpl (RaftServerImpl.java:setRole(184)) - 9f06b4c9-079f-4989-8935-c6be59ddc82e@group-0D1055093416: changes role from  FOLLOWER to CANDIDATE at term 191 for changeToCandidate
2019-10-17 05:57:21,450 [Thread-1823] INFO  impl.RoleInfo (RoleInfo.java:updateAndGet(143)) - 9f06b4c9-079f-4989-8935-c6be59ddc82e: start LeaderElection
2019-10-17 05:57:21,463 [9f06b4c9-079f-4989-8935-c6be59ddc82e@group-0D1055093416-LeaderElection203] INFO  impl.LeaderElection (LeaderElection.java:askForVotes(178)) - 9f06b4c9-079f-4989-8935-c6be59ddc82e@group-0D1055093416-LeaderElection203: begin an election at term 192 for -1: [9f06b4c9-079f-4989-8935-c6be59ddc82e:192.168.69.82:36391, b282f9e2-3bd4-452e-9c35-1adeacc39134:192.168.69.82:42567, 3ce2c7b7-3df7-42de-af28-9ba1d65ea84e:192.168.69.82:35388], old=null
2019-10-17 05:57:21,464 [9f06b4c9-079f-4989-8935-c6be59ddc82e@group-0D1055093416-LeaderElection203] INFO  impl.LeaderElection (LogUtils.java:infoOrTrace(149)) - 9f06b4c9-079f-4989-8935-c6be59ddc82e@group-0D1055093416-LeaderElection203 got exception when requesting votes: {}
java.util.concurrent.ExecutionException: org.apache.ratis.thirdparty.io.grpc.StatusRuntimeException: UNAVAILABLE: io exception
	at java.util.concurrent.FutureTask.report(FutureTask.java:122)
	at java.util.concurrent.FutureTask.get(FutureTask.java:192)
	at org.apache.ratis.server.impl.LeaderElection.waitForResults(LeaderElection.java:259)
	at org.apache.ratis.server.impl.LeaderElection.askForVotes(LeaderElection.java:197)
	at org.apache.ratis.server.impl.LeaderElection.run(LeaderElection.java:133)
	at java.lang.Thread.run(Thread.java:748)
Caused by: org.apache.ratis.thirdparty.io.grpc.StatusRuntimeException: UNAVAILABLE: io exception
	at org.apache.ratis.thirdparty.io.grpc.stub.ClientCalls.toStatusRuntimeException(ClientCalls.java:233)
	at org.apache.ratis.thirdparty.io.grpc.stub.ClientCalls.getUnchecked(ClientCalls.java:214)
	at org.apache.ratis.thirdparty.io.grpc.stub.ClientCalls.blockingUnaryCall(ClientCalls.java:139)
	at org.apache.ratis.proto.grpc.RaftServerProtocolServiceGrpc$RaftServerProtocolServiceBlockingStub.requestVote(RaftServerProtocolServiceGrpc.java:265)
	at org.apache.ratis.grpc.server.GrpcServerProtocolClient.requestVote(GrpcServerProtocolClient.java:99)
	at org.apache.ratis.grpc.server.GrpcService.requestVote(GrpcService.java:204)
	at org.apache.ratis.server.impl.LeaderElection.lambda$submitRequests$1(LeaderElection.java:234)
	at java.util.concurrent.FutureTask.run(FutureTask.java:266)
	at java.util.concurrent.Executors$RunnableAdapter.call(Executors.java:511)
	at java.util.concurrent.FutureTask.run(FutureTask.java:266)
	at java.util.concurrent.ThreadPoolExecutor.runWorker(ThreadPoolExecutor.java:1149)
	at java.util.concurrent.ThreadPoolExecutor$Worker.run(ThreadPoolExecutor.java:624)
	... 1 more
Caused by: org.apache.ratis.thirdparty.io.netty.channel.AbstractChannel$AnnotatedConnectException: Connection refused: /192.168.69.82:42567
	at sun.nio.ch.SocketChannelImpl.checkConnect(Native Method)
	at sun.nio.ch.SocketChannelImpl.finishConnect(SocketChannelImpl.java:717)
	at org.apache.ratis.thirdparty.io.netty.channel.socket.nio.NioSocketChannel.doFinishConnect(NioSocketChannel.java:327)
	at org.apache.ratis.thirdparty.io.netty.channel.nio.AbstractNioChannel$AbstractNioUnsafe.finishConnect(AbstractNioChannel.java:340)
	at org.apache.ratis.thirdparty.io.netty.channel.nio.NioEventLoop.processSelectedKey(NioEventLoop.java:632)
	at org.apache.ratis.thirdparty.io.netty.channel.nio.NioEventLoop.processSelectedKeysOptimized(NioEventLoop.java:579)
	at org.apache.ratis.thirdparty.io.netty.channel.nio.NioEventLoop.processSelectedKeys(NioEventLoop.java:496)
	at org.apache.ratis.thirdparty.io.netty.channel.nio.NioEventLoop.run(NioEventLoop.java:458)
	at org.apache.ratis.thirdparty.io.netty.util.concurrent.SingleThreadEventExecutor$5.run(SingleThreadEventExecutor.java:897)
	at org.apache.ratis.thirdparty.io.netty.util.concurrent.FastThreadLocalRunnable.run(FastThreadLocalRunnable.java:30)
	... 1 more
Caused by: java.net.ConnectException: Connection refused
	... 11 more
2019-10-17 05:57:21,464 [9f06b4c9-079f-4989-8935-c6be59ddc82e@group-0D1055093416-LeaderElection203] INFO  impl.LeaderElection (LogUtils.java:infoOrTrace(149)) - 9f06b4c9-079f-4989-8935-c6be59ddc82e@group-0D1055093416-LeaderElection203 got exception when requesting votes: {}
java.util.concurrent.ExecutionException: org.apache.ratis.thirdparty.io.grpc.StatusRuntimeException: UNAVAILABLE: io exception
	at java.util.concurrent.FutureTask.report(FutureTask.java:122)
	at java.util.concurrent.FutureTask.get(FutureTask.java:192)
	at org.apache.ratis.server.impl.LeaderElection.waitForResults(LeaderElection.java:259)
	at org.apache.ratis.server.impl.LeaderElection.askForVotes(LeaderElection.java:197)
	at org.apache.ratis.server.impl.LeaderElection.run(LeaderElection.java:133)
	at java.lang.Thread.run(Thread.java:748)
Caused by: org.apache.ratis.thirdparty.io.grpc.StatusRuntimeException: UNAVAILABLE: io exception
	at org.apache.ratis.thirdparty.io.grpc.stub.ClientCalls.toStatusRuntimeException(ClientCalls.java:233)
	at org.apache.ratis.thirdparty.io.grpc.stub.ClientCalls.getUnchecked(ClientCalls.java:214)
	at org.apache.ratis.thirdparty.io.grpc.stub.ClientCalls.blockingUnaryCall(ClientCalls.java:139)
	at org.apache.ratis.proto.grpc.RaftServerProtocolServiceGrpc$RaftServerProtocolServiceBlockingStub.requestVote(RaftServerProtocolServiceGrpc.java:265)
	at org.apache.ratis.grpc.server.GrpcServerProtocolClient.requestVote(GrpcServerProtocolClient.java:99)
	at org.apache.ratis.grpc.server.GrpcService.requestVote(GrpcService.java:204)
	at org.apache.ratis.server.impl.LeaderElection.lambda$submitRequests$1(LeaderElection.java:234)
	at java.util.concurrent.FutureTask.run(FutureTask.java:266)
	at java.util.concurrent.Executors$RunnableAdapter.call(Executors.java:511)
	at java.util.concurrent.FutureTask.run(FutureTask.java:266)
	at java.util.concurrent.ThreadPoolExecutor.runWorker(ThreadPoolExecutor.java:1149)
	at java.util.concurrent.ThreadPoolExecutor$Worker.run(ThreadPoolExecutor.java:624)
	... 1 more
Caused by: org.apache.ratis.thirdparty.io.netty.channel.AbstractChannel$AnnotatedConnectException: Connection refused: /192.168.69.82:35388
	at sun.nio.ch.SocketChannelImpl.checkConnect(Native Method)
	at sun.nio.ch.SocketChannelImpl.finishConnect(SocketChannelImpl.java:717)
	at org.apache.ratis.thirdparty.io.netty.channel.socket.nio.NioSocketChannel.doFinishConnect(NioSocketChannel.java:327)
	at org.apache.ratis.thirdparty.io.netty.channel.nio.AbstractNioChannel$AbstractNioUnsafe.finishConnect(AbstractNioChannel.java:340)
	at org.apache.ratis.thirdparty.io.netty.channel.nio.NioEventLoop.processSelectedKey(NioEventLoop.java:632)
	at org.apache.ratis.thirdparty.io.netty.channel.nio.NioEventLoop.processSelectedKeysOptimized(NioEventLoop.java:579)
	at org.apache.ratis.thirdparty.io.netty.channel.nio.NioEventLoop.processSelectedKeys(NioEventLoop.java:496)
	at org.apache.ratis.thirdparty.io.netty.channel.nio.NioEventLoop.run(NioEventLoop.java:458)
	at org.apache.ratis.thirdparty.io.netty.util.concurrent.SingleThreadEventExecutor$5.run(SingleThreadEventExecutor.java:897)
	at org.apache.ratis.thirdparty.io.netty.util.concurrent.FastThreadLocalRunnable.run(FastThreadLocalRunnable.java:30)
	... 1 more
Caused by: java.net.ConnectException: Connection refused
	... 11 more
2019-10-17 05:57:21,465 [9f06b4c9-079f-4989-8935-c6be59ddc82e@group-0D1055093416-LeaderElection203] INFO  impl.LeaderElection (LeaderElection.java:logAndReturn(56)) - 9f06b4c9-079f-4989-8935-c6be59ddc82e@group-0D1055093416-LeaderElection203: Election REJECTED; received 0 response(s) [] and 2 exception(s); 9f06b4c9-079f-4989-8935-c6be59ddc82e@group-0D1055093416:t192, leader=null, voted=9f06b4c9-079f-4989-8935-c6be59ddc82e, raftlog=9f06b4c9-079f-4989-8935-c6be59ddc82e@group-0D1055093416-SegmentedRaftLog:OPENED:c-1,f-1,i0, conf=-1: [9f06b4c9-079f-4989-8935-c6be59ddc82e:192.168.69.82:36391, b282f9e2-3bd4-452e-9c35-1adeacc39134:192.168.69.82:42567, 3ce2c7b7-3df7-42de-af28-9ba1d65ea84e:192.168.69.82:35388], old=null
2019-10-17 05:57:21,465 [9f06b4c9-079f-4989-8935-c6be59ddc82e@group-0D1055093416-LeaderElection203] INFO  impl.LeaderElection (LogUtils.java:infoOrTrace(149)) -   Exception 0: {}
java.util.concurrent.ExecutionException: org.apache.ratis.thirdparty.io.grpc.StatusRuntimeException: UNAVAILABLE: io exception
	at java.util.concurrent.FutureTask.report(FutureTask.java:122)
	at java.util.concurrent.FutureTask.get(FutureTask.java:192)
	at org.apache.ratis.server.impl.LeaderElection.waitForResults(LeaderElection.java:259)
	at org.apache.ratis.server.impl.LeaderElection.askForVotes(LeaderElection.java:197)
	at org.apache.ratis.server.impl.LeaderElection.run(LeaderElection.java:133)
	at java.lang.Thread.run(Thread.java:748)
Caused by: org.apache.ratis.thirdparty.io.grpc.StatusRuntimeException: UNAVAILABLE: io exception
	at org.apache.ratis.thirdparty.io.grpc.stub.ClientCalls.toStatusRuntimeException(ClientCalls.java:233)
	at org.apache.ratis.thirdparty.io.grpc.stub.ClientCalls.getUnchecked(ClientCalls.java:214)
	at org.apache.ratis.thirdparty.io.grpc.stub.ClientCalls.blockingUnaryCall(ClientCalls.java:139)
	at org.apache.ratis.proto.grpc.RaftServerProtocolServiceGrpc$RaftServerProtocolServiceBlockingStub.requestVote(RaftServerProtocolServiceGrpc.java:265)
	at org.apache.ratis.grpc.server.GrpcServerProtocolClient.requestVote(GrpcServerProtocolClient.java:99)
	at org.apache.ratis.grpc.server.GrpcService.requestVote(GrpcService.java:204)
	at org.apache.ratis.server.impl.LeaderElection.lambda$submitRequests$1(LeaderElection.java:234)
	at java.util.concurrent.FutureTask.run(FutureTask.java:266)
	at java.util.concurrent.Executors$RunnableAdapter.call(Executors.java:511)
	at java.util.concurrent.FutureTask.run(FutureTask.java:266)
	at java.util.concurrent.ThreadPoolExecutor.runWorker(ThreadPoolExecutor.java:1149)
	at java.util.concurrent.ThreadPoolExecutor$Worker.run(ThreadPoolExecutor.java:624)
	... 1 more
Caused by: org.apache.ratis.thirdparty.io.netty.channel.AbstractChannel$AnnotatedConnectException: Connection refused: /192.168.69.82:42567
	at sun.nio.ch.SocketChannelImpl.checkConnect(Native Method)
	at sun.nio.ch.SocketChannelImpl.finishConnect(SocketChannelImpl.java:717)
	at org.apache.ratis.thirdparty.io.netty.channel.socket.nio.NioSocketChannel.doFinishConnect(NioSocketChannel.java:327)
	at org.apache.ratis.thirdparty.io.netty.channel.nio.AbstractNioChannel$AbstractNioUnsafe.finishConnect(AbstractNioChannel.java:340)
	at org.apache.ratis.thirdparty.io.netty.channel.nio.NioEventLoop.processSelectedKey(NioEventLoop.java:632)
	at org.apache.ratis.thirdparty.io.netty.channel.nio.NioEventLoop.processSelectedKeysOptimized(NioEventLoop.java:579)
	at org.apache.ratis.thirdparty.io.netty.channel.nio.NioEventLoop.processSelectedKeys(NioEventLoop.java:496)
	at org.apache.ratis.thirdparty.io.netty.channel.nio.NioEventLoop.run(NioEventLoop.java:458)
	at org.apache.ratis.thirdparty.io.netty.util.concurrent.SingleThreadEventExecutor$5.run(SingleThreadEventExecutor.java:897)
	at org.apache.ratis.thirdparty.io.netty.util.concurrent.FastThreadLocalRunnable.run(FastThreadLocalRunnable.java:30)
	... 1 more
Caused by: java.net.ConnectException: Connection refused
	... 11 more
2019-10-17 05:57:21,465 [9f06b4c9-079f-4989-8935-c6be59ddc82e@group-0D1055093416-LeaderElection203] INFO  impl.LeaderElection (LogUtils.java:infoOrTrace(149)) -   Exception 1: {}
java.util.concurrent.ExecutionException: org.apache.ratis.thirdparty.io.grpc.StatusRuntimeException: UNAVAILABLE: io exception
	at java.util.concurrent.FutureTask.report(FutureTask.java:122)
	at java.util.concurrent.FutureTask.get(FutureTask.java:192)
	at org.apache.ratis.server.impl.LeaderElection.waitForResults(LeaderElection.java:259)
	at org.apache.ratis.server.impl.LeaderElection.askForVotes(LeaderElection.java:197)
	at org.apache.ratis.server.impl.LeaderElection.run(LeaderElection.java:133)
	at java.lang.Thread.run(Thread.java:748)
Caused by: org.apache.ratis.thirdparty.io.grpc.StatusRuntimeException: UNAVAILABLE: io exception
	at org.apache.ratis.thirdparty.io.grpc.stub.ClientCalls.toStatusRuntimeException(ClientCalls.java:233)
	at org.apache.ratis.thirdparty.io.grpc.stub.ClientCalls.getUnchecked(ClientCalls.java:214)
	at org.apache.ratis.thirdparty.io.grpc.stub.ClientCalls.blockingUnaryCall(ClientCalls.java:139)
	at org.apache.ratis.proto.grpc.RaftServerProtocolServiceGrpc$RaftServerProtocolServiceBlockingStub.requestVote(RaftServerProtocolServiceGrpc.java:265)
	at org.apache.ratis.grpc.server.GrpcServerProtocolClient.requestVote(GrpcServerProtocolClient.java:99)
	at org.apache.ratis.grpc.server.GrpcService.requestVote(GrpcService.java:204)
	at org.apache.ratis.server.impl.LeaderElection.lambda$submitRequests$1(LeaderElection.java:234)
	at java.util.concurrent.FutureTask.run(FutureTask.java:266)
	at java.util.concurrent.Executors$RunnableAdapter.call(Executors.java:511)
	at java.util.concurrent.FutureTask.run(FutureTask.java:266)
	at java.util.concurrent.ThreadPoolExecutor.runWorker(ThreadPoolExecutor.java:1149)
	at java.util.concurrent.ThreadPoolExecutor$Worker.run(ThreadPoolExecutor.java:624)
	... 1 more
Caused by: org.apache.ratis.thirdparty.io.netty.channel.AbstractChannel$AnnotatedConnectException: Connection refused: /192.168.69.82:35388
	at sun.nio.ch.SocketChannelImpl.checkConnect(Native Method)
	at sun.nio.ch.SocketChannelImpl.finishConnect(SocketChannelImpl.java:717)
	at org.apache.ratis.thirdparty.io.netty.channel.socket.nio.NioSocketChannel.doFinishConnect(NioSocketChannel.java:327)
	at org.apache.ratis.thirdparty.io.netty.channel.nio.AbstractNioChannel$AbstractNioUnsafe.finishConnect(AbstractNioChannel.java:340)
	at org.apache.ratis.thirdparty.io.netty.channel.nio.NioEventLoop.processSelectedKey(NioEventLoop.java:632)
	at org.apache.ratis.thirdparty.io.netty.channel.nio.NioEventLoop.processSelectedKeysOptimized(NioEventLoop.java:579)
	at org.apache.ratis.thirdparty.io.netty.channel.nio.NioEventLoop.processSelectedKeys(NioEventLoop.java:496)
	at org.apache.ratis.thirdparty.io.netty.channel.nio.NioEventLoop.run(NioEventLoop.java:458)
	at org.apache.ratis.thirdparty.io.netty.util.concurrent.SingleThreadEventExecutor$5.run(SingleThreadEventExecutor.java:897)
	at org.apache.ratis.thirdparty.io.netty.util.concurrent.FastThreadLocalRunnable.run(FastThreadLocalRunnable.java:30)
	... 1 more
Caused by: java.net.ConnectException: Connection refused
	... 11 more
2019-10-17 05:57:21,465 [9f06b4c9-079f-4989-8935-c6be59ddc82e@group-0D1055093416-LeaderElection203] INFO  impl.RaftServerImpl (RaftServerImpl.java:setRole(184)) - 9f06b4c9-079f-4989-8935-c6be59ddc82e@group-0D1055093416: changes role from CANDIDATE to FOLLOWER at term 192 for DISCOVERED_A_NEW_TERM
2019-10-17 05:57:21,465 [9f06b4c9-079f-4989-8935-c6be59ddc82e@group-0D1055093416-LeaderElection203] INFO  impl.RoleInfo (RoleInfo.java:shutdownLeaderElection(134)) - 9f06b4c9-079f-4989-8935-c6be59ddc82e: shutdown LeaderElection
2019-10-17 05:57:21,466 [9f06b4c9-079f-4989-8935-c6be59ddc82e@group-0D1055093416-LeaderElection203] INFO  impl.RoleInfo (RoleInfo.java:updateAndGet(143)) - 9f06b4c9-079f-4989-8935-c6be59ddc82e: start FollowerState
2019-10-17 05:57:21,534 [Thread-1828] INFO  impl.FollowerState (FollowerState.java:run(108)) - 9f06b4c9-079f-4989-8935-c6be59ddc82e@group-0D1055093416-FollowerState: change to CANDIDATE, lastRpcTime:68ms, electionTimeout:68ms
2019-10-17 05:57:21,534 [Thread-1828] INFO  impl.RoleInfo (RoleInfo.java:shutdownFollowerState(121)) - 9f06b4c9-079f-4989-8935-c6be59ddc82e: shutdown FollowerState
2019-10-17 05:57:21,535 [Thread-1828] INFO  impl.RaftServerImpl (RaftServerImpl.java:setRole(184)) - 9f06b4c9-079f-4989-8935-c6be59ddc82e@group-0D1055093416: changes role from  FOLLOWER to CANDIDATE at term 192 for changeToCandidate
2019-10-17 05:57:21,535 [Thread-1828] INFO  impl.RoleInfo (RoleInfo.java:updateAndGet(143)) - 9f06b4c9-079f-4989-8935-c6be59ddc82e: start LeaderElection
2019-10-17 05:57:21,548 [9f06b4c9-079f-4989-8935-c6be59ddc82e@group-0D1055093416-LeaderElection204] INFO  impl.LeaderElection (LeaderElection.java:askForVotes(178)) - 9f06b4c9-079f-4989-8935-c6be59ddc82e@group-0D1055093416-LeaderElection204: begin an election at term 193 for -1: [9f06b4c9-079f-4989-8935-c6be59ddc82e:192.168.69.82:36391, b282f9e2-3bd4-452e-9c35-1adeacc39134:192.168.69.82:42567, 3ce2c7b7-3df7-42de-af28-9ba1d65ea84e:192.168.69.82:35388], old=null
2019-10-17 05:57:21,549 [9f06b4c9-079f-4989-8935-c6be59ddc82e@group-0D1055093416-LeaderElection204] INFO  impl.LeaderElection (LogUtils.java:infoOrTrace(149)) - 9f06b4c9-079f-4989-8935-c6be59ddc82e@group-0D1055093416-LeaderElection204 got exception when requesting votes: {}
java.util.concurrent.ExecutionException: org.apache.ratis.thirdparty.io.grpc.StatusRuntimeException: UNAVAILABLE: io exception
	at java.util.concurrent.FutureTask.report(FutureTask.java:122)
	at java.util.concurrent.FutureTask.get(FutureTask.java:192)
	at org.apache.ratis.server.impl.LeaderElection.waitForResults(LeaderElection.java:259)
	at org.apache.ratis.server.impl.LeaderElection.askForVotes(LeaderElection.java:197)
	at org.apache.ratis.server.impl.LeaderElection.run(LeaderElection.java:133)
	at java.lang.Thread.run(Thread.java:748)
Caused by: org.apache.ratis.thirdparty.io.grpc.StatusRuntimeException: UNAVAILABLE: io exception
	at org.apache.ratis.thirdparty.io.grpc.stub.ClientCalls.toStatusRuntimeException(ClientCalls.java:233)
	at org.apache.ratis.thirdparty.io.grpc.stub.ClientCalls.getUnchecked(ClientCalls.java:214)
	at org.apache.ratis.thirdparty.io.grpc.stub.ClientCalls.blockingUnaryCall(ClientCalls.java:139)
	at org.apache.ratis.proto.grpc.RaftServerProtocolServiceGrpc$RaftServerProtocolServiceBlockingStub.requestVote(RaftServerProtocolServiceGrpc.java:265)
	at org.apache.ratis.grpc.server.GrpcServerProtocolClient.requestVote(GrpcServerProtocolClient.java:99)
	at org.apache.ratis.grpc.server.GrpcService.requestVote(GrpcService.java:204)
	at org.apache.ratis.server.impl.LeaderElection.lambda$submitRequests$1(LeaderElection.java:234)
	at java.util.concurrent.FutureTask.run(FutureTask.java:266)
	at java.util.concurrent.Executors$RunnableAdapter.call(Executors.java:511)
	at java.util.concurrent.FutureTask.run(FutureTask.java:266)
	at java.util.concurrent.ThreadPoolExecutor.runWorker(ThreadPoolExecutor.java:1149)
	at java.util.concurrent.ThreadPoolExecutor$Worker.run(ThreadPoolExecutor.java:624)
	... 1 more
Caused by: org.apache.ratis.thirdparty.io.netty.channel.AbstractChannel$AnnotatedConnectException: Connection refused: /192.168.69.82:42567
	at sun.nio.ch.SocketChannelImpl.checkConnect(Native Method)
	at sun.nio.ch.SocketChannelImpl.finishConnect(SocketChannelImpl.java:717)
	at org.apache.ratis.thirdparty.io.netty.channel.socket.nio.NioSocketChannel.doFinishConnect(NioSocketChannel.java:327)
	at org.apache.ratis.thirdparty.io.netty.channel.nio.AbstractNioChannel$AbstractNioUnsafe.finishConnect(AbstractNioChannel.java:340)
	at org.apache.ratis.thirdparty.io.netty.channel.nio.NioEventLoop.processSelectedKey(NioEventLoop.java:632)
	at org.apache.ratis.thirdparty.io.netty.channel.nio.NioEventLoop.processSelectedKeysOptimized(NioEventLoop.java:579)
	at org.apache.ratis.thirdparty.io.netty.channel.nio.NioEventLoop.processSelectedKeys(NioEventLoop.java:496)
	at org.apache.ratis.thirdparty.io.netty.channel.nio.NioEventLoop.run(NioEventLoop.java:458)
	at org.apache.ratis.thirdparty.io.netty.util.concurrent.SingleThreadEventExecutor$5.run(SingleThreadEventExecutor.java:897)
	at org.apache.ratis.thirdparty.io.netty.util.concurrent.FastThreadLocalRunnable.run(FastThreadLocalRunnable.java:30)
	... 1 more
Caused by: java.net.ConnectException: Connection refused
	... 11 more
2019-10-17 05:57:21,550 [9f06b4c9-079f-4989-8935-c6be59ddc82e@group-0D1055093416-LeaderElection204] INFO  impl.LeaderElection (LogUtils.java:infoOrTrace(149)) - 9f06b4c9-079f-4989-8935-c6be59ddc82e@group-0D1055093416-LeaderElection204 got exception when requesting votes: {}
java.util.concurrent.ExecutionException: org.apache.ratis.thirdparty.io.grpc.StatusRuntimeException: UNAVAILABLE: io exception
	at java.util.concurrent.FutureTask.report(FutureTask.java:122)
	at java.util.concurrent.FutureTask.get(FutureTask.java:192)
	at org.apache.ratis.server.impl.LeaderElection.waitForResults(LeaderElection.java:259)
	at org.apache.ratis.server.impl.LeaderElection.askForVotes(LeaderElection.java:197)
	at org.apache.ratis.server.impl.LeaderElection.run(LeaderElection.java:133)
	at java.lang.Thread.run(Thread.java:748)
Caused by: org.apache.ratis.thirdparty.io.grpc.StatusRuntimeException: UNAVAILABLE: io exception
	at org.apache.ratis.thirdparty.io.grpc.stub.ClientCalls.toStatusRuntimeException(ClientCalls.java:233)
	at org.apache.ratis.thirdparty.io.grpc.stub.ClientCalls.getUnchecked(ClientCalls.java:214)
	at org.apache.ratis.thirdparty.io.grpc.stub.ClientCalls.blockingUnaryCall(ClientCalls.java:139)
	at org.apache.ratis.proto.grpc.RaftServerProtocolServiceGrpc$RaftServerProtocolServiceBlockingStub.requestVote(RaftServerProtocolServiceGrpc.java:265)
	at org.apache.ratis.grpc.server.GrpcServerProtocolClient.requestVote(GrpcServerProtocolClient.java:99)
	at org.apache.ratis.grpc.server.GrpcService.requestVote(GrpcService.java:204)
	at org.apache.ratis.server.impl.LeaderElection.lambda$submitRequests$1(LeaderElection.java:234)
	at java.util.concurrent.FutureTask.run(FutureTask.java:266)
	at java.util.concurrent.Executors$RunnableAdapter.call(Executors.java:511)
	at java.util.concurrent.FutureTask.run(FutureTask.java:266)
	at java.util.concurrent.ThreadPoolExecutor.runWorker(ThreadPoolExecutor.java:1149)
	at java.util.concurrent.ThreadPoolExecutor$Worker.run(ThreadPoolExecutor.java:624)
	... 1 more
Caused by: org.apache.ratis.thirdparty.io.netty.channel.AbstractChannel$AnnotatedConnectException: Connection refused: /192.168.69.82:35388
	at sun.nio.ch.SocketChannelImpl.checkConnect(Native Method)
	at sun.nio.ch.SocketChannelImpl.finishConnect(SocketChannelImpl.java:717)
	at org.apache.ratis.thirdparty.io.netty.channel.socket.nio.NioSocketChannel.doFinishConnect(NioSocketChannel.java:327)
	at org.apache.ratis.thirdparty.io.netty.channel.nio.AbstractNioChannel$AbstractNioUnsafe.finishConnect(AbstractNioChannel.java:340)
	at org.apache.ratis.thirdparty.io.netty.channel.nio.NioEventLoop.processSelectedKey(NioEventLoop.java:632)
	at org.apache.ratis.thirdparty.io.netty.channel.nio.NioEventLoop.processSelectedKeysOptimized(NioEventLoop.java:579)
	at org.apache.ratis.thirdparty.io.netty.channel.nio.NioEventLoop.processSelectedKeys(NioEventLoop.java:496)
	at org.apache.ratis.thirdparty.io.netty.channel.nio.NioEventLoop.run(NioEventLoop.java:458)
	at org.apache.ratis.thirdparty.io.netty.util.concurrent.SingleThreadEventExecutor$5.run(SingleThreadEventExecutor.java:897)
	at org.apache.ratis.thirdparty.io.netty.util.concurrent.FastThreadLocalRunnable.run(FastThreadLocalRunnable.java:30)
	... 1 more
Caused by: java.net.ConnectException: Connection refused
	... 11 more
2019-10-17 05:57:21,550 [9f06b4c9-079f-4989-8935-c6be59ddc82e@group-0D1055093416-LeaderElection204] INFO  impl.LeaderElection (LeaderElection.java:logAndReturn(56)) - 9f06b4c9-079f-4989-8935-c6be59ddc82e@group-0D1055093416-LeaderElection204: Election REJECTED; received 0 response(s) [] and 2 exception(s); 9f06b4c9-079f-4989-8935-c6be59ddc82e@group-0D1055093416:t193, leader=null, voted=9f06b4c9-079f-4989-8935-c6be59ddc82e, raftlog=9f06b4c9-079f-4989-8935-c6be59ddc82e@group-0D1055093416-SegmentedRaftLog:OPENED:c-1,f-1,i0, conf=-1: [9f06b4c9-079f-4989-8935-c6be59ddc82e:192.168.69.82:36391, b282f9e2-3bd4-452e-9c35-1adeacc39134:192.168.69.82:42567, 3ce2c7b7-3df7-42de-af28-9ba1d65ea84e:192.168.69.82:35388], old=null
2019-10-17 05:57:21,550 [9f06b4c9-079f-4989-8935-c6be59ddc82e@group-0D1055093416-LeaderElection204] INFO  impl.LeaderElection (LogUtils.java:infoOrTrace(149)) -   Exception 0: {}
java.util.concurrent.ExecutionException: org.apache.ratis.thirdparty.io.grpc.StatusRuntimeException: UNAVAILABLE: io exception
	at java.util.concurrent.FutureTask.report(FutureTask.java:122)
	at java.util.concurrent.FutureTask.get(FutureTask.java:192)
	at org.apache.ratis.server.impl.LeaderElection.waitForResults(LeaderElection.java:259)
	at org.apache.ratis.server.impl.LeaderElection.askForVotes(LeaderElection.java:197)
	at org.apache.ratis.server.impl.LeaderElection.run(LeaderElection.java:133)
	at java.lang.Thread.run(Thread.java:748)
Caused by: org.apache.ratis.thirdparty.io.grpc.StatusRuntimeException: UNAVAILABLE: io exception
	at org.apache.ratis.thirdparty.io.grpc.stub.ClientCalls.toStatusRuntimeException(ClientCalls.java:233)
	at org.apache.ratis.thirdparty.io.grpc.stub.ClientCalls.getUnchecked(ClientCalls.java:214)
	at org.apache.ratis.thirdparty.io.grpc.stub.ClientCalls.blockingUnaryCall(ClientCalls.java:139)
	at org.apache.ratis.proto.grpc.RaftServerProtocolServiceGrpc$RaftServerProtocolServiceBlockingStub.requestVote(RaftServerProtocolServiceGrpc.java:265)
	at org.apache.ratis.grpc.server.GrpcServerProtocolClient.requestVote(GrpcServerProtocolClient.java:99)
	at org.apache.ratis.grpc.server.GrpcService.requestVote(GrpcService.java:204)
	at org.apache.ratis.server.impl.LeaderElection.lambda$submitRequests$1(LeaderElection.java:234)
	at java.util.concurrent.FutureTask.run(FutureTask.java:266)
	at java.util.concurrent.Executors$RunnableAdapter.call(Executors.java:511)
	at java.util.concurrent.FutureTask.run(FutureTask.java:266)
	at java.util.concurrent.ThreadPoolExecutor.runWorker(ThreadPoolExecutor.java:1149)
	at java.util.concurrent.ThreadPoolExecutor$Worker.run(ThreadPoolExecutor.java:624)
	... 1 more
Caused by: org.apache.ratis.thirdparty.io.netty.channel.AbstractChannel$AnnotatedConnectException: Connection refused: /192.168.69.82:42567
	at sun.nio.ch.SocketChannelImpl.checkConnect(Native Method)
	at sun.nio.ch.SocketChannelImpl.finishConnect(SocketChannelImpl.java:717)
	at org.apache.ratis.thirdparty.io.netty.channel.socket.nio.NioSocketChannel.doFinishConnect(NioSocketChannel.java:327)
	at org.apache.ratis.thirdparty.io.netty.channel.nio.AbstractNioChannel$AbstractNioUnsafe.finishConnect(AbstractNioChannel.java:340)
	at org.apache.ratis.thirdparty.io.netty.channel.nio.NioEventLoop.processSelectedKey(NioEventLoop.java:632)
	at org.apache.ratis.thirdparty.io.netty.channel.nio.NioEventLoop.processSelectedKeysOptimized(NioEventLoop.java:579)
	at org.apache.ratis.thirdparty.io.netty.channel.nio.NioEventLoop.processSelectedKeys(NioEventLoop.java:496)
	at org.apache.ratis.thirdparty.io.netty.channel.nio.NioEventLoop.run(NioEventLoop.java:458)
	at org.apache.ratis.thirdparty.io.netty.util.concurrent.SingleThreadEventExecutor$5.run(SingleThreadEventExecutor.java:897)
	at org.apache.ratis.thirdparty.io.netty.util.concurrent.FastThreadLocalRunnable.run(FastThreadLocalRunnable.java:30)
	... 1 more
Caused by: java.net.ConnectException: Connection refused
	... 11 more
2019-10-17 05:57:21,551 [9f06b4c9-079f-4989-8935-c6be59ddc82e@group-0D1055093416-LeaderElection204] INFO  impl.LeaderElection (LogUtils.java:infoOrTrace(149)) -   Exception 1: {}
java.util.concurrent.ExecutionException: org.apache.ratis.thirdparty.io.grpc.StatusRuntimeException: UNAVAILABLE: io exception
	at java.util.concurrent.FutureTask.report(FutureTask.java:122)
	at java.util.concurrent.FutureTask.get(FutureTask.java:192)
	at org.apache.ratis.server.impl.LeaderElection.waitForResults(LeaderElection.java:259)
	at org.apache.ratis.server.impl.LeaderElection.askForVotes(LeaderElection.java:197)
	at org.apache.ratis.server.impl.LeaderElection.run(LeaderElection.java:133)
	at java.lang.Thread.run(Thread.java:748)
Caused by: org.apache.ratis.thirdparty.io.grpc.StatusRuntimeException: UNAVAILABLE: io exception
	at org.apache.ratis.thirdparty.io.grpc.stub.ClientCalls.toStatusRuntimeException(ClientCalls.java:233)
	at org.apache.ratis.thirdparty.io.grpc.stub.ClientCalls.getUnchecked(ClientCalls.java:214)
	at org.apache.ratis.thirdparty.io.grpc.stub.ClientCalls.blockingUnaryCall(ClientCalls.java:139)
	at org.apache.ratis.proto.grpc.RaftServerProtocolServiceGrpc$RaftServerProtocolServiceBlockingStub.requestVote(RaftServerProtocolServiceGrpc.java:265)
	at org.apache.ratis.grpc.server.GrpcServerProtocolClient.requestVote(GrpcServerProtocolClient.java:99)
	at org.apache.ratis.grpc.server.GrpcService.requestVote(GrpcService.java:204)
	at org.apache.ratis.server.impl.LeaderElection.lambda$submitRequests$1(LeaderElection.java:234)
	at java.util.concurrent.FutureTask.run(FutureTask.java:266)
	at java.util.concurrent.Executors$RunnableAdapter.call(Executors.java:511)
	at java.util.concurrent.FutureTask.run(FutureTask.java:266)
	at java.util.concurrent.ThreadPoolExecutor.runWorker(ThreadPoolExecutor.java:1149)
	at java.util.concurrent.ThreadPoolExecutor$Worker.run(ThreadPoolExecutor.java:624)
	... 1 more
Caused by: org.apache.ratis.thirdparty.io.netty.channel.AbstractChannel$AnnotatedConnectException: Connection refused: /192.168.69.82:35388
	at sun.nio.ch.SocketChannelImpl.checkConnect(Native Method)
	at sun.nio.ch.SocketChannelImpl.finishConnect(SocketChannelImpl.java:717)
	at org.apache.ratis.thirdparty.io.netty.channel.socket.nio.NioSocketChannel.doFinishConnect(NioSocketChannel.java:327)
	at org.apache.ratis.thirdparty.io.netty.channel.nio.AbstractNioChannel$AbstractNioUnsafe.finishConnect(AbstractNioChannel.java:340)
	at org.apache.ratis.thirdparty.io.netty.channel.nio.NioEventLoop.processSelectedKey(NioEventLoop.java:632)
	at org.apache.ratis.thirdparty.io.netty.channel.nio.NioEventLoop.processSelectedKeysOptimized(NioEventLoop.java:579)
	at org.apache.ratis.thirdparty.io.netty.channel.nio.NioEventLoop.processSelectedKeys(NioEventLoop.java:496)
	at org.apache.ratis.thirdparty.io.netty.channel.nio.NioEventLoop.run(NioEventLoop.java:458)
	at org.apache.ratis.thirdparty.io.netty.util.concurrent.SingleThreadEventExecutor$5.run(SingleThreadEventExecutor.java:897)
	at org.apache.ratis.thirdparty.io.netty.util.concurrent.FastThreadLocalRunnable.run(FastThreadLocalRunnable.java:30)
	... 1 more
Caused by: java.net.ConnectException: Connection refused
	... 11 more
2019-10-17 05:57:21,551 [9f06b4c9-079f-4989-8935-c6be59ddc82e@group-0D1055093416-LeaderElection204] INFO  impl.RaftServerImpl (RaftServerImpl.java:setRole(184)) - 9f06b4c9-079f-4989-8935-c6be59ddc82e@group-0D1055093416: changes role from CANDIDATE to FOLLOWER at term 193 for DISCOVERED_A_NEW_TERM
2019-10-17 05:57:21,551 [9f06b4c9-079f-4989-8935-c6be59ddc82e@group-0D1055093416-LeaderElection204] INFO  impl.RoleInfo (RoleInfo.java:shutdownLeaderElection(134)) - 9f06b4c9-079f-4989-8935-c6be59ddc82e: shutdown LeaderElection
2019-10-17 05:57:21,551 [9f06b4c9-079f-4989-8935-c6be59ddc82e@group-0D1055093416-LeaderElection204] INFO  impl.RoleInfo (RoleInfo.java:updateAndGet(143)) - 9f06b4c9-079f-4989-8935-c6be59ddc82e: start FollowerState
2019-10-17 05:57:21,568 [Thread-1832] INFO  impl.FollowerState (FollowerState.java:run(108)) - 9f06b4c9-079f-4989-8935-c6be59ddc82e@group-0D1055093416-FollowerState: change to CANDIDATE, lastRpcTime:16ms, electionTimeout:16ms
2019-10-17 05:57:21,568 [Thread-1832] INFO  impl.RoleInfo (RoleInfo.java:shutdownFollowerState(121)) - 9f06b4c9-079f-4989-8935-c6be59ddc82e: shutdown FollowerState
2019-10-17 05:57:21,568 [Thread-1832] INFO  impl.RaftServerImpl (RaftServerImpl.java:setRole(184)) - 9f06b4c9-079f-4989-8935-c6be59ddc82e@group-0D1055093416: changes role from  FOLLOWER to CANDIDATE at term 193 for changeToCandidate
2019-10-17 05:57:21,568 [Thread-1832] INFO  impl.RoleInfo (RoleInfo.java:updateAndGet(143)) - 9f06b4c9-079f-4989-8935-c6be59ddc82e: start LeaderElection
2019-10-17 05:57:21,581 [9f06b4c9-079f-4989-8935-c6be59ddc82e@group-0D1055093416-LeaderElection205] INFO  impl.LeaderElection (LeaderElection.java:askForVotes(178)) - 9f06b4c9-079f-4989-8935-c6be59ddc82e@group-0D1055093416-LeaderElection205: begin an election at term 194 for -1: [9f06b4c9-079f-4989-8935-c6be59ddc82e:192.168.69.82:36391, b282f9e2-3bd4-452e-9c35-1adeacc39134:192.168.69.82:42567, 3ce2c7b7-3df7-42de-af28-9ba1d65ea84e:192.168.69.82:35388], old=null
2019-10-17 05:57:21,582 [9f06b4c9-079f-4989-8935-c6be59ddc82e@group-0D1055093416-LeaderElection205] INFO  impl.LeaderElection (LogUtils.java:infoOrTrace(149)) - 9f06b4c9-079f-4989-8935-c6be59ddc82e@group-0D1055093416-LeaderElection205 got exception when requesting votes: {}
java.util.concurrent.ExecutionException: org.apache.ratis.thirdparty.io.grpc.StatusRuntimeException: UNAVAILABLE: io exception
	at java.util.concurrent.FutureTask.report(FutureTask.java:122)
	at java.util.concurrent.FutureTask.get(FutureTask.java:192)
	at org.apache.ratis.server.impl.LeaderElection.waitForResults(LeaderElection.java:259)
	at org.apache.ratis.server.impl.LeaderElection.askForVotes(LeaderElection.java:197)
	at org.apache.ratis.server.impl.LeaderElection.run(LeaderElection.java:133)
	at java.lang.Thread.run(Thread.java:748)
Caused by: org.apache.ratis.thirdparty.io.grpc.StatusRuntimeException: UNAVAILABLE: io exception
	at org.apache.ratis.thirdparty.io.grpc.stub.ClientCalls.toStatusRuntimeException(ClientCalls.java:233)
	at org.apache.ratis.thirdparty.io.grpc.stub.ClientCalls.getUnchecked(ClientCalls.java:214)
	at org.apache.ratis.thirdparty.io.grpc.stub.ClientCalls.blockingUnaryCall(ClientCalls.java:139)
	at org.apache.ratis.proto.grpc.RaftServerProtocolServiceGrpc$RaftServerProtocolServiceBlockingStub.requestVote(RaftServerProtocolServiceGrpc.java:265)
	at org.apache.ratis.grpc.server.GrpcServerProtocolClient.requestVote(GrpcServerProtocolClient.java:99)
	at org.apache.ratis.grpc.server.GrpcService.requestVote(GrpcService.java:204)
	at org.apache.ratis.server.impl.LeaderElection.lambda$submitRequests$1(LeaderElection.java:234)
	at java.util.concurrent.FutureTask.run(FutureTask.java:266)
	at java.util.concurrent.Executors$RunnableAdapter.call(Executors.java:511)
	at java.util.concurrent.FutureTask.run(FutureTask.java:266)
	at java.util.concurrent.ThreadPoolExecutor.runWorker(ThreadPoolExecutor.java:1149)
	at java.util.concurrent.ThreadPoolExecutor$Worker.run(ThreadPoolExecutor.java:624)
	... 1 more
Caused by: org.apache.ratis.thirdparty.io.netty.channel.AbstractChannel$AnnotatedConnectException: Connection refused: /192.168.69.82:42567
	at sun.nio.ch.SocketChannelImpl.checkConnect(Native Method)
	at sun.nio.ch.SocketChannelImpl.finishConnect(SocketChannelImpl.java:717)
	at org.apache.ratis.thirdparty.io.netty.channel.socket.nio.NioSocketChannel.doFinishConnect(NioSocketChannel.java:327)
	at org.apache.ratis.thirdparty.io.netty.channel.nio.AbstractNioChannel$AbstractNioUnsafe.finishConnect(AbstractNioChannel.java:340)
	at org.apache.ratis.thirdparty.io.netty.channel.nio.NioEventLoop.processSelectedKey(NioEventLoop.java:632)
	at org.apache.ratis.thirdparty.io.netty.channel.nio.NioEventLoop.processSelectedKeysOptimized(NioEventLoop.java:579)
	at org.apache.ratis.thirdparty.io.netty.channel.nio.NioEventLoop.processSelectedKeys(NioEventLoop.java:496)
	at org.apache.ratis.thirdparty.io.netty.channel.nio.NioEventLoop.run(NioEventLoop.java:458)
	at org.apache.ratis.thirdparty.io.netty.util.concurrent.SingleThreadEventExecutor$5.run(SingleThreadEventExecutor.java:897)
	at org.apache.ratis.thirdparty.io.netty.util.concurrent.FastThreadLocalRunnable.run(FastThreadLocalRunnable.java:30)
	... 1 more
Caused by: java.net.ConnectException: Connection refused
	... 11 more
2019-10-17 05:57:21,582 [9f06b4c9-079f-4989-8935-c6be59ddc82e@group-0D1055093416-LeaderElection205] INFO  impl.LeaderElection (LogUtils.java:infoOrTrace(149)) - 9f06b4c9-079f-4989-8935-c6be59ddc82e@group-0D1055093416-LeaderElection205 got exception when requesting votes: {}
java.util.concurrent.ExecutionException: org.apache.ratis.thirdparty.io.grpc.StatusRuntimeException: UNAVAILABLE: io exception
	at java.util.concurrent.FutureTask.report(FutureTask.java:122)
	at java.util.concurrent.FutureTask.get(FutureTask.java:192)
	at org.apache.ratis.server.impl.LeaderElection.waitForResults(LeaderElection.java:259)
	at org.apache.ratis.server.impl.LeaderElection.askForVotes(LeaderElection.java:197)
	at org.apache.ratis.server.impl.LeaderElection.run(LeaderElection.java:133)
	at java.lang.Thread.run(Thread.java:748)
Caused by: org.apache.ratis.thirdparty.io.grpc.StatusRuntimeException: UNAVAILABLE: io exception
	at org.apache.ratis.thirdparty.io.grpc.stub.ClientCalls.toStatusRuntimeException(ClientCalls.java:233)
	at org.apache.ratis.thirdparty.io.grpc.stub.ClientCalls.getUnchecked(ClientCalls.java:214)
	at org.apache.ratis.thirdparty.io.grpc.stub.ClientCalls.blockingUnaryCall(ClientCalls.java:139)
	at org.apache.ratis.proto.grpc.RaftServerProtocolServiceGrpc$RaftServerProtocolServiceBlockingStub.requestVote(RaftServerProtocolServiceGrpc.java:265)
	at org.apache.ratis.grpc.server.GrpcServerProtocolClient.requestVote(GrpcServerProtocolClient.java:99)
	at org.apache.ratis.grpc.server.GrpcService.requestVote(GrpcService.java:204)
	at org.apache.ratis.server.impl.LeaderElection.lambda$submitRequests$1(LeaderElection.java:234)
	at java.util.concurrent.FutureTask.run(FutureTask.java:266)
	at java.util.concurrent.Executors$RunnableAdapter.call(Executors.java:511)
	at java.util.concurrent.FutureTask.run(FutureTask.java:266)
	at java.util.concurrent.ThreadPoolExecutor.runWorker(ThreadPoolExecutor.java:1149)
	at java.util.concurrent.ThreadPoolExecutor$Worker.run(ThreadPoolExecutor.java:624)
	... 1 more
Caused by: org.apache.ratis.thirdparty.io.netty.channel.AbstractChannel$AnnotatedConnectException: Connection refused: /192.168.69.82:35388
	at sun.nio.ch.SocketChannelImpl.checkConnect(Native Method)
	at sun.nio.ch.SocketChannelImpl.finishConnect(SocketChannelImpl.java:717)
	at org.apache.ratis.thirdparty.io.netty.channel.socket.nio.NioSocketChannel.doFinishConnect(NioSocketChannel.java:327)
	at org.apache.ratis.thirdparty.io.netty.channel.nio.AbstractNioChannel$AbstractNioUnsafe.finishConnect(AbstractNioChannel.java:340)
	at org.apache.ratis.thirdparty.io.netty.channel.nio.NioEventLoop.processSelectedKey(NioEventLoop.java:632)
	at org.apache.ratis.thirdparty.io.netty.channel.nio.NioEventLoop.processSelectedKeysOptimized(NioEventLoop.java:579)
	at org.apache.ratis.thirdparty.io.netty.channel.nio.NioEventLoop.processSelectedKeys(NioEventLoop.java:496)
	at org.apache.ratis.thirdparty.io.netty.channel.nio.NioEventLoop.run(NioEventLoop.java:458)
	at org.apache.ratis.thirdparty.io.netty.util.concurrent.SingleThreadEventExecutor$5.run(SingleThreadEventExecutor.java:897)
	at org.apache.ratis.thirdparty.io.netty.util.concurrent.FastThreadLocalRunnable.run(FastThreadLocalRunnable.java:30)
	... 1 more
Caused by: java.net.ConnectException: Connection refused
	... 11 more
2019-10-17 05:57:21,583 [9f06b4c9-079f-4989-8935-c6be59ddc82e@group-0D1055093416-LeaderElection205] INFO  impl.LeaderElection (LeaderElection.java:logAndReturn(56)) - 9f06b4c9-079f-4989-8935-c6be59ddc82e@group-0D1055093416-LeaderElection205: Election REJECTED; received 0 response(s) [] and 2 exception(s); 9f06b4c9-079f-4989-8935-c6be59ddc82e@group-0D1055093416:t194, leader=null, voted=9f06b4c9-079f-4989-8935-c6be59ddc82e, raftlog=9f06b4c9-079f-4989-8935-c6be59ddc82e@group-0D1055093416-SegmentedRaftLog:OPENED:c-1,f-1,i0, conf=-1: [9f06b4c9-079f-4989-8935-c6be59ddc82e:192.168.69.82:36391, b282f9e2-3bd4-452e-9c35-1adeacc39134:192.168.69.82:42567, 3ce2c7b7-3df7-42de-af28-9ba1d65ea84e:192.168.69.82:35388], old=null
2019-10-17 05:57:21,583 [9f06b4c9-079f-4989-8935-c6be59ddc82e@group-0D1055093416-LeaderElection205] INFO  impl.LeaderElection (LogUtils.java:infoOrTrace(149)) -   Exception 0: {}
java.util.concurrent.ExecutionException: org.apache.ratis.thirdparty.io.grpc.StatusRuntimeException: UNAVAILABLE: io exception
	at java.util.concurrent.FutureTask.report(FutureTask.java:122)
	at java.util.concurrent.FutureTask.get(FutureTask.java:192)
	at org.apache.ratis.server.impl.LeaderElection.waitForResults(LeaderElection.java:259)
	at org.apache.ratis.server.impl.LeaderElection.askForVotes(LeaderElection.java:197)
	at org.apache.ratis.server.impl.LeaderElection.run(LeaderElection.java:133)
	at java.lang.Thread.run(Thread.java:748)
Caused by: org.apache.ratis.thirdparty.io.grpc.StatusRuntimeException: UNAVAILABLE: io exception
	at org.apache.ratis.thirdparty.io.grpc.stub.ClientCalls.toStatusRuntimeException(ClientCalls.java:233)
	at org.apache.ratis.thirdparty.io.grpc.stub.ClientCalls.getUnchecked(ClientCalls.java:214)
	at org.apache.ratis.thirdparty.io.grpc.stub.ClientCalls.blockingUnaryCall(ClientCalls.java:139)
	at org.apache.ratis.proto.grpc.RaftServerProtocolServiceGrpc$RaftServerProtocolServiceBlockingStub.requestVote(RaftServerProtocolServiceGrpc.java:265)
	at org.apache.ratis.grpc.server.GrpcServerProtocolClient.requestVote(GrpcServerProtocolClient.java:99)
	at org.apache.ratis.grpc.server.GrpcService.requestVote(GrpcService.java:204)
	at org.apache.ratis.server.impl.LeaderElection.lambda$submitRequests$1(LeaderElection.java:234)
	at java.util.concurrent.FutureTask.run(FutureTask.java:266)
	at java.util.concurrent.Executors$RunnableAdapter.call(Executors.java:511)
	at java.util.concurrent.FutureTask.run(FutureTask.java:266)
	at java.util.concurrent.ThreadPoolExecutor.runWorker(ThreadPoolExecutor.java:1149)
	at java.util.concurrent.ThreadPoolExecutor$Worker.run(ThreadPoolExecutor.java:624)
	... 1 more
Caused by: org.apache.ratis.thirdparty.io.netty.channel.AbstractChannel$AnnotatedConnectException: Connection refused: /192.168.69.82:42567
	at sun.nio.ch.SocketChannelImpl.checkConnect(Native Method)
	at sun.nio.ch.SocketChannelImpl.finishConnect(SocketChannelImpl.java:717)
	at org.apache.ratis.thirdparty.io.netty.channel.socket.nio.NioSocketChannel.doFinishConnect(NioSocketChannel.java:327)
	at org.apache.ratis.thirdparty.io.netty.channel.nio.AbstractNioChannel$AbstractNioUnsafe.finishConnect(AbstractNioChannel.java:340)
	at org.apache.ratis.thirdparty.io.netty.channel.nio.NioEventLoop.processSelectedKey(NioEventLoop.java:632)
	at org.apache.ratis.thirdparty.io.netty.channel.nio.NioEventLoop.processSelectedKeysOptimized(NioEventLoop.java:579)
	at org.apache.ratis.thirdparty.io.netty.channel.nio.NioEventLoop.processSelectedKeys(NioEventLoop.java:496)
	at org.apache.ratis.thirdparty.io.netty.channel.nio.NioEventLoop.run(NioEventLoop.java:458)
	at org.apache.ratis.thirdparty.io.netty.util.concurrent.SingleThreadEventExecutor$5.run(SingleThreadEventExecutor.java:897)
	at org.apache.ratis.thirdparty.io.netty.util.concurrent.FastThreadLocalRunnable.run(FastThreadLocalRunnable.java:30)
	... 1 more
Caused by: java.net.ConnectException: Connection refused
	... 11 more
2019-10-17 05:57:21,583 [9f06b4c9-079f-4989-8935-c6be59ddc82e@group-0D1055093416-LeaderElection205] INFO  impl.LeaderElection (LogUtils.java:infoOrTrace(149)) -   Exception 1: {}
java.util.concurrent.ExecutionException: org.apache.ratis.thirdparty.io.grpc.StatusRuntimeException: UNAVAILABLE: io exception
	at java.util.concurrent.FutureTask.report(FutureTask.java:122)
	at java.util.concurrent.FutureTask.get(FutureTask.java:192)
	at org.apache.ratis.server.impl.LeaderElection.waitForResults(LeaderElection.java:259)
	at org.apache.ratis.server.impl.LeaderElection.askForVotes(LeaderElection.java:197)
	at org.apache.ratis.server.impl.LeaderElection.run(LeaderElection.java:133)
	at java.lang.Thread.run(Thread.java:748)
Caused by: org.apache.ratis.thirdparty.io.grpc.StatusRuntimeException: UNAVAILABLE: io exception
	at org.apache.ratis.thirdparty.io.grpc.stub.ClientCalls.toStatusRuntimeException(ClientCalls.java:233)
	at org.apache.ratis.thirdparty.io.grpc.stub.ClientCalls.getUnchecked(ClientCalls.java:214)
	at org.apache.ratis.thirdparty.io.grpc.stub.ClientCalls.blockingUnaryCall(ClientCalls.java:139)
	at org.apache.ratis.proto.grpc.RaftServerProtocolServiceGrpc$RaftServerProtocolServiceBlockingStub.requestVote(RaftServerProtocolServiceGrpc.java:265)
	at org.apache.ratis.grpc.server.GrpcServerProtocolClient.requestVote(GrpcServerProtocolClient.java:99)
	at org.apache.ratis.grpc.server.GrpcService.requestVote(GrpcService.java:204)
	at org.apache.ratis.server.impl.LeaderElection.lambda$submitRequests$1(LeaderElection.java:234)
	at java.util.concurrent.FutureTask.run(FutureTask.java:266)
	at java.util.concurrent.Executors$RunnableAdapter.call(Executors.java:511)
	at java.util.concurrent.FutureTask.run(FutureTask.java:266)
	at java.util.concurrent.ThreadPoolExecutor.runWorker(ThreadPoolExecutor.java:1149)
	at java.util.concurrent.ThreadPoolExecutor$Worker.run(ThreadPoolExecutor.java:624)
	... 1 more
Caused by: org.apache.ratis.thirdparty.io.netty.channel.AbstractChannel$AnnotatedConnectException: Connection refused: /192.168.69.82:35388
	at sun.nio.ch.SocketChannelImpl.checkConnect(Native Method)
	at sun.nio.ch.SocketChannelImpl.finishConnect(SocketChannelImpl.java:717)
	at org.apache.ratis.thirdparty.io.netty.channel.socket.nio.NioSocketChannel.doFinishConnect(NioSocketChannel.java:327)
	at org.apache.ratis.thirdparty.io.netty.channel.nio.AbstractNioChannel$AbstractNioUnsafe.finishConnect(AbstractNioChannel.java:340)
	at org.apache.ratis.thirdparty.io.netty.channel.nio.NioEventLoop.processSelectedKey(NioEventLoop.java:632)
	at org.apache.ratis.thirdparty.io.netty.channel.nio.NioEventLoop.processSelectedKeysOptimized(NioEventLoop.java:579)
	at org.apache.ratis.thirdparty.io.netty.channel.nio.NioEventLoop.processSelectedKeys(NioEventLoop.java:496)
	at org.apache.ratis.thirdparty.io.netty.channel.nio.NioEventLoop.run(NioEventLoop.java:458)
	at org.apache.ratis.thirdparty.io.netty.util.concurrent.SingleThreadEventExecutor$5.run(SingleThreadEventExecutor.java:897)
	at org.apache.ratis.thirdparty.io.netty.util.concurrent.FastThreadLocalRunnable.run(FastThreadLocalRunnable.java:30)
	... 1 more
Caused by: java.net.ConnectException: Connection refused
	... 11 more
2019-10-17 05:57:21,584 [9f06b4c9-079f-4989-8935-c6be59ddc82e@group-0D1055093416-LeaderElection205] INFO  impl.RaftServerImpl (RaftServerImpl.java:setRole(184)) - 9f06b4c9-079f-4989-8935-c6be59ddc82e@group-0D1055093416: changes role from CANDIDATE to FOLLOWER at term 194 for DISCOVERED_A_NEW_TERM
2019-10-17 05:57:21,584 [9f06b4c9-079f-4989-8935-c6be59ddc82e@group-0D1055093416-LeaderElection205] INFO  impl.RoleInfo (RoleInfo.java:shutdownLeaderElection(134)) - 9f06b4c9-079f-4989-8935-c6be59ddc82e: shutdown LeaderElection
2019-10-17 05:57:21,584 [9f06b4c9-079f-4989-8935-c6be59ddc82e@group-0D1055093416-LeaderElection205] INFO  impl.RoleInfo (RoleInfo.java:updateAndGet(143)) - 9f06b4c9-079f-4989-8935-c6be59ddc82e: start FollowerState
2019-10-17 05:57:21,736 [Thread-1836] INFO  impl.FollowerState (FollowerState.java:run(108)) - 9f06b4c9-079f-4989-8935-c6be59ddc82e@group-0D1055093416-FollowerState: change to CANDIDATE, lastRpcTime:152ms, electionTimeout:152ms
2019-10-17 05:57:21,736 [Thread-1836] INFO  impl.RoleInfo (RoleInfo.java:shutdownFollowerState(121)) - 9f06b4c9-079f-4989-8935-c6be59ddc82e: shutdown FollowerState
2019-10-17 05:57:21,737 [Thread-1836] INFO  impl.RaftServerImpl (RaftServerImpl.java:setRole(184)) - 9f06b4c9-079f-4989-8935-c6be59ddc82e@group-0D1055093416: changes role from  FOLLOWER to CANDIDATE at term 194 for changeToCandidate
2019-10-17 05:57:21,737 [Thread-1836] INFO  impl.RoleInfo (RoleInfo.java:updateAndGet(143)) - 9f06b4c9-079f-4989-8935-c6be59ddc82e: start LeaderElection
2019-10-17 05:57:21,750 [9f06b4c9-079f-4989-8935-c6be59ddc82e@group-0D1055093416-LeaderElection206] INFO  impl.LeaderElection (LeaderElection.java:askForVotes(178)) - 9f06b4c9-079f-4989-8935-c6be59ddc82e@group-0D1055093416-LeaderElection206: begin an election at term 195 for -1: [9f06b4c9-079f-4989-8935-c6be59ddc82e:192.168.69.82:36391, b282f9e2-3bd4-452e-9c35-1adeacc39134:192.168.69.82:42567, 3ce2c7b7-3df7-42de-af28-9ba1d65ea84e:192.168.69.82:35388], old=null
2019-10-17 05:57:21,751 [9f06b4c9-079f-4989-8935-c6be59ddc82e@group-0D1055093416-LeaderElection206] INFO  impl.LeaderElection (LogUtils.java:infoOrTrace(149)) - 9f06b4c9-079f-4989-8935-c6be59ddc82e@group-0D1055093416-LeaderElection206 got exception when requesting votes: {}
java.util.concurrent.ExecutionException: org.apache.ratis.thirdparty.io.grpc.StatusRuntimeException: UNAVAILABLE: io exception
	at java.util.concurrent.FutureTask.report(FutureTask.java:122)
	at java.util.concurrent.FutureTask.get(FutureTask.java:192)
	at org.apache.ratis.server.impl.LeaderElection.waitForResults(LeaderElection.java:259)
	at org.apache.ratis.server.impl.LeaderElection.askForVotes(LeaderElection.java:197)
	at org.apache.ratis.server.impl.LeaderElection.run(LeaderElection.java:133)
	at java.lang.Thread.run(Thread.java:748)
Caused by: org.apache.ratis.thirdparty.io.grpc.StatusRuntimeException: UNAVAILABLE: io exception
	at org.apache.ratis.thirdparty.io.grpc.stub.ClientCalls.toStatusRuntimeException(ClientCalls.java:233)
	at org.apache.ratis.thirdparty.io.grpc.stub.ClientCalls.getUnchecked(ClientCalls.java:214)
	at org.apache.ratis.thirdparty.io.grpc.stub.ClientCalls.blockingUnaryCall(ClientCalls.java:139)
	at org.apache.ratis.proto.grpc.RaftServerProtocolServiceGrpc$RaftServerProtocolServiceBlockingStub.requestVote(RaftServerProtocolServiceGrpc.java:265)
	at org.apache.ratis.grpc.server.GrpcServerProtocolClient.requestVote(GrpcServerProtocolClient.java:99)
	at org.apache.ratis.grpc.server.GrpcService.requestVote(GrpcService.java:204)
	at org.apache.ratis.server.impl.LeaderElection.lambda$submitRequests$1(LeaderElection.java:234)
	at java.util.concurrent.FutureTask.run(FutureTask.java:266)
	at java.util.concurrent.Executors$RunnableAdapter.call(Executors.java:511)
	at java.util.concurrent.FutureTask.run(FutureTask.java:266)
	at java.util.concurrent.ThreadPoolExecutor.runWorker(ThreadPoolExecutor.java:1149)
	at java.util.concurrent.ThreadPoolExecutor$Worker.run(ThreadPoolExecutor.java:624)
	... 1 more
Caused by: org.apache.ratis.thirdparty.io.netty.channel.AbstractChannel$AnnotatedConnectException: Connection refused: /192.168.69.82:35388
	at sun.nio.ch.SocketChannelImpl.checkConnect(Native Method)
	at sun.nio.ch.SocketChannelImpl.finishConnect(SocketChannelImpl.java:717)
	at org.apache.ratis.thirdparty.io.netty.channel.socket.nio.NioSocketChannel.doFinishConnect(NioSocketChannel.java:327)
	at org.apache.ratis.thirdparty.io.netty.channel.nio.AbstractNioChannel$AbstractNioUnsafe.finishConnect(AbstractNioChannel.java:340)
	at org.apache.ratis.thirdparty.io.netty.channel.nio.NioEventLoop.processSelectedKey(NioEventLoop.java:632)
	at org.apache.ratis.thirdparty.io.netty.channel.nio.NioEventLoop.processSelectedKeysOptimized(NioEventLoop.java:579)
	at org.apache.ratis.thirdparty.io.netty.channel.nio.NioEventLoop.processSelectedKeys(NioEventLoop.java:496)
	at org.apache.ratis.thirdparty.io.netty.channel.nio.NioEventLoop.run(NioEventLoop.java:458)
	at org.apache.ratis.thirdparty.io.netty.util.concurrent.SingleThreadEventExecutor$5.run(SingleThreadEventExecutor.java:897)
	at org.apache.ratis.thirdparty.io.netty.util.concurrent.FastThreadLocalRunnable.run(FastThreadLocalRunnable.java:30)
	... 1 more
Caused by: java.net.ConnectException: Connection refused
	... 11 more
2019-10-17 05:57:21,752 [9f06b4c9-079f-4989-8935-c6be59ddc82e@group-0D1055093416-LeaderElection206] INFO  impl.LeaderElection (LogUtils.java:infoOrTrace(149)) - 9f06b4c9-079f-4989-8935-c6be59ddc82e@group-0D1055093416-LeaderElection206 got exception when requesting votes: {}
java.util.concurrent.ExecutionException: org.apache.ratis.thirdparty.io.grpc.StatusRuntimeException: UNAVAILABLE: io exception
	at java.util.concurrent.FutureTask.report(FutureTask.java:122)
	at java.util.concurrent.FutureTask.get(FutureTask.java:192)
	at org.apache.ratis.server.impl.LeaderElection.waitForResults(LeaderElection.java:259)
	at org.apache.ratis.server.impl.LeaderElection.askForVotes(LeaderElection.java:197)
	at org.apache.ratis.server.impl.LeaderElection.run(LeaderElection.java:133)
	at java.lang.Thread.run(Thread.java:748)
Caused by: org.apache.ratis.thirdparty.io.grpc.StatusRuntimeException: UNAVAILABLE: io exception
	at org.apache.ratis.thirdparty.io.grpc.stub.ClientCalls.toStatusRuntimeException(ClientCalls.java:233)
	at org.apache.ratis.thirdparty.io.grpc.stub.ClientCalls.getUnchecked(ClientCalls.java:214)
	at org.apache.ratis.thirdparty.io.grpc.stub.ClientCalls.blockingUnaryCall(ClientCalls.java:139)
	at org.apache.ratis.proto.grpc.RaftServerProtocolServiceGrpc$RaftServerProtocolServiceBlockingStub.requestVote(RaftServerProtocolServiceGrpc.java:265)
	at org.apache.ratis.grpc.server.GrpcServerProtocolClient.requestVote(GrpcServerProtocolClient.java:99)
	at org.apache.ratis.grpc.server.GrpcService.requestVote(GrpcService.java:204)
	at org.apache.ratis.server.impl.LeaderElection.lambda$submitRequests$1(LeaderElection.java:234)
	at java.util.concurrent.FutureTask.run(FutureTask.java:266)
	at java.util.concurrent.Executors$RunnableAdapter.call(Executors.java:511)
	at java.util.concurrent.FutureTask.run(FutureTask.java:266)
	at java.util.concurrent.ThreadPoolExecutor.runWorker(ThreadPoolExecutor.java:1149)
	at java.util.concurrent.ThreadPoolExecutor$Worker.run(ThreadPoolExecutor.java:624)
	... 1 more
Caused by: org.apache.ratis.thirdparty.io.netty.channel.AbstractChannel$AnnotatedConnectException: Connection refused: /192.168.69.82:42567
	at sun.nio.ch.SocketChannelImpl.checkConnect(Native Method)
	at sun.nio.ch.SocketChannelImpl.finishConnect(SocketChannelImpl.java:717)
	at org.apache.ratis.thirdparty.io.netty.channel.socket.nio.NioSocketChannel.doFinishConnect(NioSocketChannel.java:327)
	at org.apache.ratis.thirdparty.io.netty.channel.nio.AbstractNioChannel$AbstractNioUnsafe.finishConnect(AbstractNioChannel.java:340)
	at org.apache.ratis.thirdparty.io.netty.channel.nio.NioEventLoop.processSelectedKey(NioEventLoop.java:632)
	at org.apache.ratis.thirdparty.io.netty.channel.nio.NioEventLoop.processSelectedKeysOptimized(NioEventLoop.java:579)
	at org.apache.ratis.thirdparty.io.netty.channel.nio.NioEventLoop.processSelectedKeys(NioEventLoop.java:496)
	at org.apache.ratis.thirdparty.io.netty.channel.nio.NioEventLoop.run(NioEventLoop.java:458)
	at org.apache.ratis.thirdparty.io.netty.util.concurrent.SingleThreadEventExecutor$5.run(SingleThreadEventExecutor.java:897)
	at org.apache.ratis.thirdparty.io.netty.util.concurrent.FastThreadLocalRunnable.run(FastThreadLocalRunnable.java:30)
	... 1 more
Caused by: java.net.ConnectException: Connection refused
	... 11 more
2019-10-17 05:57:21,752 [9f06b4c9-079f-4989-8935-c6be59ddc82e@group-0D1055093416-LeaderElection206] INFO  impl.LeaderElection (LeaderElection.java:logAndReturn(56)) - 9f06b4c9-079f-4989-8935-c6be59ddc82e@group-0D1055093416-LeaderElection206: Election REJECTED; received 0 response(s) [] and 2 exception(s); 9f06b4c9-079f-4989-8935-c6be59ddc82e@group-0D1055093416:t195, leader=null, voted=9f06b4c9-079f-4989-8935-c6be59ddc82e, raftlog=9f06b4c9-079f-4989-8935-c6be59ddc82e@group-0D1055093416-SegmentedRaftLog:OPENED:c-1,f-1,i0, conf=-1: [9f06b4c9-079f-4989-8935-c6be59ddc82e:192.168.69.82:36391, b282f9e2-3bd4-452e-9c35-1adeacc39134:192.168.69.82:42567, 3ce2c7b7-3df7-42de-af28-9ba1d65ea84e:192.168.69.82:35388], old=null
2019-10-17 05:57:21,752 [9f06b4c9-079f-4989-8935-c6be59ddc82e@group-0D1055093416-LeaderElection206] INFO  impl.LeaderElection (LogUtils.java:infoOrTrace(149)) -   Exception 0: {}
java.util.concurrent.ExecutionException: org.apache.ratis.thirdparty.io.grpc.StatusRuntimeException: UNAVAILABLE: io exception
	at java.util.concurrent.FutureTask.report(FutureTask.java:122)
	at java.util.concurrent.FutureTask.get(FutureTask.java:192)
	at org.apache.ratis.server.impl.LeaderElection.waitForResults(LeaderElection.java:259)
	at org.apache.ratis.server.impl.LeaderElection.askForVotes(LeaderElection.java:197)
	at org.apache.ratis.server.impl.LeaderElection.run(LeaderElection.java:133)
	at java.lang.Thread.run(Thread.java:748)
Caused by: org.apache.ratis.thirdparty.io.grpc.StatusRuntimeException: UNAVAILABLE: io exception
	at org.apache.ratis.thirdparty.io.grpc.stub.ClientCalls.toStatusRuntimeException(ClientCalls.java:233)
	at org.apache.ratis.thirdparty.io.grpc.stub.ClientCalls.getUnchecked(ClientCalls.java:214)
	at org.apache.ratis.thirdparty.io.grpc.stub.ClientCalls.blockingUnaryCall(ClientCalls.java:139)
	at org.apache.ratis.proto.grpc.RaftServerProtocolServiceGrpc$RaftServerProtocolServiceBlockingStub.requestVote(RaftServerProtocolServiceGrpc.java:265)
	at org.apache.ratis.grpc.server.GrpcServerProtocolClient.requestVote(GrpcServerProtocolClient.java:99)
	at org.apache.ratis.grpc.server.GrpcService.requestVote(GrpcService.java:204)
	at org.apache.ratis.server.impl.LeaderElection.lambda$submitRequests$1(LeaderElection.java:234)
	at java.util.concurrent.FutureTask.run(FutureTask.java:266)
	at java.util.concurrent.Executors$RunnableAdapter.call(Executors.java:511)
	at java.util.concurrent.FutureTask.run(FutureTask.java:266)
	at java.util.concurrent.ThreadPoolExecutor.runWorker(ThreadPoolExecutor.java:1149)
	at java.util.concurrent.ThreadPoolExecutor$Worker.run(ThreadPoolExecutor.java:624)
	... 1 more
Caused by: org.apache.ratis.thirdparty.io.netty.channel.AbstractChannel$AnnotatedConnectException: Connection refused: /192.168.69.82:35388
	at sun.nio.ch.SocketChannelImpl.checkConnect(Native Method)
	at sun.nio.ch.SocketChannelImpl.finishConnect(SocketChannelImpl.java:717)
	at org.apache.ratis.thirdparty.io.netty.channel.socket.nio.NioSocketChannel.doFinishConnect(NioSocketChannel.java:327)
	at org.apache.ratis.thirdparty.io.netty.channel.nio.AbstractNioChannel$AbstractNioUnsafe.finishConnect(AbstractNioChannel.java:340)
	at org.apache.ratis.thirdparty.io.netty.channel.nio.NioEventLoop.processSelectedKey(NioEventLoop.java:632)
	at org.apache.ratis.thirdparty.io.netty.channel.nio.NioEventLoop.processSelectedKeysOptimized(NioEventLoop.java:579)
	at org.apache.ratis.thirdparty.io.netty.channel.nio.NioEventLoop.processSelectedKeys(NioEventLoop.java:496)
	at org.apache.ratis.thirdparty.io.netty.channel.nio.NioEventLoop.run(NioEventLoop.java:458)
	at org.apache.ratis.thirdparty.io.netty.util.concurrent.SingleThreadEventExecutor$5.run(SingleThreadEventExecutor.java:897)
	at org.apache.ratis.thirdparty.io.netty.util.concurrent.FastThreadLocalRunnable.run(FastThreadLocalRunnable.java:30)
	... 1 more
Caused by: java.net.ConnectException: Connection refused
	... 11 more
2019-10-17 05:57:21,752 [9f06b4c9-079f-4989-8935-c6be59ddc82e@group-0D1055093416-LeaderElection206] INFO  impl.LeaderElection (LogUtils.java:infoOrTrace(149)) -   Exception 1: {}
java.util.concurrent.ExecutionException: org.apache.ratis.thirdparty.io.grpc.StatusRuntimeException: UNAVAILABLE: io exception
	at java.util.concurrent.FutureTask.report(FutureTask.java:122)
	at java.util.concurrent.FutureTask.get(FutureTask.java:192)
	at org.apache.ratis.server.impl.LeaderElection.waitForResults(LeaderElection.java:259)
	at org.apache.ratis.server.impl.LeaderElection.askForVotes(LeaderElection.java:197)
	at org.apache.ratis.server.impl.LeaderElection.run(LeaderElection.java:133)
	at java.lang.Thread.run(Thread.java:748)
Caused by: org.apache.ratis.thirdparty.io.grpc.StatusRuntimeException: UNAVAILABLE: io exception
	at org.apache.ratis.thirdparty.io.grpc.stub.ClientCalls.toStatusRuntimeException(ClientCalls.java:233)
	at org.apache.ratis.thirdparty.io.grpc.stub.ClientCalls.getUnchecked(ClientCalls.java:214)
	at org.apache.ratis.thirdparty.io.grpc.stub.ClientCalls.blockingUnaryCall(ClientCalls.java:139)
	at org.apache.ratis.proto.grpc.RaftServerProtocolServiceGrpc$RaftServerProtocolServiceBlockingStub.requestVote(RaftServerProtocolServiceGrpc.java:265)
	at org.apache.ratis.grpc.server.GrpcServerProtocolClient.requestVote(GrpcServerProtocolClient.java:99)
	at org.apache.ratis.grpc.server.GrpcService.requestVote(GrpcService.java:204)
	at org.apache.ratis.server.impl.LeaderElection.lambda$submitRequests$1(LeaderElection.java:234)
	at java.util.concurrent.FutureTask.run(FutureTask.java:266)
	at java.util.concurrent.Executors$RunnableAdapter.call(Executors.java:511)
	at java.util.concurrent.FutureTask.run(FutureTask.java:266)
	at java.util.concurrent.ThreadPoolExecutor.runWorker(ThreadPoolExecutor.java:1149)
	at java.util.concurrent.ThreadPoolExecutor$Worker.run(ThreadPoolExecutor.java:624)
	... 1 more
Caused by: org.apache.ratis.thirdparty.io.netty.channel.AbstractChannel$AnnotatedConnectException: Connection refused: /192.168.69.82:42567
	at sun.nio.ch.SocketChannelImpl.checkConnect(Native Method)
	at sun.nio.ch.SocketChannelImpl.finishConnect(SocketChannelImpl.java:717)
	at org.apache.ratis.thirdparty.io.netty.channel.socket.nio.NioSocketChannel.doFinishConnect(NioSocketChannel.java:327)
	at org.apache.ratis.thirdparty.io.netty.channel.nio.AbstractNioChannel$AbstractNioUnsafe.finishConnect(AbstractNioChannel.java:340)
	at org.apache.ratis.thirdparty.io.netty.channel.nio.NioEventLoop.processSelectedKey(NioEventLoop.java:632)
	at org.apache.ratis.thirdparty.io.netty.channel.nio.NioEventLoop.processSelectedKeysOptimized(NioEventLoop.java:579)
	at org.apache.ratis.thirdparty.io.netty.channel.nio.NioEventLoop.processSelectedKeys(NioEventLoop.java:496)
	at org.apache.ratis.thirdparty.io.netty.channel.nio.NioEventLoop.run(NioEventLoop.java:458)
	at org.apache.ratis.thirdparty.io.netty.util.concurrent.SingleThreadEventExecutor$5.run(SingleThreadEventExecutor.java:897)
	at org.apache.ratis.thirdparty.io.netty.util.concurrent.FastThreadLocalRunnable.run(FastThreadLocalRunnable.java:30)
	... 1 more
Caused by: java.net.ConnectException: Connection refused
	... 11 more
2019-10-17 05:57:21,752 [9f06b4c9-079f-4989-8935-c6be59ddc82e@group-0D1055093416-LeaderElection206] INFO  impl.RaftServerImpl (RaftServerImpl.java:setRole(184)) - 9f06b4c9-079f-4989-8935-c6be59ddc82e@group-0D1055093416: changes role from CANDIDATE to FOLLOWER at term 195 for DISCOVERED_A_NEW_TERM
2019-10-17 05:57:21,753 [9f06b4c9-079f-4989-8935-c6be59ddc82e@group-0D1055093416-LeaderElection206] INFO  impl.RoleInfo (RoleInfo.java:shutdownLeaderElection(134)) - 9f06b4c9-079f-4989-8935-c6be59ddc82e: shutdown LeaderElection
2019-10-17 05:57:21,753 [9f06b4c9-079f-4989-8935-c6be59ddc82e@group-0D1055093416-LeaderElection206] INFO  impl.RoleInfo (RoleInfo.java:updateAndGet(143)) - 9f06b4c9-079f-4989-8935-c6be59ddc82e: start FollowerState
2019-10-17 05:57:21,925 [Thread-1840] INFO  impl.FollowerState (FollowerState.java:run(108)) - 9f06b4c9-079f-4989-8935-c6be59ddc82e@group-0D1055093416-FollowerState: change to CANDIDATE, lastRpcTime:172ms, electionTimeout:172ms
2019-10-17 05:57:21,925 [Thread-1840] INFO  impl.RoleInfo (RoleInfo.java:shutdownFollowerState(121)) - 9f06b4c9-079f-4989-8935-c6be59ddc82e: shutdown FollowerState
2019-10-17 05:57:21,925 [Thread-1840] INFO  impl.RaftServerImpl (RaftServerImpl.java:setRole(184)) - 9f06b4c9-079f-4989-8935-c6be59ddc82e@group-0D1055093416: changes role from  FOLLOWER to CANDIDATE at term 195 for changeToCandidate
2019-10-17 05:57:21,925 [Thread-1840] INFO  impl.RoleInfo (RoleInfo.java:updateAndGet(143)) - 9f06b4c9-079f-4989-8935-c6be59ddc82e: start LeaderElection
2019-10-17 05:57:21,939 [9f06b4c9-079f-4989-8935-c6be59ddc82e@group-0D1055093416-LeaderElection207] INFO  impl.LeaderElection (LeaderElection.java:askForVotes(178)) - 9f06b4c9-079f-4989-8935-c6be59ddc82e@group-0D1055093416-LeaderElection207: begin an election at term 196 for -1: [9f06b4c9-079f-4989-8935-c6be59ddc82e:192.168.69.82:36391, b282f9e2-3bd4-452e-9c35-1adeacc39134:192.168.69.82:42567, 3ce2c7b7-3df7-42de-af28-9ba1d65ea84e:192.168.69.82:35388], old=null
2019-10-17 05:57:21,940 [9f06b4c9-079f-4989-8935-c6be59ddc82e@group-0D1055093416-LeaderElection207] INFO  impl.LeaderElection (LogUtils.java:infoOrTrace(149)) - 9f06b4c9-079f-4989-8935-c6be59ddc82e@group-0D1055093416-LeaderElection207 got exception when requesting votes: {}
java.util.concurrent.ExecutionException: org.apache.ratis.thirdparty.io.grpc.StatusRuntimeException: UNAVAILABLE: io exception
	at java.util.concurrent.FutureTask.report(FutureTask.java:122)
	at java.util.concurrent.FutureTask.get(FutureTask.java:192)
	at org.apache.ratis.server.impl.LeaderElection.waitForResults(LeaderElection.java:259)
	at org.apache.ratis.server.impl.LeaderElection.askForVotes(LeaderElection.java:197)
	at org.apache.ratis.server.impl.LeaderElection.run(LeaderElection.java:133)
	at java.lang.Thread.run(Thread.java:748)
Caused by: org.apache.ratis.thirdparty.io.grpc.StatusRuntimeException: UNAVAILABLE: io exception
	at org.apache.ratis.thirdparty.io.grpc.stub.ClientCalls.toStatusRuntimeException(ClientCalls.java:233)
	at org.apache.ratis.thirdparty.io.grpc.stub.ClientCalls.getUnchecked(ClientCalls.java:214)
	at org.apache.ratis.thirdparty.io.grpc.stub.ClientCalls.blockingUnaryCall(ClientCalls.java:139)
	at org.apache.ratis.proto.grpc.RaftServerProtocolServiceGrpc$RaftServerProtocolServiceBlockingStub.requestVote(RaftServerProtocolServiceGrpc.java:265)
	at org.apache.ratis.grpc.server.GrpcServerProtocolClient.requestVote(GrpcServerProtocolClient.java:99)
	at org.apache.ratis.grpc.server.GrpcService.requestVote(GrpcService.java:204)
	at org.apache.ratis.server.impl.LeaderElection.lambda$submitRequests$1(LeaderElection.java:234)
	at java.util.concurrent.FutureTask.run(FutureTask.java:266)
	at java.util.concurrent.Executors$RunnableAdapter.call(Executors.java:511)
	at java.util.concurrent.FutureTask.run(FutureTask.java:266)
	at java.util.concurrent.ThreadPoolExecutor.runWorker(ThreadPoolExecutor.java:1149)
	at java.util.concurrent.ThreadPoolExecutor$Worker.run(ThreadPoolExecutor.java:624)
	... 1 more
Caused by: org.apache.ratis.thirdparty.io.netty.channel.AbstractChannel$AnnotatedConnectException: Connection refused: /192.168.69.82:42567
	at sun.nio.ch.SocketChannelImpl.checkConnect(Native Method)
	at sun.nio.ch.SocketChannelImpl.finishConnect(SocketChannelImpl.java:717)
	at org.apache.ratis.thirdparty.io.netty.channel.socket.nio.NioSocketChannel.doFinishConnect(NioSocketChannel.java:327)
	at org.apache.ratis.thirdparty.io.netty.channel.nio.AbstractNioChannel$AbstractNioUnsafe.finishConnect(AbstractNioChannel.java:340)
	at org.apache.ratis.thirdparty.io.netty.channel.nio.NioEventLoop.processSelectedKey(NioEventLoop.java:632)
	at org.apache.ratis.thirdparty.io.netty.channel.nio.NioEventLoop.processSelectedKeysOptimized(NioEventLoop.java:579)
	at org.apache.ratis.thirdparty.io.netty.channel.nio.NioEventLoop.processSelectedKeys(NioEventLoop.java:496)
	at org.apache.ratis.thirdparty.io.netty.channel.nio.NioEventLoop.run(NioEventLoop.java:458)
	at org.apache.ratis.thirdparty.io.netty.util.concurrent.SingleThreadEventExecutor$5.run(SingleThreadEventExecutor.java:897)
	at org.apache.ratis.thirdparty.io.netty.util.concurrent.FastThreadLocalRunnable.run(FastThreadLocalRunnable.java:30)
	... 1 more
Caused by: java.net.ConnectException: Connection refused
	... 11 more
2019-10-17 05:57:21,940 [9f06b4c9-079f-4989-8935-c6be59ddc82e@group-0D1055093416-LeaderElection207] INFO  impl.LeaderElection (LogUtils.java:infoOrTrace(149)) - 9f06b4c9-079f-4989-8935-c6be59ddc82e@group-0D1055093416-LeaderElection207 got exception when requesting votes: {}
java.util.concurrent.ExecutionException: org.apache.ratis.thirdparty.io.grpc.StatusRuntimeException: UNAVAILABLE: io exception
	at java.util.concurrent.FutureTask.report(FutureTask.java:122)
	at java.util.concurrent.FutureTask.get(FutureTask.java:192)
	at org.apache.ratis.server.impl.LeaderElection.waitForResults(LeaderElection.java:259)
	at org.apache.ratis.server.impl.LeaderElection.askForVotes(LeaderElection.java:197)
	at org.apache.ratis.server.impl.LeaderElection.run(LeaderElection.java:133)
	at java.lang.Thread.run(Thread.java:748)
Caused by: org.apache.ratis.thirdparty.io.grpc.StatusRuntimeException: UNAVAILABLE: io exception
	at org.apache.ratis.thirdparty.io.grpc.stub.ClientCalls.toStatusRuntimeException(ClientCalls.java:233)
	at org.apache.ratis.thirdparty.io.grpc.stub.ClientCalls.getUnchecked(ClientCalls.java:214)
	at org.apache.ratis.thirdparty.io.grpc.stub.ClientCalls.blockingUnaryCall(ClientCalls.java:139)
	at org.apache.ratis.proto.grpc.RaftServerProtocolServiceGrpc$RaftServerProtocolServiceBlockingStub.requestVote(RaftServerProtocolServiceGrpc.java:265)
	at org.apache.ratis.grpc.server.GrpcServerProtocolClient.requestVote(GrpcServerProtocolClient.java:99)
	at org.apache.ratis.grpc.server.GrpcService.requestVote(GrpcService.java:204)
	at org.apache.ratis.server.impl.LeaderElection.lambda$submitRequests$1(LeaderElection.java:234)
	at java.util.concurrent.FutureTask.run(FutureTask.java:266)
	at java.util.concurrent.Executors$RunnableAdapter.call(Executors.java:511)
	at java.util.concurrent.FutureTask.run(FutureTask.java:266)
	at java.util.concurrent.ThreadPoolExecutor.runWorker(ThreadPoolExecutor.java:1149)
	at java.util.concurrent.ThreadPoolExecutor$Worker.run(ThreadPoolExecutor.java:624)
	... 1 more
Caused by: org.apache.ratis.thirdparty.io.netty.channel.AbstractChannel$AnnotatedConnectException: Connection refused: /192.168.69.82:35388
	at sun.nio.ch.SocketChannelImpl.checkConnect(Native Method)
	at sun.nio.ch.SocketChannelImpl.finishConnect(SocketChannelImpl.java:717)
	at org.apache.ratis.thirdparty.io.netty.channel.socket.nio.NioSocketChannel.doFinishConnect(NioSocketChannel.java:327)
	at org.apache.ratis.thirdparty.io.netty.channel.nio.AbstractNioChannel$AbstractNioUnsafe.finishConnect(AbstractNioChannel.java:340)
	at org.apache.ratis.thirdparty.io.netty.channel.nio.NioEventLoop.processSelectedKey(NioEventLoop.java:632)
	at org.apache.ratis.thirdparty.io.netty.channel.nio.NioEventLoop.processSelectedKeysOptimized(NioEventLoop.java:579)
	at org.apache.ratis.thirdparty.io.netty.channel.nio.NioEventLoop.processSelectedKeys(NioEventLoop.java:496)
	at org.apache.ratis.thirdparty.io.netty.channel.nio.NioEventLoop.run(NioEventLoop.java:458)
	at org.apache.ratis.thirdparty.io.netty.util.concurrent.SingleThreadEventExecutor$5.run(SingleThreadEventExecutor.java:897)
	at org.apache.ratis.thirdparty.io.netty.util.concurrent.FastThreadLocalRunnable.run(FastThreadLocalRunnable.java:30)
	... 1 more
Caused by: java.net.ConnectException: Connection refused
	... 11 more
2019-10-17 05:57:21,941 [9f06b4c9-079f-4989-8935-c6be59ddc82e@group-0D1055093416-LeaderElection207] INFO  impl.LeaderElection (LeaderElection.java:logAndReturn(56)) - 9f06b4c9-079f-4989-8935-c6be59ddc82e@group-0D1055093416-LeaderElection207: Election REJECTED; received 0 response(s) [] and 2 exception(s); 9f06b4c9-079f-4989-8935-c6be59ddc82e@group-0D1055093416:t196, leader=null, voted=9f06b4c9-079f-4989-8935-c6be59ddc82e, raftlog=9f06b4c9-079f-4989-8935-c6be59ddc82e@group-0D1055093416-SegmentedRaftLog:OPENED:c-1,f-1,i0, conf=-1: [9f06b4c9-079f-4989-8935-c6be59ddc82e:192.168.69.82:36391, b282f9e2-3bd4-452e-9c35-1adeacc39134:192.168.69.82:42567, 3ce2c7b7-3df7-42de-af28-9ba1d65ea84e:192.168.69.82:35388], old=null
2019-10-17 05:57:21,941 [9f06b4c9-079f-4989-8935-c6be59ddc82e@group-0D1055093416-LeaderElection207] INFO  impl.LeaderElection (LogUtils.java:infoOrTrace(149)) -   Exception 0: {}
java.util.concurrent.ExecutionException: org.apache.ratis.thirdparty.io.grpc.StatusRuntimeException: UNAVAILABLE: io exception
	at java.util.concurrent.FutureTask.report(FutureTask.java:122)
	at java.util.concurrent.FutureTask.get(FutureTask.java:192)
	at org.apache.ratis.server.impl.LeaderElection.waitForResults(LeaderElection.java:259)
	at org.apache.ratis.server.impl.LeaderElection.askForVotes(LeaderElection.java:197)
	at org.apache.ratis.server.impl.LeaderElection.run(LeaderElection.java:133)
	at java.lang.Thread.run(Thread.java:748)
Caused by: org.apache.ratis.thirdparty.io.grpc.StatusRuntimeException: UNAVAILABLE: io exception
	at org.apache.ratis.thirdparty.io.grpc.stub.ClientCalls.toStatusRuntimeException(ClientCalls.java:233)
	at org.apache.ratis.thirdparty.io.grpc.stub.ClientCalls.getUnchecked(ClientCalls.java:214)
	at org.apache.ratis.thirdparty.io.grpc.stub.ClientCalls.blockingUnaryCall(ClientCalls.java:139)
	at org.apache.ratis.proto.grpc.RaftServerProtocolServiceGrpc$RaftServerProtocolServiceBlockingStub.requestVote(RaftServerProtocolServiceGrpc.java:265)
	at org.apache.ratis.grpc.server.GrpcServerProtocolClient.requestVote(GrpcServerProtocolClient.java:99)
	at org.apache.ratis.grpc.server.GrpcService.requestVote(GrpcService.java:204)
	at org.apache.ratis.server.impl.LeaderElection.lambda$submitRequests$1(LeaderElection.java:234)
	at java.util.concurrent.FutureTask.run(FutureTask.java:266)
	at java.util.concurrent.Executors$RunnableAdapter.call(Executors.java:511)
	at java.util.concurrent.FutureTask.run(FutureTask.java:266)
	at java.util.concurrent.ThreadPoolExecutor.runWorker(ThreadPoolExecutor.java:1149)
	at java.util.concurrent.ThreadPoolExecutor$Worker.run(ThreadPoolExecutor.java:624)
	... 1 more
Caused by: org.apache.ratis.thirdparty.io.netty.channel.AbstractChannel$AnnotatedConnectException: Connection refused: /192.168.69.82:42567
	at sun.nio.ch.SocketChannelImpl.checkConnect(Native Method)
	at sun.nio.ch.SocketChannelImpl.finishConnect(SocketChannelImpl.java:717)
	at org.apache.ratis.thirdparty.io.netty.channel.socket.nio.NioSocketChannel.doFinishConnect(NioSocketChannel.java:327)
	at org.apache.ratis.thirdparty.io.netty.channel.nio.AbstractNioChannel$AbstractNioUnsafe.finishConnect(AbstractNioChannel.java:340)
	at org.apache.ratis.thirdparty.io.netty.channel.nio.NioEventLoop.processSelectedKey(NioEventLoop.java:632)
	at org.apache.ratis.thirdparty.io.netty.channel.nio.NioEventLoop.processSelectedKeysOptimized(NioEventLoop.java:579)
	at org.apache.ratis.thirdparty.io.netty.channel.nio.NioEventLoop.processSelectedKeys(NioEventLoop.java:496)
	at org.apache.ratis.thirdparty.io.netty.channel.nio.NioEventLoop.run(NioEventLoop.java:458)
	at org.apache.ratis.thirdparty.io.netty.util.concurrent.SingleThreadEventExecutor$5.run(SingleThreadEventExecutor.java:897)
	at org.apache.ratis.thirdparty.io.netty.util.concurrent.FastThreadLocalRunnable.run(FastThreadLocalRunnable.java:30)
	... 1 more
Caused by: java.net.ConnectException: Connection refused
	... 11 more
2019-10-17 05:57:21,941 [9f06b4c9-079f-4989-8935-c6be59ddc82e@group-0D1055093416-LeaderElection207] INFO  impl.LeaderElection (LogUtils.java:infoOrTrace(149)) -   Exception 1: {}
java.util.concurrent.ExecutionException: org.apache.ratis.thirdparty.io.grpc.StatusRuntimeException: UNAVAILABLE: io exception
	at java.util.concurrent.FutureTask.report(FutureTask.java:122)
	at java.util.concurrent.FutureTask.get(FutureTask.java:192)
	at org.apache.ratis.server.impl.LeaderElection.waitForResults(LeaderElection.java:259)
	at org.apache.ratis.server.impl.LeaderElection.askForVotes(LeaderElection.java:197)
	at org.apache.ratis.server.impl.LeaderElection.run(LeaderElection.java:133)
	at java.lang.Thread.run(Thread.java:748)
Caused by: org.apache.ratis.thirdparty.io.grpc.StatusRuntimeException: UNAVAILABLE: io exception
	at org.apache.ratis.thirdparty.io.grpc.stub.ClientCalls.toStatusRuntimeException(ClientCalls.java:233)
	at org.apache.ratis.thirdparty.io.grpc.stub.ClientCalls.getUnchecked(ClientCalls.java:214)
	at org.apache.ratis.thirdparty.io.grpc.stub.ClientCalls.blockingUnaryCall(ClientCalls.java:139)
	at org.apache.ratis.proto.grpc.RaftServerProtocolServiceGrpc$RaftServerProtocolServiceBlockingStub.requestVote(RaftServerProtocolServiceGrpc.java:265)
	at org.apache.ratis.grpc.server.GrpcServerProtocolClient.requestVote(GrpcServerProtocolClient.java:99)
	at org.apache.ratis.grpc.server.GrpcService.requestVote(GrpcService.java:204)
	at org.apache.ratis.server.impl.LeaderElection.lambda$submitRequests$1(LeaderElection.java:234)
	at java.util.concurrent.FutureTask.run(FutureTask.java:266)
	at java.util.concurrent.Executors$RunnableAdapter.call(Executors.java:511)
	at java.util.concurrent.FutureTask.run(FutureTask.java:266)
	at java.util.concurrent.ThreadPoolExecutor.runWorker(ThreadPoolExecutor.java:1149)
	at java.util.concurrent.ThreadPoolExecutor$Worker.run(ThreadPoolExecutor.java:624)
	... 1 more
Caused by: org.apache.ratis.thirdparty.io.netty.channel.AbstractChannel$AnnotatedConnectException: Connection refused: /192.168.69.82:35388
	at sun.nio.ch.SocketChannelImpl.checkConnect(Native Method)
	at sun.nio.ch.SocketChannelImpl.finishConnect(SocketChannelImpl.java:717)
	at org.apache.ratis.thirdparty.io.netty.channel.socket.nio.NioSocketChannel.doFinishConnect(NioSocketChannel.java:327)
	at org.apache.ratis.thirdparty.io.netty.channel.nio.AbstractNioChannel$AbstractNioUnsafe.finishConnect(AbstractNioChannel.java:340)
	at org.apache.ratis.thirdparty.io.netty.channel.nio.NioEventLoop.processSelectedKey(NioEventLoop.java:632)
	at org.apache.ratis.thirdparty.io.netty.channel.nio.NioEventLoop.processSelectedKeysOptimized(NioEventLoop.java:579)
	at org.apache.ratis.thirdparty.io.netty.channel.nio.NioEventLoop.processSelectedKeys(NioEventLoop.java:496)
	at org.apache.ratis.thirdparty.io.netty.channel.nio.NioEventLoop.run(NioEventLoop.java:458)
	at org.apache.ratis.thirdparty.io.netty.util.concurrent.SingleThreadEventExecutor$5.run(SingleThreadEventExecutor.java:897)
	at org.apache.ratis.thirdparty.io.netty.util.concurrent.FastThreadLocalRunnable.run(FastThreadLocalRunnable.java:30)
	... 1 more
Caused by: java.net.ConnectException: Connection refused
	... 11 more
2019-10-17 05:57:21,942 [9f06b4c9-079f-4989-8935-c6be59ddc82e@group-0D1055093416-LeaderElection207] INFO  impl.RaftServerImpl (RaftServerImpl.java:setRole(184)) - 9f06b4c9-079f-4989-8935-c6be59ddc82e@group-0D1055093416: changes role from CANDIDATE to FOLLOWER at term 196 for DISCOVERED_A_NEW_TERM
2019-10-17 05:57:21,942 [9f06b4c9-079f-4989-8935-c6be59ddc82e@group-0D1055093416-LeaderElection207] INFO  impl.RoleInfo (RoleInfo.java:shutdownLeaderElection(134)) - 9f06b4c9-079f-4989-8935-c6be59ddc82e: shutdown LeaderElection
2019-10-17 05:57:21,942 [9f06b4c9-079f-4989-8935-c6be59ddc82e@group-0D1055093416-LeaderElection207] INFO  impl.RoleInfo (RoleInfo.java:updateAndGet(143)) - 9f06b4c9-079f-4989-8935-c6be59ddc82e: start FollowerState
2019-10-17 05:57:21,951 [Thread-1845] INFO  impl.FollowerState (FollowerState.java:run(108)) - 9f06b4c9-079f-4989-8935-c6be59ddc82e@group-0D1055093416-FollowerState: change to CANDIDATE, lastRpcTime:9ms, electionTimeout:9ms
2019-10-17 05:57:21,952 [Thread-1845] INFO  impl.RoleInfo (RoleInfo.java:shutdownFollowerState(121)) - 9f06b4c9-079f-4989-8935-c6be59ddc82e: shutdown FollowerState
2019-10-17 05:57:21,952 [Thread-1845] INFO  impl.RaftServerImpl (RaftServerImpl.java:setRole(184)) - 9f06b4c9-079f-4989-8935-c6be59ddc82e@group-0D1055093416: changes role from  FOLLOWER to CANDIDATE at term 196 for changeToCandidate
2019-10-17 05:57:21,952 [Thread-1845] INFO  impl.RoleInfo (RoleInfo.java:updateAndGet(143)) - 9f06b4c9-079f-4989-8935-c6be59ddc82e: start LeaderElection
2019-10-17 05:57:21,965 [9f06b4c9-079f-4989-8935-c6be59ddc82e@group-0D1055093416-LeaderElection208] INFO  impl.LeaderElection (LeaderElection.java:askForVotes(178)) - 9f06b4c9-079f-4989-8935-c6be59ddc82e@group-0D1055093416-LeaderElection208: begin an election at term 197 for -1: [9f06b4c9-079f-4989-8935-c6be59ddc82e:192.168.69.82:36391, b282f9e2-3bd4-452e-9c35-1adeacc39134:192.168.69.82:42567, 3ce2c7b7-3df7-42de-af28-9ba1d65ea84e:192.168.69.82:35388], old=null
2019-10-17 05:57:21,966 [9f06b4c9-079f-4989-8935-c6be59ddc82e@group-0D1055093416-LeaderElection208] INFO  impl.LeaderElection (LogUtils.java:infoOrTrace(149)) - 9f06b4c9-079f-4989-8935-c6be59ddc82e@group-0D1055093416-LeaderElection208 got exception when requesting votes: {}
java.util.concurrent.ExecutionException: org.apache.ratis.thirdparty.io.grpc.StatusRuntimeException: UNAVAILABLE: io exception
	at java.util.concurrent.FutureTask.report(FutureTask.java:122)
	at java.util.concurrent.FutureTask.get(FutureTask.java:192)
	at org.apache.ratis.server.impl.LeaderElection.waitForResults(LeaderElection.java:259)
	at org.apache.ratis.server.impl.LeaderElection.askForVotes(LeaderElection.java:197)
	at org.apache.ratis.server.impl.LeaderElection.run(LeaderElection.java:133)
	at java.lang.Thread.run(Thread.java:748)
Caused by: org.apache.ratis.thirdparty.io.grpc.StatusRuntimeException: UNAVAILABLE: io exception
	at org.apache.ratis.thirdparty.io.grpc.stub.ClientCalls.toStatusRuntimeException(ClientCalls.java:233)
	at org.apache.ratis.thirdparty.io.grpc.stub.ClientCalls.getUnchecked(ClientCalls.java:214)
	at org.apache.ratis.thirdparty.io.grpc.stub.ClientCalls.blockingUnaryCall(ClientCalls.java:139)
	at org.apache.ratis.proto.grpc.RaftServerProtocolServiceGrpc$RaftServerProtocolServiceBlockingStub.requestVote(RaftServerProtocolServiceGrpc.java:265)
	at org.apache.ratis.grpc.server.GrpcServerProtocolClient.requestVote(GrpcServerProtocolClient.java:99)
	at org.apache.ratis.grpc.server.GrpcService.requestVote(GrpcService.java:204)
	at org.apache.ratis.server.impl.LeaderElection.lambda$submitRequests$1(LeaderElection.java:234)
	at java.util.concurrent.FutureTask.run(FutureTask.java:266)
	at java.util.concurrent.Executors$RunnableAdapter.call(Executors.java:511)
	at java.util.concurrent.FutureTask.run(FutureTask.java:266)
	at java.util.concurrent.ThreadPoolExecutor.runWorker(ThreadPoolExecutor.java:1149)
	at java.util.concurrent.ThreadPoolExecutor$Worker.run(ThreadPoolExecutor.java:624)
	... 1 more
Caused by: org.apache.ratis.thirdparty.io.netty.channel.AbstractChannel$AnnotatedConnectException: Connection refused: /192.168.69.82:42567
	at sun.nio.ch.SocketChannelImpl.checkConnect(Native Method)
	at sun.nio.ch.SocketChannelImpl.finishConnect(SocketChannelImpl.java:717)
	at org.apache.ratis.thirdparty.io.netty.channel.socket.nio.NioSocketChannel.doFinishConnect(NioSocketChannel.java:327)
	at org.apache.ratis.thirdparty.io.netty.channel.nio.AbstractNioChannel$AbstractNioUnsafe.finishConnect(AbstractNioChannel.java:340)
	at org.apache.ratis.thirdparty.io.netty.channel.nio.NioEventLoop.processSelectedKey(NioEventLoop.java:632)
	at org.apache.ratis.thirdparty.io.netty.channel.nio.NioEventLoop.processSelectedKeysOptimized(NioEventLoop.java:579)
	at org.apache.ratis.thirdparty.io.netty.channel.nio.NioEventLoop.processSelectedKeys(NioEventLoop.java:496)
	at org.apache.ratis.thirdparty.io.netty.channel.nio.NioEventLoop.run(NioEventLoop.java:458)
	at org.apache.ratis.thirdparty.io.netty.util.concurrent.SingleThreadEventExecutor$5.run(SingleThreadEventExecutor.java:897)
	at org.apache.ratis.thirdparty.io.netty.util.concurrent.FastThreadLocalRunnable.run(FastThreadLocalRunnable.java:30)
	... 1 more
Caused by: java.net.ConnectException: Connection refused
	... 11 more
2019-10-17 05:57:21,967 [9f06b4c9-079f-4989-8935-c6be59ddc82e@group-0D1055093416-LeaderElection208] INFO  impl.LeaderElection (LogUtils.java:infoOrTrace(149)) - 9f06b4c9-079f-4989-8935-c6be59ddc82e@group-0D1055093416-LeaderElection208 got exception when requesting votes: {}
java.util.concurrent.ExecutionException: org.apache.ratis.thirdparty.io.grpc.StatusRuntimeException: UNAVAILABLE: io exception
	at java.util.concurrent.FutureTask.report(FutureTask.java:122)
	at java.util.concurrent.FutureTask.get(FutureTask.java:192)
	at org.apache.ratis.server.impl.LeaderElection.waitForResults(LeaderElection.java:259)
	at org.apache.ratis.server.impl.LeaderElection.askForVotes(LeaderElection.java:197)
	at org.apache.ratis.server.impl.LeaderElection.run(LeaderElection.java:133)
	at java.lang.Thread.run(Thread.java:748)
Caused by: org.apache.ratis.thirdparty.io.grpc.StatusRuntimeException: UNAVAILABLE: io exception
	at org.apache.ratis.thirdparty.io.grpc.stub.ClientCalls.toStatusRuntimeException(ClientCalls.java:233)
	at org.apache.ratis.thirdparty.io.grpc.stub.ClientCalls.getUnchecked(ClientCalls.java:214)
	at org.apache.ratis.thirdparty.io.grpc.stub.ClientCalls.blockingUnaryCall(ClientCalls.java:139)
	at org.apache.ratis.proto.grpc.RaftServerProtocolServiceGrpc$RaftServerProtocolServiceBlockingStub.requestVote(RaftServerProtocolServiceGrpc.java:265)
	at org.apache.ratis.grpc.server.GrpcServerProtocolClient.requestVote(GrpcServerProtocolClient.java:99)
	at org.apache.ratis.grpc.server.GrpcService.requestVote(GrpcService.java:204)
	at org.apache.ratis.server.impl.LeaderElection.lambda$submitRequests$1(LeaderElection.java:234)
	at java.util.concurrent.FutureTask.run(FutureTask.java:266)
	at java.util.concurrent.Executors$RunnableAdapter.call(Executors.java:511)
	at java.util.concurrent.FutureTask.run(FutureTask.java:266)
	at java.util.concurrent.ThreadPoolExecutor.runWorker(ThreadPoolExecutor.java:1149)
	at java.util.concurrent.ThreadPoolExecutor$Worker.run(ThreadPoolExecutor.java:624)
	... 1 more
Caused by: org.apache.ratis.thirdparty.io.netty.channel.AbstractChannel$AnnotatedConnectException: Connection refused: /192.168.69.82:35388
	at sun.nio.ch.SocketChannelImpl.checkConnect(Native Method)
	at sun.nio.ch.SocketChannelImpl.finishConnect(SocketChannelImpl.java:717)
	at org.apache.ratis.thirdparty.io.netty.channel.socket.nio.NioSocketChannel.doFinishConnect(NioSocketChannel.java:327)
	at org.apache.ratis.thirdparty.io.netty.channel.nio.AbstractNioChannel$AbstractNioUnsafe.finishConnect(AbstractNioChannel.java:340)
	at org.apache.ratis.thirdparty.io.netty.channel.nio.NioEventLoop.processSelectedKey(NioEventLoop.java:632)
	at org.apache.ratis.thirdparty.io.netty.channel.nio.NioEventLoop.processSelectedKeysOptimized(NioEventLoop.java:579)
	at org.apache.ratis.thirdparty.io.netty.channel.nio.NioEventLoop.processSelectedKeys(NioEventLoop.java:496)
	at org.apache.ratis.thirdparty.io.netty.channel.nio.NioEventLoop.run(NioEventLoop.java:458)
	at org.apache.ratis.thirdparty.io.netty.util.concurrent.SingleThreadEventExecutor$5.run(SingleThreadEventExecutor.java:897)
	at org.apache.ratis.thirdparty.io.netty.util.concurrent.FastThreadLocalRunnable.run(FastThreadLocalRunnable.java:30)
	... 1 more
Caused by: java.net.ConnectException: Connection refused
	... 11 more
2019-10-17 05:57:21,967 [9f06b4c9-079f-4989-8935-c6be59ddc82e@group-0D1055093416-LeaderElection208] INFO  impl.LeaderElection (LeaderElection.java:logAndReturn(56)) - 9f06b4c9-079f-4989-8935-c6be59ddc82e@group-0D1055093416-LeaderElection208: Election REJECTED; received 0 response(s) [] and 2 exception(s); 9f06b4c9-079f-4989-8935-c6be59ddc82e@group-0D1055093416:t197, leader=null, voted=9f06b4c9-079f-4989-8935-c6be59ddc82e, raftlog=9f06b4c9-079f-4989-8935-c6be59ddc82e@group-0D1055093416-SegmentedRaftLog:OPENED:c-1,f-1,i0, conf=-1: [9f06b4c9-079f-4989-8935-c6be59ddc82e:192.168.69.82:36391, b282f9e2-3bd4-452e-9c35-1adeacc39134:192.168.69.82:42567, 3ce2c7b7-3df7-42de-af28-9ba1d65ea84e:192.168.69.82:35388], old=null
2019-10-17 05:57:21,967 [9f06b4c9-079f-4989-8935-c6be59ddc82e@group-0D1055093416-LeaderElection208] INFO  impl.LeaderElection (LogUtils.java:infoOrTrace(149)) -   Exception 0: {}
java.util.concurrent.ExecutionException: org.apache.ratis.thirdparty.io.grpc.StatusRuntimeException: UNAVAILABLE: io exception
	at java.util.concurrent.FutureTask.report(FutureTask.java:122)
	at java.util.concurrent.FutureTask.get(FutureTask.java:192)
	at org.apache.ratis.server.impl.LeaderElection.waitForResults(LeaderElection.java:259)
	at org.apache.ratis.server.impl.LeaderElection.askForVotes(LeaderElection.java:197)
	at org.apache.ratis.server.impl.LeaderElection.run(LeaderElection.java:133)
	at java.lang.Thread.run(Thread.java:748)
Caused by: org.apache.ratis.thirdparty.io.grpc.StatusRuntimeException: UNAVAILABLE: io exception
	at org.apache.ratis.thirdparty.io.grpc.stub.ClientCalls.toStatusRuntimeException(ClientCalls.java:233)
	at org.apache.ratis.thirdparty.io.grpc.stub.ClientCalls.getUnchecked(ClientCalls.java:214)
	at org.apache.ratis.thirdparty.io.grpc.stub.ClientCalls.blockingUnaryCall(ClientCalls.java:139)
	at org.apache.ratis.proto.grpc.RaftServerProtocolServiceGrpc$RaftServerProtocolServiceBlockingStub.requestVote(RaftServerProtocolServiceGrpc.java:265)
	at org.apache.ratis.grpc.server.GrpcServerProtocolClient.requestVote(GrpcServerProtocolClient.java:99)
	at org.apache.ratis.grpc.server.GrpcService.requestVote(GrpcService.java:204)
	at org.apache.ratis.server.impl.LeaderElection.lambda$submitRequests$1(LeaderElection.java:234)
	at java.util.concurrent.FutureTask.run(FutureTask.java:266)
	at java.util.concurrent.Executors$RunnableAdapter.call(Executors.java:511)
	at java.util.concurrent.FutureTask.run(FutureTask.java:266)
	at java.util.concurrent.ThreadPoolExecutor.runWorker(ThreadPoolExecutor.java:1149)
	at java.util.concurrent.ThreadPoolExecutor$Worker.run(ThreadPoolExecutor.java:624)
	... 1 more
Caused by: org.apache.ratis.thirdparty.io.netty.channel.AbstractChannel$AnnotatedConnectException: Connection refused: /192.168.69.82:42567
	at sun.nio.ch.SocketChannelImpl.checkConnect(Native Method)
	at sun.nio.ch.SocketChannelImpl.finishConnect(SocketChannelImpl.java:717)
	at org.apache.ratis.thirdparty.io.netty.channel.socket.nio.NioSocketChannel.doFinishConnect(NioSocketChannel.java:327)
	at org.apache.ratis.thirdparty.io.netty.channel.nio.AbstractNioChannel$AbstractNioUnsafe.finishConnect(AbstractNioChannel.java:340)
	at org.apache.ratis.thirdparty.io.netty.channel.nio.NioEventLoop.processSelectedKey(NioEventLoop.java:632)
	at org.apache.ratis.thirdparty.io.netty.channel.nio.NioEventLoop.processSelectedKeysOptimized(NioEventLoop.java:579)
	at org.apache.ratis.thirdparty.io.netty.channel.nio.NioEventLoop.processSelectedKeys(NioEventLoop.java:496)
	at org.apache.ratis.thirdparty.io.netty.channel.nio.NioEventLoop.run(NioEventLoop.java:458)
	at org.apache.ratis.thirdparty.io.netty.util.concurrent.SingleThreadEventExecutor$5.run(SingleThreadEventExecutor.java:897)
	at org.apache.ratis.thirdparty.io.netty.util.concurrent.FastThreadLocalRunnable.run(FastThreadLocalRunnable.java:30)
	... 1 more
Caused by: java.net.ConnectException: Connection refused
	... 11 more
2019-10-17 05:57:21,967 [9f06b4c9-079f-4989-8935-c6be59ddc82e@group-0D1055093416-LeaderElection208] INFO  impl.LeaderElection (LogUtils.java:infoOrTrace(149)) -   Exception 1: {}
java.util.concurrent.ExecutionException: org.apache.ratis.thirdparty.io.grpc.StatusRuntimeException: UNAVAILABLE: io exception
	at java.util.concurrent.FutureTask.report(FutureTask.java:122)
	at java.util.concurrent.FutureTask.get(FutureTask.java:192)
	at org.apache.ratis.server.impl.LeaderElection.waitForResults(LeaderElection.java:259)
	at org.apache.ratis.server.impl.LeaderElection.askForVotes(LeaderElection.java:197)
	at org.apache.ratis.server.impl.LeaderElection.run(LeaderElection.java:133)
	at java.lang.Thread.run(Thread.java:748)
Caused by: org.apache.ratis.thirdparty.io.grpc.StatusRuntimeException: UNAVAILABLE: io exception
	at org.apache.ratis.thirdparty.io.grpc.stub.ClientCalls.toStatusRuntimeException(ClientCalls.java:233)
	at org.apache.ratis.thirdparty.io.grpc.stub.ClientCalls.getUnchecked(ClientCalls.java:214)
	at org.apache.ratis.thirdparty.io.grpc.stub.ClientCalls.blockingUnaryCall(ClientCalls.java:139)
	at org.apache.ratis.proto.grpc.RaftServerProtocolServiceGrpc$RaftServerProtocolServiceBlockingStub.requestVote(RaftServerProtocolServiceGrpc.java:265)
	at org.apache.ratis.grpc.server.GrpcServerProtocolClient.requestVote(GrpcServerProtocolClient.java:99)
	at org.apache.ratis.grpc.server.GrpcService.requestVote(GrpcService.java:204)
	at org.apache.ratis.server.impl.LeaderElection.lambda$submitRequests$1(LeaderElection.java:234)
	at java.util.concurrent.FutureTask.run(FutureTask.java:266)
	at java.util.concurrent.Executors$RunnableAdapter.call(Executors.java:511)
	at java.util.concurrent.FutureTask.run(FutureTask.java:266)
	at java.util.concurrent.ThreadPoolExecutor.runWorker(ThreadPoolExecutor.java:1149)
	at java.util.concurrent.ThreadPoolExecutor$Worker.run(ThreadPoolExecutor.java:624)
	... 1 more
Caused by: org.apache.ratis.thirdparty.io.netty.channel.AbstractChannel$AnnotatedConnectException: Connection refused: /192.168.69.82:35388
	at sun.nio.ch.SocketChannelImpl.checkConnect(Native Method)
	at sun.nio.ch.SocketChannelImpl.finishConnect(SocketChannelImpl.java:717)
	at org.apache.ratis.thirdparty.io.netty.channel.socket.nio.NioSocketChannel.doFinishConnect(NioSocketChannel.java:327)
	at org.apache.ratis.thirdparty.io.netty.channel.nio.AbstractNioChannel$AbstractNioUnsafe.finishConnect(AbstractNioChannel.java:340)
	at org.apache.ratis.thirdparty.io.netty.channel.nio.NioEventLoop.processSelectedKey(NioEventLoop.java:632)
	at org.apache.ratis.thirdparty.io.netty.channel.nio.NioEventLoop.processSelectedKeysOptimized(NioEventLoop.java:579)
	at org.apache.ratis.thirdparty.io.netty.channel.nio.NioEventLoop.processSelectedKeys(NioEventLoop.java:496)
	at org.apache.ratis.thirdparty.io.netty.channel.nio.NioEventLoop.run(NioEventLoop.java:458)
	at org.apache.ratis.thirdparty.io.netty.util.concurrent.SingleThreadEventExecutor$5.run(SingleThreadEventExecutor.java:897)
	at org.apache.ratis.thirdparty.io.netty.util.concurrent.FastThreadLocalRunnable.run(FastThreadLocalRunnable.java:30)
	... 1 more
Caused by: java.net.ConnectException: Connection refused
	... 11 more
2019-10-17 05:57:21,968 [9f06b4c9-079f-4989-8935-c6be59ddc82e@group-0D1055093416-LeaderElection208] INFO  impl.RaftServerImpl (RaftServerImpl.java:setRole(184)) - 9f06b4c9-079f-4989-8935-c6be59ddc82e@group-0D1055093416: changes role from CANDIDATE to FOLLOWER at term 197 for DISCOVERED_A_NEW_TERM
2019-10-17 05:57:21,968 [9f06b4c9-079f-4989-8935-c6be59ddc82e@group-0D1055093416-LeaderElection208] INFO  impl.RoleInfo (RoleInfo.java:shutdownLeaderElection(134)) - 9f06b4c9-079f-4989-8935-c6be59ddc82e: shutdown LeaderElection
2019-10-17 05:57:21,968 [9f06b4c9-079f-4989-8935-c6be59ddc82e@group-0D1055093416-LeaderElection208] INFO  impl.RoleInfo (RoleInfo.java:updateAndGet(143)) - 9f06b4c9-079f-4989-8935-c6be59ddc82e: start FollowerState
2019-10-17 05:57:22,032 [Thread-1850] INFO  impl.FollowerState (FollowerState.java:run(108)) - 9f06b4c9-079f-4989-8935-c6be59ddc82e@group-0D1055093416-FollowerState: change to CANDIDATE, lastRpcTime:64ms, electionTimeout:64ms
2019-10-17 05:57:22,033 [Thread-1850] INFO  impl.RoleInfo (RoleInfo.java:shutdownFollowerState(121)) - 9f06b4c9-079f-4989-8935-c6be59ddc82e: shutdown FollowerState
2019-10-17 05:57:22,033 [Thread-1850] INFO  impl.RaftServerImpl (RaftServerImpl.java:setRole(184)) - 9f06b4c9-079f-4989-8935-c6be59ddc82e@group-0D1055093416: changes role from  FOLLOWER to CANDIDATE at term 197 for changeToCandidate
2019-10-17 05:57:22,033 [Thread-1850] INFO  impl.RoleInfo (RoleInfo.java:updateAndGet(143)) - 9f06b4c9-079f-4989-8935-c6be59ddc82e: start LeaderElection
2019-10-17 05:57:22,046 [9f06b4c9-079f-4989-8935-c6be59ddc82e@group-0D1055093416-LeaderElection209] INFO  impl.LeaderElection (LeaderElection.java:askForVotes(178)) - 9f06b4c9-079f-4989-8935-c6be59ddc82e@group-0D1055093416-LeaderElection209: begin an election at term 198 for -1: [9f06b4c9-079f-4989-8935-c6be59ddc82e:192.168.69.82:36391, b282f9e2-3bd4-452e-9c35-1adeacc39134:192.168.69.82:42567, 3ce2c7b7-3df7-42de-af28-9ba1d65ea84e:192.168.69.82:35388], old=null
2019-10-17 05:57:22,046 [9f06b4c9-079f-4989-8935-c6be59ddc82e@group-0D1055093416-LeaderElection209] INFO  impl.LeaderElection (LogUtils.java:infoOrTrace(149)) - 9f06b4c9-079f-4989-8935-c6be59ddc82e@group-0D1055093416-LeaderElection209 got exception when requesting votes: {}
java.util.concurrent.ExecutionException: org.apache.ratis.thirdparty.io.grpc.StatusRuntimeException: UNAVAILABLE: io exception
	at java.util.concurrent.FutureTask.report(FutureTask.java:122)
	at java.util.concurrent.FutureTask.get(FutureTask.java:192)
	at org.apache.ratis.server.impl.LeaderElection.waitForResults(LeaderElection.java:259)
	at org.apache.ratis.server.impl.LeaderElection.askForVotes(LeaderElection.java:197)
	at org.apache.ratis.server.impl.LeaderElection.run(LeaderElection.java:133)
	at java.lang.Thread.run(Thread.java:748)
Caused by: org.apache.ratis.thirdparty.io.grpc.StatusRuntimeException: UNAVAILABLE: io exception
	at org.apache.ratis.thirdparty.io.grpc.stub.ClientCalls.toStatusRuntimeException(ClientCalls.java:233)
	at org.apache.ratis.thirdparty.io.grpc.stub.ClientCalls.getUnchecked(ClientCalls.java:214)
	at org.apache.ratis.thirdparty.io.grpc.stub.ClientCalls.blockingUnaryCall(ClientCalls.java:139)
	at org.apache.ratis.proto.grpc.RaftServerProtocolServiceGrpc$RaftServerProtocolServiceBlockingStub.requestVote(RaftServerProtocolServiceGrpc.java:265)
	at org.apache.ratis.grpc.server.GrpcServerProtocolClient.requestVote(GrpcServerProtocolClient.java:99)
	at org.apache.ratis.grpc.server.GrpcService.requestVote(GrpcService.java:204)
	at org.apache.ratis.server.impl.LeaderElection.lambda$submitRequests$1(LeaderElection.java:234)
	at java.util.concurrent.FutureTask.run(FutureTask.java:266)
	at java.util.concurrent.Executors$RunnableAdapter.call(Executors.java:511)
	at java.util.concurrent.FutureTask.run(FutureTask.java:266)
	at java.util.concurrent.ThreadPoolExecutor.runWorker(ThreadPoolExecutor.java:1149)
	at java.util.concurrent.ThreadPoolExecutor$Worker.run(ThreadPoolExecutor.java:624)
	... 1 more
Caused by: org.apache.ratis.thirdparty.io.netty.channel.AbstractChannel$AnnotatedConnectException: Connection refused: /192.168.69.82:42567
	at sun.nio.ch.SocketChannelImpl.checkConnect(Native Method)
	at sun.nio.ch.SocketChannelImpl.finishConnect(SocketChannelImpl.java:717)
	at org.apache.ratis.thirdparty.io.netty.channel.socket.nio.NioSocketChannel.doFinishConnect(NioSocketChannel.java:327)
	at org.apache.ratis.thirdparty.io.netty.channel.nio.AbstractNioChannel$AbstractNioUnsafe.finishConnect(AbstractNioChannel.java:340)
	at org.apache.ratis.thirdparty.io.netty.channel.nio.NioEventLoop.processSelectedKey(NioEventLoop.java:632)
	at org.apache.ratis.thirdparty.io.netty.channel.nio.NioEventLoop.processSelectedKeysOptimized(NioEventLoop.java:579)
	at org.apache.ratis.thirdparty.io.netty.channel.nio.NioEventLoop.processSelectedKeys(NioEventLoop.java:496)
	at org.apache.ratis.thirdparty.io.netty.channel.nio.NioEventLoop.run(NioEventLoop.java:458)
	at org.apache.ratis.thirdparty.io.netty.util.concurrent.SingleThreadEventExecutor$5.run(SingleThreadEventExecutor.java:897)
	at org.apache.ratis.thirdparty.io.netty.util.concurrent.FastThreadLocalRunnable.run(FastThreadLocalRunnable.java:30)
	... 1 more
Caused by: java.net.ConnectException: Connection refused
	... 11 more
2019-10-17 05:57:22,047 [9f06b4c9-079f-4989-8935-c6be59ddc82e@group-0D1055093416-LeaderElection209] INFO  impl.LeaderElection (LogUtils.java:infoOrTrace(149)) - 9f06b4c9-079f-4989-8935-c6be59ddc82e@group-0D1055093416-LeaderElection209 got exception when requesting votes: {}
java.util.concurrent.ExecutionException: org.apache.ratis.thirdparty.io.grpc.StatusRuntimeException: UNAVAILABLE: io exception
	at java.util.concurrent.FutureTask.report(FutureTask.java:122)
	at java.util.concurrent.FutureTask.get(FutureTask.java:192)
	at org.apache.ratis.server.impl.LeaderElection.waitForResults(LeaderElection.java:259)
	at org.apache.ratis.server.impl.LeaderElection.askForVotes(LeaderElection.java:197)
	at org.apache.ratis.server.impl.LeaderElection.run(LeaderElection.java:133)
	at java.lang.Thread.run(Thread.java:748)
Caused by: org.apache.ratis.thirdparty.io.grpc.StatusRuntimeException: UNAVAILABLE: io exception
	at org.apache.ratis.thirdparty.io.grpc.stub.ClientCalls.toStatusRuntimeException(ClientCalls.java:233)
	at org.apache.ratis.thirdparty.io.grpc.stub.ClientCalls.getUnchecked(ClientCalls.java:214)
	at org.apache.ratis.thirdparty.io.grpc.stub.ClientCalls.blockingUnaryCall(ClientCalls.java:139)
	at org.apache.ratis.proto.grpc.RaftServerProtocolServiceGrpc$RaftServerProtocolServiceBlockingStub.requestVote(RaftServerProtocolServiceGrpc.java:265)
	at org.apache.ratis.grpc.server.GrpcServerProtocolClient.requestVote(GrpcServerProtocolClient.java:99)
	at org.apache.ratis.grpc.server.GrpcService.requestVote(GrpcService.java:204)
	at org.apache.ratis.server.impl.LeaderElection.lambda$submitRequests$1(LeaderElection.java:234)
	at java.util.concurrent.FutureTask.run(FutureTask.java:266)
	at java.util.concurrent.Executors$RunnableAdapter.call(Executors.java:511)
	at java.util.concurrent.FutureTask.run(FutureTask.java:266)
	at java.util.concurrent.ThreadPoolExecutor.runWorker(ThreadPoolExecutor.java:1149)
	at java.util.concurrent.ThreadPoolExecutor$Worker.run(ThreadPoolExecutor.java:624)
	... 1 more
Caused by: org.apache.ratis.thirdparty.io.netty.channel.AbstractChannel$AnnotatedConnectException: Connection refused: /192.168.69.82:35388
	at sun.nio.ch.SocketChannelImpl.checkConnect(Native Method)
	at sun.nio.ch.SocketChannelImpl.finishConnect(SocketChannelImpl.java:717)
	at org.apache.ratis.thirdparty.io.netty.channel.socket.nio.NioSocketChannel.doFinishConnect(NioSocketChannel.java:327)
	at org.apache.ratis.thirdparty.io.netty.channel.nio.AbstractNioChannel$AbstractNioUnsafe.finishConnect(AbstractNioChannel.java:340)
	at org.apache.ratis.thirdparty.io.netty.channel.nio.NioEventLoop.processSelectedKey(NioEventLoop.java:632)
	at org.apache.ratis.thirdparty.io.netty.channel.nio.NioEventLoop.processSelectedKeysOptimized(NioEventLoop.java:579)
	at org.apache.ratis.thirdparty.io.netty.channel.nio.NioEventLoop.processSelectedKeys(NioEventLoop.java:496)
	at org.apache.ratis.thirdparty.io.netty.channel.nio.NioEventLoop.run(NioEventLoop.java:458)
	at org.apache.ratis.thirdparty.io.netty.util.concurrent.SingleThreadEventExecutor$5.run(SingleThreadEventExecutor.java:897)
	at org.apache.ratis.thirdparty.io.netty.util.concurrent.FastThreadLocalRunnable.run(FastThreadLocalRunnable.java:30)
	... 1 more
Caused by: java.net.ConnectException: Connection refused
	... 11 more
2019-10-17 05:57:22,047 [9f06b4c9-079f-4989-8935-c6be59ddc82e@group-0D1055093416-LeaderElection209] INFO  impl.LeaderElection (LeaderElection.java:logAndReturn(56)) - 9f06b4c9-079f-4989-8935-c6be59ddc82e@group-0D1055093416-LeaderElection209: Election REJECTED; received 0 response(s) [] and 2 exception(s); 9f06b4c9-079f-4989-8935-c6be59ddc82e@group-0D1055093416:t198, leader=null, voted=9f06b4c9-079f-4989-8935-c6be59ddc82e, raftlog=9f06b4c9-079f-4989-8935-c6be59ddc82e@group-0D1055093416-SegmentedRaftLog:OPENED:c-1,f-1,i0, conf=-1: [9f06b4c9-079f-4989-8935-c6be59ddc82e:192.168.69.82:36391, b282f9e2-3bd4-452e-9c35-1adeacc39134:192.168.69.82:42567, 3ce2c7b7-3df7-42de-af28-9ba1d65ea84e:192.168.69.82:35388], old=null
2019-10-17 05:57:22,047 [9f06b4c9-079f-4989-8935-c6be59ddc82e@group-0D1055093416-LeaderElection209] INFO  impl.LeaderElection (LogUtils.java:infoOrTrace(149)) -   Exception 0: {}
java.util.concurrent.ExecutionException: org.apache.ratis.thirdparty.io.grpc.StatusRuntimeException: UNAVAILABLE: io exception
	at java.util.concurrent.FutureTask.report(FutureTask.java:122)
	at java.util.concurrent.FutureTask.get(FutureTask.java:192)
	at org.apache.ratis.server.impl.LeaderElection.waitForResults(LeaderElection.java:259)
	at org.apache.ratis.server.impl.LeaderElection.askForVotes(LeaderElection.java:197)
	at org.apache.ratis.server.impl.LeaderElection.run(LeaderElection.java:133)
	at java.lang.Thread.run(Thread.java:748)
Caused by: org.apache.ratis.thirdparty.io.grpc.StatusRuntimeException: UNAVAILABLE: io exception
	at org.apache.ratis.thirdparty.io.grpc.stub.ClientCalls.toStatusRuntimeException(ClientCalls.java:233)
	at org.apache.ratis.thirdparty.io.grpc.stub.ClientCalls.getUnchecked(ClientCalls.java:214)
	at org.apache.ratis.thirdparty.io.grpc.stub.ClientCalls.blockingUnaryCall(ClientCalls.java:139)
	at org.apache.ratis.proto.grpc.RaftServerProtocolServiceGrpc$RaftServerProtocolServiceBlockingStub.requestVote(RaftServerProtocolServiceGrpc.java:265)
	at org.apache.ratis.grpc.server.GrpcServerProtocolClient.requestVote(GrpcServerProtocolClient.java:99)
	at org.apache.ratis.grpc.server.GrpcService.requestVote(GrpcService.java:204)
	at org.apache.ratis.server.impl.LeaderElection.lambda$submitRequests$1(LeaderElection.java:234)
	at java.util.concurrent.FutureTask.run(FutureTask.java:266)
	at java.util.concurrent.Executors$RunnableAdapter.call(Executors.java:511)
	at java.util.concurrent.FutureTask.run(FutureTask.java:266)
	at java.util.concurrent.ThreadPoolExecutor.runWorker(ThreadPoolExecutor.java:1149)
	at java.util.concurrent.ThreadPoolExecutor$Worker.run(ThreadPoolExecutor.java:624)
	... 1 more
Caused by: org.apache.ratis.thirdparty.io.netty.channel.AbstractChannel$AnnotatedConnectException: Connection refused: /192.168.69.82:42567
	at sun.nio.ch.SocketChannelImpl.checkConnect(Native Method)
	at sun.nio.ch.SocketChannelImpl.finishConnect(SocketChannelImpl.java:717)
	at org.apache.ratis.thirdparty.io.netty.channel.socket.nio.NioSocketChannel.doFinishConnect(NioSocketChannel.java:327)
	at org.apache.ratis.thirdparty.io.netty.channel.nio.AbstractNioChannel$AbstractNioUnsafe.finishConnect(AbstractNioChannel.java:340)
	at org.apache.ratis.thirdparty.io.netty.channel.nio.NioEventLoop.processSelectedKey(NioEventLoop.java:632)
	at org.apache.ratis.thirdparty.io.netty.channel.nio.NioEventLoop.processSelectedKeysOptimized(NioEventLoop.java:579)
	at org.apache.ratis.thirdparty.io.netty.channel.nio.NioEventLoop.processSelectedKeys(NioEventLoop.java:496)
	at org.apache.ratis.thirdparty.io.netty.channel.nio.NioEventLoop.run(NioEventLoop.java:458)
	at org.apache.ratis.thirdparty.io.netty.util.concurrent.SingleThreadEventExecutor$5.run(SingleThreadEventExecutor.java:897)
	at org.apache.ratis.thirdparty.io.netty.util.concurrent.FastThreadLocalRunnable.run(FastThreadLocalRunnable.java:30)
	... 1 more
Caused by: java.net.ConnectException: Connection refused
	... 11 more
2019-10-17 05:57:22,047 [9f06b4c9-079f-4989-8935-c6be59ddc82e@group-0D1055093416-LeaderElection209] INFO  impl.LeaderElection (LogUtils.java:infoOrTrace(149)) -   Exception 1: {}
java.util.concurrent.ExecutionException: org.apache.ratis.thirdparty.io.grpc.StatusRuntimeException: UNAVAILABLE: io exception
	at java.util.concurrent.FutureTask.report(FutureTask.java:122)
	at java.util.concurrent.FutureTask.get(FutureTask.java:192)
	at org.apache.ratis.server.impl.LeaderElection.waitForResults(LeaderElection.java:259)
	at org.apache.ratis.server.impl.LeaderElection.askForVotes(LeaderElection.java:197)
	at org.apache.ratis.server.impl.LeaderElection.run(LeaderElection.java:133)
	at java.lang.Thread.run(Thread.java:748)
Caused by: org.apache.ratis.thirdparty.io.grpc.StatusRuntimeException: UNAVAILABLE: io exception
	at org.apache.ratis.thirdparty.io.grpc.stub.ClientCalls.toStatusRuntimeException(ClientCalls.java:233)
	at org.apache.ratis.thirdparty.io.grpc.stub.ClientCalls.getUnchecked(ClientCalls.java:214)
	at org.apache.ratis.thirdparty.io.grpc.stub.ClientCalls.blockingUnaryCall(ClientCalls.java:139)
	at org.apache.ratis.proto.grpc.RaftServerProtocolServiceGrpc$RaftServerProtocolServiceBlockingStub.requestVote(RaftServerProtocolServiceGrpc.java:265)
	at org.apache.ratis.grpc.server.GrpcServerProtocolClient.requestVote(GrpcServerProtocolClient.java:99)
	at org.apache.ratis.grpc.server.GrpcService.requestVote(GrpcService.java:204)
	at org.apache.ratis.server.impl.LeaderElection.lambda$submitRequests$1(LeaderElection.java:234)
	at java.util.concurrent.FutureTask.run(FutureTask.java:266)
	at java.util.concurrent.Executors$RunnableAdapter.call(Executors.java:511)
	at java.util.concurrent.FutureTask.run(FutureTask.java:266)
	at java.util.concurrent.ThreadPoolExecutor.runWorker(ThreadPoolExecutor.java:1149)
	at java.util.concurrent.ThreadPoolExecutor$Worker.run(ThreadPoolExecutor.java:624)
	... 1 more
Caused by: org.apache.ratis.thirdparty.io.netty.channel.AbstractChannel$AnnotatedConnectException: Connection refused: /192.168.69.82:35388
	at sun.nio.ch.SocketChannelImpl.checkConnect(Native Method)
	at sun.nio.ch.SocketChannelImpl.finishConnect(SocketChannelImpl.java:717)
	at org.apache.ratis.thirdparty.io.netty.channel.socket.nio.NioSocketChannel.doFinishConnect(NioSocketChannel.java:327)
	at org.apache.ratis.thirdparty.io.netty.channel.nio.AbstractNioChannel$AbstractNioUnsafe.finishConnect(AbstractNioChannel.java:340)
	at org.apache.ratis.thirdparty.io.netty.channel.nio.NioEventLoop.processSelectedKey(NioEventLoop.java:632)
	at org.apache.ratis.thirdparty.io.netty.channel.nio.NioEventLoop.processSelectedKeysOptimized(NioEventLoop.java:579)
	at org.apache.ratis.thirdparty.io.netty.channel.nio.NioEventLoop.processSelectedKeys(NioEventLoop.java:496)
	at org.apache.ratis.thirdparty.io.netty.channel.nio.NioEventLoop.run(NioEventLoop.java:458)
	at org.apache.ratis.thirdparty.io.netty.util.concurrent.SingleThreadEventExecutor$5.run(SingleThreadEventExecutor.java:897)
	at org.apache.ratis.thirdparty.io.netty.util.concurrent.FastThreadLocalRunnable.run(FastThreadLocalRunnable.java:30)
	... 1 more
Caused by: java.net.ConnectException: Connection refused
	... 11 more
2019-10-17 05:57:22,048 [9f06b4c9-079f-4989-8935-c6be59ddc82e@group-0D1055093416-LeaderElection209] INFO  impl.RaftServerImpl (RaftServerImpl.java:setRole(184)) - 9f06b4c9-079f-4989-8935-c6be59ddc82e@group-0D1055093416: changes role from CANDIDATE to FOLLOWER at term 198 for DISCOVERED_A_NEW_TERM
2019-10-17 05:57:22,048 [9f06b4c9-079f-4989-8935-c6be59ddc82e@group-0D1055093416-LeaderElection209] INFO  impl.RoleInfo (RoleInfo.java:shutdownLeaderElection(134)) - 9f06b4c9-079f-4989-8935-c6be59ddc82e: shutdown LeaderElection
2019-10-17 05:57:22,048 [9f06b4c9-079f-4989-8935-c6be59ddc82e@group-0D1055093416-LeaderElection209] INFO  impl.RoleInfo (RoleInfo.java:updateAndGet(143)) - 9f06b4c9-079f-4989-8935-c6be59ddc82e: start FollowerState
2019-10-17 05:57:22,193 [Thread-1854] INFO  impl.FollowerState (FollowerState.java:run(108)) - 9f06b4c9-079f-4989-8935-c6be59ddc82e@group-0D1055093416-FollowerState: change to CANDIDATE, lastRpcTime:145ms, electionTimeout:145ms
2019-10-17 05:57:22,194 [Thread-1854] INFO  impl.RoleInfo (RoleInfo.java:shutdownFollowerState(121)) - 9f06b4c9-079f-4989-8935-c6be59ddc82e: shutdown FollowerState
2019-10-17 05:57:22,194 [Thread-1854] INFO  impl.RaftServerImpl (RaftServerImpl.java:setRole(184)) - 9f06b4c9-079f-4989-8935-c6be59ddc82e@group-0D1055093416: changes role from  FOLLOWER to CANDIDATE at term 198 for changeToCandidate
2019-10-17 05:57:22,194 [Thread-1854] INFO  impl.RoleInfo (RoleInfo.java:updateAndGet(143)) - 9f06b4c9-079f-4989-8935-c6be59ddc82e: start LeaderElection
2019-10-17 05:57:22,200 [9f06b4c9-079f-4989-8935-c6be59ddc82e@group-0D1055093416-LeaderElection210] INFO  impl.LeaderElection (LeaderElection.java:askForVotes(178)) - 9f06b4c9-079f-4989-8935-c6be59ddc82e@group-0D1055093416-LeaderElection210: begin an election at term 199 for -1: [9f06b4c9-079f-4989-8935-c6be59ddc82e:192.168.69.82:36391, b282f9e2-3bd4-452e-9c35-1adeacc39134:192.168.69.82:42567, 3ce2c7b7-3df7-42de-af28-9ba1d65ea84e:192.168.69.82:35388], old=null
2019-10-17 05:57:22,201 [9f06b4c9-079f-4989-8935-c6be59ddc82e@group-0D1055093416-LeaderElection210] INFO  impl.LeaderElection (LogUtils.java:infoOrTrace(149)) - 9f06b4c9-079f-4989-8935-c6be59ddc82e@group-0D1055093416-LeaderElection210 got exception when requesting votes: {}
java.util.concurrent.ExecutionException: org.apache.ratis.thirdparty.io.grpc.StatusRuntimeException: UNAVAILABLE: io exception
	at java.util.concurrent.FutureTask.report(FutureTask.java:122)
	at java.util.concurrent.FutureTask.get(FutureTask.java:192)
	at org.apache.ratis.server.impl.LeaderElection.waitForResults(LeaderElection.java:259)
	at org.apache.ratis.server.impl.LeaderElection.askForVotes(LeaderElection.java:197)
	at org.apache.ratis.server.impl.LeaderElection.run(LeaderElection.java:133)
	at java.lang.Thread.run(Thread.java:748)
Caused by: org.apache.ratis.thirdparty.io.grpc.StatusRuntimeException: UNAVAILABLE: io exception
	at org.apache.ratis.thirdparty.io.grpc.stub.ClientCalls.toStatusRuntimeException(ClientCalls.java:233)
	at org.apache.ratis.thirdparty.io.grpc.stub.ClientCalls.getUnchecked(ClientCalls.java:214)
	at org.apache.ratis.thirdparty.io.grpc.stub.ClientCalls.blockingUnaryCall(ClientCalls.java:139)
	at org.apache.ratis.proto.grpc.RaftServerProtocolServiceGrpc$RaftServerProtocolServiceBlockingStub.requestVote(RaftServerProtocolServiceGrpc.java:265)
	at org.apache.ratis.grpc.server.GrpcServerProtocolClient.requestVote(GrpcServerProtocolClient.java:99)
	at org.apache.ratis.grpc.server.GrpcService.requestVote(GrpcService.java:204)
	at org.apache.ratis.server.impl.LeaderElection.lambda$submitRequests$1(LeaderElection.java:234)
	at java.util.concurrent.FutureTask.run(FutureTask.java:266)
	at java.util.concurrent.Executors$RunnableAdapter.call(Executors.java:511)
	at java.util.concurrent.FutureTask.run(FutureTask.java:266)
	at java.util.concurrent.ThreadPoolExecutor.runWorker(ThreadPoolExecutor.java:1149)
	at java.util.concurrent.ThreadPoolExecutor$Worker.run(ThreadPoolExecutor.java:624)
	... 1 more
Caused by: org.apache.ratis.thirdparty.io.netty.channel.AbstractChannel$AnnotatedConnectException: Connection refused: /192.168.69.82:42567
	at sun.nio.ch.SocketChannelImpl.checkConnect(Native Method)
	at sun.nio.ch.SocketChannelImpl.finishConnect(SocketChannelImpl.java:717)
	at org.apache.ratis.thirdparty.io.netty.channel.socket.nio.NioSocketChannel.doFinishConnect(NioSocketChannel.java:327)
	at org.apache.ratis.thirdparty.io.netty.channel.nio.AbstractNioChannel$AbstractNioUnsafe.finishConnect(AbstractNioChannel.java:340)
	at org.apache.ratis.thirdparty.io.netty.channel.nio.NioEventLoop.processSelectedKey(NioEventLoop.java:632)
	at org.apache.ratis.thirdparty.io.netty.channel.nio.NioEventLoop.processSelectedKeysOptimized(NioEventLoop.java:579)
	at org.apache.ratis.thirdparty.io.netty.channel.nio.NioEventLoop.processSelectedKeys(NioEventLoop.java:496)
	at org.apache.ratis.thirdparty.io.netty.channel.nio.NioEventLoop.run(NioEventLoop.java:458)
	at org.apache.ratis.thirdparty.io.netty.util.concurrent.SingleThreadEventExecutor$5.run(SingleThreadEventExecutor.java:897)
	at org.apache.ratis.thirdparty.io.netty.util.concurrent.FastThreadLocalRunnable.run(FastThreadLocalRunnable.java:30)
	... 1 more
Caused by: java.net.ConnectException: Connection refused
	... 11 more
2019-10-17 05:57:22,202 [9f06b4c9-079f-4989-8935-c6be59ddc82e@group-0D1055093416-LeaderElection210] INFO  impl.LeaderElection (LogUtils.java:infoOrTrace(149)) - 9f06b4c9-079f-4989-8935-c6be59ddc82e@group-0D1055093416-LeaderElection210 got exception when requesting votes: {}
java.util.concurrent.ExecutionException: org.apache.ratis.thirdparty.io.grpc.StatusRuntimeException: UNAVAILABLE: io exception
	at java.util.concurrent.FutureTask.report(FutureTask.java:122)
	at java.util.concurrent.FutureTask.get(FutureTask.java:192)
	at org.apache.ratis.server.impl.LeaderElection.waitForResults(LeaderElection.java:259)
	at org.apache.ratis.server.impl.LeaderElection.askForVotes(LeaderElection.java:197)
	at org.apache.ratis.server.impl.LeaderElection.run(LeaderElection.java:133)
	at java.lang.Thread.run(Thread.java:748)
Caused by: org.apache.ratis.thirdparty.io.grpc.StatusRuntimeException: UNAVAILABLE: io exception
	at org.apache.ratis.thirdparty.io.grpc.stub.ClientCalls.toStatusRuntimeException(ClientCalls.java:233)
	at org.apache.ratis.thirdparty.io.grpc.stub.ClientCalls.getUnchecked(ClientCalls.java:214)
	at org.apache.ratis.thirdparty.io.grpc.stub.ClientCalls.blockingUnaryCall(ClientCalls.java:139)
	at org.apache.ratis.proto.grpc.RaftServerProtocolServiceGrpc$RaftServerProtocolServiceBlockingStub.requestVote(RaftServerProtocolServiceGrpc.java:265)
	at org.apache.ratis.grpc.server.GrpcServerProtocolClient.requestVote(GrpcServerProtocolClient.java:99)
	at org.apache.ratis.grpc.server.GrpcService.requestVote(GrpcService.java:204)
	at org.apache.ratis.server.impl.LeaderElection.lambda$submitRequests$1(LeaderElection.java:234)
	at java.util.concurrent.FutureTask.run(FutureTask.java:266)
	at java.util.concurrent.Executors$RunnableAdapter.call(Executors.java:511)
	at java.util.concurrent.FutureTask.run(FutureTask.java:266)
	at java.util.concurrent.ThreadPoolExecutor.runWorker(ThreadPoolExecutor.java:1149)
	at java.util.concurrent.ThreadPoolExecutor$Worker.run(ThreadPoolExecutor.java:624)
	... 1 more
Caused by: org.apache.ratis.thirdparty.io.netty.channel.AbstractChannel$AnnotatedConnectException: Connection refused: /192.168.69.82:35388
	at sun.nio.ch.SocketChannelImpl.checkConnect(Native Method)
	at sun.nio.ch.SocketChannelImpl.finishConnect(SocketChannelImpl.java:717)
	at org.apache.ratis.thirdparty.io.netty.channel.socket.nio.NioSocketChannel.doFinishConnect(NioSocketChannel.java:327)
	at org.apache.ratis.thirdparty.io.netty.channel.nio.AbstractNioChannel$AbstractNioUnsafe.finishConnect(AbstractNioChannel.java:340)
	at org.apache.ratis.thirdparty.io.netty.channel.nio.NioEventLoop.processSelectedKey(NioEventLoop.java:632)
	at org.apache.ratis.thirdparty.io.netty.channel.nio.NioEventLoop.processSelectedKeysOptimized(NioEventLoop.java:579)
	at org.apache.ratis.thirdparty.io.netty.channel.nio.NioEventLoop.processSelectedKeys(NioEventLoop.java:496)
	at org.apache.ratis.thirdparty.io.netty.channel.nio.NioEventLoop.run(NioEventLoop.java:458)
	at org.apache.ratis.thirdparty.io.netty.util.concurrent.SingleThreadEventExecutor$5.run(SingleThreadEventExecutor.java:897)
	at org.apache.ratis.thirdparty.io.netty.util.concurrent.FastThreadLocalRunnable.run(FastThreadLocalRunnable.java:30)
	... 1 more
Caused by: java.net.ConnectException: Connection refused
	... 11 more
2019-10-17 05:57:22,202 [9f06b4c9-079f-4989-8935-c6be59ddc82e@group-0D1055093416-LeaderElection210] INFO  impl.LeaderElection (LeaderElection.java:logAndReturn(56)) - 9f06b4c9-079f-4989-8935-c6be59ddc82e@group-0D1055093416-LeaderElection210: Election REJECTED; received 0 response(s) [] and 2 exception(s); 9f06b4c9-079f-4989-8935-c6be59ddc82e@group-0D1055093416:t199, leader=null, voted=9f06b4c9-079f-4989-8935-c6be59ddc82e, raftlog=9f06b4c9-079f-4989-8935-c6be59ddc82e@group-0D1055093416-SegmentedRaftLog:OPENED:c-1,f-1,i0, conf=-1: [9f06b4c9-079f-4989-8935-c6be59ddc82e:192.168.69.82:36391, b282f9e2-3bd4-452e-9c35-1adeacc39134:192.168.69.82:42567, 3ce2c7b7-3df7-42de-af28-9ba1d65ea84e:192.168.69.82:35388], old=null
2019-10-17 05:57:22,203 [9f06b4c9-079f-4989-8935-c6be59ddc82e@group-0D1055093416-LeaderElection210] INFO  impl.LeaderElection (LogUtils.java:infoOrTrace(149)) -   Exception 0: {}
java.util.concurrent.ExecutionException: org.apache.ratis.thirdparty.io.grpc.StatusRuntimeException: UNAVAILABLE: io exception
	at java.util.concurrent.FutureTask.report(FutureTask.java:122)
	at java.util.concurrent.FutureTask.get(FutureTask.java:192)
	at org.apache.ratis.server.impl.LeaderElection.waitForResults(LeaderElection.java:259)
	at org.apache.ratis.server.impl.LeaderElection.askForVotes(LeaderElection.java:197)
	at org.apache.ratis.server.impl.LeaderElection.run(LeaderElection.java:133)
	at java.lang.Thread.run(Thread.java:748)
Caused by: org.apache.ratis.thirdparty.io.grpc.StatusRuntimeException: UNAVAILABLE: io exception
	at org.apache.ratis.thirdparty.io.grpc.stub.ClientCalls.toStatusRuntimeException(ClientCalls.java:233)
	at org.apache.ratis.thirdparty.io.grpc.stub.ClientCalls.getUnchecked(ClientCalls.java:214)
	at org.apache.ratis.thirdparty.io.grpc.stub.ClientCalls.blockingUnaryCall(ClientCalls.java:139)
	at org.apache.ratis.proto.grpc.RaftServerProtocolServiceGrpc$RaftServerProtocolServiceBlockingStub.requestVote(RaftServerProtocolServiceGrpc.java:265)
	at org.apache.ratis.grpc.server.GrpcServerProtocolClient.requestVote(GrpcServerProtocolClient.java:99)
	at org.apache.ratis.grpc.server.GrpcService.requestVote(GrpcService.java:204)
	at org.apache.ratis.server.impl.LeaderElection.lambda$submitRequests$1(LeaderElection.java:234)
	at java.util.concurrent.FutureTask.run(FutureTask.java:266)
	at java.util.concurrent.Executors$RunnableAdapter.call(Executors.java:511)
	at java.util.concurrent.FutureTask.run(FutureTask.java:266)
	at java.util.concurrent.ThreadPoolExecutor.runWorker(ThreadPoolExecutor.java:1149)
	at java.util.concurrent.ThreadPoolExecutor$Worker.run(ThreadPoolExecutor.java:624)
	... 1 more
Caused by: org.apache.ratis.thirdparty.io.netty.channel.AbstractChannel$AnnotatedConnectException: Connection refused: /192.168.69.82:42567
	at sun.nio.ch.SocketChannelImpl.checkConnect(Native Method)
	at sun.nio.ch.SocketChannelImpl.finishConnect(SocketChannelImpl.java:717)
	at org.apache.ratis.thirdparty.io.netty.channel.socket.nio.NioSocketChannel.doFinishConnect(NioSocketChannel.java:327)
	at org.apache.ratis.thirdparty.io.netty.channel.nio.AbstractNioChannel$AbstractNioUnsafe.finishConnect(AbstractNioChannel.java:340)
	at org.apache.ratis.thirdparty.io.netty.channel.nio.NioEventLoop.processSelectedKey(NioEventLoop.java:632)
	at org.apache.ratis.thirdparty.io.netty.channel.nio.NioEventLoop.processSelectedKeysOptimized(NioEventLoop.java:579)
	at org.apache.ratis.thirdparty.io.netty.channel.nio.NioEventLoop.processSelectedKeys(NioEventLoop.java:496)
	at org.apache.ratis.thirdparty.io.netty.channel.nio.NioEventLoop.run(NioEventLoop.java:458)
	at org.apache.ratis.thirdparty.io.netty.util.concurrent.SingleThreadEventExecutor$5.run(SingleThreadEventExecutor.java:897)
	at org.apache.ratis.thirdparty.io.netty.util.concurrent.FastThreadLocalRunnable.run(FastThreadLocalRunnable.java:30)
	... 1 more
Caused by: java.net.ConnectException: Connection refused
	... 11 more
2019-10-17 05:57:22,203 [9f06b4c9-079f-4989-8935-c6be59ddc82e@group-0D1055093416-LeaderElection210] INFO  impl.LeaderElection (LogUtils.java:infoOrTrace(149)) -   Exception 1: {}
java.util.concurrent.ExecutionException: org.apache.ratis.thirdparty.io.grpc.StatusRuntimeException: UNAVAILABLE: io exception
	at java.util.concurrent.FutureTask.report(FutureTask.java:122)
	at java.util.concurrent.FutureTask.get(FutureTask.java:192)
	at org.apache.ratis.server.impl.LeaderElection.waitForResults(LeaderElection.java:259)
	at org.apache.ratis.server.impl.LeaderElection.askForVotes(LeaderElection.java:197)
	at org.apache.ratis.server.impl.LeaderElection.run(LeaderElection.java:133)
	at java.lang.Thread.run(Thread.java:748)
Caused by: org.apache.ratis.thirdparty.io.grpc.StatusRuntimeException: UNAVAILABLE: io exception
	at org.apache.ratis.thirdparty.io.grpc.stub.ClientCalls.toStatusRuntimeException(ClientCalls.java:233)
	at org.apache.ratis.thirdparty.io.grpc.stub.ClientCalls.getUnchecked(ClientCalls.java:214)
	at org.apache.ratis.thirdparty.io.grpc.stub.ClientCalls.blockingUnaryCall(ClientCalls.java:139)
	at org.apache.ratis.proto.grpc.RaftServerProtocolServiceGrpc$RaftServerProtocolServiceBlockingStub.requestVote(RaftServerProtocolServiceGrpc.java:265)
	at org.apache.ratis.grpc.server.GrpcServerProtocolClient.requestVote(GrpcServerProtocolClient.java:99)
	at org.apache.ratis.grpc.server.GrpcService.requestVote(GrpcService.java:204)
	at org.apache.ratis.server.impl.LeaderElection.lambda$submitRequests$1(LeaderElection.java:234)
	at java.util.concurrent.FutureTask.run(FutureTask.java:266)
	at java.util.concurrent.Executors$RunnableAdapter.call(Executors.java:511)
	at java.util.concurrent.FutureTask.run(FutureTask.java:266)
	at java.util.concurrent.ThreadPoolExecutor.runWorker(ThreadPoolExecutor.java:1149)
	at java.util.concurrent.ThreadPoolExecutor$Worker.run(ThreadPoolExecutor.java:624)
	... 1 more
Caused by: org.apache.ratis.thirdparty.io.netty.channel.AbstractChannel$AnnotatedConnectException: Connection refused: /192.168.69.82:35388
	at sun.nio.ch.SocketChannelImpl.checkConnect(Native Method)
	at sun.nio.ch.SocketChannelImpl.finishConnect(SocketChannelImpl.java:717)
	at org.apache.ratis.thirdparty.io.netty.channel.socket.nio.NioSocketChannel.doFinishConnect(NioSocketChannel.java:327)
	at org.apache.ratis.thirdparty.io.netty.channel.nio.AbstractNioChannel$AbstractNioUnsafe.finishConnect(AbstractNioChannel.java:340)
	at org.apache.ratis.thirdparty.io.netty.channel.nio.NioEventLoop.processSelectedKey(NioEventLoop.java:632)
	at org.apache.ratis.thirdparty.io.netty.channel.nio.NioEventLoop.processSelectedKeysOptimized(NioEventLoop.java:579)
	at org.apache.ratis.thirdparty.io.netty.channel.nio.NioEventLoop.processSelectedKeys(NioEventLoop.java:496)
	at org.apache.ratis.thirdparty.io.netty.channel.nio.NioEventLoop.run(NioEventLoop.java:458)
	at org.apache.ratis.thirdparty.io.netty.util.concurrent.SingleThreadEventExecutor$5.run(SingleThreadEventExecutor.java:897)
	at org.apache.ratis.thirdparty.io.netty.util.concurrent.FastThreadLocalRunnable.run(FastThreadLocalRunnable.java:30)
	... 1 more
Caused by: java.net.ConnectException: Connection refused
	... 11 more
2019-10-17 05:57:22,204 [9f06b4c9-079f-4989-8935-c6be59ddc82e@group-0D1055093416-LeaderElection210] INFO  impl.RaftServerImpl (RaftServerImpl.java:setRole(184)) - 9f06b4c9-079f-4989-8935-c6be59ddc82e@group-0D1055093416: changes role from CANDIDATE to FOLLOWER at term 199 for DISCOVERED_A_NEW_TERM
2019-10-17 05:57:22,204 [9f06b4c9-079f-4989-8935-c6be59ddc82e@group-0D1055093416-LeaderElection210] INFO  impl.RoleInfo (RoleInfo.java:shutdownLeaderElection(134)) - 9f06b4c9-079f-4989-8935-c6be59ddc82e: shutdown LeaderElection
2019-10-17 05:57:22,204 [9f06b4c9-079f-4989-8935-c6be59ddc82e@group-0D1055093416-LeaderElection210] INFO  impl.RoleInfo (RoleInfo.java:updateAndGet(143)) - 9f06b4c9-079f-4989-8935-c6be59ddc82e: start FollowerState
2019-10-17 05:57:22,379 [Thread-1858] INFO  impl.FollowerState (FollowerState.java:run(108)) - 9f06b4c9-079f-4989-8935-c6be59ddc82e@group-0D1055093416-FollowerState: change to CANDIDATE, lastRpcTime:174ms, electionTimeout:174ms
2019-10-17 05:57:22,379 [Thread-1858] INFO  impl.RoleInfo (RoleInfo.java:shutdownFollowerState(121)) - 9f06b4c9-079f-4989-8935-c6be59ddc82e: shutdown FollowerState
2019-10-17 05:57:22,379 [Thread-1858] INFO  impl.RaftServerImpl (RaftServerImpl.java:setRole(184)) - 9f06b4c9-079f-4989-8935-c6be59ddc82e@group-0D1055093416: changes role from  FOLLOWER to CANDIDATE at term 199 for changeToCandidate
2019-10-17 05:57:22,379 [Thread-1858] INFO  impl.RoleInfo (RoleInfo.java:updateAndGet(143)) - 9f06b4c9-079f-4989-8935-c6be59ddc82e: start LeaderElection
2019-10-17 05:57:22,393 [9f06b4c9-079f-4989-8935-c6be59ddc82e@group-0D1055093416-LeaderElection211] INFO  impl.LeaderElection (LeaderElection.java:askForVotes(178)) - 9f06b4c9-079f-4989-8935-c6be59ddc82e@group-0D1055093416-LeaderElection211: begin an election at term 200 for -1: [9f06b4c9-079f-4989-8935-c6be59ddc82e:192.168.69.82:36391, b282f9e2-3bd4-452e-9c35-1adeacc39134:192.168.69.82:42567, 3ce2c7b7-3df7-42de-af28-9ba1d65ea84e:192.168.69.82:35388], old=null
2019-10-17 05:57:22,394 [9f06b4c9-079f-4989-8935-c6be59ddc82e@group-0D1055093416-LeaderElection211] INFO  impl.LeaderElection (LogUtils.java:infoOrTrace(149)) - 9f06b4c9-079f-4989-8935-c6be59ddc82e@group-0D1055093416-LeaderElection211 got exception when requesting votes: {}
java.util.concurrent.ExecutionException: org.apache.ratis.thirdparty.io.grpc.StatusRuntimeException: UNAVAILABLE: io exception
	at java.util.concurrent.FutureTask.report(FutureTask.java:122)
	at java.util.concurrent.FutureTask.get(FutureTask.java:192)
	at org.apache.ratis.server.impl.LeaderElection.waitForResults(LeaderElection.java:259)
	at org.apache.ratis.server.impl.LeaderElection.askForVotes(LeaderElection.java:197)
	at org.apache.ratis.server.impl.LeaderElection.run(LeaderElection.java:133)
	at java.lang.Thread.run(Thread.java:748)
Caused by: org.apache.ratis.thirdparty.io.grpc.StatusRuntimeException: UNAVAILABLE: io exception
	at org.apache.ratis.thirdparty.io.grpc.stub.ClientCalls.toStatusRuntimeException(ClientCalls.java:233)
	at org.apache.ratis.thirdparty.io.grpc.stub.ClientCalls.getUnchecked(ClientCalls.java:214)
	at org.apache.ratis.thirdparty.io.grpc.stub.ClientCalls.blockingUnaryCall(ClientCalls.java:139)
	at org.apache.ratis.proto.grpc.RaftServerProtocolServiceGrpc$RaftServerProtocolServiceBlockingStub.requestVote(RaftServerProtocolServiceGrpc.java:265)
	at org.apache.ratis.grpc.server.GrpcServerProtocolClient.requestVote(GrpcServerProtocolClient.java:99)
	at org.apache.ratis.grpc.server.GrpcService.requestVote(GrpcService.java:204)
	at org.apache.ratis.server.impl.LeaderElection.lambda$submitRequests$1(LeaderElection.java:234)
	at java.util.concurrent.FutureTask.run(FutureTask.java:266)
	at java.util.concurrent.Executors$RunnableAdapter.call(Executors.java:511)
	at java.util.concurrent.FutureTask.run(FutureTask.java:266)
	at java.util.concurrent.ThreadPoolExecutor.runWorker(ThreadPoolExecutor.java:1149)
	at java.util.concurrent.ThreadPoolExecutor$Worker.run(ThreadPoolExecutor.java:624)
	... 1 more
Caused by: org.apache.ratis.thirdparty.io.netty.channel.AbstractChannel$AnnotatedConnectException: Connection refused: /192.168.69.82:42567
	at sun.nio.ch.SocketChannelImpl.checkConnect(Native Method)
	at sun.nio.ch.SocketChannelImpl.finishConnect(SocketChannelImpl.java:717)
	at org.apache.ratis.thirdparty.io.netty.channel.socket.nio.NioSocketChannel.doFinishConnect(NioSocketChannel.java:327)
	at org.apache.ratis.thirdparty.io.netty.channel.nio.AbstractNioChannel$AbstractNioUnsafe.finishConnect(AbstractNioChannel.java:340)
	at org.apache.ratis.thirdparty.io.netty.channel.nio.NioEventLoop.processSelectedKey(NioEventLoop.java:632)
	at org.apache.ratis.thirdparty.io.netty.channel.nio.NioEventLoop.processSelectedKeysOptimized(NioEventLoop.java:579)
	at org.apache.ratis.thirdparty.io.netty.channel.nio.NioEventLoop.processSelectedKeys(NioEventLoop.java:496)
	at org.apache.ratis.thirdparty.io.netty.channel.nio.NioEventLoop.run(NioEventLoop.java:458)
	at org.apache.ratis.thirdparty.io.netty.util.concurrent.SingleThreadEventExecutor$5.run(SingleThreadEventExecutor.java:897)
	at org.apache.ratis.thirdparty.io.netty.util.concurrent.FastThreadLocalRunnable.run(FastThreadLocalRunnable.java:30)
	... 1 more
Caused by: java.net.ConnectException: Connection refused
	... 11 more
2019-10-17 05:57:22,394 [9f06b4c9-079f-4989-8935-c6be59ddc82e@group-0D1055093416-LeaderElection211] INFO  impl.LeaderElection (LogUtils.java:infoOrTrace(149)) - 9f06b4c9-079f-4989-8935-c6be59ddc82e@group-0D1055093416-LeaderElection211 got exception when requesting votes: {}
java.util.concurrent.ExecutionException: org.apache.ratis.thirdparty.io.grpc.StatusRuntimeException: UNAVAILABLE: io exception
	at java.util.concurrent.FutureTask.report(FutureTask.java:122)
	at java.util.concurrent.FutureTask.get(FutureTask.java:192)
	at org.apache.ratis.server.impl.LeaderElection.waitForResults(LeaderElection.java:259)
	at org.apache.ratis.server.impl.LeaderElection.askForVotes(LeaderElection.java:197)
	at org.apache.ratis.server.impl.LeaderElection.run(LeaderElection.java:133)
	at java.lang.Thread.run(Thread.java:748)
Caused by: org.apache.ratis.thirdparty.io.grpc.StatusRuntimeException: UNAVAILABLE: io exception
	at org.apache.ratis.thirdparty.io.grpc.stub.ClientCalls.toStatusRuntimeException(ClientCalls.java:233)
	at org.apache.ratis.thirdparty.io.grpc.stub.ClientCalls.getUnchecked(ClientCalls.java:214)
	at org.apache.ratis.thirdparty.io.grpc.stub.ClientCalls.blockingUnaryCall(ClientCalls.java:139)
	at org.apache.ratis.proto.grpc.RaftServerProtocolServiceGrpc$RaftServerProtocolServiceBlockingStub.requestVote(RaftServerProtocolServiceGrpc.java:265)
	at org.apache.ratis.grpc.server.GrpcServerProtocolClient.requestVote(GrpcServerProtocolClient.java:99)
	at org.apache.ratis.grpc.server.GrpcService.requestVote(GrpcService.java:204)
	at org.apache.ratis.server.impl.LeaderElection.lambda$submitRequests$1(LeaderElection.java:234)
	at java.util.concurrent.FutureTask.run(FutureTask.java:266)
	at java.util.concurrent.Executors$RunnableAdapter.call(Executors.java:511)
	at java.util.concurrent.FutureTask.run(FutureTask.java:266)
	at java.util.concurrent.ThreadPoolExecutor.runWorker(ThreadPoolExecutor.java:1149)
	at java.util.concurrent.ThreadPoolExecutor$Worker.run(ThreadPoolExecutor.java:624)
	... 1 more
Caused by: org.apache.ratis.thirdparty.io.netty.channel.AbstractChannel$AnnotatedConnectException: Connection refused: /192.168.69.82:35388
	at sun.nio.ch.SocketChannelImpl.checkConnect(Native Method)
	at sun.nio.ch.SocketChannelImpl.finishConnect(SocketChannelImpl.java:717)
	at org.apache.ratis.thirdparty.io.netty.channel.socket.nio.NioSocketChannel.doFinishConnect(NioSocketChannel.java:327)
	at org.apache.ratis.thirdparty.io.netty.channel.nio.AbstractNioChannel$AbstractNioUnsafe.finishConnect(AbstractNioChannel.java:340)
	at org.apache.ratis.thirdparty.io.netty.channel.nio.NioEventLoop.processSelectedKey(NioEventLoop.java:632)
	at org.apache.ratis.thirdparty.io.netty.channel.nio.NioEventLoop.processSelectedKeysOptimized(NioEventLoop.java:579)
	at org.apache.ratis.thirdparty.io.netty.channel.nio.NioEventLoop.processSelectedKeys(NioEventLoop.java:496)
	at org.apache.ratis.thirdparty.io.netty.channel.nio.NioEventLoop.run(NioEventLoop.java:458)
	at org.apache.ratis.thirdparty.io.netty.util.concurrent.SingleThreadEventExecutor$5.run(SingleThreadEventExecutor.java:897)
	at org.apache.ratis.thirdparty.io.netty.util.concurrent.FastThreadLocalRunnable.run(FastThreadLocalRunnable.java:30)
	... 1 more
Caused by: java.net.ConnectException: Connection refused
	... 11 more
2019-10-17 05:57:22,394 [9f06b4c9-079f-4989-8935-c6be59ddc82e@group-0D1055093416-LeaderElection211] INFO  impl.LeaderElection (LeaderElection.java:logAndReturn(56)) - 9f06b4c9-079f-4989-8935-c6be59ddc82e@group-0D1055093416-LeaderElection211: Election REJECTED; received 0 response(s) [] and 2 exception(s); 9f06b4c9-079f-4989-8935-c6be59ddc82e@group-0D1055093416:t200, leader=null, voted=9f06b4c9-079f-4989-8935-c6be59ddc82e, raftlog=9f06b4c9-079f-4989-8935-c6be59ddc82e@group-0D1055093416-SegmentedRaftLog:OPENED:c-1,f-1,i0, conf=-1: [9f06b4c9-079f-4989-8935-c6be59ddc82e:192.168.69.82:36391, b282f9e2-3bd4-452e-9c35-1adeacc39134:192.168.69.82:42567, 3ce2c7b7-3df7-42de-af28-9ba1d65ea84e:192.168.69.82:35388], old=null
2019-10-17 05:57:22,394 [9f06b4c9-079f-4989-8935-c6be59ddc82e@group-0D1055093416-LeaderElection211] INFO  impl.LeaderElection (LogUtils.java:infoOrTrace(149)) -   Exception 0: {}
java.util.concurrent.ExecutionException: org.apache.ratis.thirdparty.io.grpc.StatusRuntimeException: UNAVAILABLE: io exception
	at java.util.concurrent.FutureTask.report(FutureTask.java:122)
	at java.util.concurrent.FutureTask.get(FutureTask.java:192)
	at org.apache.ratis.server.impl.LeaderElection.waitForResults(LeaderElection.java:259)
	at org.apache.ratis.server.impl.LeaderElection.askForVotes(LeaderElection.java:197)
	at org.apache.ratis.server.impl.LeaderElection.run(LeaderElection.java:133)
	at java.lang.Thread.run(Thread.java:748)
Caused by: org.apache.ratis.thirdparty.io.grpc.StatusRuntimeException: UNAVAILABLE: io exception
	at org.apache.ratis.thirdparty.io.grpc.stub.ClientCalls.toStatusRuntimeException(ClientCalls.java:233)
	at org.apache.ratis.thirdparty.io.grpc.stub.ClientCalls.getUnchecked(ClientCalls.java:214)
	at org.apache.ratis.thirdparty.io.grpc.stub.ClientCalls.blockingUnaryCall(ClientCalls.java:139)
	at org.apache.ratis.proto.grpc.RaftServerProtocolServiceGrpc$RaftServerProtocolServiceBlockingStub.requestVote(RaftServerProtocolServiceGrpc.java:265)
	at org.apache.ratis.grpc.server.GrpcServerProtocolClient.requestVote(GrpcServerProtocolClient.java:99)
	at org.apache.ratis.grpc.server.GrpcService.requestVote(GrpcService.java:204)
	at org.apache.ratis.server.impl.LeaderElection.lambda$submitRequests$1(LeaderElection.java:234)
	at java.util.concurrent.FutureTask.run(FutureTask.java:266)
	at java.util.concurrent.Executors$RunnableAdapter.call(Executors.java:511)
	at java.util.concurrent.FutureTask.run(FutureTask.java:266)
	at java.util.concurrent.ThreadPoolExecutor.runWorker(ThreadPoolExecutor.java:1149)
	at java.util.concurrent.ThreadPoolExecutor$Worker.run(ThreadPoolExecutor.java:624)
	... 1 more
Caused by: org.apache.ratis.thirdparty.io.netty.channel.AbstractChannel$AnnotatedConnectException: Connection refused: /192.168.69.82:42567
	at sun.nio.ch.SocketChannelImpl.checkConnect(Native Method)
	at sun.nio.ch.SocketChannelImpl.finishConnect(SocketChannelImpl.java:717)
	at org.apache.ratis.thirdparty.io.netty.channel.socket.nio.NioSocketChannel.doFinishConnect(NioSocketChannel.java:327)
	at org.apache.ratis.thirdparty.io.netty.channel.nio.AbstractNioChannel$AbstractNioUnsafe.finishConnect(AbstractNioChannel.java:340)
	at org.apache.ratis.thirdparty.io.netty.channel.nio.NioEventLoop.processSelectedKey(NioEventLoop.java:632)
	at org.apache.ratis.thirdparty.io.netty.channel.nio.NioEventLoop.processSelectedKeysOptimized(NioEventLoop.java:579)
	at org.apache.ratis.thirdparty.io.netty.channel.nio.NioEventLoop.processSelectedKeys(NioEventLoop.java:496)
	at org.apache.ratis.thirdparty.io.netty.channel.nio.NioEventLoop.run(NioEventLoop.java:458)
	at org.apache.ratis.thirdparty.io.netty.util.concurrent.SingleThreadEventExecutor$5.run(SingleThreadEventExecutor.java:897)
	at org.apache.ratis.thirdparty.io.netty.util.concurrent.FastThreadLocalRunnable.run(FastThreadLocalRunnable.java:30)
	... 1 more
Caused by: java.net.ConnectException: Connection refused
	... 11 more
2019-10-17 05:57:22,395 [9f06b4c9-079f-4989-8935-c6be59ddc82e@group-0D1055093416-LeaderElection211] INFO  impl.LeaderElection (LogUtils.java:infoOrTrace(149)) -   Exception 1: {}
java.util.concurrent.ExecutionException: org.apache.ratis.thirdparty.io.grpc.StatusRuntimeException: UNAVAILABLE: io exception
	at java.util.concurrent.FutureTask.report(FutureTask.java:122)
	at java.util.concurrent.FutureTask.get(FutureTask.java:192)
	at org.apache.ratis.server.impl.LeaderElection.waitForResults(LeaderElection.java:259)
	at org.apache.ratis.server.impl.LeaderElection.askForVotes(LeaderElection.java:197)
	at org.apache.ratis.server.impl.LeaderElection.run(LeaderElection.java:133)
	at java.lang.Thread.run(Thread.java:748)
Caused by: org.apache.ratis.thirdparty.io.grpc.StatusRuntimeException: UNAVAILABLE: io exception
	at org.apache.ratis.thirdparty.io.grpc.stub.ClientCalls.toStatusRuntimeException(ClientCalls.java:233)
	at org.apache.ratis.thirdparty.io.grpc.stub.ClientCalls.getUnchecked(ClientCalls.java:214)
	at org.apache.ratis.thirdparty.io.grpc.stub.ClientCalls.blockingUnaryCall(ClientCalls.java:139)
	at org.apache.ratis.proto.grpc.RaftServerProtocolServiceGrpc$RaftServerProtocolServiceBlockingStub.requestVote(RaftServerProtocolServiceGrpc.java:265)
	at org.apache.ratis.grpc.server.GrpcServerProtocolClient.requestVote(GrpcServerProtocolClient.java:99)
	at org.apache.ratis.grpc.server.GrpcService.requestVote(GrpcService.java:204)
	at org.apache.ratis.server.impl.LeaderElection.lambda$submitRequests$1(LeaderElection.java:234)
	at java.util.concurrent.FutureTask.run(FutureTask.java:266)
	at java.util.concurrent.Executors$RunnableAdapter.call(Executors.java:511)
	at java.util.concurrent.FutureTask.run(FutureTask.java:266)
	at java.util.concurrent.ThreadPoolExecutor.runWorker(ThreadPoolExecutor.java:1149)
	at java.util.concurrent.ThreadPoolExecutor$Worker.run(ThreadPoolExecutor.java:624)
	... 1 more
Caused by: org.apache.ratis.thirdparty.io.netty.channel.AbstractChannel$AnnotatedConnectException: Connection refused: /192.168.69.82:35388
	at sun.nio.ch.SocketChannelImpl.checkConnect(Native Method)
	at sun.nio.ch.SocketChannelImpl.finishConnect(SocketChannelImpl.java:717)
	at org.apache.ratis.thirdparty.io.netty.channel.socket.nio.NioSocketChannel.doFinishConnect(NioSocketChannel.java:327)
	at org.apache.ratis.thirdparty.io.netty.channel.nio.AbstractNioChannel$AbstractNioUnsafe.finishConnect(AbstractNioChannel.java:340)
	at org.apache.ratis.thirdparty.io.netty.channel.nio.NioEventLoop.processSelectedKey(NioEventLoop.java:632)
	at org.apache.ratis.thirdparty.io.netty.channel.nio.NioEventLoop.processSelectedKeysOptimized(NioEventLoop.java:579)
	at org.apache.ratis.thirdparty.io.netty.channel.nio.NioEventLoop.processSelectedKeys(NioEventLoop.java:496)
	at org.apache.ratis.thirdparty.io.netty.channel.nio.NioEventLoop.run(NioEventLoop.java:458)
	at org.apache.ratis.thirdparty.io.netty.util.concurrent.SingleThreadEventExecutor$5.run(SingleThreadEventExecutor.java:897)
	at org.apache.ratis.thirdparty.io.netty.util.concurrent.FastThreadLocalRunnable.run(FastThreadLocalRunnable.java:30)
	... 1 more
Caused by: java.net.ConnectException: Connection refused
	... 11 more
2019-10-17 05:57:22,395 [9f06b4c9-079f-4989-8935-c6be59ddc82e@group-0D1055093416-LeaderElection211] INFO  impl.RaftServerImpl (RaftServerImpl.java:setRole(184)) - 9f06b4c9-079f-4989-8935-c6be59ddc82e@group-0D1055093416: changes role from CANDIDATE to FOLLOWER at term 200 for DISCOVERED_A_NEW_TERM
2019-10-17 05:57:22,395 [9f06b4c9-079f-4989-8935-c6be59ddc82e@group-0D1055093416-LeaderElection211] INFO  impl.RoleInfo (RoleInfo.java:shutdownLeaderElection(134)) - 9f06b4c9-079f-4989-8935-c6be59ddc82e: shutdown LeaderElection
2019-10-17 05:57:22,395 [9f06b4c9-079f-4989-8935-c6be59ddc82e@group-0D1055093416-LeaderElection211] INFO  impl.RoleInfo (RoleInfo.java:updateAndGet(143)) - 9f06b4c9-079f-4989-8935-c6be59ddc82e: start FollowerState
2019-10-17 05:57:22,596 [Thread-1863] INFO  impl.FollowerState (FollowerState.java:run(108)) - 9f06b4c9-079f-4989-8935-c6be59ddc82e@group-0D1055093416-FollowerState: change to CANDIDATE, lastRpcTime:200ms, electionTimeout:200ms
2019-10-17 05:57:22,596 [Thread-1863] INFO  impl.RoleInfo (RoleInfo.java:shutdownFollowerState(121)) - 9f06b4c9-079f-4989-8935-c6be59ddc82e: shutdown FollowerState
2019-10-17 05:57:22,596 [Thread-1863] INFO  impl.RaftServerImpl (RaftServerImpl.java:setRole(184)) - 9f06b4c9-079f-4989-8935-c6be59ddc82e@group-0D1055093416: changes role from  FOLLOWER to CANDIDATE at term 200 for changeToCandidate
2019-10-17 05:57:22,596 [Thread-1863] INFO  impl.RoleInfo (RoleInfo.java:updateAndGet(143)) - 9f06b4c9-079f-4989-8935-c6be59ddc82e: start LeaderElection
2019-10-17 05:57:22,611 [9f06b4c9-079f-4989-8935-c6be59ddc82e@group-0D1055093416-LeaderElection212] INFO  impl.LeaderElection (LeaderElection.java:askForVotes(178)) - 9f06b4c9-079f-4989-8935-c6be59ddc82e@group-0D1055093416-LeaderElection212: begin an election at term 201 for -1: [9f06b4c9-079f-4989-8935-c6be59ddc82e:192.168.69.82:36391, b282f9e2-3bd4-452e-9c35-1adeacc39134:192.168.69.82:42567, 3ce2c7b7-3df7-42de-af28-9ba1d65ea84e:192.168.69.82:35388], old=null
2019-10-17 05:57:22,612 [9f06b4c9-079f-4989-8935-c6be59ddc82e@group-0D1055093416-LeaderElection212] INFO  impl.LeaderElection (LogUtils.java:infoOrTrace(149)) - 9f06b4c9-079f-4989-8935-c6be59ddc82e@group-0D1055093416-LeaderElection212 got exception when requesting votes: {}
java.util.concurrent.ExecutionException: org.apache.ratis.thirdparty.io.grpc.StatusRuntimeException: UNAVAILABLE: io exception
	at java.util.concurrent.FutureTask.report(FutureTask.java:122)
	at java.util.concurrent.FutureTask.get(FutureTask.java:192)
	at org.apache.ratis.server.impl.LeaderElection.waitForResults(LeaderElection.java:259)
	at org.apache.ratis.server.impl.LeaderElection.askForVotes(LeaderElection.java:197)
	at org.apache.ratis.server.impl.LeaderElection.run(LeaderElection.java:133)
	at java.lang.Thread.run(Thread.java:748)
Caused by: org.apache.ratis.thirdparty.io.grpc.StatusRuntimeException: UNAVAILABLE: io exception
	at org.apache.ratis.thirdparty.io.grpc.stub.ClientCalls.toStatusRuntimeException(ClientCalls.java:233)
	at org.apache.ratis.thirdparty.io.grpc.stub.ClientCalls.getUnchecked(ClientCalls.java:214)
	at org.apache.ratis.thirdparty.io.grpc.stub.ClientCalls.blockingUnaryCall(ClientCalls.java:139)
	at org.apache.ratis.proto.grpc.RaftServerProtocolServiceGrpc$RaftServerProtocolServiceBlockingStub.requestVote(RaftServerProtocolServiceGrpc.java:265)
	at org.apache.ratis.grpc.server.GrpcServerProtocolClient.requestVote(GrpcServerProtocolClient.java:99)
	at org.apache.ratis.grpc.server.GrpcService.requestVote(GrpcService.java:204)
	at org.apache.ratis.server.impl.LeaderElection.lambda$submitRequests$1(LeaderElection.java:234)
	at java.util.concurrent.FutureTask.run(FutureTask.java:266)
	at java.util.concurrent.Executors$RunnableAdapter.call(Executors.java:511)
	at java.util.concurrent.FutureTask.run(FutureTask.java:266)
	at java.util.concurrent.ThreadPoolExecutor.runWorker(ThreadPoolExecutor.java:1149)
	at java.util.concurrent.ThreadPoolExecutor$Worker.run(ThreadPoolExecutor.java:624)
	... 1 more
Caused by: org.apache.ratis.thirdparty.io.netty.channel.AbstractChannel$AnnotatedConnectException: Connection refused: /192.168.69.82:42567
	at sun.nio.ch.SocketChannelImpl.checkConnect(Native Method)
	at sun.nio.ch.SocketChannelImpl.finishConnect(SocketChannelImpl.java:717)
	at org.apache.ratis.thirdparty.io.netty.channel.socket.nio.NioSocketChannel.doFinishConnect(NioSocketChannel.java:327)
	at org.apache.ratis.thirdparty.io.netty.channel.nio.AbstractNioChannel$AbstractNioUnsafe.finishConnect(AbstractNioChannel.java:340)
	at org.apache.ratis.thirdparty.io.netty.channel.nio.NioEventLoop.processSelectedKey(NioEventLoop.java:632)
	at org.apache.ratis.thirdparty.io.netty.channel.nio.NioEventLoop.processSelectedKeysOptimized(NioEventLoop.java:579)
	at org.apache.ratis.thirdparty.io.netty.channel.nio.NioEventLoop.processSelectedKeys(NioEventLoop.java:496)
	at org.apache.ratis.thirdparty.io.netty.channel.nio.NioEventLoop.run(NioEventLoop.java:458)
	at org.apache.ratis.thirdparty.io.netty.util.concurrent.SingleThreadEventExecutor$5.run(SingleThreadEventExecutor.java:897)
	at org.apache.ratis.thirdparty.io.netty.util.concurrent.FastThreadLocalRunnable.run(FastThreadLocalRunnable.java:30)
	... 1 more
Caused by: java.net.ConnectException: Connection refused
	... 11 more
2019-10-17 05:57:22,613 [9f06b4c9-079f-4989-8935-c6be59ddc82e@group-0D1055093416-LeaderElection212] INFO  impl.LeaderElection (LogUtils.java:infoOrTrace(149)) - 9f06b4c9-079f-4989-8935-c6be59ddc82e@group-0D1055093416-LeaderElection212 got exception when requesting votes: {}
java.util.concurrent.ExecutionException: org.apache.ratis.thirdparty.io.grpc.StatusRuntimeException: UNAVAILABLE: io exception
	at java.util.concurrent.FutureTask.report(FutureTask.java:122)
	at java.util.concurrent.FutureTask.get(FutureTask.java:192)
	at org.apache.ratis.server.impl.LeaderElection.waitForResults(LeaderElection.java:259)
	at org.apache.ratis.server.impl.LeaderElection.askForVotes(LeaderElection.java:197)
	at org.apache.ratis.server.impl.LeaderElection.run(LeaderElection.java:133)
	at java.lang.Thread.run(Thread.java:748)
Caused by: org.apache.ratis.thirdparty.io.grpc.StatusRuntimeException: UNAVAILABLE: io exception
	at org.apache.ratis.thirdparty.io.grpc.stub.ClientCalls.toStatusRuntimeException(ClientCalls.java:233)
	at org.apache.ratis.thirdparty.io.grpc.stub.ClientCalls.getUnchecked(ClientCalls.java:214)
	at org.apache.ratis.thirdparty.io.grpc.stub.ClientCalls.blockingUnaryCall(ClientCalls.java:139)
	at org.apache.ratis.proto.grpc.RaftServerProtocolServiceGrpc$RaftServerProtocolServiceBlockingStub.requestVote(RaftServerProtocolServiceGrpc.java:265)
	at org.apache.ratis.grpc.server.GrpcServerProtocolClient.requestVote(GrpcServerProtocolClient.java:99)
	at org.apache.ratis.grpc.server.GrpcService.requestVote(GrpcService.java:204)
	at org.apache.ratis.server.impl.LeaderElection.lambda$submitRequests$1(LeaderElection.java:234)
	at java.util.concurrent.FutureTask.run(FutureTask.java:266)
	at java.util.concurrent.Executors$RunnableAdapter.call(Executors.java:511)
	at java.util.concurrent.FutureTask.run(FutureTask.java:266)
	at java.util.concurrent.ThreadPoolExecutor.runWorker(ThreadPoolExecutor.java:1149)
	at java.util.concurrent.ThreadPoolExecutor$Worker.run(ThreadPoolExecutor.java:624)
	... 1 more
Caused by: org.apache.ratis.thirdparty.io.netty.channel.AbstractChannel$AnnotatedConnectException: Connection refused: /192.168.69.82:35388
	at sun.nio.ch.SocketChannelImpl.checkConnect(Native Method)
	at sun.nio.ch.SocketChannelImpl.finishConnect(SocketChannelImpl.java:717)
	at org.apache.ratis.thirdparty.io.netty.channel.socket.nio.NioSocketChannel.doFinishConnect(NioSocketChannel.java:327)
	at org.apache.ratis.thirdparty.io.netty.channel.nio.AbstractNioChannel$AbstractNioUnsafe.finishConnect(AbstractNioChannel.java:340)
	at org.apache.ratis.thirdparty.io.netty.channel.nio.NioEventLoop.processSelectedKey(NioEventLoop.java:632)
	at org.apache.ratis.thirdparty.io.netty.channel.nio.NioEventLoop.processSelectedKeysOptimized(NioEventLoop.java:579)
	at org.apache.ratis.thirdparty.io.netty.channel.nio.NioEventLoop.processSelectedKeys(NioEventLoop.java:496)
	at org.apache.ratis.thirdparty.io.netty.channel.nio.NioEventLoop.run(NioEventLoop.java:458)
	at org.apache.ratis.thirdparty.io.netty.util.concurrent.SingleThreadEventExecutor$5.run(SingleThreadEventExecutor.java:897)
	at org.apache.ratis.thirdparty.io.netty.util.concurrent.FastThreadLocalRunnable.run(FastThreadLocalRunnable.java:30)
	... 1 more
Caused by: java.net.ConnectException: Connection refused
	... 11 more
2019-10-17 05:57:22,613 [9f06b4c9-079f-4989-8935-c6be59ddc82e@group-0D1055093416-LeaderElection212] INFO  impl.LeaderElection (LeaderElection.java:logAndReturn(56)) - 9f06b4c9-079f-4989-8935-c6be59ddc82e@group-0D1055093416-LeaderElection212: Election REJECTED; received 0 response(s) [] and 2 exception(s); 9f06b4c9-079f-4989-8935-c6be59ddc82e@group-0D1055093416:t201, leader=null, voted=9f06b4c9-079f-4989-8935-c6be59ddc82e, raftlog=9f06b4c9-079f-4989-8935-c6be59ddc82e@group-0D1055093416-SegmentedRaftLog:OPENED:c-1,f-1,i0, conf=-1: [9f06b4c9-079f-4989-8935-c6be59ddc82e:192.168.69.82:36391, b282f9e2-3bd4-452e-9c35-1adeacc39134:192.168.69.82:42567, 3ce2c7b7-3df7-42de-af28-9ba1d65ea84e:192.168.69.82:35388], old=null
2019-10-17 05:57:22,613 [9f06b4c9-079f-4989-8935-c6be59ddc82e@group-0D1055093416-LeaderElection212] INFO  impl.LeaderElection (LogUtils.java:infoOrTrace(149)) -   Exception 0: {}
java.util.concurrent.ExecutionException: org.apache.ratis.thirdparty.io.grpc.StatusRuntimeException: UNAVAILABLE: io exception
	at java.util.concurrent.FutureTask.report(FutureTask.java:122)
	at java.util.concurrent.FutureTask.get(FutureTask.java:192)
	at org.apache.ratis.server.impl.LeaderElection.waitForResults(LeaderElection.java:259)
	at org.apache.ratis.server.impl.LeaderElection.askForVotes(LeaderElection.java:197)
	at org.apache.ratis.server.impl.LeaderElection.run(LeaderElection.java:133)
	at java.lang.Thread.run(Thread.java:748)
Caused by: org.apache.ratis.thirdparty.io.grpc.StatusRuntimeException: UNAVAILABLE: io exception
	at org.apache.ratis.thirdparty.io.grpc.stub.ClientCalls.toStatusRuntimeException(ClientCalls.java:233)
	at org.apache.ratis.thirdparty.io.grpc.stub.ClientCalls.getUnchecked(ClientCalls.java:214)
	at org.apache.ratis.thirdparty.io.grpc.stub.ClientCalls.blockingUnaryCall(ClientCalls.java:139)
	at org.apache.ratis.proto.grpc.RaftServerProtocolServiceGrpc$RaftServerProtocolServiceBlockingStub.requestVote(RaftServerProtocolServiceGrpc.java:265)
	at org.apache.ratis.grpc.server.GrpcServerProtocolClient.requestVote(GrpcServerProtocolClient.java:99)
	at org.apache.ratis.grpc.server.GrpcService.requestVote(GrpcService.java:204)
	at org.apache.ratis.server.impl.LeaderElection.lambda$submitRequests$1(LeaderElection.java:234)
	at java.util.concurrent.FutureTask.run(FutureTask.java:266)
	at java.util.concurrent.Executors$RunnableAdapter.call(Executors.java:511)
	at java.util.concurrent.FutureTask.run(FutureTask.java:266)
	at java.util.concurrent.ThreadPoolExecutor.runWorker(ThreadPoolExecutor.java:1149)
	at java.util.concurrent.ThreadPoolExecutor$Worker.run(ThreadPoolExecutor.java:624)
	... 1 more
Caused by: org.apache.ratis.thirdparty.io.netty.channel.AbstractChannel$AnnotatedConnectException: Connection refused: /192.168.69.82:42567
	at sun.nio.ch.SocketChannelImpl.checkConnect(Native Method)
	at sun.nio.ch.SocketChannelImpl.finishConnect(SocketChannelImpl.java:717)
	at org.apache.ratis.thirdparty.io.netty.channel.socket.nio.NioSocketChannel.doFinishConnect(NioSocketChannel.java:327)
	at org.apache.ratis.thirdparty.io.netty.channel.nio.AbstractNioChannel$AbstractNioUnsafe.finishConnect(AbstractNioChannel.java:340)
	at org.apache.ratis.thirdparty.io.netty.channel.nio.NioEventLoop.processSelectedKey(NioEventLoop.java:632)
	at org.apache.ratis.thirdparty.io.netty.channel.nio.NioEventLoop.processSelectedKeysOptimized(NioEventLoop.java:579)
	at org.apache.ratis.thirdparty.io.netty.channel.nio.NioEventLoop.processSelectedKeys(NioEventLoop.java:496)
	at org.apache.ratis.thirdparty.io.netty.channel.nio.NioEventLoop.run(NioEventLoop.java:458)
	at org.apache.ratis.thirdparty.io.netty.util.concurrent.SingleThreadEventExecutor$5.run(SingleThreadEventExecutor.java:897)
	at org.apache.ratis.thirdparty.io.netty.util.concurrent.FastThreadLocalRunnable.run(FastThreadLocalRunnable.java:30)
	... 1 more
Caused by: java.net.ConnectException: Connection refused
	... 11 more
2019-10-17 05:57:22,613 [9f06b4c9-079f-4989-8935-c6be59ddc82e@group-0D1055093416-LeaderElection212] INFO  impl.LeaderElection (LogUtils.java:infoOrTrace(149)) -   Exception 1: {}
java.util.concurrent.ExecutionException: org.apache.ratis.thirdparty.io.grpc.StatusRuntimeException: UNAVAILABLE: io exception
	at java.util.concurrent.FutureTask.report(FutureTask.java:122)
	at java.util.concurrent.FutureTask.get(FutureTask.java:192)
	at org.apache.ratis.server.impl.LeaderElection.waitForResults(LeaderElection.java:259)
	at org.apache.ratis.server.impl.LeaderElection.askForVotes(LeaderElection.java:197)
	at org.apache.ratis.server.impl.LeaderElection.run(LeaderElection.java:133)
	at java.lang.Thread.run(Thread.java:748)
Caused by: org.apache.ratis.thirdparty.io.grpc.StatusRuntimeException: UNAVAILABLE: io exception
	at org.apache.ratis.thirdparty.io.grpc.stub.ClientCalls.toStatusRuntimeException(ClientCalls.java:233)
	at org.apache.ratis.thirdparty.io.grpc.stub.ClientCalls.getUnchecked(ClientCalls.java:214)
	at org.apache.ratis.thirdparty.io.grpc.stub.ClientCalls.blockingUnaryCall(ClientCalls.java:139)
	at org.apache.ratis.proto.grpc.RaftServerProtocolServiceGrpc$RaftServerProtocolServiceBlockingStub.requestVote(RaftServerProtocolServiceGrpc.java:265)
	at org.apache.ratis.grpc.server.GrpcServerProtocolClient.requestVote(GrpcServerProtocolClient.java:99)
	at org.apache.ratis.grpc.server.GrpcService.requestVote(GrpcService.java:204)
	at org.apache.ratis.server.impl.LeaderElection.lambda$submitRequests$1(LeaderElection.java:234)
	at java.util.concurrent.FutureTask.run(FutureTask.java:266)
	at java.util.concurrent.Executors$RunnableAdapter.call(Executors.java:511)
	at java.util.concurrent.FutureTask.run(FutureTask.java:266)
	at java.util.concurrent.ThreadPoolExecutor.runWorker(ThreadPoolExecutor.java:1149)
	at java.util.concurrent.ThreadPoolExecutor$Worker.run(ThreadPoolExecutor.java:624)
	... 1 more
Caused by: org.apache.ratis.thirdparty.io.netty.channel.AbstractChannel$AnnotatedConnectException: Connection refused: /192.168.69.82:35388
	at sun.nio.ch.SocketChannelImpl.checkConnect(Native Method)
	at sun.nio.ch.SocketChannelImpl.finishConnect(SocketChannelImpl.java:717)
	at org.apache.ratis.thirdparty.io.netty.channel.socket.nio.NioSocketChannel.doFinishConnect(NioSocketChannel.java:327)
	at org.apache.ratis.thirdparty.io.netty.channel.nio.AbstractNioChannel$AbstractNioUnsafe.finishConnect(AbstractNioChannel.java:340)
	at org.apache.ratis.thirdparty.io.netty.channel.nio.NioEventLoop.processSelectedKey(NioEventLoop.java:632)
	at org.apache.ratis.thirdparty.io.netty.channel.nio.NioEventLoop.processSelectedKeysOptimized(NioEventLoop.java:579)
	at org.apache.ratis.thirdparty.io.netty.channel.nio.NioEventLoop.processSelectedKeys(NioEventLoop.java:496)
	at org.apache.ratis.thirdparty.io.netty.channel.nio.NioEventLoop.run(NioEventLoop.java:458)
	at org.apache.ratis.thirdparty.io.netty.util.concurrent.SingleThreadEventExecutor$5.run(SingleThreadEventExecutor.java:897)
	at org.apache.ratis.thirdparty.io.netty.util.concurrent.FastThreadLocalRunnable.run(FastThreadLocalRunnable.java:30)
	... 1 more
Caused by: java.net.ConnectException: Connection refused
	... 11 more
2019-10-17 05:57:22,614 [9f06b4c9-079f-4989-8935-c6be59ddc82e@group-0D1055093416-LeaderElection212] INFO  impl.RaftServerImpl (RaftServerImpl.java:setRole(184)) - 9f06b4c9-079f-4989-8935-c6be59ddc82e@group-0D1055093416: changes role from CANDIDATE to FOLLOWER at term 201 for DISCOVERED_A_NEW_TERM
2019-10-17 05:57:22,614 [9f06b4c9-079f-4989-8935-c6be59ddc82e@group-0D1055093416-LeaderElection212] INFO  impl.RoleInfo (RoleInfo.java:shutdownLeaderElection(134)) - 9f06b4c9-079f-4989-8935-c6be59ddc82e: shutdown LeaderElection
2019-10-17 05:57:22,614 [9f06b4c9-079f-4989-8935-c6be59ddc82e@group-0D1055093416-LeaderElection212] INFO  impl.RoleInfo (RoleInfo.java:updateAndGet(143)) - 9f06b4c9-079f-4989-8935-c6be59ddc82e: start FollowerState
2019-10-17 05:57:22,622 [Thread-1868] INFO  impl.FollowerState (FollowerState.java:run(108)) - 9f06b4c9-079f-4989-8935-c6be59ddc82e@group-0D1055093416-FollowerState: change to CANDIDATE, lastRpcTime:7ms, electionTimeout:7ms
2019-10-17 05:57:22,622 [Thread-1868] INFO  impl.RoleInfo (RoleInfo.java:shutdownFollowerState(121)) - 9f06b4c9-079f-4989-8935-c6be59ddc82e: shutdown FollowerState
2019-10-17 05:57:22,622 [Thread-1868] INFO  impl.RaftServerImpl (RaftServerImpl.java:setRole(184)) - 9f06b4c9-079f-4989-8935-c6be59ddc82e@group-0D1055093416: changes role from  FOLLOWER to CANDIDATE at term 201 for changeToCandidate
2019-10-17 05:57:22,622 [Thread-1868] INFO  impl.RoleInfo (RoleInfo.java:updateAndGet(143)) - 9f06b4c9-079f-4989-8935-c6be59ddc82e: start LeaderElection
2019-10-17 05:57:22,636 [9f06b4c9-079f-4989-8935-c6be59ddc82e@group-0D1055093416-LeaderElection213] INFO  impl.LeaderElection (LeaderElection.java:askForVotes(178)) - 9f06b4c9-079f-4989-8935-c6be59ddc82e@group-0D1055093416-LeaderElection213: begin an election at term 202 for -1: [9f06b4c9-079f-4989-8935-c6be59ddc82e:192.168.69.82:36391, b282f9e2-3bd4-452e-9c35-1adeacc39134:192.168.69.82:42567, 3ce2c7b7-3df7-42de-af28-9ba1d65ea84e:192.168.69.82:35388], old=null
2019-10-17 05:57:22,637 [9f06b4c9-079f-4989-8935-c6be59ddc82e@group-0D1055093416-LeaderElection213] INFO  impl.LeaderElection (LogUtils.java:infoOrTrace(149)) - 9f06b4c9-079f-4989-8935-c6be59ddc82e@group-0D1055093416-LeaderElection213 got exception when requesting votes: {}
java.util.concurrent.ExecutionException: org.apache.ratis.thirdparty.io.grpc.StatusRuntimeException: UNAVAILABLE: io exception
	at java.util.concurrent.FutureTask.report(FutureTask.java:122)
	at java.util.concurrent.FutureTask.get(FutureTask.java:192)
	at org.apache.ratis.server.impl.LeaderElection.waitForResults(LeaderElection.java:259)
	at org.apache.ratis.server.impl.LeaderElection.askForVotes(LeaderElection.java:197)
	at org.apache.ratis.server.impl.LeaderElection.run(LeaderElection.java:133)
	at java.lang.Thread.run(Thread.java:748)
Caused by: org.apache.ratis.thirdparty.io.grpc.StatusRuntimeException: UNAVAILABLE: io exception
	at org.apache.ratis.thirdparty.io.grpc.stub.ClientCalls.toStatusRuntimeException(ClientCalls.java:233)
	at org.apache.ratis.thirdparty.io.grpc.stub.ClientCalls.getUnchecked(ClientCalls.java:214)
	at org.apache.ratis.thirdparty.io.grpc.stub.ClientCalls.blockingUnaryCall(ClientCalls.java:139)
	at org.apache.ratis.proto.grpc.RaftServerProtocolServiceGrpc$RaftServerProtocolServiceBlockingStub.requestVote(RaftServerProtocolServiceGrpc.java:265)
	at org.apache.ratis.grpc.server.GrpcServerProtocolClient.requestVote(GrpcServerProtocolClient.java:99)
	at org.apache.ratis.grpc.server.GrpcService.requestVote(GrpcService.java:204)
	at org.apache.ratis.server.impl.LeaderElection.lambda$submitRequests$1(LeaderElection.java:234)
	at java.util.concurrent.FutureTask.run(FutureTask.java:266)
	at java.util.concurrent.Executors$RunnableAdapter.call(Executors.java:511)
	at java.util.concurrent.FutureTask.run(FutureTask.java:266)
	at java.util.concurrent.ThreadPoolExecutor.runWorker(ThreadPoolExecutor.java:1149)
	at java.util.concurrent.ThreadPoolExecutor$Worker.run(ThreadPoolExecutor.java:624)
	... 1 more
Caused by: org.apache.ratis.thirdparty.io.netty.channel.AbstractChannel$AnnotatedConnectException: Connection refused: /192.168.69.82:42567
	at sun.nio.ch.SocketChannelImpl.checkConnect(Native Method)
	at sun.nio.ch.SocketChannelImpl.finishConnect(SocketChannelImpl.java:717)
	at org.apache.ratis.thirdparty.io.netty.channel.socket.nio.NioSocketChannel.doFinishConnect(NioSocketChannel.java:327)
	at org.apache.ratis.thirdparty.io.netty.channel.nio.AbstractNioChannel$AbstractNioUnsafe.finishConnect(AbstractNioChannel.java:340)
	at org.apache.ratis.thirdparty.io.netty.channel.nio.NioEventLoop.processSelectedKey(NioEventLoop.java:632)
	at org.apache.ratis.thirdparty.io.netty.channel.nio.NioEventLoop.processSelectedKeysOptimized(NioEventLoop.java:579)
	at org.apache.ratis.thirdparty.io.netty.channel.nio.NioEventLoop.processSelectedKeys(NioEventLoop.java:496)
	at org.apache.ratis.thirdparty.io.netty.channel.nio.NioEventLoop.run(NioEventLoop.java:458)
	at org.apache.ratis.thirdparty.io.netty.util.concurrent.SingleThreadEventExecutor$5.run(SingleThreadEventExecutor.java:897)
	at org.apache.ratis.thirdparty.io.netty.util.concurrent.FastThreadLocalRunnable.run(FastThreadLocalRunnable.java:30)
	... 1 more
Caused by: java.net.ConnectException: Connection refused
	... 11 more
2019-10-17 05:57:22,638 [9f06b4c9-079f-4989-8935-c6be59ddc82e@group-0D1055093416-LeaderElection213] INFO  impl.LeaderElection (LeaderElection.java:logAndReturn(56)) - 9f06b4c9-079f-4989-8935-c6be59ddc82e@group-0D1055093416-LeaderElection213: Election TIMEOUT; received 0 response(s) [] and 1 exception(s); 9f06b4c9-079f-4989-8935-c6be59ddc82e@group-0D1055093416:t202, leader=null, voted=9f06b4c9-079f-4989-8935-c6be59ddc82e, raftlog=9f06b4c9-079f-4989-8935-c6be59ddc82e@group-0D1055093416-SegmentedRaftLog:OPENED:c-1,f-1,i0, conf=-1: [9f06b4c9-079f-4989-8935-c6be59ddc82e:192.168.69.82:36391, b282f9e2-3bd4-452e-9c35-1adeacc39134:192.168.69.82:42567, 3ce2c7b7-3df7-42de-af28-9ba1d65ea84e:192.168.69.82:35388], old=null
2019-10-17 05:57:22,638 [9f06b4c9-079f-4989-8935-c6be59ddc82e@group-0D1055093416-LeaderElection213] INFO  impl.LeaderElection (LogUtils.java:infoOrTrace(149)) -   Exception 0: {}
java.util.concurrent.ExecutionException: org.apache.ratis.thirdparty.io.grpc.StatusRuntimeException: UNAVAILABLE: io exception
	at java.util.concurrent.FutureTask.report(FutureTask.java:122)
	at java.util.concurrent.FutureTask.get(FutureTask.java:192)
	at org.apache.ratis.server.impl.LeaderElection.waitForResults(LeaderElection.java:259)
	at org.apache.ratis.server.impl.LeaderElection.askForVotes(LeaderElection.java:197)
	at org.apache.ratis.server.impl.LeaderElection.run(LeaderElection.java:133)
	at java.lang.Thread.run(Thread.java:748)
Caused by: org.apache.ratis.thirdparty.io.grpc.StatusRuntimeException: UNAVAILABLE: io exception
	at org.apache.ratis.thirdparty.io.grpc.stub.ClientCalls.toStatusRuntimeException(ClientCalls.java:233)
	at org.apache.ratis.thirdparty.io.grpc.stub.ClientCalls.getUnchecked(ClientCalls.java:214)
	at org.apache.ratis.thirdparty.io.grpc.stub.ClientCalls.blockingUnaryCall(ClientCalls.java:139)
	at org.apache.ratis.proto.grpc.RaftServerProtocolServiceGrpc$RaftServerProtocolServiceBlockingStub.requestVote(RaftServerProtocolServiceGrpc.java:265)
	at org.apache.ratis.grpc.server.GrpcServerProtocolClient.requestVote(GrpcServerProtocolClient.java:99)
	at org.apache.ratis.grpc.server.GrpcService.requestVote(GrpcService.java:204)
	at org.apache.ratis.server.impl.LeaderElection.lambda$submitRequests$1(LeaderElection.java:234)
	at java.util.concurrent.FutureTask.run(FutureTask.java:266)
	at java.util.concurrent.Executors$RunnableAdapter.call(Executors.java:511)
	at java.util.concurrent.FutureTask.run(FutureTask.java:266)
	at java.util.concurrent.ThreadPoolExecutor.runWorker(ThreadPoolExecutor.java:1149)
	at java.util.concurrent.ThreadPoolExecutor$Worker.run(ThreadPoolExecutor.java:624)
	... 1 more
Caused by: org.apache.ratis.thirdparty.io.netty.channel.AbstractChannel$AnnotatedConnectException: Connection refused: /192.168.69.82:42567
	at sun.nio.ch.SocketChannelImpl.checkConnect(Native Method)
	at sun.nio.ch.SocketChannelImpl.finishConnect(SocketChannelImpl.java:717)
	at org.apache.ratis.thirdparty.io.netty.channel.socket.nio.NioSocketChannel.doFinishConnect(NioSocketChannel.java:327)
	at org.apache.ratis.thirdparty.io.netty.channel.nio.AbstractNioChannel$AbstractNioUnsafe.finishConnect(AbstractNioChannel.java:340)
	at org.apache.ratis.thirdparty.io.netty.channel.nio.NioEventLoop.processSelectedKey(NioEventLoop.java:632)
	at org.apache.ratis.thirdparty.io.netty.channel.nio.NioEventLoop.processSelectedKeysOptimized(NioEventLoop.java:579)
	at org.apache.ratis.thirdparty.io.netty.channel.nio.NioEventLoop.processSelectedKeys(NioEventLoop.java:496)
	at org.apache.ratis.thirdparty.io.netty.channel.nio.NioEventLoop.run(NioEventLoop.java:458)
	at org.apache.ratis.thirdparty.io.netty.util.concurrent.SingleThreadEventExecutor$5.run(SingleThreadEventExecutor.java:897)
	at org.apache.ratis.thirdparty.io.netty.util.concurrent.FastThreadLocalRunnable.run(FastThreadLocalRunnable.java:30)
	... 1 more
Caused by: java.net.ConnectException: Connection refused
	... 11 more
2019-10-17 05:57:22,652 [9f06b4c9-079f-4989-8935-c6be59ddc82e@group-0D1055093416-LeaderElection213] INFO  impl.LeaderElection (LeaderElection.java:askForVotes(178)) - 9f06b4c9-079f-4989-8935-c6be59ddc82e@group-0D1055093416-LeaderElection213: begin an election at term 203 for -1: [9f06b4c9-079f-4989-8935-c6be59ddc82e:192.168.69.82:36391, b282f9e2-3bd4-452e-9c35-1adeacc39134:192.168.69.82:42567, 3ce2c7b7-3df7-42de-af28-9ba1d65ea84e:192.168.69.82:35388], old=null
2019-10-17 05:57:22,653 [9f06b4c9-079f-4989-8935-c6be59ddc82e@group-0D1055093416-LeaderElection213] INFO  impl.LeaderElection (LogUtils.java:infoOrTrace(149)) - 9f06b4c9-079f-4989-8935-c6be59ddc82e@group-0D1055093416-LeaderElection213 got exception when requesting votes: {}
java.util.concurrent.ExecutionException: org.apache.ratis.thirdparty.io.grpc.StatusRuntimeException: UNAVAILABLE: io exception
	at java.util.concurrent.FutureTask.report(FutureTask.java:122)
	at java.util.concurrent.FutureTask.get(FutureTask.java:192)
	at org.apache.ratis.server.impl.LeaderElection.waitForResults(LeaderElection.java:259)
	at org.apache.ratis.server.impl.LeaderElection.askForVotes(LeaderElection.java:197)
	at org.apache.ratis.server.impl.LeaderElection.run(LeaderElection.java:133)
	at java.lang.Thread.run(Thread.java:748)
Caused by: org.apache.ratis.thirdparty.io.grpc.StatusRuntimeException: UNAVAILABLE: io exception
	at org.apache.ratis.thirdparty.io.grpc.stub.ClientCalls.toStatusRuntimeException(ClientCalls.java:233)
	at org.apache.ratis.thirdparty.io.grpc.stub.ClientCalls.getUnchecked(ClientCalls.java:214)
	at org.apache.ratis.thirdparty.io.grpc.stub.ClientCalls.blockingUnaryCall(ClientCalls.java:139)
	at org.apache.ratis.proto.grpc.RaftServerProtocolServiceGrpc$RaftServerProtocolServiceBlockingStub.requestVote(RaftServerProtocolServiceGrpc.java:265)
	at org.apache.ratis.grpc.server.GrpcServerProtocolClient.requestVote(GrpcServerProtocolClient.java:99)
	at org.apache.ratis.grpc.server.GrpcService.requestVote(GrpcService.java:204)
	at org.apache.ratis.server.impl.LeaderElection.lambda$submitRequests$1(LeaderElection.java:234)
	at java.util.concurrent.FutureTask.run(FutureTask.java:266)
	at java.util.concurrent.Executors$RunnableAdapter.call(Executors.java:511)
	at java.util.concurrent.FutureTask.run(FutureTask.java:266)
	at java.util.concurrent.ThreadPoolExecutor.runWorker(ThreadPoolExecutor.java:1149)
	at java.util.concurrent.ThreadPoolExecutor$Worker.run(ThreadPoolExecutor.java:624)
	... 1 more
Caused by: org.apache.ratis.thirdparty.io.netty.channel.AbstractChannel$AnnotatedConnectException: Connection refused: /192.168.69.82:42567
	at sun.nio.ch.SocketChannelImpl.checkConnect(Native Method)
	at sun.nio.ch.SocketChannelImpl.finishConnect(SocketChannelImpl.java:717)
	at org.apache.ratis.thirdparty.io.netty.channel.socket.nio.NioSocketChannel.doFinishConnect(NioSocketChannel.java:327)
	at org.apache.ratis.thirdparty.io.netty.channel.nio.AbstractNioChannel$AbstractNioUnsafe.finishConnect(AbstractNioChannel.java:340)
	at org.apache.ratis.thirdparty.io.netty.channel.nio.NioEventLoop.processSelectedKey(NioEventLoop.java:632)
	at org.apache.ratis.thirdparty.io.netty.channel.nio.NioEventLoop.processSelectedKeysOptimized(NioEventLoop.java:579)
	at org.apache.ratis.thirdparty.io.netty.channel.nio.NioEventLoop.processSelectedKeys(NioEventLoop.java:496)
	at org.apache.ratis.thirdparty.io.netty.channel.nio.NioEventLoop.run(NioEventLoop.java:458)
	at org.apache.ratis.thirdparty.io.netty.util.concurrent.SingleThreadEventExecutor$5.run(SingleThreadEventExecutor.java:897)
	at org.apache.ratis.thirdparty.io.netty.util.concurrent.FastThreadLocalRunnable.run(FastThreadLocalRunnable.java:30)
	... 1 more
Caused by: java.net.ConnectException: Connection refused
	... 11 more
2019-10-17 05:57:22,653 [9f06b4c9-079f-4989-8935-c6be59ddc82e@group-0D1055093416-LeaderElection213] INFO  impl.LeaderElection (LogUtils.java:infoOrTrace(149)) - 9f06b4c9-079f-4989-8935-c6be59ddc82e@group-0D1055093416-LeaderElection213 got exception when requesting votes: {}
java.util.concurrent.ExecutionException: org.apache.ratis.thirdparty.io.grpc.StatusRuntimeException: UNAVAILABLE: io exception
	at java.util.concurrent.FutureTask.report(FutureTask.java:122)
	at java.util.concurrent.FutureTask.get(FutureTask.java:192)
	at org.apache.ratis.server.impl.LeaderElection.waitForResults(LeaderElection.java:259)
	at org.apache.ratis.server.impl.LeaderElection.askForVotes(LeaderElection.java:197)
	at org.apache.ratis.server.impl.LeaderElection.run(LeaderElection.java:133)
	at java.lang.Thread.run(Thread.java:748)
Caused by: org.apache.ratis.thirdparty.io.grpc.StatusRuntimeException: UNAVAILABLE: io exception
	at org.apache.ratis.thirdparty.io.grpc.stub.ClientCalls.toStatusRuntimeException(ClientCalls.java:233)
	at org.apache.ratis.thirdparty.io.grpc.stub.ClientCalls.getUnchecked(ClientCalls.java:214)
	at org.apache.ratis.thirdparty.io.grpc.stub.ClientCalls.blockingUnaryCall(ClientCalls.java:139)
	at org.apache.ratis.proto.grpc.RaftServerProtocolServiceGrpc$RaftServerProtocolServiceBlockingStub.requestVote(RaftServerProtocolServiceGrpc.java:265)
	at org.apache.ratis.grpc.server.GrpcServerProtocolClient.requestVote(GrpcServerProtocolClient.java:99)
	at org.apache.ratis.grpc.server.GrpcService.requestVote(GrpcService.java:204)
	at org.apache.ratis.server.impl.LeaderElection.lambda$submitRequests$1(LeaderElection.java:234)
	at java.util.concurrent.FutureTask.run(FutureTask.java:266)
	at java.util.concurrent.Executors$RunnableAdapter.call(Executors.java:511)
	at java.util.concurrent.FutureTask.run(FutureTask.java:266)
	at java.util.concurrent.ThreadPoolExecutor.runWorker(ThreadPoolExecutor.java:1149)
	at java.util.concurrent.ThreadPoolExecutor$Worker.run(ThreadPoolExecutor.java:624)
	... 1 more
Caused by: org.apache.ratis.thirdparty.io.netty.channel.AbstractChannel$AnnotatedConnectException: Connection refused: /192.168.69.82:35388
	at sun.nio.ch.SocketChannelImpl.checkConnect(Native Method)
	at sun.nio.ch.SocketChannelImpl.finishConnect(SocketChannelImpl.java:717)
	at org.apache.ratis.thirdparty.io.netty.channel.socket.nio.NioSocketChannel.doFinishConnect(NioSocketChannel.java:327)
	at org.apache.ratis.thirdparty.io.netty.channel.nio.AbstractNioChannel$AbstractNioUnsafe.finishConnect(AbstractNioChannel.java:340)
	at org.apache.ratis.thirdparty.io.netty.channel.nio.NioEventLoop.processSelectedKey(NioEventLoop.java:632)
	at org.apache.ratis.thirdparty.io.netty.channel.nio.NioEventLoop.processSelectedKeysOptimized(NioEventLoop.java:579)
	at org.apache.ratis.thirdparty.io.netty.channel.nio.NioEventLoop.processSelectedKeys(NioEventLoop.java:496)
	at org.apache.ratis.thirdparty.io.netty.channel.nio.NioEventLoop.run(NioEventLoop.java:458)
	at org.apache.ratis.thirdparty.io.netty.util.concurrent.SingleThreadEventExecutor$5.run(SingleThreadEventExecutor.java:897)
	at org.apache.ratis.thirdparty.io.netty.util.concurrent.FastThreadLocalRunnable.run(FastThreadLocalRunnable.java:30)
	... 1 more
Caused by: java.net.ConnectException: Connection refused
	... 11 more
2019-10-17 05:57:22,654 [9f06b4c9-079f-4989-8935-c6be59ddc82e@group-0D1055093416-LeaderElection213] INFO  impl.LeaderElection (LeaderElection.java:logAndReturn(56)) - 9f06b4c9-079f-4989-8935-c6be59ddc82e@group-0D1055093416-LeaderElection213: Election REJECTED; received 0 response(s) [] and 2 exception(s); 9f06b4c9-079f-4989-8935-c6be59ddc82e@group-0D1055093416:t203, leader=null, voted=9f06b4c9-079f-4989-8935-c6be59ddc82e, raftlog=9f06b4c9-079f-4989-8935-c6be59ddc82e@group-0D1055093416-SegmentedRaftLog:OPENED:c-1,f-1,i0, conf=-1: [9f06b4c9-079f-4989-8935-c6be59ddc82e:192.168.69.82:36391, b282f9e2-3bd4-452e-9c35-1adeacc39134:192.168.69.82:42567, 3ce2c7b7-3df7-42de-af28-9ba1d65ea84e:192.168.69.82:35388], old=null
2019-10-17 05:57:22,654 [9f06b4c9-079f-4989-8935-c6be59ddc82e@group-0D1055093416-LeaderElection213] INFO  impl.LeaderElection (LogUtils.java:infoOrTrace(149)) -   Exception 0: {}
java.util.concurrent.ExecutionException: org.apache.ratis.thirdparty.io.grpc.StatusRuntimeException: UNAVAILABLE: io exception
	at java.util.concurrent.FutureTask.report(FutureTask.java:122)
	at java.util.concurrent.FutureTask.get(FutureTask.java:192)
	at org.apache.ratis.server.impl.LeaderElection.waitForResults(LeaderElection.java:259)
	at org.apache.ratis.server.impl.LeaderElection.askForVotes(LeaderElection.java:197)
	at org.apache.ratis.server.impl.LeaderElection.run(LeaderElection.java:133)
	at java.lang.Thread.run(Thread.java:748)
Caused by: org.apache.ratis.thirdparty.io.grpc.StatusRuntimeException: UNAVAILABLE: io exception
	at org.apache.ratis.thirdparty.io.grpc.stub.ClientCalls.toStatusRuntimeException(ClientCalls.java:233)
	at org.apache.ratis.thirdparty.io.grpc.stub.ClientCalls.getUnchecked(ClientCalls.java:214)
	at org.apache.ratis.thirdparty.io.grpc.stub.ClientCalls.blockingUnaryCall(ClientCalls.java:139)
	at org.apache.ratis.proto.grpc.RaftServerProtocolServiceGrpc$RaftServerProtocolServiceBlockingStub.requestVote(RaftServerProtocolServiceGrpc.java:265)
	at org.apache.ratis.grpc.server.GrpcServerProtocolClient.requestVote(GrpcServerProtocolClient.java:99)
	at org.apache.ratis.grpc.server.GrpcService.requestVote(GrpcService.java:204)
	at org.apache.ratis.server.impl.LeaderElection.lambda$submitRequests$1(LeaderElection.java:234)
	at java.util.concurrent.FutureTask.run(FutureTask.java:266)
	at java.util.concurrent.Executors$RunnableAdapter.call(Executors.java:511)
	at java.util.concurrent.FutureTask.run(FutureTask.java:266)
	at java.util.concurrent.ThreadPoolExecutor.runWorker(ThreadPoolExecutor.java:1149)
	at java.util.concurrent.ThreadPoolExecutor$Worker.run(ThreadPoolExecutor.java:624)
	... 1 more
Caused by: org.apache.ratis.thirdparty.io.netty.channel.AbstractChannel$AnnotatedConnectException: Connection refused: /192.168.69.82:42567
	at sun.nio.ch.SocketChannelImpl.checkConnect(Native Method)
	at sun.nio.ch.SocketChannelImpl.finishConnect(SocketChannelImpl.java:717)
	at org.apache.ratis.thirdparty.io.netty.channel.socket.nio.NioSocketChannel.doFinishConnect(NioSocketChannel.java:327)
	at org.apache.ratis.thirdparty.io.netty.channel.nio.AbstractNioChannel$AbstractNioUnsafe.finishConnect(AbstractNioChannel.java:340)
	at org.apache.ratis.thirdparty.io.netty.channel.nio.NioEventLoop.processSelectedKey(NioEventLoop.java:632)
	at org.apache.ratis.thirdparty.io.netty.channel.nio.NioEventLoop.processSelectedKeysOptimized(NioEventLoop.java:579)
	at org.apache.ratis.thirdparty.io.netty.channel.nio.NioEventLoop.processSelectedKeys(NioEventLoop.java:496)
	at org.apache.ratis.thirdparty.io.netty.channel.nio.NioEventLoop.run(NioEventLoop.java:458)
	at org.apache.ratis.thirdparty.io.netty.util.concurrent.SingleThreadEventExecutor$5.run(SingleThreadEventExecutor.java:897)
	at org.apache.ratis.thirdparty.io.netty.util.concurrent.FastThreadLocalRunnable.run(FastThreadLocalRunnable.java:30)
	... 1 more
Caused by: java.net.ConnectException: Connection refused
	... 11 more
2019-10-17 05:57:22,655 [9f06b4c9-079f-4989-8935-c6be59ddc82e@group-0D1055093416-LeaderElection213] INFO  impl.LeaderElection (LogUtils.java:infoOrTrace(149)) -   Exception 1: {}
java.util.concurrent.ExecutionException: org.apache.ratis.thirdparty.io.grpc.StatusRuntimeException: UNAVAILABLE: io exception
	at java.util.concurrent.FutureTask.report(FutureTask.java:122)
	at java.util.concurrent.FutureTask.get(FutureTask.java:192)
	at org.apache.ratis.server.impl.LeaderElection.waitForResults(LeaderElection.java:259)
	at org.apache.ratis.server.impl.LeaderElection.askForVotes(LeaderElection.java:197)
	at org.apache.ratis.server.impl.LeaderElection.run(LeaderElection.java:133)
	at java.lang.Thread.run(Thread.java:748)
Caused by: org.apache.ratis.thirdparty.io.grpc.StatusRuntimeException: UNAVAILABLE: io exception
	at org.apache.ratis.thirdparty.io.grpc.stub.ClientCalls.toStatusRuntimeException(ClientCalls.java:233)
	at org.apache.ratis.thirdparty.io.grpc.stub.ClientCalls.getUnchecked(ClientCalls.java:214)
	at org.apache.ratis.thirdparty.io.grpc.stub.ClientCalls.blockingUnaryCall(ClientCalls.java:139)
	at org.apache.ratis.proto.grpc.RaftServerProtocolServiceGrpc$RaftServerProtocolServiceBlockingStub.requestVote(RaftServerProtocolServiceGrpc.java:265)
	at org.apache.ratis.grpc.server.GrpcServerProtocolClient.requestVote(GrpcServerProtocolClient.java:99)
	at org.apache.ratis.grpc.server.GrpcService.requestVote(GrpcService.java:204)
	at org.apache.ratis.server.impl.LeaderElection.lambda$submitRequests$1(LeaderElection.java:234)
	at java.util.concurrent.FutureTask.run(FutureTask.java:266)
	at java.util.concurrent.Executors$RunnableAdapter.call(Executors.java:511)
	at java.util.concurrent.FutureTask.run(FutureTask.java:266)
	at java.util.concurrent.ThreadPoolExecutor.runWorker(ThreadPoolExecutor.java:1149)
	at java.util.concurrent.ThreadPoolExecutor$Worker.run(ThreadPoolExecutor.java:624)
	... 1 more
Caused by: org.apache.ratis.thirdparty.io.netty.channel.AbstractChannel$AnnotatedConnectException: Connection refused: /192.168.69.82:35388
	at sun.nio.ch.SocketChannelImpl.checkConnect(Native Method)
	at sun.nio.ch.SocketChannelImpl.finishConnect(SocketChannelImpl.java:717)
	at org.apache.ratis.thirdparty.io.netty.channel.socket.nio.NioSocketChannel.doFinishConnect(NioSocketChannel.java:327)
	at org.apache.ratis.thirdparty.io.netty.channel.nio.AbstractNioChannel$AbstractNioUnsafe.finishConnect(AbstractNioChannel.java:340)
	at org.apache.ratis.thirdparty.io.netty.channel.nio.NioEventLoop.processSelectedKey(NioEventLoop.java:632)
	at org.apache.ratis.thirdparty.io.netty.channel.nio.NioEventLoop.processSelectedKeysOptimized(NioEventLoop.java:579)
	at org.apache.ratis.thirdparty.io.netty.channel.nio.NioEventLoop.processSelectedKeys(NioEventLoop.java:496)
	at org.apache.ratis.thirdparty.io.netty.channel.nio.NioEventLoop.run(NioEventLoop.java:458)
	at org.apache.ratis.thirdparty.io.netty.util.concurrent.SingleThreadEventExecutor$5.run(SingleThreadEventExecutor.java:897)
	at org.apache.ratis.thirdparty.io.netty.util.concurrent.FastThreadLocalRunnable.run(FastThreadLocalRunnable.java:30)
	... 1 more
Caused by: java.net.ConnectException: Connection refused
	... 11 more
2019-10-17 05:57:22,656 [9f06b4c9-079f-4989-8935-c6be59ddc82e@group-0D1055093416-LeaderElection213] INFO  impl.RaftServerImpl (RaftServerImpl.java:setRole(184)) - 9f06b4c9-079f-4989-8935-c6be59ddc82e@group-0D1055093416: changes role from CANDIDATE to FOLLOWER at term 203 for DISCOVERED_A_NEW_TERM
2019-10-17 05:57:22,656 [9f06b4c9-079f-4989-8935-c6be59ddc82e@group-0D1055093416-LeaderElection213] INFO  impl.RoleInfo (RoleInfo.java:shutdownLeaderElection(134)) - 9f06b4c9-079f-4989-8935-c6be59ddc82e: shutdown LeaderElection
2019-10-17 05:57:22,656 [9f06b4c9-079f-4989-8935-c6be59ddc82e@group-0D1055093416-LeaderElection213] INFO  impl.RoleInfo (RoleInfo.java:updateAndGet(143)) - 9f06b4c9-079f-4989-8935-c6be59ddc82e: start FollowerState
2019-10-17 05:57:22,811 [Thread-1874] INFO  impl.FollowerState (FollowerState.java:run(108)) - 9f06b4c9-079f-4989-8935-c6be59ddc82e@group-0D1055093416-FollowerState: change to CANDIDATE, lastRpcTime:154ms, electionTimeout:154ms
2019-10-17 05:57:22,811 [Thread-1874] INFO  impl.RoleInfo (RoleInfo.java:shutdownFollowerState(121)) - 9f06b4c9-079f-4989-8935-c6be59ddc82e: shutdown FollowerState
2019-10-17 05:57:22,811 [Thread-1874] INFO  impl.RaftServerImpl (RaftServerImpl.java:setRole(184)) - 9f06b4c9-079f-4989-8935-c6be59ddc82e@group-0D1055093416: changes role from  FOLLOWER to CANDIDATE at term 203 for changeToCandidate
2019-10-17 05:57:22,811 [Thread-1874] INFO  impl.RoleInfo (RoleInfo.java:updateAndGet(143)) - 9f06b4c9-079f-4989-8935-c6be59ddc82e: start LeaderElection
2019-10-17 05:57:22,825 [9f06b4c9-079f-4989-8935-c6be59ddc82e@group-0D1055093416-LeaderElection214] INFO  impl.LeaderElection (LeaderElection.java:askForVotes(178)) - 9f06b4c9-079f-4989-8935-c6be59ddc82e@group-0D1055093416-LeaderElection214: begin an election at term 204 for -1: [9f06b4c9-079f-4989-8935-c6be59ddc82e:192.168.69.82:36391, b282f9e2-3bd4-452e-9c35-1adeacc39134:192.168.69.82:42567, 3ce2c7b7-3df7-42de-af28-9ba1d65ea84e:192.168.69.82:35388], old=null
2019-10-17 05:57:22,827 [9f06b4c9-079f-4989-8935-c6be59ddc82e@group-0D1055093416-LeaderElection214] INFO  impl.LeaderElection (LogUtils.java:infoOrTrace(149)) - 9f06b4c9-079f-4989-8935-c6be59ddc82e@group-0D1055093416-LeaderElection214 got exception when requesting votes: {}
java.util.concurrent.ExecutionException: org.apache.ratis.thirdparty.io.grpc.StatusRuntimeException: UNAVAILABLE: io exception
	at java.util.concurrent.FutureTask.report(FutureTask.java:122)
	at java.util.concurrent.FutureTask.get(FutureTask.java:192)
	at org.apache.ratis.server.impl.LeaderElection.waitForResults(LeaderElection.java:259)
	at org.apache.ratis.server.impl.LeaderElection.askForVotes(LeaderElection.java:197)
	at org.apache.ratis.server.impl.LeaderElection.run(LeaderElection.java:133)
	at java.lang.Thread.run(Thread.java:748)
Caused by: org.apache.ratis.thirdparty.io.grpc.StatusRuntimeException: UNAVAILABLE: io exception
	at org.apache.ratis.thirdparty.io.grpc.stub.ClientCalls.toStatusRuntimeException(ClientCalls.java:233)
	at org.apache.ratis.thirdparty.io.grpc.stub.ClientCalls.getUnchecked(ClientCalls.java:214)
	at org.apache.ratis.thirdparty.io.grpc.stub.ClientCalls.blockingUnaryCall(ClientCalls.java:139)
	at org.apache.ratis.proto.grpc.RaftServerProtocolServiceGrpc$RaftServerProtocolServiceBlockingStub.requestVote(RaftServerProtocolServiceGrpc.java:265)
	at org.apache.ratis.grpc.server.GrpcServerProtocolClient.requestVote(GrpcServerProtocolClient.java:99)
	at org.apache.ratis.grpc.server.GrpcService.requestVote(GrpcService.java:204)
	at org.apache.ratis.server.impl.LeaderElection.lambda$submitRequests$1(LeaderElection.java:234)
	at java.util.concurrent.FutureTask.run(FutureTask.java:266)
	at java.util.concurrent.Executors$RunnableAdapter.call(Executors.java:511)
	at java.util.concurrent.FutureTask.run(FutureTask.java:266)
	at java.util.concurrent.ThreadPoolExecutor.runWorker(ThreadPoolExecutor.java:1149)
	at java.util.concurrent.ThreadPoolExecutor$Worker.run(ThreadPoolExecutor.java:624)
	... 1 more
Caused by: org.apache.ratis.thirdparty.io.netty.channel.AbstractChannel$AnnotatedConnectException: Connection refused: /192.168.69.82:35388
	at sun.nio.ch.SocketChannelImpl.checkConnect(Native Method)
	at sun.nio.ch.SocketChannelImpl.finishConnect(SocketChannelImpl.java:717)
	at org.apache.ratis.thirdparty.io.netty.channel.socket.nio.NioSocketChannel.doFinishConnect(NioSocketChannel.java:327)
	at org.apache.ratis.thirdparty.io.netty.channel.nio.AbstractNioChannel$AbstractNioUnsafe.finishConnect(AbstractNioChannel.java:340)
	at org.apache.ratis.thirdparty.io.netty.channel.nio.NioEventLoop.processSelectedKey(NioEventLoop.java:632)
	at org.apache.ratis.thirdparty.io.netty.channel.nio.NioEventLoop.processSelectedKeysOptimized(NioEventLoop.java:579)
	at org.apache.ratis.thirdparty.io.netty.channel.nio.NioEventLoop.processSelectedKeys(NioEventLoop.java:496)
	at org.apache.ratis.thirdparty.io.netty.channel.nio.NioEventLoop.run(NioEventLoop.java:458)
	at org.apache.ratis.thirdparty.io.netty.util.concurrent.SingleThreadEventExecutor$5.run(SingleThreadEventExecutor.java:897)
	at org.apache.ratis.thirdparty.io.netty.util.concurrent.FastThreadLocalRunnable.run(FastThreadLocalRunnable.java:30)
	... 1 more
Caused by: java.net.ConnectException: Connection refused
	... 11 more
2019-10-17 05:57:22,827 [9f06b4c9-079f-4989-8935-c6be59ddc82e@group-0D1055093416-LeaderElection214] INFO  impl.LeaderElection (LogUtils.java:infoOrTrace(149)) - 9f06b4c9-079f-4989-8935-c6be59ddc82e@group-0D1055093416-LeaderElection214 got exception when requesting votes: {}
java.util.concurrent.ExecutionException: org.apache.ratis.thirdparty.io.grpc.StatusRuntimeException: UNAVAILABLE: io exception
	at java.util.concurrent.FutureTask.report(FutureTask.java:122)
	at java.util.concurrent.FutureTask.get(FutureTask.java:192)
	at org.apache.ratis.server.impl.LeaderElection.waitForResults(LeaderElection.java:259)
	at org.apache.ratis.server.impl.LeaderElection.askForVotes(LeaderElection.java:197)
	at org.apache.ratis.server.impl.LeaderElection.run(LeaderElection.java:133)
	at java.lang.Thread.run(Thread.java:748)
Caused by: org.apache.ratis.thirdparty.io.grpc.StatusRuntimeException: UNAVAILABLE: io exception
	at org.apache.ratis.thirdparty.io.grpc.stub.ClientCalls.toStatusRuntimeException(ClientCalls.java:233)
	at org.apache.ratis.thirdparty.io.grpc.stub.ClientCalls.getUnchecked(ClientCalls.java:214)
	at org.apache.ratis.thirdparty.io.grpc.stub.ClientCalls.blockingUnaryCall(ClientCalls.java:139)
	at org.apache.ratis.proto.grpc.RaftServerProtocolServiceGrpc$RaftServerProtocolServiceBlockingStub.requestVote(RaftServerProtocolServiceGrpc.java:265)
	at org.apache.ratis.grpc.server.GrpcServerProtocolClient.requestVote(GrpcServerProtocolClient.java:99)
	at org.apache.ratis.grpc.server.GrpcService.requestVote(GrpcService.java:204)
	at org.apache.ratis.server.impl.LeaderElection.lambda$submitRequests$1(LeaderElection.java:234)
	at java.util.concurrent.FutureTask.run(FutureTask.java:266)
	at java.util.concurrent.Executors$RunnableAdapter.call(Executors.java:511)
	at java.util.concurrent.FutureTask.run(FutureTask.java:266)
	at java.util.concurrent.ThreadPoolExecutor.runWorker(ThreadPoolExecutor.java:1149)
	at java.util.concurrent.ThreadPoolExecutor$Worker.run(ThreadPoolExecutor.java:624)
	... 1 more
Caused by: org.apache.ratis.thirdparty.io.netty.channel.AbstractChannel$AnnotatedConnectException: Connection refused: /192.168.69.82:42567
	at sun.nio.ch.SocketChannelImpl.checkConnect(Native Method)
	at sun.nio.ch.SocketChannelImpl.finishConnect(SocketChannelImpl.java:717)
	at org.apache.ratis.thirdparty.io.netty.channel.socket.nio.NioSocketChannel.doFinishConnect(NioSocketChannel.java:327)
	at org.apache.ratis.thirdparty.io.netty.channel.nio.AbstractNioChannel$AbstractNioUnsafe.finishConnect(AbstractNioChannel.java:340)
	at org.apache.ratis.thirdparty.io.netty.channel.nio.NioEventLoop.processSelectedKey(NioEventLoop.java:632)
	at org.apache.ratis.thirdparty.io.netty.channel.nio.NioEventLoop.processSelectedKeysOptimized(NioEventLoop.java:579)
	at org.apache.ratis.thirdparty.io.netty.channel.nio.NioEventLoop.processSelectedKeys(NioEventLoop.java:496)
	at org.apache.ratis.thirdparty.io.netty.channel.nio.NioEventLoop.run(NioEventLoop.java:458)
	at org.apache.ratis.thirdparty.io.netty.util.concurrent.SingleThreadEventExecutor$5.run(SingleThreadEventExecutor.java:897)
	at org.apache.ratis.thirdparty.io.netty.util.concurrent.FastThreadLocalRunnable.run(FastThreadLocalRunnable.java:30)
	... 1 more
Caused by: java.net.ConnectException: Connection refused
	... 11 more
2019-10-17 05:57:22,828 [9f06b4c9-079f-4989-8935-c6be59ddc82e@group-0D1055093416-LeaderElection214] INFO  impl.LeaderElection (LeaderElection.java:logAndReturn(56)) - 9f06b4c9-079f-4989-8935-c6be59ddc82e@group-0D1055093416-LeaderElection214: Election REJECTED; received 0 response(s) [] and 2 exception(s); 9f06b4c9-079f-4989-8935-c6be59ddc82e@group-0D1055093416:t204, leader=null, voted=9f06b4c9-079f-4989-8935-c6be59ddc82e, raftlog=9f06b4c9-079f-4989-8935-c6be59ddc82e@group-0D1055093416-SegmentedRaftLog:OPENED:c-1,f-1,i0, conf=-1: [9f06b4c9-079f-4989-8935-c6be59ddc82e:192.168.69.82:36391, b282f9e2-3bd4-452e-9c35-1adeacc39134:192.168.69.82:42567, 3ce2c7b7-3df7-42de-af28-9ba1d65ea84e:192.168.69.82:35388], old=null
2019-10-17 05:57:22,828 [9f06b4c9-079f-4989-8935-c6be59ddc82e@group-0D1055093416-LeaderElection214] INFO  impl.LeaderElection (LogUtils.java:infoOrTrace(149)) -   Exception 0: {}
java.util.concurrent.ExecutionException: org.apache.ratis.thirdparty.io.grpc.StatusRuntimeException: UNAVAILABLE: io exception
	at java.util.concurrent.FutureTask.report(FutureTask.java:122)
	at java.util.concurrent.FutureTask.get(FutureTask.java:192)
	at org.apache.ratis.server.impl.LeaderElection.waitForResults(LeaderElection.java:259)
	at org.apache.ratis.server.impl.LeaderElection.askForVotes(LeaderElection.java:197)
	at org.apache.ratis.server.impl.LeaderElection.run(LeaderElection.java:133)
	at java.lang.Thread.run(Thread.java:748)
Caused by: org.apache.ratis.thirdparty.io.grpc.StatusRuntimeException: UNAVAILABLE: io exception
	at org.apache.ratis.thirdparty.io.grpc.stub.ClientCalls.toStatusRuntimeException(ClientCalls.java:233)
	at org.apache.ratis.thirdparty.io.grpc.stub.ClientCalls.getUnchecked(ClientCalls.java:214)
	at org.apache.ratis.thirdparty.io.grpc.stub.ClientCalls.blockingUnaryCall(ClientCalls.java:139)
	at org.apache.ratis.proto.grpc.RaftServerProtocolServiceGrpc$RaftServerProtocolServiceBlockingStub.requestVote(RaftServerProtocolServiceGrpc.java:265)
	at org.apache.ratis.grpc.server.GrpcServerProtocolClient.requestVote(GrpcServerProtocolClient.java:99)
	at org.apache.ratis.grpc.server.GrpcService.requestVote(GrpcService.java:204)
	at org.apache.ratis.server.impl.LeaderElection.lambda$submitRequests$1(LeaderElection.java:234)
	at java.util.concurrent.FutureTask.run(FutureTask.java:266)
	at java.util.concurrent.Executors$RunnableAdapter.call(Executors.java:511)
	at java.util.concurrent.FutureTask.run(FutureTask.java:266)
	at java.util.concurrent.ThreadPoolExecutor.runWorker(ThreadPoolExecutor.java:1149)
	at java.util.concurrent.ThreadPoolExecutor$Worker.run(ThreadPoolExecutor.java:624)
	... 1 more
Caused by: org.apache.ratis.thirdparty.io.netty.channel.AbstractChannel$AnnotatedConnectException: Connection refused: /192.168.69.82:35388
	at sun.nio.ch.SocketChannelImpl.checkConnect(Native Method)
	at sun.nio.ch.SocketChannelImpl.finishConnect(SocketChannelImpl.java:717)
	at org.apache.ratis.thirdparty.io.netty.channel.socket.nio.NioSocketChannel.doFinishConnect(NioSocketChannel.java:327)
	at org.apache.ratis.thirdparty.io.netty.channel.nio.AbstractNioChannel$AbstractNioUnsafe.finishConnect(AbstractNioChannel.java:340)
	at org.apache.ratis.thirdparty.io.netty.channel.nio.NioEventLoop.processSelectedKey(NioEventLoop.java:632)
	at org.apache.ratis.thirdparty.io.netty.channel.nio.NioEventLoop.processSelectedKeysOptimized(NioEventLoop.java:579)
	at org.apache.ratis.thirdparty.io.netty.channel.nio.NioEventLoop.processSelectedKeys(NioEventLoop.java:496)
	at org.apache.ratis.thirdparty.io.netty.channel.nio.NioEventLoop.run(NioEventLoop.java:458)
	at org.apache.ratis.thirdparty.io.netty.util.concurrent.SingleThreadEventExecutor$5.run(SingleThreadEventExecutor.java:897)
	at org.apache.ratis.thirdparty.io.netty.util.concurrent.FastThreadLocalRunnable.run(FastThreadLocalRunnable.java:30)
	... 1 more
Caused by: java.net.ConnectException: Connection refused
	... 11 more
2019-10-17 05:57:22,829 [9f06b4c9-079f-4989-8935-c6be59ddc82e@group-0D1055093416-LeaderElection214] INFO  impl.LeaderElection (LogUtils.java:infoOrTrace(149)) -   Exception 1: {}
java.util.concurrent.ExecutionException: org.apache.ratis.thirdparty.io.grpc.StatusRuntimeException: UNAVAILABLE: io exception
	at java.util.concurrent.FutureTask.report(FutureTask.java:122)
	at java.util.concurrent.FutureTask.get(FutureTask.java:192)
	at org.apache.ratis.server.impl.LeaderElection.waitForResults(LeaderElection.java:259)
	at org.apache.ratis.server.impl.LeaderElection.askForVotes(LeaderElection.java:197)
	at org.apache.ratis.server.impl.LeaderElection.run(LeaderElection.java:133)
	at java.lang.Thread.run(Thread.java:748)
Caused by: org.apache.ratis.thirdparty.io.grpc.StatusRuntimeException: UNAVAILABLE: io exception
	at org.apache.ratis.thirdparty.io.grpc.stub.ClientCalls.toStatusRuntimeException(ClientCalls.java:233)
	at org.apache.ratis.thirdparty.io.grpc.stub.ClientCalls.getUnchecked(ClientCalls.java:214)
	at org.apache.ratis.thirdparty.io.grpc.stub.ClientCalls.blockingUnaryCall(ClientCalls.java:139)
	at org.apache.ratis.proto.grpc.RaftServerProtocolServiceGrpc$RaftServerProtocolServiceBlockingStub.requestVote(RaftServerProtocolServiceGrpc.java:265)
	at org.apache.ratis.grpc.server.GrpcServerProtocolClient.requestVote(GrpcServerProtocolClient.java:99)
	at org.apache.ratis.grpc.server.GrpcService.requestVote(GrpcService.java:204)
	at org.apache.ratis.server.impl.LeaderElection.lambda$submitRequests$1(LeaderElection.java:234)
	at java.util.concurrent.FutureTask.run(FutureTask.java:266)
	at java.util.concurrent.Executors$RunnableAdapter.call(Executors.java:511)
	at java.util.concurrent.FutureTask.run(FutureTask.java:266)
	at java.util.concurrent.ThreadPoolExecutor.runWorker(ThreadPoolExecutor.java:1149)
	at java.util.concurrent.ThreadPoolExecutor$Worker.run(ThreadPoolExecutor.java:624)
	... 1 more
Caused by: org.apache.ratis.thirdparty.io.netty.channel.AbstractChannel$AnnotatedConnectException: Connection refused: /192.168.69.82:42567
	at sun.nio.ch.SocketChannelImpl.checkConnect(Native Method)
	at sun.nio.ch.SocketChannelImpl.finishConnect(SocketChannelImpl.java:717)
	at org.apache.ratis.thirdparty.io.netty.channel.socket.nio.NioSocketChannel.doFinishConnect(NioSocketChannel.java:327)
	at org.apache.ratis.thirdparty.io.netty.channel.nio.AbstractNioChannel$AbstractNioUnsafe.finishConnect(AbstractNioChannel.java:340)
	at org.apache.ratis.thirdparty.io.netty.channel.nio.NioEventLoop.processSelectedKey(NioEventLoop.java:632)
	at org.apache.ratis.thirdparty.io.netty.channel.nio.NioEventLoop.processSelectedKeysOptimized(NioEventLoop.java:579)
	at org.apache.ratis.thirdparty.io.netty.channel.nio.NioEventLoop.processSelectedKeys(NioEventLoop.java:496)
	at org.apache.ratis.thirdparty.io.netty.channel.nio.NioEventLoop.run(NioEventLoop.java:458)
	at org.apache.ratis.thirdparty.io.netty.util.concurrent.SingleThreadEventExecutor$5.run(SingleThreadEventExecutor.java:897)
	at org.apache.ratis.thirdparty.io.netty.util.concurrent.FastThreadLocalRunnable.run(FastThreadLocalRunnable.java:30)
	... 1 more
Caused by: java.net.ConnectException: Connection refused
	... 11 more
2019-10-17 05:57:22,829 [9f06b4c9-079f-4989-8935-c6be59ddc82e@group-0D1055093416-LeaderElection214] INFO  impl.RaftServerImpl (RaftServerImpl.java:setRole(184)) - 9f06b4c9-079f-4989-8935-c6be59ddc82e@group-0D1055093416: changes role from CANDIDATE to FOLLOWER at term 204 for DISCOVERED_A_NEW_TERM
2019-10-17 05:57:22,830 [9f06b4c9-079f-4989-8935-c6be59ddc82e@group-0D1055093416-LeaderElection214] INFO  impl.RoleInfo (RoleInfo.java:shutdownLeaderElection(134)) - 9f06b4c9-079f-4989-8935-c6be59ddc82e: shutdown LeaderElection
2019-10-17 05:57:22,830 [9f06b4c9-079f-4989-8935-c6be59ddc82e@group-0D1055093416-LeaderElection214] INFO  impl.RoleInfo (RoleInfo.java:updateAndGet(143)) - 9f06b4c9-079f-4989-8935-c6be59ddc82e: start FollowerState
2019-10-17 05:57:23,010 [Thread-1878] INFO  impl.FollowerState (FollowerState.java:run(108)) - 9f06b4c9-079f-4989-8935-c6be59ddc82e@group-0D1055093416-FollowerState: change to CANDIDATE, lastRpcTime:180ms, electionTimeout:180ms
2019-10-17 05:57:23,010 [Thread-1878] INFO  impl.RoleInfo (RoleInfo.java:shutdownFollowerState(121)) - 9f06b4c9-079f-4989-8935-c6be59ddc82e: shutdown FollowerState
2019-10-17 05:57:23,010 [Thread-1878] INFO  impl.RaftServerImpl (RaftServerImpl.java:setRole(184)) - 9f06b4c9-079f-4989-8935-c6be59ddc82e@group-0D1055093416: changes role from  FOLLOWER to CANDIDATE at term 204 for changeToCandidate
2019-10-17 05:57:23,011 [Thread-1878] INFO  impl.RoleInfo (RoleInfo.java:updateAndGet(143)) - 9f06b4c9-079f-4989-8935-c6be59ddc82e: start LeaderElection
2019-10-17 05:57:23,025 [9f06b4c9-079f-4989-8935-c6be59ddc82e@group-0D1055093416-LeaderElection215] INFO  impl.LeaderElection (LeaderElection.java:askForVotes(178)) - 9f06b4c9-079f-4989-8935-c6be59ddc82e@group-0D1055093416-LeaderElection215: begin an election at term 205 for -1: [9f06b4c9-079f-4989-8935-c6be59ddc82e:192.168.69.82:36391, b282f9e2-3bd4-452e-9c35-1adeacc39134:192.168.69.82:42567, 3ce2c7b7-3df7-42de-af28-9ba1d65ea84e:192.168.69.82:35388], old=null
2019-10-17 05:57:23,026 [9f06b4c9-079f-4989-8935-c6be59ddc82e@group-0D1055093416-LeaderElection215] INFO  impl.LeaderElection (LogUtils.java:infoOrTrace(149)) - 9f06b4c9-079f-4989-8935-c6be59ddc82e@group-0D1055093416-LeaderElection215 got exception when requesting votes: {}
java.util.concurrent.ExecutionException: org.apache.ratis.thirdparty.io.grpc.StatusRuntimeException: UNAVAILABLE: io exception
	at java.util.concurrent.FutureTask.report(FutureTask.java:122)
	at java.util.concurrent.FutureTask.get(FutureTask.java:192)
	at org.apache.ratis.server.impl.LeaderElection.waitForResults(LeaderElection.java:259)
	at org.apache.ratis.server.impl.LeaderElection.askForVotes(LeaderElection.java:197)
	at org.apache.ratis.server.impl.LeaderElection.run(LeaderElection.java:133)
	at java.lang.Thread.run(Thread.java:748)
Caused by: org.apache.ratis.thirdparty.io.grpc.StatusRuntimeException: UNAVAILABLE: io exception
	at org.apache.ratis.thirdparty.io.grpc.stub.ClientCalls.toStatusRuntimeException(ClientCalls.java:233)
	at org.apache.ratis.thirdparty.io.grpc.stub.ClientCalls.getUnchecked(ClientCalls.java:214)
	at org.apache.ratis.thirdparty.io.grpc.stub.ClientCalls.blockingUnaryCall(ClientCalls.java:139)
	at org.apache.ratis.proto.grpc.RaftServerProtocolServiceGrpc$RaftServerProtocolServiceBlockingStub.requestVote(RaftServerProtocolServiceGrpc.java:265)
	at org.apache.ratis.grpc.server.GrpcServerProtocolClient.requestVote(GrpcServerProtocolClient.java:99)
	at org.apache.ratis.grpc.server.GrpcService.requestVote(GrpcService.java:204)
	at org.apache.ratis.server.impl.LeaderElection.lambda$submitRequests$1(LeaderElection.java:234)
	at java.util.concurrent.FutureTask.run(FutureTask.java:266)
	at java.util.concurrent.Executors$RunnableAdapter.call(Executors.java:511)
	at java.util.concurrent.FutureTask.run(FutureTask.java:266)
	at java.util.concurrent.ThreadPoolExecutor.runWorker(ThreadPoolExecutor.java:1149)
	at java.util.concurrent.ThreadPoolExecutor$Worker.run(ThreadPoolExecutor.java:624)
	... 1 more
Caused by: org.apache.ratis.thirdparty.io.netty.channel.AbstractChannel$AnnotatedConnectException: Connection refused: /192.168.69.82:42567
	at sun.nio.ch.SocketChannelImpl.checkConnect(Native Method)
	at sun.nio.ch.SocketChannelImpl.finishConnect(SocketChannelImpl.java:717)
	at org.apache.ratis.thirdparty.io.netty.channel.socket.nio.NioSocketChannel.doFinishConnect(NioSocketChannel.java:327)
	at org.apache.ratis.thirdparty.io.netty.channel.nio.AbstractNioChannel$AbstractNioUnsafe.finishConnect(AbstractNioChannel.java:340)
	at org.apache.ratis.thirdparty.io.netty.channel.nio.NioEventLoop.processSelectedKey(NioEventLoop.java:632)
	at org.apache.ratis.thirdparty.io.netty.channel.nio.NioEventLoop.processSelectedKeysOptimized(NioEventLoop.java:579)
	at org.apache.ratis.thirdparty.io.netty.channel.nio.NioEventLoop.processSelectedKeys(NioEventLoop.java:496)
	at org.apache.ratis.thirdparty.io.netty.channel.nio.NioEventLoop.run(NioEventLoop.java:458)
	at org.apache.ratis.thirdparty.io.netty.util.concurrent.SingleThreadEventExecutor$5.run(SingleThreadEventExecutor.java:897)
	at org.apache.ratis.thirdparty.io.netty.util.concurrent.FastThreadLocalRunnable.run(FastThreadLocalRunnable.java:30)
	... 1 more
Caused by: java.net.ConnectException: Connection refused
	... 11 more
2019-10-17 05:57:23,027 [9f06b4c9-079f-4989-8935-c6be59ddc82e@group-0D1055093416-LeaderElection215] INFO  impl.LeaderElection (LogUtils.java:infoOrTrace(149)) - 9f06b4c9-079f-4989-8935-c6be59ddc82e@group-0D1055093416-LeaderElection215 got exception when requesting votes: {}
java.util.concurrent.ExecutionException: org.apache.ratis.thirdparty.io.grpc.StatusRuntimeException: UNAVAILABLE: io exception
	at java.util.concurrent.FutureTask.report(FutureTask.java:122)
	at java.util.concurrent.FutureTask.get(FutureTask.java:192)
	at org.apache.ratis.server.impl.LeaderElection.waitForResults(LeaderElection.java:259)
	at org.apache.ratis.server.impl.LeaderElection.askForVotes(LeaderElection.java:197)
	at org.apache.ratis.server.impl.LeaderElection.run(LeaderElection.java:133)
	at java.lang.Thread.run(Thread.java:748)
Caused by: org.apache.ratis.thirdparty.io.grpc.StatusRuntimeException: UNAVAILABLE: io exception
	at org.apache.ratis.thirdparty.io.grpc.stub.ClientCalls.toStatusRuntimeException(ClientCalls.java:233)
	at org.apache.ratis.thirdparty.io.grpc.stub.ClientCalls.getUnchecked(ClientCalls.java:214)
	at org.apache.ratis.thirdparty.io.grpc.stub.ClientCalls.blockingUnaryCall(ClientCalls.java:139)
	at org.apache.ratis.proto.grpc.RaftServerProtocolServiceGrpc$RaftServerProtocolServiceBlockingStub.requestVote(RaftServerProtocolServiceGrpc.java:265)
	at org.apache.ratis.grpc.server.GrpcServerProtocolClient.requestVote(GrpcServerProtocolClient.java:99)
	at org.apache.ratis.grpc.server.GrpcService.requestVote(GrpcService.java:204)
	at org.apache.ratis.server.impl.LeaderElection.lambda$submitRequests$1(LeaderElection.java:234)
	at java.util.concurrent.FutureTask.run(FutureTask.java:266)
	at java.util.concurrent.Executors$RunnableAdapter.call(Executors.java:511)
	at java.util.concurrent.FutureTask.run(FutureTask.java:266)
	at java.util.concurrent.ThreadPoolExecutor.runWorker(ThreadPoolExecutor.java:1149)
	at java.util.concurrent.ThreadPoolExecutor$Worker.run(ThreadPoolExecutor.java:624)
	... 1 more
Caused by: org.apache.ratis.thirdparty.io.netty.channel.AbstractChannel$AnnotatedConnectException: Connection refused: /192.168.69.82:35388
	at sun.nio.ch.SocketChannelImpl.checkConnect(Native Method)
	at sun.nio.ch.SocketChannelImpl.finishConnect(SocketChannelImpl.java:717)
	at org.apache.ratis.thirdparty.io.netty.channel.socket.nio.NioSocketChannel.doFinishConnect(NioSocketChannel.java:327)
	at org.apache.ratis.thirdparty.io.netty.channel.nio.AbstractNioChannel$AbstractNioUnsafe.finishConnect(AbstractNioChannel.java:340)
	at org.apache.ratis.thirdparty.io.netty.channel.nio.NioEventLoop.processSelectedKey(NioEventLoop.java:632)
	at org.apache.ratis.thirdparty.io.netty.channel.nio.NioEventLoop.processSelectedKeysOptimized(NioEventLoop.java:579)
	at org.apache.ratis.thirdparty.io.netty.channel.nio.NioEventLoop.processSelectedKeys(NioEventLoop.java:496)
	at org.apache.ratis.thirdparty.io.netty.channel.nio.NioEventLoop.run(NioEventLoop.java:458)
	at org.apache.ratis.thirdparty.io.netty.util.concurrent.SingleThreadEventExecutor$5.run(SingleThreadEventExecutor.java:897)
	at org.apache.ratis.thirdparty.io.netty.util.concurrent.FastThreadLocalRunnable.run(FastThreadLocalRunnable.java:30)
	... 1 more
Caused by: java.net.ConnectException: Connection refused
	... 11 more
2019-10-17 05:57:23,028 [9f06b4c9-079f-4989-8935-c6be59ddc82e@group-0D1055093416-LeaderElection215] INFO  impl.LeaderElection (LeaderElection.java:logAndReturn(56)) - 9f06b4c9-079f-4989-8935-c6be59ddc82e@group-0D1055093416-LeaderElection215: Election REJECTED; received 0 response(s) [] and 2 exception(s); 9f06b4c9-079f-4989-8935-c6be59ddc82e@group-0D1055093416:t205, leader=null, voted=9f06b4c9-079f-4989-8935-c6be59ddc82e, raftlog=9f06b4c9-079f-4989-8935-c6be59ddc82e@group-0D1055093416-SegmentedRaftLog:OPENED:c-1,f-1,i0, conf=-1: [9f06b4c9-079f-4989-8935-c6be59ddc82e:192.168.69.82:36391, b282f9e2-3bd4-452e-9c35-1adeacc39134:192.168.69.82:42567, 3ce2c7b7-3df7-42de-af28-9ba1d65ea84e:192.168.69.82:35388], old=null
2019-10-17 05:57:23,028 [9f06b4c9-079f-4989-8935-c6be59ddc82e@group-0D1055093416-LeaderElection215] INFO  impl.LeaderElection (LogUtils.java:infoOrTrace(149)) -   Exception 0: {}
java.util.concurrent.ExecutionException: org.apache.ratis.thirdparty.io.grpc.StatusRuntimeException: UNAVAILABLE: io exception
	at java.util.concurrent.FutureTask.report(FutureTask.java:122)
	at java.util.concurrent.FutureTask.get(FutureTask.java:192)
	at org.apache.ratis.server.impl.LeaderElection.waitForResults(LeaderElection.java:259)
	at org.apache.ratis.server.impl.LeaderElection.askForVotes(LeaderElection.java:197)
	at org.apache.ratis.server.impl.LeaderElection.run(LeaderElection.java:133)
	at java.lang.Thread.run(Thread.java:748)
Caused by: org.apache.ratis.thirdparty.io.grpc.StatusRuntimeException: UNAVAILABLE: io exception
	at org.apache.ratis.thirdparty.io.grpc.stub.ClientCalls.toStatusRuntimeException(ClientCalls.java:233)
	at org.apache.ratis.thirdparty.io.grpc.stub.ClientCalls.getUnchecked(ClientCalls.java:214)
	at org.apache.ratis.thirdparty.io.grpc.stub.ClientCalls.blockingUnaryCall(ClientCalls.java:139)
	at org.apache.ratis.proto.grpc.RaftServerProtocolServiceGrpc$RaftServerProtocolServiceBlockingStub.requestVote(RaftServerProtocolServiceGrpc.java:265)
	at org.apache.ratis.grpc.server.GrpcServerProtocolClient.requestVote(GrpcServerProtocolClient.java:99)
	at org.apache.ratis.grpc.server.GrpcService.requestVote(GrpcService.java:204)
	at org.apache.ratis.server.impl.LeaderElection.lambda$submitRequests$1(LeaderElection.java:234)
	at java.util.concurrent.FutureTask.run(FutureTask.java:266)
	at java.util.concurrent.Executors$RunnableAdapter.call(Executors.java:511)
	at java.util.concurrent.FutureTask.run(FutureTask.java:266)
	at java.util.concurrent.ThreadPoolExecutor.runWorker(ThreadPoolExecutor.java:1149)
	at java.util.concurrent.ThreadPoolExecutor$Worker.run(ThreadPoolExecutor.java:624)
	... 1 more
Caused by: org.apache.ratis.thirdparty.io.netty.channel.AbstractChannel$AnnotatedConnectException: Connection refused: /192.168.69.82:42567
	at sun.nio.ch.SocketChannelImpl.checkConnect(Native Method)
	at sun.nio.ch.SocketChannelImpl.finishConnect(SocketChannelImpl.java:717)
	at org.apache.ratis.thirdparty.io.netty.channel.socket.nio.NioSocketChannel.doFinishConnect(NioSocketChannel.java:327)
	at org.apache.ratis.thirdparty.io.netty.channel.nio.AbstractNioChannel$AbstractNioUnsafe.finishConnect(AbstractNioChannel.java:340)
	at org.apache.ratis.thirdparty.io.netty.channel.nio.NioEventLoop.processSelectedKey(NioEventLoop.java:632)
	at org.apache.ratis.thirdparty.io.netty.channel.nio.NioEventLoop.processSelectedKeysOptimized(NioEventLoop.java:579)
	at org.apache.ratis.thirdparty.io.netty.channel.nio.NioEventLoop.processSelectedKeys(NioEventLoop.java:496)
	at org.apache.ratis.thirdparty.io.netty.channel.nio.NioEventLoop.run(NioEventLoop.java:458)
	at org.apache.ratis.thirdparty.io.netty.util.concurrent.SingleThreadEventExecutor$5.run(SingleThreadEventExecutor.java:897)
	at org.apache.ratis.thirdparty.io.netty.util.concurrent.FastThreadLocalRunnable.run(FastThreadLocalRunnable.java:30)
	... 1 more
Caused by: java.net.ConnectException: Connection refused
	... 11 more
2019-10-17 05:57:23,029 [9f06b4c9-079f-4989-8935-c6be59ddc82e@group-0D1055093416-LeaderElection215] INFO  impl.LeaderElection (LogUtils.java:infoOrTrace(149)) -   Exception 1: {}
java.util.concurrent.ExecutionException: org.apache.ratis.thirdparty.io.grpc.StatusRuntimeException: UNAVAILABLE: io exception
	at java.util.concurrent.FutureTask.report(FutureTask.java:122)
	at java.util.concurrent.FutureTask.get(FutureTask.java:192)
	at org.apache.ratis.server.impl.LeaderElection.waitForResults(LeaderElection.java:259)
	at org.apache.ratis.server.impl.LeaderElection.askForVotes(LeaderElection.java:197)
	at org.apache.ratis.server.impl.LeaderElection.run(LeaderElection.java:133)
	at java.lang.Thread.run(Thread.java:748)
Caused by: org.apache.ratis.thirdparty.io.grpc.StatusRuntimeException: UNAVAILABLE: io exception
	at org.apache.ratis.thirdparty.io.grpc.stub.ClientCalls.toStatusRuntimeException(ClientCalls.java:233)
	at org.apache.ratis.thirdparty.io.grpc.stub.ClientCalls.getUnchecked(ClientCalls.java:214)
	at org.apache.ratis.thirdparty.io.grpc.stub.ClientCalls.blockingUnaryCall(ClientCalls.java:139)
	at org.apache.ratis.proto.grpc.RaftServerProtocolServiceGrpc$RaftServerProtocolServiceBlockingStub.requestVote(RaftServerProtocolServiceGrpc.java:265)
	at org.apache.ratis.grpc.server.GrpcServerProtocolClient.requestVote(GrpcServerProtocolClient.java:99)
	at org.apache.ratis.grpc.server.GrpcService.requestVote(GrpcService.java:204)
	at org.apache.ratis.server.impl.LeaderElection.lambda$submitRequests$1(LeaderElection.java:234)
	at java.util.concurrent.FutureTask.run(FutureTask.java:266)
	at java.util.concurrent.Executors$RunnableAdapter.call(Executors.java:511)
	at java.util.concurrent.FutureTask.run(FutureTask.java:266)
	at java.util.concurrent.ThreadPoolExecutor.runWorker(ThreadPoolExecutor.java:1149)
	at java.util.concurrent.ThreadPoolExecutor$Worker.run(ThreadPoolExecutor.java:624)
	... 1 more
Caused by: org.apache.ratis.thirdparty.io.netty.channel.AbstractChannel$AnnotatedConnectException: Connection refused: /192.168.69.82:35388
	at sun.nio.ch.SocketChannelImpl.checkConnect(Native Method)
	at sun.nio.ch.SocketChannelImpl.finishConnect(SocketChannelImpl.java:717)
	at org.apache.ratis.thirdparty.io.netty.channel.socket.nio.NioSocketChannel.doFinishConnect(NioSocketChannel.java:327)
	at org.apache.ratis.thirdparty.io.netty.channel.nio.AbstractNioChannel$AbstractNioUnsafe.finishConnect(AbstractNioChannel.java:340)
	at org.apache.ratis.thirdparty.io.netty.channel.nio.NioEventLoop.processSelectedKey(NioEventLoop.java:632)
	at org.apache.ratis.thirdparty.io.netty.channel.nio.NioEventLoop.processSelectedKeysOptimized(NioEventLoop.java:579)
	at org.apache.ratis.thirdparty.io.netty.channel.nio.NioEventLoop.processSelectedKeys(NioEventLoop.java:496)
	at org.apache.ratis.thirdparty.io.netty.channel.nio.NioEventLoop.run(NioEventLoop.java:458)
	at org.apache.ratis.thirdparty.io.netty.util.concurrent.SingleThreadEventExecutor$5.run(SingleThreadEventExecutor.java:897)
	at org.apache.ratis.thirdparty.io.netty.util.concurrent.FastThreadLocalRunnable.run(FastThreadLocalRunnable.java:30)
	... 1 more
Caused by: java.net.ConnectException: Connection refused
	... 11 more
2019-10-17 05:57:23,029 [9f06b4c9-079f-4989-8935-c6be59ddc82e@group-0D1055093416-LeaderElection215] INFO  impl.RaftServerImpl (RaftServerImpl.java:setRole(184)) - 9f06b4c9-079f-4989-8935-c6be59ddc82e@group-0D1055093416: changes role from CANDIDATE to FOLLOWER at term 205 for DISCOVERED_A_NEW_TERM
2019-10-17 05:57:23,029 [9f06b4c9-079f-4989-8935-c6be59ddc82e@group-0D1055093416-LeaderElection215] INFO  impl.RoleInfo (RoleInfo.java:shutdownLeaderElection(134)) - 9f06b4c9-079f-4989-8935-c6be59ddc82e: shutdown LeaderElection
2019-10-17 05:57:23,030 [9f06b4c9-079f-4989-8935-c6be59ddc82e@group-0D1055093416-LeaderElection215] INFO  impl.RoleInfo (RoleInfo.java:updateAndGet(143)) - 9f06b4c9-079f-4989-8935-c6be59ddc82e: start FollowerState
2019-10-17 05:57:23,112 [Thread-1884] INFO  impl.FollowerState (FollowerState.java:run(108)) - 9f06b4c9-079f-4989-8935-c6be59ddc82e@group-0D1055093416-FollowerState: change to CANDIDATE, lastRpcTime:82ms, electionTimeout:82ms
2019-10-17 05:57:23,112 [Thread-1884] INFO  impl.RoleInfo (RoleInfo.java:shutdownFollowerState(121)) - 9f06b4c9-079f-4989-8935-c6be59ddc82e: shutdown FollowerState
2019-10-17 05:57:23,112 [Thread-1884] INFO  impl.RaftServerImpl (RaftServerImpl.java:setRole(184)) - 9f06b4c9-079f-4989-8935-c6be59ddc82e@group-0D1055093416: changes role from  FOLLOWER to CANDIDATE at term 205 for changeToCandidate
2019-10-17 05:57:23,112 [Thread-1884] INFO  impl.RoleInfo (RoleInfo.java:updateAndGet(143)) - 9f06b4c9-079f-4989-8935-c6be59ddc82e: start LeaderElection
2019-10-17 05:57:23,126 [9f06b4c9-079f-4989-8935-c6be59ddc82e@group-0D1055093416-LeaderElection216] INFO  impl.LeaderElection (LeaderElection.java:askForVotes(178)) - 9f06b4c9-079f-4989-8935-c6be59ddc82e@group-0D1055093416-LeaderElection216: begin an election at term 206 for -1: [9f06b4c9-079f-4989-8935-c6be59ddc82e:192.168.69.82:36391, b282f9e2-3bd4-452e-9c35-1adeacc39134:192.168.69.82:42567, 3ce2c7b7-3df7-42de-af28-9ba1d65ea84e:192.168.69.82:35388], old=null
2019-10-17 05:57:23,127 [9f06b4c9-079f-4989-8935-c6be59ddc82e@group-0D1055093416-LeaderElection216] INFO  impl.LeaderElection (LogUtils.java:infoOrTrace(149)) - 9f06b4c9-079f-4989-8935-c6be59ddc82e@group-0D1055093416-LeaderElection216 got exception when requesting votes: {}
java.util.concurrent.ExecutionException: org.apache.ratis.thirdparty.io.grpc.StatusRuntimeException: UNAVAILABLE: io exception
	at java.util.concurrent.FutureTask.report(FutureTask.java:122)
	at java.util.concurrent.FutureTask.get(FutureTask.java:192)
	at org.apache.ratis.server.impl.LeaderElection.waitForResults(LeaderElection.java:259)
	at org.apache.ratis.server.impl.LeaderElection.askForVotes(LeaderElection.java:197)
	at org.apache.ratis.server.impl.LeaderElection.run(LeaderElection.java:133)
	at java.lang.Thread.run(Thread.java:748)
Caused by: org.apache.ratis.thirdparty.io.grpc.StatusRuntimeException: UNAVAILABLE: io exception
	at org.apache.ratis.thirdparty.io.grpc.stub.ClientCalls.toStatusRuntimeException(ClientCalls.java:233)
	at org.apache.ratis.thirdparty.io.grpc.stub.ClientCalls.getUnchecked(ClientCalls.java:214)
	at org.apache.ratis.thirdparty.io.grpc.stub.ClientCalls.blockingUnaryCall(ClientCalls.java:139)
	at org.apache.ratis.proto.grpc.RaftServerProtocolServiceGrpc$RaftServerProtocolServiceBlockingStub.requestVote(RaftServerProtocolServiceGrpc.java:265)
	at org.apache.ratis.grpc.server.GrpcServerProtocolClient.requestVote(GrpcServerProtocolClient.java:99)
	at org.apache.ratis.grpc.server.GrpcService.requestVote(GrpcService.java:204)
	at org.apache.ratis.server.impl.LeaderElection.lambda$submitRequests$1(LeaderElection.java:234)
	at java.util.concurrent.FutureTask.run(FutureTask.java:266)
	at java.util.concurrent.Executors$RunnableAdapter.call(Executors.java:511)
	at java.util.concurrent.FutureTask.run(FutureTask.java:266)
	at java.util.concurrent.ThreadPoolExecutor.runWorker(ThreadPoolExecutor.java:1149)
	at java.util.concurrent.ThreadPoolExecutor$Worker.run(ThreadPoolExecutor.java:624)
	... 1 more
Caused by: org.apache.ratis.thirdparty.io.netty.channel.AbstractChannel$AnnotatedConnectException: Connection refused: /192.168.69.82:42567
	at sun.nio.ch.SocketChannelImpl.checkConnect(Native Method)
	at sun.nio.ch.SocketChannelImpl.finishConnect(SocketChannelImpl.java:717)
	at org.apache.ratis.thirdparty.io.netty.channel.socket.nio.NioSocketChannel.doFinishConnect(NioSocketChannel.java:327)
	at org.apache.ratis.thirdparty.io.netty.channel.nio.AbstractNioChannel$AbstractNioUnsafe.finishConnect(AbstractNioChannel.java:340)
	at org.apache.ratis.thirdparty.io.netty.channel.nio.NioEventLoop.processSelectedKey(NioEventLoop.java:632)
	at org.apache.ratis.thirdparty.io.netty.channel.nio.NioEventLoop.processSelectedKeysOptimized(NioEventLoop.java:579)
	at org.apache.ratis.thirdparty.io.netty.channel.nio.NioEventLoop.processSelectedKeys(NioEventLoop.java:496)
	at org.apache.ratis.thirdparty.io.netty.channel.nio.NioEventLoop.run(NioEventLoop.java:458)
	at org.apache.ratis.thirdparty.io.netty.util.concurrent.SingleThreadEventExecutor$5.run(SingleThreadEventExecutor.java:897)
	at org.apache.ratis.thirdparty.io.netty.util.concurrent.FastThreadLocalRunnable.run(FastThreadLocalRunnable.java:30)
	... 1 more
Caused by: java.net.ConnectException: Connection refused
	... 11 more
2019-10-17 05:57:23,128 [9f06b4c9-079f-4989-8935-c6be59ddc82e@group-0D1055093416-LeaderElection216] INFO  impl.LeaderElection (LogUtils.java:infoOrTrace(149)) - 9f06b4c9-079f-4989-8935-c6be59ddc82e@group-0D1055093416-LeaderElection216 got exception when requesting votes: {}
java.util.concurrent.ExecutionException: org.apache.ratis.thirdparty.io.grpc.StatusRuntimeException: UNAVAILABLE: io exception
	at java.util.concurrent.FutureTask.report(FutureTask.java:122)
	at java.util.concurrent.FutureTask.get(FutureTask.java:192)
	at org.apache.ratis.server.impl.LeaderElection.waitForResults(LeaderElection.java:259)
	at org.apache.ratis.server.impl.LeaderElection.askForVotes(LeaderElection.java:197)
	at org.apache.ratis.server.impl.LeaderElection.run(LeaderElection.java:133)
	at java.lang.Thread.run(Thread.java:748)
Caused by: org.apache.ratis.thirdparty.io.grpc.StatusRuntimeException: UNAVAILABLE: io exception
	at org.apache.ratis.thirdparty.io.grpc.stub.ClientCalls.toStatusRuntimeException(ClientCalls.java:233)
	at org.apache.ratis.thirdparty.io.grpc.stub.ClientCalls.getUnchecked(ClientCalls.java:214)
	at org.apache.ratis.thirdparty.io.grpc.stub.ClientCalls.blockingUnaryCall(ClientCalls.java:139)
	at org.apache.ratis.proto.grpc.RaftServerProtocolServiceGrpc$RaftServerProtocolServiceBlockingStub.requestVote(RaftServerProtocolServiceGrpc.java:265)
	at org.apache.ratis.grpc.server.GrpcServerProtocolClient.requestVote(GrpcServerProtocolClient.java:99)
	at org.apache.ratis.grpc.server.GrpcService.requestVote(GrpcService.java:204)
	at org.apache.ratis.server.impl.LeaderElection.lambda$submitRequests$1(LeaderElection.java:234)
	at java.util.concurrent.FutureTask.run(FutureTask.java:266)
	at java.util.concurrent.Executors$RunnableAdapter.call(Executors.java:511)
	at java.util.concurrent.FutureTask.run(FutureTask.java:266)
	at java.util.concurrent.ThreadPoolExecutor.runWorker(ThreadPoolExecutor.java:1149)
	at java.util.concurrent.ThreadPoolExecutor$Worker.run(ThreadPoolExecutor.java:624)
	... 1 more
Caused by: org.apache.ratis.thirdparty.io.netty.channel.AbstractChannel$AnnotatedConnectException: Connection refused: /192.168.69.82:35388
	at sun.nio.ch.SocketChannelImpl.checkConnect(Native Method)
	at sun.nio.ch.SocketChannelImpl.finishConnect(SocketChannelImpl.java:717)
	at org.apache.ratis.thirdparty.io.netty.channel.socket.nio.NioSocketChannel.doFinishConnect(NioSocketChannel.java:327)
	at org.apache.ratis.thirdparty.io.netty.channel.nio.AbstractNioChannel$AbstractNioUnsafe.finishConnect(AbstractNioChannel.java:340)
	at org.apache.ratis.thirdparty.io.netty.channel.nio.NioEventLoop.processSelectedKey(NioEventLoop.java:632)
	at org.apache.ratis.thirdparty.io.netty.channel.nio.NioEventLoop.processSelectedKeysOptimized(NioEventLoop.java:579)
	at org.apache.ratis.thirdparty.io.netty.channel.nio.NioEventLoop.processSelectedKeys(NioEventLoop.java:496)
	at org.apache.ratis.thirdparty.io.netty.channel.nio.NioEventLoop.run(NioEventLoop.java:458)
	at org.apache.ratis.thirdparty.io.netty.util.concurrent.SingleThreadEventExecutor$5.run(SingleThreadEventExecutor.java:897)
	at org.apache.ratis.thirdparty.io.netty.util.concurrent.FastThreadLocalRunnable.run(FastThreadLocalRunnable.java:30)
	... 1 more
Caused by: java.net.ConnectException: Connection refused
	... 11 more
2019-10-17 05:57:23,129 [9f06b4c9-079f-4989-8935-c6be59ddc82e@group-0D1055093416-LeaderElection216] INFO  impl.LeaderElection (LeaderElection.java:logAndReturn(56)) - 9f06b4c9-079f-4989-8935-c6be59ddc82e@group-0D1055093416-LeaderElection216: Election REJECTED; received 0 response(s) [] and 2 exception(s); 9f06b4c9-079f-4989-8935-c6be59ddc82e@group-0D1055093416:t206, leader=null, voted=9f06b4c9-079f-4989-8935-c6be59ddc82e, raftlog=9f06b4c9-079f-4989-8935-c6be59ddc82e@group-0D1055093416-SegmentedRaftLog:OPENED:c-1,f-1,i0, conf=-1: [9f06b4c9-079f-4989-8935-c6be59ddc82e:192.168.69.82:36391, b282f9e2-3bd4-452e-9c35-1adeacc39134:192.168.69.82:42567, 3ce2c7b7-3df7-42de-af28-9ba1d65ea84e:192.168.69.82:35388], old=null
2019-10-17 05:57:23,129 [9f06b4c9-079f-4989-8935-c6be59ddc82e@group-0D1055093416-LeaderElection216] INFO  impl.LeaderElection (LogUtils.java:infoOrTrace(149)) -   Exception 0: {}
java.util.concurrent.ExecutionException: org.apache.ratis.thirdparty.io.grpc.StatusRuntimeException: UNAVAILABLE: io exception
	at java.util.concurrent.FutureTask.report(FutureTask.java:122)
	at java.util.concurrent.FutureTask.get(FutureTask.java:192)
	at org.apache.ratis.server.impl.LeaderElection.waitForResults(LeaderElection.java:259)
	at org.apache.ratis.server.impl.LeaderElection.askForVotes(LeaderElection.java:197)
	at org.apache.ratis.server.impl.LeaderElection.run(LeaderElection.java:133)
	at java.lang.Thread.run(Thread.java:748)
Caused by: org.apache.ratis.thirdparty.io.grpc.StatusRuntimeException: UNAVAILABLE: io exception
	at org.apache.ratis.thirdparty.io.grpc.stub.ClientCalls.toStatusRuntimeException(ClientCalls.java:233)
	at org.apache.ratis.thirdparty.io.grpc.stub.ClientCalls.getUnchecked(ClientCalls.java:214)
	at org.apache.ratis.thirdparty.io.grpc.stub.ClientCalls.blockingUnaryCall(ClientCalls.java:139)
	at org.apache.ratis.proto.grpc.RaftServerProtocolServiceGrpc$RaftServerProtocolServiceBlockingStub.requestVote(RaftServerProtocolServiceGrpc.java:265)
	at org.apache.ratis.grpc.server.GrpcServerProtocolClient.requestVote(GrpcServerProtocolClient.java:99)
	at org.apache.ratis.grpc.server.GrpcService.requestVote(GrpcService.java:204)
	at org.apache.ratis.server.impl.LeaderElection.lambda$submitRequests$1(LeaderElection.java:234)
	at java.util.concurrent.FutureTask.run(FutureTask.java:266)
	at java.util.concurrent.Executors$RunnableAdapter.call(Executors.java:511)
	at java.util.concurrent.FutureTask.run(FutureTask.java:266)
	at java.util.concurrent.ThreadPoolExecutor.runWorker(ThreadPoolExecutor.java:1149)
	at java.util.concurrent.ThreadPoolExecutor$Worker.run(ThreadPoolExecutor.java:624)
	... 1 more
Caused by: org.apache.ratis.thirdparty.io.netty.channel.AbstractChannel$AnnotatedConnectException: Connection refused: /192.168.69.82:42567
	at sun.nio.ch.SocketChannelImpl.checkConnect(Native Method)
	at sun.nio.ch.SocketChannelImpl.finishConnect(SocketChannelImpl.java:717)
	at org.apache.ratis.thirdparty.io.netty.channel.socket.nio.NioSocketChannel.doFinishConnect(NioSocketChannel.java:327)
	at org.apache.ratis.thirdparty.io.netty.channel.nio.AbstractNioChannel$AbstractNioUnsafe.finishConnect(AbstractNioChannel.java:340)
	at org.apache.ratis.thirdparty.io.netty.channel.nio.NioEventLoop.processSelectedKey(NioEventLoop.java:632)
	at org.apache.ratis.thirdparty.io.netty.channel.nio.NioEventLoop.processSelectedKeysOptimized(NioEventLoop.java:579)
	at org.apache.ratis.thirdparty.io.netty.channel.nio.NioEventLoop.processSelectedKeys(NioEventLoop.java:496)
	at org.apache.ratis.thirdparty.io.netty.channel.nio.NioEventLoop.run(NioEventLoop.java:458)
	at org.apache.ratis.thirdparty.io.netty.util.concurrent.SingleThreadEventExecutor$5.run(SingleThreadEventExecutor.java:897)
	at org.apache.ratis.thirdparty.io.netty.util.concurrent.FastThreadLocalRunnable.run(FastThreadLocalRunnable.java:30)
	... 1 more
Caused by: java.net.ConnectException: Connection refused
	... 11 more
2019-10-17 05:57:23,129 [9f06b4c9-079f-4989-8935-c6be59ddc82e@group-0D1055093416-LeaderElection216] INFO  impl.LeaderElection (LogUtils.java:infoOrTrace(149)) -   Exception 1: {}
java.util.concurrent.ExecutionException: org.apache.ratis.thirdparty.io.grpc.StatusRuntimeException: UNAVAILABLE: io exception
	at java.util.concurrent.FutureTask.report(FutureTask.java:122)
	at java.util.concurrent.FutureTask.get(FutureTask.java:192)
	at org.apache.ratis.server.impl.LeaderElection.waitForResults(LeaderElection.java:259)
	at org.apache.ratis.server.impl.LeaderElection.askForVotes(LeaderElection.java:197)
	at org.apache.ratis.server.impl.LeaderElection.run(LeaderElection.java:133)
	at java.lang.Thread.run(Thread.java:748)
Caused by: org.apache.ratis.thirdparty.io.grpc.StatusRuntimeException: UNAVAILABLE: io exception
	at org.apache.ratis.thirdparty.io.grpc.stub.ClientCalls.toStatusRuntimeException(ClientCalls.java:233)
	at org.apache.ratis.thirdparty.io.grpc.stub.ClientCalls.getUnchecked(ClientCalls.java:214)
	at org.apache.ratis.thirdparty.io.grpc.stub.ClientCalls.blockingUnaryCall(ClientCalls.java:139)
	at org.apache.ratis.proto.grpc.RaftServerProtocolServiceGrpc$RaftServerProtocolServiceBlockingStub.requestVote(RaftServerProtocolServiceGrpc.java:265)
	at org.apache.ratis.grpc.server.GrpcServerProtocolClient.requestVote(GrpcServerProtocolClient.java:99)
	at org.apache.ratis.grpc.server.GrpcService.requestVote(GrpcService.java:204)
	at org.apache.ratis.server.impl.LeaderElection.lambda$submitRequests$1(LeaderElection.java:234)
	at java.util.concurrent.FutureTask.run(FutureTask.java:266)
	at java.util.concurrent.Executors$RunnableAdapter.call(Executors.java:511)
	at java.util.concurrent.FutureTask.run(FutureTask.java:266)
	at java.util.concurrent.ThreadPoolExecutor.runWorker(ThreadPoolExecutor.java:1149)
	at java.util.concurrent.ThreadPoolExecutor$Worker.run(ThreadPoolExecutor.java:624)
	... 1 more
Caused by: org.apache.ratis.thirdparty.io.netty.channel.AbstractChannel$AnnotatedConnectException: Connection refused: /192.168.69.82:35388
	at sun.nio.ch.SocketChannelImpl.checkConnect(Native Method)
	at sun.nio.ch.SocketChannelImpl.finishConnect(SocketChannelImpl.java:717)
	at org.apache.ratis.thirdparty.io.netty.channel.socket.nio.NioSocketChannel.doFinishConnect(NioSocketChannel.java:327)
	at org.apache.ratis.thirdparty.io.netty.channel.nio.AbstractNioChannel$AbstractNioUnsafe.finishConnect(AbstractNioChannel.java:340)
	at org.apache.ratis.thirdparty.io.netty.channel.nio.NioEventLoop.processSelectedKey(NioEventLoop.java:632)
	at org.apache.ratis.thirdparty.io.netty.channel.nio.NioEventLoop.processSelectedKeysOptimized(NioEventLoop.java:579)
	at org.apache.ratis.thirdparty.io.netty.channel.nio.NioEventLoop.processSelectedKeys(NioEventLoop.java:496)
	at org.apache.ratis.thirdparty.io.netty.channel.nio.NioEventLoop.run(NioEventLoop.java:458)
	at org.apache.ratis.thirdparty.io.netty.util.concurrent.SingleThreadEventExecutor$5.run(SingleThreadEventExecutor.java:897)
	at org.apache.ratis.thirdparty.io.netty.util.concurrent.FastThreadLocalRunnable.run(FastThreadLocalRunnable.java:30)
	... 1 more
Caused by: java.net.ConnectException: Connection refused
	... 11 more
2019-10-17 05:57:23,130 [9f06b4c9-079f-4989-8935-c6be59ddc82e@group-0D1055093416-LeaderElection216] INFO  impl.RaftServerImpl (RaftServerImpl.java:setRole(184)) - 9f06b4c9-079f-4989-8935-c6be59ddc82e@group-0D1055093416: changes role from CANDIDATE to FOLLOWER at term 206 for DISCOVERED_A_NEW_TERM
2019-10-17 05:57:23,130 [9f06b4c9-079f-4989-8935-c6be59ddc82e@group-0D1055093416-LeaderElection216] INFO  impl.RoleInfo (RoleInfo.java:shutdownLeaderElection(134)) - 9f06b4c9-079f-4989-8935-c6be59ddc82e: shutdown LeaderElection
2019-10-17 05:57:23,130 [9f06b4c9-079f-4989-8935-c6be59ddc82e@group-0D1055093416-LeaderElection216] INFO  impl.RoleInfo (RoleInfo.java:updateAndGet(143)) - 9f06b4c9-079f-4989-8935-c6be59ddc82e: start FollowerState
2019-10-17 05:57:23,218 [Thread-1888] INFO  impl.FollowerState (FollowerState.java:run(108)) - 9f06b4c9-079f-4989-8935-c6be59ddc82e@group-0D1055093416-FollowerState: change to CANDIDATE, lastRpcTime:87ms, electionTimeout:87ms
2019-10-17 05:57:23,218 [Thread-1888] INFO  impl.RoleInfo (RoleInfo.java:shutdownFollowerState(121)) - 9f06b4c9-079f-4989-8935-c6be59ddc82e: shutdown FollowerState
2019-10-17 05:57:23,218 [Thread-1888] INFO  impl.RaftServerImpl (RaftServerImpl.java:setRole(184)) - 9f06b4c9-079f-4989-8935-c6be59ddc82e@group-0D1055093416: changes role from  FOLLOWER to CANDIDATE at term 206 for changeToCandidate
2019-10-17 05:57:23,218 [Thread-1888] INFO  impl.RoleInfo (RoleInfo.java:updateAndGet(143)) - 9f06b4c9-079f-4989-8935-c6be59ddc82e: start LeaderElection
2019-10-17 05:57:23,233 [9f06b4c9-079f-4989-8935-c6be59ddc82e@group-0D1055093416-LeaderElection217] INFO  impl.LeaderElection (LeaderElection.java:askForVotes(178)) - 9f06b4c9-079f-4989-8935-c6be59ddc82e@group-0D1055093416-LeaderElection217: begin an election at term 207 for -1: [9f06b4c9-079f-4989-8935-c6be59ddc82e:192.168.69.82:36391, b282f9e2-3bd4-452e-9c35-1adeacc39134:192.168.69.82:42567, 3ce2c7b7-3df7-42de-af28-9ba1d65ea84e:192.168.69.82:35388], old=null
2019-10-17 05:57:23,234 [9f06b4c9-079f-4989-8935-c6be59ddc82e@group-0D1055093416-LeaderElection217] INFO  impl.LeaderElection (LogUtils.java:infoOrTrace(149)) - 9f06b4c9-079f-4989-8935-c6be59ddc82e@group-0D1055093416-LeaderElection217 got exception when requesting votes: {}
java.util.concurrent.ExecutionException: org.apache.ratis.thirdparty.io.grpc.StatusRuntimeException: UNAVAILABLE: io exception
	at java.util.concurrent.FutureTask.report(FutureTask.java:122)
	at java.util.concurrent.FutureTask.get(FutureTask.java:192)
	at org.apache.ratis.server.impl.LeaderElection.waitForResults(LeaderElection.java:259)
	at org.apache.ratis.server.impl.LeaderElection.askForVotes(LeaderElection.java:197)
	at org.apache.ratis.server.impl.LeaderElection.run(LeaderElection.java:133)
	at java.lang.Thread.run(Thread.java:748)
Caused by: org.apache.ratis.thirdparty.io.grpc.StatusRuntimeException: UNAVAILABLE: io exception
	at org.apache.ratis.thirdparty.io.grpc.stub.ClientCalls.toStatusRuntimeException(ClientCalls.java:233)
	at org.apache.ratis.thirdparty.io.grpc.stub.ClientCalls.getUnchecked(ClientCalls.java:214)
	at org.apache.ratis.thirdparty.io.grpc.stub.ClientCalls.blockingUnaryCall(ClientCalls.java:139)
	at org.apache.ratis.proto.grpc.RaftServerProtocolServiceGrpc$RaftServerProtocolServiceBlockingStub.requestVote(RaftServerProtocolServiceGrpc.java:265)
	at org.apache.ratis.grpc.server.GrpcServerProtocolClient.requestVote(GrpcServerProtocolClient.java:99)
	at org.apache.ratis.grpc.server.GrpcService.requestVote(GrpcService.java:204)
	at org.apache.ratis.server.impl.LeaderElection.lambda$submitRequests$1(LeaderElection.java:234)
	at java.util.concurrent.FutureTask.run(FutureTask.java:266)
	at java.util.concurrent.Executors$RunnableAdapter.call(Executors.java:511)
	at java.util.concurrent.FutureTask.run(FutureTask.java:266)
	at java.util.concurrent.ThreadPoolExecutor.runWorker(ThreadPoolExecutor.java:1149)
	at java.util.concurrent.ThreadPoolExecutor$Worker.run(ThreadPoolExecutor.java:624)
	... 1 more
Caused by: org.apache.ratis.thirdparty.io.netty.channel.AbstractChannel$AnnotatedConnectException: Connection refused: /192.168.69.82:42567
	at sun.nio.ch.SocketChannelImpl.checkConnect(Native Method)
	at sun.nio.ch.SocketChannelImpl.finishConnect(SocketChannelImpl.java:717)
	at org.apache.ratis.thirdparty.io.netty.channel.socket.nio.NioSocketChannel.doFinishConnect(NioSocketChannel.java:327)
	at org.apache.ratis.thirdparty.io.netty.channel.nio.AbstractNioChannel$AbstractNioUnsafe.finishConnect(AbstractNioChannel.java:340)
	at org.apache.ratis.thirdparty.io.netty.channel.nio.NioEventLoop.processSelectedKey(NioEventLoop.java:632)
	at org.apache.ratis.thirdparty.io.netty.channel.nio.NioEventLoop.processSelectedKeysOptimized(NioEventLoop.java:579)
	at org.apache.ratis.thirdparty.io.netty.channel.nio.NioEventLoop.processSelectedKeys(NioEventLoop.java:496)
	at org.apache.ratis.thirdparty.io.netty.channel.nio.NioEventLoop.run(NioEventLoop.java:458)
	at org.apache.ratis.thirdparty.io.netty.util.concurrent.SingleThreadEventExecutor$5.run(SingleThreadEventExecutor.java:897)
	at org.apache.ratis.thirdparty.io.netty.util.concurrent.FastThreadLocalRunnable.run(FastThreadLocalRunnable.java:30)
	... 1 more
Caused by: java.net.ConnectException: Connection refused
	... 11 more
2019-10-17 05:57:23,234 [9f06b4c9-079f-4989-8935-c6be59ddc82e@group-0D1055093416-LeaderElection217] INFO  impl.LeaderElection (LogUtils.java:infoOrTrace(149)) - 9f06b4c9-079f-4989-8935-c6be59ddc82e@group-0D1055093416-LeaderElection217 got exception when requesting votes: {}
java.util.concurrent.ExecutionException: org.apache.ratis.thirdparty.io.grpc.StatusRuntimeException: UNAVAILABLE: io exception
	at java.util.concurrent.FutureTask.report(FutureTask.java:122)
	at java.util.concurrent.FutureTask.get(FutureTask.java:192)
	at org.apache.ratis.server.impl.LeaderElection.waitForResults(LeaderElection.java:259)
	at org.apache.ratis.server.impl.LeaderElection.askForVotes(LeaderElection.java:197)
	at org.apache.ratis.server.impl.LeaderElection.run(LeaderElection.java:133)
	at java.lang.Thread.run(Thread.java:748)
Caused by: org.apache.ratis.thirdparty.io.grpc.StatusRuntimeException: UNAVAILABLE: io exception
	at org.apache.ratis.thirdparty.io.grpc.stub.ClientCalls.toStatusRuntimeException(ClientCalls.java:233)
	at org.apache.ratis.thirdparty.io.grpc.stub.ClientCalls.getUnchecked(ClientCalls.java:214)
	at org.apache.ratis.thirdparty.io.grpc.stub.ClientCalls.blockingUnaryCall(ClientCalls.java:139)
	at org.apache.ratis.proto.grpc.RaftServerProtocolServiceGrpc$RaftServerProtocolServiceBlockingStub.requestVote(RaftServerProtocolServiceGrpc.java:265)
	at org.apache.ratis.grpc.server.GrpcServerProtocolClient.requestVote(GrpcServerProtocolClient.java:99)
	at org.apache.ratis.grpc.server.GrpcService.requestVote(GrpcService.java:204)
	at org.apache.ratis.server.impl.LeaderElection.lambda$submitRequests$1(LeaderElection.java:234)
	at java.util.concurrent.FutureTask.run(FutureTask.java:266)
	at java.util.concurrent.Executors$RunnableAdapter.call(Executors.java:511)
	at java.util.concurrent.FutureTask.run(FutureTask.java:266)
	at java.util.concurrent.ThreadPoolExecutor.runWorker(ThreadPoolExecutor.java:1149)
	at java.util.concurrent.ThreadPoolExecutor$Worker.run(ThreadPoolExecutor.java:624)
	... 1 more
Caused by: org.apache.ratis.thirdparty.io.netty.channel.AbstractChannel$AnnotatedConnectException: Connection refused: /192.168.69.82:35388
	at sun.nio.ch.SocketChannelImpl.checkConnect(Native Method)
	at sun.nio.ch.SocketChannelImpl.finishConnect(SocketChannelImpl.java:717)
	at org.apache.ratis.thirdparty.io.netty.channel.socket.nio.NioSocketChannel.doFinishConnect(NioSocketChannel.java:327)
	at org.apache.ratis.thirdparty.io.netty.channel.nio.AbstractNioChannel$AbstractNioUnsafe.finishConnect(AbstractNioChannel.java:340)
	at org.apache.ratis.thirdparty.io.netty.channel.nio.NioEventLoop.processSelectedKey(NioEventLoop.java:632)
	at org.apache.ratis.thirdparty.io.netty.channel.nio.NioEventLoop.processSelectedKeysOptimized(NioEventLoop.java:579)
	at org.apache.ratis.thirdparty.io.netty.channel.nio.NioEventLoop.processSelectedKeys(NioEventLoop.java:496)
	at org.apache.ratis.thirdparty.io.netty.channel.nio.NioEventLoop.run(NioEventLoop.java:458)
	at org.apache.ratis.thirdparty.io.netty.util.concurrent.SingleThreadEventExecutor$5.run(SingleThreadEventExecutor.java:897)
	at org.apache.ratis.thirdparty.io.netty.util.concurrent.FastThreadLocalRunnable.run(FastThreadLocalRunnable.java:30)
	... 1 more
Caused by: java.net.ConnectException: Connection refused
	... 11 more
2019-10-17 05:57:23,235 [9f06b4c9-079f-4989-8935-c6be59ddc82e@group-0D1055093416-LeaderElection217] INFO  impl.LeaderElection (LeaderElection.java:logAndReturn(56)) - 9f06b4c9-079f-4989-8935-c6be59ddc82e@group-0D1055093416-LeaderElection217: Election REJECTED; received 0 response(s) [] and 2 exception(s); 9f06b4c9-079f-4989-8935-c6be59ddc82e@group-0D1055093416:t207, leader=null, voted=9f06b4c9-079f-4989-8935-c6be59ddc82e, raftlog=9f06b4c9-079f-4989-8935-c6be59ddc82e@group-0D1055093416-SegmentedRaftLog:OPENED:c-1,f-1,i0, conf=-1: [9f06b4c9-079f-4989-8935-c6be59ddc82e:192.168.69.82:36391, b282f9e2-3bd4-452e-9c35-1adeacc39134:192.168.69.82:42567, 3ce2c7b7-3df7-42de-af28-9ba1d65ea84e:192.168.69.82:35388], old=null
2019-10-17 05:57:23,235 [9f06b4c9-079f-4989-8935-c6be59ddc82e@group-0D1055093416-LeaderElection217] INFO  impl.LeaderElection (LogUtils.java:infoOrTrace(149)) -   Exception 0: {}
java.util.concurrent.ExecutionException: org.apache.ratis.thirdparty.io.grpc.StatusRuntimeException: UNAVAILABLE: io exception
	at java.util.concurrent.FutureTask.report(FutureTask.java:122)
	at java.util.concurrent.FutureTask.get(FutureTask.java:192)
	at org.apache.ratis.server.impl.LeaderElection.waitForResults(LeaderElection.java:259)
	at org.apache.ratis.server.impl.LeaderElection.askForVotes(LeaderElection.java:197)
	at org.apache.ratis.server.impl.LeaderElection.run(LeaderElection.java:133)
	at java.lang.Thread.run(Thread.java:748)
Caused by: org.apache.ratis.thirdparty.io.grpc.StatusRuntimeException: UNAVAILABLE: io exception
	at org.apache.ratis.thirdparty.io.grpc.stub.ClientCalls.toStatusRuntimeException(ClientCalls.java:233)
	at org.apache.ratis.thirdparty.io.grpc.stub.ClientCalls.getUnchecked(ClientCalls.java:214)
	at org.apache.ratis.thirdparty.io.grpc.stub.ClientCalls.blockingUnaryCall(ClientCalls.java:139)
	at org.apache.ratis.proto.grpc.RaftServerProtocolServiceGrpc$RaftServerProtocolServiceBlockingStub.requestVote(RaftServerProtocolServiceGrpc.java:265)
	at org.apache.ratis.grpc.server.GrpcServerProtocolClient.requestVote(GrpcServerProtocolClient.java:99)
	at org.apache.ratis.grpc.server.GrpcService.requestVote(GrpcService.java:204)
	at org.apache.ratis.server.impl.LeaderElection.lambda$submitRequests$1(LeaderElection.java:234)
	at java.util.concurrent.FutureTask.run(FutureTask.java:266)
	at java.util.concurrent.Executors$RunnableAdapter.call(Executors.java:511)
	at java.util.concurrent.FutureTask.run(FutureTask.java:266)
	at java.util.concurrent.ThreadPoolExecutor.runWorker(ThreadPoolExecutor.java:1149)
	at java.util.concurrent.ThreadPoolExecutor$Worker.run(ThreadPoolExecutor.java:624)
	... 1 more
Caused by: org.apache.ratis.thirdparty.io.netty.channel.AbstractChannel$AnnotatedConnectException: Connection refused: /192.168.69.82:42567
	at sun.nio.ch.SocketChannelImpl.checkConnect(Native Method)
	at sun.nio.ch.SocketChannelImpl.finishConnect(SocketChannelImpl.java:717)
	at org.apache.ratis.thirdparty.io.netty.channel.socket.nio.NioSocketChannel.doFinishConnect(NioSocketChannel.java:327)
	at org.apache.ratis.thirdparty.io.netty.channel.nio.AbstractNioChannel$AbstractNioUnsafe.finishConnect(AbstractNioChannel.java:340)
	at org.apache.ratis.thirdparty.io.netty.channel.nio.NioEventLoop.processSelectedKey(NioEventLoop.java:632)
	at org.apache.ratis.thirdparty.io.netty.channel.nio.NioEventLoop.processSelectedKeysOptimized(NioEventLoop.java:579)
	at org.apache.ratis.thirdparty.io.netty.channel.nio.NioEventLoop.processSelectedKeys(NioEventLoop.java:496)
	at org.apache.ratis.thirdparty.io.netty.channel.nio.NioEventLoop.run(NioEventLoop.java:458)
	at org.apache.ratis.thirdparty.io.netty.util.concurrent.SingleThreadEventExecutor$5.run(SingleThreadEventExecutor.java:897)
	at org.apache.ratis.thirdparty.io.netty.util.concurrent.FastThreadLocalRunnable.run(FastThreadLocalRunnable.java:30)
	... 1 more
Caused by: java.net.ConnectException: Connection refused
	... 11 more
2019-10-17 05:57:23,236 [9f06b4c9-079f-4989-8935-c6be59ddc82e@group-0D1055093416-LeaderElection217] INFO  impl.LeaderElection (LogUtils.java:infoOrTrace(149)) -   Exception 1: {}
java.util.concurrent.ExecutionException: org.apache.ratis.thirdparty.io.grpc.StatusRuntimeException: UNAVAILABLE: io exception
	at java.util.concurrent.FutureTask.report(FutureTask.java:122)
	at java.util.concurrent.FutureTask.get(FutureTask.java:192)
	at org.apache.ratis.server.impl.LeaderElection.waitForResults(LeaderElection.java:259)
	at org.apache.ratis.server.impl.LeaderElection.askForVotes(LeaderElection.java:197)
	at org.apache.ratis.server.impl.LeaderElection.run(LeaderElection.java:133)
	at java.lang.Thread.run(Thread.java:748)
Caused by: org.apache.ratis.thirdparty.io.grpc.StatusRuntimeException: UNAVAILABLE: io exception
	at org.apache.ratis.thirdparty.io.grpc.stub.ClientCalls.toStatusRuntimeException(ClientCalls.java:233)
	at org.apache.ratis.thirdparty.io.grpc.stub.ClientCalls.getUnchecked(ClientCalls.java:214)
	at org.apache.ratis.thirdparty.io.grpc.stub.ClientCalls.blockingUnaryCall(ClientCalls.java:139)
	at org.apache.ratis.proto.grpc.RaftServerProtocolServiceGrpc$RaftServerProtocolServiceBlockingStub.requestVote(RaftServerProtocolServiceGrpc.java:265)
	at org.apache.ratis.grpc.server.GrpcServerProtocolClient.requestVote(GrpcServerProtocolClient.java:99)
	at org.apache.ratis.grpc.server.GrpcService.requestVote(GrpcService.java:204)
	at org.apache.ratis.server.impl.LeaderElection.lambda$submitRequests$1(LeaderElection.java:234)
	at java.util.concurrent.FutureTask.run(FutureTask.java:266)
	at java.util.concurrent.Executors$RunnableAdapter.call(Executors.java:511)
	at java.util.concurrent.FutureTask.run(FutureTask.java:266)
	at java.util.concurrent.ThreadPoolExecutor.runWorker(ThreadPoolExecutor.java:1149)
	at java.util.concurrent.ThreadPoolExecutor$Worker.run(ThreadPoolExecutor.java:624)
	... 1 more
Caused by: org.apache.ratis.thirdparty.io.netty.channel.AbstractChannel$AnnotatedConnectException: Connection refused: /192.168.69.82:35388
	at sun.nio.ch.SocketChannelImpl.checkConnect(Native Method)
	at sun.nio.ch.SocketChannelImpl.finishConnect(SocketChannelImpl.java:717)
	at org.apache.ratis.thirdparty.io.netty.channel.socket.nio.NioSocketChannel.doFinishConnect(NioSocketChannel.java:327)
	at org.apache.ratis.thirdparty.io.netty.channel.nio.AbstractNioChannel$AbstractNioUnsafe.finishConnect(AbstractNioChannel.java:340)
	at org.apache.ratis.thirdparty.io.netty.channel.nio.NioEventLoop.processSelectedKey(NioEventLoop.java:632)
	at org.apache.ratis.thirdparty.io.netty.channel.nio.NioEventLoop.processSelectedKeysOptimized(NioEventLoop.java:579)
	at org.apache.ratis.thirdparty.io.netty.channel.nio.NioEventLoop.processSelectedKeys(NioEventLoop.java:496)
	at org.apache.ratis.thirdparty.io.netty.channel.nio.NioEventLoop.run(NioEventLoop.java:458)
	at org.apache.ratis.thirdparty.io.netty.util.concurrent.SingleThreadEventExecutor$5.run(SingleThreadEventExecutor.java:897)
	at org.apache.ratis.thirdparty.io.netty.util.concurrent.FastThreadLocalRunnable.run(FastThreadLocalRunnable.java:30)
	... 1 more
Caused by: java.net.ConnectException: Connection refused
	... 11 more
2019-10-17 05:57:23,236 [9f06b4c9-079f-4989-8935-c6be59ddc82e@group-0D1055093416-LeaderElection217] INFO  impl.RaftServerImpl (RaftServerImpl.java:setRole(184)) - 9f06b4c9-079f-4989-8935-c6be59ddc82e@group-0D1055093416: changes role from CANDIDATE to FOLLOWER at term 207 for DISCOVERED_A_NEW_TERM
2019-10-17 05:57:23,237 [9f06b4c9-079f-4989-8935-c6be59ddc82e@group-0D1055093416-LeaderElection217] INFO  impl.RoleInfo (RoleInfo.java:shutdownLeaderElection(134)) - 9f06b4c9-079f-4989-8935-c6be59ddc82e: shutdown LeaderElection
2019-10-17 05:57:23,237 [9f06b4c9-079f-4989-8935-c6be59ddc82e@group-0D1055093416-LeaderElection217] INFO  impl.RoleInfo (RoleInfo.java:updateAndGet(143)) - 9f06b4c9-079f-4989-8935-c6be59ddc82e: start FollowerState
2019-10-17 05:57:23,406 [Thread-1892] INFO  impl.FollowerState (FollowerState.java:run(108)) - 9f06b4c9-079f-4989-8935-c6be59ddc82e@group-0D1055093416-FollowerState: change to CANDIDATE, lastRpcTime:169ms, electionTimeout:169ms
2019-10-17 05:57:23,406 [Thread-1892] INFO  impl.RoleInfo (RoleInfo.java:shutdownFollowerState(121)) - 9f06b4c9-079f-4989-8935-c6be59ddc82e: shutdown FollowerState
2019-10-17 05:57:23,407 [Thread-1892] INFO  impl.RaftServerImpl (RaftServerImpl.java:setRole(184)) - 9f06b4c9-079f-4989-8935-c6be59ddc82e@group-0D1055093416: changes role from  FOLLOWER to CANDIDATE at term 207 for changeToCandidate
2019-10-17 05:57:23,407 [Thread-1892] INFO  impl.RoleInfo (RoleInfo.java:updateAndGet(143)) - 9f06b4c9-079f-4989-8935-c6be59ddc82e: start LeaderElection
2019-10-17 05:57:23,420 [9f06b4c9-079f-4989-8935-c6be59ddc82e@group-0D1055093416-LeaderElection218] INFO  impl.LeaderElection (LeaderElection.java:askForVotes(178)) - 9f06b4c9-079f-4989-8935-c6be59ddc82e@group-0D1055093416-LeaderElection218: begin an election at term 208 for -1: [9f06b4c9-079f-4989-8935-c6be59ddc82e:192.168.69.82:36391, b282f9e2-3bd4-452e-9c35-1adeacc39134:192.168.69.82:42567, 3ce2c7b7-3df7-42de-af28-9ba1d65ea84e:192.168.69.82:35388], old=null
2019-10-17 05:57:23,421 [9f06b4c9-079f-4989-8935-c6be59ddc82e@group-0D1055093416-LeaderElection218] INFO  impl.LeaderElection (LogUtils.java:infoOrTrace(149)) - 9f06b4c9-079f-4989-8935-c6be59ddc82e@group-0D1055093416-LeaderElection218 got exception when requesting votes: {}
java.util.concurrent.ExecutionException: org.apache.ratis.thirdparty.io.grpc.StatusRuntimeException: UNAVAILABLE: io exception
	at java.util.concurrent.FutureTask.report(FutureTask.java:122)
	at java.util.concurrent.FutureTask.get(FutureTask.java:192)
	at org.apache.ratis.server.impl.LeaderElection.waitForResults(LeaderElection.java:259)
	at org.apache.ratis.server.impl.LeaderElection.askForVotes(LeaderElection.java:197)
	at org.apache.ratis.server.impl.LeaderElection.run(LeaderElection.java:133)
	at java.lang.Thread.run(Thread.java:748)
Caused by: org.apache.ratis.thirdparty.io.grpc.StatusRuntimeException: UNAVAILABLE: io exception
	at org.apache.ratis.thirdparty.io.grpc.stub.ClientCalls.toStatusRuntimeException(ClientCalls.java:233)
	at org.apache.ratis.thirdparty.io.grpc.stub.ClientCalls.getUnchecked(ClientCalls.java:214)
	at org.apache.ratis.thirdparty.io.grpc.stub.ClientCalls.blockingUnaryCall(ClientCalls.java:139)
	at org.apache.ratis.proto.grpc.RaftServerProtocolServiceGrpc$RaftServerProtocolServiceBlockingStub.requestVote(RaftServerProtocolServiceGrpc.java:265)
	at org.apache.ratis.grpc.server.GrpcServerProtocolClient.requestVote(GrpcServerProtocolClient.java:99)
	at org.apache.ratis.grpc.server.GrpcService.requestVote(GrpcService.java:204)
	at org.apache.ratis.server.impl.LeaderElection.lambda$submitRequests$1(LeaderElection.java:234)
	at java.util.concurrent.FutureTask.run(FutureTask.java:266)
	at java.util.concurrent.Executors$RunnableAdapter.call(Executors.java:511)
	at java.util.concurrent.FutureTask.run(FutureTask.java:266)
	at java.util.concurrent.ThreadPoolExecutor.runWorker(ThreadPoolExecutor.java:1149)
	at java.util.concurrent.ThreadPoolExecutor$Worker.run(ThreadPoolExecutor.java:624)
	... 1 more
Caused by: org.apache.ratis.thirdparty.io.netty.channel.AbstractChannel$AnnotatedConnectException: Connection refused: /192.168.69.82:42567
	at sun.nio.ch.SocketChannelImpl.checkConnect(Native Method)
	at sun.nio.ch.SocketChannelImpl.finishConnect(SocketChannelImpl.java:717)
	at org.apache.ratis.thirdparty.io.netty.channel.socket.nio.NioSocketChannel.doFinishConnect(NioSocketChannel.java:327)
	at org.apache.ratis.thirdparty.io.netty.channel.nio.AbstractNioChannel$AbstractNioUnsafe.finishConnect(AbstractNioChannel.java:340)
	at org.apache.ratis.thirdparty.io.netty.channel.nio.NioEventLoop.processSelectedKey(NioEventLoop.java:632)
	at org.apache.ratis.thirdparty.io.netty.channel.nio.NioEventLoop.processSelectedKeysOptimized(NioEventLoop.java:579)
	at org.apache.ratis.thirdparty.io.netty.channel.nio.NioEventLoop.processSelectedKeys(NioEventLoop.java:496)
	at org.apache.ratis.thirdparty.io.netty.channel.nio.NioEventLoop.run(NioEventLoop.java:458)
	at org.apache.ratis.thirdparty.io.netty.util.concurrent.SingleThreadEventExecutor$5.run(SingleThreadEventExecutor.java:897)
	at org.apache.ratis.thirdparty.io.netty.util.concurrent.FastThreadLocalRunnable.run(FastThreadLocalRunnable.java:30)
	... 1 more
Caused by: java.net.ConnectException: Connection refused
	... 11 more
2019-10-17 05:57:23,422 [9f06b4c9-079f-4989-8935-c6be59ddc82e@group-0D1055093416-LeaderElection218] INFO  impl.LeaderElection (LogUtils.java:infoOrTrace(149)) - 9f06b4c9-079f-4989-8935-c6be59ddc82e@group-0D1055093416-LeaderElection218 got exception when requesting votes: {}
java.util.concurrent.ExecutionException: org.apache.ratis.thirdparty.io.grpc.StatusRuntimeException: UNAVAILABLE: io exception
	at java.util.concurrent.FutureTask.report(FutureTask.java:122)
	at java.util.concurrent.FutureTask.get(FutureTask.java:192)
	at org.apache.ratis.server.impl.LeaderElection.waitForResults(LeaderElection.java:259)
	at org.apache.ratis.server.impl.LeaderElection.askForVotes(LeaderElection.java:197)
	at org.apache.ratis.server.impl.LeaderElection.run(LeaderElection.java:133)
	at java.lang.Thread.run(Thread.java:748)
Caused by: org.apache.ratis.thirdparty.io.grpc.StatusRuntimeException: UNAVAILABLE: io exception
	at org.apache.ratis.thirdparty.io.grpc.stub.ClientCalls.toStatusRuntimeException(ClientCalls.java:233)
	at org.apache.ratis.thirdparty.io.grpc.stub.ClientCalls.getUnchecked(ClientCalls.java:214)
	at org.apache.ratis.thirdparty.io.grpc.stub.ClientCalls.blockingUnaryCall(ClientCalls.java:139)
	at org.apache.ratis.proto.grpc.RaftServerProtocolServiceGrpc$RaftServerProtocolServiceBlockingStub.requestVote(RaftServerProtocolServiceGrpc.java:265)
	at org.apache.ratis.grpc.server.GrpcServerProtocolClient.requestVote(GrpcServerProtocolClient.java:99)
	at org.apache.ratis.grpc.server.GrpcService.requestVote(GrpcService.java:204)
	at org.apache.ratis.server.impl.LeaderElection.lambda$submitRequests$1(LeaderElection.java:234)
	at java.util.concurrent.FutureTask.run(FutureTask.java:266)
	at java.util.concurrent.Executors$RunnableAdapter.call(Executors.java:511)
	at java.util.concurrent.FutureTask.run(FutureTask.java:266)
	at java.util.concurrent.ThreadPoolExecutor.runWorker(ThreadPoolExecutor.java:1149)
	at java.util.concurrent.ThreadPoolExecutor$Worker.run(ThreadPoolExecutor.java:624)
	... 1 more
Caused by: org.apache.ratis.thirdparty.io.netty.channel.AbstractChannel$AnnotatedConnectException: Connection refused: /192.168.69.82:35388
	at sun.nio.ch.SocketChannelImpl.checkConnect(Native Method)
	at sun.nio.ch.SocketChannelImpl.finishConnect(SocketChannelImpl.java:717)
	at org.apache.ratis.thirdparty.io.netty.channel.socket.nio.NioSocketChannel.doFinishConnect(NioSocketChannel.java:327)
	at org.apache.ratis.thirdparty.io.netty.channel.nio.AbstractNioChannel$AbstractNioUnsafe.finishConnect(AbstractNioChannel.java:340)
	at org.apache.ratis.thirdparty.io.netty.channel.nio.NioEventLoop.processSelectedKey(NioEventLoop.java:632)
	at org.apache.ratis.thirdparty.io.netty.channel.nio.NioEventLoop.processSelectedKeysOptimized(NioEventLoop.java:579)
	at org.apache.ratis.thirdparty.io.netty.channel.nio.NioEventLoop.processSelectedKeys(NioEventLoop.java:496)
	at org.apache.ratis.thirdparty.io.netty.channel.nio.NioEventLoop.run(NioEventLoop.java:458)
	at org.apache.ratis.thirdparty.io.netty.util.concurrent.SingleThreadEventExecutor$5.run(SingleThreadEventExecutor.java:897)
	at org.apache.ratis.thirdparty.io.netty.util.concurrent.FastThreadLocalRunnable.run(FastThreadLocalRunnable.java:30)
	... 1 more
Caused by: java.net.ConnectException: Connection refused
	... 11 more
2019-10-17 05:57:23,422 [9f06b4c9-079f-4989-8935-c6be59ddc82e@group-0D1055093416-LeaderElection218] INFO  impl.LeaderElection (LeaderElection.java:logAndReturn(56)) - 9f06b4c9-079f-4989-8935-c6be59ddc82e@group-0D1055093416-LeaderElection218: Election REJECTED; received 0 response(s) [] and 2 exception(s); 9f06b4c9-079f-4989-8935-c6be59ddc82e@group-0D1055093416:t208, leader=null, voted=9f06b4c9-079f-4989-8935-c6be59ddc82e, raftlog=9f06b4c9-079f-4989-8935-c6be59ddc82e@group-0D1055093416-SegmentedRaftLog:OPENED:c-1,f-1,i0, conf=-1: [9f06b4c9-079f-4989-8935-c6be59ddc82e:192.168.69.82:36391, b282f9e2-3bd4-452e-9c35-1adeacc39134:192.168.69.82:42567, 3ce2c7b7-3df7-42de-af28-9ba1d65ea84e:192.168.69.82:35388], old=null
2019-10-17 05:57:23,422 [9f06b4c9-079f-4989-8935-c6be59ddc82e@group-0D1055093416-LeaderElection218] INFO  impl.LeaderElection (LogUtils.java:infoOrTrace(149)) -   Exception 0: {}
java.util.concurrent.ExecutionException: org.apache.ratis.thirdparty.io.grpc.StatusRuntimeException: UNAVAILABLE: io exception
	at java.util.concurrent.FutureTask.report(FutureTask.java:122)
	at java.util.concurrent.FutureTask.get(FutureTask.java:192)
	at org.apache.ratis.server.impl.LeaderElection.waitForResults(LeaderElection.java:259)
	at org.apache.ratis.server.impl.LeaderElection.askForVotes(LeaderElection.java:197)
	at org.apache.ratis.server.impl.LeaderElection.run(LeaderElection.java:133)
	at java.lang.Thread.run(Thread.java:748)
Caused by: org.apache.ratis.thirdparty.io.grpc.StatusRuntimeException: UNAVAILABLE: io exception
	at org.apache.ratis.thirdparty.io.grpc.stub.ClientCalls.toStatusRuntimeException(ClientCalls.java:233)
	at org.apache.ratis.thirdparty.io.grpc.stub.ClientCalls.getUnchecked(ClientCalls.java:214)
	at org.apache.ratis.thirdparty.io.grpc.stub.ClientCalls.blockingUnaryCall(ClientCalls.java:139)
	at org.apache.ratis.proto.grpc.RaftServerProtocolServiceGrpc$RaftServerProtocolServiceBlockingStub.requestVote(RaftServerProtocolServiceGrpc.java:265)
	at org.apache.ratis.grpc.server.GrpcServerProtocolClient.requestVote(GrpcServerProtocolClient.java:99)
	at org.apache.ratis.grpc.server.GrpcService.requestVote(GrpcService.java:204)
	at org.apache.ratis.server.impl.LeaderElection.lambda$submitRequests$1(LeaderElection.java:234)
	at java.util.concurrent.FutureTask.run(FutureTask.java:266)
	at java.util.concurrent.Executors$RunnableAdapter.call(Executors.java:511)
	at java.util.concurrent.FutureTask.run(FutureTask.java:266)
	at java.util.concurrent.ThreadPoolExecutor.runWorker(ThreadPoolExecutor.java:1149)
	at java.util.concurrent.ThreadPoolExecutor$Worker.run(ThreadPoolExecutor.java:624)
	... 1 more
Caused by: org.apache.ratis.thirdparty.io.netty.channel.AbstractChannel$AnnotatedConnectException: Connection refused: /192.168.69.82:42567
	at sun.nio.ch.SocketChannelImpl.checkConnect(Native Method)
	at sun.nio.ch.SocketChannelImpl.finishConnect(SocketChannelImpl.java:717)
	at org.apache.ratis.thirdparty.io.netty.channel.socket.nio.NioSocketChannel.doFinishConnect(NioSocketChannel.java:327)
	at org.apache.ratis.thirdparty.io.netty.channel.nio.AbstractNioChannel$AbstractNioUnsafe.finishConnect(AbstractNioChannel.java:340)
	at org.apache.ratis.thirdparty.io.netty.channel.nio.NioEventLoop.processSelectedKey(NioEventLoop.java:632)
	at org.apache.ratis.thirdparty.io.netty.channel.nio.NioEventLoop.processSelectedKeysOptimized(NioEventLoop.java:579)
	at org.apache.ratis.thirdparty.io.netty.channel.nio.NioEventLoop.processSelectedKeys(NioEventLoop.java:496)
	at org.apache.ratis.thirdparty.io.netty.channel.nio.NioEventLoop.run(NioEventLoop.java:458)
	at org.apache.ratis.thirdparty.io.netty.util.concurrent.SingleThreadEventExecutor$5.run(SingleThreadEventExecutor.java:897)
	at org.apache.ratis.thirdparty.io.netty.util.concurrent.FastThreadLocalRunnable.run(FastThreadLocalRunnable.java:30)
	... 1 more
Caused by: java.net.ConnectException: Connection refused
	... 11 more
2019-10-17 05:57:23,422 [9f06b4c9-079f-4989-8935-c6be59ddc82e@group-0D1055093416-LeaderElection218] INFO  impl.LeaderElection (LogUtils.java:infoOrTrace(149)) -   Exception 1: {}
java.util.concurrent.ExecutionException: org.apache.ratis.thirdparty.io.grpc.StatusRuntimeException: UNAVAILABLE: io exception
	at java.util.concurrent.FutureTask.report(FutureTask.java:122)
	at java.util.concurrent.FutureTask.get(FutureTask.java:192)
	at org.apache.ratis.server.impl.LeaderElection.waitForResults(LeaderElection.java:259)
	at org.apache.ratis.server.impl.LeaderElection.askForVotes(LeaderElection.java:197)
	at org.apache.ratis.server.impl.LeaderElection.run(LeaderElection.java:133)
	at java.lang.Thread.run(Thread.java:748)
Caused by: org.apache.ratis.thirdparty.io.grpc.StatusRuntimeException: UNAVAILABLE: io exception
	at org.apache.ratis.thirdparty.io.grpc.stub.ClientCalls.toStatusRuntimeException(ClientCalls.java:233)
	at org.apache.ratis.thirdparty.io.grpc.stub.ClientCalls.getUnchecked(ClientCalls.java:214)
	at org.apache.ratis.thirdparty.io.grpc.stub.ClientCalls.blockingUnaryCall(ClientCalls.java:139)
	at org.apache.ratis.proto.grpc.RaftServerProtocolServiceGrpc$RaftServerProtocolServiceBlockingStub.requestVote(RaftServerProtocolServiceGrpc.java:265)
	at org.apache.ratis.grpc.server.GrpcServerProtocolClient.requestVote(GrpcServerProtocolClient.java:99)
	at org.apache.ratis.grpc.server.GrpcService.requestVote(GrpcService.java:204)
	at org.apache.ratis.server.impl.LeaderElection.lambda$submitRequests$1(LeaderElection.java:234)
	at java.util.concurrent.FutureTask.run(FutureTask.java:266)
	at java.util.concurrent.Executors$RunnableAdapter.call(Executors.java:511)
	at java.util.concurrent.FutureTask.run(FutureTask.java:266)
	at java.util.concurrent.ThreadPoolExecutor.runWorker(ThreadPoolExecutor.java:1149)
	at java.util.concurrent.ThreadPoolExecutor$Worker.run(ThreadPoolExecutor.java:624)
	... 1 more
Caused by: org.apache.ratis.thirdparty.io.netty.channel.AbstractChannel$AnnotatedConnectException: Connection refused: /192.168.69.82:35388
	at sun.nio.ch.SocketChannelImpl.checkConnect(Native Method)
	at sun.nio.ch.SocketChannelImpl.finishConnect(SocketChannelImpl.java:717)
	at org.apache.ratis.thirdparty.io.netty.channel.socket.nio.NioSocketChannel.doFinishConnect(NioSocketChannel.java:327)
	at org.apache.ratis.thirdparty.io.netty.channel.nio.AbstractNioChannel$AbstractNioUnsafe.finishConnect(AbstractNioChannel.java:340)
	at org.apache.ratis.thirdparty.io.netty.channel.nio.NioEventLoop.processSelectedKey(NioEventLoop.java:632)
	at org.apache.ratis.thirdparty.io.netty.channel.nio.NioEventLoop.processSelectedKeysOptimized(NioEventLoop.java:579)
	at org.apache.ratis.thirdparty.io.netty.channel.nio.NioEventLoop.processSelectedKeys(NioEventLoop.java:496)
	at org.apache.ratis.thirdparty.io.netty.channel.nio.NioEventLoop.run(NioEventLoop.java:458)
	at org.apache.ratis.thirdparty.io.netty.util.concurrent.SingleThreadEventExecutor$5.run(SingleThreadEventExecutor.java:897)
	at org.apache.ratis.thirdparty.io.netty.util.concurrent.FastThreadLocalRunnable.run(FastThreadLocalRunnable.java:30)
	... 1 more
Caused by: java.net.ConnectException: Connection refused
	... 11 more
2019-10-17 05:57:23,423 [9f06b4c9-079f-4989-8935-c6be59ddc82e@group-0D1055093416-LeaderElection218] INFO  impl.RaftServerImpl (RaftServerImpl.java:setRole(184)) - 9f06b4c9-079f-4989-8935-c6be59ddc82e@group-0D1055093416: changes role from CANDIDATE to FOLLOWER at term 208 for DISCOVERED_A_NEW_TERM
2019-10-17 05:57:23,423 [9f06b4c9-079f-4989-8935-c6be59ddc82e@group-0D1055093416-LeaderElection218] INFO  impl.RoleInfo (RoleInfo.java:shutdownLeaderElection(134)) - 9f06b4c9-079f-4989-8935-c6be59ddc82e: shutdown LeaderElection
2019-10-17 05:57:23,423 [9f06b4c9-079f-4989-8935-c6be59ddc82e@group-0D1055093416-LeaderElection218] INFO  impl.RoleInfo (RoleInfo.java:updateAndGet(143)) - 9f06b4c9-079f-4989-8935-c6be59ddc82e: start FollowerState
2019-10-17 05:57:23,519 [Thread-1897] INFO  impl.FollowerState (FollowerState.java:run(108)) - 9f06b4c9-079f-4989-8935-c6be59ddc82e@group-0D1055093416-FollowerState: change to CANDIDATE, lastRpcTime:96ms, electionTimeout:96ms
2019-10-17 05:57:23,519 [Thread-1897] INFO  impl.RoleInfo (RoleInfo.java:shutdownFollowerState(121)) - 9f06b4c9-079f-4989-8935-c6be59ddc82e: shutdown FollowerState
2019-10-17 05:57:23,520 [Thread-1897] INFO  impl.RaftServerImpl (RaftServerImpl.java:setRole(184)) - 9f06b4c9-079f-4989-8935-c6be59ddc82e@group-0D1055093416: changes role from  FOLLOWER to CANDIDATE at term 208 for changeToCandidate
2019-10-17 05:57:23,520 [Thread-1897] INFO  impl.RoleInfo (RoleInfo.java:updateAndGet(143)) - 9f06b4c9-079f-4989-8935-c6be59ddc82e: start LeaderElection
2019-10-17 05:57:23,533 [9f06b4c9-079f-4989-8935-c6be59ddc82e@group-0D1055093416-LeaderElection219] INFO  impl.LeaderElection (LeaderElection.java:askForVotes(178)) - 9f06b4c9-079f-4989-8935-c6be59ddc82e@group-0D1055093416-LeaderElection219: begin an election at term 209 for -1: [9f06b4c9-079f-4989-8935-c6be59ddc82e:192.168.69.82:36391, b282f9e2-3bd4-452e-9c35-1adeacc39134:192.168.69.82:42567, 3ce2c7b7-3df7-42de-af28-9ba1d65ea84e:192.168.69.82:35388], old=null
2019-10-17 05:57:23,534 [9f06b4c9-079f-4989-8935-c6be59ddc82e@group-0D1055093416-LeaderElection219] INFO  impl.LeaderElection (LogUtils.java:infoOrTrace(149)) - 9f06b4c9-079f-4989-8935-c6be59ddc82e@group-0D1055093416-LeaderElection219 got exception when requesting votes: {}
java.util.concurrent.ExecutionException: org.apache.ratis.thirdparty.io.grpc.StatusRuntimeException: UNAVAILABLE: io exception
	at java.util.concurrent.FutureTask.report(FutureTask.java:122)
	at java.util.concurrent.FutureTask.get(FutureTask.java:192)
	at org.apache.ratis.server.impl.LeaderElection.waitForResults(LeaderElection.java:259)
	at org.apache.ratis.server.impl.LeaderElection.askForVotes(LeaderElection.java:197)
	at org.apache.ratis.server.impl.LeaderElection.run(LeaderElection.java:133)
	at java.lang.Thread.run(Thread.java:748)
Caused by: org.apache.ratis.thirdparty.io.grpc.StatusRuntimeException: UNAVAILABLE: io exception
	at org.apache.ratis.thirdparty.io.grpc.stub.ClientCalls.toStatusRuntimeException(ClientCalls.java:233)
	at org.apache.ratis.thirdparty.io.grpc.stub.ClientCalls.getUnchecked(ClientCalls.java:214)
	at org.apache.ratis.thirdparty.io.grpc.stub.ClientCalls.blockingUnaryCall(ClientCalls.java:139)
	at org.apache.ratis.proto.grpc.RaftServerProtocolServiceGrpc$RaftServerProtocolServiceBlockingStub.requestVote(RaftServerProtocolServiceGrpc.java:265)
	at org.apache.ratis.grpc.server.GrpcServerProtocolClient.requestVote(GrpcServerProtocolClient.java:99)
	at org.apache.ratis.grpc.server.GrpcService.requestVote(GrpcService.java:204)
	at org.apache.ratis.server.impl.LeaderElection.lambda$submitRequests$1(LeaderElection.java:234)
	at java.util.concurrent.FutureTask.run(FutureTask.java:266)
	at java.util.concurrent.Executors$RunnableAdapter.call(Executors.java:511)
	at java.util.concurrent.FutureTask.run(FutureTask.java:266)
	at java.util.concurrent.ThreadPoolExecutor.runWorker(ThreadPoolExecutor.java:1149)
	at java.util.concurrent.ThreadPoolExecutor$Worker.run(ThreadPoolExecutor.java:624)
	... 1 more
Caused by: org.apache.ratis.thirdparty.io.netty.channel.AbstractChannel$AnnotatedConnectException: Connection refused: /192.168.69.82:42567
	at sun.nio.ch.SocketChannelImpl.checkConnect(Native Method)
	at sun.nio.ch.SocketChannelImpl.finishConnect(SocketChannelImpl.java:717)
	at org.apache.ratis.thirdparty.io.netty.channel.socket.nio.NioSocketChannel.doFinishConnect(NioSocketChannel.java:327)
	at org.apache.ratis.thirdparty.io.netty.channel.nio.AbstractNioChannel$AbstractNioUnsafe.finishConnect(AbstractNioChannel.java:340)
	at org.apache.ratis.thirdparty.io.netty.channel.nio.NioEventLoop.processSelectedKey(NioEventLoop.java:632)
	at org.apache.ratis.thirdparty.io.netty.channel.nio.NioEventLoop.processSelectedKeysOptimized(NioEventLoop.java:579)
	at org.apache.ratis.thirdparty.io.netty.channel.nio.NioEventLoop.processSelectedKeys(NioEventLoop.java:496)
	at org.apache.ratis.thirdparty.io.netty.channel.nio.NioEventLoop.run(NioEventLoop.java:458)
	at org.apache.ratis.thirdparty.io.netty.util.concurrent.SingleThreadEventExecutor$5.run(SingleThreadEventExecutor.java:897)
	at org.apache.ratis.thirdparty.io.netty.util.concurrent.FastThreadLocalRunnable.run(FastThreadLocalRunnable.java:30)
	... 1 more
Caused by: java.net.ConnectException: Connection refused
	... 11 more
2019-10-17 05:57:23,534 [9f06b4c9-079f-4989-8935-c6be59ddc82e@group-0D1055093416-LeaderElection219] INFO  impl.LeaderElection (LogUtils.java:infoOrTrace(149)) - 9f06b4c9-079f-4989-8935-c6be59ddc82e@group-0D1055093416-LeaderElection219 got exception when requesting votes: {}
java.util.concurrent.ExecutionException: org.apache.ratis.thirdparty.io.grpc.StatusRuntimeException: UNAVAILABLE: io exception
	at java.util.concurrent.FutureTask.report(FutureTask.java:122)
	at java.util.concurrent.FutureTask.get(FutureTask.java:192)
	at org.apache.ratis.server.impl.LeaderElection.waitForResults(LeaderElection.java:259)
	at org.apache.ratis.server.impl.LeaderElection.askForVotes(LeaderElection.java:197)
	at org.apache.ratis.server.impl.LeaderElection.run(LeaderElection.java:133)
	at java.lang.Thread.run(Thread.java:748)
Caused by: org.apache.ratis.thirdparty.io.grpc.StatusRuntimeException: UNAVAILABLE: io exception
	at org.apache.ratis.thirdparty.io.grpc.stub.ClientCalls.toStatusRuntimeException(ClientCalls.java:233)
	at org.apache.ratis.thirdparty.io.grpc.stub.ClientCalls.getUnchecked(ClientCalls.java:214)
	at org.apache.ratis.thirdparty.io.grpc.stub.ClientCalls.blockingUnaryCall(ClientCalls.java:139)
	at org.apache.ratis.proto.grpc.RaftServerProtocolServiceGrpc$RaftServerProtocolServiceBlockingStub.requestVote(RaftServerProtocolServiceGrpc.java:265)
	at org.apache.ratis.grpc.server.GrpcServerProtocolClient.requestVote(GrpcServerProtocolClient.java:99)
	at org.apache.ratis.grpc.server.GrpcService.requestVote(GrpcService.java:204)
	at org.apache.ratis.server.impl.LeaderElection.lambda$submitRequests$1(LeaderElection.java:234)
	at java.util.concurrent.FutureTask.run(FutureTask.java:266)
	at java.util.concurrent.Executors$RunnableAdapter.call(Executors.java:511)
	at java.util.concurrent.FutureTask.run(FutureTask.java:266)
	at java.util.concurrent.ThreadPoolExecutor.runWorker(ThreadPoolExecutor.java:1149)
	at java.util.concurrent.ThreadPoolExecutor$Worker.run(ThreadPoolExecutor.java:624)
	... 1 more
Caused by: org.apache.ratis.thirdparty.io.netty.channel.AbstractChannel$AnnotatedConnectException: Connection refused: /192.168.69.82:35388
	at sun.nio.ch.SocketChannelImpl.checkConnect(Native Method)
	at sun.nio.ch.SocketChannelImpl.finishConnect(SocketChannelImpl.java:717)
	at org.apache.ratis.thirdparty.io.netty.channel.socket.nio.NioSocketChannel.doFinishConnect(NioSocketChannel.java:327)
	at org.apache.ratis.thirdparty.io.netty.channel.nio.AbstractNioChannel$AbstractNioUnsafe.finishConnect(AbstractNioChannel.java:340)
	at org.apache.ratis.thirdparty.io.netty.channel.nio.NioEventLoop.processSelectedKey(NioEventLoop.java:632)
	at org.apache.ratis.thirdparty.io.netty.channel.nio.NioEventLoop.processSelectedKeysOptimized(NioEventLoop.java:579)
	at org.apache.ratis.thirdparty.io.netty.channel.nio.NioEventLoop.processSelectedKeys(NioEventLoop.java:496)
	at org.apache.ratis.thirdparty.io.netty.channel.nio.NioEventLoop.run(NioEventLoop.java:458)
	at org.apache.ratis.thirdparty.io.netty.util.concurrent.SingleThreadEventExecutor$5.run(SingleThreadEventExecutor.java:897)
	at org.apache.ratis.thirdparty.io.netty.util.concurrent.FastThreadLocalRunnable.run(FastThreadLocalRunnable.java:30)
	... 1 more
Caused by: java.net.ConnectException: Connection refused
	... 11 more
2019-10-17 05:57:23,534 [9f06b4c9-079f-4989-8935-c6be59ddc82e@group-0D1055093416-LeaderElection219] INFO  impl.LeaderElection (LeaderElection.java:logAndReturn(56)) - 9f06b4c9-079f-4989-8935-c6be59ddc82e@group-0D1055093416-LeaderElection219: Election REJECTED; received 0 response(s) [] and 2 exception(s); 9f06b4c9-079f-4989-8935-c6be59ddc82e@group-0D1055093416:t209, leader=null, voted=9f06b4c9-079f-4989-8935-c6be59ddc82e, raftlog=9f06b4c9-079f-4989-8935-c6be59ddc82e@group-0D1055093416-SegmentedRaftLog:OPENED:c-1,f-1,i0, conf=-1: [9f06b4c9-079f-4989-8935-c6be59ddc82e:192.168.69.82:36391, b282f9e2-3bd4-452e-9c35-1adeacc39134:192.168.69.82:42567, 3ce2c7b7-3df7-42de-af28-9ba1d65ea84e:192.168.69.82:35388], old=null
2019-10-17 05:57:23,535 [9f06b4c9-079f-4989-8935-c6be59ddc82e@group-0D1055093416-LeaderElection219] INFO  impl.LeaderElection (LogUtils.java:infoOrTrace(149)) -   Exception 0: {}
java.util.concurrent.ExecutionException: org.apache.ratis.thirdparty.io.grpc.StatusRuntimeException: UNAVAILABLE: io exception
	at java.util.concurrent.FutureTask.report(FutureTask.java:122)
	at java.util.concurrent.FutureTask.get(FutureTask.java:192)
	at org.apache.ratis.server.impl.LeaderElection.waitForResults(LeaderElection.java:259)
	at org.apache.ratis.server.impl.LeaderElection.askForVotes(LeaderElection.java:197)
	at org.apache.ratis.server.impl.LeaderElection.run(LeaderElection.java:133)
	at java.lang.Thread.run(Thread.java:748)
Caused by: org.apache.ratis.thirdparty.io.grpc.StatusRuntimeException: UNAVAILABLE: io exception
	at org.apache.ratis.thirdparty.io.grpc.stub.ClientCalls.toStatusRuntimeException(ClientCalls.java:233)
	at org.apache.ratis.thirdparty.io.grpc.stub.ClientCalls.getUnchecked(ClientCalls.java:214)
	at org.apache.ratis.thirdparty.io.grpc.stub.ClientCalls.blockingUnaryCall(ClientCalls.java:139)
	at org.apache.ratis.proto.grpc.RaftServerProtocolServiceGrpc$RaftServerProtocolServiceBlockingStub.requestVote(RaftServerProtocolServiceGrpc.java:265)
	at org.apache.ratis.grpc.server.GrpcServerProtocolClient.requestVote(GrpcServerProtocolClient.java:99)
	at org.apache.ratis.grpc.server.GrpcService.requestVote(GrpcService.java:204)
	at org.apache.ratis.server.impl.LeaderElection.lambda$submitRequests$1(LeaderElection.java:234)
	at java.util.concurrent.FutureTask.run(FutureTask.java:266)
	at java.util.concurrent.Executors$RunnableAdapter.call(Executors.java:511)
	at java.util.concurrent.FutureTask.run(FutureTask.java:266)
	at java.util.concurrent.ThreadPoolExecutor.runWorker(ThreadPoolExecutor.java:1149)
	at java.util.concurrent.ThreadPoolExecutor$Worker.run(ThreadPoolExecutor.java:624)
	... 1 more
Caused by: org.apache.ratis.thirdparty.io.netty.channel.AbstractChannel$AnnotatedConnectException: Connection refused: /192.168.69.82:42567
	at sun.nio.ch.SocketChannelImpl.checkConnect(Native Method)
	at sun.nio.ch.SocketChannelImpl.finishConnect(SocketChannelImpl.java:717)
	at org.apache.ratis.thirdparty.io.netty.channel.socket.nio.NioSocketChannel.doFinishConnect(NioSocketChannel.java:327)
	at org.apache.ratis.thirdparty.io.netty.channel.nio.AbstractNioChannel$AbstractNioUnsafe.finishConnect(AbstractNioChannel.java:340)
	at org.apache.ratis.thirdparty.io.netty.channel.nio.NioEventLoop.processSelectedKey(NioEventLoop.java:632)
	at org.apache.ratis.thirdparty.io.netty.channel.nio.NioEventLoop.processSelectedKeysOptimized(NioEventLoop.java:579)
	at org.apache.ratis.thirdparty.io.netty.channel.nio.NioEventLoop.processSelectedKeys(NioEventLoop.java:496)
	at org.apache.ratis.thirdparty.io.netty.channel.nio.NioEventLoop.run(NioEventLoop.java:458)
	at org.apache.ratis.thirdparty.io.netty.util.concurrent.SingleThreadEventExecutor$5.run(SingleThreadEventExecutor.java:897)
	at org.apache.ratis.thirdparty.io.netty.util.concurrent.FastThreadLocalRunnable.run(FastThreadLocalRunnable.java:30)
	... 1 more
Caused by: java.net.ConnectException: Connection refused
	... 11 more
2019-10-17 05:57:23,535 [9f06b4c9-079f-4989-8935-c6be59ddc82e@group-0D1055093416-LeaderElection219] INFO  impl.LeaderElection (LogUtils.java:infoOrTrace(149)) -   Exception 1: {}
java.util.concurrent.ExecutionException: org.apache.ratis.thirdparty.io.grpc.StatusRuntimeException: UNAVAILABLE: io exception
	at java.util.concurrent.FutureTask.report(FutureTask.java:122)
	at java.util.concurrent.FutureTask.get(FutureTask.java:192)
	at org.apache.ratis.server.impl.LeaderElection.waitForResults(LeaderElection.java:259)
	at org.apache.ratis.server.impl.LeaderElection.askForVotes(LeaderElection.java:197)
	at org.apache.ratis.server.impl.LeaderElection.run(LeaderElection.java:133)
	at java.lang.Thread.run(Thread.java:748)
Caused by: org.apache.ratis.thirdparty.io.grpc.StatusRuntimeException: UNAVAILABLE: io exception
	at org.apache.ratis.thirdparty.io.grpc.stub.ClientCalls.toStatusRuntimeException(ClientCalls.java:233)
	at org.apache.ratis.thirdparty.io.grpc.stub.ClientCalls.getUnchecked(ClientCalls.java:214)
	at org.apache.ratis.thirdparty.io.grpc.stub.ClientCalls.blockingUnaryCall(ClientCalls.java:139)
	at org.apache.ratis.proto.grpc.RaftServerProtocolServiceGrpc$RaftServerProtocolServiceBlockingStub.requestVote(RaftServerProtocolServiceGrpc.java:265)
	at org.apache.ratis.grpc.server.GrpcServerProtocolClient.requestVote(GrpcServerProtocolClient.java:99)
	at org.apache.ratis.grpc.server.GrpcService.requestVote(GrpcService.java:204)
	at org.apache.ratis.server.impl.LeaderElection.lambda$submitRequests$1(LeaderElection.java:234)
	at java.util.concurrent.FutureTask.run(FutureTask.java:266)
	at java.util.concurrent.Executors$RunnableAdapter.call(Executors.java:511)
	at java.util.concurrent.FutureTask.run(FutureTask.java:266)
	at java.util.concurrent.ThreadPoolExecutor.runWorker(ThreadPoolExecutor.java:1149)
	at java.util.concurrent.ThreadPoolExecutor$Worker.run(ThreadPoolExecutor.java:624)
	... 1 more
Caused by: org.apache.ratis.thirdparty.io.netty.channel.AbstractChannel$AnnotatedConnectException: Connection refused: /192.168.69.82:35388
	at sun.nio.ch.SocketChannelImpl.checkConnect(Native Method)
	at sun.nio.ch.SocketChannelImpl.finishConnect(SocketChannelImpl.java:717)
	at org.apache.ratis.thirdparty.io.netty.channel.socket.nio.NioSocketChannel.doFinishConnect(NioSocketChannel.java:327)
	at org.apache.ratis.thirdparty.io.netty.channel.nio.AbstractNioChannel$AbstractNioUnsafe.finishConnect(AbstractNioChannel.java:340)
	at org.apache.ratis.thirdparty.io.netty.channel.nio.NioEventLoop.processSelectedKey(NioEventLoop.java:632)
	at org.apache.ratis.thirdparty.io.netty.channel.nio.NioEventLoop.processSelectedKeysOptimized(NioEventLoop.java:579)
	at org.apache.ratis.thirdparty.io.netty.channel.nio.NioEventLoop.processSelectedKeys(NioEventLoop.java:496)
	at org.apache.ratis.thirdparty.io.netty.channel.nio.NioEventLoop.run(NioEventLoop.java:458)
	at org.apache.ratis.thirdparty.io.netty.util.concurrent.SingleThreadEventExecutor$5.run(SingleThreadEventExecutor.java:897)
	at org.apache.ratis.thirdparty.io.netty.util.concurrent.FastThreadLocalRunnable.run(FastThreadLocalRunnable.java:30)
	... 1 more
Caused by: java.net.ConnectException: Connection refused
	... 11 more
2019-10-17 05:57:23,535 [9f06b4c9-079f-4989-8935-c6be59ddc82e@group-0D1055093416-LeaderElection219] INFO  impl.RaftServerImpl (RaftServerImpl.java:setRole(184)) - 9f06b4c9-079f-4989-8935-c6be59ddc82e@group-0D1055093416: changes role from CANDIDATE to FOLLOWER at term 209 for DISCOVERED_A_NEW_TERM
2019-10-17 05:57:23,535 [9f06b4c9-079f-4989-8935-c6be59ddc82e@group-0D1055093416-LeaderElection219] INFO  impl.RoleInfo (RoleInfo.java:shutdownLeaderElection(134)) - 9f06b4c9-079f-4989-8935-c6be59ddc82e: shutdown LeaderElection
2019-10-17 05:57:23,535 [9f06b4c9-079f-4989-8935-c6be59ddc82e@group-0D1055093416-LeaderElection219] INFO  impl.RoleInfo (RoleInfo.java:updateAndGet(143)) - 9f06b4c9-079f-4989-8935-c6be59ddc82e: start FollowerState
2019-10-17 05:57:23,633 [Thread-1902] INFO  impl.FollowerState (FollowerState.java:run(108)) - 9f06b4c9-079f-4989-8935-c6be59ddc82e@group-0D1055093416-FollowerState: change to CANDIDATE, lastRpcTime:97ms, electionTimeout:97ms
2019-10-17 05:57:23,633 [Thread-1902] INFO  impl.RoleInfo (RoleInfo.java:shutdownFollowerState(121)) - 9f06b4c9-079f-4989-8935-c6be59ddc82e: shutdown FollowerState
2019-10-17 05:57:23,633 [Thread-1902] INFO  impl.RaftServerImpl (RaftServerImpl.java:setRole(184)) - 9f06b4c9-079f-4989-8935-c6be59ddc82e@group-0D1055093416: changes role from  FOLLOWER to CANDIDATE at term 209 for changeToCandidate
2019-10-17 05:57:23,633 [Thread-1902] INFO  impl.RoleInfo (RoleInfo.java:updateAndGet(143)) - 9f06b4c9-079f-4989-8935-c6be59ddc82e: start LeaderElection
2019-10-17 05:57:23,647 [9f06b4c9-079f-4989-8935-c6be59ddc82e@group-0D1055093416-LeaderElection220] INFO  impl.LeaderElection (LeaderElection.java:askForVotes(178)) - 9f06b4c9-079f-4989-8935-c6be59ddc82e@group-0D1055093416-LeaderElection220: begin an election at term 210 for -1: [9f06b4c9-079f-4989-8935-c6be59ddc82e:192.168.69.82:36391, b282f9e2-3bd4-452e-9c35-1adeacc39134:192.168.69.82:42567, 3ce2c7b7-3df7-42de-af28-9ba1d65ea84e:192.168.69.82:35388], old=null
2019-10-17 05:57:23,648 [9f06b4c9-079f-4989-8935-c6be59ddc82e@group-0D1055093416-LeaderElection220] INFO  impl.LeaderElection (LogUtils.java:infoOrTrace(149)) - 9f06b4c9-079f-4989-8935-c6be59ddc82e@group-0D1055093416-LeaderElection220 got exception when requesting votes: {}
java.util.concurrent.ExecutionException: org.apache.ratis.thirdparty.io.grpc.StatusRuntimeException: UNAVAILABLE: io exception
	at java.util.concurrent.FutureTask.report(FutureTask.java:122)
	at java.util.concurrent.FutureTask.get(FutureTask.java:192)
	at org.apache.ratis.server.impl.LeaderElection.waitForResults(LeaderElection.java:259)
	at org.apache.ratis.server.impl.LeaderElection.askForVotes(LeaderElection.java:197)
	at org.apache.ratis.server.impl.LeaderElection.run(LeaderElection.java:133)
	at java.lang.Thread.run(Thread.java:748)
Caused by: org.apache.ratis.thirdparty.io.grpc.StatusRuntimeException: UNAVAILABLE: io exception
	at org.apache.ratis.thirdparty.io.grpc.stub.ClientCalls.toStatusRuntimeException(ClientCalls.java:233)
	at org.apache.ratis.thirdparty.io.grpc.stub.ClientCalls.getUnchecked(ClientCalls.java:214)
	at org.apache.ratis.thirdparty.io.grpc.stub.ClientCalls.blockingUnaryCall(ClientCalls.java:139)
	at org.apache.ratis.proto.grpc.RaftServerProtocolServiceGrpc$RaftServerProtocolServiceBlockingStub.requestVote(RaftServerProtocolServiceGrpc.java:265)
	at org.apache.ratis.grpc.server.GrpcServerProtocolClient.requestVote(GrpcServerProtocolClient.java:99)
	at org.apache.ratis.grpc.server.GrpcService.requestVote(GrpcService.java:204)
	at org.apache.ratis.server.impl.LeaderElection.lambda$submitRequests$1(LeaderElection.java:234)
	at java.util.concurrent.FutureTask.run(FutureTask.java:266)
	at java.util.concurrent.Executors$RunnableAdapter.call(Executors.java:511)
	at java.util.concurrent.FutureTask.run(FutureTask.java:266)
	at java.util.concurrent.ThreadPoolExecutor.runWorker(ThreadPoolExecutor.java:1149)
	at java.util.concurrent.ThreadPoolExecutor$Worker.run(ThreadPoolExecutor.java:624)
	... 1 more
Caused by: org.apache.ratis.thirdparty.io.netty.channel.AbstractChannel$AnnotatedConnectException: Connection refused: /192.168.69.82:42567
	at sun.nio.ch.SocketChannelImpl.checkConnect(Native Method)
	at sun.nio.ch.SocketChannelImpl.finishConnect(SocketChannelImpl.java:717)
	at org.apache.ratis.thirdparty.io.netty.channel.socket.nio.NioSocketChannel.doFinishConnect(NioSocketChannel.java:327)
	at org.apache.ratis.thirdparty.io.netty.channel.nio.AbstractNioChannel$AbstractNioUnsafe.finishConnect(AbstractNioChannel.java:340)
	at org.apache.ratis.thirdparty.io.netty.channel.nio.NioEventLoop.processSelectedKey(NioEventLoop.java:632)
	at org.apache.ratis.thirdparty.io.netty.channel.nio.NioEventLoop.processSelectedKeysOptimized(NioEventLoop.java:579)
	at org.apache.ratis.thirdparty.io.netty.channel.nio.NioEventLoop.processSelectedKeys(NioEventLoop.java:496)
	at org.apache.ratis.thirdparty.io.netty.channel.nio.NioEventLoop.run(NioEventLoop.java:458)
	at org.apache.ratis.thirdparty.io.netty.util.concurrent.SingleThreadEventExecutor$5.run(SingleThreadEventExecutor.java:897)
	at org.apache.ratis.thirdparty.io.netty.util.concurrent.FastThreadLocalRunnable.run(FastThreadLocalRunnable.java:30)
	... 1 more
Caused by: java.net.ConnectException: Connection refused
	... 11 more
2019-10-17 05:57:23,649 [9f06b4c9-079f-4989-8935-c6be59ddc82e@group-0D1055093416-LeaderElection220] INFO  impl.LeaderElection (LogUtils.java:infoOrTrace(149)) - 9f06b4c9-079f-4989-8935-c6be59ddc82e@group-0D1055093416-LeaderElection220 got exception when requesting votes: {}
java.util.concurrent.ExecutionException: org.apache.ratis.thirdparty.io.grpc.StatusRuntimeException: UNAVAILABLE: io exception
	at java.util.concurrent.FutureTask.report(FutureTask.java:122)
	at java.util.concurrent.FutureTask.get(FutureTask.java:192)
	at org.apache.ratis.server.impl.LeaderElection.waitForResults(LeaderElection.java:259)
	at org.apache.ratis.server.impl.LeaderElection.askForVotes(LeaderElection.java:197)
	at org.apache.ratis.server.impl.LeaderElection.run(LeaderElection.java:133)
	at java.lang.Thread.run(Thread.java:748)
Caused by: org.apache.ratis.thirdparty.io.grpc.StatusRuntimeException: UNAVAILABLE: io exception
	at org.apache.ratis.thirdparty.io.grpc.stub.ClientCalls.toStatusRuntimeException(ClientCalls.java:233)
	at org.apache.ratis.thirdparty.io.grpc.stub.ClientCalls.getUnchecked(ClientCalls.java:214)
	at org.apache.ratis.thirdparty.io.grpc.stub.ClientCalls.blockingUnaryCall(ClientCalls.java:139)
	at org.apache.ratis.proto.grpc.RaftServerProtocolServiceGrpc$RaftServerProtocolServiceBlockingStub.requestVote(RaftServerProtocolServiceGrpc.java:265)
	at org.apache.ratis.grpc.server.GrpcServerProtocolClient.requestVote(GrpcServerProtocolClient.java:99)
	at org.apache.ratis.grpc.server.GrpcService.requestVote(GrpcService.java:204)
	at org.apache.ratis.server.impl.LeaderElection.lambda$submitRequests$1(LeaderElection.java:234)
	at java.util.concurrent.FutureTask.run(FutureTask.java:266)
	at java.util.concurrent.Executors$RunnableAdapter.call(Executors.java:511)
	at java.util.concurrent.FutureTask.run(FutureTask.java:266)
	at java.util.concurrent.ThreadPoolExecutor.runWorker(ThreadPoolExecutor.java:1149)
	at java.util.concurrent.ThreadPoolExecutor$Worker.run(ThreadPoolExecutor.java:624)
	... 1 more
Caused by: org.apache.ratis.thirdparty.io.netty.channel.AbstractChannel$AnnotatedConnectException: Connection refused: /192.168.69.82:35388
	at sun.nio.ch.SocketChannelImpl.checkConnect(Native Method)
	at sun.nio.ch.SocketChannelImpl.finishConnect(SocketChannelImpl.java:717)
	at org.apache.ratis.thirdparty.io.netty.channel.socket.nio.NioSocketChannel.doFinishConnect(NioSocketChannel.java:327)
	at org.apache.ratis.thirdparty.io.netty.channel.nio.AbstractNioChannel$AbstractNioUnsafe.finishConnect(AbstractNioChannel.java:340)
	at org.apache.ratis.thirdparty.io.netty.channel.nio.NioEventLoop.processSelectedKey(NioEventLoop.java:632)
	at org.apache.ratis.thirdparty.io.netty.channel.nio.NioEventLoop.processSelectedKeysOptimized(NioEventLoop.java:579)
	at org.apache.ratis.thirdparty.io.netty.channel.nio.NioEventLoop.processSelectedKeys(NioEventLoop.java:496)
	at org.apache.ratis.thirdparty.io.netty.channel.nio.NioEventLoop.run(NioEventLoop.java:458)
	at org.apache.ratis.thirdparty.io.netty.util.concurrent.SingleThreadEventExecutor$5.run(SingleThreadEventExecutor.java:897)
	at org.apache.ratis.thirdparty.io.netty.util.concurrent.FastThreadLocalRunnable.run(FastThreadLocalRunnable.java:30)
	... 1 more
Caused by: java.net.ConnectException: Connection refused
	... 11 more
2019-10-17 05:57:23,649 [9f06b4c9-079f-4989-8935-c6be59ddc82e@group-0D1055093416-LeaderElection220] INFO  impl.LeaderElection (LeaderElection.java:logAndReturn(56)) - 9f06b4c9-079f-4989-8935-c6be59ddc82e@group-0D1055093416-LeaderElection220: Election REJECTED; received 0 response(s) [] and 2 exception(s); 9f06b4c9-079f-4989-8935-c6be59ddc82e@group-0D1055093416:t210, leader=null, voted=9f06b4c9-079f-4989-8935-c6be59ddc82e, raftlog=9f06b4c9-079f-4989-8935-c6be59ddc82e@group-0D1055093416-SegmentedRaftLog:OPENED:c-1,f-1,i0, conf=-1: [9f06b4c9-079f-4989-8935-c6be59ddc82e:192.168.69.82:36391, b282f9e2-3bd4-452e-9c35-1adeacc39134:192.168.69.82:42567, 3ce2c7b7-3df7-42de-af28-9ba1d65ea84e:192.168.69.82:35388], old=null
2019-10-17 05:57:23,650 [9f06b4c9-079f-4989-8935-c6be59ddc82e@group-0D1055093416-LeaderElection220] INFO  impl.LeaderElection (LogUtils.java:infoOrTrace(149)) -   Exception 0: {}
java.util.concurrent.ExecutionException: org.apache.ratis.thirdparty.io.grpc.StatusRuntimeException: UNAVAILABLE: io exception
	at java.util.concurrent.FutureTask.report(FutureTask.java:122)
	at java.util.concurrent.FutureTask.get(FutureTask.java:192)
	at org.apache.ratis.server.impl.LeaderElection.waitForResults(LeaderElection.java:259)
	at org.apache.ratis.server.impl.LeaderElection.askForVotes(LeaderElection.java:197)
	at org.apache.ratis.server.impl.LeaderElection.run(LeaderElection.java:133)
	at java.lang.Thread.run(Thread.java:748)
Caused by: org.apache.ratis.thirdparty.io.grpc.StatusRuntimeException: UNAVAILABLE: io exception
	at org.apache.ratis.thirdparty.io.grpc.stub.ClientCalls.toStatusRuntimeException(ClientCalls.java:233)
	at org.apache.ratis.thirdparty.io.grpc.stub.ClientCalls.getUnchecked(ClientCalls.java:214)
	at org.apache.ratis.thirdparty.io.grpc.stub.ClientCalls.blockingUnaryCall(ClientCalls.java:139)
	at org.apache.ratis.proto.grpc.RaftServerProtocolServiceGrpc$RaftServerProtocolServiceBlockingStub.requestVote(RaftServerProtocolServiceGrpc.java:265)
	at org.apache.ratis.grpc.server.GrpcServerProtocolClient.requestVote(GrpcServerProtocolClient.java:99)
	at org.apache.ratis.grpc.server.GrpcService.requestVote(GrpcService.java:204)
	at org.apache.ratis.server.impl.LeaderElection.lambda$submitRequests$1(LeaderElection.java:234)
	at java.util.concurrent.FutureTask.run(FutureTask.java:266)
	at java.util.concurrent.Executors$RunnableAdapter.call(Executors.java:511)
	at java.util.concurrent.FutureTask.run(FutureTask.java:266)
	at java.util.concurrent.ThreadPoolExecutor.runWorker(ThreadPoolExecutor.java:1149)
	at java.util.concurrent.ThreadPoolExecutor$Worker.run(ThreadPoolExecutor.java:624)
	... 1 more
Caused by: org.apache.ratis.thirdparty.io.netty.channel.AbstractChannel$AnnotatedConnectException: Connection refused: /192.168.69.82:42567
	at sun.nio.ch.SocketChannelImpl.checkConnect(Native Method)
	at sun.nio.ch.SocketChannelImpl.finishConnect(SocketChannelImpl.java:717)
	at org.apache.ratis.thirdparty.io.netty.channel.socket.nio.NioSocketChannel.doFinishConnect(NioSocketChannel.java:327)
	at org.apache.ratis.thirdparty.io.netty.channel.nio.AbstractNioChannel$AbstractNioUnsafe.finishConnect(AbstractNioChannel.java:340)
	at org.apache.ratis.thirdparty.io.netty.channel.nio.NioEventLoop.processSelectedKey(NioEventLoop.java:632)
	at org.apache.ratis.thirdparty.io.netty.channel.nio.NioEventLoop.processSelectedKeysOptimized(NioEventLoop.java:579)
	at org.apache.ratis.thirdparty.io.netty.channel.nio.NioEventLoop.processSelectedKeys(NioEventLoop.java:496)
	at org.apache.ratis.thirdparty.io.netty.channel.nio.NioEventLoop.run(NioEventLoop.java:458)
	at org.apache.ratis.thirdparty.io.netty.util.concurrent.SingleThreadEventExecutor$5.run(SingleThreadEventExecutor.java:897)
	at org.apache.ratis.thirdparty.io.netty.util.concurrent.FastThreadLocalRunnable.run(FastThreadLocalRunnable.java:30)
	... 1 more
Caused by: java.net.ConnectException: Connection refused
	... 11 more
2019-10-17 05:57:23,650 [9f06b4c9-079f-4989-8935-c6be59ddc82e@group-0D1055093416-LeaderElection220] INFO  impl.LeaderElection (LogUtils.java:infoOrTrace(149)) -   Exception 1: {}
java.util.concurrent.ExecutionException: org.apache.ratis.thirdparty.io.grpc.StatusRuntimeException: UNAVAILABLE: io exception
	at java.util.concurrent.FutureTask.report(FutureTask.java:122)
	at java.util.concurrent.FutureTask.get(FutureTask.java:192)
	at org.apache.ratis.server.impl.LeaderElection.waitForResults(LeaderElection.java:259)
	at org.apache.ratis.server.impl.LeaderElection.askForVotes(LeaderElection.java:197)
	at org.apache.ratis.server.impl.LeaderElection.run(LeaderElection.java:133)
	at java.lang.Thread.run(Thread.java:748)
Caused by: org.apache.ratis.thirdparty.io.grpc.StatusRuntimeException: UNAVAILABLE: io exception
	at org.apache.ratis.thirdparty.io.grpc.stub.ClientCalls.toStatusRuntimeException(ClientCalls.java:233)
	at org.apache.ratis.thirdparty.io.grpc.stub.ClientCalls.getUnchecked(ClientCalls.java:214)
	at org.apache.ratis.thirdparty.io.grpc.stub.ClientCalls.blockingUnaryCall(ClientCalls.java:139)
	at org.apache.ratis.proto.grpc.RaftServerProtocolServiceGrpc$RaftServerProtocolServiceBlockingStub.requestVote(RaftServerProtocolServiceGrpc.java:265)
	at org.apache.ratis.grpc.server.GrpcServerProtocolClient.requestVote(GrpcServerProtocolClient.java:99)
	at org.apache.ratis.grpc.server.GrpcService.requestVote(GrpcService.java:204)
	at org.apache.ratis.server.impl.LeaderElection.lambda$submitRequests$1(LeaderElection.java:234)
	at java.util.concurrent.FutureTask.run(FutureTask.java:266)
	at java.util.concurrent.Executors$RunnableAdapter.call(Executors.java:511)
	at java.util.concurrent.FutureTask.run(FutureTask.java:266)
	at java.util.concurrent.ThreadPoolExecutor.runWorker(ThreadPoolExecutor.java:1149)
	at java.util.concurrent.ThreadPoolExecutor$Worker.run(ThreadPoolExecutor.java:624)
	... 1 more
Caused by: org.apache.ratis.thirdparty.io.netty.channel.AbstractChannel$AnnotatedConnectException: Connection refused: /192.168.69.82:35388
	at sun.nio.ch.SocketChannelImpl.checkConnect(Native Method)
	at sun.nio.ch.SocketChannelImpl.finishConnect(SocketChannelImpl.java:717)
	at org.apache.ratis.thirdparty.io.netty.channel.socket.nio.NioSocketChannel.doFinishConnect(NioSocketChannel.java:327)
	at org.apache.ratis.thirdparty.io.netty.channel.nio.AbstractNioChannel$AbstractNioUnsafe.finishConnect(AbstractNioChannel.java:340)
	at org.apache.ratis.thirdparty.io.netty.channel.nio.NioEventLoop.processSelectedKey(NioEventLoop.java:632)
	at org.apache.ratis.thirdparty.io.netty.channel.nio.NioEventLoop.processSelectedKeysOptimized(NioEventLoop.java:579)
	at org.apache.ratis.thirdparty.io.netty.channel.nio.NioEventLoop.processSelectedKeys(NioEventLoop.java:496)
	at org.apache.ratis.thirdparty.io.netty.channel.nio.NioEventLoop.run(NioEventLoop.java:458)
	at org.apache.ratis.thirdparty.io.netty.util.concurrent.SingleThreadEventExecutor$5.run(SingleThreadEventExecutor.java:897)
	at org.apache.ratis.thirdparty.io.netty.util.concurrent.FastThreadLocalRunnable.run(FastThreadLocalRunnable.java:30)
	... 1 more
Caused by: java.net.ConnectException: Connection refused
	... 11 more
2019-10-17 05:57:23,650 [9f06b4c9-079f-4989-8935-c6be59ddc82e@group-0D1055093416-LeaderElection220] INFO  impl.RaftServerImpl (RaftServerImpl.java:setRole(184)) - 9f06b4c9-079f-4989-8935-c6be59ddc82e@group-0D1055093416: changes role from CANDIDATE to FOLLOWER at term 210 for DISCOVERED_A_NEW_TERM
2019-10-17 05:57:23,650 [9f06b4c9-079f-4989-8935-c6be59ddc82e@group-0D1055093416-LeaderElection220] INFO  impl.RoleInfo (RoleInfo.java:shutdownLeaderElection(134)) - 9f06b4c9-079f-4989-8935-c6be59ddc82e: shutdown LeaderElection
2019-10-17 05:57:23,650 [9f06b4c9-079f-4989-8935-c6be59ddc82e@group-0D1055093416-LeaderElection220] INFO  impl.RoleInfo (RoleInfo.java:updateAndGet(143)) - 9f06b4c9-079f-4989-8935-c6be59ddc82e: start FollowerState
2019-10-17 05:57:23,693 [Thread-1906] INFO  impl.FollowerState (FollowerState.java:run(108)) - 9f06b4c9-079f-4989-8935-c6be59ddc82e@group-0D1055093416-FollowerState: change to CANDIDATE, lastRpcTime:42ms, electionTimeout:42ms
2019-10-17 05:57:23,693 [Thread-1906] INFO  impl.RoleInfo (RoleInfo.java:shutdownFollowerState(121)) - 9f06b4c9-079f-4989-8935-c6be59ddc82e: shutdown FollowerState
2019-10-17 05:57:23,693 [Thread-1906] INFO  impl.RaftServerImpl (RaftServerImpl.java:setRole(184)) - 9f06b4c9-079f-4989-8935-c6be59ddc82e@group-0D1055093416: changes role from  FOLLOWER to CANDIDATE at term 210 for changeToCandidate
2019-10-17 05:57:23,693 [Thread-1906] INFO  impl.RoleInfo (RoleInfo.java:updateAndGet(143)) - 9f06b4c9-079f-4989-8935-c6be59ddc82e: start LeaderElection
2019-10-17 05:57:23,706 [9f06b4c9-079f-4989-8935-c6be59ddc82e@group-0D1055093416-LeaderElection221] INFO  impl.LeaderElection (LeaderElection.java:askForVotes(178)) - 9f06b4c9-079f-4989-8935-c6be59ddc82e@group-0D1055093416-LeaderElection221: begin an election at term 211 for -1: [9f06b4c9-079f-4989-8935-c6be59ddc82e:192.168.69.82:36391, b282f9e2-3bd4-452e-9c35-1adeacc39134:192.168.69.82:42567, 3ce2c7b7-3df7-42de-af28-9ba1d65ea84e:192.168.69.82:35388], old=null
2019-10-17 05:57:23,707 [9f06b4c9-079f-4989-8935-c6be59ddc82e@group-0D1055093416-LeaderElection221] INFO  impl.LeaderElection (LogUtils.java:infoOrTrace(149)) - 9f06b4c9-079f-4989-8935-c6be59ddc82e@group-0D1055093416-LeaderElection221 got exception when requesting votes: {}
java.util.concurrent.ExecutionException: org.apache.ratis.thirdparty.io.grpc.StatusRuntimeException: UNAVAILABLE: io exception
	at java.util.concurrent.FutureTask.report(FutureTask.java:122)
	at java.util.concurrent.FutureTask.get(FutureTask.java:192)
	at org.apache.ratis.server.impl.LeaderElection.waitForResults(LeaderElection.java:259)
	at org.apache.ratis.server.impl.LeaderElection.askForVotes(LeaderElection.java:197)
	at org.apache.ratis.server.impl.LeaderElection.run(LeaderElection.java:133)
	at java.lang.Thread.run(Thread.java:748)
Caused by: org.apache.ratis.thirdparty.io.grpc.StatusRuntimeException: UNAVAILABLE: io exception
	at org.apache.ratis.thirdparty.io.grpc.stub.ClientCalls.toStatusRuntimeException(ClientCalls.java:233)
	at org.apache.ratis.thirdparty.io.grpc.stub.ClientCalls.getUnchecked(ClientCalls.java:214)
	at org.apache.ratis.thirdparty.io.grpc.stub.ClientCalls.blockingUnaryCall(ClientCalls.java:139)
	at org.apache.ratis.proto.grpc.RaftServerProtocolServiceGrpc$RaftServerProtocolServiceBlockingStub.requestVote(RaftServerProtocolServiceGrpc.java:265)
	at org.apache.ratis.grpc.server.GrpcServerProtocolClient.requestVote(GrpcServerProtocolClient.java:99)
	at org.apache.ratis.grpc.server.GrpcService.requestVote(GrpcService.java:204)
	at org.apache.ratis.server.impl.LeaderElection.lambda$submitRequests$1(LeaderElection.java:234)
	at java.util.concurrent.FutureTask.run(FutureTask.java:266)
	at java.util.concurrent.Executors$RunnableAdapter.call(Executors.java:511)
	at java.util.concurrent.FutureTask.run(FutureTask.java:266)
	at java.util.concurrent.ThreadPoolExecutor.runWorker(ThreadPoolExecutor.java:1149)
	at java.util.concurrent.ThreadPoolExecutor$Worker.run(ThreadPoolExecutor.java:624)
	... 1 more
Caused by: org.apache.ratis.thirdparty.io.netty.channel.AbstractChannel$AnnotatedConnectException: Connection refused: /192.168.69.82:42567
	at sun.nio.ch.SocketChannelImpl.checkConnect(Native Method)
	at sun.nio.ch.SocketChannelImpl.finishConnect(SocketChannelImpl.java:717)
	at org.apache.ratis.thirdparty.io.netty.channel.socket.nio.NioSocketChannel.doFinishConnect(NioSocketChannel.java:327)
	at org.apache.ratis.thirdparty.io.netty.channel.nio.AbstractNioChannel$AbstractNioUnsafe.finishConnect(AbstractNioChannel.java:340)
	at org.apache.ratis.thirdparty.io.netty.channel.nio.NioEventLoop.processSelectedKey(NioEventLoop.java:632)
	at org.apache.ratis.thirdparty.io.netty.channel.nio.NioEventLoop.processSelectedKeysOptimized(NioEventLoop.java:579)
	at org.apache.ratis.thirdparty.io.netty.channel.nio.NioEventLoop.processSelectedKeys(NioEventLoop.java:496)
	at org.apache.ratis.thirdparty.io.netty.channel.nio.NioEventLoop.run(NioEventLoop.java:458)
	at org.apache.ratis.thirdparty.io.netty.util.concurrent.SingleThreadEventExecutor$5.run(SingleThreadEventExecutor.java:897)
	at org.apache.ratis.thirdparty.io.netty.util.concurrent.FastThreadLocalRunnable.run(FastThreadLocalRunnable.java:30)
	... 1 more
Caused by: java.net.ConnectException: Connection refused
	... 11 more
2019-10-17 05:57:23,708 [9f06b4c9-079f-4989-8935-c6be59ddc82e@group-0D1055093416-LeaderElection221] INFO  impl.LeaderElection (LogUtils.java:infoOrTrace(149)) - 9f06b4c9-079f-4989-8935-c6be59ddc82e@group-0D1055093416-LeaderElection221 got exception when requesting votes: {}
java.util.concurrent.ExecutionException: org.apache.ratis.thirdparty.io.grpc.StatusRuntimeException: UNAVAILABLE: io exception
	at java.util.concurrent.FutureTask.report(FutureTask.java:122)
	at java.util.concurrent.FutureTask.get(FutureTask.java:192)
	at org.apache.ratis.server.impl.LeaderElection.waitForResults(LeaderElection.java:259)
	at org.apache.ratis.server.impl.LeaderElection.askForVotes(LeaderElection.java:197)
	at org.apache.ratis.server.impl.LeaderElection.run(LeaderElection.java:133)
	at java.lang.Thread.run(Thread.java:748)
Caused by: org.apache.ratis.thirdparty.io.grpc.StatusRuntimeException: UNAVAILABLE: io exception
	at org.apache.ratis.thirdparty.io.grpc.stub.ClientCalls.toStatusRuntimeException(ClientCalls.java:233)
	at org.apache.ratis.thirdparty.io.grpc.stub.ClientCalls.getUnchecked(ClientCalls.java:214)
	at org.apache.ratis.thirdparty.io.grpc.stub.ClientCalls.blockingUnaryCall(ClientCalls.java:139)
	at org.apache.ratis.proto.grpc.RaftServerProtocolServiceGrpc$RaftServerProtocolServiceBlockingStub.requestVote(RaftServerProtocolServiceGrpc.java:265)
	at org.apache.ratis.grpc.server.GrpcServerProtocolClient.requestVote(GrpcServerProtocolClient.java:99)
	at org.apache.ratis.grpc.server.GrpcService.requestVote(GrpcService.java:204)
	at org.apache.ratis.server.impl.LeaderElection.lambda$submitRequests$1(LeaderElection.java:234)
	at java.util.concurrent.FutureTask.run(FutureTask.java:266)
	at java.util.concurrent.Executors$RunnableAdapter.call(Executors.java:511)
	at java.util.concurrent.FutureTask.run(FutureTask.java:266)
	at java.util.concurrent.ThreadPoolExecutor.runWorker(ThreadPoolExecutor.java:1149)
	at java.util.concurrent.ThreadPoolExecutor$Worker.run(ThreadPoolExecutor.java:624)
	... 1 more
Caused by: org.apache.ratis.thirdparty.io.netty.channel.AbstractChannel$AnnotatedConnectException: Connection refused: /192.168.69.82:35388
	at sun.nio.ch.SocketChannelImpl.checkConnect(Native Method)
	at sun.nio.ch.SocketChannelImpl.finishConnect(SocketChannelImpl.java:717)
	at org.apache.ratis.thirdparty.io.netty.channel.socket.nio.NioSocketChannel.doFinishConnect(NioSocketChannel.java:327)
	at org.apache.ratis.thirdparty.io.netty.channel.nio.AbstractNioChannel$AbstractNioUnsafe.finishConnect(AbstractNioChannel.java:340)
	at org.apache.ratis.thirdparty.io.netty.channel.nio.NioEventLoop.processSelectedKey(NioEventLoop.java:632)
	at org.apache.ratis.thirdparty.io.netty.channel.nio.NioEventLoop.processSelectedKeysOptimized(NioEventLoop.java:579)
	at org.apache.ratis.thirdparty.io.netty.channel.nio.NioEventLoop.processSelectedKeys(NioEventLoop.java:496)
	at org.apache.ratis.thirdparty.io.netty.channel.nio.NioEventLoop.run(NioEventLoop.java:458)
	at org.apache.ratis.thirdparty.io.netty.util.concurrent.SingleThreadEventExecutor$5.run(SingleThreadEventExecutor.java:897)
	at org.apache.ratis.thirdparty.io.netty.util.concurrent.FastThreadLocalRunnable.run(FastThreadLocalRunnable.java:30)
	... 1 more
Caused by: java.net.ConnectException: Connection refused
	... 11 more
2019-10-17 05:57:23,708 [9f06b4c9-079f-4989-8935-c6be59ddc82e@group-0D1055093416-LeaderElection221] INFO  impl.LeaderElection (LeaderElection.java:logAndReturn(56)) - 9f06b4c9-079f-4989-8935-c6be59ddc82e@group-0D1055093416-LeaderElection221: Election REJECTED; received 0 response(s) [] and 2 exception(s); 9f06b4c9-079f-4989-8935-c6be59ddc82e@group-0D1055093416:t211, leader=null, voted=9f06b4c9-079f-4989-8935-c6be59ddc82e, raftlog=9f06b4c9-079f-4989-8935-c6be59ddc82e@group-0D1055093416-SegmentedRaftLog:OPENED:c-1,f-1,i0, conf=-1: [9f06b4c9-079f-4989-8935-c6be59ddc82e:192.168.69.82:36391, b282f9e2-3bd4-452e-9c35-1adeacc39134:192.168.69.82:42567, 3ce2c7b7-3df7-42de-af28-9ba1d65ea84e:192.168.69.82:35388], old=null
2019-10-17 05:57:23,708 [9f06b4c9-079f-4989-8935-c6be59ddc82e@group-0D1055093416-LeaderElection221] INFO  impl.LeaderElection (LogUtils.java:infoOrTrace(149)) -   Exception 0: {}
java.util.concurrent.ExecutionException: org.apache.ratis.thirdparty.io.grpc.StatusRuntimeException: UNAVAILABLE: io exception
	at java.util.concurrent.FutureTask.report(FutureTask.java:122)
	at java.util.concurrent.FutureTask.get(FutureTask.java:192)
	at org.apache.ratis.server.impl.LeaderElection.waitForResults(LeaderElection.java:259)
	at org.apache.ratis.server.impl.LeaderElection.askForVotes(LeaderElection.java:197)
	at org.apache.ratis.server.impl.LeaderElection.run(LeaderElection.java:133)
	at java.lang.Thread.run(Thread.java:748)
Caused by: org.apache.ratis.thirdparty.io.grpc.StatusRuntimeException: UNAVAILABLE: io exception
	at org.apache.ratis.thirdparty.io.grpc.stub.ClientCalls.toStatusRuntimeException(ClientCalls.java:233)
	at org.apache.ratis.thirdparty.io.grpc.stub.ClientCalls.getUnchecked(ClientCalls.java:214)
	at org.apache.ratis.thirdparty.io.grpc.stub.ClientCalls.blockingUnaryCall(ClientCalls.java:139)
	at org.apache.ratis.proto.grpc.RaftServerProtocolServiceGrpc$RaftServerProtocolServiceBlockingStub.requestVote(RaftServerProtocolServiceGrpc.java:265)
	at org.apache.ratis.grpc.server.GrpcServerProtocolClient.requestVote(GrpcServerProtocolClient.java:99)
	at org.apache.ratis.grpc.server.GrpcService.requestVote(GrpcService.java:204)
	at org.apache.ratis.server.impl.LeaderElection.lambda$submitRequests$1(LeaderElection.java:234)
	at java.util.concurrent.FutureTask.run(FutureTask.java:266)
	at java.util.concurrent.Executors$RunnableAdapter.call(Executors.java:511)
	at java.util.concurrent.FutureTask.run(FutureTask.java:266)
	at java.util.concurrent.ThreadPoolExecutor.runWorker(ThreadPoolExecutor.java:1149)
	at java.util.concurrent.ThreadPoolExecutor$Worker.run(ThreadPoolExecutor.java:624)
	... 1 more
Caused by: org.apache.ratis.thirdparty.io.netty.channel.AbstractChannel$AnnotatedConnectException: Connection refused: /192.168.69.82:42567
	at sun.nio.ch.SocketChannelImpl.checkConnect(Native Method)
	at sun.nio.ch.SocketChannelImpl.finishConnect(SocketChannelImpl.java:717)
	at org.apache.ratis.thirdparty.io.netty.channel.socket.nio.NioSocketChannel.doFinishConnect(NioSocketChannel.java:327)
	at org.apache.ratis.thirdparty.io.netty.channel.nio.AbstractNioChannel$AbstractNioUnsafe.finishConnect(AbstractNioChannel.java:340)
	at org.apache.ratis.thirdparty.io.netty.channel.nio.NioEventLoop.processSelectedKey(NioEventLoop.java:632)
	at org.apache.ratis.thirdparty.io.netty.channel.nio.NioEventLoop.processSelectedKeysOptimized(NioEventLoop.java:579)
	at org.apache.ratis.thirdparty.io.netty.channel.nio.NioEventLoop.processSelectedKeys(NioEventLoop.java:496)
	at org.apache.ratis.thirdparty.io.netty.channel.nio.NioEventLoop.run(NioEventLoop.java:458)
	at org.apache.ratis.thirdparty.io.netty.util.concurrent.SingleThreadEventExecutor$5.run(SingleThreadEventExecutor.java:897)
	at org.apache.ratis.thirdparty.io.netty.util.concurrent.FastThreadLocalRunnable.run(FastThreadLocalRunnable.java:30)
	... 1 more
Caused by: java.net.ConnectException: Connection refused
	... 11 more
2019-10-17 05:57:23,708 [9f06b4c9-079f-4989-8935-c6be59ddc82e@group-0D1055093416-LeaderElection221] INFO  impl.LeaderElection (LogUtils.java:infoOrTrace(149)) -   Exception 1: {}
java.util.concurrent.ExecutionException: org.apache.ratis.thirdparty.io.grpc.StatusRuntimeException: UNAVAILABLE: io exception
	at java.util.concurrent.FutureTask.report(FutureTask.java:122)
	at java.util.concurrent.FutureTask.get(FutureTask.java:192)
	at org.apache.ratis.server.impl.LeaderElection.waitForResults(LeaderElection.java:259)
	at org.apache.ratis.server.impl.LeaderElection.askForVotes(LeaderElection.java:197)
	at org.apache.ratis.server.impl.LeaderElection.run(LeaderElection.java:133)
	at java.lang.Thread.run(Thread.java:748)
Caused by: org.apache.ratis.thirdparty.io.grpc.StatusRuntimeException: UNAVAILABLE: io exception
	at org.apache.ratis.thirdparty.io.grpc.stub.ClientCalls.toStatusRuntimeException(ClientCalls.java:233)
	at org.apache.ratis.thirdparty.io.grpc.stub.ClientCalls.getUnchecked(ClientCalls.java:214)
	at org.apache.ratis.thirdparty.io.grpc.stub.ClientCalls.blockingUnaryCall(ClientCalls.java:139)
	at org.apache.ratis.proto.grpc.RaftServerProtocolServiceGrpc$RaftServerProtocolServiceBlockingStub.requestVote(RaftServerProtocolServiceGrpc.java:265)
	at org.apache.ratis.grpc.server.GrpcServerProtocolClient.requestVote(GrpcServerProtocolClient.java:99)
	at org.apache.ratis.grpc.server.GrpcService.requestVote(GrpcService.java:204)
	at org.apache.ratis.server.impl.LeaderElection.lambda$submitRequests$1(LeaderElection.java:234)
	at java.util.concurrent.FutureTask.run(FutureTask.java:266)
	at java.util.concurrent.Executors$RunnableAdapter.call(Executors.java:511)
	at java.util.concurrent.FutureTask.run(FutureTask.java:266)
	at java.util.concurrent.ThreadPoolExecutor.runWorker(ThreadPoolExecutor.java:1149)
	at java.util.concurrent.ThreadPoolExecutor$Worker.run(ThreadPoolExecutor.java:624)
	... 1 more
Caused by: org.apache.ratis.thirdparty.io.netty.channel.AbstractChannel$AnnotatedConnectException: Connection refused: /192.168.69.82:35388
	at sun.nio.ch.SocketChannelImpl.checkConnect(Native Method)
	at sun.nio.ch.SocketChannelImpl.finishConnect(SocketChannelImpl.java:717)
	at org.apache.ratis.thirdparty.io.netty.channel.socket.nio.NioSocketChannel.doFinishConnect(NioSocketChannel.java:327)
	at org.apache.ratis.thirdparty.io.netty.channel.nio.AbstractNioChannel$AbstractNioUnsafe.finishConnect(AbstractNioChannel.java:340)
	at org.apache.ratis.thirdparty.io.netty.channel.nio.NioEventLoop.processSelectedKey(NioEventLoop.java:632)
	at org.apache.ratis.thirdparty.io.netty.channel.nio.NioEventLoop.processSelectedKeysOptimized(NioEventLoop.java:579)
	at org.apache.ratis.thirdparty.io.netty.channel.nio.NioEventLoop.processSelectedKeys(NioEventLoop.java:496)
	at org.apache.ratis.thirdparty.io.netty.channel.nio.NioEventLoop.run(NioEventLoop.java:458)
	at org.apache.ratis.thirdparty.io.netty.util.concurrent.SingleThreadEventExecutor$5.run(SingleThreadEventExecutor.java:897)
	at org.apache.ratis.thirdparty.io.netty.util.concurrent.FastThreadLocalRunnable.run(FastThreadLocalRunnable.java:30)
	... 1 more
Caused by: java.net.ConnectException: Connection refused
	... 11 more
2019-10-17 05:57:23,709 [9f06b4c9-079f-4989-8935-c6be59ddc82e@group-0D1055093416-LeaderElection221] INFO  impl.RaftServerImpl (RaftServerImpl.java:setRole(184)) - 9f06b4c9-079f-4989-8935-c6be59ddc82e@group-0D1055093416: changes role from CANDIDATE to FOLLOWER at term 211 for DISCOVERED_A_NEW_TERM
2019-10-17 05:57:23,709 [9f06b4c9-079f-4989-8935-c6be59ddc82e@group-0D1055093416-LeaderElection221] INFO  impl.RoleInfo (RoleInfo.java:shutdownLeaderElection(134)) - 9f06b4c9-079f-4989-8935-c6be59ddc82e: shutdown LeaderElection
2019-10-17 05:57:23,709 [9f06b4c9-079f-4989-8935-c6be59ddc82e@group-0D1055093416-LeaderElection221] INFO  impl.RoleInfo (RoleInfo.java:updateAndGet(143)) - 9f06b4c9-079f-4989-8935-c6be59ddc82e: start FollowerState
2019-10-17 05:57:23,760 [main] INFO  ozoneimpl.OzoneContainer (OzoneContainer.java:stop(227)) - Attempting to stop container services.
2019-10-17 05:57:23,761 [main] INFO  impl.RaftServerProxy (RaftServerProxy.java:lambda$close$4(314)) - 9f06b4c9-079f-4989-8935-c6be59ddc82e: close
2019-10-17 05:57:23,762 [main] INFO  impl.RaftServerImpl (RaftServerImpl.java:lambda$shutdown$3(261)) - 9f06b4c9-079f-4989-8935-c6be59ddc82e@group-29A8954181A4: shutdown
2019-10-17 05:57:23,762 [main] INFO  util.JmxRegister (JmxRegister.java:unregister(73)) - Successfully un-registered JMX Bean with object name Ratis:service=RaftServer,group=group-29A8954181A4,id=9f06b4c9-079f-4989-8935-c6be59ddc82e
2019-10-17 05:57:23,762 [main] INFO  impl.RoleInfo (RoleInfo.java:shutdownLeaderState(104)) - 9f06b4c9-079f-4989-8935-c6be59ddc82e: shutdown LeaderState
2019-10-17 05:57:23,763 [main] INFO  impl.PendingRequests (PendingRequests.java:sendNotLeaderResponses(202)) - 9f06b4c9-079f-4989-8935-c6be59ddc82e@group-29A8954181A4-PendingRequests: sendNotLeaderResponses
2019-10-17 05:57:23,764 [main] INFO  impl.StateMachineUpdater (StateMachineUpdater.java:stopAndJoin(136)) - 9f06b4c9-079f-4989-8935-c6be59ddc82e@group-29A8954181A4-StateMachineUpdater: set stopIndex = 0
2019-10-17 05:57:23,764 [main] INFO  impl.RaftServerImpl (ServerState.java:close(388)) - 9f06b4c9-079f-4989-8935-c6be59ddc82e@group-29A8954181A4: closes. applyIndex: 0
2019-10-17 05:57:23,765 [9f06b4c9-079f-4989-8935-c6be59ddc82e@group-29A8954181A4-SegmentedRaftLogWorker] INFO  segmented.SegmentedRaftLogWorker (SegmentedRaftLogWorker.java:run(316)) - 9f06b4c9-079f-4989-8935-c6be59ddc82e@group-29A8954181A4-SegmentedRaftLogWorker was interrupted, exiting. There are 0 tasks remaining in the queue.
2019-10-17 05:57:23,769 [main] INFO  segmented.SegmentedRaftLogWorker (SegmentedRaftLogWorker.java:close(224)) - 9f06b4c9-079f-4989-8935-c6be59ddc82e@group-29A8954181A4-SegmentedRaftLogWorker close()
2019-10-17 05:57:23,772 [main] INFO  impl.RaftServerImpl (RaftServerImpl.java:lambda$shutdown$3(261)) - 9f06b4c9-079f-4989-8935-c6be59ddc82e@group-0D1055093416: shutdown
2019-10-17 05:57:23,772 [main] INFO  util.JmxRegister (JmxRegister.java:unregister(73)) - Successfully un-registered JMX Bean with object name Ratis:service=RaftServer,group=group-0D1055093416,id=9f06b4c9-079f-4989-8935-c6be59ddc82e
2019-10-17 05:57:23,773 [main] INFO  impl.RoleInfo (RoleInfo.java:shutdownFollowerState(121)) - 9f06b4c9-079f-4989-8935-c6be59ddc82e: shutdown FollowerState
2019-10-17 05:57:23,773 [main] INFO  impl.StateMachineUpdater (StateMachineUpdater.java:stopAndJoin(136)) - 9f06b4c9-079f-4989-8935-c6be59ddc82e@group-0D1055093416-StateMachineUpdater: set stopIndex = -1
2019-10-17 05:57:23,773 [Thread-1910] INFO  impl.FollowerState (FollowerState.java:run(117)) - 9f06b4c9-079f-4989-8935-c6be59ddc82e@group-0D1055093416-FollowerState was interrupted: java.lang.InterruptedException: sleep interrupted
2019-10-17 05:57:23,773 [main] INFO  impl.RaftServerImpl (ServerState.java:close(388)) - 9f06b4c9-079f-4989-8935-c6be59ddc82e@group-0D1055093416: closes. applyIndex: -1
2019-10-17 05:57:23,774 [9f06b4c9-079f-4989-8935-c6be59ddc82e@group-0D1055093416-SegmentedRaftLogWorker] INFO  segmented.SegmentedRaftLogWorker (SegmentedRaftLogWorker.java:run(316)) - 9f06b4c9-079f-4989-8935-c6be59ddc82e@group-0D1055093416-SegmentedRaftLogWorker was interrupted, exiting. There are 0 tasks remaining in the queue.
2019-10-17 05:57:23,774 [main] INFO  segmented.SegmentedRaftLogWorker (SegmentedRaftLogWorker.java:close(224)) - 9f06b4c9-079f-4989-8935-c6be59ddc82e@group-0D1055093416-SegmentedRaftLogWorker close()
2019-10-17 05:57:23,777 [main] INFO  server.GrpcService (GrpcService.java:closeImpl(164)) - 9f06b4c9-079f-4989-8935-c6be59ddc82e: shutdown server with port 36391 now
2019-10-17 05:57:23,778 [main] INFO  server.GrpcService (GrpcService.java:closeImpl(172)) - 9f06b4c9-079f-4989-8935-c6be59ddc82e: shutdown server with port 36391 successfully
2019-10-17 05:57:23,783 [refreshUsed-/workdir/hadoop-ozone/integration-test/target/test-dir/MiniOzoneClusterImpl-292a2ff3-4780-4182-bb48-82c20e0e309d/datanode-8/data/containers] WARN  fs.CachingGetSpaceUsed (CachingGetSpaceUsed.java:run(183)) - Thread Interrupted waiting to refresh disk information: sleep interrupted
2019-10-17 05:57:23,802 [main] INFO  utils.BackgroundService (BackgroundService.java:shutdown(151)) - Shutting down service BlockDeletingService
2019-10-17 05:57:23,807 [main] INFO  statemachine.DatanodeStateMachine (DatanodeStateMachine.java:stopDaemon(395)) - Ozone container server stopped.
2019-10-17 05:57:23,807 [ForkJoinPool.commonPool-worker-0] INFO  ozoneimpl.OzoneContainer (OzoneContainer.java:stop(227)) - Attempting to stop container services.
2019-10-17 05:57:23,807 [ForkJoinPool.commonPool-worker-0] INFO  impl.RaftServerProxy (RaftServerProxy.java:lambda$close$4(314)) - 8c36b79a-da60-43d4-9d42-baae689ad199: close
2019-10-17 05:57:23,807 [ForkJoinPool.commonPool-worker-0] INFO  impl.RaftServerImpl (RaftServerImpl.java:lambda$shutdown$3(261)) - 8c36b79a-da60-43d4-9d42-baae689ad199@group-3A6C6EE58852: shutdown
2019-10-17 05:57:23,808 [ForkJoinPool.commonPool-worker-0] INFO  util.JmxRegister (JmxRegister.java:unregister(73)) - Successfully un-registered JMX Bean with object name Ratis:service=RaftServer,group=group-3A6C6EE58852,id=8c36b79a-da60-43d4-9d42-baae689ad199
2019-10-17 05:57:23,808 [ForkJoinPool.commonPool-worker-0] INFO  impl.RoleInfo (RoleInfo.java:shutdownLeaderState(104)) - 8c36b79a-da60-43d4-9d42-baae689ad199: shutdown LeaderState
2019-10-17 05:57:23,808 [main] INFO  handler.ContextHandler (ContextHandler.java:doStop(910)) - Stopped o.e.j.w.WebAppContext@59696551{/,null,UNAVAILABLE}{/hddsDatanode}
2019-10-17 05:57:23,808 [ForkJoinPool.commonPool-worker-0] INFO  impl.PendingRequests (PendingRequests.java:sendNotLeaderResponses(202)) - 8c36b79a-da60-43d4-9d42-baae689ad199@group-3A6C6EE58852-PendingRequests: sendNotLeaderResponses
2019-10-17 05:57:23,809 [ForkJoinPool.commonPool-worker-0] INFO  impl.StateMachineUpdater (StateMachineUpdater.java:stopAndJoin(136)) - 8c36b79a-da60-43d4-9d42-baae689ad199@group-3A6C6EE58852-StateMachineUpdater: set stopIndex = 0
2019-10-17 05:57:23,809 [main] INFO  server.AbstractConnector (AbstractConnector.java:doStop(318)) - Stopped ServerConnector@648d0e6d{HTTP/1.1,[http/1.1]}{0.0.0.0:0}
2019-10-17 05:57:23,809 [ForkJoinPool.commonPool-worker-0] INFO  impl.RaftServerImpl (ServerState.java:close(388)) - 8c36b79a-da60-43d4-9d42-baae689ad199@group-3A6C6EE58852: closes. applyIndex: 0
2019-10-17 05:57:23,810 [main] INFO  handler.ContextHandler (ContextHandler.java:doStop(910)) - Stopped o.e.j.s.ServletContextHandler@53311681{/static,jar:file:/home/user/.m2/repository/org/apache/hadoop/hadoop-hdds-container-service/0.5.0-SNAPSHOT/hadoop-hdds-container-service-0.5.0-SNAPSHOT.jar!/webapps/static,UNAVAILABLE}
2019-10-17 05:57:23,810 [8c36b79a-da60-43d4-9d42-baae689ad199@group-3A6C6EE58852-SegmentedRaftLogWorker] INFO  segmented.SegmentedRaftLogWorker (SegmentedRaftLogWorker.java:run(316)) - 8c36b79a-da60-43d4-9d42-baae689ad199@group-3A6C6EE58852-SegmentedRaftLogWorker was interrupted, exiting. There are 0 tasks remaining in the queue.
2019-10-17 05:57:23,810 [main] INFO  handler.ContextHandler (ContextHandler.java:doStop(910)) - Stopped o.e.j.s.ServletContextHandler@79a04e5f{/logs,file:///workdir/hadoop-ozone/integration-test/target/log,UNAVAILABLE}
2019-10-17 05:57:23,817 [java.util.concurrent.ThreadPoolExecutor$Worker@65b35bbb[State = -1, empty queue]] WARN  server.GrpcLogAppender (GrpcLogAppender.java:timeoutAppendRequest(209)) - b5f12832-4a97-45e3-9503-a5cba48636cf@group-74E9893F5999->596a1247-d4fb-4568-97fb-3ff1ce43250d-GrpcLogAppender: appendEntries Timeout, request=b5f12832-4a97-45e3-9503-a5cba48636cf->596a1247-d4fb-4568-97fb-3ff1ce43250d#2-t10, previous=(t:9, i:18), leaderCommit=20, initializing? false, entries: <empty>
2019-10-17 05:57:23,816 [ForkJoinPool.commonPool-worker-0] INFO  segmented.SegmentedRaftLogWorker (SegmentedRaftLogWorker.java:close(224)) - 8c36b79a-da60-43d4-9d42-baae689ad199@group-3A6C6EE58852-SegmentedRaftLogWorker close()
2019-10-17 05:57:23,819 [ForkJoinPool.commonPool-worker-0] INFO  impl.RaftServerImpl (RaftServerImpl.java:lambda$shutdown$3(261)) - 8c36b79a-da60-43d4-9d42-baae689ad199@group-74E9893F5999: shutdown
2019-10-17 05:57:23,819 [ForkJoinPool.commonPool-worker-0] INFO  util.JmxRegister (JmxRegister.java:unregister(73)) - Successfully un-registered JMX Bean with object name Ratis:service=RaftServer,group=group-74E9893F5999,id=8c36b79a-da60-43d4-9d42-baae689ad199
2019-10-17 05:57:23,819 [ForkJoinPool.commonPool-worker-0] INFO  impl.RoleInfo (RoleInfo.java:shutdownFollowerState(121)) - 8c36b79a-da60-43d4-9d42-baae689ad199: shutdown FollowerState
2019-10-17 05:57:23,820 [ForkJoinPool.commonPool-worker-0] INFO  impl.StateMachineUpdater (StateMachineUpdater.java:stopAndJoin(136)) - 8c36b79a-da60-43d4-9d42-baae689ad199@group-74E9893F5999-StateMachineUpdater: set stopIndex = 20
2019-10-17 05:57:23,820 [8c36b79a-da60-43d4-9d42-baae689ad199@group-74E9893F5999-StateMachineUpdater] INFO  ratis.ContainerStateMachine (ContainerStateMachine.java:takeSnapshot(294)) - group-74E9893F5999: Taking a snapshot at:(t:9, i:17) file /workdir/hadoop-ozone/integration-test/target/test-dir/MiniOzoneClusterImpl-292a2ff3-4780-4182-bb48-82c20e0e309d/datanode-4/data/ratis/78e6814e-8f4b-48e6-8bf0-74e9893f5999/sm/snapshot.9_17
2019-10-17 05:57:23,820 [Thread-1512] INFO  impl.FollowerState (FollowerState.java:run(117)) - 8c36b79a-da60-43d4-9d42-baae689ad199@group-74E9893F5999-FollowerState was interrupted: java.lang.InterruptedException: sleep interrupted
2019-10-17 05:57:23,833 [8c36b79a-da60-43d4-9d42-baae689ad199@group-74E9893F5999-StateMachineUpdater] INFO  ratis.ContainerStateMachine (ContainerStateMachine.java:takeSnapshot(305)) - group-74E9893F5999: Finished taking a snapshot at:(t:9, i:17) file:/workdir/hadoop-ozone/integration-test/target/test-dir/MiniOzoneClusterImpl-292a2ff3-4780-4182-bb48-82c20e0e309d/datanode-4/data/ratis/78e6814e-8f4b-48e6-8bf0-74e9893f5999/sm/snapshot.9_17 time:14
2019-10-17 05:57:23,834 [8c36b79a-da60-43d4-9d42-baae689ad199@group-74E9893F5999-StateMachineUpdater] INFO  impl.StateMachineUpdater (StateMachineUpdater.java:takeSnapshot(269)) - 8c36b79a-da60-43d4-9d42-baae689ad199@group-74E9893F5999-StateMachineUpdater: Took a snapshot at index 17
2019-10-17 05:57:23,834 [8c36b79a-da60-43d4-9d42-baae689ad199@group-74E9893F5999-StateMachineUpdater] INFO  impl.StateMachineUpdater (StateMachineUpdater.java:lambda$new$0(84)) - 8c36b79a-da60-43d4-9d42-baae689ad199@group-74E9893F5999-StateMachineUpdater: snapshotIndex: updateIncreasingly -1 -> 17
2019-10-17 05:57:23,834 [8c36b79a-da60-43d4-9d42-baae689ad199@group-74E9893F5999-StateMachineUpdater] INFO  ratis.ContainerStateMachine (ContainerStateMachine.java:takeSnapshot(294)) - group-74E9893F5999: Taking a snapshot at:(t:9, i:17) file /workdir/hadoop-ozone/integration-test/target/test-dir/MiniOzoneClusterImpl-292a2ff3-4780-4182-bb48-82c20e0e309d/datanode-4/data/ratis/78e6814e-8f4b-48e6-8bf0-74e9893f5999/sm/snapshot.9_17
2019-10-17 05:57:23,847 [8c36b79a-da60-43d4-9d42-baae689ad199@group-74E9893F5999-StateMachineUpdater] INFO  ratis.ContainerStateMachine (ContainerStateMachine.java:takeSnapshot(305)) - group-74E9893F5999: Finished taking a snapshot at:(t:9, i:17) file:/workdir/hadoop-ozone/integration-test/target/test-dir/MiniOzoneClusterImpl-292a2ff3-4780-4182-bb48-82c20e0e309d/datanode-4/data/ratis/78e6814e-8f4b-48e6-8bf0-74e9893f5999/sm/snapshot.9_17 time:12
2019-10-17 05:57:23,847 [8c36b79a-da60-43d4-9d42-baae689ad199@group-74E9893F5999-StateMachineUpdater] INFO  impl.StateMachineUpdater (StateMachineUpdater.java:takeSnapshot(269)) - 8c36b79a-da60-43d4-9d42-baae689ad199@group-74E9893F5999-StateMachineUpdater: Took a snapshot at index 17
2019-10-17 05:57:23,847 [8c36b79a-da60-43d4-9d42-baae689ad199@group-74E9893F5999-StateMachineUpdater] INFO  impl.StateMachineUpdater (StateMachineUpdater.java:lambda$new$0(84)) - 8c36b79a-da60-43d4-9d42-baae689ad199@group-74E9893F5999-StateMachineUpdater: snapshotIndex: updateIncreasingly 17 -> 17
2019-10-17 05:57:23,847 [ForkJoinPool.commonPool-worker-0] INFO  impl.RaftServerImpl (ServerState.java:close(388)) - 8c36b79a-da60-43d4-9d42-baae689ad199@group-74E9893F5999: closes. applyIndex: 20
2019-10-17 05:57:23,848 [8c36b79a-da60-43d4-9d42-baae689ad199@group-74E9893F5999-SegmentedRaftLogWorker] INFO  segmented.SegmentedRaftLogWorker (SegmentedRaftLogWorker.java:run(316)) - 8c36b79a-da60-43d4-9d42-baae689ad199@group-74E9893F5999-SegmentedRaftLogWorker was interrupted, exiting. There are 0 tasks remaining in the queue.
2019-10-17 05:57:23,848 [ForkJoinPool.commonPool-worker-0] INFO  segmented.SegmentedRaftLogWorker (SegmentedRaftLogWorker.java:close(224)) - 8c36b79a-da60-43d4-9d42-baae689ad199@group-74E9893F5999-SegmentedRaftLogWorker close()
2019-10-17 05:57:23,850 [ForkJoinPool.commonPool-worker-0] INFO  server.GrpcService (GrpcService.java:closeImpl(164)) - 8c36b79a-da60-43d4-9d42-baae689ad199: shutdown server with port 45199 now
2019-10-17 05:57:23,851 [ForkJoinPool.commonPool-worker-0] INFO  server.GrpcService (GrpcService.java:closeImpl(172)) - 8c36b79a-da60-43d4-9d42-baae689ad199: shutdown server with port 45199 successfully
2019-10-17 05:57:23,852 [grpc-default-executor-1] WARN  server.GrpcServerProtocolService (LogUtils.java:warn(134)) - 8c36b79a-da60-43d4-9d42-baae689ad199: installSnapshot onError, lastRequest: b5f12832-4a97-45e3-9503-a5cba48636cf->8c36b79a-da60-43d4-9d42-baae689ad199#19-t10, previous=(t:10, i:20), leaderCommit=20, initializing? false, entries: <empty>: org.apache.ratis.thirdparty.io.grpc.StatusRuntimeException: CANCELLED: cancelled before receiving half close
2019-10-17 05:57:23,852 [grpc-default-executor-6] WARN  server.GrpcLogAppender (LogUtils.java:warn(134)) - b5f12832-4a97-45e3-9503-a5cba48636cf@group-74E9893F5999->8c36b79a-da60-43d4-9d42-baae689ad199-AppendLogResponseHandler: Failed appendEntries: org.apache.ratis.thirdparty.io.grpc.StatusRuntimeException: CANCELLED: HTTP/2 error code: CANCEL
Received Rst Stream
2019-10-17 05:57:23,855 [refreshUsed-/workdir/hadoop-ozone/integration-test/target/test-dir/MiniOzoneClusterImpl-292a2ff3-4780-4182-bb48-82c20e0e309d/datanode-4/data/containers] WARN  fs.CachingGetSpaceUsed (CachingGetSpaceUsed.java:run(183)) - Thread Interrupted waiting to refresh disk information: sleep interrupted
2019-10-17 05:57:23,871 [ForkJoinPool.commonPool-worker-0] INFO  utils.BackgroundService (BackgroundService.java:shutdown(151)) - Shutting down service BlockDeletingService
2019-10-17 05:57:23,875 [ForkJoinPool.commonPool-worker-0] INFO  statemachine.DatanodeStateMachine (DatanodeStateMachine.java:stopDaemon(395)) - Ozone container server stopped.
2019-10-17 05:57:23,879 [ForkJoinPool.commonPool-worker-0] INFO  handler.ContextHandler (ContextHandler.java:doStop(910)) - Stopped o.e.j.w.WebAppContext@588f63c{/,null,UNAVAILABLE}{/hddsDatanode}
2019-10-17 05:57:23,880 [ForkJoinPool.commonPool-worker-0] INFO  server.AbstractConnector (AbstractConnector.java:doStop(318)) - Stopped ServerConnector@5a6fa56e{HTTP/1.1,[http/1.1]}{0.0.0.0:0}
2019-10-17 05:57:23,881 [ForkJoinPool.commonPool-worker-0] INFO  handler.ContextHandler (ContextHandler.java:doStop(910)) - Stopped o.e.j.s.ServletContextHandler@32e54a9d{/static,jar:file:/home/user/.m2/repository/org/apache/hadoop/hadoop-hdds-container-service/0.5.0-SNAPSHOT/hadoop-hdds-container-service-0.5.0-SNAPSHOT.jar!/webapps/static,UNAVAILABLE}
2019-10-17 05:57:23,883 [ForkJoinPool.commonPool-worker-0] INFO  handler.ContextHandler (ContextHandler.java:doStop(910)) - Stopped o.e.j.s.ServletContextHandler@7100dea{/logs,file:///workdir/hadoop-ozone/integration-test/target/log,UNAVAILABLE}
2019-10-17 05:57:23,921 [java.util.concurrent.ThreadPoolExecutor$Worker@7f6128f[State = -1, empty queue]] WARN  server.GrpcLogAppender (GrpcLogAppender.java:timeoutAppendRequest(209)) - 194f2ff6-41c6-4f9d-98fd-e63bb60a2475@group-7066FE0FC203->d4bb136b-e602-4c0a-8f86-2462710659b1-GrpcLogAppender: appendEntries Timeout, request=194f2ff6-41c6-4f9d-98fd-e63bb60a2475->d4bb136b-e602-4c0a-8f86-2462710659b1#2-t9, previous=(t:8, i:0), leaderCommit=2, initializing? false, entries: <empty>
2019-10-17 05:57:24,120 [Datanode State Machine Thread - 0] INFO  statemachine.DatanodeStateMachine (DatanodeStateMachine.java:lambda$startDaemon$0(350)) - Ozone container server started.
2019-10-17 05:57:24,299 [Datanode State Machine Thread - 0] INFO  statemachine.DatanodeStateMachine (DatanodeStateMachine.java:lambda$startDaemon$0(350)) - Ozone container server started.
2019-10-17 05:57:26,854 [java.util.concurrent.ThreadPoolExecutor$Worker@531fe698[State = -1, empty queue]] WARN  server.GrpcLogAppender (GrpcLogAppender.java:timeoutAppendRequest(209)) - b5f12832-4a97-45e3-9503-a5cba48636cf@group-74E9893F5999->8c36b79a-da60-43d4-9d42-baae689ad199-GrpcLogAppender: appendEntries Timeout, request=b5f12832-4a97-45e3-9503-a5cba48636cf->8c36b79a-da60-43d4-9d42-baae689ad199#20-t10, previous=(t:10, i:20), leaderCommit=20, initializing? false, entries: <empty>
2019-10-17 05:57:26,922 [java.util.concurrent.ThreadPoolExecutor$Worker@7f6128f[State = -1, empty queue]] WARN  server.GrpcLogAppender (GrpcLogAppender.java:timeoutAppendRequest(209)) - 194f2ff6-41c6-4f9d-98fd-e63bb60a2475@group-7066FE0FC203->d4bb136b-e602-4c0a-8f86-2462710659b1-GrpcLogAppender: appendEntries Timeout, request=194f2ff6-41c6-4f9d-98fd-e63bb60a2475->d4bb136b-e602-4c0a-8f86-2462710659b1#3-t9, previous=(t:8, i:0), leaderCommit=2, initializing? false, entries: <empty>
2019-10-17 05:57:27,317 [java.util.concurrent.ThreadPoolExecutor$Worker@65b35bbb[State = -1, empty queue]] WARN  server.GrpcLogAppender (GrpcLogAppender.java:timeoutAppendRequest(209)) - b5f12832-4a97-45e3-9503-a5cba48636cf@group-74E9893F5999->596a1247-d4fb-4568-97fb-3ff1ce43250d-GrpcLogAppender: appendEntries Timeout, request=b5f12832-4a97-45e3-9503-a5cba48636cf->596a1247-d4fb-4568-97fb-3ff1ce43250d#3-t10, previous=(t:9, i:18), leaderCommit=20, initializing? false, entries: <empty>
2019-10-17 05:57:27,354 [java.util.concurrent.ThreadPoolExecutor$Worker@531fe698[State = -1, empty queue]] WARN  server.GrpcLogAppender (GrpcLogAppender.java:timeoutAppendRequest(209)) - b5f12832-4a97-45e3-9503-a5cba48636cf@group-74E9893F5999->8c36b79a-da60-43d4-9d42-baae689ad199-GrpcLogAppender: appendEntries Timeout, request=b5f12832-4a97-45e3-9503-a5cba48636cf->8c36b79a-da60-43d4-9d42-baae689ad199#21-t10, previous=(t:10, i:20), leaderCommit=20, initializing? false, entries: <empty>
2019-10-17 05:57:27,855 [java.util.concurrent.ThreadPoolExecutor$Worker@531fe698[State = -1, empty queue]] WARN  server.GrpcLogAppender (GrpcLogAppender.java:timeoutAppendRequest(209)) - b5f12832-4a97-45e3-9503-a5cba48636cf@group-74E9893F5999->8c36b79a-da60-43d4-9d42-baae689ad199-GrpcLogAppender: appendEntries Timeout, request=b5f12832-4a97-45e3-9503-a5cba48636cf->8c36b79a-da60-43d4-9d42-baae689ad199#22-t10, previous=(t:10, i:20), leaderCommit=20, initializing? false, entries: <empty>
2019-10-17 05:57:28,355 [java.util.concurrent.ThreadPoolExecutor$Worker@531fe698[State = -1, empty queue]] WARN  server.GrpcLogAppender (GrpcLogAppender.java:timeoutAppendRequest(209)) - b5f12832-4a97-45e3-9503-a5cba48636cf@group-74E9893F5999->8c36b79a-da60-43d4-9d42-baae689ad199-GrpcLogAppender: appendEntries Timeout, request=b5f12832-4a97-45e3-9503-a5cba48636cf->8c36b79a-da60-43d4-9d42-baae689ad199#23-t10, previous=(t:10, i:20), leaderCommit=20, initializing? false, entries: <empty>
2019-10-17 05:57:28,820 [main] INFO  ozoneimpl.OzoneContainer (OzoneContainer.java:stop(227)) - Attempting to stop container services.
2019-10-17 05:57:28,821 [main] INFO  impl.RaftServerProxy (RaftServerProxy.java:lambda$close$4(314)) - 194f2ff6-41c6-4f9d-98fd-e63bb60a2475: close
2019-10-17 05:57:28,822 [main] INFO  impl.RaftServerImpl (RaftServerImpl.java:lambda$shutdown$3(261)) - 194f2ff6-41c6-4f9d-98fd-e63bb60a2475@group-9F881B6253BB: shutdown
2019-10-17 05:57:28,822 [main] INFO  util.JmxRegister (JmxRegister.java:unregister(73)) - Successfully un-registered JMX Bean with object name Ratis:service=RaftServer,group=group-9F881B6253BB,id=194f2ff6-41c6-4f9d-98fd-e63bb60a2475
2019-10-17 05:57:28,822 [main] INFO  impl.RoleInfo (RoleInfo.java:shutdownLeaderState(104)) - 194f2ff6-41c6-4f9d-98fd-e63bb60a2475: shutdown LeaderState
2019-10-17 05:57:28,822 [main] INFO  impl.PendingRequests (PendingRequests.java:sendNotLeaderResponses(202)) - 194f2ff6-41c6-4f9d-98fd-e63bb60a2475@group-9F881B6253BB-PendingRequests: sendNotLeaderResponses
2019-10-17 05:57:28,823 [main] INFO  impl.StateMachineUpdater (StateMachineUpdater.java:stopAndJoin(136)) - 194f2ff6-41c6-4f9d-98fd-e63bb60a2475@group-9F881B6253BB-StateMachineUpdater: set stopIndex = 0
2019-10-17 05:57:28,824 [main] INFO  impl.RaftServerImpl (ServerState.java:close(388)) - 194f2ff6-41c6-4f9d-98fd-e63bb60a2475@group-9F881B6253BB: closes. applyIndex: 0
2019-10-17 05:57:28,824 [194f2ff6-41c6-4f9d-98fd-e63bb60a2475@group-9F881B6253BB-SegmentedRaftLogWorker] INFO  segmented.SegmentedRaftLogWorker (SegmentedRaftLogWorker.java:run(316)) - 194f2ff6-41c6-4f9d-98fd-e63bb60a2475@group-9F881B6253BB-SegmentedRaftLogWorker was interrupted, exiting. There are 0 tasks remaining in the queue.
2019-10-17 05:57:28,825 [main] INFO  segmented.SegmentedRaftLogWorker (SegmentedRaftLogWorker.java:close(224)) - 194f2ff6-41c6-4f9d-98fd-e63bb60a2475@group-9F881B6253BB-SegmentedRaftLogWorker close()
2019-10-17 05:57:28,827 [main] INFO  impl.RaftServerImpl (RaftServerImpl.java:lambda$shutdown$3(261)) - 194f2ff6-41c6-4f9d-98fd-e63bb60a2475@group-7066FE0FC203: shutdown
2019-10-17 05:57:28,827 [main] INFO  util.JmxRegister (JmxRegister.java:unregister(73)) - Successfully un-registered JMX Bean with object name Ratis:service=RaftServer,group=group-7066FE0FC203,id=194f2ff6-41c6-4f9d-98fd-e63bb60a2475
2019-10-17 05:57:28,827 [main] INFO  impl.RoleInfo (RoleInfo.java:shutdownLeaderState(104)) - 194f2ff6-41c6-4f9d-98fd-e63bb60a2475: shutdown LeaderState
2019-10-17 05:57:28,830 [main] INFO  impl.PendingRequests (PendingRequests.java:sendNotLeaderResponses(202)) - 194f2ff6-41c6-4f9d-98fd-e63bb60a2475@group-7066FE0FC203-PendingRequests: sendNotLeaderResponses
2019-10-17 05:57:28,830 [org.apache.ratis.server.impl.LogAppender$AppenderDaemon$$Lambda$447/1550530268@6a2e7679] WARN  server.GrpcLogAppender (GrpcLogAppender.java:mayWait(149)) - 194f2ff6-41c6-4f9d-98fd-e63bb60a2475@group-7066FE0FC203->0716e483-2373-428e-a917-ee7c73d3521d-GrpcLogAppender: Wait interrupted by java.lang.InterruptedException
2019-10-17 05:57:28,831 [main] INFO  impl.StateMachineUpdater (StateMachineUpdater.java:stopAndJoin(136)) - 194f2ff6-41c6-4f9d-98fd-e63bb60a2475@group-7066FE0FC203-StateMachineUpdater: set stopIndex = 2
2019-10-17 05:57:28,830 [org.apache.ratis.server.impl.LogAppender$AppenderDaemon$$Lambda$447/1550530268@125ff8f6] WARN  server.GrpcLogAppender (GrpcLogAppender.java:mayWait(149)) - 194f2ff6-41c6-4f9d-98fd-e63bb60a2475@group-7066FE0FC203->d4bb136b-e602-4c0a-8f86-2462710659b1-GrpcLogAppender: Wait interrupted by java.lang.InterruptedException
2019-10-17 05:57:28,832 [main] INFO  impl.RaftServerImpl (ServerState.java:close(388)) - 194f2ff6-41c6-4f9d-98fd-e63bb60a2475@group-7066FE0FC203: closes. applyIndex: 2
2019-10-17 05:57:28,832 [194f2ff6-41c6-4f9d-98fd-e63bb60a2475@group-7066FE0FC203-SegmentedRaftLogWorker] INFO  segmented.SegmentedRaftLogWorker (SegmentedRaftLogWorker.java:run(316)) - 194f2ff6-41c6-4f9d-98fd-e63bb60a2475@group-7066FE0FC203-SegmentedRaftLogWorker was interrupted, exiting. There are 0 tasks remaining in the queue.
2019-10-17 05:57:28,832 [grpc-default-executor-6] INFO  server.GrpcServerProtocolService (GrpcServerProtocolService.java:onCompleted(113)) - 0716e483-2373-428e-a917-ee7c73d3521d: Completed APPEND_ENTRIES, lastRequest: 194f2ff6-41c6-4f9d-98fd-e63bb60a2475->0716e483-2373-428e-a917-ee7c73d3521d#29-t9, previous=(t:9, i:2), leaderCommit=2, initializing? false, entries: <empty>
2019-10-17 05:57:28,832 [main] INFO  segmented.SegmentedRaftLogWorker (SegmentedRaftLogWorker.java:close(224)) - 194f2ff6-41c6-4f9d-98fd-e63bb60a2475@group-7066FE0FC203-SegmentedRaftLogWorker close()
2019-10-17 05:57:28,834 [main] INFO  server.GrpcService (GrpcService.java:closeImpl(164)) - 194f2ff6-41c6-4f9d-98fd-e63bb60a2475: shutdown server with port 43645 now
2019-10-17 05:57:28,836 [grpc-default-executor-6] INFO  server.GrpcLogAppender (GrpcLogAppender.java:onCompleted(308)) - 194f2ff6-41c6-4f9d-98fd-e63bb60a2475@group-7066FE0FC203->0716e483-2373-428e-a917-ee7c73d3521d-AppendLogResponseHandler: follower responses appendEntries COMPLETED
2019-10-17 05:57:28,838 [main] INFO  server.GrpcService (GrpcService.java:closeImpl(172)) - 194f2ff6-41c6-4f9d-98fd-e63bb60a2475: shutdown server with port 43645 successfully
2019-10-17 05:57:28,839 [grpc-default-executor-6] INFO  impl.FollowerInfo (FollowerInfo.java:lambda$new$0(51)) - 194f2ff6-41c6-4f9d-98fd-e63bb60a2475@group-7066FE0FC203->0716e483-2373-428e-a917-ee7c73d3521d: nextIndex: updateUnconditionally 3 -> 2
2019-10-17 05:57:28,840 [refreshUsed-/workdir/hadoop-ozone/integration-test/target/test-dir/MiniOzoneClusterImpl-292a2ff3-4780-4182-bb48-82c20e0e309d/datanode-9/data/containers] WARN  fs.CachingGetSpaceUsed (CachingGetSpaceUsed.java:run(183)) - Thread Interrupted waiting to refresh disk information: sleep interrupted
2019-10-17 05:57:28,856 [main] INFO  utils.BackgroundService (BackgroundService.java:shutdown(151)) - Shutting down service BlockDeletingService
2019-10-17 05:57:28,856 [java.util.concurrent.ThreadPoolExecutor$Worker@531fe698[State = -1, empty queue]] WARN  server.GrpcLogAppender (GrpcLogAppender.java:timeoutAppendRequest(209)) - b5f12832-4a97-45e3-9503-a5cba48636cf@group-74E9893F5999->8c36b79a-da60-43d4-9d42-baae689ad199-GrpcLogAppender: appendEntries Timeout, request=b5f12832-4a97-45e3-9503-a5cba48636cf->8c36b79a-da60-43d4-9d42-baae689ad199#24-t10, previous=(t:10, i:20), leaderCommit=20, initializing? false, entries: <empty>
2019-10-17 05:57:28,859 [main] INFO  statemachine.DatanodeStateMachine (DatanodeStateMachine.java:stopDaemon(395)) - Ozone container server stopped.
2019-10-17 05:57:28,861 [main] INFO  handler.ContextHandler (ContextHandler.java:doStop(910)) - Stopped o.e.j.w.WebAppContext@10c72a6f{/,null,UNAVAILABLE}{/hddsDatanode}
2019-10-17 05:57:28,862 [main] INFO  server.AbstractConnector (AbstractConnector.java:doStop(318)) - Stopped ServerConnector@70e94ecb{HTTP/1.1,[http/1.1]}{0.0.0.0:0}
2019-10-17 05:57:28,862 [main] INFO  handler.ContextHandler (ContextHandler.java:doStop(910)) - Stopped o.e.j.s.ServletContextHandler@19a64eae{/static,jar:file:/home/user/.m2/repository/org/apache/hadoop/hadoop-hdds-container-service/0.5.0-SNAPSHOT/hadoop-hdds-container-service-0.5.0-SNAPSHOT.jar!/webapps/static,UNAVAILABLE}
2019-10-17 05:57:28,863 [main] INFO  handler.ContextHandler (ContextHandler.java:doStop(910)) - Stopped o.e.j.s.ServletContextHandler@6cbd0674{/logs,file:///workdir/hadoop-ozone/integration-test/target/log,UNAVAILABLE}
2019-10-17 05:57:28,867 [Datanode State Machine Thread - 0] INFO  statemachine.DatanodeStateMachine (DatanodeStateMachine.java:lambda$startDaemon$0(350)) - Ozone container server started.
2019-10-17 05:57:28,884 [ForkJoinPool.commonPool-worker-0] INFO  ozoneimpl.OzoneContainer (OzoneContainer.java:stop(227)) - Attempting to stop container services.
2019-10-17 05:57:28,885 [ForkJoinPool.commonPool-worker-0] INFO  impl.RaftServerProxy (RaftServerProxy.java:lambda$close$4(314)) - 3583ecf1-427c-4dcd-8d70-ec9fb58a3d28: close
2019-10-17 05:57:28,885 [ForkJoinPool.commonPool-worker-0] INFO  impl.RaftServerImpl (RaftServerImpl.java:lambda$shutdown$3(261)) - 3583ecf1-427c-4dcd-8d70-ec9fb58a3d28@group-D08209215A54: shutdown
2019-10-17 05:57:28,885 [ForkJoinPool.commonPool-worker-0] INFO  util.JmxRegister (JmxRegister.java:unregister(73)) - Successfully un-registered JMX Bean with object name Ratis:service=RaftServer,group=group-D08209215A54,id=3583ecf1-427c-4dcd-8d70-ec9fb58a3d28
2019-10-17 05:57:28,885 [ForkJoinPool.commonPool-worker-0] INFO  impl.RoleInfo (RoleInfo.java:shutdownLeaderState(104)) - 3583ecf1-427c-4dcd-8d70-ec9fb58a3d28: shutdown LeaderState
2019-10-17 05:57:28,886 [ForkJoinPool.commonPool-worker-0] INFO  impl.PendingRequests (PendingRequests.java:sendNotLeaderResponses(202)) - 3583ecf1-427c-4dcd-8d70-ec9fb58a3d28@group-D08209215A54-PendingRequests: sendNotLeaderResponses
2019-10-17 05:57:28,886 [ForkJoinPool.commonPool-worker-0] INFO  impl.StateMachineUpdater (StateMachineUpdater.java:stopAndJoin(136)) - 3583ecf1-427c-4dcd-8d70-ec9fb58a3d28@group-D08209215A54-StateMachineUpdater: set stopIndex = 0
2019-10-17 05:57:28,886 [ForkJoinPool.commonPool-worker-0] INFO  impl.RaftServerImpl (ServerState.java:close(388)) - 3583ecf1-427c-4dcd-8d70-ec9fb58a3d28@group-D08209215A54: closes. applyIndex: 0
2019-10-17 05:57:28,887 [3583ecf1-427c-4dcd-8d70-ec9fb58a3d28@group-D08209215A54-SegmentedRaftLogWorker] INFO  segmented.SegmentedRaftLogWorker (SegmentedRaftLogWorker.java:run(316)) - 3583ecf1-427c-4dcd-8d70-ec9fb58a3d28@group-D08209215A54-SegmentedRaftLogWorker was interrupted, exiting. There are 0 tasks remaining in the queue.
2019-10-17 05:57:28,897 [ForkJoinPool.commonPool-worker-0] INFO  segmented.SegmentedRaftLogWorker (SegmentedRaftLogWorker.java:close(224)) - 3583ecf1-427c-4dcd-8d70-ec9fb58a3d28@group-D08209215A54-SegmentedRaftLogWorker close()
2019-10-17 05:57:28,898 [ForkJoinPool.commonPool-worker-0] INFO  server.GrpcService (GrpcService.java:closeImpl(164)) - 3583ecf1-427c-4dcd-8d70-ec9fb58a3d28: shutdown server with port 33910 now
2019-10-17 05:57:28,900 [ForkJoinPool.commonPool-worker-0] INFO  server.GrpcService (GrpcService.java:closeImpl(172)) - 3583ecf1-427c-4dcd-8d70-ec9fb58a3d28: shutdown server with port 33910 successfully
2019-10-17 05:57:28,904 [refreshUsed-/workdir/hadoop-ozone/integration-test/target/test-dir/MiniOzoneClusterImpl-292a2ff3-4780-4182-bb48-82c20e0e309d/datanode-0/data/containers] WARN  fs.CachingGetSpaceUsed (CachingGetSpaceUsed.java:run(183)) - Thread Interrupted waiting to refresh disk information: sleep interrupted
2019-10-17 05:57:28,919 [ForkJoinPool.commonPool-worker-0] INFO  utils.BackgroundService (BackgroundService.java:shutdown(151)) - Shutting down service BlockDeletingService
2019-10-17 05:57:28,922 [ForkJoinPool.commonPool-worker-0] INFO  statemachine.DatanodeStateMachine (DatanodeStateMachine.java:stopDaemon(395)) - Ozone container server stopped.
2019-10-17 05:57:28,926 [ForkJoinPool.commonPool-worker-0] INFO  handler.ContextHandler (ContextHandler.java:doStop(910)) - Stopped o.e.j.w.WebAppContext@61cd1c71{/,null,UNAVAILABLE}{/hddsDatanode}
2019-10-17 05:57:28,926 [ForkJoinPool.commonPool-worker-0] INFO  server.AbstractConnector (AbstractConnector.java:doStop(318)) - Stopped ServerConnector@6724cdec{HTTP/1.1,[http/1.1]}{0.0.0.0:0}
2019-10-17 05:57:28,927 [ForkJoinPool.commonPool-worker-0] INFO  handler.ContextHandler (ContextHandler.java:doStop(910)) - Stopped o.e.j.s.ServletContextHandler@13d9261f{/static,jar:file:/home/user/.m2/repository/org/apache/hadoop/hadoop-hdds-container-service/0.5.0-SNAPSHOT/hadoop-hdds-container-service-0.5.0-SNAPSHOT.jar!/webapps/static,UNAVAILABLE}
2019-10-17 05:57:28,929 [ForkJoinPool.commonPool-worker-0] INFO  handler.ContextHandler (ContextHandler.java:doStop(910)) - Stopped o.e.j.s.ServletContextHandler@644ded04{/logs,file:///workdir/hadoop-ozone/integration-test/target/log,UNAVAILABLE}
2019-10-17 05:57:29,357 [java.util.concurrent.ThreadPoolExecutor$Worker@531fe698[State = -1, empty queue]] WARN  server.GrpcLogAppender (GrpcLogAppender.java:timeoutAppendRequest(209)) - b5f12832-4a97-45e3-9503-a5cba48636cf@group-74E9893F5999->8c36b79a-da60-43d4-9d42-baae689ad199-GrpcLogAppender: appendEntries Timeout, request=b5f12832-4a97-45e3-9503-a5cba48636cf->8c36b79a-da60-43d4-9d42-baae689ad199#25-t10, previous=(t:10, i:20), leaderCommit=20, initializing? false, entries: <empty>
2019-10-17 05:57:29,675 [Datanode State Machine Thread - 0] INFO  statemachine.DatanodeStateMachine (DatanodeStateMachine.java:lambda$startDaemon$0(350)) - Ozone container server started.
2019-10-17 05:57:29,859 [java.util.concurrent.ThreadPoolExecutor$Worker@531fe698[State = -1, empty queue]] WARN  server.GrpcLogAppender (GrpcLogAppender.java:timeoutAppendRequest(209)) - b5f12832-4a97-45e3-9503-a5cba48636cf@group-74E9893F5999->8c36b79a-da60-43d4-9d42-baae689ad199-GrpcLogAppender: appendEntries Timeout, request=b5f12832-4a97-45e3-9503-a5cba48636cf->8c36b79a-da60-43d4-9d42-baae689ad199#26-t10, previous=(t:10, i:20), leaderCommit=20, initializing? false, entries: <empty>
2019-10-17 05:57:29,923 [java.util.concurrent.ThreadPoolExecutor$Worker@7f6128f[State = -1, empty queue]] WARN  server.GrpcLogAppender (GrpcLogAppender.java:timeoutAppendRequest(209)) - 194f2ff6-41c6-4f9d-98fd-e63bb60a2475@group-7066FE0FC203->d4bb136b-e602-4c0a-8f86-2462710659b1-GrpcLogAppender: appendEntries Timeout, request=194f2ff6-41c6-4f9d-98fd-e63bb60a2475->d4bb136b-e602-4c0a-8f86-2462710659b1#4-t9, previous=(t:8, i:0), leaderCommit=2, initializing? false, entries: <empty>
2019-10-17 05:57:30,175 [Thread-1530] INFO  impl.FollowerState (FollowerState.java:run(108)) - 0716e483-2373-428e-a917-ee7c73d3521d@group-7066FE0FC203-FollowerState: change to CANDIDATE, lastRpcTime:1682ms, electionTimeout:1093ms
2019-10-17 05:57:30,175 [Thread-1530] INFO  impl.RoleInfo (RoleInfo.java:shutdownFollowerState(121)) - 0716e483-2373-428e-a917-ee7c73d3521d: shutdown FollowerState
2019-10-17 05:57:30,175 [Thread-1530] INFO  impl.RaftServerImpl (RaftServerImpl.java:setRole(184)) - 0716e483-2373-428e-a917-ee7c73d3521d@group-7066FE0FC203: changes role from  FOLLOWER to CANDIDATE at term 9 for changeToCandidate
2019-10-17 05:57:30,175 [Thread-1530] INFO  impl.RoleInfo (RoleInfo.java:updateAndGet(143)) - 0716e483-2373-428e-a917-ee7c73d3521d: start LeaderElection
2019-10-17 05:57:30,176 [0716e483-2373-428e-a917-ee7c73d3521d@group-7066FE0FC203-LeaderElection222] INFO  impl.RaftServerImpl (ServerState.java:setLeader(256)) - 0716e483-2373-428e-a917-ee7c73d3521d@group-7066FE0FC203: change Leader from 194f2ff6-41c6-4f9d-98fd-e63bb60a2475 to null at term 9 for initElection
2019-10-17 05:57:30,190 [0716e483-2373-428e-a917-ee7c73d3521d@group-7066FE0FC203-LeaderElection222] INFO  impl.LeaderElection (LeaderElection.java:askForVotes(178)) - 0716e483-2373-428e-a917-ee7c73d3521d@group-7066FE0FC203-LeaderElection222: begin an election at term 10 for 1: [0716e483-2373-428e-a917-ee7c73d3521d:192.168.69.82:39524, d4bb136b-e602-4c0a-8f86-2462710659b1:192.168.69.82:42071, 194f2ff6-41c6-4f9d-98fd-e63bb60a2475:192.168.69.82:43645], old=null
2019-10-17 05:57:30,194 [0716e483-2373-428e-a917-ee7c73d3521d@group-7066FE0FC203-LeaderElection222] INFO  impl.LeaderElection (LogUtils.java:infoOrTrace(149)) - 0716e483-2373-428e-a917-ee7c73d3521d@group-7066FE0FC203-LeaderElection222 got exception when requesting votes: {}
java.util.concurrent.ExecutionException: org.apache.ratis.thirdparty.io.grpc.StatusRuntimeException: UNAVAILABLE: io exception
	at java.util.concurrent.FutureTask.report(FutureTask.java:122)
	at java.util.concurrent.FutureTask.get(FutureTask.java:192)
	at org.apache.ratis.server.impl.LeaderElection.waitForResults(LeaderElection.java:259)
	at org.apache.ratis.server.impl.LeaderElection.askForVotes(LeaderElection.java:197)
	at org.apache.ratis.server.impl.LeaderElection.run(LeaderElection.java:133)
	at java.lang.Thread.run(Thread.java:748)
Caused by: org.apache.ratis.thirdparty.io.grpc.StatusRuntimeException: UNAVAILABLE: io exception
	at org.apache.ratis.thirdparty.io.grpc.stub.ClientCalls.toStatusRuntimeException(ClientCalls.java:233)
	at org.apache.ratis.thirdparty.io.grpc.stub.ClientCalls.getUnchecked(ClientCalls.java:214)
	at org.apache.ratis.thirdparty.io.grpc.stub.ClientCalls.blockingUnaryCall(ClientCalls.java:139)
	at org.apache.ratis.proto.grpc.RaftServerProtocolServiceGrpc$RaftServerProtocolServiceBlockingStub.requestVote(RaftServerProtocolServiceGrpc.java:265)
	at org.apache.ratis.grpc.server.GrpcServerProtocolClient.requestVote(GrpcServerProtocolClient.java:99)
	at org.apache.ratis.grpc.server.GrpcService.requestVote(GrpcService.java:204)
	at org.apache.ratis.server.impl.LeaderElection.lambda$submitRequests$1(LeaderElection.java:234)
	at java.util.concurrent.FutureTask.run(FutureTask.java:266)
	at java.util.concurrent.Executors$RunnableAdapter.call(Executors.java:511)
	at java.util.concurrent.FutureTask.run(FutureTask.java:266)
	at java.util.concurrent.ThreadPoolExecutor.runWorker(ThreadPoolExecutor.java:1149)
	at java.util.concurrent.ThreadPoolExecutor$Worker.run(ThreadPoolExecutor.java:624)
	... 1 more
Caused by: org.apache.ratis.thirdparty.io.netty.channel.AbstractChannel$AnnotatedConnectException: Connection refused: /192.168.69.82:43645
	at sun.nio.ch.SocketChannelImpl.checkConnect(Native Method)
	at sun.nio.ch.SocketChannelImpl.finishConnect(SocketChannelImpl.java:717)
	at org.apache.ratis.thirdparty.io.netty.channel.socket.nio.NioSocketChannel.doFinishConnect(NioSocketChannel.java:327)
	at org.apache.ratis.thirdparty.io.netty.channel.nio.AbstractNioChannel$AbstractNioUnsafe.finishConnect(AbstractNioChannel.java:340)
	at org.apache.ratis.thirdparty.io.netty.channel.nio.NioEventLoop.processSelectedKey(NioEventLoop.java:632)
	at org.apache.ratis.thirdparty.io.netty.channel.nio.NioEventLoop.processSelectedKeysOptimized(NioEventLoop.java:579)
	at org.apache.ratis.thirdparty.io.netty.channel.nio.NioEventLoop.processSelectedKeys(NioEventLoop.java:496)
	at org.apache.ratis.thirdparty.io.netty.channel.nio.NioEventLoop.run(NioEventLoop.java:458)
	at org.apache.ratis.thirdparty.io.netty.util.concurrent.SingleThreadEventExecutor$5.run(SingleThreadEventExecutor.java:897)
	at org.apache.ratis.thirdparty.io.netty.util.concurrent.FastThreadLocalRunnable.run(FastThreadLocalRunnable.java:30)
	... 1 more
Caused by: java.net.ConnectException: Connection refused
	... 11 more
2019-10-17 05:57:30,194 [0716e483-2373-428e-a917-ee7c73d3521d@group-7066FE0FC203-LeaderElection222] INFO  impl.LeaderElection (LogUtils.java:infoOrTrace(149)) - 0716e483-2373-428e-a917-ee7c73d3521d@group-7066FE0FC203-LeaderElection222 got exception when requesting votes: {}
java.util.concurrent.ExecutionException: org.apache.ratis.thirdparty.io.grpc.StatusRuntimeException: UNAVAILABLE: io exception
	at java.util.concurrent.FutureTask.report(FutureTask.java:122)
	at java.util.concurrent.FutureTask.get(FutureTask.java:192)
	at org.apache.ratis.server.impl.LeaderElection.waitForResults(LeaderElection.java:259)
	at org.apache.ratis.server.impl.LeaderElection.askForVotes(LeaderElection.java:197)
	at org.apache.ratis.server.impl.LeaderElection.run(LeaderElection.java:133)
	at java.lang.Thread.run(Thread.java:748)
Caused by: org.apache.ratis.thirdparty.io.grpc.StatusRuntimeException: UNAVAILABLE: io exception
	at org.apache.ratis.thirdparty.io.grpc.stub.ClientCalls.toStatusRuntimeException(ClientCalls.java:233)
	at org.apache.ratis.thirdparty.io.grpc.stub.ClientCalls.getUnchecked(ClientCalls.java:214)
	at org.apache.ratis.thirdparty.io.grpc.stub.ClientCalls.blockingUnaryCall(ClientCalls.java:139)
	at org.apache.ratis.proto.grpc.RaftServerProtocolServiceGrpc$RaftServerProtocolServiceBlockingStub.requestVote(RaftServerProtocolServiceGrpc.java:265)
	at org.apache.ratis.grpc.server.GrpcServerProtocolClient.requestVote(GrpcServerProtocolClient.java:99)
	at org.apache.ratis.grpc.server.GrpcService.requestVote(GrpcService.java:204)
	at org.apache.ratis.server.impl.LeaderElection.lambda$submitRequests$1(LeaderElection.java:234)
	at java.util.concurrent.FutureTask.run(FutureTask.java:266)
	at java.util.concurrent.Executors$RunnableAdapter.call(Executors.java:511)
	at java.util.concurrent.FutureTask.run(FutureTask.java:266)
	at java.util.concurrent.ThreadPoolExecutor.runWorker(ThreadPoolExecutor.java:1149)
	at java.util.concurrent.ThreadPoolExecutor$Worker.run(ThreadPoolExecutor.java:624)
	... 1 more
Caused by: org.apache.ratis.thirdparty.io.netty.channel.AbstractChannel$AnnotatedConnectException: Connection refused: /192.168.69.82:42071
	at sun.nio.ch.SocketChannelImpl.checkConnect(Native Method)
	at sun.nio.ch.SocketChannelImpl.finishConnect(SocketChannelImpl.java:717)
	at org.apache.ratis.thirdparty.io.netty.channel.socket.nio.NioSocketChannel.doFinishConnect(NioSocketChannel.java:327)
	at org.apache.ratis.thirdparty.io.netty.channel.nio.AbstractNioChannel$AbstractNioUnsafe.finishConnect(AbstractNioChannel.java:340)
	at org.apache.ratis.thirdparty.io.netty.channel.nio.NioEventLoop.processSelectedKey(NioEventLoop.java:632)
	at org.apache.ratis.thirdparty.io.netty.channel.nio.NioEventLoop.processSelectedKeysOptimized(NioEventLoop.java:579)
	at org.apache.ratis.thirdparty.io.netty.channel.nio.NioEventLoop.processSelectedKeys(NioEventLoop.java:496)
	at org.apache.ratis.thirdparty.io.netty.channel.nio.NioEventLoop.run(NioEventLoop.java:458)
	at org.apache.ratis.thirdparty.io.netty.util.concurrent.SingleThreadEventExecutor$5.run(SingleThreadEventExecutor.java:897)
	at org.apache.ratis.thirdparty.io.netty.util.concurrent.FastThreadLocalRunnable.run(FastThreadLocalRunnable.java:30)
	... 1 more
Caused by: java.net.ConnectException: Connection refused
	... 11 more
2019-10-17 05:57:30,195 [0716e483-2373-428e-a917-ee7c73d3521d@group-7066FE0FC203-LeaderElection222] INFO  impl.LeaderElection (LeaderElection.java:logAndReturn(56)) - 0716e483-2373-428e-a917-ee7c73d3521d@group-7066FE0FC203-LeaderElection222: Election REJECTED; received 0 response(s) [] and 2 exception(s); 0716e483-2373-428e-a917-ee7c73d3521d@group-7066FE0FC203:t10, leader=null, voted=0716e483-2373-428e-a917-ee7c73d3521d, raftlog=0716e483-2373-428e-a917-ee7c73d3521d@group-7066FE0FC203-SegmentedRaftLog:OPENED:c2,f2,i2, conf=1: [0716e483-2373-428e-a917-ee7c73d3521d:192.168.69.82:39524, d4bb136b-e602-4c0a-8f86-2462710659b1:192.168.69.82:42071, 194f2ff6-41c6-4f9d-98fd-e63bb60a2475:192.168.69.82:43645], old=null
2019-10-17 05:57:30,195 [0716e483-2373-428e-a917-ee7c73d3521d@group-7066FE0FC203-LeaderElection222] INFO  impl.LeaderElection (LogUtils.java:infoOrTrace(149)) -   Exception 0: {}
java.util.concurrent.ExecutionException: org.apache.ratis.thirdparty.io.grpc.StatusRuntimeException: UNAVAILABLE: io exception
	at java.util.concurrent.FutureTask.report(FutureTask.java:122)
	at java.util.concurrent.FutureTask.get(FutureTask.java:192)
	at org.apache.ratis.server.impl.LeaderElection.waitForResults(LeaderElection.java:259)
	at org.apache.ratis.server.impl.LeaderElection.askForVotes(LeaderElection.java:197)
	at org.apache.ratis.server.impl.LeaderElection.run(LeaderElection.java:133)
	at java.lang.Thread.run(Thread.java:748)
Caused by: org.apache.ratis.thirdparty.io.grpc.StatusRuntimeException: UNAVAILABLE: io exception
	at org.apache.ratis.thirdparty.io.grpc.stub.ClientCalls.toStatusRuntimeException(ClientCalls.java:233)
	at org.apache.ratis.thirdparty.io.grpc.stub.ClientCalls.getUnchecked(ClientCalls.java:214)
	at org.apache.ratis.thirdparty.io.grpc.stub.ClientCalls.blockingUnaryCall(ClientCalls.java:139)
	at org.apache.ratis.proto.grpc.RaftServerProtocolServiceGrpc$RaftServerProtocolServiceBlockingStub.requestVote(RaftServerProtocolServiceGrpc.java:265)
	at org.apache.ratis.grpc.server.GrpcServerProtocolClient.requestVote(GrpcServerProtocolClient.java:99)
	at org.apache.ratis.grpc.server.GrpcService.requestVote(GrpcService.java:204)
	at org.apache.ratis.server.impl.LeaderElection.lambda$submitRequests$1(LeaderElection.java:234)
	at java.util.concurrent.FutureTask.run(FutureTask.java:266)
	at java.util.concurrent.Executors$RunnableAdapter.call(Executors.java:511)
	at java.util.concurrent.FutureTask.run(FutureTask.java:266)
	at java.util.concurrent.ThreadPoolExecutor.runWorker(ThreadPoolExecutor.java:1149)
	at java.util.concurrent.ThreadPoolExecutor$Worker.run(ThreadPoolExecutor.java:624)
	... 1 more
Caused by: org.apache.ratis.thirdparty.io.netty.channel.AbstractChannel$AnnotatedConnectException: Connection refused: /192.168.69.82:43645
	at sun.nio.ch.SocketChannelImpl.checkConnect(Native Method)
	at sun.nio.ch.SocketChannelImpl.finishConnect(SocketChannelImpl.java:717)
	at org.apache.ratis.thirdparty.io.netty.channel.socket.nio.NioSocketChannel.doFinishConnect(NioSocketChannel.java:327)
	at org.apache.ratis.thirdparty.io.netty.channel.nio.AbstractNioChannel$AbstractNioUnsafe.finishConnect(AbstractNioChannel.java:340)
	at org.apache.ratis.thirdparty.io.netty.channel.nio.NioEventLoop.processSelectedKey(NioEventLoop.java:632)
	at org.apache.ratis.thirdparty.io.netty.channel.nio.NioEventLoop.processSelectedKeysOptimized(NioEventLoop.java:579)
	at org.apache.ratis.thirdparty.io.netty.channel.nio.NioEventLoop.processSelectedKeys(NioEventLoop.java:496)
	at org.apache.ratis.thirdparty.io.netty.channel.nio.NioEventLoop.run(NioEventLoop.java:458)
	at org.apache.ratis.thirdparty.io.netty.util.concurrent.SingleThreadEventExecutor$5.run(SingleThreadEventExecutor.java:897)
	at org.apache.ratis.thirdparty.io.netty.util.concurrent.FastThreadLocalRunnable.run(FastThreadLocalRunnable.java:30)
	... 1 more
Caused by: java.net.ConnectException: Connection refused
	... 11 more
2019-10-17 05:57:30,195 [0716e483-2373-428e-a917-ee7c73d3521d@group-7066FE0FC203-LeaderElection222] INFO  impl.LeaderElection (LogUtils.java:infoOrTrace(149)) -   Exception 1: {}
java.util.concurrent.ExecutionException: org.apache.ratis.thirdparty.io.grpc.StatusRuntimeException: UNAVAILABLE: io exception
	at java.util.concurrent.FutureTask.report(FutureTask.java:122)
	at java.util.concurrent.FutureTask.get(FutureTask.java:192)
	at org.apache.ratis.server.impl.LeaderElection.waitForResults(LeaderElection.java:259)
	at org.apache.ratis.server.impl.LeaderElection.askForVotes(LeaderElection.java:197)
	at org.apache.ratis.server.impl.LeaderElection.run(LeaderElection.java:133)
	at java.lang.Thread.run(Thread.java:748)
Caused by: org.apache.ratis.thirdparty.io.grpc.StatusRuntimeException: UNAVAILABLE: io exception
	at org.apache.ratis.thirdparty.io.grpc.stub.ClientCalls.toStatusRuntimeException(ClientCalls.java:233)
	at org.apache.ratis.thirdparty.io.grpc.stub.ClientCalls.getUnchecked(ClientCalls.java:214)
	at org.apache.ratis.thirdparty.io.grpc.stub.ClientCalls.blockingUnaryCall(ClientCalls.java:139)
	at org.apache.ratis.proto.grpc.RaftServerProtocolServiceGrpc$RaftServerProtocolServiceBlockingStub.requestVote(RaftServerProtocolServiceGrpc.java:265)
	at org.apache.ratis.grpc.server.GrpcServerProtocolClient.requestVote(GrpcServerProtocolClient.java:99)
	at org.apache.ratis.grpc.server.GrpcService.requestVote(GrpcService.java:204)
	at org.apache.ratis.server.impl.LeaderElection.lambda$submitRequests$1(LeaderElection.java:234)
	at java.util.concurrent.FutureTask.run(FutureTask.java:266)
	at java.util.concurrent.Executors$RunnableAdapter.call(Executors.java:511)
	at java.util.concurrent.FutureTask.run(FutureTask.java:266)
	at java.util.concurrent.ThreadPoolExecutor.runWorker(ThreadPoolExecutor.java:1149)
	at java.util.concurrent.ThreadPoolExecutor$Worker.run(ThreadPoolExecutor.java:624)
	... 1 more
Caused by: org.apache.ratis.thirdparty.io.netty.channel.AbstractChannel$AnnotatedConnectException: Connection refused: /192.168.69.82:42071
	at sun.nio.ch.SocketChannelImpl.checkConnect(Native Method)
	at sun.nio.ch.SocketChannelImpl.finishConnect(SocketChannelImpl.java:717)
	at org.apache.ratis.thirdparty.io.netty.channel.socket.nio.NioSocketChannel.doFinishConnect(NioSocketChannel.java:327)
	at org.apache.ratis.thirdparty.io.netty.channel.nio.AbstractNioChannel$AbstractNioUnsafe.finishConnect(AbstractNioChannel.java:340)
	at org.apache.ratis.thirdparty.io.netty.channel.nio.NioEventLoop.processSelectedKey(NioEventLoop.java:632)
	at org.apache.ratis.thirdparty.io.netty.channel.nio.NioEventLoop.processSelectedKeysOptimized(NioEventLoop.java:579)
	at org.apache.ratis.thirdparty.io.netty.channel.nio.NioEventLoop.processSelectedKeys(NioEventLoop.java:496)
	at org.apache.ratis.thirdparty.io.netty.channel.nio.NioEventLoop.run(NioEventLoop.java:458)
	at org.apache.ratis.thirdparty.io.netty.util.concurrent.SingleThreadEventExecutor$5.run(SingleThreadEventExecutor.java:897)
	at org.apache.ratis.thirdparty.io.netty.util.concurrent.FastThreadLocalRunnable.run(FastThreadLocalRunnable.java:30)
	... 1 more
Caused by: java.net.ConnectException: Connection refused
	... 11 more
2019-10-17 05:57:30,195 [0716e483-2373-428e-a917-ee7c73d3521d@group-7066FE0FC203-LeaderElection222] INFO  impl.RaftServerImpl (RaftServerImpl.java:setRole(184)) - 0716e483-2373-428e-a917-ee7c73d3521d@group-7066FE0FC203: changes role from CANDIDATE to FOLLOWER at term 10 for DISCOVERED_A_NEW_TERM
2019-10-17 05:57:30,196 [0716e483-2373-428e-a917-ee7c73d3521d@group-7066FE0FC203-LeaderElection222] INFO  impl.RoleInfo (RoleInfo.java:shutdownLeaderElection(134)) - 0716e483-2373-428e-a917-ee7c73d3521d: shutdown LeaderElection
2019-10-17 05:57:30,196 [0716e483-2373-428e-a917-ee7c73d3521d@group-7066FE0FC203-LeaderElection222] INFO  impl.RoleInfo (RoleInfo.java:updateAndGet(143)) - 0716e483-2373-428e-a917-ee7c73d3521d: start FollowerState
2019-10-17 05:57:30,319 [java.util.concurrent.ThreadPoolExecutor$Worker@65b35bbb[State = -1, empty queue]] WARN  server.GrpcLogAppender (GrpcLogAppender.java:timeoutAppendRequest(209)) - b5f12832-4a97-45e3-9503-a5cba48636cf@group-74E9893F5999->596a1247-d4fb-4568-97fb-3ff1ce43250d-GrpcLogAppender: appendEntries Timeout, request=b5f12832-4a97-45e3-9503-a5cba48636cf->596a1247-d4fb-4568-97fb-3ff1ce43250d#4-t10, previous=(t:9, i:18), leaderCommit=20, initializing? false, entries: <empty>
2019-10-17 05:57:30,359 [java.util.concurrent.ThreadPoolExecutor$Worker@531fe698[State = -1, empty queue]] WARN  server.GrpcLogAppender (GrpcLogAppender.java:timeoutAppendRequest(209)) - b5f12832-4a97-45e3-9503-a5cba48636cf@group-74E9893F5999->8c36b79a-da60-43d4-9d42-baae689ad199-GrpcLogAppender: appendEntries Timeout, request=b5f12832-4a97-45e3-9503-a5cba48636cf->8c36b79a-da60-43d4-9d42-baae689ad199#27-t10, previous=(t:10, i:20), leaderCommit=20, initializing? false, entries: <empty>
2019-10-17 05:57:30,860 [java.util.concurrent.ThreadPoolExecutor$Worker@531fe698[State = -1, empty queue]] WARN  server.GrpcLogAppender (GrpcLogAppender.java:timeoutAppendRequest(209)) - b5f12832-4a97-45e3-9503-a5cba48636cf@group-74E9893F5999->8c36b79a-da60-43d4-9d42-baae689ad199-GrpcLogAppender: appendEntries Timeout, request=b5f12832-4a97-45e3-9503-a5cba48636cf->8c36b79a-da60-43d4-9d42-baae689ad199#28-t10, previous=(t:10, i:20), leaderCommit=20, initializing? false, entries: <empty>
2019-10-17 05:57:31,196 [Thread-1924] INFO  impl.FollowerState (FollowerState.java:run(108)) - 0716e483-2373-428e-a917-ee7c73d3521d@group-7066FE0FC203-FollowerState: change to CANDIDATE, lastRpcTime:1000ms, electionTimeout:1000ms
2019-10-17 05:57:31,196 [Thread-1924] INFO  impl.RoleInfo (RoleInfo.java:shutdownFollowerState(121)) - 0716e483-2373-428e-a917-ee7c73d3521d: shutdown FollowerState
2019-10-17 05:57:31,197 [Thread-1924] INFO  impl.RaftServerImpl (RaftServerImpl.java:setRole(184)) - 0716e483-2373-428e-a917-ee7c73d3521d@group-7066FE0FC203: changes role from  FOLLOWER to CANDIDATE at term 10 for changeToCandidate
2019-10-17 05:57:31,197 [Thread-1924] INFO  impl.RoleInfo (RoleInfo.java:updateAndGet(143)) - 0716e483-2373-428e-a917-ee7c73d3521d: start LeaderElection
2019-10-17 05:57:31,211 [0716e483-2373-428e-a917-ee7c73d3521d@group-7066FE0FC203-LeaderElection223] INFO  impl.LeaderElection (LeaderElection.java:askForVotes(178)) - 0716e483-2373-428e-a917-ee7c73d3521d@group-7066FE0FC203-LeaderElection223: begin an election at term 11 for 1: [0716e483-2373-428e-a917-ee7c73d3521d:192.168.69.82:39524, d4bb136b-e602-4c0a-8f86-2462710659b1:192.168.69.82:42071, 194f2ff6-41c6-4f9d-98fd-e63bb60a2475:192.168.69.82:43645], old=null
2019-10-17 05:57:31,212 [0716e483-2373-428e-a917-ee7c73d3521d@group-7066FE0FC203-LeaderElection223] INFO  impl.LeaderElection (LogUtils.java:infoOrTrace(149)) - 0716e483-2373-428e-a917-ee7c73d3521d@group-7066FE0FC203-LeaderElection223 got exception when requesting votes: {}
java.util.concurrent.ExecutionException: org.apache.ratis.thirdparty.io.grpc.StatusRuntimeException: UNAVAILABLE: io exception
	at java.util.concurrent.FutureTask.report(FutureTask.java:122)
	at java.util.concurrent.FutureTask.get(FutureTask.java:192)
	at org.apache.ratis.server.impl.LeaderElection.waitForResults(LeaderElection.java:259)
	at org.apache.ratis.server.impl.LeaderElection.askForVotes(LeaderElection.java:197)
	at org.apache.ratis.server.impl.LeaderElection.run(LeaderElection.java:133)
	at java.lang.Thread.run(Thread.java:748)
Caused by: org.apache.ratis.thirdparty.io.grpc.StatusRuntimeException: UNAVAILABLE: io exception
	at org.apache.ratis.thirdparty.io.grpc.stub.ClientCalls.toStatusRuntimeException(ClientCalls.java:233)
	at org.apache.ratis.thirdparty.io.grpc.stub.ClientCalls.getUnchecked(ClientCalls.java:214)
	at org.apache.ratis.thirdparty.io.grpc.stub.ClientCalls.blockingUnaryCall(ClientCalls.java:139)
	at org.apache.ratis.proto.grpc.RaftServerProtocolServiceGrpc$RaftServerProtocolServiceBlockingStub.requestVote(RaftServerProtocolServiceGrpc.java:265)
	at org.apache.ratis.grpc.server.GrpcServerProtocolClient.requestVote(GrpcServerProtocolClient.java:99)
	at org.apache.ratis.grpc.server.GrpcService.requestVote(GrpcService.java:204)
	at org.apache.ratis.server.impl.LeaderElection.lambda$submitRequests$1(LeaderElection.java:234)
	at java.util.concurrent.FutureTask.run(FutureTask.java:266)
	at java.util.concurrent.Executors$RunnableAdapter.call(Executors.java:511)
	at java.util.concurrent.FutureTask.run(FutureTask.java:266)
	at java.util.concurrent.ThreadPoolExecutor.runWorker(ThreadPoolExecutor.java:1149)
	at java.util.concurrent.ThreadPoolExecutor$Worker.run(ThreadPoolExecutor.java:624)
	... 1 more
Caused by: org.apache.ratis.thirdparty.io.netty.channel.AbstractChannel$AnnotatedConnectException: Connection refused: /192.168.69.82:43645
	at sun.nio.ch.SocketChannelImpl.checkConnect(Native Method)
	at sun.nio.ch.SocketChannelImpl.finishConnect(SocketChannelImpl.java:717)
	at org.apache.ratis.thirdparty.io.netty.channel.socket.nio.NioSocketChannel.doFinishConnect(NioSocketChannel.java:327)
	at org.apache.ratis.thirdparty.io.netty.channel.nio.AbstractNioChannel$AbstractNioUnsafe.finishConnect(AbstractNioChannel.java:340)
	at org.apache.ratis.thirdparty.io.netty.channel.nio.NioEventLoop.processSelectedKey(NioEventLoop.java:632)
	at org.apache.ratis.thirdparty.io.netty.channel.nio.NioEventLoop.processSelectedKeysOptimized(NioEventLoop.java:579)
	at org.apache.ratis.thirdparty.io.netty.channel.nio.NioEventLoop.processSelectedKeys(NioEventLoop.java:496)
	at org.apache.ratis.thirdparty.io.netty.channel.nio.NioEventLoop.run(NioEventLoop.java:458)
	at org.apache.ratis.thirdparty.io.netty.util.concurrent.SingleThreadEventExecutor$5.run(SingleThreadEventExecutor.java:897)
	at org.apache.ratis.thirdparty.io.netty.util.concurrent.FastThreadLocalRunnable.run(FastThreadLocalRunnable.java:30)
	... 1 more
Caused by: java.net.ConnectException: Connection refused
	... 11 more
2019-10-17 05:57:31,213 [0716e483-2373-428e-a917-ee7c73d3521d@group-7066FE0FC203-LeaderElection223] INFO  impl.LeaderElection (LogUtils.java:infoOrTrace(149)) - 0716e483-2373-428e-a917-ee7c73d3521d@group-7066FE0FC203-LeaderElection223 got exception when requesting votes: {}
java.util.concurrent.ExecutionException: org.apache.ratis.thirdparty.io.grpc.StatusRuntimeException: UNAVAILABLE: io exception
	at java.util.concurrent.FutureTask.report(FutureTask.java:122)
	at java.util.concurrent.FutureTask.get(FutureTask.java:192)
	at org.apache.ratis.server.impl.LeaderElection.waitForResults(LeaderElection.java:259)
	at org.apache.ratis.server.impl.LeaderElection.askForVotes(LeaderElection.java:197)
	at org.apache.ratis.server.impl.LeaderElection.run(LeaderElection.java:133)
	at java.lang.Thread.run(Thread.java:748)
Caused by: org.apache.ratis.thirdparty.io.grpc.StatusRuntimeException: UNAVAILABLE: io exception
	at org.apache.ratis.thirdparty.io.grpc.stub.ClientCalls.toStatusRuntimeException(ClientCalls.java:233)
	at org.apache.ratis.thirdparty.io.grpc.stub.ClientCalls.getUnchecked(ClientCalls.java:214)
	at org.apache.ratis.thirdparty.io.grpc.stub.ClientCalls.blockingUnaryCall(ClientCalls.java:139)
	at org.apache.ratis.proto.grpc.RaftServerProtocolServiceGrpc$RaftServerProtocolServiceBlockingStub.requestVote(RaftServerProtocolServiceGrpc.java:265)
	at org.apache.ratis.grpc.server.GrpcServerProtocolClient.requestVote(GrpcServerProtocolClient.java:99)
	at org.apache.ratis.grpc.server.GrpcService.requestVote(GrpcService.java:204)
	at org.apache.ratis.server.impl.LeaderElection.lambda$submitRequests$1(LeaderElection.java:234)
	at java.util.concurrent.FutureTask.run(FutureTask.java:266)
	at java.util.concurrent.Executors$RunnableAdapter.call(Executors.java:511)
	at java.util.concurrent.FutureTask.run(FutureTask.java:266)
	at java.util.concurrent.ThreadPoolExecutor.runWorker(ThreadPoolExecutor.java:1149)
	at java.util.concurrent.ThreadPoolExecutor$Worker.run(ThreadPoolExecutor.java:624)
	... 1 more
Caused by: org.apache.ratis.thirdparty.io.netty.channel.AbstractChannel$AnnotatedConnectException: Connection refused: /192.168.69.82:42071
	at sun.nio.ch.SocketChannelImpl.checkConnect(Native Method)
	at sun.nio.ch.SocketChannelImpl.finishConnect(SocketChannelImpl.java:717)
	at org.apache.ratis.thirdparty.io.netty.channel.socket.nio.NioSocketChannel.doFinishConnect(NioSocketChannel.java:327)
	at org.apache.ratis.thirdparty.io.netty.channel.nio.AbstractNioChannel$AbstractNioUnsafe.finishConnect(AbstractNioChannel.java:340)
	at org.apache.ratis.thirdparty.io.netty.channel.nio.NioEventLoop.processSelectedKey(NioEventLoop.java:632)
	at org.apache.ratis.thirdparty.io.netty.channel.nio.NioEventLoop.processSelectedKeysOptimized(NioEventLoop.java:579)
	at org.apache.ratis.thirdparty.io.netty.channel.nio.NioEventLoop.processSelectedKeys(NioEventLoop.java:496)
	at org.apache.ratis.thirdparty.io.netty.channel.nio.NioEventLoop.run(NioEventLoop.java:458)
	at org.apache.ratis.thirdparty.io.netty.util.concurrent.SingleThreadEventExecutor$5.run(SingleThreadEventExecutor.java:897)
	at org.apache.ratis.thirdparty.io.netty.util.concurrent.FastThreadLocalRunnable.run(FastThreadLocalRunnable.java:30)
	... 1 more
Caused by: java.net.ConnectException: Connection refused
	... 11 more
2019-10-17 05:57:31,214 [0716e483-2373-428e-a917-ee7c73d3521d@group-7066FE0FC203-LeaderElection223] INFO  impl.LeaderElection (LeaderElection.java:logAndReturn(56)) - 0716e483-2373-428e-a917-ee7c73d3521d@group-7066FE0FC203-LeaderElection223: Election REJECTED; received 0 response(s) [] and 2 exception(s); 0716e483-2373-428e-a917-ee7c73d3521d@group-7066FE0FC203:t11, leader=null, voted=0716e483-2373-428e-a917-ee7c73d3521d, raftlog=0716e483-2373-428e-a917-ee7c73d3521d@group-7066FE0FC203-SegmentedRaftLog:OPENED:c2,f2,i2, conf=1: [0716e483-2373-428e-a917-ee7c73d3521d:192.168.69.82:39524, d4bb136b-e602-4c0a-8f86-2462710659b1:192.168.69.82:42071, 194f2ff6-41c6-4f9d-98fd-e63bb60a2475:192.168.69.82:43645], old=null
2019-10-17 05:57:31,214 [0716e483-2373-428e-a917-ee7c73d3521d@group-7066FE0FC203-LeaderElection223] INFO  impl.LeaderElection (LogUtils.java:infoOrTrace(149)) -   Exception 0: {}
java.util.concurrent.ExecutionException: org.apache.ratis.thirdparty.io.grpc.StatusRuntimeException: UNAVAILABLE: io exception
	at java.util.concurrent.FutureTask.report(FutureTask.java:122)
	at java.util.concurrent.FutureTask.get(FutureTask.java:192)
	at org.apache.ratis.server.impl.LeaderElection.waitForResults(LeaderElection.java:259)
	at org.apache.ratis.server.impl.LeaderElection.askForVotes(LeaderElection.java:197)
	at org.apache.ratis.server.impl.LeaderElection.run(LeaderElection.java:133)
	at java.lang.Thread.run(Thread.java:748)
Caused by: org.apache.ratis.thirdparty.io.grpc.StatusRuntimeException: UNAVAILABLE: io exception
	at org.apache.ratis.thirdparty.io.grpc.stub.ClientCalls.toStatusRuntimeException(ClientCalls.java:233)
	at org.apache.ratis.thirdparty.io.grpc.stub.ClientCalls.getUnchecked(ClientCalls.java:214)
	at org.apache.ratis.thirdparty.io.grpc.stub.ClientCalls.blockingUnaryCall(ClientCalls.java:139)
	at org.apache.ratis.proto.grpc.RaftServerProtocolServiceGrpc$RaftServerProtocolServiceBlockingStub.requestVote(RaftServerProtocolServiceGrpc.java:265)
	at org.apache.ratis.grpc.server.GrpcServerProtocolClient.requestVote(GrpcServerProtocolClient.java:99)
	at org.apache.ratis.grpc.server.GrpcService.requestVote(GrpcService.java:204)
	at org.apache.ratis.server.impl.LeaderElection.lambda$submitRequests$1(LeaderElection.java:234)
	at java.util.concurrent.FutureTask.run(FutureTask.java:266)
	at java.util.concurrent.Executors$RunnableAdapter.call(Executors.java:511)
	at java.util.concurrent.FutureTask.run(FutureTask.java:266)
	at java.util.concurrent.ThreadPoolExecutor.runWorker(ThreadPoolExecutor.java:1149)
	at java.util.concurrent.ThreadPoolExecutor$Worker.run(ThreadPoolExecutor.java:624)
	... 1 more
Caused by: org.apache.ratis.thirdparty.io.netty.channel.AbstractChannel$AnnotatedConnectException: Connection refused: /192.168.69.82:43645
	at sun.nio.ch.SocketChannelImpl.checkConnect(Native Method)
	at sun.nio.ch.SocketChannelImpl.finishConnect(SocketChannelImpl.java:717)
	at org.apache.ratis.thirdparty.io.netty.channel.socket.nio.NioSocketChannel.doFinishConnect(NioSocketChannel.java:327)
	at org.apache.ratis.thirdparty.io.netty.channel.nio.AbstractNioChannel$AbstractNioUnsafe.finishConnect(AbstractNioChannel.java:340)
	at org.apache.ratis.thirdparty.io.netty.channel.nio.NioEventLoop.processSelectedKey(NioEventLoop.java:632)
	at org.apache.ratis.thirdparty.io.netty.channel.nio.NioEventLoop.processSelectedKeysOptimized(NioEventLoop.java:579)
	at org.apache.ratis.thirdparty.io.netty.channel.nio.NioEventLoop.processSelectedKeys(NioEventLoop.java:496)
	at org.apache.ratis.thirdparty.io.netty.channel.nio.NioEventLoop.run(NioEventLoop.java:458)
	at org.apache.ratis.thirdparty.io.netty.util.concurrent.SingleThreadEventExecutor$5.run(SingleThreadEventExecutor.java:897)
	at org.apache.ratis.thirdparty.io.netty.util.concurrent.FastThreadLocalRunnable.run(FastThreadLocalRunnable.java:30)
	... 1 more
Caused by: java.net.ConnectException: Connection refused
	... 11 more
2019-10-17 05:57:31,214 [0716e483-2373-428e-a917-ee7c73d3521d@group-7066FE0FC203-LeaderElection223] INFO  impl.LeaderElection (LogUtils.java:infoOrTrace(149)) -   Exception 1: {}
java.util.concurrent.ExecutionException: org.apache.ratis.thirdparty.io.grpc.StatusRuntimeException: UNAVAILABLE: io exception
	at java.util.concurrent.FutureTask.report(FutureTask.java:122)
	at java.util.concurrent.FutureTask.get(FutureTask.java:192)
	at org.apache.ratis.server.impl.LeaderElection.waitForResults(LeaderElection.java:259)
	at org.apache.ratis.server.impl.LeaderElection.askForVotes(LeaderElection.java:197)
	at org.apache.ratis.server.impl.LeaderElection.run(LeaderElection.java:133)
	at java.lang.Thread.run(Thread.java:748)
Caused by: org.apache.ratis.thirdparty.io.grpc.StatusRuntimeException: UNAVAILABLE: io exception
	at org.apache.ratis.thirdparty.io.grpc.stub.ClientCalls.toStatusRuntimeException(ClientCalls.java:233)
	at org.apache.ratis.thirdparty.io.grpc.stub.ClientCalls.getUnchecked(ClientCalls.java:214)
	at org.apache.ratis.thirdparty.io.grpc.stub.ClientCalls.blockingUnaryCall(ClientCalls.java:139)
	at org.apache.ratis.proto.grpc.RaftServerProtocolServiceGrpc$RaftServerProtocolServiceBlockingStub.requestVote(RaftServerProtocolServiceGrpc.java:265)
	at org.apache.ratis.grpc.server.GrpcServerProtocolClient.requestVote(GrpcServerProtocolClient.java:99)
	at org.apache.ratis.grpc.server.GrpcService.requestVote(GrpcService.java:204)
	at org.apache.ratis.server.impl.LeaderElection.lambda$submitRequests$1(LeaderElection.java:234)
	at java.util.concurrent.FutureTask.run(FutureTask.java:266)
	at java.util.concurrent.Executors$RunnableAdapter.call(Executors.java:511)
	at java.util.concurrent.FutureTask.run(FutureTask.java:266)
	at java.util.concurrent.ThreadPoolExecutor.runWorker(ThreadPoolExecutor.java:1149)
	at java.util.concurrent.ThreadPoolExecutor$Worker.run(ThreadPoolExecutor.java:624)
	... 1 more
Caused by: org.apache.ratis.thirdparty.io.netty.channel.AbstractChannel$AnnotatedConnectException: Connection refused: /192.168.69.82:42071
	at sun.nio.ch.SocketChannelImpl.checkConnect(Native Method)
	at sun.nio.ch.SocketChannelImpl.finishConnect(SocketChannelImpl.java:717)
	at org.apache.ratis.thirdparty.io.netty.channel.socket.nio.NioSocketChannel.doFinishConnect(NioSocketChannel.java:327)
	at org.apache.ratis.thirdparty.io.netty.channel.nio.AbstractNioChannel$AbstractNioUnsafe.finishConnect(AbstractNioChannel.java:340)
	at org.apache.ratis.thirdparty.io.netty.channel.nio.NioEventLoop.processSelectedKey(NioEventLoop.java:632)
	at org.apache.ratis.thirdparty.io.netty.channel.nio.NioEventLoop.processSelectedKeysOptimized(NioEventLoop.java:579)
	at org.apache.ratis.thirdparty.io.netty.channel.nio.NioEventLoop.processSelectedKeys(NioEventLoop.java:496)
	at org.apache.ratis.thirdparty.io.netty.channel.nio.NioEventLoop.run(NioEventLoop.java:458)
	at org.apache.ratis.thirdparty.io.netty.util.concurrent.SingleThreadEventExecutor$5.run(SingleThreadEventExecutor.java:897)
	at org.apache.ratis.thirdparty.io.netty.util.concurrent.FastThreadLocalRunnable.run(FastThreadLocalRunnable.java:30)
	... 1 more
Caused by: java.net.ConnectException: Connection refused
	... 11 more
2019-10-17 05:57:31,214 [0716e483-2373-428e-a917-ee7c73d3521d@group-7066FE0FC203-LeaderElection223] INFO  impl.RaftServerImpl (RaftServerImpl.java:setRole(184)) - 0716e483-2373-428e-a917-ee7c73d3521d@group-7066FE0FC203: changes role from CANDIDATE to FOLLOWER at term 11 for DISCOVERED_A_NEW_TERM
2019-10-17 05:57:31,214 [0716e483-2373-428e-a917-ee7c73d3521d@group-7066FE0FC203-LeaderElection223] INFO  impl.RoleInfo (RoleInfo.java:shutdownLeaderElection(134)) - 0716e483-2373-428e-a917-ee7c73d3521d: shutdown LeaderElection
2019-10-17 05:57:31,215 [0716e483-2373-428e-a917-ee7c73d3521d@group-7066FE0FC203-LeaderElection223] INFO  impl.RoleInfo (RoleInfo.java:updateAndGet(143)) - 0716e483-2373-428e-a917-ee7c73d3521d: start FollowerState
2019-10-17 05:57:31,360 [java.util.concurrent.ThreadPoolExecutor$Worker@531fe698[State = -1, empty queue]] WARN  server.GrpcLogAppender (GrpcLogAppender.java:timeoutAppendRequest(209)) - b5f12832-4a97-45e3-9503-a5cba48636cf@group-74E9893F5999->8c36b79a-da60-43d4-9d42-baae689ad199-GrpcLogAppender: appendEntries Timeout, request=b5f12832-4a97-45e3-9503-a5cba48636cf->8c36b79a-da60-43d4-9d42-baae689ad199#29-t10, previous=(t:10, i:20), leaderCommit=20, initializing? false, entries: <empty>
2019-10-17 05:57:31,861 [java.util.concurrent.ThreadPoolExecutor$Worker@531fe698[State = -1, empty queue]] WARN  server.GrpcLogAppender (GrpcLogAppender.java:timeoutAppendRequest(209)) - b5f12832-4a97-45e3-9503-a5cba48636cf@group-74E9893F5999->8c36b79a-da60-43d4-9d42-baae689ad199-GrpcLogAppender: appendEntries Timeout, request=b5f12832-4a97-45e3-9503-a5cba48636cf->8c36b79a-da60-43d4-9d42-baae689ad199#30-t10, previous=(t:10, i:20), leaderCommit=20, initializing? false, entries: <empty>
2019-10-17 05:57:32,223 [Thread-1928] INFO  impl.FollowerState (FollowerState.java:run(108)) - 0716e483-2373-428e-a917-ee7c73d3521d@group-7066FE0FC203-FollowerState: change to CANDIDATE, lastRpcTime:1008ms, electionTimeout:1008ms
2019-10-17 05:57:32,225 [Thread-1928] INFO  impl.RoleInfo (RoleInfo.java:shutdownFollowerState(121)) - 0716e483-2373-428e-a917-ee7c73d3521d: shutdown FollowerState
2019-10-17 05:57:32,225 [Thread-1928] INFO  impl.RaftServerImpl (RaftServerImpl.java:setRole(184)) - 0716e483-2373-428e-a917-ee7c73d3521d@group-7066FE0FC203: changes role from  FOLLOWER to CANDIDATE at term 11 for changeToCandidate
2019-10-17 05:57:32,226 [Thread-1928] INFO  impl.RoleInfo (RoleInfo.java:updateAndGet(143)) - 0716e483-2373-428e-a917-ee7c73d3521d: start LeaderElection
2019-10-17 05:57:32,250 [0716e483-2373-428e-a917-ee7c73d3521d@group-7066FE0FC203-LeaderElection224] INFO  impl.LeaderElection (LeaderElection.java:askForVotes(178)) - 0716e483-2373-428e-a917-ee7c73d3521d@group-7066FE0FC203-LeaderElection224: begin an election at term 12 for 1: [0716e483-2373-428e-a917-ee7c73d3521d:192.168.69.82:39524, d4bb136b-e602-4c0a-8f86-2462710659b1:192.168.69.82:42071, 194f2ff6-41c6-4f9d-98fd-e63bb60a2475:192.168.69.82:43645], old=null
2019-10-17 05:57:32,254 [0716e483-2373-428e-a917-ee7c73d3521d@group-7066FE0FC203-LeaderElection224] INFO  impl.LeaderElection (LogUtils.java:infoOrTrace(149)) - 0716e483-2373-428e-a917-ee7c73d3521d@group-7066FE0FC203-LeaderElection224 got exception when requesting votes: {}
java.util.concurrent.ExecutionException: org.apache.ratis.thirdparty.io.grpc.StatusRuntimeException: UNAVAILABLE: io exception
	at java.util.concurrent.FutureTask.report(FutureTask.java:122)
	at java.util.concurrent.FutureTask.get(FutureTask.java:192)
	at org.apache.ratis.server.impl.LeaderElection.waitForResults(LeaderElection.java:259)
	at org.apache.ratis.server.impl.LeaderElection.askForVotes(LeaderElection.java:197)
	at org.apache.ratis.server.impl.LeaderElection.run(LeaderElection.java:133)
	at java.lang.Thread.run(Thread.java:748)
Caused by: org.apache.ratis.thirdparty.io.grpc.StatusRuntimeException: UNAVAILABLE: io exception
	at org.apache.ratis.thirdparty.io.grpc.stub.ClientCalls.toStatusRuntimeException(ClientCalls.java:233)
	at org.apache.ratis.thirdparty.io.grpc.stub.ClientCalls.getUnchecked(ClientCalls.java:214)
	at org.apache.ratis.thirdparty.io.grpc.stub.ClientCalls.blockingUnaryCall(ClientCalls.java:139)
	at org.apache.ratis.proto.grpc.RaftServerProtocolServiceGrpc$RaftServerProtocolServiceBlockingStub.requestVote(RaftServerProtocolServiceGrpc.java:265)
	at org.apache.ratis.grpc.server.GrpcServerProtocolClient.requestVote(GrpcServerProtocolClient.java:99)
	at org.apache.ratis.grpc.server.GrpcService.requestVote(GrpcService.java:204)
	at org.apache.ratis.server.impl.LeaderElection.lambda$submitRequests$1(LeaderElection.java:234)
	at java.util.concurrent.FutureTask.run(FutureTask.java:266)
	at java.util.concurrent.Executors$RunnableAdapter.call(Executors.java:511)
	at java.util.concurrent.FutureTask.run(FutureTask.java:266)
	at java.util.concurrent.ThreadPoolExecutor.runWorker(ThreadPoolExecutor.java:1149)
	at java.util.concurrent.ThreadPoolExecutor$Worker.run(ThreadPoolExecutor.java:624)
	... 1 more
Caused by: org.apache.ratis.thirdparty.io.netty.channel.AbstractChannel$AnnotatedConnectException: Connection refused: /192.168.69.82:43645
	at sun.nio.ch.SocketChannelImpl.checkConnect(Native Method)
	at sun.nio.ch.SocketChannelImpl.finishConnect(SocketChannelImpl.java:717)
	at org.apache.ratis.thirdparty.io.netty.channel.socket.nio.NioSocketChannel.doFinishConnect(NioSocketChannel.java:327)
	at org.apache.ratis.thirdparty.io.netty.channel.nio.AbstractNioChannel$AbstractNioUnsafe.finishConnect(AbstractNioChannel.java:340)
	at org.apache.ratis.thirdparty.io.netty.channel.nio.NioEventLoop.processSelectedKey(NioEventLoop.java:632)
	at org.apache.ratis.thirdparty.io.netty.channel.nio.NioEventLoop.processSelectedKeysOptimized(NioEventLoop.java:579)
	at org.apache.ratis.thirdparty.io.netty.channel.nio.NioEventLoop.processSelectedKeys(NioEventLoop.java:496)
	at org.apache.ratis.thirdparty.io.netty.channel.nio.NioEventLoop.run(NioEventLoop.java:458)
	at org.apache.ratis.thirdparty.io.netty.util.concurrent.SingleThreadEventExecutor$5.run(SingleThreadEventExecutor.java:897)
	at org.apache.ratis.thirdparty.io.netty.util.concurrent.FastThreadLocalRunnable.run(FastThreadLocalRunnable.java:30)
	... 1 more
Caused by: java.net.ConnectException: Connection refused
	... 11 more
2019-10-17 05:57:32,255 [0716e483-2373-428e-a917-ee7c73d3521d@group-7066FE0FC203-LeaderElection224] INFO  impl.LeaderElection (LogUtils.java:infoOrTrace(149)) - 0716e483-2373-428e-a917-ee7c73d3521d@group-7066FE0FC203-LeaderElection224 got exception when requesting votes: {}
java.util.concurrent.ExecutionException: org.apache.ratis.thirdparty.io.grpc.StatusRuntimeException: UNAVAILABLE: io exception
	at java.util.concurrent.FutureTask.report(FutureTask.java:122)
	at java.util.concurrent.FutureTask.get(FutureTask.java:192)
	at org.apache.ratis.server.impl.LeaderElection.waitForResults(LeaderElection.java:259)
	at org.apache.ratis.server.impl.LeaderElection.askForVotes(LeaderElection.java:197)
	at org.apache.ratis.server.impl.LeaderElection.run(LeaderElection.java:133)
	at java.lang.Thread.run(Thread.java:748)
Caused by: org.apache.ratis.thirdparty.io.grpc.StatusRuntimeException: UNAVAILABLE: io exception
	at org.apache.ratis.thirdparty.io.grpc.stub.ClientCalls.toStatusRuntimeException(ClientCalls.java:233)
	at org.apache.ratis.thirdparty.io.grpc.stub.ClientCalls.getUnchecked(ClientCalls.java:214)
	at org.apache.ratis.thirdparty.io.grpc.stub.ClientCalls.blockingUnaryCall(ClientCalls.java:139)
	at org.apache.ratis.proto.grpc.RaftServerProtocolServiceGrpc$RaftServerProtocolServiceBlockingStub.requestVote(RaftServerProtocolServiceGrpc.java:265)
	at org.apache.ratis.grpc.server.GrpcServerProtocolClient.requestVote(GrpcServerProtocolClient.java:99)
	at org.apache.ratis.grpc.server.GrpcService.requestVote(GrpcService.java:204)
	at org.apache.ratis.server.impl.LeaderElection.lambda$submitRequests$1(LeaderElection.java:234)
	at java.util.concurrent.FutureTask.run(FutureTask.java:266)
	at java.util.concurrent.Executors$RunnableAdapter.call(Executors.java:511)
	at java.util.concurrent.FutureTask.run(FutureTask.java:266)
	at java.util.concurrent.ThreadPoolExecutor.runWorker(ThreadPoolExecutor.java:1149)
	at java.util.concurrent.ThreadPoolExecutor$Worker.run(ThreadPoolExecutor.java:624)
	... 1 more
Caused by: org.apache.ratis.thirdparty.io.netty.channel.AbstractChannel$AnnotatedConnectException: Connection refused: /192.168.69.82:42071
	at sun.nio.ch.SocketChannelImpl.checkConnect(Native Method)
	at sun.nio.ch.SocketChannelImpl.finishConnect(SocketChannelImpl.java:717)
	at org.apache.ratis.thirdparty.io.netty.channel.socket.nio.NioSocketChannel.doFinishConnect(NioSocketChannel.java:327)
	at org.apache.ratis.thirdparty.io.netty.channel.nio.AbstractNioChannel$AbstractNioUnsafe.finishConnect(AbstractNioChannel.java:340)
	at org.apache.ratis.thirdparty.io.netty.channel.nio.NioEventLoop.processSelectedKey(NioEventLoop.java:632)
	at org.apache.ratis.thirdparty.io.netty.channel.nio.NioEventLoop.processSelectedKeysOptimized(NioEventLoop.java:579)
	at org.apache.ratis.thirdparty.io.netty.channel.nio.NioEventLoop.processSelectedKeys(NioEventLoop.java:496)
	at org.apache.ratis.thirdparty.io.netty.channel.nio.NioEventLoop.run(NioEventLoop.java:458)
	at org.apache.ratis.thirdparty.io.netty.util.concurrent.SingleThreadEventExecutor$5.run(SingleThreadEventExecutor.java:897)
	at org.apache.ratis.thirdparty.io.netty.util.concurrent.FastThreadLocalRunnable.run(FastThreadLocalRunnable.java:30)
	... 1 more
Caused by: java.net.ConnectException: Connection refused
	... 11 more
2019-10-17 05:57:32,256 [0716e483-2373-428e-a917-ee7c73d3521d@group-7066FE0FC203-LeaderElection224] INFO  impl.LeaderElection (LeaderElection.java:logAndReturn(56)) - 0716e483-2373-428e-a917-ee7c73d3521d@group-7066FE0FC203-LeaderElection224: Election REJECTED; received 0 response(s) [] and 2 exception(s); 0716e483-2373-428e-a917-ee7c73d3521d@group-7066FE0FC203:t12, leader=null, voted=0716e483-2373-428e-a917-ee7c73d3521d, raftlog=0716e483-2373-428e-a917-ee7c73d3521d@group-7066FE0FC203-SegmentedRaftLog:OPENED:c2,f2,i2, conf=1: [0716e483-2373-428e-a917-ee7c73d3521d:192.168.69.82:39524, d4bb136b-e602-4c0a-8f86-2462710659b1:192.168.69.82:42071, 194f2ff6-41c6-4f9d-98fd-e63bb60a2475:192.168.69.82:43645], old=null
2019-10-17 05:57:32,256 [0716e483-2373-428e-a917-ee7c73d3521d@group-7066FE0FC203-LeaderElection224] INFO  impl.LeaderElection (LogUtils.java:infoOrTrace(149)) -   Exception 0: {}
java.util.concurrent.ExecutionException: org.apache.ratis.thirdparty.io.grpc.StatusRuntimeException: UNAVAILABLE: io exception
	at java.util.concurrent.FutureTask.report(FutureTask.java:122)
	at java.util.concurrent.FutureTask.get(FutureTask.java:192)
	at org.apache.ratis.server.impl.LeaderElection.waitForResults(LeaderElection.java:259)
	at org.apache.ratis.server.impl.LeaderElection.askForVotes(LeaderElection.java:197)
	at org.apache.ratis.server.impl.LeaderElection.run(LeaderElection.java:133)
	at java.lang.Thread.run(Thread.java:748)
Caused by: org.apache.ratis.thirdparty.io.grpc.StatusRuntimeException: UNAVAILABLE: io exception
	at org.apache.ratis.thirdparty.io.grpc.stub.ClientCalls.toStatusRuntimeException(ClientCalls.java:233)
	at org.apache.ratis.thirdparty.io.grpc.stub.ClientCalls.getUnchecked(ClientCalls.java:214)
	at org.apache.ratis.thirdparty.io.grpc.stub.ClientCalls.blockingUnaryCall(ClientCalls.java:139)
	at org.apache.ratis.proto.grpc.RaftServerProtocolServiceGrpc$RaftServerProtocolServiceBlockingStub.requestVote(RaftServerProtocolServiceGrpc.java:265)
	at org.apache.ratis.grpc.server.GrpcServerProtocolClient.requestVote(GrpcServerProtocolClient.java:99)
	at org.apache.ratis.grpc.server.GrpcService.requestVote(GrpcService.java:204)
	at org.apache.ratis.server.impl.LeaderElection.lambda$submitRequests$1(LeaderElection.java:234)
	at java.util.concurrent.FutureTask.run(FutureTask.java:266)
	at java.util.concurrent.Executors$RunnableAdapter.call(Executors.java:511)
	at java.util.concurrent.FutureTask.run(FutureTask.java:266)
	at java.util.concurrent.ThreadPoolExecutor.runWorker(ThreadPoolExecutor.java:1149)
	at java.util.concurrent.ThreadPoolExecutor$Worker.run(ThreadPoolExecutor.java:624)
	... 1 more
Caused by: org.apache.ratis.thirdparty.io.netty.channel.AbstractChannel$AnnotatedConnectException: Connection refused: /192.168.69.82:43645
	at sun.nio.ch.SocketChannelImpl.checkConnect(Native Method)
	at sun.nio.ch.SocketChannelImpl.finishConnect(SocketChannelImpl.java:717)
	at org.apache.ratis.thirdparty.io.netty.channel.socket.nio.NioSocketChannel.doFinishConnect(NioSocketChannel.java:327)
	at org.apache.ratis.thirdparty.io.netty.channel.nio.AbstractNioChannel$AbstractNioUnsafe.finishConnect(AbstractNioChannel.java:340)
	at org.apache.ratis.thirdparty.io.netty.channel.nio.NioEventLoop.processSelectedKey(NioEventLoop.java:632)
	at org.apache.ratis.thirdparty.io.netty.channel.nio.NioEventLoop.processSelectedKeysOptimized(NioEventLoop.java:579)
	at org.apache.ratis.thirdparty.io.netty.channel.nio.NioEventLoop.processSelectedKeys(NioEventLoop.java:496)
	at org.apache.ratis.thirdparty.io.netty.channel.nio.NioEventLoop.run(NioEventLoop.java:458)
	at org.apache.ratis.thirdparty.io.netty.util.concurrent.SingleThreadEventExecutor$5.run(SingleThreadEventExecutor.java:897)
	at org.apache.ratis.thirdparty.io.netty.util.concurrent.FastThreadLocalRunnable.run(FastThreadLocalRunnable.java:30)
	... 1 more
Caused by: java.net.ConnectException: Connection refused
	... 11 more
2019-10-17 05:57:32,257 [0716e483-2373-428e-a917-ee7c73d3521d@group-7066FE0FC203-LeaderElection224] INFO  impl.LeaderElection (LogUtils.java:infoOrTrace(149)) -   Exception 1: {}
java.util.concurrent.ExecutionException: org.apache.ratis.thirdparty.io.grpc.StatusRuntimeException: UNAVAILABLE: io exception
	at java.util.concurrent.FutureTask.report(FutureTask.java:122)
	at java.util.concurrent.FutureTask.get(FutureTask.java:192)
	at org.apache.ratis.server.impl.LeaderElection.waitForResults(LeaderElection.java:259)
	at org.apache.ratis.server.impl.LeaderElection.askForVotes(LeaderElection.java:197)
	at org.apache.ratis.server.impl.LeaderElection.run(LeaderElection.java:133)
	at java.lang.Thread.run(Thread.java:748)
Caused by: org.apache.ratis.thirdparty.io.grpc.StatusRuntimeException: UNAVAILABLE: io exception
	at org.apache.ratis.thirdparty.io.grpc.stub.ClientCalls.toStatusRuntimeException(ClientCalls.java:233)
	at org.apache.ratis.thirdparty.io.grpc.stub.ClientCalls.getUnchecked(ClientCalls.java:214)
	at org.apache.ratis.thirdparty.io.grpc.stub.ClientCalls.blockingUnaryCall(ClientCalls.java:139)
	at org.apache.ratis.proto.grpc.RaftServerProtocolServiceGrpc$RaftServerProtocolServiceBlockingStub.requestVote(RaftServerProtocolServiceGrpc.java:265)
	at org.apache.ratis.grpc.server.GrpcServerProtocolClient.requestVote(GrpcServerProtocolClient.java:99)
	at org.apache.ratis.grpc.server.GrpcService.requestVote(GrpcService.java:204)
	at org.apache.ratis.server.impl.LeaderElection.lambda$submitRequests$1(LeaderElection.java:234)
	at java.util.concurrent.FutureTask.run(FutureTask.java:266)
	at java.util.concurrent.Executors$RunnableAdapter.call(Executors.java:511)
	at java.util.concurrent.FutureTask.run(FutureTask.java:266)
	at java.util.concurrent.ThreadPoolExecutor.runWorker(ThreadPoolExecutor.java:1149)
	at java.util.concurrent.ThreadPoolExecutor$Worker.run(ThreadPoolExecutor.java:624)
	... 1 more
Caused by: org.apache.ratis.thirdparty.io.netty.channel.AbstractChannel$AnnotatedConnectException: Connection refused: /192.168.69.82:42071
	at sun.nio.ch.SocketChannelImpl.checkConnect(Native Method)
	at sun.nio.ch.SocketChannelImpl.finishConnect(SocketChannelImpl.java:717)
	at org.apache.ratis.thirdparty.io.netty.channel.socket.nio.NioSocketChannel.doFinishConnect(NioSocketChannel.java:327)
	at org.apache.ratis.thirdparty.io.netty.channel.nio.AbstractNioChannel$AbstractNioUnsafe.finishConnect(AbstractNioChannel.java:340)
	at org.apache.ratis.thirdparty.io.netty.channel.nio.NioEventLoop.processSelectedKey(NioEventLoop.java:632)
	at org.apache.ratis.thirdparty.io.netty.channel.nio.NioEventLoop.processSelectedKeysOptimized(NioEventLoop.java:579)
	at org.apache.ratis.thirdparty.io.netty.channel.nio.NioEventLoop.processSelectedKeys(NioEventLoop.java:496)
	at org.apache.ratis.thirdparty.io.netty.channel.nio.NioEventLoop.run(NioEventLoop.java:458)
	at org.apache.ratis.thirdparty.io.netty.util.concurrent.SingleThreadEventExecutor$5.run(SingleThreadEventExecutor.java:897)
	at org.apache.ratis.thirdparty.io.netty.util.concurrent.FastThreadLocalRunnable.run(FastThreadLocalRunnable.java:30)
	... 1 more
Caused by: java.net.ConnectException: Connection refused
	... 11 more
2019-10-17 05:57:32,257 [0716e483-2373-428e-a917-ee7c73d3521d@group-7066FE0FC203-LeaderElection224] INFO  impl.RaftServerImpl (RaftServerImpl.java:setRole(184)) - 0716e483-2373-428e-a917-ee7c73d3521d@group-7066FE0FC203: changes role from CANDIDATE to FOLLOWER at term 12 for DISCOVERED_A_NEW_TERM
2019-10-17 05:57:32,257 [0716e483-2373-428e-a917-ee7c73d3521d@group-7066FE0FC203-LeaderElection224] INFO  impl.RoleInfo (RoleInfo.java:shutdownLeaderElection(134)) - 0716e483-2373-428e-a917-ee7c73d3521d: shutdown LeaderElection
2019-10-17 05:57:32,257 [0716e483-2373-428e-a917-ee7c73d3521d@group-7066FE0FC203-LeaderElection224] INFO  impl.RoleInfo (RoleInfo.java:updateAndGet(143)) - 0716e483-2373-428e-a917-ee7c73d3521d: start FollowerState
2019-10-17 05:57:32,362 [java.util.concurrent.ThreadPoolExecutor$Worker@531fe698[State = -1, empty queue]] WARN  server.GrpcLogAppender (GrpcLogAppender.java:timeoutAppendRequest(209)) - b5f12832-4a97-45e3-9503-a5cba48636cf@group-74E9893F5999->8c36b79a-da60-43d4-9d42-baae689ad199-GrpcLogAppender: appendEntries Timeout, request=b5f12832-4a97-45e3-9503-a5cba48636cf->8c36b79a-da60-43d4-9d42-baae689ad199#31-t10, previous=(t:10, i:20), leaderCommit=20, initializing? false, entries: <empty>
2019-10-17 05:57:32,862 [java.util.concurrent.ThreadPoolExecutor$Worker@531fe698[State = -1, empty queue]] WARN  server.GrpcLogAppender (GrpcLogAppender.java:timeoutAppendRequest(209)) - b5f12832-4a97-45e3-9503-a5cba48636cf@group-74E9893F5999->8c36b79a-da60-43d4-9d42-baae689ad199-GrpcLogAppender: appendEntries Timeout, request=b5f12832-4a97-45e3-9503-a5cba48636cf->8c36b79a-da60-43d4-9d42-baae689ad199#32-t10, previous=(t:10, i:20), leaderCommit=20, initializing? false, entries: <empty>
2019-10-17 05:57:33,320 [java.util.concurrent.ThreadPoolExecutor$Worker@65b35bbb[State = -1, empty queue]] WARN  server.GrpcLogAppender (GrpcLogAppender.java:timeoutAppendRequest(209)) - b5f12832-4a97-45e3-9503-a5cba48636cf@group-74E9893F5999->596a1247-d4fb-4568-97fb-3ff1ce43250d-GrpcLogAppender: appendEntries Timeout, request=b5f12832-4a97-45e3-9503-a5cba48636cf->596a1247-d4fb-4568-97fb-3ff1ce43250d#5-t10, previous=(t:9, i:18), leaderCommit=20, initializing? false, entries: <empty>
2019-10-17 05:57:33,362 [java.util.concurrent.ThreadPoolExecutor$Worker@531fe698[State = -1, empty queue]] WARN  server.GrpcLogAppender (GrpcLogAppender.java:timeoutAppendRequest(209)) - b5f12832-4a97-45e3-9503-a5cba48636cf@group-74E9893F5999->8c36b79a-da60-43d4-9d42-baae689ad199-GrpcLogAppender: appendEntries Timeout, request=b5f12832-4a97-45e3-9503-a5cba48636cf->8c36b79a-da60-43d4-9d42-baae689ad199#33-t10, previous=(t:10, i:20), leaderCommit=20, initializing? false, entries: <empty>
2019-10-17 05:57:33,418 [Thread-1932] INFO  impl.FollowerState (FollowerState.java:run(108)) - 0716e483-2373-428e-a917-ee7c73d3521d@group-7066FE0FC203-FollowerState: change to CANDIDATE, lastRpcTime:1160ms, electionTimeout:1160ms
2019-10-17 05:57:33,418 [Thread-1932] INFO  impl.RoleInfo (RoleInfo.java:shutdownFollowerState(121)) - 0716e483-2373-428e-a917-ee7c73d3521d: shutdown FollowerState
2019-10-17 05:57:33,418 [Thread-1932] INFO  impl.RaftServerImpl (RaftServerImpl.java:setRole(184)) - 0716e483-2373-428e-a917-ee7c73d3521d@group-7066FE0FC203: changes role from  FOLLOWER to CANDIDATE at term 12 for changeToCandidate
2019-10-17 05:57:33,419 [Thread-1932] INFO  impl.RoleInfo (RoleInfo.java:updateAndGet(143)) - 0716e483-2373-428e-a917-ee7c73d3521d: start LeaderElection
2019-10-17 05:57:33,432 [0716e483-2373-428e-a917-ee7c73d3521d@group-7066FE0FC203-LeaderElection225] INFO  impl.LeaderElection (LeaderElection.java:askForVotes(178)) - 0716e483-2373-428e-a917-ee7c73d3521d@group-7066FE0FC203-LeaderElection225: begin an election at term 13 for 1: [0716e483-2373-428e-a917-ee7c73d3521d:192.168.69.82:39524, d4bb136b-e602-4c0a-8f86-2462710659b1:192.168.69.82:42071, 194f2ff6-41c6-4f9d-98fd-e63bb60a2475:192.168.69.82:43645], old=null
2019-10-17 05:57:33,434 [0716e483-2373-428e-a917-ee7c73d3521d@group-7066FE0FC203-LeaderElection225] INFO  impl.LeaderElection (LogUtils.java:infoOrTrace(149)) - 0716e483-2373-428e-a917-ee7c73d3521d@group-7066FE0FC203-LeaderElection225 got exception when requesting votes: {}
java.util.concurrent.ExecutionException: org.apache.ratis.thirdparty.io.grpc.StatusRuntimeException: UNAVAILABLE: io exception
	at java.util.concurrent.FutureTask.report(FutureTask.java:122)
	at java.util.concurrent.FutureTask.get(FutureTask.java:192)
	at org.apache.ratis.server.impl.LeaderElection.waitForResults(LeaderElection.java:259)
	at org.apache.ratis.server.impl.LeaderElection.askForVotes(LeaderElection.java:197)
	at org.apache.ratis.server.impl.LeaderElection.run(LeaderElection.java:133)
	at java.lang.Thread.run(Thread.java:748)
Caused by: org.apache.ratis.thirdparty.io.grpc.StatusRuntimeException: UNAVAILABLE: io exception
	at org.apache.ratis.thirdparty.io.grpc.stub.ClientCalls.toStatusRuntimeException(ClientCalls.java:233)
	at org.apache.ratis.thirdparty.io.grpc.stub.ClientCalls.getUnchecked(ClientCalls.java:214)
	at org.apache.ratis.thirdparty.io.grpc.stub.ClientCalls.blockingUnaryCall(ClientCalls.java:139)
	at org.apache.ratis.proto.grpc.RaftServerProtocolServiceGrpc$RaftServerProtocolServiceBlockingStub.requestVote(RaftServerProtocolServiceGrpc.java:265)
	at org.apache.ratis.grpc.server.GrpcServerProtocolClient.requestVote(GrpcServerProtocolClient.java:99)
	at org.apache.ratis.grpc.server.GrpcService.requestVote(GrpcService.java:204)
	at org.apache.ratis.server.impl.LeaderElection.lambda$submitRequests$1(LeaderElection.java:234)
	at java.util.concurrent.FutureTask.run(FutureTask.java:266)
	at java.util.concurrent.Executors$RunnableAdapter.call(Executors.java:511)
	at java.util.concurrent.FutureTask.run(FutureTask.java:266)
	at java.util.concurrent.ThreadPoolExecutor.runWorker(ThreadPoolExecutor.java:1149)
	at java.util.concurrent.ThreadPoolExecutor$Worker.run(ThreadPoolExecutor.java:624)
	... 1 more
Caused by: org.apache.ratis.thirdparty.io.netty.channel.AbstractChannel$AnnotatedConnectException: Connection refused: /192.168.69.82:42071
	at sun.nio.ch.SocketChannelImpl.checkConnect(Native Method)
	at sun.nio.ch.SocketChannelImpl.finishConnect(SocketChannelImpl.java:717)
	at org.apache.ratis.thirdparty.io.netty.channel.socket.nio.NioSocketChannel.doFinishConnect(NioSocketChannel.java:327)
	at org.apache.ratis.thirdparty.io.netty.channel.nio.AbstractNioChannel$AbstractNioUnsafe.finishConnect(AbstractNioChannel.java:340)
	at org.apache.ratis.thirdparty.io.netty.channel.nio.NioEventLoop.processSelectedKey(NioEventLoop.java:632)
	at org.apache.ratis.thirdparty.io.netty.channel.nio.NioEventLoop.processSelectedKeysOptimized(NioEventLoop.java:579)
	at org.apache.ratis.thirdparty.io.netty.channel.nio.NioEventLoop.processSelectedKeys(NioEventLoop.java:496)
	at org.apache.ratis.thirdparty.io.netty.channel.nio.NioEventLoop.run(NioEventLoop.java:458)
	at org.apache.ratis.thirdparty.io.netty.util.concurrent.SingleThreadEventExecutor$5.run(SingleThreadEventExecutor.java:897)
	at org.apache.ratis.thirdparty.io.netty.util.concurrent.FastThreadLocalRunnable.run(FastThreadLocalRunnable.java:30)
	... 1 more
Caused by: java.net.ConnectException: Connection refused
	... 11 more
2019-10-17 05:57:33,434 [0716e483-2373-428e-a917-ee7c73d3521d@group-7066FE0FC203-LeaderElection225] INFO  impl.LeaderElection (LogUtils.java:infoOrTrace(149)) - 0716e483-2373-428e-a917-ee7c73d3521d@group-7066FE0FC203-LeaderElection225 got exception when requesting votes: {}
java.util.concurrent.ExecutionException: org.apache.ratis.thirdparty.io.grpc.StatusRuntimeException: UNAVAILABLE: io exception
	at java.util.concurrent.FutureTask.report(FutureTask.java:122)
	at java.util.concurrent.FutureTask.get(FutureTask.java:192)
	at org.apache.ratis.server.impl.LeaderElection.waitForResults(LeaderElection.java:259)
	at org.apache.ratis.server.impl.LeaderElection.askForVotes(LeaderElection.java:197)
	at org.apache.ratis.server.impl.LeaderElection.run(LeaderElection.java:133)
	at java.lang.Thread.run(Thread.java:748)
Caused by: org.apache.ratis.thirdparty.io.grpc.StatusRuntimeException: UNAVAILABLE: io exception
	at org.apache.ratis.thirdparty.io.grpc.stub.ClientCalls.toStatusRuntimeException(ClientCalls.java:233)
	at org.apache.ratis.thirdparty.io.grpc.stub.ClientCalls.getUnchecked(ClientCalls.java:214)
	at org.apache.ratis.thirdparty.io.grpc.stub.ClientCalls.blockingUnaryCall(ClientCalls.java:139)
	at org.apache.ratis.proto.grpc.RaftServerProtocolServiceGrpc$RaftServerProtocolServiceBlockingStub.requestVote(RaftServerProtocolServiceGrpc.java:265)
	at org.apache.ratis.grpc.server.GrpcServerProtocolClient.requestVote(GrpcServerProtocolClient.java:99)
	at org.apache.ratis.grpc.server.GrpcService.requestVote(GrpcService.java:204)
	at org.apache.ratis.server.impl.LeaderElection.lambda$submitRequests$1(LeaderElection.java:234)
	at java.util.concurrent.FutureTask.run(FutureTask.java:266)
	at java.util.concurrent.Executors$RunnableAdapter.call(Executors.java:511)
	at java.util.concurrent.FutureTask.run(FutureTask.java:266)
	at java.util.concurrent.ThreadPoolExecutor.runWorker(ThreadPoolExecutor.java:1149)
	at java.util.concurrent.ThreadPoolExecutor$Worker.run(ThreadPoolExecutor.java:624)
	... 1 more
Caused by: org.apache.ratis.thirdparty.io.netty.channel.AbstractChannel$AnnotatedConnectException: Connection refused: /192.168.69.82:43645
	at sun.nio.ch.SocketChannelImpl.checkConnect(Native Method)
	at sun.nio.ch.SocketChannelImpl.finishConnect(SocketChannelImpl.java:717)
	at org.apache.ratis.thirdparty.io.netty.channel.socket.nio.NioSocketChannel.doFinishConnect(NioSocketChannel.java:327)
	at org.apache.ratis.thirdparty.io.netty.channel.nio.AbstractNioChannel$AbstractNioUnsafe.finishConnect(AbstractNioChannel.java:340)
	at org.apache.ratis.thirdparty.io.netty.channel.nio.NioEventLoop.processSelectedKey(NioEventLoop.java:632)
	at org.apache.ratis.thirdparty.io.netty.channel.nio.NioEventLoop.processSelectedKeysOptimized(NioEventLoop.java:579)
	at org.apache.ratis.thirdparty.io.netty.channel.nio.NioEventLoop.processSelectedKeys(NioEventLoop.java:496)
	at org.apache.ratis.thirdparty.io.netty.channel.nio.NioEventLoop.run(NioEventLoop.java:458)
	at org.apache.ratis.thirdparty.io.netty.util.concurrent.SingleThreadEventExecutor$5.run(SingleThreadEventExecutor.java:897)
	at org.apache.ratis.thirdparty.io.netty.util.concurrent.FastThreadLocalRunnable.run(FastThreadLocalRunnable.java:30)
	... 1 more
Caused by: java.net.ConnectException: Connection refused
	... 11 more
2019-10-17 05:57:33,435 [0716e483-2373-428e-a917-ee7c73d3521d@group-7066FE0FC203-LeaderElection225] INFO  impl.LeaderElection (LeaderElection.java:logAndReturn(56)) - 0716e483-2373-428e-a917-ee7c73d3521d@group-7066FE0FC203-LeaderElection225: Election REJECTED; received 0 response(s) [] and 2 exception(s); 0716e483-2373-428e-a917-ee7c73d3521d@group-7066FE0FC203:t13, leader=null, voted=0716e483-2373-428e-a917-ee7c73d3521d, raftlog=0716e483-2373-428e-a917-ee7c73d3521d@group-7066FE0FC203-SegmentedRaftLog:OPENED:c2,f2,i2, conf=1: [0716e483-2373-428e-a917-ee7c73d3521d:192.168.69.82:39524, d4bb136b-e602-4c0a-8f86-2462710659b1:192.168.69.82:42071, 194f2ff6-41c6-4f9d-98fd-e63bb60a2475:192.168.69.82:43645], old=null
2019-10-17 05:57:33,435 [0716e483-2373-428e-a917-ee7c73d3521d@group-7066FE0FC203-LeaderElection225] INFO  impl.LeaderElection (LogUtils.java:infoOrTrace(149)) -   Exception 0: {}
java.util.concurrent.ExecutionException: org.apache.ratis.thirdparty.io.grpc.StatusRuntimeException: UNAVAILABLE: io exception
	at java.util.concurrent.FutureTask.report(FutureTask.java:122)
	at java.util.concurrent.FutureTask.get(FutureTask.java:192)
	at org.apache.ratis.server.impl.LeaderElection.waitForResults(LeaderElection.java:259)
	at org.apache.ratis.server.impl.LeaderElection.askForVotes(LeaderElection.java:197)
	at org.apache.ratis.server.impl.LeaderElection.run(LeaderElection.java:133)
	at java.lang.Thread.run(Thread.java:748)
Caused by: org.apache.ratis.thirdparty.io.grpc.StatusRuntimeException: UNAVAILABLE: io exception
	at org.apache.ratis.thirdparty.io.grpc.stub.ClientCalls.toStatusRuntimeException(ClientCalls.java:233)
	at org.apache.ratis.thirdparty.io.grpc.stub.ClientCalls.getUnchecked(ClientCalls.java:214)
	at org.apache.ratis.thirdparty.io.grpc.stub.ClientCalls.blockingUnaryCall(ClientCalls.java:139)
	at org.apache.ratis.proto.grpc.RaftServerProtocolServiceGrpc$RaftServerProtocolServiceBlockingStub.requestVote(RaftServerProtocolServiceGrpc.java:265)
	at org.apache.ratis.grpc.server.GrpcServerProtocolClient.requestVote(GrpcServerProtocolClient.java:99)
	at org.apache.ratis.grpc.server.GrpcService.requestVote(GrpcService.java:204)
	at org.apache.ratis.server.impl.LeaderElection.lambda$submitRequests$1(LeaderElection.java:234)
	at java.util.concurrent.FutureTask.run(FutureTask.java:266)
	at java.util.concurrent.Executors$RunnableAdapter.call(Executors.java:511)
	at java.util.concurrent.FutureTask.run(FutureTask.java:266)
	at java.util.concurrent.ThreadPoolExecutor.runWorker(ThreadPoolExecutor.java:1149)
	at java.util.concurrent.ThreadPoolExecutor$Worker.run(ThreadPoolExecutor.java:624)
	... 1 more
Caused by: org.apache.ratis.thirdparty.io.netty.channel.AbstractChannel$AnnotatedConnectException: Connection refused: /192.168.69.82:42071
	at sun.nio.ch.SocketChannelImpl.checkConnect(Native Method)
	at sun.nio.ch.SocketChannelImpl.finishConnect(SocketChannelImpl.java:717)
	at org.apache.ratis.thirdparty.io.netty.channel.socket.nio.NioSocketChannel.doFinishConnect(NioSocketChannel.java:327)
	at org.apache.ratis.thirdparty.io.netty.channel.nio.AbstractNioChannel$AbstractNioUnsafe.finishConnect(AbstractNioChannel.java:340)
	at org.apache.ratis.thirdparty.io.netty.channel.nio.NioEventLoop.processSelectedKey(NioEventLoop.java:632)
	at org.apache.ratis.thirdparty.io.netty.channel.nio.NioEventLoop.processSelectedKeysOptimized(NioEventLoop.java:579)
	at org.apache.ratis.thirdparty.io.netty.channel.nio.NioEventLoop.processSelectedKeys(NioEventLoop.java:496)
	at org.apache.ratis.thirdparty.io.netty.channel.nio.NioEventLoop.run(NioEventLoop.java:458)
	at org.apache.ratis.thirdparty.io.netty.util.concurrent.SingleThreadEventExecutor$5.run(SingleThreadEventExecutor.java:897)
	at org.apache.ratis.thirdparty.io.netty.util.concurrent.FastThreadLocalRunnable.run(FastThreadLocalRunnable.java:30)
	... 1 more
Caused by: java.net.ConnectException: Connection refused
	... 11 more
2019-10-17 05:57:33,435 [0716e483-2373-428e-a917-ee7c73d3521d@group-7066FE0FC203-LeaderElection225] INFO  impl.LeaderElection (LogUtils.java:infoOrTrace(149)) -   Exception 1: {}
java.util.concurrent.ExecutionException: org.apache.ratis.thirdparty.io.grpc.StatusRuntimeException: UNAVAILABLE: io exception
	at java.util.concurrent.FutureTask.report(FutureTask.java:122)
	at java.util.concurrent.FutureTask.get(FutureTask.java:192)
	at org.apache.ratis.server.impl.LeaderElection.waitForResults(LeaderElection.java:259)
	at org.apache.ratis.server.impl.LeaderElection.askForVotes(LeaderElection.java:197)
	at org.apache.ratis.server.impl.LeaderElection.run(LeaderElection.java:133)
	at java.lang.Thread.run(Thread.java:748)
Caused by: org.apache.ratis.thirdparty.io.grpc.StatusRuntimeException: UNAVAILABLE: io exception
	at org.apache.ratis.thirdparty.io.grpc.stub.ClientCalls.toStatusRuntimeException(ClientCalls.java:233)
	at org.apache.ratis.thirdparty.io.grpc.stub.ClientCalls.getUnchecked(ClientCalls.java:214)
	at org.apache.ratis.thirdparty.io.grpc.stub.ClientCalls.blockingUnaryCall(ClientCalls.java:139)
	at org.apache.ratis.proto.grpc.RaftServerProtocolServiceGrpc$RaftServerProtocolServiceBlockingStub.requestVote(RaftServerProtocolServiceGrpc.java:265)
	at org.apache.ratis.grpc.server.GrpcServerProtocolClient.requestVote(GrpcServerProtocolClient.java:99)
	at org.apache.ratis.grpc.server.GrpcService.requestVote(GrpcService.java:204)
	at org.apache.ratis.server.impl.LeaderElection.lambda$submitRequests$1(LeaderElection.java:234)
	at java.util.concurrent.FutureTask.run(FutureTask.java:266)
	at java.util.concurrent.Executors$RunnableAdapter.call(Executors.java:511)
	at java.util.concurrent.FutureTask.run(FutureTask.java:266)
	at java.util.concurrent.ThreadPoolExecutor.runWorker(ThreadPoolExecutor.java:1149)
	at java.util.concurrent.ThreadPoolExecutor$Worker.run(ThreadPoolExecutor.java:624)
	... 1 more
Caused by: org.apache.ratis.thirdparty.io.netty.channel.AbstractChannel$AnnotatedConnectException: Connection refused: /192.168.69.82:43645
	at sun.nio.ch.SocketChannelImpl.checkConnect(Native Method)
	at sun.nio.ch.SocketChannelImpl.finishConnect(SocketChannelImpl.java:717)
	at org.apache.ratis.thirdparty.io.netty.channel.socket.nio.NioSocketChannel.doFinishConnect(NioSocketChannel.java:327)
	at org.apache.ratis.thirdparty.io.netty.channel.nio.AbstractNioChannel$AbstractNioUnsafe.finishConnect(AbstractNioChannel.java:340)
	at org.apache.ratis.thirdparty.io.netty.channel.nio.NioEventLoop.processSelectedKey(NioEventLoop.java:632)
	at org.apache.ratis.thirdparty.io.netty.channel.nio.NioEventLoop.processSelectedKeysOptimized(NioEventLoop.java:579)
	at org.apache.ratis.thirdparty.io.netty.channel.nio.NioEventLoop.processSelectedKeys(NioEventLoop.java:496)
	at org.apache.ratis.thirdparty.io.netty.channel.nio.NioEventLoop.run(NioEventLoop.java:458)
	at org.apache.ratis.thirdparty.io.netty.util.concurrent.SingleThreadEventExecutor$5.run(SingleThreadEventExecutor.java:897)
	at org.apache.ratis.thirdparty.io.netty.util.concurrent.FastThreadLocalRunnable.run(FastThreadLocalRunnable.java:30)
	... 1 more
Caused by: java.net.ConnectException: Connection refused
	... 11 more
2019-10-17 05:57:33,435 [0716e483-2373-428e-a917-ee7c73d3521d@group-7066FE0FC203-LeaderElection225] INFO  impl.RaftServerImpl (RaftServerImpl.java:setRole(184)) - 0716e483-2373-428e-a917-ee7c73d3521d@group-7066FE0FC203: changes role from CANDIDATE to FOLLOWER at term 13 for DISCOVERED_A_NEW_TERM
2019-10-17 05:57:33,435 [0716e483-2373-428e-a917-ee7c73d3521d@group-7066FE0FC203-LeaderElection225] INFO  impl.RoleInfo (RoleInfo.java:shutdownLeaderElection(134)) - 0716e483-2373-428e-a917-ee7c73d3521d: shutdown LeaderElection
2019-10-17 05:57:33,435 [0716e483-2373-428e-a917-ee7c73d3521d@group-7066FE0FC203-LeaderElection225] INFO  impl.RoleInfo (RoleInfo.java:updateAndGet(143)) - 0716e483-2373-428e-a917-ee7c73d3521d: start FollowerState
2019-10-17 05:57:33,863 [java.util.concurrent.ThreadPoolExecutor$Worker@531fe698[State = -1, empty queue]] WARN  server.GrpcLogAppender (GrpcLogAppender.java:timeoutAppendRequest(209)) - b5f12832-4a97-45e3-9503-a5cba48636cf@group-74E9893F5999->8c36b79a-da60-43d4-9d42-baae689ad199-GrpcLogAppender: appendEntries Timeout, request=b5f12832-4a97-45e3-9503-a5cba48636cf->8c36b79a-da60-43d4-9d42-baae689ad199#34-t10, previous=(t:10, i:20), leaderCommit=20, initializing? false, entries: <empty>
2019-10-17 05:57:33,865 [main] INFO  ozoneimpl.OzoneContainer (OzoneContainer.java:stop(227)) - Attempting to stop container services.
2019-10-17 05:57:33,867 [main] INFO  impl.RaftServerProxy (RaftServerProxy.java:lambda$close$4(314)) - b5f12832-4a97-45e3-9503-a5cba48636cf: close
2019-10-17 05:57:33,868 [main] INFO  impl.RaftServerImpl (RaftServerImpl.java:lambda$shutdown$3(261)) - b5f12832-4a97-45e3-9503-a5cba48636cf@group-61B21088962C: shutdown
2019-10-17 05:57:33,868 [main] INFO  util.JmxRegister (JmxRegister.java:unregister(73)) - Successfully un-registered JMX Bean with object name Ratis:service=RaftServer,group=group-61B21088962C,id=b5f12832-4a97-45e3-9503-a5cba48636cf
2019-10-17 05:57:33,869 [main] INFO  impl.RoleInfo (RoleInfo.java:shutdownLeaderState(104)) - b5f12832-4a97-45e3-9503-a5cba48636cf: shutdown LeaderState
2019-10-17 05:57:33,869 [main] INFO  impl.PendingRequests (PendingRequests.java:sendNotLeaderResponses(202)) - b5f12832-4a97-45e3-9503-a5cba48636cf@group-61B21088962C-PendingRequests: sendNotLeaderResponses
2019-10-17 05:57:33,870 [main] INFO  impl.StateMachineUpdater (StateMachineUpdater.java:stopAndJoin(136)) - b5f12832-4a97-45e3-9503-a5cba48636cf@group-61B21088962C-StateMachineUpdater: set stopIndex = 0
2019-10-17 05:57:33,871 [main] INFO  impl.RaftServerImpl (ServerState.java:close(388)) - b5f12832-4a97-45e3-9503-a5cba48636cf@group-61B21088962C: closes. applyIndex: 0
2019-10-17 05:57:33,872 [b5f12832-4a97-45e3-9503-a5cba48636cf@group-61B21088962C-SegmentedRaftLogWorker] INFO  segmented.SegmentedRaftLogWorker (SegmentedRaftLogWorker.java:run(316)) - b5f12832-4a97-45e3-9503-a5cba48636cf@group-61B21088962C-SegmentedRaftLogWorker was interrupted, exiting. There are 0 tasks remaining in the queue.
2019-10-17 05:57:33,873 [main] INFO  segmented.SegmentedRaftLogWorker (SegmentedRaftLogWorker.java:close(224)) - b5f12832-4a97-45e3-9503-a5cba48636cf@group-61B21088962C-SegmentedRaftLogWorker close()
2019-10-17 05:57:33,875 [main] INFO  impl.RaftServerImpl (RaftServerImpl.java:lambda$shutdown$3(261)) - b5f12832-4a97-45e3-9503-a5cba48636cf@group-74E9893F5999: shutdown
2019-10-17 05:57:33,876 [main] INFO  util.JmxRegister (JmxRegister.java:unregister(73)) - Successfully un-registered JMX Bean with object name Ratis:service=RaftServer,group=group-74E9893F5999,id=b5f12832-4a97-45e3-9503-a5cba48636cf
2019-10-17 05:57:33,876 [main] INFO  impl.RoleInfo (RoleInfo.java:shutdownLeaderState(104)) - b5f12832-4a97-45e3-9503-a5cba48636cf: shutdown LeaderState
2019-10-17 05:57:33,879 [org.apache.ratis.server.impl.LogAppender$AppenderDaemon$$Lambda$447/1550530268@14271a84] WARN  server.GrpcLogAppender (GrpcLogAppender.java:mayWait(149)) - b5f12832-4a97-45e3-9503-a5cba48636cf@group-74E9893F5999->596a1247-d4fb-4568-97fb-3ff1ce43250d-GrpcLogAppender: Wait interrupted by java.lang.InterruptedException
2019-10-17 05:57:33,879 [main] INFO  impl.PendingRequests (PendingRequests.java:sendNotLeaderResponses(202)) - b5f12832-4a97-45e3-9503-a5cba48636cf@group-74E9893F5999-PendingRequests: sendNotLeaderResponses
2019-10-17 05:57:33,879 [org.apache.ratis.server.impl.LogAppender$AppenderDaemon$$Lambda$447/1550530268@7966c66] WARN  server.GrpcLogAppender (GrpcLogAppender.java:mayWait(149)) - b5f12832-4a97-45e3-9503-a5cba48636cf@group-74E9893F5999->8c36b79a-da60-43d4-9d42-baae689ad199-GrpcLogAppender: Wait interrupted by java.lang.InterruptedException
2019-10-17 05:57:33,879 [main] INFO  impl.StateMachineUpdater (StateMachineUpdater.java:stopAndJoin(136)) - b5f12832-4a97-45e3-9503-a5cba48636cf@group-74E9893F5999-StateMachineUpdater: set stopIndex = 20
2019-10-17 05:57:33,879 [b5f12832-4a97-45e3-9503-a5cba48636cf@group-74E9893F5999-StateMachineUpdater] INFO  ratis.ContainerStateMachine (ContainerStateMachine.java:takeSnapshot(294)) - group-74E9893F5999: Taking a snapshot at:(t:9, i:17) file /workdir/hadoop-ozone/integration-test/target/test-dir/MiniOzoneClusterImpl-292a2ff3-4780-4182-bb48-82c20e0e309d/datanode-7/data/ratis/78e6814e-8f4b-48e6-8bf0-74e9893f5999/sm/snapshot.9_17
2019-10-17 05:57:33,894 [b5f12832-4a97-45e3-9503-a5cba48636cf@group-74E9893F5999-StateMachineUpdater] INFO  ratis.ContainerStateMachine (ContainerStateMachine.java:takeSnapshot(305)) - group-74E9893F5999: Finished taking a snapshot at:(t:9, i:17) file:/workdir/hadoop-ozone/integration-test/target/test-dir/MiniOzoneClusterImpl-292a2ff3-4780-4182-bb48-82c20e0e309d/datanode-7/data/ratis/78e6814e-8f4b-48e6-8bf0-74e9893f5999/sm/snapshot.9_17 time:15
2019-10-17 05:57:33,895 [b5f12832-4a97-45e3-9503-a5cba48636cf@group-74E9893F5999-StateMachineUpdater] INFO  impl.StateMachineUpdater (StateMachineUpdater.java:takeSnapshot(269)) - b5f12832-4a97-45e3-9503-a5cba48636cf@group-74E9893F5999-StateMachineUpdater: Took a snapshot at index 17
2019-10-17 05:57:33,895 [b5f12832-4a97-45e3-9503-a5cba48636cf@group-74E9893F5999-StateMachineUpdater] INFO  impl.StateMachineUpdater (StateMachineUpdater.java:lambda$new$0(84)) - b5f12832-4a97-45e3-9503-a5cba48636cf@group-74E9893F5999-StateMachineUpdater: snapshotIndex: updateIncreasingly -1 -> 17
2019-10-17 05:57:33,895 [b5f12832-4a97-45e3-9503-a5cba48636cf@group-74E9893F5999-StateMachineUpdater] INFO  ratis.ContainerStateMachine (ContainerStateMachine.java:takeSnapshot(294)) - group-74E9893F5999: Taking a snapshot at:(t:9, i:17) file /workdir/hadoop-ozone/integration-test/target/test-dir/MiniOzoneClusterImpl-292a2ff3-4780-4182-bb48-82c20e0e309d/datanode-7/data/ratis/78e6814e-8f4b-48e6-8bf0-74e9893f5999/sm/snapshot.9_17
2019-10-17 05:57:33,908 [b5f12832-4a97-45e3-9503-a5cba48636cf@group-74E9893F5999-StateMachineUpdater] INFO  ratis.ContainerStateMachine (ContainerStateMachine.java:takeSnapshot(305)) - group-74E9893F5999: Finished taking a snapshot at:(t:9, i:17) file:/workdir/hadoop-ozone/integration-test/target/test-dir/MiniOzoneClusterImpl-292a2ff3-4780-4182-bb48-82c20e0e309d/datanode-7/data/ratis/78e6814e-8f4b-48e6-8bf0-74e9893f5999/sm/snapshot.9_17 time:13
2019-10-17 05:57:33,908 [b5f12832-4a97-45e3-9503-a5cba48636cf@group-74E9893F5999-StateMachineUpdater] INFO  impl.StateMachineUpdater (StateMachineUpdater.java:takeSnapshot(269)) - b5f12832-4a97-45e3-9503-a5cba48636cf@group-74E9893F5999-StateMachineUpdater: Took a snapshot at index 17
2019-10-17 05:57:33,909 [b5f12832-4a97-45e3-9503-a5cba48636cf@group-74E9893F5999-StateMachineUpdater] INFO  impl.StateMachineUpdater (StateMachineUpdater.java:lambda$new$0(84)) - b5f12832-4a97-45e3-9503-a5cba48636cf@group-74E9893F5999-StateMachineUpdater: snapshotIndex: updateIncreasingly 17 -> 17
2019-10-17 05:57:33,909 [main] INFO  impl.RaftServerImpl (ServerState.java:close(388)) - b5f12832-4a97-45e3-9503-a5cba48636cf@group-74E9893F5999: closes. applyIndex: 20
2019-10-17 05:57:33,910 [b5f12832-4a97-45e3-9503-a5cba48636cf@group-74E9893F5999-SegmentedRaftLogWorker] INFO  segmented.SegmentedRaftLogWorker (SegmentedRaftLogWorker.java:run(316)) - b5f12832-4a97-45e3-9503-a5cba48636cf@group-74E9893F5999-SegmentedRaftLogWorker was interrupted, exiting. There are 0 tasks remaining in the queue.
2019-10-17 05:57:33,910 [main] INFO  segmented.SegmentedRaftLogWorker (SegmentedRaftLogWorker.java:close(224)) - b5f12832-4a97-45e3-9503-a5cba48636cf@group-74E9893F5999-SegmentedRaftLogWorker close()
2019-10-17 05:57:33,911 [main] INFO  server.GrpcService (GrpcService.java:closeImpl(164)) - b5f12832-4a97-45e3-9503-a5cba48636cf: shutdown server with port 34934 now
2019-10-17 05:57:33,915 [main] INFO  server.GrpcService (GrpcService.java:closeImpl(172)) - b5f12832-4a97-45e3-9503-a5cba48636cf: shutdown server with port 34934 successfully
2019-10-17 05:57:33,918 [refreshUsed-/workdir/hadoop-ozone/integration-test/target/test-dir/MiniOzoneClusterImpl-292a2ff3-4780-4182-bb48-82c20e0e309d/datanode-7/data/containers] WARN  fs.CachingGetSpaceUsed (CachingGetSpaceUsed.java:run(183)) - Thread Interrupted waiting to refresh disk information: sleep interrupted
2019-10-17 05:57:33,930 [ForkJoinPool.commonPool-worker-0] INFO  ozoneimpl.OzoneContainer (OzoneContainer.java:stop(227)) - Attempting to stop container services.
2019-10-17 05:57:33,931 [ForkJoinPool.commonPool-worker-0] INFO  impl.RaftServerProxy (RaftServerProxy.java:lambda$close$4(314)) - 0716e483-2373-428e-a917-ee7c73d3521d: close
2019-10-17 05:57:33,931 [ForkJoinPool.commonPool-worker-0] INFO  impl.RaftServerImpl (RaftServerImpl.java:lambda$shutdown$3(261)) - 0716e483-2373-428e-a917-ee7c73d3521d@group-7066FE0FC203: shutdown
2019-10-17 05:57:33,931 [ForkJoinPool.commonPool-worker-0] INFO  util.JmxRegister (JmxRegister.java:unregister(73)) - Successfully un-registered JMX Bean with object name Ratis:service=RaftServer,group=group-7066FE0FC203,id=0716e483-2373-428e-a917-ee7c73d3521d
2019-10-17 05:57:33,932 [ForkJoinPool.commonPool-worker-0] INFO  impl.RoleInfo (RoleInfo.java:shutdownFollowerState(121)) - 0716e483-2373-428e-a917-ee7c73d3521d: shutdown FollowerState
2019-10-17 05:57:33,932 [ForkJoinPool.commonPool-worker-0] INFO  impl.StateMachineUpdater (StateMachineUpdater.java:stopAndJoin(136)) - 0716e483-2373-428e-a917-ee7c73d3521d@group-7066FE0FC203-StateMachineUpdater: set stopIndex = 2
2019-10-17 05:57:33,932 [Thread-1936] INFO  impl.FollowerState (FollowerState.java:run(117)) - 0716e483-2373-428e-a917-ee7c73d3521d@group-7066FE0FC203-FollowerState was interrupted: java.lang.InterruptedException: sleep interrupted
2019-10-17 05:57:33,932 [ForkJoinPool.commonPool-worker-0] INFO  impl.RaftServerImpl (ServerState.java:close(388)) - 0716e483-2373-428e-a917-ee7c73d3521d@group-7066FE0FC203: closes. applyIndex: 2
2019-10-17 05:57:33,933 [0716e483-2373-428e-a917-ee7c73d3521d@group-7066FE0FC203-SegmentedRaftLogWorker] INFO  segmented.SegmentedRaftLogWorker (SegmentedRaftLogWorker.java:run(316)) - 0716e483-2373-428e-a917-ee7c73d3521d@group-7066FE0FC203-SegmentedRaftLogWorker was interrupted, exiting. There are 0 tasks remaining in the queue.
2019-10-17 05:57:33,933 [ForkJoinPool.commonPool-worker-0] INFO  segmented.SegmentedRaftLogWorker (SegmentedRaftLogWorker.java:close(224)) - 0716e483-2373-428e-a917-ee7c73d3521d@group-7066FE0FC203-SegmentedRaftLogWorker close()
2019-10-17 05:57:33,934 [ForkJoinPool.commonPool-worker-0] INFO  impl.RaftServerImpl (RaftServerImpl.java:lambda$shutdown$3(261)) - 0716e483-2373-428e-a917-ee7c73d3521d@group-96A0C3869B0A: shutdown
2019-10-17 05:57:33,934 [ForkJoinPool.commonPool-worker-0] INFO  util.JmxRegister (JmxRegister.java:unregister(73)) - Successfully un-registered JMX Bean with object name Ratis:service=RaftServer,group=group-96A0C3869B0A,id=0716e483-2373-428e-a917-ee7c73d3521d
2019-10-17 05:57:33,935 [ForkJoinPool.commonPool-worker-0] INFO  impl.RoleInfo (RoleInfo.java:shutdownLeaderState(104)) - 0716e483-2373-428e-a917-ee7c73d3521d: shutdown LeaderState
2019-10-17 05:57:33,935 [ForkJoinPool.commonPool-worker-0] INFO  impl.PendingRequests (PendingRequests.java:sendNotLeaderResponses(202)) - 0716e483-2373-428e-a917-ee7c73d3521d@group-96A0C3869B0A-PendingRequests: sendNotLeaderResponses
2019-10-17 05:57:33,935 [ForkJoinPool.commonPool-worker-0] INFO  impl.StateMachineUpdater (StateMachineUpdater.java:stopAndJoin(136)) - 0716e483-2373-428e-a917-ee7c73d3521d@group-96A0C3869B0A-StateMachineUpdater: set stopIndex = 0
2019-10-17 05:57:33,936 [ForkJoinPool.commonPool-worker-0] INFO  impl.RaftServerImpl (ServerState.java:close(388)) - 0716e483-2373-428e-a917-ee7c73d3521d@group-96A0C3869B0A: closes. applyIndex: 0
2019-10-17 05:57:33,936 [0716e483-2373-428e-a917-ee7c73d3521d@group-96A0C3869B0A-SegmentedRaftLogWorker] INFO  segmented.SegmentedRaftLogWorker (SegmentedRaftLogWorker.java:run(316)) - 0716e483-2373-428e-a917-ee7c73d3521d@group-96A0C3869B0A-SegmentedRaftLogWorker was interrupted, exiting. There are 0 tasks remaining in the queue.
2019-10-17 05:57:33,936 [ForkJoinPool.commonPool-worker-0] INFO  segmented.SegmentedRaftLogWorker (SegmentedRaftLogWorker.java:close(224)) - 0716e483-2373-428e-a917-ee7c73d3521d@group-96A0C3869B0A-SegmentedRaftLogWorker close()
2019-10-17 05:57:33,937 [ForkJoinPool.commonPool-worker-0] INFO  server.GrpcService (GrpcService.java:closeImpl(164)) - 0716e483-2373-428e-a917-ee7c73d3521d: shutdown server with port 39524 now
2019-10-17 05:57:33,938 [ForkJoinPool.commonPool-worker-0] INFO  server.GrpcService (GrpcService.java:closeImpl(172)) - 0716e483-2373-428e-a917-ee7c73d3521d: shutdown server with port 39524 successfully
2019-10-17 05:57:33,940 [refreshUsed-/workdir/hadoop-ozone/integration-test/target/test-dir/MiniOzoneClusterImpl-292a2ff3-4780-4182-bb48-82c20e0e309d/datanode-1/data/containers] WARN  fs.CachingGetSpaceUsed (CachingGetSpaceUsed.java:run(183)) - Thread Interrupted waiting to refresh disk information: sleep interrupted
2019-10-17 05:57:33,960 [main] INFO  utils.BackgroundService (BackgroundService.java:shutdown(151)) - Shutting down service BlockDeletingService
2019-10-17 05:57:33,963 [main] INFO  statemachine.DatanodeStateMachine (DatanodeStateMachine.java:stopDaemon(395)) - Ozone container server stopped.
2019-10-17 05:57:33,964 [main] INFO  handler.ContextHandler (ContextHandler.java:doStop(910)) - Stopped o.e.j.w.WebAppContext@10f7918f{/,null,UNAVAILABLE}{/hddsDatanode}
2019-10-17 05:57:33,966 [main] INFO  server.AbstractConnector (AbstractConnector.java:doStop(318)) - Stopped ServerConnector@64d4f7c7{HTTP/1.1,[http/1.1]}{0.0.0.0:0}
2019-10-17 05:57:33,966 [main] INFO  handler.ContextHandler (ContextHandler.java:doStop(910)) - Stopped o.e.j.s.ServletContextHandler@1352434e{/static,jar:file:/home/user/.m2/repository/org/apache/hadoop/hadoop-hdds-container-service/0.5.0-SNAPSHOT/hadoop-hdds-container-service-0.5.0-SNAPSHOT.jar!/webapps/static,UNAVAILABLE}
2019-10-17 05:57:33,967 [main] INFO  handler.ContextHandler (ContextHandler.java:doStop(910)) - Stopped o.e.j.s.ServletContextHandler@12eedfee{/logs,file:///workdir/hadoop-ozone/integration-test/target/log,UNAVAILABLE}
2019-10-17 05:57:33,973 [ForkJoinPool.commonPool-worker-0] INFO  utils.BackgroundService (BackgroundService.java:shutdown(151)) - Shutting down service BlockDeletingService
2019-10-17 05:57:33,975 [ForkJoinPool.commonPool-worker-0] INFO  statemachine.DatanodeStateMachine (DatanodeStateMachine.java:stopDaemon(395)) - Ozone container server stopped.
2019-10-17 05:57:33,978 [ForkJoinPool.commonPool-worker-0] INFO  handler.ContextHandler (ContextHandler.java:doStop(910)) - Stopped o.e.j.w.WebAppContext@1e58512c{/,null,UNAVAILABLE}{/hddsDatanode}
2019-10-17 05:57:33,978 [ForkJoinPool.commonPool-worker-0] INFO  server.AbstractConnector (AbstractConnector.java:doStop(318)) - Stopped ServerConnector@210308d5{HTTP/1.1,[http/1.1]}{0.0.0.0:0}
2019-10-17 05:57:33,979 [ForkJoinPool.commonPool-worker-0] INFO  handler.ContextHandler (ContextHandler.java:doStop(910)) - Stopped o.e.j.s.ServletContextHandler@1dba4e06{/static,jar:file:/home/user/.m2/repository/org/apache/hadoop/hadoop-hdds-container-service/0.5.0-SNAPSHOT/hadoop-hdds-container-service-0.5.0-SNAPSHOT.jar!/webapps/static,UNAVAILABLE}
2019-10-17 05:57:33,980 [ForkJoinPool.commonPool-worker-0] INFO  handler.ContextHandler (ContextHandler.java:doStop(910)) - Stopped o.e.j.s.ServletContextHandler@6a094db2{/logs,file:///workdir/hadoop-ozone/integration-test/target/log,UNAVAILABLE}
2019-10-17 05:57:33,981 [main] INFO  ozone.MiniOzoneClusterImpl (MiniOzoneClusterImpl.java:stopSCM(392)) - Stopping the StorageContainerManager
2019-10-17 05:57:33,981 [main] INFO  server.StorageContainerManager (StorageContainerManager.java:stop(810)) - Stopping Replication Manager Service.
2019-10-17 05:57:33,981 [main] INFO  container.ReplicationManager (ReplicationManager.java:stop(203)) - Stopping Replication Monitor Thread.
2019-10-17 05:57:33,982 [main] INFO  server.StorageContainerManager (StorageContainerManager.java:stop(817)) - Stopping Lease Manager of the command watchers
2019-10-17 05:57:33,982 [main] INFO  server.StorageContainerManager (StorageContainerManager.java:stop(824)) - Stopping datanode service RPC server
2019-10-17 05:57:33,982 [main] INFO  server.SCMDatanodeProtocolServer (SCMDatanodeProtocolServer.java:stop(346)) - Stopping the RPC server for DataNodes
2019-10-17 05:57:33,983 [main] INFO  ipc.Server (Server.java:stop(3082)) - Stopping server on 46398
2019-10-17 05:57:33,984 [IPC Server listener on 46398] INFO  ipc.Server (Server.java:run(1185)) - Stopping IPC Server listener on 46398
2019-10-17 05:57:33,984 [IPC Server Responder] INFO  ipc.Server (Server.java:run(1319)) - Stopping IPC Server Responder
2019-10-17 05:57:34,006 [SCM Heartbeat Processing Thread - 0] WARN  node.NodeStateManager (NodeStateManager.java:scheduleNextHealthCheck(646)) - Current Thread is interrupted, shutting down HB processing thread for Node Manager.
2019-10-17 05:57:34,007 [main] INFO  server.StorageContainerManager (StorageContainerManager.java:stop(832)) - Stopping block service RPC server
2019-10-17 05:57:34,007 [main] INFO  server.SCMBlockProtocolServer (SCMBlockProtocolServer.java:stop(155)) - Stopping the RPC server for Block Protocol
2019-10-17 05:57:34,007 [main] INFO  ipc.Server (Server.java:stop(3082)) - Stopping server on 36534
2019-10-17 05:57:34,008 [IPC Server listener on 36534] INFO  ipc.Server (Server.java:run(1185)) - Stopping IPC Server listener on 36534
2019-10-17 05:57:34,008 [main] INFO  server.StorageContainerManager (StorageContainerManager.java:stop(839)) - Stopping the StorageContainerLocationProtocol RPC server
2019-10-17 05:57:34,009 [IPC Server Responder] INFO  ipc.Server (Server.java:run(1319)) - Stopping IPC Server Responder
2019-10-17 05:57:34,009 [main] INFO  server.SCMClientProtocolServer (SCMClientProtocolServer.java:stop(168)) - Stopping the RPC server for Client Protocol
2019-10-17 05:57:34,009 [main] INFO  ipc.Server (Server.java:stop(3082)) - Stopping server on 40844
2019-10-17 05:57:34,011 [IPC Server listener on 40844] INFO  ipc.Server (Server.java:run(1185)) - Stopping IPC Server listener on 40844
2019-10-17 05:57:34,011 [main] INFO  server.StorageContainerManager (StorageContainerManager.java:stop(846)) - Stopping Storage Container Manager HTTP server.
2019-10-17 05:57:34,012 [IPC Server Responder] INFO  ipc.Server (Server.java:run(1319)) - Stopping IPC Server Responder
2019-10-17 05:57:34,012 [main] INFO  handler.ContextHandler (ContextHandler.java:doStop(910)) - Stopped o.e.j.w.WebAppContext@3b366632{/,null,UNAVAILABLE}{/scm}
2019-10-17 05:57:34,013 [main] INFO  server.AbstractConnector (AbstractConnector.java:doStop(318)) - Stopped ServerConnector@6815c5f2{HTTP/1.1,[http/1.1]}{0.0.0.0:0}
2019-10-17 05:57:34,013 [main] INFO  handler.ContextHandler (ContextHandler.java:doStop(910)) - Stopped o.e.j.s.ServletContextHandler@37052337{/static,file:///workdir/hadoop-ozone/integration-test/target/test-classes/webapps/static,UNAVAILABLE}
2019-10-17 05:57:34,014 [main] INFO  handler.ContextHandler (ContextHandler.java:doStop(910)) - Stopped o.e.j.s.ServletContextHandler@340da44c{/logs,file:///workdir/hadoop-ozone/integration-test/target/log,UNAVAILABLE}
2019-10-17 05:57:34,015 [main] INFO  server.StorageContainerManager (StorageContainerManager.java:stop(857)) - Stopping Block Manager Service.
2019-10-17 05:57:34,015 [main] INFO  utils.BackgroundService (BackgroundService.java:shutdown(151)) - Shutting down service SCMBlockDeletingService
2019-10-17 05:57:34,015 [main] INFO  utils.BackgroundService (BackgroundService.java:shutdown(151)) - Shutting down service SCMBlockDeletingService
2019-10-17 05:57:34,016 [main] INFO  server.StorageContainerManager (StorageContainerManager.java:stop(879)) - Stopping SCM Event Queue.
2019-10-17 05:57:34,025 [main] INFO  impl.MetricsSystemImpl (MetricsSystemImpl.java:stop(210)) - Stopping XceiverClientMetrics metrics system...
2019-10-17 05:57:34,036 [prometheus] INFO  impl.MetricsSinkAdapter (MetricsSinkAdapter.java:publishMetricsFromQueue(141)) - prometheus thread interrupted.
2019-10-17 05:57:34,036 [main] INFO  impl.MetricsSystemImpl (MetricsSystemImpl.java:stop(216)) - XceiverClientMetrics metrics system stopped.
]]></system-out>
    <system-err><![CDATA[ERROR StatusLogger No Log4j 2 configuration file found. Using default configuration (logging only errors to the console), or user programmatically provided configurations. Set system property 'log4j2.debug' to show Log4j 2 internal initialization logging. See https://logging.apache.org/log4j/2.x/manual/configuration.html for instructions on how to configure Log4j 2
Oct 17, 2019 5:57:14 AM org.apache.ratis.thirdparty.io.grpc.internal.SerializingExecutor run
SEVERE: Exception while executing runnable org.apache.ratis.thirdparty.io.grpc.internal.ClientCallImpl$ClientStreamListenerImpl$1StreamClosed@61b52f9
java.lang.NullPointerException
	at org.apache.ratis.grpc.server.GrpcLogAppender$AppendLogResponseHandler.onError(GrpcLogAppender.java:303)
	at org.apache.ratis.thirdparty.io.grpc.stub.ClientCalls$StreamObserverToCallListenerAdapter.onClose(ClientCalls.java:434)
	at org.apache.ratis.thirdparty.io.grpc.PartialForwardingClientCallListener.onClose(PartialForwardingClientCallListener.java:39)
	at org.apache.ratis.thirdparty.io.grpc.ForwardingClientCallListener.onClose(ForwardingClientCallListener.java:23)
	at org.apache.ratis.thirdparty.io.grpc.ForwardingClientCallListener$SimpleForwardingClientCallListener.onClose(ForwardingClientCallListener.java:40)
	at org.apache.ratis.thirdparty.io.grpc.internal.CensusStatsModule$StatsClientInterceptor$1$1.onClose(CensusStatsModule.java:678)
	at org.apache.ratis.thirdparty.io.grpc.PartialForwardingClientCallListener.onClose(PartialForwardingClientCallListener.java:39)
	at org.apache.ratis.thirdparty.io.grpc.ForwardingClientCallListener.onClose(ForwardingClientCallListener.java:23)
	at org.apache.ratis.thirdparty.io.grpc.ForwardingClientCallListener$SimpleForwardingClientCallListener.onClose(ForwardingClientCallListener.java:40)
	at org.apache.ratis.thirdparty.io.grpc.internal.CensusTracingModule$TracingClientInterceptor$1$1.onClose(CensusTracingModule.java:397)
	at org.apache.ratis.thirdparty.io.grpc.internal.ClientCallImpl.closeObserver(ClientCallImpl.java:459)
	at org.apache.ratis.thirdparty.io.grpc.internal.ClientCallImpl.access$300(ClientCallImpl.java:63)
	at org.apache.ratis.thirdparty.io.grpc.internal.ClientCallImpl$ClientStreamListenerImpl.close(ClientCallImpl.java:546)
	at org.apache.ratis.thirdparty.io.grpc.internal.ClientCallImpl$ClientStreamListenerImpl.access$600(ClientCallImpl.java:467)
	at org.apache.ratis.thirdparty.io.grpc.internal.ClientCallImpl$ClientStreamListenerImpl$1StreamClosed.runInContext(ClientCallImpl.java:584)
	at org.apache.ratis.thirdparty.io.grpc.internal.ContextRunnable.run(ContextRunnable.java:37)
	at org.apache.ratis.thirdparty.io.grpc.internal.SerializingExecutor.run(SerializingExecutor.java:123)
	at java.util.concurrent.ThreadPoolExecutor.runWorker(ThreadPoolExecutor.java:1149)
	at java.util.concurrent.ThreadPoolExecutor$Worker.run(ThreadPoolExecutor.java:624)
	at java.lang.Thread.run(Thread.java:748)

Oct 17, 2019 5:57:14 AM org.apache.ratis.thirdparty.io.grpc.internal.SerializingExecutor run
SEVERE: Exception while executing runnable org.apache.ratis.thirdparty.io.grpc.internal.ClientCallImpl$ClientStreamListenerImpl$1StreamClosed@618a6aaa
java.lang.NullPointerException
	at org.apache.ratis.grpc.server.GrpcLogAppender$AppendLogResponseHandler.onError(GrpcLogAppender.java:303)
	at org.apache.ratis.thirdparty.io.grpc.stub.ClientCalls$StreamObserverToCallListenerAdapter.onClose(ClientCalls.java:434)
	at org.apache.ratis.thirdparty.io.grpc.PartialForwardingClientCallListener.onClose(PartialForwardingClientCallListener.java:39)
	at org.apache.ratis.thirdparty.io.grpc.ForwardingClientCallListener.onClose(ForwardingClientCallListener.java:23)
	at org.apache.ratis.thirdparty.io.grpc.ForwardingClientCallListener$SimpleForwardingClientCallListener.onClose(ForwardingClientCallListener.java:40)
	at org.apache.ratis.thirdparty.io.grpc.internal.CensusStatsModule$StatsClientInterceptor$1$1.onClose(CensusStatsModule.java:678)
	at org.apache.ratis.thirdparty.io.grpc.PartialForwardingClientCallListener.onClose(PartialForwardingClientCallListener.java:39)
	at org.apache.ratis.thirdparty.io.grpc.ForwardingClientCallListener.onClose(ForwardingClientCallListener.java:23)
	at org.apache.ratis.thirdparty.io.grpc.ForwardingClientCallListener$SimpleForwardingClientCallListener.onClose(ForwardingClientCallListener.java:40)
	at org.apache.ratis.thirdparty.io.grpc.internal.CensusTracingModule$TracingClientInterceptor$1$1.onClose(CensusTracingModule.java:397)
	at org.apache.ratis.thirdparty.io.grpc.internal.ClientCallImpl.closeObserver(ClientCallImpl.java:459)
	at org.apache.ratis.thirdparty.io.grpc.internal.ClientCallImpl.access$300(ClientCallImpl.java:63)
	at org.apache.ratis.thirdparty.io.grpc.internal.ClientCallImpl$ClientStreamListenerImpl.close(ClientCallImpl.java:546)
	at org.apache.ratis.thirdparty.io.grpc.internal.ClientCallImpl$ClientStreamListenerImpl.access$600(ClientCallImpl.java:467)
	at org.apache.ratis.thirdparty.io.grpc.internal.ClientCallImpl$ClientStreamListenerImpl$1StreamClosed.runInContext(ClientCallImpl.java:584)
	at org.apache.ratis.thirdparty.io.grpc.internal.ContextRunnable.run(ContextRunnable.java:37)
	at org.apache.ratis.thirdparty.io.grpc.internal.SerializingExecutor.run(SerializingExecutor.java:123)
	at java.util.concurrent.ThreadPoolExecutor.runWorker(ThreadPoolExecutor.java:1149)
	at java.util.concurrent.ThreadPoolExecutor$Worker.run(ThreadPoolExecutor.java:624)
	at java.lang.Thread.run(Thread.java:748)

Oct 17, 2019 5:57:23 AM org.apache.ratis.thirdparty.io.grpc.internal.SerializingExecutor run
SEVERE: Exception while executing runnable org.apache.ratis.thirdparty.io.grpc.internal.ServerImpl$JumpToApplicationThreadServerStreamListener$1Closed@13177635
org.apache.ratis.thirdparty.io.grpc.StatusRuntimeException: CANCELLED: call already cancelled
	at org.apache.ratis.thirdparty.io.grpc.Status.asRuntimeException(Status.java:517)
	at org.apache.ratis.thirdparty.io.grpc.stub.ServerCalls$ServerCallStreamObserverImpl.onCompleted(ServerCalls.java:356)
	at org.apache.ratis.grpc.server.GrpcServerProtocolService$ServerRequestStreamObserver.onError(GrpcServerProtocolService.java:121)
	at org.apache.ratis.thirdparty.io.grpc.stub.ServerCalls$StreamingServerCallHandler$StreamingServerCallListener.onCancel(ServerCalls.java:269)
	at org.apache.ratis.thirdparty.io.grpc.internal.ServerCallImpl$ServerStreamListenerImpl.closed(ServerCallImpl.java:293)
	at org.apache.ratis.thirdparty.io.grpc.internal.ServerImpl$JumpToApplicationThreadServerStreamListener$1Closed.runInContext(ServerImpl.java:741)
	at org.apache.ratis.thirdparty.io.grpc.internal.ContextRunnable.run(ContextRunnable.java:37)
	at org.apache.ratis.thirdparty.io.grpc.internal.SerializingExecutor.run(SerializingExecutor.java:123)
	at java.util.concurrent.ThreadPoolExecutor.runWorker(ThreadPoolExecutor.java:1149)
	at java.util.concurrent.ThreadPoolExecutor$Worker.run(ThreadPoolExecutor.java:624)
	at java.lang.Thread.run(Thread.java:748)

Oct 17, 2019 5:57:23 AM org.apache.ratis.thirdparty.io.grpc.internal.SerializingExecutor run
SEVERE: Exception while executing runnable org.apache.ratis.thirdparty.io.grpc.internal.ClientCallImpl$ClientStreamListenerImpl$1StreamClosed@2df6e462
java.lang.NullPointerException
	at org.apache.ratis.grpc.server.GrpcLogAppender$AppendLogResponseHandler.onError(GrpcLogAppender.java:303)
	at org.apache.ratis.thirdparty.io.grpc.stub.ClientCalls$StreamObserverToCallListenerAdapter.onClose(ClientCalls.java:434)
	at org.apache.ratis.thirdparty.io.grpc.PartialForwardingClientCallListener.onClose(PartialForwardingClientCallListener.java:39)
	at org.apache.ratis.thirdparty.io.grpc.ForwardingClientCallListener.onClose(ForwardingClientCallListener.java:23)
	at org.apache.ratis.thirdparty.io.grpc.ForwardingClientCallListener$SimpleForwardingClientCallListener.onClose(ForwardingClientCallListener.java:40)
	at org.apache.ratis.thirdparty.io.grpc.internal.CensusStatsModule$StatsClientInterceptor$1$1.onClose(CensusStatsModule.java:678)
	at org.apache.ratis.thirdparty.io.grpc.PartialForwardingClientCallListener.onClose(PartialForwardingClientCallListener.java:39)
	at org.apache.ratis.thirdparty.io.grpc.ForwardingClientCallListener.onClose(ForwardingClientCallListener.java:23)
	at org.apache.ratis.thirdparty.io.grpc.ForwardingClientCallListener$SimpleForwardingClientCallListener.onClose(ForwardingClientCallListener.java:40)
	at org.apache.ratis.thirdparty.io.grpc.internal.CensusTracingModule$TracingClientInterceptor$1$1.onClose(CensusTracingModule.java:397)
	at org.apache.ratis.thirdparty.io.grpc.internal.ClientCallImpl.closeObserver(ClientCallImpl.java:459)
	at org.apache.ratis.thirdparty.io.grpc.internal.ClientCallImpl.access$300(ClientCallImpl.java:63)
	at org.apache.ratis.thirdparty.io.grpc.internal.ClientCallImpl$ClientStreamListenerImpl.close(ClientCallImpl.java:546)
	at org.apache.ratis.thirdparty.io.grpc.internal.ClientCallImpl$ClientStreamListenerImpl.access$600(ClientCallImpl.java:467)
	at org.apache.ratis.thirdparty.io.grpc.internal.ClientCallImpl$ClientStreamListenerImpl$1StreamClosed.runInContext(ClientCallImpl.java:584)
	at org.apache.ratis.thirdparty.io.grpc.internal.ContextRunnable.run(ContextRunnable.java:37)
	at org.apache.ratis.thirdparty.io.grpc.internal.SerializingExecutor.run(SerializingExecutor.java:123)
	at java.util.concurrent.ThreadPoolExecutor.runWorker(ThreadPoolExecutor.java:1149)
	at java.util.concurrent.ThreadPoolExecutor$Worker.run(ThreadPoolExecutor.java:624)
	at java.lang.Thread.run(Thread.java:748)

]]></system-err>
  </testcase>
  <testcase name="testMultiBlockWritesWithDnFailures" classname="org.apache.hadoop.ozone.client.rpc.TestMultiBlockWritesWithDnFailures" time="78.944"/>
</testsuite>