<?xml version="1.0" encoding="UTF-8"?>
<testsuite xmlns:xsi="http://www.w3.org/2001/XMLSchema-instance" xsi:noNamespaceSchemaLocation="https://maven.apache.org/surefire/maven-surefire-plugin/xsd/surefire-test-report.xsd" name="org.apache.hadoop.ozone.client.rpc.TestWatchForCommit" time="257.541" tests="5" errors="1" skipped="0" failures="0">
  <properties>
    <property name="awt.toolkit" value="sun.awt.X11.XToolkit"/>
    <property name="file.encoding.pkg" value="sun.io"/>
    <property name="java.specification.version" value="1.8"/>
    <property name="sun.cpu.isalist" value=""/>
    <property name="sun.jnu.encoding" value="UTF-8"/>
    <property name="java.class.path" value="/workdir/hadoop-ozone/integration-test/target/test-classes:/workdir/hadoop-ozone/integration-test/target/classes:/home/user/.m2/repository/org/apache/hadoop/hadoop-ozone-common/0.5.0-SNAPSHOT/hadoop-ozone-common-0.5.0-SNAPSHOT.jar:/home/user/.m2/repository/org/apache/commons/commons-compress/1.4.1/commons-compress-1.4.1.jar:/home/user/.m2/repository/org/tukaani/xz/1.0/xz-1.0.jar:/home/user/.m2/repository/org/apache/hadoop/hadoop-common/3.2.0/hadoop-common-3.2.0.jar:/home/user/.m2/repository/org/apache/hadoop/hadoop-hdfs/3.2.0/hadoop-hdfs-3.2.0.jar:/home/user/.m2/repository/org/apache/hadoop/hadoop-hdfs-client/3.2.0/hadoop-hdfs-client-3.2.0.jar:/home/user/.m2/repository/com/fasterxml/jackson/core/jackson-annotations/2.9.9/jackson-annotations-2.9.9.jar:/home/user/.m2/repository/org/apache/hadoop/hadoop-hdds-common/0.5.0-SNAPSHOT/hadoop-hdds-common-0.5.0-SNAPSHOT.jar:/home/user/.m2/repository/javax/annotation/javax.annotation-api/1.2/javax.annotation-api-1.2.jar:/home/user/.m2/repository/org/apache/ratis/ratis-server/0.5.0-201fc85-SNAPSHOT/ratis-server-0.5.0-201fc85-SNAPSHOT.jar:/home/user/.m2/repository/org/apache/ratis/ratis-thirdparty-misc/0.2.0/ratis-thirdparty-misc-0.2.0.jar:/home/user/.m2/repository/org/apache/ratis/ratis-proto/0.5.0-201fc85-SNAPSHOT/ratis-proto-0.5.0-201fc85-SNAPSHOT.jar:/home/user/.m2/repository/org/apache/ratis/ratis-common/0.5.0-201fc85-SNAPSHOT/ratis-common-0.5.0-201fc85-SNAPSHOT.jar:/home/user/.m2/repository/org/apache/ratis/ratis-client/0.5.0-201fc85-SNAPSHOT/ratis-client-0.5.0-201fc85-SNAPSHOT.jar:/home/user/.m2/repository/org/apache/ratis/ratis-metrics/0.5.0-201fc85-SNAPSHOT/ratis-metrics-0.5.0-201fc85-SNAPSHOT.jar:/home/user/.m2/repository/com/github/joshelser/dropwizard-metrics-hadoop-metrics2-reporter/0.1.2/dropwizard-metrics-hadoop-metrics2-reporter-0.1.2.jar:/home/user/.m2/repository/io/dropwizard/metrics/metrics-jvm/3.2.5/metrics-jvm-3.2.5.jar:/home/user/.m2/repository/io/dropwizard/metrics/metrics-ganglia/3.2.5/metrics-ganglia-3.2.5.jar:/home/user/.m2/repository/info/ganglia/gmetric4j/gmetric4j/1.0.7/gmetric4j-1.0.7.jar:/home/user/.m2/repository/org/apache/ratis/ratis-netty/0.5.0-201fc85-SNAPSHOT/ratis-netty-0.5.0-201fc85-SNAPSHOT.jar:/home/user/.m2/repository/org/apache/ratis/ratis-grpc/0.5.0-201fc85-SNAPSHOT/ratis-grpc-0.5.0-201fc85-SNAPSHOT.jar:/home/user/.m2/repository/org/rocksdb/rocksdbjni/6.0.1/rocksdbjni-6.0.1.jar:/home/user/.m2/repository/org/apache/logging/log4j/log4j-api/2.11.0/log4j-api-2.11.0.jar:/home/user/.m2/repository/org/apache/logging/log4j/log4j-core/2.11.0/log4j-core-2.11.0.jar:/home/user/.m2/repository/com/lmax/disruptor/3.4.2/disruptor-3.4.2.jar:/home/user/.m2/repository/org/apache/commons/commons-pool2/2.6.0/commons-pool2-2.6.0.jar:/home/user/.m2/repository/org/bouncycastle/bcpkix-jdk15on/1.60/bcpkix-jdk15on-1.60.jar:/home/user/.m2/repository/commons-validator/commons-validator/1.6/commons-validator-1.6.jar:/home/user/.m2/repository/commons-digester/commons-digester/1.8.1/commons-digester-1.8.1.jar:/home/user/.m2/repository/io/jaegertracing/jaeger-client/0.34.0/jaeger-client-0.34.0.jar:/home/user/.m2/repository/io/jaegertracing/jaeger-thrift/0.34.0/jaeger-thrift-0.34.0.jar:/home/user/.m2/repository/org/apache/thrift/libthrift/0.12.0/libthrift-0.12.0.jar:/home/user/.m2/repository/com/squareup/okhttp3/okhttp/3.9.0/okhttp-3.9.0.jar:/home/user/.m2/repository/com/squareup/okio/okio/1.13.0/okio-1.13.0.jar:/home/user/.m2/repository/io/jaegertracing/jaeger-core/0.34.0/jaeger-core-0.34.0.jar:/home/user/.m2/repository/io/jaegertracing/jaeger-tracerresolver/0.34.0/jaeger-tracerresolver-0.34.0.jar:/home/user/.m2/repository/io/opentracing/contrib/opentracing-tracerresolver/0.1.5/opentracing-tracerresolver-0.1.5.jar:/home/user/.m2/repository/io/opentracing/opentracing-util/0.31.0/opentracing-util-0.31.0.jar:/home/user/.m2/repository/io/opentracing/opentracing-api/0.31.0/opentracing-api-0.31.0.jar:/home/user/.m2/repository/io/opentracing/opentracing-noop/0.31.0/opentracing-noop-0.31.0.jar:/home/user/.m2/repository/org/apache/hadoop/hadoop-hdds-server-framework/0.5.0-SNAPSHOT/hadoop-hdds-server-framework-0.5.0-SNAPSHOT.jar:/home/user/.m2/repository/org/apache/hadoop/hadoop-hdds-container-service/0.5.0-SNAPSHOT/hadoop-hdds-container-service-0.5.0-SNAPSHOT.jar:/home/user/.m2/repository/org/apache/hadoop/hadoop-hdds-client/0.5.0-SNAPSHOT/hadoop-hdds-client-0.5.0-SNAPSHOT.jar:/home/user/.m2/repository/org/apache/hadoop/hadoop-hdds-tools/0.5.0-SNAPSHOT/hadoop-hdds-tools-0.5.0-SNAPSHOT.jar:/home/user/.m2/repository/org/apache/hadoop/hadoop-hdds-server-scm/0.5.0-SNAPSHOT/hadoop-hdds-server-scm-0.5.0-SNAPSHOT.jar:/home/user/.m2/repository/org/apache/hadoop/hadoop-hdds-docs/0.5.0-SNAPSHOT/hadoop-hdds-docs-0.5.0-SNAPSHOT.jar:/home/user/.m2/repository/io/dropwizard/metrics/metrics-core/3.2.4/metrics-core-3.2.4.jar:/home/user/.m2/repository/org/hamcrest/hamcrest-all/1.3/hamcrest-all-1.3.jar:/home/user/.m2/repository/org/bouncycastle/bcprov-jdk15on/1.60/bcprov-jdk15on-1.60.jar:/home/user/.m2/repository/info/picocli/picocli/3.9.6/picocli-3.9.6.jar:/home/user/.m2/repository/com/google/protobuf/protobuf-java/2.5.0/protobuf-java-2.5.0.jar:/home/user/.m2/repository/com/google/guava/guava/11.0.2/guava-11.0.2.jar:/home/user/.m2/repository/org/apache/hadoop/hadoop-ozone-ozone-manager/0.5.0-SNAPSHOT/hadoop-ozone-ozone-manager-0.5.0-SNAPSHOT.jar:/home/user/.m2/repository/org/apache/hadoop/hadoop-minikdc/3.2.0/hadoop-minikdc-3.2.0.jar:/home/user/.m2/repository/commons-io/commons-io/2.5/commons-io-2.5.jar:/home/user/.m2/repository/org/apache/kerby/kerb-simplekdc/1.0.1/kerb-simplekdc-1.0.1.jar:/home/user/.m2/repository/org/apache/kerby/kerb-client/1.0.1/kerb-client-1.0.1.jar:/home/user/.m2/repository/org/apache/kerby/kerby-config/1.0.1/kerby-config-1.0.1.jar:/home/user/.m2/repository/org/apache/kerby/kerb-core/1.0.1/kerb-core-1.0.1.jar:/home/user/.m2/repository/org/apache/kerby/kerby-pkix/1.0.1/kerby-pkix-1.0.1.jar:/home/user/.m2/repository/org/apache/kerby/kerby-asn1/1.0.1/kerby-asn1-1.0.1.jar:/home/user/.m2/repository/org/apache/kerby/kerby-util/1.0.1/kerby-util-1.0.1.jar:/home/user/.m2/repository/org/apache/kerby/kerb-common/1.0.1/kerb-common-1.0.1.jar:/home/user/.m2/repository/org/apache/kerby/kerb-crypto/1.0.1/kerb-crypto-1.0.1.jar:/home/user/.m2/repository/org/apache/kerby/kerb-util/1.0.1/kerb-util-1.0.1.jar:/home/user/.m2/repository/org/apache/kerby/token-provider/1.0.1/token-provider-1.0.1.jar:/home/user/.m2/repository/org/apache/kerby/kerb-admin/1.0.1/kerb-admin-1.0.1.jar:/home/user/.m2/repository/org/apache/kerby/kerb-server/1.0.1/kerb-server-1.0.1.jar:/home/user/.m2/repository/org/apache/kerby/kerb-identity/1.0.1/kerb-identity-1.0.1.jar:/home/user/.m2/repository/org/apache/kerby/kerby-xdr/1.0.1/kerby-xdr-1.0.1.jar:/home/user/.m2/repository/org/slf4j/slf4j-log4j12/1.7.25/slf4j-log4j12-1.7.25.jar:/home/user/.m2/repository/org/apache/hadoop/hadoop-ozone-s3gateway/0.5.0-SNAPSHOT/hadoop-ozone-s3gateway-0.5.0-SNAPSHOT.jar:/home/user/.m2/repository/org/jboss/weld/servlet/weld-servlet/2.4.7.Final/weld-servlet-2.4.7.Final.jar:/home/user/.m2/repository/org/glassfish/jersey/containers/jersey-container-servlet-core/2.27/jersey-container-servlet-core-2.27.jar:/home/user/.m2/repository/org/glassfish/hk2/external/javax.inject/2.5.0-b42/javax.inject-2.5.0-b42.jar:/home/user/.m2/repository/org/glassfish/jersey/core/jersey-common/2.27/jersey-common-2.27.jar:/home/user/.m2/repository/org/glassfish/hk2/osgi-resource-locator/1.0.1/osgi-resource-locator-1.0.1.jar:/home/user/.m2/repository/javax/ws/rs/javax.ws.rs-api/2.1/javax.ws.rs-api-2.1.jar:/home/user/.m2/repository/org/glassfish/jersey/ext/cdi/jersey-cdi1x/2.27/jersey-cdi1x-2.27.jar:/home/user/.m2/repository/org/glassfish/jersey/inject/jersey-hk2/2.27/jersey-hk2-2.27.jar:/home/user/.m2/repository/org/glassfish/hk2/hk2-locator/2.5.0-b42/hk2-locator-2.5.0-b42.jar:/home/user/.m2/repository/org/javassist/javassist/3.22.0-CR2/javassist-3.22.0-CR2.jar:/home/user/.m2/repository/org/glassfish/hk2/hk2-api/2.5.0/hk2-api-2.5.0.jar:/home/user/.m2/repository/org/glassfish/hk2/external/jakarta.inject/2.5.0/jakarta.inject-2.5.0.jar:/home/user/.m2/repository/org/glassfish/hk2/hk2-utils/2.5.0/hk2-utils-2.5.0.jar:/home/user/.m2/repository/jakarta/annotation/jakarta.annotation-api/1.3.4/jakarta.annotation-api-1.3.4.jar:/home/user/.m2/repository/org/glassfish/hk2/external/aopalliance-repackaged/2.5.0/aopalliance-repackaged-2.5.0.jar:/home/user/.m2/repository/com/fasterxml/jackson/dataformat/jackson-dataformat-xml/2.9.0/jackson-dataformat-xml-2.9.0.jar:/home/user/.m2/repository/com/fasterxml/jackson/core/jackson-core/2.9.9/jackson-core-2.9.9.jar:/home/user/.m2/repository/com/fasterxml/jackson/module/jackson-module-jaxb-annotations/2.9.9/jackson-module-jaxb-annotations-2.9.9.jar:/home/user/.m2/repository/javax/enterprise/cdi-api/1.2/cdi-api-1.2.jar:/home/user/.m2/repository/javax/el/javax.el-api/3.0.0/javax.el-api-3.0.0.jar:/home/user/.m2/repository/javax/interceptor/javax.interceptor-api/1.2/javax.interceptor-api-1.2.jar:/home/user/.m2/repository/javax/inject/javax.inject/1/javax.inject-1.jar:/home/user/.m2/repository/com/sun/xml/bind/jaxb-impl/2.3.0.1/jaxb-impl-2.3.0.1.jar:/home/user/.m2/repository/com/sun/xml/bind/jaxb-core/2.3.0.1/jaxb-core-2.3.0.1.jar:/home/user/.m2/repository/javax/xml/bind/jaxb-api/2.3.0/jaxb-api-2.3.0.jar:/home/user/.m2/repository/javax/activation/activation/1.1.1/activation-1.1.1.jar:/home/user/.m2/repository/org/apache/hadoop/hadoop-ozone-csi/0.5.0-SNAPSHOT/hadoop-ozone-csi-0.5.0-SNAPSHOT.jar:/home/user/.m2/repository/com/google/protobuf/protobuf-java-util/3.5.1/protobuf-java-util-3.5.1.jar:/home/user/.m2/repository/org/apache/hadoop/hadoop-hdds-config/0.5.0-SNAPSHOT/hadoop-hdds-config-0.5.0-SNAPSHOT.jar:/home/user/.m2/repository/io/grpc/grpc-netty/1.17.1/grpc-netty-1.17.1.jar:/home/user/.m2/repository/io/grpc/grpc-core/1.17.1/grpc-core-1.17.1.jar:/home/user/.m2/repository/io/grpc/grpc-context/1.17.1/grpc-context-1.17.1.jar:/home/user/.m2/repository/com/google/errorprone/error_prone_annotations/2.2.0/error_prone_annotations-2.2.0.jar:/home/user/.m2/repository/org/codehaus/mojo/animal-sniffer-annotations/1.17/animal-sniffer-annotations-1.17.jar:/home/user/.m2/repository/io/opencensus/opencensus-api/0.17.0/opencensus-api-0.17.0.jar:/home/user/.m2/repository/io/opencensus/opencensus-contrib-grpc-metrics/0.17.0/opencensus-contrib-grpc-metrics-0.17.0.jar:/home/user/.m2/repository/io/netty/netty-codec-http2/4.1.30.Final/netty-codec-http2-4.1.30.Final.jar:/home/user/.m2/repository/io/netty/netty-codec-http/4.1.30.Final/netty-codec-http-4.1.30.Final.jar:/home/user/.m2/repository/io/netty/netty-codec/4.1.30.Final/netty-codec-4.1.30.Final.jar:/home/user/.m2/repository/io/netty/netty-handler/4.1.30.Final/netty-handler-4.1.30.Final.jar:/home/user/.m2/repository/io/netty/netty-handler-proxy/4.1.30.Final/netty-handler-proxy-4.1.30.Final.jar:/home/user/.m2/repository/io/netty/netty-codec-socks/4.1.30.Final/netty-codec-socks-4.1.30.Final.jar:/home/user/.m2/repository/io/netty/netty-transport-native-epoll/4.1.30.Final/netty-transport-native-epoll-4.1.30.Final.jar:/home/user/.m2/repository/io/netty/netty-common/4.1.30.Final/netty-common-4.1.30.Final.jar:/home/user/.m2/repository/io/netty/netty-buffer/4.1.30.Final/netty-buffer-4.1.30.Final.jar:/home/user/.m2/repository/io/netty/netty-transport/4.1.30.Final/netty-transport-4.1.30.Final.jar:/home/user/.m2/repository/io/netty/netty-resolver/4.1.30.Final/netty-resolver-4.1.30.Final.jar:/home/user/.m2/repository/io/netty/netty-transport-native-unix-common/4.1.30.Final/netty-transport-native-unix-common-4.1.30.Final.jar:/home/user/.m2/repository/io/grpc/grpc-protobuf/1.17.1/grpc-protobuf-1.17.1.jar:/home/user/.m2/repository/com/google/api/grpc/proto-google-common-protos/1.0.0/proto-google-common-protos-1.0.0.jar:/home/user/.m2/repository/io/grpc/grpc-protobuf-lite/1.17.1/grpc-protobuf-lite-1.17.1.jar:/home/user/.m2/repository/io/grpc/grpc-stub/1.17.1/grpc-stub-1.17.1.jar:/home/user/.m2/repository/org/apache/hadoop/hadoop-ozone-recon/0.5.0-SNAPSHOT/hadoop-ozone-recon-0.5.0-SNAPSHOT.jar:/home/user/.m2/repository/org/apache/hadoop/hadoop-ozone-reconcodegen/0.5.0-SNAPSHOT/hadoop-ozone-reconcodegen-0.5.0-SNAPSHOT.jar:/home/user/.m2/repository/com/google/inject/extensions/guice-multibindings/4.0/guice-multibindings-4.0.jar:/home/user/.m2/repository/com/google/inject/guice/4.0/guice-4.0.jar:/home/user/.m2/repository/aopalliance/aopalliance/1.0/aopalliance-1.0.jar:/home/user/.m2/repository/com/google/inject/extensions/guice-servlet/4.0/guice-servlet-4.0.jar:/home/user/.m2/repository/org/glassfish/jersey/containers/jersey-container-servlet/2.27/jersey-container-servlet-2.27.jar:/home/user/.m2/repository/org/glassfish/hk2/guice-bridge/2.5.0/guice-bridge-2.5.0.jar:/home/user/.m2/repository/org/glassfish/jersey/core/jersey-server/2.27/jersey-server-2.27.jar:/home/user/.m2/repository/org/glassfish/jersey/core/jersey-client/2.27/jersey-client-2.27.jar:/home/user/.m2/repository/org/glassfish/jersey/media/jersey-media-jaxb/2.27/jersey-media-jaxb-2.27.jar:/home/user/.m2/repository/javax/validation/validation-api/1.1.0.Final/validation-api-1.1.0.Final.jar:/home/user/.m2/repository/org/glassfish/jersey/media/jersey-media-json-jackson/2.27/jersey-media-json-jackson-2.27.jar:/home/user/.m2/repository/org/glassfish/jersey/ext/jersey-entity-filtering/2.27/jersey-entity-filtering-2.27.jar:/home/user/.m2/repository/com/google/inject/extensions/guice-assistedinject/4.0/guice-assistedinject-4.0.jar:/home/user/.m2/repository/org/jooq/jooq/3.11.10/jooq-3.11.10.jar:/home/user/.m2/repository/org/jooq/jooq-meta/3.11.10/jooq-meta-3.11.10.jar:/home/user/.m2/repository/org/jooq/jooq-codegen/3.11.10/jooq-codegen-3.11.10.jar:/home/user/.m2/repository/com/jolbox/bonecp/0.8.0.RELEASE/bonecp-0.8.0.RELEASE.jar:/home/user/.m2/repository/org/xerial/sqlite-jdbc/3.25.2/sqlite-jdbc-3.25.2.jar:/home/user/.m2/repository/org/springframework/spring-jdbc/5.1.3.RELEASE/spring-jdbc-5.1.3.RELEASE.jar:/home/user/.m2/repository/org/springframework/spring-beans/5.1.3.RELEASE/spring-beans-5.1.3.RELEASE.jar:/home/user/.m2/repository/org/springframework/spring-core/5.1.3.RELEASE/spring-core-5.1.3.RELEASE.jar:/home/user/.m2/repository/org/springframework/spring-jcl/5.1.3.RELEASE/spring-jcl-5.1.3.RELEASE.jar:/home/user/.m2/repository/org/springframework/spring-tx/5.1.3.RELEASE/spring-tx-5.1.3.RELEASE.jar:/home/user/.m2/repository/org/apache/hadoop/hadoop-ozone-client/0.5.0-SNAPSHOT/hadoop-ozone-client-0.5.0-SNAPSHOT.jar:/home/user/.m2/repository/commons-lang/commons-lang/2.6/commons-lang-2.6.jar:/home/user/.m2/repository/org/apache/hadoop/hadoop-ozone-ozone-manager/0.5.0-SNAPSHOT/hadoop-ozone-ozone-manager-0.5.0-SNAPSHOT-tests.jar:/home/user/.m2/repository/junit/junit/4.11/junit-4.11.jar:/home/user/.m2/repository/org/hamcrest/hamcrest-core/1.3/hamcrest-core-1.3.jar:/home/user/.m2/repository/org/openjdk/jmh/jmh-core/1.19/jmh-core-1.19.jar:/home/user/.m2/repository/net/sf/jopt-simple/jopt-simple/4.6/jopt-simple-4.6.jar:/home/user/.m2/repository/org/apache/commons/commons-math3/3.1.1/commons-math3-3.1.1.jar:/home/user/.m2/repository/org/openjdk/jmh/jmh-generator-annprocess/1.19/jmh-generator-annprocess-1.19.jar:/home/user/.m2/repository/org/mockito/mockito-all/1.8.5/mockito-all-1.8.5.jar:/home/user/.m2/repository/org/apache/hadoop/hadoop-kms/3.2.0/hadoop-kms-3.2.0.jar:/home/user/.m2/repository/org/apache/hadoop/hadoop-auth/3.2.0/hadoop-auth-3.2.0.jar:/home/user/.m2/repository/com/nimbusds/nimbus-jose-jwt/4.41.1/nimbus-jose-jwt-4.41.1.jar:/home/user/.m2/repository/com/github/stephenc/jcip/jcip-annotations/1.0-1/jcip-annotations-1.0-1.jar:/home/user/.m2/repository/net/minidev/json-smart/2.3/json-smart-2.3.jar:/home/user/.m2/repository/net/minidev/accessors-smart/1.2/accessors-smart-1.2.jar:/home/user/.m2/repository/org/ow2/asm/asm/5.0.4/asm-5.0.4.jar:/home/user/.m2/repository/org/apache/curator/curator-framework/2.12.0/curator-framework-2.12.0.jar:/home/user/.m2/repository/com/sun/jersey/jersey-core/1.19/jersey-core-1.19.jar:/home/user/.m2/repository/javax/ws/rs/jsr311-api/1.1.1/jsr311-api-1.1.1.jar:/home/user/.m2/repository/com/sun/jersey/jersey-server/1.19/jersey-server-1.19.jar:/home/user/.m2/repository/javax/servlet/javax.servlet-api/3.1.0/javax.servlet-api-3.1.0.jar:/home/user/.m2/repository/org/eclipse/jetty/jetty-server/9.3.25.v20180904/jetty-server-9.3.25.v20180904.jar:/home/user/.m2/repository/org/eclipse/jetty/jetty-http/9.3.25.v20180904/jetty-http-9.3.25.v20180904.jar:/home/user/.m2/repository/org/eclipse/jetty/jetty-io/9.3.25.v20180904/jetty-io-9.3.25.v20180904.jar:/home/user/.m2/repository/org/eclipse/jetty/jetty-webapp/9.3.25.v20180904/jetty-webapp-9.3.25.v20180904.jar:/home/user/.m2/repository/org/eclipse/jetty/jetty-xml/9.3.25.v20180904/jetty-xml-9.3.25.v20180904.jar:/home/user/.m2/repository/log4j/log4j/1.2.17/log4j-1.2.17.jar:/home/user/.m2/repository/org/slf4j/slf4j-api/1.7.25/slf4j-api-1.7.25.jar:/home/user/.m2/repository/org/slf4j/jul-to-slf4j/1.7.25/jul-to-slf4j-1.7.25.jar:/home/user/.m2/repository/org/eclipse/jetty/jetty-util/9.3.25.v20180904/jetty-util-9.3.25.v20180904.jar:/home/user/.m2/repository/com/fasterxml/jackson/core/jackson-databind/2.9.9/jackson-databind-2.9.9.jar:/home/user/.m2/repository/org/apache/hadoop/hadoop-kms/3.2.0/hadoop-kms-3.2.0-tests.jar:/home/user/.m2/repository/org/apache/hadoop/hadoop-hdds-server-scm/0.5.0-SNAPSHOT/hadoop-hdds-server-scm-0.5.0-SNAPSHOT-tests.jar:/home/user/.m2/repository/org/apache/hadoop/hadoop-hdds-container-service/0.5.0-SNAPSHOT/hadoop-hdds-container-service-0.5.0-SNAPSHOT-tests.jar:/home/user/.m2/repository/org/yaml/snakeyaml/1.16/snakeyaml-1.16.jar:/home/user/.m2/repository/org/apache/hadoop/hadoop-common/3.2.0/hadoop-common-3.2.0-tests.jar:/home/user/.m2/repository/org/apache/hadoop/hadoop-annotations/3.2.0/hadoop-annotations-3.2.0.jar:/usr/lib/jvm/java-1.8-openjdk/jre/../lib/tools.jar:/home/user/.m2/repository/commons-cli/commons-cli/1.2/commons-cli-1.2.jar:/home/user/.m2/repository/org/apache/httpcomponents/httpclient/4.5.2/httpclient-4.5.2.jar:/home/user/.m2/repository/org/apache/httpcomponents/httpcore/4.4.4/httpcore-4.4.4.jar:/home/user/.m2/repository/commons-codec/commons-codec/1.11/commons-codec-1.11.jar:/home/user/.m2/repository/commons-net/commons-net/3.6/commons-net-3.6.jar:/home/user/.m2/repository/commons-collections/commons-collections/3.2.2/commons-collections-3.2.2.jar:/home/user/.m2/repository/org/eclipse/jetty/jetty-servlet/9.3.25.v20180904/jetty-servlet-9.3.25.v20180904.jar:/home/user/.m2/repository/org/eclipse/jetty/jetty-security/9.3.25.v20180904/jetty-security-9.3.25.v20180904.jar:/home/user/.m2/repository/javax/servlet/jsp/jsp-api/2.1/jsp-api-2.1.jar:/home/user/.m2/repository/com/sun/jersey/jersey-servlet/1.19/jersey-servlet-1.19.jar:/home/user/.m2/repository/com/sun/jersey/jersey-json/1.19/jersey-json-1.19.jar:/home/user/.m2/repository/org/codehaus/jettison/jettison/1.1/jettison-1.1.jar:/home/user/.m2/repository/org/codehaus/jackson/jackson-core-asl/1.9.13/jackson-core-asl-1.9.13.jar:/home/user/.m2/repository/org/codehaus/jackson/jackson-mapper-asl/1.9.13/jackson-mapper-asl-1.9.13.jar:/home/user/.m2/repository/org/codehaus/jackson/jackson-jaxrs/1.9.13/jackson-jaxrs-1.9.13.jar:/home/user/.m2/repository/org/codehaus/jackson/jackson-xc/1.9.13/jackson-xc-1.9.13.jar:/home/user/.m2/repository/commons-logging/commons-logging/1.1.3/commons-logging-1.1.3.jar:/home/user/.m2/repository/commons-beanutils/commons-beanutils/1.9.4/commons-beanutils-1.9.4.jar:/home/user/.m2/repository/org/apache/commons/commons-configuration2/2.1.1/commons-configuration2-2.1.1.jar:/home/user/.m2/repository/org/apache/commons/commons-lang3/3.7/commons-lang3-3.7.jar:/home/user/.m2/repository/org/apache/commons/commons-text/1.4/commons-text-1.4.jar:/home/user/.m2/repository/org/apache/avro/avro/1.7.7/avro-1.7.7.jar:/home/user/.m2/repository/com/thoughtworks/paranamer/paranamer/2.3/paranamer-2.3.jar:/home/user/.m2/repository/org/xerial/snappy/snappy-java/1.0.5/snappy-java-1.0.5.jar:/home/user/.m2/repository/com/google/re2j/re2j/1.1/re2j-1.1.jar:/home/user/.m2/repository/com/google/code/gson/gson/2.2.4/gson-2.2.4.jar:/home/user/.m2/repository/com/jcraft/jsch/0.1.54/jsch-0.1.54.jar:/home/user/.m2/repository/org/apache/curator/curator-client/2.12.0/curator-client-2.12.0.jar:/home/user/.m2/repository/org/apache/curator/curator-recipes/2.12.0/curator-recipes-2.12.0.jar:/home/user/.m2/repository/com/google/code/findbugs/jsr305/3.0.0/jsr305-3.0.0.jar:/home/user/.m2/repository/org/apache/htrace/htrace-core4/4.1.0-incubating/htrace-core4-4.1.0-incubating.jar:/home/user/.m2/repository/org/apache/zookeeper/zookeeper/3.4.13/zookeeper-3.4.13.jar:/home/user/.m2/repository/jline/jline/0.9.94/jline-0.9.94.jar:/home/user/.m2/repository/org/apache/yetus/audience-annotations/0.5.0/audience-annotations-0.5.0.jar:/home/user/.m2/repository/org/codehaus/woodstox/stax2-api/3.1.4/stax2-api-3.1.4.jar:/home/user/.m2/repository/com/fasterxml/woodstox/woodstox-core/5.0.3/woodstox-core-5.0.3.jar:/home/user/.m2/repository/dnsjava/dnsjava/2.1.7/dnsjava-2.1.7.jar:/home/user/.m2/repository/org/apache/hadoop/hadoop-hdfs/3.2.0/hadoop-hdfs-3.2.0-tests.jar:/home/user/.m2/repository/org/eclipse/jetty/jetty-util-ajax/9.3.25.v20180904/jetty-util-ajax-9.3.25.v20180904.jar:/home/user/.m2/repository/commons-daemon/commons-daemon/1.0.13/commons-daemon-1.0.13.jar:/home/user/.m2/repository/io/netty/netty/3.10.5.Final/netty-3.10.5.Final.jar:/home/user/.m2/repository/io/netty/netty-all/4.0.52.Final/netty-all-4.0.52.Final.jar:/home/user/.m2/repository/org/fusesource/leveldbjni/leveldbjni-all/1.8/leveldbjni-all-1.8.jar:"/>
    <property name="java.vm.vendor" value="IcedTea"/>
    <property name="sun.arch.data.model" value="64"/>
    <property name="test.build.dir" value="/workdir/hadoop-ozone/integration-test/target/test-dir"/>
    <property name="test.cache.data" value=""/>
    <property name="java.vendor.url" value="https://icedtea.classpath.org"/>
    <property name="user.timezone" value=""/>
    <property name="java.vm.specification.version" value="1.8"/>
    <property name="os.name" value="Linux"/>
    <property name="test.build.data" value="/workdir/hadoop-ozone/integration-test/target/test-dir"/>
    <property name="user.country" value="US"/>
    <property name="sun.java.launcher" value="SUN_STANDARD"/>
    <property name="sun.boot.library.path" value="/usr/lib/jvm/java-1.8-openjdk/jre/lib/amd64"/>
    <property name="sun.java.command" value="/workdir/hadoop-ozone/integration-test/target/surefire/surefirebooter4098296117976272045.jar /workdir/hadoop-ozone/integration-test/target/surefire 2019-10-02T19-32-03_695-jvmRun1 surefire556883840342776566tmp surefire_405802158505388827129tmp"/>
    <property name="test" value="!TestMiniChaosOzoneCluster"/>
    <property name="surefire.test.class.path" value="/workdir/hadoop-ozone/integration-test/target/test-classes:/workdir/hadoop-ozone/integration-test/target/classes:/home/user/.m2/repository/org/apache/hadoop/hadoop-ozone-common/0.5.0-SNAPSHOT/hadoop-ozone-common-0.5.0-SNAPSHOT.jar:/home/user/.m2/repository/org/apache/commons/commons-compress/1.4.1/commons-compress-1.4.1.jar:/home/user/.m2/repository/org/tukaani/xz/1.0/xz-1.0.jar:/home/user/.m2/repository/org/apache/hadoop/hadoop-common/3.2.0/hadoop-common-3.2.0.jar:/home/user/.m2/repository/org/apache/hadoop/hadoop-hdfs/3.2.0/hadoop-hdfs-3.2.0.jar:/home/user/.m2/repository/org/apache/hadoop/hadoop-hdfs-client/3.2.0/hadoop-hdfs-client-3.2.0.jar:/home/user/.m2/repository/com/fasterxml/jackson/core/jackson-annotations/2.9.9/jackson-annotations-2.9.9.jar:/home/user/.m2/repository/org/apache/hadoop/hadoop-hdds-common/0.5.0-SNAPSHOT/hadoop-hdds-common-0.5.0-SNAPSHOT.jar:/home/user/.m2/repository/javax/annotation/javax.annotation-api/1.2/javax.annotation-api-1.2.jar:/home/user/.m2/repository/org/apache/ratis/ratis-server/0.5.0-201fc85-SNAPSHOT/ratis-server-0.5.0-201fc85-SNAPSHOT.jar:/home/user/.m2/repository/org/apache/ratis/ratis-thirdparty-misc/0.2.0/ratis-thirdparty-misc-0.2.0.jar:/home/user/.m2/repository/org/apache/ratis/ratis-proto/0.5.0-201fc85-SNAPSHOT/ratis-proto-0.5.0-201fc85-SNAPSHOT.jar:/home/user/.m2/repository/org/apache/ratis/ratis-common/0.5.0-201fc85-SNAPSHOT/ratis-common-0.5.0-201fc85-SNAPSHOT.jar:/home/user/.m2/repository/org/apache/ratis/ratis-client/0.5.0-201fc85-SNAPSHOT/ratis-client-0.5.0-201fc85-SNAPSHOT.jar:/home/user/.m2/repository/org/apache/ratis/ratis-metrics/0.5.0-201fc85-SNAPSHOT/ratis-metrics-0.5.0-201fc85-SNAPSHOT.jar:/home/user/.m2/repository/com/github/joshelser/dropwizard-metrics-hadoop-metrics2-reporter/0.1.2/dropwizard-metrics-hadoop-metrics2-reporter-0.1.2.jar:/home/user/.m2/repository/io/dropwizard/metrics/metrics-jvm/3.2.5/metrics-jvm-3.2.5.jar:/home/user/.m2/repository/io/dropwizard/metrics/metrics-ganglia/3.2.5/metrics-ganglia-3.2.5.jar:/home/user/.m2/repository/info/ganglia/gmetric4j/gmetric4j/1.0.7/gmetric4j-1.0.7.jar:/home/user/.m2/repository/org/apache/ratis/ratis-netty/0.5.0-201fc85-SNAPSHOT/ratis-netty-0.5.0-201fc85-SNAPSHOT.jar:/home/user/.m2/repository/org/apache/ratis/ratis-grpc/0.5.0-201fc85-SNAPSHOT/ratis-grpc-0.5.0-201fc85-SNAPSHOT.jar:/home/user/.m2/repository/org/rocksdb/rocksdbjni/6.0.1/rocksdbjni-6.0.1.jar:/home/user/.m2/repository/org/apache/logging/log4j/log4j-api/2.11.0/log4j-api-2.11.0.jar:/home/user/.m2/repository/org/apache/logging/log4j/log4j-core/2.11.0/log4j-core-2.11.0.jar:/home/user/.m2/repository/com/lmax/disruptor/3.4.2/disruptor-3.4.2.jar:/home/user/.m2/repository/org/apache/commons/commons-pool2/2.6.0/commons-pool2-2.6.0.jar:/home/user/.m2/repository/org/bouncycastle/bcpkix-jdk15on/1.60/bcpkix-jdk15on-1.60.jar:/home/user/.m2/repository/commons-validator/commons-validator/1.6/commons-validator-1.6.jar:/home/user/.m2/repository/commons-digester/commons-digester/1.8.1/commons-digester-1.8.1.jar:/home/user/.m2/repository/io/jaegertracing/jaeger-client/0.34.0/jaeger-client-0.34.0.jar:/home/user/.m2/repository/io/jaegertracing/jaeger-thrift/0.34.0/jaeger-thrift-0.34.0.jar:/home/user/.m2/repository/org/apache/thrift/libthrift/0.12.0/libthrift-0.12.0.jar:/home/user/.m2/repository/com/squareup/okhttp3/okhttp/3.9.0/okhttp-3.9.0.jar:/home/user/.m2/repository/com/squareup/okio/okio/1.13.0/okio-1.13.0.jar:/home/user/.m2/repository/io/jaegertracing/jaeger-core/0.34.0/jaeger-core-0.34.0.jar:/home/user/.m2/repository/io/jaegertracing/jaeger-tracerresolver/0.34.0/jaeger-tracerresolver-0.34.0.jar:/home/user/.m2/repository/io/opentracing/contrib/opentracing-tracerresolver/0.1.5/opentracing-tracerresolver-0.1.5.jar:/home/user/.m2/repository/io/opentracing/opentracing-util/0.31.0/opentracing-util-0.31.0.jar:/home/user/.m2/repository/io/opentracing/opentracing-api/0.31.0/opentracing-api-0.31.0.jar:/home/user/.m2/repository/io/opentracing/opentracing-noop/0.31.0/opentracing-noop-0.31.0.jar:/home/user/.m2/repository/org/apache/hadoop/hadoop-hdds-server-framework/0.5.0-SNAPSHOT/hadoop-hdds-server-framework-0.5.0-SNAPSHOT.jar:/home/user/.m2/repository/org/apache/hadoop/hadoop-hdds-container-service/0.5.0-SNAPSHOT/hadoop-hdds-container-service-0.5.0-SNAPSHOT.jar:/home/user/.m2/repository/org/apache/hadoop/hadoop-hdds-client/0.5.0-SNAPSHOT/hadoop-hdds-client-0.5.0-SNAPSHOT.jar:/home/user/.m2/repository/org/apache/hadoop/hadoop-hdds-tools/0.5.0-SNAPSHOT/hadoop-hdds-tools-0.5.0-SNAPSHOT.jar:/home/user/.m2/repository/org/apache/hadoop/hadoop-hdds-server-scm/0.5.0-SNAPSHOT/hadoop-hdds-server-scm-0.5.0-SNAPSHOT.jar:/home/user/.m2/repository/org/apache/hadoop/hadoop-hdds-docs/0.5.0-SNAPSHOT/hadoop-hdds-docs-0.5.0-SNAPSHOT.jar:/home/user/.m2/repository/io/dropwizard/metrics/metrics-core/3.2.4/metrics-core-3.2.4.jar:/home/user/.m2/repository/org/hamcrest/hamcrest-all/1.3/hamcrest-all-1.3.jar:/home/user/.m2/repository/org/bouncycastle/bcprov-jdk15on/1.60/bcprov-jdk15on-1.60.jar:/home/user/.m2/repository/info/picocli/picocli/3.9.6/picocli-3.9.6.jar:/home/user/.m2/repository/com/google/protobuf/protobuf-java/2.5.0/protobuf-java-2.5.0.jar:/home/user/.m2/repository/com/google/guava/guava/11.0.2/guava-11.0.2.jar:/home/user/.m2/repository/org/apache/hadoop/hadoop-ozone-ozone-manager/0.5.0-SNAPSHOT/hadoop-ozone-ozone-manager-0.5.0-SNAPSHOT.jar:/home/user/.m2/repository/org/apache/hadoop/hadoop-minikdc/3.2.0/hadoop-minikdc-3.2.0.jar:/home/user/.m2/repository/commons-io/commons-io/2.5/commons-io-2.5.jar:/home/user/.m2/repository/org/apache/kerby/kerb-simplekdc/1.0.1/kerb-simplekdc-1.0.1.jar:/home/user/.m2/repository/org/apache/kerby/kerb-client/1.0.1/kerb-client-1.0.1.jar:/home/user/.m2/repository/org/apache/kerby/kerby-config/1.0.1/kerby-config-1.0.1.jar:/home/user/.m2/repository/org/apache/kerby/kerb-core/1.0.1/kerb-core-1.0.1.jar:/home/user/.m2/repository/org/apache/kerby/kerby-pkix/1.0.1/kerby-pkix-1.0.1.jar:/home/user/.m2/repository/org/apache/kerby/kerby-asn1/1.0.1/kerby-asn1-1.0.1.jar:/home/user/.m2/repository/org/apache/kerby/kerby-util/1.0.1/kerby-util-1.0.1.jar:/home/user/.m2/repository/org/apache/kerby/kerb-common/1.0.1/kerb-common-1.0.1.jar:/home/user/.m2/repository/org/apache/kerby/kerb-crypto/1.0.1/kerb-crypto-1.0.1.jar:/home/user/.m2/repository/org/apache/kerby/kerb-util/1.0.1/kerb-util-1.0.1.jar:/home/user/.m2/repository/org/apache/kerby/token-provider/1.0.1/token-provider-1.0.1.jar:/home/user/.m2/repository/org/apache/kerby/kerb-admin/1.0.1/kerb-admin-1.0.1.jar:/home/user/.m2/repository/org/apache/kerby/kerb-server/1.0.1/kerb-server-1.0.1.jar:/home/user/.m2/repository/org/apache/kerby/kerb-identity/1.0.1/kerb-identity-1.0.1.jar:/home/user/.m2/repository/org/apache/kerby/kerby-xdr/1.0.1/kerby-xdr-1.0.1.jar:/home/user/.m2/repository/org/slf4j/slf4j-log4j12/1.7.25/slf4j-log4j12-1.7.25.jar:/home/user/.m2/repository/org/apache/hadoop/hadoop-ozone-s3gateway/0.5.0-SNAPSHOT/hadoop-ozone-s3gateway-0.5.0-SNAPSHOT.jar:/home/user/.m2/repository/org/jboss/weld/servlet/weld-servlet/2.4.7.Final/weld-servlet-2.4.7.Final.jar:/home/user/.m2/repository/org/glassfish/jersey/containers/jersey-container-servlet-core/2.27/jersey-container-servlet-core-2.27.jar:/home/user/.m2/repository/org/glassfish/hk2/external/javax.inject/2.5.0-b42/javax.inject-2.5.0-b42.jar:/home/user/.m2/repository/org/glassfish/jersey/core/jersey-common/2.27/jersey-common-2.27.jar:/home/user/.m2/repository/org/glassfish/hk2/osgi-resource-locator/1.0.1/osgi-resource-locator-1.0.1.jar:/home/user/.m2/repository/javax/ws/rs/javax.ws.rs-api/2.1/javax.ws.rs-api-2.1.jar:/home/user/.m2/repository/org/glassfish/jersey/ext/cdi/jersey-cdi1x/2.27/jersey-cdi1x-2.27.jar:/home/user/.m2/repository/org/glassfish/jersey/inject/jersey-hk2/2.27/jersey-hk2-2.27.jar:/home/user/.m2/repository/org/glassfish/hk2/hk2-locator/2.5.0-b42/hk2-locator-2.5.0-b42.jar:/home/user/.m2/repository/org/javassist/javassist/3.22.0-CR2/javassist-3.22.0-CR2.jar:/home/user/.m2/repository/org/glassfish/hk2/hk2-api/2.5.0/hk2-api-2.5.0.jar:/home/user/.m2/repository/org/glassfish/hk2/external/jakarta.inject/2.5.0/jakarta.inject-2.5.0.jar:/home/user/.m2/repository/org/glassfish/hk2/hk2-utils/2.5.0/hk2-utils-2.5.0.jar:/home/user/.m2/repository/jakarta/annotation/jakarta.annotation-api/1.3.4/jakarta.annotation-api-1.3.4.jar:/home/user/.m2/repository/org/glassfish/hk2/external/aopalliance-repackaged/2.5.0/aopalliance-repackaged-2.5.0.jar:/home/user/.m2/repository/com/fasterxml/jackson/dataformat/jackson-dataformat-xml/2.9.0/jackson-dataformat-xml-2.9.0.jar:/home/user/.m2/repository/com/fasterxml/jackson/core/jackson-core/2.9.9/jackson-core-2.9.9.jar:/home/user/.m2/repository/com/fasterxml/jackson/module/jackson-module-jaxb-annotations/2.9.9/jackson-module-jaxb-annotations-2.9.9.jar:/home/user/.m2/repository/javax/enterprise/cdi-api/1.2/cdi-api-1.2.jar:/home/user/.m2/repository/javax/el/javax.el-api/3.0.0/javax.el-api-3.0.0.jar:/home/user/.m2/repository/javax/interceptor/javax.interceptor-api/1.2/javax.interceptor-api-1.2.jar:/home/user/.m2/repository/javax/inject/javax.inject/1/javax.inject-1.jar:/home/user/.m2/repository/com/sun/xml/bind/jaxb-impl/2.3.0.1/jaxb-impl-2.3.0.1.jar:/home/user/.m2/repository/com/sun/xml/bind/jaxb-core/2.3.0.1/jaxb-core-2.3.0.1.jar:/home/user/.m2/repository/javax/xml/bind/jaxb-api/2.3.0/jaxb-api-2.3.0.jar:/home/user/.m2/repository/javax/activation/activation/1.1.1/activation-1.1.1.jar:/home/user/.m2/repository/org/apache/hadoop/hadoop-ozone-csi/0.5.0-SNAPSHOT/hadoop-ozone-csi-0.5.0-SNAPSHOT.jar:/home/user/.m2/repository/com/google/protobuf/protobuf-java-util/3.5.1/protobuf-java-util-3.5.1.jar:/home/user/.m2/repository/org/apache/hadoop/hadoop-hdds-config/0.5.0-SNAPSHOT/hadoop-hdds-config-0.5.0-SNAPSHOT.jar:/home/user/.m2/repository/io/grpc/grpc-netty/1.17.1/grpc-netty-1.17.1.jar:/home/user/.m2/repository/io/grpc/grpc-core/1.17.1/grpc-core-1.17.1.jar:/home/user/.m2/repository/io/grpc/grpc-context/1.17.1/grpc-context-1.17.1.jar:/home/user/.m2/repository/com/google/errorprone/error_prone_annotations/2.2.0/error_prone_annotations-2.2.0.jar:/home/user/.m2/repository/org/codehaus/mojo/animal-sniffer-annotations/1.17/animal-sniffer-annotations-1.17.jar:/home/user/.m2/repository/io/opencensus/opencensus-api/0.17.0/opencensus-api-0.17.0.jar:/home/user/.m2/repository/io/opencensus/opencensus-contrib-grpc-metrics/0.17.0/opencensus-contrib-grpc-metrics-0.17.0.jar:/home/user/.m2/repository/io/netty/netty-codec-http2/4.1.30.Final/netty-codec-http2-4.1.30.Final.jar:/home/user/.m2/repository/io/netty/netty-codec-http/4.1.30.Final/netty-codec-http-4.1.30.Final.jar:/home/user/.m2/repository/io/netty/netty-codec/4.1.30.Final/netty-codec-4.1.30.Final.jar:/home/user/.m2/repository/io/netty/netty-handler/4.1.30.Final/netty-handler-4.1.30.Final.jar:/home/user/.m2/repository/io/netty/netty-handler-proxy/4.1.30.Final/netty-handler-proxy-4.1.30.Final.jar:/home/user/.m2/repository/io/netty/netty-codec-socks/4.1.30.Final/netty-codec-socks-4.1.30.Final.jar:/home/user/.m2/repository/io/netty/netty-transport-native-epoll/4.1.30.Final/netty-transport-native-epoll-4.1.30.Final.jar:/home/user/.m2/repository/io/netty/netty-common/4.1.30.Final/netty-common-4.1.30.Final.jar:/home/user/.m2/repository/io/netty/netty-buffer/4.1.30.Final/netty-buffer-4.1.30.Final.jar:/home/user/.m2/repository/io/netty/netty-transport/4.1.30.Final/netty-transport-4.1.30.Final.jar:/home/user/.m2/repository/io/netty/netty-resolver/4.1.30.Final/netty-resolver-4.1.30.Final.jar:/home/user/.m2/repository/io/netty/netty-transport-native-unix-common/4.1.30.Final/netty-transport-native-unix-common-4.1.30.Final.jar:/home/user/.m2/repository/io/grpc/grpc-protobuf/1.17.1/grpc-protobuf-1.17.1.jar:/home/user/.m2/repository/com/google/api/grpc/proto-google-common-protos/1.0.0/proto-google-common-protos-1.0.0.jar:/home/user/.m2/repository/io/grpc/grpc-protobuf-lite/1.17.1/grpc-protobuf-lite-1.17.1.jar:/home/user/.m2/repository/io/grpc/grpc-stub/1.17.1/grpc-stub-1.17.1.jar:/home/user/.m2/repository/org/apache/hadoop/hadoop-ozone-recon/0.5.0-SNAPSHOT/hadoop-ozone-recon-0.5.0-SNAPSHOT.jar:/home/user/.m2/repository/org/apache/hadoop/hadoop-ozone-reconcodegen/0.5.0-SNAPSHOT/hadoop-ozone-reconcodegen-0.5.0-SNAPSHOT.jar:/home/user/.m2/repository/com/google/inject/extensions/guice-multibindings/4.0/guice-multibindings-4.0.jar:/home/user/.m2/repository/com/google/inject/guice/4.0/guice-4.0.jar:/home/user/.m2/repository/aopalliance/aopalliance/1.0/aopalliance-1.0.jar:/home/user/.m2/repository/com/google/inject/extensions/guice-servlet/4.0/guice-servlet-4.0.jar:/home/user/.m2/repository/org/glassfish/jersey/containers/jersey-container-servlet/2.27/jersey-container-servlet-2.27.jar:/home/user/.m2/repository/org/glassfish/hk2/guice-bridge/2.5.0/guice-bridge-2.5.0.jar:/home/user/.m2/repository/org/glassfish/jersey/core/jersey-server/2.27/jersey-server-2.27.jar:/home/user/.m2/repository/org/glassfish/jersey/core/jersey-client/2.27/jersey-client-2.27.jar:/home/user/.m2/repository/org/glassfish/jersey/media/jersey-media-jaxb/2.27/jersey-media-jaxb-2.27.jar:/home/user/.m2/repository/javax/validation/validation-api/1.1.0.Final/validation-api-1.1.0.Final.jar:/home/user/.m2/repository/org/glassfish/jersey/media/jersey-media-json-jackson/2.27/jersey-media-json-jackson-2.27.jar:/home/user/.m2/repository/org/glassfish/jersey/ext/jersey-entity-filtering/2.27/jersey-entity-filtering-2.27.jar:/home/user/.m2/repository/com/google/inject/extensions/guice-assistedinject/4.0/guice-assistedinject-4.0.jar:/home/user/.m2/repository/org/jooq/jooq/3.11.10/jooq-3.11.10.jar:/home/user/.m2/repository/org/jooq/jooq-meta/3.11.10/jooq-meta-3.11.10.jar:/home/user/.m2/repository/org/jooq/jooq-codegen/3.11.10/jooq-codegen-3.11.10.jar:/home/user/.m2/repository/com/jolbox/bonecp/0.8.0.RELEASE/bonecp-0.8.0.RELEASE.jar:/home/user/.m2/repository/org/xerial/sqlite-jdbc/3.25.2/sqlite-jdbc-3.25.2.jar:/home/user/.m2/repository/org/springframework/spring-jdbc/5.1.3.RELEASE/spring-jdbc-5.1.3.RELEASE.jar:/home/user/.m2/repository/org/springframework/spring-beans/5.1.3.RELEASE/spring-beans-5.1.3.RELEASE.jar:/home/user/.m2/repository/org/springframework/spring-core/5.1.3.RELEASE/spring-core-5.1.3.RELEASE.jar:/home/user/.m2/repository/org/springframework/spring-jcl/5.1.3.RELEASE/spring-jcl-5.1.3.RELEASE.jar:/home/user/.m2/repository/org/springframework/spring-tx/5.1.3.RELEASE/spring-tx-5.1.3.RELEASE.jar:/home/user/.m2/repository/org/apache/hadoop/hadoop-ozone-client/0.5.0-SNAPSHOT/hadoop-ozone-client-0.5.0-SNAPSHOT.jar:/home/user/.m2/repository/commons-lang/commons-lang/2.6/commons-lang-2.6.jar:/home/user/.m2/repository/org/apache/hadoop/hadoop-ozone-ozone-manager/0.5.0-SNAPSHOT/hadoop-ozone-ozone-manager-0.5.0-SNAPSHOT-tests.jar:/home/user/.m2/repository/junit/junit/4.11/junit-4.11.jar:/home/user/.m2/repository/org/hamcrest/hamcrest-core/1.3/hamcrest-core-1.3.jar:/home/user/.m2/repository/org/openjdk/jmh/jmh-core/1.19/jmh-core-1.19.jar:/home/user/.m2/repository/net/sf/jopt-simple/jopt-simple/4.6/jopt-simple-4.6.jar:/home/user/.m2/repository/org/apache/commons/commons-math3/3.1.1/commons-math3-3.1.1.jar:/home/user/.m2/repository/org/openjdk/jmh/jmh-generator-annprocess/1.19/jmh-generator-annprocess-1.19.jar:/home/user/.m2/repository/org/mockito/mockito-all/1.8.5/mockito-all-1.8.5.jar:/home/user/.m2/repository/org/apache/hadoop/hadoop-kms/3.2.0/hadoop-kms-3.2.0.jar:/home/user/.m2/repository/org/apache/hadoop/hadoop-auth/3.2.0/hadoop-auth-3.2.0.jar:/home/user/.m2/repository/com/nimbusds/nimbus-jose-jwt/4.41.1/nimbus-jose-jwt-4.41.1.jar:/home/user/.m2/repository/com/github/stephenc/jcip/jcip-annotations/1.0-1/jcip-annotations-1.0-1.jar:/home/user/.m2/repository/net/minidev/json-smart/2.3/json-smart-2.3.jar:/home/user/.m2/repository/net/minidev/accessors-smart/1.2/accessors-smart-1.2.jar:/home/user/.m2/repository/org/ow2/asm/asm/5.0.4/asm-5.0.4.jar:/home/user/.m2/repository/org/apache/curator/curator-framework/2.12.0/curator-framework-2.12.0.jar:/home/user/.m2/repository/com/sun/jersey/jersey-core/1.19/jersey-core-1.19.jar:/home/user/.m2/repository/javax/ws/rs/jsr311-api/1.1.1/jsr311-api-1.1.1.jar:/home/user/.m2/repository/com/sun/jersey/jersey-server/1.19/jersey-server-1.19.jar:/home/user/.m2/repository/javax/servlet/javax.servlet-api/3.1.0/javax.servlet-api-3.1.0.jar:/home/user/.m2/repository/org/eclipse/jetty/jetty-server/9.3.25.v20180904/jetty-server-9.3.25.v20180904.jar:/home/user/.m2/repository/org/eclipse/jetty/jetty-http/9.3.25.v20180904/jetty-http-9.3.25.v20180904.jar:/home/user/.m2/repository/org/eclipse/jetty/jetty-io/9.3.25.v20180904/jetty-io-9.3.25.v20180904.jar:/home/user/.m2/repository/org/eclipse/jetty/jetty-webapp/9.3.25.v20180904/jetty-webapp-9.3.25.v20180904.jar:/home/user/.m2/repository/org/eclipse/jetty/jetty-xml/9.3.25.v20180904/jetty-xml-9.3.25.v20180904.jar:/home/user/.m2/repository/log4j/log4j/1.2.17/log4j-1.2.17.jar:/home/user/.m2/repository/org/slf4j/slf4j-api/1.7.25/slf4j-api-1.7.25.jar:/home/user/.m2/repository/org/slf4j/jul-to-slf4j/1.7.25/jul-to-slf4j-1.7.25.jar:/home/user/.m2/repository/org/eclipse/jetty/jetty-util/9.3.25.v20180904/jetty-util-9.3.25.v20180904.jar:/home/user/.m2/repository/com/fasterxml/jackson/core/jackson-databind/2.9.9/jackson-databind-2.9.9.jar:/home/user/.m2/repository/org/apache/hadoop/hadoop-kms/3.2.0/hadoop-kms-3.2.0-tests.jar:/home/user/.m2/repository/org/apache/hadoop/hadoop-hdds-server-scm/0.5.0-SNAPSHOT/hadoop-hdds-server-scm-0.5.0-SNAPSHOT-tests.jar:/home/user/.m2/repository/org/apache/hadoop/hadoop-hdds-container-service/0.5.0-SNAPSHOT/hadoop-hdds-container-service-0.5.0-SNAPSHOT-tests.jar:/home/user/.m2/repository/org/yaml/snakeyaml/1.16/snakeyaml-1.16.jar:/home/user/.m2/repository/org/apache/hadoop/hadoop-common/3.2.0/hadoop-common-3.2.0-tests.jar:/home/user/.m2/repository/org/apache/hadoop/hadoop-annotations/3.2.0/hadoop-annotations-3.2.0.jar:/usr/lib/jvm/java-1.8-openjdk/jre/../lib/tools.jar:/home/user/.m2/repository/commons-cli/commons-cli/1.2/commons-cli-1.2.jar:/home/user/.m2/repository/org/apache/httpcomponents/httpclient/4.5.2/httpclient-4.5.2.jar:/home/user/.m2/repository/org/apache/httpcomponents/httpcore/4.4.4/httpcore-4.4.4.jar:/home/user/.m2/repository/commons-codec/commons-codec/1.11/commons-codec-1.11.jar:/home/user/.m2/repository/commons-net/commons-net/3.6/commons-net-3.6.jar:/home/user/.m2/repository/commons-collections/commons-collections/3.2.2/commons-collections-3.2.2.jar:/home/user/.m2/repository/org/eclipse/jetty/jetty-servlet/9.3.25.v20180904/jetty-servlet-9.3.25.v20180904.jar:/home/user/.m2/repository/org/eclipse/jetty/jetty-security/9.3.25.v20180904/jetty-security-9.3.25.v20180904.jar:/home/user/.m2/repository/javax/servlet/jsp/jsp-api/2.1/jsp-api-2.1.jar:/home/user/.m2/repository/com/sun/jersey/jersey-servlet/1.19/jersey-servlet-1.19.jar:/home/user/.m2/repository/com/sun/jersey/jersey-json/1.19/jersey-json-1.19.jar:/home/user/.m2/repository/org/codehaus/jettison/jettison/1.1/jettison-1.1.jar:/home/user/.m2/repository/org/codehaus/jackson/jackson-core-asl/1.9.13/jackson-core-asl-1.9.13.jar:/home/user/.m2/repository/org/codehaus/jackson/jackson-mapper-asl/1.9.13/jackson-mapper-asl-1.9.13.jar:/home/user/.m2/repository/org/codehaus/jackson/jackson-jaxrs/1.9.13/jackson-jaxrs-1.9.13.jar:/home/user/.m2/repository/org/codehaus/jackson/jackson-xc/1.9.13/jackson-xc-1.9.13.jar:/home/user/.m2/repository/commons-logging/commons-logging/1.1.3/commons-logging-1.1.3.jar:/home/user/.m2/repository/commons-beanutils/commons-beanutils/1.9.4/commons-beanutils-1.9.4.jar:/home/user/.m2/repository/org/apache/commons/commons-configuration2/2.1.1/commons-configuration2-2.1.1.jar:/home/user/.m2/repository/org/apache/commons/commons-lang3/3.7/commons-lang3-3.7.jar:/home/user/.m2/repository/org/apache/commons/commons-text/1.4/commons-text-1.4.jar:/home/user/.m2/repository/org/apache/avro/avro/1.7.7/avro-1.7.7.jar:/home/user/.m2/repository/com/thoughtworks/paranamer/paranamer/2.3/paranamer-2.3.jar:/home/user/.m2/repository/org/xerial/snappy/snappy-java/1.0.5/snappy-java-1.0.5.jar:/home/user/.m2/repository/com/google/re2j/re2j/1.1/re2j-1.1.jar:/home/user/.m2/repository/com/google/code/gson/gson/2.2.4/gson-2.2.4.jar:/home/user/.m2/repository/com/jcraft/jsch/0.1.54/jsch-0.1.54.jar:/home/user/.m2/repository/org/apache/curator/curator-client/2.12.0/curator-client-2.12.0.jar:/home/user/.m2/repository/org/apache/curator/curator-recipes/2.12.0/curator-recipes-2.12.0.jar:/home/user/.m2/repository/com/google/code/findbugs/jsr305/3.0.0/jsr305-3.0.0.jar:/home/user/.m2/repository/org/apache/htrace/htrace-core4/4.1.0-incubating/htrace-core4-4.1.0-incubating.jar:/home/user/.m2/repository/org/apache/zookeeper/zookeeper/3.4.13/zookeeper-3.4.13.jar:/home/user/.m2/repository/jline/jline/0.9.94/jline-0.9.94.jar:/home/user/.m2/repository/org/apache/yetus/audience-annotations/0.5.0/audience-annotations-0.5.0.jar:/home/user/.m2/repository/org/codehaus/woodstox/stax2-api/3.1.4/stax2-api-3.1.4.jar:/home/user/.m2/repository/com/fasterxml/woodstox/woodstox-core/5.0.3/woodstox-core-5.0.3.jar:/home/user/.m2/repository/dnsjava/dnsjava/2.1.7/dnsjava-2.1.7.jar:/home/user/.m2/repository/org/apache/hadoop/hadoop-hdfs/3.2.0/hadoop-hdfs-3.2.0-tests.jar:/home/user/.m2/repository/org/eclipse/jetty/jetty-util-ajax/9.3.25.v20180904/jetty-util-ajax-9.3.25.v20180904.jar:/home/user/.m2/repository/commons-daemon/commons-daemon/1.0.13/commons-daemon-1.0.13.jar:/home/user/.m2/repository/io/netty/netty/3.10.5.Final/netty-3.10.5.Final.jar:/home/user/.m2/repository/io/netty/netty-all/4.0.52.Final/netty-all-4.0.52.Final.jar:/home/user/.m2/repository/org/fusesource/leveldbjni/leveldbjni-all/1.8/leveldbjni-all-1.8.jar:"/>
    <property name="sun.cpu.endian" value="little"/>
    <property name="user.home" value="/home/user"/>
    <property name="user.language" value="en"/>
    <property name="java.specification.vendor" value="Oracle Corporation"/>
    <property name="java.home" value="/usr/lib/jvm/java-1.8-openjdk/jre"/>
    <property name="java.security.krb5.conf" value="/workdir/hadoop-ozone/integration-test/target/test-classes/krb5.conf"/>
    <property name="basedir" value="/workdir/hadoop-ozone/integration-test"/>
    <property name="file.separator" value="/"/>
    <property name="line.separator" value="&#10;"/>
    <property name="java.vm.specification.vendor" value="Oracle Corporation"/>
    <property name="java.specification.name" value="Java Platform API Specification"/>
    <property name="java.awt.graphicsenv" value="sun.awt.X11GraphicsEnvironment"/>
    <property name="surefire.real.class.path" value="/workdir/hadoop-ozone/integration-test/target/surefire/surefirebooter4098296117976272045.jar"/>
    <property name="hadoop.log.dir" value="/workdir/hadoop-ozone/integration-test/target/log"/>
    <property name="sun.boot.class.path" value="/usr/lib/jvm/java-1.8-openjdk/jre/lib/resources.jar:/usr/lib/jvm/java-1.8-openjdk/jre/lib/rt.jar:/usr/lib/jvm/java-1.8-openjdk/jre/lib/sunrsasign.jar:/usr/lib/jvm/java-1.8-openjdk/jre/lib/jsse.jar:/usr/lib/jvm/java-1.8-openjdk/jre/lib/jce.jar:/usr/lib/jvm/java-1.8-openjdk/jre/lib/charsets.jar:/usr/lib/jvm/java-1.8-openjdk/jre/lib/jfr.jar:/usr/lib/jvm/java-1.8-openjdk/jre/classes"/>
    <property name="sun.management.compiler" value="HotSpot 64-Bit Tiered Compilers"/>
    <property name="java.runtime.version" value="1.8.0_212-b04"/>
    <property name="java.net.preferIPv4Stack" value="true"/>
    <property name="user.name" value="jenkins1000"/>
    <property name="path.separator" value=":"/>
    <property name="java.security.egd" value="file:///dev/urandom"/>
    <property name="os.version" value="3.10.0-957.12.2.el7.x86_64"/>
    <property name="java.endorsed.dirs" value="/usr/lib/jvm/java-1.8-openjdk/jre/lib/endorsed"/>
    <property name="java.runtime.name" value="OpenJDK Runtime Environment"/>
    <property name="file.encoding" value="UTF-8"/>
    <property name="java.vm.name" value="OpenJDK 64-Bit Server VM"/>
    <property name="test.build.webapps" value=""/>
    <property name="localRepository" value="/home/user/.m2/repository"/>
    <property name="java.vendor.url.bug" value="https://icedtea.classpath.org/bugzilla"/>
    <property name="java.io.tmpdir" value="/tmp"/>
    <property name="require.test.libhadoop" value=""/>
    <property name="java.version" value="1.8.0_212"/>
    <property name="user.dir" value="/workdir/hadoop-ozone/integration-test"/>
    <property name="os.arch" value="amd64"/>
    <property name="java.vm.specification.name" value="Java Virtual Machine Specification"/>
    <property name="test.build.classes" value="/workdir/hadoop-ozone/integration-test/target/test-classes"/>
    <property name="java.awt.printerjob" value="sun.print.PSPrinterJob"/>
    <property name="sun.os.patch.level" value="unknown"/>
    <property name="hadoop.tmp.dir" value="/workdir/hadoop-ozone/integration-test/target/tmp"/>
    <property name="java.library.path" value="/usr/lib/jvm/java-1.8-openjdk/jre/lib/amd64/server:/usr/lib/jvm/java-1.8-openjdk/jre/lib/amd64:/usr/lib/jvm/java-1.8-openjdk/jre/../lib/amd64:/workdir/hadoop-ozone/integration-test/target/native/target/usr/local/lib:/workdir/hadoop-ozone/integration-test/../../hadoop-common-project/hadoop-common/target/native/target/usr/local/lib:/usr/java/packages/lib/amd64:/usr/lib64:/lib64:/lib:/usr/lib"/>
    <property name="java.vm.info" value="mixed mode"/>
    <property name="java.vendor" value="IcedTea"/>
    <property name="java.vm.version" value="25.212-b04"/>
    <property name="java.ext.dirs" value="/usr/lib/jvm/java-1.8-openjdk/jre/lib/ext:/usr/java/packages/lib/ext"/>
    <property name="sun.io.unicode.encoding" value="UnicodeLittle"/>
    <property name="java.class.version" value="52.0"/>
  </properties>
  <testcase name="testWatchForCommitWithKeyWrite" classname="org.apache.hadoop.ozone.client.rpc.TestWatchForCommit" time="78.608"/>
  <testcase name="testWatchForCommitWithSmallerTimeoutValue" classname="org.apache.hadoop.ozone.client.rpc.TestWatchForCommit" time="43.15"/>
  <testcase name="testWatchForCommitForRetryfailure" classname="org.apache.hadoop.ozone.client.rpc.TestWatchForCommit" time="73.351"/>
  <testcase name="testWatchForCommitForGroupMismatchException" classname="org.apache.hadoop.ozone.client.rpc.TestWatchForCommit" time="39.831"/>
  <testcase name="test2WayCommitForTimeoutException" classname="org.apache.hadoop.ozone.client.rpc.TestWatchForCommit" time="22.536">
    <error type="java.util.concurrent.TimeoutException">java.util.concurrent.TimeoutException
	at java.util.concurrent.CompletableFuture.timedGet(CompletableFuture.java:1771)
	at java.util.concurrent.CompletableFuture.get(CompletableFuture.java:1915)
	at org.apache.hadoop.hdds.scm.XceiverClientRatis.watchForCommit(XceiverClientRatis.java:298)
	at org.apache.hadoop.ozone.client.rpc.TestWatchForCommit.test2WayCommitForTimeoutException(TestWatchForCommit.java:391)
	at sun.reflect.NativeMethodAccessorImpl.invoke0(Native Method)
	at sun.reflect.NativeMethodAccessorImpl.invoke(NativeMethodAccessorImpl.java:62)
	at sun.reflect.DelegatingMethodAccessorImpl.invoke(DelegatingMethodAccessorImpl.java:43)
	at java.lang.reflect.Method.invoke(Method.java:498)
	at org.junit.runners.model.FrameworkMethod$1.runReflectiveCall(FrameworkMethod.java:47)
	at org.junit.internal.runners.model.ReflectiveCallable.run(ReflectiveCallable.java:12)
	at org.junit.runners.model.FrameworkMethod.invokeExplosively(FrameworkMethod.java:44)
	at org.junit.internal.runners.statements.InvokeMethod.evaluate(InvokeMethod.java:17)
	at org.junit.runners.ParentRunner.runLeaf(ParentRunner.java:271)
	at org.junit.runners.BlockJUnit4ClassRunner.runChild(BlockJUnit4ClassRunner.java:70)
	at org.junit.runners.BlockJUnit4ClassRunner.runChild(BlockJUnit4ClassRunner.java:50)
	at org.junit.runners.ParentRunner$3.run(ParentRunner.java:238)
	at org.junit.runners.ParentRunner$1.schedule(ParentRunner.java:63)
	at org.junit.runners.ParentRunner.runChildren(ParentRunner.java:236)
	at org.junit.runners.ParentRunner.access$000(ParentRunner.java:53)
	at org.junit.runners.ParentRunner$2.evaluate(ParentRunner.java:229)
	at org.junit.runners.ParentRunner.run(ParentRunner.java:309)
	at org.apache.maven.surefire.junit4.JUnit4Provider.execute(JUnit4Provider.java:365)
	at org.apache.maven.surefire.junit4.JUnit4Provider.executeWithRerun(JUnit4Provider.java:273)
	at org.apache.maven.surefire.junit4.JUnit4Provider.executeTestSet(JUnit4Provider.java:238)
	at org.apache.maven.surefire.junit4.JUnit4Provider.invoke(JUnit4Provider.java:159)
	at org.apache.maven.surefire.booter.ForkedBooter.invokeProviderInSameClassLoader(ForkedBooter.java:384)
	at org.apache.maven.surefire.booter.ForkedBooter.runSuitesInProcess(ForkedBooter.java:345)
	at org.apache.maven.surefire.booter.ForkedBooter.execute(ForkedBooter.java:126)
	at org.apache.maven.surefire.booter.ForkedBooter.main(ForkedBooter.java:418)
</error>
    <system-out><![CDATA[2019-10-02 20:19:41,336 [main] WARN  server.ServerUtils (ServerUtils.java:getScmDbDir(145)) - ozone.scm.db.dirs is not configured. We recommend adding this setting. Falling back to ozone.metadata.dirs instead.
2019-10-02 20:19:41,351 [main] WARN  server.ServerUtils (ServerUtils.java:getScmDbDir(145)) - ozone.scm.db.dirs is not configured. We recommend adding this setting. Falling back to ozone.metadata.dirs instead.
2019-10-02 20:19:41,351 [main] WARN  server.ServerUtils (ServerUtils.java:getScmDbDir(145)) - ozone.scm.db.dirs is not configured. We recommend adding this setting. Falling back to ozone.metadata.dirs instead.
2019-10-02 20:19:41,352 [main] INFO  db.DBStoreBuilder (DBStoreBuilder.java:addTable(110)) - using custom profile for table: deletedBlocks
2019-10-02 20:19:41,353 [main] INFO  db.DBStoreBuilder (DBStoreBuilder.java:processTables(161)) - Using default column profile:DBProfile.DISK for Table:deletedBlocks
2019-10-02 20:19:41,353 [main] INFO  db.DBStoreBuilder (DBStoreBuilder.java:addTable(110)) - using custom profile for table: validCerts
2019-10-02 20:19:41,353 [main] INFO  db.DBStoreBuilder (DBStoreBuilder.java:processTables(161)) - Using default column profile:DBProfile.DISK for Table:validCerts
2019-10-02 20:19:41,353 [main] INFO  db.DBStoreBuilder (DBStoreBuilder.java:addTable(110)) - using custom profile for table: revokedCerts
2019-10-02 20:19:41,353 [main] INFO  db.DBStoreBuilder (DBStoreBuilder.java:processTables(161)) - Using default column profile:DBProfile.DISK for Table:revokedCerts
2019-10-02 20:19:41,354 [main] INFO  db.DBStoreBuilder (DBStoreBuilder.java:addTable(110)) - using custom profile for table: default
2019-10-02 20:19:41,354 [main] INFO  db.DBStoreBuilder (DBStoreBuilder.java:processTables(167)) - Using default column profile:DBProfile.DISK for Table:default
2019-10-02 20:19:41,354 [main] INFO  db.DBStoreBuilder (DBStoreBuilder.java:getDbProfile(198)) - Using default options. DBProfile.DISK
2019-10-02 20:19:41,563 [main] INFO  net.NodeSchemaLoader (NodeSchemaLoader.java:loadSchemaFromFile(125)) - Loading file from sun.misc.CompoundEnumeration@491f8831
2019-10-02 20:19:41,563 [main] INFO  net.NodeSchemaLoader (NodeSchemaLoader.java:loadSchema(171)) - Loading network topology layer schema file
2019-10-02 20:19:41,570 [main] WARN  server.ServerUtils (ServerUtils.java:sanitizeUserArgs(70)) - ozone.scm.stale.node.interval value = 300000 is larger than max = 100000 based on the key value of ozone.scm.heartbeat.thread.interval, reset to the max value 100000.
2019-10-02 20:19:41,570 [main] WARN  server.ServerUtils (ServerUtils.java:sanitizeUserArgs(70)) - ozone.scm.stale.node.interval value = 300000 is larger than max = 100000 based on the key value of ozone.scm.heartbeat.thread.interval, reset to the max value 100000.
2019-10-02 20:19:41,570 [main] INFO  node.SCMNodeManager (SCMNodeManager.java:<init>(114)) - Entering startup safe mode.
2019-10-02 20:19:41,571 [main] INFO  algorithms.ContainerPlacementPolicyFactory (ContainerPlacementPolicyFactory.java:getPolicy(57)) - Create container placement policy of type org.apache.hadoop.hdds.scm.container.placement.algorithms.SCMContainerPlacementRandom
2019-10-02 20:19:41,572 [main] WARN  server.ServerUtils (ServerUtils.java:getScmDbDir(145)) - ozone.scm.db.dirs is not configured. We recommend adding this setting. Falling back to ozone.metadata.dirs instead.
2019-10-02 20:19:41,683 [main] INFO  pipeline.SCMPipelineManager (SCMPipelineManager.java:initializePipelineState(132)) - No pipeline exists in current db
2019-10-02 20:19:41,683 [main] WARN  server.ServerUtils (ServerUtils.java:getScmDbDir(145)) - ozone.scm.db.dirs is not configured. We recommend adding this setting. Falling back to ozone.metadata.dirs instead.
2019-10-02 20:19:41,748 [main] WARN  events.EventQueue (EventQueue.java:fireEvent(183)) - No event handler registered for event TypedEvent{payloadType=SafeModeStatus, name='SafeModeStatus'}
2019-10-02 20:19:41,749 [main] INFO  ipc.CallQueueManager (CallQueueManager.java:<init>(84)) - Using callQueue: class java.util.concurrent.LinkedBlockingQueue, queueCapacity: 2000, scheduler: class org.apache.hadoop.ipc.DefaultRpcScheduler, ipcBackoff: false.
2019-10-02 20:19:41,750 [Socket Reader #1 for port 43750] INFO  ipc.Server (Server.java:run(1074)) - Starting Socket Reader #1 for port 43750
2019-10-02 20:19:41,753 [main] INFO  ipc.CallQueueManager (CallQueueManager.java:<init>(84)) - Using callQueue: class java.util.concurrent.LinkedBlockingQueue, queueCapacity: 2000, scheduler: class org.apache.hadoop.ipc.DefaultRpcScheduler, ipcBackoff: false.
2019-10-02 20:19:41,754 [Socket Reader #1 for port 40469] INFO  ipc.Server (Server.java:run(1074)) - Starting Socket Reader #1 for port 40469
2019-10-02 20:19:41,756 [main] INFO  ipc.CallQueueManager (CallQueueManager.java:<init>(84)) - Using callQueue: class java.util.concurrent.LinkedBlockingQueue, queueCapacity: 2000, scheduler: class org.apache.hadoop.ipc.DefaultRpcScheduler, ipcBackoff: false.
2019-10-02 20:19:41,756 [Socket Reader #1 for port 39160] INFO  ipc.Server (Server.java:run(1074)) - Starting Socket Reader #1 for port 39160
2019-10-02 20:19:41,759 [main] INFO  hdfs.DFSUtil (DFSUtil.java:httpServerTemplateForNNAndJN(1641)) - Starting Web-server for scm at: http://0.0.0.0:0
2019-10-02 20:19:41,761 [main] INFO  server.AuthenticationFilter (AuthenticationFilter.java:constructSecretProvider(240)) - Unable to initialize FileSignerSecretProvider, falling back to use random secrets.
2019-10-02 20:19:41,761 [main] WARN  http.HttpRequestLog (HttpRequestLog.java:getRequestLog(97)) - Jetty request log can only be enabled using Log4j
2019-10-02 20:19:41,763 [main] INFO  http.HttpServer2 (HttpServer2.java:addGlobalFilter(975)) - Added global filter 'safety' (class=org.apache.hadoop.http.HttpServer2$QuotingInputFilter)
2019-10-02 20:19:41,763 [main] INFO  http.HttpServer2 (HttpServer2.java:addFilter(948)) - Added filter static_user_filter (class=org.apache.hadoop.http.lib.StaticUserWebFilter$StaticUserFilter) to context scm
2019-10-02 20:19:41,763 [main] INFO  http.HttpServer2 (HttpServer2.java:addFilter(958)) - Added filter static_user_filter (class=org.apache.hadoop.http.lib.StaticUserWebFilter$StaticUserFilter) to context logs
2019-10-02 20:19:41,764 [main] INFO  http.HttpServer2 (HttpServer2.java:addFilter(958)) - Added filter static_user_filter (class=org.apache.hadoop.http.lib.StaticUserWebFilter$StaticUserFilter) to context static
2019-10-02 20:19:41,765 [main] INFO  server.StorageContainerManager (StorageContainerManager.java:start(770)) - StorageContainerLocationProtocol RPC server is listening at /0.0.0.0:39160
2019-10-02 20:19:41,768 [main] WARN  impl.MetricsConfig (MetricsConfig.java:loadFirst(134)) - Cannot locate configuration: tried hadoop-metrics2-storagecontainermanager.properties,hadoop-metrics2.properties
2019-10-02 20:19:41,769 [main] INFO  impl.MetricsSystemImpl (MetricsSystemImpl.java:startTimer(374)) - Scheduled Metric snapshot period at 10 second(s).
2019-10-02 20:19:41,769 [main] INFO  impl.MetricsSystemImpl (MetricsSystemImpl.java:start(191)) - StorageContainerManager metrics system started
2019-10-02 20:19:41,840 [main] WARN  impl.MetricsSystemImpl (MetricsSystemImpl.java:register(276)) - Sink prometheus already exists!
2019-10-02 20:19:41,944 [main] INFO  server.SCMClientProtocolServer (SCMClientProtocolServer.java:start(150)) - RPC server for Client  is listening at /0.0.0.0:39160
2019-10-02 20:19:41,945 [IPC Server Responder] INFO  ipc.Server (Server.java:run(1314)) - IPC Server Responder: starting
2019-10-02 20:19:41,945 [IPC Server listener on 39160] INFO  ipc.Server (Server.java:run(1153)) - IPC Server listener on 39160: starting
2019-10-02 20:19:41,952 [main] INFO  server.StorageContainerManager (StorageContainerManager.java:start(780)) - ScmBlockLocationProtocol RPC server is listening at /0.0.0.0:40469
2019-10-02 20:19:41,952 [main] INFO  server.SCMBlockProtocolServer (SCMBlockProtocolServer.java:start(146)) - RPC server for Block Protocol is listening at /0.0.0.0:40469
2019-10-02 20:19:41,952 [IPC Server listener on 40469] INFO  ipc.Server (Server.java:run(1153)) - IPC Server listener on 40469: starting
2019-10-02 20:19:41,952 [IPC Server Responder] INFO  ipc.Server (Server.java:run(1314)) - IPC Server Responder: starting
2019-10-02 20:19:41,956 [main] INFO  server.StorageContainerManager (StorageContainerManager.java:start(784)) - ScmDatanodeProtocl RPC server is listening at /0.0.0.0:43750
2019-10-02 20:19:41,956 [main] INFO  server.SCMDatanodeProtocolServer (SCMDatanodeProtocolServer.java:start(191)) - RPC server for DataNodes is listening at /0.0.0.0:43750
2019-10-02 20:19:41,956 [IPC Server Responder] INFO  ipc.Server (Server.java:run(1314)) - IPC Server Responder: starting
2019-10-02 20:19:41,957 [IPC Server listener on 43750] INFO  ipc.Server (Server.java:run(1153)) - IPC Server listener on 43750: starting
2019-10-02 20:19:41,960 [main] INFO  http.HttpServer2 (HttpServer2.java:bindListener(1191)) - Jetty bound to port 35209
2019-10-02 20:19:41,960 [main] INFO  server.Server (Server.java:doStart(351)) - jetty-9.3.25.v20180904, build timestamp: 2018-09-04T21:11:46Z, git hash: 3ce520221d0240229c862b122d2b06c12a625732
2019-10-02 20:19:41,961 [main] INFO  handler.ContextHandler (ContextHandler.java:doStart(781)) - Started o.e.j.s.ServletContextHandler@5d71b500{/logs,file:///workdir/hadoop-ozone/integration-test/target/log,AVAILABLE}
2019-10-02 20:19:41,962 [main] INFO  handler.ContextHandler (ContextHandler.java:doStart(781)) - Started o.e.j.s.ServletContextHandler@626b639e{/static,file:///workdir/hadoop-ozone/integration-test/target/test-classes/webapps/static,AVAILABLE}
2019-10-02 20:19:41,965 [main] INFO  handler.ContextHandler (ContextHandler.java:doStart(781)) - Started o.e.j.w.WebAppContext@bb3ecfe{/,file:///workdir/hadoop-ozone/integration-test/target/test-classes/webapps/scm/,AVAILABLE}{/scm}
2019-10-02 20:19:41,966 [main] INFO  server.AbstractConnector (AbstractConnector.java:doStart(278)) - Started ServerConnector@5ec88f9e{HTTP/1.1,[http/1.1]}{0.0.0.0:35209}
2019-10-02 20:19:41,967 [main] INFO  server.Server (Server.java:doStart(419)) - Started @236049ms
2019-10-02 20:19:41,967 [main] WARN  impl.MetricsSystemImpl (MetricsSystemImpl.java:register(276)) - Sink prometheus already exists!
2019-10-02 20:19:41,968 [main] INFO  server.BaseHttpServer (BaseHttpServer.java:updateConnectorAddress(215)) - HTTP server of SCM is listening at http://0.0.0.0:35209
2019-10-02 20:19:41,968 [main] WARN  server.ServerUtils (ServerUtils.java:getDBPath(222)) - ozone.om.db.dirs is not configured. We recommend adding this setting. Falling back to ozone.metadata.dirs instead.
2019-10-02 20:19:41,968 [org.apache.hadoop.util.JvmPauseMonitor$Monitor@3b11620a] INFO  util.JvmPauseMonitor (JvmPauseMonitor.java:run(188)) - Starting JVM pause monitor
2019-10-02 20:19:41,983 [main] WARN  server.ServerUtils (ServerUtils.java:getDBPath(222)) - ozone.om.db.dirs is not configured. We recommend adding this setting. Falling back to ozone.metadata.dirs instead.
2019-10-02 20:19:41,983 [main] WARN  server.ServerUtils (ServerUtils.java:getDBPath(222)) - ozone.om.db.dirs is not configured. We recommend adding this setting. Falling back to ozone.metadata.dirs instead.
2019-10-02 20:19:41,983 [main] INFO  om.OzoneManager (OzoneManager.java:setOMNodeDetails(652)) - OM Service ID is not set. Setting it to the default ID: omServiceIdDefault
2019-10-02 20:19:41,983 [main] INFO  om.OzoneManager (OzoneManager.java:setOMNodeDetails(658)) - OM Node ID is not set. Setting it to the OmStorage's OmID: 0b9e1243-9c80-4d65-84ae-bb62d3e0c000
2019-10-02 20:19:41,984 [main] INFO  om.OzoneManager (OzoneManager.java:loadOMHAConfigs(609)) - Found matching OM address with OMServiceId: null, OMNodeId: null, RPC Address: localhost:0 and Ratis port: 9872
2019-10-02 20:19:41,990 [main] WARN  server.ServerUtils (ServerUtils.java:getDBPath(222)) - ozone.om.db.dirs is not configured. We recommend adding this setting. Falling back to ozone.metadata.dirs instead.
2019-10-02 20:19:41,990 [main] INFO  db.DBStoreBuilder (DBStoreBuilder.java:addTable(110)) - using custom profile for table: userTable
2019-10-02 20:19:41,991 [main] INFO  db.DBStoreBuilder (DBStoreBuilder.java:processTables(161)) - Using default column profile:DBProfile.DISK for Table:userTable
2019-10-02 20:19:41,991 [main] INFO  db.DBStoreBuilder (DBStoreBuilder.java:addTable(110)) - using custom profile for table: volumeTable
2019-10-02 20:19:41,991 [main] INFO  db.DBStoreBuilder (DBStoreBuilder.java:processTables(161)) - Using default column profile:DBProfile.DISK for Table:volumeTable
2019-10-02 20:19:41,991 [main] INFO  db.DBStoreBuilder (DBStoreBuilder.java:addTable(110)) - using custom profile for table: bucketTable
2019-10-02 20:19:41,991 [main] INFO  db.DBStoreBuilder (DBStoreBuilder.java:processTables(161)) - Using default column profile:DBProfile.DISK for Table:bucketTable
2019-10-02 20:19:41,992 [main] INFO  db.DBStoreBuilder (DBStoreBuilder.java:addTable(110)) - using custom profile for table: keyTable
2019-10-02 20:19:41,992 [main] INFO  db.DBStoreBuilder (DBStoreBuilder.java:processTables(161)) - Using default column profile:DBProfile.DISK for Table:keyTable
2019-10-02 20:19:41,992 [main] INFO  db.DBStoreBuilder (DBStoreBuilder.java:addTable(110)) - using custom profile for table: deletedTable
2019-10-02 20:19:41,992 [main] INFO  db.DBStoreBuilder (DBStoreBuilder.java:processTables(161)) - Using default column profile:DBProfile.DISK for Table:deletedTable
2019-10-02 20:19:41,992 [main] INFO  db.DBStoreBuilder (DBStoreBuilder.java:addTable(110)) - using custom profile for table: openKeyTable
2019-10-02 20:19:41,992 [main] INFO  db.DBStoreBuilder (DBStoreBuilder.java:processTables(161)) - Using default column profile:DBProfile.DISK for Table:openKeyTable
2019-10-02 20:19:41,993 [main] INFO  db.DBStoreBuilder (DBStoreBuilder.java:addTable(110)) - using custom profile for table: s3Table
2019-10-02 20:19:41,993 [main] INFO  db.DBStoreBuilder (DBStoreBuilder.java:processTables(161)) - Using default column profile:DBProfile.DISK for Table:s3Table
2019-10-02 20:19:41,993 [main] INFO  db.DBStoreBuilder (DBStoreBuilder.java:addTable(110)) - using custom profile for table: multipartInfoTable
2019-10-02 20:19:41,993 [main] INFO  db.DBStoreBuilder (DBStoreBuilder.java:processTables(161)) - Using default column profile:DBProfile.DISK for Table:multipartInfoTable
2019-10-02 20:19:41,993 [main] INFO  db.DBStoreBuilder (DBStoreBuilder.java:addTable(110)) - using custom profile for table: dTokenTable
2019-10-02 20:19:41,993 [main] INFO  db.DBStoreBuilder (DBStoreBuilder.java:processTables(161)) - Using default column profile:DBProfile.DISK for Table:dTokenTable
2019-10-02 20:19:41,994 [main] INFO  db.DBStoreBuilder (DBStoreBuilder.java:addTable(110)) - using custom profile for table: s3SecretTable
2019-10-02 20:19:41,994 [main] INFO  db.DBStoreBuilder (DBStoreBuilder.java:processTables(161)) - Using default column profile:DBProfile.DISK for Table:s3SecretTable
2019-10-02 20:19:41,994 [main] INFO  db.DBStoreBuilder (DBStoreBuilder.java:addTable(110)) - using custom profile for table: prefixTable
2019-10-02 20:19:41,994 [main] INFO  db.DBStoreBuilder (DBStoreBuilder.java:processTables(161)) - Using default column profile:DBProfile.DISK for Table:prefixTable
2019-10-02 20:19:41,994 [main] INFO  db.DBStoreBuilder (DBStoreBuilder.java:addTable(110)) - using custom profile for table: default
2019-10-02 20:19:41,994 [main] INFO  db.DBStoreBuilder (DBStoreBuilder.java:processTables(167)) - Using default column profile:DBProfile.DISK for Table:default
2019-10-02 20:19:41,995 [main] INFO  db.DBStoreBuilder (DBStoreBuilder.java:getDbProfile(198)) - Using default options. DBProfile.DISK
2019-10-02 20:19:42,646 [main] INFO  ipc.CallQueueManager (CallQueueManager.java:<init>(84)) - Using callQueue: class java.util.concurrent.LinkedBlockingQueue, queueCapacity: 2000, scheduler: class org.apache.hadoop.ipc.DefaultRpcScheduler, ipcBackoff: false.
2019-10-02 20:19:42,647 [Socket Reader #1 for port 35193] INFO  ipc.Server (Server.java:run(1074)) - Starting Socket Reader #1 for port 35193
2019-10-02 20:19:42,662 [main] INFO  om.OzoneManager (OzoneManager.java:start(1243)) - OzoneManager RPC server is listening at localhost/127.0.0.1:35193
2019-10-02 20:19:42,662 [main] INFO  impl.MetricsSystemImpl (MetricsSystemImpl.java:init(158)) - OzoneManager metrics system started (again)
2019-10-02 20:19:42,663 [IPC Server Responder] INFO  ipc.Server (Server.java:run(1314)) - IPC Server Responder: starting
2019-10-02 20:19:42,665 [IPC Server listener on 35193] INFO  ipc.Server (Server.java:run(1153)) - IPC Server listener on 35193: starting
2019-10-02 20:19:42,671 [main] INFO  hdfs.DFSUtil (DFSUtil.java:httpServerTemplateForNNAndJN(1641)) - Starting Web-server for ozoneManager at: http://0.0.0.0:0
2019-10-02 20:19:42,672 [main] INFO  server.AuthenticationFilter (AuthenticationFilter.java:constructSecretProvider(240)) - Unable to initialize FileSignerSecretProvider, falling back to use random secrets.
2019-10-02 20:19:42,672 [main] WARN  http.HttpRequestLog (HttpRequestLog.java:getRequestLog(97)) - Jetty request log can only be enabled using Log4j
2019-10-02 20:19:42,674 [main] INFO  http.HttpServer2 (HttpServer2.java:addGlobalFilter(975)) - Added global filter 'safety' (class=org.apache.hadoop.http.HttpServer2$QuotingInputFilter)
2019-10-02 20:19:42,675 [main] INFO  http.HttpServer2 (HttpServer2.java:addFilter(948)) - Added filter static_user_filter (class=org.apache.hadoop.http.lib.StaticUserWebFilter$StaticUserFilter) to context ozoneManager
2019-10-02 20:19:42,675 [main] INFO  http.HttpServer2 (HttpServer2.java:addFilter(958)) - Added filter static_user_filter (class=org.apache.hadoop.http.lib.StaticUserWebFilter$StaticUserFilter) to context static
2019-10-02 20:19:42,675 [main] INFO  http.HttpServer2 (HttpServer2.java:addFilter(958)) - Added filter static_user_filter (class=org.apache.hadoop.http.lib.StaticUserWebFilter$StaticUserFilter) to context logs
2019-10-02 20:19:42,676 [main] INFO  http.HttpServer2 (HttpServer2.java:bindListener(1191)) - Jetty bound to port 39158
2019-10-02 20:19:42,676 [main] INFO  server.Server (Server.java:doStart(351)) - jetty-9.3.25.v20180904, build timestamp: 2018-09-04T21:11:46Z, git hash: 3ce520221d0240229c862b122d2b06c12a625732
2019-10-02 20:19:42,677 [main] INFO  handler.ContextHandler (ContextHandler.java:doStart(781)) - Started o.e.j.s.ServletContextHandler@1e3f86d5{/logs,file:///workdir/hadoop-ozone/integration-test/target/log,AVAILABLE}
2019-10-02 20:19:42,678 [main] INFO  handler.ContextHandler (ContextHandler.java:doStart(781)) - Started o.e.j.s.ServletContextHandler@4b9c411{/static,file:///workdir/hadoop-ozone/integration-test/target/test-classes/webapps/static,AVAILABLE}
2019-10-02 20:19:42,682 [main] INFO  handler.ContextHandler (ContextHandler.java:doStart(781)) - Started o.e.j.w.WebAppContext@604d28c6{/,file:///workdir/hadoop-ozone/integration-test/target/test-classes/webapps/ozoneManager/,AVAILABLE}{/ozoneManager}
2019-10-02 20:19:42,682 [main] INFO  server.AbstractConnector (AbstractConnector.java:doStart(278)) - Started ServerConnector@7f3c0399{HTTP/1.1,[http/1.1]}{0.0.0.0:39158}
2019-10-02 20:19:42,684 [main] INFO  server.Server (Server.java:doStart(419)) - Started @236767ms
2019-10-02 20:19:42,684 [main] WARN  impl.MetricsSystemImpl (MetricsSystemImpl.java:register(276)) - Sink prometheus already exists!
2019-10-02 20:19:42,685 [main] INFO  server.BaseHttpServer (BaseHttpServer.java:updateConnectorAddress(215)) - HTTP server of OZONEMANAGER is listening at http://0.0.0.0:39158
2019-10-02 20:19:42,698 [main] INFO  impl.MetricsSystemImpl (MetricsSystemImpl.java:init(158)) - HddsDatanode metrics system started (again)
2019-10-02 20:19:42,701 [main] INFO  ozone.HddsDatanodeService (HddsDatanodeService.java:start(184)) - HddsDatanodeService host:pr-hdds-2223-zp5j9-3680597336 ip:192.168.157.242
2019-10-02 20:19:42,708 [main] INFO  volume.HddsVolume (HddsVolume.java:<init>(176)) - Creating Volume: /workdir/hadoop-ozone/integration-test/target/test-dir/MiniOzoneClusterImpl-8710202a-694f-4f87-8fa9-db9181168db2/datanode-0/data/containers/hdds of  storage type : DISK and capacity : 1482555576320
2019-10-02 20:19:42,708 [main] INFO  volume.VolumeSet (VolumeSet.java:initializeVolumeSet(170)) - Added Volume : /workdir/hadoop-ozone/integration-test/target/test-dir/MiniOzoneClusterImpl-8710202a-694f-4f87-8fa9-db9181168db2/datanode-0/data/containers/hdds to VolumeSet
2019-10-02 20:19:42,709 [main] INFO  volume.ThrottledAsyncChecker (ThrottledAsyncChecker.java:schedule(139)) - Scheduling a check for org.apache.hadoop.ozone.container.common.volume.HddsVolume@1e40fbb3
2019-10-02 20:19:42,709 [main] INFO  volume.HddsVolumeChecker (HddsVolumeChecker.java:checkAllVolumes(202)) - Scheduled health check for volume org.apache.hadoop.ozone.container.common.volume.HddsVolume@1e40fbb3
2019-10-02 20:19:42,725 [main] INFO  impl.RaftServerProxy (ConfUtils.java:logGet(43)) - raft.rpc.type = GRPC (default)
2019-10-02 20:19:42,726 [main] INFO  grpc.GrpcFactory (GrpcFactory.java:checkPooledByteBufAllocatorUseCacheForAllThreads(45)) - PERFORMANCE WARNING: useCacheForAllThreads is true that may cause Netty to create a lot garbage objects and, as a result, trigger GC.
	It is recommended to disable useCacheForAllThreads by setting -Dorg.apache.ratis.thirdparty.io.netty.allocator.useCacheForAllThreads=false in command line.
2019-10-02 20:19:42,726 [main] INFO  grpc.GrpcConfigKeys$Server (ConfUtils.java:logGet(43)) - raft.grpc.server.port = 0 (default)
2019-10-02 20:19:42,726 [main] INFO  server.GrpcService (ConfUtils.java:logGet(43)) - raft.grpc.message.size.max = 33570816 (custom)
2019-10-02 20:19:42,727 [main] INFO  server.RaftServerConfigKeys (ConfUtils.java:logGet(43)) - raft.server.log.appender.buffer.byte-limit = 33554432 (custom)
2019-10-02 20:19:42,727 [main] INFO  server.GrpcService (ConfUtils.java:logGet(43)) - raft.grpc.flow.control.window = 1MB (=1048576) (default)
2019-10-02 20:19:42,727 [main] INFO  server.RaftServerConfigKeys (ConfUtils.java:logGet(43)) - raft.server.rpc.request.timeout = 3000ms (default)
2019-10-02 20:19:42,728 [main] INFO  server.RaftServerConfigKeys (ConfUtils.java:logGet(43)) - raft.server.storage.dir = [/workdir/hadoop-ozone/integration-test/target/test-dir/MiniOzoneClusterImpl-8710202a-694f-4f87-8fa9-db9181168db2/datanode-0/data/ratis] (custom)
2019-10-02 20:19:42,729 [main] INFO  hdfs.DFSUtil (DFSUtil.java:httpServerTemplateForNNAndJN(1641)) - Starting Web-server for hddsDatanode at: http://0.0.0.0:0
2019-10-02 20:19:42,731 [main] INFO  server.AuthenticationFilter (AuthenticationFilter.java:constructSecretProvider(240)) - Unable to initialize FileSignerSecretProvider, falling back to use random secrets.
2019-10-02 20:19:42,731 [main] WARN  http.HttpRequestLog (HttpRequestLog.java:getRequestLog(97)) - Jetty request log can only be enabled using Log4j
2019-10-02 20:19:42,732 [main] INFO  http.HttpServer2 (HttpServer2.java:addGlobalFilter(975)) - Added global filter 'safety' (class=org.apache.hadoop.http.HttpServer2$QuotingInputFilter)
2019-10-02 20:19:42,733 [main] INFO  http.HttpServer2 (HttpServer2.java:addFilter(948)) - Added filter static_user_filter (class=org.apache.hadoop.http.lib.StaticUserWebFilter$StaticUserFilter) to context hddsDatanode
2019-10-02 20:19:42,733 [main] INFO  http.HttpServer2 (HttpServer2.java:addFilter(958)) - Added filter static_user_filter (class=org.apache.hadoop.http.lib.StaticUserWebFilter$StaticUserFilter) to context static
2019-10-02 20:19:42,733 [main] INFO  http.HttpServer2 (HttpServer2.java:addFilter(958)) - Added filter static_user_filter (class=org.apache.hadoop.http.lib.StaticUserWebFilter$StaticUserFilter) to context logs
2019-10-02 20:19:42,734 [main] INFO  http.HttpServer2 (HttpServer2.java:bindListener(1191)) - Jetty bound to port 40554
2019-10-02 20:19:42,734 [main] INFO  server.Server (Server.java:doStart(351)) - jetty-9.3.25.v20180904, build timestamp: 2018-09-04T21:11:46Z, git hash: 3ce520221d0240229c862b122d2b06c12a625732
2019-10-02 20:19:42,736 [main] INFO  handler.ContextHandler (ContextHandler.java:doStart(781)) - Started o.e.j.s.ServletContextHandler@585513a8{/logs,file:///workdir/hadoop-ozone/integration-test/target/log,AVAILABLE}
2019-10-02 20:19:42,736 [main] INFO  handler.ContextHandler (ContextHandler.java:doStart(781)) - Started o.e.j.s.ServletContextHandler@30f28b5{/static,jar:file:/home/user/.m2/repository/org/apache/hadoop/hadoop-hdds-container-service/0.5.0-SNAPSHOT/hadoop-hdds-container-service-0.5.0-SNAPSHOT.jar!/webapps/static,AVAILABLE}
2019-10-02 20:19:42,767 [main] INFO  handler.ContextHandler (ContextHandler.java:doStart(781)) - Started o.e.j.w.WebAppContext@2a8dd942{/,file:///tmp/jetty-0.0.0.0-40554-hddsDatanode-_-any-1205165626534433615.dir/webapp/,AVAILABLE}{/hddsDatanode}
2019-10-02 20:19:42,768 [main] INFO  server.AbstractConnector (AbstractConnector.java:doStart(278)) - Started ServerConnector@2322e56f{HTTP/1.1,[http/1.1]}{0.0.0.0:40554}
2019-10-02 20:19:42,769 [main] INFO  server.Server (Server.java:doStart(419)) - Started @236851ms
2019-10-02 20:19:42,769 [main] WARN  impl.MetricsSystemImpl (MetricsSystemImpl.java:register(276)) - Sink prometheus already exists!
2019-10-02 20:19:42,770 [main] INFO  server.BaseHttpServer (BaseHttpServer.java:updateConnectorAddress(215)) - HTTP server of HDDSDATANODE is listening at http://0.0.0.0:40554
2019-10-02 20:19:42,770 [main] INFO  impl.MetricsSystemImpl (MetricsSystemImpl.java:init(158)) - HddsDatanode metrics system started (again)
2019-10-02 20:19:42,774 [org.apache.hadoop.util.JvmPauseMonitor$Monitor@4c713477] INFO  util.JvmPauseMonitor (JvmPauseMonitor.java:run(188)) - Starting JVM pause monitor
2019-10-02 20:19:42,774 [main] INFO  ozone.HddsDatanodeService (HddsDatanodeService.java:start(184)) - HddsDatanodeService host:pr-hdds-2223-zp5j9-3680597336 ip:192.168.157.242
2019-10-02 20:19:42,775 [Datanode State Machine Thread - 0] INFO  datanode.InitDatanodeState (InitDatanodeState.java:persistContainerDatanodeDetails(140)) - DatanodeDetails is persisted to /workdir/hadoop-ozone/integration-test/target/test-dir/MiniOzoneClusterImpl-8710202a-694f-4f87-8fa9-db9181168db2/datanode-0/meta/datanode.id
2019-10-02 20:19:42,779 [main] INFO  volume.HddsVolume (HddsVolume.java:<init>(176)) - Creating Volume: /workdir/hadoop-ozone/integration-test/target/test-dir/MiniOzoneClusterImpl-8710202a-694f-4f87-8fa9-db9181168db2/datanode-1/data/containers/hdds of  storage type : DISK and capacity : 1482555576320
2019-10-02 20:19:42,779 [main] INFO  volume.VolumeSet (VolumeSet.java:initializeVolumeSet(170)) - Added Volume : /workdir/hadoop-ozone/integration-test/target/test-dir/MiniOzoneClusterImpl-8710202a-694f-4f87-8fa9-db9181168db2/datanode-1/data/containers/hdds to VolumeSet
2019-10-02 20:19:42,780 [main] INFO  volume.ThrottledAsyncChecker (ThrottledAsyncChecker.java:schedule(139)) - Scheduling a check for org.apache.hadoop.ozone.container.common.volume.HddsVolume@526f6427
2019-10-02 20:19:42,780 [main] INFO  volume.HddsVolumeChecker (HddsVolumeChecker.java:checkAllVolumes(202)) - Scheduled health check for volume org.apache.hadoop.ozone.container.common.volume.HddsVolume@526f6427
2019-10-02 20:19:42,792 [main] INFO  impl.RaftServerProxy (ConfUtils.java:logGet(43)) - raft.rpc.type = GRPC (default)
2019-10-02 20:19:42,792 [main] INFO  grpc.GrpcFactory (GrpcFactory.java:checkPooledByteBufAllocatorUseCacheForAllThreads(45)) - PERFORMANCE WARNING: useCacheForAllThreads is true that may cause Netty to create a lot garbage objects and, as a result, trigger GC.
	It is recommended to disable useCacheForAllThreads by setting -Dorg.apache.ratis.thirdparty.io.netty.allocator.useCacheForAllThreads=false in command line.
2019-10-02 20:19:42,792 [main] INFO  grpc.GrpcConfigKeys$Server (ConfUtils.java:logGet(43)) - raft.grpc.server.port = 0 (default)
2019-10-02 20:19:42,793 [main] INFO  server.GrpcService (ConfUtils.java:logGet(43)) - raft.grpc.message.size.max = 33570816 (custom)
2019-10-02 20:19:42,793 [main] INFO  server.RaftServerConfigKeys (ConfUtils.java:logGet(43)) - raft.server.log.appender.buffer.byte-limit = 33554432 (custom)
2019-10-02 20:19:42,793 [main] INFO  server.GrpcService (ConfUtils.java:logGet(43)) - raft.grpc.flow.control.window = 1MB (=1048576) (default)
2019-10-02 20:19:42,793 [main] INFO  server.RaftServerConfigKeys (ConfUtils.java:logGet(43)) - raft.server.rpc.request.timeout = 3000ms (default)
2019-10-02 20:19:42,793 [main] INFO  server.RaftServerConfigKeys (ConfUtils.java:logGet(43)) - raft.server.storage.dir = [/workdir/hadoop-ozone/integration-test/target/test-dir/MiniOzoneClusterImpl-8710202a-694f-4f87-8fa9-db9181168db2/datanode-1/data/ratis] (custom)
2019-10-02 20:19:42,794 [main] INFO  hdfs.DFSUtil (DFSUtil.java:httpServerTemplateForNNAndJN(1641)) - Starting Web-server for hddsDatanode at: http://0.0.0.0:0
2019-10-02 20:19:42,795 [main] INFO  server.AuthenticationFilter (AuthenticationFilter.java:constructSecretProvider(240)) - Unable to initialize FileSignerSecretProvider, falling back to use random secrets.
2019-10-02 20:19:42,796 [main] WARN  http.HttpRequestLog (HttpRequestLog.java:getRequestLog(97)) - Jetty request log can only be enabled using Log4j
2019-10-02 20:19:42,797 [main] INFO  http.HttpServer2 (HttpServer2.java:addGlobalFilter(975)) - Added global filter 'safety' (class=org.apache.hadoop.http.HttpServer2$QuotingInputFilter)
2019-10-02 20:19:42,797 [main] INFO  http.HttpServer2 (HttpServer2.java:addFilter(948)) - Added filter static_user_filter (class=org.apache.hadoop.http.lib.StaticUserWebFilter$StaticUserFilter) to context hddsDatanode
2019-10-02 20:19:42,797 [main] INFO  http.HttpServer2 (HttpServer2.java:addFilter(958)) - Added filter static_user_filter (class=org.apache.hadoop.http.lib.StaticUserWebFilter$StaticUserFilter) to context static
2019-10-02 20:19:42,798 [main] INFO  http.HttpServer2 (HttpServer2.java:addFilter(958)) - Added filter static_user_filter (class=org.apache.hadoop.http.lib.StaticUserWebFilter$StaticUserFilter) to context logs
2019-10-02 20:19:42,798 [main] INFO  http.HttpServer2 (HttpServer2.java:bindListener(1191)) - Jetty bound to port 42384
2019-10-02 20:19:42,798 [main] INFO  server.Server (Server.java:doStart(351)) - jetty-9.3.25.v20180904, build timestamp: 2018-09-04T21:11:46Z, git hash: 3ce520221d0240229c862b122d2b06c12a625732
2019-10-02 20:19:42,799 [main] INFO  handler.ContextHandler (ContextHandler.java:doStart(781)) - Started o.e.j.s.ServletContextHandler@543fe698{/logs,file:///workdir/hadoop-ozone/integration-test/target/log,AVAILABLE}
2019-10-02 20:19:42,800 [main] INFO  handler.ContextHandler (ContextHandler.java:doStart(781)) - Started o.e.j.s.ServletContextHandler@2ca3d826{/static,jar:file:/home/user/.m2/repository/org/apache/hadoop/hadoop-hdds-container-service/0.5.0-SNAPSHOT/hadoop-hdds-container-service-0.5.0-SNAPSHOT.jar!/webapps/static,AVAILABLE}
2019-10-02 20:19:42,827 [main] INFO  handler.ContextHandler (ContextHandler.java:doStart(781)) - Started o.e.j.w.WebAppContext@496cc217{/,file:///tmp/jetty-0.0.0.0-42384-hddsDatanode-_-any-8814228736518894680.dir/webapp/,AVAILABLE}{/hddsDatanode}
2019-10-02 20:19:42,827 [main] INFO  server.AbstractConnector (AbstractConnector.java:doStart(278)) - Started ServerConnector@1a1c21b4{HTTP/1.1,[http/1.1]}{0.0.0.0:42384}
2019-10-02 20:19:42,828 [main] INFO  server.Server (Server.java:doStart(419)) - Started @236911ms
2019-10-02 20:19:42,828 [main] WARN  impl.MetricsSystemImpl (MetricsSystemImpl.java:register(276)) - Sink prometheus already exists!
2019-10-02 20:19:42,829 [main] INFO  server.BaseHttpServer (BaseHttpServer.java:updateConnectorAddress(215)) - HTTP server of HDDSDATANODE is listening at http://0.0.0.0:42384
2019-10-02 20:19:42,829 [main] INFO  impl.MetricsSystemImpl (MetricsSystemImpl.java:init(158)) - HddsDatanode metrics system started (again)
2019-10-02 20:19:42,833 [org.apache.hadoop.util.JvmPauseMonitor$Monitor@58f71584] INFO  util.JvmPauseMonitor (JvmPauseMonitor.java:run(188)) - Starting JVM pause monitor
2019-10-02 20:19:42,833 [main] INFO  ozone.HddsDatanodeService (HddsDatanodeService.java:start(184)) - HddsDatanodeService host:pr-hdds-2223-zp5j9-3680597336 ip:192.168.157.242
2019-10-02 20:19:42,834 [Datanode State Machine Thread - 0] INFO  datanode.InitDatanodeState (InitDatanodeState.java:persistContainerDatanodeDetails(140)) - DatanodeDetails is persisted to /workdir/hadoop-ozone/integration-test/target/test-dir/MiniOzoneClusterImpl-8710202a-694f-4f87-8fa9-db9181168db2/datanode-1/meta/datanode.id
2019-10-02 20:19:42,838 [main] INFO  volume.HddsVolume (HddsVolume.java:<init>(176)) - Creating Volume: /workdir/hadoop-ozone/integration-test/target/test-dir/MiniOzoneClusterImpl-8710202a-694f-4f87-8fa9-db9181168db2/datanode-2/data/containers/hdds of  storage type : DISK and capacity : 1482555576320
2019-10-02 20:19:42,839 [main] INFO  volume.VolumeSet (VolumeSet.java:initializeVolumeSet(170)) - Added Volume : /workdir/hadoop-ozone/integration-test/target/test-dir/MiniOzoneClusterImpl-8710202a-694f-4f87-8fa9-db9181168db2/datanode-2/data/containers/hdds to VolumeSet
2019-10-02 20:19:42,839 [main] INFO  volume.ThrottledAsyncChecker (ThrottledAsyncChecker.java:schedule(139)) - Scheduling a check for org.apache.hadoop.ozone.container.common.volume.HddsVolume@28be7fec
2019-10-02 20:19:42,839 [main] INFO  volume.HddsVolumeChecker (HddsVolumeChecker.java:checkAllVolumes(202)) - Scheduled health check for volume org.apache.hadoop.ozone.container.common.volume.HddsVolume@28be7fec
2019-10-02 20:19:42,851 [main] INFO  impl.RaftServerProxy (ConfUtils.java:logGet(43)) - raft.rpc.type = GRPC (default)
2019-10-02 20:19:42,851 [main] INFO  grpc.GrpcFactory (GrpcFactory.java:checkPooledByteBufAllocatorUseCacheForAllThreads(45)) - PERFORMANCE WARNING: useCacheForAllThreads is true that may cause Netty to create a lot garbage objects and, as a result, trigger GC.
	It is recommended to disable useCacheForAllThreads by setting -Dorg.apache.ratis.thirdparty.io.netty.allocator.useCacheForAllThreads=false in command line.
2019-10-02 20:19:42,851 [main] INFO  grpc.GrpcConfigKeys$Server (ConfUtils.java:logGet(43)) - raft.grpc.server.port = 0 (default)
2019-10-02 20:19:42,851 [main] INFO  server.GrpcService (ConfUtils.java:logGet(43)) - raft.grpc.message.size.max = 33570816 (custom)
2019-10-02 20:19:42,851 [main] INFO  server.RaftServerConfigKeys (ConfUtils.java:logGet(43)) - raft.server.log.appender.buffer.byte-limit = 33554432 (custom)
2019-10-02 20:19:42,852 [main] INFO  server.GrpcService (ConfUtils.java:logGet(43)) - raft.grpc.flow.control.window = 1MB (=1048576) (default)
2019-10-02 20:19:42,852 [main] INFO  server.RaftServerConfigKeys (ConfUtils.java:logGet(43)) - raft.server.rpc.request.timeout = 3000ms (default)
2019-10-02 20:19:42,852 [main] INFO  server.RaftServerConfigKeys (ConfUtils.java:logGet(43)) - raft.server.storage.dir = [/workdir/hadoop-ozone/integration-test/target/test-dir/MiniOzoneClusterImpl-8710202a-694f-4f87-8fa9-db9181168db2/datanode-2/data/ratis] (custom)
2019-10-02 20:19:42,853 [main] INFO  hdfs.DFSUtil (DFSUtil.java:httpServerTemplateForNNAndJN(1641)) - Starting Web-server for hddsDatanode at: http://0.0.0.0:0
2019-10-02 20:19:42,854 [main] INFO  server.AuthenticationFilter (AuthenticationFilter.java:constructSecretProvider(240)) - Unable to initialize FileSignerSecretProvider, falling back to use random secrets.
2019-10-02 20:19:42,854 [main] WARN  http.HttpRequestLog (HttpRequestLog.java:getRequestLog(97)) - Jetty request log can only be enabled using Log4j
2019-10-02 20:19:42,856 [main] INFO  http.HttpServer2 (HttpServer2.java:addGlobalFilter(975)) - Added global filter 'safety' (class=org.apache.hadoop.http.HttpServer2$QuotingInputFilter)
2019-10-02 20:19:42,856 [main] INFO  http.HttpServer2 (HttpServer2.java:addFilter(948)) - Added filter static_user_filter (class=org.apache.hadoop.http.lib.StaticUserWebFilter$StaticUserFilter) to context hddsDatanode
2019-10-02 20:19:42,856 [main] INFO  http.HttpServer2 (HttpServer2.java:addFilter(958)) - Added filter static_user_filter (class=org.apache.hadoop.http.lib.StaticUserWebFilter$StaticUserFilter) to context logs
2019-10-02 20:19:42,856 [main] INFO  http.HttpServer2 (HttpServer2.java:addFilter(958)) - Added filter static_user_filter (class=org.apache.hadoop.http.lib.StaticUserWebFilter$StaticUserFilter) to context static
2019-10-02 20:19:42,857 [main] INFO  http.HttpServer2 (HttpServer2.java:bindListener(1191)) - Jetty bound to port 40024
2019-10-02 20:19:42,857 [main] INFO  server.Server (Server.java:doStart(351)) - jetty-9.3.25.v20180904, build timestamp: 2018-09-04T21:11:46Z, git hash: 3ce520221d0240229c862b122d2b06c12a625732
2019-10-02 20:19:42,858 [main] INFO  handler.ContextHandler (ContextHandler.java:doStart(781)) - Started o.e.j.s.ServletContextHandler@578a5ce8{/logs,file:///workdir/hadoop-ozone/integration-test/target/log,AVAILABLE}
2019-10-02 20:19:42,859 [main] INFO  handler.ContextHandler (ContextHandler.java:doStart(781)) - Started o.e.j.s.ServletContextHandler@16cb9989{/static,jar:file:/home/user/.m2/repository/org/apache/hadoop/hadoop-hdds-container-service/0.5.0-SNAPSHOT/hadoop-hdds-container-service-0.5.0-SNAPSHOT.jar!/webapps/static,AVAILABLE}
2019-10-02 20:19:42,886 [main] INFO  handler.ContextHandler (ContextHandler.java:doStart(781)) - Started o.e.j.w.WebAppContext@46f73ffa{/,file:///tmp/jetty-0.0.0.0-40024-hddsDatanode-_-any-5489908877436536225.dir/webapp/,AVAILABLE}{/hddsDatanode}
2019-10-02 20:19:42,886 [main] INFO  server.AbstractConnector (AbstractConnector.java:doStart(278)) - Started ServerConnector@41aebbb4{HTTP/1.1,[http/1.1]}{0.0.0.0:40024}
2019-10-02 20:19:42,887 [main] INFO  server.Server (Server.java:doStart(419)) - Started @236969ms
2019-10-02 20:19:42,887 [main] WARN  impl.MetricsSystemImpl (MetricsSystemImpl.java:register(276)) - Sink prometheus already exists!
2019-10-02 20:19:42,889 [main] INFO  server.BaseHttpServer (BaseHttpServer.java:updateConnectorAddress(215)) - HTTP server of HDDSDATANODE is listening at http://0.0.0.0:40024
2019-10-02 20:19:42,889 [main] INFO  impl.MetricsSystemImpl (MetricsSystemImpl.java:init(158)) - HddsDatanode metrics system started (again)
2019-10-02 20:19:42,894 [org.apache.hadoop.util.JvmPauseMonitor$Monitor@23ebbf0b] INFO  util.JvmPauseMonitor (JvmPauseMonitor.java:run(188)) - Starting JVM pause monitor
2019-10-02 20:19:42,894 [main] INFO  ozone.HddsDatanodeService (HddsDatanodeService.java:start(184)) - HddsDatanodeService host:pr-hdds-2223-zp5j9-3680597336 ip:192.168.157.242
2019-10-02 20:19:42,895 [Datanode State Machine Thread - 0] INFO  datanode.InitDatanodeState (InitDatanodeState.java:persistContainerDatanodeDetails(140)) - DatanodeDetails is persisted to /workdir/hadoop-ozone/integration-test/target/test-dir/MiniOzoneClusterImpl-8710202a-694f-4f87-8fa9-db9181168db2/datanode-2/meta/datanode.id
2019-10-02 20:19:42,900 [main] INFO  volume.HddsVolume (HddsVolume.java:<init>(176)) - Creating Volume: /workdir/hadoop-ozone/integration-test/target/test-dir/MiniOzoneClusterImpl-8710202a-694f-4f87-8fa9-db9181168db2/datanode-3/data/containers/hdds of  storage type : DISK and capacity : 1482555576320
2019-10-02 20:19:42,900 [main] INFO  volume.VolumeSet (VolumeSet.java:initializeVolumeSet(170)) - Added Volume : /workdir/hadoop-ozone/integration-test/target/test-dir/MiniOzoneClusterImpl-8710202a-694f-4f87-8fa9-db9181168db2/datanode-3/data/containers/hdds to VolumeSet
2019-10-02 20:19:42,900 [main] INFO  volume.ThrottledAsyncChecker (ThrottledAsyncChecker.java:schedule(139)) - Scheduling a check for org.apache.hadoop.ozone.container.common.volume.HddsVolume@4ffced4e
2019-10-02 20:19:42,901 [main] INFO  volume.HddsVolumeChecker (HddsVolumeChecker.java:checkAllVolumes(202)) - Scheduled health check for volume org.apache.hadoop.ozone.container.common.volume.HddsVolume@4ffced4e
2019-10-02 20:19:42,914 [main] INFO  impl.RaftServerProxy (ConfUtils.java:logGet(43)) - raft.rpc.type = GRPC (default)
2019-10-02 20:19:42,914 [main] INFO  grpc.GrpcFactory (GrpcFactory.java:checkPooledByteBufAllocatorUseCacheForAllThreads(45)) - PERFORMANCE WARNING: useCacheForAllThreads is true that may cause Netty to create a lot garbage objects and, as a result, trigger GC.
	It is recommended to disable useCacheForAllThreads by setting -Dorg.apache.ratis.thirdparty.io.netty.allocator.useCacheForAllThreads=false in command line.
2019-10-02 20:19:42,914 [main] INFO  grpc.GrpcConfigKeys$Server (ConfUtils.java:logGet(43)) - raft.grpc.server.port = 0 (default)
2019-10-02 20:19:42,914 [main] INFO  server.GrpcService (ConfUtils.java:logGet(43)) - raft.grpc.message.size.max = 33570816 (custom)
2019-10-02 20:19:42,914 [main] INFO  server.RaftServerConfigKeys (ConfUtils.java:logGet(43)) - raft.server.log.appender.buffer.byte-limit = 33554432 (custom)
2019-10-02 20:19:42,915 [main] INFO  server.GrpcService (ConfUtils.java:logGet(43)) - raft.grpc.flow.control.window = 1MB (=1048576) (default)
2019-10-02 20:19:42,915 [main] INFO  server.RaftServerConfigKeys (ConfUtils.java:logGet(43)) - raft.server.rpc.request.timeout = 3000ms (default)
2019-10-02 20:19:42,915 [main] INFO  server.RaftServerConfigKeys (ConfUtils.java:logGet(43)) - raft.server.storage.dir = [/workdir/hadoop-ozone/integration-test/target/test-dir/MiniOzoneClusterImpl-8710202a-694f-4f87-8fa9-db9181168db2/datanode-3/data/ratis] (custom)
2019-10-02 20:19:42,916 [main] INFO  hdfs.DFSUtil (DFSUtil.java:httpServerTemplateForNNAndJN(1641)) - Starting Web-server for hddsDatanode at: http://0.0.0.0:0
2019-10-02 20:19:42,917 [main] INFO  server.AuthenticationFilter (AuthenticationFilter.java:constructSecretProvider(240)) - Unable to initialize FileSignerSecretProvider, falling back to use random secrets.
2019-10-02 20:19:42,917 [main] WARN  http.HttpRequestLog (HttpRequestLog.java:getRequestLog(97)) - Jetty request log can only be enabled using Log4j
2019-10-02 20:19:42,919 [main] INFO  http.HttpServer2 (HttpServer2.java:addGlobalFilter(975)) - Added global filter 'safety' (class=org.apache.hadoop.http.HttpServer2$QuotingInputFilter)
2019-10-02 20:19:42,919 [main] INFO  http.HttpServer2 (HttpServer2.java:addFilter(948)) - Added filter static_user_filter (class=org.apache.hadoop.http.lib.StaticUserWebFilter$StaticUserFilter) to context hddsDatanode
2019-10-02 20:19:42,919 [main] INFO  http.HttpServer2 (HttpServer2.java:addFilter(958)) - Added filter static_user_filter (class=org.apache.hadoop.http.lib.StaticUserWebFilter$StaticUserFilter) to context logs
2019-10-02 20:19:42,919 [main] INFO  http.HttpServer2 (HttpServer2.java:addFilter(958)) - Added filter static_user_filter (class=org.apache.hadoop.http.lib.StaticUserWebFilter$StaticUserFilter) to context static
2019-10-02 20:19:42,920 [main] INFO  http.HttpServer2 (HttpServer2.java:bindListener(1191)) - Jetty bound to port 36358
2019-10-02 20:19:42,920 [main] INFO  server.Server (Server.java:doStart(351)) - jetty-9.3.25.v20180904, build timestamp: 2018-09-04T21:11:46Z, git hash: 3ce520221d0240229c862b122d2b06c12a625732
2019-10-02 20:19:42,922 [main] INFO  handler.ContextHandler (ContextHandler.java:doStart(781)) - Started o.e.j.s.ServletContextHandler@4270b142{/logs,file:///workdir/hadoop-ozone/integration-test/target/log,AVAILABLE}
2019-10-02 20:19:42,922 [main] INFO  handler.ContextHandler (ContextHandler.java:doStart(781)) - Started o.e.j.s.ServletContextHandler@6314df3c{/static,jar:file:/home/user/.m2/repository/org/apache/hadoop/hadoop-hdds-container-service/0.5.0-SNAPSHOT/hadoop-hdds-container-service-0.5.0-SNAPSHOT.jar!/webapps/static,AVAILABLE}
2019-10-02 20:19:42,949 [main] INFO  handler.ContextHandler (ContextHandler.java:doStart(781)) - Started o.e.j.w.WebAppContext@6459f4ea{/,file:///tmp/jetty-0.0.0.0-36358-hddsDatanode-_-any-2373512038185098772.dir/webapp/,AVAILABLE}{/hddsDatanode}
2019-10-02 20:19:42,949 [main] INFO  server.AbstractConnector (AbstractConnector.java:doStart(278)) - Started ServerConnector@740b9a50{HTTP/1.1,[http/1.1]}{0.0.0.0:36358}
2019-10-02 20:19:42,951 [main] INFO  server.Server (Server.java:doStart(419)) - Started @237033ms
2019-10-02 20:19:42,951 [main] WARN  impl.MetricsSystemImpl (MetricsSystemImpl.java:register(276)) - Sink prometheus already exists!
2019-10-02 20:19:42,951 [main] INFO  server.BaseHttpServer (BaseHttpServer.java:updateConnectorAddress(215)) - HTTP server of HDDSDATANODE is listening at http://0.0.0.0:36358
2019-10-02 20:19:42,952 [main] INFO  impl.MetricsSystemImpl (MetricsSystemImpl.java:init(158)) - HddsDatanode metrics system started (again)
2019-10-02 20:19:42,956 [org.apache.hadoop.util.JvmPauseMonitor$Monitor@52afd42f] INFO  util.JvmPauseMonitor (JvmPauseMonitor.java:run(188)) - Starting JVM pause monitor
2019-10-02 20:19:42,957 [main] INFO  ozone.HddsDatanodeService (HddsDatanodeService.java:start(184)) - HddsDatanodeService host:pr-hdds-2223-zp5j9-3680597336 ip:192.168.157.242
2019-10-02 20:19:42,958 [Datanode State Machine Thread - 0] INFO  datanode.InitDatanodeState (InitDatanodeState.java:persistContainerDatanodeDetails(140)) - DatanodeDetails is persisted to /workdir/hadoop-ozone/integration-test/target/test-dir/MiniOzoneClusterImpl-8710202a-694f-4f87-8fa9-db9181168db2/datanode-3/meta/datanode.id
2019-10-02 20:19:42,964 [main] INFO  volume.HddsVolume (HddsVolume.java:<init>(176)) - Creating Volume: /workdir/hadoop-ozone/integration-test/target/test-dir/MiniOzoneClusterImpl-8710202a-694f-4f87-8fa9-db9181168db2/datanode-4/data/containers/hdds of  storage type : DISK and capacity : 1482555576320
2019-10-02 20:19:42,965 [main] INFO  volume.VolumeSet (VolumeSet.java:initializeVolumeSet(170)) - Added Volume : /workdir/hadoop-ozone/integration-test/target/test-dir/MiniOzoneClusterImpl-8710202a-694f-4f87-8fa9-db9181168db2/datanode-4/data/containers/hdds to VolumeSet
2019-10-02 20:19:42,965 [main] INFO  volume.ThrottledAsyncChecker (ThrottledAsyncChecker.java:schedule(139)) - Scheduling a check for org.apache.hadoop.ozone.container.common.volume.HddsVolume@723e2d08
2019-10-02 20:19:42,966 [main] INFO  volume.HddsVolumeChecker (HddsVolumeChecker.java:checkAllVolumes(202)) - Scheduled health check for volume org.apache.hadoop.ozone.container.common.volume.HddsVolume@723e2d08
2019-10-02 20:19:42,992 [main] INFO  impl.RaftServerProxy (ConfUtils.java:logGet(43)) - raft.rpc.type = GRPC (default)
2019-10-02 20:19:42,993 [main] INFO  grpc.GrpcFactory (GrpcFactory.java:checkPooledByteBufAllocatorUseCacheForAllThreads(45)) - PERFORMANCE WARNING: useCacheForAllThreads is true that may cause Netty to create a lot garbage objects and, as a result, trigger GC.
	It is recommended to disable useCacheForAllThreads by setting -Dorg.apache.ratis.thirdparty.io.netty.allocator.useCacheForAllThreads=false in command line.
2019-10-02 20:19:42,993 [main] INFO  grpc.GrpcConfigKeys$Server (ConfUtils.java:logGet(43)) - raft.grpc.server.port = 0 (default)
2019-10-02 20:19:42,994 [main] INFO  server.GrpcService (ConfUtils.java:logGet(43)) - raft.grpc.message.size.max = 33570816 (custom)
2019-10-02 20:19:42,994 [main] INFO  server.RaftServerConfigKeys (ConfUtils.java:logGet(43)) - raft.server.log.appender.buffer.byte-limit = 33554432 (custom)
2019-10-02 20:19:42,995 [main] INFO  server.GrpcService (ConfUtils.java:logGet(43)) - raft.grpc.flow.control.window = 1MB (=1048576) (default)
2019-10-02 20:19:42,995 [main] INFO  server.RaftServerConfigKeys (ConfUtils.java:logGet(43)) - raft.server.rpc.request.timeout = 3000ms (default)
2019-10-02 20:19:42,996 [main] INFO  server.RaftServerConfigKeys (ConfUtils.java:logGet(43)) - raft.server.storage.dir = [/workdir/hadoop-ozone/integration-test/target/test-dir/MiniOzoneClusterImpl-8710202a-694f-4f87-8fa9-db9181168db2/datanode-4/data/ratis] (custom)
2019-10-02 20:19:42,998 [main] INFO  hdfs.DFSUtil (DFSUtil.java:httpServerTemplateForNNAndJN(1641)) - Starting Web-server for hddsDatanode at: http://0.0.0.0:0
2019-10-02 20:19:43,000 [main] INFO  server.AuthenticationFilter (AuthenticationFilter.java:constructSecretProvider(240)) - Unable to initialize FileSignerSecretProvider, falling back to use random secrets.
2019-10-02 20:19:43,001 [main] WARN  http.HttpRequestLog (HttpRequestLog.java:getRequestLog(97)) - Jetty request log can only be enabled using Log4j
2019-10-02 20:19:43,004 [main] INFO  http.HttpServer2 (HttpServer2.java:addGlobalFilter(975)) - Added global filter 'safety' (class=org.apache.hadoop.http.HttpServer2$QuotingInputFilter)
2019-10-02 20:19:43,004 [main] INFO  http.HttpServer2 (HttpServer2.java:addFilter(948)) - Added filter static_user_filter (class=org.apache.hadoop.http.lib.StaticUserWebFilter$StaticUserFilter) to context hddsDatanode
2019-10-02 20:19:43,005 [main] INFO  http.HttpServer2 (HttpServer2.java:addFilter(958)) - Added filter static_user_filter (class=org.apache.hadoop.http.lib.StaticUserWebFilter$StaticUserFilter) to context static
2019-10-02 20:19:43,005 [main] INFO  http.HttpServer2 (HttpServer2.java:addFilter(958)) - Added filter static_user_filter (class=org.apache.hadoop.http.lib.StaticUserWebFilter$StaticUserFilter) to context logs
2019-10-02 20:19:43,006 [main] INFO  http.HttpServer2 (HttpServer2.java:bindListener(1191)) - Jetty bound to port 44955
2019-10-02 20:19:43,007 [main] INFO  server.Server (Server.java:doStart(351)) - jetty-9.3.25.v20180904, build timestamp: 2018-09-04T21:11:46Z, git hash: 3ce520221d0240229c862b122d2b06c12a625732
2019-10-02 20:19:43,009 [main] INFO  handler.ContextHandler (ContextHandler.java:doStart(781)) - Started o.e.j.s.ServletContextHandler@28d739f1{/logs,file:///workdir/hadoop-ozone/integration-test/target/log,AVAILABLE}
2019-10-02 20:19:43,010 [main] INFO  handler.ContextHandler (ContextHandler.java:doStart(781)) - Started o.e.j.s.ServletContextHandler@7e3d2ebd{/static,jar:file:/home/user/.m2/repository/org/apache/hadoop/hadoop-hdds-container-service/0.5.0-SNAPSHOT/hadoop-hdds-container-service-0.5.0-SNAPSHOT.jar!/webapps/static,AVAILABLE}
2019-10-02 20:19:43,045 [main] INFO  handler.ContextHandler (ContextHandler.java:doStart(781)) - Started o.e.j.w.WebAppContext@4602f874{/,file:///tmp/jetty-0.0.0.0-44955-hddsDatanode-_-any-1698307095843829416.dir/webapp/,AVAILABLE}{/hddsDatanode}
2019-10-02 20:19:43,045 [main] INFO  server.AbstractConnector (AbstractConnector.java:doStart(278)) - Started ServerConnector@7739aac4{HTTP/1.1,[http/1.1]}{0.0.0.0:44955}
2019-10-02 20:19:43,045 [main] INFO  server.Server (Server.java:doStart(419)) - Started @237128ms
2019-10-02 20:19:43,048 [main] WARN  impl.MetricsSystemImpl (MetricsSystemImpl.java:register(276)) - Sink prometheus already exists!
2019-10-02 20:19:43,048 [main] INFO  server.BaseHttpServer (BaseHttpServer.java:updateConnectorAddress(215)) - HTTP server of HDDSDATANODE is listening at http://0.0.0.0:44955
2019-10-02 20:19:43,049 [main] INFO  impl.MetricsSystemImpl (MetricsSystemImpl.java:init(158)) - HddsDatanode metrics system started (again)
2019-10-02 20:19:43,054 [org.apache.hadoop.util.JvmPauseMonitor$Monitor@4c3a0ee4] INFO  util.JvmPauseMonitor (JvmPauseMonitor.java:run(188)) - Starting JVM pause monitor
2019-10-02 20:19:43,055 [main] INFO  ozone.HddsDatanodeService (HddsDatanodeService.java:start(184)) - HddsDatanodeService host:pr-hdds-2223-zp5j9-3680597336 ip:192.168.157.242
2019-10-02 20:19:43,056 [Datanode State Machine Thread - 0] INFO  datanode.InitDatanodeState (InitDatanodeState.java:persistContainerDatanodeDetails(140)) - DatanodeDetails is persisted to /workdir/hadoop-ozone/integration-test/target/test-dir/MiniOzoneClusterImpl-8710202a-694f-4f87-8fa9-db9181168db2/datanode-4/meta/datanode.id
2019-10-02 20:19:43,062 [main] INFO  volume.HddsVolume (HddsVolume.java:<init>(176)) - Creating Volume: /workdir/hadoop-ozone/integration-test/target/test-dir/MiniOzoneClusterImpl-8710202a-694f-4f87-8fa9-db9181168db2/datanode-5/data/containers/hdds of  storage type : DISK and capacity : 1482555576320
2019-10-02 20:19:43,062 [main] INFO  volume.VolumeSet (VolumeSet.java:initializeVolumeSet(170)) - Added Volume : /workdir/hadoop-ozone/integration-test/target/test-dir/MiniOzoneClusterImpl-8710202a-694f-4f87-8fa9-db9181168db2/datanode-5/data/containers/hdds to VolumeSet
2019-10-02 20:19:43,062 [main] INFO  volume.ThrottledAsyncChecker (ThrottledAsyncChecker.java:schedule(139)) - Scheduling a check for org.apache.hadoop.ozone.container.common.volume.HddsVolume@67f946c3
2019-10-02 20:19:43,063 [main] INFO  volume.HddsVolumeChecker (HddsVolumeChecker.java:checkAllVolumes(202)) - Scheduled health check for volume org.apache.hadoop.ozone.container.common.volume.HddsVolume@67f946c3
2019-10-02 20:19:43,077 [main] INFO  impl.RaftServerProxy (ConfUtils.java:logGet(43)) - raft.rpc.type = GRPC (default)
2019-10-02 20:19:43,077 [main] INFO  grpc.GrpcFactory (GrpcFactory.java:checkPooledByteBufAllocatorUseCacheForAllThreads(45)) - PERFORMANCE WARNING: useCacheForAllThreads is true that may cause Netty to create a lot garbage objects and, as a result, trigger GC.
	It is recommended to disable useCacheForAllThreads by setting -Dorg.apache.ratis.thirdparty.io.netty.allocator.useCacheForAllThreads=false in command line.
2019-10-02 20:19:43,077 [main] INFO  grpc.GrpcConfigKeys$Server (ConfUtils.java:logGet(43)) - raft.grpc.server.port = 0 (default)
2019-10-02 20:19:43,078 [main] INFO  server.GrpcService (ConfUtils.java:logGet(43)) - raft.grpc.message.size.max = 33570816 (custom)
2019-10-02 20:19:43,078 [main] INFO  server.RaftServerConfigKeys (ConfUtils.java:logGet(43)) - raft.server.log.appender.buffer.byte-limit = 33554432 (custom)
2019-10-02 20:19:43,078 [main] INFO  server.GrpcService (ConfUtils.java:logGet(43)) - raft.grpc.flow.control.window = 1MB (=1048576) (default)
2019-10-02 20:19:43,078 [main] INFO  server.RaftServerConfigKeys (ConfUtils.java:logGet(43)) - raft.server.rpc.request.timeout = 3000ms (default)
2019-10-02 20:19:43,079 [main] INFO  server.RaftServerConfigKeys (ConfUtils.java:logGet(43)) - raft.server.storage.dir = [/workdir/hadoop-ozone/integration-test/target/test-dir/MiniOzoneClusterImpl-8710202a-694f-4f87-8fa9-db9181168db2/datanode-5/data/ratis] (custom)
2019-10-02 20:19:43,080 [main] INFO  hdfs.DFSUtil (DFSUtil.java:httpServerTemplateForNNAndJN(1641)) - Starting Web-server for hddsDatanode at: http://0.0.0.0:0
2019-10-02 20:19:43,081 [main] INFO  server.AuthenticationFilter (AuthenticationFilter.java:constructSecretProvider(240)) - Unable to initialize FileSignerSecretProvider, falling back to use random secrets.
2019-10-02 20:19:43,081 [main] WARN  http.HttpRequestLog (HttpRequestLog.java:getRequestLog(97)) - Jetty request log can only be enabled using Log4j
2019-10-02 20:19:43,082 [main] INFO  http.HttpServer2 (HttpServer2.java:addGlobalFilter(975)) - Added global filter 'safety' (class=org.apache.hadoop.http.HttpServer2$QuotingInputFilter)
2019-10-02 20:19:43,083 [main] INFO  http.HttpServer2 (HttpServer2.java:addFilter(948)) - Added filter static_user_filter (class=org.apache.hadoop.http.lib.StaticUserWebFilter$StaticUserFilter) to context hddsDatanode
2019-10-02 20:19:43,083 [main] INFO  http.HttpServer2 (HttpServer2.java:addFilter(958)) - Added filter static_user_filter (class=org.apache.hadoop.http.lib.StaticUserWebFilter$StaticUserFilter) to context static
2019-10-02 20:19:43,083 [main] INFO  http.HttpServer2 (HttpServer2.java:addFilter(958)) - Added filter static_user_filter (class=org.apache.hadoop.http.lib.StaticUserWebFilter$StaticUserFilter) to context logs
2019-10-02 20:19:43,084 [main] INFO  http.HttpServer2 (HttpServer2.java:bindListener(1191)) - Jetty bound to port 45245
2019-10-02 20:19:43,084 [main] INFO  server.Server (Server.java:doStart(351)) - jetty-9.3.25.v20180904, build timestamp: 2018-09-04T21:11:46Z, git hash: 3ce520221d0240229c862b122d2b06c12a625732
2019-10-02 20:19:43,085 [main] INFO  handler.ContextHandler (ContextHandler.java:doStart(781)) - Started o.e.j.s.ServletContextHandler@4137aab0{/logs,file:///workdir/hadoop-ozone/integration-test/target/log,AVAILABLE}
2019-10-02 20:19:43,086 [main] INFO  handler.ContextHandler (ContextHandler.java:doStart(781)) - Started o.e.j.s.ServletContextHandler@682e422c{/static,jar:file:/home/user/.m2/repository/org/apache/hadoop/hadoop-hdds-container-service/0.5.0-SNAPSHOT/hadoop-hdds-container-service-0.5.0-SNAPSHOT.jar!/webapps/static,AVAILABLE}
2019-10-02 20:19:43,113 [main] INFO  handler.ContextHandler (ContextHandler.java:doStart(781)) - Started o.e.j.w.WebAppContext@46468f0{/,file:///tmp/jetty-0.0.0.0-45245-hddsDatanode-_-any-1852330055644921327.dir/webapp/,AVAILABLE}{/hddsDatanode}
2019-10-02 20:19:43,113 [main] INFO  server.AbstractConnector (AbstractConnector.java:doStart(278)) - Started ServerConnector@5f8f1712{HTTP/1.1,[http/1.1]}{0.0.0.0:45245}
2019-10-02 20:19:43,113 [main] INFO  server.Server (Server.java:doStart(419)) - Started @237196ms
2019-10-02 20:19:43,115 [main] WARN  impl.MetricsSystemImpl (MetricsSystemImpl.java:register(276)) - Sink prometheus already exists!
2019-10-02 20:19:43,116 [main] INFO  server.BaseHttpServer (BaseHttpServer.java:updateConnectorAddress(215)) - HTTP server of HDDSDATANODE is listening at http://0.0.0.0:45245
2019-10-02 20:19:43,116 [main] INFO  impl.MetricsSystemImpl (MetricsSystemImpl.java:init(158)) - HddsDatanode metrics system started (again)
2019-10-02 20:19:43,121 [org.apache.hadoop.util.JvmPauseMonitor$Monitor@5016d0b2] INFO  util.JvmPauseMonitor (JvmPauseMonitor.java:run(188)) - Starting JVM pause monitor
2019-10-02 20:19:43,122 [main] INFO  ozone.HddsDatanodeService (HddsDatanodeService.java:start(184)) - HddsDatanodeService host:pr-hdds-2223-zp5j9-3680597336 ip:192.168.157.242
2019-10-02 20:19:43,123 [Datanode State Machine Thread - 0] INFO  datanode.InitDatanodeState (InitDatanodeState.java:persistContainerDatanodeDetails(140)) - DatanodeDetails is persisted to /workdir/hadoop-ozone/integration-test/target/test-dir/MiniOzoneClusterImpl-8710202a-694f-4f87-8fa9-db9181168db2/datanode-5/meta/datanode.id
2019-10-02 20:19:43,128 [main] INFO  volume.HddsVolume (HddsVolume.java:<init>(176)) - Creating Volume: /workdir/hadoop-ozone/integration-test/target/test-dir/MiniOzoneClusterImpl-8710202a-694f-4f87-8fa9-db9181168db2/datanode-6/data/containers/hdds of  storage type : DISK and capacity : 1482555576320
2019-10-02 20:19:43,129 [main] INFO  volume.VolumeSet (VolumeSet.java:initializeVolumeSet(170)) - Added Volume : /workdir/hadoop-ozone/integration-test/target/test-dir/MiniOzoneClusterImpl-8710202a-694f-4f87-8fa9-db9181168db2/datanode-6/data/containers/hdds to VolumeSet
2019-10-02 20:19:43,129 [main] INFO  volume.ThrottledAsyncChecker (ThrottledAsyncChecker.java:schedule(139)) - Scheduling a check for org.apache.hadoop.ozone.container.common.volume.HddsVolume@2997ddfc
2019-10-02 20:19:43,129 [main] INFO  volume.HddsVolumeChecker (HddsVolumeChecker.java:checkAllVolumes(202)) - Scheduled health check for volume org.apache.hadoop.ozone.container.common.volume.HddsVolume@2997ddfc
2019-10-02 20:19:43,143 [main] INFO  impl.RaftServerProxy (ConfUtils.java:logGet(43)) - raft.rpc.type = GRPC (default)
2019-10-02 20:19:43,143 [main] INFO  grpc.GrpcFactory (GrpcFactory.java:checkPooledByteBufAllocatorUseCacheForAllThreads(45)) - PERFORMANCE WARNING: useCacheForAllThreads is true that may cause Netty to create a lot garbage objects and, as a result, trigger GC.
	It is recommended to disable useCacheForAllThreads by setting -Dorg.apache.ratis.thirdparty.io.netty.allocator.useCacheForAllThreads=false in command line.
2019-10-02 20:19:43,143 [main] INFO  grpc.GrpcConfigKeys$Server (ConfUtils.java:logGet(43)) - raft.grpc.server.port = 0 (default)
2019-10-02 20:19:43,143 [main] INFO  server.GrpcService (ConfUtils.java:logGet(43)) - raft.grpc.message.size.max = 33570816 (custom)
2019-10-02 20:19:43,143 [main] INFO  server.RaftServerConfigKeys (ConfUtils.java:logGet(43)) - raft.server.log.appender.buffer.byte-limit = 33554432 (custom)
2019-10-02 20:19:43,143 [main] INFO  server.GrpcService (ConfUtils.java:logGet(43)) - raft.grpc.flow.control.window = 1MB (=1048576) (default)
2019-10-02 20:19:43,144 [main] INFO  server.RaftServerConfigKeys (ConfUtils.java:logGet(43)) - raft.server.rpc.request.timeout = 3000ms (default)
2019-10-02 20:19:43,144 [main] INFO  server.RaftServerConfigKeys (ConfUtils.java:logGet(43)) - raft.server.storage.dir = [/workdir/hadoop-ozone/integration-test/target/test-dir/MiniOzoneClusterImpl-8710202a-694f-4f87-8fa9-db9181168db2/datanode-6/data/ratis] (custom)
2019-10-02 20:19:43,145 [main] INFO  hdfs.DFSUtil (DFSUtil.java:httpServerTemplateForNNAndJN(1641)) - Starting Web-server for hddsDatanode at: http://0.0.0.0:0
2019-10-02 20:19:43,146 [main] INFO  server.AuthenticationFilter (AuthenticationFilter.java:constructSecretProvider(240)) - Unable to initialize FileSignerSecretProvider, falling back to use random secrets.
2019-10-02 20:19:43,146 [main] WARN  http.HttpRequestLog (HttpRequestLog.java:getRequestLog(97)) - Jetty request log can only be enabled using Log4j
2019-10-02 20:19:43,147 [main] INFO  http.HttpServer2 (HttpServer2.java:addGlobalFilter(975)) - Added global filter 'safety' (class=org.apache.hadoop.http.HttpServer2$QuotingInputFilter)
2019-10-02 20:19:43,148 [main] INFO  http.HttpServer2 (HttpServer2.java:addFilter(948)) - Added filter static_user_filter (class=org.apache.hadoop.http.lib.StaticUserWebFilter$StaticUserFilter) to context hddsDatanode
2019-10-02 20:19:43,148 [main] INFO  http.HttpServer2 (HttpServer2.java:addFilter(958)) - Added filter static_user_filter (class=org.apache.hadoop.http.lib.StaticUserWebFilter$StaticUserFilter) to context logs
2019-10-02 20:19:43,148 [main] INFO  http.HttpServer2 (HttpServer2.java:addFilter(958)) - Added filter static_user_filter (class=org.apache.hadoop.http.lib.StaticUserWebFilter$StaticUserFilter) to context static
2019-10-02 20:19:43,149 [main] INFO  http.HttpServer2 (HttpServer2.java:bindListener(1191)) - Jetty bound to port 32864
2019-10-02 20:19:43,149 [main] INFO  server.Server (Server.java:doStart(351)) - jetty-9.3.25.v20180904, build timestamp: 2018-09-04T21:11:46Z, git hash: 3ce520221d0240229c862b122d2b06c12a625732
2019-10-02 20:19:43,150 [main] INFO  handler.ContextHandler (ContextHandler.java:doStart(781)) - Started o.e.j.s.ServletContextHandler@7a64cb0c{/logs,file:///workdir/hadoop-ozone/integration-test/target/log,AVAILABLE}
2019-10-02 20:19:43,150 [main] INFO  handler.ContextHandler (ContextHandler.java:doStart(781)) - Started o.e.j.s.ServletContextHandler@6c4ce583{/static,jar:file:/home/user/.m2/repository/org/apache/hadoop/hadoop-hdds-container-service/0.5.0-SNAPSHOT/hadoop-hdds-container-service-0.5.0-SNAPSHOT.jar!/webapps/static,AVAILABLE}
2019-10-02 20:19:43,177 [main] INFO  handler.ContextHandler (ContextHandler.java:doStart(781)) - Started o.e.j.w.WebAppContext@70b48eb3{/,file:///tmp/jetty-0.0.0.0-32864-hddsDatanode-_-any-2762228094196104024.dir/webapp/,AVAILABLE}{/hddsDatanode}
2019-10-02 20:19:43,177 [main] INFO  server.AbstractConnector (AbstractConnector.java:doStart(278)) - Started ServerConnector@7b8ea1db{HTTP/1.1,[http/1.1]}{0.0.0.0:32864}
2019-10-02 20:19:43,179 [main] INFO  server.Server (Server.java:doStart(419)) - Started @237262ms
2019-10-02 20:19:43,179 [main] WARN  impl.MetricsSystemImpl (MetricsSystemImpl.java:register(276)) - Sink prometheus already exists!
2019-10-02 20:19:43,180 [main] INFO  server.BaseHttpServer (BaseHttpServer.java:updateConnectorAddress(215)) - HTTP server of HDDSDATANODE is listening at http://0.0.0.0:32864
2019-10-02 20:19:43,180 [main] INFO  ozone.MiniOzoneClusterImpl (MiniOzoneClusterImpl.java:lambda$waitForClusterToBeReady$0(147)) - Waiting for cluster to be ready. Got 0 of 7 DN Heartbeats.
2019-10-02 20:19:43,181 [org.apache.hadoop.util.JvmPauseMonitor$Monitor@604623f7] INFO  util.JvmPauseMonitor (JvmPauseMonitor.java:run(188)) - Starting JVM pause monitor
2019-10-02 20:19:43,182 [Datanode State Machine Thread - 0] INFO  datanode.InitDatanodeState (InitDatanodeState.java:persistContainerDatanodeDetails(140)) - DatanodeDetails is persisted to /workdir/hadoop-ozone/integration-test/target/test-dir/MiniOzoneClusterImpl-8710202a-694f-4f87-8fa9-db9181168db2/datanode-6/meta/datanode.id
2019-10-02 20:19:44,180 [main] INFO  ozone.MiniOzoneClusterImpl (MiniOzoneClusterImpl.java:lambda$waitForClusterToBeReady$0(147)) - Waiting for cluster to be ready. Got 0 of 7 DN Heartbeats.
2019-10-02 20:19:44,821 [Datanode State Machine Thread - 0] INFO  ozoneimpl.OzoneContainer (OzoneContainer.java:start(217)) - Attempting to start container services.
2019-10-02 20:19:44,823 [Datanode State Machine Thread - 0] INFO  ozoneimpl.OzoneContainer (OzoneContainer.java:startContainerScrub(179)) - Background container scanner has been disabled.
2019-10-02 20:19:44,823 [Datanode State Machine Thread - 0] INFO  ratis.XceiverServerRatis (XceiverServerRatis.java:start(417)) - Starting XceiverServerRatis 4be65ef0-72f4-4de4-8bf5-ede332b23e29 at port 0
2019-10-02 20:19:44,828 [Datanode State Machine Thread - 0] INFO  impl.RaftServerProxy (RaftServerProxy.java:lambda$start$3(299)) - 4be65ef0-72f4-4de4-8bf5-ede332b23e29: start RPC server
2019-10-02 20:19:44,831 [Datanode State Machine Thread - 0] INFO  server.GrpcService (GrpcService.java:startImpl(158)) - 4be65ef0-72f4-4de4-8bf5-ede332b23e29: GrpcService started, listening on 0.0.0.0/0.0.0.0:35399
2019-10-02 20:19:44,831 [Datanode State Machine Thread - 0] INFO  ratis.XceiverServerRatis (XceiverServerRatis.java:start(427)) - XceiverServerRatis 4be65ef0-72f4-4de4-8bf5-ede332b23e29 is started using port 35399
2019-10-02 20:19:44,831 [Datanode State Machine Thread - 0] INFO  server.XceiverServerGrpc (XceiverServerGrpc.java:start(149)) - XceiverServerGrpc 4be65ef0-72f4-4de4-8bf5-ede332b23e29 is started using port 45812
2019-10-02 20:19:44,852 [Datanode State Machine Thread - 0] INFO  ozoneimpl.OzoneContainer (OzoneContainer.java:start(217)) - Attempting to start container services.
2019-10-02 20:19:44,852 [Datanode State Machine Thread - 0] INFO  ozoneimpl.OzoneContainer (OzoneContainer.java:startContainerScrub(179)) - Background container scanner has been disabled.
2019-10-02 20:19:44,852 [Datanode State Machine Thread - 0] INFO  ratis.XceiverServerRatis (XceiverServerRatis.java:start(417)) - Starting XceiverServerRatis 479b9343-7eb9-4ab5-a1a7-db6c01c8695c at port 0
2019-10-02 20:19:44,857 [Datanode State Machine Thread - 0] INFO  impl.RaftServerProxy (RaftServerProxy.java:lambda$start$3(299)) - 479b9343-7eb9-4ab5-a1a7-db6c01c8695c: start RPC server
2019-10-02 20:19:44,859 [Datanode State Machine Thread - 0] INFO  server.GrpcService (GrpcService.java:startImpl(158)) - 479b9343-7eb9-4ab5-a1a7-db6c01c8695c: GrpcService started, listening on 0.0.0.0/0.0.0.0:40470
2019-10-02 20:19:44,860 [Datanode State Machine Thread - 0] INFO  ratis.XceiverServerRatis (XceiverServerRatis.java:start(427)) - XceiverServerRatis 479b9343-7eb9-4ab5-a1a7-db6c01c8695c is started using port 40470
2019-10-02 20:19:44,860 [Datanode State Machine Thread - 0] INFO  server.XceiverServerGrpc (XceiverServerGrpc.java:start(149)) - XceiverServerGrpc 479b9343-7eb9-4ab5-a1a7-db6c01c8695c is started using port 42858
2019-10-02 20:19:44,907 [Datanode State Machine Thread - 0] INFO  ozoneimpl.OzoneContainer (OzoneContainer.java:start(217)) - Attempting to start container services.
2019-10-02 20:19:44,907 [Datanode State Machine Thread - 0] INFO  ozoneimpl.OzoneContainer (OzoneContainer.java:startContainerScrub(179)) - Background container scanner has been disabled.
2019-10-02 20:19:44,907 [Datanode State Machine Thread - 0] INFO  ratis.XceiverServerRatis (XceiverServerRatis.java:start(417)) - Starting XceiverServerRatis 12943b43-04f6-4d18-8197-3955007d3056 at port 0
2019-10-02 20:19:44,912 [Datanode State Machine Thread - 0] INFO  impl.RaftServerProxy (RaftServerProxy.java:lambda$start$3(299)) - 12943b43-04f6-4d18-8197-3955007d3056: start RPC server
2019-10-02 20:19:44,915 [Datanode State Machine Thread - 0] INFO  server.GrpcService (GrpcService.java:startImpl(158)) - 12943b43-04f6-4d18-8197-3955007d3056: GrpcService started, listening on 0.0.0.0/0.0.0.0:39499
2019-10-02 20:19:44,915 [Datanode State Machine Thread - 0] INFO  ratis.XceiverServerRatis (XceiverServerRatis.java:start(427)) - XceiverServerRatis 12943b43-04f6-4d18-8197-3955007d3056 is started using port 39499
2019-10-02 20:19:44,916 [Datanode State Machine Thread - 0] INFO  server.XceiverServerGrpc (XceiverServerGrpc.java:start(149)) - XceiverServerGrpc 12943b43-04f6-4d18-8197-3955007d3056 is started using port 33003
2019-10-02 20:19:44,971 [Datanode State Machine Thread - 0] INFO  ozoneimpl.OzoneContainer (OzoneContainer.java:start(217)) - Attempting to start container services.
2019-10-02 20:19:44,972 [Datanode State Machine Thread - 0] INFO  ozoneimpl.OzoneContainer (OzoneContainer.java:startContainerScrub(179)) - Background container scanner has been disabled.
2019-10-02 20:19:44,972 [Datanode State Machine Thread - 0] INFO  ratis.XceiverServerRatis (XceiverServerRatis.java:start(417)) - Starting XceiverServerRatis 31b14a0e-f5bd-419a-afcf-ddc860b89cf3 at port 0
2019-10-02 20:19:44,978 [Datanode State Machine Thread - 0] INFO  impl.RaftServerProxy (RaftServerProxy.java:lambda$start$3(299)) - 31b14a0e-f5bd-419a-afcf-ddc860b89cf3: start RPC server
2019-10-02 20:19:44,981 [Datanode State Machine Thread - 0] INFO  server.GrpcService (GrpcService.java:startImpl(158)) - 31b14a0e-f5bd-419a-afcf-ddc860b89cf3: GrpcService started, listening on 0.0.0.0/0.0.0.0:42954
2019-10-02 20:19:44,981 [Datanode State Machine Thread - 0] INFO  ratis.XceiverServerRatis (XceiverServerRatis.java:start(427)) - XceiverServerRatis 31b14a0e-f5bd-419a-afcf-ddc860b89cf3 is started using port 42954
2019-10-02 20:19:44,982 [Datanode State Machine Thread - 0] INFO  server.XceiverServerGrpc (XceiverServerGrpc.java:start(149)) - XceiverServerGrpc 31b14a0e-f5bd-419a-afcf-ddc860b89cf3 is started using port 33297
2019-10-02 20:19:45,068 [Datanode State Machine Thread - 0] INFO  ozoneimpl.OzoneContainer (OzoneContainer.java:start(217)) - Attempting to start container services.
2019-10-02 20:19:45,069 [Datanode State Machine Thread - 0] INFO  ozoneimpl.OzoneContainer (OzoneContainer.java:startContainerScrub(179)) - Background container scanner has been disabled.
2019-10-02 20:19:45,069 [Datanode State Machine Thread - 0] INFO  ratis.XceiverServerRatis (XceiverServerRatis.java:start(417)) - Starting XceiverServerRatis 36fad182-5da3-4fc4-98d8-a4bcac0f1fcd at port 0
2019-10-02 20:19:45,075 [Datanode State Machine Thread - 0] INFO  impl.RaftServerProxy (RaftServerProxy.java:lambda$start$3(299)) - 36fad182-5da3-4fc4-98d8-a4bcac0f1fcd: start RPC server
2019-10-02 20:19:45,078 [Datanode State Machine Thread - 0] INFO  server.GrpcService (GrpcService.java:startImpl(158)) - 36fad182-5da3-4fc4-98d8-a4bcac0f1fcd: GrpcService started, listening on 0.0.0.0/0.0.0.0:38934
2019-10-02 20:19:45,078 [Datanode State Machine Thread - 0] INFO  ratis.XceiverServerRatis (XceiverServerRatis.java:start(427)) - XceiverServerRatis 36fad182-5da3-4fc4-98d8-a4bcac0f1fcd is started using port 38934
2019-10-02 20:19:45,078 [Datanode State Machine Thread - 0] INFO  server.XceiverServerGrpc (XceiverServerGrpc.java:start(149)) - XceiverServerGrpc 36fad182-5da3-4fc4-98d8-a4bcac0f1fcd is started using port 45646
2019-10-02 20:19:45,138 [Datanode State Machine Thread - 0] INFO  ozoneimpl.OzoneContainer (OzoneContainer.java:start(217)) - Attempting to start container services.
2019-10-02 20:19:45,138 [Datanode State Machine Thread - 0] INFO  ozoneimpl.OzoneContainer (OzoneContainer.java:startContainerScrub(179)) - Background container scanner has been disabled.
2019-10-02 20:19:45,138 [Datanode State Machine Thread - 0] INFO  ratis.XceiverServerRatis (XceiverServerRatis.java:start(417)) - Starting XceiverServerRatis 227e1acc-cc2e-43a7-8eb5-515fd2972ece at port 0
2019-10-02 20:19:45,144 [Datanode State Machine Thread - 0] INFO  impl.RaftServerProxy (RaftServerProxy.java:lambda$start$3(299)) - 227e1acc-cc2e-43a7-8eb5-515fd2972ece: start RPC server
2019-10-02 20:19:45,145 [Datanode State Machine Thread - 0] INFO  server.GrpcService (GrpcService.java:startImpl(158)) - 227e1acc-cc2e-43a7-8eb5-515fd2972ece: GrpcService started, listening on 0.0.0.0/0.0.0.0:42112
2019-10-02 20:19:45,145 [Datanode State Machine Thread - 0] INFO  ratis.XceiverServerRatis (XceiverServerRatis.java:start(427)) - XceiverServerRatis 227e1acc-cc2e-43a7-8eb5-515fd2972ece is started using port 42112
2019-10-02 20:19:45,146 [Datanode State Machine Thread - 0] INFO  server.XceiverServerGrpc (XceiverServerGrpc.java:start(149)) - XceiverServerGrpc 227e1acc-cc2e-43a7-8eb5-515fd2972ece is started using port 41249
2019-10-02 20:19:45,181 [main] INFO  ozone.MiniOzoneClusterImpl (MiniOzoneClusterImpl.java:lambda$waitForClusterToBeReady$0(147)) - Waiting for cluster to be ready. Got 0 of 7 DN Heartbeats.
2019-10-02 20:19:45,195 [Datanode State Machine Thread - 0] INFO  ozoneimpl.OzoneContainer (OzoneContainer.java:start(217)) - Attempting to start container services.
2019-10-02 20:19:45,195 [Datanode State Machine Thread - 0] INFO  ozoneimpl.OzoneContainer (OzoneContainer.java:startContainerScrub(179)) - Background container scanner has been disabled.
2019-10-02 20:19:45,195 [Datanode State Machine Thread - 0] INFO  ratis.XceiverServerRatis (XceiverServerRatis.java:start(417)) - Starting XceiverServerRatis a5374d3c-3240-4076-b7ea-bbc899f45c3f at port 0
2019-10-02 20:19:45,199 [Datanode State Machine Thread - 0] INFO  impl.RaftServerProxy (RaftServerProxy.java:lambda$start$3(299)) - a5374d3c-3240-4076-b7ea-bbc899f45c3f: start RPC server
2019-10-02 20:19:45,200 [Datanode State Machine Thread - 0] INFO  server.GrpcService (GrpcService.java:startImpl(158)) - a5374d3c-3240-4076-b7ea-bbc899f45c3f: GrpcService started, listening on 0.0.0.0/0.0.0.0:36728
2019-10-02 20:19:45,200 [Datanode State Machine Thread - 0] INFO  ratis.XceiverServerRatis (XceiverServerRatis.java:start(427)) - XceiverServerRatis a5374d3c-3240-4076-b7ea-bbc899f45c3f is started using port 36728
2019-10-02 20:19:45,215 [Datanode State Machine Thread - 0] INFO  server.XceiverServerGrpc (XceiverServerGrpc.java:start(149)) - XceiverServerGrpc a5374d3c-3240-4076-b7ea-bbc899f45c3f is started using port 44112
2019-10-02 20:19:46,181 [main] INFO  ozone.MiniOzoneClusterImpl (MiniOzoneClusterImpl.java:lambda$waitForClusterToBeReady$0(147)) - Waiting for cluster to be ready. Got 0 of 7 DN Heartbeats.
2019-10-02 20:19:46,780 [IPC Server handler 5 on 43750] INFO  net.NetworkTopology (NetworkTopologyImpl.java:add(111)) - Added a new node: /default-rack/4be65ef0-72f4-4de4-8bf5-ede332b23e29
2019-10-02 20:19:46,783 [IPC Server handler 5 on 43750] INFO  node.SCMNodeManager (SCMNodeManager.java:register(266)) - Registered Data node : 4be65ef0-72f4-4de4-8bf5-ede332b23e29{ip: 192.168.157.242, host: pr-hdds-2223-zp5j9-3680597336, networkLocation: /default-rack, certSerialId: null}
2019-10-02 20:19:46,784 [EventQueue-NodeRegistrationContainerReportForDataNodeSafeModeRule] INFO  safemode.SCMSafeModeManager (DataNodeSafeModeRule.java:process(71)) - SCM in safe mode. 1 DataNodes registered, 1 required.
2019-10-02 20:19:46,787 [EventQueue-NodeRegistrationContainerReportForDataNodeSafeModeRule] INFO  safemode.SCMSafeModeManager (SCMSafeModeManager.java:validateSafeModeExitRules(177)) - ScmSafeModeManager, all rules are successfully validated
2019-10-02 20:19:46,787 [EventQueue-NodeRegistrationContainerReportForDataNodeSafeModeRule] INFO  safemode.SCMSafeModeManager (SCMSafeModeManager.java:exitSafeMode(193)) - SCM exiting safe mode.
2019-10-02 20:19:46,795 [grpc-default-executor-6] INFO  impl.RaftServerProxy (RaftServerProxy.java:addNew(89)) - 4be65ef0-72f4-4de4-8bf5-ede332b23e29: addNew group-9B1B965CC8B9:[4be65ef0-72f4-4de4-8bf5-ede332b23e29:192.168.157.242:35399] returns group-9B1B965CC8B9:java.util.concurrent.CompletableFuture@40bf4559[Not completed]
2019-10-02 20:19:46,798 [pool-383-thread-1] INFO  impl.RaftServerImpl (RaftServerImpl.java:<init>(95)) - 4be65ef0-72f4-4de4-8bf5-ede332b23e29: new RaftServerImpl for group-9B1B965CC8B9:[4be65ef0-72f4-4de4-8bf5-ede332b23e29:192.168.157.242:35399] with ContainerStateMachine:uninitialized
2019-10-02 20:19:46,798 [pool-383-thread-1] INFO  server.RaftServerConfigKeys (ConfUtils.java:logGet(43)) - raft.server.rpc.timeout.min = 5s (custom)
2019-10-02 20:19:46,798 [pool-383-thread-1] INFO  server.RaftServerConfigKeys (ConfUtils.java:logGet(43)) - raft.server.rpc.timeout.max = 5200ms (custom)
2019-10-02 20:19:46,798 [pool-383-thread-1] INFO  server.RaftServerConfigKeys (ConfUtils.java:logGet(43)) - raft.server.rpcslowness.timeout = 120s (custom)
2019-10-02 20:19:46,798 [pool-383-thread-1] INFO  server.RaftServerConfigKeys (ConfUtils.java:logGet(43)) - raft.server.sleep.deviation.threshold = 300 (default)
2019-10-02 20:19:46,799 [pool-383-thread-1] INFO  server.RaftServerConfigKeys (ConfUtils.java:logGet(43)) - raft.server.log.appender.install.snapshot.enabled = false (custom)
2019-10-02 20:19:46,799 [pool-383-thread-1] INFO  impl.RaftServerImpl (ServerState.java:<init>(103)) - 4be65ef0-72f4-4de4-8bf5-ede332b23e29@group-9B1B965CC8B9: ConfigurationManager, init=-1: [4be65ef0-72f4-4de4-8bf5-ede332b23e29:192.168.157.242:35399], old=null, confs=<EMPTY_MAP>
2019-10-02 20:19:46,799 [pool-383-thread-1] INFO  server.RaftServerConfigKeys (ConfUtils.java:logGet(43)) - raft.server.storage.dir = [/workdir/hadoop-ozone/integration-test/target/test-dir/MiniOzoneClusterImpl-8710202a-694f-4f87-8fa9-db9181168db2/datanode-0/data/ratis] (custom)
2019-10-02 20:19:46,799 [pool-383-thread-1] INFO  server.RaftServerConfigKeys (ConfUtils.java:logGet(43)) - raft.server.log.corruption.policy = EXCEPTION (default)
2019-10-02 20:19:46,800 [pool-383-thread-1] INFO  storage.RaftStorageDirectory (RaftStorageDirectory.java:analyzeStorage(246)) - The storage directory /workdir/hadoop-ozone/integration-test/target/test-dir/MiniOzoneClusterImpl-8710202a-694f-4f87-8fa9-db9181168db2/datanode-0/data/ratis/eb430254-2566-4a4f-805d-9b1b965cc8b9 does not exist. Creating ...
2019-10-02 20:19:46,821 [pool-383-thread-1] INFO  storage.RaftStorageDirectory (RaftStorageDirectory.java:tryLock(328)) - Lock on /workdir/hadoop-ozone/integration-test/target/test-dir/MiniOzoneClusterImpl-8710202a-694f-4f87-8fa9-db9181168db2/datanode-0/data/ratis/eb430254-2566-4a4f-805d-9b1b965cc8b9/in_use.lock acquired by nodename 4745@pr-hdds-2223-zp5j9-3680597336
2019-10-02 20:19:46,834 [IPC Server handler 6 on 43750] INFO  net.NetworkTopology (NetworkTopologyImpl.java:add(111)) - Added a new node: /default-rack/479b9343-7eb9-4ab5-a1a7-db6c01c8695c
2019-10-02 20:19:46,834 [pool-383-thread-1] INFO  storage.RaftStorage (RaftStorage.java:format(84)) - Storage directory /workdir/hadoop-ozone/integration-test/target/test-dir/MiniOzoneClusterImpl-8710202a-694f-4f87-8fa9-db9181168db2/datanode-0/data/ratis/eb430254-2566-4a4f-805d-9b1b965cc8b9 has been successfully formatted.
2019-10-02 20:19:46,835 [IPC Server handler 6 on 43750] INFO  node.SCMNodeManager (SCMNodeManager.java:register(266)) - Registered Data node : 479b9343-7eb9-4ab5-a1a7-db6c01c8695c{ip: 192.168.157.242, host: pr-hdds-2223-zp5j9-3680597336, networkLocation: /default-rack, certSerialId: null}
2019-10-02 20:19:46,835 [pool-383-thread-1] INFO  ratis.ContainerStateMachine (ContainerStateMachine.java:loadSnapshot(230)) - group-9B1B965CC8B9: The snapshot info is null. Setting the last applied indexto:(t:0, i:~)
2019-10-02 20:19:46,835 [pool-383-thread-1] INFO  server.RaftServerConfigKeys (ConfUtils.java:logGet(43)) - raft.server.notification.no-leader.timeout = 120s (custom)
2019-10-02 20:19:46,835 [pool-383-thread-1] INFO  server.RaftServerConfigKeys (ConfUtils.java:logGet(43)) - raft.server.log.use.memory = false (default)
2019-10-02 20:19:46,835 [pool-383-thread-1] INFO  server.RaftServerConfigKeys (ConfUtils.java:logGet(43)) - raft.server.log.purge.gap = 1000000 (custom)
2019-10-02 20:19:46,836 [pool-383-thread-1] INFO  server.RaftServerConfigKeys (ConfUtils.java:logGet(43)) - raft.server.log.appender.buffer.byte-limit = 33554432 (custom)
2019-10-02 20:19:46,836 [pool-383-thread-1] INFO  server.RaftServerConfigKeys (ConfUtils.java:logGet(43)) - raft.server.log.segment.size.max = 1048576 (custom)
2019-10-02 20:19:46,838 [pool-383-thread-1] INFO  server.RaftServerConfigKeys (ConfUtils.java:logGet(43)) - raft.server.log.segment.cache.num.max = 2 (custom)
2019-10-02 20:19:46,838 [pool-383-thread-1] INFO  segmented.SegmentedRaftLogWorker (SegmentedRaftLogWorker.java:<init>(173)) - new 4be65ef0-72f4-4de4-8bf5-ede332b23e29@group-9B1B965CC8B9-SegmentedRaftLogWorker for RaftStorage:Storage Directory /workdir/hadoop-ozone/integration-test/target/test-dir/MiniOzoneClusterImpl-8710202a-694f-4f87-8fa9-db9181168db2/datanode-0/data/ratis/eb430254-2566-4a4f-805d-9b1b965cc8b9
2019-10-02 20:19:46,838 [pool-383-thread-1] INFO  server.RaftServerConfigKeys (ConfUtils.java:logGet(43)) - raft.server.log.queue.byte-limit = 2147483647 (custom)
2019-10-02 20:19:46,838 [pool-383-thread-1] INFO  server.RaftServerConfigKeys (ConfUtils.java:logGet(43)) - raft.server.log.queue.element-limit = 1024 (custom)
2019-10-02 20:19:46,838 [pool-383-thread-1] INFO  server.RaftServerConfigKeys (ConfUtils.java:logGet(43)) - raft.server.log.segment.size.max = 1048576 (custom)
2019-10-02 20:19:46,838 [pool-383-thread-1] INFO  server.RaftServerConfigKeys (ConfUtils.java:logGet(43)) - raft.server.log.preallocated.size = 16384 (custom)
2019-10-02 20:19:46,838 [pool-383-thread-1] INFO  server.RaftServerConfigKeys (ConfUtils.java:logGet(43)) - raft.server.log.write.buffer.size = 33554432 (custom)
2019-10-02 20:19:46,838 [pool-383-thread-1] INFO  server.RaftServerConfigKeys (ConfUtils.java:logGet(43)) - raft.server.log.force.sync.num = 128 (default)
2019-10-02 20:19:46,839 [pool-383-thread-1] INFO  server.RaftServerConfigKeys (ConfUtils.java:logGet(43)) - raft.server.log.statemachine.data.sync = true (default)
2019-10-02 20:19:46,839 [pool-383-thread-1] INFO  server.RaftServerConfigKeys (ConfUtils.java:logGet(43)) - raft.server.log.statemachine.data.sync.timeout = 10s (default)
2019-10-02 20:19:46,839 [pool-383-thread-1] INFO  server.RaftServerConfigKeys (ConfUtils.java:logGet(43)) - raft.server.log.statemachine.data.sync.timeout.retry = -1 (default)
2019-10-02 20:19:46,839 [pool-383-thread-1] INFO  server.RaftServerConfigKeys (ConfUtils.java:logGet(43)) - raft.server.log.statemachine.data.caching.enabled = true (custom)
2019-10-02 20:19:46,840 [pool-383-thread-1] INFO  segmented.SegmentedRaftLogWorker (SegmentedRaftLogWorker.java:lambda$new$0(128)) - 4be65ef0-72f4-4de4-8bf5-ede332b23e29@group-9B1B965CC8B9-SegmentedRaftLogWorker: flushIndex: setUnconditionally 0 -> -1
2019-10-02 20:19:46,840 [pool-383-thread-1] INFO  server.RaftServerConfigKeys (ConfUtils.java:logGet(43)) - raft.server.snapshot.auto.trigger.enabled = true (custom)
2019-10-02 20:19:46,840 [pool-383-thread-1] INFO  server.RaftServerConfigKeys (ConfUtils.java:logGet(43)) - raft.server.snapshot.auto.trigger.threshold = 10000 (custom)
2019-10-02 20:19:46,840 [pool-383-thread-1] INFO  server.RaftServerConfigKeys (ConfUtils.java:logGet(43)) - raft.server.snapshot.retention.file.num = 5 (custom)
2019-10-02 20:19:46,841 [pool-383-thread-1] INFO  server.RaftServerConfigKeys (ConfUtils.java:logGet(43)) - raft.server.retrycache.expirytime = 600000ms (custom)
2019-10-02 20:19:46,842 [pool-383-thread-1] INFO  impl.RaftServerImpl (RaftServerImpl.java:start(181)) - 4be65ef0-72f4-4de4-8bf5-ede332b23e29@group-9B1B965CC8B9: start as a follower, conf=-1: [4be65ef0-72f4-4de4-8bf5-ede332b23e29:192.168.157.242:35399], old=null
2019-10-02 20:19:46,842 [pool-383-thread-1] INFO  impl.RaftServerImpl (RaftServerImpl.java:setRole(170)) - 4be65ef0-72f4-4de4-8bf5-ede332b23e29@group-9B1B965CC8B9: changes role from      null to FOLLOWER at term 0 for startAsFollower
2019-10-02 20:19:46,843 [pool-383-thread-1] INFO  impl.RoleInfo (RoleInfo.java:updateAndGet(143)) - 4be65ef0-72f4-4de4-8bf5-ede332b23e29: start FollowerState
2019-10-02 20:19:46,843 [pool-383-thread-1] INFO  util.JmxRegister (JmxRegister.java:tryRegister(44)) - Successfully registered JMX Bean with object name Ratis:service=RaftServer,group=group-9B1B965CC8B9,id=4be65ef0-72f4-4de4-8bf5-ede332b23e29
2019-10-02 20:19:46,848 [RatisPipelineUtilsThread] INFO  pipeline.PipelineStateManager (PipelineStateManager.java:addPipeline(56)) - Created pipeline Pipeline[ Id: eb430254-2566-4a4f-805d-9b1b965cc8b9, Nodes: 4be65ef0-72f4-4de4-8bf5-ede332b23e29{ip: 192.168.157.242, host: pr-hdds-2223-zp5j9-3680597336, networkLocation: /default-rack, certSerialId: null}, Type:RATIS, Factor:ONE, State:OPEN]
2019-10-02 20:19:46,855 [grpc-default-executor-6] INFO  impl.RaftServerProxy (RaftServerProxy.java:addNew(89)) - 479b9343-7eb9-4ab5-a1a7-db6c01c8695c: addNew group-D8BE03A4A611:[479b9343-7eb9-4ab5-a1a7-db6c01c8695c:192.168.157.242:40470] returns group-D8BE03A4A611:java.util.concurrent.CompletableFuture@784e882[Not completed]
2019-10-02 20:19:46,856 [pool-393-thread-1] INFO  impl.RaftServerImpl (RaftServerImpl.java:<init>(95)) - 479b9343-7eb9-4ab5-a1a7-db6c01c8695c: new RaftServerImpl for group-D8BE03A4A611:[479b9343-7eb9-4ab5-a1a7-db6c01c8695c:192.168.157.242:40470] with ContainerStateMachine:uninitialized
2019-10-02 20:19:46,856 [pool-393-thread-1] INFO  server.RaftServerConfigKeys (ConfUtils.java:logGet(43)) - raft.server.rpc.timeout.min = 5s (custom)
2019-10-02 20:19:46,856 [pool-393-thread-1] INFO  server.RaftServerConfigKeys (ConfUtils.java:logGet(43)) - raft.server.rpc.timeout.max = 5200ms (custom)
2019-10-02 20:19:46,856 [pool-393-thread-1] INFO  server.RaftServerConfigKeys (ConfUtils.java:logGet(43)) - raft.server.rpcslowness.timeout = 120s (custom)
2019-10-02 20:19:46,856 [pool-393-thread-1] INFO  server.RaftServerConfigKeys (ConfUtils.java:logGet(43)) - raft.server.sleep.deviation.threshold = 300 (default)
2019-10-02 20:19:46,856 [pool-393-thread-1] INFO  server.RaftServerConfigKeys (ConfUtils.java:logGet(43)) - raft.server.log.appender.install.snapshot.enabled = false (custom)
2019-10-02 20:19:46,856 [pool-393-thread-1] INFO  impl.RaftServerImpl (ServerState.java:<init>(103)) - 479b9343-7eb9-4ab5-a1a7-db6c01c8695c@group-D8BE03A4A611: ConfigurationManager, init=-1: [479b9343-7eb9-4ab5-a1a7-db6c01c8695c:192.168.157.242:40470], old=null, confs=<EMPTY_MAP>
2019-10-02 20:19:46,857 [pool-393-thread-1] INFO  server.RaftServerConfigKeys (ConfUtils.java:logGet(43)) - raft.server.storage.dir = [/workdir/hadoop-ozone/integration-test/target/test-dir/MiniOzoneClusterImpl-8710202a-694f-4f87-8fa9-db9181168db2/datanode-1/data/ratis] (custom)
2019-10-02 20:19:46,857 [pool-393-thread-1] INFO  server.RaftServerConfigKeys (ConfUtils.java:logGet(43)) - raft.server.log.corruption.policy = EXCEPTION (default)
2019-10-02 20:19:46,857 [pool-393-thread-1] INFO  storage.RaftStorageDirectory (RaftStorageDirectory.java:analyzeStorage(246)) - The storage directory /workdir/hadoop-ozone/integration-test/target/test-dir/MiniOzoneClusterImpl-8710202a-694f-4f87-8fa9-db9181168db2/datanode-1/data/ratis/87690356-e987-46c5-b32b-d8be03a4a611 does not exist. Creating ...
2019-10-02 20:19:46,871 [pool-393-thread-1] INFO  storage.RaftStorageDirectory (RaftStorageDirectory.java:tryLock(328)) - Lock on /workdir/hadoop-ozone/integration-test/target/test-dir/MiniOzoneClusterImpl-8710202a-694f-4f87-8fa9-db9181168db2/datanode-1/data/ratis/87690356-e987-46c5-b32b-d8be03a4a611/in_use.lock acquired by nodename 4745@pr-hdds-2223-zp5j9-3680597336
2019-10-02 20:19:46,883 [pool-393-thread-1] INFO  storage.RaftStorage (RaftStorage.java:format(84)) - Storage directory /workdir/hadoop-ozone/integration-test/target/test-dir/MiniOzoneClusterImpl-8710202a-694f-4f87-8fa9-db9181168db2/datanode-1/data/ratis/87690356-e987-46c5-b32b-d8be03a4a611 has been successfully formatted.
2019-10-02 20:19:46,883 [pool-393-thread-1] INFO  ratis.ContainerStateMachine (ContainerStateMachine.java:loadSnapshot(230)) - group-D8BE03A4A611: The snapshot info is null. Setting the last applied indexto:(t:0, i:~)
2019-10-02 20:19:46,883 [pool-393-thread-1] INFO  server.RaftServerConfigKeys (ConfUtils.java:logGet(43)) - raft.server.notification.no-leader.timeout = 120s (custom)
2019-10-02 20:19:46,884 [pool-393-thread-1] INFO  server.RaftServerConfigKeys (ConfUtils.java:logGet(43)) - raft.server.log.use.memory = false (default)
2019-10-02 20:19:46,884 [pool-393-thread-1] INFO  server.RaftServerConfigKeys (ConfUtils.java:logGet(43)) - raft.server.log.purge.gap = 1000000 (custom)
2019-10-02 20:19:46,884 [pool-393-thread-1] INFO  server.RaftServerConfigKeys (ConfUtils.java:logGet(43)) - raft.server.log.appender.buffer.byte-limit = 33554432 (custom)
2019-10-02 20:19:46,884 [pool-393-thread-1] INFO  server.RaftServerConfigKeys (ConfUtils.java:logGet(43)) - raft.server.log.segment.size.max = 1048576 (custom)
2019-10-02 20:19:46,885 [pool-393-thread-1] INFO  server.RaftServerConfigKeys (ConfUtils.java:logGet(43)) - raft.server.log.segment.cache.num.max = 2 (custom)
2019-10-02 20:19:46,885 [pool-393-thread-1] INFO  segmented.SegmentedRaftLogWorker (SegmentedRaftLogWorker.java:<init>(173)) - new 479b9343-7eb9-4ab5-a1a7-db6c01c8695c@group-D8BE03A4A611-SegmentedRaftLogWorker for RaftStorage:Storage Directory /workdir/hadoop-ozone/integration-test/target/test-dir/MiniOzoneClusterImpl-8710202a-694f-4f87-8fa9-db9181168db2/datanode-1/data/ratis/87690356-e987-46c5-b32b-d8be03a4a611
2019-10-02 20:19:46,885 [pool-393-thread-1] INFO  server.RaftServerConfigKeys (ConfUtils.java:logGet(43)) - raft.server.log.queue.byte-limit = 2147483647 (custom)
2019-10-02 20:19:46,885 [pool-393-thread-1] INFO  server.RaftServerConfigKeys (ConfUtils.java:logGet(43)) - raft.server.log.queue.element-limit = 1024 (custom)
2019-10-02 20:19:46,885 [pool-393-thread-1] INFO  server.RaftServerConfigKeys (ConfUtils.java:logGet(43)) - raft.server.log.segment.size.max = 1048576 (custom)
2019-10-02 20:19:46,885 [pool-393-thread-1] INFO  server.RaftServerConfigKeys (ConfUtils.java:logGet(43)) - raft.server.log.preallocated.size = 16384 (custom)
2019-10-02 20:19:46,885 [pool-393-thread-1] INFO  server.RaftServerConfigKeys (ConfUtils.java:logGet(43)) - raft.server.log.write.buffer.size = 33554432 (custom)
2019-10-02 20:19:46,885 [pool-393-thread-1] INFO  server.RaftServerConfigKeys (ConfUtils.java:logGet(43)) - raft.server.log.force.sync.num = 128 (default)
2019-10-02 20:19:46,886 [pool-393-thread-1] INFO  server.RaftServerConfigKeys (ConfUtils.java:logGet(43)) - raft.server.log.statemachine.data.sync = true (default)
2019-10-02 20:19:46,886 [pool-393-thread-1] INFO  server.RaftServerConfigKeys (ConfUtils.java:logGet(43)) - raft.server.log.statemachine.data.sync.timeout = 10s (default)
2019-10-02 20:19:46,886 [pool-393-thread-1] INFO  server.RaftServerConfigKeys (ConfUtils.java:logGet(43)) - raft.server.log.statemachine.data.sync.timeout.retry = -1 (default)
2019-10-02 20:19:46,886 [pool-393-thread-1] INFO  server.RaftServerConfigKeys (ConfUtils.java:logGet(43)) - raft.server.log.statemachine.data.caching.enabled = true (custom)
2019-10-02 20:19:46,886 [pool-393-thread-1] INFO  segmented.SegmentedRaftLogWorker (SegmentedRaftLogWorker.java:lambda$new$0(128)) - 479b9343-7eb9-4ab5-a1a7-db6c01c8695c@group-D8BE03A4A611-SegmentedRaftLogWorker: flushIndex: setUnconditionally 0 -> -1
2019-10-02 20:19:46,886 [pool-393-thread-1] INFO  server.RaftServerConfigKeys (ConfUtils.java:logGet(43)) - raft.server.snapshot.auto.trigger.enabled = true (custom)
2019-10-02 20:19:46,886 [pool-393-thread-1] INFO  server.RaftServerConfigKeys (ConfUtils.java:logGet(43)) - raft.server.snapshot.auto.trigger.threshold = 10000 (custom)
2019-10-02 20:19:46,887 [pool-393-thread-1] INFO  server.RaftServerConfigKeys (ConfUtils.java:logGet(43)) - raft.server.snapshot.retention.file.num = 5 (custom)
2019-10-02 20:19:46,887 [pool-393-thread-1] INFO  server.RaftServerConfigKeys (ConfUtils.java:logGet(43)) - raft.server.retrycache.expirytime = 600000ms (custom)
2019-10-02 20:19:46,888 [pool-393-thread-1] INFO  impl.RaftServerImpl (RaftServerImpl.java:start(181)) - 479b9343-7eb9-4ab5-a1a7-db6c01c8695c@group-D8BE03A4A611: start as a follower, conf=-1: [479b9343-7eb9-4ab5-a1a7-db6c01c8695c:192.168.157.242:40470], old=null
2019-10-02 20:19:46,888 [pool-393-thread-1] INFO  impl.RaftServerImpl (RaftServerImpl.java:setRole(170)) - 479b9343-7eb9-4ab5-a1a7-db6c01c8695c@group-D8BE03A4A611: changes role from      null to FOLLOWER at term 0 for startAsFollower
2019-10-02 20:19:46,888 [pool-393-thread-1] INFO  impl.RoleInfo (RoleInfo.java:updateAndGet(143)) - 479b9343-7eb9-4ab5-a1a7-db6c01c8695c: start FollowerState
2019-10-02 20:19:46,888 [pool-393-thread-1] INFO  util.JmxRegister (JmxRegister.java:tryRegister(44)) - Successfully registered JMX Bean with object name Ratis:service=RaftServer,group=group-D8BE03A4A611,id=479b9343-7eb9-4ab5-a1a7-db6c01c8695c
2019-10-02 20:19:46,891 [RatisPipelineUtilsThread] INFO  pipeline.PipelineStateManager (PipelineStateManager.java:addPipeline(56)) - Created pipeline Pipeline[ Id: 87690356-e987-46c5-b32b-d8be03a4a611, Nodes: 479b9343-7eb9-4ab5-a1a7-db6c01c8695c{ip: 192.168.157.242, host: pr-hdds-2223-zp5j9-3680597336, networkLocation: /default-rack, certSerialId: null}, Type:RATIS, Factor:ONE, State:OPEN]
2019-10-02 20:19:46,895 [IPC Server handler 7 on 43750] INFO  net.NetworkTopology (NetworkTopologyImpl.java:add(111)) - Added a new node: /default-rack/12943b43-04f6-4d18-8197-3955007d3056
2019-10-02 20:19:46,895 [IPC Server handler 7 on 43750] INFO  node.SCMNodeManager (SCMNodeManager.java:register(266)) - Registered Data node : 12943b43-04f6-4d18-8197-3955007d3056{ip: 192.168.157.242, host: pr-hdds-2223-zp5j9-3680597336, networkLocation: /default-rack, certSerialId: null}
2019-10-02 20:19:46,902 [grpc-default-executor-6] INFO  impl.RaftServerProxy (RaftServerProxy.java:addNew(89)) - 12943b43-04f6-4d18-8197-3955007d3056: addNew group-4079831A0141:[12943b43-04f6-4d18-8197-3955007d3056:192.168.157.242:39499] returns group-4079831A0141:java.util.concurrent.CompletableFuture@48db726a[Not completed]
2019-10-02 20:19:46,903 [pool-403-thread-1] INFO  impl.RaftServerImpl (RaftServerImpl.java:<init>(95)) - 12943b43-04f6-4d18-8197-3955007d3056: new RaftServerImpl for group-4079831A0141:[12943b43-04f6-4d18-8197-3955007d3056:192.168.157.242:39499] with ContainerStateMachine:uninitialized
2019-10-02 20:19:46,903 [pool-403-thread-1] INFO  server.RaftServerConfigKeys (ConfUtils.java:logGet(43)) - raft.server.rpc.timeout.min = 5s (custom)
2019-10-02 20:19:46,903 [pool-403-thread-1] INFO  server.RaftServerConfigKeys (ConfUtils.java:logGet(43)) - raft.server.rpc.timeout.max = 5200ms (custom)
2019-10-02 20:19:46,903 [pool-403-thread-1] INFO  server.RaftServerConfigKeys (ConfUtils.java:logGet(43)) - raft.server.rpcslowness.timeout = 120s (custom)
2019-10-02 20:19:46,903 [pool-403-thread-1] INFO  server.RaftServerConfigKeys (ConfUtils.java:logGet(43)) - raft.server.sleep.deviation.threshold = 300 (default)
2019-10-02 20:19:46,903 [pool-403-thread-1] INFO  server.RaftServerConfigKeys (ConfUtils.java:logGet(43)) - raft.server.log.appender.install.snapshot.enabled = false (custom)
2019-10-02 20:19:46,903 [pool-403-thread-1] INFO  impl.RaftServerImpl (ServerState.java:<init>(103)) - 12943b43-04f6-4d18-8197-3955007d3056@group-4079831A0141: ConfigurationManager, init=-1: [12943b43-04f6-4d18-8197-3955007d3056:192.168.157.242:39499], old=null, confs=<EMPTY_MAP>
2019-10-02 20:19:46,903 [pool-403-thread-1] INFO  server.RaftServerConfigKeys (ConfUtils.java:logGet(43)) - raft.server.storage.dir = [/workdir/hadoop-ozone/integration-test/target/test-dir/MiniOzoneClusterImpl-8710202a-694f-4f87-8fa9-db9181168db2/datanode-2/data/ratis] (custom)
2019-10-02 20:19:46,904 [pool-403-thread-1] INFO  server.RaftServerConfigKeys (ConfUtils.java:logGet(43)) - raft.server.log.corruption.policy = EXCEPTION (default)
2019-10-02 20:19:46,904 [pool-403-thread-1] INFO  storage.RaftStorageDirectory (RaftStorageDirectory.java:analyzeStorage(246)) - The storage directory /workdir/hadoop-ozone/integration-test/target/test-dir/MiniOzoneClusterImpl-8710202a-694f-4f87-8fa9-db9181168db2/datanode-2/data/ratis/7337e464-fc82-4b3a-8d72-4079831a0141 does not exist. Creating ...
2019-10-02 20:19:46,916 [pool-403-thread-1] INFO  storage.RaftStorageDirectory (RaftStorageDirectory.java:tryLock(328)) - Lock on /workdir/hadoop-ozone/integration-test/target/test-dir/MiniOzoneClusterImpl-8710202a-694f-4f87-8fa9-db9181168db2/datanode-2/data/ratis/7337e464-fc82-4b3a-8d72-4079831a0141/in_use.lock acquired by nodename 4745@pr-hdds-2223-zp5j9-3680597336
2019-10-02 20:19:46,929 [pool-403-thread-1] INFO  storage.RaftStorage (RaftStorage.java:format(84)) - Storage directory /workdir/hadoop-ozone/integration-test/target/test-dir/MiniOzoneClusterImpl-8710202a-694f-4f87-8fa9-db9181168db2/datanode-2/data/ratis/7337e464-fc82-4b3a-8d72-4079831a0141 has been successfully formatted.
2019-10-02 20:19:46,929 [pool-403-thread-1] INFO  ratis.ContainerStateMachine (ContainerStateMachine.java:loadSnapshot(230)) - group-4079831A0141: The snapshot info is null. Setting the last applied indexto:(t:0, i:~)
2019-10-02 20:19:46,929 [pool-403-thread-1] INFO  server.RaftServerConfigKeys (ConfUtils.java:logGet(43)) - raft.server.notification.no-leader.timeout = 120s (custom)
2019-10-02 20:19:46,929 [pool-403-thread-1] INFO  server.RaftServerConfigKeys (ConfUtils.java:logGet(43)) - raft.server.log.use.memory = false (default)
2019-10-02 20:19:46,929 [pool-403-thread-1] INFO  server.RaftServerConfigKeys (ConfUtils.java:logGet(43)) - raft.server.log.purge.gap = 1000000 (custom)
2019-10-02 20:19:46,929 [pool-403-thread-1] INFO  server.RaftServerConfigKeys (ConfUtils.java:logGet(43)) - raft.server.log.appender.buffer.byte-limit = 33554432 (custom)
2019-10-02 20:19:46,929 [pool-403-thread-1] INFO  server.RaftServerConfigKeys (ConfUtils.java:logGet(43)) - raft.server.log.segment.size.max = 1048576 (custom)
2019-10-02 20:19:46,930 [pool-403-thread-1] INFO  server.RaftServerConfigKeys (ConfUtils.java:logGet(43)) - raft.server.log.segment.cache.num.max = 2 (custom)
2019-10-02 20:19:46,930 [pool-403-thread-1] INFO  segmented.SegmentedRaftLogWorker (SegmentedRaftLogWorker.java:<init>(173)) - new 12943b43-04f6-4d18-8197-3955007d3056@group-4079831A0141-SegmentedRaftLogWorker for RaftStorage:Storage Directory /workdir/hadoop-ozone/integration-test/target/test-dir/MiniOzoneClusterImpl-8710202a-694f-4f87-8fa9-db9181168db2/datanode-2/data/ratis/7337e464-fc82-4b3a-8d72-4079831a0141
2019-10-02 20:19:46,930 [pool-403-thread-1] INFO  server.RaftServerConfigKeys (ConfUtils.java:logGet(43)) - raft.server.log.queue.byte-limit = 2147483647 (custom)
2019-10-02 20:19:46,931 [pool-403-thread-1] INFO  server.RaftServerConfigKeys (ConfUtils.java:logGet(43)) - raft.server.log.queue.element-limit = 1024 (custom)
2019-10-02 20:19:46,931 [pool-403-thread-1] INFO  server.RaftServerConfigKeys (ConfUtils.java:logGet(43)) - raft.server.log.segment.size.max = 1048576 (custom)
2019-10-02 20:19:46,931 [pool-403-thread-1] INFO  server.RaftServerConfigKeys (ConfUtils.java:logGet(43)) - raft.server.log.preallocated.size = 16384 (custom)
2019-10-02 20:19:46,931 [pool-403-thread-1] INFO  server.RaftServerConfigKeys (ConfUtils.java:logGet(43)) - raft.server.log.write.buffer.size = 33554432 (custom)
2019-10-02 20:19:46,931 [pool-403-thread-1] INFO  server.RaftServerConfigKeys (ConfUtils.java:logGet(43)) - raft.server.log.force.sync.num = 128 (default)
2019-10-02 20:19:46,931 [pool-403-thread-1] INFO  server.RaftServerConfigKeys (ConfUtils.java:logGet(43)) - raft.server.log.statemachine.data.sync = true (default)
2019-10-02 20:19:46,931 [pool-403-thread-1] INFO  server.RaftServerConfigKeys (ConfUtils.java:logGet(43)) - raft.server.log.statemachine.data.sync.timeout = 10s (default)
2019-10-02 20:19:46,931 [pool-403-thread-1] INFO  server.RaftServerConfigKeys (ConfUtils.java:logGet(43)) - raft.server.log.statemachine.data.sync.timeout.retry = -1 (default)
2019-10-02 20:19:46,931 [pool-403-thread-1] INFO  server.RaftServerConfigKeys (ConfUtils.java:logGet(43)) - raft.server.log.statemachine.data.caching.enabled = true (custom)
2019-10-02 20:19:46,932 [pool-403-thread-1] INFO  segmented.SegmentedRaftLogWorker (SegmentedRaftLogWorker.java:lambda$new$0(128)) - 12943b43-04f6-4d18-8197-3955007d3056@group-4079831A0141-SegmentedRaftLogWorker: flushIndex: setUnconditionally 0 -> -1
2019-10-02 20:19:46,932 [pool-403-thread-1] INFO  server.RaftServerConfigKeys (ConfUtils.java:logGet(43)) - raft.server.snapshot.auto.trigger.enabled = true (custom)
2019-10-02 20:19:46,932 [pool-403-thread-1] INFO  server.RaftServerConfigKeys (ConfUtils.java:logGet(43)) - raft.server.snapshot.auto.trigger.threshold = 10000 (custom)
2019-10-02 20:19:46,932 [pool-403-thread-1] INFO  server.RaftServerConfigKeys (ConfUtils.java:logGet(43)) - raft.server.snapshot.retention.file.num = 5 (custom)
2019-10-02 20:19:46,932 [pool-403-thread-1] INFO  server.RaftServerConfigKeys (ConfUtils.java:logGet(43)) - raft.server.retrycache.expirytime = 600000ms (custom)
2019-10-02 20:19:46,933 [pool-403-thread-1] INFO  impl.RaftServerImpl (RaftServerImpl.java:start(181)) - 12943b43-04f6-4d18-8197-3955007d3056@group-4079831A0141: start as a follower, conf=-1: [12943b43-04f6-4d18-8197-3955007d3056:192.168.157.242:39499], old=null
2019-10-02 20:19:46,933 [pool-403-thread-1] INFO  impl.RaftServerImpl (RaftServerImpl.java:setRole(170)) - 12943b43-04f6-4d18-8197-3955007d3056@group-4079831A0141: changes role from      null to FOLLOWER at term 0 for startAsFollower
2019-10-02 20:19:46,933 [pool-403-thread-1] INFO  impl.RoleInfo (RoleInfo.java:updateAndGet(143)) - 12943b43-04f6-4d18-8197-3955007d3056: start FollowerState
2019-10-02 20:19:46,933 [pool-403-thread-1] INFO  util.JmxRegister (JmxRegister.java:tryRegister(44)) - Successfully registered JMX Bean with object name Ratis:service=RaftServer,group=group-4079831A0141,id=12943b43-04f6-4d18-8197-3955007d3056
2019-10-02 20:19:46,937 [RatisPipelineUtilsThread] INFO  pipeline.PipelineStateManager (PipelineStateManager.java:addPipeline(56)) - Created pipeline Pipeline[ Id: 7337e464-fc82-4b3a-8d72-4079831a0141, Nodes: 12943b43-04f6-4d18-8197-3955007d3056{ip: 192.168.157.242, host: pr-hdds-2223-zp5j9-3680597336, networkLocation: /default-rack, certSerialId: null}, Type:RATIS, Factor:ONE, State:OPEN]
2019-10-02 20:19:46,952 [grpc-default-executor-0] INFO  impl.RaftServerProxy (RaftServerProxy.java:addNew(89)) - 4be65ef0-72f4-4de4-8bf5-ede332b23e29: addNew group-36CC0C9B7834:[4be65ef0-72f4-4de4-8bf5-ede332b23e29:192.168.157.242:35399, 12943b43-04f6-4d18-8197-3955007d3056:192.168.157.242:39499, 479b9343-7eb9-4ab5-a1a7-db6c01c8695c:192.168.157.242:40470] returns group-36CC0C9B7834:java.util.concurrent.CompletableFuture@1a512ee2[Not completed]
2019-10-02 20:19:46,952 [grpc-default-executor-0] INFO  impl.RaftServerProxy (RaftServerProxy.java:addNew(89)) - 12943b43-04f6-4d18-8197-3955007d3056: addNew group-36CC0C9B7834:[4be65ef0-72f4-4de4-8bf5-ede332b23e29:192.168.157.242:35399, 12943b43-04f6-4d18-8197-3955007d3056:192.168.157.242:39499, 479b9343-7eb9-4ab5-a1a7-db6c01c8695c:192.168.157.242:40470] returns group-36CC0C9B7834:java.util.concurrent.CompletableFuture@18e1ecda[Not completed]
2019-10-02 20:19:46,953 [pool-383-thread-1] INFO  impl.RaftServerImpl (RaftServerImpl.java:<init>(95)) - 4be65ef0-72f4-4de4-8bf5-ede332b23e29: new RaftServerImpl for group-36CC0C9B7834:[4be65ef0-72f4-4de4-8bf5-ede332b23e29:192.168.157.242:35399, 12943b43-04f6-4d18-8197-3955007d3056:192.168.157.242:39499, 479b9343-7eb9-4ab5-a1a7-db6c01c8695c:192.168.157.242:40470] with ContainerStateMachine:uninitialized
2019-10-02 20:19:46,953 [grpc-default-executor-6] INFO  impl.RaftServerProxy (RaftServerProxy.java:addNew(89)) - 479b9343-7eb9-4ab5-a1a7-db6c01c8695c: addNew group-36CC0C9B7834:[4be65ef0-72f4-4de4-8bf5-ede332b23e29:192.168.157.242:35399, 12943b43-04f6-4d18-8197-3955007d3056:192.168.157.242:39499, 479b9343-7eb9-4ab5-a1a7-db6c01c8695c:192.168.157.242:40470] returns group-36CC0C9B7834:java.util.concurrent.CompletableFuture@627246df[Not completed]
2019-10-02 20:19:46,953 [pool-403-thread-1] INFO  impl.RaftServerImpl (RaftServerImpl.java:<init>(95)) - 12943b43-04f6-4d18-8197-3955007d3056: new RaftServerImpl for group-36CC0C9B7834:[4be65ef0-72f4-4de4-8bf5-ede332b23e29:192.168.157.242:35399, 12943b43-04f6-4d18-8197-3955007d3056:192.168.157.242:39499, 479b9343-7eb9-4ab5-a1a7-db6c01c8695c:192.168.157.242:40470] with ContainerStateMachine:uninitialized
2019-10-02 20:19:46,953 [pool-383-thread-1] INFO  server.RaftServerConfigKeys (ConfUtils.java:logGet(43)) - raft.server.rpc.timeout.min = 5s (custom)
2019-10-02 20:19:46,953 [pool-403-thread-1] INFO  server.RaftServerConfigKeys (ConfUtils.java:logGet(43)) - raft.server.rpc.timeout.min = 5s (custom)
2019-10-02 20:19:46,953 [pool-383-thread-1] INFO  server.RaftServerConfigKeys (ConfUtils.java:logGet(43)) - raft.server.rpc.timeout.max = 5200ms (custom)
2019-10-02 20:19:46,953 [pool-403-thread-1] INFO  server.RaftServerConfigKeys (ConfUtils.java:logGet(43)) - raft.server.rpc.timeout.max = 5200ms (custom)
2019-10-02 20:19:46,954 [pool-383-thread-1] INFO  server.RaftServerConfigKeys (ConfUtils.java:logGet(43)) - raft.server.rpcslowness.timeout = 120s (custom)
2019-10-02 20:19:46,954 [pool-403-thread-1] INFO  server.RaftServerConfigKeys (ConfUtils.java:logGet(43)) - raft.server.rpcslowness.timeout = 120s (custom)
2019-10-02 20:19:46,954 [pool-383-thread-1] INFO  server.RaftServerConfigKeys (ConfUtils.java:logGet(43)) - raft.server.sleep.deviation.threshold = 300 (default)
2019-10-02 20:19:46,954 [pool-393-thread-1] INFO  impl.RaftServerImpl (RaftServerImpl.java:<init>(95)) - 479b9343-7eb9-4ab5-a1a7-db6c01c8695c: new RaftServerImpl for group-36CC0C9B7834:[4be65ef0-72f4-4de4-8bf5-ede332b23e29:192.168.157.242:35399, 12943b43-04f6-4d18-8197-3955007d3056:192.168.157.242:39499, 479b9343-7eb9-4ab5-a1a7-db6c01c8695c:192.168.157.242:40470] with ContainerStateMachine:uninitialized
2019-10-02 20:19:46,954 [pool-403-thread-1] INFO  server.RaftServerConfigKeys (ConfUtils.java:logGet(43)) - raft.server.sleep.deviation.threshold = 300 (default)
2019-10-02 20:19:46,954 [pool-393-thread-1] INFO  server.RaftServerConfigKeys (ConfUtils.java:logGet(43)) - raft.server.rpc.timeout.min = 5s (custom)
2019-10-02 20:19:46,954 [pool-383-thread-1] INFO  server.RaftServerConfigKeys (ConfUtils.java:logGet(43)) - raft.server.log.appender.install.snapshot.enabled = false (custom)
2019-10-02 20:19:46,954 [pool-393-thread-1] INFO  server.RaftServerConfigKeys (ConfUtils.java:logGet(43)) - raft.server.rpc.timeout.max = 5200ms (custom)
2019-10-02 20:19:46,955 [pool-393-thread-1] INFO  server.RaftServerConfigKeys (ConfUtils.java:logGet(43)) - raft.server.rpcslowness.timeout = 120s (custom)
2019-10-02 20:19:46,954 [pool-403-thread-1] INFO  server.RaftServerConfigKeys (ConfUtils.java:logGet(43)) - raft.server.log.appender.install.snapshot.enabled = false (custom)
2019-10-02 20:19:46,955 [pool-393-thread-1] INFO  server.RaftServerConfigKeys (ConfUtils.java:logGet(43)) - raft.server.sleep.deviation.threshold = 300 (default)
2019-10-02 20:19:46,954 [pool-383-thread-1] INFO  impl.RaftServerImpl (ServerState.java:<init>(103)) - 4be65ef0-72f4-4de4-8bf5-ede332b23e29@group-36CC0C9B7834: ConfigurationManager, init=-1: [4be65ef0-72f4-4de4-8bf5-ede332b23e29:192.168.157.242:35399, 12943b43-04f6-4d18-8197-3955007d3056:192.168.157.242:39499, 479b9343-7eb9-4ab5-a1a7-db6c01c8695c:192.168.157.242:40470], old=null, confs=<EMPTY_MAP>
2019-10-02 20:19:46,955 [pool-393-thread-1] INFO  server.RaftServerConfigKeys (ConfUtils.java:logGet(43)) - raft.server.log.appender.install.snapshot.enabled = false (custom)
2019-10-02 20:19:46,955 [pool-403-thread-1] INFO  impl.RaftServerImpl (ServerState.java:<init>(103)) - 12943b43-04f6-4d18-8197-3955007d3056@group-36CC0C9B7834: ConfigurationManager, init=-1: [4be65ef0-72f4-4de4-8bf5-ede332b23e29:192.168.157.242:35399, 12943b43-04f6-4d18-8197-3955007d3056:192.168.157.242:39499, 479b9343-7eb9-4ab5-a1a7-db6c01c8695c:192.168.157.242:40470], old=null, confs=<EMPTY_MAP>
2019-10-02 20:19:46,955 [pool-393-thread-1] INFO  impl.RaftServerImpl (ServerState.java:<init>(103)) - 479b9343-7eb9-4ab5-a1a7-db6c01c8695c@group-36CC0C9B7834: ConfigurationManager, init=-1: [4be65ef0-72f4-4de4-8bf5-ede332b23e29:192.168.157.242:35399, 12943b43-04f6-4d18-8197-3955007d3056:192.168.157.242:39499, 479b9343-7eb9-4ab5-a1a7-db6c01c8695c:192.168.157.242:40470], old=null, confs=<EMPTY_MAP>
2019-10-02 20:19:46,955 [pool-383-thread-1] INFO  server.RaftServerConfigKeys (ConfUtils.java:logGet(43)) - raft.server.storage.dir = [/workdir/hadoop-ozone/integration-test/target/test-dir/MiniOzoneClusterImpl-8710202a-694f-4f87-8fa9-db9181168db2/datanode-0/data/ratis] (custom)
2019-10-02 20:19:46,956 [pool-393-thread-1] INFO  server.RaftServerConfigKeys (ConfUtils.java:logGet(43)) - raft.server.storage.dir = [/workdir/hadoop-ozone/integration-test/target/test-dir/MiniOzoneClusterImpl-8710202a-694f-4f87-8fa9-db9181168db2/datanode-1/data/ratis] (custom)
2019-10-02 20:19:46,956 [pool-383-thread-1] INFO  server.RaftServerConfigKeys (ConfUtils.java:logGet(43)) - raft.server.log.corruption.policy = EXCEPTION (default)
2019-10-02 20:19:46,955 [pool-403-thread-1] INFO  server.RaftServerConfigKeys (ConfUtils.java:logGet(43)) - raft.server.storage.dir = [/workdir/hadoop-ozone/integration-test/target/test-dir/MiniOzoneClusterImpl-8710202a-694f-4f87-8fa9-db9181168db2/datanode-2/data/ratis] (custom)
2019-10-02 20:19:46,956 [pool-383-thread-1] INFO  storage.RaftStorageDirectory (RaftStorageDirectory.java:analyzeStorage(246)) - The storage directory /workdir/hadoop-ozone/integration-test/target/test-dir/MiniOzoneClusterImpl-8710202a-694f-4f87-8fa9-db9181168db2/datanode-0/data/ratis/090ab1cf-2f6a-4153-ad96-36cc0c9b7834 does not exist. Creating ...
2019-10-02 20:19:46,956 [pool-403-thread-1] INFO  server.RaftServerConfigKeys (ConfUtils.java:logGet(43)) - raft.server.log.corruption.policy = EXCEPTION (default)
2019-10-02 20:19:46,956 [pool-393-thread-1] INFO  server.RaftServerConfigKeys (ConfUtils.java:logGet(43)) - raft.server.log.corruption.policy = EXCEPTION (default)
2019-10-02 20:19:46,956 [pool-403-thread-1] INFO  storage.RaftStorageDirectory (RaftStorageDirectory.java:analyzeStorage(246)) - The storage directory /workdir/hadoop-ozone/integration-test/target/test-dir/MiniOzoneClusterImpl-8710202a-694f-4f87-8fa9-db9181168db2/datanode-2/data/ratis/090ab1cf-2f6a-4153-ad96-36cc0c9b7834 does not exist. Creating ...
2019-10-02 20:19:46,956 [pool-393-thread-1] INFO  storage.RaftStorageDirectory (RaftStorageDirectory.java:analyzeStorage(246)) - The storage directory /workdir/hadoop-ozone/integration-test/target/test-dir/MiniOzoneClusterImpl-8710202a-694f-4f87-8fa9-db9181168db2/datanode-1/data/ratis/090ab1cf-2f6a-4153-ad96-36cc0c9b7834 does not exist. Creating ...
2019-10-02 20:19:46,958 [IPC Server handler 8 on 43750] INFO  net.NetworkTopology (NetworkTopologyImpl.java:add(111)) - Added a new node: /default-rack/31b14a0e-f5bd-419a-afcf-ddc860b89cf3
2019-10-02 20:19:46,958 [IPC Server handler 8 on 43750] INFO  node.SCMNodeManager (SCMNodeManager.java:register(266)) - Registered Data node : 31b14a0e-f5bd-419a-afcf-ddc860b89cf3{ip: 192.168.157.242, host: pr-hdds-2223-zp5j9-3680597336, networkLocation: /default-rack, certSerialId: null}
2019-10-02 20:19:46,980 [pool-383-thread-1] INFO  storage.RaftStorageDirectory (RaftStorageDirectory.java:tryLock(328)) - Lock on /workdir/hadoop-ozone/integration-test/target/test-dir/MiniOzoneClusterImpl-8710202a-694f-4f87-8fa9-db9181168db2/datanode-0/data/ratis/090ab1cf-2f6a-4153-ad96-36cc0c9b7834/in_use.lock acquired by nodename 4745@pr-hdds-2223-zp5j9-3680597336
2019-10-02 20:19:46,980 [pool-393-thread-1] INFO  storage.RaftStorageDirectory (RaftStorageDirectory.java:tryLock(328)) - Lock on /workdir/hadoop-ozone/integration-test/target/test-dir/MiniOzoneClusterImpl-8710202a-694f-4f87-8fa9-db9181168db2/datanode-1/data/ratis/090ab1cf-2f6a-4153-ad96-36cc0c9b7834/in_use.lock acquired by nodename 4745@pr-hdds-2223-zp5j9-3680597336
2019-10-02 20:19:46,980 [pool-403-thread-1] INFO  storage.RaftStorageDirectory (RaftStorageDirectory.java:tryLock(328)) - Lock on /workdir/hadoop-ozone/integration-test/target/test-dir/MiniOzoneClusterImpl-8710202a-694f-4f87-8fa9-db9181168db2/datanode-2/data/ratis/090ab1cf-2f6a-4153-ad96-36cc0c9b7834/in_use.lock acquired by nodename 4745@pr-hdds-2223-zp5j9-3680597336
2019-10-02 20:19:47,005 [pool-383-thread-1] INFO  storage.RaftStorage (RaftStorage.java:format(84)) - Storage directory /workdir/hadoop-ozone/integration-test/target/test-dir/MiniOzoneClusterImpl-8710202a-694f-4f87-8fa9-db9181168db2/datanode-0/data/ratis/090ab1cf-2f6a-4153-ad96-36cc0c9b7834 has been successfully formatted.
2019-10-02 20:19:47,005 [pool-393-thread-1] INFO  storage.RaftStorage (RaftStorage.java:format(84)) - Storage directory /workdir/hadoop-ozone/integration-test/target/test-dir/MiniOzoneClusterImpl-8710202a-694f-4f87-8fa9-db9181168db2/datanode-1/data/ratis/090ab1cf-2f6a-4153-ad96-36cc0c9b7834 has been successfully formatted.
2019-10-02 20:19:47,006 [pool-383-thread-1] INFO  ratis.ContainerStateMachine (ContainerStateMachine.java:loadSnapshot(230)) - group-36CC0C9B7834: The snapshot info is null. Setting the last applied indexto:(t:0, i:~)
2019-10-02 20:19:47,006 [pool-393-thread-1] INFO  ratis.ContainerStateMachine (ContainerStateMachine.java:loadSnapshot(230)) - group-36CC0C9B7834: The snapshot info is null. Setting the last applied indexto:(t:0, i:~)
2019-10-02 20:19:47,005 [pool-403-thread-1] INFO  storage.RaftStorage (RaftStorage.java:format(84)) - Storage directory /workdir/hadoop-ozone/integration-test/target/test-dir/MiniOzoneClusterImpl-8710202a-694f-4f87-8fa9-db9181168db2/datanode-2/data/ratis/090ab1cf-2f6a-4153-ad96-36cc0c9b7834 has been successfully formatted.
2019-10-02 20:19:47,006 [pool-393-thread-1] INFO  server.RaftServerConfigKeys (ConfUtils.java:logGet(43)) - raft.server.notification.no-leader.timeout = 120s (custom)
2019-10-02 20:19:47,006 [pool-383-thread-1] INFO  server.RaftServerConfigKeys (ConfUtils.java:logGet(43)) - raft.server.notification.no-leader.timeout = 120s (custom)
2019-10-02 20:19:47,006 [pool-393-thread-1] INFO  server.RaftServerConfigKeys (ConfUtils.java:logGet(43)) - raft.server.log.use.memory = false (default)
2019-10-02 20:19:47,006 [pool-403-thread-1] INFO  ratis.ContainerStateMachine (ContainerStateMachine.java:loadSnapshot(230)) - group-36CC0C9B7834: The snapshot info is null. Setting the last applied indexto:(t:0, i:~)
2019-10-02 20:19:47,007 [pool-393-thread-1] INFO  server.RaftServerConfigKeys (ConfUtils.java:logGet(43)) - raft.server.log.purge.gap = 1000000 (custom)
2019-10-02 20:19:47,006 [pool-383-thread-1] INFO  server.RaftServerConfigKeys (ConfUtils.java:logGet(43)) - raft.server.log.use.memory = false (default)
2019-10-02 20:19:47,007 [pool-393-thread-1] INFO  server.RaftServerConfigKeys (ConfUtils.java:logGet(43)) - raft.server.log.appender.buffer.byte-limit = 33554432 (custom)
2019-10-02 20:19:47,007 [pool-393-thread-1] INFO  server.RaftServerConfigKeys (ConfUtils.java:logGet(43)) - raft.server.log.segment.size.max = 1048576 (custom)
2019-10-02 20:19:47,007 [pool-403-thread-1] INFO  server.RaftServerConfigKeys (ConfUtils.java:logGet(43)) - raft.server.notification.no-leader.timeout = 120s (custom)
2019-10-02 20:19:47,007 [pool-393-thread-1] INFO  server.RaftServerConfigKeys (ConfUtils.java:logGet(43)) - raft.server.log.segment.cache.num.max = 2 (custom)
2019-10-02 20:19:47,007 [pool-383-thread-1] INFO  server.RaftServerConfigKeys (ConfUtils.java:logGet(43)) - raft.server.log.purge.gap = 1000000 (custom)
2019-10-02 20:19:47,008 [pool-393-thread-1] INFO  segmented.SegmentedRaftLogWorker (SegmentedRaftLogWorker.java:<init>(173)) - new 479b9343-7eb9-4ab5-a1a7-db6c01c8695c@group-36CC0C9B7834-SegmentedRaftLogWorker for RaftStorage:Storage Directory /workdir/hadoop-ozone/integration-test/target/test-dir/MiniOzoneClusterImpl-8710202a-694f-4f87-8fa9-db9181168db2/datanode-1/data/ratis/090ab1cf-2f6a-4153-ad96-36cc0c9b7834
2019-10-02 20:19:47,008 [pool-403-thread-1] INFO  server.RaftServerConfigKeys (ConfUtils.java:logGet(43)) - raft.server.log.use.memory = false (default)
2019-10-02 20:19:47,008 [pool-393-thread-1] INFO  server.RaftServerConfigKeys (ConfUtils.java:logGet(43)) - raft.server.log.queue.byte-limit = 2147483647 (custom)
2019-10-02 20:19:47,008 [pool-393-thread-1] INFO  server.RaftServerConfigKeys (ConfUtils.java:logGet(43)) - raft.server.log.queue.element-limit = 1024 (custom)
2019-10-02 20:19:47,008 [pool-383-thread-1] INFO  server.RaftServerConfigKeys (ConfUtils.java:logGet(43)) - raft.server.log.appender.buffer.byte-limit = 33554432 (custom)
2019-10-02 20:19:47,008 [pool-393-thread-1] INFO  server.RaftServerConfigKeys (ConfUtils.java:logGet(43)) - raft.server.log.segment.size.max = 1048576 (custom)
2019-10-02 20:19:47,009 [pool-393-thread-1] INFO  server.RaftServerConfigKeys (ConfUtils.java:logGet(43)) - raft.server.log.preallocated.size = 16384 (custom)
2019-10-02 20:19:47,008 [pool-403-thread-1] INFO  server.RaftServerConfigKeys (ConfUtils.java:logGet(43)) - raft.server.log.purge.gap = 1000000 (custom)
2019-10-02 20:19:47,009 [pool-393-thread-1] INFO  server.RaftServerConfigKeys (ConfUtils.java:logGet(43)) - raft.server.log.write.buffer.size = 33554432 (custom)
2019-10-02 20:19:47,009 [pool-383-thread-1] INFO  server.RaftServerConfigKeys (ConfUtils.java:logGet(43)) - raft.server.log.segment.size.max = 1048576 (custom)
2019-10-02 20:19:47,009 [pool-393-thread-1] INFO  server.RaftServerConfigKeys (ConfUtils.java:logGet(43)) - raft.server.log.force.sync.num = 128 (default)
2019-10-02 20:19:47,009 [pool-393-thread-1] INFO  server.RaftServerConfigKeys (ConfUtils.java:logGet(43)) - raft.server.log.statemachine.data.sync = true (default)
2019-10-02 20:19:47,009 [pool-403-thread-1] INFO  server.RaftServerConfigKeys (ConfUtils.java:logGet(43)) - raft.server.log.appender.buffer.byte-limit = 33554432 (custom)
2019-10-02 20:19:47,010 [pool-393-thread-1] INFO  server.RaftServerConfigKeys (ConfUtils.java:logGet(43)) - raft.server.log.statemachine.data.sync.timeout = 10s (default)
2019-10-02 20:19:47,009 [pool-383-thread-1] INFO  server.RaftServerConfigKeys (ConfUtils.java:logGet(43)) - raft.server.log.segment.cache.num.max = 2 (custom)
2019-10-02 20:19:47,010 [pool-393-thread-1] INFO  server.RaftServerConfigKeys (ConfUtils.java:logGet(43)) - raft.server.log.statemachine.data.sync.timeout.retry = -1 (default)
2019-10-02 20:19:47,010 [pool-403-thread-1] INFO  server.RaftServerConfigKeys (ConfUtils.java:logGet(43)) - raft.server.log.segment.size.max = 1048576 (custom)
2019-10-02 20:19:47,010 [pool-393-thread-1] INFO  server.RaftServerConfigKeys (ConfUtils.java:logGet(43)) - raft.server.log.statemachine.data.caching.enabled = true (custom)
2019-10-02 20:19:47,010 [pool-383-thread-1] INFO  segmented.SegmentedRaftLogWorker (SegmentedRaftLogWorker.java:<init>(173)) - new 4be65ef0-72f4-4de4-8bf5-ede332b23e29@group-36CC0C9B7834-SegmentedRaftLogWorker for RaftStorage:Storage Directory /workdir/hadoop-ozone/integration-test/target/test-dir/MiniOzoneClusterImpl-8710202a-694f-4f87-8fa9-db9181168db2/datanode-0/data/ratis/090ab1cf-2f6a-4153-ad96-36cc0c9b7834
2019-10-02 20:19:47,010 [pool-403-thread-1] INFO  server.RaftServerConfigKeys (ConfUtils.java:logGet(43)) - raft.server.log.segment.cache.num.max = 2 (custom)
2019-10-02 20:19:47,011 [pool-393-thread-1] INFO  segmented.SegmentedRaftLogWorker (SegmentedRaftLogWorker.java:lambda$new$0(128)) - 479b9343-7eb9-4ab5-a1a7-db6c01c8695c@group-36CC0C9B7834-SegmentedRaftLogWorker: flushIndex: setUnconditionally 0 -> -1
2019-10-02 20:19:47,011 [pool-383-thread-1] INFO  server.RaftServerConfigKeys (ConfUtils.java:logGet(43)) - raft.server.log.queue.byte-limit = 2147483647 (custom)
2019-10-02 20:19:47,011 [pool-383-thread-1] INFO  server.RaftServerConfigKeys (ConfUtils.java:logGet(43)) - raft.server.log.queue.element-limit = 1024 (custom)
2019-10-02 20:19:47,011 [pool-403-thread-1] INFO  segmented.SegmentedRaftLogWorker (SegmentedRaftLogWorker.java:<init>(173)) - new 12943b43-04f6-4d18-8197-3955007d3056@group-36CC0C9B7834-SegmentedRaftLogWorker for RaftStorage:Storage Directory /workdir/hadoop-ozone/integration-test/target/test-dir/MiniOzoneClusterImpl-8710202a-694f-4f87-8fa9-db9181168db2/datanode-2/data/ratis/090ab1cf-2f6a-4153-ad96-36cc0c9b7834
2019-10-02 20:19:47,011 [pool-383-thread-1] INFO  server.RaftServerConfigKeys (ConfUtils.java:logGet(43)) - raft.server.log.segment.size.max = 1048576 (custom)
2019-10-02 20:19:47,011 [pool-393-thread-1] INFO  server.RaftServerConfigKeys (ConfUtils.java:logGet(43)) - raft.server.snapshot.auto.trigger.enabled = true (custom)
2019-10-02 20:19:47,012 [pool-383-thread-1] INFO  server.RaftServerConfigKeys (ConfUtils.java:logGet(43)) - raft.server.log.preallocated.size = 16384 (custom)
2019-10-02 20:19:47,012 [pool-383-thread-1] INFO  server.RaftServerConfigKeys (ConfUtils.java:logGet(43)) - raft.server.log.write.buffer.size = 33554432 (custom)
2019-10-02 20:19:47,011 [pool-403-thread-1] INFO  server.RaftServerConfigKeys (ConfUtils.java:logGet(43)) - raft.server.log.queue.byte-limit = 2147483647 (custom)
2019-10-02 20:19:47,012 [pool-383-thread-1] INFO  server.RaftServerConfigKeys (ConfUtils.java:logGet(43)) - raft.server.log.force.sync.num = 128 (default)
2019-10-02 20:19:47,012 [pool-393-thread-1] INFO  server.RaftServerConfigKeys (ConfUtils.java:logGet(43)) - raft.server.snapshot.auto.trigger.threshold = 10000 (custom)
2019-10-02 20:19:47,012 [pool-383-thread-1] INFO  server.RaftServerConfigKeys (ConfUtils.java:logGet(43)) - raft.server.log.statemachine.data.sync = true (default)
2019-10-02 20:19:47,012 [pool-403-thread-1] INFO  server.RaftServerConfigKeys (ConfUtils.java:logGet(43)) - raft.server.log.queue.element-limit = 1024 (custom)
2019-10-02 20:19:47,013 [pool-383-thread-1] INFO  server.RaftServerConfigKeys (ConfUtils.java:logGet(43)) - raft.server.log.statemachine.data.sync.timeout = 10s (default)
2019-10-02 20:19:47,013 [pool-393-thread-1] INFO  server.RaftServerConfigKeys (ConfUtils.java:logGet(43)) - raft.server.snapshot.retention.file.num = 5 (custom)
2019-10-02 20:19:47,013 [pool-383-thread-1] INFO  server.RaftServerConfigKeys (ConfUtils.java:logGet(43)) - raft.server.log.statemachine.data.sync.timeout.retry = -1 (default)
2019-10-02 20:19:47,013 [pool-403-thread-1] INFO  server.RaftServerConfigKeys (ConfUtils.java:logGet(43)) - raft.server.log.segment.size.max = 1048576 (custom)
2019-10-02 20:19:47,013 [pool-383-thread-1] INFO  server.RaftServerConfigKeys (ConfUtils.java:logGet(43)) - raft.server.log.statemachine.data.caching.enabled = true (custom)
2019-10-02 20:19:47,013 [pool-393-thread-1] INFO  server.RaftServerConfigKeys (ConfUtils.java:logGet(43)) - raft.server.retrycache.expirytime = 600000ms (custom)
2019-10-02 20:19:47,013 [pool-403-thread-1] INFO  server.RaftServerConfigKeys (ConfUtils.java:logGet(43)) - raft.server.log.preallocated.size = 16384 (custom)
2019-10-02 20:19:47,014 [pool-383-thread-1] INFO  segmented.SegmentedRaftLogWorker (SegmentedRaftLogWorker.java:lambda$new$0(128)) - 4be65ef0-72f4-4de4-8bf5-ede332b23e29@group-36CC0C9B7834-SegmentedRaftLogWorker: flushIndex: setUnconditionally 0 -> -1
2019-10-02 20:19:47,014 [pool-403-thread-1] INFO  server.RaftServerConfigKeys (ConfUtils.java:logGet(43)) - raft.server.log.write.buffer.size = 33554432 (custom)
2019-10-02 20:19:47,014 [pool-403-thread-1] INFO  server.RaftServerConfigKeys (ConfUtils.java:logGet(43)) - raft.server.log.force.sync.num = 128 (default)
2019-10-02 20:19:47,014 [pool-383-thread-1] INFO  server.RaftServerConfigKeys (ConfUtils.java:logGet(43)) - raft.server.snapshot.auto.trigger.enabled = true (custom)
2019-10-02 20:19:47,014 [pool-403-thread-1] INFO  server.RaftServerConfigKeys (ConfUtils.java:logGet(43)) - raft.server.log.statemachine.data.sync = true (default)
2019-10-02 20:19:47,014 [pool-383-thread-1] INFO  server.RaftServerConfigKeys (ConfUtils.java:logGet(43)) - raft.server.snapshot.auto.trigger.threshold = 10000 (custom)
2019-10-02 20:19:47,015 [pool-403-thread-1] INFO  server.RaftServerConfigKeys (ConfUtils.java:logGet(43)) - raft.server.log.statemachine.data.sync.timeout = 10s (default)
2019-10-02 20:19:47,015 [pool-383-thread-1] INFO  server.RaftServerConfigKeys (ConfUtils.java:logGet(43)) - raft.server.snapshot.retention.file.num = 5 (custom)
2019-10-02 20:19:47,015 [pool-403-thread-1] INFO  server.RaftServerConfigKeys (ConfUtils.java:logGet(43)) - raft.server.log.statemachine.data.sync.timeout.retry = -1 (default)
2019-10-02 20:19:47,015 [pool-383-thread-1] INFO  server.RaftServerConfigKeys (ConfUtils.java:logGet(43)) - raft.server.retrycache.expirytime = 600000ms (custom)
2019-10-02 20:19:47,015 [pool-403-thread-1] INFO  server.RaftServerConfigKeys (ConfUtils.java:logGet(43)) - raft.server.log.statemachine.data.caching.enabled = true (custom)
2019-10-02 20:19:47,016 [pool-393-thread-1] INFO  impl.RaftServerImpl (RaftServerImpl.java:start(181)) - 479b9343-7eb9-4ab5-a1a7-db6c01c8695c@group-36CC0C9B7834: start as a follower, conf=-1: [4be65ef0-72f4-4de4-8bf5-ede332b23e29:192.168.157.242:35399, 12943b43-04f6-4d18-8197-3955007d3056:192.168.157.242:39499, 479b9343-7eb9-4ab5-a1a7-db6c01c8695c:192.168.157.242:40470], old=null
2019-10-02 20:19:47,016 [pool-403-thread-1] INFO  segmented.SegmentedRaftLogWorker (SegmentedRaftLogWorker.java:lambda$new$0(128)) - 12943b43-04f6-4d18-8197-3955007d3056@group-36CC0C9B7834-SegmentedRaftLogWorker: flushIndex: setUnconditionally 0 -> -1
2019-10-02 20:19:47,016 [pool-393-thread-1] INFO  impl.RaftServerImpl (RaftServerImpl.java:setRole(170)) - 479b9343-7eb9-4ab5-a1a7-db6c01c8695c@group-36CC0C9B7834: changes role from      null to FOLLOWER at term 0 for startAsFollower
2019-10-02 20:19:47,016 [pool-393-thread-1] INFO  impl.RoleInfo (RoleInfo.java:updateAndGet(143)) - 479b9343-7eb9-4ab5-a1a7-db6c01c8695c: start FollowerState
2019-10-02 20:19:47,016 [pool-403-thread-1] INFO  server.RaftServerConfigKeys (ConfUtils.java:logGet(43)) - raft.server.snapshot.auto.trigger.enabled = true (custom)
2019-10-02 20:19:47,016 [pool-403-thread-1] INFO  server.RaftServerConfigKeys (ConfUtils.java:logGet(43)) - raft.server.snapshot.auto.trigger.threshold = 10000 (custom)
2019-10-02 20:19:47,016 [pool-393-thread-1] INFO  util.JmxRegister (JmxRegister.java:tryRegister(44)) - Successfully registered JMX Bean with object name Ratis:service=RaftServer,group=group-36CC0C9B7834,id=479b9343-7eb9-4ab5-a1a7-db6c01c8695c
2019-10-02 20:19:47,016 [pool-403-thread-1] INFO  server.RaftServerConfigKeys (ConfUtils.java:logGet(43)) - raft.server.snapshot.retention.file.num = 5 (custom)
2019-10-02 20:19:47,017 [pool-403-thread-1] INFO  server.RaftServerConfigKeys (ConfUtils.java:logGet(43)) - raft.server.retrycache.expirytime = 600000ms (custom)
2019-10-02 20:19:47,018 [pool-383-thread-1] INFO  impl.RaftServerImpl (RaftServerImpl.java:start(181)) - 4be65ef0-72f4-4de4-8bf5-ede332b23e29@group-36CC0C9B7834: start as a follower, conf=-1: [4be65ef0-72f4-4de4-8bf5-ede332b23e29:192.168.157.242:35399, 12943b43-04f6-4d18-8197-3955007d3056:192.168.157.242:39499, 479b9343-7eb9-4ab5-a1a7-db6c01c8695c:192.168.157.242:40470], old=null
2019-10-02 20:19:47,018 [pool-383-thread-1] INFO  impl.RaftServerImpl (RaftServerImpl.java:setRole(170)) - 4be65ef0-72f4-4de4-8bf5-ede332b23e29@group-36CC0C9B7834: changes role from      null to FOLLOWER at term 0 for startAsFollower
2019-10-02 20:19:47,018 [pool-383-thread-1] INFO  impl.RoleInfo (RoleInfo.java:updateAndGet(143)) - 4be65ef0-72f4-4de4-8bf5-ede332b23e29: start FollowerState
2019-10-02 20:19:47,019 [pool-383-thread-1] INFO  util.JmxRegister (JmxRegister.java:tryRegister(44)) - Successfully registered JMX Bean with object name Ratis:service=RaftServer,group=group-36CC0C9B7834,id=4be65ef0-72f4-4de4-8bf5-ede332b23e29
2019-10-02 20:19:47,020 [pool-403-thread-1] INFO  impl.RaftServerImpl (RaftServerImpl.java:start(181)) - 12943b43-04f6-4d18-8197-3955007d3056@group-36CC0C9B7834: start as a follower, conf=-1: [4be65ef0-72f4-4de4-8bf5-ede332b23e29:192.168.157.242:35399, 12943b43-04f6-4d18-8197-3955007d3056:192.168.157.242:39499, 479b9343-7eb9-4ab5-a1a7-db6c01c8695c:192.168.157.242:40470], old=null
2019-10-02 20:19:47,020 [pool-403-thread-1] INFO  impl.RaftServerImpl (RaftServerImpl.java:setRole(170)) - 12943b43-04f6-4d18-8197-3955007d3056@group-36CC0C9B7834: changes role from      null to FOLLOWER at term 0 for startAsFollower
2019-10-02 20:19:47,020 [pool-403-thread-1] INFO  impl.RoleInfo (RoleInfo.java:updateAndGet(143)) - 12943b43-04f6-4d18-8197-3955007d3056: start FollowerState
2019-10-02 20:19:47,021 [pool-403-thread-1] INFO  util.JmxRegister (JmxRegister.java:tryRegister(44)) - Successfully registered JMX Bean with object name Ratis:service=RaftServer,group=group-36CC0C9B7834,id=12943b43-04f6-4d18-8197-3955007d3056
2019-10-02 20:19:47,025 [RatisPipelineUtilsThread] INFO  pipeline.PipelineStateManager (PipelineStateManager.java:addPipeline(56)) - Created pipeline Pipeline[ Id: 090ab1cf-2f6a-4153-ad96-36cc0c9b7834, Nodes: 12943b43-04f6-4d18-8197-3955007d3056{ip: 192.168.157.242, host: pr-hdds-2223-zp5j9-3680597336, networkLocation: /default-rack, certSerialId: null}4be65ef0-72f4-4de4-8bf5-ede332b23e29{ip: 192.168.157.242, host: pr-hdds-2223-zp5j9-3680597336, networkLocation: /default-rack, certSerialId: null}479b9343-7eb9-4ab5-a1a7-db6c01c8695c{ip: 192.168.157.242, host: pr-hdds-2223-zp5j9-3680597336, networkLocation: /default-rack, certSerialId: null}, Type:RATIS, Factor:THREE, State:OPEN]
2019-10-02 20:19:47,056 [IPC Server handler 2 on 43750] INFO  net.NetworkTopology (NetworkTopologyImpl.java:add(111)) - Added a new node: /default-rack/36fad182-5da3-4fc4-98d8-a4bcac0f1fcd
2019-10-02 20:19:47,056 [IPC Server handler 2 on 43750] INFO  node.SCMNodeManager (SCMNodeManager.java:register(266)) - Registered Data node : 36fad182-5da3-4fc4-98d8-a4bcac0f1fcd{ip: 192.168.157.242, host: pr-hdds-2223-zp5j9-3680597336, networkLocation: /default-rack, certSerialId: null}
2019-10-02 20:19:47,063 [grpc-default-executor-6] INFO  impl.RaftServerProxy (RaftServerProxy.java:addNew(89)) - 31b14a0e-f5bd-419a-afcf-ddc860b89cf3: addNew group-64C2B3532A42:[31b14a0e-f5bd-419a-afcf-ddc860b89cf3:192.168.157.242:42954] returns group-64C2B3532A42:java.util.concurrent.CompletableFuture@74fb1a01[Not completed]
2019-10-02 20:19:47,067 [pool-413-thread-1] INFO  impl.RaftServerImpl (RaftServerImpl.java:<init>(95)) - 31b14a0e-f5bd-419a-afcf-ddc860b89cf3: new RaftServerImpl for group-64C2B3532A42:[31b14a0e-f5bd-419a-afcf-ddc860b89cf3:192.168.157.242:42954] with ContainerStateMachine:uninitialized
2019-10-02 20:19:47,067 [pool-413-thread-1] INFO  server.RaftServerConfigKeys (ConfUtils.java:logGet(43)) - raft.server.rpc.timeout.min = 5s (custom)
2019-10-02 20:19:47,067 [pool-413-thread-1] INFO  server.RaftServerConfigKeys (ConfUtils.java:logGet(43)) - raft.server.rpc.timeout.max = 5200ms (custom)
2019-10-02 20:19:47,068 [pool-413-thread-1] INFO  server.RaftServerConfigKeys (ConfUtils.java:logGet(43)) - raft.server.rpcslowness.timeout = 120s (custom)
2019-10-02 20:19:47,068 [pool-413-thread-1] INFO  server.RaftServerConfigKeys (ConfUtils.java:logGet(43)) - raft.server.sleep.deviation.threshold = 300 (default)
2019-10-02 20:19:47,068 [pool-413-thread-1] INFO  server.RaftServerConfigKeys (ConfUtils.java:logGet(43)) - raft.server.log.appender.install.snapshot.enabled = false (custom)
2019-10-02 20:19:47,068 [pool-413-thread-1] INFO  impl.RaftServerImpl (ServerState.java:<init>(103)) - 31b14a0e-f5bd-419a-afcf-ddc860b89cf3@group-64C2B3532A42: ConfigurationManager, init=-1: [31b14a0e-f5bd-419a-afcf-ddc860b89cf3:192.168.157.242:42954], old=null, confs=<EMPTY_MAP>
2019-10-02 20:19:47,068 [pool-413-thread-1] INFO  server.RaftServerConfigKeys (ConfUtils.java:logGet(43)) - raft.server.storage.dir = [/workdir/hadoop-ozone/integration-test/target/test-dir/MiniOzoneClusterImpl-8710202a-694f-4f87-8fa9-db9181168db2/datanode-3/data/ratis] (custom)
2019-10-02 20:19:47,068 [pool-413-thread-1] INFO  server.RaftServerConfigKeys (ConfUtils.java:logGet(43)) - raft.server.log.corruption.policy = EXCEPTION (default)
2019-10-02 20:19:47,069 [pool-413-thread-1] INFO  storage.RaftStorageDirectory (RaftStorageDirectory.java:analyzeStorage(246)) - The storage directory /workdir/hadoop-ozone/integration-test/target/test-dir/MiniOzoneClusterImpl-8710202a-694f-4f87-8fa9-db9181168db2/datanode-3/data/ratis/9ecd0b04-dca6-43df-b2ea-64c2b3532a42 does not exist. Creating ...
2019-10-02 20:19:47,081 [pool-413-thread-1] INFO  storage.RaftStorageDirectory (RaftStorageDirectory.java:tryLock(328)) - Lock on /workdir/hadoop-ozone/integration-test/target/test-dir/MiniOzoneClusterImpl-8710202a-694f-4f87-8fa9-db9181168db2/datanode-3/data/ratis/9ecd0b04-dca6-43df-b2ea-64c2b3532a42/in_use.lock acquired by nodename 4745@pr-hdds-2223-zp5j9-3680597336
2019-10-02 20:19:47,112 [pool-413-thread-1] INFO  storage.RaftStorage (RaftStorage.java:format(84)) - Storage directory /workdir/hadoop-ozone/integration-test/target/test-dir/MiniOzoneClusterImpl-8710202a-694f-4f87-8fa9-db9181168db2/datanode-3/data/ratis/9ecd0b04-dca6-43df-b2ea-64c2b3532a42 has been successfully formatted.
2019-10-02 20:19:47,112 [pool-413-thread-1] INFO  ratis.ContainerStateMachine (ContainerStateMachine.java:loadSnapshot(230)) - group-64C2B3532A42: The snapshot info is null. Setting the last applied indexto:(t:0, i:~)
2019-10-02 20:19:47,112 [pool-413-thread-1] INFO  server.RaftServerConfigKeys (ConfUtils.java:logGet(43)) - raft.server.notification.no-leader.timeout = 120s (custom)
2019-10-02 20:19:47,112 [pool-413-thread-1] INFO  server.RaftServerConfigKeys (ConfUtils.java:logGet(43)) - raft.server.log.use.memory = false (default)
2019-10-02 20:19:47,113 [pool-413-thread-1] INFO  server.RaftServerConfigKeys (ConfUtils.java:logGet(43)) - raft.server.log.purge.gap = 1000000 (custom)
2019-10-02 20:19:47,113 [pool-413-thread-1] INFO  server.RaftServerConfigKeys (ConfUtils.java:logGet(43)) - raft.server.log.appender.buffer.byte-limit = 33554432 (custom)
2019-10-02 20:19:47,113 [pool-413-thread-1] INFO  server.RaftServerConfigKeys (ConfUtils.java:logGet(43)) - raft.server.log.segment.size.max = 1048576 (custom)
2019-10-02 20:19:47,114 [pool-413-thread-1] INFO  server.RaftServerConfigKeys (ConfUtils.java:logGet(43)) - raft.server.log.segment.cache.num.max = 2 (custom)
2019-10-02 20:19:47,114 [pool-413-thread-1] INFO  segmented.SegmentedRaftLogWorker (SegmentedRaftLogWorker.java:<init>(173)) - new 31b14a0e-f5bd-419a-afcf-ddc860b89cf3@group-64C2B3532A42-SegmentedRaftLogWorker for RaftStorage:Storage Directory /workdir/hadoop-ozone/integration-test/target/test-dir/MiniOzoneClusterImpl-8710202a-694f-4f87-8fa9-db9181168db2/datanode-3/data/ratis/9ecd0b04-dca6-43df-b2ea-64c2b3532a42
2019-10-02 20:19:47,114 [pool-413-thread-1] INFO  server.RaftServerConfigKeys (ConfUtils.java:logGet(43)) - raft.server.log.queue.byte-limit = 2147483647 (custom)
2019-10-02 20:19:47,114 [pool-413-thread-1] INFO  server.RaftServerConfigKeys (ConfUtils.java:logGet(43)) - raft.server.log.queue.element-limit = 1024 (custom)
2019-10-02 20:19:47,115 [pool-413-thread-1] INFO  server.RaftServerConfigKeys (ConfUtils.java:logGet(43)) - raft.server.log.segment.size.max = 1048576 (custom)
2019-10-02 20:19:47,115 [pool-413-thread-1] INFO  server.RaftServerConfigKeys (ConfUtils.java:logGet(43)) - raft.server.log.preallocated.size = 16384 (custom)
2019-10-02 20:19:47,115 [pool-413-thread-1] INFO  server.RaftServerConfigKeys (ConfUtils.java:logGet(43)) - raft.server.log.write.buffer.size = 33554432 (custom)
2019-10-02 20:19:47,115 [pool-413-thread-1] INFO  server.RaftServerConfigKeys (ConfUtils.java:logGet(43)) - raft.server.log.force.sync.num = 128 (default)
2019-10-02 20:19:47,115 [pool-413-thread-1] INFO  server.RaftServerConfigKeys (ConfUtils.java:logGet(43)) - raft.server.log.statemachine.data.sync = true (default)
2019-10-02 20:19:47,115 [pool-413-thread-1] INFO  server.RaftServerConfigKeys (ConfUtils.java:logGet(43)) - raft.server.log.statemachine.data.sync.timeout = 10s (default)
2019-10-02 20:19:47,115 [pool-413-thread-1] INFO  server.RaftServerConfigKeys (ConfUtils.java:logGet(43)) - raft.server.log.statemachine.data.sync.timeout.retry = -1 (default)
2019-10-02 20:19:47,116 [pool-413-thread-1] INFO  server.RaftServerConfigKeys (ConfUtils.java:logGet(43)) - raft.server.log.statemachine.data.caching.enabled = true (custom)
2019-10-02 20:19:47,116 [pool-413-thread-1] INFO  segmented.SegmentedRaftLogWorker (SegmentedRaftLogWorker.java:lambda$new$0(128)) - 31b14a0e-f5bd-419a-afcf-ddc860b89cf3@group-64C2B3532A42-SegmentedRaftLogWorker: flushIndex: setUnconditionally 0 -> -1
2019-10-02 20:19:47,116 [pool-413-thread-1] INFO  server.RaftServerConfigKeys (ConfUtils.java:logGet(43)) - raft.server.snapshot.auto.trigger.enabled = true (custom)
2019-10-02 20:19:47,116 [pool-413-thread-1] INFO  server.RaftServerConfigKeys (ConfUtils.java:logGet(43)) - raft.server.snapshot.auto.trigger.threshold = 10000 (custom)
2019-10-02 20:19:47,116 [pool-413-thread-1] INFO  server.RaftServerConfigKeys (ConfUtils.java:logGet(43)) - raft.server.snapshot.retention.file.num = 5 (custom)
2019-10-02 20:19:47,116 [pool-413-thread-1] INFO  server.RaftServerConfigKeys (ConfUtils.java:logGet(43)) - raft.server.retrycache.expirytime = 600000ms (custom)
2019-10-02 20:19:47,118 [pool-413-thread-1] INFO  impl.RaftServerImpl (RaftServerImpl.java:start(181)) - 31b14a0e-f5bd-419a-afcf-ddc860b89cf3@group-64C2B3532A42: start as a follower, conf=-1: [31b14a0e-f5bd-419a-afcf-ddc860b89cf3:192.168.157.242:42954], old=null
2019-10-02 20:19:47,118 [pool-413-thread-1] INFO  impl.RaftServerImpl (RaftServerImpl.java:setRole(170)) - 31b14a0e-f5bd-419a-afcf-ddc860b89cf3@group-64C2B3532A42: changes role from      null to FOLLOWER at term 0 for startAsFollower
2019-10-02 20:19:47,118 [pool-413-thread-1] INFO  impl.RoleInfo (RoleInfo.java:updateAndGet(143)) - 31b14a0e-f5bd-419a-afcf-ddc860b89cf3: start FollowerState
2019-10-02 20:19:47,118 [pool-413-thread-1] INFO  util.JmxRegister (JmxRegister.java:tryRegister(44)) - Successfully registered JMX Bean with object name Ratis:service=RaftServer,group=group-64C2B3532A42,id=31b14a0e-f5bd-419a-afcf-ddc860b89cf3
2019-10-02 20:19:47,122 [RatisPipelineUtilsThread] INFO  pipeline.PipelineStateManager (PipelineStateManager.java:addPipeline(56)) - Created pipeline Pipeline[ Id: 9ecd0b04-dca6-43df-b2ea-64c2b3532a42, Nodes: 31b14a0e-f5bd-419a-afcf-ddc860b89cf3{ip: 192.168.157.242, host: pr-hdds-2223-zp5j9-3680597336, networkLocation: /default-rack, certSerialId: null}, Type:RATIS, Factor:ONE, State:OPEN]
2019-10-02 20:19:47,123 [IPC Server handler 3 on 43750] INFO  net.NetworkTopology (NetworkTopologyImpl.java:add(111)) - Added a new node: /default-rack/227e1acc-cc2e-43a7-8eb5-515fd2972ece
2019-10-02 20:19:47,123 [IPC Server handler 3 on 43750] INFO  node.SCMNodeManager (SCMNodeManager.java:register(266)) - Registered Data node : 227e1acc-cc2e-43a7-8eb5-515fd2972ece{ip: 192.168.157.242, host: pr-hdds-2223-zp5j9-3680597336, networkLocation: /default-rack, certSerialId: null}
2019-10-02 20:19:47,129 [grpc-default-executor-6] INFO  impl.RaftServerProxy (RaftServerProxy.java:addNew(89)) - 36fad182-5da3-4fc4-98d8-a4bcac0f1fcd: addNew group-3F7D0883C2F5:[36fad182-5da3-4fc4-98d8-a4bcac0f1fcd:192.168.157.242:38934] returns group-3F7D0883C2F5:java.util.concurrent.CompletableFuture@3b50d756[Not completed]
2019-10-02 20:19:47,130 [pool-423-thread-1] INFO  impl.RaftServerImpl (RaftServerImpl.java:<init>(95)) - 36fad182-5da3-4fc4-98d8-a4bcac0f1fcd: new RaftServerImpl for group-3F7D0883C2F5:[36fad182-5da3-4fc4-98d8-a4bcac0f1fcd:192.168.157.242:38934] with ContainerStateMachine:uninitialized
2019-10-02 20:19:47,130 [pool-423-thread-1] INFO  server.RaftServerConfigKeys (ConfUtils.java:logGet(43)) - raft.server.rpc.timeout.min = 5s (custom)
2019-10-02 20:19:47,130 [pool-423-thread-1] INFO  server.RaftServerConfigKeys (ConfUtils.java:logGet(43)) - raft.server.rpc.timeout.max = 5200ms (custom)
2019-10-02 20:19:47,130 [pool-423-thread-1] INFO  server.RaftServerConfigKeys (ConfUtils.java:logGet(43)) - raft.server.rpcslowness.timeout = 120s (custom)
2019-10-02 20:19:47,130 [pool-423-thread-1] INFO  server.RaftServerConfigKeys (ConfUtils.java:logGet(43)) - raft.server.sleep.deviation.threshold = 300 (default)
2019-10-02 20:19:47,130 [pool-423-thread-1] INFO  server.RaftServerConfigKeys (ConfUtils.java:logGet(43)) - raft.server.log.appender.install.snapshot.enabled = false (custom)
2019-10-02 20:19:47,131 [pool-423-thread-1] INFO  impl.RaftServerImpl (ServerState.java:<init>(103)) - 36fad182-5da3-4fc4-98d8-a4bcac0f1fcd@group-3F7D0883C2F5: ConfigurationManager, init=-1: [36fad182-5da3-4fc4-98d8-a4bcac0f1fcd:192.168.157.242:38934], old=null, confs=<EMPTY_MAP>
2019-10-02 20:19:47,131 [pool-423-thread-1] INFO  server.RaftServerConfigKeys (ConfUtils.java:logGet(43)) - raft.server.storage.dir = [/workdir/hadoop-ozone/integration-test/target/test-dir/MiniOzoneClusterImpl-8710202a-694f-4f87-8fa9-db9181168db2/datanode-4/data/ratis] (custom)
2019-10-02 20:19:47,131 [pool-423-thread-1] INFO  server.RaftServerConfigKeys (ConfUtils.java:logGet(43)) - raft.server.log.corruption.policy = EXCEPTION (default)
2019-10-02 20:19:47,131 [pool-423-thread-1] INFO  storage.RaftStorageDirectory (RaftStorageDirectory.java:analyzeStorage(246)) - The storage directory /workdir/hadoop-ozone/integration-test/target/test-dir/MiniOzoneClusterImpl-8710202a-694f-4f87-8fa9-db9181168db2/datanode-4/data/ratis/1abe6ced-6c5d-451a-b18b-3f7d0883c2f5 does not exist. Creating ...
2019-10-02 20:19:47,144 [pool-423-thread-1] INFO  storage.RaftStorageDirectory (RaftStorageDirectory.java:tryLock(328)) - Lock on /workdir/hadoop-ozone/integration-test/target/test-dir/MiniOzoneClusterImpl-8710202a-694f-4f87-8fa9-db9181168db2/datanode-4/data/ratis/1abe6ced-6c5d-451a-b18b-3f7d0883c2f5/in_use.lock acquired by nodename 4745@pr-hdds-2223-zp5j9-3680597336
2019-10-02 20:19:47,157 [pool-423-thread-1] INFO  storage.RaftStorage (RaftStorage.java:format(84)) - Storage directory /workdir/hadoop-ozone/integration-test/target/test-dir/MiniOzoneClusterImpl-8710202a-694f-4f87-8fa9-db9181168db2/datanode-4/data/ratis/1abe6ced-6c5d-451a-b18b-3f7d0883c2f5 has been successfully formatted.
2019-10-02 20:19:47,157 [pool-423-thread-1] INFO  ratis.ContainerStateMachine (ContainerStateMachine.java:loadSnapshot(230)) - group-3F7D0883C2F5: The snapshot info is null. Setting the last applied indexto:(t:0, i:~)
2019-10-02 20:19:47,157 [pool-423-thread-1] INFO  server.RaftServerConfigKeys (ConfUtils.java:logGet(43)) - raft.server.notification.no-leader.timeout = 120s (custom)
2019-10-02 20:19:47,157 [pool-423-thread-1] INFO  server.RaftServerConfigKeys (ConfUtils.java:logGet(43)) - raft.server.log.use.memory = false (default)
2019-10-02 20:19:47,157 [pool-423-thread-1] INFO  server.RaftServerConfigKeys (ConfUtils.java:logGet(43)) - raft.server.log.purge.gap = 1000000 (custom)
2019-10-02 20:19:47,157 [pool-423-thread-1] INFO  server.RaftServerConfigKeys (ConfUtils.java:logGet(43)) - raft.server.log.appender.buffer.byte-limit = 33554432 (custom)
2019-10-02 20:19:47,157 [pool-423-thread-1] INFO  server.RaftServerConfigKeys (ConfUtils.java:logGet(43)) - raft.server.log.segment.size.max = 1048576 (custom)
2019-10-02 20:19:47,159 [pool-423-thread-1] INFO  server.RaftServerConfigKeys (ConfUtils.java:logGet(43)) - raft.server.log.segment.cache.num.max = 2 (custom)
2019-10-02 20:19:47,159 [pool-423-thread-1] INFO  segmented.SegmentedRaftLogWorker (SegmentedRaftLogWorker.java:<init>(173)) - new 36fad182-5da3-4fc4-98d8-a4bcac0f1fcd@group-3F7D0883C2F5-SegmentedRaftLogWorker for RaftStorage:Storage Directory /workdir/hadoop-ozone/integration-test/target/test-dir/MiniOzoneClusterImpl-8710202a-694f-4f87-8fa9-db9181168db2/datanode-4/data/ratis/1abe6ced-6c5d-451a-b18b-3f7d0883c2f5
2019-10-02 20:19:47,159 [pool-423-thread-1] INFO  server.RaftServerConfigKeys (ConfUtils.java:logGet(43)) - raft.server.log.queue.byte-limit = 2147483647 (custom)
2019-10-02 20:19:47,159 [pool-423-thread-1] INFO  server.RaftServerConfigKeys (ConfUtils.java:logGet(43)) - raft.server.log.queue.element-limit = 1024 (custom)
2019-10-02 20:19:47,159 [pool-423-thread-1] INFO  server.RaftServerConfigKeys (ConfUtils.java:logGet(43)) - raft.server.log.segment.size.max = 1048576 (custom)
2019-10-02 20:19:47,159 [pool-423-thread-1] INFO  server.RaftServerConfigKeys (ConfUtils.java:logGet(43)) - raft.server.log.preallocated.size = 16384 (custom)
2019-10-02 20:19:47,159 [pool-423-thread-1] INFO  server.RaftServerConfigKeys (ConfUtils.java:logGet(43)) - raft.server.log.write.buffer.size = 33554432 (custom)
2019-10-02 20:19:47,159 [pool-423-thread-1] INFO  server.RaftServerConfigKeys (ConfUtils.java:logGet(43)) - raft.server.log.force.sync.num = 128 (default)
2019-10-02 20:19:47,159 [pool-423-thread-1] INFO  server.RaftServerConfigKeys (ConfUtils.java:logGet(43)) - raft.server.log.statemachine.data.sync = true (default)
2019-10-02 20:19:47,159 [pool-423-thread-1] INFO  server.RaftServerConfigKeys (ConfUtils.java:logGet(43)) - raft.server.log.statemachine.data.sync.timeout = 10s (default)
2019-10-02 20:19:47,160 [pool-423-thread-1] INFO  server.RaftServerConfigKeys (ConfUtils.java:logGet(43)) - raft.server.log.statemachine.data.sync.timeout.retry = -1 (default)
2019-10-02 20:19:47,160 [pool-423-thread-1] INFO  server.RaftServerConfigKeys (ConfUtils.java:logGet(43)) - raft.server.log.statemachine.data.caching.enabled = true (custom)
2019-10-02 20:19:47,160 [pool-423-thread-1] INFO  segmented.SegmentedRaftLogWorker (SegmentedRaftLogWorker.java:lambda$new$0(128)) - 36fad182-5da3-4fc4-98d8-a4bcac0f1fcd@group-3F7D0883C2F5-SegmentedRaftLogWorker: flushIndex: setUnconditionally 0 -> -1
2019-10-02 20:19:47,160 [pool-423-thread-1] INFO  server.RaftServerConfigKeys (ConfUtils.java:logGet(43)) - raft.server.snapshot.auto.trigger.enabled = true (custom)
2019-10-02 20:19:47,160 [pool-423-thread-1] INFO  server.RaftServerConfigKeys (ConfUtils.java:logGet(43)) - raft.server.snapshot.auto.trigger.threshold = 10000 (custom)
2019-10-02 20:19:47,160 [pool-423-thread-1] INFO  server.RaftServerConfigKeys (ConfUtils.java:logGet(43)) - raft.server.snapshot.retention.file.num = 5 (custom)
2019-10-02 20:19:47,160 [pool-423-thread-1] INFO  server.RaftServerConfigKeys (ConfUtils.java:logGet(43)) - raft.server.retrycache.expirytime = 600000ms (custom)
2019-10-02 20:19:47,162 [pool-423-thread-1] INFO  impl.RaftServerImpl (RaftServerImpl.java:start(181)) - 36fad182-5da3-4fc4-98d8-a4bcac0f1fcd@group-3F7D0883C2F5: start as a follower, conf=-1: [36fad182-5da3-4fc4-98d8-a4bcac0f1fcd:192.168.157.242:38934], old=null
2019-10-02 20:19:47,162 [pool-423-thread-1] INFO  impl.RaftServerImpl (RaftServerImpl.java:setRole(170)) - 36fad182-5da3-4fc4-98d8-a4bcac0f1fcd@group-3F7D0883C2F5: changes role from      null to FOLLOWER at term 0 for startAsFollower
2019-10-02 20:19:47,162 [pool-423-thread-1] INFO  impl.RoleInfo (RoleInfo.java:updateAndGet(143)) - 36fad182-5da3-4fc4-98d8-a4bcac0f1fcd: start FollowerState
2019-10-02 20:19:47,162 [pool-423-thread-1] INFO  util.JmxRegister (JmxRegister.java:tryRegister(44)) - Successfully registered JMX Bean with object name Ratis:service=RaftServer,group=group-3F7D0883C2F5,id=36fad182-5da3-4fc4-98d8-a4bcac0f1fcd
2019-10-02 20:19:47,165 [RatisPipelineUtilsThread] INFO  pipeline.PipelineStateManager (PipelineStateManager.java:addPipeline(56)) - Created pipeline Pipeline[ Id: 1abe6ced-6c5d-451a-b18b-3f7d0883c2f5, Nodes: 36fad182-5da3-4fc4-98d8-a4bcac0f1fcd{ip: 192.168.157.242, host: pr-hdds-2223-zp5j9-3680597336, networkLocation: /default-rack, certSerialId: null}, Type:RATIS, Factor:ONE, State:OPEN]
2019-10-02 20:19:47,172 [grpc-default-executor-6] INFO  impl.RaftServerProxy (RaftServerProxy.java:addNew(89)) - 227e1acc-cc2e-43a7-8eb5-515fd2972ece: addNew group-DF685DAF008F:[227e1acc-cc2e-43a7-8eb5-515fd2972ece:192.168.157.242:42112] returns group-DF685DAF008F:java.util.concurrent.CompletableFuture@157fcb78[Not completed]
2019-10-02 20:19:47,173 [pool-433-thread-1] INFO  impl.RaftServerImpl (RaftServerImpl.java:<init>(95)) - 227e1acc-cc2e-43a7-8eb5-515fd2972ece: new RaftServerImpl for group-DF685DAF008F:[227e1acc-cc2e-43a7-8eb5-515fd2972ece:192.168.157.242:42112] with ContainerStateMachine:uninitialized
2019-10-02 20:19:47,173 [pool-433-thread-1] INFO  server.RaftServerConfigKeys (ConfUtils.java:logGet(43)) - raft.server.rpc.timeout.min = 5s (custom)
2019-10-02 20:19:47,173 [pool-433-thread-1] INFO  server.RaftServerConfigKeys (ConfUtils.java:logGet(43)) - raft.server.rpc.timeout.max = 5200ms (custom)
2019-10-02 20:19:47,173 [pool-433-thread-1] INFO  server.RaftServerConfigKeys (ConfUtils.java:logGet(43)) - raft.server.rpcslowness.timeout = 120s (custom)
2019-10-02 20:19:47,173 [pool-433-thread-1] INFO  server.RaftServerConfigKeys (ConfUtils.java:logGet(43)) - raft.server.sleep.deviation.threshold = 300 (default)
2019-10-02 20:19:47,173 [pool-433-thread-1] INFO  server.RaftServerConfigKeys (ConfUtils.java:logGet(43)) - raft.server.log.appender.install.snapshot.enabled = false (custom)
2019-10-02 20:19:47,173 [pool-433-thread-1] INFO  impl.RaftServerImpl (ServerState.java:<init>(103)) - 227e1acc-cc2e-43a7-8eb5-515fd2972ece@group-DF685DAF008F: ConfigurationManager, init=-1: [227e1acc-cc2e-43a7-8eb5-515fd2972ece:192.168.157.242:42112], old=null, confs=<EMPTY_MAP>
2019-10-02 20:19:47,173 [pool-433-thread-1] INFO  server.RaftServerConfigKeys (ConfUtils.java:logGet(43)) - raft.server.storage.dir = [/workdir/hadoop-ozone/integration-test/target/test-dir/MiniOzoneClusterImpl-8710202a-694f-4f87-8fa9-db9181168db2/datanode-5/data/ratis] (custom)
2019-10-02 20:19:47,174 [pool-433-thread-1] INFO  server.RaftServerConfigKeys (ConfUtils.java:logGet(43)) - raft.server.log.corruption.policy = EXCEPTION (default)
2019-10-02 20:19:47,174 [pool-433-thread-1] INFO  storage.RaftStorageDirectory (RaftStorageDirectory.java:analyzeStorage(246)) - The storage directory /workdir/hadoop-ozone/integration-test/target/test-dir/MiniOzoneClusterImpl-8710202a-694f-4f87-8fa9-db9181168db2/datanode-5/data/ratis/b7fecedc-f7a5-4c52-a716-df685daf008f does not exist. Creating ...
2019-10-02 20:19:47,182 [main] INFO  ozone.MiniOzoneClusterImpl (MiniOzoneClusterImpl.java:lambda$waitForClusterToBeReady$0(147)) - Waiting for cluster to be ready. Got 6 of 7 DN Heartbeats.
2019-10-02 20:19:47,182 [IPC Server handler 5 on 43750] INFO  net.NetworkTopology (NetworkTopologyImpl.java:add(111)) - Added a new node: /default-rack/a5374d3c-3240-4076-b7ea-bbc899f45c3f
2019-10-02 20:19:47,182 [IPC Server handler 5 on 43750] INFO  node.SCMNodeManager (SCMNodeManager.java:register(266)) - Registered Data node : a5374d3c-3240-4076-b7ea-bbc899f45c3f{ip: 192.168.157.242, host: pr-hdds-2223-zp5j9-3680597336, networkLocation: /default-rack, certSerialId: null}
2019-10-02 20:19:47,188 [pool-433-thread-1] INFO  storage.RaftStorageDirectory (RaftStorageDirectory.java:tryLock(328)) - Lock on /workdir/hadoop-ozone/integration-test/target/test-dir/MiniOzoneClusterImpl-8710202a-694f-4f87-8fa9-db9181168db2/datanode-5/data/ratis/b7fecedc-f7a5-4c52-a716-df685daf008f/in_use.lock acquired by nodename 4745@pr-hdds-2223-zp5j9-3680597336
2019-10-02 20:19:47,200 [pool-433-thread-1] INFO  storage.RaftStorage (RaftStorage.java:format(84)) - Storage directory /workdir/hadoop-ozone/integration-test/target/test-dir/MiniOzoneClusterImpl-8710202a-694f-4f87-8fa9-db9181168db2/datanode-5/data/ratis/b7fecedc-f7a5-4c52-a716-df685daf008f has been successfully formatted.
2019-10-02 20:19:47,200 [pool-433-thread-1] INFO  ratis.ContainerStateMachine (ContainerStateMachine.java:loadSnapshot(230)) - group-DF685DAF008F: The snapshot info is null. Setting the last applied indexto:(t:0, i:~)
2019-10-02 20:19:47,201 [pool-433-thread-1] INFO  server.RaftServerConfigKeys (ConfUtils.java:logGet(43)) - raft.server.notification.no-leader.timeout = 120s (custom)
2019-10-02 20:19:47,201 [pool-433-thread-1] INFO  server.RaftServerConfigKeys (ConfUtils.java:logGet(43)) - raft.server.log.use.memory = false (default)
2019-10-02 20:19:47,201 [pool-433-thread-1] INFO  server.RaftServerConfigKeys (ConfUtils.java:logGet(43)) - raft.server.log.purge.gap = 1000000 (custom)
2019-10-02 20:19:47,201 [pool-433-thread-1] INFO  server.RaftServerConfigKeys (ConfUtils.java:logGet(43)) - raft.server.log.appender.buffer.byte-limit = 33554432 (custom)
2019-10-02 20:19:47,201 [pool-433-thread-1] INFO  server.RaftServerConfigKeys (ConfUtils.java:logGet(43)) - raft.server.log.segment.size.max = 1048576 (custom)
2019-10-02 20:19:47,202 [pool-433-thread-1] INFO  server.RaftServerConfigKeys (ConfUtils.java:logGet(43)) - raft.server.log.segment.cache.num.max = 2 (custom)
2019-10-02 20:19:47,202 [pool-433-thread-1] INFO  segmented.SegmentedRaftLogWorker (SegmentedRaftLogWorker.java:<init>(173)) - new 227e1acc-cc2e-43a7-8eb5-515fd2972ece@group-DF685DAF008F-SegmentedRaftLogWorker for RaftStorage:Storage Directory /workdir/hadoop-ozone/integration-test/target/test-dir/MiniOzoneClusterImpl-8710202a-694f-4f87-8fa9-db9181168db2/datanode-5/data/ratis/b7fecedc-f7a5-4c52-a716-df685daf008f
2019-10-02 20:19:47,202 [pool-433-thread-1] INFO  server.RaftServerConfigKeys (ConfUtils.java:logGet(43)) - raft.server.log.queue.byte-limit = 2147483647 (custom)
2019-10-02 20:19:47,202 [pool-433-thread-1] INFO  server.RaftServerConfigKeys (ConfUtils.java:logGet(43)) - raft.server.log.queue.element-limit = 1024 (custom)
2019-10-02 20:19:47,202 [pool-433-thread-1] INFO  server.RaftServerConfigKeys (ConfUtils.java:logGet(43)) - raft.server.log.segment.size.max = 1048576 (custom)
2019-10-02 20:19:47,202 [pool-433-thread-1] INFO  server.RaftServerConfigKeys (ConfUtils.java:logGet(43)) - raft.server.log.preallocated.size = 16384 (custom)
2019-10-02 20:19:47,203 [pool-433-thread-1] INFO  server.RaftServerConfigKeys (ConfUtils.java:logGet(43)) - raft.server.log.write.buffer.size = 33554432 (custom)
2019-10-02 20:19:47,203 [pool-433-thread-1] INFO  server.RaftServerConfigKeys (ConfUtils.java:logGet(43)) - raft.server.log.force.sync.num = 128 (default)
2019-10-02 20:19:47,203 [pool-433-thread-1] INFO  server.RaftServerConfigKeys (ConfUtils.java:logGet(43)) - raft.server.log.statemachine.data.sync = true (default)
2019-10-02 20:19:47,203 [pool-433-thread-1] INFO  server.RaftServerConfigKeys (ConfUtils.java:logGet(43)) - raft.server.log.statemachine.data.sync.timeout = 10s (default)
2019-10-02 20:19:47,203 [pool-433-thread-1] INFO  server.RaftServerConfigKeys (ConfUtils.java:logGet(43)) - raft.server.log.statemachine.data.sync.timeout.retry = -1 (default)
2019-10-02 20:19:47,203 [pool-433-thread-1] INFO  server.RaftServerConfigKeys (ConfUtils.java:logGet(43)) - raft.server.log.statemachine.data.caching.enabled = true (custom)
2019-10-02 20:19:47,203 [pool-433-thread-1] INFO  segmented.SegmentedRaftLogWorker (SegmentedRaftLogWorker.java:lambda$new$0(128)) - 227e1acc-cc2e-43a7-8eb5-515fd2972ece@group-DF685DAF008F-SegmentedRaftLogWorker: flushIndex: setUnconditionally 0 -> -1
2019-10-02 20:19:47,204 [pool-433-thread-1] INFO  server.RaftServerConfigKeys (ConfUtils.java:logGet(43)) - raft.server.snapshot.auto.trigger.enabled = true (custom)
2019-10-02 20:19:47,204 [pool-433-thread-1] INFO  server.RaftServerConfigKeys (ConfUtils.java:logGet(43)) - raft.server.snapshot.auto.trigger.threshold = 10000 (custom)
2019-10-02 20:19:47,204 [pool-433-thread-1] INFO  server.RaftServerConfigKeys (ConfUtils.java:logGet(43)) - raft.server.snapshot.retention.file.num = 5 (custom)
2019-10-02 20:19:47,204 [pool-433-thread-1] INFO  server.RaftServerConfigKeys (ConfUtils.java:logGet(43)) - raft.server.retrycache.expirytime = 600000ms (custom)
2019-10-02 20:19:47,205 [pool-433-thread-1] INFO  impl.RaftServerImpl (RaftServerImpl.java:start(181)) - 227e1acc-cc2e-43a7-8eb5-515fd2972ece@group-DF685DAF008F: start as a follower, conf=-1: [227e1acc-cc2e-43a7-8eb5-515fd2972ece:192.168.157.242:42112], old=null
2019-10-02 20:19:47,205 [pool-433-thread-1] INFO  impl.RaftServerImpl (RaftServerImpl.java:setRole(170)) - 227e1acc-cc2e-43a7-8eb5-515fd2972ece@group-DF685DAF008F: changes role from      null to FOLLOWER at term 0 for startAsFollower
2019-10-02 20:19:47,205 [pool-433-thread-1] INFO  impl.RoleInfo (RoleInfo.java:updateAndGet(143)) - 227e1acc-cc2e-43a7-8eb5-515fd2972ece: start FollowerState
2019-10-02 20:19:47,206 [pool-433-thread-1] INFO  util.JmxRegister (JmxRegister.java:tryRegister(44)) - Successfully registered JMX Bean with object name Ratis:service=RaftServer,group=group-DF685DAF008F,id=227e1acc-cc2e-43a7-8eb5-515fd2972ece
2019-10-02 20:19:47,209 [RatisPipelineUtilsThread] INFO  pipeline.PipelineStateManager (PipelineStateManager.java:addPipeline(56)) - Created pipeline Pipeline[ Id: b7fecedc-f7a5-4c52-a716-df685daf008f, Nodes: 227e1acc-cc2e-43a7-8eb5-515fd2972ece{ip: 192.168.157.242, host: pr-hdds-2223-zp5j9-3680597336, networkLocation: /default-rack, certSerialId: null}, Type:RATIS, Factor:ONE, State:OPEN]
2019-10-02 20:19:47,218 [grpc-default-executor-6] INFO  impl.RaftServerProxy (RaftServerProxy.java:addNew(89)) - a5374d3c-3240-4076-b7ea-bbc899f45c3f: addNew group-F7A5FB50DED8:[a5374d3c-3240-4076-b7ea-bbc899f45c3f:192.168.157.242:36728] returns group-F7A5FB50DED8:java.util.concurrent.CompletableFuture@4ae9d647[Not completed]
2019-10-02 20:19:47,219 [pool-443-thread-1] INFO  impl.RaftServerImpl (RaftServerImpl.java:<init>(95)) - a5374d3c-3240-4076-b7ea-bbc899f45c3f: new RaftServerImpl for group-F7A5FB50DED8:[a5374d3c-3240-4076-b7ea-bbc899f45c3f:192.168.157.242:36728] with ContainerStateMachine:uninitialized
2019-10-02 20:19:47,219 [pool-443-thread-1] INFO  server.RaftServerConfigKeys (ConfUtils.java:logGet(43)) - raft.server.rpc.timeout.min = 5s (custom)
2019-10-02 20:19:47,219 [pool-443-thread-1] INFO  server.RaftServerConfigKeys (ConfUtils.java:logGet(43)) - raft.server.rpc.timeout.max = 5200ms (custom)
2019-10-02 20:19:47,219 [pool-443-thread-1] INFO  server.RaftServerConfigKeys (ConfUtils.java:logGet(43)) - raft.server.rpcslowness.timeout = 120s (custom)
2019-10-02 20:19:47,219 [pool-443-thread-1] INFO  server.RaftServerConfigKeys (ConfUtils.java:logGet(43)) - raft.server.sleep.deviation.threshold = 300 (default)
2019-10-02 20:19:47,219 [pool-443-thread-1] INFO  server.RaftServerConfigKeys (ConfUtils.java:logGet(43)) - raft.server.log.appender.install.snapshot.enabled = false (custom)
2019-10-02 20:19:47,219 [pool-443-thread-1] INFO  impl.RaftServerImpl (ServerState.java:<init>(103)) - a5374d3c-3240-4076-b7ea-bbc899f45c3f@group-F7A5FB50DED8: ConfigurationManager, init=-1: [a5374d3c-3240-4076-b7ea-bbc899f45c3f:192.168.157.242:36728], old=null, confs=<EMPTY_MAP>
2019-10-02 20:19:47,219 [pool-443-thread-1] INFO  server.RaftServerConfigKeys (ConfUtils.java:logGet(43)) - raft.server.storage.dir = [/workdir/hadoop-ozone/integration-test/target/test-dir/MiniOzoneClusterImpl-8710202a-694f-4f87-8fa9-db9181168db2/datanode-6/data/ratis] (custom)
2019-10-02 20:19:47,220 [pool-443-thread-1] INFO  server.RaftServerConfigKeys (ConfUtils.java:logGet(43)) - raft.server.log.corruption.policy = EXCEPTION (default)
2019-10-02 20:19:47,220 [pool-443-thread-1] INFO  storage.RaftStorageDirectory (RaftStorageDirectory.java:analyzeStorage(246)) - The storage directory /workdir/hadoop-ozone/integration-test/target/test-dir/MiniOzoneClusterImpl-8710202a-694f-4f87-8fa9-db9181168db2/datanode-6/data/ratis/c7adfa13-f618-4041-aa91-f7a5fb50ded8 does not exist. Creating ...
2019-10-02 20:19:47,232 [pool-443-thread-1] INFO  storage.RaftStorageDirectory (RaftStorageDirectory.java:tryLock(328)) - Lock on /workdir/hadoop-ozone/integration-test/target/test-dir/MiniOzoneClusterImpl-8710202a-694f-4f87-8fa9-db9181168db2/datanode-6/data/ratis/c7adfa13-f618-4041-aa91-f7a5fb50ded8/in_use.lock acquired by nodename 4745@pr-hdds-2223-zp5j9-3680597336
2019-10-02 20:19:47,245 [pool-443-thread-1] INFO  storage.RaftStorage (RaftStorage.java:format(84)) - Storage directory /workdir/hadoop-ozone/integration-test/target/test-dir/MiniOzoneClusterImpl-8710202a-694f-4f87-8fa9-db9181168db2/datanode-6/data/ratis/c7adfa13-f618-4041-aa91-f7a5fb50ded8 has been successfully formatted.
2019-10-02 20:19:47,245 [pool-443-thread-1] INFO  ratis.ContainerStateMachine (ContainerStateMachine.java:loadSnapshot(230)) - group-F7A5FB50DED8: The snapshot info is null. Setting the last applied indexto:(t:0, i:~)
2019-10-02 20:19:47,245 [pool-443-thread-1] INFO  server.RaftServerConfigKeys (ConfUtils.java:logGet(43)) - raft.server.notification.no-leader.timeout = 120s (custom)
2019-10-02 20:19:47,245 [pool-443-thread-1] INFO  server.RaftServerConfigKeys (ConfUtils.java:logGet(43)) - raft.server.log.use.memory = false (default)
2019-10-02 20:19:47,246 [pool-443-thread-1] INFO  server.RaftServerConfigKeys (ConfUtils.java:logGet(43)) - raft.server.log.purge.gap = 1000000 (custom)
2019-10-02 20:19:47,246 [pool-443-thread-1] INFO  server.RaftServerConfigKeys (ConfUtils.java:logGet(43)) - raft.server.log.appender.buffer.byte-limit = 33554432 (custom)
2019-10-02 20:19:47,246 [pool-443-thread-1] INFO  server.RaftServerConfigKeys (ConfUtils.java:logGet(43)) - raft.server.log.segment.size.max = 1048576 (custom)
2019-10-02 20:19:47,247 [pool-443-thread-1] INFO  server.RaftServerConfigKeys (ConfUtils.java:logGet(43)) - raft.server.log.segment.cache.num.max = 2 (custom)
2019-10-02 20:19:47,247 [pool-443-thread-1] INFO  segmented.SegmentedRaftLogWorker (SegmentedRaftLogWorker.java:<init>(173)) - new a5374d3c-3240-4076-b7ea-bbc899f45c3f@group-F7A5FB50DED8-SegmentedRaftLogWorker for RaftStorage:Storage Directory /workdir/hadoop-ozone/integration-test/target/test-dir/MiniOzoneClusterImpl-8710202a-694f-4f87-8fa9-db9181168db2/datanode-6/data/ratis/c7adfa13-f618-4041-aa91-f7a5fb50ded8
2019-10-02 20:19:47,247 [pool-443-thread-1] INFO  server.RaftServerConfigKeys (ConfUtils.java:logGet(43)) - raft.server.log.queue.byte-limit = 2147483647 (custom)
2019-10-02 20:19:47,247 [pool-443-thread-1] INFO  server.RaftServerConfigKeys (ConfUtils.java:logGet(43)) - raft.server.log.queue.element-limit = 1024 (custom)
2019-10-02 20:19:47,248 [pool-443-thread-1] INFO  server.RaftServerConfigKeys (ConfUtils.java:logGet(43)) - raft.server.log.segment.size.max = 1048576 (custom)
2019-10-02 20:19:47,248 [pool-443-thread-1] INFO  server.RaftServerConfigKeys (ConfUtils.java:logGet(43)) - raft.server.log.preallocated.size = 16384 (custom)
2019-10-02 20:19:47,248 [pool-443-thread-1] INFO  server.RaftServerConfigKeys (ConfUtils.java:logGet(43)) - raft.server.log.write.buffer.size = 33554432 (custom)
2019-10-02 20:19:47,248 [pool-443-thread-1] INFO  server.RaftServerConfigKeys (ConfUtils.java:logGet(43)) - raft.server.log.force.sync.num = 128 (default)
2019-10-02 20:19:47,248 [pool-443-thread-1] INFO  server.RaftServerConfigKeys (ConfUtils.java:logGet(43)) - raft.server.log.statemachine.data.sync = true (default)
2019-10-02 20:19:47,248 [pool-443-thread-1] INFO  server.RaftServerConfigKeys (ConfUtils.java:logGet(43)) - raft.server.log.statemachine.data.sync.timeout = 10s (default)
2019-10-02 20:19:47,248 [pool-443-thread-1] INFO  server.RaftServerConfigKeys (ConfUtils.java:logGet(43)) - raft.server.log.statemachine.data.sync.timeout.retry = -1 (default)
2019-10-02 20:19:47,249 [pool-443-thread-1] INFO  server.RaftServerConfigKeys (ConfUtils.java:logGet(43)) - raft.server.log.statemachine.data.caching.enabled = true (custom)
2019-10-02 20:19:47,249 [pool-443-thread-1] INFO  segmented.SegmentedRaftLogWorker (SegmentedRaftLogWorker.java:lambda$new$0(128)) - a5374d3c-3240-4076-b7ea-bbc899f45c3f@group-F7A5FB50DED8-SegmentedRaftLogWorker: flushIndex: setUnconditionally 0 -> -1
2019-10-02 20:19:47,249 [pool-443-thread-1] INFO  server.RaftServerConfigKeys (ConfUtils.java:logGet(43)) - raft.server.snapshot.auto.trigger.enabled = true (custom)
2019-10-02 20:19:47,249 [pool-443-thread-1] INFO  server.RaftServerConfigKeys (ConfUtils.java:logGet(43)) - raft.server.snapshot.auto.trigger.threshold = 10000 (custom)
2019-10-02 20:19:47,249 [pool-443-thread-1] INFO  server.RaftServerConfigKeys (ConfUtils.java:logGet(43)) - raft.server.snapshot.retention.file.num = 5 (custom)
2019-10-02 20:19:47,249 [pool-443-thread-1] INFO  server.RaftServerConfigKeys (ConfUtils.java:logGet(43)) - raft.server.retrycache.expirytime = 600000ms (custom)
2019-10-02 20:19:47,251 [pool-443-thread-1] INFO  impl.RaftServerImpl (RaftServerImpl.java:start(181)) - a5374d3c-3240-4076-b7ea-bbc899f45c3f@group-F7A5FB50DED8: start as a follower, conf=-1: [a5374d3c-3240-4076-b7ea-bbc899f45c3f:192.168.157.242:36728], old=null
2019-10-02 20:19:47,251 [pool-443-thread-1] INFO  impl.RaftServerImpl (RaftServerImpl.java:setRole(170)) - a5374d3c-3240-4076-b7ea-bbc899f45c3f@group-F7A5FB50DED8: changes role from      null to FOLLOWER at term 0 for startAsFollower
2019-10-02 20:19:47,251 [pool-443-thread-1] INFO  impl.RoleInfo (RoleInfo.java:updateAndGet(143)) - a5374d3c-3240-4076-b7ea-bbc899f45c3f: start FollowerState
2019-10-02 20:19:47,251 [pool-443-thread-1] INFO  util.JmxRegister (JmxRegister.java:tryRegister(44)) - Successfully registered JMX Bean with object name Ratis:service=RaftServer,group=group-F7A5FB50DED8,id=a5374d3c-3240-4076-b7ea-bbc899f45c3f
2019-10-02 20:19:47,255 [RatisPipelineUtilsThread] INFO  pipeline.PipelineStateManager (PipelineStateManager.java:addPipeline(56)) - Created pipeline Pipeline[ Id: c7adfa13-f618-4041-aa91-f7a5fb50ded8, Nodes: a5374d3c-3240-4076-b7ea-bbc899f45c3f{ip: 192.168.157.242, host: pr-hdds-2223-zp5j9-3680597336, networkLocation: /default-rack, certSerialId: null}, Type:RATIS, Factor:ONE, State:OPEN]
2019-10-02 20:19:47,265 [grpc-default-executor-0] INFO  impl.RaftServerProxy (RaftServerProxy.java:addNew(89)) - a5374d3c-3240-4076-b7ea-bbc899f45c3f: addNew group-70CC73D912F5:[a5374d3c-3240-4076-b7ea-bbc899f45c3f:192.168.157.242:36728, 31b14a0e-f5bd-419a-afcf-ddc860b89cf3:192.168.157.242:42954, 227e1acc-cc2e-43a7-8eb5-515fd2972ece:192.168.157.242:42112] returns group-70CC73D912F5:java.util.concurrent.CompletableFuture@74335bef[Not completed]
2019-10-02 20:19:47,266 [grpc-default-executor-6] INFO  impl.RaftServerProxy (RaftServerProxy.java:addNew(89)) - 227e1acc-cc2e-43a7-8eb5-515fd2972ece: addNew group-70CC73D912F5:[a5374d3c-3240-4076-b7ea-bbc899f45c3f:192.168.157.242:36728, 31b14a0e-f5bd-419a-afcf-ddc860b89cf3:192.168.157.242:42954, 227e1acc-cc2e-43a7-8eb5-515fd2972ece:192.168.157.242:42112] returns group-70CC73D912F5:java.util.concurrent.CompletableFuture@4b431fdf[Not completed]
2019-10-02 20:19:47,266 [grpc-default-executor-9] INFO  impl.RaftServerProxy (RaftServerProxy.java:addNew(89)) - 31b14a0e-f5bd-419a-afcf-ddc860b89cf3: addNew group-70CC73D912F5:[a5374d3c-3240-4076-b7ea-bbc899f45c3f:192.168.157.242:36728, 31b14a0e-f5bd-419a-afcf-ddc860b89cf3:192.168.157.242:42954, 227e1acc-cc2e-43a7-8eb5-515fd2972ece:192.168.157.242:42112] returns group-70CC73D912F5:java.util.concurrent.CompletableFuture@996a121[Not completed]
2019-10-02 20:19:47,267 [pool-443-thread-1] INFO  impl.RaftServerImpl (RaftServerImpl.java:<init>(95)) - a5374d3c-3240-4076-b7ea-bbc899f45c3f: new RaftServerImpl for group-70CC73D912F5:[a5374d3c-3240-4076-b7ea-bbc899f45c3f:192.168.157.242:36728, 31b14a0e-f5bd-419a-afcf-ddc860b89cf3:192.168.157.242:42954, 227e1acc-cc2e-43a7-8eb5-515fd2972ece:192.168.157.242:42112] with ContainerStateMachine:uninitialized
2019-10-02 20:19:47,267 [pool-443-thread-1] INFO  server.RaftServerConfigKeys (ConfUtils.java:logGet(43)) - raft.server.rpc.timeout.min = 5s (custom)
2019-10-02 20:19:47,267 [pool-443-thread-1] INFO  server.RaftServerConfigKeys (ConfUtils.java:logGet(43)) - raft.server.rpc.timeout.max = 5200ms (custom)
2019-10-02 20:19:47,267 [pool-443-thread-1] INFO  server.RaftServerConfigKeys (ConfUtils.java:logGet(43)) - raft.server.rpcslowness.timeout = 120s (custom)
2019-10-02 20:19:47,267 [pool-443-thread-1] INFO  server.RaftServerConfigKeys (ConfUtils.java:logGet(43)) - raft.server.sleep.deviation.threshold = 300 (default)
2019-10-02 20:19:47,268 [pool-443-thread-1] INFO  server.RaftServerConfigKeys (ConfUtils.java:logGet(43)) - raft.server.log.appender.install.snapshot.enabled = false (custom)
2019-10-02 20:19:47,268 [pool-443-thread-1] INFO  impl.RaftServerImpl (ServerState.java:<init>(103)) - a5374d3c-3240-4076-b7ea-bbc899f45c3f@group-70CC73D912F5: ConfigurationManager, init=-1: [a5374d3c-3240-4076-b7ea-bbc899f45c3f:192.168.157.242:36728, 31b14a0e-f5bd-419a-afcf-ddc860b89cf3:192.168.157.242:42954, 227e1acc-cc2e-43a7-8eb5-515fd2972ece:192.168.157.242:42112], old=null, confs=<EMPTY_MAP>
2019-10-02 20:19:47,268 [pool-443-thread-1] INFO  server.RaftServerConfigKeys (ConfUtils.java:logGet(43)) - raft.server.storage.dir = [/workdir/hadoop-ozone/integration-test/target/test-dir/MiniOzoneClusterImpl-8710202a-694f-4f87-8fa9-db9181168db2/datanode-6/data/ratis] (custom)
2019-10-02 20:19:47,268 [pool-443-thread-1] INFO  server.RaftServerConfigKeys (ConfUtils.java:logGet(43)) - raft.server.log.corruption.policy = EXCEPTION (default)
2019-10-02 20:19:47,268 [pool-413-thread-1] INFO  impl.RaftServerImpl (RaftServerImpl.java:<init>(95)) - 31b14a0e-f5bd-419a-afcf-ddc860b89cf3: new RaftServerImpl for group-70CC73D912F5:[a5374d3c-3240-4076-b7ea-bbc899f45c3f:192.168.157.242:36728, 31b14a0e-f5bd-419a-afcf-ddc860b89cf3:192.168.157.242:42954, 227e1acc-cc2e-43a7-8eb5-515fd2972ece:192.168.157.242:42112] with ContainerStateMachine:uninitialized
2019-10-02 20:19:47,268 [pool-443-thread-1] INFO  storage.RaftStorageDirectory (RaftStorageDirectory.java:analyzeStorage(246)) - The storage directory /workdir/hadoop-ozone/integration-test/target/test-dir/MiniOzoneClusterImpl-8710202a-694f-4f87-8fa9-db9181168db2/datanode-6/data/ratis/9eeaf385-549c-4176-b419-70cc73d912f5 does not exist. Creating ...
2019-10-02 20:19:47,268 [pool-413-thread-1] INFO  server.RaftServerConfigKeys (ConfUtils.java:logGet(43)) - raft.server.rpc.timeout.min = 5s (custom)
2019-10-02 20:19:47,269 [pool-413-thread-1] INFO  server.RaftServerConfigKeys (ConfUtils.java:logGet(43)) - raft.server.rpc.timeout.max = 5200ms (custom)
2019-10-02 20:19:47,269 [pool-413-thread-1] INFO  server.RaftServerConfigKeys (ConfUtils.java:logGet(43)) - raft.server.rpcslowness.timeout = 120s (custom)
2019-10-02 20:19:47,269 [pool-433-thread-1] INFO  impl.RaftServerImpl (RaftServerImpl.java:<init>(95)) - 227e1acc-cc2e-43a7-8eb5-515fd2972ece: new RaftServerImpl for group-70CC73D912F5:[a5374d3c-3240-4076-b7ea-bbc899f45c3f:192.168.157.242:36728, 31b14a0e-f5bd-419a-afcf-ddc860b89cf3:192.168.157.242:42954, 227e1acc-cc2e-43a7-8eb5-515fd2972ece:192.168.157.242:42112] with ContainerStateMachine:uninitialized
2019-10-02 20:19:47,269 [pool-413-thread-1] INFO  server.RaftServerConfigKeys (ConfUtils.java:logGet(43)) - raft.server.sleep.deviation.threshold = 300 (default)
2019-10-02 20:19:47,269 [pool-433-thread-1] INFO  server.RaftServerConfigKeys (ConfUtils.java:logGet(43)) - raft.server.rpc.timeout.min = 5s (custom)
2019-10-02 20:19:47,269 [pool-413-thread-1] INFO  server.RaftServerConfigKeys (ConfUtils.java:logGet(43)) - raft.server.log.appender.install.snapshot.enabled = false (custom)
2019-10-02 20:19:47,269 [pool-433-thread-1] INFO  server.RaftServerConfigKeys (ConfUtils.java:logGet(43)) - raft.server.rpc.timeout.max = 5200ms (custom)
2019-10-02 20:19:47,269 [pool-413-thread-1] INFO  impl.RaftServerImpl (ServerState.java:<init>(103)) - 31b14a0e-f5bd-419a-afcf-ddc860b89cf3@group-70CC73D912F5: ConfigurationManager, init=-1: [a5374d3c-3240-4076-b7ea-bbc899f45c3f:192.168.157.242:36728, 31b14a0e-f5bd-419a-afcf-ddc860b89cf3:192.168.157.242:42954, 227e1acc-cc2e-43a7-8eb5-515fd2972ece:192.168.157.242:42112], old=null, confs=<EMPTY_MAP>
2019-10-02 20:19:47,269 [pool-433-thread-1] INFO  server.RaftServerConfigKeys (ConfUtils.java:logGet(43)) - raft.server.rpcslowness.timeout = 120s (custom)
2019-10-02 20:19:47,270 [pool-413-thread-1] INFO  server.RaftServerConfigKeys (ConfUtils.java:logGet(43)) - raft.server.storage.dir = [/workdir/hadoop-ozone/integration-test/target/test-dir/MiniOzoneClusterImpl-8710202a-694f-4f87-8fa9-db9181168db2/datanode-3/data/ratis] (custom)
2019-10-02 20:19:47,270 [pool-433-thread-1] INFO  server.RaftServerConfigKeys (ConfUtils.java:logGet(43)) - raft.server.sleep.deviation.threshold = 300 (default)
2019-10-02 20:19:47,270 [pool-433-thread-1] INFO  server.RaftServerConfigKeys (ConfUtils.java:logGet(43)) - raft.server.log.appender.install.snapshot.enabled = false (custom)
2019-10-02 20:19:47,270 [pool-413-thread-1] INFO  server.RaftServerConfigKeys (ConfUtils.java:logGet(43)) - raft.server.log.corruption.policy = EXCEPTION (default)
2019-10-02 20:19:47,270 [pool-433-thread-1] INFO  impl.RaftServerImpl (ServerState.java:<init>(103)) - 227e1acc-cc2e-43a7-8eb5-515fd2972ece@group-70CC73D912F5: ConfigurationManager, init=-1: [a5374d3c-3240-4076-b7ea-bbc899f45c3f:192.168.157.242:36728, 31b14a0e-f5bd-419a-afcf-ddc860b89cf3:192.168.157.242:42954, 227e1acc-cc2e-43a7-8eb5-515fd2972ece:192.168.157.242:42112], old=null, confs=<EMPTY_MAP>
2019-10-02 20:19:47,270 [pool-413-thread-1] INFO  storage.RaftStorageDirectory (RaftStorageDirectory.java:analyzeStorage(246)) - The storage directory /workdir/hadoop-ozone/integration-test/target/test-dir/MiniOzoneClusterImpl-8710202a-694f-4f87-8fa9-db9181168db2/datanode-3/data/ratis/9eeaf385-549c-4176-b419-70cc73d912f5 does not exist. Creating ...
2019-10-02 20:19:47,270 [pool-433-thread-1] INFO  server.RaftServerConfigKeys (ConfUtils.java:logGet(43)) - raft.server.storage.dir = [/workdir/hadoop-ozone/integration-test/target/test-dir/MiniOzoneClusterImpl-8710202a-694f-4f87-8fa9-db9181168db2/datanode-5/data/ratis] (custom)
2019-10-02 20:19:47,271 [pool-433-thread-1] INFO  server.RaftServerConfigKeys (ConfUtils.java:logGet(43)) - raft.server.log.corruption.policy = EXCEPTION (default)
2019-10-02 20:19:47,271 [pool-433-thread-1] INFO  storage.RaftStorageDirectory (RaftStorageDirectory.java:analyzeStorage(246)) - The storage directory /workdir/hadoop-ozone/integration-test/target/test-dir/MiniOzoneClusterImpl-8710202a-694f-4f87-8fa9-db9181168db2/datanode-5/data/ratis/9eeaf385-549c-4176-b419-70cc73d912f5 does not exist. Creating ...
2019-10-02 20:19:47,281 [pool-443-thread-1] INFO  storage.RaftStorageDirectory (RaftStorageDirectory.java:tryLock(328)) - Lock on /workdir/hadoop-ozone/integration-test/target/test-dir/MiniOzoneClusterImpl-8710202a-694f-4f87-8fa9-db9181168db2/datanode-6/data/ratis/9eeaf385-549c-4176-b419-70cc73d912f5/in_use.lock acquired by nodename 4745@pr-hdds-2223-zp5j9-3680597336
2019-10-02 20:19:47,282 [pool-433-thread-1] INFO  storage.RaftStorageDirectory (RaftStorageDirectory.java:tryLock(328)) - Lock on /workdir/hadoop-ozone/integration-test/target/test-dir/MiniOzoneClusterImpl-8710202a-694f-4f87-8fa9-db9181168db2/datanode-5/data/ratis/9eeaf385-549c-4176-b419-70cc73d912f5/in_use.lock acquired by nodename 4745@pr-hdds-2223-zp5j9-3680597336
2019-10-02 20:19:47,282 [pool-413-thread-1] INFO  storage.RaftStorageDirectory (RaftStorageDirectory.java:tryLock(328)) - Lock on /workdir/hadoop-ozone/integration-test/target/test-dir/MiniOzoneClusterImpl-8710202a-694f-4f87-8fa9-db9181168db2/datanode-3/data/ratis/9eeaf385-549c-4176-b419-70cc73d912f5/in_use.lock acquired by nodename 4745@pr-hdds-2223-zp5j9-3680597336
2019-10-02 20:19:47,295 [pool-443-thread-1] INFO  storage.RaftStorage (RaftStorage.java:format(84)) - Storage directory /workdir/hadoop-ozone/integration-test/target/test-dir/MiniOzoneClusterImpl-8710202a-694f-4f87-8fa9-db9181168db2/datanode-6/data/ratis/9eeaf385-549c-4176-b419-70cc73d912f5 has been successfully formatted.
2019-10-02 20:19:47,295 [pool-433-thread-1] INFO  storage.RaftStorage (RaftStorage.java:format(84)) - Storage directory /workdir/hadoop-ozone/integration-test/target/test-dir/MiniOzoneClusterImpl-8710202a-694f-4f87-8fa9-db9181168db2/datanode-5/data/ratis/9eeaf385-549c-4176-b419-70cc73d912f5 has been successfully formatted.
2019-10-02 20:19:47,295 [pool-413-thread-1] INFO  storage.RaftStorage (RaftStorage.java:format(84)) - Storage directory /workdir/hadoop-ozone/integration-test/target/test-dir/MiniOzoneClusterImpl-8710202a-694f-4f87-8fa9-db9181168db2/datanode-3/data/ratis/9eeaf385-549c-4176-b419-70cc73d912f5 has been successfully formatted.
2019-10-02 20:19:47,296 [pool-433-thread-1] INFO  ratis.ContainerStateMachine (ContainerStateMachine.java:loadSnapshot(230)) - group-70CC73D912F5: The snapshot info is null. Setting the last applied indexto:(t:0, i:~)
2019-10-02 20:19:47,296 [pool-413-thread-1] INFO  ratis.ContainerStateMachine (ContainerStateMachine.java:loadSnapshot(230)) - group-70CC73D912F5: The snapshot info is null. Setting the last applied indexto:(t:0, i:~)
2019-10-02 20:19:47,295 [pool-443-thread-1] INFO  ratis.ContainerStateMachine (ContainerStateMachine.java:loadSnapshot(230)) - group-70CC73D912F5: The snapshot info is null. Setting the last applied indexto:(t:0, i:~)
2019-10-02 20:19:47,296 [pool-413-thread-1] INFO  server.RaftServerConfigKeys (ConfUtils.java:logGet(43)) - raft.server.notification.no-leader.timeout = 120s (custom)
2019-10-02 20:19:47,296 [pool-433-thread-1] INFO  server.RaftServerConfigKeys (ConfUtils.java:logGet(43)) - raft.server.notification.no-leader.timeout = 120s (custom)
2019-10-02 20:19:47,296 [pool-413-thread-1] INFO  server.RaftServerConfigKeys (ConfUtils.java:logGet(43)) - raft.server.log.use.memory = false (default)
2019-10-02 20:19:47,296 [pool-443-thread-1] INFO  server.RaftServerConfigKeys (ConfUtils.java:logGet(43)) - raft.server.notification.no-leader.timeout = 120s (custom)
2019-10-02 20:19:47,296 [pool-413-thread-1] INFO  server.RaftServerConfigKeys (ConfUtils.java:logGet(43)) - raft.server.log.purge.gap = 1000000 (custom)
2019-10-02 20:19:47,296 [pool-433-thread-1] INFO  server.RaftServerConfigKeys (ConfUtils.java:logGet(43)) - raft.server.log.use.memory = false (default)
2019-10-02 20:19:47,297 [pool-413-thread-1] INFO  server.RaftServerConfigKeys (ConfUtils.java:logGet(43)) - raft.server.log.appender.buffer.byte-limit = 33554432 (custom)
2019-10-02 20:19:47,297 [pool-443-thread-1] INFO  server.RaftServerConfigKeys (ConfUtils.java:logGet(43)) - raft.server.log.use.memory = false (default)
2019-10-02 20:19:47,297 [pool-413-thread-1] INFO  server.RaftServerConfigKeys (ConfUtils.java:logGet(43)) - raft.server.log.segment.size.max = 1048576 (custom)
2019-10-02 20:19:47,297 [pool-433-thread-1] INFO  server.RaftServerConfigKeys (ConfUtils.java:logGet(43)) - raft.server.log.purge.gap = 1000000 (custom)
2019-10-02 20:19:47,297 [pool-413-thread-1] INFO  server.RaftServerConfigKeys (ConfUtils.java:logGet(43)) - raft.server.log.segment.cache.num.max = 2 (custom)
2019-10-02 20:19:47,297 [pool-443-thread-1] INFO  server.RaftServerConfigKeys (ConfUtils.java:logGet(43)) - raft.server.log.purge.gap = 1000000 (custom)
2019-10-02 20:19:47,297 [pool-413-thread-1] INFO  segmented.SegmentedRaftLogWorker (SegmentedRaftLogWorker.java:<init>(173)) - new 31b14a0e-f5bd-419a-afcf-ddc860b89cf3@group-70CC73D912F5-SegmentedRaftLogWorker for RaftStorage:Storage Directory /workdir/hadoop-ozone/integration-test/target/test-dir/MiniOzoneClusterImpl-8710202a-694f-4f87-8fa9-db9181168db2/datanode-3/data/ratis/9eeaf385-549c-4176-b419-70cc73d912f5
2019-10-02 20:19:47,297 [pool-433-thread-1] INFO  server.RaftServerConfigKeys (ConfUtils.java:logGet(43)) - raft.server.log.appender.buffer.byte-limit = 33554432 (custom)
2019-10-02 20:19:47,298 [pool-413-thread-1] INFO  server.RaftServerConfigKeys (ConfUtils.java:logGet(43)) - raft.server.log.queue.byte-limit = 2147483647 (custom)
2019-10-02 20:19:47,298 [pool-443-thread-1] INFO  server.RaftServerConfigKeys (ConfUtils.java:logGet(43)) - raft.server.log.appender.buffer.byte-limit = 33554432 (custom)
2019-10-02 20:19:47,298 [pool-413-thread-1] INFO  server.RaftServerConfigKeys (ConfUtils.java:logGet(43)) - raft.server.log.queue.element-limit = 1024 (custom)
2019-10-02 20:19:47,298 [pool-433-thread-1] INFO  server.RaftServerConfigKeys (ConfUtils.java:logGet(43)) - raft.server.log.segment.size.max = 1048576 (custom)
2019-10-02 20:19:47,298 [pool-413-thread-1] INFO  server.RaftServerConfigKeys (ConfUtils.java:logGet(43)) - raft.server.log.segment.size.max = 1048576 (custom)
2019-10-02 20:19:47,299 [pool-413-thread-1] INFO  server.RaftServerConfigKeys (ConfUtils.java:logGet(43)) - raft.server.log.preallocated.size = 16384 (custom)
2019-10-02 20:19:47,298 [pool-443-thread-1] INFO  server.RaftServerConfigKeys (ConfUtils.java:logGet(43)) - raft.server.log.segment.size.max = 1048576 (custom)
2019-10-02 20:19:47,299 [pool-413-thread-1] INFO  server.RaftServerConfigKeys (ConfUtils.java:logGet(43)) - raft.server.log.write.buffer.size = 33554432 (custom)
2019-10-02 20:19:47,298 [pool-433-thread-1] INFO  server.RaftServerConfigKeys (ConfUtils.java:logGet(43)) - raft.server.log.segment.cache.num.max = 2 (custom)
2019-10-02 20:19:47,299 [pool-413-thread-1] INFO  server.RaftServerConfigKeys (ConfUtils.java:logGet(43)) - raft.server.log.force.sync.num = 128 (default)
2019-10-02 20:19:47,299 [pool-413-thread-1] INFO  server.RaftServerConfigKeys (ConfUtils.java:logGet(43)) - raft.server.log.statemachine.data.sync = true (default)
2019-10-02 20:19:47,299 [pool-443-thread-1] INFO  server.RaftServerConfigKeys (ConfUtils.java:logGet(43)) - raft.server.log.segment.cache.num.max = 2 (custom)
2019-10-02 20:19:47,299 [pool-413-thread-1] INFO  server.RaftServerConfigKeys (ConfUtils.java:logGet(43)) - raft.server.log.statemachine.data.sync.timeout = 10s (default)
2019-10-02 20:19:47,300 [pool-413-thread-1] INFO  server.RaftServerConfigKeys (ConfUtils.java:logGet(43)) - raft.server.log.statemachine.data.sync.timeout.retry = -1 (default)
2019-10-02 20:19:47,299 [pool-433-thread-1] INFO  segmented.SegmentedRaftLogWorker (SegmentedRaftLogWorker.java:<init>(173)) - new 227e1acc-cc2e-43a7-8eb5-515fd2972ece@group-70CC73D912F5-SegmentedRaftLogWorker for RaftStorage:Storage Directory /workdir/hadoop-ozone/integration-test/target/test-dir/MiniOzoneClusterImpl-8710202a-694f-4f87-8fa9-db9181168db2/datanode-5/data/ratis/9eeaf385-549c-4176-b419-70cc73d912f5
2019-10-02 20:19:47,300 [pool-413-thread-1] INFO  server.RaftServerConfigKeys (ConfUtils.java:logGet(43)) - raft.server.log.statemachine.data.caching.enabled = true (custom)
2019-10-02 20:19:47,299 [pool-443-thread-1] INFO  segmented.SegmentedRaftLogWorker (SegmentedRaftLogWorker.java:<init>(173)) - new a5374d3c-3240-4076-b7ea-bbc899f45c3f@group-70CC73D912F5-SegmentedRaftLogWorker for RaftStorage:Storage Directory /workdir/hadoop-ozone/integration-test/target/test-dir/MiniOzoneClusterImpl-8710202a-694f-4f87-8fa9-db9181168db2/datanode-6/data/ratis/9eeaf385-549c-4176-b419-70cc73d912f5
2019-10-02 20:19:47,300 [pool-433-thread-1] INFO  server.RaftServerConfigKeys (ConfUtils.java:logGet(43)) - raft.server.log.queue.byte-limit = 2147483647 (custom)
2019-10-02 20:19:47,300 [pool-413-thread-1] INFO  segmented.SegmentedRaftLogWorker (SegmentedRaftLogWorker.java:lambda$new$0(128)) - 31b14a0e-f5bd-419a-afcf-ddc860b89cf3@group-70CC73D912F5-SegmentedRaftLogWorker: flushIndex: setUnconditionally 0 -> -1
2019-10-02 20:19:47,300 [pool-443-thread-1] INFO  server.RaftServerConfigKeys (ConfUtils.java:logGet(43)) - raft.server.log.queue.byte-limit = 2147483647 (custom)
2019-10-02 20:19:47,300 [pool-433-thread-1] INFO  server.RaftServerConfigKeys (ConfUtils.java:logGet(43)) - raft.server.log.queue.element-limit = 1024 (custom)
2019-10-02 20:19:47,301 [pool-413-thread-1] INFO  server.RaftServerConfigKeys (ConfUtils.java:logGet(43)) - raft.server.snapshot.auto.trigger.enabled = true (custom)
2019-10-02 20:19:47,301 [pool-443-thread-1] INFO  server.RaftServerConfigKeys (ConfUtils.java:logGet(43)) - raft.server.log.queue.element-limit = 1024 (custom)
2019-10-02 20:19:47,301 [pool-413-thread-1] INFO  server.RaftServerConfigKeys (ConfUtils.java:logGet(43)) - raft.server.snapshot.auto.trigger.threshold = 10000 (custom)
2019-10-02 20:19:47,301 [pool-433-thread-1] INFO  server.RaftServerConfigKeys (ConfUtils.java:logGet(43)) - raft.server.log.segment.size.max = 1048576 (custom)
2019-10-02 20:19:47,301 [pool-413-thread-1] INFO  server.RaftServerConfigKeys (ConfUtils.java:logGet(43)) - raft.server.snapshot.retention.file.num = 5 (custom)
2019-10-02 20:19:47,301 [pool-443-thread-1] INFO  server.RaftServerConfigKeys (ConfUtils.java:logGet(43)) - raft.server.log.segment.size.max = 1048576 (custom)
2019-10-02 20:19:47,301 [pool-413-thread-1] INFO  server.RaftServerConfigKeys (ConfUtils.java:logGet(43)) - raft.server.retrycache.expirytime = 600000ms (custom)
2019-10-02 20:19:47,301 [pool-433-thread-1] INFO  server.RaftServerConfigKeys (ConfUtils.java:logGet(43)) - raft.server.log.preallocated.size = 16384 (custom)
2019-10-02 20:19:47,301 [pool-443-thread-1] INFO  server.RaftServerConfigKeys (ConfUtils.java:logGet(43)) - raft.server.log.preallocated.size = 16384 (custom)
2019-10-02 20:19:47,302 [pool-433-thread-1] INFO  server.RaftServerConfigKeys (ConfUtils.java:logGet(43)) - raft.server.log.write.buffer.size = 33554432 (custom)
2019-10-02 20:19:47,302 [pool-443-thread-1] INFO  server.RaftServerConfigKeys (ConfUtils.java:logGet(43)) - raft.server.log.write.buffer.size = 33554432 (custom)
2019-10-02 20:19:47,302 [pool-433-thread-1] INFO  server.RaftServerConfigKeys (ConfUtils.java:logGet(43)) - raft.server.log.force.sync.num = 128 (default)
2019-10-02 20:19:47,302 [pool-443-thread-1] INFO  server.RaftServerConfigKeys (ConfUtils.java:logGet(43)) - raft.server.log.force.sync.num = 128 (default)
2019-10-02 20:19:47,302 [pool-433-thread-1] INFO  server.RaftServerConfigKeys (ConfUtils.java:logGet(43)) - raft.server.log.statemachine.data.sync = true (default)
2019-10-02 20:19:47,302 [pool-443-thread-1] INFO  server.RaftServerConfigKeys (ConfUtils.java:logGet(43)) - raft.server.log.statemachine.data.sync = true (default)
2019-10-02 20:19:47,303 [pool-433-thread-1] INFO  server.RaftServerConfigKeys (ConfUtils.java:logGet(43)) - raft.server.log.statemachine.data.sync.timeout = 10s (default)
2019-10-02 20:19:47,303 [pool-443-thread-1] INFO  server.RaftServerConfigKeys (ConfUtils.java:logGet(43)) - raft.server.log.statemachine.data.sync.timeout = 10s (default)
2019-10-02 20:19:47,303 [pool-433-thread-1] INFO  server.RaftServerConfigKeys (ConfUtils.java:logGet(43)) - raft.server.log.statemachine.data.sync.timeout.retry = -1 (default)
2019-10-02 20:19:47,303 [pool-443-thread-1] INFO  server.RaftServerConfigKeys (ConfUtils.java:logGet(43)) - raft.server.log.statemachine.data.sync.timeout.retry = -1 (default)
2019-10-02 20:19:47,303 [pool-433-thread-1] INFO  server.RaftServerConfigKeys (ConfUtils.java:logGet(43)) - raft.server.log.statemachine.data.caching.enabled = true (custom)
2019-10-02 20:19:47,303 [pool-443-thread-1] INFO  server.RaftServerConfigKeys (ConfUtils.java:logGet(43)) - raft.server.log.statemachine.data.caching.enabled = true (custom)
2019-10-02 20:19:47,303 [pool-413-thread-1] INFO  impl.RaftServerImpl (RaftServerImpl.java:start(181)) - 31b14a0e-f5bd-419a-afcf-ddc860b89cf3@group-70CC73D912F5: start as a follower, conf=-1: [a5374d3c-3240-4076-b7ea-bbc899f45c3f:192.168.157.242:36728, 31b14a0e-f5bd-419a-afcf-ddc860b89cf3:192.168.157.242:42954, 227e1acc-cc2e-43a7-8eb5-515fd2972ece:192.168.157.242:42112], old=null
2019-10-02 20:19:47,303 [pool-433-thread-1] INFO  segmented.SegmentedRaftLogWorker (SegmentedRaftLogWorker.java:lambda$new$0(128)) - 227e1acc-cc2e-43a7-8eb5-515fd2972ece@group-70CC73D912F5-SegmentedRaftLogWorker: flushIndex: setUnconditionally 0 -> -1
2019-10-02 20:19:47,303 [pool-443-thread-1] INFO  segmented.SegmentedRaftLogWorker (SegmentedRaftLogWorker.java:lambda$new$0(128)) - a5374d3c-3240-4076-b7ea-bbc899f45c3f@group-70CC73D912F5-SegmentedRaftLogWorker: flushIndex: setUnconditionally 0 -> -1
2019-10-02 20:19:47,304 [pool-413-thread-1] INFO  impl.RaftServerImpl (RaftServerImpl.java:setRole(170)) - 31b14a0e-f5bd-419a-afcf-ddc860b89cf3@group-70CC73D912F5: changes role from      null to FOLLOWER at term 0 for startAsFollower
2019-10-02 20:19:47,304 [pool-433-thread-1] INFO  server.RaftServerConfigKeys (ConfUtils.java:logGet(43)) - raft.server.snapshot.auto.trigger.enabled = true (custom)
2019-10-02 20:19:47,304 [pool-443-thread-1] INFO  server.RaftServerConfigKeys (ConfUtils.java:logGet(43)) - raft.server.snapshot.auto.trigger.enabled = true (custom)
2019-10-02 20:19:47,304 [pool-413-thread-1] INFO  impl.RoleInfo (RoleInfo.java:updateAndGet(143)) - 31b14a0e-f5bd-419a-afcf-ddc860b89cf3: start FollowerState
2019-10-02 20:19:47,304 [pool-443-thread-1] INFO  server.RaftServerConfigKeys (ConfUtils.java:logGet(43)) - raft.server.snapshot.auto.trigger.threshold = 10000 (custom)
2019-10-02 20:19:47,304 [pool-433-thread-1] INFO  server.RaftServerConfigKeys (ConfUtils.java:logGet(43)) - raft.server.snapshot.auto.trigger.threshold = 10000 (custom)
2019-10-02 20:19:47,304 [pool-443-thread-1] INFO  server.RaftServerConfigKeys (ConfUtils.java:logGet(43)) - raft.server.snapshot.retention.file.num = 5 (custom)
2019-10-02 20:19:47,304 [pool-413-thread-1] INFO  util.JmxRegister (JmxRegister.java:tryRegister(44)) - Successfully registered JMX Bean with object name Ratis:service=RaftServer,group=group-70CC73D912F5,id=31b14a0e-f5bd-419a-afcf-ddc860b89cf3
2019-10-02 20:19:47,304 [pool-433-thread-1] INFO  server.RaftServerConfigKeys (ConfUtils.java:logGet(43)) - raft.server.snapshot.retention.file.num = 5 (custom)
2019-10-02 20:19:47,305 [pool-443-thread-1] INFO  server.RaftServerConfigKeys (ConfUtils.java:logGet(43)) - raft.server.retrycache.expirytime = 600000ms (custom)
2019-10-02 20:19:47,305 [pool-433-thread-1] INFO  server.RaftServerConfigKeys (ConfUtils.java:logGet(43)) - raft.server.retrycache.expirytime = 600000ms (custom)
2019-10-02 20:19:47,308 [pool-443-thread-1] INFO  impl.RaftServerImpl (RaftServerImpl.java:start(181)) - a5374d3c-3240-4076-b7ea-bbc899f45c3f@group-70CC73D912F5: start as a follower, conf=-1: [a5374d3c-3240-4076-b7ea-bbc899f45c3f:192.168.157.242:36728, 31b14a0e-f5bd-419a-afcf-ddc860b89cf3:192.168.157.242:42954, 227e1acc-cc2e-43a7-8eb5-515fd2972ece:192.168.157.242:42112], old=null
2019-10-02 20:19:47,308 [pool-443-thread-1] INFO  impl.RaftServerImpl (RaftServerImpl.java:setRole(170)) - a5374d3c-3240-4076-b7ea-bbc899f45c3f@group-70CC73D912F5: changes role from      null to FOLLOWER at term 0 for startAsFollower
2019-10-02 20:19:47,308 [pool-443-thread-1] INFO  impl.RoleInfo (RoleInfo.java:updateAndGet(143)) - a5374d3c-3240-4076-b7ea-bbc899f45c3f: start FollowerState
2019-10-02 20:19:47,308 [pool-433-thread-1] INFO  impl.RaftServerImpl (RaftServerImpl.java:start(181)) - 227e1acc-cc2e-43a7-8eb5-515fd2972ece@group-70CC73D912F5: start as a follower, conf=-1: [a5374d3c-3240-4076-b7ea-bbc899f45c3f:192.168.157.242:36728, 31b14a0e-f5bd-419a-afcf-ddc860b89cf3:192.168.157.242:42954, 227e1acc-cc2e-43a7-8eb5-515fd2972ece:192.168.157.242:42112], old=null
2019-10-02 20:19:47,308 [pool-443-thread-1] INFO  util.JmxRegister (JmxRegister.java:tryRegister(44)) - Successfully registered JMX Bean with object name Ratis:service=RaftServer,group=group-70CC73D912F5,id=a5374d3c-3240-4076-b7ea-bbc899f45c3f
2019-10-02 20:19:47,308 [pool-433-thread-1] INFO  impl.RaftServerImpl (RaftServerImpl.java:setRole(170)) - 227e1acc-cc2e-43a7-8eb5-515fd2972ece@group-70CC73D912F5: changes role from      null to FOLLOWER at term 0 for startAsFollower
2019-10-02 20:19:47,309 [pool-433-thread-1] INFO  impl.RoleInfo (RoleInfo.java:updateAndGet(143)) - 227e1acc-cc2e-43a7-8eb5-515fd2972ece: start FollowerState
2019-10-02 20:19:47,309 [pool-433-thread-1] INFO  util.JmxRegister (JmxRegister.java:tryRegister(44)) - Successfully registered JMX Bean with object name Ratis:service=RaftServer,group=group-70CC73D912F5,id=227e1acc-cc2e-43a7-8eb5-515fd2972ece
2019-10-02 20:19:47,314 [RatisPipelineUtilsThread] INFO  pipeline.PipelineStateManager (PipelineStateManager.java:addPipeline(56)) - Created pipeline Pipeline[ Id: 9eeaf385-549c-4176-b419-70cc73d912f5, Nodes: 31b14a0e-f5bd-419a-afcf-ddc860b89cf3{ip: 192.168.157.242, host: pr-hdds-2223-zp5j9-3680597336, networkLocation: /default-rack, certSerialId: null}a5374d3c-3240-4076-b7ea-bbc899f45c3f{ip: 192.168.157.242, host: pr-hdds-2223-zp5j9-3680597336, networkLocation: /default-rack, certSerialId: null}227e1acc-cc2e-43a7-8eb5-515fd2972ece{ip: 192.168.157.242, host: pr-hdds-2223-zp5j9-3680597336, networkLocation: /default-rack, certSerialId: null}, Type:RATIS, Factor:THREE, State:OPEN]
2019-10-02 20:19:48,182 [main] INFO  ozone.MiniOzoneClusterImpl (MiniOzoneClusterImpl.java:lambda$waitForClusterToBeReady$0(147)) - Cluster is ready. Got 7 of 7 DN Heartbeats.
2019-10-02 20:19:48,237 [main] INFO  rpc.RpcClient (RpcClient.java:createVolume(276)) - Creating Volume: watchforcommithandlingtest, with jenkins1000 as owner.
2019-10-02 20:19:48,241 [IPC Server handler 1 on 35193] INFO  volume.OMVolumeCreateRequest (OMVolumeCreateRequest.java:validateAndUpdateCache(194)) - created volume:watchforcommithandlingtest for user:jenkins1000
2019-10-02 20:19:48,275 [main] INFO  rpc.RpcClient (RpcClient.java:createBucket(415)) - Creating Bucket: watchforcommithandlingtest/watchforcommithandlingtest, with Versioning false and Storage Type set to DISK and Encryption set to false 
2019-10-02 20:19:48,280 [main] INFO  ozone.MiniOzoneClusterImpl (MiniOzoneClusterImpl.java:getStorageContainerLocationClient(234)) - Creating StorageContainerLocationProtocol RPC client with address /0.0.0.0:39160
2019-10-02 20:19:49,789 [Thread-2321] INFO  container.ReplicationManager (ReplicationManager.java:start(162)) - Starting Replication Monitor Thread.
2019-10-02 20:19:49,794 [ReplicationMonitor] INFO  container.ReplicationManager (ReplicationManager.java:run(225)) - Replication Monitor Thread took 1 milliseconds for processing 1 containers.
2019-10-02 20:19:51,959 [Thread-2329] INFO  impl.FollowerState (FollowerState.java:run(108)) - 12943b43-04f6-4d18-8197-3955007d3056@group-4079831A0141-FollowerState: change to CANDIDATE, lastRpcTime:5025ms, electionTimeout:5025ms
2019-10-02 20:19:51,960 [Thread-2329] INFO  impl.RoleInfo (RoleInfo.java:shutdownFollowerState(121)) - 12943b43-04f6-4d18-8197-3955007d3056: shutdown FollowerState
2019-10-02 20:19:51,961 [Thread-2329] INFO  impl.RaftServerImpl (RaftServerImpl.java:setRole(170)) - 12943b43-04f6-4d18-8197-3955007d3056@group-4079831A0141: changes role from  FOLLOWER to CANDIDATE at term 0 for changeToCandidate
2019-10-02 20:19:51,961 [Thread-2329] INFO  impl.RoleInfo (RoleInfo.java:updateAndGet(143)) - 12943b43-04f6-4d18-8197-3955007d3056: start LeaderElection
2019-10-02 20:19:51,981 [12943b43-04f6-4d18-8197-3955007d3056@group-4079831A0141-LeaderElection61] INFO  impl.LeaderElection (LeaderElection.java:askForVotes(178)) - 12943b43-04f6-4d18-8197-3955007d3056@group-4079831A0141-LeaderElection61: begin an election at term 1 for -1: [12943b43-04f6-4d18-8197-3955007d3056:192.168.157.242:39499], old=null
2019-10-02 20:19:51,981 [12943b43-04f6-4d18-8197-3955007d3056@group-4079831A0141-LeaderElection61] INFO  impl.RoleInfo (RoleInfo.java:shutdownLeaderElection(134)) - 12943b43-04f6-4d18-8197-3955007d3056: shutdown LeaderElection
2019-10-02 20:19:51,981 [12943b43-04f6-4d18-8197-3955007d3056@group-4079831A0141-LeaderElection61] INFO  impl.RaftServerImpl (RaftServerImpl.java:setRole(170)) - 12943b43-04f6-4d18-8197-3955007d3056@group-4079831A0141: changes role from CANDIDATE to LEADER at term 1 for changeToLeader
2019-10-02 20:19:51,982 [12943b43-04f6-4d18-8197-3955007d3056@group-4079831A0141-LeaderElection61] INFO  impl.RaftServerImpl (ServerState.java:setLeader(255)) - 12943b43-04f6-4d18-8197-3955007d3056@group-4079831A0141: change Leader from null to 12943b43-04f6-4d18-8197-3955007d3056 at term 1 for becomeLeader, leader elected after 5052ms
2019-10-02 20:19:51,982 [12943b43-04f6-4d18-8197-3955007d3056@group-4079831A0141-LeaderElection61] INFO  server.RaftServerConfigKeys (ConfUtils.java:logGet(43)) - raft.server.staging.catchup.gap = 1000 (default)
2019-10-02 20:19:51,982 [12943b43-04f6-4d18-8197-3955007d3056@group-4079831A0141-LeaderElection61] INFO  server.RaftServerConfigKeys (ConfUtils.java:logGet(43)) - raft.server.rpc.sleep.time = 25ms (default)
2019-10-02 20:19:51,982 [12943b43-04f6-4d18-8197-3955007d3056@group-4079831A0141-LeaderElection61] INFO  server.RaftServerConfigKeys (ConfUtils.java:logGet(43)) - raft.server.write.element-limit = 4096 (default)
2019-10-02 20:19:51,983 [12943b43-04f6-4d18-8197-3955007d3056@group-4079831A0141-LeaderElection61] INFO  server.RaftServerConfigKeys (ConfUtils.java:logGet(43)) - raft.server.watch.timeout = 10s (default)
2019-10-02 20:19:51,983 [12943b43-04f6-4d18-8197-3955007d3056@group-4079831A0141-LeaderElection61] INFO  server.RaftServerConfigKeys (ConfUtils.java:logGet(43)) - raft.server.watch.timeout.denomination = 1s (default)
2019-10-02 20:19:51,983 [12943b43-04f6-4d18-8197-3955007d3056@group-4079831A0141-LeaderElection61] INFO  server.RaftServerConfigKeys (ConfUtils.java:logGet(43)) - raft.server.watch.element-limit = 65536 (default)
2019-10-02 20:19:51,986 [12943b43-04f6-4d18-8197-3955007d3056@group-4079831A0141-LeaderElection61] INFO  impl.RoleInfo (RoleInfo.java:updateAndGet(143)) - 12943b43-04f6-4d18-8197-3955007d3056: start LeaderState
2019-10-02 20:19:51,987 [12943b43-04f6-4d18-8197-3955007d3056@group-4079831A0141-LeaderElection61] INFO  segmented.SegmentedRaftLogWorker (SegmentedRaftLogWorker.java:startLogSegment(385)) - 12943b43-04f6-4d18-8197-3955007d3056@group-4079831A0141-SegmentedRaftLogWorker: Starting segment from index:0
2019-10-02 20:19:51,987 [12943b43-04f6-4d18-8197-3955007d3056@group-4079831A0141-LeaderElection61] INFO  impl.RaftServerImpl (ServerState.java:setRaftConf(356)) - 12943b43-04f6-4d18-8197-3955007d3056@group-4079831A0141: set configuration 0: [12943b43-04f6-4d18-8197-3955007d3056:192.168.157.242:39499], old=null at 0
2019-10-02 20:19:52,008 [Thread-2323] INFO  impl.FollowerState (FollowerState.java:run(108)) - 4be65ef0-72f4-4de4-8bf5-ede332b23e29@group-9B1B965CC8B9-FollowerState: change to CANDIDATE, lastRpcTime:5165ms, electionTimeout:5165ms
2019-10-02 20:19:52,008 [Thread-2323] INFO  impl.RoleInfo (RoleInfo.java:shutdownFollowerState(121)) - 4be65ef0-72f4-4de4-8bf5-ede332b23e29: shutdown FollowerState
2019-10-02 20:19:52,008 [Thread-2323] INFO  impl.RaftServerImpl (RaftServerImpl.java:setRole(170)) - 4be65ef0-72f4-4de4-8bf5-ede332b23e29@group-9B1B965CC8B9: changes role from  FOLLOWER to CANDIDATE at term 0 for changeToCandidate
2019-10-02 20:19:52,009 [Thread-2323] INFO  impl.RoleInfo (RoleInfo.java:updateAndGet(143)) - 4be65ef0-72f4-4de4-8bf5-ede332b23e29: start LeaderElection
2019-10-02 20:19:52,032 [Thread-2326] INFO  impl.FollowerState (FollowerState.java:run(108)) - 479b9343-7eb9-4ab5-a1a7-db6c01c8695c@group-D8BE03A4A611-FollowerState: change to CANDIDATE, lastRpcTime:5144ms, electionTimeout:5144ms
2019-10-02 20:19:52,033 [Thread-2326] INFO  impl.RoleInfo (RoleInfo.java:shutdownFollowerState(121)) - 479b9343-7eb9-4ab5-a1a7-db6c01c8695c: shutdown FollowerState
2019-10-02 20:19:52,033 [Thread-2326] INFO  impl.RaftServerImpl (RaftServerImpl.java:setRole(170)) - 479b9343-7eb9-4ab5-a1a7-db6c01c8695c@group-D8BE03A4A611: changes role from  FOLLOWER to CANDIDATE at term 0 for changeToCandidate
2019-10-02 20:19:52,033 [Thread-2326] INFO  impl.RoleInfo (RoleInfo.java:updateAndGet(143)) - 479b9343-7eb9-4ab5-a1a7-db6c01c8695c: start LeaderElection
2019-10-02 20:19:52,035 [12943b43-04f6-4d18-8197-3955007d3056@group-4079831A0141-SegmentedRaftLogWorker] INFO  segmented.SegmentedRaftLogWorker (SegmentedRaftLogWorker.java:execute(574)) - 12943b43-04f6-4d18-8197-3955007d3056@group-4079831A0141-SegmentedRaftLogWorker: created new log segment /workdir/hadoop-ozone/integration-test/target/test-dir/MiniOzoneClusterImpl-8710202a-694f-4f87-8fa9-db9181168db2/datanode-2/data/ratis/7337e464-fc82-4b3a-8d72-4079831a0141/current/log_inprogress_0
2019-10-02 20:19:52,035 [4be65ef0-72f4-4de4-8bf5-ede332b23e29@group-9B1B965CC8B9-LeaderElection62] INFO  impl.LeaderElection (LeaderElection.java:askForVotes(178)) - 4be65ef0-72f4-4de4-8bf5-ede332b23e29@group-9B1B965CC8B9-LeaderElection62: begin an election at term 1 for -1: [4be65ef0-72f4-4de4-8bf5-ede332b23e29:192.168.157.242:35399], old=null
2019-10-02 20:19:52,040 [4be65ef0-72f4-4de4-8bf5-ede332b23e29@group-9B1B965CC8B9-LeaderElection62] INFO  impl.RoleInfo (RoleInfo.java:shutdownLeaderElection(134)) - 4be65ef0-72f4-4de4-8bf5-ede332b23e29: shutdown LeaderElection
2019-10-02 20:19:52,040 [4be65ef0-72f4-4de4-8bf5-ede332b23e29@group-9B1B965CC8B9-LeaderElection62] INFO  impl.RaftServerImpl (RaftServerImpl.java:setRole(170)) - 4be65ef0-72f4-4de4-8bf5-ede332b23e29@group-9B1B965CC8B9: changes role from CANDIDATE to LEADER at term 1 for changeToLeader
2019-10-02 20:19:52,040 [4be65ef0-72f4-4de4-8bf5-ede332b23e29@group-9B1B965CC8B9-LeaderElection62] INFO  impl.RaftServerImpl (ServerState.java:setLeader(255)) - 4be65ef0-72f4-4de4-8bf5-ede332b23e29@group-9B1B965CC8B9: change Leader from null to 4be65ef0-72f4-4de4-8bf5-ede332b23e29 at term 1 for becomeLeader, leader elected after 5204ms
2019-10-02 20:19:52,040 [4be65ef0-72f4-4de4-8bf5-ede332b23e29@group-9B1B965CC8B9-LeaderElection62] INFO  server.RaftServerConfigKeys (ConfUtils.java:logGet(43)) - raft.server.staging.catchup.gap = 1000 (default)
2019-10-02 20:19:52,040 [4be65ef0-72f4-4de4-8bf5-ede332b23e29@group-9B1B965CC8B9-LeaderElection62] INFO  server.RaftServerConfigKeys (ConfUtils.java:logGet(43)) - raft.server.rpc.sleep.time = 25ms (default)
2019-10-02 20:19:52,040 [4be65ef0-72f4-4de4-8bf5-ede332b23e29@group-9B1B965CC8B9-LeaderElection62] INFO  server.RaftServerConfigKeys (ConfUtils.java:logGet(43)) - raft.server.write.element-limit = 4096 (default)
2019-10-02 20:19:52,040 [4be65ef0-72f4-4de4-8bf5-ede332b23e29@group-9B1B965CC8B9-LeaderElection62] INFO  server.RaftServerConfigKeys (ConfUtils.java:logGet(43)) - raft.server.watch.timeout = 10s (default)
2019-10-02 20:19:52,041 [4be65ef0-72f4-4de4-8bf5-ede332b23e29@group-9B1B965CC8B9-LeaderElection62] INFO  server.RaftServerConfigKeys (ConfUtils.java:logGet(43)) - raft.server.watch.timeout.denomination = 1s (default)
2019-10-02 20:19:52,041 [4be65ef0-72f4-4de4-8bf5-ede332b23e29@group-9B1B965CC8B9-LeaderElection62] INFO  server.RaftServerConfigKeys (ConfUtils.java:logGet(43)) - raft.server.watch.element-limit = 65536 (default)
2019-10-02 20:19:52,042 [4be65ef0-72f4-4de4-8bf5-ede332b23e29@group-9B1B965CC8B9-LeaderElection62] INFO  impl.RoleInfo (RoleInfo.java:updateAndGet(143)) - 4be65ef0-72f4-4de4-8bf5-ede332b23e29: start LeaderState
2019-10-02 20:19:52,042 [4be65ef0-72f4-4de4-8bf5-ede332b23e29@group-9B1B965CC8B9-LeaderElection62] INFO  segmented.SegmentedRaftLogWorker (SegmentedRaftLogWorker.java:startLogSegment(385)) - 4be65ef0-72f4-4de4-8bf5-ede332b23e29@group-9B1B965CC8B9-SegmentedRaftLogWorker: Starting segment from index:0
2019-10-02 20:19:52,043 [4be65ef0-72f4-4de4-8bf5-ede332b23e29@group-9B1B965CC8B9-LeaderElection62] INFO  impl.RaftServerImpl (ServerState.java:setRaftConf(356)) - 4be65ef0-72f4-4de4-8bf5-ede332b23e29@group-9B1B965CC8B9: set configuration 0: [4be65ef0-72f4-4de4-8bf5-ede332b23e29:192.168.157.242:35399], old=null at 0
2019-10-02 20:19:52,050 [Thread-2333] INFO  impl.FollowerState (FollowerState.java:run(108)) - 479b9343-7eb9-4ab5-a1a7-db6c01c8695c@group-36CC0C9B7834-FollowerState: change to CANDIDATE, lastRpcTime:5033ms, electionTimeout:5033ms
2019-10-02 20:19:52,050 [Thread-2333] INFO  impl.RoleInfo (RoleInfo.java:shutdownFollowerState(121)) - 479b9343-7eb9-4ab5-a1a7-db6c01c8695c: shutdown FollowerState
2019-10-02 20:19:52,050 [Thread-2333] INFO  impl.RaftServerImpl (RaftServerImpl.java:setRole(170)) - 479b9343-7eb9-4ab5-a1a7-db6c01c8695c@group-36CC0C9B7834: changes role from  FOLLOWER to CANDIDATE at term 0 for changeToCandidate
2019-10-02 20:19:52,050 [Thread-2333] INFO  impl.RoleInfo (RoleInfo.java:updateAndGet(143)) - 479b9343-7eb9-4ab5-a1a7-db6c01c8695c: start LeaderElection
2019-10-02 20:19:52,072 [479b9343-7eb9-4ab5-a1a7-db6c01c8695c@group-D8BE03A4A611-LeaderElection63] INFO  impl.LeaderElection (LeaderElection.java:askForVotes(178)) - 479b9343-7eb9-4ab5-a1a7-db6c01c8695c@group-D8BE03A4A611-LeaderElection63: begin an election at term 1 for -1: [479b9343-7eb9-4ab5-a1a7-db6c01c8695c:192.168.157.242:40470], old=null
2019-10-02 20:19:52,072 [479b9343-7eb9-4ab5-a1a7-db6c01c8695c@group-D8BE03A4A611-LeaderElection63] INFO  impl.RoleInfo (RoleInfo.java:shutdownLeaderElection(134)) - 479b9343-7eb9-4ab5-a1a7-db6c01c8695c: shutdown LeaderElection
2019-10-02 20:19:52,072 [479b9343-7eb9-4ab5-a1a7-db6c01c8695c@group-D8BE03A4A611-LeaderElection63] INFO  impl.RaftServerImpl (RaftServerImpl.java:setRole(170)) - 479b9343-7eb9-4ab5-a1a7-db6c01c8695c@group-D8BE03A4A611: changes role from CANDIDATE to LEADER at term 1 for changeToLeader
2019-10-02 20:19:52,073 [479b9343-7eb9-4ab5-a1a7-db6c01c8695c@group-D8BE03A4A611-LeaderElection63] INFO  impl.RaftServerImpl (ServerState.java:setLeader(255)) - 479b9343-7eb9-4ab5-a1a7-db6c01c8695c@group-D8BE03A4A611: change Leader from null to 479b9343-7eb9-4ab5-a1a7-db6c01c8695c at term 1 for becomeLeader, leader elected after 5189ms
2019-10-02 20:19:52,073 [479b9343-7eb9-4ab5-a1a7-db6c01c8695c@group-D8BE03A4A611-LeaderElection63] INFO  server.RaftServerConfigKeys (ConfUtils.java:logGet(43)) - raft.server.staging.catchup.gap = 1000 (default)
2019-10-02 20:19:52,073 [479b9343-7eb9-4ab5-a1a7-db6c01c8695c@group-D8BE03A4A611-LeaderElection63] INFO  server.RaftServerConfigKeys (ConfUtils.java:logGet(43)) - raft.server.rpc.sleep.time = 25ms (default)
2019-10-02 20:19:52,073 [479b9343-7eb9-4ab5-a1a7-db6c01c8695c@group-D8BE03A4A611-LeaderElection63] INFO  server.RaftServerConfigKeys (ConfUtils.java:logGet(43)) - raft.server.write.element-limit = 4096 (default)
2019-10-02 20:19:52,073 [479b9343-7eb9-4ab5-a1a7-db6c01c8695c@group-D8BE03A4A611-LeaderElection63] INFO  server.RaftServerConfigKeys (ConfUtils.java:logGet(43)) - raft.server.watch.timeout = 10s (default)
2019-10-02 20:19:52,073 [479b9343-7eb9-4ab5-a1a7-db6c01c8695c@group-D8BE03A4A611-LeaderElection63] INFO  server.RaftServerConfigKeys (ConfUtils.java:logGet(43)) - raft.server.watch.timeout.denomination = 1s (default)
2019-10-02 20:19:52,073 [479b9343-7eb9-4ab5-a1a7-db6c01c8695c@group-D8BE03A4A611-LeaderElection63] INFO  server.RaftServerConfigKeys (ConfUtils.java:logGet(43)) - raft.server.watch.element-limit = 65536 (default)
2019-10-02 20:19:52,074 [479b9343-7eb9-4ab5-a1a7-db6c01c8695c@group-D8BE03A4A611-LeaderElection63] INFO  impl.RoleInfo (RoleInfo.java:updateAndGet(143)) - 479b9343-7eb9-4ab5-a1a7-db6c01c8695c: start LeaderState
2019-10-02 20:19:52,074 [479b9343-7eb9-4ab5-a1a7-db6c01c8695c@group-D8BE03A4A611-LeaderElection63] INFO  segmented.SegmentedRaftLogWorker (SegmentedRaftLogWorker.java:startLogSegment(385)) - 479b9343-7eb9-4ab5-a1a7-db6c01c8695c@group-D8BE03A4A611-SegmentedRaftLogWorker: Starting segment from index:0
2019-10-02 20:19:52,075 [479b9343-7eb9-4ab5-a1a7-db6c01c8695c@group-D8BE03A4A611-LeaderElection63] INFO  impl.RaftServerImpl (ServerState.java:setRaftConf(356)) - 479b9343-7eb9-4ab5-a1a7-db6c01c8695c@group-D8BE03A4A611: set configuration 0: [479b9343-7eb9-4ab5-a1a7-db6c01c8695c:192.168.157.242:40470], old=null at 0
2019-10-02 20:19:52,081 [4be65ef0-72f4-4de4-8bf5-ede332b23e29@group-9B1B965CC8B9-SegmentedRaftLogWorker] INFO  segmented.SegmentedRaftLogWorker (SegmentedRaftLogWorker.java:execute(574)) - 4be65ef0-72f4-4de4-8bf5-ede332b23e29@group-9B1B965CC8B9-SegmentedRaftLogWorker: created new log segment /workdir/hadoop-ozone/integration-test/target/test-dir/MiniOzoneClusterImpl-8710202a-694f-4f87-8fa9-db9181168db2/datanode-0/data/ratis/eb430254-2566-4a4f-805d-9b1b965cc8b9/current/log_inprogress_0
2019-10-02 20:19:52,082 [479b9343-7eb9-4ab5-a1a7-db6c01c8695c@group-36CC0C9B7834-LeaderElection64] INFO  impl.LeaderElection (LeaderElection.java:askForVotes(178)) - 479b9343-7eb9-4ab5-a1a7-db6c01c8695c@group-36CC0C9B7834-LeaderElection64: begin an election at term 1 for -1: [4be65ef0-72f4-4de4-8bf5-ede332b23e29:192.168.157.242:35399, 12943b43-04f6-4d18-8197-3955007d3056:192.168.157.242:39499, 479b9343-7eb9-4ab5-a1a7-db6c01c8695c:192.168.157.242:40470], old=null
2019-10-02 20:19:52,086 [grpc-default-executor-9] INFO  impl.RaftServerImpl (RaftServerImpl.java:setRole(170)) - 4be65ef0-72f4-4de4-8bf5-ede332b23e29@group-36CC0C9B7834: changes role from  FOLLOWER to FOLLOWER at term 1 for recognizeCandidate:479b9343-7eb9-4ab5-a1a7-db6c01c8695c
2019-10-02 20:19:52,086 [grpc-default-executor-6] INFO  impl.RaftServerImpl (RaftServerImpl.java:setRole(170)) - 12943b43-04f6-4d18-8197-3955007d3056@group-36CC0C9B7834: changes role from  FOLLOWER to FOLLOWER at term 1 for recognizeCandidate:479b9343-7eb9-4ab5-a1a7-db6c01c8695c
2019-10-02 20:19:52,086 [grpc-default-executor-9] INFO  impl.RoleInfo (RoleInfo.java:shutdownFollowerState(121)) - 4be65ef0-72f4-4de4-8bf5-ede332b23e29: shutdown FollowerState
2019-10-02 20:19:52,086 [grpc-default-executor-6] INFO  impl.RoleInfo (RoleInfo.java:shutdownFollowerState(121)) - 12943b43-04f6-4d18-8197-3955007d3056: shutdown FollowerState
2019-10-02 20:19:52,087 [Thread-2335] INFO  impl.FollowerState (FollowerState.java:run(117)) - 4be65ef0-72f4-4de4-8bf5-ede332b23e29@group-36CC0C9B7834-FollowerState was interrupted: java.lang.InterruptedException: sleep interrupted
2019-10-02 20:19:52,086 [grpc-default-executor-9] INFO  impl.RoleInfo (RoleInfo.java:updateAndGet(143)) - 4be65ef0-72f4-4de4-8bf5-ede332b23e29: start FollowerState
2019-10-02 20:19:52,087 [grpc-default-executor-6] INFO  impl.RoleInfo (RoleInfo.java:updateAndGet(143)) - 12943b43-04f6-4d18-8197-3955007d3056: start FollowerState
2019-10-02 20:19:52,109 [Thread-2337] INFO  impl.FollowerState (FollowerState.java:run(117)) - 12943b43-04f6-4d18-8197-3955007d3056@group-36CC0C9B7834-FollowerState was interrupted: java.lang.InterruptedException: sleep interrupted
2019-10-02 20:19:52,113 [479b9343-7eb9-4ab5-a1a7-db6c01c8695c@group-D8BE03A4A611-SegmentedRaftLogWorker] INFO  segmented.SegmentedRaftLogWorker (SegmentedRaftLogWorker.java:execute(574)) - 479b9343-7eb9-4ab5-a1a7-db6c01c8695c@group-D8BE03A4A611-SegmentedRaftLogWorker: created new log segment /workdir/hadoop-ozone/integration-test/target/test-dir/MiniOzoneClusterImpl-8710202a-694f-4f87-8fa9-db9181168db2/datanode-1/data/ratis/87690356-e987-46c5-b32b-d8be03a4a611/current/log_inprogress_0
2019-10-02 20:19:52,127 [479b9343-7eb9-4ab5-a1a7-db6c01c8695c@group-36CC0C9B7834-LeaderElection64] INFO  impl.LeaderElection (LeaderElection.java:logAndReturn(56)) - 479b9343-7eb9-4ab5-a1a7-db6c01c8695c@group-36CC0C9B7834-LeaderElection64: Election PASSED; received 1 response(s) [479b9343-7eb9-4ab5-a1a7-db6c01c8695c<-12943b43-04f6-4d18-8197-3955007d3056#0:OK-t1] and 0 exception(s); 479b9343-7eb9-4ab5-a1a7-db6c01c8695c@group-36CC0C9B7834:t1, leader=null, voted=479b9343-7eb9-4ab5-a1a7-db6c01c8695c, raftlog=479b9343-7eb9-4ab5-a1a7-db6c01c8695c@group-36CC0C9B7834-SegmentedRaftLog:OPENED:c-1,f-1,i0, conf=-1: [4be65ef0-72f4-4de4-8bf5-ede332b23e29:192.168.157.242:35399, 12943b43-04f6-4d18-8197-3955007d3056:192.168.157.242:39499, 479b9343-7eb9-4ab5-a1a7-db6c01c8695c:192.168.157.242:40470], old=null
2019-10-02 20:19:52,127 [479b9343-7eb9-4ab5-a1a7-db6c01c8695c@group-36CC0C9B7834-LeaderElection64] INFO  impl.RoleInfo (RoleInfo.java:shutdownLeaderElection(134)) - 479b9343-7eb9-4ab5-a1a7-db6c01c8695c: shutdown LeaderElection
2019-10-02 20:19:52,127 [479b9343-7eb9-4ab5-a1a7-db6c01c8695c@group-36CC0C9B7834-LeaderElection64] INFO  impl.RaftServerImpl (RaftServerImpl.java:setRole(170)) - 479b9343-7eb9-4ab5-a1a7-db6c01c8695c@group-36CC0C9B7834: changes role from CANDIDATE to LEADER at term 1 for changeToLeader
2019-10-02 20:19:52,127 [479b9343-7eb9-4ab5-a1a7-db6c01c8695c@group-36CC0C9B7834-LeaderElection64] INFO  impl.RaftServerImpl (ServerState.java:setLeader(255)) - 479b9343-7eb9-4ab5-a1a7-db6c01c8695c@group-36CC0C9B7834: change Leader from null to 479b9343-7eb9-4ab5-a1a7-db6c01c8695c at term 1 for becomeLeader, leader elected after 5121ms
2019-10-02 20:19:52,127 [479b9343-7eb9-4ab5-a1a7-db6c01c8695c@group-36CC0C9B7834-LeaderElection64] INFO  server.RaftServerConfigKeys (ConfUtils.java:logGet(43)) - raft.server.staging.catchup.gap = 1000 (default)
2019-10-02 20:19:52,127 [479b9343-7eb9-4ab5-a1a7-db6c01c8695c@group-36CC0C9B7834-LeaderElection64] INFO  server.RaftServerConfigKeys (ConfUtils.java:logGet(43)) - raft.server.rpc.sleep.time = 25ms (default)
2019-10-02 20:19:52,128 [479b9343-7eb9-4ab5-a1a7-db6c01c8695c@group-36CC0C9B7834-LeaderElection64] INFO  server.RaftServerConfigKeys (ConfUtils.java:logGet(43)) - raft.server.write.element-limit = 4096 (default)
2019-10-02 20:19:52,128 [479b9343-7eb9-4ab5-a1a7-db6c01c8695c@group-36CC0C9B7834-LeaderElection64] INFO  server.RaftServerConfigKeys (ConfUtils.java:logGet(43)) - raft.server.watch.timeout = 10s (default)
2019-10-02 20:19:52,128 [479b9343-7eb9-4ab5-a1a7-db6c01c8695c@group-36CC0C9B7834-LeaderElection64] INFO  server.RaftServerConfigKeys (ConfUtils.java:logGet(43)) - raft.server.watch.timeout.denomination = 1s (default)
2019-10-02 20:19:52,128 [479b9343-7eb9-4ab5-a1a7-db6c01c8695c@group-36CC0C9B7834-LeaderElection64] INFO  server.RaftServerConfigKeys (ConfUtils.java:logGet(43)) - raft.server.watch.element-limit = 65536 (default)
2019-10-02 20:19:52,130 [479b9343-7eb9-4ab5-a1a7-db6c01c8695c@group-36CC0C9B7834-LeaderElection64] INFO  server.RaftServerConfigKeys (ConfUtils.java:logGet(43)) - raft.server.log.appender.snapshot.chunk.size.max = 16MB (=16777216) (default)
2019-10-02 20:19:52,131 [479b9343-7eb9-4ab5-a1a7-db6c01c8695c@group-36CC0C9B7834-LeaderElection64] INFO  server.RaftServerConfigKeys (ConfUtils.java:logGet(43)) - raft.server.log.appender.buffer.byte-limit = 33554432 (custom)
2019-10-02 20:19:52,131 [479b9343-7eb9-4ab5-a1a7-db6c01c8695c@group-36CC0C9B7834-LeaderElection64] INFO  server.RaftServerConfigKeys (ConfUtils.java:logGet(43)) - raft.server.log.appender.buffer.element-limit = 1 (custom)
2019-10-02 20:19:52,131 [479b9343-7eb9-4ab5-a1a7-db6c01c8695c@group-36CC0C9B7834-LeaderElection64] INFO  grpc.GrpcConfigKeys$Server (ConfUtils.java:logGet(43)) - raft.grpc.server.leader.outstanding.appends.max = 128 (default)
2019-10-02 20:19:52,131 [479b9343-7eb9-4ab5-a1a7-db6c01c8695c@group-36CC0C9B7834-LeaderElection64] INFO  server.RaftServerConfigKeys (ConfUtils.java:logGet(43)) - raft.server.rpc.request.timeout = 3000ms (default)
2019-10-02 20:19:52,132 [479b9343-7eb9-4ab5-a1a7-db6c01c8695c@group-36CC0C9B7834-LeaderElection64] INFO  server.RaftServerConfigKeys (ConfUtils.java:logGet(43)) - raft.server.log.appender.install.snapshot.enabled = false (custom)
2019-10-02 20:19:52,132 [479b9343-7eb9-4ab5-a1a7-db6c01c8695c@group-36CC0C9B7834-LeaderElection64] INFO  server.RaftServerConfigKeys (ConfUtils.java:logGet(43)) - raft.server.log.appender.snapshot.chunk.size.max = 16MB (=16777216) (default)
2019-10-02 20:19:52,132 [479b9343-7eb9-4ab5-a1a7-db6c01c8695c@group-36CC0C9B7834-LeaderElection64] INFO  server.RaftServerConfigKeys (ConfUtils.java:logGet(43)) - raft.server.log.appender.buffer.byte-limit = 33554432 (custom)
2019-10-02 20:19:52,132 [479b9343-7eb9-4ab5-a1a7-db6c01c8695c@group-36CC0C9B7834-LeaderElection64] INFO  server.RaftServerConfigKeys (ConfUtils.java:logGet(43)) - raft.server.log.appender.buffer.element-limit = 1 (custom)
2019-10-02 20:19:52,132 [479b9343-7eb9-4ab5-a1a7-db6c01c8695c@group-36CC0C9B7834-LeaderElection64] INFO  grpc.GrpcConfigKeys$Server (ConfUtils.java:logGet(43)) - raft.grpc.server.leader.outstanding.appends.max = 128 (default)
2019-10-02 20:19:52,133 [479b9343-7eb9-4ab5-a1a7-db6c01c8695c@group-36CC0C9B7834-LeaderElection64] INFO  server.RaftServerConfigKeys (ConfUtils.java:logGet(43)) - raft.server.rpc.request.timeout = 3000ms (default)
2019-10-02 20:19:52,133 [479b9343-7eb9-4ab5-a1a7-db6c01c8695c@group-36CC0C9B7834-LeaderElection64] INFO  server.RaftServerConfigKeys (ConfUtils.java:logGet(43)) - raft.server.log.appender.install.snapshot.enabled = false (custom)
2019-10-02 20:19:52,133 [479b9343-7eb9-4ab5-a1a7-db6c01c8695c@group-36CC0C9B7834-LeaderElection64] INFO  impl.RoleInfo (RoleInfo.java:updateAndGet(143)) - 479b9343-7eb9-4ab5-a1a7-db6c01c8695c: start LeaderState
2019-10-02 20:19:52,133 [479b9343-7eb9-4ab5-a1a7-db6c01c8695c@group-36CC0C9B7834-LeaderElection64] INFO  segmented.SegmentedRaftLogWorker (SegmentedRaftLogWorker.java:startLogSegment(385)) - 479b9343-7eb9-4ab5-a1a7-db6c01c8695c@group-36CC0C9B7834-SegmentedRaftLogWorker: Starting segment from index:0
2019-10-02 20:19:52,134 [479b9343-7eb9-4ab5-a1a7-db6c01c8695c@group-36CC0C9B7834-LeaderElection64] INFO  impl.RaftServerImpl (ServerState.java:setRaftConf(356)) - 479b9343-7eb9-4ab5-a1a7-db6c01c8695c@group-36CC0C9B7834: set configuration 0: [4be65ef0-72f4-4de4-8bf5-ede332b23e29:192.168.157.242:35399, 12943b43-04f6-4d18-8197-3955007d3056:192.168.157.242:39499, 479b9343-7eb9-4ab5-a1a7-db6c01c8695c:192.168.157.242:40470], old=null at 0
2019-10-02 20:19:52,178 [grpc-default-executor-9] INFO  impl.RaftServerImpl (ServerState.java:setLeader(255)) - 12943b43-04f6-4d18-8197-3955007d3056@group-36CC0C9B7834: change Leader from null to 479b9343-7eb9-4ab5-a1a7-db6c01c8695c at term 1 for appendEntries, leader elected after 5171ms
2019-10-02 20:19:52,205 [479b9343-7eb9-4ab5-a1a7-db6c01c8695c@group-36CC0C9B7834-SegmentedRaftLogWorker] INFO  segmented.SegmentedRaftLogWorker (SegmentedRaftLogWorker.java:execute(574)) - 479b9343-7eb9-4ab5-a1a7-db6c01c8695c@group-36CC0C9B7834-SegmentedRaftLogWorker: created new log segment /workdir/hadoop-ozone/integration-test/target/test-dir/MiniOzoneClusterImpl-8710202a-694f-4f87-8fa9-db9181168db2/datanode-1/data/ratis/090ab1cf-2f6a-4153-ad96-36cc0c9b7834/current/log_inprogress_0
2019-10-02 20:19:52,204 [grpc-default-executor-6] INFO  impl.RaftServerImpl (ServerState.java:setLeader(255)) - 4be65ef0-72f4-4de4-8bf5-ede332b23e29@group-36CC0C9B7834: change Leader from null to 479b9343-7eb9-4ab5-a1a7-db6c01c8695c at term 1 for appendEntries, leader elected after 5198ms
2019-10-02 20:19:52,208 [grpc-default-executor-6] INFO  impl.RaftServerImpl (ServerState.java:setRaftConf(356)) - 12943b43-04f6-4d18-8197-3955007d3056@group-36CC0C9B7834: set configuration 0: [4be65ef0-72f4-4de4-8bf5-ede332b23e29:192.168.157.242:35399, 12943b43-04f6-4d18-8197-3955007d3056:192.168.157.242:39499, 479b9343-7eb9-4ab5-a1a7-db6c01c8695c:192.168.157.242:40470], old=null at 0
2019-10-02 20:19:52,208 [grpc-default-executor-6] INFO  segmented.SegmentedRaftLogWorker (SegmentedRaftLogWorker.java:startLogSegment(385)) - 12943b43-04f6-4d18-8197-3955007d3056@group-36CC0C9B7834-SegmentedRaftLogWorker: Starting segment from index:0
2019-10-02 20:19:52,208 [grpc-default-executor-9] INFO  impl.RaftServerImpl (ServerState.java:setRaftConf(356)) - 4be65ef0-72f4-4de4-8bf5-ede332b23e29@group-36CC0C9B7834: set configuration 0: [4be65ef0-72f4-4de4-8bf5-ede332b23e29:192.168.157.242:35399, 12943b43-04f6-4d18-8197-3955007d3056:192.168.157.242:39499, 479b9343-7eb9-4ab5-a1a7-db6c01c8695c:192.168.157.242:40470], old=null at 0
2019-10-02 20:19:52,209 [grpc-default-executor-9] INFO  segmented.SegmentedRaftLogWorker (SegmentedRaftLogWorker.java:startLogSegment(385)) - 4be65ef0-72f4-4de4-8bf5-ede332b23e29@group-36CC0C9B7834-SegmentedRaftLogWorker: Starting segment from index:0
2019-10-02 20:19:52,222 [Thread-2341] INFO  impl.FollowerState (FollowerState.java:run(108)) - 31b14a0e-f5bd-419a-afcf-ddc860b89cf3@group-64C2B3532A42-FollowerState: change to CANDIDATE, lastRpcTime:5104ms, electionTimeout:5104ms
2019-10-02 20:19:52,224 [Thread-2341] INFO  impl.RoleInfo (RoleInfo.java:shutdownFollowerState(121)) - 31b14a0e-f5bd-419a-afcf-ddc860b89cf3: shutdown FollowerState
2019-10-02 20:19:52,224 [Thread-2341] INFO  impl.RaftServerImpl (RaftServerImpl.java:setRole(170)) - 31b14a0e-f5bd-419a-afcf-ddc860b89cf3@group-64C2B3532A42: changes role from  FOLLOWER to CANDIDATE at term 0 for changeToCandidate
2019-10-02 20:19:52,224 [Thread-2341] INFO  impl.RoleInfo (RoleInfo.java:updateAndGet(143)) - 31b14a0e-f5bd-419a-afcf-ddc860b89cf3: start LeaderElection
2019-10-02 20:19:52,251 [Thread-2347] INFO  impl.FollowerState (FollowerState.java:run(108)) - 227e1acc-cc2e-43a7-8eb5-515fd2972ece@group-DF685DAF008F-FollowerState: change to CANDIDATE, lastRpcTime:5045ms, electionTimeout:5027ms
2019-10-02 20:19:52,251 [Thread-2347] INFO  impl.RoleInfo (RoleInfo.java:shutdownFollowerState(121)) - 227e1acc-cc2e-43a7-8eb5-515fd2972ece: shutdown FollowerState
2019-10-02 20:19:52,257 [Thread-2347] INFO  impl.RaftServerImpl (RaftServerImpl.java:setRole(170)) - 227e1acc-cc2e-43a7-8eb5-515fd2972ece@group-DF685DAF008F: changes role from  FOLLOWER to CANDIDATE at term 0 for changeToCandidate
2019-10-02 20:19:52,257 [Thread-2347] INFO  impl.RoleInfo (RoleInfo.java:updateAndGet(143)) - 227e1acc-cc2e-43a7-8eb5-515fd2972ece: start LeaderElection
2019-10-02 20:19:52,261 [Thread-2344] INFO  impl.FollowerState (FollowerState.java:run(108)) - 36fad182-5da3-4fc4-98d8-a4bcac0f1fcd@group-3F7D0883C2F5-FollowerState: change to CANDIDATE, lastRpcTime:5098ms, electionTimeout:5098ms
2019-10-02 20:19:52,267 [Thread-2344] INFO  impl.RoleInfo (RoleInfo.java:shutdownFollowerState(121)) - 36fad182-5da3-4fc4-98d8-a4bcac0f1fcd: shutdown FollowerState
2019-10-02 20:19:52,267 [Thread-2344] INFO  impl.RaftServerImpl (RaftServerImpl.java:setRole(170)) - 36fad182-5da3-4fc4-98d8-a4bcac0f1fcd@group-3F7D0883C2F5: changes role from  FOLLOWER to CANDIDATE at term 0 for changeToCandidate
2019-10-02 20:19:52,267 [Thread-2344] INFO  impl.RoleInfo (RoleInfo.java:updateAndGet(143)) - 36fad182-5da3-4fc4-98d8-a4bcac0f1fcd: start LeaderElection
2019-10-02 20:19:52,285 [4be65ef0-72f4-4de4-8bf5-ede332b23e29@group-36CC0C9B7834-SegmentedRaftLogWorker] INFO  segmented.SegmentedRaftLogWorker (SegmentedRaftLogWorker.java:execute(574)) - 4be65ef0-72f4-4de4-8bf5-ede332b23e29@group-36CC0C9B7834-SegmentedRaftLogWorker: created new log segment /workdir/hadoop-ozone/integration-test/target/test-dir/MiniOzoneClusterImpl-8710202a-694f-4f87-8fa9-db9181168db2/datanode-0/data/ratis/090ab1cf-2f6a-4153-ad96-36cc0c9b7834/current/log_inprogress_0
2019-10-02 20:19:52,285 [12943b43-04f6-4d18-8197-3955007d3056@group-36CC0C9B7834-SegmentedRaftLogWorker] INFO  segmented.SegmentedRaftLogWorker (SegmentedRaftLogWorker.java:execute(574)) - 12943b43-04f6-4d18-8197-3955007d3056@group-36CC0C9B7834-SegmentedRaftLogWorker: created new log segment /workdir/hadoop-ozone/integration-test/target/test-dir/MiniOzoneClusterImpl-8710202a-694f-4f87-8fa9-db9181168db2/datanode-2/data/ratis/090ab1cf-2f6a-4153-ad96-36cc0c9b7834/current/log_inprogress_0
2019-10-02 20:19:52,285 [31b14a0e-f5bd-419a-afcf-ddc860b89cf3@group-64C2B3532A42-LeaderElection65] INFO  impl.LeaderElection (LeaderElection.java:askForVotes(178)) - 31b14a0e-f5bd-419a-afcf-ddc860b89cf3@group-64C2B3532A42-LeaderElection65: begin an election at term 1 for -1: [31b14a0e-f5bd-419a-afcf-ddc860b89cf3:192.168.157.242:42954], old=null
2019-10-02 20:19:52,285 [227e1acc-cc2e-43a7-8eb5-515fd2972ece@group-DF685DAF008F-LeaderElection66] INFO  impl.LeaderElection (LeaderElection.java:askForVotes(178)) - 227e1acc-cc2e-43a7-8eb5-515fd2972ece@group-DF685DAF008F-LeaderElection66: begin an election at term 1 for -1: [227e1acc-cc2e-43a7-8eb5-515fd2972ece:192.168.157.242:42112], old=null
2019-10-02 20:19:52,285 [31b14a0e-f5bd-419a-afcf-ddc860b89cf3@group-64C2B3532A42-LeaderElection65] INFO  impl.RoleInfo (RoleInfo.java:shutdownLeaderElection(134)) - 31b14a0e-f5bd-419a-afcf-ddc860b89cf3: shutdown LeaderElection
2019-10-02 20:19:52,285 [227e1acc-cc2e-43a7-8eb5-515fd2972ece@group-DF685DAF008F-LeaderElection66] INFO  impl.RoleInfo (RoleInfo.java:shutdownLeaderElection(134)) - 227e1acc-cc2e-43a7-8eb5-515fd2972ece: shutdown LeaderElection
2019-10-02 20:19:52,286 [31b14a0e-f5bd-419a-afcf-ddc860b89cf3@group-64C2B3532A42-LeaderElection65] INFO  impl.RaftServerImpl (RaftServerImpl.java:setRole(170)) - 31b14a0e-f5bd-419a-afcf-ddc860b89cf3@group-64C2B3532A42: changes role from CANDIDATE to LEADER at term 1 for changeToLeader
2019-10-02 20:19:52,286 [227e1acc-cc2e-43a7-8eb5-515fd2972ece@group-DF685DAF008F-LeaderElection66] INFO  impl.RaftServerImpl (RaftServerImpl.java:setRole(170)) - 227e1acc-cc2e-43a7-8eb5-515fd2972ece@group-DF685DAF008F: changes role from CANDIDATE to LEADER at term 1 for changeToLeader
2019-10-02 20:19:52,286 [31b14a0e-f5bd-419a-afcf-ddc860b89cf3@group-64C2B3532A42-LeaderElection65] INFO  impl.RaftServerImpl (ServerState.java:setLeader(255)) - 31b14a0e-f5bd-419a-afcf-ddc860b89cf3@group-64C2B3532A42: change Leader from null to 31b14a0e-f5bd-419a-afcf-ddc860b89cf3 at term 1 for becomeLeader, leader elected after 5173ms
2019-10-02 20:19:52,286 [227e1acc-cc2e-43a7-8eb5-515fd2972ece@group-DF685DAF008F-LeaderElection66] INFO  impl.RaftServerImpl (ServerState.java:setLeader(255)) - 227e1acc-cc2e-43a7-8eb5-515fd2972ece@group-DF685DAF008F: change Leader from null to 227e1acc-cc2e-43a7-8eb5-515fd2972ece at term 1 for becomeLeader, leader elected after 5085ms
2019-10-02 20:19:52,286 [31b14a0e-f5bd-419a-afcf-ddc860b89cf3@group-64C2B3532A42-LeaderElection65] INFO  server.RaftServerConfigKeys (ConfUtils.java:logGet(43)) - raft.server.staging.catchup.gap = 1000 (default)
2019-10-02 20:19:52,286 [227e1acc-cc2e-43a7-8eb5-515fd2972ece@group-DF685DAF008F-LeaderElection66] INFO  server.RaftServerConfigKeys (ConfUtils.java:logGet(43)) - raft.server.staging.catchup.gap = 1000 (default)
2019-10-02 20:19:52,286 [31b14a0e-f5bd-419a-afcf-ddc860b89cf3@group-64C2B3532A42-LeaderElection65] INFO  server.RaftServerConfigKeys (ConfUtils.java:logGet(43)) - raft.server.rpc.sleep.time = 25ms (default)
2019-10-02 20:19:52,286 [227e1acc-cc2e-43a7-8eb5-515fd2972ece@group-DF685DAF008F-LeaderElection66] INFO  server.RaftServerConfigKeys (ConfUtils.java:logGet(43)) - raft.server.rpc.sleep.time = 25ms (default)
2019-10-02 20:19:52,287 [31b14a0e-f5bd-419a-afcf-ddc860b89cf3@group-64C2B3532A42-LeaderElection65] INFO  server.RaftServerConfigKeys (ConfUtils.java:logGet(43)) - raft.server.write.element-limit = 4096 (default)
2019-10-02 20:19:52,287 [227e1acc-cc2e-43a7-8eb5-515fd2972ece@group-DF685DAF008F-LeaderElection66] INFO  server.RaftServerConfigKeys (ConfUtils.java:logGet(43)) - raft.server.write.element-limit = 4096 (default)
2019-10-02 20:19:52,287 [31b14a0e-f5bd-419a-afcf-ddc860b89cf3@group-64C2B3532A42-LeaderElection65] INFO  server.RaftServerConfigKeys (ConfUtils.java:logGet(43)) - raft.server.watch.timeout = 10s (default)
2019-10-02 20:19:52,287 [227e1acc-cc2e-43a7-8eb5-515fd2972ece@group-DF685DAF008F-LeaderElection66] INFO  server.RaftServerConfigKeys (ConfUtils.java:logGet(43)) - raft.server.watch.timeout = 10s (default)
2019-10-02 20:19:52,287 [31b14a0e-f5bd-419a-afcf-ddc860b89cf3@group-64C2B3532A42-LeaderElection65] INFO  server.RaftServerConfigKeys (ConfUtils.java:logGet(43)) - raft.server.watch.timeout.denomination = 1s (default)
2019-10-02 20:19:52,287 [227e1acc-cc2e-43a7-8eb5-515fd2972ece@group-DF685DAF008F-LeaderElection66] INFO  server.RaftServerConfigKeys (ConfUtils.java:logGet(43)) - raft.server.watch.timeout.denomination = 1s (default)
2019-10-02 20:19:52,288 [31b14a0e-f5bd-419a-afcf-ddc860b89cf3@group-64C2B3532A42-LeaderElection65] INFO  server.RaftServerConfigKeys (ConfUtils.java:logGet(43)) - raft.server.watch.element-limit = 65536 (default)
2019-10-02 20:19:52,288 [227e1acc-cc2e-43a7-8eb5-515fd2972ece@group-DF685DAF008F-LeaderElection66] INFO  server.RaftServerConfigKeys (ConfUtils.java:logGet(43)) - raft.server.watch.element-limit = 65536 (default)
2019-10-02 20:19:52,291 [31b14a0e-f5bd-419a-afcf-ddc860b89cf3@group-64C2B3532A42-LeaderElection65] INFO  impl.RoleInfo (RoleInfo.java:updateAndGet(143)) - 31b14a0e-f5bd-419a-afcf-ddc860b89cf3: start LeaderState
2019-10-02 20:19:52,291 [227e1acc-cc2e-43a7-8eb5-515fd2972ece@group-DF685DAF008F-LeaderElection66] INFO  impl.RoleInfo (RoleInfo.java:updateAndGet(143)) - 227e1acc-cc2e-43a7-8eb5-515fd2972ece: start LeaderState
2019-10-02 20:19:52,291 [31b14a0e-f5bd-419a-afcf-ddc860b89cf3@group-64C2B3532A42-LeaderElection65] INFO  segmented.SegmentedRaftLogWorker (SegmentedRaftLogWorker.java:startLogSegment(385)) - 31b14a0e-f5bd-419a-afcf-ddc860b89cf3@group-64C2B3532A42-SegmentedRaftLogWorker: Starting segment from index:0
2019-10-02 20:19:52,291 [227e1acc-cc2e-43a7-8eb5-515fd2972ece@group-DF685DAF008F-LeaderElection66] INFO  segmented.SegmentedRaftLogWorker (SegmentedRaftLogWorker.java:startLogSegment(385)) - 227e1acc-cc2e-43a7-8eb5-515fd2972ece@group-DF685DAF008F-SegmentedRaftLogWorker: Starting segment from index:0
2019-10-02 20:19:52,292 [31b14a0e-f5bd-419a-afcf-ddc860b89cf3@group-64C2B3532A42-LeaderElection65] INFO  impl.RaftServerImpl (ServerState.java:setRaftConf(356)) - 31b14a0e-f5bd-419a-afcf-ddc860b89cf3@group-64C2B3532A42: set configuration 0: [31b14a0e-f5bd-419a-afcf-ddc860b89cf3:192.168.157.242:42954], old=null at 0
2019-10-02 20:19:52,292 [227e1acc-cc2e-43a7-8eb5-515fd2972ece@group-DF685DAF008F-LeaderElection66] INFO  impl.RaftServerImpl (ServerState.java:setRaftConf(356)) - 227e1acc-cc2e-43a7-8eb5-515fd2972ece@group-DF685DAF008F: set configuration 0: [227e1acc-cc2e-43a7-8eb5-515fd2972ece:192.168.157.242:42112], old=null at 0
2019-10-02 20:19:52,298 [Thread-2350] INFO  impl.FollowerState (FollowerState.java:run(108)) - a5374d3c-3240-4076-b7ea-bbc899f45c3f@group-F7A5FB50DED8-FollowerState: change to CANDIDATE, lastRpcTime:5047ms, electionTimeout:5047ms
2019-10-02 20:19:52,299 [Thread-2350] INFO  impl.RoleInfo (RoleInfo.java:shutdownFollowerState(121)) - a5374d3c-3240-4076-b7ea-bbc899f45c3f: shutdown FollowerState
2019-10-02 20:19:52,299 [Thread-2350] INFO  impl.RaftServerImpl (RaftServerImpl.java:setRole(170)) - a5374d3c-3240-4076-b7ea-bbc899f45c3f@group-F7A5FB50DED8: changes role from  FOLLOWER to CANDIDATE at term 0 for changeToCandidate
2019-10-02 20:19:52,299 [Thread-2350] INFO  impl.RoleInfo (RoleInfo.java:updateAndGet(143)) - a5374d3c-3240-4076-b7ea-bbc899f45c3f: start LeaderElection
2019-10-02 20:19:52,334 [Thread-2358] INFO  impl.FollowerState (FollowerState.java:run(108)) - 227e1acc-cc2e-43a7-8eb5-515fd2972ece@group-70CC73D912F5-FollowerState: change to CANDIDATE, lastRpcTime:5025ms, electionTimeout:5004ms
2019-10-02 20:19:52,334 [Thread-2358] INFO  impl.RoleInfo (RoleInfo.java:shutdownFollowerState(121)) - 227e1acc-cc2e-43a7-8eb5-515fd2972ece: shutdown FollowerState
2019-10-02 20:19:52,334 [Thread-2358] INFO  impl.RaftServerImpl (RaftServerImpl.java:setRole(170)) - 227e1acc-cc2e-43a7-8eb5-515fd2972ece@group-70CC73D912F5: changes role from  FOLLOWER to CANDIDATE at term 0 for changeToCandidate
2019-10-02 20:19:52,334 [Thread-2358] INFO  impl.RoleInfo (RoleInfo.java:updateAndGet(143)) - 227e1acc-cc2e-43a7-8eb5-515fd2972ece: start LeaderElection
2019-10-02 20:19:52,349 [31b14a0e-f5bd-419a-afcf-ddc860b89cf3@group-64C2B3532A42-SegmentedRaftLogWorker] INFO  segmented.SegmentedRaftLogWorker (SegmentedRaftLogWorker.java:execute(574)) - 31b14a0e-f5bd-419a-afcf-ddc860b89cf3@group-64C2B3532A42-SegmentedRaftLogWorker: created new log segment /workdir/hadoop-ozone/integration-test/target/test-dir/MiniOzoneClusterImpl-8710202a-694f-4f87-8fa9-db9181168db2/datanode-3/data/ratis/9ecd0b04-dca6-43df-b2ea-64c2b3532a42/current/log_inprogress_0
2019-10-02 20:19:52,349 [227e1acc-cc2e-43a7-8eb5-515fd2972ece@group-DF685DAF008F-SegmentedRaftLogWorker] INFO  segmented.SegmentedRaftLogWorker (SegmentedRaftLogWorker.java:execute(574)) - 227e1acc-cc2e-43a7-8eb5-515fd2972ece@group-DF685DAF008F-SegmentedRaftLogWorker: created new log segment /workdir/hadoop-ozone/integration-test/target/test-dir/MiniOzoneClusterImpl-8710202a-694f-4f87-8fa9-db9181168db2/datanode-5/data/ratis/b7fecedc-f7a5-4c52-a716-df685daf008f/current/log_inprogress_0
2019-10-02 20:19:52,350 [36fad182-5da3-4fc4-98d8-a4bcac0f1fcd@group-3F7D0883C2F5-LeaderElection67] INFO  impl.LeaderElection (LeaderElection.java:askForVotes(178)) - 36fad182-5da3-4fc4-98d8-a4bcac0f1fcd@group-3F7D0883C2F5-LeaderElection67: begin an election at term 1 for -1: [36fad182-5da3-4fc4-98d8-a4bcac0f1fcd:192.168.157.242:38934], old=null
2019-10-02 20:19:52,350 [36fad182-5da3-4fc4-98d8-a4bcac0f1fcd@group-3F7D0883C2F5-LeaderElection67] INFO  impl.RoleInfo (RoleInfo.java:shutdownLeaderElection(134)) - 36fad182-5da3-4fc4-98d8-a4bcac0f1fcd: shutdown LeaderElection
2019-10-02 20:19:52,350 [36fad182-5da3-4fc4-98d8-a4bcac0f1fcd@group-3F7D0883C2F5-LeaderElection67] INFO  impl.RaftServerImpl (RaftServerImpl.java:setRole(170)) - 36fad182-5da3-4fc4-98d8-a4bcac0f1fcd@group-3F7D0883C2F5: changes role from CANDIDATE to LEADER at term 1 for changeToLeader
2019-10-02 20:19:52,350 [36fad182-5da3-4fc4-98d8-a4bcac0f1fcd@group-3F7D0883C2F5-LeaderElection67] INFO  impl.RaftServerImpl (ServerState.java:setLeader(255)) - 36fad182-5da3-4fc4-98d8-a4bcac0f1fcd@group-3F7D0883C2F5: change Leader from null to 36fad182-5da3-4fc4-98d8-a4bcac0f1fcd at term 1 for becomeLeader, leader elected after 5193ms
2019-10-02 20:19:52,351 [36fad182-5da3-4fc4-98d8-a4bcac0f1fcd@group-3F7D0883C2F5-LeaderElection67] INFO  server.RaftServerConfigKeys (ConfUtils.java:logGet(43)) - raft.server.staging.catchup.gap = 1000 (default)
2019-10-02 20:19:52,351 [36fad182-5da3-4fc4-98d8-a4bcac0f1fcd@group-3F7D0883C2F5-LeaderElection67] INFO  server.RaftServerConfigKeys (ConfUtils.java:logGet(43)) - raft.server.rpc.sleep.time = 25ms (default)
2019-10-02 20:19:52,351 [36fad182-5da3-4fc4-98d8-a4bcac0f1fcd@group-3F7D0883C2F5-LeaderElection67] INFO  server.RaftServerConfigKeys (ConfUtils.java:logGet(43)) - raft.server.write.element-limit = 4096 (default)
2019-10-02 20:19:52,351 [36fad182-5da3-4fc4-98d8-a4bcac0f1fcd@group-3F7D0883C2F5-LeaderElection67] INFO  server.RaftServerConfigKeys (ConfUtils.java:logGet(43)) - raft.server.watch.timeout = 10s (default)
2019-10-02 20:19:52,351 [36fad182-5da3-4fc4-98d8-a4bcac0f1fcd@group-3F7D0883C2F5-LeaderElection67] INFO  server.RaftServerConfigKeys (ConfUtils.java:logGet(43)) - raft.server.watch.timeout.denomination = 1s (default)
2019-10-02 20:19:52,351 [36fad182-5da3-4fc4-98d8-a4bcac0f1fcd@group-3F7D0883C2F5-LeaderElection67] INFO  server.RaftServerConfigKeys (ConfUtils.java:logGet(43)) - raft.server.watch.element-limit = 65536 (default)
2019-10-02 20:19:52,353 [36fad182-5da3-4fc4-98d8-a4bcac0f1fcd@group-3F7D0883C2F5-LeaderElection67] INFO  impl.RoleInfo (RoleInfo.java:updateAndGet(143)) - 36fad182-5da3-4fc4-98d8-a4bcac0f1fcd: start LeaderState
2019-10-02 20:19:52,353 [36fad182-5da3-4fc4-98d8-a4bcac0f1fcd@group-3F7D0883C2F5-LeaderElection67] INFO  segmented.SegmentedRaftLogWorker (SegmentedRaftLogWorker.java:startLogSegment(385)) - 36fad182-5da3-4fc4-98d8-a4bcac0f1fcd@group-3F7D0883C2F5-SegmentedRaftLogWorker: Starting segment from index:0
2019-10-02 20:19:52,353 [36fad182-5da3-4fc4-98d8-a4bcac0f1fcd@group-3F7D0883C2F5-LeaderElection67] INFO  impl.RaftServerImpl (ServerState.java:setRaftConf(356)) - 36fad182-5da3-4fc4-98d8-a4bcac0f1fcd@group-3F7D0883C2F5: set configuration 0: [36fad182-5da3-4fc4-98d8-a4bcac0f1fcd:192.168.157.242:38934], old=null at 0
2019-10-02 20:19:52,363 [227e1acc-cc2e-43a7-8eb5-515fd2972ece@group-70CC73D912F5-LeaderElection69] INFO  impl.LeaderElection (LeaderElection.java:askForVotes(178)) - 227e1acc-cc2e-43a7-8eb5-515fd2972ece@group-70CC73D912F5-LeaderElection69: begin an election at term 1 for -1: [a5374d3c-3240-4076-b7ea-bbc899f45c3f:192.168.157.242:36728, 31b14a0e-f5bd-419a-afcf-ddc860b89cf3:192.168.157.242:42954, 227e1acc-cc2e-43a7-8eb5-515fd2972ece:192.168.157.242:42112], old=null
2019-10-02 20:19:52,363 [a5374d3c-3240-4076-b7ea-bbc899f45c3f@group-F7A5FB50DED8-LeaderElection68] INFO  impl.LeaderElection (LeaderElection.java:askForVotes(178)) - a5374d3c-3240-4076-b7ea-bbc899f45c3f@group-F7A5FB50DED8-LeaderElection68: begin an election at term 1 for -1: [a5374d3c-3240-4076-b7ea-bbc899f45c3f:192.168.157.242:36728], old=null
2019-10-02 20:19:52,363 [a5374d3c-3240-4076-b7ea-bbc899f45c3f@group-F7A5FB50DED8-LeaderElection68] INFO  impl.RoleInfo (RoleInfo.java:shutdownLeaderElection(134)) - a5374d3c-3240-4076-b7ea-bbc899f45c3f: shutdown LeaderElection
2019-10-02 20:19:52,363 [a5374d3c-3240-4076-b7ea-bbc899f45c3f@group-F7A5FB50DED8-LeaderElection68] INFO  impl.RaftServerImpl (RaftServerImpl.java:setRole(170)) - a5374d3c-3240-4076-b7ea-bbc899f45c3f@group-F7A5FB50DED8: changes role from CANDIDATE to LEADER at term 1 for changeToLeader
2019-10-02 20:19:52,364 [a5374d3c-3240-4076-b7ea-bbc899f45c3f@group-F7A5FB50DED8-LeaderElection68] INFO  impl.RaftServerImpl (ServerState.java:setLeader(255)) - a5374d3c-3240-4076-b7ea-bbc899f45c3f@group-F7A5FB50DED8: change Leader from null to a5374d3c-3240-4076-b7ea-bbc899f45c3f at term 1 for becomeLeader, leader elected after 5118ms
2019-10-02 20:19:52,364 [a5374d3c-3240-4076-b7ea-bbc899f45c3f@group-F7A5FB50DED8-LeaderElection68] INFO  server.RaftServerConfigKeys (ConfUtils.java:logGet(43)) - raft.server.staging.catchup.gap = 1000 (default)
2019-10-02 20:19:52,364 [a5374d3c-3240-4076-b7ea-bbc899f45c3f@group-F7A5FB50DED8-LeaderElection68] INFO  server.RaftServerConfigKeys (ConfUtils.java:logGet(43)) - raft.server.rpc.sleep.time = 25ms (default)
2019-10-02 20:19:52,364 [a5374d3c-3240-4076-b7ea-bbc899f45c3f@group-F7A5FB50DED8-LeaderElection68] INFO  server.RaftServerConfigKeys (ConfUtils.java:logGet(43)) - raft.server.write.element-limit = 4096 (default)
2019-10-02 20:19:52,364 [a5374d3c-3240-4076-b7ea-bbc899f45c3f@group-F7A5FB50DED8-LeaderElection68] INFO  server.RaftServerConfigKeys (ConfUtils.java:logGet(43)) - raft.server.watch.timeout = 10s (default)
2019-10-02 20:19:52,364 [a5374d3c-3240-4076-b7ea-bbc899f45c3f@group-F7A5FB50DED8-LeaderElection68] INFO  server.RaftServerConfigKeys (ConfUtils.java:logGet(43)) - raft.server.watch.timeout.denomination = 1s (default)
2019-10-02 20:19:52,365 [a5374d3c-3240-4076-b7ea-bbc899f45c3f@group-F7A5FB50DED8-LeaderElection68] INFO  server.RaftServerConfigKeys (ConfUtils.java:logGet(43)) - raft.server.watch.element-limit = 65536 (default)
2019-10-02 20:19:52,366 [a5374d3c-3240-4076-b7ea-bbc899f45c3f@group-F7A5FB50DED8-LeaderElection68] INFO  impl.RoleInfo (RoleInfo.java:updateAndGet(143)) - a5374d3c-3240-4076-b7ea-bbc899f45c3f: start LeaderState
2019-10-02 20:19:52,367 [a5374d3c-3240-4076-b7ea-bbc899f45c3f@group-F7A5FB50DED8-LeaderElection68] INFO  segmented.SegmentedRaftLogWorker (SegmentedRaftLogWorker.java:startLogSegment(385)) - a5374d3c-3240-4076-b7ea-bbc899f45c3f@group-F7A5FB50DED8-SegmentedRaftLogWorker: Starting segment from index:0
2019-10-02 20:19:52,367 [a5374d3c-3240-4076-b7ea-bbc899f45c3f@group-F7A5FB50DED8-LeaderElection68] INFO  impl.RaftServerImpl (ServerState.java:setRaftConf(356)) - a5374d3c-3240-4076-b7ea-bbc899f45c3f@group-F7A5FB50DED8: set configuration 0: [a5374d3c-3240-4076-b7ea-bbc899f45c3f:192.168.157.242:36728], old=null at 0
2019-10-02 20:19:52,388 [grpc-default-executor-6] INFO  impl.RaftServerImpl (RaftServerImpl.java:setRole(170)) - a5374d3c-3240-4076-b7ea-bbc899f45c3f@group-70CC73D912F5: changes role from  FOLLOWER to FOLLOWER at term 1 for recognizeCandidate:227e1acc-cc2e-43a7-8eb5-515fd2972ece
2019-10-02 20:19:52,388 [grpc-default-executor-6] INFO  impl.RoleInfo (RoleInfo.java:shutdownFollowerState(121)) - a5374d3c-3240-4076-b7ea-bbc899f45c3f: shutdown FollowerState
2019-10-02 20:19:52,419 [36fad182-5da3-4fc4-98d8-a4bcac0f1fcd@group-3F7D0883C2F5-SegmentedRaftLogWorker] INFO  segmented.SegmentedRaftLogWorker (SegmentedRaftLogWorker.java:execute(574)) - 36fad182-5da3-4fc4-98d8-a4bcac0f1fcd@group-3F7D0883C2F5-SegmentedRaftLogWorker: created new log segment /workdir/hadoop-ozone/integration-test/target/test-dir/MiniOzoneClusterImpl-8710202a-694f-4f87-8fa9-db9181168db2/datanode-4/data/ratis/1abe6ced-6c5d-451a-b18b-3f7d0883c2f5/current/log_inprogress_0
2019-10-02 20:19:52,419 [grpc-default-executor-9] INFO  impl.RaftServerImpl (RaftServerImpl.java:setRole(170)) - 31b14a0e-f5bd-419a-afcf-ddc860b89cf3@group-70CC73D912F5: changes role from  FOLLOWER to FOLLOWER at term 1 for recognizeCandidate:227e1acc-cc2e-43a7-8eb5-515fd2972ece
2019-10-02 20:19:52,420 [Thread-2357] INFO  impl.FollowerState (FollowerState.java:run(117)) - a5374d3c-3240-4076-b7ea-bbc899f45c3f@group-70CC73D912F5-FollowerState was interrupted: java.lang.InterruptedException: sleep interrupted
2019-10-02 20:19:52,420 [grpc-default-executor-6] INFO  impl.RoleInfo (RoleInfo.java:updateAndGet(143)) - a5374d3c-3240-4076-b7ea-bbc899f45c3f: start FollowerState
2019-10-02 20:19:52,420 [grpc-default-executor-9] INFO  impl.RoleInfo (RoleInfo.java:shutdownFollowerState(121)) - 31b14a0e-f5bd-419a-afcf-ddc860b89cf3: shutdown FollowerState
2019-10-02 20:19:52,424 [grpc-default-executor-9] INFO  impl.RoleInfo (RoleInfo.java:updateAndGet(143)) - 31b14a0e-f5bd-419a-afcf-ddc860b89cf3: start FollowerState
2019-10-02 20:19:52,424 [Thread-2353] INFO  impl.FollowerState (FollowerState.java:run(117)) - 31b14a0e-f5bd-419a-afcf-ddc860b89cf3@group-70CC73D912F5-FollowerState was interrupted: java.lang.InterruptedException: sleep interrupted
2019-10-02 20:19:52,433 [a5374d3c-3240-4076-b7ea-bbc899f45c3f@group-F7A5FB50DED8-SegmentedRaftLogWorker] INFO  segmented.SegmentedRaftLogWorker (SegmentedRaftLogWorker.java:execute(574)) - a5374d3c-3240-4076-b7ea-bbc899f45c3f@group-F7A5FB50DED8-SegmentedRaftLogWorker: created new log segment /workdir/hadoop-ozone/integration-test/target/test-dir/MiniOzoneClusterImpl-8710202a-694f-4f87-8fa9-db9181168db2/datanode-6/data/ratis/c7adfa13-f618-4041-aa91-f7a5fb50ded8/current/log_inprogress_0
2019-10-02 20:19:52,434 [227e1acc-cc2e-43a7-8eb5-515fd2972ece@group-70CC73D912F5-LeaderElection69] INFO  impl.LeaderElection (LeaderElection.java:logAndReturn(56)) - 227e1acc-cc2e-43a7-8eb5-515fd2972ece@group-70CC73D912F5-LeaderElection69: Election PASSED; received 1 response(s) [227e1acc-cc2e-43a7-8eb5-515fd2972ece<-31b14a0e-f5bd-419a-afcf-ddc860b89cf3#0:OK-t1] and 0 exception(s); 227e1acc-cc2e-43a7-8eb5-515fd2972ece@group-70CC73D912F5:t1, leader=null, voted=227e1acc-cc2e-43a7-8eb5-515fd2972ece, raftlog=227e1acc-cc2e-43a7-8eb5-515fd2972ece@group-70CC73D912F5-SegmentedRaftLog:OPENED:c-1,f-1,i0, conf=-1: [a5374d3c-3240-4076-b7ea-bbc899f45c3f:192.168.157.242:36728, 31b14a0e-f5bd-419a-afcf-ddc860b89cf3:192.168.157.242:42954, 227e1acc-cc2e-43a7-8eb5-515fd2972ece:192.168.157.242:42112], old=null
2019-10-02 20:19:52,434 [227e1acc-cc2e-43a7-8eb5-515fd2972ece@group-70CC73D912F5-LeaderElection69] INFO  impl.RoleInfo (RoleInfo.java:shutdownLeaderElection(134)) - 227e1acc-cc2e-43a7-8eb5-515fd2972ece: shutdown LeaderElection
2019-10-02 20:19:52,434 [227e1acc-cc2e-43a7-8eb5-515fd2972ece@group-70CC73D912F5-LeaderElection69] INFO  impl.RaftServerImpl (RaftServerImpl.java:setRole(170)) - 227e1acc-cc2e-43a7-8eb5-515fd2972ece@group-70CC73D912F5: changes role from CANDIDATE to LEADER at term 1 for changeToLeader
2019-10-02 20:19:52,434 [227e1acc-cc2e-43a7-8eb5-515fd2972ece@group-70CC73D912F5-LeaderElection69] INFO  impl.RaftServerImpl (ServerState.java:setLeader(255)) - 227e1acc-cc2e-43a7-8eb5-515fd2972ece@group-70CC73D912F5: change Leader from null to 227e1acc-cc2e-43a7-8eb5-515fd2972ece at term 1 for becomeLeader, leader elected after 5138ms
2019-10-02 20:19:52,435 [227e1acc-cc2e-43a7-8eb5-515fd2972ece@group-70CC73D912F5-LeaderElection69] INFO  server.RaftServerConfigKeys (ConfUtils.java:logGet(43)) - raft.server.staging.catchup.gap = 1000 (default)
2019-10-02 20:19:52,435 [227e1acc-cc2e-43a7-8eb5-515fd2972ece@group-70CC73D912F5-LeaderElection69] INFO  server.RaftServerConfigKeys (ConfUtils.java:logGet(43)) - raft.server.rpc.sleep.time = 25ms (default)
2019-10-02 20:19:52,435 [227e1acc-cc2e-43a7-8eb5-515fd2972ece@group-70CC73D912F5-LeaderElection69] INFO  server.RaftServerConfigKeys (ConfUtils.java:logGet(43)) - raft.server.write.element-limit = 4096 (default)
2019-10-02 20:19:52,435 [227e1acc-cc2e-43a7-8eb5-515fd2972ece@group-70CC73D912F5-LeaderElection69] INFO  server.RaftServerConfigKeys (ConfUtils.java:logGet(43)) - raft.server.watch.timeout = 10s (default)
2019-10-02 20:19:52,435 [227e1acc-cc2e-43a7-8eb5-515fd2972ece@group-70CC73D912F5-LeaderElection69] INFO  server.RaftServerConfigKeys (ConfUtils.java:logGet(43)) - raft.server.watch.timeout.denomination = 1s (default)
2019-10-02 20:19:52,435 [227e1acc-cc2e-43a7-8eb5-515fd2972ece@group-70CC73D912F5-LeaderElection69] INFO  server.RaftServerConfigKeys (ConfUtils.java:logGet(43)) - raft.server.watch.element-limit = 65536 (default)
2019-10-02 20:19:52,437 [227e1acc-cc2e-43a7-8eb5-515fd2972ece@group-70CC73D912F5-LeaderElection69] INFO  server.RaftServerConfigKeys (ConfUtils.java:logGet(43)) - raft.server.log.appender.snapshot.chunk.size.max = 16MB (=16777216) (default)
2019-10-02 20:19:52,437 [227e1acc-cc2e-43a7-8eb5-515fd2972ece@group-70CC73D912F5-LeaderElection69] INFO  server.RaftServerConfigKeys (ConfUtils.java:logGet(43)) - raft.server.log.appender.buffer.byte-limit = 33554432 (custom)
2019-10-02 20:19:52,438 [227e1acc-cc2e-43a7-8eb5-515fd2972ece@group-70CC73D912F5-LeaderElection69] INFO  server.RaftServerConfigKeys (ConfUtils.java:logGet(43)) - raft.server.log.appender.buffer.element-limit = 1 (custom)
2019-10-02 20:19:52,438 [227e1acc-cc2e-43a7-8eb5-515fd2972ece@group-70CC73D912F5-LeaderElection69] INFO  grpc.GrpcConfigKeys$Server (ConfUtils.java:logGet(43)) - raft.grpc.server.leader.outstanding.appends.max = 128 (default)
2019-10-02 20:19:52,438 [227e1acc-cc2e-43a7-8eb5-515fd2972ece@group-70CC73D912F5-LeaderElection69] INFO  server.RaftServerConfigKeys (ConfUtils.java:logGet(43)) - raft.server.rpc.request.timeout = 3000ms (default)
2019-10-02 20:19:52,438 [227e1acc-cc2e-43a7-8eb5-515fd2972ece@group-70CC73D912F5-LeaderElection69] INFO  server.RaftServerConfigKeys (ConfUtils.java:logGet(43)) - raft.server.log.appender.install.snapshot.enabled = false (custom)
2019-10-02 20:19:52,438 [227e1acc-cc2e-43a7-8eb5-515fd2972ece@group-70CC73D912F5-LeaderElection69] INFO  server.RaftServerConfigKeys (ConfUtils.java:logGet(43)) - raft.server.log.appender.snapshot.chunk.size.max = 16MB (=16777216) (default)
2019-10-02 20:19:52,438 [227e1acc-cc2e-43a7-8eb5-515fd2972ece@group-70CC73D912F5-LeaderElection69] INFO  server.RaftServerConfigKeys (ConfUtils.java:logGet(43)) - raft.server.log.appender.buffer.byte-limit = 33554432 (custom)
2019-10-02 20:19:52,439 [227e1acc-cc2e-43a7-8eb5-515fd2972ece@group-70CC73D912F5-LeaderElection69] INFO  server.RaftServerConfigKeys (ConfUtils.java:logGet(43)) - raft.server.log.appender.buffer.element-limit = 1 (custom)
2019-10-02 20:19:52,439 [227e1acc-cc2e-43a7-8eb5-515fd2972ece@group-70CC73D912F5-LeaderElection69] INFO  grpc.GrpcConfigKeys$Server (ConfUtils.java:logGet(43)) - raft.grpc.server.leader.outstanding.appends.max = 128 (default)
2019-10-02 20:19:52,439 [227e1acc-cc2e-43a7-8eb5-515fd2972ece@group-70CC73D912F5-LeaderElection69] INFO  server.RaftServerConfigKeys (ConfUtils.java:logGet(43)) - raft.server.rpc.request.timeout = 3000ms (default)
2019-10-02 20:19:52,439 [227e1acc-cc2e-43a7-8eb5-515fd2972ece@group-70CC73D912F5-LeaderElection69] INFO  server.RaftServerConfigKeys (ConfUtils.java:logGet(43)) - raft.server.log.appender.install.snapshot.enabled = false (custom)
2019-10-02 20:19:52,439 [227e1acc-cc2e-43a7-8eb5-515fd2972ece@group-70CC73D912F5-LeaderElection69] INFO  impl.RoleInfo (RoleInfo.java:updateAndGet(143)) - 227e1acc-cc2e-43a7-8eb5-515fd2972ece: start LeaderState
2019-10-02 20:19:52,439 [227e1acc-cc2e-43a7-8eb5-515fd2972ece@group-70CC73D912F5-LeaderElection69] INFO  segmented.SegmentedRaftLogWorker (SegmentedRaftLogWorker.java:startLogSegment(385)) - 227e1acc-cc2e-43a7-8eb5-515fd2972ece@group-70CC73D912F5-SegmentedRaftLogWorker: Starting segment from index:0
2019-10-02 20:19:52,440 [227e1acc-cc2e-43a7-8eb5-515fd2972ece@group-70CC73D912F5-LeaderElection69] INFO  impl.RaftServerImpl (ServerState.java:setRaftConf(356)) - 227e1acc-cc2e-43a7-8eb5-515fd2972ece@group-70CC73D912F5: set configuration 0: [a5374d3c-3240-4076-b7ea-bbc899f45c3f:192.168.157.242:36728, 31b14a0e-f5bd-419a-afcf-ddc860b89cf3:192.168.157.242:42954, 227e1acc-cc2e-43a7-8eb5-515fd2972ece:192.168.157.242:42112], old=null at 0
2019-10-02 20:19:52,480 [grpc-default-executor-6] INFO  impl.RaftServerImpl (ServerState.java:setLeader(255)) - 31b14a0e-f5bd-419a-afcf-ddc860b89cf3@group-70CC73D912F5: change Leader from null to 227e1acc-cc2e-43a7-8eb5-515fd2972ece at term 1 for appendEntries, leader elected after 5184ms
2019-10-02 20:19:52,484 [grpc-default-executor-6] INFO  impl.RaftServerImpl (ServerState.java:setLeader(255)) - a5374d3c-3240-4076-b7ea-bbc899f45c3f@group-70CC73D912F5: change Leader from null to 227e1acc-cc2e-43a7-8eb5-515fd2972ece at term 1 for appendEntries, leader elected after 5187ms
2019-10-02 20:19:52,488 [227e1acc-cc2e-43a7-8eb5-515fd2972ece@group-70CC73D912F5-SegmentedRaftLogWorker] INFO  segmented.SegmentedRaftLogWorker (SegmentedRaftLogWorker.java:execute(574)) - 227e1acc-cc2e-43a7-8eb5-515fd2972ece@group-70CC73D912F5-SegmentedRaftLogWorker: created new log segment /workdir/hadoop-ozone/integration-test/target/test-dir/MiniOzoneClusterImpl-8710202a-694f-4f87-8fa9-db9181168db2/datanode-5/data/ratis/9eeaf385-549c-4176-b419-70cc73d912f5/current/log_inprogress_0
2019-10-02 20:19:52,490 [grpc-default-executor-6] INFO  impl.RaftServerImpl (ServerState.java:setRaftConf(356)) - 31b14a0e-f5bd-419a-afcf-ddc860b89cf3@group-70CC73D912F5: set configuration 0: [a5374d3c-3240-4076-b7ea-bbc899f45c3f:192.168.157.242:36728, 31b14a0e-f5bd-419a-afcf-ddc860b89cf3:192.168.157.242:42954, 227e1acc-cc2e-43a7-8eb5-515fd2972ece:192.168.157.242:42112], old=null at 0
2019-10-02 20:19:52,490 [grpc-default-executor-6] INFO  segmented.SegmentedRaftLogWorker (SegmentedRaftLogWorker.java:startLogSegment(385)) - 31b14a0e-f5bd-419a-afcf-ddc860b89cf3@group-70CC73D912F5-SegmentedRaftLogWorker: Starting segment from index:0
2019-10-02 20:19:52,490 [grpc-default-executor-9] INFO  impl.RaftServerImpl (ServerState.java:setRaftConf(356)) - a5374d3c-3240-4076-b7ea-bbc899f45c3f@group-70CC73D912F5: set configuration 0: [a5374d3c-3240-4076-b7ea-bbc899f45c3f:192.168.157.242:36728, 31b14a0e-f5bd-419a-afcf-ddc860b89cf3:192.168.157.242:42954, 227e1acc-cc2e-43a7-8eb5-515fd2972ece:192.168.157.242:42112], old=null at 0
2019-10-02 20:19:52,490 [grpc-default-executor-9] INFO  segmented.SegmentedRaftLogWorker (SegmentedRaftLogWorker.java:startLogSegment(385)) - a5374d3c-3240-4076-b7ea-bbc899f45c3f@group-70CC73D912F5-SegmentedRaftLogWorker: Starting segment from index:0
2019-10-02 20:19:52,529 [a5374d3c-3240-4076-b7ea-bbc899f45c3f@group-70CC73D912F5-SegmentedRaftLogWorker] INFO  segmented.SegmentedRaftLogWorker (SegmentedRaftLogWorker.java:execute(574)) - a5374d3c-3240-4076-b7ea-bbc899f45c3f@group-70CC73D912F5-SegmentedRaftLogWorker: created new log segment /workdir/hadoop-ozone/integration-test/target/test-dir/MiniOzoneClusterImpl-8710202a-694f-4f87-8fa9-db9181168db2/datanode-6/data/ratis/9eeaf385-549c-4176-b419-70cc73d912f5/current/log_inprogress_0
2019-10-02 20:19:52,550 [31b14a0e-f5bd-419a-afcf-ddc860b89cf3@group-70CC73D912F5-SegmentedRaftLogWorker] INFO  segmented.SegmentedRaftLogWorker (SegmentedRaftLogWorker.java:execute(574)) - 31b14a0e-f5bd-419a-afcf-ddc860b89cf3@group-70CC73D912F5-SegmentedRaftLogWorker: created new log segment /workdir/hadoop-ozone/integration-test/target/test-dir/MiniOzoneClusterImpl-8710202a-694f-4f87-8fa9-db9181168db2/datanode-3/data/ratis/9eeaf385-549c-4176-b419-70cc73d912f5/current/log_inprogress_0
2019-10-02 20:19:52,609 [Datanode State Machine Thread - 0] INFO  statemachine.DatanodeStateMachine (DatanodeStateMachine.java:lambda$startDaemon$0(350)) - Ozone container server started.
2019-10-02 20:19:57,562 [main] INFO  ozoneimpl.OzoneContainer (OzoneContainer.java:stop(231)) - Attempting to stop container services.
2019-10-02 20:19:57,563 [main] INFO  impl.RaftServerProxy (RaftServerProxy.java:lambda$close$4(314)) - 12943b43-04f6-4d18-8197-3955007d3056: close
2019-10-02 20:19:57,564 [main] INFO  impl.RaftServerImpl (RaftServerImpl.java:lambda$shutdown$3(247)) - 12943b43-04f6-4d18-8197-3955007d3056@group-36CC0C9B7834: shutdown
2019-10-02 20:19:57,565 [main] INFO  util.JmxRegister (JmxRegister.java:unregister(73)) - Successfully un-registered JMX Bean with object name Ratis:service=RaftServer,group=group-36CC0C9B7834,id=12943b43-04f6-4d18-8197-3955007d3056
2019-10-02 20:19:57,565 [main] INFO  impl.RoleInfo (RoleInfo.java:shutdownFollowerState(121)) - 12943b43-04f6-4d18-8197-3955007d3056: shutdown FollowerState
2019-10-02 20:19:57,565 [main] INFO  impl.StateMachineUpdater (StateMachineUpdater.java:stopAndJoin(136)) - 12943b43-04f6-4d18-8197-3955007d3056@group-36CC0C9B7834-StateMachineUpdater: set stopIndex = 2
2019-10-02 20:19:57,566 [12943b43-04f6-4d18-8197-3955007d3056@group-36CC0C9B7834-StateMachineUpdater] INFO  ratis.ContainerStateMachine (ContainerStateMachine.java:takeSnapshot(289)) - group-36CC0C9B7834: Taking a snapshot at:(t:1, i:1) file /workdir/hadoop-ozone/integration-test/target/test-dir/MiniOzoneClusterImpl-8710202a-694f-4f87-8fa9-db9181168db2/datanode-2/data/ratis/090ab1cf-2f6a-4153-ad96-36cc0c9b7834/sm/snapshot.1_1
2019-10-02 20:19:57,566 [Thread-2383] INFO  impl.FollowerState (FollowerState.java:run(117)) - 12943b43-04f6-4d18-8197-3955007d3056@group-36CC0C9B7834-FollowerState was interrupted: java.lang.InterruptedException: sleep interrupted
2019-10-02 20:19:57,584 [12943b43-04f6-4d18-8197-3955007d3056@group-36CC0C9B7834-StateMachineUpdater] INFO  ratis.ContainerStateMachine (ContainerStateMachine.java:takeSnapshot(300)) - group-36CC0C9B7834: Finished taking a snapshot at:(t:1, i:1) file:/workdir/hadoop-ozone/integration-test/target/test-dir/MiniOzoneClusterImpl-8710202a-694f-4f87-8fa9-db9181168db2/datanode-2/data/ratis/090ab1cf-2f6a-4153-ad96-36cc0c9b7834/sm/snapshot.1_1 time:18
2019-10-02 20:19:57,584 [12943b43-04f6-4d18-8197-3955007d3056@group-36CC0C9B7834-StateMachineUpdater] INFO  impl.StateMachineUpdater (StateMachineUpdater.java:takeSnapshot(269)) - 12943b43-04f6-4d18-8197-3955007d3056@group-36CC0C9B7834-StateMachineUpdater: Took a snapshot at index 1
2019-10-02 20:19:57,584 [12943b43-04f6-4d18-8197-3955007d3056@group-36CC0C9B7834-StateMachineUpdater] INFO  impl.StateMachineUpdater (StateMachineUpdater.java:lambda$new$0(84)) - 12943b43-04f6-4d18-8197-3955007d3056@group-36CC0C9B7834-StateMachineUpdater: snapshotIndex: updateIncreasingly -1 -> 1
2019-10-02 20:19:57,585 [12943b43-04f6-4d18-8197-3955007d3056@group-36CC0C9B7834-StateMachineUpdater] INFO  ratis.ContainerStateMachine (ContainerStateMachine.java:takeSnapshot(289)) - group-36CC0C9B7834: Taking a snapshot at:(t:1, i:1) file /workdir/hadoop-ozone/integration-test/target/test-dir/MiniOzoneClusterImpl-8710202a-694f-4f87-8fa9-db9181168db2/datanode-2/data/ratis/090ab1cf-2f6a-4153-ad96-36cc0c9b7834/sm/snapshot.1_1
2019-10-02 20:19:57,597 [12943b43-04f6-4d18-8197-3955007d3056@group-36CC0C9B7834-StateMachineUpdater] INFO  ratis.ContainerStateMachine (ContainerStateMachine.java:takeSnapshot(300)) - group-36CC0C9B7834: Finished taking a snapshot at:(t:1, i:1) file:/workdir/hadoop-ozone/integration-test/target/test-dir/MiniOzoneClusterImpl-8710202a-694f-4f87-8fa9-db9181168db2/datanode-2/data/ratis/090ab1cf-2f6a-4153-ad96-36cc0c9b7834/sm/snapshot.1_1 time:12
2019-10-02 20:19:57,597 [12943b43-04f6-4d18-8197-3955007d3056@group-36CC0C9B7834-StateMachineUpdater] INFO  impl.StateMachineUpdater (StateMachineUpdater.java:takeSnapshot(269)) - 12943b43-04f6-4d18-8197-3955007d3056@group-36CC0C9B7834-StateMachineUpdater: Took a snapshot at index 1
2019-10-02 20:19:57,597 [12943b43-04f6-4d18-8197-3955007d3056@group-36CC0C9B7834-StateMachineUpdater] INFO  impl.StateMachineUpdater (StateMachineUpdater.java:lambda$new$0(84)) - 12943b43-04f6-4d18-8197-3955007d3056@group-36CC0C9B7834-StateMachineUpdater: snapshotIndex: updateIncreasingly 1 -> 1
2019-10-02 20:19:57,598 [main] INFO  impl.RaftServerImpl (ServerState.java:close(387)) - 12943b43-04f6-4d18-8197-3955007d3056@group-36CC0C9B7834: closes. applyIndex: 2
2019-10-02 20:19:57,598 [12943b43-04f6-4d18-8197-3955007d3056@group-36CC0C9B7834-SegmentedRaftLogWorker] INFO  segmented.SegmentedRaftLogWorker (SegmentedRaftLogWorker.java:run(316)) - 12943b43-04f6-4d18-8197-3955007d3056@group-36CC0C9B7834-SegmentedRaftLogWorker was interrupted, exiting. There are 0 tasks remaining in the queue.
2019-10-02 20:19:57,602 [main] INFO  segmented.SegmentedRaftLogWorker (SegmentedRaftLogWorker.java:close(224)) - 12943b43-04f6-4d18-8197-3955007d3056@group-36CC0C9B7834-SegmentedRaftLogWorker close()
2019-10-02 20:19:57,607 [main] INFO  impl.RaftServerImpl (RaftServerImpl.java:lambda$shutdown$3(247)) - 12943b43-04f6-4d18-8197-3955007d3056@group-4079831A0141: shutdown
2019-10-02 20:19:57,608 [main] INFO  util.JmxRegister (JmxRegister.java:unregister(73)) - Successfully un-registered JMX Bean with object name Ratis:service=RaftServer,group=group-4079831A0141,id=12943b43-04f6-4d18-8197-3955007d3056
2019-10-02 20:19:57,608 [main] INFO  impl.RoleInfo (RoleInfo.java:shutdownLeaderState(104)) - 12943b43-04f6-4d18-8197-3955007d3056: shutdown LeaderState
2019-10-02 20:19:57,608 [main] INFO  impl.PendingRequests (PendingRequests.java:sendNotLeaderResponses(202)) - 12943b43-04f6-4d18-8197-3955007d3056@group-4079831A0141-PendingRequests: sendNotLeaderResponses
2019-10-02 20:19:57,609 [main] INFO  impl.StateMachineUpdater (StateMachineUpdater.java:stopAndJoin(136)) - 12943b43-04f6-4d18-8197-3955007d3056@group-4079831A0141-StateMachineUpdater: set stopIndex = 0
2019-10-02 20:19:57,609 [main] INFO  impl.RaftServerImpl (ServerState.java:close(387)) - 12943b43-04f6-4d18-8197-3955007d3056@group-4079831A0141: closes. applyIndex: 0
2019-10-02 20:19:57,609 [12943b43-04f6-4d18-8197-3955007d3056@group-4079831A0141-SegmentedRaftLogWorker] INFO  segmented.SegmentedRaftLogWorker (SegmentedRaftLogWorker.java:run(316)) - 12943b43-04f6-4d18-8197-3955007d3056@group-4079831A0141-SegmentedRaftLogWorker was interrupted, exiting. There are 0 tasks remaining in the queue.
2019-10-02 20:19:57,612 [main] INFO  segmented.SegmentedRaftLogWorker (SegmentedRaftLogWorker.java:close(224)) - 12943b43-04f6-4d18-8197-3955007d3056@group-4079831A0141-SegmentedRaftLogWorker close()
2019-10-02 20:19:57,618 [main] INFO  server.GrpcService (GrpcService.java:closeImpl(164)) - 12943b43-04f6-4d18-8197-3955007d3056: shutdown server with port 39499 now
2019-10-02 20:19:57,619 [grpc-default-executor-0] WARN  server.GrpcServerProtocolService (LogUtils.java:warn(134)) - 12943b43-04f6-4d18-8197-3955007d3056: installSnapshot onError, lastRequest: 479b9343-7eb9-4ab5-a1a7-db6c01c8695c->12943b43-04f6-4d18-8197-3955007d3056#5-t1, previous=(t:1, i:2), leaderCommit=2, initializing? false, entries: <empty>: org.apache.ratis.thirdparty.io.grpc.StatusRuntimeException: CANCELLED: cancelled before receiving half close
2019-10-02 20:19:57,619 [grpc-default-executor-9] WARN  server.GrpcLogAppender (LogUtils.java:warn(134)) - 479b9343-7eb9-4ab5-a1a7-db6c01c8695c@group-36CC0C9B7834->12943b43-04f6-4d18-8197-3955007d3056-AppendLogResponseHandler: Failed appendEntries: org.apache.ratis.thirdparty.io.grpc.StatusRuntimeException: CANCELLED: HTTP/2 error code: CANCEL
Received Rst Stream
2019-10-02 20:19:57,619 [main] INFO  server.GrpcService (GrpcService.java:closeImpl(172)) - 12943b43-04f6-4d18-8197-3955007d3056: shutdown server with port 39499 successfully
2019-10-02 20:19:57,619 [grpc-default-executor-9] INFO  impl.FollowerInfo (FollowerInfo.java:lambda$new$0(51)) - 479b9343-7eb9-4ab5-a1a7-db6c01c8695c@group-36CC0C9B7834->12943b43-04f6-4d18-8197-3955007d3056: nextIndex: updateUnconditionally 3 -> 2
2019-10-02 20:19:57,622 [refreshUsed-/workdir/hadoop-ozone/integration-test/target/test-dir/MiniOzoneClusterImpl-8710202a-694f-4f87-8fa9-db9181168db2/datanode-2/data/containers] WARN  fs.CachingGetSpaceUsed (CachingGetSpaceUsed.java:run(183)) - Thread Interrupted waiting to refresh disk information: sleep interrupted
2019-10-02 20:19:57,641 [main] INFO  utils.BackgroundService (BackgroundService.java:shutdown(148)) - Shutting down service BlockDeletingService
2019-10-02 20:19:57,649 [main] INFO  statemachine.DatanodeStateMachine (DatanodeStateMachine.java:stopDaemon(395)) - Ozone container server stopped.
2019-10-02 20:19:57,651 [main] INFO  handler.ContextHandler (ContextHandler.java:doStop(910)) - Stopped o.e.j.w.WebAppContext@46f73ffa{/,null,UNAVAILABLE}{/hddsDatanode}
2019-10-02 20:19:57,652 [main] INFO  server.AbstractConnector (AbstractConnector.java:doStop(318)) - Stopped ServerConnector@41aebbb4{HTTP/1.1,[http/1.1]}{0.0.0.0:0}
2019-10-02 20:19:57,652 [main] INFO  handler.ContextHandler (ContextHandler.java:doStop(910)) - Stopped o.e.j.s.ServletContextHandler@16cb9989{/static,jar:file:/home/user/.m2/repository/org/apache/hadoop/hadoop-hdds-container-service/0.5.0-SNAPSHOT/hadoop-hdds-container-service-0.5.0-SNAPSHOT.jar!/webapps/static,UNAVAILABLE}
2019-10-02 20:19:57,652 [main] INFO  handler.ContextHandler (ContextHandler.java:doStop(910)) - Stopped o.e.j.s.ServletContextHandler@578a5ce8{/logs,file:///workdir/hadoop-ozone/integration-test/target/log,UNAVAILABLE}
2019-10-02 20:19:57,663 [grpc-default-executor-0] WARN  server.GrpcLogAppender (LogUtils.java:warn(134)) - 479b9343-7eb9-4ab5-a1a7-db6c01c8695c@group-36CC0C9B7834->12943b43-04f6-4d18-8197-3955007d3056-AppendLogResponseHandler: Failed appendEntries: org.apache.ratis.thirdparty.io.grpc.StatusRuntimeException: UNAVAILABLE: io exception
2019-10-02 20:19:57,664 [grpc-default-executor-0] INFO  impl.FollowerInfo (FollowerInfo.java:lambda$new$0(51)) - 479b9343-7eb9-4ab5-a1a7-db6c01c8695c@group-36CC0C9B7834->12943b43-04f6-4d18-8197-3955007d3056: nextIndex: updateUnconditionally 3 -> 2
2019-10-02 20:19:57,676 [grpc-default-executor-6] WARN  server.GrpcLogAppender (LogUtils.java:warn(134)) - 479b9343-7eb9-4ab5-a1a7-db6c01c8695c@group-36CC0C9B7834->12943b43-04f6-4d18-8197-3955007d3056-AppendLogResponseHandler: Failed appendEntries: org.apache.ratis.thirdparty.io.grpc.StatusRuntimeException: UNAVAILABLE: io exception
2019-10-02 20:19:57,676 [grpc-default-executor-6] INFO  impl.FollowerInfo (FollowerInfo.java:lambda$new$0(51)) - 479b9343-7eb9-4ab5-a1a7-db6c01c8695c@group-36CC0C9B7834->12943b43-04f6-4d18-8197-3955007d3056: nextIndex: updateUnconditionally 3 -> 2
2019-10-02 20:19:57,689 [grpc-default-executor-0] WARN  server.GrpcLogAppender (LogUtils.java:warn(134)) - 479b9343-7eb9-4ab5-a1a7-db6c01c8695c@group-36CC0C9B7834->12943b43-04f6-4d18-8197-3955007d3056-AppendLogResponseHandler: Failed appendEntries: org.apache.ratis.thirdparty.io.grpc.StatusRuntimeException: UNAVAILABLE: io exception
2019-10-02 20:19:57,690 [grpc-default-executor-0] INFO  impl.FollowerInfo (FollowerInfo.java:lambda$new$0(51)) - 479b9343-7eb9-4ab5-a1a7-db6c01c8695c@group-36CC0C9B7834->12943b43-04f6-4d18-8197-3955007d3056: nextIndex: updateUnconditionally 3 -> 2
2019-10-02 20:19:57,701 [EventQueue-IncrementalContainerReportForIncrementalContainerReportHandler] WARN  container.IncrementalContainerReportHandler (AbstractContainerReportHandler.java:updateContainerState(143)) - Container #1 is in OPEN state, but the datanode 479b9343-7eb9-4ab5-a1a7-db6c01c8695c{ip: 192.168.157.242, host: pr-hdds-2223-zp5j9-3680597336, networkLocation: /default-rack, certSerialId: null} reports an CLOSING replica.
2019-10-02 20:19:57,715 [EventQueue-IncrementalContainerReportForIncrementalContainerReportHandler] WARN  container.IncrementalContainerReportHandler (AbstractContainerReportHandler.java:updateContainerState(143)) - Container #1 is in OPEN state, but the datanode 4be65ef0-72f4-4de4-8bf5-ede332b23e29{ip: 192.168.157.242, host: pr-hdds-2223-zp5j9-3680597336, networkLocation: /default-rack, certSerialId: null} reports an CLOSING replica.
2019-10-02 20:19:57,754 [RatisApplyTransactionExecutor 1] INFO  interfaces.Container (KeyValueContainer.java:flushAndSyncDB(386)) - Container 1 is synced with bcsId 0.
2019-10-02 20:19:57,805 [RatisApplyTransactionExecutor 1] INFO  interfaces.Container (KeyValueContainer.java:flushAndSyncDB(386)) - Container 1 is synced with bcsId 0.
2019-10-02 20:19:57,815 [RatisApplyTransactionExecutor 1] INFO  interfaces.Container (KeyValueContainer.java:flushAndSyncDB(386)) - Container 1 is synced with bcsId 0.
2019-10-02 20:19:57,815 [RatisApplyTransactionExecutor 1] INFO  interfaces.Container (KeyValueContainer.java:flushAndSyncDB(386)) - Container 1 is synced with bcsId 0.
2019-10-02 20:19:57,818 [RatisApplyTransactionExecutor 1] INFO  interfaces.Container (KeyValueContainer.java:close(335)) - Container 1 is closed with bcsId 0.
2019-10-02 20:19:57,822 [EventQueue-IncrementalContainerReportForIncrementalContainerReportHandler] WARN  container.IncrementalContainerReportHandler (AbstractContainerReportHandler.java:updateContainerState(143)) - Container #1 is in OPEN state, but the datanode 479b9343-7eb9-4ab5-a1a7-db6c01c8695c{ip: 192.168.157.242, host: pr-hdds-2223-zp5j9-3680597336, networkLocation: /default-rack, certSerialId: null} reports an CLOSED replica.
2019-10-02 20:19:57,831 [RatisApplyTransactionExecutor 1] INFO  interfaces.Container (KeyValueContainer.java:close(335)) - Container 1 is closed with bcsId 0.
2019-10-02 20:19:57,832 [EventQueue-IncrementalContainerReportForIncrementalContainerReportHandler] WARN  container.IncrementalContainerReportHandler (AbstractContainerReportHandler.java:updateContainerState(143)) - Container #1 is in OPEN state, but the datanode 4be65ef0-72f4-4de4-8bf5-ede332b23e29{ip: 192.168.157.242, host: pr-hdds-2223-zp5j9-3680597336, networkLocation: /default-rack, certSerialId: null} reports an CLOSED replica.
2019-10-02 20:20:00,191 [grpc-default-executor-6] WARN  server.GrpcLogAppender (LogUtils.java:warn(134)) - 479b9343-7eb9-4ab5-a1a7-db6c01c8695c@group-36CC0C9B7834->12943b43-04f6-4d18-8197-3955007d3056-AppendLogResponseHandler: Failed appendEntries: org.apache.ratis.thirdparty.io.grpc.StatusRuntimeException: UNAVAILABLE: io exception
2019-10-02 20:20:00,192 [grpc-default-executor-6] INFO  impl.FollowerInfo (FollowerInfo.java:lambda$new$0(51)) - 479b9343-7eb9-4ab5-a1a7-db6c01c8695c@group-36CC0C9B7834->12943b43-04f6-4d18-8197-3955007d3056: nextIndex: updateUnconditionally 2 -> 1
2019-10-02 20:20:00,824 [main] WARN  scm.XceiverClientRatis (XceiverClientRatis.java:watchForCommit(292)) - 3 way commit failed on pipeline Pipeline[ Id: 090ab1cf-2f6a-4153-ad96-36cc0c9b7834, Nodes: 12943b43-04f6-4d18-8197-3955007d3056{ip: 192.168.157.242, host: pr-hdds-2223-zp5j9-3680597336, networkLocation: /default-rack, certSerialId: null}4be65ef0-72f4-4de4-8bf5-ede332b23e29{ip: 192.168.157.242, host: pr-hdds-2223-zp5j9-3680597336, networkLocation: /default-rack, certSerialId: null}479b9343-7eb9-4ab5-a1a7-db6c01c8695c{ip: 192.168.157.242, host: pr-hdds-2223-zp5j9-3680597336, networkLocation: /default-rack, certSerialId: null}, Type:RATIS, Factor:THREE, State:OPEN]
java.util.concurrent.TimeoutException
	at java.util.concurrent.CompletableFuture.timedGet(CompletableFuture.java:1771)
	at java.util.concurrent.CompletableFuture.get(CompletableFuture.java:1915)
	at org.apache.hadoop.hdds.scm.XceiverClientRatis.watchForCommit(XceiverClientRatis.java:289)
	at org.apache.hadoop.ozone.client.rpc.TestWatchForCommit.test2WayCommitForTimeoutException(TestWatchForCommit.java:391)
	at sun.reflect.NativeMethodAccessorImpl.invoke0(Native Method)
	at sun.reflect.NativeMethodAccessorImpl.invoke(NativeMethodAccessorImpl.java:62)
	at sun.reflect.DelegatingMethodAccessorImpl.invoke(DelegatingMethodAccessorImpl.java:43)
	at java.lang.reflect.Method.invoke(Method.java:498)
	at org.junit.runners.model.FrameworkMethod$1.runReflectiveCall(FrameworkMethod.java:47)
	at org.junit.internal.runners.model.ReflectiveCallable.run(ReflectiveCallable.java:12)
	at org.junit.runners.model.FrameworkMethod.invokeExplosively(FrameworkMethod.java:44)
	at org.junit.internal.runners.statements.InvokeMethod.evaluate(InvokeMethod.java:17)
	at org.junit.runners.ParentRunner.runLeaf(ParentRunner.java:271)
	at org.junit.runners.BlockJUnit4ClassRunner.runChild(BlockJUnit4ClassRunner.java:70)
	at org.junit.runners.BlockJUnit4ClassRunner.runChild(BlockJUnit4ClassRunner.java:50)
	at org.junit.runners.ParentRunner$3.run(ParentRunner.java:238)
	at org.junit.runners.ParentRunner$1.schedule(ParentRunner.java:63)
	at org.junit.runners.ParentRunner.runChildren(ParentRunner.java:236)
	at org.junit.runners.ParentRunner.access$000(ParentRunner.java:53)
	at org.junit.runners.ParentRunner$2.evaluate(ParentRunner.java:229)
	at org.junit.runners.ParentRunner.run(ParentRunner.java:309)
	at org.apache.maven.surefire.junit4.JUnit4Provider.execute(JUnit4Provider.java:365)
	at org.apache.maven.surefire.junit4.JUnit4Provider.executeWithRerun(JUnit4Provider.java:273)
	at org.apache.maven.surefire.junit4.JUnit4Provider.executeTestSet(JUnit4Provider.java:238)
	at org.apache.maven.surefire.junit4.JUnit4Provider.invoke(JUnit4Provider.java:159)
	at org.apache.maven.surefire.booter.ForkedBooter.invokeProviderInSameClassLoader(ForkedBooter.java:384)
	at org.apache.maven.surefire.booter.ForkedBooter.runSuitesInProcess(ForkedBooter.java:345)
	at org.apache.maven.surefire.booter.ForkedBooter.execute(ForkedBooter.java:126)
	at org.apache.maven.surefire.booter.ForkedBooter.main(ForkedBooter.java:418)
2019-10-02 20:20:00,834 [Thread-2442] INFO  client.GrpcClientProtocolService (GrpcClientProtocolService.java:lambda$processClientRequest$0(278)) - Failed RaftClientRequest:client-D6643F8CB1A6->4be65ef0-72f4-4de4-8bf5-ede332b23e29@group-36CC0C9B7834, cid=106, seq=0, Watch-MAJORITY_COMMITTED(3), Message:<EMPTY>, reply=RaftClientReply:client-D6643F8CB1A6->4be65ef0-72f4-4de4-8bf5-ede332b23e29@group-36CC0C9B7834, cid=106, FAILED org.apache.ratis.protocol.NotLeaderException: Server 4be65ef0-72f4-4de4-8bf5-ede332b23e29@group-36CC0C9B7834 is not the leader 479b9343-7eb9-4ab5-a1a7-db6c01c8695c:192.168.157.242:40470, logIndex=0, commits[4be65ef0-72f4-4de4-8bf5-ede332b23e29:c4, 12943b43-04f6-4d18-8197-3955007d3056:c2, 479b9343-7eb9-4ab5-a1a7-db6c01c8695c:c4]
2019-10-02 20:20:02,693 [grpc-default-executor-0] WARN  server.GrpcLogAppender (LogUtils.java:warn(134)) - 479b9343-7eb9-4ab5-a1a7-db6c01c8695c@group-36CC0C9B7834->12943b43-04f6-4d18-8197-3955007d3056-AppendLogResponseHandler: Failed appendEntries: org.apache.ratis.thirdparty.io.grpc.StatusRuntimeException: UNAVAILABLE: io exception
2019-10-02 20:20:02,700 [grpc-default-executor-0] INFO  impl.FollowerInfo (FollowerInfo.java:lambda$new$0(51)) - 479b9343-7eb9-4ab5-a1a7-db6c01c8695c@group-36CC0C9B7834->12943b43-04f6-4d18-8197-3955007d3056: nextIndex: updateUnconditionally 1 -> 0
]]></system-out>
    <system-err><![CDATA[Oct 02, 2019 8:19:57 PM org.apache.ratis.thirdparty.io.grpc.internal.SerializingExecutor run
SEVERE: Exception while executing runnable org.apache.ratis.thirdparty.io.grpc.internal.ServerImpl$JumpToApplicationThreadServerStreamListener$1Closed@7016eaa3
org.apache.ratis.thirdparty.io.grpc.StatusRuntimeException: CANCELLED: call already cancelled
	at org.apache.ratis.thirdparty.io.grpc.Status.asRuntimeException(Status.java:517)
	at org.apache.ratis.thirdparty.io.grpc.stub.ServerCalls$ServerCallStreamObserverImpl.onCompleted(ServerCalls.java:356)
	at org.apache.ratis.grpc.server.GrpcServerProtocolService$ServerRequestStreamObserver.onError(GrpcServerProtocolService.java:121)
	at org.apache.ratis.thirdparty.io.grpc.stub.ServerCalls$StreamingServerCallHandler$StreamingServerCallListener.onCancel(ServerCalls.java:269)
	at org.apache.ratis.thirdparty.io.grpc.internal.ServerCallImpl$ServerStreamListenerImpl.closed(ServerCallImpl.java:293)
	at org.apache.ratis.thirdparty.io.grpc.internal.ServerImpl$JumpToApplicationThreadServerStreamListener$1Closed.runInContext(ServerImpl.java:741)
	at org.apache.ratis.thirdparty.io.grpc.internal.ContextRunnable.run(ContextRunnable.java:37)
	at org.apache.ratis.thirdparty.io.grpc.internal.SerializingExecutor.run(SerializingExecutor.java:123)
	at java.util.concurrent.ThreadPoolExecutor.runWorker(ThreadPoolExecutor.java:1149)
	at java.util.concurrent.ThreadPoolExecutor$Worker.run(ThreadPoolExecutor.java:624)
	at java.lang.Thread.run(Thread.java:748)

]]></system-err>
  </testcase>
</testsuite>