<?xml version="1.0" encoding="UTF-8"?>
<testsuite xmlns:xsi="http://www.w3.org/2001/XMLSchema-instance" xsi:noNamespaceSchemaLocation="https://maven.apache.org/surefire/maven-surefire-plugin/xsd/surefire-test-report.xsd" name="org.apache.hadoop.ozone.client.rpc.TestBlockOutputStreamWithFailures" time="670.216" tests="8" errors="0" skipped="0" failures="1">
  <properties>
    <property name="awt.toolkit" value="sun.awt.X11.XToolkit"/>
    <property name="file.encoding.pkg" value="sun.io"/>
    <property name="java.specification.version" value="1.8"/>
    <property name="sun.cpu.isalist" value=""/>
    <property name="sun.jnu.encoding" value="UTF-8"/>
    <property name="java.class.path" value="/workdir/hadoop-ozone/integration-test/target/test-classes:/workdir/hadoop-ozone/integration-test/target/classes:/home/user/.m2/repository/org/apache/hadoop/hadoop-ozone-common/0.5.0-SNAPSHOT/hadoop-ozone-common-0.5.0-SNAPSHOT.jar:/home/user/.m2/repository/org/apache/commons/commons-compress/1.4.1/commons-compress-1.4.1.jar:/home/user/.m2/repository/org/tukaani/xz/1.0/xz-1.0.jar:/home/user/.m2/repository/org/apache/hadoop/hadoop-common/3.2.0/hadoop-common-3.2.0.jar:/home/user/.m2/repository/org/apache/hadoop/hadoop-hdfs/3.2.0/hadoop-hdfs-3.2.0.jar:/home/user/.m2/repository/org/apache/hadoop/hadoop-hdfs-client/3.2.0/hadoop-hdfs-client-3.2.0.jar:/home/user/.m2/repository/com/fasterxml/jackson/core/jackson-annotations/2.9.9/jackson-annotations-2.9.9.jar:/home/user/.m2/repository/org/apache/hadoop/hadoop-hdds-common/0.5.0-SNAPSHOT/hadoop-hdds-common-0.5.0-SNAPSHOT.jar:/home/user/.m2/repository/javax/annotation/javax.annotation-api/1.2/javax.annotation-api-1.2.jar:/home/user/.m2/repository/org/apache/ratis/ratis-server/0.5.0-201fc85-SNAPSHOT/ratis-server-0.5.0-201fc85-SNAPSHOT.jar:/home/user/.m2/repository/org/apache/ratis/ratis-thirdparty-misc/0.2.0/ratis-thirdparty-misc-0.2.0.jar:/home/user/.m2/repository/org/apache/ratis/ratis-proto/0.5.0-201fc85-SNAPSHOT/ratis-proto-0.5.0-201fc85-SNAPSHOT.jar:/home/user/.m2/repository/org/apache/ratis/ratis-common/0.5.0-201fc85-SNAPSHOT/ratis-common-0.5.0-201fc85-SNAPSHOT.jar:/home/user/.m2/repository/org/apache/ratis/ratis-client/0.5.0-201fc85-SNAPSHOT/ratis-client-0.5.0-201fc85-SNAPSHOT.jar:/home/user/.m2/repository/org/apache/ratis/ratis-metrics/0.5.0-201fc85-SNAPSHOT/ratis-metrics-0.5.0-201fc85-SNAPSHOT.jar:/home/user/.m2/repository/com/github/joshelser/dropwizard-metrics-hadoop-metrics2-reporter/0.1.2/dropwizard-metrics-hadoop-metrics2-reporter-0.1.2.jar:/home/user/.m2/repository/io/dropwizard/metrics/metrics-jvm/3.2.5/metrics-jvm-3.2.5.jar:/home/user/.m2/repository/io/dropwizard/metrics/metrics-ganglia/3.2.5/metrics-ganglia-3.2.5.jar:/home/user/.m2/repository/info/ganglia/gmetric4j/gmetric4j/1.0.7/gmetric4j-1.0.7.jar:/home/user/.m2/repository/org/apache/ratis/ratis-netty/0.5.0-201fc85-SNAPSHOT/ratis-netty-0.5.0-201fc85-SNAPSHOT.jar:/home/user/.m2/repository/org/apache/ratis/ratis-grpc/0.5.0-201fc85-SNAPSHOT/ratis-grpc-0.5.0-201fc85-SNAPSHOT.jar:/home/user/.m2/repository/org/rocksdb/rocksdbjni/6.0.1/rocksdbjni-6.0.1.jar:/home/user/.m2/repository/org/apache/logging/log4j/log4j-api/2.11.0/log4j-api-2.11.0.jar:/home/user/.m2/repository/org/apache/logging/log4j/log4j-core/2.11.0/log4j-core-2.11.0.jar:/home/user/.m2/repository/com/lmax/disruptor/3.4.2/disruptor-3.4.2.jar:/home/user/.m2/repository/org/apache/commons/commons-pool2/2.6.0/commons-pool2-2.6.0.jar:/home/user/.m2/repository/org/bouncycastle/bcpkix-jdk15on/1.60/bcpkix-jdk15on-1.60.jar:/home/user/.m2/repository/commons-validator/commons-validator/1.6/commons-validator-1.6.jar:/home/user/.m2/repository/commons-digester/commons-digester/1.8.1/commons-digester-1.8.1.jar:/home/user/.m2/repository/io/jaegertracing/jaeger-client/0.34.0/jaeger-client-0.34.0.jar:/home/user/.m2/repository/io/jaegertracing/jaeger-thrift/0.34.0/jaeger-thrift-0.34.0.jar:/home/user/.m2/repository/org/apache/thrift/libthrift/0.12.0/libthrift-0.12.0.jar:/home/user/.m2/repository/com/squareup/okhttp3/okhttp/3.9.0/okhttp-3.9.0.jar:/home/user/.m2/repository/com/squareup/okio/okio/1.13.0/okio-1.13.0.jar:/home/user/.m2/repository/io/jaegertracing/jaeger-core/0.34.0/jaeger-core-0.34.0.jar:/home/user/.m2/repository/io/jaegertracing/jaeger-tracerresolver/0.34.0/jaeger-tracerresolver-0.34.0.jar:/home/user/.m2/repository/io/opentracing/contrib/opentracing-tracerresolver/0.1.5/opentracing-tracerresolver-0.1.5.jar:/home/user/.m2/repository/io/opentracing/opentracing-util/0.31.0/opentracing-util-0.31.0.jar:/home/user/.m2/repository/io/opentracing/opentracing-api/0.31.0/opentracing-api-0.31.0.jar:/home/user/.m2/repository/io/opentracing/opentracing-noop/0.31.0/opentracing-noop-0.31.0.jar:/home/user/.m2/repository/org/apache/hadoop/hadoop-hdds-server-framework/0.5.0-SNAPSHOT/hadoop-hdds-server-framework-0.5.0-SNAPSHOT.jar:/home/user/.m2/repository/org/apache/hadoop/hadoop-hdds-container-service/0.5.0-SNAPSHOT/hadoop-hdds-container-service-0.5.0-SNAPSHOT.jar:/home/user/.m2/repository/org/apache/hadoop/hadoop-hdds-client/0.5.0-SNAPSHOT/hadoop-hdds-client-0.5.0-SNAPSHOT.jar:/home/user/.m2/repository/org/apache/hadoop/hadoop-hdds-tools/0.5.0-SNAPSHOT/hadoop-hdds-tools-0.5.0-SNAPSHOT.jar:/home/user/.m2/repository/org/apache/hadoop/hadoop-hdds-server-scm/0.5.0-SNAPSHOT/hadoop-hdds-server-scm-0.5.0-SNAPSHOT.jar:/home/user/.m2/repository/org/apache/hadoop/hadoop-hdds-docs/0.5.0-SNAPSHOT/hadoop-hdds-docs-0.5.0-SNAPSHOT.jar:/home/user/.m2/repository/io/dropwizard/metrics/metrics-core/3.2.4/metrics-core-3.2.4.jar:/home/user/.m2/repository/org/hamcrest/hamcrest-all/1.3/hamcrest-all-1.3.jar:/home/user/.m2/repository/org/bouncycastle/bcprov-jdk15on/1.60/bcprov-jdk15on-1.60.jar:/home/user/.m2/repository/info/picocli/picocli/3.9.6/picocli-3.9.6.jar:/home/user/.m2/repository/com/google/protobuf/protobuf-java/2.5.0/protobuf-java-2.5.0.jar:/home/user/.m2/repository/com/google/guava/guava/11.0.2/guava-11.0.2.jar:/home/user/.m2/repository/org/apache/hadoop/hadoop-ozone-ozone-manager/0.5.0-SNAPSHOT/hadoop-ozone-ozone-manager-0.5.0-SNAPSHOT.jar:/home/user/.m2/repository/org/apache/hadoop/hadoop-minikdc/3.2.0/hadoop-minikdc-3.2.0.jar:/home/user/.m2/repository/commons-io/commons-io/2.5/commons-io-2.5.jar:/home/user/.m2/repository/org/apache/kerby/kerb-simplekdc/1.0.1/kerb-simplekdc-1.0.1.jar:/home/user/.m2/repository/org/apache/kerby/kerb-client/1.0.1/kerb-client-1.0.1.jar:/home/user/.m2/repository/org/apache/kerby/kerby-config/1.0.1/kerby-config-1.0.1.jar:/home/user/.m2/repository/org/apache/kerby/kerb-core/1.0.1/kerb-core-1.0.1.jar:/home/user/.m2/repository/org/apache/kerby/kerby-pkix/1.0.1/kerby-pkix-1.0.1.jar:/home/user/.m2/repository/org/apache/kerby/kerby-asn1/1.0.1/kerby-asn1-1.0.1.jar:/home/user/.m2/repository/org/apache/kerby/kerby-util/1.0.1/kerby-util-1.0.1.jar:/home/user/.m2/repository/org/apache/kerby/kerb-common/1.0.1/kerb-common-1.0.1.jar:/home/user/.m2/repository/org/apache/kerby/kerb-crypto/1.0.1/kerb-crypto-1.0.1.jar:/home/user/.m2/repository/org/apache/kerby/kerb-util/1.0.1/kerb-util-1.0.1.jar:/home/user/.m2/repository/org/apache/kerby/token-provider/1.0.1/token-provider-1.0.1.jar:/home/user/.m2/repository/org/apache/kerby/kerb-admin/1.0.1/kerb-admin-1.0.1.jar:/home/user/.m2/repository/org/apache/kerby/kerb-server/1.0.1/kerb-server-1.0.1.jar:/home/user/.m2/repository/org/apache/kerby/kerb-identity/1.0.1/kerb-identity-1.0.1.jar:/home/user/.m2/repository/org/apache/kerby/kerby-xdr/1.0.1/kerby-xdr-1.0.1.jar:/home/user/.m2/repository/org/slf4j/slf4j-log4j12/1.7.25/slf4j-log4j12-1.7.25.jar:/home/user/.m2/repository/org/apache/hadoop/hadoop-ozone-s3gateway/0.5.0-SNAPSHOT/hadoop-ozone-s3gateway-0.5.0-SNAPSHOT.jar:/home/user/.m2/repository/org/jboss/weld/servlet/weld-servlet/2.4.7.Final/weld-servlet-2.4.7.Final.jar:/home/user/.m2/repository/org/glassfish/jersey/containers/jersey-container-servlet-core/2.27/jersey-container-servlet-core-2.27.jar:/home/user/.m2/repository/org/glassfish/hk2/external/javax.inject/2.5.0-b42/javax.inject-2.5.0-b42.jar:/home/user/.m2/repository/org/glassfish/jersey/core/jersey-common/2.27/jersey-common-2.27.jar:/home/user/.m2/repository/org/glassfish/hk2/osgi-resource-locator/1.0.1/osgi-resource-locator-1.0.1.jar:/home/user/.m2/repository/javax/ws/rs/javax.ws.rs-api/2.1/javax.ws.rs-api-2.1.jar:/home/user/.m2/repository/org/glassfish/jersey/ext/cdi/jersey-cdi1x/2.27/jersey-cdi1x-2.27.jar:/home/user/.m2/repository/org/glassfish/jersey/inject/jersey-hk2/2.27/jersey-hk2-2.27.jar:/home/user/.m2/repository/org/glassfish/hk2/hk2-locator/2.5.0-b42/hk2-locator-2.5.0-b42.jar:/home/user/.m2/repository/org/javassist/javassist/3.22.0-CR2/javassist-3.22.0-CR2.jar:/home/user/.m2/repository/org/glassfish/hk2/hk2-api/2.5.0/hk2-api-2.5.0.jar:/home/user/.m2/repository/org/glassfish/hk2/external/jakarta.inject/2.5.0/jakarta.inject-2.5.0.jar:/home/user/.m2/repository/org/glassfish/hk2/hk2-utils/2.5.0/hk2-utils-2.5.0.jar:/home/user/.m2/repository/jakarta/annotation/jakarta.annotation-api/1.3.4/jakarta.annotation-api-1.3.4.jar:/home/user/.m2/repository/org/glassfish/hk2/external/aopalliance-repackaged/2.5.0/aopalliance-repackaged-2.5.0.jar:/home/user/.m2/repository/com/fasterxml/jackson/dataformat/jackson-dataformat-xml/2.9.0/jackson-dataformat-xml-2.9.0.jar:/home/user/.m2/repository/com/fasterxml/jackson/core/jackson-core/2.9.9/jackson-core-2.9.9.jar:/home/user/.m2/repository/com/fasterxml/jackson/module/jackson-module-jaxb-annotations/2.9.9/jackson-module-jaxb-annotations-2.9.9.jar:/home/user/.m2/repository/javax/enterprise/cdi-api/1.2/cdi-api-1.2.jar:/home/user/.m2/repository/javax/el/javax.el-api/3.0.0/javax.el-api-3.0.0.jar:/home/user/.m2/repository/javax/interceptor/javax.interceptor-api/1.2/javax.interceptor-api-1.2.jar:/home/user/.m2/repository/javax/inject/javax.inject/1/javax.inject-1.jar:/home/user/.m2/repository/com/sun/xml/bind/jaxb-impl/2.3.0.1/jaxb-impl-2.3.0.1.jar:/home/user/.m2/repository/com/sun/xml/bind/jaxb-core/2.3.0.1/jaxb-core-2.3.0.1.jar:/home/user/.m2/repository/javax/xml/bind/jaxb-api/2.3.0/jaxb-api-2.3.0.jar:/home/user/.m2/repository/javax/activation/activation/1.1.1/activation-1.1.1.jar:/home/user/.m2/repository/org/apache/hadoop/hadoop-ozone-csi/0.5.0-SNAPSHOT/hadoop-ozone-csi-0.5.0-SNAPSHOT.jar:/home/user/.m2/repository/com/google/protobuf/protobuf-java-util/3.5.1/protobuf-java-util-3.5.1.jar:/home/user/.m2/repository/org/apache/hadoop/hadoop-hdds-config/0.5.0-SNAPSHOT/hadoop-hdds-config-0.5.0-SNAPSHOT.jar:/home/user/.m2/repository/io/grpc/grpc-netty/1.17.1/grpc-netty-1.17.1.jar:/home/user/.m2/repository/io/grpc/grpc-core/1.17.1/grpc-core-1.17.1.jar:/home/user/.m2/repository/io/grpc/grpc-context/1.17.1/grpc-context-1.17.1.jar:/home/user/.m2/repository/com/google/errorprone/error_prone_annotations/2.2.0/error_prone_annotations-2.2.0.jar:/home/user/.m2/repository/org/codehaus/mojo/animal-sniffer-annotations/1.17/animal-sniffer-annotations-1.17.jar:/home/user/.m2/repository/io/opencensus/opencensus-api/0.17.0/opencensus-api-0.17.0.jar:/home/user/.m2/repository/io/opencensus/opencensus-contrib-grpc-metrics/0.17.0/opencensus-contrib-grpc-metrics-0.17.0.jar:/home/user/.m2/repository/io/netty/netty-codec-http2/4.1.30.Final/netty-codec-http2-4.1.30.Final.jar:/home/user/.m2/repository/io/netty/netty-codec-http/4.1.30.Final/netty-codec-http-4.1.30.Final.jar:/home/user/.m2/repository/io/netty/netty-codec/4.1.30.Final/netty-codec-4.1.30.Final.jar:/home/user/.m2/repository/io/netty/netty-handler/4.1.30.Final/netty-handler-4.1.30.Final.jar:/home/user/.m2/repository/io/netty/netty-handler-proxy/4.1.30.Final/netty-handler-proxy-4.1.30.Final.jar:/home/user/.m2/repository/io/netty/netty-codec-socks/4.1.30.Final/netty-codec-socks-4.1.30.Final.jar:/home/user/.m2/repository/io/netty/netty-transport-native-epoll/4.1.30.Final/netty-transport-native-epoll-4.1.30.Final.jar:/home/user/.m2/repository/io/netty/netty-common/4.1.30.Final/netty-common-4.1.30.Final.jar:/home/user/.m2/repository/io/netty/netty-buffer/4.1.30.Final/netty-buffer-4.1.30.Final.jar:/home/user/.m2/repository/io/netty/netty-transport/4.1.30.Final/netty-transport-4.1.30.Final.jar:/home/user/.m2/repository/io/netty/netty-resolver/4.1.30.Final/netty-resolver-4.1.30.Final.jar:/home/user/.m2/repository/io/netty/netty-transport-native-unix-common/4.1.30.Final/netty-transport-native-unix-common-4.1.30.Final.jar:/home/user/.m2/repository/io/grpc/grpc-protobuf/1.17.1/grpc-protobuf-1.17.1.jar:/home/user/.m2/repository/com/google/api/grpc/proto-google-common-protos/1.0.0/proto-google-common-protos-1.0.0.jar:/home/user/.m2/repository/io/grpc/grpc-protobuf-lite/1.17.1/grpc-protobuf-lite-1.17.1.jar:/home/user/.m2/repository/io/grpc/grpc-stub/1.17.1/grpc-stub-1.17.1.jar:/home/user/.m2/repository/org/apache/hadoop/hadoop-ozone-recon/0.5.0-SNAPSHOT/hadoop-ozone-recon-0.5.0-SNAPSHOT.jar:/home/user/.m2/repository/org/apache/hadoop/hadoop-ozone-reconcodegen/0.5.0-SNAPSHOT/hadoop-ozone-reconcodegen-0.5.0-SNAPSHOT.jar:/home/user/.m2/repository/com/google/inject/extensions/guice-multibindings/4.0/guice-multibindings-4.0.jar:/home/user/.m2/repository/com/google/inject/guice/4.0/guice-4.0.jar:/home/user/.m2/repository/aopalliance/aopalliance/1.0/aopalliance-1.0.jar:/home/user/.m2/repository/com/google/inject/extensions/guice-servlet/4.0/guice-servlet-4.0.jar:/home/user/.m2/repository/org/glassfish/jersey/containers/jersey-container-servlet/2.27/jersey-container-servlet-2.27.jar:/home/user/.m2/repository/org/glassfish/hk2/guice-bridge/2.5.0/guice-bridge-2.5.0.jar:/home/user/.m2/repository/org/glassfish/jersey/core/jersey-server/2.27/jersey-server-2.27.jar:/home/user/.m2/repository/org/glassfish/jersey/core/jersey-client/2.27/jersey-client-2.27.jar:/home/user/.m2/repository/org/glassfish/jersey/media/jersey-media-jaxb/2.27/jersey-media-jaxb-2.27.jar:/home/user/.m2/repository/javax/validation/validation-api/1.1.0.Final/validation-api-1.1.0.Final.jar:/home/user/.m2/repository/org/glassfish/jersey/media/jersey-media-json-jackson/2.27/jersey-media-json-jackson-2.27.jar:/home/user/.m2/repository/org/glassfish/jersey/ext/jersey-entity-filtering/2.27/jersey-entity-filtering-2.27.jar:/home/user/.m2/repository/com/google/inject/extensions/guice-assistedinject/4.0/guice-assistedinject-4.0.jar:/home/user/.m2/repository/org/jooq/jooq/3.11.10/jooq-3.11.10.jar:/home/user/.m2/repository/org/jooq/jooq-meta/3.11.10/jooq-meta-3.11.10.jar:/home/user/.m2/repository/org/jooq/jooq-codegen/3.11.10/jooq-codegen-3.11.10.jar:/home/user/.m2/repository/com/jolbox/bonecp/0.8.0.RELEASE/bonecp-0.8.0.RELEASE.jar:/home/user/.m2/repository/org/xerial/sqlite-jdbc/3.25.2/sqlite-jdbc-3.25.2.jar:/home/user/.m2/repository/org/springframework/spring-jdbc/5.1.3.RELEASE/spring-jdbc-5.1.3.RELEASE.jar:/home/user/.m2/repository/org/springframework/spring-beans/5.1.3.RELEASE/spring-beans-5.1.3.RELEASE.jar:/home/user/.m2/repository/org/springframework/spring-core/5.1.3.RELEASE/spring-core-5.1.3.RELEASE.jar:/home/user/.m2/repository/org/springframework/spring-jcl/5.1.3.RELEASE/spring-jcl-5.1.3.RELEASE.jar:/home/user/.m2/repository/org/springframework/spring-tx/5.1.3.RELEASE/spring-tx-5.1.3.RELEASE.jar:/home/user/.m2/repository/org/apache/hadoop/hadoop-ozone-client/0.5.0-SNAPSHOT/hadoop-ozone-client-0.5.0-SNAPSHOT.jar:/home/user/.m2/repository/commons-lang/commons-lang/2.6/commons-lang-2.6.jar:/home/user/.m2/repository/org/apache/hadoop/hadoop-ozone-ozone-manager/0.5.0-SNAPSHOT/hadoop-ozone-ozone-manager-0.5.0-SNAPSHOT-tests.jar:/home/user/.m2/repository/junit/junit/4.11/junit-4.11.jar:/home/user/.m2/repository/org/hamcrest/hamcrest-core/1.3/hamcrest-core-1.3.jar:/home/user/.m2/repository/org/openjdk/jmh/jmh-core/1.19/jmh-core-1.19.jar:/home/user/.m2/repository/net/sf/jopt-simple/jopt-simple/4.6/jopt-simple-4.6.jar:/home/user/.m2/repository/org/apache/commons/commons-math3/3.1.1/commons-math3-3.1.1.jar:/home/user/.m2/repository/org/openjdk/jmh/jmh-generator-annprocess/1.19/jmh-generator-annprocess-1.19.jar:/home/user/.m2/repository/org/mockito/mockito-all/1.8.5/mockito-all-1.8.5.jar:/home/user/.m2/repository/org/apache/hadoop/hadoop-kms/3.2.0/hadoop-kms-3.2.0.jar:/home/user/.m2/repository/org/apache/hadoop/hadoop-auth/3.2.0/hadoop-auth-3.2.0.jar:/home/user/.m2/repository/com/nimbusds/nimbus-jose-jwt/4.41.1/nimbus-jose-jwt-4.41.1.jar:/home/user/.m2/repository/com/github/stephenc/jcip/jcip-annotations/1.0-1/jcip-annotations-1.0-1.jar:/home/user/.m2/repository/net/minidev/json-smart/2.3/json-smart-2.3.jar:/home/user/.m2/repository/net/minidev/accessors-smart/1.2/accessors-smart-1.2.jar:/home/user/.m2/repository/org/ow2/asm/asm/5.0.4/asm-5.0.4.jar:/home/user/.m2/repository/org/apache/curator/curator-framework/2.12.0/curator-framework-2.12.0.jar:/home/user/.m2/repository/com/sun/jersey/jersey-core/1.19/jersey-core-1.19.jar:/home/user/.m2/repository/javax/ws/rs/jsr311-api/1.1.1/jsr311-api-1.1.1.jar:/home/user/.m2/repository/com/sun/jersey/jersey-server/1.19/jersey-server-1.19.jar:/home/user/.m2/repository/javax/servlet/javax.servlet-api/3.1.0/javax.servlet-api-3.1.0.jar:/home/user/.m2/repository/org/eclipse/jetty/jetty-server/9.3.25.v20180904/jetty-server-9.3.25.v20180904.jar:/home/user/.m2/repository/org/eclipse/jetty/jetty-http/9.3.25.v20180904/jetty-http-9.3.25.v20180904.jar:/home/user/.m2/repository/org/eclipse/jetty/jetty-io/9.3.25.v20180904/jetty-io-9.3.25.v20180904.jar:/home/user/.m2/repository/org/eclipse/jetty/jetty-webapp/9.3.25.v20180904/jetty-webapp-9.3.25.v20180904.jar:/home/user/.m2/repository/org/eclipse/jetty/jetty-xml/9.3.25.v20180904/jetty-xml-9.3.25.v20180904.jar:/home/user/.m2/repository/log4j/log4j/1.2.17/log4j-1.2.17.jar:/home/user/.m2/repository/org/slf4j/slf4j-api/1.7.25/slf4j-api-1.7.25.jar:/home/user/.m2/repository/org/slf4j/jul-to-slf4j/1.7.25/jul-to-slf4j-1.7.25.jar:/home/user/.m2/repository/org/eclipse/jetty/jetty-util/9.3.25.v20180904/jetty-util-9.3.25.v20180904.jar:/home/user/.m2/repository/com/fasterxml/jackson/core/jackson-databind/2.9.9/jackson-databind-2.9.9.jar:/home/user/.m2/repository/org/apache/hadoop/hadoop-kms/3.2.0/hadoop-kms-3.2.0-tests.jar:/home/user/.m2/repository/org/apache/hadoop/hadoop-hdds-server-scm/0.5.0-SNAPSHOT/hadoop-hdds-server-scm-0.5.0-SNAPSHOT-tests.jar:/home/user/.m2/repository/org/apache/hadoop/hadoop-hdds-container-service/0.5.0-SNAPSHOT/hadoop-hdds-container-service-0.5.0-SNAPSHOT-tests.jar:/home/user/.m2/repository/org/yaml/snakeyaml/1.16/snakeyaml-1.16.jar:/home/user/.m2/repository/org/apache/hadoop/hadoop-common/3.2.0/hadoop-common-3.2.0-tests.jar:/home/user/.m2/repository/org/apache/hadoop/hadoop-annotations/3.2.0/hadoop-annotations-3.2.0.jar:/usr/lib/jvm/java-1.8-openjdk/jre/../lib/tools.jar:/home/user/.m2/repository/commons-cli/commons-cli/1.2/commons-cli-1.2.jar:/home/user/.m2/repository/org/apache/httpcomponents/httpclient/4.5.2/httpclient-4.5.2.jar:/home/user/.m2/repository/org/apache/httpcomponents/httpcore/4.4.4/httpcore-4.4.4.jar:/home/user/.m2/repository/commons-codec/commons-codec/1.11/commons-codec-1.11.jar:/home/user/.m2/repository/commons-net/commons-net/3.6/commons-net-3.6.jar:/home/user/.m2/repository/commons-collections/commons-collections/3.2.2/commons-collections-3.2.2.jar:/home/user/.m2/repository/org/eclipse/jetty/jetty-servlet/9.3.25.v20180904/jetty-servlet-9.3.25.v20180904.jar:/home/user/.m2/repository/org/eclipse/jetty/jetty-security/9.3.25.v20180904/jetty-security-9.3.25.v20180904.jar:/home/user/.m2/repository/javax/servlet/jsp/jsp-api/2.1/jsp-api-2.1.jar:/home/user/.m2/repository/com/sun/jersey/jersey-servlet/1.19/jersey-servlet-1.19.jar:/home/user/.m2/repository/com/sun/jersey/jersey-json/1.19/jersey-json-1.19.jar:/home/user/.m2/repository/org/codehaus/jettison/jettison/1.1/jettison-1.1.jar:/home/user/.m2/repository/org/codehaus/jackson/jackson-core-asl/1.9.13/jackson-core-asl-1.9.13.jar:/home/user/.m2/repository/org/codehaus/jackson/jackson-mapper-asl/1.9.13/jackson-mapper-asl-1.9.13.jar:/home/user/.m2/repository/org/codehaus/jackson/jackson-jaxrs/1.9.13/jackson-jaxrs-1.9.13.jar:/home/user/.m2/repository/org/codehaus/jackson/jackson-xc/1.9.13/jackson-xc-1.9.13.jar:/home/user/.m2/repository/commons-logging/commons-logging/1.1.3/commons-logging-1.1.3.jar:/home/user/.m2/repository/commons-beanutils/commons-beanutils/1.9.4/commons-beanutils-1.9.4.jar:/home/user/.m2/repository/org/apache/commons/commons-configuration2/2.1.1/commons-configuration2-2.1.1.jar:/home/user/.m2/repository/org/apache/commons/commons-lang3/3.7/commons-lang3-3.7.jar:/home/user/.m2/repository/org/apache/commons/commons-text/1.4/commons-text-1.4.jar:/home/user/.m2/repository/org/apache/avro/avro/1.7.7/avro-1.7.7.jar:/home/user/.m2/repository/com/thoughtworks/paranamer/paranamer/2.3/paranamer-2.3.jar:/home/user/.m2/repository/org/xerial/snappy/snappy-java/1.0.5/snappy-java-1.0.5.jar:/home/user/.m2/repository/com/google/re2j/re2j/1.1/re2j-1.1.jar:/home/user/.m2/repository/com/google/code/gson/gson/2.2.4/gson-2.2.4.jar:/home/user/.m2/repository/com/jcraft/jsch/0.1.54/jsch-0.1.54.jar:/home/user/.m2/repository/org/apache/curator/curator-client/2.12.0/curator-client-2.12.0.jar:/home/user/.m2/repository/org/apache/curator/curator-recipes/2.12.0/curator-recipes-2.12.0.jar:/home/user/.m2/repository/com/google/code/findbugs/jsr305/3.0.0/jsr305-3.0.0.jar:/home/user/.m2/repository/org/apache/htrace/htrace-core4/4.1.0-incubating/htrace-core4-4.1.0-incubating.jar:/home/user/.m2/repository/org/apache/zookeeper/zookeeper/3.4.13/zookeeper-3.4.13.jar:/home/user/.m2/repository/jline/jline/0.9.94/jline-0.9.94.jar:/home/user/.m2/repository/org/apache/yetus/audience-annotations/0.5.0/audience-annotations-0.5.0.jar:/home/user/.m2/repository/org/codehaus/woodstox/stax2-api/3.1.4/stax2-api-3.1.4.jar:/home/user/.m2/repository/com/fasterxml/woodstox/woodstox-core/5.0.3/woodstox-core-5.0.3.jar:/home/user/.m2/repository/dnsjava/dnsjava/2.1.7/dnsjava-2.1.7.jar:/home/user/.m2/repository/org/apache/hadoop/hadoop-hdfs/3.2.0/hadoop-hdfs-3.2.0-tests.jar:/home/user/.m2/repository/org/eclipse/jetty/jetty-util-ajax/9.3.25.v20180904/jetty-util-ajax-9.3.25.v20180904.jar:/home/user/.m2/repository/commons-daemon/commons-daemon/1.0.13/commons-daemon-1.0.13.jar:/home/user/.m2/repository/io/netty/netty/3.10.5.Final/netty-3.10.5.Final.jar:/home/user/.m2/repository/io/netty/netty-all/4.0.52.Final/netty-all-4.0.52.Final.jar:/home/user/.m2/repository/org/fusesource/leveldbjni/leveldbjni-all/1.8/leveldbjni-all-1.8.jar:"/>
    <property name="java.vm.vendor" value="IcedTea"/>
    <property name="sun.arch.data.model" value="64"/>
    <property name="test.build.dir" value="/workdir/hadoop-ozone/integration-test/target/test-dir"/>
    <property name="test.cache.data" value=""/>
    <property name="java.vendor.url" value="https://icedtea.classpath.org"/>
    <property name="user.timezone" value=""/>
    <property name="java.vm.specification.version" value="1.8"/>
    <property name="os.name" value="Linux"/>
    <property name="test.build.data" value="/workdir/hadoop-ozone/integration-test/target/test-dir"/>
    <property name="user.country" value="US"/>
    <property name="sun.java.launcher" value="SUN_STANDARD"/>
    <property name="sun.boot.library.path" value="/usr/lib/jvm/java-1.8-openjdk/jre/lib/amd64"/>
    <property name="sun.java.command" value="/workdir/hadoop-ozone/integration-test/target/surefire/surefirebooter1477025396888810910.jar /workdir/hadoop-ozone/integration-test/target/surefire 2019-10-02T19-32-03_695-jvmRun1 surefire2847705651493201968tmp surefire_327048177197947863922tmp"/>
    <property name="test" value="!TestMiniChaosOzoneCluster"/>
    <property name="surefire.test.class.path" value="/workdir/hadoop-ozone/integration-test/target/test-classes:/workdir/hadoop-ozone/integration-test/target/classes:/home/user/.m2/repository/org/apache/hadoop/hadoop-ozone-common/0.5.0-SNAPSHOT/hadoop-ozone-common-0.5.0-SNAPSHOT.jar:/home/user/.m2/repository/org/apache/commons/commons-compress/1.4.1/commons-compress-1.4.1.jar:/home/user/.m2/repository/org/tukaani/xz/1.0/xz-1.0.jar:/home/user/.m2/repository/org/apache/hadoop/hadoop-common/3.2.0/hadoop-common-3.2.0.jar:/home/user/.m2/repository/org/apache/hadoop/hadoop-hdfs/3.2.0/hadoop-hdfs-3.2.0.jar:/home/user/.m2/repository/org/apache/hadoop/hadoop-hdfs-client/3.2.0/hadoop-hdfs-client-3.2.0.jar:/home/user/.m2/repository/com/fasterxml/jackson/core/jackson-annotations/2.9.9/jackson-annotations-2.9.9.jar:/home/user/.m2/repository/org/apache/hadoop/hadoop-hdds-common/0.5.0-SNAPSHOT/hadoop-hdds-common-0.5.0-SNAPSHOT.jar:/home/user/.m2/repository/javax/annotation/javax.annotation-api/1.2/javax.annotation-api-1.2.jar:/home/user/.m2/repository/org/apache/ratis/ratis-server/0.5.0-201fc85-SNAPSHOT/ratis-server-0.5.0-201fc85-SNAPSHOT.jar:/home/user/.m2/repository/org/apache/ratis/ratis-thirdparty-misc/0.2.0/ratis-thirdparty-misc-0.2.0.jar:/home/user/.m2/repository/org/apache/ratis/ratis-proto/0.5.0-201fc85-SNAPSHOT/ratis-proto-0.5.0-201fc85-SNAPSHOT.jar:/home/user/.m2/repository/org/apache/ratis/ratis-common/0.5.0-201fc85-SNAPSHOT/ratis-common-0.5.0-201fc85-SNAPSHOT.jar:/home/user/.m2/repository/org/apache/ratis/ratis-client/0.5.0-201fc85-SNAPSHOT/ratis-client-0.5.0-201fc85-SNAPSHOT.jar:/home/user/.m2/repository/org/apache/ratis/ratis-metrics/0.5.0-201fc85-SNAPSHOT/ratis-metrics-0.5.0-201fc85-SNAPSHOT.jar:/home/user/.m2/repository/com/github/joshelser/dropwizard-metrics-hadoop-metrics2-reporter/0.1.2/dropwizard-metrics-hadoop-metrics2-reporter-0.1.2.jar:/home/user/.m2/repository/io/dropwizard/metrics/metrics-jvm/3.2.5/metrics-jvm-3.2.5.jar:/home/user/.m2/repository/io/dropwizard/metrics/metrics-ganglia/3.2.5/metrics-ganglia-3.2.5.jar:/home/user/.m2/repository/info/ganglia/gmetric4j/gmetric4j/1.0.7/gmetric4j-1.0.7.jar:/home/user/.m2/repository/org/apache/ratis/ratis-netty/0.5.0-201fc85-SNAPSHOT/ratis-netty-0.5.0-201fc85-SNAPSHOT.jar:/home/user/.m2/repository/org/apache/ratis/ratis-grpc/0.5.0-201fc85-SNAPSHOT/ratis-grpc-0.5.0-201fc85-SNAPSHOT.jar:/home/user/.m2/repository/org/rocksdb/rocksdbjni/6.0.1/rocksdbjni-6.0.1.jar:/home/user/.m2/repository/org/apache/logging/log4j/log4j-api/2.11.0/log4j-api-2.11.0.jar:/home/user/.m2/repository/org/apache/logging/log4j/log4j-core/2.11.0/log4j-core-2.11.0.jar:/home/user/.m2/repository/com/lmax/disruptor/3.4.2/disruptor-3.4.2.jar:/home/user/.m2/repository/org/apache/commons/commons-pool2/2.6.0/commons-pool2-2.6.0.jar:/home/user/.m2/repository/org/bouncycastle/bcpkix-jdk15on/1.60/bcpkix-jdk15on-1.60.jar:/home/user/.m2/repository/commons-validator/commons-validator/1.6/commons-validator-1.6.jar:/home/user/.m2/repository/commons-digester/commons-digester/1.8.1/commons-digester-1.8.1.jar:/home/user/.m2/repository/io/jaegertracing/jaeger-client/0.34.0/jaeger-client-0.34.0.jar:/home/user/.m2/repository/io/jaegertracing/jaeger-thrift/0.34.0/jaeger-thrift-0.34.0.jar:/home/user/.m2/repository/org/apache/thrift/libthrift/0.12.0/libthrift-0.12.0.jar:/home/user/.m2/repository/com/squareup/okhttp3/okhttp/3.9.0/okhttp-3.9.0.jar:/home/user/.m2/repository/com/squareup/okio/okio/1.13.0/okio-1.13.0.jar:/home/user/.m2/repository/io/jaegertracing/jaeger-core/0.34.0/jaeger-core-0.34.0.jar:/home/user/.m2/repository/io/jaegertracing/jaeger-tracerresolver/0.34.0/jaeger-tracerresolver-0.34.0.jar:/home/user/.m2/repository/io/opentracing/contrib/opentracing-tracerresolver/0.1.5/opentracing-tracerresolver-0.1.5.jar:/home/user/.m2/repository/io/opentracing/opentracing-util/0.31.0/opentracing-util-0.31.0.jar:/home/user/.m2/repository/io/opentracing/opentracing-api/0.31.0/opentracing-api-0.31.0.jar:/home/user/.m2/repository/io/opentracing/opentracing-noop/0.31.0/opentracing-noop-0.31.0.jar:/home/user/.m2/repository/org/apache/hadoop/hadoop-hdds-server-framework/0.5.0-SNAPSHOT/hadoop-hdds-server-framework-0.5.0-SNAPSHOT.jar:/home/user/.m2/repository/org/apache/hadoop/hadoop-hdds-container-service/0.5.0-SNAPSHOT/hadoop-hdds-container-service-0.5.0-SNAPSHOT.jar:/home/user/.m2/repository/org/apache/hadoop/hadoop-hdds-client/0.5.0-SNAPSHOT/hadoop-hdds-client-0.5.0-SNAPSHOT.jar:/home/user/.m2/repository/org/apache/hadoop/hadoop-hdds-tools/0.5.0-SNAPSHOT/hadoop-hdds-tools-0.5.0-SNAPSHOT.jar:/home/user/.m2/repository/org/apache/hadoop/hadoop-hdds-server-scm/0.5.0-SNAPSHOT/hadoop-hdds-server-scm-0.5.0-SNAPSHOT.jar:/home/user/.m2/repository/org/apache/hadoop/hadoop-hdds-docs/0.5.0-SNAPSHOT/hadoop-hdds-docs-0.5.0-SNAPSHOT.jar:/home/user/.m2/repository/io/dropwizard/metrics/metrics-core/3.2.4/metrics-core-3.2.4.jar:/home/user/.m2/repository/org/hamcrest/hamcrest-all/1.3/hamcrest-all-1.3.jar:/home/user/.m2/repository/org/bouncycastle/bcprov-jdk15on/1.60/bcprov-jdk15on-1.60.jar:/home/user/.m2/repository/info/picocli/picocli/3.9.6/picocli-3.9.6.jar:/home/user/.m2/repository/com/google/protobuf/protobuf-java/2.5.0/protobuf-java-2.5.0.jar:/home/user/.m2/repository/com/google/guava/guava/11.0.2/guava-11.0.2.jar:/home/user/.m2/repository/org/apache/hadoop/hadoop-ozone-ozone-manager/0.5.0-SNAPSHOT/hadoop-ozone-ozone-manager-0.5.0-SNAPSHOT.jar:/home/user/.m2/repository/org/apache/hadoop/hadoop-minikdc/3.2.0/hadoop-minikdc-3.2.0.jar:/home/user/.m2/repository/commons-io/commons-io/2.5/commons-io-2.5.jar:/home/user/.m2/repository/org/apache/kerby/kerb-simplekdc/1.0.1/kerb-simplekdc-1.0.1.jar:/home/user/.m2/repository/org/apache/kerby/kerb-client/1.0.1/kerb-client-1.0.1.jar:/home/user/.m2/repository/org/apache/kerby/kerby-config/1.0.1/kerby-config-1.0.1.jar:/home/user/.m2/repository/org/apache/kerby/kerb-core/1.0.1/kerb-core-1.0.1.jar:/home/user/.m2/repository/org/apache/kerby/kerby-pkix/1.0.1/kerby-pkix-1.0.1.jar:/home/user/.m2/repository/org/apache/kerby/kerby-asn1/1.0.1/kerby-asn1-1.0.1.jar:/home/user/.m2/repository/org/apache/kerby/kerby-util/1.0.1/kerby-util-1.0.1.jar:/home/user/.m2/repository/org/apache/kerby/kerb-common/1.0.1/kerb-common-1.0.1.jar:/home/user/.m2/repository/org/apache/kerby/kerb-crypto/1.0.1/kerb-crypto-1.0.1.jar:/home/user/.m2/repository/org/apache/kerby/kerb-util/1.0.1/kerb-util-1.0.1.jar:/home/user/.m2/repository/org/apache/kerby/token-provider/1.0.1/token-provider-1.0.1.jar:/home/user/.m2/repository/org/apache/kerby/kerb-admin/1.0.1/kerb-admin-1.0.1.jar:/home/user/.m2/repository/org/apache/kerby/kerb-server/1.0.1/kerb-server-1.0.1.jar:/home/user/.m2/repository/org/apache/kerby/kerb-identity/1.0.1/kerb-identity-1.0.1.jar:/home/user/.m2/repository/org/apache/kerby/kerby-xdr/1.0.1/kerby-xdr-1.0.1.jar:/home/user/.m2/repository/org/slf4j/slf4j-log4j12/1.7.25/slf4j-log4j12-1.7.25.jar:/home/user/.m2/repository/org/apache/hadoop/hadoop-ozone-s3gateway/0.5.0-SNAPSHOT/hadoop-ozone-s3gateway-0.5.0-SNAPSHOT.jar:/home/user/.m2/repository/org/jboss/weld/servlet/weld-servlet/2.4.7.Final/weld-servlet-2.4.7.Final.jar:/home/user/.m2/repository/org/glassfish/jersey/containers/jersey-container-servlet-core/2.27/jersey-container-servlet-core-2.27.jar:/home/user/.m2/repository/org/glassfish/hk2/external/javax.inject/2.5.0-b42/javax.inject-2.5.0-b42.jar:/home/user/.m2/repository/org/glassfish/jersey/core/jersey-common/2.27/jersey-common-2.27.jar:/home/user/.m2/repository/org/glassfish/hk2/osgi-resource-locator/1.0.1/osgi-resource-locator-1.0.1.jar:/home/user/.m2/repository/javax/ws/rs/javax.ws.rs-api/2.1/javax.ws.rs-api-2.1.jar:/home/user/.m2/repository/org/glassfish/jersey/ext/cdi/jersey-cdi1x/2.27/jersey-cdi1x-2.27.jar:/home/user/.m2/repository/org/glassfish/jersey/inject/jersey-hk2/2.27/jersey-hk2-2.27.jar:/home/user/.m2/repository/org/glassfish/hk2/hk2-locator/2.5.0-b42/hk2-locator-2.5.0-b42.jar:/home/user/.m2/repository/org/javassist/javassist/3.22.0-CR2/javassist-3.22.0-CR2.jar:/home/user/.m2/repository/org/glassfish/hk2/hk2-api/2.5.0/hk2-api-2.5.0.jar:/home/user/.m2/repository/org/glassfish/hk2/external/jakarta.inject/2.5.0/jakarta.inject-2.5.0.jar:/home/user/.m2/repository/org/glassfish/hk2/hk2-utils/2.5.0/hk2-utils-2.5.0.jar:/home/user/.m2/repository/jakarta/annotation/jakarta.annotation-api/1.3.4/jakarta.annotation-api-1.3.4.jar:/home/user/.m2/repository/org/glassfish/hk2/external/aopalliance-repackaged/2.5.0/aopalliance-repackaged-2.5.0.jar:/home/user/.m2/repository/com/fasterxml/jackson/dataformat/jackson-dataformat-xml/2.9.0/jackson-dataformat-xml-2.9.0.jar:/home/user/.m2/repository/com/fasterxml/jackson/core/jackson-core/2.9.9/jackson-core-2.9.9.jar:/home/user/.m2/repository/com/fasterxml/jackson/module/jackson-module-jaxb-annotations/2.9.9/jackson-module-jaxb-annotations-2.9.9.jar:/home/user/.m2/repository/javax/enterprise/cdi-api/1.2/cdi-api-1.2.jar:/home/user/.m2/repository/javax/el/javax.el-api/3.0.0/javax.el-api-3.0.0.jar:/home/user/.m2/repository/javax/interceptor/javax.interceptor-api/1.2/javax.interceptor-api-1.2.jar:/home/user/.m2/repository/javax/inject/javax.inject/1/javax.inject-1.jar:/home/user/.m2/repository/com/sun/xml/bind/jaxb-impl/2.3.0.1/jaxb-impl-2.3.0.1.jar:/home/user/.m2/repository/com/sun/xml/bind/jaxb-core/2.3.0.1/jaxb-core-2.3.0.1.jar:/home/user/.m2/repository/javax/xml/bind/jaxb-api/2.3.0/jaxb-api-2.3.0.jar:/home/user/.m2/repository/javax/activation/activation/1.1.1/activation-1.1.1.jar:/home/user/.m2/repository/org/apache/hadoop/hadoop-ozone-csi/0.5.0-SNAPSHOT/hadoop-ozone-csi-0.5.0-SNAPSHOT.jar:/home/user/.m2/repository/com/google/protobuf/protobuf-java-util/3.5.1/protobuf-java-util-3.5.1.jar:/home/user/.m2/repository/org/apache/hadoop/hadoop-hdds-config/0.5.0-SNAPSHOT/hadoop-hdds-config-0.5.0-SNAPSHOT.jar:/home/user/.m2/repository/io/grpc/grpc-netty/1.17.1/grpc-netty-1.17.1.jar:/home/user/.m2/repository/io/grpc/grpc-core/1.17.1/grpc-core-1.17.1.jar:/home/user/.m2/repository/io/grpc/grpc-context/1.17.1/grpc-context-1.17.1.jar:/home/user/.m2/repository/com/google/errorprone/error_prone_annotations/2.2.0/error_prone_annotations-2.2.0.jar:/home/user/.m2/repository/org/codehaus/mojo/animal-sniffer-annotations/1.17/animal-sniffer-annotations-1.17.jar:/home/user/.m2/repository/io/opencensus/opencensus-api/0.17.0/opencensus-api-0.17.0.jar:/home/user/.m2/repository/io/opencensus/opencensus-contrib-grpc-metrics/0.17.0/opencensus-contrib-grpc-metrics-0.17.0.jar:/home/user/.m2/repository/io/netty/netty-codec-http2/4.1.30.Final/netty-codec-http2-4.1.30.Final.jar:/home/user/.m2/repository/io/netty/netty-codec-http/4.1.30.Final/netty-codec-http-4.1.30.Final.jar:/home/user/.m2/repository/io/netty/netty-codec/4.1.30.Final/netty-codec-4.1.30.Final.jar:/home/user/.m2/repository/io/netty/netty-handler/4.1.30.Final/netty-handler-4.1.30.Final.jar:/home/user/.m2/repository/io/netty/netty-handler-proxy/4.1.30.Final/netty-handler-proxy-4.1.30.Final.jar:/home/user/.m2/repository/io/netty/netty-codec-socks/4.1.30.Final/netty-codec-socks-4.1.30.Final.jar:/home/user/.m2/repository/io/netty/netty-transport-native-epoll/4.1.30.Final/netty-transport-native-epoll-4.1.30.Final.jar:/home/user/.m2/repository/io/netty/netty-common/4.1.30.Final/netty-common-4.1.30.Final.jar:/home/user/.m2/repository/io/netty/netty-buffer/4.1.30.Final/netty-buffer-4.1.30.Final.jar:/home/user/.m2/repository/io/netty/netty-transport/4.1.30.Final/netty-transport-4.1.30.Final.jar:/home/user/.m2/repository/io/netty/netty-resolver/4.1.30.Final/netty-resolver-4.1.30.Final.jar:/home/user/.m2/repository/io/netty/netty-transport-native-unix-common/4.1.30.Final/netty-transport-native-unix-common-4.1.30.Final.jar:/home/user/.m2/repository/io/grpc/grpc-protobuf/1.17.1/grpc-protobuf-1.17.1.jar:/home/user/.m2/repository/com/google/api/grpc/proto-google-common-protos/1.0.0/proto-google-common-protos-1.0.0.jar:/home/user/.m2/repository/io/grpc/grpc-protobuf-lite/1.17.1/grpc-protobuf-lite-1.17.1.jar:/home/user/.m2/repository/io/grpc/grpc-stub/1.17.1/grpc-stub-1.17.1.jar:/home/user/.m2/repository/org/apache/hadoop/hadoop-ozone-recon/0.5.0-SNAPSHOT/hadoop-ozone-recon-0.5.0-SNAPSHOT.jar:/home/user/.m2/repository/org/apache/hadoop/hadoop-ozone-reconcodegen/0.5.0-SNAPSHOT/hadoop-ozone-reconcodegen-0.5.0-SNAPSHOT.jar:/home/user/.m2/repository/com/google/inject/extensions/guice-multibindings/4.0/guice-multibindings-4.0.jar:/home/user/.m2/repository/com/google/inject/guice/4.0/guice-4.0.jar:/home/user/.m2/repository/aopalliance/aopalliance/1.0/aopalliance-1.0.jar:/home/user/.m2/repository/com/google/inject/extensions/guice-servlet/4.0/guice-servlet-4.0.jar:/home/user/.m2/repository/org/glassfish/jersey/containers/jersey-container-servlet/2.27/jersey-container-servlet-2.27.jar:/home/user/.m2/repository/org/glassfish/hk2/guice-bridge/2.5.0/guice-bridge-2.5.0.jar:/home/user/.m2/repository/org/glassfish/jersey/core/jersey-server/2.27/jersey-server-2.27.jar:/home/user/.m2/repository/org/glassfish/jersey/core/jersey-client/2.27/jersey-client-2.27.jar:/home/user/.m2/repository/org/glassfish/jersey/media/jersey-media-jaxb/2.27/jersey-media-jaxb-2.27.jar:/home/user/.m2/repository/javax/validation/validation-api/1.1.0.Final/validation-api-1.1.0.Final.jar:/home/user/.m2/repository/org/glassfish/jersey/media/jersey-media-json-jackson/2.27/jersey-media-json-jackson-2.27.jar:/home/user/.m2/repository/org/glassfish/jersey/ext/jersey-entity-filtering/2.27/jersey-entity-filtering-2.27.jar:/home/user/.m2/repository/com/google/inject/extensions/guice-assistedinject/4.0/guice-assistedinject-4.0.jar:/home/user/.m2/repository/org/jooq/jooq/3.11.10/jooq-3.11.10.jar:/home/user/.m2/repository/org/jooq/jooq-meta/3.11.10/jooq-meta-3.11.10.jar:/home/user/.m2/repository/org/jooq/jooq-codegen/3.11.10/jooq-codegen-3.11.10.jar:/home/user/.m2/repository/com/jolbox/bonecp/0.8.0.RELEASE/bonecp-0.8.0.RELEASE.jar:/home/user/.m2/repository/org/xerial/sqlite-jdbc/3.25.2/sqlite-jdbc-3.25.2.jar:/home/user/.m2/repository/org/springframework/spring-jdbc/5.1.3.RELEASE/spring-jdbc-5.1.3.RELEASE.jar:/home/user/.m2/repository/org/springframework/spring-beans/5.1.3.RELEASE/spring-beans-5.1.3.RELEASE.jar:/home/user/.m2/repository/org/springframework/spring-core/5.1.3.RELEASE/spring-core-5.1.3.RELEASE.jar:/home/user/.m2/repository/org/springframework/spring-jcl/5.1.3.RELEASE/spring-jcl-5.1.3.RELEASE.jar:/home/user/.m2/repository/org/springframework/spring-tx/5.1.3.RELEASE/spring-tx-5.1.3.RELEASE.jar:/home/user/.m2/repository/org/apache/hadoop/hadoop-ozone-client/0.5.0-SNAPSHOT/hadoop-ozone-client-0.5.0-SNAPSHOT.jar:/home/user/.m2/repository/commons-lang/commons-lang/2.6/commons-lang-2.6.jar:/home/user/.m2/repository/org/apache/hadoop/hadoop-ozone-ozone-manager/0.5.0-SNAPSHOT/hadoop-ozone-ozone-manager-0.5.0-SNAPSHOT-tests.jar:/home/user/.m2/repository/junit/junit/4.11/junit-4.11.jar:/home/user/.m2/repository/org/hamcrest/hamcrest-core/1.3/hamcrest-core-1.3.jar:/home/user/.m2/repository/org/openjdk/jmh/jmh-core/1.19/jmh-core-1.19.jar:/home/user/.m2/repository/net/sf/jopt-simple/jopt-simple/4.6/jopt-simple-4.6.jar:/home/user/.m2/repository/org/apache/commons/commons-math3/3.1.1/commons-math3-3.1.1.jar:/home/user/.m2/repository/org/openjdk/jmh/jmh-generator-annprocess/1.19/jmh-generator-annprocess-1.19.jar:/home/user/.m2/repository/org/mockito/mockito-all/1.8.5/mockito-all-1.8.5.jar:/home/user/.m2/repository/org/apache/hadoop/hadoop-kms/3.2.0/hadoop-kms-3.2.0.jar:/home/user/.m2/repository/org/apache/hadoop/hadoop-auth/3.2.0/hadoop-auth-3.2.0.jar:/home/user/.m2/repository/com/nimbusds/nimbus-jose-jwt/4.41.1/nimbus-jose-jwt-4.41.1.jar:/home/user/.m2/repository/com/github/stephenc/jcip/jcip-annotations/1.0-1/jcip-annotations-1.0-1.jar:/home/user/.m2/repository/net/minidev/json-smart/2.3/json-smart-2.3.jar:/home/user/.m2/repository/net/minidev/accessors-smart/1.2/accessors-smart-1.2.jar:/home/user/.m2/repository/org/ow2/asm/asm/5.0.4/asm-5.0.4.jar:/home/user/.m2/repository/org/apache/curator/curator-framework/2.12.0/curator-framework-2.12.0.jar:/home/user/.m2/repository/com/sun/jersey/jersey-core/1.19/jersey-core-1.19.jar:/home/user/.m2/repository/javax/ws/rs/jsr311-api/1.1.1/jsr311-api-1.1.1.jar:/home/user/.m2/repository/com/sun/jersey/jersey-server/1.19/jersey-server-1.19.jar:/home/user/.m2/repository/javax/servlet/javax.servlet-api/3.1.0/javax.servlet-api-3.1.0.jar:/home/user/.m2/repository/org/eclipse/jetty/jetty-server/9.3.25.v20180904/jetty-server-9.3.25.v20180904.jar:/home/user/.m2/repository/org/eclipse/jetty/jetty-http/9.3.25.v20180904/jetty-http-9.3.25.v20180904.jar:/home/user/.m2/repository/org/eclipse/jetty/jetty-io/9.3.25.v20180904/jetty-io-9.3.25.v20180904.jar:/home/user/.m2/repository/org/eclipse/jetty/jetty-webapp/9.3.25.v20180904/jetty-webapp-9.3.25.v20180904.jar:/home/user/.m2/repository/org/eclipse/jetty/jetty-xml/9.3.25.v20180904/jetty-xml-9.3.25.v20180904.jar:/home/user/.m2/repository/log4j/log4j/1.2.17/log4j-1.2.17.jar:/home/user/.m2/repository/org/slf4j/slf4j-api/1.7.25/slf4j-api-1.7.25.jar:/home/user/.m2/repository/org/slf4j/jul-to-slf4j/1.7.25/jul-to-slf4j-1.7.25.jar:/home/user/.m2/repository/org/eclipse/jetty/jetty-util/9.3.25.v20180904/jetty-util-9.3.25.v20180904.jar:/home/user/.m2/repository/com/fasterxml/jackson/core/jackson-databind/2.9.9/jackson-databind-2.9.9.jar:/home/user/.m2/repository/org/apache/hadoop/hadoop-kms/3.2.0/hadoop-kms-3.2.0-tests.jar:/home/user/.m2/repository/org/apache/hadoop/hadoop-hdds-server-scm/0.5.0-SNAPSHOT/hadoop-hdds-server-scm-0.5.0-SNAPSHOT-tests.jar:/home/user/.m2/repository/org/apache/hadoop/hadoop-hdds-container-service/0.5.0-SNAPSHOT/hadoop-hdds-container-service-0.5.0-SNAPSHOT-tests.jar:/home/user/.m2/repository/org/yaml/snakeyaml/1.16/snakeyaml-1.16.jar:/home/user/.m2/repository/org/apache/hadoop/hadoop-common/3.2.0/hadoop-common-3.2.0-tests.jar:/home/user/.m2/repository/org/apache/hadoop/hadoop-annotations/3.2.0/hadoop-annotations-3.2.0.jar:/usr/lib/jvm/java-1.8-openjdk/jre/../lib/tools.jar:/home/user/.m2/repository/commons-cli/commons-cli/1.2/commons-cli-1.2.jar:/home/user/.m2/repository/org/apache/httpcomponents/httpclient/4.5.2/httpclient-4.5.2.jar:/home/user/.m2/repository/org/apache/httpcomponents/httpcore/4.4.4/httpcore-4.4.4.jar:/home/user/.m2/repository/commons-codec/commons-codec/1.11/commons-codec-1.11.jar:/home/user/.m2/repository/commons-net/commons-net/3.6/commons-net-3.6.jar:/home/user/.m2/repository/commons-collections/commons-collections/3.2.2/commons-collections-3.2.2.jar:/home/user/.m2/repository/org/eclipse/jetty/jetty-servlet/9.3.25.v20180904/jetty-servlet-9.3.25.v20180904.jar:/home/user/.m2/repository/org/eclipse/jetty/jetty-security/9.3.25.v20180904/jetty-security-9.3.25.v20180904.jar:/home/user/.m2/repository/javax/servlet/jsp/jsp-api/2.1/jsp-api-2.1.jar:/home/user/.m2/repository/com/sun/jersey/jersey-servlet/1.19/jersey-servlet-1.19.jar:/home/user/.m2/repository/com/sun/jersey/jersey-json/1.19/jersey-json-1.19.jar:/home/user/.m2/repository/org/codehaus/jettison/jettison/1.1/jettison-1.1.jar:/home/user/.m2/repository/org/codehaus/jackson/jackson-core-asl/1.9.13/jackson-core-asl-1.9.13.jar:/home/user/.m2/repository/org/codehaus/jackson/jackson-mapper-asl/1.9.13/jackson-mapper-asl-1.9.13.jar:/home/user/.m2/repository/org/codehaus/jackson/jackson-jaxrs/1.9.13/jackson-jaxrs-1.9.13.jar:/home/user/.m2/repository/org/codehaus/jackson/jackson-xc/1.9.13/jackson-xc-1.9.13.jar:/home/user/.m2/repository/commons-logging/commons-logging/1.1.3/commons-logging-1.1.3.jar:/home/user/.m2/repository/commons-beanutils/commons-beanutils/1.9.4/commons-beanutils-1.9.4.jar:/home/user/.m2/repository/org/apache/commons/commons-configuration2/2.1.1/commons-configuration2-2.1.1.jar:/home/user/.m2/repository/org/apache/commons/commons-lang3/3.7/commons-lang3-3.7.jar:/home/user/.m2/repository/org/apache/commons/commons-text/1.4/commons-text-1.4.jar:/home/user/.m2/repository/org/apache/avro/avro/1.7.7/avro-1.7.7.jar:/home/user/.m2/repository/com/thoughtworks/paranamer/paranamer/2.3/paranamer-2.3.jar:/home/user/.m2/repository/org/xerial/snappy/snappy-java/1.0.5/snappy-java-1.0.5.jar:/home/user/.m2/repository/com/google/re2j/re2j/1.1/re2j-1.1.jar:/home/user/.m2/repository/com/google/code/gson/gson/2.2.4/gson-2.2.4.jar:/home/user/.m2/repository/com/jcraft/jsch/0.1.54/jsch-0.1.54.jar:/home/user/.m2/repository/org/apache/curator/curator-client/2.12.0/curator-client-2.12.0.jar:/home/user/.m2/repository/org/apache/curator/curator-recipes/2.12.0/curator-recipes-2.12.0.jar:/home/user/.m2/repository/com/google/code/findbugs/jsr305/3.0.0/jsr305-3.0.0.jar:/home/user/.m2/repository/org/apache/htrace/htrace-core4/4.1.0-incubating/htrace-core4-4.1.0-incubating.jar:/home/user/.m2/repository/org/apache/zookeeper/zookeeper/3.4.13/zookeeper-3.4.13.jar:/home/user/.m2/repository/jline/jline/0.9.94/jline-0.9.94.jar:/home/user/.m2/repository/org/apache/yetus/audience-annotations/0.5.0/audience-annotations-0.5.0.jar:/home/user/.m2/repository/org/codehaus/woodstox/stax2-api/3.1.4/stax2-api-3.1.4.jar:/home/user/.m2/repository/com/fasterxml/woodstox/woodstox-core/5.0.3/woodstox-core-5.0.3.jar:/home/user/.m2/repository/dnsjava/dnsjava/2.1.7/dnsjava-2.1.7.jar:/home/user/.m2/repository/org/apache/hadoop/hadoop-hdfs/3.2.0/hadoop-hdfs-3.2.0-tests.jar:/home/user/.m2/repository/org/eclipse/jetty/jetty-util-ajax/9.3.25.v20180904/jetty-util-ajax-9.3.25.v20180904.jar:/home/user/.m2/repository/commons-daemon/commons-daemon/1.0.13/commons-daemon-1.0.13.jar:/home/user/.m2/repository/io/netty/netty/3.10.5.Final/netty-3.10.5.Final.jar:/home/user/.m2/repository/io/netty/netty-all/4.0.52.Final/netty-all-4.0.52.Final.jar:/home/user/.m2/repository/org/fusesource/leveldbjni/leveldbjni-all/1.8/leveldbjni-all-1.8.jar:"/>
    <property name="sun.cpu.endian" value="little"/>
    <property name="user.home" value="/home/user"/>
    <property name="user.language" value="en"/>
    <property name="java.specification.vendor" value="Oracle Corporation"/>
    <property name="java.home" value="/usr/lib/jvm/java-1.8-openjdk/jre"/>
    <property name="java.security.krb5.conf" value="/workdir/hadoop-ozone/integration-test/target/test-classes/krb5.conf"/>
    <property name="basedir" value="/workdir/hadoop-ozone/integration-test"/>
    <property name="file.separator" value="/"/>
    <property name="line.separator" value="&#10;"/>
    <property name="java.vm.specification.vendor" value="Oracle Corporation"/>
    <property name="java.specification.name" value="Java Platform API Specification"/>
    <property name="java.awt.graphicsenv" value="sun.awt.X11GraphicsEnvironment"/>
    <property name="surefire.real.class.path" value="/workdir/hadoop-ozone/integration-test/target/surefire/surefirebooter1477025396888810910.jar"/>
    <property name="hadoop.log.dir" value="/workdir/hadoop-ozone/integration-test/target/log"/>
    <property name="sun.boot.class.path" value="/usr/lib/jvm/java-1.8-openjdk/jre/lib/resources.jar:/usr/lib/jvm/java-1.8-openjdk/jre/lib/rt.jar:/usr/lib/jvm/java-1.8-openjdk/jre/lib/sunrsasign.jar:/usr/lib/jvm/java-1.8-openjdk/jre/lib/jsse.jar:/usr/lib/jvm/java-1.8-openjdk/jre/lib/jce.jar:/usr/lib/jvm/java-1.8-openjdk/jre/lib/charsets.jar:/usr/lib/jvm/java-1.8-openjdk/jre/lib/jfr.jar:/usr/lib/jvm/java-1.8-openjdk/jre/classes"/>
    <property name="sun.management.compiler" value="HotSpot 64-Bit Tiered Compilers"/>
    <property name="java.runtime.version" value="1.8.0_212-b04"/>
    <property name="java.net.preferIPv4Stack" value="true"/>
    <property name="user.name" value="jenkins1000"/>
    <property name="path.separator" value=":"/>
    <property name="java.security.egd" value="file:///dev/urandom"/>
    <property name="os.version" value="3.10.0-957.12.2.el7.x86_64"/>
    <property name="java.endorsed.dirs" value="/usr/lib/jvm/java-1.8-openjdk/jre/lib/endorsed"/>
    <property name="java.runtime.name" value="OpenJDK Runtime Environment"/>
    <property name="file.encoding" value="UTF-8"/>
    <property name="java.vm.name" value="OpenJDK 64-Bit Server VM"/>
    <property name="test.build.webapps" value=""/>
    <property name="localRepository" value="/home/user/.m2/repository"/>
    <property name="java.vendor.url.bug" value="https://icedtea.classpath.org/bugzilla"/>
    <property name="java.io.tmpdir" value="/tmp"/>
    <property name="require.test.libhadoop" value=""/>
    <property name="java.version" value="1.8.0_212"/>
    <property name="user.dir" value="/workdir/hadoop-ozone/integration-test"/>
    <property name="os.arch" value="amd64"/>
    <property name="java.vm.specification.name" value="Java Virtual Machine Specification"/>
    <property name="test.build.classes" value="/workdir/hadoop-ozone/integration-test/target/test-classes"/>
    <property name="java.awt.printerjob" value="sun.print.PSPrinterJob"/>
    <property name="sun.os.patch.level" value="unknown"/>
    <property name="hadoop.tmp.dir" value="/workdir/hadoop-ozone/integration-test/target/tmp"/>
    <property name="java.library.path" value="/usr/lib/jvm/java-1.8-openjdk/jre/lib/amd64/server:/usr/lib/jvm/java-1.8-openjdk/jre/lib/amd64:/usr/lib/jvm/java-1.8-openjdk/jre/../lib/amd64:/workdir/hadoop-ozone/integration-test/target/native/target/usr/local/lib:/workdir/hadoop-ozone/integration-test/../../hadoop-common-project/hadoop-common/target/native/target/usr/local/lib:/usr/java/packages/lib/amd64:/usr/lib64:/lib64:/lib:/usr/lib"/>
    <property name="java.vm.info" value="mixed mode"/>
    <property name="java.vendor" value="IcedTea"/>
    <property name="java.vm.version" value="25.212-b04"/>
    <property name="java.ext.dirs" value="/usr/lib/jvm/java-1.8-openjdk/jre/lib/ext:/usr/java/packages/lib/ext"/>
    <property name="sun.io.unicode.encoding" value="UnicodeLittle"/>
    <property name="java.class.version" value="52.0"/>
  </properties>
  <testcase name="test2DatanodesFailure" classname="org.apache.hadoop.ozone.client.rpc.TestBlockOutputStreamWithFailures" time="40.401">
    <failure message="expected:&lt;5&gt; but was:&lt;6&gt;" type="java.lang.AssertionError"><![CDATA[java.lang.AssertionError: expected:<5> but was:<6>
	at org.junit.Assert.fail(Assert.java:88)
	at org.junit.Assert.failNotEquals(Assert.java:743)
	at org.junit.Assert.assertEquals(Assert.java:118)
	at org.junit.Assert.assertEquals(Assert.java:555)
	at org.junit.Assert.assertEquals(Assert.java:542)
	at org.apache.hadoop.ozone.client.rpc.TestBlockOutputStreamWithFailures.test2DatanodesFailure(TestBlockOutputStreamWithFailures.java:467)
	at sun.reflect.NativeMethodAccessorImpl.invoke0(Native Method)
	at sun.reflect.NativeMethodAccessorImpl.invoke(NativeMethodAccessorImpl.java:62)
	at sun.reflect.DelegatingMethodAccessorImpl.invoke(DelegatingMethodAccessorImpl.java:43)
	at java.lang.reflect.Method.invoke(Method.java:498)
	at org.junit.runners.model.FrameworkMethod$1.runReflectiveCall(FrameworkMethod.java:47)
	at org.junit.internal.runners.model.ReflectiveCallable.run(ReflectiveCallable.java:12)
	at org.junit.runners.model.FrameworkMethod.invokeExplosively(FrameworkMethod.java:44)
	at org.junit.internal.runners.statements.InvokeMethod.evaluate(InvokeMethod.java:17)
	at org.junit.internal.runners.statements.RunBefores.evaluate(RunBefores.java:26)
	at org.junit.internal.runners.statements.RunAfters.evaluate(RunAfters.java:27)
	at org.junit.runners.ParentRunner.runLeaf(ParentRunner.java:271)
	at org.junit.runners.BlockJUnit4ClassRunner.runChild(BlockJUnit4ClassRunner.java:70)
	at org.junit.runners.BlockJUnit4ClassRunner.runChild(BlockJUnit4ClassRunner.java:50)
	at org.junit.runners.ParentRunner$3.run(ParentRunner.java:238)
	at org.junit.runners.ParentRunner$1.schedule(ParentRunner.java:63)
	at org.junit.runners.ParentRunner.runChildren(ParentRunner.java:236)
	at org.junit.runners.ParentRunner.access$000(ParentRunner.java:53)
	at org.junit.runners.ParentRunner$2.evaluate(ParentRunner.java:229)
	at org.junit.runners.ParentRunner.run(ParentRunner.java:309)
	at org.apache.maven.surefire.junit4.JUnit4Provider.execute(JUnit4Provider.java:365)
	at org.apache.maven.surefire.junit4.JUnit4Provider.executeWithRerun(JUnit4Provider.java:273)
	at org.apache.maven.surefire.junit4.JUnit4Provider.executeTestSet(JUnit4Provider.java:238)
	at org.apache.maven.surefire.junit4.JUnit4Provider.invoke(JUnit4Provider.java:159)
	at org.apache.maven.surefire.booter.ForkedBooter.invokeProviderInSameClassLoader(ForkedBooter.java:384)
	at org.apache.maven.surefire.booter.ForkedBooter.runSuitesInProcess(ForkedBooter.java:345)
	at org.apache.maven.surefire.booter.ForkedBooter.execute(ForkedBooter.java:126)
	at org.apache.maven.surefire.booter.ForkedBooter.main(ForkedBooter.java:418)
]]></failure>
    <system-out><![CDATA[2019-10-02 19:53:46,381 [main] WARN  server.ServerUtils (ServerUtils.java:getScmDbDir(145)) - ozone.scm.db.dirs is not configured. We recommend adding this setting. Falling back to ozone.metadata.dirs instead.
2019-10-02 19:53:46,490 [main] WARN  server.ServerUtils (ServerUtils.java:getScmDbDir(145)) - ozone.scm.db.dirs is not configured. We recommend adding this setting. Falling back to ozone.metadata.dirs instead.
2019-10-02 19:53:46,493 [main] WARN  server.ServerUtils (ServerUtils.java:getScmDbDir(145)) - ozone.scm.db.dirs is not configured. We recommend adding this setting. Falling back to ozone.metadata.dirs instead.
2019-10-02 19:53:46,511 [main] INFO  util.log (Log.java:initialized(192)) - Logging initialized @924ms
2019-10-02 19:53:46,614 [main] INFO  db.DBStoreBuilder (DBStoreBuilder.java:addTable(110)) - using custom profile for table: deletedBlocks
2019-10-02 19:53:46,614 [main] INFO  db.DBStoreBuilder (DBStoreBuilder.java:processTables(161)) - Using default column profile:DBProfile.DISK for Table:deletedBlocks
2019-10-02 19:53:46,615 [main] INFO  db.DBStoreBuilder (DBStoreBuilder.java:addTable(110)) - using custom profile for table: validCerts
2019-10-02 19:53:46,615 [main] INFO  db.DBStoreBuilder (DBStoreBuilder.java:processTables(161)) - Using default column profile:DBProfile.DISK for Table:validCerts
2019-10-02 19:53:46,615 [main] INFO  db.DBStoreBuilder (DBStoreBuilder.java:addTable(110)) - using custom profile for table: revokedCerts
2019-10-02 19:53:46,616 [main] INFO  db.DBStoreBuilder (DBStoreBuilder.java:processTables(161)) - Using default column profile:DBProfile.DISK for Table:revokedCerts
2019-10-02 19:53:46,635 [main] INFO  db.DBStoreBuilder (DBStoreBuilder.java:addTable(110)) - using custom profile for table: default
2019-10-02 19:53:46,636 [main] INFO  db.DBStoreBuilder (DBStoreBuilder.java:processTables(167)) - Using default column profile:DBProfile.DISK for Table:default
2019-10-02 19:53:46,638 [main] INFO  db.DBStoreBuilder (DBStoreBuilder.java:getDbProfile(198)) - Using default options. DBProfile.DISK
2019-10-02 19:53:46,939 [main] INFO  net.NodeSchemaLoader (NodeSchemaLoader.java:loadSchemaFromFile(125)) - Loading file from sun.misc.CompoundEnumeration@71d44a3
2019-10-02 19:53:46,941 [main] INFO  net.NodeSchemaLoader (NodeSchemaLoader.java:loadSchema(171)) - Loading network topology layer schema file
2019-10-02 19:53:47,013 [main] INFO  node.SCMNodeManager (SCMNodeManager.java:<init>(114)) - Entering startup safe mode.
2019-10-02 19:53:47,088 [main] INFO  algorithms.ContainerPlacementPolicyFactory (ContainerPlacementPolicyFactory.java:getPolicy(57)) - Create container placement policy of type org.apache.hadoop.hdds.scm.container.placement.algorithms.SCMContainerPlacementRandom
2019-10-02 19:53:47,103 [main] WARN  server.ServerUtils (ServerUtils.java:getScmDbDir(145)) - ozone.scm.db.dirs is not configured. We recommend adding this setting. Falling back to ozone.metadata.dirs instead.
2019-10-02 19:53:47,196 [main] INFO  pipeline.SCMPipelineManager (SCMPipelineManager.java:initializePipelineState(132)) - No pipeline exists in current db
2019-10-02 19:53:47,200 [main] WARN  server.ServerUtils (ServerUtils.java:getScmDbDir(145)) - ozone.scm.db.dirs is not configured. We recommend adding this setting. Falling back to ozone.metadata.dirs instead.
2019-10-02 19:53:47,407 [main] WARN  events.EventQueue (EventQueue.java:fireEvent(183)) - No event handler registered for event TypedEvent{payloadType=SafeModeStatus, name='SafeModeStatus'}
2019-10-02 19:53:47,891 [main] INFO  ipc.CallQueueManager (CallQueueManager.java:<init>(84)) - Using callQueue: class java.util.concurrent.LinkedBlockingQueue, queueCapacity: 2000, scheduler: class org.apache.hadoop.ipc.DefaultRpcScheduler, ipcBackoff: false.
2019-10-02 19:53:47,936 [Socket Reader #1 for port 34726] INFO  ipc.Server (Server.java:run(1074)) - Starting Socket Reader #1 for port 34726
2019-10-02 19:53:48,152 [main] INFO  ipc.CallQueueManager (CallQueueManager.java:<init>(84)) - Using callQueue: class java.util.concurrent.LinkedBlockingQueue, queueCapacity: 2000, scheduler: class org.apache.hadoop.ipc.DefaultRpcScheduler, ipcBackoff: false.
2019-10-02 19:53:48,153 [Socket Reader #1 for port 40394] INFO  ipc.Server (Server.java:run(1074)) - Starting Socket Reader #1 for port 40394
2019-10-02 19:53:48,165 [main] INFO  ipc.CallQueueManager (CallQueueManager.java:<init>(84)) - Using callQueue: class java.util.concurrent.LinkedBlockingQueue, queueCapacity: 2000, scheduler: class org.apache.hadoop.ipc.DefaultRpcScheduler, ipcBackoff: false.
2019-10-02 19:53:48,166 [Socket Reader #1 for port 36777] INFO  ipc.Server (Server.java:run(1074)) - Starting Socket Reader #1 for port 36777
2019-10-02 19:53:48,194 [main] INFO  hdfs.DFSUtil (DFSUtil.java:httpServerTemplateForNNAndJN(1641)) - Starting Web-server for scm at: http://0.0.0.0:0
2019-10-02 19:53:48,368 [main] INFO  server.AuthenticationFilter (AuthenticationFilter.java:constructSecretProvider(240)) - Unable to initialize FileSignerSecretProvider, falling back to use random secrets.
2019-10-02 19:53:48,377 [main] WARN  http.HttpRequestLog (HttpRequestLog.java:getRequestLog(97)) - Jetty request log can only be enabled using Log4j
2019-10-02 19:53:48,385 [main] INFO  http.HttpServer2 (HttpServer2.java:addGlobalFilter(975)) - Added global filter 'safety' (class=org.apache.hadoop.http.HttpServer2$QuotingInputFilter)
2019-10-02 19:53:48,388 [main] INFO  http.HttpServer2 (HttpServer2.java:addFilter(948)) - Added filter static_user_filter (class=org.apache.hadoop.http.lib.StaticUserWebFilter$StaticUserFilter) to context scm
2019-10-02 19:53:48,388 [main] INFO  http.HttpServer2 (HttpServer2.java:addFilter(958)) - Added filter static_user_filter (class=org.apache.hadoop.http.lib.StaticUserWebFilter$StaticUserFilter) to context static
2019-10-02 19:53:48,389 [main] INFO  http.HttpServer2 (HttpServer2.java:addFilter(958)) - Added filter static_user_filter (class=org.apache.hadoop.http.lib.StaticUserWebFilter$StaticUserFilter) to context logs
2019-10-02 19:53:48,420 [main] INFO  server.StorageContainerManager (StorageContainerManager.java:start(770)) - StorageContainerLocationProtocol RPC server is listening at /0.0.0.0:36777
2019-10-02 19:53:48,482 [main] WARN  impl.MetricsConfig (MetricsConfig.java:loadFirst(134)) - Cannot locate configuration: tried hadoop-metrics2-storagecontainermanager.properties,hadoop-metrics2.properties
2019-10-02 19:53:48,496 [main] INFO  impl.MetricsSystemImpl (MetricsSystemImpl.java:startTimer(374)) - Scheduled Metric snapshot period at 10 second(s).
2019-10-02 19:53:48,496 [main] INFO  impl.MetricsSystemImpl (MetricsSystemImpl.java:start(191)) - StorageContainerManager metrics system started
2019-10-02 19:53:48,725 [main] INFO  server.SCMClientProtocolServer (SCMClientProtocolServer.java:start(150)) - RPC server for Client  is listening at /0.0.0.0:36777
2019-10-02 19:53:48,725 [IPC Server Responder] INFO  ipc.Server (Server.java:run(1314)) - IPC Server Responder: starting
2019-10-02 19:53:48,725 [IPC Server listener on 36777] INFO  ipc.Server (Server.java:run(1153)) - IPC Server listener on 36777: starting
2019-10-02 19:53:48,728 [main] INFO  server.StorageContainerManager (StorageContainerManager.java:start(780)) - ScmBlockLocationProtocol RPC server is listening at /0.0.0.0:40394
2019-10-02 19:53:48,730 [main] INFO  server.SCMBlockProtocolServer (SCMBlockProtocolServer.java:start(146)) - RPC server for Block Protocol is listening at /0.0.0.0:40394
2019-10-02 19:53:48,730 [IPC Server Responder] INFO  ipc.Server (Server.java:run(1314)) - IPC Server Responder: starting
2019-10-02 19:53:48,730 [IPC Server listener on 40394] INFO  ipc.Server (Server.java:run(1153)) - IPC Server listener on 40394: starting
2019-10-02 19:53:48,733 [main] INFO  server.StorageContainerManager (StorageContainerManager.java:start(784)) - ScmDatanodeProtocl RPC server is listening at /0.0.0.0:34726
2019-10-02 19:53:48,733 [main] INFO  server.SCMDatanodeProtocolServer (SCMDatanodeProtocolServer.java:start(191)) - RPC server for DataNodes is listening at /0.0.0.0:34726
2019-10-02 19:53:48,733 [IPC Server Responder] INFO  ipc.Server (Server.java:run(1314)) - IPC Server Responder: starting
2019-10-02 19:53:48,733 [IPC Server listener on 34726] INFO  ipc.Server (Server.java:run(1153)) - IPC Server listener on 34726: starting
2019-10-02 19:53:48,738 [main] INFO  http.HttpServer2 (HttpServer2.java:bindListener(1191)) - Jetty bound to port 39243
2019-10-02 19:53:48,739 [main] INFO  server.Server (Server.java:doStart(351)) - jetty-9.3.25.v20180904, build timestamp: 2018-09-04T21:11:46Z, git hash: 3ce520221d0240229c862b122d2b06c12a625732
2019-10-02 19:53:48,779 [main] INFO  handler.ContextHandler (ContextHandler.java:doStart(781)) - Started o.e.j.s.ServletContextHandler@260e86a1{/logs,file:///workdir/hadoop-ozone/integration-test/target/log,AVAILABLE}
2019-10-02 19:53:48,780 [main] INFO  handler.ContextHandler (ContextHandler.java:doStart(781)) - Started o.e.j.s.ServletContextHandler@12bd8a64{/static,file:///workdir/hadoop-ozone/integration-test/target/test-classes/webapps/static,AVAILABLE}
2019-10-02 19:53:48,815 [main] INFO  handler.ContextHandler (ContextHandler.java:doStart(781)) - Started o.e.j.w.WebAppContext@3f093abe{/,file:///workdir/hadoop-ozone/integration-test/target/test-classes/webapps/scm/,AVAILABLE}{/scm}
2019-10-02 19:53:48,821 [main] INFO  server.AbstractConnector (AbstractConnector.java:doStart(278)) - Started ServerConnector@724bade8{HTTP/1.1,[http/1.1]}{0.0.0.0:39243}
2019-10-02 19:53:48,821 [main] INFO  server.Server (Server.java:doStart(419)) - Started @3234ms
2019-10-02 19:53:48,823 [main] INFO  impl.MetricsSinkAdapter (MetricsSinkAdapter.java:start(204)) - Sink prometheus started
2019-10-02 19:53:48,824 [main] INFO  impl.MetricsSystemImpl (MetricsSystemImpl.java:registerSink(301)) - Registered sink prometheus
2019-10-02 19:53:48,825 [main] INFO  server.BaseHttpServer (BaseHttpServer.java:updateConnectorAddress(215)) - HTTP server of SCM is listening at http://0.0.0.0:39243
2019-10-02 19:53:48,831 [org.apache.hadoop.util.JvmPauseMonitor$Monitor@6970140a] INFO  util.JvmPauseMonitor (JvmPauseMonitor.java:run(188)) - Starting JVM pause monitor
2019-10-02 19:53:48,833 [main] WARN  server.ServerUtils (ServerUtils.java:getDBPath(222)) - ozone.om.db.dirs is not configured. We recommend adding this setting. Falling back to ozone.metadata.dirs instead.
2019-10-02 19:53:48,924 [main] WARN  server.ServerUtils (ServerUtils.java:getDBPath(222)) - ozone.om.db.dirs is not configured. We recommend adding this setting. Falling back to ozone.metadata.dirs instead.
2019-10-02 19:53:48,925 [main] WARN  server.ServerUtils (ServerUtils.java:getDBPath(222)) - ozone.om.db.dirs is not configured. We recommend adding this setting. Falling back to ozone.metadata.dirs instead.
2019-10-02 19:53:48,926 [main] INFO  om.OzoneManager (OzoneManager.java:setOMNodeDetails(652)) - OM Service ID is not set. Setting it to the default ID: omServiceIdDefault
2019-10-02 19:53:48,926 [main] INFO  om.OzoneManager (OzoneManager.java:setOMNodeDetails(658)) - OM Node ID is not set. Setting it to the OmStorage's OmID: ac126b79-c007-4301-b5a8-b43d52b24d34
2019-10-02 19:53:48,927 [main] INFO  om.OzoneManager (OzoneManager.java:loadOMHAConfigs(609)) - Found matching OM address with OMServiceId: null, OMNodeId: null, RPC Address: localhost:0 and Ratis port: 9872
2019-10-02 19:53:49,549 [main] WARN  server.ServerUtils (ServerUtils.java:getDBPath(222)) - ozone.om.db.dirs is not configured. We recommend adding this setting. Falling back to ozone.metadata.dirs instead.
2019-10-02 19:53:49,556 [main] INFO  db.DBStoreBuilder (DBStoreBuilder.java:addTable(110)) - using custom profile for table: userTable
2019-10-02 19:53:49,556 [main] INFO  db.DBStoreBuilder (DBStoreBuilder.java:processTables(161)) - Using default column profile:DBProfile.DISK for Table:userTable
2019-10-02 19:53:49,556 [main] INFO  db.DBStoreBuilder (DBStoreBuilder.java:addTable(110)) - using custom profile for table: volumeTable
2019-10-02 19:53:49,557 [main] INFO  db.DBStoreBuilder (DBStoreBuilder.java:processTables(161)) - Using default column profile:DBProfile.DISK for Table:volumeTable
2019-10-02 19:53:49,557 [main] INFO  db.DBStoreBuilder (DBStoreBuilder.java:addTable(110)) - using custom profile for table: bucketTable
2019-10-02 19:53:49,557 [main] INFO  db.DBStoreBuilder (DBStoreBuilder.java:processTables(161)) - Using default column profile:DBProfile.DISK for Table:bucketTable
2019-10-02 19:53:49,557 [main] INFO  db.DBStoreBuilder (DBStoreBuilder.java:addTable(110)) - using custom profile for table: keyTable
2019-10-02 19:53:49,558 [main] INFO  db.DBStoreBuilder (DBStoreBuilder.java:processTables(161)) - Using default column profile:DBProfile.DISK for Table:keyTable
2019-10-02 19:53:49,558 [main] INFO  db.DBStoreBuilder (DBStoreBuilder.java:addTable(110)) - using custom profile for table: deletedTable
2019-10-02 19:53:49,558 [main] INFO  db.DBStoreBuilder (DBStoreBuilder.java:processTables(161)) - Using default column profile:DBProfile.DISK for Table:deletedTable
2019-10-02 19:53:49,558 [main] INFO  db.DBStoreBuilder (DBStoreBuilder.java:addTable(110)) - using custom profile for table: openKeyTable
2019-10-02 19:53:49,558 [main] INFO  db.DBStoreBuilder (DBStoreBuilder.java:processTables(161)) - Using default column profile:DBProfile.DISK for Table:openKeyTable
2019-10-02 19:53:49,559 [main] INFO  db.DBStoreBuilder (DBStoreBuilder.java:addTable(110)) - using custom profile for table: s3Table
2019-10-02 19:53:49,559 [main] INFO  db.DBStoreBuilder (DBStoreBuilder.java:processTables(161)) - Using default column profile:DBProfile.DISK for Table:s3Table
2019-10-02 19:53:49,559 [main] INFO  db.DBStoreBuilder (DBStoreBuilder.java:addTable(110)) - using custom profile for table: multipartInfoTable
2019-10-02 19:53:49,559 [main] INFO  db.DBStoreBuilder (DBStoreBuilder.java:processTables(161)) - Using default column profile:DBProfile.DISK for Table:multipartInfoTable
2019-10-02 19:53:49,560 [main] INFO  db.DBStoreBuilder (DBStoreBuilder.java:addTable(110)) - using custom profile for table: dTokenTable
2019-10-02 19:53:49,560 [main] INFO  db.DBStoreBuilder (DBStoreBuilder.java:processTables(161)) - Using default column profile:DBProfile.DISK for Table:dTokenTable
2019-10-02 19:53:49,560 [main] INFO  db.DBStoreBuilder (DBStoreBuilder.java:addTable(110)) - using custom profile for table: s3SecretTable
2019-10-02 19:53:49,560 [main] INFO  db.DBStoreBuilder (DBStoreBuilder.java:processTables(161)) - Using default column profile:DBProfile.DISK for Table:s3SecretTable
2019-10-02 19:53:49,561 [main] INFO  db.DBStoreBuilder (DBStoreBuilder.java:addTable(110)) - using custom profile for table: prefixTable
2019-10-02 19:53:49,561 [main] INFO  db.DBStoreBuilder (DBStoreBuilder.java:processTables(161)) - Using default column profile:DBProfile.DISK for Table:prefixTable
2019-10-02 19:53:49,561 [main] INFO  db.DBStoreBuilder (DBStoreBuilder.java:addTable(110)) - using custom profile for table: default
2019-10-02 19:53:49,561 [main] INFO  db.DBStoreBuilder (DBStoreBuilder.java:processTables(167)) - Using default column profile:DBProfile.DISK for Table:default
2019-10-02 19:53:49,562 [main] INFO  db.DBStoreBuilder (DBStoreBuilder.java:getDbProfile(198)) - Using default options. DBProfile.DISK
2019-10-02 19:53:50,323 [main] INFO  ipc.CallQueueManager (CallQueueManager.java:<init>(84)) - Using callQueue: class java.util.concurrent.LinkedBlockingQueue, queueCapacity: 2000, scheduler: class org.apache.hadoop.ipc.DefaultRpcScheduler, ipcBackoff: false.
2019-10-02 19:53:50,324 [Socket Reader #1 for port 39657] INFO  ipc.Server (Server.java:run(1074)) - Starting Socket Reader #1 for port 39657
2019-10-02 19:53:50,350 [main] INFO  om.OzoneManager (OzoneManager.java:start(1243)) - OzoneManager RPC server is listening at localhost/127.0.0.1:39657
2019-10-02 19:53:50,350 [main] INFO  impl.MetricsSystemImpl (MetricsSystemImpl.java:init(158)) - OzoneManager metrics system started (again)
2019-10-02 19:53:50,352 [IPC Server Responder] INFO  ipc.Server (Server.java:run(1314)) - IPC Server Responder: starting
2019-10-02 19:53:50,352 [IPC Server listener on 39657] INFO  ipc.Server (Server.java:run(1153)) - IPC Server listener on 39657: starting
2019-10-02 19:53:50,358 [main] INFO  hdfs.DFSUtil (DFSUtil.java:httpServerTemplateForNNAndJN(1641)) - Starting Web-server for ozoneManager at: http://0.0.0.0:0
2019-10-02 19:53:50,361 [main] INFO  server.AuthenticationFilter (AuthenticationFilter.java:constructSecretProvider(240)) - Unable to initialize FileSignerSecretProvider, falling back to use random secrets.
2019-10-02 19:53:50,361 [main] WARN  http.HttpRequestLog (HttpRequestLog.java:getRequestLog(97)) - Jetty request log can only be enabled using Log4j
2019-10-02 19:53:50,365 [main] INFO  http.HttpServer2 (HttpServer2.java:addGlobalFilter(975)) - Added global filter 'safety' (class=org.apache.hadoop.http.HttpServer2$QuotingInputFilter)
2019-10-02 19:53:50,366 [main] INFO  http.HttpServer2 (HttpServer2.java:addFilter(948)) - Added filter static_user_filter (class=org.apache.hadoop.http.lib.StaticUserWebFilter$StaticUserFilter) to context ozoneManager
2019-10-02 19:53:50,367 [main] INFO  http.HttpServer2 (HttpServer2.java:addFilter(958)) - Added filter static_user_filter (class=org.apache.hadoop.http.lib.StaticUserWebFilter$StaticUserFilter) to context logs
2019-10-02 19:53:50,367 [main] INFO  http.HttpServer2 (HttpServer2.java:addFilter(958)) - Added filter static_user_filter (class=org.apache.hadoop.http.lib.StaticUserWebFilter$StaticUserFilter) to context static
2019-10-02 19:53:50,370 [main] INFO  http.HttpServer2 (HttpServer2.java:bindListener(1191)) - Jetty bound to port 46418
2019-10-02 19:53:50,371 [main] INFO  server.Server (Server.java:doStart(351)) - jetty-9.3.25.v20180904, build timestamp: 2018-09-04T21:11:46Z, git hash: 3ce520221d0240229c862b122d2b06c12a625732
2019-10-02 19:53:50,373 [main] INFO  handler.ContextHandler (ContextHandler.java:doStart(781)) - Started o.e.j.s.ServletContextHandler@562c877a{/logs,file:///workdir/hadoop-ozone/integration-test/target/log,AVAILABLE}
2019-10-02 19:53:50,374 [main] INFO  handler.ContextHandler (ContextHandler.java:doStart(781)) - Started o.e.j.s.ServletContextHandler@989da1{/static,file:///workdir/hadoop-ozone/integration-test/target/test-classes/webapps/static,AVAILABLE}
2019-10-02 19:53:50,382 [main] INFO  handler.ContextHandler (ContextHandler.java:doStart(781)) - Started o.e.j.w.WebAppContext@1965539b{/,file:///workdir/hadoop-ozone/integration-test/target/test-classes/webapps/ozoneManager/,AVAILABLE}{/ozoneManager}
2019-10-02 19:53:50,383 [main] INFO  server.AbstractConnector (AbstractConnector.java:doStart(278)) - Started ServerConnector@2fc07784{HTTP/1.1,[http/1.1]}{0.0.0.0:46418}
2019-10-02 19:53:50,384 [main] INFO  server.Server (Server.java:doStart(419)) - Started @4797ms
2019-10-02 19:53:50,384 [main] WARN  impl.MetricsSystemImpl (MetricsSystemImpl.java:register(276)) - Sink prometheus already exists!
2019-10-02 19:53:50,385 [main] INFO  server.BaseHttpServer (BaseHttpServer.java:updateConnectorAddress(215)) - HTTP server of OZONEMANAGER is listening at http://0.0.0.0:46418
2019-10-02 19:53:50,702 [main] INFO  impl.MetricsSystemImpl (MetricsSystemImpl.java:init(158)) - HddsDatanode metrics system started (again)
2019-10-02 19:53:50,753 [main] INFO  ozone.HddsDatanodeService (HddsDatanodeService.java:start(184)) - HddsDatanodeService host:pr-hdds-2223-zp5j9-3680597336 ip:192.168.157.242
2019-10-02 19:53:50,788 [main] INFO  volume.HddsVolume (HddsVolume.java:<init>(176)) - Creating Volume: /workdir/hadoop-ozone/integration-test/target/test-dir/MiniOzoneClusterImpl-85ec13a9-98bf-43b5-845f-0fdbc936e02f/datanode-0/data/containers/hdds of  storage type : DISK and capacity : 1482555576320
2019-10-02 19:53:50,790 [main] INFO  volume.VolumeSet (VolumeSet.java:initializeVolumeSet(170)) - Added Volume : /workdir/hadoop-ozone/integration-test/target/test-dir/MiniOzoneClusterImpl-85ec13a9-98bf-43b5-845f-0fdbc936e02f/datanode-0/data/containers/hdds to VolumeSet
2019-10-02 19:53:50,793 [main] INFO  volume.ThrottledAsyncChecker (ThrottledAsyncChecker.java:schedule(139)) - Scheduling a check for org.apache.hadoop.ozone.container.common.volume.HddsVolume@a52ca2e
2019-10-02 19:53:50,812 [main] INFO  volume.HddsVolumeChecker (HddsVolumeChecker.java:checkAllVolumes(202)) - Scheduled health check for volume org.apache.hadoop.ozone.container.common.volume.HddsVolume@a52ca2e
2019-10-02 19:53:50,940 [main] INFO  impl.RaftServerProxy (ConfUtils.java:logGet(43)) - raft.rpc.type = GRPC (default)
2019-10-02 19:53:51,036 [main] INFO  grpc.GrpcFactory (GrpcFactory.java:checkPooledByteBufAllocatorUseCacheForAllThreads(45)) - PERFORMANCE WARNING: useCacheForAllThreads is true that may cause Netty to create a lot garbage objects and, as a result, trigger GC.
	It is recommended to disable useCacheForAllThreads by setting -Dorg.apache.ratis.thirdparty.io.netty.allocator.useCacheForAllThreads=false in command line.
2019-10-02 19:53:51,042 [main] INFO  grpc.GrpcConfigKeys$Server (ConfUtils.java:logGet(43)) - raft.grpc.server.port = 0 (default)
2019-10-02 19:53:51,043 [main] INFO  server.GrpcService (ConfUtils.java:logGet(43)) - raft.grpc.message.size.max = 33570816 (custom)
2019-10-02 19:53:51,045 [main] INFO  server.RaftServerConfigKeys (ConfUtils.java:logGet(43)) - raft.server.log.appender.buffer.byte-limit = 33554432 (custom)
2019-10-02 19:53:51,046 [main] INFO  server.GrpcService (ConfUtils.java:logGet(43)) - raft.grpc.flow.control.window = 1MB (=1048576) (default)
2019-10-02 19:53:51,047 [main] INFO  server.RaftServerConfigKeys (ConfUtils.java:logGet(43)) - raft.server.rpc.request.timeout = 3000ms (default)
2019-10-02 19:53:51,249 [main] INFO  server.RaftServerConfigKeys (ConfUtils.java:logGet(43)) - raft.server.storage.dir = [/workdir/hadoop-ozone/integration-test/target/test-dir/MiniOzoneClusterImpl-85ec13a9-98bf-43b5-845f-0fdbc936e02f/datanode-0/data/ratis] (custom)
2019-10-02 19:53:51,304 [main] INFO  hdfs.DFSUtil (DFSUtil.java:httpServerTemplateForNNAndJN(1641)) - Starting Web-server for hddsDatanode at: http://0.0.0.0:0
2019-10-02 19:53:51,306 [main] INFO  server.AuthenticationFilter (AuthenticationFilter.java:constructSecretProvider(240)) - Unable to initialize FileSignerSecretProvider, falling back to use random secrets.
2019-10-02 19:53:51,307 [main] WARN  http.HttpRequestLog (HttpRequestLog.java:getRequestLog(97)) - Jetty request log can only be enabled using Log4j
2019-10-02 19:53:51,310 [main] INFO  http.HttpServer2 (HttpServer2.java:addGlobalFilter(975)) - Added global filter 'safety' (class=org.apache.hadoop.http.HttpServer2$QuotingInputFilter)
2019-10-02 19:53:51,311 [main] INFO  http.HttpServer2 (HttpServer2.java:addFilter(948)) - Added filter static_user_filter (class=org.apache.hadoop.http.lib.StaticUserWebFilter$StaticUserFilter) to context hddsDatanode
2019-10-02 19:53:51,311 [main] INFO  http.HttpServer2 (HttpServer2.java:addFilter(958)) - Added filter static_user_filter (class=org.apache.hadoop.http.lib.StaticUserWebFilter$StaticUserFilter) to context logs
2019-10-02 19:53:51,312 [main] INFO  http.HttpServer2 (HttpServer2.java:addFilter(958)) - Added filter static_user_filter (class=org.apache.hadoop.http.lib.StaticUserWebFilter$StaticUserFilter) to context static
2019-10-02 19:53:51,313 [main] INFO  http.HttpServer2 (HttpServer2.java:bindListener(1191)) - Jetty bound to port 39701
2019-10-02 19:53:51,313 [main] INFO  server.Server (Server.java:doStart(351)) - jetty-9.3.25.v20180904, build timestamp: 2018-09-04T21:11:46Z, git hash: 3ce520221d0240229c862b122d2b06c12a625732
2019-10-02 19:53:51,316 [main] INFO  handler.ContextHandler (ContextHandler.java:doStart(781)) - Started o.e.j.s.ServletContextHandler@70228253{/logs,file:///workdir/hadoop-ozone/integration-test/target/log,AVAILABLE}
2019-10-02 19:53:51,317 [main] INFO  handler.ContextHandler (ContextHandler.java:doStart(781)) - Started o.e.j.s.ServletContextHandler@21bd20ee{/static,jar:file:/home/user/.m2/repository/org/apache/hadoop/hadoop-hdds-container-service/0.5.0-SNAPSHOT/hadoop-hdds-container-service-0.5.0-SNAPSHOT.jar!/webapps/static,AVAILABLE}
2019-10-02 19:53:51,363 [main] INFO  handler.ContextHandler (ContextHandler.java:doStart(781)) - Started o.e.j.w.WebAppContext@646c0a67{/,file:///tmp/jetty-0.0.0.0-39701-hddsDatanode-_-any-7746860399160852613.dir/webapp/,AVAILABLE}{/hddsDatanode}
2019-10-02 19:53:51,364 [main] INFO  server.AbstractConnector (AbstractConnector.java:doStart(278)) - Started ServerConnector@3804a9a8{HTTP/1.1,[http/1.1]}{0.0.0.0:39701}
2019-10-02 19:53:51,365 [main] INFO  server.Server (Server.java:doStart(419)) - Started @5777ms
2019-10-02 19:53:51,366 [main] WARN  impl.MetricsSystemImpl (MetricsSystemImpl.java:register(276)) - Sink prometheus already exists!
2019-10-02 19:53:51,367 [main] INFO  server.BaseHttpServer (BaseHttpServer.java:updateConnectorAddress(215)) - HTTP server of HDDSDATANODE is listening at http://0.0.0.0:39701
2019-10-02 19:53:51,368 [main] INFO  impl.MetricsSystemImpl (MetricsSystemImpl.java:init(158)) - HddsDatanode metrics system started (again)
2019-10-02 19:53:51,371 [main] INFO  ozone.HddsDatanodeService (HddsDatanodeService.java:start(184)) - HddsDatanodeService host:pr-hdds-2223-zp5j9-3680597336 ip:192.168.157.242
2019-10-02 19:53:51,374 [org.apache.hadoop.util.JvmPauseMonitor$Monitor@3cd8e0e6] INFO  util.JvmPauseMonitor (JvmPauseMonitor.java:run(188)) - Starting JVM pause monitor
2019-10-02 19:53:51,381 [main] INFO  volume.HddsVolume (HddsVolume.java:<init>(176)) - Creating Volume: /workdir/hadoop-ozone/integration-test/target/test-dir/MiniOzoneClusterImpl-85ec13a9-98bf-43b5-845f-0fdbc936e02f/datanode-1/data/containers/hdds of  storage type : DISK and capacity : 1482555576320
2019-10-02 19:53:51,381 [main] INFO  volume.VolumeSet (VolumeSet.java:initializeVolumeSet(170)) - Added Volume : /workdir/hadoop-ozone/integration-test/target/test-dir/MiniOzoneClusterImpl-85ec13a9-98bf-43b5-845f-0fdbc936e02f/datanode-1/data/containers/hdds to VolumeSet
2019-10-02 19:53:51,382 [main] INFO  volume.ThrottledAsyncChecker (ThrottledAsyncChecker.java:schedule(139)) - Scheduling a check for org.apache.hadoop.ozone.container.common.volume.HddsVolume@18d910b3
2019-10-02 19:53:51,382 [main] INFO  volume.HddsVolumeChecker (HddsVolumeChecker.java:checkAllVolumes(202)) - Scheduled health check for volume org.apache.hadoop.ozone.container.common.volume.HddsVolume@18d910b3
2019-10-02 19:53:51,397 [main] INFO  impl.RaftServerProxy (ConfUtils.java:logGet(43)) - raft.rpc.type = GRPC (default)
2019-10-02 19:53:51,397 [main] INFO  grpc.GrpcFactory (GrpcFactory.java:checkPooledByteBufAllocatorUseCacheForAllThreads(45)) - PERFORMANCE WARNING: useCacheForAllThreads is true that may cause Netty to create a lot garbage objects and, as a result, trigger GC.
	It is recommended to disable useCacheForAllThreads by setting -Dorg.apache.ratis.thirdparty.io.netty.allocator.useCacheForAllThreads=false in command line.
2019-10-02 19:53:51,397 [main] INFO  grpc.GrpcConfigKeys$Server (ConfUtils.java:logGet(43)) - raft.grpc.server.port = 0 (default)
2019-10-02 19:53:51,398 [main] INFO  server.GrpcService (ConfUtils.java:logGet(43)) - raft.grpc.message.size.max = 33570816 (custom)
2019-10-02 19:53:51,398 [main] INFO  server.RaftServerConfigKeys (ConfUtils.java:logGet(43)) - raft.server.log.appender.buffer.byte-limit = 33554432 (custom)
2019-10-02 19:53:51,398 [main] INFO  server.GrpcService (ConfUtils.java:logGet(43)) - raft.grpc.flow.control.window = 1MB (=1048576) (default)
2019-10-02 19:53:51,398 [main] INFO  server.RaftServerConfigKeys (ConfUtils.java:logGet(43)) - raft.server.rpc.request.timeout = 3000ms (default)
2019-10-02 19:53:51,399 [main] INFO  server.RaftServerConfigKeys (ConfUtils.java:logGet(43)) - raft.server.storage.dir = [/workdir/hadoop-ozone/integration-test/target/test-dir/MiniOzoneClusterImpl-85ec13a9-98bf-43b5-845f-0fdbc936e02f/datanode-1/data/ratis] (custom)
2019-10-02 19:53:51,400 [main] INFO  hdfs.DFSUtil (DFSUtil.java:httpServerTemplateForNNAndJN(1641)) - Starting Web-server for hddsDatanode at: http://0.0.0.0:0
2019-10-02 19:53:51,402 [main] INFO  server.AuthenticationFilter (AuthenticationFilter.java:constructSecretProvider(240)) - Unable to initialize FileSignerSecretProvider, falling back to use random secrets.
2019-10-02 19:53:51,402 [main] WARN  http.HttpRequestLog (HttpRequestLog.java:getRequestLog(97)) - Jetty request log can only be enabled using Log4j
2019-10-02 19:53:51,404 [main] INFO  http.HttpServer2 (HttpServer2.java:addGlobalFilter(975)) - Added global filter 'safety' (class=org.apache.hadoop.http.HttpServer2$QuotingInputFilter)
2019-10-02 19:53:51,404 [main] INFO  http.HttpServer2 (HttpServer2.java:addFilter(948)) - Added filter static_user_filter (class=org.apache.hadoop.http.lib.StaticUserWebFilter$StaticUserFilter) to context hddsDatanode
2019-10-02 19:53:51,405 [main] INFO  http.HttpServer2 (HttpServer2.java:addFilter(958)) - Added filter static_user_filter (class=org.apache.hadoop.http.lib.StaticUserWebFilter$StaticUserFilter) to context logs
2019-10-02 19:53:51,405 [main] INFO  http.HttpServer2 (HttpServer2.java:addFilter(958)) - Added filter static_user_filter (class=org.apache.hadoop.http.lib.StaticUserWebFilter$StaticUserFilter) to context static
2019-10-02 19:53:51,405 [main] INFO  http.HttpServer2 (HttpServer2.java:bindListener(1191)) - Jetty bound to port 40342
2019-10-02 19:53:51,406 [main] INFO  server.Server (Server.java:doStart(351)) - jetty-9.3.25.v20180904, build timestamp: 2018-09-04T21:11:46Z, git hash: 3ce520221d0240229c862b122d2b06c12a625732
2019-10-02 19:53:51,410 [main] INFO  handler.ContextHandler (ContextHandler.java:doStart(781)) - Started o.e.j.s.ServletContextHandler@3ee0b4f7{/logs,file:///workdir/hadoop-ozone/integration-test/target/log,AVAILABLE}
2019-10-02 19:53:51,411 [main] INFO  handler.ContextHandler (ContextHandler.java:doStart(781)) - Started o.e.j.s.ServletContextHandler@4d41ba0f{/static,jar:file:/home/user/.m2/repository/org/apache/hadoop/hadoop-hdds-container-service/0.5.0-SNAPSHOT/hadoop-hdds-container-service-0.5.0-SNAPSHOT.jar!/webapps/static,AVAILABLE}
2019-10-02 19:53:51,440 [main] INFO  handler.ContextHandler (ContextHandler.java:doStart(781)) - Started o.e.j.w.WebAppContext@7baf1f5a{/,file:///tmp/jetty-0.0.0.0-40342-hddsDatanode-_-any-8124694866001415011.dir/webapp/,AVAILABLE}{/hddsDatanode}
2019-10-02 19:53:51,441 [main] INFO  server.AbstractConnector (AbstractConnector.java:doStart(278)) - Started ServerConnector@6cc86152{HTTP/1.1,[http/1.1]}{0.0.0.0:40342}
2019-10-02 19:53:51,442 [main] INFO  server.Server (Server.java:doStart(419)) - Started @5854ms
2019-10-02 19:53:51,442 [main] WARN  impl.MetricsSystemImpl (MetricsSystemImpl.java:register(276)) - Sink prometheus already exists!
2019-10-02 19:53:51,443 [main] INFO  server.BaseHttpServer (BaseHttpServer.java:updateConnectorAddress(215)) - HTTP server of HDDSDATANODE is listening at http://0.0.0.0:40342
2019-10-02 19:53:51,444 [main] INFO  impl.MetricsSystemImpl (MetricsSystemImpl.java:init(158)) - HddsDatanode metrics system started (again)
2019-10-02 19:53:51,446 [main] INFO  ozone.HddsDatanodeService (HddsDatanodeService.java:start(184)) - HddsDatanodeService host:pr-hdds-2223-zp5j9-3680597336 ip:192.168.157.242
2019-10-02 19:53:51,447 [org.apache.hadoop.util.JvmPauseMonitor$Monitor@70d86aae] INFO  util.JvmPauseMonitor (JvmPauseMonitor.java:run(188)) - Starting JVM pause monitor
2019-10-02 19:53:51,456 [main] INFO  volume.HddsVolume (HddsVolume.java:<init>(176)) - Creating Volume: /workdir/hadoop-ozone/integration-test/target/test-dir/MiniOzoneClusterImpl-85ec13a9-98bf-43b5-845f-0fdbc936e02f/datanode-2/data/containers/hdds of  storage type : DISK and capacity : 1482555576320
2019-10-02 19:53:51,457 [main] INFO  volume.VolumeSet (VolumeSet.java:initializeVolumeSet(170)) - Added Volume : /workdir/hadoop-ozone/integration-test/target/test-dir/MiniOzoneClusterImpl-85ec13a9-98bf-43b5-845f-0fdbc936e02f/datanode-2/data/containers/hdds to VolumeSet
2019-10-02 19:53:51,457 [main] INFO  volume.ThrottledAsyncChecker (ThrottledAsyncChecker.java:schedule(139)) - Scheduling a check for org.apache.hadoop.ozone.container.common.volume.HddsVolume@4b65d9f4
2019-10-02 19:53:51,458 [main] INFO  volume.HddsVolumeChecker (HddsVolumeChecker.java:checkAllVolumes(202)) - Scheduled health check for volume org.apache.hadoop.ozone.container.common.volume.HddsVolume@4b65d9f4
2019-10-02 19:53:51,471 [main] INFO  impl.RaftServerProxy (ConfUtils.java:logGet(43)) - raft.rpc.type = GRPC (default)
2019-10-02 19:53:51,471 [main] INFO  grpc.GrpcFactory (GrpcFactory.java:checkPooledByteBufAllocatorUseCacheForAllThreads(45)) - PERFORMANCE WARNING: useCacheForAllThreads is true that may cause Netty to create a lot garbage objects and, as a result, trigger GC.
	It is recommended to disable useCacheForAllThreads by setting -Dorg.apache.ratis.thirdparty.io.netty.allocator.useCacheForAllThreads=false in command line.
2019-10-02 19:53:51,472 [main] INFO  grpc.GrpcConfigKeys$Server (ConfUtils.java:logGet(43)) - raft.grpc.server.port = 0 (default)
2019-10-02 19:53:51,472 [main] INFO  server.GrpcService (ConfUtils.java:logGet(43)) - raft.grpc.message.size.max = 33570816 (custom)
2019-10-02 19:53:51,472 [main] INFO  server.RaftServerConfigKeys (ConfUtils.java:logGet(43)) - raft.server.log.appender.buffer.byte-limit = 33554432 (custom)
2019-10-02 19:53:51,472 [main] INFO  server.GrpcService (ConfUtils.java:logGet(43)) - raft.grpc.flow.control.window = 1MB (=1048576) (default)
2019-10-02 19:53:51,473 [main] INFO  server.RaftServerConfigKeys (ConfUtils.java:logGet(43)) - raft.server.rpc.request.timeout = 3000ms (default)
2019-10-02 19:53:51,473 [main] INFO  server.RaftServerConfigKeys (ConfUtils.java:logGet(43)) - raft.server.storage.dir = [/workdir/hadoop-ozone/integration-test/target/test-dir/MiniOzoneClusterImpl-85ec13a9-98bf-43b5-845f-0fdbc936e02f/datanode-2/data/ratis] (custom)
2019-10-02 19:53:51,475 [main] INFO  hdfs.DFSUtil (DFSUtil.java:httpServerTemplateForNNAndJN(1641)) - Starting Web-server for hddsDatanode at: http://0.0.0.0:0
2019-10-02 19:53:51,476 [main] INFO  server.AuthenticationFilter (AuthenticationFilter.java:constructSecretProvider(240)) - Unable to initialize FileSignerSecretProvider, falling back to use random secrets.
2019-10-02 19:53:51,477 [main] WARN  http.HttpRequestLog (HttpRequestLog.java:getRequestLog(97)) - Jetty request log can only be enabled using Log4j
2019-10-02 19:53:51,478 [main] INFO  http.HttpServer2 (HttpServer2.java:addGlobalFilter(975)) - Added global filter 'safety' (class=org.apache.hadoop.http.HttpServer2$QuotingInputFilter)
2019-10-02 19:53:51,479 [main] INFO  http.HttpServer2 (HttpServer2.java:addFilter(948)) - Added filter static_user_filter (class=org.apache.hadoop.http.lib.StaticUserWebFilter$StaticUserFilter) to context hddsDatanode
2019-10-02 19:53:51,479 [main] INFO  http.HttpServer2 (HttpServer2.java:addFilter(958)) - Added filter static_user_filter (class=org.apache.hadoop.http.lib.StaticUserWebFilter$StaticUserFilter) to context logs
2019-10-02 19:53:51,480 [main] INFO  http.HttpServer2 (HttpServer2.java:addFilter(958)) - Added filter static_user_filter (class=org.apache.hadoop.http.lib.StaticUserWebFilter$StaticUserFilter) to context static
2019-10-02 19:53:51,480 [main] INFO  http.HttpServer2 (HttpServer2.java:bindListener(1191)) - Jetty bound to port 42285
2019-10-02 19:53:51,480 [main] INFO  server.Server (Server.java:doStart(351)) - jetty-9.3.25.v20180904, build timestamp: 2018-09-04T21:11:46Z, git hash: 3ce520221d0240229c862b122d2b06c12a625732
2019-10-02 19:53:51,482 [main] INFO  handler.ContextHandler (ContextHandler.java:doStart(781)) - Started o.e.j.s.ServletContextHandler@40e37b06{/logs,file:///workdir/hadoop-ozone/integration-test/target/log,AVAILABLE}
2019-10-02 19:53:51,483 [main] INFO  handler.ContextHandler (ContextHandler.java:doStart(781)) - Started o.e.j.s.ServletContextHandler@6dcc40f5{/static,jar:file:/home/user/.m2/repository/org/apache/hadoop/hadoop-hdds-container-service/0.5.0-SNAPSHOT/hadoop-hdds-container-service-0.5.0-SNAPSHOT.jar!/webapps/static,AVAILABLE}
2019-10-02 19:53:51,509 [Datanode State Machine Thread - 0] INFO  datanode.InitDatanodeState (InitDatanodeState.java:persistContainerDatanodeDetails(140)) - DatanodeDetails is persisted to /workdir/hadoop-ozone/integration-test/target/test-dir/MiniOzoneClusterImpl-85ec13a9-98bf-43b5-845f-0fdbc936e02f/datanode-0/meta/datanode.id
2019-10-02 19:53:51,514 [Datanode State Machine Thread - 0] INFO  datanode.InitDatanodeState (InitDatanodeState.java:persistContainerDatanodeDetails(140)) - DatanodeDetails is persisted to /workdir/hadoop-ozone/integration-test/target/test-dir/MiniOzoneClusterImpl-85ec13a9-98bf-43b5-845f-0fdbc936e02f/datanode-1/meta/datanode.id
2019-10-02 19:53:51,517 [main] INFO  handler.ContextHandler (ContextHandler.java:doStart(781)) - Started o.e.j.w.WebAppContext@6b1dc20f{/,file:///tmp/jetty-0.0.0.0-42285-hddsDatanode-_-any-2684256750140353872.dir/webapp/,AVAILABLE}{/hddsDatanode}
2019-10-02 19:53:51,517 [main] INFO  server.AbstractConnector (AbstractConnector.java:doStart(278)) - Started ServerConnector@4613311f{HTTP/1.1,[http/1.1]}{0.0.0.0:42285}
2019-10-02 19:53:51,518 [main] INFO  server.Server (Server.java:doStart(419)) - Started @5931ms
2019-10-02 19:53:51,518 [main] WARN  impl.MetricsSystemImpl (MetricsSystemImpl.java:register(276)) - Sink prometheus already exists!
2019-10-02 19:53:51,520 [main] INFO  server.BaseHttpServer (BaseHttpServer.java:updateConnectorAddress(215)) - HTTP server of HDDSDATANODE is listening at http://0.0.0.0:42285
2019-10-02 19:53:51,520 [main] INFO  impl.MetricsSystemImpl (MetricsSystemImpl.java:init(158)) - HddsDatanode metrics system started (again)
2019-10-02 19:53:51,523 [main] INFO  ozone.HddsDatanodeService (HddsDatanodeService.java:start(184)) - HddsDatanodeService host:pr-hdds-2223-zp5j9-3680597336 ip:192.168.157.242
2019-10-02 19:53:51,524 [org.apache.hadoop.util.JvmPauseMonitor$Monitor@2e19b60d] INFO  util.JvmPauseMonitor (JvmPauseMonitor.java:run(188)) - Starting JVM pause monitor
2019-10-02 19:53:51,527 [Datanode State Machine Thread - 0] INFO  datanode.InitDatanodeState (InitDatanodeState.java:persistContainerDatanodeDetails(140)) - DatanodeDetails is persisted to /workdir/hadoop-ozone/integration-test/target/test-dir/MiniOzoneClusterImpl-85ec13a9-98bf-43b5-845f-0fdbc936e02f/datanode-2/meta/datanode.id
2019-10-02 19:53:51,532 [main] INFO  volume.HddsVolume (HddsVolume.java:<init>(176)) - Creating Volume: /workdir/hadoop-ozone/integration-test/target/test-dir/MiniOzoneClusterImpl-85ec13a9-98bf-43b5-845f-0fdbc936e02f/datanode-3/data/containers/hdds of  storage type : DISK and capacity : 1482555576320
2019-10-02 19:53:51,533 [main] INFO  volume.VolumeSet (VolumeSet.java:initializeVolumeSet(170)) - Added Volume : /workdir/hadoop-ozone/integration-test/target/test-dir/MiniOzoneClusterImpl-85ec13a9-98bf-43b5-845f-0fdbc936e02f/datanode-3/data/containers/hdds to VolumeSet
2019-10-02 19:53:51,534 [main] INFO  volume.ThrottledAsyncChecker (ThrottledAsyncChecker.java:schedule(139)) - Scheduling a check for org.apache.hadoop.ozone.container.common.volume.HddsVolume@36480b2d
2019-10-02 19:53:51,534 [main] INFO  volume.HddsVolumeChecker (HddsVolumeChecker.java:checkAllVolumes(202)) - Scheduled health check for volume org.apache.hadoop.ozone.container.common.volume.HddsVolume@36480b2d
2019-10-02 19:53:51,548 [main] INFO  impl.RaftServerProxy (ConfUtils.java:logGet(43)) - raft.rpc.type = GRPC (default)
2019-10-02 19:53:51,548 [main] INFO  grpc.GrpcFactory (GrpcFactory.java:checkPooledByteBufAllocatorUseCacheForAllThreads(45)) - PERFORMANCE WARNING: useCacheForAllThreads is true that may cause Netty to create a lot garbage objects and, as a result, trigger GC.
	It is recommended to disable useCacheForAllThreads by setting -Dorg.apache.ratis.thirdparty.io.netty.allocator.useCacheForAllThreads=false in command line.
2019-10-02 19:53:51,548 [main] INFO  grpc.GrpcConfigKeys$Server (ConfUtils.java:logGet(43)) - raft.grpc.server.port = 0 (default)
2019-10-02 19:53:51,549 [main] INFO  server.GrpcService (ConfUtils.java:logGet(43)) - raft.grpc.message.size.max = 33570816 (custom)
2019-10-02 19:53:51,549 [main] INFO  server.RaftServerConfigKeys (ConfUtils.java:logGet(43)) - raft.server.log.appender.buffer.byte-limit = 33554432 (custom)
2019-10-02 19:53:51,549 [main] INFO  server.GrpcService (ConfUtils.java:logGet(43)) - raft.grpc.flow.control.window = 1MB (=1048576) (default)
2019-10-02 19:53:51,549 [main] INFO  server.RaftServerConfigKeys (ConfUtils.java:logGet(43)) - raft.server.rpc.request.timeout = 3000ms (default)
2019-10-02 19:53:51,550 [main] INFO  server.RaftServerConfigKeys (ConfUtils.java:logGet(43)) - raft.server.storage.dir = [/workdir/hadoop-ozone/integration-test/target/test-dir/MiniOzoneClusterImpl-85ec13a9-98bf-43b5-845f-0fdbc936e02f/datanode-3/data/ratis] (custom)
2019-10-02 19:53:51,552 [main] INFO  hdfs.DFSUtil (DFSUtil.java:httpServerTemplateForNNAndJN(1641)) - Starting Web-server for hddsDatanode at: http://0.0.0.0:0
2019-10-02 19:53:51,553 [main] INFO  server.AuthenticationFilter (AuthenticationFilter.java:constructSecretProvider(240)) - Unable to initialize FileSignerSecretProvider, falling back to use random secrets.
2019-10-02 19:53:51,553 [main] WARN  http.HttpRequestLog (HttpRequestLog.java:getRequestLog(97)) - Jetty request log can only be enabled using Log4j
2019-10-02 19:53:51,555 [main] INFO  http.HttpServer2 (HttpServer2.java:addGlobalFilter(975)) - Added global filter 'safety' (class=org.apache.hadoop.http.HttpServer2$QuotingInputFilter)
2019-10-02 19:53:51,555 [main] INFO  http.HttpServer2 (HttpServer2.java:addFilter(948)) - Added filter static_user_filter (class=org.apache.hadoop.http.lib.StaticUserWebFilter$StaticUserFilter) to context hddsDatanode
2019-10-02 19:53:51,555 [main] INFO  http.HttpServer2 (HttpServer2.java:addFilter(958)) - Added filter static_user_filter (class=org.apache.hadoop.http.lib.StaticUserWebFilter$StaticUserFilter) to context static
2019-10-02 19:53:51,556 [main] INFO  http.HttpServer2 (HttpServer2.java:addFilter(958)) - Added filter static_user_filter (class=org.apache.hadoop.http.lib.StaticUserWebFilter$StaticUserFilter) to context logs
2019-10-02 19:53:51,556 [main] INFO  http.HttpServer2 (HttpServer2.java:bindListener(1191)) - Jetty bound to port 33064
2019-10-02 19:53:51,556 [main] INFO  server.Server (Server.java:doStart(351)) - jetty-9.3.25.v20180904, build timestamp: 2018-09-04T21:11:46Z, git hash: 3ce520221d0240229c862b122d2b06c12a625732
2019-10-02 19:53:51,563 [main] INFO  handler.ContextHandler (ContextHandler.java:doStart(781)) - Started o.e.j.s.ServletContextHandler@70972170{/logs,file:///workdir/hadoop-ozone/integration-test/target/log,AVAILABLE}
2019-10-02 19:53:51,563 [main] INFO  handler.ContextHandler (ContextHandler.java:doStart(781)) - Started o.e.j.s.ServletContextHandler@4e1a46fb{/static,jar:file:/home/user/.m2/repository/org/apache/hadoop/hadoop-hdds-container-service/0.5.0-SNAPSHOT/hadoop-hdds-container-service-0.5.0-SNAPSHOT.jar!/webapps/static,AVAILABLE}
2019-10-02 19:53:51,592 [main] INFO  handler.ContextHandler (ContextHandler.java:doStart(781)) - Started o.e.j.w.WebAppContext@1687eb01{/,file:///tmp/jetty-0.0.0.0-33064-hddsDatanode-_-any-3832851314989418169.dir/webapp/,AVAILABLE}{/hddsDatanode}
2019-10-02 19:53:51,593 [main] INFO  server.AbstractConnector (AbstractConnector.java:doStart(278)) - Started ServerConnector@748d2277{HTTP/1.1,[http/1.1]}{0.0.0.0:33064}
2019-10-02 19:53:51,593 [main] INFO  server.Server (Server.java:doStart(419)) - Started @6006ms
2019-10-02 19:53:51,595 [main] WARN  impl.MetricsSystemImpl (MetricsSystemImpl.java:register(276)) - Sink prometheus already exists!
2019-10-02 19:53:51,595 [main] INFO  server.BaseHttpServer (BaseHttpServer.java:updateConnectorAddress(215)) - HTTP server of HDDSDATANODE is listening at http://0.0.0.0:33064
2019-10-02 19:53:51,596 [main] INFO  impl.MetricsSystemImpl (MetricsSystemImpl.java:init(158)) - HddsDatanode metrics system started (again)
2019-10-02 19:53:51,599 [main] INFO  ozone.HddsDatanodeService (HddsDatanodeService.java:start(184)) - HddsDatanodeService host:pr-hdds-2223-zp5j9-3680597336 ip:192.168.157.242
2019-10-02 19:53:51,599 [org.apache.hadoop.util.JvmPauseMonitor$Monitor@671ee53a] INFO  util.JvmPauseMonitor (JvmPauseMonitor.java:run(188)) - Starting JVM pause monitor
2019-10-02 19:53:51,602 [Datanode State Machine Thread - 0] INFO  datanode.InitDatanodeState (InitDatanodeState.java:persistContainerDatanodeDetails(140)) - DatanodeDetails is persisted to /workdir/hadoop-ozone/integration-test/target/test-dir/MiniOzoneClusterImpl-85ec13a9-98bf-43b5-845f-0fdbc936e02f/datanode-3/meta/datanode.id
2019-10-02 19:53:51,610 [main] INFO  volume.HddsVolume (HddsVolume.java:<init>(176)) - Creating Volume: /workdir/hadoop-ozone/integration-test/target/test-dir/MiniOzoneClusterImpl-85ec13a9-98bf-43b5-845f-0fdbc936e02f/datanode-4/data/containers/hdds of  storage type : DISK and capacity : 1482555576320
2019-10-02 19:53:51,610 [main] INFO  volume.VolumeSet (VolumeSet.java:initializeVolumeSet(170)) - Added Volume : /workdir/hadoop-ozone/integration-test/target/test-dir/MiniOzoneClusterImpl-85ec13a9-98bf-43b5-845f-0fdbc936e02f/datanode-4/data/containers/hdds to VolumeSet
2019-10-02 19:53:51,611 [main] INFO  volume.ThrottledAsyncChecker (ThrottledAsyncChecker.java:schedule(139)) - Scheduling a check for org.apache.hadoop.ozone.container.common.volume.HddsVolume@561b7d53
2019-10-02 19:53:51,611 [main] INFO  volume.HddsVolumeChecker (HddsVolumeChecker.java:checkAllVolumes(202)) - Scheduled health check for volume org.apache.hadoop.ozone.container.common.volume.HddsVolume@561b7d53
2019-10-02 19:53:51,624 [main] INFO  impl.RaftServerProxy (ConfUtils.java:logGet(43)) - raft.rpc.type = GRPC (default)
2019-10-02 19:53:51,624 [main] INFO  grpc.GrpcFactory (GrpcFactory.java:checkPooledByteBufAllocatorUseCacheForAllThreads(45)) - PERFORMANCE WARNING: useCacheForAllThreads is true that may cause Netty to create a lot garbage objects and, as a result, trigger GC.
	It is recommended to disable useCacheForAllThreads by setting -Dorg.apache.ratis.thirdparty.io.netty.allocator.useCacheForAllThreads=false in command line.
2019-10-02 19:53:51,625 [main] INFO  grpc.GrpcConfigKeys$Server (ConfUtils.java:logGet(43)) - raft.grpc.server.port = 0 (default)
2019-10-02 19:53:51,625 [main] INFO  server.GrpcService (ConfUtils.java:logGet(43)) - raft.grpc.message.size.max = 33570816 (custom)
2019-10-02 19:53:51,625 [main] INFO  server.RaftServerConfigKeys (ConfUtils.java:logGet(43)) - raft.server.log.appender.buffer.byte-limit = 33554432 (custom)
2019-10-02 19:53:51,625 [main] INFO  server.GrpcService (ConfUtils.java:logGet(43)) - raft.grpc.flow.control.window = 1MB (=1048576) (default)
2019-10-02 19:53:51,625 [main] INFO  server.RaftServerConfigKeys (ConfUtils.java:logGet(43)) - raft.server.rpc.request.timeout = 3000ms (default)
2019-10-02 19:53:51,626 [main] INFO  server.RaftServerConfigKeys (ConfUtils.java:logGet(43)) - raft.server.storage.dir = [/workdir/hadoop-ozone/integration-test/target/test-dir/MiniOzoneClusterImpl-85ec13a9-98bf-43b5-845f-0fdbc936e02f/datanode-4/data/ratis] (custom)
2019-10-02 19:53:51,628 [main] INFO  hdfs.DFSUtil (DFSUtil.java:httpServerTemplateForNNAndJN(1641)) - Starting Web-server for hddsDatanode at: http://0.0.0.0:0
2019-10-02 19:53:51,629 [main] INFO  server.AuthenticationFilter (AuthenticationFilter.java:constructSecretProvider(240)) - Unable to initialize FileSignerSecretProvider, falling back to use random secrets.
2019-10-02 19:53:51,629 [main] WARN  http.HttpRequestLog (HttpRequestLog.java:getRequestLog(97)) - Jetty request log can only be enabled using Log4j
2019-10-02 19:53:51,631 [main] INFO  http.HttpServer2 (HttpServer2.java:addGlobalFilter(975)) - Added global filter 'safety' (class=org.apache.hadoop.http.HttpServer2$QuotingInputFilter)
2019-10-02 19:53:51,632 [main] INFO  http.HttpServer2 (HttpServer2.java:addFilter(948)) - Added filter static_user_filter (class=org.apache.hadoop.http.lib.StaticUserWebFilter$StaticUserFilter) to context hddsDatanode
2019-10-02 19:53:51,632 [main] INFO  http.HttpServer2 (HttpServer2.java:addFilter(958)) - Added filter static_user_filter (class=org.apache.hadoop.http.lib.StaticUserWebFilter$StaticUserFilter) to context logs
2019-10-02 19:53:51,632 [main] INFO  http.HttpServer2 (HttpServer2.java:addFilter(958)) - Added filter static_user_filter (class=org.apache.hadoop.http.lib.StaticUserWebFilter$StaticUserFilter) to context static
2019-10-02 19:53:51,633 [main] INFO  http.HttpServer2 (HttpServer2.java:bindListener(1191)) - Jetty bound to port 37355
2019-10-02 19:53:51,633 [main] INFO  server.Server (Server.java:doStart(351)) - jetty-9.3.25.v20180904, build timestamp: 2018-09-04T21:11:46Z, git hash: 3ce520221d0240229c862b122d2b06c12a625732
2019-10-02 19:53:51,635 [main] INFO  handler.ContextHandler (ContextHandler.java:doStart(781)) - Started o.e.j.s.ServletContextHandler@250a500b{/logs,file:///workdir/hadoop-ozone/integration-test/target/log,AVAILABLE}
2019-10-02 19:53:51,636 [main] INFO  handler.ContextHandler (ContextHandler.java:doStart(781)) - Started o.e.j.s.ServletContextHandler@4f89331f{/static,jar:file:/home/user/.m2/repository/org/apache/hadoop/hadoop-hdds-container-service/0.5.0-SNAPSHOT/hadoop-hdds-container-service-0.5.0-SNAPSHOT.jar!/webapps/static,AVAILABLE}
2019-10-02 19:53:51,665 [main] INFO  handler.ContextHandler (ContextHandler.java:doStart(781)) - Started o.e.j.w.WebAppContext@6f911326{/,file:///tmp/jetty-0.0.0.0-37355-hddsDatanode-_-any-2940888420479759669.dir/webapp/,AVAILABLE}{/hddsDatanode}
2019-10-02 19:53:51,667 [main] INFO  server.AbstractConnector (AbstractConnector.java:doStart(278)) - Started ServerConnector@f1d0004{HTTP/1.1,[http/1.1]}{0.0.0.0:37355}
2019-10-02 19:53:51,667 [main] INFO  server.Server (Server.java:doStart(419)) - Started @6080ms
2019-10-02 19:53:51,667 [main] WARN  impl.MetricsSystemImpl (MetricsSystemImpl.java:register(276)) - Sink prometheus already exists!
2019-10-02 19:53:51,668 [main] INFO  server.BaseHttpServer (BaseHttpServer.java:updateConnectorAddress(215)) - HTTP server of HDDSDATANODE is listening at http://0.0.0.0:37355
2019-10-02 19:53:51,669 [main] INFO  impl.MetricsSystemImpl (MetricsSystemImpl.java:init(158)) - HddsDatanode metrics system started (again)
2019-10-02 19:53:51,672 [main] INFO  ozone.HddsDatanodeService (HddsDatanodeService.java:start(184)) - HddsDatanodeService host:pr-hdds-2223-zp5j9-3680597336 ip:192.168.157.242
2019-10-02 19:53:51,672 [org.apache.hadoop.util.JvmPauseMonitor$Monitor@60f8a871] INFO  util.JvmPauseMonitor (JvmPauseMonitor.java:run(188)) - Starting JVM pause monitor
2019-10-02 19:53:51,675 [Datanode State Machine Thread - 0] INFO  datanode.InitDatanodeState (InitDatanodeState.java:persistContainerDatanodeDetails(140)) - DatanodeDetails is persisted to /workdir/hadoop-ozone/integration-test/target/test-dir/MiniOzoneClusterImpl-85ec13a9-98bf-43b5-845f-0fdbc936e02f/datanode-4/meta/datanode.id
2019-10-02 19:53:51,682 [main] INFO  volume.HddsVolume (HddsVolume.java:<init>(176)) - Creating Volume: /workdir/hadoop-ozone/integration-test/target/test-dir/MiniOzoneClusterImpl-85ec13a9-98bf-43b5-845f-0fdbc936e02f/datanode-5/data/containers/hdds of  storage type : DISK and capacity : 1482555576320
2019-10-02 19:53:51,683 [main] INFO  volume.VolumeSet (VolumeSet.java:initializeVolumeSet(170)) - Added Volume : /workdir/hadoop-ozone/integration-test/target/test-dir/MiniOzoneClusterImpl-85ec13a9-98bf-43b5-845f-0fdbc936e02f/datanode-5/data/containers/hdds to VolumeSet
2019-10-02 19:53:51,683 [main] INFO  volume.ThrottledAsyncChecker (ThrottledAsyncChecker.java:schedule(139)) - Scheduling a check for org.apache.hadoop.ozone.container.common.volume.HddsVolume@51d387d3
2019-10-02 19:53:51,683 [main] INFO  volume.HddsVolumeChecker (HddsVolumeChecker.java:checkAllVolumes(202)) - Scheduled health check for volume org.apache.hadoop.ozone.container.common.volume.HddsVolume@51d387d3
2019-10-02 19:53:51,700 [main] INFO  impl.RaftServerProxy (ConfUtils.java:logGet(43)) - raft.rpc.type = GRPC (default)
2019-10-02 19:53:51,700 [main] INFO  grpc.GrpcFactory (GrpcFactory.java:checkPooledByteBufAllocatorUseCacheForAllThreads(45)) - PERFORMANCE WARNING: useCacheForAllThreads is true that may cause Netty to create a lot garbage objects and, as a result, trigger GC.
	It is recommended to disable useCacheForAllThreads by setting -Dorg.apache.ratis.thirdparty.io.netty.allocator.useCacheForAllThreads=false in command line.
2019-10-02 19:53:51,701 [main] INFO  grpc.GrpcConfigKeys$Server (ConfUtils.java:logGet(43)) - raft.grpc.server.port = 0 (default)
2019-10-02 19:53:51,701 [main] INFO  server.GrpcService (ConfUtils.java:logGet(43)) - raft.grpc.message.size.max = 33570816 (custom)
2019-10-02 19:53:51,701 [main] INFO  server.RaftServerConfigKeys (ConfUtils.java:logGet(43)) - raft.server.log.appender.buffer.byte-limit = 33554432 (custom)
2019-10-02 19:53:51,701 [main] INFO  server.GrpcService (ConfUtils.java:logGet(43)) - raft.grpc.flow.control.window = 1MB (=1048576) (default)
2019-10-02 19:53:51,702 [main] INFO  server.RaftServerConfigKeys (ConfUtils.java:logGet(43)) - raft.server.rpc.request.timeout = 3000ms (default)
2019-10-02 19:53:51,702 [main] INFO  server.RaftServerConfigKeys (ConfUtils.java:logGet(43)) - raft.server.storage.dir = [/workdir/hadoop-ozone/integration-test/target/test-dir/MiniOzoneClusterImpl-85ec13a9-98bf-43b5-845f-0fdbc936e02f/datanode-5/data/ratis] (custom)
2019-10-02 19:53:51,704 [main] INFO  hdfs.DFSUtil (DFSUtil.java:httpServerTemplateForNNAndJN(1641)) - Starting Web-server for hddsDatanode at: http://0.0.0.0:0
2019-10-02 19:53:51,706 [main] INFO  server.AuthenticationFilter (AuthenticationFilter.java:constructSecretProvider(240)) - Unable to initialize FileSignerSecretProvider, falling back to use random secrets.
2019-10-02 19:53:51,707 [main] WARN  http.HttpRequestLog (HttpRequestLog.java:getRequestLog(97)) - Jetty request log can only be enabled using Log4j
2019-10-02 19:53:51,708 [main] INFO  http.HttpServer2 (HttpServer2.java:addGlobalFilter(975)) - Added global filter 'safety' (class=org.apache.hadoop.http.HttpServer2$QuotingInputFilter)
2019-10-02 19:53:51,709 [main] INFO  http.HttpServer2 (HttpServer2.java:addFilter(948)) - Added filter static_user_filter (class=org.apache.hadoop.http.lib.StaticUserWebFilter$StaticUserFilter) to context hddsDatanode
2019-10-02 19:53:51,709 [main] INFO  http.HttpServer2 (HttpServer2.java:addFilter(958)) - Added filter static_user_filter (class=org.apache.hadoop.http.lib.StaticUserWebFilter$StaticUserFilter) to context logs
2019-10-02 19:53:51,709 [main] INFO  http.HttpServer2 (HttpServer2.java:addFilter(958)) - Added filter static_user_filter (class=org.apache.hadoop.http.lib.StaticUserWebFilter$StaticUserFilter) to context static
2019-10-02 19:53:51,710 [main] INFO  http.HttpServer2 (HttpServer2.java:bindListener(1191)) - Jetty bound to port 38984
2019-10-02 19:53:51,710 [main] INFO  server.Server (Server.java:doStart(351)) - jetty-9.3.25.v20180904, build timestamp: 2018-09-04T21:11:46Z, git hash: 3ce520221d0240229c862b122d2b06c12a625732
2019-10-02 19:53:51,712 [main] INFO  handler.ContextHandler (ContextHandler.java:doStart(781)) - Started o.e.j.s.ServletContextHandler@12d5c30e{/logs,file:///workdir/hadoop-ozone/integration-test/target/log,AVAILABLE}
2019-10-02 19:53:51,713 [main] INFO  handler.ContextHandler (ContextHandler.java:doStart(781)) - Started o.e.j.s.ServletContextHandler@26586b74{/static,jar:file:/home/user/.m2/repository/org/apache/hadoop/hadoop-hdds-container-service/0.5.0-SNAPSHOT/hadoop-hdds-container-service-0.5.0-SNAPSHOT.jar!/webapps/static,AVAILABLE}
2019-10-02 19:53:51,744 [main] INFO  handler.ContextHandler (ContextHandler.java:doStart(781)) - Started o.e.j.w.WebAppContext@ae2db25{/,file:///tmp/jetty-0.0.0.0-38984-hddsDatanode-_-any-6410623178085504929.dir/webapp/,AVAILABLE}{/hddsDatanode}
2019-10-02 19:53:51,746 [main] INFO  server.AbstractConnector (AbstractConnector.java:doStart(278)) - Started ServerConnector@363c4251{HTTP/1.1,[http/1.1]}{0.0.0.0:38984}
2019-10-02 19:53:51,746 [main] INFO  server.Server (Server.java:doStart(419)) - Started @6158ms
2019-10-02 19:53:51,746 [main] WARN  impl.MetricsSystemImpl (MetricsSystemImpl.java:register(276)) - Sink prometheus already exists!
2019-10-02 19:53:51,747 [main] INFO  server.BaseHttpServer (BaseHttpServer.java:updateConnectorAddress(215)) - HTTP server of HDDSDATANODE is listening at http://0.0.0.0:38984
2019-10-02 19:53:51,747 [main] INFO  impl.MetricsSystemImpl (MetricsSystemImpl.java:init(158)) - HddsDatanode metrics system started (again)
2019-10-02 19:53:51,751 [org.apache.hadoop.util.JvmPauseMonitor$Monitor@2939ab6] INFO  util.JvmPauseMonitor (JvmPauseMonitor.java:run(188)) - Starting JVM pause monitor
2019-10-02 19:53:51,751 [main] INFO  ozone.HddsDatanodeService (HddsDatanodeService.java:start(184)) - HddsDatanodeService host:pr-hdds-2223-zp5j9-3680597336 ip:192.168.157.242
2019-10-02 19:53:51,753 [Datanode State Machine Thread - 0] INFO  datanode.InitDatanodeState (InitDatanodeState.java:persistContainerDatanodeDetails(140)) - DatanodeDetails is persisted to /workdir/hadoop-ozone/integration-test/target/test-dir/MiniOzoneClusterImpl-85ec13a9-98bf-43b5-845f-0fdbc936e02f/datanode-5/meta/datanode.id
2019-10-02 19:53:51,759 [main] INFO  volume.HddsVolume (HddsVolume.java:<init>(176)) - Creating Volume: /workdir/hadoop-ozone/integration-test/target/test-dir/MiniOzoneClusterImpl-85ec13a9-98bf-43b5-845f-0fdbc936e02f/datanode-6/data/containers/hdds of  storage type : DISK and capacity : 1482555576320
2019-10-02 19:53:51,759 [main] INFO  volume.VolumeSet (VolumeSet.java:initializeVolumeSet(170)) - Added Volume : /workdir/hadoop-ozone/integration-test/target/test-dir/MiniOzoneClusterImpl-85ec13a9-98bf-43b5-845f-0fdbc936e02f/datanode-6/data/containers/hdds to VolumeSet
2019-10-02 19:53:51,759 [main] INFO  volume.ThrottledAsyncChecker (ThrottledAsyncChecker.java:schedule(139)) - Scheduling a check for org.apache.hadoop.ozone.container.common.volume.HddsVolume@72fd8a3c
2019-10-02 19:53:51,760 [main] INFO  volume.HddsVolumeChecker (HddsVolumeChecker.java:checkAllVolumes(202)) - Scheduled health check for volume org.apache.hadoop.ozone.container.common.volume.HddsVolume@72fd8a3c
2019-10-02 19:53:51,773 [main] INFO  impl.RaftServerProxy (ConfUtils.java:logGet(43)) - raft.rpc.type = GRPC (default)
2019-10-02 19:53:51,774 [main] INFO  grpc.GrpcFactory (GrpcFactory.java:checkPooledByteBufAllocatorUseCacheForAllThreads(45)) - PERFORMANCE WARNING: useCacheForAllThreads is true that may cause Netty to create a lot garbage objects and, as a result, trigger GC.
	It is recommended to disable useCacheForAllThreads by setting -Dorg.apache.ratis.thirdparty.io.netty.allocator.useCacheForAllThreads=false in command line.
2019-10-02 19:53:51,774 [main] INFO  grpc.GrpcConfigKeys$Server (ConfUtils.java:logGet(43)) - raft.grpc.server.port = 0 (default)
2019-10-02 19:53:51,774 [main] INFO  server.GrpcService (ConfUtils.java:logGet(43)) - raft.grpc.message.size.max = 33570816 (custom)
2019-10-02 19:53:51,774 [main] INFO  server.RaftServerConfigKeys (ConfUtils.java:logGet(43)) - raft.server.log.appender.buffer.byte-limit = 33554432 (custom)
2019-10-02 19:53:51,775 [main] INFO  server.GrpcService (ConfUtils.java:logGet(43)) - raft.grpc.flow.control.window = 1MB (=1048576) (default)
2019-10-02 19:53:51,775 [main] INFO  server.RaftServerConfigKeys (ConfUtils.java:logGet(43)) - raft.server.rpc.request.timeout = 3000ms (default)
2019-10-02 19:53:51,775 [main] INFO  server.RaftServerConfigKeys (ConfUtils.java:logGet(43)) - raft.server.storage.dir = [/workdir/hadoop-ozone/integration-test/target/test-dir/MiniOzoneClusterImpl-85ec13a9-98bf-43b5-845f-0fdbc936e02f/datanode-6/data/ratis] (custom)
2019-10-02 19:53:51,777 [main] INFO  hdfs.DFSUtil (DFSUtil.java:httpServerTemplateForNNAndJN(1641)) - Starting Web-server for hddsDatanode at: http://0.0.0.0:0
2019-10-02 19:53:51,778 [main] INFO  server.AuthenticationFilter (AuthenticationFilter.java:constructSecretProvider(240)) - Unable to initialize FileSignerSecretProvider, falling back to use random secrets.
2019-10-02 19:53:51,778 [main] WARN  http.HttpRequestLog (HttpRequestLog.java:getRequestLog(97)) - Jetty request log can only be enabled using Log4j
2019-10-02 19:53:51,780 [main] INFO  http.HttpServer2 (HttpServer2.java:addGlobalFilter(975)) - Added global filter 'safety' (class=org.apache.hadoop.http.HttpServer2$QuotingInputFilter)
2019-10-02 19:53:51,780 [main] INFO  http.HttpServer2 (HttpServer2.java:addFilter(948)) - Added filter static_user_filter (class=org.apache.hadoop.http.lib.StaticUserWebFilter$StaticUserFilter) to context hddsDatanode
2019-10-02 19:53:51,781 [main] INFO  http.HttpServer2 (HttpServer2.java:addFilter(958)) - Added filter static_user_filter (class=org.apache.hadoop.http.lib.StaticUserWebFilter$StaticUserFilter) to context logs
2019-10-02 19:53:51,781 [main] INFO  http.HttpServer2 (HttpServer2.java:addFilter(958)) - Added filter static_user_filter (class=org.apache.hadoop.http.lib.StaticUserWebFilter$StaticUserFilter) to context static
2019-10-02 19:53:51,781 [main] INFO  http.HttpServer2 (HttpServer2.java:bindListener(1191)) - Jetty bound to port 45539
2019-10-02 19:53:51,782 [main] INFO  server.Server (Server.java:doStart(351)) - jetty-9.3.25.v20180904, build timestamp: 2018-09-04T21:11:46Z, git hash: 3ce520221d0240229c862b122d2b06c12a625732
2019-10-02 19:53:51,783 [main] INFO  handler.ContextHandler (ContextHandler.java:doStart(781)) - Started o.e.j.s.ServletContextHandler@7d3fb0ef{/logs,file:///workdir/hadoop-ozone/integration-test/target/log,AVAILABLE}
2019-10-02 19:53:51,784 [main] INFO  handler.ContextHandler (ContextHandler.java:doStart(781)) - Started o.e.j.s.ServletContextHandler@4adc663e{/static,jar:file:/home/user/.m2/repository/org/apache/hadoop/hadoop-hdds-container-service/0.5.0-SNAPSHOT/hadoop-hdds-container-service-0.5.0-SNAPSHOT.jar!/webapps/static,AVAILABLE}
2019-10-02 19:53:51,812 [main] INFO  handler.ContextHandler (ContextHandler.java:doStart(781)) - Started o.e.j.w.WebAppContext@6c841199{/,file:///tmp/jetty-0.0.0.0-45539-hddsDatanode-_-any-7745096708603570494.dir/webapp/,AVAILABLE}{/hddsDatanode}
2019-10-02 19:53:51,813 [main] INFO  server.AbstractConnector (AbstractConnector.java:doStart(278)) - Started ServerConnector@6a818392{HTTP/1.1,[http/1.1]}{0.0.0.0:45539}
2019-10-02 19:53:51,814 [main] INFO  server.Server (Server.java:doStart(419)) - Started @6227ms
2019-10-02 19:53:51,814 [main] WARN  impl.MetricsSystemImpl (MetricsSystemImpl.java:register(276)) - Sink prometheus already exists!
2019-10-02 19:53:51,815 [main] INFO  server.BaseHttpServer (BaseHttpServer.java:updateConnectorAddress(215)) - HTTP server of HDDSDATANODE is listening at http://0.0.0.0:45539
2019-10-02 19:53:51,817 [main] INFO  ozone.MiniOzoneClusterImpl (MiniOzoneClusterImpl.java:lambda$waitForClusterToBeReady$0(147)) - Waiting for cluster to be ready. Got 0 of 7 DN Heartbeats.
2019-10-02 19:53:51,818 [org.apache.hadoop.util.JvmPauseMonitor$Monitor@4bc1b885] INFO  util.JvmPauseMonitor (JvmPauseMonitor.java:run(188)) - Starting JVM pause monitor
2019-10-02 19:53:51,821 [Datanode State Machine Thread - 0] INFO  datanode.InitDatanodeState (InitDatanodeState.java:persistContainerDatanodeDetails(140)) - DatanodeDetails is persisted to /workdir/hadoop-ozone/integration-test/target/test-dir/MiniOzoneClusterImpl-85ec13a9-98bf-43b5-845f-0fdbc936e02f/datanode-6/meta/datanode.id
2019-10-02 19:53:52,818 [main] INFO  ozone.MiniOzoneClusterImpl (MiniOzoneClusterImpl.java:lambda$waitForClusterToBeReady$0(147)) - Waiting for cluster to be ready. Got 0 of 7 DN Heartbeats.
2019-10-02 19:53:53,439 [Datanode State Machine Thread - 0] INFO  ozoneimpl.OzoneContainer (OzoneContainer.java:start(217)) - Attempting to start container services.
2019-10-02 19:53:53,442 [Datanode State Machine Thread - 0] INFO  ozoneimpl.OzoneContainer (OzoneContainer.java:startContainerScrub(179)) - Background container scanner has been disabled.
2019-10-02 19:53:53,443 [Datanode State Machine Thread - 0] INFO  ratis.XceiverServerRatis (XceiverServerRatis.java:start(417)) - Starting XceiverServerRatis 230a1857-bafd-469f-96b3-77153f152411 at port 0
2019-10-02 19:53:53,468 [Datanode State Machine Thread - 0] INFO  ozoneimpl.OzoneContainer (OzoneContainer.java:start(217)) - Attempting to start container services.
2019-10-02 19:53:53,477 [Datanode State Machine Thread - 0] INFO  ozoneimpl.OzoneContainer (OzoneContainer.java:startContainerScrub(179)) - Background container scanner has been disabled.
2019-10-02 19:53:53,477 [Datanode State Machine Thread - 0] INFO  ratis.XceiverServerRatis (XceiverServerRatis.java:start(417)) - Starting XceiverServerRatis 7bae9e7d-ac17-45dd-9802-adba67965dd5 at port 0
2019-10-02 19:53:53,481 [Datanode State Machine Thread - 0] INFO  impl.RaftServerProxy (RaftServerProxy.java:lambda$start$3(299)) - 230a1857-bafd-469f-96b3-77153f152411: start RPC server
2019-10-02 19:53:53,488 [Datanode State Machine Thread - 0] INFO  impl.RaftServerProxy (RaftServerProxy.java:lambda$start$3(299)) - 7bae9e7d-ac17-45dd-9802-adba67965dd5: start RPC server
2019-10-02 19:53:53,552 [Datanode State Machine Thread - 0] INFO  ozoneimpl.OzoneContainer (OzoneContainer.java:start(217)) - Attempting to start container services.
2019-10-02 19:53:53,556 [Datanode State Machine Thread - 0] INFO  ozoneimpl.OzoneContainer (OzoneContainer.java:startContainerScrub(179)) - Background container scanner has been disabled.
2019-10-02 19:53:53,557 [Datanode State Machine Thread - 0] INFO  ratis.XceiverServerRatis (XceiverServerRatis.java:start(417)) - Starting XceiverServerRatis 8bcf3dda-d4f5-4d2e-bdce-006354901f05 at port 0
2019-10-02 19:53:53,567 [Datanode State Machine Thread - 0] INFO  impl.RaftServerProxy (RaftServerProxy.java:lambda$start$3(299)) - 8bcf3dda-d4f5-4d2e-bdce-006354901f05: start RPC server
2019-10-02 19:53:53,617 [Datanode State Machine Thread - 0] INFO  ozoneimpl.OzoneContainer (OzoneContainer.java:start(217)) - Attempting to start container services.
2019-10-02 19:53:53,617 [Datanode State Machine Thread - 0] INFO  ozoneimpl.OzoneContainer (OzoneContainer.java:startContainerScrub(179)) - Background container scanner has been disabled.
2019-10-02 19:53:53,617 [Datanode State Machine Thread - 0] INFO  ratis.XceiverServerRatis (XceiverServerRatis.java:start(417)) - Starting XceiverServerRatis 870e6959-60bf-4746-8f27-db206afdcb81 at port 0
2019-10-02 19:53:53,625 [Datanode State Machine Thread - 0] INFO  impl.RaftServerProxy (RaftServerProxy.java:lambda$start$3(299)) - 870e6959-60bf-4746-8f27-db206afdcb81: start RPC server
2019-10-02 19:53:53,660 [Datanode State Machine Thread - 0] INFO  server.GrpcService (GrpcService.java:startImpl(158)) - 7bae9e7d-ac17-45dd-9802-adba67965dd5: GrpcService started, listening on 0.0.0.0/0.0.0.0:35060
2019-10-02 19:53:53,659 [Datanode State Machine Thread - 0] INFO  server.GrpcService (GrpcService.java:startImpl(158)) - 870e6959-60bf-4746-8f27-db206afdcb81: GrpcService started, listening on 0.0.0.0/0.0.0.0:44600
2019-10-02 19:53:53,660 [Datanode State Machine Thread - 0] INFO  ratis.XceiverServerRatis (XceiverServerRatis.java:start(427)) - XceiverServerRatis 7bae9e7d-ac17-45dd-9802-adba67965dd5 is started using port 35060
2019-10-02 19:53:53,659 [Datanode State Machine Thread - 0] INFO  server.GrpcService (GrpcService.java:startImpl(158)) - 230a1857-bafd-469f-96b3-77153f152411: GrpcService started, listening on 0.0.0.0/0.0.0.0:41335
2019-10-02 19:53:53,659 [Datanode State Machine Thread - 0] INFO  server.GrpcService (GrpcService.java:startImpl(158)) - 8bcf3dda-d4f5-4d2e-bdce-006354901f05: GrpcService started, listening on 0.0.0.0/0.0.0.0:39482
2019-10-02 19:53:53,661 [Datanode State Machine Thread - 0] INFO  ratis.XceiverServerRatis (XceiverServerRatis.java:start(427)) - XceiverServerRatis 230a1857-bafd-469f-96b3-77153f152411 is started using port 41335
2019-10-02 19:53:53,661 [Datanode State Machine Thread - 0] INFO  ratis.XceiverServerRatis (XceiverServerRatis.java:start(427)) - XceiverServerRatis 870e6959-60bf-4746-8f27-db206afdcb81 is started using port 44600
2019-10-02 19:53:53,661 [Datanode State Machine Thread - 0] INFO  ratis.XceiverServerRatis (XceiverServerRatis.java:start(427)) - XceiverServerRatis 8bcf3dda-d4f5-4d2e-bdce-006354901f05 is started using port 39482
2019-10-02 19:53:53,671 [Datanode State Machine Thread - 0] INFO  server.XceiverServerGrpc (XceiverServerGrpc.java:start(149)) - XceiverServerGrpc 230a1857-bafd-469f-96b3-77153f152411 is started using port 33151
2019-10-02 19:53:53,671 [Datanode State Machine Thread - 0] INFO  server.XceiverServerGrpc (XceiverServerGrpc.java:start(149)) - XceiverServerGrpc 7bae9e7d-ac17-45dd-9802-adba67965dd5 is started using port 38421
2019-10-02 19:53:53,671 [Datanode State Machine Thread - 0] INFO  server.XceiverServerGrpc (XceiverServerGrpc.java:start(149)) - XceiverServerGrpc 8bcf3dda-d4f5-4d2e-bdce-006354901f05 is started using port 33615
2019-10-02 19:53:53,671 [Datanode State Machine Thread - 0] INFO  server.XceiverServerGrpc (XceiverServerGrpc.java:start(149)) - XceiverServerGrpc 870e6959-60bf-4746-8f27-db206afdcb81 is started using port 40694
2019-10-02 19:53:53,690 [Datanode State Machine Thread - 0] INFO  ozoneimpl.OzoneContainer (OzoneContainer.java:start(217)) - Attempting to start container services.
2019-10-02 19:53:53,690 [Datanode State Machine Thread - 0] INFO  ozoneimpl.OzoneContainer (OzoneContainer.java:startContainerScrub(179)) - Background container scanner has been disabled.
2019-10-02 19:53:53,691 [Datanode State Machine Thread - 0] INFO  ratis.XceiverServerRatis (XceiverServerRatis.java:start(417)) - Starting XceiverServerRatis a0833d57-9356-442d-affc-7baee9cfa057 at port 0
2019-10-02 19:53:53,697 [Datanode State Machine Thread - 0] INFO  impl.RaftServerProxy (RaftServerProxy.java:lambda$start$3(299)) - a0833d57-9356-442d-affc-7baee9cfa057: start RPC server
2019-10-02 19:53:53,700 [Datanode State Machine Thread - 0] INFO  server.GrpcService (GrpcService.java:startImpl(158)) - a0833d57-9356-442d-affc-7baee9cfa057: GrpcService started, listening on 0.0.0.0/0.0.0.0:44398
2019-10-02 19:53:53,700 [Datanode State Machine Thread - 0] INFO  ratis.XceiverServerRatis (XceiverServerRatis.java:start(427)) - XceiverServerRatis a0833d57-9356-442d-affc-7baee9cfa057 is started using port 44398
2019-10-02 19:53:53,703 [Datanode State Machine Thread - 0] INFO  server.XceiverServerGrpc (XceiverServerGrpc.java:start(149)) - XceiverServerGrpc a0833d57-9356-442d-affc-7baee9cfa057 is started using port 44549
2019-10-02 19:53:53,769 [Datanode State Machine Thread - 0] INFO  ozoneimpl.OzoneContainer (OzoneContainer.java:start(217)) - Attempting to start container services.
2019-10-02 19:53:53,769 [Datanode State Machine Thread - 0] INFO  ozoneimpl.OzoneContainer (OzoneContainer.java:startContainerScrub(179)) - Background container scanner has been disabled.
2019-10-02 19:53:53,770 [Datanode State Machine Thread - 0] INFO  ratis.XceiverServerRatis (XceiverServerRatis.java:start(417)) - Starting XceiverServerRatis e739d841-c2f3-4ce3-9261-25610f56f3cd at port 0
2019-10-02 19:53:53,777 [Datanode State Machine Thread - 0] INFO  impl.RaftServerProxy (RaftServerProxy.java:lambda$start$3(299)) - e739d841-c2f3-4ce3-9261-25610f56f3cd: start RPC server
2019-10-02 19:53:53,781 [Datanode State Machine Thread - 0] INFO  server.GrpcService (GrpcService.java:startImpl(158)) - e739d841-c2f3-4ce3-9261-25610f56f3cd: GrpcService started, listening on 0.0.0.0/0.0.0.0:41392
2019-10-02 19:53:53,781 [Datanode State Machine Thread - 0] INFO  ratis.XceiverServerRatis (XceiverServerRatis.java:start(427)) - XceiverServerRatis e739d841-c2f3-4ce3-9261-25610f56f3cd is started using port 41392
2019-10-02 19:53:53,784 [Datanode State Machine Thread - 0] INFO  server.XceiverServerGrpc (XceiverServerGrpc.java:start(149)) - XceiverServerGrpc e739d841-c2f3-4ce3-9261-25610f56f3cd is started using port 35839
2019-10-02 19:53:53,818 [main] INFO  ozone.MiniOzoneClusterImpl (MiniOzoneClusterImpl.java:lambda$waitForClusterToBeReady$0(147)) - Waiting for cluster to be ready. Got 0 of 7 DN Heartbeats.
2019-10-02 19:53:53,837 [Datanode State Machine Thread - 0] INFO  ozoneimpl.OzoneContainer (OzoneContainer.java:start(217)) - Attempting to start container services.
2019-10-02 19:53:53,838 [Datanode State Machine Thread - 0] INFO  ozoneimpl.OzoneContainer (OzoneContainer.java:startContainerScrub(179)) - Background container scanner has been disabled.
2019-10-02 19:53:53,838 [Datanode State Machine Thread - 0] INFO  ratis.XceiverServerRatis (XceiverServerRatis.java:start(417)) - Starting XceiverServerRatis ac7d5bff-77d7-49ee-9e03-6669822ee5ed at port 0
2019-10-02 19:53:53,846 [Datanode State Machine Thread - 0] INFO  impl.RaftServerProxy (RaftServerProxy.java:lambda$start$3(299)) - ac7d5bff-77d7-49ee-9e03-6669822ee5ed: start RPC server
2019-10-02 19:53:53,852 [Datanode State Machine Thread - 0] INFO  server.GrpcService (GrpcService.java:startImpl(158)) - ac7d5bff-77d7-49ee-9e03-6669822ee5ed: GrpcService started, listening on 0.0.0.0/0.0.0.0:46165
2019-10-02 19:53:53,852 [Datanode State Machine Thread - 0] INFO  ratis.XceiverServerRatis (XceiverServerRatis.java:start(427)) - XceiverServerRatis ac7d5bff-77d7-49ee-9e03-6669822ee5ed is started using port 46165
2019-10-02 19:53:53,856 [Datanode State Machine Thread - 0] INFO  server.XceiverServerGrpc (XceiverServerGrpc.java:start(149)) - XceiverServerGrpc ac7d5bff-77d7-49ee-9e03-6669822ee5ed is started using port 38063
2019-10-02 19:53:54,819 [main] INFO  ozone.MiniOzoneClusterImpl (MiniOzoneClusterImpl.java:lambda$waitForClusterToBeReady$0(147)) - Waiting for cluster to be ready. Got 0 of 7 DN Heartbeats.
2019-10-02 19:53:55,415 [IPC Server handler 2 on 34726] INFO  net.NetworkTopology (NetworkTopologyImpl.java:add(111)) - Added a new node: /default-rack/230a1857-bafd-469f-96b3-77153f152411
2019-10-02 19:53:55,415 [IPC Server handler 2 on 34726] INFO  node.SCMNodeManager (SCMNodeManager.java:register(266)) - Registered Data node : 230a1857-bafd-469f-96b3-77153f152411{ip: 192.168.157.242, host: pr-hdds-2223-zp5j9-3680597336, networkLocation: /default-rack, certSerialId: null}
2019-10-02 19:53:55,422 [EventQueue-NodeRegistrationContainerReportForDataNodeSafeModeRule] INFO  safemode.SCMSafeModeManager (DataNodeSafeModeRule.java:process(71)) - SCM in safe mode. 1 DataNodes registered, 1 required.
2019-10-02 19:53:55,422 [EventQueue-NodeRegistrationContainerReportForDataNodeSafeModeRule] INFO  safemode.SCMSafeModeManager (SCMSafeModeManager.java:validateSafeModeExitRules(177)) - ScmSafeModeManager, all rules are successfully validated
2019-10-02 19:53:55,422 [EventQueue-NodeRegistrationContainerReportForDataNodeSafeModeRule] INFO  safemode.SCMSafeModeManager (SCMSafeModeManager.java:exitSafeMode(193)) - SCM exiting safe mode.
2019-10-02 19:53:55,450 [IPC Server handler 4 on 34726] INFO  net.NetworkTopology (NetworkTopologyImpl.java:add(111)) - Added a new node: /default-rack/7bae9e7d-ac17-45dd-9802-adba67965dd5
2019-10-02 19:53:55,451 [IPC Server handler 4 on 34726] INFO  node.SCMNodeManager (SCMNodeManager.java:register(266)) - Registered Data node : 7bae9e7d-ac17-45dd-9802-adba67965dd5{ip: 192.168.157.242, host: pr-hdds-2223-zp5j9-3680597336, networkLocation: /default-rack, certSerialId: null}
2019-10-02 19:53:55,531 [IPC Server handler 3 on 34726] INFO  net.NetworkTopology (NetworkTopologyImpl.java:add(111)) - Added a new node: /default-rack/8bcf3dda-d4f5-4d2e-bdce-006354901f05
2019-10-02 19:53:55,532 [IPC Server handler 3 on 34726] INFO  node.SCMNodeManager (SCMNodeManager.java:register(266)) - Registered Data node : 8bcf3dda-d4f5-4d2e-bdce-006354901f05{ip: 192.168.157.242, host: pr-hdds-2223-zp5j9-3680597336, networkLocation: /default-rack, certSerialId: null}
2019-10-02 19:53:55,602 [IPC Server handler 5 on 34726] INFO  net.NetworkTopology (NetworkTopologyImpl.java:add(111)) - Added a new node: /default-rack/870e6959-60bf-4746-8f27-db206afdcb81
2019-10-02 19:53:55,602 [IPC Server handler 5 on 34726] INFO  node.SCMNodeManager (SCMNodeManager.java:register(266)) - Registered Data node : 870e6959-60bf-4746-8f27-db206afdcb81{ip: 192.168.157.242, host: pr-hdds-2223-zp5j9-3680597336, networkLocation: /default-rack, certSerialId: null}
2019-10-02 19:53:55,678 [IPC Server handler 6 on 34726] INFO  net.NetworkTopology (NetworkTopologyImpl.java:add(111)) - Added a new node: /default-rack/a0833d57-9356-442d-affc-7baee9cfa057
2019-10-02 19:53:55,678 [IPC Server handler 6 on 34726] INFO  node.SCMNodeManager (SCMNodeManager.java:register(266)) - Registered Data node : a0833d57-9356-442d-affc-7baee9cfa057{ip: 192.168.157.242, host: pr-hdds-2223-zp5j9-3680597336, networkLocation: /default-rack, certSerialId: null}
2019-10-02 19:53:55,756 [IPC Server handler 1 on 34726] INFO  net.NetworkTopology (NetworkTopologyImpl.java:add(111)) - Added a new node: /default-rack/e739d841-c2f3-4ce3-9261-25610f56f3cd
2019-10-02 19:53:55,756 [IPC Server handler 1 on 34726] INFO  node.SCMNodeManager (SCMNodeManager.java:register(266)) - Registered Data node : e739d841-c2f3-4ce3-9261-25610f56f3cd{ip: 192.168.157.242, host: pr-hdds-2223-zp5j9-3680597336, networkLocation: /default-rack, certSerialId: null}
2019-10-02 19:53:55,840 [main] INFO  ozone.MiniOzoneClusterImpl (MiniOzoneClusterImpl.java:lambda$waitForClusterToBeReady$0(147)) - Waiting for cluster to be ready. Got 6 of 7 DN Heartbeats.
2019-10-02 19:53:55,844 [IPC Server handler 2 on 34726] INFO  net.NetworkTopology (NetworkTopologyImpl.java:add(111)) - Added a new node: /default-rack/ac7d5bff-77d7-49ee-9e03-6669822ee5ed
2019-10-02 19:53:55,844 [IPC Server handler 2 on 34726] INFO  node.SCMNodeManager (SCMNodeManager.java:register(266)) - Registered Data node : ac7d5bff-77d7-49ee-9e03-6669822ee5ed{ip: 192.168.157.242, host: pr-hdds-2223-zp5j9-3680597336, networkLocation: /default-rack, certSerialId: null}
2019-10-02 19:53:56,015 [grpc-default-executor-0] INFO  impl.RaftServerProxy (RaftServerProxy.java:addNew(89)) - 230a1857-bafd-469f-96b3-77153f152411: addNew group-1A058C7FBC19:[230a1857-bafd-469f-96b3-77153f152411:192.168.157.242:41335] returns group-1A058C7FBC19:java.util.concurrent.CompletableFuture@701a407a[Not completed]
2019-10-02 19:53:56,038 [pool-27-thread-1] INFO  impl.RaftServerImpl (RaftServerImpl.java:<init>(95)) - 230a1857-bafd-469f-96b3-77153f152411: new RaftServerImpl for group-1A058C7FBC19:[230a1857-bafd-469f-96b3-77153f152411:192.168.157.242:41335] with ContainerStateMachine:uninitialized
2019-10-02 19:53:56,040 [pool-27-thread-1] INFO  server.RaftServerConfigKeys (ConfUtils.java:logGet(43)) - raft.server.rpc.timeout.min = 5s (custom)
2019-10-02 19:53:56,042 [pool-27-thread-1] INFO  server.RaftServerConfigKeys (ConfUtils.java:logGet(43)) - raft.server.rpc.timeout.max = 5200ms (custom)
2019-10-02 19:53:56,042 [pool-27-thread-1] INFO  server.RaftServerConfigKeys (ConfUtils.java:logGet(43)) - raft.server.rpcslowness.timeout = 120s (custom)
2019-10-02 19:53:56,043 [pool-27-thread-1] INFO  server.RaftServerConfigKeys (ConfUtils.java:logGet(43)) - raft.server.sleep.deviation.threshold = 300 (default)
2019-10-02 19:53:56,044 [pool-27-thread-1] INFO  server.RaftServerConfigKeys (ConfUtils.java:logGet(43)) - raft.server.log.appender.install.snapshot.enabled = false (custom)
2019-10-02 19:53:56,054 [pool-27-thread-1] INFO  impl.RaftServerImpl (ServerState.java:<init>(103)) - 230a1857-bafd-469f-96b3-77153f152411@group-1A058C7FBC19: ConfigurationManager, init=-1: [230a1857-bafd-469f-96b3-77153f152411:192.168.157.242:41335], old=null, confs=<EMPTY_MAP>
2019-10-02 19:53:56,054 [pool-27-thread-1] INFO  server.RaftServerConfigKeys (ConfUtils.java:logGet(43)) - raft.server.storage.dir = [/workdir/hadoop-ozone/integration-test/target/test-dir/MiniOzoneClusterImpl-85ec13a9-98bf-43b5-845f-0fdbc936e02f/datanode-0/data/ratis] (custom)
2019-10-02 19:53:56,062 [pool-27-thread-1] INFO  server.RaftServerConfigKeys (ConfUtils.java:logGet(43)) - raft.server.log.corruption.policy = EXCEPTION (default)
2019-10-02 19:53:56,064 [pool-27-thread-1] INFO  storage.RaftStorageDirectory (RaftStorageDirectory.java:analyzeStorage(246)) - The storage directory /workdir/hadoop-ozone/integration-test/target/test-dir/MiniOzoneClusterImpl-85ec13a9-98bf-43b5-845f-0fdbc936e02f/datanode-0/data/ratis/5fc08c17-77b9-4aca-aaa0-1a058c7fbc19 does not exist. Creating ...
2019-10-02 19:53:56,081 [pool-27-thread-1] INFO  storage.RaftStorageDirectory (RaftStorageDirectory.java:tryLock(328)) - Lock on /workdir/hadoop-ozone/integration-test/target/test-dir/MiniOzoneClusterImpl-85ec13a9-98bf-43b5-845f-0fdbc936e02f/datanode-0/data/ratis/5fc08c17-77b9-4aca-aaa0-1a058c7fbc19/in_use.lock acquired by nodename 7245@pr-hdds-2223-zp5j9-3680597336
2019-10-02 19:53:56,096 [pool-27-thread-1] INFO  storage.RaftStorage (RaftStorage.java:format(84)) - Storage directory /workdir/hadoop-ozone/integration-test/target/test-dir/MiniOzoneClusterImpl-85ec13a9-98bf-43b5-845f-0fdbc936e02f/datanode-0/data/ratis/5fc08c17-77b9-4aca-aaa0-1a058c7fbc19 has been successfully formatted.
2019-10-02 19:53:56,099 [pool-27-thread-1] INFO  ratis.ContainerStateMachine (ContainerStateMachine.java:loadSnapshot(230)) - group-1A058C7FBC19: The snapshot info is null. Setting the last applied indexto:(t:0, i:~)
2019-10-02 19:53:56,099 [pool-27-thread-1] INFO  server.RaftServerConfigKeys (ConfUtils.java:logGet(43)) - raft.server.notification.no-leader.timeout = 120s (custom)
2019-10-02 19:53:56,101 [pool-27-thread-1] INFO  server.RaftServerConfigKeys (ConfUtils.java:logGet(43)) - raft.server.log.use.memory = false (default)
2019-10-02 19:53:56,108 [pool-27-thread-1] INFO  server.RaftServerConfigKeys (ConfUtils.java:logGet(43)) - raft.server.log.purge.gap = 1000000 (custom)
2019-10-02 19:53:56,108 [pool-27-thread-1] INFO  server.RaftServerConfigKeys (ConfUtils.java:logGet(43)) - raft.server.log.appender.buffer.byte-limit = 33554432 (custom)
2019-10-02 19:53:56,110 [pool-27-thread-1] INFO  server.RaftServerConfigKeys (ConfUtils.java:logGet(43)) - raft.server.log.segment.size.max = 1048576 (custom)
2019-10-02 19:53:56,112 [pool-27-thread-1] INFO  impl.MetricsSystemImpl (MetricsSystemImpl.java:init(158)) - ratis metrics system started (again)
2019-10-02 19:53:56,117 [pool-27-thread-1] INFO  metrics.MetricRegistries (MetricRegistriesLoader.java:load(64)) - Loaded MetricRegistries class org.apache.ratis.metrics.impl.MetricRegistriesImpl
2019-10-02 19:53:56,159 [pool-27-thread-1] INFO  server.RaftServerConfigKeys (ConfUtils.java:logGet(43)) - raft.server.log.segment.cache.num.max = 2 (custom)
2019-10-02 19:53:56,165 [pool-27-thread-1] INFO  segmented.SegmentedRaftLogWorker (SegmentedRaftLogWorker.java:<init>(173)) - new 230a1857-bafd-469f-96b3-77153f152411@group-1A058C7FBC19-SegmentedRaftLogWorker for RaftStorage:Storage Directory /workdir/hadoop-ozone/integration-test/target/test-dir/MiniOzoneClusterImpl-85ec13a9-98bf-43b5-845f-0fdbc936e02f/datanode-0/data/ratis/5fc08c17-77b9-4aca-aaa0-1a058c7fbc19
2019-10-02 19:53:56,166 [pool-27-thread-1] INFO  server.RaftServerConfigKeys (ConfUtils.java:logGet(43)) - raft.server.log.queue.byte-limit = 2147483647 (custom)
2019-10-02 19:53:56,167 [pool-27-thread-1] INFO  server.RaftServerConfigKeys (ConfUtils.java:logGet(43)) - raft.server.log.queue.element-limit = 1024 (custom)
2019-10-02 19:53:56,169 [pool-27-thread-1] INFO  server.RaftServerConfigKeys (ConfUtils.java:logGet(43)) - raft.server.log.segment.size.max = 1048576 (custom)
2019-10-02 19:53:56,170 [pool-27-thread-1] INFO  server.RaftServerConfigKeys (ConfUtils.java:logGet(43)) - raft.server.log.preallocated.size = 16384 (custom)
2019-10-02 19:53:56,170 [pool-27-thread-1] INFO  server.RaftServerConfigKeys (ConfUtils.java:logGet(43)) - raft.server.log.write.buffer.size = 33554432 (custom)
2019-10-02 19:53:56,171 [pool-27-thread-1] INFO  server.RaftServerConfigKeys (ConfUtils.java:logGet(43)) - raft.server.log.force.sync.num = 128 (default)
2019-10-02 19:53:56,172 [pool-27-thread-1] INFO  server.RaftServerConfigKeys (ConfUtils.java:logGet(43)) - raft.server.log.statemachine.data.sync = true (default)
2019-10-02 19:53:56,173 [pool-27-thread-1] INFO  server.RaftServerConfigKeys (ConfUtils.java:logGet(43)) - raft.server.log.statemachine.data.sync.timeout = 10s (default)
2019-10-02 19:53:56,173 [pool-27-thread-1] INFO  server.RaftServerConfigKeys (ConfUtils.java:logGet(43)) - raft.server.log.statemachine.data.sync.timeout.retry = -1 (default)
2019-10-02 19:53:56,190 [pool-27-thread-1] INFO  server.RaftServerConfigKeys (ConfUtils.java:logGet(43)) - raft.server.log.statemachine.data.caching.enabled = true (custom)
2019-10-02 19:53:56,196 [pool-27-thread-1] INFO  segmented.SegmentedRaftLogWorker (SegmentedRaftLogWorker.java:lambda$new$0(128)) - 230a1857-bafd-469f-96b3-77153f152411@group-1A058C7FBC19-SegmentedRaftLogWorker: flushIndex: setUnconditionally 0 -> -1
2019-10-02 19:53:56,202 [pool-27-thread-1] INFO  server.RaftServerConfigKeys (ConfUtils.java:logGet(43)) - raft.server.snapshot.auto.trigger.enabled = true (custom)
2019-10-02 19:53:56,203 [pool-27-thread-1] INFO  server.RaftServerConfigKeys (ConfUtils.java:logGet(43)) - raft.server.snapshot.auto.trigger.threshold = 10000 (custom)
2019-10-02 19:53:56,204 [pool-27-thread-1] INFO  server.RaftServerConfigKeys (ConfUtils.java:logGet(43)) - raft.server.snapshot.retention.file.num = 5 (custom)
2019-10-02 19:53:56,204 [pool-27-thread-1] INFO  server.RaftServerConfigKeys (ConfUtils.java:logGet(43)) - raft.server.retrycache.expirytime = 600000ms (custom)
2019-10-02 19:53:56,245 [pool-27-thread-1] INFO  impl.RaftServerImpl (RaftServerImpl.java:start(181)) - 230a1857-bafd-469f-96b3-77153f152411@group-1A058C7FBC19: start as a follower, conf=-1: [230a1857-bafd-469f-96b3-77153f152411:192.168.157.242:41335], old=null
2019-10-02 19:53:56,246 [pool-27-thread-1] INFO  impl.RaftServerImpl (RaftServerImpl.java:setRole(170)) - 230a1857-bafd-469f-96b3-77153f152411@group-1A058C7FBC19: changes role from      null to FOLLOWER at term 0 for startAsFollower
2019-10-02 19:53:56,247 [pool-27-thread-1] INFO  impl.RoleInfo (RoleInfo.java:updateAndGet(143)) - 230a1857-bafd-469f-96b3-77153f152411: start FollowerState
2019-10-02 19:53:56,249 [pool-27-thread-1] INFO  util.JmxRegister (JmxRegister.java:tryRegister(44)) - Successfully registered JMX Bean with object name Ratis:service=RaftServer,group=group-1A058C7FBC19,id=230a1857-bafd-469f-96b3-77153f152411
2019-10-02 19:53:56,333 [RatisPipelineUtilsThread] INFO  pipeline.PipelineStateManager (PipelineStateManager.java:addPipeline(56)) - Created pipeline Pipeline[ Id: 5fc08c17-77b9-4aca-aaa0-1a058c7fbc19, Nodes: 230a1857-bafd-469f-96b3-77153f152411{ip: 192.168.157.242, host: pr-hdds-2223-zp5j9-3680597336, networkLocation: /default-rack, certSerialId: null}, Type:RATIS, Factor:ONE, State:OPEN]
2019-10-02 19:53:56,369 [grpc-default-executor-0] INFO  impl.RaftServerProxy (RaftServerProxy.java:addNew(89)) - 7bae9e7d-ac17-45dd-9802-adba67965dd5: addNew group-A1B5B24455BA:[7bae9e7d-ac17-45dd-9802-adba67965dd5:192.168.157.242:35060] returns group-A1B5B24455BA:java.util.concurrent.CompletableFuture@3adf81f6[Not completed]
2019-10-02 19:53:56,432 [pool-37-thread-1] INFO  impl.RaftServerImpl (RaftServerImpl.java:<init>(95)) - 7bae9e7d-ac17-45dd-9802-adba67965dd5: new RaftServerImpl for group-A1B5B24455BA:[7bae9e7d-ac17-45dd-9802-adba67965dd5:192.168.157.242:35060] with ContainerStateMachine:uninitialized
2019-10-02 19:53:56,434 [pool-37-thread-1] INFO  server.RaftServerConfigKeys (ConfUtils.java:logGet(43)) - raft.server.rpc.timeout.min = 5s (custom)
2019-10-02 19:53:56,434 [pool-37-thread-1] INFO  server.RaftServerConfigKeys (ConfUtils.java:logGet(43)) - raft.server.rpc.timeout.max = 5200ms (custom)
2019-10-02 19:53:56,434 [pool-37-thread-1] INFO  server.RaftServerConfigKeys (ConfUtils.java:logGet(43)) - raft.server.rpcslowness.timeout = 120s (custom)
2019-10-02 19:53:56,435 [pool-37-thread-1] INFO  server.RaftServerConfigKeys (ConfUtils.java:logGet(43)) - raft.server.sleep.deviation.threshold = 300 (default)
2019-10-02 19:53:56,435 [pool-37-thread-1] INFO  server.RaftServerConfigKeys (ConfUtils.java:logGet(43)) - raft.server.log.appender.install.snapshot.enabled = false (custom)
2019-10-02 19:53:56,435 [pool-37-thread-1] INFO  impl.RaftServerImpl (ServerState.java:<init>(103)) - 7bae9e7d-ac17-45dd-9802-adba67965dd5@group-A1B5B24455BA: ConfigurationManager, init=-1: [7bae9e7d-ac17-45dd-9802-adba67965dd5:192.168.157.242:35060], old=null, confs=<EMPTY_MAP>
2019-10-02 19:53:56,435 [pool-37-thread-1] INFO  server.RaftServerConfigKeys (ConfUtils.java:logGet(43)) - raft.server.storage.dir = [/workdir/hadoop-ozone/integration-test/target/test-dir/MiniOzoneClusterImpl-85ec13a9-98bf-43b5-845f-0fdbc936e02f/datanode-1/data/ratis] (custom)
2019-10-02 19:53:56,436 [pool-37-thread-1] INFO  server.RaftServerConfigKeys (ConfUtils.java:logGet(43)) - raft.server.log.corruption.policy = EXCEPTION (default)
2019-10-02 19:53:56,436 [pool-37-thread-1] INFO  storage.RaftStorageDirectory (RaftStorageDirectory.java:analyzeStorage(246)) - The storage directory /workdir/hadoop-ozone/integration-test/target/test-dir/MiniOzoneClusterImpl-85ec13a9-98bf-43b5-845f-0fdbc936e02f/datanode-1/data/ratis/cd3a8f6c-ec4c-40f9-97ab-a1b5b24455ba does not exist. Creating ...
2019-10-02 19:53:56,463 [pool-37-thread-1] INFO  storage.RaftStorageDirectory (RaftStorageDirectory.java:tryLock(328)) - Lock on /workdir/hadoop-ozone/integration-test/target/test-dir/MiniOzoneClusterImpl-85ec13a9-98bf-43b5-845f-0fdbc936e02f/datanode-1/data/ratis/cd3a8f6c-ec4c-40f9-97ab-a1b5b24455ba/in_use.lock acquired by nodename 7245@pr-hdds-2223-zp5j9-3680597336
2019-10-02 19:53:56,477 [pool-37-thread-1] INFO  storage.RaftStorage (RaftStorage.java:format(84)) - Storage directory /workdir/hadoop-ozone/integration-test/target/test-dir/MiniOzoneClusterImpl-85ec13a9-98bf-43b5-845f-0fdbc936e02f/datanode-1/data/ratis/cd3a8f6c-ec4c-40f9-97ab-a1b5b24455ba has been successfully formatted.
2019-10-02 19:53:56,479 [pool-37-thread-1] INFO  ratis.ContainerStateMachine (ContainerStateMachine.java:loadSnapshot(230)) - group-A1B5B24455BA: The snapshot info is null. Setting the last applied indexto:(t:0, i:~)
2019-10-02 19:53:56,481 [pool-37-thread-1] INFO  server.RaftServerConfigKeys (ConfUtils.java:logGet(43)) - raft.server.notification.no-leader.timeout = 120s (custom)
2019-10-02 19:53:56,482 [pool-37-thread-1] INFO  server.RaftServerConfigKeys (ConfUtils.java:logGet(43)) - raft.server.log.use.memory = false (default)
2019-10-02 19:53:56,482 [pool-37-thread-1] INFO  server.RaftServerConfigKeys (ConfUtils.java:logGet(43)) - raft.server.log.purge.gap = 1000000 (custom)
2019-10-02 19:53:56,482 [pool-37-thread-1] INFO  server.RaftServerConfigKeys (ConfUtils.java:logGet(43)) - raft.server.log.appender.buffer.byte-limit = 33554432 (custom)
2019-10-02 19:53:56,482 [pool-37-thread-1] INFO  server.RaftServerConfigKeys (ConfUtils.java:logGet(43)) - raft.server.log.segment.size.max = 1048576 (custom)
2019-10-02 19:53:56,489 [pool-37-thread-1] INFO  server.RaftServerConfigKeys (ConfUtils.java:logGet(43)) - raft.server.log.segment.cache.num.max = 2 (custom)
2019-10-02 19:53:56,489 [pool-37-thread-1] INFO  segmented.SegmentedRaftLogWorker (SegmentedRaftLogWorker.java:<init>(173)) - new 7bae9e7d-ac17-45dd-9802-adba67965dd5@group-A1B5B24455BA-SegmentedRaftLogWorker for RaftStorage:Storage Directory /workdir/hadoop-ozone/integration-test/target/test-dir/MiniOzoneClusterImpl-85ec13a9-98bf-43b5-845f-0fdbc936e02f/datanode-1/data/ratis/cd3a8f6c-ec4c-40f9-97ab-a1b5b24455ba
2019-10-02 19:53:56,492 [pool-37-thread-1] INFO  server.RaftServerConfigKeys (ConfUtils.java:logGet(43)) - raft.server.log.queue.byte-limit = 2147483647 (custom)
2019-10-02 19:53:56,492 [pool-37-thread-1] INFO  server.RaftServerConfigKeys (ConfUtils.java:logGet(43)) - raft.server.log.queue.element-limit = 1024 (custom)
2019-10-02 19:53:56,492 [pool-37-thread-1] INFO  server.RaftServerConfigKeys (ConfUtils.java:logGet(43)) - raft.server.log.segment.size.max = 1048576 (custom)
2019-10-02 19:53:56,492 [pool-37-thread-1] INFO  server.RaftServerConfigKeys (ConfUtils.java:logGet(43)) - raft.server.log.preallocated.size = 16384 (custom)
2019-10-02 19:53:56,492 [pool-37-thread-1] INFO  server.RaftServerConfigKeys (ConfUtils.java:logGet(43)) - raft.server.log.write.buffer.size = 33554432 (custom)
2019-10-02 19:53:56,493 [pool-37-thread-1] INFO  server.RaftServerConfigKeys (ConfUtils.java:logGet(43)) - raft.server.log.force.sync.num = 128 (default)
2019-10-02 19:53:56,493 [pool-37-thread-1] INFO  server.RaftServerConfigKeys (ConfUtils.java:logGet(43)) - raft.server.log.statemachine.data.sync = true (default)
2019-10-02 19:53:56,493 [pool-37-thread-1] INFO  server.RaftServerConfigKeys (ConfUtils.java:logGet(43)) - raft.server.log.statemachine.data.sync.timeout = 10s (default)
2019-10-02 19:53:56,493 [pool-37-thread-1] INFO  server.RaftServerConfigKeys (ConfUtils.java:logGet(43)) - raft.server.log.statemachine.data.sync.timeout.retry = -1 (default)
2019-10-02 19:53:56,494 [pool-37-thread-1] INFO  server.RaftServerConfigKeys (ConfUtils.java:logGet(43)) - raft.server.log.statemachine.data.caching.enabled = true (custom)
2019-10-02 19:53:56,495 [pool-37-thread-1] INFO  segmented.SegmentedRaftLogWorker (SegmentedRaftLogWorker.java:lambda$new$0(128)) - 7bae9e7d-ac17-45dd-9802-adba67965dd5@group-A1B5B24455BA-SegmentedRaftLogWorker: flushIndex: setUnconditionally 0 -> -1
2019-10-02 19:53:56,495 [pool-37-thread-1] INFO  server.RaftServerConfigKeys (ConfUtils.java:logGet(43)) - raft.server.snapshot.auto.trigger.enabled = true (custom)
2019-10-02 19:53:56,496 [pool-37-thread-1] INFO  server.RaftServerConfigKeys (ConfUtils.java:logGet(43)) - raft.server.snapshot.auto.trigger.threshold = 10000 (custom)
2019-10-02 19:53:56,496 [pool-37-thread-1] INFO  server.RaftServerConfigKeys (ConfUtils.java:logGet(43)) - raft.server.snapshot.retention.file.num = 5 (custom)
2019-10-02 19:53:56,496 [pool-37-thread-1] INFO  server.RaftServerConfigKeys (ConfUtils.java:logGet(43)) - raft.server.retrycache.expirytime = 600000ms (custom)
2019-10-02 19:53:56,502 [pool-37-thread-1] INFO  impl.RaftServerImpl (RaftServerImpl.java:start(181)) - 7bae9e7d-ac17-45dd-9802-adba67965dd5@group-A1B5B24455BA: start as a follower, conf=-1: [7bae9e7d-ac17-45dd-9802-adba67965dd5:192.168.157.242:35060], old=null
2019-10-02 19:53:56,502 [pool-37-thread-1] INFO  impl.RaftServerImpl (RaftServerImpl.java:setRole(170)) - 7bae9e7d-ac17-45dd-9802-adba67965dd5@group-A1B5B24455BA: changes role from      null to FOLLOWER at term 0 for startAsFollower
2019-10-02 19:53:56,503 [pool-37-thread-1] INFO  impl.RoleInfo (RoleInfo.java:updateAndGet(143)) - 7bae9e7d-ac17-45dd-9802-adba67965dd5: start FollowerState
2019-10-02 19:53:56,505 [pool-37-thread-1] INFO  util.JmxRegister (JmxRegister.java:tryRegister(44)) - Successfully registered JMX Bean with object name Ratis:service=RaftServer,group=group-A1B5B24455BA,id=7bae9e7d-ac17-45dd-9802-adba67965dd5
2019-10-02 19:53:56,532 [RatisPipelineUtilsThread] INFO  pipeline.PipelineStateManager (PipelineStateManager.java:addPipeline(56)) - Created pipeline Pipeline[ Id: cd3a8f6c-ec4c-40f9-97ab-a1b5b24455ba, Nodes: 7bae9e7d-ac17-45dd-9802-adba67965dd5{ip: 192.168.157.242, host: pr-hdds-2223-zp5j9-3680597336, networkLocation: /default-rack, certSerialId: null}, Type:RATIS, Factor:ONE, State:OPEN]
2019-10-02 19:53:56,563 [grpc-default-executor-0] INFO  impl.RaftServerProxy (RaftServerProxy.java:addNew(89)) - ac7d5bff-77d7-49ee-9e03-6669822ee5ed: addNew group-14081A383678:[ac7d5bff-77d7-49ee-9e03-6669822ee5ed:192.168.157.242:46165] returns group-14081A383678:java.util.concurrent.CompletableFuture@43a47043[Not completed]
2019-10-02 19:53:56,596 [pool-87-thread-1] INFO  impl.RaftServerImpl (RaftServerImpl.java:<init>(95)) - ac7d5bff-77d7-49ee-9e03-6669822ee5ed: new RaftServerImpl for group-14081A383678:[ac7d5bff-77d7-49ee-9e03-6669822ee5ed:192.168.157.242:46165] with ContainerStateMachine:uninitialized
2019-10-02 19:53:56,597 [pool-87-thread-1] INFO  server.RaftServerConfigKeys (ConfUtils.java:logGet(43)) - raft.server.rpc.timeout.min = 5s (custom)
2019-10-02 19:53:56,597 [pool-87-thread-1] INFO  server.RaftServerConfigKeys (ConfUtils.java:logGet(43)) - raft.server.rpc.timeout.max = 5200ms (custom)
2019-10-02 19:53:56,597 [pool-87-thread-1] INFO  server.RaftServerConfigKeys (ConfUtils.java:logGet(43)) - raft.server.rpcslowness.timeout = 120s (custom)
2019-10-02 19:53:56,597 [pool-87-thread-1] INFO  server.RaftServerConfigKeys (ConfUtils.java:logGet(43)) - raft.server.sleep.deviation.threshold = 300 (default)
2019-10-02 19:53:56,598 [pool-87-thread-1] INFO  server.RaftServerConfigKeys (ConfUtils.java:logGet(43)) - raft.server.log.appender.install.snapshot.enabled = false (custom)
2019-10-02 19:53:56,598 [pool-87-thread-1] INFO  impl.RaftServerImpl (ServerState.java:<init>(103)) - ac7d5bff-77d7-49ee-9e03-6669822ee5ed@group-14081A383678: ConfigurationManager, init=-1: [ac7d5bff-77d7-49ee-9e03-6669822ee5ed:192.168.157.242:46165], old=null, confs=<EMPTY_MAP>
2019-10-02 19:53:56,598 [pool-87-thread-1] INFO  server.RaftServerConfigKeys (ConfUtils.java:logGet(43)) - raft.server.storage.dir = [/workdir/hadoop-ozone/integration-test/target/test-dir/MiniOzoneClusterImpl-85ec13a9-98bf-43b5-845f-0fdbc936e02f/datanode-6/data/ratis] (custom)
2019-10-02 19:53:56,599 [pool-87-thread-1] INFO  server.RaftServerConfigKeys (ConfUtils.java:logGet(43)) - raft.server.log.corruption.policy = EXCEPTION (default)
2019-10-02 19:53:56,599 [pool-87-thread-1] INFO  storage.RaftStorageDirectory (RaftStorageDirectory.java:analyzeStorage(246)) - The storage directory /workdir/hadoop-ozone/integration-test/target/test-dir/MiniOzoneClusterImpl-85ec13a9-98bf-43b5-845f-0fdbc936e02f/datanode-6/data/ratis/e6f9706e-f641-44da-a8d8-14081a383678 does not exist. Creating ...
2019-10-02 19:53:56,613 [pool-87-thread-1] INFO  storage.RaftStorageDirectory (RaftStorageDirectory.java:tryLock(328)) - Lock on /workdir/hadoop-ozone/integration-test/target/test-dir/MiniOzoneClusterImpl-85ec13a9-98bf-43b5-845f-0fdbc936e02f/datanode-6/data/ratis/e6f9706e-f641-44da-a8d8-14081a383678/in_use.lock acquired by nodename 7245@pr-hdds-2223-zp5j9-3680597336
2019-10-02 19:53:56,626 [pool-87-thread-1] INFO  storage.RaftStorage (RaftStorage.java:format(84)) - Storage directory /workdir/hadoop-ozone/integration-test/target/test-dir/MiniOzoneClusterImpl-85ec13a9-98bf-43b5-845f-0fdbc936e02f/datanode-6/data/ratis/e6f9706e-f641-44da-a8d8-14081a383678 has been successfully formatted.
2019-10-02 19:53:56,627 [pool-87-thread-1] INFO  ratis.ContainerStateMachine (ContainerStateMachine.java:loadSnapshot(230)) - group-14081A383678: The snapshot info is null. Setting the last applied indexto:(t:0, i:~)
2019-10-02 19:53:56,627 [pool-87-thread-1] INFO  server.RaftServerConfigKeys (ConfUtils.java:logGet(43)) - raft.server.notification.no-leader.timeout = 120s (custom)
2019-10-02 19:53:56,627 [pool-87-thread-1] INFO  server.RaftServerConfigKeys (ConfUtils.java:logGet(43)) - raft.server.log.use.memory = false (default)
2019-10-02 19:53:56,627 [pool-87-thread-1] INFO  server.RaftServerConfigKeys (ConfUtils.java:logGet(43)) - raft.server.log.purge.gap = 1000000 (custom)
2019-10-02 19:53:56,628 [pool-87-thread-1] INFO  server.RaftServerConfigKeys (ConfUtils.java:logGet(43)) - raft.server.log.appender.buffer.byte-limit = 33554432 (custom)
2019-10-02 19:53:56,628 [pool-87-thread-1] INFO  server.RaftServerConfigKeys (ConfUtils.java:logGet(43)) - raft.server.log.segment.size.max = 1048576 (custom)
2019-10-02 19:53:56,681 [pool-87-thread-1] INFO  server.RaftServerConfigKeys (ConfUtils.java:logGet(43)) - raft.server.log.segment.cache.num.max = 2 (custom)
2019-10-02 19:53:56,682 [pool-87-thread-1] INFO  segmented.SegmentedRaftLogWorker (SegmentedRaftLogWorker.java:<init>(173)) - new ac7d5bff-77d7-49ee-9e03-6669822ee5ed@group-14081A383678-SegmentedRaftLogWorker for RaftStorage:Storage Directory /workdir/hadoop-ozone/integration-test/target/test-dir/MiniOzoneClusterImpl-85ec13a9-98bf-43b5-845f-0fdbc936e02f/datanode-6/data/ratis/e6f9706e-f641-44da-a8d8-14081a383678
2019-10-02 19:53:56,682 [pool-87-thread-1] INFO  server.RaftServerConfigKeys (ConfUtils.java:logGet(43)) - raft.server.log.queue.byte-limit = 2147483647 (custom)
2019-10-02 19:53:56,682 [pool-87-thread-1] INFO  server.RaftServerConfigKeys (ConfUtils.java:logGet(43)) - raft.server.log.queue.element-limit = 1024 (custom)
2019-10-02 19:53:56,682 [pool-87-thread-1] INFO  server.RaftServerConfigKeys (ConfUtils.java:logGet(43)) - raft.server.log.segment.size.max = 1048576 (custom)
2019-10-02 19:53:56,683 [pool-87-thread-1] INFO  server.RaftServerConfigKeys (ConfUtils.java:logGet(43)) - raft.server.log.preallocated.size = 16384 (custom)
2019-10-02 19:53:56,683 [pool-87-thread-1] INFO  server.RaftServerConfigKeys (ConfUtils.java:logGet(43)) - raft.server.log.write.buffer.size = 33554432 (custom)
2019-10-02 19:53:56,683 [pool-87-thread-1] INFO  server.RaftServerConfigKeys (ConfUtils.java:logGet(43)) - raft.server.log.force.sync.num = 128 (default)
2019-10-02 19:53:56,683 [pool-87-thread-1] INFO  server.RaftServerConfigKeys (ConfUtils.java:logGet(43)) - raft.server.log.statemachine.data.sync = true (default)
2019-10-02 19:53:56,683 [pool-87-thread-1] INFO  server.RaftServerConfigKeys (ConfUtils.java:logGet(43)) - raft.server.log.statemachine.data.sync.timeout = 10s (default)
2019-10-02 19:53:56,684 [pool-87-thread-1] INFO  server.RaftServerConfigKeys (ConfUtils.java:logGet(43)) - raft.server.log.statemachine.data.sync.timeout.retry = -1 (default)
2019-10-02 19:53:56,685 [pool-87-thread-1] INFO  server.RaftServerConfigKeys (ConfUtils.java:logGet(43)) - raft.server.log.statemachine.data.caching.enabled = true (custom)
2019-10-02 19:53:56,685 [pool-87-thread-1] INFO  segmented.SegmentedRaftLogWorker (SegmentedRaftLogWorker.java:lambda$new$0(128)) - ac7d5bff-77d7-49ee-9e03-6669822ee5ed@group-14081A383678-SegmentedRaftLogWorker: flushIndex: setUnconditionally 0 -> -1
2019-10-02 19:53:56,686 [pool-87-thread-1] INFO  server.RaftServerConfigKeys (ConfUtils.java:logGet(43)) - raft.server.snapshot.auto.trigger.enabled = true (custom)
2019-10-02 19:53:56,686 [pool-87-thread-1] INFO  server.RaftServerConfigKeys (ConfUtils.java:logGet(43)) - raft.server.snapshot.auto.trigger.threshold = 10000 (custom)
2019-10-02 19:53:56,686 [pool-87-thread-1] INFO  server.RaftServerConfigKeys (ConfUtils.java:logGet(43)) - raft.server.snapshot.retention.file.num = 5 (custom)
2019-10-02 19:53:56,686 [pool-87-thread-1] INFO  server.RaftServerConfigKeys (ConfUtils.java:logGet(43)) - raft.server.retrycache.expirytime = 600000ms (custom)
2019-10-02 19:53:56,693 [pool-87-thread-1] INFO  impl.RaftServerImpl (RaftServerImpl.java:start(181)) - ac7d5bff-77d7-49ee-9e03-6669822ee5ed@group-14081A383678: start as a follower, conf=-1: [ac7d5bff-77d7-49ee-9e03-6669822ee5ed:192.168.157.242:46165], old=null
2019-10-02 19:53:56,693 [pool-87-thread-1] INFO  impl.RaftServerImpl (RaftServerImpl.java:setRole(170)) - ac7d5bff-77d7-49ee-9e03-6669822ee5ed@group-14081A383678: changes role from      null to FOLLOWER at term 0 for startAsFollower
2019-10-02 19:53:56,693 [pool-87-thread-1] INFO  impl.RoleInfo (RoleInfo.java:updateAndGet(143)) - ac7d5bff-77d7-49ee-9e03-6669822ee5ed: start FollowerState
2019-10-02 19:53:56,694 [pool-87-thread-1] INFO  util.JmxRegister (JmxRegister.java:tryRegister(44)) - Successfully registered JMX Bean with object name Ratis:service=RaftServer,group=group-14081A383678,id=ac7d5bff-77d7-49ee-9e03-6669822ee5ed
2019-10-02 19:53:56,719 [RatisPipelineUtilsThread] INFO  pipeline.PipelineStateManager (PipelineStateManager.java:addPipeline(56)) - Created pipeline Pipeline[ Id: e6f9706e-f641-44da-a8d8-14081a383678, Nodes: ac7d5bff-77d7-49ee-9e03-6669822ee5ed{ip: 192.168.157.242, host: pr-hdds-2223-zp5j9-3680597336, networkLocation: /default-rack, certSerialId: null}, Type:RATIS, Factor:ONE, State:OPEN]
2019-10-02 19:53:56,747 [grpc-default-executor-0] INFO  impl.RaftServerProxy (RaftServerProxy.java:addNew(89)) - e739d841-c2f3-4ce3-9261-25610f56f3cd: addNew group-107943A5297A:[e739d841-c2f3-4ce3-9261-25610f56f3cd:192.168.157.242:41392] returns group-107943A5297A:java.util.concurrent.CompletableFuture@74c04c2b[Not completed]
2019-10-02 19:53:56,753 [pool-77-thread-1] INFO  impl.RaftServerImpl (RaftServerImpl.java:<init>(95)) - e739d841-c2f3-4ce3-9261-25610f56f3cd: new RaftServerImpl for group-107943A5297A:[e739d841-c2f3-4ce3-9261-25610f56f3cd:192.168.157.242:41392] with ContainerStateMachine:uninitialized
2019-10-02 19:53:56,755 [pool-77-thread-1] INFO  server.RaftServerConfigKeys (ConfUtils.java:logGet(43)) - raft.server.rpc.timeout.min = 5s (custom)
2019-10-02 19:53:56,755 [pool-77-thread-1] INFO  server.RaftServerConfigKeys (ConfUtils.java:logGet(43)) - raft.server.rpc.timeout.max = 5200ms (custom)
2019-10-02 19:53:56,755 [pool-77-thread-1] INFO  server.RaftServerConfigKeys (ConfUtils.java:logGet(43)) - raft.server.rpcslowness.timeout = 120s (custom)
2019-10-02 19:53:56,755 [pool-77-thread-1] INFO  server.RaftServerConfigKeys (ConfUtils.java:logGet(43)) - raft.server.sleep.deviation.threshold = 300 (default)
2019-10-02 19:53:56,755 [pool-77-thread-1] INFO  server.RaftServerConfigKeys (ConfUtils.java:logGet(43)) - raft.server.log.appender.install.snapshot.enabled = false (custom)
2019-10-02 19:53:56,756 [pool-77-thread-1] INFO  impl.RaftServerImpl (ServerState.java:<init>(103)) - e739d841-c2f3-4ce3-9261-25610f56f3cd@group-107943A5297A: ConfigurationManager, init=-1: [e739d841-c2f3-4ce3-9261-25610f56f3cd:192.168.157.242:41392], old=null, confs=<EMPTY_MAP>
2019-10-02 19:53:56,756 [pool-77-thread-1] INFO  server.RaftServerConfigKeys (ConfUtils.java:logGet(43)) - raft.server.storage.dir = [/workdir/hadoop-ozone/integration-test/target/test-dir/MiniOzoneClusterImpl-85ec13a9-98bf-43b5-845f-0fdbc936e02f/datanode-5/data/ratis] (custom)
2019-10-02 19:53:56,756 [pool-77-thread-1] INFO  server.RaftServerConfigKeys (ConfUtils.java:logGet(43)) - raft.server.log.corruption.policy = EXCEPTION (default)
2019-10-02 19:53:56,757 [pool-77-thread-1] INFO  storage.RaftStorageDirectory (RaftStorageDirectory.java:analyzeStorage(246)) - The storage directory /workdir/hadoop-ozone/integration-test/target/test-dir/MiniOzoneClusterImpl-85ec13a9-98bf-43b5-845f-0fdbc936e02f/datanode-5/data/ratis/78b3f845-32e0-4010-8a47-107943a5297a does not exist. Creating ...
2019-10-02 19:53:56,771 [pool-77-thread-1] INFO  storage.RaftStorageDirectory (RaftStorageDirectory.java:tryLock(328)) - Lock on /workdir/hadoop-ozone/integration-test/target/test-dir/MiniOzoneClusterImpl-85ec13a9-98bf-43b5-845f-0fdbc936e02f/datanode-5/data/ratis/78b3f845-32e0-4010-8a47-107943a5297a/in_use.lock acquired by nodename 7245@pr-hdds-2223-zp5j9-3680597336
2019-10-02 19:53:56,786 [pool-77-thread-1] INFO  storage.RaftStorage (RaftStorage.java:format(84)) - Storage directory /workdir/hadoop-ozone/integration-test/target/test-dir/MiniOzoneClusterImpl-85ec13a9-98bf-43b5-845f-0fdbc936e02f/datanode-5/data/ratis/78b3f845-32e0-4010-8a47-107943a5297a has been successfully formatted.
2019-10-02 19:53:56,786 [pool-77-thread-1] INFO  ratis.ContainerStateMachine (ContainerStateMachine.java:loadSnapshot(230)) - group-107943A5297A: The snapshot info is null. Setting the last applied indexto:(t:0, i:~)
2019-10-02 19:53:56,786 [pool-77-thread-1] INFO  server.RaftServerConfigKeys (ConfUtils.java:logGet(43)) - raft.server.notification.no-leader.timeout = 120s (custom)
2019-10-02 19:53:56,786 [pool-77-thread-1] INFO  server.RaftServerConfigKeys (ConfUtils.java:logGet(43)) - raft.server.log.use.memory = false (default)
2019-10-02 19:53:56,787 [pool-77-thread-1] INFO  server.RaftServerConfigKeys (ConfUtils.java:logGet(43)) - raft.server.log.purge.gap = 1000000 (custom)
2019-10-02 19:53:56,787 [pool-77-thread-1] INFO  server.RaftServerConfigKeys (ConfUtils.java:logGet(43)) - raft.server.log.appender.buffer.byte-limit = 33554432 (custom)
2019-10-02 19:53:56,787 [pool-77-thread-1] INFO  server.RaftServerConfigKeys (ConfUtils.java:logGet(43)) - raft.server.log.segment.size.max = 1048576 (custom)
2019-10-02 19:53:56,793 [pool-77-thread-1] INFO  server.RaftServerConfigKeys (ConfUtils.java:logGet(43)) - raft.server.log.segment.cache.num.max = 2 (custom)
2019-10-02 19:53:56,794 [pool-77-thread-1] INFO  segmented.SegmentedRaftLogWorker (SegmentedRaftLogWorker.java:<init>(173)) - new e739d841-c2f3-4ce3-9261-25610f56f3cd@group-107943A5297A-SegmentedRaftLogWorker for RaftStorage:Storage Directory /workdir/hadoop-ozone/integration-test/target/test-dir/MiniOzoneClusterImpl-85ec13a9-98bf-43b5-845f-0fdbc936e02f/datanode-5/data/ratis/78b3f845-32e0-4010-8a47-107943a5297a
2019-10-02 19:53:56,794 [pool-77-thread-1] INFO  server.RaftServerConfigKeys (ConfUtils.java:logGet(43)) - raft.server.log.queue.byte-limit = 2147483647 (custom)
2019-10-02 19:53:56,794 [pool-77-thread-1] INFO  server.RaftServerConfigKeys (ConfUtils.java:logGet(43)) - raft.server.log.queue.element-limit = 1024 (custom)
2019-10-02 19:53:56,794 [pool-77-thread-1] INFO  server.RaftServerConfigKeys (ConfUtils.java:logGet(43)) - raft.server.log.segment.size.max = 1048576 (custom)
2019-10-02 19:53:56,794 [pool-77-thread-1] INFO  server.RaftServerConfigKeys (ConfUtils.java:logGet(43)) - raft.server.log.preallocated.size = 16384 (custom)
2019-10-02 19:53:56,795 [pool-77-thread-1] INFO  server.RaftServerConfigKeys (ConfUtils.java:logGet(43)) - raft.server.log.write.buffer.size = 33554432 (custom)
2019-10-02 19:53:56,795 [pool-77-thread-1] INFO  server.RaftServerConfigKeys (ConfUtils.java:logGet(43)) - raft.server.log.force.sync.num = 128 (default)
2019-10-02 19:53:56,795 [pool-77-thread-1] INFO  server.RaftServerConfigKeys (ConfUtils.java:logGet(43)) - raft.server.log.statemachine.data.sync = true (default)
2019-10-02 19:53:56,795 [pool-77-thread-1] INFO  server.RaftServerConfigKeys (ConfUtils.java:logGet(43)) - raft.server.log.statemachine.data.sync.timeout = 10s (default)
2019-10-02 19:53:56,796 [pool-77-thread-1] INFO  server.RaftServerConfigKeys (ConfUtils.java:logGet(43)) - raft.server.log.statemachine.data.sync.timeout.retry = -1 (default)
2019-10-02 19:53:56,797 [pool-77-thread-1] INFO  server.RaftServerConfigKeys (ConfUtils.java:logGet(43)) - raft.server.log.statemachine.data.caching.enabled = true (custom)
2019-10-02 19:53:56,797 [pool-77-thread-1] INFO  segmented.SegmentedRaftLogWorker (SegmentedRaftLogWorker.java:lambda$new$0(128)) - e739d841-c2f3-4ce3-9261-25610f56f3cd@group-107943A5297A-SegmentedRaftLogWorker: flushIndex: setUnconditionally 0 -> -1
2019-10-02 19:53:56,798 [pool-77-thread-1] INFO  server.RaftServerConfigKeys (ConfUtils.java:logGet(43)) - raft.server.snapshot.auto.trigger.enabled = true (custom)
2019-10-02 19:53:56,798 [pool-77-thread-1] INFO  server.RaftServerConfigKeys (ConfUtils.java:logGet(43)) - raft.server.snapshot.auto.trigger.threshold = 10000 (custom)
2019-10-02 19:53:56,798 [pool-77-thread-1] INFO  server.RaftServerConfigKeys (ConfUtils.java:logGet(43)) - raft.server.snapshot.retention.file.num = 5 (custom)
2019-10-02 19:53:56,799 [pool-77-thread-1] INFO  server.RaftServerConfigKeys (ConfUtils.java:logGet(43)) - raft.server.retrycache.expirytime = 600000ms (custom)
2019-10-02 19:53:56,804 [pool-77-thread-1] INFO  impl.RaftServerImpl (RaftServerImpl.java:start(181)) - e739d841-c2f3-4ce3-9261-25610f56f3cd@group-107943A5297A: start as a follower, conf=-1: [e739d841-c2f3-4ce3-9261-25610f56f3cd:192.168.157.242:41392], old=null
2019-10-02 19:53:56,804 [pool-77-thread-1] INFO  impl.RaftServerImpl (RaftServerImpl.java:setRole(170)) - e739d841-c2f3-4ce3-9261-25610f56f3cd@group-107943A5297A: changes role from      null to FOLLOWER at term 0 for startAsFollower
2019-10-02 19:53:56,804 [pool-77-thread-1] INFO  impl.RoleInfo (RoleInfo.java:updateAndGet(143)) - e739d841-c2f3-4ce3-9261-25610f56f3cd: start FollowerState
2019-10-02 19:53:56,805 [pool-77-thread-1] INFO  util.JmxRegister (JmxRegister.java:tryRegister(44)) - Successfully registered JMX Bean with object name Ratis:service=RaftServer,group=group-107943A5297A,id=e739d841-c2f3-4ce3-9261-25610f56f3cd
2019-10-02 19:53:56,825 [RatisPipelineUtilsThread] INFO  pipeline.PipelineStateManager (PipelineStateManager.java:addPipeline(56)) - Created pipeline Pipeline[ Id: 78b3f845-32e0-4010-8a47-107943a5297a, Nodes: e739d841-c2f3-4ce3-9261-25610f56f3cd{ip: 192.168.157.242, host: pr-hdds-2223-zp5j9-3680597336, networkLocation: /default-rack, certSerialId: null}, Type:RATIS, Factor:ONE, State:OPEN]
2019-10-02 19:53:56,841 [main] INFO  ozone.MiniOzoneClusterImpl (MiniOzoneClusterImpl.java:lambda$waitForClusterToBeReady$0(147)) - Cluster is ready. Got 7 of 7 DN Heartbeats.
2019-10-02 19:53:56,849 [grpc-default-executor-0] INFO  impl.RaftServerProxy (RaftServerProxy.java:addNew(89)) - 870e6959-60bf-4746-8f27-db206afdcb81: addNew group-171DE53D1D36:[870e6959-60bf-4746-8f27-db206afdcb81:192.168.157.242:44600] returns group-171DE53D1D36:java.util.concurrent.CompletableFuture@79e85945[Not completed]
2019-10-02 19:53:56,856 [pool-57-thread-1] INFO  impl.RaftServerImpl (RaftServerImpl.java:<init>(95)) - 870e6959-60bf-4746-8f27-db206afdcb81: new RaftServerImpl for group-171DE53D1D36:[870e6959-60bf-4746-8f27-db206afdcb81:192.168.157.242:44600] with ContainerStateMachine:uninitialized
2019-10-02 19:53:56,856 [pool-57-thread-1] INFO  server.RaftServerConfigKeys (ConfUtils.java:logGet(43)) - raft.server.rpc.timeout.min = 5s (custom)
2019-10-02 19:53:56,856 [pool-57-thread-1] INFO  server.RaftServerConfigKeys (ConfUtils.java:logGet(43)) - raft.server.rpc.timeout.max = 5200ms (custom)
2019-10-02 19:53:56,856 [pool-57-thread-1] INFO  server.RaftServerConfigKeys (ConfUtils.java:logGet(43)) - raft.server.rpcslowness.timeout = 120s (custom)
2019-10-02 19:53:56,856 [pool-57-thread-1] INFO  server.RaftServerConfigKeys (ConfUtils.java:logGet(43)) - raft.server.sleep.deviation.threshold = 300 (default)
2019-10-02 19:53:56,857 [pool-57-thread-1] INFO  server.RaftServerConfigKeys (ConfUtils.java:logGet(43)) - raft.server.log.appender.install.snapshot.enabled = false (custom)
2019-10-02 19:53:56,857 [pool-57-thread-1] INFO  impl.RaftServerImpl (ServerState.java:<init>(103)) - 870e6959-60bf-4746-8f27-db206afdcb81@group-171DE53D1D36: ConfigurationManager, init=-1: [870e6959-60bf-4746-8f27-db206afdcb81:192.168.157.242:44600], old=null, confs=<EMPTY_MAP>
2019-10-02 19:53:56,857 [pool-57-thread-1] INFO  server.RaftServerConfigKeys (ConfUtils.java:logGet(43)) - raft.server.storage.dir = [/workdir/hadoop-ozone/integration-test/target/test-dir/MiniOzoneClusterImpl-85ec13a9-98bf-43b5-845f-0fdbc936e02f/datanode-3/data/ratis] (custom)
2019-10-02 19:53:56,857 [pool-57-thread-1] INFO  server.RaftServerConfigKeys (ConfUtils.java:logGet(43)) - raft.server.log.corruption.policy = EXCEPTION (default)
2019-10-02 19:53:56,858 [pool-57-thread-1] INFO  storage.RaftStorageDirectory (RaftStorageDirectory.java:analyzeStorage(246)) - The storage directory /workdir/hadoop-ozone/integration-test/target/test-dir/MiniOzoneClusterImpl-85ec13a9-98bf-43b5-845f-0fdbc936e02f/datanode-3/data/ratis/47f8bcfa-8b00-4141-9d46-171de53d1d36 does not exist. Creating ...
2019-10-02 19:53:56,870 [pool-57-thread-1] INFO  storage.RaftStorageDirectory (RaftStorageDirectory.java:tryLock(328)) - Lock on /workdir/hadoop-ozone/integration-test/target/test-dir/MiniOzoneClusterImpl-85ec13a9-98bf-43b5-845f-0fdbc936e02f/datanode-3/data/ratis/47f8bcfa-8b00-4141-9d46-171de53d1d36/in_use.lock acquired by nodename 7245@pr-hdds-2223-zp5j9-3680597336
2019-10-02 19:53:56,883 [pool-57-thread-1] INFO  storage.RaftStorage (RaftStorage.java:format(84)) - Storage directory /workdir/hadoop-ozone/integration-test/target/test-dir/MiniOzoneClusterImpl-85ec13a9-98bf-43b5-845f-0fdbc936e02f/datanode-3/data/ratis/47f8bcfa-8b00-4141-9d46-171de53d1d36 has been successfully formatted.
2019-10-02 19:53:56,883 [pool-57-thread-1] INFO  ratis.ContainerStateMachine (ContainerStateMachine.java:loadSnapshot(230)) - group-171DE53D1D36: The snapshot info is null. Setting the last applied indexto:(t:0, i:~)
2019-10-02 19:53:56,883 [pool-57-thread-1] INFO  server.RaftServerConfigKeys (ConfUtils.java:logGet(43)) - raft.server.notification.no-leader.timeout = 120s (custom)
2019-10-02 19:53:56,884 [pool-57-thread-1] INFO  server.RaftServerConfigKeys (ConfUtils.java:logGet(43)) - raft.server.log.use.memory = false (default)
2019-10-02 19:53:56,884 [pool-57-thread-1] INFO  server.RaftServerConfigKeys (ConfUtils.java:logGet(43)) - raft.server.log.purge.gap = 1000000 (custom)
2019-10-02 19:53:56,884 [pool-57-thread-1] INFO  server.RaftServerConfigKeys (ConfUtils.java:logGet(43)) - raft.server.log.appender.buffer.byte-limit = 33554432 (custom)
2019-10-02 19:53:56,884 [pool-57-thread-1] INFO  server.RaftServerConfigKeys (ConfUtils.java:logGet(43)) - raft.server.log.segment.size.max = 1048576 (custom)
2019-10-02 19:53:56,887 [pool-57-thread-1] INFO  server.RaftServerConfigKeys (ConfUtils.java:logGet(43)) - raft.server.log.segment.cache.num.max = 2 (custom)
2019-10-02 19:53:56,887 [pool-57-thread-1] INFO  segmented.SegmentedRaftLogWorker (SegmentedRaftLogWorker.java:<init>(173)) - new 870e6959-60bf-4746-8f27-db206afdcb81@group-171DE53D1D36-SegmentedRaftLogWorker for RaftStorage:Storage Directory /workdir/hadoop-ozone/integration-test/target/test-dir/MiniOzoneClusterImpl-85ec13a9-98bf-43b5-845f-0fdbc936e02f/datanode-3/data/ratis/47f8bcfa-8b00-4141-9d46-171de53d1d36
2019-10-02 19:53:56,887 [pool-57-thread-1] INFO  server.RaftServerConfigKeys (ConfUtils.java:logGet(43)) - raft.server.log.queue.byte-limit = 2147483647 (custom)
2019-10-02 19:53:56,887 [pool-57-thread-1] INFO  server.RaftServerConfigKeys (ConfUtils.java:logGet(43)) - raft.server.log.queue.element-limit = 1024 (custom)
2019-10-02 19:53:56,887 [pool-57-thread-1] INFO  server.RaftServerConfigKeys (ConfUtils.java:logGet(43)) - raft.server.log.segment.size.max = 1048576 (custom)
2019-10-02 19:53:56,888 [pool-57-thread-1] INFO  server.RaftServerConfigKeys (ConfUtils.java:logGet(43)) - raft.server.log.preallocated.size = 16384 (custom)
2019-10-02 19:53:56,888 [pool-57-thread-1] INFO  server.RaftServerConfigKeys (ConfUtils.java:logGet(43)) - raft.server.log.write.buffer.size = 33554432 (custom)
2019-10-02 19:53:56,888 [pool-57-thread-1] INFO  server.RaftServerConfigKeys (ConfUtils.java:logGet(43)) - raft.server.log.force.sync.num = 128 (default)
2019-10-02 19:53:56,888 [pool-57-thread-1] INFO  server.RaftServerConfigKeys (ConfUtils.java:logGet(43)) - raft.server.log.statemachine.data.sync = true (default)
2019-10-02 19:53:56,888 [pool-57-thread-1] INFO  server.RaftServerConfigKeys (ConfUtils.java:logGet(43)) - raft.server.log.statemachine.data.sync.timeout = 10s (default)
2019-10-02 19:53:56,888 [pool-57-thread-1] INFO  server.RaftServerConfigKeys (ConfUtils.java:logGet(43)) - raft.server.log.statemachine.data.sync.timeout.retry = -1 (default)
2019-10-02 19:53:56,889 [pool-57-thread-1] INFO  server.RaftServerConfigKeys (ConfUtils.java:logGet(43)) - raft.server.log.statemachine.data.caching.enabled = true (custom)
2019-10-02 19:53:56,889 [pool-57-thread-1] INFO  segmented.SegmentedRaftLogWorker (SegmentedRaftLogWorker.java:lambda$new$0(128)) - 870e6959-60bf-4746-8f27-db206afdcb81@group-171DE53D1D36-SegmentedRaftLogWorker: flushIndex: setUnconditionally 0 -> -1
2019-10-02 19:53:56,889 [pool-57-thread-1] INFO  server.RaftServerConfigKeys (ConfUtils.java:logGet(43)) - raft.server.snapshot.auto.trigger.enabled = true (custom)
2019-10-02 19:53:56,889 [pool-57-thread-1] INFO  server.RaftServerConfigKeys (ConfUtils.java:logGet(43)) - raft.server.snapshot.auto.trigger.threshold = 10000 (custom)
2019-10-02 19:53:56,890 [pool-57-thread-1] INFO  server.RaftServerConfigKeys (ConfUtils.java:logGet(43)) - raft.server.snapshot.retention.file.num = 5 (custom)
2019-10-02 19:53:56,890 [pool-57-thread-1] INFO  server.RaftServerConfigKeys (ConfUtils.java:logGet(43)) - raft.server.retrycache.expirytime = 600000ms (custom)
2019-10-02 19:53:56,892 [pool-57-thread-1] INFO  impl.RaftServerImpl (RaftServerImpl.java:start(181)) - 870e6959-60bf-4746-8f27-db206afdcb81@group-171DE53D1D36: start as a follower, conf=-1: [870e6959-60bf-4746-8f27-db206afdcb81:192.168.157.242:44600], old=null
2019-10-02 19:53:56,892 [pool-57-thread-1] INFO  impl.RaftServerImpl (RaftServerImpl.java:setRole(170)) - 870e6959-60bf-4746-8f27-db206afdcb81@group-171DE53D1D36: changes role from      null to FOLLOWER at term 0 for startAsFollower
2019-10-02 19:53:56,893 [pool-57-thread-1] INFO  impl.RoleInfo (RoleInfo.java:updateAndGet(143)) - 870e6959-60bf-4746-8f27-db206afdcb81: start FollowerState
2019-10-02 19:53:56,893 [pool-57-thread-1] INFO  util.JmxRegister (JmxRegister.java:tryRegister(44)) - Successfully registered JMX Bean with object name Ratis:service=RaftServer,group=group-171DE53D1D36,id=870e6959-60bf-4746-8f27-db206afdcb81
2019-10-02 19:53:56,910 [RatisPipelineUtilsThread] INFO  pipeline.PipelineStateManager (PipelineStateManager.java:addPipeline(56)) - Created pipeline Pipeline[ Id: 47f8bcfa-8b00-4141-9d46-171de53d1d36, Nodes: 870e6959-60bf-4746-8f27-db206afdcb81{ip: 192.168.157.242, host: pr-hdds-2223-zp5j9-3680597336, networkLocation: /default-rack, certSerialId: null}, Type:RATIS, Factor:ONE, State:OPEN]
2019-10-02 19:53:56,934 [grpc-default-executor-0] INFO  impl.RaftServerProxy (RaftServerProxy.java:addNew(89)) - a0833d57-9356-442d-affc-7baee9cfa057: addNew group-692AD702D2DD:[a0833d57-9356-442d-affc-7baee9cfa057:192.168.157.242:44398] returns group-692AD702D2DD:java.util.concurrent.CompletableFuture@7d128618[Not completed]
2019-10-02 19:53:56,946 [pool-67-thread-1] INFO  impl.RaftServerImpl (RaftServerImpl.java:<init>(95)) - a0833d57-9356-442d-affc-7baee9cfa057: new RaftServerImpl for group-692AD702D2DD:[a0833d57-9356-442d-affc-7baee9cfa057:192.168.157.242:44398] with ContainerStateMachine:uninitialized
2019-10-02 19:53:56,947 [pool-67-thread-1] INFO  server.RaftServerConfigKeys (ConfUtils.java:logGet(43)) - raft.server.rpc.timeout.min = 5s (custom)
2019-10-02 19:53:56,947 [pool-67-thread-1] INFO  server.RaftServerConfigKeys (ConfUtils.java:logGet(43)) - raft.server.rpc.timeout.max = 5200ms (custom)
2019-10-02 19:53:56,947 [pool-67-thread-1] INFO  server.RaftServerConfigKeys (ConfUtils.java:logGet(43)) - raft.server.rpcslowness.timeout = 120s (custom)
2019-10-02 19:53:56,947 [pool-67-thread-1] INFO  server.RaftServerConfigKeys (ConfUtils.java:logGet(43)) - raft.server.sleep.deviation.threshold = 300 (default)
2019-10-02 19:53:56,947 [pool-67-thread-1] INFO  server.RaftServerConfigKeys (ConfUtils.java:logGet(43)) - raft.server.log.appender.install.snapshot.enabled = false (custom)
2019-10-02 19:53:56,948 [pool-67-thread-1] INFO  impl.RaftServerImpl (ServerState.java:<init>(103)) - a0833d57-9356-442d-affc-7baee9cfa057@group-692AD702D2DD: ConfigurationManager, init=-1: [a0833d57-9356-442d-affc-7baee9cfa057:192.168.157.242:44398], old=null, confs=<EMPTY_MAP>
2019-10-02 19:53:56,948 [pool-67-thread-1] INFO  server.RaftServerConfigKeys (ConfUtils.java:logGet(43)) - raft.server.storage.dir = [/workdir/hadoop-ozone/integration-test/target/test-dir/MiniOzoneClusterImpl-85ec13a9-98bf-43b5-845f-0fdbc936e02f/datanode-4/data/ratis] (custom)
2019-10-02 19:53:56,948 [pool-67-thread-1] INFO  server.RaftServerConfigKeys (ConfUtils.java:logGet(43)) - raft.server.log.corruption.policy = EXCEPTION (default)
2019-10-02 19:53:56,948 [pool-67-thread-1] INFO  storage.RaftStorageDirectory (RaftStorageDirectory.java:analyzeStorage(246)) - The storage directory /workdir/hadoop-ozone/integration-test/target/test-dir/MiniOzoneClusterImpl-85ec13a9-98bf-43b5-845f-0fdbc936e02f/datanode-4/data/ratis/3ca1eead-6645-42a3-90fc-692ad702d2dd does not exist. Creating ...
2019-10-02 19:53:56,961 [pool-67-thread-1] INFO  storage.RaftStorageDirectory (RaftStorageDirectory.java:tryLock(328)) - Lock on /workdir/hadoop-ozone/integration-test/target/test-dir/MiniOzoneClusterImpl-85ec13a9-98bf-43b5-845f-0fdbc936e02f/datanode-4/data/ratis/3ca1eead-6645-42a3-90fc-692ad702d2dd/in_use.lock acquired by nodename 7245@pr-hdds-2223-zp5j9-3680597336
2019-10-02 19:53:56,974 [pool-67-thread-1] INFO  storage.RaftStorage (RaftStorage.java:format(84)) - Storage directory /workdir/hadoop-ozone/integration-test/target/test-dir/MiniOzoneClusterImpl-85ec13a9-98bf-43b5-845f-0fdbc936e02f/datanode-4/data/ratis/3ca1eead-6645-42a3-90fc-692ad702d2dd has been successfully formatted.
2019-10-02 19:53:56,974 [pool-67-thread-1] INFO  ratis.ContainerStateMachine (ContainerStateMachine.java:loadSnapshot(230)) - group-692AD702D2DD: The snapshot info is null. Setting the last applied indexto:(t:0, i:~)
2019-10-02 19:53:56,975 [pool-67-thread-1] INFO  server.RaftServerConfigKeys (ConfUtils.java:logGet(43)) - raft.server.notification.no-leader.timeout = 120s (custom)
2019-10-02 19:53:56,975 [pool-67-thread-1] INFO  server.RaftServerConfigKeys (ConfUtils.java:logGet(43)) - raft.server.log.use.memory = false (default)
2019-10-02 19:53:56,975 [pool-67-thread-1] INFO  server.RaftServerConfigKeys (ConfUtils.java:logGet(43)) - raft.server.log.purge.gap = 1000000 (custom)
2019-10-02 19:53:56,975 [pool-67-thread-1] INFO  server.RaftServerConfigKeys (ConfUtils.java:logGet(43)) - raft.server.log.appender.buffer.byte-limit = 33554432 (custom)
2019-10-02 19:53:56,975 [pool-67-thread-1] INFO  server.RaftServerConfigKeys (ConfUtils.java:logGet(43)) - raft.server.log.segment.size.max = 1048576 (custom)
2019-10-02 19:53:56,978 [pool-67-thread-1] INFO  server.RaftServerConfigKeys (ConfUtils.java:logGet(43)) - raft.server.log.segment.cache.num.max = 2 (custom)
2019-10-02 19:53:56,978 [pool-67-thread-1] INFO  segmented.SegmentedRaftLogWorker (SegmentedRaftLogWorker.java:<init>(173)) - new a0833d57-9356-442d-affc-7baee9cfa057@group-692AD702D2DD-SegmentedRaftLogWorker for RaftStorage:Storage Directory /workdir/hadoop-ozone/integration-test/target/test-dir/MiniOzoneClusterImpl-85ec13a9-98bf-43b5-845f-0fdbc936e02f/datanode-4/data/ratis/3ca1eead-6645-42a3-90fc-692ad702d2dd
2019-10-02 19:53:56,979 [pool-67-thread-1] INFO  server.RaftServerConfigKeys (ConfUtils.java:logGet(43)) - raft.server.log.queue.byte-limit = 2147483647 (custom)
2019-10-02 19:53:56,979 [pool-67-thread-1] INFO  server.RaftServerConfigKeys (ConfUtils.java:logGet(43)) - raft.server.log.queue.element-limit = 1024 (custom)
2019-10-02 19:53:56,979 [pool-67-thread-1] INFO  server.RaftServerConfigKeys (ConfUtils.java:logGet(43)) - raft.server.log.segment.size.max = 1048576 (custom)
2019-10-02 19:53:56,979 [pool-67-thread-1] INFO  server.RaftServerConfigKeys (ConfUtils.java:logGet(43)) - raft.server.log.preallocated.size = 16384 (custom)
2019-10-02 19:53:56,979 [pool-67-thread-1] INFO  server.RaftServerConfigKeys (ConfUtils.java:logGet(43)) - raft.server.log.write.buffer.size = 33554432 (custom)
2019-10-02 19:53:56,980 [pool-67-thread-1] INFO  server.RaftServerConfigKeys (ConfUtils.java:logGet(43)) - raft.server.log.force.sync.num = 128 (default)
2019-10-02 19:53:56,980 [pool-67-thread-1] INFO  server.RaftServerConfigKeys (ConfUtils.java:logGet(43)) - raft.server.log.statemachine.data.sync = true (default)
2019-10-02 19:53:56,980 [pool-67-thread-1] INFO  server.RaftServerConfigKeys (ConfUtils.java:logGet(43)) - raft.server.log.statemachine.data.sync.timeout = 10s (default)
2019-10-02 19:53:56,980 [pool-67-thread-1] INFO  server.RaftServerConfigKeys (ConfUtils.java:logGet(43)) - raft.server.log.statemachine.data.sync.timeout.retry = -1 (default)
2019-10-02 19:53:56,981 [pool-67-thread-1] INFO  server.RaftServerConfigKeys (ConfUtils.java:logGet(43)) - raft.server.log.statemachine.data.caching.enabled = true (custom)
2019-10-02 19:53:56,981 [pool-67-thread-1] INFO  segmented.SegmentedRaftLogWorker (SegmentedRaftLogWorker.java:lambda$new$0(128)) - a0833d57-9356-442d-affc-7baee9cfa057@group-692AD702D2DD-SegmentedRaftLogWorker: flushIndex: setUnconditionally 0 -> -1
2019-10-02 19:53:56,982 [pool-67-thread-1] INFO  server.RaftServerConfigKeys (ConfUtils.java:logGet(43)) - raft.server.snapshot.auto.trigger.enabled = true (custom)
2019-10-02 19:53:56,982 [pool-67-thread-1] INFO  server.RaftServerConfigKeys (ConfUtils.java:logGet(43)) - raft.server.snapshot.auto.trigger.threshold = 10000 (custom)
2019-10-02 19:53:56,982 [pool-67-thread-1] INFO  server.RaftServerConfigKeys (ConfUtils.java:logGet(43)) - raft.server.snapshot.retention.file.num = 5 (custom)
2019-10-02 19:53:56,982 [pool-67-thread-1] INFO  server.RaftServerConfigKeys (ConfUtils.java:logGet(43)) - raft.server.retrycache.expirytime = 600000ms (custom)
2019-10-02 19:53:56,988 [pool-67-thread-1] INFO  impl.RaftServerImpl (RaftServerImpl.java:start(181)) - a0833d57-9356-442d-affc-7baee9cfa057@group-692AD702D2DD: start as a follower, conf=-1: [a0833d57-9356-442d-affc-7baee9cfa057:192.168.157.242:44398], old=null
2019-10-02 19:53:56,988 [pool-67-thread-1] INFO  impl.RaftServerImpl (RaftServerImpl.java:setRole(170)) - a0833d57-9356-442d-affc-7baee9cfa057@group-692AD702D2DD: changes role from      null to FOLLOWER at term 0 for startAsFollower
2019-10-02 19:53:56,989 [pool-67-thread-1] INFO  impl.RoleInfo (RoleInfo.java:updateAndGet(143)) - a0833d57-9356-442d-affc-7baee9cfa057: start FollowerState
2019-10-02 19:53:56,989 [pool-67-thread-1] INFO  util.JmxRegister (JmxRegister.java:tryRegister(44)) - Successfully registered JMX Bean with object name Ratis:service=RaftServer,group=group-692AD702D2DD,id=a0833d57-9356-442d-affc-7baee9cfa057
2019-10-02 19:53:57,010 [RatisPipelineUtilsThread] INFO  pipeline.PipelineStateManager (PipelineStateManager.java:addPipeline(56)) - Created pipeline Pipeline[ Id: 3ca1eead-6645-42a3-90fc-692ad702d2dd, Nodes: a0833d57-9356-442d-affc-7baee9cfa057{ip: 192.168.157.242, host: pr-hdds-2223-zp5j9-3680597336, networkLocation: /default-rack, certSerialId: null}, Type:RATIS, Factor:ONE, State:OPEN]
2019-10-02 19:53:57,028 [grpc-default-executor-0] INFO  impl.RaftServerProxy (RaftServerProxy.java:addNew(89)) - 8bcf3dda-d4f5-4d2e-bdce-006354901f05: addNew group-DC85D5CB8376:[8bcf3dda-d4f5-4d2e-bdce-006354901f05:192.168.157.242:39482] returns group-DC85D5CB8376:java.util.concurrent.CompletableFuture@53a5c890[Not completed]
2019-10-02 19:53:57,034 [pool-47-thread-1] INFO  impl.RaftServerImpl (RaftServerImpl.java:<init>(95)) - 8bcf3dda-d4f5-4d2e-bdce-006354901f05: new RaftServerImpl for group-DC85D5CB8376:[8bcf3dda-d4f5-4d2e-bdce-006354901f05:192.168.157.242:39482] with ContainerStateMachine:uninitialized
2019-10-02 19:53:57,034 [pool-47-thread-1] INFO  server.RaftServerConfigKeys (ConfUtils.java:logGet(43)) - raft.server.rpc.timeout.min = 5s (custom)
2019-10-02 19:53:57,034 [pool-47-thread-1] INFO  server.RaftServerConfigKeys (ConfUtils.java:logGet(43)) - raft.server.rpc.timeout.max = 5200ms (custom)
2019-10-02 19:53:57,034 [pool-47-thread-1] INFO  server.RaftServerConfigKeys (ConfUtils.java:logGet(43)) - raft.server.rpcslowness.timeout = 120s (custom)
2019-10-02 19:53:57,034 [pool-47-thread-1] INFO  server.RaftServerConfigKeys (ConfUtils.java:logGet(43)) - raft.server.sleep.deviation.threshold = 300 (default)
2019-10-02 19:53:57,034 [pool-47-thread-1] INFO  server.RaftServerConfigKeys (ConfUtils.java:logGet(43)) - raft.server.log.appender.install.snapshot.enabled = false (custom)
2019-10-02 19:53:57,035 [pool-47-thread-1] INFO  impl.RaftServerImpl (ServerState.java:<init>(103)) - 8bcf3dda-d4f5-4d2e-bdce-006354901f05@group-DC85D5CB8376: ConfigurationManager, init=-1: [8bcf3dda-d4f5-4d2e-bdce-006354901f05:192.168.157.242:39482], old=null, confs=<EMPTY_MAP>
2019-10-02 19:53:57,035 [pool-47-thread-1] INFO  server.RaftServerConfigKeys (ConfUtils.java:logGet(43)) - raft.server.storage.dir = [/workdir/hadoop-ozone/integration-test/target/test-dir/MiniOzoneClusterImpl-85ec13a9-98bf-43b5-845f-0fdbc936e02f/datanode-2/data/ratis] (custom)
2019-10-02 19:53:57,035 [pool-47-thread-1] INFO  server.RaftServerConfigKeys (ConfUtils.java:logGet(43)) - raft.server.log.corruption.policy = EXCEPTION (default)
2019-10-02 19:53:57,036 [pool-47-thread-1] INFO  storage.RaftStorageDirectory (RaftStorageDirectory.java:analyzeStorage(246)) - The storage directory /workdir/hadoop-ozone/integration-test/target/test-dir/MiniOzoneClusterImpl-85ec13a9-98bf-43b5-845f-0fdbc936e02f/datanode-2/data/ratis/dcd27e5c-aadc-4474-992b-dc85d5cb8376 does not exist. Creating ...
2019-10-02 19:53:57,056 [pool-47-thread-1] INFO  storage.RaftStorageDirectory (RaftStorageDirectory.java:tryLock(328)) - Lock on /workdir/hadoop-ozone/integration-test/target/test-dir/MiniOzoneClusterImpl-85ec13a9-98bf-43b5-845f-0fdbc936e02f/datanode-2/data/ratis/dcd27e5c-aadc-4474-992b-dc85d5cb8376/in_use.lock acquired by nodename 7245@pr-hdds-2223-zp5j9-3680597336
2019-10-02 19:53:57,070 [pool-47-thread-1] INFO  storage.RaftStorage (RaftStorage.java:format(84)) - Storage directory /workdir/hadoop-ozone/integration-test/target/test-dir/MiniOzoneClusterImpl-85ec13a9-98bf-43b5-845f-0fdbc936e02f/datanode-2/data/ratis/dcd27e5c-aadc-4474-992b-dc85d5cb8376 has been successfully formatted.
2019-10-02 19:53:57,070 [pool-47-thread-1] INFO  ratis.ContainerStateMachine (ContainerStateMachine.java:loadSnapshot(230)) - group-DC85D5CB8376: The snapshot info is null. Setting the last applied indexto:(t:0, i:~)
2019-10-02 19:53:57,070 [pool-47-thread-1] INFO  server.RaftServerConfigKeys (ConfUtils.java:logGet(43)) - raft.server.notification.no-leader.timeout = 120s (custom)
2019-10-02 19:53:57,070 [pool-47-thread-1] INFO  server.RaftServerConfigKeys (ConfUtils.java:logGet(43)) - raft.server.log.use.memory = false (default)
2019-10-02 19:53:57,070 [pool-47-thread-1] INFO  server.RaftServerConfigKeys (ConfUtils.java:logGet(43)) - raft.server.log.purge.gap = 1000000 (custom)
2019-10-02 19:53:57,070 [pool-47-thread-1] INFO  server.RaftServerConfigKeys (ConfUtils.java:logGet(43)) - raft.server.log.appender.buffer.byte-limit = 33554432 (custom)
2019-10-02 19:53:57,071 [pool-47-thread-1] INFO  server.RaftServerConfigKeys (ConfUtils.java:logGet(43)) - raft.server.log.segment.size.max = 1048576 (custom)
2019-10-02 19:53:57,074 [pool-47-thread-1] INFO  server.RaftServerConfigKeys (ConfUtils.java:logGet(43)) - raft.server.log.segment.cache.num.max = 2 (custom)
2019-10-02 19:53:57,074 [pool-47-thread-1] INFO  segmented.SegmentedRaftLogWorker (SegmentedRaftLogWorker.java:<init>(173)) - new 8bcf3dda-d4f5-4d2e-bdce-006354901f05@group-DC85D5CB8376-SegmentedRaftLogWorker for RaftStorage:Storage Directory /workdir/hadoop-ozone/integration-test/target/test-dir/MiniOzoneClusterImpl-85ec13a9-98bf-43b5-845f-0fdbc936e02f/datanode-2/data/ratis/dcd27e5c-aadc-4474-992b-dc85d5cb8376
2019-10-02 19:53:57,074 [pool-47-thread-1] INFO  server.RaftServerConfigKeys (ConfUtils.java:logGet(43)) - raft.server.log.queue.byte-limit = 2147483647 (custom)
2019-10-02 19:53:57,074 [pool-47-thread-1] INFO  server.RaftServerConfigKeys (ConfUtils.java:logGet(43)) - raft.server.log.queue.element-limit = 1024 (custom)
2019-10-02 19:53:57,074 [pool-47-thread-1] INFO  server.RaftServerConfigKeys (ConfUtils.java:logGet(43)) - raft.server.log.segment.size.max = 1048576 (custom)
2019-10-02 19:53:57,074 [pool-47-thread-1] INFO  server.RaftServerConfigKeys (ConfUtils.java:logGet(43)) - raft.server.log.preallocated.size = 16384 (custom)
2019-10-02 19:53:57,075 [pool-47-thread-1] INFO  server.RaftServerConfigKeys (ConfUtils.java:logGet(43)) - raft.server.log.write.buffer.size = 33554432 (custom)
2019-10-02 19:53:57,075 [pool-47-thread-1] INFO  server.RaftServerConfigKeys (ConfUtils.java:logGet(43)) - raft.server.log.force.sync.num = 128 (default)
2019-10-02 19:53:57,075 [pool-47-thread-1] INFO  server.RaftServerConfigKeys (ConfUtils.java:logGet(43)) - raft.server.log.statemachine.data.sync = true (default)
2019-10-02 19:53:57,075 [pool-47-thread-1] INFO  server.RaftServerConfigKeys (ConfUtils.java:logGet(43)) - raft.server.log.statemachine.data.sync.timeout = 10s (default)
2019-10-02 19:53:57,075 [pool-47-thread-1] INFO  server.RaftServerConfigKeys (ConfUtils.java:logGet(43)) - raft.server.log.statemachine.data.sync.timeout.retry = -1 (default)
2019-10-02 19:53:57,076 [pool-47-thread-1] INFO  server.RaftServerConfigKeys (ConfUtils.java:logGet(43)) - raft.server.log.statemachine.data.caching.enabled = true (custom)
2019-10-02 19:53:57,076 [pool-47-thread-1] INFO  segmented.SegmentedRaftLogWorker (SegmentedRaftLogWorker.java:lambda$new$0(128)) - 8bcf3dda-d4f5-4d2e-bdce-006354901f05@group-DC85D5CB8376-SegmentedRaftLogWorker: flushIndex: setUnconditionally 0 -> -1
2019-10-02 19:53:57,076 [pool-47-thread-1] INFO  server.RaftServerConfigKeys (ConfUtils.java:logGet(43)) - raft.server.snapshot.auto.trigger.enabled = true (custom)
2019-10-02 19:53:57,076 [pool-47-thread-1] INFO  server.RaftServerConfigKeys (ConfUtils.java:logGet(43)) - raft.server.snapshot.auto.trigger.threshold = 10000 (custom)
2019-10-02 19:53:57,076 [pool-47-thread-1] INFO  server.RaftServerConfigKeys (ConfUtils.java:logGet(43)) - raft.server.snapshot.retention.file.num = 5 (custom)
2019-10-02 19:53:57,077 [pool-47-thread-1] INFO  server.RaftServerConfigKeys (ConfUtils.java:logGet(43)) - raft.server.retrycache.expirytime = 600000ms (custom)
2019-10-02 19:53:57,079 [pool-47-thread-1] INFO  impl.RaftServerImpl (RaftServerImpl.java:start(181)) - 8bcf3dda-d4f5-4d2e-bdce-006354901f05@group-DC85D5CB8376: start as a follower, conf=-1: [8bcf3dda-d4f5-4d2e-bdce-006354901f05:192.168.157.242:39482], old=null
2019-10-02 19:53:57,079 [pool-47-thread-1] INFO  impl.RaftServerImpl (RaftServerImpl.java:setRole(170)) - 8bcf3dda-d4f5-4d2e-bdce-006354901f05@group-DC85D5CB8376: changes role from      null to FOLLOWER at term 0 for startAsFollower
2019-10-02 19:53:57,079 [pool-47-thread-1] INFO  impl.RoleInfo (RoleInfo.java:updateAndGet(143)) - 8bcf3dda-d4f5-4d2e-bdce-006354901f05: start FollowerState
2019-10-02 19:53:57,080 [pool-47-thread-1] INFO  util.JmxRegister (JmxRegister.java:tryRegister(44)) - Successfully registered JMX Bean with object name Ratis:service=RaftServer,group=group-DC85D5CB8376,id=8bcf3dda-d4f5-4d2e-bdce-006354901f05
2019-10-02 19:53:57,102 [RatisPipelineUtilsThread] INFO  pipeline.PipelineStateManager (PipelineStateManager.java:addPipeline(56)) - Created pipeline Pipeline[ Id: dcd27e5c-aadc-4474-992b-dc85d5cb8376, Nodes: 8bcf3dda-d4f5-4d2e-bdce-006354901f05{ip: 192.168.157.242, host: pr-hdds-2223-zp5j9-3680597336, networkLocation: /default-rack, certSerialId: null}, Type:RATIS, Factor:ONE, State:OPEN]
2019-10-02 19:53:57,140 [grpc-default-executor-2] INFO  impl.RaftServerProxy (RaftServerProxy.java:addNew(89)) - ac7d5bff-77d7-49ee-9e03-6669822ee5ed: addNew group-57D71A09135D:[ac7d5bff-77d7-49ee-9e03-6669822ee5ed:192.168.157.242:46165, 7bae9e7d-ac17-45dd-9802-adba67965dd5:192.168.157.242:35060, e739d841-c2f3-4ce3-9261-25610f56f3cd:192.168.157.242:41392] returns group-57D71A09135D:java.util.concurrent.CompletableFuture@723b1bac[Not completed]
2019-10-02 19:53:57,141 [grpc-default-executor-0] INFO  impl.RaftServerProxy (RaftServerProxy.java:addNew(89)) - e739d841-c2f3-4ce3-9261-25610f56f3cd: addNew group-57D71A09135D:[ac7d5bff-77d7-49ee-9e03-6669822ee5ed:192.168.157.242:46165, 7bae9e7d-ac17-45dd-9802-adba67965dd5:192.168.157.242:35060, e739d841-c2f3-4ce3-9261-25610f56f3cd:192.168.157.242:41392] returns group-57D71A09135D:java.util.concurrent.CompletableFuture@222944d3[Not completed]
2019-10-02 19:53:57,141 [grpc-default-executor-1] INFO  impl.RaftServerProxy (RaftServerProxy.java:addNew(89)) - 7bae9e7d-ac17-45dd-9802-adba67965dd5: addNew group-57D71A09135D:[ac7d5bff-77d7-49ee-9e03-6669822ee5ed:192.168.157.242:46165, 7bae9e7d-ac17-45dd-9802-adba67965dd5:192.168.157.242:35060, e739d841-c2f3-4ce3-9261-25610f56f3cd:192.168.157.242:41392] returns group-57D71A09135D:java.util.concurrent.CompletableFuture@61b12f78[Not completed]
2019-10-02 19:53:57,143 [pool-87-thread-1] INFO  impl.RaftServerImpl (RaftServerImpl.java:<init>(95)) - ac7d5bff-77d7-49ee-9e03-6669822ee5ed: new RaftServerImpl for group-57D71A09135D:[ac7d5bff-77d7-49ee-9e03-6669822ee5ed:192.168.157.242:46165, 7bae9e7d-ac17-45dd-9802-adba67965dd5:192.168.157.242:35060, e739d841-c2f3-4ce3-9261-25610f56f3cd:192.168.157.242:41392] with ContainerStateMachine:uninitialized
2019-10-02 19:53:57,143 [pool-87-thread-1] INFO  server.RaftServerConfigKeys (ConfUtils.java:logGet(43)) - raft.server.rpc.timeout.min = 5s (custom)
2019-10-02 19:53:57,143 [pool-87-thread-1] INFO  server.RaftServerConfigKeys (ConfUtils.java:logGet(43)) - raft.server.rpc.timeout.max = 5200ms (custom)
2019-10-02 19:53:57,143 [pool-87-thread-1] INFO  server.RaftServerConfigKeys (ConfUtils.java:logGet(43)) - raft.server.rpcslowness.timeout = 120s (custom)
2019-10-02 19:53:57,144 [pool-87-thread-1] INFO  server.RaftServerConfigKeys (ConfUtils.java:logGet(43)) - raft.server.sleep.deviation.threshold = 300 (default)
2019-10-02 19:53:57,144 [pool-87-thread-1] INFO  server.RaftServerConfigKeys (ConfUtils.java:logGet(43)) - raft.server.log.appender.install.snapshot.enabled = false (custom)
2019-10-02 19:53:57,144 [pool-87-thread-1] INFO  impl.RaftServerImpl (ServerState.java:<init>(103)) - ac7d5bff-77d7-49ee-9e03-6669822ee5ed@group-57D71A09135D: ConfigurationManager, init=-1: [ac7d5bff-77d7-49ee-9e03-6669822ee5ed:192.168.157.242:46165, 7bae9e7d-ac17-45dd-9802-adba67965dd5:192.168.157.242:35060, e739d841-c2f3-4ce3-9261-25610f56f3cd:192.168.157.242:41392], old=null, confs=<EMPTY_MAP>
2019-10-02 19:53:57,144 [pool-37-thread-1] INFO  impl.RaftServerImpl (RaftServerImpl.java:<init>(95)) - 7bae9e7d-ac17-45dd-9802-adba67965dd5: new RaftServerImpl for group-57D71A09135D:[ac7d5bff-77d7-49ee-9e03-6669822ee5ed:192.168.157.242:46165, 7bae9e7d-ac17-45dd-9802-adba67965dd5:192.168.157.242:35060, e739d841-c2f3-4ce3-9261-25610f56f3cd:192.168.157.242:41392] with ContainerStateMachine:uninitialized
2019-10-02 19:53:57,144 [pool-87-thread-1] INFO  server.RaftServerConfigKeys (ConfUtils.java:logGet(43)) - raft.server.storage.dir = [/workdir/hadoop-ozone/integration-test/target/test-dir/MiniOzoneClusterImpl-85ec13a9-98bf-43b5-845f-0fdbc936e02f/datanode-6/data/ratis] (custom)
2019-10-02 19:53:57,145 [pool-37-thread-1] INFO  server.RaftServerConfigKeys (ConfUtils.java:logGet(43)) - raft.server.rpc.timeout.min = 5s (custom)
2019-10-02 19:53:57,145 [pool-37-thread-1] INFO  server.RaftServerConfigKeys (ConfUtils.java:logGet(43)) - raft.server.rpc.timeout.max = 5200ms (custom)
2019-10-02 19:53:57,145 [pool-87-thread-1] INFO  server.RaftServerConfigKeys (ConfUtils.java:logGet(43)) - raft.server.log.corruption.policy = EXCEPTION (default)
2019-10-02 19:53:57,145 [pool-37-thread-1] INFO  server.RaftServerConfigKeys (ConfUtils.java:logGet(43)) - raft.server.rpcslowness.timeout = 120s (custom)
2019-10-02 19:53:57,145 [pool-87-thread-1] INFO  storage.RaftStorageDirectory (RaftStorageDirectory.java:analyzeStorage(246)) - The storage directory /workdir/hadoop-ozone/integration-test/target/test-dir/MiniOzoneClusterImpl-85ec13a9-98bf-43b5-845f-0fdbc936e02f/datanode-6/data/ratis/5a8a7682-e620-4716-b28a-57d71a09135d does not exist. Creating ...
2019-10-02 19:53:57,145 [pool-37-thread-1] INFO  server.RaftServerConfigKeys (ConfUtils.java:logGet(43)) - raft.server.sleep.deviation.threshold = 300 (default)
2019-10-02 19:53:57,146 [pool-77-thread-1] INFO  impl.RaftServerImpl (RaftServerImpl.java:<init>(95)) - e739d841-c2f3-4ce3-9261-25610f56f3cd: new RaftServerImpl for group-57D71A09135D:[ac7d5bff-77d7-49ee-9e03-6669822ee5ed:192.168.157.242:46165, 7bae9e7d-ac17-45dd-9802-adba67965dd5:192.168.157.242:35060, e739d841-c2f3-4ce3-9261-25610f56f3cd:192.168.157.242:41392] with ContainerStateMachine:uninitialized
2019-10-02 19:53:57,146 [pool-37-thread-1] INFO  server.RaftServerConfigKeys (ConfUtils.java:logGet(43)) - raft.server.log.appender.install.snapshot.enabled = false (custom)
2019-10-02 19:53:57,146 [pool-77-thread-1] INFO  server.RaftServerConfigKeys (ConfUtils.java:logGet(43)) - raft.server.rpc.timeout.min = 5s (custom)
2019-10-02 19:53:57,146 [pool-37-thread-1] INFO  impl.RaftServerImpl (ServerState.java:<init>(103)) - 7bae9e7d-ac17-45dd-9802-adba67965dd5@group-57D71A09135D: ConfigurationManager, init=-1: [ac7d5bff-77d7-49ee-9e03-6669822ee5ed:192.168.157.242:46165, 7bae9e7d-ac17-45dd-9802-adba67965dd5:192.168.157.242:35060, e739d841-c2f3-4ce3-9261-25610f56f3cd:192.168.157.242:41392], old=null, confs=<EMPTY_MAP>
2019-10-02 19:53:57,146 [pool-77-thread-1] INFO  server.RaftServerConfigKeys (ConfUtils.java:logGet(43)) - raft.server.rpc.timeout.max = 5200ms (custom)
2019-10-02 19:53:57,146 [pool-37-thread-1] INFO  server.RaftServerConfigKeys (ConfUtils.java:logGet(43)) - raft.server.storage.dir = [/workdir/hadoop-ozone/integration-test/target/test-dir/MiniOzoneClusterImpl-85ec13a9-98bf-43b5-845f-0fdbc936e02f/datanode-1/data/ratis] (custom)
2019-10-02 19:53:57,147 [pool-77-thread-1] INFO  server.RaftServerConfigKeys (ConfUtils.java:logGet(43)) - raft.server.rpcslowness.timeout = 120s (custom)
2019-10-02 19:53:57,147 [pool-77-thread-1] INFO  server.RaftServerConfigKeys (ConfUtils.java:logGet(43)) - raft.server.sleep.deviation.threshold = 300 (default)
2019-10-02 19:53:57,147 [pool-37-thread-1] INFO  server.RaftServerConfigKeys (ConfUtils.java:logGet(43)) - raft.server.log.corruption.policy = EXCEPTION (default)
2019-10-02 19:53:57,147 [pool-77-thread-1] INFO  server.RaftServerConfigKeys (ConfUtils.java:logGet(43)) - raft.server.log.appender.install.snapshot.enabled = false (custom)
2019-10-02 19:53:57,147 [pool-37-thread-1] INFO  storage.RaftStorageDirectory (RaftStorageDirectory.java:analyzeStorage(246)) - The storage directory /workdir/hadoop-ozone/integration-test/target/test-dir/MiniOzoneClusterImpl-85ec13a9-98bf-43b5-845f-0fdbc936e02f/datanode-1/data/ratis/5a8a7682-e620-4716-b28a-57d71a09135d does not exist. Creating ...
2019-10-02 19:53:57,147 [pool-77-thread-1] INFO  impl.RaftServerImpl (ServerState.java:<init>(103)) - e739d841-c2f3-4ce3-9261-25610f56f3cd@group-57D71A09135D: ConfigurationManager, init=-1: [ac7d5bff-77d7-49ee-9e03-6669822ee5ed:192.168.157.242:46165, 7bae9e7d-ac17-45dd-9802-adba67965dd5:192.168.157.242:35060, e739d841-c2f3-4ce3-9261-25610f56f3cd:192.168.157.242:41392], old=null, confs=<EMPTY_MAP>
2019-10-02 19:53:57,148 [pool-77-thread-1] INFO  server.RaftServerConfigKeys (ConfUtils.java:logGet(43)) - raft.server.storage.dir = [/workdir/hadoop-ozone/integration-test/target/test-dir/MiniOzoneClusterImpl-85ec13a9-98bf-43b5-845f-0fdbc936e02f/datanode-5/data/ratis] (custom)
2019-10-02 19:53:57,148 [pool-77-thread-1] INFO  server.RaftServerConfigKeys (ConfUtils.java:logGet(43)) - raft.server.log.corruption.policy = EXCEPTION (default)
2019-10-02 19:53:57,148 [pool-77-thread-1] INFO  storage.RaftStorageDirectory (RaftStorageDirectory.java:analyzeStorage(246)) - The storage directory /workdir/hadoop-ozone/integration-test/target/test-dir/MiniOzoneClusterImpl-85ec13a9-98bf-43b5-845f-0fdbc936e02f/datanode-5/data/ratis/5a8a7682-e620-4716-b28a-57d71a09135d does not exist. Creating ...
2019-10-02 19:53:57,171 [pool-87-thread-1] INFO  storage.RaftStorageDirectory (RaftStorageDirectory.java:tryLock(328)) - Lock on /workdir/hadoop-ozone/integration-test/target/test-dir/MiniOzoneClusterImpl-85ec13a9-98bf-43b5-845f-0fdbc936e02f/datanode-6/data/ratis/5a8a7682-e620-4716-b28a-57d71a09135d/in_use.lock acquired by nodename 7245@pr-hdds-2223-zp5j9-3680597336
2019-10-02 19:53:57,171 [pool-77-thread-1] INFO  storage.RaftStorageDirectory (RaftStorageDirectory.java:tryLock(328)) - Lock on /workdir/hadoop-ozone/integration-test/target/test-dir/MiniOzoneClusterImpl-85ec13a9-98bf-43b5-845f-0fdbc936e02f/datanode-5/data/ratis/5a8a7682-e620-4716-b28a-57d71a09135d/in_use.lock acquired by nodename 7245@pr-hdds-2223-zp5j9-3680597336
2019-10-02 19:53:57,171 [pool-37-thread-1] INFO  storage.RaftStorageDirectory (RaftStorageDirectory.java:tryLock(328)) - Lock on /workdir/hadoop-ozone/integration-test/target/test-dir/MiniOzoneClusterImpl-85ec13a9-98bf-43b5-845f-0fdbc936e02f/datanode-1/data/ratis/5a8a7682-e620-4716-b28a-57d71a09135d/in_use.lock acquired by nodename 7245@pr-hdds-2223-zp5j9-3680597336
2019-10-02 19:53:57,200 [pool-77-thread-1] INFO  storage.RaftStorage (RaftStorage.java:format(84)) - Storage directory /workdir/hadoop-ozone/integration-test/target/test-dir/MiniOzoneClusterImpl-85ec13a9-98bf-43b5-845f-0fdbc936e02f/datanode-5/data/ratis/5a8a7682-e620-4716-b28a-57d71a09135d has been successfully formatted.
2019-10-02 19:53:57,200 [pool-37-thread-1] INFO  storage.RaftStorage (RaftStorage.java:format(84)) - Storage directory /workdir/hadoop-ozone/integration-test/target/test-dir/MiniOzoneClusterImpl-85ec13a9-98bf-43b5-845f-0fdbc936e02f/datanode-1/data/ratis/5a8a7682-e620-4716-b28a-57d71a09135d has been successfully formatted.
2019-10-02 19:53:57,200 [pool-87-thread-1] INFO  storage.RaftStorage (RaftStorage.java:format(84)) - Storage directory /workdir/hadoop-ozone/integration-test/target/test-dir/MiniOzoneClusterImpl-85ec13a9-98bf-43b5-845f-0fdbc936e02f/datanode-6/data/ratis/5a8a7682-e620-4716-b28a-57d71a09135d has been successfully formatted.
2019-10-02 19:53:57,200 [pool-77-thread-1] INFO  ratis.ContainerStateMachine (ContainerStateMachine.java:loadSnapshot(230)) - group-57D71A09135D: The snapshot info is null. Setting the last applied indexto:(t:0, i:~)
2019-10-02 19:53:57,200 [pool-37-thread-1] INFO  ratis.ContainerStateMachine (ContainerStateMachine.java:loadSnapshot(230)) - group-57D71A09135D: The snapshot info is null. Setting the last applied indexto:(t:0, i:~)
2019-10-02 19:53:57,200 [pool-77-thread-1] INFO  server.RaftServerConfigKeys (ConfUtils.java:logGet(43)) - raft.server.notification.no-leader.timeout = 120s (custom)
2019-10-02 19:53:57,200 [pool-87-thread-1] INFO  ratis.ContainerStateMachine (ContainerStateMachine.java:loadSnapshot(230)) - group-57D71A09135D: The snapshot info is null. Setting the last applied indexto:(t:0, i:~)
2019-10-02 19:53:57,201 [pool-77-thread-1] INFO  server.RaftServerConfigKeys (ConfUtils.java:logGet(43)) - raft.server.log.use.memory = false (default)
2019-10-02 19:53:57,201 [pool-37-thread-1] INFO  server.RaftServerConfigKeys (ConfUtils.java:logGet(43)) - raft.server.notification.no-leader.timeout = 120s (custom)
2019-10-02 19:53:57,201 [pool-77-thread-1] INFO  server.RaftServerConfigKeys (ConfUtils.java:logGet(43)) - raft.server.log.purge.gap = 1000000 (custom)
2019-10-02 19:53:57,201 [pool-87-thread-1] INFO  server.RaftServerConfigKeys (ConfUtils.java:logGet(43)) - raft.server.notification.no-leader.timeout = 120s (custom)
2019-10-02 19:53:57,201 [pool-77-thread-1] INFO  server.RaftServerConfigKeys (ConfUtils.java:logGet(43)) - raft.server.log.appender.buffer.byte-limit = 33554432 (custom)
2019-10-02 19:53:57,201 [pool-37-thread-1] INFO  server.RaftServerConfigKeys (ConfUtils.java:logGet(43)) - raft.server.log.use.memory = false (default)
2019-10-02 19:53:57,202 [pool-77-thread-1] INFO  server.RaftServerConfigKeys (ConfUtils.java:logGet(43)) - raft.server.log.segment.size.max = 1048576 (custom)
2019-10-02 19:53:57,201 [pool-87-thread-1] INFO  server.RaftServerConfigKeys (ConfUtils.java:logGet(43)) - raft.server.log.use.memory = false (default)
2019-10-02 19:53:57,202 [pool-77-thread-1] INFO  server.RaftServerConfigKeys (ConfUtils.java:logGet(43)) - raft.server.log.segment.cache.num.max = 2 (custom)
2019-10-02 19:53:57,202 [pool-37-thread-1] INFO  server.RaftServerConfigKeys (ConfUtils.java:logGet(43)) - raft.server.log.purge.gap = 1000000 (custom)
2019-10-02 19:53:57,202 [pool-77-thread-1] INFO  segmented.SegmentedRaftLogWorker (SegmentedRaftLogWorker.java:<init>(173)) - new e739d841-c2f3-4ce3-9261-25610f56f3cd@group-57D71A09135D-SegmentedRaftLogWorker for RaftStorage:Storage Directory /workdir/hadoop-ozone/integration-test/target/test-dir/MiniOzoneClusterImpl-85ec13a9-98bf-43b5-845f-0fdbc936e02f/datanode-5/data/ratis/5a8a7682-e620-4716-b28a-57d71a09135d
2019-10-02 19:53:57,202 [pool-87-thread-1] INFO  server.RaftServerConfigKeys (ConfUtils.java:logGet(43)) - raft.server.log.purge.gap = 1000000 (custom)
2019-10-02 19:53:57,203 [pool-77-thread-1] INFO  server.RaftServerConfigKeys (ConfUtils.java:logGet(43)) - raft.server.log.queue.byte-limit = 2147483647 (custom)
2019-10-02 19:53:57,202 [pool-37-thread-1] INFO  server.RaftServerConfigKeys (ConfUtils.java:logGet(43)) - raft.server.log.appender.buffer.byte-limit = 33554432 (custom)
2019-10-02 19:53:57,203 [pool-77-thread-1] INFO  server.RaftServerConfigKeys (ConfUtils.java:logGet(43)) - raft.server.log.queue.element-limit = 1024 (custom)
2019-10-02 19:53:57,203 [pool-87-thread-1] INFO  server.RaftServerConfigKeys (ConfUtils.java:logGet(43)) - raft.server.log.appender.buffer.byte-limit = 33554432 (custom)
2019-10-02 19:53:57,203 [pool-77-thread-1] INFO  server.RaftServerConfigKeys (ConfUtils.java:logGet(43)) - raft.server.log.segment.size.max = 1048576 (custom)
2019-10-02 19:53:57,203 [pool-37-thread-1] INFO  server.RaftServerConfigKeys (ConfUtils.java:logGet(43)) - raft.server.log.segment.size.max = 1048576 (custom)
2019-10-02 19:53:57,204 [pool-77-thread-1] INFO  server.RaftServerConfigKeys (ConfUtils.java:logGet(43)) - raft.server.log.preallocated.size = 16384 (custom)
2019-10-02 19:53:57,204 [pool-87-thread-1] INFO  server.RaftServerConfigKeys (ConfUtils.java:logGet(43)) - raft.server.log.segment.size.max = 1048576 (custom)
2019-10-02 19:53:57,204 [pool-77-thread-1] INFO  server.RaftServerConfigKeys (ConfUtils.java:logGet(43)) - raft.server.log.write.buffer.size = 33554432 (custom)
2019-10-02 19:53:57,204 [pool-37-thread-1] INFO  server.RaftServerConfigKeys (ConfUtils.java:logGet(43)) - raft.server.log.segment.cache.num.max = 2 (custom)
2019-10-02 19:53:57,204 [pool-77-thread-1] INFO  server.RaftServerConfigKeys (ConfUtils.java:logGet(43)) - raft.server.log.force.sync.num = 128 (default)
2019-10-02 19:53:57,204 [pool-87-thread-1] INFO  server.RaftServerConfigKeys (ConfUtils.java:logGet(43)) - raft.server.log.segment.cache.num.max = 2 (custom)
2019-10-02 19:53:57,205 [pool-77-thread-1] INFO  server.RaftServerConfigKeys (ConfUtils.java:logGet(43)) - raft.server.log.statemachine.data.sync = true (default)
2019-10-02 19:53:57,205 [pool-37-thread-1] INFO  segmented.SegmentedRaftLogWorker (SegmentedRaftLogWorker.java:<init>(173)) - new 7bae9e7d-ac17-45dd-9802-adba67965dd5@group-57D71A09135D-SegmentedRaftLogWorker for RaftStorage:Storage Directory /workdir/hadoop-ozone/integration-test/target/test-dir/MiniOzoneClusterImpl-85ec13a9-98bf-43b5-845f-0fdbc936e02f/datanode-1/data/ratis/5a8a7682-e620-4716-b28a-57d71a09135d
2019-10-02 19:53:57,205 [pool-77-thread-1] INFO  server.RaftServerConfigKeys (ConfUtils.java:logGet(43)) - raft.server.log.statemachine.data.sync.timeout = 10s (default)
2019-10-02 19:53:57,205 [pool-87-thread-1] INFO  segmented.SegmentedRaftLogWorker (SegmentedRaftLogWorker.java:<init>(173)) - new ac7d5bff-77d7-49ee-9e03-6669822ee5ed@group-57D71A09135D-SegmentedRaftLogWorker for RaftStorage:Storage Directory /workdir/hadoop-ozone/integration-test/target/test-dir/MiniOzoneClusterImpl-85ec13a9-98bf-43b5-845f-0fdbc936e02f/datanode-6/data/ratis/5a8a7682-e620-4716-b28a-57d71a09135d
2019-10-02 19:53:57,206 [pool-77-thread-1] INFO  server.RaftServerConfigKeys (ConfUtils.java:logGet(43)) - raft.server.log.statemachine.data.sync.timeout.retry = -1 (default)
2019-10-02 19:53:57,205 [pool-37-thread-1] INFO  server.RaftServerConfigKeys (ConfUtils.java:logGet(43)) - raft.server.log.queue.byte-limit = 2147483647 (custom)
2019-10-02 19:53:57,206 [pool-77-thread-1] INFO  server.RaftServerConfigKeys (ConfUtils.java:logGet(43)) - raft.server.log.statemachine.data.caching.enabled = true (custom)
2019-10-02 19:53:57,206 [pool-87-thread-1] INFO  server.RaftServerConfigKeys (ConfUtils.java:logGet(43)) - raft.server.log.queue.byte-limit = 2147483647 (custom)
2019-10-02 19:53:57,206 [pool-37-thread-1] INFO  server.RaftServerConfigKeys (ConfUtils.java:logGet(43)) - raft.server.log.queue.element-limit = 1024 (custom)
2019-10-02 19:53:57,207 [pool-77-thread-1] INFO  segmented.SegmentedRaftLogWorker (SegmentedRaftLogWorker.java:lambda$new$0(128)) - e739d841-c2f3-4ce3-9261-25610f56f3cd@group-57D71A09135D-SegmentedRaftLogWorker: flushIndex: setUnconditionally 0 -> -1
2019-10-02 19:53:57,207 [pool-87-thread-1] INFO  server.RaftServerConfigKeys (ConfUtils.java:logGet(43)) - raft.server.log.queue.element-limit = 1024 (custom)
2019-10-02 19:53:57,207 [pool-37-thread-1] INFO  server.RaftServerConfigKeys (ConfUtils.java:logGet(43)) - raft.server.log.segment.size.max = 1048576 (custom)
2019-10-02 19:53:57,207 [pool-77-thread-1] INFO  server.RaftServerConfigKeys (ConfUtils.java:logGet(43)) - raft.server.snapshot.auto.trigger.enabled = true (custom)
2019-10-02 19:53:57,207 [pool-87-thread-1] INFO  server.RaftServerConfigKeys (ConfUtils.java:logGet(43)) - raft.server.log.segment.size.max = 1048576 (custom)
2019-10-02 19:53:57,207 [pool-77-thread-1] INFO  server.RaftServerConfigKeys (ConfUtils.java:logGet(43)) - raft.server.snapshot.auto.trigger.threshold = 10000 (custom)
2019-10-02 19:53:57,207 [pool-37-thread-1] INFO  server.RaftServerConfigKeys (ConfUtils.java:logGet(43)) - raft.server.log.preallocated.size = 16384 (custom)
2019-10-02 19:53:57,208 [pool-77-thread-1] INFO  server.RaftServerConfigKeys (ConfUtils.java:logGet(43)) - raft.server.snapshot.retention.file.num = 5 (custom)
2019-10-02 19:53:57,208 [pool-87-thread-1] INFO  server.RaftServerConfigKeys (ConfUtils.java:logGet(43)) - raft.server.log.preallocated.size = 16384 (custom)
2019-10-02 19:53:57,208 [pool-77-thread-1] INFO  server.RaftServerConfigKeys (ConfUtils.java:logGet(43)) - raft.server.retrycache.expirytime = 600000ms (custom)
2019-10-02 19:53:57,208 [pool-37-thread-1] INFO  server.RaftServerConfigKeys (ConfUtils.java:logGet(43)) - raft.server.log.write.buffer.size = 33554432 (custom)
2019-10-02 19:53:57,208 [pool-87-thread-1] INFO  server.RaftServerConfigKeys (ConfUtils.java:logGet(43)) - raft.server.log.write.buffer.size = 33554432 (custom)
2019-10-02 19:53:57,209 [pool-37-thread-1] INFO  server.RaftServerConfigKeys (ConfUtils.java:logGet(43)) - raft.server.log.force.sync.num = 128 (default)
2019-10-02 19:53:57,209 [pool-87-thread-1] INFO  server.RaftServerConfigKeys (ConfUtils.java:logGet(43)) - raft.server.log.force.sync.num = 128 (default)
2019-10-02 19:53:57,209 [pool-37-thread-1] INFO  server.RaftServerConfigKeys (ConfUtils.java:logGet(43)) - raft.server.log.statemachine.data.sync = true (default)
2019-10-02 19:53:57,209 [pool-87-thread-1] INFO  server.RaftServerConfigKeys (ConfUtils.java:logGet(43)) - raft.server.log.statemachine.data.sync = true (default)
2019-10-02 19:53:57,209 [pool-37-thread-1] INFO  server.RaftServerConfigKeys (ConfUtils.java:logGet(43)) - raft.server.log.statemachine.data.sync.timeout = 10s (default)
2019-10-02 19:53:57,210 [pool-87-thread-1] INFO  server.RaftServerConfigKeys (ConfUtils.java:logGet(43)) - raft.server.log.statemachine.data.sync.timeout = 10s (default)
2019-10-02 19:53:57,210 [pool-37-thread-1] INFO  server.RaftServerConfigKeys (ConfUtils.java:logGet(43)) - raft.server.log.statemachine.data.sync.timeout.retry = -1 (default)
2019-10-02 19:53:57,210 [pool-87-thread-1] INFO  server.RaftServerConfigKeys (ConfUtils.java:logGet(43)) - raft.server.log.statemachine.data.sync.timeout.retry = -1 (default)
2019-10-02 19:53:57,210 [pool-37-thread-1] INFO  server.RaftServerConfigKeys (ConfUtils.java:logGet(43)) - raft.server.log.statemachine.data.caching.enabled = true (custom)
2019-10-02 19:53:57,210 [pool-87-thread-1] INFO  server.RaftServerConfigKeys (ConfUtils.java:logGet(43)) - raft.server.log.statemachine.data.caching.enabled = true (custom)
2019-10-02 19:53:57,211 [pool-37-thread-1] INFO  segmented.SegmentedRaftLogWorker (SegmentedRaftLogWorker.java:lambda$new$0(128)) - 7bae9e7d-ac17-45dd-9802-adba67965dd5@group-57D71A09135D-SegmentedRaftLogWorker: flushIndex: setUnconditionally 0 -> -1
2019-10-02 19:53:57,211 [pool-87-thread-1] INFO  segmented.SegmentedRaftLogWorker (SegmentedRaftLogWorker.java:lambda$new$0(128)) - ac7d5bff-77d7-49ee-9e03-6669822ee5ed@group-57D71A09135D-SegmentedRaftLogWorker: flushIndex: setUnconditionally 0 -> -1
2019-10-02 19:53:57,211 [pool-37-thread-1] INFO  server.RaftServerConfigKeys (ConfUtils.java:logGet(43)) - raft.server.snapshot.auto.trigger.enabled = true (custom)
2019-10-02 19:53:57,211 [pool-87-thread-1] INFO  server.RaftServerConfigKeys (ConfUtils.java:logGet(43)) - raft.server.snapshot.auto.trigger.enabled = true (custom)
2019-10-02 19:53:57,211 [pool-37-thread-1] INFO  server.RaftServerConfigKeys (ConfUtils.java:logGet(43)) - raft.server.snapshot.auto.trigger.threshold = 10000 (custom)
2019-10-02 19:53:57,211 [pool-87-thread-1] INFO  server.RaftServerConfigKeys (ConfUtils.java:logGet(43)) - raft.server.snapshot.auto.trigger.threshold = 10000 (custom)
2019-10-02 19:53:57,212 [pool-37-thread-1] INFO  server.RaftServerConfigKeys (ConfUtils.java:logGet(43)) - raft.server.snapshot.retention.file.num = 5 (custom)
2019-10-02 19:53:57,212 [pool-87-thread-1] INFO  server.RaftServerConfigKeys (ConfUtils.java:logGet(43)) - raft.server.snapshot.retention.file.num = 5 (custom)
2019-10-02 19:53:57,212 [pool-37-thread-1] INFO  server.RaftServerConfigKeys (ConfUtils.java:logGet(43)) - raft.server.retrycache.expirytime = 600000ms (custom)
2019-10-02 19:53:57,212 [pool-77-thread-1] INFO  impl.RaftServerImpl (RaftServerImpl.java:start(181)) - e739d841-c2f3-4ce3-9261-25610f56f3cd@group-57D71A09135D: start as a follower, conf=-1: [ac7d5bff-77d7-49ee-9e03-6669822ee5ed:192.168.157.242:46165, 7bae9e7d-ac17-45dd-9802-adba67965dd5:192.168.157.242:35060, e739d841-c2f3-4ce3-9261-25610f56f3cd:192.168.157.242:41392], old=null
2019-10-02 19:53:57,212 [pool-87-thread-1] INFO  server.RaftServerConfigKeys (ConfUtils.java:logGet(43)) - raft.server.retrycache.expirytime = 600000ms (custom)
2019-10-02 19:53:57,212 [pool-77-thread-1] INFO  impl.RaftServerImpl (RaftServerImpl.java:setRole(170)) - e739d841-c2f3-4ce3-9261-25610f56f3cd@group-57D71A09135D: changes role from      null to FOLLOWER at term 0 for startAsFollower
2019-10-02 19:53:57,213 [pool-77-thread-1] INFO  impl.RoleInfo (RoleInfo.java:updateAndGet(143)) - e739d841-c2f3-4ce3-9261-25610f56f3cd: start FollowerState
2019-10-02 19:53:57,213 [pool-77-thread-1] INFO  util.JmxRegister (JmxRegister.java:tryRegister(44)) - Successfully registered JMX Bean with object name Ratis:service=RaftServer,group=group-57D71A09135D,id=e739d841-c2f3-4ce3-9261-25610f56f3cd
2019-10-02 19:53:57,218 [pool-37-thread-1] INFO  impl.RaftServerImpl (RaftServerImpl.java:start(181)) - 7bae9e7d-ac17-45dd-9802-adba67965dd5@group-57D71A09135D: start as a follower, conf=-1: [ac7d5bff-77d7-49ee-9e03-6669822ee5ed:192.168.157.242:46165, 7bae9e7d-ac17-45dd-9802-adba67965dd5:192.168.157.242:35060, e739d841-c2f3-4ce3-9261-25610f56f3cd:192.168.157.242:41392], old=null
2019-10-02 19:53:57,218 [pool-87-thread-1] INFO  impl.RaftServerImpl (RaftServerImpl.java:start(181)) - ac7d5bff-77d7-49ee-9e03-6669822ee5ed@group-57D71A09135D: start as a follower, conf=-1: [ac7d5bff-77d7-49ee-9e03-6669822ee5ed:192.168.157.242:46165, 7bae9e7d-ac17-45dd-9802-adba67965dd5:192.168.157.242:35060, e739d841-c2f3-4ce3-9261-25610f56f3cd:192.168.157.242:41392], old=null
2019-10-02 19:53:57,218 [pool-37-thread-1] INFO  impl.RaftServerImpl (RaftServerImpl.java:setRole(170)) - 7bae9e7d-ac17-45dd-9802-adba67965dd5@group-57D71A09135D: changes role from      null to FOLLOWER at term 0 for startAsFollower
2019-10-02 19:53:57,219 [pool-87-thread-1] INFO  impl.RaftServerImpl (RaftServerImpl.java:setRole(170)) - ac7d5bff-77d7-49ee-9e03-6669822ee5ed@group-57D71A09135D: changes role from      null to FOLLOWER at term 0 for startAsFollower
2019-10-02 19:53:57,219 [pool-37-thread-1] INFO  impl.RoleInfo (RoleInfo.java:updateAndGet(143)) - 7bae9e7d-ac17-45dd-9802-adba67965dd5: start FollowerState
2019-10-02 19:53:57,219 [pool-87-thread-1] INFO  impl.RoleInfo (RoleInfo.java:updateAndGet(143)) - ac7d5bff-77d7-49ee-9e03-6669822ee5ed: start FollowerState
2019-10-02 19:53:57,220 [pool-37-thread-1] INFO  util.JmxRegister (JmxRegister.java:tryRegister(44)) - Successfully registered JMX Bean with object name Ratis:service=RaftServer,group=group-57D71A09135D,id=7bae9e7d-ac17-45dd-9802-adba67965dd5
2019-10-02 19:53:57,220 [pool-87-thread-1] INFO  util.JmxRegister (JmxRegister.java:tryRegister(44)) - Successfully registered JMX Bean with object name Ratis:service=RaftServer,group=group-57D71A09135D,id=ac7d5bff-77d7-49ee-9e03-6669822ee5ed
2019-10-02 19:53:57,251 [RatisPipelineUtilsThread] INFO  pipeline.PipelineStateManager (PipelineStateManager.java:addPipeline(56)) - Created pipeline Pipeline[ Id: 5a8a7682-e620-4716-b28a-57d71a09135d, Nodes: 7bae9e7d-ac17-45dd-9802-adba67965dd5{ip: 192.168.157.242, host: pr-hdds-2223-zp5j9-3680597336, networkLocation: /default-rack, certSerialId: null}ac7d5bff-77d7-49ee-9e03-6669822ee5ed{ip: 192.168.157.242, host: pr-hdds-2223-zp5j9-3680597336, networkLocation: /default-rack, certSerialId: null}e739d841-c2f3-4ce3-9261-25610f56f3cd{ip: 192.168.157.242, host: pr-hdds-2223-zp5j9-3680597336, networkLocation: /default-rack, certSerialId: null}, Type:RATIS, Factor:THREE, State:OPEN]
2019-10-02 19:53:57,287 [grpc-default-executor-0] INFO  impl.RaftServerProxy (RaftServerProxy.java:addNew(89)) - a0833d57-9356-442d-affc-7baee9cfa057: addNew group-DAE8E919A5AB:[a0833d57-9356-442d-affc-7baee9cfa057:192.168.157.242:44398, 8bcf3dda-d4f5-4d2e-bdce-006354901f05:192.168.157.242:39482, 870e6959-60bf-4746-8f27-db206afdcb81:192.168.157.242:44600] returns group-DAE8E919A5AB:java.util.concurrent.CompletableFuture@1cce6993[Not completed]
2019-10-02 19:53:57,287 [grpc-default-executor-1] INFO  impl.RaftServerProxy (RaftServerProxy.java:addNew(89)) - 870e6959-60bf-4746-8f27-db206afdcb81: addNew group-DAE8E919A5AB:[a0833d57-9356-442d-affc-7baee9cfa057:192.168.157.242:44398, 8bcf3dda-d4f5-4d2e-bdce-006354901f05:192.168.157.242:39482, 870e6959-60bf-4746-8f27-db206afdcb81:192.168.157.242:44600] returns group-DAE8E919A5AB:java.util.concurrent.CompletableFuture@208c2543[Not completed]
2019-10-02 19:53:57,290 [grpc-default-executor-2] INFO  impl.RaftServerProxy (RaftServerProxy.java:addNew(89)) - 8bcf3dda-d4f5-4d2e-bdce-006354901f05: addNew group-DAE8E919A5AB:[a0833d57-9356-442d-affc-7baee9cfa057:192.168.157.242:44398, 8bcf3dda-d4f5-4d2e-bdce-006354901f05:192.168.157.242:39482, 870e6959-60bf-4746-8f27-db206afdcb81:192.168.157.242:44600] returns group-DAE8E919A5AB:java.util.concurrent.CompletableFuture@549f4824[Not completed]
2019-10-02 19:53:57,292 [pool-67-thread-1] INFO  impl.RaftServerImpl (RaftServerImpl.java:<init>(95)) - a0833d57-9356-442d-affc-7baee9cfa057: new RaftServerImpl for group-DAE8E919A5AB:[a0833d57-9356-442d-affc-7baee9cfa057:192.168.157.242:44398, 8bcf3dda-d4f5-4d2e-bdce-006354901f05:192.168.157.242:39482, 870e6959-60bf-4746-8f27-db206afdcb81:192.168.157.242:44600] with ContainerStateMachine:uninitialized
2019-10-02 19:53:57,292 [pool-67-thread-1] INFO  server.RaftServerConfigKeys (ConfUtils.java:logGet(43)) - raft.server.rpc.timeout.min = 5s (custom)
2019-10-02 19:53:57,293 [pool-67-thread-1] INFO  server.RaftServerConfigKeys (ConfUtils.java:logGet(43)) - raft.server.rpc.timeout.max = 5200ms (custom)
2019-10-02 19:53:57,293 [pool-67-thread-1] INFO  server.RaftServerConfigKeys (ConfUtils.java:logGet(43)) - raft.server.rpcslowness.timeout = 120s (custom)
2019-10-02 19:53:57,293 [pool-67-thread-1] INFO  server.RaftServerConfigKeys (ConfUtils.java:logGet(43)) - raft.server.sleep.deviation.threshold = 300 (default)
2019-10-02 19:53:57,293 [pool-67-thread-1] INFO  server.RaftServerConfigKeys (ConfUtils.java:logGet(43)) - raft.server.log.appender.install.snapshot.enabled = false (custom)
2019-10-02 19:53:57,293 [pool-67-thread-1] INFO  impl.RaftServerImpl (ServerState.java:<init>(103)) - a0833d57-9356-442d-affc-7baee9cfa057@group-DAE8E919A5AB: ConfigurationManager, init=-1: [a0833d57-9356-442d-affc-7baee9cfa057:192.168.157.242:44398, 8bcf3dda-d4f5-4d2e-bdce-006354901f05:192.168.157.242:39482, 870e6959-60bf-4746-8f27-db206afdcb81:192.168.157.242:44600], old=null, confs=<EMPTY_MAP>
2019-10-02 19:53:57,293 [pool-47-thread-1] INFO  impl.RaftServerImpl (RaftServerImpl.java:<init>(95)) - 8bcf3dda-d4f5-4d2e-bdce-006354901f05: new RaftServerImpl for group-DAE8E919A5AB:[a0833d57-9356-442d-affc-7baee9cfa057:192.168.157.242:44398, 8bcf3dda-d4f5-4d2e-bdce-006354901f05:192.168.157.242:39482, 870e6959-60bf-4746-8f27-db206afdcb81:192.168.157.242:44600] with ContainerStateMachine:uninitialized
2019-10-02 19:53:57,293 [pool-67-thread-1] INFO  server.RaftServerConfigKeys (ConfUtils.java:logGet(43)) - raft.server.storage.dir = [/workdir/hadoop-ozone/integration-test/target/test-dir/MiniOzoneClusterImpl-85ec13a9-98bf-43b5-845f-0fdbc936e02f/datanode-4/data/ratis] (custom)
2019-10-02 19:53:57,293 [pool-47-thread-1] INFO  server.RaftServerConfigKeys (ConfUtils.java:logGet(43)) - raft.server.rpc.timeout.min = 5s (custom)
2019-10-02 19:53:57,294 [pool-47-thread-1] INFO  server.RaftServerConfigKeys (ConfUtils.java:logGet(43)) - raft.server.rpc.timeout.max = 5200ms (custom)
2019-10-02 19:53:57,294 [pool-47-thread-1] INFO  server.RaftServerConfigKeys (ConfUtils.java:logGet(43)) - raft.server.rpcslowness.timeout = 120s (custom)
2019-10-02 19:53:57,294 [pool-67-thread-1] INFO  server.RaftServerConfigKeys (ConfUtils.java:logGet(43)) - raft.server.log.corruption.policy = EXCEPTION (default)
2019-10-02 19:53:57,294 [pool-47-thread-1] INFO  server.RaftServerConfigKeys (ConfUtils.java:logGet(43)) - raft.server.sleep.deviation.threshold = 300 (default)
2019-10-02 19:53:57,294 [pool-47-thread-1] INFO  server.RaftServerConfigKeys (ConfUtils.java:logGet(43)) - raft.server.log.appender.install.snapshot.enabled = false (custom)
2019-10-02 19:53:57,294 [pool-57-thread-1] INFO  impl.RaftServerImpl (RaftServerImpl.java:<init>(95)) - 870e6959-60bf-4746-8f27-db206afdcb81: new RaftServerImpl for group-DAE8E919A5AB:[a0833d57-9356-442d-affc-7baee9cfa057:192.168.157.242:44398, 8bcf3dda-d4f5-4d2e-bdce-006354901f05:192.168.157.242:39482, 870e6959-60bf-4746-8f27-db206afdcb81:192.168.157.242:44600] with ContainerStateMachine:uninitialized
2019-10-02 19:53:57,294 [pool-67-thread-1] INFO  storage.RaftStorageDirectory (RaftStorageDirectory.java:analyzeStorage(246)) - The storage directory /workdir/hadoop-ozone/integration-test/target/test-dir/MiniOzoneClusterImpl-85ec13a9-98bf-43b5-845f-0fdbc936e02f/datanode-4/data/ratis/c870daf0-b8e6-4437-ab5e-dae8e919a5ab does not exist. Creating ...
2019-10-02 19:53:57,294 [pool-57-thread-1] INFO  server.RaftServerConfigKeys (ConfUtils.java:logGet(43)) - raft.server.rpc.timeout.min = 5s (custom)
2019-10-02 19:53:57,294 [pool-47-thread-1] INFO  impl.RaftServerImpl (ServerState.java:<init>(103)) - 8bcf3dda-d4f5-4d2e-bdce-006354901f05@group-DAE8E919A5AB: ConfigurationManager, init=-1: [a0833d57-9356-442d-affc-7baee9cfa057:192.168.157.242:44398, 8bcf3dda-d4f5-4d2e-bdce-006354901f05:192.168.157.242:39482, 870e6959-60bf-4746-8f27-db206afdcb81:192.168.157.242:44600], old=null, confs=<EMPTY_MAP>
2019-10-02 19:53:57,295 [pool-57-thread-1] INFO  server.RaftServerConfigKeys (ConfUtils.java:logGet(43)) - raft.server.rpc.timeout.max = 5200ms (custom)
2019-10-02 19:53:57,295 [pool-47-thread-1] INFO  server.RaftServerConfigKeys (ConfUtils.java:logGet(43)) - raft.server.storage.dir = [/workdir/hadoop-ozone/integration-test/target/test-dir/MiniOzoneClusterImpl-85ec13a9-98bf-43b5-845f-0fdbc936e02f/datanode-2/data/ratis] (custom)
2019-10-02 19:53:57,295 [pool-57-thread-1] INFO  server.RaftServerConfigKeys (ConfUtils.java:logGet(43)) - raft.server.rpcslowness.timeout = 120s (custom)
2019-10-02 19:53:57,295 [pool-57-thread-1] INFO  server.RaftServerConfigKeys (ConfUtils.java:logGet(43)) - raft.server.sleep.deviation.threshold = 300 (default)
2019-10-02 19:53:57,295 [pool-47-thread-1] INFO  server.RaftServerConfigKeys (ConfUtils.java:logGet(43)) - raft.server.log.corruption.policy = EXCEPTION (default)
2019-10-02 19:53:57,295 [pool-57-thread-1] INFO  server.RaftServerConfigKeys (ConfUtils.java:logGet(43)) - raft.server.log.appender.install.snapshot.enabled = false (custom)
2019-10-02 19:53:57,295 [pool-47-thread-1] INFO  storage.RaftStorageDirectory (RaftStorageDirectory.java:analyzeStorage(246)) - The storage directory /workdir/hadoop-ozone/integration-test/target/test-dir/MiniOzoneClusterImpl-85ec13a9-98bf-43b5-845f-0fdbc936e02f/datanode-2/data/ratis/c870daf0-b8e6-4437-ab5e-dae8e919a5ab does not exist. Creating ...
2019-10-02 19:53:57,295 [pool-57-thread-1] INFO  impl.RaftServerImpl (ServerState.java:<init>(103)) - 870e6959-60bf-4746-8f27-db206afdcb81@group-DAE8E919A5AB: ConfigurationManager, init=-1: [a0833d57-9356-442d-affc-7baee9cfa057:192.168.157.242:44398, 8bcf3dda-d4f5-4d2e-bdce-006354901f05:192.168.157.242:39482, 870e6959-60bf-4746-8f27-db206afdcb81:192.168.157.242:44600], old=null, confs=<EMPTY_MAP>
2019-10-02 19:53:57,296 [pool-57-thread-1] INFO  server.RaftServerConfigKeys (ConfUtils.java:logGet(43)) - raft.server.storage.dir = [/workdir/hadoop-ozone/integration-test/target/test-dir/MiniOzoneClusterImpl-85ec13a9-98bf-43b5-845f-0fdbc936e02f/datanode-3/data/ratis] (custom)
2019-10-02 19:53:57,296 [pool-57-thread-1] INFO  server.RaftServerConfigKeys (ConfUtils.java:logGet(43)) - raft.server.log.corruption.policy = EXCEPTION (default)
2019-10-02 19:53:57,296 [pool-57-thread-1] INFO  storage.RaftStorageDirectory (RaftStorageDirectory.java:analyzeStorage(246)) - The storage directory /workdir/hadoop-ozone/integration-test/target/test-dir/MiniOzoneClusterImpl-85ec13a9-98bf-43b5-845f-0fdbc936e02f/datanode-3/data/ratis/c870daf0-b8e6-4437-ab5e-dae8e919a5ab does not exist. Creating ...
2019-10-02 19:53:57,320 [pool-47-thread-1] INFO  storage.RaftStorageDirectory (RaftStorageDirectory.java:tryLock(328)) - Lock on /workdir/hadoop-ozone/integration-test/target/test-dir/MiniOzoneClusterImpl-85ec13a9-98bf-43b5-845f-0fdbc936e02f/datanode-2/data/ratis/c870daf0-b8e6-4437-ab5e-dae8e919a5ab/in_use.lock acquired by nodename 7245@pr-hdds-2223-zp5j9-3680597336
2019-10-02 19:53:57,320 [pool-67-thread-1] INFO  storage.RaftStorageDirectory (RaftStorageDirectory.java:tryLock(328)) - Lock on /workdir/hadoop-ozone/integration-test/target/test-dir/MiniOzoneClusterImpl-85ec13a9-98bf-43b5-845f-0fdbc936e02f/datanode-4/data/ratis/c870daf0-b8e6-4437-ab5e-dae8e919a5ab/in_use.lock acquired by nodename 7245@pr-hdds-2223-zp5j9-3680597336
2019-10-02 19:53:57,320 [pool-57-thread-1] INFO  storage.RaftStorageDirectory (RaftStorageDirectory.java:tryLock(328)) - Lock on /workdir/hadoop-ozone/integration-test/target/test-dir/MiniOzoneClusterImpl-85ec13a9-98bf-43b5-845f-0fdbc936e02f/datanode-3/data/ratis/c870daf0-b8e6-4437-ab5e-dae8e919a5ab/in_use.lock acquired by nodename 7245@pr-hdds-2223-zp5j9-3680597336
2019-10-02 19:53:57,346 [pool-47-thread-1] INFO  storage.RaftStorage (RaftStorage.java:format(84)) - Storage directory /workdir/hadoop-ozone/integration-test/target/test-dir/MiniOzoneClusterImpl-85ec13a9-98bf-43b5-845f-0fdbc936e02f/datanode-2/data/ratis/c870daf0-b8e6-4437-ab5e-dae8e919a5ab has been successfully formatted.
2019-10-02 19:53:57,346 [pool-57-thread-1] INFO  storage.RaftStorage (RaftStorage.java:format(84)) - Storage directory /workdir/hadoop-ozone/integration-test/target/test-dir/MiniOzoneClusterImpl-85ec13a9-98bf-43b5-845f-0fdbc936e02f/datanode-3/data/ratis/c870daf0-b8e6-4437-ab5e-dae8e919a5ab has been successfully formatted.
2019-10-02 19:53:57,346 [pool-67-thread-1] INFO  storage.RaftStorage (RaftStorage.java:format(84)) - Storage directory /workdir/hadoop-ozone/integration-test/target/test-dir/MiniOzoneClusterImpl-85ec13a9-98bf-43b5-845f-0fdbc936e02f/datanode-4/data/ratis/c870daf0-b8e6-4437-ab5e-dae8e919a5ab has been successfully formatted.
2019-10-02 19:53:57,346 [pool-47-thread-1] INFO  ratis.ContainerStateMachine (ContainerStateMachine.java:loadSnapshot(230)) - group-DAE8E919A5AB: The snapshot info is null. Setting the last applied indexto:(t:0, i:~)
2019-10-02 19:53:57,346 [pool-57-thread-1] INFO  ratis.ContainerStateMachine (ContainerStateMachine.java:loadSnapshot(230)) - group-DAE8E919A5AB: The snapshot info is null. Setting the last applied indexto:(t:0, i:~)
2019-10-02 19:53:57,347 [pool-67-thread-1] INFO  ratis.ContainerStateMachine (ContainerStateMachine.java:loadSnapshot(230)) - group-DAE8E919A5AB: The snapshot info is null. Setting the last applied indexto:(t:0, i:~)
2019-10-02 19:53:57,347 [pool-47-thread-1] INFO  server.RaftServerConfigKeys (ConfUtils.java:logGet(43)) - raft.server.notification.no-leader.timeout = 120s (custom)
2019-10-02 19:53:57,347 [pool-67-thread-1] INFO  server.RaftServerConfigKeys (ConfUtils.java:logGet(43)) - raft.server.notification.no-leader.timeout = 120s (custom)
2019-10-02 19:53:57,347 [pool-57-thread-1] INFO  server.RaftServerConfigKeys (ConfUtils.java:logGet(43)) - raft.server.notification.no-leader.timeout = 120s (custom)
2019-10-02 19:53:57,347 [pool-67-thread-1] INFO  server.RaftServerConfigKeys (ConfUtils.java:logGet(43)) - raft.server.log.use.memory = false (default)
2019-10-02 19:53:57,347 [pool-47-thread-1] INFO  server.RaftServerConfigKeys (ConfUtils.java:logGet(43)) - raft.server.log.use.memory = false (default)
2019-10-02 19:53:57,347 [pool-67-thread-1] INFO  server.RaftServerConfigKeys (ConfUtils.java:logGet(43)) - raft.server.log.purge.gap = 1000000 (custom)
2019-10-02 19:53:57,347 [pool-57-thread-1] INFO  server.RaftServerConfigKeys (ConfUtils.java:logGet(43)) - raft.server.log.use.memory = false (default)
2019-10-02 19:53:57,348 [pool-67-thread-1] INFO  server.RaftServerConfigKeys (ConfUtils.java:logGet(43)) - raft.server.log.appender.buffer.byte-limit = 33554432 (custom)
2019-10-02 19:53:57,348 [pool-47-thread-1] INFO  server.RaftServerConfigKeys (ConfUtils.java:logGet(43)) - raft.server.log.purge.gap = 1000000 (custom)
2019-10-02 19:53:57,348 [pool-67-thread-1] INFO  server.RaftServerConfigKeys (ConfUtils.java:logGet(43)) - raft.server.log.segment.size.max = 1048576 (custom)
2019-10-02 19:53:57,348 [pool-57-thread-1] INFO  server.RaftServerConfigKeys (ConfUtils.java:logGet(43)) - raft.server.log.purge.gap = 1000000 (custom)
2019-10-02 19:53:57,349 [pool-67-thread-1] INFO  server.RaftServerConfigKeys (ConfUtils.java:logGet(43)) - raft.server.log.segment.cache.num.max = 2 (custom)
2019-10-02 19:53:57,348 [pool-47-thread-1] INFO  server.RaftServerConfigKeys (ConfUtils.java:logGet(43)) - raft.server.log.appender.buffer.byte-limit = 33554432 (custom)
2019-10-02 19:53:57,349 [pool-67-thread-1] INFO  segmented.SegmentedRaftLogWorker (SegmentedRaftLogWorker.java:<init>(173)) - new a0833d57-9356-442d-affc-7baee9cfa057@group-DAE8E919A5AB-SegmentedRaftLogWorker for RaftStorage:Storage Directory /workdir/hadoop-ozone/integration-test/target/test-dir/MiniOzoneClusterImpl-85ec13a9-98bf-43b5-845f-0fdbc936e02f/datanode-4/data/ratis/c870daf0-b8e6-4437-ab5e-dae8e919a5ab
2019-10-02 19:53:57,349 [pool-57-thread-1] INFO  server.RaftServerConfigKeys (ConfUtils.java:logGet(43)) - raft.server.log.appender.buffer.byte-limit = 33554432 (custom)
2019-10-02 19:53:57,349 [pool-67-thread-1] INFO  server.RaftServerConfigKeys (ConfUtils.java:logGet(43)) - raft.server.log.queue.byte-limit = 2147483647 (custom)
2019-10-02 19:53:57,349 [pool-47-thread-1] INFO  server.RaftServerConfigKeys (ConfUtils.java:logGet(43)) - raft.server.log.segment.size.max = 1048576 (custom)
2019-10-02 19:53:57,350 [pool-67-thread-1] INFO  server.RaftServerConfigKeys (ConfUtils.java:logGet(43)) - raft.server.log.queue.element-limit = 1024 (custom)
2019-10-02 19:53:57,349 [pool-57-thread-1] INFO  server.RaftServerConfigKeys (ConfUtils.java:logGet(43)) - raft.server.log.segment.size.max = 1048576 (custom)
2019-10-02 19:53:57,350 [pool-67-thread-1] INFO  server.RaftServerConfigKeys (ConfUtils.java:logGet(43)) - raft.server.log.segment.size.max = 1048576 (custom)
2019-10-02 19:53:57,350 [pool-47-thread-1] INFO  server.RaftServerConfigKeys (ConfUtils.java:logGet(43)) - raft.server.log.segment.cache.num.max = 2 (custom)
2019-10-02 19:53:57,350 [pool-67-thread-1] INFO  server.RaftServerConfigKeys (ConfUtils.java:logGet(43)) - raft.server.log.preallocated.size = 16384 (custom)
2019-10-02 19:53:57,350 [pool-57-thread-1] INFO  server.RaftServerConfigKeys (ConfUtils.java:logGet(43)) - raft.server.log.segment.cache.num.max = 2 (custom)
2019-10-02 19:53:57,351 [pool-67-thread-1] INFO  server.RaftServerConfigKeys (ConfUtils.java:logGet(43)) - raft.server.log.write.buffer.size = 33554432 (custom)
2019-10-02 19:53:57,350 [pool-47-thread-1] INFO  segmented.SegmentedRaftLogWorker (SegmentedRaftLogWorker.java:<init>(173)) - new 8bcf3dda-d4f5-4d2e-bdce-006354901f05@group-DAE8E919A5AB-SegmentedRaftLogWorker for RaftStorage:Storage Directory /workdir/hadoop-ozone/integration-test/target/test-dir/MiniOzoneClusterImpl-85ec13a9-98bf-43b5-845f-0fdbc936e02f/datanode-2/data/ratis/c870daf0-b8e6-4437-ab5e-dae8e919a5ab
2019-10-02 19:53:57,351 [pool-67-thread-1] INFO  server.RaftServerConfigKeys (ConfUtils.java:logGet(43)) - raft.server.log.force.sync.num = 128 (default)
2019-10-02 19:53:57,351 [pool-57-thread-1] INFO  segmented.SegmentedRaftLogWorker (SegmentedRaftLogWorker.java:<init>(173)) - new 870e6959-60bf-4746-8f27-db206afdcb81@group-DAE8E919A5AB-SegmentedRaftLogWorker for RaftStorage:Storage Directory /workdir/hadoop-ozone/integration-test/target/test-dir/MiniOzoneClusterImpl-85ec13a9-98bf-43b5-845f-0fdbc936e02f/datanode-3/data/ratis/c870daf0-b8e6-4437-ab5e-dae8e919a5ab
2019-10-02 19:53:57,351 [pool-67-thread-1] INFO  server.RaftServerConfigKeys (ConfUtils.java:logGet(43)) - raft.server.log.statemachine.data.sync = true (default)
2019-10-02 19:53:57,351 [pool-47-thread-1] INFO  server.RaftServerConfigKeys (ConfUtils.java:logGet(43)) - raft.server.log.queue.byte-limit = 2147483647 (custom)
2019-10-02 19:53:57,351 [pool-67-thread-1] INFO  server.RaftServerConfigKeys (ConfUtils.java:logGet(43)) - raft.server.log.statemachine.data.sync.timeout = 10s (default)
2019-10-02 19:53:57,351 [pool-57-thread-1] INFO  server.RaftServerConfigKeys (ConfUtils.java:logGet(43)) - raft.server.log.queue.byte-limit = 2147483647 (custom)
2019-10-02 19:53:57,352 [pool-67-thread-1] INFO  server.RaftServerConfigKeys (ConfUtils.java:logGet(43)) - raft.server.log.statemachine.data.sync.timeout.retry = -1 (default)
2019-10-02 19:53:57,352 [pool-47-thread-1] INFO  server.RaftServerConfigKeys (ConfUtils.java:logGet(43)) - raft.server.log.queue.element-limit = 1024 (custom)
2019-10-02 19:53:57,352 [pool-57-thread-1] INFO  server.RaftServerConfigKeys (ConfUtils.java:logGet(43)) - raft.server.log.queue.element-limit = 1024 (custom)
2019-10-02 19:53:57,352 [pool-67-thread-1] INFO  server.RaftServerConfigKeys (ConfUtils.java:logGet(43)) - raft.server.log.statemachine.data.caching.enabled = true (custom)
2019-10-02 19:53:57,352 [pool-47-thread-1] INFO  server.RaftServerConfigKeys (ConfUtils.java:logGet(43)) - raft.server.log.segment.size.max = 1048576 (custom)
2019-10-02 19:53:57,352 [pool-57-thread-1] INFO  server.RaftServerConfigKeys (ConfUtils.java:logGet(43)) - raft.server.log.segment.size.max = 1048576 (custom)
2019-10-02 19:53:57,353 [pool-67-thread-1] INFO  segmented.SegmentedRaftLogWorker (SegmentedRaftLogWorker.java:lambda$new$0(128)) - a0833d57-9356-442d-affc-7baee9cfa057@group-DAE8E919A5AB-SegmentedRaftLogWorker: flushIndex: setUnconditionally 0 -> -1
2019-10-02 19:53:57,353 [pool-47-thread-1] INFO  server.RaftServerConfigKeys (ConfUtils.java:logGet(43)) - raft.server.log.preallocated.size = 16384 (custom)
2019-10-02 19:53:57,353 [pool-57-thread-1] INFO  server.RaftServerConfigKeys (ConfUtils.java:logGet(43)) - raft.server.log.preallocated.size = 16384 (custom)
2019-10-02 19:53:57,353 [pool-67-thread-1] INFO  server.RaftServerConfigKeys (ConfUtils.java:logGet(43)) - raft.server.snapshot.auto.trigger.enabled = true (custom)
2019-10-02 19:53:57,353 [pool-57-thread-1] INFO  server.RaftServerConfigKeys (ConfUtils.java:logGet(43)) - raft.server.log.write.buffer.size = 33554432 (custom)
2019-10-02 19:53:57,353 [pool-47-thread-1] INFO  server.RaftServerConfigKeys (ConfUtils.java:logGet(43)) - raft.server.log.write.buffer.size = 33554432 (custom)
2019-10-02 19:53:57,354 [pool-57-thread-1] INFO  server.RaftServerConfigKeys (ConfUtils.java:logGet(43)) - raft.server.log.force.sync.num = 128 (default)
2019-10-02 19:53:57,353 [pool-67-thread-1] INFO  server.RaftServerConfigKeys (ConfUtils.java:logGet(43)) - raft.server.snapshot.auto.trigger.threshold = 10000 (custom)
2019-10-02 19:53:57,354 [pool-57-thread-1] INFO  server.RaftServerConfigKeys (ConfUtils.java:logGet(43)) - raft.server.log.statemachine.data.sync = true (default)
2019-10-02 19:53:57,354 [pool-47-thread-1] INFO  server.RaftServerConfigKeys (ConfUtils.java:logGet(43)) - raft.server.log.force.sync.num = 128 (default)
2019-10-02 19:53:57,354 [pool-57-thread-1] INFO  server.RaftServerConfigKeys (ConfUtils.java:logGet(43)) - raft.server.log.statemachine.data.sync.timeout = 10s (default)
2019-10-02 19:53:57,354 [pool-67-thread-1] INFO  server.RaftServerConfigKeys (ConfUtils.java:logGet(43)) - raft.server.snapshot.retention.file.num = 5 (custom)
2019-10-02 19:53:57,355 [pool-57-thread-1] INFO  server.RaftServerConfigKeys (ConfUtils.java:logGet(43)) - raft.server.log.statemachine.data.sync.timeout.retry = -1 (default)
2019-10-02 19:53:57,354 [pool-47-thread-1] INFO  server.RaftServerConfigKeys (ConfUtils.java:logGet(43)) - raft.server.log.statemachine.data.sync = true (default)
2019-10-02 19:53:57,355 [pool-67-thread-1] INFO  server.RaftServerConfigKeys (ConfUtils.java:logGet(43)) - raft.server.retrycache.expirytime = 600000ms (custom)
2019-10-02 19:53:57,355 [pool-57-thread-1] INFO  server.RaftServerConfigKeys (ConfUtils.java:logGet(43)) - raft.server.log.statemachine.data.caching.enabled = true (custom)
2019-10-02 19:53:57,355 [pool-47-thread-1] INFO  server.RaftServerConfigKeys (ConfUtils.java:logGet(43)) - raft.server.log.statemachine.data.sync.timeout = 10s (default)
2019-10-02 19:53:57,355 [pool-47-thread-1] INFO  server.RaftServerConfigKeys (ConfUtils.java:logGet(43)) - raft.server.log.statemachine.data.sync.timeout.retry = -1 (default)
2019-10-02 19:53:57,356 [pool-57-thread-1] INFO  segmented.SegmentedRaftLogWorker (SegmentedRaftLogWorker.java:lambda$new$0(128)) - 870e6959-60bf-4746-8f27-db206afdcb81@group-DAE8E919A5AB-SegmentedRaftLogWorker: flushIndex: setUnconditionally 0 -> -1
2019-10-02 19:53:57,356 [pool-47-thread-1] INFO  server.RaftServerConfigKeys (ConfUtils.java:logGet(43)) - raft.server.log.statemachine.data.caching.enabled = true (custom)
2019-10-02 19:53:57,356 [pool-47-thread-1] INFO  segmented.SegmentedRaftLogWorker (SegmentedRaftLogWorker.java:lambda$new$0(128)) - 8bcf3dda-d4f5-4d2e-bdce-006354901f05@group-DAE8E919A5AB-SegmentedRaftLogWorker: flushIndex: setUnconditionally 0 -> -1
2019-10-02 19:53:57,356 [pool-57-thread-1] INFO  server.RaftServerConfigKeys (ConfUtils.java:logGet(43)) - raft.server.snapshot.auto.trigger.enabled = true (custom)
2019-10-02 19:53:57,356 [pool-47-thread-1] INFO  server.RaftServerConfigKeys (ConfUtils.java:logGet(43)) - raft.server.snapshot.auto.trigger.enabled = true (custom)
2019-10-02 19:53:57,356 [pool-57-thread-1] INFO  server.RaftServerConfigKeys (ConfUtils.java:logGet(43)) - raft.server.snapshot.auto.trigger.threshold = 10000 (custom)
2019-10-02 19:53:57,356 [pool-47-thread-1] INFO  server.RaftServerConfigKeys (ConfUtils.java:logGet(43)) - raft.server.snapshot.auto.trigger.threshold = 10000 (custom)
2019-10-02 19:53:57,357 [pool-57-thread-1] INFO  server.RaftServerConfigKeys (ConfUtils.java:logGet(43)) - raft.server.snapshot.retention.file.num = 5 (custom)
2019-10-02 19:53:57,357 [pool-47-thread-1] INFO  server.RaftServerConfigKeys (ConfUtils.java:logGet(43)) - raft.server.snapshot.retention.file.num = 5 (custom)
2019-10-02 19:53:57,357 [pool-57-thread-1] INFO  server.RaftServerConfigKeys (ConfUtils.java:logGet(43)) - raft.server.retrycache.expirytime = 600000ms (custom)
2019-10-02 19:53:57,357 [pool-47-thread-1] INFO  server.RaftServerConfigKeys (ConfUtils.java:logGet(43)) - raft.server.retrycache.expirytime = 600000ms (custom)
2019-10-02 19:53:57,359 [pool-67-thread-1] INFO  impl.RaftServerImpl (RaftServerImpl.java:start(181)) - a0833d57-9356-442d-affc-7baee9cfa057@group-DAE8E919A5AB: start as a follower, conf=-1: [a0833d57-9356-442d-affc-7baee9cfa057:192.168.157.242:44398, 8bcf3dda-d4f5-4d2e-bdce-006354901f05:192.168.157.242:39482, 870e6959-60bf-4746-8f27-db206afdcb81:192.168.157.242:44600], old=null
2019-10-02 19:53:57,359 [pool-67-thread-1] INFO  impl.RaftServerImpl (RaftServerImpl.java:setRole(170)) - a0833d57-9356-442d-affc-7baee9cfa057@group-DAE8E919A5AB: changes role from      null to FOLLOWER at term 0 for startAsFollower
2019-10-02 19:53:57,360 [pool-67-thread-1] INFO  impl.RoleInfo (RoleInfo.java:updateAndGet(143)) - a0833d57-9356-442d-affc-7baee9cfa057: start FollowerState
2019-10-02 19:53:57,360 [pool-67-thread-1] INFO  util.JmxRegister (JmxRegister.java:tryRegister(44)) - Successfully registered JMX Bean with object name Ratis:service=RaftServer,group=group-DAE8E919A5AB,id=a0833d57-9356-442d-affc-7baee9cfa057
2019-10-02 19:53:57,361 [pool-47-thread-1] INFO  impl.RaftServerImpl (RaftServerImpl.java:start(181)) - 8bcf3dda-d4f5-4d2e-bdce-006354901f05@group-DAE8E919A5AB: start as a follower, conf=-1: [a0833d57-9356-442d-affc-7baee9cfa057:192.168.157.242:44398, 8bcf3dda-d4f5-4d2e-bdce-006354901f05:192.168.157.242:39482, 870e6959-60bf-4746-8f27-db206afdcb81:192.168.157.242:44600], old=null
2019-10-02 19:53:57,361 [pool-47-thread-1] INFO  impl.RaftServerImpl (RaftServerImpl.java:setRole(170)) - 8bcf3dda-d4f5-4d2e-bdce-006354901f05@group-DAE8E919A5AB: changes role from      null to FOLLOWER at term 0 for startAsFollower
2019-10-02 19:53:57,361 [pool-47-thread-1] INFO  impl.RoleInfo (RoleInfo.java:updateAndGet(143)) - 8bcf3dda-d4f5-4d2e-bdce-006354901f05: start FollowerState
2019-10-02 19:53:57,361 [pool-47-thread-1] INFO  util.JmxRegister (JmxRegister.java:tryRegister(44)) - Successfully registered JMX Bean with object name Ratis:service=RaftServer,group=group-DAE8E919A5AB,id=8bcf3dda-d4f5-4d2e-bdce-006354901f05
2019-10-02 19:53:57,362 [pool-57-thread-1] INFO  impl.RaftServerImpl (RaftServerImpl.java:start(181)) - 870e6959-60bf-4746-8f27-db206afdcb81@group-DAE8E919A5AB: start as a follower, conf=-1: [a0833d57-9356-442d-affc-7baee9cfa057:192.168.157.242:44398, 8bcf3dda-d4f5-4d2e-bdce-006354901f05:192.168.157.242:39482, 870e6959-60bf-4746-8f27-db206afdcb81:192.168.157.242:44600], old=null
2019-10-02 19:53:57,362 [pool-57-thread-1] INFO  impl.RaftServerImpl (RaftServerImpl.java:setRole(170)) - 870e6959-60bf-4746-8f27-db206afdcb81@group-DAE8E919A5AB: changes role from      null to FOLLOWER at term 0 for startAsFollower
2019-10-02 19:53:57,362 [pool-57-thread-1] INFO  impl.RoleInfo (RoleInfo.java:updateAndGet(143)) - 870e6959-60bf-4746-8f27-db206afdcb81: start FollowerState
2019-10-02 19:53:57,363 [pool-57-thread-1] INFO  util.JmxRegister (JmxRegister.java:tryRegister(44)) - Successfully registered JMX Bean with object name Ratis:service=RaftServer,group=group-DAE8E919A5AB,id=870e6959-60bf-4746-8f27-db206afdcb81
2019-10-02 19:53:57,402 [RatisPipelineUtilsThread] INFO  pipeline.PipelineStateManager (PipelineStateManager.java:addPipeline(56)) - Created pipeline Pipeline[ Id: c870daf0-b8e6-4437-ab5e-dae8e919a5ab, Nodes: 870e6959-60bf-4746-8f27-db206afdcb81{ip: 192.168.157.242, host: pr-hdds-2223-zp5j9-3680597336, networkLocation: /default-rack, certSerialId: null}a0833d57-9356-442d-affc-7baee9cfa057{ip: 192.168.157.242, host: pr-hdds-2223-zp5j9-3680597336, networkLocation: /default-rack, certSerialId: null}8bcf3dda-d4f5-4d2e-bdce-006354901f05{ip: 192.168.157.242, host: pr-hdds-2223-zp5j9-3680597336, networkLocation: /default-rack, certSerialId: null}, Type:RATIS, Factor:THREE, State:OPEN]
2019-10-02 19:53:57,637 [main] INFO  rpc.RpcClient (RpcClient.java:createVolume(276)) - Creating Volume: testblockoutputstream, with jenkins1000 as owner.
2019-10-02 19:53:57,761 [IPC Server handler 5 on 39657] INFO  volume.OMVolumeCreateRequest (OMVolumeCreateRequest.java:validateAndUpdateCache(194)) - created volume:testblockoutputstream for user:jenkins1000
2019-10-02 19:53:58,205 [main] INFO  rpc.RpcClient (RpcClient.java:createBucket(415)) - Creating Bucket: testblockoutputstream/testblockoutputstream, with Versioning false and Storage Type set to DISK and Encryption set to false 
2019-10-02 19:53:58,273 [main] INFO  impl.MetricsSystemImpl (MetricsSystemImpl.java:init(158)) - XceiverClientMetrics metrics system started (again)
2019-10-02 19:53:58,428 [Thread-238] INFO  container.ReplicationManager (ReplicationManager.java:start(162)) - Starting Replication Monitor Thread.
2019-10-02 19:53:58,434 [ReplicationMonitor] INFO  container.ReplicationManager (ReplicationManager.java:run(225)) - Replication Monitor Thread took 4 milliseconds for processing 1 containers.
2019-10-02 19:54:01,334 [Thread-240] INFO  impl.FollowerState (FollowerState.java:run(108)) - 230a1857-bafd-469f-96b3-77153f152411@group-1A058C7FBC19-FollowerState: change to CANDIDATE, lastRpcTime:5086ms, electionTimeout:5085ms
2019-10-02 19:54:01,342 [Thread-240] INFO  impl.RoleInfo (RoleInfo.java:shutdownFollowerState(121)) - 230a1857-bafd-469f-96b3-77153f152411: shutdown FollowerState
2019-10-02 19:54:01,343 [Thread-240] INFO  impl.RaftServerImpl (RaftServerImpl.java:setRole(170)) - 230a1857-bafd-469f-96b3-77153f152411@group-1A058C7FBC19: changes role from  FOLLOWER to CANDIDATE at term 0 for changeToCandidate
2019-10-02 19:54:01,355 [Thread-240] INFO  impl.RoleInfo (RoleInfo.java:updateAndGet(143)) - 230a1857-bafd-469f-96b3-77153f152411: start LeaderElection
2019-10-02 19:54:01,391 [230a1857-bafd-469f-96b3-77153f152411@group-1A058C7FBC19-LeaderElection1] INFO  impl.LeaderElection (LeaderElection.java:askForVotes(178)) - 230a1857-bafd-469f-96b3-77153f152411@group-1A058C7FBC19-LeaderElection1: begin an election at term 1 for -1: [230a1857-bafd-469f-96b3-77153f152411:192.168.157.242:41335], old=null
2019-10-02 19:54:01,394 [230a1857-bafd-469f-96b3-77153f152411@group-1A058C7FBC19-LeaderElection1] INFO  impl.RoleInfo (RoleInfo.java:shutdownLeaderElection(134)) - 230a1857-bafd-469f-96b3-77153f152411: shutdown LeaderElection
2019-10-02 19:54:01,394 [230a1857-bafd-469f-96b3-77153f152411@group-1A058C7FBC19-LeaderElection1] INFO  impl.RaftServerImpl (RaftServerImpl.java:setRole(170)) - 230a1857-bafd-469f-96b3-77153f152411@group-1A058C7FBC19: changes role from CANDIDATE to LEADER at term 1 for changeToLeader
2019-10-02 19:54:01,395 [230a1857-bafd-469f-96b3-77153f152411@group-1A058C7FBC19-LeaderElection1] INFO  impl.RaftServerImpl (ServerState.java:setLeader(255)) - 230a1857-bafd-469f-96b3-77153f152411@group-1A058C7FBC19: change Leader from null to 230a1857-bafd-469f-96b3-77153f152411 at term 1 for becomeLeader, leader elected after 5295ms
2019-10-02 19:54:01,406 [230a1857-bafd-469f-96b3-77153f152411@group-1A058C7FBC19-LeaderElection1] INFO  server.RaftServerConfigKeys (ConfUtils.java:logGet(43)) - raft.server.staging.catchup.gap = 1000 (default)
2019-10-02 19:54:01,407 [230a1857-bafd-469f-96b3-77153f152411@group-1A058C7FBC19-LeaderElection1] INFO  server.RaftServerConfigKeys (ConfUtils.java:logGet(43)) - raft.server.rpc.sleep.time = 25ms (default)
2019-10-02 19:54:01,414 [230a1857-bafd-469f-96b3-77153f152411@group-1A058C7FBC19-LeaderElection1] INFO  server.RaftServerConfigKeys (ConfUtils.java:logGet(43)) - raft.server.write.element-limit = 4096 (default)
2019-10-02 19:54:01,418 [230a1857-bafd-469f-96b3-77153f152411@group-1A058C7FBC19-LeaderElection1] INFO  server.RaftServerConfigKeys (ConfUtils.java:logGet(43)) - raft.server.watch.timeout = 10s (default)
2019-10-02 19:54:01,418 [230a1857-bafd-469f-96b3-77153f152411@group-1A058C7FBC19-LeaderElection1] INFO  server.RaftServerConfigKeys (ConfUtils.java:logGet(43)) - raft.server.watch.timeout.denomination = 1s (default)
2019-10-02 19:54:01,419 [230a1857-bafd-469f-96b3-77153f152411@group-1A058C7FBC19-LeaderElection1] INFO  server.RaftServerConfigKeys (ConfUtils.java:logGet(43)) - raft.server.watch.element-limit = 65536 (default)
2019-10-02 19:54:01,436 [230a1857-bafd-469f-96b3-77153f152411@group-1A058C7FBC19-LeaderElection1] INFO  impl.RoleInfo (RoleInfo.java:updateAndGet(143)) - 230a1857-bafd-469f-96b3-77153f152411: start LeaderState
2019-10-02 19:54:01,466 [230a1857-bafd-469f-96b3-77153f152411@group-1A058C7FBC19-LeaderElection1] INFO  segmented.SegmentedRaftLogWorker (SegmentedRaftLogWorker.java:startLogSegment(385)) - 230a1857-bafd-469f-96b3-77153f152411@group-1A058C7FBC19-SegmentedRaftLogWorker: Starting segment from index:0
2019-10-02 19:54:01,478 [230a1857-bafd-469f-96b3-77153f152411@group-1A058C7FBC19-LeaderElection1] INFO  impl.RaftServerImpl (ServerState.java:setRaftConf(356)) - 230a1857-bafd-469f-96b3-77153f152411@group-1A058C7FBC19: set configuration 0: [230a1857-bafd-469f-96b3-77153f152411:192.168.157.242:41335], old=null at 0
2019-10-02 19:54:01,523 [Thread-243] INFO  impl.FollowerState (FollowerState.java:run(108)) - 7bae9e7d-ac17-45dd-9802-adba67965dd5@group-A1B5B24455BA-FollowerState: change to CANDIDATE, lastRpcTime:5020ms, electionTimeout:5018ms
2019-10-02 19:54:01,526 [Thread-243] INFO  impl.RoleInfo (RoleInfo.java:shutdownFollowerState(121)) - 7bae9e7d-ac17-45dd-9802-adba67965dd5: shutdown FollowerState
2019-10-02 19:54:01,526 [Thread-243] INFO  impl.RaftServerImpl (RaftServerImpl.java:setRole(170)) - 7bae9e7d-ac17-45dd-9802-adba67965dd5@group-A1B5B24455BA: changes role from  FOLLOWER to CANDIDATE at term 0 for changeToCandidate
2019-10-02 19:54:01,526 [Thread-243] INFO  impl.RoleInfo (RoleInfo.java:updateAndGet(143)) - 7bae9e7d-ac17-45dd-9802-adba67965dd5: start LeaderElection
2019-10-02 19:54:01,546 [7bae9e7d-ac17-45dd-9802-adba67965dd5@group-A1B5B24455BA-LeaderElection2] INFO  impl.LeaderElection (LeaderElection.java:askForVotes(178)) - 7bae9e7d-ac17-45dd-9802-adba67965dd5@group-A1B5B24455BA-LeaderElection2: begin an election at term 1 for -1: [7bae9e7d-ac17-45dd-9802-adba67965dd5:192.168.157.242:35060], old=null
2019-10-02 19:54:01,546 [7bae9e7d-ac17-45dd-9802-adba67965dd5@group-A1B5B24455BA-LeaderElection2] INFO  impl.RoleInfo (RoleInfo.java:shutdownLeaderElection(134)) - 7bae9e7d-ac17-45dd-9802-adba67965dd5: shutdown LeaderElection
2019-10-02 19:54:01,546 [7bae9e7d-ac17-45dd-9802-adba67965dd5@group-A1B5B24455BA-LeaderElection2] INFO  impl.RaftServerImpl (RaftServerImpl.java:setRole(170)) - 7bae9e7d-ac17-45dd-9802-adba67965dd5@group-A1B5B24455BA: changes role from CANDIDATE to LEADER at term 1 for changeToLeader
2019-10-02 19:54:01,546 [7bae9e7d-ac17-45dd-9802-adba67965dd5@group-A1B5B24455BA-LeaderElection2] INFO  impl.RaftServerImpl (ServerState.java:setLeader(255)) - 7bae9e7d-ac17-45dd-9802-adba67965dd5@group-A1B5B24455BA: change Leader from null to 7bae9e7d-ac17-45dd-9802-adba67965dd5 at term 1 for becomeLeader, leader elected after 5065ms
2019-10-02 19:54:01,549 [7bae9e7d-ac17-45dd-9802-adba67965dd5@group-A1B5B24455BA-LeaderElection2] INFO  server.RaftServerConfigKeys (ConfUtils.java:logGet(43)) - raft.server.staging.catchup.gap = 1000 (default)
2019-10-02 19:54:01,549 [7bae9e7d-ac17-45dd-9802-adba67965dd5@group-A1B5B24455BA-LeaderElection2] INFO  server.RaftServerConfigKeys (ConfUtils.java:logGet(43)) - raft.server.rpc.sleep.time = 25ms (default)
2019-10-02 19:54:01,549 [7bae9e7d-ac17-45dd-9802-adba67965dd5@group-A1B5B24455BA-LeaderElection2] INFO  server.RaftServerConfigKeys (ConfUtils.java:logGet(43)) - raft.server.write.element-limit = 4096 (default)
2019-10-02 19:54:01,549 [7bae9e7d-ac17-45dd-9802-adba67965dd5@group-A1B5B24455BA-LeaderElection2] INFO  server.RaftServerConfigKeys (ConfUtils.java:logGet(43)) - raft.server.watch.timeout = 10s (default)
2019-10-02 19:54:01,550 [7bae9e7d-ac17-45dd-9802-adba67965dd5@group-A1B5B24455BA-LeaderElection2] INFO  server.RaftServerConfigKeys (ConfUtils.java:logGet(43)) - raft.server.watch.timeout.denomination = 1s (default)
2019-10-02 19:54:01,550 [7bae9e7d-ac17-45dd-9802-adba67965dd5@group-A1B5B24455BA-LeaderElection2] INFO  server.RaftServerConfigKeys (ConfUtils.java:logGet(43)) - raft.server.watch.element-limit = 65536 (default)
2019-10-02 19:54:01,553 [7bae9e7d-ac17-45dd-9802-adba67965dd5@group-A1B5B24455BA-LeaderElection2] INFO  impl.RoleInfo (RoleInfo.java:updateAndGet(143)) - 7bae9e7d-ac17-45dd-9802-adba67965dd5: start LeaderState
2019-10-02 19:54:01,553 [7bae9e7d-ac17-45dd-9802-adba67965dd5@group-A1B5B24455BA-LeaderElection2] INFO  segmented.SegmentedRaftLogWorker (SegmentedRaftLogWorker.java:startLogSegment(385)) - 7bae9e7d-ac17-45dd-9802-adba67965dd5@group-A1B5B24455BA-SegmentedRaftLogWorker: Starting segment from index:0
2019-10-02 19:54:01,554 [7bae9e7d-ac17-45dd-9802-adba67965dd5@group-A1B5B24455BA-LeaderElection2] INFO  impl.RaftServerImpl (ServerState.java:setRaftConf(356)) - 7bae9e7d-ac17-45dd-9802-adba67965dd5@group-A1B5B24455BA: set configuration 0: [7bae9e7d-ac17-45dd-9802-adba67965dd5:192.168.157.242:35060], old=null at 0
2019-10-02 19:54:01,711 [7bae9e7d-ac17-45dd-9802-adba67965dd5@group-A1B5B24455BA-SegmentedRaftLogWorker] INFO  segmented.SegmentedRaftLogWorker (SegmentedRaftLogWorker.java:execute(574)) - 7bae9e7d-ac17-45dd-9802-adba67965dd5@group-A1B5B24455BA-SegmentedRaftLogWorker: created new log segment /workdir/hadoop-ozone/integration-test/target/test-dir/MiniOzoneClusterImpl-85ec13a9-98bf-43b5-845f-0fdbc936e02f/datanode-1/data/ratis/cd3a8f6c-ec4c-40f9-97ab-a1b5b24455ba/current/log_inprogress_0
2019-10-02 19:54:01,712 [230a1857-bafd-469f-96b3-77153f152411@group-1A058C7FBC19-SegmentedRaftLogWorker] INFO  segmented.SegmentedRaftLogWorker (SegmentedRaftLogWorker.java:execute(574)) - 230a1857-bafd-469f-96b3-77153f152411@group-1A058C7FBC19-SegmentedRaftLogWorker: created new log segment /workdir/hadoop-ozone/integration-test/target/test-dir/MiniOzoneClusterImpl-85ec13a9-98bf-43b5-845f-0fdbc936e02f/datanode-0/data/ratis/5fc08c17-77b9-4aca-aaa0-1a058c7fbc19/current/log_inprogress_0
2019-10-02 19:54:01,797 [Thread-246] INFO  impl.FollowerState (FollowerState.java:run(108)) - ac7d5bff-77d7-49ee-9e03-6669822ee5ed@group-14081A383678-FollowerState: change to CANDIDATE, lastRpcTime:5103ms, electionTimeout:5103ms
2019-10-02 19:54:01,798 [Thread-246] INFO  impl.RoleInfo (RoleInfo.java:shutdownFollowerState(121)) - ac7d5bff-77d7-49ee-9e03-6669822ee5ed: shutdown FollowerState
2019-10-02 19:54:01,798 [Thread-246] INFO  impl.RaftServerImpl (RaftServerImpl.java:setRole(170)) - ac7d5bff-77d7-49ee-9e03-6669822ee5ed@group-14081A383678: changes role from  FOLLOWER to CANDIDATE at term 0 for changeToCandidate
2019-10-02 19:54:01,798 [Thread-246] INFO  impl.RoleInfo (RoleInfo.java:updateAndGet(143)) - ac7d5bff-77d7-49ee-9e03-6669822ee5ed: start LeaderElection
2019-10-02 19:54:01,829 [ac7d5bff-77d7-49ee-9e03-6669822ee5ed@group-14081A383678-LeaderElection3] INFO  impl.LeaderElection (LeaderElection.java:askForVotes(178)) - ac7d5bff-77d7-49ee-9e03-6669822ee5ed@group-14081A383678-LeaderElection3: begin an election at term 1 for -1: [ac7d5bff-77d7-49ee-9e03-6669822ee5ed:192.168.157.242:46165], old=null
2019-10-02 19:54:01,837 [ac7d5bff-77d7-49ee-9e03-6669822ee5ed@group-14081A383678-LeaderElection3] INFO  impl.RoleInfo (RoleInfo.java:shutdownLeaderElection(134)) - ac7d5bff-77d7-49ee-9e03-6669822ee5ed: shutdown LeaderElection
2019-10-02 19:54:01,838 [ac7d5bff-77d7-49ee-9e03-6669822ee5ed@group-14081A383678-LeaderElection3] INFO  impl.RaftServerImpl (RaftServerImpl.java:setRole(170)) - ac7d5bff-77d7-49ee-9e03-6669822ee5ed@group-14081A383678: changes role from CANDIDATE to LEADER at term 1 for changeToLeader
2019-10-02 19:54:01,838 [ac7d5bff-77d7-49ee-9e03-6669822ee5ed@group-14081A383678-LeaderElection3] INFO  impl.RaftServerImpl (ServerState.java:setLeader(255)) - ac7d5bff-77d7-49ee-9e03-6669822ee5ed@group-14081A383678: change Leader from null to ac7d5bff-77d7-49ee-9e03-6669822ee5ed at term 1 for becomeLeader, leader elected after 5210ms
2019-10-02 19:54:01,840 [ac7d5bff-77d7-49ee-9e03-6669822ee5ed@group-14081A383678-LeaderElection3] INFO  server.RaftServerConfigKeys (ConfUtils.java:logGet(43)) - raft.server.staging.catchup.gap = 1000 (default)
2019-10-02 19:54:01,841 [ac7d5bff-77d7-49ee-9e03-6669822ee5ed@group-14081A383678-LeaderElection3] INFO  server.RaftServerConfigKeys (ConfUtils.java:logGet(43)) - raft.server.rpc.sleep.time = 25ms (default)
2019-10-02 19:54:01,841 [ac7d5bff-77d7-49ee-9e03-6669822ee5ed@group-14081A383678-LeaderElection3] INFO  server.RaftServerConfigKeys (ConfUtils.java:logGet(43)) - raft.server.write.element-limit = 4096 (default)
2019-10-02 19:54:01,841 [ac7d5bff-77d7-49ee-9e03-6669822ee5ed@group-14081A383678-LeaderElection3] INFO  server.RaftServerConfigKeys (ConfUtils.java:logGet(43)) - raft.server.watch.timeout = 10s (default)
2019-10-02 19:54:01,842 [ac7d5bff-77d7-49ee-9e03-6669822ee5ed@group-14081A383678-LeaderElection3] INFO  server.RaftServerConfigKeys (ConfUtils.java:logGet(43)) - raft.server.watch.timeout.denomination = 1s (default)
2019-10-02 19:54:01,844 [ac7d5bff-77d7-49ee-9e03-6669822ee5ed@group-14081A383678-LeaderElection3] INFO  server.RaftServerConfigKeys (ConfUtils.java:logGet(43)) - raft.server.watch.element-limit = 65536 (default)
2019-10-02 19:54:01,849 [ac7d5bff-77d7-49ee-9e03-6669822ee5ed@group-14081A383678-LeaderElection3] INFO  impl.RoleInfo (RoleInfo.java:updateAndGet(143)) - ac7d5bff-77d7-49ee-9e03-6669822ee5ed: start LeaderState
2019-10-02 19:54:01,850 [ac7d5bff-77d7-49ee-9e03-6669822ee5ed@group-14081A383678-LeaderElection3] INFO  segmented.SegmentedRaftLogWorker (SegmentedRaftLogWorker.java:startLogSegment(385)) - ac7d5bff-77d7-49ee-9e03-6669822ee5ed@group-14081A383678-SegmentedRaftLogWorker: Starting segment from index:0
2019-10-02 19:54:01,851 [ac7d5bff-77d7-49ee-9e03-6669822ee5ed@group-14081A383678-LeaderElection3] INFO  impl.RaftServerImpl (ServerState.java:setRaftConf(356)) - ac7d5bff-77d7-49ee-9e03-6669822ee5ed@group-14081A383678: set configuration 0: [ac7d5bff-77d7-49ee-9e03-6669822ee5ed:192.168.157.242:46165], old=null at 0
2019-10-02 19:54:01,877 [Thread-249] INFO  impl.FollowerState (FollowerState.java:run(108)) - e739d841-c2f3-4ce3-9261-25610f56f3cd@group-107943A5297A-FollowerState: change to CANDIDATE, lastRpcTime:5072ms, electionTimeout:5066ms
2019-10-02 19:54:01,878 [Thread-249] INFO  impl.RoleInfo (RoleInfo.java:shutdownFollowerState(121)) - e739d841-c2f3-4ce3-9261-25610f56f3cd: shutdown FollowerState
2019-10-02 19:54:01,878 [Thread-249] INFO  impl.RaftServerImpl (RaftServerImpl.java:setRole(170)) - e739d841-c2f3-4ce3-9261-25610f56f3cd@group-107943A5297A: changes role from  FOLLOWER to CANDIDATE at term 0 for changeToCandidate
2019-10-02 19:54:01,878 [Thread-249] INFO  impl.RoleInfo (RoleInfo.java:updateAndGet(143)) - e739d841-c2f3-4ce3-9261-25610f56f3cd: start LeaderElection
2019-10-02 19:54:01,891 [ac7d5bff-77d7-49ee-9e03-6669822ee5ed@group-14081A383678-SegmentedRaftLogWorker] INFO  segmented.SegmentedRaftLogWorker (SegmentedRaftLogWorker.java:execute(574)) - ac7d5bff-77d7-49ee-9e03-6669822ee5ed@group-14081A383678-SegmentedRaftLogWorker: created new log segment /workdir/hadoop-ozone/integration-test/target/test-dir/MiniOzoneClusterImpl-85ec13a9-98bf-43b5-845f-0fdbc936e02f/datanode-6/data/ratis/e6f9706e-f641-44da-a8d8-14081a383678/current/log_inprogress_0
2019-10-02 19:54:01,891 [e739d841-c2f3-4ce3-9261-25610f56f3cd@group-107943A5297A-LeaderElection4] INFO  impl.LeaderElection (LeaderElection.java:askForVotes(178)) - e739d841-c2f3-4ce3-9261-25610f56f3cd@group-107943A5297A-LeaderElection4: begin an election at term 1 for -1: [e739d841-c2f3-4ce3-9261-25610f56f3cd:192.168.157.242:41392], old=null
2019-10-02 19:54:01,891 [e739d841-c2f3-4ce3-9261-25610f56f3cd@group-107943A5297A-LeaderElection4] INFO  impl.RoleInfo (RoleInfo.java:shutdownLeaderElection(134)) - e739d841-c2f3-4ce3-9261-25610f56f3cd: shutdown LeaderElection
2019-10-02 19:54:01,891 [e739d841-c2f3-4ce3-9261-25610f56f3cd@group-107943A5297A-LeaderElection4] INFO  impl.RaftServerImpl (RaftServerImpl.java:setRole(170)) - e739d841-c2f3-4ce3-9261-25610f56f3cd@group-107943A5297A: changes role from CANDIDATE to LEADER at term 1 for changeToLeader
2019-10-02 19:54:01,892 [e739d841-c2f3-4ce3-9261-25610f56f3cd@group-107943A5297A-LeaderElection4] INFO  impl.RaftServerImpl (ServerState.java:setLeader(255)) - e739d841-c2f3-4ce3-9261-25610f56f3cd@group-107943A5297A: change Leader from null to e739d841-c2f3-4ce3-9261-25610f56f3cd at term 1 for becomeLeader, leader elected after 5105ms
2019-10-02 19:54:01,894 [e739d841-c2f3-4ce3-9261-25610f56f3cd@group-107943A5297A-LeaderElection4] INFO  server.RaftServerConfigKeys (ConfUtils.java:logGet(43)) - raft.server.staging.catchup.gap = 1000 (default)
2019-10-02 19:54:01,896 [e739d841-c2f3-4ce3-9261-25610f56f3cd@group-107943A5297A-LeaderElection4] INFO  server.RaftServerConfigKeys (ConfUtils.java:logGet(43)) - raft.server.rpc.sleep.time = 25ms (default)
2019-10-02 19:54:01,903 [e739d841-c2f3-4ce3-9261-25610f56f3cd@group-107943A5297A-LeaderElection4] INFO  server.RaftServerConfigKeys (ConfUtils.java:logGet(43)) - raft.server.write.element-limit = 4096 (default)
2019-10-02 19:54:01,903 [e739d841-c2f3-4ce3-9261-25610f56f3cd@group-107943A5297A-LeaderElection4] INFO  server.RaftServerConfigKeys (ConfUtils.java:logGet(43)) - raft.server.watch.timeout = 10s (default)
2019-10-02 19:54:01,903 [e739d841-c2f3-4ce3-9261-25610f56f3cd@group-107943A5297A-LeaderElection4] INFO  server.RaftServerConfigKeys (ConfUtils.java:logGet(43)) - raft.server.watch.timeout.denomination = 1s (default)
2019-10-02 19:54:01,904 [e739d841-c2f3-4ce3-9261-25610f56f3cd@group-107943A5297A-LeaderElection4] INFO  server.RaftServerConfigKeys (ConfUtils.java:logGet(43)) - raft.server.watch.element-limit = 65536 (default)
2019-10-02 19:54:01,910 [e739d841-c2f3-4ce3-9261-25610f56f3cd@group-107943A5297A-LeaderElection4] INFO  impl.RoleInfo (RoleInfo.java:updateAndGet(143)) - e739d841-c2f3-4ce3-9261-25610f56f3cd: start LeaderState
2019-10-02 19:54:01,911 [e739d841-c2f3-4ce3-9261-25610f56f3cd@group-107943A5297A-LeaderElection4] INFO  segmented.SegmentedRaftLogWorker (SegmentedRaftLogWorker.java:startLogSegment(385)) - e739d841-c2f3-4ce3-9261-25610f56f3cd@group-107943A5297A-SegmentedRaftLogWorker: Starting segment from index:0
2019-10-02 19:54:01,911 [e739d841-c2f3-4ce3-9261-25610f56f3cd@group-107943A5297A-LeaderElection4] INFO  impl.RaftServerImpl (ServerState.java:setRaftConf(356)) - e739d841-c2f3-4ce3-9261-25610f56f3cd@group-107943A5297A: set configuration 0: [e739d841-c2f3-4ce3-9261-25610f56f3cd:192.168.157.242:41392], old=null at 0
2019-10-02 19:54:01,960 [e739d841-c2f3-4ce3-9261-25610f56f3cd@group-107943A5297A-SegmentedRaftLogWorker] INFO  segmented.SegmentedRaftLogWorker (SegmentedRaftLogWorker.java:execute(574)) - e739d841-c2f3-4ce3-9261-25610f56f3cd@group-107943A5297A-SegmentedRaftLogWorker: created new log segment /workdir/hadoop-ozone/integration-test/target/test-dir/MiniOzoneClusterImpl-85ec13a9-98bf-43b5-845f-0fdbc936e02f/datanode-5/data/ratis/78b3f845-32e0-4010-8a47-107943a5297a/current/log_inprogress_0
2019-10-02 19:54:02,088 [Thread-255] INFO  impl.FollowerState (FollowerState.java:run(108)) - a0833d57-9356-442d-affc-7baee9cfa057@group-692AD702D2DD-FollowerState: change to CANDIDATE, lastRpcTime:5099ms, electionTimeout:5099ms
2019-10-02 19:54:02,089 [Thread-255] INFO  impl.RoleInfo (RoleInfo.java:shutdownFollowerState(121)) - a0833d57-9356-442d-affc-7baee9cfa057: shutdown FollowerState
2019-10-02 19:54:02,089 [Thread-255] INFO  impl.RaftServerImpl (RaftServerImpl.java:setRole(170)) - a0833d57-9356-442d-affc-7baee9cfa057@group-692AD702D2DD: changes role from  FOLLOWER to CANDIDATE at term 0 for changeToCandidate
2019-10-02 19:54:02,089 [Thread-255] INFO  impl.RoleInfo (RoleInfo.java:updateAndGet(143)) - a0833d57-9356-442d-affc-7baee9cfa057: start LeaderElection
2019-10-02 19:54:02,094 [Thread-252] INFO  impl.FollowerState (FollowerState.java:run(108)) - 870e6959-60bf-4746-8f27-db206afdcb81@group-171DE53D1D36-FollowerState: change to CANDIDATE, lastRpcTime:5201ms, electionTimeout:5200ms
2019-10-02 19:54:02,094 [Thread-252] INFO  impl.RoleInfo (RoleInfo.java:shutdownFollowerState(121)) - 870e6959-60bf-4746-8f27-db206afdcb81: shutdown FollowerState
2019-10-02 19:54:02,095 [Thread-252] INFO  impl.RaftServerImpl (RaftServerImpl.java:setRole(170)) - 870e6959-60bf-4746-8f27-db206afdcb81@group-171DE53D1D36: changes role from  FOLLOWER to CANDIDATE at term 0 for changeToCandidate
2019-10-02 19:54:02,095 [Thread-252] INFO  impl.RoleInfo (RoleInfo.java:updateAndGet(143)) - 870e6959-60bf-4746-8f27-db206afdcb81: start LeaderElection
2019-10-02 19:54:02,110 [a0833d57-9356-442d-affc-7baee9cfa057@group-692AD702D2DD-LeaderElection5] INFO  impl.LeaderElection (LeaderElection.java:askForVotes(178)) - a0833d57-9356-442d-affc-7baee9cfa057@group-692AD702D2DD-LeaderElection5: begin an election at term 1 for -1: [a0833d57-9356-442d-affc-7baee9cfa057:192.168.157.242:44398], old=null
2019-10-02 19:54:02,110 [870e6959-60bf-4746-8f27-db206afdcb81@group-171DE53D1D36-LeaderElection6] INFO  impl.LeaderElection (LeaderElection.java:askForVotes(178)) - 870e6959-60bf-4746-8f27-db206afdcb81@group-171DE53D1D36-LeaderElection6: begin an election at term 1 for -1: [870e6959-60bf-4746-8f27-db206afdcb81:192.168.157.242:44600], old=null
2019-10-02 19:54:02,112 [a0833d57-9356-442d-affc-7baee9cfa057@group-692AD702D2DD-LeaderElection5] INFO  impl.RoleInfo (RoleInfo.java:shutdownLeaderElection(134)) - a0833d57-9356-442d-affc-7baee9cfa057: shutdown LeaderElection
2019-10-02 19:54:02,112 [870e6959-60bf-4746-8f27-db206afdcb81@group-171DE53D1D36-LeaderElection6] INFO  impl.RoleInfo (RoleInfo.java:shutdownLeaderElection(134)) - 870e6959-60bf-4746-8f27-db206afdcb81: shutdown LeaderElection
2019-10-02 19:54:02,112 [a0833d57-9356-442d-affc-7baee9cfa057@group-692AD702D2DD-LeaderElection5] INFO  impl.RaftServerImpl (RaftServerImpl.java:setRole(170)) - a0833d57-9356-442d-affc-7baee9cfa057@group-692AD702D2DD: changes role from CANDIDATE to LEADER at term 1 for changeToLeader
2019-10-02 19:54:02,112 [870e6959-60bf-4746-8f27-db206afdcb81@group-171DE53D1D36-LeaderElection6] INFO  impl.RaftServerImpl (RaftServerImpl.java:setRole(170)) - 870e6959-60bf-4746-8f27-db206afdcb81@group-171DE53D1D36: changes role from CANDIDATE to LEADER at term 1 for changeToLeader
2019-10-02 19:54:02,112 [a0833d57-9356-442d-affc-7baee9cfa057@group-692AD702D2DD-LeaderElection5] INFO  impl.RaftServerImpl (ServerState.java:setLeader(255)) - a0833d57-9356-442d-affc-7baee9cfa057@group-692AD702D2DD: change Leader from null to a0833d57-9356-442d-affc-7baee9cfa057 at term 1 for becomeLeader, leader elected after 5137ms
2019-10-02 19:54:02,113 [870e6959-60bf-4746-8f27-db206afdcb81@group-171DE53D1D36-LeaderElection6] INFO  impl.RaftServerImpl (ServerState.java:setLeader(255)) - 870e6959-60bf-4746-8f27-db206afdcb81@group-171DE53D1D36: change Leader from null to 870e6959-60bf-4746-8f27-db206afdcb81 at term 1 for becomeLeader, leader elected after 5229ms
2019-10-02 19:54:02,115 [a0833d57-9356-442d-affc-7baee9cfa057@group-692AD702D2DD-LeaderElection5] INFO  server.RaftServerConfigKeys (ConfUtils.java:logGet(43)) - raft.server.staging.catchup.gap = 1000 (default)
2019-10-02 19:54:02,117 [870e6959-60bf-4746-8f27-db206afdcb81@group-171DE53D1D36-LeaderElection6] INFO  server.RaftServerConfigKeys (ConfUtils.java:logGet(43)) - raft.server.staging.catchup.gap = 1000 (default)
2019-10-02 19:54:02,117 [a0833d57-9356-442d-affc-7baee9cfa057@group-692AD702D2DD-LeaderElection5] INFO  server.RaftServerConfigKeys (ConfUtils.java:logGet(43)) - raft.server.rpc.sleep.time = 25ms (default)
2019-10-02 19:54:02,117 [870e6959-60bf-4746-8f27-db206afdcb81@group-171DE53D1D36-LeaderElection6] INFO  server.RaftServerConfigKeys (ConfUtils.java:logGet(43)) - raft.server.rpc.sleep.time = 25ms (default)
2019-10-02 19:54:02,117 [a0833d57-9356-442d-affc-7baee9cfa057@group-692AD702D2DD-LeaderElection5] INFO  server.RaftServerConfigKeys (ConfUtils.java:logGet(43)) - raft.server.write.element-limit = 4096 (default)
2019-10-02 19:54:02,118 [870e6959-60bf-4746-8f27-db206afdcb81@group-171DE53D1D36-LeaderElection6] INFO  server.RaftServerConfigKeys (ConfUtils.java:logGet(43)) - raft.server.write.element-limit = 4096 (default)
2019-10-02 19:54:02,118 [a0833d57-9356-442d-affc-7baee9cfa057@group-692AD702D2DD-LeaderElection5] INFO  server.RaftServerConfigKeys (ConfUtils.java:logGet(43)) - raft.server.watch.timeout = 10s (default)
2019-10-02 19:54:02,118 [870e6959-60bf-4746-8f27-db206afdcb81@group-171DE53D1D36-LeaderElection6] INFO  server.RaftServerConfigKeys (ConfUtils.java:logGet(43)) - raft.server.watch.timeout = 10s (default)
2019-10-02 19:54:02,118 [a0833d57-9356-442d-affc-7baee9cfa057@group-692AD702D2DD-LeaderElection5] INFO  server.RaftServerConfigKeys (ConfUtils.java:logGet(43)) - raft.server.watch.timeout.denomination = 1s (default)
2019-10-02 19:54:02,118 [870e6959-60bf-4746-8f27-db206afdcb81@group-171DE53D1D36-LeaderElection6] INFO  server.RaftServerConfigKeys (ConfUtils.java:logGet(43)) - raft.server.watch.timeout.denomination = 1s (default)
2019-10-02 19:54:02,118 [a0833d57-9356-442d-affc-7baee9cfa057@group-692AD702D2DD-LeaderElection5] INFO  server.RaftServerConfigKeys (ConfUtils.java:logGet(43)) - raft.server.watch.element-limit = 65536 (default)
2019-10-02 19:54:02,118 [870e6959-60bf-4746-8f27-db206afdcb81@group-171DE53D1D36-LeaderElection6] INFO  server.RaftServerConfigKeys (ConfUtils.java:logGet(43)) - raft.server.watch.element-limit = 65536 (default)
2019-10-02 19:54:02,123 [a0833d57-9356-442d-affc-7baee9cfa057@group-692AD702D2DD-LeaderElection5] INFO  impl.RoleInfo (RoleInfo.java:updateAndGet(143)) - a0833d57-9356-442d-affc-7baee9cfa057: start LeaderState
2019-10-02 19:54:02,123 [a0833d57-9356-442d-affc-7baee9cfa057@group-692AD702D2DD-LeaderElection5] INFO  segmented.SegmentedRaftLogWorker (SegmentedRaftLogWorker.java:startLogSegment(385)) - a0833d57-9356-442d-affc-7baee9cfa057@group-692AD702D2DD-SegmentedRaftLogWorker: Starting segment from index:0
2019-10-02 19:54:02,123 [870e6959-60bf-4746-8f27-db206afdcb81@group-171DE53D1D36-LeaderElection6] INFO  impl.RoleInfo (RoleInfo.java:updateAndGet(143)) - 870e6959-60bf-4746-8f27-db206afdcb81: start LeaderState
2019-10-02 19:54:02,124 [870e6959-60bf-4746-8f27-db206afdcb81@group-171DE53D1D36-LeaderElection6] INFO  segmented.SegmentedRaftLogWorker (SegmentedRaftLogWorker.java:startLogSegment(385)) - 870e6959-60bf-4746-8f27-db206afdcb81@group-171DE53D1D36-SegmentedRaftLogWorker: Starting segment from index:0
2019-10-02 19:54:02,124 [a0833d57-9356-442d-affc-7baee9cfa057@group-692AD702D2DD-LeaderElection5] INFO  impl.RaftServerImpl (ServerState.java:setRaftConf(356)) - a0833d57-9356-442d-affc-7baee9cfa057@group-692AD702D2DD: set configuration 0: [a0833d57-9356-442d-affc-7baee9cfa057:192.168.157.242:44398], old=null at 0
2019-10-02 19:54:02,162 [Thread-258] INFO  impl.FollowerState (FollowerState.java:run(108)) - 8bcf3dda-d4f5-4d2e-bdce-006354901f05@group-DC85D5CB8376-FollowerState: change to CANDIDATE, lastRpcTime:5082ms, electionTimeout:5066ms
2019-10-02 19:54:02,162 [870e6959-60bf-4746-8f27-db206afdcb81@group-171DE53D1D36-LeaderElection6] INFO  impl.RaftServerImpl (ServerState.java:setRaftConf(356)) - 870e6959-60bf-4746-8f27-db206afdcb81@group-171DE53D1D36: set configuration 0: [870e6959-60bf-4746-8f27-db206afdcb81:192.168.157.242:44600], old=null at 0
2019-10-02 19:54:02,162 [Thread-258] INFO  impl.RoleInfo (RoleInfo.java:shutdownFollowerState(121)) - 8bcf3dda-d4f5-4d2e-bdce-006354901f05: shutdown FollowerState
2019-10-02 19:54:02,196 [a0833d57-9356-442d-affc-7baee9cfa057@group-692AD702D2DD-SegmentedRaftLogWorker] INFO  segmented.SegmentedRaftLogWorker (SegmentedRaftLogWorker.java:execute(574)) - a0833d57-9356-442d-affc-7baee9cfa057@group-692AD702D2DD-SegmentedRaftLogWorker: created new log segment /workdir/hadoop-ozone/integration-test/target/test-dir/MiniOzoneClusterImpl-85ec13a9-98bf-43b5-845f-0fdbc936e02f/datanode-4/data/ratis/3ca1eead-6645-42a3-90fc-692ad702d2dd/current/log_inprogress_0
2019-10-02 19:54:02,196 [Thread-258] INFO  impl.RaftServerImpl (RaftServerImpl.java:setRole(170)) - 8bcf3dda-d4f5-4d2e-bdce-006354901f05@group-DC85D5CB8376: changes role from  FOLLOWER to CANDIDATE at term 0 for changeToCandidate
2019-10-02 19:54:02,197 [Thread-258] INFO  impl.RoleInfo (RoleInfo.java:updateAndGet(143)) - 8bcf3dda-d4f5-4d2e-bdce-006354901f05: start LeaderElection
2019-10-02 19:54:02,210 [870e6959-60bf-4746-8f27-db206afdcb81@group-171DE53D1D36-SegmentedRaftLogWorker] INFO  segmented.SegmentedRaftLogWorker (SegmentedRaftLogWorker.java:execute(574)) - 870e6959-60bf-4746-8f27-db206afdcb81@group-171DE53D1D36-SegmentedRaftLogWorker: created new log segment /workdir/hadoop-ozone/integration-test/target/test-dir/MiniOzoneClusterImpl-85ec13a9-98bf-43b5-845f-0fdbc936e02f/datanode-3/data/ratis/47f8bcfa-8b00-4141-9d46-171de53d1d36/current/log_inprogress_0
2019-10-02 19:54:02,210 [8bcf3dda-d4f5-4d2e-bdce-006354901f05@group-DC85D5CB8376-LeaderElection7] INFO  impl.LeaderElection (LeaderElection.java:askForVotes(178)) - 8bcf3dda-d4f5-4d2e-bdce-006354901f05@group-DC85D5CB8376-LeaderElection7: begin an election at term 1 for -1: [8bcf3dda-d4f5-4d2e-bdce-006354901f05:192.168.157.242:39482], old=null
2019-10-02 19:54:02,210 [8bcf3dda-d4f5-4d2e-bdce-006354901f05@group-DC85D5CB8376-LeaderElection7] INFO  impl.RoleInfo (RoleInfo.java:shutdownLeaderElection(134)) - 8bcf3dda-d4f5-4d2e-bdce-006354901f05: shutdown LeaderElection
2019-10-02 19:54:02,211 [8bcf3dda-d4f5-4d2e-bdce-006354901f05@group-DC85D5CB8376-LeaderElection7] INFO  impl.RaftServerImpl (RaftServerImpl.java:setRole(170)) - 8bcf3dda-d4f5-4d2e-bdce-006354901f05@group-DC85D5CB8376: changes role from CANDIDATE to LEADER at term 1 for changeToLeader
2019-10-02 19:54:02,211 [8bcf3dda-d4f5-4d2e-bdce-006354901f05@group-DC85D5CB8376-LeaderElection7] INFO  impl.RaftServerImpl (ServerState.java:setLeader(255)) - 8bcf3dda-d4f5-4d2e-bdce-006354901f05@group-DC85D5CB8376: change Leader from null to 8bcf3dda-d4f5-4d2e-bdce-006354901f05 at term 1 for becomeLeader, leader elected after 5140ms
2019-10-02 19:54:02,213 [8bcf3dda-d4f5-4d2e-bdce-006354901f05@group-DC85D5CB8376-LeaderElection7] INFO  server.RaftServerConfigKeys (ConfUtils.java:logGet(43)) - raft.server.staging.catchup.gap = 1000 (default)
2019-10-02 19:54:02,213 [8bcf3dda-d4f5-4d2e-bdce-006354901f05@group-DC85D5CB8376-LeaderElection7] INFO  server.RaftServerConfigKeys (ConfUtils.java:logGet(43)) - raft.server.rpc.sleep.time = 25ms (default)
2019-10-02 19:54:02,214 [8bcf3dda-d4f5-4d2e-bdce-006354901f05@group-DC85D5CB8376-LeaderElection7] INFO  server.RaftServerConfigKeys (ConfUtils.java:logGet(43)) - raft.server.write.element-limit = 4096 (default)
2019-10-02 19:54:02,214 [8bcf3dda-d4f5-4d2e-bdce-006354901f05@group-DC85D5CB8376-LeaderElection7] INFO  server.RaftServerConfigKeys (ConfUtils.java:logGet(43)) - raft.server.watch.timeout = 10s (default)
2019-10-02 19:54:02,214 [8bcf3dda-d4f5-4d2e-bdce-006354901f05@group-DC85D5CB8376-LeaderElection7] INFO  server.RaftServerConfigKeys (ConfUtils.java:logGet(43)) - raft.server.watch.timeout.denomination = 1s (default)
2019-10-02 19:54:02,214 [8bcf3dda-d4f5-4d2e-bdce-006354901f05@group-DC85D5CB8376-LeaderElection7] INFO  server.RaftServerConfigKeys (ConfUtils.java:logGet(43)) - raft.server.watch.element-limit = 65536 (default)
2019-10-02 19:54:02,218 [8bcf3dda-d4f5-4d2e-bdce-006354901f05@group-DC85D5CB8376-LeaderElection7] INFO  impl.RoleInfo (RoleInfo.java:updateAndGet(143)) - 8bcf3dda-d4f5-4d2e-bdce-006354901f05: start LeaderState
2019-10-02 19:54:02,218 [8bcf3dda-d4f5-4d2e-bdce-006354901f05@group-DC85D5CB8376-LeaderElection7] INFO  segmented.SegmentedRaftLogWorker (SegmentedRaftLogWorker.java:startLogSegment(385)) - 8bcf3dda-d4f5-4d2e-bdce-006354901f05@group-DC85D5CB8376-SegmentedRaftLogWorker: Starting segment from index:0
2019-10-02 19:54:02,219 [8bcf3dda-d4f5-4d2e-bdce-006354901f05@group-DC85D5CB8376-LeaderElection7] INFO  impl.RaftServerImpl (ServerState.java:setRaftConf(356)) - 8bcf3dda-d4f5-4d2e-bdce-006354901f05@group-DC85D5CB8376: set configuration 0: [8bcf3dda-d4f5-4d2e-bdce-006354901f05:192.168.157.242:39482], old=null at 0
2019-10-02 19:54:02,273 [Thread-266] INFO  impl.FollowerState (FollowerState.java:run(108)) - ac7d5bff-77d7-49ee-9e03-6669822ee5ed@group-57D71A09135D-FollowerState: change to CANDIDATE, lastRpcTime:5053ms, electionTimeout:5052ms
2019-10-02 19:54:02,273 [Thread-266] INFO  impl.RoleInfo (RoleInfo.java:shutdownFollowerState(121)) - ac7d5bff-77d7-49ee-9e03-6669822ee5ed: shutdown FollowerState
2019-10-02 19:54:02,273 [Thread-266] INFO  impl.RaftServerImpl (RaftServerImpl.java:setRole(170)) - ac7d5bff-77d7-49ee-9e03-6669822ee5ed@group-57D71A09135D: changes role from  FOLLOWER to CANDIDATE at term 0 for changeToCandidate
2019-10-02 19:54:02,273 [Thread-266] INFO  impl.RoleInfo (RoleInfo.java:updateAndGet(143)) - ac7d5bff-77d7-49ee-9e03-6669822ee5ed: start LeaderElection
2019-10-02 19:54:02,282 [8bcf3dda-d4f5-4d2e-bdce-006354901f05@group-DC85D5CB8376-SegmentedRaftLogWorker] INFO  segmented.SegmentedRaftLogWorker (SegmentedRaftLogWorker.java:execute(574)) - 8bcf3dda-d4f5-4d2e-bdce-006354901f05@group-DC85D5CB8376-SegmentedRaftLogWorker: created new log segment /workdir/hadoop-ozone/integration-test/target/test-dir/MiniOzoneClusterImpl-85ec13a9-98bf-43b5-845f-0fdbc936e02f/datanode-2/data/ratis/dcd27e5c-aadc-4474-992b-dc85d5cb8376/current/log_inprogress_0
2019-10-02 19:54:02,284 [ac7d5bff-77d7-49ee-9e03-6669822ee5ed@group-57D71A09135D-LeaderElection8] INFO  impl.LeaderElection (LeaderElection.java:askForVotes(178)) - ac7d5bff-77d7-49ee-9e03-6669822ee5ed@group-57D71A09135D-LeaderElection8: begin an election at term 1 for -1: [ac7d5bff-77d7-49ee-9e03-6669822ee5ed:192.168.157.242:46165, 7bae9e7d-ac17-45dd-9802-adba67965dd5:192.168.157.242:35060, e739d841-c2f3-4ce3-9261-25610f56f3cd:192.168.157.242:41392], old=null
2019-10-02 19:54:02,301 [Thread-264] INFO  impl.FollowerState (FollowerState.java:run(108)) - e739d841-c2f3-4ce3-9261-25610f56f3cd@group-57D71A09135D-FollowerState: change to CANDIDATE, lastRpcTime:5088ms, electionTimeout:5087ms
2019-10-02 19:54:02,301 [Thread-264] INFO  impl.RoleInfo (RoleInfo.java:shutdownFollowerState(121)) - e739d841-c2f3-4ce3-9261-25610f56f3cd: shutdown FollowerState
2019-10-02 19:54:02,301 [Thread-264] INFO  impl.RaftServerImpl (RaftServerImpl.java:setRole(170)) - e739d841-c2f3-4ce3-9261-25610f56f3cd@group-57D71A09135D: changes role from  FOLLOWER to CANDIDATE at term 0 for changeToCandidate
2019-10-02 19:54:02,304 [Thread-264] INFO  impl.RoleInfo (RoleInfo.java:updateAndGet(143)) - e739d841-c2f3-4ce3-9261-25610f56f3cd: start LeaderElection
2019-10-02 19:54:02,330 [grpc-default-executor-2] INFO  impl.RaftServerImpl (RaftServerImpl.java:setRole(170)) - 7bae9e7d-ac17-45dd-9802-adba67965dd5@group-57D71A09135D: changes role from  FOLLOWER to FOLLOWER at term 1 for recognizeCandidate:ac7d5bff-77d7-49ee-9e03-6669822ee5ed
2019-10-02 19:54:02,330 [grpc-default-executor-2] INFO  impl.RoleInfo (RoleInfo.java:shutdownFollowerState(121)) - 7bae9e7d-ac17-45dd-9802-adba67965dd5: shutdown FollowerState
2019-10-02 19:54:02,330 [grpc-default-executor-2] INFO  impl.RoleInfo (RoleInfo.java:updateAndGet(143)) - 7bae9e7d-ac17-45dd-9802-adba67965dd5: start FollowerState
2019-10-02 19:54:02,330 [Thread-265] INFO  impl.FollowerState (FollowerState.java:run(117)) - 7bae9e7d-ac17-45dd-9802-adba67965dd5@group-57D71A09135D-FollowerState was interrupted: java.lang.InterruptedException: sleep interrupted
2019-10-02 19:54:02,334 [e739d841-c2f3-4ce3-9261-25610f56f3cd@group-57D71A09135D-LeaderElection9] INFO  impl.LeaderElection (LeaderElection.java:askForVotes(178)) - e739d841-c2f3-4ce3-9261-25610f56f3cd@group-57D71A09135D-LeaderElection9: begin an election at term 1 for -1: [ac7d5bff-77d7-49ee-9e03-6669822ee5ed:192.168.157.242:46165, 7bae9e7d-ac17-45dd-9802-adba67965dd5:192.168.157.242:35060, e739d841-c2f3-4ce3-9261-25610f56f3cd:192.168.157.242:41392], old=null
2019-10-02 19:54:02,371 [ac7d5bff-77d7-49ee-9e03-6669822ee5ed@group-57D71A09135D-LeaderElection8] INFO  impl.LeaderElection (LeaderElection.java:logAndReturn(56)) - ac7d5bff-77d7-49ee-9e03-6669822ee5ed@group-57D71A09135D-LeaderElection8: Election PASSED; received 2 response(s) [ac7d5bff-77d7-49ee-9e03-6669822ee5ed<-7bae9e7d-ac17-45dd-9802-adba67965dd5#0:OK-t1, ac7d5bff-77d7-49ee-9e03-6669822ee5ed<-e739d841-c2f3-4ce3-9261-25610f56f3cd#0:FAIL-t1] and 0 exception(s); ac7d5bff-77d7-49ee-9e03-6669822ee5ed@group-57D71A09135D:t1, leader=null, voted=ac7d5bff-77d7-49ee-9e03-6669822ee5ed, raftlog=ac7d5bff-77d7-49ee-9e03-6669822ee5ed@group-57D71A09135D-SegmentedRaftLog:OPENED:c-1,f-1,i0, conf=-1: [ac7d5bff-77d7-49ee-9e03-6669822ee5ed:192.168.157.242:46165, 7bae9e7d-ac17-45dd-9802-adba67965dd5:192.168.157.242:35060, e739d841-c2f3-4ce3-9261-25610f56f3cd:192.168.157.242:41392], old=null
2019-10-02 19:54:02,372 [ac7d5bff-77d7-49ee-9e03-6669822ee5ed@group-57D71A09135D-LeaderElection8] INFO  impl.RoleInfo (RoleInfo.java:shutdownLeaderElection(134)) - ac7d5bff-77d7-49ee-9e03-6669822ee5ed: shutdown LeaderElection
2019-10-02 19:54:02,372 [ac7d5bff-77d7-49ee-9e03-6669822ee5ed@group-57D71A09135D-LeaderElection8] INFO  impl.RaftServerImpl (RaftServerImpl.java:setRole(170)) - ac7d5bff-77d7-49ee-9e03-6669822ee5ed@group-57D71A09135D: changes role from CANDIDATE to LEADER at term 1 for changeToLeader
2019-10-02 19:54:02,375 [ac7d5bff-77d7-49ee-9e03-6669822ee5ed@group-57D71A09135D-LeaderElection8] INFO  impl.RaftServerImpl (ServerState.java:setLeader(255)) - ac7d5bff-77d7-49ee-9e03-6669822ee5ed@group-57D71A09135D: change Leader from null to ac7d5bff-77d7-49ee-9e03-6669822ee5ed at term 1 for becomeLeader, leader elected after 5174ms
2019-10-02 19:54:02,377 [ac7d5bff-77d7-49ee-9e03-6669822ee5ed@group-57D71A09135D-LeaderElection8] INFO  server.RaftServerConfigKeys (ConfUtils.java:logGet(43)) - raft.server.staging.catchup.gap = 1000 (default)
2019-10-02 19:54:02,377 [ac7d5bff-77d7-49ee-9e03-6669822ee5ed@group-57D71A09135D-LeaderElection8] INFO  server.RaftServerConfigKeys (ConfUtils.java:logGet(43)) - raft.server.rpc.sleep.time = 25ms (default)
2019-10-02 19:54:02,377 [ac7d5bff-77d7-49ee-9e03-6669822ee5ed@group-57D71A09135D-LeaderElection8] INFO  server.RaftServerConfigKeys (ConfUtils.java:logGet(43)) - raft.server.write.element-limit = 4096 (default)
2019-10-02 19:54:02,378 [ac7d5bff-77d7-49ee-9e03-6669822ee5ed@group-57D71A09135D-LeaderElection8] INFO  server.RaftServerConfigKeys (ConfUtils.java:logGet(43)) - raft.server.watch.timeout = 10s (default)
2019-10-02 19:54:02,378 [ac7d5bff-77d7-49ee-9e03-6669822ee5ed@group-57D71A09135D-LeaderElection8] INFO  server.RaftServerConfigKeys (ConfUtils.java:logGet(43)) - raft.server.watch.timeout.denomination = 1s (default)
2019-10-02 19:54:02,378 [ac7d5bff-77d7-49ee-9e03-6669822ee5ed@group-57D71A09135D-LeaderElection8] INFO  server.RaftServerConfigKeys (ConfUtils.java:logGet(43)) - raft.server.watch.element-limit = 65536 (default)
2019-10-02 19:54:02,391 [ac7d5bff-77d7-49ee-9e03-6669822ee5ed@group-57D71A09135D-LeaderElection8] INFO  server.RaftServerConfigKeys (ConfUtils.java:logGet(43)) - raft.server.log.appender.snapshot.chunk.size.max = 16MB (=16777216) (default)
2019-10-02 19:54:02,391 [ac7d5bff-77d7-49ee-9e03-6669822ee5ed@group-57D71A09135D-LeaderElection8] INFO  server.RaftServerConfigKeys (ConfUtils.java:logGet(43)) - raft.server.log.appender.buffer.byte-limit = 33554432 (custom)
2019-10-02 19:54:02,392 [ac7d5bff-77d7-49ee-9e03-6669822ee5ed@group-57D71A09135D-LeaderElection8] INFO  server.RaftServerConfigKeys (ConfUtils.java:logGet(43)) - raft.server.log.appender.buffer.element-limit = 1 (custom)
2019-10-02 19:54:02,394 [Thread-275] INFO  impl.FollowerState (FollowerState.java:run(108)) - 870e6959-60bf-4746-8f27-db206afdcb81@group-DAE8E919A5AB-FollowerState: change to CANDIDATE, lastRpcTime:5031ms, electionTimeout:5031ms
2019-10-02 19:54:02,396 [Thread-275] INFO  impl.RoleInfo (RoleInfo.java:shutdownFollowerState(121)) - 870e6959-60bf-4746-8f27-db206afdcb81: shutdown FollowerState
2019-10-02 19:54:02,396 [Thread-275] INFO  impl.RaftServerImpl (RaftServerImpl.java:setRole(170)) - 870e6959-60bf-4746-8f27-db206afdcb81@group-DAE8E919A5AB: changes role from  FOLLOWER to CANDIDATE at term 0 for changeToCandidate
2019-10-02 19:54:02,396 [Thread-275] INFO  impl.RoleInfo (RoleInfo.java:updateAndGet(143)) - 870e6959-60bf-4746-8f27-db206afdcb81: start LeaderElection
2019-10-02 19:54:02,400 [ac7d5bff-77d7-49ee-9e03-6669822ee5ed@group-57D71A09135D-LeaderElection8] INFO  grpc.GrpcConfigKeys$Server (ConfUtils.java:logGet(43)) - raft.grpc.server.leader.outstanding.appends.max = 128 (default)
2019-10-02 19:54:02,400 [ac7d5bff-77d7-49ee-9e03-6669822ee5ed@group-57D71A09135D-LeaderElection8] INFO  server.RaftServerConfigKeys (ConfUtils.java:logGet(43)) - raft.server.rpc.request.timeout = 3000ms (default)
2019-10-02 19:54:02,400 [ac7d5bff-77d7-49ee-9e03-6669822ee5ed@group-57D71A09135D-LeaderElection8] INFO  server.RaftServerConfigKeys (ConfUtils.java:logGet(43)) - raft.server.log.appender.install.snapshot.enabled = false (custom)
2019-10-02 19:54:02,402 [ac7d5bff-77d7-49ee-9e03-6669822ee5ed@group-57D71A09135D-LeaderElection8] INFO  server.RaftServerConfigKeys (ConfUtils.java:logGet(43)) - raft.server.log.appender.snapshot.chunk.size.max = 16MB (=16777216) (default)
2019-10-02 19:54:02,402 [ac7d5bff-77d7-49ee-9e03-6669822ee5ed@group-57D71A09135D-LeaderElection8] INFO  server.RaftServerConfigKeys (ConfUtils.java:logGet(43)) - raft.server.log.appender.buffer.byte-limit = 33554432 (custom)
2019-10-02 19:54:02,402 [ac7d5bff-77d7-49ee-9e03-6669822ee5ed@group-57D71A09135D-LeaderElection8] INFO  server.RaftServerConfigKeys (ConfUtils.java:logGet(43)) - raft.server.log.appender.buffer.element-limit = 1 (custom)
2019-10-02 19:54:02,402 [ac7d5bff-77d7-49ee-9e03-6669822ee5ed@group-57D71A09135D-LeaderElection8] INFO  grpc.GrpcConfigKeys$Server (ConfUtils.java:logGet(43)) - raft.grpc.server.leader.outstanding.appends.max = 128 (default)
2019-10-02 19:54:02,403 [ac7d5bff-77d7-49ee-9e03-6669822ee5ed@group-57D71A09135D-LeaderElection8] INFO  server.RaftServerConfigKeys (ConfUtils.java:logGet(43)) - raft.server.rpc.request.timeout = 3000ms (default)
2019-10-02 19:54:02,403 [ac7d5bff-77d7-49ee-9e03-6669822ee5ed@group-57D71A09135D-LeaderElection8] INFO  server.RaftServerConfigKeys (ConfUtils.java:logGet(43)) - raft.server.log.appender.install.snapshot.enabled = false (custom)
2019-10-02 19:54:02,404 [ac7d5bff-77d7-49ee-9e03-6669822ee5ed@group-57D71A09135D-LeaderElection8] INFO  impl.RoleInfo (RoleInfo.java:updateAndGet(143)) - ac7d5bff-77d7-49ee-9e03-6669822ee5ed: start LeaderState
2019-10-02 19:54:02,405 [ac7d5bff-77d7-49ee-9e03-6669822ee5ed@group-57D71A09135D-LeaderElection8] INFO  segmented.SegmentedRaftLogWorker (SegmentedRaftLogWorker.java:startLogSegment(385)) - ac7d5bff-77d7-49ee-9e03-6669822ee5ed@group-57D71A09135D-SegmentedRaftLogWorker: Starting segment from index:0
2019-10-02 19:54:02,406 [ac7d5bff-77d7-49ee-9e03-6669822ee5ed@group-57D71A09135D-LeaderElection8] INFO  impl.RaftServerImpl (ServerState.java:setRaftConf(356)) - ac7d5bff-77d7-49ee-9e03-6669822ee5ed@group-57D71A09135D: set configuration 0: [ac7d5bff-77d7-49ee-9e03-6669822ee5ed:192.168.157.242:46165, 7bae9e7d-ac17-45dd-9802-adba67965dd5:192.168.157.242:35060, e739d841-c2f3-4ce3-9261-25610f56f3cd:192.168.157.242:41392], old=null at 0
2019-10-02 19:54:02,441 [grpc-default-executor-0] INFO  impl.RaftServerImpl (RaftServerImpl.java:requestVote(754)) - ac7d5bff-77d7-49ee-9e03-6669822ee5ed@group-57D71A09135D-   LEADER: Withhold vote from candidate e739d841-c2f3-4ce3-9261-25610f56f3cd with term 1. State: leader=ac7d5bff-77d7-49ee-9e03-6669822ee5ed, term=1, lastRpcElapsed=null
2019-10-02 19:54:02,441 [870e6959-60bf-4746-8f27-db206afdcb81@group-DAE8E919A5AB-LeaderElection10] INFO  impl.LeaderElection (LeaderElection.java:askForVotes(178)) - 870e6959-60bf-4746-8f27-db206afdcb81@group-DAE8E919A5AB-LeaderElection10: begin an election at term 1 for -1: [a0833d57-9356-442d-affc-7baee9cfa057:192.168.157.242:44398, 8bcf3dda-d4f5-4d2e-bdce-006354901f05:192.168.157.242:39482, 870e6959-60bf-4746-8f27-db206afdcb81:192.168.157.242:44600], old=null
2019-10-02 19:54:02,451 [e739d841-c2f3-4ce3-9261-25610f56f3cd@group-57D71A09135D-LeaderElection9] INFO  impl.LeaderElection (LeaderElection.java:logAndReturn(56)) - e739d841-c2f3-4ce3-9261-25610f56f3cd@group-57D71A09135D-LeaderElection9: Election REJECTED; received 2 response(s) [e739d841-c2f3-4ce3-9261-25610f56f3cd<-ac7d5bff-77d7-49ee-9e03-6669822ee5ed#0:FAIL-t1, e739d841-c2f3-4ce3-9261-25610f56f3cd<-7bae9e7d-ac17-45dd-9802-adba67965dd5#0:FAIL-t1] and 0 exception(s); e739d841-c2f3-4ce3-9261-25610f56f3cd@group-57D71A09135D:t1, leader=null, voted=e739d841-c2f3-4ce3-9261-25610f56f3cd, raftlog=e739d841-c2f3-4ce3-9261-25610f56f3cd@group-57D71A09135D-SegmentedRaftLog:OPENED:c-1,f-1,i0, conf=-1: [ac7d5bff-77d7-49ee-9e03-6669822ee5ed:192.168.157.242:46165, 7bae9e7d-ac17-45dd-9802-adba67965dd5:192.168.157.242:35060, e739d841-c2f3-4ce3-9261-25610f56f3cd:192.168.157.242:41392], old=null
2019-10-02 19:54:02,452 [e739d841-c2f3-4ce3-9261-25610f56f3cd@group-57D71A09135D-LeaderElection9] INFO  impl.RaftServerImpl (RaftServerImpl.java:setRole(170)) - e739d841-c2f3-4ce3-9261-25610f56f3cd@group-57D71A09135D: changes role from CANDIDATE to FOLLOWER at term 1 for DISCOVERED_A_NEW_TERM
2019-10-02 19:54:02,456 [e739d841-c2f3-4ce3-9261-25610f56f3cd@group-57D71A09135D-LeaderElection9] INFO  impl.RoleInfo (RoleInfo.java:shutdownLeaderElection(134)) - e739d841-c2f3-4ce3-9261-25610f56f3cd: shutdown LeaderElection
2019-10-02 19:54:02,456 [Thread-273] INFO  impl.FollowerState (FollowerState.java:run(108)) - a0833d57-9356-442d-affc-7baee9cfa057@group-DAE8E919A5AB-FollowerState: change to CANDIDATE, lastRpcTime:5096ms, electionTimeout:5092ms
2019-10-02 19:54:02,458 [e739d841-c2f3-4ce3-9261-25610f56f3cd@group-57D71A09135D-LeaderElection9] INFO  impl.RoleInfo (RoleInfo.java:updateAndGet(143)) - e739d841-c2f3-4ce3-9261-25610f56f3cd: start FollowerState
2019-10-02 19:54:02,458 [Thread-273] INFO  impl.RoleInfo (RoleInfo.java:shutdownFollowerState(121)) - a0833d57-9356-442d-affc-7baee9cfa057: shutdown FollowerState
2019-10-02 19:54:02,459 [Thread-273] INFO  impl.RaftServerImpl (RaftServerImpl.java:setRole(170)) - a0833d57-9356-442d-affc-7baee9cfa057@group-DAE8E919A5AB: changes role from  FOLLOWER to CANDIDATE at term 0 for changeToCandidate
2019-10-02 19:54:02,461 [Thread-273] INFO  impl.RoleInfo (RoleInfo.java:updateAndGet(143)) - a0833d57-9356-442d-affc-7baee9cfa057: start LeaderElection
2019-10-02 19:54:02,463 [ac7d5bff-77d7-49ee-9e03-6669822ee5ed@group-57D71A09135D-SegmentedRaftLogWorker] INFO  segmented.SegmentedRaftLogWorker (SegmentedRaftLogWorker.java:execute(574)) - ac7d5bff-77d7-49ee-9e03-6669822ee5ed@group-57D71A09135D-SegmentedRaftLogWorker: created new log segment /workdir/hadoop-ozone/integration-test/target/test-dir/MiniOzoneClusterImpl-85ec13a9-98bf-43b5-845f-0fdbc936e02f/datanode-6/data/ratis/5a8a7682-e620-4716-b28a-57d71a09135d/current/log_inprogress_0
2019-10-02 19:54:02,475 [grpc-default-executor-1] INFO  impl.RaftServerImpl (RaftServerImpl.java:setRole(170)) - 8bcf3dda-d4f5-4d2e-bdce-006354901f05@group-DAE8E919A5AB: changes role from  FOLLOWER to FOLLOWER at term 1 for recognizeCandidate:870e6959-60bf-4746-8f27-db206afdcb81
2019-10-02 19:54:02,475 [grpc-default-executor-1] INFO  impl.RoleInfo (RoleInfo.java:shutdownFollowerState(121)) - 8bcf3dda-d4f5-4d2e-bdce-006354901f05: shutdown FollowerState
2019-10-02 19:54:02,475 [grpc-default-executor-1] INFO  impl.RoleInfo (RoleInfo.java:updateAndGet(143)) - 8bcf3dda-d4f5-4d2e-bdce-006354901f05: start FollowerState
2019-10-02 19:54:02,475 [Thread-274] INFO  impl.FollowerState (FollowerState.java:run(117)) - 8bcf3dda-d4f5-4d2e-bdce-006354901f05@group-DAE8E919A5AB-FollowerState was interrupted: java.lang.InterruptedException: sleep interrupted
2019-10-02 19:54:02,479 [a0833d57-9356-442d-affc-7baee9cfa057@group-DAE8E919A5AB-LeaderElection11] INFO  impl.LeaderElection (LeaderElection.java:askForVotes(178)) - a0833d57-9356-442d-affc-7baee9cfa057@group-DAE8E919A5AB-LeaderElection11: begin an election at term 1 for -1: [a0833d57-9356-442d-affc-7baee9cfa057:192.168.157.242:44398, 8bcf3dda-d4f5-4d2e-bdce-006354901f05:192.168.157.242:39482, 870e6959-60bf-4746-8f27-db206afdcb81:192.168.157.242:44600], old=null
2019-10-02 19:54:02,494 [grpc-default-executor-0] INFO  impl.RaftServerImpl (ServerState.java:setLeader(255)) - e739d841-c2f3-4ce3-9261-25610f56f3cd@group-57D71A09135D: change Leader from null to ac7d5bff-77d7-49ee-9e03-6669822ee5ed at term 1 for appendEntries, leader elected after 5293ms
2019-10-02 19:54:02,496 [grpc-default-executor-2] INFO  impl.RaftServerImpl (ServerState.java:setLeader(255)) - 7bae9e7d-ac17-45dd-9802-adba67965dd5@group-57D71A09135D: change Leader from null to ac7d5bff-77d7-49ee-9e03-6669822ee5ed at term 1 for appendEntries, leader elected after 5293ms
2019-10-02 19:54:02,496 [870e6959-60bf-4746-8f27-db206afdcb81@group-DAE8E919A5AB-LeaderElection10] INFO  impl.LeaderElection (LeaderElection.java:logAndReturn(56)) - 870e6959-60bf-4746-8f27-db206afdcb81@group-DAE8E919A5AB-LeaderElection10: Election PASSED; received 1 response(s) [870e6959-60bf-4746-8f27-db206afdcb81<-8bcf3dda-d4f5-4d2e-bdce-006354901f05#0:OK-t1] and 0 exception(s); 870e6959-60bf-4746-8f27-db206afdcb81@group-DAE8E919A5AB:t1, leader=null, voted=870e6959-60bf-4746-8f27-db206afdcb81, raftlog=870e6959-60bf-4746-8f27-db206afdcb81@group-DAE8E919A5AB-SegmentedRaftLog:OPENED:c-1,f-1,i0, conf=-1: [a0833d57-9356-442d-affc-7baee9cfa057:192.168.157.242:44398, 8bcf3dda-d4f5-4d2e-bdce-006354901f05:192.168.157.242:39482, 870e6959-60bf-4746-8f27-db206afdcb81:192.168.157.242:44600], old=null
2019-10-02 19:54:02,496 [870e6959-60bf-4746-8f27-db206afdcb81@group-DAE8E919A5AB-LeaderElection10] INFO  impl.RoleInfo (RoleInfo.java:shutdownLeaderElection(134)) - 870e6959-60bf-4746-8f27-db206afdcb81: shutdown LeaderElection
2019-10-02 19:54:02,501 [870e6959-60bf-4746-8f27-db206afdcb81@group-DAE8E919A5AB-LeaderElection10] INFO  impl.RaftServerImpl (RaftServerImpl.java:setRole(170)) - 870e6959-60bf-4746-8f27-db206afdcb81@group-DAE8E919A5AB: changes role from CANDIDATE to LEADER at term 1 for changeToLeader
2019-10-02 19:54:02,501 [870e6959-60bf-4746-8f27-db206afdcb81@group-DAE8E919A5AB-LeaderElection10] INFO  impl.RaftServerImpl (ServerState.java:setLeader(255)) - 870e6959-60bf-4746-8f27-db206afdcb81@group-DAE8E919A5AB: change Leader from null to 870e6959-60bf-4746-8f27-db206afdcb81 at term 1 for becomeLeader, leader elected after 5154ms
2019-10-02 19:54:02,501 [870e6959-60bf-4746-8f27-db206afdcb81@group-DAE8E919A5AB-LeaderElection10] INFO  server.RaftServerConfigKeys (ConfUtils.java:logGet(43)) - raft.server.staging.catchup.gap = 1000 (default)
2019-10-02 19:54:02,501 [870e6959-60bf-4746-8f27-db206afdcb81@group-DAE8E919A5AB-LeaderElection10] INFO  server.RaftServerConfigKeys (ConfUtils.java:logGet(43)) - raft.server.rpc.sleep.time = 25ms (default)
2019-10-02 19:54:02,502 [870e6959-60bf-4746-8f27-db206afdcb81@group-DAE8E919A5AB-LeaderElection10] INFO  server.RaftServerConfigKeys (ConfUtils.java:logGet(43)) - raft.server.write.element-limit = 4096 (default)
2019-10-02 19:54:02,502 [870e6959-60bf-4746-8f27-db206afdcb81@group-DAE8E919A5AB-LeaderElection10] INFO  server.RaftServerConfigKeys (ConfUtils.java:logGet(43)) - raft.server.watch.timeout = 10s (default)
2019-10-02 19:54:02,502 [870e6959-60bf-4746-8f27-db206afdcb81@group-DAE8E919A5AB-LeaderElection10] INFO  server.RaftServerConfigKeys (ConfUtils.java:logGet(43)) - raft.server.watch.timeout.denomination = 1s (default)
2019-10-02 19:54:02,502 [870e6959-60bf-4746-8f27-db206afdcb81@group-DAE8E919A5AB-LeaderElection10] INFO  server.RaftServerConfigKeys (ConfUtils.java:logGet(43)) - raft.server.watch.element-limit = 65536 (default)
2019-10-02 19:54:02,521 [870e6959-60bf-4746-8f27-db206afdcb81@group-DAE8E919A5AB-LeaderElection10] INFO  server.RaftServerConfigKeys (ConfUtils.java:logGet(43)) - raft.server.log.appender.snapshot.chunk.size.max = 16MB (=16777216) (default)
2019-10-02 19:54:02,522 [870e6959-60bf-4746-8f27-db206afdcb81@group-DAE8E919A5AB-LeaderElection10] INFO  server.RaftServerConfigKeys (ConfUtils.java:logGet(43)) - raft.server.log.appender.buffer.byte-limit = 33554432 (custom)
2019-10-02 19:54:02,522 [870e6959-60bf-4746-8f27-db206afdcb81@group-DAE8E919A5AB-LeaderElection10] INFO  server.RaftServerConfigKeys (ConfUtils.java:logGet(43)) - raft.server.log.appender.buffer.element-limit = 1 (custom)
2019-10-02 19:54:02,522 [870e6959-60bf-4746-8f27-db206afdcb81@group-DAE8E919A5AB-LeaderElection10] INFO  grpc.GrpcConfigKeys$Server (ConfUtils.java:logGet(43)) - raft.grpc.server.leader.outstanding.appends.max = 128 (default)
2019-10-02 19:54:02,524 [870e6959-60bf-4746-8f27-db206afdcb81@group-DAE8E919A5AB-LeaderElection10] INFO  server.RaftServerConfigKeys (ConfUtils.java:logGet(43)) - raft.server.rpc.request.timeout = 3000ms (default)
2019-10-02 19:54:02,525 [870e6959-60bf-4746-8f27-db206afdcb81@group-DAE8E919A5AB-LeaderElection10] INFO  server.RaftServerConfigKeys (ConfUtils.java:logGet(43)) - raft.server.log.appender.install.snapshot.enabled = false (custom)
2019-10-02 19:54:02,525 [870e6959-60bf-4746-8f27-db206afdcb81@group-DAE8E919A5AB-LeaderElection10] INFO  server.RaftServerConfigKeys (ConfUtils.java:logGet(43)) - raft.server.log.appender.snapshot.chunk.size.max = 16MB (=16777216) (default)
2019-10-02 19:54:02,525 [870e6959-60bf-4746-8f27-db206afdcb81@group-DAE8E919A5AB-LeaderElection10] INFO  server.RaftServerConfigKeys (ConfUtils.java:logGet(43)) - raft.server.log.appender.buffer.byte-limit = 33554432 (custom)
2019-10-02 19:54:02,525 [870e6959-60bf-4746-8f27-db206afdcb81@group-DAE8E919A5AB-LeaderElection10] INFO  server.RaftServerConfigKeys (ConfUtils.java:logGet(43)) - raft.server.log.appender.buffer.element-limit = 1 (custom)
2019-10-02 19:54:02,526 [870e6959-60bf-4746-8f27-db206afdcb81@group-DAE8E919A5AB-LeaderElection10] INFO  grpc.GrpcConfigKeys$Server (ConfUtils.java:logGet(43)) - raft.grpc.server.leader.outstanding.appends.max = 128 (default)
2019-10-02 19:54:02,526 [870e6959-60bf-4746-8f27-db206afdcb81@group-DAE8E919A5AB-LeaderElection10] INFO  server.RaftServerConfigKeys (ConfUtils.java:logGet(43)) - raft.server.rpc.request.timeout = 3000ms (default)
2019-10-02 19:54:02,526 [870e6959-60bf-4746-8f27-db206afdcb81@group-DAE8E919A5AB-LeaderElection10] INFO  server.RaftServerConfigKeys (ConfUtils.java:logGet(43)) - raft.server.log.appender.install.snapshot.enabled = false (custom)
2019-10-02 19:54:02,527 [870e6959-60bf-4746-8f27-db206afdcb81@group-DAE8E919A5AB-LeaderElection10] INFO  impl.RoleInfo (RoleInfo.java:updateAndGet(143)) - 870e6959-60bf-4746-8f27-db206afdcb81: start LeaderState
2019-10-02 19:54:02,527 [870e6959-60bf-4746-8f27-db206afdcb81@group-DAE8E919A5AB-LeaderElection10] INFO  segmented.SegmentedRaftLogWorker (SegmentedRaftLogWorker.java:startLogSegment(385)) - 870e6959-60bf-4746-8f27-db206afdcb81@group-DAE8E919A5AB-SegmentedRaftLogWorker: Starting segment from index:0
2019-10-02 19:54:02,528 [870e6959-60bf-4746-8f27-db206afdcb81@group-DAE8E919A5AB-LeaderElection10] INFO  impl.RaftServerImpl (ServerState.java:setRaftConf(356)) - 870e6959-60bf-4746-8f27-db206afdcb81@group-DAE8E919A5AB: set configuration 0: [a0833d57-9356-442d-affc-7baee9cfa057:192.168.157.242:44398, 8bcf3dda-d4f5-4d2e-bdce-006354901f05:192.168.157.242:39482, 870e6959-60bf-4746-8f27-db206afdcb81:192.168.157.242:44600], old=null at 0
2019-10-02 19:54:02,562 [grpc-default-executor-1] INFO  impl.RaftServerImpl (RaftServerImpl.java:requestVote(754)) - 870e6959-60bf-4746-8f27-db206afdcb81@group-DAE8E919A5AB-   LEADER: Withhold vote from candidate a0833d57-9356-442d-affc-7baee9cfa057 with term 1. State: leader=870e6959-60bf-4746-8f27-db206afdcb81, term=1, lastRpcElapsed=null
2019-10-02 19:54:02,571 [grpc-default-executor-1] INFO  impl.RaftServerImpl (RaftServerImpl.java:setRole(170)) - a0833d57-9356-442d-affc-7baee9cfa057@group-DAE8E919A5AB: changes role from CANDIDATE to FOLLOWER at term 1 for appendEntries
2019-10-02 19:54:02,576 [grpc-default-executor-3] INFO  impl.RaftServerImpl (ServerState.java:setLeader(255)) - 8bcf3dda-d4f5-4d2e-bdce-006354901f05@group-DAE8E919A5AB: change Leader from null to 870e6959-60bf-4746-8f27-db206afdcb81 at term 1 for appendEntries, leader elected after 5229ms
2019-10-02 19:54:02,576 [grpc-default-executor-1] INFO  impl.RoleInfo (RoleInfo.java:shutdownLeaderElection(134)) - a0833d57-9356-442d-affc-7baee9cfa057: shutdown LeaderElection
2019-10-02 19:54:02,576 [a0833d57-9356-442d-affc-7baee9cfa057@group-DAE8E919A5AB-LeaderElection11] INFO  impl.LeaderElection (LeaderElection.java:logAndReturn(56)) - a0833d57-9356-442d-affc-7baee9cfa057@group-DAE8E919A5AB-LeaderElection11: Election REJECTED; received 2 response(s) [a0833d57-9356-442d-affc-7baee9cfa057<-8bcf3dda-d4f5-4d2e-bdce-006354901f05#0:FAIL-t1, a0833d57-9356-442d-affc-7baee9cfa057<-870e6959-60bf-4746-8f27-db206afdcb81#0:FAIL-t1] and 0 exception(s); a0833d57-9356-442d-affc-7baee9cfa057@group-DAE8E919A5AB:t1, leader=null, voted=a0833d57-9356-442d-affc-7baee9cfa057, raftlog=a0833d57-9356-442d-affc-7baee9cfa057@group-DAE8E919A5AB-SegmentedRaftLog:OPENED:c-1,f-1,i0, conf=-1: [a0833d57-9356-442d-affc-7baee9cfa057:192.168.157.242:44398, 8bcf3dda-d4f5-4d2e-bdce-006354901f05:192.168.157.242:39482, 870e6959-60bf-4746-8f27-db206afdcb81:192.168.157.242:44600], old=null
2019-10-02 19:54:02,576 [870e6959-60bf-4746-8f27-db206afdcb81@group-DAE8E919A5AB-SegmentedRaftLogWorker] INFO  segmented.SegmentedRaftLogWorker (SegmentedRaftLogWorker.java:execute(574)) - 870e6959-60bf-4746-8f27-db206afdcb81@group-DAE8E919A5AB-SegmentedRaftLogWorker: created new log segment /workdir/hadoop-ozone/integration-test/target/test-dir/MiniOzoneClusterImpl-85ec13a9-98bf-43b5-845f-0fdbc936e02f/datanode-3/data/ratis/c870daf0-b8e6-4437-ab5e-dae8e919a5ab/current/log_inprogress_0
2019-10-02 19:54:02,577 [grpc-default-executor-1] INFO  impl.RoleInfo (RoleInfo.java:updateAndGet(143)) - a0833d57-9356-442d-affc-7baee9cfa057: start FollowerState
2019-10-02 19:54:02,579 [grpc-default-executor-1] INFO  impl.RaftServerImpl (ServerState.java:setLeader(255)) - a0833d57-9356-442d-affc-7baee9cfa057@group-DAE8E919A5AB: change Leader from null to 870e6959-60bf-4746-8f27-db206afdcb81 at term 1 for appendEntries, leader elected after 5232ms
2019-10-02 19:54:02,588 [grpc-default-executor-1] INFO  impl.RaftServerImpl (ServerState.java:setRaftConf(356)) - 8bcf3dda-d4f5-4d2e-bdce-006354901f05@group-DAE8E919A5AB: set configuration 0: [a0833d57-9356-442d-affc-7baee9cfa057:192.168.157.242:44398, 8bcf3dda-d4f5-4d2e-bdce-006354901f05:192.168.157.242:39482, 870e6959-60bf-4746-8f27-db206afdcb81:192.168.157.242:44600], old=null at 0
2019-10-02 19:54:02,588 [grpc-default-executor-0] INFO  impl.RaftServerImpl (ServerState.java:setRaftConf(356)) - 7bae9e7d-ac17-45dd-9802-adba67965dd5@group-57D71A09135D: set configuration 0: [ac7d5bff-77d7-49ee-9e03-6669822ee5ed:192.168.157.242:46165, 7bae9e7d-ac17-45dd-9802-adba67965dd5:192.168.157.242:35060, e739d841-c2f3-4ce3-9261-25610f56f3cd:192.168.157.242:41392], old=null at 0
2019-10-02 19:54:02,588 [grpc-default-executor-3] INFO  impl.RaftServerImpl (ServerState.java:setRaftConf(356)) - e739d841-c2f3-4ce3-9261-25610f56f3cd@group-57D71A09135D: set configuration 0: [ac7d5bff-77d7-49ee-9e03-6669822ee5ed:192.168.157.242:46165, 7bae9e7d-ac17-45dd-9802-adba67965dd5:192.168.157.242:35060, e739d841-c2f3-4ce3-9261-25610f56f3cd:192.168.157.242:41392], old=null at 0
2019-10-02 19:54:02,588 [grpc-default-executor-1] INFO  segmented.SegmentedRaftLogWorker (SegmentedRaftLogWorker.java:startLogSegment(385)) - 8bcf3dda-d4f5-4d2e-bdce-006354901f05@group-DAE8E919A5AB-SegmentedRaftLogWorker: Starting segment from index:0
2019-10-02 19:54:02,588 [grpc-default-executor-2] INFO  impl.RaftServerImpl (ServerState.java:setRaftConf(356)) - a0833d57-9356-442d-affc-7baee9cfa057@group-DAE8E919A5AB: set configuration 0: [a0833d57-9356-442d-affc-7baee9cfa057:192.168.157.242:44398, 8bcf3dda-d4f5-4d2e-bdce-006354901f05:192.168.157.242:39482, 870e6959-60bf-4746-8f27-db206afdcb81:192.168.157.242:44600], old=null at 0
2019-10-02 19:54:02,588 [grpc-default-executor-3] INFO  segmented.SegmentedRaftLogWorker (SegmentedRaftLogWorker.java:startLogSegment(385)) - e739d841-c2f3-4ce3-9261-25610f56f3cd@group-57D71A09135D-SegmentedRaftLogWorker: Starting segment from index:0
2019-10-02 19:54:02,588 [grpc-default-executor-0] INFO  segmented.SegmentedRaftLogWorker (SegmentedRaftLogWorker.java:startLogSegment(385)) - 7bae9e7d-ac17-45dd-9802-adba67965dd5@group-57D71A09135D-SegmentedRaftLogWorker: Starting segment from index:0
2019-10-02 19:54:02,589 [grpc-default-executor-2] INFO  segmented.SegmentedRaftLogWorker (SegmentedRaftLogWorker.java:startLogSegment(385)) - a0833d57-9356-442d-affc-7baee9cfa057@group-DAE8E919A5AB-SegmentedRaftLogWorker: Starting segment from index:0
2019-10-02 19:54:02,646 [7bae9e7d-ac17-45dd-9802-adba67965dd5@group-57D71A09135D-SegmentedRaftLogWorker] INFO  segmented.SegmentedRaftLogWorker (SegmentedRaftLogWorker.java:execute(574)) - 7bae9e7d-ac17-45dd-9802-adba67965dd5@group-57D71A09135D-SegmentedRaftLogWorker: created new log segment /workdir/hadoop-ozone/integration-test/target/test-dir/MiniOzoneClusterImpl-85ec13a9-98bf-43b5-845f-0fdbc936e02f/datanode-1/data/ratis/5a8a7682-e620-4716-b28a-57d71a09135d/current/log_inprogress_0
2019-10-02 19:54:02,670 [e739d841-c2f3-4ce3-9261-25610f56f3cd@group-57D71A09135D-SegmentedRaftLogWorker] INFO  segmented.SegmentedRaftLogWorker (SegmentedRaftLogWorker.java:execute(574)) - e739d841-c2f3-4ce3-9261-25610f56f3cd@group-57D71A09135D-SegmentedRaftLogWorker: created new log segment /workdir/hadoop-ozone/integration-test/target/test-dir/MiniOzoneClusterImpl-85ec13a9-98bf-43b5-845f-0fdbc936e02f/datanode-5/data/ratis/5a8a7682-e620-4716-b28a-57d71a09135d/current/log_inprogress_0
2019-10-02 19:54:02,670 [a0833d57-9356-442d-affc-7baee9cfa057@group-DAE8E919A5AB-SegmentedRaftLogWorker] INFO  segmented.SegmentedRaftLogWorker (SegmentedRaftLogWorker.java:execute(574)) - a0833d57-9356-442d-affc-7baee9cfa057@group-DAE8E919A5AB-SegmentedRaftLogWorker: created new log segment /workdir/hadoop-ozone/integration-test/target/test-dir/MiniOzoneClusterImpl-85ec13a9-98bf-43b5-845f-0fdbc936e02f/datanode-4/data/ratis/c870daf0-b8e6-4437-ab5e-dae8e919a5ab/current/log_inprogress_0
2019-10-02 19:54:02,670 [8bcf3dda-d4f5-4d2e-bdce-006354901f05@group-DAE8E919A5AB-SegmentedRaftLogWorker] INFO  segmented.SegmentedRaftLogWorker (SegmentedRaftLogWorker.java:execute(574)) - 8bcf3dda-d4f5-4d2e-bdce-006354901f05@group-DAE8E919A5AB-SegmentedRaftLogWorker: created new log segment /workdir/hadoop-ozone/integration-test/target/test-dir/MiniOzoneClusterImpl-85ec13a9-98bf-43b5-845f-0fdbc936e02f/datanode-2/data/ratis/c870daf0-b8e6-4437-ab5e-dae8e919a5ab/current/log_inprogress_0
2019-10-02 19:54:04,603 [main] WARN  scm.XceiverClientRatis (XceiverClientRatis.java:watchForCommit(292)) - 3 way commit failed on pipeline Pipeline[ Id: c870daf0-b8e6-4437-ab5e-dae8e919a5ab, Nodes: 870e6959-60bf-4746-8f27-db206afdcb81{ip: 192.168.157.242, host: pr-hdds-2223-zp5j9-3680597336, networkLocation: /default-rack, certSerialId: null}a0833d57-9356-442d-affc-7baee9cfa057{ip: 192.168.157.242, host: pr-hdds-2223-zp5j9-3680597336, networkLocation: /default-rack, certSerialId: null}8bcf3dda-d4f5-4d2e-bdce-006354901f05{ip: 192.168.157.242, host: pr-hdds-2223-zp5j9-3680597336, networkLocation: /default-rack, certSerialId: null}, Type:RATIS, Factor:THREE, State:OPEN]
java.util.concurrent.TimeoutException
	at java.util.concurrent.CompletableFuture.timedGet(CompletableFuture.java:1771)
	at java.util.concurrent.CompletableFuture.get(CompletableFuture.java:1915)
	at org.apache.hadoop.hdds.scm.XceiverClientRatis.watchForCommit(XceiverClientRatis.java:289)
	at org.apache.hadoop.hdds.scm.storage.CommitWatcher.watchForCommit(CommitWatcher.java:194)
	at org.apache.hadoop.hdds.scm.storage.CommitWatcher.watchOnLastIndex(CommitWatcher.java:157)
	at org.apache.hadoop.hdds.scm.storage.BlockOutputStream.watchForCommit(BlockOutputStream.java:347)
	at org.apache.hadoop.hdds.scm.storage.BlockOutputStream.handleFlush(BlockOutputStream.java:479)
	at org.apache.hadoop.hdds.scm.storage.BlockOutputStream.flush(BlockOutputStream.java:428)
	at org.apache.hadoop.ozone.client.io.BlockOutputStreamEntry.flush(BlockOutputStreamEntry.java:136)
	at org.apache.hadoop.ozone.client.io.KeyOutputStream.handleFlushOrClose(KeyOutputStream.java:443)
	at org.apache.hadoop.ozone.client.io.KeyOutputStream.flush(KeyOutputStream.java:397)
	at org.apache.hadoop.ozone.client.io.OzoneOutputStream.flush(OzoneOutputStream.java:54)
	at org.apache.hadoop.ozone.client.rpc.TestBlockOutputStreamWithFailures.test2DatanodesFailure(TestBlockOutputStreamWithFailures.java:461)
	at sun.reflect.NativeMethodAccessorImpl.invoke0(Native Method)
	at sun.reflect.NativeMethodAccessorImpl.invoke(NativeMethodAccessorImpl.java:62)
	at sun.reflect.DelegatingMethodAccessorImpl.invoke(DelegatingMethodAccessorImpl.java:43)
	at java.lang.reflect.Method.invoke(Method.java:498)
	at org.junit.runners.model.FrameworkMethod$1.runReflectiveCall(FrameworkMethod.java:47)
	at org.junit.internal.runners.model.ReflectiveCallable.run(ReflectiveCallable.java:12)
	at org.junit.runners.model.FrameworkMethod.invokeExplosively(FrameworkMethod.java:44)
	at org.junit.internal.runners.statements.InvokeMethod.evaluate(InvokeMethod.java:17)
	at org.junit.internal.runners.statements.RunBefores.evaluate(RunBefores.java:26)
	at org.junit.internal.runners.statements.RunAfters.evaluate(RunAfters.java:27)
	at org.junit.runners.ParentRunner.runLeaf(ParentRunner.java:271)
	at org.junit.runners.BlockJUnit4ClassRunner.runChild(BlockJUnit4ClassRunner.java:70)
	at org.junit.runners.BlockJUnit4ClassRunner.runChild(BlockJUnit4ClassRunner.java:50)
	at org.junit.runners.ParentRunner$3.run(ParentRunner.java:238)
	at org.junit.runners.ParentRunner$1.schedule(ParentRunner.java:63)
	at org.junit.runners.ParentRunner.runChildren(ParentRunner.java:236)
	at org.junit.runners.ParentRunner.access$000(ParentRunner.java:53)
	at org.junit.runners.ParentRunner$2.evaluate(ParentRunner.java:229)
	at org.junit.runners.ParentRunner.run(ParentRunner.java:309)
	at org.apache.maven.surefire.junit4.JUnit4Provider.execute(JUnit4Provider.java:365)
	at org.apache.maven.surefire.junit4.JUnit4Provider.executeWithRerun(JUnit4Provider.java:273)
	at org.apache.maven.surefire.junit4.JUnit4Provider.executeTestSet(JUnit4Provider.java:238)
	at org.apache.maven.surefire.junit4.JUnit4Provider.invoke(JUnit4Provider.java:159)
	at org.apache.maven.surefire.booter.ForkedBooter.invokeProviderInSameClassLoader(ForkedBooter.java:384)
	at org.apache.maven.surefire.booter.ForkedBooter.runSuitesInProcess(ForkedBooter.java:345)
	at org.apache.maven.surefire.booter.ForkedBooter.execute(ForkedBooter.java:126)
	at org.apache.maven.surefire.booter.ForkedBooter.main(ForkedBooter.java:418)
2019-10-02 19:54:05,607 [main] WARN  storage.CommitWatcher (CommitWatcher.java:watchForCommit(203)) - watchForCommit failed for index 14
java.util.concurrent.TimeoutException
	at java.util.concurrent.CompletableFuture.timedGet(CompletableFuture.java:1771)
	at java.util.concurrent.CompletableFuture.get(CompletableFuture.java:1915)
	at org.apache.hadoop.hdds.scm.XceiverClientRatis.watchForCommit(XceiverClientRatis.java:298)
	at org.apache.hadoop.hdds.scm.storage.CommitWatcher.watchForCommit(CommitWatcher.java:194)
	at org.apache.hadoop.hdds.scm.storage.CommitWatcher.watchOnLastIndex(CommitWatcher.java:157)
	at org.apache.hadoop.hdds.scm.storage.BlockOutputStream.watchForCommit(BlockOutputStream.java:347)
	at org.apache.hadoop.hdds.scm.storage.BlockOutputStream.handleFlush(BlockOutputStream.java:479)
	at org.apache.hadoop.hdds.scm.storage.BlockOutputStream.flush(BlockOutputStream.java:428)
	at org.apache.hadoop.ozone.client.io.BlockOutputStreamEntry.flush(BlockOutputStreamEntry.java:136)
	at org.apache.hadoop.ozone.client.io.KeyOutputStream.handleFlushOrClose(KeyOutputStream.java:443)
	at org.apache.hadoop.ozone.client.io.KeyOutputStream.flush(KeyOutputStream.java:397)
	at org.apache.hadoop.ozone.client.io.OzoneOutputStream.flush(OzoneOutputStream.java:54)
	at org.apache.hadoop.ozone.client.rpc.TestBlockOutputStreamWithFailures.test2DatanodesFailure(TestBlockOutputStreamWithFailures.java:461)
	at sun.reflect.NativeMethodAccessorImpl.invoke0(Native Method)
	at sun.reflect.NativeMethodAccessorImpl.invoke(NativeMethodAccessorImpl.java:62)
	at sun.reflect.DelegatingMethodAccessorImpl.invoke(DelegatingMethodAccessorImpl.java:43)
	at java.lang.reflect.Method.invoke(Method.java:498)
	at org.junit.runners.model.FrameworkMethod$1.runReflectiveCall(FrameworkMethod.java:47)
	at org.junit.internal.runners.model.ReflectiveCallable.run(ReflectiveCallable.java:12)
	at org.junit.runners.model.FrameworkMethod.invokeExplosively(FrameworkMethod.java:44)
	at org.junit.internal.runners.statements.InvokeMethod.evaluate(InvokeMethod.java:17)
	at org.junit.internal.runners.statements.RunBefores.evaluate(RunBefores.java:26)
	at org.junit.internal.runners.statements.RunAfters.evaluate(RunAfters.java:27)
	at org.junit.runners.ParentRunner.runLeaf(ParentRunner.java:271)
	at org.junit.runners.BlockJUnit4ClassRunner.runChild(BlockJUnit4ClassRunner.java:70)
	at org.junit.runners.BlockJUnit4ClassRunner.runChild(BlockJUnit4ClassRunner.java:50)
	at org.junit.runners.ParentRunner$3.run(ParentRunner.java:238)
	at org.junit.runners.ParentRunner$1.schedule(ParentRunner.java:63)
	at org.junit.runners.ParentRunner.runChildren(ParentRunner.java:236)
	at org.junit.runners.ParentRunner.access$000(ParentRunner.java:53)
	at org.junit.runners.ParentRunner$2.evaluate(ParentRunner.java:229)
	at org.junit.runners.ParentRunner.run(ParentRunner.java:309)
	at org.apache.maven.surefire.junit4.JUnit4Provider.execute(JUnit4Provider.java:365)
	at org.apache.maven.surefire.junit4.JUnit4Provider.executeWithRerun(JUnit4Provider.java:273)
	at org.apache.maven.surefire.junit4.JUnit4Provider.executeTestSet(JUnit4Provider.java:238)
	at org.apache.maven.surefire.junit4.JUnit4Provider.invoke(JUnit4Provider.java:159)
	at org.apache.maven.surefire.booter.ForkedBooter.invokeProviderInSameClassLoader(ForkedBooter.java:384)
	at org.apache.maven.surefire.booter.ForkedBooter.runSuitesInProcess(ForkedBooter.java:345)
	at org.apache.maven.surefire.booter.ForkedBooter.execute(ForkedBooter.java:126)
	at org.apache.maven.surefire.booter.ForkedBooter.main(ForkedBooter.java:418)
2019-10-02 19:54:05,609 [main] WARN  io.KeyOutputStream (KeyOutputStream.java:handleException(274)) - Encountered exception java.io.IOException: Unexpected Storage Container Exception: java.io.IOException: Unexpected Storage Container Exception: java.util.concurrent.TimeoutException on the pipeline Pipeline[ Id: c870daf0-b8e6-4437-ab5e-dae8e919a5ab, Nodes: 870e6959-60bf-4746-8f27-db206afdcb81{ip: 192.168.157.242, host: pr-hdds-2223-zp5j9-3680597336, networkLocation: /default-rack, certSerialId: null}a0833d57-9356-442d-affc-7baee9cfa057{ip: 192.168.157.242, host: pr-hdds-2223-zp5j9-3680597336, networkLocation: /default-rack, certSerialId: null}8bcf3dda-d4f5-4d2e-bdce-006354901f05{ip: 192.168.157.242, host: pr-hdds-2223-zp5j9-3680597336, networkLocation: /default-rack, certSerialId: null}, Type:RATIS, Factor:THREE, State:OPEN]. The last committed block length is 400, uncommitted data length is 50 retry count 0
2019-10-02 19:54:05,933 [main] INFO  ozone.MiniOzoneClusterImpl (MiniOzoneClusterImpl.java:shutdown(314)) - Shutting down the Mini Ozone Cluster
2019-10-02 19:54:05,933 [main] INFO  ozone.MiniOzoneClusterImpl (MiniOzoneClusterImpl.java:stop(330)) - Stopping the Mini Ozone Cluster
2019-10-02 19:54:05,934 [main] INFO  ozone.MiniOzoneClusterImpl (MiniOzoneClusterImpl.java:stopOM(400)) - Stopping the OzoneManager
2019-10-02 19:54:05,934 [main] INFO  ipc.Server (Server.java:stop(3082)) - Stopping server on 39657
2019-10-02 19:54:05,948 [IPC Server listener on 39657] INFO  ipc.Server (Server.java:run(1185)) - Stopping IPC Server listener on 39657
2019-10-02 19:54:05,953 [IPC Server Responder] INFO  ipc.Server (Server.java:run(1319)) - Stopping IPC Server Responder
2019-10-02 19:54:05,952 [main] INFO  ratis.OzoneManagerDoubleBuffer (OzoneManagerDoubleBuffer.java:stop(248)) - Stopping OMDoubleBuffer flush thread
2019-10-02 19:54:05,975 [OMDoubleBufferFlushThread] INFO  ratis.OzoneManagerDoubleBuffer (OzoneManagerDoubleBuffer.java:flushTransactions(191)) - OMDoubleBuffer flush thread OMDoubleBufferFlushThread is interrupted and will exit. OMDoubleBufferFlushThread
2019-10-02 19:54:05,978 [main] INFO  utils.BackgroundService (BackgroundService.java:shutdown(148)) - Shutting down service KeyDeletingService
2019-10-02 19:54:05,984 [main] INFO  handler.ContextHandler (ContextHandler.java:doStop(910)) - Stopped o.e.j.w.WebAppContext@1965539b{/,null,UNAVAILABLE}{/ozoneManager}
2019-10-02 19:54:05,991 [main] INFO  server.AbstractConnector (AbstractConnector.java:doStop(318)) - Stopped ServerConnector@2fc07784{HTTP/1.1,[http/1.1]}{0.0.0.0:0}
2019-10-02 19:54:05,991 [main] INFO  handler.ContextHandler (ContextHandler.java:doStop(910)) - Stopped o.e.j.s.ServletContextHandler@989da1{/static,file:///workdir/hadoop-ozone/integration-test/target/test-classes/webapps/static,UNAVAILABLE}
2019-10-02 19:54:05,992 [main] INFO  handler.ContextHandler (ContextHandler.java:doStop(910)) - Stopped o.e.j.s.ServletContextHandler@562c877a{/logs,file:///workdir/hadoop-ozone/integration-test/target/log,UNAVAILABLE}
2019-10-02 19:54:05,997 [main] INFO  ozone.MiniOzoneClusterImpl (MiniOzoneClusterImpl.java:stopDatanodes(377)) - Stopping the HddsDatanodes
2019-10-02 19:54:06,198 [Datanode State Machine Thread - 0] INFO  statemachine.DatanodeStateMachine (DatanodeStateMachine.java:lambda$startDaemon$0(350)) - Ozone container server started.
2019-10-02 19:54:06,825 [Datanode State Machine Thread - 0] INFO  statemachine.DatanodeStateMachine (DatanodeStateMachine.java:lambda$startDaemon$0(350)) - Ozone container server started.
2019-10-02 19:54:10,286 [EventQueue-StaleNodeForStaleNodeHandler] INFO  node.StaleNodeHandler (StaleNodeHandler.java:onMessage(58)) - Datanode a0833d57-9356-442d-affc-7baee9cfa057{ip: 192.168.157.242, host: pr-hdds-2223-zp5j9-3680597336, networkLocation: /default-rack, certSerialId: null} moved to stale state. Finalizing its pipelines [PipelineID=3ca1eead-6645-42a3-90fc-692ad702d2dd, PipelineID=c870daf0-b8e6-4437-ab5e-dae8e919a5ab]
2019-10-02 19:54:10,286 [EventQueue-StaleNodeForStaleNodeHandler] INFO  pipeline.SCMPipelineManager (SCMPipelineManager.java:finalizeAndDestroyPipeline(315)) - destroying pipeline:Pipeline[ Id: 3ca1eead-6645-42a3-90fc-692ad702d2dd, Nodes: a0833d57-9356-442d-affc-7baee9cfa057{ip: 192.168.157.242, host: pr-hdds-2223-zp5j9-3680597336, networkLocation: /default-rack, certSerialId: null}, Type:RATIS, Factor:ONE, State:OPEN]
2019-10-02 19:54:10,288 [EventQueue-StaleNodeForStaleNodeHandler] INFO  pipeline.PipelineStateManager (PipelineStateManager.java:finalizePipeline(123)) - Pipeline Pipeline[ Id: 3ca1eead-6645-42a3-90fc-692ad702d2dd, Nodes: a0833d57-9356-442d-affc-7baee9cfa057{ip: 192.168.157.242, host: pr-hdds-2223-zp5j9-3680597336, networkLocation: /default-rack, certSerialId: null}, Type:RATIS, Factor:ONE, State:CLOSED] moved to CLOSED state
2019-10-02 19:54:10,289 [EventQueue-StaleNodeForStaleNodeHandler] INFO  pipeline.SCMPipelineManager (SCMPipelineManager.java:finalizeAndDestroyPipeline(315)) - destroying pipeline:Pipeline[ Id: c870daf0-b8e6-4437-ab5e-dae8e919a5ab, Nodes: 870e6959-60bf-4746-8f27-db206afdcb81{ip: 192.168.157.242, host: pr-hdds-2223-zp5j9-3680597336, networkLocation: /default-rack, certSerialId: null}a0833d57-9356-442d-affc-7baee9cfa057{ip: 192.168.157.242, host: pr-hdds-2223-zp5j9-3680597336, networkLocation: /default-rack, certSerialId: null}8bcf3dda-d4f5-4d2e-bdce-006354901f05{ip: 192.168.157.242, host: pr-hdds-2223-zp5j9-3680597336, networkLocation: /default-rack, certSerialId: null}, Type:RATIS, Factor:THREE, State:OPEN]
2019-10-02 19:54:10,289 [EventQueue-StaleNodeForStaleNodeHandler] INFO  pipeline.PipelineStateManager (PipelineStateManager.java:finalizePipeline(123)) - Pipeline Pipeline[ Id: c870daf0-b8e6-4437-ab5e-dae8e919a5ab, Nodes: 870e6959-60bf-4746-8f27-db206afdcb81{ip: 192.168.157.242, host: pr-hdds-2223-zp5j9-3680597336, networkLocation: /default-rack, certSerialId: null}a0833d57-9356-442d-affc-7baee9cfa057{ip: 192.168.157.242, host: pr-hdds-2223-zp5j9-3680597336, networkLocation: /default-rack, certSerialId: null}8bcf3dda-d4f5-4d2e-bdce-006354901f05{ip: 192.168.157.242, host: pr-hdds-2223-zp5j9-3680597336, networkLocation: /default-rack, certSerialId: null}, Type:RATIS, Factor:THREE, State:CLOSED] moved to CLOSED state
2019-10-02 19:54:10,290 [EventQueue-CloseContainerForCloseContainerEventHandler] INFO  container.CloseContainerEventHandler (CloseContainerEventHandler.java:onMessage(61)) - Close container Event triggered for container : #1
2019-10-02 19:54:10,887 [EventQueue-StaleNodeForStaleNodeHandler] INFO  node.StaleNodeHandler (StaleNodeHandler.java:onMessage(58)) - Datanode 7bae9e7d-ac17-45dd-9802-adba67965dd5{ip: 192.168.157.242, host: pr-hdds-2223-zp5j9-3680597336, networkLocation: /default-rack, certSerialId: null} moved to stale state. Finalizing its pipelines [PipelineID=cd3a8f6c-ec4c-40f9-97ab-a1b5b24455ba, PipelineID=5a8a7682-e620-4716-b28a-57d71a09135d]
2019-10-02 19:54:10,890 [EventQueue-StaleNodeForStaleNodeHandler] INFO  pipeline.SCMPipelineManager (SCMPipelineManager.java:finalizeAndDestroyPipeline(315)) - destroying pipeline:Pipeline[ Id: cd3a8f6c-ec4c-40f9-97ab-a1b5b24455ba, Nodes: 7bae9e7d-ac17-45dd-9802-adba67965dd5{ip: 192.168.157.242, host: pr-hdds-2223-zp5j9-3680597336, networkLocation: /default-rack, certSerialId: null}, Type:RATIS, Factor:ONE, State:OPEN]
2019-10-02 19:54:10,890 [EventQueue-StaleNodeForStaleNodeHandler] INFO  pipeline.PipelineStateManager (PipelineStateManager.java:finalizePipeline(123)) - Pipeline Pipeline[ Id: cd3a8f6c-ec4c-40f9-97ab-a1b5b24455ba, Nodes: 7bae9e7d-ac17-45dd-9802-adba67965dd5{ip: 192.168.157.242, host: pr-hdds-2223-zp5j9-3680597336, networkLocation: /default-rack, certSerialId: null}, Type:RATIS, Factor:ONE, State:CLOSED] moved to CLOSED state
2019-10-02 19:54:10,891 [EventQueue-StaleNodeForStaleNodeHandler] INFO  pipeline.SCMPipelineManager (SCMPipelineManager.java:finalizeAndDestroyPipeline(315)) - destroying pipeline:Pipeline[ Id: 5a8a7682-e620-4716-b28a-57d71a09135d, Nodes: 7bae9e7d-ac17-45dd-9802-adba67965dd5{ip: 192.168.157.242, host: pr-hdds-2223-zp5j9-3680597336, networkLocation: /default-rack, certSerialId: null}ac7d5bff-77d7-49ee-9e03-6669822ee5ed{ip: 192.168.157.242, host: pr-hdds-2223-zp5j9-3680597336, networkLocation: /default-rack, certSerialId: null}e739d841-c2f3-4ce3-9261-25610f56f3cd{ip: 192.168.157.242, host: pr-hdds-2223-zp5j9-3680597336, networkLocation: /default-rack, certSerialId: null}, Type:RATIS, Factor:THREE, State:OPEN]
2019-10-02 19:54:10,891 [EventQueue-StaleNodeForStaleNodeHandler] INFO  pipeline.PipelineStateManager (PipelineStateManager.java:finalizePipeline(123)) - Pipeline Pipeline[ Id: 5a8a7682-e620-4716-b28a-57d71a09135d, Nodes: 7bae9e7d-ac17-45dd-9802-adba67965dd5{ip: 192.168.157.242, host: pr-hdds-2223-zp5j9-3680597336, networkLocation: /default-rack, certSerialId: null}ac7d5bff-77d7-49ee-9e03-6669822ee5ed{ip: 192.168.157.242, host: pr-hdds-2223-zp5j9-3680597336, networkLocation: /default-rack, certSerialId: null}e739d841-c2f3-4ce3-9261-25610f56f3cd{ip: 192.168.157.242, host: pr-hdds-2223-zp5j9-3680597336, networkLocation: /default-rack, certSerialId: null}, Type:RATIS, Factor:THREE, State:CLOSED] moved to CLOSED state
2019-10-02 19:54:10,891 [EventQueue-CloseContainerForCloseContainerEventHandler] INFO  container.CloseContainerEventHandler (CloseContainerEventHandler.java:onMessage(61)) - Close container Event triggered for container : #2
2019-10-02 19:54:11,000 [ForkJoinPool.commonPool-worker-1] INFO  ozoneimpl.OzoneContainer (OzoneContainer.java:stop(231)) - Attempting to stop container services.
2019-10-02 19:54:11,000 [main] INFO  ozoneimpl.OzoneContainer (OzoneContainer.java:stop(231)) - Attempting to stop container services.
2019-10-02 19:54:11,003 [ForkJoinPool.commonPool-worker-1] INFO  impl.RaftServerProxy (RaftServerProxy.java:lambda$close$4(314)) - 7bae9e7d-ac17-45dd-9802-adba67965dd5: close
2019-10-02 19:54:11,003 [main] INFO  impl.RaftServerProxy (RaftServerProxy.java:lambda$close$4(314)) - a0833d57-9356-442d-affc-7baee9cfa057: close
2019-10-02 19:54:11,005 [ForkJoinPool.commonPool-worker-1] INFO  impl.RaftServerImpl (RaftServerImpl.java:lambda$shutdown$3(247)) - 7bae9e7d-ac17-45dd-9802-adba67965dd5@group-A1B5B24455BA: shutdown
2019-10-02 19:54:11,005 [main] INFO  impl.RaftServerImpl (RaftServerImpl.java:lambda$shutdown$3(247)) - a0833d57-9356-442d-affc-7baee9cfa057@group-692AD702D2DD: shutdown
2019-10-02 19:54:11,005 [ForkJoinPool.commonPool-worker-1] INFO  util.JmxRegister (JmxRegister.java:unregister(73)) - Successfully un-registered JMX Bean with object name Ratis:service=RaftServer,group=group-A1B5B24455BA,id=7bae9e7d-ac17-45dd-9802-adba67965dd5
2019-10-02 19:54:11,005 [main] INFO  util.JmxRegister (JmxRegister.java:unregister(73)) - Successfully un-registered JMX Bean with object name Ratis:service=RaftServer,group=group-692AD702D2DD,id=a0833d57-9356-442d-affc-7baee9cfa057
2019-10-02 19:54:11,006 [ForkJoinPool.commonPool-worker-1] INFO  impl.RoleInfo (RoleInfo.java:shutdownLeaderState(104)) - 7bae9e7d-ac17-45dd-9802-adba67965dd5: shutdown LeaderState
2019-10-02 19:54:11,006 [main] INFO  impl.RoleInfo (RoleInfo.java:shutdownLeaderState(104)) - a0833d57-9356-442d-affc-7baee9cfa057: shutdown LeaderState
2019-10-02 19:54:11,007 [main] INFO  impl.PendingRequests (PendingRequests.java:sendNotLeaderResponses(202)) - a0833d57-9356-442d-affc-7baee9cfa057@group-692AD702D2DD-PendingRequests: sendNotLeaderResponses
2019-10-02 19:54:11,007 [ForkJoinPool.commonPool-worker-1] INFO  impl.PendingRequests (PendingRequests.java:sendNotLeaderResponses(202)) - 7bae9e7d-ac17-45dd-9802-adba67965dd5@group-A1B5B24455BA-PendingRequests: sendNotLeaderResponses
2019-10-02 19:54:11,011 [main] INFO  impl.StateMachineUpdater (StateMachineUpdater.java:stopAndJoin(136)) - a0833d57-9356-442d-affc-7baee9cfa057@group-692AD702D2DD-StateMachineUpdater: set stopIndex = 0
2019-10-02 19:54:11,011 [ForkJoinPool.commonPool-worker-1] INFO  impl.StateMachineUpdater (StateMachineUpdater.java:stopAndJoin(136)) - 7bae9e7d-ac17-45dd-9802-adba67965dd5@group-A1B5B24455BA-StateMachineUpdater: set stopIndex = 0
2019-10-02 19:54:11,016 [main] INFO  impl.RaftServerImpl (ServerState.java:close(387)) - a0833d57-9356-442d-affc-7baee9cfa057@group-692AD702D2DD: closes. applyIndex: 0
2019-10-02 19:54:11,016 [ForkJoinPool.commonPool-worker-1] INFO  impl.RaftServerImpl (ServerState.java:close(387)) - 7bae9e7d-ac17-45dd-9802-adba67965dd5@group-A1B5B24455BA: closes. applyIndex: 0
2019-10-02 19:54:11,019 [a0833d57-9356-442d-affc-7baee9cfa057@group-692AD702D2DD-SegmentedRaftLogWorker] INFO  segmented.SegmentedRaftLogWorker (SegmentedRaftLogWorker.java:run(316)) - a0833d57-9356-442d-affc-7baee9cfa057@group-692AD702D2DD-SegmentedRaftLogWorker was interrupted, exiting. There are 0 tasks remaining in the queue.
2019-10-02 19:54:11,019 [7bae9e7d-ac17-45dd-9802-adba67965dd5@group-A1B5B24455BA-SegmentedRaftLogWorker] INFO  segmented.SegmentedRaftLogWorker (SegmentedRaftLogWorker.java:run(316)) - 7bae9e7d-ac17-45dd-9802-adba67965dd5@group-A1B5B24455BA-SegmentedRaftLogWorker was interrupted, exiting. There are 0 tasks remaining in the queue.
2019-10-02 19:54:11,025 [ForkJoinPool.commonPool-worker-1] INFO  segmented.SegmentedRaftLogWorker (SegmentedRaftLogWorker.java:close(224)) - 7bae9e7d-ac17-45dd-9802-adba67965dd5@group-A1B5B24455BA-SegmentedRaftLogWorker close()
2019-10-02 19:54:11,025 [main] INFO  segmented.SegmentedRaftLogWorker (SegmentedRaftLogWorker.java:close(224)) - a0833d57-9356-442d-affc-7baee9cfa057@group-692AD702D2DD-SegmentedRaftLogWorker close()
2019-10-02 19:54:11,029 [ForkJoinPool.commonPool-worker-1] INFO  impl.RaftServerImpl (RaftServerImpl.java:lambda$shutdown$3(247)) - 7bae9e7d-ac17-45dd-9802-adba67965dd5@group-57D71A09135D: shutdown
2019-10-02 19:54:11,033 [main] INFO  impl.RaftServerImpl (RaftServerImpl.java:lambda$shutdown$3(247)) - a0833d57-9356-442d-affc-7baee9cfa057@group-DAE8E919A5AB: shutdown
2019-10-02 19:54:11,033 [ForkJoinPool.commonPool-worker-1] INFO  util.JmxRegister (JmxRegister.java:unregister(73)) - Successfully un-registered JMX Bean with object name Ratis:service=RaftServer,group=group-57D71A09135D,id=7bae9e7d-ac17-45dd-9802-adba67965dd5
2019-10-02 19:54:11,034 [main] INFO  util.JmxRegister (JmxRegister.java:unregister(73)) - Successfully un-registered JMX Bean with object name Ratis:service=RaftServer,group=group-DAE8E919A5AB,id=a0833d57-9356-442d-affc-7baee9cfa057
2019-10-02 19:54:11,034 [ForkJoinPool.commonPool-worker-1] INFO  impl.RoleInfo (RoleInfo.java:shutdownFollowerState(121)) - 7bae9e7d-ac17-45dd-9802-adba67965dd5: shutdown FollowerState
2019-10-02 19:54:11,034 [main] INFO  impl.RoleInfo (RoleInfo.java:shutdownFollowerState(121)) - a0833d57-9356-442d-affc-7baee9cfa057: shutdown FollowerState
2019-10-02 19:54:11,035 [7bae9e7d-ac17-45dd-9802-adba67965dd5@group-57D71A09135D-StateMachineUpdater] INFO  ratis.ContainerStateMachine (ContainerStateMachine.java:takeSnapshot(289)) - group-57D71A09135D: Taking a snapshot at:(t:1, i:3) file /workdir/hadoop-ozone/integration-test/target/test-dir/MiniOzoneClusterImpl-85ec13a9-98bf-43b5-845f-0fdbc936e02f/datanode-1/data/ratis/5a8a7682-e620-4716-b28a-57d71a09135d/sm/snapshot.1_3
2019-10-02 19:54:11,035 [Thread-309] INFO  impl.FollowerState (FollowerState.java:run(117)) - 7bae9e7d-ac17-45dd-9802-adba67965dd5@group-57D71A09135D-FollowerState was interrupted: java.lang.InterruptedException: sleep interrupted
2019-10-02 19:54:11,034 [ForkJoinPool.commonPool-worker-1] INFO  impl.StateMachineUpdater (StateMachineUpdater.java:stopAndJoin(136)) - 7bae9e7d-ac17-45dd-9802-adba67965dd5@group-57D71A09135D-StateMachineUpdater: set stopIndex = 4
2019-10-02 19:54:11,035 [a0833d57-9356-442d-affc-7baee9cfa057@group-DAE8E919A5AB-StateMachineUpdater] INFO  ratis.ContainerStateMachine (ContainerStateMachine.java:takeSnapshot(289)) - group-DAE8E919A5AB: Taking a snapshot at:(t:1, i:13) file /workdir/hadoop-ozone/integration-test/target/test-dir/MiniOzoneClusterImpl-85ec13a9-98bf-43b5-845f-0fdbc936e02f/datanode-4/data/ratis/c870daf0-b8e6-4437-ab5e-dae8e919a5ab/sm/snapshot.1_13
2019-10-02 19:54:11,035 [Thread-333] INFO  impl.FollowerState (FollowerState.java:run(117)) - a0833d57-9356-442d-affc-7baee9cfa057@group-DAE8E919A5AB-FollowerState was interrupted: java.lang.InterruptedException: sleep interrupted
2019-10-02 19:54:11,035 [main] INFO  impl.StateMachineUpdater (StateMachineUpdater.java:stopAndJoin(136)) - a0833d57-9356-442d-affc-7baee9cfa057@group-DAE8E919A5AB-StateMachineUpdater: set stopIndex = 16
2019-10-02 19:54:11,073 [7bae9e7d-ac17-45dd-9802-adba67965dd5@group-57D71A09135D-StateMachineUpdater] INFO  ratis.ContainerStateMachine (ContainerStateMachine.java:takeSnapshot(300)) - group-57D71A09135D: Finished taking a snapshot at:(t:1, i:3) file:/workdir/hadoop-ozone/integration-test/target/test-dir/MiniOzoneClusterImpl-85ec13a9-98bf-43b5-845f-0fdbc936e02f/datanode-1/data/ratis/5a8a7682-e620-4716-b28a-57d71a09135d/sm/snapshot.1_3 time:39
2019-10-02 19:54:11,073 [a0833d57-9356-442d-affc-7baee9cfa057@group-DAE8E919A5AB-StateMachineUpdater] INFO  ratis.ContainerStateMachine (ContainerStateMachine.java:takeSnapshot(300)) - group-DAE8E919A5AB: Finished taking a snapshot at:(t:1, i:13) file:/workdir/hadoop-ozone/integration-test/target/test-dir/MiniOzoneClusterImpl-85ec13a9-98bf-43b5-845f-0fdbc936e02f/datanode-4/data/ratis/c870daf0-b8e6-4437-ab5e-dae8e919a5ab/sm/snapshot.1_13 time:38
2019-10-02 19:54:11,075 [7bae9e7d-ac17-45dd-9802-adba67965dd5@group-57D71A09135D-StateMachineUpdater] INFO  impl.StateMachineUpdater (StateMachineUpdater.java:takeSnapshot(269)) - 7bae9e7d-ac17-45dd-9802-adba67965dd5@group-57D71A09135D-StateMachineUpdater: Took a snapshot at index 3
2019-10-02 19:54:11,075 [a0833d57-9356-442d-affc-7baee9cfa057@group-DAE8E919A5AB-StateMachineUpdater] INFO  impl.StateMachineUpdater (StateMachineUpdater.java:takeSnapshot(269)) - a0833d57-9356-442d-affc-7baee9cfa057@group-DAE8E919A5AB-StateMachineUpdater: Took a snapshot at index 13
2019-10-02 19:54:11,075 [7bae9e7d-ac17-45dd-9802-adba67965dd5@group-57D71A09135D-StateMachineUpdater] INFO  impl.StateMachineUpdater (StateMachineUpdater.java:lambda$new$0(84)) - 7bae9e7d-ac17-45dd-9802-adba67965dd5@group-57D71A09135D-StateMachineUpdater: snapshotIndex: updateIncreasingly -1 -> 3
2019-10-02 19:54:11,075 [a0833d57-9356-442d-affc-7baee9cfa057@group-DAE8E919A5AB-StateMachineUpdater] INFO  impl.StateMachineUpdater (StateMachineUpdater.java:lambda$new$0(84)) - a0833d57-9356-442d-affc-7baee9cfa057@group-DAE8E919A5AB-StateMachineUpdater: snapshotIndex: updateIncreasingly -1 -> 13
2019-10-02 19:54:11,088 [a0833d57-9356-442d-affc-7baee9cfa057@group-DAE8E919A5AB-StateMachineUpdater] INFO  ratis.ContainerStateMachine (ContainerStateMachine.java:takeSnapshot(289)) - group-DAE8E919A5AB: Taking a snapshot at:(t:1, i:13) file /workdir/hadoop-ozone/integration-test/target/test-dir/MiniOzoneClusterImpl-85ec13a9-98bf-43b5-845f-0fdbc936e02f/datanode-4/data/ratis/c870daf0-b8e6-4437-ab5e-dae8e919a5ab/sm/snapshot.1_13
2019-10-02 19:54:11,088 [7bae9e7d-ac17-45dd-9802-adba67965dd5@group-57D71A09135D-StateMachineUpdater] INFO  ratis.ContainerStateMachine (ContainerStateMachine.java:takeSnapshot(289)) - group-57D71A09135D: Taking a snapshot at:(t:1, i:3) file /workdir/hadoop-ozone/integration-test/target/test-dir/MiniOzoneClusterImpl-85ec13a9-98bf-43b5-845f-0fdbc936e02f/datanode-1/data/ratis/5a8a7682-e620-4716-b28a-57d71a09135d/sm/snapshot.1_3
2019-10-02 19:54:11,102 [7bae9e7d-ac17-45dd-9802-adba67965dd5@group-57D71A09135D-StateMachineUpdater] INFO  ratis.ContainerStateMachine (ContainerStateMachine.java:takeSnapshot(300)) - group-57D71A09135D: Finished taking a snapshot at:(t:1, i:3) file:/workdir/hadoop-ozone/integration-test/target/test-dir/MiniOzoneClusterImpl-85ec13a9-98bf-43b5-845f-0fdbc936e02f/datanode-1/data/ratis/5a8a7682-e620-4716-b28a-57d71a09135d/sm/snapshot.1_3 time:13
2019-10-02 19:54:11,102 [a0833d57-9356-442d-affc-7baee9cfa057@group-DAE8E919A5AB-StateMachineUpdater] INFO  ratis.ContainerStateMachine (ContainerStateMachine.java:takeSnapshot(300)) - group-DAE8E919A5AB: Finished taking a snapshot at:(t:1, i:13) file:/workdir/hadoop-ozone/integration-test/target/test-dir/MiniOzoneClusterImpl-85ec13a9-98bf-43b5-845f-0fdbc936e02f/datanode-4/data/ratis/c870daf0-b8e6-4437-ab5e-dae8e919a5ab/sm/snapshot.1_13 time:13
2019-10-02 19:54:11,102 [7bae9e7d-ac17-45dd-9802-adba67965dd5@group-57D71A09135D-StateMachineUpdater] INFO  impl.StateMachineUpdater (StateMachineUpdater.java:takeSnapshot(269)) - 7bae9e7d-ac17-45dd-9802-adba67965dd5@group-57D71A09135D-StateMachineUpdater: Took a snapshot at index 3
2019-10-02 19:54:11,102 [7bae9e7d-ac17-45dd-9802-adba67965dd5@group-57D71A09135D-StateMachineUpdater] INFO  impl.StateMachineUpdater (StateMachineUpdater.java:lambda$new$0(84)) - 7bae9e7d-ac17-45dd-9802-adba67965dd5@group-57D71A09135D-StateMachineUpdater: snapshotIndex: updateIncreasingly 3 -> 3
2019-10-02 19:54:11,102 [a0833d57-9356-442d-affc-7baee9cfa057@group-DAE8E919A5AB-StateMachineUpdater] INFO  impl.StateMachineUpdater (StateMachineUpdater.java:takeSnapshot(269)) - a0833d57-9356-442d-affc-7baee9cfa057@group-DAE8E919A5AB-StateMachineUpdater: Took a snapshot at index 13
2019-10-02 19:54:11,102 [a0833d57-9356-442d-affc-7baee9cfa057@group-DAE8E919A5AB-StateMachineUpdater] INFO  impl.StateMachineUpdater (StateMachineUpdater.java:lambda$new$0(84)) - a0833d57-9356-442d-affc-7baee9cfa057@group-DAE8E919A5AB-StateMachineUpdater: snapshotIndex: updateIncreasingly 13 -> 13
2019-10-02 19:54:11,102 [ForkJoinPool.commonPool-worker-1] INFO  impl.RaftServerImpl (ServerState.java:close(387)) - 7bae9e7d-ac17-45dd-9802-adba67965dd5@group-57D71A09135D: closes. applyIndex: 4
2019-10-02 19:54:11,103 [main] INFO  impl.RaftServerImpl (ServerState.java:close(387)) - a0833d57-9356-442d-affc-7baee9cfa057@group-DAE8E919A5AB: closes. applyIndex: 16
2019-10-02 19:54:11,103 [7bae9e7d-ac17-45dd-9802-adba67965dd5@group-57D71A09135D-SegmentedRaftLogWorker] INFO  segmented.SegmentedRaftLogWorker (SegmentedRaftLogWorker.java:run(316)) - 7bae9e7d-ac17-45dd-9802-adba67965dd5@group-57D71A09135D-SegmentedRaftLogWorker was interrupted, exiting. There are 0 tasks remaining in the queue.
2019-10-02 19:54:11,103 [a0833d57-9356-442d-affc-7baee9cfa057@group-DAE8E919A5AB-SegmentedRaftLogWorker] INFO  segmented.SegmentedRaftLogWorker (SegmentedRaftLogWorker.java:run(316)) - a0833d57-9356-442d-affc-7baee9cfa057@group-DAE8E919A5AB-SegmentedRaftLogWorker was interrupted, exiting. There are 0 tasks remaining in the queue.
2019-10-02 19:54:11,107 [ForkJoinPool.commonPool-worker-1] INFO  segmented.SegmentedRaftLogWorker (SegmentedRaftLogWorker.java:close(224)) - 7bae9e7d-ac17-45dd-9802-adba67965dd5@group-57D71A09135D-SegmentedRaftLogWorker close()
2019-10-02 19:54:11,111 [main] INFO  segmented.SegmentedRaftLogWorker (SegmentedRaftLogWorker.java:close(224)) - a0833d57-9356-442d-affc-7baee9cfa057@group-DAE8E919A5AB-SegmentedRaftLogWorker close()
2019-10-02 19:54:11,115 [ForkJoinPool.commonPool-worker-1] INFO  server.GrpcService (GrpcService.java:closeImpl(164)) - 7bae9e7d-ac17-45dd-9802-adba67965dd5: shutdown server with port 35060 now
2019-10-02 19:54:11,118 [main] INFO  server.GrpcService (GrpcService.java:closeImpl(164)) - a0833d57-9356-442d-affc-7baee9cfa057: shutdown server with port 44398 now
2019-10-02 19:54:11,129 [ForkJoinPool.commonPool-worker-1] INFO  server.GrpcService (GrpcService.java:closeImpl(172)) - 7bae9e7d-ac17-45dd-9802-adba67965dd5: shutdown server with port 35060 successfully
2019-10-02 19:54:11,129 [grpc-default-executor-1] WARN  server.GrpcServerProtocolService (LogUtils.java:warn(134)) - 7bae9e7d-ac17-45dd-9802-adba67965dd5: installSnapshot onError, lastRequest: ac7d5bff-77d7-49ee-9e03-6669822ee5ed->7bae9e7d-ac17-45dd-9802-adba67965dd5#8-t1, previous=(t:1, i:4), leaderCommit=4, initializing? false, entries: <empty>: org.apache.ratis.thirdparty.io.grpc.StatusRuntimeException: CANCELLED: cancelled before receiving half close
2019-10-02 19:54:11,129 [main] INFO  server.GrpcService (GrpcService.java:closeImpl(172)) - a0833d57-9356-442d-affc-7baee9cfa057: shutdown server with port 44398 successfully
2019-10-02 19:54:11,130 [grpc-default-executor-0] WARN  server.GrpcServerProtocolService (LogUtils.java:warn(134)) - a0833d57-9356-442d-affc-7baee9cfa057: installSnapshot onError, lastRequest: 870e6959-60bf-4746-8f27-db206afdcb81->a0833d57-9356-442d-affc-7baee9cfa057#19-t1, previous=(t:1, i:16), leaderCommit=16, initializing? false, entries: <empty>: org.apache.ratis.thirdparty.io.grpc.StatusRuntimeException: CANCELLED: cancelled before receiving half close
2019-10-02 19:54:11,136 [grpc-default-executor-2] WARN  server.GrpcLogAppender (LogUtils.java:warn(134)) - ac7d5bff-77d7-49ee-9e03-6669822ee5ed@group-57D71A09135D->7bae9e7d-ac17-45dd-9802-adba67965dd5-AppendLogResponseHandler: Failed appendEntries: org.apache.ratis.thirdparty.io.grpc.StatusRuntimeException: CANCELLED: HTTP/2 error code: CANCEL
Received Rst Stream
2019-10-02 19:54:11,137 [grpc-default-executor-3] WARN  server.GrpcLogAppender (LogUtils.java:warn(134)) - 870e6959-60bf-4746-8f27-db206afdcb81@group-DAE8E919A5AB->a0833d57-9356-442d-affc-7baee9cfa057-AppendLogResponseHandler: Failed appendEntries: org.apache.ratis.thirdparty.io.grpc.StatusRuntimeException: CANCELLED: HTTP/2 error code: CANCEL
Received Rst Stream
2019-10-02 19:54:11,141 [refreshUsed-/workdir/hadoop-ozone/integration-test/target/test-dir/MiniOzoneClusterImpl-85ec13a9-98bf-43b5-845f-0fdbc936e02f/datanode-1/data/containers] WARN  fs.CachingGetSpaceUsed (CachingGetSpaceUsed.java:run(183)) - Thread Interrupted waiting to refresh disk information: sleep interrupted
2019-10-02 19:54:11,141 [grpc-default-executor-2] INFO  impl.FollowerInfo (FollowerInfo.java:lambda$new$0(51)) - ac7d5bff-77d7-49ee-9e03-6669822ee5ed@group-57D71A09135D->7bae9e7d-ac17-45dd-9802-adba67965dd5: nextIndex: updateUnconditionally 5 -> 4
2019-10-02 19:54:11,141 [grpc-default-executor-3] INFO  impl.FollowerInfo (FollowerInfo.java:lambda$new$0(51)) - 870e6959-60bf-4746-8f27-db206afdcb81@group-DAE8E919A5AB->a0833d57-9356-442d-affc-7baee9cfa057: nextIndex: updateUnconditionally 17 -> 16
2019-10-02 19:54:11,143 [refreshUsed-/workdir/hadoop-ozone/integration-test/target/test-dir/MiniOzoneClusterImpl-85ec13a9-98bf-43b5-845f-0fdbc936e02f/datanode-4/data/containers] WARN  fs.CachingGetSpaceUsed (CachingGetSpaceUsed.java:run(183)) - Thread Interrupted waiting to refresh disk information: sleep interrupted
2019-10-02 19:54:11,170 [main] INFO  utils.BackgroundService (BackgroundService.java:shutdown(148)) - Shutting down service BlockDeletingService
2019-10-02 19:54:11,174 [ForkJoinPool.commonPool-worker-1] INFO  utils.BackgroundService (BackgroundService.java:shutdown(148)) - Shutting down service BlockDeletingService
2019-10-02 19:54:11,176 [main] INFO  statemachine.DatanodeStateMachine (DatanodeStateMachine.java:stopDaemon(395)) - Ozone container server stopped.
2019-10-02 19:54:11,180 [ForkJoinPool.commonPool-worker-1] INFO  statemachine.DatanodeStateMachine (DatanodeStateMachine.java:stopDaemon(395)) - Ozone container server stopped.
2019-10-02 19:54:11,183 [main] INFO  handler.ContextHandler (ContextHandler.java:doStop(910)) - Stopped o.e.j.w.WebAppContext@6f911326{/,null,UNAVAILABLE}{/hddsDatanode}
2019-10-02 19:54:11,184 [ForkJoinPool.commonPool-worker-1] INFO  handler.ContextHandler (ContextHandler.java:doStop(910)) - Stopped o.e.j.w.WebAppContext@7baf1f5a{/,null,UNAVAILABLE}{/hddsDatanode}
2019-10-02 19:54:11,184 [main] INFO  server.AbstractConnector (AbstractConnector.java:doStop(318)) - Stopped ServerConnector@f1d0004{HTTP/1.1,[http/1.1]}{0.0.0.0:0}
2019-10-02 19:54:11,185 [main] INFO  handler.ContextHandler (ContextHandler.java:doStop(910)) - Stopped o.e.j.s.ServletContextHandler@4f89331f{/static,jar:file:/home/user/.m2/repository/org/apache/hadoop/hadoop-hdds-container-service/0.5.0-SNAPSHOT/hadoop-hdds-container-service-0.5.0-SNAPSHOT.jar!/webapps/static,UNAVAILABLE}
2019-10-02 19:54:11,185 [ForkJoinPool.commonPool-worker-1] INFO  server.AbstractConnector (AbstractConnector.java:doStop(318)) - Stopped ServerConnector@6cc86152{HTTP/1.1,[http/1.1]}{0.0.0.0:0}
2019-10-02 19:54:11,185 [main] INFO  handler.ContextHandler (ContextHandler.java:doStop(910)) - Stopped o.e.j.s.ServletContextHandler@250a500b{/logs,file:///workdir/hadoop-ozone/integration-test/target/log,UNAVAILABLE}
2019-10-02 19:54:11,187 [ForkJoinPool.commonPool-worker-1] INFO  handler.ContextHandler (ContextHandler.java:doStop(910)) - Stopped o.e.j.s.ServletContextHandler@4d41ba0f{/static,jar:file:/home/user/.m2/repository/org/apache/hadoop/hadoop-hdds-container-service/0.5.0-SNAPSHOT/hadoop-hdds-container-service-0.5.0-SNAPSHOT.jar!/webapps/static,UNAVAILABLE}
2019-10-02 19:54:11,189 [ForkJoinPool.commonPool-worker-1] INFO  handler.ContextHandler (ContextHandler.java:doStop(910)) - Stopped o.e.j.s.ServletContextHandler@3ee0b4f7{/logs,file:///workdir/hadoop-ozone/integration-test/target/log,UNAVAILABLE}
2019-10-02 19:54:11,200 [Datanode State Machine Thread - 0] INFO  statemachine.DatanodeStateMachine (DatanodeStateMachine.java:lambda$startDaemon$0(350)) - Ozone container server started.
2019-10-02 19:54:11,825 [Datanode State Machine Thread - 0] INFO  statemachine.DatanodeStateMachine (DatanodeStateMachine.java:lambda$startDaemon$0(350)) - Ozone container server started.
2019-10-02 19:54:13,242 [grpc-default-executor-1] WARN  server.GrpcLogAppender (LogUtils.java:warn(134)) - 870e6959-60bf-4746-8f27-db206afdcb81@group-DAE8E919A5AB->a0833d57-9356-442d-affc-7baee9cfa057-AppendLogResponseHandler: Failed appendEntries: org.apache.ratis.thirdparty.io.grpc.StatusRuntimeException: UNAVAILABLE: io exception
2019-10-02 19:54:13,245 [grpc-default-executor-1] INFO  impl.FollowerInfo (FollowerInfo.java:lambda$new$0(51)) - 870e6959-60bf-4746-8f27-db206afdcb81@group-DAE8E919A5AB->a0833d57-9356-442d-affc-7baee9cfa057: nextIndex: updateUnconditionally 17 -> 16
2019-10-02 19:54:13,251 [grpc-default-executor-3] WARN  server.GrpcLogAppender (LogUtils.java:warn(134)) - 870e6959-60bf-4746-8f27-db206afdcb81@group-DAE8E919A5AB->a0833d57-9356-442d-affc-7baee9cfa057-AppendLogResponseHandler: Failed appendEntries: org.apache.ratis.thirdparty.io.grpc.StatusRuntimeException: UNAVAILABLE: io exception
2019-10-02 19:54:13,253 [grpc-default-executor-3] INFO  impl.FollowerInfo (FollowerInfo.java:lambda$new$0(51)) - 870e6959-60bf-4746-8f27-db206afdcb81@group-DAE8E919A5AB->a0833d57-9356-442d-affc-7baee9cfa057: nextIndex: updateUnconditionally 17 -> 16
2019-10-02 19:54:13,268 [grpc-default-executor-1] WARN  server.GrpcLogAppender (LogUtils.java:warn(134)) - 870e6959-60bf-4746-8f27-db206afdcb81@group-DAE8E919A5AB->a0833d57-9356-442d-affc-7baee9cfa057-AppendLogResponseHandler: Failed appendEntries: org.apache.ratis.thirdparty.io.grpc.StatusRuntimeException: UNAVAILABLE: io exception
2019-10-02 19:54:13,270 [grpc-default-executor-1] INFO  impl.FollowerInfo (FollowerInfo.java:lambda$new$0(51)) - 870e6959-60bf-4746-8f27-db206afdcb81@group-DAE8E919A5AB->a0833d57-9356-442d-affc-7baee9cfa057: nextIndex: updateUnconditionally 17 -> 16
2019-10-02 19:54:13,272 [RatisApplyTransactionExecutor 1] INFO  interfaces.Container (KeyValueContainer.java:flushAndSyncDB(386)) - Container 1 is synced with bcsId 14.
2019-10-02 19:54:13,272 [RatisApplyTransactionExecutor 1] INFO  interfaces.Container (KeyValueContainer.java:flushAndSyncDB(386)) - Container 1 is synced with bcsId 14.
2019-10-02 19:54:13,293 [RatisApplyTransactionExecutor 1] INFO  interfaces.Container (KeyValueContainer.java:close(335)) - Container 1 is closed with bcsId 14.
2019-10-02 19:54:13,295 [EventQueue-IncrementalContainerReportForIncrementalContainerReportHandler] INFO  container.IncrementalContainerReportHandler (AbstractContainerReportHandler.java:updateContainerState(176)) - Moving container #1 to CLOSED state, datanode 870e6959-60bf-4746-8f27-db206afdcb81{ip: 192.168.157.242, host: pr-hdds-2223-zp5j9-3680597336, networkLocation: /default-rack, certSerialId: null} reported CLOSED replica.
2019-10-02 19:54:13,403 [grpc-default-executor-0] WARN  server.GrpcLogAppender (LogUtils.java:warn(134)) - ac7d5bff-77d7-49ee-9e03-6669822ee5ed@group-57D71A09135D->7bae9e7d-ac17-45dd-9802-adba67965dd5-AppendLogResponseHandler: Failed appendEntries: org.apache.ratis.thirdparty.io.grpc.StatusRuntimeException: UNAVAILABLE: io exception
2019-10-02 19:54:13,405 [grpc-default-executor-0] INFO  impl.FollowerInfo (FollowerInfo.java:lambda$new$0(51)) - ac7d5bff-77d7-49ee-9e03-6669822ee5ed@group-57D71A09135D->7bae9e7d-ac17-45dd-9802-adba67965dd5: nextIndex: updateUnconditionally 4 -> 3
2019-10-02 19:54:15,295 [EventQueue-StaleNodeForStaleNodeHandler] INFO  node.StaleNodeHandler (StaleNodeHandler.java:onMessage(58)) - Datanode 8bcf3dda-d4f5-4d2e-bdce-006354901f05{ip: 192.168.157.242, host: pr-hdds-2223-zp5j9-3680597336, networkLocation: /default-rack, certSerialId: null} moved to stale state. Finalizing its pipelines [PipelineID=dcd27e5c-aadc-4474-992b-dc85d5cb8376, PipelineID=c870daf0-b8e6-4437-ab5e-dae8e919a5ab]
2019-10-02 19:54:15,296 [EventQueue-StaleNodeForStaleNodeHandler] INFO  pipeline.SCMPipelineManager (SCMPipelineManager.java:finalizeAndDestroyPipeline(315)) - destroying pipeline:Pipeline[ Id: dcd27e5c-aadc-4474-992b-dc85d5cb8376, Nodes: 8bcf3dda-d4f5-4d2e-bdce-006354901f05{ip: 192.168.157.242, host: pr-hdds-2223-zp5j9-3680597336, networkLocation: /default-rack, certSerialId: null}, Type:RATIS, Factor:ONE, State:OPEN]
2019-10-02 19:54:15,296 [EventQueue-StaleNodeForStaleNodeHandler] INFO  pipeline.PipelineStateManager (PipelineStateManager.java:finalizePipeline(123)) - Pipeline Pipeline[ Id: dcd27e5c-aadc-4474-992b-dc85d5cb8376, Nodes: 8bcf3dda-d4f5-4d2e-bdce-006354901f05{ip: 192.168.157.242, host: pr-hdds-2223-zp5j9-3680597336, networkLocation: /default-rack, certSerialId: null}, Type:RATIS, Factor:ONE, State:CLOSED] moved to CLOSED state
2019-10-02 19:54:15,296 [EventQueue-StaleNodeForStaleNodeHandler] INFO  pipeline.SCMPipelineManager (SCMPipelineManager.java:finalizeAndDestroyPipeline(315)) - destroying pipeline:Pipeline[ Id: c870daf0-b8e6-4437-ab5e-dae8e919a5ab, Nodes: 870e6959-60bf-4746-8f27-db206afdcb81{ip: 192.168.157.242, host: pr-hdds-2223-zp5j9-3680597336, networkLocation: /default-rack, certSerialId: null}a0833d57-9356-442d-affc-7baee9cfa057{ip: 192.168.157.242, host: pr-hdds-2223-zp5j9-3680597336, networkLocation: /default-rack, certSerialId: null}8bcf3dda-d4f5-4d2e-bdce-006354901f05{ip: 192.168.157.242, host: pr-hdds-2223-zp5j9-3680597336, networkLocation: /default-rack, certSerialId: null}, Type:RATIS, Factor:THREE, State:CLOSED]
2019-10-02 19:54:15,771 [grpc-default-executor-1] WARN  server.GrpcLogAppender (LogUtils.java:warn(134)) - 870e6959-60bf-4746-8f27-db206afdcb81@group-DAE8E919A5AB->a0833d57-9356-442d-affc-7baee9cfa057-AppendLogResponseHandler: Failed appendEntries: org.apache.ratis.thirdparty.io.grpc.StatusRuntimeException: UNAVAILABLE: io exception
2019-10-02 19:54:15,773 [grpc-default-executor-1] INFO  impl.FollowerInfo (FollowerInfo.java:lambda$new$0(51)) - 870e6959-60bf-4746-8f27-db206afdcb81@group-DAE8E919A5AB->a0833d57-9356-442d-affc-7baee9cfa057: nextIndex: updateUnconditionally 16 -> 15
2019-10-02 19:54:15,897 [EventQueue-StaleNodeForStaleNodeHandler] INFO  node.StaleNodeHandler (StaleNodeHandler.java:onMessage(58)) - Datanode ac7d5bff-77d7-49ee-9e03-6669822ee5ed{ip: 192.168.157.242, host: pr-hdds-2223-zp5j9-3680597336, networkLocation: /default-rack, certSerialId: null} moved to stale state. Finalizing its pipelines [PipelineID=5a8a7682-e620-4716-b28a-57d71a09135d, PipelineID=e6f9706e-f641-44da-a8d8-14081a383678]
2019-10-02 19:54:15,904 [EventQueue-StaleNodeForStaleNodeHandler] INFO  pipeline.SCMPipelineManager (SCMPipelineManager.java:finalizeAndDestroyPipeline(315)) - destroying pipeline:Pipeline[ Id: 5a8a7682-e620-4716-b28a-57d71a09135d, Nodes: 7bae9e7d-ac17-45dd-9802-adba67965dd5{ip: 192.168.157.242, host: pr-hdds-2223-zp5j9-3680597336, networkLocation: /default-rack, certSerialId: null}ac7d5bff-77d7-49ee-9e03-6669822ee5ed{ip: 192.168.157.242, host: pr-hdds-2223-zp5j9-3680597336, networkLocation: /default-rack, certSerialId: null}e739d841-c2f3-4ce3-9261-25610f56f3cd{ip: 192.168.157.242, host: pr-hdds-2223-zp5j9-3680597336, networkLocation: /default-rack, certSerialId: null}, Type:RATIS, Factor:THREE, State:CLOSED]
2019-10-02 19:54:15,905 [EventQueue-StaleNodeForStaleNodeHandler] INFO  pipeline.SCMPipelineManager (SCMPipelineManager.java:finalizeAndDestroyPipeline(315)) - destroying pipeline:Pipeline[ Id: e6f9706e-f641-44da-a8d8-14081a383678, Nodes: ac7d5bff-77d7-49ee-9e03-6669822ee5ed{ip: 192.168.157.242, host: pr-hdds-2223-zp5j9-3680597336, networkLocation: /default-rack, certSerialId: null}, Type:RATIS, Factor:ONE, State:OPEN]
2019-10-02 19:54:15,905 [EventQueue-StaleNodeForStaleNodeHandler] INFO  pipeline.PipelineStateManager (PipelineStateManager.java:finalizePipeline(123)) - Pipeline Pipeline[ Id: e6f9706e-f641-44da-a8d8-14081a383678, Nodes: ac7d5bff-77d7-49ee-9e03-6669822ee5ed{ip: 192.168.157.242, host: pr-hdds-2223-zp5j9-3680597336, networkLocation: /default-rack, certSerialId: null}, Type:RATIS, Factor:ONE, State:CLOSED] moved to CLOSED state
2019-10-02 19:54:15,911 [grpc-default-executor-3] WARN  server.GrpcLogAppender (LogUtils.java:warn(134)) - ac7d5bff-77d7-49ee-9e03-6669822ee5ed@group-57D71A09135D->7bae9e7d-ac17-45dd-9802-adba67965dd5-AppendLogResponseHandler: Failed appendEntries: org.apache.ratis.thirdparty.io.grpc.StatusRuntimeException: UNAVAILABLE: io exception
2019-10-02 19:54:15,915 [grpc-default-executor-3] INFO  impl.FollowerInfo (FollowerInfo.java:lambda$new$0(51)) - ac7d5bff-77d7-49ee-9e03-6669822ee5ed@group-57D71A09135D->7bae9e7d-ac17-45dd-9802-adba67965dd5: nextIndex: updateUnconditionally 3 -> 2
2019-10-02 19:54:16,190 [main] INFO  ozoneimpl.OzoneContainer (OzoneContainer.java:stop(231)) - Attempting to stop container services.
2019-10-02 19:54:16,191 [main] INFO  impl.RaftServerProxy (RaftServerProxy.java:lambda$close$4(314)) - ac7d5bff-77d7-49ee-9e03-6669822ee5ed: close
2019-10-02 19:54:16,191 [ForkJoinPool.commonPool-worker-1] INFO  ozoneimpl.OzoneContainer (OzoneContainer.java:stop(231)) - Attempting to stop container services.
2019-10-02 19:54:16,192 [main] INFO  impl.RaftServerImpl (RaftServerImpl.java:lambda$shutdown$3(247)) - ac7d5bff-77d7-49ee-9e03-6669822ee5ed@group-57D71A09135D: shutdown
2019-10-02 19:54:16,192 [ForkJoinPool.commonPool-worker-1] INFO  impl.RaftServerProxy (RaftServerProxy.java:lambda$close$4(314)) - 8bcf3dda-d4f5-4d2e-bdce-006354901f05: close
2019-10-02 19:54:16,192 [main] INFO  util.JmxRegister (JmxRegister.java:unregister(73)) - Successfully un-registered JMX Bean with object name Ratis:service=RaftServer,group=group-57D71A09135D,id=ac7d5bff-77d7-49ee-9e03-6669822ee5ed
2019-10-02 19:54:16,192 [ForkJoinPool.commonPool-worker-1] INFO  impl.RaftServerImpl (RaftServerImpl.java:lambda$shutdown$3(247)) - 8bcf3dda-d4f5-4d2e-bdce-006354901f05@group-DC85D5CB8376: shutdown
2019-10-02 19:54:16,193 [main] INFO  impl.RoleInfo (RoleInfo.java:shutdownLeaderState(104)) - ac7d5bff-77d7-49ee-9e03-6669822ee5ed: shutdown LeaderState
2019-10-02 19:54:16,193 [ForkJoinPool.commonPool-worker-1] INFO  util.JmxRegister (JmxRegister.java:unregister(73)) - Successfully un-registered JMX Bean with object name Ratis:service=RaftServer,group=group-DC85D5CB8376,id=8bcf3dda-d4f5-4d2e-bdce-006354901f05
2019-10-02 19:54:16,197 [ForkJoinPool.commonPool-worker-1] INFO  impl.RoleInfo (RoleInfo.java:shutdownLeaderState(104)) - 8bcf3dda-d4f5-4d2e-bdce-006354901f05: shutdown LeaderState
2019-10-02 19:54:16,197 [main] INFO  impl.PendingRequests (PendingRequests.java:sendNotLeaderResponses(202)) - ac7d5bff-77d7-49ee-9e03-6669822ee5ed@group-57D71A09135D-PendingRequests: sendNotLeaderResponses
2019-10-02 19:54:16,197 [org.apache.ratis.server.impl.LogAppender$AppenderDaemon$$Lambda$521/580716886@56421d84] WARN  server.GrpcLogAppender (GrpcLogAppender.java:mayWait(143)) - ac7d5bff-77d7-49ee-9e03-6669822ee5ed@group-57D71A09135D->7bae9e7d-ac17-45dd-9802-adba67965dd5-GrpcLogAppender: Wait interrupted by java.lang.InterruptedException
2019-10-02 19:54:16,197 [org.apache.ratis.server.impl.LogAppender$AppenderDaemon$$Lambda$521/580716886@268e14f] WARN  server.GrpcLogAppender (GrpcLogAppender.java:mayWait(143)) - ac7d5bff-77d7-49ee-9e03-6669822ee5ed@group-57D71A09135D->e739d841-c2f3-4ce3-9261-25610f56f3cd-GrpcLogAppender: Wait interrupted by java.lang.InterruptedException
2019-10-02 19:54:16,197 [ForkJoinPool.commonPool-worker-1] INFO  impl.PendingRequests (PendingRequests.java:sendNotLeaderResponses(202)) - 8bcf3dda-d4f5-4d2e-bdce-006354901f05@group-DC85D5CB8376-PendingRequests: sendNotLeaderResponses
2019-10-02 19:54:16,198 [ForkJoinPool.commonPool-worker-1] INFO  impl.StateMachineUpdater (StateMachineUpdater.java:stopAndJoin(136)) - 8bcf3dda-d4f5-4d2e-bdce-006354901f05@group-DC85D5CB8376-StateMachineUpdater: set stopIndex = 0
2019-10-02 19:54:16,199 [ForkJoinPool.commonPool-worker-1] INFO  impl.RaftServerImpl (ServerState.java:close(387)) - 8bcf3dda-d4f5-4d2e-bdce-006354901f05@group-DC85D5CB8376: closes. applyIndex: 0
2019-10-02 19:54:16,199 [8bcf3dda-d4f5-4d2e-bdce-006354901f05@group-DC85D5CB8376-SegmentedRaftLogWorker] INFO  segmented.SegmentedRaftLogWorker (SegmentedRaftLogWorker.java:run(316)) - 8bcf3dda-d4f5-4d2e-bdce-006354901f05@group-DC85D5CB8376-SegmentedRaftLogWorker was interrupted, exiting. There are 0 tasks remaining in the queue.
2019-10-02 19:54:16,201 [ForkJoinPool.commonPool-worker-1] INFO  segmented.SegmentedRaftLogWorker (SegmentedRaftLogWorker.java:close(224)) - 8bcf3dda-d4f5-4d2e-bdce-006354901f05@group-DC85D5CB8376-SegmentedRaftLogWorker close()
2019-10-02 19:54:16,203 [ForkJoinPool.commonPool-worker-1] INFO  impl.RaftServerImpl (RaftServerImpl.java:lambda$shutdown$3(247)) - 8bcf3dda-d4f5-4d2e-bdce-006354901f05@group-DAE8E919A5AB: shutdown
2019-10-02 19:54:16,204 [ForkJoinPool.commonPool-worker-1] INFO  util.JmxRegister (JmxRegister.java:unregister(73)) - Successfully un-registered JMX Bean with object name Ratis:service=RaftServer,group=group-DAE8E919A5AB,id=8bcf3dda-d4f5-4d2e-bdce-006354901f05
2019-10-02 19:54:16,204 [ForkJoinPool.commonPool-worker-1] INFO  impl.RoleInfo (RoleInfo.java:shutdownFollowerState(121)) - 8bcf3dda-d4f5-4d2e-bdce-006354901f05: shutdown FollowerState
2019-10-02 19:54:16,204 [grpc-default-executor-3] INFO  server.GrpcServerProtocolService (GrpcServerProtocolService.java:onCompleted(113)) - e739d841-c2f3-4ce3-9261-25610f56f3cd: Completed APPEND_ENTRIES, lastRequest: ac7d5bff-77d7-49ee-9e03-6669822ee5ed->e739d841-c2f3-4ce3-9261-25610f56f3cd#10-t1, previous=(t:1, i:4), leaderCommit=4, initializing? false, entries: <empty>
2019-10-02 19:54:16,204 [8bcf3dda-d4f5-4d2e-bdce-006354901f05@group-DAE8E919A5AB-StateMachineUpdater] INFO  ratis.ContainerStateMachine (ContainerStateMachine.java:takeSnapshot(289)) - group-DAE8E919A5AB: Taking a snapshot at:(t:1, i:13) file /workdir/hadoop-ozone/integration-test/target/test-dir/MiniOzoneClusterImpl-85ec13a9-98bf-43b5-845f-0fdbc936e02f/datanode-2/data/ratis/c870daf0-b8e6-4437-ab5e-dae8e919a5ab/sm/snapshot.1_13
2019-10-02 19:54:16,204 [Thread-322] INFO  impl.FollowerState (FollowerState.java:run(117)) - 8bcf3dda-d4f5-4d2e-bdce-006354901f05@group-DAE8E919A5AB-FollowerState was interrupted: java.lang.InterruptedException: sleep interrupted
2019-10-02 19:54:16,204 [ForkJoinPool.commonPool-worker-1] INFO  impl.StateMachineUpdater (StateMachineUpdater.java:stopAndJoin(136)) - 8bcf3dda-d4f5-4d2e-bdce-006354901f05@group-DAE8E919A5AB-StateMachineUpdater: set stopIndex = 18
2019-10-02 19:54:16,208 [grpc-default-executor-3] INFO  server.GrpcLogAppender (GrpcLogAppender.java:onCompleted(293)) - ac7d5bff-77d7-49ee-9e03-6669822ee5ed@group-57D71A09135D->e739d841-c2f3-4ce3-9261-25610f56f3cd-AppendLogResponseHandler: follower responses appendEntries COMPLETED
2019-10-02 19:54:16,214 [grpc-default-executor-3] INFO  impl.FollowerInfo (FollowerInfo.java:lambda$new$0(51)) - ac7d5bff-77d7-49ee-9e03-6669822ee5ed@group-57D71A09135D->e739d841-c2f3-4ce3-9261-25610f56f3cd: nextIndex: updateUnconditionally 5 -> 4
2019-10-02 19:54:16,214 [ac7d5bff-77d7-49ee-9e03-6669822ee5ed@group-57D71A09135D-StateMachineUpdater] INFO  ratis.ContainerStateMachine (ContainerStateMachine.java:takeSnapshot(289)) - group-57D71A09135D: Taking a snapshot at:(t:1, i:4) file /workdir/hadoop-ozone/integration-test/target/test-dir/MiniOzoneClusterImpl-85ec13a9-98bf-43b5-845f-0fdbc936e02f/datanode-6/data/ratis/5a8a7682-e620-4716-b28a-57d71a09135d/sm/snapshot.1_4
2019-10-02 19:54:16,214 [main] INFO  impl.StateMachineUpdater (StateMachineUpdater.java:stopAndJoin(136)) - ac7d5bff-77d7-49ee-9e03-6669822ee5ed@group-57D71A09135D-StateMachineUpdater: set stopIndex = 4
2019-10-02 19:54:16,232 [ac7d5bff-77d7-49ee-9e03-6669822ee5ed@group-57D71A09135D-StateMachineUpdater] INFO  ratis.ContainerStateMachine (ContainerStateMachine.java:takeSnapshot(300)) - group-57D71A09135D: Finished taking a snapshot at:(t:1, i:4) file:/workdir/hadoop-ozone/integration-test/target/test-dir/MiniOzoneClusterImpl-85ec13a9-98bf-43b5-845f-0fdbc936e02f/datanode-6/data/ratis/5a8a7682-e620-4716-b28a-57d71a09135d/sm/snapshot.1_4 time:18
2019-10-02 19:54:16,232 [8bcf3dda-d4f5-4d2e-bdce-006354901f05@group-DAE8E919A5AB-StateMachineUpdater] INFO  ratis.ContainerStateMachine (ContainerStateMachine.java:takeSnapshot(300)) - group-DAE8E919A5AB: Finished taking a snapshot at:(t:1, i:13) file:/workdir/hadoop-ozone/integration-test/target/test-dir/MiniOzoneClusterImpl-85ec13a9-98bf-43b5-845f-0fdbc936e02f/datanode-2/data/ratis/c870daf0-b8e6-4437-ab5e-dae8e919a5ab/sm/snapshot.1_13 time:28
2019-10-02 19:54:16,232 [ac7d5bff-77d7-49ee-9e03-6669822ee5ed@group-57D71A09135D-StateMachineUpdater] INFO  impl.StateMachineUpdater (StateMachineUpdater.java:takeSnapshot(269)) - ac7d5bff-77d7-49ee-9e03-6669822ee5ed@group-57D71A09135D-StateMachineUpdater: Took a snapshot at index 4
2019-10-02 19:54:16,233 [ac7d5bff-77d7-49ee-9e03-6669822ee5ed@group-57D71A09135D-StateMachineUpdater] INFO  impl.StateMachineUpdater (StateMachineUpdater.java:lambda$new$0(84)) - ac7d5bff-77d7-49ee-9e03-6669822ee5ed@group-57D71A09135D-StateMachineUpdater: snapshotIndex: updateIncreasingly -1 -> 4
2019-10-02 19:54:16,233 [8bcf3dda-d4f5-4d2e-bdce-006354901f05@group-DAE8E919A5AB-StateMachineUpdater] INFO  impl.StateMachineUpdater (StateMachineUpdater.java:takeSnapshot(269)) - 8bcf3dda-d4f5-4d2e-bdce-006354901f05@group-DAE8E919A5AB-StateMachineUpdater: Took a snapshot at index 13
2019-10-02 19:54:16,233 [8bcf3dda-d4f5-4d2e-bdce-006354901f05@group-DAE8E919A5AB-StateMachineUpdater] INFO  impl.StateMachineUpdater (StateMachineUpdater.java:lambda$new$0(84)) - 8bcf3dda-d4f5-4d2e-bdce-006354901f05@group-DAE8E919A5AB-StateMachineUpdater: snapshotIndex: updateIncreasingly -1 -> 13
2019-10-02 19:54:16,233 [main] INFO  impl.RaftServerImpl (ServerState.java:close(387)) - ac7d5bff-77d7-49ee-9e03-6669822ee5ed@group-57D71A09135D: closes. applyIndex: 4
2019-10-02 19:54:16,233 [8bcf3dda-d4f5-4d2e-bdce-006354901f05@group-DAE8E919A5AB-StateMachineUpdater] INFO  ratis.ContainerStateMachine (ContainerStateMachine.java:takeSnapshot(289)) - group-DAE8E919A5AB: Taking a snapshot at:(t:1, i:13) file /workdir/hadoop-ozone/integration-test/target/test-dir/MiniOzoneClusterImpl-85ec13a9-98bf-43b5-845f-0fdbc936e02f/datanode-2/data/ratis/c870daf0-b8e6-4437-ab5e-dae8e919a5ab/sm/snapshot.1_13
2019-10-02 19:54:16,234 [ac7d5bff-77d7-49ee-9e03-6669822ee5ed@group-57D71A09135D-SegmentedRaftLogWorker] INFO  segmented.SegmentedRaftLogWorker (SegmentedRaftLogWorker.java:run(316)) - ac7d5bff-77d7-49ee-9e03-6669822ee5ed@group-57D71A09135D-SegmentedRaftLogWorker was interrupted, exiting. There are 0 tasks remaining in the queue.
2019-10-02 19:54:16,236 [main] INFO  segmented.SegmentedRaftLogWorker (SegmentedRaftLogWorker.java:close(224)) - ac7d5bff-77d7-49ee-9e03-6669822ee5ed@group-57D71A09135D-SegmentedRaftLogWorker close()
2019-10-02 19:54:16,236 [8bcf3dda-d4f5-4d2e-bdce-006354901f05@group-DAE8E919A5AB-StateMachineUpdater] INFO  ratis.ContainerStateMachine (ContainerStateMachine.java:takeSnapshot(300)) - group-DAE8E919A5AB: Finished taking a snapshot at:(t:1, i:13) file:/workdir/hadoop-ozone/integration-test/target/test-dir/MiniOzoneClusterImpl-85ec13a9-98bf-43b5-845f-0fdbc936e02f/datanode-2/data/ratis/c870daf0-b8e6-4437-ab5e-dae8e919a5ab/sm/snapshot.1_13 time:3
2019-10-02 19:54:16,239 [main] INFO  impl.RaftServerImpl (RaftServerImpl.java:lambda$shutdown$3(247)) - ac7d5bff-77d7-49ee-9e03-6669822ee5ed@group-14081A383678: shutdown
2019-10-02 19:54:16,239 [8bcf3dda-d4f5-4d2e-bdce-006354901f05@group-DAE8E919A5AB-StateMachineUpdater] INFO  impl.StateMachineUpdater (StateMachineUpdater.java:takeSnapshot(269)) - 8bcf3dda-d4f5-4d2e-bdce-006354901f05@group-DAE8E919A5AB-StateMachineUpdater: Took a snapshot at index 13
2019-10-02 19:54:16,240 [main] INFO  util.JmxRegister (JmxRegister.java:unregister(73)) - Successfully un-registered JMX Bean with object name Ratis:service=RaftServer,group=group-14081A383678,id=ac7d5bff-77d7-49ee-9e03-6669822ee5ed
2019-10-02 19:54:16,240 [8bcf3dda-d4f5-4d2e-bdce-006354901f05@group-DAE8E919A5AB-StateMachineUpdater] INFO  impl.StateMachineUpdater (StateMachineUpdater.java:lambda$new$0(84)) - 8bcf3dda-d4f5-4d2e-bdce-006354901f05@group-DAE8E919A5AB-StateMachineUpdater: snapshotIndex: updateIncreasingly 13 -> 13
2019-10-02 19:54:16,240 [main] INFO  impl.RoleInfo (RoleInfo.java:shutdownLeaderState(104)) - ac7d5bff-77d7-49ee-9e03-6669822ee5ed: shutdown LeaderState
2019-10-02 19:54:16,240 [ForkJoinPool.commonPool-worker-1] INFO  impl.RaftServerImpl (ServerState.java:close(387)) - 8bcf3dda-d4f5-4d2e-bdce-006354901f05@group-DAE8E919A5AB: closes. applyIndex: 18
2019-10-02 19:54:16,241 [main] INFO  impl.PendingRequests (PendingRequests.java:sendNotLeaderResponses(202)) - ac7d5bff-77d7-49ee-9e03-6669822ee5ed@group-14081A383678-PendingRequests: sendNotLeaderResponses
2019-10-02 19:54:16,241 [8bcf3dda-d4f5-4d2e-bdce-006354901f05@group-DAE8E919A5AB-SegmentedRaftLogWorker] INFO  segmented.SegmentedRaftLogWorker (SegmentedRaftLogWorker.java:run(316)) - 8bcf3dda-d4f5-4d2e-bdce-006354901f05@group-DAE8E919A5AB-SegmentedRaftLogWorker was interrupted, exiting. There are 0 tasks remaining in the queue.
2019-10-02 19:54:16,241 [main] INFO  impl.StateMachineUpdater (StateMachineUpdater.java:stopAndJoin(136)) - ac7d5bff-77d7-49ee-9e03-6669822ee5ed@group-14081A383678-StateMachineUpdater: set stopIndex = 0
2019-10-02 19:54:16,243 [ForkJoinPool.commonPool-worker-1] INFO  segmented.SegmentedRaftLogWorker (SegmentedRaftLogWorker.java:close(224)) - 8bcf3dda-d4f5-4d2e-bdce-006354901f05@group-DAE8E919A5AB-SegmentedRaftLogWorker close()
2019-10-02 19:54:16,243 [main] INFO  impl.RaftServerImpl (ServerState.java:close(387)) - ac7d5bff-77d7-49ee-9e03-6669822ee5ed@group-14081A383678: closes. applyIndex: 0
2019-10-02 19:54:16,246 [ForkJoinPool.commonPool-worker-1] INFO  server.GrpcService (GrpcService.java:closeImpl(164)) - 8bcf3dda-d4f5-4d2e-bdce-006354901f05: shutdown server with port 39482 now
2019-10-02 19:54:16,247 [ac7d5bff-77d7-49ee-9e03-6669822ee5ed@group-14081A383678-SegmentedRaftLogWorker] INFO  segmented.SegmentedRaftLogWorker (SegmentedRaftLogWorker.java:run(316)) - ac7d5bff-77d7-49ee-9e03-6669822ee5ed@group-14081A383678-SegmentedRaftLogWorker was interrupted, exiting. There are 0 tasks remaining in the queue.
2019-10-02 19:54:16,249 [main] INFO  segmented.SegmentedRaftLogWorker (SegmentedRaftLogWorker.java:close(224)) - ac7d5bff-77d7-49ee-9e03-6669822ee5ed@group-14081A383678-SegmentedRaftLogWorker close()
2019-10-02 19:54:16,254 [main] INFO  server.GrpcService (GrpcService.java:closeImpl(164)) - ac7d5bff-77d7-49ee-9e03-6669822ee5ed: shutdown server with port 46165 now
2019-10-02 19:54:16,254 [grpc-default-executor-3] WARN  server.GrpcServerProtocolService (LogUtils.java:warn(134)) - 8bcf3dda-d4f5-4d2e-bdce-006354901f05: installSnapshot onError, lastRequest: 870e6959-60bf-4746-8f27-db206afdcb81->8bcf3dda-d4f5-4d2e-bdce-006354901f05#23-t1, previous=(t:1, i:18), leaderCommit=18, initializing? false, entries: <empty>: org.apache.ratis.thirdparty.io.grpc.StatusRuntimeException: CANCELLED: cancelled before receiving half close
2019-10-02 19:54:16,255 [ForkJoinPool.commonPool-worker-1] INFO  server.GrpcService (GrpcService.java:closeImpl(172)) - 8bcf3dda-d4f5-4d2e-bdce-006354901f05: shutdown server with port 39482 successfully
2019-10-02 19:54:16,255 [grpc-default-executor-1] WARN  server.GrpcLogAppender (LogUtils.java:warn(134)) - 870e6959-60bf-4746-8f27-db206afdcb81@group-DAE8E919A5AB->8bcf3dda-d4f5-4d2e-bdce-006354901f05-AppendLogResponseHandler: Failed appendEntries: org.apache.ratis.thirdparty.io.grpc.StatusRuntimeException: CANCELLED: HTTP/2 error code: CANCEL
Received Rst Stream
2019-10-02 19:54:16,255 [main] INFO  server.GrpcService (GrpcService.java:closeImpl(172)) - ac7d5bff-77d7-49ee-9e03-6669822ee5ed: shutdown server with port 46165 successfully
2019-10-02 19:54:16,259 [grpc-default-executor-1] INFO  impl.FollowerInfo (FollowerInfo.java:lambda$new$0(51)) - 870e6959-60bf-4746-8f27-db206afdcb81@group-DAE8E919A5AB->8bcf3dda-d4f5-4d2e-bdce-006354901f05: nextIndex: updateUnconditionally 19 -> 18
2019-10-02 19:54:16,268 [refreshUsed-/workdir/hadoop-ozone/integration-test/target/test-dir/MiniOzoneClusterImpl-85ec13a9-98bf-43b5-845f-0fdbc936e02f/datanode-6/data/containers] WARN  fs.CachingGetSpaceUsed (CachingGetSpaceUsed.java:run(183)) - Thread Interrupted waiting to refresh disk information: sleep interrupted
2019-10-02 19:54:16,270 [refreshUsed-/workdir/hadoop-ozone/integration-test/target/test-dir/MiniOzoneClusterImpl-85ec13a9-98bf-43b5-845f-0fdbc936e02f/datanode-2/data/containers] WARN  fs.CachingGetSpaceUsed (CachingGetSpaceUsed.java:run(183)) - Thread Interrupted waiting to refresh disk information: sleep interrupted
2019-10-02 19:54:16,288 [ForkJoinPool.commonPool-worker-1] INFO  utils.BackgroundService (BackgroundService.java:shutdown(148)) - Shutting down service BlockDeletingService
2019-10-02 19:54:16,294 [ForkJoinPool.commonPool-worker-1] INFO  statemachine.DatanodeStateMachine (DatanodeStateMachine.java:stopDaemon(395)) - Ozone container server stopped.
2019-10-02 19:54:16,300 [ForkJoinPool.commonPool-worker-1] INFO  handler.ContextHandler (ContextHandler.java:doStop(910)) - Stopped o.e.j.w.WebAppContext@6b1dc20f{/,null,UNAVAILABLE}{/hddsDatanode}
2019-10-02 19:54:16,300 [ForkJoinPool.commonPool-worker-1] INFO  server.AbstractConnector (AbstractConnector.java:doStop(318)) - Stopped ServerConnector@4613311f{HTTP/1.1,[http/1.1]}{0.0.0.0:0}
2019-10-02 19:54:16,302 [ForkJoinPool.commonPool-worker-1] INFO  handler.ContextHandler (ContextHandler.java:doStop(910)) - Stopped o.e.j.s.ServletContextHandler@6dcc40f5{/static,jar:file:/home/user/.m2/repository/org/apache/hadoop/hadoop-hdds-container-service/0.5.0-SNAPSHOT/hadoop-hdds-container-service-0.5.0-SNAPSHOT.jar!/webapps/static,UNAVAILABLE}
2019-10-02 19:54:16,303 [ForkJoinPool.commonPool-worker-1] INFO  handler.ContextHandler (ContextHandler.java:doStop(910)) - Stopped o.e.j.s.ServletContextHandler@40e37b06{/logs,file:///workdir/hadoop-ozone/integration-test/target/log,UNAVAILABLE}
2019-10-02 19:54:16,304 [main] INFO  utils.BackgroundService (BackgroundService.java:shutdown(148)) - Shutting down service BlockDeletingService
2019-10-02 19:54:16,309 [main] INFO  statemachine.DatanodeStateMachine (DatanodeStateMachine.java:stopDaemon(395)) - Ozone container server stopped.
2019-10-02 19:54:16,310 [main] INFO  handler.ContextHandler (ContextHandler.java:doStop(910)) - Stopped o.e.j.w.WebAppContext@6c841199{/,null,UNAVAILABLE}{/hddsDatanode}
2019-10-02 19:54:16,311 [main] INFO  server.AbstractConnector (AbstractConnector.java:doStop(318)) - Stopped ServerConnector@6a818392{HTTP/1.1,[http/1.1]}{0.0.0.0:0}
2019-10-02 19:54:16,311 [main] INFO  handler.ContextHandler (ContextHandler.java:doStop(910)) - Stopped o.e.j.s.ServletContextHandler@4adc663e{/static,jar:file:/home/user/.m2/repository/org/apache/hadoop/hadoop-hdds-container-service/0.5.0-SNAPSHOT/hadoop-hdds-container-service-0.5.0-SNAPSHOT.jar!/webapps/static,UNAVAILABLE}
2019-10-02 19:54:16,312 [main] INFO  handler.ContextHandler (ContextHandler.java:doStop(910)) - Stopped o.e.j.s.ServletContextHandler@7d3fb0ef{/logs,file:///workdir/hadoop-ozone/integration-test/target/log,UNAVAILABLE}
2019-10-02 19:54:16,378 [Datanode State Machine Thread - 0] INFO  statemachine.DatanodeStateMachine (DatanodeStateMachine.java:lambda$startDaemon$0(350)) - Ozone container server started.
2019-10-02 19:54:16,844 [Datanode State Machine Thread - 0] INFO  statemachine.DatanodeStateMachine (DatanodeStateMachine.java:lambda$startDaemon$0(350)) - Ozone container server started.
2019-10-02 19:54:18,274 [grpc-default-executor-4] WARN  server.GrpcLogAppender (LogUtils.java:warn(134)) - 870e6959-60bf-4746-8f27-db206afdcb81@group-DAE8E919A5AB->8bcf3dda-d4f5-4d2e-bdce-006354901f05-AppendLogResponseHandler: Failed appendEntries: org.apache.ratis.thirdparty.io.grpc.StatusRuntimeException: UNAVAILABLE: io exception
2019-10-02 19:54:18,276 [grpc-default-executor-4] INFO  impl.FollowerInfo (FollowerInfo.java:lambda$new$0(51)) - 870e6959-60bf-4746-8f27-db206afdcb81@group-DAE8E919A5AB->8bcf3dda-d4f5-4d2e-bdce-006354901f05: nextIndex: updateUnconditionally 18 -> 17
2019-10-02 19:54:18,277 [grpc-default-executor-0] WARN  server.GrpcLogAppender (LogUtils.java:warn(134)) - 870e6959-60bf-4746-8f27-db206afdcb81@group-DAE8E919A5AB->a0833d57-9356-442d-affc-7baee9cfa057-AppendLogResponseHandler: Failed appendEntries: org.apache.ratis.thirdparty.io.grpc.StatusRuntimeException: UNAVAILABLE: io exception
2019-10-02 19:54:18,285 [grpc-default-executor-0] INFO  impl.FollowerInfo (FollowerInfo.java:lambda$new$0(51)) - 870e6959-60bf-4746-8f27-db206afdcb81@group-DAE8E919A5AB->a0833d57-9356-442d-affc-7baee9cfa057: nextIndex: updateUnconditionally 15 -> 14
2019-10-02 19:54:20,408 [EventQueue-StaleNodeForStaleNodeHandler] INFO  node.StaleNodeHandler (StaleNodeHandler.java:onMessage(58)) - Datanode 230a1857-bafd-469f-96b3-77153f152411{ip: 192.168.157.242, host: pr-hdds-2223-zp5j9-3680597336, networkLocation: /default-rack, certSerialId: null} moved to stale state. Finalizing its pipelines [PipelineID=5fc08c17-77b9-4aca-aaa0-1a058c7fbc19]
2019-10-02 19:54:20,409 [EventQueue-StaleNodeForStaleNodeHandler] INFO  pipeline.SCMPipelineManager (SCMPipelineManager.java:finalizeAndDestroyPipeline(315)) - destroying pipeline:Pipeline[ Id: 5fc08c17-77b9-4aca-aaa0-1a058c7fbc19, Nodes: 230a1857-bafd-469f-96b3-77153f152411{ip: 192.168.157.242, host: pr-hdds-2223-zp5j9-3680597336, networkLocation: /default-rack, certSerialId: null}, Type:RATIS, Factor:ONE, State:OPEN]
2019-10-02 19:54:20,409 [EventQueue-StaleNodeForStaleNodeHandler] INFO  pipeline.PipelineStateManager (PipelineStateManager.java:finalizePipeline(123)) - Pipeline Pipeline[ Id: 5fc08c17-77b9-4aca-aaa0-1a058c7fbc19, Nodes: 230a1857-bafd-469f-96b3-77153f152411{ip: 192.168.157.242, host: pr-hdds-2223-zp5j9-3680597336, networkLocation: /default-rack, certSerialId: null}, Type:RATIS, Factor:ONE, State:CLOSED] moved to CLOSED state
2019-10-02 19:54:20,784 [grpc-default-executor-2] WARN  server.GrpcLogAppender (LogUtils.java:warn(134)) - 870e6959-60bf-4746-8f27-db206afdcb81@group-DAE8E919A5AB->8bcf3dda-d4f5-4d2e-bdce-006354901f05-AppendLogResponseHandler: Failed appendEntries: org.apache.ratis.thirdparty.io.grpc.StatusRuntimeException: UNAVAILABLE: io exception
2019-10-02 19:54:20,786 [grpc-default-executor-2] INFO  impl.FollowerInfo (FollowerInfo.java:lambda$new$0(51)) - 870e6959-60bf-4746-8f27-db206afdcb81@group-DAE8E919A5AB->8bcf3dda-d4f5-4d2e-bdce-006354901f05: nextIndex: updateUnconditionally 17 -> 16
2019-10-02 19:54:20,786 [grpc-default-executor-5] WARN  server.GrpcLogAppender (LogUtils.java:warn(134)) - 870e6959-60bf-4746-8f27-db206afdcb81@group-DAE8E919A5AB->a0833d57-9356-442d-affc-7baee9cfa057-AppendLogResponseHandler: Failed appendEntries: org.apache.ratis.thirdparty.io.grpc.StatusRuntimeException: UNAVAILABLE: io exception
2019-10-02 19:54:20,788 [grpc-default-executor-5] INFO  impl.FollowerInfo (FollowerInfo.java:lambda$new$0(51)) - 870e6959-60bf-4746-8f27-db206afdcb81@group-DAE8E919A5AB->a0833d57-9356-442d-affc-7baee9cfa057: nextIndex: updateUnconditionally 14 -> 13
2019-10-02 19:54:20,909 [EventQueue-StaleNodeForStaleNodeHandler] INFO  node.StaleNodeHandler (StaleNodeHandler.java:onMessage(58)) - Datanode e739d841-c2f3-4ce3-9261-25610f56f3cd{ip: 192.168.157.242, host: pr-hdds-2223-zp5j9-3680597336, networkLocation: /default-rack, certSerialId: null} moved to stale state. Finalizing its pipelines [PipelineID=78b3f845-32e0-4010-8a47-107943a5297a, PipelineID=5a8a7682-e620-4716-b28a-57d71a09135d]
2019-10-02 19:54:20,909 [EventQueue-StaleNodeForStaleNodeHandler] INFO  pipeline.SCMPipelineManager (SCMPipelineManager.java:finalizeAndDestroyPipeline(315)) - destroying pipeline:Pipeline[ Id: 78b3f845-32e0-4010-8a47-107943a5297a, Nodes: e739d841-c2f3-4ce3-9261-25610f56f3cd{ip: 192.168.157.242, host: pr-hdds-2223-zp5j9-3680597336, networkLocation: /default-rack, certSerialId: null}, Type:RATIS, Factor:ONE, State:OPEN]
2019-10-02 19:54:20,909 [EventQueue-StaleNodeForStaleNodeHandler] INFO  pipeline.PipelineStateManager (PipelineStateManager.java:finalizePipeline(123)) - Pipeline Pipeline[ Id: 78b3f845-32e0-4010-8a47-107943a5297a, Nodes: e739d841-c2f3-4ce3-9261-25610f56f3cd{ip: 192.168.157.242, host: pr-hdds-2223-zp5j9-3680597336, networkLocation: /default-rack, certSerialId: null}, Type:RATIS, Factor:ONE, State:CLOSED] moved to CLOSED state
2019-10-02 19:54:20,910 [EventQueue-StaleNodeForStaleNodeHandler] INFO  pipeline.SCMPipelineManager (SCMPipelineManager.java:finalizeAndDestroyPipeline(315)) - destroying pipeline:Pipeline[ Id: 5a8a7682-e620-4716-b28a-57d71a09135d, Nodes: 7bae9e7d-ac17-45dd-9802-adba67965dd5{ip: 192.168.157.242, host: pr-hdds-2223-zp5j9-3680597336, networkLocation: /default-rack, certSerialId: null}ac7d5bff-77d7-49ee-9e03-6669822ee5ed{ip: 192.168.157.242, host: pr-hdds-2223-zp5j9-3680597336, networkLocation: /default-rack, certSerialId: null}e739d841-c2f3-4ce3-9261-25610f56f3cd{ip: 192.168.157.242, host: pr-hdds-2223-zp5j9-3680597336, networkLocation: /default-rack, certSerialId: null}, Type:RATIS, Factor:THREE, State:CLOSED]
2019-10-02 19:54:21,305 [ForkJoinPool.commonPool-worker-1] INFO  ozoneimpl.OzoneContainer (OzoneContainer.java:stop(231)) - Attempting to stop container services.
2019-10-02 19:54:21,306 [ForkJoinPool.commonPool-worker-1] INFO  impl.RaftServerProxy (RaftServerProxy.java:lambda$close$4(314)) - 230a1857-bafd-469f-96b3-77153f152411: close
2019-10-02 19:54:21,307 [ForkJoinPool.commonPool-worker-1] INFO  impl.RaftServerImpl (RaftServerImpl.java:lambda$shutdown$3(247)) - 230a1857-bafd-469f-96b3-77153f152411@group-1A058C7FBC19: shutdown
2019-10-02 19:54:21,307 [ForkJoinPool.commonPool-worker-1] INFO  util.JmxRegister (JmxRegister.java:unregister(73)) - Successfully un-registered JMX Bean with object name Ratis:service=RaftServer,group=group-1A058C7FBC19,id=230a1857-bafd-469f-96b3-77153f152411
2019-10-02 19:54:21,307 [ForkJoinPool.commonPool-worker-1] INFO  impl.RoleInfo (RoleInfo.java:shutdownLeaderState(104)) - 230a1857-bafd-469f-96b3-77153f152411: shutdown LeaderState
2019-10-02 19:54:21,308 [ForkJoinPool.commonPool-worker-1] INFO  impl.PendingRequests (PendingRequests.java:sendNotLeaderResponses(202)) - 230a1857-bafd-469f-96b3-77153f152411@group-1A058C7FBC19-PendingRequests: sendNotLeaderResponses
2019-10-02 19:54:21,308 [ForkJoinPool.commonPool-worker-1] INFO  impl.StateMachineUpdater (StateMachineUpdater.java:stopAndJoin(136)) - 230a1857-bafd-469f-96b3-77153f152411@group-1A058C7FBC19-StateMachineUpdater: set stopIndex = 0
2019-10-02 19:54:21,309 [ForkJoinPool.commonPool-worker-1] INFO  impl.RaftServerImpl (ServerState.java:close(387)) - 230a1857-bafd-469f-96b3-77153f152411@group-1A058C7FBC19: closes. applyIndex: 0
2019-10-02 19:54:21,310 [230a1857-bafd-469f-96b3-77153f152411@group-1A058C7FBC19-SegmentedRaftLogWorker] INFO  segmented.SegmentedRaftLogWorker (SegmentedRaftLogWorker.java:run(316)) - 230a1857-bafd-469f-96b3-77153f152411@group-1A058C7FBC19-SegmentedRaftLogWorker was interrupted, exiting. There are 0 tasks remaining in the queue.
2019-10-02 19:54:21,316 [ForkJoinPool.commonPool-worker-1] INFO  segmented.SegmentedRaftLogWorker (SegmentedRaftLogWorker.java:close(224)) - 230a1857-bafd-469f-96b3-77153f152411@group-1A058C7FBC19-SegmentedRaftLogWorker close()
2019-10-02 19:54:21,316 [main] INFO  ozoneimpl.OzoneContainer (OzoneContainer.java:stop(231)) - Attempting to stop container services.
2019-10-02 19:54:21,320 [ForkJoinPool.commonPool-worker-1] INFO  server.GrpcService (GrpcService.java:closeImpl(164)) - 230a1857-bafd-469f-96b3-77153f152411: shutdown server with port 41335 now
2019-10-02 19:54:21,321 [main] INFO  impl.RaftServerProxy (RaftServerProxy.java:lambda$close$4(314)) - e739d841-c2f3-4ce3-9261-25610f56f3cd: close
2019-10-02 19:54:21,322 [ForkJoinPool.commonPool-worker-1] INFO  server.GrpcService (GrpcService.java:closeImpl(172)) - 230a1857-bafd-469f-96b3-77153f152411: shutdown server with port 41335 successfully
2019-10-02 19:54:21,323 [main] INFO  impl.RaftServerImpl (RaftServerImpl.java:lambda$shutdown$3(247)) - e739d841-c2f3-4ce3-9261-25610f56f3cd@group-107943A5297A: shutdown
2019-10-02 19:54:21,323 [main] INFO  util.JmxRegister (JmxRegister.java:unregister(73)) - Successfully un-registered JMX Bean with object name Ratis:service=RaftServer,group=group-107943A5297A,id=e739d841-c2f3-4ce3-9261-25610f56f3cd
2019-10-02 19:54:21,324 [main] INFO  impl.RoleInfo (RoleInfo.java:shutdownLeaderState(104)) - e739d841-c2f3-4ce3-9261-25610f56f3cd: shutdown LeaderState
2019-10-02 19:54:21,324 [main] INFO  impl.PendingRequests (PendingRequests.java:sendNotLeaderResponses(202)) - e739d841-c2f3-4ce3-9261-25610f56f3cd@group-107943A5297A-PendingRequests: sendNotLeaderResponses
2019-10-02 19:54:21,325 [refreshUsed-/workdir/hadoop-ozone/integration-test/target/test-dir/MiniOzoneClusterImpl-85ec13a9-98bf-43b5-845f-0fdbc936e02f/datanode-0/data/containers] WARN  fs.CachingGetSpaceUsed (CachingGetSpaceUsed.java:run(183)) - Thread Interrupted waiting to refresh disk information: sleep interrupted
2019-10-02 19:54:21,325 [main] INFO  impl.StateMachineUpdater (StateMachineUpdater.java:stopAndJoin(136)) - e739d841-c2f3-4ce3-9261-25610f56f3cd@group-107943A5297A-StateMachineUpdater: set stopIndex = 0
2019-10-02 19:54:21,325 [main] INFO  impl.RaftServerImpl (ServerState.java:close(387)) - e739d841-c2f3-4ce3-9261-25610f56f3cd@group-107943A5297A: closes. applyIndex: 0
2019-10-02 19:54:21,326 [e739d841-c2f3-4ce3-9261-25610f56f3cd@group-107943A5297A-SegmentedRaftLogWorker] INFO  segmented.SegmentedRaftLogWorker (SegmentedRaftLogWorker.java:run(316)) - e739d841-c2f3-4ce3-9261-25610f56f3cd@group-107943A5297A-SegmentedRaftLogWorker was interrupted, exiting. There are 0 tasks remaining in the queue.
2019-10-02 19:54:21,328 [main] INFO  segmented.SegmentedRaftLogWorker (SegmentedRaftLogWorker.java:close(224)) - e739d841-c2f3-4ce3-9261-25610f56f3cd@group-107943A5297A-SegmentedRaftLogWorker close()
2019-10-02 19:54:21,339 [main] INFO  impl.RaftServerImpl (RaftServerImpl.java:lambda$shutdown$3(247)) - e739d841-c2f3-4ce3-9261-25610f56f3cd@group-57D71A09135D: shutdown
2019-10-02 19:54:21,340 [main] INFO  util.JmxRegister (JmxRegister.java:unregister(73)) - Successfully un-registered JMX Bean with object name Ratis:service=RaftServer,group=group-57D71A09135D,id=e739d841-c2f3-4ce3-9261-25610f56f3cd
2019-10-02 19:54:21,340 [main] INFO  impl.RoleInfo (RoleInfo.java:shutdownFollowerState(121)) - e739d841-c2f3-4ce3-9261-25610f56f3cd: shutdown FollowerState
2019-10-02 19:54:21,340 [main] INFO  impl.StateMachineUpdater (StateMachineUpdater.java:stopAndJoin(136)) - e739d841-c2f3-4ce3-9261-25610f56f3cd@group-57D71A09135D-StateMachineUpdater: set stopIndex = 4
2019-10-02 19:54:21,341 [Thread-318] INFO  impl.FollowerState (FollowerState.java:run(117)) - e739d841-c2f3-4ce3-9261-25610f56f3cd@group-57D71A09135D-FollowerState was interrupted: java.lang.InterruptedException: sleep interrupted
2019-10-02 19:54:21,341 [e739d841-c2f3-4ce3-9261-25610f56f3cd@group-57D71A09135D-StateMachineUpdater] INFO  ratis.ContainerStateMachine (ContainerStateMachine.java:takeSnapshot(289)) - group-57D71A09135D: Taking a snapshot at:(t:1, i:3) file /workdir/hadoop-ozone/integration-test/target/test-dir/MiniOzoneClusterImpl-85ec13a9-98bf-43b5-845f-0fdbc936e02f/datanode-5/data/ratis/5a8a7682-e620-4716-b28a-57d71a09135d/sm/snapshot.1_3
2019-10-02 19:54:21,356 [e739d841-c2f3-4ce3-9261-25610f56f3cd@group-57D71A09135D-StateMachineUpdater] INFO  ratis.ContainerStateMachine (ContainerStateMachine.java:takeSnapshot(300)) - group-57D71A09135D: Finished taking a snapshot at:(t:1, i:3) file:/workdir/hadoop-ozone/integration-test/target/test-dir/MiniOzoneClusterImpl-85ec13a9-98bf-43b5-845f-0fdbc936e02f/datanode-5/data/ratis/5a8a7682-e620-4716-b28a-57d71a09135d/sm/snapshot.1_3 time:16
2019-10-02 19:54:21,357 [e739d841-c2f3-4ce3-9261-25610f56f3cd@group-57D71A09135D-StateMachineUpdater] INFO  impl.StateMachineUpdater (StateMachineUpdater.java:takeSnapshot(269)) - e739d841-c2f3-4ce3-9261-25610f56f3cd@group-57D71A09135D-StateMachineUpdater: Took a snapshot at index 3
2019-10-02 19:54:21,357 [e739d841-c2f3-4ce3-9261-25610f56f3cd@group-57D71A09135D-StateMachineUpdater] INFO  impl.StateMachineUpdater (StateMachineUpdater.java:lambda$new$0(84)) - e739d841-c2f3-4ce3-9261-25610f56f3cd@group-57D71A09135D-StateMachineUpdater: snapshotIndex: updateIncreasingly -1 -> 3
2019-10-02 19:54:21,357 [ForkJoinPool.commonPool-worker-1] INFO  utils.BackgroundService (BackgroundService.java:shutdown(148)) - Shutting down service BlockDeletingService
2019-10-02 19:54:21,358 [e739d841-c2f3-4ce3-9261-25610f56f3cd@group-57D71A09135D-StateMachineUpdater] INFO  ratis.ContainerStateMachine (ContainerStateMachine.java:takeSnapshot(289)) - group-57D71A09135D: Taking a snapshot at:(t:1, i:3) file /workdir/hadoop-ozone/integration-test/target/test-dir/MiniOzoneClusterImpl-85ec13a9-98bf-43b5-845f-0fdbc936e02f/datanode-5/data/ratis/5a8a7682-e620-4716-b28a-57d71a09135d/sm/snapshot.1_3
2019-10-02 19:54:21,362 [ForkJoinPool.commonPool-worker-1] INFO  statemachine.DatanodeStateMachine (DatanodeStateMachine.java:stopDaemon(395)) - Ozone container server stopped.
2019-10-02 19:54:21,366 [ForkJoinPool.commonPool-worker-1] INFO  handler.ContextHandler (ContextHandler.java:doStop(910)) - Stopped o.e.j.w.WebAppContext@646c0a67{/,null,UNAVAILABLE}{/hddsDatanode}
2019-10-02 19:54:21,367 [ForkJoinPool.commonPool-worker-1] INFO  server.AbstractConnector (AbstractConnector.java:doStop(318)) - Stopped ServerConnector@3804a9a8{HTTP/1.1,[http/1.1]}{0.0.0.0:0}
2019-10-02 19:54:21,368 [ForkJoinPool.commonPool-worker-1] INFO  handler.ContextHandler (ContextHandler.java:doStop(910)) - Stopped o.e.j.s.ServletContextHandler@21bd20ee{/static,jar:file:/home/user/.m2/repository/org/apache/hadoop/hadoop-hdds-container-service/0.5.0-SNAPSHOT/hadoop-hdds-container-service-0.5.0-SNAPSHOT.jar!/webapps/static,UNAVAILABLE}
2019-10-02 19:54:21,368 [e739d841-c2f3-4ce3-9261-25610f56f3cd@group-57D71A09135D-StateMachineUpdater] INFO  ratis.ContainerStateMachine (ContainerStateMachine.java:takeSnapshot(300)) - group-57D71A09135D: Finished taking a snapshot at:(t:1, i:3) file:/workdir/hadoop-ozone/integration-test/target/test-dir/MiniOzoneClusterImpl-85ec13a9-98bf-43b5-845f-0fdbc936e02f/datanode-5/data/ratis/5a8a7682-e620-4716-b28a-57d71a09135d/sm/snapshot.1_3 time:11
2019-10-02 19:54:21,370 [ForkJoinPool.commonPool-worker-1] INFO  handler.ContextHandler (ContextHandler.java:doStop(910)) - Stopped o.e.j.s.ServletContextHandler@70228253{/logs,file:///workdir/hadoop-ozone/integration-test/target/log,UNAVAILABLE}
2019-10-02 19:54:21,370 [e739d841-c2f3-4ce3-9261-25610f56f3cd@group-57D71A09135D-StateMachineUpdater] INFO  impl.StateMachineUpdater (StateMachineUpdater.java:takeSnapshot(269)) - e739d841-c2f3-4ce3-9261-25610f56f3cd@group-57D71A09135D-StateMachineUpdater: Took a snapshot at index 3
2019-10-02 19:54:21,370 [e739d841-c2f3-4ce3-9261-25610f56f3cd@group-57D71A09135D-StateMachineUpdater] INFO  impl.StateMachineUpdater (StateMachineUpdater.java:lambda$new$0(84)) - e739d841-c2f3-4ce3-9261-25610f56f3cd@group-57D71A09135D-StateMachineUpdater: snapshotIndex: updateIncreasingly 3 -> 3
2019-10-02 19:54:21,371 [main] INFO  impl.RaftServerImpl (ServerState.java:close(387)) - e739d841-c2f3-4ce3-9261-25610f56f3cd@group-57D71A09135D: closes. applyIndex: 4
2019-10-02 19:54:21,372 [e739d841-c2f3-4ce3-9261-25610f56f3cd@group-57D71A09135D-SegmentedRaftLogWorker] INFO  segmented.SegmentedRaftLogWorker (SegmentedRaftLogWorker.java:run(316)) - e739d841-c2f3-4ce3-9261-25610f56f3cd@group-57D71A09135D-SegmentedRaftLogWorker was interrupted, exiting. There are 0 tasks remaining in the queue.
2019-10-02 19:54:21,372 [main] INFO  segmented.SegmentedRaftLogWorker (SegmentedRaftLogWorker.java:close(224)) - e739d841-c2f3-4ce3-9261-25610f56f3cd@group-57D71A09135D-SegmentedRaftLogWorker close()
2019-10-02 19:54:21,374 [main] INFO  server.GrpcService (GrpcService.java:closeImpl(164)) - e739d841-c2f3-4ce3-9261-25610f56f3cd: shutdown server with port 41392 now
2019-10-02 19:54:21,374 [main] INFO  server.GrpcService (GrpcService.java:closeImpl(172)) - e739d841-c2f3-4ce3-9261-25610f56f3cd: shutdown server with port 41392 successfully
2019-10-02 19:54:21,376 [refreshUsed-/workdir/hadoop-ozone/integration-test/target/test-dir/MiniOzoneClusterImpl-85ec13a9-98bf-43b5-845f-0fdbc936e02f/datanode-5/data/containers] WARN  fs.CachingGetSpaceUsed (CachingGetSpaceUsed.java:run(183)) - Thread Interrupted waiting to refresh disk information: sleep interrupted
2019-10-02 19:54:21,396 [main] INFO  utils.BackgroundService (BackgroundService.java:shutdown(148)) - Shutting down service BlockDeletingService
2019-10-02 19:54:21,399 [main] INFO  statemachine.DatanodeStateMachine (DatanodeStateMachine.java:stopDaemon(395)) - Ozone container server stopped.
2019-10-02 19:54:21,401 [main] INFO  handler.ContextHandler (ContextHandler.java:doStop(910)) - Stopped o.e.j.w.WebAppContext@ae2db25{/,null,UNAVAILABLE}{/hddsDatanode}
2019-10-02 19:54:21,401 [main] INFO  server.AbstractConnector (AbstractConnector.java:doStop(318)) - Stopped ServerConnector@363c4251{HTTP/1.1,[http/1.1]}{0.0.0.0:0}
2019-10-02 19:54:21,402 [main] INFO  handler.ContextHandler (ContextHandler.java:doStop(910)) - Stopped o.e.j.s.ServletContextHandler@26586b74{/static,jar:file:/home/user/.m2/repository/org/apache/hadoop/hadoop-hdds-container-service/0.5.0-SNAPSHOT/hadoop-hdds-container-service-0.5.0-SNAPSHOT.jar!/webapps/static,UNAVAILABLE}
2019-10-02 19:54:21,402 [main] INFO  handler.ContextHandler (ContextHandler.java:doStop(910)) - Stopped o.e.j.s.ServletContextHandler@12d5c30e{/logs,file:///workdir/hadoop-ozone/integration-test/target/log,UNAVAILABLE}
2019-10-02 19:54:22,294 [Datanode State Machine Thread - 0] INFO  statemachine.DatanodeStateMachine (DatanodeStateMachine.java:lambda$startDaemon$0(350)) - Ozone container server started.
2019-10-02 19:54:23,280 [grpc-default-executor-4] WARN  server.GrpcLogAppender (LogUtils.java:warn(134)) - 870e6959-60bf-4746-8f27-db206afdcb81@group-DAE8E919A5AB->8bcf3dda-d4f5-4d2e-bdce-006354901f05-AppendLogResponseHandler: Failed appendEntries: org.apache.ratis.thirdparty.io.grpc.StatusRuntimeException: UNAVAILABLE: io exception
2019-10-02 19:54:23,282 [grpc-default-executor-4] INFO  impl.FollowerInfo (FollowerInfo.java:lambda$new$0(51)) - 870e6959-60bf-4746-8f27-db206afdcb81@group-DAE8E919A5AB->8bcf3dda-d4f5-4d2e-bdce-006354901f05: nextIndex: updateUnconditionally 16 -> 15
2019-10-02 19:54:23,285 [grpc-default-executor-2] WARN  server.GrpcLogAppender (LogUtils.java:warn(134)) - 870e6959-60bf-4746-8f27-db206afdcb81@group-DAE8E919A5AB->a0833d57-9356-442d-affc-7baee9cfa057-AppendLogResponseHandler: Failed appendEntries: org.apache.ratis.thirdparty.io.grpc.StatusRuntimeException: UNAVAILABLE: io exception
2019-10-02 19:54:23,287 [grpc-default-executor-2] INFO  impl.FollowerInfo (FollowerInfo.java:lambda$new$0(51)) - 870e6959-60bf-4746-8f27-db206afdcb81@group-DAE8E919A5AB->a0833d57-9356-442d-affc-7baee9cfa057: nextIndex: updateUnconditionally 13 -> 12
2019-10-02 19:54:25,791 [grpc-default-executor-4] WARN  server.GrpcLogAppender (LogUtils.java:warn(134)) - 870e6959-60bf-4746-8f27-db206afdcb81@group-DAE8E919A5AB->8bcf3dda-d4f5-4d2e-bdce-006354901f05-AppendLogResponseHandler: Failed appendEntries: org.apache.ratis.thirdparty.io.grpc.StatusRuntimeException: UNAVAILABLE: io exception
2019-10-02 19:54:25,791 [grpc-default-executor-3] WARN  server.GrpcLogAppender (LogUtils.java:warn(134)) - 870e6959-60bf-4746-8f27-db206afdcb81@group-DAE8E919A5AB->a0833d57-9356-442d-affc-7baee9cfa057-AppendLogResponseHandler: Failed appendEntries: org.apache.ratis.thirdparty.io.grpc.StatusRuntimeException: UNAVAILABLE: io exception
2019-10-02 19:54:25,796 [grpc-default-executor-4] INFO  impl.FollowerInfo (FollowerInfo.java:lambda$new$0(51)) - 870e6959-60bf-4746-8f27-db206afdcb81@group-DAE8E919A5AB->8bcf3dda-d4f5-4d2e-bdce-006354901f05: nextIndex: updateUnconditionally 15 -> 14
2019-10-02 19:54:25,796 [grpc-default-executor-3] INFO  impl.FollowerInfo (FollowerInfo.java:lambda$new$0(51)) - 870e6959-60bf-4746-8f27-db206afdcb81@group-DAE8E919A5AB->a0833d57-9356-442d-affc-7baee9cfa057: nextIndex: updateUnconditionally 12 -> 11
2019-10-02 19:54:26,319 [EventQueue-StaleNodeForStaleNodeHandler] INFO  node.StaleNodeHandler (StaleNodeHandler.java:onMessage(58)) - Datanode 870e6959-60bf-4746-8f27-db206afdcb81{ip: 192.168.157.242, host: pr-hdds-2223-zp5j9-3680597336, networkLocation: /default-rack, certSerialId: null} moved to stale state. Finalizing its pipelines [PipelineID=47f8bcfa-8b00-4141-9d46-171de53d1d36, PipelineID=c870daf0-b8e6-4437-ab5e-dae8e919a5ab]
2019-10-02 19:54:26,319 [EventQueue-StaleNodeForStaleNodeHandler] INFO  pipeline.SCMPipelineManager (SCMPipelineManager.java:finalizeAndDestroyPipeline(315)) - destroying pipeline:Pipeline[ Id: 47f8bcfa-8b00-4141-9d46-171de53d1d36, Nodes: 870e6959-60bf-4746-8f27-db206afdcb81{ip: 192.168.157.242, host: pr-hdds-2223-zp5j9-3680597336, networkLocation: /default-rack, certSerialId: null}, Type:RATIS, Factor:ONE, State:OPEN]
2019-10-02 19:54:26,320 [EventQueue-StaleNodeForStaleNodeHandler] INFO  pipeline.PipelineStateManager (PipelineStateManager.java:finalizePipeline(123)) - Pipeline Pipeline[ Id: 47f8bcfa-8b00-4141-9d46-171de53d1d36, Nodes: 870e6959-60bf-4746-8f27-db206afdcb81{ip: 192.168.157.242, host: pr-hdds-2223-zp5j9-3680597336, networkLocation: /default-rack, certSerialId: null}, Type:RATIS, Factor:ONE, State:CLOSED] moved to CLOSED state
2019-10-02 19:54:26,321 [EventQueue-StaleNodeForStaleNodeHandler] INFO  pipeline.SCMPipelineManager (SCMPipelineManager.java:finalizeAndDestroyPipeline(315)) - destroying pipeline:Pipeline[ Id: c870daf0-b8e6-4437-ab5e-dae8e919a5ab, Nodes: 870e6959-60bf-4746-8f27-db206afdcb81{ip: 192.168.157.242, host: pr-hdds-2223-zp5j9-3680597336, networkLocation: /default-rack, certSerialId: null}a0833d57-9356-442d-affc-7baee9cfa057{ip: 192.168.157.242, host: pr-hdds-2223-zp5j9-3680597336, networkLocation: /default-rack, certSerialId: null}8bcf3dda-d4f5-4d2e-bdce-006354901f05{ip: 192.168.157.242, host: pr-hdds-2223-zp5j9-3680597336, networkLocation: /default-rack, certSerialId: null}, Type:RATIS, Factor:THREE, State:CLOSED]
2019-10-02 19:54:26,373 [ForkJoinPool.commonPool-worker-1] INFO  ozoneimpl.OzoneContainer (OzoneContainer.java:stop(231)) - Attempting to stop container services.
2019-10-02 19:54:26,374 [ForkJoinPool.commonPool-worker-1] INFO  impl.RaftServerProxy (RaftServerProxy.java:lambda$close$4(314)) - 870e6959-60bf-4746-8f27-db206afdcb81: close
2019-10-02 19:54:26,374 [ForkJoinPool.commonPool-worker-1] INFO  impl.RaftServerImpl (RaftServerImpl.java:lambda$shutdown$3(247)) - 870e6959-60bf-4746-8f27-db206afdcb81@group-171DE53D1D36: shutdown
2019-10-02 19:54:26,375 [ForkJoinPool.commonPool-worker-1] INFO  util.JmxRegister (JmxRegister.java:unregister(73)) - Successfully un-registered JMX Bean with object name Ratis:service=RaftServer,group=group-171DE53D1D36,id=870e6959-60bf-4746-8f27-db206afdcb81
2019-10-02 19:54:26,375 [ForkJoinPool.commonPool-worker-1] INFO  impl.RoleInfo (RoleInfo.java:shutdownLeaderState(104)) - 870e6959-60bf-4746-8f27-db206afdcb81: shutdown LeaderState
2019-10-02 19:54:26,376 [ForkJoinPool.commonPool-worker-1] INFO  impl.PendingRequests (PendingRequests.java:sendNotLeaderResponses(202)) - 870e6959-60bf-4746-8f27-db206afdcb81@group-171DE53D1D36-PendingRequests: sendNotLeaderResponses
2019-10-02 19:54:26,376 [ForkJoinPool.commonPool-worker-1] INFO  impl.StateMachineUpdater (StateMachineUpdater.java:stopAndJoin(136)) - 870e6959-60bf-4746-8f27-db206afdcb81@group-171DE53D1D36-StateMachineUpdater: set stopIndex = 0
2019-10-02 19:54:26,377 [ForkJoinPool.commonPool-worker-1] INFO  impl.RaftServerImpl (ServerState.java:close(387)) - 870e6959-60bf-4746-8f27-db206afdcb81@group-171DE53D1D36: closes. applyIndex: 0
2019-10-02 19:54:26,378 [870e6959-60bf-4746-8f27-db206afdcb81@group-171DE53D1D36-SegmentedRaftLogWorker] INFO  segmented.SegmentedRaftLogWorker (SegmentedRaftLogWorker.java:run(316)) - 870e6959-60bf-4746-8f27-db206afdcb81@group-171DE53D1D36-SegmentedRaftLogWorker was interrupted, exiting. There are 0 tasks remaining in the queue.
2019-10-02 19:54:26,381 [ForkJoinPool.commonPool-worker-1] INFO  segmented.SegmentedRaftLogWorker (SegmentedRaftLogWorker.java:close(224)) - 870e6959-60bf-4746-8f27-db206afdcb81@group-171DE53D1D36-SegmentedRaftLogWorker close()
2019-10-02 19:54:26,382 [ForkJoinPool.commonPool-worker-1] INFO  impl.RaftServerImpl (RaftServerImpl.java:lambda$shutdown$3(247)) - 870e6959-60bf-4746-8f27-db206afdcb81@group-DAE8E919A5AB: shutdown
2019-10-02 19:54:26,383 [ForkJoinPool.commonPool-worker-1] INFO  util.JmxRegister (JmxRegister.java:unregister(73)) - Successfully un-registered JMX Bean with object name Ratis:service=RaftServer,group=group-DAE8E919A5AB,id=870e6959-60bf-4746-8f27-db206afdcb81
2019-10-02 19:54:26,383 [ForkJoinPool.commonPool-worker-1] INFO  impl.RoleInfo (RoleInfo.java:shutdownLeaderState(104)) - 870e6959-60bf-4746-8f27-db206afdcb81: shutdown LeaderState
2019-10-02 19:54:26,385 [org.apache.ratis.server.impl.LogAppender$AppenderDaemon$$Lambda$521/580716886@7079b2c0] WARN  server.GrpcLogAppender (GrpcLogAppender.java:mayWait(143)) - 870e6959-60bf-4746-8f27-db206afdcb81@group-DAE8E919A5AB->a0833d57-9356-442d-affc-7baee9cfa057-GrpcLogAppender: Wait interrupted by java.lang.InterruptedException
2019-10-02 19:54:26,386 [ForkJoinPool.commonPool-worker-1] INFO  impl.PendingRequests (PendingRequests.java:sendNotLeaderResponses(202)) - 870e6959-60bf-4746-8f27-db206afdcb81@group-DAE8E919A5AB-PendingRequests: sendNotLeaderResponses
2019-10-02 19:54:26,386 [org.apache.ratis.server.impl.LogAppender$AppenderDaemon$$Lambda$521/580716886@55d4bd2d] WARN  server.GrpcLogAppender (GrpcLogAppender.java:mayWait(143)) - 870e6959-60bf-4746-8f27-db206afdcb81@group-DAE8E919A5AB->8bcf3dda-d4f5-4d2e-bdce-006354901f05-GrpcLogAppender: Wait interrupted by java.lang.InterruptedException
2019-10-02 19:54:26,389 [ForkJoinPool.commonPool-worker-1] INFO  impl.StateMachineUpdater (StateMachineUpdater.java:stopAndJoin(136)) - 870e6959-60bf-4746-8f27-db206afdcb81@group-DAE8E919A5AB-StateMachineUpdater: set stopIndex = 18
2019-10-02 19:54:26,389 [870e6959-60bf-4746-8f27-db206afdcb81@group-DAE8E919A5AB-StateMachineUpdater] INFO  ratis.ContainerStateMachine (ContainerStateMachine.java:takeSnapshot(289)) - group-DAE8E919A5AB: Taking a snapshot at:(t:1, i:18) file /workdir/hadoop-ozone/integration-test/target/test-dir/MiniOzoneClusterImpl-85ec13a9-98bf-43b5-845f-0fdbc936e02f/datanode-3/data/ratis/c870daf0-b8e6-4437-ab5e-dae8e919a5ab/sm/snapshot.1_18
2019-10-02 19:54:26,419 [870e6959-60bf-4746-8f27-db206afdcb81@group-DAE8E919A5AB-StateMachineUpdater] INFO  ratis.ContainerStateMachine (ContainerStateMachine.java:takeSnapshot(300)) - group-DAE8E919A5AB: Finished taking a snapshot at:(t:1, i:18) file:/workdir/hadoop-ozone/integration-test/target/test-dir/MiniOzoneClusterImpl-85ec13a9-98bf-43b5-845f-0fdbc936e02f/datanode-3/data/ratis/c870daf0-b8e6-4437-ab5e-dae8e919a5ab/sm/snapshot.1_18 time:30
2019-10-02 19:54:26,419 [870e6959-60bf-4746-8f27-db206afdcb81@group-DAE8E919A5AB-StateMachineUpdater] INFO  impl.StateMachineUpdater (StateMachineUpdater.java:takeSnapshot(269)) - 870e6959-60bf-4746-8f27-db206afdcb81@group-DAE8E919A5AB-StateMachineUpdater: Took a snapshot at index 18
2019-10-02 19:54:26,419 [870e6959-60bf-4746-8f27-db206afdcb81@group-DAE8E919A5AB-StateMachineUpdater] INFO  impl.StateMachineUpdater (StateMachineUpdater.java:lambda$new$0(84)) - 870e6959-60bf-4746-8f27-db206afdcb81@group-DAE8E919A5AB-StateMachineUpdater: snapshotIndex: updateIncreasingly -1 -> 18
2019-10-02 19:54:26,420 [ForkJoinPool.commonPool-worker-1] INFO  impl.RaftServerImpl (ServerState.java:close(387)) - 870e6959-60bf-4746-8f27-db206afdcb81@group-DAE8E919A5AB: closes. applyIndex: 18
2019-10-02 19:54:26,421 [870e6959-60bf-4746-8f27-db206afdcb81@group-DAE8E919A5AB-SegmentedRaftLogWorker] INFO  segmented.SegmentedRaftLogWorker (SegmentedRaftLogWorker.java:run(316)) - 870e6959-60bf-4746-8f27-db206afdcb81@group-DAE8E919A5AB-SegmentedRaftLogWorker was interrupted, exiting. There are 0 tasks remaining in the queue.
2019-10-02 19:54:26,421 [ForkJoinPool.commonPool-worker-1] INFO  segmented.SegmentedRaftLogWorker (SegmentedRaftLogWorker.java:close(224)) - 870e6959-60bf-4746-8f27-db206afdcb81@group-DAE8E919A5AB-SegmentedRaftLogWorker close()
2019-10-02 19:54:26,422 [ForkJoinPool.commonPool-worker-1] INFO  server.GrpcService (GrpcService.java:closeImpl(164)) - 870e6959-60bf-4746-8f27-db206afdcb81: shutdown server with port 44600 now
2019-10-02 19:54:26,424 [ForkJoinPool.commonPool-worker-1] INFO  server.GrpcService (GrpcService.java:closeImpl(172)) - 870e6959-60bf-4746-8f27-db206afdcb81: shutdown server with port 44600 successfully
2019-10-02 19:54:26,426 [grpc-default-executor-4] WARN  client.GrpcClientProtocolService (LogUtils.java:warn(134)) - 3-UnorderedRequestStreamObserver3: onError: org.apache.ratis.thirdparty.io.grpc.StatusRuntimeException: CANCELLED: cancelled before receiving half close
2019-10-02 19:54:26,436 [refreshUsed-/workdir/hadoop-ozone/integration-test/target/test-dir/MiniOzoneClusterImpl-85ec13a9-98bf-43b5-845f-0fdbc936e02f/datanode-3/data/containers] WARN  fs.CachingGetSpaceUsed (CachingGetSpaceUsed.java:run(183)) - Thread Interrupted waiting to refresh disk information: sleep interrupted
2019-10-02 19:54:26,457 [ForkJoinPool.commonPool-worker-1] INFO  utils.BackgroundService (BackgroundService.java:shutdown(148)) - Shutting down service BlockDeletingService
2019-10-02 19:54:26,461 [ForkJoinPool.commonPool-worker-1] INFO  statemachine.DatanodeStateMachine (DatanodeStateMachine.java:stopDaemon(395)) - Ozone container server stopped.
2019-10-02 19:54:26,465 [ForkJoinPool.commonPool-worker-1] INFO  handler.ContextHandler (ContextHandler.java:doStop(910)) - Stopped o.e.j.w.WebAppContext@1687eb01{/,null,UNAVAILABLE}{/hddsDatanode}
2019-10-02 19:54:26,466 [ForkJoinPool.commonPool-worker-1] INFO  server.AbstractConnector (AbstractConnector.java:doStop(318)) - Stopped ServerConnector@748d2277{HTTP/1.1,[http/1.1]}{0.0.0.0:0}
2019-10-02 19:54:26,467 [ForkJoinPool.commonPool-worker-1] INFO  handler.ContextHandler (ContextHandler.java:doStop(910)) - Stopped o.e.j.s.ServletContextHandler@4e1a46fb{/static,jar:file:/home/user/.m2/repository/org/apache/hadoop/hadoop-hdds-container-service/0.5.0-SNAPSHOT/hadoop-hdds-container-service-0.5.0-SNAPSHOT.jar!/webapps/static,UNAVAILABLE}
2019-10-02 19:54:26,468 [ForkJoinPool.commonPool-worker-1] INFO  handler.ContextHandler (ContextHandler.java:doStop(910)) - Stopped o.e.j.s.ServletContextHandler@70972170{/logs,file:///workdir/hadoop-ozone/integration-test/target/log,UNAVAILABLE}
2019-10-02 19:54:26,470 [main] INFO  ozone.MiniOzoneClusterImpl (MiniOzoneClusterImpl.java:stopSCM(392)) - Stopping the StorageContainerManager
2019-10-02 19:54:26,470 [main] INFO  server.StorageContainerManager (StorageContainerManager.java:stop(808)) - Stopping Replication Manager Service.
2019-10-02 19:54:26,470 [main] INFO  container.ReplicationManager (ReplicationManager.java:stop(203)) - Stopping Replication Monitor Thread.
2019-10-02 19:54:26,471 [main] INFO  server.StorageContainerManager (StorageContainerManager.java:stop(815)) - Stopping Lease Manager of the command watchers
2019-10-02 19:54:26,472 [main] INFO  server.StorageContainerManager (StorageContainerManager.java:stop(822)) - Stopping datanode service RPC server
2019-10-02 19:54:26,472 [main] INFO  server.SCMDatanodeProtocolServer (SCMDatanodeProtocolServer.java:stop(367)) - Stopping the RPC server for DataNodes
2019-10-02 19:54:26,472 [main] INFO  ipc.Server (Server.java:stop(3082)) - Stopping server on 34726
2019-10-02 19:54:26,474 [IPC Server listener on 34726] INFO  ipc.Server (Server.java:run(1185)) - Stopping IPC Server listener on 34726
2019-10-02 19:54:26,474 [IPC Server Responder] INFO  ipc.Server (Server.java:run(1319)) - Stopping IPC Server Responder
2019-10-02 19:54:26,518 [SCM Heartbeat Processing Thread - 0] WARN  node.NodeStateManager (NodeStateManager.java:scheduleNextHealthCheck(646)) - Current Thread is interrupted, shutting down HB processing thread for Node Manager.
2019-10-02 19:54:26,519 [main] INFO  server.StorageContainerManager (StorageContainerManager.java:stop(830)) - Stopping block service RPC server
2019-10-02 19:54:26,519 [main] INFO  server.SCMBlockProtocolServer (SCMBlockProtocolServer.java:stop(155)) - Stopping the RPC server for Block Protocol
2019-10-02 19:54:26,519 [main] INFO  ipc.Server (Server.java:stop(3082)) - Stopping server on 40394
2019-10-02 19:54:26,521 [main] INFO  server.StorageContainerManager (StorageContainerManager.java:stop(837)) - Stopping the StorageContainerLocationProtocol RPC server
2019-10-02 19:54:26,521 [IPC Server listener on 40394] INFO  ipc.Server (Server.java:run(1185)) - Stopping IPC Server listener on 40394
2019-10-02 19:54:26,522 [main] INFO  server.SCMClientProtocolServer (SCMClientProtocolServer.java:stop(158)) - Stopping the RPC server for Client Protocol
2019-10-02 19:54:26,522 [IPC Server Responder] INFO  ipc.Server (Server.java:run(1319)) - Stopping IPC Server Responder
2019-10-02 19:54:26,522 [main] INFO  ipc.Server (Server.java:stop(3082)) - Stopping server on 36777
2019-10-02 19:54:26,524 [IPC Server listener on 36777] INFO  ipc.Server (Server.java:run(1185)) - Stopping IPC Server listener on 36777
2019-10-02 19:54:26,524 [main] INFO  server.StorageContainerManager (StorageContainerManager.java:stop(844)) - Stopping Storage Container Manager HTTP server.
2019-10-02 19:54:26,525 [IPC Server Responder] INFO  ipc.Server (Server.java:run(1319)) - Stopping IPC Server Responder
2019-10-02 19:54:26,526 [main] INFO  handler.ContextHandler (ContextHandler.java:doStop(910)) - Stopped o.e.j.w.WebAppContext@3f093abe{/,null,UNAVAILABLE}{/scm}
2019-10-02 19:54:26,526 [main] INFO  server.AbstractConnector (AbstractConnector.java:doStop(318)) - Stopped ServerConnector@724bade8{HTTP/1.1,[http/1.1]}{0.0.0.0:0}
2019-10-02 19:54:26,527 [main] INFO  handler.ContextHandler (ContextHandler.java:doStop(910)) - Stopped o.e.j.s.ServletContextHandler@12bd8a64{/static,file:///workdir/hadoop-ozone/integration-test/target/test-classes/webapps/static,UNAVAILABLE}
2019-10-02 19:54:26,527 [main] INFO  handler.ContextHandler (ContextHandler.java:doStop(910)) - Stopped o.e.j.s.ServletContextHandler@260e86a1{/logs,file:///workdir/hadoop-ozone/integration-test/target/log,UNAVAILABLE}
2019-10-02 19:54:26,528 [RatisApplyTransactionExecutor 1] INFO  interfaces.Container (KeyValueContainer.java:flushAndSyncDB(386)) - Container 1 is synced with bcsId 14.
2019-10-02 19:54:26,529 [RatisApplyTransactionExecutor 1] INFO  interfaces.Container (KeyValueContainer.java:flushAndSyncDB(386)) - Container 1 is synced with bcsId 14.
2019-10-02 19:54:26,529 [main] INFO  server.StorageContainerManager (StorageContainerManager.java:stop(855)) - Stopping Block Manager Service.
2019-10-02 19:54:26,529 [main] INFO  utils.BackgroundService (BackgroundService.java:shutdown(148)) - Shutting down service SCMBlockDeletingService
2019-10-02 19:54:26,530 [main] INFO  utils.BackgroundService (BackgroundService.java:shutdown(148)) - Shutting down service SCMBlockDeletingService
2019-10-02 19:54:26,531 [main] INFO  server.StorageContainerManager (StorageContainerManager.java:stop(877)) - Stopping SCM Event Queue.
2019-10-02 19:54:26,539 [main] INFO  impl.MetricsSystemImpl (MetricsSystemImpl.java:stop(210)) - Stopping XceiverClientMetrics metrics system...
2019-10-02 19:54:26,550 [prometheus] INFO  impl.MetricsSinkAdapter (MetricsSinkAdapter.java:publishMetricsFromQueue(141)) - prometheus thread interrupted.
2019-10-02 19:54:26,550 [main] INFO  impl.MetricsSystemImpl (MetricsSystemImpl.java:stop(216)) - XceiverClientMetrics metrics system stopped.
2019-10-02 19:54:26,568 [RatisApplyTransactionExecutor 1] INFO  interfaces.Container (KeyValueContainer.java:close(335)) - Container 1 is closed with bcsId 14.
]]></system-out>
    <system-err><![CDATA[ERROR StatusLogger No Log4j 2 configuration file found. Using default configuration (logging only errors to the console), or user programmatically provided configurations. Set system property 'log4j2.debug' to show Log4j 2 internal initialization logging. See https://logging.apache.org/log4j/2.x/manual/configuration.html for instructions on how to configure Log4j 2
Oct 02, 2019 7:54:11 PM org.apache.ratis.thirdparty.io.grpc.internal.SerializingExecutor run
SEVERE: Exception while executing runnable org.apache.ratis.thirdparty.io.grpc.internal.ServerImpl$JumpToApplicationThreadServerStreamListener$1Closed@372cf6b0
org.apache.ratis.thirdparty.io.grpc.StatusRuntimeException: CANCELLED: call already cancelled
	at org.apache.ratis.thirdparty.io.grpc.Status.asRuntimeException(Status.java:517)
	at org.apache.ratis.thirdparty.io.grpc.stub.ServerCalls$ServerCallStreamObserverImpl.onCompleted(ServerCalls.java:356)
	at org.apache.ratis.grpc.server.GrpcServerProtocolService$ServerRequestStreamObserver.onError(GrpcServerProtocolService.java:121)
	at org.apache.ratis.thirdparty.io.grpc.stub.ServerCalls$StreamingServerCallHandler$StreamingServerCallListener.onCancel(ServerCalls.java:269)
	at org.apache.ratis.thirdparty.io.grpc.internal.ServerCallImpl$ServerStreamListenerImpl.closed(ServerCallImpl.java:293)
	at org.apache.ratis.thirdparty.io.grpc.internal.ServerImpl$JumpToApplicationThreadServerStreamListener$1Closed.runInContext(ServerImpl.java:741)
	at org.apache.ratis.thirdparty.io.grpc.internal.ContextRunnable.run(ContextRunnable.java:37)
	at org.apache.ratis.thirdparty.io.grpc.internal.SerializingExecutor.run(SerializingExecutor.java:123)
	at java.util.concurrent.ThreadPoolExecutor.runWorker(ThreadPoolExecutor.java:1149)
	at java.util.concurrent.ThreadPoolExecutor$Worker.run(ThreadPoolExecutor.java:624)
	at java.lang.Thread.run(Thread.java:748)

Oct 02, 2019 7:54:11 PM org.apache.ratis.thirdparty.io.grpc.internal.SerializingExecutor run
SEVERE: Exception while executing runnable org.apache.ratis.thirdparty.io.grpc.internal.ServerImpl$JumpToApplicationThreadServerStreamListener$1Closed@1f35db87
org.apache.ratis.thirdparty.io.grpc.StatusRuntimeException: CANCELLED: call already cancelled
	at org.apache.ratis.thirdparty.io.grpc.Status.asRuntimeException(Status.java:517)
	at org.apache.ratis.thirdparty.io.grpc.stub.ServerCalls$ServerCallStreamObserverImpl.onCompleted(ServerCalls.java:356)
	at org.apache.ratis.grpc.server.GrpcServerProtocolService$ServerRequestStreamObserver.onError(GrpcServerProtocolService.java:121)
	at org.apache.ratis.thirdparty.io.grpc.stub.ServerCalls$StreamingServerCallHandler$StreamingServerCallListener.onCancel(ServerCalls.java:269)
	at org.apache.ratis.thirdparty.io.grpc.internal.ServerCallImpl$ServerStreamListenerImpl.closed(ServerCallImpl.java:293)
	at org.apache.ratis.thirdparty.io.grpc.internal.ServerImpl$JumpToApplicationThreadServerStreamListener$1Closed.runInContext(ServerImpl.java:741)
	at org.apache.ratis.thirdparty.io.grpc.internal.ContextRunnable.run(ContextRunnable.java:37)
	at org.apache.ratis.thirdparty.io.grpc.internal.SerializingExecutor.run(SerializingExecutor.java:123)
	at java.util.concurrent.ThreadPoolExecutor.runWorker(ThreadPoolExecutor.java:1149)
	at java.util.concurrent.ThreadPoolExecutor$Worker.run(ThreadPoolExecutor.java:624)
	at java.lang.Thread.run(Thread.java:748)

Oct 02, 2019 7:54:16 PM org.apache.ratis.thirdparty.io.grpc.internal.SerializingExecutor run
SEVERE: Exception while executing runnable org.apache.ratis.thirdparty.io.grpc.internal.ServerImpl$JumpToApplicationThreadServerStreamListener$1Closed@399c6860
org.apache.ratis.thirdparty.io.grpc.StatusRuntimeException: CANCELLED: call already cancelled
	at org.apache.ratis.thirdparty.io.grpc.Status.asRuntimeException(Status.java:517)
	at org.apache.ratis.thirdparty.io.grpc.stub.ServerCalls$ServerCallStreamObserverImpl.onCompleted(ServerCalls.java:356)
	at org.apache.ratis.grpc.server.GrpcServerProtocolService$ServerRequestStreamObserver.onError(GrpcServerProtocolService.java:121)
	at org.apache.ratis.thirdparty.io.grpc.stub.ServerCalls$StreamingServerCallHandler$StreamingServerCallListener.onCancel(ServerCalls.java:269)
	at org.apache.ratis.thirdparty.io.grpc.internal.ServerCallImpl$ServerStreamListenerImpl.closed(ServerCallImpl.java:293)
	at org.apache.ratis.thirdparty.io.grpc.internal.ServerImpl$JumpToApplicationThreadServerStreamListener$1Closed.runInContext(ServerImpl.java:741)
	at org.apache.ratis.thirdparty.io.grpc.internal.ContextRunnable.run(ContextRunnable.java:37)
	at org.apache.ratis.thirdparty.io.grpc.internal.SerializingExecutor.run(SerializingExecutor.java:123)
	at java.util.concurrent.ThreadPoolExecutor.runWorker(ThreadPoolExecutor.java:1149)
	at java.util.concurrent.ThreadPoolExecutor$Worker.run(ThreadPoolExecutor.java:624)
	at java.lang.Thread.run(Thread.java:748)

]]></system-err>
  </testcase>
  <testcase name="testDatanodeFailureWithPreAllocation" classname="org.apache.hadoop.ozone.client.rpc.TestBlockOutputStreamWithFailures" time="224.39"/>
  <testcase name="testDatanodeFailureWithSingleNodeRatis" classname="org.apache.hadoop.ozone.client.rpc.TestBlockOutputStreamWithFailures" time="221.936"/>
  <testcase name="testWatchForCommitWithSingleNodeRatis" classname="org.apache.hadoop.ozone.client.rpc.TestBlockOutputStreamWithFailures" time="35.399"/>
  <testcase name="testWatchForCommitDatanodeFailure" classname="org.apache.hadoop.ozone.client.rpc.TestBlockOutputStreamWithFailures" time="33.901"/>
  <testcase name="testFailureWithPrimeSizedData" classname="org.apache.hadoop.ozone.client.rpc.TestBlockOutputStreamWithFailures" time="37.095"/>
  <testcase name="testWatchForCommitWithCloseContainerException" classname="org.apache.hadoop.ozone.client.rpc.TestBlockOutputStreamWithFailures" time="35.57"/>
  <testcase name="testExceptionDuringClose" classname="org.apache.hadoop.ozone.client.rpc.TestBlockOutputStreamWithFailures" time="41.262"/>
</testsuite>