<?xml version="1.0" encoding="UTF-8"?>
<testsuite xmlns:xsi="http://www.w3.org/2001/XMLSchema-instance" xsi:noNamespaceSchemaLocation="https://maven.apache.org/surefire/maven-surefire-plugin/xsd/surefire-test-report.xsd" name="org.apache.hadoop.ozone.client.rpc.Test2WayCommitInRatis" time="38.1" tests="1" errors="1" skipped="0" failures="0">
  <properties>
    <property name="awt.toolkit" value="sun.awt.X11.XToolkit"/>
    <property name="file.encoding.pkg" value="sun.io"/>
    <property name="java.specification.version" value="1.8"/>
    <property name="sun.cpu.isalist" value=""/>
    <property name="sun.jnu.encoding" value="UTF-8"/>
    <property name="java.class.path" value="/workdir/hadoop-ozone/integration-test/target/test-classes:/workdir/hadoop-ozone/integration-test/target/classes:/home/user/.m2/repository/org/apache/hadoop/hadoop-ozone-common/0.5.0-SNAPSHOT/hadoop-ozone-common-0.5.0-SNAPSHOT.jar:/home/user/.m2/repository/org/apache/commons/commons-compress/1.4.1/commons-compress-1.4.1.jar:/home/user/.m2/repository/org/tukaani/xz/1.0/xz-1.0.jar:/home/user/.m2/repository/org/apache/hadoop/hadoop-common/3.2.0/hadoop-common-3.2.0.jar:/home/user/.m2/repository/org/apache/hadoop/hadoop-hdfs/3.2.0/hadoop-hdfs-3.2.0.jar:/home/user/.m2/repository/org/apache/hadoop/hadoop-hdfs-client/3.2.0/hadoop-hdfs-client-3.2.0.jar:/home/user/.m2/repository/com/fasterxml/jackson/core/jackson-annotations/2.9.9/jackson-annotations-2.9.9.jar:/home/user/.m2/repository/org/apache/hadoop/hadoop-hdds-common/0.5.0-SNAPSHOT/hadoop-hdds-common-0.5.0-SNAPSHOT.jar:/home/user/.m2/repository/javax/annotation/javax.annotation-api/1.2/javax.annotation-api-1.2.jar:/home/user/.m2/repository/org/apache/ratis/ratis-server/0.4.0/ratis-server-0.4.0.jar:/home/user/.m2/repository/org/apache/ratis/ratis-thirdparty-misc/0.2.0/ratis-thirdparty-misc-0.2.0.jar:/home/user/.m2/repository/org/apache/ratis/ratis-proto/0.4.0/ratis-proto-0.4.0.jar:/home/user/.m2/repository/org/apache/ratis/ratis-common/0.4.0/ratis-common-0.4.0.jar:/home/user/.m2/repository/org/apache/ratis/ratis-client/0.4.0/ratis-client-0.4.0.jar:/home/user/.m2/repository/org/apache/ratis/ratis-metrics/0.4.0/ratis-metrics-0.4.0.jar:/home/user/.m2/repository/com/github/joshelser/dropwizard-metrics-hadoop-metrics2-reporter/0.1.2/dropwizard-metrics-hadoop-metrics2-reporter-0.1.2.jar:/home/user/.m2/repository/io/dropwizard/metrics/metrics-jvm/3.2.5/metrics-jvm-3.2.5.jar:/home/user/.m2/repository/io/dropwizard/metrics/metrics-ganglia/3.2.5/metrics-ganglia-3.2.5.jar:/home/user/.m2/repository/info/ganglia/gmetric4j/gmetric4j/1.0.7/gmetric4j-1.0.7.jar:/home/user/.m2/repository/org/apache/ratis/ratis-netty/0.4.0/ratis-netty-0.4.0.jar:/home/user/.m2/repository/org/apache/ratis/ratis-grpc/0.4.0/ratis-grpc-0.4.0.jar:/home/user/.m2/repository/org/rocksdb/rocksdbjni/6.0.1/rocksdbjni-6.0.1.jar:/home/user/.m2/repository/org/apache/logging/log4j/log4j-api/2.11.0/log4j-api-2.11.0.jar:/home/user/.m2/repository/org/apache/logging/log4j/log4j-core/2.11.0/log4j-core-2.11.0.jar:/home/user/.m2/repository/com/lmax/disruptor/3.4.2/disruptor-3.4.2.jar:/home/user/.m2/repository/org/apache/commons/commons-pool2/2.6.0/commons-pool2-2.6.0.jar:/home/user/.m2/repository/org/bouncycastle/bcpkix-jdk15on/1.60/bcpkix-jdk15on-1.60.jar:/home/user/.m2/repository/commons-validator/commons-validator/1.6/commons-validator-1.6.jar:/home/user/.m2/repository/commons-digester/commons-digester/1.8.1/commons-digester-1.8.1.jar:/home/user/.m2/repository/io/jaegertracing/jaeger-client/0.34.0/jaeger-client-0.34.0.jar:/home/user/.m2/repository/io/jaegertracing/jaeger-thrift/0.34.0/jaeger-thrift-0.34.0.jar:/home/user/.m2/repository/org/apache/thrift/libthrift/0.12.0/libthrift-0.12.0.jar:/home/user/.m2/repository/com/squareup/okhttp3/okhttp/3.9.0/okhttp-3.9.0.jar:/home/user/.m2/repository/com/squareup/okio/okio/1.13.0/okio-1.13.0.jar:/home/user/.m2/repository/io/jaegertracing/jaeger-core/0.34.0/jaeger-core-0.34.0.jar:/home/user/.m2/repository/io/jaegertracing/jaeger-tracerresolver/0.34.0/jaeger-tracerresolver-0.34.0.jar:/home/user/.m2/repository/io/opentracing/contrib/opentracing-tracerresolver/0.1.5/opentracing-tracerresolver-0.1.5.jar:/home/user/.m2/repository/io/opentracing/opentracing-util/0.31.0/opentracing-util-0.31.0.jar:/home/user/.m2/repository/io/opentracing/opentracing-api/0.31.0/opentracing-api-0.31.0.jar:/home/user/.m2/repository/io/opentracing/opentracing-noop/0.31.0/opentracing-noop-0.31.0.jar:/home/user/.m2/repository/org/apache/hadoop/hadoop-hdds-server-framework/0.5.0-SNAPSHOT/hadoop-hdds-server-framework-0.5.0-SNAPSHOT.jar:/home/user/.m2/repository/org/apache/hadoop/hadoop-hdds-container-service/0.5.0-SNAPSHOT/hadoop-hdds-container-service-0.5.0-SNAPSHOT.jar:/home/user/.m2/repository/org/apache/hadoop/hadoop-hdds-client/0.5.0-SNAPSHOT/hadoop-hdds-client-0.5.0-SNAPSHOT.jar:/home/user/.m2/repository/org/apache/hadoop/hadoop-hdds-tools/0.5.0-SNAPSHOT/hadoop-hdds-tools-0.5.0-SNAPSHOT.jar:/home/user/.m2/repository/org/apache/hadoop/hadoop-hdds-server-scm/0.5.0-SNAPSHOT/hadoop-hdds-server-scm-0.5.0-SNAPSHOT.jar:/home/user/.m2/repository/org/apache/hadoop/hadoop-hdds-docs/0.5.0-SNAPSHOT/hadoop-hdds-docs-0.5.0-SNAPSHOT.jar:/home/user/.m2/repository/io/dropwizard/metrics/metrics-core/3.2.4/metrics-core-3.2.4.jar:/home/user/.m2/repository/org/hamcrest/hamcrest-all/1.3/hamcrest-all-1.3.jar:/home/user/.m2/repository/org/bouncycastle/bcprov-jdk15on/1.60/bcprov-jdk15on-1.60.jar:/home/user/.m2/repository/info/picocli/picocli/3.9.6/picocli-3.9.6.jar:/home/user/.m2/repository/com/google/protobuf/protobuf-java/2.5.0/protobuf-java-2.5.0.jar:/home/user/.m2/repository/com/google/guava/guava/11.0.2/guava-11.0.2.jar:/home/user/.m2/repository/org/apache/hadoop/hadoop-ozone-ozone-manager/0.5.0-SNAPSHOT/hadoop-ozone-ozone-manager-0.5.0-SNAPSHOT.jar:/home/user/.m2/repository/org/apache/hadoop/hadoop-minikdc/3.2.0/hadoop-minikdc-3.2.0.jar:/home/user/.m2/repository/commons-io/commons-io/2.5/commons-io-2.5.jar:/home/user/.m2/repository/org/apache/kerby/kerb-simplekdc/1.0.1/kerb-simplekdc-1.0.1.jar:/home/user/.m2/repository/org/apache/kerby/kerb-client/1.0.1/kerb-client-1.0.1.jar:/home/user/.m2/repository/org/apache/kerby/kerby-config/1.0.1/kerby-config-1.0.1.jar:/home/user/.m2/repository/org/apache/kerby/kerb-core/1.0.1/kerb-core-1.0.1.jar:/home/user/.m2/repository/org/apache/kerby/kerby-pkix/1.0.1/kerby-pkix-1.0.1.jar:/home/user/.m2/repository/org/apache/kerby/kerby-asn1/1.0.1/kerby-asn1-1.0.1.jar:/home/user/.m2/repository/org/apache/kerby/kerby-util/1.0.1/kerby-util-1.0.1.jar:/home/user/.m2/repository/org/apache/kerby/kerb-common/1.0.1/kerb-common-1.0.1.jar:/home/user/.m2/repository/org/apache/kerby/kerb-crypto/1.0.1/kerb-crypto-1.0.1.jar:/home/user/.m2/repository/org/apache/kerby/kerb-util/1.0.1/kerb-util-1.0.1.jar:/home/user/.m2/repository/org/apache/kerby/token-provider/1.0.1/token-provider-1.0.1.jar:/home/user/.m2/repository/org/apache/kerby/kerb-admin/1.0.1/kerb-admin-1.0.1.jar:/home/user/.m2/repository/org/apache/kerby/kerb-server/1.0.1/kerb-server-1.0.1.jar:/home/user/.m2/repository/org/apache/kerby/kerb-identity/1.0.1/kerb-identity-1.0.1.jar:/home/user/.m2/repository/org/apache/kerby/kerby-xdr/1.0.1/kerby-xdr-1.0.1.jar:/home/user/.m2/repository/org/slf4j/slf4j-log4j12/1.7.25/slf4j-log4j12-1.7.25.jar:/home/user/.m2/repository/org/apache/hadoop/hadoop-ozone-s3gateway/0.5.0-SNAPSHOT/hadoop-ozone-s3gateway-0.5.0-SNAPSHOT.jar:/home/user/.m2/repository/org/jboss/weld/servlet/weld-servlet/2.4.7.Final/weld-servlet-2.4.7.Final.jar:/home/user/.m2/repository/org/glassfish/jersey/containers/jersey-container-servlet-core/2.27/jersey-container-servlet-core-2.27.jar:/home/user/.m2/repository/org/glassfish/hk2/external/javax.inject/2.5.0-b42/javax.inject-2.5.0-b42.jar:/home/user/.m2/repository/org/glassfish/jersey/core/jersey-common/2.27/jersey-common-2.27.jar:/home/user/.m2/repository/org/glassfish/hk2/osgi-resource-locator/1.0.1/osgi-resource-locator-1.0.1.jar:/home/user/.m2/repository/javax/ws/rs/javax.ws.rs-api/2.1/javax.ws.rs-api-2.1.jar:/home/user/.m2/repository/org/glassfish/jersey/ext/cdi/jersey-cdi1x/2.27/jersey-cdi1x-2.27.jar:/home/user/.m2/repository/org/glassfish/jersey/inject/jersey-hk2/2.27/jersey-hk2-2.27.jar:/home/user/.m2/repository/org/glassfish/hk2/hk2-locator/2.5.0-b42/hk2-locator-2.5.0-b42.jar:/home/user/.m2/repository/org/javassist/javassist/3.22.0-CR2/javassist-3.22.0-CR2.jar:/home/user/.m2/repository/org/glassfish/hk2/hk2-api/2.5.0/hk2-api-2.5.0.jar:/home/user/.m2/repository/org/glassfish/hk2/external/jakarta.inject/2.5.0/jakarta.inject-2.5.0.jar:/home/user/.m2/repository/org/glassfish/hk2/hk2-utils/2.5.0/hk2-utils-2.5.0.jar:/home/user/.m2/repository/jakarta/annotation/jakarta.annotation-api/1.3.4/jakarta.annotation-api-1.3.4.jar:/home/user/.m2/repository/org/glassfish/hk2/external/aopalliance-repackaged/2.5.0/aopalliance-repackaged-2.5.0.jar:/home/user/.m2/repository/com/fasterxml/jackson/dataformat/jackson-dataformat-xml/2.9.0/jackson-dataformat-xml-2.9.0.jar:/home/user/.m2/repository/com/fasterxml/jackson/core/jackson-core/2.9.9/jackson-core-2.9.9.jar:/home/user/.m2/repository/com/fasterxml/jackson/module/jackson-module-jaxb-annotations/2.9.9/jackson-module-jaxb-annotations-2.9.9.jar:/home/user/.m2/repository/javax/enterprise/cdi-api/1.2/cdi-api-1.2.jar:/home/user/.m2/repository/javax/el/javax.el-api/3.0.0/javax.el-api-3.0.0.jar:/home/user/.m2/repository/javax/interceptor/javax.interceptor-api/1.2/javax.interceptor-api-1.2.jar:/home/user/.m2/repository/javax/inject/javax.inject/1/javax.inject-1.jar:/home/user/.m2/repository/com/sun/xml/bind/jaxb-impl/2.3.0.1/jaxb-impl-2.3.0.1.jar:/home/user/.m2/repository/com/sun/xml/bind/jaxb-core/2.3.0.1/jaxb-core-2.3.0.1.jar:/home/user/.m2/repository/javax/xml/bind/jaxb-api/2.3.0/jaxb-api-2.3.0.jar:/home/user/.m2/repository/javax/activation/activation/1.1.1/activation-1.1.1.jar:/home/user/.m2/repository/org/apache/hadoop/hadoop-ozone-csi/0.5.0-SNAPSHOT/hadoop-ozone-csi-0.5.0-SNAPSHOT.jar:/home/user/.m2/repository/com/google/protobuf/protobuf-java-util/3.5.1/protobuf-java-util-3.5.1.jar:/home/user/.m2/repository/org/apache/hadoop/hadoop-hdds-config/0.5.0-SNAPSHOT/hadoop-hdds-config-0.5.0-SNAPSHOT.jar:/home/user/.m2/repository/io/grpc/grpc-netty/1.17.1/grpc-netty-1.17.1.jar:/home/user/.m2/repository/io/grpc/grpc-core/1.17.1/grpc-core-1.17.1.jar:/home/user/.m2/repository/io/grpc/grpc-context/1.17.1/grpc-context-1.17.1.jar:/home/user/.m2/repository/com/google/errorprone/error_prone_annotations/2.2.0/error_prone_annotations-2.2.0.jar:/home/user/.m2/repository/org/codehaus/mojo/animal-sniffer-annotations/1.17/animal-sniffer-annotations-1.17.jar:/home/user/.m2/repository/io/opencensus/opencensus-api/0.17.0/opencensus-api-0.17.0.jar:/home/user/.m2/repository/io/opencensus/opencensus-contrib-grpc-metrics/0.17.0/opencensus-contrib-grpc-metrics-0.17.0.jar:/home/user/.m2/repository/io/netty/netty-codec-http2/4.1.30.Final/netty-codec-http2-4.1.30.Final.jar:/home/user/.m2/repository/io/netty/netty-codec-http/4.1.30.Final/netty-codec-http-4.1.30.Final.jar:/home/user/.m2/repository/io/netty/netty-codec/4.1.30.Final/netty-codec-4.1.30.Final.jar:/home/user/.m2/repository/io/netty/netty-handler/4.1.30.Final/netty-handler-4.1.30.Final.jar:/home/user/.m2/repository/io/netty/netty-handler-proxy/4.1.30.Final/netty-handler-proxy-4.1.30.Final.jar:/home/user/.m2/repository/io/netty/netty-codec-socks/4.1.30.Final/netty-codec-socks-4.1.30.Final.jar:/home/user/.m2/repository/io/netty/netty-transport-native-epoll/4.1.30.Final/netty-transport-native-epoll-4.1.30.Final.jar:/home/user/.m2/repository/io/netty/netty-common/4.1.30.Final/netty-common-4.1.30.Final.jar:/home/user/.m2/repository/io/netty/netty-buffer/4.1.30.Final/netty-buffer-4.1.30.Final.jar:/home/user/.m2/repository/io/netty/netty-transport/4.1.30.Final/netty-transport-4.1.30.Final.jar:/home/user/.m2/repository/io/netty/netty-resolver/4.1.30.Final/netty-resolver-4.1.30.Final.jar:/home/user/.m2/repository/io/netty/netty-transport-native-unix-common/4.1.30.Final/netty-transport-native-unix-common-4.1.30.Final.jar:/home/user/.m2/repository/io/grpc/grpc-protobuf/1.17.1/grpc-protobuf-1.17.1.jar:/home/user/.m2/repository/com/google/api/grpc/proto-google-common-protos/1.0.0/proto-google-common-protos-1.0.0.jar:/home/user/.m2/repository/io/grpc/grpc-protobuf-lite/1.17.1/grpc-protobuf-lite-1.17.1.jar:/home/user/.m2/repository/io/grpc/grpc-stub/1.17.1/grpc-stub-1.17.1.jar:/home/user/.m2/repository/org/apache/hadoop/hadoop-ozone-recon/0.5.0-SNAPSHOT/hadoop-ozone-recon-0.5.0-SNAPSHOT.jar:/home/user/.m2/repository/org/apache/hadoop/hadoop-ozone-reconcodegen/0.5.0-SNAPSHOT/hadoop-ozone-reconcodegen-0.5.0-SNAPSHOT.jar:/home/user/.m2/repository/com/google/inject/extensions/guice-multibindings/4.0/guice-multibindings-4.0.jar:/home/user/.m2/repository/com/google/inject/guice/4.0/guice-4.0.jar:/home/user/.m2/repository/aopalliance/aopalliance/1.0/aopalliance-1.0.jar:/home/user/.m2/repository/com/google/inject/extensions/guice-servlet/4.0/guice-servlet-4.0.jar:/home/user/.m2/repository/org/glassfish/jersey/containers/jersey-container-servlet/2.27/jersey-container-servlet-2.27.jar:/home/user/.m2/repository/org/glassfish/hk2/guice-bridge/2.5.0/guice-bridge-2.5.0.jar:/home/user/.m2/repository/org/glassfish/jersey/core/jersey-server/2.27/jersey-server-2.27.jar:/home/user/.m2/repository/org/glassfish/jersey/core/jersey-client/2.27/jersey-client-2.27.jar:/home/user/.m2/repository/org/glassfish/jersey/media/jersey-media-jaxb/2.27/jersey-media-jaxb-2.27.jar:/home/user/.m2/repository/javax/validation/validation-api/1.1.0.Final/validation-api-1.1.0.Final.jar:/home/user/.m2/repository/org/glassfish/jersey/media/jersey-media-json-jackson/2.27/jersey-media-json-jackson-2.27.jar:/home/user/.m2/repository/org/glassfish/jersey/ext/jersey-entity-filtering/2.27/jersey-entity-filtering-2.27.jar:/home/user/.m2/repository/com/google/inject/extensions/guice-assistedinject/4.0/guice-assistedinject-4.0.jar:/home/user/.m2/repository/org/jooq/jooq/3.11.10/jooq-3.11.10.jar:/home/user/.m2/repository/org/jooq/jooq-meta/3.11.10/jooq-meta-3.11.10.jar:/home/user/.m2/repository/org/jooq/jooq-codegen/3.11.10/jooq-codegen-3.11.10.jar:/home/user/.m2/repository/com/jolbox/bonecp/0.8.0.RELEASE/bonecp-0.8.0.RELEASE.jar:/home/user/.m2/repository/org/xerial/sqlite-jdbc/3.25.2/sqlite-jdbc-3.25.2.jar:/home/user/.m2/repository/org/springframework/spring-jdbc/5.1.3.RELEASE/spring-jdbc-5.1.3.RELEASE.jar:/home/user/.m2/repository/org/springframework/spring-beans/5.1.3.RELEASE/spring-beans-5.1.3.RELEASE.jar:/home/user/.m2/repository/org/springframework/spring-core/5.1.3.RELEASE/spring-core-5.1.3.RELEASE.jar:/home/user/.m2/repository/org/springframework/spring-jcl/5.1.3.RELEASE/spring-jcl-5.1.3.RELEASE.jar:/home/user/.m2/repository/org/springframework/spring-tx/5.1.3.RELEASE/spring-tx-5.1.3.RELEASE.jar:/home/user/.m2/repository/org/apache/hadoop/hadoop-ozone-client/0.5.0-SNAPSHOT/hadoop-ozone-client-0.5.0-SNAPSHOT.jar:/home/user/.m2/repository/commons-lang/commons-lang/2.6/commons-lang-2.6.jar:/home/user/.m2/repository/org/apache/hadoop/hadoop-ozone-ozone-manager/0.5.0-SNAPSHOT/hadoop-ozone-ozone-manager-0.5.0-SNAPSHOT-tests.jar:/home/user/.m2/repository/junit/junit/4.11/junit-4.11.jar:/home/user/.m2/repository/org/hamcrest/hamcrest-core/1.3/hamcrest-core-1.3.jar:/home/user/.m2/repository/org/openjdk/jmh/jmh-core/1.19/jmh-core-1.19.jar:/home/user/.m2/repository/net/sf/jopt-simple/jopt-simple/4.6/jopt-simple-4.6.jar:/home/user/.m2/repository/org/apache/commons/commons-math3/3.1.1/commons-math3-3.1.1.jar:/home/user/.m2/repository/org/openjdk/jmh/jmh-generator-annprocess/1.19/jmh-generator-annprocess-1.19.jar:/home/user/.m2/repository/org/mockito/mockito-all/1.8.5/mockito-all-1.8.5.jar:/home/user/.m2/repository/org/apache/hadoop/hadoop-kms/3.2.0/hadoop-kms-3.2.0.jar:/home/user/.m2/repository/org/apache/hadoop/hadoop-auth/3.2.0/hadoop-auth-3.2.0.jar:/home/user/.m2/repository/com/nimbusds/nimbus-jose-jwt/4.41.1/nimbus-jose-jwt-4.41.1.jar:/home/user/.m2/repository/com/github/stephenc/jcip/jcip-annotations/1.0-1/jcip-annotations-1.0-1.jar:/home/user/.m2/repository/net/minidev/json-smart/2.3/json-smart-2.3.jar:/home/user/.m2/repository/net/minidev/accessors-smart/1.2/accessors-smart-1.2.jar:/home/user/.m2/repository/org/ow2/asm/asm/5.0.4/asm-5.0.4.jar:/home/user/.m2/repository/org/apache/curator/curator-framework/2.12.0/curator-framework-2.12.0.jar:/home/user/.m2/repository/com/sun/jersey/jersey-core/1.19/jersey-core-1.19.jar:/home/user/.m2/repository/javax/ws/rs/jsr311-api/1.1.1/jsr311-api-1.1.1.jar:/home/user/.m2/repository/com/sun/jersey/jersey-server/1.19/jersey-server-1.19.jar:/home/user/.m2/repository/javax/servlet/javax.servlet-api/3.1.0/javax.servlet-api-3.1.0.jar:/home/user/.m2/repository/org/eclipse/jetty/jetty-server/9.3.25.v20180904/jetty-server-9.3.25.v20180904.jar:/home/user/.m2/repository/org/eclipse/jetty/jetty-http/9.3.25.v20180904/jetty-http-9.3.25.v20180904.jar:/home/user/.m2/repository/org/eclipse/jetty/jetty-io/9.3.25.v20180904/jetty-io-9.3.25.v20180904.jar:/home/user/.m2/repository/org/eclipse/jetty/jetty-webapp/9.3.25.v20180904/jetty-webapp-9.3.25.v20180904.jar:/home/user/.m2/repository/org/eclipse/jetty/jetty-xml/9.3.25.v20180904/jetty-xml-9.3.25.v20180904.jar:/home/user/.m2/repository/log4j/log4j/1.2.17/log4j-1.2.17.jar:/home/user/.m2/repository/org/slf4j/slf4j-api/1.7.25/slf4j-api-1.7.25.jar:/home/user/.m2/repository/org/slf4j/jul-to-slf4j/1.7.25/jul-to-slf4j-1.7.25.jar:/home/user/.m2/repository/org/eclipse/jetty/jetty-util/9.3.25.v20180904/jetty-util-9.3.25.v20180904.jar:/home/user/.m2/repository/com/fasterxml/jackson/core/jackson-databind/2.9.9/jackson-databind-2.9.9.jar:/home/user/.m2/repository/org/apache/hadoop/hadoop-kms/3.2.0/hadoop-kms-3.2.0-tests.jar:/home/user/.m2/repository/org/apache/hadoop/hadoop-hdds-server-scm/0.5.0-SNAPSHOT/hadoop-hdds-server-scm-0.5.0-SNAPSHOT-tests.jar:/home/user/.m2/repository/org/apache/hadoop/hadoop-hdds-container-service/0.5.0-SNAPSHOT/hadoop-hdds-container-service-0.5.0-SNAPSHOT-tests.jar:/home/user/.m2/repository/org/yaml/snakeyaml/1.16/snakeyaml-1.16.jar:/home/user/.m2/repository/org/apache/hadoop/hadoop-common/3.2.0/hadoop-common-3.2.0-tests.jar:/home/user/.m2/repository/org/apache/hadoop/hadoop-annotations/3.2.0/hadoop-annotations-3.2.0.jar:/usr/lib/jvm/java-1.8-openjdk/jre/../lib/tools.jar:/home/user/.m2/repository/commons-cli/commons-cli/1.2/commons-cli-1.2.jar:/home/user/.m2/repository/org/apache/httpcomponents/httpclient/4.5.2/httpclient-4.5.2.jar:/home/user/.m2/repository/org/apache/httpcomponents/httpcore/4.4.4/httpcore-4.4.4.jar:/home/user/.m2/repository/commons-codec/commons-codec/1.11/commons-codec-1.11.jar:/home/user/.m2/repository/commons-net/commons-net/3.6/commons-net-3.6.jar:/home/user/.m2/repository/commons-collections/commons-collections/3.2.2/commons-collections-3.2.2.jar:/home/user/.m2/repository/org/eclipse/jetty/jetty-servlet/9.3.25.v20180904/jetty-servlet-9.3.25.v20180904.jar:/home/user/.m2/repository/org/eclipse/jetty/jetty-security/9.3.25.v20180904/jetty-security-9.3.25.v20180904.jar:/home/user/.m2/repository/javax/servlet/jsp/jsp-api/2.1/jsp-api-2.1.jar:/home/user/.m2/repository/com/sun/jersey/jersey-servlet/1.19/jersey-servlet-1.19.jar:/home/user/.m2/repository/com/sun/jersey/jersey-json/1.19/jersey-json-1.19.jar:/home/user/.m2/repository/org/codehaus/jettison/jettison/1.1/jettison-1.1.jar:/home/user/.m2/repository/org/codehaus/jackson/jackson-core-asl/1.9.13/jackson-core-asl-1.9.13.jar:/home/user/.m2/repository/org/codehaus/jackson/jackson-mapper-asl/1.9.13/jackson-mapper-asl-1.9.13.jar:/home/user/.m2/repository/org/codehaus/jackson/jackson-jaxrs/1.9.13/jackson-jaxrs-1.9.13.jar:/home/user/.m2/repository/org/codehaus/jackson/jackson-xc/1.9.13/jackson-xc-1.9.13.jar:/home/user/.m2/repository/commons-logging/commons-logging/1.1.3/commons-logging-1.1.3.jar:/home/user/.m2/repository/commons-beanutils/commons-beanutils/1.9.4/commons-beanutils-1.9.4.jar:/home/user/.m2/repository/org/apache/commons/commons-configuration2/2.1.1/commons-configuration2-2.1.1.jar:/home/user/.m2/repository/org/apache/commons/commons-lang3/3.7/commons-lang3-3.7.jar:/home/user/.m2/repository/org/apache/commons/commons-text/1.4/commons-text-1.4.jar:/home/user/.m2/repository/org/apache/avro/avro/1.7.7/avro-1.7.7.jar:/home/user/.m2/repository/com/thoughtworks/paranamer/paranamer/2.3/paranamer-2.3.jar:/home/user/.m2/repository/org/xerial/snappy/snappy-java/1.0.5/snappy-java-1.0.5.jar:/home/user/.m2/repository/com/google/re2j/re2j/1.1/re2j-1.1.jar:/home/user/.m2/repository/com/google/code/gson/gson/2.2.4/gson-2.2.4.jar:/home/user/.m2/repository/com/jcraft/jsch/0.1.54/jsch-0.1.54.jar:/home/user/.m2/repository/org/apache/curator/curator-client/2.12.0/curator-client-2.12.0.jar:/home/user/.m2/repository/org/apache/curator/curator-recipes/2.12.0/curator-recipes-2.12.0.jar:/home/user/.m2/repository/com/google/code/findbugs/jsr305/3.0.0/jsr305-3.0.0.jar:/home/user/.m2/repository/org/apache/htrace/htrace-core4/4.1.0-incubating/htrace-core4-4.1.0-incubating.jar:/home/user/.m2/repository/org/apache/zookeeper/zookeeper/3.4.13/zookeeper-3.4.13.jar:/home/user/.m2/repository/jline/jline/0.9.94/jline-0.9.94.jar:/home/user/.m2/repository/org/apache/yetus/audience-annotations/0.5.0/audience-annotations-0.5.0.jar:/home/user/.m2/repository/org/codehaus/woodstox/stax2-api/3.1.4/stax2-api-3.1.4.jar:/home/user/.m2/repository/com/fasterxml/woodstox/woodstox-core/5.0.3/woodstox-core-5.0.3.jar:/home/user/.m2/repository/dnsjava/dnsjava/2.1.7/dnsjava-2.1.7.jar:/home/user/.m2/repository/org/apache/hadoop/hadoop-hdfs/3.2.0/hadoop-hdfs-3.2.0-tests.jar:/home/user/.m2/repository/org/eclipse/jetty/jetty-util-ajax/9.3.25.v20180904/jetty-util-ajax-9.3.25.v20180904.jar:/home/user/.m2/repository/commons-daemon/commons-daemon/1.0.13/commons-daemon-1.0.13.jar:/home/user/.m2/repository/io/netty/netty/3.10.5.Final/netty-3.10.5.Final.jar:/home/user/.m2/repository/io/netty/netty-all/4.0.52.Final/netty-all-4.0.52.Final.jar:/home/user/.m2/repository/org/fusesource/leveldbjni/leveldbjni-all/1.8/leveldbjni-all-1.8.jar:"/>
    <property name="java.vm.vendor" value="IcedTea"/>
    <property name="sun.arch.data.model" value="64"/>
    <property name="test.build.dir" value="/workdir/hadoop-ozone/integration-test/target/test-dir"/>
    <property name="test.cache.data" value=""/>
    <property name="java.vendor.url" value="https://icedtea.classpath.org"/>
    <property name="user.timezone" value=""/>
    <property name="java.vm.specification.version" value="1.8"/>
    <property name="os.name" value="Linux"/>
    <property name="test.build.data" value="/workdir/hadoop-ozone/integration-test/target/test-dir"/>
    <property name="user.country" value="US"/>
    <property name="sun.java.launcher" value="SUN_STANDARD"/>
    <property name="sun.boot.library.path" value="/usr/lib/jvm/java-1.8-openjdk/jre/lib/amd64"/>
    <property name="sun.java.command" value="/workdir/hadoop-ozone/integration-test/target/surefire/surefirebooter4112992997835339533.jar /workdir/hadoop-ozone/integration-test/target/surefire 2019-09-30T15-10-55_097-jvmRun1 surefire2943095828633076372tmp surefire_374144641940349856788tmp"/>
    <property name="test" value="!TestMiniChaosOzoneCluster"/>
    <property name="surefire.test.class.path" value="/workdir/hadoop-ozone/integration-test/target/test-classes:/workdir/hadoop-ozone/integration-test/target/classes:/home/user/.m2/repository/org/apache/hadoop/hadoop-ozone-common/0.5.0-SNAPSHOT/hadoop-ozone-common-0.5.0-SNAPSHOT.jar:/home/user/.m2/repository/org/apache/commons/commons-compress/1.4.1/commons-compress-1.4.1.jar:/home/user/.m2/repository/org/tukaani/xz/1.0/xz-1.0.jar:/home/user/.m2/repository/org/apache/hadoop/hadoop-common/3.2.0/hadoop-common-3.2.0.jar:/home/user/.m2/repository/org/apache/hadoop/hadoop-hdfs/3.2.0/hadoop-hdfs-3.2.0.jar:/home/user/.m2/repository/org/apache/hadoop/hadoop-hdfs-client/3.2.0/hadoop-hdfs-client-3.2.0.jar:/home/user/.m2/repository/com/fasterxml/jackson/core/jackson-annotations/2.9.9/jackson-annotations-2.9.9.jar:/home/user/.m2/repository/org/apache/hadoop/hadoop-hdds-common/0.5.0-SNAPSHOT/hadoop-hdds-common-0.5.0-SNAPSHOT.jar:/home/user/.m2/repository/javax/annotation/javax.annotation-api/1.2/javax.annotation-api-1.2.jar:/home/user/.m2/repository/org/apache/ratis/ratis-server/0.4.0/ratis-server-0.4.0.jar:/home/user/.m2/repository/org/apache/ratis/ratis-thirdparty-misc/0.2.0/ratis-thirdparty-misc-0.2.0.jar:/home/user/.m2/repository/org/apache/ratis/ratis-proto/0.4.0/ratis-proto-0.4.0.jar:/home/user/.m2/repository/org/apache/ratis/ratis-common/0.4.0/ratis-common-0.4.0.jar:/home/user/.m2/repository/org/apache/ratis/ratis-client/0.4.0/ratis-client-0.4.0.jar:/home/user/.m2/repository/org/apache/ratis/ratis-metrics/0.4.0/ratis-metrics-0.4.0.jar:/home/user/.m2/repository/com/github/joshelser/dropwizard-metrics-hadoop-metrics2-reporter/0.1.2/dropwizard-metrics-hadoop-metrics2-reporter-0.1.2.jar:/home/user/.m2/repository/io/dropwizard/metrics/metrics-jvm/3.2.5/metrics-jvm-3.2.5.jar:/home/user/.m2/repository/io/dropwizard/metrics/metrics-ganglia/3.2.5/metrics-ganglia-3.2.5.jar:/home/user/.m2/repository/info/ganglia/gmetric4j/gmetric4j/1.0.7/gmetric4j-1.0.7.jar:/home/user/.m2/repository/org/apache/ratis/ratis-netty/0.4.0/ratis-netty-0.4.0.jar:/home/user/.m2/repository/org/apache/ratis/ratis-grpc/0.4.0/ratis-grpc-0.4.0.jar:/home/user/.m2/repository/org/rocksdb/rocksdbjni/6.0.1/rocksdbjni-6.0.1.jar:/home/user/.m2/repository/org/apache/logging/log4j/log4j-api/2.11.0/log4j-api-2.11.0.jar:/home/user/.m2/repository/org/apache/logging/log4j/log4j-core/2.11.0/log4j-core-2.11.0.jar:/home/user/.m2/repository/com/lmax/disruptor/3.4.2/disruptor-3.4.2.jar:/home/user/.m2/repository/org/apache/commons/commons-pool2/2.6.0/commons-pool2-2.6.0.jar:/home/user/.m2/repository/org/bouncycastle/bcpkix-jdk15on/1.60/bcpkix-jdk15on-1.60.jar:/home/user/.m2/repository/commons-validator/commons-validator/1.6/commons-validator-1.6.jar:/home/user/.m2/repository/commons-digester/commons-digester/1.8.1/commons-digester-1.8.1.jar:/home/user/.m2/repository/io/jaegertracing/jaeger-client/0.34.0/jaeger-client-0.34.0.jar:/home/user/.m2/repository/io/jaegertracing/jaeger-thrift/0.34.0/jaeger-thrift-0.34.0.jar:/home/user/.m2/repository/org/apache/thrift/libthrift/0.12.0/libthrift-0.12.0.jar:/home/user/.m2/repository/com/squareup/okhttp3/okhttp/3.9.0/okhttp-3.9.0.jar:/home/user/.m2/repository/com/squareup/okio/okio/1.13.0/okio-1.13.0.jar:/home/user/.m2/repository/io/jaegertracing/jaeger-core/0.34.0/jaeger-core-0.34.0.jar:/home/user/.m2/repository/io/jaegertracing/jaeger-tracerresolver/0.34.0/jaeger-tracerresolver-0.34.0.jar:/home/user/.m2/repository/io/opentracing/contrib/opentracing-tracerresolver/0.1.5/opentracing-tracerresolver-0.1.5.jar:/home/user/.m2/repository/io/opentracing/opentracing-util/0.31.0/opentracing-util-0.31.0.jar:/home/user/.m2/repository/io/opentracing/opentracing-api/0.31.0/opentracing-api-0.31.0.jar:/home/user/.m2/repository/io/opentracing/opentracing-noop/0.31.0/opentracing-noop-0.31.0.jar:/home/user/.m2/repository/org/apache/hadoop/hadoop-hdds-server-framework/0.5.0-SNAPSHOT/hadoop-hdds-server-framework-0.5.0-SNAPSHOT.jar:/home/user/.m2/repository/org/apache/hadoop/hadoop-hdds-container-service/0.5.0-SNAPSHOT/hadoop-hdds-container-service-0.5.0-SNAPSHOT.jar:/home/user/.m2/repository/org/apache/hadoop/hadoop-hdds-client/0.5.0-SNAPSHOT/hadoop-hdds-client-0.5.0-SNAPSHOT.jar:/home/user/.m2/repository/org/apache/hadoop/hadoop-hdds-tools/0.5.0-SNAPSHOT/hadoop-hdds-tools-0.5.0-SNAPSHOT.jar:/home/user/.m2/repository/org/apache/hadoop/hadoop-hdds-server-scm/0.5.0-SNAPSHOT/hadoop-hdds-server-scm-0.5.0-SNAPSHOT.jar:/home/user/.m2/repository/org/apache/hadoop/hadoop-hdds-docs/0.5.0-SNAPSHOT/hadoop-hdds-docs-0.5.0-SNAPSHOT.jar:/home/user/.m2/repository/io/dropwizard/metrics/metrics-core/3.2.4/metrics-core-3.2.4.jar:/home/user/.m2/repository/org/hamcrest/hamcrest-all/1.3/hamcrest-all-1.3.jar:/home/user/.m2/repository/org/bouncycastle/bcprov-jdk15on/1.60/bcprov-jdk15on-1.60.jar:/home/user/.m2/repository/info/picocli/picocli/3.9.6/picocli-3.9.6.jar:/home/user/.m2/repository/com/google/protobuf/protobuf-java/2.5.0/protobuf-java-2.5.0.jar:/home/user/.m2/repository/com/google/guava/guava/11.0.2/guava-11.0.2.jar:/home/user/.m2/repository/org/apache/hadoop/hadoop-ozone-ozone-manager/0.5.0-SNAPSHOT/hadoop-ozone-ozone-manager-0.5.0-SNAPSHOT.jar:/home/user/.m2/repository/org/apache/hadoop/hadoop-minikdc/3.2.0/hadoop-minikdc-3.2.0.jar:/home/user/.m2/repository/commons-io/commons-io/2.5/commons-io-2.5.jar:/home/user/.m2/repository/org/apache/kerby/kerb-simplekdc/1.0.1/kerb-simplekdc-1.0.1.jar:/home/user/.m2/repository/org/apache/kerby/kerb-client/1.0.1/kerb-client-1.0.1.jar:/home/user/.m2/repository/org/apache/kerby/kerby-config/1.0.1/kerby-config-1.0.1.jar:/home/user/.m2/repository/org/apache/kerby/kerb-core/1.0.1/kerb-core-1.0.1.jar:/home/user/.m2/repository/org/apache/kerby/kerby-pkix/1.0.1/kerby-pkix-1.0.1.jar:/home/user/.m2/repository/org/apache/kerby/kerby-asn1/1.0.1/kerby-asn1-1.0.1.jar:/home/user/.m2/repository/org/apache/kerby/kerby-util/1.0.1/kerby-util-1.0.1.jar:/home/user/.m2/repository/org/apache/kerby/kerb-common/1.0.1/kerb-common-1.0.1.jar:/home/user/.m2/repository/org/apache/kerby/kerb-crypto/1.0.1/kerb-crypto-1.0.1.jar:/home/user/.m2/repository/org/apache/kerby/kerb-util/1.0.1/kerb-util-1.0.1.jar:/home/user/.m2/repository/org/apache/kerby/token-provider/1.0.1/token-provider-1.0.1.jar:/home/user/.m2/repository/org/apache/kerby/kerb-admin/1.0.1/kerb-admin-1.0.1.jar:/home/user/.m2/repository/org/apache/kerby/kerb-server/1.0.1/kerb-server-1.0.1.jar:/home/user/.m2/repository/org/apache/kerby/kerb-identity/1.0.1/kerb-identity-1.0.1.jar:/home/user/.m2/repository/org/apache/kerby/kerby-xdr/1.0.1/kerby-xdr-1.0.1.jar:/home/user/.m2/repository/org/slf4j/slf4j-log4j12/1.7.25/slf4j-log4j12-1.7.25.jar:/home/user/.m2/repository/org/apache/hadoop/hadoop-ozone-s3gateway/0.5.0-SNAPSHOT/hadoop-ozone-s3gateway-0.5.0-SNAPSHOT.jar:/home/user/.m2/repository/org/jboss/weld/servlet/weld-servlet/2.4.7.Final/weld-servlet-2.4.7.Final.jar:/home/user/.m2/repository/org/glassfish/jersey/containers/jersey-container-servlet-core/2.27/jersey-container-servlet-core-2.27.jar:/home/user/.m2/repository/org/glassfish/hk2/external/javax.inject/2.5.0-b42/javax.inject-2.5.0-b42.jar:/home/user/.m2/repository/org/glassfish/jersey/core/jersey-common/2.27/jersey-common-2.27.jar:/home/user/.m2/repository/org/glassfish/hk2/osgi-resource-locator/1.0.1/osgi-resource-locator-1.0.1.jar:/home/user/.m2/repository/javax/ws/rs/javax.ws.rs-api/2.1/javax.ws.rs-api-2.1.jar:/home/user/.m2/repository/org/glassfish/jersey/ext/cdi/jersey-cdi1x/2.27/jersey-cdi1x-2.27.jar:/home/user/.m2/repository/org/glassfish/jersey/inject/jersey-hk2/2.27/jersey-hk2-2.27.jar:/home/user/.m2/repository/org/glassfish/hk2/hk2-locator/2.5.0-b42/hk2-locator-2.5.0-b42.jar:/home/user/.m2/repository/org/javassist/javassist/3.22.0-CR2/javassist-3.22.0-CR2.jar:/home/user/.m2/repository/org/glassfish/hk2/hk2-api/2.5.0/hk2-api-2.5.0.jar:/home/user/.m2/repository/org/glassfish/hk2/external/jakarta.inject/2.5.0/jakarta.inject-2.5.0.jar:/home/user/.m2/repository/org/glassfish/hk2/hk2-utils/2.5.0/hk2-utils-2.5.0.jar:/home/user/.m2/repository/jakarta/annotation/jakarta.annotation-api/1.3.4/jakarta.annotation-api-1.3.4.jar:/home/user/.m2/repository/org/glassfish/hk2/external/aopalliance-repackaged/2.5.0/aopalliance-repackaged-2.5.0.jar:/home/user/.m2/repository/com/fasterxml/jackson/dataformat/jackson-dataformat-xml/2.9.0/jackson-dataformat-xml-2.9.0.jar:/home/user/.m2/repository/com/fasterxml/jackson/core/jackson-core/2.9.9/jackson-core-2.9.9.jar:/home/user/.m2/repository/com/fasterxml/jackson/module/jackson-module-jaxb-annotations/2.9.9/jackson-module-jaxb-annotations-2.9.9.jar:/home/user/.m2/repository/javax/enterprise/cdi-api/1.2/cdi-api-1.2.jar:/home/user/.m2/repository/javax/el/javax.el-api/3.0.0/javax.el-api-3.0.0.jar:/home/user/.m2/repository/javax/interceptor/javax.interceptor-api/1.2/javax.interceptor-api-1.2.jar:/home/user/.m2/repository/javax/inject/javax.inject/1/javax.inject-1.jar:/home/user/.m2/repository/com/sun/xml/bind/jaxb-impl/2.3.0.1/jaxb-impl-2.3.0.1.jar:/home/user/.m2/repository/com/sun/xml/bind/jaxb-core/2.3.0.1/jaxb-core-2.3.0.1.jar:/home/user/.m2/repository/javax/xml/bind/jaxb-api/2.3.0/jaxb-api-2.3.0.jar:/home/user/.m2/repository/javax/activation/activation/1.1.1/activation-1.1.1.jar:/home/user/.m2/repository/org/apache/hadoop/hadoop-ozone-csi/0.5.0-SNAPSHOT/hadoop-ozone-csi-0.5.0-SNAPSHOT.jar:/home/user/.m2/repository/com/google/protobuf/protobuf-java-util/3.5.1/protobuf-java-util-3.5.1.jar:/home/user/.m2/repository/org/apache/hadoop/hadoop-hdds-config/0.5.0-SNAPSHOT/hadoop-hdds-config-0.5.0-SNAPSHOT.jar:/home/user/.m2/repository/io/grpc/grpc-netty/1.17.1/grpc-netty-1.17.1.jar:/home/user/.m2/repository/io/grpc/grpc-core/1.17.1/grpc-core-1.17.1.jar:/home/user/.m2/repository/io/grpc/grpc-context/1.17.1/grpc-context-1.17.1.jar:/home/user/.m2/repository/com/google/errorprone/error_prone_annotations/2.2.0/error_prone_annotations-2.2.0.jar:/home/user/.m2/repository/org/codehaus/mojo/animal-sniffer-annotations/1.17/animal-sniffer-annotations-1.17.jar:/home/user/.m2/repository/io/opencensus/opencensus-api/0.17.0/opencensus-api-0.17.0.jar:/home/user/.m2/repository/io/opencensus/opencensus-contrib-grpc-metrics/0.17.0/opencensus-contrib-grpc-metrics-0.17.0.jar:/home/user/.m2/repository/io/netty/netty-codec-http2/4.1.30.Final/netty-codec-http2-4.1.30.Final.jar:/home/user/.m2/repository/io/netty/netty-codec-http/4.1.30.Final/netty-codec-http-4.1.30.Final.jar:/home/user/.m2/repository/io/netty/netty-codec/4.1.30.Final/netty-codec-4.1.30.Final.jar:/home/user/.m2/repository/io/netty/netty-handler/4.1.30.Final/netty-handler-4.1.30.Final.jar:/home/user/.m2/repository/io/netty/netty-handler-proxy/4.1.30.Final/netty-handler-proxy-4.1.30.Final.jar:/home/user/.m2/repository/io/netty/netty-codec-socks/4.1.30.Final/netty-codec-socks-4.1.30.Final.jar:/home/user/.m2/repository/io/netty/netty-transport-native-epoll/4.1.30.Final/netty-transport-native-epoll-4.1.30.Final.jar:/home/user/.m2/repository/io/netty/netty-common/4.1.30.Final/netty-common-4.1.30.Final.jar:/home/user/.m2/repository/io/netty/netty-buffer/4.1.30.Final/netty-buffer-4.1.30.Final.jar:/home/user/.m2/repository/io/netty/netty-transport/4.1.30.Final/netty-transport-4.1.30.Final.jar:/home/user/.m2/repository/io/netty/netty-resolver/4.1.30.Final/netty-resolver-4.1.30.Final.jar:/home/user/.m2/repository/io/netty/netty-transport-native-unix-common/4.1.30.Final/netty-transport-native-unix-common-4.1.30.Final.jar:/home/user/.m2/repository/io/grpc/grpc-protobuf/1.17.1/grpc-protobuf-1.17.1.jar:/home/user/.m2/repository/com/google/api/grpc/proto-google-common-protos/1.0.0/proto-google-common-protos-1.0.0.jar:/home/user/.m2/repository/io/grpc/grpc-protobuf-lite/1.17.1/grpc-protobuf-lite-1.17.1.jar:/home/user/.m2/repository/io/grpc/grpc-stub/1.17.1/grpc-stub-1.17.1.jar:/home/user/.m2/repository/org/apache/hadoop/hadoop-ozone-recon/0.5.0-SNAPSHOT/hadoop-ozone-recon-0.5.0-SNAPSHOT.jar:/home/user/.m2/repository/org/apache/hadoop/hadoop-ozone-reconcodegen/0.5.0-SNAPSHOT/hadoop-ozone-reconcodegen-0.5.0-SNAPSHOT.jar:/home/user/.m2/repository/com/google/inject/extensions/guice-multibindings/4.0/guice-multibindings-4.0.jar:/home/user/.m2/repository/com/google/inject/guice/4.0/guice-4.0.jar:/home/user/.m2/repository/aopalliance/aopalliance/1.0/aopalliance-1.0.jar:/home/user/.m2/repository/com/google/inject/extensions/guice-servlet/4.0/guice-servlet-4.0.jar:/home/user/.m2/repository/org/glassfish/jersey/containers/jersey-container-servlet/2.27/jersey-container-servlet-2.27.jar:/home/user/.m2/repository/org/glassfish/hk2/guice-bridge/2.5.0/guice-bridge-2.5.0.jar:/home/user/.m2/repository/org/glassfish/jersey/core/jersey-server/2.27/jersey-server-2.27.jar:/home/user/.m2/repository/org/glassfish/jersey/core/jersey-client/2.27/jersey-client-2.27.jar:/home/user/.m2/repository/org/glassfish/jersey/media/jersey-media-jaxb/2.27/jersey-media-jaxb-2.27.jar:/home/user/.m2/repository/javax/validation/validation-api/1.1.0.Final/validation-api-1.1.0.Final.jar:/home/user/.m2/repository/org/glassfish/jersey/media/jersey-media-json-jackson/2.27/jersey-media-json-jackson-2.27.jar:/home/user/.m2/repository/org/glassfish/jersey/ext/jersey-entity-filtering/2.27/jersey-entity-filtering-2.27.jar:/home/user/.m2/repository/com/google/inject/extensions/guice-assistedinject/4.0/guice-assistedinject-4.0.jar:/home/user/.m2/repository/org/jooq/jooq/3.11.10/jooq-3.11.10.jar:/home/user/.m2/repository/org/jooq/jooq-meta/3.11.10/jooq-meta-3.11.10.jar:/home/user/.m2/repository/org/jooq/jooq-codegen/3.11.10/jooq-codegen-3.11.10.jar:/home/user/.m2/repository/com/jolbox/bonecp/0.8.0.RELEASE/bonecp-0.8.0.RELEASE.jar:/home/user/.m2/repository/org/xerial/sqlite-jdbc/3.25.2/sqlite-jdbc-3.25.2.jar:/home/user/.m2/repository/org/springframework/spring-jdbc/5.1.3.RELEASE/spring-jdbc-5.1.3.RELEASE.jar:/home/user/.m2/repository/org/springframework/spring-beans/5.1.3.RELEASE/spring-beans-5.1.3.RELEASE.jar:/home/user/.m2/repository/org/springframework/spring-core/5.1.3.RELEASE/spring-core-5.1.3.RELEASE.jar:/home/user/.m2/repository/org/springframework/spring-jcl/5.1.3.RELEASE/spring-jcl-5.1.3.RELEASE.jar:/home/user/.m2/repository/org/springframework/spring-tx/5.1.3.RELEASE/spring-tx-5.1.3.RELEASE.jar:/home/user/.m2/repository/org/apache/hadoop/hadoop-ozone-client/0.5.0-SNAPSHOT/hadoop-ozone-client-0.5.0-SNAPSHOT.jar:/home/user/.m2/repository/commons-lang/commons-lang/2.6/commons-lang-2.6.jar:/home/user/.m2/repository/org/apache/hadoop/hadoop-ozone-ozone-manager/0.5.0-SNAPSHOT/hadoop-ozone-ozone-manager-0.5.0-SNAPSHOT-tests.jar:/home/user/.m2/repository/junit/junit/4.11/junit-4.11.jar:/home/user/.m2/repository/org/hamcrest/hamcrest-core/1.3/hamcrest-core-1.3.jar:/home/user/.m2/repository/org/openjdk/jmh/jmh-core/1.19/jmh-core-1.19.jar:/home/user/.m2/repository/net/sf/jopt-simple/jopt-simple/4.6/jopt-simple-4.6.jar:/home/user/.m2/repository/org/apache/commons/commons-math3/3.1.1/commons-math3-3.1.1.jar:/home/user/.m2/repository/org/openjdk/jmh/jmh-generator-annprocess/1.19/jmh-generator-annprocess-1.19.jar:/home/user/.m2/repository/org/mockito/mockito-all/1.8.5/mockito-all-1.8.5.jar:/home/user/.m2/repository/org/apache/hadoop/hadoop-kms/3.2.0/hadoop-kms-3.2.0.jar:/home/user/.m2/repository/org/apache/hadoop/hadoop-auth/3.2.0/hadoop-auth-3.2.0.jar:/home/user/.m2/repository/com/nimbusds/nimbus-jose-jwt/4.41.1/nimbus-jose-jwt-4.41.1.jar:/home/user/.m2/repository/com/github/stephenc/jcip/jcip-annotations/1.0-1/jcip-annotations-1.0-1.jar:/home/user/.m2/repository/net/minidev/json-smart/2.3/json-smart-2.3.jar:/home/user/.m2/repository/net/minidev/accessors-smart/1.2/accessors-smart-1.2.jar:/home/user/.m2/repository/org/ow2/asm/asm/5.0.4/asm-5.0.4.jar:/home/user/.m2/repository/org/apache/curator/curator-framework/2.12.0/curator-framework-2.12.0.jar:/home/user/.m2/repository/com/sun/jersey/jersey-core/1.19/jersey-core-1.19.jar:/home/user/.m2/repository/javax/ws/rs/jsr311-api/1.1.1/jsr311-api-1.1.1.jar:/home/user/.m2/repository/com/sun/jersey/jersey-server/1.19/jersey-server-1.19.jar:/home/user/.m2/repository/javax/servlet/javax.servlet-api/3.1.0/javax.servlet-api-3.1.0.jar:/home/user/.m2/repository/org/eclipse/jetty/jetty-server/9.3.25.v20180904/jetty-server-9.3.25.v20180904.jar:/home/user/.m2/repository/org/eclipse/jetty/jetty-http/9.3.25.v20180904/jetty-http-9.3.25.v20180904.jar:/home/user/.m2/repository/org/eclipse/jetty/jetty-io/9.3.25.v20180904/jetty-io-9.3.25.v20180904.jar:/home/user/.m2/repository/org/eclipse/jetty/jetty-webapp/9.3.25.v20180904/jetty-webapp-9.3.25.v20180904.jar:/home/user/.m2/repository/org/eclipse/jetty/jetty-xml/9.3.25.v20180904/jetty-xml-9.3.25.v20180904.jar:/home/user/.m2/repository/log4j/log4j/1.2.17/log4j-1.2.17.jar:/home/user/.m2/repository/org/slf4j/slf4j-api/1.7.25/slf4j-api-1.7.25.jar:/home/user/.m2/repository/org/slf4j/jul-to-slf4j/1.7.25/jul-to-slf4j-1.7.25.jar:/home/user/.m2/repository/org/eclipse/jetty/jetty-util/9.3.25.v20180904/jetty-util-9.3.25.v20180904.jar:/home/user/.m2/repository/com/fasterxml/jackson/core/jackson-databind/2.9.9/jackson-databind-2.9.9.jar:/home/user/.m2/repository/org/apache/hadoop/hadoop-kms/3.2.0/hadoop-kms-3.2.0-tests.jar:/home/user/.m2/repository/org/apache/hadoop/hadoop-hdds-server-scm/0.5.0-SNAPSHOT/hadoop-hdds-server-scm-0.5.0-SNAPSHOT-tests.jar:/home/user/.m2/repository/org/apache/hadoop/hadoop-hdds-container-service/0.5.0-SNAPSHOT/hadoop-hdds-container-service-0.5.0-SNAPSHOT-tests.jar:/home/user/.m2/repository/org/yaml/snakeyaml/1.16/snakeyaml-1.16.jar:/home/user/.m2/repository/org/apache/hadoop/hadoop-common/3.2.0/hadoop-common-3.2.0-tests.jar:/home/user/.m2/repository/org/apache/hadoop/hadoop-annotations/3.2.0/hadoop-annotations-3.2.0.jar:/usr/lib/jvm/java-1.8-openjdk/jre/../lib/tools.jar:/home/user/.m2/repository/commons-cli/commons-cli/1.2/commons-cli-1.2.jar:/home/user/.m2/repository/org/apache/httpcomponents/httpclient/4.5.2/httpclient-4.5.2.jar:/home/user/.m2/repository/org/apache/httpcomponents/httpcore/4.4.4/httpcore-4.4.4.jar:/home/user/.m2/repository/commons-codec/commons-codec/1.11/commons-codec-1.11.jar:/home/user/.m2/repository/commons-net/commons-net/3.6/commons-net-3.6.jar:/home/user/.m2/repository/commons-collections/commons-collections/3.2.2/commons-collections-3.2.2.jar:/home/user/.m2/repository/org/eclipse/jetty/jetty-servlet/9.3.25.v20180904/jetty-servlet-9.3.25.v20180904.jar:/home/user/.m2/repository/org/eclipse/jetty/jetty-security/9.3.25.v20180904/jetty-security-9.3.25.v20180904.jar:/home/user/.m2/repository/javax/servlet/jsp/jsp-api/2.1/jsp-api-2.1.jar:/home/user/.m2/repository/com/sun/jersey/jersey-servlet/1.19/jersey-servlet-1.19.jar:/home/user/.m2/repository/com/sun/jersey/jersey-json/1.19/jersey-json-1.19.jar:/home/user/.m2/repository/org/codehaus/jettison/jettison/1.1/jettison-1.1.jar:/home/user/.m2/repository/org/codehaus/jackson/jackson-core-asl/1.9.13/jackson-core-asl-1.9.13.jar:/home/user/.m2/repository/org/codehaus/jackson/jackson-mapper-asl/1.9.13/jackson-mapper-asl-1.9.13.jar:/home/user/.m2/repository/org/codehaus/jackson/jackson-jaxrs/1.9.13/jackson-jaxrs-1.9.13.jar:/home/user/.m2/repository/org/codehaus/jackson/jackson-xc/1.9.13/jackson-xc-1.9.13.jar:/home/user/.m2/repository/commons-logging/commons-logging/1.1.3/commons-logging-1.1.3.jar:/home/user/.m2/repository/commons-beanutils/commons-beanutils/1.9.4/commons-beanutils-1.9.4.jar:/home/user/.m2/repository/org/apache/commons/commons-configuration2/2.1.1/commons-configuration2-2.1.1.jar:/home/user/.m2/repository/org/apache/commons/commons-lang3/3.7/commons-lang3-3.7.jar:/home/user/.m2/repository/org/apache/commons/commons-text/1.4/commons-text-1.4.jar:/home/user/.m2/repository/org/apache/avro/avro/1.7.7/avro-1.7.7.jar:/home/user/.m2/repository/com/thoughtworks/paranamer/paranamer/2.3/paranamer-2.3.jar:/home/user/.m2/repository/org/xerial/snappy/snappy-java/1.0.5/snappy-java-1.0.5.jar:/home/user/.m2/repository/com/google/re2j/re2j/1.1/re2j-1.1.jar:/home/user/.m2/repository/com/google/code/gson/gson/2.2.4/gson-2.2.4.jar:/home/user/.m2/repository/com/jcraft/jsch/0.1.54/jsch-0.1.54.jar:/home/user/.m2/repository/org/apache/curator/curator-client/2.12.0/curator-client-2.12.0.jar:/home/user/.m2/repository/org/apache/curator/curator-recipes/2.12.0/curator-recipes-2.12.0.jar:/home/user/.m2/repository/com/google/code/findbugs/jsr305/3.0.0/jsr305-3.0.0.jar:/home/user/.m2/repository/org/apache/htrace/htrace-core4/4.1.0-incubating/htrace-core4-4.1.0-incubating.jar:/home/user/.m2/repository/org/apache/zookeeper/zookeeper/3.4.13/zookeeper-3.4.13.jar:/home/user/.m2/repository/jline/jline/0.9.94/jline-0.9.94.jar:/home/user/.m2/repository/org/apache/yetus/audience-annotations/0.5.0/audience-annotations-0.5.0.jar:/home/user/.m2/repository/org/codehaus/woodstox/stax2-api/3.1.4/stax2-api-3.1.4.jar:/home/user/.m2/repository/com/fasterxml/woodstox/woodstox-core/5.0.3/woodstox-core-5.0.3.jar:/home/user/.m2/repository/dnsjava/dnsjava/2.1.7/dnsjava-2.1.7.jar:/home/user/.m2/repository/org/apache/hadoop/hadoop-hdfs/3.2.0/hadoop-hdfs-3.2.0-tests.jar:/home/user/.m2/repository/org/eclipse/jetty/jetty-util-ajax/9.3.25.v20180904/jetty-util-ajax-9.3.25.v20180904.jar:/home/user/.m2/repository/commons-daemon/commons-daemon/1.0.13/commons-daemon-1.0.13.jar:/home/user/.m2/repository/io/netty/netty/3.10.5.Final/netty-3.10.5.Final.jar:/home/user/.m2/repository/io/netty/netty-all/4.0.52.Final/netty-all-4.0.52.Final.jar:/home/user/.m2/repository/org/fusesource/leveldbjni/leveldbjni-all/1.8/leveldbjni-all-1.8.jar:"/>
    <property name="sun.cpu.endian" value="little"/>
    <property name="user.home" value="/home/user"/>
    <property name="user.language" value="en"/>
    <property name="java.specification.vendor" value="Oracle Corporation"/>
    <property name="java.home" value="/usr/lib/jvm/java-1.8-openjdk/jre"/>
    <property name="java.security.krb5.conf" value="/workdir/hadoop-ozone/integration-test/target/test-classes/krb5.conf"/>
    <property name="basedir" value="/workdir/hadoop-ozone/integration-test"/>
    <property name="file.separator" value="/"/>
    <property name="line.separator" value="&#10;"/>
    <property name="java.vm.specification.vendor" value="Oracle Corporation"/>
    <property name="java.specification.name" value="Java Platform API Specification"/>
    <property name="java.awt.graphicsenv" value="sun.awt.X11GraphicsEnvironment"/>
    <property name="surefire.real.class.path" value="/workdir/hadoop-ozone/integration-test/target/surefire/surefirebooter4112992997835339533.jar"/>
    <property name="hadoop.log.dir" value="/workdir/hadoop-ozone/integration-test/target/log"/>
    <property name="sun.boot.class.path" value="/usr/lib/jvm/java-1.8-openjdk/jre/lib/resources.jar:/usr/lib/jvm/java-1.8-openjdk/jre/lib/rt.jar:/usr/lib/jvm/java-1.8-openjdk/jre/lib/sunrsasign.jar:/usr/lib/jvm/java-1.8-openjdk/jre/lib/jsse.jar:/usr/lib/jvm/java-1.8-openjdk/jre/lib/jce.jar:/usr/lib/jvm/java-1.8-openjdk/jre/lib/charsets.jar:/usr/lib/jvm/java-1.8-openjdk/jre/lib/jfr.jar:/usr/lib/jvm/java-1.8-openjdk/jre/classes"/>
    <property name="sun.management.compiler" value="HotSpot 64-Bit Tiered Compilers"/>
    <property name="java.runtime.version" value="1.8.0_212-b04"/>
    <property name="java.net.preferIPv4Stack" value="true"/>
    <property name="user.name" value="jenkins1000"/>
    <property name="path.separator" value=":"/>
    <property name="java.security.egd" value="file:///dev/urandom"/>
    <property name="os.version" value="3.10.0-957.12.2.el7.x86_64"/>
    <property name="java.endorsed.dirs" value="/usr/lib/jvm/java-1.8-openjdk/jre/lib/endorsed"/>
    <property name="java.runtime.name" value="OpenJDK Runtime Environment"/>
    <property name="file.encoding" value="UTF-8"/>
    <property name="java.vm.name" value="OpenJDK 64-Bit Server VM"/>
    <property name="test.build.webapps" value=""/>
    <property name="localRepository" value="/home/user/.m2/repository"/>
    <property name="java.vendor.url.bug" value="https://icedtea.classpath.org/bugzilla"/>
    <property name="java.io.tmpdir" value="/tmp"/>
    <property name="require.test.libhadoop" value=""/>
    <property name="java.version" value="1.8.0_212"/>
    <property name="user.dir" value="/workdir/hadoop-ozone/integration-test"/>
    <property name="os.arch" value="amd64"/>
    <property name="java.vm.specification.name" value="Java Virtual Machine Specification"/>
    <property name="test.build.classes" value="/workdir/hadoop-ozone/integration-test/target/test-classes"/>
    <property name="java.awt.printerjob" value="sun.print.PSPrinterJob"/>
    <property name="sun.os.patch.level" value="unknown"/>
    <property name="hadoop.tmp.dir" value="/workdir/hadoop-ozone/integration-test/target/tmp"/>
    <property name="java.library.path" value="/usr/lib/jvm/java-1.8-openjdk/jre/lib/amd64/server:/usr/lib/jvm/java-1.8-openjdk/jre/lib/amd64:/usr/lib/jvm/java-1.8-openjdk/jre/../lib/amd64:/workdir/hadoop-ozone/integration-test/target/native/target/usr/local/lib:/workdir/hadoop-ozone/integration-test/../../hadoop-common-project/hadoop-common/target/native/target/usr/local/lib:/usr/java/packages/lib/amd64:/usr/lib64:/lib64:/lib:/usr/lib"/>
    <property name="java.vm.info" value="mixed mode"/>
    <property name="java.vendor" value="IcedTea"/>
    <property name="java.vm.version" value="25.212-b04"/>
    <property name="java.ext.dirs" value="/usr/lib/jvm/java-1.8-openjdk/jre/lib/ext:/usr/java/packages/lib/ext"/>
    <property name="sun.io.unicode.encoding" value="UnicodeLittle"/>
    <property name="java.class.version" value="52.0"/>
  </properties>
  <testcase name="test2WayCommitForRetryfailure" classname="org.apache.hadoop.ozone.client.rpc.Test2WayCommitInRatis" time="38.034">
    <error message="org.apache.ratis.protocol.RaftRetryFailureException: Failed RaftClientRequest:client-BB2A9B6A000F-&gt;f42e1d76-cf6f-4bc2-9079-fcc105a6b469@group-3C5B330A738C, cid=14, seq=2*, RW, org.apache.hadoop.hdds.scm.XceiverClientRatis$$Lambda$323/2084457242@67488dd4 for 20 attempts with RetryLimited(maxAttempts=20, sleepTime=1000ms)" type="java.util.concurrent.ExecutionException">java.util.concurrent.ExecutionException: org.apache.ratis.protocol.RaftRetryFailureException: Failed RaftClientRequest:client-BB2A9B6A000F->f42e1d76-cf6f-4bc2-9079-fcc105a6b469@group-3C5B330A738C, cid=14, seq=2*, RW, org.apache.hadoop.hdds.scm.XceiverClientRatis$$Lambda$323/2084457242@67488dd4 for 20 attempts with RetryLimited(maxAttempts=20, sleepTime=1000ms)
	at java.util.concurrent.CompletableFuture.reportGet(CompletableFuture.java:357)
	at java.util.concurrent.CompletableFuture.get(CompletableFuture.java:1895)
	at org.apache.hadoop.ozone.client.rpc.Test2WayCommitInRatis.test2WayCommitForRetryfailure(Test2WayCommitInRatis.java:144)
	at sun.reflect.NativeMethodAccessorImpl.invoke0(Native Method)
	at sun.reflect.NativeMethodAccessorImpl.invoke(NativeMethodAccessorImpl.java:62)
	at sun.reflect.DelegatingMethodAccessorImpl.invoke(DelegatingMethodAccessorImpl.java:43)
	at java.lang.reflect.Method.invoke(Method.java:498)
	at org.junit.runners.model.FrameworkMethod$1.runReflectiveCall(FrameworkMethod.java:47)
	at org.junit.internal.runners.model.ReflectiveCallable.run(ReflectiveCallable.java:12)
	at org.junit.runners.model.FrameworkMethod.invokeExplosively(FrameworkMethod.java:44)
	at org.junit.internal.runners.statements.InvokeMethod.evaluate(InvokeMethod.java:17)
	at org.junit.runners.ParentRunner.runLeaf(ParentRunner.java:271)
	at org.junit.runners.BlockJUnit4ClassRunner.runChild(BlockJUnit4ClassRunner.java:70)
	at org.junit.runners.BlockJUnit4ClassRunner.runChild(BlockJUnit4ClassRunner.java:50)
	at org.junit.runners.ParentRunner$3.run(ParentRunner.java:238)
	at org.junit.runners.ParentRunner$1.schedule(ParentRunner.java:63)
	at org.junit.runners.ParentRunner.runChildren(ParentRunner.java:236)
	at org.junit.runners.ParentRunner.access$000(ParentRunner.java:53)
	at org.junit.runners.ParentRunner$2.evaluate(ParentRunner.java:229)
	at org.junit.runners.ParentRunner.run(ParentRunner.java:309)
	at org.apache.maven.surefire.junit4.JUnit4Provider.execute(JUnit4Provider.java:365)
	at org.apache.maven.surefire.junit4.JUnit4Provider.executeWithRerun(JUnit4Provider.java:273)
	at org.apache.maven.surefire.junit4.JUnit4Provider.executeTestSet(JUnit4Provider.java:238)
	at org.apache.maven.surefire.junit4.JUnit4Provider.invoke(JUnit4Provider.java:159)
	at org.apache.maven.surefire.booter.ForkedBooter.invokeProviderInSameClassLoader(ForkedBooter.java:384)
	at org.apache.maven.surefire.booter.ForkedBooter.runSuitesInProcess(ForkedBooter.java:345)
	at org.apache.maven.surefire.booter.ForkedBooter.execute(ForkedBooter.java:126)
	at org.apache.maven.surefire.booter.ForkedBooter.main(ForkedBooter.java:418)
Caused by: org.apache.ratis.protocol.RaftRetryFailureException: Failed RaftClientRequest:client-BB2A9B6A000F->f42e1d76-cf6f-4bc2-9079-fcc105a6b469@group-3C5B330A738C, cid=14, seq=2*, RW, org.apache.hadoop.hdds.scm.XceiverClientRatis$$Lambda$323/2084457242@67488dd4 for 20 attempts with RetryLimited(maxAttempts=20, sleepTime=1000ms)
	at org.apache.ratis.client.impl.RaftClientImpl.noMoreRetries(RaftClientImpl.java:271)
	at org.apache.ratis.client.impl.OrderedAsync.handleAsyncRetryFailure(OrderedAsync.java:138)
	at org.apache.ratis.client.impl.OrderedAsync.lambda$sendRequest$10(OrderedAsync.java:230)
	at java.util.concurrent.CompletableFuture.uniExceptionally(CompletableFuture.java:870)
	at java.util.concurrent.CompletableFuture$UniExceptionally.tryFire(CompletableFuture.java:852)
	at java.util.concurrent.CompletableFuture.postComplete(CompletableFuture.java:474)
	at java.util.concurrent.CompletableFuture.completeExceptionally(CompletableFuture.java:1977)
	at org.apache.ratis.grpc.client.GrpcClientProtocolClient$AsyncStreamObservers.completeReplyExceptionally(GrpcClientProtocolClient.java:339)
	at org.apache.ratis.grpc.client.GrpcClientProtocolClient$AsyncStreamObservers.access$000(GrpcClientProtocolClient.java:255)
	at org.apache.ratis.grpc.client.GrpcClientProtocolClient$AsyncStreamObservers$1.onError(GrpcClientProtocolClient.java:284)
	at org.apache.ratis.thirdparty.io.grpc.stub.ClientCalls$StreamObserverToCallListenerAdapter.onClose(ClientCalls.java:434)
	at org.apache.ratis.thirdparty.io.grpc.PartialForwardingClientCallListener.onClose(PartialForwardingClientCallListener.java:39)
	at org.apache.ratis.thirdparty.io.grpc.ForwardingClientCallListener.onClose(ForwardingClientCallListener.java:23)
	at org.apache.ratis.thirdparty.io.grpc.ForwardingClientCallListener$SimpleForwardingClientCallListener.onClose(ForwardingClientCallListener.java:40)
	at org.apache.ratis.thirdparty.io.grpc.internal.CensusStatsModule$StatsClientInterceptor$1$1.onClose(CensusStatsModule.java:678)
	at org.apache.ratis.thirdparty.io.grpc.PartialForwardingClientCallListener.onClose(PartialForwardingClientCallListener.java:39)
	at org.apache.ratis.thirdparty.io.grpc.ForwardingClientCallListener.onClose(ForwardingClientCallListener.java:23)
	at org.apache.ratis.thirdparty.io.grpc.ForwardingClientCallListener$SimpleForwardingClientCallListener.onClose(ForwardingClientCallListener.java:40)
	at org.apache.ratis.thirdparty.io.grpc.internal.CensusTracingModule$TracingClientInterceptor$1$1.onClose(CensusTracingModule.java:397)
	at org.apache.ratis.thirdparty.io.grpc.internal.ClientCallImpl.closeObserver(ClientCallImpl.java:459)
	at org.apache.ratis.thirdparty.io.grpc.internal.ClientCallImpl.access$300(ClientCallImpl.java:63)
	at org.apache.ratis.thirdparty.io.grpc.internal.ClientCallImpl$ClientStreamListenerImpl.close(ClientCallImpl.java:546)
	at org.apache.ratis.thirdparty.io.grpc.internal.ClientCallImpl$ClientStreamListenerImpl.access$600(ClientCallImpl.java:467)
	at org.apache.ratis.thirdparty.io.grpc.internal.ClientCallImpl$ClientStreamListenerImpl$1StreamClosed.runInContext(ClientCallImpl.java:584)
	at org.apache.ratis.thirdparty.io.grpc.internal.ContextRunnable.run(ContextRunnable.java:37)
	at org.apache.ratis.thirdparty.io.grpc.internal.SerializingExecutor.run(SerializingExecutor.java:123)
	at java.util.concurrent.ThreadPoolExecutor.runWorker(ThreadPoolExecutor.java:1149)
	at java.util.concurrent.ThreadPoolExecutor$Worker.run(ThreadPoolExecutor.java:624)
	at java.lang.Thread.run(Thread.java:748)
Caused by: java.io.IOException: org.apache.ratis.thirdparty.io.grpc.StatusRuntimeException: UNAVAILABLE: io exception
	at org.apache.ratis.grpc.GrpcUtil.unwrapException(GrpcUtil.java:76)
	at org.apache.ratis.grpc.GrpcUtil.unwrapIOException(GrpcUtil.java:128)
	at org.apache.ratis.grpc.client.GrpcClientProtocolClient$AsyncStreamObservers$1.onError(GrpcClientProtocolClient.java:283)
	... 19 more
Caused by: org.apache.ratis.thirdparty.io.grpc.StatusRuntimeException: UNAVAILABLE: io exception
	at org.apache.ratis.thirdparty.io.grpc.Status.asRuntimeException(Status.java:526)
	... 19 more
Caused by: org.apache.ratis.thirdparty.io.netty.channel.AbstractChannel$AnnotatedConnectException: Connection refused: /192.168.5.180:38871
	at sun.nio.ch.SocketChannelImpl.checkConnect(Native Method)
	at sun.nio.ch.SocketChannelImpl.finishConnect(SocketChannelImpl.java:717)
	at org.apache.ratis.thirdparty.io.netty.channel.socket.nio.NioSocketChannel.doFinishConnect(NioSocketChannel.java:327)
	at org.apache.ratis.thirdparty.io.netty.channel.nio.AbstractNioChannel$AbstractNioUnsafe.finishConnect(AbstractNioChannel.java:340)
	at org.apache.ratis.thirdparty.io.netty.channel.nio.NioEventLoop.processSelectedKey(NioEventLoop.java:632)
	at org.apache.ratis.thirdparty.io.netty.channel.nio.NioEventLoop.processSelectedKeysOptimized(NioEventLoop.java:579)
	at org.apache.ratis.thirdparty.io.netty.channel.nio.NioEventLoop.processSelectedKeys(NioEventLoop.java:496)
	at org.apache.ratis.thirdparty.io.netty.channel.nio.NioEventLoop.run(NioEventLoop.java:458)
	at org.apache.ratis.thirdparty.io.netty.util.concurrent.SingleThreadEventExecutor$5.run(SingleThreadEventExecutor.java:897)
	at org.apache.ratis.thirdparty.io.netty.util.concurrent.FastThreadLocalRunnable.run(FastThreadLocalRunnable.java:30)
	... 1 more
Caused by: java.net.ConnectException: Connection refused
	... 11 more
</error>
    <system-out><![CDATA[2019-09-30 16:01:46,886 [main] WARN  server.ServerUtils (ServerUtils.java:getScmDbDir(145)) - ozone.scm.db.dirs is not configured. We recommend adding this setting. Falling back to ozone.metadata.dirs instead.
2019-09-30 16:01:47,038 [main] WARN  server.ServerUtils (ServerUtils.java:getScmDbDir(145)) - ozone.scm.db.dirs is not configured. We recommend adding this setting. Falling back to ozone.metadata.dirs instead.
2019-09-30 16:01:47,041 [main] WARN  server.ServerUtils (ServerUtils.java:getScmDbDir(145)) - ozone.scm.db.dirs is not configured. We recommend adding this setting. Falling back to ozone.metadata.dirs instead.
2019-09-30 16:01:47,063 [main] INFO  util.log (Log.java:initialized(192)) - Logging initialized @947ms
2019-09-30 16:01:47,154 [main] INFO  db.DBStoreBuilder (DBStoreBuilder.java:addTable(110)) - using custom profile for table: deletedBlocks
2019-09-30 16:01:47,155 [main] INFO  db.DBStoreBuilder (DBStoreBuilder.java:processTables(161)) - Using default column profile:DBProfile.DISK for Table:deletedBlocks
2019-09-30 16:01:47,155 [main] INFO  db.DBStoreBuilder (DBStoreBuilder.java:addTable(110)) - using custom profile for table: validCerts
2019-09-30 16:01:47,155 [main] INFO  db.DBStoreBuilder (DBStoreBuilder.java:processTables(161)) - Using default column profile:DBProfile.DISK for Table:validCerts
2019-09-30 16:01:47,156 [main] INFO  db.DBStoreBuilder (DBStoreBuilder.java:addTable(110)) - using custom profile for table: revokedCerts
2019-09-30 16:01:47,156 [main] INFO  db.DBStoreBuilder (DBStoreBuilder.java:processTables(161)) - Using default column profile:DBProfile.DISK for Table:revokedCerts
2019-09-30 16:01:47,167 [main] INFO  db.DBStoreBuilder (DBStoreBuilder.java:addTable(110)) - using custom profile for table: default
2019-09-30 16:01:47,167 [main] INFO  db.DBStoreBuilder (DBStoreBuilder.java:processTables(167)) - Using default column profile:DBProfile.DISK for Table:default
2019-09-30 16:01:47,168 [main] INFO  db.DBStoreBuilder (DBStoreBuilder.java:getDbProfile(198)) - Using default options. DBProfile.DISK
2019-09-30 16:01:47,402 [main] INFO  net.NodeSchemaLoader (NodeSchemaLoader.java:loadSchemaFromFile(125)) - Loading file from sun.misc.CompoundEnumeration@77888435
2019-09-30 16:01:47,404 [main] INFO  net.NodeSchemaLoader (NodeSchemaLoader.java:loadSchema(171)) - Loading network topology layer schema file
2019-09-30 16:01:47,473 [main] WARN  server.ServerUtils (ServerUtils.java:sanitizeUserArgs(70)) - ozone.scm.stale.node.interval value = 300000 is larger than max = 100000 based on the key value of ozone.scm.heartbeat.thread.interval, reset to the max value 100000.
2019-09-30 16:01:47,475 [main] WARN  server.ServerUtils (ServerUtils.java:sanitizeUserArgs(70)) - ozone.scm.stale.node.interval value = 300000 is larger than max = 100000 based on the key value of ozone.scm.heartbeat.thread.interval, reset to the max value 100000.
2019-09-30 16:01:47,477 [main] INFO  node.SCMNodeManager (SCMNodeManager.java:<init>(116)) - Entering startup safe mode.
2019-09-30 16:01:47,550 [main] INFO  algorithms.ContainerPlacementPolicyFactory (ContainerPlacementPolicyFactory.java:getPolicy(57)) - Create container placement policy of type org.apache.hadoop.hdds.scm.container.placement.algorithms.SCMContainerPlacementRandom
2019-09-30 16:01:47,564 [main] WARN  server.ServerUtils (ServerUtils.java:getScmDbDir(145)) - ozone.scm.db.dirs is not configured. We recommend adding this setting. Falling back to ozone.metadata.dirs instead.
2019-09-30 16:01:47,623 [main] INFO  pipeline.SCMPipelineManager (SCMPipelineManager.java:initializePipelineState(132)) - No pipeline exists in current db
2019-09-30 16:01:47,626 [main] WARN  server.ServerUtils (ServerUtils.java:getScmDbDir(145)) - ozone.scm.db.dirs is not configured. We recommend adding this setting. Falling back to ozone.metadata.dirs instead.
2019-09-30 16:01:47,742 [main] WARN  events.EventQueue (EventQueue.java:fireEvent(183)) - No event handler registered for event TypedEvent{payloadType=SafeModeStatus, name='SafeModeStatus'}
2019-09-30 16:01:48,112 [main] INFO  ipc.CallQueueManager (CallQueueManager.java:<init>(84)) - Using callQueue: class java.util.concurrent.LinkedBlockingQueue, queueCapacity: 2000, scheduler: class org.apache.hadoop.ipc.DefaultRpcScheduler, ipcBackoff: false.
2019-09-30 16:01:48,141 [Socket Reader #1 for port 46397] INFO  ipc.Server (Server.java:run(1074)) - Starting Socket Reader #1 for port 46397
2019-09-30 16:01:48,308 [main] INFO  ipc.CallQueueManager (CallQueueManager.java:<init>(84)) - Using callQueue: class java.util.concurrent.LinkedBlockingQueue, queueCapacity: 2000, scheduler: class org.apache.hadoop.ipc.DefaultRpcScheduler, ipcBackoff: false.
2019-09-30 16:01:48,310 [Socket Reader #1 for port 36200] INFO  ipc.Server (Server.java:run(1074)) - Starting Socket Reader #1 for port 36200
2019-09-30 16:01:48,322 [main] INFO  ipc.CallQueueManager (CallQueueManager.java:<init>(84)) - Using callQueue: class java.util.concurrent.LinkedBlockingQueue, queueCapacity: 2000, scheduler: class org.apache.hadoop.ipc.DefaultRpcScheduler, ipcBackoff: false.
2019-09-30 16:01:48,323 [Socket Reader #1 for port 38459] INFO  ipc.Server (Server.java:run(1074)) - Starting Socket Reader #1 for port 38459
2019-09-30 16:01:48,352 [main] INFO  hdfs.DFSUtil (DFSUtil.java:httpServerTemplateForNNAndJN(1641)) - Starting Web-server for scm at: http://0.0.0.0:0
2019-09-30 16:01:48,521 [main] INFO  server.AuthenticationFilter (AuthenticationFilter.java:constructSecretProvider(240)) - Unable to initialize FileSignerSecretProvider, falling back to use random secrets.
2019-09-30 16:01:48,529 [main] WARN  http.HttpRequestLog (HttpRequestLog.java:getRequestLog(97)) - Jetty request log can only be enabled using Log4j
2019-09-30 16:01:48,537 [main] INFO  http.HttpServer2 (HttpServer2.java:addGlobalFilter(975)) - Added global filter 'safety' (class=org.apache.hadoop.http.HttpServer2$QuotingInputFilter)
2019-09-30 16:01:48,540 [main] INFO  http.HttpServer2 (HttpServer2.java:addFilter(948)) - Added filter static_user_filter (class=org.apache.hadoop.http.lib.StaticUserWebFilter$StaticUserFilter) to context scm
2019-09-30 16:01:48,540 [main] INFO  http.HttpServer2 (HttpServer2.java:addFilter(958)) - Added filter static_user_filter (class=org.apache.hadoop.http.lib.StaticUserWebFilter$StaticUserFilter) to context static
2019-09-30 16:01:48,540 [main] INFO  http.HttpServer2 (HttpServer2.java:addFilter(958)) - Added filter static_user_filter (class=org.apache.hadoop.http.lib.StaticUserWebFilter$StaticUserFilter) to context logs
2019-09-30 16:01:48,571 [main] INFO  server.StorageContainerManager (StorageContainerManager.java:start(770)) - StorageContainerLocationProtocol RPC server is listening at /0.0.0.0:38459
2019-09-30 16:01:48,633 [main] WARN  impl.MetricsConfig (MetricsConfig.java:loadFirst(134)) - Cannot locate configuration: tried hadoop-metrics2-storagecontainermanager.properties,hadoop-metrics2.properties
2019-09-30 16:01:48,645 [main] INFO  impl.MetricsSystemImpl (MetricsSystemImpl.java:startTimer(374)) - Scheduled Metric snapshot period at 10 second(s).
2019-09-30 16:01:48,646 [main] INFO  impl.MetricsSystemImpl (MetricsSystemImpl.java:start(191)) - StorageContainerManager metrics system started
2019-09-30 16:01:48,874 [main] INFO  server.SCMClientProtocolServer (SCMClientProtocolServer.java:start(150)) - RPC server for Client  is listening at /0.0.0.0:38459
2019-09-30 16:01:48,875 [IPC Server Responder] INFO  ipc.Server (Server.java:run(1314)) - IPC Server Responder: starting
2019-09-30 16:01:48,875 [IPC Server listener on 38459] INFO  ipc.Server (Server.java:run(1153)) - IPC Server listener on 38459: starting
2019-09-30 16:01:48,878 [main] INFO  server.StorageContainerManager (StorageContainerManager.java:start(780)) - ScmBlockLocationProtocol RPC server is listening at /0.0.0.0:36200
2019-09-30 16:01:48,879 [main] INFO  server.SCMBlockProtocolServer (SCMBlockProtocolServer.java:start(148)) - RPC server for Block Protocol is listening at /0.0.0.0:36200
2019-09-30 16:01:48,880 [IPC Server Responder] INFO  ipc.Server (Server.java:run(1314)) - IPC Server Responder: starting
2019-09-30 16:01:48,880 [IPC Server listener on 36200] INFO  ipc.Server (Server.java:run(1153)) - IPC Server listener on 36200: starting
2019-09-30 16:01:48,882 [main] INFO  server.StorageContainerManager (StorageContainerManager.java:start(784)) - ScmDatanodeProtocl RPC server is listening at /0.0.0.0:46397
2019-09-30 16:01:48,882 [main] INFO  server.SCMDatanodeProtocolServer (SCMDatanodeProtocolServer.java:start(191)) - RPC server for DataNodes is listening at /0.0.0.0:46397
2019-09-30 16:01:48,883 [IPC Server Responder] INFO  ipc.Server (Server.java:run(1314)) - IPC Server Responder: starting
2019-09-30 16:01:48,883 [IPC Server listener on 46397] INFO  ipc.Server (Server.java:run(1153)) - IPC Server listener on 46397: starting
2019-09-30 16:01:48,886 [main] INFO  http.HttpServer2 (HttpServer2.java:bindListener(1191)) - Jetty bound to port 42461
2019-09-30 16:01:48,888 [main] INFO  server.Server (Server.java:doStart(351)) - jetty-9.3.25.v20180904, build timestamp: 2018-09-04T21:11:46Z, git hash: 3ce520221d0240229c862b122d2b06c12a625732
2019-09-30 16:01:48,928 [main] INFO  handler.ContextHandler (ContextHandler.java:doStart(781)) - Started o.e.j.s.ServletContextHandler@615091b8{/logs,file:///workdir/hadoop-ozone/integration-test/target/log,AVAILABLE}
2019-09-30 16:01:48,929 [main] INFO  handler.ContextHandler (ContextHandler.java:doStart(781)) - Started o.e.j.s.ServletContextHandler@4aa83f4f{/static,file:///workdir/hadoop-ozone/integration-test/target/test-classes/webapps/static,AVAILABLE}
2019-09-30 16:01:48,963 [main] INFO  handler.ContextHandler (ContextHandler.java:doStart(781)) - Started o.e.j.w.WebAppContext@3574e198{/,file:///workdir/hadoop-ozone/integration-test/target/test-classes/webapps/scm/,AVAILABLE}{/scm}
2019-09-30 16:01:48,969 [main] INFO  server.AbstractConnector (AbstractConnector.java:doStart(278)) - Started ServerConnector@3aa3193a{HTTP/1.1,[http/1.1]}{0.0.0.0:42461}
2019-09-30 16:01:48,969 [main] INFO  server.Server (Server.java:doStart(419)) - Started @2854ms
2019-09-30 16:01:48,972 [main] INFO  impl.MetricsSinkAdapter (MetricsSinkAdapter.java:start(204)) - Sink prometheus started
2019-09-30 16:01:48,972 [main] INFO  impl.MetricsSystemImpl (MetricsSystemImpl.java:registerSink(301)) - Registered sink prometheus
2019-09-30 16:01:48,973 [main] INFO  server.BaseHttpServer (BaseHttpServer.java:updateConnectorAddress(215)) - HTTP server of SCM is listening at http://0.0.0.0:42461
2019-09-30 16:01:48,978 [org.apache.hadoop.util.JvmPauseMonitor$Monitor@3b366632] INFO  util.JvmPauseMonitor (JvmPauseMonitor.java:run(188)) - Starting JVM pause monitor
2019-09-30 16:01:48,981 [main] WARN  server.ServerUtils (ServerUtils.java:getDBPath(222)) - ozone.om.db.dirs is not configured. We recommend adding this setting. Falling back to ozone.metadata.dirs instead.
2019-09-30 16:01:49,088 [main] WARN  server.ServerUtils (ServerUtils.java:getDBPath(222)) - ozone.om.db.dirs is not configured. We recommend adding this setting. Falling back to ozone.metadata.dirs instead.
2019-09-30 16:01:49,089 [main] WARN  server.ServerUtils (ServerUtils.java:getDBPath(222)) - ozone.om.db.dirs is not configured. We recommend adding this setting. Falling back to ozone.metadata.dirs instead.
2019-09-30 16:01:49,090 [main] INFO  om.OzoneManager (OzoneManager.java:setOMNodeDetails(652)) - OM Service ID is not set. Setting it to the default ID: omServiceIdDefault
2019-09-30 16:01:49,090 [main] INFO  om.OzoneManager (OzoneManager.java:setOMNodeDetails(658)) - OM Node ID is not set. Setting it to the OmStorage's OmID: cdfafc11-683c-4018-afa4-78c662a24851
2019-09-30 16:01:49,092 [main] INFO  om.OzoneManager (OzoneManager.java:loadOMHAConfigs(609)) - Found matching OM address with OMServiceId: null, OMNodeId: null, RPC Address: localhost:0 and Ratis port: 9872
2019-09-30 16:01:49,818 [main] WARN  server.ServerUtils (ServerUtils.java:getDBPath(222)) - ozone.om.db.dirs is not configured. We recommend adding this setting. Falling back to ozone.metadata.dirs instead.
2019-09-30 16:01:49,826 [main] INFO  db.DBStoreBuilder (DBStoreBuilder.java:addTable(110)) - using custom profile for table: userTable
2019-09-30 16:01:49,826 [main] INFO  db.DBStoreBuilder (DBStoreBuilder.java:processTables(161)) - Using default column profile:DBProfile.DISK for Table:userTable
2019-09-30 16:01:49,826 [main] INFO  db.DBStoreBuilder (DBStoreBuilder.java:addTable(110)) - using custom profile for table: volumeTable
2019-09-30 16:01:49,826 [main] INFO  db.DBStoreBuilder (DBStoreBuilder.java:processTables(161)) - Using default column profile:DBProfile.DISK for Table:volumeTable
2019-09-30 16:01:49,827 [main] INFO  db.DBStoreBuilder (DBStoreBuilder.java:addTable(110)) - using custom profile for table: bucketTable
2019-09-30 16:01:49,827 [main] INFO  db.DBStoreBuilder (DBStoreBuilder.java:processTables(161)) - Using default column profile:DBProfile.DISK for Table:bucketTable
2019-09-30 16:01:49,827 [main] INFO  db.DBStoreBuilder (DBStoreBuilder.java:addTable(110)) - using custom profile for table: keyTable
2019-09-30 16:01:49,827 [main] INFO  db.DBStoreBuilder (DBStoreBuilder.java:processTables(161)) - Using default column profile:DBProfile.DISK for Table:keyTable
2019-09-30 16:01:49,828 [main] INFO  db.DBStoreBuilder (DBStoreBuilder.java:addTable(110)) - using custom profile for table: deletedTable
2019-09-30 16:01:49,828 [main] INFO  db.DBStoreBuilder (DBStoreBuilder.java:processTables(161)) - Using default column profile:DBProfile.DISK for Table:deletedTable
2019-09-30 16:01:49,828 [main] INFO  db.DBStoreBuilder (DBStoreBuilder.java:addTable(110)) - using custom profile for table: openKeyTable
2019-09-30 16:01:49,828 [main] INFO  db.DBStoreBuilder (DBStoreBuilder.java:processTables(161)) - Using default column profile:DBProfile.DISK for Table:openKeyTable
2019-09-30 16:01:49,829 [main] INFO  db.DBStoreBuilder (DBStoreBuilder.java:addTable(110)) - using custom profile for table: s3Table
2019-09-30 16:01:49,829 [main] INFO  db.DBStoreBuilder (DBStoreBuilder.java:processTables(161)) - Using default column profile:DBProfile.DISK for Table:s3Table
2019-09-30 16:01:49,829 [main] INFO  db.DBStoreBuilder (DBStoreBuilder.java:addTable(110)) - using custom profile for table: multipartInfoTable
2019-09-30 16:01:49,829 [main] INFO  db.DBStoreBuilder (DBStoreBuilder.java:processTables(161)) - Using default column profile:DBProfile.DISK for Table:multipartInfoTable
2019-09-30 16:01:49,830 [main] INFO  db.DBStoreBuilder (DBStoreBuilder.java:addTable(110)) - using custom profile for table: dTokenTable
2019-09-30 16:01:49,830 [main] INFO  db.DBStoreBuilder (DBStoreBuilder.java:processTables(161)) - Using default column profile:DBProfile.DISK for Table:dTokenTable
2019-09-30 16:01:49,830 [main] INFO  db.DBStoreBuilder (DBStoreBuilder.java:addTable(110)) - using custom profile for table: s3SecretTable
2019-09-30 16:01:49,830 [main] INFO  db.DBStoreBuilder (DBStoreBuilder.java:processTables(161)) - Using default column profile:DBProfile.DISK for Table:s3SecretTable
2019-09-30 16:01:49,831 [main] INFO  db.DBStoreBuilder (DBStoreBuilder.java:addTable(110)) - using custom profile for table: prefixTable
2019-09-30 16:01:49,831 [main] INFO  db.DBStoreBuilder (DBStoreBuilder.java:processTables(161)) - Using default column profile:DBProfile.DISK for Table:prefixTable
2019-09-30 16:01:49,831 [main] INFO  db.DBStoreBuilder (DBStoreBuilder.java:addTable(110)) - using custom profile for table: default
2019-09-30 16:01:49,831 [main] INFO  db.DBStoreBuilder (DBStoreBuilder.java:processTables(167)) - Using default column profile:DBProfile.DISK for Table:default
2019-09-30 16:01:49,831 [main] INFO  db.DBStoreBuilder (DBStoreBuilder.java:getDbProfile(198)) - Using default options. DBProfile.DISK
2019-09-30 16:01:50,324 [main] INFO  ipc.CallQueueManager (CallQueueManager.java:<init>(84)) - Using callQueue: class java.util.concurrent.LinkedBlockingQueue, queueCapacity: 2000, scheduler: class org.apache.hadoop.ipc.DefaultRpcScheduler, ipcBackoff: false.
2019-09-30 16:01:50,325 [Socket Reader #1 for port 39794] INFO  ipc.Server (Server.java:run(1074)) - Starting Socket Reader #1 for port 39794
2019-09-30 16:01:50,348 [main] INFO  om.OzoneManager (OzoneManager.java:start(1243)) - OzoneManager RPC server is listening at localhost/127.0.0.1:39794
2019-09-30 16:01:50,349 [main] INFO  impl.MetricsSystemImpl (MetricsSystemImpl.java:init(158)) - OzoneManager metrics system started (again)
2019-09-30 16:01:50,350 [IPC Server Responder] INFO  ipc.Server (Server.java:run(1314)) - IPC Server Responder: starting
2019-09-30 16:01:50,350 [IPC Server listener on 39794] INFO  ipc.Server (Server.java:run(1153)) - IPC Server listener on 39794: starting
2019-09-30 16:01:50,356 [main] INFO  hdfs.DFSUtil (DFSUtil.java:httpServerTemplateForNNAndJN(1641)) - Starting Web-server for ozoneManager at: http://0.0.0.0:0
2019-09-30 16:01:50,358 [main] INFO  server.AuthenticationFilter (AuthenticationFilter.java:constructSecretProvider(240)) - Unable to initialize FileSignerSecretProvider, falling back to use random secrets.
2019-09-30 16:01:50,358 [main] WARN  http.HttpRequestLog (HttpRequestLog.java:getRequestLog(97)) - Jetty request log can only be enabled using Log4j
2019-09-30 16:01:50,360 [main] INFO  http.HttpServer2 (HttpServer2.java:addGlobalFilter(975)) - Added global filter 'safety' (class=org.apache.hadoop.http.HttpServer2$QuotingInputFilter)
2019-09-30 16:01:50,361 [main] INFO  http.HttpServer2 (HttpServer2.java:addFilter(948)) - Added filter static_user_filter (class=org.apache.hadoop.http.lib.StaticUserWebFilter$StaticUserFilter) to context ozoneManager
2019-09-30 16:01:50,362 [main] INFO  http.HttpServer2 (HttpServer2.java:addFilter(958)) - Added filter static_user_filter (class=org.apache.hadoop.http.lib.StaticUserWebFilter$StaticUserFilter) to context static
2019-09-30 16:01:50,362 [main] INFO  http.HttpServer2 (HttpServer2.java:addFilter(958)) - Added filter static_user_filter (class=org.apache.hadoop.http.lib.StaticUserWebFilter$StaticUserFilter) to context logs
2019-09-30 16:01:50,364 [main] INFO  http.HttpServer2 (HttpServer2.java:bindListener(1191)) - Jetty bound to port 34759
2019-09-30 16:01:50,364 [main] INFO  server.Server (Server.java:doStart(351)) - jetty-9.3.25.v20180904, build timestamp: 2018-09-04T21:11:46Z, git hash: 3ce520221d0240229c862b122d2b06c12a625732
2019-09-30 16:01:50,366 [main] INFO  handler.ContextHandler (ContextHandler.java:doStart(781)) - Started o.e.j.s.ServletContextHandler@ecfbe91{/logs,file:///workdir/hadoop-ozone/integration-test/target/log,AVAILABLE}
2019-09-30 16:01:50,367 [main] INFO  handler.ContextHandler (ContextHandler.java:doStart(781)) - Started o.e.j.s.ServletContextHandler@3adbe50f{/static,file:///workdir/hadoop-ozone/integration-test/target/test-classes/webapps/static,AVAILABLE}
2019-09-30 16:01:50,372 [main] INFO  handler.ContextHandler (ContextHandler.java:doStart(781)) - Started o.e.j.w.WebAppContext@748fe51d{/,file:///workdir/hadoop-ozone/integration-test/target/test-classes/webapps/ozoneManager/,AVAILABLE}{/ozoneManager}
2019-09-30 16:01:50,373 [main] INFO  server.AbstractConnector (AbstractConnector.java:doStart(278)) - Started ServerConnector@415156bf{HTTP/1.1,[http/1.1]}{0.0.0.0:34759}
2019-09-30 16:01:50,374 [main] INFO  server.Server (Server.java:doStart(419)) - Started @4260ms
2019-09-30 16:01:50,375 [main] WARN  impl.MetricsSystemImpl (MetricsSystemImpl.java:register(276)) - Sink prometheus already exists!
2019-09-30 16:01:50,376 [main] INFO  server.BaseHttpServer (BaseHttpServer.java:updateConnectorAddress(215)) - HTTP server of OZONEMANAGER is listening at http://0.0.0.0:34759
2019-09-30 16:01:50,705 [main] INFO  impl.MetricsSystemImpl (MetricsSystemImpl.java:init(158)) - HddsDatanode metrics system started (again)
2019-09-30 16:01:50,765 [main] INFO  ozone.HddsDatanodeService (HddsDatanodeService.java:start(184)) - HddsDatanodeService host:pr-hdds-2199-dnstouuidmap-jw7l6-3685198730 ip:192.168.5.180
2019-09-30 16:01:50,800 [main] INFO  volume.HddsVolume (HddsVolume.java:<init>(176)) - Creating Volume: /workdir/hadoop-ozone/integration-test/target/test-dir/MiniOzoneClusterImpl-5c0c24fc-84a9-445a-b697-36e4edb9aec1/datanode-0/data/containers/hdds of  storage type : DISK and capacity : 1482555576320
2019-09-30 16:01:50,802 [main] INFO  volume.VolumeSet (VolumeSet.java:initializeVolumeSet(170)) - Added Volume : /workdir/hadoop-ozone/integration-test/target/test-dir/MiniOzoneClusterImpl-5c0c24fc-84a9-445a-b697-36e4edb9aec1/datanode-0/data/containers/hdds to VolumeSet
2019-09-30 16:01:50,806 [main] INFO  volume.ThrottledAsyncChecker (ThrottledAsyncChecker.java:schedule(139)) - Scheduling a check for org.apache.hadoop.ozone.container.common.volume.HddsVolume@2764c546
2019-09-30 16:01:50,825 [main] INFO  volume.HddsVolumeChecker (HddsVolumeChecker.java:checkAllVolumes(202)) - Scheduled health check for volume org.apache.hadoop.ozone.container.common.volume.HddsVolume@2764c546
2019-09-30 16:01:50,941 [main] INFO  impl.RaftServerProxy (ConfUtils.java:logGet(43)) - raft.rpc.type = GRPC (default)
2019-09-30 16:01:51,008 [main] INFO  grpc.GrpcFactory (GrpcFactory.java:checkPooledByteBufAllocatorUseCacheForAllThreads(45)) - PERFORMANCE WARNING: useCacheForAllThreads is true that may cause Netty to create a lot garbage objects and, as a result, trigger GC.
	It is recommended to disable useCacheForAllThreads by setting -Dorg.apache.ratis.thirdparty.io.netty.allocator.useCacheForAllThreads=false in command line.
2019-09-30 16:01:51,013 [main] INFO  grpc.GrpcConfigKeys$Server (ConfUtils.java:logGet(43)) - raft.grpc.server.port = 0 (default)
2019-09-30 16:01:51,014 [main] INFO  server.GrpcService (ConfUtils.java:logGet(43)) - raft.grpc.message.size.max = 33570816 (custom)
2019-09-30 16:01:51,016 [main] INFO  server.RaftServerConfigKeys (ConfUtils.java:logGet(43)) - raft.server.log.appender.buffer.byte-limit = 33554432 (custom)
2019-09-30 16:01:51,016 [main] INFO  server.GrpcService (ConfUtils.java:logGet(43)) - raft.grpc.flow.control.window = 1MB (=1048576) (default)
2019-09-30 16:01:51,017 [main] INFO  server.RaftServerConfigKeys (ConfUtils.java:logGet(43)) - raft.server.rpc.request.timeout = 3000ms (default)
2019-09-30 16:01:51,184 [main] INFO  server.RaftServerConfigKeys (ConfUtils.java:logGet(43)) - raft.server.storage.dir = [/workdir/hadoop-ozone/integration-test/target/test-dir/MiniOzoneClusterImpl-5c0c24fc-84a9-445a-b697-36e4edb9aec1/datanode-0/data/ratis] (custom)
2019-09-30 16:01:51,238 [main] INFO  hdfs.DFSUtil (DFSUtil.java:httpServerTemplateForNNAndJN(1641)) - Starting Web-server for hddsDatanode at: http://0.0.0.0:0
2019-09-30 16:01:51,240 [main] INFO  server.AuthenticationFilter (AuthenticationFilter.java:constructSecretProvider(240)) - Unable to initialize FileSignerSecretProvider, falling back to use random secrets.
2019-09-30 16:01:51,241 [main] WARN  http.HttpRequestLog (HttpRequestLog.java:getRequestLog(97)) - Jetty request log can only be enabled using Log4j
2019-09-30 16:01:51,242 [main] INFO  http.HttpServer2 (HttpServer2.java:addGlobalFilter(975)) - Added global filter 'safety' (class=org.apache.hadoop.http.HttpServer2$QuotingInputFilter)
2019-09-30 16:01:51,243 [main] INFO  http.HttpServer2 (HttpServer2.java:addFilter(948)) - Added filter static_user_filter (class=org.apache.hadoop.http.lib.StaticUserWebFilter$StaticUserFilter) to context hddsDatanode
2019-09-30 16:01:51,243 [main] INFO  http.HttpServer2 (HttpServer2.java:addFilter(958)) - Added filter static_user_filter (class=org.apache.hadoop.http.lib.StaticUserWebFilter$StaticUserFilter) to context logs
2019-09-30 16:01:51,244 [main] INFO  http.HttpServer2 (HttpServer2.java:addFilter(958)) - Added filter static_user_filter (class=org.apache.hadoop.http.lib.StaticUserWebFilter$StaticUserFilter) to context static
2019-09-30 16:01:51,245 [main] INFO  http.HttpServer2 (HttpServer2.java:bindListener(1191)) - Jetty bound to port 44744
2019-09-30 16:01:51,245 [main] INFO  server.Server (Server.java:doStart(351)) - jetty-9.3.25.v20180904, build timestamp: 2018-09-04T21:11:46Z, git hash: 3ce520221d0240229c862b122d2b06c12a625732
2019-09-30 16:01:51,247 [main] INFO  handler.ContextHandler (ContextHandler.java:doStart(781)) - Started o.e.j.s.ServletContextHandler@2f236de0{/logs,file:///workdir/hadoop-ozone/integration-test/target/log,AVAILABLE}
2019-09-30 16:01:51,248 [main] INFO  handler.ContextHandler (ContextHandler.java:doStart(781)) - Started o.e.j.s.ServletContextHandler@767a014e{/static,jar:file:/home/user/.m2/repository/org/apache/hadoop/hadoop-hdds-container-service/0.5.0-SNAPSHOT/hadoop-hdds-container-service-0.5.0-SNAPSHOT.jar!/webapps/static,AVAILABLE}
2019-09-30 16:01:51,281 [main] INFO  handler.ContextHandler (ContextHandler.java:doStart(781)) - Started o.e.j.w.WebAppContext@80bfdc6{/,file:///tmp/jetty-0.0.0.0-44744-hddsDatanode-_-any-2509461387889647202.dir/webapp/,AVAILABLE}{/hddsDatanode}
2019-09-30 16:01:51,281 [main] INFO  server.AbstractConnector (AbstractConnector.java:doStart(278)) - Started ServerConnector@6edcad64{HTTP/1.1,[http/1.1]}{0.0.0.0:44744}
2019-09-30 16:01:51,282 [main] INFO  server.Server (Server.java:doStart(419)) - Started @5167ms
2019-09-30 16:01:51,282 [main] WARN  impl.MetricsSystemImpl (MetricsSystemImpl.java:register(276)) - Sink prometheus already exists!
2019-09-30 16:01:51,284 [main] INFO  server.BaseHttpServer (BaseHttpServer.java:updateConnectorAddress(215)) - HTTP server of HDDSDATANODE is listening at http://0.0.0.0:44744
2019-09-30 16:01:51,285 [main] INFO  impl.MetricsSystemImpl (MetricsSystemImpl.java:init(158)) - HddsDatanode metrics system started (again)
2019-09-30 16:01:51,288 [main] INFO  ozone.HddsDatanodeService (HddsDatanodeService.java:start(184)) - HddsDatanodeService host:pr-hdds-2199-dnstouuidmap-jw7l6-3685198730 ip:192.168.5.180
2019-09-30 16:01:51,292 [org.apache.hadoop.util.JvmPauseMonitor$Monitor@3cba65d6] INFO  util.JvmPauseMonitor (JvmPauseMonitor.java:run(188)) - Starting JVM pause monitor
2019-09-30 16:01:51,297 [main] INFO  volume.HddsVolume (HddsVolume.java:<init>(176)) - Creating Volume: /workdir/hadoop-ozone/integration-test/target/test-dir/MiniOzoneClusterImpl-5c0c24fc-84a9-445a-b697-36e4edb9aec1/datanode-1/data/containers/hdds of  storage type : DISK and capacity : 1482555576320
2019-09-30 16:01:51,298 [main] INFO  volume.VolumeSet (VolumeSet.java:initializeVolumeSet(170)) - Added Volume : /workdir/hadoop-ozone/integration-test/target/test-dir/MiniOzoneClusterImpl-5c0c24fc-84a9-445a-b697-36e4edb9aec1/datanode-1/data/containers/hdds to VolumeSet
2019-09-30 16:01:51,299 [main] INFO  volume.ThrottledAsyncChecker (ThrottledAsyncChecker.java:schedule(139)) - Scheduling a check for org.apache.hadoop.ozone.container.common.volume.HddsVolume@6dfa915a
2019-09-30 16:01:51,300 [main] INFO  volume.HddsVolumeChecker (HddsVolumeChecker.java:checkAllVolumes(202)) - Scheduled health check for volume org.apache.hadoop.ozone.container.common.volume.HddsVolume@6dfa915a
2019-09-30 16:01:51,319 [main] INFO  impl.RaftServerProxy (ConfUtils.java:logGet(43)) - raft.rpc.type = GRPC (default)
2019-09-30 16:01:51,319 [main] INFO  grpc.GrpcFactory (GrpcFactory.java:checkPooledByteBufAllocatorUseCacheForAllThreads(45)) - PERFORMANCE WARNING: useCacheForAllThreads is true that may cause Netty to create a lot garbage objects and, as a result, trigger GC.
	It is recommended to disable useCacheForAllThreads by setting -Dorg.apache.ratis.thirdparty.io.netty.allocator.useCacheForAllThreads=false in command line.
2019-09-30 16:01:51,319 [main] INFO  grpc.GrpcConfigKeys$Server (ConfUtils.java:logGet(43)) - raft.grpc.server.port = 0 (default)
2019-09-30 16:01:51,320 [main] INFO  server.GrpcService (ConfUtils.java:logGet(43)) - raft.grpc.message.size.max = 33570816 (custom)
2019-09-30 16:01:51,320 [main] INFO  server.RaftServerConfigKeys (ConfUtils.java:logGet(43)) - raft.server.log.appender.buffer.byte-limit = 33554432 (custom)
2019-09-30 16:01:51,320 [main] INFO  server.GrpcService (ConfUtils.java:logGet(43)) - raft.grpc.flow.control.window = 1MB (=1048576) (default)
2019-09-30 16:01:51,321 [main] INFO  server.RaftServerConfigKeys (ConfUtils.java:logGet(43)) - raft.server.rpc.request.timeout = 3000ms (default)
2019-09-30 16:01:51,322 [main] INFO  server.RaftServerConfigKeys (ConfUtils.java:logGet(43)) - raft.server.storage.dir = [/workdir/hadoop-ozone/integration-test/target/test-dir/MiniOzoneClusterImpl-5c0c24fc-84a9-445a-b697-36e4edb9aec1/datanode-1/data/ratis] (custom)
2019-09-30 16:01:51,324 [main] INFO  hdfs.DFSUtil (DFSUtil.java:httpServerTemplateForNNAndJN(1641)) - Starting Web-server for hddsDatanode at: http://0.0.0.0:0
2019-09-30 16:01:51,326 [main] INFO  server.AuthenticationFilter (AuthenticationFilter.java:constructSecretProvider(240)) - Unable to initialize FileSignerSecretProvider, falling back to use random secrets.
2019-09-30 16:01:51,331 [main] WARN  http.HttpRequestLog (HttpRequestLog.java:getRequestLog(97)) - Jetty request log can only be enabled using Log4j
2019-09-30 16:01:51,334 [main] INFO  http.HttpServer2 (HttpServer2.java:addGlobalFilter(975)) - Added global filter 'safety' (class=org.apache.hadoop.http.HttpServer2$QuotingInputFilter)
2019-09-30 16:01:51,335 [main] INFO  http.HttpServer2 (HttpServer2.java:addFilter(948)) - Added filter static_user_filter (class=org.apache.hadoop.http.lib.StaticUserWebFilter$StaticUserFilter) to context hddsDatanode
2019-09-30 16:01:51,335 [main] INFO  http.HttpServer2 (HttpServer2.java:addFilter(958)) - Added filter static_user_filter (class=org.apache.hadoop.http.lib.StaticUserWebFilter$StaticUserFilter) to context static
2019-09-30 16:01:51,335 [main] INFO  http.HttpServer2 (HttpServer2.java:addFilter(958)) - Added filter static_user_filter (class=org.apache.hadoop.http.lib.StaticUserWebFilter$StaticUserFilter) to context logs
2019-09-30 16:01:51,337 [main] INFO  http.HttpServer2 (HttpServer2.java:bindListener(1191)) - Jetty bound to port 33958
2019-09-30 16:01:51,337 [main] INFO  server.Server (Server.java:doStart(351)) - jetty-9.3.25.v20180904, build timestamp: 2018-09-04T21:11:46Z, git hash: 3ce520221d0240229c862b122d2b06c12a625732
2019-09-30 16:01:51,346 [main] INFO  handler.ContextHandler (ContextHandler.java:doStart(781)) - Started o.e.j.s.ServletContextHandler@1a2bcd56{/logs,file:///workdir/hadoop-ozone/integration-test/target/log,AVAILABLE}
2019-09-30 16:01:51,346 [main] INFO  handler.ContextHandler (ContextHandler.java:doStart(781)) - Started o.e.j.s.ServletContextHandler@59dc36d4{/static,jar:file:/home/user/.m2/repository/org/apache/hadoop/hadoop-hdds-container-service/0.5.0-SNAPSHOT/hadoop-hdds-container-service-0.5.0-SNAPSHOT.jar!/webapps/static,AVAILABLE}
2019-09-30 16:01:51,387 [main] INFO  handler.ContextHandler (ContextHandler.java:doStart(781)) - Started o.e.j.w.WebAppContext@5e5af8e1{/,file:///tmp/jetty-0.0.0.0-33958-hddsDatanode-_-any-6540002987573293335.dir/webapp/,AVAILABLE}{/hddsDatanode}
2019-09-30 16:01:51,388 [main] INFO  server.AbstractConnector (AbstractConnector.java:doStart(278)) - Started ServerConnector@30b131b2{HTTP/1.1,[http/1.1]}{0.0.0.0:33958}
2019-09-30 16:01:51,389 [main] INFO  server.Server (Server.java:doStart(419)) - Started @5274ms
2019-09-30 16:01:51,390 [main] WARN  impl.MetricsSystemImpl (MetricsSystemImpl.java:register(276)) - Sink prometheus already exists!
2019-09-30 16:01:51,391 [main] INFO  server.BaseHttpServer (BaseHttpServer.java:updateConnectorAddress(215)) - HTTP server of HDDSDATANODE is listening at http://0.0.0.0:33958
2019-09-30 16:01:51,391 [main] INFO  impl.MetricsSystemImpl (MetricsSystemImpl.java:init(158)) - HddsDatanode metrics system started (again)
2019-09-30 16:01:51,395 [org.apache.hadoop.util.JvmPauseMonitor$Monitor@7afd1b13] INFO  util.JvmPauseMonitor (JvmPauseMonitor.java:run(188)) - Starting JVM pause monitor
2019-09-30 16:01:51,395 [main] INFO  ozone.HddsDatanodeService (HddsDatanodeService.java:start(184)) - HddsDatanodeService host:pr-hdds-2199-dnstouuidmap-jw7l6-3685198730 ip:192.168.5.180
2019-09-30 16:01:51,404 [main] INFO  volume.HddsVolume (HddsVolume.java:<init>(176)) - Creating Volume: /workdir/hadoop-ozone/integration-test/target/test-dir/MiniOzoneClusterImpl-5c0c24fc-84a9-445a-b697-36e4edb9aec1/datanode-2/data/containers/hdds of  storage type : DISK and capacity : 1482555576320
2019-09-30 16:01:51,405 [main] INFO  volume.VolumeSet (VolumeSet.java:initializeVolumeSet(170)) - Added Volume : /workdir/hadoop-ozone/integration-test/target/test-dir/MiniOzoneClusterImpl-5c0c24fc-84a9-445a-b697-36e4edb9aec1/datanode-2/data/containers/hdds to VolumeSet
2019-09-30 16:01:51,406 [main] INFO  volume.ThrottledAsyncChecker (ThrottledAsyncChecker.java:schedule(139)) - Scheduling a check for org.apache.hadoop.ozone.container.common.volume.HddsVolume@2aff9dff
2019-09-30 16:01:51,406 [main] INFO  volume.HddsVolumeChecker (HddsVolumeChecker.java:checkAllVolumes(202)) - Scheduled health check for volume org.apache.hadoop.ozone.container.common.volume.HddsVolume@2aff9dff
2019-09-30 16:01:51,422 [main] INFO  impl.RaftServerProxy (ConfUtils.java:logGet(43)) - raft.rpc.type = GRPC (default)
2019-09-30 16:01:51,423 [main] INFO  grpc.GrpcFactory (GrpcFactory.java:checkPooledByteBufAllocatorUseCacheForAllThreads(45)) - PERFORMANCE WARNING: useCacheForAllThreads is true that may cause Netty to create a lot garbage objects and, as a result, trigger GC.
	It is recommended to disable useCacheForAllThreads by setting -Dorg.apache.ratis.thirdparty.io.netty.allocator.useCacheForAllThreads=false in command line.
2019-09-30 16:01:51,423 [main] INFO  grpc.GrpcConfigKeys$Server (ConfUtils.java:logGet(43)) - raft.grpc.server.port = 0 (default)
2019-09-30 16:01:51,423 [main] INFO  server.GrpcService (ConfUtils.java:logGet(43)) - raft.grpc.message.size.max = 33570816 (custom)
2019-09-30 16:01:51,423 [main] INFO  server.RaftServerConfigKeys (ConfUtils.java:logGet(43)) - raft.server.log.appender.buffer.byte-limit = 33554432 (custom)
2019-09-30 16:01:51,424 [main] INFO  server.GrpcService (ConfUtils.java:logGet(43)) - raft.grpc.flow.control.window = 1MB (=1048576) (default)
2019-09-30 16:01:51,424 [main] INFO  server.RaftServerConfigKeys (ConfUtils.java:logGet(43)) - raft.server.rpc.request.timeout = 3000ms (default)
2019-09-30 16:01:51,425 [main] INFO  server.RaftServerConfigKeys (ConfUtils.java:logGet(43)) - raft.server.storage.dir = [/workdir/hadoop-ozone/integration-test/target/test-dir/MiniOzoneClusterImpl-5c0c24fc-84a9-445a-b697-36e4edb9aec1/datanode-2/data/ratis] (custom)
2019-09-30 16:01:51,427 [main] INFO  hdfs.DFSUtil (DFSUtil.java:httpServerTemplateForNNAndJN(1641)) - Starting Web-server for hddsDatanode at: http://0.0.0.0:0
2019-09-30 16:01:51,429 [main] INFO  server.AuthenticationFilter (AuthenticationFilter.java:constructSecretProvider(240)) - Unable to initialize FileSignerSecretProvider, falling back to use random secrets.
2019-09-30 16:01:51,429 [main] WARN  http.HttpRequestLog (HttpRequestLog.java:getRequestLog(97)) - Jetty request log can only be enabled using Log4j
2019-09-30 16:01:51,432 [main] INFO  http.HttpServer2 (HttpServer2.java:addGlobalFilter(975)) - Added global filter 'safety' (class=org.apache.hadoop.http.HttpServer2$QuotingInputFilter)
2019-09-30 16:01:51,433 [main] INFO  http.HttpServer2 (HttpServer2.java:addFilter(948)) - Added filter static_user_filter (class=org.apache.hadoop.http.lib.StaticUserWebFilter$StaticUserFilter) to context hddsDatanode
2019-09-30 16:01:51,433 [main] INFO  http.HttpServer2 (HttpServer2.java:addFilter(958)) - Added filter static_user_filter (class=org.apache.hadoop.http.lib.StaticUserWebFilter$StaticUserFilter) to context static
2019-09-30 16:01:51,433 [main] INFO  http.HttpServer2 (HttpServer2.java:addFilter(958)) - Added filter static_user_filter (class=org.apache.hadoop.http.lib.StaticUserWebFilter$StaticUserFilter) to context logs
2019-09-30 16:01:51,435 [main] INFO  http.HttpServer2 (HttpServer2.java:bindListener(1191)) - Jetty bound to port 33367
2019-09-30 16:01:51,435 [main] INFO  server.Server (Server.java:doStart(351)) - jetty-9.3.25.v20180904, build timestamp: 2018-09-04T21:11:46Z, git hash: 3ce520221d0240229c862b122d2b06c12a625732
2019-09-30 16:01:51,439 [main] INFO  handler.ContextHandler (ContextHandler.java:doStart(781)) - Started o.e.j.s.ServletContextHandler@15639440{/logs,file:///workdir/hadoop-ozone/integration-test/target/log,AVAILABLE}
2019-09-30 16:01:51,439 [main] INFO  handler.ContextHandler (ContextHandler.java:doStart(781)) - Started o.e.j.s.ServletContextHandler@4faa298{/static,jar:file:/home/user/.m2/repository/org/apache/hadoop/hadoop-hdds-container-service/0.5.0-SNAPSHOT/hadoop-hdds-container-service-0.5.0-SNAPSHOT.jar!/webapps/static,AVAILABLE}
2019-09-30 16:01:51,444 [Datanode State Machine Thread - 0] INFO  datanode.InitDatanodeState (InitDatanodeState.java:persistContainerDatanodeDetails(140)) - DatanodeDetails is persisted to /workdir/hadoop-ozone/integration-test/target/test-dir/MiniOzoneClusterImpl-5c0c24fc-84a9-445a-b697-36e4edb9aec1/datanode-0/meta/datanode.id
2019-09-30 16:01:51,450 [Datanode State Machine Thread - 0] INFO  datanode.InitDatanodeState (InitDatanodeState.java:persistContainerDatanodeDetails(140)) - DatanodeDetails is persisted to /workdir/hadoop-ozone/integration-test/target/test-dir/MiniOzoneClusterImpl-5c0c24fc-84a9-445a-b697-36e4edb9aec1/datanode-1/meta/datanode.id
2019-09-30 16:01:51,473 [main] INFO  handler.ContextHandler (ContextHandler.java:doStart(781)) - Started o.e.j.w.WebAppContext@118ffcfd{/,file:///tmp/jetty-0.0.0.0-33367-hddsDatanode-_-any-1908604858507664334.dir/webapp/,AVAILABLE}{/hddsDatanode}
2019-09-30 16:01:51,474 [main] INFO  server.AbstractConnector (AbstractConnector.java:doStart(278)) - Started ServerConnector@53f4c1e6{HTTP/1.1,[http/1.1]}{0.0.0.0:33367}
2019-09-30 16:01:51,474 [main] INFO  server.Server (Server.java:doStart(419)) - Started @5359ms
2019-09-30 16:01:51,475 [main] WARN  impl.MetricsSystemImpl (MetricsSystemImpl.java:register(276)) - Sink prometheus already exists!
2019-09-30 16:01:51,476 [main] INFO  server.BaseHttpServer (BaseHttpServer.java:updateConnectorAddress(215)) - HTTP server of HDDSDATANODE is listening at http://0.0.0.0:33367
2019-09-30 16:01:51,477 [main] INFO  impl.MetricsSystemImpl (MetricsSystemImpl.java:init(158)) - HddsDatanode metrics system started (again)
2019-09-30 16:01:51,479 [main] INFO  ozone.HddsDatanodeService (HddsDatanodeService.java:start(184)) - HddsDatanodeService host:pr-hdds-2199-dnstouuidmap-jw7l6-3685198730 ip:192.168.5.180
2019-09-30 16:01:51,480 [org.apache.hadoop.util.JvmPauseMonitor$Monitor@65b946b] INFO  util.JvmPauseMonitor (JvmPauseMonitor.java:run(188)) - Starting JVM pause monitor
2019-09-30 16:01:51,483 [Datanode State Machine Thread - 0] INFO  datanode.InitDatanodeState (InitDatanodeState.java:persistContainerDatanodeDetails(140)) - DatanodeDetails is persisted to /workdir/hadoop-ozone/integration-test/target/test-dir/MiniOzoneClusterImpl-5c0c24fc-84a9-445a-b697-36e4edb9aec1/datanode-2/meta/datanode.id
2019-09-30 16:01:51,487 [main] INFO  volume.HddsVolume (HddsVolume.java:<init>(176)) - Creating Volume: /workdir/hadoop-ozone/integration-test/target/test-dir/MiniOzoneClusterImpl-5c0c24fc-84a9-445a-b697-36e4edb9aec1/datanode-3/data/containers/hdds of  storage type : DISK and capacity : 1482555576320
2019-09-30 16:01:51,488 [main] INFO  volume.VolumeSet (VolumeSet.java:initializeVolumeSet(170)) - Added Volume : /workdir/hadoop-ozone/integration-test/target/test-dir/MiniOzoneClusterImpl-5c0c24fc-84a9-445a-b697-36e4edb9aec1/datanode-3/data/containers/hdds to VolumeSet
2019-09-30 16:01:51,488 [main] INFO  volume.ThrottledAsyncChecker (ThrottledAsyncChecker.java:schedule(139)) - Scheduling a check for org.apache.hadoop.ozone.container.common.volume.HddsVolume@3dfa819
2019-09-30 16:01:51,489 [main] INFO  volume.HddsVolumeChecker (HddsVolumeChecker.java:checkAllVolumes(202)) - Scheduled health check for volume org.apache.hadoop.ozone.container.common.volume.HddsVolume@3dfa819
2019-09-30 16:01:51,502 [main] INFO  impl.RaftServerProxy (ConfUtils.java:logGet(43)) - raft.rpc.type = GRPC (default)
2019-09-30 16:01:51,502 [main] INFO  grpc.GrpcFactory (GrpcFactory.java:checkPooledByteBufAllocatorUseCacheForAllThreads(45)) - PERFORMANCE WARNING: useCacheForAllThreads is true that may cause Netty to create a lot garbage objects and, as a result, trigger GC.
	It is recommended to disable useCacheForAllThreads by setting -Dorg.apache.ratis.thirdparty.io.netty.allocator.useCacheForAllThreads=false in command line.
2019-09-30 16:01:51,503 [main] INFO  grpc.GrpcConfigKeys$Server (ConfUtils.java:logGet(43)) - raft.grpc.server.port = 0 (default)
2019-09-30 16:01:51,503 [main] INFO  server.GrpcService (ConfUtils.java:logGet(43)) - raft.grpc.message.size.max = 33570816 (custom)
2019-09-30 16:01:51,503 [main] INFO  server.RaftServerConfigKeys (ConfUtils.java:logGet(43)) - raft.server.log.appender.buffer.byte-limit = 33554432 (custom)
2019-09-30 16:01:51,503 [main] INFO  server.GrpcService (ConfUtils.java:logGet(43)) - raft.grpc.flow.control.window = 1MB (=1048576) (default)
2019-09-30 16:01:51,503 [main] INFO  server.RaftServerConfigKeys (ConfUtils.java:logGet(43)) - raft.server.rpc.request.timeout = 3000ms (default)
2019-09-30 16:01:51,504 [main] INFO  server.RaftServerConfigKeys (ConfUtils.java:logGet(43)) - raft.server.storage.dir = [/workdir/hadoop-ozone/integration-test/target/test-dir/MiniOzoneClusterImpl-5c0c24fc-84a9-445a-b697-36e4edb9aec1/datanode-3/data/ratis] (custom)
2019-09-30 16:01:51,506 [main] INFO  hdfs.DFSUtil (DFSUtil.java:httpServerTemplateForNNAndJN(1641)) - Starting Web-server for hddsDatanode at: http://0.0.0.0:0
2019-09-30 16:01:51,507 [main] INFO  server.AuthenticationFilter (AuthenticationFilter.java:constructSecretProvider(240)) - Unable to initialize FileSignerSecretProvider, falling back to use random secrets.
2019-09-30 16:01:51,508 [main] WARN  http.HttpRequestLog (HttpRequestLog.java:getRequestLog(97)) - Jetty request log can only be enabled using Log4j
2019-09-30 16:01:51,509 [main] INFO  http.HttpServer2 (HttpServer2.java:addGlobalFilter(975)) - Added global filter 'safety' (class=org.apache.hadoop.http.HttpServer2$QuotingInputFilter)
2019-09-30 16:01:51,510 [main] INFO  http.HttpServer2 (HttpServer2.java:addFilter(948)) - Added filter static_user_filter (class=org.apache.hadoop.http.lib.StaticUserWebFilter$StaticUserFilter) to context hddsDatanode
2019-09-30 16:01:51,510 [main] INFO  http.HttpServer2 (HttpServer2.java:addFilter(958)) - Added filter static_user_filter (class=org.apache.hadoop.http.lib.StaticUserWebFilter$StaticUserFilter) to context static
2019-09-30 16:01:51,510 [main] INFO  http.HttpServer2 (HttpServer2.java:addFilter(958)) - Added filter static_user_filter (class=org.apache.hadoop.http.lib.StaticUserWebFilter$StaticUserFilter) to context logs
2019-09-30 16:01:51,511 [main] INFO  http.HttpServer2 (HttpServer2.java:bindListener(1191)) - Jetty bound to port 39691
2019-09-30 16:01:51,511 [main] INFO  server.Server (Server.java:doStart(351)) - jetty-9.3.25.v20180904, build timestamp: 2018-09-04T21:11:46Z, git hash: 3ce520221d0240229c862b122d2b06c12a625732
2019-09-30 16:01:51,515 [main] INFO  handler.ContextHandler (ContextHandler.java:doStart(781)) - Started o.e.j.s.ServletContextHandler@762637be{/logs,file:///workdir/hadoop-ozone/integration-test/target/log,AVAILABLE}
2019-09-30 16:01:51,516 [main] INFO  handler.ContextHandler (ContextHandler.java:doStart(781)) - Started o.e.j.s.ServletContextHandler@7640a5b1{/static,jar:file:/home/user/.m2/repository/org/apache/hadoop/hadoop-hdds-container-service/0.5.0-SNAPSHOT/hadoop-hdds-container-service-0.5.0-SNAPSHOT.jar!/webapps/static,AVAILABLE}
2019-09-30 16:01:51,544 [main] INFO  handler.ContextHandler (ContextHandler.java:doStart(781)) - Started o.e.j.w.WebAppContext@1e253c9d{/,file:///tmp/jetty-0.0.0.0-39691-hddsDatanode-_-any-1980498452683181021.dir/webapp/,AVAILABLE}{/hddsDatanode}
2019-09-30 16:01:51,545 [main] INFO  server.AbstractConnector (AbstractConnector.java:doStart(278)) - Started ServerConnector@350d3f4d{HTTP/1.1,[http/1.1]}{0.0.0.0:39691}
2019-09-30 16:01:51,546 [main] INFO  server.Server (Server.java:doStart(419)) - Started @5431ms
2019-09-30 16:01:51,547 [main] WARN  impl.MetricsSystemImpl (MetricsSystemImpl.java:register(276)) - Sink prometheus already exists!
2019-09-30 16:01:51,548 [main] INFO  server.BaseHttpServer (BaseHttpServer.java:updateConnectorAddress(215)) - HTTP server of HDDSDATANODE is listening at http://0.0.0.0:39691
2019-09-30 16:01:51,549 [main] INFO  impl.MetricsSystemImpl (MetricsSystemImpl.java:init(158)) - HddsDatanode metrics system started (again)
2019-09-30 16:01:51,552 [main] INFO  ozone.HddsDatanodeService (HddsDatanodeService.java:start(184)) - HddsDatanodeService host:pr-hdds-2199-dnstouuidmap-jw7l6-3685198730 ip:192.168.5.180
2019-09-30 16:01:51,553 [org.apache.hadoop.util.JvmPauseMonitor$Monitor@208400de] INFO  util.JvmPauseMonitor (JvmPauseMonitor.java:run(188)) - Starting JVM pause monitor
2019-09-30 16:01:51,556 [Datanode State Machine Thread - 0] INFO  datanode.InitDatanodeState (InitDatanodeState.java:persistContainerDatanodeDetails(140)) - DatanodeDetails is persisted to /workdir/hadoop-ozone/integration-test/target/test-dir/MiniOzoneClusterImpl-5c0c24fc-84a9-445a-b697-36e4edb9aec1/datanode-3/meta/datanode.id
2019-09-30 16:01:51,562 [main] INFO  volume.HddsVolume (HddsVolume.java:<init>(176)) - Creating Volume: /workdir/hadoop-ozone/integration-test/target/test-dir/MiniOzoneClusterImpl-5c0c24fc-84a9-445a-b697-36e4edb9aec1/datanode-4/data/containers/hdds of  storage type : DISK and capacity : 1482555576320
2019-09-30 16:01:51,562 [main] INFO  volume.VolumeSet (VolumeSet.java:initializeVolumeSet(170)) - Added Volume : /workdir/hadoop-ozone/integration-test/target/test-dir/MiniOzoneClusterImpl-5c0c24fc-84a9-445a-b697-36e4edb9aec1/datanode-4/data/containers/hdds to VolumeSet
2019-09-30 16:01:51,563 [main] INFO  volume.ThrottledAsyncChecker (ThrottledAsyncChecker.java:schedule(139)) - Scheduling a check for org.apache.hadoop.ozone.container.common.volume.HddsVolume@3f0d6038
2019-09-30 16:01:51,563 [main] INFO  volume.HddsVolumeChecker (HddsVolumeChecker.java:checkAllVolumes(202)) - Scheduled health check for volume org.apache.hadoop.ozone.container.common.volume.HddsVolume@3f0d6038
2019-09-30 16:01:51,577 [main] INFO  impl.RaftServerProxy (ConfUtils.java:logGet(43)) - raft.rpc.type = GRPC (default)
2019-09-30 16:01:51,577 [main] INFO  grpc.GrpcFactory (GrpcFactory.java:checkPooledByteBufAllocatorUseCacheForAllThreads(45)) - PERFORMANCE WARNING: useCacheForAllThreads is true that may cause Netty to create a lot garbage objects and, as a result, trigger GC.
	It is recommended to disable useCacheForAllThreads by setting -Dorg.apache.ratis.thirdparty.io.netty.allocator.useCacheForAllThreads=false in command line.
2019-09-30 16:01:51,577 [main] INFO  grpc.GrpcConfigKeys$Server (ConfUtils.java:logGet(43)) - raft.grpc.server.port = 0 (default)
2019-09-30 16:01:51,578 [main] INFO  server.GrpcService (ConfUtils.java:logGet(43)) - raft.grpc.message.size.max = 33570816 (custom)
2019-09-30 16:01:51,578 [main] INFO  server.RaftServerConfigKeys (ConfUtils.java:logGet(43)) - raft.server.log.appender.buffer.byte-limit = 33554432 (custom)
2019-09-30 16:01:51,578 [main] INFO  server.GrpcService (ConfUtils.java:logGet(43)) - raft.grpc.flow.control.window = 1MB (=1048576) (default)
2019-09-30 16:01:51,578 [main] INFO  server.RaftServerConfigKeys (ConfUtils.java:logGet(43)) - raft.server.rpc.request.timeout = 3000ms (default)
2019-09-30 16:01:51,579 [main] INFO  server.RaftServerConfigKeys (ConfUtils.java:logGet(43)) - raft.server.storage.dir = [/workdir/hadoop-ozone/integration-test/target/test-dir/MiniOzoneClusterImpl-5c0c24fc-84a9-445a-b697-36e4edb9aec1/datanode-4/data/ratis] (custom)
2019-09-30 16:01:51,580 [main] INFO  hdfs.DFSUtil (DFSUtil.java:httpServerTemplateForNNAndJN(1641)) - Starting Web-server for hddsDatanode at: http://0.0.0.0:0
2019-09-30 16:01:51,582 [main] INFO  server.AuthenticationFilter (AuthenticationFilter.java:constructSecretProvider(240)) - Unable to initialize FileSignerSecretProvider, falling back to use random secrets.
2019-09-30 16:01:51,582 [main] WARN  http.HttpRequestLog (HttpRequestLog.java:getRequestLog(97)) - Jetty request log can only be enabled using Log4j
2019-09-30 16:01:51,587 [main] INFO  http.HttpServer2 (HttpServer2.java:addGlobalFilter(975)) - Added global filter 'safety' (class=org.apache.hadoop.http.HttpServer2$QuotingInputFilter)
2019-09-30 16:01:51,587 [main] INFO  http.HttpServer2 (HttpServer2.java:addFilter(948)) - Added filter static_user_filter (class=org.apache.hadoop.http.lib.StaticUserWebFilter$StaticUserFilter) to context hddsDatanode
2019-09-30 16:01:51,588 [main] INFO  http.HttpServer2 (HttpServer2.java:addFilter(958)) - Added filter static_user_filter (class=org.apache.hadoop.http.lib.StaticUserWebFilter$StaticUserFilter) to context logs
2019-09-30 16:01:51,588 [main] INFO  http.HttpServer2 (HttpServer2.java:addFilter(958)) - Added filter static_user_filter (class=org.apache.hadoop.http.lib.StaticUserWebFilter$StaticUserFilter) to context static
2019-09-30 16:01:51,589 [main] INFO  http.HttpServer2 (HttpServer2.java:bindListener(1191)) - Jetty bound to port 42283
2019-09-30 16:01:51,589 [main] INFO  server.Server (Server.java:doStart(351)) - jetty-9.3.25.v20180904, build timestamp: 2018-09-04T21:11:46Z, git hash: 3ce520221d0240229c862b122d2b06c12a625732
2019-09-30 16:01:51,591 [main] INFO  handler.ContextHandler (ContextHandler.java:doStart(781)) - Started o.e.j.s.ServletContextHandler@68b9834c{/logs,file:///workdir/hadoop-ozone/integration-test/target/log,AVAILABLE}
2019-09-30 16:01:51,592 [main] INFO  handler.ContextHandler (ContextHandler.java:doStart(781)) - Started o.e.j.s.ServletContextHandler@671d1157{/static,jar:file:/home/user/.m2/repository/org/apache/hadoop/hadoop-hdds-container-service/0.5.0-SNAPSHOT/hadoop-hdds-container-service-0.5.0-SNAPSHOT.jar!/webapps/static,AVAILABLE}
2019-09-30 16:01:51,621 [main] INFO  handler.ContextHandler (ContextHandler.java:doStart(781)) - Started o.e.j.w.WebAppContext@76ad6715{/,file:///tmp/jetty-0.0.0.0-42283-hddsDatanode-_-any-612276741346859285.dir/webapp/,AVAILABLE}{/hddsDatanode}
2019-09-30 16:01:51,622 [main] INFO  server.AbstractConnector (AbstractConnector.java:doStart(278)) - Started ServerConnector@56637cff{HTTP/1.1,[http/1.1]}{0.0.0.0:42283}
2019-09-30 16:01:51,622 [main] INFO  server.Server (Server.java:doStart(419)) - Started @5507ms
2019-09-30 16:01:51,625 [main] WARN  impl.MetricsSystemImpl (MetricsSystemImpl.java:register(276)) - Sink prometheus already exists!
2019-09-30 16:01:51,626 [main] INFO  server.BaseHttpServer (BaseHttpServer.java:updateConnectorAddress(215)) - HTTP server of HDDSDATANODE is listening at http://0.0.0.0:42283
2019-09-30 16:01:51,627 [main] INFO  impl.MetricsSystemImpl (MetricsSystemImpl.java:init(158)) - HddsDatanode metrics system started (again)
2019-09-30 16:01:51,630 [main] INFO  ozone.HddsDatanodeService (HddsDatanodeService.java:start(184)) - HddsDatanodeService host:pr-hdds-2199-dnstouuidmap-jw7l6-3685198730 ip:192.168.5.180
2019-09-30 16:01:51,631 [org.apache.hadoop.util.JvmPauseMonitor$Monitor@2e19b60d] INFO  util.JvmPauseMonitor (JvmPauseMonitor.java:run(188)) - Starting JVM pause monitor
2019-09-30 16:01:51,634 [Datanode State Machine Thread - 0] INFO  datanode.InitDatanodeState (InitDatanodeState.java:persistContainerDatanodeDetails(140)) - DatanodeDetails is persisted to /workdir/hadoop-ozone/integration-test/target/test-dir/MiniOzoneClusterImpl-5c0c24fc-84a9-445a-b697-36e4edb9aec1/datanode-4/meta/datanode.id
2019-09-30 16:01:51,640 [main] INFO  volume.HddsVolume (HddsVolume.java:<init>(176)) - Creating Volume: /workdir/hadoop-ozone/integration-test/target/test-dir/MiniOzoneClusterImpl-5c0c24fc-84a9-445a-b697-36e4edb9aec1/datanode-5/data/containers/hdds of  storage type : DISK and capacity : 1482555576320
2019-09-30 16:01:51,640 [main] INFO  volume.VolumeSet (VolumeSet.java:initializeVolumeSet(170)) - Added Volume : /workdir/hadoop-ozone/integration-test/target/test-dir/MiniOzoneClusterImpl-5c0c24fc-84a9-445a-b697-36e4edb9aec1/datanode-5/data/containers/hdds to VolumeSet
2019-09-30 16:01:51,640 [main] INFO  volume.ThrottledAsyncChecker (ThrottledAsyncChecker.java:schedule(139)) - Scheduling a check for org.apache.hadoop.ozone.container.common.volume.HddsVolume@32130e61
2019-09-30 16:01:51,641 [main] INFO  volume.HddsVolumeChecker (HddsVolumeChecker.java:checkAllVolumes(202)) - Scheduled health check for volume org.apache.hadoop.ozone.container.common.volume.HddsVolume@32130e61
2019-09-30 16:01:51,660 [main] INFO  impl.RaftServerProxy (ConfUtils.java:logGet(43)) - raft.rpc.type = GRPC (default)
2019-09-30 16:01:51,661 [main] INFO  grpc.GrpcFactory (GrpcFactory.java:checkPooledByteBufAllocatorUseCacheForAllThreads(45)) - PERFORMANCE WARNING: useCacheForAllThreads is true that may cause Netty to create a lot garbage objects and, as a result, trigger GC.
	It is recommended to disable useCacheForAllThreads by setting -Dorg.apache.ratis.thirdparty.io.netty.allocator.useCacheForAllThreads=false in command line.
2019-09-30 16:01:51,661 [main] INFO  grpc.GrpcConfigKeys$Server (ConfUtils.java:logGet(43)) - raft.grpc.server.port = 0 (default)
2019-09-30 16:01:51,661 [main] INFO  server.GrpcService (ConfUtils.java:logGet(43)) - raft.grpc.message.size.max = 33570816 (custom)
2019-09-30 16:01:51,661 [main] INFO  server.RaftServerConfigKeys (ConfUtils.java:logGet(43)) - raft.server.log.appender.buffer.byte-limit = 33554432 (custom)
2019-09-30 16:01:51,662 [main] INFO  server.GrpcService (ConfUtils.java:logGet(43)) - raft.grpc.flow.control.window = 1MB (=1048576) (default)
2019-09-30 16:01:51,662 [main] INFO  server.RaftServerConfigKeys (ConfUtils.java:logGet(43)) - raft.server.rpc.request.timeout = 3000ms (default)
2019-09-30 16:01:51,662 [main] INFO  server.RaftServerConfigKeys (ConfUtils.java:logGet(43)) - raft.server.storage.dir = [/workdir/hadoop-ozone/integration-test/target/test-dir/MiniOzoneClusterImpl-5c0c24fc-84a9-445a-b697-36e4edb9aec1/datanode-5/data/ratis] (custom)
2019-09-30 16:01:51,664 [main] INFO  hdfs.DFSUtil (DFSUtil.java:httpServerTemplateForNNAndJN(1641)) - Starting Web-server for hddsDatanode at: http://0.0.0.0:0
2019-09-30 16:01:51,665 [main] INFO  server.AuthenticationFilter (AuthenticationFilter.java:constructSecretProvider(240)) - Unable to initialize FileSignerSecretProvider, falling back to use random secrets.
2019-09-30 16:01:51,666 [main] WARN  http.HttpRequestLog (HttpRequestLog.java:getRequestLog(97)) - Jetty request log can only be enabled using Log4j
2019-09-30 16:01:51,667 [main] INFO  http.HttpServer2 (HttpServer2.java:addGlobalFilter(975)) - Added global filter 'safety' (class=org.apache.hadoop.http.HttpServer2$QuotingInputFilter)
2019-09-30 16:01:51,668 [main] INFO  http.HttpServer2 (HttpServer2.java:addFilter(948)) - Added filter static_user_filter (class=org.apache.hadoop.http.lib.StaticUserWebFilter$StaticUserFilter) to context hddsDatanode
2019-09-30 16:01:51,668 [main] INFO  http.HttpServer2 (HttpServer2.java:addFilter(958)) - Added filter static_user_filter (class=org.apache.hadoop.http.lib.StaticUserWebFilter$StaticUserFilter) to context static
2019-09-30 16:01:51,668 [main] INFO  http.HttpServer2 (HttpServer2.java:addFilter(958)) - Added filter static_user_filter (class=org.apache.hadoop.http.lib.StaticUserWebFilter$StaticUserFilter) to context logs
2019-09-30 16:01:51,669 [main] INFO  http.HttpServer2 (HttpServer2.java:bindListener(1191)) - Jetty bound to port 39036
2019-09-30 16:01:51,669 [main] INFO  server.Server (Server.java:doStart(351)) - jetty-9.3.25.v20180904, build timestamp: 2018-09-04T21:11:46Z, git hash: 3ce520221d0240229c862b122d2b06c12a625732
2019-09-30 16:01:51,671 [main] INFO  handler.ContextHandler (ContextHandler.java:doStart(781)) - Started o.e.j.s.ServletContextHandler@1352434e{/logs,file:///workdir/hadoop-ozone/integration-test/target/log,AVAILABLE}
2019-09-30 16:01:51,672 [main] INFO  handler.ContextHandler (ContextHandler.java:doStart(781)) - Started o.e.j.s.ServletContextHandler@2b6fcb9f{/static,jar:file:/home/user/.m2/repository/org/apache/hadoop/hadoop-hdds-container-service/0.5.0-SNAPSHOT/hadoop-hdds-container-service-0.5.0-SNAPSHOT.jar!/webapps/static,AVAILABLE}
2019-09-30 16:01:51,701 [main] INFO  handler.ContextHandler (ContextHandler.java:doStart(781)) - Started o.e.j.w.WebAppContext@17f3eefb{/,file:///tmp/jetty-0.0.0.0-39036-hddsDatanode-_-any-7400938009552672704.dir/webapp/,AVAILABLE}{/hddsDatanode}
2019-09-30 16:01:51,701 [main] INFO  server.AbstractConnector (AbstractConnector.java:doStart(278)) - Started ServerConnector@3ba46e63{HTTP/1.1,[http/1.1]}{0.0.0.0:39036}
2019-09-30 16:01:51,702 [main] INFO  server.Server (Server.java:doStart(419)) - Started @5588ms
2019-09-30 16:01:51,702 [main] WARN  impl.MetricsSystemImpl (MetricsSystemImpl.java:register(276)) - Sink prometheus already exists!
2019-09-30 16:01:51,703 [main] INFO  server.BaseHttpServer (BaseHttpServer.java:updateConnectorAddress(215)) - HTTP server of HDDSDATANODE is listening at http://0.0.0.0:39036
2019-09-30 16:01:51,704 [main] INFO  impl.MetricsSystemImpl (MetricsSystemImpl.java:init(158)) - HddsDatanode metrics system started (again)
2019-09-30 16:01:51,708 [main] INFO  ozone.HddsDatanodeService (HddsDatanodeService.java:start(184)) - HddsDatanodeService host:pr-hdds-2199-dnstouuidmap-jw7l6-3685198730 ip:192.168.5.180
2019-09-30 16:01:51,709 [org.apache.hadoop.util.JvmPauseMonitor$Monitor@56b695d2] INFO  util.JvmPauseMonitor (JvmPauseMonitor.java:run(188)) - Starting JVM pause monitor
2019-09-30 16:01:51,712 [Datanode State Machine Thread - 0] INFO  datanode.InitDatanodeState (InitDatanodeState.java:persistContainerDatanodeDetails(140)) - DatanodeDetails is persisted to /workdir/hadoop-ozone/integration-test/target/test-dir/MiniOzoneClusterImpl-5c0c24fc-84a9-445a-b697-36e4edb9aec1/datanode-5/meta/datanode.id
2019-09-30 16:01:51,716 [main] INFO  volume.HddsVolume (HddsVolume.java:<init>(176)) - Creating Volume: /workdir/hadoop-ozone/integration-test/target/test-dir/MiniOzoneClusterImpl-5c0c24fc-84a9-445a-b697-36e4edb9aec1/datanode-6/data/containers/hdds of  storage type : DISK and capacity : 1482555576320
2019-09-30 16:01:51,717 [main] INFO  volume.VolumeSet (VolumeSet.java:initializeVolumeSet(170)) - Added Volume : /workdir/hadoop-ozone/integration-test/target/test-dir/MiniOzoneClusterImpl-5c0c24fc-84a9-445a-b697-36e4edb9aec1/datanode-6/data/containers/hdds to VolumeSet
2019-09-30 16:01:51,717 [main] INFO  volume.ThrottledAsyncChecker (ThrottledAsyncChecker.java:schedule(139)) - Scheduling a check for org.apache.hadoop.ozone.container.common.volume.HddsVolume@6812fa3a
2019-09-30 16:01:51,718 [main] INFO  volume.HddsVolumeChecker (HddsVolumeChecker.java:checkAllVolumes(202)) - Scheduled health check for volume org.apache.hadoop.ozone.container.common.volume.HddsVolume@6812fa3a
2019-09-30 16:01:51,732 [main] INFO  impl.RaftServerProxy (ConfUtils.java:logGet(43)) - raft.rpc.type = GRPC (default)
2019-09-30 16:01:51,733 [main] INFO  grpc.GrpcFactory (GrpcFactory.java:checkPooledByteBufAllocatorUseCacheForAllThreads(45)) - PERFORMANCE WARNING: useCacheForAllThreads is true that may cause Netty to create a lot garbage objects and, as a result, trigger GC.
	It is recommended to disable useCacheForAllThreads by setting -Dorg.apache.ratis.thirdparty.io.netty.allocator.useCacheForAllThreads=false in command line.
2019-09-30 16:01:51,733 [main] INFO  grpc.GrpcConfigKeys$Server (ConfUtils.java:logGet(43)) - raft.grpc.server.port = 0 (default)
2019-09-30 16:01:51,733 [main] INFO  server.GrpcService (ConfUtils.java:logGet(43)) - raft.grpc.message.size.max = 33570816 (custom)
2019-09-30 16:01:51,733 [main] INFO  server.RaftServerConfigKeys (ConfUtils.java:logGet(43)) - raft.server.log.appender.buffer.byte-limit = 33554432 (custom)
2019-09-30 16:01:51,733 [main] INFO  server.GrpcService (ConfUtils.java:logGet(43)) - raft.grpc.flow.control.window = 1MB (=1048576) (default)
2019-09-30 16:01:51,734 [main] INFO  server.RaftServerConfigKeys (ConfUtils.java:logGet(43)) - raft.server.rpc.request.timeout = 3000ms (default)
2019-09-30 16:01:51,734 [main] INFO  server.RaftServerConfigKeys (ConfUtils.java:logGet(43)) - raft.server.storage.dir = [/workdir/hadoop-ozone/integration-test/target/test-dir/MiniOzoneClusterImpl-5c0c24fc-84a9-445a-b697-36e4edb9aec1/datanode-6/data/ratis] (custom)
2019-09-30 16:01:51,736 [main] INFO  hdfs.DFSUtil (DFSUtil.java:httpServerTemplateForNNAndJN(1641)) - Starting Web-server for hddsDatanode at: http://0.0.0.0:0
2019-09-30 16:01:51,737 [main] INFO  server.AuthenticationFilter (AuthenticationFilter.java:constructSecretProvider(240)) - Unable to initialize FileSignerSecretProvider, falling back to use random secrets.
2019-09-30 16:01:51,737 [main] WARN  http.HttpRequestLog (HttpRequestLog.java:getRequestLog(97)) - Jetty request log can only be enabled using Log4j
2019-09-30 16:01:51,739 [main] INFO  http.HttpServer2 (HttpServer2.java:addGlobalFilter(975)) - Added global filter 'safety' (class=org.apache.hadoop.http.HttpServer2$QuotingInputFilter)
2019-09-30 16:01:51,740 [main] INFO  http.HttpServer2 (HttpServer2.java:addFilter(948)) - Added filter static_user_filter (class=org.apache.hadoop.http.lib.StaticUserWebFilter$StaticUserFilter) to context hddsDatanode
2019-09-30 16:01:51,740 [main] INFO  http.HttpServer2 (HttpServer2.java:addFilter(958)) - Added filter static_user_filter (class=org.apache.hadoop.http.lib.StaticUserWebFilter$StaticUserFilter) to context logs
2019-09-30 16:01:51,740 [main] INFO  http.HttpServer2 (HttpServer2.java:addFilter(958)) - Added filter static_user_filter (class=org.apache.hadoop.http.lib.StaticUserWebFilter$StaticUserFilter) to context static
2019-09-30 16:01:51,741 [main] INFO  http.HttpServer2 (HttpServer2.java:bindListener(1191)) - Jetty bound to port 42929
2019-09-30 16:01:51,741 [main] INFO  server.Server (Server.java:doStart(351)) - jetty-9.3.25.v20180904, build timestamp: 2018-09-04T21:11:46Z, git hash: 3ce520221d0240229c862b122d2b06c12a625732
2019-09-30 16:01:51,743 [main] INFO  handler.ContextHandler (ContextHandler.java:doStart(781)) - Started o.e.j.s.ServletContextHandler@3f1ed068{/logs,file:///workdir/hadoop-ozone/integration-test/target/log,AVAILABLE}
2019-09-30 16:01:51,743 [main] INFO  handler.ContextHandler (ContextHandler.java:doStart(781)) - Started o.e.j.s.ServletContextHandler@2e645fbd{/static,jar:file:/home/user/.m2/repository/org/apache/hadoop/hadoop-hdds-container-service/0.5.0-SNAPSHOT/hadoop-hdds-container-service-0.5.0-SNAPSHOT.jar!/webapps/static,AVAILABLE}
2019-09-30 16:01:51,776 [main] INFO  handler.ContextHandler (ContextHandler.java:doStart(781)) - Started o.e.j.w.WebAppContext@5f69e2b{/,file:///tmp/jetty-0.0.0.0-42929-hddsDatanode-_-any-2911068183016063578.dir/webapp/,AVAILABLE}{/hddsDatanode}
2019-09-30 16:01:51,778 [main] INFO  server.AbstractConnector (AbstractConnector.java:doStart(278)) - Started ServerConnector@984169e{HTTP/1.1,[http/1.1]}{0.0.0.0:42929}
2019-09-30 16:01:51,779 [main] INFO  server.Server (Server.java:doStart(419)) - Started @5664ms
2019-09-30 16:01:51,779 [main] WARN  impl.MetricsSystemImpl (MetricsSystemImpl.java:register(276)) - Sink prometheus already exists!
2019-09-30 16:01:51,780 [main] INFO  server.BaseHttpServer (BaseHttpServer.java:updateConnectorAddress(215)) - HTTP server of HDDSDATANODE is listening at http://0.0.0.0:42929
2019-09-30 16:01:51,784 [main] INFO  ozone.MiniOzoneClusterImpl (MiniOzoneClusterImpl.java:lambda$waitForClusterToBeReady$0(147)) - Waiting for cluster to be ready. Got 0 of 7 DN Heartbeats.
2019-09-30 16:01:51,785 [org.apache.hadoop.util.JvmPauseMonitor$Monitor@74bb6ca3] INFO  util.JvmPauseMonitor (JvmPauseMonitor.java:run(188)) - Starting JVM pause monitor
2019-09-30 16:01:51,789 [Datanode State Machine Thread - 0] INFO  datanode.InitDatanodeState (InitDatanodeState.java:persistContainerDatanodeDetails(140)) - DatanodeDetails is persisted to /workdir/hadoop-ozone/integration-test/target/test-dir/MiniOzoneClusterImpl-5c0c24fc-84a9-445a-b697-36e4edb9aec1/datanode-6/meta/datanode.id
2019-09-30 16:01:52,784 [main] INFO  ozone.MiniOzoneClusterImpl (MiniOzoneClusterImpl.java:lambda$waitForClusterToBeReady$0(147)) - Waiting for cluster to be ready. Got 0 of 7 DN Heartbeats.
2019-09-30 16:01:53,356 [Datanode State Machine Thread - 0] INFO  ozoneimpl.OzoneContainer (OzoneContainer.java:start(217)) - Attempting to start container services.
2019-09-30 16:01:53,360 [Datanode State Machine Thread - 0] INFO  ozoneimpl.OzoneContainer (OzoneContainer.java:startContainerScrub(179)) - Background container scanner has been disabled.
2019-09-30 16:01:53,361 [Datanode State Machine Thread - 0] INFO  ratis.XceiverServerRatis (XceiverServerRatis.java:start(411)) - Starting XceiverServerRatis f42e1d76-cf6f-4bc2-9079-fcc105a6b469 at port 0
2019-09-30 16:01:53,390 [Datanode State Machine Thread - 0] INFO  impl.RaftServerProxy (RaftServerProxy.java:lambda$start$3(299)) - f42e1d76-cf6f-4bc2-9079-fcc105a6b469: start RPC server
2019-09-30 16:01:53,414 [Datanode State Machine Thread - 0] INFO  ozoneimpl.OzoneContainer (OzoneContainer.java:start(217)) - Attempting to start container services.
2019-09-30 16:01:53,421 [Datanode State Machine Thread - 0] INFO  ozoneimpl.OzoneContainer (OzoneContainer.java:startContainerScrub(179)) - Background container scanner has been disabled.
2019-09-30 16:01:53,421 [Datanode State Machine Thread - 0] INFO  ratis.XceiverServerRatis (XceiverServerRatis.java:start(411)) - Starting XceiverServerRatis 1fae45cc-3995-4f14-aa1a-c92c55d47df5 at port 0
2019-09-30 16:01:53,436 [Datanode State Machine Thread - 0] INFO  impl.RaftServerProxy (RaftServerProxy.java:lambda$start$3(299)) - 1fae45cc-3995-4f14-aa1a-c92c55d47df5: start RPC server
2019-09-30 16:01:53,496 [Datanode State Machine Thread - 0] INFO  ozoneimpl.OzoneContainer (OzoneContainer.java:start(217)) - Attempting to start container services.
2019-09-30 16:01:53,501 [Datanode State Machine Thread - 0] INFO  ozoneimpl.OzoneContainer (OzoneContainer.java:startContainerScrub(179)) - Background container scanner has been disabled.
2019-09-30 16:01:53,501 [Datanode State Machine Thread - 0] INFO  ratis.XceiverServerRatis (XceiverServerRatis.java:start(411)) - Starting XceiverServerRatis aa7bbf0a-f784-4ea4-a59a-a4589e8b6dce at port 0
2019-09-30 16:01:53,509 [Datanode State Machine Thread - 0] INFO  impl.RaftServerProxy (RaftServerProxy.java:lambda$start$3(299)) - aa7bbf0a-f784-4ea4-a59a-a4589e8b6dce: start RPC server
2019-09-30 16:01:53,568 [Datanode State Machine Thread - 0] INFO  server.GrpcService (GrpcService.java:startImpl(158)) - 1fae45cc-3995-4f14-aa1a-c92c55d47df5: GrpcService started, listening on 0.0.0.0/0.0.0.0:39562
2019-09-30 16:01:53,568 [Datanode State Machine Thread - 0] INFO  server.GrpcService (GrpcService.java:startImpl(158)) - aa7bbf0a-f784-4ea4-a59a-a4589e8b6dce: GrpcService started, listening on 0.0.0.0/0.0.0.0:45431
2019-09-30 16:01:53,568 [Datanode State Machine Thread - 0] INFO  server.GrpcService (GrpcService.java:startImpl(158)) - f42e1d76-cf6f-4bc2-9079-fcc105a6b469: GrpcService started, listening on 0.0.0.0/0.0.0.0:38871
2019-09-30 16:01:53,569 [Datanode State Machine Thread - 0] INFO  ratis.XceiverServerRatis (XceiverServerRatis.java:start(421)) - XceiverServerRatis aa7bbf0a-f784-4ea4-a59a-a4589e8b6dce is started using port 45431
2019-09-30 16:01:53,569 [Datanode State Machine Thread - 0] INFO  ratis.XceiverServerRatis (XceiverServerRatis.java:start(421)) - XceiverServerRatis 1fae45cc-3995-4f14-aa1a-c92c55d47df5 is started using port 39562
2019-09-30 16:01:53,569 [Datanode State Machine Thread - 0] INFO  ratis.XceiverServerRatis (XceiverServerRatis.java:start(421)) - XceiverServerRatis f42e1d76-cf6f-4bc2-9079-fcc105a6b469 is started using port 38871
2019-09-30 16:01:53,573 [Datanode State Machine Thread - 0] INFO  ozoneimpl.OzoneContainer (OzoneContainer.java:start(217)) - Attempting to start container services.
2019-09-30 16:01:53,575 [Datanode State Machine Thread - 0] INFO  ozoneimpl.OzoneContainer (OzoneContainer.java:startContainerScrub(179)) - Background container scanner has been disabled.
2019-09-30 16:01:53,577 [Datanode State Machine Thread - 0] INFO  ratis.XceiverServerRatis (XceiverServerRatis.java:start(411)) - Starting XceiverServerRatis a5dffc8e-0c2f-4c60-ad24-9a891b6ac97a at port 0
2019-09-30 16:01:53,580 [Datanode State Machine Thread - 0] INFO  server.XceiverServerGrpc (XceiverServerGrpc.java:start(149)) - XceiverServerGrpc f42e1d76-cf6f-4bc2-9079-fcc105a6b469 is started using port 33928
2019-09-30 16:01:53,580 [Datanode State Machine Thread - 0] INFO  server.XceiverServerGrpc (XceiverServerGrpc.java:start(149)) - XceiverServerGrpc aa7bbf0a-f784-4ea4-a59a-a4589e8b6dce is started using port 33176
2019-09-30 16:01:53,580 [Datanode State Machine Thread - 0] INFO  server.XceiverServerGrpc (XceiverServerGrpc.java:start(149)) - XceiverServerGrpc 1fae45cc-3995-4f14-aa1a-c92c55d47df5 is started using port 40537
2019-09-30 16:01:53,588 [Datanode State Machine Thread - 0] INFO  impl.RaftServerProxy (RaftServerProxy.java:lambda$start$3(299)) - a5dffc8e-0c2f-4c60-ad24-9a891b6ac97a: start RPC server
2019-09-30 16:01:53,592 [Datanode State Machine Thread - 0] INFO  server.GrpcService (GrpcService.java:startImpl(158)) - a5dffc8e-0c2f-4c60-ad24-9a891b6ac97a: GrpcService started, listening on 0.0.0.0/0.0.0.0:44498
2019-09-30 16:01:53,592 [Datanode State Machine Thread - 0] INFO  ratis.XceiverServerRatis (XceiverServerRatis.java:start(421)) - XceiverServerRatis a5dffc8e-0c2f-4c60-ad24-9a891b6ac97a is started using port 44498
2019-09-30 16:01:53,598 [Datanode State Machine Thread - 0] INFO  server.XceiverServerGrpc (XceiverServerGrpc.java:start(149)) - XceiverServerGrpc a5dffc8e-0c2f-4c60-ad24-9a891b6ac97a is started using port 41231
2019-09-30 16:01:53,654 [Datanode State Machine Thread - 0] INFO  ozoneimpl.OzoneContainer (OzoneContainer.java:start(217)) - Attempting to start container services.
2019-09-30 16:01:53,654 [Datanode State Machine Thread - 0] INFO  ozoneimpl.OzoneContainer (OzoneContainer.java:startContainerScrub(179)) - Background container scanner has been disabled.
2019-09-30 16:01:53,655 [Datanode State Machine Thread - 0] INFO  ratis.XceiverServerRatis (XceiverServerRatis.java:start(411)) - Starting XceiverServerRatis d2410404-97fe-427e-9e9a-0a0876f0008b at port 0
2019-09-30 16:01:53,663 [Datanode State Machine Thread - 0] INFO  impl.RaftServerProxy (RaftServerProxy.java:lambda$start$3(299)) - d2410404-97fe-427e-9e9a-0a0876f0008b: start RPC server
2019-09-30 16:01:53,667 [Datanode State Machine Thread - 0] INFO  server.GrpcService (GrpcService.java:startImpl(158)) - d2410404-97fe-427e-9e9a-0a0876f0008b: GrpcService started, listening on 0.0.0.0/0.0.0.0:41625
2019-09-30 16:01:53,667 [Datanode State Machine Thread - 0] INFO  ratis.XceiverServerRatis (XceiverServerRatis.java:start(421)) - XceiverServerRatis d2410404-97fe-427e-9e9a-0a0876f0008b is started using port 41625
2019-09-30 16:01:53,670 [Datanode State Machine Thread - 0] INFO  server.XceiverServerGrpc (XceiverServerGrpc.java:start(149)) - XceiverServerGrpc d2410404-97fe-427e-9e9a-0a0876f0008b is started using port 33773
2019-09-30 16:01:53,725 [Datanode State Machine Thread - 0] INFO  ozoneimpl.OzoneContainer (OzoneContainer.java:start(217)) - Attempting to start container services.
2019-09-30 16:01:53,726 [Datanode State Machine Thread - 0] INFO  ozoneimpl.OzoneContainer (OzoneContainer.java:startContainerScrub(179)) - Background container scanner has been disabled.
2019-09-30 16:01:53,726 [Datanode State Machine Thread - 0] INFO  ratis.XceiverServerRatis (XceiverServerRatis.java:start(411)) - Starting XceiverServerRatis 015a4de2-999c-4da4-9160-a94db250d366 at port 0
2019-09-30 16:01:53,736 [Datanode State Machine Thread - 0] INFO  impl.RaftServerProxy (RaftServerProxy.java:lambda$start$3(299)) - 015a4de2-999c-4da4-9160-a94db250d366: start RPC server
2019-09-30 16:01:53,740 [Datanode State Machine Thread - 0] INFO  server.GrpcService (GrpcService.java:startImpl(158)) - 015a4de2-999c-4da4-9160-a94db250d366: GrpcService started, listening on 0.0.0.0/0.0.0.0:36881
2019-09-30 16:01:53,741 [Datanode State Machine Thread - 0] INFO  ratis.XceiverServerRatis (XceiverServerRatis.java:start(421)) - XceiverServerRatis 015a4de2-999c-4da4-9160-a94db250d366 is started using port 36881
2019-09-30 16:01:53,744 [Datanode State Machine Thread - 0] INFO  server.XceiverServerGrpc (XceiverServerGrpc.java:start(149)) - XceiverServerGrpc 015a4de2-999c-4da4-9160-a94db250d366 is started using port 45369
2019-09-30 16:01:53,786 [main] INFO  ozone.MiniOzoneClusterImpl (MiniOzoneClusterImpl.java:lambda$waitForClusterToBeReady$0(147)) - Waiting for cluster to be ready. Got 0 of 7 DN Heartbeats.
2019-09-30 16:01:53,801 [Datanode State Machine Thread - 0] INFO  ozoneimpl.OzoneContainer (OzoneContainer.java:start(217)) - Attempting to start container services.
2019-09-30 16:01:53,801 [Datanode State Machine Thread - 0] INFO  ozoneimpl.OzoneContainer (OzoneContainer.java:startContainerScrub(179)) - Background container scanner has been disabled.
2019-09-30 16:01:53,801 [Datanode State Machine Thread - 0] INFO  ratis.XceiverServerRatis (XceiverServerRatis.java:start(411)) - Starting XceiverServerRatis 5fd7a14c-bdfc-45f6-a1b2-8603da8d5d76 at port 0
2019-09-30 16:01:53,812 [Datanode State Machine Thread - 0] INFO  impl.RaftServerProxy (RaftServerProxy.java:lambda$start$3(299)) - 5fd7a14c-bdfc-45f6-a1b2-8603da8d5d76: start RPC server
2019-09-30 16:01:53,816 [Datanode State Machine Thread - 0] INFO  server.GrpcService (GrpcService.java:startImpl(158)) - 5fd7a14c-bdfc-45f6-a1b2-8603da8d5d76: GrpcService started, listening on 0.0.0.0/0.0.0.0:45958
2019-09-30 16:01:53,816 [Datanode State Machine Thread - 0] INFO  ratis.XceiverServerRatis (XceiverServerRatis.java:start(421)) - XceiverServerRatis 5fd7a14c-bdfc-45f6-a1b2-8603da8d5d76 is started using port 45958
2019-09-30 16:01:53,822 [Datanode State Machine Thread - 0] INFO  server.XceiverServerGrpc (XceiverServerGrpc.java:start(149)) - XceiverServerGrpc 5fd7a14c-bdfc-45f6-a1b2-8603da8d5d76 is started using port 41771
2019-09-30 16:01:54,787 [main] INFO  ozone.MiniOzoneClusterImpl (MiniOzoneClusterImpl.java:lambda$waitForClusterToBeReady$0(147)) - Waiting for cluster to be ready. Got 0 of 7 DN Heartbeats.
2019-09-30 16:01:55,333 [IPC Server handler 0 on 46397] INFO  net.NetworkTopology (NetworkTopologyImpl.java:add(111)) - Added a new node: /default-rack/f42e1d76-cf6f-4bc2-9079-fcc105a6b469
2019-09-30 16:01:55,334 [IPC Server handler 0 on 46397] INFO  node.SCMNodeManager (SCMNodeManager.java:register(268)) - Registered Data node : f42e1d76-cf6f-4bc2-9079-fcc105a6b469{ip: 192.168.5.180, host: pr-hdds-2199-dnstouuidmap-jw7l6-3685198730, networkLocation: /default-rack, certSerialId: null}
2019-09-30 16:01:55,340 [EventQueue-NodeRegistrationContainerReportForDataNodeSafeModeRule] INFO  safemode.SCMSafeModeManager (DataNodeSafeModeRule.java:process(71)) - SCM in safe mode. 1 DataNodes registered, 1 required.
2019-09-30 16:01:55,341 [EventQueue-NodeRegistrationContainerReportForDataNodeSafeModeRule] INFO  safemode.SCMSafeModeManager (SCMSafeModeManager.java:validateSafeModeExitRules(177)) - ScmSafeModeManager, all rules are successfully validated
2019-09-30 16:01:55,341 [EventQueue-NodeRegistrationContainerReportForDataNodeSafeModeRule] INFO  safemode.SCMSafeModeManager (SCMSafeModeManager.java:exitSafeMode(193)) - SCM exiting safe mode.
2019-09-30 16:01:55,403 [IPC Server handler 3 on 46397] INFO  net.NetworkTopology (NetworkTopologyImpl.java:add(111)) - Added a new node: /default-rack/1fae45cc-3995-4f14-aa1a-c92c55d47df5
2019-09-30 16:01:55,404 [IPC Server handler 3 on 46397] INFO  node.SCMNodeManager (SCMNodeManager.java:register(268)) - Registered Data node : 1fae45cc-3995-4f14-aa1a-c92c55d47df5{ip: 192.168.5.180, host: pr-hdds-2199-dnstouuidmap-jw7l6-3685198730, networkLocation: /default-rack, certSerialId: null}
2019-09-30 16:01:55,486 [IPC Server handler 5 on 46397] INFO  net.NetworkTopology (NetworkTopologyImpl.java:add(111)) - Added a new node: /default-rack/aa7bbf0a-f784-4ea4-a59a-a4589e8b6dce
2019-09-30 16:01:55,486 [IPC Server handler 5 on 46397] INFO  node.SCMNodeManager (SCMNodeManager.java:register(268)) - Registered Data node : aa7bbf0a-f784-4ea4-a59a-a4589e8b6dce{ip: 192.168.5.180, host: pr-hdds-2199-dnstouuidmap-jw7l6-3685198730, networkLocation: /default-rack, certSerialId: null}
2019-09-30 16:01:55,558 [IPC Server handler 2 on 46397] INFO  net.NetworkTopology (NetworkTopologyImpl.java:add(111)) - Added a new node: /default-rack/a5dffc8e-0c2f-4c60-ad24-9a891b6ac97a
2019-09-30 16:01:55,558 [IPC Server handler 2 on 46397] INFO  node.SCMNodeManager (SCMNodeManager.java:register(268)) - Registered Data node : a5dffc8e-0c2f-4c60-ad24-9a891b6ac97a{ip: 192.168.5.180, host: pr-hdds-2199-dnstouuidmap-jw7l6-3685198730, networkLocation: /default-rack, certSerialId: null}
2019-09-30 16:01:55,642 [IPC Server handler 6 on 46397] INFO  net.NetworkTopology (NetworkTopologyImpl.java:add(111)) - Added a new node: /default-rack/d2410404-97fe-427e-9e9a-0a0876f0008b
2019-09-30 16:01:55,642 [IPC Server handler 6 on 46397] INFO  node.SCMNodeManager (SCMNodeManager.java:register(268)) - Registered Data node : d2410404-97fe-427e-9e9a-0a0876f0008b{ip: 192.168.5.180, host: pr-hdds-2199-dnstouuidmap-jw7l6-3685198730, networkLocation: /default-rack, certSerialId: null}
2019-09-30 16:01:55,712 [IPC Server handler 8 on 46397] INFO  net.NetworkTopology (NetworkTopologyImpl.java:add(111)) - Added a new node: /default-rack/015a4de2-999c-4da4-9160-a94db250d366
2019-09-30 16:01:55,713 [IPC Server handler 8 on 46397] INFO  node.SCMNodeManager (SCMNodeManager.java:register(268)) - Registered Data node : 015a4de2-999c-4da4-9160-a94db250d366{ip: 192.168.5.180, host: pr-hdds-2199-dnstouuidmap-jw7l6-3685198730, networkLocation: /default-rack, certSerialId: null}
2019-09-30 16:01:55,788 [main] INFO  ozone.MiniOzoneClusterImpl (MiniOzoneClusterImpl.java:lambda$waitForClusterToBeReady$0(147)) - Waiting for cluster to be ready. Got 6 of 7 DN Heartbeats.
2019-09-30 16:01:55,788 [IPC Server handler 7 on 46397] INFO  net.NetworkTopology (NetworkTopologyImpl.java:add(111)) - Added a new node: /default-rack/5fd7a14c-bdfc-45f6-a1b2-8603da8d5d76
2019-09-30 16:01:55,788 [IPC Server handler 7 on 46397] INFO  node.SCMNodeManager (SCMNodeManager.java:register(268)) - Registered Data node : 5fd7a14c-bdfc-45f6-a1b2-8603da8d5d76{ip: 192.168.5.180, host: pr-hdds-2199-dnstouuidmap-jw7l6-3685198730, networkLocation: /default-rack, certSerialId: null}
2019-09-30 16:01:55,941 [grpc-default-executor-0] INFO  impl.RaftServerProxy (RaftServerProxy.java:addNew(89)) - f42e1d76-cf6f-4bc2-9079-fcc105a6b469: addNew group-F49A17904A4D:[f42e1d76-cf6f-4bc2-9079-fcc105a6b469:192.168.5.180:38871] returns group-F49A17904A4D:java.util.concurrent.CompletableFuture@6e6353a7[Not completed]
2019-09-30 16:01:55,967 [pool-27-thread-1] INFO  impl.RaftServerImpl (RaftServerImpl.java:<init>(95)) - f42e1d76-cf6f-4bc2-9079-fcc105a6b469: new RaftServerImpl for group-F49A17904A4D:[f42e1d76-cf6f-4bc2-9079-fcc105a6b469:192.168.5.180:38871] with ContainerStateMachine:uninitialized
2019-09-30 16:01:55,969 [pool-27-thread-1] INFO  server.RaftServerConfigKeys (ConfUtils.java:logGet(43)) - raft.server.rpc.timeout.min = 5s (custom)
2019-09-30 16:01:55,970 [pool-27-thread-1] INFO  server.RaftServerConfigKeys (ConfUtils.java:logGet(43)) - raft.server.rpc.timeout.max = 5200ms (custom)
2019-09-30 16:01:55,971 [pool-27-thread-1] INFO  server.RaftServerConfigKeys (ConfUtils.java:logGet(43)) - raft.server.rpcslowness.timeout = 120s (custom)
2019-09-30 16:01:55,972 [pool-27-thread-1] INFO  server.RaftServerConfigKeys (ConfUtils.java:logGet(43)) - raft.server.sleep.deviation.threshold = 300 (default)
2019-09-30 16:01:55,973 [pool-27-thread-1] INFO  server.RaftServerConfigKeys (ConfUtils.java:logGet(43)) - raft.server.log.appender.install.snapshot.enabled = false (custom)
2019-09-30 16:01:55,984 [pool-27-thread-1] INFO  impl.RaftServerImpl (ServerState.java:<init>(103)) - f42e1d76-cf6f-4bc2-9079-fcc105a6b469@group-F49A17904A4D: ConfigurationManager, init=-1: [f42e1d76-cf6f-4bc2-9079-fcc105a6b469:192.168.5.180:38871], old=null, confs=<EMPTY_MAP>
2019-09-30 16:01:55,984 [pool-27-thread-1] INFO  server.RaftServerConfigKeys (ConfUtils.java:logGet(43)) - raft.server.storage.dir = [/workdir/hadoop-ozone/integration-test/target/test-dir/MiniOzoneClusterImpl-5c0c24fc-84a9-445a-b697-36e4edb9aec1/datanode-0/data/ratis] (custom)
2019-09-30 16:01:55,994 [pool-27-thread-1] INFO  storage.RaftStorageDirectory (RaftStorageDirectory.java:analyzeStorage(246)) - The storage directory /workdir/hadoop-ozone/integration-test/target/test-dir/MiniOzoneClusterImpl-5c0c24fc-84a9-445a-b697-36e4edb9aec1/datanode-0/data/ratis/79b87cbe-fe59-4382-ace4-f49a17904a4d does not exist. Creating ...
2019-09-30 16:01:56,013 [pool-27-thread-1] INFO  storage.RaftStorageDirectory (RaftStorageDirectory.java:tryLock(328)) - Lock on /workdir/hadoop-ozone/integration-test/target/test-dir/MiniOzoneClusterImpl-5c0c24fc-84a9-445a-b697-36e4edb9aec1/datanode-0/data/ratis/79b87cbe-fe59-4382-ace4-f49a17904a4d/in_use.lock acquired by nodename 16008@pr-hdds-2199-dnstouuidmap-jw7l6-3685198730
2019-09-30 16:01:56,028 [pool-27-thread-1] INFO  storage.RaftStorage (RaftStorage.java:format(72)) - Storage directory /workdir/hadoop-ozone/integration-test/target/test-dir/MiniOzoneClusterImpl-5c0c24fc-84a9-445a-b697-36e4edb9aec1/datanode-0/data/ratis/79b87cbe-fe59-4382-ace4-f49a17904a4d has been successfully formatted.
2019-09-30 16:01:56,031 [pool-27-thread-1] INFO  ratis.ContainerStateMachine (ContainerStateMachine.java:loadSnapshot(230)) - group-F49A17904A4D: The snapshot info is null. Setting the last applied indexto:(t:0, i:~)
2019-09-30 16:01:56,031 [pool-27-thread-1] INFO  server.RaftServerConfigKeys (ConfUtils.java:logGet(43)) - raft.server.notification.no-leader.timeout = 120s (custom)
2019-09-30 16:01:56,034 [pool-27-thread-1] INFO  server.RaftServerConfigKeys (ConfUtils.java:logGet(43)) - raft.server.log.use.memory = false (default)
2019-09-30 16:01:56,041 [pool-27-thread-1] INFO  server.RaftServerConfigKeys (ConfUtils.java:logGet(43)) - raft.server.log.purge.gap = 1000000 (custom)
2019-09-30 16:01:56,042 [pool-27-thread-1] INFO  server.RaftServerConfigKeys (ConfUtils.java:logGet(43)) - raft.server.log.appender.buffer.byte-limit = 33554432 (custom)
2019-09-30 16:01:56,045 [pool-27-thread-1] INFO  server.RaftServerConfigKeys (ConfUtils.java:logGet(43)) - raft.server.log.segment.size.max = 1048576 (custom)
2019-09-30 16:01:56,052 [pool-27-thread-1] INFO  server.RaftServerConfigKeys (ConfUtils.java:logGet(43)) - raft.server.log.segment.cache.num.max = 2 (custom)
2019-09-30 16:01:56,058 [pool-27-thread-1] INFO  segmented.SegmentedRaftLogWorker (SegmentedRaftLogWorker.java:<init>(172)) - new f42e1d76-cf6f-4bc2-9079-fcc105a6b469@group-F49A17904A4D-SegmentedRaftLogWorker for RaftStorage:Storage Directory /workdir/hadoop-ozone/integration-test/target/test-dir/MiniOzoneClusterImpl-5c0c24fc-84a9-445a-b697-36e4edb9aec1/datanode-0/data/ratis/79b87cbe-fe59-4382-ace4-f49a17904a4d
2019-09-30 16:01:56,061 [pool-27-thread-1] INFO  impl.MetricsSystemImpl (MetricsSystemImpl.java:init(158)) - ratis metrics system started (again)
2019-09-30 16:01:56,068 [pool-27-thread-1] INFO  metrics.MetricRegistries (MetricRegistriesLoader.java:load(64)) - Loaded MetricRegistries class org.apache.ratis.metrics.impl.MetricRegistriesImpl
2019-09-30 16:01:56,100 [pool-27-thread-1] INFO  server.RaftServerConfigKeys (ConfUtils.java:logGet(43)) - raft.server.log.queue.byte-limit = 2147483647 (custom)
2019-09-30 16:01:56,101 [pool-27-thread-1] INFO  server.RaftServerConfigKeys (ConfUtils.java:logGet(43)) - raft.server.log.queue.element-limit = 1024 (custom)
2019-09-30 16:01:56,104 [pool-27-thread-1] INFO  server.RaftServerConfigKeys (ConfUtils.java:logGet(43)) - raft.server.log.segment.size.max = 1048576 (custom)
2019-09-30 16:01:56,104 [pool-27-thread-1] INFO  server.RaftServerConfigKeys (ConfUtils.java:logGet(43)) - raft.server.log.preallocated.size = 16384 (custom)
2019-09-30 16:01:56,105 [pool-27-thread-1] INFO  server.RaftServerConfigKeys (ConfUtils.java:logGet(43)) - raft.server.log.write.buffer.size = 33554432 (custom)
2019-09-30 16:01:56,105 [pool-27-thread-1] INFO  server.RaftServerConfigKeys (ConfUtils.java:logGet(43)) - raft.server.log.force.sync.num = 128 (default)
2019-09-30 16:01:56,106 [pool-27-thread-1] INFO  server.RaftServerConfigKeys (ConfUtils.java:logGet(43)) - raft.server.log.statemachine.data.sync = true (default)
2019-09-30 16:01:56,106 [pool-27-thread-1] INFO  server.RaftServerConfigKeys (ConfUtils.java:logGet(43)) - raft.server.log.statemachine.data.sync.timeout = 10s (default)
2019-09-30 16:01:56,107 [pool-27-thread-1] INFO  server.RaftServerConfigKeys (ConfUtils.java:logGet(43)) - raft.server.log.statemachine.data.sync.timeout.retry = -1 (default)
2019-09-30 16:01:56,115 [pool-27-thread-1] INFO  server.RaftServerConfigKeys (ConfUtils.java:logGet(43)) - raft.server.log.statemachine.data.caching.enabled = true (custom)
2019-09-30 16:01:56,120 [pool-27-thread-1] INFO  segmented.SegmentedRaftLogWorker (SegmentedRaftLogWorker.java:lambda$new$0(132)) - f42e1d76-cf6f-4bc2-9079-fcc105a6b469@group-F49A17904A4D-SegmentedRaftLogWorker: flushIndex: setUnconditionally 0 -> -1
2019-09-30 16:01:56,124 [pool-27-thread-1] INFO  server.RaftServerConfigKeys (ConfUtils.java:logGet(43)) - raft.server.snapshot.auto.trigger.enabled = true (custom)
2019-09-30 16:01:56,125 [pool-27-thread-1] INFO  server.RaftServerConfigKeys (ConfUtils.java:logGet(43)) - raft.server.snapshot.auto.trigger.threshold = 10000 (custom)
2019-09-30 16:01:56,126 [pool-27-thread-1] INFO  server.RaftServerConfigKeys (ConfUtils.java:logGet(43)) - raft.server.snapshot.retention.num.files = 5 (custom)
2019-09-30 16:01:56,126 [pool-27-thread-1] INFO  server.RaftServerConfigKeys (ConfUtils.java:logGet(43)) - raft.server.retrycache.expirytime = 600000ms (custom)
2019-09-30 16:01:56,153 [pool-27-thread-1] INFO  impl.RaftServerImpl (RaftServerImpl.java:start(185)) - f42e1d76-cf6f-4bc2-9079-fcc105a6b469@group-F49A17904A4D: start as a follower, conf=-1: [f42e1d76-cf6f-4bc2-9079-fcc105a6b469:192.168.5.180:38871], old=null
2019-09-30 16:01:56,154 [pool-27-thread-1] INFO  impl.RaftServerImpl (RaftServerImpl.java:setRole(174)) - f42e1d76-cf6f-4bc2-9079-fcc105a6b469@group-F49A17904A4D: changes role from      null to FOLLOWER at term 0 for startAsFollower
2019-09-30 16:01:56,155 [pool-27-thread-1] INFO  impl.RoleInfo (RoleInfo.java:updateAndGet(143)) - f42e1d76-cf6f-4bc2-9079-fcc105a6b469: start FollowerState
2019-09-30 16:01:56,156 [pool-27-thread-1] INFO  util.JmxRegister (JmxRegister.java:tryRegister(44)) - Successfully registered JMX Bean with object name Ratis:service=RaftServer,group=group-F49A17904A4D,id=f42e1d76-cf6f-4bc2-9079-fcc105a6b469
2019-09-30 16:01:56,231 [RatisPipelineUtilsThread] INFO  pipeline.PipelineStateManager (PipelineStateManager.java:addPipeline(56)) - Created pipeline Pipeline[ Id: 79b87cbe-fe59-4382-ace4-f49a17904a4d, Nodes: f42e1d76-cf6f-4bc2-9079-fcc105a6b469{ip: 192.168.5.180, host: pr-hdds-2199-dnstouuidmap-jw7l6-3685198730, networkLocation: /default-rack, certSerialId: null}, Type:RATIS, Factor:ONE, State:OPEN]
2019-09-30 16:01:56,264 [grpc-default-executor-0] INFO  impl.RaftServerProxy (RaftServerProxy.java:addNew(89)) - a5dffc8e-0c2f-4c60-ad24-9a891b6ac97a: addNew group-954CBB82C960:[a5dffc8e-0c2f-4c60-ad24-9a891b6ac97a:192.168.5.180:44498] returns group-954CBB82C960:java.util.concurrent.CompletableFuture@7d6764fa[Not completed]
2019-09-30 16:01:56,319 [pool-57-thread-1] INFO  impl.RaftServerImpl (RaftServerImpl.java:<init>(95)) - a5dffc8e-0c2f-4c60-ad24-9a891b6ac97a: new RaftServerImpl for group-954CBB82C960:[a5dffc8e-0c2f-4c60-ad24-9a891b6ac97a:192.168.5.180:44498] with ContainerStateMachine:uninitialized
2019-09-30 16:01:56,320 [pool-57-thread-1] INFO  server.RaftServerConfigKeys (ConfUtils.java:logGet(43)) - raft.server.rpc.timeout.min = 5s (custom)
2019-09-30 16:01:56,320 [pool-57-thread-1] INFO  server.RaftServerConfigKeys (ConfUtils.java:logGet(43)) - raft.server.rpc.timeout.max = 5200ms (custom)
2019-09-30 16:01:56,321 [pool-57-thread-1] INFO  server.RaftServerConfigKeys (ConfUtils.java:logGet(43)) - raft.server.rpcslowness.timeout = 120s (custom)
2019-09-30 16:01:56,321 [pool-57-thread-1] INFO  server.RaftServerConfigKeys (ConfUtils.java:logGet(43)) - raft.server.sleep.deviation.threshold = 300 (default)
2019-09-30 16:01:56,321 [pool-57-thread-1] INFO  server.RaftServerConfigKeys (ConfUtils.java:logGet(43)) - raft.server.log.appender.install.snapshot.enabled = false (custom)
2019-09-30 16:01:56,321 [pool-57-thread-1] INFO  impl.RaftServerImpl (ServerState.java:<init>(103)) - a5dffc8e-0c2f-4c60-ad24-9a891b6ac97a@group-954CBB82C960: ConfigurationManager, init=-1: [a5dffc8e-0c2f-4c60-ad24-9a891b6ac97a:192.168.5.180:44498], old=null, confs=<EMPTY_MAP>
2019-09-30 16:01:56,322 [pool-57-thread-1] INFO  server.RaftServerConfigKeys (ConfUtils.java:logGet(43)) - raft.server.storage.dir = [/workdir/hadoop-ozone/integration-test/target/test-dir/MiniOzoneClusterImpl-5c0c24fc-84a9-445a-b697-36e4edb9aec1/datanode-3/data/ratis] (custom)
2019-09-30 16:01:56,322 [pool-57-thread-1] INFO  storage.RaftStorageDirectory (RaftStorageDirectory.java:analyzeStorage(246)) - The storage directory /workdir/hadoop-ozone/integration-test/target/test-dir/MiniOzoneClusterImpl-5c0c24fc-84a9-445a-b697-36e4edb9aec1/datanode-3/data/ratis/a55cad98-5485-4a5b-ac5b-954cbb82c960 does not exist. Creating ...
2019-09-30 16:01:56,337 [pool-57-thread-1] INFO  storage.RaftStorageDirectory (RaftStorageDirectory.java:tryLock(328)) - Lock on /workdir/hadoop-ozone/integration-test/target/test-dir/MiniOzoneClusterImpl-5c0c24fc-84a9-445a-b697-36e4edb9aec1/datanode-3/data/ratis/a55cad98-5485-4a5b-ac5b-954cbb82c960/in_use.lock acquired by nodename 16008@pr-hdds-2199-dnstouuidmap-jw7l6-3685198730
2019-09-30 16:01:56,356 [pool-57-thread-1] INFO  storage.RaftStorage (RaftStorage.java:format(72)) - Storage directory /workdir/hadoop-ozone/integration-test/target/test-dir/MiniOzoneClusterImpl-5c0c24fc-84a9-445a-b697-36e4edb9aec1/datanode-3/data/ratis/a55cad98-5485-4a5b-ac5b-954cbb82c960 has been successfully formatted.
2019-09-30 16:01:56,358 [pool-57-thread-1] INFO  ratis.ContainerStateMachine (ContainerStateMachine.java:loadSnapshot(230)) - group-954CBB82C960: The snapshot info is null. Setting the last applied indexto:(t:0, i:~)
2019-09-30 16:01:56,360 [pool-57-thread-1] INFO  server.RaftServerConfigKeys (ConfUtils.java:logGet(43)) - raft.server.notification.no-leader.timeout = 120s (custom)
2019-09-30 16:01:56,360 [pool-57-thread-1] INFO  server.RaftServerConfigKeys (ConfUtils.java:logGet(43)) - raft.server.log.use.memory = false (default)
2019-09-30 16:01:56,361 [pool-57-thread-1] INFO  server.RaftServerConfigKeys (ConfUtils.java:logGet(43)) - raft.server.log.purge.gap = 1000000 (custom)
2019-09-30 16:01:56,361 [pool-57-thread-1] INFO  server.RaftServerConfigKeys (ConfUtils.java:logGet(43)) - raft.server.log.appender.buffer.byte-limit = 33554432 (custom)
2019-09-30 16:01:56,361 [pool-57-thread-1] INFO  server.RaftServerConfigKeys (ConfUtils.java:logGet(43)) - raft.server.log.segment.size.max = 1048576 (custom)
2019-09-30 16:01:56,361 [pool-57-thread-1] INFO  server.RaftServerConfigKeys (ConfUtils.java:logGet(43)) - raft.server.log.segment.cache.num.max = 2 (custom)
2019-09-30 16:01:56,361 [pool-57-thread-1] INFO  segmented.SegmentedRaftLogWorker (SegmentedRaftLogWorker.java:<init>(172)) - new a5dffc8e-0c2f-4c60-ad24-9a891b6ac97a@group-954CBB82C960-SegmentedRaftLogWorker for RaftStorage:Storage Directory /workdir/hadoop-ozone/integration-test/target/test-dir/MiniOzoneClusterImpl-5c0c24fc-84a9-445a-b697-36e4edb9aec1/datanode-3/data/ratis/a55cad98-5485-4a5b-ac5b-954cbb82c960
2019-09-30 16:01:56,370 [pool-57-thread-1] INFO  server.RaftServerConfigKeys (ConfUtils.java:logGet(43)) - raft.server.log.queue.byte-limit = 2147483647 (custom)
2019-09-30 16:01:56,370 [pool-57-thread-1] INFO  server.RaftServerConfigKeys (ConfUtils.java:logGet(43)) - raft.server.log.queue.element-limit = 1024 (custom)
2019-09-30 16:01:56,370 [pool-57-thread-1] INFO  server.RaftServerConfigKeys (ConfUtils.java:logGet(43)) - raft.server.log.segment.size.max = 1048576 (custom)
2019-09-30 16:01:56,371 [pool-57-thread-1] INFO  server.RaftServerConfigKeys (ConfUtils.java:logGet(43)) - raft.server.log.preallocated.size = 16384 (custom)
2019-09-30 16:01:56,371 [pool-57-thread-1] INFO  server.RaftServerConfigKeys (ConfUtils.java:logGet(43)) - raft.server.log.write.buffer.size = 33554432 (custom)
2019-09-30 16:01:56,371 [pool-57-thread-1] INFO  server.RaftServerConfigKeys (ConfUtils.java:logGet(43)) - raft.server.log.force.sync.num = 128 (default)
2019-09-30 16:01:56,371 [pool-57-thread-1] INFO  server.RaftServerConfigKeys (ConfUtils.java:logGet(43)) - raft.server.log.statemachine.data.sync = true (default)
2019-09-30 16:01:56,371 [pool-57-thread-1] INFO  server.RaftServerConfigKeys (ConfUtils.java:logGet(43)) - raft.server.log.statemachine.data.sync.timeout = 10s (default)
2019-09-30 16:01:56,372 [pool-57-thread-1] INFO  server.RaftServerConfigKeys (ConfUtils.java:logGet(43)) - raft.server.log.statemachine.data.sync.timeout.retry = -1 (default)
2019-09-30 16:01:56,372 [pool-57-thread-1] INFO  server.RaftServerConfigKeys (ConfUtils.java:logGet(43)) - raft.server.log.statemachine.data.caching.enabled = true (custom)
2019-09-30 16:01:56,372 [pool-57-thread-1] INFO  segmented.SegmentedRaftLogWorker (SegmentedRaftLogWorker.java:lambda$new$0(132)) - a5dffc8e-0c2f-4c60-ad24-9a891b6ac97a@group-954CBB82C960-SegmentedRaftLogWorker: flushIndex: setUnconditionally 0 -> -1
2019-09-30 16:01:56,373 [pool-57-thread-1] INFO  server.RaftServerConfigKeys (ConfUtils.java:logGet(43)) - raft.server.snapshot.auto.trigger.enabled = true (custom)
2019-09-30 16:01:56,373 [pool-57-thread-1] INFO  server.RaftServerConfigKeys (ConfUtils.java:logGet(43)) - raft.server.snapshot.auto.trigger.threshold = 10000 (custom)
2019-09-30 16:01:56,373 [pool-57-thread-1] INFO  server.RaftServerConfigKeys (ConfUtils.java:logGet(43)) - raft.server.snapshot.retention.num.files = 5 (custom)
2019-09-30 16:01:56,374 [pool-57-thread-1] INFO  server.RaftServerConfigKeys (ConfUtils.java:logGet(43)) - raft.server.retrycache.expirytime = 600000ms (custom)
2019-09-30 16:01:56,379 [pool-57-thread-1] INFO  impl.RaftServerImpl (RaftServerImpl.java:start(185)) - a5dffc8e-0c2f-4c60-ad24-9a891b6ac97a@group-954CBB82C960: start as a follower, conf=-1: [a5dffc8e-0c2f-4c60-ad24-9a891b6ac97a:192.168.5.180:44498], old=null
2019-09-30 16:01:56,380 [pool-57-thread-1] INFO  impl.RaftServerImpl (RaftServerImpl.java:setRole(174)) - a5dffc8e-0c2f-4c60-ad24-9a891b6ac97a@group-954CBB82C960: changes role from      null to FOLLOWER at term 0 for startAsFollower
2019-09-30 16:01:56,380 [pool-57-thread-1] INFO  impl.RoleInfo (RoleInfo.java:updateAndGet(143)) - a5dffc8e-0c2f-4c60-ad24-9a891b6ac97a: start FollowerState
2019-09-30 16:01:56,382 [pool-57-thread-1] INFO  util.JmxRegister (JmxRegister.java:tryRegister(44)) - Successfully registered JMX Bean with object name Ratis:service=RaftServer,group=group-954CBB82C960,id=a5dffc8e-0c2f-4c60-ad24-9a891b6ac97a
2019-09-30 16:01:56,401 [RatisPipelineUtilsThread] INFO  pipeline.PipelineStateManager (PipelineStateManager.java:addPipeline(56)) - Created pipeline Pipeline[ Id: a55cad98-5485-4a5b-ac5b-954cbb82c960, Nodes: a5dffc8e-0c2f-4c60-ad24-9a891b6ac97a{ip: 192.168.5.180, host: pr-hdds-2199-dnstouuidmap-jw7l6-3685198730, networkLocation: /default-rack, certSerialId: null}, Type:RATIS, Factor:ONE, State:OPEN]
2019-09-30 16:01:56,432 [grpc-default-executor-0] INFO  impl.RaftServerProxy (RaftServerProxy.java:addNew(89)) - 1fae45cc-3995-4f14-aa1a-c92c55d47df5: addNew group-9530611D6CB5:[1fae45cc-3995-4f14-aa1a-c92c55d47df5:192.168.5.180:39562] returns group-9530611D6CB5:java.util.concurrent.CompletableFuture@4b4513c2[Not completed]
2019-09-30 16:01:56,462 [pool-37-thread-1] INFO  impl.RaftServerImpl (RaftServerImpl.java:<init>(95)) - 1fae45cc-3995-4f14-aa1a-c92c55d47df5: new RaftServerImpl for group-9530611D6CB5:[1fae45cc-3995-4f14-aa1a-c92c55d47df5:192.168.5.180:39562] with ContainerStateMachine:uninitialized
2019-09-30 16:01:56,462 [pool-37-thread-1] INFO  server.RaftServerConfigKeys (ConfUtils.java:logGet(43)) - raft.server.rpc.timeout.min = 5s (custom)
2019-09-30 16:01:56,462 [pool-37-thread-1] INFO  server.RaftServerConfigKeys (ConfUtils.java:logGet(43)) - raft.server.rpc.timeout.max = 5200ms (custom)
2019-09-30 16:01:56,462 [pool-37-thread-1] INFO  server.RaftServerConfigKeys (ConfUtils.java:logGet(43)) - raft.server.rpcslowness.timeout = 120s (custom)
2019-09-30 16:01:56,463 [pool-37-thread-1] INFO  server.RaftServerConfigKeys (ConfUtils.java:logGet(43)) - raft.server.sleep.deviation.threshold = 300 (default)
2019-09-30 16:01:56,463 [pool-37-thread-1] INFO  server.RaftServerConfigKeys (ConfUtils.java:logGet(43)) - raft.server.log.appender.install.snapshot.enabled = false (custom)
2019-09-30 16:01:56,463 [pool-37-thread-1] INFO  impl.RaftServerImpl (ServerState.java:<init>(103)) - 1fae45cc-3995-4f14-aa1a-c92c55d47df5@group-9530611D6CB5: ConfigurationManager, init=-1: [1fae45cc-3995-4f14-aa1a-c92c55d47df5:192.168.5.180:39562], old=null, confs=<EMPTY_MAP>
2019-09-30 16:01:56,463 [pool-37-thread-1] INFO  server.RaftServerConfigKeys (ConfUtils.java:logGet(43)) - raft.server.storage.dir = [/workdir/hadoop-ozone/integration-test/target/test-dir/MiniOzoneClusterImpl-5c0c24fc-84a9-445a-b697-36e4edb9aec1/datanode-1/data/ratis] (custom)
2019-09-30 16:01:56,464 [pool-37-thread-1] INFO  storage.RaftStorageDirectory (RaftStorageDirectory.java:analyzeStorage(246)) - The storage directory /workdir/hadoop-ozone/integration-test/target/test-dir/MiniOzoneClusterImpl-5c0c24fc-84a9-445a-b697-36e4edb9aec1/datanode-1/data/ratis/4bef2877-1723-4375-9be9-9530611d6cb5 does not exist. Creating ...
2019-09-30 16:01:56,477 [pool-37-thread-1] INFO  storage.RaftStorageDirectory (RaftStorageDirectory.java:tryLock(328)) - Lock on /workdir/hadoop-ozone/integration-test/target/test-dir/MiniOzoneClusterImpl-5c0c24fc-84a9-445a-b697-36e4edb9aec1/datanode-1/data/ratis/4bef2877-1723-4375-9be9-9530611d6cb5/in_use.lock acquired by nodename 16008@pr-hdds-2199-dnstouuidmap-jw7l6-3685198730
2019-09-30 16:01:56,490 [pool-37-thread-1] INFO  storage.RaftStorage (RaftStorage.java:format(72)) - Storage directory /workdir/hadoop-ozone/integration-test/target/test-dir/MiniOzoneClusterImpl-5c0c24fc-84a9-445a-b697-36e4edb9aec1/datanode-1/data/ratis/4bef2877-1723-4375-9be9-9530611d6cb5 has been successfully formatted.
2019-09-30 16:01:56,490 [pool-37-thread-1] INFO  ratis.ContainerStateMachine (ContainerStateMachine.java:loadSnapshot(230)) - group-9530611D6CB5: The snapshot info is null. Setting the last applied indexto:(t:0, i:~)
2019-09-30 16:01:56,491 [pool-37-thread-1] INFO  server.RaftServerConfigKeys (ConfUtils.java:logGet(43)) - raft.server.notification.no-leader.timeout = 120s (custom)
2019-09-30 16:01:56,491 [pool-37-thread-1] INFO  server.RaftServerConfigKeys (ConfUtils.java:logGet(43)) - raft.server.log.use.memory = false (default)
2019-09-30 16:01:56,491 [pool-37-thread-1] INFO  server.RaftServerConfigKeys (ConfUtils.java:logGet(43)) - raft.server.log.purge.gap = 1000000 (custom)
2019-09-30 16:01:56,491 [pool-37-thread-1] INFO  server.RaftServerConfigKeys (ConfUtils.java:logGet(43)) - raft.server.log.appender.buffer.byte-limit = 33554432 (custom)
2019-09-30 16:01:56,492 [pool-37-thread-1] INFO  server.RaftServerConfigKeys (ConfUtils.java:logGet(43)) - raft.server.log.segment.size.max = 1048576 (custom)
2019-09-30 16:01:56,492 [pool-37-thread-1] INFO  server.RaftServerConfigKeys (ConfUtils.java:logGet(43)) - raft.server.log.segment.cache.num.max = 2 (custom)
2019-09-30 16:01:56,492 [pool-37-thread-1] INFO  segmented.SegmentedRaftLogWorker (SegmentedRaftLogWorker.java:<init>(172)) - new 1fae45cc-3995-4f14-aa1a-c92c55d47df5@group-9530611D6CB5-SegmentedRaftLogWorker for RaftStorage:Storage Directory /workdir/hadoop-ozone/integration-test/target/test-dir/MiniOzoneClusterImpl-5c0c24fc-84a9-445a-b697-36e4edb9aec1/datanode-1/data/ratis/4bef2877-1723-4375-9be9-9530611d6cb5
2019-09-30 16:01:56,540 [pool-37-thread-1] INFO  server.RaftServerConfigKeys (ConfUtils.java:logGet(43)) - raft.server.log.queue.byte-limit = 2147483647 (custom)
2019-09-30 16:01:56,540 [pool-37-thread-1] INFO  server.RaftServerConfigKeys (ConfUtils.java:logGet(43)) - raft.server.log.queue.element-limit = 1024 (custom)
2019-09-30 16:01:56,540 [pool-37-thread-1] INFO  server.RaftServerConfigKeys (ConfUtils.java:logGet(43)) - raft.server.log.segment.size.max = 1048576 (custom)
2019-09-30 16:01:56,541 [pool-37-thread-1] INFO  server.RaftServerConfigKeys (ConfUtils.java:logGet(43)) - raft.server.log.preallocated.size = 16384 (custom)
2019-09-30 16:01:56,541 [pool-37-thread-1] INFO  server.RaftServerConfigKeys (ConfUtils.java:logGet(43)) - raft.server.log.write.buffer.size = 33554432 (custom)
2019-09-30 16:01:56,541 [pool-37-thread-1] INFO  server.RaftServerConfigKeys (ConfUtils.java:logGet(43)) - raft.server.log.force.sync.num = 128 (default)
2019-09-30 16:01:56,541 [pool-37-thread-1] INFO  server.RaftServerConfigKeys (ConfUtils.java:logGet(43)) - raft.server.log.statemachine.data.sync = true (default)
2019-09-30 16:01:56,541 [pool-37-thread-1] INFO  server.RaftServerConfigKeys (ConfUtils.java:logGet(43)) - raft.server.log.statemachine.data.sync.timeout = 10s (default)
2019-09-30 16:01:56,541 [pool-37-thread-1] INFO  server.RaftServerConfigKeys (ConfUtils.java:logGet(43)) - raft.server.log.statemachine.data.sync.timeout.retry = -1 (default)
2019-09-30 16:01:56,542 [pool-37-thread-1] INFO  server.RaftServerConfigKeys (ConfUtils.java:logGet(43)) - raft.server.log.statemachine.data.caching.enabled = true (custom)
2019-09-30 16:01:56,542 [pool-37-thread-1] INFO  segmented.SegmentedRaftLogWorker (SegmentedRaftLogWorker.java:lambda$new$0(132)) - 1fae45cc-3995-4f14-aa1a-c92c55d47df5@group-9530611D6CB5-SegmentedRaftLogWorker: flushIndex: setUnconditionally 0 -> -1
2019-09-30 16:01:56,542 [pool-37-thread-1] INFO  server.RaftServerConfigKeys (ConfUtils.java:logGet(43)) - raft.server.snapshot.auto.trigger.enabled = true (custom)
2019-09-30 16:01:56,543 [pool-37-thread-1] INFO  server.RaftServerConfigKeys (ConfUtils.java:logGet(43)) - raft.server.snapshot.auto.trigger.threshold = 10000 (custom)
2019-09-30 16:01:56,543 [pool-37-thread-1] INFO  server.RaftServerConfigKeys (ConfUtils.java:logGet(43)) - raft.server.snapshot.retention.num.files = 5 (custom)
2019-09-30 16:01:56,543 [pool-37-thread-1] INFO  server.RaftServerConfigKeys (ConfUtils.java:logGet(43)) - raft.server.retrycache.expirytime = 600000ms (custom)
2019-09-30 16:01:56,548 [pool-37-thread-1] INFO  impl.RaftServerImpl (RaftServerImpl.java:start(185)) - 1fae45cc-3995-4f14-aa1a-c92c55d47df5@group-9530611D6CB5: start as a follower, conf=-1: [1fae45cc-3995-4f14-aa1a-c92c55d47df5:192.168.5.180:39562], old=null
2019-09-30 16:01:56,548 [pool-37-thread-1] INFO  impl.RaftServerImpl (RaftServerImpl.java:setRole(174)) - 1fae45cc-3995-4f14-aa1a-c92c55d47df5@group-9530611D6CB5: changes role from      null to FOLLOWER at term 0 for startAsFollower
2019-09-30 16:01:56,548 [pool-37-thread-1] INFO  impl.RoleInfo (RoleInfo.java:updateAndGet(143)) - 1fae45cc-3995-4f14-aa1a-c92c55d47df5: start FollowerState
2019-09-30 16:01:56,549 [pool-37-thread-1] INFO  util.JmxRegister (JmxRegister.java:tryRegister(44)) - Successfully registered JMX Bean with object name Ratis:service=RaftServer,group=group-9530611D6CB5,id=1fae45cc-3995-4f14-aa1a-c92c55d47df5
2019-09-30 16:01:56,563 [RatisPipelineUtilsThread] INFO  pipeline.PipelineStateManager (PipelineStateManager.java:addPipeline(56)) - Created pipeline Pipeline[ Id: 4bef2877-1723-4375-9be9-9530611d6cb5, Nodes: 1fae45cc-3995-4f14-aa1a-c92c55d47df5{ip: 192.168.5.180, host: pr-hdds-2199-dnstouuidmap-jw7l6-3685198730, networkLocation: /default-rack, certSerialId: null}, Type:RATIS, Factor:ONE, State:OPEN]
2019-09-30 16:01:56,591 [grpc-default-executor-0] INFO  impl.RaftServerProxy (RaftServerProxy.java:addNew(89)) - aa7bbf0a-f784-4ea4-a59a-a4589e8b6dce: addNew group-FBAF44084DB2:[aa7bbf0a-f784-4ea4-a59a-a4589e8b6dce:192.168.5.180:45431] returns group-FBAF44084DB2:java.util.concurrent.CompletableFuture@3a92183d[Not completed]
2019-09-30 16:01:56,596 [pool-47-thread-1] INFO  impl.RaftServerImpl (RaftServerImpl.java:<init>(95)) - aa7bbf0a-f784-4ea4-a59a-a4589e8b6dce: new RaftServerImpl for group-FBAF44084DB2:[aa7bbf0a-f784-4ea4-a59a-a4589e8b6dce:192.168.5.180:45431] with ContainerStateMachine:uninitialized
2019-09-30 16:01:56,596 [pool-47-thread-1] INFO  server.RaftServerConfigKeys (ConfUtils.java:logGet(43)) - raft.server.rpc.timeout.min = 5s (custom)
2019-09-30 16:01:56,596 [pool-47-thread-1] INFO  server.RaftServerConfigKeys (ConfUtils.java:logGet(43)) - raft.server.rpc.timeout.max = 5200ms (custom)
2019-09-30 16:01:56,597 [pool-47-thread-1] INFO  server.RaftServerConfigKeys (ConfUtils.java:logGet(43)) - raft.server.rpcslowness.timeout = 120s (custom)
2019-09-30 16:01:56,597 [pool-47-thread-1] INFO  server.RaftServerConfigKeys (ConfUtils.java:logGet(43)) - raft.server.sleep.deviation.threshold = 300 (default)
2019-09-30 16:01:56,597 [pool-47-thread-1] INFO  server.RaftServerConfigKeys (ConfUtils.java:logGet(43)) - raft.server.log.appender.install.snapshot.enabled = false (custom)
2019-09-30 16:01:56,597 [pool-47-thread-1] INFO  impl.RaftServerImpl (ServerState.java:<init>(103)) - aa7bbf0a-f784-4ea4-a59a-a4589e8b6dce@group-FBAF44084DB2: ConfigurationManager, init=-1: [aa7bbf0a-f784-4ea4-a59a-a4589e8b6dce:192.168.5.180:45431], old=null, confs=<EMPTY_MAP>
2019-09-30 16:01:56,597 [pool-47-thread-1] INFO  server.RaftServerConfigKeys (ConfUtils.java:logGet(43)) - raft.server.storage.dir = [/workdir/hadoop-ozone/integration-test/target/test-dir/MiniOzoneClusterImpl-5c0c24fc-84a9-445a-b697-36e4edb9aec1/datanode-2/data/ratis] (custom)
2019-09-30 16:01:56,598 [pool-47-thread-1] INFO  storage.RaftStorageDirectory (RaftStorageDirectory.java:analyzeStorage(246)) - The storage directory /workdir/hadoop-ozone/integration-test/target/test-dir/MiniOzoneClusterImpl-5c0c24fc-84a9-445a-b697-36e4edb9aec1/datanode-2/data/ratis/f0303bfa-5ac7-4ca7-a262-fbaf44084db2 does not exist. Creating ...
2019-09-30 16:01:56,604 [pool-47-thread-1] INFO  storage.RaftStorageDirectory (RaftStorageDirectory.java:tryLock(328)) - Lock on /workdir/hadoop-ozone/integration-test/target/test-dir/MiniOzoneClusterImpl-5c0c24fc-84a9-445a-b697-36e4edb9aec1/datanode-2/data/ratis/f0303bfa-5ac7-4ca7-a262-fbaf44084db2/in_use.lock acquired by nodename 16008@pr-hdds-2199-dnstouuidmap-jw7l6-3685198730
2019-09-30 16:01:56,625 [pool-47-thread-1] INFO  storage.RaftStorage (RaftStorage.java:format(72)) - Storage directory /workdir/hadoop-ozone/integration-test/target/test-dir/MiniOzoneClusterImpl-5c0c24fc-84a9-445a-b697-36e4edb9aec1/datanode-2/data/ratis/f0303bfa-5ac7-4ca7-a262-fbaf44084db2 has been successfully formatted.
2019-09-30 16:01:56,626 [pool-47-thread-1] INFO  ratis.ContainerStateMachine (ContainerStateMachine.java:loadSnapshot(230)) - group-FBAF44084DB2: The snapshot info is null. Setting the last applied indexto:(t:0, i:~)
2019-09-30 16:01:56,626 [pool-47-thread-1] INFO  server.RaftServerConfigKeys (ConfUtils.java:logGet(43)) - raft.server.notification.no-leader.timeout = 120s (custom)
2019-09-30 16:01:56,626 [pool-47-thread-1] INFO  server.RaftServerConfigKeys (ConfUtils.java:logGet(43)) - raft.server.log.use.memory = false (default)
2019-09-30 16:01:56,626 [pool-47-thread-1] INFO  server.RaftServerConfigKeys (ConfUtils.java:logGet(43)) - raft.server.log.purge.gap = 1000000 (custom)
2019-09-30 16:01:56,627 [pool-47-thread-1] INFO  server.RaftServerConfigKeys (ConfUtils.java:logGet(43)) - raft.server.log.appender.buffer.byte-limit = 33554432 (custom)
2019-09-30 16:01:56,627 [pool-47-thread-1] INFO  server.RaftServerConfigKeys (ConfUtils.java:logGet(43)) - raft.server.log.segment.size.max = 1048576 (custom)
2019-09-30 16:01:56,627 [pool-47-thread-1] INFO  server.RaftServerConfigKeys (ConfUtils.java:logGet(43)) - raft.server.log.segment.cache.num.max = 2 (custom)
2019-09-30 16:01:56,627 [pool-47-thread-1] INFO  segmented.SegmentedRaftLogWorker (SegmentedRaftLogWorker.java:<init>(172)) - new aa7bbf0a-f784-4ea4-a59a-a4589e8b6dce@group-FBAF44084DB2-SegmentedRaftLogWorker for RaftStorage:Storage Directory /workdir/hadoop-ozone/integration-test/target/test-dir/MiniOzoneClusterImpl-5c0c24fc-84a9-445a-b697-36e4edb9aec1/datanode-2/data/ratis/f0303bfa-5ac7-4ca7-a262-fbaf44084db2
2019-09-30 16:01:56,634 [pool-47-thread-1] INFO  server.RaftServerConfigKeys (ConfUtils.java:logGet(43)) - raft.server.log.queue.byte-limit = 2147483647 (custom)
2019-09-30 16:01:56,635 [pool-47-thread-1] INFO  server.RaftServerConfigKeys (ConfUtils.java:logGet(43)) - raft.server.log.queue.element-limit = 1024 (custom)
2019-09-30 16:01:56,635 [pool-47-thread-1] INFO  server.RaftServerConfigKeys (ConfUtils.java:logGet(43)) - raft.server.log.segment.size.max = 1048576 (custom)
2019-09-30 16:01:56,635 [pool-47-thread-1] INFO  server.RaftServerConfigKeys (ConfUtils.java:logGet(43)) - raft.server.log.preallocated.size = 16384 (custom)
2019-09-30 16:01:56,635 [pool-47-thread-1] INFO  server.RaftServerConfigKeys (ConfUtils.java:logGet(43)) - raft.server.log.write.buffer.size = 33554432 (custom)
2019-09-30 16:01:56,636 [pool-47-thread-1] INFO  server.RaftServerConfigKeys (ConfUtils.java:logGet(43)) - raft.server.log.force.sync.num = 128 (default)
2019-09-30 16:01:56,636 [pool-47-thread-1] INFO  server.RaftServerConfigKeys (ConfUtils.java:logGet(43)) - raft.server.log.statemachine.data.sync = true (default)
2019-09-30 16:01:56,636 [pool-47-thread-1] INFO  server.RaftServerConfigKeys (ConfUtils.java:logGet(43)) - raft.server.log.statemachine.data.sync.timeout = 10s (default)
2019-09-30 16:01:56,636 [pool-47-thread-1] INFO  server.RaftServerConfigKeys (ConfUtils.java:logGet(43)) - raft.server.log.statemachine.data.sync.timeout.retry = -1 (default)
2019-09-30 16:01:56,637 [pool-47-thread-1] INFO  server.RaftServerConfigKeys (ConfUtils.java:logGet(43)) - raft.server.log.statemachine.data.caching.enabled = true (custom)
2019-09-30 16:01:56,637 [pool-47-thread-1] INFO  segmented.SegmentedRaftLogWorker (SegmentedRaftLogWorker.java:lambda$new$0(132)) - aa7bbf0a-f784-4ea4-a59a-a4589e8b6dce@group-FBAF44084DB2-SegmentedRaftLogWorker: flushIndex: setUnconditionally 0 -> -1
2019-09-30 16:01:56,637 [pool-47-thread-1] INFO  server.RaftServerConfigKeys (ConfUtils.java:logGet(43)) - raft.server.snapshot.auto.trigger.enabled = true (custom)
2019-09-30 16:01:56,638 [pool-47-thread-1] INFO  server.RaftServerConfigKeys (ConfUtils.java:logGet(43)) - raft.server.snapshot.auto.trigger.threshold = 10000 (custom)
2019-09-30 16:01:56,638 [pool-47-thread-1] INFO  server.RaftServerConfigKeys (ConfUtils.java:logGet(43)) - raft.server.snapshot.retention.num.files = 5 (custom)
2019-09-30 16:01:56,638 [pool-47-thread-1] INFO  server.RaftServerConfigKeys (ConfUtils.java:logGet(43)) - raft.server.retrycache.expirytime = 600000ms (custom)
2019-09-30 16:01:56,645 [pool-47-thread-1] INFO  impl.RaftServerImpl (RaftServerImpl.java:start(185)) - aa7bbf0a-f784-4ea4-a59a-a4589e8b6dce@group-FBAF44084DB2: start as a follower, conf=-1: [aa7bbf0a-f784-4ea4-a59a-a4589e8b6dce:192.168.5.180:45431], old=null
2019-09-30 16:01:56,645 [pool-47-thread-1] INFO  impl.RaftServerImpl (RaftServerImpl.java:setRole(174)) - aa7bbf0a-f784-4ea4-a59a-a4589e8b6dce@group-FBAF44084DB2: changes role from      null to FOLLOWER at term 0 for startAsFollower
2019-09-30 16:01:56,645 [pool-47-thread-1] INFO  impl.RoleInfo (RoleInfo.java:updateAndGet(143)) - aa7bbf0a-f784-4ea4-a59a-a4589e8b6dce: start FollowerState
2019-09-30 16:01:56,646 [pool-47-thread-1] INFO  util.JmxRegister (JmxRegister.java:tryRegister(44)) - Successfully registered JMX Bean with object name Ratis:service=RaftServer,group=group-FBAF44084DB2,id=aa7bbf0a-f784-4ea4-a59a-a4589e8b6dce
2019-09-30 16:01:56,671 [RatisPipelineUtilsThread] INFO  pipeline.PipelineStateManager (PipelineStateManager.java:addPipeline(56)) - Created pipeline Pipeline[ Id: f0303bfa-5ac7-4ca7-a262-fbaf44084db2, Nodes: aa7bbf0a-f784-4ea4-a59a-a4589e8b6dce{ip: 192.168.5.180, host: pr-hdds-2199-dnstouuidmap-jw7l6-3685198730, networkLocation: /default-rack, certSerialId: null}, Type:RATIS, Factor:ONE, State:OPEN]
2019-09-30 16:01:56,697 [grpc-default-executor-0] INFO  impl.RaftServerProxy (RaftServerProxy.java:addNew(89)) - 015a4de2-999c-4da4-9160-a94db250d366: addNew group-55C24B651C10:[015a4de2-999c-4da4-9160-a94db250d366:192.168.5.180:36881] returns group-55C24B651C10:java.util.concurrent.CompletableFuture@70993b3[Not completed]
2019-09-30 16:01:56,702 [pool-77-thread-1] INFO  impl.RaftServerImpl (RaftServerImpl.java:<init>(95)) - 015a4de2-999c-4da4-9160-a94db250d366: new RaftServerImpl for group-55C24B651C10:[015a4de2-999c-4da4-9160-a94db250d366:192.168.5.180:36881] with ContainerStateMachine:uninitialized
2019-09-30 16:01:56,703 [pool-77-thread-1] INFO  server.RaftServerConfigKeys (ConfUtils.java:logGet(43)) - raft.server.rpc.timeout.min = 5s (custom)
2019-09-30 16:01:56,703 [pool-77-thread-1] INFO  server.RaftServerConfigKeys (ConfUtils.java:logGet(43)) - raft.server.rpc.timeout.max = 5200ms (custom)
2019-09-30 16:01:56,703 [pool-77-thread-1] INFO  server.RaftServerConfigKeys (ConfUtils.java:logGet(43)) - raft.server.rpcslowness.timeout = 120s (custom)
2019-09-30 16:01:56,703 [pool-77-thread-1] INFO  server.RaftServerConfigKeys (ConfUtils.java:logGet(43)) - raft.server.sleep.deviation.threshold = 300 (default)
2019-09-30 16:01:56,704 [pool-77-thread-1] INFO  server.RaftServerConfigKeys (ConfUtils.java:logGet(43)) - raft.server.log.appender.install.snapshot.enabled = false (custom)
2019-09-30 16:01:56,704 [pool-77-thread-1] INFO  impl.RaftServerImpl (ServerState.java:<init>(103)) - 015a4de2-999c-4da4-9160-a94db250d366@group-55C24B651C10: ConfigurationManager, init=-1: [015a4de2-999c-4da4-9160-a94db250d366:192.168.5.180:36881], old=null, confs=<EMPTY_MAP>
2019-09-30 16:01:56,704 [pool-77-thread-1] INFO  server.RaftServerConfigKeys (ConfUtils.java:logGet(43)) - raft.server.storage.dir = [/workdir/hadoop-ozone/integration-test/target/test-dir/MiniOzoneClusterImpl-5c0c24fc-84a9-445a-b697-36e4edb9aec1/datanode-5/data/ratis] (custom)
2019-09-30 16:01:56,705 [pool-77-thread-1] INFO  storage.RaftStorageDirectory (RaftStorageDirectory.java:analyzeStorage(246)) - The storage directory /workdir/hadoop-ozone/integration-test/target/test-dir/MiniOzoneClusterImpl-5c0c24fc-84a9-445a-b697-36e4edb9aec1/datanode-5/data/ratis/d7f2ba8b-71ee-4c61-ac32-55c24b651c10 does not exist. Creating ...
2019-09-30 16:01:56,718 [pool-77-thread-1] INFO  storage.RaftStorageDirectory (RaftStorageDirectory.java:tryLock(328)) - Lock on /workdir/hadoop-ozone/integration-test/target/test-dir/MiniOzoneClusterImpl-5c0c24fc-84a9-445a-b697-36e4edb9aec1/datanode-5/data/ratis/d7f2ba8b-71ee-4c61-ac32-55c24b651c10/in_use.lock acquired by nodename 16008@pr-hdds-2199-dnstouuidmap-jw7l6-3685198730
2019-09-30 16:01:56,731 [pool-77-thread-1] INFO  storage.RaftStorage (RaftStorage.java:format(72)) - Storage directory /workdir/hadoop-ozone/integration-test/target/test-dir/MiniOzoneClusterImpl-5c0c24fc-84a9-445a-b697-36e4edb9aec1/datanode-5/data/ratis/d7f2ba8b-71ee-4c61-ac32-55c24b651c10 has been successfully formatted.
2019-09-30 16:01:56,732 [pool-77-thread-1] INFO  ratis.ContainerStateMachine (ContainerStateMachine.java:loadSnapshot(230)) - group-55C24B651C10: The snapshot info is null. Setting the last applied indexto:(t:0, i:~)
2019-09-30 16:01:56,732 [pool-77-thread-1] INFO  server.RaftServerConfigKeys (ConfUtils.java:logGet(43)) - raft.server.notification.no-leader.timeout = 120s (custom)
2019-09-30 16:01:56,732 [pool-77-thread-1] INFO  server.RaftServerConfigKeys (ConfUtils.java:logGet(43)) - raft.server.log.use.memory = false (default)
2019-09-30 16:01:56,733 [pool-77-thread-1] INFO  server.RaftServerConfigKeys (ConfUtils.java:logGet(43)) - raft.server.log.purge.gap = 1000000 (custom)
2019-09-30 16:01:56,733 [pool-77-thread-1] INFO  server.RaftServerConfigKeys (ConfUtils.java:logGet(43)) - raft.server.log.appender.buffer.byte-limit = 33554432 (custom)
2019-09-30 16:01:56,733 [pool-77-thread-1] INFO  server.RaftServerConfigKeys (ConfUtils.java:logGet(43)) - raft.server.log.segment.size.max = 1048576 (custom)
2019-09-30 16:01:56,733 [pool-77-thread-1] INFO  server.RaftServerConfigKeys (ConfUtils.java:logGet(43)) - raft.server.log.segment.cache.num.max = 2 (custom)
2019-09-30 16:01:56,733 [pool-77-thread-1] INFO  segmented.SegmentedRaftLogWorker (SegmentedRaftLogWorker.java:<init>(172)) - new 015a4de2-999c-4da4-9160-a94db250d366@group-55C24B651C10-SegmentedRaftLogWorker for RaftStorage:Storage Directory /workdir/hadoop-ozone/integration-test/target/test-dir/MiniOzoneClusterImpl-5c0c24fc-84a9-445a-b697-36e4edb9aec1/datanode-5/data/ratis/d7f2ba8b-71ee-4c61-ac32-55c24b651c10
2019-09-30 16:01:56,739 [pool-77-thread-1] INFO  server.RaftServerConfigKeys (ConfUtils.java:logGet(43)) - raft.server.log.queue.byte-limit = 2147483647 (custom)
2019-09-30 16:01:56,739 [pool-77-thread-1] INFO  server.RaftServerConfigKeys (ConfUtils.java:logGet(43)) - raft.server.log.queue.element-limit = 1024 (custom)
2019-09-30 16:01:56,740 [pool-77-thread-1] INFO  server.RaftServerConfigKeys (ConfUtils.java:logGet(43)) - raft.server.log.segment.size.max = 1048576 (custom)
2019-09-30 16:01:56,740 [pool-77-thread-1] INFO  server.RaftServerConfigKeys (ConfUtils.java:logGet(43)) - raft.server.log.preallocated.size = 16384 (custom)
2019-09-30 16:01:56,740 [pool-77-thread-1] INFO  server.RaftServerConfigKeys (ConfUtils.java:logGet(43)) - raft.server.log.write.buffer.size = 33554432 (custom)
2019-09-30 16:01:56,740 [pool-77-thread-1] INFO  server.RaftServerConfigKeys (ConfUtils.java:logGet(43)) - raft.server.log.force.sync.num = 128 (default)
2019-09-30 16:01:56,741 [pool-77-thread-1] INFO  server.RaftServerConfigKeys (ConfUtils.java:logGet(43)) - raft.server.log.statemachine.data.sync = true (default)
2019-09-30 16:01:56,741 [pool-77-thread-1] INFO  server.RaftServerConfigKeys (ConfUtils.java:logGet(43)) - raft.server.log.statemachine.data.sync.timeout = 10s (default)
2019-09-30 16:01:56,741 [pool-77-thread-1] INFO  server.RaftServerConfigKeys (ConfUtils.java:logGet(43)) - raft.server.log.statemachine.data.sync.timeout.retry = -1 (default)
2019-09-30 16:01:56,742 [pool-77-thread-1] INFO  server.RaftServerConfigKeys (ConfUtils.java:logGet(43)) - raft.server.log.statemachine.data.caching.enabled = true (custom)
2019-09-30 16:01:56,742 [pool-77-thread-1] INFO  segmented.SegmentedRaftLogWorker (SegmentedRaftLogWorker.java:lambda$new$0(132)) - 015a4de2-999c-4da4-9160-a94db250d366@group-55C24B651C10-SegmentedRaftLogWorker: flushIndex: setUnconditionally 0 -> -1
2019-09-30 16:01:56,742 [pool-77-thread-1] INFO  server.RaftServerConfigKeys (ConfUtils.java:logGet(43)) - raft.server.snapshot.auto.trigger.enabled = true (custom)
2019-09-30 16:01:56,743 [pool-77-thread-1] INFO  server.RaftServerConfigKeys (ConfUtils.java:logGet(43)) - raft.server.snapshot.auto.trigger.threshold = 10000 (custom)
2019-09-30 16:01:56,743 [pool-77-thread-1] INFO  server.RaftServerConfigKeys (ConfUtils.java:logGet(43)) - raft.server.snapshot.retention.num.files = 5 (custom)
2019-09-30 16:01:56,743 [pool-77-thread-1] INFO  server.RaftServerConfigKeys (ConfUtils.java:logGet(43)) - raft.server.retrycache.expirytime = 600000ms (custom)
2019-09-30 16:01:56,748 [pool-77-thread-1] INFO  impl.RaftServerImpl (RaftServerImpl.java:start(185)) - 015a4de2-999c-4da4-9160-a94db250d366@group-55C24B651C10: start as a follower, conf=-1: [015a4de2-999c-4da4-9160-a94db250d366:192.168.5.180:36881], old=null
2019-09-30 16:01:56,749 [pool-77-thread-1] INFO  impl.RaftServerImpl (RaftServerImpl.java:setRole(174)) - 015a4de2-999c-4da4-9160-a94db250d366@group-55C24B651C10: changes role from      null to FOLLOWER at term 0 for startAsFollower
2019-09-30 16:01:56,749 [pool-77-thread-1] INFO  impl.RoleInfo (RoleInfo.java:updateAndGet(143)) - 015a4de2-999c-4da4-9160-a94db250d366: start FollowerState
2019-09-30 16:01:56,749 [pool-77-thread-1] INFO  util.JmxRegister (JmxRegister.java:tryRegister(44)) - Successfully registered JMX Bean with object name Ratis:service=RaftServer,group=group-55C24B651C10,id=015a4de2-999c-4da4-9160-a94db250d366
2019-09-30 16:01:56,765 [RatisPipelineUtilsThread] INFO  pipeline.PipelineStateManager (PipelineStateManager.java:addPipeline(56)) - Created pipeline Pipeline[ Id: d7f2ba8b-71ee-4c61-ac32-55c24b651c10, Nodes: 015a4de2-999c-4da4-9160-a94db250d366{ip: 192.168.5.180, host: pr-hdds-2199-dnstouuidmap-jw7l6-3685198730, networkLocation: /default-rack, certSerialId: null}, Type:RATIS, Factor:ONE, State:OPEN]
2019-09-30 16:01:56,788 [main] INFO  ozone.MiniOzoneClusterImpl (MiniOzoneClusterImpl.java:lambda$waitForClusterToBeReady$0(147)) - Cluster is ready. Got 7 of 7 DN Heartbeats.
2019-09-30 16:01:56,794 [grpc-default-executor-0] INFO  impl.RaftServerProxy (RaftServerProxy.java:addNew(89)) - 5fd7a14c-bdfc-45f6-a1b2-8603da8d5d76: addNew group-D00CF05B23A7:[5fd7a14c-bdfc-45f6-a1b2-8603da8d5d76:192.168.5.180:45958] returns group-D00CF05B23A7:java.util.concurrent.CompletableFuture@87b96ea[Not completed]
2019-09-30 16:01:56,801 [pool-87-thread-1] INFO  impl.RaftServerImpl (RaftServerImpl.java:<init>(95)) - 5fd7a14c-bdfc-45f6-a1b2-8603da8d5d76: new RaftServerImpl for group-D00CF05B23A7:[5fd7a14c-bdfc-45f6-a1b2-8603da8d5d76:192.168.5.180:45958] with ContainerStateMachine:uninitialized
2019-09-30 16:01:56,802 [pool-87-thread-1] INFO  server.RaftServerConfigKeys (ConfUtils.java:logGet(43)) - raft.server.rpc.timeout.min = 5s (custom)
2019-09-30 16:01:56,802 [pool-87-thread-1] INFO  server.RaftServerConfigKeys (ConfUtils.java:logGet(43)) - raft.server.rpc.timeout.max = 5200ms (custom)
2019-09-30 16:01:56,802 [pool-87-thread-1] INFO  server.RaftServerConfigKeys (ConfUtils.java:logGet(43)) - raft.server.rpcslowness.timeout = 120s (custom)
2019-09-30 16:01:56,802 [pool-87-thread-1] INFO  server.RaftServerConfigKeys (ConfUtils.java:logGet(43)) - raft.server.sleep.deviation.threshold = 300 (default)
2019-09-30 16:01:56,802 [pool-87-thread-1] INFO  server.RaftServerConfigKeys (ConfUtils.java:logGet(43)) - raft.server.log.appender.install.snapshot.enabled = false (custom)
2019-09-30 16:01:56,803 [pool-87-thread-1] INFO  impl.RaftServerImpl (ServerState.java:<init>(103)) - 5fd7a14c-bdfc-45f6-a1b2-8603da8d5d76@group-D00CF05B23A7: ConfigurationManager, init=-1: [5fd7a14c-bdfc-45f6-a1b2-8603da8d5d76:192.168.5.180:45958], old=null, confs=<EMPTY_MAP>
2019-09-30 16:01:56,803 [pool-87-thread-1] INFO  server.RaftServerConfigKeys (ConfUtils.java:logGet(43)) - raft.server.storage.dir = [/workdir/hadoop-ozone/integration-test/target/test-dir/MiniOzoneClusterImpl-5c0c24fc-84a9-445a-b697-36e4edb9aec1/datanode-6/data/ratis] (custom)
2019-09-30 16:01:56,804 [pool-87-thread-1] INFO  storage.RaftStorageDirectory (RaftStorageDirectory.java:analyzeStorage(246)) - The storage directory /workdir/hadoop-ozone/integration-test/target/test-dir/MiniOzoneClusterImpl-5c0c24fc-84a9-445a-b697-36e4edb9aec1/datanode-6/data/ratis/e6e3e4d6-2c6b-44b3-8ca7-d00cf05b23a7 does not exist. Creating ...
2019-09-30 16:01:56,816 [pool-87-thread-1] INFO  storage.RaftStorageDirectory (RaftStorageDirectory.java:tryLock(328)) - Lock on /workdir/hadoop-ozone/integration-test/target/test-dir/MiniOzoneClusterImpl-5c0c24fc-84a9-445a-b697-36e4edb9aec1/datanode-6/data/ratis/e6e3e4d6-2c6b-44b3-8ca7-d00cf05b23a7/in_use.lock acquired by nodename 16008@pr-hdds-2199-dnstouuidmap-jw7l6-3685198730
2019-09-30 16:01:56,830 [pool-87-thread-1] INFO  storage.RaftStorage (RaftStorage.java:format(72)) - Storage directory /workdir/hadoop-ozone/integration-test/target/test-dir/MiniOzoneClusterImpl-5c0c24fc-84a9-445a-b697-36e4edb9aec1/datanode-6/data/ratis/e6e3e4d6-2c6b-44b3-8ca7-d00cf05b23a7 has been successfully formatted.
2019-09-30 16:01:56,830 [pool-87-thread-1] INFO  ratis.ContainerStateMachine (ContainerStateMachine.java:loadSnapshot(230)) - group-D00CF05B23A7: The snapshot info is null. Setting the last applied indexto:(t:0, i:~)
2019-09-30 16:01:56,830 [pool-87-thread-1] INFO  server.RaftServerConfigKeys (ConfUtils.java:logGet(43)) - raft.server.notification.no-leader.timeout = 120s (custom)
2019-09-30 16:01:56,831 [pool-87-thread-1] INFO  server.RaftServerConfigKeys (ConfUtils.java:logGet(43)) - raft.server.log.use.memory = false (default)
2019-09-30 16:01:56,831 [pool-87-thread-1] INFO  server.RaftServerConfigKeys (ConfUtils.java:logGet(43)) - raft.server.log.purge.gap = 1000000 (custom)
2019-09-30 16:01:56,831 [pool-87-thread-1] INFO  server.RaftServerConfigKeys (ConfUtils.java:logGet(43)) - raft.server.log.appender.buffer.byte-limit = 33554432 (custom)
2019-09-30 16:01:56,831 [pool-87-thread-1] INFO  server.RaftServerConfigKeys (ConfUtils.java:logGet(43)) - raft.server.log.segment.size.max = 1048576 (custom)
2019-09-30 16:01:56,832 [pool-87-thread-1] INFO  server.RaftServerConfigKeys (ConfUtils.java:logGet(43)) - raft.server.log.segment.cache.num.max = 2 (custom)
2019-09-30 16:01:56,832 [pool-87-thread-1] INFO  segmented.SegmentedRaftLogWorker (SegmentedRaftLogWorker.java:<init>(172)) - new 5fd7a14c-bdfc-45f6-a1b2-8603da8d5d76@group-D00CF05B23A7-SegmentedRaftLogWorker for RaftStorage:Storage Directory /workdir/hadoop-ozone/integration-test/target/test-dir/MiniOzoneClusterImpl-5c0c24fc-84a9-445a-b697-36e4edb9aec1/datanode-6/data/ratis/e6e3e4d6-2c6b-44b3-8ca7-d00cf05b23a7
2019-09-30 16:01:56,836 [pool-87-thread-1] INFO  server.RaftServerConfigKeys (ConfUtils.java:logGet(43)) - raft.server.log.queue.byte-limit = 2147483647 (custom)
2019-09-30 16:01:56,837 [pool-87-thread-1] INFO  server.RaftServerConfigKeys (ConfUtils.java:logGet(43)) - raft.server.log.queue.element-limit = 1024 (custom)
2019-09-30 16:01:56,837 [pool-87-thread-1] INFO  server.RaftServerConfigKeys (ConfUtils.java:logGet(43)) - raft.server.log.segment.size.max = 1048576 (custom)
2019-09-30 16:01:56,837 [pool-87-thread-1] INFO  server.RaftServerConfigKeys (ConfUtils.java:logGet(43)) - raft.server.log.preallocated.size = 16384 (custom)
2019-09-30 16:01:56,837 [pool-87-thread-1] INFO  server.RaftServerConfigKeys (ConfUtils.java:logGet(43)) - raft.server.log.write.buffer.size = 33554432 (custom)
2019-09-30 16:01:56,837 [pool-87-thread-1] INFO  server.RaftServerConfigKeys (ConfUtils.java:logGet(43)) - raft.server.log.force.sync.num = 128 (default)
2019-09-30 16:01:56,838 [pool-87-thread-1] INFO  server.RaftServerConfigKeys (ConfUtils.java:logGet(43)) - raft.server.log.statemachine.data.sync = true (default)
2019-09-30 16:01:56,838 [pool-87-thread-1] INFO  server.RaftServerConfigKeys (ConfUtils.java:logGet(43)) - raft.server.log.statemachine.data.sync.timeout = 10s (default)
2019-09-30 16:01:56,838 [pool-87-thread-1] INFO  server.RaftServerConfigKeys (ConfUtils.java:logGet(43)) - raft.server.log.statemachine.data.sync.timeout.retry = -1 (default)
2019-09-30 16:01:56,838 [pool-87-thread-1] INFO  server.RaftServerConfigKeys (ConfUtils.java:logGet(43)) - raft.server.log.statemachine.data.caching.enabled = true (custom)
2019-09-30 16:01:56,839 [pool-87-thread-1] INFO  segmented.SegmentedRaftLogWorker (SegmentedRaftLogWorker.java:lambda$new$0(132)) - 5fd7a14c-bdfc-45f6-a1b2-8603da8d5d76@group-D00CF05B23A7-SegmentedRaftLogWorker: flushIndex: setUnconditionally 0 -> -1
2019-09-30 16:01:56,839 [pool-87-thread-1] INFO  server.RaftServerConfigKeys (ConfUtils.java:logGet(43)) - raft.server.snapshot.auto.trigger.enabled = true (custom)
2019-09-30 16:01:56,840 [pool-87-thread-1] INFO  server.RaftServerConfigKeys (ConfUtils.java:logGet(43)) - raft.server.snapshot.auto.trigger.threshold = 10000 (custom)
2019-09-30 16:01:56,840 [pool-87-thread-1] INFO  server.RaftServerConfigKeys (ConfUtils.java:logGet(43)) - raft.server.snapshot.retention.num.files = 5 (custom)
2019-09-30 16:01:56,840 [pool-87-thread-1] INFO  server.RaftServerConfigKeys (ConfUtils.java:logGet(43)) - raft.server.retrycache.expirytime = 600000ms (custom)
2019-09-30 16:01:56,844 [pool-87-thread-1] INFO  impl.RaftServerImpl (RaftServerImpl.java:start(185)) - 5fd7a14c-bdfc-45f6-a1b2-8603da8d5d76@group-D00CF05B23A7: start as a follower, conf=-1: [5fd7a14c-bdfc-45f6-a1b2-8603da8d5d76:192.168.5.180:45958], old=null
2019-09-30 16:01:56,845 [pool-87-thread-1] INFO  impl.RaftServerImpl (RaftServerImpl.java:setRole(174)) - 5fd7a14c-bdfc-45f6-a1b2-8603da8d5d76@group-D00CF05B23A7: changes role from      null to FOLLOWER at term 0 for startAsFollower
2019-09-30 16:01:56,845 [pool-87-thread-1] INFO  impl.RoleInfo (RoleInfo.java:updateAndGet(143)) - 5fd7a14c-bdfc-45f6-a1b2-8603da8d5d76: start FollowerState
2019-09-30 16:01:56,845 [pool-87-thread-1] INFO  util.JmxRegister (JmxRegister.java:tryRegister(44)) - Successfully registered JMX Bean with object name Ratis:service=RaftServer,group=group-D00CF05B23A7,id=5fd7a14c-bdfc-45f6-a1b2-8603da8d5d76
2019-09-30 16:01:56,867 [RatisPipelineUtilsThread] INFO  pipeline.PipelineStateManager (PipelineStateManager.java:addPipeline(56)) - Created pipeline Pipeline[ Id: e6e3e4d6-2c6b-44b3-8ca7-d00cf05b23a7, Nodes: 5fd7a14c-bdfc-45f6-a1b2-8603da8d5d76{ip: 192.168.5.180, host: pr-hdds-2199-dnstouuidmap-jw7l6-3685198730, networkLocation: /default-rack, certSerialId: null}, Type:RATIS, Factor:ONE, State:OPEN]
2019-09-30 16:01:56,893 [grpc-default-executor-0] INFO  impl.RaftServerProxy (RaftServerProxy.java:addNew(89)) - d2410404-97fe-427e-9e9a-0a0876f0008b: addNew group-57EF7E17BD9D:[d2410404-97fe-427e-9e9a-0a0876f0008b:192.168.5.180:41625] returns group-57EF7E17BD9D:java.util.concurrent.CompletableFuture@d5fa57c[Not completed]
2019-09-30 16:01:56,899 [pool-67-thread-1] INFO  impl.RaftServerImpl (RaftServerImpl.java:<init>(95)) - d2410404-97fe-427e-9e9a-0a0876f0008b: new RaftServerImpl for group-57EF7E17BD9D:[d2410404-97fe-427e-9e9a-0a0876f0008b:192.168.5.180:41625] with ContainerStateMachine:uninitialized
2019-09-30 16:01:56,899 [pool-67-thread-1] INFO  server.RaftServerConfigKeys (ConfUtils.java:logGet(43)) - raft.server.rpc.timeout.min = 5s (custom)
2019-09-30 16:01:56,900 [pool-67-thread-1] INFO  server.RaftServerConfigKeys (ConfUtils.java:logGet(43)) - raft.server.rpc.timeout.max = 5200ms (custom)
2019-09-30 16:01:56,900 [pool-67-thread-1] INFO  server.RaftServerConfigKeys (ConfUtils.java:logGet(43)) - raft.server.rpcslowness.timeout = 120s (custom)
2019-09-30 16:01:56,900 [pool-67-thread-1] INFO  server.RaftServerConfigKeys (ConfUtils.java:logGet(43)) - raft.server.sleep.deviation.threshold = 300 (default)
2019-09-30 16:01:56,900 [pool-67-thread-1] INFO  server.RaftServerConfigKeys (ConfUtils.java:logGet(43)) - raft.server.log.appender.install.snapshot.enabled = false (custom)
2019-09-30 16:01:56,900 [pool-67-thread-1] INFO  impl.RaftServerImpl (ServerState.java:<init>(103)) - d2410404-97fe-427e-9e9a-0a0876f0008b@group-57EF7E17BD9D: ConfigurationManager, init=-1: [d2410404-97fe-427e-9e9a-0a0876f0008b:192.168.5.180:41625], old=null, confs=<EMPTY_MAP>
2019-09-30 16:01:56,901 [pool-67-thread-1] INFO  server.RaftServerConfigKeys (ConfUtils.java:logGet(43)) - raft.server.storage.dir = [/workdir/hadoop-ozone/integration-test/target/test-dir/MiniOzoneClusterImpl-5c0c24fc-84a9-445a-b697-36e4edb9aec1/datanode-4/data/ratis] (custom)
2019-09-30 16:01:56,901 [pool-67-thread-1] INFO  storage.RaftStorageDirectory (RaftStorageDirectory.java:analyzeStorage(246)) - The storage directory /workdir/hadoop-ozone/integration-test/target/test-dir/MiniOzoneClusterImpl-5c0c24fc-84a9-445a-b697-36e4edb9aec1/datanode-4/data/ratis/8d268382-3ad9-448a-b4bd-57ef7e17bd9d does not exist. Creating ...
2019-09-30 16:01:56,914 [pool-67-thread-1] INFO  storage.RaftStorageDirectory (RaftStorageDirectory.java:tryLock(328)) - Lock on /workdir/hadoop-ozone/integration-test/target/test-dir/MiniOzoneClusterImpl-5c0c24fc-84a9-445a-b697-36e4edb9aec1/datanode-4/data/ratis/8d268382-3ad9-448a-b4bd-57ef7e17bd9d/in_use.lock acquired by nodename 16008@pr-hdds-2199-dnstouuidmap-jw7l6-3685198730
2019-09-30 16:01:56,928 [pool-67-thread-1] INFO  storage.RaftStorage (RaftStorage.java:format(72)) - Storage directory /workdir/hadoop-ozone/integration-test/target/test-dir/MiniOzoneClusterImpl-5c0c24fc-84a9-445a-b697-36e4edb9aec1/datanode-4/data/ratis/8d268382-3ad9-448a-b4bd-57ef7e17bd9d has been successfully formatted.
2019-09-30 16:01:56,928 [pool-67-thread-1] INFO  ratis.ContainerStateMachine (ContainerStateMachine.java:loadSnapshot(230)) - group-57EF7E17BD9D: The snapshot info is null. Setting the last applied indexto:(t:0, i:~)
2019-09-30 16:01:56,928 [pool-67-thread-1] INFO  server.RaftServerConfigKeys (ConfUtils.java:logGet(43)) - raft.server.notification.no-leader.timeout = 120s (custom)
2019-09-30 16:01:56,929 [pool-67-thread-1] INFO  server.RaftServerConfigKeys (ConfUtils.java:logGet(43)) - raft.server.log.use.memory = false (default)
2019-09-30 16:01:56,929 [pool-67-thread-1] INFO  server.RaftServerConfigKeys (ConfUtils.java:logGet(43)) - raft.server.log.purge.gap = 1000000 (custom)
2019-09-30 16:01:56,929 [pool-67-thread-1] INFO  server.RaftServerConfigKeys (ConfUtils.java:logGet(43)) - raft.server.log.appender.buffer.byte-limit = 33554432 (custom)
2019-09-30 16:01:56,929 [pool-67-thread-1] INFO  server.RaftServerConfigKeys (ConfUtils.java:logGet(43)) - raft.server.log.segment.size.max = 1048576 (custom)
2019-09-30 16:01:56,930 [pool-67-thread-1] INFO  server.RaftServerConfigKeys (ConfUtils.java:logGet(43)) - raft.server.log.segment.cache.num.max = 2 (custom)
2019-09-30 16:01:56,930 [pool-67-thread-1] INFO  segmented.SegmentedRaftLogWorker (SegmentedRaftLogWorker.java:<init>(172)) - new d2410404-97fe-427e-9e9a-0a0876f0008b@group-57EF7E17BD9D-SegmentedRaftLogWorker for RaftStorage:Storage Directory /workdir/hadoop-ozone/integration-test/target/test-dir/MiniOzoneClusterImpl-5c0c24fc-84a9-445a-b697-36e4edb9aec1/datanode-4/data/ratis/8d268382-3ad9-448a-b4bd-57ef7e17bd9d
2019-09-30 16:01:56,933 [pool-67-thread-1] INFO  server.RaftServerConfigKeys (ConfUtils.java:logGet(43)) - raft.server.log.queue.byte-limit = 2147483647 (custom)
2019-09-30 16:01:56,933 [pool-67-thread-1] INFO  server.RaftServerConfigKeys (ConfUtils.java:logGet(43)) - raft.server.log.queue.element-limit = 1024 (custom)
2019-09-30 16:01:56,933 [pool-67-thread-1] INFO  server.RaftServerConfigKeys (ConfUtils.java:logGet(43)) - raft.server.log.segment.size.max = 1048576 (custom)
2019-09-30 16:01:56,933 [pool-67-thread-1] INFO  server.RaftServerConfigKeys (ConfUtils.java:logGet(43)) - raft.server.log.preallocated.size = 16384 (custom)
2019-09-30 16:01:56,933 [pool-67-thread-1] INFO  server.RaftServerConfigKeys (ConfUtils.java:logGet(43)) - raft.server.log.write.buffer.size = 33554432 (custom)
2019-09-30 16:01:56,933 [pool-67-thread-1] INFO  server.RaftServerConfigKeys (ConfUtils.java:logGet(43)) - raft.server.log.force.sync.num = 128 (default)
2019-09-30 16:01:56,934 [pool-67-thread-1] INFO  server.RaftServerConfigKeys (ConfUtils.java:logGet(43)) - raft.server.log.statemachine.data.sync = true (default)
2019-09-30 16:01:56,934 [pool-67-thread-1] INFO  server.RaftServerConfigKeys (ConfUtils.java:logGet(43)) - raft.server.log.statemachine.data.sync.timeout = 10s (default)
2019-09-30 16:01:56,934 [pool-67-thread-1] INFO  server.RaftServerConfigKeys (ConfUtils.java:logGet(43)) - raft.server.log.statemachine.data.sync.timeout.retry = -1 (default)
2019-09-30 16:01:56,934 [pool-67-thread-1] INFO  server.RaftServerConfigKeys (ConfUtils.java:logGet(43)) - raft.server.log.statemachine.data.caching.enabled = true (custom)
2019-09-30 16:01:56,934 [pool-67-thread-1] INFO  segmented.SegmentedRaftLogWorker (SegmentedRaftLogWorker.java:lambda$new$0(132)) - d2410404-97fe-427e-9e9a-0a0876f0008b@group-57EF7E17BD9D-SegmentedRaftLogWorker: flushIndex: setUnconditionally 0 -> -1
2019-09-30 16:01:56,935 [pool-67-thread-1] INFO  server.RaftServerConfigKeys (ConfUtils.java:logGet(43)) - raft.server.snapshot.auto.trigger.enabled = true (custom)
2019-09-30 16:01:56,935 [pool-67-thread-1] INFO  server.RaftServerConfigKeys (ConfUtils.java:logGet(43)) - raft.server.snapshot.auto.trigger.threshold = 10000 (custom)
2019-09-30 16:01:56,935 [pool-67-thread-1] INFO  server.RaftServerConfigKeys (ConfUtils.java:logGet(43)) - raft.server.snapshot.retention.num.files = 5 (custom)
2019-09-30 16:01:56,935 [pool-67-thread-1] INFO  server.RaftServerConfigKeys (ConfUtils.java:logGet(43)) - raft.server.retrycache.expirytime = 600000ms (custom)
2019-09-30 16:01:56,937 [pool-67-thread-1] INFO  impl.RaftServerImpl (RaftServerImpl.java:start(185)) - d2410404-97fe-427e-9e9a-0a0876f0008b@group-57EF7E17BD9D: start as a follower, conf=-1: [d2410404-97fe-427e-9e9a-0a0876f0008b:192.168.5.180:41625], old=null
2019-09-30 16:01:56,937 [pool-67-thread-1] INFO  impl.RaftServerImpl (RaftServerImpl.java:setRole(174)) - d2410404-97fe-427e-9e9a-0a0876f0008b@group-57EF7E17BD9D: changes role from      null to FOLLOWER at term 0 for startAsFollower
2019-09-30 16:01:56,938 [pool-67-thread-1] INFO  impl.RoleInfo (RoleInfo.java:updateAndGet(143)) - d2410404-97fe-427e-9e9a-0a0876f0008b: start FollowerState
2019-09-30 16:01:56,938 [pool-67-thread-1] INFO  util.JmxRegister (JmxRegister.java:tryRegister(44)) - Successfully registered JMX Bean with object name Ratis:service=RaftServer,group=group-57EF7E17BD9D,id=d2410404-97fe-427e-9e9a-0a0876f0008b
2019-09-30 16:01:56,960 [RatisPipelineUtilsThread] INFO  pipeline.PipelineStateManager (PipelineStateManager.java:addPipeline(56)) - Created pipeline Pipeline[ Id: 8d268382-3ad9-448a-b4bd-57ef7e17bd9d, Nodes: d2410404-97fe-427e-9e9a-0a0876f0008b{ip: 192.168.5.180, host: pr-hdds-2199-dnstouuidmap-jw7l6-3685198730, networkLocation: /default-rack, certSerialId: null}, Type:RATIS, Factor:ONE, State:OPEN]
2019-09-30 16:01:56,998 [grpc-default-executor-2] INFO  impl.RaftServerProxy (RaftServerProxy.java:addNew(89)) - a5dffc8e-0c2f-4c60-ad24-9a891b6ac97a: addNew group-3C5B330A738C:[f42e1d76-cf6f-4bc2-9079-fcc105a6b469:192.168.5.180:38871, 1fae45cc-3995-4f14-aa1a-c92c55d47df5:192.168.5.180:39562, a5dffc8e-0c2f-4c60-ad24-9a891b6ac97a:192.168.5.180:44498] returns group-3C5B330A738C:java.util.concurrent.CompletableFuture@3b451e4e[Not completed]
2019-09-30 16:01:56,998 [grpc-default-executor-1] INFO  impl.RaftServerProxy (RaftServerProxy.java:addNew(89)) - f42e1d76-cf6f-4bc2-9079-fcc105a6b469: addNew group-3C5B330A738C:[f42e1d76-cf6f-4bc2-9079-fcc105a6b469:192.168.5.180:38871, 1fae45cc-3995-4f14-aa1a-c92c55d47df5:192.168.5.180:39562, a5dffc8e-0c2f-4c60-ad24-9a891b6ac97a:192.168.5.180:44498] returns group-3C5B330A738C:java.util.concurrent.CompletableFuture@424167d[Not completed]
2019-09-30 16:01:56,998 [grpc-default-executor-0] INFO  impl.RaftServerProxy (RaftServerProxy.java:addNew(89)) - 1fae45cc-3995-4f14-aa1a-c92c55d47df5: addNew group-3C5B330A738C:[f42e1d76-cf6f-4bc2-9079-fcc105a6b469:192.168.5.180:38871, 1fae45cc-3995-4f14-aa1a-c92c55d47df5:192.168.5.180:39562, a5dffc8e-0c2f-4c60-ad24-9a891b6ac97a:192.168.5.180:44498] returns group-3C5B330A738C:java.util.concurrent.CompletableFuture@44575027[Not completed]
2019-09-30 16:01:57,000 [pool-57-thread-1] INFO  impl.RaftServerImpl (RaftServerImpl.java:<init>(95)) - a5dffc8e-0c2f-4c60-ad24-9a891b6ac97a: new RaftServerImpl for group-3C5B330A738C:[f42e1d76-cf6f-4bc2-9079-fcc105a6b469:192.168.5.180:38871, 1fae45cc-3995-4f14-aa1a-c92c55d47df5:192.168.5.180:39562, a5dffc8e-0c2f-4c60-ad24-9a891b6ac97a:192.168.5.180:44498] with ContainerStateMachine:uninitialized
2019-09-30 16:01:57,000 [pool-57-thread-1] INFO  server.RaftServerConfigKeys (ConfUtils.java:logGet(43)) - raft.server.rpc.timeout.min = 5s (custom)
2019-09-30 16:01:57,000 [pool-57-thread-1] INFO  server.RaftServerConfigKeys (ConfUtils.java:logGet(43)) - raft.server.rpc.timeout.max = 5200ms (custom)
2019-09-30 16:01:57,000 [pool-57-thread-1] INFO  server.RaftServerConfigKeys (ConfUtils.java:logGet(43)) - raft.server.rpcslowness.timeout = 120s (custom)
2019-09-30 16:01:57,000 [pool-57-thread-1] INFO  server.RaftServerConfigKeys (ConfUtils.java:logGet(43)) - raft.server.sleep.deviation.threshold = 300 (default)
2019-09-30 16:01:57,001 [pool-57-thread-1] INFO  server.RaftServerConfigKeys (ConfUtils.java:logGet(43)) - raft.server.log.appender.install.snapshot.enabled = false (custom)
2019-09-30 16:01:57,001 [pool-57-thread-1] INFO  impl.RaftServerImpl (ServerState.java:<init>(103)) - a5dffc8e-0c2f-4c60-ad24-9a891b6ac97a@group-3C5B330A738C: ConfigurationManager, init=-1: [f42e1d76-cf6f-4bc2-9079-fcc105a6b469:192.168.5.180:38871, 1fae45cc-3995-4f14-aa1a-c92c55d47df5:192.168.5.180:39562, a5dffc8e-0c2f-4c60-ad24-9a891b6ac97a:192.168.5.180:44498], old=null, confs=<EMPTY_MAP>
2019-09-30 16:01:57,001 [pool-57-thread-1] INFO  server.RaftServerConfigKeys (ConfUtils.java:logGet(43)) - raft.server.storage.dir = [/workdir/hadoop-ozone/integration-test/target/test-dir/MiniOzoneClusterImpl-5c0c24fc-84a9-445a-b697-36e4edb9aec1/datanode-3/data/ratis] (custom)
2019-09-30 16:01:57,001 [pool-37-thread-1] INFO  impl.RaftServerImpl (RaftServerImpl.java:<init>(95)) - 1fae45cc-3995-4f14-aa1a-c92c55d47df5: new RaftServerImpl for group-3C5B330A738C:[f42e1d76-cf6f-4bc2-9079-fcc105a6b469:192.168.5.180:38871, 1fae45cc-3995-4f14-aa1a-c92c55d47df5:192.168.5.180:39562, a5dffc8e-0c2f-4c60-ad24-9a891b6ac97a:192.168.5.180:44498] with ContainerStateMachine:uninitialized
2019-09-30 16:01:57,001 [pool-37-thread-1] INFO  server.RaftServerConfigKeys (ConfUtils.java:logGet(43)) - raft.server.rpc.timeout.min = 5s (custom)
2019-09-30 16:01:57,001 [pool-57-thread-1] INFO  storage.RaftStorageDirectory (RaftStorageDirectory.java:analyzeStorage(246)) - The storage directory /workdir/hadoop-ozone/integration-test/target/test-dir/MiniOzoneClusterImpl-5c0c24fc-84a9-445a-b697-36e4edb9aec1/datanode-3/data/ratis/a251fe88-7f39-40f8-83db-3c5b330a738c does not exist. Creating ...
2019-09-30 16:01:57,001 [pool-37-thread-1] INFO  server.RaftServerConfigKeys (ConfUtils.java:logGet(43)) - raft.server.rpc.timeout.max = 5200ms (custom)
2019-09-30 16:01:57,002 [pool-37-thread-1] INFO  server.RaftServerConfigKeys (ConfUtils.java:logGet(43)) - raft.server.rpcslowness.timeout = 120s (custom)
2019-09-30 16:01:57,002 [pool-37-thread-1] INFO  server.RaftServerConfigKeys (ConfUtils.java:logGet(43)) - raft.server.sleep.deviation.threshold = 300 (default)
2019-09-30 16:01:57,002 [pool-37-thread-1] INFO  server.RaftServerConfigKeys (ConfUtils.java:logGet(43)) - raft.server.log.appender.install.snapshot.enabled = false (custom)
2019-09-30 16:01:57,002 [pool-27-thread-1] INFO  impl.RaftServerImpl (RaftServerImpl.java:<init>(95)) - f42e1d76-cf6f-4bc2-9079-fcc105a6b469: new RaftServerImpl for group-3C5B330A738C:[f42e1d76-cf6f-4bc2-9079-fcc105a6b469:192.168.5.180:38871, 1fae45cc-3995-4f14-aa1a-c92c55d47df5:192.168.5.180:39562, a5dffc8e-0c2f-4c60-ad24-9a891b6ac97a:192.168.5.180:44498] with ContainerStateMachine:uninitialized
2019-09-30 16:01:57,002 [pool-37-thread-1] INFO  impl.RaftServerImpl (ServerState.java:<init>(103)) - 1fae45cc-3995-4f14-aa1a-c92c55d47df5@group-3C5B330A738C: ConfigurationManager, init=-1: [f42e1d76-cf6f-4bc2-9079-fcc105a6b469:192.168.5.180:38871, 1fae45cc-3995-4f14-aa1a-c92c55d47df5:192.168.5.180:39562, a5dffc8e-0c2f-4c60-ad24-9a891b6ac97a:192.168.5.180:44498], old=null, confs=<EMPTY_MAP>
2019-09-30 16:01:57,002 [pool-27-thread-1] INFO  server.RaftServerConfigKeys (ConfUtils.java:logGet(43)) - raft.server.rpc.timeout.min = 5s (custom)
2019-09-30 16:01:57,002 [pool-37-thread-1] INFO  server.RaftServerConfigKeys (ConfUtils.java:logGet(43)) - raft.server.storage.dir = [/workdir/hadoop-ozone/integration-test/target/test-dir/MiniOzoneClusterImpl-5c0c24fc-84a9-445a-b697-36e4edb9aec1/datanode-1/data/ratis] (custom)
2019-09-30 16:01:57,002 [pool-27-thread-1] INFO  server.RaftServerConfigKeys (ConfUtils.java:logGet(43)) - raft.server.rpc.timeout.max = 5200ms (custom)
2019-09-30 16:01:57,003 [pool-27-thread-1] INFO  server.RaftServerConfigKeys (ConfUtils.java:logGet(43)) - raft.server.rpcslowness.timeout = 120s (custom)
2019-09-30 16:01:57,003 [pool-27-thread-1] INFO  server.RaftServerConfigKeys (ConfUtils.java:logGet(43)) - raft.server.sleep.deviation.threshold = 300 (default)
2019-09-30 16:01:57,003 [pool-37-thread-1] INFO  storage.RaftStorageDirectory (RaftStorageDirectory.java:analyzeStorage(246)) - The storage directory /workdir/hadoop-ozone/integration-test/target/test-dir/MiniOzoneClusterImpl-5c0c24fc-84a9-445a-b697-36e4edb9aec1/datanode-1/data/ratis/a251fe88-7f39-40f8-83db-3c5b330a738c does not exist. Creating ...
2019-09-30 16:01:57,003 [pool-27-thread-1] INFO  server.RaftServerConfigKeys (ConfUtils.java:logGet(43)) - raft.server.log.appender.install.snapshot.enabled = false (custom)
2019-09-30 16:01:57,003 [pool-27-thread-1] INFO  impl.RaftServerImpl (ServerState.java:<init>(103)) - f42e1d76-cf6f-4bc2-9079-fcc105a6b469@group-3C5B330A738C: ConfigurationManager, init=-1: [f42e1d76-cf6f-4bc2-9079-fcc105a6b469:192.168.5.180:38871, 1fae45cc-3995-4f14-aa1a-c92c55d47df5:192.168.5.180:39562, a5dffc8e-0c2f-4c60-ad24-9a891b6ac97a:192.168.5.180:44498], old=null, confs=<EMPTY_MAP>
2019-09-30 16:01:57,003 [pool-27-thread-1] INFO  server.RaftServerConfigKeys (ConfUtils.java:logGet(43)) - raft.server.storage.dir = [/workdir/hadoop-ozone/integration-test/target/test-dir/MiniOzoneClusterImpl-5c0c24fc-84a9-445a-b697-36e4edb9aec1/datanode-0/data/ratis] (custom)
2019-09-30 16:01:57,004 [pool-27-thread-1] INFO  storage.RaftStorageDirectory (RaftStorageDirectory.java:analyzeStorage(246)) - The storage directory /workdir/hadoop-ozone/integration-test/target/test-dir/MiniOzoneClusterImpl-5c0c24fc-84a9-445a-b697-36e4edb9aec1/datanode-0/data/ratis/a251fe88-7f39-40f8-83db-3c5b330a738c does not exist. Creating ...
2019-09-30 16:01:57,015 [pool-57-thread-1] INFO  storage.RaftStorageDirectory (RaftStorageDirectory.java:tryLock(328)) - Lock on /workdir/hadoop-ozone/integration-test/target/test-dir/MiniOzoneClusterImpl-5c0c24fc-84a9-445a-b697-36e4edb9aec1/datanode-3/data/ratis/a251fe88-7f39-40f8-83db-3c5b330a738c/in_use.lock acquired by nodename 16008@pr-hdds-2199-dnstouuidmap-jw7l6-3685198730
2019-09-30 16:01:57,015 [pool-37-thread-1] INFO  storage.RaftStorageDirectory (RaftStorageDirectory.java:tryLock(328)) - Lock on /workdir/hadoop-ozone/integration-test/target/test-dir/MiniOzoneClusterImpl-5c0c24fc-84a9-445a-b697-36e4edb9aec1/datanode-1/data/ratis/a251fe88-7f39-40f8-83db-3c5b330a738c/in_use.lock acquired by nodename 16008@pr-hdds-2199-dnstouuidmap-jw7l6-3685198730
2019-09-30 16:01:57,015 [pool-27-thread-1] INFO  storage.RaftStorageDirectory (RaftStorageDirectory.java:tryLock(328)) - Lock on /workdir/hadoop-ozone/integration-test/target/test-dir/MiniOzoneClusterImpl-5c0c24fc-84a9-445a-b697-36e4edb9aec1/datanode-0/data/ratis/a251fe88-7f39-40f8-83db-3c5b330a738c/in_use.lock acquired by nodename 16008@pr-hdds-2199-dnstouuidmap-jw7l6-3685198730
2019-09-30 16:01:57,030 [pool-57-thread-1] INFO  storage.RaftStorage (RaftStorage.java:format(72)) - Storage directory /workdir/hadoop-ozone/integration-test/target/test-dir/MiniOzoneClusterImpl-5c0c24fc-84a9-445a-b697-36e4edb9aec1/datanode-3/data/ratis/a251fe88-7f39-40f8-83db-3c5b330a738c has been successfully formatted.
2019-09-30 16:01:57,030 [pool-27-thread-1] INFO  storage.RaftStorage (RaftStorage.java:format(72)) - Storage directory /workdir/hadoop-ozone/integration-test/target/test-dir/MiniOzoneClusterImpl-5c0c24fc-84a9-445a-b697-36e4edb9aec1/datanode-0/data/ratis/a251fe88-7f39-40f8-83db-3c5b330a738c has been successfully formatted.
2019-09-30 16:01:57,030 [pool-37-thread-1] INFO  storage.RaftStorage (RaftStorage.java:format(72)) - Storage directory /workdir/hadoop-ozone/integration-test/target/test-dir/MiniOzoneClusterImpl-5c0c24fc-84a9-445a-b697-36e4edb9aec1/datanode-1/data/ratis/a251fe88-7f39-40f8-83db-3c5b330a738c has been successfully formatted.
2019-09-30 16:01:57,030 [pool-57-thread-1] INFO  ratis.ContainerStateMachine (ContainerStateMachine.java:loadSnapshot(230)) - group-3C5B330A738C: The snapshot info is null. Setting the last applied indexto:(t:0, i:~)
2019-09-30 16:01:57,031 [pool-27-thread-1] INFO  ratis.ContainerStateMachine (ContainerStateMachine.java:loadSnapshot(230)) - group-3C5B330A738C: The snapshot info is null. Setting the last applied indexto:(t:0, i:~)
2019-09-30 16:01:57,031 [pool-57-thread-1] INFO  server.RaftServerConfigKeys (ConfUtils.java:logGet(43)) - raft.server.notification.no-leader.timeout = 120s (custom)
2019-09-30 16:01:57,031 [pool-27-thread-1] INFO  server.RaftServerConfigKeys (ConfUtils.java:logGet(43)) - raft.server.notification.no-leader.timeout = 120s (custom)
2019-09-30 16:01:57,031 [pool-37-thread-1] INFO  ratis.ContainerStateMachine (ContainerStateMachine.java:loadSnapshot(230)) - group-3C5B330A738C: The snapshot info is null. Setting the last applied indexto:(t:0, i:~)
2019-09-30 16:01:57,031 [pool-27-thread-1] INFO  server.RaftServerConfigKeys (ConfUtils.java:logGet(43)) - raft.server.log.use.memory = false (default)
2019-09-30 16:01:57,031 [pool-57-thread-1] INFO  server.RaftServerConfigKeys (ConfUtils.java:logGet(43)) - raft.server.log.use.memory = false (default)
2019-09-30 16:01:57,031 [pool-27-thread-1] INFO  server.RaftServerConfigKeys (ConfUtils.java:logGet(43)) - raft.server.log.purge.gap = 1000000 (custom)
2019-09-30 16:01:57,031 [pool-37-thread-1] INFO  server.RaftServerConfigKeys (ConfUtils.java:logGet(43)) - raft.server.notification.no-leader.timeout = 120s (custom)
2019-09-30 16:01:57,032 [pool-27-thread-1] INFO  server.RaftServerConfigKeys (ConfUtils.java:logGet(43)) - raft.server.log.appender.buffer.byte-limit = 33554432 (custom)
2019-09-30 16:01:57,031 [pool-57-thread-1] INFO  server.RaftServerConfigKeys (ConfUtils.java:logGet(43)) - raft.server.log.purge.gap = 1000000 (custom)
2019-09-30 16:01:57,032 [pool-27-thread-1] INFO  server.RaftServerConfigKeys (ConfUtils.java:logGet(43)) - raft.server.log.segment.size.max = 1048576 (custom)
2019-09-30 16:01:57,032 [pool-37-thread-1] INFO  server.RaftServerConfigKeys (ConfUtils.java:logGet(43)) - raft.server.log.use.memory = false (default)
2019-09-30 16:01:57,032 [pool-27-thread-1] INFO  server.RaftServerConfigKeys (ConfUtils.java:logGet(43)) - raft.server.log.segment.cache.num.max = 2 (custom)
2019-09-30 16:01:57,032 [pool-57-thread-1] INFO  server.RaftServerConfigKeys (ConfUtils.java:logGet(43)) - raft.server.log.appender.buffer.byte-limit = 33554432 (custom)
2019-09-30 16:01:57,032 [pool-27-thread-1] INFO  segmented.SegmentedRaftLogWorker (SegmentedRaftLogWorker.java:<init>(172)) - new f42e1d76-cf6f-4bc2-9079-fcc105a6b469@group-3C5B330A738C-SegmentedRaftLogWorker for RaftStorage:Storage Directory /workdir/hadoop-ozone/integration-test/target/test-dir/MiniOzoneClusterImpl-5c0c24fc-84a9-445a-b697-36e4edb9aec1/datanode-0/data/ratis/a251fe88-7f39-40f8-83db-3c5b330a738c
2019-09-30 16:01:57,032 [pool-37-thread-1] INFO  server.RaftServerConfigKeys (ConfUtils.java:logGet(43)) - raft.server.log.purge.gap = 1000000 (custom)
2019-09-30 16:01:57,033 [pool-27-thread-1] INFO  server.RaftServerConfigKeys (ConfUtils.java:logGet(43)) - raft.server.log.queue.byte-limit = 2147483647 (custom)
2019-09-30 16:01:57,032 [pool-57-thread-1] INFO  server.RaftServerConfigKeys (ConfUtils.java:logGet(43)) - raft.server.log.segment.size.max = 1048576 (custom)
2019-09-30 16:01:57,033 [pool-27-thread-1] INFO  server.RaftServerConfigKeys (ConfUtils.java:logGet(43)) - raft.server.log.queue.element-limit = 1024 (custom)
2019-09-30 16:01:57,033 [pool-37-thread-1] INFO  server.RaftServerConfigKeys (ConfUtils.java:logGet(43)) - raft.server.log.appender.buffer.byte-limit = 33554432 (custom)
2019-09-30 16:01:57,033 [pool-27-thread-1] INFO  server.RaftServerConfigKeys (ConfUtils.java:logGet(43)) - raft.server.log.segment.size.max = 1048576 (custom)
2019-09-30 16:01:57,033 [pool-57-thread-1] INFO  server.RaftServerConfigKeys (ConfUtils.java:logGet(43)) - raft.server.log.segment.cache.num.max = 2 (custom)
2019-09-30 16:01:57,033 [pool-27-thread-1] INFO  server.RaftServerConfigKeys (ConfUtils.java:logGet(43)) - raft.server.log.preallocated.size = 16384 (custom)
2019-09-30 16:01:57,033 [pool-37-thread-1] INFO  server.RaftServerConfigKeys (ConfUtils.java:logGet(43)) - raft.server.log.segment.size.max = 1048576 (custom)
2019-09-30 16:01:57,034 [pool-27-thread-1] INFO  server.RaftServerConfigKeys (ConfUtils.java:logGet(43)) - raft.server.log.write.buffer.size = 33554432 (custom)
2019-09-30 16:01:57,033 [pool-57-thread-1] INFO  segmented.SegmentedRaftLogWorker (SegmentedRaftLogWorker.java:<init>(172)) - new a5dffc8e-0c2f-4c60-ad24-9a891b6ac97a@group-3C5B330A738C-SegmentedRaftLogWorker for RaftStorage:Storage Directory /workdir/hadoop-ozone/integration-test/target/test-dir/MiniOzoneClusterImpl-5c0c24fc-84a9-445a-b697-36e4edb9aec1/datanode-3/data/ratis/a251fe88-7f39-40f8-83db-3c5b330a738c
2019-09-30 16:01:57,034 [pool-37-thread-1] INFO  server.RaftServerConfigKeys (ConfUtils.java:logGet(43)) - raft.server.log.segment.cache.num.max = 2 (custom)
2019-09-30 16:01:57,034 [pool-27-thread-1] INFO  server.RaftServerConfigKeys (ConfUtils.java:logGet(43)) - raft.server.log.force.sync.num = 128 (default)
2019-09-30 16:01:57,034 [pool-37-thread-1] INFO  segmented.SegmentedRaftLogWorker (SegmentedRaftLogWorker.java:<init>(172)) - new 1fae45cc-3995-4f14-aa1a-c92c55d47df5@group-3C5B330A738C-SegmentedRaftLogWorker for RaftStorage:Storage Directory /workdir/hadoop-ozone/integration-test/target/test-dir/MiniOzoneClusterImpl-5c0c24fc-84a9-445a-b697-36e4edb9aec1/datanode-1/data/ratis/a251fe88-7f39-40f8-83db-3c5b330a738c
2019-09-30 16:01:57,034 [pool-57-thread-1] INFO  server.RaftServerConfigKeys (ConfUtils.java:logGet(43)) - raft.server.log.queue.byte-limit = 2147483647 (custom)
2019-09-30 16:01:57,034 [pool-37-thread-1] INFO  server.RaftServerConfigKeys (ConfUtils.java:logGet(43)) - raft.server.log.queue.byte-limit = 2147483647 (custom)
2019-09-30 16:01:57,034 [pool-27-thread-1] INFO  server.RaftServerConfigKeys (ConfUtils.java:logGet(43)) - raft.server.log.statemachine.data.sync = true (default)
2019-09-30 16:01:57,035 [pool-37-thread-1] INFO  server.RaftServerConfigKeys (ConfUtils.java:logGet(43)) - raft.server.log.queue.element-limit = 1024 (custom)
2019-09-30 16:01:57,034 [pool-57-thread-1] INFO  server.RaftServerConfigKeys (ConfUtils.java:logGet(43)) - raft.server.log.queue.element-limit = 1024 (custom)
2019-09-30 16:01:57,035 [pool-37-thread-1] INFO  server.RaftServerConfigKeys (ConfUtils.java:logGet(43)) - raft.server.log.segment.size.max = 1048576 (custom)
2019-09-30 16:01:57,035 [pool-27-thread-1] INFO  server.RaftServerConfigKeys (ConfUtils.java:logGet(43)) - raft.server.log.statemachine.data.sync.timeout = 10s (default)
2019-09-30 16:01:57,035 [pool-37-thread-1] INFO  server.RaftServerConfigKeys (ConfUtils.java:logGet(43)) - raft.server.log.preallocated.size = 16384 (custom)
2019-09-30 16:01:57,035 [pool-57-thread-1] INFO  server.RaftServerConfigKeys (ConfUtils.java:logGet(43)) - raft.server.log.segment.size.max = 1048576 (custom)
2019-09-30 16:01:57,036 [pool-37-thread-1] INFO  server.RaftServerConfigKeys (ConfUtils.java:logGet(43)) - raft.server.log.write.buffer.size = 33554432 (custom)
2019-09-30 16:01:57,035 [pool-27-thread-1] INFO  server.RaftServerConfigKeys (ConfUtils.java:logGet(43)) - raft.server.log.statemachine.data.sync.timeout.retry = -1 (default)
2019-09-30 16:01:57,038 [pool-37-thread-1] INFO  server.RaftServerConfigKeys (ConfUtils.java:logGet(43)) - raft.server.log.force.sync.num = 128 (default)
2019-09-30 16:01:57,038 [pool-57-thread-1] INFO  server.RaftServerConfigKeys (ConfUtils.java:logGet(43)) - raft.server.log.preallocated.size = 16384 (custom)
2019-09-30 16:01:57,038 [pool-37-thread-1] INFO  server.RaftServerConfigKeys (ConfUtils.java:logGet(43)) - raft.server.log.statemachine.data.sync = true (default)
2019-09-30 16:01:57,038 [pool-27-thread-1] INFO  server.RaftServerConfigKeys (ConfUtils.java:logGet(43)) - raft.server.log.statemachine.data.caching.enabled = true (custom)
2019-09-30 16:01:57,039 [pool-37-thread-1] INFO  server.RaftServerConfigKeys (ConfUtils.java:logGet(43)) - raft.server.log.statemachine.data.sync.timeout = 10s (default)
2019-09-30 16:01:57,038 [pool-57-thread-1] INFO  server.RaftServerConfigKeys (ConfUtils.java:logGet(43)) - raft.server.log.write.buffer.size = 33554432 (custom)
2019-09-30 16:01:57,039 [pool-27-thread-1] INFO  segmented.SegmentedRaftLogWorker (SegmentedRaftLogWorker.java:lambda$new$0(132)) - f42e1d76-cf6f-4bc2-9079-fcc105a6b469@group-3C5B330A738C-SegmentedRaftLogWorker: flushIndex: setUnconditionally 0 -> -1
2019-09-30 16:01:57,039 [pool-37-thread-1] INFO  server.RaftServerConfigKeys (ConfUtils.java:logGet(43)) - raft.server.log.statemachine.data.sync.timeout.retry = -1 (default)
2019-09-30 16:01:57,039 [pool-27-thread-1] INFO  server.RaftServerConfigKeys (ConfUtils.java:logGet(43)) - raft.server.snapshot.auto.trigger.enabled = true (custom)
2019-09-30 16:01:57,039 [pool-57-thread-1] INFO  server.RaftServerConfigKeys (ConfUtils.java:logGet(43)) - raft.server.log.force.sync.num = 128 (default)
2019-09-30 16:01:57,039 [pool-37-thread-1] INFO  server.RaftServerConfigKeys (ConfUtils.java:logGet(43)) - raft.server.log.statemachine.data.caching.enabled = true (custom)
2019-09-30 16:01:57,039 [pool-27-thread-1] INFO  server.RaftServerConfigKeys (ConfUtils.java:logGet(43)) - raft.server.snapshot.auto.trigger.threshold = 10000 (custom)
2019-09-30 16:01:57,039 [pool-57-thread-1] INFO  server.RaftServerConfigKeys (ConfUtils.java:logGet(43)) - raft.server.log.statemachine.data.sync = true (default)
2019-09-30 16:01:57,040 [pool-37-thread-1] INFO  segmented.SegmentedRaftLogWorker (SegmentedRaftLogWorker.java:lambda$new$0(132)) - 1fae45cc-3995-4f14-aa1a-c92c55d47df5@group-3C5B330A738C-SegmentedRaftLogWorker: flushIndex: setUnconditionally 0 -> -1
2019-09-30 16:01:57,040 [pool-27-thread-1] INFO  server.RaftServerConfigKeys (ConfUtils.java:logGet(43)) - raft.server.snapshot.retention.num.files = 5 (custom)
2019-09-30 16:01:57,040 [pool-57-thread-1] INFO  server.RaftServerConfigKeys (ConfUtils.java:logGet(43)) - raft.server.log.statemachine.data.sync.timeout = 10s (default)
2019-09-30 16:01:57,040 [pool-37-thread-1] INFO  server.RaftServerConfigKeys (ConfUtils.java:logGet(43)) - raft.server.snapshot.auto.trigger.enabled = true (custom)
2019-09-30 16:01:57,040 [pool-27-thread-1] INFO  server.RaftServerConfigKeys (ConfUtils.java:logGet(43)) - raft.server.retrycache.expirytime = 600000ms (custom)
2019-09-30 16:01:57,041 [pool-37-thread-1] INFO  server.RaftServerConfigKeys (ConfUtils.java:logGet(43)) - raft.server.snapshot.auto.trigger.threshold = 10000 (custom)
2019-09-30 16:01:57,040 [pool-57-thread-1] INFO  server.RaftServerConfigKeys (ConfUtils.java:logGet(43)) - raft.server.log.statemachine.data.sync.timeout.retry = -1 (default)
2019-09-30 16:01:57,041 [pool-37-thread-1] INFO  server.RaftServerConfigKeys (ConfUtils.java:logGet(43)) - raft.server.snapshot.retention.num.files = 5 (custom)
2019-09-30 16:01:57,041 [pool-57-thread-1] INFO  server.RaftServerConfigKeys (ConfUtils.java:logGet(43)) - raft.server.log.statemachine.data.caching.enabled = true (custom)
2019-09-30 16:01:57,041 [pool-37-thread-1] INFO  server.RaftServerConfigKeys (ConfUtils.java:logGet(43)) - raft.server.retrycache.expirytime = 600000ms (custom)
2019-09-30 16:01:57,042 [pool-57-thread-1] INFO  segmented.SegmentedRaftLogWorker (SegmentedRaftLogWorker.java:lambda$new$0(132)) - a5dffc8e-0c2f-4c60-ad24-9a891b6ac97a@group-3C5B330A738C-SegmentedRaftLogWorker: flushIndex: setUnconditionally 0 -> -1
2019-09-30 16:01:57,042 [pool-57-thread-1] INFO  server.RaftServerConfigKeys (ConfUtils.java:logGet(43)) - raft.server.snapshot.auto.trigger.enabled = true (custom)
2019-09-30 16:01:57,042 [pool-57-thread-1] INFO  server.RaftServerConfigKeys (ConfUtils.java:logGet(43)) - raft.server.snapshot.auto.trigger.threshold = 10000 (custom)
2019-09-30 16:01:57,042 [pool-57-thread-1] INFO  server.RaftServerConfigKeys (ConfUtils.java:logGet(43)) - raft.server.snapshot.retention.num.files = 5 (custom)
2019-09-30 16:01:57,043 [pool-57-thread-1] INFO  server.RaftServerConfigKeys (ConfUtils.java:logGet(43)) - raft.server.retrycache.expirytime = 600000ms (custom)
2019-09-30 16:01:57,046 [pool-27-thread-1] INFO  impl.RaftServerImpl (RaftServerImpl.java:start(185)) - f42e1d76-cf6f-4bc2-9079-fcc105a6b469@group-3C5B330A738C: start as a follower, conf=-1: [f42e1d76-cf6f-4bc2-9079-fcc105a6b469:192.168.5.180:38871, 1fae45cc-3995-4f14-aa1a-c92c55d47df5:192.168.5.180:39562, a5dffc8e-0c2f-4c60-ad24-9a891b6ac97a:192.168.5.180:44498], old=null
2019-09-30 16:01:57,046 [pool-27-thread-1] INFO  impl.RaftServerImpl (RaftServerImpl.java:setRole(174)) - f42e1d76-cf6f-4bc2-9079-fcc105a6b469@group-3C5B330A738C: changes role from      null to FOLLOWER at term 0 for startAsFollower
2019-09-30 16:01:57,046 [pool-27-thread-1] INFO  impl.RoleInfo (RoleInfo.java:updateAndGet(143)) - f42e1d76-cf6f-4bc2-9079-fcc105a6b469: start FollowerState
2019-09-30 16:01:57,047 [pool-27-thread-1] INFO  util.JmxRegister (JmxRegister.java:tryRegister(44)) - Successfully registered JMX Bean with object name Ratis:service=RaftServer,group=group-3C5B330A738C,id=f42e1d76-cf6f-4bc2-9079-fcc105a6b469
2019-09-30 16:01:57,048 [pool-37-thread-1] INFO  impl.RaftServerImpl (RaftServerImpl.java:start(185)) - 1fae45cc-3995-4f14-aa1a-c92c55d47df5@group-3C5B330A738C: start as a follower, conf=-1: [f42e1d76-cf6f-4bc2-9079-fcc105a6b469:192.168.5.180:38871, 1fae45cc-3995-4f14-aa1a-c92c55d47df5:192.168.5.180:39562, a5dffc8e-0c2f-4c60-ad24-9a891b6ac97a:192.168.5.180:44498], old=null
2019-09-30 16:01:57,048 [pool-37-thread-1] INFO  impl.RaftServerImpl (RaftServerImpl.java:setRole(174)) - 1fae45cc-3995-4f14-aa1a-c92c55d47df5@group-3C5B330A738C: changes role from      null to FOLLOWER at term 0 for startAsFollower
2019-09-30 16:01:57,048 [pool-37-thread-1] INFO  impl.RoleInfo (RoleInfo.java:updateAndGet(143)) - 1fae45cc-3995-4f14-aa1a-c92c55d47df5: start FollowerState
2019-09-30 16:01:57,048 [pool-57-thread-1] INFO  impl.RaftServerImpl (RaftServerImpl.java:start(185)) - a5dffc8e-0c2f-4c60-ad24-9a891b6ac97a@group-3C5B330A738C: start as a follower, conf=-1: [f42e1d76-cf6f-4bc2-9079-fcc105a6b469:192.168.5.180:38871, 1fae45cc-3995-4f14-aa1a-c92c55d47df5:192.168.5.180:39562, a5dffc8e-0c2f-4c60-ad24-9a891b6ac97a:192.168.5.180:44498], old=null
2019-09-30 16:01:57,049 [pool-37-thread-1] INFO  util.JmxRegister (JmxRegister.java:tryRegister(44)) - Successfully registered JMX Bean with object name Ratis:service=RaftServer,group=group-3C5B330A738C,id=1fae45cc-3995-4f14-aa1a-c92c55d47df5
2019-09-30 16:01:57,049 [pool-57-thread-1] INFO  impl.RaftServerImpl (RaftServerImpl.java:setRole(174)) - a5dffc8e-0c2f-4c60-ad24-9a891b6ac97a@group-3C5B330A738C: changes role from      null to FOLLOWER at term 0 for startAsFollower
2019-09-30 16:01:57,051 [pool-57-thread-1] INFO  impl.RoleInfo (RoleInfo.java:updateAndGet(143)) - a5dffc8e-0c2f-4c60-ad24-9a891b6ac97a: start FollowerState
2019-09-30 16:01:57,053 [pool-57-thread-1] INFO  util.JmxRegister (JmxRegister.java:tryRegister(44)) - Successfully registered JMX Bean with object name Ratis:service=RaftServer,group=group-3C5B330A738C,id=a5dffc8e-0c2f-4c60-ad24-9a891b6ac97a
2019-09-30 16:01:57,075 [RatisPipelineUtilsThread] INFO  pipeline.PipelineStateManager (PipelineStateManager.java:addPipeline(56)) - Created pipeline Pipeline[ Id: a251fe88-7f39-40f8-83db-3c5b330a738c, Nodes: f42e1d76-cf6f-4bc2-9079-fcc105a6b469{ip: 192.168.5.180, host: pr-hdds-2199-dnstouuidmap-jw7l6-3685198730, networkLocation: /default-rack, certSerialId: null}a5dffc8e-0c2f-4c60-ad24-9a891b6ac97a{ip: 192.168.5.180, host: pr-hdds-2199-dnstouuidmap-jw7l6-3685198730, networkLocation: /default-rack, certSerialId: null}1fae45cc-3995-4f14-aa1a-c92c55d47df5{ip: 192.168.5.180, host: pr-hdds-2199-dnstouuidmap-jw7l6-3685198730, networkLocation: /default-rack, certSerialId: null}, Type:RATIS, Factor:THREE, State:OPEN]
2019-09-30 16:01:57,114 [grpc-default-executor-1] INFO  impl.RaftServerProxy (RaftServerProxy.java:addNew(89)) - aa7bbf0a-f784-4ea4-a59a-a4589e8b6dce: addNew group-9B63F15D9CB7:[015a4de2-999c-4da4-9160-a94db250d366:192.168.5.180:36881, aa7bbf0a-f784-4ea4-a59a-a4589e8b6dce:192.168.5.180:45431, 5fd7a14c-bdfc-45f6-a1b2-8603da8d5d76:192.168.5.180:45958] returns group-9B63F15D9CB7:java.util.concurrent.CompletableFuture@2c7fb1a1[Not completed]
2019-09-30 16:01:57,115 [grpc-default-executor-0] INFO  impl.RaftServerProxy (RaftServerProxy.java:addNew(89)) - 015a4de2-999c-4da4-9160-a94db250d366: addNew group-9B63F15D9CB7:[015a4de2-999c-4da4-9160-a94db250d366:192.168.5.180:36881, aa7bbf0a-f784-4ea4-a59a-a4589e8b6dce:192.168.5.180:45431, 5fd7a14c-bdfc-45f6-a1b2-8603da8d5d76:192.168.5.180:45958] returns group-9B63F15D9CB7:java.util.concurrent.CompletableFuture@f75909d[Not completed]
2019-09-30 16:01:57,117 [grpc-default-executor-2] INFO  impl.RaftServerProxy (RaftServerProxy.java:addNew(89)) - 5fd7a14c-bdfc-45f6-a1b2-8603da8d5d76: addNew group-9B63F15D9CB7:[015a4de2-999c-4da4-9160-a94db250d366:192.168.5.180:36881, aa7bbf0a-f784-4ea4-a59a-a4589e8b6dce:192.168.5.180:45431, 5fd7a14c-bdfc-45f6-a1b2-8603da8d5d76:192.168.5.180:45958] returns group-9B63F15D9CB7:java.util.concurrent.CompletableFuture@7a781475[Not completed]
2019-09-30 16:01:57,118 [pool-47-thread-1] INFO  impl.RaftServerImpl (RaftServerImpl.java:<init>(95)) - aa7bbf0a-f784-4ea4-a59a-a4589e8b6dce: new RaftServerImpl for group-9B63F15D9CB7:[015a4de2-999c-4da4-9160-a94db250d366:192.168.5.180:36881, aa7bbf0a-f784-4ea4-a59a-a4589e8b6dce:192.168.5.180:45431, 5fd7a14c-bdfc-45f6-a1b2-8603da8d5d76:192.168.5.180:45958] with ContainerStateMachine:uninitialized
2019-09-30 16:01:57,118 [pool-47-thread-1] INFO  server.RaftServerConfigKeys (ConfUtils.java:logGet(43)) - raft.server.rpc.timeout.min = 5s (custom)
2019-09-30 16:01:57,118 [pool-47-thread-1] INFO  server.RaftServerConfigKeys (ConfUtils.java:logGet(43)) - raft.server.rpc.timeout.max = 5200ms (custom)
2019-09-30 16:01:57,119 [pool-47-thread-1] INFO  server.RaftServerConfigKeys (ConfUtils.java:logGet(43)) - raft.server.rpcslowness.timeout = 120s (custom)
2019-09-30 16:01:57,119 [pool-47-thread-1] INFO  server.RaftServerConfigKeys (ConfUtils.java:logGet(43)) - raft.server.sleep.deviation.threshold = 300 (default)
2019-09-30 16:01:57,119 [pool-47-thread-1] INFO  server.RaftServerConfigKeys (ConfUtils.java:logGet(43)) - raft.server.log.appender.install.snapshot.enabled = false (custom)
2019-09-30 16:01:57,119 [pool-47-thread-1] INFO  impl.RaftServerImpl (ServerState.java:<init>(103)) - aa7bbf0a-f784-4ea4-a59a-a4589e8b6dce@group-9B63F15D9CB7: ConfigurationManager, init=-1: [015a4de2-999c-4da4-9160-a94db250d366:192.168.5.180:36881, aa7bbf0a-f784-4ea4-a59a-a4589e8b6dce:192.168.5.180:45431, 5fd7a14c-bdfc-45f6-a1b2-8603da8d5d76:192.168.5.180:45958], old=null, confs=<EMPTY_MAP>
2019-09-30 16:01:57,119 [pool-87-thread-1] INFO  impl.RaftServerImpl (RaftServerImpl.java:<init>(95)) - 5fd7a14c-bdfc-45f6-a1b2-8603da8d5d76: new RaftServerImpl for group-9B63F15D9CB7:[015a4de2-999c-4da4-9160-a94db250d366:192.168.5.180:36881, aa7bbf0a-f784-4ea4-a59a-a4589e8b6dce:192.168.5.180:45431, 5fd7a14c-bdfc-45f6-a1b2-8603da8d5d76:192.168.5.180:45958] with ContainerStateMachine:uninitialized
2019-09-30 16:01:57,119 [pool-47-thread-1] INFO  server.RaftServerConfigKeys (ConfUtils.java:logGet(43)) - raft.server.storage.dir = [/workdir/hadoop-ozone/integration-test/target/test-dir/MiniOzoneClusterImpl-5c0c24fc-84a9-445a-b697-36e4edb9aec1/datanode-2/data/ratis] (custom)
2019-09-30 16:01:57,120 [pool-87-thread-1] INFO  server.RaftServerConfigKeys (ConfUtils.java:logGet(43)) - raft.server.rpc.timeout.min = 5s (custom)
2019-09-30 16:01:57,120 [pool-87-thread-1] INFO  server.RaftServerConfigKeys (ConfUtils.java:logGet(43)) - raft.server.rpc.timeout.max = 5200ms (custom)
2019-09-30 16:01:57,120 [pool-47-thread-1] INFO  storage.RaftStorageDirectory (RaftStorageDirectory.java:analyzeStorage(246)) - The storage directory /workdir/hadoop-ozone/integration-test/target/test-dir/MiniOzoneClusterImpl-5c0c24fc-84a9-445a-b697-36e4edb9aec1/datanode-2/data/ratis/3627cdfa-4474-4277-9740-9b63f15d9cb7 does not exist. Creating ...
2019-09-30 16:01:57,120 [pool-87-thread-1] INFO  server.RaftServerConfigKeys (ConfUtils.java:logGet(43)) - raft.server.rpcslowness.timeout = 120s (custom)
2019-09-30 16:01:57,120 [pool-87-thread-1] INFO  server.RaftServerConfigKeys (ConfUtils.java:logGet(43)) - raft.server.sleep.deviation.threshold = 300 (default)
2019-09-30 16:01:57,120 [pool-87-thread-1] INFO  server.RaftServerConfigKeys (ConfUtils.java:logGet(43)) - raft.server.log.appender.install.snapshot.enabled = false (custom)
2019-09-30 16:01:57,120 [pool-77-thread-1] INFO  impl.RaftServerImpl (RaftServerImpl.java:<init>(95)) - 015a4de2-999c-4da4-9160-a94db250d366: new RaftServerImpl for group-9B63F15D9CB7:[015a4de2-999c-4da4-9160-a94db250d366:192.168.5.180:36881, aa7bbf0a-f784-4ea4-a59a-a4589e8b6dce:192.168.5.180:45431, 5fd7a14c-bdfc-45f6-a1b2-8603da8d5d76:192.168.5.180:45958] with ContainerStateMachine:uninitialized
2019-09-30 16:01:57,121 [pool-87-thread-1] INFO  impl.RaftServerImpl (ServerState.java:<init>(103)) - 5fd7a14c-bdfc-45f6-a1b2-8603da8d5d76@group-9B63F15D9CB7: ConfigurationManager, init=-1: [015a4de2-999c-4da4-9160-a94db250d366:192.168.5.180:36881, aa7bbf0a-f784-4ea4-a59a-a4589e8b6dce:192.168.5.180:45431, 5fd7a14c-bdfc-45f6-a1b2-8603da8d5d76:192.168.5.180:45958], old=null, confs=<EMPTY_MAP>
2019-09-30 16:01:57,121 [pool-77-thread-1] INFO  server.RaftServerConfigKeys (ConfUtils.java:logGet(43)) - raft.server.rpc.timeout.min = 5s (custom)
2019-09-30 16:01:57,121 [pool-87-thread-1] INFO  server.RaftServerConfigKeys (ConfUtils.java:logGet(43)) - raft.server.storage.dir = [/workdir/hadoop-ozone/integration-test/target/test-dir/MiniOzoneClusterImpl-5c0c24fc-84a9-445a-b697-36e4edb9aec1/datanode-6/data/ratis] (custom)
2019-09-30 16:01:57,121 [pool-77-thread-1] INFO  server.RaftServerConfigKeys (ConfUtils.java:logGet(43)) - raft.server.rpc.timeout.max = 5200ms (custom)
2019-09-30 16:01:57,121 [pool-77-thread-1] INFO  server.RaftServerConfigKeys (ConfUtils.java:logGet(43)) - raft.server.rpcslowness.timeout = 120s (custom)
2019-09-30 16:01:57,121 [pool-87-thread-1] INFO  storage.RaftStorageDirectory (RaftStorageDirectory.java:analyzeStorage(246)) - The storage directory /workdir/hadoop-ozone/integration-test/target/test-dir/MiniOzoneClusterImpl-5c0c24fc-84a9-445a-b697-36e4edb9aec1/datanode-6/data/ratis/3627cdfa-4474-4277-9740-9b63f15d9cb7 does not exist. Creating ...
2019-09-30 16:01:57,121 [pool-77-thread-1] INFO  server.RaftServerConfigKeys (ConfUtils.java:logGet(43)) - raft.server.sleep.deviation.threshold = 300 (default)
2019-09-30 16:01:57,122 [pool-77-thread-1] INFO  server.RaftServerConfigKeys (ConfUtils.java:logGet(43)) - raft.server.log.appender.install.snapshot.enabled = false (custom)
2019-09-30 16:01:57,122 [pool-77-thread-1] INFO  impl.RaftServerImpl (ServerState.java:<init>(103)) - 015a4de2-999c-4da4-9160-a94db250d366@group-9B63F15D9CB7: ConfigurationManager, init=-1: [015a4de2-999c-4da4-9160-a94db250d366:192.168.5.180:36881, aa7bbf0a-f784-4ea4-a59a-a4589e8b6dce:192.168.5.180:45431, 5fd7a14c-bdfc-45f6-a1b2-8603da8d5d76:192.168.5.180:45958], old=null, confs=<EMPTY_MAP>
2019-09-30 16:01:57,122 [pool-77-thread-1] INFO  server.RaftServerConfigKeys (ConfUtils.java:logGet(43)) - raft.server.storage.dir = [/workdir/hadoop-ozone/integration-test/target/test-dir/MiniOzoneClusterImpl-5c0c24fc-84a9-445a-b697-36e4edb9aec1/datanode-5/data/ratis] (custom)
2019-09-30 16:01:57,123 [pool-77-thread-1] INFO  storage.RaftStorageDirectory (RaftStorageDirectory.java:analyzeStorage(246)) - The storage directory /workdir/hadoop-ozone/integration-test/target/test-dir/MiniOzoneClusterImpl-5c0c24fc-84a9-445a-b697-36e4edb9aec1/datanode-5/data/ratis/3627cdfa-4474-4277-9740-9b63f15d9cb7 does not exist. Creating ...
2019-09-30 16:01:57,134 [pool-77-thread-1] INFO  storage.RaftStorageDirectory (RaftStorageDirectory.java:tryLock(328)) - Lock on /workdir/hadoop-ozone/integration-test/target/test-dir/MiniOzoneClusterImpl-5c0c24fc-84a9-445a-b697-36e4edb9aec1/datanode-5/data/ratis/3627cdfa-4474-4277-9740-9b63f15d9cb7/in_use.lock acquired by nodename 16008@pr-hdds-2199-dnstouuidmap-jw7l6-3685198730
2019-09-30 16:01:57,134 [pool-87-thread-1] INFO  storage.RaftStorageDirectory (RaftStorageDirectory.java:tryLock(328)) - Lock on /workdir/hadoop-ozone/integration-test/target/test-dir/MiniOzoneClusterImpl-5c0c24fc-84a9-445a-b697-36e4edb9aec1/datanode-6/data/ratis/3627cdfa-4474-4277-9740-9b63f15d9cb7/in_use.lock acquired by nodename 16008@pr-hdds-2199-dnstouuidmap-jw7l6-3685198730
2019-09-30 16:01:57,134 [pool-47-thread-1] INFO  storage.RaftStorageDirectory (RaftStorageDirectory.java:tryLock(328)) - Lock on /workdir/hadoop-ozone/integration-test/target/test-dir/MiniOzoneClusterImpl-5c0c24fc-84a9-445a-b697-36e4edb9aec1/datanode-2/data/ratis/3627cdfa-4474-4277-9740-9b63f15d9cb7/in_use.lock acquired by nodename 16008@pr-hdds-2199-dnstouuidmap-jw7l6-3685198730
2019-09-30 16:01:57,147 [pool-87-thread-1] INFO  storage.RaftStorage (RaftStorage.java:format(72)) - Storage directory /workdir/hadoop-ozone/integration-test/target/test-dir/MiniOzoneClusterImpl-5c0c24fc-84a9-445a-b697-36e4edb9aec1/datanode-6/data/ratis/3627cdfa-4474-4277-9740-9b63f15d9cb7 has been successfully formatted.
2019-09-30 16:01:57,148 [pool-47-thread-1] INFO  storage.RaftStorage (RaftStorage.java:format(72)) - Storage directory /workdir/hadoop-ozone/integration-test/target/test-dir/MiniOzoneClusterImpl-5c0c24fc-84a9-445a-b697-36e4edb9aec1/datanode-2/data/ratis/3627cdfa-4474-4277-9740-9b63f15d9cb7 has been successfully formatted.
2019-09-30 16:01:57,148 [pool-87-thread-1] INFO  ratis.ContainerStateMachine (ContainerStateMachine.java:loadSnapshot(230)) - group-9B63F15D9CB7: The snapshot info is null. Setting the last applied indexto:(t:0, i:~)
2019-09-30 16:01:57,148 [pool-77-thread-1] INFO  storage.RaftStorage (RaftStorage.java:format(72)) - Storage directory /workdir/hadoop-ozone/integration-test/target/test-dir/MiniOzoneClusterImpl-5c0c24fc-84a9-445a-b697-36e4edb9aec1/datanode-5/data/ratis/3627cdfa-4474-4277-9740-9b63f15d9cb7 has been successfully formatted.
2019-09-30 16:01:57,148 [pool-87-thread-1] INFO  server.RaftServerConfigKeys (ConfUtils.java:logGet(43)) - raft.server.notification.no-leader.timeout = 120s (custom)
2019-09-30 16:01:57,148 [pool-47-thread-1] INFO  ratis.ContainerStateMachine (ContainerStateMachine.java:loadSnapshot(230)) - group-9B63F15D9CB7: The snapshot info is null. Setting the last applied indexto:(t:0, i:~)
2019-09-30 16:01:57,148 [pool-77-thread-1] INFO  ratis.ContainerStateMachine (ContainerStateMachine.java:loadSnapshot(230)) - group-9B63F15D9CB7: The snapshot info is null. Setting the last applied indexto:(t:0, i:~)
2019-09-30 16:01:57,148 [pool-87-thread-1] INFO  server.RaftServerConfigKeys (ConfUtils.java:logGet(43)) - raft.server.log.use.memory = false (default)
2019-09-30 16:01:57,148 [pool-77-thread-1] INFO  server.RaftServerConfigKeys (ConfUtils.java:logGet(43)) - raft.server.notification.no-leader.timeout = 120s (custom)
2019-09-30 16:01:57,148 [pool-47-thread-1] INFO  server.RaftServerConfigKeys (ConfUtils.java:logGet(43)) - raft.server.notification.no-leader.timeout = 120s (custom)
2019-09-30 16:01:57,149 [pool-77-thread-1] INFO  server.RaftServerConfigKeys (ConfUtils.java:logGet(43)) - raft.server.log.use.memory = false (default)
2019-09-30 16:01:57,149 [pool-87-thread-1] INFO  server.RaftServerConfigKeys (ConfUtils.java:logGet(43)) - raft.server.log.purge.gap = 1000000 (custom)
2019-09-30 16:01:57,149 [pool-77-thread-1] INFO  server.RaftServerConfigKeys (ConfUtils.java:logGet(43)) - raft.server.log.purge.gap = 1000000 (custom)
2019-09-30 16:01:57,149 [pool-47-thread-1] INFO  server.RaftServerConfigKeys (ConfUtils.java:logGet(43)) - raft.server.log.use.memory = false (default)
2019-09-30 16:01:57,149 [pool-77-thread-1] INFO  server.RaftServerConfigKeys (ConfUtils.java:logGet(43)) - raft.server.log.appender.buffer.byte-limit = 33554432 (custom)
2019-09-30 16:01:57,149 [pool-87-thread-1] INFO  server.RaftServerConfigKeys (ConfUtils.java:logGet(43)) - raft.server.log.appender.buffer.byte-limit = 33554432 (custom)
2019-09-30 16:01:57,149 [pool-77-thread-1] INFO  server.RaftServerConfigKeys (ConfUtils.java:logGet(43)) - raft.server.log.segment.size.max = 1048576 (custom)
2019-09-30 16:01:57,149 [pool-47-thread-1] INFO  server.RaftServerConfigKeys (ConfUtils.java:logGet(43)) - raft.server.log.purge.gap = 1000000 (custom)
2019-09-30 16:01:57,150 [pool-77-thread-1] INFO  server.RaftServerConfigKeys (ConfUtils.java:logGet(43)) - raft.server.log.segment.cache.num.max = 2 (custom)
2019-09-30 16:01:57,149 [pool-87-thread-1] INFO  server.RaftServerConfigKeys (ConfUtils.java:logGet(43)) - raft.server.log.segment.size.max = 1048576 (custom)
2019-09-30 16:01:57,150 [pool-77-thread-1] INFO  segmented.SegmentedRaftLogWorker (SegmentedRaftLogWorker.java:<init>(172)) - new 015a4de2-999c-4da4-9160-a94db250d366@group-9B63F15D9CB7-SegmentedRaftLogWorker for RaftStorage:Storage Directory /workdir/hadoop-ozone/integration-test/target/test-dir/MiniOzoneClusterImpl-5c0c24fc-84a9-445a-b697-36e4edb9aec1/datanode-5/data/ratis/3627cdfa-4474-4277-9740-9b63f15d9cb7
2019-09-30 16:01:57,150 [pool-47-thread-1] INFO  server.RaftServerConfigKeys (ConfUtils.java:logGet(43)) - raft.server.log.appender.buffer.byte-limit = 33554432 (custom)
2019-09-30 16:01:57,157 [pool-77-thread-1] INFO  server.RaftServerConfigKeys (ConfUtils.java:logGet(43)) - raft.server.log.queue.byte-limit = 2147483647 (custom)
2019-09-30 16:01:57,152 [pool-87-thread-1] INFO  server.RaftServerConfigKeys (ConfUtils.java:logGet(43)) - raft.server.log.segment.cache.num.max = 2 (custom)
2019-09-30 16:01:57,157 [pool-77-thread-1] INFO  server.RaftServerConfigKeys (ConfUtils.java:logGet(43)) - raft.server.log.queue.element-limit = 1024 (custom)
2019-09-30 16:01:57,157 [pool-47-thread-1] INFO  server.RaftServerConfigKeys (ConfUtils.java:logGet(43)) - raft.server.log.segment.size.max = 1048576 (custom)
2019-09-30 16:01:57,157 [pool-77-thread-1] INFO  server.RaftServerConfigKeys (ConfUtils.java:logGet(43)) - raft.server.log.segment.size.max = 1048576 (custom)
2019-09-30 16:01:57,157 [pool-87-thread-1] INFO  segmented.SegmentedRaftLogWorker (SegmentedRaftLogWorker.java:<init>(172)) - new 5fd7a14c-bdfc-45f6-a1b2-8603da8d5d76@group-9B63F15D9CB7-SegmentedRaftLogWorker for RaftStorage:Storage Directory /workdir/hadoop-ozone/integration-test/target/test-dir/MiniOzoneClusterImpl-5c0c24fc-84a9-445a-b697-36e4edb9aec1/datanode-6/data/ratis/3627cdfa-4474-4277-9740-9b63f15d9cb7
2019-09-30 16:01:57,157 [pool-77-thread-1] INFO  server.RaftServerConfigKeys (ConfUtils.java:logGet(43)) - raft.server.log.preallocated.size = 16384 (custom)
2019-09-30 16:01:57,157 [pool-47-thread-1] INFO  server.RaftServerConfigKeys (ConfUtils.java:logGet(43)) - raft.server.log.segment.cache.num.max = 2 (custom)
2019-09-30 16:01:57,157 [pool-77-thread-1] INFO  server.RaftServerConfigKeys (ConfUtils.java:logGet(43)) - raft.server.log.write.buffer.size = 33554432 (custom)
2019-09-30 16:01:57,157 [pool-87-thread-1] INFO  server.RaftServerConfigKeys (ConfUtils.java:logGet(43)) - raft.server.log.queue.byte-limit = 2147483647 (custom)
2019-09-30 16:01:57,158 [pool-77-thread-1] INFO  server.RaftServerConfigKeys (ConfUtils.java:logGet(43)) - raft.server.log.force.sync.num = 128 (default)
2019-09-30 16:01:57,158 [pool-47-thread-1] INFO  segmented.SegmentedRaftLogWorker (SegmentedRaftLogWorker.java:<init>(172)) - new aa7bbf0a-f784-4ea4-a59a-a4589e8b6dce@group-9B63F15D9CB7-SegmentedRaftLogWorker for RaftStorage:Storage Directory /workdir/hadoop-ozone/integration-test/target/test-dir/MiniOzoneClusterImpl-5c0c24fc-84a9-445a-b697-36e4edb9aec1/datanode-2/data/ratis/3627cdfa-4474-4277-9740-9b63f15d9cb7
2019-09-30 16:01:57,158 [pool-77-thread-1] INFO  server.RaftServerConfigKeys (ConfUtils.java:logGet(43)) - raft.server.log.statemachine.data.sync = true (default)
2019-09-30 16:01:57,158 [pool-87-thread-1] INFO  server.RaftServerConfigKeys (ConfUtils.java:logGet(43)) - raft.server.log.queue.element-limit = 1024 (custom)
2019-09-30 16:01:57,158 [pool-77-thread-1] INFO  server.RaftServerConfigKeys (ConfUtils.java:logGet(43)) - raft.server.log.statemachine.data.sync.timeout = 10s (default)
2019-09-30 16:01:57,158 [pool-47-thread-1] INFO  server.RaftServerConfigKeys (ConfUtils.java:logGet(43)) - raft.server.log.queue.byte-limit = 2147483647 (custom)
2019-09-30 16:01:57,158 [pool-77-thread-1] INFO  server.RaftServerConfigKeys (ConfUtils.java:logGet(43)) - raft.server.log.statemachine.data.sync.timeout.retry = -1 (default)
2019-09-30 16:01:57,158 [pool-87-thread-1] INFO  server.RaftServerConfigKeys (ConfUtils.java:logGet(43)) - raft.server.log.segment.size.max = 1048576 (custom)
2019-09-30 16:01:57,158 [pool-47-thread-1] INFO  server.RaftServerConfigKeys (ConfUtils.java:logGet(43)) - raft.server.log.queue.element-limit = 1024 (custom)
2019-09-30 16:01:57,159 [pool-87-thread-1] INFO  server.RaftServerConfigKeys (ConfUtils.java:logGet(43)) - raft.server.log.preallocated.size = 16384 (custom)
2019-09-30 16:01:57,159 [pool-77-thread-1] INFO  server.RaftServerConfigKeys (ConfUtils.java:logGet(43)) - raft.server.log.statemachine.data.caching.enabled = true (custom)
2019-09-30 16:01:57,159 [pool-87-thread-1] INFO  server.RaftServerConfigKeys (ConfUtils.java:logGet(43)) - raft.server.log.write.buffer.size = 33554432 (custom)
2019-09-30 16:01:57,159 [pool-47-thread-1] INFO  server.RaftServerConfigKeys (ConfUtils.java:logGet(43)) - raft.server.log.segment.size.max = 1048576 (custom)
2019-09-30 16:01:57,159 [pool-77-thread-1] INFO  segmented.SegmentedRaftLogWorker (SegmentedRaftLogWorker.java:lambda$new$0(132)) - 015a4de2-999c-4da4-9160-a94db250d366@group-9B63F15D9CB7-SegmentedRaftLogWorker: flushIndex: setUnconditionally 0 -> -1
2019-09-30 16:01:57,159 [pool-87-thread-1] INFO  server.RaftServerConfigKeys (ConfUtils.java:logGet(43)) - raft.server.log.force.sync.num = 128 (default)
2019-09-30 16:01:57,159 [pool-47-thread-1] INFO  server.RaftServerConfigKeys (ConfUtils.java:logGet(43)) - raft.server.log.preallocated.size = 16384 (custom)
2019-09-30 16:01:57,160 [pool-77-thread-1] INFO  server.RaftServerConfigKeys (ConfUtils.java:logGet(43)) - raft.server.snapshot.auto.trigger.enabled = true (custom)
2019-09-30 16:01:57,159 [pool-87-thread-1] INFO  server.RaftServerConfigKeys (ConfUtils.java:logGet(43)) - raft.server.log.statemachine.data.sync = true (default)
2019-09-30 16:01:57,160 [pool-77-thread-1] INFO  server.RaftServerConfigKeys (ConfUtils.java:logGet(43)) - raft.server.snapshot.auto.trigger.threshold = 10000 (custom)
2019-09-30 16:01:57,160 [pool-47-thread-1] INFO  server.RaftServerConfigKeys (ConfUtils.java:logGet(43)) - raft.server.log.write.buffer.size = 33554432 (custom)
2019-09-30 16:01:57,160 [pool-77-thread-1] INFO  server.RaftServerConfigKeys (ConfUtils.java:logGet(43)) - raft.server.snapshot.retention.num.files = 5 (custom)
2019-09-30 16:01:57,160 [pool-87-thread-1] INFO  server.RaftServerConfigKeys (ConfUtils.java:logGet(43)) - raft.server.log.statemachine.data.sync.timeout = 10s (default)
2019-09-30 16:01:57,160 [pool-77-thread-1] INFO  server.RaftServerConfigKeys (ConfUtils.java:logGet(43)) - raft.server.retrycache.expirytime = 600000ms (custom)
2019-09-30 16:01:57,160 [pool-47-thread-1] INFO  server.RaftServerConfigKeys (ConfUtils.java:logGet(43)) - raft.server.log.force.sync.num = 128 (default)
2019-09-30 16:01:57,160 [pool-87-thread-1] INFO  server.RaftServerConfigKeys (ConfUtils.java:logGet(43)) - raft.server.log.statemachine.data.sync.timeout.retry = -1 (default)
2019-09-30 16:01:57,161 [pool-47-thread-1] INFO  server.RaftServerConfigKeys (ConfUtils.java:logGet(43)) - raft.server.log.statemachine.data.sync = true (default)
2019-09-30 16:01:57,161 [pool-87-thread-1] INFO  server.RaftServerConfigKeys (ConfUtils.java:logGet(43)) - raft.server.log.statemachine.data.caching.enabled = true (custom)
2019-09-30 16:01:57,161 [pool-47-thread-1] INFO  server.RaftServerConfigKeys (ConfUtils.java:logGet(43)) - raft.server.log.statemachine.data.sync.timeout = 10s (default)
2019-09-30 16:01:57,161 [pool-87-thread-1] INFO  segmented.SegmentedRaftLogWorker (SegmentedRaftLogWorker.java:lambda$new$0(132)) - 5fd7a14c-bdfc-45f6-a1b2-8603da8d5d76@group-9B63F15D9CB7-SegmentedRaftLogWorker: flushIndex: setUnconditionally 0 -> -1
2019-09-30 16:01:57,161 [pool-47-thread-1] INFO  server.RaftServerConfigKeys (ConfUtils.java:logGet(43)) - raft.server.log.statemachine.data.sync.timeout.retry = -1 (default)
2019-09-30 16:01:57,161 [pool-87-thread-1] INFO  server.RaftServerConfigKeys (ConfUtils.java:logGet(43)) - raft.server.snapshot.auto.trigger.enabled = true (custom)
2019-09-30 16:01:57,161 [pool-47-thread-1] INFO  server.RaftServerConfigKeys (ConfUtils.java:logGet(43)) - raft.server.log.statemachine.data.caching.enabled = true (custom)
2019-09-30 16:01:57,161 [pool-87-thread-1] INFO  server.RaftServerConfigKeys (ConfUtils.java:logGet(43)) - raft.server.snapshot.auto.trigger.threshold = 10000 (custom)
2019-09-30 16:01:57,162 [pool-87-thread-1] INFO  server.RaftServerConfigKeys (ConfUtils.java:logGet(43)) - raft.server.snapshot.retention.num.files = 5 (custom)
2019-09-30 16:01:57,162 [pool-47-thread-1] INFO  segmented.SegmentedRaftLogWorker (SegmentedRaftLogWorker.java:lambda$new$0(132)) - aa7bbf0a-f784-4ea4-a59a-a4589e8b6dce@group-9B63F15D9CB7-SegmentedRaftLogWorker: flushIndex: setUnconditionally 0 -> -1
2019-09-30 16:01:57,162 [pool-87-thread-1] INFO  server.RaftServerConfigKeys (ConfUtils.java:logGet(43)) - raft.server.retrycache.expirytime = 600000ms (custom)
2019-09-30 16:01:57,162 [pool-47-thread-1] INFO  server.RaftServerConfigKeys (ConfUtils.java:logGet(43)) - raft.server.snapshot.auto.trigger.enabled = true (custom)
2019-09-30 16:01:57,162 [pool-47-thread-1] INFO  server.RaftServerConfigKeys (ConfUtils.java:logGet(43)) - raft.server.snapshot.auto.trigger.threshold = 10000 (custom)
2019-09-30 16:01:57,163 [pool-47-thread-1] INFO  server.RaftServerConfigKeys (ConfUtils.java:logGet(43)) - raft.server.snapshot.retention.num.files = 5 (custom)
2019-09-30 16:01:57,163 [pool-47-thread-1] INFO  server.RaftServerConfigKeys (ConfUtils.java:logGet(43)) - raft.server.retrycache.expirytime = 600000ms (custom)
2019-09-30 16:01:57,163 [pool-77-thread-1] INFO  impl.RaftServerImpl (RaftServerImpl.java:start(185)) - 015a4de2-999c-4da4-9160-a94db250d366@group-9B63F15D9CB7: start as a follower, conf=-1: [015a4de2-999c-4da4-9160-a94db250d366:192.168.5.180:36881, aa7bbf0a-f784-4ea4-a59a-a4589e8b6dce:192.168.5.180:45431, 5fd7a14c-bdfc-45f6-a1b2-8603da8d5d76:192.168.5.180:45958], old=null
2019-09-30 16:01:57,164 [pool-77-thread-1] INFO  impl.RaftServerImpl (RaftServerImpl.java:setRole(174)) - 015a4de2-999c-4da4-9160-a94db250d366@group-9B63F15D9CB7: changes role from      null to FOLLOWER at term 0 for startAsFollower
2019-09-30 16:01:57,164 [pool-77-thread-1] INFO  impl.RoleInfo (RoleInfo.java:updateAndGet(143)) - 015a4de2-999c-4da4-9160-a94db250d366: start FollowerState
2019-09-30 16:01:57,164 [pool-77-thread-1] INFO  util.JmxRegister (JmxRegister.java:tryRegister(44)) - Successfully registered JMX Bean with object name Ratis:service=RaftServer,group=group-9B63F15D9CB7,id=015a4de2-999c-4da4-9160-a94db250d366
2019-09-30 16:01:57,165 [pool-87-thread-1] INFO  impl.RaftServerImpl (RaftServerImpl.java:start(185)) - 5fd7a14c-bdfc-45f6-a1b2-8603da8d5d76@group-9B63F15D9CB7: start as a follower, conf=-1: [015a4de2-999c-4da4-9160-a94db250d366:192.168.5.180:36881, aa7bbf0a-f784-4ea4-a59a-a4589e8b6dce:192.168.5.180:45431, 5fd7a14c-bdfc-45f6-a1b2-8603da8d5d76:192.168.5.180:45958], old=null
2019-09-30 16:01:57,165 [pool-87-thread-1] INFO  impl.RaftServerImpl (RaftServerImpl.java:setRole(174)) - 5fd7a14c-bdfc-45f6-a1b2-8603da8d5d76@group-9B63F15D9CB7: changes role from      null to FOLLOWER at term 0 for startAsFollower
2019-09-30 16:01:57,165 [pool-87-thread-1] INFO  impl.RoleInfo (RoleInfo.java:updateAndGet(143)) - 5fd7a14c-bdfc-45f6-a1b2-8603da8d5d76: start FollowerState
2019-09-30 16:01:57,165 [pool-87-thread-1] INFO  util.JmxRegister (JmxRegister.java:tryRegister(44)) - Successfully registered JMX Bean with object name Ratis:service=RaftServer,group=group-9B63F15D9CB7,id=5fd7a14c-bdfc-45f6-a1b2-8603da8d5d76
2019-09-30 16:01:57,168 [pool-47-thread-1] INFO  impl.RaftServerImpl (RaftServerImpl.java:start(185)) - aa7bbf0a-f784-4ea4-a59a-a4589e8b6dce@group-9B63F15D9CB7: start as a follower, conf=-1: [015a4de2-999c-4da4-9160-a94db250d366:192.168.5.180:36881, aa7bbf0a-f784-4ea4-a59a-a4589e8b6dce:192.168.5.180:45431, 5fd7a14c-bdfc-45f6-a1b2-8603da8d5d76:192.168.5.180:45958], old=null
2019-09-30 16:01:57,168 [pool-47-thread-1] INFO  impl.RaftServerImpl (RaftServerImpl.java:setRole(174)) - aa7bbf0a-f784-4ea4-a59a-a4589e8b6dce@group-9B63F15D9CB7: changes role from      null to FOLLOWER at term 0 for startAsFollower
2019-09-30 16:01:57,169 [pool-47-thread-1] INFO  impl.RoleInfo (RoleInfo.java:updateAndGet(143)) - aa7bbf0a-f784-4ea4-a59a-a4589e8b6dce: start FollowerState
2019-09-30 16:01:57,173 [pool-47-thread-1] INFO  util.JmxRegister (JmxRegister.java:tryRegister(44)) - Successfully registered JMX Bean with object name Ratis:service=RaftServer,group=group-9B63F15D9CB7,id=aa7bbf0a-f784-4ea4-a59a-a4589e8b6dce
2019-09-30 16:01:57,192 [RatisPipelineUtilsThread] INFO  pipeline.PipelineStateManager (PipelineStateManager.java:addPipeline(56)) - Created pipeline Pipeline[ Id: 3627cdfa-4474-4277-9740-9b63f15d9cb7, Nodes: aa7bbf0a-f784-4ea4-a59a-a4589e8b6dce{ip: 192.168.5.180, host: pr-hdds-2199-dnstouuidmap-jw7l6-3685198730, networkLocation: /default-rack, certSerialId: null}015a4de2-999c-4da4-9160-a94db250d366{ip: 192.168.5.180, host: pr-hdds-2199-dnstouuidmap-jw7l6-3685198730, networkLocation: /default-rack, certSerialId: null}5fd7a14c-bdfc-45f6-a1b2-8603da8d5d76{ip: 192.168.5.180, host: pr-hdds-2199-dnstouuidmap-jw7l6-3685198730, networkLocation: /default-rack, certSerialId: null}, Type:RATIS, Factor:THREE, State:OPEN]
2019-09-30 16:01:57,513 [main] INFO  rpc.RpcClient (RpcClient.java:createVolume(276)) - Creating Volume: watchforcommithandlingtest, with jenkins1000 as owner.
2019-09-30 16:01:57,654 [IPC Server handler 2 on 39794] INFO  volume.OMVolumeCreateRequest (OMVolumeCreateRequest.java:validateAndUpdateCache(194)) - created volume:watchforcommithandlingtest for user:jenkins1000
2019-09-30 16:01:57,707 [main] INFO  rpc.RpcClient (RpcClient.java:createBucket(415)) - Creating Bucket: watchforcommithandlingtest/watchforcommithandlingtest, with Versioning false and Storage Type set to DISK and Encryption set to false 
2019-09-30 16:01:57,746 [main] INFO  ozone.MiniOzoneClusterImpl (MiniOzoneClusterImpl.java:getStorageContainerLocationClient(234)) - Creating StorageContainerLocationProtocol RPC client with address /0.0.0.0:38459
2019-09-30 16:01:58,248 [main] INFO  impl.MetricsSystemImpl (MetricsSystemImpl.java:init(158)) - XceiverClientMetrics metrics system started (again)
2019-09-30 16:01:58,350 [Thread-238] INFO  container.ReplicationManager (ReplicationManager.java:start(162)) - Starting Replication Monitor Thread.
2019-09-30 16:01:58,370 [ReplicationMonitor] INFO  container.ReplicationManager (ReplicationManager.java:run(225)) - Replication Monitor Thread took 12 milliseconds for processing 1 containers.
2019-09-30 16:02:01,220 [Thread-240] INFO  impl.FollowerState (FollowerState.java:run(106)) - f42e1d76-cf6f-4bc2-9079-fcc105a6b469:group-F49A17904A4D changes to CANDIDATE, lastRpcTime:5065, electionTimeout:5065ms
2019-09-30 16:02:01,226 [Thread-240] INFO  impl.RoleInfo (RoleInfo.java:shutdownFollowerState(121)) - f42e1d76-cf6f-4bc2-9079-fcc105a6b469: shutdown FollowerState
2019-09-30 16:02:01,226 [Thread-240] INFO  impl.RaftServerImpl (RaftServerImpl.java:setRole(174)) - f42e1d76-cf6f-4bc2-9079-fcc105a6b469@group-F49A17904A4D: changes role from  FOLLOWER to CANDIDATE at term 0 for changeToCandidate
2019-09-30 16:02:01,233 [Thread-240] INFO  impl.RoleInfo (RoleInfo.java:updateAndGet(143)) - f42e1d76-cf6f-4bc2-9079-fcc105a6b469: start LeaderElection
2019-09-30 16:02:01,252 [f42e1d76-cf6f-4bc2-9079-fcc105a6b469@group-F49A17904A4D:LeaderElection1] INFO  impl.LeaderElection (LeaderElection.java:askForVotes(182)) - f42e1d76-cf6f-4bc2-9079-fcc105a6b469@group-F49A17904A4D:LeaderElection1: begin an election at term 1 for -1: [f42e1d76-cf6f-4bc2-9079-fcc105a6b469:192.168.5.180:38871], old=null
2019-09-30 16:02:01,254 [f42e1d76-cf6f-4bc2-9079-fcc105a6b469@group-F49A17904A4D:LeaderElection1] INFO  impl.RoleInfo (RoleInfo.java:shutdownLeaderElection(134)) - f42e1d76-cf6f-4bc2-9079-fcc105a6b469: shutdown LeaderElection
2019-09-30 16:02:01,255 [f42e1d76-cf6f-4bc2-9079-fcc105a6b469@group-F49A17904A4D:LeaderElection1] INFO  impl.RaftServerImpl (RaftServerImpl.java:setRole(174)) - f42e1d76-cf6f-4bc2-9079-fcc105a6b469@group-F49A17904A4D: changes role from CANDIDATE to LEADER at term 1 for changeToLeader
2019-09-30 16:02:01,255 [f42e1d76-cf6f-4bc2-9079-fcc105a6b469@group-F49A17904A4D:LeaderElection1] INFO  impl.RaftServerImpl (ServerState.java:setLeader(253)) - f42e1d76-cf6f-4bc2-9079-fcc105a6b469@group-F49A17904A4D: change Leader from null to f42e1d76-cf6f-4bc2-9079-fcc105a6b469 at term 1 for becomeLeader, leader elected after 5224ms
2019-09-30 16:02:01,264 [f42e1d76-cf6f-4bc2-9079-fcc105a6b469@group-F49A17904A4D:LeaderElection1] INFO  server.RaftServerConfigKeys (ConfUtils.java:logGet(43)) - raft.server.staging.catchup.gap = 1000 (default)
2019-09-30 16:02:01,264 [f42e1d76-cf6f-4bc2-9079-fcc105a6b469@group-F49A17904A4D:LeaderElection1] INFO  server.RaftServerConfigKeys (ConfUtils.java:logGet(43)) - raft.server.rpc.sleep.time = 25ms (default)
2019-09-30 16:02:01,267 [f42e1d76-cf6f-4bc2-9079-fcc105a6b469@group-F49A17904A4D:LeaderElection1] INFO  server.RaftServerConfigKeys (ConfUtils.java:logGet(43)) - raft.server.write.element-limit = 4096 (default)
2019-09-30 16:02:01,270 [f42e1d76-cf6f-4bc2-9079-fcc105a6b469@group-F49A17904A4D:LeaderElection1] INFO  server.RaftServerConfigKeys (ConfUtils.java:logGet(43)) - raft.server.watch.timeout = 10s (default)
2019-09-30 16:02:01,270 [f42e1d76-cf6f-4bc2-9079-fcc105a6b469@group-F49A17904A4D:LeaderElection1] INFO  server.RaftServerConfigKeys (ConfUtils.java:logGet(43)) - raft.server.watch.timeout.denomination = 1s (default)
2019-09-30 16:02:01,271 [f42e1d76-cf6f-4bc2-9079-fcc105a6b469@group-F49A17904A4D:LeaderElection1] INFO  server.RaftServerConfigKeys (ConfUtils.java:logGet(43)) - raft.server.watch.element-limit = 65536 (default)
2019-09-30 16:02:01,283 [f42e1d76-cf6f-4bc2-9079-fcc105a6b469@group-F49A17904A4D:LeaderElection1] INFO  impl.RoleInfo (RoleInfo.java:updateAndGet(143)) - f42e1d76-cf6f-4bc2-9079-fcc105a6b469: start LeaderState
2019-09-30 16:02:01,306 [f42e1d76-cf6f-4bc2-9079-fcc105a6b469@group-F49A17904A4D:LeaderElection1] INFO  segmented.SegmentedRaftLogWorker (SegmentedRaftLogWorker.java:startLogSegment(380)) - f42e1d76-cf6f-4bc2-9079-fcc105a6b469@group-F49A17904A4D-SegmentedRaftLogWorker: Starting segment from index:0
2019-09-30 16:02:01,314 [f42e1d76-cf6f-4bc2-9079-fcc105a6b469@group-F49A17904A4D:LeaderElection1] INFO  impl.RaftServerImpl (ServerState.java:setRaftConf(354)) - f42e1d76-cf6f-4bc2-9079-fcc105a6b469@group-F49A17904A4D: set configuration 0: [f42e1d76-cf6f-4bc2-9079-fcc105a6b469:192.168.5.180:38871], old=null at 0
2019-09-30 16:02:01,521 [f42e1d76-cf6f-4bc2-9079-fcc105a6b469@group-F49A17904A4D-SegmentedRaftLogWorker] INFO  segmented.SegmentedRaftLogWorker (SegmentedRaftLogWorker.java:execute(569)) - f42e1d76-cf6f-4bc2-9079-fcc105a6b469@group-F49A17904A4D-SegmentedRaftLogWorker: created new log segment /workdir/hadoop-ozone/integration-test/target/test-dir/MiniOzoneClusterImpl-5c0c24fc-84a9-445a-b697-36e4edb9aec1/datanode-0/data/ratis/79b87cbe-fe59-4382-ace4-f49a17904a4d/current/log_inprogress_0
2019-09-30 16:02:01,526 [Thread-243] INFO  impl.FollowerState (FollowerState.java:run(106)) - a5dffc8e-0c2f-4c60-ad24-9a891b6ac97a:group-954CBB82C960 changes to CANDIDATE, lastRpcTime:5146, electionTimeout:5144ms
2019-09-30 16:02:01,530 [Thread-243] INFO  impl.RoleInfo (RoleInfo.java:shutdownFollowerState(121)) - a5dffc8e-0c2f-4c60-ad24-9a891b6ac97a: shutdown FollowerState
2019-09-30 16:02:01,530 [Thread-243] INFO  impl.RaftServerImpl (RaftServerImpl.java:setRole(174)) - a5dffc8e-0c2f-4c60-ad24-9a891b6ac97a@group-954CBB82C960: changes role from  FOLLOWER to CANDIDATE at term 0 for changeToCandidate
2019-09-30 16:02:01,530 [Thread-243] INFO  impl.RoleInfo (RoleInfo.java:updateAndGet(143)) - a5dffc8e-0c2f-4c60-ad24-9a891b6ac97a: start LeaderElection
2019-09-30 16:02:01,548 [a5dffc8e-0c2f-4c60-ad24-9a891b6ac97a@group-954CBB82C960:LeaderElection2] INFO  impl.LeaderElection (LeaderElection.java:askForVotes(182)) - a5dffc8e-0c2f-4c60-ad24-9a891b6ac97a@group-954CBB82C960:LeaderElection2: begin an election at term 1 for -1: [a5dffc8e-0c2f-4c60-ad24-9a891b6ac97a:192.168.5.180:44498], old=null
2019-09-30 16:02:01,550 [a5dffc8e-0c2f-4c60-ad24-9a891b6ac97a@group-954CBB82C960:LeaderElection2] INFO  impl.RoleInfo (RoleInfo.java:shutdownLeaderElection(134)) - a5dffc8e-0c2f-4c60-ad24-9a891b6ac97a: shutdown LeaderElection
2019-09-30 16:02:01,550 [a5dffc8e-0c2f-4c60-ad24-9a891b6ac97a@group-954CBB82C960:LeaderElection2] INFO  impl.RaftServerImpl (RaftServerImpl.java:setRole(174)) - a5dffc8e-0c2f-4c60-ad24-9a891b6ac97a@group-954CBB82C960: changes role from CANDIDATE to LEADER at term 1 for changeToLeader
2019-09-30 16:02:01,550 [a5dffc8e-0c2f-4c60-ad24-9a891b6ac97a@group-954CBB82C960:LeaderElection2] INFO  impl.RaftServerImpl (ServerState.java:setLeader(253)) - a5dffc8e-0c2f-4c60-ad24-9a891b6ac97a@group-954CBB82C960: change Leader from null to a5dffc8e-0c2f-4c60-ad24-9a891b6ac97a at term 1 for becomeLeader, leader elected after 5190ms
2019-09-30 16:02:01,552 [a5dffc8e-0c2f-4c60-ad24-9a891b6ac97a@group-954CBB82C960:LeaderElection2] INFO  server.RaftServerConfigKeys (ConfUtils.java:logGet(43)) - raft.server.staging.catchup.gap = 1000 (default)
2019-09-30 16:02:01,553 [a5dffc8e-0c2f-4c60-ad24-9a891b6ac97a@group-954CBB82C960:LeaderElection2] INFO  server.RaftServerConfigKeys (ConfUtils.java:logGet(43)) - raft.server.rpc.sleep.time = 25ms (default)
2019-09-30 16:02:01,553 [a5dffc8e-0c2f-4c60-ad24-9a891b6ac97a@group-954CBB82C960:LeaderElection2] INFO  server.RaftServerConfigKeys (ConfUtils.java:logGet(43)) - raft.server.write.element-limit = 4096 (default)
2019-09-30 16:02:01,553 [a5dffc8e-0c2f-4c60-ad24-9a891b6ac97a@group-954CBB82C960:LeaderElection2] INFO  server.RaftServerConfigKeys (ConfUtils.java:logGet(43)) - raft.server.watch.timeout = 10s (default)
2019-09-30 16:02:01,553 [a5dffc8e-0c2f-4c60-ad24-9a891b6ac97a@group-954CBB82C960:LeaderElection2] INFO  server.RaftServerConfigKeys (ConfUtils.java:logGet(43)) - raft.server.watch.timeout.denomination = 1s (default)
2019-09-30 16:02:01,553 [a5dffc8e-0c2f-4c60-ad24-9a891b6ac97a@group-954CBB82C960:LeaderElection2] INFO  server.RaftServerConfigKeys (ConfUtils.java:logGet(43)) - raft.server.watch.element-limit = 65536 (default)
2019-09-30 16:02:01,556 [a5dffc8e-0c2f-4c60-ad24-9a891b6ac97a@group-954CBB82C960:LeaderElection2] INFO  impl.RoleInfo (RoleInfo.java:updateAndGet(143)) - a5dffc8e-0c2f-4c60-ad24-9a891b6ac97a: start LeaderState
2019-09-30 16:02:01,557 [a5dffc8e-0c2f-4c60-ad24-9a891b6ac97a@group-954CBB82C960:LeaderElection2] INFO  segmented.SegmentedRaftLogWorker (SegmentedRaftLogWorker.java:startLogSegment(380)) - a5dffc8e-0c2f-4c60-ad24-9a891b6ac97a@group-954CBB82C960-SegmentedRaftLogWorker: Starting segment from index:0
2019-09-30 16:02:01,557 [a5dffc8e-0c2f-4c60-ad24-9a891b6ac97a@group-954CBB82C960:LeaderElection2] INFO  impl.RaftServerImpl (ServerState.java:setRaftConf(354)) - a5dffc8e-0c2f-4c60-ad24-9a891b6ac97a@group-954CBB82C960: set configuration 0: [a5dffc8e-0c2f-4c60-ad24-9a891b6ac97a:192.168.5.180:44498], old=null at 0
2019-09-30 16:02:01,606 [a5dffc8e-0c2f-4c60-ad24-9a891b6ac97a@group-954CBB82C960-SegmentedRaftLogWorker] INFO  segmented.SegmentedRaftLogWorker (SegmentedRaftLogWorker.java:execute(569)) - a5dffc8e-0c2f-4c60-ad24-9a891b6ac97a@group-954CBB82C960-SegmentedRaftLogWorker: created new log segment /workdir/hadoop-ozone/integration-test/target/test-dir/MiniOzoneClusterImpl-5c0c24fc-84a9-445a-b697-36e4edb9aec1/datanode-3/data/ratis/a55cad98-5485-4a5b-ac5b-954cbb82c960/current/log_inprogress_0
2019-09-30 16:02:01,716 [Thread-246] INFO  impl.FollowerState (FollowerState.java:run(106)) - 1fae45cc-3995-4f14-aa1a-c92c55d47df5:group-9530611D6CB5 changes to CANDIDATE, lastRpcTime:5167, electionTimeout:5167ms
2019-09-30 16:02:01,716 [Thread-246] INFO  impl.RoleInfo (RoleInfo.java:shutdownFollowerState(121)) - 1fae45cc-3995-4f14-aa1a-c92c55d47df5: shutdown FollowerState
2019-09-30 16:02:01,716 [Thread-246] INFO  impl.RaftServerImpl (RaftServerImpl.java:setRole(174)) - 1fae45cc-3995-4f14-aa1a-c92c55d47df5@group-9530611D6CB5: changes role from  FOLLOWER to CANDIDATE at term 0 for changeToCandidate
2019-09-30 16:02:01,717 [Thread-246] INFO  impl.RoleInfo (RoleInfo.java:updateAndGet(143)) - 1fae45cc-3995-4f14-aa1a-c92c55d47df5: start LeaderElection
2019-09-30 16:02:01,756 [1fae45cc-3995-4f14-aa1a-c92c55d47df5@group-9530611D6CB5:LeaderElection3] INFO  impl.LeaderElection (LeaderElection.java:askForVotes(182)) - 1fae45cc-3995-4f14-aa1a-c92c55d47df5@group-9530611D6CB5:LeaderElection3: begin an election at term 1 for -1: [1fae45cc-3995-4f14-aa1a-c92c55d47df5:192.168.5.180:39562], old=null
2019-09-30 16:02:01,757 [1fae45cc-3995-4f14-aa1a-c92c55d47df5@group-9530611D6CB5:LeaderElection3] INFO  impl.RoleInfo (RoleInfo.java:shutdownLeaderElection(134)) - 1fae45cc-3995-4f14-aa1a-c92c55d47df5: shutdown LeaderElection
2019-09-30 16:02:01,757 [1fae45cc-3995-4f14-aa1a-c92c55d47df5@group-9530611D6CB5:LeaderElection3] INFO  impl.RaftServerImpl (RaftServerImpl.java:setRole(174)) - 1fae45cc-3995-4f14-aa1a-c92c55d47df5@group-9530611D6CB5: changes role from CANDIDATE to LEADER at term 1 for changeToLeader
2019-09-30 16:02:01,757 [1fae45cc-3995-4f14-aa1a-c92c55d47df5@group-9530611D6CB5:LeaderElection3] INFO  impl.RaftServerImpl (ServerState.java:setLeader(253)) - 1fae45cc-3995-4f14-aa1a-c92c55d47df5@group-9530611D6CB5: change Leader from null to 1fae45cc-3995-4f14-aa1a-c92c55d47df5 at term 1 for becomeLeader, leader elected after 5266ms
2019-09-30 16:02:01,759 [1fae45cc-3995-4f14-aa1a-c92c55d47df5@group-9530611D6CB5:LeaderElection3] INFO  server.RaftServerConfigKeys (ConfUtils.java:logGet(43)) - raft.server.staging.catchup.gap = 1000 (default)
2019-09-30 16:02:01,759 [1fae45cc-3995-4f14-aa1a-c92c55d47df5@group-9530611D6CB5:LeaderElection3] INFO  server.RaftServerConfigKeys (ConfUtils.java:logGet(43)) - raft.server.rpc.sleep.time = 25ms (default)
2019-09-30 16:02:01,759 [1fae45cc-3995-4f14-aa1a-c92c55d47df5@group-9530611D6CB5:LeaderElection3] INFO  server.RaftServerConfigKeys (ConfUtils.java:logGet(43)) - raft.server.write.element-limit = 4096 (default)
2019-09-30 16:02:01,759 [1fae45cc-3995-4f14-aa1a-c92c55d47df5@group-9530611D6CB5:LeaderElection3] INFO  server.RaftServerConfigKeys (ConfUtils.java:logGet(43)) - raft.server.watch.timeout = 10s (default)
2019-09-30 16:02:01,759 [1fae45cc-3995-4f14-aa1a-c92c55d47df5@group-9530611D6CB5:LeaderElection3] INFO  server.RaftServerConfigKeys (ConfUtils.java:logGet(43)) - raft.server.watch.timeout.denomination = 1s (default)
2019-09-30 16:02:01,759 [1fae45cc-3995-4f14-aa1a-c92c55d47df5@group-9530611D6CB5:LeaderElection3] INFO  server.RaftServerConfigKeys (ConfUtils.java:logGet(43)) - raft.server.watch.element-limit = 65536 (default)
2019-09-30 16:02:01,762 [1fae45cc-3995-4f14-aa1a-c92c55d47df5@group-9530611D6CB5:LeaderElection3] INFO  impl.RoleInfo (RoleInfo.java:updateAndGet(143)) - 1fae45cc-3995-4f14-aa1a-c92c55d47df5: start LeaderState
2019-09-30 16:02:01,762 [1fae45cc-3995-4f14-aa1a-c92c55d47df5@group-9530611D6CB5:LeaderElection3] INFO  segmented.SegmentedRaftLogWorker (SegmentedRaftLogWorker.java:startLogSegment(380)) - 1fae45cc-3995-4f14-aa1a-c92c55d47df5@group-9530611D6CB5-SegmentedRaftLogWorker: Starting segment from index:0
2019-09-30 16:02:01,763 [1fae45cc-3995-4f14-aa1a-c92c55d47df5@group-9530611D6CB5:LeaderElection3] INFO  impl.RaftServerImpl (ServerState.java:setRaftConf(354)) - 1fae45cc-3995-4f14-aa1a-c92c55d47df5@group-9530611D6CB5: set configuration 0: [1fae45cc-3995-4f14-aa1a-c92c55d47df5:192.168.5.180:39562], old=null at 0
2019-09-30 16:02:01,821 [1fae45cc-3995-4f14-aa1a-c92c55d47df5@group-9530611D6CB5-SegmentedRaftLogWorker] INFO  segmented.SegmentedRaftLogWorker (SegmentedRaftLogWorker.java:execute(569)) - 1fae45cc-3995-4f14-aa1a-c92c55d47df5@group-9530611D6CB5-SegmentedRaftLogWorker: created new log segment /workdir/hadoop-ozone/integration-test/target/test-dir/MiniOzoneClusterImpl-5c0c24fc-84a9-445a-b697-36e4edb9aec1/datanode-1/data/ratis/4bef2877-1723-4375-9be9-9530611d6cb5/current/log_inprogress_0
2019-09-30 16:02:01,827 [Thread-249] INFO  impl.FollowerState (FollowerState.java:run(106)) - aa7bbf0a-f784-4ea4-a59a-a4589e8b6dce:group-FBAF44084DB2 changes to CANDIDATE, lastRpcTime:5181, electionTimeout:5181ms
2019-09-30 16:02:01,827 [Thread-249] INFO  impl.RoleInfo (RoleInfo.java:shutdownFollowerState(121)) - aa7bbf0a-f784-4ea4-a59a-a4589e8b6dce: shutdown FollowerState
2019-09-30 16:02:01,827 [Thread-249] INFO  impl.RaftServerImpl (RaftServerImpl.java:setRole(174)) - aa7bbf0a-f784-4ea4-a59a-a4589e8b6dce@group-FBAF44084DB2: changes role from  FOLLOWER to CANDIDATE at term 0 for changeToCandidate
2019-09-30 16:02:01,827 [Thread-249] INFO  impl.RoleInfo (RoleInfo.java:updateAndGet(143)) - aa7bbf0a-f784-4ea4-a59a-a4589e8b6dce: start LeaderElection
2019-09-30 16:02:01,845 [aa7bbf0a-f784-4ea4-a59a-a4589e8b6dce@group-FBAF44084DB2:LeaderElection4] INFO  impl.LeaderElection (LeaderElection.java:askForVotes(182)) - aa7bbf0a-f784-4ea4-a59a-a4589e8b6dce@group-FBAF44084DB2:LeaderElection4: begin an election at term 1 for -1: [aa7bbf0a-f784-4ea4-a59a-a4589e8b6dce:192.168.5.180:45431], old=null
2019-09-30 16:02:01,845 [aa7bbf0a-f784-4ea4-a59a-a4589e8b6dce@group-FBAF44084DB2:LeaderElection4] INFO  impl.RoleInfo (RoleInfo.java:shutdownLeaderElection(134)) - aa7bbf0a-f784-4ea4-a59a-a4589e8b6dce: shutdown LeaderElection
2019-09-30 16:02:01,845 [aa7bbf0a-f784-4ea4-a59a-a4589e8b6dce@group-FBAF44084DB2:LeaderElection4] INFO  impl.RaftServerImpl (RaftServerImpl.java:setRole(174)) - aa7bbf0a-f784-4ea4-a59a-a4589e8b6dce@group-FBAF44084DB2: changes role from CANDIDATE to LEADER at term 1 for changeToLeader
2019-09-30 16:02:01,845 [aa7bbf0a-f784-4ea4-a59a-a4589e8b6dce@group-FBAF44084DB2:LeaderElection4] INFO  impl.RaftServerImpl (ServerState.java:setLeader(253)) - aa7bbf0a-f784-4ea4-a59a-a4589e8b6dce@group-FBAF44084DB2: change Leader from null to aa7bbf0a-f784-4ea4-a59a-a4589e8b6dce at term 1 for becomeLeader, leader elected after 5219ms
2019-09-30 16:02:01,847 [aa7bbf0a-f784-4ea4-a59a-a4589e8b6dce@group-FBAF44084DB2:LeaderElection4] INFO  server.RaftServerConfigKeys (ConfUtils.java:logGet(43)) - raft.server.staging.catchup.gap = 1000 (default)
2019-09-30 16:02:01,848 [aa7bbf0a-f784-4ea4-a59a-a4589e8b6dce@group-FBAF44084DB2:LeaderElection4] INFO  server.RaftServerConfigKeys (ConfUtils.java:logGet(43)) - raft.server.rpc.sleep.time = 25ms (default)
2019-09-30 16:02:01,848 [aa7bbf0a-f784-4ea4-a59a-a4589e8b6dce@group-FBAF44084DB2:LeaderElection4] INFO  server.RaftServerConfigKeys (ConfUtils.java:logGet(43)) - raft.server.write.element-limit = 4096 (default)
2019-09-30 16:02:01,848 [aa7bbf0a-f784-4ea4-a59a-a4589e8b6dce@group-FBAF44084DB2:LeaderElection4] INFO  server.RaftServerConfigKeys (ConfUtils.java:logGet(43)) - raft.server.watch.timeout = 10s (default)
2019-09-30 16:02:01,848 [aa7bbf0a-f784-4ea4-a59a-a4589e8b6dce@group-FBAF44084DB2:LeaderElection4] INFO  server.RaftServerConfigKeys (ConfUtils.java:logGet(43)) - raft.server.watch.timeout.denomination = 1s (default)
2019-09-30 16:02:01,848 [aa7bbf0a-f784-4ea4-a59a-a4589e8b6dce@group-FBAF44084DB2:LeaderElection4] INFO  server.RaftServerConfigKeys (ConfUtils.java:logGet(43)) - raft.server.watch.element-limit = 65536 (default)
2019-09-30 16:02:01,851 [aa7bbf0a-f784-4ea4-a59a-a4589e8b6dce@group-FBAF44084DB2:LeaderElection4] INFO  impl.RoleInfo (RoleInfo.java:updateAndGet(143)) - aa7bbf0a-f784-4ea4-a59a-a4589e8b6dce: start LeaderState
2019-09-30 16:02:01,852 [aa7bbf0a-f784-4ea4-a59a-a4589e8b6dce@group-FBAF44084DB2:LeaderElection4] INFO  segmented.SegmentedRaftLogWorker (SegmentedRaftLogWorker.java:startLogSegment(380)) - aa7bbf0a-f784-4ea4-a59a-a4589e8b6dce@group-FBAF44084DB2-SegmentedRaftLogWorker: Starting segment from index:0
2019-09-30 16:02:01,852 [aa7bbf0a-f784-4ea4-a59a-a4589e8b6dce@group-FBAF44084DB2:LeaderElection4] INFO  impl.RaftServerImpl (ServerState.java:setRaftConf(354)) - aa7bbf0a-f784-4ea4-a59a-a4589e8b6dce@group-FBAF44084DB2: set configuration 0: [aa7bbf0a-f784-4ea4-a59a-a4589e8b6dce:192.168.5.180:45431], old=null at 0
2019-09-30 16:02:01,890 [Thread-255] INFO  impl.FollowerState (FollowerState.java:run(106)) - 5fd7a14c-bdfc-45f6-a1b2-8603da8d5d76:group-D00CF05B23A7 changes to CANDIDATE, lastRpcTime:5045, electionTimeout:5009ms
2019-09-30 16:02:01,891 [Thread-255] INFO  impl.RoleInfo (RoleInfo.java:shutdownFollowerState(121)) - 5fd7a14c-bdfc-45f6-a1b2-8603da8d5d76: shutdown FollowerState
2019-09-30 16:02:01,891 [Thread-255] INFO  impl.RaftServerImpl (RaftServerImpl.java:setRole(174)) - 5fd7a14c-bdfc-45f6-a1b2-8603da8d5d76@group-D00CF05B23A7: changes role from  FOLLOWER to CANDIDATE at term 0 for changeToCandidate
2019-09-30 16:02:01,891 [Thread-255] INFO  impl.RoleInfo (RoleInfo.java:updateAndGet(143)) - 5fd7a14c-bdfc-45f6-a1b2-8603da8d5d76: start LeaderElection
2019-09-30 16:02:01,895 [Thread-252] INFO  impl.FollowerState (FollowerState.java:run(106)) - 015a4de2-999c-4da4-9160-a94db250d366:group-55C24B651C10 changes to CANDIDATE, lastRpcTime:5144, electionTimeout:5143ms
2019-09-30 16:02:01,896 [Thread-252] INFO  impl.RoleInfo (RoleInfo.java:shutdownFollowerState(121)) - 015a4de2-999c-4da4-9160-a94db250d366: shutdown FollowerState
2019-09-30 16:02:01,896 [Thread-252] INFO  impl.RaftServerImpl (RaftServerImpl.java:setRole(174)) - 015a4de2-999c-4da4-9160-a94db250d366@group-55C24B651C10: changes role from  FOLLOWER to CANDIDATE at term 0 for changeToCandidate
2019-09-30 16:02:01,896 [Thread-252] INFO  impl.RoleInfo (RoleInfo.java:updateAndGet(143)) - 015a4de2-999c-4da4-9160-a94db250d366: start LeaderElection
2019-09-30 16:02:01,904 [aa7bbf0a-f784-4ea4-a59a-a4589e8b6dce@group-FBAF44084DB2-SegmentedRaftLogWorker] INFO  segmented.SegmentedRaftLogWorker (SegmentedRaftLogWorker.java:execute(569)) - aa7bbf0a-f784-4ea4-a59a-a4589e8b6dce@group-FBAF44084DB2-SegmentedRaftLogWorker: created new log segment /workdir/hadoop-ozone/integration-test/target/test-dir/MiniOzoneClusterImpl-5c0c24fc-84a9-445a-b697-36e4edb9aec1/datanode-2/data/ratis/f0303bfa-5ac7-4ca7-a262-fbaf44084db2/current/log_inprogress_0
2019-09-30 16:02:01,904 [5fd7a14c-bdfc-45f6-a1b2-8603da8d5d76@group-D00CF05B23A7:LeaderElection5] INFO  impl.LeaderElection (LeaderElection.java:askForVotes(182)) - 5fd7a14c-bdfc-45f6-a1b2-8603da8d5d76@group-D00CF05B23A7:LeaderElection5: begin an election at term 1 for -1: [5fd7a14c-bdfc-45f6-a1b2-8603da8d5d76:192.168.5.180:45958], old=null
2019-09-30 16:02:01,904 [5fd7a14c-bdfc-45f6-a1b2-8603da8d5d76@group-D00CF05B23A7:LeaderElection5] INFO  impl.RoleInfo (RoleInfo.java:shutdownLeaderElection(134)) - 5fd7a14c-bdfc-45f6-a1b2-8603da8d5d76: shutdown LeaderElection
2019-09-30 16:02:01,905 [5fd7a14c-bdfc-45f6-a1b2-8603da8d5d76@group-D00CF05B23A7:LeaderElection5] INFO  impl.RaftServerImpl (RaftServerImpl.java:setRole(174)) - 5fd7a14c-bdfc-45f6-a1b2-8603da8d5d76@group-D00CF05B23A7: changes role from CANDIDATE to LEADER at term 1 for changeToLeader
2019-09-30 16:02:01,905 [5fd7a14c-bdfc-45f6-a1b2-8603da8d5d76@group-D00CF05B23A7:LeaderElection5] INFO  impl.RaftServerImpl (ServerState.java:setLeader(253)) - 5fd7a14c-bdfc-45f6-a1b2-8603da8d5d76@group-D00CF05B23A7: change Leader from null to 5fd7a14c-bdfc-45f6-a1b2-8603da8d5d76 at term 1 for becomeLeader, leader elected after 5074ms
2019-09-30 16:02:01,905 [015a4de2-999c-4da4-9160-a94db250d366@group-55C24B651C10:LeaderElection6] INFO  impl.LeaderElection (LeaderElection.java:askForVotes(182)) - 015a4de2-999c-4da4-9160-a94db250d366@group-55C24B651C10:LeaderElection6: begin an election at term 1 for -1: [015a4de2-999c-4da4-9160-a94db250d366:192.168.5.180:36881], old=null
2019-09-30 16:02:01,908 [5fd7a14c-bdfc-45f6-a1b2-8603da8d5d76@group-D00CF05B23A7:LeaderElection5] INFO  server.RaftServerConfigKeys (ConfUtils.java:logGet(43)) - raft.server.staging.catchup.gap = 1000 (default)
2019-09-30 16:02:01,909 [015a4de2-999c-4da4-9160-a94db250d366@group-55C24B651C10:LeaderElection6] INFO  impl.RoleInfo (RoleInfo.java:shutdownLeaderElection(134)) - 015a4de2-999c-4da4-9160-a94db250d366: shutdown LeaderElection
2019-09-30 16:02:01,909 [5fd7a14c-bdfc-45f6-a1b2-8603da8d5d76@group-D00CF05B23A7:LeaderElection5] INFO  server.RaftServerConfigKeys (ConfUtils.java:logGet(43)) - raft.server.rpc.sleep.time = 25ms (default)
2019-09-30 16:02:01,910 [5fd7a14c-bdfc-45f6-a1b2-8603da8d5d76@group-D00CF05B23A7:LeaderElection5] INFO  server.RaftServerConfigKeys (ConfUtils.java:logGet(43)) - raft.server.write.element-limit = 4096 (default)
2019-09-30 16:02:01,910 [5fd7a14c-bdfc-45f6-a1b2-8603da8d5d76@group-D00CF05B23A7:LeaderElection5] INFO  server.RaftServerConfigKeys (ConfUtils.java:logGet(43)) - raft.server.watch.timeout = 10s (default)
2019-09-30 16:02:01,910 [5fd7a14c-bdfc-45f6-a1b2-8603da8d5d76@group-D00CF05B23A7:LeaderElection5] INFO  server.RaftServerConfigKeys (ConfUtils.java:logGet(43)) - raft.server.watch.timeout.denomination = 1s (default)
2019-09-30 16:02:01,911 [5fd7a14c-bdfc-45f6-a1b2-8603da8d5d76@group-D00CF05B23A7:LeaderElection5] INFO  server.RaftServerConfigKeys (ConfUtils.java:logGet(43)) - raft.server.watch.element-limit = 65536 (default)
2019-09-30 16:02:01,909 [015a4de2-999c-4da4-9160-a94db250d366@group-55C24B651C10:LeaderElection6] INFO  impl.RaftServerImpl (RaftServerImpl.java:setRole(174)) - 015a4de2-999c-4da4-9160-a94db250d366@group-55C24B651C10: changes role from CANDIDATE to LEADER at term 1 for changeToLeader
2019-09-30 16:02:01,912 [015a4de2-999c-4da4-9160-a94db250d366@group-55C24B651C10:LeaderElection6] INFO  impl.RaftServerImpl (ServerState.java:setLeader(253)) - 015a4de2-999c-4da4-9160-a94db250d366@group-55C24B651C10: change Leader from null to 015a4de2-999c-4da4-9160-a94db250d366 at term 1 for becomeLeader, leader elected after 5179ms
2019-09-30 16:02:01,917 [015a4de2-999c-4da4-9160-a94db250d366@group-55C24B651C10:LeaderElection6] INFO  server.RaftServerConfigKeys (ConfUtils.java:logGet(43)) - raft.server.staging.catchup.gap = 1000 (default)
2019-09-30 16:02:01,917 [015a4de2-999c-4da4-9160-a94db250d366@group-55C24B651C10:LeaderElection6] INFO  server.RaftServerConfigKeys (ConfUtils.java:logGet(43)) - raft.server.rpc.sleep.time = 25ms (default)
2019-09-30 16:02:01,918 [015a4de2-999c-4da4-9160-a94db250d366@group-55C24B651C10:LeaderElection6] INFO  server.RaftServerConfigKeys (ConfUtils.java:logGet(43)) - raft.server.write.element-limit = 4096 (default)
2019-09-30 16:02:01,918 [015a4de2-999c-4da4-9160-a94db250d366@group-55C24B651C10:LeaderElection6] INFO  server.RaftServerConfigKeys (ConfUtils.java:logGet(43)) - raft.server.watch.timeout = 10s (default)
2019-09-30 16:02:01,918 [015a4de2-999c-4da4-9160-a94db250d366@group-55C24B651C10:LeaderElection6] INFO  server.RaftServerConfigKeys (ConfUtils.java:logGet(43)) - raft.server.watch.timeout.denomination = 1s (default)
2019-09-30 16:02:01,919 [015a4de2-999c-4da4-9160-a94db250d366@group-55C24B651C10:LeaderElection6] INFO  server.RaftServerConfigKeys (ConfUtils.java:logGet(43)) - raft.server.watch.element-limit = 65536 (default)
2019-09-30 16:02:01,920 [5fd7a14c-bdfc-45f6-a1b2-8603da8d5d76@group-D00CF05B23A7:LeaderElection5] INFO  impl.RoleInfo (RoleInfo.java:updateAndGet(143)) - 5fd7a14c-bdfc-45f6-a1b2-8603da8d5d76: start LeaderState
2019-09-30 16:02:01,921 [5fd7a14c-bdfc-45f6-a1b2-8603da8d5d76@group-D00CF05B23A7:LeaderElection5] INFO  segmented.SegmentedRaftLogWorker (SegmentedRaftLogWorker.java:startLogSegment(380)) - 5fd7a14c-bdfc-45f6-a1b2-8603da8d5d76@group-D00CF05B23A7-SegmentedRaftLogWorker: Starting segment from index:0
2019-09-30 16:02:01,921 [5fd7a14c-bdfc-45f6-a1b2-8603da8d5d76@group-D00CF05B23A7:LeaderElection5] INFO  impl.RaftServerImpl (ServerState.java:setRaftConf(354)) - 5fd7a14c-bdfc-45f6-a1b2-8603da8d5d76@group-D00CF05B23A7: set configuration 0: [5fd7a14c-bdfc-45f6-a1b2-8603da8d5d76:192.168.5.180:45958], old=null at 0
2019-09-30 16:02:01,956 [015a4de2-999c-4da4-9160-a94db250d366@group-55C24B651C10:LeaderElection6] INFO  impl.RoleInfo (RoleInfo.java:updateAndGet(143)) - 015a4de2-999c-4da4-9160-a94db250d366: start LeaderState
2019-09-30 16:02:01,956 [015a4de2-999c-4da4-9160-a94db250d366@group-55C24B651C10:LeaderElection6] INFO  segmented.SegmentedRaftLogWorker (SegmentedRaftLogWorker.java:startLogSegment(380)) - 015a4de2-999c-4da4-9160-a94db250d366@group-55C24B651C10-SegmentedRaftLogWorker: Starting segment from index:0
2019-09-30 16:02:01,957 [015a4de2-999c-4da4-9160-a94db250d366@group-55C24B651C10:LeaderElection6] INFO  impl.RaftServerImpl (ServerState.java:setRaftConf(354)) - 015a4de2-999c-4da4-9160-a94db250d366@group-55C24B651C10: set configuration 0: [015a4de2-999c-4da4-9160-a94db250d366:192.168.5.180:36881], old=null at 0
2019-09-30 16:02:01,993 [5fd7a14c-bdfc-45f6-a1b2-8603da8d5d76@group-D00CF05B23A7-SegmentedRaftLogWorker] INFO  segmented.SegmentedRaftLogWorker (SegmentedRaftLogWorker.java:execute(569)) - 5fd7a14c-bdfc-45f6-a1b2-8603da8d5d76@group-D00CF05B23A7-SegmentedRaftLogWorker: created new log segment /workdir/hadoop-ozone/integration-test/target/test-dir/MiniOzoneClusterImpl-5c0c24fc-84a9-445a-b697-36e4edb9aec1/datanode-6/data/ratis/e6e3e4d6-2c6b-44b3-8ca7-d00cf05b23a7/current/log_inprogress_0
2019-09-30 16:02:02,005 [015a4de2-999c-4da4-9160-a94db250d366@group-55C24B651C10-SegmentedRaftLogWorker] INFO  segmented.SegmentedRaftLogWorker (SegmentedRaftLogWorker.java:execute(569)) - 015a4de2-999c-4da4-9160-a94db250d366@group-55C24B651C10-SegmentedRaftLogWorker: created new log segment /workdir/hadoop-ozone/integration-test/target/test-dir/MiniOzoneClusterImpl-5c0c24fc-84a9-445a-b697-36e4edb9aec1/datanode-5/data/ratis/d7f2ba8b-71ee-4c61-ac32-55c24b651c10/current/log_inprogress_0
2019-09-30 16:02:02,100 [Thread-258] INFO  impl.FollowerState (FollowerState.java:run(106)) - d2410404-97fe-427e-9e9a-0a0876f0008b:group-57EF7E17BD9D changes to CANDIDATE, lastRpcTime:5162, electionTimeout:5162ms
2019-09-30 16:02:02,101 [Thread-258] INFO  impl.RoleInfo (RoleInfo.java:shutdownFollowerState(121)) - d2410404-97fe-427e-9e9a-0a0876f0008b: shutdown FollowerState
2019-09-30 16:02:02,101 [Thread-258] INFO  impl.RaftServerImpl (RaftServerImpl.java:setRole(174)) - d2410404-97fe-427e-9e9a-0a0876f0008b@group-57EF7E17BD9D: changes role from  FOLLOWER to CANDIDATE at term 0 for changeToCandidate
2019-09-30 16:02:02,101 [Thread-258] INFO  impl.RoleInfo (RoleInfo.java:updateAndGet(143)) - d2410404-97fe-427e-9e9a-0a0876f0008b: start LeaderElection
2019-09-30 16:02:02,115 [d2410404-97fe-427e-9e9a-0a0876f0008b@group-57EF7E17BD9D:LeaderElection7] INFO  impl.LeaderElection (LeaderElection.java:askForVotes(182)) - d2410404-97fe-427e-9e9a-0a0876f0008b@group-57EF7E17BD9D:LeaderElection7: begin an election at term 1 for -1: [d2410404-97fe-427e-9e9a-0a0876f0008b:192.168.5.180:41625], old=null
2019-09-30 16:02:02,115 [d2410404-97fe-427e-9e9a-0a0876f0008b@group-57EF7E17BD9D:LeaderElection7] INFO  impl.RoleInfo (RoleInfo.java:shutdownLeaderElection(134)) - d2410404-97fe-427e-9e9a-0a0876f0008b: shutdown LeaderElection
2019-09-30 16:02:02,115 [d2410404-97fe-427e-9e9a-0a0876f0008b@group-57EF7E17BD9D:LeaderElection7] INFO  impl.RaftServerImpl (RaftServerImpl.java:setRole(174)) - d2410404-97fe-427e-9e9a-0a0876f0008b@group-57EF7E17BD9D: changes role from CANDIDATE to LEADER at term 1 for changeToLeader
2019-09-30 16:02:02,115 [d2410404-97fe-427e-9e9a-0a0876f0008b@group-57EF7E17BD9D:LeaderElection7] INFO  impl.RaftServerImpl (ServerState.java:setLeader(253)) - d2410404-97fe-427e-9e9a-0a0876f0008b@group-57EF7E17BD9D: change Leader from null to d2410404-97fe-427e-9e9a-0a0876f0008b at term 1 for becomeLeader, leader elected after 5186ms
2019-09-30 16:02:02,117 [d2410404-97fe-427e-9e9a-0a0876f0008b@group-57EF7E17BD9D:LeaderElection7] INFO  server.RaftServerConfigKeys (ConfUtils.java:logGet(43)) - raft.server.staging.catchup.gap = 1000 (default)
2019-09-30 16:02:02,118 [d2410404-97fe-427e-9e9a-0a0876f0008b@group-57EF7E17BD9D:LeaderElection7] INFO  server.RaftServerConfigKeys (ConfUtils.java:logGet(43)) - raft.server.rpc.sleep.time = 25ms (default)
2019-09-30 16:02:02,118 [d2410404-97fe-427e-9e9a-0a0876f0008b@group-57EF7E17BD9D:LeaderElection7] INFO  server.RaftServerConfigKeys (ConfUtils.java:logGet(43)) - raft.server.write.element-limit = 4096 (default)
2019-09-30 16:02:02,118 [d2410404-97fe-427e-9e9a-0a0876f0008b@group-57EF7E17BD9D:LeaderElection7] INFO  server.RaftServerConfigKeys (ConfUtils.java:logGet(43)) - raft.server.watch.timeout = 10s (default)
2019-09-30 16:02:02,118 [d2410404-97fe-427e-9e9a-0a0876f0008b@group-57EF7E17BD9D:LeaderElection7] INFO  server.RaftServerConfigKeys (ConfUtils.java:logGet(43)) - raft.server.watch.timeout.denomination = 1s (default)
2019-09-30 16:02:02,118 [d2410404-97fe-427e-9e9a-0a0876f0008b@group-57EF7E17BD9D:LeaderElection7] INFO  server.RaftServerConfigKeys (ConfUtils.java:logGet(43)) - raft.server.watch.element-limit = 65536 (default)
2019-09-30 16:02:02,122 [d2410404-97fe-427e-9e9a-0a0876f0008b@group-57EF7E17BD9D:LeaderElection7] INFO  impl.RoleInfo (RoleInfo.java:updateAndGet(143)) - d2410404-97fe-427e-9e9a-0a0876f0008b: start LeaderState
2019-09-30 16:02:02,122 [d2410404-97fe-427e-9e9a-0a0876f0008b@group-57EF7E17BD9D:LeaderElection7] INFO  segmented.SegmentedRaftLogWorker (SegmentedRaftLogWorker.java:startLogSegment(380)) - d2410404-97fe-427e-9e9a-0a0876f0008b@group-57EF7E17BD9D-SegmentedRaftLogWorker: Starting segment from index:0
2019-09-30 16:02:02,123 [d2410404-97fe-427e-9e9a-0a0876f0008b@group-57EF7E17BD9D:LeaderElection7] INFO  impl.RaftServerImpl (ServerState.java:setRaftConf(354)) - d2410404-97fe-427e-9e9a-0a0876f0008b@group-57EF7E17BD9D: set configuration 0: [d2410404-97fe-427e-9e9a-0a0876f0008b:192.168.5.180:41625], old=null at 0
2019-09-30 16:02:02,173 [d2410404-97fe-427e-9e9a-0a0876f0008b@group-57EF7E17BD9D-SegmentedRaftLogWorker] INFO  segmented.SegmentedRaftLogWorker (SegmentedRaftLogWorker.java:execute(569)) - d2410404-97fe-427e-9e9a-0a0876f0008b@group-57EF7E17BD9D-SegmentedRaftLogWorker: created new log segment /workdir/hadoop-ozone/integration-test/target/test-dir/MiniOzoneClusterImpl-5c0c24fc-84a9-445a-b697-36e4edb9aec1/datanode-4/data/ratis/8d268382-3ad9-448a-b4bd-57ef7e17bd9d/current/log_inprogress_0
2019-09-30 16:02:02,179 [Thread-266] INFO  impl.FollowerState (FollowerState.java:run(106)) - a5dffc8e-0c2f-4c60-ad24-9a891b6ac97a:group-3C5B330A738C changes to CANDIDATE, lastRpcTime:5128, electionTimeout:5126ms
2019-09-30 16:02:02,179 [Thread-266] INFO  impl.RoleInfo (RoleInfo.java:shutdownFollowerState(121)) - a5dffc8e-0c2f-4c60-ad24-9a891b6ac97a: shutdown FollowerState
2019-09-30 16:02:02,180 [Thread-266] INFO  impl.RaftServerImpl (RaftServerImpl.java:setRole(174)) - a5dffc8e-0c2f-4c60-ad24-9a891b6ac97a@group-3C5B330A738C: changes role from  FOLLOWER to CANDIDATE at term 0 for changeToCandidate
2019-09-30 16:02:02,180 [Thread-266] INFO  impl.RoleInfo (RoleInfo.java:updateAndGet(143)) - a5dffc8e-0c2f-4c60-ad24-9a891b6ac97a: start LeaderElection
2019-09-30 16:02:02,187 [a5dffc8e-0c2f-4c60-ad24-9a891b6ac97a@group-3C5B330A738C:LeaderElection8] INFO  impl.LeaderElection (LeaderElection.java:askForVotes(182)) - a5dffc8e-0c2f-4c60-ad24-9a891b6ac97a@group-3C5B330A738C:LeaderElection8: begin an election at term 1 for -1: [f42e1d76-cf6f-4bc2-9079-fcc105a6b469:192.168.5.180:38871, 1fae45cc-3995-4f14-aa1a-c92c55d47df5:192.168.5.180:39562, a5dffc8e-0c2f-4c60-ad24-9a891b6ac97a:192.168.5.180:44498], old=null
2019-09-30 16:02:02,194 [Thread-263] INFO  impl.FollowerState (FollowerState.java:run(106)) - f42e1d76-cf6f-4bc2-9079-fcc105a6b469:group-3C5B330A738C changes to CANDIDATE, lastRpcTime:5147, electionTimeout:5147ms
2019-09-30 16:02:02,194 [Thread-263] INFO  impl.RoleInfo (RoleInfo.java:shutdownFollowerState(121)) - f42e1d76-cf6f-4bc2-9079-fcc105a6b469: shutdown FollowerState
2019-09-30 16:02:02,194 [Thread-263] INFO  impl.RaftServerImpl (RaftServerImpl.java:setRole(174)) - f42e1d76-cf6f-4bc2-9079-fcc105a6b469@group-3C5B330A738C: changes role from  FOLLOWER to CANDIDATE at term 0 for changeToCandidate
2019-09-30 16:02:02,194 [Thread-263] INFO  impl.RoleInfo (RoleInfo.java:updateAndGet(143)) - f42e1d76-cf6f-4bc2-9079-fcc105a6b469: start LeaderElection
2019-09-30 16:02:02,211 [f42e1d76-cf6f-4bc2-9079-fcc105a6b469@group-3C5B330A738C:LeaderElection9] INFO  impl.LeaderElection (LeaderElection.java:askForVotes(182)) - f42e1d76-cf6f-4bc2-9079-fcc105a6b469@group-3C5B330A738C:LeaderElection9: begin an election at term 1 for -1: [f42e1d76-cf6f-4bc2-9079-fcc105a6b469:192.168.5.180:38871, 1fae45cc-3995-4f14-aa1a-c92c55d47df5:192.168.5.180:39562, a5dffc8e-0c2f-4c60-ad24-9a891b6ac97a:192.168.5.180:44498], old=null
2019-09-30 16:02:02,213 [Thread-265] INFO  impl.FollowerState (FollowerState.java:run(106)) - 1fae45cc-3995-4f14-aa1a-c92c55d47df5:group-3C5B330A738C changes to CANDIDATE, lastRpcTime:5165, electionTimeout:5164ms
2019-09-30 16:02:02,214 [Thread-265] INFO  impl.RoleInfo (RoleInfo.java:shutdownFollowerState(121)) - 1fae45cc-3995-4f14-aa1a-c92c55d47df5: shutdown FollowerState
2019-09-30 16:02:02,214 [Thread-265] INFO  impl.RaftServerImpl (RaftServerImpl.java:setRole(174)) - 1fae45cc-3995-4f14-aa1a-c92c55d47df5@group-3C5B330A738C: changes role from  FOLLOWER to CANDIDATE at term 0 for changeToCandidate
2019-09-30 16:02:02,214 [Thread-265] INFO  impl.RoleInfo (RoleInfo.java:updateAndGet(143)) - 1fae45cc-3995-4f14-aa1a-c92c55d47df5: start LeaderElection
2019-09-30 16:02:02,234 [Thread-277] INFO  impl.FollowerState (FollowerState.java:run(106)) - aa7bbf0a-f784-4ea4-a59a-a4589e8b6dce:group-9B63F15D9CB7 changes to CANDIDATE, lastRpcTime:5065, electionTimeout:5061ms
2019-09-30 16:02:02,234 [Thread-277] INFO  impl.RoleInfo (RoleInfo.java:shutdownFollowerState(121)) - aa7bbf0a-f784-4ea4-a59a-a4589e8b6dce: shutdown FollowerState
2019-09-30 16:02:02,234 [Thread-277] INFO  impl.RaftServerImpl (RaftServerImpl.java:setRole(174)) - aa7bbf0a-f784-4ea4-a59a-a4589e8b6dce@group-9B63F15D9CB7: changes role from  FOLLOWER to CANDIDATE at term 0 for changeToCandidate
2019-09-30 16:02:02,235 [Thread-277] INFO  impl.RoleInfo (RoleInfo.java:updateAndGet(143)) - aa7bbf0a-f784-4ea4-a59a-a4589e8b6dce: start LeaderElection
2019-09-30 16:02:02,245 [aa7bbf0a-f784-4ea4-a59a-a4589e8b6dce@group-9B63F15D9CB7:LeaderElection11] INFO  impl.LeaderElection (LeaderElection.java:askForVotes(182)) - aa7bbf0a-f784-4ea4-a59a-a4589e8b6dce@group-9B63F15D9CB7:LeaderElection11: begin an election at term 1 for -1: [015a4de2-999c-4da4-9160-a94db250d366:192.168.5.180:36881, aa7bbf0a-f784-4ea4-a59a-a4589e8b6dce:192.168.5.180:45431, 5fd7a14c-bdfc-45f6-a1b2-8603da8d5d76:192.168.5.180:45958], old=null
2019-09-30 16:02:02,245 [1fae45cc-3995-4f14-aa1a-c92c55d47df5@group-3C5B330A738C:LeaderElection10] INFO  impl.LeaderElection (LeaderElection.java:askForVotes(182)) - 1fae45cc-3995-4f14-aa1a-c92c55d47df5@group-3C5B330A738C:LeaderElection10: begin an election at term 1 for -1: [f42e1d76-cf6f-4bc2-9079-fcc105a6b469:192.168.5.180:38871, 1fae45cc-3995-4f14-aa1a-c92c55d47df5:192.168.5.180:39562, a5dffc8e-0c2f-4c60-ad24-9a891b6ac97a:192.168.5.180:44498], old=null
2019-09-30 16:02:02,251 [Thread-275] INFO  impl.FollowerState (FollowerState.java:run(106)) - 5fd7a14c-bdfc-45f6-a1b2-8603da8d5d76:group-9B63F15D9CB7 changes to CANDIDATE, lastRpcTime:5086, electionTimeout:5084ms
2019-09-30 16:02:02,253 [Thread-275] INFO  impl.RoleInfo (RoleInfo.java:shutdownFollowerState(121)) - 5fd7a14c-bdfc-45f6-a1b2-8603da8d5d76: shutdown FollowerState
2019-09-30 16:02:02,254 [Thread-275] INFO  impl.RaftServerImpl (RaftServerImpl.java:setRole(174)) - 5fd7a14c-bdfc-45f6-a1b2-8603da8d5d76@group-9B63F15D9CB7: changes role from  FOLLOWER to CANDIDATE at term 0 for changeToCandidate
2019-09-30 16:02:02,259 [Thread-275] INFO  impl.RoleInfo (RoleInfo.java:updateAndGet(143)) - 5fd7a14c-bdfc-45f6-a1b2-8603da8d5d76: start LeaderElection
2019-09-30 16:02:02,279 [a5dffc8e-0c2f-4c60-ad24-9a891b6ac97a@group-3C5B330A738C:LeaderElection8] INFO  impl.LeaderElection (LeaderElection.java:logAndReturn(56)) - a5dffc8e-0c2f-4c60-ad24-9a891b6ac97a@group-3C5B330A738C:LeaderElection8: Election REJECTED; received 2 response(s) [a5dffc8e-0c2f-4c60-ad24-9a891b6ac97a<-f42e1d76-cf6f-4bc2-9079-fcc105a6b469#0:FAIL-t1, a5dffc8e-0c2f-4c60-ad24-9a891b6ac97a<-1fae45cc-3995-4f14-aa1a-c92c55d47df5#0:FAIL-t1] and 0 exception(s); a5dffc8e-0c2f-4c60-ad24-9a891b6ac97a@group-3C5B330A738C:t1, leader=null, voted=a5dffc8e-0c2f-4c60-ad24-9a891b6ac97a, raftlog=a5dffc8e-0c2f-4c60-ad24-9a891b6ac97a@group-3C5B330A738C-SegmentedRaftLog:OPENED:c-1,f-1,i0, conf=-1: [f42e1d76-cf6f-4bc2-9079-fcc105a6b469:192.168.5.180:38871, 1fae45cc-3995-4f14-aa1a-c92c55d47df5:192.168.5.180:39562, a5dffc8e-0c2f-4c60-ad24-9a891b6ac97a:192.168.5.180:44498], old=null
2019-09-30 16:02:02,284 [a5dffc8e-0c2f-4c60-ad24-9a891b6ac97a@group-3C5B330A738C:LeaderElection8] INFO  impl.RaftServerImpl (RaftServerImpl.java:setRole(174)) - a5dffc8e-0c2f-4c60-ad24-9a891b6ac97a@group-3C5B330A738C: changes role from CANDIDATE to FOLLOWER at term 1 for DISCOVERED_A_NEW_TERM
2019-09-30 16:02:02,284 [a5dffc8e-0c2f-4c60-ad24-9a891b6ac97a@group-3C5B330A738C:LeaderElection8] INFO  impl.RoleInfo (RoleInfo.java:shutdownLeaderElection(134)) - a5dffc8e-0c2f-4c60-ad24-9a891b6ac97a: shutdown LeaderElection
2019-09-30 16:02:02,284 [a5dffc8e-0c2f-4c60-ad24-9a891b6ac97a@group-3C5B330A738C:LeaderElection8] INFO  impl.RoleInfo (RoleInfo.java:updateAndGet(143)) - a5dffc8e-0c2f-4c60-ad24-9a891b6ac97a: start FollowerState
2019-09-30 16:02:02,293 [5fd7a14c-bdfc-45f6-a1b2-8603da8d5d76@group-9B63F15D9CB7:LeaderElection12] INFO  impl.LeaderElection (LeaderElection.java:askForVotes(182)) - 5fd7a14c-bdfc-45f6-a1b2-8603da8d5d76@group-9B63F15D9CB7:LeaderElection12: begin an election at term 1 for -1: [015a4de2-999c-4da4-9160-a94db250d366:192.168.5.180:36881, aa7bbf0a-f784-4ea4-a59a-a4589e8b6dce:192.168.5.180:45431, 5fd7a14c-bdfc-45f6-a1b2-8603da8d5d76:192.168.5.180:45958], old=null
2019-09-30 16:02:02,295 [f42e1d76-cf6f-4bc2-9079-fcc105a6b469@group-3C5B330A738C:LeaderElection9] INFO  impl.LeaderElection (LeaderElection.java:logAndReturn(56)) - f42e1d76-cf6f-4bc2-9079-fcc105a6b469@group-3C5B330A738C:LeaderElection9: Election REJECTED; received 2 response(s) [f42e1d76-cf6f-4bc2-9079-fcc105a6b469<-1fae45cc-3995-4f14-aa1a-c92c55d47df5#0:FAIL-t1, f42e1d76-cf6f-4bc2-9079-fcc105a6b469<-a5dffc8e-0c2f-4c60-ad24-9a891b6ac97a#0:FAIL-t1] and 0 exception(s); f42e1d76-cf6f-4bc2-9079-fcc105a6b469@group-3C5B330A738C:t1, leader=null, voted=f42e1d76-cf6f-4bc2-9079-fcc105a6b469, raftlog=f42e1d76-cf6f-4bc2-9079-fcc105a6b469@group-3C5B330A738C-SegmentedRaftLog:OPENED:c-1,f-1,i0, conf=-1: [f42e1d76-cf6f-4bc2-9079-fcc105a6b469:192.168.5.180:38871, 1fae45cc-3995-4f14-aa1a-c92c55d47df5:192.168.5.180:39562, a5dffc8e-0c2f-4c60-ad24-9a891b6ac97a:192.168.5.180:44498], old=null
2019-09-30 16:02:02,295 [f42e1d76-cf6f-4bc2-9079-fcc105a6b469@group-3C5B330A738C:LeaderElection9] INFO  impl.RaftServerImpl (RaftServerImpl.java:setRole(174)) - f42e1d76-cf6f-4bc2-9079-fcc105a6b469@group-3C5B330A738C: changes role from CANDIDATE to FOLLOWER at term 1 for DISCOVERED_A_NEW_TERM
2019-09-30 16:02:02,295 [f42e1d76-cf6f-4bc2-9079-fcc105a6b469@group-3C5B330A738C:LeaderElection9] INFO  impl.RoleInfo (RoleInfo.java:shutdownLeaderElection(134)) - f42e1d76-cf6f-4bc2-9079-fcc105a6b469: shutdown LeaderElection
2019-09-30 16:02:02,297 [f42e1d76-cf6f-4bc2-9079-fcc105a6b469@group-3C5B330A738C:LeaderElection9] INFO  impl.RoleInfo (RoleInfo.java:updateAndGet(143)) - f42e1d76-cf6f-4bc2-9079-fcc105a6b469: start FollowerState
2019-09-30 16:02:02,312 [grpc-default-executor-4] INFO  impl.RaftServerImpl (RaftServerImpl.java:setRole(174)) - 015a4de2-999c-4da4-9160-a94db250d366@group-9B63F15D9CB7: changes role from  FOLLOWER to FOLLOWER at term 1 for recognizeCandidate:aa7bbf0a-f784-4ea4-a59a-a4589e8b6dce
2019-09-30 16:02:02,314 [grpc-default-executor-4] INFO  impl.RoleInfo (RoleInfo.java:shutdownFollowerState(121)) - 015a4de2-999c-4da4-9160-a94db250d366: shutdown FollowerState
2019-09-30 16:02:02,315 [grpc-default-executor-4] INFO  impl.RoleInfo (RoleInfo.java:updateAndGet(143)) - 015a4de2-999c-4da4-9160-a94db250d366: start FollowerState
2019-09-30 16:02:02,315 [Thread-273] INFO  impl.FollowerState (FollowerState.java:run(115)) - 015a4de2-999c-4da4-9160-a94db250d366: FollowerState was interrupted: java.lang.InterruptedException: sleep interrupted
2019-09-30 16:02:02,323 [1fae45cc-3995-4f14-aa1a-c92c55d47df5@group-3C5B330A738C:LeaderElection10] INFO  impl.LeaderElection (LeaderElection.java:logAndReturn(56)) - 1fae45cc-3995-4f14-aa1a-c92c55d47df5@group-3C5B330A738C:LeaderElection10: Election REJECTED; received 2 response(s) [1fae45cc-3995-4f14-aa1a-c92c55d47df5<-f42e1d76-cf6f-4bc2-9079-fcc105a6b469#0:FAIL-t1, 1fae45cc-3995-4f14-aa1a-c92c55d47df5<-a5dffc8e-0c2f-4c60-ad24-9a891b6ac97a#0:FAIL-t1] and 0 exception(s); 1fae45cc-3995-4f14-aa1a-c92c55d47df5@group-3C5B330A738C:t1, leader=null, voted=1fae45cc-3995-4f14-aa1a-c92c55d47df5, raftlog=1fae45cc-3995-4f14-aa1a-c92c55d47df5@group-3C5B330A738C-SegmentedRaftLog:OPENED:c-1,f-1,i0, conf=-1: [f42e1d76-cf6f-4bc2-9079-fcc105a6b469:192.168.5.180:38871, 1fae45cc-3995-4f14-aa1a-c92c55d47df5:192.168.5.180:39562, a5dffc8e-0c2f-4c60-ad24-9a891b6ac97a:192.168.5.180:44498], old=null
2019-09-30 16:02:02,323 [1fae45cc-3995-4f14-aa1a-c92c55d47df5@group-3C5B330A738C:LeaderElection10] INFO  impl.RaftServerImpl (RaftServerImpl.java:setRole(174)) - 1fae45cc-3995-4f14-aa1a-c92c55d47df5@group-3C5B330A738C: changes role from CANDIDATE to FOLLOWER at term 1 for DISCOVERED_A_NEW_TERM
2019-09-30 16:02:02,327 [1fae45cc-3995-4f14-aa1a-c92c55d47df5@group-3C5B330A738C:LeaderElection10] INFO  impl.RoleInfo (RoleInfo.java:shutdownLeaderElection(134)) - 1fae45cc-3995-4f14-aa1a-c92c55d47df5: shutdown LeaderElection
2019-09-30 16:02:02,327 [1fae45cc-3995-4f14-aa1a-c92c55d47df5@group-3C5B330A738C:LeaderElection10] INFO  impl.RoleInfo (RoleInfo.java:updateAndGet(143)) - 1fae45cc-3995-4f14-aa1a-c92c55d47df5: start FollowerState
2019-09-30 16:02:02,358 [aa7bbf0a-f784-4ea4-a59a-a4589e8b6dce@group-9B63F15D9CB7:LeaderElection11] INFO  impl.LeaderElection (LeaderElection.java:logAndReturn(56)) - aa7bbf0a-f784-4ea4-a59a-a4589e8b6dce@group-9B63F15D9CB7:LeaderElection11: Election PASSED; received 2 response(s) [aa7bbf0a-f784-4ea4-a59a-a4589e8b6dce<-015a4de2-999c-4da4-9160-a94db250d366#0:OK-t1, aa7bbf0a-f784-4ea4-a59a-a4589e8b6dce<-5fd7a14c-bdfc-45f6-a1b2-8603da8d5d76#0:FAIL-t1] and 0 exception(s); aa7bbf0a-f784-4ea4-a59a-a4589e8b6dce@group-9B63F15D9CB7:t1, leader=null, voted=aa7bbf0a-f784-4ea4-a59a-a4589e8b6dce, raftlog=aa7bbf0a-f784-4ea4-a59a-a4589e8b6dce@group-9B63F15D9CB7-SegmentedRaftLog:OPENED:c-1,f-1,i0, conf=-1: [015a4de2-999c-4da4-9160-a94db250d366:192.168.5.180:36881, aa7bbf0a-f784-4ea4-a59a-a4589e8b6dce:192.168.5.180:45431, 5fd7a14c-bdfc-45f6-a1b2-8603da8d5d76:192.168.5.180:45958], old=null
2019-09-30 16:02:02,360 [5fd7a14c-bdfc-45f6-a1b2-8603da8d5d76@group-9B63F15D9CB7:LeaderElection12] INFO  impl.LeaderElection (LeaderElection.java:logAndReturn(56)) - 5fd7a14c-bdfc-45f6-a1b2-8603da8d5d76@group-9B63F15D9CB7:LeaderElection12: Election REJECTED; received 2 response(s) [5fd7a14c-bdfc-45f6-a1b2-8603da8d5d76<-015a4de2-999c-4da4-9160-a94db250d366#0:FAIL-t1, 5fd7a14c-bdfc-45f6-a1b2-8603da8d5d76<-aa7bbf0a-f784-4ea4-a59a-a4589e8b6dce#0:FAIL-t1] and 0 exception(s); 5fd7a14c-bdfc-45f6-a1b2-8603da8d5d76@group-9B63F15D9CB7:t1, leader=null, voted=5fd7a14c-bdfc-45f6-a1b2-8603da8d5d76, raftlog=5fd7a14c-bdfc-45f6-a1b2-8603da8d5d76@group-9B63F15D9CB7-SegmentedRaftLog:OPENED:c-1,f-1,i0, conf=-1: [015a4de2-999c-4da4-9160-a94db250d366:192.168.5.180:36881, aa7bbf0a-f784-4ea4-a59a-a4589e8b6dce:192.168.5.180:45431, 5fd7a14c-bdfc-45f6-a1b2-8603da8d5d76:192.168.5.180:45958], old=null
2019-09-30 16:02:02,360 [aa7bbf0a-f784-4ea4-a59a-a4589e8b6dce@group-9B63F15D9CB7:LeaderElection11] INFO  impl.RoleInfo (RoleInfo.java:shutdownLeaderElection(134)) - aa7bbf0a-f784-4ea4-a59a-a4589e8b6dce: shutdown LeaderElection
2019-09-30 16:02:02,362 [aa7bbf0a-f784-4ea4-a59a-a4589e8b6dce@group-9B63F15D9CB7:LeaderElection11] INFO  impl.RaftServerImpl (RaftServerImpl.java:setRole(174)) - aa7bbf0a-f784-4ea4-a59a-a4589e8b6dce@group-9B63F15D9CB7: changes role from CANDIDATE to LEADER at term 1 for changeToLeader
2019-09-30 16:02:02,362 [5fd7a14c-bdfc-45f6-a1b2-8603da8d5d76@group-9B63F15D9CB7:LeaderElection12] INFO  impl.RaftServerImpl (RaftServerImpl.java:setRole(174)) - 5fd7a14c-bdfc-45f6-a1b2-8603da8d5d76@group-9B63F15D9CB7: changes role from CANDIDATE to FOLLOWER at term 1 for DISCOVERED_A_NEW_TERM
2019-09-30 16:02:02,362 [aa7bbf0a-f784-4ea4-a59a-a4589e8b6dce@group-9B63F15D9CB7:LeaderElection11] INFO  impl.RaftServerImpl (ServerState.java:setLeader(253)) - aa7bbf0a-f784-4ea4-a59a-a4589e8b6dce@group-9B63F15D9CB7: change Leader from null to aa7bbf0a-f784-4ea4-a59a-a4589e8b6dce at term 1 for becomeLeader, leader elected after 5213ms
2019-09-30 16:02:02,364 [5fd7a14c-bdfc-45f6-a1b2-8603da8d5d76@group-9B63F15D9CB7:LeaderElection12] INFO  impl.RoleInfo (RoleInfo.java:shutdownLeaderElection(134)) - 5fd7a14c-bdfc-45f6-a1b2-8603da8d5d76: shutdown LeaderElection
2019-09-30 16:02:02,364 [aa7bbf0a-f784-4ea4-a59a-a4589e8b6dce@group-9B63F15D9CB7:LeaderElection11] INFO  server.RaftServerConfigKeys (ConfUtils.java:logGet(43)) - raft.server.staging.catchup.gap = 1000 (default)
2019-09-30 16:02:02,364 [5fd7a14c-bdfc-45f6-a1b2-8603da8d5d76@group-9B63F15D9CB7:LeaderElection12] INFO  impl.RoleInfo (RoleInfo.java:updateAndGet(143)) - 5fd7a14c-bdfc-45f6-a1b2-8603da8d5d76: start FollowerState
2019-09-30 16:02:02,364 [aa7bbf0a-f784-4ea4-a59a-a4589e8b6dce@group-9B63F15D9CB7:LeaderElection11] INFO  server.RaftServerConfigKeys (ConfUtils.java:logGet(43)) - raft.server.rpc.sleep.time = 25ms (default)
2019-09-30 16:02:02,365 [aa7bbf0a-f784-4ea4-a59a-a4589e8b6dce@group-9B63F15D9CB7:LeaderElection11] INFO  server.RaftServerConfigKeys (ConfUtils.java:logGet(43)) - raft.server.write.element-limit = 4096 (default)
2019-09-30 16:02:02,365 [aa7bbf0a-f784-4ea4-a59a-a4589e8b6dce@group-9B63F15D9CB7:LeaderElection11] INFO  server.RaftServerConfigKeys (ConfUtils.java:logGet(43)) - raft.server.watch.timeout = 10s (default)
2019-09-30 16:02:02,365 [aa7bbf0a-f784-4ea4-a59a-a4589e8b6dce@group-9B63F15D9CB7:LeaderElection11] INFO  server.RaftServerConfigKeys (ConfUtils.java:logGet(43)) - raft.server.watch.timeout.denomination = 1s (default)
2019-09-30 16:02:02,365 [aa7bbf0a-f784-4ea4-a59a-a4589e8b6dce@group-9B63F15D9CB7:LeaderElection11] INFO  server.RaftServerConfigKeys (ConfUtils.java:logGet(43)) - raft.server.watch.element-limit = 65536 (default)
2019-09-30 16:02:02,373 [aa7bbf0a-f784-4ea4-a59a-a4589e8b6dce@group-9B63F15D9CB7:LeaderElection11] INFO  server.RaftServerConfigKeys (ConfUtils.java:logGet(43)) - raft.server.log.appender.snapshot.chunk.size.max = 16MB (=16777216) (default)
2019-09-30 16:02:02,373 [aa7bbf0a-f784-4ea4-a59a-a4589e8b6dce@group-9B63F15D9CB7:LeaderElection11] INFO  server.RaftServerConfigKeys (ConfUtils.java:logGet(43)) - raft.server.log.appender.buffer.byte-limit = 33554432 (custom)
2019-09-30 16:02:02,374 [aa7bbf0a-f784-4ea4-a59a-a4589e8b6dce@group-9B63F15D9CB7:LeaderElection11] INFO  server.RaftServerConfigKeys (ConfUtils.java:logGet(43)) - raft.server.log.appender.buffer.element-limit = 1 (custom)
2019-09-30 16:02:02,379 [aa7bbf0a-f784-4ea4-a59a-a4589e8b6dce@group-9B63F15D9CB7:LeaderElection11] INFO  grpc.GrpcConfigKeys$Server (ConfUtils.java:logGet(43)) - raft.grpc.server.leader.outstanding.appends.max = 128 (default)
2019-09-30 16:02:02,385 [aa7bbf0a-f784-4ea4-a59a-a4589e8b6dce@group-9B63F15D9CB7:LeaderElection11] INFO  server.RaftServerConfigKeys (ConfUtils.java:logGet(43)) - raft.server.rpc.request.timeout = 3000ms (default)
2019-09-30 16:02:02,385 [aa7bbf0a-f784-4ea4-a59a-a4589e8b6dce@group-9B63F15D9CB7:LeaderElection11] INFO  server.RaftServerConfigKeys (ConfUtils.java:logGet(43)) - raft.server.log.appender.install.snapshot.enabled = false (custom)
2019-09-30 16:02:02,386 [aa7bbf0a-f784-4ea4-a59a-a4589e8b6dce@group-9B63F15D9CB7:LeaderElection11] INFO  server.RaftServerConfigKeys (ConfUtils.java:logGet(43)) - raft.server.log.appender.snapshot.chunk.size.max = 16MB (=16777216) (default)
2019-09-30 16:02:02,386 [aa7bbf0a-f784-4ea4-a59a-a4589e8b6dce@group-9B63F15D9CB7:LeaderElection11] INFO  server.RaftServerConfigKeys (ConfUtils.java:logGet(43)) - raft.server.log.appender.buffer.byte-limit = 33554432 (custom)
2019-09-30 16:02:02,387 [aa7bbf0a-f784-4ea4-a59a-a4589e8b6dce@group-9B63F15D9CB7:LeaderElection11] INFO  server.RaftServerConfigKeys (ConfUtils.java:logGet(43)) - raft.server.log.appender.buffer.element-limit = 1 (custom)
2019-09-30 16:02:02,387 [aa7bbf0a-f784-4ea4-a59a-a4589e8b6dce@group-9B63F15D9CB7:LeaderElection11] INFO  grpc.GrpcConfigKeys$Server (ConfUtils.java:logGet(43)) - raft.grpc.server.leader.outstanding.appends.max = 128 (default)
2019-09-30 16:02:02,387 [aa7bbf0a-f784-4ea4-a59a-a4589e8b6dce@group-9B63F15D9CB7:LeaderElection11] INFO  server.RaftServerConfigKeys (ConfUtils.java:logGet(43)) - raft.server.rpc.request.timeout = 3000ms (default)
2019-09-30 16:02:02,387 [aa7bbf0a-f784-4ea4-a59a-a4589e8b6dce@group-9B63F15D9CB7:LeaderElection11] INFO  server.RaftServerConfigKeys (ConfUtils.java:logGet(43)) - raft.server.log.appender.install.snapshot.enabled = false (custom)
2019-09-30 16:02:02,388 [aa7bbf0a-f784-4ea4-a59a-a4589e8b6dce@group-9B63F15D9CB7:LeaderElection11] INFO  impl.RoleInfo (RoleInfo.java:updateAndGet(143)) - aa7bbf0a-f784-4ea4-a59a-a4589e8b6dce: start LeaderState
2019-09-30 16:02:02,389 [aa7bbf0a-f784-4ea4-a59a-a4589e8b6dce@group-9B63F15D9CB7:LeaderElection11] INFO  segmented.SegmentedRaftLogWorker (SegmentedRaftLogWorker.java:startLogSegment(380)) - aa7bbf0a-f784-4ea4-a59a-a4589e8b6dce@group-9B63F15D9CB7-SegmentedRaftLogWorker: Starting segment from index:0
2019-09-30 16:02:02,390 [aa7bbf0a-f784-4ea4-a59a-a4589e8b6dce@group-9B63F15D9CB7:LeaderElection11] INFO  impl.RaftServerImpl (ServerState.java:setRaftConf(354)) - aa7bbf0a-f784-4ea4-a59a-a4589e8b6dce@group-9B63F15D9CB7: set configuration 0: [015a4de2-999c-4da4-9160-a94db250d366:192.168.5.180:36881, aa7bbf0a-f784-4ea4-a59a-a4589e8b6dce:192.168.5.180:45431, 5fd7a14c-bdfc-45f6-a1b2-8603da8d5d76:192.168.5.180:45958], old=null at 0
2019-09-30 16:02:02,446 [aa7bbf0a-f784-4ea4-a59a-a4589e8b6dce@group-9B63F15D9CB7-SegmentedRaftLogWorker] INFO  segmented.SegmentedRaftLogWorker (SegmentedRaftLogWorker.java:execute(569)) - aa7bbf0a-f784-4ea4-a59a-a4589e8b6dce@group-9B63F15D9CB7-SegmentedRaftLogWorker: created new log segment /workdir/hadoop-ozone/integration-test/target/test-dir/MiniOzoneClusterImpl-5c0c24fc-84a9-445a-b697-36e4edb9aec1/datanode-2/data/ratis/3627cdfa-4474-4277-9740-9b63f15d9cb7/current/log_inprogress_0
2019-09-30 16:02:02,464 [grpc-default-executor-4] INFO  impl.RaftServerImpl (ServerState.java:setLeader(253)) - 5fd7a14c-bdfc-45f6-a1b2-8603da8d5d76@group-9B63F15D9CB7: change Leader from null to aa7bbf0a-f784-4ea4-a59a-a4589e8b6dce at term 1 for appendEntries, leader elected after 5316ms
2019-09-30 16:02:02,464 [grpc-default-executor-3] INFO  impl.RaftServerImpl (ServerState.java:setLeader(253)) - 015a4de2-999c-4da4-9160-a94db250d366@group-9B63F15D9CB7: change Leader from null to aa7bbf0a-f784-4ea4-a59a-a4589e8b6dce at term 1 for appendEntries, leader elected after 5315ms
2019-09-30 16:02:02,524 [grpc-default-executor-4] INFO  impl.RaftServerImpl (ServerState.java:setRaftConf(354)) - 5fd7a14c-bdfc-45f6-a1b2-8603da8d5d76@group-9B63F15D9CB7: set configuration 0: [015a4de2-999c-4da4-9160-a94db250d366:192.168.5.180:36881, aa7bbf0a-f784-4ea4-a59a-a4589e8b6dce:192.168.5.180:45431, 5fd7a14c-bdfc-45f6-a1b2-8603da8d5d76:192.168.5.180:45958], old=null at 0
2019-09-30 16:02:02,524 [grpc-default-executor-3] INFO  impl.RaftServerImpl (ServerState.java:setRaftConf(354)) - 015a4de2-999c-4da4-9160-a94db250d366@group-9B63F15D9CB7: set configuration 0: [015a4de2-999c-4da4-9160-a94db250d366:192.168.5.180:36881, aa7bbf0a-f784-4ea4-a59a-a4589e8b6dce:192.168.5.180:45431, 5fd7a14c-bdfc-45f6-a1b2-8603da8d5d76:192.168.5.180:45958], old=null at 0
2019-09-30 16:02:02,524 [grpc-default-executor-4] INFO  segmented.SegmentedRaftLogWorker (SegmentedRaftLogWorker.java:startLogSegment(380)) - 5fd7a14c-bdfc-45f6-a1b2-8603da8d5d76@group-9B63F15D9CB7-SegmentedRaftLogWorker: Starting segment from index:0
2019-09-30 16:02:02,524 [grpc-default-executor-3] INFO  segmented.SegmentedRaftLogWorker (SegmentedRaftLogWorker.java:startLogSegment(380)) - 015a4de2-999c-4da4-9160-a94db250d366@group-9B63F15D9CB7-SegmentedRaftLogWorker: Starting segment from index:0
2019-09-30 16:02:02,571 [5fd7a14c-bdfc-45f6-a1b2-8603da8d5d76@group-9B63F15D9CB7-SegmentedRaftLogWorker] INFO  segmented.SegmentedRaftLogWorker (SegmentedRaftLogWorker.java:execute(569)) - 5fd7a14c-bdfc-45f6-a1b2-8603da8d5d76@group-9B63F15D9CB7-SegmentedRaftLogWorker: created new log segment /workdir/hadoop-ozone/integration-test/target/test-dir/MiniOzoneClusterImpl-5c0c24fc-84a9-445a-b697-36e4edb9aec1/datanode-6/data/ratis/3627cdfa-4474-4277-9740-9b63f15d9cb7/current/log_inprogress_0
2019-09-30 16:02:02,571 [015a4de2-999c-4da4-9160-a94db250d366@group-9B63F15D9CB7-SegmentedRaftLogWorker] INFO  segmented.SegmentedRaftLogWorker (SegmentedRaftLogWorker.java:execute(569)) - 015a4de2-999c-4da4-9160-a94db250d366@group-9B63F15D9CB7-SegmentedRaftLogWorker: created new log segment /workdir/hadoop-ozone/integration-test/target/test-dir/MiniOzoneClusterImpl-5c0c24fc-84a9-445a-b697-36e4edb9aec1/datanode-5/data/ratis/3627cdfa-4474-4277-9740-9b63f15d9cb7/current/log_inprogress_0
2019-09-30 16:02:07,375 [Thread-321] INFO  impl.FollowerState (FollowerState.java:run(106)) - f42e1d76-cf6f-4bc2-9079-fcc105a6b469:group-3C5B330A738C changes to CANDIDATE, lastRpcTime:5077, electionTimeout:5075ms
2019-09-30 16:02:07,375 [Thread-321] INFO  impl.RoleInfo (RoleInfo.java:shutdownFollowerState(121)) - f42e1d76-cf6f-4bc2-9079-fcc105a6b469: shutdown FollowerState
2019-09-30 16:02:07,376 [Thread-321] INFO  impl.RaftServerImpl (RaftServerImpl.java:setRole(174)) - f42e1d76-cf6f-4bc2-9079-fcc105a6b469@group-3C5B330A738C: changes role from  FOLLOWER to CANDIDATE at term 1 for changeToCandidate
2019-09-30 16:02:07,376 [Thread-321] INFO  impl.RoleInfo (RoleInfo.java:updateAndGet(143)) - f42e1d76-cf6f-4bc2-9079-fcc105a6b469: start LeaderElection
2019-09-30 16:02:07,394 [f42e1d76-cf6f-4bc2-9079-fcc105a6b469@group-3C5B330A738C:LeaderElection13] INFO  impl.LeaderElection (LeaderElection.java:askForVotes(182)) - f42e1d76-cf6f-4bc2-9079-fcc105a6b469@group-3C5B330A738C:LeaderElection13: begin an election at term 2 for -1: [f42e1d76-cf6f-4bc2-9079-fcc105a6b469:192.168.5.180:38871, 1fae45cc-3995-4f14-aa1a-c92c55d47df5:192.168.5.180:39562, a5dffc8e-0c2f-4c60-ad24-9a891b6ac97a:192.168.5.180:44498], old=null
2019-09-30 16:02:07,403 [grpc-default-executor-3] INFO  impl.RaftServerImpl (RaftServerImpl.java:setRole(174)) - a5dffc8e-0c2f-4c60-ad24-9a891b6ac97a@group-3C5B330A738C: changes role from  FOLLOWER to FOLLOWER at term 2 for recognizeCandidate:f42e1d76-cf6f-4bc2-9079-fcc105a6b469
2019-09-30 16:02:07,403 [grpc-default-executor-3] INFO  impl.RoleInfo (RoleInfo.java:shutdownFollowerState(121)) - a5dffc8e-0c2f-4c60-ad24-9a891b6ac97a: shutdown FollowerState
2019-09-30 16:02:07,403 [grpc-default-executor-4] INFO  impl.RaftServerImpl (RaftServerImpl.java:setRole(174)) - 1fae45cc-3995-4f14-aa1a-c92c55d47df5@group-3C5B330A738C: changes role from  FOLLOWER to FOLLOWER at term 2 for recognizeCandidate:f42e1d76-cf6f-4bc2-9079-fcc105a6b469
2019-09-30 16:02:07,404 [grpc-default-executor-3] INFO  impl.RoleInfo (RoleInfo.java:updateAndGet(143)) - a5dffc8e-0c2f-4c60-ad24-9a891b6ac97a: start FollowerState
2019-09-30 16:02:07,404 [Thread-318] INFO  impl.FollowerState (FollowerState.java:run(115)) - a5dffc8e-0c2f-4c60-ad24-9a891b6ac97a: FollowerState was interrupted: java.lang.InterruptedException: sleep interrupted
2019-09-30 16:02:07,404 [grpc-default-executor-4] INFO  impl.RoleInfo (RoleInfo.java:shutdownFollowerState(121)) - 1fae45cc-3995-4f14-aa1a-c92c55d47df5: shutdown FollowerState
2019-09-30 16:02:07,406 [grpc-default-executor-4] INFO  impl.RoleInfo (RoleInfo.java:updateAndGet(143)) - 1fae45cc-3995-4f14-aa1a-c92c55d47df5: start FollowerState
2019-09-30 16:02:07,407 [Thread-323] INFO  impl.FollowerState (FollowerState.java:run(115)) - 1fae45cc-3995-4f14-aa1a-c92c55d47df5: FollowerState was interrupted: java.lang.InterruptedException: sleep interrupted
2019-09-30 16:02:07,424 [f42e1d76-cf6f-4bc2-9079-fcc105a6b469@group-3C5B330A738C:LeaderElection13] INFO  impl.LeaderElection (LeaderElection.java:logAndReturn(56)) - f42e1d76-cf6f-4bc2-9079-fcc105a6b469@group-3C5B330A738C:LeaderElection13: Election PASSED; received 1 response(s) [f42e1d76-cf6f-4bc2-9079-fcc105a6b469<-1fae45cc-3995-4f14-aa1a-c92c55d47df5#0:OK-t2] and 0 exception(s); f42e1d76-cf6f-4bc2-9079-fcc105a6b469@group-3C5B330A738C:t2, leader=null, voted=f42e1d76-cf6f-4bc2-9079-fcc105a6b469, raftlog=f42e1d76-cf6f-4bc2-9079-fcc105a6b469@group-3C5B330A738C-SegmentedRaftLog:OPENED:c-1,f-1,i0, conf=-1: [f42e1d76-cf6f-4bc2-9079-fcc105a6b469:192.168.5.180:38871, 1fae45cc-3995-4f14-aa1a-c92c55d47df5:192.168.5.180:39562, a5dffc8e-0c2f-4c60-ad24-9a891b6ac97a:192.168.5.180:44498], old=null
2019-09-30 16:02:07,425 [f42e1d76-cf6f-4bc2-9079-fcc105a6b469@group-3C5B330A738C:LeaderElection13] INFO  impl.RoleInfo (RoleInfo.java:shutdownLeaderElection(134)) - f42e1d76-cf6f-4bc2-9079-fcc105a6b469: shutdown LeaderElection
2019-09-30 16:02:07,427 [f42e1d76-cf6f-4bc2-9079-fcc105a6b469@group-3C5B330A738C:LeaderElection13] INFO  impl.RaftServerImpl (RaftServerImpl.java:setRole(174)) - f42e1d76-cf6f-4bc2-9079-fcc105a6b469@group-3C5B330A738C: changes role from CANDIDATE to LEADER at term 2 for changeToLeader
2019-09-30 16:02:07,427 [f42e1d76-cf6f-4bc2-9079-fcc105a6b469@group-3C5B330A738C:LeaderElection13] INFO  impl.RaftServerImpl (ServerState.java:setLeader(253)) - f42e1d76-cf6f-4bc2-9079-fcc105a6b469@group-3C5B330A738C: change Leader from null to f42e1d76-cf6f-4bc2-9079-fcc105a6b469 at term 2 for becomeLeader, leader elected after 10395ms
2019-09-30 16:02:07,427 [f42e1d76-cf6f-4bc2-9079-fcc105a6b469@group-3C5B330A738C:LeaderElection13] INFO  server.RaftServerConfigKeys (ConfUtils.java:logGet(43)) - raft.server.staging.catchup.gap = 1000 (default)
2019-09-30 16:02:07,427 [f42e1d76-cf6f-4bc2-9079-fcc105a6b469@group-3C5B330A738C:LeaderElection13] INFO  server.RaftServerConfigKeys (ConfUtils.java:logGet(43)) - raft.server.rpc.sleep.time = 25ms (default)
2019-09-30 16:02:07,428 [f42e1d76-cf6f-4bc2-9079-fcc105a6b469@group-3C5B330A738C:LeaderElection13] INFO  server.RaftServerConfigKeys (ConfUtils.java:logGet(43)) - raft.server.write.element-limit = 4096 (default)
2019-09-30 16:02:07,428 [f42e1d76-cf6f-4bc2-9079-fcc105a6b469@group-3C5B330A738C:LeaderElection13] INFO  server.RaftServerConfigKeys (ConfUtils.java:logGet(43)) - raft.server.watch.timeout = 10s (default)
2019-09-30 16:02:07,428 [f42e1d76-cf6f-4bc2-9079-fcc105a6b469@group-3C5B330A738C:LeaderElection13] INFO  server.RaftServerConfigKeys (ConfUtils.java:logGet(43)) - raft.server.watch.timeout.denomination = 1s (default)
2019-09-30 16:02:07,428 [f42e1d76-cf6f-4bc2-9079-fcc105a6b469@group-3C5B330A738C:LeaderElection13] INFO  server.RaftServerConfigKeys (ConfUtils.java:logGet(43)) - raft.server.watch.element-limit = 65536 (default)
2019-09-30 16:02:07,432 [f42e1d76-cf6f-4bc2-9079-fcc105a6b469@group-3C5B330A738C:LeaderElection13] INFO  server.RaftServerConfigKeys (ConfUtils.java:logGet(43)) - raft.server.log.appender.snapshot.chunk.size.max = 16MB (=16777216) (default)
2019-09-30 16:02:07,432 [f42e1d76-cf6f-4bc2-9079-fcc105a6b469@group-3C5B330A738C:LeaderElection13] INFO  server.RaftServerConfigKeys (ConfUtils.java:logGet(43)) - raft.server.log.appender.buffer.byte-limit = 33554432 (custom)
2019-09-30 16:02:07,433 [f42e1d76-cf6f-4bc2-9079-fcc105a6b469@group-3C5B330A738C:LeaderElection13] INFO  server.RaftServerConfigKeys (ConfUtils.java:logGet(43)) - raft.server.log.appender.buffer.element-limit = 1 (custom)
2019-09-30 16:02:07,433 [f42e1d76-cf6f-4bc2-9079-fcc105a6b469@group-3C5B330A738C:LeaderElection13] INFO  grpc.GrpcConfigKeys$Server (ConfUtils.java:logGet(43)) - raft.grpc.server.leader.outstanding.appends.max = 128 (default)
2019-09-30 16:02:07,435 [f42e1d76-cf6f-4bc2-9079-fcc105a6b469@group-3C5B330A738C:LeaderElection13] INFO  server.RaftServerConfigKeys (ConfUtils.java:logGet(43)) - raft.server.rpc.request.timeout = 3000ms (default)
2019-09-30 16:02:07,436 [f42e1d76-cf6f-4bc2-9079-fcc105a6b469@group-3C5B330A738C:LeaderElection13] INFO  server.RaftServerConfigKeys (ConfUtils.java:logGet(43)) - raft.server.log.appender.install.snapshot.enabled = false (custom)
2019-09-30 16:02:07,436 [f42e1d76-cf6f-4bc2-9079-fcc105a6b469@group-3C5B330A738C:LeaderElection13] INFO  server.RaftServerConfigKeys (ConfUtils.java:logGet(43)) - raft.server.log.appender.snapshot.chunk.size.max = 16MB (=16777216) (default)
2019-09-30 16:02:07,436 [f42e1d76-cf6f-4bc2-9079-fcc105a6b469@group-3C5B330A738C:LeaderElection13] INFO  server.RaftServerConfigKeys (ConfUtils.java:logGet(43)) - raft.server.log.appender.buffer.byte-limit = 33554432 (custom)
2019-09-30 16:02:07,436 [f42e1d76-cf6f-4bc2-9079-fcc105a6b469@group-3C5B330A738C:LeaderElection13] INFO  server.RaftServerConfigKeys (ConfUtils.java:logGet(43)) - raft.server.log.appender.buffer.element-limit = 1 (custom)
2019-09-30 16:02:07,437 [f42e1d76-cf6f-4bc2-9079-fcc105a6b469@group-3C5B330A738C:LeaderElection13] INFO  grpc.GrpcConfigKeys$Server (ConfUtils.java:logGet(43)) - raft.grpc.server.leader.outstanding.appends.max = 128 (default)
2019-09-30 16:02:07,437 [f42e1d76-cf6f-4bc2-9079-fcc105a6b469@group-3C5B330A738C:LeaderElection13] INFO  server.RaftServerConfigKeys (ConfUtils.java:logGet(43)) - raft.server.rpc.request.timeout = 3000ms (default)
2019-09-30 16:02:07,437 [f42e1d76-cf6f-4bc2-9079-fcc105a6b469@group-3C5B330A738C:LeaderElection13] INFO  server.RaftServerConfigKeys (ConfUtils.java:logGet(43)) - raft.server.log.appender.install.snapshot.enabled = false (custom)
2019-09-30 16:02:07,437 [f42e1d76-cf6f-4bc2-9079-fcc105a6b469@group-3C5B330A738C:LeaderElection13] INFO  impl.RoleInfo (RoleInfo.java:updateAndGet(143)) - f42e1d76-cf6f-4bc2-9079-fcc105a6b469: start LeaderState
2019-09-30 16:02:07,438 [f42e1d76-cf6f-4bc2-9079-fcc105a6b469@group-3C5B330A738C:LeaderElection13] INFO  segmented.SegmentedRaftLogWorker (SegmentedRaftLogWorker.java:startLogSegment(380)) - f42e1d76-cf6f-4bc2-9079-fcc105a6b469@group-3C5B330A738C-SegmentedRaftLogWorker: Starting segment from index:0
2019-09-30 16:02:07,439 [f42e1d76-cf6f-4bc2-9079-fcc105a6b469@group-3C5B330A738C:LeaderElection13] INFO  impl.RaftServerImpl (ServerState.java:setRaftConf(354)) - f42e1d76-cf6f-4bc2-9079-fcc105a6b469@group-3C5B330A738C: set configuration 0: [f42e1d76-cf6f-4bc2-9079-fcc105a6b469:192.168.5.180:38871, 1fae45cc-3995-4f14-aa1a-c92c55d47df5:192.168.5.180:39562, a5dffc8e-0c2f-4c60-ad24-9a891b6ac97a:192.168.5.180:44498], old=null at 0
2019-09-30 16:02:07,477 [grpc-default-executor-3] INFO  impl.RaftServerImpl (ServerState.java:setLeader(253)) - a5dffc8e-0c2f-4c60-ad24-9a891b6ac97a@group-3C5B330A738C: change Leader from null to f42e1d76-cf6f-4bc2-9079-fcc105a6b469 at term 2 for appendEntries, leader elected after 10445ms
2019-09-30 16:02:07,477 [grpc-default-executor-4] INFO  impl.RaftServerImpl (ServerState.java:setLeader(253)) - 1fae45cc-3995-4f14-aa1a-c92c55d47df5@group-3C5B330A738C: change Leader from null to f42e1d76-cf6f-4bc2-9079-fcc105a6b469 at term 2 for appendEntries, leader elected after 10445ms
2019-09-30 16:02:07,485 [grpc-default-executor-4] INFO  impl.RaftServerImpl (ServerState.java:setRaftConf(354)) - a5dffc8e-0c2f-4c60-ad24-9a891b6ac97a@group-3C5B330A738C: set configuration 0: [f42e1d76-cf6f-4bc2-9079-fcc105a6b469:192.168.5.180:38871, 1fae45cc-3995-4f14-aa1a-c92c55d47df5:192.168.5.180:39562, a5dffc8e-0c2f-4c60-ad24-9a891b6ac97a:192.168.5.180:44498], old=null at 0
2019-09-30 16:02:07,485 [grpc-default-executor-4] INFO  segmented.SegmentedRaftLogWorker (SegmentedRaftLogWorker.java:startLogSegment(380)) - a5dffc8e-0c2f-4c60-ad24-9a891b6ac97a@group-3C5B330A738C-SegmentedRaftLogWorker: Starting segment from index:0
2019-09-30 16:02:07,485 [grpc-default-executor-3] INFO  impl.RaftServerImpl (ServerState.java:setRaftConf(354)) - 1fae45cc-3995-4f14-aa1a-c92c55d47df5@group-3C5B330A738C: set configuration 0: [f42e1d76-cf6f-4bc2-9079-fcc105a6b469:192.168.5.180:38871, 1fae45cc-3995-4f14-aa1a-c92c55d47df5:192.168.5.180:39562, a5dffc8e-0c2f-4c60-ad24-9a891b6ac97a:192.168.5.180:44498], old=null at 0
2019-09-30 16:02:07,485 [f42e1d76-cf6f-4bc2-9079-fcc105a6b469@group-3C5B330A738C-SegmentedRaftLogWorker] INFO  segmented.SegmentedRaftLogWorker (SegmentedRaftLogWorker.java:execute(569)) - f42e1d76-cf6f-4bc2-9079-fcc105a6b469@group-3C5B330A738C-SegmentedRaftLogWorker: created new log segment /workdir/hadoop-ozone/integration-test/target/test-dir/MiniOzoneClusterImpl-5c0c24fc-84a9-445a-b697-36e4edb9aec1/datanode-0/data/ratis/a251fe88-7f39-40f8-83db-3c5b330a738c/current/log_inprogress_0
2019-09-30 16:02:07,485 [grpc-default-executor-3] INFO  segmented.SegmentedRaftLogWorker (SegmentedRaftLogWorker.java:startLogSegment(380)) - 1fae45cc-3995-4f14-aa1a-c92c55d47df5@group-3C5B330A738C-SegmentedRaftLogWorker: Starting segment from index:0
2019-09-30 16:02:07,537 [1fae45cc-3995-4f14-aa1a-c92c55d47df5@group-3C5B330A738C-SegmentedRaftLogWorker] INFO  segmented.SegmentedRaftLogWorker (SegmentedRaftLogWorker.java:execute(569)) - 1fae45cc-3995-4f14-aa1a-c92c55d47df5@group-3C5B330A738C-SegmentedRaftLogWorker: created new log segment /workdir/hadoop-ozone/integration-test/target/test-dir/MiniOzoneClusterImpl-5c0c24fc-84a9-445a-b697-36e4edb9aec1/datanode-1/data/ratis/a251fe88-7f39-40f8-83db-3c5b330a738c/current/log_inprogress_0
2019-09-30 16:02:07,537 [a5dffc8e-0c2f-4c60-ad24-9a891b6ac97a@group-3C5B330A738C-SegmentedRaftLogWorker] INFO  segmented.SegmentedRaftLogWorker (SegmentedRaftLogWorker.java:execute(569)) - a5dffc8e-0c2f-4c60-ad24-9a891b6ac97a@group-3C5B330A738C-SegmentedRaftLogWorker: created new log segment /workdir/hadoop-ozone/integration-test/target/test-dir/MiniOzoneClusterImpl-5c0c24fc-84a9-445a-b697-36e4edb9aec1/datanode-3/data/ratis/a251fe88-7f39-40f8-83db-3c5b330a738c/current/log_inprogress_0
2019-09-30 16:02:08,842 [Datanode State Machine Thread - 0] INFO  statemachine.DatanodeStateMachine (DatanodeStateMachine.java:lambda$startDaemon$0(350)) - Ozone container server started.
2019-09-30 16:02:12,910 [main] INFO  ozoneimpl.OzoneContainer (OzoneContainer.java:stop(231)) - Attempting to stop container services.
2019-09-30 16:02:12,911 [main] INFO  impl.RaftServerProxy (RaftServerProxy.java:lambda$close$4(314)) - f42e1d76-cf6f-4bc2-9079-fcc105a6b469: close
2019-09-30 16:02:12,913 [main] INFO  impl.RaftServerImpl (RaftServerImpl.java:lambda$shutdown$3(251)) - f42e1d76-cf6f-4bc2-9079-fcc105a6b469@group-F49A17904A4D: shutdown
2019-09-30 16:02:12,913 [main] INFO  util.JmxRegister (JmxRegister.java:unregister(73)) - Successfully un-registered JMX Bean with object name Ratis:service=RaftServer,group=group-F49A17904A4D,id=f42e1d76-cf6f-4bc2-9079-fcc105a6b469
2019-09-30 16:02:12,914 [main] INFO  impl.RoleInfo (RoleInfo.java:shutdownLeaderState(104)) - f42e1d76-cf6f-4bc2-9079-fcc105a6b469: shutdown LeaderState
2019-09-30 16:02:12,914 [main] INFO  impl.PendingRequests (PendingRequests.java:sendNotLeaderResponses(202)) - f42e1d76-cf6f-4bc2-9079-fcc105a6b469-PendingRequests: sendNotLeaderResponses
2019-09-30 16:02:12,916 [main] INFO  impl.StateMachineUpdater (StateMachineUpdater.java:stopAndJoin(125)) - f42e1d76-cf6f-4bc2-9079-fcc105a6b469@group-F49A17904A4D-StateMachineUpdater: set stopIndex = 0
2019-09-30 16:02:12,916 [main] INFO  impl.RaftServerImpl (ServerState.java:close(385)) - f42e1d76-cf6f-4bc2-9079-fcc105a6b469@group-F49A17904A4D: closes. applyIndex: 0
2019-09-30 16:02:12,919 [f42e1d76-cf6f-4bc2-9079-fcc105a6b469@group-F49A17904A4D-SegmentedRaftLogWorker] INFO  segmented.SegmentedRaftLogWorker (SegmentedRaftLogWorker.java:run(313)) - f42e1d76-cf6f-4bc2-9079-fcc105a6b469@group-F49A17904A4D-SegmentedRaftLogWorker was interrupted, exiting. There are 0 tasks remaining in the queue.
2019-09-30 16:02:12,923 [main] INFO  segmented.SegmentedRaftLogWorker (SegmentedRaftLogWorker.java:close(228)) - f42e1d76-cf6f-4bc2-9079-fcc105a6b469@group-F49A17904A4D-SegmentedRaftLogWorker close()
2019-09-30 16:02:12,927 [main] INFO  impl.RaftServerImpl (RaftServerImpl.java:lambda$shutdown$3(251)) - f42e1d76-cf6f-4bc2-9079-fcc105a6b469@group-3C5B330A738C: shutdown
2019-09-30 16:02:12,928 [main] INFO  util.JmxRegister (JmxRegister.java:unregister(73)) - Successfully un-registered JMX Bean with object name Ratis:service=RaftServer,group=group-3C5B330A738C,id=f42e1d76-cf6f-4bc2-9079-fcc105a6b469
2019-09-30 16:02:12,928 [main] INFO  impl.RoleInfo (RoleInfo.java:shutdownLeaderState(104)) - f42e1d76-cf6f-4bc2-9079-fcc105a6b469: shutdown LeaderState
2019-09-30 16:02:12,932 [main] INFO  impl.PendingRequests (PendingRequests.java:sendNotLeaderResponses(202)) - f42e1d76-cf6f-4bc2-9079-fcc105a6b469-PendingRequests: sendNotLeaderResponses
2019-09-30 16:02:12,932 [org.apache.ratis.server.impl.LogAppender$AppenderDaemon$$Lambda$458/1706922910@60174bd4] WARN  server.GrpcLogAppender (GrpcLogAppender.java:mayWait(143)) - f42e1d76-cf6f-4bc2-9079-fcc105a6b469@group-3C5B330A738C->1fae45cc-3995-4f14-aa1a-c92c55d47df5-GrpcLogAppender: Wait interrupted by java.lang.InterruptedException
2019-09-30 16:02:12,932 [org.apache.ratis.server.impl.LogAppender$AppenderDaemon$$Lambda$458/1706922910@226b430e] WARN  server.GrpcLogAppender (GrpcLogAppender.java:mayWait(143)) - f42e1d76-cf6f-4bc2-9079-fcc105a6b469@group-3C5B330A738C->a5dffc8e-0c2f-4c60-ad24-9a891b6ac97a-GrpcLogAppender: Wait interrupted by java.lang.InterruptedException
2019-09-30 16:02:12,942 [f42e1d76-cf6f-4bc2-9079-fcc105a6b469@group-3C5B330A738C-StateMachineUpdater] INFO  ratis.ContainerStateMachine (ContainerStateMachine.java:takeSnapshot(289)) - group-3C5B330A738C: Taking a snapshot at:(t:2, i:2) file /workdir/hadoop-ozone/integration-test/target/test-dir/MiniOzoneClusterImpl-5c0c24fc-84a9-445a-b697-36e4edb9aec1/datanode-0/data/ratis/a251fe88-7f39-40f8-83db-3c5b330a738c/sm/snapshot.2_2
2019-09-30 16:02:12,942 [main] INFO  impl.StateMachineUpdater (StateMachineUpdater.java:stopAndJoin(125)) - f42e1d76-cf6f-4bc2-9079-fcc105a6b469@group-3C5B330A738C-StateMachineUpdater: set stopIndex = 2
2019-09-30 16:02:12,951 [grpc-default-executor-5] INFO  server.GrpcServerProtocolService (GrpcServerProtocolService.java:onCompleted(113)) - 1fae45cc-3995-4f14-aa1a-c92c55d47df5: Completed APPEND_ENTRIES, lastRequest: f42e1d76-cf6f-4bc2-9079-fcc105a6b469->1fae45cc-3995-4f14-aa1a-c92c55d47df5#5-t2, previous=(t:2, i:2), leaderCommit=2, initializing? false, entries: <empty>
2019-09-30 16:02:12,954 [grpc-default-executor-3] INFO  server.GrpcServerProtocolService (GrpcServerProtocolService.java:onCompleted(113)) - a5dffc8e-0c2f-4c60-ad24-9a891b6ac97a: Completed APPEND_ENTRIES, lastRequest: f42e1d76-cf6f-4bc2-9079-fcc105a6b469->a5dffc8e-0c2f-4c60-ad24-9a891b6ac97a#5-t2, previous=(t:2, i:2), leaderCommit=2, initializing? false, entries: <empty>
2019-09-30 16:02:12,962 [grpc-default-executor-5] INFO  server.GrpcLogAppender (GrpcLogAppender.java:onCompleted(293)) - f42e1d76-cf6f-4bc2-9079-fcc105a6b469@group-3C5B330A738C->1fae45cc-3995-4f14-aa1a-c92c55d47df5-AppendLogResponseHandler: follower responses appendEntries COMPLETED
2019-09-30 16:02:12,962 [grpc-default-executor-3] INFO  server.GrpcLogAppender (GrpcLogAppender.java:onCompleted(293)) - f42e1d76-cf6f-4bc2-9079-fcc105a6b469@group-3C5B330A738C->a5dffc8e-0c2f-4c60-ad24-9a891b6ac97a-AppendLogResponseHandler: follower responses appendEntries COMPLETED
2019-09-30 16:02:12,969 [grpc-default-executor-5] INFO  impl.FollowerInfo (FollowerInfo.java:lambda$new$0(51)) - f42e1d76-cf6f-4bc2-9079-fcc105a6b469@group-3C5B330A738C->1fae45cc-3995-4f14-aa1a-c92c55d47df5: nextIndex: updateUnconditionally 3 -> 2
2019-09-30 16:02:12,969 [grpc-default-executor-3] INFO  impl.FollowerInfo (FollowerInfo.java:lambda$new$0(51)) - f42e1d76-cf6f-4bc2-9079-fcc105a6b469@group-3C5B330A738C->a5dffc8e-0c2f-4c60-ad24-9a891b6ac97a: nextIndex: updateUnconditionally 3 -> 2
2019-09-30 16:02:13,085 [f42e1d76-cf6f-4bc2-9079-fcc105a6b469@group-3C5B330A738C-StateMachineUpdater] INFO  ratis.ContainerStateMachine (ContainerStateMachine.java:takeSnapshot(300)) - group-3C5B330A738C: Finished taking a snapshot at:(t:2, i:2) file:/workdir/hadoop-ozone/integration-test/target/test-dir/MiniOzoneClusterImpl-5c0c24fc-84a9-445a-b697-36e4edb9aec1/datanode-0/data/ratis/a251fe88-7f39-40f8-83db-3c5b330a738c/sm/snapshot.2_2 time:143
2019-09-30 16:02:13,086 [f42e1d76-cf6f-4bc2-9079-fcc105a6b469@group-3C5B330A738C-StateMachineUpdater] INFO  impl.StateMachineUpdater (StateMachineUpdater.java:takeSnapshot(258)) - f42e1d76-cf6f-4bc2-9079-fcc105a6b469@group-3C5B330A738C-StateMachineUpdater: Took a snapshot at index 2
2019-09-30 16:02:13,089 [f42e1d76-cf6f-4bc2-9079-fcc105a6b469@group-3C5B330A738C-StateMachineUpdater] INFO  impl.StateMachineUpdater (StateMachineUpdater.java:lambda$new$0(83)) - f42e1d76-cf6f-4bc2-9079-fcc105a6b469@group-3C5B330A738C-StateMachineUpdater: snapshotIndex: updateIncreasingly -1 -> 2
2019-09-30 16:02:13,096 [main] INFO  impl.RaftServerImpl (ServerState.java:close(385)) - f42e1d76-cf6f-4bc2-9079-fcc105a6b469@group-3C5B330A738C: closes. applyIndex: 2
2019-09-30 16:02:13,096 [f42e1d76-cf6f-4bc2-9079-fcc105a6b469@group-3C5B330A738C-SegmentedRaftLogWorker] INFO  segmented.SegmentedRaftLogWorker (SegmentedRaftLogWorker.java:run(313)) - f42e1d76-cf6f-4bc2-9079-fcc105a6b469@group-3C5B330A738C-SegmentedRaftLogWorker was interrupted, exiting. There are 0 tasks remaining in the queue.
2019-09-30 16:02:13,106 [main] INFO  segmented.SegmentedRaftLogWorker (SegmentedRaftLogWorker.java:close(228)) - f42e1d76-cf6f-4bc2-9079-fcc105a6b469@group-3C5B330A738C-SegmentedRaftLogWorker close()
2019-09-30 16:02:13,109 [main] INFO  server.GrpcService (GrpcService.java:closeImpl(164)) - f42e1d76-cf6f-4bc2-9079-fcc105a6b469: shutdown server with port 38871 now
2019-09-30 16:02:13,114 [main] INFO  server.GrpcService (GrpcService.java:closeImpl(172)) - f42e1d76-cf6f-4bc2-9079-fcc105a6b469: shutdown server with port 38871 successfully
2019-09-30 16:02:13,122 [refreshUsed-/workdir/hadoop-ozone/integration-test/target/test-dir/MiniOzoneClusterImpl-5c0c24fc-84a9-445a-b697-36e4edb9aec1/datanode-0/data/containers] WARN  fs.CachingGetSpaceUsed (CachingGetSpaceUsed.java:run(183)) - Thread Interrupted waiting to refresh disk information: sleep interrupted
2019-09-30 16:02:13,140 [main] INFO  utils.BackgroundService (BackgroundService.java:shutdown(148)) - Shutting down service BlockDeletingService
2019-09-30 16:02:13,145 [main] INFO  statemachine.DatanodeStateMachine (DatanodeStateMachine.java:stopDaemon(395)) - Ozone container server stopped.
2019-09-30 16:02:13,150 [main] INFO  handler.ContextHandler (ContextHandler.java:doStop(910)) - Stopped o.e.j.w.WebAppContext@80bfdc6{/,null,UNAVAILABLE}{/hddsDatanode}
2019-09-30 16:02:13,156 [main] INFO  server.AbstractConnector (AbstractConnector.java:doStop(318)) - Stopped ServerConnector@6edcad64{HTTP/1.1,[http/1.1]}{0.0.0.0:0}
2019-09-30 16:02:13,157 [main] INFO  handler.ContextHandler (ContextHandler.java:doStop(910)) - Stopped o.e.j.s.ServletContextHandler@767a014e{/static,jar:file:/home/user/.m2/repository/org/apache/hadoop/hadoop-hdds-container-service/0.5.0-SNAPSHOT/hadoop-hdds-container-service-0.5.0-SNAPSHOT.jar!/webapps/static,UNAVAILABLE}
2019-09-30 16:02:13,157 [main] INFO  handler.ContextHandler (ContextHandler.java:doStop(910)) - Stopped o.e.j.s.ServletContextHandler@2f236de0{/logs,file:///workdir/hadoop-ozone/integration-test/target/log,UNAVAILABLE}
2019-09-30 16:02:22,764 [Thread-350] INFO  impl.FollowerState (FollowerState.java:run(106)) - 1fae45cc-3995-4f14-aa1a-c92c55d47df5:group-3C5B330A738C changes to CANDIDATE, lastRpcTime:10058, electionTimeout:5120ms
2019-09-30 16:02:22,764 [Thread-350] INFO  impl.RoleInfo (RoleInfo.java:shutdownFollowerState(121)) - 1fae45cc-3995-4f14-aa1a-c92c55d47df5: shutdown FollowerState
2019-09-30 16:02:22,764 [Thread-350] INFO  impl.RaftServerImpl (RaftServerImpl.java:setRole(174)) - 1fae45cc-3995-4f14-aa1a-c92c55d47df5@group-3C5B330A738C: changes role from  FOLLOWER to CANDIDATE at term 2 for changeToCandidate
2019-09-30 16:02:22,765 [Thread-350] INFO  impl.RoleInfo (RoleInfo.java:updateAndGet(143)) - 1fae45cc-3995-4f14-aa1a-c92c55d47df5: start LeaderElection
2019-09-30 16:02:22,769 [1fae45cc-3995-4f14-aa1a-c92c55d47df5@group-3C5B330A738C:LeaderElection14] INFO  impl.RaftServerImpl (ServerState.java:setLeader(253)) - 1fae45cc-3995-4f14-aa1a-c92c55d47df5@group-3C5B330A738C: change Leader from f42e1d76-cf6f-4bc2-9079-fcc105a6b469 to null at term 2 for initElection
2019-09-30 16:02:22,773 [Thread-349] INFO  impl.FollowerState (FollowerState.java:run(106)) - a5dffc8e-0c2f-4c60-ad24-9a891b6ac97a:group-3C5B330A738C changes to CANDIDATE, lastRpcTime:10068, electionTimeout:5108ms
2019-09-30 16:02:22,773 [Thread-349] INFO  impl.RoleInfo (RoleInfo.java:shutdownFollowerState(121)) - a5dffc8e-0c2f-4c60-ad24-9a891b6ac97a: shutdown FollowerState
2019-09-30 16:02:22,773 [Thread-349] INFO  impl.RaftServerImpl (RaftServerImpl.java:setRole(174)) - a5dffc8e-0c2f-4c60-ad24-9a891b6ac97a@group-3C5B330A738C: changes role from  FOLLOWER to CANDIDATE at term 2 for changeToCandidate
2019-09-30 16:02:22,774 [Thread-349] INFO  impl.RoleInfo (RoleInfo.java:updateAndGet(143)) - a5dffc8e-0c2f-4c60-ad24-9a891b6ac97a: start LeaderElection
2019-09-30 16:02:22,776 [a5dffc8e-0c2f-4c60-ad24-9a891b6ac97a@group-3C5B330A738C:LeaderElection15] INFO  impl.RaftServerImpl (ServerState.java:setLeader(253)) - a5dffc8e-0c2f-4c60-ad24-9a891b6ac97a@group-3C5B330A738C: change Leader from f42e1d76-cf6f-4bc2-9079-fcc105a6b469 to null at term 2 for initElection
2019-09-30 16:02:22,784 [1fae45cc-3995-4f14-aa1a-c92c55d47df5@group-3C5B330A738C:LeaderElection14] INFO  impl.LeaderElection (LeaderElection.java:askForVotes(182)) - 1fae45cc-3995-4f14-aa1a-c92c55d47df5@group-3C5B330A738C:LeaderElection14: begin an election at term 3 for 0: [f42e1d76-cf6f-4bc2-9079-fcc105a6b469:192.168.5.180:38871, 1fae45cc-3995-4f14-aa1a-c92c55d47df5:192.168.5.180:39562, a5dffc8e-0c2f-4c60-ad24-9a891b6ac97a:192.168.5.180:44498], old=null
2019-09-30 16:02:22,784 [a5dffc8e-0c2f-4c60-ad24-9a891b6ac97a@group-3C5B330A738C:LeaderElection15] INFO  impl.LeaderElection (LeaderElection.java:askForVotes(182)) - a5dffc8e-0c2f-4c60-ad24-9a891b6ac97a@group-3C5B330A738C:LeaderElection15: begin an election at term 3 for 0: [f42e1d76-cf6f-4bc2-9079-fcc105a6b469:192.168.5.180:38871, 1fae45cc-3995-4f14-aa1a-c92c55d47df5:192.168.5.180:39562, a5dffc8e-0c2f-4c60-ad24-9a891b6ac97a:192.168.5.180:44498], old=null
2019-09-30 16:02:22,794 [1fae45cc-3995-4f14-aa1a-c92c55d47df5@group-3C5B330A738C:LeaderElection14] INFO  impl.LeaderElection (LogUtils.java:infoOrTrace(149)) - 1fae45cc-3995-4f14-aa1a-c92c55d47df5@group-3C5B330A738C:LeaderElection14 got exception when requesting votes: {}
java.util.concurrent.ExecutionException: org.apache.ratis.thirdparty.io.grpc.StatusRuntimeException: UNAVAILABLE: io exception
	at java.util.concurrent.FutureTask.report(FutureTask.java:122)
	at java.util.concurrent.FutureTask.get(FutureTask.java:192)
	at org.apache.ratis.server.impl.LeaderElection.waitForResults(LeaderElection.java:263)
	at org.apache.ratis.server.impl.LeaderElection.askForVotes(LeaderElection.java:201)
	at org.apache.ratis.server.impl.LeaderElection.run(LeaderElection.java:133)
	at java.lang.Thread.run(Thread.java:748)
Caused by: org.apache.ratis.thirdparty.io.grpc.StatusRuntimeException: UNAVAILABLE: io exception
	at org.apache.ratis.thirdparty.io.grpc.stub.ClientCalls.toStatusRuntimeException(ClientCalls.java:233)
	at org.apache.ratis.thirdparty.io.grpc.stub.ClientCalls.getUnchecked(ClientCalls.java:214)
	at org.apache.ratis.thirdparty.io.grpc.stub.ClientCalls.blockingUnaryCall(ClientCalls.java:139)
	at org.apache.ratis.proto.grpc.RaftServerProtocolServiceGrpc$RaftServerProtocolServiceBlockingStub.requestVote(RaftServerProtocolServiceGrpc.java:265)
	at org.apache.ratis.grpc.server.GrpcServerProtocolClient.requestVote(GrpcServerProtocolClient.java:90)
	at org.apache.ratis.grpc.server.GrpcService.requestVote(GrpcService.java:204)
	at org.apache.ratis.server.impl.LeaderElection.lambda$submitRequests$1(LeaderElection.java:238)
	at java.util.concurrent.FutureTask.run(FutureTask.java:266)
	at java.util.concurrent.Executors$RunnableAdapter.call(Executors.java:511)
	at java.util.concurrent.FutureTask.run(FutureTask.java:266)
	at java.util.concurrent.ThreadPoolExecutor.runWorker(ThreadPoolExecutor.java:1149)
	at java.util.concurrent.ThreadPoolExecutor$Worker.run(ThreadPoolExecutor.java:624)
	... 1 more
Caused by: org.apache.ratis.thirdparty.io.netty.channel.AbstractChannel$AnnotatedConnectException: Connection refused: /192.168.5.180:38871
	at sun.nio.ch.SocketChannelImpl.checkConnect(Native Method)
	at sun.nio.ch.SocketChannelImpl.finishConnect(SocketChannelImpl.java:717)
	at org.apache.ratis.thirdparty.io.netty.channel.socket.nio.NioSocketChannel.doFinishConnect(NioSocketChannel.java:327)
	at org.apache.ratis.thirdparty.io.netty.channel.nio.AbstractNioChannel$AbstractNioUnsafe.finishConnect(AbstractNioChannel.java:340)
	at org.apache.ratis.thirdparty.io.netty.channel.nio.NioEventLoop.processSelectedKey(NioEventLoop.java:632)
	at org.apache.ratis.thirdparty.io.netty.channel.nio.NioEventLoop.processSelectedKeysOptimized(NioEventLoop.java:579)
	at org.apache.ratis.thirdparty.io.netty.channel.nio.NioEventLoop.processSelectedKeys(NioEventLoop.java:496)
	at org.apache.ratis.thirdparty.io.netty.channel.nio.NioEventLoop.run(NioEventLoop.java:458)
	at org.apache.ratis.thirdparty.io.netty.util.concurrent.SingleThreadEventExecutor$5.run(SingleThreadEventExecutor.java:897)
	at org.apache.ratis.thirdparty.io.netty.util.concurrent.FastThreadLocalRunnable.run(FastThreadLocalRunnable.java:30)
	... 1 more
Caused by: java.net.ConnectException: Connection refused
	... 11 more
2019-09-30 16:02:22,794 [a5dffc8e-0c2f-4c60-ad24-9a891b6ac97a@group-3C5B330A738C:LeaderElection15] INFO  impl.LeaderElection (LogUtils.java:infoOrTrace(149)) - a5dffc8e-0c2f-4c60-ad24-9a891b6ac97a@group-3C5B330A738C:LeaderElection15 got exception when requesting votes: {}
java.util.concurrent.ExecutionException: org.apache.ratis.thirdparty.io.grpc.StatusRuntimeException: UNAVAILABLE: io exception
	at java.util.concurrent.FutureTask.report(FutureTask.java:122)
	at java.util.concurrent.FutureTask.get(FutureTask.java:192)
	at org.apache.ratis.server.impl.LeaderElection.waitForResults(LeaderElection.java:263)
	at org.apache.ratis.server.impl.LeaderElection.askForVotes(LeaderElection.java:201)
	at org.apache.ratis.server.impl.LeaderElection.run(LeaderElection.java:133)
	at java.lang.Thread.run(Thread.java:748)
Caused by: org.apache.ratis.thirdparty.io.grpc.StatusRuntimeException: UNAVAILABLE: io exception
	at org.apache.ratis.thirdparty.io.grpc.stub.ClientCalls.toStatusRuntimeException(ClientCalls.java:233)
	at org.apache.ratis.thirdparty.io.grpc.stub.ClientCalls.getUnchecked(ClientCalls.java:214)
	at org.apache.ratis.thirdparty.io.grpc.stub.ClientCalls.blockingUnaryCall(ClientCalls.java:139)
	at org.apache.ratis.proto.grpc.RaftServerProtocolServiceGrpc$RaftServerProtocolServiceBlockingStub.requestVote(RaftServerProtocolServiceGrpc.java:265)
	at org.apache.ratis.grpc.server.GrpcServerProtocolClient.requestVote(GrpcServerProtocolClient.java:90)
	at org.apache.ratis.grpc.server.GrpcService.requestVote(GrpcService.java:204)
	at org.apache.ratis.server.impl.LeaderElection.lambda$submitRequests$1(LeaderElection.java:238)
	at java.util.concurrent.FutureTask.run(FutureTask.java:266)
	at java.util.concurrent.Executors$RunnableAdapter.call(Executors.java:511)
	at java.util.concurrent.FutureTask.run(FutureTask.java:266)
	at java.util.concurrent.ThreadPoolExecutor.runWorker(ThreadPoolExecutor.java:1149)
	at java.util.concurrent.ThreadPoolExecutor$Worker.run(ThreadPoolExecutor.java:624)
	... 1 more
Caused by: org.apache.ratis.thirdparty.io.netty.channel.AbstractChannel$AnnotatedConnectException: Connection refused: /192.168.5.180:38871
	at sun.nio.ch.SocketChannelImpl.checkConnect(Native Method)
	at sun.nio.ch.SocketChannelImpl.finishConnect(SocketChannelImpl.java:717)
	at org.apache.ratis.thirdparty.io.netty.channel.socket.nio.NioSocketChannel.doFinishConnect(NioSocketChannel.java:327)
	at org.apache.ratis.thirdparty.io.netty.channel.nio.AbstractNioChannel$AbstractNioUnsafe.finishConnect(AbstractNioChannel.java:340)
	at org.apache.ratis.thirdparty.io.netty.channel.nio.NioEventLoop.processSelectedKey(NioEventLoop.java:632)
	at org.apache.ratis.thirdparty.io.netty.channel.nio.NioEventLoop.processSelectedKeysOptimized(NioEventLoop.java:579)
	at org.apache.ratis.thirdparty.io.netty.channel.nio.NioEventLoop.processSelectedKeys(NioEventLoop.java:496)
	at org.apache.ratis.thirdparty.io.netty.channel.nio.NioEventLoop.run(NioEventLoop.java:458)
	at org.apache.ratis.thirdparty.io.netty.util.concurrent.SingleThreadEventExecutor$5.run(SingleThreadEventExecutor.java:897)
	at org.apache.ratis.thirdparty.io.netty.util.concurrent.FastThreadLocalRunnable.run(FastThreadLocalRunnable.java:30)
	... 1 more
Caused by: java.net.ConnectException: Connection refused
	... 11 more
2019-09-30 16:02:22,800 [1fae45cc-3995-4f14-aa1a-c92c55d47df5@group-3C5B330A738C:LeaderElection14] INFO  impl.LeaderElection (LeaderElection.java:logAndReturn(56)) - 1fae45cc-3995-4f14-aa1a-c92c55d47df5@group-3C5B330A738C:LeaderElection14: Election REJECTED; received 1 response(s) [1fae45cc-3995-4f14-aa1a-c92c55d47df5<-a5dffc8e-0c2f-4c60-ad24-9a891b6ac97a#0:FAIL-t3] and 1 exception(s); 1fae45cc-3995-4f14-aa1a-c92c55d47df5@group-3C5B330A738C:t3, leader=null, voted=1fae45cc-3995-4f14-aa1a-c92c55d47df5, raftlog=1fae45cc-3995-4f14-aa1a-c92c55d47df5@group-3C5B330A738C-SegmentedRaftLog:OPENED:c2,f2,i2, conf=0: [f42e1d76-cf6f-4bc2-9079-fcc105a6b469:192.168.5.180:38871, 1fae45cc-3995-4f14-aa1a-c92c55d47df5:192.168.5.180:39562, a5dffc8e-0c2f-4c60-ad24-9a891b6ac97a:192.168.5.180:44498], old=null
2019-09-30 16:02:22,800 [a5dffc8e-0c2f-4c60-ad24-9a891b6ac97a@group-3C5B330A738C:LeaderElection15] INFO  impl.LeaderElection (LeaderElection.java:logAndReturn(56)) - a5dffc8e-0c2f-4c60-ad24-9a891b6ac97a@group-3C5B330A738C:LeaderElection15: Election REJECTED; received 1 response(s) [a5dffc8e-0c2f-4c60-ad24-9a891b6ac97a<-1fae45cc-3995-4f14-aa1a-c92c55d47df5#0:FAIL-t3] and 1 exception(s); a5dffc8e-0c2f-4c60-ad24-9a891b6ac97a@group-3C5B330A738C:t3, leader=null, voted=a5dffc8e-0c2f-4c60-ad24-9a891b6ac97a, raftlog=a5dffc8e-0c2f-4c60-ad24-9a891b6ac97a@group-3C5B330A738C-SegmentedRaftLog:OPENED:c2,f2,i2, conf=0: [f42e1d76-cf6f-4bc2-9079-fcc105a6b469:192.168.5.180:38871, 1fae45cc-3995-4f14-aa1a-c92c55d47df5:192.168.5.180:39562, a5dffc8e-0c2f-4c60-ad24-9a891b6ac97a:192.168.5.180:44498], old=null
2019-09-30 16:02:22,801 [1fae45cc-3995-4f14-aa1a-c92c55d47df5@group-3C5B330A738C:LeaderElection14] INFO  impl.LeaderElection (LogUtils.java:infoOrTrace(149)) -   Exception 0: {}
java.util.concurrent.ExecutionException: org.apache.ratis.thirdparty.io.grpc.StatusRuntimeException: UNAVAILABLE: io exception
	at java.util.concurrent.FutureTask.report(FutureTask.java:122)
	at java.util.concurrent.FutureTask.get(FutureTask.java:192)
	at org.apache.ratis.server.impl.LeaderElection.waitForResults(LeaderElection.java:263)
	at org.apache.ratis.server.impl.LeaderElection.askForVotes(LeaderElection.java:201)
	at org.apache.ratis.server.impl.LeaderElection.run(LeaderElection.java:133)
	at java.lang.Thread.run(Thread.java:748)
Caused by: org.apache.ratis.thirdparty.io.grpc.StatusRuntimeException: UNAVAILABLE: io exception
	at org.apache.ratis.thirdparty.io.grpc.stub.ClientCalls.toStatusRuntimeException(ClientCalls.java:233)
	at org.apache.ratis.thirdparty.io.grpc.stub.ClientCalls.getUnchecked(ClientCalls.java:214)
	at org.apache.ratis.thirdparty.io.grpc.stub.ClientCalls.blockingUnaryCall(ClientCalls.java:139)
	at org.apache.ratis.proto.grpc.RaftServerProtocolServiceGrpc$RaftServerProtocolServiceBlockingStub.requestVote(RaftServerProtocolServiceGrpc.java:265)
	at org.apache.ratis.grpc.server.GrpcServerProtocolClient.requestVote(GrpcServerProtocolClient.java:90)
	at org.apache.ratis.grpc.server.GrpcService.requestVote(GrpcService.java:204)
	at org.apache.ratis.server.impl.LeaderElection.lambda$submitRequests$1(LeaderElection.java:238)
	at java.util.concurrent.FutureTask.run(FutureTask.java:266)
	at java.util.concurrent.Executors$RunnableAdapter.call(Executors.java:511)
	at java.util.concurrent.FutureTask.run(FutureTask.java:266)
	at java.util.concurrent.ThreadPoolExecutor.runWorker(ThreadPoolExecutor.java:1149)
	at java.util.concurrent.ThreadPoolExecutor$Worker.run(ThreadPoolExecutor.java:624)
	... 1 more
Caused by: org.apache.ratis.thirdparty.io.netty.channel.AbstractChannel$AnnotatedConnectException: Connection refused: /192.168.5.180:38871
	at sun.nio.ch.SocketChannelImpl.checkConnect(Native Method)
	at sun.nio.ch.SocketChannelImpl.finishConnect(SocketChannelImpl.java:717)
	at org.apache.ratis.thirdparty.io.netty.channel.socket.nio.NioSocketChannel.doFinishConnect(NioSocketChannel.java:327)
	at org.apache.ratis.thirdparty.io.netty.channel.nio.AbstractNioChannel$AbstractNioUnsafe.finishConnect(AbstractNioChannel.java:340)
	at org.apache.ratis.thirdparty.io.netty.channel.nio.NioEventLoop.processSelectedKey(NioEventLoop.java:632)
	at org.apache.ratis.thirdparty.io.netty.channel.nio.NioEventLoop.processSelectedKeysOptimized(NioEventLoop.java:579)
	at org.apache.ratis.thirdparty.io.netty.channel.nio.NioEventLoop.processSelectedKeys(NioEventLoop.java:496)
	at org.apache.ratis.thirdparty.io.netty.channel.nio.NioEventLoop.run(NioEventLoop.java:458)
	at org.apache.ratis.thirdparty.io.netty.util.concurrent.SingleThreadEventExecutor$5.run(SingleThreadEventExecutor.java:897)
	at org.apache.ratis.thirdparty.io.netty.util.concurrent.FastThreadLocalRunnable.run(FastThreadLocalRunnable.java:30)
	... 1 more
Caused by: java.net.ConnectException: Connection refused
	... 11 more
2019-09-30 16:02:22,801 [a5dffc8e-0c2f-4c60-ad24-9a891b6ac97a@group-3C5B330A738C:LeaderElection15] INFO  impl.LeaderElection (LogUtils.java:infoOrTrace(149)) -   Exception 0: {}
java.util.concurrent.ExecutionException: org.apache.ratis.thirdparty.io.grpc.StatusRuntimeException: UNAVAILABLE: io exception
	at java.util.concurrent.FutureTask.report(FutureTask.java:122)
	at java.util.concurrent.FutureTask.get(FutureTask.java:192)
	at org.apache.ratis.server.impl.LeaderElection.waitForResults(LeaderElection.java:263)
	at org.apache.ratis.server.impl.LeaderElection.askForVotes(LeaderElection.java:201)
	at org.apache.ratis.server.impl.LeaderElection.run(LeaderElection.java:133)
	at java.lang.Thread.run(Thread.java:748)
Caused by: org.apache.ratis.thirdparty.io.grpc.StatusRuntimeException: UNAVAILABLE: io exception
	at org.apache.ratis.thirdparty.io.grpc.stub.ClientCalls.toStatusRuntimeException(ClientCalls.java:233)
	at org.apache.ratis.thirdparty.io.grpc.stub.ClientCalls.getUnchecked(ClientCalls.java:214)
	at org.apache.ratis.thirdparty.io.grpc.stub.ClientCalls.blockingUnaryCall(ClientCalls.java:139)
	at org.apache.ratis.proto.grpc.RaftServerProtocolServiceGrpc$RaftServerProtocolServiceBlockingStub.requestVote(RaftServerProtocolServiceGrpc.java:265)
	at org.apache.ratis.grpc.server.GrpcServerProtocolClient.requestVote(GrpcServerProtocolClient.java:90)
	at org.apache.ratis.grpc.server.GrpcService.requestVote(GrpcService.java:204)
	at org.apache.ratis.server.impl.LeaderElection.lambda$submitRequests$1(LeaderElection.java:238)
	at java.util.concurrent.FutureTask.run(FutureTask.java:266)
	at java.util.concurrent.Executors$RunnableAdapter.call(Executors.java:511)
	at java.util.concurrent.FutureTask.run(FutureTask.java:266)
	at java.util.concurrent.ThreadPoolExecutor.runWorker(ThreadPoolExecutor.java:1149)
	at java.util.concurrent.ThreadPoolExecutor$Worker.run(ThreadPoolExecutor.java:624)
	... 1 more
Caused by: org.apache.ratis.thirdparty.io.netty.channel.AbstractChannel$AnnotatedConnectException: Connection refused: /192.168.5.180:38871
	at sun.nio.ch.SocketChannelImpl.checkConnect(Native Method)
	at sun.nio.ch.SocketChannelImpl.finishConnect(SocketChannelImpl.java:717)
	at org.apache.ratis.thirdparty.io.netty.channel.socket.nio.NioSocketChannel.doFinishConnect(NioSocketChannel.java:327)
	at org.apache.ratis.thirdparty.io.netty.channel.nio.AbstractNioChannel$AbstractNioUnsafe.finishConnect(AbstractNioChannel.java:340)
	at org.apache.ratis.thirdparty.io.netty.channel.nio.NioEventLoop.processSelectedKey(NioEventLoop.java:632)
	at org.apache.ratis.thirdparty.io.netty.channel.nio.NioEventLoop.processSelectedKeysOptimized(NioEventLoop.java:579)
	at org.apache.ratis.thirdparty.io.netty.channel.nio.NioEventLoop.processSelectedKeys(NioEventLoop.java:496)
	at org.apache.ratis.thirdparty.io.netty.channel.nio.NioEventLoop.run(NioEventLoop.java:458)
	at org.apache.ratis.thirdparty.io.netty.util.concurrent.SingleThreadEventExecutor$5.run(SingleThreadEventExecutor.java:897)
	at org.apache.ratis.thirdparty.io.netty.util.concurrent.FastThreadLocalRunnable.run(FastThreadLocalRunnable.java:30)
	... 1 more
Caused by: java.net.ConnectException: Connection refused
	... 11 more
2019-09-30 16:02:22,804 [1fae45cc-3995-4f14-aa1a-c92c55d47df5@group-3C5B330A738C:LeaderElection14] INFO  impl.RaftServerImpl (RaftServerImpl.java:setRole(174)) - 1fae45cc-3995-4f14-aa1a-c92c55d47df5@group-3C5B330A738C: changes role from CANDIDATE to FOLLOWER at term 3 for DISCOVERED_A_NEW_TERM
2019-09-30 16:02:22,804 [a5dffc8e-0c2f-4c60-ad24-9a891b6ac97a@group-3C5B330A738C:LeaderElection15] INFO  impl.RaftServerImpl (RaftServerImpl.java:setRole(174)) - a5dffc8e-0c2f-4c60-ad24-9a891b6ac97a@group-3C5B330A738C: changes role from CANDIDATE to FOLLOWER at term 3 for DISCOVERED_A_NEW_TERM
2019-09-30 16:02:22,804 [1fae45cc-3995-4f14-aa1a-c92c55d47df5@group-3C5B330A738C:LeaderElection14] INFO  impl.RoleInfo (RoleInfo.java:shutdownLeaderElection(134)) - 1fae45cc-3995-4f14-aa1a-c92c55d47df5: shutdown LeaderElection
2019-09-30 16:02:22,805 [a5dffc8e-0c2f-4c60-ad24-9a891b6ac97a@group-3C5B330A738C:LeaderElection15] INFO  impl.RoleInfo (RoleInfo.java:shutdownLeaderElection(134)) - a5dffc8e-0c2f-4c60-ad24-9a891b6ac97a: shutdown LeaderElection
2019-09-30 16:02:22,805 [1fae45cc-3995-4f14-aa1a-c92c55d47df5@group-3C5B330A738C:LeaderElection14] INFO  impl.RoleInfo (RoleInfo.java:updateAndGet(143)) - 1fae45cc-3995-4f14-aa1a-c92c55d47df5: start FollowerState
2019-09-30 16:02:22,805 [a5dffc8e-0c2f-4c60-ad24-9a891b6ac97a@group-3C5B330A738C:LeaderElection15] INFO  impl.RoleInfo (RoleInfo.java:updateAndGet(143)) - a5dffc8e-0c2f-4c60-ad24-9a891b6ac97a: start FollowerState
]]></system-out>
    <system-err><![CDATA[ERROR StatusLogger No Log4j 2 configuration file found. Using default configuration (logging only errors to the console), or user programmatically provided configurations. Set system property 'log4j2.debug' to show Log4j 2 internal initialization logging. See https://logging.apache.org/log4j/2.x/manual/configuration.html for instructions on how to configure Log4j 2
]]></system-err>
  </testcase>
</testsuite>